<?xml version="1.0" encoding="UTF-8"?><TestSessionContainer xmlns="http://www.codecover.org/xml/testsession-container" Date="1384784558171" TestSessionContainerId="05270332-5be3-4ce0-bcda-ae5e0ae4e489" version="1.0">
<SrcFileList>
<SrcFile Content="package com.OriginalFiles;&#13;&#10;&#13;&#10;import com.CustomClasses.Color;&#13;&#10;import java.io.IOException;&#13;&#10;&#13;&#10;public class RemoteNXTFunctions {&#13;&#10;    public Board checkersBoard;&#13;&#10;    public int analyzeTestVariable = 0;&#13;&#10;&#13;&#10;    public RemoteNXTFunctions() throws InterruptedException, IOException {&#13;&#10;        checkersBoard = new Board(this);&#13;&#10;    }&#13;&#10;    public void resetMotors() {&#13;&#10;        // TODO Auto-generated method stub&#13;&#10;        &#13;&#10;    }&#13;&#10;&#13;&#10;    public void trashPieceOnField(Field field) {&#13;&#10;        // TODO Auto-generated method stub&#13;&#10;        &#13;&#10;    }&#13;&#10;&#13;&#10;    public void doMove(Move move) {&#13;&#10;        // TODO Auto-generated method stub&#13;&#10;        &#13;&#10;    }&#13;&#10;&#13;&#10;    public void waitForRedButton() {&#13;&#10;        // TODO Auto-generated method stub&#13;&#10;&#13;&#10;    }&#13;&#10;&#13;&#10;    public void initColorSensor() {&#13;&#10;        // TODO Auto-generated method stub&#13;&#10;&#13;&#10;    }&#13;&#10;&#13;&#10;    public final Color getColorOnField(int x, int y) {&#13;&#10;        Color output = new Color();&#13;&#10;        &#13;&#10;        if(analyzeTestVariable == 0) {&#13;&#10;            if(x == 0 &amp;&amp; y == 1)&#13;&#10;            {&#13;&#10;                output.setColor('r');&#13;&#10;            } else if (x == 2 &amp;&amp; y == 5) {&#13;&#10;                output.setColor(' ');&#13;&#10;            } else if (x == 1 &amp;&amp; y == 4) {&#13;&#10;                output.setColor('w');&#13;&#10;            } else if (checkersBoard.myBoard[x][y].getPieceOnField() != null) {&#13;&#10;                output.setColor(checkersBoard.myBoard[x][y].getPieceOnField().color);&#13;&#10;            } else {&#13;&#10;                output.setColor(' ');&#13;&#10;            }&#13;&#10;        }&#13;&#10;        else {&#13;&#10;            if(analyzeTestVariable == 1) {&#13;&#10;                if(x == 1 &amp;&amp; y == 4)&#13;&#10;                {&#13;&#10;                    output.setColor('w');&#13;&#10;                }&#13;&#10;                else if(x == 0 &amp;&amp; y == 5)&#13;&#10;                {&#13;&#10;                    output.setColor(' ');&#13;&#10;                } else if (checkersBoard.myBoard[x][y].getPieceOnField() != null) {&#13;&#10;                    output.setColor(checkersBoard.myBoard[x][y].getPieceOnField().color);&#13;&#10;                } else {&#13;&#10;                    output.setColor(' ');&#13;&#10;                }&#13;&#10;            }&#13;&#10;            else if (analyzeTestVariable == 2) {&#13;&#10;                if(x == 2 &amp;&amp; y == 5)&#13;&#10;                {&#13;&#10;                    output.setColor(' ');&#13;&#10;                }&#13;&#10;                else if(x == 3 &amp;&amp; y == 4) {&#13;&#10;                    output.setColor(' ');&#13;&#10;                }&#13;&#10;                else if(x == 4 &amp;&amp; y == 3)&#13;&#10;                {&#13;&#10;                    output.setColor('w');&#13;&#10;                } else if (checkersBoard.myBoard[x][y].getPieceOnField() != null) {&#13;&#10;                    output.setColor(checkersBoard.myBoard[x][y].getPieceOnField().color);&#13;&#10;                } else {&#13;&#10;                    output.setColor(' ');&#13;&#10;                }&#13;&#10;            }&#13;&#10;        }&#13;&#10;        &#13;&#10;        return output;&#13;&#10;    }&#13;&#10;&#13;&#10;}&#13;&#10;" Filename="RemoteNXTFunctions.java" Intrnl_Id="1"/>
<SrcFile Content="package com.OriginalFiles;&#13;&#10;&#13;&#10;public class Piece {&#13;&#10;    private int x = -1, y = -1;&#13;&#10;    public char color;&#13;&#10;    public boolean isMoveable = false;&#13;&#10;    public boolean canJump = false;&#13;&#10;    public boolean isCrowned = false;&#13;&#10;    private double currentValue = 0;&#13;&#10;    private int calculatedGameState = 0;&#13;&#10;    private final int isMidgame = 1;&#13;&#10;    private final int isEndgame = 2;&#13;&#10;    private Board checkersBoard;&#13;&#10;&#13;&#10;    private final int valueOfPiece = 10;&#13;&#10;    private final int middleBonus = 3;&#13;&#10;    private final int closeBonus = 4;&#13;&#10;    private final int backlineBonus = 7;&#13;&#10;    private final int kingBonus = 15;&#13;&#10;&#13;&#10;    public Piece(Board input) {&#13;&#10;        checkersBoard = input;&#13;&#10;    }&#13;&#10;&#13;&#10;    public final int getY() {&#13;&#10;        return y;&#13;&#10;    }&#13;&#10;&#13;&#10;    public final int getX() {&#13;&#10;        return x;&#13;&#10;    }&#13;&#10;&#13;&#10;    public final void setXY(int inputX, int inputY) {&#13;&#10;        x = inputX;&#13;&#10;        y = inputY;&#13;&#10;        updatePriceMidgame();&#13;&#10;    }&#13;&#10;&#13;&#10;    private boolean isOnBoard() {&#13;&#10;        if (checkersBoard.checkBounds(x, y)) {&#13;&#10;            return true;&#13;&#10;        } else {&#13;&#10;            currentValue = 0;&#13;&#10;            return false;&#13;&#10;        }&#13;&#10;    }&#13;&#10;&#13;&#10;    public final double priceForPiece(int gameState) {&#13;&#10;        if (calculatedGameState != gameState || gameState == isEndgame) {&#13;&#10;                updatePrice(gameState);&#13;&#10;        }&#13;&#10;        return currentValue;&#13;&#10;    }&#13;&#10;&#13;&#10;    private int min(int a, int b) {&#13;&#10;        if (a &lt; b) {&#13;&#10;            return a;&#13;&#10;        }&#13;&#10;        return b;&#13;&#10;    }&#13;&#10;&#13;&#10;    private void updatePriceMidgame() {&#13;&#10;        updatePrice(isMidgame);&#13;&#10;    }&#13;&#10;&#13;&#10;    private void updatePrice(int gameState) {&#13;&#10;        if (isOnBoard()) {&#13;&#10;            calculatedGameState = gameState;&#13;&#10;            int returnValue = valueOfPiece;&#13;&#10;            if (gameState == isMidgame) {&#13;&#10;                returnValue += middleBonus&#13;&#10;                        - min(Math.abs(3 - x), Math.abs(4 - x));&#13;&#10;            }&#13;&#10;            if (gameState == isEndgame) {&#13;&#10;                returnValue += closeBonus - closestPiece();&#13;&#10;            }&#13;&#10;&#13;&#10;            if (!isCrowned&#13;&#10;                    &amp;&amp; ((checkersBoard.checkAllegiance(this, true)&#13;&#10;                            &amp;&amp; y == 7)&#13;&#10;                    || (checkersBoard.checkAllegiance(this, false)&#13;&#10;                            &amp;&amp; y == 0))) {&#13;&#10;                if (gameState == isMidgame) {&#13;&#10;                    returnValue += backlineBonus / 2;&#13;&#10;                }&#13;&#10;                returnValue += backlineBonus / 2;&#13;&#10;            }&#13;&#10;            if (isCrowned) {&#13;&#10;                returnValue += kingBonus;&#13;&#10;            }&#13;&#10;            currentValue = returnValue;&#13;&#10;        }&#13;&#10;    }&#13;&#10;&#13;&#10;    private int closestPiece() {&#13;&#10;        boolean found = false;&#13;&#10;        int distance = 0;&#13;&#10;        while (!found &amp;&amp; distance &lt; 8) {&#13;&#10;            distance += 1;&#13;&#10;            OUTERMOST: for (int i = -distance; i &lt; 1 + distance; i++) {&#13;&#10;                for (int j = -distance; j &lt; 1 + distance; j++) {&#13;&#10;                    if (checkersBoard.&#13;&#10;                            checkBounds(x + i, y + j)) {&#13;&#10;                        if (checkersBoard.checkAllegiance(&#13;&#10;                                checkersBoard.&#13;&#10;                                myBoard[x + i][y + j], true)) {&#13;&#10;                            found = true;&#13;&#10;                            break OUTERMOST;&#13;&#10;                        }&#13;&#10;                    }&#13;&#10;                }&#13;&#10;            }&#13;&#10;        }&#13;&#10;        return distance;&#13;&#10;    }&#13;&#10;}" Filename="Piece.java" Intrnl_Id="2"/>
<SrcFile Content="package com.OriginalFiles;&#13;&#10;&#13;&#10;import java.util.ArrayList;&#13;&#10;import java.util.List;&#13;&#10;&#13;&#10;public class Move {&#13;&#10;    public List&lt;Field&gt; moves;&#13;&#10;    //public boolean isJump;&#13;&#10;    public List&lt;Piece&gt; takenPieces = new ArrayList&lt;Piece&gt;();&#13;&#10;    public boolean wasKingBefore = false;&#13;&#10;&#13;&#10;    public Move(Field movefrom, Field moveto, boolean wasKing) {&#13;&#10;        List&lt;Field&gt; moveToList = new ArrayList&lt;Field&gt;();&#13;&#10;        moveToList.add(movefrom);&#13;&#10;        moveToList.add(moveto);&#13;&#10;        this.moves = moveToList;&#13;&#10;        this.wasKingBefore = wasKing;&#13;&#10;    }&#13;&#10;&#13;&#10;    public Move(List&lt;Field&gt; moveToList, boolean wasKing) {&#13;&#10;        this.moves = moveToList;&#13;&#10;        this.wasKingBefore = wasKing;&#13;&#10;    }&#13;&#10;&#13;&#10;    public Move() {&#13;&#10;        List&lt;Field&gt; moveToList = new ArrayList&lt;Field&gt;();&#13;&#10;        this.moves = moveToList;&#13;&#10;    }&#13;&#10;&#13;&#10;    public final boolean isJump() {&#13;&#10;        if (moves.size() &gt;= 2) {&#13;&#10;            Field to = moves.get(1);&#13;&#10;            Field from  = moves.get(0);&#13;&#10;&#13;&#10;            return Math.abs(from.x - to.x) == 2 &amp;&amp; Math.abs(from.y - to.y) == 2;&#13;&#10;        } else {&#13;&#10;            return false;&#13;&#10;        }&#13;&#10;    }&#13;&#10;&#13;&#10;    public final void addStep(Field step) {&#13;&#10;        this.moves.add(step);&#13;&#10;    }&#13;&#10;}&#13;&#10;&#13;&#10;" Filename="Move.java" Intrnl_Id="3"/>
<SrcFile Content="package com.OriginalFiles;&#13;&#10;&#13;&#10;public class Field {&#13;&#10;    //allowedField determines if is an allowed field to play on (a black field)&#13;&#10;    public boolean allowedField;&#13;&#10;    public boolean visited = false;&#13;&#10;    public int x;&#13;&#10;    public int y;&#13;&#10;    private Piece pieceOnField = null;&#13;&#10;    public Field() { };&#13;&#10;    public Field(int inputx, int inputy) {&#13;&#10;        x = inputx;&#13;&#10;        y = inputy;&#13;&#10;    }&#13;&#10;&#13;&#10;    //Get and Set to access to private variable pieceOnField.&#13;&#10;    //Updates the coordinates of an piece when assigned to a field.&#13;&#10;    public final void setPieceOnField(Piece inputPiece) {&#13;&#10;        pieceOnField = inputPiece;&#13;&#10;        if (!isEmpty()) {&#13;&#10;            pieceOnField.setXY(x, y);&#13;&#10;        }&#13;&#10;    }&#13;&#10;&#13;&#10;    public final Piece getPieceOnField() {&#13;&#10;        return pieceOnField;&#13;&#10;    }&#13;&#10;&#13;&#10;    //A field is empty, if no piece is assigned to it.&#13;&#10;    public final boolean isEmpty() {&#13;&#10;        return (pieceOnField == null);&#13;&#10;    }&#13;&#10;&#13;&#10;    //Returns true if there is a piece on the field,&#13;&#10;    //and the piece is of the given color.&#13;&#10;    public final boolean isPieceOfColor(char input) {&#13;&#10;        if (isEmpty()) {&#13;&#10;            return false;&#13;&#10;        } else {&#13;&#10;            return (pieceOnField.color == input);&#13;&#10;        }&#13;&#10;    }&#13;&#10;&#13;&#10;    //Empty the field, by un-assigning the piece of the field.&#13;&#10;    public final void emptyThisField() {&#13;&#10;        pieceOnField = null;&#13;&#10;    }&#13;&#10;}&#13;&#10;" Filename="Field.java" Intrnl_Id="4"/>
<SrcFile Content="package com.OriginalFiles;&#13;&#10;&#13;&#10;public class Communication {&#13;&#10;&#13;&#10;    public Communication(RemoteNXTFunctions remoteFunc) {&#13;&#10;        // TODO Auto-generated constructor stub&#13;&#10;    }&#13;&#10;&#13;&#10;    public void myKingNotPlaced() {&#13;&#10;        // TODO Auto-generated method stub&#13;&#10;        &#13;&#10;    }&#13;&#10;&#13;&#10;    public void humanWon() {&#13;&#10;        // TODO Auto-generated method stub&#13;&#10;        &#13;&#10;    }&#13;&#10;&#13;&#10;    public void robotWon() {&#13;&#10;        // TODO Auto-generated method stub&#13;&#10;        &#13;&#10;    }&#13;&#10;&#13;&#10;    public void draw() {&#13;&#10;        // TODO Auto-generated method stub&#13;&#10;        &#13;&#10;    }&#13;&#10;&#13;&#10;}&#13;&#10;" Filename="Communication.java" Intrnl_Id="5"/>
<SrcFile Content="package com.OriginalFiles;&#13;&#10;&#13;&#10;import java.io.IOException;&#13;&#10;import java.util.ArrayList;&#13;&#10;import java.util.List;&#13;&#10;import custom.Exceptions.NoKingLeft;&#13;&#10;&#13;&#10;public class Board {&#13;&#10;&#13;&#10;    public Field[][] myBoard = new Field[8][8];&#13;&#10;    public Field[] kingPlace = new Field[8];&#13;&#10;    public Field[][] trashPlace = new Field[8][2];&#13;&#10;    public Analyze analyzeFunctions;&#13;&#10;&#13;&#10;    public Communication informer;&#13;&#10;&#13;&#10;    char myPeasentColor, myKingColor, opponentPeasentColor, opponentKingColor;&#13;&#10;&#13;&#10;    public Board(RemoteNXTFunctions remoteFunc)&#13;&#10;            throws InterruptedException, IOException {&#13;&#10;        informer = new Communication(remoteFunc);&#13;&#10;        analyzeFunctions = new Analyze(this, remoteFunc);&#13;&#10;        analyzeFunctions.findMyColors();&#13;&#10;        findOpponentColors();&#13;&#10;&#13;&#10;        int x, y;&#13;&#10;&#13;&#10;        //Create the 8 times 8 board&#13;&#10;        for (x = 0; x &lt; 8; x++) {&#13;&#10;            for (y = 0; y &lt; 8; y++) {&#13;&#10;                Field temp = new Field();&#13;&#10;                temp.x = x;&#13;&#10;                temp.y = y;&#13;&#10;&#13;&#10;                //Every second field is an allowed field&#13;&#10;                //latex start ConstructorLoop&#13;&#10;                if ((x + y) % 2 == 1) {&#13;&#10;                    temp.allowedField = true;&#13;&#10;                    Piece pieceOnBoard = null;&#13;&#10;                    if (y &lt; 3) {&#13;&#10;                        pieceOnBoard = new Piece(this);&#13;&#10;                        pieceOnBoard.color = myPeasentColor;&#13;&#10;&#13;&#10;                        //Every piece on the front line of each player&#13;&#10;                        //is moveable from the start&#13;&#10;                        if (y == 2) {&#13;&#10;                            pieceOnBoard.isMoveable = true;&#13;&#10;                        }&#13;&#10;                    }&#13;&#10;                    //latex end&#13;&#10;&#13;&#10;                    if (y &gt; 4) {&#13;&#10;                        pieceOnBoard = new Piece(this);&#13;&#10;                        pieceOnBoard.color = opponentPeasentColor;&#13;&#10;                        if (y == 5) {&#13;&#10;                            pieceOnBoard.isMoveable = true;&#13;&#10;                        }&#13;&#10;                    }&#13;&#10;                    temp.setPieceOnField(pieceOnBoard);&#13;&#10;                } else {&#13;&#10;                    temp.allowedField = false;&#13;&#10;                }&#13;&#10;                myBoard[x][y] = temp;&#13;&#10;            }&#13;&#10;        }&#13;&#10;&#13;&#10;        //Set the location of the human players king pieces&#13;&#10;        //And Trashfield&#13;&#10;        //latex start ConstructorKing&#13;&#10;        for (int i = 0; i &lt; 8; i++) {&#13;&#10;            Field temp = new Field();&#13;&#10;            temp.x = i;&#13;&#10;            temp.y = -2;&#13;&#10;            Piece tempPiece = new Piece(this);&#13;&#10;            tempPiece.color = opponentKingColor;&#13;&#10;            tempPiece.isCrowned = true;&#13;&#10;            temp.setPieceOnField(tempPiece);&#13;&#10;            kingPlace[i] = temp;&#13;&#10;        }&#13;&#10;        //latex end&#13;&#10;        for (int j = 0; j &lt; 2; j++) {&#13;&#10;        for (int i = 0; i &lt; 8; i++) {&#13;&#10;            Field temp = new Field();&#13;&#10;            temp.x = i;&#13;&#10;            temp.y = -3 - j;&#13;&#10;            trashPlace[i][j] = temp;&#13;&#10;        }&#13;&#10;        }&#13;&#10;    }&#13;&#10;&#13;&#10;    public final void resetVisited() {&#13;&#10;        for (Field[] f : myBoard) {&#13;&#10;            for (Field field : f) {&#13;&#10;                field.visited = false;&#13;&#10;            }&#13;&#10;        }&#13;&#10;    }&#13;&#10;&#13;&#10;    //Sorts the list of fields to search to minimize robot movement&#13;&#10;    public final void sortListOfFields(List&lt;Field&gt; listOfFields) {&#13;&#10;        int x = 0;&#13;&#10;        int y = 0;&#13;&#10;        int sizeOflistOfFields = listOfFields.size();&#13;&#10;        for (int i = 0; i &lt; sizeOflistOfFields; i++) {&#13;&#10;            for (int n = i + 1; n &lt; sizeOflistOfFields; n++) {&#13;&#10;                if (!isGreater(listOfFields.get(i),&#13;&#10;                        listOfFields.get(n), x, y)) {&#13;&#10;                    Field temp1 = listOfFields.get(i);&#13;&#10;                    Field temp2 = listOfFields.get(n);&#13;&#10;                    listOfFields.remove(n);&#13;&#10;                    listOfFields.remove(i);&#13;&#10;                    listOfFields.add(i, temp2);&#13;&#10;                    listOfFields.add(n, temp1);&#13;&#10;                }&#13;&#10;            }&#13;&#10;            x = listOfFields.get(i).x;&#13;&#10;            y = listOfFields.get(i).y;&#13;&#10;        }&#13;&#10;    }&#13;&#10;&#13;&#10;    //Sorts the list of fields to search to minimize robot movement&#13;&#10;        public final void sortListOfMoves(List&lt;Move&gt; listOfMoves) {&#13;&#10;            int x = 0;&#13;&#10;            int y = 0;&#13;&#10;            for (int i = 0; i &lt; listOfMoves.size(); i++) {&#13;&#10;                for (int n = i + 1; n &lt; listOfMoves.size(); n++) {&#13;&#10;                    if (!isGreater(listOfMoves.get(i).moves.get(&#13;&#10;                        listOfMoves.get(i).moves.size() - 1),&#13;&#10;                            listOfMoves.get(n).moves.get(&#13;&#10;                                listOfMoves.get(n).moves.size() - 1), x, y)) {&#13;&#10;                        Move temp1 = listOfMoves.get(i);&#13;&#10;                        Move temp2 = listOfMoves.get(n);&#13;&#10;                        listOfMoves.remove(n);&#13;&#10;                        listOfMoves.remove(i);&#13;&#10;                        listOfMoves.add(i, temp2);&#13;&#10;                        listOfMoves.add(n, temp1);&#13;&#10;                    }&#13;&#10;                }&#13;&#10;                x = listOfMoves.get(i).moves.get(&#13;&#10;                        listOfMoves.get(i).moves.size() - 1).x;&#13;&#10;                y = listOfMoves.get(i).moves.get(&#13;&#10;                        listOfMoves.get(i).moves.size() - 1).y;&#13;&#10;            }&#13;&#10;        }&#13;&#10;    //Method to used in sorting the list of places to move the robot&#13;&#10;    public final boolean isGreater(Field inputField,&#13;&#10;            Field fieldToCompare, int compX, int compY) {&#13;&#10;        //Check jumps to be crowned first&#13;&#10;        if (inputField.getPieceOnField().canJump&#13;&#10;                &amp;&amp; !inputField.getPieceOnField().isCrowned&#13;&#10;                &amp;&amp; inputField.getPieceOnField().color == opponentPeasentColor&#13;&#10;                &amp;&amp; inputField.getPieceOnField().getY() == 2) {&#13;&#10;            return true;&#13;&#10;        } else if (inputField.getPieceOnField().canJump&#13;&#10;                &amp;&amp; !fieldToCompare.getPieceOnField().canJump) {&#13;&#10;            return true;&#13;&#10;        } else if (fieldToCompare.getPieceOnField().canJump&#13;&#10;                &amp;&amp; !inputField.getPieceOnField().canJump) {&#13;&#10;            return false;&#13;&#10;        } else {&#13;&#10;            if (inputField.y == 1 &amp;&amp; fieldToCompare.y != 1&#13;&#10;                    &amp;&amp; !inputField.getPieceOnField().isCrowned) {&#13;&#10;                return true;&#13;&#10;            } else if (fieldToCompare.y == 1 &amp;&amp; inputField.y != 1&#13;&#10;                    &amp;&amp; !fieldToCompare.getPieceOnField().isCrowned) {&#13;&#10;                return false;&#13;&#10;            } else {&#13;&#10;                if (weight(inputField, compX, compY)&#13;&#10;                    &gt; weight(fieldToCompare, compX, compY)) {&#13;&#10;                    return false;&#13;&#10;                } else if (weight(inputField, compX, compY)&#13;&#10;                           &lt; weight(fieldToCompare, compX, compY)) {&#13;&#10;                    return true;&#13;&#10;                } else {&#13;&#10;                    return (inputField.y &lt; fieldToCompare.y);&#13;&#10;                }&#13;&#10;            }&#13;&#10;        }&#13;&#10;    }&#13;&#10;&#13;&#10;    private int weight(Field inputField, int x, int y) {&#13;&#10;        return Math.abs(inputField.x - x) + Math.abs(inputField.y - y);&#13;&#10;    }&#13;&#10;&#13;&#10;    public final boolean verifyOpPieceIsOnField(Field field) throws&#13;&#10;    InterruptedException, IOException {&#13;&#10;        if (checkAllegiance(field, true)) {&#13;&#10;            if (field.getPieceOnField().isMoveable) {&#13;&#10;                return !(isFieldEmptyOnBoard(field.x, field.y));&#13;&#10;            }&#13;&#10;        }&#13;&#10;        return true;&#13;&#10;    }&#13;&#10;&#13;&#10;    public final boolean peasentIsOnEndRow(Field field) {&#13;&#10;        if (!field.isEmpty()) {&#13;&#10;            int checkRow;&#13;&#10;            if (checkAllegiance(field, true)) {&#13;&#10;                checkRow = 0;&#13;&#10;            } else {&#13;&#10;                checkRow = 7;&#13;&#10;            }&#13;&#10;&#13;&#10;            if (field.y == checkRow &amp;&amp; !field.getPieceOnField().isCrowned) {&#13;&#10;                return true;&#13;&#10;            }&#13;&#10;        }&#13;&#10;        return false;&#13;&#10;    }&#13;&#10;&#13;&#10;    //Moves a piece in the board representation&#13;&#10;    public final void movePieceInRepresentation(Field fromField, int toFieldX,&#13;&#10;            int toFieldY, boolean isSimulated) throws NoKingLeft, IOException {&#13;&#10;        movePieceInRepresentation(fromField,&#13;&#10;                myBoard[toFieldX][toFieldY], isSimulated);&#13;&#10;    }&#13;&#10;    //latex start movePieceInRepresentation&#13;&#10;    public final void movePieceInRepresentation(Field fromField,&#13;&#10;            Field toField, boolean isSimulated) throws NoKingLeft, IOException {&#13;&#10;        toField.setPieceOnField(fromField.getPieceOnField());&#13;&#10;        fromField.emptyThisField();&#13;&#10;        if (checkBounds(toField.x, toField.y)) {&#13;&#10;            analyzeFunctions.checkForUpgradeKing(&#13;&#10;                    toField, isSimulated);&#13;&#10;        }&#13;&#10;        //latex end&#13;&#10;    }&#13;&#10;&#13;&#10;    //Check if field has been occupied&#13;&#10;    public final boolean checkMoveDirection(Field field,&#13;&#10;            int directX, int directY) throws InterruptedException, IOException {&#13;&#10;        return (!fieldOccupied(field.x + directX, field.y + directY)&#13;&#10;            &amp;&amp; !this.isFieldEmptyOnBoard(field.x + directX, field.y + directY));&#13;&#10;    }&#13;&#10;&#13;&#10;    public final boolean isFieldEmptyOnBoard(int x, int y)&#13;&#10;            throws InterruptedException, IOException {&#13;&#10;        if (checkBounds(x, y)) {&#13;&#10;            char color = analyzeFunctions.getColor(x, y);&#13;&#10;&#13;&#10;            return color == ' ';&#13;&#10;        } else {&#13;&#10;            return false;&#13;&#10;        }&#13;&#10;    }&#13;&#10;&#13;&#10;    public final boolean fieldOccupied(int x, int y) {&#13;&#10;        if (checkBounds(x, y)) {&#13;&#10;            return !myBoard[x][y].isEmpty();&#13;&#10;        } else {&#13;&#10;            return true;&#13;&#10;        }&#13;&#10;    }&#13;&#10;&#13;&#10;    //Check if a piece can move and is jumpable&#13;&#10;    //latex start checkPiece&#13;&#10;    private void checkPiece(Field field, int dify, boolean checkForOpponent) {&#13;&#10;        field.getPieceOnField().canJump = checkJump(field,&#13;&#10;                checkForOpponent, field.getPieceOnField().isCrowned);&#13;&#10;&#13;&#10;        if (field.getPieceOnField().canJump) {&#13;&#10;            field.getPieceOnField().isMoveable = true;&#13;&#10;        } else {&#13;&#10;            field.getPieceOnField().isMoveable =&#13;&#10;                    checkMoveableBoolean(field, dify);&#13;&#10;        }&#13;&#10;    }&#13;&#10;    //latex end&#13;&#10;&#13;&#10;    private boolean checkMoveableBoolean(Field field, int dif) {&#13;&#10;        return !checkMoveable(field, dif).isEmpty();&#13;&#10;    }&#13;&#10;&#13;&#10;    //Checks if a given field is movable&#13;&#10;    public final List&lt;Field&gt; checkMoveable(Field field, int dif) {&#13;&#10;        List&lt;Field&gt; possibleMoves = new ArrayList&lt;Field&gt;();&#13;&#10;&#13;&#10;        //Check forward&#13;&#10;        if (!this.fieldOccupied(field.x - 1, field.y + dif)) {&#13;&#10;            possibleMoves.add(myBoard[field.x - 1][field.y + dif]);&#13;&#10;        }&#13;&#10;        if (!this.fieldOccupied(field.x + 1, field.y + dif)) {&#13;&#10;            possibleMoves.add(myBoard[field.x + 1][field.y + dif]);&#13;&#10;        }&#13;&#10;        //if king, check backwards also&#13;&#10;        if (field.getPieceOnField().isCrowned) {&#13;&#10;            if (!this.fieldOccupied(field.x - 1, field.y - dif)) {&#13;&#10;                possibleMoves.add(myBoard[field.x - 1][field.y - dif]);&#13;&#10;            }&#13;&#10;            if (!this.fieldOccupied(field.x + 1, field.y - dif)) {&#13;&#10;                possibleMoves.add(myBoard[field.x + 1][field.y - dif]);&#13;&#10;            }&#13;&#10;        }&#13;&#10;        return possibleMoves;&#13;&#10;    }&#13;&#10;&#13;&#10;    //Check if a given field can jump&#13;&#10;    //latex start checkJump&#13;&#10;    private boolean checkJump(Field field,&#13;&#10;            boolean checkForOpponent, boolean isCrowned) {&#13;&#10;        return (checkJumpDirectionBoolean(field, -1, -1,&#13;&#10;                        checkForOpponent, isCrowned)&#13;&#10;                || checkJumpDirectionBoolean(field, 1, -1,&#13;&#10;                        checkForOpponent, isCrowned)&#13;&#10;                || checkJumpDirectionBoolean(field, 1, 1,&#13;&#10;                        checkForOpponent, isCrowned)&#13;&#10;                || checkJumpDirectionBoolean(field, -1, 1,&#13;&#10;                        checkForOpponent, isCrowned));&#13;&#10;    }&#13;&#10;    //latex end&#13;&#10;&#13;&#10;    //Checks jumps&#13;&#10;    //latex start jumpDirection&#13;&#10;    public final Field checkJumpDirection(Field field, int difx, int dify,&#13;&#10;            boolean checkForOpponent, boolean isCrowned) {&#13;&#10;        if (((checkForOpponent &amp;&amp; dify == -1)&#13;&#10;                || (!checkForOpponent &amp;&amp; dify == 1)) &amp;&amp; !isCrowned) {&#13;&#10;            return null;&#13;&#10;        }&#13;&#10;&#13;&#10;        if (checkBounds(field.x + 2 * difx, field.y + 2 * dify)) {&#13;&#10;            if (!myBoard[field.x + 2 * difx][field.y + 2 * dify].visited) {&#13;&#10;                if (checkAllegiance(&#13;&#10;                      myBoard[field.x + difx][field.y + dify], checkForOpponent)&#13;&#10;                      &amp;&amp; !this.fieldOccupied(&#13;&#10;                      field.x + 2 * difx, field.y + 2 * dify)) {&#13;&#10;                    return myBoard[field.x + 2 * difx][field.y + 2 * dify];&#13;&#10;                }&#13;&#10;            }&#13;&#10;        }&#13;&#10;        return null;&#13;&#10;    }&#13;&#10;    //latex end&#13;&#10;&#13;&#10;    private boolean checkJumpDirectionBoolean(Field field,&#13;&#10;            int difx, int dify, boolean checkForOpponent, boolean isCrowned) {&#13;&#10;        return !(checkJumpDirection(field, difx, dify,&#13;&#10;                checkForOpponent, isCrowned) == null);&#13;&#10;    }&#13;&#10;&#13;&#10;    //Updates the movable property on each piece&#13;&#10;    public final void updateMoveables() {&#13;&#10;        resetVisited();&#13;&#10;        for (Field[] f : myBoard) {&#13;&#10;            for (Field field : f) {&#13;&#10;                if (field.allowedField) {&#13;&#10;                    if (field.getPieceOnField() != null) {&#13;&#10;                        //Check movable for robot&#13;&#10;                        if (checkAllegiance(field, false)) {&#13;&#10;                            checkPiece(field, 1, true);&#13;&#10;&#13;&#10;                        //Check movable for human&#13;&#10;                        } else if (checkAllegiance(field, true)) {&#13;&#10;                            checkPiece(field, -1, false);&#13;&#10;                        }&#13;&#10;                    }&#13;&#10;                }&#13;&#10;            }&#13;&#10;        }&#13;&#10;        resetVisited();&#13;&#10;    }&#13;&#10;&#13;&#10;    //Sets the colors of the human players pieces&#13;&#10;    private void findOpponentColors() {&#13;&#10;        if (myPeasentColor == 'r') {&#13;&#10;            opponentPeasentColor = 'w';&#13;&#10;            opponentKingColor = 'g';&#13;&#10;        } else {&#13;&#10;            opponentPeasentColor = 'r';&#13;&#10;            opponentKingColor = 'b';&#13;&#10;        }&#13;&#10;    }&#13;&#10;&#13;&#10;&#13;&#10;    //if a piece is missing, scan whole board&#13;&#10;    public final void findMissingPiece()&#13;&#10;            throws InterruptedException, IOException {&#13;&#10;        int i, j;&#13;&#10;        boolean changer = true;&#13;&#10;&#13;&#10;        for (i = 0; i &lt; 8; i++) {&#13;&#10;            //Change direction of the robot, to minimize robot movement&#13;&#10;            if (changer) {&#13;&#10;                for (j = 0; j &lt; 8; j++) {&#13;&#10;                    if ((i + j) % 2 == 1) {&#13;&#10;                        myBoard[i][j].setPieceOnField(getPiece(i, j));&#13;&#10;                    }&#13;&#10;                }&#13;&#10;                changer = false;&#13;&#10;            } else {&#13;&#10;                for (j = 7; j &gt;= 0; j--) {&#13;&#10;                    if ((i + j) % 2 == 1) {&#13;&#10;                        myBoard[i][j].setPieceOnField(getPiece(i, j));&#13;&#10;                    }&#13;&#10;                }&#13;&#10;                changer = true;&#13;&#10;            }&#13;&#10;        }&#13;&#10;&#13;&#10;        this.updateMoveables();&#13;&#10;    }&#13;&#10;&#13;&#10;    //Get piece on given position&#13;&#10;    private Piece getPiece(int x, int y) throws IOException {&#13;&#10;        char color = analyzeFunctions.getColor(x, y);&#13;&#10;        if (color == ' ') {&#13;&#10;            return null;&#13;&#10;        } else {&#13;&#10;            Piece temp = new Piece(this);&#13;&#10;            temp.color = color;&#13;&#10;            temp.isCrowned = (color == 'g' || color == 'b');&#13;&#10;            return temp;&#13;&#10;        }&#13;&#10;    }&#13;&#10;&#13;&#10;    //Check if a given piece is the robots or the opponents&#13;&#10;   /*public final boolean checkAllegiance(Field input, boolean checkForOpponent)&#13;&#10;    {&#13;&#10;        if (checkBounds(input.x, input.y)) {&#13;&#10;                if ((input.isPieceOfColor(myPeasentColor)&#13;&#10;                    || input.isPieceOfColor(myKingColor))&amp;&amp; !checkForOpponent) {&#13;&#10;                     return true;&#13;&#10;                 }&#13;&#10;                 if ((input.isPieceOfColor(opponentPeasentColor)&#13;&#10;                         || input.isPieceOfColor(opponentKingColor))&#13;&#10;                         &amp;&amp; checkForOpponent) {&#13;&#10;                     return true;&#13;&#10;                 }&#13;&#10;                 return false;&#13;&#10;                 }&#13;&#10;        return false;&#13;&#10;    }*/&#13;&#10;    public final boolean checkAllegiance(Field input, boolean checkForOpponent)&#13;&#10;    {&#13;&#10;        if (checkBounds(input.x, input.y)) {&#13;&#10;            if (!input.isEmpty()) {&#13;&#10;                return checkAllegiance(input.getPieceOnField(),&#13;&#10;                        checkForOpponent);&#13;&#10;            }&#13;&#10;        }&#13;&#10;        return false;&#13;&#10;    }&#13;&#10;&#13;&#10;    public final boolean checkAllegiance(Piece input, boolean checkForOpponent)&#13;&#10;    {&#13;&#10;        if ((input.color == myPeasentColor&#13;&#10;                || input.color == myKingColor) &amp;&amp; !checkForOpponent) {&#13;&#10;             return true;&#13;&#10;         }&#13;&#10;         if ((input.color == opponentPeasentColor&#13;&#10;                 || input.color == opponentKingColor)&#13;&#10;                 &amp;&amp; checkForOpponent) {&#13;&#10;             return true;&#13;&#10;         }&#13;&#10;         return false;&#13;&#10;    }&#13;&#10;&#13;&#10;    //Return true if the given position is inbounds&#13;&#10;    public final boolean checkBounds(int x, int y) {&#13;&#10;        return x &gt;= 0 &amp;&amp; x &lt;= 7 &amp;&amp; y &gt;= 0 &amp;&amp; y &lt;= 7;&#13;&#10;    }&#13;&#10;}&#13;&#10;" Filename="Board.java" Intrnl_Id="6"/>
<SrcFile Content="package com.OriginalFiles;&#13;&#10;&#13;&#10;import java.awt.Color;&#13;&#10;import java.io.IOException;&#13;&#10;import java.util.ArrayList;&#13;&#10;import java.util.List;&#13;&#10;&#13;&#10;import custom.Exceptions.IllegalMove;&#13;&#10;import custom.Exceptions.NoKingLeft;&#13;&#10;&#13;&#10;public class Analyze {&#13;&#10;    private Board checkersBoard;&#13;&#10;&#13;&#10;    private Field fieldToCheck;&#13;&#10;    private int analyzeBoardRepeatNumber = 0;&#13;&#10;    private int totalAnalyzeRuns = 0;&#13;&#10;    private final int analyzeRunsBeforeReset = 10;&#13;&#10;    private RemoteNXTFunctions remoteFunctions;&#13;&#10;    private Field trashField = new Field(3, -6);&#13;&#10;    private boolean pieceFound;&#13;&#10;    private boolean mustJump;&#13;&#10;&#13;&#10;    public Analyze(Board input, RemoteNXTFunctions remoteInput) {&#13;&#10;        checkersBoard = input;&#13;&#10;        remoteFunctions = remoteInput;&#13;&#10;    }&#13;&#10;&#13;&#10;    //Analyzes the current board setup&#13;&#10;    //latex start analyseBoard&#13;&#10;    public final boolean analyzeBoard() throws InterruptedException,&#13;&#10;    IOException, NoKingLeft, IllegalMove {&#13;&#10;        if (!checkForGameHasEnded(true)) {&#13;&#10;            checkMotorCalibration();&#13;&#10;&#13;&#10;            List&lt;Field&gt; moveableList = new ArrayList&lt;Field&gt;();&#13;&#10;            moveableList = makeListOfMoveables(moveableList);&#13;&#10;            pieceFound = checkMovement(moveableList);&#13;&#10;            countDownToPanic();&#13;&#10;&#13;&#10;            //Find the pieces that are currently movable&#13;&#10;            checkersBoard.updateMoveables();&#13;&#10;            checkRobotPieceReplaced();&#13;&#10;            if (!checkForGameHasEnded(false)) {&#13;&#10;                return true;&#13;&#10;            }&#13;&#10;        }&#13;&#10;        return false;&#13;&#10;    }&#13;&#10;    //latex end&#13;&#10;&#13;&#10;    private void checkMotorCalibration() {&#13;&#10;        totalAnalyzeRuns += 1;&#13;&#10;&#13;&#10;        if (totalAnalyzeRuns &gt; analyzeRunsBeforeReset) {&#13;&#10;            totalAnalyzeRuns = 0;&#13;&#10;            remoteFunctions.resetMotors();&#13;&#10;        }&#13;&#10;    }&#13;&#10;&#13;&#10;    private List&lt;Field&gt; makeListOfMoveables(List&lt;Field&gt; moveableList) {&#13;&#10;        //Find the pieces that are currently movable&#13;&#10;        checkersBoard.updateMoveables();&#13;&#10;        for (Field[] f : checkersBoard.myBoard) {&#13;&#10;            for (Field field : f) {&#13;&#10;                if (!field.isEmpty()) {&#13;&#10;                    if (field.getPieceOnField().isMoveable&#13;&#10;                            &amp;&amp; checkersBoard.checkAllegiance(field, true)) {&#13;&#10;                        moveableList.add(field);&#13;&#10;                    }&#13;&#10;                }&#13;&#10;            }&#13;&#10;        }&#13;&#10;        checkersBoard.sortListOfFields(moveableList);&#13;&#10;        pieceFound = false;&#13;&#10;        mustJump = false;&#13;&#10;        if (moveableList.size() != 0) {&#13;&#10;            mustJump = moveableList.get(0).getPieceOnField().canJump;&#13;&#10;        }&#13;&#10;        return moveableList;&#13;&#10;    }&#13;&#10;    //latex start checkMovement&#13;&#10;    private boolean checkMovement(List&lt;Field&gt; moveableList)&#13;&#10;            throws IllegalMove, InterruptedException, IOException, NoKingLeft {&#13;&#10;        for (Field field : moveableList) {&#13;&#10;            if (checkersBoard.isFieldEmptyOnBoard(field.x, field.y)) {&#13;&#10;                if (mustJump &amp;&amp; !field.getPieceOnField().canJump) {&#13;&#10;                    throw new custom.Exceptions.IllegalMove();&#13;&#10;                }&#13;&#10;                if (this.trackMovement(field)) {&#13;&#10;                    return true;&#13;&#10;                }&#13;&#10;            }&#13;&#10;        }&#13;&#10;        return false;&#13;&#10;    }&#13;&#10;    //latex end&#13;&#10;    //latex start countDownToPanic&#13;&#10;    private void countDownToPanic()&#13;&#10;            throws InterruptedException, IOException, NoKingLeft, IllegalMove {&#13;&#10;        if (!pieceFound) {&#13;&#10;            if (analyzeBoardRepeatNumber &lt; 3) {&#13;&#10;                analyzeBoardRepeatNumber++;&#13;&#10;                analyzeBoard();&#13;&#10;                analyzeBoardRepeatNumber = 0;&#13;&#10;            } else if (analyzeBoardRepeatNumber &lt; 6) {&#13;&#10;                remoteFunctions.resetMotors();&#13;&#10;                analyzeBoardRepeatNumber++;&#13;&#10;                analyzeBoard();&#13;&#10;                analyzeBoardRepeatNumber = 0;&#13;&#10;            } else {&#13;&#10;                checkersBoard.findMissingPiece();&#13;&#10;            }&#13;&#10;        }&#13;&#10;    }&#13;&#10;    //latex end&#13;&#10;&#13;&#10;    //Try to find the piece that have been moved&#13;&#10;    private boolean trackMovement(Field field) throws IllegalMove,&#13;&#10;    InterruptedException, IOException, NoKingLeft {&#13;&#10;        boolean foundPiece = false;&#13;&#10;        if (field.getPieceOnField().canJump) {&#13;&#10;            if (findJumpPiece(field)) {&#13;&#10;                foundPiece = true;&#13;&#10;            }&#13;&#10;            if (!foundPiece) {&#13;&#10;                throw new custom.Exceptions.IllegalMove();&#13;&#10;            }&#13;&#10;        } else if (checkMove(field, -1)) {&#13;&#10;            foundPiece = true;&#13;&#10;        }&#13;&#10;&#13;&#10;        return foundPiece;&#13;&#10;    }&#13;&#10;&#13;&#10;    //Determine simple move&#13;&#10;    private boolean checkMove(Field field, int directY) throws&#13;&#10;    InterruptedException, IOException, NoKingLeft {&#13;&#10;        //Verify that the given field is inbound&#13;&#10;        if (checkersBoard.checkBounds(field.x, field.y)) {&#13;&#10;            //Check the first direction&#13;&#10;            if (checkersBoard.checkMoveDirection(field, 1, directY)) {&#13;&#10;                if (validateMove(checkersBoard.&#13;&#10;                        myBoard[field.x + 1][field.y + directY], field)) {&#13;&#10;                    checkersBoard.movePieceInRepresentation(field,&#13;&#10;                            field.x + 1, field.y + directY, false);&#13;&#10;                    return true;&#13;&#10;                } else {&#13;&#10;                    return false;&#13;&#10;                }&#13;&#10;                //Second direction&#13;&#10;            } else if (checkersBoard.checkMoveDirection(field, -1, directY)) {&#13;&#10;                if (validateMove(checkersBoard.&#13;&#10;                        myBoard[field.x - 1][field.y + directY], field)) {&#13;&#10;                    checkersBoard.movePieceInRepresentation(field,&#13;&#10;                            field.x - 1, field.y + directY, false);&#13;&#10;                    return true;&#13;&#10;                } else {&#13;&#10;                    return false;&#13;&#10;                }&#13;&#10;                //If king, also check backwards&#13;&#10;            } else if (field.getPieceOnField().isCrowned) {&#13;&#10;                if (checkersBoard.checkMoveDirection(field, 1, -directY)) {&#13;&#10;                    if (validateMove(checkersBoard.&#13;&#10;                            myBoard[field.x + 1][field.y - directY], field)) {&#13;&#10;                        checkersBoard.movePieceInRepresentation(field,&#13;&#10;                                field.x + 1, field.y - directY, false);&#13;&#10;                        return true;&#13;&#10;                    } else {&#13;&#10;                        return false;&#13;&#10;                    }&#13;&#10;                } else if (checkersBoard.checkMoveDirection(&#13;&#10;                        field, -1, -directY)) {&#13;&#10;                    if (validateMove(checkersBoard.&#13;&#10;                            myBoard[field.x - 1][field.y - directY], field)) {&#13;&#10;                        checkersBoard.movePieceInRepresentation(field,&#13;&#10;                                field.x - 1, field.y - directY, false);&#13;&#10;                        return true;&#13;&#10;                    } else {&#13;&#10;                        return false;&#13;&#10;                    }&#13;&#10;                }&#13;&#10;            }&#13;&#10;        }&#13;&#10;        return false;&#13;&#10;    }&#13;&#10;&#13;&#10;    //Checks if it could have been another piece that moved&#13;&#10;    private boolean validateMove(Field field, Field fromField) throws&#13;&#10;    InterruptedException, IOException {&#13;&#10;&#13;&#10;        List&lt;Field&gt; checkArray = new ArrayList&lt;Field&gt;();&#13;&#10;        if (checkersBoard.checkBounds(field.x + 1, field.y + 1)) {&#13;&#10;            checkArray.add(checkersBoard.myBoard[field.x + 1][field.y + 1]);&#13;&#10;        }&#13;&#10;        if (checkersBoard.checkBounds(field.x + 1, field.y - 1)) {&#13;&#10;            checkArray.add(checkersBoard.myBoard[field.x + 1][field.y - 1]);&#13;&#10;        }&#13;&#10;        if (checkersBoard.checkBounds(field.x - 1, field.y - 1)) {&#13;&#10;            checkArray.add(checkersBoard.myBoard[field.x - 1][field.y - 1]);&#13;&#10;        }&#13;&#10;        if (checkersBoard.checkBounds(field.x - 1, field.y + 1)) {&#13;&#10;            checkArray.add(checkersBoard.myBoard[field.x - 1][field.y + 1]);&#13;&#10;        }&#13;&#10;        boolean returnValue = true;&#13;&#10;        for (int i = 0; i &lt; checkArray.size(); i++) {&#13;&#10;            if (!(checkArray.get(i).x == fromField.x&#13;&#10;                    &amp;&amp; checkArray.get(i).y == fromField.y)) {&#13;&#10;                returnValue = checkersBoard.verifyOpPieceIsOnField(&#13;&#10;                        checkArray.get(i));&#13;&#10;            }&#13;&#10;            if (!returnValue) {&#13;&#10;                return returnValue;&#13;&#10;            }&#13;&#10;        }&#13;&#10;        return returnValue;&#13;&#10;    }&#13;&#10;&#13;&#10;    public final List&lt;List&lt;Field&gt;&gt; jumpSequence(Field input,&#13;&#10;            boolean checkForOpponent, boolean isCrowned) throws&#13;&#10;            InterruptedException, IOException, NoKingLeft {&#13;&#10;        input.visited = true;&#13;&#10;        List&lt;List&lt;Field&gt;&gt; returnList = new ArrayList&lt;List&lt;Field&gt;&gt;();&#13;&#10;        Field tempField = checkersBoard.checkJumpDirection(input,&#13;&#10;                -1, 1, checkForOpponent, isCrowned);&#13;&#10;        if (tempField != null) {&#13;&#10;            returnList.addAll(jumpSequence(tempField, checkForOpponent,&#13;&#10;                    isCrowned));&#13;&#10;        }&#13;&#10;        tempField = checkersBoard.checkJumpDirection(input,&#13;&#10;                -1, -1, checkForOpponent, isCrowned);&#13;&#10;        if (tempField != null) {&#13;&#10;            returnList.addAll(jumpSequence(tempField, checkForOpponent,&#13;&#10;                    isCrowned));&#13;&#10;        }&#13;&#10;        tempField = checkersBoard.checkJumpDirection(input,&#13;&#10;                1, -1, checkForOpponent, isCrowned);&#13;&#10;        if (tempField != null) {&#13;&#10;            returnList.addAll(jumpSequence(tempField, checkForOpponent,&#13;&#10;                    isCrowned));&#13;&#10;        }&#13;&#10;        tempField = checkersBoard.checkJumpDirection(input, 1, 1,&#13;&#10;                checkForOpponent, isCrowned);&#13;&#10;        if (tempField != null) {&#13;&#10;            returnList.addAll(jumpSequence(tempField, checkForOpponent,&#13;&#10;                    isCrowned));&#13;&#10;        }&#13;&#10;&#13;&#10;        if (returnList.size() == 0) {&#13;&#10;            returnList.add(new ArrayList&lt;Field&gt;());&#13;&#10;        }&#13;&#10;&#13;&#10;        for (int i = 0; i &lt; returnList.size(); i++) {&#13;&#10;            returnList.get(i).add(0, input);&#13;&#10;        }&#13;&#10;        return returnList;&#13;&#10;    }&#13;&#10;&#13;&#10;    private boolean findJumpPiece(Field field) throws&#13;&#10;    InterruptedException, IOException, NoKingLeft {&#13;&#10;        List&lt;List&lt;Field&gt;&gt; jumpList = new ArrayList&lt;List&lt;Field&gt;&gt;();&#13;&#10;        jumpList = jumpSequence(field, false,&#13;&#10;                field.getPieceOnField().isCrowned);&#13;&#10;        checkersBoard.resetVisited();&#13;&#10;        for (int i = 0; i &lt; jumpList.size(); i++) {&#13;&#10;            List&lt;Field&gt; tempList = jumpList.get(i);&#13;&#10;            Field desField = tempList.get(tempList.size() - 1);&#13;&#10;            if (!checkersBoard.isFieldEmptyOnBoard(desField.x, desField.y)) {&#13;&#10;                checkersBoard.movePieceInRepresentation(field, desField, false);&#13;&#10;                int stopj = tempList.size() - 1;&#13;&#10;                for (int j = 0; j &lt; stopj; j++) {&#13;&#10;                    Field tempfield = tempList.get(j);&#13;&#10;                    Field tempfield2 = tempList.get(j + 1);&#13;&#10;                    Field takenField = checkersBoard.myBoard&#13;&#10;                            [(tempfield.x + tempfield2.x) / 2]&#13;&#10;                                    [(tempfield.y + tempfield2.y) / 2];&#13;&#10;                    checkersBoard.movePieceInRepresentation(takenField,&#13;&#10;                            trashField, false);&#13;&#10;                }&#13;&#10;                return true;&#13;&#10;            }&#13;&#10;        }&#13;&#10;        return false;&#13;&#10;    }&#13;&#10;&#13;&#10;    public final void checkForUpgradeKing(Field field, boolean isSimulated)&#13;&#10;            throws NoKingLeft, IOException {&#13;&#10;        if (checkersBoard.peasentIsOnEndRow(field)) {&#13;&#10;            if (checkersBoard.checkAllegiance(field, false)) {&#13;&#10;                field.getPieceOnField().color = checkersBoard.myKingColor;&#13;&#10;                field.getPieceOnField().isCrowned = true;&#13;&#10;                if (!isSimulated) {&#13;&#10;                    fieldToCheck = field;&#13;&#10;                }&#13;&#10;            } else {&#13;&#10;                if (isSimulated) {&#13;&#10;                    field.getPieceOnField().color =&#13;&#10;                            checkersBoard.opponentKingColor;&#13;&#10;                    field.getPieceOnField().isCrowned = true;&#13;&#10;                } else {&#13;&#10;                    boolean foundOne = false;&#13;&#10;                    int i = 0;&#13;&#10;                    while (!foundOne) {&#13;&#10;                        if (i &gt; 7) {&#13;&#10;                            throw new custom.Exceptions.NoKingLeft();&#13;&#10;                        }&#13;&#10;                        if (!checkersBoard.kingPlace[i].isEmpty()) {&#13;&#10;                            //Move old piece to trash&#13;&#10;                            remoteFunctions.trashPieceOnField(field);&#13;&#10;                            //Insert king at location&#13;&#10;                            remoteFunctions.doMove(new Move(&#13;&#10;                                    checkersBoard.kingPlace[i], field, true));&#13;&#10;                            foundOne = true;&#13;&#10;                        }&#13;&#10;                        i++;&#13;&#10;                    }&#13;&#10;                }&#13;&#10;            }&#13;&#10;        }&#13;&#10;    }&#13;&#10;&#13;&#10;    //Function to check if user have replaced the&#13;&#10;    //robots peasant piece with a king piece&#13;&#10;    public final void checkRobotPieceReplaced() throws IOException {&#13;&#10;        if (fieldToCheck != null) {&#13;&#10;            boolean checkCondition = true;&#13;&#10;            while (checkCondition) {&#13;&#10;                if (getColor(fieldToCheck.x, fieldToCheck.y)&#13;&#10;                        == checkersBoard.myKingColor) {&#13;&#10;                    checkCondition = false;&#13;&#10;                    fieldToCheck = null;&#13;&#10;                } else {&#13;&#10;                    checkersBoard.informer.myKingNotPlaced();&#13;&#10;                    remoteFunctions.waitForRedButton();&#13;&#10;                }&#13;&#10;            }&#13;&#10;        }&#13;&#10;    }&#13;&#10;&#13;&#10;    //Sets the colors of the pieces of the robot&#13;&#10;    public final void findMyColors() throws InterruptedException, IOException {&#13;&#10;        char test = getColor(0, 1);&#13;&#10;        checkersBoard.myPeasentColor = getColor(0, 1);&#13;&#10;        if (checkersBoard.myPeasentColor == 'r') {&#13;&#10;            checkersBoard.myKingColor = 'b';&#13;&#10;        } else if (checkersBoard.myPeasentColor == 'w') {&#13;&#10;            checkersBoard.myKingColor = 'g';&#13;&#10;        } else {&#13;&#10;            remoteFunctions.resetMotors();&#13;&#10;            remoteFunctions.initColorSensor();&#13;&#10;            findMyColors();&#13;&#10;        }&#13;&#10;    }&#13;&#10;&#13;&#10;    //Returns the color on the given position&#13;&#10;    public final char getColor(int x, int y) throws IOException {&#13;&#10;        com.CustomClasses.Color colorResult = remoteFunctions.getColorOnField(x, y);&#13;&#10;&#13;&#10;        int red = colorResult.getRed();&#13;&#10;        int green = colorResult.getGreen();&#13;&#10;        int blue = colorResult.getBlue();&#13;&#10;        if (red &gt; 230 &amp;&amp; red &lt; 290 &amp;&amp; green &lt; 130 &amp;&amp; green &gt; 60&#13;&#10;                &amp;&amp; blue &lt; 140 &amp;&amp; blue &gt; 60) {&#13;&#10;            return 'r';&#13;&#10;         } else if (red &gt; 230 &amp;&amp; red &lt; 285 &amp;&amp; green &gt; 235 &amp;&amp; green &lt; 285&#13;&#10;                &amp;&amp; blue &gt; 230 &amp;&amp; blue &lt; 280) {&#13;&#10;            return 'w';&#13;&#10;        } else if (red &lt; 230 &amp;&amp; red &gt; 170 &amp;&amp; green &gt; 210 &amp;&amp; green &lt; 290&#13;&#10;                &amp;&amp; blue &lt; 230 &amp;&amp; blue &gt; 170) {&#13;&#10;            return 'g';&#13;&#10;        } else if (red &lt; 170 &amp;&amp; red &gt; 110 &amp;&amp; green &lt; 240 &amp;&amp; green &gt; 180&#13;&#10;                &amp;&amp; blue &gt; 210 &amp;&amp; blue &lt; 270) {&#13;&#10;            return 'b';&#13;&#10;        } else {&#13;&#10;            return ' ';&#13;&#10;        }&#13;&#10;    }&#13;&#10;&#13;&#10;    public final boolean checkForGameHasEnded(boolean isHumansTurn) {&#13;&#10;        switch (gameHasEnded(isHumansTurn)) {&#13;&#10;        case 0:&#13;&#10;            return false;&#13;&#10;        case 1:&#13;&#10;            checkersBoard.informer.humanWon();&#13;&#10;            return true;&#13;&#10;        case 2:&#13;&#10;            checkersBoard.informer.robotWon();&#13;&#10;            return true;&#13;&#10;        case 3:&#13;&#10;            checkersBoard.informer.draw();&#13;&#10;            return true;&#13;&#10;        default:&#13;&#10;            return false;&#13;&#10;        }&#13;&#10;    }&#13;&#10;&#13;&#10;    /*returns 0 if game has not ended, 1 if the human won,&#13;&#10;     * 2 if the robot won and 3 if it was a draw*/&#13;&#10;    public final int gameHasEnded(boolean humanTurn) {&#13;&#10;        checkersBoard.updateMoveables();&#13;&#10;&#13;&#10;        List&lt;Piece&gt; humanPieceList = new ArrayList&lt;Piece&gt;();&#13;&#10;        List&lt;Piece&gt; robotPieceList = new ArrayList&lt;Piece&gt;();&#13;&#10;        boolean robotHasMovable = false;&#13;&#10;        boolean humanHasMovable = false;&#13;&#10;&#13;&#10;        for (Field[] f : checkersBoard.myBoard) {&#13;&#10;            for (Field field : f) {&#13;&#10;                if (!field.isEmpty()) {&#13;&#10;                    if (checkersBoard.checkAllegiance(field, true)) {&#13;&#10;                        humanPieceList.add(field.getPieceOnField());&#13;&#10;                        if (field.getPieceOnField().isMoveable) {&#13;&#10;                            humanHasMovable = true;&#13;&#10;                        }&#13;&#10;                    }&#13;&#10;                    if (checkersBoard.checkAllegiance(field, false)) {&#13;&#10;                        robotPieceList.add(field.getPieceOnField());&#13;&#10;                        if (field.getPieceOnField().isMoveable) {&#13;&#10;                            robotHasMovable = true;&#13;&#10;                        }&#13;&#10;                    }&#13;&#10;                }&#13;&#10;            }&#13;&#10;        }&#13;&#10;&#13;&#10;        if (robotPieceList.size() == 0 || (!humanTurn &amp;&amp; !robotHasMovable)) {&#13;&#10;            return 1;&#13;&#10;        }&#13;&#10;        if (humanPieceList.size() == 0 || (humanTurn &amp;&amp; !humanHasMovable)) {&#13;&#10;            return 2;&#13;&#10;        }&#13;&#10;        if (robotPieceList.size() == 1 &amp;&amp; humanPieceList.size() == 1) {&#13;&#10;            if (robotPieceList.get(0).isCrowned&#13;&#10;                    &amp;&amp; humanPieceList.get(0).isCrowned) {&#13;&#10;                if (humanTurn) {&#13;&#10;                    if (isOnDoubleCorners(humanPieceList.get(0))&#13;&#10;                            &amp;&amp; isNearDoubleCorners(robotPieceList.get(0))&#13;&#10;                            &amp;&amp; !hasTheMove(true)) {&#13;&#10;                        return 3;&#13;&#10;                    }&#13;&#10;                } else {&#13;&#10;                    if (isOnDoubleCorners(robotPieceList.get(0))&#13;&#10;                            &amp;&amp; isNearDoubleCorners(humanPieceList.get(0))&#13;&#10;                            &amp;&amp; !hasTheMove(false)) {&#13;&#10;                        return 3;&#13;&#10;                    }&#13;&#10;                }&#13;&#10;            }&#13;&#10;        }&#13;&#10;        return 0;&#13;&#10;    }&#13;&#10;&#13;&#10;    private boolean hasTheMove(boolean humansTurn) {&#13;&#10;        int rowToCheck = 0;&#13;&#10;&#13;&#10;        if (!humansTurn) {&#13;&#10;            rowToCheck = 1;&#13;&#10;        }&#13;&#10;&#13;&#10;        int pieceCount = 0;&#13;&#10;&#13;&#10;        for (int i = rowToCheck; i &lt; 8; i += 2) {&#13;&#10;            for (int j = 0; j &lt; 8; j++) {&#13;&#10;                if (!checkersBoard.myBoard[i][j].isEmpty()) {&#13;&#10;                    pieceCount++;&#13;&#10;                }&#13;&#10;            }&#13;&#10;        }&#13;&#10;&#13;&#10;        if (pieceCount % 2 == 1) {&#13;&#10;            return true;&#13;&#10;        }&#13;&#10;        return false;&#13;&#10;    }&#13;&#10;&#13;&#10;    private boolean isOnDoubleCorners(Piece piece) {&#13;&#10;        if ((piece.getX() == 0 &amp;&amp; piece.getY() == 1)&#13;&#10;                || (piece.getX() == 1 &amp;&amp; piece.getY() == 0)&#13;&#10;                || (piece.getX() == 7 &amp;&amp; piece.getY() == 6)&#13;&#10;                || (piece.getX() == 6 &amp;&amp; piece.getY() == 7)) {&#13;&#10;            return true;&#13;&#10;        }&#13;&#10;        return false;&#13;&#10;    }&#13;&#10;&#13;&#10;    private boolean isNearDoubleCorners(Piece piece) {&#13;&#10;        if ((piece.getX() == 1 &amp;&amp; piece.getY() == 2)&#13;&#10;                || (piece.getX() == 2 &amp;&amp; piece.getY() == 1)&#13;&#10;                || (piece.getX() == 6 &amp;&amp; piece.getY() == 5)&#13;&#10;                || (piece.getX() == 5 &amp;&amp; piece.getY() == 6)&#13;&#10;                || (piece.getX() == 2 &amp;&amp; piece.getY() == 3)&#13;&#10;                || (piece.getX() == 3 &amp;&amp; piece.getY() == 2)&#13;&#10;                || (piece.getX() == 4 &amp;&amp; piece.getY() == 5)&#13;&#10;                || (piece.getX() == 5 &amp;&amp; piece.getY() == 4)) {&#13;&#10;            return true;&#13;&#10;        }&#13;&#10;        return false;&#13;&#10;    }&#13;&#10;&#13;&#10;}" Filename="Analyze.java" Intrnl_Id="7"/>
</SrcFileList>
<CritList>
<CritListEntry Name="org.codecover.model.utils.criteria.LoopCoverage" PluginName="org.codecover"/>
<CritListEntry Name="org.codecover.model.utils.criteria.BranchCoverage" PluginName="org.codecover"/>
<CritListEntry Name="org.codecover.model.utils.criteria.ConditionCoverage" PluginName="org.codecover"/>
<CritListEntry Name="org.codecover.model.utils.criteria.SynchronizedStatementCoverage" PluginName="org.codecover"/>
<CritListEntry Name="org.codecover.model.utils.criteria.QMOCoverage" PluginName="org.codecover"/>
<CritListEntry Name="org.codecover.model.utils.criteria.StatementCoverage" PluginName="org.codecover"/>
</CritList>
<BoolOpList>
<BoolOp Arity="1" Intrnl_Id="8" Name="not (!)">
<BoolAssgnmntBoolMapList>
<MapEntry BoolAssgnmnt="0" Value="true"/>
<MapEntry BoolAssgnmnt="1" Value="false"/>
</BoolAssgnmntBoolMapList>
</BoolOp>
<BoolOp Arity="2" Intrnl_Id="9" Name="conditional and (&amp;&amp;)">
<BoolAssgnmntBoolMapList>
<MapEntry BoolAssgnmnt="10" Value="false"/>
<MapEntry BoolAssgnmnt="02" Value="false"/>
<MapEntry BoolAssgnmnt="11" Value="true"/>
</BoolAssgnmntBoolMapList>
</BoolOp>
<BoolOp Arity="2" Intrnl_Id="10" Name="conditional or (||)">
<BoolAssgnmntBoolMapList>
<MapEntry BoolAssgnmnt="01" Value="true"/>
<MapEntry BoolAssgnmnt="00" Value="false"/>
<MapEntry BoolAssgnmnt="12" Value="true"/>
</BoolAssgnmntBoolMapList>
</BoolOp>
</BoolOpList>
<HierarchyLvlTypeList>
<HierarchyLvlType EnglishName="package" IntrnlName="package" Intrnl_Id="11"/>
<HierarchyLvlType EnglishName="class" IntrnlName="class" Intrnl_Id="12"/>
<HierarchyLvlType EnglishName="method" IntrnlName="method" Intrnl_Id="13"/>
<HierarchyLvlType EnglishName="default package" IntrnlName="default package" Intrnl_Id="14"/>
</HierarchyLvlTypeList>
<MASTRoot>
<HierarchyLvl HierarchyLvlId="10268" HierarchyLvlTypeId="14" Intrnl_Id="15" Name="default package">
<Header/>
<LocList/>
<HierarchyLvl HierarchyLvlId="10267" HierarchyLvlTypeId="11" Intrnl_Id="16" Name="com">
<Header/>
<LocList/>
<HierarchyLvl HierarchyLvlId="10266" HierarchyLvlTypeId="11" Intrnl_Id="17" Name="OriginalFiles">
<Header/>
<LocList/>
<HierarchyLvl HierarchyLvlId="10186" HierarchyLvlTypeId="12" Intrnl_Id="18" Name="RemoteNXTFunctions">
<Header>
<Loc EndOffset="125" SrcFileId="1" StartOffset="94"/>
</Header>
<LocList>
<Loc EndOffset="2754" SrcFileId="1" StartOffset="94"/>
</LocList>
<StmntSeq Intrnl_Id="19">
<LocList>
<Loc EndOffset="201" SrcFileId="1" StartOffset="166"/>
</LocList>
<BasicStmnt CovItemId="S1" CovItemPrefix="com.OriginalFiles.RemoteNXTFunctions.java" Intrnl_Id="20">
<LocList>
<Loc EndOffset="201" SrcFileId="1" StartOffset="166"/>
</LocList>
</BasicStmnt>
</StmntSeq>
<HierarchyLvl HierarchyLvlId="10179" HierarchyLvlTypeId="13" Intrnl_Id="21" Name="RemoteNXTFunctions">
<Header>
<Loc EndOffset="277" SrcFileId="1" StartOffset="209"/>
</Header>
<LocList>
<Loc EndOffset="328" SrcFileId="1" StartOffset="209"/>
</LocList>
<StmntSeq Intrnl_Id="22">
<LocList>
<Loc EndOffset="321" SrcFileId="1" StartOffset="289"/>
</LocList>
<BasicStmnt CovItemId="S2" CovItemPrefix="com.OriginalFiles.RemoteNXTFunctions.java" Intrnl_Id="23">
<LocList>
<Loc EndOffset="321" SrcFileId="1" StartOffset="289"/>
</LocList>
</BasicStmnt>
</StmntSeq>
</HierarchyLvl>
<HierarchyLvl HierarchyLvlId="10180" HierarchyLvlTypeId="13" Intrnl_Id="24" Name="resetMotors">
<Header>
<Loc EndOffset="359" SrcFileId="1" StartOffset="334"/>
</Header>
<LocList>
<Loc EndOffset="422" SrcFileId="1" StartOffset="334"/>
</LocList>
</HierarchyLvl>
<HierarchyLvl HierarchyLvlId="10181" HierarchyLvlTypeId="13" Intrnl_Id="25" Name="trashPieceOnField">
<Header>
<Loc EndOffset="472" SrcFileId="1" StartOffset="430"/>
</Header>
<LocList>
<Loc EndOffset="535" SrcFileId="1" StartOffset="430"/>
</LocList>
</HierarchyLvl>
<HierarchyLvl HierarchyLvlId="10182" HierarchyLvlTypeId="13" Intrnl_Id="26" Name="doMove">
<Header>
<Loc EndOffset="572" SrcFileId="1" StartOffset="543"/>
</Header>
<LocList>
<Loc EndOffset="635" SrcFileId="1" StartOffset="543"/>
</LocList>
</HierarchyLvl>
<HierarchyLvl HierarchyLvlId="10183" HierarchyLvlTypeId="13" Intrnl_Id="27" Name="waitForRedButton">
<Header>
<Loc EndOffset="673" SrcFileId="1" StartOffset="643"/>
</Header>
<LocList>
<Loc EndOffset="728" SrcFileId="1" StartOffset="643"/>
</LocList>
</HierarchyLvl>
<HierarchyLvl HierarchyLvlId="10184" HierarchyLvlTypeId="13" Intrnl_Id="28" Name="initColorSensor">
<Header>
<Loc EndOffset="765" SrcFileId="1" StartOffset="736"/>
</Header>
<LocList>
<Loc EndOffset="820" SrcFileId="1" StartOffset="736"/>
</LocList>
</HierarchyLvl>
<HierarchyLvl HierarchyLvlId="10185" HierarchyLvlTypeId="13" Intrnl_Id="29" Name="getColorOnField">
<Header>
<Loc EndOffset="876" SrcFileId="1" StartOffset="828"/>
</Header>
<LocList>
<Loc EndOffset="2749" SrcFileId="1" StartOffset="828"/>
</LocList>
<StmntSeq Intrnl_Id="30">
<LocList>
<Loc EndOffset="915" SrcFileId="1" StartOffset="888"/>
<Loc EndOffset="2708" SrcFileId="1" StartOffset="935"/>
<Loc EndOffset="2742" SrcFileId="1" StartOffset="2728"/>
</LocList>
<BasicStmnt CovItemId="S3" CovItemPrefix="com.OriginalFiles.RemoteNXTFunctions.java" Intrnl_Id="31">
<LocList>
<Loc EndOffset="915" SrcFileId="1" StartOffset="888"/>
</LocList>
</BasicStmnt>
<CondStmnt CovItemId="S4" CovItemPrefix="com.OriginalFiles.RemoteNXTFunctions.java" Intrnl_Id="32">
<Branch CovItemId="B1" CovItemPrefix="com.OriginalFiles.RemoteNXTFunctions.java" Implct="false" Intrnl_Id="33">
<Cond/>
<LocList>
<Loc EndOffset="1474" SrcFileId="1" StartOffset="964"/>
</LocList>
<StmntSeq Intrnl_Id="34">
<LocList>
<Loc EndOffset="1463" SrcFileId="1" StartOffset="979"/>
</LocList>
<CondStmnt CovItemId="S5" CovItemPrefix="com.OriginalFiles.RemoteNXTFunctions.java" Intrnl_Id="35">
<Branch CovItemId="B3" CovItemPrefix="com.OriginalFiles.RemoteNXTFunctions.java" Implct="false" Intrnl_Id="36">
<Cond/>
<LocList>
<Loc EndOffset="1068" SrcFileId="1" StartOffset="1013"/>
</LocList>
<StmntSeq Intrnl_Id="37">
<LocList>
<Loc EndOffset="1053" SrcFileId="1" StartOffset="1032"/>
</LocList>
<BasicStmnt CovItemId="S6" CovItemPrefix="com.OriginalFiles.RemoteNXTFunctions.java" Intrnl_Id="38">
<LocList>
<Loc EndOffset="1053" SrcFileId="1" StartOffset="1032"/>
</LocList>
</BasicStmnt>
</StmntSeq>
</Branch>
<Branch CovItemId="B4" CovItemPrefix="com.OriginalFiles.RemoteNXTFunctions.java" Implct="false" Intrnl_Id="39">
<Cond>
<Loc EndOffset="1073" SrcFileId="1" StartOffset="1069"/>
</Cond>
<LocList>
<Loc EndOffset="1463" SrcFileId="1" StartOffset="1074"/>
</LocList>
<StmntSeq Intrnl_Id="40">
<LocList>
<Loc EndOffset="1463" SrcFileId="1" StartOffset="1074"/>
</LocList>
<CondStmnt CovItemId="S7" CovItemPrefix="com.OriginalFiles.RemoteNXTFunctions.java" Intrnl_Id="41">
<Branch CovItemId="B5" CovItemPrefix="com.OriginalFiles.RemoteNXTFunctions.java" Implct="false" Intrnl_Id="42">
<Cond/>
<LocList>
<Loc EndOffset="1151" SrcFileId="1" StartOffset="1096"/>
</LocList>
<StmntSeq Intrnl_Id="43">
<LocList>
<Loc EndOffset="1136" SrcFileId="1" StartOffset="1115"/>
</LocList>
<BasicStmnt CovItemId="S8" CovItemPrefix="com.OriginalFiles.RemoteNXTFunctions.java" Intrnl_Id="44">
<LocList>
<Loc EndOffset="1136" SrcFileId="1" StartOffset="1115"/>
</LocList>
</BasicStmnt>
</StmntSeq>
</Branch>
<Branch CovItemId="B6" CovItemPrefix="com.OriginalFiles.RemoteNXTFunctions.java" Implct="false" Intrnl_Id="45">
<Cond>
<Loc EndOffset="1156" SrcFileId="1" StartOffset="1152"/>
</Cond>
<LocList>
<Loc EndOffset="1463" SrcFileId="1" StartOffset="1157"/>
</LocList>
<StmntSeq Intrnl_Id="46">
<LocList>
<Loc EndOffset="1463" SrcFileId="1" StartOffset="1157"/>
</LocList>
<CondStmnt CovItemId="S9" CovItemPrefix="com.OriginalFiles.RemoteNXTFunctions.java" Intrnl_Id="47">
<Branch CovItemId="B7" CovItemPrefix="com.OriginalFiles.RemoteNXTFunctions.java" Implct="false" Intrnl_Id="48">
<Cond/>
<LocList>
<Loc EndOffset="1234" SrcFileId="1" StartOffset="1179"/>
</LocList>
<StmntSeq Intrnl_Id="49">
<LocList>
<Loc EndOffset="1219" SrcFileId="1" StartOffset="1198"/>
</LocList>
<BasicStmnt CovItemId="S10" CovItemPrefix="com.OriginalFiles.RemoteNXTFunctions.java" Intrnl_Id="50">
<LocList>
<Loc EndOffset="1219" SrcFileId="1" StartOffset="1198"/>
</LocList>
</BasicStmnt>
</StmntSeq>
</Branch>
<Branch CovItemId="B8" CovItemPrefix="com.OriginalFiles.RemoteNXTFunctions.java" Implct="false" Intrnl_Id="51">
<Cond>
<Loc EndOffset="1239" SrcFileId="1" StartOffset="1235"/>
</Cond>
<LocList>
<Loc EndOffset="1463" SrcFileId="1" StartOffset="1240"/>
</LocList>
<StmntSeq Intrnl_Id="52">
<LocList>
<Loc EndOffset="1463" SrcFileId="1" StartOffset="1240"/>
</LocList>
<CondStmnt CovItemId="S11" CovItemPrefix="com.OriginalFiles.RemoteNXTFunctions.java" Intrnl_Id="53">
<Branch CovItemId="B9" CovItemPrefix="com.OriginalFiles.RemoteNXTFunctions.java" Implct="false" Intrnl_Id="54">
<Cond/>
<LocList>
<Loc EndOffset="1402" SrcFileId="1" StartOffset="1299"/>
</LocList>
<StmntSeq Intrnl_Id="55">
<LocList>
<Loc EndOffset="1387" SrcFileId="1" StartOffset="1318"/>
</LocList>
<BasicStmnt CovItemId="S12" CovItemPrefix="com.OriginalFiles.RemoteNXTFunctions.java" Intrnl_Id="56">
<LocList>
<Loc EndOffset="1387" SrcFileId="1" StartOffset="1318"/>
</LocList>
</BasicStmnt>
</StmntSeq>
</Branch>
<Branch CovItemId="B10" CovItemPrefix="com.OriginalFiles.RemoteNXTFunctions.java" Implct="false" Intrnl_Id="57">
<Cond>
<Loc EndOffset="1407" SrcFileId="1" StartOffset="1403"/>
</Cond>
<LocList>
<Loc EndOffset="1463" SrcFileId="1" StartOffset="1408"/>
</LocList>
<StmntSeq Intrnl_Id="58">
<LocList>
<Loc EndOffset="1448" SrcFileId="1" StartOffset="1427"/>
</LocList>
<BasicStmnt CovItemId="S13" CovItemPrefix="com.OriginalFiles.RemoteNXTFunctions.java" Intrnl_Id="59">
<LocList>
<Loc EndOffset="1448" SrcFileId="1" StartOffset="1427"/>
</LocList>
</BasicStmnt>
</StmntSeq>
</Branch>
<Keyword EndOffset="1242" SrcFileId="1" StartOffset="1240"/>
<LocList>
<Loc EndOffset="1463" SrcFileId="1" StartOffset="1240"/>
</LocList>
<RootTerm CovItemId="C5" CovItemPrefix="com.OriginalFiles.RemoteNXTFunctions.java" Intrnl_Id="60">
<BasicBoolTerm Intrnl_Id="61">
<LocList>
<Loc EndOffset="1297" SrcFileId="1" StartOffset="1244"/>
</LocList>
</BasicBoolTerm>
</RootTerm>
</CondStmnt>
</StmntSeq>
</Branch>
<Keyword EndOffset="1159" SrcFileId="1" StartOffset="1157"/>
<LocList>
<Loc EndOffset="1463" SrcFileId="1" StartOffset="1157"/>
</LocList>
<RootTerm CovItemId="C4" CovItemPrefix="com.OriginalFiles.RemoteNXTFunctions.java" Intrnl_Id="62">
<OpTerm BooleanOpId="9" Intrnl_Id="63">
<BasicBoolTerm Intrnl_Id="64">
<LocList>
<Loc EndOffset="1167" SrcFileId="1" StartOffset="1161"/>
</LocList>
</BasicBoolTerm>
<BasicBoolTerm Intrnl_Id="65">
<LocList>
<Loc EndOffset="1177" SrcFileId="1" StartOffset="1171"/>
</LocList>
</BasicBoolTerm>
<LocList>
<Loc EndOffset="1170" SrcFileId="1" StartOffset="1168"/>
</LocList>
</OpTerm>
</RootTerm>
</CondStmnt>
</StmntSeq>
</Branch>
<Keyword EndOffset="1076" SrcFileId="1" StartOffset="1074"/>
<LocList>
<Loc EndOffset="1463" SrcFileId="1" StartOffset="1074"/>
</LocList>
<RootTerm CovItemId="C3" CovItemPrefix="com.OriginalFiles.RemoteNXTFunctions.java" Intrnl_Id="66">
<OpTerm BooleanOpId="9" Intrnl_Id="67">
<BasicBoolTerm Intrnl_Id="68">
<LocList>
<Loc EndOffset="1084" SrcFileId="1" StartOffset="1078"/>
</LocList>
</BasicBoolTerm>
<BasicBoolTerm Intrnl_Id="69">
<LocList>
<Loc EndOffset="1094" SrcFileId="1" StartOffset="1088"/>
</LocList>
</BasicBoolTerm>
<LocList>
<Loc EndOffset="1087" SrcFileId="1" StartOffset="1085"/>
</LocList>
</OpTerm>
</RootTerm>
</CondStmnt>
</StmntSeq>
</Branch>
<Keyword EndOffset="981" SrcFileId="1" StartOffset="979"/>
<LocList>
<Loc EndOffset="1463" SrcFileId="1" StartOffset="979"/>
</LocList>
<RootTerm CovItemId="C2" CovItemPrefix="com.OriginalFiles.RemoteNXTFunctions.java" Intrnl_Id="70">
<OpTerm BooleanOpId="9" Intrnl_Id="71">
<BasicBoolTerm Intrnl_Id="72">
<LocList>
<Loc EndOffset="988" SrcFileId="1" StartOffset="982"/>
</LocList>
</BasicBoolTerm>
<BasicBoolTerm Intrnl_Id="73">
<LocList>
<Loc EndOffset="998" SrcFileId="1" StartOffset="992"/>
</LocList>
</BasicBoolTerm>
<LocList>
<Loc EndOffset="991" SrcFileId="1" StartOffset="989"/>
</LocList>
</OpTerm>
</RootTerm>
</CondStmnt>
</StmntSeq>
</Branch>
<Branch CovItemId="B2" CovItemPrefix="com.OriginalFiles.RemoteNXTFunctions.java" Implct="false" Intrnl_Id="74">
<Cond>
<Loc EndOffset="1488" SrcFileId="1" StartOffset="1484"/>
</Cond>
<LocList>
<Loc EndOffset="2708" SrcFileId="1" StartOffset="1489"/>
</LocList>
<StmntSeq Intrnl_Id="75">
<LocList>
<Loc EndOffset="2697" SrcFileId="1" StartOffset="1504"/>
</LocList>
<CondStmnt CovItemId="S14" CovItemPrefix="com.OriginalFiles.RemoteNXTFunctions.java" Intrnl_Id="76">
<Branch CovItemId="B11" CovItemPrefix="com.OriginalFiles.RemoteNXTFunctions.java" Implct="false" Intrnl_Id="77">
<Cond/>
<LocList>
<Loc EndOffset="2037" SrcFileId="1" StartOffset="1533"/>
</LocList>
<StmntSeq Intrnl_Id="78">
<LocList>
<Loc EndOffset="2022" SrcFileId="1" StartOffset="1552"/>
</LocList>
<CondStmnt CovItemId="S15" CovItemPrefix="com.OriginalFiles.RemoteNXTFunctions.java" Intrnl_Id="79">
<Branch CovItemId="B13" CovItemPrefix="com.OriginalFiles.RemoteNXTFunctions.java" Implct="false" Intrnl_Id="80">
<Cond/>
<LocList>
<Loc EndOffset="1653" SrcFileId="1" StartOffset="1590"/>
</LocList>
<StmntSeq Intrnl_Id="81">
<LocList>
<Loc EndOffset="1634" SrcFileId="1" StartOffset="1613"/>
</LocList>
<BasicStmnt CovItemId="S16" CovItemPrefix="com.OriginalFiles.RemoteNXTFunctions.java" Intrnl_Id="82">
<LocList>
<Loc EndOffset="1634" SrcFileId="1" StartOffset="1613"/>
</LocList>
</BasicStmnt>
</StmntSeq>
</Branch>
<Branch CovItemId="B14" CovItemPrefix="com.OriginalFiles.RemoteNXTFunctions.java" Implct="false" Intrnl_Id="83">
<Cond>
<Loc EndOffset="1675" SrcFileId="1" StartOffset="1671"/>
</Cond>
<LocList>
<Loc EndOffset="2022" SrcFileId="1" StartOffset="1676"/>
</LocList>
<StmntSeq Intrnl_Id="84">
<LocList>
<Loc EndOffset="2022" SrcFileId="1" StartOffset="1676"/>
</LocList>
<CondStmnt CovItemId="S17" CovItemPrefix="com.OriginalFiles.RemoteNXTFunctions.java" Intrnl_Id="85">
<Branch CovItemId="B15" CovItemPrefix="com.OriginalFiles.RemoteNXTFunctions.java" Implct="false" Intrnl_Id="86">
<Cond/>
<LocList>
<Loc EndOffset="1777" SrcFileId="1" StartOffset="1714"/>
</LocList>
<StmntSeq Intrnl_Id="87">
<LocList>
<Loc EndOffset="1758" SrcFileId="1" StartOffset="1737"/>
</LocList>
<BasicStmnt CovItemId="S18" CovItemPrefix="com.OriginalFiles.RemoteNXTFunctions.java" Intrnl_Id="88">
<LocList>
<Loc EndOffset="1758" SrcFileId="1" StartOffset="1737"/>
</LocList>
</BasicStmnt>
</StmntSeq>
</Branch>
<Branch CovItemId="B16" CovItemPrefix="com.OriginalFiles.RemoteNXTFunctions.java" Implct="false" Intrnl_Id="89">
<Cond>
<Loc EndOffset="1782" SrcFileId="1" StartOffset="1778"/>
</Cond>
<LocList>
<Loc EndOffset="2022" SrcFileId="1" StartOffset="1783"/>
</LocList>
<StmntSeq Intrnl_Id="90">
<LocList>
<Loc EndOffset="2022" SrcFileId="1" StartOffset="1783"/>
</LocList>
<CondStmnt CovItemId="S19" CovItemPrefix="com.OriginalFiles.RemoteNXTFunctions.java" Intrnl_Id="91">
<Branch CovItemId="B17" CovItemPrefix="com.OriginalFiles.RemoteNXTFunctions.java" Implct="false" Intrnl_Id="92">
<Cond/>
<LocList>
<Loc EndOffset="1953" SrcFileId="1" StartOffset="1842"/>
</LocList>
<StmntSeq Intrnl_Id="93">
<LocList>
<Loc EndOffset="1934" SrcFileId="1" StartOffset="1865"/>
</LocList>
<BasicStmnt CovItemId="S20" CovItemPrefix="com.OriginalFiles.RemoteNXTFunctions.java" Intrnl_Id="94">
<LocList>
<Loc EndOffset="1934" SrcFileId="1" StartOffset="1865"/>
</LocList>
</BasicStmnt>
</StmntSeq>
</Branch>
<Branch CovItemId="B18" CovItemPrefix="com.OriginalFiles.RemoteNXTFunctions.java" Implct="false" Intrnl_Id="95">
<Cond>
<Loc EndOffset="1958" SrcFileId="1" StartOffset="1954"/>
</Cond>
<LocList>
<Loc EndOffset="2022" SrcFileId="1" StartOffset="1959"/>
</LocList>
<StmntSeq Intrnl_Id="96">
<LocList>
<Loc EndOffset="2003" SrcFileId="1" StartOffset="1982"/>
</LocList>
<BasicStmnt CovItemId="S21" CovItemPrefix="com.OriginalFiles.RemoteNXTFunctions.java" Intrnl_Id="97">
<LocList>
<Loc EndOffset="2003" SrcFileId="1" StartOffset="1982"/>
</LocList>
</BasicStmnt>
</StmntSeq>
</Branch>
<Keyword EndOffset="1785" SrcFileId="1" StartOffset="1783"/>
<LocList>
<Loc EndOffset="2022" SrcFileId="1" StartOffset="1783"/>
</LocList>
<RootTerm CovItemId="C9" CovItemPrefix="com.OriginalFiles.RemoteNXTFunctions.java" Intrnl_Id="98">
<BasicBoolTerm Intrnl_Id="99">
<LocList>
<Loc EndOffset="1840" SrcFileId="1" StartOffset="1787"/>
</LocList>
</BasicBoolTerm>
</RootTerm>
</CondStmnt>
</StmntSeq>
</Branch>
<Keyword EndOffset="1678" SrcFileId="1" StartOffset="1676"/>
<LocList>
<Loc EndOffset="2022" SrcFileId="1" StartOffset="1676"/>
</LocList>
<RootTerm CovItemId="C8" CovItemPrefix="com.OriginalFiles.RemoteNXTFunctions.java" Intrnl_Id="100">
<OpTerm BooleanOpId="9" Intrnl_Id="101">
<BasicBoolTerm Intrnl_Id="102">
<LocList>
<Loc EndOffset="1685" SrcFileId="1" StartOffset="1679"/>
</LocList>
</BasicBoolTerm>
<BasicBoolTerm Intrnl_Id="103">
<LocList>
<Loc EndOffset="1695" SrcFileId="1" StartOffset="1689"/>
</LocList>
</BasicBoolTerm>
<LocList>
<Loc EndOffset="1688" SrcFileId="1" StartOffset="1686"/>
</LocList>
</OpTerm>
</RootTerm>
</CondStmnt>
</StmntSeq>
</Branch>
<Keyword EndOffset="1554" SrcFileId="1" StartOffset="1552"/>
<LocList>
<Loc EndOffset="2022" SrcFileId="1" StartOffset="1552"/>
</LocList>
<RootTerm CovItemId="C7" CovItemPrefix="com.OriginalFiles.RemoteNXTFunctions.java" Intrnl_Id="104">
<OpTerm BooleanOpId="9" Intrnl_Id="105">
<BasicBoolTerm Intrnl_Id="106">
<LocList>
<Loc EndOffset="1561" SrcFileId="1" StartOffset="1555"/>
</LocList>
</BasicBoolTerm>
<BasicBoolTerm Intrnl_Id="107">
<LocList>
<Loc EndOffset="1571" SrcFileId="1" StartOffset="1565"/>
</LocList>
</BasicBoolTerm>
<LocList>
<Loc EndOffset="1564" SrcFileId="1" StartOffset="1562"/>
</LocList>
</OpTerm>
</RootTerm>
</CondStmnt>
</StmntSeq>
</Branch>
<Branch CovItemId="B12" CovItemPrefix="com.OriginalFiles.RemoteNXTFunctions.java" Implct="false" Intrnl_Id="108">
<Cond>
<Loc EndOffset="2055" SrcFileId="1" StartOffset="2051"/>
</Cond>
<LocList>
<Loc EndOffset="2697" SrcFileId="1" StartOffset="2056"/>
</LocList>
<StmntSeq Intrnl_Id="109">
<LocList>
<Loc EndOffset="2697" SrcFileId="1" StartOffset="2056"/>
</LocList>
<CondStmnt CovItemId="S22" CovItemPrefix="com.OriginalFiles.RemoteNXTFunctions.java" Intrnl_Id="110">
<Branch CovItemId="B19" CovItemPrefix="com.OriginalFiles.RemoteNXTFunctions.java" Implct="false" Intrnl_Id="111">
<Cond/>
<LocList>
<Loc EndOffset="2697" SrcFileId="1" StartOffset="2086"/>
</LocList>
<StmntSeq Intrnl_Id="112">
<LocList>
<Loc EndOffset="2682" SrcFileId="1" StartOffset="2105"/>
</LocList>
<CondStmnt CovItemId="S23" CovItemPrefix="com.OriginalFiles.RemoteNXTFunctions.java" Intrnl_Id="113">
<Branch CovItemId="B21" CovItemPrefix="com.OriginalFiles.RemoteNXTFunctions.java" Implct="false" Intrnl_Id="114">
<Cond/>
<LocList>
<Loc EndOffset="2206" SrcFileId="1" StartOffset="2143"/>
</LocList>
<StmntSeq Intrnl_Id="115">
<LocList>
<Loc EndOffset="2187" SrcFileId="1" StartOffset="2166"/>
</LocList>
<BasicStmnt CovItemId="S24" CovItemPrefix="com.OriginalFiles.RemoteNXTFunctions.java" Intrnl_Id="116">
<LocList>
<Loc EndOffset="2187" SrcFileId="1" StartOffset="2166"/>
</LocList>
</BasicStmnt>
</StmntSeq>
</Branch>
<Branch CovItemId="B22" CovItemPrefix="com.OriginalFiles.RemoteNXTFunctions.java" Implct="false" Intrnl_Id="117">
<Cond>
<Loc EndOffset="2228" SrcFileId="1" StartOffset="2224"/>
</Cond>
<LocList>
<Loc EndOffset="2682" SrcFileId="1" StartOffset="2229"/>
</LocList>
<StmntSeq Intrnl_Id="118">
<LocList>
<Loc EndOffset="2682" SrcFileId="1" StartOffset="2229"/>
</LocList>
<CondStmnt CovItemId="S25" CovItemPrefix="com.OriginalFiles.RemoteNXTFunctions.java" Intrnl_Id="119">
<Branch CovItemId="B23" CovItemPrefix="com.OriginalFiles.RemoteNXTFunctions.java" Implct="false" Intrnl_Id="120">
<Cond/>
<LocList>
<Loc EndOffset="2313" SrcFileId="1" StartOffset="2250"/>
</LocList>
<StmntSeq Intrnl_Id="121">
<LocList>
<Loc EndOffset="2294" SrcFileId="1" StartOffset="2273"/>
</LocList>
<BasicStmnt CovItemId="S26" CovItemPrefix="com.OriginalFiles.RemoteNXTFunctions.java" Intrnl_Id="122">
<LocList>
<Loc EndOffset="2294" SrcFileId="1" StartOffset="2273"/>
</LocList>
</BasicStmnt>
</StmntSeq>
</Branch>
<Branch CovItemId="B24" CovItemPrefix="com.OriginalFiles.RemoteNXTFunctions.java" Implct="false" Intrnl_Id="123">
<Cond>
<Loc EndOffset="2335" SrcFileId="1" StartOffset="2331"/>
</Cond>
<LocList>
<Loc EndOffset="2682" SrcFileId="1" StartOffset="2336"/>
</LocList>
<StmntSeq Intrnl_Id="124">
<LocList>
<Loc EndOffset="2682" SrcFileId="1" StartOffset="2336"/>
</LocList>
<CondStmnt CovItemId="S27" CovItemPrefix="com.OriginalFiles.RemoteNXTFunctions.java" Intrnl_Id="125">
<Branch CovItemId="B25" CovItemPrefix="com.OriginalFiles.RemoteNXTFunctions.java" Implct="false" Intrnl_Id="126">
<Cond/>
<LocList>
<Loc EndOffset="2437" SrcFileId="1" StartOffset="2374"/>
</LocList>
<StmntSeq Intrnl_Id="127">
<LocList>
<Loc EndOffset="2418" SrcFileId="1" StartOffset="2397"/>
</LocList>
<BasicStmnt CovItemId="S28" CovItemPrefix="com.OriginalFiles.RemoteNXTFunctions.java" Intrnl_Id="128">
<LocList>
<Loc EndOffset="2418" SrcFileId="1" StartOffset="2397"/>
</LocList>
</BasicStmnt>
</StmntSeq>
</Branch>
<Branch CovItemId="B26" CovItemPrefix="com.OriginalFiles.RemoteNXTFunctions.java" Implct="false" Intrnl_Id="129">
<Cond>
<Loc EndOffset="2442" SrcFileId="1" StartOffset="2438"/>
</Cond>
<LocList>
<Loc EndOffset="2682" SrcFileId="1" StartOffset="2443"/>
</LocList>
<StmntSeq Intrnl_Id="130">
<LocList>
<Loc EndOffset="2682" SrcFileId="1" StartOffset="2443"/>
</LocList>
<CondStmnt CovItemId="S29" CovItemPrefix="com.OriginalFiles.RemoteNXTFunctions.java" Intrnl_Id="131">
<Branch CovItemId="B27" CovItemPrefix="com.OriginalFiles.RemoteNXTFunctions.java" Implct="false" Intrnl_Id="132">
<Cond/>
<LocList>
<Loc EndOffset="2613" SrcFileId="1" StartOffset="2502"/>
</LocList>
<StmntSeq Intrnl_Id="133">
<LocList>
<Loc EndOffset="2594" SrcFileId="1" StartOffset="2525"/>
</LocList>
<BasicStmnt CovItemId="S30" CovItemPrefix="com.OriginalFiles.RemoteNXTFunctions.java" Intrnl_Id="134">
<LocList>
<Loc EndOffset="2594" SrcFileId="1" StartOffset="2525"/>
</LocList>
</BasicStmnt>
</StmntSeq>
</Branch>
<Branch CovItemId="B28" CovItemPrefix="com.OriginalFiles.RemoteNXTFunctions.java" Implct="false" Intrnl_Id="135">
<Cond>
<Loc EndOffset="2618" SrcFileId="1" StartOffset="2614"/>
</Cond>
<LocList>
<Loc EndOffset="2682" SrcFileId="1" StartOffset="2619"/>
</LocList>
<StmntSeq Intrnl_Id="136">
<LocList>
<Loc EndOffset="2663" SrcFileId="1" StartOffset="2642"/>
</LocList>
<BasicStmnt CovItemId="S31" CovItemPrefix="com.OriginalFiles.RemoteNXTFunctions.java" Intrnl_Id="137">
<LocList>
<Loc EndOffset="2663" SrcFileId="1" StartOffset="2642"/>
</LocList>
</BasicStmnt>
</StmntSeq>
</Branch>
<Keyword EndOffset="2445" SrcFileId="1" StartOffset="2443"/>
<LocList>
<Loc EndOffset="2682" SrcFileId="1" StartOffset="2443"/>
</LocList>
<RootTerm CovItemId="C14" CovItemPrefix="com.OriginalFiles.RemoteNXTFunctions.java" Intrnl_Id="138">
<BasicBoolTerm Intrnl_Id="139">
<LocList>
<Loc EndOffset="2500" SrcFileId="1" StartOffset="2447"/>
</LocList>
</BasicBoolTerm>
</RootTerm>
</CondStmnt>
</StmntSeq>
</Branch>
<Keyword EndOffset="2338" SrcFileId="1" StartOffset="2336"/>
<LocList>
<Loc EndOffset="2682" SrcFileId="1" StartOffset="2336"/>
</LocList>
<RootTerm CovItemId="C13" CovItemPrefix="com.OriginalFiles.RemoteNXTFunctions.java" Intrnl_Id="140">
<OpTerm BooleanOpId="9" Intrnl_Id="141">
<BasicBoolTerm Intrnl_Id="142">
<LocList>
<Loc EndOffset="2345" SrcFileId="1" StartOffset="2339"/>
</LocList>
</BasicBoolTerm>
<BasicBoolTerm Intrnl_Id="143">
<LocList>
<Loc EndOffset="2355" SrcFileId="1" StartOffset="2349"/>
</LocList>
</BasicBoolTerm>
<LocList>
<Loc EndOffset="2348" SrcFileId="1" StartOffset="2346"/>
</LocList>
</OpTerm>
</RootTerm>
</CondStmnt>
</StmntSeq>
</Branch>
<Keyword EndOffset="2231" SrcFileId="1" StartOffset="2229"/>
<LocList>
<Loc EndOffset="2682" SrcFileId="1" StartOffset="2229"/>
</LocList>
<RootTerm CovItemId="C12" CovItemPrefix="com.OriginalFiles.RemoteNXTFunctions.java" Intrnl_Id="144">
<OpTerm BooleanOpId="9" Intrnl_Id="145">
<BasicBoolTerm Intrnl_Id="146">
<LocList>
<Loc EndOffset="2238" SrcFileId="1" StartOffset="2232"/>
</LocList>
</BasicBoolTerm>
<BasicBoolTerm Intrnl_Id="147">
<LocList>
<Loc EndOffset="2248" SrcFileId="1" StartOffset="2242"/>
</LocList>
</BasicBoolTerm>
<LocList>
<Loc EndOffset="2241" SrcFileId="1" StartOffset="2239"/>
</LocList>
</OpTerm>
</RootTerm>
</CondStmnt>
</StmntSeq>
</Branch>
<Keyword EndOffset="2107" SrcFileId="1" StartOffset="2105"/>
<LocList>
<Loc EndOffset="2682" SrcFileId="1" StartOffset="2105"/>
</LocList>
<RootTerm CovItemId="C11" CovItemPrefix="com.OriginalFiles.RemoteNXTFunctions.java" Intrnl_Id="148">
<OpTerm BooleanOpId="9" Intrnl_Id="149">
<BasicBoolTerm Intrnl_Id="150">
<LocList>
<Loc EndOffset="2114" SrcFileId="1" StartOffset="2108"/>
</LocList>
</BasicBoolTerm>
<BasicBoolTerm Intrnl_Id="151">
<LocList>
<Loc EndOffset="2124" SrcFileId="1" StartOffset="2118"/>
</LocList>
</BasicBoolTerm>
<LocList>
<Loc EndOffset="2117" SrcFileId="1" StartOffset="2115"/>
</LocList>
</OpTerm>
</RootTerm>
</CondStmnt>
</StmntSeq>
</Branch>
<Branch CovItemId="B20" CovItemPrefix="com.OriginalFiles.RemoteNXTFunctions.java" Implct="true" Intrnl_Id="152">
<Cond/>
<LocList/>
<StmntSeq Intrnl_Id="153">
<LocList/>
</StmntSeq>
</Branch>
<Keyword EndOffset="2058" SrcFileId="1" StartOffset="2056"/>
<LocList>
<Loc EndOffset="2697" SrcFileId="1" StartOffset="2056"/>
</LocList>
<RootTerm CovItemId="C10" CovItemPrefix="com.OriginalFiles.RemoteNXTFunctions.java" Intrnl_Id="154">
<BasicBoolTerm Intrnl_Id="155">
<LocList>
<Loc EndOffset="2084" SrcFileId="1" StartOffset="2060"/>
</LocList>
</BasicBoolTerm>
</RootTerm>
</CondStmnt>
</StmntSeq>
</Branch>
<Keyword EndOffset="1506" SrcFileId="1" StartOffset="1504"/>
<LocList>
<Loc EndOffset="2697" SrcFileId="1" StartOffset="1504"/>
</LocList>
<RootTerm CovItemId="C6" CovItemPrefix="com.OriginalFiles.RemoteNXTFunctions.java" Intrnl_Id="156">
<BasicBoolTerm Intrnl_Id="157">
<LocList>
<Loc EndOffset="1531" SrcFileId="1" StartOffset="1507"/>
</LocList>
</BasicBoolTerm>
</RootTerm>
</CondStmnt>
</StmntSeq>
</Branch>
<Keyword EndOffset="937" SrcFileId="1" StartOffset="935"/>
<LocList>
<Loc EndOffset="2708" SrcFileId="1" StartOffset="935"/>
</LocList>
<RootTerm CovItemId="C1" CovItemPrefix="com.OriginalFiles.RemoteNXTFunctions.java" Intrnl_Id="158">
<BasicBoolTerm Intrnl_Id="159">
<LocList>
<Loc EndOffset="962" SrcFileId="1" StartOffset="938"/>
</LocList>
</BasicBoolTerm>
</RootTerm>
</CondStmnt>
<BasicStmnt CovItemId="S32" CovItemPrefix="com.OriginalFiles.RemoteNXTFunctions.java" Intrnl_Id="160">
<LocList>
<Loc EndOffset="2742" SrcFileId="1" StartOffset="2728"/>
</LocList>
</BasicStmnt>
</StmntSeq>
</HierarchyLvl>
</HierarchyLvl>
<HierarchyLvl HierarchyLvlId="10197" HierarchyLvlTypeId="12" Intrnl_Id="161" Name="Piece">
<Header>
<Loc EndOffset="48" SrcFileId="2" StartOffset="30"/>
</Header>
<LocList>
<Loc EndOffset="3411" SrcFileId="2" StartOffset="30"/>
</LocList>
<StmntSeq Intrnl_Id="162">
<LocList>
<Loc EndOffset="83" SrcFileId="2" StartOffset="56"/>
<Loc EndOffset="147" SrcFileId="2" StartOffset="113"/>
<Loc EndOffset="184" SrcFileId="2" StartOffset="153"/>
<Loc EndOffset="223" SrcFileId="2" StartOffset="190"/>
<Loc EndOffset="261" SrcFileId="2" StartOffset="229"/>
<Loc EndOffset="303" SrcFileId="2" StartOffset="267"/>
<Loc EndOffset="341" SrcFileId="2" StartOffset="309"/>
<Loc EndOffset="379" SrcFileId="2" StartOffset="347"/>
<Loc EndOffset="457" SrcFileId="2" StartOffset="421"/>
<Loc EndOffset="497" SrcFileId="2" StartOffset="463"/>
<Loc EndOffset="536" SrcFileId="2" StartOffset="503"/>
<Loc EndOffset="578" SrcFileId="2" StartOffset="542"/>
<Loc EndOffset="617" SrcFileId="2" StartOffset="584"/>
</LocList>
<BasicStmnt CovItemId="S1" CovItemPrefix="com.OriginalFiles.Piece.java" Intrnl_Id="163">
<LocList>
<Loc EndOffset="83" SrcFileId="2" StartOffset="56"/>
</LocList>
</BasicStmnt>
<BasicStmnt CovItemId="S2" CovItemPrefix="com.OriginalFiles.Piece.java" Intrnl_Id="164">
<LocList>
<Loc EndOffset="147" SrcFileId="2" StartOffset="113"/>
</LocList>
</BasicStmnt>
<BasicStmnt CovItemId="S3" CovItemPrefix="com.OriginalFiles.Piece.java" Intrnl_Id="165">
<LocList>
<Loc EndOffset="184" SrcFileId="2" StartOffset="153"/>
</LocList>
</BasicStmnt>
<BasicStmnt CovItemId="S4" CovItemPrefix="com.OriginalFiles.Piece.java" Intrnl_Id="166">
<LocList>
<Loc EndOffset="223" SrcFileId="2" StartOffset="190"/>
</LocList>
</BasicStmnt>
<BasicStmnt CovItemId="S5" CovItemPrefix="com.OriginalFiles.Piece.java" Intrnl_Id="167">
<LocList>
<Loc EndOffset="261" SrcFileId="2" StartOffset="229"/>
</LocList>
</BasicStmnt>
<BasicStmnt CovItemId="S6" CovItemPrefix="com.OriginalFiles.Piece.java" Intrnl_Id="168">
<LocList>
<Loc EndOffset="303" SrcFileId="2" StartOffset="267"/>
</LocList>
</BasicStmnt>
<BasicStmnt CovItemId="S7" CovItemPrefix="com.OriginalFiles.Piece.java" Intrnl_Id="169">
<LocList>
<Loc EndOffset="341" SrcFileId="2" StartOffset="309"/>
</LocList>
</BasicStmnt>
<BasicStmnt CovItemId="S8" CovItemPrefix="com.OriginalFiles.Piece.java" Intrnl_Id="170">
<LocList>
<Loc EndOffset="379" SrcFileId="2" StartOffset="347"/>
</LocList>
</BasicStmnt>
<BasicStmnt CovItemId="S9" CovItemPrefix="com.OriginalFiles.Piece.java" Intrnl_Id="171">
<LocList>
<Loc EndOffset="457" SrcFileId="2" StartOffset="421"/>
</LocList>
</BasicStmnt>
<BasicStmnt CovItemId="S10" CovItemPrefix="com.OriginalFiles.Piece.java" Intrnl_Id="172">
<LocList>
<Loc EndOffset="497" SrcFileId="2" StartOffset="463"/>
</LocList>
</BasicStmnt>
<BasicStmnt CovItemId="S11" CovItemPrefix="com.OriginalFiles.Piece.java" Intrnl_Id="173">
<LocList>
<Loc EndOffset="536" SrcFileId="2" StartOffset="503"/>
</LocList>
</BasicStmnt>
<BasicStmnt CovItemId="S12" CovItemPrefix="com.OriginalFiles.Piece.java" Intrnl_Id="174">
<LocList>
<Loc EndOffset="578" SrcFileId="2" StartOffset="542"/>
</LocList>
</BasicStmnt>
<BasicStmnt CovItemId="S13" CovItemPrefix="com.OriginalFiles.Piece.java" Intrnl_Id="175">
<LocList>
<Loc EndOffset="617" SrcFileId="2" StartOffset="584"/>
</LocList>
</BasicStmnt>
</StmntSeq>
<HierarchyLvl HierarchyLvlId="10187" HierarchyLvlTypeId="13" Intrnl_Id="176" Name="Piece">
<Header>
<Loc EndOffset="650" SrcFileId="2" StartOffset="625"/>
</Header>
<LocList>
<Loc EndOffset="691" SrcFileId="2" StartOffset="625"/>
</LocList>
<StmntSeq Intrnl_Id="177">
<LocList>
<Loc EndOffset="684" SrcFileId="2" StartOffset="662"/>
</LocList>
<BasicStmnt CovItemId="S14" CovItemPrefix="com.OriginalFiles.Piece.java" Intrnl_Id="178">
<LocList>
<Loc EndOffset="684" SrcFileId="2" StartOffset="662"/>
</LocList>
</BasicStmnt>
</StmntSeq>
</HierarchyLvl>
<HierarchyLvl HierarchyLvlId="10188" HierarchyLvlTypeId="13" Intrnl_Id="179" Name="getY">
<Header>
<Loc EndOffset="722" SrcFileId="2" StartOffset="699"/>
</Header>
<LocList>
<Loc EndOffset="750" SrcFileId="2" StartOffset="699"/>
</LocList>
<StmntSeq Intrnl_Id="180">
<LocList>
<Loc EndOffset="743" SrcFileId="2" StartOffset="734"/>
</LocList>
<BasicStmnt CovItemId="S15" CovItemPrefix="com.OriginalFiles.Piece.java" Intrnl_Id="181">
<LocList>
<Loc EndOffset="743" SrcFileId="2" StartOffset="734"/>
</LocList>
</BasicStmnt>
</StmntSeq>
</HierarchyLvl>
<HierarchyLvl HierarchyLvlId="10189" HierarchyLvlTypeId="13" Intrnl_Id="182" Name="getX">
<Header>
<Loc EndOffset="781" SrcFileId="2" StartOffset="758"/>
</Header>
<LocList>
<Loc EndOffset="809" SrcFileId="2" StartOffset="758"/>
</LocList>
<StmntSeq Intrnl_Id="183">
<LocList>
<Loc EndOffset="802" SrcFileId="2" StartOffset="793"/>
</LocList>
<BasicStmnt CovItemId="S16" CovItemPrefix="com.OriginalFiles.Piece.java" Intrnl_Id="184">
<LocList>
<Loc EndOffset="802" SrcFileId="2" StartOffset="793"/>
</LocList>
</BasicStmnt>
</StmntSeq>
</HierarchyLvl>
<HierarchyLvl HierarchyLvlId="10190" HierarchyLvlTypeId="13" Intrnl_Id="185" Name="setXY">
<Header>
<Loc EndOffset="864" SrcFileId="2" StartOffset="817"/>
</Header>
<LocList>
<Loc EndOffset="946" SrcFileId="2" StartOffset="817"/>
</LocList>
<StmntSeq Intrnl_Id="186">
<LocList>
<Loc EndOffset="887" SrcFileId="2" StartOffset="876"/>
<Loc EndOffset="908" SrcFileId="2" StartOffset="897"/>
<Loc EndOffset="939" SrcFileId="2" StartOffset="918"/>
</LocList>
<BasicStmnt CovItemId="S17" CovItemPrefix="com.OriginalFiles.Piece.java" Intrnl_Id="187">
<LocList>
<Loc EndOffset="887" SrcFileId="2" StartOffset="876"/>
</LocList>
</BasicStmnt>
<BasicStmnt CovItemId="S18" CovItemPrefix="com.OriginalFiles.Piece.java" Intrnl_Id="188">
<LocList>
<Loc EndOffset="908" SrcFileId="2" StartOffset="897"/>
</LocList>
</BasicStmnt>
<BasicStmnt CovItemId="S19" CovItemPrefix="com.OriginalFiles.Piece.java" Intrnl_Id="189">
<LocList>
<Loc EndOffset="939" SrcFileId="2" StartOffset="918"/>
</LocList>
</BasicStmnt>
</StmntSeq>
</HierarchyLvl>
<HierarchyLvl HierarchyLvlId="10191" HierarchyLvlTypeId="13" Intrnl_Id="190" Name="isOnBoard">
<Header>
<Loc EndOffset="981" SrcFileId="2" StartOffset="954"/>
</Header>
<LocList>
<Loc EndOffset="1151" SrcFileId="2" StartOffset="954"/>
</LocList>
<StmntSeq Intrnl_Id="191">
<LocList>
<Loc EndOffset="1144" SrcFileId="2" StartOffset="993"/>
</LocList>
<CondStmnt CovItemId="S20" CovItemPrefix="com.OriginalFiles.Piece.java" Intrnl_Id="192">
<Branch CovItemId="B1" CovItemPrefix="com.OriginalFiles.Piece.java" Implct="false" Intrnl_Id="193">
<Cond/>
<LocList>
<Loc EndOffset="1068" SrcFileId="2" StartOffset="1030"/>
</LocList>
<StmntSeq Intrnl_Id="194">
<LocList>
<Loc EndOffset="1057" SrcFileId="2" StartOffset="1045"/>
</LocList>
<BasicStmnt CovItemId="S21" CovItemPrefix="com.OriginalFiles.Piece.java" Intrnl_Id="195">
<LocList>
<Loc EndOffset="1057" SrcFileId="2" StartOffset="1045"/>
</LocList>
</BasicStmnt>
</StmntSeq>
</Branch>
<Branch CovItemId="B2" CovItemPrefix="com.OriginalFiles.Piece.java" Implct="false" Intrnl_Id="196">
<Cond>
<Loc EndOffset="1073" SrcFileId="2" StartOffset="1069"/>
</Cond>
<LocList>
<Loc EndOffset="1144" SrcFileId="2" StartOffset="1074"/>
</LocList>
<StmntSeq Intrnl_Id="197">
<LocList>
<Loc EndOffset="1106" SrcFileId="2" StartOffset="1089"/>
<Loc EndOffset="1133" SrcFileId="2" StartOffset="1120"/>
</LocList>
<BasicStmnt CovItemId="S22" CovItemPrefix="com.OriginalFiles.Piece.java" Intrnl_Id="198">
<LocList>
<Loc EndOffset="1106" SrcFileId="2" StartOffset="1089"/>
</LocList>
</BasicStmnt>
<BasicStmnt CovItemId="S23" CovItemPrefix="com.OriginalFiles.Piece.java" Intrnl_Id="199">
<LocList>
<Loc EndOffset="1133" SrcFileId="2" StartOffset="1120"/>
</LocList>
</BasicStmnt>
</StmntSeq>
</Branch>
<Keyword EndOffset="995" SrcFileId="2" StartOffset="993"/>
<LocList>
<Loc EndOffset="1144" SrcFileId="2" StartOffset="993"/>
</LocList>
<RootTerm CovItemId="C1" CovItemPrefix="com.OriginalFiles.Piece.java" Intrnl_Id="200">
<BasicBoolTerm Intrnl_Id="201">
<LocList>
<Loc EndOffset="1028" SrcFileId="2" StartOffset="997"/>
</LocList>
</BasicBoolTerm>
</RootTerm>
</CondStmnt>
</StmntSeq>
</HierarchyLvl>
<HierarchyLvl HierarchyLvlId="10192" HierarchyLvlTypeId="13" Intrnl_Id="202" Name="priceForPiece">
<Header>
<Loc EndOffset="1207" SrcFileId="2" StartOffset="1159"/>
</Header>
<LocList>
<Loc EndOffset="1373" SrcFileId="2" StartOffset="1159"/>
</LocList>
<StmntSeq Intrnl_Id="203">
<LocList>
<Loc EndOffset="1336" SrcFileId="2" StartOffset="1219"/>
<Loc EndOffset="1366" SrcFileId="2" StartOffset="1346"/>
</LocList>
<CondStmnt CovItemId="S24" CovItemPrefix="com.OriginalFiles.Piece.java" Intrnl_Id="204">
<Branch CovItemId="B3" CovItemPrefix="com.OriginalFiles.Piece.java" Implct="false" Intrnl_Id="205">
<Cond/>
<LocList>
<Loc EndOffset="1336" SrcFileId="2" StartOffset="1283"/>
</LocList>
<StmntSeq Intrnl_Id="206">
<LocList>
<Loc EndOffset="1325" SrcFileId="2" StartOffset="1302"/>
</LocList>
<BasicStmnt CovItemId="S25" CovItemPrefix="com.OriginalFiles.Piece.java" Intrnl_Id="207">
<LocList>
<Loc EndOffset="1325" SrcFileId="2" StartOffset="1302"/>
</LocList>
</BasicStmnt>
</StmntSeq>
</Branch>
<Branch CovItemId="B4" CovItemPrefix="com.OriginalFiles.Piece.java" Implct="true" Intrnl_Id="208">
<Cond/>
<LocList/>
<StmntSeq Intrnl_Id="209">
<LocList/>
</StmntSeq>
</Branch>
<Keyword EndOffset="1221" SrcFileId="2" StartOffset="1219"/>
<LocList>
<Loc EndOffset="1336" SrcFileId="2" StartOffset="1219"/>
</LocList>
<RootTerm CovItemId="C2" CovItemPrefix="com.OriginalFiles.Piece.java" Intrnl_Id="210">
<OpTerm BooleanOpId="10" Intrnl_Id="211">
<BasicBoolTerm Intrnl_Id="212">
<LocList>
<Loc EndOffset="1255" SrcFileId="2" StartOffset="1223"/>
</LocList>
</BasicBoolTerm>
<BasicBoolTerm Intrnl_Id="213">
<LocList>
<Loc EndOffset="1281" SrcFileId="2" StartOffset="1259"/>
</LocList>
</BasicBoolTerm>
<LocList>
<Loc EndOffset="1258" SrcFileId="2" StartOffset="1256"/>
</LocList>
</OpTerm>
</RootTerm>
</CondStmnt>
<BasicStmnt CovItemId="S26" CovItemPrefix="com.OriginalFiles.Piece.java" Intrnl_Id="214">
<LocList>
<Loc EndOffset="1366" SrcFileId="2" StartOffset="1346"/>
</LocList>
</BasicStmnt>
</StmntSeq>
</HierarchyLvl>
<HierarchyLvl HierarchyLvlId="10193" HierarchyLvlTypeId="13" Intrnl_Id="215" Name="min">
<Header>
<Loc EndOffset="1410" SrcFileId="2" StartOffset="1381"/>
</Header>
<LocList>
<Loc EndOffset="1494" SrcFileId="2" StartOffset="1381"/>
</LocList>
<StmntSeq Intrnl_Id="216">
<LocList>
<Loc EndOffset="1468" SrcFileId="2" StartOffset="1422"/>
<Loc EndOffset="1487" SrcFileId="2" StartOffset="1478"/>
</LocList>
<CondStmnt CovItemId="S27" CovItemPrefix="com.OriginalFiles.Piece.java" Intrnl_Id="217">
<Branch CovItemId="B5" CovItemPrefix="com.OriginalFiles.Piece.java" Implct="false" Intrnl_Id="218">
<Cond/>
<LocList>
<Loc EndOffset="1468" SrcFileId="2" StartOffset="1433"/>
</LocList>
<StmntSeq Intrnl_Id="219">
<LocList>
<Loc EndOffset="1457" SrcFileId="2" StartOffset="1448"/>
</LocList>
<BasicStmnt CovItemId="S28" CovItemPrefix="com.OriginalFiles.Piece.java" Intrnl_Id="220">
<LocList>
<Loc EndOffset="1457" SrcFileId="2" StartOffset="1448"/>
</LocList>
</BasicStmnt>
</StmntSeq>
</Branch>
<Branch CovItemId="B6" CovItemPrefix="com.OriginalFiles.Piece.java" Implct="true" Intrnl_Id="221">
<Cond/>
<LocList/>
<StmntSeq Intrnl_Id="222">
<LocList/>
</StmntSeq>
</Branch>
<Keyword EndOffset="1424" SrcFileId="2" StartOffset="1422"/>
<LocList>
<Loc EndOffset="1468" SrcFileId="2" StartOffset="1422"/>
</LocList>
<RootTerm CovItemId="C3" CovItemPrefix="com.OriginalFiles.Piece.java" Intrnl_Id="223">
<BasicBoolTerm Intrnl_Id="224">
<LocList>
<Loc EndOffset="1431" SrcFileId="2" StartOffset="1426"/>
</LocList>
</BasicBoolTerm>
</RootTerm>
</CondStmnt>
<BasicStmnt CovItemId="S29" CovItemPrefix="com.OriginalFiles.Piece.java" Intrnl_Id="225">
<LocList>
<Loc EndOffset="1487" SrcFileId="2" StartOffset="1478"/>
</LocList>
</BasicStmnt>
</StmntSeq>
</HierarchyLvl>
<HierarchyLvl HierarchyLvlId="10194" HierarchyLvlTypeId="13" Intrnl_Id="226" Name="updatePriceMidgame">
<Header>
<Loc EndOffset="1535" SrcFileId="2" StartOffset="1502"/>
</Header>
<LocList>
<Loc EndOffset="1577" SrcFileId="2" StartOffset="1502"/>
</LocList>
<StmntSeq Intrnl_Id="227">
<LocList>
<Loc EndOffset="1570" SrcFileId="2" StartOffset="1547"/>
</LocList>
<BasicStmnt CovItemId="S30" CovItemPrefix="com.OriginalFiles.Piece.java" Intrnl_Id="228">
<LocList>
<Loc EndOffset="1570" SrcFileId="2" StartOffset="1547"/>
</LocList>
</BasicStmnt>
</StmntSeq>
</HierarchyLvl>
<HierarchyLvl HierarchyLvlId="10195" HierarchyLvlTypeId="13" Intrnl_Id="229" Name="updatePrice">
<Header>
<Loc EndOffset="1624" SrcFileId="2" StartOffset="1585"/>
</Header>
<LocList>
<Loc EndOffset="2616" SrcFileId="2" StartOffset="1585"/>
</LocList>
<StmntSeq Intrnl_Id="230">
<LocList>
<Loc EndOffset="2609" SrcFileId="2" StartOffset="1636"/>
</LocList>
<CondStmnt CovItemId="S31" CovItemPrefix="com.OriginalFiles.Piece.java" Intrnl_Id="231">
<Branch CovItemId="B7" CovItemPrefix="com.OriginalFiles.Piece.java" Implct="false" Intrnl_Id="232">
<Cond/>
<LocList>
<Loc EndOffset="2609" SrcFileId="2" StartOffset="1653"/>
</LocList>
<StmntSeq Intrnl_Id="233">
<LocList>
<Loc EndOffset="1700" SrcFileId="2" StartOffset="1668"/>
<Loc EndOffset="1745" SrcFileId="2" StartOffset="1714"/>
<Loc EndOffset="1913" SrcFileId="2" StartOffset="1759"/>
<Loc EndOffset="2032" SrcFileId="2" StartOffset="1927"/>
<Loc EndOffset="2469" SrcFileId="2" StartOffset="2048"/>
<Loc EndOffset="2557" SrcFileId="2" StartOffset="2483"/>
<Loc EndOffset="2598" SrcFileId="2" StartOffset="2571"/>
</LocList>
<BasicStmnt CovItemId="S32" CovItemPrefix="com.OriginalFiles.Piece.java" Intrnl_Id="234">
<LocList>
<Loc EndOffset="1700" SrcFileId="2" StartOffset="1668"/>
</LocList>
</BasicStmnt>
<BasicStmnt CovItemId="S33" CovItemPrefix="com.OriginalFiles.Piece.java" Intrnl_Id="235">
<LocList>
<Loc EndOffset="1745" SrcFileId="2" StartOffset="1714"/>
</LocList>
</BasicStmnt>
<CondStmnt CovItemId="S34" CovItemPrefix="com.OriginalFiles.Piece.java" Intrnl_Id="236">
<Branch CovItemId="B9" CovItemPrefix="com.OriginalFiles.Piece.java" Implct="false" Intrnl_Id="237">
<Cond/>
<LocList>
<Loc EndOffset="1913" SrcFileId="2" StartOffset="1787"/>
</LocList>
<StmntSeq Intrnl_Id="238">
<LocList>
<Loc EndOffset="1898" SrcFileId="2" StartOffset="1806"/>
</LocList>
<BasicStmnt CovItemId="S35" CovItemPrefix="com.OriginalFiles.Piece.java" Intrnl_Id="239">
<LocList>
<Loc EndOffset="1898" SrcFileId="2" StartOffset="1806"/>
</LocList>
</BasicStmnt>
</StmntSeq>
</Branch>
<Branch CovItemId="B10" CovItemPrefix="com.OriginalFiles.Piece.java" Implct="true" Intrnl_Id="240">
<Cond/>
<LocList/>
<StmntSeq Intrnl_Id="241">
<LocList/>
</StmntSeq>
</Branch>
<Keyword EndOffset="1761" SrcFileId="2" StartOffset="1759"/>
<LocList>
<Loc EndOffset="1913" SrcFileId="2" StartOffset="1759"/>
</LocList>
<RootTerm CovItemId="C5" CovItemPrefix="com.OriginalFiles.Piece.java" Intrnl_Id="242">
<BasicBoolTerm Intrnl_Id="243">
<LocList>
<Loc EndOffset="1785" SrcFileId="2" StartOffset="1763"/>
</LocList>
</BasicBoolTerm>
</RootTerm>
</CondStmnt>
<CondStmnt CovItemId="S36" CovItemPrefix="com.OriginalFiles.Piece.java" Intrnl_Id="244">
<Branch CovItemId="B11" CovItemPrefix="com.OriginalFiles.Piece.java" Implct="false" Intrnl_Id="245">
<Cond/>
<LocList>
<Loc EndOffset="2032" SrcFileId="2" StartOffset="1955"/>
</LocList>
<StmntSeq Intrnl_Id="246">
<LocList>
<Loc EndOffset="2017" SrcFileId="2" StartOffset="1974"/>
</LocList>
<BasicStmnt CovItemId="S37" CovItemPrefix="com.OriginalFiles.Piece.java" Intrnl_Id="247">
<LocList>
<Loc EndOffset="2017" SrcFileId="2" StartOffset="1974"/>
</LocList>
</BasicStmnt>
</StmntSeq>
</Branch>
<Branch CovItemId="B12" CovItemPrefix="com.OriginalFiles.Piece.java" Implct="true" Intrnl_Id="248">
<Cond/>
<LocList/>
<StmntSeq Intrnl_Id="249">
<LocList/>
</StmntSeq>
</Branch>
<Keyword EndOffset="1929" SrcFileId="2" StartOffset="1927"/>
<LocList>
<Loc EndOffset="2032" SrcFileId="2" StartOffset="1927"/>
</LocList>
<RootTerm CovItemId="C6" CovItemPrefix="com.OriginalFiles.Piece.java" Intrnl_Id="250">
<BasicBoolTerm Intrnl_Id="251">
<LocList>
<Loc EndOffset="1953" SrcFileId="2" StartOffset="1931"/>
</LocList>
</BasicBoolTerm>
</RootTerm>
</CondStmnt>
<CondStmnt CovItemId="S38" CovItemPrefix="com.OriginalFiles.Piece.java" Intrnl_Id="252">
<Branch CovItemId="B13" CovItemPrefix="com.OriginalFiles.Piece.java" Implct="false" Intrnl_Id="253">
<Cond/>
<LocList>
<Loc EndOffset="2469" SrcFileId="2" StartOffset="2281"/>
</LocList>
<StmntSeq Intrnl_Id="254">
<LocList>
<Loc EndOffset="2403" SrcFileId="2" StartOffset="2300"/>
<Loc EndOffset="2454" SrcFileId="2" StartOffset="2421"/>
</LocList>
<CondStmnt CovItemId="S39" CovItemPrefix="com.OriginalFiles.Piece.java" Intrnl_Id="255">
<Branch CovItemId="B15" CovItemPrefix="com.OriginalFiles.Piece.java" Implct="false" Intrnl_Id="256">
<Cond/>
<LocList>
<Loc EndOffset="2403" SrcFileId="2" StartOffset="2328"/>
</LocList>
<StmntSeq Intrnl_Id="257">
<LocList>
<Loc EndOffset="2384" SrcFileId="2" StartOffset="2351"/>
</LocList>
<BasicStmnt CovItemId="S40" CovItemPrefix="com.OriginalFiles.Piece.java" Intrnl_Id="258">
<LocList>
<Loc EndOffset="2384" SrcFileId="2" StartOffset="2351"/>
</LocList>
</BasicStmnt>
</StmntSeq>
</Branch>
<Branch CovItemId="B16" CovItemPrefix="com.OriginalFiles.Piece.java" Implct="true" Intrnl_Id="259">
<Cond/>
<LocList/>
<StmntSeq Intrnl_Id="260">
<LocList/>
</StmntSeq>
</Branch>
<Keyword EndOffset="2302" SrcFileId="2" StartOffset="2300"/>
<LocList>
<Loc EndOffset="2403" SrcFileId="2" StartOffset="2300"/>
</LocList>
<RootTerm CovItemId="C8" CovItemPrefix="com.OriginalFiles.Piece.java" Intrnl_Id="261">
<BasicBoolTerm Intrnl_Id="262">
<LocList>
<Loc EndOffset="2326" SrcFileId="2" StartOffset="2304"/>
</LocList>
</BasicBoolTerm>
</RootTerm>
</CondStmnt>
<BasicStmnt CovItemId="S41" CovItemPrefix="com.OriginalFiles.Piece.java" Intrnl_Id="263">
<LocList>
<Loc EndOffset="2454" SrcFileId="2" StartOffset="2421"/>
</LocList>
</BasicStmnt>
</StmntSeq>
</Branch>
<Branch CovItemId="B14" CovItemPrefix="com.OriginalFiles.Piece.java" Implct="true" Intrnl_Id="264">
<Cond/>
<LocList/>
<StmntSeq Intrnl_Id="265">
<LocList/>
</StmntSeq>
</Branch>
<Keyword EndOffset="2050" SrcFileId="2" StartOffset="2048"/>
<LocList>
<Loc EndOffset="2469" SrcFileId="2" StartOffset="2048"/>
</LocList>
<RootTerm CovItemId="C7" CovItemPrefix="com.OriginalFiles.Piece.java" Intrnl_Id="266">
<OpTerm BooleanOpId="9" Intrnl_Id="267">
<OpTerm BooleanOpId="8" Intrnl_Id="268">
<BasicBoolTerm Intrnl_Id="269">
<LocList>
<Loc EndOffset="2062" SrcFileId="2" StartOffset="2053"/>
</LocList>
</BasicBoolTerm>
<LocList>
<Loc EndOffset="2053" SrcFileId="2" StartOffset="2052"/>
</LocList>
</OpTerm>
<OpTerm BooleanOpId="10" Intrnl_Id="270">
<OpTerm BooleanOpId="9" Intrnl_Id="271">
<BasicBoolTerm Intrnl_Id="272">
<LocList>
<Loc EndOffset="2130" SrcFileId="2" StartOffset="2089"/>
</LocList>
</BasicBoolTerm>
<BasicBoolTerm Intrnl_Id="273">
<LocList>
<Loc EndOffset="2169" SrcFileId="2" StartOffset="2163"/>
</LocList>
</BasicBoolTerm>
<LocList>
<Loc EndOffset="2162" SrcFileId="2" StartOffset="2160"/>
</LocList>
</OpTerm>
<OpTerm BooleanOpId="9" Intrnl_Id="274">
<BasicBoolTerm Intrnl_Id="275">
<LocList>
<Loc EndOffset="2238" SrcFileId="2" StartOffset="2196"/>
</LocList>
</BasicBoolTerm>
<BasicBoolTerm Intrnl_Id="276">
<LocList>
<Loc EndOffset="2277" SrcFileId="2" StartOffset="2271"/>
</LocList>
</BasicBoolTerm>
<LocList>
<Loc EndOffset="2270" SrcFileId="2" StartOffset="2268"/>
</LocList>
</OpTerm>
<LocList>
<Loc EndOffset="2194" SrcFileId="2" StartOffset="2192"/>
</LocList>
</OpTerm>
<LocList>
<Loc EndOffset="2086" SrcFileId="2" StartOffset="2084"/>
</LocList>
</OpTerm>
</RootTerm>
</CondStmnt>
<CondStmnt CovItemId="S42" CovItemPrefix="com.OriginalFiles.Piece.java" Intrnl_Id="277">
<Branch CovItemId="B17" CovItemPrefix="com.OriginalFiles.Piece.java" Implct="false" Intrnl_Id="278">
<Cond/>
<LocList>
<Loc EndOffset="2557" SrcFileId="2" StartOffset="2498"/>
</LocList>
<StmntSeq Intrnl_Id="279">
<LocList>
<Loc EndOffset="2542" SrcFileId="2" StartOffset="2517"/>
</LocList>
<BasicStmnt CovItemId="S43" CovItemPrefix="com.OriginalFiles.Piece.java" Intrnl_Id="280">
<LocList>
<Loc EndOffset="2542" SrcFileId="2" StartOffset="2517"/>
</LocList>
</BasicStmnt>
</StmntSeq>
</Branch>
<Branch CovItemId="B18" CovItemPrefix="com.OriginalFiles.Piece.java" Implct="true" Intrnl_Id="281">
<Cond/>
<LocList/>
<StmntSeq Intrnl_Id="282">
<LocList/>
</StmntSeq>
</Branch>
<Keyword EndOffset="2485" SrcFileId="2" StartOffset="2483"/>
<LocList>
<Loc EndOffset="2557" SrcFileId="2" StartOffset="2483"/>
</LocList>
<RootTerm CovItemId="C9" CovItemPrefix="com.OriginalFiles.Piece.java" Intrnl_Id="283">
<BasicBoolTerm Intrnl_Id="284">
<LocList>
<Loc EndOffset="2496" SrcFileId="2" StartOffset="2487"/>
</LocList>
</BasicBoolTerm>
</RootTerm>
</CondStmnt>
<BasicStmnt CovItemId="S44" CovItemPrefix="com.OriginalFiles.Piece.java" Intrnl_Id="285">
<LocList>
<Loc EndOffset="2598" SrcFileId="2" StartOffset="2571"/>
</LocList>
</BasicStmnt>
</StmntSeq>
</Branch>
<Branch CovItemId="B8" CovItemPrefix="com.OriginalFiles.Piece.java" Implct="true" Intrnl_Id="286">
<Cond/>
<LocList/>
<StmntSeq Intrnl_Id="287">
<LocList/>
</StmntSeq>
</Branch>
<Keyword EndOffset="1638" SrcFileId="2" StartOffset="1636"/>
<LocList>
<Loc EndOffset="2609" SrcFileId="2" StartOffset="1636"/>
</LocList>
<RootTerm CovItemId="C4" CovItemPrefix="com.OriginalFiles.Piece.java" Intrnl_Id="288">
<BasicBoolTerm Intrnl_Id="289">
<LocList>
<Loc EndOffset="1651" SrcFileId="2" StartOffset="1640"/>
</LocList>
</BasicBoolTerm>
</RootTerm>
</CondStmnt>
</StmntSeq>
</HierarchyLvl>
<HierarchyLvl HierarchyLvlId="10196" HierarchyLvlTypeId="13" Intrnl_Id="290" Name="closestPiece">
<Header>
<Loc EndOffset="2650" SrcFileId="2" StartOffset="2624"/>
</Header>
<LocList>
<Loc EndOffset="3408" SrcFileId="2" StartOffset="2624"/>
</LocList>
<StmntSeq Intrnl_Id="291">
<LocList>
<Loc EndOffset="2684" SrcFileId="2" StartOffset="2662"/>
<Loc EndOffset="2711" SrcFileId="2" StartOffset="2694"/>
<Loc EndOffset="3375" SrcFileId="2" StartOffset="2721"/>
<Loc EndOffset="3401" SrcFileId="2" StartOffset="3385"/>
</LocList>
<BasicStmnt CovItemId="S45" CovItemPrefix="com.OriginalFiles.Piece.java" Intrnl_Id="292">
<LocList>
<Loc EndOffset="2684" SrcFileId="2" StartOffset="2662"/>
</LocList>
</BasicStmnt>
<BasicStmnt CovItemId="S46" CovItemPrefix="com.OriginalFiles.Piece.java" Intrnl_Id="293">
<LocList>
<Loc EndOffset="2711" SrcFileId="2" StartOffset="2694"/>
</LocList>
</BasicStmnt>
<LoopStmnt CovItemId="S47" CovItemPrefix="com.OriginalFiles.Piece.java" Intrnl_Id="294" MltplExecId="L1-2" MltplExecPrefix="com.OriginalFiles.Piece.java" NvrExecId="L1-0" NvrExecPrefix="com.OriginalFiles.Piece.java" OnceExecutedId="L1-1" OnceExecutedPrefix="com.OriginalFiles.Piece.java" OptBodyExec="true">
<StmntSeq Intrnl_Id="295">
<LocList>
<Loc EndOffset="2781" SrcFileId="2" StartOffset="2767"/>
<Loc EndOffset="3364" SrcFileId="2" StartOffset="2795"/>
</LocList>
<BasicStmnt CovItemId="S48" CovItemPrefix="com.OriginalFiles.Piece.java" Intrnl_Id="296">
<LocList>
<Loc EndOffset="2781" SrcFileId="2" StartOffset="2767"/>
</LocList>
</BasicStmnt>
<LoopStmnt CovItemId="S49" CovItemPrefix="com.OriginalFiles.Piece.java" Intrnl_Id="297" MltplExecId="L2-2" MltplExecPrefix="com.OriginalFiles.Piece.java" NvrExecId="L2-0" NvrExecPrefix="com.OriginalFiles.Piece.java" OnceExecutedId="L2-1" OnceExecutedPrefix="com.OriginalFiles.Piece.java" OptBodyExec="true">
<StmntSeq Intrnl_Id="298">
<LocList>
<Loc EndOffset="3349" SrcFileId="2" StartOffset="2872"/>
</LocList>
<LoopStmnt CovItemId="S50" CovItemPrefix="com.OriginalFiles.Piece.java" Intrnl_Id="299" MltplExecId="L3-2" MltplExecPrefix="com.OriginalFiles.Piece.java" NvrExecId="L3-0" NvrExecPrefix="com.OriginalFiles.Piece.java" OnceExecutedId="L3-1" OnceExecutedPrefix="com.OriginalFiles.Piece.java" OptBodyExec="true">
<StmntSeq Intrnl_Id="300">
<LocList>
<Loc EndOffset="3330" SrcFileId="2" StartOffset="2942"/>
</LocList>
<CondStmnt CovItemId="S51" CovItemPrefix="com.OriginalFiles.Piece.java" Intrnl_Id="301">
<Branch CovItemId="B19" CovItemPrefix="com.OriginalFiles.Piece.java" Implct="false" Intrnl_Id="302">
<Cond/>
<LocList>
<Loc EndOffset="3330" SrcFileId="2" StartOffset="3017"/>
</LocList>
<StmntSeq Intrnl_Id="303">
<LocList>
<Loc EndOffset="3307" SrcFileId="2" StartOffset="3044"/>
</LocList>
<CondStmnt CovItemId="S52" CovItemPrefix="com.OriginalFiles.Piece.java" Intrnl_Id="304">
<Branch CovItemId="B21" CovItemPrefix="com.OriginalFiles.Piece.java" Implct="false" Intrnl_Id="305">
<Cond/>
<LocList>
<Loc EndOffset="3307" SrcFileId="2" StartOffset="3190"/>
</LocList>
<StmntSeq Intrnl_Id="306">
<LocList>
<Loc EndOffset="3234" SrcFileId="2" StartOffset="3221"/>
<Loc EndOffset="3280" SrcFileId="2" StartOffset="3264"/>
</LocList>
<BasicStmnt CovItemId="S53" CovItemPrefix="com.OriginalFiles.Piece.java" Intrnl_Id="307">
<LocList>
<Loc EndOffset="3234" SrcFileId="2" StartOffset="3221"/>
</LocList>
</BasicStmnt>
<BasicStmnt CovItemId="S54" CovItemPrefix="com.OriginalFiles.Piece.java" Intrnl_Id="308">
<LocList>
<Loc EndOffset="3280" SrcFileId="2" StartOffset="3264"/>
</LocList>
</BasicStmnt>
</StmntSeq>
</Branch>
<Branch CovItemId="B22" CovItemPrefix="com.OriginalFiles.Piece.java" Implct="true" Intrnl_Id="309">
<Cond/>
<LocList/>
<StmntSeq Intrnl_Id="310">
<LocList/>
</StmntSeq>
</Branch>
<Keyword EndOffset="3046" SrcFileId="2" StartOffset="3044"/>
<LocList>
<Loc EndOffset="3307" SrcFileId="2" StartOffset="3044"/>
</LocList>
<RootTerm CovItemId="C14" CovItemPrefix="com.OriginalFiles.Piece.java" Intrnl_Id="311">
<BasicBoolTerm Intrnl_Id="312">
<LocList>
<Loc EndOffset="3188" SrcFileId="2" StartOffset="3048"/>
</LocList>
</BasicBoolTerm>
</RootTerm>
</CondStmnt>
</StmntSeq>
</Branch>
<Branch CovItemId="B20" CovItemPrefix="com.OriginalFiles.Piece.java" Implct="true" Intrnl_Id="313">
<Cond/>
<LocList/>
<StmntSeq Intrnl_Id="314">
<LocList/>
</StmntSeq>
</Branch>
<Keyword EndOffset="2944" SrcFileId="2" StartOffset="2942"/>
<LocList>
<Loc EndOffset="3330" SrcFileId="2" StartOffset="2942"/>
</LocList>
<RootTerm CovItemId="C13" CovItemPrefix="com.OriginalFiles.Piece.java" Intrnl_Id="315">
<BasicBoolTerm Intrnl_Id="316">
<LocList>
<Loc EndOffset="3015" SrcFileId="2" StartOffset="2946"/>
</LocList>
</BasicBoolTerm>
</RootTerm>
</CondStmnt>
</StmntSeq>
<Keyword EndOffset="2875" SrcFileId="2" StartOffset="2872"/>
<LocList>
<Loc EndOffset="3349" SrcFileId="2" StartOffset="2872"/>
</LocList>
<RootTerm CovItemId="C12" CovItemPrefix="com.OriginalFiles.Piece.java" Intrnl_Id="317">
<BasicBoolTerm Intrnl_Id="318">
<LocList>
<Loc EndOffset="2912" SrcFileId="2" StartOffset="2896"/>
</LocList>
</BasicBoolTerm>
</RootTerm>
</LoopStmnt>
</StmntSeq>
<Keyword EndOffset="2809" SrcFileId="2" StartOffset="2806"/>
<LocList>
<Loc EndOffset="3364" SrcFileId="2" StartOffset="2795"/>
</LocList>
<RootTerm CovItemId="C11" CovItemPrefix="com.OriginalFiles.Piece.java" Intrnl_Id="319">
<BasicBoolTerm Intrnl_Id="320">
<LocList>
<Loc EndOffset="2846" SrcFileId="2" StartOffset="2830"/>
</LocList>
</BasicBoolTerm>
</RootTerm>
</LoopStmnt>
</StmntSeq>
<Keyword EndOffset="2726" SrcFileId="2" StartOffset="2721"/>
<LocList>
<Loc EndOffset="3375" SrcFileId="2" StartOffset="2721"/>
</LocList>
<RootTerm CovItemId="C10" CovItemPrefix="com.OriginalFiles.Piece.java" Intrnl_Id="321">
<OpTerm BooleanOpId="9" Intrnl_Id="322">
<OpTerm BooleanOpId="8" Intrnl_Id="323">
<BasicBoolTerm Intrnl_Id="324">
<LocList>
<Loc EndOffset="2734" SrcFileId="2" StartOffset="2729"/>
</LocList>
</BasicBoolTerm>
<LocList>
<Loc EndOffset="2729" SrcFileId="2" StartOffset="2728"/>
</LocList>
</OpTerm>
<BasicBoolTerm Intrnl_Id="325">
<LocList>
<Loc EndOffset="2750" SrcFileId="2" StartOffset="2738"/>
</LocList>
</BasicBoolTerm>
<LocList>
<Loc EndOffset="2737" SrcFileId="2" StartOffset="2735"/>
</LocList>
</OpTerm>
</RootTerm>
</LoopStmnt>
<BasicStmnt CovItemId="S55" CovItemPrefix="com.OriginalFiles.Piece.java" Intrnl_Id="326">
<LocList>
<Loc EndOffset="3401" SrcFileId="2" StartOffset="3385"/>
</LocList>
</BasicStmnt>
</StmntSeq>
</HierarchyLvl>
</HierarchyLvl>
<HierarchyLvl HierarchyLvlId="10203" HierarchyLvlTypeId="12" Intrnl_Id="327" Name="Move">
<Header>
<Loc EndOffset="102" SrcFileId="3" StartOffset="85"/>
</Header>
<LocList>
<Loc EndOffset="1195" SrcFileId="3" StartOffset="85"/>
</LocList>
<StmntSeq Intrnl_Id="328">
<LocList>
<Loc EndOffset="227" SrcFileId="3" StartOffset="171"/>
<Loc EndOffset="270" SrcFileId="3" StartOffset="233"/>
</LocList>
<BasicStmnt CovItemId="S1" CovItemPrefix="com.OriginalFiles.Move.java" Intrnl_Id="329">
<LocList>
<Loc EndOffset="227" SrcFileId="3" StartOffset="171"/>
</LocList>
</BasicStmnt>
<BasicStmnt CovItemId="S2" CovItemPrefix="com.OriginalFiles.Move.java" Intrnl_Id="330">
<LocList>
<Loc EndOffset="270" SrcFileId="3" StartOffset="233"/>
</LocList>
</BasicStmnt>
</StmntSeq>
<HierarchyLvl HierarchyLvlId="10198" HierarchyLvlTypeId="13" Intrnl_Id="331" Name="Move">
<Header>
<Loc EndOffset="336" SrcFileId="3" StartOffset="278"/>
</Header>
<LocList>
<Loc EndOffset="544" SrcFileId="3" StartOffset="278"/>
</LocList>
<StmntSeq Intrnl_Id="332">
<LocList>
<Loc EndOffset="396" SrcFileId="3" StartOffset="348"/>
<Loc EndOffset="431" SrcFileId="3" StartOffset="406"/>
<Loc EndOffset="464" SrcFileId="3" StartOffset="441"/>
<Loc EndOffset="498" SrcFileId="3" StartOffset="474"/>
<Loc EndOffset="537" SrcFileId="3" StartOffset="508"/>
</LocList>
<BasicStmnt CovItemId="S3" CovItemPrefix="com.OriginalFiles.Move.java" Intrnl_Id="333">
<LocList>
<Loc EndOffset="396" SrcFileId="3" StartOffset="348"/>
</LocList>
</BasicStmnt>
<BasicStmnt CovItemId="S4" CovItemPrefix="com.OriginalFiles.Move.java" Intrnl_Id="334">
<LocList>
<Loc EndOffset="431" SrcFileId="3" StartOffset="406"/>
</LocList>
</BasicStmnt>
<BasicStmnt CovItemId="S5" CovItemPrefix="com.OriginalFiles.Move.java" Intrnl_Id="335">
<LocList>
<Loc EndOffset="464" SrcFileId="3" StartOffset="441"/>
</LocList>
</BasicStmnt>
<BasicStmnt CovItemId="S6" CovItemPrefix="com.OriginalFiles.Move.java" Intrnl_Id="336">
<LocList>
<Loc EndOffset="498" SrcFileId="3" StartOffset="474"/>
</LocList>
</BasicStmnt>
<BasicStmnt CovItemId="S7" CovItemPrefix="com.OriginalFiles.Move.java" Intrnl_Id="337">
<LocList>
<Loc EndOffset="537" SrcFileId="3" StartOffset="508"/>
</LocList>
</BasicStmnt>
</StmntSeq>
</HierarchyLvl>
<HierarchyLvl HierarchyLvlId="10199" HierarchyLvlTypeId="13" Intrnl_Id="338" Name="Move">
<Header>
<Loc EndOffset="604" SrcFileId="3" StartOffset="552"/>
</Header>
<LocList>
<Loc EndOffset="686" SrcFileId="3" StartOffset="552"/>
</LocList>
<StmntSeq Intrnl_Id="339">
<LocList>
<Loc EndOffset="640" SrcFileId="3" StartOffset="616"/>
<Loc EndOffset="679" SrcFileId="3" StartOffset="650"/>
</LocList>
<BasicStmnt CovItemId="S8" CovItemPrefix="com.OriginalFiles.Move.java" Intrnl_Id="340">
<LocList>
<Loc EndOffset="640" SrcFileId="3" StartOffset="616"/>
</LocList>
</BasicStmnt>
<BasicStmnt CovItemId="S9" CovItemPrefix="com.OriginalFiles.Move.java" Intrnl_Id="341">
<LocList>
<Loc EndOffset="679" SrcFileId="3" StartOffset="650"/>
</LocList>
</BasicStmnt>
</StmntSeq>
</HierarchyLvl>
<HierarchyLvl HierarchyLvlId="10200" HierarchyLvlTypeId="13" Intrnl_Id="342" Name="Move">
<Header>
<Loc EndOffset="707" SrcFileId="3" StartOffset="694"/>
</Header>
<LocList>
<Loc EndOffset="808" SrcFileId="3" StartOffset="694"/>
</LocList>
<StmntSeq Intrnl_Id="343">
<LocList>
<Loc EndOffset="767" SrcFileId="3" StartOffset="719"/>
<Loc EndOffset="801" SrcFileId="3" StartOffset="777"/>
</LocList>
<BasicStmnt CovItemId="S10" CovItemPrefix="com.OriginalFiles.Move.java" Intrnl_Id="344">
<LocList>
<Loc EndOffset="767" SrcFileId="3" StartOffset="719"/>
</LocList>
</BasicStmnt>
<BasicStmnt CovItemId="S11" CovItemPrefix="com.OriginalFiles.Move.java" Intrnl_Id="345">
<LocList>
<Loc EndOffset="801" SrcFileId="3" StartOffset="777"/>
</LocList>
</BasicStmnt>
</StmntSeq>
</HierarchyLvl>
<HierarchyLvl HierarchyLvlId="10201" HierarchyLvlTypeId="13" Intrnl_Id="346" Name="isJump">
<Header>
<Loc EndOffset="845" SrcFileId="3" StartOffset="816"/>
</Header>
<LocList>
<Loc EndOffset="1107" SrcFileId="3" StartOffset="816"/>
</LocList>
<StmntSeq Intrnl_Id="347">
<LocList>
<Loc EndOffset="1100" SrcFileId="3" StartOffset="857"/>
</LocList>
<CondStmnt CovItemId="S12" CovItemPrefix="com.OriginalFiles.Move.java" Intrnl_Id="348">
<Branch CovItemId="B1" CovItemPrefix="com.OriginalFiles.Move.java" Implct="false" Intrnl_Id="349">
<Cond/>
<LocList>
<Loc EndOffset="1055" SrcFileId="3" StartOffset="880"/>
</LocList>
<StmntSeq Intrnl_Id="350">
<LocList>
<Loc EndOffset="919" SrcFileId="3" StartOffset="895"/>
<Loc EndOffset="960" SrcFileId="3" StartOffset="933"/>
<Loc EndOffset="1044" SrcFileId="3" StartOffset="976"/>
</LocList>
<BasicStmnt CovItemId="S13" CovItemPrefix="com.OriginalFiles.Move.java" Intrnl_Id="351">
<LocList>
<Loc EndOffset="919" SrcFileId="3" StartOffset="895"/>
</LocList>
</BasicStmnt>
<BasicStmnt CovItemId="S14" CovItemPrefix="com.OriginalFiles.Move.java" Intrnl_Id="352">
<LocList>
<Loc EndOffset="960" SrcFileId="3" StartOffset="933"/>
</LocList>
</BasicStmnt>
<BasicStmnt CovItemId="S15" CovItemPrefix="com.OriginalFiles.Move.java" Intrnl_Id="353">
<LocList>
<Loc EndOffset="1044" SrcFileId="3" StartOffset="976"/>
</LocList>
</BasicStmnt>
</StmntSeq>
</Branch>
<Branch CovItemId="B2" CovItemPrefix="com.OriginalFiles.Move.java" Implct="false" Intrnl_Id="354">
<Cond>
<Loc EndOffset="1060" SrcFileId="3" StartOffset="1056"/>
</Cond>
<LocList>
<Loc EndOffset="1100" SrcFileId="3" StartOffset="1061"/>
</LocList>
<StmntSeq Intrnl_Id="355">
<LocList>
<Loc EndOffset="1089" SrcFileId="3" StartOffset="1076"/>
</LocList>
<BasicStmnt CovItemId="S16" CovItemPrefix="com.OriginalFiles.Move.java" Intrnl_Id="356">
<LocList>
<Loc EndOffset="1089" SrcFileId="3" StartOffset="1076"/>
</LocList>
</BasicStmnt>
</StmntSeq>
</Branch>
<Keyword EndOffset="859" SrcFileId="3" StartOffset="857"/>
<LocList>
<Loc EndOffset="1100" SrcFileId="3" StartOffset="857"/>
</LocList>
<RootTerm CovItemId="C1" CovItemPrefix="com.OriginalFiles.Move.java" Intrnl_Id="357">
<BasicBoolTerm Intrnl_Id="358">
<LocList>
<Loc EndOffset="878" SrcFileId="3" StartOffset="861"/>
</LocList>
</BasicBoolTerm>
</RootTerm>
</CondStmnt>
</StmntSeq>
</HierarchyLvl>
<HierarchyLvl HierarchyLvlId="10202" HierarchyLvlTypeId="13" Intrnl_Id="359" Name="addStep">
<Header>
<Loc EndOffset="1152" SrcFileId="3" StartOffset="1115"/>
</Header>
<LocList>
<Loc EndOffset="1192" SrcFileId="3" StartOffset="1115"/>
</LocList>
<StmntSeq Intrnl_Id="360">
<LocList>
<Loc EndOffset="1185" SrcFileId="3" StartOffset="1164"/>
</LocList>
<BasicStmnt CovItemId="S17" CovItemPrefix="com.OriginalFiles.Move.java" Intrnl_Id="361">
<LocList>
<Loc EndOffset="1185" SrcFileId="3" StartOffset="1164"/>
</LocList>
</BasicStmnt>
</StmntSeq>
</HierarchyLvl>
</HierarchyLvl>
<HierarchyLvl HierarchyLvlId="10211" HierarchyLvlTypeId="12" Intrnl_Id="362" Name="Field">
<Header>
<Loc EndOffset="48" SrcFileId="4" StartOffset="30"/>
</Header>
<LocList>
<Loc EndOffset="1380" SrcFileId="4" StartOffset="30"/>
</LocList>
<StmntSeq Intrnl_Id="363">
<LocList>
<Loc EndOffset="202" SrcFileId="4" StartOffset="171"/>
<Loc EndOffset="280" SrcFileId="4" StartOffset="246"/>
</LocList>
<BasicStmnt CovItemId="S1" CovItemPrefix="com.OriginalFiles.Field.java" Intrnl_Id="364">
<LocList>
<Loc EndOffset="202" SrcFileId="4" StartOffset="171"/>
</LocList>
</BasicStmnt>
<BasicStmnt CovItemId="S2" CovItemPrefix="com.OriginalFiles.Field.java" Intrnl_Id="365">
<LocList>
<Loc EndOffset="280" SrcFileId="4" StartOffset="246"/>
</LocList>
</BasicStmnt>
</StmntSeq>
<HierarchyLvl HierarchyLvlId="10204" HierarchyLvlTypeId="13" Intrnl_Id="366" Name="Field">
<Header>
<Loc EndOffset="300" SrcFileId="4" StartOffset="286"/>
</Header>
<LocList>
<Loc EndOffset="304" SrcFileId="4" StartOffset="286"/>
</LocList>
</HierarchyLvl>
<HierarchyLvl HierarchyLvlId="10205" HierarchyLvlTypeId="13" Intrnl_Id="367" Name="Field">
<Header>
<Loc EndOffset="347" SrcFileId="4" StartOffset="311"/>
</Header>
<LocList>
<Loc EndOffset="398" SrcFileId="4" StartOffset="311"/>
</LocList>
<StmntSeq Intrnl_Id="368">
<LocList>
<Loc EndOffset="370" SrcFileId="4" StartOffset="359"/>
<Loc EndOffset="391" SrcFileId="4" StartOffset="380"/>
</LocList>
<BasicStmnt CovItemId="S3" CovItemPrefix="com.OriginalFiles.Field.java" Intrnl_Id="369">
<LocList>
<Loc EndOffset="370" SrcFileId="4" StartOffset="359"/>
</LocList>
</BasicStmnt>
<BasicStmnt CovItemId="S4" CovItemPrefix="com.OriginalFiles.Field.java" Intrnl_Id="370">
<LocList>
<Loc EndOffset="391" SrcFileId="4" StartOffset="380"/>
</LocList>
</BasicStmnt>
</StmntSeq>
</HierarchyLvl>
<HierarchyLvl HierarchyLvlId="10206" HierarchyLvlTypeId="13" Intrnl_Id="371" Name="setPieceOnField">
<Header>
<Loc EndOffset="589" SrcFileId="4" StartOffset="538"/>
</Header>
<LocList>
<Loc EndOffset="711" SrcFileId="4" StartOffset="538"/>
</LocList>
<StmntSeq Intrnl_Id="372">
<LocList>
<Loc EndOffset="627" SrcFileId="4" StartOffset="601"/>
<Loc EndOffset="704" SrcFileId="4" StartOffset="637"/>
</LocList>
<BasicStmnt CovItemId="S5" CovItemPrefix="com.OriginalFiles.Field.java" Intrnl_Id="373">
<LocList>
<Loc EndOffset="627" SrcFileId="4" StartOffset="601"/>
</LocList>
</BasicStmnt>
<CondStmnt CovItemId="S6" CovItemPrefix="com.OriginalFiles.Field.java" Intrnl_Id="374">
<Branch CovItemId="B1" CovItemPrefix="com.OriginalFiles.Field.java" Implct="false" Intrnl_Id="375">
<Cond/>
<LocList>
<Loc EndOffset="704" SrcFileId="4" StartOffset="653"/>
</LocList>
<StmntSeq Intrnl_Id="376">
<LocList>
<Loc EndOffset="693" SrcFileId="4" StartOffset="668"/>
</LocList>
<BasicStmnt CovItemId="S7" CovItemPrefix="com.OriginalFiles.Field.java" Intrnl_Id="377">
<LocList>
<Loc EndOffset="693" SrcFileId="4" StartOffset="668"/>
</LocList>
</BasicStmnt>
</StmntSeq>
</Branch>
<Branch CovItemId="B2" CovItemPrefix="com.OriginalFiles.Field.java" Implct="true" Intrnl_Id="378">
<Cond/>
<LocList/>
<StmntSeq Intrnl_Id="379">
<LocList/>
</StmntSeq>
</Branch>
<Keyword EndOffset="639" SrcFileId="4" StartOffset="637"/>
<LocList>
<Loc EndOffset="704" SrcFileId="4" StartOffset="637"/>
</LocList>
<RootTerm CovItemId="C1" CovItemPrefix="com.OriginalFiles.Field.java" Intrnl_Id="380">
<OpTerm BooleanOpId="8" Intrnl_Id="381">
<BasicBoolTerm Intrnl_Id="382">
<LocList>
<Loc EndOffset="651" SrcFileId="4" StartOffset="642"/>
</LocList>
</BasicBoolTerm>
<LocList>
<Loc EndOffset="642" SrcFileId="4" StartOffset="641"/>
</LocList>
</OpTerm>
</RootTerm>
</CondStmnt>
</StmntSeq>
</HierarchyLvl>
<HierarchyLvl HierarchyLvlId="10207" HierarchyLvlTypeId="13" Intrnl_Id="383" Name="getPieceOnField">
<Header>
<Loc EndOffset="755" SrcFileId="4" StartOffset="719"/>
</Header>
<LocList>
<Loc EndOffset="794" SrcFileId="4" StartOffset="719"/>
</LocList>
<StmntSeq Intrnl_Id="384">
<LocList>
<Loc EndOffset="787" SrcFileId="4" StartOffset="767"/>
</LocList>
<BasicStmnt CovItemId="S8" CovItemPrefix="com.OriginalFiles.Field.java" Intrnl_Id="385">
<LocList>
<Loc EndOffset="787" SrcFileId="4" StartOffset="767"/>
</LocList>
</BasicStmnt>
</StmntSeq>
</HierarchyLvl>
<HierarchyLvl HierarchyLvlId="10208" HierarchyLvlTypeId="13" Intrnl_Id="386" Name="isEmpty">
<Header>
<Loc EndOffset="888" SrcFileId="4" StartOffset="858"/>
</Header>
<LocList>
<Loc EndOffset="937" SrcFileId="4" StartOffset="858"/>
</LocList>
<StmntSeq Intrnl_Id="387">
<LocList>
<Loc EndOffset="930" SrcFileId="4" StartOffset="900"/>
</LocList>
<BasicStmnt CovItemId="S9" CovItemPrefix="com.OriginalFiles.Field.java" Intrnl_Id="388">
<LocList>
<Loc EndOffset="930" SrcFileId="4" StartOffset="900"/>
</LocList>
</BasicStmnt>
</StmntSeq>
</HierarchyLvl>
<HierarchyLvl HierarchyLvlId="10209" HierarchyLvlTypeId="13" Intrnl_Id="389" Name="isPieceOfColor">
<Header>
<Loc EndOffset="1090" SrcFileId="4" StartOffset="1043"/>
</Header>
<LocList>
<Loc EndOffset="1232" SrcFileId="4" StartOffset="1043"/>
</LocList>
<StmntSeq Intrnl_Id="390">
<LocList>
<Loc EndOffset="1225" SrcFileId="4" StartOffset="1102"/>
</LocList>
<CondStmnt CovItemId="S10" CovItemPrefix="com.OriginalFiles.Field.java" Intrnl_Id="391">
<Branch CovItemId="B3" CovItemPrefix="com.OriginalFiles.Field.java" Implct="false" Intrnl_Id="392">
<Cond/>
<LocList>
<Loc EndOffset="1156" SrcFileId="4" StartOffset="1117"/>
</LocList>
<StmntSeq Intrnl_Id="393">
<LocList>
<Loc EndOffset="1145" SrcFileId="4" StartOffset="1132"/>
</LocList>
<BasicStmnt CovItemId="S11" CovItemPrefix="com.OriginalFiles.Field.java" Intrnl_Id="394">
<LocList>
<Loc EndOffset="1145" SrcFileId="4" StartOffset="1132"/>
</LocList>
</BasicStmnt>
</StmntSeq>
</Branch>
<Branch CovItemId="B4" CovItemPrefix="com.OriginalFiles.Field.java" Implct="false" Intrnl_Id="395">
<Cond>
<Loc EndOffset="1161" SrcFileId="4" StartOffset="1157"/>
</Cond>
<LocList>
<Loc EndOffset="1225" SrcFileId="4" StartOffset="1162"/>
</LocList>
<StmntSeq Intrnl_Id="396">
<LocList>
<Loc EndOffset="1214" SrcFileId="4" StartOffset="1177"/>
</LocList>
<BasicStmnt CovItemId="S12" CovItemPrefix="com.OriginalFiles.Field.java" Intrnl_Id="397">
<LocList>
<Loc EndOffset="1214" SrcFileId="4" StartOffset="1177"/>
</LocList>
</BasicStmnt>
</StmntSeq>
</Branch>
<Keyword EndOffset="1104" SrcFileId="4" StartOffset="1102"/>
<LocList>
<Loc EndOffset="1225" SrcFileId="4" StartOffset="1102"/>
</LocList>
<RootTerm CovItemId="C2" CovItemPrefix="com.OriginalFiles.Field.java" Intrnl_Id="398">
<BasicBoolTerm Intrnl_Id="399">
<LocList>
<Loc EndOffset="1115" SrcFileId="4" StartOffset="1106"/>
</LocList>
</BasicBoolTerm>
</RootTerm>
</CondStmnt>
</StmntSeq>
</HierarchyLvl>
<HierarchyLvl HierarchyLvlId="10210" HierarchyLvlTypeId="13" Intrnl_Id="400" Name="emptyThisField">
<Header>
<Loc EndOffset="1338" SrcFileId="4" StartOffset="1304"/>
</Header>
<LocList>
<Loc EndOffset="1377" SrcFileId="4" StartOffset="1304"/>
</LocList>
<StmntSeq Intrnl_Id="401">
<LocList>
<Loc EndOffset="1370" SrcFileId="4" StartOffset="1350"/>
</LocList>
<BasicStmnt CovItemId="S13" CovItemPrefix="com.OriginalFiles.Field.java" Intrnl_Id="402">
<LocList>
<Loc EndOffset="1370" SrcFileId="4" StartOffset="1350"/>
</LocList>
</BasicStmnt>
</StmntSeq>
</HierarchyLvl>
</HierarchyLvl>
<HierarchyLvl HierarchyLvlId="10217" HierarchyLvlTypeId="12" Intrnl_Id="403" Name="Communication">
<Header>
<Loc EndOffset="56" SrcFileId="5" StartOffset="30"/>
</Header>
<LocList>
<Loc EndOffset="555" SrcFileId="5" StartOffset="30"/>
</LocList>
<HierarchyLvl HierarchyLvlId="10212" HierarchyLvlTypeId="13" Intrnl_Id="404" Name="Communication">
<Header>
<Loc EndOffset="117" SrcFileId="5" StartOffset="66"/>
</Header>
<LocList>
<Loc EndOffset="175" SrcFileId="5" StartOffset="66"/>
</LocList>
</HierarchyLvl>
<HierarchyLvl HierarchyLvlId="10213" HierarchyLvlTypeId="13" Intrnl_Id="405" Name="myKingNotPlaced">
<Header>
<Loc EndOffset="212" SrcFileId="5" StartOffset="183"/>
</Header>
<LocList>
<Loc EndOffset="275" SrcFileId="5" StartOffset="183"/>
</LocList>
</HierarchyLvl>
<HierarchyLvl HierarchyLvlId="10214" HierarchyLvlTypeId="13" Intrnl_Id="406" Name="humanWon">
<Header>
<Loc EndOffset="305" SrcFileId="5" StartOffset="283"/>
</Header>
<LocList>
<Loc EndOffset="368" SrcFileId="5" StartOffset="283"/>
</LocList>
</HierarchyLvl>
<HierarchyLvl HierarchyLvlId="10215" HierarchyLvlTypeId="13" Intrnl_Id="407" Name="robotWon">
<Header>
<Loc EndOffset="398" SrcFileId="5" StartOffset="376"/>
</Header>
<LocList>
<Loc EndOffset="461" SrcFileId="5" StartOffset="376"/>
</LocList>
</HierarchyLvl>
<HierarchyLvl HierarchyLvlId="10216" HierarchyLvlTypeId="13" Intrnl_Id="408" Name="draw">
<Header>
<Loc EndOffset="487" SrcFileId="5" StartOffset="469"/>
</Header>
<LocList>
<Loc EndOffset="550" SrcFileId="5" StartOffset="469"/>
</LocList>
</HierarchyLvl>
</HierarchyLvl>
<HierarchyLvl HierarchyLvlId="10244" HierarchyLvlTypeId="12" Intrnl_Id="409" Name="Board">
<Header>
<Loc EndOffset="170" SrcFileId="6" StartOffset="152"/>
</Header>
<LocList>
<Loc EndOffset="16989" SrcFileId="6" StartOffset="152"/>
</LocList>
<StmntSeq Intrnl_Id="410">
<LocList>
<Loc EndOffset="223" SrcFileId="6" StartOffset="180"/>
<Loc EndOffset="269" SrcFileId="6" StartOffset="229"/>
<Loc EndOffset="321" SrcFileId="6" StartOffset="275"/>
</LocList>
<BasicStmnt CovItemId="S1" CovItemPrefix="com.OriginalFiles.Board.java" Intrnl_Id="411">
<LocList>
<Loc EndOffset="223" SrcFileId="6" StartOffset="180"/>
</LocList>
</BasicStmnt>
<BasicStmnt CovItemId="S2" CovItemPrefix="com.OriginalFiles.Board.java" Intrnl_Id="412">
<LocList>
<Loc EndOffset="269" SrcFileId="6" StartOffset="229"/>
</LocList>
</BasicStmnt>
<BasicStmnt CovItemId="S3" CovItemPrefix="com.OriginalFiles.Board.java" Intrnl_Id="413">
<LocList>
<Loc EndOffset="321" SrcFileId="6" StartOffset="275"/>
</LocList>
</BasicStmnt>
</StmntSeq>
<HierarchyLvl HierarchyLvlId="10218" HierarchyLvlTypeId="13" Intrnl_Id="414" Name="Board">
<Header>
<Loc EndOffset="584" SrcFileId="6" StartOffset="487"/>
</Header>
<LocList>
<Loc EndOffset="2985" SrcFileId="6" StartOffset="487"/>
</LocList>
<StmntSeq Intrnl_Id="415">
<LocList>
<Loc EndOffset="637" SrcFileId="6" StartOffset="596"/>
<Loc EndOffset="696" SrcFileId="6" StartOffset="647"/>
<Loc EndOffset="738" SrcFileId="6" StartOffset="706"/>
<Loc EndOffset="769" SrcFileId="6" StartOffset="748"/>
<Loc EndOffset="2238" SrcFileId="6" StartOffset="840"/>
<Loc EndOffset="2725" SrcFileId="6" StartOffset="2376"/>
<Loc EndOffset="2978" SrcFileId="6" StartOffset="2756"/>
</LocList>
<BasicStmnt CovItemId="S4" CovItemPrefix="com.OriginalFiles.Board.java" Intrnl_Id="416">
<LocList>
<Loc EndOffset="637" SrcFileId="6" StartOffset="596"/>
</LocList>
</BasicStmnt>
<BasicStmnt CovItemId="S5" CovItemPrefix="com.OriginalFiles.Board.java" Intrnl_Id="417">
<LocList>
<Loc EndOffset="696" SrcFileId="6" StartOffset="647"/>
</LocList>
</BasicStmnt>
<BasicStmnt CovItemId="S6" CovItemPrefix="com.OriginalFiles.Board.java" Intrnl_Id="418">
<LocList>
<Loc EndOffset="738" SrcFileId="6" StartOffset="706"/>
</LocList>
</BasicStmnt>
<BasicStmnt CovItemId="S7" CovItemPrefix="com.OriginalFiles.Board.java" Intrnl_Id="419">
<LocList>
<Loc EndOffset="769" SrcFileId="6" StartOffset="748"/>
</LocList>
</BasicStmnt>
<LoopStmnt CovItemId="S8" CovItemPrefix="com.OriginalFiles.Board.java" Intrnl_Id="420" MltplExecId="L1-2" MltplExecPrefix="com.OriginalFiles.Board.java" NvrExecId="L1-0" NvrExecPrefix="com.OriginalFiles.Board.java" OnceExecutedId="L1-1" OnceExecutedPrefix="com.OriginalFiles.Board.java" OptBodyExec="true">
<StmntSeq Intrnl_Id="421">
<LocList>
<Loc EndOffset="2227" SrcFileId="6" StartOffset="879"/>
</LocList>
<LoopStmnt CovItemId="S9" CovItemPrefix="com.OriginalFiles.Board.java" Intrnl_Id="422" MltplExecId="L2-2" MltplExecPrefix="com.OriginalFiles.Board.java" NvrExecId="L2-0" NvrExecPrefix="com.OriginalFiles.Board.java" OnceExecutedId="L2-1" OnceExecutedPrefix="com.OriginalFiles.Board.java" OptBodyExec="true">
<StmntSeq Intrnl_Id="423">
<LocList>
<Loc EndOffset="947" SrcFileId="6" StartOffset="922"/>
<Loc EndOffset="976" SrcFileId="6" StartOffset="965"/>
<Loc EndOffset="1005" SrcFileId="6" StartOffset="994"/>
<Loc EndOffset="2173" SrcFileId="6" StartOffset="1130"/>
<Loc EndOffset="2212" SrcFileId="6" StartOffset="2191"/>
</LocList>
<BasicStmnt CovItemId="S10" CovItemPrefix="com.OriginalFiles.Board.java" Intrnl_Id="424">
<LocList>
<Loc EndOffset="947" SrcFileId="6" StartOffset="922"/>
</LocList>
</BasicStmnt>
<BasicStmnt CovItemId="S11" CovItemPrefix="com.OriginalFiles.Board.java" Intrnl_Id="425">
<LocList>
<Loc EndOffset="976" SrcFileId="6" StartOffset="965"/>
</LocList>
</BasicStmnt>
<BasicStmnt CovItemId="S12" CovItemPrefix="com.OriginalFiles.Board.java" Intrnl_Id="426">
<LocList>
<Loc EndOffset="1005" SrcFileId="6" StartOffset="994"/>
</LocList>
</BasicStmnt>
<CondStmnt CovItemId="S13" CovItemPrefix="com.OriginalFiles.Board.java" Intrnl_Id="427">
<Branch CovItemId="B1" CovItemPrefix="com.OriginalFiles.Board.java" Implct="false" Intrnl_Id="428">
<Cond/>
<LocList>
<Loc EndOffset="2099" SrcFileId="6" StartOffset="1152"/>
</LocList>
<StmntSeq Intrnl_Id="429">
<LocList>
<Loc EndOffset="1200" SrcFileId="6" StartOffset="1175"/>
<Loc EndOffset="1248" SrcFileId="6" StartOffset="1222"/>
<Loc EndOffset="1679" SrcFileId="6" StartOffset="1270"/>
<Loc EndOffset="2023" SrcFileId="6" StartOffset="1736"/>
<Loc EndOffset="2080" SrcFileId="6" StartOffset="2045"/>
</LocList>
<BasicStmnt CovItemId="S14" CovItemPrefix="com.OriginalFiles.Board.java" Intrnl_Id="430">
<LocList>
<Loc EndOffset="1200" SrcFileId="6" StartOffset="1175"/>
</LocList>
</BasicStmnt>
<BasicStmnt CovItemId="S15" CovItemPrefix="com.OriginalFiles.Board.java" Intrnl_Id="431">
<LocList>
<Loc EndOffset="1248" SrcFileId="6" StartOffset="1222"/>
</LocList>
</BasicStmnt>
<CondStmnt CovItemId="S16" CovItemPrefix="com.OriginalFiles.Board.java" Intrnl_Id="432">
<Branch CovItemId="B3" CovItemPrefix="com.OriginalFiles.Board.java" Implct="false" Intrnl_Id="433">
<Cond/>
<LocList>
<Loc EndOffset="1679" SrcFileId="6" StartOffset="1281"/>
</LocList>
<StmntSeq Intrnl_Id="434">
<LocList>
<Loc EndOffset="1339" SrcFileId="6" StartOffset="1308"/>
<Loc EndOffset="1401" SrcFileId="6" StartOffset="1365"/>
<Loc EndOffset="1656" SrcFileId="6" StartOffset="1555"/>
</LocList>
<BasicStmnt CovItemId="S17" CovItemPrefix="com.OriginalFiles.Board.java" Intrnl_Id="435">
<LocList>
<Loc EndOffset="1339" SrcFileId="6" StartOffset="1308"/>
</LocList>
</BasicStmnt>
<BasicStmnt CovItemId="S18" CovItemPrefix="com.OriginalFiles.Board.java" Intrnl_Id="436">
<LocList>
<Loc EndOffset="1401" SrcFileId="6" StartOffset="1365"/>
</LocList>
</BasicStmnt>
<CondStmnt CovItemId="S19" CovItemPrefix="com.OriginalFiles.Board.java" Intrnl_Id="437">
<Branch CovItemId="B5" CovItemPrefix="com.OriginalFiles.Board.java" Implct="false" Intrnl_Id="438">
<Cond/>
<LocList>
<Loc EndOffset="1656" SrcFileId="6" StartOffset="1567"/>
</LocList>
<StmntSeq Intrnl_Id="439">
<LocList>
<Loc EndOffset="1629" SrcFileId="6" StartOffset="1598"/>
</LocList>
<BasicStmnt CovItemId="S20" CovItemPrefix="com.OriginalFiles.Board.java" Intrnl_Id="440">
<LocList>
<Loc EndOffset="1629" SrcFileId="6" StartOffset="1598"/>
</LocList>
</BasicStmnt>
</StmntSeq>
</Branch>
<Branch CovItemId="B6" CovItemPrefix="com.OriginalFiles.Board.java" Implct="true" Intrnl_Id="441">
<Cond/>
<LocList/>
<StmntSeq Intrnl_Id="442">
<LocList/>
</StmntSeq>
</Branch>
<Keyword EndOffset="1557" SrcFileId="6" StartOffset="1555"/>
<LocList>
<Loc EndOffset="1656" SrcFileId="6" StartOffset="1555"/>
</LocList>
<RootTerm CovItemId="C5" CovItemPrefix="com.OriginalFiles.Board.java" Intrnl_Id="443">
<BasicBoolTerm Intrnl_Id="444">
<LocList>
<Loc EndOffset="1565" SrcFileId="6" StartOffset="1559"/>
</LocList>
</BasicBoolTerm>
</RootTerm>
</CondStmnt>
</StmntSeq>
</Branch>
<Branch CovItemId="B4" CovItemPrefix="com.OriginalFiles.Board.java" Implct="true" Intrnl_Id="445">
<Cond/>
<LocList/>
<StmntSeq Intrnl_Id="446">
<LocList/>
</StmntSeq>
</Branch>
<Keyword EndOffset="1272" SrcFileId="6" StartOffset="1270"/>
<LocList>
<Loc EndOffset="1679" SrcFileId="6" StartOffset="1270"/>
</LocList>
<RootTerm CovItemId="C4" CovItemPrefix="com.OriginalFiles.Board.java" Intrnl_Id="447">
<BasicBoolTerm Intrnl_Id="448">
<LocList>
<Loc EndOffset="1279" SrcFileId="6" StartOffset="1274"/>
</LocList>
</BasicBoolTerm>
</RootTerm>
</CondStmnt>
<CondStmnt CovItemId="S21" CovItemPrefix="com.OriginalFiles.Board.java" Intrnl_Id="449">
<Branch CovItemId="B7" CovItemPrefix="com.OriginalFiles.Board.java" Implct="false" Intrnl_Id="450">
<Cond/>
<LocList>
<Loc EndOffset="2023" SrcFileId="6" StartOffset="1747"/>
</LocList>
<StmntSeq Intrnl_Id="451">
<LocList>
<Loc EndOffset="1805" SrcFileId="6" StartOffset="1774"/>
<Loc EndOffset="1873" SrcFileId="6" StartOffset="1831"/>
<Loc EndOffset="2000" SrcFileId="6" StartOffset="1899"/>
</LocList>
<BasicStmnt CovItemId="S22" CovItemPrefix="com.OriginalFiles.Board.java" Intrnl_Id="452">
<LocList>
<Loc EndOffset="1805" SrcFileId="6" StartOffset="1774"/>
</LocList>
</BasicStmnt>
<BasicStmnt CovItemId="S23" CovItemPrefix="com.OriginalFiles.Board.java" Intrnl_Id="453">
<LocList>
<Loc EndOffset="1873" SrcFileId="6" StartOffset="1831"/>
</LocList>
</BasicStmnt>
<CondStmnt CovItemId="S24" CovItemPrefix="com.OriginalFiles.Board.java" Intrnl_Id="454">
<Branch CovItemId="B9" CovItemPrefix="com.OriginalFiles.Board.java" Implct="false" Intrnl_Id="455">
<Cond/>
<LocList>
<Loc EndOffset="2000" SrcFileId="6" StartOffset="1911"/>
</LocList>
<StmntSeq Intrnl_Id="456">
<LocList>
<Loc EndOffset="1973" SrcFileId="6" StartOffset="1942"/>
</LocList>
<BasicStmnt CovItemId="S25" CovItemPrefix="com.OriginalFiles.Board.java" Intrnl_Id="457">
<LocList>
<Loc EndOffset="1973" SrcFileId="6" StartOffset="1942"/>
</LocList>
</BasicStmnt>
</StmntSeq>
</Branch>
<Branch CovItemId="B10" CovItemPrefix="com.OriginalFiles.Board.java" Implct="true" Intrnl_Id="458">
<Cond/>
<LocList/>
<StmntSeq Intrnl_Id="459">
<LocList/>
</StmntSeq>
</Branch>
<Keyword EndOffset="1901" SrcFileId="6" StartOffset="1899"/>
<LocList>
<Loc EndOffset="2000" SrcFileId="6" StartOffset="1899"/>
</LocList>
<RootTerm CovItemId="C7" CovItemPrefix="com.OriginalFiles.Board.java" Intrnl_Id="460">
<BasicBoolTerm Intrnl_Id="461">
<LocList>
<Loc EndOffset="1909" SrcFileId="6" StartOffset="1903"/>
</LocList>
</BasicBoolTerm>
</RootTerm>
</CondStmnt>
</StmntSeq>
</Branch>
<Branch CovItemId="B8" CovItemPrefix="com.OriginalFiles.Board.java" Implct="true" Intrnl_Id="462">
<Cond/>
<LocList/>
<StmntSeq Intrnl_Id="463">
<LocList/>
</StmntSeq>
</Branch>
<Keyword EndOffset="1738" SrcFileId="6" StartOffset="1736"/>
<LocList>
<Loc EndOffset="2023" SrcFileId="6" StartOffset="1736"/>
</LocList>
<RootTerm CovItemId="C6" CovItemPrefix="com.OriginalFiles.Board.java" Intrnl_Id="464">
<BasicBoolTerm Intrnl_Id="465">
<LocList>
<Loc EndOffset="1745" SrcFileId="6" StartOffset="1740"/>
</LocList>
</BasicBoolTerm>
</RootTerm>
</CondStmnt>
<BasicStmnt CovItemId="S26" CovItemPrefix="com.OriginalFiles.Board.java" Intrnl_Id="466">
<LocList>
<Loc EndOffset="2080" SrcFileId="6" StartOffset="2045"/>
</LocList>
</BasicStmnt>
</StmntSeq>
</Branch>
<Branch CovItemId="B2" CovItemPrefix="com.OriginalFiles.Board.java" Implct="false" Intrnl_Id="467">
<Cond>
<Loc EndOffset="2104" SrcFileId="6" StartOffset="2100"/>
</Cond>
<LocList>
<Loc EndOffset="2173" SrcFileId="6" StartOffset="2105"/>
</LocList>
<StmntSeq Intrnl_Id="468">
<LocList>
<Loc EndOffset="2154" SrcFileId="6" StartOffset="2128"/>
</LocList>
<BasicStmnt CovItemId="S27" CovItemPrefix="com.OriginalFiles.Board.java" Intrnl_Id="469">
<LocList>
<Loc EndOffset="2154" SrcFileId="6" StartOffset="2128"/>
</LocList>
</BasicStmnt>
</StmntSeq>
</Branch>
<Keyword EndOffset="1132" SrcFileId="6" StartOffset="1130"/>
<LocList>
<Loc EndOffset="2173" SrcFileId="6" StartOffset="1130"/>
</LocList>
<RootTerm CovItemId="C3" CovItemPrefix="com.OriginalFiles.Board.java" Intrnl_Id="470">
<BasicBoolTerm Intrnl_Id="471">
<LocList>
<Loc EndOffset="1150" SrcFileId="6" StartOffset="1134"/>
</LocList>
</BasicBoolTerm>
</RootTerm>
</CondStmnt>
<BasicStmnt CovItemId="S28" CovItemPrefix="com.OriginalFiles.Board.java" Intrnl_Id="472">
<LocList>
<Loc EndOffset="2212" SrcFileId="6" StartOffset="2191"/>
</LocList>
</BasicStmnt>
</StmntSeq>
<Keyword EndOffset="882" SrcFileId="6" StartOffset="879"/>
<LocList>
<Loc EndOffset="2227" SrcFileId="6" StartOffset="879"/>
</LocList>
<RootTerm CovItemId="C2" CovItemPrefix="com.OriginalFiles.Board.java" Intrnl_Id="473">
<BasicBoolTerm Intrnl_Id="474">
<LocList>
<Loc EndOffset="896" SrcFileId="6" StartOffset="891"/>
</LocList>
</BasicBoolTerm>
</RootTerm>
</LoopStmnt>
</StmntSeq>
<Keyword EndOffset="843" SrcFileId="6" StartOffset="840"/>
<LocList>
<Loc EndOffset="2238" SrcFileId="6" StartOffset="840"/>
</LocList>
<RootTerm CovItemId="C1" CovItemPrefix="com.OriginalFiles.Board.java" Intrnl_Id="475">
<BasicBoolTerm Intrnl_Id="476">
<LocList>
<Loc EndOffset="857" SrcFileId="6" StartOffset="852"/>
</LocList>
</BasicBoolTerm>
</RootTerm>
</LoopStmnt>
<LoopStmnt CovItemId="S29" CovItemPrefix="com.OriginalFiles.Board.java" Intrnl_Id="477" MltplExecId="L3-2" MltplExecPrefix="com.OriginalFiles.Board.java" NvrExecId="L3-0" NvrExecPrefix="com.OriginalFiles.Board.java" OnceExecutedId="L3-1" OnceExecutedPrefix="com.OriginalFiles.Board.java" OptBodyExec="true">
<StmntSeq Intrnl_Id="478">
<LocList>
<Loc EndOffset="2444" SrcFileId="6" StartOffset="2419"/>
<Loc EndOffset="2469" SrcFileId="6" StartOffset="2458"/>
<Loc EndOffset="2495" SrcFileId="6" StartOffset="2483"/>
<Loc EndOffset="2543" SrcFileId="6" StartOffset="2509"/>
<Loc EndOffset="2593" SrcFileId="6" StartOffset="2557"/>
<Loc EndOffset="2634" SrcFileId="6" StartOffset="2607"/>
<Loc EndOffset="2680" SrcFileId="6" StartOffset="2648"/>
<Loc EndOffset="2714" SrcFileId="6" StartOffset="2694"/>
</LocList>
<BasicStmnt CovItemId="S30" CovItemPrefix="com.OriginalFiles.Board.java" Intrnl_Id="479">
<LocList>
<Loc EndOffset="2444" SrcFileId="6" StartOffset="2419"/>
</LocList>
</BasicStmnt>
<BasicStmnt CovItemId="S31" CovItemPrefix="com.OriginalFiles.Board.java" Intrnl_Id="480">
<LocList>
<Loc EndOffset="2469" SrcFileId="6" StartOffset="2458"/>
</LocList>
</BasicStmnt>
<BasicStmnt CovItemId="S32" CovItemPrefix="com.OriginalFiles.Board.java" Intrnl_Id="481">
<LocList>
<Loc EndOffset="2495" SrcFileId="6" StartOffset="2483"/>
</LocList>
</BasicStmnt>
<BasicStmnt CovItemId="S33" CovItemPrefix="com.OriginalFiles.Board.java" Intrnl_Id="482">
<LocList>
<Loc EndOffset="2543" SrcFileId="6" StartOffset="2509"/>
</LocList>
</BasicStmnt>
<BasicStmnt CovItemId="S34" CovItemPrefix="com.OriginalFiles.Board.java" Intrnl_Id="483">
<LocList>
<Loc EndOffset="2593" SrcFileId="6" StartOffset="2557"/>
</LocList>
</BasicStmnt>
<BasicStmnt CovItemId="S35" CovItemPrefix="com.OriginalFiles.Board.java" Intrnl_Id="484">
<LocList>
<Loc EndOffset="2634" SrcFileId="6" StartOffset="2607"/>
</LocList>
</BasicStmnt>
<BasicStmnt CovItemId="S36" CovItemPrefix="com.OriginalFiles.Board.java" Intrnl_Id="485">
<LocList>
<Loc EndOffset="2680" SrcFileId="6" StartOffset="2648"/>
</LocList>
</BasicStmnt>
<BasicStmnt CovItemId="S37" CovItemPrefix="com.OriginalFiles.Board.java" Intrnl_Id="486">
<LocList>
<Loc EndOffset="2714" SrcFileId="6" StartOffset="2694"/>
</LocList>
</BasicStmnt>
</StmntSeq>
<Keyword EndOffset="2379" SrcFileId="6" StartOffset="2376"/>
<LocList>
<Loc EndOffset="2725" SrcFileId="6" StartOffset="2376"/>
</LocList>
<RootTerm CovItemId="C8" CovItemPrefix="com.OriginalFiles.Board.java" Intrnl_Id="487">
<BasicBoolTerm Intrnl_Id="488">
<LocList>
<Loc EndOffset="2397" SrcFileId="6" StartOffset="2392"/>
</LocList>
</BasicBoolTerm>
</RootTerm>
</LoopStmnt>
<LoopStmnt CovItemId="S38" CovItemPrefix="com.OriginalFiles.Board.java" Intrnl_Id="489" MltplExecId="L4-2" MltplExecPrefix="com.OriginalFiles.Board.java" NvrExecId="L4-0" NvrExecPrefix="com.OriginalFiles.Board.java" OnceExecutedId="L4-1" OnceExecutedPrefix="com.OriginalFiles.Board.java" OptBodyExec="true">
<StmntSeq Intrnl_Id="490">
<LocList>
<Loc EndOffset="2967" SrcFileId="6" StartOffset="2795"/>
</LocList>
<LoopStmnt CovItemId="S39" CovItemPrefix="com.OriginalFiles.Board.java" Intrnl_Id="491" MltplExecId="L5-2" MltplExecPrefix="com.OriginalFiles.Board.java" NvrExecId="L5-0" NvrExecPrefix="com.OriginalFiles.Board.java" OnceExecutedId="L5-1" OnceExecutedPrefix="com.OriginalFiles.Board.java" OptBodyExec="true">
<StmntSeq Intrnl_Id="492">
<LocList>
<Loc EndOffset="2863" SrcFileId="6" StartOffset="2838"/>
<Loc EndOffset="2888" SrcFileId="6" StartOffset="2877"/>
<Loc EndOffset="2918" SrcFileId="6" StartOffset="2902"/>
<Loc EndOffset="2956" SrcFileId="6" StartOffset="2932"/>
</LocList>
<BasicStmnt CovItemId="S40" CovItemPrefix="com.OriginalFiles.Board.java" Intrnl_Id="493">
<LocList>
<Loc EndOffset="2863" SrcFileId="6" StartOffset="2838"/>
</LocList>
</BasicStmnt>
<BasicStmnt CovItemId="S41" CovItemPrefix="com.OriginalFiles.Board.java" Intrnl_Id="494">
<LocList>
<Loc EndOffset="2888" SrcFileId="6" StartOffset="2877"/>
</LocList>
</BasicStmnt>
<BasicStmnt CovItemId="S42" CovItemPrefix="com.OriginalFiles.Board.java" Intrnl_Id="495">
<LocList>
<Loc EndOffset="2918" SrcFileId="6" StartOffset="2902"/>
</LocList>
</BasicStmnt>
<BasicStmnt CovItemId="S43" CovItemPrefix="com.OriginalFiles.Board.java" Intrnl_Id="496">
<LocList>
<Loc EndOffset="2956" SrcFileId="6" StartOffset="2932"/>
</LocList>
</BasicStmnt>
</StmntSeq>
<Keyword EndOffset="2798" SrcFileId="6" StartOffset="2795"/>
<LocList>
<Loc EndOffset="2967" SrcFileId="6" StartOffset="2795"/>
</LocList>
<RootTerm CovItemId="C10" CovItemPrefix="com.OriginalFiles.Board.java" Intrnl_Id="497">
<BasicBoolTerm Intrnl_Id="498">
<LocList>
<Loc EndOffset="2816" SrcFileId="6" StartOffset="2811"/>
</LocList>
</BasicBoolTerm>
</RootTerm>
</LoopStmnt>
</StmntSeq>
<Keyword EndOffset="2759" SrcFileId="6" StartOffset="2756"/>
<LocList>
<Loc EndOffset="2978" SrcFileId="6" StartOffset="2756"/>
</LocList>
<RootTerm CovItemId="C9" CovItemPrefix="com.OriginalFiles.Board.java" Intrnl_Id="499">
<BasicBoolTerm Intrnl_Id="500">
<LocList>
<Loc EndOffset="2777" SrcFileId="6" StartOffset="2772"/>
</LocList>
</BasicBoolTerm>
</RootTerm>
</LoopStmnt>
</StmntSeq>
</HierarchyLvl>
<HierarchyLvl HierarchyLvlId="10219" HierarchyLvlTypeId="13" Intrnl_Id="501" Name="resetVisited">
<Header>
<Loc EndOffset="3025" SrcFileId="6" StartOffset="2993"/>
</Header>
<LocList>
<Loc EndOffset="3174" SrcFileId="6" StartOffset="2993"/>
</LocList>
<StmntSeq Intrnl_Id="502">
<LocList>
<Loc EndOffset="3167" SrcFileId="6" StartOffset="3037"/>
</LocList>
<LoopStmnt CovItemId="S44" CovItemPrefix="com.OriginalFiles.Board.java" Intrnl_Id="503" MltplExecId="L6-2" MltplExecPrefix="com.OriginalFiles.Board.java" NvrExecId="L6-0" NvrExecPrefix="com.OriginalFiles.Board.java" OnceExecutedId="L6-1" OnceExecutedPrefix="com.OriginalFiles.Board.java" OptBodyExec="true">
<StmntSeq Intrnl_Id="504">
<LocList>
<Loc EndOffset="3156" SrcFileId="6" StartOffset="3078"/>
</LocList>
<LoopStmnt CovItemId="S45" CovItemPrefix="com.OriginalFiles.Board.java" Intrnl_Id="505" MltplExecId="L7-2" MltplExecPrefix="com.OriginalFiles.Board.java" NvrExecId="L7-0" NvrExecPrefix="com.OriginalFiles.Board.java" OnceExecutedId="L7-1" OnceExecutedPrefix="com.OriginalFiles.Board.java" OptBodyExec="true">
<StmntSeq Intrnl_Id="506">
<LocList>
<Loc EndOffset="3141" SrcFileId="6" StartOffset="3119"/>
</LocList>
<BasicStmnt CovItemId="S46" CovItemPrefix="com.OriginalFiles.Board.java" Intrnl_Id="507">
<LocList>
<Loc EndOffset="3141" SrcFileId="6" StartOffset="3119"/>
</LocList>
</BasicStmnt>
</StmntSeq>
<Keyword EndOffset="3081" SrcFileId="6" StartOffset="3078"/>
<LocList>
<Loc EndOffset="3156" SrcFileId="6" StartOffset="3078"/>
</LocList>
</LoopStmnt>
</StmntSeq>
<Keyword EndOffset="3040" SrcFileId="6" StartOffset="3037"/>
<LocList>
<Loc EndOffset="3167" SrcFileId="6" StartOffset="3037"/>
</LocList>
</LoopStmnt>
</StmntSeq>
</HierarchyLvl>
<HierarchyLvl HierarchyLvlId="10220" HierarchyLvlTypeId="13" Intrnl_Id="508" Name="sortListOfFields">
<Header>
<Loc EndOffset="3311" SrcFileId="6" StartOffset="3251"/>
</Header>
<LocList>
<Loc EndOffset="4068" SrcFileId="6" StartOffset="3251"/>
</LocList>
<StmntSeq Intrnl_Id="509">
<LocList>
<Loc EndOffset="3333" SrcFileId="6" StartOffset="3323"/>
<Loc EndOffset="3353" SrcFileId="6" StartOffset="3343"/>
<Loc EndOffset="3408" SrcFileId="6" StartOffset="3363"/>
<Loc EndOffset="4061" SrcFileId="6" StartOffset="3418"/>
</LocList>
<BasicStmnt CovItemId="S47" CovItemPrefix="com.OriginalFiles.Board.java" Intrnl_Id="510">
<LocList>
<Loc EndOffset="3333" SrcFileId="6" StartOffset="3323"/>
</LocList>
</BasicStmnt>
<BasicStmnt CovItemId="S48" CovItemPrefix="com.OriginalFiles.Board.java" Intrnl_Id="511">
<LocList>
<Loc EndOffset="3353" SrcFileId="6" StartOffset="3343"/>
</LocList>
</BasicStmnt>
<BasicStmnt CovItemId="S49" CovItemPrefix="com.OriginalFiles.Board.java" Intrnl_Id="512">
<LocList>
<Loc EndOffset="3408" SrcFileId="6" StartOffset="3363"/>
</LocList>
</BasicStmnt>
<LoopStmnt CovItemId="S50" CovItemPrefix="com.OriginalFiles.Board.java" Intrnl_Id="513" MltplExecId="L8-2" MltplExecPrefix="com.OriginalFiles.Board.java" NvrExecId="L8-0" NvrExecPrefix="com.OriginalFiles.Board.java" OnceExecutedId="L8-1" OnceExecutedPrefix="com.OriginalFiles.Board.java" OptBodyExec="true">
<StmntSeq Intrnl_Id="514">
<LocList>
<Loc EndOffset="3970" SrcFileId="6" StartOffset="3478"/>
<Loc EndOffset="4010" SrcFileId="6" StartOffset="3984"/>
<Loc EndOffset="4050" SrcFileId="6" StartOffset="4024"/>
</LocList>
<LoopStmnt CovItemId="S51" CovItemPrefix="com.OriginalFiles.Board.java" Intrnl_Id="515" MltplExecId="L9-2" MltplExecPrefix="com.OriginalFiles.Board.java" NvrExecId="L9-0" NvrExecPrefix="com.OriginalFiles.Board.java" OnceExecutedId="L9-1" OnceExecutedPrefix="com.OriginalFiles.Board.java" OptBodyExec="true">
<StmntSeq Intrnl_Id="516">
<LocList>
<Loc EndOffset="3955" SrcFileId="6" StartOffset="3546"/>
</LocList>
<CondStmnt CovItemId="S52" CovItemPrefix="com.OriginalFiles.Board.java" Intrnl_Id="517">
<Branch CovItemId="B11" CovItemPrefix="com.OriginalFiles.Board.java" Implct="false" Intrnl_Id="518">
<Cond/>
<LocList>
<Loc EndOffset="3955" SrcFileId="6" StartOffset="3635"/>
</LocList>
<StmntSeq Intrnl_Id="519">
<LocList>
<Loc EndOffset="3692" SrcFileId="6" StartOffset="3658"/>
<Loc EndOffset="3748" SrcFileId="6" StartOffset="3714"/>
<Loc EndOffset="3793" SrcFileId="6" StartOffset="3770"/>
<Loc EndOffset="3838" SrcFileId="6" StartOffset="3815"/>
<Loc EndOffset="3887" SrcFileId="6" StartOffset="3860"/>
<Loc EndOffset="3936" SrcFileId="6" StartOffset="3909"/>
</LocList>
<BasicStmnt CovItemId="S53" CovItemPrefix="com.OriginalFiles.Board.java" Intrnl_Id="520">
<LocList>
<Loc EndOffset="3692" SrcFileId="6" StartOffset="3658"/>
</LocList>
</BasicStmnt>
<BasicStmnt CovItemId="S54" CovItemPrefix="com.OriginalFiles.Board.java" Intrnl_Id="521">
<LocList>
<Loc EndOffset="3748" SrcFileId="6" StartOffset="3714"/>
</LocList>
</BasicStmnt>
<BasicStmnt CovItemId="S55" CovItemPrefix="com.OriginalFiles.Board.java" Intrnl_Id="522">
<LocList>
<Loc EndOffset="3793" SrcFileId="6" StartOffset="3770"/>
</LocList>
</BasicStmnt>
<BasicStmnt CovItemId="S56" CovItemPrefix="com.OriginalFiles.Board.java" Intrnl_Id="523">
<LocList>
<Loc EndOffset="3838" SrcFileId="6" StartOffset="3815"/>
</LocList>
</BasicStmnt>
<BasicStmnt CovItemId="S57" CovItemPrefix="com.OriginalFiles.Board.java" Intrnl_Id="524">
<LocList>
<Loc EndOffset="3887" SrcFileId="6" StartOffset="3860"/>
</LocList>
</BasicStmnt>
<BasicStmnt CovItemId="S58" CovItemPrefix="com.OriginalFiles.Board.java" Intrnl_Id="525">
<LocList>
<Loc EndOffset="3936" SrcFileId="6" StartOffset="3909"/>
</LocList>
</BasicStmnt>
</StmntSeq>
</Branch>
<Branch CovItemId="B12" CovItemPrefix="com.OriginalFiles.Board.java" Implct="true" Intrnl_Id="526">
<Cond/>
<LocList/>
<StmntSeq Intrnl_Id="527">
<LocList/>
</StmntSeq>
</Branch>
<Keyword EndOffset="3548" SrcFileId="6" StartOffset="3546"/>
<LocList>
<Loc EndOffset="3955" SrcFileId="6" StartOffset="3546"/>
</LocList>
<RootTerm CovItemId="C13" CovItemPrefix="com.OriginalFiles.Board.java" Intrnl_Id="528">
<OpTerm BooleanOpId="8" Intrnl_Id="529">
<BasicBoolTerm Intrnl_Id="530">
<LocList>
<Loc EndOffset="3633" SrcFileId="6" StartOffset="3551"/>
</LocList>
</BasicBoolTerm>
<LocList>
<Loc EndOffset="3551" SrcFileId="6" StartOffset="3550"/>
</LocList>
</OpTerm>
</RootTerm>
</CondStmnt>
</StmntSeq>
<Keyword EndOffset="3481" SrcFileId="6" StartOffset="3478"/>
<LocList>
<Loc EndOffset="3970" SrcFileId="6" StartOffset="3478"/>
</LocList>
<RootTerm CovItemId="C12" CovItemPrefix="com.OriginalFiles.Board.java" Intrnl_Id="531">
<BasicBoolTerm Intrnl_Id="532">
<LocList>
<Loc EndOffset="3520" SrcFileId="6" StartOffset="3498"/>
</LocList>
</BasicBoolTerm>
</RootTerm>
</LoopStmnt>
<BasicStmnt CovItemId="S59" CovItemPrefix="com.OriginalFiles.Board.java" Intrnl_Id="533">
<LocList>
<Loc EndOffset="4010" SrcFileId="6" StartOffset="3984"/>
</LocList>
</BasicStmnt>
<BasicStmnt CovItemId="S60" CovItemPrefix="com.OriginalFiles.Board.java" Intrnl_Id="534">
<LocList>
<Loc EndOffset="4050" SrcFileId="6" StartOffset="4024"/>
</LocList>
</BasicStmnt>
</StmntSeq>
<Keyword EndOffset="3421" SrcFileId="6" StartOffset="3418"/>
<LocList>
<Loc EndOffset="4061" SrcFileId="6" StartOffset="3418"/>
</LocList>
<RootTerm CovItemId="C11" CovItemPrefix="com.OriginalFiles.Board.java" Intrnl_Id="535">
<BasicBoolTerm Intrnl_Id="536">
<LocList>
<Loc EndOffset="3456" SrcFileId="6" StartOffset="3434"/>
</LocList>
</BasicBoolTerm>
</RootTerm>
</LoopStmnt>
</StmntSeq>
</HierarchyLvl>
<HierarchyLvl HierarchyLvlId="10221" HierarchyLvlTypeId="13" Intrnl_Id="537" Name="sortListOfMoves">
<Header>
<Loc EndOffset="4206" SrcFileId="6" StartOffset="4149"/>
</Header>
<LocList>
<Loc EndOffset="5268" SrcFileId="6" StartOffset="4149"/>
</LocList>
<StmntSeq Intrnl_Id="538">
<LocList>
<Loc EndOffset="4232" SrcFileId="6" StartOffset="4222"/>
<Loc EndOffset="4256" SrcFileId="6" StartOffset="4246"/>
<Loc EndOffset="5257" SrcFileId="6" StartOffset="4270"/>
</LocList>
<BasicStmnt CovItemId="S61" CovItemPrefix="com.OriginalFiles.Board.java" Intrnl_Id="539">
<LocList>
<Loc EndOffset="4232" SrcFileId="6" StartOffset="4222"/>
</LocList>
</BasicStmnt>
<BasicStmnt CovItemId="S62" CovItemPrefix="com.OriginalFiles.Board.java" Intrnl_Id="540">
<LocList>
<Loc EndOffset="4256" SrcFileId="6" StartOffset="4246"/>
</LocList>
</BasicStmnt>
<LoopStmnt CovItemId="S63" CovItemPrefix="com.OriginalFiles.Board.java" Intrnl_Id="541" MltplExecId="L10-2" MltplExecPrefix="com.OriginalFiles.Board.java" NvrExecId="L10-0" NvrExecPrefix="com.OriginalFiles.Board.java" OnceExecutedId="L10-1" OnceExecutedPrefix="com.OriginalFiles.Board.java" OptBodyExec="true">
<StmntSeq Intrnl_Id="542">
<LocList>
<Loc EndOffset="5010" SrcFileId="6" StartOffset="4334"/>
<Loc EndOffset="5126" SrcFileId="6" StartOffset="5028"/>
<Loc EndOffset="5242" SrcFileId="6" StartOffset="5144"/>
</LocList>
<LoopStmnt CovItemId="S64" CovItemPrefix="com.OriginalFiles.Board.java" Intrnl_Id="543" MltplExecId="L11-2" MltplExecPrefix="com.OriginalFiles.Board.java" NvrExecId="L11-0" NvrExecPrefix="com.OriginalFiles.Board.java" OnceExecutedId="L11-1" OnceExecutedPrefix="com.OriginalFiles.Board.java" OptBodyExec="true">
<StmntSeq Intrnl_Id="544">
<LocList>
<Loc EndOffset="4991" SrcFileId="6" StartOffset="4406"/>
</LocList>
<CondStmnt CovItemId="S65" CovItemPrefix="com.OriginalFiles.Board.java" Intrnl_Id="545">
<Branch CovItemId="B13" CovItemPrefix="com.OriginalFiles.Board.java" Implct="false" Intrnl_Id="546">
<Cond/>
<LocList>
<Loc EndOffset="4991" SrcFileId="6" StartOffset="4651"/>
</LocList>
<StmntSeq Intrnl_Id="547">
<LocList>
<Loc EndOffset="4710" SrcFileId="6" StartOffset="4678"/>
<Loc EndOffset="4768" SrcFileId="6" StartOffset="4736"/>
<Loc EndOffset="4816" SrcFileId="6" StartOffset="4794"/>
<Loc EndOffset="4864" SrcFileId="6" StartOffset="4842"/>
<Loc EndOffset="4916" SrcFileId="6" StartOffset="4890"/>
<Loc EndOffset="4968" SrcFileId="6" StartOffset="4942"/>
</LocList>
<BasicStmnt CovItemId="S66" CovItemPrefix="com.OriginalFiles.Board.java" Intrnl_Id="548">
<LocList>
<Loc EndOffset="4710" SrcFileId="6" StartOffset="4678"/>
</LocList>
</BasicStmnt>
<BasicStmnt CovItemId="S67" CovItemPrefix="com.OriginalFiles.Board.java" Intrnl_Id="549">
<LocList>
<Loc EndOffset="4768" SrcFileId="6" StartOffset="4736"/>
</LocList>
</BasicStmnt>
<BasicStmnt CovItemId="S68" CovItemPrefix="com.OriginalFiles.Board.java" Intrnl_Id="550">
<LocList>
<Loc EndOffset="4816" SrcFileId="6" StartOffset="4794"/>
</LocList>
</BasicStmnt>
<BasicStmnt CovItemId="S69" CovItemPrefix="com.OriginalFiles.Board.java" Intrnl_Id="551">
<LocList>
<Loc EndOffset="4864" SrcFileId="6" StartOffset="4842"/>
</LocList>
</BasicStmnt>
<BasicStmnt CovItemId="S70" CovItemPrefix="com.OriginalFiles.Board.java" Intrnl_Id="552">
<LocList>
<Loc EndOffset="4916" SrcFileId="6" StartOffset="4890"/>
</LocList>
</BasicStmnt>
<BasicStmnt CovItemId="S71" CovItemPrefix="com.OriginalFiles.Board.java" Intrnl_Id="553">
<LocList>
<Loc EndOffset="4968" SrcFileId="6" StartOffset="4942"/>
</LocList>
</BasicStmnt>
</StmntSeq>
</Branch>
<Branch CovItemId="B14" CovItemPrefix="com.OriginalFiles.Board.java" Implct="true" Intrnl_Id="554">
<Cond/>
<LocList/>
<StmntSeq Intrnl_Id="555">
<LocList/>
</StmntSeq>
</Branch>
<Keyword EndOffset="4408" SrcFileId="6" StartOffset="4406"/>
<LocList>
<Loc EndOffset="4991" SrcFileId="6" StartOffset="4406"/>
</LocList>
<RootTerm CovItemId="C16" CovItemPrefix="com.OriginalFiles.Board.java" Intrnl_Id="556">
<OpTerm BooleanOpId="8" Intrnl_Id="557">
<BasicBoolTerm Intrnl_Id="558">
<LocList>
<Loc EndOffset="4649" SrcFileId="6" StartOffset="4411"/>
</LocList>
</BasicBoolTerm>
<LocList>
<Loc EndOffset="4411" SrcFileId="6" StartOffset="4410"/>
</LocList>
</OpTerm>
</RootTerm>
</CondStmnt>
</StmntSeq>
<Keyword EndOffset="4337" SrcFileId="6" StartOffset="4334"/>
<LocList>
<Loc EndOffset="5010" SrcFileId="6" StartOffset="4334"/>
</LocList>
<RootTerm CovItemId="C15" CovItemPrefix="com.OriginalFiles.Board.java" Intrnl_Id="559">
<BasicBoolTerm Intrnl_Id="560">
<LocList>
<Loc EndOffset="4376" SrcFileId="6" StartOffset="4354"/>
</LocList>
</BasicBoolTerm>
</RootTerm>
</LoopStmnt>
<BasicStmnt CovItemId="S72" CovItemPrefix="com.OriginalFiles.Board.java" Intrnl_Id="561">
<LocList>
<Loc EndOffset="5126" SrcFileId="6" StartOffset="5028"/>
</LocList>
</BasicStmnt>
<BasicStmnt CovItemId="S73" CovItemPrefix="com.OriginalFiles.Board.java" Intrnl_Id="562">
<LocList>
<Loc EndOffset="5242" SrcFileId="6" StartOffset="5144"/>
</LocList>
</BasicStmnt>
</StmntSeq>
<Keyword EndOffset="4273" SrcFileId="6" StartOffset="4270"/>
<LocList>
<Loc EndOffset="5257" SrcFileId="6" StartOffset="4270"/>
</LocList>
<RootTerm CovItemId="C14" CovItemPrefix="com.OriginalFiles.Board.java" Intrnl_Id="563">
<BasicBoolTerm Intrnl_Id="564">
<LocList>
<Loc EndOffset="4308" SrcFileId="6" StartOffset="4286"/>
</LocList>
</BasicBoolTerm>
</RootTerm>
</LoopStmnt>
</StmntSeq>
</HierarchyLvl>
<HierarchyLvl HierarchyLvlId="10222" HierarchyLvlTypeId="13" Intrnl_Id="565" Name="isGreater">
<Header>
<Loc EndOffset="5449" SrcFileId="6" StartOffset="5344"/>
</Header>
<LocList>
<Loc EndOffset="6894" SrcFileId="6" StartOffset="5344"/>
</LocList>
<StmntSeq Intrnl_Id="566">
<LocList>
<Loc EndOffset="6887" SrcFileId="6" StartOffset="5504"/>
</LocList>
<CondStmnt CovItemId="S74" CovItemPrefix="com.OriginalFiles.Board.java" Intrnl_Id="567">
<Branch CovItemId="B15" CovItemPrefix="com.OriginalFiles.Board.java" Implct="false" Intrnl_Id="568">
<Cond/>
<LocList>
<Loc EndOffset="5784" SrcFileId="6" StartOffset="5746"/>
</LocList>
<StmntSeq Intrnl_Id="569">
<LocList>
<Loc EndOffset="5773" SrcFileId="6" StartOffset="5761"/>
</LocList>
<BasicStmnt CovItemId="S75" CovItemPrefix="com.OriginalFiles.Board.java" Intrnl_Id="570">
<LocList>
<Loc EndOffset="5773" SrcFileId="6" StartOffset="5761"/>
</LocList>
</BasicStmnt>
</StmntSeq>
</Branch>
<Branch CovItemId="B16" CovItemPrefix="com.OriginalFiles.Board.java" Implct="false" Intrnl_Id="571">
<Cond>
<Loc EndOffset="5789" SrcFileId="6" StartOffset="5785"/>
</Cond>
<LocList>
<Loc EndOffset="6887" SrcFileId="6" StartOffset="5790"/>
</LocList>
<StmntSeq Intrnl_Id="572">
<LocList>
<Loc EndOffset="6887" SrcFileId="6" StartOffset="5790"/>
</LocList>
<CondStmnt CovItemId="S76" CovItemPrefix="com.OriginalFiles.Board.java" Intrnl_Id="573">
<Branch CovItemId="B17" CovItemPrefix="com.OriginalFiles.Board.java" Implct="false" Intrnl_Id="574">
<Cond/>
<LocList>
<Loc EndOffset="5932" SrcFileId="6" StartOffset="5894"/>
</LocList>
<StmntSeq Intrnl_Id="575">
<LocList>
<Loc EndOffset="5921" SrcFileId="6" StartOffset="5909"/>
</LocList>
<BasicStmnt CovItemId="S77" CovItemPrefix="com.OriginalFiles.Board.java" Intrnl_Id="576">
<LocList>
<Loc EndOffset="5921" SrcFileId="6" StartOffset="5909"/>
</LocList>
</BasicStmnt>
</StmntSeq>
</Branch>
<Branch CovItemId="B18" CovItemPrefix="com.OriginalFiles.Board.java" Implct="false" Intrnl_Id="577">
<Cond>
<Loc EndOffset="5937" SrcFileId="6" StartOffset="5933"/>
</Cond>
<LocList>
<Loc EndOffset="6887" SrcFileId="6" StartOffset="5938"/>
</LocList>
<StmntSeq Intrnl_Id="578">
<LocList>
<Loc EndOffset="6887" SrcFileId="6" StartOffset="5938"/>
</LocList>
<CondStmnt CovItemId="S78" CovItemPrefix="com.OriginalFiles.Board.java" Intrnl_Id="579">
<Branch CovItemId="B19" CovItemPrefix="com.OriginalFiles.Board.java" Implct="false" Intrnl_Id="580">
<Cond/>
<LocList>
<Loc EndOffset="6081" SrcFileId="6" StartOffset="6042"/>
</LocList>
<StmntSeq Intrnl_Id="581">
<LocList>
<Loc EndOffset="6070" SrcFileId="6" StartOffset="6057"/>
</LocList>
<BasicStmnt CovItemId="S79" CovItemPrefix="com.OriginalFiles.Board.java" Intrnl_Id="582">
<LocList>
<Loc EndOffset="6070" SrcFileId="6" StartOffset="6057"/>
</LocList>
</BasicStmnt>
</StmntSeq>
</Branch>
<Branch CovItemId="B20" CovItemPrefix="com.OriginalFiles.Board.java" Implct="false" Intrnl_Id="583">
<Cond>
<Loc EndOffset="6086" SrcFileId="6" StartOffset="6082"/>
</Cond>
<LocList>
<Loc EndOffset="6887" SrcFileId="6" StartOffset="6087"/>
</LocList>
<StmntSeq Intrnl_Id="584">
<LocList>
<Loc EndOffset="6876" SrcFileId="6" StartOffset="6102"/>
</LocList>
<CondStmnt CovItemId="S80" CovItemPrefix="com.OriginalFiles.Board.java" Intrnl_Id="585">
<Branch CovItemId="B21" CovItemPrefix="com.OriginalFiles.Board.java" Implct="false" Intrnl_Id="586">
<Cond/>
<LocList>
<Loc EndOffset="6260" SrcFileId="6" StartOffset="6214"/>
</LocList>
<StmntSeq Intrnl_Id="587">
<LocList>
<Loc EndOffset="6245" SrcFileId="6" StartOffset="6233"/>
</LocList>
<BasicStmnt CovItemId="S81" CovItemPrefix="com.OriginalFiles.Board.java" Intrnl_Id="588">
<LocList>
<Loc EndOffset="6245" SrcFileId="6" StartOffset="6233"/>
</LocList>
</BasicStmnt>
</StmntSeq>
</Branch>
<Branch CovItemId="B22" CovItemPrefix="com.OriginalFiles.Board.java" Implct="false" Intrnl_Id="589">
<Cond>
<Loc EndOffset="6265" SrcFileId="6" StartOffset="6261"/>
</Cond>
<LocList>
<Loc EndOffset="6876" SrcFileId="6" StartOffset="6266"/>
</LocList>
<StmntSeq Intrnl_Id="590">
<LocList>
<Loc EndOffset="6876" SrcFileId="6" StartOffset="6266"/>
</LocList>
<CondStmnt CovItemId="S82" CovItemPrefix="com.OriginalFiles.Board.java" Intrnl_Id="591">
<Branch CovItemId="B23" CovItemPrefix="com.OriginalFiles.Board.java" Implct="false" Intrnl_Id="592">
<Cond/>
<LocList>
<Loc EndOffset="6429" SrcFileId="6" StartOffset="6382"/>
</LocList>
<StmntSeq Intrnl_Id="593">
<LocList>
<Loc EndOffset="6414" SrcFileId="6" StartOffset="6401"/>
</LocList>
<BasicStmnt CovItemId="S83" CovItemPrefix="com.OriginalFiles.Board.java" Intrnl_Id="594">
<LocList>
<Loc EndOffset="6414" SrcFileId="6" StartOffset="6401"/>
</LocList>
</BasicStmnt>
</StmntSeq>
</Branch>
<Branch CovItemId="B24" CovItemPrefix="com.OriginalFiles.Board.java" Implct="false" Intrnl_Id="595">
<Cond>
<Loc EndOffset="6434" SrcFileId="6" StartOffset="6430"/>
</Cond>
<LocList>
<Loc EndOffset="6876" SrcFileId="6" StartOffset="6435"/>
</LocList>
<StmntSeq Intrnl_Id="596">
<LocList>
<Loc EndOffset="6861" SrcFileId="6" StartOffset="6454"/>
</LocList>
<CondStmnt CovItemId="S84" CovItemPrefix="com.OriginalFiles.Board.java" Intrnl_Id="597">
<Branch CovItemId="B25" CovItemPrefix="com.OriginalFiles.Board.java" Implct="false" Intrnl_Id="598">
<Cond/>
<LocList>
<Loc EndOffset="6607" SrcFileId="6" StartOffset="6552"/>
</LocList>
<StmntSeq Intrnl_Id="599">
<LocList>
<Loc EndOffset="6588" SrcFileId="6" StartOffset="6575"/>
</LocList>
<BasicStmnt CovItemId="S85" CovItemPrefix="com.OriginalFiles.Board.java" Intrnl_Id="600">
<LocList>
<Loc EndOffset="6588" SrcFileId="6" StartOffset="6575"/>
</LocList>
</BasicStmnt>
</StmntSeq>
</Branch>
<Branch CovItemId="B26" CovItemPrefix="com.OriginalFiles.Board.java" Implct="false" Intrnl_Id="601">
<Cond>
<Loc EndOffset="6612" SrcFileId="6" StartOffset="6608"/>
</Cond>
<LocList>
<Loc EndOffset="6861" SrcFileId="6" StartOffset="6613"/>
</LocList>
<StmntSeq Intrnl_Id="602">
<LocList>
<Loc EndOffset="6861" SrcFileId="6" StartOffset="6613"/>
</LocList>
<CondStmnt CovItemId="S86" CovItemPrefix="com.OriginalFiles.Board.java" Intrnl_Id="603">
<Branch CovItemId="B27" CovItemPrefix="com.OriginalFiles.Board.java" Implct="false" Intrnl_Id="604">
<Cond/>
<LocList>
<Loc EndOffset="6772" SrcFileId="6" StartOffset="6718"/>
</LocList>
<StmntSeq Intrnl_Id="605">
<LocList>
<Loc EndOffset="6753" SrcFileId="6" StartOffset="6741"/>
</LocList>
<BasicStmnt CovItemId="S87" CovItemPrefix="com.OriginalFiles.Board.java" Intrnl_Id="606">
<LocList>
<Loc EndOffset="6753" SrcFileId="6" StartOffset="6741"/>
</LocList>
</BasicStmnt>
</StmntSeq>
</Branch>
<Branch CovItemId="B28" CovItemPrefix="com.OriginalFiles.Board.java" Implct="false" Intrnl_Id="607">
<Cond>
<Loc EndOffset="6777" SrcFileId="6" StartOffset="6773"/>
</Cond>
<LocList>
<Loc EndOffset="6861" SrcFileId="6" StartOffset="6778"/>
</LocList>
<StmntSeq Intrnl_Id="608">
<LocList>
<Loc EndOffset="6842" SrcFileId="6" StartOffset="6801"/>
</LocList>
<BasicStmnt CovItemId="S88" CovItemPrefix="com.OriginalFiles.Board.java" Intrnl_Id="609">
<LocList>
<Loc EndOffset="6842" SrcFileId="6" StartOffset="6801"/>
</LocList>
</BasicStmnt>
</StmntSeq>
</Branch>
<Keyword EndOffset="6615" SrcFileId="6" StartOffset="6613"/>
<LocList>
<Loc EndOffset="6861" SrcFileId="6" StartOffset="6613"/>
</LocList>
<RootTerm CovItemId="C23" CovItemPrefix="com.OriginalFiles.Board.java" Intrnl_Id="610">
<BasicBoolTerm Intrnl_Id="611">
<LocList>
<Loc EndOffset="6716" SrcFileId="6" StartOffset="6617"/>
</LocList>
</BasicBoolTerm>
</RootTerm>
</CondStmnt>
</StmntSeq>
</Branch>
<Keyword EndOffset="6456" SrcFileId="6" StartOffset="6454"/>
<LocList>
<Loc EndOffset="6861" SrcFileId="6" StartOffset="6454"/>
</LocList>
<RootTerm CovItemId="C22" CovItemPrefix="com.OriginalFiles.Board.java" Intrnl_Id="612">
<BasicBoolTerm Intrnl_Id="613">
<LocList>
<Loc EndOffset="6550" SrcFileId="6" StartOffset="6458"/>
</LocList>
</BasicBoolTerm>
</RootTerm>
</CondStmnt>
</StmntSeq>
</Branch>
<Keyword EndOffset="6268" SrcFileId="6" StartOffset="6266"/>
<LocList>
<Loc EndOffset="6876" SrcFileId="6" StartOffset="6266"/>
</LocList>
<RootTerm CovItemId="C21" CovItemPrefix="com.OriginalFiles.Board.java" Intrnl_Id="614">
<OpTerm BooleanOpId="9" Intrnl_Id="615">
<OpTerm BooleanOpId="9" Intrnl_Id="616">
<BasicBoolTerm Intrnl_Id="617">
<LocList>
<Loc EndOffset="6291" SrcFileId="6" StartOffset="6270"/>
</LocList>
</BasicBoolTerm>
<BasicBoolTerm Intrnl_Id="618">
<LocList>
<Loc EndOffset="6312" SrcFileId="6" StartOffset="6295"/>
</LocList>
</BasicBoolTerm>
<LocList>
<Loc EndOffset="6294" SrcFileId="6" StartOffset="6292"/>
</LocList>
</OpTerm>
<OpTerm BooleanOpId="8" Intrnl_Id="619">
<BasicBoolTerm Intrnl_Id="620">
<LocList>
<Loc EndOffset="6380" SrcFileId="6" StartOffset="6338"/>
</LocList>
</BasicBoolTerm>
<LocList>
<Loc EndOffset="6338" SrcFileId="6" StartOffset="6337"/>
</LocList>
</OpTerm>
<LocList>
<Loc EndOffset="6336" SrcFileId="6" StartOffset="6334"/>
</LocList>
</OpTerm>
</RootTerm>
</CondStmnt>
</StmntSeq>
</Branch>
<Keyword EndOffset="6104" SrcFileId="6" StartOffset="6102"/>
<LocList>
<Loc EndOffset="6876" SrcFileId="6" StartOffset="6102"/>
</LocList>
<RootTerm CovItemId="C20" CovItemPrefix="com.OriginalFiles.Board.java" Intrnl_Id="621">
<OpTerm BooleanOpId="9" Intrnl_Id="622">
<OpTerm BooleanOpId="9" Intrnl_Id="623">
<BasicBoolTerm Intrnl_Id="624">
<LocList>
<Loc EndOffset="6123" SrcFileId="6" StartOffset="6106"/>
</LocList>
</BasicBoolTerm>
<BasicBoolTerm Intrnl_Id="625">
<LocList>
<Loc EndOffset="6148" SrcFileId="6" StartOffset="6127"/>
</LocList>
</BasicBoolTerm>
<LocList>
<Loc EndOffset="6126" SrcFileId="6" StartOffset="6124"/>
</LocList>
</OpTerm>
<OpTerm BooleanOpId="8" Intrnl_Id="626">
<BasicBoolTerm Intrnl_Id="627">
<LocList>
<Loc EndOffset="6212" SrcFileId="6" StartOffset="6174"/>
</LocList>
</BasicBoolTerm>
<LocList>
<Loc EndOffset="6174" SrcFileId="6" StartOffset="6173"/>
</LocList>
</OpTerm>
<LocList>
<Loc EndOffset="6172" SrcFileId="6" StartOffset="6170"/>
</LocList>
</OpTerm>
</RootTerm>
</CondStmnt>
</StmntSeq>
</Branch>
<Keyword EndOffset="5940" SrcFileId="6" StartOffset="5938"/>
<LocList>
<Loc EndOffset="6887" SrcFileId="6" StartOffset="5938"/>
</LocList>
<RootTerm CovItemId="C19" CovItemPrefix="com.OriginalFiles.Board.java" Intrnl_Id="628">
<OpTerm BooleanOpId="9" Intrnl_Id="629">
<BasicBoolTerm Intrnl_Id="630">
<LocList>
<Loc EndOffset="5982" SrcFileId="6" StartOffset="5942"/>
</LocList>
</BasicBoolTerm>
<OpTerm BooleanOpId="8" Intrnl_Id="631">
<BasicBoolTerm Intrnl_Id="632">
<LocList>
<Loc EndOffset="6040" SrcFileId="6" StartOffset="6004"/>
</LocList>
</BasicBoolTerm>
<LocList>
<Loc EndOffset="6004" SrcFileId="6" StartOffset="6003"/>
</LocList>
</OpTerm>
<LocList>
<Loc EndOffset="6002" SrcFileId="6" StartOffset="6000"/>
</LocList>
</OpTerm>
</RootTerm>
</CondStmnt>
</StmntSeq>
</Branch>
<Keyword EndOffset="5792" SrcFileId="6" StartOffset="5790"/>
<LocList>
<Loc EndOffset="6887" SrcFileId="6" StartOffset="5790"/>
</LocList>
<RootTerm CovItemId="C18" CovItemPrefix="com.OriginalFiles.Board.java" Intrnl_Id="633">
<OpTerm BooleanOpId="9" Intrnl_Id="634">
<BasicBoolTerm Intrnl_Id="635">
<LocList>
<Loc EndOffset="5830" SrcFileId="6" StartOffset="5794"/>
</LocList>
</BasicBoolTerm>
<OpTerm BooleanOpId="8" Intrnl_Id="636">
<BasicBoolTerm Intrnl_Id="637">
<LocList>
<Loc EndOffset="5892" SrcFileId="6" StartOffset="5852"/>
</LocList>
</BasicBoolTerm>
<LocList>
<Loc EndOffset="5852" SrcFileId="6" StartOffset="5851"/>
</LocList>
</OpTerm>
<LocList>
<Loc EndOffset="5850" SrcFileId="6" StartOffset="5848"/>
</LocList>
</OpTerm>
</RootTerm>
</CondStmnt>
</StmntSeq>
</Branch>
<Keyword EndOffset="5506" SrcFileId="6" StartOffset="5504"/>
<LocList>
<Loc EndOffset="6887" SrcFileId="6" StartOffset="5504"/>
</LocList>
<RootTerm CovItemId="C17" CovItemPrefix="com.OriginalFiles.Board.java" Intrnl_Id="638">
<OpTerm BooleanOpId="9" Intrnl_Id="639">
<OpTerm BooleanOpId="9" Intrnl_Id="640">
<OpTerm BooleanOpId="9" Intrnl_Id="641">
<BasicBoolTerm Intrnl_Id="642">
<LocList>
<Loc EndOffset="5544" SrcFileId="6" StartOffset="5508"/>
</LocList>
</BasicBoolTerm>
<OpTerm BooleanOpId="8" Intrnl_Id="643">
<BasicBoolTerm Intrnl_Id="644">
<LocList>
<Loc EndOffset="5604" SrcFileId="6" StartOffset="5566"/>
</LocList>
</BasicBoolTerm>
<LocList>
<Loc EndOffset="5566" SrcFileId="6" StartOffset="5565"/>
</LocList>
</OpTerm>
<LocList>
<Loc EndOffset="5564" SrcFileId="6" StartOffset="5562"/>
</LocList>
</OpTerm>
<BasicBoolTerm Intrnl_Id="645">
<LocList>
<Loc EndOffset="5683" SrcFileId="6" StartOffset="5625"/>
</LocList>
</BasicBoolTerm>
<LocList>
<Loc EndOffset="5624" SrcFileId="6" StartOffset="5622"/>
</LocList>
</OpTerm>
<BasicBoolTerm Intrnl_Id="646">
<LocList>
<Loc EndOffset="5744" SrcFileId="6" StartOffset="5704"/>
</LocList>
</BasicBoolTerm>
<LocList>
<Loc EndOffset="5703" SrcFileId="6" StartOffset="5701"/>
</LocList>
</OpTerm>
</RootTerm>
</CondStmnt>
</StmntSeq>
</HierarchyLvl>
<HierarchyLvl HierarchyLvlId="10223" HierarchyLvlTypeId="13" Intrnl_Id="647" Name="weight">
<Header>
<Loc EndOffset="6952" SrcFileId="6" StartOffset="6902"/>
</Header>
<LocList>
<Loc EndOffset="7034" SrcFileId="6" StartOffset="6902"/>
</LocList>
<StmntSeq Intrnl_Id="648">
<LocList>
<Loc EndOffset="7027" SrcFileId="6" StartOffset="6964"/>
</LocList>
<BasicStmnt CovItemId="S89" CovItemPrefix="com.OriginalFiles.Board.java" Intrnl_Id="649">
<LocList>
<Loc EndOffset="7027" SrcFileId="6" StartOffset="6964"/>
</LocList>
</BasicStmnt>
</StmntSeq>
</HierarchyLvl>
<HierarchyLvl HierarchyLvlId="10224" HierarchyLvlTypeId="13" Intrnl_Id="650" Name="verifyOpPieceIsOnField">
<Header>
<Loc EndOffset="7144" SrcFileId="6" StartOffset="7042"/>
</Header>
<LocList>
<Loc EndOffset="7367" SrcFileId="6" StartOffset="7042"/>
</LocList>
<StmntSeq Intrnl_Id="651">
<LocList>
<Loc EndOffset="7338" SrcFileId="6" StartOffset="7156"/>
<Loc EndOffset="7360" SrcFileId="6" StartOffset="7348"/>
</LocList>
<CondStmnt CovItemId="S90" CovItemPrefix="com.OriginalFiles.Board.java" Intrnl_Id="652">
<Branch CovItemId="B29" CovItemPrefix="com.OriginalFiles.Board.java" Implct="false" Intrnl_Id="653">
<Cond/>
<LocList>
<Loc EndOffset="7338" SrcFileId="6" StartOffset="7190"/>
</LocList>
<StmntSeq Intrnl_Id="654">
<LocList>
<Loc EndOffset="7327" SrcFileId="6" StartOffset="7205"/>
</LocList>
<CondStmnt CovItemId="S91" CovItemPrefix="com.OriginalFiles.Board.java" Intrnl_Id="655">
<Branch CovItemId="B31" CovItemPrefix="com.OriginalFiles.Board.java" Implct="false" Intrnl_Id="656">
<Cond/>
<LocList>
<Loc EndOffset="7327" SrcFileId="6" StartOffset="7245"/>
</LocList>
<StmntSeq Intrnl_Id="657">
<LocList>
<Loc EndOffset="7312" SrcFileId="6" StartOffset="7264"/>
</LocList>
<BasicStmnt CovItemId="S92" CovItemPrefix="com.OriginalFiles.Board.java" Intrnl_Id="658">
<LocList>
<Loc EndOffset="7312" SrcFileId="6" StartOffset="7264"/>
</LocList>
</BasicStmnt>
</StmntSeq>
</Branch>
<Branch CovItemId="B32" CovItemPrefix="com.OriginalFiles.Board.java" Implct="true" Intrnl_Id="659">
<Cond/>
<LocList/>
<StmntSeq Intrnl_Id="660">
<LocList/>
</StmntSeq>
</Branch>
<Keyword EndOffset="7207" SrcFileId="6" StartOffset="7205"/>
<LocList>
<Loc EndOffset="7327" SrcFileId="6" StartOffset="7205"/>
</LocList>
<RootTerm CovItemId="C25" CovItemPrefix="com.OriginalFiles.Board.java" Intrnl_Id="661">
<BasicBoolTerm Intrnl_Id="662">
<LocList>
<Loc EndOffset="7243" SrcFileId="6" StartOffset="7209"/>
</LocList>
</BasicBoolTerm>
</RootTerm>
</CondStmnt>
</StmntSeq>
</Branch>
<Branch CovItemId="B30" CovItemPrefix="com.OriginalFiles.Board.java" Implct="true" Intrnl_Id="663">
<Cond/>
<LocList/>
<StmntSeq Intrnl_Id="664">
<LocList/>
</StmntSeq>
</Branch>
<Keyword EndOffset="7158" SrcFileId="6" StartOffset="7156"/>
<LocList>
<Loc EndOffset="7338" SrcFileId="6" StartOffset="7156"/>
</LocList>
<RootTerm CovItemId="C24" CovItemPrefix="com.OriginalFiles.Board.java" Intrnl_Id="665">
<BasicBoolTerm Intrnl_Id="666">
<LocList>
<Loc EndOffset="7188" SrcFileId="6" StartOffset="7160"/>
</LocList>
</BasicBoolTerm>
</RootTerm>
</CondStmnt>
<BasicStmnt CovItemId="S93" CovItemPrefix="com.OriginalFiles.Board.java" Intrnl_Id="667">
<LocList>
<Loc EndOffset="7360" SrcFileId="6" StartOffset="7348"/>
</LocList>
</BasicStmnt>
</StmntSeq>
</HierarchyLvl>
<HierarchyLvl HierarchyLvlId="10225" HierarchyLvlTypeId="13" Intrnl_Id="668" Name="peasentIsOnEndRow">
<Header>
<Loc EndOffset="7426" SrcFileId="6" StartOffset="7375"/>
</Header>
<LocList>
<Loc EndOffset="7802" SrcFileId="6" StartOffset="7375"/>
</LocList>
<StmntSeq Intrnl_Id="669">
<LocList>
<Loc EndOffset="7772" SrcFileId="6" StartOffset="7438"/>
<Loc EndOffset="7795" SrcFileId="6" StartOffset="7782"/>
</LocList>
<CondStmnt CovItemId="S94" CovItemPrefix="com.OriginalFiles.Board.java" Intrnl_Id="670">
<Branch CovItemId="B33" CovItemPrefix="com.OriginalFiles.Board.java" Implct="false" Intrnl_Id="671">
<Cond/>
<LocList>
<Loc EndOffset="7772" SrcFileId="6" StartOffset="7460"/>
</LocList>
<StmntSeq Intrnl_Id="672">
<LocList>
<Loc EndOffset="7636" SrcFileId="6" StartOffset="7502"/>
<Loc EndOffset="7761" SrcFileId="6" StartOffset="7652"/>
</LocList>
<CondStmnt CovItemId="S95" CovItemPrefix="com.OriginalFiles.Board.java" Intrnl_Id="673">
<Branch CovItemId="B35" CovItemPrefix="com.OriginalFiles.Board.java" Implct="false" Intrnl_Id="674">
<Cond/>
<LocList>
<Loc EndOffset="7583" SrcFileId="6" StartOffset="7536"/>
</LocList>
<StmntSeq Intrnl_Id="675">
<LocList>
<Loc EndOffset="7568" SrcFileId="6" StartOffset="7555"/>
</LocList>
<BasicStmnt CovItemId="S96" CovItemPrefix="com.OriginalFiles.Board.java" Intrnl_Id="676">
<LocList>
<Loc EndOffset="7568" SrcFileId="6" StartOffset="7555"/>
</LocList>
</BasicStmnt>
</StmntSeq>
</Branch>
<Branch CovItemId="B36" CovItemPrefix="com.OriginalFiles.Board.java" Implct="false" Intrnl_Id="677">
<Cond>
<Loc EndOffset="7588" SrcFileId="6" StartOffset="7584"/>
</Cond>
<LocList>
<Loc EndOffset="7636" SrcFileId="6" StartOffset="7589"/>
</LocList>
<StmntSeq Intrnl_Id="678">
<LocList>
<Loc EndOffset="7621" SrcFileId="6" StartOffset="7608"/>
</LocList>
<BasicStmnt CovItemId="S97" CovItemPrefix="com.OriginalFiles.Board.java" Intrnl_Id="679">
<LocList>
<Loc EndOffset="7621" SrcFileId="6" StartOffset="7608"/>
</LocList>
</BasicStmnt>
</StmntSeq>
</Branch>
<Keyword EndOffset="7504" SrcFileId="6" StartOffset="7502"/>
<LocList>
<Loc EndOffset="7636" SrcFileId="6" StartOffset="7502"/>
</LocList>
<RootTerm CovItemId="C27" CovItemPrefix="com.OriginalFiles.Board.java" Intrnl_Id="680">
<BasicBoolTerm Intrnl_Id="681">
<LocList>
<Loc EndOffset="7534" SrcFileId="6" StartOffset="7506"/>
</LocList>
</BasicBoolTerm>
</RootTerm>
</CondStmnt>
<CondStmnt CovItemId="S98" CovItemPrefix="com.OriginalFiles.Board.java" Intrnl_Id="682">
<Branch CovItemId="B37" CovItemPrefix="com.OriginalFiles.Board.java" Implct="false" Intrnl_Id="683">
<Cond/>
<LocList>
<Loc EndOffset="7761" SrcFileId="6" StartOffset="7715"/>
</LocList>
<StmntSeq Intrnl_Id="684">
<LocList>
<Loc EndOffset="7746" SrcFileId="6" StartOffset="7734"/>
</LocList>
<BasicStmnt CovItemId="S99" CovItemPrefix="com.OriginalFiles.Board.java" Intrnl_Id="685">
<LocList>
<Loc EndOffset="7746" SrcFileId="6" StartOffset="7734"/>
</LocList>
</BasicStmnt>
</StmntSeq>
</Branch>
<Branch CovItemId="B38" CovItemPrefix="com.OriginalFiles.Board.java" Implct="true" Intrnl_Id="686">
<Cond/>
<LocList/>
<StmntSeq Intrnl_Id="687">
<LocList/>
</StmntSeq>
</Branch>
<Keyword EndOffset="7654" SrcFileId="6" StartOffset="7652"/>
<LocList>
<Loc EndOffset="7761" SrcFileId="6" StartOffset="7652"/>
</LocList>
<RootTerm CovItemId="C28" CovItemPrefix="com.OriginalFiles.Board.java" Intrnl_Id="688">
<OpTerm BooleanOpId="9" Intrnl_Id="689">
<BasicBoolTerm Intrnl_Id="690">
<LocList>
<Loc EndOffset="7675" SrcFileId="6" StartOffset="7656"/>
</LocList>
</BasicBoolTerm>
<OpTerm BooleanOpId="8" Intrnl_Id="691">
<BasicBoolTerm Intrnl_Id="692">
<LocList>
<Loc EndOffset="7713" SrcFileId="6" StartOffset="7680"/>
</LocList>
</BasicBoolTerm>
<LocList>
<Loc EndOffset="7680" SrcFileId="6" StartOffset="7679"/>
</LocList>
</OpTerm>
<LocList>
<Loc EndOffset="7678" SrcFileId="6" StartOffset="7676"/>
</LocList>
</OpTerm>
</RootTerm>
</CondStmnt>
</StmntSeq>
</Branch>
<Branch CovItemId="B34" CovItemPrefix="com.OriginalFiles.Board.java" Implct="true" Intrnl_Id="693">
<Cond/>
<LocList/>
<StmntSeq Intrnl_Id="694">
<LocList/>
</StmntSeq>
</Branch>
<Keyword EndOffset="7440" SrcFileId="6" StartOffset="7438"/>
<LocList>
<Loc EndOffset="7772" SrcFileId="6" StartOffset="7438"/>
</LocList>
<RootTerm CovItemId="C26" CovItemPrefix="com.OriginalFiles.Board.java" Intrnl_Id="695">
<OpTerm BooleanOpId="8" Intrnl_Id="696">
<BasicBoolTerm Intrnl_Id="697">
<LocList>
<Loc EndOffset="7458" SrcFileId="6" StartOffset="7443"/>
</LocList>
</BasicBoolTerm>
<LocList>
<Loc EndOffset="7443" SrcFileId="6" StartOffset="7442"/>
</LocList>
</OpTerm>
</RootTerm>
</CondStmnt>
<BasicStmnt CovItemId="S100" CovItemPrefix="com.OriginalFiles.Board.java" Intrnl_Id="698">
<LocList>
<Loc EndOffset="7795" SrcFileId="6" StartOffset="7782"/>
</LocList>
</BasicStmnt>
</StmntSeq>
</HierarchyLvl>
<HierarchyLvl HierarchyLvlId="10226" HierarchyLvlTypeId="13" Intrnl_Id="699" Name="movePieceInRepresentation">
<Header>
<Loc EndOffset="8012" SrcFileId="6" StartOffset="7859"/>
</Header>
<LocList>
<Loc EndOffset="8127" SrcFileId="6" StartOffset="7859"/>
</LocList>
<StmntSeq Intrnl_Id="700">
<LocList>
<Loc EndOffset="8120" SrcFileId="6" StartOffset="8024"/>
</LocList>
<BasicStmnt CovItemId="S101" CovItemPrefix="com.OriginalFiles.Board.java" Intrnl_Id="701">
<LocList>
<Loc EndOffset="8120" SrcFileId="6" StartOffset="8024"/>
</LocList>
</BasicStmnt>
</StmntSeq>
</HierarchyLvl>
<HierarchyLvl HierarchyLvlId="10227" HierarchyLvlTypeId="13" Intrnl_Id="702" Name="movePieceInRepresentation">
<Header>
<Loc EndOffset="8318" SrcFileId="6" StartOffset="8178"/>
</Header>
<LocList>
<Loc EndOffset="8604" SrcFileId="6" StartOffset="8178"/>
</LocList>
<StmntSeq Intrnl_Id="703">
<LocList>
<Loc EndOffset="8383" SrcFileId="6" StartOffset="8330"/>
<Loc EndOffset="8420" SrcFileId="6" StartOffset="8393"/>
<Loc EndOffset="8576" SrcFileId="6" StartOffset="8430"/>
</LocList>
<BasicStmnt CovItemId="S102" CovItemPrefix="com.OriginalFiles.Board.java" Intrnl_Id="704">
<LocList>
<Loc EndOffset="8383" SrcFileId="6" StartOffset="8330"/>
</LocList>
</BasicStmnt>
<BasicStmnt CovItemId="S103" CovItemPrefix="com.OriginalFiles.Board.java" Intrnl_Id="705">
<LocList>
<Loc EndOffset="8420" SrcFileId="6" StartOffset="8393"/>
</LocList>
</BasicStmnt>
<CondStmnt CovItemId="S104" CovItemPrefix="com.OriginalFiles.Board.java" Intrnl_Id="706">
<Branch CovItemId="B39" CovItemPrefix="com.OriginalFiles.Board.java" Implct="false" Intrnl_Id="707">
<Cond/>
<LocList>
<Loc EndOffset="8576" SrcFileId="6" StartOffset="8469"/>
</LocList>
<StmntSeq Intrnl_Id="708">
<LocList>
<Loc EndOffset="8565" SrcFileId="6" StartOffset="8484"/>
</LocList>
<BasicStmnt CovItemId="S105" CovItemPrefix="com.OriginalFiles.Board.java" Intrnl_Id="709">
<LocList>
<Loc EndOffset="8565" SrcFileId="6" StartOffset="8484"/>
</LocList>
</BasicStmnt>
</StmntSeq>
</Branch>
<Branch CovItemId="B40" CovItemPrefix="com.OriginalFiles.Board.java" Implct="true" Intrnl_Id="710">
<Cond/>
<LocList/>
<StmntSeq Intrnl_Id="711">
<LocList/>
</StmntSeq>
</Branch>
<Keyword EndOffset="8432" SrcFileId="6" StartOffset="8430"/>
<LocList>
<Loc EndOffset="8576" SrcFileId="6" StartOffset="8430"/>
</LocList>
<RootTerm CovItemId="C29" CovItemPrefix="com.OriginalFiles.Board.java" Intrnl_Id="712">
<BasicBoolTerm Intrnl_Id="713">
<LocList>
<Loc EndOffset="8467" SrcFileId="6" StartOffset="8434"/>
</LocList>
</BasicBoolTerm>
</RootTerm>
</CondStmnt>
</StmntSeq>
</HierarchyLvl>
<HierarchyLvl HierarchyLvlId="10228" HierarchyLvlTypeId="13" Intrnl_Id="714" Name="checkMoveDirection">
<Header>
<Loc EndOffset="8784" SrcFileId="6" StartOffset="8652"/>
</Header>
<LocList>
<Loc EndOffset="8945" SrcFileId="6" StartOffset="8652"/>
</LocList>
<StmntSeq Intrnl_Id="715">
<LocList>
<Loc EndOffset="8938" SrcFileId="6" StartOffset="8796"/>
</LocList>
<BasicStmnt CovItemId="S106" CovItemPrefix="com.OriginalFiles.Board.java" Intrnl_Id="716">
<LocList>
<Loc EndOffset="8938" SrcFileId="6" StartOffset="8796"/>
</LocList>
</BasicStmnt>
</StmntSeq>
</HierarchyLvl>
<HierarchyLvl HierarchyLvlId="10229" HierarchyLvlTypeId="13" Intrnl_Id="717" Name="isFieldEmptyOnBoard">
<Header>
<Loc EndOffset="9061" SrcFileId="6" StartOffset="8953"/>
</Header>
<LocList>
<Loc EndOffset="9255" SrcFileId="6" StartOffset="8953"/>
</LocList>
<StmntSeq Intrnl_Id="718">
<LocList>
<Loc EndOffset="9248" SrcFileId="6" StartOffset="9073"/>
</LocList>
<CondStmnt CovItemId="S107" CovItemPrefix="com.OriginalFiles.Board.java" Intrnl_Id="719">
<Branch CovItemId="B41" CovItemPrefix="com.OriginalFiles.Board.java" Implct="false" Intrnl_Id="720">
<Cond/>
<LocList>
<Loc EndOffset="9203" SrcFileId="6" StartOffset="9096"/>
</LocList>
<StmntSeq Intrnl_Id="721">
<LocList>
<Loc EndOffset="9156" SrcFileId="6" StartOffset="9111"/>
<Loc EndOffset="9192" SrcFileId="6" StartOffset="9172"/>
</LocList>
<BasicStmnt CovItemId="S108" CovItemPrefix="com.OriginalFiles.Board.java" Intrnl_Id="722">
<LocList>
<Loc EndOffset="9156" SrcFileId="6" StartOffset="9111"/>
</LocList>
</BasicStmnt>
<BasicStmnt CovItemId="S109" CovItemPrefix="com.OriginalFiles.Board.java" Intrnl_Id="723">
<LocList>
<Loc EndOffset="9192" SrcFileId="6" StartOffset="9172"/>
</LocList>
</BasicStmnt>
</StmntSeq>
</Branch>
<Branch CovItemId="B42" CovItemPrefix="com.OriginalFiles.Board.java" Implct="false" Intrnl_Id="724">
<Cond>
<Loc EndOffset="9208" SrcFileId="6" StartOffset="9204"/>
</Cond>
<LocList>
<Loc EndOffset="9248" SrcFileId="6" StartOffset="9209"/>
</LocList>
<StmntSeq Intrnl_Id="725">
<LocList>
<Loc EndOffset="9237" SrcFileId="6" StartOffset="9224"/>
</LocList>
<BasicStmnt CovItemId="S110" CovItemPrefix="com.OriginalFiles.Board.java" Intrnl_Id="726">
<LocList>
<Loc EndOffset="9237" SrcFileId="6" StartOffset="9224"/>
</LocList>
</BasicStmnt>
</StmntSeq>
</Branch>
<Keyword EndOffset="9075" SrcFileId="6" StartOffset="9073"/>
<LocList>
<Loc EndOffset="9248" SrcFileId="6" StartOffset="9073"/>
</LocList>
<RootTerm CovItemId="C30" CovItemPrefix="com.OriginalFiles.Board.java" Intrnl_Id="727">
<BasicBoolTerm Intrnl_Id="728">
<LocList>
<Loc EndOffset="9094" SrcFileId="6" StartOffset="9077"/>
</LocList>
</BasicBoolTerm>
</RootTerm>
</CondStmnt>
</StmntSeq>
</HierarchyLvl>
<HierarchyLvl HierarchyLvlId="10230" HierarchyLvlTypeId="13" Intrnl_Id="729" Name="fieldOccupied">
<Header>
<Loc EndOffset="9311" SrcFileId="6" StartOffset="9263"/>
</Header>
<LocList>
<Loc EndOffset="9455" SrcFileId="6" StartOffset="9263"/>
</LocList>
<StmntSeq Intrnl_Id="730">
<LocList>
<Loc EndOffset="9448" SrcFileId="6" StartOffset="9323"/>
</LocList>
<CondStmnt CovItemId="S111" CovItemPrefix="com.OriginalFiles.Board.java" Intrnl_Id="731">
<Branch CovItemId="B43" CovItemPrefix="com.OriginalFiles.Board.java" Implct="false" Intrnl_Id="732">
<Cond/>
<LocList>
<Loc EndOffset="9404" SrcFileId="6" StartOffset="9346"/>
</LocList>
<StmntSeq Intrnl_Id="733">
<LocList>
<Loc EndOffset="9393" SrcFileId="6" StartOffset="9361"/>
</LocList>
<BasicStmnt CovItemId="S112" CovItemPrefix="com.OriginalFiles.Board.java" Intrnl_Id="734">
<LocList>
<Loc EndOffset="9393" SrcFileId="6" StartOffset="9361"/>
</LocList>
</BasicStmnt>
</StmntSeq>
</Branch>
<Branch CovItemId="B44" CovItemPrefix="com.OriginalFiles.Board.java" Implct="false" Intrnl_Id="735">
<Cond>
<Loc EndOffset="9409" SrcFileId="6" StartOffset="9405"/>
</Cond>
<LocList>
<Loc EndOffset="9448" SrcFileId="6" StartOffset="9410"/>
</LocList>
<StmntSeq Intrnl_Id="736">
<LocList>
<Loc EndOffset="9437" SrcFileId="6" StartOffset="9425"/>
</LocList>
<BasicStmnt CovItemId="S113" CovItemPrefix="com.OriginalFiles.Board.java" Intrnl_Id="737">
<LocList>
<Loc EndOffset="9437" SrcFileId="6" StartOffset="9425"/>
</LocList>
</BasicStmnt>
</StmntSeq>
</Branch>
<Keyword EndOffset="9325" SrcFileId="6" StartOffset="9323"/>
<LocList>
<Loc EndOffset="9448" SrcFileId="6" StartOffset="9323"/>
</LocList>
<RootTerm CovItemId="C31" CovItemPrefix="com.OriginalFiles.Board.java" Intrnl_Id="738">
<BasicBoolTerm Intrnl_Id="739">
<LocList>
<Loc EndOffset="9344" SrcFileId="6" StartOffset="9327"/>
</LocList>
</BasicBoolTerm>
</RootTerm>
</CondStmnt>
</StmntSeq>
</HierarchyLvl>
<HierarchyLvl HierarchyLvlId="10231" HierarchyLvlTypeId="13" Intrnl_Id="740" Name="checkPiece">
<Header>
<Loc EndOffset="9614" SrcFileId="6" StartOffset="9542"/>
</Header>
<LocList>
<Loc EndOffset="9995" SrcFileId="6" StartOffset="9542"/>
</LocList>
<StmntSeq Intrnl_Id="741">
<LocList>
<Loc EndOffset="9747" SrcFileId="6" StartOffset="9626"/>
<Loc EndOffset="9988" SrcFileId="6" StartOffset="9759"/>
</LocList>
<BasicStmnt CovItemId="S114" CovItemPrefix="com.OriginalFiles.Board.java" Intrnl_Id="742">
<LocList>
<Loc EndOffset="9747" SrcFileId="6" StartOffset="9626"/>
</LocList>
</BasicStmnt>
<CondStmnt CovItemId="S115" CovItemPrefix="com.OriginalFiles.Board.java" Intrnl_Id="743">
<Branch CovItemId="B45" CovItemPrefix="com.OriginalFiles.Board.java" Implct="false" Intrnl_Id="744">
<Cond/>
<LocList>
<Loc EndOffset="9864" SrcFileId="6" StartOffset="9796"/>
</LocList>
<StmntSeq Intrnl_Id="745">
<LocList>
<Loc EndOffset="9853" SrcFileId="6" StartOffset="9811"/>
</LocList>
<BasicStmnt CovItemId="S116" CovItemPrefix="com.OriginalFiles.Board.java" Intrnl_Id="746">
<LocList>
<Loc EndOffset="9853" SrcFileId="6" StartOffset="9811"/>
</LocList>
</BasicStmnt>
</StmntSeq>
</Branch>
<Branch CovItemId="B46" CovItemPrefix="com.OriginalFiles.Board.java" Implct="false" Intrnl_Id="747">
<Cond>
<Loc EndOffset="9869" SrcFileId="6" StartOffset="9865"/>
</Cond>
<LocList>
<Loc EndOffset="9988" SrcFileId="6" StartOffset="9870"/>
</LocList>
<StmntSeq Intrnl_Id="748">
<LocList>
<Loc EndOffset="9977" SrcFileId="6" StartOffset="9885"/>
</LocList>
<BasicStmnt CovItemId="S117" CovItemPrefix="com.OriginalFiles.Board.java" Intrnl_Id="749">
<LocList>
<Loc EndOffset="9977" SrcFileId="6" StartOffset="9885"/>
</LocList>
</BasicStmnt>
</StmntSeq>
</Branch>
<Keyword EndOffset="9761" SrcFileId="6" StartOffset="9759"/>
<LocList>
<Loc EndOffset="9988" SrcFileId="6" StartOffset="9759"/>
</LocList>
<RootTerm CovItemId="C32" CovItemPrefix="com.OriginalFiles.Board.java" Intrnl_Id="750">
<BasicBoolTerm Intrnl_Id="751">
<LocList>
<Loc EndOffset="9794" SrcFileId="6" StartOffset="9763"/>
</LocList>
</BasicBoolTerm>
</RootTerm>
</CondStmnt>
</StmntSeq>
</HierarchyLvl>
<HierarchyLvl HierarchyLvlId="10232" HierarchyLvlTypeId="13" Intrnl_Id="752" Name="checkMoveableBoolean">
<Header>
<Loc EndOffset="10078" SrcFileId="6" StartOffset="10020"/>
</Header>
<LocList>
<Loc EndOffset="10141" SrcFileId="6" StartOffset="10020"/>
</LocList>
<StmntSeq Intrnl_Id="753">
<LocList>
<Loc EndOffset="10134" SrcFileId="6" StartOffset="10090"/>
</LocList>
<BasicStmnt CovItemId="S118" CovItemPrefix="com.OriginalFiles.Board.java" Intrnl_Id="754">
<LocList>
<Loc EndOffset="10134" SrcFileId="6" StartOffset="10090"/>
</LocList>
</BasicStmnt>
</StmntSeq>
</HierarchyLvl>
<HierarchyLvl HierarchyLvlId="10233" HierarchyLvlTypeId="13" Intrnl_Id="755" Name="checkMoveable">
<Header>
<Loc EndOffset="10251" SrcFileId="6" StartOffset="10191"/>
</Header>
<LocList>
<Loc EndOffset="11081" SrcFileId="6" StartOffset="10191"/>
</LocList>
<StmntSeq Intrnl_Id="756">
<LocList>
<Loc EndOffset="10314" SrcFileId="6" StartOffset="10263"/>
<Loc EndOffset="10485" SrcFileId="6" StartOffset="10351"/>
<Loc EndOffset="10629" SrcFileId="6" StartOffset="10495"/>
<Loc EndOffset="11043" SrcFileId="6" StartOffset="10680"/>
<Loc EndOffset="11074" SrcFileId="6" StartOffset="11053"/>
</LocList>
<BasicStmnt CovItemId="S119" CovItemPrefix="com.OriginalFiles.Board.java" Intrnl_Id="757">
<LocList>
<Loc EndOffset="10314" SrcFileId="6" StartOffset="10263"/>
</LocList>
</BasicStmnt>
<CondStmnt CovItemId="S120" CovItemPrefix="com.OriginalFiles.Board.java" Intrnl_Id="758">
<Branch CovItemId="B47" CovItemPrefix="com.OriginalFiles.Board.java" Implct="false" Intrnl_Id="759">
<Cond/>
<LocList>
<Loc EndOffset="10485" SrcFileId="6" StartOffset="10404"/>
</LocList>
<StmntSeq Intrnl_Id="760">
<LocList>
<Loc EndOffset="10474" SrcFileId="6" StartOffset="10419"/>
</LocList>
<BasicStmnt CovItemId="S121" CovItemPrefix="com.OriginalFiles.Board.java" Intrnl_Id="761">
<LocList>
<Loc EndOffset="10474" SrcFileId="6" StartOffset="10419"/>
</LocList>
</BasicStmnt>
</StmntSeq>
</Branch>
<Branch CovItemId="B48" CovItemPrefix="com.OriginalFiles.Board.java" Implct="true" Intrnl_Id="762">
<Cond/>
<LocList/>
<StmntSeq Intrnl_Id="763">
<LocList/>
</StmntSeq>
</Branch>
<Keyword EndOffset="10353" SrcFileId="6" StartOffset="10351"/>
<LocList>
<Loc EndOffset="10485" SrcFileId="6" StartOffset="10351"/>
</LocList>
<RootTerm CovItemId="C33" CovItemPrefix="com.OriginalFiles.Board.java" Intrnl_Id="764">
<OpTerm BooleanOpId="8" Intrnl_Id="765">
<BasicBoolTerm Intrnl_Id="766">
<LocList>
<Loc EndOffset="10402" SrcFileId="6" StartOffset="10356"/>
</LocList>
</BasicBoolTerm>
<LocList>
<Loc EndOffset="10356" SrcFileId="6" StartOffset="10355"/>
</LocList>
</OpTerm>
</RootTerm>
</CondStmnt>
<CondStmnt CovItemId="S122" CovItemPrefix="com.OriginalFiles.Board.java" Intrnl_Id="767">
<Branch CovItemId="B49" CovItemPrefix="com.OriginalFiles.Board.java" Implct="false" Intrnl_Id="768">
<Cond/>
<LocList>
<Loc EndOffset="10629" SrcFileId="6" StartOffset="10548"/>
</LocList>
<StmntSeq Intrnl_Id="769">
<LocList>
<Loc EndOffset="10618" SrcFileId="6" StartOffset="10563"/>
</LocList>
<BasicStmnt CovItemId="S123" CovItemPrefix="com.OriginalFiles.Board.java" Intrnl_Id="770">
<LocList>
<Loc EndOffset="10618" SrcFileId="6" StartOffset="10563"/>
</LocList>
</BasicStmnt>
</StmntSeq>
</Branch>
<Branch CovItemId="B50" CovItemPrefix="com.OriginalFiles.Board.java" Implct="true" Intrnl_Id="771">
<Cond/>
<LocList/>
<StmntSeq Intrnl_Id="772">
<LocList/>
</StmntSeq>
</Branch>
<Keyword EndOffset="10497" SrcFileId="6" StartOffset="10495"/>
<LocList>
<Loc EndOffset="10629" SrcFileId="6" StartOffset="10495"/>
</LocList>
<RootTerm CovItemId="C34" CovItemPrefix="com.OriginalFiles.Board.java" Intrnl_Id="773">
<OpTerm BooleanOpId="8" Intrnl_Id="774">
<BasicBoolTerm Intrnl_Id="775">
<LocList>
<Loc EndOffset="10546" SrcFileId="6" StartOffset="10500"/>
</LocList>
</BasicBoolTerm>
<LocList>
<Loc EndOffset="10500" SrcFileId="6" StartOffset="10499"/>
</LocList>
</OpTerm>
</RootTerm>
</CondStmnt>
<CondStmnt CovItemId="S124" CovItemPrefix="com.OriginalFiles.Board.java" Intrnl_Id="776">
<Branch CovItemId="B51" CovItemPrefix="com.OriginalFiles.Board.java" Implct="false" Intrnl_Id="777">
<Cond/>
<LocList>
<Loc EndOffset="11043" SrcFileId="6" StartOffset="10719"/>
</LocList>
<StmntSeq Intrnl_Id="778">
<LocList>
<Loc EndOffset="10876" SrcFileId="6" StartOffset="10734"/>
<Loc EndOffset="11032" SrcFileId="6" StartOffset="10890"/>
</LocList>
<CondStmnt CovItemId="S125" CovItemPrefix="com.OriginalFiles.Board.java" Intrnl_Id="779">
<Branch CovItemId="B53" CovItemPrefix="com.OriginalFiles.Board.java" Implct="false" Intrnl_Id="780">
<Cond/>
<LocList>
<Loc EndOffset="10876" SrcFileId="6" StartOffset="10787"/>
</LocList>
<StmntSeq Intrnl_Id="781">
<LocList>
<Loc EndOffset="10861" SrcFileId="6" StartOffset="10806"/>
</LocList>
<BasicStmnt CovItemId="S126" CovItemPrefix="com.OriginalFiles.Board.java" Intrnl_Id="782">
<LocList>
<Loc EndOffset="10861" SrcFileId="6" StartOffset="10806"/>
</LocList>
</BasicStmnt>
</StmntSeq>
</Branch>
<Branch CovItemId="B54" CovItemPrefix="com.OriginalFiles.Board.java" Implct="true" Intrnl_Id="783">
<Cond/>
<LocList/>
<StmntSeq Intrnl_Id="784">
<LocList/>
</StmntSeq>
</Branch>
<Keyword EndOffset="10736" SrcFileId="6" StartOffset="10734"/>
<LocList>
<Loc EndOffset="10876" SrcFileId="6" StartOffset="10734"/>
</LocList>
<RootTerm CovItemId="C36" CovItemPrefix="com.OriginalFiles.Board.java" Intrnl_Id="785">
<OpTerm BooleanOpId="8" Intrnl_Id="786">
<BasicBoolTerm Intrnl_Id="787">
<LocList>
<Loc EndOffset="10785" SrcFileId="6" StartOffset="10739"/>
</LocList>
</BasicBoolTerm>
<LocList>
<Loc EndOffset="10739" SrcFileId="6" StartOffset="10738"/>
</LocList>
</OpTerm>
</RootTerm>
</CondStmnt>
<CondStmnt CovItemId="S127" CovItemPrefix="com.OriginalFiles.Board.java" Intrnl_Id="788">
<Branch CovItemId="B55" CovItemPrefix="com.OriginalFiles.Board.java" Implct="false" Intrnl_Id="789">
<Cond/>
<LocList>
<Loc EndOffset="11032" SrcFileId="6" StartOffset="10943"/>
</LocList>
<StmntSeq Intrnl_Id="790">
<LocList>
<Loc EndOffset="11017" SrcFileId="6" StartOffset="10962"/>
</LocList>
<BasicStmnt CovItemId="S128" CovItemPrefix="com.OriginalFiles.Board.java" Intrnl_Id="791">
<LocList>
<Loc EndOffset="11017" SrcFileId="6" StartOffset="10962"/>
</LocList>
</BasicStmnt>
</StmntSeq>
</Branch>
<Branch CovItemId="B56" CovItemPrefix="com.OriginalFiles.Board.java" Implct="true" Intrnl_Id="792">
<Cond/>
<LocList/>
<StmntSeq Intrnl_Id="793">
<LocList/>
</StmntSeq>
</Branch>
<Keyword EndOffset="10892" SrcFileId="6" StartOffset="10890"/>
<LocList>
<Loc EndOffset="11032" SrcFileId="6" StartOffset="10890"/>
</LocList>
<RootTerm CovItemId="C37" CovItemPrefix="com.OriginalFiles.Board.java" Intrnl_Id="794">
<OpTerm BooleanOpId="8" Intrnl_Id="795">
<BasicBoolTerm Intrnl_Id="796">
<LocList>
<Loc EndOffset="10941" SrcFileId="6" StartOffset="10895"/>
</LocList>
</BasicBoolTerm>
<LocList>
<Loc EndOffset="10895" SrcFileId="6" StartOffset="10894"/>
</LocList>
</OpTerm>
</RootTerm>
</CondStmnt>
</StmntSeq>
</Branch>
<Branch CovItemId="B52" CovItemPrefix="com.OriginalFiles.Board.java" Implct="true" Intrnl_Id="797">
<Cond/>
<LocList/>
<StmntSeq Intrnl_Id="798">
<LocList/>
</StmntSeq>
</Branch>
<Keyword EndOffset="10682" SrcFileId="6" StartOffset="10680"/>
<LocList>
<Loc EndOffset="11043" SrcFileId="6" StartOffset="10680"/>
</LocList>
<RootTerm CovItemId="C35" CovItemPrefix="com.OriginalFiles.Board.java" Intrnl_Id="799">
<BasicBoolTerm Intrnl_Id="800">
<LocList>
<Loc EndOffset="10717" SrcFileId="6" StartOffset="10684"/>
</LocList>
</BasicBoolTerm>
</RootTerm>
</CondStmnt>
<BasicStmnt CovItemId="S129" CovItemPrefix="com.OriginalFiles.Board.java" Intrnl_Id="801">
<LocList>
<Loc EndOffset="11074" SrcFileId="6" StartOffset="11053"/>
</LocList>
</BasicStmnt>
</StmntSeq>
</HierarchyLvl>
<HierarchyLvl HierarchyLvlId="10234" HierarchyLvlTypeId="13" Intrnl_Id="802" Name="checkJump">
<Header>
<Loc EndOffset="11253" SrcFileId="6" StartOffset="11157"/>
</Header>
<LocList>
<Loc EndOffset="11717" SrcFileId="6" StartOffset="11157"/>
</LocList>
<StmntSeq Intrnl_Id="803">
<LocList>
<Loc EndOffset="11710" SrcFileId="6" StartOffset="11265"/>
</LocList>
<BasicStmnt CovItemId="S130" CovItemPrefix="com.OriginalFiles.Board.java" Intrnl_Id="804">
<LocList>
<Loc EndOffset="11710" SrcFileId="6" StartOffset="11265"/>
</LocList>
</BasicStmnt>
</StmntSeq>
</HierarchyLvl>
<HierarchyLvl HierarchyLvlId="10235" HierarchyLvlTypeId="13" Intrnl_Id="805" Name="checkJumpDirection">
<Header>
<Loc EndOffset="11923" SrcFileId="6" StartOffset="11795"/>
</Header>
<LocList>
<Loc EndOffset="12611" SrcFileId="6" StartOffset="11795"/>
</LocList>
<StmntSeq Intrnl_Id="806">
<LocList>
<Loc EndOffset="12080" SrcFileId="6" StartOffset="11935"/>
<Loc EndOffset="12582" SrcFileId="6" StartOffset="12092"/>
<Loc EndOffset="12604" SrcFileId="6" StartOffset="12592"/>
</LocList>
<CondStmnt CovItemId="S131" CovItemPrefix="com.OriginalFiles.Board.java" Intrnl_Id="807">
<Branch CovItemId="B57" CovItemPrefix="com.OriginalFiles.Board.java" Implct="false" Intrnl_Id="808">
<Cond/>
<LocList>
<Loc EndOffset="12080" SrcFileId="6" StartOffset="12042"/>
</LocList>
<StmntSeq Intrnl_Id="809">
<LocList>
<Loc EndOffset="12069" SrcFileId="6" StartOffset="12057"/>
</LocList>
<BasicStmnt CovItemId="S132" CovItemPrefix="com.OriginalFiles.Board.java" Intrnl_Id="810">
<LocList>
<Loc EndOffset="12069" SrcFileId="6" StartOffset="12057"/>
</LocList>
</BasicStmnt>
</StmntSeq>
</Branch>
<Branch CovItemId="B58" CovItemPrefix="com.OriginalFiles.Board.java" Implct="true" Intrnl_Id="811">
<Cond/>
<LocList/>
<StmntSeq Intrnl_Id="812">
<LocList/>
</StmntSeq>
</Branch>
<Keyword EndOffset="11937" SrcFileId="6" StartOffset="11935"/>
<LocList>
<Loc EndOffset="12080" SrcFileId="6" StartOffset="11935"/>
</LocList>
<RootTerm CovItemId="C38" CovItemPrefix="com.OriginalFiles.Board.java" Intrnl_Id="813">
<OpTerm BooleanOpId="9" Intrnl_Id="814">
<OpTerm BooleanOpId="10" Intrnl_Id="815">
<OpTerm BooleanOpId="9" Intrnl_Id="816">
<BasicBoolTerm Intrnl_Id="817">
<LocList>
<Loc EndOffset="11957" SrcFileId="6" StartOffset="11941"/>
</LocList>
</BasicBoolTerm>
<BasicBoolTerm Intrnl_Id="818">
<LocList>
<Loc EndOffset="11971" SrcFileId="6" StartOffset="11961"/>
</LocList>
</BasicBoolTerm>
<LocList>
<Loc EndOffset="11960" SrcFileId="6" StartOffset="11958"/>
</LocList>
</OpTerm>
<OpTerm BooleanOpId="9" Intrnl_Id="819">
<OpTerm BooleanOpId="8" Intrnl_Id="820">
<BasicBoolTerm Intrnl_Id="821">
<LocList>
<Loc EndOffset="12011" SrcFileId="6" StartOffset="11995"/>
</LocList>
</BasicBoolTerm>
<LocList>
<Loc EndOffset="11995" SrcFileId="6" StartOffset="11994"/>
</LocList>
</OpTerm>
<BasicBoolTerm Intrnl_Id="822">
<LocList>
<Loc EndOffset="12024" SrcFileId="6" StartOffset="12015"/>
</LocList>
</BasicBoolTerm>
<LocList>
<Loc EndOffset="12014" SrcFileId="6" StartOffset="12012"/>
</LocList>
</OpTerm>
<LocList>
<Loc EndOffset="11992" SrcFileId="6" StartOffset="11990"/>
</LocList>
</OpTerm>
<OpTerm BooleanOpId="8" Intrnl_Id="823">
<BasicBoolTerm Intrnl_Id="824">
<LocList>
<Loc EndOffset="12040" SrcFileId="6" StartOffset="12031"/>
</LocList>
</BasicBoolTerm>
<LocList>
<Loc EndOffset="12031" SrcFileId="6" StartOffset="12030"/>
</LocList>
</OpTerm>
<LocList>
<Loc EndOffset="12029" SrcFileId="6" StartOffset="12027"/>
</LocList>
</OpTerm>
</RootTerm>
</CondStmnt>
<CondStmnt CovItemId="S133" CovItemPrefix="com.OriginalFiles.Board.java" Intrnl_Id="825">
<Branch CovItemId="B59" CovItemPrefix="com.OriginalFiles.Board.java" Implct="false" Intrnl_Id="826">
<Cond/>
<LocList>
<Loc EndOffset="12582" SrcFileId="6" StartOffset="12149"/>
</LocList>
<StmntSeq Intrnl_Id="827">
<LocList>
<Loc EndOffset="12571" SrcFileId="6" StartOffset="12164"/>
</LocList>
<CondStmnt CovItemId="S134" CovItemPrefix="com.OriginalFiles.Board.java" Intrnl_Id="828">
<Branch CovItemId="B61" CovItemPrefix="com.OriginalFiles.Board.java" Implct="false" Intrnl_Id="829">
<Cond/>
<LocList>
<Loc EndOffset="12571" SrcFileId="6" StartOffset="12226"/>
</LocList>
<StmntSeq Intrnl_Id="830">
<LocList>
<Loc EndOffset="12556" SrcFileId="6" StartOffset="12245"/>
</LocList>
<CondStmnt CovItemId="S135" CovItemPrefix="com.OriginalFiles.Board.java" Intrnl_Id="831">
<Branch CovItemId="B63" CovItemPrefix="com.OriginalFiles.Board.java" Implct="false" Intrnl_Id="832">
<Cond/>
<LocList>
<Loc EndOffset="12556" SrcFileId="6" StartOffset="12459"/>
</LocList>
<StmntSeq Intrnl_Id="833">
<LocList>
<Loc EndOffset="12537" SrcFileId="6" StartOffset="12482"/>
</LocList>
<BasicStmnt CovItemId="S136" CovItemPrefix="com.OriginalFiles.Board.java" Intrnl_Id="834">
<LocList>
<Loc EndOffset="12537" SrcFileId="6" StartOffset="12482"/>
</LocList>
</BasicStmnt>
</StmntSeq>
</Branch>
<Branch CovItemId="B64" CovItemPrefix="com.OriginalFiles.Board.java" Implct="true" Intrnl_Id="835">
<Cond/>
<LocList/>
<StmntSeq Intrnl_Id="836">
<LocList/>
</StmntSeq>
</Branch>
<Keyword EndOffset="12247" SrcFileId="6" StartOffset="12245"/>
<LocList>
<Loc EndOffset="12556" SrcFileId="6" StartOffset="12245"/>
</LocList>
<RootTerm CovItemId="C41" CovItemPrefix="com.OriginalFiles.Board.java" Intrnl_Id="837">
<OpTerm BooleanOpId="9" Intrnl_Id="838">
<BasicBoolTerm Intrnl_Id="839">
<LocList>
<Loc EndOffset="12347" SrcFileId="6" StartOffset="12249"/>
</LocList>
</BasicBoolTerm>
<OpTerm BooleanOpId="8" Intrnl_Id="840">
<BasicBoolTerm Intrnl_Id="841">
<LocList>
<Loc EndOffset="12457" SrcFileId="6" StartOffset="12375"/>
</LocList>
</BasicBoolTerm>
<LocList>
<Loc EndOffset="12375" SrcFileId="6" StartOffset="12374"/>
</LocList>
</OpTerm>
<LocList>
<Loc EndOffset="12373" SrcFileId="6" StartOffset="12371"/>
</LocList>
</OpTerm>
</RootTerm>
</CondStmnt>
</StmntSeq>
</Branch>
<Branch CovItemId="B62" CovItemPrefix="com.OriginalFiles.Board.java" Implct="true" Intrnl_Id="842">
<Cond/>
<LocList/>
<StmntSeq Intrnl_Id="843">
<LocList/>
</StmntSeq>
</Branch>
<Keyword EndOffset="12166" SrcFileId="6" StartOffset="12164"/>
<LocList>
<Loc EndOffset="12571" SrcFileId="6" StartOffset="12164"/>
</LocList>
<RootTerm CovItemId="C40" CovItemPrefix="com.OriginalFiles.Board.java" Intrnl_Id="844">
<OpTerm BooleanOpId="8" Intrnl_Id="845">
<BasicBoolTerm Intrnl_Id="846">
<LocList>
<Loc EndOffset="12224" SrcFileId="6" StartOffset="12169"/>
</LocList>
</BasicBoolTerm>
<LocList>
<Loc EndOffset="12169" SrcFileId="6" StartOffset="12168"/>
</LocList>
</OpTerm>
</RootTerm>
</CondStmnt>
</StmntSeq>
</Branch>
<Branch CovItemId="B60" CovItemPrefix="com.OriginalFiles.Board.java" Implct="true" Intrnl_Id="847">
<Cond/>
<LocList/>
<StmntSeq Intrnl_Id="848">
<LocList/>
</StmntSeq>
</Branch>
<Keyword EndOffset="12094" SrcFileId="6" StartOffset="12092"/>
<LocList>
<Loc EndOffset="12582" SrcFileId="6" StartOffset="12092"/>
</LocList>
<RootTerm CovItemId="C39" CovItemPrefix="com.OriginalFiles.Board.java" Intrnl_Id="849">
<BasicBoolTerm Intrnl_Id="850">
<LocList>
<Loc EndOffset="12147" SrcFileId="6" StartOffset="12096"/>
</LocList>
</BasicBoolTerm>
</RootTerm>
</CondStmnt>
<BasicStmnt CovItemId="S137" CovItemPrefix="com.OriginalFiles.Board.java" Intrnl_Id="851">
<LocList>
<Loc EndOffset="12604" SrcFileId="6" StartOffset="12592"/>
</LocList>
</BasicStmnt>
</StmntSeq>
</HierarchyLvl>
<HierarchyLvl HierarchyLvlId="10236" HierarchyLvlTypeId="13" Intrnl_Id="852" Name="checkJumpDirectionBoolean">
<Header>
<Loc EndOffset="12768" SrcFileId="6" StartOffset="12636"/>
</Header>
<LocList>
<Loc EndOffset="12889" SrcFileId="6" StartOffset="12636"/>
</LocList>
<StmntSeq Intrnl_Id="853">
<LocList>
<Loc EndOffset="12882" SrcFileId="6" StartOffset="12780"/>
</LocList>
<BasicStmnt CovItemId="S138" CovItemPrefix="com.OriginalFiles.Board.java" Intrnl_Id="854">
<LocList>
<Loc EndOffset="12882" SrcFileId="6" StartOffset="12780"/>
</LocList>
</BasicStmnt>
</StmntSeq>
</HierarchyLvl>
<HierarchyLvl HierarchyLvlId="10237" HierarchyLvlTypeId="13" Intrnl_Id="855" Name="updateMoveables">
<Header>
<Loc EndOffset="12982" SrcFileId="6" StartOffset="12947"/>
</Header>
<LocList>
<Loc EndOffset="13663" SrcFileId="6" StartOffset="12947"/>
</LocList>
<StmntSeq Intrnl_Id="856">
<LocList>
<Loc EndOffset="13009" SrcFileId="6" StartOffset="12994"/>
<Loc EndOffset="13631" SrcFileId="6" StartOffset="13019"/>
<Loc EndOffset="13656" SrcFileId="6" StartOffset="13641"/>
</LocList>
<BasicStmnt CovItemId="S139" CovItemPrefix="com.OriginalFiles.Board.java" Intrnl_Id="857">
<LocList>
<Loc EndOffset="13009" SrcFileId="6" StartOffset="12994"/>
</LocList>
</BasicStmnt>
<LoopStmnt CovItemId="S140" CovItemPrefix="com.OriginalFiles.Board.java" Intrnl_Id="858" MltplExecId="L12-2" MltplExecPrefix="com.OriginalFiles.Board.java" NvrExecId="L12-0" NvrExecPrefix="com.OriginalFiles.Board.java" OnceExecutedId="L12-1" OnceExecutedPrefix="com.OriginalFiles.Board.java" OptBodyExec="true">
<StmntSeq Intrnl_Id="859">
<LocList>
<Loc EndOffset="13620" SrcFileId="6" StartOffset="13060"/>
</LocList>
<LoopStmnt CovItemId="S141" CovItemPrefix="com.OriginalFiles.Board.java" Intrnl_Id="860" MltplExecId="L13-2" MltplExecPrefix="com.OriginalFiles.Board.java" NvrExecId="L13-0" NvrExecPrefix="com.OriginalFiles.Board.java" OnceExecutedId="L13-1" OnceExecutedPrefix="com.OriginalFiles.Board.java" OptBodyExec="true">
<StmntSeq Intrnl_Id="861">
<LocList>
<Loc EndOffset="13605" SrcFileId="6" StartOffset="13101"/>
</LocList>
<CondStmnt CovItemId="S142" CovItemPrefix="com.OriginalFiles.Board.java" Intrnl_Id="862">
<Branch CovItemId="B65" CovItemPrefix="com.OriginalFiles.Board.java" Implct="false" Intrnl_Id="863">
<Cond/>
<LocList>
<Loc EndOffset="13605" SrcFileId="6" StartOffset="13125"/>
</LocList>
<StmntSeq Intrnl_Id="864">
<LocList>
<Loc EndOffset="13586" SrcFileId="6" StartOffset="13148"/>
</LocList>
<CondStmnt CovItemId="S143" CovItemPrefix="com.OriginalFiles.Board.java" Intrnl_Id="865">
<Branch CovItemId="B67" CovItemPrefix="com.OriginalFiles.Board.java" Implct="false" Intrnl_Id="866">
<Cond/>
<LocList>
<Loc EndOffset="13586" SrcFileId="6" StartOffset="13185"/>
</LocList>
<StmntSeq Intrnl_Id="867">
<LocList>
<Loc EndOffset="13563" SrcFileId="6" StartOffset="13263"/>
</LocList>
<CondStmnt CovItemId="S144" CovItemPrefix="com.OriginalFiles.Board.java" Intrnl_Id="868">
<Branch CovItemId="B69" CovItemPrefix="com.OriginalFiles.Board.java" Implct="false" Intrnl_Id="869">
<Cond/>
<LocList>
<Loc EndOffset="13436" SrcFileId="6" StartOffset="13298"/>
</LocList>
<StmntSeq Intrnl_Id="870">
<LocList>
<Loc EndOffset="13356" SrcFileId="6" StartOffset="13329"/>
</LocList>
<BasicStmnt CovItemId="S145" CovItemPrefix="com.OriginalFiles.Board.java" Intrnl_Id="871">
<LocList>
<Loc EndOffset="13356" SrcFileId="6" StartOffset="13329"/>
</LocList>
</BasicStmnt>
</StmntSeq>
</Branch>
<Branch CovItemId="B70" CovItemPrefix="com.OriginalFiles.Board.java" Implct="false" Intrnl_Id="872">
<Cond>
<Loc EndOffset="13441" SrcFileId="6" StartOffset="13437"/>
</Cond>
<LocList>
<Loc EndOffset="13563" SrcFileId="6" StartOffset="13442"/>
</LocList>
<StmntSeq Intrnl_Id="873">
<LocList>
<Loc EndOffset="13563" SrcFileId="6" StartOffset="13442"/>
</LocList>
<CondStmnt CovItemId="S146" CovItemPrefix="com.OriginalFiles.Board.java" Intrnl_Id="874">
<Branch CovItemId="B71" CovItemPrefix="com.OriginalFiles.Board.java" Implct="false" Intrnl_Id="875">
<Cond/>
<LocList>
<Loc EndOffset="13563" SrcFileId="6" StartOffset="13476"/>
</LocList>
<StmntSeq Intrnl_Id="876">
<LocList>
<Loc EndOffset="13536" SrcFileId="6" StartOffset="13507"/>
</LocList>
<BasicStmnt CovItemId="S147" CovItemPrefix="com.OriginalFiles.Board.java" Intrnl_Id="877">
<LocList>
<Loc EndOffset="13536" SrcFileId="6" StartOffset="13507"/>
</LocList>
</BasicStmnt>
</StmntSeq>
</Branch>
<Branch CovItemId="B72" CovItemPrefix="com.OriginalFiles.Board.java" Implct="true" Intrnl_Id="878">
<Cond/>
<LocList/>
<StmntSeq Intrnl_Id="879">
<LocList/>
</StmntSeq>
</Branch>
<Keyword EndOffset="13444" SrcFileId="6" StartOffset="13442"/>
<LocList>
<Loc EndOffset="13563" SrcFileId="6" StartOffset="13442"/>
</LocList>
<RootTerm CovItemId="C45" CovItemPrefix="com.OriginalFiles.Board.java" Intrnl_Id="880">
<BasicBoolTerm Intrnl_Id="881">
<LocList>
<Loc EndOffset="13474" SrcFileId="6" StartOffset="13446"/>
</LocList>
</BasicBoolTerm>
</RootTerm>
</CondStmnt>
</StmntSeq>
</Branch>
<Keyword EndOffset="13265" SrcFileId="6" StartOffset="13263"/>
<LocList>
<Loc EndOffset="13563" SrcFileId="6" StartOffset="13263"/>
</LocList>
<RootTerm CovItemId="C44" CovItemPrefix="com.OriginalFiles.Board.java" Intrnl_Id="882">
<BasicBoolTerm Intrnl_Id="883">
<LocList>
<Loc EndOffset="13296" SrcFileId="6" StartOffset="13267"/>
</LocList>
</BasicBoolTerm>
</RootTerm>
</CondStmnt>
</StmntSeq>
</Branch>
<Branch CovItemId="B68" CovItemPrefix="com.OriginalFiles.Board.java" Implct="true" Intrnl_Id="884">
<Cond/>
<LocList/>
<StmntSeq Intrnl_Id="885">
<LocList/>
</StmntSeq>
</Branch>
<Keyword EndOffset="13150" SrcFileId="6" StartOffset="13148"/>
<LocList>
<Loc EndOffset="13586" SrcFileId="6" StartOffset="13148"/>
</LocList>
<RootTerm CovItemId="C43" CovItemPrefix="com.OriginalFiles.Board.java" Intrnl_Id="886">
<BasicBoolTerm Intrnl_Id="887">
<LocList>
<Loc EndOffset="13183" SrcFileId="6" StartOffset="13152"/>
</LocList>
</BasicBoolTerm>
</RootTerm>
</CondStmnt>
</StmntSeq>
</Branch>
<Branch CovItemId="B66" CovItemPrefix="com.OriginalFiles.Board.java" Implct="true" Intrnl_Id="888">
<Cond/>
<LocList/>
<StmntSeq Intrnl_Id="889">
<LocList/>
</StmntSeq>
</Branch>
<Keyword EndOffset="13103" SrcFileId="6" StartOffset="13101"/>
<LocList>
<Loc EndOffset="13605" SrcFileId="6" StartOffset="13101"/>
</LocList>
<RootTerm CovItemId="C42" CovItemPrefix="com.OriginalFiles.Board.java" Intrnl_Id="890">
<BasicBoolTerm Intrnl_Id="891">
<LocList>
<Loc EndOffset="13123" SrcFileId="6" StartOffset="13105"/>
</LocList>
</BasicBoolTerm>
</RootTerm>
</CondStmnt>
</StmntSeq>
<Keyword EndOffset="13063" SrcFileId="6" StartOffset="13060"/>
<LocList>
<Loc EndOffset="13620" SrcFileId="6" StartOffset="13060"/>
</LocList>
</LoopStmnt>
</StmntSeq>
<Keyword EndOffset="13022" SrcFileId="6" StartOffset="13019"/>
<LocList>
<Loc EndOffset="13631" SrcFileId="6" StartOffset="13019"/>
</LocList>
</LoopStmnt>
<BasicStmnt CovItemId="S148" CovItemPrefix="com.OriginalFiles.Board.java" Intrnl_Id="892">
<LocList>
<Loc EndOffset="13656" SrcFileId="6" StartOffset="13641"/>
</LocList>
</BasicStmnt>
</StmntSeq>
</HierarchyLvl>
<HierarchyLvl HierarchyLvlId="10238" HierarchyLvlTypeId="13" Intrnl_Id="893" Name="findOpponentColors">
<Header>
<Loc EndOffset="13755" SrcFileId="6" StartOffset="13722"/>
</Header>
<LocList>
<Loc EndOffset="13989" SrcFileId="6" StartOffset="13722"/>
</LocList>
<StmntSeq Intrnl_Id="894">
<LocList>
<Loc EndOffset="13982" SrcFileId="6" StartOffset="13767"/>
</LocList>
<CondStmnt CovItemId="S149" CovItemPrefix="com.OriginalFiles.Board.java" Intrnl_Id="895">
<Branch CovItemId="B73" CovItemPrefix="com.OriginalFiles.Board.java" Implct="false" Intrnl_Id="896">
<Cond/>
<LocList>
<Loc EndOffset="13885" SrcFileId="6" StartOffset="13794"/>
</LocList>
<StmntSeq Intrnl_Id="897">
<LocList>
<Loc EndOffset="13836" SrcFileId="6" StartOffset="13809"/>
<Loc EndOffset="13874" SrcFileId="6" StartOffset="13850"/>
</LocList>
<BasicStmnt CovItemId="S150" CovItemPrefix="com.OriginalFiles.Board.java" Intrnl_Id="898">
<LocList>
<Loc EndOffset="13836" SrcFileId="6" StartOffset="13809"/>
</LocList>
</BasicStmnt>
<BasicStmnt CovItemId="S151" CovItemPrefix="com.OriginalFiles.Board.java" Intrnl_Id="899">
<LocList>
<Loc EndOffset="13874" SrcFileId="6" StartOffset="13850"/>
</LocList>
</BasicStmnt>
</StmntSeq>
</Branch>
<Branch CovItemId="B74" CovItemPrefix="com.OriginalFiles.Board.java" Implct="false" Intrnl_Id="900">
<Cond>
<Loc EndOffset="13890" SrcFileId="6" StartOffset="13886"/>
</Cond>
<LocList>
<Loc EndOffset="13982" SrcFileId="6" StartOffset="13891"/>
</LocList>
<StmntSeq Intrnl_Id="901">
<LocList>
<Loc EndOffset="13933" SrcFileId="6" StartOffset="13906"/>
<Loc EndOffset="13971" SrcFileId="6" StartOffset="13947"/>
</LocList>
<BasicStmnt CovItemId="S152" CovItemPrefix="com.OriginalFiles.Board.java" Intrnl_Id="902">
<LocList>
<Loc EndOffset="13933" SrcFileId="6" StartOffset="13906"/>
</LocList>
</BasicStmnt>
<BasicStmnt CovItemId="S153" CovItemPrefix="com.OriginalFiles.Board.java" Intrnl_Id="903">
<LocList>
<Loc EndOffset="13971" SrcFileId="6" StartOffset="13947"/>
</LocList>
</BasicStmnt>
</StmntSeq>
</Branch>
<Keyword EndOffset="13769" SrcFileId="6" StartOffset="13767"/>
<LocList>
<Loc EndOffset="13982" SrcFileId="6" StartOffset="13767"/>
</LocList>
<RootTerm CovItemId="C46" CovItemPrefix="com.OriginalFiles.Board.java" Intrnl_Id="904">
<BasicBoolTerm Intrnl_Id="905">
<LocList>
<Loc EndOffset="13792" SrcFileId="6" StartOffset="13771"/>
</LocList>
</BasicBoolTerm>
</RootTerm>
</CondStmnt>
</StmntSeq>
</HierarchyLvl>
<HierarchyLvl HierarchyLvlId="10239" HierarchyLvlTypeId="13" Intrnl_Id="906" Name="findMissingPiece">
<Header>
<Loc EndOffset="14136" SrcFileId="6" StartOffset="14046"/>
</Header>
<LocList>
<Loc EndOffset="14890" SrcFileId="6" StartOffset="14046"/>
</LocList>
<StmntSeq Intrnl_Id="907">
<LocList>
<Loc EndOffset="14190" SrcFileId="6" StartOffset="14167"/>
<Loc EndOffset="14848" SrcFileId="6" StartOffset="14202"/>
<Loc EndOffset="14883" SrcFileId="6" StartOffset="14860"/>
</LocList>
<BasicStmnt CovItemId="S154" CovItemPrefix="com.OriginalFiles.Board.java" Intrnl_Id="908">
<LocList>
<Loc EndOffset="14190" SrcFileId="6" StartOffset="14167"/>
</LocList>
</BasicStmnt>
<LoopStmnt CovItemId="S155" CovItemPrefix="com.OriginalFiles.Board.java" Intrnl_Id="909" MltplExecId="L14-2" MltplExecPrefix="com.OriginalFiles.Board.java" NvrExecId="L14-0" NvrExecPrefix="com.OriginalFiles.Board.java" OnceExecutedId="L14-1" OnceExecutedPrefix="com.OriginalFiles.Board.java" OptBodyExec="true">
<StmntSeq Intrnl_Id="910">
<LocList>
<Loc EndOffset="14837" SrcFileId="6" StartOffset="14314"/>
</LocList>
<CondStmnt CovItemId="S156" CovItemPrefix="com.OriginalFiles.Board.java" Intrnl_Id="911">
<Branch CovItemId="B75" CovItemPrefix="com.OriginalFiles.Board.java" Implct="false" Intrnl_Id="912">
<Cond/>
<LocList>
<Loc EndOffset="14579" SrcFileId="6" StartOffset="14327"/>
</LocList>
<StmntSeq Intrnl_Id="913">
<LocList>
<Loc EndOffset="14530" SrcFileId="6" StartOffset="14346"/>
<Loc EndOffset="14564" SrcFileId="6" StartOffset="14548"/>
</LocList>
<LoopStmnt CovItemId="S157" CovItemPrefix="com.OriginalFiles.Board.java" Intrnl_Id="914" MltplExecId="L15-2" MltplExecPrefix="com.OriginalFiles.Board.java" NvrExecId="L15-0" NvrExecPrefix="com.OriginalFiles.Board.java" OnceExecutedId="L15-1" OnceExecutedPrefix="com.OriginalFiles.Board.java" OptBodyExec="true">
<StmntSeq Intrnl_Id="915">
<LocList>
<Loc EndOffset="14511" SrcFileId="6" StartOffset="14393"/>
</LocList>
<CondStmnt CovItemId="S158" CovItemPrefix="com.OriginalFiles.Board.java" Intrnl_Id="916">
<Branch CovItemId="B77" CovItemPrefix="com.OriginalFiles.Board.java" Implct="false" Intrnl_Id="917">
<Cond/>
<LocList>
<Loc EndOffset="14511" SrcFileId="6" StartOffset="14415"/>
</LocList>
<StmntSeq Intrnl_Id="918">
<LocList>
<Loc EndOffset="14488" SrcFileId="6" StartOffset="14442"/>
</LocList>
<BasicStmnt CovItemId="S159" CovItemPrefix="com.OriginalFiles.Board.java" Intrnl_Id="919">
<LocList>
<Loc EndOffset="14488" SrcFileId="6" StartOffset="14442"/>
</LocList>
</BasicStmnt>
</StmntSeq>
</Branch>
<Branch CovItemId="B78" CovItemPrefix="com.OriginalFiles.Board.java" Implct="true" Intrnl_Id="920">
<Cond/>
<LocList/>
<StmntSeq Intrnl_Id="921">
<LocList/>
</StmntSeq>
</Branch>
<Keyword EndOffset="14395" SrcFileId="6" StartOffset="14393"/>
<LocList>
<Loc EndOffset="14511" SrcFileId="6" StartOffset="14393"/>
</LocList>
<RootTerm CovItemId="C50" CovItemPrefix="com.OriginalFiles.Board.java" Intrnl_Id="922">
<BasicBoolTerm Intrnl_Id="923">
<LocList>
<Loc EndOffset="14413" SrcFileId="6" StartOffset="14397"/>
</LocList>
</BasicBoolTerm>
</RootTerm>
</CondStmnt>
</StmntSeq>
<Keyword EndOffset="14349" SrcFileId="6" StartOffset="14346"/>
<LocList>
<Loc EndOffset="14530" SrcFileId="6" StartOffset="14346"/>
</LocList>
<RootTerm CovItemId="C49" CovItemPrefix="com.OriginalFiles.Board.java" Intrnl_Id="924">
<BasicBoolTerm Intrnl_Id="925">
<LocList>
<Loc EndOffset="14363" SrcFileId="6" StartOffset="14358"/>
</LocList>
</BasicBoolTerm>
</RootTerm>
</LoopStmnt>
<BasicStmnt CovItemId="S160" CovItemPrefix="com.OriginalFiles.Board.java" Intrnl_Id="926">
<LocList>
<Loc EndOffset="14564" SrcFileId="6" StartOffset="14548"/>
</LocList>
</BasicStmnt>
</StmntSeq>
</Branch>
<Branch CovItemId="B76" CovItemPrefix="com.OriginalFiles.Board.java" Implct="false" Intrnl_Id="927">
<Cond>
<Loc EndOffset="14584" SrcFileId="6" StartOffset="14580"/>
</Cond>
<LocList>
<Loc EndOffset="14837" SrcFileId="6" StartOffset="14585"/>
</LocList>
<StmntSeq Intrnl_Id="928">
<LocList>
<Loc EndOffset="14789" SrcFileId="6" StartOffset="14604"/>
<Loc EndOffset="14822" SrcFileId="6" StartOffset="14807"/>
</LocList>
<LoopStmnt CovItemId="S161" CovItemPrefix="com.OriginalFiles.Board.java" Intrnl_Id="929" MltplExecId="L16-2" MltplExecPrefix="com.OriginalFiles.Board.java" NvrExecId="L16-0" NvrExecPrefix="com.OriginalFiles.Board.java" OnceExecutedId="L16-1" OnceExecutedPrefix="com.OriginalFiles.Board.java" OptBodyExec="true">
<StmntSeq Intrnl_Id="930">
<LocList>
<Loc EndOffset="14770" SrcFileId="6" StartOffset="14652"/>
</LocList>
<CondStmnt CovItemId="S162" CovItemPrefix="com.OriginalFiles.Board.java" Intrnl_Id="931">
<Branch CovItemId="B79" CovItemPrefix="com.OriginalFiles.Board.java" Implct="false" Intrnl_Id="932">
<Cond/>
<LocList>
<Loc EndOffset="14770" SrcFileId="6" StartOffset="14674"/>
</LocList>
<StmntSeq Intrnl_Id="933">
<LocList>
<Loc EndOffset="14747" SrcFileId="6" StartOffset="14701"/>
</LocList>
<BasicStmnt CovItemId="S163" CovItemPrefix="com.OriginalFiles.Board.java" Intrnl_Id="934">
<LocList>
<Loc EndOffset="14747" SrcFileId="6" StartOffset="14701"/>
</LocList>
</BasicStmnt>
</StmntSeq>
</Branch>
<Branch CovItemId="B80" CovItemPrefix="com.OriginalFiles.Board.java" Implct="true" Intrnl_Id="935">
<Cond/>
<LocList/>
<StmntSeq Intrnl_Id="936">
<LocList/>
</StmntSeq>
</Branch>
<Keyword EndOffset="14654" SrcFileId="6" StartOffset="14652"/>
<LocList>
<Loc EndOffset="14770" SrcFileId="6" StartOffset="14652"/>
</LocList>
<RootTerm CovItemId="C52" CovItemPrefix="com.OriginalFiles.Board.java" Intrnl_Id="937">
<BasicBoolTerm Intrnl_Id="938">
<LocList>
<Loc EndOffset="14672" SrcFileId="6" StartOffset="14656"/>
</LocList>
</BasicBoolTerm>
</RootTerm>
</CondStmnt>
</StmntSeq>
<Keyword EndOffset="14607" SrcFileId="6" StartOffset="14604"/>
<LocList>
<Loc EndOffset="14789" SrcFileId="6" StartOffset="14604"/>
</LocList>
<RootTerm CovItemId="C51" CovItemPrefix="com.OriginalFiles.Board.java" Intrnl_Id="939">
<BasicBoolTerm Intrnl_Id="940">
<LocList>
<Loc EndOffset="14622" SrcFileId="6" StartOffset="14616"/>
</LocList>
</BasicBoolTerm>
</RootTerm>
</LoopStmnt>
<BasicStmnt CovItemId="S164" CovItemPrefix="com.OriginalFiles.Board.java" Intrnl_Id="941">
<LocList>
<Loc EndOffset="14822" SrcFileId="6" StartOffset="14807"/>
</LocList>
</BasicStmnt>
</StmntSeq>
</Branch>
<Keyword EndOffset="14316" SrcFileId="6" StartOffset="14314"/>
<LocList>
<Loc EndOffset="14837" SrcFileId="6" StartOffset="14314"/>
</LocList>
<RootTerm CovItemId="C48" CovItemPrefix="com.OriginalFiles.Board.java" Intrnl_Id="942">
<BasicBoolTerm Intrnl_Id="943">
<LocList>
<Loc EndOffset="14325" SrcFileId="6" StartOffset="14318"/>
</LocList>
</BasicBoolTerm>
</RootTerm>
</CondStmnt>
</StmntSeq>
<Keyword EndOffset="14205" SrcFileId="6" StartOffset="14202"/>
<LocList>
<Loc EndOffset="14848" SrcFileId="6" StartOffset="14202"/>
</LocList>
<RootTerm CovItemId="C47" CovItemPrefix="com.OriginalFiles.Board.java" Intrnl_Id="944">
<BasicBoolTerm Intrnl_Id="945">
<LocList>
<Loc EndOffset="14219" SrcFileId="6" StartOffset="14214"/>
</LocList>
</BasicBoolTerm>
</RootTerm>
</LoopStmnt>
<BasicStmnt CovItemId="S165" CovItemPrefix="com.OriginalFiles.Board.java" Intrnl_Id="946">
<LocList>
<Loc EndOffset="14883" SrcFileId="6" StartOffset="14860"/>
</LocList>
</BasicStmnt>
</StmntSeq>
</HierarchyLvl>
<HierarchyLvl HierarchyLvlId="10240" HierarchyLvlTypeId="13" Intrnl_Id="947" Name="getPiece">
<Header>
<Loc EndOffset="14988" SrcFileId="6" StartOffset="14933"/>
</Header>
<LocList>
<Loc EndOffset="15300" SrcFileId="6" StartOffset="14933"/>
</LocList>
<StmntSeq Intrnl_Id="948">
<LocList>
<Loc EndOffset="15045" SrcFileId="6" StartOffset="15000"/>
<Loc EndOffset="15293" SrcFileId="6" StartOffset="15055"/>
</LocList>
<BasicStmnt CovItemId="S166" CovItemPrefix="com.OriginalFiles.Board.java" Intrnl_Id="949">
<LocList>
<Loc EndOffset="15045" SrcFileId="6" StartOffset="15000"/>
</LocList>
</BasicStmnt>
<CondStmnt CovItemId="S167" CovItemPrefix="com.OriginalFiles.Board.java" Intrnl_Id="950">
<Branch CovItemId="B81" CovItemPrefix="com.OriginalFiles.Board.java" Implct="false" Intrnl_Id="951">
<Cond/>
<LocList>
<Loc EndOffset="15111" SrcFileId="6" StartOffset="15073"/>
</LocList>
<StmntSeq Intrnl_Id="952">
<LocList>
<Loc EndOffset="15100" SrcFileId="6" StartOffset="15088"/>
</LocList>
<BasicStmnt CovItemId="S168" CovItemPrefix="com.OriginalFiles.Board.java" Intrnl_Id="953">
<LocList>
<Loc EndOffset="15100" SrcFileId="6" StartOffset="15088"/>
</LocList>
</BasicStmnt>
</StmntSeq>
</Branch>
<Branch CovItemId="B82" CovItemPrefix="com.OriginalFiles.Board.java" Implct="false" Intrnl_Id="954">
<Cond>
<Loc EndOffset="15116" SrcFileId="6" StartOffset="15112"/>
</Cond>
<LocList>
<Loc EndOffset="15293" SrcFileId="6" StartOffset="15117"/>
</LocList>
<StmntSeq Intrnl_Id="955">
<LocList>
<Loc EndOffset="15161" SrcFileId="6" StartOffset="15132"/>
<Loc EndOffset="15194" SrcFileId="6" StartOffset="15175"/>
<Loc EndOffset="15256" SrcFileId="6" StartOffset="15208"/>
<Loc EndOffset="15282" SrcFileId="6" StartOffset="15270"/>
</LocList>
<BasicStmnt CovItemId="S169" CovItemPrefix="com.OriginalFiles.Board.java" Intrnl_Id="956">
<LocList>
<Loc EndOffset="15161" SrcFileId="6" StartOffset="15132"/>
</LocList>
</BasicStmnt>
<BasicStmnt CovItemId="S170" CovItemPrefix="com.OriginalFiles.Board.java" Intrnl_Id="957">
<LocList>
<Loc EndOffset="15194" SrcFileId="6" StartOffset="15175"/>
</LocList>
</BasicStmnt>
<BasicStmnt CovItemId="S171" CovItemPrefix="com.OriginalFiles.Board.java" Intrnl_Id="958">
<LocList>
<Loc EndOffset="15256" SrcFileId="6" StartOffset="15208"/>
</LocList>
</BasicStmnt>
<BasicStmnt CovItemId="S172" CovItemPrefix="com.OriginalFiles.Board.java" Intrnl_Id="959">
<LocList>
<Loc EndOffset="15282" SrcFileId="6" StartOffset="15270"/>
</LocList>
</BasicStmnt>
</StmntSeq>
</Branch>
<Keyword EndOffset="15057" SrcFileId="6" StartOffset="15055"/>
<LocList>
<Loc EndOffset="15293" SrcFileId="6" StartOffset="15055"/>
</LocList>
<RootTerm CovItemId="C53" CovItemPrefix="com.OriginalFiles.Board.java" Intrnl_Id="960">
<BasicBoolTerm Intrnl_Id="961">
<LocList>
<Loc EndOffset="15071" SrcFileId="6" StartOffset="15059"/>
</LocList>
</BasicBoolTerm>
</RootTerm>
</CondStmnt>
</StmntSeq>
</HierarchyLvl>
<HierarchyLvl HierarchyLvlId="10241" HierarchyLvlTypeId="13" Intrnl_Id="962" Name="checkAllegiance">
<Header>
<Loc EndOffset="16099" SrcFileId="6" StartOffset="16024"/>
</Header>
<LocList>
<Loc EndOffset="16354" SrcFileId="6" StartOffset="16024"/>
</LocList>
<StmntSeq Intrnl_Id="963">
<LocList>
<Loc EndOffset="16324" SrcFileId="6" StartOffset="16116"/>
<Loc EndOffset="16347" SrcFileId="6" StartOffset="16334"/>
</LocList>
<CondStmnt CovItemId="S173" CovItemPrefix="com.OriginalFiles.Board.java" Intrnl_Id="964">
<Branch CovItemId="B83" CovItemPrefix="com.OriginalFiles.Board.java" Implct="false" Intrnl_Id="965">
<Cond/>
<LocList>
<Loc EndOffset="16324" SrcFileId="6" StartOffset="16151"/>
</LocList>
<StmntSeq Intrnl_Id="966">
<LocList>
<Loc EndOffset="16313" SrcFileId="6" StartOffset="16166"/>
</LocList>
<CondStmnt CovItemId="S174" CovItemPrefix="com.OriginalFiles.Board.java" Intrnl_Id="967">
<Branch CovItemId="B85" CovItemPrefix="com.OriginalFiles.Board.java" Implct="false" Intrnl_Id="968">
<Cond/>
<LocList>
<Loc EndOffset="16313" SrcFileId="6" StartOffset="16188"/>
</LocList>
<StmntSeq Intrnl_Id="969">
<LocList>
<Loc EndOffset="16298" SrcFileId="6" StartOffset="16207"/>
</LocList>
<BasicStmnt CovItemId="S175" CovItemPrefix="com.OriginalFiles.Board.java" Intrnl_Id="970">
<LocList>
<Loc EndOffset="16298" SrcFileId="6" StartOffset="16207"/>
</LocList>
</BasicStmnt>
</StmntSeq>
</Branch>
<Branch CovItemId="B86" CovItemPrefix="com.OriginalFiles.Board.java" Implct="true" Intrnl_Id="971">
<Cond/>
<LocList/>
<StmntSeq Intrnl_Id="972">
<LocList/>
</StmntSeq>
</Branch>
<Keyword EndOffset="16168" SrcFileId="6" StartOffset="16166"/>
<LocList>
<Loc EndOffset="16313" SrcFileId="6" StartOffset="16166"/>
</LocList>
<RootTerm CovItemId="C55" CovItemPrefix="com.OriginalFiles.Board.java" Intrnl_Id="973">
<OpTerm BooleanOpId="8" Intrnl_Id="974">
<BasicBoolTerm Intrnl_Id="975">
<LocList>
<Loc EndOffset="16186" SrcFileId="6" StartOffset="16171"/>
</LocList>
</BasicBoolTerm>
<LocList>
<Loc EndOffset="16171" SrcFileId="6" StartOffset="16170"/>
</LocList>
</OpTerm>
</RootTerm>
</CondStmnt>
</StmntSeq>
</Branch>
<Branch CovItemId="B84" CovItemPrefix="com.OriginalFiles.Board.java" Implct="true" Intrnl_Id="976">
<Cond/>
<LocList/>
<StmntSeq Intrnl_Id="977">
<LocList/>
</StmntSeq>
</Branch>
<Keyword EndOffset="16118" SrcFileId="6" StartOffset="16116"/>
<LocList>
<Loc EndOffset="16324" SrcFileId="6" StartOffset="16116"/>
</LocList>
<RootTerm CovItemId="C54" CovItemPrefix="com.OriginalFiles.Board.java" Intrnl_Id="978">
<BasicBoolTerm Intrnl_Id="979">
<LocList>
<Loc EndOffset="16149" SrcFileId="6" StartOffset="16120"/>
</LocList>
</BasicBoolTerm>
</RootTerm>
</CondStmnt>
<BasicStmnt CovItemId="S176" CovItemPrefix="com.OriginalFiles.Board.java" Intrnl_Id="980">
<LocList>
<Loc EndOffset="16347" SrcFileId="6" StartOffset="16334"/>
</LocList>
</BasicStmnt>
</StmntSeq>
</HierarchyLvl>
<HierarchyLvl HierarchyLvlId="10242" HierarchyLvlTypeId="13" Intrnl_Id="981" Name="checkAllegiance">
<Header>
<Loc EndOffset="16437" SrcFileId="6" StartOffset="16362"/>
</Header>
<LocList>
<Loc EndOffset="16816" SrcFileId="6" StartOffset="16362"/>
</LocList>
<StmntSeq Intrnl_Id="982">
<LocList>
<Loc EndOffset="16599" SrcFileId="6" StartOffset="16454"/>
<Loc EndOffset="16785" SrcFileId="6" StartOffset="16610"/>
<Loc EndOffset="16809" SrcFileId="6" StartOffset="16796"/>
</LocList>
<CondStmnt CovItemId="S177" CovItemPrefix="com.OriginalFiles.Board.java" Intrnl_Id="983">
<Branch CovItemId="B87" CovItemPrefix="com.OriginalFiles.Board.java" Implct="false" Intrnl_Id="984">
<Cond/>
<LocList>
<Loc EndOffset="16599" SrcFileId="6" StartOffset="16559"/>
</LocList>
<StmntSeq Intrnl_Id="985">
<LocList>
<Loc EndOffset="16587" SrcFileId="6" StartOffset="16575"/>
</LocList>
<BasicStmnt CovItemId="S178" CovItemPrefix="com.OriginalFiles.Board.java" Intrnl_Id="986">
<LocList>
<Loc EndOffset="16587" SrcFileId="6" StartOffset="16575"/>
</LocList>
</BasicStmnt>
</StmntSeq>
</Branch>
<Branch CovItemId="B88" CovItemPrefix="com.OriginalFiles.Board.java" Implct="true" Intrnl_Id="987">
<Cond/>
<LocList/>
<StmntSeq Intrnl_Id="988">
<LocList/>
</StmntSeq>
</Branch>
<Keyword EndOffset="16456" SrcFileId="6" StartOffset="16454"/>
<LocList>
<Loc EndOffset="16599" SrcFileId="6" StartOffset="16454"/>
</LocList>
<RootTerm CovItemId="C56" CovItemPrefix="com.OriginalFiles.Board.java" Intrnl_Id="989">
<OpTerm BooleanOpId="9" Intrnl_Id="990">
<OpTerm BooleanOpId="10" Intrnl_Id="991">
<BasicBoolTerm Intrnl_Id="992">
<LocList>
<Loc EndOffset="16488" SrcFileId="6" StartOffset="16459"/>
</LocList>
</BasicBoolTerm>
<BasicBoolTerm Intrnl_Id="993">
<LocList>
<Loc EndOffset="16535" SrcFileId="6" StartOffset="16509"/>
</LocList>
</BasicBoolTerm>
<LocList>
<Loc EndOffset="16508" SrcFileId="6" StartOffset="16506"/>
</LocList>
</OpTerm>
<OpTerm BooleanOpId="8" Intrnl_Id="994">
<BasicBoolTerm Intrnl_Id="995">
<LocList>
<Loc EndOffset="16557" SrcFileId="6" StartOffset="16541"/>
</LocList>
</BasicBoolTerm>
<LocList>
<Loc EndOffset="16541" SrcFileId="6" StartOffset="16540"/>
</LocList>
</OpTerm>
<LocList>
<Loc EndOffset="16539" SrcFileId="6" StartOffset="16537"/>
</LocList>
</OpTerm>
</RootTerm>
</CondStmnt>
<CondStmnt CovItemId="S179" CovItemPrefix="com.OriginalFiles.Board.java" Intrnl_Id="996">
<Branch CovItemId="B89" CovItemPrefix="com.OriginalFiles.Board.java" Implct="false" Intrnl_Id="997">
<Cond/>
<LocList>
<Loc EndOffset="16785" SrcFileId="6" StartOffset="16745"/>
</LocList>
<StmntSeq Intrnl_Id="998">
<LocList>
<Loc EndOffset="16773" SrcFileId="6" StartOffset="16761"/>
</LocList>
<BasicStmnt CovItemId="S180" CovItemPrefix="com.OriginalFiles.Board.java" Intrnl_Id="999">
<LocList>
<Loc EndOffset="16773" SrcFileId="6" StartOffset="16761"/>
</LocList>
</BasicStmnt>
</StmntSeq>
</Branch>
<Branch CovItemId="B90" CovItemPrefix="com.OriginalFiles.Board.java" Implct="true" Intrnl_Id="1000">
<Cond/>
<LocList/>
<StmntSeq Intrnl_Id="1001">
<LocList/>
</StmntSeq>
</Branch>
<Keyword EndOffset="16612" SrcFileId="6" StartOffset="16610"/>
<LocList>
<Loc EndOffset="16785" SrcFileId="6" StartOffset="16610"/>
</LocList>
<RootTerm CovItemId="C57" CovItemPrefix="com.OriginalFiles.Board.java" Intrnl_Id="1002">
<OpTerm BooleanOpId="9" Intrnl_Id="1003">
<OpTerm BooleanOpId="10" Intrnl_Id="1004">
<BasicBoolTerm Intrnl_Id="1005">
<LocList>
<Loc EndOffset="16650" SrcFileId="6" StartOffset="16615"/>
</LocList>
</BasicBoolTerm>
<BasicBoolTerm Intrnl_Id="1006">
<LocList>
<Loc EndOffset="16704" SrcFileId="6" StartOffset="16672"/>
</LocList>
</BasicBoolTerm>
<LocList>
<Loc EndOffset="16671" SrcFileId="6" StartOffset="16669"/>
</LocList>
</OpTerm>
<BasicBoolTerm Intrnl_Id="1007">
<LocList>
<Loc EndOffset="16743" SrcFileId="6" StartOffset="16727"/>
</LocList>
</BasicBoolTerm>
<LocList>
<Loc EndOffset="16726" SrcFileId="6" StartOffset="16724"/>
</LocList>
</OpTerm>
</RootTerm>
</CondStmnt>
<BasicStmnt CovItemId="S181" CovItemPrefix="com.OriginalFiles.Board.java" Intrnl_Id="1008">
<LocList>
<Loc EndOffset="16809" SrcFileId="6" StartOffset="16796"/>
</LocList>
</BasicStmnt>
</StmntSeq>
</HierarchyLvl>
<HierarchyLvl HierarchyLvlId="10243" HierarchyLvlTypeId="13" Intrnl_Id="1009" Name="checkBounds">
<Header>
<Loc EndOffset="16923" SrcFileId="6" StartOffset="16877"/>
</Header>
<LocList>
<Loc EndOffset="16986" SrcFileId="6" StartOffset="16877"/>
</LocList>
<StmntSeq Intrnl_Id="1010">
<LocList>
<Loc EndOffset="16979" SrcFileId="6" StartOffset="16935"/>
</LocList>
<BasicStmnt CovItemId="S182" CovItemPrefix="com.OriginalFiles.Board.java" Intrnl_Id="1011">
<LocList>
<Loc EndOffset="16979" SrcFileId="6" StartOffset="16935"/>
</LocList>
</BasicStmnt>
</StmntSeq>
</HierarchyLvl>
</HierarchyLvl>
<HierarchyLvl HierarchyLvlId="10265" HierarchyLvlTypeId="12" Intrnl_Id="1012" Name="Analyze">
<Header>
<Loc EndOffset="237" SrcFileId="7" StartOffset="217"/>
</Header>
<LocList>
<Loc EndOffset="19268" SrcFileId="7" StartOffset="217"/>
</LocList>
<StmntSeq Intrnl_Id="1013">
<LocList>
<Loc EndOffset="355" SrcFileId="7" StartOffset="314"/>
<Loc EndOffset="394" SrcFileId="7" StartOffset="361"/>
<Loc EndOffset="446" SrcFileId="7" StartOffset="400"/>
<Loc EndOffset="545" SrcFileId="7" StartOffset="501"/>
</LocList>
<BasicStmnt CovItemId="S1" CovItemPrefix="com.OriginalFiles.Analyze.java" Intrnl_Id="1014">
<LocList>
<Loc EndOffset="355" SrcFileId="7" StartOffset="314"/>
</LocList>
</BasicStmnt>
<BasicStmnt CovItemId="S2" CovItemPrefix="com.OriginalFiles.Analyze.java" Intrnl_Id="1015">
<LocList>
<Loc EndOffset="394" SrcFileId="7" StartOffset="361"/>
</LocList>
</BasicStmnt>
<BasicStmnt CovItemId="S3" CovItemPrefix="com.OriginalFiles.Analyze.java" Intrnl_Id="1016">
<LocList>
<Loc EndOffset="446" SrcFileId="7" StartOffset="400"/>
</LocList>
</BasicStmnt>
<BasicStmnt CovItemId="S4" CovItemPrefix="com.OriginalFiles.Analyze.java" Intrnl_Id="1017">
<LocList>
<Loc EndOffset="545" SrcFileId="7" StartOffset="501"/>
</LocList>
</BasicStmnt>
</StmntSeq>
<HierarchyLvl HierarchyLvlId="10245" HierarchyLvlTypeId="13" Intrnl_Id="1018" Name="Analyze">
<Header>
<Loc EndOffset="676" SrcFileId="7" StartOffset="617"/>
</Header>
<LocList>
<Loc EndOffset="757" SrcFileId="7" StartOffset="617"/>
</LocList>
<StmntSeq Intrnl_Id="1019">
<LocList>
<Loc EndOffset="710" SrcFileId="7" StartOffset="688"/>
<Loc EndOffset="750" SrcFileId="7" StartOffset="720"/>
</LocList>
<BasicStmnt CovItemId="S5" CovItemPrefix="com.OriginalFiles.Analyze.java" Intrnl_Id="1020">
<LocList>
<Loc EndOffset="710" SrcFileId="7" StartOffset="688"/>
</LocList>
</BasicStmnt>
<BasicStmnt CovItemId="S6" CovItemPrefix="com.OriginalFiles.Analyze.java" Intrnl_Id="1021">
<LocList>
<Loc EndOffset="750" SrcFileId="7" StartOffset="720"/>
</LocList>
</BasicStmnt>
</StmntSeq>
</HierarchyLvl>
<HierarchyLvl HierarchyLvlId="10246" HierarchyLvlTypeId="13" Intrnl_Id="1022" Name="analyzeBoard">
<Header>
<Loc EndOffset="943" SrcFileId="7" StartOffset="837"/>
</Header>
<LocList>
<Loc EndOffset="1525" SrcFileId="7" StartOffset="837"/>
</LocList>
<StmntSeq Intrnl_Id="1023">
<LocList>
<Loc EndOffset="1495" SrcFileId="7" StartOffset="955"/>
<Loc EndOffset="1518" SrcFileId="7" StartOffset="1505"/>
</LocList>
<CondStmnt CovItemId="S7" CovItemPrefix="com.OriginalFiles.Analyze.java" Intrnl_Id="1024">
<Branch CovItemId="B1" CovItemPrefix="com.OriginalFiles.Analyze.java" Implct="false" Intrnl_Id="1025">
<Cond/>
<LocList>
<Loc EndOffset="1495" SrcFileId="7" StartOffset="988"/>
</LocList>
<StmntSeq Intrnl_Id="1026">
<LocList>
<Loc EndOffset="1027" SrcFileId="7" StartOffset="1003"/>
<Loc EndOffset="1093" SrcFileId="7" StartOffset="1043"/>
<Loc EndOffset="1156" SrcFileId="7" StartOffset="1107"/>
<Loc EndOffset="1211" SrcFileId="7" StartOffset="1170"/>
<Loc EndOffset="1244" SrcFileId="7" StartOffset="1225"/>
<Loc EndOffset="1350" SrcFileId="7" StartOffset="1318"/>
<Loc EndOffset="1390" SrcFileId="7" StartOffset="1364"/>
<Loc EndOffset="1484" SrcFileId="7" StartOffset="1404"/>
</LocList>
<BasicStmnt CovItemId="S8" CovItemPrefix="com.OriginalFiles.Analyze.java" Intrnl_Id="1027">
<LocList>
<Loc EndOffset="1027" SrcFileId="7" StartOffset="1003"/>
</LocList>
</BasicStmnt>
<BasicStmnt CovItemId="S9" CovItemPrefix="com.OriginalFiles.Analyze.java" Intrnl_Id="1028">
<LocList>
<Loc EndOffset="1093" SrcFileId="7" StartOffset="1043"/>
</LocList>
</BasicStmnt>
<BasicStmnt CovItemId="S10" CovItemPrefix="com.OriginalFiles.Analyze.java" Intrnl_Id="1029">
<LocList>
<Loc EndOffset="1156" SrcFileId="7" StartOffset="1107"/>
</LocList>
</BasicStmnt>
<BasicStmnt CovItemId="S11" CovItemPrefix="com.OriginalFiles.Analyze.java" Intrnl_Id="1030">
<LocList>
<Loc EndOffset="1211" SrcFileId="7" StartOffset="1170"/>
</LocList>
</BasicStmnt>
<BasicStmnt CovItemId="S12" CovItemPrefix="com.OriginalFiles.Analyze.java" Intrnl_Id="1031">
<LocList>
<Loc EndOffset="1244" SrcFileId="7" StartOffset="1225"/>
</LocList>
</BasicStmnt>
<BasicStmnt CovItemId="S13" CovItemPrefix="com.OriginalFiles.Analyze.java" Intrnl_Id="1032">
<LocList>
<Loc EndOffset="1350" SrcFileId="7" StartOffset="1318"/>
</LocList>
</BasicStmnt>
<BasicStmnt CovItemId="S14" CovItemPrefix="com.OriginalFiles.Analyze.java" Intrnl_Id="1033">
<LocList>
<Loc EndOffset="1390" SrcFileId="7" StartOffset="1364"/>
</LocList>
</BasicStmnt>
<CondStmnt CovItemId="S15" CovItemPrefix="com.OriginalFiles.Analyze.java" Intrnl_Id="1034">
<Branch CovItemId="B3" CovItemPrefix="com.OriginalFiles.Analyze.java" Implct="false" Intrnl_Id="1035">
<Cond/>
<LocList>
<Loc EndOffset="1484" SrcFileId="7" StartOffset="1438"/>
</LocList>
<StmntSeq Intrnl_Id="1036">
<LocList>
<Loc EndOffset="1469" SrcFileId="7" StartOffset="1457"/>
</LocList>
<BasicStmnt CovItemId="S16" CovItemPrefix="com.OriginalFiles.Analyze.java" Intrnl_Id="1037">
<LocList>
<Loc EndOffset="1469" SrcFileId="7" StartOffset="1457"/>
</LocList>
</BasicStmnt>
</StmntSeq>
</Branch>
<Branch CovItemId="B4" CovItemPrefix="com.OriginalFiles.Analyze.java" Implct="true" Intrnl_Id="1038">
<Cond/>
<LocList/>
<StmntSeq Intrnl_Id="1039">
<LocList/>
</StmntSeq>
</Branch>
<Keyword EndOffset="1406" SrcFileId="7" StartOffset="1404"/>
<LocList>
<Loc EndOffset="1484" SrcFileId="7" StartOffset="1404"/>
</LocList>
<RootTerm CovItemId="C2" CovItemPrefix="com.OriginalFiles.Analyze.java" Intrnl_Id="1040">
<OpTerm BooleanOpId="8" Intrnl_Id="1041">
<BasicBoolTerm Intrnl_Id="1042">
<LocList>
<Loc EndOffset="1436" SrcFileId="7" StartOffset="1409"/>
</LocList>
</BasicBoolTerm>
<LocList>
<Loc EndOffset="1409" SrcFileId="7" StartOffset="1408"/>
</LocList>
</OpTerm>
</RootTerm>
</CondStmnt>
</StmntSeq>
</Branch>
<Branch CovItemId="B2" CovItemPrefix="com.OriginalFiles.Analyze.java" Implct="true" Intrnl_Id="1043">
<Cond/>
<LocList/>
<StmntSeq Intrnl_Id="1044">
<LocList/>
</StmntSeq>
</Branch>
<Keyword EndOffset="957" SrcFileId="7" StartOffset="955"/>
<LocList>
<Loc EndOffset="1495" SrcFileId="7" StartOffset="955"/>
</LocList>
<RootTerm CovItemId="C1" CovItemPrefix="com.OriginalFiles.Analyze.java" Intrnl_Id="1045">
<OpTerm BooleanOpId="8" Intrnl_Id="1046">
<BasicBoolTerm Intrnl_Id="1047">
<LocList>
<Loc EndOffset="986" SrcFileId="7" StartOffset="960"/>
</LocList>
</BasicBoolTerm>
<LocList>
<Loc EndOffset="960" SrcFileId="7" StartOffset="959"/>
</LocList>
</OpTerm>
</RootTerm>
</CondStmnt>
<BasicStmnt CovItemId="S17" CovItemPrefix="com.OriginalFiles.Analyze.java" Intrnl_Id="1048">
<LocList>
<Loc EndOffset="1518" SrcFileId="7" StartOffset="1505"/>
</LocList>
</BasicStmnt>
</StmntSeq>
</HierarchyLvl>
<HierarchyLvl HierarchyLvlId="10247" HierarchyLvlTypeId="13" Intrnl_Id="1049" Name="checkMotorCalibration">
<Header>
<Loc EndOffset="1586" SrcFileId="7" StartOffset="1550"/>
</Header>
<LocList>
<Loc EndOffset="1777" SrcFileId="7" StartOffset="1550"/>
</LocList>
<StmntSeq Intrnl_Id="1050">
<LocList>
<Loc EndOffset="1620" SrcFileId="7" StartOffset="1598"/>
<Loc EndOffset="1770" SrcFileId="7" StartOffset="1632"/>
</LocList>
<BasicStmnt CovItemId="S18" CovItemPrefix="com.OriginalFiles.Analyze.java" Intrnl_Id="1051">
<LocList>
<Loc EndOffset="1620" SrcFileId="7" StartOffset="1598"/>
</LocList>
</BasicStmnt>
<CondStmnt CovItemId="S19" CovItemPrefix="com.OriginalFiles.Analyze.java" Intrnl_Id="1052">
<Branch CovItemId="B5" CovItemPrefix="com.OriginalFiles.Analyze.java" Implct="false" Intrnl_Id="1053">
<Cond/>
<LocList>
<Loc EndOffset="1770" SrcFileId="7" StartOffset="1679"/>
</LocList>
<StmntSeq Intrnl_Id="1054">
<LocList>
<Loc EndOffset="1715" SrcFileId="7" StartOffset="1694"/>
<Loc EndOffset="1759" SrcFileId="7" StartOffset="1729"/>
</LocList>
<BasicStmnt CovItemId="S20" CovItemPrefix="com.OriginalFiles.Analyze.java" Intrnl_Id="1055">
<LocList>
<Loc EndOffset="1715" SrcFileId="7" StartOffset="1694"/>
</LocList>
</BasicStmnt>
<BasicStmnt CovItemId="S21" CovItemPrefix="com.OriginalFiles.Analyze.java" Intrnl_Id="1056">
<LocList>
<Loc EndOffset="1759" SrcFileId="7" StartOffset="1729"/>
</LocList>
</BasicStmnt>
</StmntSeq>
</Branch>
<Branch CovItemId="B6" CovItemPrefix="com.OriginalFiles.Analyze.java" Implct="true" Intrnl_Id="1057">
<Cond/>
<LocList/>
<StmntSeq Intrnl_Id="1058">
<LocList/>
</StmntSeq>
</Branch>
<Keyword EndOffset="1634" SrcFileId="7" StartOffset="1632"/>
<LocList>
<Loc EndOffset="1770" SrcFileId="7" StartOffset="1632"/>
</LocList>
<RootTerm CovItemId="C3" CovItemPrefix="com.OriginalFiles.Analyze.java" Intrnl_Id="1059">
<BasicBoolTerm Intrnl_Id="1060">
<LocList>
<Loc EndOffset="1677" SrcFileId="7" StartOffset="1636"/>
</LocList>
</BasicBoolTerm>
</RootTerm>
</CondStmnt>
</StmntSeq>
</HierarchyLvl>
<HierarchyLvl HierarchyLvlId="10248" HierarchyLvlTypeId="13" Intrnl_Id="1061" Name="makeListOfMoveables">
<Header>
<Loc EndOffset="1850" SrcFileId="7" StartOffset="1785"/>
</Header>
<LocList>
<Loc EndOffset="2604" SrcFileId="7" StartOffset="1785"/>
</LocList>
<StmntSeq Intrnl_Id="1062">
<LocList>
<Loc EndOffset="1948" SrcFileId="7" StartOffset="1916"/>
<Loc EndOffset="2333" SrcFileId="7" StartOffset="1958"/>
<Loc EndOffset="2388" SrcFileId="7" StartOffset="2343"/>
<Loc EndOffset="2417" SrcFileId="7" StartOffset="2398"/>
<Loc EndOffset="2444" SrcFileId="7" StartOffset="2427"/>
<Loc EndOffset="2567" SrcFileId="7" StartOffset="2454"/>
<Loc EndOffset="2597" SrcFileId="7" StartOffset="2577"/>
</LocList>
<BasicStmnt CovItemId="S22" CovItemPrefix="com.OriginalFiles.Analyze.java" Intrnl_Id="1063">
<LocList>
<Loc EndOffset="1948" SrcFileId="7" StartOffset="1916"/>
</LocList>
</BasicStmnt>
<LoopStmnt CovItemId="S23" CovItemPrefix="com.OriginalFiles.Analyze.java" Intrnl_Id="1064" MltplExecId="L1-2" MltplExecPrefix="com.OriginalFiles.Analyze.java" NvrExecId="L1-0" NvrExecPrefix="com.OriginalFiles.Analyze.java" OnceExecutedId="L1-1" OnceExecutedPrefix="com.OriginalFiles.Analyze.java" OptBodyExec="true">
<StmntSeq Intrnl_Id="1065">
<LocList>
<Loc EndOffset="2322" SrcFileId="7" StartOffset="2013"/>
</LocList>
<LoopStmnt CovItemId="S24" CovItemPrefix="com.OriginalFiles.Analyze.java" Intrnl_Id="1066" MltplExecId="L2-2" MltplExecPrefix="com.OriginalFiles.Analyze.java" NvrExecId="L2-0" NvrExecPrefix="com.OriginalFiles.Analyze.java" OnceExecutedId="L2-1" OnceExecutedPrefix="com.OriginalFiles.Analyze.java" OptBodyExec="true">
<StmntSeq Intrnl_Id="1067">
<LocList>
<Loc EndOffset="2307" SrcFileId="7" StartOffset="2054"/>
</LocList>
<CondStmnt CovItemId="S25" CovItemPrefix="com.OriginalFiles.Analyze.java" Intrnl_Id="1068">
<Branch CovItemId="B7" CovItemPrefix="com.OriginalFiles.Analyze.java" Implct="false" Intrnl_Id="1069">
<Cond/>
<LocList>
<Loc EndOffset="2307" SrcFileId="7" StartOffset="2076"/>
</LocList>
<StmntSeq Intrnl_Id="1070">
<LocList>
<Loc EndOffset="2288" SrcFileId="7" StartOffset="2099"/>
</LocList>
<CondStmnt CovItemId="S26" CovItemPrefix="com.OriginalFiles.Analyze.java" Intrnl_Id="1071">
<Branch CovItemId="B9" CovItemPrefix="com.OriginalFiles.Analyze.java" Implct="false" Intrnl_Id="1072">
<Cond/>
<LocList>
<Loc EndOffset="2288" SrcFileId="7" StartOffset="2214"/>
</LocList>
<StmntSeq Intrnl_Id="1073">
<LocList>
<Loc EndOffset="2265" SrcFileId="7" StartOffset="2241"/>
</LocList>
<BasicStmnt CovItemId="S27" CovItemPrefix="com.OriginalFiles.Analyze.java" Intrnl_Id="1074">
<LocList>
<Loc EndOffset="2265" SrcFileId="7" StartOffset="2241"/>
</LocList>
</BasicStmnt>
</StmntSeq>
</Branch>
<Branch CovItemId="B10" CovItemPrefix="com.OriginalFiles.Analyze.java" Implct="true" Intrnl_Id="1075">
<Cond/>
<LocList/>
<StmntSeq Intrnl_Id="1076">
<LocList/>
</StmntSeq>
</Branch>
<Keyword EndOffset="2101" SrcFileId="7" StartOffset="2099"/>
<LocList>
<Loc EndOffset="2288" SrcFileId="7" StartOffset="2099"/>
</LocList>
<RootTerm CovItemId="C5" CovItemPrefix="com.OriginalFiles.Analyze.java" Intrnl_Id="1077">
<OpTerm BooleanOpId="9" Intrnl_Id="1078">
<BasicBoolTerm Intrnl_Id="1079">
<LocList>
<Loc EndOffset="2137" SrcFileId="7" StartOffset="2103"/>
</LocList>
</BasicBoolTerm>
<BasicBoolTerm Intrnl_Id="1080">
<LocList>
<Loc EndOffset="2212" SrcFileId="7" StartOffset="2170"/>
</LocList>
</BasicBoolTerm>
<LocList>
<Loc EndOffset="2169" SrcFileId="7" StartOffset="2167"/>
</LocList>
</OpTerm>
</RootTerm>
</CondStmnt>
</StmntSeq>
</Branch>
<Branch CovItemId="B8" CovItemPrefix="com.OriginalFiles.Analyze.java" Implct="true" Intrnl_Id="1081">
<Cond/>
<LocList/>
<StmntSeq Intrnl_Id="1082">
<LocList/>
</StmntSeq>
</Branch>
<Keyword EndOffset="2056" SrcFileId="7" StartOffset="2054"/>
<LocList>
<Loc EndOffset="2307" SrcFileId="7" StartOffset="2054"/>
</LocList>
<RootTerm CovItemId="C4" CovItemPrefix="com.OriginalFiles.Analyze.java" Intrnl_Id="1083">
<OpTerm BooleanOpId="8" Intrnl_Id="1084">
<BasicBoolTerm Intrnl_Id="1085">
<LocList>
<Loc EndOffset="2074" SrcFileId="7" StartOffset="2059"/>
</LocList>
</BasicBoolTerm>
<LocList>
<Loc EndOffset="2059" SrcFileId="7" StartOffset="2058"/>
</LocList>
</OpTerm>
</RootTerm>
</CondStmnt>
</StmntSeq>
<Keyword EndOffset="2016" SrcFileId="7" StartOffset="2013"/>
<LocList>
<Loc EndOffset="2322" SrcFileId="7" StartOffset="2013"/>
</LocList>
</LoopStmnt>
</StmntSeq>
<Keyword EndOffset="1961" SrcFileId="7" StartOffset="1958"/>
<LocList>
<Loc EndOffset="2333" SrcFileId="7" StartOffset="1958"/>
</LocList>
</LoopStmnt>
<BasicStmnt CovItemId="S28" CovItemPrefix="com.OriginalFiles.Analyze.java" Intrnl_Id="1086">
<LocList>
<Loc EndOffset="2388" SrcFileId="7" StartOffset="2343"/>
</LocList>
</BasicStmnt>
<BasicStmnt CovItemId="S29" CovItemPrefix="com.OriginalFiles.Analyze.java" Intrnl_Id="1087">
<LocList>
<Loc EndOffset="2417" SrcFileId="7" StartOffset="2398"/>
</LocList>
</BasicStmnt>
<BasicStmnt CovItemId="S30" CovItemPrefix="com.OriginalFiles.Analyze.java" Intrnl_Id="1088">
<LocList>
<Loc EndOffset="2444" SrcFileId="7" StartOffset="2427"/>
</LocList>
</BasicStmnt>
<CondStmnt CovItemId="S31" CovItemPrefix="com.OriginalFiles.Analyze.java" Intrnl_Id="1089">
<Branch CovItemId="B11" CovItemPrefix="com.OriginalFiles.Analyze.java" Implct="false" Intrnl_Id="1090">
<Cond/>
<LocList>
<Loc EndOffset="2567" SrcFileId="7" StartOffset="2484"/>
</LocList>
<StmntSeq Intrnl_Id="1091">
<LocList>
<Loc EndOffset="2556" SrcFileId="7" StartOffset="2499"/>
</LocList>
<BasicStmnt CovItemId="S32" CovItemPrefix="com.OriginalFiles.Analyze.java" Intrnl_Id="1092">
<LocList>
<Loc EndOffset="2556" SrcFileId="7" StartOffset="2499"/>
</LocList>
</BasicStmnt>
</StmntSeq>
</Branch>
<Branch CovItemId="B12" CovItemPrefix="com.OriginalFiles.Analyze.java" Implct="true" Intrnl_Id="1093">
<Cond/>
<LocList/>
<StmntSeq Intrnl_Id="1094">
<LocList/>
</StmntSeq>
</Branch>
<Keyword EndOffset="2456" SrcFileId="7" StartOffset="2454"/>
<LocList>
<Loc EndOffset="2567" SrcFileId="7" StartOffset="2454"/>
</LocList>
<RootTerm CovItemId="C6" CovItemPrefix="com.OriginalFiles.Analyze.java" Intrnl_Id="1095">
<BasicBoolTerm Intrnl_Id="1096">
<LocList>
<Loc EndOffset="2482" SrcFileId="7" StartOffset="2458"/>
</LocList>
</BasicBoolTerm>
</RootTerm>
</CondStmnt>
<BasicStmnt CovItemId="S33" CovItemPrefix="com.OriginalFiles.Analyze.java" Intrnl_Id="1097">
<LocList>
<Loc EndOffset="2597" SrcFileId="7" StartOffset="2577"/>
</LocList>
</BasicStmnt>
</StmntSeq>
</HierarchyLvl>
<HierarchyLvl HierarchyLvlId="10249" HierarchyLvlTypeId="13" Intrnl_Id="1098" Name="checkMovement">
<Header>
<Loc EndOffset="2777" SrcFileId="7" StartOffset="2643"/>
</Header>
<LocList>
<Loc EndOffset="3206" SrcFileId="7" StartOffset="2643"/>
</LocList>
<StmntSeq Intrnl_Id="1099">
<LocList>
<Loc EndOffset="3176" SrcFileId="7" StartOffset="2789"/>
<Loc EndOffset="3199" SrcFileId="7" StartOffset="3186"/>
</LocList>
<LoopStmnt CovItemId="S34" CovItemPrefix="com.OriginalFiles.Analyze.java" Intrnl_Id="1100" MltplExecId="L3-2" MltplExecPrefix="com.OriginalFiles.Analyze.java" NvrExecId="L3-0" NvrExecPrefix="com.OriginalFiles.Analyze.java" OnceExecutedId="L3-1" OnceExecutedPrefix="com.OriginalFiles.Analyze.java" OptBodyExec="true">
<StmntSeq Intrnl_Id="1101">
<LocList>
<Loc EndOffset="3165" SrcFileId="7" StartOffset="2837"/>
</LocList>
<CondStmnt CovItemId="S35" CovItemPrefix="com.OriginalFiles.Analyze.java" Intrnl_Id="1102">
<Branch CovItemId="B13" CovItemPrefix="com.OriginalFiles.Analyze.java" Implct="false" Intrnl_Id="1103">
<Cond/>
<LocList>
<Loc EndOffset="3165" SrcFileId="7" StartOffset="2894"/>
</LocList>
<StmntSeq Intrnl_Id="1104">
<LocList>
<Loc EndOffset="3047" SrcFileId="7" StartOffset="2913"/>
<Loc EndOffset="3150" SrcFileId="7" StartOffset="3065"/>
</LocList>
<CondStmnt CovItemId="S36" CovItemPrefix="com.OriginalFiles.Analyze.java" Intrnl_Id="1105">
<Branch CovItemId="B15" CovItemPrefix="com.OriginalFiles.Analyze.java" Implct="false" Intrnl_Id="1106">
<Cond/>
<LocList>
<Loc EndOffset="3047" SrcFileId="7" StartOffset="2963"/>
</LocList>
<StmntSeq Intrnl_Id="1107">
<LocList>
<Loc EndOffset="3028" SrcFileId="7" StartOffset="2986"/>
</LocList>
<BasicStmnt CovItemId="S37" CovItemPrefix="com.OriginalFiles.Analyze.java" Intrnl_Id="1108">
<LocList>
<Loc EndOffset="3028" SrcFileId="7" StartOffset="2986"/>
</LocList>
</BasicStmnt>
</StmntSeq>
</Branch>
<Branch CovItemId="B16" CovItemPrefix="com.OriginalFiles.Analyze.java" Implct="true" Intrnl_Id="1109">
<Cond/>
<LocList/>
<StmntSeq Intrnl_Id="1110">
<LocList/>
</StmntSeq>
</Branch>
<Keyword EndOffset="2915" SrcFileId="7" StartOffset="2913"/>
<LocList>
<Loc EndOffset="3047" SrcFileId="7" StartOffset="2913"/>
</LocList>
<RootTerm CovItemId="C8" CovItemPrefix="com.OriginalFiles.Analyze.java" Intrnl_Id="1111">
<OpTerm BooleanOpId="9" Intrnl_Id="1112">
<BasicBoolTerm Intrnl_Id="1113">
<LocList>
<Loc EndOffset="2925" SrcFileId="7" StartOffset="2917"/>
</LocList>
</BasicBoolTerm>
<OpTerm BooleanOpId="8" Intrnl_Id="1114">
<BasicBoolTerm Intrnl_Id="1115">
<LocList>
<Loc EndOffset="2961" SrcFileId="7" StartOffset="2930"/>
</LocList>
</BasicBoolTerm>
<LocList>
<Loc EndOffset="2930" SrcFileId="7" StartOffset="2929"/>
</LocList>
</OpTerm>
<LocList>
<Loc EndOffset="2928" SrcFileId="7" StartOffset="2926"/>
</LocList>
</OpTerm>
</RootTerm>
</CondStmnt>
<CondStmnt CovItemId="S38" CovItemPrefix="com.OriginalFiles.Analyze.java" Intrnl_Id="1116">
<Branch CovItemId="B17" CovItemPrefix="com.OriginalFiles.Analyze.java" Implct="false" Intrnl_Id="1117">
<Cond/>
<LocList>
<Loc EndOffset="3150" SrcFileId="7" StartOffset="3096"/>
</LocList>
<StmntSeq Intrnl_Id="1118">
<LocList>
<Loc EndOffset="3131" SrcFileId="7" StartOffset="3119"/>
</LocList>
<BasicStmnt CovItemId="S39" CovItemPrefix="com.OriginalFiles.Analyze.java" Intrnl_Id="1119">
<LocList>
<Loc EndOffset="3131" SrcFileId="7" StartOffset="3119"/>
</LocList>
</BasicStmnt>
</StmntSeq>
</Branch>
<Branch CovItemId="B18" CovItemPrefix="com.OriginalFiles.Analyze.java" Implct="true" Intrnl_Id="1120">
<Cond/>
<LocList/>
<StmntSeq Intrnl_Id="1121">
<LocList/>
</StmntSeq>
</Branch>
<Keyword EndOffset="3067" SrcFileId="7" StartOffset="3065"/>
<LocList>
<Loc EndOffset="3150" SrcFileId="7" StartOffset="3065"/>
</LocList>
<RootTerm CovItemId="C9" CovItemPrefix="com.OriginalFiles.Analyze.java" Intrnl_Id="1122">
<BasicBoolTerm Intrnl_Id="1123">
<LocList>
<Loc EndOffset="3094" SrcFileId="7" StartOffset="3069"/>
</LocList>
</BasicBoolTerm>
</RootTerm>
</CondStmnt>
</StmntSeq>
</Branch>
<Branch CovItemId="B14" CovItemPrefix="com.OriginalFiles.Analyze.java" Implct="true" Intrnl_Id="1124">
<Cond/>
<LocList/>
<StmntSeq Intrnl_Id="1125">
<LocList/>
</StmntSeq>
</Branch>
<Keyword EndOffset="2839" SrcFileId="7" StartOffset="2837"/>
<LocList>
<Loc EndOffset="3165" SrcFileId="7" StartOffset="2837"/>
</LocList>
<RootTerm CovItemId="C7" CovItemPrefix="com.OriginalFiles.Analyze.java" Intrnl_Id="1126">
<BasicBoolTerm Intrnl_Id="1127">
<LocList>
<Loc EndOffset="2892" SrcFileId="7" StartOffset="2841"/>
</LocList>
</BasicBoolTerm>
</RootTerm>
</CondStmnt>
</StmntSeq>
<Keyword EndOffset="2792" SrcFileId="7" StartOffset="2789"/>
<LocList>
<Loc EndOffset="3176" SrcFileId="7" StartOffset="2789"/>
</LocList>
</LoopStmnt>
<BasicStmnt CovItemId="S40" CovItemPrefix="com.OriginalFiles.Analyze.java" Intrnl_Id="1128">
<LocList>
<Loc EndOffset="3199" SrcFileId="7" StartOffset="3186"/>
</LocList>
</BasicStmnt>
</StmntSeq>
</HierarchyLvl>
<HierarchyLvl HierarchyLvlId="10250" HierarchyLvlTypeId="13" Intrnl_Id="1129" Name="countDownToPanic">
<Header>
<Loc EndOffset="3375" SrcFileId="7" StartOffset="3265"/>
</Header>
<LocList>
<Loc EndOffset="3914" SrcFileId="7" StartOffset="3265"/>
</LocList>
<StmntSeq Intrnl_Id="1130">
<LocList>
<Loc EndOffset="3907" SrcFileId="7" StartOffset="3387"/>
</LocList>
<CondStmnt CovItemId="S41" CovItemPrefix="com.OriginalFiles.Analyze.java" Intrnl_Id="1131">
<Branch CovItemId="B19" CovItemPrefix="com.OriginalFiles.Analyze.java" Implct="false" Intrnl_Id="1132">
<Cond/>
<LocList>
<Loc EndOffset="3907" SrcFileId="7" StartOffset="3404"/>
</LocList>
<StmntSeq Intrnl_Id="1133">
<LocList>
<Loc EndOffset="3896" SrcFileId="7" StartOffset="3419"/>
</LocList>
<CondStmnt CovItemId="S42" CovItemPrefix="com.OriginalFiles.Analyze.java" Intrnl_Id="1134">
<Branch CovItemId="B21" CovItemPrefix="com.OriginalFiles.Analyze.java" Implct="false" Intrnl_Id="1135">
<Cond/>
<LocList>
<Loc EndOffset="3594" SrcFileId="7" StartOffset="3453"/>
</LocList>
<StmntSeq Intrnl_Id="1136">
<LocList>
<Loc EndOffset="3499" SrcFileId="7" StartOffset="3472"/>
<Loc EndOffset="3532" SrcFileId="7" StartOffset="3517"/>
<Loc EndOffset="3579" SrcFileId="7" StartOffset="3550"/>
</LocList>
<BasicStmnt CovItemId="S43" CovItemPrefix="com.OriginalFiles.Analyze.java" Intrnl_Id="1137">
<LocList>
<Loc EndOffset="3499" SrcFileId="7" StartOffset="3472"/>
</LocList>
</BasicStmnt>
<BasicStmnt CovItemId="S44" CovItemPrefix="com.OriginalFiles.Analyze.java" Intrnl_Id="1138">
<LocList>
<Loc EndOffset="3532" SrcFileId="7" StartOffset="3517"/>
</LocList>
</BasicStmnt>
<BasicStmnt CovItemId="S45" CovItemPrefix="com.OriginalFiles.Analyze.java" Intrnl_Id="1139">
<LocList>
<Loc EndOffset="3579" SrcFileId="7" StartOffset="3550"/>
</LocList>
</BasicStmnt>
</StmntSeq>
</Branch>
<Branch CovItemId="B22" CovItemPrefix="com.OriginalFiles.Analyze.java" Implct="false" Intrnl_Id="1140">
<Cond>
<Loc EndOffset="3599" SrcFileId="7" StartOffset="3595"/>
</Cond>
<LocList>
<Loc EndOffset="3896" SrcFileId="7" StartOffset="3600"/>
</LocList>
<StmntSeq Intrnl_Id="1141">
<LocList>
<Loc EndOffset="3896" SrcFileId="7" StartOffset="3600"/>
</LocList>
<CondStmnt CovItemId="S46" CovItemPrefix="com.OriginalFiles.Analyze.java" Intrnl_Id="1142">
<Branch CovItemId="B23" CovItemPrefix="com.OriginalFiles.Analyze.java" Implct="false" Intrnl_Id="1143">
<Cond/>
<LocList>
<Loc EndOffset="3823" SrcFileId="7" StartOffset="3634"/>
</LocList>
<StmntSeq Intrnl_Id="1144">
<LocList>
<Loc EndOffset="3683" SrcFileId="7" StartOffset="3653"/>
<Loc EndOffset="3728" SrcFileId="7" StartOffset="3701"/>
<Loc EndOffset="3761" SrcFileId="7" StartOffset="3746"/>
<Loc EndOffset="3808" SrcFileId="7" StartOffset="3779"/>
</LocList>
<BasicStmnt CovItemId="S47" CovItemPrefix="com.OriginalFiles.Analyze.java" Intrnl_Id="1145">
<LocList>
<Loc EndOffset="3683" SrcFileId="7" StartOffset="3653"/>
</LocList>
</BasicStmnt>
<BasicStmnt CovItemId="S48" CovItemPrefix="com.OriginalFiles.Analyze.java" Intrnl_Id="1146">
<LocList>
<Loc EndOffset="3728" SrcFileId="7" StartOffset="3701"/>
</LocList>
</BasicStmnt>
<BasicStmnt CovItemId="S49" CovItemPrefix="com.OriginalFiles.Analyze.java" Intrnl_Id="1147">
<LocList>
<Loc EndOffset="3761" SrcFileId="7" StartOffset="3746"/>
</LocList>
</BasicStmnt>
<BasicStmnt CovItemId="S50" CovItemPrefix="com.OriginalFiles.Analyze.java" Intrnl_Id="1148">
<LocList>
<Loc EndOffset="3808" SrcFileId="7" StartOffset="3779"/>
</LocList>
</BasicStmnt>
</StmntSeq>
</Branch>
<Branch CovItemId="B24" CovItemPrefix="com.OriginalFiles.Analyze.java" Implct="false" Intrnl_Id="1149">
<Cond>
<Loc EndOffset="3828" SrcFileId="7" StartOffset="3824"/>
</Cond>
<LocList>
<Loc EndOffset="3896" SrcFileId="7" StartOffset="3829"/>
</LocList>
<StmntSeq Intrnl_Id="1150">
<LocList>
<Loc EndOffset="3881" SrcFileId="7" StartOffset="3848"/>
</LocList>
<BasicStmnt CovItemId="S51" CovItemPrefix="com.OriginalFiles.Analyze.java" Intrnl_Id="1151">
<LocList>
<Loc EndOffset="3881" SrcFileId="7" StartOffset="3848"/>
</LocList>
</BasicStmnt>
</StmntSeq>
</Branch>
<Keyword EndOffset="3602" SrcFileId="7" StartOffset="3600"/>
<LocList>
<Loc EndOffset="3896" SrcFileId="7" StartOffset="3600"/>
</LocList>
<RootTerm CovItemId="C12" CovItemPrefix="com.OriginalFiles.Analyze.java" Intrnl_Id="1152">
<BasicBoolTerm Intrnl_Id="1153">
<LocList>
<Loc EndOffset="3632" SrcFileId="7" StartOffset="3604"/>
</LocList>
</BasicBoolTerm>
</RootTerm>
</CondStmnt>
</StmntSeq>
</Branch>
<Keyword EndOffset="3421" SrcFileId="7" StartOffset="3419"/>
<LocList>
<Loc EndOffset="3896" SrcFileId="7" StartOffset="3419"/>
</LocList>
<RootTerm CovItemId="C11" CovItemPrefix="com.OriginalFiles.Analyze.java" Intrnl_Id="1154">
<BasicBoolTerm Intrnl_Id="1155">
<LocList>
<Loc EndOffset="3451" SrcFileId="7" StartOffset="3423"/>
</LocList>
</BasicBoolTerm>
</RootTerm>
</CondStmnt>
</StmntSeq>
</Branch>
<Branch CovItemId="B20" CovItemPrefix="com.OriginalFiles.Analyze.java" Implct="true" Intrnl_Id="1156">
<Cond/>
<LocList/>
<StmntSeq Intrnl_Id="1157">
<LocList/>
</StmntSeq>
</Branch>
<Keyword EndOffset="3389" SrcFileId="7" StartOffset="3387"/>
<LocList>
<Loc EndOffset="3907" SrcFileId="7" StartOffset="3387"/>
</LocList>
<RootTerm CovItemId="C10" CovItemPrefix="com.OriginalFiles.Analyze.java" Intrnl_Id="1158">
<OpTerm BooleanOpId="8" Intrnl_Id="1159">
<BasicBoolTerm Intrnl_Id="1160">
<LocList>
<Loc EndOffset="3402" SrcFileId="7" StartOffset="3392"/>
</LocList>
</BasicBoolTerm>
<LocList>
<Loc EndOffset="3392" SrcFileId="7" StartOffset="3391"/>
</LocList>
</OpTerm>
</RootTerm>
</CondStmnt>
</StmntSeq>
</HierarchyLvl>
<HierarchyLvl HierarchyLvlId="10251" HierarchyLvlTypeId="13" Intrnl_Id="1161" Name="trackMovement">
<Header>
<Loc EndOffset="4102" SrcFileId="7" StartOffset="3989"/>
</Header>
<LocList>
<Loc EndOffset="4512" SrcFileId="7" StartOffset="3989"/>
</LocList>
<StmntSeq Intrnl_Id="1162">
<LocList>
<Loc EndOffset="4141" SrcFileId="7" StartOffset="4114"/>
<Loc EndOffset="4475" SrcFileId="7" StartOffset="4151"/>
<Loc EndOffset="4505" SrcFileId="7" StartOffset="4487"/>
</LocList>
<BasicStmnt CovItemId="S52" CovItemPrefix="com.OriginalFiles.Analyze.java" Intrnl_Id="1163">
<LocList>
<Loc EndOffset="4141" SrcFileId="7" StartOffset="4114"/>
</LocList>
</BasicStmnt>
<CondStmnt CovItemId="S53" CovItemPrefix="com.OriginalFiles.Analyze.java" Intrnl_Id="1164">
<Branch CovItemId="B25" CovItemPrefix="com.OriginalFiles.Analyze.java" Implct="false" Intrnl_Id="1165">
<Cond/>
<LocList>
<Loc EndOffset="4399" SrcFileId="7" StartOffset="4188"/>
</LocList>
<StmntSeq Intrnl_Id="1166">
<LocList>
<Loc EndOffset="4281" SrcFileId="7" StartOffset="4203"/>
<Loc EndOffset="4388" SrcFileId="7" StartOffset="4295"/>
</LocList>
<CondStmnt CovItemId="S54" CovItemPrefix="com.OriginalFiles.Analyze.java" Intrnl_Id="1167">
<Branch CovItemId="B27" CovItemPrefix="com.OriginalFiles.Analyze.java" Implct="false" Intrnl_Id="1168">
<Cond/>
<LocList>
<Loc EndOffset="4281" SrcFileId="7" StartOffset="4229"/>
</LocList>
<StmntSeq Intrnl_Id="1169">
<LocList>
<Loc EndOffset="4266" SrcFileId="7" StartOffset="4248"/>
</LocList>
<BasicStmnt CovItemId="S55" CovItemPrefix="com.OriginalFiles.Analyze.java" Intrnl_Id="1170">
<LocList>
<Loc EndOffset="4266" SrcFileId="7" StartOffset="4248"/>
</LocList>
</BasicStmnt>
</StmntSeq>
</Branch>
<Branch CovItemId="B28" CovItemPrefix="com.OriginalFiles.Analyze.java" Implct="true" Intrnl_Id="1171">
<Cond/>
<LocList/>
<StmntSeq Intrnl_Id="1172">
<LocList/>
</StmntSeq>
</Branch>
<Keyword EndOffset="4205" SrcFileId="7" StartOffset="4203"/>
<LocList>
<Loc EndOffset="4281" SrcFileId="7" StartOffset="4203"/>
</LocList>
<RootTerm CovItemId="C14" CovItemPrefix="com.OriginalFiles.Analyze.java" Intrnl_Id="1173">
<BasicBoolTerm Intrnl_Id="1174">
<LocList>
<Loc EndOffset="4227" SrcFileId="7" StartOffset="4207"/>
</LocList>
</BasicBoolTerm>
</RootTerm>
</CondStmnt>
<CondStmnt CovItemId="S56" CovItemPrefix="com.OriginalFiles.Analyze.java" Intrnl_Id="1175">
<Branch CovItemId="B29" CovItemPrefix="com.OriginalFiles.Analyze.java" Implct="false" Intrnl_Id="1176">
<Cond/>
<LocList>
<Loc EndOffset="4388" SrcFileId="7" StartOffset="4312"/>
</LocList>
<StmntSeq Intrnl_Id="1177">
<LocList>
<Loc EndOffset="4373" SrcFileId="7" StartOffset="4331"/>
</LocList>
<BasicStmnt CovItemId="S57" CovItemPrefix="com.OriginalFiles.Analyze.java" Intrnl_Id="1178">
<LocList>
<Loc EndOffset="4373" SrcFileId="7" StartOffset="4331"/>
</LocList>
</BasicStmnt>
</StmntSeq>
</Branch>
<Branch CovItemId="B30" CovItemPrefix="com.OriginalFiles.Analyze.java" Implct="true" Intrnl_Id="1179">
<Cond/>
<LocList/>
<StmntSeq Intrnl_Id="1180">
<LocList/>
</StmntSeq>
</Branch>
<Keyword EndOffset="4297" SrcFileId="7" StartOffset="4295"/>
<LocList>
<Loc EndOffset="4388" SrcFileId="7" StartOffset="4295"/>
</LocList>
<RootTerm CovItemId="C15" CovItemPrefix="com.OriginalFiles.Analyze.java" Intrnl_Id="1181">
<OpTerm BooleanOpId="8" Intrnl_Id="1182">
<BasicBoolTerm Intrnl_Id="1183">
<LocList>
<Loc EndOffset="4310" SrcFileId="7" StartOffset="4300"/>
</LocList>
</BasicBoolTerm>
<LocList>
<Loc EndOffset="4300" SrcFileId="7" StartOffset="4299"/>
</LocList>
</OpTerm>
</RootTerm>
</CondStmnt>
</StmntSeq>
</Branch>
<Branch CovItemId="B26" CovItemPrefix="com.OriginalFiles.Analyze.java" Implct="false" Intrnl_Id="1184">
<Cond>
<Loc EndOffset="4404" SrcFileId="7" StartOffset="4400"/>
</Cond>
<LocList>
<Loc EndOffset="4475" SrcFileId="7" StartOffset="4405"/>
</LocList>
<StmntSeq Intrnl_Id="1185">
<LocList>
<Loc EndOffset="4475" SrcFileId="7" StartOffset="4405"/>
</LocList>
<CondStmnt CovItemId="S58" CovItemPrefix="com.OriginalFiles.Analyze.java" Intrnl_Id="1186">
<Branch CovItemId="B31" CovItemPrefix="com.OriginalFiles.Analyze.java" Implct="false" Intrnl_Id="1187">
<Cond/>
<LocList>
<Loc EndOffset="4475" SrcFileId="7" StartOffset="4431"/>
</LocList>
<StmntSeq Intrnl_Id="1188">
<LocList>
<Loc EndOffset="4464" SrcFileId="7" StartOffset="4446"/>
</LocList>
<BasicStmnt CovItemId="S59" CovItemPrefix="com.OriginalFiles.Analyze.java" Intrnl_Id="1189">
<LocList>
<Loc EndOffset="4464" SrcFileId="7" StartOffset="4446"/>
</LocList>
</BasicStmnt>
</StmntSeq>
</Branch>
<Branch CovItemId="B32" CovItemPrefix="com.OriginalFiles.Analyze.java" Implct="true" Intrnl_Id="1190">
<Cond/>
<LocList/>
<StmntSeq Intrnl_Id="1191">
<LocList/>
</StmntSeq>
</Branch>
<Keyword EndOffset="4407" SrcFileId="7" StartOffset="4405"/>
<LocList>
<Loc EndOffset="4475" SrcFileId="7" StartOffset="4405"/>
</LocList>
<RootTerm CovItemId="C16" CovItemPrefix="com.OriginalFiles.Analyze.java" Intrnl_Id="1192">
<BasicBoolTerm Intrnl_Id="1193">
<LocList>
<Loc EndOffset="4429" SrcFileId="7" StartOffset="4409"/>
</LocList>
</BasicBoolTerm>
</RootTerm>
</CondStmnt>
</StmntSeq>
</Branch>
<Keyword EndOffset="4153" SrcFileId="7" StartOffset="4151"/>
<LocList>
<Loc EndOffset="4475" SrcFileId="7" StartOffset="4151"/>
</LocList>
<RootTerm CovItemId="C13" CovItemPrefix="com.OriginalFiles.Analyze.java" Intrnl_Id="1194">
<BasicBoolTerm Intrnl_Id="1195">
<LocList>
<Loc EndOffset="4186" SrcFileId="7" StartOffset="4155"/>
</LocList>
</BasicBoolTerm>
</RootTerm>
</CondStmnt>
<BasicStmnt CovItemId="S60" CovItemPrefix="com.OriginalFiles.Analyze.java" Intrnl_Id="1196">
<LocList>
<Loc EndOffset="4505" SrcFileId="7" StartOffset="4487"/>
</LocList>
</BasicStmnt>
</StmntSeq>
</HierarchyLvl>
<HierarchyLvl HierarchyLvlId="10252" HierarchyLvlTypeId="13" Intrnl_Id="1197" Name="checkMove">
<Header>
<Loc EndOffset="4658" SrcFileId="7" StartOffset="4549"/>
</Header>
<LocList>
<Loc EndOffset="6940" SrcFileId="7" StartOffset="4549"/>
</LocList>
<StmntSeq Intrnl_Id="1198">
<LocList>
<Loc EndOffset="6910" SrcFileId="7" StartOffset="4720"/>
<Loc EndOffset="6933" SrcFileId="7" StartOffset="6920"/>
</LocList>
<CondStmnt CovItemId="S61" CovItemPrefix="com.OriginalFiles.Analyze.java" Intrnl_Id="1199">
<Branch CovItemId="B33" CovItemPrefix="com.OriginalFiles.Analyze.java" Implct="false" Intrnl_Id="1200">
<Cond/>
<LocList>
<Loc EndOffset="6910" SrcFileId="7" StartOffset="4769"/>
</LocList>
<StmntSeq Intrnl_Id="1201">
<LocList>
<Loc EndOffset="6899" SrcFileId="7" StartOffset="4825"/>
</LocList>
<CondStmnt CovItemId="S62" CovItemPrefix="com.OriginalFiles.Analyze.java" Intrnl_Id="1202">
<Branch CovItemId="B35" CovItemPrefix="com.OriginalFiles.Analyze.java" Implct="false" Intrnl_Id="1203">
<Cond/>
<LocList>
<Loc EndOffset="5310" SrcFileId="7" StartOffset="4882"/>
</LocList>
<StmntSeq Intrnl_Id="1204">
<LocList>
<Loc EndOffset="5259" SrcFileId="7" StartOffset="4901"/>
</LocList>
<CondStmnt CovItemId="S63" CovItemPrefix="com.OriginalFiles.Analyze.java" Intrnl_Id="1205">
<Branch CovItemId="B37" CovItemPrefix="com.OriginalFiles.Analyze.java" Implct="false" Intrnl_Id="1206">
<Cond/>
<LocList>
<Loc EndOffset="5198" SrcFileId="7" StartOffset="5007"/>
</LocList>
<StmntSeq Intrnl_Id="1207">
<LocList>
<Loc EndOffset="5145" SrcFileId="7" StartOffset="5030"/>
<Loc EndOffset="5179" SrcFileId="7" StartOffset="5167"/>
</LocList>
<BasicStmnt CovItemId="S64" CovItemPrefix="com.OriginalFiles.Analyze.java" Intrnl_Id="1208">
<LocList>
<Loc EndOffset="5145" SrcFileId="7" StartOffset="5030"/>
</LocList>
</BasicStmnt>
<BasicStmnt CovItemId="S65" CovItemPrefix="com.OriginalFiles.Analyze.java" Intrnl_Id="1209">
<LocList>
<Loc EndOffset="5179" SrcFileId="7" StartOffset="5167"/>
</LocList>
</BasicStmnt>
</StmntSeq>
</Branch>
<Branch CovItemId="B38" CovItemPrefix="com.OriginalFiles.Analyze.java" Implct="false" Intrnl_Id="1210">
<Cond>
<Loc EndOffset="5203" SrcFileId="7" StartOffset="5199"/>
</Cond>
<LocList>
<Loc EndOffset="5259" SrcFileId="7" StartOffset="5204"/>
</LocList>
<StmntSeq Intrnl_Id="1211">
<LocList>
<Loc EndOffset="5240" SrcFileId="7" StartOffset="5227"/>
</LocList>
<BasicStmnt CovItemId="S66" CovItemPrefix="com.OriginalFiles.Analyze.java" Intrnl_Id="1212">
<LocList>
<Loc EndOffset="5240" SrcFileId="7" StartOffset="5227"/>
</LocList>
</BasicStmnt>
</StmntSeq>
</Branch>
<Keyword EndOffset="4903" SrcFileId="7" StartOffset="4901"/>
<LocList>
<Loc EndOffset="5259" SrcFileId="7" StartOffset="4901"/>
</LocList>
<RootTerm CovItemId="C19" CovItemPrefix="com.OriginalFiles.Analyze.java" Intrnl_Id="1213">
<BasicBoolTerm Intrnl_Id="1214">
<LocList>
<Loc EndOffset="5005" SrcFileId="7" StartOffset="4905"/>
</LocList>
</BasicBoolTerm>
</RootTerm>
</CondStmnt>
</StmntSeq>
</Branch>
<Branch CovItemId="B36" CovItemPrefix="com.OriginalFiles.Analyze.java" Implct="false" Intrnl_Id="1215">
<Cond>
<Loc EndOffset="5315" SrcFileId="7" StartOffset="5311"/>
</Cond>
<LocList>
<Loc EndOffset="6899" SrcFileId="7" StartOffset="5316"/>
</LocList>
<StmntSeq Intrnl_Id="1216">
<LocList>
<Loc EndOffset="6899" SrcFileId="7" StartOffset="5316"/>
</LocList>
<CondStmnt CovItemId="S67" CovItemPrefix="com.OriginalFiles.Analyze.java" Intrnl_Id="1217">
<Branch CovItemId="B39" CovItemPrefix="com.OriginalFiles.Analyze.java" Implct="false" Intrnl_Id="1218">
<Cond/>
<LocList>
<Loc EndOffset="5815" SrcFileId="7" StartOffset="5374"/>
</LocList>
<StmntSeq Intrnl_Id="1219">
<LocList>
<Loc EndOffset="5751" SrcFileId="7" StartOffset="5393"/>
</LocList>
<CondStmnt CovItemId="S68" CovItemPrefix="com.OriginalFiles.Analyze.java" Intrnl_Id="1220">
<Branch CovItemId="B41" CovItemPrefix="com.OriginalFiles.Analyze.java" Implct="false" Intrnl_Id="1221">
<Cond/>
<LocList>
<Loc EndOffset="5690" SrcFileId="7" StartOffset="5499"/>
</LocList>
<StmntSeq Intrnl_Id="1222">
<LocList>
<Loc EndOffset="5637" SrcFileId="7" StartOffset="5522"/>
<Loc EndOffset="5671" SrcFileId="7" StartOffset="5659"/>
</LocList>
<BasicStmnt CovItemId="S69" CovItemPrefix="com.OriginalFiles.Analyze.java" Intrnl_Id="1223">
<LocList>
<Loc EndOffset="5637" SrcFileId="7" StartOffset="5522"/>
</LocList>
</BasicStmnt>
<BasicStmnt CovItemId="S70" CovItemPrefix="com.OriginalFiles.Analyze.java" Intrnl_Id="1224">
<LocList>
<Loc EndOffset="5671" SrcFileId="7" StartOffset="5659"/>
</LocList>
</BasicStmnt>
</StmntSeq>
</Branch>
<Branch CovItemId="B42" CovItemPrefix="com.OriginalFiles.Analyze.java" Implct="false" Intrnl_Id="1225">
<Cond>
<Loc EndOffset="5695" SrcFileId="7" StartOffset="5691"/>
</Cond>
<LocList>
<Loc EndOffset="5751" SrcFileId="7" StartOffset="5696"/>
</LocList>
<StmntSeq Intrnl_Id="1226">
<LocList>
<Loc EndOffset="5732" SrcFileId="7" StartOffset="5719"/>
</LocList>
<BasicStmnt CovItemId="S71" CovItemPrefix="com.OriginalFiles.Analyze.java" Intrnl_Id="1227">
<LocList>
<Loc EndOffset="5732" SrcFileId="7" StartOffset="5719"/>
</LocList>
</BasicStmnt>
</StmntSeq>
</Branch>
<Keyword EndOffset="5395" SrcFileId="7" StartOffset="5393"/>
<LocList>
<Loc EndOffset="5751" SrcFileId="7" StartOffset="5393"/>
</LocList>
<RootTerm CovItemId="C21" CovItemPrefix="com.OriginalFiles.Analyze.java" Intrnl_Id="1228">
<BasicBoolTerm Intrnl_Id="1229">
<LocList>
<Loc EndOffset="5497" SrcFileId="7" StartOffset="5397"/>
</LocList>
</BasicBoolTerm>
</RootTerm>
</CondStmnt>
</StmntSeq>
</Branch>
<Branch CovItemId="B40" CovItemPrefix="com.OriginalFiles.Analyze.java" Implct="false" Intrnl_Id="1230">
<Cond>
<Loc EndOffset="5820" SrcFileId="7" StartOffset="5816"/>
</Cond>
<LocList>
<Loc EndOffset="6899" SrcFileId="7" StartOffset="5821"/>
</LocList>
<StmntSeq Intrnl_Id="1231">
<LocList>
<Loc EndOffset="6899" SrcFileId="7" StartOffset="5821"/>
</LocList>
<CondStmnt CovItemId="S72" CovItemPrefix="com.OriginalFiles.Analyze.java" Intrnl_Id="1232">
<Branch CovItemId="B43" CovItemPrefix="com.OriginalFiles.Analyze.java" Implct="false" Intrnl_Id="1233">
<Cond/>
<LocList>
<Loc EndOffset="6899" SrcFileId="7" StartOffset="5860"/>
</LocList>
<StmntSeq Intrnl_Id="1234">
<LocList>
<Loc EndOffset="6884" SrcFileId="7" StartOffset="5879"/>
</LocList>
<CondStmnt CovItemId="S73" CovItemPrefix="com.OriginalFiles.Analyze.java" Intrnl_Id="1235">
<Branch CovItemId="B45" CovItemPrefix="com.OriginalFiles.Analyze.java" Implct="false" Intrnl_Id="1236">
<Cond/>
<LocList>
<Loc EndOffset="6365" SrcFileId="7" StartOffset="5937"/>
</LocList>
<StmntSeq Intrnl_Id="1237">
<LocList>
<Loc EndOffset="6346" SrcFileId="7" StartOffset="5960"/>
</LocList>
<CondStmnt CovItemId="S74" CovItemPrefix="com.OriginalFiles.Analyze.java" Intrnl_Id="1238">
<Branch CovItemId="B47" CovItemPrefix="com.OriginalFiles.Analyze.java" Implct="false" Intrnl_Id="1239">
<Cond/>
<LocList>
<Loc EndOffset="6277" SrcFileId="7" StartOffset="6070"/>
</LocList>
<StmntSeq Intrnl_Id="1240">
<LocList>
<Loc EndOffset="6216" SrcFileId="7" StartOffset="6097"/>
<Loc EndOffset="6254" SrcFileId="7" StartOffset="6242"/>
</LocList>
<BasicStmnt CovItemId="S75" CovItemPrefix="com.OriginalFiles.Analyze.java" Intrnl_Id="1241">
<LocList>
<Loc EndOffset="6216" SrcFileId="7" StartOffset="6097"/>
</LocList>
</BasicStmnt>
<BasicStmnt CovItemId="S76" CovItemPrefix="com.OriginalFiles.Analyze.java" Intrnl_Id="1242">
<LocList>
<Loc EndOffset="6254" SrcFileId="7" StartOffset="6242"/>
</LocList>
</BasicStmnt>
</StmntSeq>
</Branch>
<Branch CovItemId="B48" CovItemPrefix="com.OriginalFiles.Analyze.java" Implct="false" Intrnl_Id="1243">
<Cond>
<Loc EndOffset="6282" SrcFileId="7" StartOffset="6278"/>
</Cond>
<LocList>
<Loc EndOffset="6346" SrcFileId="7" StartOffset="6283"/>
</LocList>
<StmntSeq Intrnl_Id="1244">
<LocList>
<Loc EndOffset="6323" SrcFileId="7" StartOffset="6310"/>
</LocList>
<BasicStmnt CovItemId="S77" CovItemPrefix="com.OriginalFiles.Analyze.java" Intrnl_Id="1245">
<LocList>
<Loc EndOffset="6323" SrcFileId="7" StartOffset="6310"/>
</LocList>
</BasicStmnt>
</StmntSeq>
</Branch>
<Keyword EndOffset="5962" SrcFileId="7" StartOffset="5960"/>
<LocList>
<Loc EndOffset="6346" SrcFileId="7" StartOffset="5960"/>
</LocList>
<RootTerm CovItemId="C24" CovItemPrefix="com.OriginalFiles.Analyze.java" Intrnl_Id="1246">
<BasicBoolTerm Intrnl_Id="1247">
<LocList>
<Loc EndOffset="6068" SrcFileId="7" StartOffset="5964"/>
</LocList>
</BasicBoolTerm>
</RootTerm>
</CondStmnt>
</StmntSeq>
</Branch>
<Branch CovItemId="B46" CovItemPrefix="com.OriginalFiles.Analyze.java" Implct="false" Intrnl_Id="1248">
<Cond>
<Loc EndOffset="6370" SrcFileId="7" StartOffset="6366"/>
</Cond>
<LocList>
<Loc EndOffset="6884" SrcFileId="7" StartOffset="6371"/>
</LocList>
<StmntSeq Intrnl_Id="1249">
<LocList>
<Loc EndOffset="6884" SrcFileId="7" StartOffset="6371"/>
</LocList>
<CondStmnt CovItemId="S78" CovItemPrefix="com.OriginalFiles.Analyze.java" Intrnl_Id="1250">
<Branch CovItemId="B49" CovItemPrefix="com.OriginalFiles.Analyze.java" Implct="false" Intrnl_Id="1251">
<Cond/>
<LocList>
<Loc EndOffset="6884" SrcFileId="7" StartOffset="6456"/>
</LocList>
<StmntSeq Intrnl_Id="1252">
<LocList>
<Loc EndOffset="6865" SrcFileId="7" StartOffset="6479"/>
</LocList>
<CondStmnt CovItemId="S79" CovItemPrefix="com.OriginalFiles.Analyze.java" Intrnl_Id="1253">
<Branch CovItemId="B51" CovItemPrefix="com.OriginalFiles.Analyze.java" Implct="false" Intrnl_Id="1254">
<Cond/>
<LocList>
<Loc EndOffset="6796" SrcFileId="7" StartOffset="6589"/>
</LocList>
<StmntSeq Intrnl_Id="1255">
<LocList>
<Loc EndOffset="6735" SrcFileId="7" StartOffset="6616"/>
<Loc EndOffset="6773" SrcFileId="7" StartOffset="6761"/>
</LocList>
<BasicStmnt CovItemId="S80" CovItemPrefix="com.OriginalFiles.Analyze.java" Intrnl_Id="1256">
<LocList>
<Loc EndOffset="6735" SrcFileId="7" StartOffset="6616"/>
</LocList>
</BasicStmnt>
<BasicStmnt CovItemId="S81" CovItemPrefix="com.OriginalFiles.Analyze.java" Intrnl_Id="1257">
<LocList>
<Loc EndOffset="6773" SrcFileId="7" StartOffset="6761"/>
</LocList>
</BasicStmnt>
</StmntSeq>
</Branch>
<Branch CovItemId="B52" CovItemPrefix="com.OriginalFiles.Analyze.java" Implct="false" Intrnl_Id="1258">
<Cond>
<Loc EndOffset="6801" SrcFileId="7" StartOffset="6797"/>
</Cond>
<LocList>
<Loc EndOffset="6865" SrcFileId="7" StartOffset="6802"/>
</LocList>
<StmntSeq Intrnl_Id="1259">
<LocList>
<Loc EndOffset="6842" SrcFileId="7" StartOffset="6829"/>
</LocList>
<BasicStmnt CovItemId="S82" CovItemPrefix="com.OriginalFiles.Analyze.java" Intrnl_Id="1260">
<LocList>
<Loc EndOffset="6842" SrcFileId="7" StartOffset="6829"/>
</LocList>
</BasicStmnt>
</StmntSeq>
</Branch>
<Keyword EndOffset="6481" SrcFileId="7" StartOffset="6479"/>
<LocList>
<Loc EndOffset="6865" SrcFileId="7" StartOffset="6479"/>
</LocList>
<RootTerm CovItemId="C26" CovItemPrefix="com.OriginalFiles.Analyze.java" Intrnl_Id="1261">
<BasicBoolTerm Intrnl_Id="1262">
<LocList>
<Loc EndOffset="6587" SrcFileId="7" StartOffset="6483"/>
</LocList>
</BasicBoolTerm>
</RootTerm>
</CondStmnt>
</StmntSeq>
</Branch>
<Branch CovItemId="B50" CovItemPrefix="com.OriginalFiles.Analyze.java" Implct="true" Intrnl_Id="1263">
<Cond/>
<LocList/>
<StmntSeq Intrnl_Id="1264">
<LocList/>
</StmntSeq>
</Branch>
<Keyword EndOffset="6373" SrcFileId="7" StartOffset="6371"/>
<LocList>
<Loc EndOffset="6884" SrcFileId="7" StartOffset="6371"/>
</LocList>
<RootTerm CovItemId="C25" CovItemPrefix="com.OriginalFiles.Analyze.java" Intrnl_Id="1265">
<BasicBoolTerm Intrnl_Id="1266">
<LocList>
<Loc EndOffset="6454" SrcFileId="7" StartOffset="6375"/>
</LocList>
</BasicBoolTerm>
</RootTerm>
</CondStmnt>
</StmntSeq>
</Branch>
<Keyword EndOffset="5881" SrcFileId="7" StartOffset="5879"/>
<LocList>
<Loc EndOffset="6884" SrcFileId="7" StartOffset="5879"/>
</LocList>
<RootTerm CovItemId="C23" CovItemPrefix="com.OriginalFiles.Analyze.java" Intrnl_Id="1267">
<BasicBoolTerm Intrnl_Id="1268">
<LocList>
<Loc EndOffset="5935" SrcFileId="7" StartOffset="5883"/>
</LocList>
</BasicBoolTerm>
</RootTerm>
</CondStmnt>
</StmntSeq>
</Branch>
<Branch CovItemId="B44" CovItemPrefix="com.OriginalFiles.Analyze.java" Implct="true" Intrnl_Id="1269">
<Cond/>
<LocList/>
<StmntSeq Intrnl_Id="1270">
<LocList/>
</StmntSeq>
</Branch>
<Keyword EndOffset="5823" SrcFileId="7" StartOffset="5821"/>
<LocList>
<Loc EndOffset="6899" SrcFileId="7" StartOffset="5821"/>
</LocList>
<RootTerm CovItemId="C22" CovItemPrefix="com.OriginalFiles.Analyze.java" Intrnl_Id="1271">
<BasicBoolTerm Intrnl_Id="1272">
<LocList>
<Loc EndOffset="5858" SrcFileId="7" StartOffset="5825"/>
</LocList>
</BasicBoolTerm>
</RootTerm>
</CondStmnt>
</StmntSeq>
</Branch>
<Keyword EndOffset="5318" SrcFileId="7" StartOffset="5316"/>
<LocList>
<Loc EndOffset="6899" SrcFileId="7" StartOffset="5316"/>
</LocList>
<RootTerm CovItemId="C20" CovItemPrefix="com.OriginalFiles.Analyze.java" Intrnl_Id="1273">
<BasicBoolTerm Intrnl_Id="1274">
<LocList>
<Loc EndOffset="5372" SrcFileId="7" StartOffset="5320"/>
</LocList>
</BasicBoolTerm>
</RootTerm>
</CondStmnt>
</StmntSeq>
</Branch>
<Keyword EndOffset="4827" SrcFileId="7" StartOffset="4825"/>
<LocList>
<Loc EndOffset="6899" SrcFileId="7" StartOffset="4825"/>
</LocList>
<RootTerm CovItemId="C18" CovItemPrefix="com.OriginalFiles.Analyze.java" Intrnl_Id="1275">
<BasicBoolTerm Intrnl_Id="1276">
<LocList>
<Loc EndOffset="4880" SrcFileId="7" StartOffset="4829"/>
</LocList>
</BasicBoolTerm>
</RootTerm>
</CondStmnt>
</StmntSeq>
</Branch>
<Branch CovItemId="B34" CovItemPrefix="com.OriginalFiles.Analyze.java" Implct="true" Intrnl_Id="1277">
<Cond/>
<LocList/>
<StmntSeq Intrnl_Id="1278">
<LocList/>
</StmntSeq>
</Branch>
<Keyword EndOffset="4722" SrcFileId="7" StartOffset="4720"/>
<LocList>
<Loc EndOffset="6910" SrcFileId="7" StartOffset="4720"/>
</LocList>
<RootTerm CovItemId="C17" CovItemPrefix="com.OriginalFiles.Analyze.java" Intrnl_Id="1279">
<BasicBoolTerm Intrnl_Id="1280">
<LocList>
<Loc EndOffset="4767" SrcFileId="7" StartOffset="4724"/>
</LocList>
</BasicBoolTerm>
</RootTerm>
</CondStmnt>
<BasicStmnt CovItemId="S83" CovItemPrefix="com.OriginalFiles.Analyze.java" Intrnl_Id="1281">
<LocList>
<Loc EndOffset="6933" SrcFileId="7" StartOffset="6920"/>
</LocList>
</BasicStmnt>
</StmntSeq>
</HierarchyLvl>
<HierarchyLvl HierarchyLvlId="10253" HierarchyLvlTypeId="13" Intrnl_Id="1282" Name="validateMove">
<Header>
<Loc EndOffset="7113" SrcFileId="7" StartOffset="7009"/>
</Header>
<LocList>
<Loc EndOffset="8273" SrcFileId="7" StartOffset="7009"/>
</LocList>
<StmntSeq Intrnl_Id="1283">
<LocList>
<Loc EndOffset="7175" SrcFileId="7" StartOffset="7127"/>
<Loc EndOffset="7332" SrcFileId="7" StartOffset="7185"/>
<Loc EndOffset="7489" SrcFileId="7" StartOffset="7342"/>
<Loc EndOffset="7646" SrcFileId="7" StartOffset="7499"/>
<Loc EndOffset="7803" SrcFileId="7" StartOffset="7656"/>
<Loc EndOffset="7840" SrcFileId="7" StartOffset="7813"/>
<Loc EndOffset="8237" SrcFileId="7" StartOffset="7850"/>
<Loc EndOffset="8266" SrcFileId="7" StartOffset="8247"/>
</LocList>
<BasicStmnt CovItemId="S84" CovItemPrefix="com.OriginalFiles.Analyze.java" Intrnl_Id="1284">
<LocList>
<Loc EndOffset="7175" SrcFileId="7" StartOffset="7127"/>
</LocList>
</BasicStmnt>
<CondStmnt CovItemId="S85" CovItemPrefix="com.OriginalFiles.Analyze.java" Intrnl_Id="1285">
<Branch CovItemId="B53" CovItemPrefix="com.OriginalFiles.Analyze.java" Implct="false" Intrnl_Id="1286">
<Cond/>
<LocList>
<Loc EndOffset="7332" SrcFileId="7" StartOffset="7242"/>
</LocList>
<StmntSeq Intrnl_Id="1287">
<LocList>
<Loc EndOffset="7321" SrcFileId="7" StartOffset="7257"/>
</LocList>
<BasicStmnt CovItemId="S86" CovItemPrefix="com.OriginalFiles.Analyze.java" Intrnl_Id="1288">
<LocList>
<Loc EndOffset="7321" SrcFileId="7" StartOffset="7257"/>
</LocList>
</BasicStmnt>
</StmntSeq>
</Branch>
<Branch CovItemId="B54" CovItemPrefix="com.OriginalFiles.Analyze.java" Implct="true" Intrnl_Id="1289">
<Cond/>
<LocList/>
<StmntSeq Intrnl_Id="1290">
<LocList/>
</StmntSeq>
</Branch>
<Keyword EndOffset="7187" SrcFileId="7" StartOffset="7185"/>
<LocList>
<Loc EndOffset="7332" SrcFileId="7" StartOffset="7185"/>
</LocList>
<RootTerm CovItemId="C27" CovItemPrefix="com.OriginalFiles.Analyze.java" Intrnl_Id="1291">
<BasicBoolTerm Intrnl_Id="1292">
<LocList>
<Loc EndOffset="7240" SrcFileId="7" StartOffset="7189"/>
</LocList>
</BasicBoolTerm>
</RootTerm>
</CondStmnt>
<CondStmnt CovItemId="S87" CovItemPrefix="com.OriginalFiles.Analyze.java" Intrnl_Id="1293">
<Branch CovItemId="B55" CovItemPrefix="com.OriginalFiles.Analyze.java" Implct="false" Intrnl_Id="1294">
<Cond/>
<LocList>
<Loc EndOffset="7489" SrcFileId="7" StartOffset="7399"/>
</LocList>
<StmntSeq Intrnl_Id="1295">
<LocList>
<Loc EndOffset="7478" SrcFileId="7" StartOffset="7414"/>
</LocList>
<BasicStmnt CovItemId="S88" CovItemPrefix="com.OriginalFiles.Analyze.java" Intrnl_Id="1296">
<LocList>
<Loc EndOffset="7478" SrcFileId="7" StartOffset="7414"/>
</LocList>
</BasicStmnt>
</StmntSeq>
</Branch>
<Branch CovItemId="B56" CovItemPrefix="com.OriginalFiles.Analyze.java" Implct="true" Intrnl_Id="1297">
<Cond/>
<LocList/>
<StmntSeq Intrnl_Id="1298">
<LocList/>
</StmntSeq>
</Branch>
<Keyword EndOffset="7344" SrcFileId="7" StartOffset="7342"/>
<LocList>
<Loc EndOffset="7489" SrcFileId="7" StartOffset="7342"/>
</LocList>
<RootTerm CovItemId="C28" CovItemPrefix="com.OriginalFiles.Analyze.java" Intrnl_Id="1299">
<BasicBoolTerm Intrnl_Id="1300">
<LocList>
<Loc EndOffset="7397" SrcFileId="7" StartOffset="7346"/>
</LocList>
</BasicBoolTerm>
</RootTerm>
</CondStmnt>
<CondStmnt CovItemId="S89" CovItemPrefix="com.OriginalFiles.Analyze.java" Intrnl_Id="1301">
<Branch CovItemId="B57" CovItemPrefix="com.OriginalFiles.Analyze.java" Implct="false" Intrnl_Id="1302">
<Cond/>
<LocList>
<Loc EndOffset="7646" SrcFileId="7" StartOffset="7556"/>
</LocList>
<StmntSeq Intrnl_Id="1303">
<LocList>
<Loc EndOffset="7635" SrcFileId="7" StartOffset="7571"/>
</LocList>
<BasicStmnt CovItemId="S90" CovItemPrefix="com.OriginalFiles.Analyze.java" Intrnl_Id="1304">
<LocList>
<Loc EndOffset="7635" SrcFileId="7" StartOffset="7571"/>
</LocList>
</BasicStmnt>
</StmntSeq>
</Branch>
<Branch CovItemId="B58" CovItemPrefix="com.OriginalFiles.Analyze.java" Implct="true" Intrnl_Id="1305">
<Cond/>
<LocList/>
<StmntSeq Intrnl_Id="1306">
<LocList/>
</StmntSeq>
</Branch>
<Keyword EndOffset="7501" SrcFileId="7" StartOffset="7499"/>
<LocList>
<Loc EndOffset="7646" SrcFileId="7" StartOffset="7499"/>
</LocList>
<RootTerm CovItemId="C29" CovItemPrefix="com.OriginalFiles.Analyze.java" Intrnl_Id="1307">
<BasicBoolTerm Intrnl_Id="1308">
<LocList>
<Loc EndOffset="7554" SrcFileId="7" StartOffset="7503"/>
</LocList>
</BasicBoolTerm>
</RootTerm>
</CondStmnt>
<CondStmnt CovItemId="S91" CovItemPrefix="com.OriginalFiles.Analyze.java" Intrnl_Id="1309">
<Branch CovItemId="B59" CovItemPrefix="com.OriginalFiles.Analyze.java" Implct="false" Intrnl_Id="1310">
<Cond/>
<LocList>
<Loc EndOffset="7803" SrcFileId="7" StartOffset="7713"/>
</LocList>
<StmntSeq Intrnl_Id="1311">
<LocList>
<Loc EndOffset="7792" SrcFileId="7" StartOffset="7728"/>
</LocList>
<BasicStmnt CovItemId="S92" CovItemPrefix="com.OriginalFiles.Analyze.java" Intrnl_Id="1312">
<LocList>
<Loc EndOffset="7792" SrcFileId="7" StartOffset="7728"/>
</LocList>
</BasicStmnt>
</StmntSeq>
</Branch>
<Branch CovItemId="B60" CovItemPrefix="com.OriginalFiles.Analyze.java" Implct="true" Intrnl_Id="1313">
<Cond/>
<LocList/>
<StmntSeq Intrnl_Id="1314">
<LocList/>
</StmntSeq>
</Branch>
<Keyword EndOffset="7658" SrcFileId="7" StartOffset="7656"/>
<LocList>
<Loc EndOffset="7803" SrcFileId="7" StartOffset="7656"/>
</LocList>
<RootTerm CovItemId="C30" CovItemPrefix="com.OriginalFiles.Analyze.java" Intrnl_Id="1315">
<BasicBoolTerm Intrnl_Id="1316">
<LocList>
<Loc EndOffset="7711" SrcFileId="7" StartOffset="7660"/>
</LocList>
</BasicBoolTerm>
</RootTerm>
</CondStmnt>
<BasicStmnt CovItemId="S93" CovItemPrefix="com.OriginalFiles.Analyze.java" Intrnl_Id="1317">
<LocList>
<Loc EndOffset="7840" SrcFileId="7" StartOffset="7813"/>
</LocList>
</BasicStmnt>
<LoopStmnt CovItemId="S94" CovItemPrefix="com.OriginalFiles.Analyze.java" Intrnl_Id="1318" MltplExecId="L4-2" MltplExecPrefix="com.OriginalFiles.Analyze.java" NvrExecId="L4-0" NvrExecPrefix="com.OriginalFiles.Analyze.java" OnceExecutedId="L4-1" OnceExecutedPrefix="com.OriginalFiles.Analyze.java" OptBodyExec="true">
<StmntSeq Intrnl_Id="1319">
<LocList>
<Loc EndOffset="8141" SrcFileId="7" StartOffset="7909"/>
<Loc EndOffset="8226" SrcFileId="7" StartOffset="8155"/>
</LocList>
<CondStmnt CovItemId="S95" CovItemPrefix="com.OriginalFiles.Analyze.java" Intrnl_Id="1320">
<Branch CovItemId="B61" CovItemPrefix="com.OriginalFiles.Analyze.java" Implct="false" Intrnl_Id="1321">
<Cond/>
<LocList>
<Loc EndOffset="8141" SrcFileId="7" StartOffset="8011"/>
</LocList>
<StmntSeq Intrnl_Id="1322">
<LocList>
<Loc EndOffset="8126" SrcFileId="7" StartOffset="8030"/>
</LocList>
<BasicStmnt CovItemId="S96" CovItemPrefix="com.OriginalFiles.Analyze.java" Intrnl_Id="1323">
<LocList>
<Loc EndOffset="8126" SrcFileId="7" StartOffset="8030"/>
</LocList>
</BasicStmnt>
</StmntSeq>
</Branch>
<Branch CovItemId="B62" CovItemPrefix="com.OriginalFiles.Analyze.java" Implct="true" Intrnl_Id="1324">
<Cond/>
<LocList/>
<StmntSeq Intrnl_Id="1325">
<LocList/>
</StmntSeq>
</Branch>
<Keyword EndOffset="7911" SrcFileId="7" StartOffset="7909"/>
<LocList>
<Loc EndOffset="8141" SrcFileId="7" StartOffset="7909"/>
</LocList>
<RootTerm CovItemId="C32" CovItemPrefix="com.OriginalFiles.Analyze.java" Intrnl_Id="1326">
<OpTerm BooleanOpId="8" Intrnl_Id="1327">
<OpTerm BooleanOpId="9" Intrnl_Id="1328">
<BasicBoolTerm Intrnl_Id="1329">
<LocList>
<Loc EndOffset="7949" SrcFileId="7" StartOffset="7915"/>
</LocList>
</BasicBoolTerm>
<BasicBoolTerm Intrnl_Id="1330">
<LocList>
<Loc EndOffset="8008" SrcFileId="7" StartOffset="7974"/>
</LocList>
</BasicBoolTerm>
<LocList>
<Loc EndOffset="7973" SrcFileId="7" StartOffset="7971"/>
</LocList>
</OpTerm>
<LocList>
<Loc EndOffset="7914" SrcFileId="7" StartOffset="7913"/>
</LocList>
</OpTerm>
</RootTerm>
</CondStmnt>
<CondStmnt CovItemId="S97" CovItemPrefix="com.OriginalFiles.Analyze.java" Intrnl_Id="1331">
<Branch CovItemId="B63" CovItemPrefix="com.OriginalFiles.Analyze.java" Implct="false" Intrnl_Id="1332">
<Cond/>
<LocList>
<Loc EndOffset="8226" SrcFileId="7" StartOffset="8173"/>
</LocList>
<StmntSeq Intrnl_Id="1333">
<LocList>
<Loc EndOffset="8211" SrcFileId="7" StartOffset="8192"/>
</LocList>
<BasicStmnt CovItemId="S98" CovItemPrefix="com.OriginalFiles.Analyze.java" Intrnl_Id="1334">
<LocList>
<Loc EndOffset="8211" SrcFileId="7" StartOffset="8192"/>
</LocList>
</BasicStmnt>
</StmntSeq>
</Branch>
<Branch CovItemId="B64" CovItemPrefix="com.OriginalFiles.Analyze.java" Implct="true" Intrnl_Id="1335">
<Cond/>
<LocList/>
<StmntSeq Intrnl_Id="1336">
<LocList/>
</StmntSeq>
</Branch>
<Keyword EndOffset="8157" SrcFileId="7" StartOffset="8155"/>
<LocList>
<Loc EndOffset="8226" SrcFileId="7" StartOffset="8155"/>
</LocList>
<RootTerm CovItemId="C33" CovItemPrefix="com.OriginalFiles.Analyze.java" Intrnl_Id="1337">
<OpTerm BooleanOpId="8" Intrnl_Id="1338">
<BasicBoolTerm Intrnl_Id="1339">
<LocList>
<Loc EndOffset="8171" SrcFileId="7" StartOffset="8160"/>
</LocList>
</BasicBoolTerm>
<LocList>
<Loc EndOffset="8160" SrcFileId="7" StartOffset="8159"/>
</LocList>
</OpTerm>
</RootTerm>
</CondStmnt>
</StmntSeq>
<Keyword EndOffset="7853" SrcFileId="7" StartOffset="7850"/>
<LocList>
<Loc EndOffset="8237" SrcFileId="7" StartOffset="7850"/>
</LocList>
<RootTerm CovItemId="C31" CovItemPrefix="com.OriginalFiles.Analyze.java" Intrnl_Id="1340">
<BasicBoolTerm Intrnl_Id="1341">
<LocList>
<Loc EndOffset="7887" SrcFileId="7" StartOffset="7866"/>
</LocList>
</BasicBoolTerm>
</RootTerm>
</LoopStmnt>
<BasicStmnt CovItemId="S99" CovItemPrefix="com.OriginalFiles.Analyze.java" Intrnl_Id="1342">
<LocList>
<Loc EndOffset="8266" SrcFileId="7" StartOffset="8247"/>
</LocList>
</BasicStmnt>
</StmntSeq>
</HierarchyLvl>
<HierarchyLvl HierarchyLvlId="10254" HierarchyLvlTypeId="13" Intrnl_Id="1343" Name="jumpSequence">
<Header>
<Loc EndOffset="8461" SrcFileId="7" StartOffset="8281"/>
</Header>
<LocList>
<Loc EndOffset="9892" SrcFileId="7" StartOffset="8281"/>
</LocList>
<StmntSeq Intrnl_Id="1344">
<LocList>
<Loc EndOffset="8494" SrcFileId="7" StartOffset="8473"/>
<Loc EndOffset="8564" SrcFileId="7" StartOffset="8504"/>
<Loc EndOffset="8685" SrcFileId="7" StartOffset="8574"/>
<Loc EndOffset="8837" SrcFileId="7" StartOffset="8695"/>
<Loc EndOffset="8953" SrcFileId="7" StartOffset="8847"/>
<Loc EndOffset="9105" SrcFileId="7" StartOffset="8963"/>
<Loc EndOffset="9220" SrcFileId="7" StartOffset="9115"/>
<Loc EndOffset="9372" SrcFileId="7" StartOffset="9230"/>
<Loc EndOffset="9486" SrcFileId="7" StartOffset="9382"/>
<Loc EndOffset="9638" SrcFileId="7" StartOffset="9496"/>
<Loc EndOffset="9743" SrcFileId="7" StartOffset="9650"/>
<Loc EndOffset="9857" SrcFileId="7" StartOffset="9755"/>
<Loc EndOffset="9885" SrcFileId="7" StartOffset="9867"/>
</LocList>
<BasicStmnt CovItemId="S100" CovItemPrefix="com.OriginalFiles.Analyze.java" Intrnl_Id="1345">
<LocList>
<Loc EndOffset="8494" SrcFileId="7" StartOffset="8473"/>
</LocList>
</BasicStmnt>
<BasicStmnt CovItemId="S101" CovItemPrefix="com.OriginalFiles.Analyze.java" Intrnl_Id="1346">
<LocList>
<Loc EndOffset="8564" SrcFileId="7" StartOffset="8504"/>
</LocList>
</BasicStmnt>
<BasicStmnt CovItemId="S102" CovItemPrefix="com.OriginalFiles.Analyze.java" Intrnl_Id="1347">
<LocList>
<Loc EndOffset="8685" SrcFileId="7" StartOffset="8574"/>
</LocList>
</BasicStmnt>
<CondStmnt CovItemId="S103" CovItemPrefix="com.OriginalFiles.Analyze.java" Intrnl_Id="1348">
<Branch CovItemId="B65" CovItemPrefix="com.OriginalFiles.Analyze.java" Implct="false" Intrnl_Id="1349">
<Cond/>
<LocList>
<Loc EndOffset="8837" SrcFileId="7" StartOffset="8718"/>
</LocList>
<StmntSeq Intrnl_Id="1350">
<LocList>
<Loc EndOffset="8826" SrcFileId="7" StartOffset="8733"/>
</LocList>
<BasicStmnt CovItemId="S104" CovItemPrefix="com.OriginalFiles.Analyze.java" Intrnl_Id="1351">
<LocList>
<Loc EndOffset="8826" SrcFileId="7" StartOffset="8733"/>
</LocList>
</BasicStmnt>
</StmntSeq>
</Branch>
<Branch CovItemId="B66" CovItemPrefix="com.OriginalFiles.Analyze.java" Implct="true" Intrnl_Id="1352">
<Cond/>
<LocList/>
<StmntSeq Intrnl_Id="1353">
<LocList/>
</StmntSeq>
</Branch>
<Keyword EndOffset="8697" SrcFileId="7" StartOffset="8695"/>
<LocList>
<Loc EndOffset="8837" SrcFileId="7" StartOffset="8695"/>
</LocList>
<RootTerm CovItemId="C34" CovItemPrefix="com.OriginalFiles.Analyze.java" Intrnl_Id="1354">
<BasicBoolTerm Intrnl_Id="1355">
<LocList>
<Loc EndOffset="8716" SrcFileId="7" StartOffset="8699"/>
</LocList>
</BasicBoolTerm>
</RootTerm>
</CondStmnt>
<BasicStmnt CovItemId="S105" CovItemPrefix="com.OriginalFiles.Analyze.java" Intrnl_Id="1356">
<LocList>
<Loc EndOffset="8953" SrcFileId="7" StartOffset="8847"/>
</LocList>
</BasicStmnt>
<CondStmnt CovItemId="S106" CovItemPrefix="com.OriginalFiles.Analyze.java" Intrnl_Id="1357">
<Branch CovItemId="B67" CovItemPrefix="com.OriginalFiles.Analyze.java" Implct="false" Intrnl_Id="1358">
<Cond/>
<LocList>
<Loc EndOffset="9105" SrcFileId="7" StartOffset="8986"/>
</LocList>
<StmntSeq Intrnl_Id="1359">
<LocList>
<Loc EndOffset="9094" SrcFileId="7" StartOffset="9001"/>
</LocList>
<BasicStmnt CovItemId="S107" CovItemPrefix="com.OriginalFiles.Analyze.java" Intrnl_Id="1360">
<LocList>
<Loc EndOffset="9094" SrcFileId="7" StartOffset="9001"/>
</LocList>
</BasicStmnt>
</StmntSeq>
</Branch>
<Branch CovItemId="B68" CovItemPrefix="com.OriginalFiles.Analyze.java" Implct="true" Intrnl_Id="1361">
<Cond/>
<LocList/>
<StmntSeq Intrnl_Id="1362">
<LocList/>
</StmntSeq>
</Branch>
<Keyword EndOffset="8965" SrcFileId="7" StartOffset="8963"/>
<LocList>
<Loc EndOffset="9105" SrcFileId="7" StartOffset="8963"/>
</LocList>
<RootTerm CovItemId="C35" CovItemPrefix="com.OriginalFiles.Analyze.java" Intrnl_Id="1363">
<BasicBoolTerm Intrnl_Id="1364">
<LocList>
<Loc EndOffset="8984" SrcFileId="7" StartOffset="8967"/>
</LocList>
</BasicBoolTerm>
</RootTerm>
</CondStmnt>
<BasicStmnt CovItemId="S108" CovItemPrefix="com.OriginalFiles.Analyze.java" Intrnl_Id="1365">
<LocList>
<Loc EndOffset="9220" SrcFileId="7" StartOffset="9115"/>
</LocList>
</BasicStmnt>
<CondStmnt CovItemId="S109" CovItemPrefix="com.OriginalFiles.Analyze.java" Intrnl_Id="1366">
<Branch CovItemId="B69" CovItemPrefix="com.OriginalFiles.Analyze.java" Implct="false" Intrnl_Id="1367">
<Cond/>
<LocList>
<Loc EndOffset="9372" SrcFileId="7" StartOffset="9253"/>
</LocList>
<StmntSeq Intrnl_Id="1368">
<LocList>
<Loc EndOffset="9361" SrcFileId="7" StartOffset="9268"/>
</LocList>
<BasicStmnt CovItemId="S110" CovItemPrefix="com.OriginalFiles.Analyze.java" Intrnl_Id="1369">
<LocList>
<Loc EndOffset="9361" SrcFileId="7" StartOffset="9268"/>
</LocList>
</BasicStmnt>
</StmntSeq>
</Branch>
<Branch CovItemId="B70" CovItemPrefix="com.OriginalFiles.Analyze.java" Implct="true" Intrnl_Id="1370">
<Cond/>
<LocList/>
<StmntSeq Intrnl_Id="1371">
<LocList/>
</StmntSeq>
</Branch>
<Keyword EndOffset="9232" SrcFileId="7" StartOffset="9230"/>
<LocList>
<Loc EndOffset="9372" SrcFileId="7" StartOffset="9230"/>
</LocList>
<RootTerm CovItemId="C36" CovItemPrefix="com.OriginalFiles.Analyze.java" Intrnl_Id="1372">
<BasicBoolTerm Intrnl_Id="1373">
<LocList>
<Loc EndOffset="9251" SrcFileId="7" StartOffset="9234"/>
</LocList>
</BasicBoolTerm>
</RootTerm>
</CondStmnt>
<BasicStmnt CovItemId="S111" CovItemPrefix="com.OriginalFiles.Analyze.java" Intrnl_Id="1374">
<LocList>
<Loc EndOffset="9486" SrcFileId="7" StartOffset="9382"/>
</LocList>
</BasicStmnt>
<CondStmnt CovItemId="S112" CovItemPrefix="com.OriginalFiles.Analyze.java" Intrnl_Id="1375">
<Branch CovItemId="B71" CovItemPrefix="com.OriginalFiles.Analyze.java" Implct="false" Intrnl_Id="1376">
<Cond/>
<LocList>
<Loc EndOffset="9638" SrcFileId="7" StartOffset="9519"/>
</LocList>
<StmntSeq Intrnl_Id="1377">
<LocList>
<Loc EndOffset="9627" SrcFileId="7" StartOffset="9534"/>
</LocList>
<BasicStmnt CovItemId="S113" CovItemPrefix="com.OriginalFiles.Analyze.java" Intrnl_Id="1378">
<LocList>
<Loc EndOffset="9627" SrcFileId="7" StartOffset="9534"/>
</LocList>
</BasicStmnt>
</StmntSeq>
</Branch>
<Branch CovItemId="B72" CovItemPrefix="com.OriginalFiles.Analyze.java" Implct="true" Intrnl_Id="1379">
<Cond/>
<LocList/>
<StmntSeq Intrnl_Id="1380">
<LocList/>
</StmntSeq>
</Branch>
<Keyword EndOffset="9498" SrcFileId="7" StartOffset="9496"/>
<LocList>
<Loc EndOffset="9638" SrcFileId="7" StartOffset="9496"/>
</LocList>
<RootTerm CovItemId="C37" CovItemPrefix="com.OriginalFiles.Analyze.java" Intrnl_Id="1381">
<BasicBoolTerm Intrnl_Id="1382">
<LocList>
<Loc EndOffset="9517" SrcFileId="7" StartOffset="9500"/>
</LocList>
</BasicBoolTerm>
</RootTerm>
</CondStmnt>
<CondStmnt CovItemId="S114" CovItemPrefix="com.OriginalFiles.Analyze.java" Intrnl_Id="1383">
<Branch CovItemId="B73" CovItemPrefix="com.OriginalFiles.Analyze.java" Implct="false" Intrnl_Id="1384">
<Cond/>
<LocList>
<Loc EndOffset="9743" SrcFileId="7" StartOffset="9678"/>
</LocList>
<StmntSeq Intrnl_Id="1385">
<LocList>
<Loc EndOffset="9732" SrcFileId="7" StartOffset="9693"/>
</LocList>
<BasicStmnt CovItemId="S115" CovItemPrefix="com.OriginalFiles.Analyze.java" Intrnl_Id="1386">
<LocList>
<Loc EndOffset="9732" SrcFileId="7" StartOffset="9693"/>
</LocList>
</BasicStmnt>
</StmntSeq>
</Branch>
<Branch CovItemId="B74" CovItemPrefix="com.OriginalFiles.Analyze.java" Implct="true" Intrnl_Id="1387">
<Cond/>
<LocList/>
<StmntSeq Intrnl_Id="1388">
<LocList/>
</StmntSeq>
</Branch>
<Keyword EndOffset="9652" SrcFileId="7" StartOffset="9650"/>
<LocList>
<Loc EndOffset="9743" SrcFileId="7" StartOffset="9650"/>
</LocList>
<RootTerm CovItemId="C38" CovItemPrefix="com.OriginalFiles.Analyze.java" Intrnl_Id="1389">
<BasicBoolTerm Intrnl_Id="1390">
<LocList>
<Loc EndOffset="9676" SrcFileId="7" StartOffset="9654"/>
</LocList>
</BasicBoolTerm>
</RootTerm>
</CondStmnt>
<LoopStmnt CovItemId="S116" CovItemPrefix="com.OriginalFiles.Analyze.java" Intrnl_Id="1391" MltplExecId="L5-2" MltplExecPrefix="com.OriginalFiles.Analyze.java" NvrExecId="L5-0" NvrExecPrefix="com.OriginalFiles.Analyze.java" OnceExecutedId="L5-1" OnceExecutedPrefix="com.OriginalFiles.Analyze.java" OptBodyExec="true">
<StmntSeq Intrnl_Id="1392">
<LocList>
<Loc EndOffset="9846" SrcFileId="7" StartOffset="9814"/>
</LocList>
<BasicStmnt CovItemId="S117" CovItemPrefix="com.OriginalFiles.Analyze.java" Intrnl_Id="1393">
<LocList>
<Loc EndOffset="9846" SrcFileId="7" StartOffset="9814"/>
</LocList>
</BasicStmnt>
</StmntSeq>
<Keyword EndOffset="9758" SrcFileId="7" StartOffset="9755"/>
<LocList>
<Loc EndOffset="9857" SrcFileId="7" StartOffset="9755"/>
</LocList>
<RootTerm CovItemId="C39" CovItemPrefix="com.OriginalFiles.Analyze.java" Intrnl_Id="1394">
<BasicBoolTerm Intrnl_Id="1395">
<LocList>
<Loc EndOffset="9792" SrcFileId="7" StartOffset="9771"/>
</LocList>
</BasicBoolTerm>
</RootTerm>
</LoopStmnt>
<BasicStmnt CovItemId="S118" CovItemPrefix="com.OriginalFiles.Analyze.java" Intrnl_Id="1396">
<LocList>
<Loc EndOffset="9885" SrcFileId="7" StartOffset="9867"/>
</LocList>
</BasicStmnt>
</StmntSeq>
</HierarchyLvl>
<HierarchyLvl HierarchyLvlId="10255" HierarchyLvlTypeId="13" Intrnl_Id="1397" Name="findJumpPiece">
<Header>
<Loc EndOffset="10000" SrcFileId="7" StartOffset="9900"/>
</Header>
<LocList>
<Loc EndOffset="11185" SrcFileId="7" StartOffset="9900"/>
</LocList>
<StmntSeq Intrnl_Id="1398">
<LocList>
<Loc EndOffset="10070" SrcFileId="7" StartOffset="10012"/>
<Loc EndOffset="10170" SrcFileId="7" StartOffset="10080"/>
<Loc EndOffset="10209" SrcFileId="7" StartOffset="10180"/>
<Loc EndOffset="11155" SrcFileId="7" StartOffset="10219"/>
<Loc EndOffset="11178" SrcFileId="7" StartOffset="11165"/>
</LocList>
<BasicStmnt CovItemId="S119" CovItemPrefix="com.OriginalFiles.Analyze.java" Intrnl_Id="1399">
<LocList>
<Loc EndOffset="10070" SrcFileId="7" StartOffset="10012"/>
</LocList>
</BasicStmnt>
<BasicStmnt CovItemId="S120" CovItemPrefix="com.OriginalFiles.Analyze.java" Intrnl_Id="1400">
<LocList>
<Loc EndOffset="10170" SrcFileId="7" StartOffset="10080"/>
</LocList>
</BasicStmnt>
<BasicStmnt CovItemId="S121" CovItemPrefix="com.OriginalFiles.Analyze.java" Intrnl_Id="1401">
<LocList>
<Loc EndOffset="10209" SrcFileId="7" StartOffset="10180"/>
</LocList>
</BasicStmnt>
<LoopStmnt CovItemId="S122" CovItemPrefix="com.OriginalFiles.Analyze.java" Intrnl_Id="1402" MltplExecId="L6-2" MltplExecPrefix="com.OriginalFiles.Analyze.java" NvrExecId="L6-0" NvrExecPrefix="com.OriginalFiles.Analyze.java" OnceExecutedId="L6-1" OnceExecutedPrefix="com.OriginalFiles.Analyze.java" OptBodyExec="true">
<StmntSeq Intrnl_Id="1403">
<LocList>
<Loc EndOffset="10315" SrcFileId="7" StartOffset="10276"/>
<Loc EndOffset="10380" SrcFileId="7" StartOffset="10329"/>
<Loc EndOffset="11144" SrcFileId="7" StartOffset="10394"/>
</LocList>
<BasicStmnt CovItemId="S123" CovItemPrefix="com.OriginalFiles.Analyze.java" Intrnl_Id="1404">
<LocList>
<Loc EndOffset="10315" SrcFileId="7" StartOffset="10276"/>
</LocList>
</BasicStmnt>
<BasicStmnt CovItemId="S124" CovItemPrefix="com.OriginalFiles.Analyze.java" Intrnl_Id="1405">
<LocList>
<Loc EndOffset="10380" SrcFileId="7" StartOffset="10329"/>
</LocList>
</BasicStmnt>
<CondStmnt CovItemId="S125" CovItemPrefix="com.OriginalFiles.Analyze.java" Intrnl_Id="1406">
<Branch CovItemId="B75" CovItemPrefix="com.OriginalFiles.Analyze.java" Implct="false" Intrnl_Id="1407">
<Cond/>
<LocList>
<Loc EndOffset="11144" SrcFileId="7" StartOffset="10458"/>
</LocList>
<StmntSeq Intrnl_Id="1408">
<LocList>
<Loc EndOffset="10541" SrcFileId="7" StartOffset="10477"/>
<Loc EndOffset="10591" SrcFileId="7" StartOffset="10559"/>
<Loc EndOffset="11099" SrcFileId="7" StartOffset="10609"/>
<Loc EndOffset="11129" SrcFileId="7" StartOffset="11117"/>
</LocList>
<BasicStmnt CovItemId="S126" CovItemPrefix="com.OriginalFiles.Analyze.java" Intrnl_Id="1409">
<LocList>
<Loc EndOffset="10541" SrcFileId="7" StartOffset="10477"/>
</LocList>
</BasicStmnt>
<BasicStmnt CovItemId="S127" CovItemPrefix="com.OriginalFiles.Analyze.java" Intrnl_Id="1410">
<LocList>
<Loc EndOffset="10591" SrcFileId="7" StartOffset="10559"/>
</LocList>
</BasicStmnt>
<LoopStmnt CovItemId="S128" CovItemPrefix="com.OriginalFiles.Analyze.java" Intrnl_Id="1411" MltplExecId="L7-2" MltplExecPrefix="com.OriginalFiles.Analyze.java" NvrExecId="L7-0" NvrExecPrefix="com.OriginalFiles.Analyze.java" OnceExecutedId="L7-1" OnceExecutedPrefix="com.OriginalFiles.Analyze.java" OptBodyExec="true">
<StmntSeq Intrnl_Id="1412">
<LocList>
<Loc EndOffset="10698" SrcFileId="7" StartOffset="10664"/>
<Loc EndOffset="10759" SrcFileId="7" StartOffset="10720"/>
<Loc EndOffset="10958" SrcFileId="7" StartOffset="10781"/>
<Loc EndOffset="11080" SrcFileId="7" StartOffset="10980"/>
</LocList>
<BasicStmnt CovItemId="S129" CovItemPrefix="com.OriginalFiles.Analyze.java" Intrnl_Id="1413">
<LocList>
<Loc EndOffset="10698" SrcFileId="7" StartOffset="10664"/>
</LocList>
</BasicStmnt>
<BasicStmnt CovItemId="S130" CovItemPrefix="com.OriginalFiles.Analyze.java" Intrnl_Id="1414">
<LocList>
<Loc EndOffset="10759" SrcFileId="7" StartOffset="10720"/>
</LocList>
</BasicStmnt>
<BasicStmnt CovItemId="S131" CovItemPrefix="com.OriginalFiles.Analyze.java" Intrnl_Id="1415">
<LocList>
<Loc EndOffset="10958" SrcFileId="7" StartOffset="10781"/>
</LocList>
</BasicStmnt>
<BasicStmnt CovItemId="S132" CovItemPrefix="com.OriginalFiles.Analyze.java" Intrnl_Id="1416">
<LocList>
<Loc EndOffset="11080" SrcFileId="7" StartOffset="10980"/>
</LocList>
</BasicStmnt>
</StmntSeq>
<Keyword EndOffset="10612" SrcFileId="7" StartOffset="10609"/>
<LocList>
<Loc EndOffset="11099" SrcFileId="7" StartOffset="10609"/>
</LocList>
<RootTerm CovItemId="C42" CovItemPrefix="com.OriginalFiles.Analyze.java" Intrnl_Id="1417">
<BasicBoolTerm Intrnl_Id="1418">
<LocList>
<Loc EndOffset="10634" SrcFileId="7" StartOffset="10625"/>
</LocList>
</BasicBoolTerm>
</RootTerm>
</LoopStmnt>
<BasicStmnt CovItemId="S133" CovItemPrefix="com.OriginalFiles.Analyze.java" Intrnl_Id="1419">
<LocList>
<Loc EndOffset="11129" SrcFileId="7" StartOffset="11117"/>
</LocList>
</BasicStmnt>
</StmntSeq>
</Branch>
<Branch CovItemId="B76" CovItemPrefix="com.OriginalFiles.Analyze.java" Implct="true" Intrnl_Id="1420">
<Cond/>
<LocList/>
<StmntSeq Intrnl_Id="1421">
<LocList/>
</StmntSeq>
</Branch>
<Keyword EndOffset="10396" SrcFileId="7" StartOffset="10394"/>
<LocList>
<Loc EndOffset="11144" SrcFileId="7" StartOffset="10394"/>
</LocList>
<RootTerm CovItemId="C41" CovItemPrefix="com.OriginalFiles.Analyze.java" Intrnl_Id="1422">
<OpTerm BooleanOpId="8" Intrnl_Id="1423">
<BasicBoolTerm Intrnl_Id="1424">
<LocList>
<Loc EndOffset="10456" SrcFileId="7" StartOffset="10399"/>
</LocList>
</BasicBoolTerm>
<LocList>
<Loc EndOffset="10399" SrcFileId="7" StartOffset="10398"/>
</LocList>
</OpTerm>
</RootTerm>
</CondStmnt>
</StmntSeq>
<Keyword EndOffset="10222" SrcFileId="7" StartOffset="10219"/>
<LocList>
<Loc EndOffset="11155" SrcFileId="7" StartOffset="10219"/>
</LocList>
<RootTerm CovItemId="C40" CovItemPrefix="com.OriginalFiles.Analyze.java" Intrnl_Id="1425">
<BasicBoolTerm Intrnl_Id="1426">
<LocList>
<Loc EndOffset="10254" SrcFileId="7" StartOffset="10235"/>
</LocList>
</BasicBoolTerm>
</RootTerm>
</LoopStmnt>
<BasicStmnt CovItemId="S134" CovItemPrefix="com.OriginalFiles.Analyze.java" Intrnl_Id="1427">
<LocList>
<Loc EndOffset="11178" SrcFileId="7" StartOffset="11165"/>
</LocList>
</BasicStmnt>
</StmntSeq>
</HierarchyLvl>
<HierarchyLvl HierarchyLvlId="10256" HierarchyLvlTypeId="13" Intrnl_Id="1428" Name="checkForUpgradeKing">
<Header>
<Loc EndOffset="11308" SrcFileId="7" StartOffset="11193"/>
</Header>
<LocList>
<Loc EndOffset="12752" SrcFileId="7" StartOffset="11193"/>
</LocList>
<StmntSeq Intrnl_Id="1429">
<LocList>
<Loc EndOffset="12745" SrcFileId="7" StartOffset="11320"/>
</LocList>
<CondStmnt CovItemId="S135" CovItemPrefix="com.OriginalFiles.Analyze.java" Intrnl_Id="1430">
<Branch CovItemId="B77" CovItemPrefix="com.OriginalFiles.Analyze.java" Implct="false" Intrnl_Id="1431">
<Cond/>
<LocList>
<Loc EndOffset="12745" SrcFileId="7" StartOffset="11364"/>
</LocList>
<StmntSeq Intrnl_Id="1432">
<LocList>
<Loc EndOffset="12734" SrcFileId="7" StartOffset="11379"/>
</LocList>
<CondStmnt CovItemId="S136" CovItemPrefix="com.OriginalFiles.Analyze.java" Intrnl_Id="1433">
<Branch CovItemId="B79" CovItemPrefix="com.OriginalFiles.Analyze.java" Implct="false" Intrnl_Id="1434">
<Cond/>
<LocList>
<Loc EndOffset="11678" SrcFileId="7" StartOffset="11428"/>
</LocList>
<StmntSeq Intrnl_Id="1435">
<LocList>
<Loc EndOffset="11505" SrcFileId="7" StartOffset="11447"/>
<Loc EndOffset="11564" SrcFileId="7" StartOffset="11523"/>
<Loc EndOffset="11663" SrcFileId="7" StartOffset="11582"/>
</LocList>
<BasicStmnt CovItemId="S137" CovItemPrefix="com.OriginalFiles.Analyze.java" Intrnl_Id="1436">
<LocList>
<Loc EndOffset="11505" SrcFileId="7" StartOffset="11447"/>
</LocList>
</BasicStmnt>
<BasicStmnt CovItemId="S138" CovItemPrefix="com.OriginalFiles.Analyze.java" Intrnl_Id="1437">
<LocList>
<Loc EndOffset="11564" SrcFileId="7" StartOffset="11523"/>
</LocList>
</BasicStmnt>
<CondStmnt CovItemId="S139" CovItemPrefix="com.OriginalFiles.Analyze.java" Intrnl_Id="1438">
<Branch CovItemId="B81" CovItemPrefix="com.OriginalFiles.Analyze.java" Implct="false" Intrnl_Id="1439">
<Cond/>
<LocList>
<Loc EndOffset="11663" SrcFileId="7" StartOffset="11600"/>
</LocList>
<StmntSeq Intrnl_Id="1440">
<LocList>
<Loc EndOffset="11644" SrcFileId="7" StartOffset="11623"/>
</LocList>
<BasicStmnt CovItemId="S140" CovItemPrefix="com.OriginalFiles.Analyze.java" Intrnl_Id="1441">
<LocList>
<Loc EndOffset="11644" SrcFileId="7" StartOffset="11623"/>
</LocList>
</BasicStmnt>
</StmntSeq>
</Branch>
<Branch CovItemId="B82" CovItemPrefix="com.OriginalFiles.Analyze.java" Implct="true" Intrnl_Id="1442">
<Cond/>
<LocList/>
<StmntSeq Intrnl_Id="1443">
<LocList/>
</StmntSeq>
</Branch>
<Keyword EndOffset="11584" SrcFileId="7" StartOffset="11582"/>
<LocList>
<Loc EndOffset="11663" SrcFileId="7" StartOffset="11582"/>
</LocList>
<RootTerm CovItemId="C45" CovItemPrefix="com.OriginalFiles.Analyze.java" Intrnl_Id="1444">
<OpTerm BooleanOpId="8" Intrnl_Id="1445">
<BasicBoolTerm Intrnl_Id="1446">
<LocList>
<Loc EndOffset="11598" SrcFileId="7" StartOffset="11587"/>
</LocList>
</BasicBoolTerm>
<LocList>
<Loc EndOffset="11587" SrcFileId="7" StartOffset="11586"/>
</LocList>
</OpTerm>
</RootTerm>
</CondStmnt>
</StmntSeq>
</Branch>
<Branch CovItemId="B80" CovItemPrefix="com.OriginalFiles.Analyze.java" Implct="false" Intrnl_Id="1447">
<Cond>
<Loc EndOffset="11683" SrcFileId="7" StartOffset="11679"/>
</Cond>
<LocList>
<Loc EndOffset="12734" SrcFileId="7" StartOffset="11684"/>
</LocList>
<StmntSeq Intrnl_Id="1448">
<LocList>
<Loc EndOffset="12719" SrcFileId="7" StartOffset="11703"/>
</LocList>
<CondStmnt CovItemId="S141" CovItemPrefix="com.OriginalFiles.Analyze.java" Intrnl_Id="1449">
<Branch CovItemId="B83" CovItemPrefix="com.OriginalFiles.Analyze.java" Implct="false" Intrnl_Id="1450">
<Cond/>
<LocList>
<Loc EndOffset="11918" SrcFileId="7" StartOffset="11720"/>
</LocList>
<StmntSeq Intrnl_Id="1451">
<LocList>
<Loc EndOffset="11836" SrcFileId="7" StartOffset="11743"/>
<Loc EndOffset="11899" SrcFileId="7" StartOffset="11858"/>
</LocList>
<BasicStmnt CovItemId="S142" CovItemPrefix="com.OriginalFiles.Analyze.java" Intrnl_Id="1452">
<LocList>
<Loc EndOffset="11836" SrcFileId="7" StartOffset="11743"/>
</LocList>
</BasicStmnt>
<BasicStmnt CovItemId="S143" CovItemPrefix="com.OriginalFiles.Analyze.java" Intrnl_Id="1453">
<LocList>
<Loc EndOffset="11899" SrcFileId="7" StartOffset="11858"/>
</LocList>
</BasicStmnt>
</StmntSeq>
</Branch>
<Branch CovItemId="B84" CovItemPrefix="com.OriginalFiles.Analyze.java" Implct="false" Intrnl_Id="1454">
<Cond>
<Loc EndOffset="11923" SrcFileId="7" StartOffset="11919"/>
</Cond>
<LocList>
<Loc EndOffset="12719" SrcFileId="7" StartOffset="11924"/>
</LocList>
<StmntSeq Intrnl_Id="1455">
<LocList>
<Loc EndOffset="11972" SrcFileId="7" StartOffset="11947"/>
<Loc EndOffset="12004" SrcFileId="7" StartOffset="11994"/>
<Loc EndOffset="12700" SrcFileId="7" StartOffset="12026"/>
</LocList>
<BasicStmnt CovItemId="S144" CovItemPrefix="com.OriginalFiles.Analyze.java" Intrnl_Id="1456">
<LocList>
<Loc EndOffset="11972" SrcFileId="7" StartOffset="11947"/>
</LocList>
</BasicStmnt>
<BasicStmnt CovItemId="S145" CovItemPrefix="com.OriginalFiles.Analyze.java" Intrnl_Id="1457">
<LocList>
<Loc EndOffset="12004" SrcFileId="7" StartOffset="11994"/>
</LocList>
</BasicStmnt>
<LoopStmnt CovItemId="S146" CovItemPrefix="com.OriginalFiles.Analyze.java" Intrnl_Id="1458" MltplExecId="L8-2" MltplExecPrefix="com.OriginalFiles.Analyze.java" NvrExecId="L8-0" NvrExecPrefix="com.OriginalFiles.Analyze.java" OnceExecutedId="L8-1" OnceExecutedPrefix="com.OriginalFiles.Analyze.java" OptBodyExec="true">
<StmntSeq Intrnl_Id="1459">
<LocList>
<Loc EndOffset="12181" SrcFileId="7" StartOffset="12071"/>
<Loc EndOffset="12647" SrcFileId="7" StartOffset="12207"/>
<Loc EndOffset="12677" SrcFileId="7" StartOffset="12673"/>
</LocList>
<CondStmnt CovItemId="S147" CovItemPrefix="com.OriginalFiles.Analyze.java" Intrnl_Id="1460">
<Branch CovItemId="B85" CovItemPrefix="com.OriginalFiles.Analyze.java" Implct="false" Intrnl_Id="1461">
<Cond/>
<LocList>
<Loc EndOffset="12181" SrcFileId="7" StartOffset="12082"/>
</LocList>
<StmntSeq Intrnl_Id="1462">
<LocList>
<Loc EndOffset="12154" SrcFileId="7" StartOffset="12113"/>
</LocList>
<BasicStmnt CovItemId="S148" CovItemPrefix="com.OriginalFiles.Analyze.java" Intrnl_Id="1463">
<LocList>
<Loc EndOffset="12154" SrcFileId="7" StartOffset="12113"/>
</LocList>
</BasicStmnt>
</StmntSeq>
</Branch>
<Branch CovItemId="B86" CovItemPrefix="com.OriginalFiles.Analyze.java" Implct="true" Intrnl_Id="1464">
<Cond/>
<LocList/>
<StmntSeq Intrnl_Id="1465">
<LocList/>
</StmntSeq>
</Branch>
<Keyword EndOffset="12073" SrcFileId="7" StartOffset="12071"/>
<LocList>
<Loc EndOffset="12181" SrcFileId="7" StartOffset="12071"/>
</LocList>
<RootTerm CovItemId="C48" CovItemPrefix="com.OriginalFiles.Analyze.java" Intrnl_Id="1466">
<BasicBoolTerm Intrnl_Id="1467">
<LocList>
<Loc EndOffset="12080" SrcFileId="7" StartOffset="12075"/>
</LocList>
</BasicBoolTerm>
</RootTerm>
</CondStmnt>
<CondStmnt CovItemId="S149" CovItemPrefix="com.OriginalFiles.Analyze.java" Intrnl_Id="1468">
<Branch CovItemId="B87" CovItemPrefix="com.OriginalFiles.Analyze.java" Implct="false" Intrnl_Id="1469">
<Cond/>
<LocList>
<Loc EndOffset="12647" SrcFileId="7" StartOffset="12250"/>
</LocList>
<StmntSeq Intrnl_Id="1470">
<LocList>
<Loc EndOffset="12377" SrcFileId="7" StartOffset="12336"/>
<Loc EndOffset="12574" SrcFileId="7" StartOffset="12462"/>
<Loc EndOffset="12620" SrcFileId="7" StartOffset="12604"/>
</LocList>
<BasicStmnt CovItemId="S150" CovItemPrefix="com.OriginalFiles.Analyze.java" Intrnl_Id="1471">
<LocList>
<Loc EndOffset="12377" SrcFileId="7" StartOffset="12336"/>
</LocList>
</BasicStmnt>
<BasicStmnt CovItemId="S151" CovItemPrefix="com.OriginalFiles.Analyze.java" Intrnl_Id="1472">
<LocList>
<Loc EndOffset="12574" SrcFileId="7" StartOffset="12462"/>
</LocList>
</BasicStmnt>
<BasicStmnt CovItemId="S152" CovItemPrefix="com.OriginalFiles.Analyze.java" Intrnl_Id="1473">
<LocList>
<Loc EndOffset="12620" SrcFileId="7" StartOffset="12604"/>
</LocList>
</BasicStmnt>
</StmntSeq>
</Branch>
<Branch CovItemId="B88" CovItemPrefix="com.OriginalFiles.Analyze.java" Implct="true" Intrnl_Id="1474">
<Cond/>
<LocList/>
<StmntSeq Intrnl_Id="1475">
<LocList/>
</StmntSeq>
</Branch>
<Keyword EndOffset="12209" SrcFileId="7" StartOffset="12207"/>
<LocList>
<Loc EndOffset="12647" SrcFileId="7" StartOffset="12207"/>
</LocList>
<RootTerm CovItemId="C49" CovItemPrefix="com.OriginalFiles.Analyze.java" Intrnl_Id="1476">
<OpTerm BooleanOpId="8" Intrnl_Id="1477">
<BasicBoolTerm Intrnl_Id="1478">
<LocList>
<Loc EndOffset="12248" SrcFileId="7" StartOffset="12212"/>
</LocList>
</BasicBoolTerm>
<LocList>
<Loc EndOffset="12212" SrcFileId="7" StartOffset="12211"/>
</LocList>
</OpTerm>
</RootTerm>
</CondStmnt>
<BasicStmnt CovItemId="S153" CovItemPrefix="com.OriginalFiles.Analyze.java" Intrnl_Id="1479">
<LocList>
<Loc EndOffset="12677" SrcFileId="7" StartOffset="12673"/>
</LocList>
</BasicStmnt>
</StmntSeq>
<Keyword EndOffset="12031" SrcFileId="7" StartOffset="12026"/>
<LocList>
<Loc EndOffset="12700" SrcFileId="7" StartOffset="12026"/>
</LocList>
<RootTerm CovItemId="C47" CovItemPrefix="com.OriginalFiles.Analyze.java" Intrnl_Id="1480">
<OpTerm BooleanOpId="8" Intrnl_Id="1481">
<BasicBoolTerm Intrnl_Id="1482">
<LocList>
<Loc EndOffset="12042" SrcFileId="7" StartOffset="12034"/>
</LocList>
</BasicBoolTerm>
<LocList>
<Loc EndOffset="12034" SrcFileId="7" StartOffset="12033"/>
</LocList>
</OpTerm>
</RootTerm>
</LoopStmnt>
</StmntSeq>
</Branch>
<Keyword EndOffset="11705" SrcFileId="7" StartOffset="11703"/>
<LocList>
<Loc EndOffset="12719" SrcFileId="7" StartOffset="11703"/>
</LocList>
<RootTerm CovItemId="C46" CovItemPrefix="com.OriginalFiles.Analyze.java" Intrnl_Id="1483">
<BasicBoolTerm Intrnl_Id="1484">
<LocList>
<Loc EndOffset="11718" SrcFileId="7" StartOffset="11707"/>
</LocList>
</BasicBoolTerm>
</RootTerm>
</CondStmnt>
</StmntSeq>
</Branch>
<Keyword EndOffset="11381" SrcFileId="7" StartOffset="11379"/>
<LocList>
<Loc EndOffset="12734" SrcFileId="7" StartOffset="11379"/>
</LocList>
<RootTerm CovItemId="C44" CovItemPrefix="com.OriginalFiles.Analyze.java" Intrnl_Id="1485">
<BasicBoolTerm Intrnl_Id="1486">
<LocList>
<Loc EndOffset="11426" SrcFileId="7" StartOffset="11383"/>
</LocList>
</BasicBoolTerm>
</RootTerm>
</CondStmnt>
</StmntSeq>
</Branch>
<Branch CovItemId="B78" CovItemPrefix="com.OriginalFiles.Analyze.java" Implct="true" Intrnl_Id="1487">
<Cond/>
<LocList/>
<StmntSeq Intrnl_Id="1488">
<LocList/>
</StmntSeq>
</Branch>
<Keyword EndOffset="11322" SrcFileId="7" StartOffset="11320"/>
<LocList>
<Loc EndOffset="12745" SrcFileId="7" StartOffset="11320"/>
</LocList>
<RootTerm CovItemId="C43" CovItemPrefix="com.OriginalFiles.Analyze.java" Intrnl_Id="1489">
<BasicBoolTerm Intrnl_Id="1490">
<LocList>
<Loc EndOffset="11362" SrcFileId="7" StartOffset="11324"/>
</LocList>
</BasicBoolTerm>
</RootTerm>
</CondStmnt>
</StmntSeq>
</HierarchyLvl>
<HierarchyLvl HierarchyLvlId="10257" HierarchyLvlTypeId="13" Intrnl_Id="1491" Name="checkRobotPieceReplaced">
<Header>
<Loc EndOffset="12919" SrcFileId="7" StartOffset="12857"/>
</Header>
<LocList>
<Loc EndOffset="13444" SrcFileId="7" StartOffset="12857"/>
</LocList>
<StmntSeq Intrnl_Id="1492">
<LocList>
<Loc EndOffset="13437" SrcFileId="7" StartOffset="12931"/>
</LocList>
<CondStmnt CovItemId="S154" CovItemPrefix="com.OriginalFiles.Analyze.java" Intrnl_Id="1493">
<Branch CovItemId="B89" CovItemPrefix="com.OriginalFiles.Analyze.java" Implct="false" Intrnl_Id="1494">
<Cond/>
<LocList>
<Loc EndOffset="13437" SrcFileId="7" StartOffset="12957"/>
</LocList>
<StmntSeq Intrnl_Id="1495">
<LocList>
<Loc EndOffset="13002" SrcFileId="7" StartOffset="12972"/>
<Loc EndOffset="13426" SrcFileId="7" StartOffset="13016"/>
</LocList>
<BasicStmnt CovItemId="S155" CovItemPrefix="com.OriginalFiles.Analyze.java" Intrnl_Id="1496">
<LocList>
<Loc EndOffset="13002" SrcFileId="7" StartOffset="12972"/>
</LocList>
</BasicStmnt>
<LoopStmnt CovItemId="S156" CovItemPrefix="com.OriginalFiles.Analyze.java" Intrnl_Id="1497" MltplExecId="L9-2" MltplExecPrefix="com.OriginalFiles.Analyze.java" NvrExecId="L9-0" NvrExecPrefix="com.OriginalFiles.Analyze.java" OnceExecutedId="L9-1" OnceExecutedPrefix="com.OriginalFiles.Analyze.java" OptBodyExec="true">
<StmntSeq Intrnl_Id="1498">
<LocList>
<Loc EndOffset="13411" SrcFileId="7" StartOffset="13058"/>
</LocList>
<CondStmnt CovItemId="S157" CovItemPrefix="com.OriginalFiles.Analyze.java" Intrnl_Id="1499">
<Branch CovItemId="B91" CovItemPrefix="com.OriginalFiles.Analyze.java" Implct="false" Intrnl_Id="1500">
<Cond/>
<LocList>
<Loc EndOffset="13265" SrcFileId="7" StartOffset="13158"/>
</LocList>
<StmntSeq Intrnl_Id="1501">
<LocList>
<Loc EndOffset="13204" SrcFileId="7" StartOffset="13181"/>
<Loc EndOffset="13246" SrcFileId="7" StartOffset="13226"/>
</LocList>
<BasicStmnt CovItemId="S158" CovItemPrefix="com.OriginalFiles.Analyze.java" Intrnl_Id="1502">
<LocList>
<Loc EndOffset="13204" SrcFileId="7" StartOffset="13181"/>
</LocList>
</BasicStmnt>
<BasicStmnt CovItemId="S159" CovItemPrefix="com.OriginalFiles.Analyze.java" Intrnl_Id="1503">
<LocList>
<Loc EndOffset="13246" SrcFileId="7" StartOffset="13226"/>
</LocList>
</BasicStmnt>
</StmntSeq>
</Branch>
<Branch CovItemId="B92" CovItemPrefix="com.OriginalFiles.Analyze.java" Implct="false" Intrnl_Id="1504">
<Cond>
<Loc EndOffset="13270" SrcFileId="7" StartOffset="13266"/>
</Cond>
<LocList>
<Loc EndOffset="13411" SrcFileId="7" StartOffset="13271"/>
</LocList>
<StmntSeq Intrnl_Id="1505">
<LocList>
<Loc EndOffset="13335" SrcFileId="7" StartOffset="13294"/>
<Loc EndOffset="13392" SrcFileId="7" StartOffset="13357"/>
</LocList>
<BasicStmnt CovItemId="S160" CovItemPrefix="com.OriginalFiles.Analyze.java" Intrnl_Id="1506">
<LocList>
<Loc EndOffset="13335" SrcFileId="7" StartOffset="13294"/>
</LocList>
</BasicStmnt>
<BasicStmnt CovItemId="S161" CovItemPrefix="com.OriginalFiles.Analyze.java" Intrnl_Id="1507">
<LocList>
<Loc EndOffset="13392" SrcFileId="7" StartOffset="13357"/>
</LocList>
</BasicStmnt>
</StmntSeq>
</Branch>
<Keyword EndOffset="13060" SrcFileId="7" StartOffset="13058"/>
<LocList>
<Loc EndOffset="13411" SrcFileId="7" StartOffset="13058"/>
</LocList>
<RootTerm CovItemId="C52" CovItemPrefix="com.OriginalFiles.Analyze.java" Intrnl_Id="1508">
<BasicBoolTerm Intrnl_Id="1509">
<LocList>
<Loc EndOffset="13156" SrcFileId="7" StartOffset="13062"/>
</LocList>
</BasicBoolTerm>
</RootTerm>
</CondStmnt>
</StmntSeq>
<Keyword EndOffset="13021" SrcFileId="7" StartOffset="13016"/>
<LocList>
<Loc EndOffset="13426" SrcFileId="7" StartOffset="13016"/>
</LocList>
<RootTerm CovItemId="C51" CovItemPrefix="com.OriginalFiles.Analyze.java" Intrnl_Id="1510">
<BasicBoolTerm Intrnl_Id="1511">
<LocList>
<Loc EndOffset="13037" SrcFileId="7" StartOffset="13023"/>
</LocList>
</BasicBoolTerm>
</RootTerm>
</LoopStmnt>
</StmntSeq>
</Branch>
<Branch CovItemId="B90" CovItemPrefix="com.OriginalFiles.Analyze.java" Implct="true" Intrnl_Id="1512">
<Cond/>
<LocList/>
<StmntSeq Intrnl_Id="1513">
<LocList/>
</StmntSeq>
</Branch>
<Keyword EndOffset="12933" SrcFileId="7" StartOffset="12931"/>
<LocList>
<Loc EndOffset="13437" SrcFileId="7" StartOffset="12931"/>
</LocList>
<RootTerm CovItemId="C50" CovItemPrefix="com.OriginalFiles.Analyze.java" Intrnl_Id="1514">
<BasicBoolTerm Intrnl_Id="1515">
<LocList>
<Loc EndOffset="12955" SrcFileId="7" StartOffset="12935"/>
</LocList>
</BasicBoolTerm>
</RootTerm>
</CondStmnt>
</StmntSeq>
</HierarchyLvl>
<HierarchyLvl HierarchyLvlId="10258" HierarchyLvlTypeId="13" Intrnl_Id="1516" Name="findMyColors">
<Header>
<Loc EndOffset="13575" SrcFileId="7" StartOffset="13502"/>
</Header>
<LocList>
<Loc EndOffset="14030" SrcFileId="7" StartOffset="13502"/>
</LocList>
<StmntSeq Intrnl_Id="1517">
<LocList>
<Loc EndOffset="13614" SrcFileId="7" StartOffset="13587"/>
<Loc EndOffset="13670" SrcFileId="7" StartOffset="13624"/>
<Loc EndOffset="14023" SrcFileId="7" StartOffset="13680"/>
</LocList>
<BasicStmnt CovItemId="S162" CovItemPrefix="com.OriginalFiles.Analyze.java" Intrnl_Id="1518">
<LocList>
<Loc EndOffset="13614" SrcFileId="7" StartOffset="13587"/>
</LocList>
</BasicStmnt>
<BasicStmnt CovItemId="S163" CovItemPrefix="com.OriginalFiles.Analyze.java" Intrnl_Id="1519">
<LocList>
<Loc EndOffset="13670" SrcFileId="7" StartOffset="13624"/>
</LocList>
</BasicStmnt>
<CondStmnt CovItemId="S164" CovItemPrefix="com.OriginalFiles.Analyze.java" Intrnl_Id="1520">
<Branch CovItemId="B93" CovItemPrefix="com.OriginalFiles.Analyze.java" Implct="false" Intrnl_Id="1521">
<Cond/>
<LocList>
<Loc EndOffset="13779" SrcFileId="7" StartOffset="13721"/>
</LocList>
<StmntSeq Intrnl_Id="1522">
<LocList>
<Loc EndOffset="13768" SrcFileId="7" StartOffset="13736"/>
</LocList>
<BasicStmnt CovItemId="S165" CovItemPrefix="com.OriginalFiles.Analyze.java" Intrnl_Id="1523">
<LocList>
<Loc EndOffset="13768" SrcFileId="7" StartOffset="13736"/>
</LocList>
</BasicStmnt>
</StmntSeq>
</Branch>
<Branch CovItemId="B94" CovItemPrefix="com.OriginalFiles.Analyze.java" Implct="false" Intrnl_Id="1524">
<Cond>
<Loc EndOffset="13784" SrcFileId="7" StartOffset="13780"/>
</Cond>
<LocList>
<Loc EndOffset="14023" SrcFileId="7" StartOffset="13785"/>
</LocList>
<StmntSeq Intrnl_Id="1525">
<LocList>
<Loc EndOffset="14023" SrcFileId="7" StartOffset="13785"/>
</LocList>
<CondStmnt CovItemId="S166" CovItemPrefix="com.OriginalFiles.Analyze.java" Intrnl_Id="1526">
<Branch CovItemId="B95" CovItemPrefix="com.OriginalFiles.Analyze.java" Implct="false" Intrnl_Id="1527">
<Cond/>
<LocList>
<Loc EndOffset="13884" SrcFileId="7" StartOffset="13826"/>
</LocList>
<StmntSeq Intrnl_Id="1528">
<LocList>
<Loc EndOffset="13873" SrcFileId="7" StartOffset="13841"/>
</LocList>
<BasicStmnt CovItemId="S167" CovItemPrefix="com.OriginalFiles.Analyze.java" Intrnl_Id="1529">
<LocList>
<Loc EndOffset="13873" SrcFileId="7" StartOffset="13841"/>
</LocList>
</BasicStmnt>
</StmntSeq>
</Branch>
<Branch CovItemId="B96" CovItemPrefix="com.OriginalFiles.Analyze.java" Implct="false" Intrnl_Id="1530">
<Cond>
<Loc EndOffset="13889" SrcFileId="7" StartOffset="13885"/>
</Cond>
<LocList>
<Loc EndOffset="14023" SrcFileId="7" StartOffset="13890"/>
</LocList>
<StmntSeq Intrnl_Id="1531">
<LocList>
<Loc EndOffset="13935" SrcFileId="7" StartOffset="13905"/>
<Loc EndOffset="13983" SrcFileId="7" StartOffset="13949"/>
<Loc EndOffset="14012" SrcFileId="7" StartOffset="13997"/>
</LocList>
<BasicStmnt CovItemId="S168" CovItemPrefix="com.OriginalFiles.Analyze.java" Intrnl_Id="1532">
<LocList>
<Loc EndOffset="13935" SrcFileId="7" StartOffset="13905"/>
</LocList>
</BasicStmnt>
<BasicStmnt CovItemId="S169" CovItemPrefix="com.OriginalFiles.Analyze.java" Intrnl_Id="1533">
<LocList>
<Loc EndOffset="13983" SrcFileId="7" StartOffset="13949"/>
</LocList>
</BasicStmnt>
<BasicStmnt CovItemId="S170" CovItemPrefix="com.OriginalFiles.Analyze.java" Intrnl_Id="1534">
<LocList>
<Loc EndOffset="14012" SrcFileId="7" StartOffset="13997"/>
</LocList>
</BasicStmnt>
</StmntSeq>
</Branch>
<Keyword EndOffset="13787" SrcFileId="7" StartOffset="13785"/>
<LocList>
<Loc EndOffset="14023" SrcFileId="7" StartOffset="13785"/>
</LocList>
<RootTerm CovItemId="C54" CovItemPrefix="com.OriginalFiles.Analyze.java" Intrnl_Id="1535">
<BasicBoolTerm Intrnl_Id="1536">
<LocList>
<Loc EndOffset="13824" SrcFileId="7" StartOffset="13789"/>
</LocList>
</BasicBoolTerm>
</RootTerm>
</CondStmnt>
</StmntSeq>
</Branch>
<Keyword EndOffset="13682" SrcFileId="7" StartOffset="13680"/>
<LocList>
<Loc EndOffset="14023" SrcFileId="7" StartOffset="13680"/>
</LocList>
<RootTerm CovItemId="C53" CovItemPrefix="com.OriginalFiles.Analyze.java" Intrnl_Id="1537">
<BasicBoolTerm Intrnl_Id="1538">
<LocList>
<Loc EndOffset="13719" SrcFileId="7" StartOffset="13684"/>
</LocList>
</BasicBoolTerm>
</RootTerm>
</CondStmnt>
</StmntSeq>
</HierarchyLvl>
<HierarchyLvl HierarchyLvlId="10259" HierarchyLvlTypeId="13" Intrnl_Id="1539" Name="getColor">
<Header>
<Loc EndOffset="14144" SrcFileId="7" StartOffset="14085"/>
</Header>
<LocList>
<Loc EndOffset="15000" SrcFileId="7" StartOffset="14085"/>
</LocList>
<StmntSeq Intrnl_Id="1540">
<LocList>
<Loc EndOffset="14232" SrcFileId="7" StartOffset="14156"/>
<Loc EndOffset="14275" SrcFileId="7" StartOffset="14244"/>
<Loc EndOffset="14320" SrcFileId="7" StartOffset="14285"/>
<Loc EndOffset="14363" SrcFileId="7" StartOffset="14330"/>
<Loc EndOffset="14993" SrcFileId="7" StartOffset="14373"/>
</LocList>
<BasicStmnt CovItemId="S171" CovItemPrefix="com.OriginalFiles.Analyze.java" Intrnl_Id="1541">
<LocList>
<Loc EndOffset="14232" SrcFileId="7" StartOffset="14156"/>
</LocList>
</BasicStmnt>
<BasicStmnt CovItemId="S172" CovItemPrefix="com.OriginalFiles.Analyze.java" Intrnl_Id="1542">
<LocList>
<Loc EndOffset="14275" SrcFileId="7" StartOffset="14244"/>
</LocList>
</BasicStmnt>
<BasicStmnt CovItemId="S173" CovItemPrefix="com.OriginalFiles.Analyze.java" Intrnl_Id="1543">
<LocList>
<Loc EndOffset="14320" SrcFileId="7" StartOffset="14285"/>
</LocList>
</BasicStmnt>
<BasicStmnt CovItemId="S174" CovItemPrefix="com.OriginalFiles.Analyze.java" Intrnl_Id="1544">
<LocList>
<Loc EndOffset="14363" SrcFileId="7" StartOffset="14330"/>
</LocList>
</BasicStmnt>
<CondStmnt CovItemId="S175" CovItemPrefix="com.OriginalFiles.Analyze.java" Intrnl_Id="1545">
<Branch CovItemId="B97" CovItemPrefix="com.OriginalFiles.Analyze.java" Implct="false" Intrnl_Id="1546">
<Cond/>
<LocList>
<Loc EndOffset="14512" SrcFileId="7" StartOffset="14474"/>
</LocList>
<StmntSeq Intrnl_Id="1547">
<LocList>
<Loc EndOffset="14500" SrcFileId="7" StartOffset="14489"/>
</LocList>
<BasicStmnt CovItemId="S176" CovItemPrefix="com.OriginalFiles.Analyze.java" Intrnl_Id="1548">
<LocList>
<Loc EndOffset="14500" SrcFileId="7" StartOffset="14489"/>
</LocList>
</BasicStmnt>
</StmntSeq>
</Branch>
<Branch CovItemId="B98" CovItemPrefix="com.OriginalFiles.Analyze.java" Implct="false" Intrnl_Id="1549">
<Cond>
<Loc EndOffset="14517" SrcFileId="7" StartOffset="14513"/>
</Cond>
<LocList>
<Loc EndOffset="14993" SrcFileId="7" StartOffset="14518"/>
</LocList>
<StmntSeq Intrnl_Id="1550">
<LocList>
<Loc EndOffset="14993" SrcFileId="7" StartOffset="14518"/>
</LocList>
<CondStmnt CovItemId="S177" CovItemPrefix="com.OriginalFiles.Analyze.java" Intrnl_Id="1551">
<Branch CovItemId="B99" CovItemPrefix="com.OriginalFiles.Analyze.java" Implct="false" Intrnl_Id="1552">
<Cond/>
<LocList>
<Loc EndOffset="14658" SrcFileId="7" StartOffset="14621"/>
</LocList>
<StmntSeq Intrnl_Id="1553">
<LocList>
<Loc EndOffset="14647" SrcFileId="7" StartOffset="14636"/>
</LocList>
<BasicStmnt CovItemId="S178" CovItemPrefix="com.OriginalFiles.Analyze.java" Intrnl_Id="1554">
<LocList>
<Loc EndOffset="14647" SrcFileId="7" StartOffset="14636"/>
</LocList>
</BasicStmnt>
</StmntSeq>
</Branch>
<Branch CovItemId="B100" CovItemPrefix="com.OriginalFiles.Analyze.java" Implct="false" Intrnl_Id="1555">
<Cond>
<Loc EndOffset="14663" SrcFileId="7" StartOffset="14659"/>
</Cond>
<LocList>
<Loc EndOffset="14993" SrcFileId="7" StartOffset="14664"/>
</LocList>
<StmntSeq Intrnl_Id="1556">
<LocList>
<Loc EndOffset="14993" SrcFileId="7" StartOffset="14664"/>
</LocList>
<CondStmnt CovItemId="S179" CovItemPrefix="com.OriginalFiles.Analyze.java" Intrnl_Id="1557">
<Branch CovItemId="B101" CovItemPrefix="com.OriginalFiles.Analyze.java" Implct="false" Intrnl_Id="1558">
<Cond/>
<LocList>
<Loc EndOffset="14804" SrcFileId="7" StartOffset="14767"/>
</LocList>
<StmntSeq Intrnl_Id="1559">
<LocList>
<Loc EndOffset="14793" SrcFileId="7" StartOffset="14782"/>
</LocList>
<BasicStmnt CovItemId="S180" CovItemPrefix="com.OriginalFiles.Analyze.java" Intrnl_Id="1560">
<LocList>
<Loc EndOffset="14793" SrcFileId="7" StartOffset="14782"/>
</LocList>
</BasicStmnt>
</StmntSeq>
</Branch>
<Branch CovItemId="B102" CovItemPrefix="com.OriginalFiles.Analyze.java" Implct="false" Intrnl_Id="1561">
<Cond>
<Loc EndOffset="14809" SrcFileId="7" StartOffset="14805"/>
</Cond>
<LocList>
<Loc EndOffset="14993" SrcFileId="7" StartOffset="14810"/>
</LocList>
<StmntSeq Intrnl_Id="1562">
<LocList>
<Loc EndOffset="14993" SrcFileId="7" StartOffset="14810"/>
</LocList>
<CondStmnt CovItemId="S181" CovItemPrefix="com.OriginalFiles.Analyze.java" Intrnl_Id="1563">
<Branch CovItemId="B103" CovItemPrefix="com.OriginalFiles.Analyze.java" Implct="false" Intrnl_Id="1564">
<Cond/>
<LocList>
<Loc EndOffset="14950" SrcFileId="7" StartOffset="14913"/>
</LocList>
<StmntSeq Intrnl_Id="1565">
<LocList>
<Loc EndOffset="14939" SrcFileId="7" StartOffset="14928"/>
</LocList>
<BasicStmnt CovItemId="S182" CovItemPrefix="com.OriginalFiles.Analyze.java" Intrnl_Id="1566">
<LocList>
<Loc EndOffset="14939" SrcFileId="7" StartOffset="14928"/>
</LocList>
</BasicStmnt>
</StmntSeq>
</Branch>
<Branch CovItemId="B104" CovItemPrefix="com.OriginalFiles.Analyze.java" Implct="false" Intrnl_Id="1567">
<Cond>
<Loc EndOffset="14955" SrcFileId="7" StartOffset="14951"/>
</Cond>
<LocList>
<Loc EndOffset="14993" SrcFileId="7" StartOffset="14956"/>
</LocList>
<StmntSeq Intrnl_Id="1568">
<LocList>
<Loc EndOffset="14982" SrcFileId="7" StartOffset="14971"/>
</LocList>
<BasicStmnt CovItemId="S183" CovItemPrefix="com.OriginalFiles.Analyze.java" Intrnl_Id="1569">
<LocList>
<Loc EndOffset="14982" SrcFileId="7" StartOffset="14971"/>
</LocList>
</BasicStmnt>
</StmntSeq>
</Branch>
<Keyword EndOffset="14812" SrcFileId="7" StartOffset="14810"/>
<LocList>
<Loc EndOffset="14993" SrcFileId="7" StartOffset="14810"/>
</LocList>
<RootTerm CovItemId="C58" CovItemPrefix="com.OriginalFiles.Analyze.java" Intrnl_Id="1570">
<OpTerm BooleanOpId="9" Intrnl_Id="1571">
<OpTerm BooleanOpId="9" Intrnl_Id="1572">
<OpTerm BooleanOpId="9" Intrnl_Id="1573">
<OpTerm BooleanOpId="9" Intrnl_Id="1574">
<OpTerm BooleanOpId="9" Intrnl_Id="1575">
<BasicBoolTerm Intrnl_Id="1576">
<LocList>
<Loc EndOffset="14823" SrcFileId="7" StartOffset="14814"/>
</LocList>
</BasicBoolTerm>
<BasicBoolTerm Intrnl_Id="1577">
<LocList>
<Loc EndOffset="14836" SrcFileId="7" StartOffset="14827"/>
</LocList>
</BasicBoolTerm>
<LocList>
<Loc EndOffset="14826" SrcFileId="7" StartOffset="14824"/>
</LocList>
</OpTerm>
<BasicBoolTerm Intrnl_Id="1578">
<LocList>
<Loc EndOffset="14851" SrcFileId="7" StartOffset="14840"/>
</LocList>
</BasicBoolTerm>
<LocList>
<Loc EndOffset="14839" SrcFileId="7" StartOffset="14837"/>
</LocList>
</OpTerm>
<BasicBoolTerm Intrnl_Id="1579">
<LocList>
<Loc EndOffset="14866" SrcFileId="7" StartOffset="14855"/>
</LocList>
</BasicBoolTerm>
<LocList>
<Loc EndOffset="14854" SrcFileId="7" StartOffset="14852"/>
</LocList>
</OpTerm>
<BasicBoolTerm Intrnl_Id="1580">
<LocList>
<Loc EndOffset="14897" SrcFileId="7" StartOffset="14887"/>
</LocList>
</BasicBoolTerm>
<LocList>
<Loc EndOffset="14886" SrcFileId="7" StartOffset="14884"/>
</LocList>
</OpTerm>
<BasicBoolTerm Intrnl_Id="1581">
<LocList>
<Loc EndOffset="14911" SrcFileId="7" StartOffset="14901"/>
</LocList>
</BasicBoolTerm>
<LocList>
<Loc EndOffset="14900" SrcFileId="7" StartOffset="14898"/>
</LocList>
</OpTerm>
</RootTerm>
</CondStmnt>
</StmntSeq>
</Branch>
<Keyword EndOffset="14666" SrcFileId="7" StartOffset="14664"/>
<LocList>
<Loc EndOffset="14993" SrcFileId="7" StartOffset="14664"/>
</LocList>
<RootTerm CovItemId="C57" CovItemPrefix="com.OriginalFiles.Analyze.java" Intrnl_Id="1582">
<OpTerm BooleanOpId="9" Intrnl_Id="1583">
<OpTerm BooleanOpId="9" Intrnl_Id="1584">
<OpTerm BooleanOpId="9" Intrnl_Id="1585">
<OpTerm BooleanOpId="9" Intrnl_Id="1586">
<OpTerm BooleanOpId="9" Intrnl_Id="1587">
<BasicBoolTerm Intrnl_Id="1588">
<LocList>
<Loc EndOffset="14677" SrcFileId="7" StartOffset="14668"/>
</LocList>
</BasicBoolTerm>
<BasicBoolTerm Intrnl_Id="1589">
<LocList>
<Loc EndOffset="14690" SrcFileId="7" StartOffset="14681"/>
</LocList>
</BasicBoolTerm>
<LocList>
<Loc EndOffset="14680" SrcFileId="7" StartOffset="14678"/>
</LocList>
</OpTerm>
<BasicBoolTerm Intrnl_Id="1590">
<LocList>
<Loc EndOffset="14705" SrcFileId="7" StartOffset="14694"/>
</LocList>
</BasicBoolTerm>
<LocList>
<Loc EndOffset="14693" SrcFileId="7" StartOffset="14691"/>
</LocList>
</OpTerm>
<BasicBoolTerm Intrnl_Id="1591">
<LocList>
<Loc EndOffset="14720" SrcFileId="7" StartOffset="14709"/>
</LocList>
</BasicBoolTerm>
<LocList>
<Loc EndOffset="14708" SrcFileId="7" StartOffset="14706"/>
</LocList>
</OpTerm>
<BasicBoolTerm Intrnl_Id="1592">
<LocList>
<Loc EndOffset="14751" SrcFileId="7" StartOffset="14741"/>
</LocList>
</BasicBoolTerm>
<LocList>
<Loc EndOffset="14740" SrcFileId="7" StartOffset="14738"/>
</LocList>
</OpTerm>
<BasicBoolTerm Intrnl_Id="1593">
<LocList>
<Loc EndOffset="14765" SrcFileId="7" StartOffset="14755"/>
</LocList>
</BasicBoolTerm>
<LocList>
<Loc EndOffset="14754" SrcFileId="7" StartOffset="14752"/>
</LocList>
</OpTerm>
</RootTerm>
</CondStmnt>
</StmntSeq>
</Branch>
<Keyword EndOffset="14520" SrcFileId="7" StartOffset="14518"/>
<LocList>
<Loc EndOffset="14993" SrcFileId="7" StartOffset="14518"/>
</LocList>
<RootTerm CovItemId="C56" CovItemPrefix="com.OriginalFiles.Analyze.java" Intrnl_Id="1594">
<OpTerm BooleanOpId="9" Intrnl_Id="1595">
<OpTerm BooleanOpId="9" Intrnl_Id="1596">
<OpTerm BooleanOpId="9" Intrnl_Id="1597">
<OpTerm BooleanOpId="9" Intrnl_Id="1598">
<OpTerm BooleanOpId="9" Intrnl_Id="1599">
<BasicBoolTerm Intrnl_Id="1600">
<LocList>
<Loc EndOffset="14531" SrcFileId="7" StartOffset="14522"/>
</LocList>
</BasicBoolTerm>
<BasicBoolTerm Intrnl_Id="1601">
<LocList>
<Loc EndOffset="14544" SrcFileId="7" StartOffset="14535"/>
</LocList>
</BasicBoolTerm>
<LocList>
<Loc EndOffset="14534" SrcFileId="7" StartOffset="14532"/>
</LocList>
</OpTerm>
<BasicBoolTerm Intrnl_Id="1602">
<LocList>
<Loc EndOffset="14559" SrcFileId="7" StartOffset="14548"/>
</LocList>
</BasicBoolTerm>
<LocList>
<Loc EndOffset="14547" SrcFileId="7" StartOffset="14545"/>
</LocList>
</OpTerm>
<BasicBoolTerm Intrnl_Id="1603">
<LocList>
<Loc EndOffset="14574" SrcFileId="7" StartOffset="14563"/>
</LocList>
</BasicBoolTerm>
<LocList>
<Loc EndOffset="14562" SrcFileId="7" StartOffset="14560"/>
</LocList>
</OpTerm>
<BasicBoolTerm Intrnl_Id="1604">
<LocList>
<Loc EndOffset="14605" SrcFileId="7" StartOffset="14595"/>
</LocList>
</BasicBoolTerm>
<LocList>
<Loc EndOffset="14594" SrcFileId="7" StartOffset="14592"/>
</LocList>
</OpTerm>
<BasicBoolTerm Intrnl_Id="1605">
<LocList>
<Loc EndOffset="14619" SrcFileId="7" StartOffset="14609"/>
</LocList>
</BasicBoolTerm>
<LocList>
<Loc EndOffset="14608" SrcFileId="7" StartOffset="14606"/>
</LocList>
</OpTerm>
</RootTerm>
</CondStmnt>
</StmntSeq>
</Branch>
<Keyword EndOffset="14375" SrcFileId="7" StartOffset="14373"/>
<LocList>
<Loc EndOffset="14993" SrcFileId="7" StartOffset="14373"/>
</LocList>
<RootTerm CovItemId="C55" CovItemPrefix="com.OriginalFiles.Analyze.java" Intrnl_Id="1606">
<OpTerm BooleanOpId="9" Intrnl_Id="1607">
<OpTerm BooleanOpId="9" Intrnl_Id="1608">
<OpTerm BooleanOpId="9" Intrnl_Id="1609">
<OpTerm BooleanOpId="9" Intrnl_Id="1610">
<OpTerm BooleanOpId="9" Intrnl_Id="1611">
<BasicBoolTerm Intrnl_Id="1612">
<LocList>
<Loc EndOffset="14386" SrcFileId="7" StartOffset="14377"/>
</LocList>
</BasicBoolTerm>
<BasicBoolTerm Intrnl_Id="1613">
<LocList>
<Loc EndOffset="14399" SrcFileId="7" StartOffset="14390"/>
</LocList>
</BasicBoolTerm>
<LocList>
<Loc EndOffset="14389" SrcFileId="7" StartOffset="14387"/>
</LocList>
</OpTerm>
<BasicBoolTerm Intrnl_Id="1614">
<LocList>
<Loc EndOffset="14414" SrcFileId="7" StartOffset="14403"/>
</LocList>
</BasicBoolTerm>
<LocList>
<Loc EndOffset="14402" SrcFileId="7" StartOffset="14400"/>
</LocList>
</OpTerm>
<BasicBoolTerm Intrnl_Id="1615">
<LocList>
<Loc EndOffset="14428" SrcFileId="7" StartOffset="14418"/>
</LocList>
</BasicBoolTerm>
<LocList>
<Loc EndOffset="14417" SrcFileId="7" StartOffset="14415"/>
</LocList>
</OpTerm>
<BasicBoolTerm Intrnl_Id="1616">
<LocList>
<Loc EndOffset="14459" SrcFileId="7" StartOffset="14449"/>
</LocList>
</BasicBoolTerm>
<LocList>
<Loc EndOffset="14448" SrcFileId="7" StartOffset="14446"/>
</LocList>
</OpTerm>
<BasicBoolTerm Intrnl_Id="1617">
<LocList>
<Loc EndOffset="14472" SrcFileId="7" StartOffset="14463"/>
</LocList>
</BasicBoolTerm>
<LocList>
<Loc EndOffset="14462" SrcFileId="7" StartOffset="14460"/>
</LocList>
</OpTerm>
</RootTerm>
</CondStmnt>
</StmntSeq>
</HierarchyLvl>
<HierarchyLvl HierarchyLvlId="10260" HierarchyLvlTypeId="13" Intrnl_Id="1618" Name="checkForGameHasEnded">
<Header>
<Loc EndOffset="15071" SrcFileId="7" StartOffset="15008"/>
</Header>
<LocList>
<Loc EndOffset="15496" SrcFileId="7" StartOffset="15008"/>
</LocList>
<StmntSeq Intrnl_Id="1619">
<LocList>
<Loc EndOffset="15489" SrcFileId="7" StartOffset="15083"/>
</LocList>
<CondStmnt CovItemId="S184" CovItemPrefix="com.OriginalFiles.Analyze.java" Intrnl_Id="1620">
<Branch CovItemId="B105" CovItemPrefix="com.OriginalFiles.Analyze.java" Implct="false" Intrnl_Id="1621">
<Cond>
<Loc EndOffset="15136" SrcFileId="7" StartOffset="15130"/>
</Cond>
<LocList>
<Loc EndOffset="15164" SrcFileId="7" StartOffset="15151"/>
</LocList>
<StmntSeq Intrnl_Id="1622">
<LocList>
<Loc EndOffset="15164" SrcFileId="7" StartOffset="15151"/>
</LocList>
<BasicStmnt CovItemId="S185" CovItemPrefix="com.OriginalFiles.Analyze.java" Intrnl_Id="1623">
<LocList>
<Loc EndOffset="15164" SrcFileId="7" StartOffset="15151"/>
</LocList>
</BasicStmnt>
</StmntSeq>
</Branch>
<Branch CovItemId="B106" CovItemPrefix="com.OriginalFiles.Analyze.java" Implct="false" Intrnl_Id="1624">
<Cond>
<Loc EndOffset="15180" SrcFileId="7" StartOffset="15174"/>
</Cond>
<LocList>
<Loc EndOffset="15255" SrcFileId="7" StartOffset="15195"/>
</LocList>
<StmntSeq Intrnl_Id="1625">
<LocList>
<Loc EndOffset="15229" SrcFileId="7" StartOffset="15195"/>
<Loc EndOffset="15255" SrcFileId="7" StartOffset="15243"/>
</LocList>
<BasicStmnt CovItemId="S186" CovItemPrefix="com.OriginalFiles.Analyze.java" Intrnl_Id="1626">
<LocList>
<Loc EndOffset="15229" SrcFileId="7" StartOffset="15195"/>
</LocList>
</BasicStmnt>
<BasicStmnt CovItemId="S187" CovItemPrefix="com.OriginalFiles.Analyze.java" Intrnl_Id="1627">
<LocList>
<Loc EndOffset="15255" SrcFileId="7" StartOffset="15243"/>
</LocList>
</BasicStmnt>
</StmntSeq>
</Branch>
<Branch CovItemId="B107" CovItemPrefix="com.OriginalFiles.Analyze.java" Implct="false" Intrnl_Id="1628">
<Cond>
<Loc EndOffset="15271" SrcFileId="7" StartOffset="15265"/>
</Cond>
<LocList>
<Loc EndOffset="15346" SrcFileId="7" StartOffset="15286"/>
</LocList>
<StmntSeq Intrnl_Id="1629">
<LocList>
<Loc EndOffset="15320" SrcFileId="7" StartOffset="15286"/>
<Loc EndOffset="15346" SrcFileId="7" StartOffset="15334"/>
</LocList>
<BasicStmnt CovItemId="S188" CovItemPrefix="com.OriginalFiles.Analyze.java" Intrnl_Id="1630">
<LocList>
<Loc EndOffset="15320" SrcFileId="7" StartOffset="15286"/>
</LocList>
</BasicStmnt>
<BasicStmnt CovItemId="S189" CovItemPrefix="com.OriginalFiles.Analyze.java" Intrnl_Id="1631">
<LocList>
<Loc EndOffset="15346" SrcFileId="7" StartOffset="15334"/>
</LocList>
</BasicStmnt>
</StmntSeq>
</Branch>
<Branch CovItemId="B108" CovItemPrefix="com.OriginalFiles.Analyze.java" Implct="false" Intrnl_Id="1632">
<Cond>
<Loc EndOffset="15362" SrcFileId="7" StartOffset="15356"/>
</Cond>
<LocList>
<Loc EndOffset="15433" SrcFileId="7" StartOffset="15377"/>
</LocList>
<StmntSeq Intrnl_Id="1633">
<LocList>
<Loc EndOffset="15407" SrcFileId="7" StartOffset="15377"/>
<Loc EndOffset="15433" SrcFileId="7" StartOffset="15421"/>
</LocList>
<BasicStmnt CovItemId="S190" CovItemPrefix="com.OriginalFiles.Analyze.java" Intrnl_Id="1634">
<LocList>
<Loc EndOffset="15407" SrcFileId="7" StartOffset="15377"/>
</LocList>
</BasicStmnt>
<BasicStmnt CovItemId="S191" CovItemPrefix="com.OriginalFiles.Analyze.java" Intrnl_Id="1635">
<LocList>
<Loc EndOffset="15433" SrcFileId="7" StartOffset="15421"/>
</LocList>
</BasicStmnt>
</StmntSeq>
</Branch>
<Branch CovItemId="B109" CovItemPrefix="com.OriginalFiles.Analyze.java" Implct="false" Intrnl_Id="1636">
<Cond>
<Loc EndOffset="15450" SrcFileId="7" StartOffset="15443"/>
</Cond>
<LocList>
<Loc EndOffset="15478" SrcFileId="7" StartOffset="15465"/>
</LocList>
<StmntSeq Intrnl_Id="1637">
<LocList>
<Loc EndOffset="15478" SrcFileId="7" StartOffset="15465"/>
</LocList>
<BasicStmnt CovItemId="S192" CovItemPrefix="com.OriginalFiles.Analyze.java" Intrnl_Id="1638">
<LocList>
<Loc EndOffset="15478" SrcFileId="7" StartOffset="15465"/>
</LocList>
</BasicStmnt>
</StmntSeq>
</Branch>
<Keyword EndOffset="15089" SrcFileId="7" StartOffset="15083"/>
<LocList>
<Loc EndOffset="15489" SrcFileId="7" StartOffset="15083"/>
</LocList>
</CondStmnt>
</StmntSeq>
</HierarchyLvl>
<HierarchyLvl HierarchyLvlId="10261" HierarchyLvlTypeId="13" Intrnl_Id="1639" Name="gameHasEnded">
<Header>
<Loc EndOffset="15664" SrcFileId="7" StartOffset="15616"/>
</Header>
<LocList>
<Loc EndOffset="17761" SrcFileId="7" StartOffset="15616"/>
</LocList>
<StmntSeq Intrnl_Id="1640">
<LocList>
<Loc EndOffset="15708" SrcFileId="7" StartOffset="15676"/>
<Loc EndOffset="15772" SrcFileId="7" StartOffset="15720"/>
<Loc EndOffset="15834" SrcFileId="7" StartOffset="15782"/>
<Loc EndOffset="15876" SrcFileId="7" StartOffset="15844"/>
<Loc EndOffset="15918" SrcFileId="7" StartOffset="15886"/>
<Loc EndOffset="16717" SrcFileId="7" StartOffset="15930"/>
<Loc EndOffset="16832" SrcFileId="7" StartOffset="16729"/>
<Loc EndOffset="16944" SrcFileId="7" StartOffset="16842"/>
<Loc EndOffset="17735" SrcFileId="7" StartOffset="16954"/>
<Loc EndOffset="17754" SrcFileId="7" StartOffset="17745"/>
</LocList>
<BasicStmnt CovItemId="S193" CovItemPrefix="com.OriginalFiles.Analyze.java" Intrnl_Id="1641">
<LocList>
<Loc EndOffset="15708" SrcFileId="7" StartOffset="15676"/>
</LocList>
</BasicStmnt>
<BasicStmnt CovItemId="S194" CovItemPrefix="com.OriginalFiles.Analyze.java" Intrnl_Id="1642">
<LocList>
<Loc EndOffset="15772" SrcFileId="7" StartOffset="15720"/>
</LocList>
</BasicStmnt>
<BasicStmnt CovItemId="S195" CovItemPrefix="com.OriginalFiles.Analyze.java" Intrnl_Id="1643">
<LocList>
<Loc EndOffset="15834" SrcFileId="7" StartOffset="15782"/>
</LocList>
</BasicStmnt>
<BasicStmnt CovItemId="S196" CovItemPrefix="com.OriginalFiles.Analyze.java" Intrnl_Id="1644">
<LocList>
<Loc EndOffset="15876" SrcFileId="7" StartOffset="15844"/>
</LocList>
</BasicStmnt>
<BasicStmnt CovItemId="S197" CovItemPrefix="com.OriginalFiles.Analyze.java" Intrnl_Id="1645">
<LocList>
<Loc EndOffset="15918" SrcFileId="7" StartOffset="15886"/>
</LocList>
</BasicStmnt>
<LoopStmnt CovItemId="S198" CovItemPrefix="com.OriginalFiles.Analyze.java" Intrnl_Id="1646" MltplExecId="L10-2" MltplExecPrefix="com.OriginalFiles.Analyze.java" NvrExecId="L10-0" NvrExecPrefix="com.OriginalFiles.Analyze.java" OnceExecutedId="L10-1" OnceExecutedPrefix="com.OriginalFiles.Analyze.java" OptBodyExec="true">
<StmntSeq Intrnl_Id="1647">
<LocList>
<Loc EndOffset="16706" SrcFileId="7" StartOffset="15985"/>
</LocList>
<LoopStmnt CovItemId="S199" CovItemPrefix="com.OriginalFiles.Analyze.java" Intrnl_Id="1648" MltplExecId="L11-2" MltplExecPrefix="com.OriginalFiles.Analyze.java" NvrExecId="L11-0" NvrExecPrefix="com.OriginalFiles.Analyze.java" OnceExecutedId="L11-1" OnceExecutedPrefix="com.OriginalFiles.Analyze.java" OptBodyExec="true">
<StmntSeq Intrnl_Id="1649">
<LocList>
<Loc EndOffset="16691" SrcFileId="7" StartOffset="16026"/>
</LocList>
<CondStmnt CovItemId="S200" CovItemPrefix="com.OriginalFiles.Analyze.java" Intrnl_Id="1650">
<Branch CovItemId="B110" CovItemPrefix="com.OriginalFiles.Analyze.java" Implct="false" Intrnl_Id="1651">
<Cond/>
<LocList>
<Loc EndOffset="16691" SrcFileId="7" StartOffset="16048"/>
</LocList>
<StmntSeq Intrnl_Id="1652">
<LocList>
<Loc EndOffset="16360" SrcFileId="7" StartOffset="16071"/>
<Loc EndOffset="16672" SrcFileId="7" StartOffset="16382"/>
</LocList>
<CondStmnt CovItemId="S201" CovItemPrefix="com.OriginalFiles.Analyze.java" Intrnl_Id="1653">
<Branch CovItemId="B112" CovItemPrefix="com.OriginalFiles.Analyze.java" Implct="false" Intrnl_Id="1654">
<Cond/>
<LocList>
<Loc EndOffset="16360" SrcFileId="7" StartOffset="16119"/>
</LocList>
<StmntSeq Intrnl_Id="1655">
<LocList>
<Loc EndOffset="16190" SrcFileId="7" StartOffset="16146"/>
<Loc EndOffset="16337" SrcFileId="7" StartOffset="16216"/>
</LocList>
<BasicStmnt CovItemId="S202" CovItemPrefix="com.OriginalFiles.Analyze.java" Intrnl_Id="1656">
<LocList>
<Loc EndOffset="16190" SrcFileId="7" StartOffset="16146"/>
</LocList>
</BasicStmnt>
<CondStmnt CovItemId="S203" CovItemPrefix="com.OriginalFiles.Analyze.java" Intrnl_Id="1657">
<Branch CovItemId="B114" CovItemPrefix="com.OriginalFiles.Analyze.java" Implct="false" Intrnl_Id="1658">
<Cond/>
<LocList>
<Loc EndOffset="16337" SrcFileId="7" StartOffset="16256"/>
</LocList>
<StmntSeq Intrnl_Id="1659">
<LocList>
<Loc EndOffset="16310" SrcFileId="7" StartOffset="16287"/>
</LocList>
<BasicStmnt CovItemId="S204" CovItemPrefix="com.OriginalFiles.Analyze.java" Intrnl_Id="1660">
<LocList>
<Loc EndOffset="16310" SrcFileId="7" StartOffset="16287"/>
</LocList>
</BasicStmnt>
</StmntSeq>
</Branch>
<Branch CovItemId="B115" CovItemPrefix="com.OriginalFiles.Analyze.java" Implct="true" Intrnl_Id="1661">
<Cond/>
<LocList/>
<StmntSeq Intrnl_Id="1662">
<LocList/>
</StmntSeq>
</Branch>
<Keyword EndOffset="16218" SrcFileId="7" StartOffset="16216"/>
<LocList>
<Loc EndOffset="16337" SrcFileId="7" StartOffset="16216"/>
</LocList>
<RootTerm CovItemId="C61" CovItemPrefix="com.OriginalFiles.Analyze.java" Intrnl_Id="1663">
<BasicBoolTerm Intrnl_Id="1664">
<LocList>
<Loc EndOffset="16254" SrcFileId="7" StartOffset="16220"/>
</LocList>
</BasicBoolTerm>
</RootTerm>
</CondStmnt>
</StmntSeq>
</Branch>
<Branch CovItemId="B113" CovItemPrefix="com.OriginalFiles.Analyze.java" Implct="true" Intrnl_Id="1665">
<Cond/>
<LocList/>
<StmntSeq Intrnl_Id="1666">
<LocList/>
</StmntSeq>
</Branch>
<Keyword EndOffset="16073" SrcFileId="7" StartOffset="16071"/>
<LocList>
<Loc EndOffset="16360" SrcFileId="7" StartOffset="16071"/>
</LocList>
<RootTerm CovItemId="C60" CovItemPrefix="com.OriginalFiles.Analyze.java" Intrnl_Id="1667">
<BasicBoolTerm Intrnl_Id="1668">
<LocList>
<Loc EndOffset="16117" SrcFileId="7" StartOffset="16075"/>
</LocList>
</BasicBoolTerm>
</RootTerm>
</CondStmnt>
<CondStmnt CovItemId="S205" CovItemPrefix="com.OriginalFiles.Analyze.java" Intrnl_Id="1669">
<Branch CovItemId="B116" CovItemPrefix="com.OriginalFiles.Analyze.java" Implct="false" Intrnl_Id="1670">
<Cond/>
<LocList>
<Loc EndOffset="16672" SrcFileId="7" StartOffset="16431"/>
</LocList>
<StmntSeq Intrnl_Id="1671">
<LocList>
<Loc EndOffset="16502" SrcFileId="7" StartOffset="16458"/>
<Loc EndOffset="16649" SrcFileId="7" StartOffset="16528"/>
</LocList>
<BasicStmnt CovItemId="S206" CovItemPrefix="com.OriginalFiles.Analyze.java" Intrnl_Id="1672">
<LocList>
<Loc EndOffset="16502" SrcFileId="7" StartOffset="16458"/>
</LocList>
</BasicStmnt>
<CondStmnt CovItemId="S207" CovItemPrefix="com.OriginalFiles.Analyze.java" Intrnl_Id="1673">
<Branch CovItemId="B118" CovItemPrefix="com.OriginalFiles.Analyze.java" Implct="false" Intrnl_Id="1674">
<Cond/>
<LocList>
<Loc EndOffset="16649" SrcFileId="7" StartOffset="16568"/>
</LocList>
<StmntSeq Intrnl_Id="1675">
<LocList>
<Loc EndOffset="16622" SrcFileId="7" StartOffset="16599"/>
</LocList>
<BasicStmnt CovItemId="S208" CovItemPrefix="com.OriginalFiles.Analyze.java" Intrnl_Id="1676">
<LocList>
<Loc EndOffset="16622" SrcFileId="7" StartOffset="16599"/>
</LocList>
</BasicStmnt>
</StmntSeq>
</Branch>
<Branch CovItemId="B119" CovItemPrefix="com.OriginalFiles.Analyze.java" Implct="true" Intrnl_Id="1677">
<Cond/>
<LocList/>
<StmntSeq Intrnl_Id="1678">
<LocList/>
</StmntSeq>
</Branch>
<Keyword EndOffset="16530" SrcFileId="7" StartOffset="16528"/>
<LocList>
<Loc EndOffset="16649" SrcFileId="7" StartOffset="16528"/>
</LocList>
<RootTerm CovItemId="C63" CovItemPrefix="com.OriginalFiles.Analyze.java" Intrnl_Id="1679">
<BasicBoolTerm Intrnl_Id="1680">
<LocList>
<Loc EndOffset="16566" SrcFileId="7" StartOffset="16532"/>
</LocList>
</BasicBoolTerm>
</RootTerm>
</CondStmnt>
</StmntSeq>
</Branch>
<Branch CovItemId="B117" CovItemPrefix="com.OriginalFiles.Analyze.java" Implct="true" Intrnl_Id="1681">
<Cond/>
<LocList/>
<StmntSeq Intrnl_Id="1682">
<LocList/>
</StmntSeq>
</Branch>
<Keyword EndOffset="16384" SrcFileId="7" StartOffset="16382"/>
<LocList>
<Loc EndOffset="16672" SrcFileId="7" StartOffset="16382"/>
</LocList>
<RootTerm CovItemId="C62" CovItemPrefix="com.OriginalFiles.Analyze.java" Intrnl_Id="1683">
<BasicBoolTerm Intrnl_Id="1684">
<LocList>
<Loc EndOffset="16429" SrcFileId="7" StartOffset="16386"/>
</LocList>
</BasicBoolTerm>
</RootTerm>
</CondStmnt>
</StmntSeq>
</Branch>
<Branch CovItemId="B111" CovItemPrefix="com.OriginalFiles.Analyze.java" Implct="true" Intrnl_Id="1685">
<Cond/>
<LocList/>
<StmntSeq Intrnl_Id="1686">
<LocList/>
</StmntSeq>
</Branch>
<Keyword EndOffset="16028" SrcFileId="7" StartOffset="16026"/>
<LocList>
<Loc EndOffset="16691" SrcFileId="7" StartOffset="16026"/>
</LocList>
<RootTerm CovItemId="C59" CovItemPrefix="com.OriginalFiles.Analyze.java" Intrnl_Id="1687">
<OpTerm BooleanOpId="8" Intrnl_Id="1688">
<BasicBoolTerm Intrnl_Id="1689">
<LocList>
<Loc EndOffset="16046" SrcFileId="7" StartOffset="16031"/>
</LocList>
</BasicBoolTerm>
<LocList>
<Loc EndOffset="16031" SrcFileId="7" StartOffset="16030"/>
</LocList>
</OpTerm>
</RootTerm>
</CondStmnt>
</StmntSeq>
<Keyword EndOffset="15988" SrcFileId="7" StartOffset="15985"/>
<LocList>
<Loc EndOffset="16706" SrcFileId="7" StartOffset="15985"/>
</LocList>
</LoopStmnt>
</StmntSeq>
<Keyword EndOffset="15933" SrcFileId="7" StartOffset="15930"/>
<LocList>
<Loc EndOffset="16717" SrcFileId="7" StartOffset="15930"/>
</LocList>
</LoopStmnt>
<CondStmnt CovItemId="S209" CovItemPrefix="com.OriginalFiles.Analyze.java" Intrnl_Id="1690">
<Branch CovItemId="B120" CovItemPrefix="com.OriginalFiles.Analyze.java" Implct="false" Intrnl_Id="1691">
<Cond/>
<LocList>
<Loc EndOffset="16832" SrcFileId="7" StartOffset="16797"/>
</LocList>
<StmntSeq Intrnl_Id="1692">
<LocList>
<Loc EndOffset="16821" SrcFileId="7" StartOffset="16812"/>
</LocList>
<BasicStmnt CovItemId="S210" CovItemPrefix="com.OriginalFiles.Analyze.java" Intrnl_Id="1693">
<LocList>
<Loc EndOffset="16821" SrcFileId="7" StartOffset="16812"/>
</LocList>
</BasicStmnt>
</StmntSeq>
</Branch>
<Branch CovItemId="B121" CovItemPrefix="com.OriginalFiles.Analyze.java" Implct="true" Intrnl_Id="1694">
<Cond/>
<LocList/>
<StmntSeq Intrnl_Id="1695">
<LocList/>
</StmntSeq>
</Branch>
<Keyword EndOffset="16731" SrcFileId="7" StartOffset="16729"/>
<LocList>
<Loc EndOffset="16832" SrcFileId="7" StartOffset="16729"/>
</LocList>
<RootTerm CovItemId="C64" CovItemPrefix="com.OriginalFiles.Analyze.java" Intrnl_Id="1696">
<OpTerm BooleanOpId="10" Intrnl_Id="1697">
<BasicBoolTerm Intrnl_Id="1698">
<LocList>
<Loc EndOffset="16759" SrcFileId="7" StartOffset="16733"/>
</LocList>
</BasicBoolTerm>
<OpTerm BooleanOpId="9" Intrnl_Id="1699">
<OpTerm BooleanOpId="8" Intrnl_Id="1700">
<BasicBoolTerm Intrnl_Id="1701">
<LocList>
<Loc EndOffset="16774" SrcFileId="7" StartOffset="16765"/>
</LocList>
</BasicBoolTerm>
<LocList>
<Loc EndOffset="16765" SrcFileId="7" StartOffset="16764"/>
</LocList>
</OpTerm>
<OpTerm BooleanOpId="8" Intrnl_Id="1702">
<BasicBoolTerm Intrnl_Id="1703">
<LocList>
<Loc EndOffset="16794" SrcFileId="7" StartOffset="16779"/>
</LocList>
</BasicBoolTerm>
<LocList>
<Loc EndOffset="16779" SrcFileId="7" StartOffset="16778"/>
</LocList>
</OpTerm>
<LocList>
<Loc EndOffset="16777" SrcFileId="7" StartOffset="16775"/>
</LocList>
</OpTerm>
<LocList>
<Loc EndOffset="16762" SrcFileId="7" StartOffset="16760"/>
</LocList>
</OpTerm>
</RootTerm>
</CondStmnt>
<CondStmnt CovItemId="S211" CovItemPrefix="com.OriginalFiles.Analyze.java" Intrnl_Id="1704">
<Branch CovItemId="B122" CovItemPrefix="com.OriginalFiles.Analyze.java" Implct="false" Intrnl_Id="1705">
<Cond/>
<LocList>
<Loc EndOffset="16944" SrcFileId="7" StartOffset="16909"/>
</LocList>
<StmntSeq Intrnl_Id="1706">
<LocList>
<Loc EndOffset="16933" SrcFileId="7" StartOffset="16924"/>
</LocList>
<BasicStmnt CovItemId="S212" CovItemPrefix="com.OriginalFiles.Analyze.java" Intrnl_Id="1707">
<LocList>
<Loc EndOffset="16933" SrcFileId="7" StartOffset="16924"/>
</LocList>
</BasicStmnt>
</StmntSeq>
</Branch>
<Branch CovItemId="B123" CovItemPrefix="com.OriginalFiles.Analyze.java" Implct="true" Intrnl_Id="1708">
<Cond/>
<LocList/>
<StmntSeq Intrnl_Id="1709">
<LocList/>
</StmntSeq>
</Branch>
<Keyword EndOffset="16844" SrcFileId="7" StartOffset="16842"/>
<LocList>
<Loc EndOffset="16944" SrcFileId="7" StartOffset="16842"/>
</LocList>
<RootTerm CovItemId="C65" CovItemPrefix="com.OriginalFiles.Analyze.java" Intrnl_Id="1710">
<OpTerm BooleanOpId="10" Intrnl_Id="1711">
<BasicBoolTerm Intrnl_Id="1712">
<LocList>
<Loc EndOffset="16872" SrcFileId="7" StartOffset="16846"/>
</LocList>
</BasicBoolTerm>
<OpTerm BooleanOpId="9" Intrnl_Id="1713">
<BasicBoolTerm Intrnl_Id="1714">
<LocList>
<Loc EndOffset="16886" SrcFileId="7" StartOffset="16877"/>
</LocList>
</BasicBoolTerm>
<OpTerm BooleanOpId="8" Intrnl_Id="1715">
<BasicBoolTerm Intrnl_Id="1716">
<LocList>
<Loc EndOffset="16906" SrcFileId="7" StartOffset="16891"/>
</LocList>
</BasicBoolTerm>
<LocList>
<Loc EndOffset="16891" SrcFileId="7" StartOffset="16890"/>
</LocList>
</OpTerm>
<LocList>
<Loc EndOffset="16889" SrcFileId="7" StartOffset="16887"/>
</LocList>
</OpTerm>
<LocList>
<Loc EndOffset="16875" SrcFileId="7" StartOffset="16873"/>
</LocList>
</OpTerm>
</RootTerm>
</CondStmnt>
<CondStmnt CovItemId="S213" CovItemPrefix="com.OriginalFiles.Analyze.java" Intrnl_Id="1717">
<Branch CovItemId="B124" CovItemPrefix="com.OriginalFiles.Analyze.java" Implct="false" Intrnl_Id="1718">
<Cond/>
<LocList>
<Loc EndOffset="17735" SrcFileId="7" StartOffset="17016"/>
</LocList>
<StmntSeq Intrnl_Id="1719">
<LocList>
<Loc EndOffset="17724" SrcFileId="7" StartOffset="17031"/>
</LocList>
<CondStmnt CovItemId="S214" CovItemPrefix="com.OriginalFiles.Analyze.java" Intrnl_Id="1720">
<Branch CovItemId="B126" CovItemPrefix="com.OriginalFiles.Analyze.java" Implct="false" Intrnl_Id="1721">
<Cond/>
<LocList>
<Loc EndOffset="17724" SrcFileId="7" StartOffset="17124"/>
</LocList>
<StmntSeq Intrnl_Id="1722">
<LocList>
<Loc EndOffset="17709" SrcFileId="7" StartOffset="17143"/>
</LocList>
<CondStmnt CovItemId="S215" CovItemPrefix="com.OriginalFiles.Analyze.java" Intrnl_Id="1723">
<Branch CovItemId="B128" CovItemPrefix="com.OriginalFiles.Analyze.java" Implct="false" Intrnl_Id="1724">
<Cond/>
<LocList>
<Loc EndOffset="17430" SrcFileId="7" StartOffset="17158"/>
</LocList>
<StmntSeq Intrnl_Id="1725">
<LocList>
<Loc EndOffset="17411" SrcFileId="7" StartOffset="17181"/>
</LocList>
<CondStmnt CovItemId="S216" CovItemPrefix="com.OriginalFiles.Analyze.java" Intrnl_Id="1726">
<Branch CovItemId="B130" CovItemPrefix="com.OriginalFiles.Analyze.java" Implct="false" Intrnl_Id="1727">
<Cond/>
<LocList>
<Loc EndOffset="17411" SrcFileId="7" StartOffset="17352"/>
</LocList>
<StmntSeq Intrnl_Id="1728">
<LocList>
<Loc EndOffset="17388" SrcFileId="7" StartOffset="17379"/>
</LocList>
<BasicStmnt CovItemId="S217" CovItemPrefix="com.OriginalFiles.Analyze.java" Intrnl_Id="1729">
<LocList>
<Loc EndOffset="17388" SrcFileId="7" StartOffset="17379"/>
</LocList>
</BasicStmnt>
</StmntSeq>
</Branch>
<Branch CovItemId="B131" CovItemPrefix="com.OriginalFiles.Analyze.java" Implct="true" Intrnl_Id="1730">
<Cond/>
<LocList/>
<StmntSeq Intrnl_Id="1731">
<LocList/>
</StmntSeq>
</Branch>
<Keyword EndOffset="17183" SrcFileId="7" StartOffset="17181"/>
<LocList>
<Loc EndOffset="17411" SrcFileId="7" StartOffset="17181"/>
</LocList>
<RootTerm CovItemId="C69" CovItemPrefix="com.OriginalFiles.Analyze.java" Intrnl_Id="1732">
<OpTerm BooleanOpId="9" Intrnl_Id="1733">
<OpTerm BooleanOpId="9" Intrnl_Id="1734">
<BasicBoolTerm Intrnl_Id="1735">
<LocList>
<Loc EndOffset="17225" SrcFileId="7" StartOffset="17185"/>
</LocList>
</BasicBoolTerm>
<BasicBoolTerm Intrnl_Id="1736">
<LocList>
<Loc EndOffset="17300" SrcFileId="7" StartOffset="17258"/>
</LocList>
</BasicBoolTerm>
<LocList>
<Loc EndOffset="17257" SrcFileId="7" StartOffset="17255"/>
</LocList>
</OpTerm>
<OpTerm BooleanOpId="8" Intrnl_Id="1737">
<BasicBoolTerm Intrnl_Id="1738">
<LocList>
<Loc EndOffset="17350" SrcFileId="7" StartOffset="17334"/>
</LocList>
</BasicBoolTerm>
<LocList>
<Loc EndOffset="17334" SrcFileId="7" StartOffset="17333"/>
</LocList>
</OpTerm>
<LocList>
<Loc EndOffset="17332" SrcFileId="7" StartOffset="17330"/>
</LocList>
</OpTerm>
</RootTerm>
</CondStmnt>
</StmntSeq>
</Branch>
<Branch CovItemId="B129" CovItemPrefix="com.OriginalFiles.Analyze.java" Implct="false" Intrnl_Id="1739">
<Cond>
<Loc EndOffset="17435" SrcFileId="7" StartOffset="17431"/>
</Cond>
<LocList>
<Loc EndOffset="17709" SrcFileId="7" StartOffset="17436"/>
</LocList>
<StmntSeq Intrnl_Id="1740">
<LocList>
<Loc EndOffset="17690" SrcFileId="7" StartOffset="17459"/>
</LocList>
<CondStmnt CovItemId="S218" CovItemPrefix="com.OriginalFiles.Analyze.java" Intrnl_Id="1741">
<Branch CovItemId="B132" CovItemPrefix="com.OriginalFiles.Analyze.java" Implct="false" Intrnl_Id="1742">
<Cond/>
<LocList>
<Loc EndOffset="17690" SrcFileId="7" StartOffset="17631"/>
</LocList>
<StmntSeq Intrnl_Id="1743">
<LocList>
<Loc EndOffset="17667" SrcFileId="7" StartOffset="17658"/>
</LocList>
<BasicStmnt CovItemId="S219" CovItemPrefix="com.OriginalFiles.Analyze.java" Intrnl_Id="1744">
<LocList>
<Loc EndOffset="17667" SrcFileId="7" StartOffset="17658"/>
</LocList>
</BasicStmnt>
</StmntSeq>
</Branch>
<Branch CovItemId="B133" CovItemPrefix="com.OriginalFiles.Analyze.java" Implct="true" Intrnl_Id="1745">
<Cond/>
<LocList/>
<StmntSeq Intrnl_Id="1746">
<LocList/>
</StmntSeq>
</Branch>
<Keyword EndOffset="17461" SrcFileId="7" StartOffset="17459"/>
<LocList>
<Loc EndOffset="17690" SrcFileId="7" StartOffset="17459"/>
</LocList>
<RootTerm CovItemId="C70" CovItemPrefix="com.OriginalFiles.Analyze.java" Intrnl_Id="1747">
<OpTerm BooleanOpId="9" Intrnl_Id="1748">
<OpTerm BooleanOpId="9" Intrnl_Id="1749">
<BasicBoolTerm Intrnl_Id="1750">
<LocList>
<Loc EndOffset="17503" SrcFileId="7" StartOffset="17463"/>
</LocList>
</BasicBoolTerm>
<BasicBoolTerm Intrnl_Id="1751">
<LocList>
<Loc EndOffset="17578" SrcFileId="7" StartOffset="17536"/>
</LocList>
</BasicBoolTerm>
<LocList>
<Loc EndOffset="17535" SrcFileId="7" StartOffset="17533"/>
</LocList>
</OpTerm>
<OpTerm BooleanOpId="8" Intrnl_Id="1752">
<BasicBoolTerm Intrnl_Id="1753">
<LocList>
<Loc EndOffset="17629" SrcFileId="7" StartOffset="17612"/>
</LocList>
</BasicBoolTerm>
<LocList>
<Loc EndOffset="17612" SrcFileId="7" StartOffset="17611"/>
</LocList>
</OpTerm>
<LocList>
<Loc EndOffset="17610" SrcFileId="7" StartOffset="17608"/>
</LocList>
</OpTerm>
</RootTerm>
</CondStmnt>
</StmntSeq>
</Branch>
<Keyword EndOffset="17145" SrcFileId="7" StartOffset="17143"/>
<LocList>
<Loc EndOffset="17709" SrcFileId="7" StartOffset="17143"/>
</LocList>
<RootTerm CovItemId="C68" CovItemPrefix="com.OriginalFiles.Analyze.java" Intrnl_Id="1754">
<BasicBoolTerm Intrnl_Id="1755">
<LocList>
<Loc EndOffset="17156" SrcFileId="7" StartOffset="17147"/>
</LocList>
</BasicBoolTerm>
</RootTerm>
</CondStmnt>
</StmntSeq>
</Branch>
<Branch CovItemId="B127" CovItemPrefix="com.OriginalFiles.Analyze.java" Implct="true" Intrnl_Id="1756">
<Cond/>
<LocList/>
<StmntSeq Intrnl_Id="1757">
<LocList/>
</StmntSeq>
</Branch>
<Keyword EndOffset="17033" SrcFileId="7" StartOffset="17031"/>
<LocList>
<Loc EndOffset="17724" SrcFileId="7" StartOffset="17031"/>
</LocList>
<RootTerm CovItemId="C67" CovItemPrefix="com.OriginalFiles.Analyze.java" Intrnl_Id="1758">
<OpTerm BooleanOpId="9" Intrnl_Id="1759">
<BasicBoolTerm Intrnl_Id="1760">
<LocList>
<Loc EndOffset="17066" SrcFileId="7" StartOffset="17035"/>
</LocList>
</BasicBoolTerm>
<BasicBoolTerm Intrnl_Id="1761">
<LocList>
<Loc EndOffset="17122" SrcFileId="7" StartOffset="17091"/>
</LocList>
</BasicBoolTerm>
<LocList>
<Loc EndOffset="17090" SrcFileId="7" StartOffset="17088"/>
</LocList>
</OpTerm>
</RootTerm>
</CondStmnt>
</StmntSeq>
</Branch>
<Branch CovItemId="B125" CovItemPrefix="com.OriginalFiles.Analyze.java" Implct="true" Intrnl_Id="1762">
<Cond/>
<LocList/>
<StmntSeq Intrnl_Id="1763">
<LocList/>
</StmntSeq>
</Branch>
<Keyword EndOffset="16956" SrcFileId="7" StartOffset="16954"/>
<LocList>
<Loc EndOffset="17735" SrcFileId="7" StartOffset="16954"/>
</LocList>
<RootTerm CovItemId="C66" CovItemPrefix="com.OriginalFiles.Analyze.java" Intrnl_Id="1764">
<OpTerm BooleanOpId="9" Intrnl_Id="1765">
<BasicBoolTerm Intrnl_Id="1766">
<LocList>
<Loc EndOffset="16984" SrcFileId="7" StartOffset="16958"/>
</LocList>
</BasicBoolTerm>
<BasicBoolTerm Intrnl_Id="1767">
<LocList>
<Loc EndOffset="17014" SrcFileId="7" StartOffset="16988"/>
</LocList>
</BasicBoolTerm>
<LocList>
<Loc EndOffset="16987" SrcFileId="7" StartOffset="16985"/>
</LocList>
</OpTerm>
</RootTerm>
</CondStmnt>
<BasicStmnt CovItemId="S220" CovItemPrefix="com.OriginalFiles.Analyze.java" Intrnl_Id="1768">
<LocList>
<Loc EndOffset="17754" SrcFileId="7" StartOffset="17745"/>
</LocList>
</BasicStmnt>
</StmntSeq>
</HierarchyLvl>
<HierarchyLvl HierarchyLvlId="10262" HierarchyLvlTypeId="13" Intrnl_Id="1769" Name="hasTheMove">
<Header>
<Loc EndOffset="17815" SrcFileId="7" StartOffset="17769"/>
</Header>
<LocList>
<Loc EndOffset="18291" SrcFileId="7" StartOffset="17769"/>
</LocList>
<StmntSeq Intrnl_Id="1770">
<LocList>
<Loc EndOffset="17846" SrcFileId="7" StartOffset="17827"/>
<Loc EndOffset="17916" SrcFileId="7" StartOffset="17858"/>
<Loc EndOffset="17947" SrcFileId="7" StartOffset="17928"/>
<Loc EndOffset="18186" SrcFileId="7" StartOffset="17959"/>
<Loc EndOffset="18261" SrcFileId="7" StartOffset="18198"/>
<Loc EndOffset="18284" SrcFileId="7" StartOffset="18271"/>
</LocList>
<BasicStmnt CovItemId="S221" CovItemPrefix="com.OriginalFiles.Analyze.java" Intrnl_Id="1771">
<LocList>
<Loc EndOffset="17846" SrcFileId="7" StartOffset="17827"/>
</LocList>
</BasicStmnt>
<CondStmnt CovItemId="S222" CovItemPrefix="com.OriginalFiles.Analyze.java" Intrnl_Id="1772">
<Branch CovItemId="B134" CovItemPrefix="com.OriginalFiles.Analyze.java" Implct="false" Intrnl_Id="1773">
<Cond/>
<LocList>
<Loc EndOffset="17916" SrcFileId="7" StartOffset="17875"/>
</LocList>
<StmntSeq Intrnl_Id="1774">
<LocList>
<Loc EndOffset="17905" SrcFileId="7" StartOffset="17890"/>
</LocList>
<BasicStmnt CovItemId="S223" CovItemPrefix="com.OriginalFiles.Analyze.java" Intrnl_Id="1775">
<LocList>
<Loc EndOffset="17905" SrcFileId="7" StartOffset="17890"/>
</LocList>
</BasicStmnt>
</StmntSeq>
</Branch>
<Branch CovItemId="B135" CovItemPrefix="com.OriginalFiles.Analyze.java" Implct="true" Intrnl_Id="1776">
<Cond/>
<LocList/>
<StmntSeq Intrnl_Id="1777">
<LocList/>
</StmntSeq>
</Branch>
<Keyword EndOffset="17860" SrcFileId="7" StartOffset="17858"/>
<LocList>
<Loc EndOffset="17916" SrcFileId="7" StartOffset="17858"/>
</LocList>
<RootTerm CovItemId="C71" CovItemPrefix="com.OriginalFiles.Analyze.java" Intrnl_Id="1778">
<OpTerm BooleanOpId="8" Intrnl_Id="1779">
<BasicBoolTerm Intrnl_Id="1780">
<LocList>
<Loc EndOffset="17873" SrcFileId="7" StartOffset="17863"/>
</LocList>
</BasicBoolTerm>
<LocList>
<Loc EndOffset="17863" SrcFileId="7" StartOffset="17862"/>
</LocList>
</OpTerm>
</RootTerm>
</CondStmnt>
<BasicStmnt CovItemId="S224" CovItemPrefix="com.OriginalFiles.Analyze.java" Intrnl_Id="1781">
<LocList>
<Loc EndOffset="17947" SrcFileId="7" StartOffset="17928"/>
</LocList>
</BasicStmnt>
<LoopStmnt CovItemId="S225" CovItemPrefix="com.OriginalFiles.Analyze.java" Intrnl_Id="1782" MltplExecId="L12-2" MltplExecPrefix="com.OriginalFiles.Analyze.java" NvrExecId="L12-0" NvrExecPrefix="com.OriginalFiles.Analyze.java" OnceExecutedId="L12-1" OnceExecutedPrefix="com.OriginalFiles.Analyze.java" OptBodyExec="true">
<StmntSeq Intrnl_Id="1783">
<LocList>
<Loc EndOffset="18175" SrcFileId="7" StartOffset="18014"/>
</LocList>
<LoopStmnt CovItemId="S226" CovItemPrefix="com.OriginalFiles.Analyze.java" Intrnl_Id="1784" MltplExecId="L13-2" MltplExecPrefix="com.OriginalFiles.Analyze.java" NvrExecId="L13-0" NvrExecPrefix="com.OriginalFiles.Analyze.java" OnceExecutedId="L13-1" OnceExecutedPrefix="com.OriginalFiles.Analyze.java" OptBodyExec="true">
<StmntSeq Intrnl_Id="1785">
<LocList>
<Loc EndOffset="18160" SrcFileId="7" StartOffset="18061"/>
</LocList>
<CondStmnt CovItemId="S227" CovItemPrefix="com.OriginalFiles.Analyze.java" Intrnl_Id="1786">
<Branch CovItemId="B136" CovItemPrefix="com.OriginalFiles.Analyze.java" Implct="false" Intrnl_Id="1787">
<Cond/>
<LocList>
<Loc EndOffset="18160" SrcFileId="7" StartOffset="18105"/>
</LocList>
<StmntSeq Intrnl_Id="1788">
<LocList>
<Loc EndOffset="18141" SrcFileId="7" StartOffset="18128"/>
</LocList>
<BasicStmnt CovItemId="S228" CovItemPrefix="com.OriginalFiles.Analyze.java" Intrnl_Id="1789">
<LocList>
<Loc EndOffset="18141" SrcFileId="7" StartOffset="18128"/>
</LocList>
</BasicStmnt>
</StmntSeq>
</Branch>
<Branch CovItemId="B137" CovItemPrefix="com.OriginalFiles.Analyze.java" Implct="true" Intrnl_Id="1790">
<Cond/>
<LocList/>
<StmntSeq Intrnl_Id="1791">
<LocList/>
</StmntSeq>
</Branch>
<Keyword EndOffset="18063" SrcFileId="7" StartOffset="18061"/>
<LocList>
<Loc EndOffset="18160" SrcFileId="7" StartOffset="18061"/>
</LocList>
<RootTerm CovItemId="C74" CovItemPrefix="com.OriginalFiles.Analyze.java" Intrnl_Id="1792">
<OpTerm BooleanOpId="8" Intrnl_Id="1793">
<BasicBoolTerm Intrnl_Id="1794">
<LocList>
<Loc EndOffset="18103" SrcFileId="7" StartOffset="18066"/>
</LocList>
</BasicBoolTerm>
<LocList>
<Loc EndOffset="18066" SrcFileId="7" StartOffset="18065"/>
</LocList>
</OpTerm>
</RootTerm>
</CondStmnt>
</StmntSeq>
<Keyword EndOffset="18017" SrcFileId="7" StartOffset="18014"/>
<LocList>
<Loc EndOffset="18175" SrcFileId="7" StartOffset="18014"/>
</LocList>
<RootTerm CovItemId="C73" CovItemPrefix="com.OriginalFiles.Analyze.java" Intrnl_Id="1795">
<BasicBoolTerm Intrnl_Id="1796">
<LocList>
<Loc EndOffset="18035" SrcFileId="7" StartOffset="18030"/>
</LocList>
</BasicBoolTerm>
</RootTerm>
</LoopStmnt>
</StmntSeq>
<Keyword EndOffset="17962" SrcFileId="7" StartOffset="17959"/>
<LocList>
<Loc EndOffset="18186" SrcFileId="7" StartOffset="17959"/>
</LocList>
<RootTerm CovItemId="C72" CovItemPrefix="com.OriginalFiles.Analyze.java" Intrnl_Id="1797">
<BasicBoolTerm Intrnl_Id="1798">
<LocList>
<Loc EndOffset="17989" SrcFileId="7" StartOffset="17984"/>
</LocList>
</BasicBoolTerm>
</RootTerm>
</LoopStmnt>
<CondStmnt CovItemId="S229" CovItemPrefix="com.OriginalFiles.Analyze.java" Intrnl_Id="1799">
<Branch CovItemId="B138" CovItemPrefix="com.OriginalFiles.Analyze.java" Implct="false" Intrnl_Id="1800">
<Cond/>
<LocList>
<Loc EndOffset="18261" SrcFileId="7" StartOffset="18223"/>
</LocList>
<StmntSeq Intrnl_Id="1801">
<LocList>
<Loc EndOffset="18250" SrcFileId="7" StartOffset="18238"/>
</LocList>
<BasicStmnt CovItemId="S230" CovItemPrefix="com.OriginalFiles.Analyze.java" Intrnl_Id="1802">
<LocList>
<Loc EndOffset="18250" SrcFileId="7" StartOffset="18238"/>
</LocList>
</BasicStmnt>
</StmntSeq>
</Branch>
<Branch CovItemId="B139" CovItemPrefix="com.OriginalFiles.Analyze.java" Implct="true" Intrnl_Id="1803">
<Cond/>
<LocList/>
<StmntSeq Intrnl_Id="1804">
<LocList/>
</StmntSeq>
</Branch>
<Keyword EndOffset="18200" SrcFileId="7" StartOffset="18198"/>
<LocList>
<Loc EndOffset="18261" SrcFileId="7" StartOffset="18198"/>
</LocList>
<RootTerm CovItemId="C75" CovItemPrefix="com.OriginalFiles.Analyze.java" Intrnl_Id="1805">
<BasicBoolTerm Intrnl_Id="1806">
<LocList>
<Loc EndOffset="18221" SrcFileId="7" StartOffset="18202"/>
</LocList>
</BasicBoolTerm>
</RootTerm>
</CondStmnt>
<BasicStmnt CovItemId="S231" CovItemPrefix="com.OriginalFiles.Analyze.java" Intrnl_Id="1807">
<LocList>
<Loc EndOffset="18284" SrcFileId="7" StartOffset="18271"/>
</LocList>
</BasicStmnt>
</StmntSeq>
</HierarchyLvl>
<HierarchyLvl HierarchyLvlId="10263" HierarchyLvlTypeId="13" Intrnl_Id="1808" Name="isOnDoubleCorners">
<Header>
<Loc EndOffset="18345" SrcFileId="7" StartOffset="18299"/>
</Header>
<LocList>
<Loc EndOffset="18654" SrcFileId="7" StartOffset="18299"/>
</LocList>
<StmntSeq Intrnl_Id="1809">
<LocList>
<Loc EndOffset="18624" SrcFileId="7" StartOffset="18357"/>
<Loc EndOffset="18647" SrcFileId="7" StartOffset="18634"/>
</LocList>
<CondStmnt CovItemId="S232" CovItemPrefix="com.OriginalFiles.Analyze.java" Intrnl_Id="1810">
<Branch CovItemId="B140" CovItemPrefix="com.OriginalFiles.Analyze.java" Implct="false" Intrnl_Id="1811">
<Cond/>
<LocList>
<Loc EndOffset="18624" SrcFileId="7" StartOffset="18586"/>
</LocList>
<StmntSeq Intrnl_Id="1812">
<LocList>
<Loc EndOffset="18613" SrcFileId="7" StartOffset="18601"/>
</LocList>
<BasicStmnt CovItemId="S233" CovItemPrefix="com.OriginalFiles.Analyze.java" Intrnl_Id="1813">
<LocList>
<Loc EndOffset="18613" SrcFileId="7" StartOffset="18601"/>
</LocList>
</BasicStmnt>
</StmntSeq>
</Branch>
<Branch CovItemId="B141" CovItemPrefix="com.OriginalFiles.Analyze.java" Implct="true" Intrnl_Id="1814">
<Cond/>
<LocList/>
<StmntSeq Intrnl_Id="1815">
<LocList/>
</StmntSeq>
</Branch>
<Keyword EndOffset="18359" SrcFileId="7" StartOffset="18357"/>
<LocList>
<Loc EndOffset="18624" SrcFileId="7" StartOffset="18357"/>
</LocList>
<RootTerm CovItemId="C76" CovItemPrefix="com.OriginalFiles.Analyze.java" Intrnl_Id="1816">
<OpTerm BooleanOpId="10" Intrnl_Id="1817">
<OpTerm BooleanOpId="10" Intrnl_Id="1818">
<OpTerm BooleanOpId="10" Intrnl_Id="1819">
<OpTerm BooleanOpId="9" Intrnl_Id="1820">
<BasicBoolTerm Intrnl_Id="1821">
<LocList>
<Loc EndOffset="18379" SrcFileId="7" StartOffset="18362"/>
</LocList>
</BasicBoolTerm>
<BasicBoolTerm Intrnl_Id="1822">
<LocList>
<Loc EndOffset="18400" SrcFileId="7" StartOffset="18383"/>
</LocList>
</BasicBoolTerm>
<LocList>
<Loc EndOffset="18382" SrcFileId="7" StartOffset="18380"/>
</LocList>
</OpTerm>
<OpTerm BooleanOpId="9" Intrnl_Id="1823">
<BasicBoolTerm Intrnl_Id="1824">
<LocList>
<Loc EndOffset="18440" SrcFileId="7" StartOffset="18423"/>
</LocList>
</BasicBoolTerm>
<BasicBoolTerm Intrnl_Id="1825">
<LocList>
<Loc EndOffset="18461" SrcFileId="7" StartOffset="18444"/>
</LocList>
</BasicBoolTerm>
<LocList>
<Loc EndOffset="18443" SrcFileId="7" StartOffset="18441"/>
</LocList>
</OpTerm>
<LocList>
<Loc EndOffset="18421" SrcFileId="7" StartOffset="18419"/>
</LocList>
</OpTerm>
<OpTerm BooleanOpId="9" Intrnl_Id="1826">
<BasicBoolTerm Intrnl_Id="1827">
<LocList>
<Loc EndOffset="18501" SrcFileId="7" StartOffset="18484"/>
</LocList>
</BasicBoolTerm>
<BasicBoolTerm Intrnl_Id="1828">
<LocList>
<Loc EndOffset="18522" SrcFileId="7" StartOffset="18505"/>
</LocList>
</BasicBoolTerm>
<LocList>
<Loc EndOffset="18504" SrcFileId="7" StartOffset="18502"/>
</LocList>
</OpTerm>
<LocList>
<Loc EndOffset="18482" SrcFileId="7" StartOffset="18480"/>
</LocList>
</OpTerm>
<OpTerm BooleanOpId="9" Intrnl_Id="1829">
<BasicBoolTerm Intrnl_Id="1830">
<LocList>
<Loc EndOffset="18562" SrcFileId="7" StartOffset="18545"/>
</LocList>
</BasicBoolTerm>
<BasicBoolTerm Intrnl_Id="1831">
<LocList>
<Loc EndOffset="18583" SrcFileId="7" StartOffset="18566"/>
</LocList>
</BasicBoolTerm>
<LocList>
<Loc EndOffset="18565" SrcFileId="7" StartOffset="18563"/>
</LocList>
</OpTerm>
<LocList>
<Loc EndOffset="18543" SrcFileId="7" StartOffset="18541"/>
</LocList>
</OpTerm>
</RootTerm>
</CondStmnt>
<BasicStmnt CovItemId="S234" CovItemPrefix="com.OriginalFiles.Analyze.java" Intrnl_Id="1832">
<LocList>
<Loc EndOffset="18647" SrcFileId="7" StartOffset="18634"/>
</LocList>
</BasicStmnt>
</StmntSeq>
</HierarchyLvl>
<HierarchyLvl HierarchyLvlId="10264" HierarchyLvlTypeId="13" Intrnl_Id="1833" Name="isNearDoubleCorners">
<Header>
<Loc EndOffset="18710" SrcFileId="7" StartOffset="18662"/>
</Header>
<LocList>
<Loc EndOffset="19263" SrcFileId="7" StartOffset="18662"/>
</LocList>
<StmntSeq Intrnl_Id="1834">
<LocList>
<Loc EndOffset="19233" SrcFileId="7" StartOffset="18722"/>
<Loc EndOffset="19256" SrcFileId="7" StartOffset="19243"/>
</LocList>
<CondStmnt CovItemId="S235" CovItemPrefix="com.OriginalFiles.Analyze.java" Intrnl_Id="1835">
<Branch CovItemId="B142" CovItemPrefix="com.OriginalFiles.Analyze.java" Implct="false" Intrnl_Id="1836">
<Cond/>
<LocList>
<Loc EndOffset="19233" SrcFileId="7" StartOffset="19195"/>
</LocList>
<StmntSeq Intrnl_Id="1837">
<LocList>
<Loc EndOffset="19222" SrcFileId="7" StartOffset="19210"/>
</LocList>
<BasicStmnt CovItemId="S236" CovItemPrefix="com.OriginalFiles.Analyze.java" Intrnl_Id="1838">
<LocList>
<Loc EndOffset="19222" SrcFileId="7" StartOffset="19210"/>
</LocList>
</BasicStmnt>
</StmntSeq>
</Branch>
<Branch CovItemId="B143" CovItemPrefix="com.OriginalFiles.Analyze.java" Implct="true" Intrnl_Id="1839">
<Cond/>
<LocList/>
<StmntSeq Intrnl_Id="1840">
<LocList/>
</StmntSeq>
</Branch>
<Keyword EndOffset="18724" SrcFileId="7" StartOffset="18722"/>
<LocList>
<Loc EndOffset="19233" SrcFileId="7" StartOffset="18722"/>
</LocList>
<RootTerm CovItemId="C77" CovItemPrefix="com.OriginalFiles.Analyze.java" Intrnl_Id="1841">
<OpTerm BooleanOpId="10" Intrnl_Id="1842">
<OpTerm BooleanOpId="10" Intrnl_Id="1843">
<OpTerm BooleanOpId="10" Intrnl_Id="1844">
<OpTerm BooleanOpId="10" Intrnl_Id="1845">
<OpTerm BooleanOpId="10" Intrnl_Id="1846">
<OpTerm BooleanOpId="10" Intrnl_Id="1847">
<OpTerm BooleanOpId="10" Intrnl_Id="1848">
<OpTerm BooleanOpId="9" Intrnl_Id="1849">
<BasicBoolTerm Intrnl_Id="1850">
<LocList>
<Loc EndOffset="18744" SrcFileId="7" StartOffset="18727"/>
</LocList>
</BasicBoolTerm>
<BasicBoolTerm Intrnl_Id="1851">
<LocList>
<Loc EndOffset="18765" SrcFileId="7" StartOffset="18748"/>
</LocList>
</BasicBoolTerm>
<LocList>
<Loc EndOffset="18747" SrcFileId="7" StartOffset="18745"/>
</LocList>
</OpTerm>
<OpTerm BooleanOpId="9" Intrnl_Id="1852">
<BasicBoolTerm Intrnl_Id="1853">
<LocList>
<Loc EndOffset="18805" SrcFileId="7" StartOffset="18788"/>
</LocList>
</BasicBoolTerm>
<BasicBoolTerm Intrnl_Id="1854">
<LocList>
<Loc EndOffset="18826" SrcFileId="7" StartOffset="18809"/>
</LocList>
</BasicBoolTerm>
<LocList>
<Loc EndOffset="18808" SrcFileId="7" StartOffset="18806"/>
</LocList>
</OpTerm>
<LocList>
<Loc EndOffset="18786" SrcFileId="7" StartOffset="18784"/>
</LocList>
</OpTerm>
<OpTerm BooleanOpId="9" Intrnl_Id="1855">
<BasicBoolTerm Intrnl_Id="1856">
<LocList>
<Loc EndOffset="18866" SrcFileId="7" StartOffset="18849"/>
</LocList>
</BasicBoolTerm>
<BasicBoolTerm Intrnl_Id="1857">
<LocList>
<Loc EndOffset="18887" SrcFileId="7" StartOffset="18870"/>
</LocList>
</BasicBoolTerm>
<LocList>
<Loc EndOffset="18869" SrcFileId="7" StartOffset="18867"/>
</LocList>
</OpTerm>
<LocList>
<Loc EndOffset="18847" SrcFileId="7" StartOffset="18845"/>
</LocList>
</OpTerm>
<OpTerm BooleanOpId="9" Intrnl_Id="1858">
<BasicBoolTerm Intrnl_Id="1859">
<LocList>
<Loc EndOffset="18927" SrcFileId="7" StartOffset="18910"/>
</LocList>
</BasicBoolTerm>
<BasicBoolTerm Intrnl_Id="1860">
<LocList>
<Loc EndOffset="18948" SrcFileId="7" StartOffset="18931"/>
</LocList>
</BasicBoolTerm>
<LocList>
<Loc EndOffset="18930" SrcFileId="7" StartOffset="18928"/>
</LocList>
</OpTerm>
<LocList>
<Loc EndOffset="18908" SrcFileId="7" StartOffset="18906"/>
</LocList>
</OpTerm>
<OpTerm BooleanOpId="9" Intrnl_Id="1861">
<BasicBoolTerm Intrnl_Id="1862">
<LocList>
<Loc EndOffset="18988" SrcFileId="7" StartOffset="18971"/>
</LocList>
</BasicBoolTerm>
<BasicBoolTerm Intrnl_Id="1863">
<LocList>
<Loc EndOffset="19009" SrcFileId="7" StartOffset="18992"/>
</LocList>
</BasicBoolTerm>
<LocList>
<Loc EndOffset="18991" SrcFileId="7" StartOffset="18989"/>
</LocList>
</OpTerm>
<LocList>
<Loc EndOffset="18969" SrcFileId="7" StartOffset="18967"/>
</LocList>
</OpTerm>
<OpTerm BooleanOpId="9" Intrnl_Id="1864">
<BasicBoolTerm Intrnl_Id="1865">
<LocList>
<Loc EndOffset="19049" SrcFileId="7" StartOffset="19032"/>
</LocList>
</BasicBoolTerm>
<BasicBoolTerm Intrnl_Id="1866">
<LocList>
<Loc EndOffset="19070" SrcFileId="7" StartOffset="19053"/>
</LocList>
</BasicBoolTerm>
<LocList>
<Loc EndOffset="19052" SrcFileId="7" StartOffset="19050"/>
</LocList>
</OpTerm>
<LocList>
<Loc EndOffset="19030" SrcFileId="7" StartOffset="19028"/>
</LocList>
</OpTerm>
<OpTerm BooleanOpId="9" Intrnl_Id="1867">
<BasicBoolTerm Intrnl_Id="1868">
<LocList>
<Loc EndOffset="19110" SrcFileId="7" StartOffset="19093"/>
</LocList>
</BasicBoolTerm>
<BasicBoolTerm Intrnl_Id="1869">
<LocList>
<Loc EndOffset="19131" SrcFileId="7" StartOffset="19114"/>
</LocList>
</BasicBoolTerm>
<LocList>
<Loc EndOffset="19113" SrcFileId="7" StartOffset="19111"/>
</LocList>
</OpTerm>
<LocList>
<Loc EndOffset="19091" SrcFileId="7" StartOffset="19089"/>
</LocList>
</OpTerm>
<OpTerm BooleanOpId="9" Intrnl_Id="1870">
<BasicBoolTerm Intrnl_Id="1871">
<LocList>
<Loc EndOffset="19171" SrcFileId="7" StartOffset="19154"/>
</LocList>
</BasicBoolTerm>
<BasicBoolTerm Intrnl_Id="1872">
<LocList>
<Loc EndOffset="19192" SrcFileId="7" StartOffset="19175"/>
</LocList>
</BasicBoolTerm>
<LocList>
<Loc EndOffset="19174" SrcFileId="7" StartOffset="19172"/>
</LocList>
</OpTerm>
<LocList>
<Loc EndOffset="19152" SrcFileId="7" StartOffset="19150"/>
</LocList>
</OpTerm>
</RootTerm>
</CondStmnt>
<BasicStmnt CovItemId="S237" CovItemPrefix="com.OriginalFiles.Analyze.java" Intrnl_Id="1873">
<LocList>
<Loc EndOffset="19256" SrcFileId="7" StartOffset="19243"/>
</LocList>
</BasicStmnt>
</StmntSeq>
</HierarchyLvl>
</HierarchyLvl>
</HierarchyLvl>
</HierarchyLvl>
</HierarchyLvl>
</MASTRoot>
</TestSessionContainer>
