<?xml version="1.0" encoding="UTF-8"?><TestSessionContainer xmlns="http://www.codecover.org/xml/testsession-container" Date="1385541163201" TestSessionContainerId="92ef4881-6159-4f05-b585-7713855021ad" version="1.0">
<SrcFileList>
<SrcFile Content="package com.OriginalFiles;&#13;&#10;&#13;&#10;import com.CustomClasses.Color;&#13;&#10;&#13;&#10;import custom.Exceptions.NoKingLeft;&#13;&#10;&#13;&#10;import java.io.IOException;&#13;&#10;import java.util.ArrayList;&#13;&#10;import java.util.List;&#13;&#10;&#13;&#10;public class RemoteNXTFunctions {&#13;&#10;    public Board checkersBoard;&#13;&#10;    public int analyzeTestVariable = 0;&#13;&#10;    public boolean analyzeresetMotorsTestVariable = false;&#13;&#10;&#13;&#10;    public RemoteNXTFunctions() throws InterruptedException, IOException {&#13;&#10;        checkersBoard = new Board(this);&#13;&#10;    }&#13;&#10;    public void resetMotors() {&#13;&#10;        analyzeresetMotorsTestVariable = true;&#13;&#10;    }&#13;&#10;&#13;&#10;    public void trashPieceOnField(Field field) {&#13;&#10;        field.setPieceOnField(null);&#13;&#10;        &#13;&#10;    }&#13;&#10;&#13;&#10;    public void doMove(Move move) throws IOException, NoKingLeft {&#13;&#10;        List&lt;Field&gt; takenPieces = new ArrayList&lt;Field&gt;();&#13;&#10;&#13;&#10;        int stop = move.moves.size() - 1;&#13;&#10;        for (int i = 0; i &lt; stop; i++) {&#13;&#10;            Field jumpedField = movePieceOverField(move.moves.get(i),&#13;&#10;                                                   move.moves.get(i + 1));&#13;&#10;            if (jumpedField != null) {&#13;&#10;                takenPieces.add(jumpedField);&#13;&#10;            }&#13;&#10;        }&#13;&#10;&#13;&#10;        for (int i = 0; i &lt; takenPieces.size(); i++) {&#13;&#10;            trashPieceOnField(takenPieces.get(i));&#13;&#10;        }&#13;&#10;        &#13;&#10;    }&#13;&#10;    private Field movePieceOverField(Field fromField, Field toField)&#13;&#10;            throws IOException, NoKingLeft {&#13;&#10;        movePiece(fromField, toField);&#13;&#10;&#13;&#10;        if (checkersBoard.checkBounds(fromField.x, fromField.y)&#13;&#10;                &amp;&amp; Math.abs(fromField.x - toField.x) == 2) {&#13;&#10;            return checkersBoard.myBoard[(fromField.x + toField.x) / 2]&#13;&#10;                                        [(fromField.y + toField.y) / 2];&#13;&#10;        } else {&#13;&#10;            return null;&#13;&#10;        }&#13;&#10;    }&#13;&#10;    private void movePiece(Field fromField, Field toField)&#13;&#10;            throws IOException, NoKingLeft {&#13;&#10;        checkersBoard.movePieceInRepresentation(fromField, toField, false);&#13;&#10;    }&#13;&#10;&#13;&#10;    public void waitForRedButton() {&#13;&#10;        // TODO Auto-generated method stub&#13;&#10;&#13;&#10;    }&#13;&#10;&#13;&#10;    public void initColorSensor() {&#13;&#10;        // TODO Auto-generated method stub&#13;&#10;&#13;&#10;    }&#13;&#10;&#13;&#10;    public final Color getColorOnField(int x, int y) {&#13;&#10;        Color output = new Color();&#13;&#10;        &#13;&#10;        if(analyzeTestVariable == 0) {&#13;&#10;            if(x == 0 &amp;&amp; y == 1)&#13;&#10;            {&#13;&#10;                output.setColor('r');&#13;&#10;            } else if (x == 2 &amp;&amp; y == 5) {&#13;&#10;                output.setColor(' ');&#13;&#10;            } else if (x == 1 &amp;&amp; y == 4) {&#13;&#10;                output.setColor('w');&#13;&#10;            } else if (checkersBoard.myBoard[x][y].getPieceOnField() != null) {&#13;&#10;                output.setColor(checkersBoard.myBoard[x][y].getPieceOnField().color);&#13;&#10;            } else {&#13;&#10;                output.setColor(' ');&#13;&#10;            }&#13;&#10;        }&#13;&#10;        else {&#13;&#10;            // made to reset totalAnalyzeRuns&#13;&#10;            if(analyzeTestVariable == 100) {&#13;&#10;                if(x == 3 &amp;&amp; y == 2)&#13;&#10;                {&#13;&#10;                    output.setColor(' ');&#13;&#10;                }&#13;&#10;                else if(x == 4 &amp;&amp; y == 1)&#13;&#10;                {&#13;&#10;                    output.setColor('g');&#13;&#10;                } else if (checkersBoard.myBoard[x][y].getPieceOnField() != null) {&#13;&#10;                    output.setColor(checkersBoard.myBoard[x][y].getPieceOnField().color);&#13;&#10;                } else {&#13;&#10;                    output.setColor(' ');&#13;&#10;                }&#13;&#10;            }&#13;&#10;            // made to reset totalAnalyzeRuns&#13;&#10;            if(analyzeTestVariable == 101) {&#13;&#10;                if(x == 3 &amp;&amp; y == 2)&#13;&#10;                {&#13;&#10;                    output.setColor('g');&#13;&#10;                }&#13;&#10;                else if(x == 4 &amp;&amp; y == 1)&#13;&#10;                {&#13;&#10;                    output.setColor(' ');&#13;&#10;                } else if (checkersBoard.myBoard[x][y].getPieceOnField() != null) {&#13;&#10;                    output.setColor(checkersBoard.myBoard[x][y].getPieceOnField().color);&#13;&#10;                } else {&#13;&#10;                    output.setColor(' ');&#13;&#10;                }&#13;&#10;            }&#13;&#10;&#13;&#10;            if(analyzeTestVariable == 1) {&#13;&#10;                if(x == 1 &amp;&amp; y == 4)&#13;&#10;                {&#13;&#10;                    output.setColor('w');&#13;&#10;                }&#13;&#10;                else if(x == 0 &amp;&amp; y == 5)&#13;&#10;                {&#13;&#10;                    output.setColor(' ');&#13;&#10;                } else if (checkersBoard.myBoard[x][y].getPieceOnField() != null) {&#13;&#10;                    output.setColor(checkersBoard.myBoard[x][y].getPieceOnField().color);&#13;&#10;                } else {&#13;&#10;                    output.setColor(' ');&#13;&#10;                }&#13;&#10;            }&#13;&#10;            else if (analyzeTestVariable == 2) {&#13;&#10;                if(x == 2 &amp;&amp; y == 5)&#13;&#10;                {&#13;&#10;                    output.setColor(' ');&#13;&#10;                }&#13;&#10;                else if(x == 3 &amp;&amp; y == 4) {&#13;&#10;                    output.setColor(' ');&#13;&#10;                }&#13;&#10;                else if(x == 4 &amp;&amp; y == 3)&#13;&#10;                {&#13;&#10;                    output.setColor('w');&#13;&#10;                } else if (checkersBoard.myBoard[x][y].getPieceOnField() != null) {&#13;&#10;                    output.setColor(checkersBoard.myBoard[x][y].getPieceOnField().color);&#13;&#10;                } else {&#13;&#10;                    output.setColor(' ');&#13;&#10;                }&#13;&#10;            }&#13;&#10;            else if (analyzeTestVariable == 3) {&#13;&#10;                if(x == 2 &amp;&amp; y == 3) {&#13;&#10;                    output.setColor(' ');&#13;&#10;                } else if (checkersBoard.myBoard[x][y].getPieceOnField() != null) {&#13;&#10;                    output.setColor(checkersBoard.myBoard[x][y].getPieceOnField().color);&#13;&#10;                } else {&#13;&#10;                    output.setColor(' ');&#13;&#10;                }&#13;&#10;            }&#13;&#10;            else if (analyzeTestVariable == 4) {&#13;&#10;                if(x == 0 &amp;&amp; y == 1) {&#13;&#10;                    output.setColor('w');&#13;&#10;                } else if (checkersBoard.myBoard[x][y].getPieceOnField() != null) {&#13;&#10;                    output.setColor(checkersBoard.myBoard[x][y].getPieceOnField().color);&#13;&#10;                } else {&#13;&#10;                    output.setColor(' ');&#13;&#10;                }&#13;&#10;            }&#13;&#10;            else if (analyzeTestVariable == 5) {&#13;&#10;                if(x == 5 &amp;&amp; y == 4) {&#13;&#10;                    output.setColor(' ');&#13;&#10;                } else if(x == 4 &amp;&amp; y == 3) {&#13;&#10;                    output.setColor('g');&#13;&#10;                } else if (checkersBoard.myBoard[x][y].getPieceOnField() != null) {&#13;&#10;                    output.setColor(checkersBoard.myBoard[x][y].getPieceOnField().color);&#13;&#10;                } else {&#13;&#10;                    output.setColor(' ');&#13;&#10;                }&#13;&#10;            }&#13;&#10;            else if (analyzeTestVariable == 6) {&#13;&#10;                if(x == 5 &amp;&amp; y == 4) {&#13;&#10;                    output.setColor(' ');&#13;&#10;                } else if(x == 6 &amp;&amp; y == 3) {&#13;&#10;                    output.setColor('g');&#13;&#10;                } else if (checkersBoard.myBoard[x][y].getPieceOnField() != null) {&#13;&#10;                    output.setColor(checkersBoard.myBoard[x][y].getPieceOnField().color);&#13;&#10;                } else {&#13;&#10;                    output.setColor(' ');&#13;&#10;                }&#13;&#10;            }&#13;&#10;            else if (analyzeTestVariable == 7) {&#13;&#10;                if(x == 5 &amp;&amp; y == 4) {&#13;&#10;                    output.setColor(' ');&#13;&#10;                } else if(x == 4 &amp;&amp; y == 5) {&#13;&#10;                    output.setColor('g');&#13;&#10;                } else if (checkersBoard.myBoard[x][y].getPieceOnField() != null) {&#13;&#10;                    output.setColor(checkersBoard.myBoard[x][y].getPieceOnField().color);&#13;&#10;                } else {&#13;&#10;                    output.setColor(' ');&#13;&#10;                }&#13;&#10;            }&#13;&#10;            else if (analyzeTestVariable == 8) {&#13;&#10;                if(x == 5 &amp;&amp; y == 4) {&#13;&#10;                    output.setColor(' ');&#13;&#10;                } else if(x == 6 &amp;&amp; y == 5) {&#13;&#10;                    output.setColor('g');&#13;&#10;                } else if (checkersBoard.myBoard[x][y].getPieceOnField() != null) {&#13;&#10;                    output.setColor(checkersBoard.myBoard[x][y].getPieceOnField().color);&#13;&#10;                } else {&#13;&#10;                    output.setColor(' ');&#13;&#10;                }&#13;&#10;            }&#13;&#10;            else if (analyzeTestVariable == 9) {&#13;&#10;                if(x == 5 &amp;&amp; y == 4) {&#13;&#10;                    output.setColor(' ');&#13;&#10;                } else if(x == 4 &amp;&amp; y == 3) {&#13;&#10;                    output.setColor('g');&#13;&#10;                } else if(x == 5 &amp;&amp; y == 2) {&#13;&#10;                    output.setColor(' ');&#13;&#10;                } else if (checkersBoard.myBoard[x][y].getPieceOnField() != null) {&#13;&#10;                    output.setColor(checkersBoard.myBoard[x][y].getPieceOnField().color);&#13;&#10;                } else {&#13;&#10;                    output.setColor(' ');&#13;&#10;                }&#13;&#10;            } else if (analyzeTestVariable == 10) {&#13;&#10;                if(x == 5 &amp;&amp; y == 4) {&#13;&#10;                    output.setColor(' ');&#13;&#10;                } else if(x == 6 &amp;&amp; y == 3) {&#13;&#10;                    output.setColor('g');&#13;&#10;                } else if(x == 5 &amp;&amp; y == 2) {&#13;&#10;                    output.setColor(' ');&#13;&#10;                } else if (checkersBoard.myBoard[x][y].getPieceOnField() != null) {&#13;&#10;                    output.setColor(checkersBoard.myBoard[x][y].getPieceOnField().color);&#13;&#10;                } else {&#13;&#10;                    output.setColor(' ');&#13;&#10;                }&#13;&#10;            } else if (analyzeTestVariable == 11) {&#13;&#10;                if(x == 5 &amp;&amp; y == 4) {&#13;&#10;                    output.setColor(' ');&#13;&#10;                } else if(x == 4 &amp;&amp; y == 5) {&#13;&#10;                    output.setColor('g');&#13;&#10;                } else if(x == 5 &amp;&amp; y == 6) {&#13;&#10;                    output.setColor(' ');&#13;&#10;                } else if (checkersBoard.myBoard[x][y].getPieceOnField() != null) {&#13;&#10;                    output.setColor(checkersBoard.myBoard[x][y].getPieceOnField().color);&#13;&#10;                } else {&#13;&#10;                    output.setColor(' ');&#13;&#10;                }&#13;&#10;            } else if (analyzeTestVariable == 12) {&#13;&#10;                if(x == 5 &amp;&amp; y == 4) {&#13;&#10;                    output.setColor(' ');&#13;&#10;                } else if(x == 6 &amp;&amp; y == 5) {&#13;&#10;                    output.setColor('g');&#13;&#10;                } else if(x == 5 &amp;&amp; y == 6) {&#13;&#10;                    output.setColor(' ');&#13;&#10;                } else if (checkersBoard.myBoard[x][y].getPieceOnField() != null) {&#13;&#10;                    output.setColor(checkersBoard.myBoard[x][y].getPieceOnField().color);&#13;&#10;                } else {&#13;&#10;                    output.setColor(' ');&#13;&#10;                }&#13;&#10;            } else if (analyzeTestVariable == 13) {&#13;&#10;                if(x == 4 &amp;&amp; y == 1) {&#13;&#10;                    output.setColor(' ');&#13;&#10;                } else if(x == 3 &amp;&amp; y == 0) {&#13;&#10;                    output.setColor('w');&#13;&#10;                } else if (checkersBoard.myBoard[x][y].getPieceOnField() != null) {&#13;&#10;                    output.setColor(checkersBoard.myBoard[x][y].getPieceOnField().color);&#13;&#10;                } else {&#13;&#10;                    output.setColor(' ');&#13;&#10;                }&#13;&#10;            } else if (analyzeTestVariable == 14) {&#13;&#10;                if(x == 2 &amp;&amp; y == 7) {&#13;&#10;                    output.setColor('b');&#13;&#10;                } else if (checkersBoard.myBoard[x][y].getPieceOnField() != null) {&#13;&#10;                    output.setColor(checkersBoard.myBoard[x][y].getPieceOnField().color);&#13;&#10;                } else {&#13;&#10;                    output.setColor(' ');&#13;&#10;                }&#13;&#10;            }&#13;&#10;        }&#13;&#10;        &#13;&#10;        return output;&#13;&#10;    }&#13;&#10;&#13;&#10;}&#13;&#10;" Filename="RemoteNXTFunctions.java" Intrnl_Id="1"/>
<SrcFile Content="package com.OriginalFiles;&#13;&#10;&#13;&#10;public class Piece {&#13;&#10;    private int x = -1, y = -1;&#13;&#10;    public char color;&#13;&#10;    public boolean isMoveable = false;&#13;&#10;    public boolean canJump = false;&#13;&#10;    public boolean isCrowned = false;&#13;&#10;    private double currentValue = 0;&#13;&#10;    private int calculatedGameState = 0;&#13;&#10;    private final int isMidgame = 1;&#13;&#10;    private final int isEndgame = 2;&#13;&#10;    private Board checkersBoard;&#13;&#10;&#13;&#10;    private final int valueOfPiece = 10;&#13;&#10;    private final int middleBonus = 3;&#13;&#10;    private final int closeBonus = 4;&#13;&#10;    private final int backlineBonus = 7;&#13;&#10;    private final int kingBonus = 15;&#13;&#10;&#13;&#10;    public Piece(Board input) {&#13;&#10;        checkersBoard = input;&#13;&#10;    }&#13;&#10;&#13;&#10;    public final int getY() {&#13;&#10;        return y;&#13;&#10;    }&#13;&#10;&#13;&#10;    public final int getX() {&#13;&#10;        return x;&#13;&#10;    }&#13;&#10;&#13;&#10;    public final void setXY(int inputX, int inputY) {&#13;&#10;        x = inputX;&#13;&#10;        y = inputY;&#13;&#10;        updatePriceMidgame();&#13;&#10;    }&#13;&#10;&#13;&#10;    private boolean isOnBoard() {&#13;&#10;        if (checkersBoard.checkBounds(x, y)) {&#13;&#10;            return true;&#13;&#10;        } else {&#13;&#10;            currentValue = 0;&#13;&#10;            return false;&#13;&#10;        }&#13;&#10;    }&#13;&#10;&#13;&#10;    public final double priceForPiece(int gameState) {&#13;&#10;        if (calculatedGameState != gameState || gameState == isEndgame) {&#13;&#10;                updatePrice(gameState);&#13;&#10;        }&#13;&#10;        return currentValue;&#13;&#10;    }&#13;&#10;&#13;&#10;    private int min(int a, int b) {&#13;&#10;        if (a &lt; b) {&#13;&#10;            return a;&#13;&#10;        }&#13;&#10;        return b;&#13;&#10;    }&#13;&#10;&#13;&#10;    private void updatePriceMidgame() {&#13;&#10;        updatePrice(isMidgame);&#13;&#10;    }&#13;&#10;&#13;&#10;    private void updatePrice(int gameState) {&#13;&#10;        if (isOnBoard()) {&#13;&#10;            calculatedGameState = gameState;&#13;&#10;            int returnValue = valueOfPiece;&#13;&#10;            if (gameState == isMidgame) {&#13;&#10;                returnValue += middleBonus&#13;&#10;                        - min(Math.abs(3 - x), Math.abs(4 - x));&#13;&#10;            }&#13;&#10;            if (gameState == isEndgame) {&#13;&#10;                returnValue += closeBonus - closestPiece();&#13;&#10;            }&#13;&#10;&#13;&#10;            if (!isCrowned&#13;&#10;                    &amp;&amp; ((checkersBoard.checkAllegiance(this, true)&#13;&#10;                            &amp;&amp; y == 7)&#13;&#10;                    || (checkersBoard.checkAllegiance(this, false)&#13;&#10;                            &amp;&amp; y == 0))) {&#13;&#10;                if (gameState == isMidgame) {&#13;&#10;                    returnValue += backlineBonus / 2;&#13;&#10;                }&#13;&#10;                returnValue += backlineBonus / 2;&#13;&#10;            }&#13;&#10;            if (isCrowned) {&#13;&#10;                returnValue += kingBonus;&#13;&#10;            }&#13;&#10;            currentValue = returnValue;&#13;&#10;        }&#13;&#10;    }&#13;&#10;&#13;&#10;    private int closestPiece() {&#13;&#10;        boolean found = false;&#13;&#10;        int distance = 0;&#13;&#10;        while (!found &amp;&amp; distance &lt; 8) {&#13;&#10;            distance += 1;&#13;&#10;            OUTERMOST: for (int i = -distance; i &lt; 1 + distance; i++) {&#13;&#10;                for (int j = -distance; j &lt; 1 + distance; j++) {&#13;&#10;                    if (checkersBoard.&#13;&#10;                            checkBounds(x + i, y + j)) {&#13;&#10;                        if (checkersBoard.checkAllegiance(&#13;&#10;                                checkersBoard.&#13;&#10;                                myBoard[x + i][y + j], true)) {&#13;&#10;                            found = true;&#13;&#10;                            break OUTERMOST;&#13;&#10;                        }&#13;&#10;                    }&#13;&#10;                }&#13;&#10;            }&#13;&#10;        }&#13;&#10;        return distance;&#13;&#10;    }&#13;&#10;}" Filename="Piece.java" Intrnl_Id="2"/>
<SrcFile Content="package com.OriginalFiles;&#13;&#10;&#13;&#10;import java.util.ArrayList;&#13;&#10;import java.util.List;&#13;&#10;&#13;&#10;public class Move {&#13;&#10;    public List&lt;Field&gt; moves;&#13;&#10;    //public boolean isJump;&#13;&#10;    public List&lt;Piece&gt; takenPieces = new ArrayList&lt;Piece&gt;();&#13;&#10;    public boolean wasKingBefore = false;&#13;&#10;&#13;&#10;    public Move(Field movefrom, Field moveto, boolean wasKing) {&#13;&#10;        List&lt;Field&gt; moveToList = new ArrayList&lt;Field&gt;();&#13;&#10;        moveToList.add(movefrom);&#13;&#10;        moveToList.add(moveto);&#13;&#10;        this.moves = moveToList;&#13;&#10;        this.wasKingBefore = wasKing;&#13;&#10;    }&#13;&#10;&#13;&#10;    public Move(List&lt;Field&gt; moveToList, boolean wasKing) {&#13;&#10;        this.moves = moveToList;&#13;&#10;        this.wasKingBefore = wasKing;&#13;&#10;    }&#13;&#10;&#13;&#10;    public Move() {&#13;&#10;        List&lt;Field&gt; moveToList = new ArrayList&lt;Field&gt;();&#13;&#10;        this.moves = moveToList;&#13;&#10;    }&#13;&#10;&#13;&#10;    public final boolean isJump() {&#13;&#10;        if (moves.size() &gt;= 2) {&#13;&#10;            Field to = moves.get(1);&#13;&#10;            Field from  = moves.get(0);&#13;&#10;&#13;&#10;            return Math.abs(from.x - to.x) == 2 &amp;&amp; Math.abs(from.y - to.y) == 2;&#13;&#10;        } else {&#13;&#10;            return false;&#13;&#10;        }&#13;&#10;    }&#13;&#10;&#13;&#10;    public final void addStep(Field step) {&#13;&#10;        this.moves.add(step);&#13;&#10;    }&#13;&#10;}&#13;&#10;&#13;&#10;" Filename="Move.java" Intrnl_Id="3"/>
<SrcFile Content="package com.OriginalFiles;&#13;&#10;&#13;&#10;import java.io.IOException;&#13;&#10;import java.util.ArrayList;&#13;&#10;import java.util.List;&#13;&#10;import custom.Exceptions.NoKingLeft;&#13;&#10;&#13;&#10;public class MI {&#13;&#10;    public RemoteNXTFunctions remoteNXT;&#13;&#10;    private final double inf = 100000.0;&#13;&#10;    private List&lt;Move&gt; simulatedMoves = new ArrayList&lt;Move&gt;();&#13;&#10;    public MI(RemoteNXTFunctions inputRemoteNXT) {&#13;&#10;        remoteNXT = inputRemoteNXT;&#13;&#10;        updatePieceList();&#13;&#10;&#13;&#10;    }&#13;&#10;&#13;&#10;    List&lt;Piece&gt; ownPieces = new ArrayList&lt;Piece&gt;();&#13;&#10;    List&lt;Piece&gt; oppPieces = new ArrayList&lt;Piece&gt;();&#13;&#10;&#13;&#10;    private void updatePieceList() {&#13;&#10;        ownPieces.clear();&#13;&#10;        oppPieces.clear();&#13;&#10;        for (Field[] f: remoteNXT.checkersBoard.myBoard) {&#13;&#10;            for (Field q: f) {&#13;&#10;                if (!q.isEmpty()) {&#13;&#10;                    if (remoteNXT.checkersBoard.checkAllegiance(q, false)) {&#13;&#10;                        ownPieces.add(q.getPieceOnField());&#13;&#10;                    } else {&#13;&#10;                        oppPieces.add(q.getPieceOnField());&#13;&#10;                    }&#13;&#10;                }&#13;&#10;            }&#13;&#10;        }&#13;&#10;    }&#13;&#10;&#13;&#10;    /* ------------------------------------------------------------------  *&#13;&#10;    /* MI brain starts */&#13;&#10;&#13;&#10;    public final Move lookForBestMove() throws NoKingLeft, IOException,&#13;&#10;                                         InterruptedException {&#13;&#10;        updatePieceList();&#13;&#10;        List&lt;Move&gt; posMoves = possibleMoves(1);&#13;&#10;        List&lt;Move&gt; bestMoves = new ArrayList&lt;Move&gt;();&#13;&#10;        double price = -inf;&#13;&#10;        double tempPrice;&#13;&#10;&#13;&#10;        if (posMoves.size() == 1) {&#13;&#10;            return posMoves.get(0);&#13;&#10;        }&#13;&#10;&#13;&#10;        for (Move move : posMoves) {&#13;&#10;            simulateMove(move);&#13;&#10;&#13;&#10;            tempPrice =  -negaMax(numberofmovelook, -1, -inf, -price);&#13;&#10;            revertMove();&#13;&#10;&#13;&#10;            if (tempPrice &gt; price) {&#13;&#10;                price = tempPrice;&#13;&#10;                bestMoves.clear();&#13;&#10;                bestMoves.add(move);&#13;&#10;            } else if (tempPrice == price) {&#13;&#10;                bestMoves.add(move);&#13;&#10;            }&#13;&#10;        }&#13;&#10;        return bestMoves.get((int) (Math.random() * (bestMoves.size() - 1)));&#13;&#10;    }&#13;&#10;&#13;&#10;&#13;&#10;    private double negaMax(int depth, int turn, double alpha, double beta)&#13;&#10;            throws NoKingLeft, IOException, InterruptedException {&#13;&#10;      //latex start negaMax&#13;&#10;        if (depth == 0&#13;&#10;                || remoteNXT.checkersBoard.analyzeFunctions.&#13;&#10;                gameHasEnded(-1 == turn) != 0) {&#13;&#10;            return turn * evaluation(turn);&#13;&#10;        }&#13;&#10;        List&lt;Move&gt; moves;&#13;&#10;        moves = possibleMoves(turn);&#13;&#10;&#13;&#10;        double bestValue = -inf;&#13;&#10;        for (Move move : moves) {&#13;&#10;            simulateMove(move);&#13;&#10;            double newPrice = -negaMax(depth - 1, -turn, -beta, -alpha);&#13;&#10;            revertMove();&#13;&#10;&#13;&#10;            bestValue = max(bestValue, newPrice);&#13;&#10;            alpha = max(alpha, newPrice);&#13;&#10;            if (alpha &gt;= beta) {&#13;&#10;                break;&#13;&#10;            }&#13;&#10;        }&#13;&#10;        //latex end&#13;&#10;        return bestValue;&#13;&#10;    }&#13;&#10;    /* how much the AI/MI looks forward */&#13;&#10;    private int numberofmovelook = 2;&#13;&#10;&#13;&#10;    /* how glad the MI/AI are for the result of the game */&#13;&#10;    private double gameIsWon = inf / 2;&#13;&#10;    private final int gameIsDraw = 50;&#13;&#10;&#13;&#10;    private final int pieceDifferenceFactor = 4;&#13;&#10;&#13;&#10;    private final int isMidgame = 1;&#13;&#10;    private final int isEndgame = 2;&#13;&#10;    private final int midgameEnd = 7;&#13;&#10;&#13;&#10;    private double evaluation(int turn) {&#13;&#10;        double valueOfBoard = 0;&#13;&#10;&#13;&#10;        int state = gameState();&#13;&#10;&#13;&#10;        for (int i = 0; i &lt; ownPieces.size(); i++) {&#13;&#10;            valueOfBoard += ownPieces.get(i).priceForPiece(state);&#13;&#10;        }&#13;&#10;        for (int i = 0; i &lt; oppPieces.size(); i++) {&#13;&#10;            valueOfBoard -= oppPieces.get(i).priceForPiece(state);&#13;&#10;        }&#13;&#10;&#13;&#10;        boolean isHuman = (turn == -1);&#13;&#10;&#13;&#10;        switch (remoteNXT.checkersBoard.&#13;&#10;                analyzeFunctions.gameHasEnded(isHuman)) {&#13;&#10;        case 1:&#13;&#10;            valueOfBoard -= gameIsWon;&#13;&#10;            break;&#13;&#10;        case 2:&#13;&#10;            valueOfBoard += gameIsWon;&#13;&#10;            break;&#13;&#10;        case 3:&#13;&#10;            valueOfBoard += gameIsDraw;&#13;&#10;            break;&#13;&#10;        default:&#13;&#10;            valueOfBoard +=  pieceDifferenceFactor&#13;&#10;            * ((ownPieces.size() / oppPieces.size()) - 1);&#13;&#10;            break;&#13;&#10;        }&#13;&#10;&#13;&#10;        return valueOfBoard;&#13;&#10;    }&#13;&#10;&#13;&#10;    private int gameState() {&#13;&#10;        if (max(ownPieces.size(), oppPieces.size()) &gt;= midgameEnd) {&#13;&#10;            return isMidgame;&#13;&#10;        }&#13;&#10;        return isEndgame;&#13;&#10;    }&#13;&#10;&#13;&#10;    private double max(double x, double y) {&#13;&#10;        if (x &lt; y) {&#13;&#10;            return y;&#13;&#10;        }&#13;&#10;        return x;&#13;&#10;    }&#13;&#10;&#13;&#10;&#13;&#10;    /* MI brain stops */&#13;&#10;    /* ---------------------------------------------------------------------  */&#13;&#10;&#13;&#10;    private void simulateMove(Move move) throws NoKingLeft, IOException {&#13;&#10;        if (move.moves.size() &gt;= 2) {&#13;&#10;            int stop = move.moves.size() - 1;&#13;&#10;            for (int i = 0; i &lt; stop; i++) {&#13;&#10;                Field from = move.moves.get(i);&#13;&#10;                Field to = move.moves.get(i + 1);&#13;&#10;&#13;&#10;                if (Math.abs(from.x - to.x) == 2) {&#13;&#10;                    Piece takenPiece = remoteNXT.checkersBoard.myBoard&#13;&#10;                            [(from.x + to.x) / 2]&#13;&#10;                            [(from.y + to.y) / 2].getPieceOnField();&#13;&#10;                    if (remoteNXT.checkersBoard.&#13;&#10;                            checkAllegiance(takenPiece, true)) {&#13;&#10;                        oppPieces.remove(takenPiece);&#13;&#10;                    } else {&#13;&#10;                        ownPieces.remove(takenPiece);&#13;&#10;                    }&#13;&#10;                    move.takenPieces.add(takenPiece);&#13;&#10;                    remoteNXT.checkersBoard.myBoard&#13;&#10;                            [(from.x + to.x) / 2]&#13;&#10;                            [(from.y + to.y) / 2].setPieceOnField(null);&#13;&#10;                }&#13;&#10;                remoteNXT.checkersBoard.&#13;&#10;                    movePieceInRepresentation(from, to, true);&#13;&#10;            }&#13;&#10;            simulatedMoves.add(move);&#13;&#10;        }&#13;&#10;    }&#13;&#10;&#13;&#10;    private void revertMove() throws NoKingLeft, IOException {&#13;&#10;&#13;&#10;        if (simulatedMoves.size() != 0) {&#13;&#10;            Move temp = simulatedMoves.get(simulatedMoves.size() - 1);&#13;&#10;            simulatedMoves.remove(simulatedMoves.size() - 1);&#13;&#10;&#13;&#10;            int stop = temp.moves.size() - 1;&#13;&#10;            Field tempMove = null;&#13;&#10;&#13;&#10;            for (int j = stop; j &gt;= 1; j--) {&#13;&#10;                tempMove = temp.moves.get(j);&#13;&#10;                if (!tempMove.isEmpty()) {&#13;&#10;                    if (tempMove.getPieceOnField().isCrowned&#13;&#10;                            &amp;&amp; !temp.wasKingBefore) {&#13;&#10;                        if (remoteNXT.checkersBoard.&#13;&#10;                                checkAllegiance(tempMove, true)) {&#13;&#10;                            tempMove.getPieceOnField().color =&#13;&#10;                                   remoteNXT.checkersBoard.opponentPeasentColor;&#13;&#10;                        } else if (remoteNXT.checkersBoard.&#13;&#10;                                checkAllegiance(tempMove, false)) {&#13;&#10;                            tempMove.getPieceOnField().color =&#13;&#10;                                    remoteNXT.checkersBoard.myPeasentColor;&#13;&#10;                        }&#13;&#10;                        tempMove.getPieceOnField().isCrowned = false;&#13;&#10;                    }&#13;&#10;                }&#13;&#10;                remoteNXT.checkersBoard.movePieceInRepresentation(&#13;&#10;                        tempMove, temp.moves.get(j - 1), true);&#13;&#10;            }&#13;&#10;&#13;&#10;            stop = temp.takenPieces.size();&#13;&#10;&#13;&#10;            for (int i = 0; i &lt; stop; i++) {&#13;&#10;                Piece tempPiece = temp.takenPieces.get(i);&#13;&#10;                if (remoteNXT.checkersBoard.checkAllegiance(tempPiece, true)) {&#13;&#10;                    oppPieces.add(tempPiece);&#13;&#10;                } else {&#13;&#10;                    ownPieces.add(tempPiece);&#13;&#10;                }&#13;&#10;                remoteNXT.checkersBoard.myBoard&#13;&#10;                    [tempPiece.getX()][tempPiece.getY()].&#13;&#10;                    setPieceOnField(tempPiece);&#13;&#10;            }&#13;&#10;        }&#13;&#10;    }&#13;&#10;&#13;&#10;    //-1 = human, 1 = robot&#13;&#10;    private List&lt;Move&gt; possibleMoves(int moveForSide) throws&#13;&#10;                    InterruptedException, IOException, NoKingLeft {&#13;&#10;        List&lt;Move&gt; jumpMovements = new ArrayList&lt;Move&gt;();&#13;&#10;        List&lt;Move&gt; movements = new ArrayList&lt;Move&gt;();&#13;&#10;        remoteNXT.checkersBoard.updateMoveables();&#13;&#10;        for (Field[] f : remoteNXT.checkersBoard.myBoard) {&#13;&#10;            for (Field field : f) {&#13;&#10;                if (!field.isEmpty()) {&#13;&#10;                    if (field.getPieceOnField().isMoveable&#13;&#10;                            &amp;&amp; remoteNXT.checkersBoard.&#13;&#10;                            checkAllegiance(field, moveForSide == -1)) {&#13;&#10;                        //Jumps&#13;&#10;                        if (field.getPieceOnField().canJump) {&#13;&#10;                            List&lt;List&lt;Field&gt;&gt; listOfMoves =&#13;&#10;                                    remoteNXT.checkersBoard.&#13;&#10;                                    analyzeFunctions.jumpSequence(&#13;&#10;                                            field, moveForSide == 1,&#13;&#10;                                            field.getPieceOnField().isCrowned);&#13;&#10;&#13;&#10;                            for (List&lt;Field&gt; stackOfFields : listOfMoves) {&#13;&#10;                                if (stackOfFields.size() &gt;= 2) {&#13;&#10;                                    jumpMovements.add(new Move(stackOfFields,&#13;&#10;                                            field.getPieceOnField().isCrowned));&#13;&#10;                                }&#13;&#10;                            }&#13;&#10;                        } else {  // Moves&#13;&#10;                            List&lt;Field&gt; possibleMoves =&#13;&#10;                                    remoteNXT.checkersBoard.&#13;&#10;                                    checkMoveable(field, moveForSide);&#13;&#10;                            //Simple moves&#13;&#10;                            if (!possibleMoves.isEmpty()) {&#13;&#10;                                for (Field posField : possibleMoves) {&#13;&#10;                                    Move movement = new Move(field, posField,&#13;&#10;                                            field.getPieceOnField().isCrowned);&#13;&#10;                                    movements.add(movement);&#13;&#10;                                }&#13;&#10;                            }&#13;&#10;                        }&#13;&#10;                    }&#13;&#10;                }&#13;&#10;            }&#13;&#10;        }&#13;&#10;&#13;&#10;        if (jumpMovements.size() != 0) {&#13;&#10;            return jumpMovements;&#13;&#10;        } else {&#13;&#10;            return movements;&#13;&#10;        }&#13;&#10;    }&#13;&#10;}&#13;&#10;" Filename="MI.java" Intrnl_Id="4"/>
<SrcFile Content="package com.OriginalFiles;&#13;&#10;&#13;&#10;public class Field {&#13;&#10;    //allowedField determines if is an allowed field to play on (a black field)&#13;&#10;    public boolean allowedField;&#13;&#10;    public boolean visited = false;&#13;&#10;    public int x;&#13;&#10;    public int y;&#13;&#10;    private Piece pieceOnField = null;&#13;&#10;    public Field() { };&#13;&#10;    public Field(int inputx, int inputy) {&#13;&#10;        x = inputx;&#13;&#10;        y = inputy;&#13;&#10;    }&#13;&#10;&#13;&#10;    //Get and Set to access to private variable pieceOnField.&#13;&#10;    //Updates the coordinates of an piece when assigned to a field.&#13;&#10;    public final void setPieceOnField(Piece inputPiece) {&#13;&#10;        pieceOnField = inputPiece;&#13;&#10;        if (!isEmpty()) {&#13;&#10;            pieceOnField.setXY(x, y);&#13;&#10;        }&#13;&#10;    }&#13;&#10;&#13;&#10;    public final Piece getPieceOnField() {&#13;&#10;        return pieceOnField;&#13;&#10;    }&#13;&#10;&#13;&#10;    //A field is empty, if no piece is assigned to it.&#13;&#10;    public final boolean isEmpty() {&#13;&#10;        return (pieceOnField == null);&#13;&#10;    }&#13;&#10;&#13;&#10;    //Returns true if there is a piece on the field,&#13;&#10;    //and the piece is of the given color.&#13;&#10;    public final boolean isPieceOfColor(char input) {&#13;&#10;        if (isEmpty()) {&#13;&#10;            return false;&#13;&#10;        } else {&#13;&#10;            return (pieceOnField.color == input);&#13;&#10;        }&#13;&#10;    }&#13;&#10;&#13;&#10;    //Empty the field, by un-assigning the piece of the field.&#13;&#10;    public final void emptyThisField() {&#13;&#10;        pieceOnField = null;&#13;&#10;    }&#13;&#10;}&#13;&#10;" Filename="Field.java" Intrnl_Id="5"/>
<SrcFile Content="package com.OriginalFiles;&#13;&#10;&#13;&#10;public class Communication {&#13;&#10;&#13;&#10;    public Communication(RemoteNXTFunctions remoteFunc) {&#13;&#10;        // TODO Auto-generated constructor stub&#13;&#10;    }&#13;&#10;&#13;&#10;    public void myKingNotPlaced() {&#13;&#10;        // TODO Auto-generated method stub&#13;&#10;        &#13;&#10;    }&#13;&#10;&#13;&#10;    public void humanWon() {&#13;&#10;        // TODO Auto-generated method stub&#13;&#10;        &#13;&#10;    }&#13;&#10;&#13;&#10;    public void robotWon() {&#13;&#10;        // TODO Auto-generated method stub&#13;&#10;        &#13;&#10;    }&#13;&#10;&#13;&#10;    public void draw() {&#13;&#10;        // TODO Auto-generated method stub&#13;&#10;        &#13;&#10;    }&#13;&#10;&#13;&#10;}&#13;&#10;" Filename="Communication.java" Intrnl_Id="6"/>
<SrcFile Content="package com.OriginalFiles;&#13;&#10;&#13;&#10;import java.io.IOException;&#13;&#10;import java.util.ArrayList;&#13;&#10;import java.util.List;&#13;&#10;import custom.Exceptions.NoKingLeft;&#13;&#10;&#13;&#10;public class Board {&#13;&#10;&#13;&#10;    public Field[][] myBoard = new Field[8][8];&#13;&#10;    public Field[] kingPlace = new Field[8];&#13;&#10;    public Field[][] trashPlace = new Field[8][2];&#13;&#10;    public Analyze analyzeFunctions;&#13;&#10;&#13;&#10;    public Communication informer;&#13;&#10;&#13;&#10;    char myPeasentColor, myKingColor, opponentPeasentColor, opponentKingColor;&#13;&#10;&#13;&#10;    public Board(RemoteNXTFunctions remoteFunc)&#13;&#10;            throws InterruptedException, IOException {&#13;&#10;        informer = new Communication(remoteFunc);&#13;&#10;        analyzeFunctions = new Analyze(this, remoteFunc);&#13;&#10;        analyzeFunctions.findMyColors();&#13;&#10;        findOpponentColors();&#13;&#10;&#13;&#10;        int x, y;&#13;&#10;&#13;&#10;        //Create the 8 times 8 board&#13;&#10;        for (x = 0; x &lt; 8; x++) {&#13;&#10;            for (y = 0; y &lt; 8; y++) {&#13;&#10;                Field temp = new Field();&#13;&#10;                temp.x = x;&#13;&#10;                temp.y = y;&#13;&#10;&#13;&#10;                //Every second field is an allowed field&#13;&#10;                //latex start ConstructorLoop&#13;&#10;                if ((x + y) % 2 == 1) {&#13;&#10;                    temp.allowedField = true;&#13;&#10;                    Piece pieceOnBoard = null;&#13;&#10;                    if (y &lt; 3) {&#13;&#10;                        pieceOnBoard = new Piece(this);&#13;&#10;                        pieceOnBoard.color = myPeasentColor;&#13;&#10;&#13;&#10;                        //Every piece on the front line of each player&#13;&#10;                        //is moveable from the start&#13;&#10;                        if (y == 2) {&#13;&#10;                            pieceOnBoard.isMoveable = true;&#13;&#10;                        }&#13;&#10;                    }&#13;&#10;                    //latex end&#13;&#10;&#13;&#10;                    if (y &gt; 4) {&#13;&#10;                        pieceOnBoard = new Piece(this);&#13;&#10;                        pieceOnBoard.color = opponentPeasentColor;&#13;&#10;                        if (y == 5) {&#13;&#10;                            pieceOnBoard.isMoveable = true;&#13;&#10;                        }&#13;&#10;                    }&#13;&#10;                    temp.setPieceOnField(pieceOnBoard);&#13;&#10;                } else {&#13;&#10;                    temp.allowedField = false;&#13;&#10;                }&#13;&#10;                myBoard[x][y] = temp;&#13;&#10;            }&#13;&#10;        }&#13;&#10;&#13;&#10;        //Set the location of the human players king pieces&#13;&#10;        //And Trashfield&#13;&#10;        //latex start ConstructorKing&#13;&#10;        for (int i = 0; i &lt; 8; i++) {&#13;&#10;            Field temp = new Field();&#13;&#10;            temp.x = i;&#13;&#10;            temp.y = -2;&#13;&#10;            Piece tempPiece = new Piece(this);&#13;&#10;            tempPiece.color = opponentKingColor;&#13;&#10;            tempPiece.isCrowned = true;&#13;&#10;            temp.setPieceOnField(tempPiece);&#13;&#10;            kingPlace[i] = temp;&#13;&#10;        }&#13;&#10;        //latex end&#13;&#10;        for (int j = 0; j &lt; 2; j++) {&#13;&#10;        for (int i = 0; i &lt; 8; i++) {&#13;&#10;            Field temp = new Field();&#13;&#10;            temp.x = i;&#13;&#10;            temp.y = -3 - j;&#13;&#10;            trashPlace[i][j] = temp;&#13;&#10;        }&#13;&#10;        }&#13;&#10;    }&#13;&#10;&#13;&#10;    public final void resetVisited() {&#13;&#10;        for (Field[] f : myBoard) {&#13;&#10;            for (Field field : f) {&#13;&#10;                field.visited = false;&#13;&#10;            }&#13;&#10;        }&#13;&#10;    }&#13;&#10;&#13;&#10;    //Sorts the list of fields to search to minimize robot movement&#13;&#10;    public final void sortListOfFields(List&lt;Field&gt; listOfFields) {&#13;&#10;        int x = 0;&#13;&#10;        int y = 0;&#13;&#10;        int sizeOflistOfFields = listOfFields.size();&#13;&#10;        for (int i = 0; i &lt; sizeOflistOfFields; i++) {&#13;&#10;            for (int n = i + 1; n &lt; sizeOflistOfFields; n++) {&#13;&#10;                if (!isGreater(listOfFields.get(i),&#13;&#10;                        listOfFields.get(n), x, y)) {&#13;&#10;                    Field temp1 = listOfFields.get(i);&#13;&#10;                    Field temp2 = listOfFields.get(n);&#13;&#10;                    listOfFields.remove(n);&#13;&#10;                    listOfFields.remove(i);&#13;&#10;                    listOfFields.add(i, temp2);&#13;&#10;                    listOfFields.add(n, temp1);&#13;&#10;                }&#13;&#10;            }&#13;&#10;            x = listOfFields.get(i).x;&#13;&#10;            y = listOfFields.get(i).y;&#13;&#10;        }&#13;&#10;    }&#13;&#10;&#13;&#10;   &#13;&#10;    //Method to used in sorting the list of places to move the robot&#13;&#10;    public final boolean isGreater(Field inputField,&#13;&#10;            Field fieldToCompare, int compX, int compY) {&#13;&#10;        //Check jumps to be crowned first&#13;&#10;        if (inputField.getPieceOnField().canJump&#13;&#10;                &amp;&amp; !inputField.getPieceOnField().isCrowned&#13;&#10;                &amp;&amp; inputField.getPieceOnField().color == opponentPeasentColor&#13;&#10;                &amp;&amp; inputField.getPieceOnField().getY() == 2) {&#13;&#10;            return true;&#13;&#10;        } else if (inputField.getPieceOnField().canJump&#13;&#10;                &amp;&amp; !fieldToCompare.getPieceOnField().canJump) {&#13;&#10;            return true;&#13;&#10;        } else if (fieldToCompare.getPieceOnField().canJump&#13;&#10;                &amp;&amp; !inputField.getPieceOnField().canJump) {&#13;&#10;            return false;&#13;&#10;        } else {&#13;&#10;            if (inputField.y == 1 &amp;&amp; fieldToCompare.y != 1&#13;&#10;                    &amp;&amp; !inputField.getPieceOnField().isCrowned) {&#13;&#10;                return true;&#13;&#10;            } else if (fieldToCompare.y == 1 &amp;&amp; inputField.y != 1&#13;&#10;                    &amp;&amp; !fieldToCompare.getPieceOnField().isCrowned) {&#13;&#10;                return false;&#13;&#10;            } else {&#13;&#10;                if (distance(inputField, compX, compY)&#13;&#10;                    &gt; distance(fieldToCompare, compX, compY)) {&#13;&#10;                    return false;&#13;&#10;                } else if (distance(inputField, compX, compY)&#13;&#10;                           &lt; distance(fieldToCompare, compX, compY)) {&#13;&#10;                    return true;&#13;&#10;                } else {&#13;&#10;                    return (inputField.y &lt; fieldToCompare.y);&#13;&#10;                }&#13;&#10;            }&#13;&#10;        }&#13;&#10;    }&#13;&#10;&#13;&#10;    private int distance(Field inputField, int x, int y) {&#13;&#10;        return Math.abs(inputField.x - x) + Math.abs(inputField.y - y);&#13;&#10;    }&#13;&#10;&#13;&#10;    public final boolean verifyCorrectMove(Field field) throws&#13;&#10;    InterruptedException, IOException {&#13;&#10;        if (checkAllegiance(field, true)) {&#13;&#10;            if (field.getPieceOnField().isMoveable) {&#13;&#10;                return !(isFieldEmptyOnBoard(field.x, field.y));&#13;&#10;            }&#13;&#10;        }&#13;&#10;        return true;&#13;&#10;    }&#13;&#10;&#13;&#10;    public final boolean peasentIsOnEndRow(Field field) {&#13;&#10;        if (!field.isEmpty()) {&#13;&#10;            int checkRow;&#13;&#10;            if (checkAllegiance(field, true)) {&#13;&#10;                checkRow = 0;&#13;&#10;            } else {&#13;&#10;                checkRow = 7;&#13;&#10;            }&#13;&#10;&#13;&#10;            if (field.y == checkRow &amp;&amp; !field.getPieceOnField().isCrowned) {&#13;&#10;                return true;&#13;&#10;            }&#13;&#10;        }&#13;&#10;        return false;&#13;&#10;    }&#13;&#10;&#13;&#10;    //Moves a piece in the board representation&#13;&#10;    public final void movePieceInRepresentation(Field fromField, int toFieldX,&#13;&#10;            int toFieldY, boolean isSimulated) throws NoKingLeft, IOException {&#13;&#10;        movePieceInRepresentation(fromField,&#13;&#10;                myBoard[toFieldX][toFieldY], isSimulated);&#13;&#10;    }&#13;&#10;    //latex start movePieceInRepresentation&#13;&#10;    public final void movePieceInRepresentation(Field fromField,&#13;&#10;            Field toField, boolean isSimulated) throws NoKingLeft, IOException {&#13;&#10;        toField.setPieceOnField(fromField.getPieceOnField());&#13;&#10;        fromField.emptyThisField();&#13;&#10;        if (checkBounds(toField.x, toField.y)) {&#13;&#10;            analyzeFunctions.checkForUpgradeKing(&#13;&#10;                    toField, isSimulated);&#13;&#10;        }&#13;&#10;        //latex end&#13;&#10;    }&#13;&#10;&#13;&#10;    //Check if field has been occupied&#13;&#10;    public final boolean checkMoveDirection(Field field,&#13;&#10;            int directX, int directY) throws InterruptedException, IOException {&#13;&#10;        return (!fieldOccupied(field.x + directX, field.y + directY)&#13;&#10;            &amp;&amp; !this.isFieldEmptyOnBoard(field.x + directX, field.y + directY));&#13;&#10;    }&#13;&#10;&#13;&#10;    public final boolean isFieldEmptyOnBoard(int x, int y)&#13;&#10;            throws InterruptedException, IOException {&#13;&#10;        if (checkBounds(x, y)) {&#13;&#10;            char color = analyzeFunctions.getColor(x, y);&#13;&#10;&#13;&#10;            return color == ' ';&#13;&#10;        } else {&#13;&#10;            return false;&#13;&#10;        }&#13;&#10;    }&#13;&#10;&#13;&#10;    public final boolean fieldOccupied(int x, int y) {&#13;&#10;        if (checkBounds(x, y)) {&#13;&#10;            return !myBoard[x][y].isEmpty();&#13;&#10;        } else {&#13;&#10;            return true;&#13;&#10;        }&#13;&#10;    }&#13;&#10;&#13;&#10;    //Check if a piece can move and is jumpable&#13;&#10;    //latex start checkPiece&#13;&#10;    private void checkPiece(Field field, int dify, boolean checkForOpponent) {&#13;&#10;        field.getPieceOnField().canJump = checkJump(field,&#13;&#10;                checkForOpponent, field.getPieceOnField().isCrowned);&#13;&#10;&#13;&#10;        if (field.getPieceOnField().canJump) {&#13;&#10;            field.getPieceOnField().isMoveable = true;&#13;&#10;        } else {&#13;&#10;            field.getPieceOnField().isMoveable =&#13;&#10;                    checkMoveableBoolean(field, dify);&#13;&#10;        }&#13;&#10;    }&#13;&#10;    //latex end&#13;&#10;&#13;&#10;    private boolean checkMoveableBoolean(Field field, int dif) {&#13;&#10;        return !checkMoveable(field, dif).isEmpty();&#13;&#10;    }&#13;&#10;&#13;&#10;    //Checks if a given field is movable&#13;&#10;    public final List&lt;Field&gt; checkMoveable(Field field, int dif) {&#13;&#10;        List&lt;Field&gt; possibleMoves = new ArrayList&lt;Field&gt;();&#13;&#10;&#13;&#10;        //Check forward&#13;&#10;        if (!this.fieldOccupied(field.x - 1, field.y + dif)) {&#13;&#10;            possibleMoves.add(myBoard[field.x - 1][field.y + dif]);&#13;&#10;        }&#13;&#10;        if (!this.fieldOccupied(field.x + 1, field.y + dif)) {&#13;&#10;            possibleMoves.add(myBoard[field.x + 1][field.y + dif]);&#13;&#10;        }&#13;&#10;        //if king, check backwards also&#13;&#10;        if (field.getPieceOnField().isCrowned) {&#13;&#10;            if (!this.fieldOccupied(field.x - 1, field.y - dif)) {&#13;&#10;                possibleMoves.add(myBoard[field.x - 1][field.y - dif]);&#13;&#10;            }&#13;&#10;            if (!this.fieldOccupied(field.x + 1, field.y - dif)) {&#13;&#10;                possibleMoves.add(myBoard[field.x + 1][field.y - dif]);&#13;&#10;            }&#13;&#10;        }&#13;&#10;        return possibleMoves;&#13;&#10;    }&#13;&#10;&#13;&#10;    //Check if a given field can jump&#13;&#10;    //latex start checkJump&#13;&#10;    private boolean checkJump(Field field,&#13;&#10;            boolean checkForOpponent, boolean isCrowned) {&#13;&#10;        return (checkJumpDirectionBoolean(field, -1, -1,&#13;&#10;                        checkForOpponent, isCrowned)&#13;&#10;                || checkJumpDirectionBoolean(field, 1, -1,&#13;&#10;                        checkForOpponent, isCrowned)&#13;&#10;                || checkJumpDirectionBoolean(field, 1, 1,&#13;&#10;                        checkForOpponent, isCrowned)&#13;&#10;                || checkJumpDirectionBoolean(field, -1, 1,&#13;&#10;                        checkForOpponent, isCrowned));&#13;&#10;    }&#13;&#10;    //latex end&#13;&#10;&#13;&#10;    //Checks jumps&#13;&#10;    //latex start jumpDirection&#13;&#10;    public final Field checkJumpDirection(Field field, int difx, int dify,&#13;&#10;            boolean checkForOpponent, boolean isCrowned) {&#13;&#10;        if (((checkForOpponent &amp;&amp; dify == -1)&#13;&#10;                || (!checkForOpponent &amp;&amp; dify == 1)) &amp;&amp; !isCrowned) {&#13;&#10;            return null;&#13;&#10;        }&#13;&#10;&#13;&#10;        if (checkBounds(field.x + 2 * difx, field.y + 2 * dify)) {&#13;&#10;            if (!myBoard[field.x + 2 * difx][field.y + 2 * dify].visited) {&#13;&#10;                if (checkAllegiance(&#13;&#10;                      myBoard[field.x + difx][field.y + dify], checkForOpponent)&#13;&#10;                      &amp;&amp; !this.fieldOccupied(&#13;&#10;                      field.x + 2 * difx, field.y + 2 * dify)) {&#13;&#10;                    return myBoard[field.x + 2 * difx][field.y + 2 * dify];&#13;&#10;                }&#13;&#10;            }&#13;&#10;        }&#13;&#10;        return null;&#13;&#10;    }&#13;&#10;    //latex end&#13;&#10;&#13;&#10;    private boolean checkJumpDirectionBoolean(Field field,&#13;&#10;            int difx, int dify, boolean checkForOpponent, boolean isCrowned) {&#13;&#10;        return !(checkJumpDirection(field, difx, dify,&#13;&#10;                checkForOpponent, isCrowned) == null);&#13;&#10;    }&#13;&#10;&#13;&#10;    //Updates the movable property on each piece&#13;&#10;    public final void updateMoveables() {&#13;&#10;        resetVisited();&#13;&#10;        for (Field[] f : myBoard) {&#13;&#10;            for (Field field : f) {&#13;&#10;                if (field.allowedField) {&#13;&#10;                    if (field.getPieceOnField() != null) {&#13;&#10;                        //Check movable for robot&#13;&#10;                        if (checkAllegiance(field, false)) {&#13;&#10;                            checkPiece(field, 1, true);&#13;&#10;&#13;&#10;                        //Check movable for human&#13;&#10;                        } else {&#13;&#10;                            checkPiece(field, -1, false);&#13;&#10;                        }&#13;&#10;                    }&#13;&#10;                }&#13;&#10;            }&#13;&#10;        }&#13;&#10;        resetVisited();&#13;&#10;    }&#13;&#10;&#13;&#10;    //Sets the colors of the human players pieces&#13;&#10;    private void findOpponentColors() {&#13;&#10;        if (myPeasentColor == 'r') {&#13;&#10;            opponentPeasentColor = 'w';&#13;&#10;            opponentKingColor = 'g';&#13;&#10;        } else {&#13;&#10;            opponentPeasentColor = 'r';&#13;&#10;            opponentKingColor = 'b';&#13;&#10;        }&#13;&#10;    }&#13;&#10;&#13;&#10;&#13;&#10;    //if a piece is missing, scan whole board&#13;&#10;    public final void findMissingPiece()&#13;&#10;            throws InterruptedException, IOException {&#13;&#10;        int i, j;&#13;&#10;        boolean changer = true;&#13;&#10;&#13;&#10;        for (i = 0; i &lt; 8; i++) {&#13;&#10;            //Change direction of the robot, to minimize robot movement&#13;&#10;            if (changer) {&#13;&#10;                for (j = 0; j &lt; 8; j++) {&#13;&#10;                    if ((i + j) % 2 == 1) {&#13;&#10;                        myBoard[i][j].setPieceOnField(getPiece(i, j));&#13;&#10;                    }&#13;&#10;                }&#13;&#10;                changer = false;&#13;&#10;            } else {&#13;&#10;                for (j = 7; j &gt;= 0; j--) {&#13;&#10;                    if ((i + j) % 2 == 1) {&#13;&#10;                        myBoard[i][j].setPieceOnField(getPiece(i, j));&#13;&#10;                    }&#13;&#10;                }&#13;&#10;                changer = true;&#13;&#10;            }&#13;&#10;        }&#13;&#10;&#13;&#10;        this.updateMoveables();&#13;&#10;    }&#13;&#10;&#13;&#10;    //Get piece on given position&#13;&#10;    private Piece getPiece(int x, int y) throws IOException {&#13;&#10;        char color = analyzeFunctions.getColor(x, y);&#13;&#10;        if (color == ' ') {&#13;&#10;            return null;&#13;&#10;        } else {&#13;&#10;            Piece temp = new Piece(this);&#13;&#10;            temp.color = color;&#13;&#10;            temp.isCrowned = (color == 'g' || color == 'b');&#13;&#10;            return temp;&#13;&#10;        }&#13;&#10;    }&#13;&#10;&#13;&#10;    //Check if a given piece is the robots or the opponents&#13;&#10;   /*public final boolean checkAllegiance(Field input, boolean checkForOpponent)&#13;&#10;    {&#13;&#10;        if (checkBounds(input.x, input.y)) {&#13;&#10;                if ((input.isPieceOfColor(myPeasentColor)&#13;&#10;                    || input.isPieceOfColor(myKingColor))&amp;&amp; !checkForOpponent) {&#13;&#10;                     return true;&#13;&#10;                 }&#13;&#10;                 if ((input.isPieceOfColor(opponentPeasentColor)&#13;&#10;                         || input.isPieceOfColor(opponentKingColor))&#13;&#10;                         &amp;&amp; checkForOpponent) {&#13;&#10;                     return true;&#13;&#10;                 }&#13;&#10;                 return false;&#13;&#10;                 }&#13;&#10;        return false;&#13;&#10;    }*/&#13;&#10;    public final boolean checkAllegiance(Field input, boolean checkForOpponent)&#13;&#10;    {&#13;&#10;        if (checkBounds(input.x, input.y)) {&#13;&#10;            if (!input.isEmpty()) {&#13;&#10;                return checkAllegiance(input.getPieceOnField(),&#13;&#10;                        checkForOpponent);&#13;&#10;            }&#13;&#10;        }&#13;&#10;        return false;&#13;&#10;    }&#13;&#10;&#13;&#10;    public final boolean checkAllegiance(Piece input, boolean checkForOpponent)&#13;&#10;    {&#13;&#10;        if ((input.color == myPeasentColor&#13;&#10;                || input.color == myKingColor) &amp;&amp; !checkForOpponent) {&#13;&#10;             return true;&#13;&#10;         }&#13;&#10;         if ((input.color == opponentPeasentColor&#13;&#10;                 || input.color == opponentKingColor)&#13;&#10;                 &amp;&amp; checkForOpponent) {&#13;&#10;             return true;&#13;&#10;         }&#13;&#10;         return false;&#13;&#10;    }&#13;&#10;&#13;&#10;    //Return true if the given position is inbounds&#13;&#10;    public final boolean checkBounds(int x, int y) {&#13;&#10;        return x &gt;= 0 &amp;&amp; x &lt;= 7 &amp;&amp; y &gt;= 0 &amp;&amp; y &lt;= 7;&#13;&#10;    }&#13;&#10;}&#13;&#10;" Filename="Board.java" Intrnl_Id="7"/>
<SrcFile Content="package com.OriginalFiles;&#13;&#10;&#13;&#10;import java.io.IOException;&#13;&#10;import java.util.ArrayList;&#13;&#10;import java.util.List;&#13;&#10;&#13;&#10;import custom.Exceptions.IllegalMove;&#13;&#10;import custom.Exceptions.NoKingLeft;&#13;&#10;&#13;&#10;public class Analyze {&#13;&#10;    private Board checkersBoard;&#13;&#10;&#13;&#10;    private Field fieldToCheck;&#13;&#10;    private int analyzeBoardRepeatNumber = 0;&#13;&#10;    private int totalAnalyzeRuns = 0;&#13;&#10;    private final int analyzeRunsBeforeReset = 10;&#13;&#10;    private RemoteNXTFunctions remoteFunctions;&#13;&#10;    private Field trashField = new Field(3, -6);&#13;&#10;    private boolean pieceFound;&#13;&#10;    private boolean mustJump;&#13;&#10;&#13;&#10;    public Analyze(Board input, RemoteNXTFunctions remoteInput) {&#13;&#10;        checkersBoard = input;&#13;&#10;        remoteFunctions = remoteInput;&#13;&#10;    }&#13;&#10;&#13;&#10;    //Analyzes the current board setup&#13;&#10;    //latex start analyzeBoard&#13;&#10;    public final boolean analyzeBoard() throws InterruptedException,&#13;&#10;    IOException, NoKingLeft, IllegalMove {&#13;&#10;        if (!checkForGameHasEnded(true)) {&#13;&#10;            checkMotorCalibration();&#13;&#10;&#13;&#10;            List&lt;Field&gt; moveableList = new ArrayList&lt;Field&gt;();&#13;&#10;            moveableList = makeListOfMoveables(moveableList);&#13;&#10;            pieceFound = checkMovement(moveableList);&#13;&#10;            countDownToPanic();&#13;&#10;&#13;&#10;            //Find the pieces that are currently movable&#13;&#10;            checkersBoard.updateMoveables();&#13;&#10;            checkRobotPieceReplaced();&#13;&#10;            if (!checkForGameHasEnded(false)) {&#13;&#10;                return true;&#13;&#10;            }&#13;&#10;        }&#13;&#10;        return false;&#13;&#10;    }&#13;&#10;    //latex end&#13;&#10;&#13;&#10;    private void checkMotorCalibration() {&#13;&#10;        totalAnalyzeRuns += 1;&#13;&#10;&#13;&#10;        if (totalAnalyzeRuns &gt; analyzeRunsBeforeReset) {&#13;&#10;            totalAnalyzeRuns = 0;&#13;&#10;            remoteFunctions.resetMotors();&#13;&#10;        }&#13;&#10;    }&#13;&#10;&#13;&#10;    private List&lt;Field&gt; makeListOfMoveables(List&lt;Field&gt; moveableList) {&#13;&#10;        //Find the pieces that are currently movable&#13;&#10;        checkersBoard.updateMoveables();&#13;&#10;        for (Field[] f : checkersBoard.myBoard) {&#13;&#10;            for (Field field : f) {&#13;&#10;                if (!field.isEmpty()) {&#13;&#10;                    if (field.getPieceOnField().isMoveable&#13;&#10;                            &amp;&amp; checkersBoard.checkAllegiance(field, true)) {&#13;&#10;                        moveableList.add(field);&#13;&#10;                    }&#13;&#10;                }&#13;&#10;            }&#13;&#10;        }&#13;&#10;        checkersBoard.sortListOfFields(moveableList);&#13;&#10;        pieceFound = false;&#13;&#10;        mustJump = false;&#13;&#10;        if (moveableList.size() != 0) {&#13;&#10;            mustJump = moveableList.get(0).getPieceOnField().canJump;&#13;&#10;        }&#13;&#10;        return moveableList;&#13;&#10;    }&#13;&#10;    //latex start checkMovement&#13;&#10;    private boolean checkMovement(List&lt;Field&gt; moveableList)&#13;&#10;            throws IllegalMove, InterruptedException, IOException, NoKingLeft {&#13;&#10;        for (Field field : moveableList) {&#13;&#10;            if (checkersBoard.isFieldEmptyOnBoard(field.x, field.y)) {&#13;&#10;                if (mustJump &amp;&amp; !field.getPieceOnField().canJump) {&#13;&#10;                    throw new custom.Exceptions.IllegalMove();&#13;&#10;                }&#13;&#10;                if (this.trackMovement(field)) {&#13;&#10;                    return true;&#13;&#10;                }&#13;&#10;            }&#13;&#10;        }&#13;&#10;        return false;&#13;&#10;    }&#13;&#10;    //latex end&#13;&#10;    //latex start countDownToPanic&#13;&#10;    private void countDownToPanic()&#13;&#10;            throws InterruptedException, IOException, NoKingLeft, IllegalMove {&#13;&#10;        if (!pieceFound) {&#13;&#10;            if (analyzeBoardRepeatNumber &lt; 3) {&#13;&#10;                analyzeBoardRepeatNumber++;&#13;&#10;                analyzeBoard();&#13;&#10;                analyzeBoardRepeatNumber = 0;&#13;&#10;            } else if (analyzeBoardRepeatNumber &lt; 6) {&#13;&#10;                remoteFunctions.resetMotors();&#13;&#10;                analyzeBoardRepeatNumber++;&#13;&#10;                analyzeBoard();&#13;&#10;                analyzeBoardRepeatNumber = 0;&#13;&#10;            } else {&#13;&#10;                checkersBoard.findMissingPiece();&#13;&#10;            }&#13;&#10;        }&#13;&#10;    }&#13;&#10;    //latex end&#13;&#10;&#13;&#10;    //Try to find the piece that have been moved&#13;&#10;    private boolean trackMovement(Field field) throws IllegalMove,&#13;&#10;    InterruptedException, IOException, NoKingLeft {&#13;&#10;        boolean foundPiece = false;&#13;&#10;        if (field.getPieceOnField().canJump) {&#13;&#10;            if (findJumpPiece(field)) {&#13;&#10;                foundPiece = true;&#13;&#10;            }&#13;&#10;            if (!foundPiece) {&#13;&#10;                throw new custom.Exceptions.IllegalMove();&#13;&#10;            }&#13;&#10;        } else if (checkMove(field, -1)) {&#13;&#10;            foundPiece = true;&#13;&#10;        }&#13;&#10;&#13;&#10;        return foundPiece;&#13;&#10;    }&#13;&#10;&#13;&#10;    //Determine simple move&#13;&#10;    private boolean checkMove(Field field, int directY) throws&#13;&#10;    InterruptedException, IOException, NoKingLeft {&#13;&#10;        //Verify that the given field is inbound&#13;&#10;        if (checkersBoard.checkBounds(field.x, field.y)) {&#13;&#10;            //Check the first direction&#13;&#10;            if (checkersBoard.checkMoveDirection(field, 1, directY)) {&#13;&#10;                if (validateMove(checkersBoard.&#13;&#10;                        myBoard[field.x + 1][field.y + directY], field)) {&#13;&#10;                    checkersBoard.movePieceInRepresentation(field,&#13;&#10;                            field.x + 1, field.y + directY, false);&#13;&#10;                    return true;&#13;&#10;                } else {&#13;&#10;                    return false;&#13;&#10;                }&#13;&#10;                //Second direction&#13;&#10;            } else if (checkersBoard.checkMoveDirection(field, -1, directY)) {&#13;&#10;                if (validateMove(checkersBoard.&#13;&#10;                        myBoard[field.x - 1][field.y + directY], field)) {&#13;&#10;                    checkersBoard.movePieceInRepresentation(field,&#13;&#10;                            field.x - 1, field.y + directY, false);&#13;&#10;                    return true;&#13;&#10;                } else {&#13;&#10;                    return false;&#13;&#10;                }&#13;&#10;                //If king, also check backwards&#13;&#10;            } else if (field.getPieceOnField().isCrowned) {&#13;&#10;                if (checkersBoard.checkMoveDirection(field, 1, -directY)) {&#13;&#10;                    if (validateMove(checkersBoard.&#13;&#10;                            myBoard[field.x + 1][field.y - directY], field)) {&#13;&#10;                        checkersBoard.movePieceInRepresentation(field,&#13;&#10;                                field.x + 1, field.y - directY, false);&#13;&#10;                        return true;&#13;&#10;                    } else {&#13;&#10;                        return false;&#13;&#10;                    }&#13;&#10;                } else if (checkersBoard.checkMoveDirection(&#13;&#10;                        field, -1, -directY)) {&#13;&#10;                    if (validateMove(checkersBoard.&#13;&#10;                            myBoard[field.x - 1][field.y - directY], field)) {&#13;&#10;                        checkersBoard.movePieceInRepresentation(field,&#13;&#10;                                field.x - 1, field.y - directY, false);&#13;&#10;                        return true;&#13;&#10;                    } else {&#13;&#10;                        return false;&#13;&#10;                    }&#13;&#10;                }&#13;&#10;            }&#13;&#10;        }&#13;&#10;        return false;&#13;&#10;    }&#13;&#10;&#13;&#10;    //Checks if it could have been another piece that moved&#13;&#10;    private boolean validateMove(Field field, Field fromField) throws&#13;&#10;    InterruptedException, IOException {&#13;&#10;&#13;&#10;        List&lt;Field&gt; checkArray = new ArrayList&lt;Field&gt;();&#13;&#10;        if (checkersBoard.checkBounds(field.x + 1, field.y + 1)) {&#13;&#10;            checkArray.add(checkersBoard.myBoard[field.x + 1][field.y + 1]);&#13;&#10;        }&#13;&#10;        if (checkersBoard.checkBounds(field.x + 1, field.y - 1)) {&#13;&#10;            checkArray.add(checkersBoard.myBoard[field.x + 1][field.y - 1]);&#13;&#10;        }&#13;&#10;        if (checkersBoard.checkBounds(field.x - 1, field.y - 1)) {&#13;&#10;            checkArray.add(checkersBoard.myBoard[field.x - 1][field.y - 1]);&#13;&#10;        }&#13;&#10;        if (checkersBoard.checkBounds(field.x - 1, field.y + 1)) {&#13;&#10;            checkArray.add(checkersBoard.myBoard[field.x - 1][field.y + 1]);&#13;&#10;        }&#13;&#10;        boolean returnValue = true;&#13;&#10;        for (int i = 0; i &lt; checkArray.size(); i++) {&#13;&#10;            if (!(checkArray.get(i).x == fromField.x&#13;&#10;                    &amp;&amp; checkArray.get(i).y == fromField.y)) {&#13;&#10;                returnValue = checkersBoard.verifyCorrectMove(&#13;&#10;                        checkArray.get(i));&#13;&#10;            }&#13;&#10;            if (!returnValue) {&#13;&#10;                return returnValue;&#13;&#10;            }&#13;&#10;        }&#13;&#10;        return returnValue;&#13;&#10;    }&#13;&#10;&#13;&#10;    public final List&lt;List&lt;Field&gt;&gt; jumpSequence(Field input,&#13;&#10;            boolean checkForOpponent, boolean isCrowned) throws&#13;&#10;            InterruptedException, IOException, NoKingLeft {&#13;&#10;        input.visited = true;&#13;&#10;        List&lt;List&lt;Field&gt;&gt; returnList = new ArrayList&lt;List&lt;Field&gt;&gt;();&#13;&#10;        Field tempField = checkersBoard.checkJumpDirection(input,&#13;&#10;                -1, 1, checkForOpponent, isCrowned);&#13;&#10;        if (tempField != null) {&#13;&#10;            returnList.addAll(jumpSequence(tempField, checkForOpponent,&#13;&#10;                    isCrowned));&#13;&#10;        }&#13;&#10;        tempField = checkersBoard.checkJumpDirection(input,&#13;&#10;                -1, -1, checkForOpponent, isCrowned);&#13;&#10;        if (tempField != null) {&#13;&#10;            returnList.addAll(jumpSequence(tempField, checkForOpponent,&#13;&#10;                    isCrowned));&#13;&#10;        }&#13;&#10;        tempField = checkersBoard.checkJumpDirection(input,&#13;&#10;                1, -1, checkForOpponent, isCrowned);&#13;&#10;        if (tempField != null) {&#13;&#10;            returnList.addAll(jumpSequence(tempField, checkForOpponent,&#13;&#10;                    isCrowned));&#13;&#10;        }&#13;&#10;        tempField = checkersBoard.checkJumpDirection(input, 1, 1,&#13;&#10;                checkForOpponent, isCrowned);&#13;&#10;        if (tempField != null) {&#13;&#10;            returnList.addAll(jumpSequence(tempField, checkForOpponent,&#13;&#10;                    isCrowned));&#13;&#10;        }&#13;&#10;&#13;&#10;        if (returnList.size() == 0) {&#13;&#10;            returnList.add(new ArrayList&lt;Field&gt;());&#13;&#10;        }&#13;&#10;&#13;&#10;        for (int i = 0; i &lt; returnList.size(); i++) {&#13;&#10;            returnList.get(i).add(0, input);&#13;&#10;        }&#13;&#10;        return returnList;&#13;&#10;    }&#13;&#10;&#13;&#10;    private boolean findJumpPiece(Field field) throws&#13;&#10;    InterruptedException, IOException, NoKingLeft {&#13;&#10;        List&lt;List&lt;Field&gt;&gt; jumpList = new ArrayList&lt;List&lt;Field&gt;&gt;();&#13;&#10;        jumpList = jumpSequence(field, false,&#13;&#10;                field.getPieceOnField().isCrowned);&#13;&#10;        checkersBoard.resetVisited();&#13;&#10;        for (int i = 0; i &lt; jumpList.size(); i++) {&#13;&#10;            List&lt;Field&gt; tempList = jumpList.get(i);&#13;&#10;            Field desField = tempList.get(tempList.size() - 1);&#13;&#10;            if (!checkersBoard.isFieldEmptyOnBoard(desField.x, desField.y)) {&#13;&#10;                checkersBoard.movePieceInRepresentation(field, desField, false);&#13;&#10;                int stopj = tempList.size() - 1;&#13;&#10;                for (int j = 0; j &lt; stopj; j++) {&#13;&#10;                    Field tempfield = tempList.get(j);&#13;&#10;                    Field tempfield2 = tempList.get(j + 1);&#13;&#10;                    Field takenField = checkersBoard.myBoard&#13;&#10;                            [(tempfield.x + tempfield2.x) / 2]&#13;&#10;                                    [(tempfield.y + tempfield2.y) / 2];&#13;&#10;                    checkersBoard.movePieceInRepresentation(takenField,&#13;&#10;                            trashField, false);&#13;&#10;                }&#13;&#10;                return true;&#13;&#10;            }&#13;&#10;        }&#13;&#10;        return false;&#13;&#10;    }&#13;&#10;&#13;&#10;    public final void checkForUpgradeKing(Field field, boolean isSimulated)&#13;&#10;            throws NoKingLeft, IOException {&#13;&#10;        if (checkersBoard.peasentIsOnEndRow(field)) {&#13;&#10;            if (checkersBoard.checkAllegiance(field, false)) {&#13;&#10;                field.getPieceOnField().color = checkersBoard.myKingColor;&#13;&#10;                field.getPieceOnField().isCrowned = true;&#13;&#10;                if (!isSimulated) {&#13;&#10;                    fieldToCheck = field;&#13;&#10;                }&#13;&#10;            } else {&#13;&#10;                if (isSimulated) {&#13;&#10;                    field.getPieceOnField().color =&#13;&#10;                            checkersBoard.opponentKingColor;&#13;&#10;                    field.getPieceOnField().isCrowned = true;&#13;&#10;                } else {&#13;&#10;                    boolean foundOne = false;&#13;&#10;                    int i = 0;&#13;&#10;                    while (!foundOne) {&#13;&#10;                        if (i &gt; 7) {&#13;&#10;                            throw new custom.Exceptions.NoKingLeft();&#13;&#10;                        }&#13;&#10;                        if (!checkersBoard.kingPlace[i].isEmpty()) {&#13;&#10;                            //Move old piece to trash&#13;&#10;                            remoteFunctions.trashPieceOnField(field);&#13;&#10;                            //Insert king at location&#13;&#10;                            remoteFunctions.doMove(new Move(&#13;&#10;                                    checkersBoard.kingPlace[i], field, true));&#13;&#10;                            foundOne = true;&#13;&#10;                        }&#13;&#10;                        i++;&#13;&#10;                    }&#13;&#10;                }&#13;&#10;            }&#13;&#10;        }&#13;&#10;    }&#13;&#10;&#13;&#10;    //Function to check if user have replaced the&#13;&#10;    //robots peasant piece with a king piece&#13;&#10;    public final void checkRobotPieceReplaced() throws IOException {&#13;&#10;        if (fieldToCheck != null) {&#13;&#10;            boolean checkCondition = true;&#13;&#10;            while (checkCondition) {&#13;&#10;                if (getColor(fieldToCheck.x, fieldToCheck.y)&#13;&#10;                        == checkersBoard.myKingColor) {&#13;&#10;                    checkCondition = false;&#13;&#10;                    fieldToCheck = null;&#13;&#10;                } else {&#13;&#10;                    checkersBoard.informer.myKingNotPlaced();&#13;&#10;                    remoteFunctions.waitForRedButton();&#13;&#10;                }&#13;&#10;            }&#13;&#10;        }&#13;&#10;    }&#13;&#10;&#13;&#10;    //Sets the colors of the pieces of the robot&#13;&#10;    public final void findMyColors() throws InterruptedException, IOException {&#13;&#10;        checkersBoard.myPeasentColor = getColor(0, 1);&#13;&#10;        if (checkersBoard.myPeasentColor == 'r') {&#13;&#10;            checkersBoard.myKingColor = 'b';&#13;&#10;        } else if (checkersBoard.myPeasentColor == 'w') {&#13;&#10;            checkersBoard.myKingColor = 'g';&#13;&#10;        } else {&#13;&#10;            remoteFunctions.resetMotors();&#13;&#10;            remoteFunctions.initColorSensor();&#13;&#10;            findMyColors();&#13;&#10;        }&#13;&#10;    }&#13;&#10;&#13;&#10;    //Returns the color on the given position&#13;&#10;    public final char getColor(int x, int y) throws IOException {&#13;&#10;        Color colorResult = remoteFunctions.getColorOnField(x, y);&#13;&#10;&#13;&#10;        LCD.clear();&#13;&#10;        int red = colorResult.getRed();&#13;&#10;        int green = colorResult.getGreen();&#13;&#10;        int blue = colorResult.getBlue();&#13;&#10;        LCD.drawInt(red, 0, 1);&#13;&#10;        LCD.drawInt(green, 0, 2);&#13;&#10;        LCD.drawInt(blue, 0, 3);&#13;&#10;        if (red &gt; 230 &amp;&amp; red &lt; 290 &amp;&amp; green &lt; 130 &amp;&amp; green &gt; 60&#13;&#10;                &amp;&amp; blue &lt; 140 &amp;&amp; blue &gt; 60) {&#13;&#10;            LCD.drawChar('r', 0, 0); LCD.refresh();&#13;&#10;            return 'r';&#13;&#10;        } else if (red &gt; 230 &amp;&amp; red &lt; 285 &amp;&amp; green &gt; 235 &amp;&amp; green &lt; 285&#13;&#10;                &amp;&amp; blue &gt; 230 &amp;&amp; blue &lt; 280) {&#13;&#10;            LCD.drawChar('w', 0, 0); LCD.refresh();&#13;&#10;            return 'w';&#13;&#10;        } else if (red &lt; 230 &amp;&amp; red &gt; 170 &amp;&amp; green &gt; 210 &amp;&amp; green &lt; 290&#13;&#10;                &amp;&amp; blue &lt; 230 &amp;&amp; blue &gt; 170) {&#13;&#10;            LCD.drawChar('g', 0, 0); LCD.refresh();&#13;&#10;            return 'g';&#13;&#10;        } else if (red &lt; 170 &amp;&amp; red &gt; 110 &amp;&amp; green &lt; 240 &amp;&amp; green &gt; 180&#13;&#10;                &amp;&amp; blue &gt; 210 &amp;&amp; blue &lt; 270) {&#13;&#10;            LCD.drawChar('b', 0, 0); LCD.refresh();&#13;&#10;            return 'b';&#13;&#10;        } else {&#13;&#10;            LCD.drawChar('e', 0, 0); LCD.refresh();&#13;&#10;            return ' ';&#13;&#10;        }&#13;&#10;    }&#13;&#10;&#13;&#10;    public final boolean checkForGameHasEnded(boolean isHumansTurn) {&#13;&#10;        switch (gameHasEnded(isHumansTurn)) {&#13;&#10;        case 0:&#13;&#10;            return false;&#13;&#10;        case 1:&#13;&#10;            checkersBoard.informer.humanWon();&#13;&#10;            return true;&#13;&#10;        case 2:&#13;&#10;            checkersBoard.informer.robotWon();&#13;&#10;            return true;&#13;&#10;        case 3:&#13;&#10;            checkersBoard.informer.draw();&#13;&#10;            return true;&#13;&#10;        default:&#13;&#10;            return false;&#13;&#10;        }&#13;&#10;    }&#13;&#10;&#13;&#10;    /*returns 0 if game has not ended, 1 if the human won,&#13;&#10;     * 2 if the robot won and 3 if it was a draw*/&#13;&#10;    public final int gameHasEnded(boolean humanTurn) {&#13;&#10;        checkersBoard.updateMoveables();&#13;&#10;&#13;&#10;        List&lt;Piece&gt; humanPieceList = new ArrayList&lt;Piece&gt;();&#13;&#10;        List&lt;Piece&gt; robotPieceList = new ArrayList&lt;Piece&gt;();&#13;&#10;        boolean robotHasMovable = false;&#13;&#10;        boolean humanHasMovable = false;&#13;&#10;&#13;&#10;        for (Field[] f : checkersBoard.myBoard) {&#13;&#10;            for (Field field : f) {&#13;&#10;                if (!field.isEmpty()) {&#13;&#10;                    if (checkersBoard.checkAllegiance(field, true)) {&#13;&#10;                        humanPieceList.add(field.getPieceOnField());&#13;&#10;                        if (field.getPieceOnField().isMoveable) {&#13;&#10;                            humanHasMovable = true;&#13;&#10;                        }&#13;&#10;                    }&#13;&#10;                    if (checkersBoard.checkAllegiance(field, false)) {&#13;&#10;                        robotPieceList.add(field.getPieceOnField());&#13;&#10;                        if (field.getPieceOnField().isMoveable) {&#13;&#10;                            robotHasMovable = true;&#13;&#10;                        }&#13;&#10;                    }&#13;&#10;                }&#13;&#10;            }&#13;&#10;        }&#13;&#10;&#13;&#10;        if (robotPieceList.size() == 0 || (!humanTurn &amp;&amp; !robotHasMovable)) {&#13;&#10;            return 1;&#13;&#10;        }&#13;&#10;        if (humanPieceList.size() == 0 || (humanTurn &amp;&amp; !humanHasMovable)) {&#13;&#10;            return 2;&#13;&#10;        }&#13;&#10;        if (robotPieceList.size() == 1 &amp;&amp; humanPieceList.size() == 1) {&#13;&#10;            if (robotPieceList.get(0).isCrowned&#13;&#10;                    &amp;&amp; humanPieceList.get(0).isCrowned) {&#13;&#10;                boolean humanisInConer = isOnDoubleCorners(humanPieceList.get(0));&#13;&#10;                boolean robotisInConer = isOnDoubleCorners(robotPieceList.get(0));&#13;&#10;                if (humanisInConer || robotisInConer) {&#13;&#10;                    if (humanTurn &amp;&amp; !humanPieceList.get(0).canJump) {&#13;&#10;                        return 3;&#13;&#10;                    }&#13;&#10;                    else if (!humanTurn &amp;&amp; !robotPieceList.get(0).canJump) {&#13;&#10;                        return 3;&#13;&#10;                    }&#13;&#10;                }&#13;&#10;            }&#13;&#10;        }&#13;&#10;        return 0;&#13;&#10;    }&#13;&#10;&#13;&#10;    private boolean hasTheMove(boolean humansTurn) {&#13;&#10;        int rowToCheck = 0;&#13;&#10;&#13;&#10;        if (!humansTurn) {&#13;&#10;            rowToCheck = 1;&#13;&#10;        }&#13;&#10;&#13;&#10;        int pieceCount = 0;&#13;&#10;&#13;&#10;        for (int i = rowToCheck; i &lt; 8; i += 2) {&#13;&#10;            for (int j = 0; j &lt; 8; j++) {&#13;&#10;                if (!checkersBoard.myBoard[i][j].isEmpty()) {&#13;&#10;                    pieceCount++;&#13;&#10;                }&#13;&#10;            }&#13;&#10;        }&#13;&#10;&#13;&#10;        if (pieceCount % 2 == 1) {&#13;&#10;            return true;&#13;&#10;        }&#13;&#10;        return false;&#13;&#10;    }&#13;&#10;&#13;&#10;    private boolean isOnDoubleCorners(Piece piece) {&#13;&#10;        if ((piece.getX() == 0 &amp;&amp; piece.getY() == 1)&#13;&#10;                || (piece.getX() == 1 &amp;&amp; piece.getY() == 0)&#13;&#10;                || (piece.getX() == 7 &amp;&amp; piece.getY() == 6)&#13;&#10;                || (piece.getX() == 6 &amp;&amp; piece.getY() == 7)) {&#13;&#10;            return true;&#13;&#10;        }&#13;&#10;        return false;&#13;&#10;    }&#13;&#10;&#13;&#10;    private boolean isNearDoubleCorners(Piece piece) {&#13;&#10;        if ((piece.getX() == 1 &amp;&amp; piece.getY() == 2)&#13;&#10;                || (piece.getX() == 2 &amp;&amp; piece.getY() == 1)&#13;&#10;                || (piece.getX() == 6 &amp;&amp; piece.getY() == 5)&#13;&#10;                || (piece.getX() == 5 &amp;&amp; piece.getY() == 6)&#13;&#10;                || (piece.getX() == 2 &amp;&amp; piece.getY() == 3)&#13;&#10;                || (piece.getX() == 3 &amp;&amp; piece.getY() == 2)&#13;&#10;                || (piece.getX() == 4 &amp;&amp; piece.getY() == 5)&#13;&#10;                || (piece.getX() == 5 &amp;&amp; piece.getY() == 4)) {&#13;&#10;            return true;&#13;&#10;        }&#13;&#10;        return false;&#13;&#10;    }&#13;&#10;&#13;&#10;}&#13;&#10;" Filename="Analyze.java" Intrnl_Id="8"/>
</SrcFileList>
<CritList>
<CritListEntry Name="org.codecover.model.utils.criteria.LoopCoverage" PluginName="org.codecover"/>
<CritListEntry Name="org.codecover.model.utils.criteria.BranchCoverage" PluginName="org.codecover"/>
<CritListEntry Name="org.codecover.model.utils.criteria.ConditionCoverage" PluginName="org.codecover"/>
<CritListEntry Name="org.codecover.model.utils.criteria.SynchronizedStatementCoverage" PluginName="org.codecover"/>
<CritListEntry Name="org.codecover.model.utils.criteria.QMOCoverage" PluginName="org.codecover"/>
<CritListEntry Name="org.codecover.model.utils.criteria.StatementCoverage" PluginName="org.codecover"/>
</CritList>
<BoolOpList>
<BoolOp Arity="1" Intrnl_Id="9" Name="not (!)">
<BoolAssgnmntBoolMapList>
<MapEntry BoolAssgnmnt="0" Value="true"/>
<MapEntry BoolAssgnmnt="1" Value="false"/>
</BoolAssgnmntBoolMapList>
</BoolOp>
<BoolOp Arity="2" Intrnl_Id="10" Name="conditional and (&amp;&amp;)">
<BoolAssgnmntBoolMapList>
<MapEntry BoolAssgnmnt="10" Value="false"/>
<MapEntry BoolAssgnmnt="02" Value="false"/>
<MapEntry BoolAssgnmnt="11" Value="true"/>
</BoolAssgnmntBoolMapList>
</BoolOp>
<BoolOp Arity="2" Intrnl_Id="11" Name="conditional or (||)">
<BoolAssgnmntBoolMapList>
<MapEntry BoolAssgnmnt="01" Value="true"/>
<MapEntry BoolAssgnmnt="00" Value="false"/>
<MapEntry BoolAssgnmnt="12" Value="true"/>
</BoolAssgnmntBoolMapList>
</BoolOp>
</BoolOpList>
<HierarchyLvlTypeList>
<HierarchyLvlType EnglishName="package" IntrnlName="package" Intrnl_Id="12"/>
<HierarchyLvlType EnglishName="class" IntrnlName="class" Intrnl_Id="13"/>
<HierarchyLvlType EnglishName="method" IntrnlName="method" Intrnl_Id="14"/>
<HierarchyLvlType EnglishName="default package" IntrnlName="default package" Intrnl_Id="15"/>
</HierarchyLvlTypeList>
<MASTRoot>
<HierarchyLvl HierarchyLvlId="506" HierarchyLvlTypeId="15" Intrnl_Id="16" Name="default package">
<Header/>
<LocList/>
<HierarchyLvl HierarchyLvlId="505" HierarchyLvlTypeId="12" Intrnl_Id="17" Name="com">
<Header/>
<LocList/>
<HierarchyLvl HierarchyLvlId="504" HierarchyLvlTypeId="12" Intrnl_Id="18" Name="OriginalFiles">
<Header/>
<LocList/>
<HierarchyLvl HierarchyLvlId="414" HierarchyLvlTypeId="13" Intrnl_Id="19" Name="RemoteNXTFunctions">
<Header>
<Loc EndOffset="220" SrcFileId="1" StartOffset="189"/>
</Header>
<LocList>
<Loc EndOffset="11343" SrcFileId="1" StartOffset="189"/>
</LocList>
<StmntSeq Intrnl_Id="20">
<LocList>
<Loc EndOffset="296" SrcFileId="1" StartOffset="261"/>
<Loc EndOffset="356" SrcFileId="1" StartOffset="302"/>
</LocList>
<BasicStmnt CovItemId="S1" CovItemPrefix="com.OriginalFiles.RemoteNXTFunctions.java" Intrnl_Id="21">
<LocList>
<Loc EndOffset="296" SrcFileId="1" StartOffset="261"/>
</LocList>
</BasicStmnt>
<BasicStmnt CovItemId="S2" CovItemPrefix="com.OriginalFiles.RemoteNXTFunctions.java" Intrnl_Id="22">
<LocList>
<Loc EndOffset="356" SrcFileId="1" StartOffset="302"/>
</LocList>
</BasicStmnt>
</StmntSeq>
<HierarchyLvl HierarchyLvlId="405" HierarchyLvlTypeId="14" Intrnl_Id="23" Name="RemoteNXTFunctions">
<Header>
<Loc EndOffset="432" SrcFileId="1" StartOffset="364"/>
</Header>
<LocList>
<Loc EndOffset="483" SrcFileId="1" StartOffset="364"/>
</LocList>
<StmntSeq Intrnl_Id="24">
<LocList>
<Loc EndOffset="476" SrcFileId="1" StartOffset="444"/>
</LocList>
<BasicStmnt CovItemId="S3" CovItemPrefix="com.OriginalFiles.RemoteNXTFunctions.java" Intrnl_Id="25">
<LocList>
<Loc EndOffset="476" SrcFileId="1" StartOffset="444"/>
</LocList>
</BasicStmnt>
</StmntSeq>
</HierarchyLvl>
<HierarchyLvl HierarchyLvlId="406" HierarchyLvlTypeId="14" Intrnl_Id="26" Name="resetMotors">
<Header>
<Loc EndOffset="514" SrcFileId="1" StartOffset="489"/>
</Header>
<LocList>
<Loc EndOffset="571" SrcFileId="1" StartOffset="489"/>
</LocList>
<StmntSeq Intrnl_Id="27">
<LocList>
<Loc EndOffset="564" SrcFileId="1" StartOffset="526"/>
</LocList>
<BasicStmnt CovItemId="S4" CovItemPrefix="com.OriginalFiles.RemoteNXTFunctions.java" Intrnl_Id="28">
<LocList>
<Loc EndOffset="564" SrcFileId="1" StartOffset="526"/>
</LocList>
</BasicStmnt>
</StmntSeq>
</HierarchyLvl>
<HierarchyLvl HierarchyLvlId="407" HierarchyLvlTypeId="14" Intrnl_Id="29" Name="trashPieceOnField">
<Header>
<Loc EndOffset="621" SrcFileId="1" StartOffset="579"/>
</Header>
<LocList>
<Loc EndOffset="678" SrcFileId="1" StartOffset="579"/>
</LocList>
<StmntSeq Intrnl_Id="30">
<LocList>
<Loc EndOffset="661" SrcFileId="1" StartOffset="633"/>
</LocList>
<BasicStmnt CovItemId="S5" CovItemPrefix="com.OriginalFiles.RemoteNXTFunctions.java" Intrnl_Id="31">
<LocList>
<Loc EndOffset="661" SrcFileId="1" StartOffset="633"/>
</LocList>
</BasicStmnt>
</StmntSeq>
</HierarchyLvl>
<HierarchyLvl HierarchyLvlId="408" HierarchyLvlTypeId="14" Intrnl_Id="32" Name="doMove">
<Header>
<Loc EndOffset="746" SrcFileId="1" StartOffset="686"/>
</Header>
<LocList>
<Loc EndOffset="1292" SrcFileId="1" StartOffset="686"/>
</LocList>
<StmntSeq Intrnl_Id="33">
<LocList>
<Loc EndOffset="807" SrcFileId="1" StartOffset="758"/>
<Loc EndOffset="852" SrcFileId="1" StartOffset="819"/>
<Loc EndOffset="1154" SrcFileId="1" StartOffset="862"/>
<Loc EndOffset="1275" SrcFileId="1" StartOffset="1166"/>
</LocList>
<BasicStmnt CovItemId="S6" CovItemPrefix="com.OriginalFiles.RemoteNXTFunctions.java" Intrnl_Id="34">
<LocList>
<Loc EndOffset="807" SrcFileId="1" StartOffset="758"/>
</LocList>
</BasicStmnt>
<BasicStmnt CovItemId="S7" CovItemPrefix="com.OriginalFiles.RemoteNXTFunctions.java" Intrnl_Id="35">
<LocList>
<Loc EndOffset="852" SrcFileId="1" StartOffset="819"/>
</LocList>
</BasicStmnt>
<LoopStmnt CovItemId="S8" CovItemPrefix="com.OriginalFiles.RemoteNXTFunctions.java" Intrnl_Id="36" MltplExecId="L1-2" MltplExecPrefix="com.OriginalFiles.RemoteNXTFunctions.java" NvrExecId="L1-0" NvrExecPrefix="com.OriginalFiles.RemoteNXTFunctions.java" OnceExecutedId="L1-1" OnceExecutedPrefix="com.OriginalFiles.RemoteNXTFunctions.java" OptBodyExec="true">
<StmntSeq Intrnl_Id="37">
<LocList>
<Loc EndOffset="1041" SrcFileId="1" StartOffset="908"/>
<Loc EndOffset="1143" SrcFileId="1" StartOffset="1055"/>
</LocList>
<BasicStmnt CovItemId="S9" CovItemPrefix="com.OriginalFiles.RemoteNXTFunctions.java" Intrnl_Id="38">
<LocList>
<Loc EndOffset="1041" SrcFileId="1" StartOffset="908"/>
</LocList>
</BasicStmnt>
<CondStmnt CovItemId="S10" CovItemPrefix="com.OriginalFiles.RemoteNXTFunctions.java" Intrnl_Id="39">
<Branch CovItemId="B1" CovItemPrefix="com.OriginalFiles.RemoteNXTFunctions.java" Implct="false" Intrnl_Id="40">
<Cond/>
<LocList>
<Loc EndOffset="1143" SrcFileId="1" StartOffset="1080"/>
</LocList>
<StmntSeq Intrnl_Id="41">
<LocList>
<Loc EndOffset="1128" SrcFileId="1" StartOffset="1099"/>
</LocList>
<BasicStmnt CovItemId="S11" CovItemPrefix="com.OriginalFiles.RemoteNXTFunctions.java" Intrnl_Id="42">
<LocList>
<Loc EndOffset="1128" SrcFileId="1" StartOffset="1099"/>
</LocList>
</BasicStmnt>
</StmntSeq>
</Branch>
<Branch CovItemId="B2" CovItemPrefix="com.OriginalFiles.RemoteNXTFunctions.java" Implct="true" Intrnl_Id="43">
<Cond/>
<LocList/>
<StmntSeq Intrnl_Id="44">
<LocList/>
</StmntSeq>
</Branch>
<Keyword EndOffset="1057" SrcFileId="1" StartOffset="1055"/>
<LocList>
<Loc EndOffset="1143" SrcFileId="1" StartOffset="1055"/>
</LocList>
<RootTerm CovItemId="C2" CovItemPrefix="com.OriginalFiles.RemoteNXTFunctions.java" Intrnl_Id="45">
<BasicBoolTerm Intrnl_Id="46">
<LocList>
<Loc EndOffset="1078" SrcFileId="1" StartOffset="1059"/>
</LocList>
</BasicBoolTerm>
</RootTerm>
</CondStmnt>
</StmntSeq>
<Keyword EndOffset="865" SrcFileId="1" StartOffset="862"/>
<LocList>
<Loc EndOffset="1154" SrcFileId="1" StartOffset="862"/>
</LocList>
<RootTerm CovItemId="C1" CovItemPrefix="com.OriginalFiles.RemoteNXTFunctions.java" Intrnl_Id="47">
<BasicBoolTerm Intrnl_Id="48">
<LocList>
<Loc EndOffset="886" SrcFileId="1" StartOffset="878"/>
</LocList>
</BasicBoolTerm>
</RootTerm>
</LoopStmnt>
<LoopStmnt CovItemId="S12" CovItemPrefix="com.OriginalFiles.RemoteNXTFunctions.java" Intrnl_Id="49" MltplExecId="L2-2" MltplExecPrefix="com.OriginalFiles.RemoteNXTFunctions.java" NvrExecId="L2-0" NvrExecPrefix="com.OriginalFiles.RemoteNXTFunctions.java" OnceExecutedId="L2-1" OnceExecutedPrefix="com.OriginalFiles.RemoteNXTFunctions.java" OptBodyExec="true">
<StmntSeq Intrnl_Id="50">
<LocList>
<Loc EndOffset="1264" SrcFileId="1" StartOffset="1226"/>
</LocList>
<BasicStmnt CovItemId="S13" CovItemPrefix="com.OriginalFiles.RemoteNXTFunctions.java" Intrnl_Id="51">
<LocList>
<Loc EndOffset="1264" SrcFileId="1" StartOffset="1226"/>
</LocList>
</BasicStmnt>
</StmntSeq>
<Keyword EndOffset="1169" SrcFileId="1" StartOffset="1166"/>
<LocList>
<Loc EndOffset="1275" SrcFileId="1" StartOffset="1166"/>
</LocList>
<RootTerm CovItemId="C3" CovItemPrefix="com.OriginalFiles.RemoteNXTFunctions.java" Intrnl_Id="52">
<BasicBoolTerm Intrnl_Id="53">
<LocList>
<Loc EndOffset="1204" SrcFileId="1" StartOffset="1182"/>
</LocList>
</BasicBoolTerm>
</RootTerm>
</LoopStmnt>
</StmntSeq>
</HierarchyLvl>
<HierarchyLvl HierarchyLvlId="409" HierarchyLvlTypeId="14" Intrnl_Id="54" Name="movePieceOverField">
<Header>
<Loc EndOffset="1406" SrcFileId="1" StartOffset="1298"/>
</Header>
<LocList>
<Loc EndOffset="1786" SrcFileId="1" StartOffset="1298"/>
</LocList>
<StmntSeq Intrnl_Id="55">
<LocList>
<Loc EndOffset="1448" SrcFileId="1" StartOffset="1418"/>
<Loc EndOffset="1779" SrcFileId="1" StartOffset="1460"/>
</LocList>
<BasicStmnt CovItemId="S14" CovItemPrefix="com.OriginalFiles.RemoteNXTFunctions.java" Intrnl_Id="56">
<LocList>
<Loc EndOffset="1448" SrcFileId="1" StartOffset="1418"/>
</LocList>
</BasicStmnt>
<CondStmnt CovItemId="S15" CovItemPrefix="com.OriginalFiles.RemoteNXTFunctions.java" Intrnl_Id="57">
<Branch CovItemId="B3" CovItemPrefix="com.OriginalFiles.RemoteNXTFunctions.java" Implct="false" Intrnl_Id="58">
<Cond/>
<LocList>
<Loc EndOffset="1735" SrcFileId="1" StartOffset="1576"/>
</LocList>
<StmntSeq Intrnl_Id="59">
<LocList>
<Loc EndOffset="1724" SrcFileId="1" StartOffset="1591"/>
</LocList>
<BasicStmnt CovItemId="S16" CovItemPrefix="com.OriginalFiles.RemoteNXTFunctions.java" Intrnl_Id="60">
<LocList>
<Loc EndOffset="1724" SrcFileId="1" StartOffset="1591"/>
</LocList>
</BasicStmnt>
</StmntSeq>
</Branch>
<Branch CovItemId="B4" CovItemPrefix="com.OriginalFiles.RemoteNXTFunctions.java" Implct="false" Intrnl_Id="61">
<Cond>
<Loc EndOffset="1740" SrcFileId="1" StartOffset="1736"/>
</Cond>
<LocList>
<Loc EndOffset="1779" SrcFileId="1" StartOffset="1741"/>
</LocList>
<StmntSeq Intrnl_Id="62">
<LocList>
<Loc EndOffset="1768" SrcFileId="1" StartOffset="1756"/>
</LocList>
<BasicStmnt CovItemId="S17" CovItemPrefix="com.OriginalFiles.RemoteNXTFunctions.java" Intrnl_Id="63">
<LocList>
<Loc EndOffset="1768" SrcFileId="1" StartOffset="1756"/>
</LocList>
</BasicStmnt>
</StmntSeq>
</Branch>
<Keyword EndOffset="1462" SrcFileId="1" StartOffset="1460"/>
<LocList>
<Loc EndOffset="1779" SrcFileId="1" StartOffset="1460"/>
</LocList>
<RootTerm CovItemId="C4" CovItemPrefix="com.OriginalFiles.RemoteNXTFunctions.java" Intrnl_Id="64">
<OpTerm BooleanOpId="10" Intrnl_Id="65">
<BasicBoolTerm Intrnl_Id="66">
<LocList>
<Loc EndOffset="1515" SrcFileId="1" StartOffset="1464"/>
</LocList>
</BasicBoolTerm>
<BasicBoolTerm Intrnl_Id="67">
<LocList>
<Loc EndOffset="1574" SrcFileId="1" StartOffset="1536"/>
</LocList>
</BasicBoolTerm>
<LocList>
<Loc EndOffset="1535" SrcFileId="1" StartOffset="1533"/>
</LocList>
</OpTerm>
</RootTerm>
</CondStmnt>
</StmntSeq>
</HierarchyLvl>
<HierarchyLvl HierarchyLvlId="410" HierarchyLvlTypeId="14" Intrnl_Id="68" Name="movePiece">
<Header>
<Loc EndOffset="1890" SrcFileId="1" StartOffset="1792"/>
</Header>
<LocList>
<Loc EndOffset="1976" SrcFileId="1" StartOffset="1792"/>
</LocList>
<StmntSeq Intrnl_Id="69">
<LocList>
<Loc EndOffset="1969" SrcFileId="1" StartOffset="1902"/>
</LocList>
<BasicStmnt CovItemId="S18" CovItemPrefix="com.OriginalFiles.RemoteNXTFunctions.java" Intrnl_Id="70">
<LocList>
<Loc EndOffset="1969" SrcFileId="1" StartOffset="1902"/>
</LocList>
</BasicStmnt>
</StmntSeq>
</HierarchyLvl>
<HierarchyLvl HierarchyLvlId="411" HierarchyLvlTypeId="14" Intrnl_Id="71" Name="waitForRedButton">
<Header>
<Loc EndOffset="2014" SrcFileId="1" StartOffset="1984"/>
</Header>
<LocList>
<Loc EndOffset="2069" SrcFileId="1" StartOffset="1984"/>
</LocList>
</HierarchyLvl>
<HierarchyLvl HierarchyLvlId="412" HierarchyLvlTypeId="14" Intrnl_Id="72" Name="initColorSensor">
<Header>
<Loc EndOffset="2106" SrcFileId="1" StartOffset="2077"/>
</Header>
<LocList>
<Loc EndOffset="2161" SrcFileId="1" StartOffset="2077"/>
</LocList>
</HierarchyLvl>
<HierarchyLvl HierarchyLvlId="413" HierarchyLvlTypeId="14" Intrnl_Id="73" Name="getColorOnField">
<Header>
<Loc EndOffset="2217" SrcFileId="1" StartOffset="2169"/>
</Header>
<LocList>
<Loc EndOffset="11338" SrcFileId="1" StartOffset="2169"/>
</LocList>
<StmntSeq Intrnl_Id="74">
<LocList>
<Loc EndOffset="2256" SrcFileId="1" StartOffset="2229"/>
<Loc EndOffset="11297" SrcFileId="1" StartOffset="2276"/>
<Loc EndOffset="11331" SrcFileId="1" StartOffset="11317"/>
</LocList>
<BasicStmnt CovItemId="S19" CovItemPrefix="com.OriginalFiles.RemoteNXTFunctions.java" Intrnl_Id="75">
<LocList>
<Loc EndOffset="2256" SrcFileId="1" StartOffset="2229"/>
</LocList>
</BasicStmnt>
<CondStmnt CovItemId="S20" CovItemPrefix="com.OriginalFiles.RemoteNXTFunctions.java" Intrnl_Id="76">
<Branch CovItemId="B5" CovItemPrefix="com.OriginalFiles.RemoteNXTFunctions.java" Implct="false" Intrnl_Id="77">
<Cond/>
<LocList>
<Loc EndOffset="2815" SrcFileId="1" StartOffset="2305"/>
</LocList>
<StmntSeq Intrnl_Id="78">
<LocList>
<Loc EndOffset="2804" SrcFileId="1" StartOffset="2320"/>
</LocList>
<CondStmnt CovItemId="S21" CovItemPrefix="com.OriginalFiles.RemoteNXTFunctions.java" Intrnl_Id="79">
<Branch CovItemId="B7" CovItemPrefix="com.OriginalFiles.RemoteNXTFunctions.java" Implct="false" Intrnl_Id="80">
<Cond/>
<LocList>
<Loc EndOffset="2409" SrcFileId="1" StartOffset="2354"/>
</LocList>
<StmntSeq Intrnl_Id="81">
<LocList>
<Loc EndOffset="2394" SrcFileId="1" StartOffset="2373"/>
</LocList>
<BasicStmnt CovItemId="S22" CovItemPrefix="com.OriginalFiles.RemoteNXTFunctions.java" Intrnl_Id="82">
<LocList>
<Loc EndOffset="2394" SrcFileId="1" StartOffset="2373"/>
</LocList>
</BasicStmnt>
</StmntSeq>
</Branch>
<Branch CovItemId="B8" CovItemPrefix="com.OriginalFiles.RemoteNXTFunctions.java" Implct="false" Intrnl_Id="83">
<Cond>
<Loc EndOffset="2414" SrcFileId="1" StartOffset="2410"/>
</Cond>
<LocList>
<Loc EndOffset="2804" SrcFileId="1" StartOffset="2415"/>
</LocList>
<StmntSeq Intrnl_Id="84">
<LocList>
<Loc EndOffset="2804" SrcFileId="1" StartOffset="2415"/>
</LocList>
<CondStmnt CovItemId="S23" CovItemPrefix="com.OriginalFiles.RemoteNXTFunctions.java" Intrnl_Id="85">
<Branch CovItemId="B9" CovItemPrefix="com.OriginalFiles.RemoteNXTFunctions.java" Implct="false" Intrnl_Id="86">
<Cond/>
<LocList>
<Loc EndOffset="2492" SrcFileId="1" StartOffset="2437"/>
</LocList>
<StmntSeq Intrnl_Id="87">
<LocList>
<Loc EndOffset="2477" SrcFileId="1" StartOffset="2456"/>
</LocList>
<BasicStmnt CovItemId="S24" CovItemPrefix="com.OriginalFiles.RemoteNXTFunctions.java" Intrnl_Id="88">
<LocList>
<Loc EndOffset="2477" SrcFileId="1" StartOffset="2456"/>
</LocList>
</BasicStmnt>
</StmntSeq>
</Branch>
<Branch CovItemId="B10" CovItemPrefix="com.OriginalFiles.RemoteNXTFunctions.java" Implct="false" Intrnl_Id="89">
<Cond>
<Loc EndOffset="2497" SrcFileId="1" StartOffset="2493"/>
</Cond>
<LocList>
<Loc EndOffset="2804" SrcFileId="1" StartOffset="2498"/>
</LocList>
<StmntSeq Intrnl_Id="90">
<LocList>
<Loc EndOffset="2804" SrcFileId="1" StartOffset="2498"/>
</LocList>
<CondStmnt CovItemId="S25" CovItemPrefix="com.OriginalFiles.RemoteNXTFunctions.java" Intrnl_Id="91">
<Branch CovItemId="B11" CovItemPrefix="com.OriginalFiles.RemoteNXTFunctions.java" Implct="false" Intrnl_Id="92">
<Cond/>
<LocList>
<Loc EndOffset="2575" SrcFileId="1" StartOffset="2520"/>
</LocList>
<StmntSeq Intrnl_Id="93">
<LocList>
<Loc EndOffset="2560" SrcFileId="1" StartOffset="2539"/>
</LocList>
<BasicStmnt CovItemId="S26" CovItemPrefix="com.OriginalFiles.RemoteNXTFunctions.java" Intrnl_Id="94">
<LocList>
<Loc EndOffset="2560" SrcFileId="1" StartOffset="2539"/>
</LocList>
</BasicStmnt>
</StmntSeq>
</Branch>
<Branch CovItemId="B12" CovItemPrefix="com.OriginalFiles.RemoteNXTFunctions.java" Implct="false" Intrnl_Id="95">
<Cond>
<Loc EndOffset="2580" SrcFileId="1" StartOffset="2576"/>
</Cond>
<LocList>
<Loc EndOffset="2804" SrcFileId="1" StartOffset="2581"/>
</LocList>
<StmntSeq Intrnl_Id="96">
<LocList>
<Loc EndOffset="2804" SrcFileId="1" StartOffset="2581"/>
</LocList>
<CondStmnt CovItemId="S27" CovItemPrefix="com.OriginalFiles.RemoteNXTFunctions.java" Intrnl_Id="97">
<Branch CovItemId="B13" CovItemPrefix="com.OriginalFiles.RemoteNXTFunctions.java" Implct="false" Intrnl_Id="98">
<Cond/>
<LocList>
<Loc EndOffset="2743" SrcFileId="1" StartOffset="2640"/>
</LocList>
<StmntSeq Intrnl_Id="99">
<LocList>
<Loc EndOffset="2728" SrcFileId="1" StartOffset="2659"/>
</LocList>
<BasicStmnt CovItemId="S28" CovItemPrefix="com.OriginalFiles.RemoteNXTFunctions.java" Intrnl_Id="100">
<LocList>
<Loc EndOffset="2728" SrcFileId="1" StartOffset="2659"/>
</LocList>
</BasicStmnt>
</StmntSeq>
</Branch>
<Branch CovItemId="B14" CovItemPrefix="com.OriginalFiles.RemoteNXTFunctions.java" Implct="false" Intrnl_Id="101">
<Cond>
<Loc EndOffset="2748" SrcFileId="1" StartOffset="2744"/>
</Cond>
<LocList>
<Loc EndOffset="2804" SrcFileId="1" StartOffset="2749"/>
</LocList>
<StmntSeq Intrnl_Id="102">
<LocList>
<Loc EndOffset="2789" SrcFileId="1" StartOffset="2768"/>
</LocList>
<BasicStmnt CovItemId="S29" CovItemPrefix="com.OriginalFiles.RemoteNXTFunctions.java" Intrnl_Id="103">
<LocList>
<Loc EndOffset="2789" SrcFileId="1" StartOffset="2768"/>
</LocList>
</BasicStmnt>
</StmntSeq>
</Branch>
<Keyword EndOffset="2583" SrcFileId="1" StartOffset="2581"/>
<LocList>
<Loc EndOffset="2804" SrcFileId="1" StartOffset="2581"/>
</LocList>
<RootTerm CovItemId="C9" CovItemPrefix="com.OriginalFiles.RemoteNXTFunctions.java" Intrnl_Id="104">
<BasicBoolTerm Intrnl_Id="105">
<LocList>
<Loc EndOffset="2638" SrcFileId="1" StartOffset="2585"/>
</LocList>
</BasicBoolTerm>
</RootTerm>
</CondStmnt>
</StmntSeq>
</Branch>
<Keyword EndOffset="2500" SrcFileId="1" StartOffset="2498"/>
<LocList>
<Loc EndOffset="2804" SrcFileId="1" StartOffset="2498"/>
</LocList>
<RootTerm CovItemId="C8" CovItemPrefix="com.OriginalFiles.RemoteNXTFunctions.java" Intrnl_Id="106">
<OpTerm BooleanOpId="10" Intrnl_Id="107">
<BasicBoolTerm Intrnl_Id="108">
<LocList>
<Loc EndOffset="2508" SrcFileId="1" StartOffset="2502"/>
</LocList>
</BasicBoolTerm>
<BasicBoolTerm Intrnl_Id="109">
<LocList>
<Loc EndOffset="2518" SrcFileId="1" StartOffset="2512"/>
</LocList>
</BasicBoolTerm>
<LocList>
<Loc EndOffset="2511" SrcFileId="1" StartOffset="2509"/>
</LocList>
</OpTerm>
</RootTerm>
</CondStmnt>
</StmntSeq>
</Branch>
<Keyword EndOffset="2417" SrcFileId="1" StartOffset="2415"/>
<LocList>
<Loc EndOffset="2804" SrcFileId="1" StartOffset="2415"/>
</LocList>
<RootTerm CovItemId="C7" CovItemPrefix="com.OriginalFiles.RemoteNXTFunctions.java" Intrnl_Id="110">
<OpTerm BooleanOpId="10" Intrnl_Id="111">
<BasicBoolTerm Intrnl_Id="112">
<LocList>
<Loc EndOffset="2425" SrcFileId="1" StartOffset="2419"/>
</LocList>
</BasicBoolTerm>
<BasicBoolTerm Intrnl_Id="113">
<LocList>
<Loc EndOffset="2435" SrcFileId="1" StartOffset="2429"/>
</LocList>
</BasicBoolTerm>
<LocList>
<Loc EndOffset="2428" SrcFileId="1" StartOffset="2426"/>
</LocList>
</OpTerm>
</RootTerm>
</CondStmnt>
</StmntSeq>
</Branch>
<Keyword EndOffset="2322" SrcFileId="1" StartOffset="2320"/>
<LocList>
<Loc EndOffset="2804" SrcFileId="1" StartOffset="2320"/>
</LocList>
<RootTerm CovItemId="C6" CovItemPrefix="com.OriginalFiles.RemoteNXTFunctions.java" Intrnl_Id="114">
<OpTerm BooleanOpId="10" Intrnl_Id="115">
<BasicBoolTerm Intrnl_Id="116">
<LocList>
<Loc EndOffset="2329" SrcFileId="1" StartOffset="2323"/>
</LocList>
</BasicBoolTerm>
<BasicBoolTerm Intrnl_Id="117">
<LocList>
<Loc EndOffset="2339" SrcFileId="1" StartOffset="2333"/>
</LocList>
</BasicBoolTerm>
<LocList>
<Loc EndOffset="2332" SrcFileId="1" StartOffset="2330"/>
</LocList>
</OpTerm>
</RootTerm>
</CondStmnt>
</StmntSeq>
</Branch>
<Branch CovItemId="B6" CovItemPrefix="com.OriginalFiles.RemoteNXTFunctions.java" Implct="false" Intrnl_Id="118">
<Cond>
<Loc EndOffset="2829" SrcFileId="1" StartOffset="2825"/>
</Cond>
<LocList>
<Loc EndOffset="11297" SrcFileId="1" StartOffset="2830"/>
</LocList>
<StmntSeq Intrnl_Id="119">
<LocList>
<Loc EndOffset="3427" SrcFileId="1" StartOffset="2892"/>
<Loc EndOffset="4023" SrcFileId="1" StartOffset="3488"/>
<Loc EndOffset="11286" SrcFileId="1" StartOffset="4039"/>
</LocList>
<CondStmnt CovItemId="S30" CovItemPrefix="com.OriginalFiles.RemoteNXTFunctions.java" Intrnl_Id="120">
<Branch CovItemId="B15" CovItemPrefix="com.OriginalFiles.RemoteNXTFunctions.java" Implct="false" Intrnl_Id="121">
<Cond/>
<LocList>
<Loc EndOffset="3427" SrcFileId="1" StartOffset="2923"/>
</LocList>
<StmntSeq Intrnl_Id="122">
<LocList>
<Loc EndOffset="3412" SrcFileId="1" StartOffset="2942"/>
</LocList>
<CondStmnt CovItemId="S31" CovItemPrefix="com.OriginalFiles.RemoteNXTFunctions.java" Intrnl_Id="123">
<Branch CovItemId="B17" CovItemPrefix="com.OriginalFiles.RemoteNXTFunctions.java" Implct="false" Intrnl_Id="124">
<Cond/>
<LocList>
<Loc EndOffset="3043" SrcFileId="1" StartOffset="2980"/>
</LocList>
<StmntSeq Intrnl_Id="125">
<LocList>
<Loc EndOffset="3024" SrcFileId="1" StartOffset="3003"/>
</LocList>
<BasicStmnt CovItemId="S32" CovItemPrefix="com.OriginalFiles.RemoteNXTFunctions.java" Intrnl_Id="126">
<LocList>
<Loc EndOffset="3024" SrcFileId="1" StartOffset="3003"/>
</LocList>
</BasicStmnt>
</StmntSeq>
</Branch>
<Branch CovItemId="B18" CovItemPrefix="com.OriginalFiles.RemoteNXTFunctions.java" Implct="false" Intrnl_Id="127">
<Cond>
<Loc EndOffset="3065" SrcFileId="1" StartOffset="3061"/>
</Cond>
<LocList>
<Loc EndOffset="3412" SrcFileId="1" StartOffset="3066"/>
</LocList>
<StmntSeq Intrnl_Id="128">
<LocList>
<Loc EndOffset="3412" SrcFileId="1" StartOffset="3066"/>
</LocList>
<CondStmnt CovItemId="S33" CovItemPrefix="com.OriginalFiles.RemoteNXTFunctions.java" Intrnl_Id="129">
<Branch CovItemId="B19" CovItemPrefix="com.OriginalFiles.RemoteNXTFunctions.java" Implct="false" Intrnl_Id="130">
<Cond/>
<LocList>
<Loc EndOffset="3167" SrcFileId="1" StartOffset="3104"/>
</LocList>
<StmntSeq Intrnl_Id="131">
<LocList>
<Loc EndOffset="3148" SrcFileId="1" StartOffset="3127"/>
</LocList>
<BasicStmnt CovItemId="S34" CovItemPrefix="com.OriginalFiles.RemoteNXTFunctions.java" Intrnl_Id="132">
<LocList>
<Loc EndOffset="3148" SrcFileId="1" StartOffset="3127"/>
</LocList>
</BasicStmnt>
</StmntSeq>
</Branch>
<Branch CovItemId="B20" CovItemPrefix="com.OriginalFiles.RemoteNXTFunctions.java" Implct="false" Intrnl_Id="133">
<Cond>
<Loc EndOffset="3172" SrcFileId="1" StartOffset="3168"/>
</Cond>
<LocList>
<Loc EndOffset="3412" SrcFileId="1" StartOffset="3173"/>
</LocList>
<StmntSeq Intrnl_Id="134">
<LocList>
<Loc EndOffset="3412" SrcFileId="1" StartOffset="3173"/>
</LocList>
<CondStmnt CovItemId="S35" CovItemPrefix="com.OriginalFiles.RemoteNXTFunctions.java" Intrnl_Id="135">
<Branch CovItemId="B21" CovItemPrefix="com.OriginalFiles.RemoteNXTFunctions.java" Implct="false" Intrnl_Id="136">
<Cond/>
<LocList>
<Loc EndOffset="3343" SrcFileId="1" StartOffset="3232"/>
</LocList>
<StmntSeq Intrnl_Id="137">
<LocList>
<Loc EndOffset="3324" SrcFileId="1" StartOffset="3255"/>
</LocList>
<BasicStmnt CovItemId="S36" CovItemPrefix="com.OriginalFiles.RemoteNXTFunctions.java" Intrnl_Id="138">
<LocList>
<Loc EndOffset="3324" SrcFileId="1" StartOffset="3255"/>
</LocList>
</BasicStmnt>
</StmntSeq>
</Branch>
<Branch CovItemId="B22" CovItemPrefix="com.OriginalFiles.RemoteNXTFunctions.java" Implct="false" Intrnl_Id="139">
<Cond>
<Loc EndOffset="3348" SrcFileId="1" StartOffset="3344"/>
</Cond>
<LocList>
<Loc EndOffset="3412" SrcFileId="1" StartOffset="3349"/>
</LocList>
<StmntSeq Intrnl_Id="140">
<LocList>
<Loc EndOffset="3393" SrcFileId="1" StartOffset="3372"/>
</LocList>
<BasicStmnt CovItemId="S37" CovItemPrefix="com.OriginalFiles.RemoteNXTFunctions.java" Intrnl_Id="141">
<LocList>
<Loc EndOffset="3393" SrcFileId="1" StartOffset="3372"/>
</LocList>
</BasicStmnt>
</StmntSeq>
</Branch>
<Keyword EndOffset="3175" SrcFileId="1" StartOffset="3173"/>
<LocList>
<Loc EndOffset="3412" SrcFileId="1" StartOffset="3173"/>
</LocList>
<RootTerm CovItemId="C13" CovItemPrefix="com.OriginalFiles.RemoteNXTFunctions.java" Intrnl_Id="142">
<BasicBoolTerm Intrnl_Id="143">
<LocList>
<Loc EndOffset="3230" SrcFileId="1" StartOffset="3177"/>
</LocList>
</BasicBoolTerm>
</RootTerm>
</CondStmnt>
</StmntSeq>
</Branch>
<Keyword EndOffset="3068" SrcFileId="1" StartOffset="3066"/>
<LocList>
<Loc EndOffset="3412" SrcFileId="1" StartOffset="3066"/>
</LocList>
<RootTerm CovItemId="C12" CovItemPrefix="com.OriginalFiles.RemoteNXTFunctions.java" Intrnl_Id="144">
<OpTerm BooleanOpId="10" Intrnl_Id="145">
<BasicBoolTerm Intrnl_Id="146">
<LocList>
<Loc EndOffset="3075" SrcFileId="1" StartOffset="3069"/>
</LocList>
</BasicBoolTerm>
<BasicBoolTerm Intrnl_Id="147">
<LocList>
<Loc EndOffset="3085" SrcFileId="1" StartOffset="3079"/>
</LocList>
</BasicBoolTerm>
<LocList>
<Loc EndOffset="3078" SrcFileId="1" StartOffset="3076"/>
</LocList>
</OpTerm>
</RootTerm>
</CondStmnt>
</StmntSeq>
</Branch>
<Keyword EndOffset="2944" SrcFileId="1" StartOffset="2942"/>
<LocList>
<Loc EndOffset="3412" SrcFileId="1" StartOffset="2942"/>
</LocList>
<RootTerm CovItemId="C11" CovItemPrefix="com.OriginalFiles.RemoteNXTFunctions.java" Intrnl_Id="148">
<OpTerm BooleanOpId="10" Intrnl_Id="149">
<BasicBoolTerm Intrnl_Id="150">
<LocList>
<Loc EndOffset="2951" SrcFileId="1" StartOffset="2945"/>
</LocList>
</BasicBoolTerm>
<BasicBoolTerm Intrnl_Id="151">
<LocList>
<Loc EndOffset="2961" SrcFileId="1" StartOffset="2955"/>
</LocList>
</BasicBoolTerm>
<LocList>
<Loc EndOffset="2954" SrcFileId="1" StartOffset="2952"/>
</LocList>
</OpTerm>
</RootTerm>
</CondStmnt>
</StmntSeq>
</Branch>
<Branch CovItemId="B16" CovItemPrefix="com.OriginalFiles.RemoteNXTFunctions.java" Implct="true" Intrnl_Id="152">
<Cond/>
<LocList/>
<StmntSeq Intrnl_Id="153">
<LocList/>
</StmntSeq>
</Branch>
<Keyword EndOffset="2894" SrcFileId="1" StartOffset="2892"/>
<LocList>
<Loc EndOffset="3427" SrcFileId="1" StartOffset="2892"/>
</LocList>
<RootTerm CovItemId="C10" CovItemPrefix="com.OriginalFiles.RemoteNXTFunctions.java" Intrnl_Id="154">
<BasicBoolTerm Intrnl_Id="155">
<LocList>
<Loc EndOffset="2921" SrcFileId="1" StartOffset="2895"/>
</LocList>
</BasicBoolTerm>
</RootTerm>
</CondStmnt>
<CondStmnt CovItemId="S38" CovItemPrefix="com.OriginalFiles.RemoteNXTFunctions.java" Intrnl_Id="156">
<Branch CovItemId="B23" CovItemPrefix="com.OriginalFiles.RemoteNXTFunctions.java" Implct="false" Intrnl_Id="157">
<Cond/>
<LocList>
<Loc EndOffset="4023" SrcFileId="1" StartOffset="3519"/>
</LocList>
<StmntSeq Intrnl_Id="158">
<LocList>
<Loc EndOffset="4008" SrcFileId="1" StartOffset="3538"/>
</LocList>
<CondStmnt CovItemId="S39" CovItemPrefix="com.OriginalFiles.RemoteNXTFunctions.java" Intrnl_Id="159">
<Branch CovItemId="B25" CovItemPrefix="com.OriginalFiles.RemoteNXTFunctions.java" Implct="false" Intrnl_Id="160">
<Cond/>
<LocList>
<Loc EndOffset="3639" SrcFileId="1" StartOffset="3576"/>
</LocList>
<StmntSeq Intrnl_Id="161">
<LocList>
<Loc EndOffset="3620" SrcFileId="1" StartOffset="3599"/>
</LocList>
<BasicStmnt CovItemId="S40" CovItemPrefix="com.OriginalFiles.RemoteNXTFunctions.java" Intrnl_Id="162">
<LocList>
<Loc EndOffset="3620" SrcFileId="1" StartOffset="3599"/>
</LocList>
</BasicStmnt>
</StmntSeq>
</Branch>
<Branch CovItemId="B26" CovItemPrefix="com.OriginalFiles.RemoteNXTFunctions.java" Implct="false" Intrnl_Id="163">
<Cond>
<Loc EndOffset="3661" SrcFileId="1" StartOffset="3657"/>
</Cond>
<LocList>
<Loc EndOffset="4008" SrcFileId="1" StartOffset="3662"/>
</LocList>
<StmntSeq Intrnl_Id="164">
<LocList>
<Loc EndOffset="4008" SrcFileId="1" StartOffset="3662"/>
</LocList>
<CondStmnt CovItemId="S41" CovItemPrefix="com.OriginalFiles.RemoteNXTFunctions.java" Intrnl_Id="165">
<Branch CovItemId="B27" CovItemPrefix="com.OriginalFiles.RemoteNXTFunctions.java" Implct="false" Intrnl_Id="166">
<Cond/>
<LocList>
<Loc EndOffset="3763" SrcFileId="1" StartOffset="3700"/>
</LocList>
<StmntSeq Intrnl_Id="167">
<LocList>
<Loc EndOffset="3744" SrcFileId="1" StartOffset="3723"/>
</LocList>
<BasicStmnt CovItemId="S42" CovItemPrefix="com.OriginalFiles.RemoteNXTFunctions.java" Intrnl_Id="168">
<LocList>
<Loc EndOffset="3744" SrcFileId="1" StartOffset="3723"/>
</LocList>
</BasicStmnt>
</StmntSeq>
</Branch>
<Branch CovItemId="B28" CovItemPrefix="com.OriginalFiles.RemoteNXTFunctions.java" Implct="false" Intrnl_Id="169">
<Cond>
<Loc EndOffset="3768" SrcFileId="1" StartOffset="3764"/>
</Cond>
<LocList>
<Loc EndOffset="4008" SrcFileId="1" StartOffset="3769"/>
</LocList>
<StmntSeq Intrnl_Id="170">
<LocList>
<Loc EndOffset="4008" SrcFileId="1" StartOffset="3769"/>
</LocList>
<CondStmnt CovItemId="S43" CovItemPrefix="com.OriginalFiles.RemoteNXTFunctions.java" Intrnl_Id="171">
<Branch CovItemId="B29" CovItemPrefix="com.OriginalFiles.RemoteNXTFunctions.java" Implct="false" Intrnl_Id="172">
<Cond/>
<LocList>
<Loc EndOffset="3939" SrcFileId="1" StartOffset="3828"/>
</LocList>
<StmntSeq Intrnl_Id="173">
<LocList>
<Loc EndOffset="3920" SrcFileId="1" StartOffset="3851"/>
</LocList>
<BasicStmnt CovItemId="S44" CovItemPrefix="com.OriginalFiles.RemoteNXTFunctions.java" Intrnl_Id="174">
<LocList>
<Loc EndOffset="3920" SrcFileId="1" StartOffset="3851"/>
</LocList>
</BasicStmnt>
</StmntSeq>
</Branch>
<Branch CovItemId="B30" CovItemPrefix="com.OriginalFiles.RemoteNXTFunctions.java" Implct="false" Intrnl_Id="175">
<Cond>
<Loc EndOffset="3944" SrcFileId="1" StartOffset="3940"/>
</Cond>
<LocList>
<Loc EndOffset="4008" SrcFileId="1" StartOffset="3945"/>
</LocList>
<StmntSeq Intrnl_Id="176">
<LocList>
<Loc EndOffset="3989" SrcFileId="1" StartOffset="3968"/>
</LocList>
<BasicStmnt CovItemId="S45" CovItemPrefix="com.OriginalFiles.RemoteNXTFunctions.java" Intrnl_Id="177">
<LocList>
<Loc EndOffset="3989" SrcFileId="1" StartOffset="3968"/>
</LocList>
</BasicStmnt>
</StmntSeq>
</Branch>
<Keyword EndOffset="3771" SrcFileId="1" StartOffset="3769"/>
<LocList>
<Loc EndOffset="4008" SrcFileId="1" StartOffset="3769"/>
</LocList>
<RootTerm CovItemId="C17" CovItemPrefix="com.OriginalFiles.RemoteNXTFunctions.java" Intrnl_Id="178">
<BasicBoolTerm Intrnl_Id="179">
<LocList>
<Loc EndOffset="3826" SrcFileId="1" StartOffset="3773"/>
</LocList>
</BasicBoolTerm>
</RootTerm>
</CondStmnt>
</StmntSeq>
</Branch>
<Keyword EndOffset="3664" SrcFileId="1" StartOffset="3662"/>
<LocList>
<Loc EndOffset="4008" SrcFileId="1" StartOffset="3662"/>
</LocList>
<RootTerm CovItemId="C16" CovItemPrefix="com.OriginalFiles.RemoteNXTFunctions.java" Intrnl_Id="180">
<OpTerm BooleanOpId="10" Intrnl_Id="181">
<BasicBoolTerm Intrnl_Id="182">
<LocList>
<Loc EndOffset="3671" SrcFileId="1" StartOffset="3665"/>
</LocList>
</BasicBoolTerm>
<BasicBoolTerm Intrnl_Id="183">
<LocList>
<Loc EndOffset="3681" SrcFileId="1" StartOffset="3675"/>
</LocList>
</BasicBoolTerm>
<LocList>
<Loc EndOffset="3674" SrcFileId="1" StartOffset="3672"/>
</LocList>
</OpTerm>
</RootTerm>
</CondStmnt>
</StmntSeq>
</Branch>
<Keyword EndOffset="3540" SrcFileId="1" StartOffset="3538"/>
<LocList>
<Loc EndOffset="4008" SrcFileId="1" StartOffset="3538"/>
</LocList>
<RootTerm CovItemId="C15" CovItemPrefix="com.OriginalFiles.RemoteNXTFunctions.java" Intrnl_Id="184">
<OpTerm BooleanOpId="10" Intrnl_Id="185">
<BasicBoolTerm Intrnl_Id="186">
<LocList>
<Loc EndOffset="3547" SrcFileId="1" StartOffset="3541"/>
</LocList>
</BasicBoolTerm>
<BasicBoolTerm Intrnl_Id="187">
<LocList>
<Loc EndOffset="3557" SrcFileId="1" StartOffset="3551"/>
</LocList>
</BasicBoolTerm>
<LocList>
<Loc EndOffset="3550" SrcFileId="1" StartOffset="3548"/>
</LocList>
</OpTerm>
</RootTerm>
</CondStmnt>
</StmntSeq>
</Branch>
<Branch CovItemId="B24" CovItemPrefix="com.OriginalFiles.RemoteNXTFunctions.java" Implct="true" Intrnl_Id="188">
<Cond/>
<LocList/>
<StmntSeq Intrnl_Id="189">
<LocList/>
</StmntSeq>
</Branch>
<Keyword EndOffset="3490" SrcFileId="1" StartOffset="3488"/>
<LocList>
<Loc EndOffset="4023" SrcFileId="1" StartOffset="3488"/>
</LocList>
<RootTerm CovItemId="C14" CovItemPrefix="com.OriginalFiles.RemoteNXTFunctions.java" Intrnl_Id="190">
<BasicBoolTerm Intrnl_Id="191">
<LocList>
<Loc EndOffset="3517" SrcFileId="1" StartOffset="3491"/>
</LocList>
</BasicBoolTerm>
</RootTerm>
</CondStmnt>
<CondStmnt CovItemId="S46" CovItemPrefix="com.OriginalFiles.RemoteNXTFunctions.java" Intrnl_Id="192">
<Branch CovItemId="B31" CovItemPrefix="com.OriginalFiles.RemoteNXTFunctions.java" Implct="false" Intrnl_Id="193">
<Cond/>
<LocList>
<Loc EndOffset="4572" SrcFileId="1" StartOffset="4068"/>
</LocList>
<StmntSeq Intrnl_Id="194">
<LocList>
<Loc EndOffset="4557" SrcFileId="1" StartOffset="4087"/>
</LocList>
<CondStmnt CovItemId="S47" CovItemPrefix="com.OriginalFiles.RemoteNXTFunctions.java" Intrnl_Id="195">
<Branch CovItemId="B33" CovItemPrefix="com.OriginalFiles.RemoteNXTFunctions.java" Implct="false" Intrnl_Id="196">
<Cond/>
<LocList>
<Loc EndOffset="4188" SrcFileId="1" StartOffset="4125"/>
</LocList>
<StmntSeq Intrnl_Id="197">
<LocList>
<Loc EndOffset="4169" SrcFileId="1" StartOffset="4148"/>
</LocList>
<BasicStmnt CovItemId="S48" CovItemPrefix="com.OriginalFiles.RemoteNXTFunctions.java" Intrnl_Id="198">
<LocList>
<Loc EndOffset="4169" SrcFileId="1" StartOffset="4148"/>
</LocList>
</BasicStmnt>
</StmntSeq>
</Branch>
<Branch CovItemId="B34" CovItemPrefix="com.OriginalFiles.RemoteNXTFunctions.java" Implct="false" Intrnl_Id="199">
<Cond>
<Loc EndOffset="4210" SrcFileId="1" StartOffset="4206"/>
</Cond>
<LocList>
<Loc EndOffset="4557" SrcFileId="1" StartOffset="4211"/>
</LocList>
<StmntSeq Intrnl_Id="200">
<LocList>
<Loc EndOffset="4557" SrcFileId="1" StartOffset="4211"/>
</LocList>
<CondStmnt CovItemId="S49" CovItemPrefix="com.OriginalFiles.RemoteNXTFunctions.java" Intrnl_Id="201">
<Branch CovItemId="B35" CovItemPrefix="com.OriginalFiles.RemoteNXTFunctions.java" Implct="false" Intrnl_Id="202">
<Cond/>
<LocList>
<Loc EndOffset="4312" SrcFileId="1" StartOffset="4249"/>
</LocList>
<StmntSeq Intrnl_Id="203">
<LocList>
<Loc EndOffset="4293" SrcFileId="1" StartOffset="4272"/>
</LocList>
<BasicStmnt CovItemId="S50" CovItemPrefix="com.OriginalFiles.RemoteNXTFunctions.java" Intrnl_Id="204">
<LocList>
<Loc EndOffset="4293" SrcFileId="1" StartOffset="4272"/>
</LocList>
</BasicStmnt>
</StmntSeq>
</Branch>
<Branch CovItemId="B36" CovItemPrefix="com.OriginalFiles.RemoteNXTFunctions.java" Implct="false" Intrnl_Id="205">
<Cond>
<Loc EndOffset="4317" SrcFileId="1" StartOffset="4313"/>
</Cond>
<LocList>
<Loc EndOffset="4557" SrcFileId="1" StartOffset="4318"/>
</LocList>
<StmntSeq Intrnl_Id="206">
<LocList>
<Loc EndOffset="4557" SrcFileId="1" StartOffset="4318"/>
</LocList>
<CondStmnt CovItemId="S51" CovItemPrefix="com.OriginalFiles.RemoteNXTFunctions.java" Intrnl_Id="207">
<Branch CovItemId="B37" CovItemPrefix="com.OriginalFiles.RemoteNXTFunctions.java" Implct="false" Intrnl_Id="208">
<Cond/>
<LocList>
<Loc EndOffset="4488" SrcFileId="1" StartOffset="4377"/>
</LocList>
<StmntSeq Intrnl_Id="209">
<LocList>
<Loc EndOffset="4469" SrcFileId="1" StartOffset="4400"/>
</LocList>
<BasicStmnt CovItemId="S52" CovItemPrefix="com.OriginalFiles.RemoteNXTFunctions.java" Intrnl_Id="210">
<LocList>
<Loc EndOffset="4469" SrcFileId="1" StartOffset="4400"/>
</LocList>
</BasicStmnt>
</StmntSeq>
</Branch>
<Branch CovItemId="B38" CovItemPrefix="com.OriginalFiles.RemoteNXTFunctions.java" Implct="false" Intrnl_Id="211">
<Cond>
<Loc EndOffset="4493" SrcFileId="1" StartOffset="4489"/>
</Cond>
<LocList>
<Loc EndOffset="4557" SrcFileId="1" StartOffset="4494"/>
</LocList>
<StmntSeq Intrnl_Id="212">
<LocList>
<Loc EndOffset="4538" SrcFileId="1" StartOffset="4517"/>
</LocList>
<BasicStmnt CovItemId="S53" CovItemPrefix="com.OriginalFiles.RemoteNXTFunctions.java" Intrnl_Id="213">
<LocList>
<Loc EndOffset="4538" SrcFileId="1" StartOffset="4517"/>
</LocList>
</BasicStmnt>
</StmntSeq>
</Branch>
<Keyword EndOffset="4320" SrcFileId="1" StartOffset="4318"/>
<LocList>
<Loc EndOffset="4557" SrcFileId="1" StartOffset="4318"/>
</LocList>
<RootTerm CovItemId="C21" CovItemPrefix="com.OriginalFiles.RemoteNXTFunctions.java" Intrnl_Id="214">
<BasicBoolTerm Intrnl_Id="215">
<LocList>
<Loc EndOffset="4375" SrcFileId="1" StartOffset="4322"/>
</LocList>
</BasicBoolTerm>
</RootTerm>
</CondStmnt>
</StmntSeq>
</Branch>
<Keyword EndOffset="4213" SrcFileId="1" StartOffset="4211"/>
<LocList>
<Loc EndOffset="4557" SrcFileId="1" StartOffset="4211"/>
</LocList>
<RootTerm CovItemId="C20" CovItemPrefix="com.OriginalFiles.RemoteNXTFunctions.java" Intrnl_Id="216">
<OpTerm BooleanOpId="10" Intrnl_Id="217">
<BasicBoolTerm Intrnl_Id="218">
<LocList>
<Loc EndOffset="4220" SrcFileId="1" StartOffset="4214"/>
</LocList>
</BasicBoolTerm>
<BasicBoolTerm Intrnl_Id="219">
<LocList>
<Loc EndOffset="4230" SrcFileId="1" StartOffset="4224"/>
</LocList>
</BasicBoolTerm>
<LocList>
<Loc EndOffset="4223" SrcFileId="1" StartOffset="4221"/>
</LocList>
</OpTerm>
</RootTerm>
</CondStmnt>
</StmntSeq>
</Branch>
<Keyword EndOffset="4089" SrcFileId="1" StartOffset="4087"/>
<LocList>
<Loc EndOffset="4557" SrcFileId="1" StartOffset="4087"/>
</LocList>
<RootTerm CovItemId="C19" CovItemPrefix="com.OriginalFiles.RemoteNXTFunctions.java" Intrnl_Id="220">
<OpTerm BooleanOpId="10" Intrnl_Id="221">
<BasicBoolTerm Intrnl_Id="222">
<LocList>
<Loc EndOffset="4096" SrcFileId="1" StartOffset="4090"/>
</LocList>
</BasicBoolTerm>
<BasicBoolTerm Intrnl_Id="223">
<LocList>
<Loc EndOffset="4106" SrcFileId="1" StartOffset="4100"/>
</LocList>
</BasicBoolTerm>
<LocList>
<Loc EndOffset="4099" SrcFileId="1" StartOffset="4097"/>
</LocList>
</OpTerm>
</RootTerm>
</CondStmnt>
</StmntSeq>
</Branch>
<Branch CovItemId="B32" CovItemPrefix="com.OriginalFiles.RemoteNXTFunctions.java" Implct="false" Intrnl_Id="224">
<Cond>
<Loc EndOffset="4590" SrcFileId="1" StartOffset="4586"/>
</Cond>
<LocList>
<Loc EndOffset="11286" SrcFileId="1" StartOffset="4591"/>
</LocList>
<StmntSeq Intrnl_Id="225">
<LocList>
<Loc EndOffset="11286" SrcFileId="1" StartOffset="4591"/>
</LocList>
<CondStmnt CovItemId="S54" CovItemPrefix="com.OriginalFiles.RemoteNXTFunctions.java" Intrnl_Id="226">
<Branch CovItemId="B39" CovItemPrefix="com.OriginalFiles.RemoteNXTFunctions.java" Implct="false" Intrnl_Id="227">
<Cond/>
<LocList>
<Loc EndOffset="5232" SrcFileId="1" StartOffset="4621"/>
</LocList>
<StmntSeq Intrnl_Id="228">
<LocList>
<Loc EndOffset="5217" SrcFileId="1" StartOffset="4640"/>
</LocList>
<CondStmnt CovItemId="S55" CovItemPrefix="com.OriginalFiles.RemoteNXTFunctions.java" Intrnl_Id="229">
<Branch CovItemId="B41" CovItemPrefix="com.OriginalFiles.RemoteNXTFunctions.java" Implct="false" Intrnl_Id="230">
<Cond/>
<LocList>
<Loc EndOffset="4741" SrcFileId="1" StartOffset="4678"/>
</LocList>
<StmntSeq Intrnl_Id="231">
<LocList>
<Loc EndOffset="4722" SrcFileId="1" StartOffset="4701"/>
</LocList>
<BasicStmnt CovItemId="S56" CovItemPrefix="com.OriginalFiles.RemoteNXTFunctions.java" Intrnl_Id="232">
<LocList>
<Loc EndOffset="4722" SrcFileId="1" StartOffset="4701"/>
</LocList>
</BasicStmnt>
</StmntSeq>
</Branch>
<Branch CovItemId="B42" CovItemPrefix="com.OriginalFiles.RemoteNXTFunctions.java" Implct="false" Intrnl_Id="233">
<Cond>
<Loc EndOffset="4763" SrcFileId="1" StartOffset="4759"/>
</Cond>
<LocList>
<Loc EndOffset="5217" SrcFileId="1" StartOffset="4764"/>
</LocList>
<StmntSeq Intrnl_Id="234">
<LocList>
<Loc EndOffset="5217" SrcFileId="1" StartOffset="4764"/>
</LocList>
<CondStmnt CovItemId="S57" CovItemPrefix="com.OriginalFiles.RemoteNXTFunctions.java" Intrnl_Id="235">
<Branch CovItemId="B43" CovItemPrefix="com.OriginalFiles.RemoteNXTFunctions.java" Implct="false" Intrnl_Id="236">
<Cond/>
<LocList>
<Loc EndOffset="4848" SrcFileId="1" StartOffset="4785"/>
</LocList>
<StmntSeq Intrnl_Id="237">
<LocList>
<Loc EndOffset="4829" SrcFileId="1" StartOffset="4808"/>
</LocList>
<BasicStmnt CovItemId="S58" CovItemPrefix="com.OriginalFiles.RemoteNXTFunctions.java" Intrnl_Id="238">
<LocList>
<Loc EndOffset="4829" SrcFileId="1" StartOffset="4808"/>
</LocList>
</BasicStmnt>
</StmntSeq>
</Branch>
<Branch CovItemId="B44" CovItemPrefix="com.OriginalFiles.RemoteNXTFunctions.java" Implct="false" Intrnl_Id="239">
<Cond>
<Loc EndOffset="4870" SrcFileId="1" StartOffset="4866"/>
</Cond>
<LocList>
<Loc EndOffset="5217" SrcFileId="1" StartOffset="4871"/>
</LocList>
<StmntSeq Intrnl_Id="240">
<LocList>
<Loc EndOffset="5217" SrcFileId="1" StartOffset="4871"/>
</LocList>
<CondStmnt CovItemId="S59" CovItemPrefix="com.OriginalFiles.RemoteNXTFunctions.java" Intrnl_Id="241">
<Branch CovItemId="B45" CovItemPrefix="com.OriginalFiles.RemoteNXTFunctions.java" Implct="false" Intrnl_Id="242">
<Cond/>
<LocList>
<Loc EndOffset="4972" SrcFileId="1" StartOffset="4909"/>
</LocList>
<StmntSeq Intrnl_Id="243">
<LocList>
<Loc EndOffset="4953" SrcFileId="1" StartOffset="4932"/>
</LocList>
<BasicStmnt CovItemId="S60" CovItemPrefix="com.OriginalFiles.RemoteNXTFunctions.java" Intrnl_Id="244">
<LocList>
<Loc EndOffset="4953" SrcFileId="1" StartOffset="4932"/>
</LocList>
</BasicStmnt>
</StmntSeq>
</Branch>
<Branch CovItemId="B46" CovItemPrefix="com.OriginalFiles.RemoteNXTFunctions.java" Implct="false" Intrnl_Id="245">
<Cond>
<Loc EndOffset="4977" SrcFileId="1" StartOffset="4973"/>
</Cond>
<LocList>
<Loc EndOffset="5217" SrcFileId="1" StartOffset="4978"/>
</LocList>
<StmntSeq Intrnl_Id="246">
<LocList>
<Loc EndOffset="5217" SrcFileId="1" StartOffset="4978"/>
</LocList>
<CondStmnt CovItemId="S61" CovItemPrefix="com.OriginalFiles.RemoteNXTFunctions.java" Intrnl_Id="247">
<Branch CovItemId="B47" CovItemPrefix="com.OriginalFiles.RemoteNXTFunctions.java" Implct="false" Intrnl_Id="248">
<Cond/>
<LocList>
<Loc EndOffset="5148" SrcFileId="1" StartOffset="5037"/>
</LocList>
<StmntSeq Intrnl_Id="249">
<LocList>
<Loc EndOffset="5129" SrcFileId="1" StartOffset="5060"/>
</LocList>
<BasicStmnt CovItemId="S62" CovItemPrefix="com.OriginalFiles.RemoteNXTFunctions.java" Intrnl_Id="250">
<LocList>
<Loc EndOffset="5129" SrcFileId="1" StartOffset="5060"/>
</LocList>
</BasicStmnt>
</StmntSeq>
</Branch>
<Branch CovItemId="B48" CovItemPrefix="com.OriginalFiles.RemoteNXTFunctions.java" Implct="false" Intrnl_Id="251">
<Cond>
<Loc EndOffset="5153" SrcFileId="1" StartOffset="5149"/>
</Cond>
<LocList>
<Loc EndOffset="5217" SrcFileId="1" StartOffset="5154"/>
</LocList>
<StmntSeq Intrnl_Id="252">
<LocList>
<Loc EndOffset="5198" SrcFileId="1" StartOffset="5177"/>
</LocList>
<BasicStmnt CovItemId="S63" CovItemPrefix="com.OriginalFiles.RemoteNXTFunctions.java" Intrnl_Id="253">
<LocList>
<Loc EndOffset="5198" SrcFileId="1" StartOffset="5177"/>
</LocList>
</BasicStmnt>
</StmntSeq>
</Branch>
<Keyword EndOffset="4980" SrcFileId="1" StartOffset="4978"/>
<LocList>
<Loc EndOffset="5217" SrcFileId="1" StartOffset="4978"/>
</LocList>
<RootTerm CovItemId="C26" CovItemPrefix="com.OriginalFiles.RemoteNXTFunctions.java" Intrnl_Id="254">
<BasicBoolTerm Intrnl_Id="255">
<LocList>
<Loc EndOffset="5035" SrcFileId="1" StartOffset="4982"/>
</LocList>
</BasicBoolTerm>
</RootTerm>
</CondStmnt>
</StmntSeq>
</Branch>
<Keyword EndOffset="4873" SrcFileId="1" StartOffset="4871"/>
<LocList>
<Loc EndOffset="5217" SrcFileId="1" StartOffset="4871"/>
</LocList>
<RootTerm CovItemId="C25" CovItemPrefix="com.OriginalFiles.RemoteNXTFunctions.java" Intrnl_Id="256">
<OpTerm BooleanOpId="10" Intrnl_Id="257">
<BasicBoolTerm Intrnl_Id="258">
<LocList>
<Loc EndOffset="4880" SrcFileId="1" StartOffset="4874"/>
</LocList>
</BasicBoolTerm>
<BasicBoolTerm Intrnl_Id="259">
<LocList>
<Loc EndOffset="4890" SrcFileId="1" StartOffset="4884"/>
</LocList>
</BasicBoolTerm>
<LocList>
<Loc EndOffset="4883" SrcFileId="1" StartOffset="4881"/>
</LocList>
</OpTerm>
</RootTerm>
</CondStmnt>
</StmntSeq>
</Branch>
<Keyword EndOffset="4766" SrcFileId="1" StartOffset="4764"/>
<LocList>
<Loc EndOffset="5217" SrcFileId="1" StartOffset="4764"/>
</LocList>
<RootTerm CovItemId="C24" CovItemPrefix="com.OriginalFiles.RemoteNXTFunctions.java" Intrnl_Id="260">
<OpTerm BooleanOpId="10" Intrnl_Id="261">
<BasicBoolTerm Intrnl_Id="262">
<LocList>
<Loc EndOffset="4773" SrcFileId="1" StartOffset="4767"/>
</LocList>
</BasicBoolTerm>
<BasicBoolTerm Intrnl_Id="263">
<LocList>
<Loc EndOffset="4783" SrcFileId="1" StartOffset="4777"/>
</LocList>
</BasicBoolTerm>
<LocList>
<Loc EndOffset="4776" SrcFileId="1" StartOffset="4774"/>
</LocList>
</OpTerm>
</RootTerm>
</CondStmnt>
</StmntSeq>
</Branch>
<Keyword EndOffset="4642" SrcFileId="1" StartOffset="4640"/>
<LocList>
<Loc EndOffset="5217" SrcFileId="1" StartOffset="4640"/>
</LocList>
<RootTerm CovItemId="C23" CovItemPrefix="com.OriginalFiles.RemoteNXTFunctions.java" Intrnl_Id="264">
<OpTerm BooleanOpId="10" Intrnl_Id="265">
<BasicBoolTerm Intrnl_Id="266">
<LocList>
<Loc EndOffset="4649" SrcFileId="1" StartOffset="4643"/>
</LocList>
</BasicBoolTerm>
<BasicBoolTerm Intrnl_Id="267">
<LocList>
<Loc EndOffset="4659" SrcFileId="1" StartOffset="4653"/>
</LocList>
</BasicBoolTerm>
<LocList>
<Loc EndOffset="4652" SrcFileId="1" StartOffset="4650"/>
</LocList>
</OpTerm>
</RootTerm>
</CondStmnt>
</StmntSeq>
</Branch>
<Branch CovItemId="B40" CovItemPrefix="com.OriginalFiles.RemoteNXTFunctions.java" Implct="false" Intrnl_Id="268">
<Cond>
<Loc EndOffset="5250" SrcFileId="1" StartOffset="5246"/>
</Cond>
<LocList>
<Loc EndOffset="11286" SrcFileId="1" StartOffset="5251"/>
</LocList>
<StmntSeq Intrnl_Id="269">
<LocList>
<Loc EndOffset="11286" SrcFileId="1" StartOffset="5251"/>
</LocList>
<CondStmnt CovItemId="S64" CovItemPrefix="com.OriginalFiles.RemoteNXTFunctions.java" Intrnl_Id="270">
<Branch CovItemId="B49" CovItemPrefix="com.OriginalFiles.RemoteNXTFunctions.java" Implct="false" Intrnl_Id="271">
<Cond/>
<LocList>
<Loc EndOffset="5644" SrcFileId="1" StartOffset="5281"/>
</LocList>
<StmntSeq Intrnl_Id="272">
<LocList>
<Loc EndOffset="5629" SrcFileId="1" StartOffset="5300"/>
</LocList>
<CondStmnt CovItemId="S65" CovItemPrefix="com.OriginalFiles.RemoteNXTFunctions.java" Intrnl_Id="273">
<Branch CovItemId="B51" CovItemPrefix="com.OriginalFiles.RemoteNXTFunctions.java" Implct="false" Intrnl_Id="274">
<Cond/>
<LocList>
<Loc EndOffset="5384" SrcFileId="1" StartOffset="5321"/>
</LocList>
<StmntSeq Intrnl_Id="275">
<LocList>
<Loc EndOffset="5365" SrcFileId="1" StartOffset="5344"/>
</LocList>
<BasicStmnt CovItemId="S66" CovItemPrefix="com.OriginalFiles.RemoteNXTFunctions.java" Intrnl_Id="276">
<LocList>
<Loc EndOffset="5365" SrcFileId="1" StartOffset="5344"/>
</LocList>
</BasicStmnt>
</StmntSeq>
</Branch>
<Branch CovItemId="B52" CovItemPrefix="com.OriginalFiles.RemoteNXTFunctions.java" Implct="false" Intrnl_Id="277">
<Cond>
<Loc EndOffset="5389" SrcFileId="1" StartOffset="5385"/>
</Cond>
<LocList>
<Loc EndOffset="5629" SrcFileId="1" StartOffset="5390"/>
</LocList>
<StmntSeq Intrnl_Id="278">
<LocList>
<Loc EndOffset="5629" SrcFileId="1" StartOffset="5390"/>
</LocList>
<CondStmnt CovItemId="S67" CovItemPrefix="com.OriginalFiles.RemoteNXTFunctions.java" Intrnl_Id="279">
<Branch CovItemId="B53" CovItemPrefix="com.OriginalFiles.RemoteNXTFunctions.java" Implct="false" Intrnl_Id="280">
<Cond/>
<LocList>
<Loc EndOffset="5560" SrcFileId="1" StartOffset="5449"/>
</LocList>
<StmntSeq Intrnl_Id="281">
<LocList>
<Loc EndOffset="5541" SrcFileId="1" StartOffset="5472"/>
</LocList>
<BasicStmnt CovItemId="S68" CovItemPrefix="com.OriginalFiles.RemoteNXTFunctions.java" Intrnl_Id="282">
<LocList>
<Loc EndOffset="5541" SrcFileId="1" StartOffset="5472"/>
</LocList>
</BasicStmnt>
</StmntSeq>
</Branch>
<Branch CovItemId="B54" CovItemPrefix="com.OriginalFiles.RemoteNXTFunctions.java" Implct="false" Intrnl_Id="283">
<Cond>
<Loc EndOffset="5565" SrcFileId="1" StartOffset="5561"/>
</Cond>
<LocList>
<Loc EndOffset="5629" SrcFileId="1" StartOffset="5566"/>
</LocList>
<StmntSeq Intrnl_Id="284">
<LocList>
<Loc EndOffset="5610" SrcFileId="1" StartOffset="5589"/>
</LocList>
<BasicStmnt CovItemId="S69" CovItemPrefix="com.OriginalFiles.RemoteNXTFunctions.java" Intrnl_Id="285">
<LocList>
<Loc EndOffset="5610" SrcFileId="1" StartOffset="5589"/>
</LocList>
</BasicStmnt>
</StmntSeq>
</Branch>
<Keyword EndOffset="5392" SrcFileId="1" StartOffset="5390"/>
<LocList>
<Loc EndOffset="5629" SrcFileId="1" StartOffset="5390"/>
</LocList>
<RootTerm CovItemId="C29" CovItemPrefix="com.OriginalFiles.RemoteNXTFunctions.java" Intrnl_Id="286">
<BasicBoolTerm Intrnl_Id="287">
<LocList>
<Loc EndOffset="5447" SrcFileId="1" StartOffset="5394"/>
</LocList>
</BasicBoolTerm>
</RootTerm>
</CondStmnt>
</StmntSeq>
</Branch>
<Keyword EndOffset="5302" SrcFileId="1" StartOffset="5300"/>
<LocList>
<Loc EndOffset="5629" SrcFileId="1" StartOffset="5300"/>
</LocList>
<RootTerm CovItemId="C28" CovItemPrefix="com.OriginalFiles.RemoteNXTFunctions.java" Intrnl_Id="288">
<OpTerm BooleanOpId="10" Intrnl_Id="289">
<BasicBoolTerm Intrnl_Id="290">
<LocList>
<Loc EndOffset="5309" SrcFileId="1" StartOffset="5303"/>
</LocList>
</BasicBoolTerm>
<BasicBoolTerm Intrnl_Id="291">
<LocList>
<Loc EndOffset="5319" SrcFileId="1" StartOffset="5313"/>
</LocList>
</BasicBoolTerm>
<LocList>
<Loc EndOffset="5312" SrcFileId="1" StartOffset="5310"/>
</LocList>
</OpTerm>
</RootTerm>
</CondStmnt>
</StmntSeq>
</Branch>
<Branch CovItemId="B50" CovItemPrefix="com.OriginalFiles.RemoteNXTFunctions.java" Implct="false" Intrnl_Id="292">
<Cond>
<Loc EndOffset="5662" SrcFileId="1" StartOffset="5658"/>
</Cond>
<LocList>
<Loc EndOffset="11286" SrcFileId="1" StartOffset="5663"/>
</LocList>
<StmntSeq Intrnl_Id="293">
<LocList>
<Loc EndOffset="11286" SrcFileId="1" StartOffset="5663"/>
</LocList>
<CondStmnt CovItemId="S70" CovItemPrefix="com.OriginalFiles.RemoteNXTFunctions.java" Intrnl_Id="294">
<Branch CovItemId="B55" CovItemPrefix="com.OriginalFiles.RemoteNXTFunctions.java" Implct="false" Intrnl_Id="295">
<Cond/>
<LocList>
<Loc EndOffset="6056" SrcFileId="1" StartOffset="5693"/>
</LocList>
<StmntSeq Intrnl_Id="296">
<LocList>
<Loc EndOffset="6041" SrcFileId="1" StartOffset="5712"/>
</LocList>
<CondStmnt CovItemId="S71" CovItemPrefix="com.OriginalFiles.RemoteNXTFunctions.java" Intrnl_Id="297">
<Branch CovItemId="B57" CovItemPrefix="com.OriginalFiles.RemoteNXTFunctions.java" Implct="false" Intrnl_Id="298">
<Cond/>
<LocList>
<Loc EndOffset="5796" SrcFileId="1" StartOffset="5733"/>
</LocList>
<StmntSeq Intrnl_Id="299">
<LocList>
<Loc EndOffset="5777" SrcFileId="1" StartOffset="5756"/>
</LocList>
<BasicStmnt CovItemId="S72" CovItemPrefix="com.OriginalFiles.RemoteNXTFunctions.java" Intrnl_Id="300">
<LocList>
<Loc EndOffset="5777" SrcFileId="1" StartOffset="5756"/>
</LocList>
</BasicStmnt>
</StmntSeq>
</Branch>
<Branch CovItemId="B58" CovItemPrefix="com.OriginalFiles.RemoteNXTFunctions.java" Implct="false" Intrnl_Id="301">
<Cond>
<Loc EndOffset="5801" SrcFileId="1" StartOffset="5797"/>
</Cond>
<LocList>
<Loc EndOffset="6041" SrcFileId="1" StartOffset="5802"/>
</LocList>
<StmntSeq Intrnl_Id="302">
<LocList>
<Loc EndOffset="6041" SrcFileId="1" StartOffset="5802"/>
</LocList>
<CondStmnt CovItemId="S73" CovItemPrefix="com.OriginalFiles.RemoteNXTFunctions.java" Intrnl_Id="303">
<Branch CovItemId="B59" CovItemPrefix="com.OriginalFiles.RemoteNXTFunctions.java" Implct="false" Intrnl_Id="304">
<Cond/>
<LocList>
<Loc EndOffset="5972" SrcFileId="1" StartOffset="5861"/>
</LocList>
<StmntSeq Intrnl_Id="305">
<LocList>
<Loc EndOffset="5953" SrcFileId="1" StartOffset="5884"/>
</LocList>
<BasicStmnt CovItemId="S74" CovItemPrefix="com.OriginalFiles.RemoteNXTFunctions.java" Intrnl_Id="306">
<LocList>
<Loc EndOffset="5953" SrcFileId="1" StartOffset="5884"/>
</LocList>
</BasicStmnt>
</StmntSeq>
</Branch>
<Branch CovItemId="B60" CovItemPrefix="com.OriginalFiles.RemoteNXTFunctions.java" Implct="false" Intrnl_Id="307">
<Cond>
<Loc EndOffset="5977" SrcFileId="1" StartOffset="5973"/>
</Cond>
<LocList>
<Loc EndOffset="6041" SrcFileId="1" StartOffset="5978"/>
</LocList>
<StmntSeq Intrnl_Id="308">
<LocList>
<Loc EndOffset="6022" SrcFileId="1" StartOffset="6001"/>
</LocList>
<BasicStmnt CovItemId="S75" CovItemPrefix="com.OriginalFiles.RemoteNXTFunctions.java" Intrnl_Id="309">
<LocList>
<Loc EndOffset="6022" SrcFileId="1" StartOffset="6001"/>
</LocList>
</BasicStmnt>
</StmntSeq>
</Branch>
<Keyword EndOffset="5804" SrcFileId="1" StartOffset="5802"/>
<LocList>
<Loc EndOffset="6041" SrcFileId="1" StartOffset="5802"/>
</LocList>
<RootTerm CovItemId="C32" CovItemPrefix="com.OriginalFiles.RemoteNXTFunctions.java" Intrnl_Id="310">
<BasicBoolTerm Intrnl_Id="311">
<LocList>
<Loc EndOffset="5859" SrcFileId="1" StartOffset="5806"/>
</LocList>
</BasicBoolTerm>
</RootTerm>
</CondStmnt>
</StmntSeq>
</Branch>
<Keyword EndOffset="5714" SrcFileId="1" StartOffset="5712"/>
<LocList>
<Loc EndOffset="6041" SrcFileId="1" StartOffset="5712"/>
</LocList>
<RootTerm CovItemId="C31" CovItemPrefix="com.OriginalFiles.RemoteNXTFunctions.java" Intrnl_Id="312">
<OpTerm BooleanOpId="10" Intrnl_Id="313">
<BasicBoolTerm Intrnl_Id="314">
<LocList>
<Loc EndOffset="5721" SrcFileId="1" StartOffset="5715"/>
</LocList>
</BasicBoolTerm>
<BasicBoolTerm Intrnl_Id="315">
<LocList>
<Loc EndOffset="5731" SrcFileId="1" StartOffset="5725"/>
</LocList>
</BasicBoolTerm>
<LocList>
<Loc EndOffset="5724" SrcFileId="1" StartOffset="5722"/>
</LocList>
</OpTerm>
</RootTerm>
</CondStmnt>
</StmntSeq>
</Branch>
<Branch CovItemId="B56" CovItemPrefix="com.OriginalFiles.RemoteNXTFunctions.java" Implct="false" Intrnl_Id="316">
<Cond>
<Loc EndOffset="6074" SrcFileId="1" StartOffset="6070"/>
</Cond>
<LocList>
<Loc EndOffset="11286" SrcFileId="1" StartOffset="6075"/>
</LocList>
<StmntSeq Intrnl_Id="317">
<LocList>
<Loc EndOffset="11286" SrcFileId="1" StartOffset="6075"/>
</LocList>
<CondStmnt CovItemId="S76" CovItemPrefix="com.OriginalFiles.RemoteNXTFunctions.java" Intrnl_Id="318">
<Branch CovItemId="B61" CovItemPrefix="com.OriginalFiles.RemoteNXTFunctions.java" Implct="false" Intrnl_Id="319">
<Cond/>
<LocList>
<Loc EndOffset="6558" SrcFileId="1" StartOffset="6105"/>
</LocList>
<StmntSeq Intrnl_Id="320">
<LocList>
<Loc EndOffset="6543" SrcFileId="1" StartOffset="6124"/>
</LocList>
<CondStmnt CovItemId="S77" CovItemPrefix="com.OriginalFiles.RemoteNXTFunctions.java" Intrnl_Id="321">
<Branch CovItemId="B63" CovItemPrefix="com.OriginalFiles.RemoteNXTFunctions.java" Implct="false" Intrnl_Id="322">
<Cond/>
<LocList>
<Loc EndOffset="6208" SrcFileId="1" StartOffset="6145"/>
</LocList>
<StmntSeq Intrnl_Id="323">
<LocList>
<Loc EndOffset="6189" SrcFileId="1" StartOffset="6168"/>
</LocList>
<BasicStmnt CovItemId="S78" CovItemPrefix="com.OriginalFiles.RemoteNXTFunctions.java" Intrnl_Id="324">
<LocList>
<Loc EndOffset="6189" SrcFileId="1" StartOffset="6168"/>
</LocList>
</BasicStmnt>
</StmntSeq>
</Branch>
<Branch CovItemId="B64" CovItemPrefix="com.OriginalFiles.RemoteNXTFunctions.java" Implct="false" Intrnl_Id="325">
<Cond>
<Loc EndOffset="6213" SrcFileId="1" StartOffset="6209"/>
</Cond>
<LocList>
<Loc EndOffset="6543" SrcFileId="1" StartOffset="6214"/>
</LocList>
<StmntSeq Intrnl_Id="326">
<LocList>
<Loc EndOffset="6543" SrcFileId="1" StartOffset="6214"/>
</LocList>
<CondStmnt CovItemId="S79" CovItemPrefix="com.OriginalFiles.RemoteNXTFunctions.java" Intrnl_Id="327">
<Branch CovItemId="B65" CovItemPrefix="com.OriginalFiles.RemoteNXTFunctions.java" Implct="false" Intrnl_Id="328">
<Cond/>
<LocList>
<Loc EndOffset="6298" SrcFileId="1" StartOffset="6235"/>
</LocList>
<StmntSeq Intrnl_Id="329">
<LocList>
<Loc EndOffset="6279" SrcFileId="1" StartOffset="6258"/>
</LocList>
<BasicStmnt CovItemId="S80" CovItemPrefix="com.OriginalFiles.RemoteNXTFunctions.java" Intrnl_Id="330">
<LocList>
<Loc EndOffset="6279" SrcFileId="1" StartOffset="6258"/>
</LocList>
</BasicStmnt>
</StmntSeq>
</Branch>
<Branch CovItemId="B66" CovItemPrefix="com.OriginalFiles.RemoteNXTFunctions.java" Implct="false" Intrnl_Id="331">
<Cond>
<Loc EndOffset="6303" SrcFileId="1" StartOffset="6299"/>
</Cond>
<LocList>
<Loc EndOffset="6543" SrcFileId="1" StartOffset="6304"/>
</LocList>
<StmntSeq Intrnl_Id="332">
<LocList>
<Loc EndOffset="6543" SrcFileId="1" StartOffset="6304"/>
</LocList>
<CondStmnt CovItemId="S81" CovItemPrefix="com.OriginalFiles.RemoteNXTFunctions.java" Intrnl_Id="333">
<Branch CovItemId="B67" CovItemPrefix="com.OriginalFiles.RemoteNXTFunctions.java" Implct="false" Intrnl_Id="334">
<Cond/>
<LocList>
<Loc EndOffset="6474" SrcFileId="1" StartOffset="6363"/>
</LocList>
<StmntSeq Intrnl_Id="335">
<LocList>
<Loc EndOffset="6455" SrcFileId="1" StartOffset="6386"/>
</LocList>
<BasicStmnt CovItemId="S82" CovItemPrefix="com.OriginalFiles.RemoteNXTFunctions.java" Intrnl_Id="336">
<LocList>
<Loc EndOffset="6455" SrcFileId="1" StartOffset="6386"/>
</LocList>
</BasicStmnt>
</StmntSeq>
</Branch>
<Branch CovItemId="B68" CovItemPrefix="com.OriginalFiles.RemoteNXTFunctions.java" Implct="false" Intrnl_Id="337">
<Cond>
<Loc EndOffset="6479" SrcFileId="1" StartOffset="6475"/>
</Cond>
<LocList>
<Loc EndOffset="6543" SrcFileId="1" StartOffset="6480"/>
</LocList>
<StmntSeq Intrnl_Id="338">
<LocList>
<Loc EndOffset="6524" SrcFileId="1" StartOffset="6503"/>
</LocList>
<BasicStmnt CovItemId="S83" CovItemPrefix="com.OriginalFiles.RemoteNXTFunctions.java" Intrnl_Id="339">
<LocList>
<Loc EndOffset="6524" SrcFileId="1" StartOffset="6503"/>
</LocList>
</BasicStmnt>
</StmntSeq>
</Branch>
<Keyword EndOffset="6306" SrcFileId="1" StartOffset="6304"/>
<LocList>
<Loc EndOffset="6543" SrcFileId="1" StartOffset="6304"/>
</LocList>
<RootTerm CovItemId="C36" CovItemPrefix="com.OriginalFiles.RemoteNXTFunctions.java" Intrnl_Id="340">
<BasicBoolTerm Intrnl_Id="341">
<LocList>
<Loc EndOffset="6361" SrcFileId="1" StartOffset="6308"/>
</LocList>
</BasicBoolTerm>
</RootTerm>
</CondStmnt>
</StmntSeq>
</Branch>
<Keyword EndOffset="6216" SrcFileId="1" StartOffset="6214"/>
<LocList>
<Loc EndOffset="6543" SrcFileId="1" StartOffset="6214"/>
</LocList>
<RootTerm CovItemId="C35" CovItemPrefix="com.OriginalFiles.RemoteNXTFunctions.java" Intrnl_Id="342">
<OpTerm BooleanOpId="10" Intrnl_Id="343">
<BasicBoolTerm Intrnl_Id="344">
<LocList>
<Loc EndOffset="6223" SrcFileId="1" StartOffset="6217"/>
</LocList>
</BasicBoolTerm>
<BasicBoolTerm Intrnl_Id="345">
<LocList>
<Loc EndOffset="6233" SrcFileId="1" StartOffset="6227"/>
</LocList>
</BasicBoolTerm>
<LocList>
<Loc EndOffset="6226" SrcFileId="1" StartOffset="6224"/>
</LocList>
</OpTerm>
</RootTerm>
</CondStmnt>
</StmntSeq>
</Branch>
<Keyword EndOffset="6126" SrcFileId="1" StartOffset="6124"/>
<LocList>
<Loc EndOffset="6543" SrcFileId="1" StartOffset="6124"/>
</LocList>
<RootTerm CovItemId="C34" CovItemPrefix="com.OriginalFiles.RemoteNXTFunctions.java" Intrnl_Id="346">
<OpTerm BooleanOpId="10" Intrnl_Id="347">
<BasicBoolTerm Intrnl_Id="348">
<LocList>
<Loc EndOffset="6133" SrcFileId="1" StartOffset="6127"/>
</LocList>
</BasicBoolTerm>
<BasicBoolTerm Intrnl_Id="349">
<LocList>
<Loc EndOffset="6143" SrcFileId="1" StartOffset="6137"/>
</LocList>
</BasicBoolTerm>
<LocList>
<Loc EndOffset="6136" SrcFileId="1" StartOffset="6134"/>
</LocList>
</OpTerm>
</RootTerm>
</CondStmnt>
</StmntSeq>
</Branch>
<Branch CovItemId="B62" CovItemPrefix="com.OriginalFiles.RemoteNXTFunctions.java" Implct="false" Intrnl_Id="350">
<Cond>
<Loc EndOffset="6576" SrcFileId="1" StartOffset="6572"/>
</Cond>
<LocList>
<Loc EndOffset="11286" SrcFileId="1" StartOffset="6577"/>
</LocList>
<StmntSeq Intrnl_Id="351">
<LocList>
<Loc EndOffset="11286" SrcFileId="1" StartOffset="6577"/>
</LocList>
<CondStmnt CovItemId="S84" CovItemPrefix="com.OriginalFiles.RemoteNXTFunctions.java" Intrnl_Id="352">
<Branch CovItemId="B69" CovItemPrefix="com.OriginalFiles.RemoteNXTFunctions.java" Implct="false" Intrnl_Id="353">
<Cond/>
<LocList>
<Loc EndOffset="7060" SrcFileId="1" StartOffset="6607"/>
</LocList>
<StmntSeq Intrnl_Id="354">
<LocList>
<Loc EndOffset="7045" SrcFileId="1" StartOffset="6626"/>
</LocList>
<CondStmnt CovItemId="S85" CovItemPrefix="com.OriginalFiles.RemoteNXTFunctions.java" Intrnl_Id="355">
<Branch CovItemId="B71" CovItemPrefix="com.OriginalFiles.RemoteNXTFunctions.java" Implct="false" Intrnl_Id="356">
<Cond/>
<LocList>
<Loc EndOffset="6710" SrcFileId="1" StartOffset="6647"/>
</LocList>
<StmntSeq Intrnl_Id="357">
<LocList>
<Loc EndOffset="6691" SrcFileId="1" StartOffset="6670"/>
</LocList>
<BasicStmnt CovItemId="S86" CovItemPrefix="com.OriginalFiles.RemoteNXTFunctions.java" Intrnl_Id="358">
<LocList>
<Loc EndOffset="6691" SrcFileId="1" StartOffset="6670"/>
</LocList>
</BasicStmnt>
</StmntSeq>
</Branch>
<Branch CovItemId="B72" CovItemPrefix="com.OriginalFiles.RemoteNXTFunctions.java" Implct="false" Intrnl_Id="359">
<Cond>
<Loc EndOffset="6715" SrcFileId="1" StartOffset="6711"/>
</Cond>
<LocList>
<Loc EndOffset="7045" SrcFileId="1" StartOffset="6716"/>
</LocList>
<StmntSeq Intrnl_Id="360">
<LocList>
<Loc EndOffset="7045" SrcFileId="1" StartOffset="6716"/>
</LocList>
<CondStmnt CovItemId="S87" CovItemPrefix="com.OriginalFiles.RemoteNXTFunctions.java" Intrnl_Id="361">
<Branch CovItemId="B73" CovItemPrefix="com.OriginalFiles.RemoteNXTFunctions.java" Implct="false" Intrnl_Id="362">
<Cond/>
<LocList>
<Loc EndOffset="6800" SrcFileId="1" StartOffset="6737"/>
</LocList>
<StmntSeq Intrnl_Id="363">
<LocList>
<Loc EndOffset="6781" SrcFileId="1" StartOffset="6760"/>
</LocList>
<BasicStmnt CovItemId="S88" CovItemPrefix="com.OriginalFiles.RemoteNXTFunctions.java" Intrnl_Id="364">
<LocList>
<Loc EndOffset="6781" SrcFileId="1" StartOffset="6760"/>
</LocList>
</BasicStmnt>
</StmntSeq>
</Branch>
<Branch CovItemId="B74" CovItemPrefix="com.OriginalFiles.RemoteNXTFunctions.java" Implct="false" Intrnl_Id="365">
<Cond>
<Loc EndOffset="6805" SrcFileId="1" StartOffset="6801"/>
</Cond>
<LocList>
<Loc EndOffset="7045" SrcFileId="1" StartOffset="6806"/>
</LocList>
<StmntSeq Intrnl_Id="366">
<LocList>
<Loc EndOffset="7045" SrcFileId="1" StartOffset="6806"/>
</LocList>
<CondStmnt CovItemId="S89" CovItemPrefix="com.OriginalFiles.RemoteNXTFunctions.java" Intrnl_Id="367">
<Branch CovItemId="B75" CovItemPrefix="com.OriginalFiles.RemoteNXTFunctions.java" Implct="false" Intrnl_Id="368">
<Cond/>
<LocList>
<Loc EndOffset="6976" SrcFileId="1" StartOffset="6865"/>
</LocList>
<StmntSeq Intrnl_Id="369">
<LocList>
<Loc EndOffset="6957" SrcFileId="1" StartOffset="6888"/>
</LocList>
<BasicStmnt CovItemId="S90" CovItemPrefix="com.OriginalFiles.RemoteNXTFunctions.java" Intrnl_Id="370">
<LocList>
<Loc EndOffset="6957" SrcFileId="1" StartOffset="6888"/>
</LocList>
</BasicStmnt>
</StmntSeq>
</Branch>
<Branch CovItemId="B76" CovItemPrefix="com.OriginalFiles.RemoteNXTFunctions.java" Implct="false" Intrnl_Id="371">
<Cond>
<Loc EndOffset="6981" SrcFileId="1" StartOffset="6977"/>
</Cond>
<LocList>
<Loc EndOffset="7045" SrcFileId="1" StartOffset="6982"/>
</LocList>
<StmntSeq Intrnl_Id="372">
<LocList>
<Loc EndOffset="7026" SrcFileId="1" StartOffset="7005"/>
</LocList>
<BasicStmnt CovItemId="S91" CovItemPrefix="com.OriginalFiles.RemoteNXTFunctions.java" Intrnl_Id="373">
<LocList>
<Loc EndOffset="7026" SrcFileId="1" StartOffset="7005"/>
</LocList>
</BasicStmnt>
</StmntSeq>
</Branch>
<Keyword EndOffset="6808" SrcFileId="1" StartOffset="6806"/>
<LocList>
<Loc EndOffset="7045" SrcFileId="1" StartOffset="6806"/>
</LocList>
<RootTerm CovItemId="C40" CovItemPrefix="com.OriginalFiles.RemoteNXTFunctions.java" Intrnl_Id="374">
<BasicBoolTerm Intrnl_Id="375">
<LocList>
<Loc EndOffset="6863" SrcFileId="1" StartOffset="6810"/>
</LocList>
</BasicBoolTerm>
</RootTerm>
</CondStmnt>
</StmntSeq>
</Branch>
<Keyword EndOffset="6718" SrcFileId="1" StartOffset="6716"/>
<LocList>
<Loc EndOffset="7045" SrcFileId="1" StartOffset="6716"/>
</LocList>
<RootTerm CovItemId="C39" CovItemPrefix="com.OriginalFiles.RemoteNXTFunctions.java" Intrnl_Id="376">
<OpTerm BooleanOpId="10" Intrnl_Id="377">
<BasicBoolTerm Intrnl_Id="378">
<LocList>
<Loc EndOffset="6725" SrcFileId="1" StartOffset="6719"/>
</LocList>
</BasicBoolTerm>
<BasicBoolTerm Intrnl_Id="379">
<LocList>
<Loc EndOffset="6735" SrcFileId="1" StartOffset="6729"/>
</LocList>
</BasicBoolTerm>
<LocList>
<Loc EndOffset="6728" SrcFileId="1" StartOffset="6726"/>
</LocList>
</OpTerm>
</RootTerm>
</CondStmnt>
</StmntSeq>
</Branch>
<Keyword EndOffset="6628" SrcFileId="1" StartOffset="6626"/>
<LocList>
<Loc EndOffset="7045" SrcFileId="1" StartOffset="6626"/>
</LocList>
<RootTerm CovItemId="C38" CovItemPrefix="com.OriginalFiles.RemoteNXTFunctions.java" Intrnl_Id="380">
<OpTerm BooleanOpId="10" Intrnl_Id="381">
<BasicBoolTerm Intrnl_Id="382">
<LocList>
<Loc EndOffset="6635" SrcFileId="1" StartOffset="6629"/>
</LocList>
</BasicBoolTerm>
<BasicBoolTerm Intrnl_Id="383">
<LocList>
<Loc EndOffset="6645" SrcFileId="1" StartOffset="6639"/>
</LocList>
</BasicBoolTerm>
<LocList>
<Loc EndOffset="6638" SrcFileId="1" StartOffset="6636"/>
</LocList>
</OpTerm>
</RootTerm>
</CondStmnt>
</StmntSeq>
</Branch>
<Branch CovItemId="B70" CovItemPrefix="com.OriginalFiles.RemoteNXTFunctions.java" Implct="false" Intrnl_Id="384">
<Cond>
<Loc EndOffset="7078" SrcFileId="1" StartOffset="7074"/>
</Cond>
<LocList>
<Loc EndOffset="11286" SrcFileId="1" StartOffset="7079"/>
</LocList>
<StmntSeq Intrnl_Id="385">
<LocList>
<Loc EndOffset="11286" SrcFileId="1" StartOffset="7079"/>
</LocList>
<CondStmnt CovItemId="S92" CovItemPrefix="com.OriginalFiles.RemoteNXTFunctions.java" Intrnl_Id="386">
<Branch CovItemId="B77" CovItemPrefix="com.OriginalFiles.RemoteNXTFunctions.java" Implct="false" Intrnl_Id="387">
<Cond/>
<LocList>
<Loc EndOffset="7562" SrcFileId="1" StartOffset="7109"/>
</LocList>
<StmntSeq Intrnl_Id="388">
<LocList>
<Loc EndOffset="7547" SrcFileId="1" StartOffset="7128"/>
</LocList>
<CondStmnt CovItemId="S93" CovItemPrefix="com.OriginalFiles.RemoteNXTFunctions.java" Intrnl_Id="389">
<Branch CovItemId="B79" CovItemPrefix="com.OriginalFiles.RemoteNXTFunctions.java" Implct="false" Intrnl_Id="390">
<Cond/>
<LocList>
<Loc EndOffset="7212" SrcFileId="1" StartOffset="7149"/>
</LocList>
<StmntSeq Intrnl_Id="391">
<LocList>
<Loc EndOffset="7193" SrcFileId="1" StartOffset="7172"/>
</LocList>
<BasicStmnt CovItemId="S94" CovItemPrefix="com.OriginalFiles.RemoteNXTFunctions.java" Intrnl_Id="392">
<LocList>
<Loc EndOffset="7193" SrcFileId="1" StartOffset="7172"/>
</LocList>
</BasicStmnt>
</StmntSeq>
</Branch>
<Branch CovItemId="B80" CovItemPrefix="com.OriginalFiles.RemoteNXTFunctions.java" Implct="false" Intrnl_Id="393">
<Cond>
<Loc EndOffset="7217" SrcFileId="1" StartOffset="7213"/>
</Cond>
<LocList>
<Loc EndOffset="7547" SrcFileId="1" StartOffset="7218"/>
</LocList>
<StmntSeq Intrnl_Id="394">
<LocList>
<Loc EndOffset="7547" SrcFileId="1" StartOffset="7218"/>
</LocList>
<CondStmnt CovItemId="S95" CovItemPrefix="com.OriginalFiles.RemoteNXTFunctions.java" Intrnl_Id="395">
<Branch CovItemId="B81" CovItemPrefix="com.OriginalFiles.RemoteNXTFunctions.java" Implct="false" Intrnl_Id="396">
<Cond/>
<LocList>
<Loc EndOffset="7302" SrcFileId="1" StartOffset="7239"/>
</LocList>
<StmntSeq Intrnl_Id="397">
<LocList>
<Loc EndOffset="7283" SrcFileId="1" StartOffset="7262"/>
</LocList>
<BasicStmnt CovItemId="S96" CovItemPrefix="com.OriginalFiles.RemoteNXTFunctions.java" Intrnl_Id="398">
<LocList>
<Loc EndOffset="7283" SrcFileId="1" StartOffset="7262"/>
</LocList>
</BasicStmnt>
</StmntSeq>
</Branch>
<Branch CovItemId="B82" CovItemPrefix="com.OriginalFiles.RemoteNXTFunctions.java" Implct="false" Intrnl_Id="399">
<Cond>
<Loc EndOffset="7307" SrcFileId="1" StartOffset="7303"/>
</Cond>
<LocList>
<Loc EndOffset="7547" SrcFileId="1" StartOffset="7308"/>
</LocList>
<StmntSeq Intrnl_Id="400">
<LocList>
<Loc EndOffset="7547" SrcFileId="1" StartOffset="7308"/>
</LocList>
<CondStmnt CovItemId="S97" CovItemPrefix="com.OriginalFiles.RemoteNXTFunctions.java" Intrnl_Id="401">
<Branch CovItemId="B83" CovItemPrefix="com.OriginalFiles.RemoteNXTFunctions.java" Implct="false" Intrnl_Id="402">
<Cond/>
<LocList>
<Loc EndOffset="7478" SrcFileId="1" StartOffset="7367"/>
</LocList>
<StmntSeq Intrnl_Id="403">
<LocList>
<Loc EndOffset="7459" SrcFileId="1" StartOffset="7390"/>
</LocList>
<BasicStmnt CovItemId="S98" CovItemPrefix="com.OriginalFiles.RemoteNXTFunctions.java" Intrnl_Id="404">
<LocList>
<Loc EndOffset="7459" SrcFileId="1" StartOffset="7390"/>
</LocList>
</BasicStmnt>
</StmntSeq>
</Branch>
<Branch CovItemId="B84" CovItemPrefix="com.OriginalFiles.RemoteNXTFunctions.java" Implct="false" Intrnl_Id="405">
<Cond>
<Loc EndOffset="7483" SrcFileId="1" StartOffset="7479"/>
</Cond>
<LocList>
<Loc EndOffset="7547" SrcFileId="1" StartOffset="7484"/>
</LocList>
<StmntSeq Intrnl_Id="406">
<LocList>
<Loc EndOffset="7528" SrcFileId="1" StartOffset="7507"/>
</LocList>
<BasicStmnt CovItemId="S99" CovItemPrefix="com.OriginalFiles.RemoteNXTFunctions.java" Intrnl_Id="407">
<LocList>
<Loc EndOffset="7528" SrcFileId="1" StartOffset="7507"/>
</LocList>
</BasicStmnt>
</StmntSeq>
</Branch>
<Keyword EndOffset="7310" SrcFileId="1" StartOffset="7308"/>
<LocList>
<Loc EndOffset="7547" SrcFileId="1" StartOffset="7308"/>
</LocList>
<RootTerm CovItemId="C44" CovItemPrefix="com.OriginalFiles.RemoteNXTFunctions.java" Intrnl_Id="408">
<BasicBoolTerm Intrnl_Id="409">
<LocList>
<Loc EndOffset="7365" SrcFileId="1" StartOffset="7312"/>
</LocList>
</BasicBoolTerm>
</RootTerm>
</CondStmnt>
</StmntSeq>
</Branch>
<Keyword EndOffset="7220" SrcFileId="1" StartOffset="7218"/>
<LocList>
<Loc EndOffset="7547" SrcFileId="1" StartOffset="7218"/>
</LocList>
<RootTerm CovItemId="C43" CovItemPrefix="com.OriginalFiles.RemoteNXTFunctions.java" Intrnl_Id="410">
<OpTerm BooleanOpId="10" Intrnl_Id="411">
<BasicBoolTerm Intrnl_Id="412">
<LocList>
<Loc EndOffset="7227" SrcFileId="1" StartOffset="7221"/>
</LocList>
</BasicBoolTerm>
<BasicBoolTerm Intrnl_Id="413">
<LocList>
<Loc EndOffset="7237" SrcFileId="1" StartOffset="7231"/>
</LocList>
</BasicBoolTerm>
<LocList>
<Loc EndOffset="7230" SrcFileId="1" StartOffset="7228"/>
</LocList>
</OpTerm>
</RootTerm>
</CondStmnt>
</StmntSeq>
</Branch>
<Keyword EndOffset="7130" SrcFileId="1" StartOffset="7128"/>
<LocList>
<Loc EndOffset="7547" SrcFileId="1" StartOffset="7128"/>
</LocList>
<RootTerm CovItemId="C42" CovItemPrefix="com.OriginalFiles.RemoteNXTFunctions.java" Intrnl_Id="414">
<OpTerm BooleanOpId="10" Intrnl_Id="415">
<BasicBoolTerm Intrnl_Id="416">
<LocList>
<Loc EndOffset="7137" SrcFileId="1" StartOffset="7131"/>
</LocList>
</BasicBoolTerm>
<BasicBoolTerm Intrnl_Id="417">
<LocList>
<Loc EndOffset="7147" SrcFileId="1" StartOffset="7141"/>
</LocList>
</BasicBoolTerm>
<LocList>
<Loc EndOffset="7140" SrcFileId="1" StartOffset="7138"/>
</LocList>
</OpTerm>
</RootTerm>
</CondStmnt>
</StmntSeq>
</Branch>
<Branch CovItemId="B78" CovItemPrefix="com.OriginalFiles.RemoteNXTFunctions.java" Implct="false" Intrnl_Id="418">
<Cond>
<Loc EndOffset="7580" SrcFileId="1" StartOffset="7576"/>
</Cond>
<LocList>
<Loc EndOffset="11286" SrcFileId="1" StartOffset="7581"/>
</LocList>
<StmntSeq Intrnl_Id="419">
<LocList>
<Loc EndOffset="11286" SrcFileId="1" StartOffset="7581"/>
</LocList>
<CondStmnt CovItemId="S100" CovItemPrefix="com.OriginalFiles.RemoteNXTFunctions.java" Intrnl_Id="420">
<Branch CovItemId="B85" CovItemPrefix="com.OriginalFiles.RemoteNXTFunctions.java" Implct="false" Intrnl_Id="421">
<Cond/>
<LocList>
<Loc EndOffset="8064" SrcFileId="1" StartOffset="7611"/>
</LocList>
<StmntSeq Intrnl_Id="422">
<LocList>
<Loc EndOffset="8049" SrcFileId="1" StartOffset="7630"/>
</LocList>
<CondStmnt CovItemId="S101" CovItemPrefix="com.OriginalFiles.RemoteNXTFunctions.java" Intrnl_Id="423">
<Branch CovItemId="B87" CovItemPrefix="com.OriginalFiles.RemoteNXTFunctions.java" Implct="false" Intrnl_Id="424">
<Cond/>
<LocList>
<Loc EndOffset="7714" SrcFileId="1" StartOffset="7651"/>
</LocList>
<StmntSeq Intrnl_Id="425">
<LocList>
<Loc EndOffset="7695" SrcFileId="1" StartOffset="7674"/>
</LocList>
<BasicStmnt CovItemId="S102" CovItemPrefix="com.OriginalFiles.RemoteNXTFunctions.java" Intrnl_Id="426">
<LocList>
<Loc EndOffset="7695" SrcFileId="1" StartOffset="7674"/>
</LocList>
</BasicStmnt>
</StmntSeq>
</Branch>
<Branch CovItemId="B88" CovItemPrefix="com.OriginalFiles.RemoteNXTFunctions.java" Implct="false" Intrnl_Id="427">
<Cond>
<Loc EndOffset="7719" SrcFileId="1" StartOffset="7715"/>
</Cond>
<LocList>
<Loc EndOffset="8049" SrcFileId="1" StartOffset="7720"/>
</LocList>
<StmntSeq Intrnl_Id="428">
<LocList>
<Loc EndOffset="8049" SrcFileId="1" StartOffset="7720"/>
</LocList>
<CondStmnt CovItemId="S103" CovItemPrefix="com.OriginalFiles.RemoteNXTFunctions.java" Intrnl_Id="429">
<Branch CovItemId="B89" CovItemPrefix="com.OriginalFiles.RemoteNXTFunctions.java" Implct="false" Intrnl_Id="430">
<Cond/>
<LocList>
<Loc EndOffset="7804" SrcFileId="1" StartOffset="7741"/>
</LocList>
<StmntSeq Intrnl_Id="431">
<LocList>
<Loc EndOffset="7785" SrcFileId="1" StartOffset="7764"/>
</LocList>
<BasicStmnt CovItemId="S104" CovItemPrefix="com.OriginalFiles.RemoteNXTFunctions.java" Intrnl_Id="432">
<LocList>
<Loc EndOffset="7785" SrcFileId="1" StartOffset="7764"/>
</LocList>
</BasicStmnt>
</StmntSeq>
</Branch>
<Branch CovItemId="B90" CovItemPrefix="com.OriginalFiles.RemoteNXTFunctions.java" Implct="false" Intrnl_Id="433">
<Cond>
<Loc EndOffset="7809" SrcFileId="1" StartOffset="7805"/>
</Cond>
<LocList>
<Loc EndOffset="8049" SrcFileId="1" StartOffset="7810"/>
</LocList>
<StmntSeq Intrnl_Id="434">
<LocList>
<Loc EndOffset="8049" SrcFileId="1" StartOffset="7810"/>
</LocList>
<CondStmnt CovItemId="S105" CovItemPrefix="com.OriginalFiles.RemoteNXTFunctions.java" Intrnl_Id="435">
<Branch CovItemId="B91" CovItemPrefix="com.OriginalFiles.RemoteNXTFunctions.java" Implct="false" Intrnl_Id="436">
<Cond/>
<LocList>
<Loc EndOffset="7980" SrcFileId="1" StartOffset="7869"/>
</LocList>
<StmntSeq Intrnl_Id="437">
<LocList>
<Loc EndOffset="7961" SrcFileId="1" StartOffset="7892"/>
</LocList>
<BasicStmnt CovItemId="S106" CovItemPrefix="com.OriginalFiles.RemoteNXTFunctions.java" Intrnl_Id="438">
<LocList>
<Loc EndOffset="7961" SrcFileId="1" StartOffset="7892"/>
</LocList>
</BasicStmnt>
</StmntSeq>
</Branch>
<Branch CovItemId="B92" CovItemPrefix="com.OriginalFiles.RemoteNXTFunctions.java" Implct="false" Intrnl_Id="439">
<Cond>
<Loc EndOffset="7985" SrcFileId="1" StartOffset="7981"/>
</Cond>
<LocList>
<Loc EndOffset="8049" SrcFileId="1" StartOffset="7986"/>
</LocList>
<StmntSeq Intrnl_Id="440">
<LocList>
<Loc EndOffset="8030" SrcFileId="1" StartOffset="8009"/>
</LocList>
<BasicStmnt CovItemId="S107" CovItemPrefix="com.OriginalFiles.RemoteNXTFunctions.java" Intrnl_Id="441">
<LocList>
<Loc EndOffset="8030" SrcFileId="1" StartOffset="8009"/>
</LocList>
</BasicStmnt>
</StmntSeq>
</Branch>
<Keyword EndOffset="7812" SrcFileId="1" StartOffset="7810"/>
<LocList>
<Loc EndOffset="8049" SrcFileId="1" StartOffset="7810"/>
</LocList>
<RootTerm CovItemId="C48" CovItemPrefix="com.OriginalFiles.RemoteNXTFunctions.java" Intrnl_Id="442">
<BasicBoolTerm Intrnl_Id="443">
<LocList>
<Loc EndOffset="7867" SrcFileId="1" StartOffset="7814"/>
</LocList>
</BasicBoolTerm>
</RootTerm>
</CondStmnt>
</StmntSeq>
</Branch>
<Keyword EndOffset="7722" SrcFileId="1" StartOffset="7720"/>
<LocList>
<Loc EndOffset="8049" SrcFileId="1" StartOffset="7720"/>
</LocList>
<RootTerm CovItemId="C47" CovItemPrefix="com.OriginalFiles.RemoteNXTFunctions.java" Intrnl_Id="444">
<OpTerm BooleanOpId="10" Intrnl_Id="445">
<BasicBoolTerm Intrnl_Id="446">
<LocList>
<Loc EndOffset="7729" SrcFileId="1" StartOffset="7723"/>
</LocList>
</BasicBoolTerm>
<BasicBoolTerm Intrnl_Id="447">
<LocList>
<Loc EndOffset="7739" SrcFileId="1" StartOffset="7733"/>
</LocList>
</BasicBoolTerm>
<LocList>
<Loc EndOffset="7732" SrcFileId="1" StartOffset="7730"/>
</LocList>
</OpTerm>
</RootTerm>
</CondStmnt>
</StmntSeq>
</Branch>
<Keyword EndOffset="7632" SrcFileId="1" StartOffset="7630"/>
<LocList>
<Loc EndOffset="8049" SrcFileId="1" StartOffset="7630"/>
</LocList>
<RootTerm CovItemId="C46" CovItemPrefix="com.OriginalFiles.RemoteNXTFunctions.java" Intrnl_Id="448">
<OpTerm BooleanOpId="10" Intrnl_Id="449">
<BasicBoolTerm Intrnl_Id="450">
<LocList>
<Loc EndOffset="7639" SrcFileId="1" StartOffset="7633"/>
</LocList>
</BasicBoolTerm>
<BasicBoolTerm Intrnl_Id="451">
<LocList>
<Loc EndOffset="7649" SrcFileId="1" StartOffset="7643"/>
</LocList>
</BasicBoolTerm>
<LocList>
<Loc EndOffset="7642" SrcFileId="1" StartOffset="7640"/>
</LocList>
</OpTerm>
</RootTerm>
</CondStmnt>
</StmntSeq>
</Branch>
<Branch CovItemId="B86" CovItemPrefix="com.OriginalFiles.RemoteNXTFunctions.java" Implct="false" Intrnl_Id="452">
<Cond>
<Loc EndOffset="8082" SrcFileId="1" StartOffset="8078"/>
</Cond>
<LocList>
<Loc EndOffset="11286" SrcFileId="1" StartOffset="8083"/>
</LocList>
<StmntSeq Intrnl_Id="453">
<LocList>
<Loc EndOffset="11286" SrcFileId="1" StartOffset="8083"/>
</LocList>
<CondStmnt CovItemId="S108" CovItemPrefix="com.OriginalFiles.RemoteNXTFunctions.java" Intrnl_Id="454">
<Branch CovItemId="B93" CovItemPrefix="com.OriginalFiles.RemoteNXTFunctions.java" Implct="false" Intrnl_Id="455">
<Cond/>
<LocList>
<Loc EndOffset="8656" SrcFileId="1" StartOffset="8113"/>
</LocList>
<StmntSeq Intrnl_Id="456">
<LocList>
<Loc EndOffset="8641" SrcFileId="1" StartOffset="8132"/>
</LocList>
<CondStmnt CovItemId="S109" CovItemPrefix="com.OriginalFiles.RemoteNXTFunctions.java" Intrnl_Id="457">
<Branch CovItemId="B95" CovItemPrefix="com.OriginalFiles.RemoteNXTFunctions.java" Implct="false" Intrnl_Id="458">
<Cond/>
<LocList>
<Loc EndOffset="8216" SrcFileId="1" StartOffset="8153"/>
</LocList>
<StmntSeq Intrnl_Id="459">
<LocList>
<Loc EndOffset="8197" SrcFileId="1" StartOffset="8176"/>
</LocList>
<BasicStmnt CovItemId="S110" CovItemPrefix="com.OriginalFiles.RemoteNXTFunctions.java" Intrnl_Id="460">
<LocList>
<Loc EndOffset="8197" SrcFileId="1" StartOffset="8176"/>
</LocList>
</BasicStmnt>
</StmntSeq>
</Branch>
<Branch CovItemId="B96" CovItemPrefix="com.OriginalFiles.RemoteNXTFunctions.java" Implct="false" Intrnl_Id="461">
<Cond>
<Loc EndOffset="8221" SrcFileId="1" StartOffset="8217"/>
</Cond>
<LocList>
<Loc EndOffset="8641" SrcFileId="1" StartOffset="8222"/>
</LocList>
<StmntSeq Intrnl_Id="462">
<LocList>
<Loc EndOffset="8641" SrcFileId="1" StartOffset="8222"/>
</LocList>
<CondStmnt CovItemId="S111" CovItemPrefix="com.OriginalFiles.RemoteNXTFunctions.java" Intrnl_Id="463">
<Branch CovItemId="B97" CovItemPrefix="com.OriginalFiles.RemoteNXTFunctions.java" Implct="false" Intrnl_Id="464">
<Cond/>
<LocList>
<Loc EndOffset="8306" SrcFileId="1" StartOffset="8243"/>
</LocList>
<StmntSeq Intrnl_Id="465">
<LocList>
<Loc EndOffset="8287" SrcFileId="1" StartOffset="8266"/>
</LocList>
<BasicStmnt CovItemId="S112" CovItemPrefix="com.OriginalFiles.RemoteNXTFunctions.java" Intrnl_Id="466">
<LocList>
<Loc EndOffset="8287" SrcFileId="1" StartOffset="8266"/>
</LocList>
</BasicStmnt>
</StmntSeq>
</Branch>
<Branch CovItemId="B98" CovItemPrefix="com.OriginalFiles.RemoteNXTFunctions.java" Implct="false" Intrnl_Id="467">
<Cond>
<Loc EndOffset="8311" SrcFileId="1" StartOffset="8307"/>
</Cond>
<LocList>
<Loc EndOffset="8641" SrcFileId="1" StartOffset="8312"/>
</LocList>
<StmntSeq Intrnl_Id="468">
<LocList>
<Loc EndOffset="8641" SrcFileId="1" StartOffset="8312"/>
</LocList>
<CondStmnt CovItemId="S113" CovItemPrefix="com.OriginalFiles.RemoteNXTFunctions.java" Intrnl_Id="469">
<Branch CovItemId="B99" CovItemPrefix="com.OriginalFiles.RemoteNXTFunctions.java" Implct="false" Intrnl_Id="470">
<Cond/>
<LocList>
<Loc EndOffset="8396" SrcFileId="1" StartOffset="8333"/>
</LocList>
<StmntSeq Intrnl_Id="471">
<LocList>
<Loc EndOffset="8377" SrcFileId="1" StartOffset="8356"/>
</LocList>
<BasicStmnt CovItemId="S114" CovItemPrefix="com.OriginalFiles.RemoteNXTFunctions.java" Intrnl_Id="472">
<LocList>
<Loc EndOffset="8377" SrcFileId="1" StartOffset="8356"/>
</LocList>
</BasicStmnt>
</StmntSeq>
</Branch>
<Branch CovItemId="B100" CovItemPrefix="com.OriginalFiles.RemoteNXTFunctions.java" Implct="false" Intrnl_Id="473">
<Cond>
<Loc EndOffset="8401" SrcFileId="1" StartOffset="8397"/>
</Cond>
<LocList>
<Loc EndOffset="8641" SrcFileId="1" StartOffset="8402"/>
</LocList>
<StmntSeq Intrnl_Id="474">
<LocList>
<Loc EndOffset="8641" SrcFileId="1" StartOffset="8402"/>
</LocList>
<CondStmnt CovItemId="S115" CovItemPrefix="com.OriginalFiles.RemoteNXTFunctions.java" Intrnl_Id="475">
<Branch CovItemId="B101" CovItemPrefix="com.OriginalFiles.RemoteNXTFunctions.java" Implct="false" Intrnl_Id="476">
<Cond/>
<LocList>
<Loc EndOffset="8572" SrcFileId="1" StartOffset="8461"/>
</LocList>
<StmntSeq Intrnl_Id="477">
<LocList>
<Loc EndOffset="8553" SrcFileId="1" StartOffset="8484"/>
</LocList>
<BasicStmnt CovItemId="S116" CovItemPrefix="com.OriginalFiles.RemoteNXTFunctions.java" Intrnl_Id="478">
<LocList>
<Loc EndOffset="8553" SrcFileId="1" StartOffset="8484"/>
</LocList>
</BasicStmnt>
</StmntSeq>
</Branch>
<Branch CovItemId="B102" CovItemPrefix="com.OriginalFiles.RemoteNXTFunctions.java" Implct="false" Intrnl_Id="479">
<Cond>
<Loc EndOffset="8577" SrcFileId="1" StartOffset="8573"/>
</Cond>
<LocList>
<Loc EndOffset="8641" SrcFileId="1" StartOffset="8578"/>
</LocList>
<StmntSeq Intrnl_Id="480">
<LocList>
<Loc EndOffset="8622" SrcFileId="1" StartOffset="8601"/>
</LocList>
<BasicStmnt CovItemId="S117" CovItemPrefix="com.OriginalFiles.RemoteNXTFunctions.java" Intrnl_Id="481">
<LocList>
<Loc EndOffset="8622" SrcFileId="1" StartOffset="8601"/>
</LocList>
</BasicStmnt>
</StmntSeq>
</Branch>
<Keyword EndOffset="8404" SrcFileId="1" StartOffset="8402"/>
<LocList>
<Loc EndOffset="8641" SrcFileId="1" StartOffset="8402"/>
</LocList>
<RootTerm CovItemId="C53" CovItemPrefix="com.OriginalFiles.RemoteNXTFunctions.java" Intrnl_Id="482">
<BasicBoolTerm Intrnl_Id="483">
<LocList>
<Loc EndOffset="8459" SrcFileId="1" StartOffset="8406"/>
</LocList>
</BasicBoolTerm>
</RootTerm>
</CondStmnt>
</StmntSeq>
</Branch>
<Keyword EndOffset="8314" SrcFileId="1" StartOffset="8312"/>
<LocList>
<Loc EndOffset="8641" SrcFileId="1" StartOffset="8312"/>
</LocList>
<RootTerm CovItemId="C52" CovItemPrefix="com.OriginalFiles.RemoteNXTFunctions.java" Intrnl_Id="484">
<OpTerm BooleanOpId="10" Intrnl_Id="485">
<BasicBoolTerm Intrnl_Id="486">
<LocList>
<Loc EndOffset="8321" SrcFileId="1" StartOffset="8315"/>
</LocList>
</BasicBoolTerm>
<BasicBoolTerm Intrnl_Id="487">
<LocList>
<Loc EndOffset="8331" SrcFileId="1" StartOffset="8325"/>
</LocList>
</BasicBoolTerm>
<LocList>
<Loc EndOffset="8324" SrcFileId="1" StartOffset="8322"/>
</LocList>
</OpTerm>
</RootTerm>
</CondStmnt>
</StmntSeq>
</Branch>
<Keyword EndOffset="8224" SrcFileId="1" StartOffset="8222"/>
<LocList>
<Loc EndOffset="8641" SrcFileId="1" StartOffset="8222"/>
</LocList>
<RootTerm CovItemId="C51" CovItemPrefix="com.OriginalFiles.RemoteNXTFunctions.java" Intrnl_Id="488">
<OpTerm BooleanOpId="10" Intrnl_Id="489">
<BasicBoolTerm Intrnl_Id="490">
<LocList>
<Loc EndOffset="8231" SrcFileId="1" StartOffset="8225"/>
</LocList>
</BasicBoolTerm>
<BasicBoolTerm Intrnl_Id="491">
<LocList>
<Loc EndOffset="8241" SrcFileId="1" StartOffset="8235"/>
</LocList>
</BasicBoolTerm>
<LocList>
<Loc EndOffset="8234" SrcFileId="1" StartOffset="8232"/>
</LocList>
</OpTerm>
</RootTerm>
</CondStmnt>
</StmntSeq>
</Branch>
<Keyword EndOffset="8134" SrcFileId="1" StartOffset="8132"/>
<LocList>
<Loc EndOffset="8641" SrcFileId="1" StartOffset="8132"/>
</LocList>
<RootTerm CovItemId="C50" CovItemPrefix="com.OriginalFiles.RemoteNXTFunctions.java" Intrnl_Id="492">
<OpTerm BooleanOpId="10" Intrnl_Id="493">
<BasicBoolTerm Intrnl_Id="494">
<LocList>
<Loc EndOffset="8141" SrcFileId="1" StartOffset="8135"/>
</LocList>
</BasicBoolTerm>
<BasicBoolTerm Intrnl_Id="495">
<LocList>
<Loc EndOffset="8151" SrcFileId="1" StartOffset="8145"/>
</LocList>
</BasicBoolTerm>
<LocList>
<Loc EndOffset="8144" SrcFileId="1" StartOffset="8142"/>
</LocList>
</OpTerm>
</RootTerm>
</CondStmnt>
</StmntSeq>
</Branch>
<Branch CovItemId="B94" CovItemPrefix="com.OriginalFiles.RemoteNXTFunctions.java" Implct="false" Intrnl_Id="496">
<Cond>
<Loc EndOffset="8661" SrcFileId="1" StartOffset="8657"/>
</Cond>
<LocList>
<Loc EndOffset="11286" SrcFileId="1" StartOffset="8662"/>
</LocList>
<StmntSeq Intrnl_Id="497">
<LocList>
<Loc EndOffset="11286" SrcFileId="1" StartOffset="8662"/>
</LocList>
<CondStmnt CovItemId="S118" CovItemPrefix="com.OriginalFiles.RemoteNXTFunctions.java" Intrnl_Id="498">
<Branch CovItemId="B103" CovItemPrefix="com.OriginalFiles.RemoteNXTFunctions.java" Implct="false" Intrnl_Id="499">
<Cond/>
<LocList>
<Loc EndOffset="9236" SrcFileId="1" StartOffset="8693"/>
</LocList>
<StmntSeq Intrnl_Id="500">
<LocList>
<Loc EndOffset="9221" SrcFileId="1" StartOffset="8712"/>
</LocList>
<CondStmnt CovItemId="S119" CovItemPrefix="com.OriginalFiles.RemoteNXTFunctions.java" Intrnl_Id="501">
<Branch CovItemId="B105" CovItemPrefix="com.OriginalFiles.RemoteNXTFunctions.java" Implct="false" Intrnl_Id="502">
<Cond/>
<LocList>
<Loc EndOffset="8796" SrcFileId="1" StartOffset="8733"/>
</LocList>
<StmntSeq Intrnl_Id="503">
<LocList>
<Loc EndOffset="8777" SrcFileId="1" StartOffset="8756"/>
</LocList>
<BasicStmnt CovItemId="S120" CovItemPrefix="com.OriginalFiles.RemoteNXTFunctions.java" Intrnl_Id="504">
<LocList>
<Loc EndOffset="8777" SrcFileId="1" StartOffset="8756"/>
</LocList>
</BasicStmnt>
</StmntSeq>
</Branch>
<Branch CovItemId="B106" CovItemPrefix="com.OriginalFiles.RemoteNXTFunctions.java" Implct="false" Intrnl_Id="505">
<Cond>
<Loc EndOffset="8801" SrcFileId="1" StartOffset="8797"/>
</Cond>
<LocList>
<Loc EndOffset="9221" SrcFileId="1" StartOffset="8802"/>
</LocList>
<StmntSeq Intrnl_Id="506">
<LocList>
<Loc EndOffset="9221" SrcFileId="1" StartOffset="8802"/>
</LocList>
<CondStmnt CovItemId="S121" CovItemPrefix="com.OriginalFiles.RemoteNXTFunctions.java" Intrnl_Id="507">
<Branch CovItemId="B107" CovItemPrefix="com.OriginalFiles.RemoteNXTFunctions.java" Implct="false" Intrnl_Id="508">
<Cond/>
<LocList>
<Loc EndOffset="8886" SrcFileId="1" StartOffset="8823"/>
</LocList>
<StmntSeq Intrnl_Id="509">
<LocList>
<Loc EndOffset="8867" SrcFileId="1" StartOffset="8846"/>
</LocList>
<BasicStmnt CovItemId="S122" CovItemPrefix="com.OriginalFiles.RemoteNXTFunctions.java" Intrnl_Id="510">
<LocList>
<Loc EndOffset="8867" SrcFileId="1" StartOffset="8846"/>
</LocList>
</BasicStmnt>
</StmntSeq>
</Branch>
<Branch CovItemId="B108" CovItemPrefix="com.OriginalFiles.RemoteNXTFunctions.java" Implct="false" Intrnl_Id="511">
<Cond>
<Loc EndOffset="8891" SrcFileId="1" StartOffset="8887"/>
</Cond>
<LocList>
<Loc EndOffset="9221" SrcFileId="1" StartOffset="8892"/>
</LocList>
<StmntSeq Intrnl_Id="512">
<LocList>
<Loc EndOffset="9221" SrcFileId="1" StartOffset="8892"/>
</LocList>
<CondStmnt CovItemId="S123" CovItemPrefix="com.OriginalFiles.RemoteNXTFunctions.java" Intrnl_Id="513">
<Branch CovItemId="B109" CovItemPrefix="com.OriginalFiles.RemoteNXTFunctions.java" Implct="false" Intrnl_Id="514">
<Cond/>
<LocList>
<Loc EndOffset="8976" SrcFileId="1" StartOffset="8913"/>
</LocList>
<StmntSeq Intrnl_Id="515">
<LocList>
<Loc EndOffset="8957" SrcFileId="1" StartOffset="8936"/>
</LocList>
<BasicStmnt CovItemId="S124" CovItemPrefix="com.OriginalFiles.RemoteNXTFunctions.java" Intrnl_Id="516">
<LocList>
<Loc EndOffset="8957" SrcFileId="1" StartOffset="8936"/>
</LocList>
</BasicStmnt>
</StmntSeq>
</Branch>
<Branch CovItemId="B110" CovItemPrefix="com.OriginalFiles.RemoteNXTFunctions.java" Implct="false" Intrnl_Id="517">
<Cond>
<Loc EndOffset="8981" SrcFileId="1" StartOffset="8977"/>
</Cond>
<LocList>
<Loc EndOffset="9221" SrcFileId="1" StartOffset="8982"/>
</LocList>
<StmntSeq Intrnl_Id="518">
<LocList>
<Loc EndOffset="9221" SrcFileId="1" StartOffset="8982"/>
</LocList>
<CondStmnt CovItemId="S125" CovItemPrefix="com.OriginalFiles.RemoteNXTFunctions.java" Intrnl_Id="519">
<Branch CovItemId="B111" CovItemPrefix="com.OriginalFiles.RemoteNXTFunctions.java" Implct="false" Intrnl_Id="520">
<Cond/>
<LocList>
<Loc EndOffset="9152" SrcFileId="1" StartOffset="9041"/>
</LocList>
<StmntSeq Intrnl_Id="521">
<LocList>
<Loc EndOffset="9133" SrcFileId="1" StartOffset="9064"/>
</LocList>
<BasicStmnt CovItemId="S126" CovItemPrefix="com.OriginalFiles.RemoteNXTFunctions.java" Intrnl_Id="522">
<LocList>
<Loc EndOffset="9133" SrcFileId="1" StartOffset="9064"/>
</LocList>
</BasicStmnt>
</StmntSeq>
</Branch>
<Branch CovItemId="B112" CovItemPrefix="com.OriginalFiles.RemoteNXTFunctions.java" Implct="false" Intrnl_Id="523">
<Cond>
<Loc EndOffset="9157" SrcFileId="1" StartOffset="9153"/>
</Cond>
<LocList>
<Loc EndOffset="9221" SrcFileId="1" StartOffset="9158"/>
</LocList>
<StmntSeq Intrnl_Id="524">
<LocList>
<Loc EndOffset="9202" SrcFileId="1" StartOffset="9181"/>
</LocList>
<BasicStmnt CovItemId="S127" CovItemPrefix="com.OriginalFiles.RemoteNXTFunctions.java" Intrnl_Id="525">
<LocList>
<Loc EndOffset="9202" SrcFileId="1" StartOffset="9181"/>
</LocList>
</BasicStmnt>
</StmntSeq>
</Branch>
<Keyword EndOffset="8984" SrcFileId="1" StartOffset="8982"/>
<LocList>
<Loc EndOffset="9221" SrcFileId="1" StartOffset="8982"/>
</LocList>
<RootTerm CovItemId="C58" CovItemPrefix="com.OriginalFiles.RemoteNXTFunctions.java" Intrnl_Id="526">
<BasicBoolTerm Intrnl_Id="527">
<LocList>
<Loc EndOffset="9039" SrcFileId="1" StartOffset="8986"/>
</LocList>
</BasicBoolTerm>
</RootTerm>
</CondStmnt>
</StmntSeq>
</Branch>
<Keyword EndOffset="8894" SrcFileId="1" StartOffset="8892"/>
<LocList>
<Loc EndOffset="9221" SrcFileId="1" StartOffset="8892"/>
</LocList>
<RootTerm CovItemId="C57" CovItemPrefix="com.OriginalFiles.RemoteNXTFunctions.java" Intrnl_Id="528">
<OpTerm BooleanOpId="10" Intrnl_Id="529">
<BasicBoolTerm Intrnl_Id="530">
<LocList>
<Loc EndOffset="8901" SrcFileId="1" StartOffset="8895"/>
</LocList>
</BasicBoolTerm>
<BasicBoolTerm Intrnl_Id="531">
<LocList>
<Loc EndOffset="8911" SrcFileId="1" StartOffset="8905"/>
</LocList>
</BasicBoolTerm>
<LocList>
<Loc EndOffset="8904" SrcFileId="1" StartOffset="8902"/>
</LocList>
</OpTerm>
</RootTerm>
</CondStmnt>
</StmntSeq>
</Branch>
<Keyword EndOffset="8804" SrcFileId="1" StartOffset="8802"/>
<LocList>
<Loc EndOffset="9221" SrcFileId="1" StartOffset="8802"/>
</LocList>
<RootTerm CovItemId="C56" CovItemPrefix="com.OriginalFiles.RemoteNXTFunctions.java" Intrnl_Id="532">
<OpTerm BooleanOpId="10" Intrnl_Id="533">
<BasicBoolTerm Intrnl_Id="534">
<LocList>
<Loc EndOffset="8811" SrcFileId="1" StartOffset="8805"/>
</LocList>
</BasicBoolTerm>
<BasicBoolTerm Intrnl_Id="535">
<LocList>
<Loc EndOffset="8821" SrcFileId="1" StartOffset="8815"/>
</LocList>
</BasicBoolTerm>
<LocList>
<Loc EndOffset="8814" SrcFileId="1" StartOffset="8812"/>
</LocList>
</OpTerm>
</RootTerm>
</CondStmnt>
</StmntSeq>
</Branch>
<Keyword EndOffset="8714" SrcFileId="1" StartOffset="8712"/>
<LocList>
<Loc EndOffset="9221" SrcFileId="1" StartOffset="8712"/>
</LocList>
<RootTerm CovItemId="C55" CovItemPrefix="com.OriginalFiles.RemoteNXTFunctions.java" Intrnl_Id="536">
<OpTerm BooleanOpId="10" Intrnl_Id="537">
<BasicBoolTerm Intrnl_Id="538">
<LocList>
<Loc EndOffset="8721" SrcFileId="1" StartOffset="8715"/>
</LocList>
</BasicBoolTerm>
<BasicBoolTerm Intrnl_Id="539">
<LocList>
<Loc EndOffset="8731" SrcFileId="1" StartOffset="8725"/>
</LocList>
</BasicBoolTerm>
<LocList>
<Loc EndOffset="8724" SrcFileId="1" StartOffset="8722"/>
</LocList>
</OpTerm>
</RootTerm>
</CondStmnt>
</StmntSeq>
</Branch>
<Branch CovItemId="B104" CovItemPrefix="com.OriginalFiles.RemoteNXTFunctions.java" Implct="false" Intrnl_Id="540">
<Cond>
<Loc EndOffset="9241" SrcFileId="1" StartOffset="9237"/>
</Cond>
<LocList>
<Loc EndOffset="11286" SrcFileId="1" StartOffset="9242"/>
</LocList>
<StmntSeq Intrnl_Id="541">
<LocList>
<Loc EndOffset="11286" SrcFileId="1" StartOffset="9242"/>
</LocList>
<CondStmnt CovItemId="S128" CovItemPrefix="com.OriginalFiles.RemoteNXTFunctions.java" Intrnl_Id="542">
<Branch CovItemId="B113" CovItemPrefix="com.OriginalFiles.RemoteNXTFunctions.java" Implct="false" Intrnl_Id="543">
<Cond/>
<LocList>
<Loc EndOffset="9816" SrcFileId="1" StartOffset="9273"/>
</LocList>
<StmntSeq Intrnl_Id="544">
<LocList>
<Loc EndOffset="9801" SrcFileId="1" StartOffset="9292"/>
</LocList>
<CondStmnt CovItemId="S129" CovItemPrefix="com.OriginalFiles.RemoteNXTFunctions.java" Intrnl_Id="545">
<Branch CovItemId="B115" CovItemPrefix="com.OriginalFiles.RemoteNXTFunctions.java" Implct="false" Intrnl_Id="546">
<Cond/>
<LocList>
<Loc EndOffset="9376" SrcFileId="1" StartOffset="9313"/>
</LocList>
<StmntSeq Intrnl_Id="547">
<LocList>
<Loc EndOffset="9357" SrcFileId="1" StartOffset="9336"/>
</LocList>
<BasicStmnt CovItemId="S130" CovItemPrefix="com.OriginalFiles.RemoteNXTFunctions.java" Intrnl_Id="548">
<LocList>
<Loc EndOffset="9357" SrcFileId="1" StartOffset="9336"/>
</LocList>
</BasicStmnt>
</StmntSeq>
</Branch>
<Branch CovItemId="B116" CovItemPrefix="com.OriginalFiles.RemoteNXTFunctions.java" Implct="false" Intrnl_Id="549">
<Cond>
<Loc EndOffset="9381" SrcFileId="1" StartOffset="9377"/>
</Cond>
<LocList>
<Loc EndOffset="9801" SrcFileId="1" StartOffset="9382"/>
</LocList>
<StmntSeq Intrnl_Id="550">
<LocList>
<Loc EndOffset="9801" SrcFileId="1" StartOffset="9382"/>
</LocList>
<CondStmnt CovItemId="S131" CovItemPrefix="com.OriginalFiles.RemoteNXTFunctions.java" Intrnl_Id="551">
<Branch CovItemId="B117" CovItemPrefix="com.OriginalFiles.RemoteNXTFunctions.java" Implct="false" Intrnl_Id="552">
<Cond/>
<LocList>
<Loc EndOffset="9466" SrcFileId="1" StartOffset="9403"/>
</LocList>
<StmntSeq Intrnl_Id="553">
<LocList>
<Loc EndOffset="9447" SrcFileId="1" StartOffset="9426"/>
</LocList>
<BasicStmnt CovItemId="S132" CovItemPrefix="com.OriginalFiles.RemoteNXTFunctions.java" Intrnl_Id="554">
<LocList>
<Loc EndOffset="9447" SrcFileId="1" StartOffset="9426"/>
</LocList>
</BasicStmnt>
</StmntSeq>
</Branch>
<Branch CovItemId="B118" CovItemPrefix="com.OriginalFiles.RemoteNXTFunctions.java" Implct="false" Intrnl_Id="555">
<Cond>
<Loc EndOffset="9471" SrcFileId="1" StartOffset="9467"/>
</Cond>
<LocList>
<Loc EndOffset="9801" SrcFileId="1" StartOffset="9472"/>
</LocList>
<StmntSeq Intrnl_Id="556">
<LocList>
<Loc EndOffset="9801" SrcFileId="1" StartOffset="9472"/>
</LocList>
<CondStmnt CovItemId="S133" CovItemPrefix="com.OriginalFiles.RemoteNXTFunctions.java" Intrnl_Id="557">
<Branch CovItemId="B119" CovItemPrefix="com.OriginalFiles.RemoteNXTFunctions.java" Implct="false" Intrnl_Id="558">
<Cond/>
<LocList>
<Loc EndOffset="9556" SrcFileId="1" StartOffset="9493"/>
</LocList>
<StmntSeq Intrnl_Id="559">
<LocList>
<Loc EndOffset="9537" SrcFileId="1" StartOffset="9516"/>
</LocList>
<BasicStmnt CovItemId="S134" CovItemPrefix="com.OriginalFiles.RemoteNXTFunctions.java" Intrnl_Id="560">
<LocList>
<Loc EndOffset="9537" SrcFileId="1" StartOffset="9516"/>
</LocList>
</BasicStmnt>
</StmntSeq>
</Branch>
<Branch CovItemId="B120" CovItemPrefix="com.OriginalFiles.RemoteNXTFunctions.java" Implct="false" Intrnl_Id="561">
<Cond>
<Loc EndOffset="9561" SrcFileId="1" StartOffset="9557"/>
</Cond>
<LocList>
<Loc EndOffset="9801" SrcFileId="1" StartOffset="9562"/>
</LocList>
<StmntSeq Intrnl_Id="562">
<LocList>
<Loc EndOffset="9801" SrcFileId="1" StartOffset="9562"/>
</LocList>
<CondStmnt CovItemId="S135" CovItemPrefix="com.OriginalFiles.RemoteNXTFunctions.java" Intrnl_Id="563">
<Branch CovItemId="B121" CovItemPrefix="com.OriginalFiles.RemoteNXTFunctions.java" Implct="false" Intrnl_Id="564">
<Cond/>
<LocList>
<Loc EndOffset="9732" SrcFileId="1" StartOffset="9621"/>
</LocList>
<StmntSeq Intrnl_Id="565">
<LocList>
<Loc EndOffset="9713" SrcFileId="1" StartOffset="9644"/>
</LocList>
<BasicStmnt CovItemId="S136" CovItemPrefix="com.OriginalFiles.RemoteNXTFunctions.java" Intrnl_Id="566">
<LocList>
<Loc EndOffset="9713" SrcFileId="1" StartOffset="9644"/>
</LocList>
</BasicStmnt>
</StmntSeq>
</Branch>
<Branch CovItemId="B122" CovItemPrefix="com.OriginalFiles.RemoteNXTFunctions.java" Implct="false" Intrnl_Id="567">
<Cond>
<Loc EndOffset="9737" SrcFileId="1" StartOffset="9733"/>
</Cond>
<LocList>
<Loc EndOffset="9801" SrcFileId="1" StartOffset="9738"/>
</LocList>
<StmntSeq Intrnl_Id="568">
<LocList>
<Loc EndOffset="9782" SrcFileId="1" StartOffset="9761"/>
</LocList>
<BasicStmnt CovItemId="S137" CovItemPrefix="com.OriginalFiles.RemoteNXTFunctions.java" Intrnl_Id="569">
<LocList>
<Loc EndOffset="9782" SrcFileId="1" StartOffset="9761"/>
</LocList>
</BasicStmnt>
</StmntSeq>
</Branch>
<Keyword EndOffset="9564" SrcFileId="1" StartOffset="9562"/>
<LocList>
<Loc EndOffset="9801" SrcFileId="1" StartOffset="9562"/>
</LocList>
<RootTerm CovItemId="C63" CovItemPrefix="com.OriginalFiles.RemoteNXTFunctions.java" Intrnl_Id="570">
<BasicBoolTerm Intrnl_Id="571">
<LocList>
<Loc EndOffset="9619" SrcFileId="1" StartOffset="9566"/>
</LocList>
</BasicBoolTerm>
</RootTerm>
</CondStmnt>
</StmntSeq>
</Branch>
<Keyword EndOffset="9474" SrcFileId="1" StartOffset="9472"/>
<LocList>
<Loc EndOffset="9801" SrcFileId="1" StartOffset="9472"/>
</LocList>
<RootTerm CovItemId="C62" CovItemPrefix="com.OriginalFiles.RemoteNXTFunctions.java" Intrnl_Id="572">
<OpTerm BooleanOpId="10" Intrnl_Id="573">
<BasicBoolTerm Intrnl_Id="574">
<LocList>
<Loc EndOffset="9481" SrcFileId="1" StartOffset="9475"/>
</LocList>
</BasicBoolTerm>
<BasicBoolTerm Intrnl_Id="575">
<LocList>
<Loc EndOffset="9491" SrcFileId="1" StartOffset="9485"/>
</LocList>
</BasicBoolTerm>
<LocList>
<Loc EndOffset="9484" SrcFileId="1" StartOffset="9482"/>
</LocList>
</OpTerm>
</RootTerm>
</CondStmnt>
</StmntSeq>
</Branch>
<Keyword EndOffset="9384" SrcFileId="1" StartOffset="9382"/>
<LocList>
<Loc EndOffset="9801" SrcFileId="1" StartOffset="9382"/>
</LocList>
<RootTerm CovItemId="C61" CovItemPrefix="com.OriginalFiles.RemoteNXTFunctions.java" Intrnl_Id="576">
<OpTerm BooleanOpId="10" Intrnl_Id="577">
<BasicBoolTerm Intrnl_Id="578">
<LocList>
<Loc EndOffset="9391" SrcFileId="1" StartOffset="9385"/>
</LocList>
</BasicBoolTerm>
<BasicBoolTerm Intrnl_Id="579">
<LocList>
<Loc EndOffset="9401" SrcFileId="1" StartOffset="9395"/>
</LocList>
</BasicBoolTerm>
<LocList>
<Loc EndOffset="9394" SrcFileId="1" StartOffset="9392"/>
</LocList>
</OpTerm>
</RootTerm>
</CondStmnt>
</StmntSeq>
</Branch>
<Keyword EndOffset="9294" SrcFileId="1" StartOffset="9292"/>
<LocList>
<Loc EndOffset="9801" SrcFileId="1" StartOffset="9292"/>
</LocList>
<RootTerm CovItemId="C60" CovItemPrefix="com.OriginalFiles.RemoteNXTFunctions.java" Intrnl_Id="580">
<OpTerm BooleanOpId="10" Intrnl_Id="581">
<BasicBoolTerm Intrnl_Id="582">
<LocList>
<Loc EndOffset="9301" SrcFileId="1" StartOffset="9295"/>
</LocList>
</BasicBoolTerm>
<BasicBoolTerm Intrnl_Id="583">
<LocList>
<Loc EndOffset="9311" SrcFileId="1" StartOffset="9305"/>
</LocList>
</BasicBoolTerm>
<LocList>
<Loc EndOffset="9304" SrcFileId="1" StartOffset="9302"/>
</LocList>
</OpTerm>
</RootTerm>
</CondStmnt>
</StmntSeq>
</Branch>
<Branch CovItemId="B114" CovItemPrefix="com.OriginalFiles.RemoteNXTFunctions.java" Implct="false" Intrnl_Id="584">
<Cond>
<Loc EndOffset="9821" SrcFileId="1" StartOffset="9817"/>
</Cond>
<LocList>
<Loc EndOffset="11286" SrcFileId="1" StartOffset="9822"/>
</LocList>
<StmntSeq Intrnl_Id="585">
<LocList>
<Loc EndOffset="11286" SrcFileId="1" StartOffset="9822"/>
</LocList>
<CondStmnt CovItemId="S138" CovItemPrefix="com.OriginalFiles.RemoteNXTFunctions.java" Intrnl_Id="586">
<Branch CovItemId="B123" CovItemPrefix="com.OriginalFiles.RemoteNXTFunctions.java" Implct="false" Intrnl_Id="587">
<Cond/>
<LocList>
<Loc EndOffset="10396" SrcFileId="1" StartOffset="9853"/>
</LocList>
<StmntSeq Intrnl_Id="588">
<LocList>
<Loc EndOffset="10381" SrcFileId="1" StartOffset="9872"/>
</LocList>
<CondStmnt CovItemId="S139" CovItemPrefix="com.OriginalFiles.RemoteNXTFunctions.java" Intrnl_Id="589">
<Branch CovItemId="B125" CovItemPrefix="com.OriginalFiles.RemoteNXTFunctions.java" Implct="false" Intrnl_Id="590">
<Cond/>
<LocList>
<Loc EndOffset="9956" SrcFileId="1" StartOffset="9893"/>
</LocList>
<StmntSeq Intrnl_Id="591">
<LocList>
<Loc EndOffset="9937" SrcFileId="1" StartOffset="9916"/>
</LocList>
<BasicStmnt CovItemId="S140" CovItemPrefix="com.OriginalFiles.RemoteNXTFunctions.java" Intrnl_Id="592">
<LocList>
<Loc EndOffset="9937" SrcFileId="1" StartOffset="9916"/>
</LocList>
</BasicStmnt>
</StmntSeq>
</Branch>
<Branch CovItemId="B126" CovItemPrefix="com.OriginalFiles.RemoteNXTFunctions.java" Implct="false" Intrnl_Id="593">
<Cond>
<Loc EndOffset="9961" SrcFileId="1" StartOffset="9957"/>
</Cond>
<LocList>
<Loc EndOffset="10381" SrcFileId="1" StartOffset="9962"/>
</LocList>
<StmntSeq Intrnl_Id="594">
<LocList>
<Loc EndOffset="10381" SrcFileId="1" StartOffset="9962"/>
</LocList>
<CondStmnt CovItemId="S141" CovItemPrefix="com.OriginalFiles.RemoteNXTFunctions.java" Intrnl_Id="595">
<Branch CovItemId="B127" CovItemPrefix="com.OriginalFiles.RemoteNXTFunctions.java" Implct="false" Intrnl_Id="596">
<Cond/>
<LocList>
<Loc EndOffset="10046" SrcFileId="1" StartOffset="9983"/>
</LocList>
<StmntSeq Intrnl_Id="597">
<LocList>
<Loc EndOffset="10027" SrcFileId="1" StartOffset="10006"/>
</LocList>
<BasicStmnt CovItemId="S142" CovItemPrefix="com.OriginalFiles.RemoteNXTFunctions.java" Intrnl_Id="598">
<LocList>
<Loc EndOffset="10027" SrcFileId="1" StartOffset="10006"/>
</LocList>
</BasicStmnt>
</StmntSeq>
</Branch>
<Branch CovItemId="B128" CovItemPrefix="com.OriginalFiles.RemoteNXTFunctions.java" Implct="false" Intrnl_Id="599">
<Cond>
<Loc EndOffset="10051" SrcFileId="1" StartOffset="10047"/>
</Cond>
<LocList>
<Loc EndOffset="10381" SrcFileId="1" StartOffset="10052"/>
</LocList>
<StmntSeq Intrnl_Id="600">
<LocList>
<Loc EndOffset="10381" SrcFileId="1" StartOffset="10052"/>
</LocList>
<CondStmnt CovItemId="S143" CovItemPrefix="com.OriginalFiles.RemoteNXTFunctions.java" Intrnl_Id="601">
<Branch CovItemId="B129" CovItemPrefix="com.OriginalFiles.RemoteNXTFunctions.java" Implct="false" Intrnl_Id="602">
<Cond/>
<LocList>
<Loc EndOffset="10136" SrcFileId="1" StartOffset="10073"/>
</LocList>
<StmntSeq Intrnl_Id="603">
<LocList>
<Loc EndOffset="10117" SrcFileId="1" StartOffset="10096"/>
</LocList>
<BasicStmnt CovItemId="S144" CovItemPrefix="com.OriginalFiles.RemoteNXTFunctions.java" Intrnl_Id="604">
<LocList>
<Loc EndOffset="10117" SrcFileId="1" StartOffset="10096"/>
</LocList>
</BasicStmnt>
</StmntSeq>
</Branch>
<Branch CovItemId="B130" CovItemPrefix="com.OriginalFiles.RemoteNXTFunctions.java" Implct="false" Intrnl_Id="605">
<Cond>
<Loc EndOffset="10141" SrcFileId="1" StartOffset="10137"/>
</Cond>
<LocList>
<Loc EndOffset="10381" SrcFileId="1" StartOffset="10142"/>
</LocList>
<StmntSeq Intrnl_Id="606">
<LocList>
<Loc EndOffset="10381" SrcFileId="1" StartOffset="10142"/>
</LocList>
<CondStmnt CovItemId="S145" CovItemPrefix="com.OriginalFiles.RemoteNXTFunctions.java" Intrnl_Id="607">
<Branch CovItemId="B131" CovItemPrefix="com.OriginalFiles.RemoteNXTFunctions.java" Implct="false" Intrnl_Id="608">
<Cond/>
<LocList>
<Loc EndOffset="10312" SrcFileId="1" StartOffset="10201"/>
</LocList>
<StmntSeq Intrnl_Id="609">
<LocList>
<Loc EndOffset="10293" SrcFileId="1" StartOffset="10224"/>
</LocList>
<BasicStmnt CovItemId="S146" CovItemPrefix="com.OriginalFiles.RemoteNXTFunctions.java" Intrnl_Id="610">
<LocList>
<Loc EndOffset="10293" SrcFileId="1" StartOffset="10224"/>
</LocList>
</BasicStmnt>
</StmntSeq>
</Branch>
<Branch CovItemId="B132" CovItemPrefix="com.OriginalFiles.RemoteNXTFunctions.java" Implct="false" Intrnl_Id="611">
<Cond>
<Loc EndOffset="10317" SrcFileId="1" StartOffset="10313"/>
</Cond>
<LocList>
<Loc EndOffset="10381" SrcFileId="1" StartOffset="10318"/>
</LocList>
<StmntSeq Intrnl_Id="612">
<LocList>
<Loc EndOffset="10362" SrcFileId="1" StartOffset="10341"/>
</LocList>
<BasicStmnt CovItemId="S147" CovItemPrefix="com.OriginalFiles.RemoteNXTFunctions.java" Intrnl_Id="613">
<LocList>
<Loc EndOffset="10362" SrcFileId="1" StartOffset="10341"/>
</LocList>
</BasicStmnt>
</StmntSeq>
</Branch>
<Keyword EndOffset="10144" SrcFileId="1" StartOffset="10142"/>
<LocList>
<Loc EndOffset="10381" SrcFileId="1" StartOffset="10142"/>
</LocList>
<RootTerm CovItemId="C68" CovItemPrefix="com.OriginalFiles.RemoteNXTFunctions.java" Intrnl_Id="614">
<BasicBoolTerm Intrnl_Id="615">
<LocList>
<Loc EndOffset="10199" SrcFileId="1" StartOffset="10146"/>
</LocList>
</BasicBoolTerm>
</RootTerm>
</CondStmnt>
</StmntSeq>
</Branch>
<Keyword EndOffset="10054" SrcFileId="1" StartOffset="10052"/>
<LocList>
<Loc EndOffset="10381" SrcFileId="1" StartOffset="10052"/>
</LocList>
<RootTerm CovItemId="C67" CovItemPrefix="com.OriginalFiles.RemoteNXTFunctions.java" Intrnl_Id="616">
<OpTerm BooleanOpId="10" Intrnl_Id="617">
<BasicBoolTerm Intrnl_Id="618">
<LocList>
<Loc EndOffset="10061" SrcFileId="1" StartOffset="10055"/>
</LocList>
</BasicBoolTerm>
<BasicBoolTerm Intrnl_Id="619">
<LocList>
<Loc EndOffset="10071" SrcFileId="1" StartOffset="10065"/>
</LocList>
</BasicBoolTerm>
<LocList>
<Loc EndOffset="10064" SrcFileId="1" StartOffset="10062"/>
</LocList>
</OpTerm>
</RootTerm>
</CondStmnt>
</StmntSeq>
</Branch>
<Keyword EndOffset="9964" SrcFileId="1" StartOffset="9962"/>
<LocList>
<Loc EndOffset="10381" SrcFileId="1" StartOffset="9962"/>
</LocList>
<RootTerm CovItemId="C66" CovItemPrefix="com.OriginalFiles.RemoteNXTFunctions.java" Intrnl_Id="620">
<OpTerm BooleanOpId="10" Intrnl_Id="621">
<BasicBoolTerm Intrnl_Id="622">
<LocList>
<Loc EndOffset="9971" SrcFileId="1" StartOffset="9965"/>
</LocList>
</BasicBoolTerm>
<BasicBoolTerm Intrnl_Id="623">
<LocList>
<Loc EndOffset="9981" SrcFileId="1" StartOffset="9975"/>
</LocList>
</BasicBoolTerm>
<LocList>
<Loc EndOffset="9974" SrcFileId="1" StartOffset="9972"/>
</LocList>
</OpTerm>
</RootTerm>
</CondStmnt>
</StmntSeq>
</Branch>
<Keyword EndOffset="9874" SrcFileId="1" StartOffset="9872"/>
<LocList>
<Loc EndOffset="10381" SrcFileId="1" StartOffset="9872"/>
</LocList>
<RootTerm CovItemId="C65" CovItemPrefix="com.OriginalFiles.RemoteNXTFunctions.java" Intrnl_Id="624">
<OpTerm BooleanOpId="10" Intrnl_Id="625">
<BasicBoolTerm Intrnl_Id="626">
<LocList>
<Loc EndOffset="9881" SrcFileId="1" StartOffset="9875"/>
</LocList>
</BasicBoolTerm>
<BasicBoolTerm Intrnl_Id="627">
<LocList>
<Loc EndOffset="9891" SrcFileId="1" StartOffset="9885"/>
</LocList>
</BasicBoolTerm>
<LocList>
<Loc EndOffset="9884" SrcFileId="1" StartOffset="9882"/>
</LocList>
</OpTerm>
</RootTerm>
</CondStmnt>
</StmntSeq>
</Branch>
<Branch CovItemId="B124" CovItemPrefix="com.OriginalFiles.RemoteNXTFunctions.java" Implct="false" Intrnl_Id="628">
<Cond>
<Loc EndOffset="10401" SrcFileId="1" StartOffset="10397"/>
</Cond>
<LocList>
<Loc EndOffset="11286" SrcFileId="1" StartOffset="10402"/>
</LocList>
<StmntSeq Intrnl_Id="629">
<LocList>
<Loc EndOffset="11286" SrcFileId="1" StartOffset="10402"/>
</LocList>
<CondStmnt CovItemId="S148" CovItemPrefix="com.OriginalFiles.RemoteNXTFunctions.java" Intrnl_Id="630">
<Branch CovItemId="B133" CovItemPrefix="com.OriginalFiles.RemoteNXTFunctions.java" Implct="false" Intrnl_Id="631">
<Cond/>
<LocList>
<Loc EndOffset="10886" SrcFileId="1" StartOffset="10433"/>
</LocList>
<StmntSeq Intrnl_Id="632">
<LocList>
<Loc EndOffset="10871" SrcFileId="1" StartOffset="10452"/>
</LocList>
<CondStmnt CovItemId="S149" CovItemPrefix="com.OriginalFiles.RemoteNXTFunctions.java" Intrnl_Id="633">
<Branch CovItemId="B135" CovItemPrefix="com.OriginalFiles.RemoteNXTFunctions.java" Implct="false" Intrnl_Id="634">
<Cond/>
<LocList>
<Loc EndOffset="10536" SrcFileId="1" StartOffset="10473"/>
</LocList>
<StmntSeq Intrnl_Id="635">
<LocList>
<Loc EndOffset="10517" SrcFileId="1" StartOffset="10496"/>
</LocList>
<BasicStmnt CovItemId="S150" CovItemPrefix="com.OriginalFiles.RemoteNXTFunctions.java" Intrnl_Id="636">
<LocList>
<Loc EndOffset="10517" SrcFileId="1" StartOffset="10496"/>
</LocList>
</BasicStmnt>
</StmntSeq>
</Branch>
<Branch CovItemId="B136" CovItemPrefix="com.OriginalFiles.RemoteNXTFunctions.java" Implct="false" Intrnl_Id="637">
<Cond>
<Loc EndOffset="10541" SrcFileId="1" StartOffset="10537"/>
</Cond>
<LocList>
<Loc EndOffset="10871" SrcFileId="1" StartOffset="10542"/>
</LocList>
<StmntSeq Intrnl_Id="638">
<LocList>
<Loc EndOffset="10871" SrcFileId="1" StartOffset="10542"/>
</LocList>
<CondStmnt CovItemId="S151" CovItemPrefix="com.OriginalFiles.RemoteNXTFunctions.java" Intrnl_Id="639">
<Branch CovItemId="B137" CovItemPrefix="com.OriginalFiles.RemoteNXTFunctions.java" Implct="false" Intrnl_Id="640">
<Cond/>
<LocList>
<Loc EndOffset="10626" SrcFileId="1" StartOffset="10563"/>
</LocList>
<StmntSeq Intrnl_Id="641">
<LocList>
<Loc EndOffset="10607" SrcFileId="1" StartOffset="10586"/>
</LocList>
<BasicStmnt CovItemId="S152" CovItemPrefix="com.OriginalFiles.RemoteNXTFunctions.java" Intrnl_Id="642">
<LocList>
<Loc EndOffset="10607" SrcFileId="1" StartOffset="10586"/>
</LocList>
</BasicStmnt>
</StmntSeq>
</Branch>
<Branch CovItemId="B138" CovItemPrefix="com.OriginalFiles.RemoteNXTFunctions.java" Implct="false" Intrnl_Id="643">
<Cond>
<Loc EndOffset="10631" SrcFileId="1" StartOffset="10627"/>
</Cond>
<LocList>
<Loc EndOffset="10871" SrcFileId="1" StartOffset="10632"/>
</LocList>
<StmntSeq Intrnl_Id="644">
<LocList>
<Loc EndOffset="10871" SrcFileId="1" StartOffset="10632"/>
</LocList>
<CondStmnt CovItemId="S153" CovItemPrefix="com.OriginalFiles.RemoteNXTFunctions.java" Intrnl_Id="645">
<Branch CovItemId="B139" CovItemPrefix="com.OriginalFiles.RemoteNXTFunctions.java" Implct="false" Intrnl_Id="646">
<Cond/>
<LocList>
<Loc EndOffset="10802" SrcFileId="1" StartOffset="10691"/>
</LocList>
<StmntSeq Intrnl_Id="647">
<LocList>
<Loc EndOffset="10783" SrcFileId="1" StartOffset="10714"/>
</LocList>
<BasicStmnt CovItemId="S154" CovItemPrefix="com.OriginalFiles.RemoteNXTFunctions.java" Intrnl_Id="648">
<LocList>
<Loc EndOffset="10783" SrcFileId="1" StartOffset="10714"/>
</LocList>
</BasicStmnt>
</StmntSeq>
</Branch>
<Branch CovItemId="B140" CovItemPrefix="com.OriginalFiles.RemoteNXTFunctions.java" Implct="false" Intrnl_Id="649">
<Cond>
<Loc EndOffset="10807" SrcFileId="1" StartOffset="10803"/>
</Cond>
<LocList>
<Loc EndOffset="10871" SrcFileId="1" StartOffset="10808"/>
</LocList>
<StmntSeq Intrnl_Id="650">
<LocList>
<Loc EndOffset="10852" SrcFileId="1" StartOffset="10831"/>
</LocList>
<BasicStmnt CovItemId="S155" CovItemPrefix="com.OriginalFiles.RemoteNXTFunctions.java" Intrnl_Id="651">
<LocList>
<Loc EndOffset="10852" SrcFileId="1" StartOffset="10831"/>
</LocList>
</BasicStmnt>
</StmntSeq>
</Branch>
<Keyword EndOffset="10634" SrcFileId="1" StartOffset="10632"/>
<LocList>
<Loc EndOffset="10871" SrcFileId="1" StartOffset="10632"/>
</LocList>
<RootTerm CovItemId="C72" CovItemPrefix="com.OriginalFiles.RemoteNXTFunctions.java" Intrnl_Id="652">
<BasicBoolTerm Intrnl_Id="653">
<LocList>
<Loc EndOffset="10689" SrcFileId="1" StartOffset="10636"/>
</LocList>
</BasicBoolTerm>
</RootTerm>
</CondStmnt>
</StmntSeq>
</Branch>
<Keyword EndOffset="10544" SrcFileId="1" StartOffset="10542"/>
<LocList>
<Loc EndOffset="10871" SrcFileId="1" StartOffset="10542"/>
</LocList>
<RootTerm CovItemId="C71" CovItemPrefix="com.OriginalFiles.RemoteNXTFunctions.java" Intrnl_Id="654">
<OpTerm BooleanOpId="10" Intrnl_Id="655">
<BasicBoolTerm Intrnl_Id="656">
<LocList>
<Loc EndOffset="10551" SrcFileId="1" StartOffset="10545"/>
</LocList>
</BasicBoolTerm>
<BasicBoolTerm Intrnl_Id="657">
<LocList>
<Loc EndOffset="10561" SrcFileId="1" StartOffset="10555"/>
</LocList>
</BasicBoolTerm>
<LocList>
<Loc EndOffset="10554" SrcFileId="1" StartOffset="10552"/>
</LocList>
</OpTerm>
</RootTerm>
</CondStmnt>
</StmntSeq>
</Branch>
<Keyword EndOffset="10454" SrcFileId="1" StartOffset="10452"/>
<LocList>
<Loc EndOffset="10871" SrcFileId="1" StartOffset="10452"/>
</LocList>
<RootTerm CovItemId="C70" CovItemPrefix="com.OriginalFiles.RemoteNXTFunctions.java" Intrnl_Id="658">
<OpTerm BooleanOpId="10" Intrnl_Id="659">
<BasicBoolTerm Intrnl_Id="660">
<LocList>
<Loc EndOffset="10461" SrcFileId="1" StartOffset="10455"/>
</LocList>
</BasicBoolTerm>
<BasicBoolTerm Intrnl_Id="661">
<LocList>
<Loc EndOffset="10471" SrcFileId="1" StartOffset="10465"/>
</LocList>
</BasicBoolTerm>
<LocList>
<Loc EndOffset="10464" SrcFileId="1" StartOffset="10462"/>
</LocList>
</OpTerm>
</RootTerm>
</CondStmnt>
</StmntSeq>
</Branch>
<Branch CovItemId="B134" CovItemPrefix="com.OriginalFiles.RemoteNXTFunctions.java" Implct="false" Intrnl_Id="662">
<Cond>
<Loc EndOffset="10891" SrcFileId="1" StartOffset="10887"/>
</Cond>
<LocList>
<Loc EndOffset="11286" SrcFileId="1" StartOffset="10892"/>
</LocList>
<StmntSeq Intrnl_Id="663">
<LocList>
<Loc EndOffset="11286" SrcFileId="1" StartOffset="10892"/>
</LocList>
<CondStmnt CovItemId="S156" CovItemPrefix="com.OriginalFiles.RemoteNXTFunctions.java" Intrnl_Id="664">
<Branch CovItemId="B141" CovItemPrefix="com.OriginalFiles.RemoteNXTFunctions.java" Implct="false" Intrnl_Id="665">
<Cond/>
<LocList>
<Loc EndOffset="11286" SrcFileId="1" StartOffset="10923"/>
</LocList>
<StmntSeq Intrnl_Id="666">
<LocList>
<Loc EndOffset="11271" SrcFileId="1" StartOffset="10942"/>
</LocList>
<CondStmnt CovItemId="S157" CovItemPrefix="com.OriginalFiles.RemoteNXTFunctions.java" Intrnl_Id="667">
<Branch CovItemId="B143" CovItemPrefix="com.OriginalFiles.RemoteNXTFunctions.java" Implct="false" Intrnl_Id="668">
<Cond/>
<LocList>
<Loc EndOffset="11026" SrcFileId="1" StartOffset="10963"/>
</LocList>
<StmntSeq Intrnl_Id="669">
<LocList>
<Loc EndOffset="11007" SrcFileId="1" StartOffset="10986"/>
</LocList>
<BasicStmnt CovItemId="S158" CovItemPrefix="com.OriginalFiles.RemoteNXTFunctions.java" Intrnl_Id="670">
<LocList>
<Loc EndOffset="11007" SrcFileId="1" StartOffset="10986"/>
</LocList>
</BasicStmnt>
</StmntSeq>
</Branch>
<Branch CovItemId="B144" CovItemPrefix="com.OriginalFiles.RemoteNXTFunctions.java" Implct="false" Intrnl_Id="671">
<Cond>
<Loc EndOffset="11031" SrcFileId="1" StartOffset="11027"/>
</Cond>
<LocList>
<Loc EndOffset="11271" SrcFileId="1" StartOffset="11032"/>
</LocList>
<StmntSeq Intrnl_Id="672">
<LocList>
<Loc EndOffset="11271" SrcFileId="1" StartOffset="11032"/>
</LocList>
<CondStmnt CovItemId="S159" CovItemPrefix="com.OriginalFiles.RemoteNXTFunctions.java" Intrnl_Id="673">
<Branch CovItemId="B145" CovItemPrefix="com.OriginalFiles.RemoteNXTFunctions.java" Implct="false" Intrnl_Id="674">
<Cond/>
<LocList>
<Loc EndOffset="11202" SrcFileId="1" StartOffset="11091"/>
</LocList>
<StmntSeq Intrnl_Id="675">
<LocList>
<Loc EndOffset="11183" SrcFileId="1" StartOffset="11114"/>
</LocList>
<BasicStmnt CovItemId="S160" CovItemPrefix="com.OriginalFiles.RemoteNXTFunctions.java" Intrnl_Id="676">
<LocList>
<Loc EndOffset="11183" SrcFileId="1" StartOffset="11114"/>
</LocList>
</BasicStmnt>
</StmntSeq>
</Branch>
<Branch CovItemId="B146" CovItemPrefix="com.OriginalFiles.RemoteNXTFunctions.java" Implct="false" Intrnl_Id="677">
<Cond>
<Loc EndOffset="11207" SrcFileId="1" StartOffset="11203"/>
</Cond>
<LocList>
<Loc EndOffset="11271" SrcFileId="1" StartOffset="11208"/>
</LocList>
<StmntSeq Intrnl_Id="678">
<LocList>
<Loc EndOffset="11252" SrcFileId="1" StartOffset="11231"/>
</LocList>
<BasicStmnt CovItemId="S161" CovItemPrefix="com.OriginalFiles.RemoteNXTFunctions.java" Intrnl_Id="679">
<LocList>
<Loc EndOffset="11252" SrcFileId="1" StartOffset="11231"/>
</LocList>
</BasicStmnt>
</StmntSeq>
</Branch>
<Keyword EndOffset="11034" SrcFileId="1" StartOffset="11032"/>
<LocList>
<Loc EndOffset="11271" SrcFileId="1" StartOffset="11032"/>
</LocList>
<RootTerm CovItemId="C75" CovItemPrefix="com.OriginalFiles.RemoteNXTFunctions.java" Intrnl_Id="680">
<BasicBoolTerm Intrnl_Id="681">
<LocList>
<Loc EndOffset="11089" SrcFileId="1" StartOffset="11036"/>
</LocList>
</BasicBoolTerm>
</RootTerm>
</CondStmnt>
</StmntSeq>
</Branch>
<Keyword EndOffset="10944" SrcFileId="1" StartOffset="10942"/>
<LocList>
<Loc EndOffset="11271" SrcFileId="1" StartOffset="10942"/>
</LocList>
<RootTerm CovItemId="C74" CovItemPrefix="com.OriginalFiles.RemoteNXTFunctions.java" Intrnl_Id="682">
<OpTerm BooleanOpId="10" Intrnl_Id="683">
<BasicBoolTerm Intrnl_Id="684">
<LocList>
<Loc EndOffset="10951" SrcFileId="1" StartOffset="10945"/>
</LocList>
</BasicBoolTerm>
<BasicBoolTerm Intrnl_Id="685">
<LocList>
<Loc EndOffset="10961" SrcFileId="1" StartOffset="10955"/>
</LocList>
</BasicBoolTerm>
<LocList>
<Loc EndOffset="10954" SrcFileId="1" StartOffset="10952"/>
</LocList>
</OpTerm>
</RootTerm>
</CondStmnt>
</StmntSeq>
</Branch>
<Branch CovItemId="B142" CovItemPrefix="com.OriginalFiles.RemoteNXTFunctions.java" Implct="true" Intrnl_Id="686">
<Cond/>
<LocList/>
<StmntSeq Intrnl_Id="687">
<LocList/>
</StmntSeq>
</Branch>
<Keyword EndOffset="10894" SrcFileId="1" StartOffset="10892"/>
<LocList>
<Loc EndOffset="11286" SrcFileId="1" StartOffset="10892"/>
</LocList>
<RootTerm CovItemId="C73" CovItemPrefix="com.OriginalFiles.RemoteNXTFunctions.java" Intrnl_Id="688">
<BasicBoolTerm Intrnl_Id="689">
<LocList>
<Loc EndOffset="10921" SrcFileId="1" StartOffset="10896"/>
</LocList>
</BasicBoolTerm>
</RootTerm>
</CondStmnt>
</StmntSeq>
</Branch>
<Keyword EndOffset="10404" SrcFileId="1" StartOffset="10402"/>
<LocList>
<Loc EndOffset="11286" SrcFileId="1" StartOffset="10402"/>
</LocList>
<RootTerm CovItemId="C69" CovItemPrefix="com.OriginalFiles.RemoteNXTFunctions.java" Intrnl_Id="690">
<BasicBoolTerm Intrnl_Id="691">
<LocList>
<Loc EndOffset="10431" SrcFileId="1" StartOffset="10406"/>
</LocList>
</BasicBoolTerm>
</RootTerm>
</CondStmnt>
</StmntSeq>
</Branch>
<Keyword EndOffset="9824" SrcFileId="1" StartOffset="9822"/>
<LocList>
<Loc EndOffset="11286" SrcFileId="1" StartOffset="9822"/>
</LocList>
<RootTerm CovItemId="C64" CovItemPrefix="com.OriginalFiles.RemoteNXTFunctions.java" Intrnl_Id="692">
<BasicBoolTerm Intrnl_Id="693">
<LocList>
<Loc EndOffset="9851" SrcFileId="1" StartOffset="9826"/>
</LocList>
</BasicBoolTerm>
</RootTerm>
</CondStmnt>
</StmntSeq>
</Branch>
<Keyword EndOffset="9244" SrcFileId="1" StartOffset="9242"/>
<LocList>
<Loc EndOffset="11286" SrcFileId="1" StartOffset="9242"/>
</LocList>
<RootTerm CovItemId="C59" CovItemPrefix="com.OriginalFiles.RemoteNXTFunctions.java" Intrnl_Id="694">
<BasicBoolTerm Intrnl_Id="695">
<LocList>
<Loc EndOffset="9271" SrcFileId="1" StartOffset="9246"/>
</LocList>
</BasicBoolTerm>
</RootTerm>
</CondStmnt>
</StmntSeq>
</Branch>
<Keyword EndOffset="8664" SrcFileId="1" StartOffset="8662"/>
<LocList>
<Loc EndOffset="11286" SrcFileId="1" StartOffset="8662"/>
</LocList>
<RootTerm CovItemId="C54" CovItemPrefix="com.OriginalFiles.RemoteNXTFunctions.java" Intrnl_Id="696">
<BasicBoolTerm Intrnl_Id="697">
<LocList>
<Loc EndOffset="8691" SrcFileId="1" StartOffset="8666"/>
</LocList>
</BasicBoolTerm>
</RootTerm>
</CondStmnt>
</StmntSeq>
</Branch>
<Keyword EndOffset="8085" SrcFileId="1" StartOffset="8083"/>
<LocList>
<Loc EndOffset="11286" SrcFileId="1" StartOffset="8083"/>
</LocList>
<RootTerm CovItemId="C49" CovItemPrefix="com.OriginalFiles.RemoteNXTFunctions.java" Intrnl_Id="698">
<BasicBoolTerm Intrnl_Id="699">
<LocList>
<Loc EndOffset="8111" SrcFileId="1" StartOffset="8087"/>
</LocList>
</BasicBoolTerm>
</RootTerm>
</CondStmnt>
</StmntSeq>
</Branch>
<Keyword EndOffset="7583" SrcFileId="1" StartOffset="7581"/>
<LocList>
<Loc EndOffset="11286" SrcFileId="1" StartOffset="7581"/>
</LocList>
<RootTerm CovItemId="C45" CovItemPrefix="com.OriginalFiles.RemoteNXTFunctions.java" Intrnl_Id="700">
<BasicBoolTerm Intrnl_Id="701">
<LocList>
<Loc EndOffset="7609" SrcFileId="1" StartOffset="7585"/>
</LocList>
</BasicBoolTerm>
</RootTerm>
</CondStmnt>
</StmntSeq>
</Branch>
<Keyword EndOffset="7081" SrcFileId="1" StartOffset="7079"/>
<LocList>
<Loc EndOffset="11286" SrcFileId="1" StartOffset="7079"/>
</LocList>
<RootTerm CovItemId="C41" CovItemPrefix="com.OriginalFiles.RemoteNXTFunctions.java" Intrnl_Id="702">
<BasicBoolTerm Intrnl_Id="703">
<LocList>
<Loc EndOffset="7107" SrcFileId="1" StartOffset="7083"/>
</LocList>
</BasicBoolTerm>
</RootTerm>
</CondStmnt>
</StmntSeq>
</Branch>
<Keyword EndOffset="6579" SrcFileId="1" StartOffset="6577"/>
<LocList>
<Loc EndOffset="11286" SrcFileId="1" StartOffset="6577"/>
</LocList>
<RootTerm CovItemId="C37" CovItemPrefix="com.OriginalFiles.RemoteNXTFunctions.java" Intrnl_Id="704">
<BasicBoolTerm Intrnl_Id="705">
<LocList>
<Loc EndOffset="6605" SrcFileId="1" StartOffset="6581"/>
</LocList>
</BasicBoolTerm>
</RootTerm>
</CondStmnt>
</StmntSeq>
</Branch>
<Keyword EndOffset="6077" SrcFileId="1" StartOffset="6075"/>
<LocList>
<Loc EndOffset="11286" SrcFileId="1" StartOffset="6075"/>
</LocList>
<RootTerm CovItemId="C33" CovItemPrefix="com.OriginalFiles.RemoteNXTFunctions.java" Intrnl_Id="706">
<BasicBoolTerm Intrnl_Id="707">
<LocList>
<Loc EndOffset="6103" SrcFileId="1" StartOffset="6079"/>
</LocList>
</BasicBoolTerm>
</RootTerm>
</CondStmnt>
</StmntSeq>
</Branch>
<Keyword EndOffset="5665" SrcFileId="1" StartOffset="5663"/>
<LocList>
<Loc EndOffset="11286" SrcFileId="1" StartOffset="5663"/>
</LocList>
<RootTerm CovItemId="C30" CovItemPrefix="com.OriginalFiles.RemoteNXTFunctions.java" Intrnl_Id="708">
<BasicBoolTerm Intrnl_Id="709">
<LocList>
<Loc EndOffset="5691" SrcFileId="1" StartOffset="5667"/>
</LocList>
</BasicBoolTerm>
</RootTerm>
</CondStmnt>
</StmntSeq>
</Branch>
<Keyword EndOffset="5253" SrcFileId="1" StartOffset="5251"/>
<LocList>
<Loc EndOffset="11286" SrcFileId="1" StartOffset="5251"/>
</LocList>
<RootTerm CovItemId="C27" CovItemPrefix="com.OriginalFiles.RemoteNXTFunctions.java" Intrnl_Id="710">
<BasicBoolTerm Intrnl_Id="711">
<LocList>
<Loc EndOffset="5279" SrcFileId="1" StartOffset="5255"/>
</LocList>
</BasicBoolTerm>
</RootTerm>
</CondStmnt>
</StmntSeq>
</Branch>
<Keyword EndOffset="4593" SrcFileId="1" StartOffset="4591"/>
<LocList>
<Loc EndOffset="11286" SrcFileId="1" StartOffset="4591"/>
</LocList>
<RootTerm CovItemId="C22" CovItemPrefix="com.OriginalFiles.RemoteNXTFunctions.java" Intrnl_Id="712">
<BasicBoolTerm Intrnl_Id="713">
<LocList>
<Loc EndOffset="4619" SrcFileId="1" StartOffset="4595"/>
</LocList>
</BasicBoolTerm>
</RootTerm>
</CondStmnt>
</StmntSeq>
</Branch>
<Keyword EndOffset="4041" SrcFileId="1" StartOffset="4039"/>
<LocList>
<Loc EndOffset="11286" SrcFileId="1" StartOffset="4039"/>
</LocList>
<RootTerm CovItemId="C18" CovItemPrefix="com.OriginalFiles.RemoteNXTFunctions.java" Intrnl_Id="714">
<BasicBoolTerm Intrnl_Id="715">
<LocList>
<Loc EndOffset="4066" SrcFileId="1" StartOffset="4042"/>
</LocList>
</BasicBoolTerm>
</RootTerm>
</CondStmnt>
</StmntSeq>
</Branch>
<Keyword EndOffset="2278" SrcFileId="1" StartOffset="2276"/>
<LocList>
<Loc EndOffset="11297" SrcFileId="1" StartOffset="2276"/>
</LocList>
<RootTerm CovItemId="C5" CovItemPrefix="com.OriginalFiles.RemoteNXTFunctions.java" Intrnl_Id="716">
<BasicBoolTerm Intrnl_Id="717">
<LocList>
<Loc EndOffset="2303" SrcFileId="1" StartOffset="2279"/>
</LocList>
</BasicBoolTerm>
</RootTerm>
</CondStmnt>
<BasicStmnt CovItemId="S162" CovItemPrefix="com.OriginalFiles.RemoteNXTFunctions.java" Intrnl_Id="718">
<LocList>
<Loc EndOffset="11331" SrcFileId="1" StartOffset="11317"/>
</LocList>
</BasicStmnt>
</StmntSeq>
</HierarchyLvl>
</HierarchyLvl>
<HierarchyLvl HierarchyLvlId="425" HierarchyLvlTypeId="13" Intrnl_Id="719" Name="Piece">
<Header>
<Loc EndOffset="48" SrcFileId="2" StartOffset="30"/>
</Header>
<LocList>
<Loc EndOffset="3411" SrcFileId="2" StartOffset="30"/>
</LocList>
<StmntSeq Intrnl_Id="720">
<LocList>
<Loc EndOffset="83" SrcFileId="2" StartOffset="56"/>
<Loc EndOffset="147" SrcFileId="2" StartOffset="113"/>
<Loc EndOffset="184" SrcFileId="2" StartOffset="153"/>
<Loc EndOffset="223" SrcFileId="2" StartOffset="190"/>
<Loc EndOffset="261" SrcFileId="2" StartOffset="229"/>
<Loc EndOffset="303" SrcFileId="2" StartOffset="267"/>
<Loc EndOffset="341" SrcFileId="2" StartOffset="309"/>
<Loc EndOffset="379" SrcFileId="2" StartOffset="347"/>
<Loc EndOffset="457" SrcFileId="2" StartOffset="421"/>
<Loc EndOffset="497" SrcFileId="2" StartOffset="463"/>
<Loc EndOffset="536" SrcFileId="2" StartOffset="503"/>
<Loc EndOffset="578" SrcFileId="2" StartOffset="542"/>
<Loc EndOffset="617" SrcFileId="2" StartOffset="584"/>
</LocList>
<BasicStmnt CovItemId="S1" CovItemPrefix="com.OriginalFiles.Piece.java" Intrnl_Id="721">
<LocList>
<Loc EndOffset="83" SrcFileId="2" StartOffset="56"/>
</LocList>
</BasicStmnt>
<BasicStmnt CovItemId="S2" CovItemPrefix="com.OriginalFiles.Piece.java" Intrnl_Id="722">
<LocList>
<Loc EndOffset="147" SrcFileId="2" StartOffset="113"/>
</LocList>
</BasicStmnt>
<BasicStmnt CovItemId="S3" CovItemPrefix="com.OriginalFiles.Piece.java" Intrnl_Id="723">
<LocList>
<Loc EndOffset="184" SrcFileId="2" StartOffset="153"/>
</LocList>
</BasicStmnt>
<BasicStmnt CovItemId="S4" CovItemPrefix="com.OriginalFiles.Piece.java" Intrnl_Id="724">
<LocList>
<Loc EndOffset="223" SrcFileId="2" StartOffset="190"/>
</LocList>
</BasicStmnt>
<BasicStmnt CovItemId="S5" CovItemPrefix="com.OriginalFiles.Piece.java" Intrnl_Id="725">
<LocList>
<Loc EndOffset="261" SrcFileId="2" StartOffset="229"/>
</LocList>
</BasicStmnt>
<BasicStmnt CovItemId="S6" CovItemPrefix="com.OriginalFiles.Piece.java" Intrnl_Id="726">
<LocList>
<Loc EndOffset="303" SrcFileId="2" StartOffset="267"/>
</LocList>
</BasicStmnt>
<BasicStmnt CovItemId="S7" CovItemPrefix="com.OriginalFiles.Piece.java" Intrnl_Id="727">
<LocList>
<Loc EndOffset="341" SrcFileId="2" StartOffset="309"/>
</LocList>
</BasicStmnt>
<BasicStmnt CovItemId="S8" CovItemPrefix="com.OriginalFiles.Piece.java" Intrnl_Id="728">
<LocList>
<Loc EndOffset="379" SrcFileId="2" StartOffset="347"/>
</LocList>
</BasicStmnt>
<BasicStmnt CovItemId="S9" CovItemPrefix="com.OriginalFiles.Piece.java" Intrnl_Id="729">
<LocList>
<Loc EndOffset="457" SrcFileId="2" StartOffset="421"/>
</LocList>
</BasicStmnt>
<BasicStmnt CovItemId="S10" CovItemPrefix="com.OriginalFiles.Piece.java" Intrnl_Id="730">
<LocList>
<Loc EndOffset="497" SrcFileId="2" StartOffset="463"/>
</LocList>
</BasicStmnt>
<BasicStmnt CovItemId="S11" CovItemPrefix="com.OriginalFiles.Piece.java" Intrnl_Id="731">
<LocList>
<Loc EndOffset="536" SrcFileId="2" StartOffset="503"/>
</LocList>
</BasicStmnt>
<BasicStmnt CovItemId="S12" CovItemPrefix="com.OriginalFiles.Piece.java" Intrnl_Id="732">
<LocList>
<Loc EndOffset="578" SrcFileId="2" StartOffset="542"/>
</LocList>
</BasicStmnt>
<BasicStmnt CovItemId="S13" CovItemPrefix="com.OriginalFiles.Piece.java" Intrnl_Id="733">
<LocList>
<Loc EndOffset="617" SrcFileId="2" StartOffset="584"/>
</LocList>
</BasicStmnt>
</StmntSeq>
<HierarchyLvl HierarchyLvlId="415" HierarchyLvlTypeId="14" Intrnl_Id="734" Name="Piece">
<Header>
<Loc EndOffset="650" SrcFileId="2" StartOffset="625"/>
</Header>
<LocList>
<Loc EndOffset="691" SrcFileId="2" StartOffset="625"/>
</LocList>
<StmntSeq Intrnl_Id="735">
<LocList>
<Loc EndOffset="684" SrcFileId="2" StartOffset="662"/>
</LocList>
<BasicStmnt CovItemId="S14" CovItemPrefix="com.OriginalFiles.Piece.java" Intrnl_Id="736">
<LocList>
<Loc EndOffset="684" SrcFileId="2" StartOffset="662"/>
</LocList>
</BasicStmnt>
</StmntSeq>
</HierarchyLvl>
<HierarchyLvl HierarchyLvlId="416" HierarchyLvlTypeId="14" Intrnl_Id="737" Name="getY">
<Header>
<Loc EndOffset="722" SrcFileId="2" StartOffset="699"/>
</Header>
<LocList>
<Loc EndOffset="750" SrcFileId="2" StartOffset="699"/>
</LocList>
<StmntSeq Intrnl_Id="738">
<LocList>
<Loc EndOffset="743" SrcFileId="2" StartOffset="734"/>
</LocList>
<BasicStmnt CovItemId="S15" CovItemPrefix="com.OriginalFiles.Piece.java" Intrnl_Id="739">
<LocList>
<Loc EndOffset="743" SrcFileId="2" StartOffset="734"/>
</LocList>
</BasicStmnt>
</StmntSeq>
</HierarchyLvl>
<HierarchyLvl HierarchyLvlId="417" HierarchyLvlTypeId="14" Intrnl_Id="740" Name="getX">
<Header>
<Loc EndOffset="781" SrcFileId="2" StartOffset="758"/>
</Header>
<LocList>
<Loc EndOffset="809" SrcFileId="2" StartOffset="758"/>
</LocList>
<StmntSeq Intrnl_Id="741">
<LocList>
<Loc EndOffset="802" SrcFileId="2" StartOffset="793"/>
</LocList>
<BasicStmnt CovItemId="S16" CovItemPrefix="com.OriginalFiles.Piece.java" Intrnl_Id="742">
<LocList>
<Loc EndOffset="802" SrcFileId="2" StartOffset="793"/>
</LocList>
</BasicStmnt>
</StmntSeq>
</HierarchyLvl>
<HierarchyLvl HierarchyLvlId="418" HierarchyLvlTypeId="14" Intrnl_Id="743" Name="setXY">
<Header>
<Loc EndOffset="864" SrcFileId="2" StartOffset="817"/>
</Header>
<LocList>
<Loc EndOffset="946" SrcFileId="2" StartOffset="817"/>
</LocList>
<StmntSeq Intrnl_Id="744">
<LocList>
<Loc EndOffset="887" SrcFileId="2" StartOffset="876"/>
<Loc EndOffset="908" SrcFileId="2" StartOffset="897"/>
<Loc EndOffset="939" SrcFileId="2" StartOffset="918"/>
</LocList>
<BasicStmnt CovItemId="S17" CovItemPrefix="com.OriginalFiles.Piece.java" Intrnl_Id="745">
<LocList>
<Loc EndOffset="887" SrcFileId="2" StartOffset="876"/>
</LocList>
</BasicStmnt>
<BasicStmnt CovItemId="S18" CovItemPrefix="com.OriginalFiles.Piece.java" Intrnl_Id="746">
<LocList>
<Loc EndOffset="908" SrcFileId="2" StartOffset="897"/>
</LocList>
</BasicStmnt>
<BasicStmnt CovItemId="S19" CovItemPrefix="com.OriginalFiles.Piece.java" Intrnl_Id="747">
<LocList>
<Loc EndOffset="939" SrcFileId="2" StartOffset="918"/>
</LocList>
</BasicStmnt>
</StmntSeq>
</HierarchyLvl>
<HierarchyLvl HierarchyLvlId="419" HierarchyLvlTypeId="14" Intrnl_Id="748" Name="isOnBoard">
<Header>
<Loc EndOffset="981" SrcFileId="2" StartOffset="954"/>
</Header>
<LocList>
<Loc EndOffset="1151" SrcFileId="2" StartOffset="954"/>
</LocList>
<StmntSeq Intrnl_Id="749">
<LocList>
<Loc EndOffset="1144" SrcFileId="2" StartOffset="993"/>
</LocList>
<CondStmnt CovItemId="S20" CovItemPrefix="com.OriginalFiles.Piece.java" Intrnl_Id="750">
<Branch CovItemId="B1" CovItemPrefix="com.OriginalFiles.Piece.java" Implct="false" Intrnl_Id="751">
<Cond/>
<LocList>
<Loc EndOffset="1068" SrcFileId="2" StartOffset="1030"/>
</LocList>
<StmntSeq Intrnl_Id="752">
<LocList>
<Loc EndOffset="1057" SrcFileId="2" StartOffset="1045"/>
</LocList>
<BasicStmnt CovItemId="S21" CovItemPrefix="com.OriginalFiles.Piece.java" Intrnl_Id="753">
<LocList>
<Loc EndOffset="1057" SrcFileId="2" StartOffset="1045"/>
</LocList>
</BasicStmnt>
</StmntSeq>
</Branch>
<Branch CovItemId="B2" CovItemPrefix="com.OriginalFiles.Piece.java" Implct="false" Intrnl_Id="754">
<Cond>
<Loc EndOffset="1073" SrcFileId="2" StartOffset="1069"/>
</Cond>
<LocList>
<Loc EndOffset="1144" SrcFileId="2" StartOffset="1074"/>
</LocList>
<StmntSeq Intrnl_Id="755">
<LocList>
<Loc EndOffset="1106" SrcFileId="2" StartOffset="1089"/>
<Loc EndOffset="1133" SrcFileId="2" StartOffset="1120"/>
</LocList>
<BasicStmnt CovItemId="S22" CovItemPrefix="com.OriginalFiles.Piece.java" Intrnl_Id="756">
<LocList>
<Loc EndOffset="1106" SrcFileId="2" StartOffset="1089"/>
</LocList>
</BasicStmnt>
<BasicStmnt CovItemId="S23" CovItemPrefix="com.OriginalFiles.Piece.java" Intrnl_Id="757">
<LocList>
<Loc EndOffset="1133" SrcFileId="2" StartOffset="1120"/>
</LocList>
</BasicStmnt>
</StmntSeq>
</Branch>
<Keyword EndOffset="995" SrcFileId="2" StartOffset="993"/>
<LocList>
<Loc EndOffset="1144" SrcFileId="2" StartOffset="993"/>
</LocList>
<RootTerm CovItemId="C1" CovItemPrefix="com.OriginalFiles.Piece.java" Intrnl_Id="758">
<BasicBoolTerm Intrnl_Id="759">
<LocList>
<Loc EndOffset="1028" SrcFileId="2" StartOffset="997"/>
</LocList>
</BasicBoolTerm>
</RootTerm>
</CondStmnt>
</StmntSeq>
</HierarchyLvl>
<HierarchyLvl HierarchyLvlId="420" HierarchyLvlTypeId="14" Intrnl_Id="760" Name="priceForPiece">
<Header>
<Loc EndOffset="1207" SrcFileId="2" StartOffset="1159"/>
</Header>
<LocList>
<Loc EndOffset="1373" SrcFileId="2" StartOffset="1159"/>
</LocList>
<StmntSeq Intrnl_Id="761">
<LocList>
<Loc EndOffset="1336" SrcFileId="2" StartOffset="1219"/>
<Loc EndOffset="1366" SrcFileId="2" StartOffset="1346"/>
</LocList>
<CondStmnt CovItemId="S24" CovItemPrefix="com.OriginalFiles.Piece.java" Intrnl_Id="762">
<Branch CovItemId="B3" CovItemPrefix="com.OriginalFiles.Piece.java" Implct="false" Intrnl_Id="763">
<Cond/>
<LocList>
<Loc EndOffset="1336" SrcFileId="2" StartOffset="1283"/>
</LocList>
<StmntSeq Intrnl_Id="764">
<LocList>
<Loc EndOffset="1325" SrcFileId="2" StartOffset="1302"/>
</LocList>
<BasicStmnt CovItemId="S25" CovItemPrefix="com.OriginalFiles.Piece.java" Intrnl_Id="765">
<LocList>
<Loc EndOffset="1325" SrcFileId="2" StartOffset="1302"/>
</LocList>
</BasicStmnt>
</StmntSeq>
</Branch>
<Branch CovItemId="B4" CovItemPrefix="com.OriginalFiles.Piece.java" Implct="true" Intrnl_Id="766">
<Cond/>
<LocList/>
<StmntSeq Intrnl_Id="767">
<LocList/>
</StmntSeq>
</Branch>
<Keyword EndOffset="1221" SrcFileId="2" StartOffset="1219"/>
<LocList>
<Loc EndOffset="1336" SrcFileId="2" StartOffset="1219"/>
</LocList>
<RootTerm CovItemId="C2" CovItemPrefix="com.OriginalFiles.Piece.java" Intrnl_Id="768">
<OpTerm BooleanOpId="11" Intrnl_Id="769">
<BasicBoolTerm Intrnl_Id="770">
<LocList>
<Loc EndOffset="1255" SrcFileId="2" StartOffset="1223"/>
</LocList>
</BasicBoolTerm>
<BasicBoolTerm Intrnl_Id="771">
<LocList>
<Loc EndOffset="1281" SrcFileId="2" StartOffset="1259"/>
</LocList>
</BasicBoolTerm>
<LocList>
<Loc EndOffset="1258" SrcFileId="2" StartOffset="1256"/>
</LocList>
</OpTerm>
</RootTerm>
</CondStmnt>
<BasicStmnt CovItemId="S26" CovItemPrefix="com.OriginalFiles.Piece.java" Intrnl_Id="772">
<LocList>
<Loc EndOffset="1366" SrcFileId="2" StartOffset="1346"/>
</LocList>
</BasicStmnt>
</StmntSeq>
</HierarchyLvl>
<HierarchyLvl HierarchyLvlId="421" HierarchyLvlTypeId="14" Intrnl_Id="773" Name="min">
<Header>
<Loc EndOffset="1410" SrcFileId="2" StartOffset="1381"/>
</Header>
<LocList>
<Loc EndOffset="1494" SrcFileId="2" StartOffset="1381"/>
</LocList>
<StmntSeq Intrnl_Id="774">
<LocList>
<Loc EndOffset="1468" SrcFileId="2" StartOffset="1422"/>
<Loc EndOffset="1487" SrcFileId="2" StartOffset="1478"/>
</LocList>
<CondStmnt CovItemId="S27" CovItemPrefix="com.OriginalFiles.Piece.java" Intrnl_Id="775">
<Branch CovItemId="B5" CovItemPrefix="com.OriginalFiles.Piece.java" Implct="false" Intrnl_Id="776">
<Cond/>
<LocList>
<Loc EndOffset="1468" SrcFileId="2" StartOffset="1433"/>
</LocList>
<StmntSeq Intrnl_Id="777">
<LocList>
<Loc EndOffset="1457" SrcFileId="2" StartOffset="1448"/>
</LocList>
<BasicStmnt CovItemId="S28" CovItemPrefix="com.OriginalFiles.Piece.java" Intrnl_Id="778">
<LocList>
<Loc EndOffset="1457" SrcFileId="2" StartOffset="1448"/>
</LocList>
</BasicStmnt>
</StmntSeq>
</Branch>
<Branch CovItemId="B6" CovItemPrefix="com.OriginalFiles.Piece.java" Implct="true" Intrnl_Id="779">
<Cond/>
<LocList/>
<StmntSeq Intrnl_Id="780">
<LocList/>
</StmntSeq>
</Branch>
<Keyword EndOffset="1424" SrcFileId="2" StartOffset="1422"/>
<LocList>
<Loc EndOffset="1468" SrcFileId="2" StartOffset="1422"/>
</LocList>
<RootTerm CovItemId="C3" CovItemPrefix="com.OriginalFiles.Piece.java" Intrnl_Id="781">
<BasicBoolTerm Intrnl_Id="782">
<LocList>
<Loc EndOffset="1431" SrcFileId="2" StartOffset="1426"/>
</LocList>
</BasicBoolTerm>
</RootTerm>
</CondStmnt>
<BasicStmnt CovItemId="S29" CovItemPrefix="com.OriginalFiles.Piece.java" Intrnl_Id="783">
<LocList>
<Loc EndOffset="1487" SrcFileId="2" StartOffset="1478"/>
</LocList>
</BasicStmnt>
</StmntSeq>
</HierarchyLvl>
<HierarchyLvl HierarchyLvlId="422" HierarchyLvlTypeId="14" Intrnl_Id="784" Name="updatePriceMidgame">
<Header>
<Loc EndOffset="1535" SrcFileId="2" StartOffset="1502"/>
</Header>
<LocList>
<Loc EndOffset="1577" SrcFileId="2" StartOffset="1502"/>
</LocList>
<StmntSeq Intrnl_Id="785">
<LocList>
<Loc EndOffset="1570" SrcFileId="2" StartOffset="1547"/>
</LocList>
<BasicStmnt CovItemId="S30" CovItemPrefix="com.OriginalFiles.Piece.java" Intrnl_Id="786">
<LocList>
<Loc EndOffset="1570" SrcFileId="2" StartOffset="1547"/>
</LocList>
</BasicStmnt>
</StmntSeq>
</HierarchyLvl>
<HierarchyLvl HierarchyLvlId="423" HierarchyLvlTypeId="14" Intrnl_Id="787" Name="updatePrice">
<Header>
<Loc EndOffset="1624" SrcFileId="2" StartOffset="1585"/>
</Header>
<LocList>
<Loc EndOffset="2616" SrcFileId="2" StartOffset="1585"/>
</LocList>
<StmntSeq Intrnl_Id="788">
<LocList>
<Loc EndOffset="2609" SrcFileId="2" StartOffset="1636"/>
</LocList>
<CondStmnt CovItemId="S31" CovItemPrefix="com.OriginalFiles.Piece.java" Intrnl_Id="789">
<Branch CovItemId="B7" CovItemPrefix="com.OriginalFiles.Piece.java" Implct="false" Intrnl_Id="790">
<Cond/>
<LocList>
<Loc EndOffset="2609" SrcFileId="2" StartOffset="1653"/>
</LocList>
<StmntSeq Intrnl_Id="791">
<LocList>
<Loc EndOffset="1700" SrcFileId="2" StartOffset="1668"/>
<Loc EndOffset="1745" SrcFileId="2" StartOffset="1714"/>
<Loc EndOffset="1913" SrcFileId="2" StartOffset="1759"/>
<Loc EndOffset="2032" SrcFileId="2" StartOffset="1927"/>
<Loc EndOffset="2469" SrcFileId="2" StartOffset="2048"/>
<Loc EndOffset="2557" SrcFileId="2" StartOffset="2483"/>
<Loc EndOffset="2598" SrcFileId="2" StartOffset="2571"/>
</LocList>
<BasicStmnt CovItemId="S32" CovItemPrefix="com.OriginalFiles.Piece.java" Intrnl_Id="792">
<LocList>
<Loc EndOffset="1700" SrcFileId="2" StartOffset="1668"/>
</LocList>
</BasicStmnt>
<BasicStmnt CovItemId="S33" CovItemPrefix="com.OriginalFiles.Piece.java" Intrnl_Id="793">
<LocList>
<Loc EndOffset="1745" SrcFileId="2" StartOffset="1714"/>
</LocList>
</BasicStmnt>
<CondStmnt CovItemId="S34" CovItemPrefix="com.OriginalFiles.Piece.java" Intrnl_Id="794">
<Branch CovItemId="B9" CovItemPrefix="com.OriginalFiles.Piece.java" Implct="false" Intrnl_Id="795">
<Cond/>
<LocList>
<Loc EndOffset="1913" SrcFileId="2" StartOffset="1787"/>
</LocList>
<StmntSeq Intrnl_Id="796">
<LocList>
<Loc EndOffset="1898" SrcFileId="2" StartOffset="1806"/>
</LocList>
<BasicStmnt CovItemId="S35" CovItemPrefix="com.OriginalFiles.Piece.java" Intrnl_Id="797">
<LocList>
<Loc EndOffset="1898" SrcFileId="2" StartOffset="1806"/>
</LocList>
</BasicStmnt>
</StmntSeq>
</Branch>
<Branch CovItemId="B10" CovItemPrefix="com.OriginalFiles.Piece.java" Implct="true" Intrnl_Id="798">
<Cond/>
<LocList/>
<StmntSeq Intrnl_Id="799">
<LocList/>
</StmntSeq>
</Branch>
<Keyword EndOffset="1761" SrcFileId="2" StartOffset="1759"/>
<LocList>
<Loc EndOffset="1913" SrcFileId="2" StartOffset="1759"/>
</LocList>
<RootTerm CovItemId="C5" CovItemPrefix="com.OriginalFiles.Piece.java" Intrnl_Id="800">
<BasicBoolTerm Intrnl_Id="801">
<LocList>
<Loc EndOffset="1785" SrcFileId="2" StartOffset="1763"/>
</LocList>
</BasicBoolTerm>
</RootTerm>
</CondStmnt>
<CondStmnt CovItemId="S36" CovItemPrefix="com.OriginalFiles.Piece.java" Intrnl_Id="802">
<Branch CovItemId="B11" CovItemPrefix="com.OriginalFiles.Piece.java" Implct="false" Intrnl_Id="803">
<Cond/>
<LocList>
<Loc EndOffset="2032" SrcFileId="2" StartOffset="1955"/>
</LocList>
<StmntSeq Intrnl_Id="804">
<LocList>
<Loc EndOffset="2017" SrcFileId="2" StartOffset="1974"/>
</LocList>
<BasicStmnt CovItemId="S37" CovItemPrefix="com.OriginalFiles.Piece.java" Intrnl_Id="805">
<LocList>
<Loc EndOffset="2017" SrcFileId="2" StartOffset="1974"/>
</LocList>
</BasicStmnt>
</StmntSeq>
</Branch>
<Branch CovItemId="B12" CovItemPrefix="com.OriginalFiles.Piece.java" Implct="true" Intrnl_Id="806">
<Cond/>
<LocList/>
<StmntSeq Intrnl_Id="807">
<LocList/>
</StmntSeq>
</Branch>
<Keyword EndOffset="1929" SrcFileId="2" StartOffset="1927"/>
<LocList>
<Loc EndOffset="2032" SrcFileId="2" StartOffset="1927"/>
</LocList>
<RootTerm CovItemId="C6" CovItemPrefix="com.OriginalFiles.Piece.java" Intrnl_Id="808">
<BasicBoolTerm Intrnl_Id="809">
<LocList>
<Loc EndOffset="1953" SrcFileId="2" StartOffset="1931"/>
</LocList>
</BasicBoolTerm>
</RootTerm>
</CondStmnt>
<CondStmnt CovItemId="S38" CovItemPrefix="com.OriginalFiles.Piece.java" Intrnl_Id="810">
<Branch CovItemId="B13" CovItemPrefix="com.OriginalFiles.Piece.java" Implct="false" Intrnl_Id="811">
<Cond/>
<LocList>
<Loc EndOffset="2469" SrcFileId="2" StartOffset="2281"/>
</LocList>
<StmntSeq Intrnl_Id="812">
<LocList>
<Loc EndOffset="2403" SrcFileId="2" StartOffset="2300"/>
<Loc EndOffset="2454" SrcFileId="2" StartOffset="2421"/>
</LocList>
<CondStmnt CovItemId="S39" CovItemPrefix="com.OriginalFiles.Piece.java" Intrnl_Id="813">
<Branch CovItemId="B15" CovItemPrefix="com.OriginalFiles.Piece.java" Implct="false" Intrnl_Id="814">
<Cond/>
<LocList>
<Loc EndOffset="2403" SrcFileId="2" StartOffset="2328"/>
</LocList>
<StmntSeq Intrnl_Id="815">
<LocList>
<Loc EndOffset="2384" SrcFileId="2" StartOffset="2351"/>
</LocList>
<BasicStmnt CovItemId="S40" CovItemPrefix="com.OriginalFiles.Piece.java" Intrnl_Id="816">
<LocList>
<Loc EndOffset="2384" SrcFileId="2" StartOffset="2351"/>
</LocList>
</BasicStmnt>
</StmntSeq>
</Branch>
<Branch CovItemId="B16" CovItemPrefix="com.OriginalFiles.Piece.java" Implct="true" Intrnl_Id="817">
<Cond/>
<LocList/>
<StmntSeq Intrnl_Id="818">
<LocList/>
</StmntSeq>
</Branch>
<Keyword EndOffset="2302" SrcFileId="2" StartOffset="2300"/>
<LocList>
<Loc EndOffset="2403" SrcFileId="2" StartOffset="2300"/>
</LocList>
<RootTerm CovItemId="C8" CovItemPrefix="com.OriginalFiles.Piece.java" Intrnl_Id="819">
<BasicBoolTerm Intrnl_Id="820">
<LocList>
<Loc EndOffset="2326" SrcFileId="2" StartOffset="2304"/>
</LocList>
</BasicBoolTerm>
</RootTerm>
</CondStmnt>
<BasicStmnt CovItemId="S41" CovItemPrefix="com.OriginalFiles.Piece.java" Intrnl_Id="821">
<LocList>
<Loc EndOffset="2454" SrcFileId="2" StartOffset="2421"/>
</LocList>
</BasicStmnt>
</StmntSeq>
</Branch>
<Branch CovItemId="B14" CovItemPrefix="com.OriginalFiles.Piece.java" Implct="true" Intrnl_Id="822">
<Cond/>
<LocList/>
<StmntSeq Intrnl_Id="823">
<LocList/>
</StmntSeq>
</Branch>
<Keyword EndOffset="2050" SrcFileId="2" StartOffset="2048"/>
<LocList>
<Loc EndOffset="2469" SrcFileId="2" StartOffset="2048"/>
</LocList>
<RootTerm CovItemId="C7" CovItemPrefix="com.OriginalFiles.Piece.java" Intrnl_Id="824">
<OpTerm BooleanOpId="10" Intrnl_Id="825">
<OpTerm BooleanOpId="9" Intrnl_Id="826">
<BasicBoolTerm Intrnl_Id="827">
<LocList>
<Loc EndOffset="2062" SrcFileId="2" StartOffset="2053"/>
</LocList>
</BasicBoolTerm>
<LocList>
<Loc EndOffset="2053" SrcFileId="2" StartOffset="2052"/>
</LocList>
</OpTerm>
<OpTerm BooleanOpId="11" Intrnl_Id="828">
<OpTerm BooleanOpId="10" Intrnl_Id="829">
<BasicBoolTerm Intrnl_Id="830">
<LocList>
<Loc EndOffset="2130" SrcFileId="2" StartOffset="2089"/>
</LocList>
</BasicBoolTerm>
<BasicBoolTerm Intrnl_Id="831">
<LocList>
<Loc EndOffset="2169" SrcFileId="2" StartOffset="2163"/>
</LocList>
</BasicBoolTerm>
<LocList>
<Loc EndOffset="2162" SrcFileId="2" StartOffset="2160"/>
</LocList>
</OpTerm>
<OpTerm BooleanOpId="10" Intrnl_Id="832">
<BasicBoolTerm Intrnl_Id="833">
<LocList>
<Loc EndOffset="2238" SrcFileId="2" StartOffset="2196"/>
</LocList>
</BasicBoolTerm>
<BasicBoolTerm Intrnl_Id="834">
<LocList>
<Loc EndOffset="2277" SrcFileId="2" StartOffset="2271"/>
</LocList>
</BasicBoolTerm>
<LocList>
<Loc EndOffset="2270" SrcFileId="2" StartOffset="2268"/>
</LocList>
</OpTerm>
<LocList>
<Loc EndOffset="2194" SrcFileId="2" StartOffset="2192"/>
</LocList>
</OpTerm>
<LocList>
<Loc EndOffset="2086" SrcFileId="2" StartOffset="2084"/>
</LocList>
</OpTerm>
</RootTerm>
</CondStmnt>
<CondStmnt CovItemId="S42" CovItemPrefix="com.OriginalFiles.Piece.java" Intrnl_Id="835">
<Branch CovItemId="B17" CovItemPrefix="com.OriginalFiles.Piece.java" Implct="false" Intrnl_Id="836">
<Cond/>
<LocList>
<Loc EndOffset="2557" SrcFileId="2" StartOffset="2498"/>
</LocList>
<StmntSeq Intrnl_Id="837">
<LocList>
<Loc EndOffset="2542" SrcFileId="2" StartOffset="2517"/>
</LocList>
<BasicStmnt CovItemId="S43" CovItemPrefix="com.OriginalFiles.Piece.java" Intrnl_Id="838">
<LocList>
<Loc EndOffset="2542" SrcFileId="2" StartOffset="2517"/>
</LocList>
</BasicStmnt>
</StmntSeq>
</Branch>
<Branch CovItemId="B18" CovItemPrefix="com.OriginalFiles.Piece.java" Implct="true" Intrnl_Id="839">
<Cond/>
<LocList/>
<StmntSeq Intrnl_Id="840">
<LocList/>
</StmntSeq>
</Branch>
<Keyword EndOffset="2485" SrcFileId="2" StartOffset="2483"/>
<LocList>
<Loc EndOffset="2557" SrcFileId="2" StartOffset="2483"/>
</LocList>
<RootTerm CovItemId="C9" CovItemPrefix="com.OriginalFiles.Piece.java" Intrnl_Id="841">
<BasicBoolTerm Intrnl_Id="842">
<LocList>
<Loc EndOffset="2496" SrcFileId="2" StartOffset="2487"/>
</LocList>
</BasicBoolTerm>
</RootTerm>
</CondStmnt>
<BasicStmnt CovItemId="S44" CovItemPrefix="com.OriginalFiles.Piece.java" Intrnl_Id="843">
<LocList>
<Loc EndOffset="2598" SrcFileId="2" StartOffset="2571"/>
</LocList>
</BasicStmnt>
</StmntSeq>
</Branch>
<Branch CovItemId="B8" CovItemPrefix="com.OriginalFiles.Piece.java" Implct="true" Intrnl_Id="844">
<Cond/>
<LocList/>
<StmntSeq Intrnl_Id="845">
<LocList/>
</StmntSeq>
</Branch>
<Keyword EndOffset="1638" SrcFileId="2" StartOffset="1636"/>
<LocList>
<Loc EndOffset="2609" SrcFileId="2" StartOffset="1636"/>
</LocList>
<RootTerm CovItemId="C4" CovItemPrefix="com.OriginalFiles.Piece.java" Intrnl_Id="846">
<BasicBoolTerm Intrnl_Id="847">
<LocList>
<Loc EndOffset="1651" SrcFileId="2" StartOffset="1640"/>
</LocList>
</BasicBoolTerm>
</RootTerm>
</CondStmnt>
</StmntSeq>
</HierarchyLvl>
<HierarchyLvl HierarchyLvlId="424" HierarchyLvlTypeId="14" Intrnl_Id="848" Name="closestPiece">
<Header>
<Loc EndOffset="2650" SrcFileId="2" StartOffset="2624"/>
</Header>
<LocList>
<Loc EndOffset="3408" SrcFileId="2" StartOffset="2624"/>
</LocList>
<StmntSeq Intrnl_Id="849">
<LocList>
<Loc EndOffset="2684" SrcFileId="2" StartOffset="2662"/>
<Loc EndOffset="2711" SrcFileId="2" StartOffset="2694"/>
<Loc EndOffset="3375" SrcFileId="2" StartOffset="2721"/>
<Loc EndOffset="3401" SrcFileId="2" StartOffset="3385"/>
</LocList>
<BasicStmnt CovItemId="S45" CovItemPrefix="com.OriginalFiles.Piece.java" Intrnl_Id="850">
<LocList>
<Loc EndOffset="2684" SrcFileId="2" StartOffset="2662"/>
</LocList>
</BasicStmnt>
<BasicStmnt CovItemId="S46" CovItemPrefix="com.OriginalFiles.Piece.java" Intrnl_Id="851">
<LocList>
<Loc EndOffset="2711" SrcFileId="2" StartOffset="2694"/>
</LocList>
</BasicStmnt>
<LoopStmnt CovItemId="S47" CovItemPrefix="com.OriginalFiles.Piece.java" Intrnl_Id="852" MltplExecId="L1-2" MltplExecPrefix="com.OriginalFiles.Piece.java" NvrExecId="L1-0" NvrExecPrefix="com.OriginalFiles.Piece.java" OnceExecutedId="L1-1" OnceExecutedPrefix="com.OriginalFiles.Piece.java" OptBodyExec="true">
<StmntSeq Intrnl_Id="853">
<LocList>
<Loc EndOffset="2781" SrcFileId="2" StartOffset="2767"/>
<Loc EndOffset="3364" SrcFileId="2" StartOffset="2795"/>
</LocList>
<BasicStmnt CovItemId="S48" CovItemPrefix="com.OriginalFiles.Piece.java" Intrnl_Id="854">
<LocList>
<Loc EndOffset="2781" SrcFileId="2" StartOffset="2767"/>
</LocList>
</BasicStmnt>
<LoopStmnt CovItemId="S49" CovItemPrefix="com.OriginalFiles.Piece.java" Intrnl_Id="855" MltplExecId="L2-2" MltplExecPrefix="com.OriginalFiles.Piece.java" NvrExecId="L2-0" NvrExecPrefix="com.OriginalFiles.Piece.java" OnceExecutedId="L2-1" OnceExecutedPrefix="com.OriginalFiles.Piece.java" OptBodyExec="true">
<StmntSeq Intrnl_Id="856">
<LocList>
<Loc EndOffset="3349" SrcFileId="2" StartOffset="2872"/>
</LocList>
<LoopStmnt CovItemId="S50" CovItemPrefix="com.OriginalFiles.Piece.java" Intrnl_Id="857" MltplExecId="L3-2" MltplExecPrefix="com.OriginalFiles.Piece.java" NvrExecId="L3-0" NvrExecPrefix="com.OriginalFiles.Piece.java" OnceExecutedId="L3-1" OnceExecutedPrefix="com.OriginalFiles.Piece.java" OptBodyExec="true">
<StmntSeq Intrnl_Id="858">
<LocList>
<Loc EndOffset="3330" SrcFileId="2" StartOffset="2942"/>
</LocList>
<CondStmnt CovItemId="S51" CovItemPrefix="com.OriginalFiles.Piece.java" Intrnl_Id="859">
<Branch CovItemId="B19" CovItemPrefix="com.OriginalFiles.Piece.java" Implct="false" Intrnl_Id="860">
<Cond/>
<LocList>
<Loc EndOffset="3330" SrcFileId="2" StartOffset="3017"/>
</LocList>
<StmntSeq Intrnl_Id="861">
<LocList>
<Loc EndOffset="3307" SrcFileId="2" StartOffset="3044"/>
</LocList>
<CondStmnt CovItemId="S52" CovItemPrefix="com.OriginalFiles.Piece.java" Intrnl_Id="862">
<Branch CovItemId="B21" CovItemPrefix="com.OriginalFiles.Piece.java" Implct="false" Intrnl_Id="863">
<Cond/>
<LocList>
<Loc EndOffset="3307" SrcFileId="2" StartOffset="3190"/>
</LocList>
<StmntSeq Intrnl_Id="864">
<LocList>
<Loc EndOffset="3234" SrcFileId="2" StartOffset="3221"/>
<Loc EndOffset="3280" SrcFileId="2" StartOffset="3264"/>
</LocList>
<BasicStmnt CovItemId="S53" CovItemPrefix="com.OriginalFiles.Piece.java" Intrnl_Id="865">
<LocList>
<Loc EndOffset="3234" SrcFileId="2" StartOffset="3221"/>
</LocList>
</BasicStmnt>
<BasicStmnt CovItemId="S54" CovItemPrefix="com.OriginalFiles.Piece.java" Intrnl_Id="866">
<LocList>
<Loc EndOffset="3280" SrcFileId="2" StartOffset="3264"/>
</LocList>
</BasicStmnt>
</StmntSeq>
</Branch>
<Branch CovItemId="B22" CovItemPrefix="com.OriginalFiles.Piece.java" Implct="true" Intrnl_Id="867">
<Cond/>
<LocList/>
<StmntSeq Intrnl_Id="868">
<LocList/>
</StmntSeq>
</Branch>
<Keyword EndOffset="3046" SrcFileId="2" StartOffset="3044"/>
<LocList>
<Loc EndOffset="3307" SrcFileId="2" StartOffset="3044"/>
</LocList>
<RootTerm CovItemId="C14" CovItemPrefix="com.OriginalFiles.Piece.java" Intrnl_Id="869">
<BasicBoolTerm Intrnl_Id="870">
<LocList>
<Loc EndOffset="3188" SrcFileId="2" StartOffset="3048"/>
</LocList>
</BasicBoolTerm>
</RootTerm>
</CondStmnt>
</StmntSeq>
</Branch>
<Branch CovItemId="B20" CovItemPrefix="com.OriginalFiles.Piece.java" Implct="true" Intrnl_Id="871">
<Cond/>
<LocList/>
<StmntSeq Intrnl_Id="872">
<LocList/>
</StmntSeq>
</Branch>
<Keyword EndOffset="2944" SrcFileId="2" StartOffset="2942"/>
<LocList>
<Loc EndOffset="3330" SrcFileId="2" StartOffset="2942"/>
</LocList>
<RootTerm CovItemId="C13" CovItemPrefix="com.OriginalFiles.Piece.java" Intrnl_Id="873">
<BasicBoolTerm Intrnl_Id="874">
<LocList>
<Loc EndOffset="3015" SrcFileId="2" StartOffset="2946"/>
</LocList>
</BasicBoolTerm>
</RootTerm>
</CondStmnt>
</StmntSeq>
<Keyword EndOffset="2875" SrcFileId="2" StartOffset="2872"/>
<LocList>
<Loc EndOffset="3349" SrcFileId="2" StartOffset="2872"/>
</LocList>
<RootTerm CovItemId="C12" CovItemPrefix="com.OriginalFiles.Piece.java" Intrnl_Id="875">
<BasicBoolTerm Intrnl_Id="876">
<LocList>
<Loc EndOffset="2912" SrcFileId="2" StartOffset="2896"/>
</LocList>
</BasicBoolTerm>
</RootTerm>
</LoopStmnt>
</StmntSeq>
<Keyword EndOffset="2809" SrcFileId="2" StartOffset="2806"/>
<LocList>
<Loc EndOffset="3364" SrcFileId="2" StartOffset="2795"/>
</LocList>
<RootTerm CovItemId="C11" CovItemPrefix="com.OriginalFiles.Piece.java" Intrnl_Id="877">
<BasicBoolTerm Intrnl_Id="878">
<LocList>
<Loc EndOffset="2846" SrcFileId="2" StartOffset="2830"/>
</LocList>
</BasicBoolTerm>
</RootTerm>
</LoopStmnt>
</StmntSeq>
<Keyword EndOffset="2726" SrcFileId="2" StartOffset="2721"/>
<LocList>
<Loc EndOffset="3375" SrcFileId="2" StartOffset="2721"/>
</LocList>
<RootTerm CovItemId="C10" CovItemPrefix="com.OriginalFiles.Piece.java" Intrnl_Id="879">
<OpTerm BooleanOpId="10" Intrnl_Id="880">
<OpTerm BooleanOpId="9" Intrnl_Id="881">
<BasicBoolTerm Intrnl_Id="882">
<LocList>
<Loc EndOffset="2734" SrcFileId="2" StartOffset="2729"/>
</LocList>
</BasicBoolTerm>
<LocList>
<Loc EndOffset="2729" SrcFileId="2" StartOffset="2728"/>
</LocList>
</OpTerm>
<BasicBoolTerm Intrnl_Id="883">
<LocList>
<Loc EndOffset="2750" SrcFileId="2" StartOffset="2738"/>
</LocList>
</BasicBoolTerm>
<LocList>
<Loc EndOffset="2737" SrcFileId="2" StartOffset="2735"/>
</LocList>
</OpTerm>
</RootTerm>
</LoopStmnt>
<BasicStmnt CovItemId="S55" CovItemPrefix="com.OriginalFiles.Piece.java" Intrnl_Id="884">
<LocList>
<Loc EndOffset="3401" SrcFileId="2" StartOffset="3385"/>
</LocList>
</BasicStmnt>
</StmntSeq>
</HierarchyLvl>
</HierarchyLvl>
<HierarchyLvl HierarchyLvlId="431" HierarchyLvlTypeId="13" Intrnl_Id="885" Name="Move">
<Header>
<Loc EndOffset="102" SrcFileId="3" StartOffset="85"/>
</Header>
<LocList>
<Loc EndOffset="1195" SrcFileId="3" StartOffset="85"/>
</LocList>
<StmntSeq Intrnl_Id="886">
<LocList>
<Loc EndOffset="227" SrcFileId="3" StartOffset="171"/>
<Loc EndOffset="270" SrcFileId="3" StartOffset="233"/>
</LocList>
<BasicStmnt CovItemId="S1" CovItemPrefix="com.OriginalFiles.Move.java" Intrnl_Id="887">
<LocList>
<Loc EndOffset="227" SrcFileId="3" StartOffset="171"/>
</LocList>
</BasicStmnt>
<BasicStmnt CovItemId="S2" CovItemPrefix="com.OriginalFiles.Move.java" Intrnl_Id="888">
<LocList>
<Loc EndOffset="270" SrcFileId="3" StartOffset="233"/>
</LocList>
</BasicStmnt>
</StmntSeq>
<HierarchyLvl HierarchyLvlId="426" HierarchyLvlTypeId="14" Intrnl_Id="889" Name="Move">
<Header>
<Loc EndOffset="336" SrcFileId="3" StartOffset="278"/>
</Header>
<LocList>
<Loc EndOffset="544" SrcFileId="3" StartOffset="278"/>
</LocList>
<StmntSeq Intrnl_Id="890">
<LocList>
<Loc EndOffset="396" SrcFileId="3" StartOffset="348"/>
<Loc EndOffset="431" SrcFileId="3" StartOffset="406"/>
<Loc EndOffset="464" SrcFileId="3" StartOffset="441"/>
<Loc EndOffset="498" SrcFileId="3" StartOffset="474"/>
<Loc EndOffset="537" SrcFileId="3" StartOffset="508"/>
</LocList>
<BasicStmnt CovItemId="S3" CovItemPrefix="com.OriginalFiles.Move.java" Intrnl_Id="891">
<LocList>
<Loc EndOffset="396" SrcFileId="3" StartOffset="348"/>
</LocList>
</BasicStmnt>
<BasicStmnt CovItemId="S4" CovItemPrefix="com.OriginalFiles.Move.java" Intrnl_Id="892">
<LocList>
<Loc EndOffset="431" SrcFileId="3" StartOffset="406"/>
</LocList>
</BasicStmnt>
<BasicStmnt CovItemId="S5" CovItemPrefix="com.OriginalFiles.Move.java" Intrnl_Id="893">
<LocList>
<Loc EndOffset="464" SrcFileId="3" StartOffset="441"/>
</LocList>
</BasicStmnt>
<BasicStmnt CovItemId="S6" CovItemPrefix="com.OriginalFiles.Move.java" Intrnl_Id="894">
<LocList>
<Loc EndOffset="498" SrcFileId="3" StartOffset="474"/>
</LocList>
</BasicStmnt>
<BasicStmnt CovItemId="S7" CovItemPrefix="com.OriginalFiles.Move.java" Intrnl_Id="895">
<LocList>
<Loc EndOffset="537" SrcFileId="3" StartOffset="508"/>
</LocList>
</BasicStmnt>
</StmntSeq>
</HierarchyLvl>
<HierarchyLvl HierarchyLvlId="427" HierarchyLvlTypeId="14" Intrnl_Id="896" Name="Move">
<Header>
<Loc EndOffset="604" SrcFileId="3" StartOffset="552"/>
</Header>
<LocList>
<Loc EndOffset="686" SrcFileId="3" StartOffset="552"/>
</LocList>
<StmntSeq Intrnl_Id="897">
<LocList>
<Loc EndOffset="640" SrcFileId="3" StartOffset="616"/>
<Loc EndOffset="679" SrcFileId="3" StartOffset="650"/>
</LocList>
<BasicStmnt CovItemId="S8" CovItemPrefix="com.OriginalFiles.Move.java" Intrnl_Id="898">
<LocList>
<Loc EndOffset="640" SrcFileId="3" StartOffset="616"/>
</LocList>
</BasicStmnt>
<BasicStmnt CovItemId="S9" CovItemPrefix="com.OriginalFiles.Move.java" Intrnl_Id="899">
<LocList>
<Loc EndOffset="679" SrcFileId="3" StartOffset="650"/>
</LocList>
</BasicStmnt>
</StmntSeq>
</HierarchyLvl>
<HierarchyLvl HierarchyLvlId="428" HierarchyLvlTypeId="14" Intrnl_Id="900" Name="Move">
<Header>
<Loc EndOffset="707" SrcFileId="3" StartOffset="694"/>
</Header>
<LocList>
<Loc EndOffset="808" SrcFileId="3" StartOffset="694"/>
</LocList>
<StmntSeq Intrnl_Id="901">
<LocList>
<Loc EndOffset="767" SrcFileId="3" StartOffset="719"/>
<Loc EndOffset="801" SrcFileId="3" StartOffset="777"/>
</LocList>
<BasicStmnt CovItemId="S10" CovItemPrefix="com.OriginalFiles.Move.java" Intrnl_Id="902">
<LocList>
<Loc EndOffset="767" SrcFileId="3" StartOffset="719"/>
</LocList>
</BasicStmnt>
<BasicStmnt CovItemId="S11" CovItemPrefix="com.OriginalFiles.Move.java" Intrnl_Id="903">
<LocList>
<Loc EndOffset="801" SrcFileId="3" StartOffset="777"/>
</LocList>
</BasicStmnt>
</StmntSeq>
</HierarchyLvl>
<HierarchyLvl HierarchyLvlId="429" HierarchyLvlTypeId="14" Intrnl_Id="904" Name="isJump">
<Header>
<Loc EndOffset="845" SrcFileId="3" StartOffset="816"/>
</Header>
<LocList>
<Loc EndOffset="1107" SrcFileId="3" StartOffset="816"/>
</LocList>
<StmntSeq Intrnl_Id="905">
<LocList>
<Loc EndOffset="1100" SrcFileId="3" StartOffset="857"/>
</LocList>
<CondStmnt CovItemId="S12" CovItemPrefix="com.OriginalFiles.Move.java" Intrnl_Id="906">
<Branch CovItemId="B1" CovItemPrefix="com.OriginalFiles.Move.java" Implct="false" Intrnl_Id="907">
<Cond/>
<LocList>
<Loc EndOffset="1055" SrcFileId="3" StartOffset="880"/>
</LocList>
<StmntSeq Intrnl_Id="908">
<LocList>
<Loc EndOffset="919" SrcFileId="3" StartOffset="895"/>
<Loc EndOffset="960" SrcFileId="3" StartOffset="933"/>
<Loc EndOffset="1044" SrcFileId="3" StartOffset="976"/>
</LocList>
<BasicStmnt CovItemId="S13" CovItemPrefix="com.OriginalFiles.Move.java" Intrnl_Id="909">
<LocList>
<Loc EndOffset="919" SrcFileId="3" StartOffset="895"/>
</LocList>
</BasicStmnt>
<BasicStmnt CovItemId="S14" CovItemPrefix="com.OriginalFiles.Move.java" Intrnl_Id="910">
<LocList>
<Loc EndOffset="960" SrcFileId="3" StartOffset="933"/>
</LocList>
</BasicStmnt>
<BasicStmnt CovItemId="S15" CovItemPrefix="com.OriginalFiles.Move.java" Intrnl_Id="911">
<LocList>
<Loc EndOffset="1044" SrcFileId="3" StartOffset="976"/>
</LocList>
</BasicStmnt>
</StmntSeq>
</Branch>
<Branch CovItemId="B2" CovItemPrefix="com.OriginalFiles.Move.java" Implct="false" Intrnl_Id="912">
<Cond>
<Loc EndOffset="1060" SrcFileId="3" StartOffset="1056"/>
</Cond>
<LocList>
<Loc EndOffset="1100" SrcFileId="3" StartOffset="1061"/>
</LocList>
<StmntSeq Intrnl_Id="913">
<LocList>
<Loc EndOffset="1089" SrcFileId="3" StartOffset="1076"/>
</LocList>
<BasicStmnt CovItemId="S16" CovItemPrefix="com.OriginalFiles.Move.java" Intrnl_Id="914">
<LocList>
<Loc EndOffset="1089" SrcFileId="3" StartOffset="1076"/>
</LocList>
</BasicStmnt>
</StmntSeq>
</Branch>
<Keyword EndOffset="859" SrcFileId="3" StartOffset="857"/>
<LocList>
<Loc EndOffset="1100" SrcFileId="3" StartOffset="857"/>
</LocList>
<RootTerm CovItemId="C1" CovItemPrefix="com.OriginalFiles.Move.java" Intrnl_Id="915">
<BasicBoolTerm Intrnl_Id="916">
<LocList>
<Loc EndOffset="878" SrcFileId="3" StartOffset="861"/>
</LocList>
</BasicBoolTerm>
</RootTerm>
</CondStmnt>
</StmntSeq>
</HierarchyLvl>
<HierarchyLvl HierarchyLvlId="430" HierarchyLvlTypeId="14" Intrnl_Id="917" Name="addStep">
<Header>
<Loc EndOffset="1152" SrcFileId="3" StartOffset="1115"/>
</Header>
<LocList>
<Loc EndOffset="1192" SrcFileId="3" StartOffset="1115"/>
</LocList>
<StmntSeq Intrnl_Id="918">
<LocList>
<Loc EndOffset="1185" SrcFileId="3" StartOffset="1164"/>
</LocList>
<BasicStmnt CovItemId="S17" CovItemPrefix="com.OriginalFiles.Move.java" Intrnl_Id="919">
<LocList>
<Loc EndOffset="1185" SrcFileId="3" StartOffset="1164"/>
</LocList>
</BasicStmnt>
</StmntSeq>
</HierarchyLvl>
</HierarchyLvl>
<HierarchyLvl HierarchyLvlId="442" HierarchyLvlTypeId="13" Intrnl_Id="920" Name="MI">
<Header>
<Loc EndOffset="167" SrcFileId="4" StartOffset="152"/>
</Header>
<LocList>
<Loc EndOffset="10435" SrcFileId="4" StartOffset="152"/>
</LocList>
<StmntSeq Intrnl_Id="921">
<LocList>
<Loc EndOffset="253" SrcFileId="4" StartOffset="217"/>
<Loc EndOffset="317" SrcFileId="4" StartOffset="259"/>
<Loc EndOffset="498" SrcFileId="4" StartOffset="451"/>
<Loc EndOffset="551" SrcFileId="4" StartOffset="504"/>
<Loc EndOffset="3081" SrcFileId="4" StartOffset="3048"/>
<Loc EndOffset="3185" SrcFileId="4" StartOffset="3150"/>
<Loc EndOffset="3225" SrcFileId="4" StartOffset="3191"/>
<Loc EndOffset="3277" SrcFileId="4" StartOffset="3233"/>
<Loc EndOffset="3317" SrcFileId="4" StartOffset="3285"/>
<Loc EndOffset="3355" SrcFileId="4" StartOffset="3323"/>
<Loc EndOffset="3394" SrcFileId="4" StartOffset="3361"/>
</LocList>
<BasicStmnt CovItemId="S1" CovItemPrefix="com.OriginalFiles.MI.java" Intrnl_Id="922">
<LocList>
<Loc EndOffset="253" SrcFileId="4" StartOffset="217"/>
</LocList>
</BasicStmnt>
<BasicStmnt CovItemId="S2" CovItemPrefix="com.OriginalFiles.MI.java" Intrnl_Id="923">
<LocList>
<Loc EndOffset="317" SrcFileId="4" StartOffset="259"/>
</LocList>
</BasicStmnt>
<BasicStmnt CovItemId="S5" CovItemPrefix="com.OriginalFiles.MI.java" Intrnl_Id="924">
<LocList>
<Loc EndOffset="498" SrcFileId="4" StartOffset="451"/>
</LocList>
</BasicStmnt>
<BasicStmnt CovItemId="S6" CovItemPrefix="com.OriginalFiles.MI.java" Intrnl_Id="925">
<LocList>
<Loc EndOffset="551" SrcFileId="4" StartOffset="504"/>
</LocList>
</BasicStmnt>
<BasicStmnt CovItemId="S45" CovItemPrefix="com.OriginalFiles.MI.java" Intrnl_Id="926">
<LocList>
<Loc EndOffset="3081" SrcFileId="4" StartOffset="3048"/>
</LocList>
</BasicStmnt>
<BasicStmnt CovItemId="S46" CovItemPrefix="com.OriginalFiles.MI.java" Intrnl_Id="927">
<LocList>
<Loc EndOffset="3185" SrcFileId="4" StartOffset="3150"/>
</LocList>
</BasicStmnt>
<BasicStmnt CovItemId="S47" CovItemPrefix="com.OriginalFiles.MI.java" Intrnl_Id="928">
<LocList>
<Loc EndOffset="3225" SrcFileId="4" StartOffset="3191"/>
</LocList>
</BasicStmnt>
<BasicStmnt CovItemId="S48" CovItemPrefix="com.OriginalFiles.MI.java" Intrnl_Id="929">
<LocList>
<Loc EndOffset="3277" SrcFileId="4" StartOffset="3233"/>
</LocList>
</BasicStmnt>
<BasicStmnt CovItemId="S49" CovItemPrefix="com.OriginalFiles.MI.java" Intrnl_Id="930">
<LocList>
<Loc EndOffset="3317" SrcFileId="4" StartOffset="3285"/>
</LocList>
</BasicStmnt>
<BasicStmnt CovItemId="S50" CovItemPrefix="com.OriginalFiles.MI.java" Intrnl_Id="931">
<LocList>
<Loc EndOffset="3355" SrcFileId="4" StartOffset="3323"/>
</LocList>
</BasicStmnt>
<BasicStmnt CovItemId="S51" CovItemPrefix="com.OriginalFiles.MI.java" Intrnl_Id="932">
<LocList>
<Loc EndOffset="3394" SrcFileId="4" StartOffset="3361"/>
</LocList>
</BasicStmnt>
</StmntSeq>
<HierarchyLvl HierarchyLvlId="432" HierarchyLvlTypeId="14" Intrnl_Id="933" Name="MI">
<Header>
<Loc EndOffset="367" SrcFileId="4" StartOffset="323"/>
</Header>
<LocList>
<Loc EndOffset="443" SrcFileId="4" StartOffset="323"/>
</LocList>
<StmntSeq Intrnl_Id="934">
<LocList>
<Loc EndOffset="406" SrcFileId="4" StartOffset="379"/>
<Loc EndOffset="434" SrcFileId="4" StartOffset="416"/>
</LocList>
<BasicStmnt CovItemId="S3" CovItemPrefix="com.OriginalFiles.MI.java" Intrnl_Id="935">
<LocList>
<Loc EndOffset="406" SrcFileId="4" StartOffset="379"/>
</LocList>
</BasicStmnt>
<BasicStmnt CovItemId="S4" CovItemPrefix="com.OriginalFiles.MI.java" Intrnl_Id="936">
<LocList>
<Loc EndOffset="434" SrcFileId="4" StartOffset="416"/>
</LocList>
</BasicStmnt>
</StmntSeq>
</HierarchyLvl>
<HierarchyLvl HierarchyLvlId="433" HierarchyLvlTypeId="14" Intrnl_Id="937" Name="updatePieceList">
<Header>
<Loc EndOffset="589" SrcFileId="4" StartOffset="559"/>
</Header>
<LocList>
<Loc EndOffset="1081" SrcFileId="4" StartOffset="559"/>
</LocList>
<StmntSeq Intrnl_Id="938">
<LocList>
<Loc EndOffset="619" SrcFileId="4" StartOffset="601"/>
<Loc EndOffset="647" SrcFileId="4" StartOffset="629"/>
<Loc EndOffset="1074" SrcFileId="4" StartOffset="657"/>
</LocList>
<BasicStmnt CovItemId="S7" CovItemPrefix="com.OriginalFiles.MI.java" Intrnl_Id="939">
<LocList>
<Loc EndOffset="619" SrcFileId="4" StartOffset="601"/>
</LocList>
</BasicStmnt>
<BasicStmnt CovItemId="S8" CovItemPrefix="com.OriginalFiles.MI.java" Intrnl_Id="940">
<LocList>
<Loc EndOffset="647" SrcFileId="4" StartOffset="629"/>
</LocList>
</BasicStmnt>
<LoopStmnt CovItemId="S9" CovItemPrefix="com.OriginalFiles.MI.java" Intrnl_Id="941" MltplExecId="L1-2" MltplExecPrefix="com.OriginalFiles.MI.java" NvrExecId="L1-0" NvrExecPrefix="com.OriginalFiles.MI.java" OnceExecutedId="L1-1" OnceExecutedPrefix="com.OriginalFiles.MI.java" OptBodyExec="true">
<StmntSeq Intrnl_Id="942">
<LocList>
<Loc EndOffset="1063" SrcFileId="4" StartOffset="721"/>
</LocList>
<LoopStmnt CovItemId="S10" CovItemPrefix="com.OriginalFiles.MI.java" Intrnl_Id="943" MltplExecId="L2-2" MltplExecPrefix="com.OriginalFiles.MI.java" NvrExecId="L2-0" NvrExecPrefix="com.OriginalFiles.MI.java" OnceExecutedId="L2-1" OnceExecutedPrefix="com.OriginalFiles.MI.java" OptBodyExec="true">
<StmntSeq Intrnl_Id="944">
<LocList>
<Loc EndOffset="1048" SrcFileId="4" StartOffset="757"/>
</LocList>
<CondStmnt CovItemId="S11" CovItemPrefix="com.OriginalFiles.MI.java" Intrnl_Id="945">
<Branch CovItemId="B1" CovItemPrefix="com.OriginalFiles.MI.java" Implct="false" Intrnl_Id="946">
<Cond/>
<LocList>
<Loc EndOffset="1048" SrcFileId="4" StartOffset="775"/>
</LocList>
<StmntSeq Intrnl_Id="947">
<LocList>
<Loc EndOffset="1029" SrcFileId="4" StartOffset="798"/>
</LocList>
<CondStmnt CovItemId="S12" CovItemPrefix="com.OriginalFiles.MI.java" Intrnl_Id="948">
<Branch CovItemId="B3" CovItemPrefix="com.OriginalFiles.MI.java" Implct="false" Intrnl_Id="949">
<Cond/>
<LocList>
<Loc EndOffset="938" SrcFileId="4" StartOffset="853"/>
</LocList>
<StmntSeq Intrnl_Id="950">
<LocList>
<Loc EndOffset="915" SrcFileId="4" StartOffset="880"/>
</LocList>
<BasicStmnt CovItemId="S13" CovItemPrefix="com.OriginalFiles.MI.java" Intrnl_Id="951">
<LocList>
<Loc EndOffset="915" SrcFileId="4" StartOffset="880"/>
</LocList>
</BasicStmnt>
</StmntSeq>
</Branch>
<Branch CovItemId="B4" CovItemPrefix="com.OriginalFiles.MI.java" Implct="false" Intrnl_Id="952">
<Cond>
<Loc EndOffset="943" SrcFileId="4" StartOffset="939"/>
</Cond>
<LocList>
<Loc EndOffset="1029" SrcFileId="4" StartOffset="944"/>
</LocList>
<StmntSeq Intrnl_Id="953">
<LocList>
<Loc EndOffset="1006" SrcFileId="4" StartOffset="971"/>
</LocList>
<BasicStmnt CovItemId="S14" CovItemPrefix="com.OriginalFiles.MI.java" Intrnl_Id="954">
<LocList>
<Loc EndOffset="1006" SrcFileId="4" StartOffset="971"/>
</LocList>
</BasicStmnt>
</StmntSeq>
</Branch>
<Keyword EndOffset="800" SrcFileId="4" StartOffset="798"/>
<LocList>
<Loc EndOffset="1029" SrcFileId="4" StartOffset="798"/>
</LocList>
<RootTerm CovItemId="C2" CovItemPrefix="com.OriginalFiles.MI.java" Intrnl_Id="955">
<BasicBoolTerm Intrnl_Id="956">
<LocList>
<Loc EndOffset="851" SrcFileId="4" StartOffset="802"/>
</LocList>
</BasicBoolTerm>
</RootTerm>
</CondStmnt>
</StmntSeq>
</Branch>
<Branch CovItemId="B2" CovItemPrefix="com.OriginalFiles.MI.java" Implct="true" Intrnl_Id="957">
<Cond/>
<LocList/>
<StmntSeq Intrnl_Id="958">
<LocList/>
</StmntSeq>
</Branch>
<Keyword EndOffset="759" SrcFileId="4" StartOffset="757"/>
<LocList>
<Loc EndOffset="1048" SrcFileId="4" StartOffset="757"/>
</LocList>
<RootTerm CovItemId="C1" CovItemPrefix="com.OriginalFiles.MI.java" Intrnl_Id="959">
<OpTerm BooleanOpId="9" Intrnl_Id="960">
<BasicBoolTerm Intrnl_Id="961">
<LocList>
<Loc EndOffset="773" SrcFileId="4" StartOffset="762"/>
</LocList>
</BasicBoolTerm>
<LocList>
<Loc EndOffset="762" SrcFileId="4" StartOffset="761"/>
</LocList>
</OpTerm>
</RootTerm>
</CondStmnt>
</StmntSeq>
<Keyword EndOffset="724" SrcFileId="4" StartOffset="721"/>
<LocList>
<Loc EndOffset="1063" SrcFileId="4" StartOffset="721"/>
</LocList>
</LoopStmnt>
</StmntSeq>
<Keyword EndOffset="660" SrcFileId="4" StartOffset="657"/>
<LocList>
<Loc EndOffset="1074" SrcFileId="4" StartOffset="657"/>
</LocList>
</LoopStmnt>
</StmntSeq>
</HierarchyLvl>
<HierarchyLvl HierarchyLvlId="434" HierarchyLvlTypeId="14" Intrnl_Id="962" Name="lookForBestMove">
<Header>
<Loc EndOffset="1326" SrcFileId="4" StartOffset="1196"/>
</Header>
<LocList>
<Loc EndOffset="2124" SrcFileId="4" StartOffset="1196"/>
</LocList>
<StmntSeq Intrnl_Id="963">
<LocList>
<Loc EndOffset="1356" SrcFileId="4" StartOffset="1338"/>
<Loc EndOffset="1405" SrcFileId="4" StartOffset="1366"/>
<Loc EndOffset="1460" SrcFileId="4" StartOffset="1415"/>
<Loc EndOffset="1490" SrcFileId="4" StartOffset="1470"/>
<Loc EndOffset="1604" SrcFileId="4" StartOffset="1529"/>
<Loc EndOffset="2038" SrcFileId="4" StartOffset="1616"/>
<Loc EndOffset="2117" SrcFileId="4" StartOffset="2048"/>
</LocList>
<BasicStmnt CovItemId="S15" CovItemPrefix="com.OriginalFiles.MI.java" Intrnl_Id="964">
<LocList>
<Loc EndOffset="1356" SrcFileId="4" StartOffset="1338"/>
</LocList>
</BasicStmnt>
<BasicStmnt CovItemId="S16" CovItemPrefix="com.OriginalFiles.MI.java" Intrnl_Id="965">
<LocList>
<Loc EndOffset="1405" SrcFileId="4" StartOffset="1366"/>
</LocList>
</BasicStmnt>
<BasicStmnt CovItemId="S17" CovItemPrefix="com.OriginalFiles.MI.java" Intrnl_Id="966">
<LocList>
<Loc EndOffset="1460" SrcFileId="4" StartOffset="1415"/>
</LocList>
</BasicStmnt>
<BasicStmnt CovItemId="S18" CovItemPrefix="com.OriginalFiles.MI.java" Intrnl_Id="967">
<LocList>
<Loc EndOffset="1490" SrcFileId="4" StartOffset="1470"/>
</LocList>
</BasicStmnt>
<CondStmnt CovItemId="S19" CovItemPrefix="com.OriginalFiles.MI.java" Intrnl_Id="968">
<Branch CovItemId="B5" CovItemPrefix="com.OriginalFiles.MI.java" Implct="false" Intrnl_Id="969">
<Cond/>
<LocList>
<Loc EndOffset="1604" SrcFileId="4" StartOffset="1555"/>
</LocList>
<StmntSeq Intrnl_Id="970">
<LocList>
<Loc EndOffset="1593" SrcFileId="4" StartOffset="1570"/>
</LocList>
<BasicStmnt CovItemId="S20" CovItemPrefix="com.OriginalFiles.MI.java" Intrnl_Id="971">
<LocList>
<Loc EndOffset="1593" SrcFileId="4" StartOffset="1570"/>
</LocList>
</BasicStmnt>
</StmntSeq>
</Branch>
<Branch CovItemId="B6" CovItemPrefix="com.OriginalFiles.MI.java" Implct="true" Intrnl_Id="972">
<Cond/>
<LocList/>
<StmntSeq Intrnl_Id="973">
<LocList/>
</StmntSeq>
</Branch>
<Keyword EndOffset="1531" SrcFileId="4" StartOffset="1529"/>
<LocList>
<Loc EndOffset="1604" SrcFileId="4" StartOffset="1529"/>
</LocList>
<RootTerm CovItemId="C3" CovItemPrefix="com.OriginalFiles.MI.java" Intrnl_Id="974">
<BasicBoolTerm Intrnl_Id="975">
<LocList>
<Loc EndOffset="1553" SrcFileId="4" StartOffset="1533"/>
</LocList>
</BasicBoolTerm>
</RootTerm>
</CondStmnt>
<LoopStmnt CovItemId="S21" CovItemPrefix="com.OriginalFiles.MI.java" Intrnl_Id="976" MltplExecId="L3-2" MltplExecPrefix="com.OriginalFiles.MI.java" NvrExecId="L3-0" NvrExecPrefix="com.OriginalFiles.MI.java" OnceExecutedId="L3-1" OnceExecutedPrefix="com.OriginalFiles.MI.java" OptBodyExec="true">
<StmntSeq Intrnl_Id="977">
<LocList>
<Loc EndOffset="1677" SrcFileId="4" StartOffset="1658"/>
<Loc EndOffset="1751" SrcFileId="4" StartOffset="1693"/>
<Loc EndOffset="1778" SrcFileId="4" StartOffset="1765"/>
<Loc EndOffset="2027" SrcFileId="4" StartOffset="1794"/>
</LocList>
<BasicStmnt CovItemId="S22" CovItemPrefix="com.OriginalFiles.MI.java" Intrnl_Id="978">
<LocList>
<Loc EndOffset="1677" SrcFileId="4" StartOffset="1658"/>
</LocList>
</BasicStmnt>
<BasicStmnt CovItemId="S23" CovItemPrefix="com.OriginalFiles.MI.java" Intrnl_Id="979">
<LocList>
<Loc EndOffset="1751" SrcFileId="4" StartOffset="1693"/>
</LocList>
</BasicStmnt>
<BasicStmnt CovItemId="S24" CovItemPrefix="com.OriginalFiles.MI.java" Intrnl_Id="980">
<LocList>
<Loc EndOffset="1778" SrcFileId="4" StartOffset="1765"/>
</LocList>
</BasicStmnt>
<CondStmnt CovItemId="S25" CovItemPrefix="com.OriginalFiles.MI.java" Intrnl_Id="981">
<Branch CovItemId="B7" CovItemPrefix="com.OriginalFiles.MI.java" Implct="false" Intrnl_Id="982">
<Cond/>
<LocList>
<Loc EndOffset="1943" SrcFileId="4" StartOffset="1817"/>
</LocList>
<StmntSeq Intrnl_Id="983">
<LocList>
<Loc EndOffset="1854" SrcFileId="4" StartOffset="1836"/>
<Loc EndOffset="1890" SrcFileId="4" StartOffset="1872"/>
<Loc EndOffset="1928" SrcFileId="4" StartOffset="1908"/>
</LocList>
<BasicStmnt CovItemId="S26" CovItemPrefix="com.OriginalFiles.MI.java" Intrnl_Id="984">
<LocList>
<Loc EndOffset="1854" SrcFileId="4" StartOffset="1836"/>
</LocList>
</BasicStmnt>
<BasicStmnt CovItemId="S27" CovItemPrefix="com.OriginalFiles.MI.java" Intrnl_Id="985">
<LocList>
<Loc EndOffset="1890" SrcFileId="4" StartOffset="1872"/>
</LocList>
</BasicStmnt>
<BasicStmnt CovItemId="S28" CovItemPrefix="com.OriginalFiles.MI.java" Intrnl_Id="986">
<LocList>
<Loc EndOffset="1928" SrcFileId="4" StartOffset="1908"/>
</LocList>
</BasicStmnt>
</StmntSeq>
</Branch>
<Branch CovItemId="B8" CovItemPrefix="com.OriginalFiles.MI.java" Implct="false" Intrnl_Id="987">
<Cond>
<Loc EndOffset="1948" SrcFileId="4" StartOffset="1944"/>
</Cond>
<LocList>
<Loc EndOffset="2027" SrcFileId="4" StartOffset="1949"/>
</LocList>
<StmntSeq Intrnl_Id="988">
<LocList>
<Loc EndOffset="2027" SrcFileId="4" StartOffset="1949"/>
</LocList>
<CondStmnt CovItemId="S29" CovItemPrefix="com.OriginalFiles.MI.java" Intrnl_Id="989">
<Branch CovItemId="B9" CovItemPrefix="com.OriginalFiles.MI.java" Implct="false" Intrnl_Id="990">
<Cond/>
<LocList>
<Loc EndOffset="2027" SrcFileId="4" StartOffset="1973"/>
</LocList>
<StmntSeq Intrnl_Id="991">
<LocList>
<Loc EndOffset="2012" SrcFileId="4" StartOffset="1992"/>
</LocList>
<BasicStmnt CovItemId="S30" CovItemPrefix="com.OriginalFiles.MI.java" Intrnl_Id="992">
<LocList>
<Loc EndOffset="2012" SrcFileId="4" StartOffset="1992"/>
</LocList>
</BasicStmnt>
</StmntSeq>
</Branch>
<Branch CovItemId="B10" CovItemPrefix="com.OriginalFiles.MI.java" Implct="true" Intrnl_Id="993">
<Cond/>
<LocList/>
<StmntSeq Intrnl_Id="994">
<LocList/>
</StmntSeq>
</Branch>
<Keyword EndOffset="1951" SrcFileId="4" StartOffset="1949"/>
<LocList>
<Loc EndOffset="2027" SrcFileId="4" StartOffset="1949"/>
</LocList>
<RootTerm CovItemId="C5" CovItemPrefix="com.OriginalFiles.MI.java" Intrnl_Id="995">
<BasicBoolTerm Intrnl_Id="996">
<LocList>
<Loc EndOffset="1971" SrcFileId="4" StartOffset="1953"/>
</LocList>
</BasicBoolTerm>
</RootTerm>
</CondStmnt>
</StmntSeq>
</Branch>
<Keyword EndOffset="1796" SrcFileId="4" StartOffset="1794"/>
<LocList>
<Loc EndOffset="2027" SrcFileId="4" StartOffset="1794"/>
</LocList>
<RootTerm CovItemId="C4" CovItemPrefix="com.OriginalFiles.MI.java" Intrnl_Id="997">
<BasicBoolTerm Intrnl_Id="998">
<LocList>
<Loc EndOffset="1815" SrcFileId="4" StartOffset="1798"/>
</LocList>
</BasicBoolTerm>
</RootTerm>
</CondStmnt>
</StmntSeq>
<Keyword EndOffset="1619" SrcFileId="4" StartOffset="1616"/>
<LocList>
<Loc EndOffset="2038" SrcFileId="4" StartOffset="1616"/>
</LocList>
</LoopStmnt>
<BasicStmnt CovItemId="S31" CovItemPrefix="com.OriginalFiles.MI.java" Intrnl_Id="999">
<LocList>
<Loc EndOffset="2117" SrcFileId="4" StartOffset="2048"/>
</LocList>
</BasicStmnt>
</StmntSeq>
</HierarchyLvl>
<HierarchyLvl HierarchyLvlId="435" HierarchyLvlTypeId="14" Intrnl_Id="1000" Name="negaMax">
<Header>
<Loc EndOffset="2270" SrcFileId="4" StartOffset="2134"/>
</Header>
<LocList>
<Loc EndOffset="2998" SrcFileId="4" StartOffset="2134"/>
</LocList>
<StmntSeq Intrnl_Id="1001">
<LocList>
<Loc EndOffset="2493" SrcFileId="4" StartOffset="2311"/>
<Loc EndOffset="2558" SrcFileId="4" StartOffset="2530"/>
<Loc EndOffset="2594" SrcFileId="4" StartOffset="2570"/>
<Loc EndOffset="2943" SrcFileId="4" StartOffset="2604"/>
<Loc EndOffset="2991" SrcFileId="4" StartOffset="2974"/>
</LocList>
<CondStmnt CovItemId="S32" CovItemPrefix="com.OriginalFiles.MI.java" Intrnl_Id="1002">
<Branch CovItemId="B11" CovItemPrefix="com.OriginalFiles.MI.java" Implct="false" Intrnl_Id="1003">
<Cond/>
<LocList>
<Loc EndOffset="2493" SrcFileId="4" StartOffset="2436"/>
</LocList>
<StmntSeq Intrnl_Id="1004">
<LocList>
<Loc EndOffset="2482" SrcFileId="4" StartOffset="2451"/>
</LocList>
<BasicStmnt CovItemId="S33" CovItemPrefix="com.OriginalFiles.MI.java" Intrnl_Id="1005">
<LocList>
<Loc EndOffset="2482" SrcFileId="4" StartOffset="2451"/>
</LocList>
</BasicStmnt>
</StmntSeq>
</Branch>
<Branch CovItemId="B12" CovItemPrefix="com.OriginalFiles.MI.java" Implct="true" Intrnl_Id="1006">
<Cond/>
<LocList/>
<StmntSeq Intrnl_Id="1007">
<LocList/>
</StmntSeq>
</Branch>
<Keyword EndOffset="2313" SrcFileId="4" StartOffset="2311"/>
<LocList>
<Loc EndOffset="2493" SrcFileId="4" StartOffset="2311"/>
</LocList>
<RootTerm CovItemId="C6" CovItemPrefix="com.OriginalFiles.MI.java" Intrnl_Id="1008">
<OpTerm BooleanOpId="11" Intrnl_Id="1009">
<BasicBoolTerm Intrnl_Id="1010">
<LocList>
<Loc EndOffset="2325" SrcFileId="4" StartOffset="2315"/>
</LocList>
</BasicBoolTerm>
<BasicBoolTerm Intrnl_Id="1011">
<LocList>
<Loc EndOffset="2434" SrcFileId="4" StartOffset="2346"/>
</LocList>
</BasicBoolTerm>
<LocList>
<Loc EndOffset="2345" SrcFileId="4" StartOffset="2343"/>
</LocList>
</OpTerm>
</RootTerm>
</CondStmnt>
<BasicStmnt CovItemId="S34" CovItemPrefix="com.OriginalFiles.MI.java" Intrnl_Id="1012">
<LocList>
<Loc EndOffset="2558" SrcFileId="4" StartOffset="2530"/>
</LocList>
</BasicStmnt>
<BasicStmnt CovItemId="S35" CovItemPrefix="com.OriginalFiles.MI.java" Intrnl_Id="1013">
<LocList>
<Loc EndOffset="2594" SrcFileId="4" StartOffset="2570"/>
</LocList>
</BasicStmnt>
<LoopStmnt CovItemId="S36" CovItemPrefix="com.OriginalFiles.MI.java" Intrnl_Id="1014" MltplExecId="L4-2" MltplExecPrefix="com.OriginalFiles.MI.java" NvrExecId="L4-0" NvrExecPrefix="com.OriginalFiles.MI.java" OnceExecutedId="L4-1" OnceExecutedPrefix="com.OriginalFiles.MI.java" OptBodyExec="true">
<StmntSeq Intrnl_Id="1015">
<LocList>
<Loc EndOffset="2662" SrcFileId="4" StartOffset="2643"/>
<Loc EndOffset="2736" SrcFileId="4" StartOffset="2676"/>
<Loc EndOffset="2763" SrcFileId="4" StartOffset="2750"/>
<Loc EndOffset="2816" SrcFileId="4" StartOffset="2779"/>
<Loc EndOffset="2859" SrcFileId="4" StartOffset="2830"/>
<Loc EndOffset="2932" SrcFileId="4" StartOffset="2873"/>
</LocList>
<BasicStmnt CovItemId="S37" CovItemPrefix="com.OriginalFiles.MI.java" Intrnl_Id="1016">
<LocList>
<Loc EndOffset="2662" SrcFileId="4" StartOffset="2643"/>
</LocList>
</BasicStmnt>
<BasicStmnt CovItemId="S38" CovItemPrefix="com.OriginalFiles.MI.java" Intrnl_Id="1017">
<LocList>
<Loc EndOffset="2736" SrcFileId="4" StartOffset="2676"/>
</LocList>
</BasicStmnt>
<BasicStmnt CovItemId="S39" CovItemPrefix="com.OriginalFiles.MI.java" Intrnl_Id="1018">
<LocList>
<Loc EndOffset="2763" SrcFileId="4" StartOffset="2750"/>
</LocList>
</BasicStmnt>
<BasicStmnt CovItemId="S40" CovItemPrefix="com.OriginalFiles.MI.java" Intrnl_Id="1019">
<LocList>
<Loc EndOffset="2816" SrcFileId="4" StartOffset="2779"/>
</LocList>
</BasicStmnt>
<BasicStmnt CovItemId="S41" CovItemPrefix="com.OriginalFiles.MI.java" Intrnl_Id="1020">
<LocList>
<Loc EndOffset="2859" SrcFileId="4" StartOffset="2830"/>
</LocList>
</BasicStmnt>
<CondStmnt CovItemId="S42" CovItemPrefix="com.OriginalFiles.MI.java" Intrnl_Id="1021">
<Branch CovItemId="B13" CovItemPrefix="com.OriginalFiles.MI.java" Implct="false" Intrnl_Id="1022">
<Cond/>
<LocList>
<Loc EndOffset="2932" SrcFileId="4" StartOffset="2892"/>
</LocList>
<StmntSeq Intrnl_Id="1023">
<LocList>
<Loc EndOffset="2917" SrcFileId="4" StartOffset="2911"/>
</LocList>
<BasicStmnt CovItemId="S43" CovItemPrefix="com.OriginalFiles.MI.java" Intrnl_Id="1024">
<LocList>
<Loc EndOffset="2917" SrcFileId="4" StartOffset="2911"/>
</LocList>
</BasicStmnt>
</StmntSeq>
</Branch>
<Branch CovItemId="B14" CovItemPrefix="com.OriginalFiles.MI.java" Implct="true" Intrnl_Id="1025">
<Cond/>
<LocList/>
<StmntSeq Intrnl_Id="1026">
<LocList/>
</StmntSeq>
</Branch>
<Keyword EndOffset="2875" SrcFileId="4" StartOffset="2873"/>
<LocList>
<Loc EndOffset="2932" SrcFileId="4" StartOffset="2873"/>
</LocList>
<RootTerm CovItemId="C7" CovItemPrefix="com.OriginalFiles.MI.java" Intrnl_Id="1027">
<BasicBoolTerm Intrnl_Id="1028">
<LocList>
<Loc EndOffset="2890" SrcFileId="4" StartOffset="2877"/>
</LocList>
</BasicBoolTerm>
</RootTerm>
</CondStmnt>
</StmntSeq>
<Keyword EndOffset="2607" SrcFileId="4" StartOffset="2604"/>
<LocList>
<Loc EndOffset="2943" SrcFileId="4" StartOffset="2604"/>
</LocList>
</LoopStmnt>
<BasicStmnt CovItemId="S44" CovItemPrefix="com.OriginalFiles.MI.java" Intrnl_Id="1029">
<LocList>
<Loc EndOffset="2991" SrcFileId="4" StartOffset="2974"/>
</LocList>
</BasicStmnt>
</StmntSeq>
</HierarchyLvl>
<HierarchyLvl HierarchyLvlId="436" HierarchyLvlTypeId="14" Intrnl_Id="1030" Name="evaluation">
<Header>
<Loc EndOffset="3437" SrcFileId="4" StartOffset="3402"/>
</Header>
<LocList>
<Loc EndOffset="4355" SrcFileId="4" StartOffset="3402"/>
</LocList>
<StmntSeq Intrnl_Id="1031">
<LocList>
<Loc EndOffset="3473" SrcFileId="4" StartOffset="3449"/>
<Loc EndOffset="3509" SrcFileId="4" StartOffset="3485"/>
<Loc EndOffset="3644" SrcFileId="4" StartOffset="3521"/>
<Loc EndOffset="3777" SrcFileId="4" StartOffset="3654"/>
<Loc EndOffset="3820" SrcFileId="4" StartOffset="3789"/>
<Loc EndOffset="4316" SrcFileId="4" StartOffset="3832"/>
<Loc EndOffset="4348" SrcFileId="4" StartOffset="4328"/>
</LocList>
<BasicStmnt CovItemId="S52" CovItemPrefix="com.OriginalFiles.MI.java" Intrnl_Id="1032">
<LocList>
<Loc EndOffset="3473" SrcFileId="4" StartOffset="3449"/>
</LocList>
</BasicStmnt>
<BasicStmnt CovItemId="S53" CovItemPrefix="com.OriginalFiles.MI.java" Intrnl_Id="1033">
<LocList>
<Loc EndOffset="3509" SrcFileId="4" StartOffset="3485"/>
</LocList>
</BasicStmnt>
<LoopStmnt CovItemId="S54" CovItemPrefix="com.OriginalFiles.MI.java" Intrnl_Id="1034" MltplExecId="L5-2" MltplExecPrefix="com.OriginalFiles.MI.java" NvrExecId="L5-0" NvrExecPrefix="com.OriginalFiles.MI.java" OnceExecutedId="L5-1" OnceExecutedPrefix="com.OriginalFiles.MI.java" OptBodyExec="true">
<StmntSeq Intrnl_Id="1035">
<LocList>
<Loc EndOffset="3633" SrcFileId="4" StartOffset="3579"/>
</LocList>
<BasicStmnt CovItemId="S55" CovItemPrefix="com.OriginalFiles.MI.java" Intrnl_Id="1036">
<LocList>
<Loc EndOffset="3633" SrcFileId="4" StartOffset="3579"/>
</LocList>
</BasicStmnt>
</StmntSeq>
<Keyword EndOffset="3524" SrcFileId="4" StartOffset="3521"/>
<LocList>
<Loc EndOffset="3644" SrcFileId="4" StartOffset="3521"/>
</LocList>
<RootTerm CovItemId="C8" CovItemPrefix="com.OriginalFiles.MI.java" Intrnl_Id="1037">
<BasicBoolTerm Intrnl_Id="1038">
<LocList>
<Loc EndOffset="3557" SrcFileId="4" StartOffset="3537"/>
</LocList>
</BasicBoolTerm>
</RootTerm>
</LoopStmnt>
<LoopStmnt CovItemId="S56" CovItemPrefix="com.OriginalFiles.MI.java" Intrnl_Id="1039" MltplExecId="L6-2" MltplExecPrefix="com.OriginalFiles.MI.java" NvrExecId="L6-0" NvrExecPrefix="com.OriginalFiles.MI.java" OnceExecutedId="L6-1" OnceExecutedPrefix="com.OriginalFiles.MI.java" OptBodyExec="true">
<StmntSeq Intrnl_Id="1040">
<LocList>
<Loc EndOffset="3766" SrcFileId="4" StartOffset="3712"/>
</LocList>
<BasicStmnt CovItemId="S57" CovItemPrefix="com.OriginalFiles.MI.java" Intrnl_Id="1041">
<LocList>
<Loc EndOffset="3766" SrcFileId="4" StartOffset="3712"/>
</LocList>
</BasicStmnt>
</StmntSeq>
<Keyword EndOffset="3657" SrcFileId="4" StartOffset="3654"/>
<LocList>
<Loc EndOffset="3777" SrcFileId="4" StartOffset="3654"/>
</LocList>
<RootTerm CovItemId="C9" CovItemPrefix="com.OriginalFiles.MI.java" Intrnl_Id="1042">
<BasicBoolTerm Intrnl_Id="1043">
<LocList>
<Loc EndOffset="3690" SrcFileId="4" StartOffset="3670"/>
</LocList>
</BasicBoolTerm>
</RootTerm>
</LoopStmnt>
<BasicStmnt CovItemId="S58" CovItemPrefix="com.OriginalFiles.MI.java" Intrnl_Id="1044">
<LocList>
<Loc EndOffset="3820" SrcFileId="4" StartOffset="3789"/>
</LocList>
</BasicStmnt>
<CondStmnt CovItemId="S59" CovItemPrefix="com.OriginalFiles.MI.java" Intrnl_Id="1045">
<Branch CovItemId="B15" CovItemPrefix="com.OriginalFiles.MI.java" Implct="false" Intrnl_Id="1046">
<Cond>
<Loc EndOffset="3939" SrcFileId="4" StartOffset="3933"/>
</Cond>
<LocList>
<Loc EndOffset="4000" SrcFileId="4" StartOffset="3954"/>
</LocList>
<StmntSeq Intrnl_Id="1047">
<LocList>
<Loc EndOffset="3980" SrcFileId="4" StartOffset="3954"/>
<Loc EndOffset="4000" SrcFileId="4" StartOffset="3994"/>
</LocList>
<BasicStmnt CovItemId="S60" CovItemPrefix="com.OriginalFiles.MI.java" Intrnl_Id="1048">
<LocList>
<Loc EndOffset="3980" SrcFileId="4" StartOffset="3954"/>
</LocList>
</BasicStmnt>
<BasicStmnt CovItemId="S61" CovItemPrefix="com.OriginalFiles.MI.java" Intrnl_Id="1049">
<LocList>
<Loc EndOffset="4000" SrcFileId="4" StartOffset="3994"/>
</LocList>
</BasicStmnt>
</StmntSeq>
</Branch>
<Branch CovItemId="B16" CovItemPrefix="com.OriginalFiles.MI.java" Implct="false" Intrnl_Id="1050">
<Cond>
<Loc EndOffset="4016" SrcFileId="4" StartOffset="4010"/>
</Cond>
<LocList>
<Loc EndOffset="4077" SrcFileId="4" StartOffset="4031"/>
</LocList>
<StmntSeq Intrnl_Id="1051">
<LocList>
<Loc EndOffset="4057" SrcFileId="4" StartOffset="4031"/>
<Loc EndOffset="4077" SrcFileId="4" StartOffset="4071"/>
</LocList>
<BasicStmnt CovItemId="S62" CovItemPrefix="com.OriginalFiles.MI.java" Intrnl_Id="1052">
<LocList>
<Loc EndOffset="4057" SrcFileId="4" StartOffset="4031"/>
</LocList>
</BasicStmnt>
<BasicStmnt CovItemId="S63" CovItemPrefix="com.OriginalFiles.MI.java" Intrnl_Id="1053">
<LocList>
<Loc EndOffset="4077" SrcFileId="4" StartOffset="4071"/>
</LocList>
</BasicStmnt>
</StmntSeq>
</Branch>
<Branch CovItemId="B17" CovItemPrefix="com.OriginalFiles.MI.java" Implct="false" Intrnl_Id="1054">
<Cond>
<Loc EndOffset="4093" SrcFileId="4" StartOffset="4087"/>
</Cond>
<LocList>
<Loc EndOffset="4155" SrcFileId="4" StartOffset="4108"/>
</LocList>
<StmntSeq Intrnl_Id="1055">
<LocList>
<Loc EndOffset="4135" SrcFileId="4" StartOffset="4108"/>
<Loc EndOffset="4155" SrcFileId="4" StartOffset="4149"/>
</LocList>
<BasicStmnt CovItemId="S64" CovItemPrefix="com.OriginalFiles.MI.java" Intrnl_Id="1056">
<LocList>
<Loc EndOffset="4135" SrcFileId="4" StartOffset="4108"/>
</LocList>
</BasicStmnt>
<BasicStmnt CovItemId="S65" CovItemPrefix="com.OriginalFiles.MI.java" Intrnl_Id="1057">
<LocList>
<Loc EndOffset="4155" SrcFileId="4" StartOffset="4149"/>
</LocList>
</BasicStmnt>
</StmntSeq>
</Branch>
<Branch CovItemId="B18" CovItemPrefix="com.OriginalFiles.MI.java" Implct="false" Intrnl_Id="1058">
<Cond>
<Loc EndOffset="4172" SrcFileId="4" StartOffset="4165"/>
</Cond>
<LocList>
<Loc EndOffset="4305" SrcFileId="4" StartOffset="4187"/>
</LocList>
<StmntSeq Intrnl_Id="1059">
<LocList>
<Loc EndOffset="4285" SrcFileId="4" StartOffset="4187"/>
<Loc EndOffset="4305" SrcFileId="4" StartOffset="4299"/>
</LocList>
<BasicStmnt CovItemId="S66" CovItemPrefix="com.OriginalFiles.MI.java" Intrnl_Id="1060">
<LocList>
<Loc EndOffset="4285" SrcFileId="4" StartOffset="4187"/>
</LocList>
</BasicStmnt>
<BasicStmnt CovItemId="S67" CovItemPrefix="com.OriginalFiles.MI.java" Intrnl_Id="1061">
<LocList>
<Loc EndOffset="4305" SrcFileId="4" StartOffset="4299"/>
</LocList>
</BasicStmnt>
</StmntSeq>
</Branch>
<Keyword EndOffset="3838" SrcFileId="4" StartOffset="3832"/>
<LocList>
<Loc EndOffset="4316" SrcFileId="4" StartOffset="3832"/>
</LocList>
</CondStmnt>
<BasicStmnt CovItemId="S68" CovItemPrefix="com.OriginalFiles.MI.java" Intrnl_Id="1062">
<LocList>
<Loc EndOffset="4348" SrcFileId="4" StartOffset="4328"/>
</LocList>
</BasicStmnt>
</StmntSeq>
</HierarchyLvl>
<HierarchyLvl HierarchyLvlId="437" HierarchyLvlTypeId="14" Intrnl_Id="1063" Name="gameState">
<Header>
<Loc EndOffset="4386" SrcFileId="4" StartOffset="4363"/>
</Header>
<LocList>
<Loc EndOffset="4534" SrcFileId="4" StartOffset="4363"/>
</LocList>
<StmntSeq Intrnl_Id="1064">
<LocList>
<Loc EndOffset="4500" SrcFileId="4" StartOffset="4398"/>
<Loc EndOffset="4527" SrcFileId="4" StartOffset="4510"/>
</LocList>
<CondStmnt CovItemId="S69" CovItemPrefix="com.OriginalFiles.MI.java" Intrnl_Id="1065">
<Branch CovItemId="B19" CovItemPrefix="com.OriginalFiles.MI.java" Implct="false" Intrnl_Id="1066">
<Cond/>
<LocList>
<Loc EndOffset="4500" SrcFileId="4" StartOffset="4457"/>
</LocList>
<StmntSeq Intrnl_Id="1067">
<LocList>
<Loc EndOffset="4489" SrcFileId="4" StartOffset="4472"/>
</LocList>
<BasicStmnt CovItemId="S70" CovItemPrefix="com.OriginalFiles.MI.java" Intrnl_Id="1068">
<LocList>
<Loc EndOffset="4489" SrcFileId="4" StartOffset="4472"/>
</LocList>
</BasicStmnt>
</StmntSeq>
</Branch>
<Branch CovItemId="B20" CovItemPrefix="com.OriginalFiles.MI.java" Implct="true" Intrnl_Id="1069">
<Cond/>
<LocList/>
<StmntSeq Intrnl_Id="1070">
<LocList/>
</StmntSeq>
</Branch>
<Keyword EndOffset="4400" SrcFileId="4" StartOffset="4398"/>
<LocList>
<Loc EndOffset="4500" SrcFileId="4" StartOffset="4398"/>
</LocList>
<RootTerm CovItemId="C10" CovItemPrefix="com.OriginalFiles.MI.java" Intrnl_Id="1071">
<BasicBoolTerm Intrnl_Id="1072">
<LocList>
<Loc EndOffset="4455" SrcFileId="4" StartOffset="4402"/>
</LocList>
</BasicBoolTerm>
</RootTerm>
</CondStmnt>
<BasicStmnt CovItemId="S71" CovItemPrefix="com.OriginalFiles.MI.java" Intrnl_Id="1073">
<LocList>
<Loc EndOffset="4527" SrcFileId="4" StartOffset="4510"/>
</LocList>
</BasicStmnt>
</StmntSeq>
</HierarchyLvl>
<HierarchyLvl HierarchyLvlId="438" HierarchyLvlTypeId="14" Intrnl_Id="1074" Name="max">
<Header>
<Loc EndOffset="4580" SrcFileId="4" StartOffset="4542"/>
</Header>
<LocList>
<Loc EndOffset="4664" SrcFileId="4" StartOffset="4542"/>
</LocList>
<StmntSeq Intrnl_Id="1075">
<LocList>
<Loc EndOffset="4638" SrcFileId="4" StartOffset="4592"/>
<Loc EndOffset="4657" SrcFileId="4" StartOffset="4648"/>
</LocList>
<CondStmnt CovItemId="S72" CovItemPrefix="com.OriginalFiles.MI.java" Intrnl_Id="1076">
<Branch CovItemId="B21" CovItemPrefix="com.OriginalFiles.MI.java" Implct="false" Intrnl_Id="1077">
<Cond/>
<LocList>
<Loc EndOffset="4638" SrcFileId="4" StartOffset="4603"/>
</LocList>
<StmntSeq Intrnl_Id="1078">
<LocList>
<Loc EndOffset="4627" SrcFileId="4" StartOffset="4618"/>
</LocList>
<BasicStmnt CovItemId="S73" CovItemPrefix="com.OriginalFiles.MI.java" Intrnl_Id="1079">
<LocList>
<Loc EndOffset="4627" SrcFileId="4" StartOffset="4618"/>
</LocList>
</BasicStmnt>
</StmntSeq>
</Branch>
<Branch CovItemId="B22" CovItemPrefix="com.OriginalFiles.MI.java" Implct="true" Intrnl_Id="1080">
<Cond/>
<LocList/>
<StmntSeq Intrnl_Id="1081">
<LocList/>
</StmntSeq>
</Branch>
<Keyword EndOffset="4594" SrcFileId="4" StartOffset="4592"/>
<LocList>
<Loc EndOffset="4638" SrcFileId="4" StartOffset="4592"/>
</LocList>
<RootTerm CovItemId="C11" CovItemPrefix="com.OriginalFiles.MI.java" Intrnl_Id="1082">
<BasicBoolTerm Intrnl_Id="1083">
<LocList>
<Loc EndOffset="4601" SrcFileId="4" StartOffset="4596"/>
</LocList>
</BasicBoolTerm>
</RootTerm>
</CondStmnt>
<BasicStmnt CovItemId="S74" CovItemPrefix="com.OriginalFiles.MI.java" Intrnl_Id="1084">
<LocList>
<Loc EndOffset="4657" SrcFileId="4" StartOffset="4648"/>
</LocList>
</BasicStmnt>
</StmntSeq>
</HierarchyLvl>
<HierarchyLvl HierarchyLvlId="439" HierarchyLvlTypeId="14" Intrnl_Id="1085" Name="simulateMove">
<Header>
<Loc EndOffset="4851" SrcFileId="4" StartOffset="4784"/>
</Header>
<LocList>
<Loc EndOffset="6042" SrcFileId="4" StartOffset="4784"/>
</LocList>
<StmntSeq Intrnl_Id="1086">
<LocList>
<Loc EndOffset="6035" SrcFileId="4" StartOffset="4863"/>
</LocList>
<CondStmnt CovItemId="S75" CovItemPrefix="com.OriginalFiles.MI.java" Intrnl_Id="1087">
<Branch CovItemId="B23" CovItemPrefix="com.OriginalFiles.MI.java" Implct="false" Intrnl_Id="1088">
<Cond/>
<LocList>
<Loc EndOffset="6035" SrcFileId="4" StartOffset="4891"/>
</LocList>
<StmntSeq Intrnl_Id="1089">
<LocList>
<Loc EndOffset="4939" SrcFileId="4" StartOffset="4906"/>
<Loc EndOffset="5985" SrcFileId="4" StartOffset="4953"/>
<Loc EndOffset="6024" SrcFileId="4" StartOffset="5999"/>
</LocList>
<BasicStmnt CovItemId="S76" CovItemPrefix="com.OriginalFiles.MI.java" Intrnl_Id="1090">
<LocList>
<Loc EndOffset="4939" SrcFileId="4" StartOffset="4906"/>
</LocList>
</BasicStmnt>
<LoopStmnt CovItemId="S77" CovItemPrefix="com.OriginalFiles.MI.java" Intrnl_Id="1091" MltplExecId="L7-2" MltplExecPrefix="com.OriginalFiles.MI.java" NvrExecId="L7-0" NvrExecPrefix="com.OriginalFiles.MI.java" OnceExecutedId="L7-1" OnceExecutedPrefix="com.OriginalFiles.MI.java" OptBodyExec="true">
<StmntSeq Intrnl_Id="1092">
<LocList>
<Loc EndOffset="5034" SrcFileId="4" StartOffset="5003"/>
<Loc EndOffset="5085" SrcFileId="4" StartOffset="5052"/>
<Loc EndOffset="5864" SrcFileId="4" StartOffset="5105"/>
<Loc EndOffset="5970" SrcFileId="4" StartOffset="5882"/>
</LocList>
<BasicStmnt CovItemId="S78" CovItemPrefix="com.OriginalFiles.MI.java" Intrnl_Id="1093">
<LocList>
<Loc EndOffset="5034" SrcFileId="4" StartOffset="5003"/>
</LocList>
</BasicStmnt>
<BasicStmnt CovItemId="S79" CovItemPrefix="com.OriginalFiles.MI.java" Intrnl_Id="1094">
<LocList>
<Loc EndOffset="5085" SrcFileId="4" StartOffset="5052"/>
</LocList>
</BasicStmnt>
<CondStmnt CovItemId="S80" CovItemPrefix="com.OriginalFiles.MI.java" Intrnl_Id="1095">
<Branch CovItemId="B25" CovItemPrefix="com.OriginalFiles.MI.java" Implct="false" Intrnl_Id="1096">
<Cond/>
<LocList>
<Loc EndOffset="5864" SrcFileId="4" StartOffset="5139"/>
</LocList>
<StmntSeq Intrnl_Id="1097">
<LocList>
<Loc EndOffset="5333" SrcFileId="4" StartOffset="5162"/>
<Loc EndOffset="5612" SrcFileId="4" StartOffset="5355"/>
<Loc EndOffset="5667" SrcFileId="4" StartOffset="5634"/>
<Loc EndOffset="5845" SrcFileId="4" StartOffset="5689"/>
</LocList>
<BasicStmnt CovItemId="S81" CovItemPrefix="com.OriginalFiles.MI.java" Intrnl_Id="1098">
<LocList>
<Loc EndOffset="5333" SrcFileId="4" StartOffset="5162"/>
</LocList>
</BasicStmnt>
<CondStmnt CovItemId="S82" CovItemPrefix="com.OriginalFiles.MI.java" Intrnl_Id="1099">
<Branch CovItemId="B27" CovItemPrefix="com.OriginalFiles.MI.java" Implct="false" Intrnl_Id="1100">
<Cond/>
<LocList>
<Loc EndOffset="5527" SrcFileId="4" StartOffset="5448"/>
</LocList>
<StmntSeq Intrnl_Id="1101">
<LocList>
<Loc EndOffset="5504" SrcFileId="4" StartOffset="5475"/>
</LocList>
<BasicStmnt CovItemId="S83" CovItemPrefix="com.OriginalFiles.MI.java" Intrnl_Id="1102">
<LocList>
<Loc EndOffset="5504" SrcFileId="4" StartOffset="5475"/>
</LocList>
</BasicStmnt>
</StmntSeq>
</Branch>
<Branch CovItemId="B28" CovItemPrefix="com.OriginalFiles.MI.java" Implct="false" Intrnl_Id="1103">
<Cond>
<Loc EndOffset="5532" SrcFileId="4" StartOffset="5528"/>
</Cond>
<LocList>
<Loc EndOffset="5612" SrcFileId="4" StartOffset="5533"/>
</LocList>
<StmntSeq Intrnl_Id="1104">
<LocList>
<Loc EndOffset="5589" SrcFileId="4" StartOffset="5560"/>
</LocList>
<BasicStmnt CovItemId="S84" CovItemPrefix="com.OriginalFiles.MI.java" Intrnl_Id="1105">
<LocList>
<Loc EndOffset="5589" SrcFileId="4" StartOffset="5560"/>
</LocList>
</BasicStmnt>
</StmntSeq>
</Branch>
<Keyword EndOffset="5357" SrcFileId="4" StartOffset="5355"/>
<LocList>
<Loc EndOffset="5612" SrcFileId="4" StartOffset="5355"/>
</LocList>
<RootTerm CovItemId="C15" CovItemPrefix="com.OriginalFiles.MI.java" Intrnl_Id="1106">
<BasicBoolTerm Intrnl_Id="1107">
<LocList>
<Loc EndOffset="5446" SrcFileId="4" StartOffset="5359"/>
</LocList>
</BasicBoolTerm>
</RootTerm>
</CondStmnt>
<BasicStmnt CovItemId="S85" CovItemPrefix="com.OriginalFiles.MI.java" Intrnl_Id="1108">
<LocList>
<Loc EndOffset="5667" SrcFileId="4" StartOffset="5634"/>
</LocList>
</BasicStmnt>
<BasicStmnt CovItemId="S86" CovItemPrefix="com.OriginalFiles.MI.java" Intrnl_Id="1109">
<LocList>
<Loc EndOffset="5845" SrcFileId="4" StartOffset="5689"/>
</LocList>
</BasicStmnt>
</StmntSeq>
</Branch>
<Branch CovItemId="B26" CovItemPrefix="com.OriginalFiles.MI.java" Implct="true" Intrnl_Id="1110">
<Cond/>
<LocList/>
<StmntSeq Intrnl_Id="1111">
<LocList/>
</StmntSeq>
</Branch>
<Keyword EndOffset="5107" SrcFileId="4" StartOffset="5105"/>
<LocList>
<Loc EndOffset="5864" SrcFileId="4" StartOffset="5105"/>
</LocList>
<RootTerm CovItemId="C14" CovItemPrefix="com.OriginalFiles.MI.java" Intrnl_Id="1112">
<BasicBoolTerm Intrnl_Id="1113">
<LocList>
<Loc EndOffset="5137" SrcFileId="4" StartOffset="5109"/>
</LocList>
</BasicBoolTerm>
</RootTerm>
</CondStmnt>
<BasicStmnt CovItemId="S87" CovItemPrefix="com.OriginalFiles.MI.java" Intrnl_Id="1114">
<LocList>
<Loc EndOffset="5970" SrcFileId="4" StartOffset="5882"/>
</LocList>
</BasicStmnt>
</StmntSeq>
<Keyword EndOffset="4956" SrcFileId="4" StartOffset="4953"/>
<LocList>
<Loc EndOffset="5985" SrcFileId="4" StartOffset="4953"/>
</LocList>
<RootTerm CovItemId="C13" CovItemPrefix="com.OriginalFiles.MI.java" Intrnl_Id="1115">
<BasicBoolTerm Intrnl_Id="1116">
<LocList>
<Loc EndOffset="4977" SrcFileId="4" StartOffset="4969"/>
</LocList>
</BasicBoolTerm>
</RootTerm>
</LoopStmnt>
<BasicStmnt CovItemId="S88" CovItemPrefix="com.OriginalFiles.MI.java" Intrnl_Id="1117">
<LocList>
<Loc EndOffset="6024" SrcFileId="4" StartOffset="5999"/>
</LocList>
</BasicStmnt>
</StmntSeq>
</Branch>
<Branch CovItemId="B24" CovItemPrefix="com.OriginalFiles.MI.java" Implct="true" Intrnl_Id="1118">
<Cond/>
<LocList/>
<StmntSeq Intrnl_Id="1119">
<LocList/>
</StmntSeq>
</Branch>
<Keyword EndOffset="4865" SrcFileId="4" StartOffset="4863"/>
<LocList>
<Loc EndOffset="6035" SrcFileId="4" StartOffset="4863"/>
</LocList>
<RootTerm CovItemId="C12" CovItemPrefix="com.OriginalFiles.MI.java" Intrnl_Id="1120">
<BasicBoolTerm Intrnl_Id="1121">
<LocList>
<Loc EndOffset="4889" SrcFileId="4" StartOffset="4867"/>
</LocList>
</BasicBoolTerm>
</RootTerm>
</CondStmnt>
</StmntSeq>
</HierarchyLvl>
<HierarchyLvl HierarchyLvlId="440" HierarchyLvlTypeId="14" Intrnl_Id="1122" Name="revertMove">
<Header>
<Loc EndOffset="6106" SrcFileId="4" StartOffset="6050"/>
</Header>
<LocList>
<Loc EndOffset="8022" SrcFileId="4" StartOffset="6050"/>
</LocList>
<StmntSeq Intrnl_Id="1123">
<LocList>
<Loc EndOffset="8015" SrcFileId="4" StartOffset="6120"/>
</LocList>
<CondStmnt CovItemId="S89" CovItemPrefix="com.OriginalFiles.MI.java" Intrnl_Id="1124">
<Branch CovItemId="B29" CovItemPrefix="com.OriginalFiles.MI.java" Implct="false" Intrnl_Id="1125">
<Cond/>
<LocList>
<Loc EndOffset="8015" SrcFileId="4" StartOffset="6152"/>
</LocList>
<StmntSeq Intrnl_Id="1126">
<LocList>
<Loc EndOffset="6225" SrcFileId="4" StartOffset="6167"/>
<Loc EndOffset="6288" SrcFileId="4" StartOffset="6239"/>
<Loc EndOffset="6337" SrcFileId="4" StartOffset="6304"/>
<Loc EndOffset="6373" SrcFileId="4" StartOffset="6351"/>
<Loc EndOffset="7457" SrcFileId="4" StartOffset="6389"/>
<Loc EndOffset="7504" SrcFileId="4" StartOffset="7473"/>
<Loc EndOffset="8004" SrcFileId="4" StartOffset="7520"/>
</LocList>
<BasicStmnt CovItemId="S90" CovItemPrefix="com.OriginalFiles.MI.java" Intrnl_Id="1127">
<LocList>
<Loc EndOffset="6225" SrcFileId="4" StartOffset="6167"/>
</LocList>
</BasicStmnt>
<BasicStmnt CovItemId="S91" CovItemPrefix="com.OriginalFiles.MI.java" Intrnl_Id="1128">
<LocList>
<Loc EndOffset="6288" SrcFileId="4" StartOffset="6239"/>
</LocList>
</BasicStmnt>
<BasicStmnt CovItemId="S92" CovItemPrefix="com.OriginalFiles.MI.java" Intrnl_Id="1129">
<LocList>
<Loc EndOffset="6337" SrcFileId="4" StartOffset="6304"/>
</LocList>
</BasicStmnt>
<BasicStmnt CovItemId="S93" CovItemPrefix="com.OriginalFiles.MI.java" Intrnl_Id="1130">
<LocList>
<Loc EndOffset="6373" SrcFileId="4" StartOffset="6351"/>
</LocList>
</BasicStmnt>
<LoopStmnt CovItemId="S94" CovItemPrefix="com.OriginalFiles.MI.java" Intrnl_Id="1131" MltplExecId="L8-2" MltplExecPrefix="com.OriginalFiles.MI.java" NvrExecId="L8-0" NvrExecPrefix="com.OriginalFiles.MI.java" OnceExecutedId="L8-1" OnceExecutedPrefix="com.OriginalFiles.MI.java" OptBodyExec="true">
<StmntSeq Intrnl_Id="1132">
<LocList>
<Loc EndOffset="6469" SrcFileId="4" StartOffset="6440"/>
<Loc EndOffset="7309" SrcFileId="4" StartOffset="6487"/>
<Loc EndOffset="7442" SrcFileId="4" StartOffset="7327"/>
</LocList>
<BasicStmnt CovItemId="S95" CovItemPrefix="com.OriginalFiles.MI.java" Intrnl_Id="1133">
<LocList>
<Loc EndOffset="6469" SrcFileId="4" StartOffset="6440"/>
</LocList>
</BasicStmnt>
<CondStmnt CovItemId="S96" CovItemPrefix="com.OriginalFiles.MI.java" Intrnl_Id="1134">
<Branch CovItemId="B31" CovItemPrefix="com.OriginalFiles.MI.java" Implct="false" Intrnl_Id="1135">
<Cond/>
<LocList>
<Loc EndOffset="7309" SrcFileId="4" StartOffset="6512"/>
</LocList>
<StmntSeq Intrnl_Id="1136">
<LocList>
<Loc EndOffset="7290" SrcFileId="4" StartOffset="6535"/>
</LocList>
<CondStmnt CovItemId="S97" CovItemPrefix="com.OriginalFiles.MI.java" Intrnl_Id="1137">
<Branch CovItemId="B33" CovItemPrefix="com.OriginalFiles.MI.java" Implct="false" Intrnl_Id="1138">
<Cond/>
<LocList>
<Loc EndOffset="7290" SrcFileId="4" StartOffset="6629"/>
</LocList>
<StmntSeq Intrnl_Id="1139">
<LocList>
<Loc EndOffset="7196" SrcFileId="4" StartOffset="6656"/>
<Loc EndOffset="7267" SrcFileId="4" StartOffset="7222"/>
</LocList>
<CondStmnt CovItemId="S98" CovItemPrefix="com.OriginalFiles.MI.java" Intrnl_Id="1140">
<Branch CovItemId="B35" CovItemPrefix="com.OriginalFiles.MI.java" Implct="false" Intrnl_Id="1141">
<Cond/>
<LocList>
<Loc EndOffset="6925" SrcFileId="4" StartOffset="6751"/>
</LocList>
<StmntSeq Intrnl_Id="1142">
<LocList>
<Loc EndOffset="6898" SrcFileId="4" StartOffset="6782"/>
</LocList>
<BasicStmnt CovItemId="S99" CovItemPrefix="com.OriginalFiles.MI.java" Intrnl_Id="1143">
<LocList>
<Loc EndOffset="6898" SrcFileId="4" StartOffset="6782"/>
</LocList>
</BasicStmnt>
</StmntSeq>
</Branch>
<Branch CovItemId="B36" CovItemPrefix="com.OriginalFiles.MI.java" Implct="false" Intrnl_Id="1144">
<Cond>
<Loc EndOffset="6930" SrcFileId="4" StartOffset="6926"/>
</Cond>
<LocList>
<Loc EndOffset="7196" SrcFileId="4" StartOffset="6931"/>
</LocList>
<StmntSeq Intrnl_Id="1145">
<LocList>
<Loc EndOffset="7196" SrcFileId="4" StartOffset="6931"/>
</LocList>
<CondStmnt CovItemId="S100" CovItemPrefix="com.OriginalFiles.MI.java" Intrnl_Id="1146">
<Branch CovItemId="B37" CovItemPrefix="com.OriginalFiles.MI.java" Implct="false" Intrnl_Id="1147">
<Cond/>
<LocList>
<Loc EndOffset="7196" SrcFileId="4" StartOffset="7027"/>
</LocList>
<StmntSeq Intrnl_Id="1148">
<LocList>
<Loc EndOffset="7169" SrcFileId="4" StartOffset="7058"/>
</LocList>
<BasicStmnt CovItemId="S101" CovItemPrefix="com.OriginalFiles.MI.java" Intrnl_Id="1149">
<LocList>
<Loc EndOffset="7169" SrcFileId="4" StartOffset="7058"/>
</LocList>
</BasicStmnt>
</StmntSeq>
</Branch>
<Branch CovItemId="B38" CovItemPrefix="com.OriginalFiles.MI.java" Implct="true" Intrnl_Id="1150">
<Cond/>
<LocList/>
<StmntSeq Intrnl_Id="1151">
<LocList/>
</StmntSeq>
</Branch>
<Keyword EndOffset="6933" SrcFileId="4" StartOffset="6931"/>
<LocList>
<Loc EndOffset="7196" SrcFileId="4" StartOffset="6931"/>
</LocList>
<RootTerm CovItemId="C21" CovItemPrefix="com.OriginalFiles.MI.java" Intrnl_Id="1152">
<BasicBoolTerm Intrnl_Id="1153">
<LocList>
<Loc EndOffset="7025" SrcFileId="4" StartOffset="6935"/>
</LocList>
</BasicBoolTerm>
</RootTerm>
</CondStmnt>
</StmntSeq>
</Branch>
<Keyword EndOffset="6658" SrcFileId="4" StartOffset="6656"/>
<LocList>
<Loc EndOffset="7196" SrcFileId="4" StartOffset="6656"/>
</LocList>
<RootTerm CovItemId="C20" CovItemPrefix="com.OriginalFiles.MI.java" Intrnl_Id="1154">
<BasicBoolTerm Intrnl_Id="1155">
<LocList>
<Loc EndOffset="6749" SrcFileId="4" StartOffset="6660"/>
</LocList>
</BasicBoolTerm>
</RootTerm>
</CondStmnt>
<BasicStmnt CovItemId="S102" CovItemPrefix="com.OriginalFiles.MI.java" Intrnl_Id="1156">
<LocList>
<Loc EndOffset="7267" SrcFileId="4" StartOffset="7222"/>
</LocList>
</BasicStmnt>
</StmntSeq>
</Branch>
<Branch CovItemId="B34" CovItemPrefix="com.OriginalFiles.MI.java" Implct="true" Intrnl_Id="1157">
<Cond/>
<LocList/>
<StmntSeq Intrnl_Id="1158">
<LocList/>
</StmntSeq>
</Branch>
<Keyword EndOffset="6537" SrcFileId="4" StartOffset="6535"/>
<LocList>
<Loc EndOffset="7290" SrcFileId="4" StartOffset="6535"/>
</LocList>
<RootTerm CovItemId="C19" CovItemPrefix="com.OriginalFiles.MI.java" Intrnl_Id="1159">
<OpTerm BooleanOpId="10" Intrnl_Id="1160">
<BasicBoolTerm Intrnl_Id="1161">
<LocList>
<Loc EndOffset="6575" SrcFileId="4" StartOffset="6539"/>
</LocList>
</BasicBoolTerm>
<OpTerm BooleanOpId="9" Intrnl_Id="1162">
<BasicBoolTerm Intrnl_Id="1163">
<LocList>
<Loc EndOffset="6627" SrcFileId="4" StartOffset="6609"/>
</LocList>
</BasicBoolTerm>
<LocList>
<Loc EndOffset="6609" SrcFileId="4" StartOffset="6608"/>
</LocList>
</OpTerm>
<LocList>
<Loc EndOffset="6607" SrcFileId="4" StartOffset="6605"/>
</LocList>
</OpTerm>
</RootTerm>
</CondStmnt>
</StmntSeq>
</Branch>
<Branch CovItemId="B32" CovItemPrefix="com.OriginalFiles.MI.java" Implct="true" Intrnl_Id="1164">
<Cond/>
<LocList/>
<StmntSeq Intrnl_Id="1165">
<LocList/>
</StmntSeq>
</Branch>
<Keyword EndOffset="6489" SrcFileId="4" StartOffset="6487"/>
<LocList>
<Loc EndOffset="7309" SrcFileId="4" StartOffset="6487"/>
</LocList>
<RootTerm CovItemId="C18" CovItemPrefix="com.OriginalFiles.MI.java" Intrnl_Id="1166">
<OpTerm BooleanOpId="9" Intrnl_Id="1167">
<BasicBoolTerm Intrnl_Id="1168">
<LocList>
<Loc EndOffset="6510" SrcFileId="4" StartOffset="6492"/>
</LocList>
</BasicBoolTerm>
<LocList>
<Loc EndOffset="6492" SrcFileId="4" StartOffset="6491"/>
</LocList>
</OpTerm>
</RootTerm>
</CondStmnt>
<BasicStmnt CovItemId="S103" CovItemPrefix="com.OriginalFiles.MI.java" Intrnl_Id="1169">
<LocList>
<Loc EndOffset="7442" SrcFileId="4" StartOffset="7327"/>
</LocList>
</BasicStmnt>
</StmntSeq>
<Keyword EndOffset="6392" SrcFileId="4" StartOffset="6389"/>
<LocList>
<Loc EndOffset="7457" SrcFileId="4" StartOffset="6389"/>
</LocList>
<RootTerm CovItemId="C17" CovItemPrefix="com.OriginalFiles.MI.java" Intrnl_Id="1170">
<BasicBoolTerm Intrnl_Id="1171">
<LocList>
<Loc EndOffset="6414" SrcFileId="4" StartOffset="6408"/>
</LocList>
</BasicBoolTerm>
</RootTerm>
</LoopStmnt>
<BasicStmnt CovItemId="S104" CovItemPrefix="com.OriginalFiles.MI.java" Intrnl_Id="1172">
<LocList>
<Loc EndOffset="7504" SrcFileId="4" StartOffset="7473"/>
</LocList>
</BasicStmnt>
<LoopStmnt CovItemId="S105" CovItemPrefix="com.OriginalFiles.MI.java" Intrnl_Id="1173" MltplExecId="L9-2" MltplExecPrefix="com.OriginalFiles.MI.java" NvrExecId="L9-0" NvrExecPrefix="com.OriginalFiles.MI.java" OnceExecutedId="L9-1" OnceExecutedPrefix="com.OriginalFiles.MI.java" OptBodyExec="true">
<StmntSeq Intrnl_Id="1174">
<LocList>
<Loc EndOffset="7612" SrcFileId="4" StartOffset="7570"/>
<Loc EndOffset="7832" SrcFileId="4" StartOffset="7630"/>
<Loc EndOffset="7989" SrcFileId="4" StartOffset="7850"/>
</LocList>
<BasicStmnt CovItemId="S106" CovItemPrefix="com.OriginalFiles.MI.java" Intrnl_Id="1175">
<LocList>
<Loc EndOffset="7612" SrcFileId="4" StartOffset="7570"/>
</LocList>
</BasicStmnt>
<CondStmnt CovItemId="S107" CovItemPrefix="com.OriginalFiles.MI.java" Intrnl_Id="1176">
<Branch CovItemId="B39" CovItemPrefix="com.OriginalFiles.MI.java" Implct="false" Intrnl_Id="1177">
<Cond/>
<LocList>
<Loc EndOffset="7759" SrcFileId="4" StartOffset="7692"/>
</LocList>
<StmntSeq Intrnl_Id="1178">
<LocList>
<Loc EndOffset="7740" SrcFileId="4" StartOffset="7715"/>
</LocList>
<BasicStmnt CovItemId="S108" CovItemPrefix="com.OriginalFiles.MI.java" Intrnl_Id="1179">
<LocList>
<Loc EndOffset="7740" SrcFileId="4" StartOffset="7715"/>
</LocList>
</BasicStmnt>
</StmntSeq>
</Branch>
<Branch CovItemId="B40" CovItemPrefix="com.OriginalFiles.MI.java" Implct="false" Intrnl_Id="1180">
<Cond>
<Loc EndOffset="7764" SrcFileId="4" StartOffset="7760"/>
</Cond>
<LocList>
<Loc EndOffset="7832" SrcFileId="4" StartOffset="7765"/>
</LocList>
<StmntSeq Intrnl_Id="1181">
<LocList>
<Loc EndOffset="7813" SrcFileId="4" StartOffset="7788"/>
</LocList>
<BasicStmnt CovItemId="S109" CovItemPrefix="com.OriginalFiles.MI.java" Intrnl_Id="1182">
<LocList>
<Loc EndOffset="7813" SrcFileId="4" StartOffset="7788"/>
</LocList>
</BasicStmnt>
</StmntSeq>
</Branch>
<Keyword EndOffset="7632" SrcFileId="4" StartOffset="7630"/>
<LocList>
<Loc EndOffset="7832" SrcFileId="4" StartOffset="7630"/>
</LocList>
<RootTerm CovItemId="C23" CovItemPrefix="com.OriginalFiles.MI.java" Intrnl_Id="1183">
<BasicBoolTerm Intrnl_Id="1184">
<LocList>
<Loc EndOffset="7690" SrcFileId="4" StartOffset="7634"/>
</LocList>
</BasicBoolTerm>
</RootTerm>
</CondStmnt>
<BasicStmnt CovItemId="S110" CovItemPrefix="com.OriginalFiles.MI.java" Intrnl_Id="1185">
<LocList>
<Loc EndOffset="7989" SrcFileId="4" StartOffset="7850"/>
</LocList>
</BasicStmnt>
</StmntSeq>
<Keyword EndOffset="7523" SrcFileId="4" StartOffset="7520"/>
<LocList>
<Loc EndOffset="8004" SrcFileId="4" StartOffset="7520"/>
</LocList>
<RootTerm CovItemId="C22" CovItemPrefix="com.OriginalFiles.MI.java" Intrnl_Id="1186">
<BasicBoolTerm Intrnl_Id="1187">
<LocList>
<Loc EndOffset="7544" SrcFileId="4" StartOffset="7536"/>
</LocList>
</BasicBoolTerm>
</RootTerm>
</LoopStmnt>
</StmntSeq>
</Branch>
<Branch CovItemId="B30" CovItemPrefix="com.OriginalFiles.MI.java" Implct="true" Intrnl_Id="1188">
<Cond/>
<LocList/>
<StmntSeq Intrnl_Id="1189">
<LocList/>
</StmntSeq>
</Branch>
<Keyword EndOffset="6122" SrcFileId="4" StartOffset="6120"/>
<LocList>
<Loc EndOffset="8015" SrcFileId="4" StartOffset="6120"/>
</LocList>
<RootTerm CovItemId="C16" CovItemPrefix="com.OriginalFiles.MI.java" Intrnl_Id="1190">
<BasicBoolTerm Intrnl_Id="1191">
<LocList>
<Loc EndOffset="6150" SrcFileId="4" StartOffset="6124"/>
</LocList>
</BasicBoolTerm>
</RootTerm>
</CondStmnt>
</StmntSeq>
</HierarchyLvl>
<HierarchyLvl HierarchyLvlId="441" HierarchyLvlTypeId="14" Intrnl_Id="1192" Name="possibleMoves">
<Header>
<Loc EndOffset="8182" SrcFileId="4" StartOffset="8059"/>
</Header>
<LocList>
<Loc EndOffset="10432" SrcFileId="4" StartOffset="8059"/>
</LocList>
<StmntSeq Intrnl_Id="1193">
<LocList>
<Loc EndOffset="8243" SrcFileId="4" StartOffset="8194"/>
<Loc EndOffset="8298" SrcFileId="4" StartOffset="8253"/>
<Loc EndOffset="8350" SrcFileId="4" StartOffset="8308"/>
<Loc EndOffset="10286" SrcFileId="4" StartOffset="8360"/>
<Loc EndOffset="10425" SrcFileId="4" StartOffset="10298"/>
</LocList>
<BasicStmnt CovItemId="S111" CovItemPrefix="com.OriginalFiles.MI.java" Intrnl_Id="1194">
<LocList>
<Loc EndOffset="8243" SrcFileId="4" StartOffset="8194"/>
</LocList>
</BasicStmnt>
<BasicStmnt CovItemId="S112" CovItemPrefix="com.OriginalFiles.MI.java" Intrnl_Id="1195">
<LocList>
<Loc EndOffset="8298" SrcFileId="4" StartOffset="8253"/>
</LocList>
</BasicStmnt>
<BasicStmnt CovItemId="S113" CovItemPrefix="com.OriginalFiles.MI.java" Intrnl_Id="1196">
<LocList>
<Loc EndOffset="8350" SrcFileId="4" StartOffset="8308"/>
</LocList>
</BasicStmnt>
<LoopStmnt CovItemId="S114" CovItemPrefix="com.OriginalFiles.MI.java" Intrnl_Id="1197" MltplExecId="L10-2" MltplExecPrefix="com.OriginalFiles.MI.java" NvrExecId="L10-0" NvrExecPrefix="com.OriginalFiles.MI.java" OnceExecutedId="L10-1" OnceExecutedPrefix="com.OriginalFiles.MI.java" OptBodyExec="true">
<StmntSeq Intrnl_Id="1198">
<LocList>
<Loc EndOffset="10275" SrcFileId="4" StartOffset="8425"/>
</LocList>
<LoopStmnt CovItemId="S115" CovItemPrefix="com.OriginalFiles.MI.java" Intrnl_Id="1199" MltplExecId="L11-2" MltplExecPrefix="com.OriginalFiles.MI.java" NvrExecId="L11-0" NvrExecPrefix="com.OriginalFiles.MI.java" OnceExecutedId="L11-1" OnceExecutedPrefix="com.OriginalFiles.MI.java" OptBodyExec="true">
<StmntSeq Intrnl_Id="1200">
<LocList>
<Loc EndOffset="10260" SrcFileId="4" StartOffset="8466"/>
</LocList>
<CondStmnt CovItemId="S116" CovItemPrefix="com.OriginalFiles.MI.java" Intrnl_Id="1201">
<Branch CovItemId="B41" CovItemPrefix="com.OriginalFiles.MI.java" Implct="false" Intrnl_Id="1202">
<Cond/>
<LocList>
<Loc EndOffset="10260" SrcFileId="4" StartOffset="8488"/>
</LocList>
<StmntSeq Intrnl_Id="1203">
<LocList>
<Loc EndOffset="10241" SrcFileId="4" StartOffset="8511"/>
</LocList>
<CondStmnt CovItemId="S117" CovItemPrefix="com.OriginalFiles.MI.java" Intrnl_Id="1204">
<Branch CovItemId="B43" CovItemPrefix="com.OriginalFiles.MI.java" Implct="false" Intrnl_Id="1205">
<Cond/>
<LocList>
<Loc EndOffset="10241" SrcFileId="4" StartOffset="8679"/>
</LocList>
<StmntSeq Intrnl_Id="1206">
<LocList>
<Loc EndOffset="10218" SrcFileId="4" StartOffset="8739"/>
</LocList>
<CondStmnt CovItemId="S118" CovItemPrefix="com.OriginalFiles.MI.java" Intrnl_Id="1207">
<Branch CovItemId="B45" CovItemPrefix="com.OriginalFiles.MI.java" Implct="false" Intrnl_Id="1208">
<Cond/>
<LocList>
<Loc EndOffset="9518" SrcFileId="4" StartOffset="8776"/>
</LocList>
<StmntSeq Intrnl_Id="1209">
<LocList>
<Loc EndOffset="9119" SrcFileId="4" StartOffset="8807"/>
<Loc EndOffset="9491" SrcFileId="4" StartOffset="9151"/>
</LocList>
<BasicStmnt CovItemId="S119" CovItemPrefix="com.OriginalFiles.MI.java" Intrnl_Id="1210">
<LocList>
<Loc EndOffset="9119" SrcFileId="4" StartOffset="8807"/>
</LocList>
</BasicStmnt>
<LoopStmnt CovItemId="S120" CovItemPrefix="com.OriginalFiles.MI.java" Intrnl_Id="1211" MltplExecId="L12-2" MltplExecPrefix="com.OriginalFiles.MI.java" NvrExecId="L12-0" NvrExecPrefix="com.OriginalFiles.MI.java" OnceExecutedId="L12-1" OnceExecutedPrefix="com.OriginalFiles.MI.java" OptBodyExec="true">
<StmntSeq Intrnl_Id="1212">
<LocList>
<Loc EndOffset="9460" SrcFileId="4" StartOffset="9232"/>
</LocList>
<CondStmnt CovItemId="S121" CovItemPrefix="com.OriginalFiles.MI.java" Intrnl_Id="1213">
<Branch CovItemId="B47" CovItemPrefix="com.OriginalFiles.MI.java" Implct="false" Intrnl_Id="1214">
<Cond/>
<LocList>
<Loc EndOffset="9460" SrcFileId="4" StartOffset="9263"/>
</LocList>
<StmntSeq Intrnl_Id="1215">
<LocList>
<Loc EndOffset="9425" SrcFileId="4" StartOffset="9302"/>
</LocList>
<BasicStmnt CovItemId="S122" CovItemPrefix="com.OriginalFiles.MI.java" Intrnl_Id="1216">
<LocList>
<Loc EndOffset="9425" SrcFileId="4" StartOffset="9302"/>
</LocList>
</BasicStmnt>
</StmntSeq>
</Branch>
<Branch CovItemId="B48" CovItemPrefix="com.OriginalFiles.MI.java" Implct="true" Intrnl_Id="1217">
<Cond/>
<LocList/>
<StmntSeq Intrnl_Id="1218">
<LocList/>
</StmntSeq>
</Branch>
<Keyword EndOffset="9234" SrcFileId="4" StartOffset="9232"/>
<LocList>
<Loc EndOffset="9460" SrcFileId="4" StartOffset="9232"/>
</LocList>
<RootTerm CovItemId="C27" CovItemPrefix="com.OriginalFiles.MI.java" Intrnl_Id="1219">
<BasicBoolTerm Intrnl_Id="1220">
<LocList>
<Loc EndOffset="9261" SrcFileId="4" StartOffset="9236"/>
</LocList>
</BasicBoolTerm>
</RootTerm>
</CondStmnt>
</StmntSeq>
<Keyword EndOffset="9154" SrcFileId="4" StartOffset="9151"/>
<LocList>
<Loc EndOffset="9491" SrcFileId="4" StartOffset="9151"/>
</LocList>
</LoopStmnt>
</StmntSeq>
</Branch>
<Branch CovItemId="B46" CovItemPrefix="com.OriginalFiles.MI.java" Implct="false" Intrnl_Id="1221">
<Cond>
<Loc EndOffset="9523" SrcFileId="4" StartOffset="9519"/>
</Cond>
<LocList>
<Loc EndOffset="10218" SrcFileId="4" StartOffset="9524"/>
</LocList>
<StmntSeq Intrnl_Id="1222">
<LocList>
<Loc EndOffset="9726" SrcFileId="4" StartOffset="9565"/>
<Loc EndOffset="10191" SrcFileId="4" StartOffset="9800"/>
</LocList>
<BasicStmnt CovItemId="S123" CovItemPrefix="com.OriginalFiles.MI.java" Intrnl_Id="1223">
<LocList>
<Loc EndOffset="9726" SrcFileId="4" StartOffset="9565"/>
</LocList>
</BasicStmnt>
<CondStmnt CovItemId="S124" CovItemPrefix="com.OriginalFiles.MI.java" Intrnl_Id="1224">
<Branch CovItemId="B49" CovItemPrefix="com.OriginalFiles.MI.java" Implct="false" Intrnl_Id="1225">
<Cond/>
<LocList>
<Loc EndOffset="10191" SrcFileId="4" StartOffset="9830"/>
</LocList>
<StmntSeq Intrnl_Id="1226">
<LocList>
<Loc EndOffset="10160" SrcFileId="4" StartOffset="9865"/>
</LocList>
<LoopStmnt CovItemId="S125" CovItemPrefix="com.OriginalFiles.MI.java" Intrnl_Id="1227" MltplExecId="L13-2" MltplExecPrefix="com.OriginalFiles.MI.java" NvrExecId="L13-0" NvrExecPrefix="com.OriginalFiles.MI.java" OnceExecutedId="L13-1" OnceExecutedPrefix="com.OriginalFiles.MI.java" OptBodyExec="true">
<StmntSeq Intrnl_Id="1228">
<LocList>
<Loc EndOffset="10063" SrcFileId="4" StartOffset="9941"/>
<Loc EndOffset="10125" SrcFileId="4" StartOffset="10101"/>
</LocList>
<BasicStmnt CovItemId="S126" CovItemPrefix="com.OriginalFiles.MI.java" Intrnl_Id="1229">
<LocList>
<Loc EndOffset="10063" SrcFileId="4" StartOffset="9941"/>
</LocList>
</BasicStmnt>
<BasicStmnt CovItemId="S127" CovItemPrefix="com.OriginalFiles.MI.java" Intrnl_Id="1230">
<LocList>
<Loc EndOffset="10125" SrcFileId="4" StartOffset="10101"/>
</LocList>
</BasicStmnt>
</StmntSeq>
<Keyword EndOffset="9868" SrcFileId="4" StartOffset="9865"/>
<LocList>
<Loc EndOffset="10160" SrcFileId="4" StartOffset="9865"/>
</LocList>
</LoopStmnt>
</StmntSeq>
</Branch>
<Branch CovItemId="B50" CovItemPrefix="com.OriginalFiles.MI.java" Implct="true" Intrnl_Id="1231">
<Cond/>
<LocList/>
<StmntSeq Intrnl_Id="1232">
<LocList/>
</StmntSeq>
</Branch>
<Keyword EndOffset="9802" SrcFileId="4" StartOffset="9800"/>
<LocList>
<Loc EndOffset="10191" SrcFileId="4" StartOffset="9800"/>
</LocList>
<RootTerm CovItemId="C28" CovItemPrefix="com.OriginalFiles.MI.java" Intrnl_Id="1233">
<OpTerm BooleanOpId="9" Intrnl_Id="1234">
<BasicBoolTerm Intrnl_Id="1235">
<LocList>
<Loc EndOffset="9828" SrcFileId="4" StartOffset="9805"/>
</LocList>
</BasicBoolTerm>
<LocList>
<Loc EndOffset="9805" SrcFileId="4" StartOffset="9804"/>
</LocList>
</OpTerm>
</RootTerm>
</CondStmnt>
</StmntSeq>
</Branch>
<Keyword EndOffset="8741" SrcFileId="4" StartOffset="8739"/>
<LocList>
<Loc EndOffset="10218" SrcFileId="4" StartOffset="8739"/>
</LocList>
<RootTerm CovItemId="C26" CovItemPrefix="com.OriginalFiles.MI.java" Intrnl_Id="1236">
<BasicBoolTerm Intrnl_Id="1237">
<LocList>
<Loc EndOffset="8774" SrcFileId="4" StartOffset="8743"/>
</LocList>
</BasicBoolTerm>
</RootTerm>
</CondStmnt>
</StmntSeq>
</Branch>
<Branch CovItemId="B44" CovItemPrefix="com.OriginalFiles.MI.java" Implct="true" Intrnl_Id="1238">
<Cond/>
<LocList/>
<StmntSeq Intrnl_Id="1239">
<LocList/>
</StmntSeq>
</Branch>
<Keyword EndOffset="8513" SrcFileId="4" StartOffset="8511"/>
<LocList>
<Loc EndOffset="10241" SrcFileId="4" StartOffset="8511"/>
</LocList>
<RootTerm CovItemId="C25" CovItemPrefix="com.OriginalFiles.MI.java" Intrnl_Id="1240">
<OpTerm BooleanOpId="10" Intrnl_Id="1241">
<BasicBoolTerm Intrnl_Id="1242">
<LocList>
<Loc EndOffset="8549" SrcFileId="4" StartOffset="8515"/>
</LocList>
</BasicBoolTerm>
<BasicBoolTerm Intrnl_Id="1243">
<LocList>
<Loc EndOffset="8677" SrcFileId="4" StartOffset="8582"/>
</LocList>
</BasicBoolTerm>
<LocList>
<Loc EndOffset="8581" SrcFileId="4" StartOffset="8579"/>
</LocList>
</OpTerm>
</RootTerm>
</CondStmnt>
</StmntSeq>
</Branch>
<Branch CovItemId="B42" CovItemPrefix="com.OriginalFiles.MI.java" Implct="true" Intrnl_Id="1244">
<Cond/>
<LocList/>
<StmntSeq Intrnl_Id="1245">
<LocList/>
</StmntSeq>
</Branch>
<Keyword EndOffset="8468" SrcFileId="4" StartOffset="8466"/>
<LocList>
<Loc EndOffset="10260" SrcFileId="4" StartOffset="8466"/>
</LocList>
<RootTerm CovItemId="C24" CovItemPrefix="com.OriginalFiles.MI.java" Intrnl_Id="1246">
<OpTerm BooleanOpId="9" Intrnl_Id="1247">
<BasicBoolTerm Intrnl_Id="1248">
<LocList>
<Loc EndOffset="8486" SrcFileId="4" StartOffset="8471"/>
</LocList>
</BasicBoolTerm>
<LocList>
<Loc EndOffset="8471" SrcFileId="4" StartOffset="8470"/>
</LocList>
</OpTerm>
</RootTerm>
</CondStmnt>
</StmntSeq>
<Keyword EndOffset="8428" SrcFileId="4" StartOffset="8425"/>
<LocList>
<Loc EndOffset="10275" SrcFileId="4" StartOffset="8425"/>
</LocList>
</LoopStmnt>
</StmntSeq>
<Keyword EndOffset="8363" SrcFileId="4" StartOffset="8360"/>
<LocList>
<Loc EndOffset="10286" SrcFileId="4" StartOffset="8360"/>
</LocList>
</LoopStmnt>
<CondStmnt CovItemId="S128" CovItemPrefix="com.OriginalFiles.MI.java" Intrnl_Id="1249">
<Branch CovItemId="B51" CovItemPrefix="com.OriginalFiles.MI.java" Implct="false" Intrnl_Id="1250">
<Cond/>
<LocList>
<Loc EndOffset="10376" SrcFileId="4" StartOffset="10329"/>
</LocList>
<StmntSeq Intrnl_Id="1251">
<LocList>
<Loc EndOffset="10365" SrcFileId="4" StartOffset="10344"/>
</LocList>
<BasicStmnt CovItemId="S129" CovItemPrefix="com.OriginalFiles.MI.java" Intrnl_Id="1252">
<LocList>
<Loc EndOffset="10365" SrcFileId="4" StartOffset="10344"/>
</LocList>
</BasicStmnt>
</StmntSeq>
</Branch>
<Branch CovItemId="B52" CovItemPrefix="com.OriginalFiles.MI.java" Implct="false" Intrnl_Id="1253">
<Cond>
<Loc EndOffset="10381" SrcFileId="4" StartOffset="10377"/>
</Cond>
<LocList>
<Loc EndOffset="10425" SrcFileId="4" StartOffset="10382"/>
</LocList>
<StmntSeq Intrnl_Id="1254">
<LocList>
<Loc EndOffset="10414" SrcFileId="4" StartOffset="10397"/>
</LocList>
<BasicStmnt CovItemId="S130" CovItemPrefix="com.OriginalFiles.MI.java" Intrnl_Id="1255">
<LocList>
<Loc EndOffset="10414" SrcFileId="4" StartOffset="10397"/>
</LocList>
</BasicStmnt>
</StmntSeq>
</Branch>
<Keyword EndOffset="10300" SrcFileId="4" StartOffset="10298"/>
<LocList>
<Loc EndOffset="10425" SrcFileId="4" StartOffset="10298"/>
</LocList>
<RootTerm CovItemId="C29" CovItemPrefix="com.OriginalFiles.MI.java" Intrnl_Id="1256">
<BasicBoolTerm Intrnl_Id="1257">
<LocList>
<Loc EndOffset="10327" SrcFileId="4" StartOffset="10302"/>
</LocList>
</BasicBoolTerm>
</RootTerm>
</CondStmnt>
</StmntSeq>
</HierarchyLvl>
</HierarchyLvl>
<HierarchyLvl HierarchyLvlId="450" HierarchyLvlTypeId="13" Intrnl_Id="1258" Name="Field">
<Header>
<Loc EndOffset="48" SrcFileId="5" StartOffset="30"/>
</Header>
<LocList>
<Loc EndOffset="1380" SrcFileId="5" StartOffset="30"/>
</LocList>
<StmntSeq Intrnl_Id="1259">
<LocList>
<Loc EndOffset="202" SrcFileId="5" StartOffset="171"/>
<Loc EndOffset="280" SrcFileId="5" StartOffset="246"/>
</LocList>
<BasicStmnt CovItemId="S1" CovItemPrefix="com.OriginalFiles.Field.java" Intrnl_Id="1260">
<LocList>
<Loc EndOffset="202" SrcFileId="5" StartOffset="171"/>
</LocList>
</BasicStmnt>
<BasicStmnt CovItemId="S2" CovItemPrefix="com.OriginalFiles.Field.java" Intrnl_Id="1261">
<LocList>
<Loc EndOffset="280" SrcFileId="5" StartOffset="246"/>
</LocList>
</BasicStmnt>
</StmntSeq>
<HierarchyLvl HierarchyLvlId="443" HierarchyLvlTypeId="14" Intrnl_Id="1262" Name="Field">
<Header>
<Loc EndOffset="300" SrcFileId="5" StartOffset="286"/>
</Header>
<LocList>
<Loc EndOffset="304" SrcFileId="5" StartOffset="286"/>
</LocList>
</HierarchyLvl>
<HierarchyLvl HierarchyLvlId="444" HierarchyLvlTypeId="14" Intrnl_Id="1263" Name="Field">
<Header>
<Loc EndOffset="347" SrcFileId="5" StartOffset="311"/>
</Header>
<LocList>
<Loc EndOffset="398" SrcFileId="5" StartOffset="311"/>
</LocList>
<StmntSeq Intrnl_Id="1264">
<LocList>
<Loc EndOffset="370" SrcFileId="5" StartOffset="359"/>
<Loc EndOffset="391" SrcFileId="5" StartOffset="380"/>
</LocList>
<BasicStmnt CovItemId="S3" CovItemPrefix="com.OriginalFiles.Field.java" Intrnl_Id="1265">
<LocList>
<Loc EndOffset="370" SrcFileId="5" StartOffset="359"/>
</LocList>
</BasicStmnt>
<BasicStmnt CovItemId="S4" CovItemPrefix="com.OriginalFiles.Field.java" Intrnl_Id="1266">
<LocList>
<Loc EndOffset="391" SrcFileId="5" StartOffset="380"/>
</LocList>
</BasicStmnt>
</StmntSeq>
</HierarchyLvl>
<HierarchyLvl HierarchyLvlId="445" HierarchyLvlTypeId="14" Intrnl_Id="1267" Name="setPieceOnField">
<Header>
<Loc EndOffset="589" SrcFileId="5" StartOffset="538"/>
</Header>
<LocList>
<Loc EndOffset="711" SrcFileId="5" StartOffset="538"/>
</LocList>
<StmntSeq Intrnl_Id="1268">
<LocList>
<Loc EndOffset="627" SrcFileId="5" StartOffset="601"/>
<Loc EndOffset="704" SrcFileId="5" StartOffset="637"/>
</LocList>
<BasicStmnt CovItemId="S5" CovItemPrefix="com.OriginalFiles.Field.java" Intrnl_Id="1269">
<LocList>
<Loc EndOffset="627" SrcFileId="5" StartOffset="601"/>
</LocList>
</BasicStmnt>
<CondStmnt CovItemId="S6" CovItemPrefix="com.OriginalFiles.Field.java" Intrnl_Id="1270">
<Branch CovItemId="B1" CovItemPrefix="com.OriginalFiles.Field.java" Implct="false" Intrnl_Id="1271">
<Cond/>
<LocList>
<Loc EndOffset="704" SrcFileId="5" StartOffset="653"/>
</LocList>
<StmntSeq Intrnl_Id="1272">
<LocList>
<Loc EndOffset="693" SrcFileId="5" StartOffset="668"/>
</LocList>
<BasicStmnt CovItemId="S7" CovItemPrefix="com.OriginalFiles.Field.java" Intrnl_Id="1273">
<LocList>
<Loc EndOffset="693" SrcFileId="5" StartOffset="668"/>
</LocList>
</BasicStmnt>
</StmntSeq>
</Branch>
<Branch CovItemId="B2" CovItemPrefix="com.OriginalFiles.Field.java" Implct="true" Intrnl_Id="1274">
<Cond/>
<LocList/>
<StmntSeq Intrnl_Id="1275">
<LocList/>
</StmntSeq>
</Branch>
<Keyword EndOffset="639" SrcFileId="5" StartOffset="637"/>
<LocList>
<Loc EndOffset="704" SrcFileId="5" StartOffset="637"/>
</LocList>
<RootTerm CovItemId="C1" CovItemPrefix="com.OriginalFiles.Field.java" Intrnl_Id="1276">
<OpTerm BooleanOpId="9" Intrnl_Id="1277">
<BasicBoolTerm Intrnl_Id="1278">
<LocList>
<Loc EndOffset="651" SrcFileId="5" StartOffset="642"/>
</LocList>
</BasicBoolTerm>
<LocList>
<Loc EndOffset="642" SrcFileId="5" StartOffset="641"/>
</LocList>
</OpTerm>
</RootTerm>
</CondStmnt>
</StmntSeq>
</HierarchyLvl>
<HierarchyLvl HierarchyLvlId="446" HierarchyLvlTypeId="14" Intrnl_Id="1279" Name="getPieceOnField">
<Header>
<Loc EndOffset="755" SrcFileId="5" StartOffset="719"/>
</Header>
<LocList>
<Loc EndOffset="794" SrcFileId="5" StartOffset="719"/>
</LocList>
<StmntSeq Intrnl_Id="1280">
<LocList>
<Loc EndOffset="787" SrcFileId="5" StartOffset="767"/>
</LocList>
<BasicStmnt CovItemId="S8" CovItemPrefix="com.OriginalFiles.Field.java" Intrnl_Id="1281">
<LocList>
<Loc EndOffset="787" SrcFileId="5" StartOffset="767"/>
</LocList>
</BasicStmnt>
</StmntSeq>
</HierarchyLvl>
<HierarchyLvl HierarchyLvlId="447" HierarchyLvlTypeId="14" Intrnl_Id="1282" Name="isEmpty">
<Header>
<Loc EndOffset="888" SrcFileId="5" StartOffset="858"/>
</Header>
<LocList>
<Loc EndOffset="937" SrcFileId="5" StartOffset="858"/>
</LocList>
<StmntSeq Intrnl_Id="1283">
<LocList>
<Loc EndOffset="930" SrcFileId="5" StartOffset="900"/>
</LocList>
<BasicStmnt CovItemId="S9" CovItemPrefix="com.OriginalFiles.Field.java" Intrnl_Id="1284">
<LocList>
<Loc EndOffset="930" SrcFileId="5" StartOffset="900"/>
</LocList>
</BasicStmnt>
</StmntSeq>
</HierarchyLvl>
<HierarchyLvl HierarchyLvlId="448" HierarchyLvlTypeId="14" Intrnl_Id="1285" Name="isPieceOfColor">
<Header>
<Loc EndOffset="1090" SrcFileId="5" StartOffset="1043"/>
</Header>
<LocList>
<Loc EndOffset="1232" SrcFileId="5" StartOffset="1043"/>
</LocList>
<StmntSeq Intrnl_Id="1286">
<LocList>
<Loc EndOffset="1225" SrcFileId="5" StartOffset="1102"/>
</LocList>
<CondStmnt CovItemId="S10" CovItemPrefix="com.OriginalFiles.Field.java" Intrnl_Id="1287">
<Branch CovItemId="B3" CovItemPrefix="com.OriginalFiles.Field.java" Implct="false" Intrnl_Id="1288">
<Cond/>
<LocList>
<Loc EndOffset="1156" SrcFileId="5" StartOffset="1117"/>
</LocList>
<StmntSeq Intrnl_Id="1289">
<LocList>
<Loc EndOffset="1145" SrcFileId="5" StartOffset="1132"/>
</LocList>
<BasicStmnt CovItemId="S11" CovItemPrefix="com.OriginalFiles.Field.java" Intrnl_Id="1290">
<LocList>
<Loc EndOffset="1145" SrcFileId="5" StartOffset="1132"/>
</LocList>
</BasicStmnt>
</StmntSeq>
</Branch>
<Branch CovItemId="B4" CovItemPrefix="com.OriginalFiles.Field.java" Implct="false" Intrnl_Id="1291">
<Cond>
<Loc EndOffset="1161" SrcFileId="5" StartOffset="1157"/>
</Cond>
<LocList>
<Loc EndOffset="1225" SrcFileId="5" StartOffset="1162"/>
</LocList>
<StmntSeq Intrnl_Id="1292">
<LocList>
<Loc EndOffset="1214" SrcFileId="5" StartOffset="1177"/>
</LocList>
<BasicStmnt CovItemId="S12" CovItemPrefix="com.OriginalFiles.Field.java" Intrnl_Id="1293">
<LocList>
<Loc EndOffset="1214" SrcFileId="5" StartOffset="1177"/>
</LocList>
</BasicStmnt>
</StmntSeq>
</Branch>
<Keyword EndOffset="1104" SrcFileId="5" StartOffset="1102"/>
<LocList>
<Loc EndOffset="1225" SrcFileId="5" StartOffset="1102"/>
</LocList>
<RootTerm CovItemId="C2" CovItemPrefix="com.OriginalFiles.Field.java" Intrnl_Id="1294">
<BasicBoolTerm Intrnl_Id="1295">
<LocList>
<Loc EndOffset="1115" SrcFileId="5" StartOffset="1106"/>
</LocList>
</BasicBoolTerm>
</RootTerm>
</CondStmnt>
</StmntSeq>
</HierarchyLvl>
<HierarchyLvl HierarchyLvlId="449" HierarchyLvlTypeId="14" Intrnl_Id="1296" Name="emptyThisField">
<Header>
<Loc EndOffset="1338" SrcFileId="5" StartOffset="1304"/>
</Header>
<LocList>
<Loc EndOffset="1377" SrcFileId="5" StartOffset="1304"/>
</LocList>
<StmntSeq Intrnl_Id="1297">
<LocList>
<Loc EndOffset="1370" SrcFileId="5" StartOffset="1350"/>
</LocList>
<BasicStmnt CovItemId="S13" CovItemPrefix="com.OriginalFiles.Field.java" Intrnl_Id="1298">
<LocList>
<Loc EndOffset="1370" SrcFileId="5" StartOffset="1350"/>
</LocList>
</BasicStmnt>
</StmntSeq>
</HierarchyLvl>
</HierarchyLvl>
<HierarchyLvl HierarchyLvlId="456" HierarchyLvlTypeId="13" Intrnl_Id="1299" Name="Communication">
<Header>
<Loc EndOffset="56" SrcFileId="6" StartOffset="30"/>
</Header>
<LocList>
<Loc EndOffset="555" SrcFileId="6" StartOffset="30"/>
</LocList>
<HierarchyLvl HierarchyLvlId="451" HierarchyLvlTypeId="14" Intrnl_Id="1300" Name="Communication">
<Header>
<Loc EndOffset="117" SrcFileId="6" StartOffset="66"/>
</Header>
<LocList>
<Loc EndOffset="175" SrcFileId="6" StartOffset="66"/>
</LocList>
</HierarchyLvl>
<HierarchyLvl HierarchyLvlId="452" HierarchyLvlTypeId="14" Intrnl_Id="1301" Name="myKingNotPlaced">
<Header>
<Loc EndOffset="212" SrcFileId="6" StartOffset="183"/>
</Header>
<LocList>
<Loc EndOffset="275" SrcFileId="6" StartOffset="183"/>
</LocList>
</HierarchyLvl>
<HierarchyLvl HierarchyLvlId="453" HierarchyLvlTypeId="14" Intrnl_Id="1302" Name="humanWon">
<Header>
<Loc EndOffset="305" SrcFileId="6" StartOffset="283"/>
</Header>
<LocList>
<Loc EndOffset="368" SrcFileId="6" StartOffset="283"/>
</LocList>
</HierarchyLvl>
<HierarchyLvl HierarchyLvlId="454" HierarchyLvlTypeId="14" Intrnl_Id="1303" Name="robotWon">
<Header>
<Loc EndOffset="398" SrcFileId="6" StartOffset="376"/>
</Header>
<LocList>
<Loc EndOffset="461" SrcFileId="6" StartOffset="376"/>
</LocList>
</HierarchyLvl>
<HierarchyLvl HierarchyLvlId="455" HierarchyLvlTypeId="14" Intrnl_Id="1304" Name="draw">
<Header>
<Loc EndOffset="487" SrcFileId="6" StartOffset="469"/>
</Header>
<LocList>
<Loc EndOffset="550" SrcFileId="6" StartOffset="469"/>
</LocList>
</HierarchyLvl>
</HierarchyLvl>
<HierarchyLvl HierarchyLvlId="482" HierarchyLvlTypeId="13" Intrnl_Id="1305" Name="Board">
<Header>
<Loc EndOffset="170" SrcFileId="7" StartOffset="152"/>
</Header>
<LocList>
<Loc EndOffset="15767" SrcFileId="7" StartOffset="152"/>
</LocList>
<StmntSeq Intrnl_Id="1306">
<LocList>
<Loc EndOffset="223" SrcFileId="7" StartOffset="180"/>
<Loc EndOffset="269" SrcFileId="7" StartOffset="229"/>
<Loc EndOffset="321" SrcFileId="7" StartOffset="275"/>
</LocList>
<BasicStmnt CovItemId="S1" CovItemPrefix="com.OriginalFiles.Board.java" Intrnl_Id="1307">
<LocList>
<Loc EndOffset="223" SrcFileId="7" StartOffset="180"/>
</LocList>
</BasicStmnt>
<BasicStmnt CovItemId="S2" CovItemPrefix="com.OriginalFiles.Board.java" Intrnl_Id="1308">
<LocList>
<Loc EndOffset="269" SrcFileId="7" StartOffset="229"/>
</LocList>
</BasicStmnt>
<BasicStmnt CovItemId="S3" CovItemPrefix="com.OriginalFiles.Board.java" Intrnl_Id="1309">
<LocList>
<Loc EndOffset="321" SrcFileId="7" StartOffset="275"/>
</LocList>
</BasicStmnt>
</StmntSeq>
<HierarchyLvl HierarchyLvlId="457" HierarchyLvlTypeId="14" Intrnl_Id="1310" Name="Board">
<Header>
<Loc EndOffset="584" SrcFileId="7" StartOffset="487"/>
</Header>
<LocList>
<Loc EndOffset="2985" SrcFileId="7" StartOffset="487"/>
</LocList>
<StmntSeq Intrnl_Id="1311">
<LocList>
<Loc EndOffset="637" SrcFileId="7" StartOffset="596"/>
<Loc EndOffset="696" SrcFileId="7" StartOffset="647"/>
<Loc EndOffset="738" SrcFileId="7" StartOffset="706"/>
<Loc EndOffset="769" SrcFileId="7" StartOffset="748"/>
<Loc EndOffset="2238" SrcFileId="7" StartOffset="840"/>
<Loc EndOffset="2725" SrcFileId="7" StartOffset="2376"/>
<Loc EndOffset="2978" SrcFileId="7" StartOffset="2756"/>
</LocList>
<BasicStmnt CovItemId="S4" CovItemPrefix="com.OriginalFiles.Board.java" Intrnl_Id="1312">
<LocList>
<Loc EndOffset="637" SrcFileId="7" StartOffset="596"/>
</LocList>
</BasicStmnt>
<BasicStmnt CovItemId="S5" CovItemPrefix="com.OriginalFiles.Board.java" Intrnl_Id="1313">
<LocList>
<Loc EndOffset="696" SrcFileId="7" StartOffset="647"/>
</LocList>
</BasicStmnt>
<BasicStmnt CovItemId="S6" CovItemPrefix="com.OriginalFiles.Board.java" Intrnl_Id="1314">
<LocList>
<Loc EndOffset="738" SrcFileId="7" StartOffset="706"/>
</LocList>
</BasicStmnt>
<BasicStmnt CovItemId="S7" CovItemPrefix="com.OriginalFiles.Board.java" Intrnl_Id="1315">
<LocList>
<Loc EndOffset="769" SrcFileId="7" StartOffset="748"/>
</LocList>
</BasicStmnt>
<LoopStmnt CovItemId="S8" CovItemPrefix="com.OriginalFiles.Board.java" Intrnl_Id="1316" MltplExecId="L1-2" MltplExecPrefix="com.OriginalFiles.Board.java" NvrExecId="L1-0" NvrExecPrefix="com.OriginalFiles.Board.java" OnceExecutedId="L1-1" OnceExecutedPrefix="com.OriginalFiles.Board.java" OptBodyExec="true">
<StmntSeq Intrnl_Id="1317">
<LocList>
<Loc EndOffset="2227" SrcFileId="7" StartOffset="879"/>
</LocList>
<LoopStmnt CovItemId="S9" CovItemPrefix="com.OriginalFiles.Board.java" Intrnl_Id="1318" MltplExecId="L2-2" MltplExecPrefix="com.OriginalFiles.Board.java" NvrExecId="L2-0" NvrExecPrefix="com.OriginalFiles.Board.java" OnceExecutedId="L2-1" OnceExecutedPrefix="com.OriginalFiles.Board.java" OptBodyExec="true">
<StmntSeq Intrnl_Id="1319">
<LocList>
<Loc EndOffset="947" SrcFileId="7" StartOffset="922"/>
<Loc EndOffset="976" SrcFileId="7" StartOffset="965"/>
<Loc EndOffset="1005" SrcFileId="7" StartOffset="994"/>
<Loc EndOffset="2173" SrcFileId="7" StartOffset="1130"/>
<Loc EndOffset="2212" SrcFileId="7" StartOffset="2191"/>
</LocList>
<BasicStmnt CovItemId="S10" CovItemPrefix="com.OriginalFiles.Board.java" Intrnl_Id="1320">
<LocList>
<Loc EndOffset="947" SrcFileId="7" StartOffset="922"/>
</LocList>
</BasicStmnt>
<BasicStmnt CovItemId="S11" CovItemPrefix="com.OriginalFiles.Board.java" Intrnl_Id="1321">
<LocList>
<Loc EndOffset="976" SrcFileId="7" StartOffset="965"/>
</LocList>
</BasicStmnt>
<BasicStmnt CovItemId="S12" CovItemPrefix="com.OriginalFiles.Board.java" Intrnl_Id="1322">
<LocList>
<Loc EndOffset="1005" SrcFileId="7" StartOffset="994"/>
</LocList>
</BasicStmnt>
<CondStmnt CovItemId="S13" CovItemPrefix="com.OriginalFiles.Board.java" Intrnl_Id="1323">
<Branch CovItemId="B1" CovItemPrefix="com.OriginalFiles.Board.java" Implct="false" Intrnl_Id="1324">
<Cond/>
<LocList>
<Loc EndOffset="2099" SrcFileId="7" StartOffset="1152"/>
</LocList>
<StmntSeq Intrnl_Id="1325">
<LocList>
<Loc EndOffset="1200" SrcFileId="7" StartOffset="1175"/>
<Loc EndOffset="1248" SrcFileId="7" StartOffset="1222"/>
<Loc EndOffset="1679" SrcFileId="7" StartOffset="1270"/>
<Loc EndOffset="2023" SrcFileId="7" StartOffset="1736"/>
<Loc EndOffset="2080" SrcFileId="7" StartOffset="2045"/>
</LocList>
<BasicStmnt CovItemId="S14" CovItemPrefix="com.OriginalFiles.Board.java" Intrnl_Id="1326">
<LocList>
<Loc EndOffset="1200" SrcFileId="7" StartOffset="1175"/>
</LocList>
</BasicStmnt>
<BasicStmnt CovItemId="S15" CovItemPrefix="com.OriginalFiles.Board.java" Intrnl_Id="1327">
<LocList>
<Loc EndOffset="1248" SrcFileId="7" StartOffset="1222"/>
</LocList>
</BasicStmnt>
<CondStmnt CovItemId="S16" CovItemPrefix="com.OriginalFiles.Board.java" Intrnl_Id="1328">
<Branch CovItemId="B3" CovItemPrefix="com.OriginalFiles.Board.java" Implct="false" Intrnl_Id="1329">
<Cond/>
<LocList>
<Loc EndOffset="1679" SrcFileId="7" StartOffset="1281"/>
</LocList>
<StmntSeq Intrnl_Id="1330">
<LocList>
<Loc EndOffset="1339" SrcFileId="7" StartOffset="1308"/>
<Loc EndOffset="1401" SrcFileId="7" StartOffset="1365"/>
<Loc EndOffset="1656" SrcFileId="7" StartOffset="1555"/>
</LocList>
<BasicStmnt CovItemId="S17" CovItemPrefix="com.OriginalFiles.Board.java" Intrnl_Id="1331">
<LocList>
<Loc EndOffset="1339" SrcFileId="7" StartOffset="1308"/>
</LocList>
</BasicStmnt>
<BasicStmnt CovItemId="S18" CovItemPrefix="com.OriginalFiles.Board.java" Intrnl_Id="1332">
<LocList>
<Loc EndOffset="1401" SrcFileId="7" StartOffset="1365"/>
</LocList>
</BasicStmnt>
<CondStmnt CovItemId="S19" CovItemPrefix="com.OriginalFiles.Board.java" Intrnl_Id="1333">
<Branch CovItemId="B5" CovItemPrefix="com.OriginalFiles.Board.java" Implct="false" Intrnl_Id="1334">
<Cond/>
<LocList>
<Loc EndOffset="1656" SrcFileId="7" StartOffset="1567"/>
</LocList>
<StmntSeq Intrnl_Id="1335">
<LocList>
<Loc EndOffset="1629" SrcFileId="7" StartOffset="1598"/>
</LocList>
<BasicStmnt CovItemId="S20" CovItemPrefix="com.OriginalFiles.Board.java" Intrnl_Id="1336">
<LocList>
<Loc EndOffset="1629" SrcFileId="7" StartOffset="1598"/>
</LocList>
</BasicStmnt>
</StmntSeq>
</Branch>
<Branch CovItemId="B6" CovItemPrefix="com.OriginalFiles.Board.java" Implct="true" Intrnl_Id="1337">
<Cond/>
<LocList/>
<StmntSeq Intrnl_Id="1338">
<LocList/>
</StmntSeq>
</Branch>
<Keyword EndOffset="1557" SrcFileId="7" StartOffset="1555"/>
<LocList>
<Loc EndOffset="1656" SrcFileId="7" StartOffset="1555"/>
</LocList>
<RootTerm CovItemId="C5" CovItemPrefix="com.OriginalFiles.Board.java" Intrnl_Id="1339">
<BasicBoolTerm Intrnl_Id="1340">
<LocList>
<Loc EndOffset="1565" SrcFileId="7" StartOffset="1559"/>
</LocList>
</BasicBoolTerm>
</RootTerm>
</CondStmnt>
</StmntSeq>
</Branch>
<Branch CovItemId="B4" CovItemPrefix="com.OriginalFiles.Board.java" Implct="true" Intrnl_Id="1341">
<Cond/>
<LocList/>
<StmntSeq Intrnl_Id="1342">
<LocList/>
</StmntSeq>
</Branch>
<Keyword EndOffset="1272" SrcFileId="7" StartOffset="1270"/>
<LocList>
<Loc EndOffset="1679" SrcFileId="7" StartOffset="1270"/>
</LocList>
<RootTerm CovItemId="C4" CovItemPrefix="com.OriginalFiles.Board.java" Intrnl_Id="1343">
<BasicBoolTerm Intrnl_Id="1344">
<LocList>
<Loc EndOffset="1279" SrcFileId="7" StartOffset="1274"/>
</LocList>
</BasicBoolTerm>
</RootTerm>
</CondStmnt>
<CondStmnt CovItemId="S21" CovItemPrefix="com.OriginalFiles.Board.java" Intrnl_Id="1345">
<Branch CovItemId="B7" CovItemPrefix="com.OriginalFiles.Board.java" Implct="false" Intrnl_Id="1346">
<Cond/>
<LocList>
<Loc EndOffset="2023" SrcFileId="7" StartOffset="1747"/>
</LocList>
<StmntSeq Intrnl_Id="1347">
<LocList>
<Loc EndOffset="1805" SrcFileId="7" StartOffset="1774"/>
<Loc EndOffset="1873" SrcFileId="7" StartOffset="1831"/>
<Loc EndOffset="2000" SrcFileId="7" StartOffset="1899"/>
</LocList>
<BasicStmnt CovItemId="S22" CovItemPrefix="com.OriginalFiles.Board.java" Intrnl_Id="1348">
<LocList>
<Loc EndOffset="1805" SrcFileId="7" StartOffset="1774"/>
</LocList>
</BasicStmnt>
<BasicStmnt CovItemId="S23" CovItemPrefix="com.OriginalFiles.Board.java" Intrnl_Id="1349">
<LocList>
<Loc EndOffset="1873" SrcFileId="7" StartOffset="1831"/>
</LocList>
</BasicStmnt>
<CondStmnt CovItemId="S24" CovItemPrefix="com.OriginalFiles.Board.java" Intrnl_Id="1350">
<Branch CovItemId="B9" CovItemPrefix="com.OriginalFiles.Board.java" Implct="false" Intrnl_Id="1351">
<Cond/>
<LocList>
<Loc EndOffset="2000" SrcFileId="7" StartOffset="1911"/>
</LocList>
<StmntSeq Intrnl_Id="1352">
<LocList>
<Loc EndOffset="1973" SrcFileId="7" StartOffset="1942"/>
</LocList>
<BasicStmnt CovItemId="S25" CovItemPrefix="com.OriginalFiles.Board.java" Intrnl_Id="1353">
<LocList>
<Loc EndOffset="1973" SrcFileId="7" StartOffset="1942"/>
</LocList>
</BasicStmnt>
</StmntSeq>
</Branch>
<Branch CovItemId="B10" CovItemPrefix="com.OriginalFiles.Board.java" Implct="true" Intrnl_Id="1354">
<Cond/>
<LocList/>
<StmntSeq Intrnl_Id="1355">
<LocList/>
</StmntSeq>
</Branch>
<Keyword EndOffset="1901" SrcFileId="7" StartOffset="1899"/>
<LocList>
<Loc EndOffset="2000" SrcFileId="7" StartOffset="1899"/>
</LocList>
<RootTerm CovItemId="C7" CovItemPrefix="com.OriginalFiles.Board.java" Intrnl_Id="1356">
<BasicBoolTerm Intrnl_Id="1357">
<LocList>
<Loc EndOffset="1909" SrcFileId="7" StartOffset="1903"/>
</LocList>
</BasicBoolTerm>
</RootTerm>
</CondStmnt>
</StmntSeq>
</Branch>
<Branch CovItemId="B8" CovItemPrefix="com.OriginalFiles.Board.java" Implct="true" Intrnl_Id="1358">
<Cond/>
<LocList/>
<StmntSeq Intrnl_Id="1359">
<LocList/>
</StmntSeq>
</Branch>
<Keyword EndOffset="1738" SrcFileId="7" StartOffset="1736"/>
<LocList>
<Loc EndOffset="2023" SrcFileId="7" StartOffset="1736"/>
</LocList>
<RootTerm CovItemId="C6" CovItemPrefix="com.OriginalFiles.Board.java" Intrnl_Id="1360">
<BasicBoolTerm Intrnl_Id="1361">
<LocList>
<Loc EndOffset="1745" SrcFileId="7" StartOffset="1740"/>
</LocList>
</BasicBoolTerm>
</RootTerm>
</CondStmnt>
<BasicStmnt CovItemId="S26" CovItemPrefix="com.OriginalFiles.Board.java" Intrnl_Id="1362">
<LocList>
<Loc EndOffset="2080" SrcFileId="7" StartOffset="2045"/>
</LocList>
</BasicStmnt>
</StmntSeq>
</Branch>
<Branch CovItemId="B2" CovItemPrefix="com.OriginalFiles.Board.java" Implct="false" Intrnl_Id="1363">
<Cond>
<Loc EndOffset="2104" SrcFileId="7" StartOffset="2100"/>
</Cond>
<LocList>
<Loc EndOffset="2173" SrcFileId="7" StartOffset="2105"/>
</LocList>
<StmntSeq Intrnl_Id="1364">
<LocList>
<Loc EndOffset="2154" SrcFileId="7" StartOffset="2128"/>
</LocList>
<BasicStmnt CovItemId="S27" CovItemPrefix="com.OriginalFiles.Board.java" Intrnl_Id="1365">
<LocList>
<Loc EndOffset="2154" SrcFileId="7" StartOffset="2128"/>
</LocList>
</BasicStmnt>
</StmntSeq>
</Branch>
<Keyword EndOffset="1132" SrcFileId="7" StartOffset="1130"/>
<LocList>
<Loc EndOffset="2173" SrcFileId="7" StartOffset="1130"/>
</LocList>
<RootTerm CovItemId="C3" CovItemPrefix="com.OriginalFiles.Board.java" Intrnl_Id="1366">
<BasicBoolTerm Intrnl_Id="1367">
<LocList>
<Loc EndOffset="1150" SrcFileId="7" StartOffset="1134"/>
</LocList>
</BasicBoolTerm>
</RootTerm>
</CondStmnt>
<BasicStmnt CovItemId="S28" CovItemPrefix="com.OriginalFiles.Board.java" Intrnl_Id="1368">
<LocList>
<Loc EndOffset="2212" SrcFileId="7" StartOffset="2191"/>
</LocList>
</BasicStmnt>
</StmntSeq>
<Keyword EndOffset="882" SrcFileId="7" StartOffset="879"/>
<LocList>
<Loc EndOffset="2227" SrcFileId="7" StartOffset="879"/>
</LocList>
<RootTerm CovItemId="C2" CovItemPrefix="com.OriginalFiles.Board.java" Intrnl_Id="1369">
<BasicBoolTerm Intrnl_Id="1370">
<LocList>
<Loc EndOffset="896" SrcFileId="7" StartOffset="891"/>
</LocList>
</BasicBoolTerm>
</RootTerm>
</LoopStmnt>
</StmntSeq>
<Keyword EndOffset="843" SrcFileId="7" StartOffset="840"/>
<LocList>
<Loc EndOffset="2238" SrcFileId="7" StartOffset="840"/>
</LocList>
<RootTerm CovItemId="C1" CovItemPrefix="com.OriginalFiles.Board.java" Intrnl_Id="1371">
<BasicBoolTerm Intrnl_Id="1372">
<LocList>
<Loc EndOffset="857" SrcFileId="7" StartOffset="852"/>
</LocList>
</BasicBoolTerm>
</RootTerm>
</LoopStmnt>
<LoopStmnt CovItemId="S29" CovItemPrefix="com.OriginalFiles.Board.java" Intrnl_Id="1373" MltplExecId="L3-2" MltplExecPrefix="com.OriginalFiles.Board.java" NvrExecId="L3-0" NvrExecPrefix="com.OriginalFiles.Board.java" OnceExecutedId="L3-1" OnceExecutedPrefix="com.OriginalFiles.Board.java" OptBodyExec="true">
<StmntSeq Intrnl_Id="1374">
<LocList>
<Loc EndOffset="2444" SrcFileId="7" StartOffset="2419"/>
<Loc EndOffset="2469" SrcFileId="7" StartOffset="2458"/>
<Loc EndOffset="2495" SrcFileId="7" StartOffset="2483"/>
<Loc EndOffset="2543" SrcFileId="7" StartOffset="2509"/>
<Loc EndOffset="2593" SrcFileId="7" StartOffset="2557"/>
<Loc EndOffset="2634" SrcFileId="7" StartOffset="2607"/>
<Loc EndOffset="2680" SrcFileId="7" StartOffset="2648"/>
<Loc EndOffset="2714" SrcFileId="7" StartOffset="2694"/>
</LocList>
<BasicStmnt CovItemId="S30" CovItemPrefix="com.OriginalFiles.Board.java" Intrnl_Id="1375">
<LocList>
<Loc EndOffset="2444" SrcFileId="7" StartOffset="2419"/>
</LocList>
</BasicStmnt>
<BasicStmnt CovItemId="S31" CovItemPrefix="com.OriginalFiles.Board.java" Intrnl_Id="1376">
<LocList>
<Loc EndOffset="2469" SrcFileId="7" StartOffset="2458"/>
</LocList>
</BasicStmnt>
<BasicStmnt CovItemId="S32" CovItemPrefix="com.OriginalFiles.Board.java" Intrnl_Id="1377">
<LocList>
<Loc EndOffset="2495" SrcFileId="7" StartOffset="2483"/>
</LocList>
</BasicStmnt>
<BasicStmnt CovItemId="S33" CovItemPrefix="com.OriginalFiles.Board.java" Intrnl_Id="1378">
<LocList>
<Loc EndOffset="2543" SrcFileId="7" StartOffset="2509"/>
</LocList>
</BasicStmnt>
<BasicStmnt CovItemId="S34" CovItemPrefix="com.OriginalFiles.Board.java" Intrnl_Id="1379">
<LocList>
<Loc EndOffset="2593" SrcFileId="7" StartOffset="2557"/>
</LocList>
</BasicStmnt>
<BasicStmnt CovItemId="S35" CovItemPrefix="com.OriginalFiles.Board.java" Intrnl_Id="1380">
<LocList>
<Loc EndOffset="2634" SrcFileId="7" StartOffset="2607"/>
</LocList>
</BasicStmnt>
<BasicStmnt CovItemId="S36" CovItemPrefix="com.OriginalFiles.Board.java" Intrnl_Id="1381">
<LocList>
<Loc EndOffset="2680" SrcFileId="7" StartOffset="2648"/>
</LocList>
</BasicStmnt>
<BasicStmnt CovItemId="S37" CovItemPrefix="com.OriginalFiles.Board.java" Intrnl_Id="1382">
<LocList>
<Loc EndOffset="2714" SrcFileId="7" StartOffset="2694"/>
</LocList>
</BasicStmnt>
</StmntSeq>
<Keyword EndOffset="2379" SrcFileId="7" StartOffset="2376"/>
<LocList>
<Loc EndOffset="2725" SrcFileId="7" StartOffset="2376"/>
</LocList>
<RootTerm CovItemId="C8" CovItemPrefix="com.OriginalFiles.Board.java" Intrnl_Id="1383">
<BasicBoolTerm Intrnl_Id="1384">
<LocList>
<Loc EndOffset="2397" SrcFileId="7" StartOffset="2392"/>
</LocList>
</BasicBoolTerm>
</RootTerm>
</LoopStmnt>
<LoopStmnt CovItemId="S38" CovItemPrefix="com.OriginalFiles.Board.java" Intrnl_Id="1385" MltplExecId="L4-2" MltplExecPrefix="com.OriginalFiles.Board.java" NvrExecId="L4-0" NvrExecPrefix="com.OriginalFiles.Board.java" OnceExecutedId="L4-1" OnceExecutedPrefix="com.OriginalFiles.Board.java" OptBodyExec="true">
<StmntSeq Intrnl_Id="1386">
<LocList>
<Loc EndOffset="2967" SrcFileId="7" StartOffset="2795"/>
</LocList>
<LoopStmnt CovItemId="S39" CovItemPrefix="com.OriginalFiles.Board.java" Intrnl_Id="1387" MltplExecId="L5-2" MltplExecPrefix="com.OriginalFiles.Board.java" NvrExecId="L5-0" NvrExecPrefix="com.OriginalFiles.Board.java" OnceExecutedId="L5-1" OnceExecutedPrefix="com.OriginalFiles.Board.java" OptBodyExec="true">
<StmntSeq Intrnl_Id="1388">
<LocList>
<Loc EndOffset="2863" SrcFileId="7" StartOffset="2838"/>
<Loc EndOffset="2888" SrcFileId="7" StartOffset="2877"/>
<Loc EndOffset="2918" SrcFileId="7" StartOffset="2902"/>
<Loc EndOffset="2956" SrcFileId="7" StartOffset="2932"/>
</LocList>
<BasicStmnt CovItemId="S40" CovItemPrefix="com.OriginalFiles.Board.java" Intrnl_Id="1389">
<LocList>
<Loc EndOffset="2863" SrcFileId="7" StartOffset="2838"/>
</LocList>
</BasicStmnt>
<BasicStmnt CovItemId="S41" CovItemPrefix="com.OriginalFiles.Board.java" Intrnl_Id="1390">
<LocList>
<Loc EndOffset="2888" SrcFileId="7" StartOffset="2877"/>
</LocList>
</BasicStmnt>
<BasicStmnt CovItemId="S42" CovItemPrefix="com.OriginalFiles.Board.java" Intrnl_Id="1391">
<LocList>
<Loc EndOffset="2918" SrcFileId="7" StartOffset="2902"/>
</LocList>
</BasicStmnt>
<BasicStmnt CovItemId="S43" CovItemPrefix="com.OriginalFiles.Board.java" Intrnl_Id="1392">
<LocList>
<Loc EndOffset="2956" SrcFileId="7" StartOffset="2932"/>
</LocList>
</BasicStmnt>
</StmntSeq>
<Keyword EndOffset="2798" SrcFileId="7" StartOffset="2795"/>
<LocList>
<Loc EndOffset="2967" SrcFileId="7" StartOffset="2795"/>
</LocList>
<RootTerm CovItemId="C10" CovItemPrefix="com.OriginalFiles.Board.java" Intrnl_Id="1393">
<BasicBoolTerm Intrnl_Id="1394">
<LocList>
<Loc EndOffset="2816" SrcFileId="7" StartOffset="2811"/>
</LocList>
</BasicBoolTerm>
</RootTerm>
</LoopStmnt>
</StmntSeq>
<Keyword EndOffset="2759" SrcFileId="7" StartOffset="2756"/>
<LocList>
<Loc EndOffset="2978" SrcFileId="7" StartOffset="2756"/>
</LocList>
<RootTerm CovItemId="C9" CovItemPrefix="com.OriginalFiles.Board.java" Intrnl_Id="1395">
<BasicBoolTerm Intrnl_Id="1396">
<LocList>
<Loc EndOffset="2777" SrcFileId="7" StartOffset="2772"/>
</LocList>
</BasicBoolTerm>
</RootTerm>
</LoopStmnt>
</StmntSeq>
</HierarchyLvl>
<HierarchyLvl HierarchyLvlId="458" HierarchyLvlTypeId="14" Intrnl_Id="1397" Name="resetVisited">
<Header>
<Loc EndOffset="3025" SrcFileId="7" StartOffset="2993"/>
</Header>
<LocList>
<Loc EndOffset="3174" SrcFileId="7" StartOffset="2993"/>
</LocList>
<StmntSeq Intrnl_Id="1398">
<LocList>
<Loc EndOffset="3167" SrcFileId="7" StartOffset="3037"/>
</LocList>
<LoopStmnt CovItemId="S44" CovItemPrefix="com.OriginalFiles.Board.java" Intrnl_Id="1399" MltplExecId="L6-2" MltplExecPrefix="com.OriginalFiles.Board.java" NvrExecId="L6-0" NvrExecPrefix="com.OriginalFiles.Board.java" OnceExecutedId="L6-1" OnceExecutedPrefix="com.OriginalFiles.Board.java" OptBodyExec="true">
<StmntSeq Intrnl_Id="1400">
<LocList>
<Loc EndOffset="3156" SrcFileId="7" StartOffset="3078"/>
</LocList>
<LoopStmnt CovItemId="S45" CovItemPrefix="com.OriginalFiles.Board.java" Intrnl_Id="1401" MltplExecId="L7-2" MltplExecPrefix="com.OriginalFiles.Board.java" NvrExecId="L7-0" NvrExecPrefix="com.OriginalFiles.Board.java" OnceExecutedId="L7-1" OnceExecutedPrefix="com.OriginalFiles.Board.java" OptBodyExec="true">
<StmntSeq Intrnl_Id="1402">
<LocList>
<Loc EndOffset="3141" SrcFileId="7" StartOffset="3119"/>
</LocList>
<BasicStmnt CovItemId="S46" CovItemPrefix="com.OriginalFiles.Board.java" Intrnl_Id="1403">
<LocList>
<Loc EndOffset="3141" SrcFileId="7" StartOffset="3119"/>
</LocList>
</BasicStmnt>
</StmntSeq>
<Keyword EndOffset="3081" SrcFileId="7" StartOffset="3078"/>
<LocList>
<Loc EndOffset="3156" SrcFileId="7" StartOffset="3078"/>
</LocList>
</LoopStmnt>
</StmntSeq>
<Keyword EndOffset="3040" SrcFileId="7" StartOffset="3037"/>
<LocList>
<Loc EndOffset="3167" SrcFileId="7" StartOffset="3037"/>
</LocList>
</LoopStmnt>
</StmntSeq>
</HierarchyLvl>
<HierarchyLvl HierarchyLvlId="459" HierarchyLvlTypeId="14" Intrnl_Id="1404" Name="sortListOfFields">
<Header>
<Loc EndOffset="3311" SrcFileId="7" StartOffset="3251"/>
</Header>
<LocList>
<Loc EndOffset="4068" SrcFileId="7" StartOffset="3251"/>
</LocList>
<StmntSeq Intrnl_Id="1405">
<LocList>
<Loc EndOffset="3333" SrcFileId="7" StartOffset="3323"/>
<Loc EndOffset="3353" SrcFileId="7" StartOffset="3343"/>
<Loc EndOffset="3408" SrcFileId="7" StartOffset="3363"/>
<Loc EndOffset="4061" SrcFileId="7" StartOffset="3418"/>
</LocList>
<BasicStmnt CovItemId="S47" CovItemPrefix="com.OriginalFiles.Board.java" Intrnl_Id="1406">
<LocList>
<Loc EndOffset="3333" SrcFileId="7" StartOffset="3323"/>
</LocList>
</BasicStmnt>
<BasicStmnt CovItemId="S48" CovItemPrefix="com.OriginalFiles.Board.java" Intrnl_Id="1407">
<LocList>
<Loc EndOffset="3353" SrcFileId="7" StartOffset="3343"/>
</LocList>
</BasicStmnt>
<BasicStmnt CovItemId="S49" CovItemPrefix="com.OriginalFiles.Board.java" Intrnl_Id="1408">
<LocList>
<Loc EndOffset="3408" SrcFileId="7" StartOffset="3363"/>
</LocList>
</BasicStmnt>
<LoopStmnt CovItemId="S50" CovItemPrefix="com.OriginalFiles.Board.java" Intrnl_Id="1409" MltplExecId="L8-2" MltplExecPrefix="com.OriginalFiles.Board.java" NvrExecId="L8-0" NvrExecPrefix="com.OriginalFiles.Board.java" OnceExecutedId="L8-1" OnceExecutedPrefix="com.OriginalFiles.Board.java" OptBodyExec="true">
<StmntSeq Intrnl_Id="1410">
<LocList>
<Loc EndOffset="3970" SrcFileId="7" StartOffset="3478"/>
<Loc EndOffset="4010" SrcFileId="7" StartOffset="3984"/>
<Loc EndOffset="4050" SrcFileId="7" StartOffset="4024"/>
</LocList>
<LoopStmnt CovItemId="S51" CovItemPrefix="com.OriginalFiles.Board.java" Intrnl_Id="1411" MltplExecId="L9-2" MltplExecPrefix="com.OriginalFiles.Board.java" NvrExecId="L9-0" NvrExecPrefix="com.OriginalFiles.Board.java" OnceExecutedId="L9-1" OnceExecutedPrefix="com.OriginalFiles.Board.java" OptBodyExec="true">
<StmntSeq Intrnl_Id="1412">
<LocList>
<Loc EndOffset="3955" SrcFileId="7" StartOffset="3546"/>
</LocList>
<CondStmnt CovItemId="S52" CovItemPrefix="com.OriginalFiles.Board.java" Intrnl_Id="1413">
<Branch CovItemId="B11" CovItemPrefix="com.OriginalFiles.Board.java" Implct="false" Intrnl_Id="1414">
<Cond/>
<LocList>
<Loc EndOffset="3955" SrcFileId="7" StartOffset="3635"/>
</LocList>
<StmntSeq Intrnl_Id="1415">
<LocList>
<Loc EndOffset="3692" SrcFileId="7" StartOffset="3658"/>
<Loc EndOffset="3748" SrcFileId="7" StartOffset="3714"/>
<Loc EndOffset="3793" SrcFileId="7" StartOffset="3770"/>
<Loc EndOffset="3838" SrcFileId="7" StartOffset="3815"/>
<Loc EndOffset="3887" SrcFileId="7" StartOffset="3860"/>
<Loc EndOffset="3936" SrcFileId="7" StartOffset="3909"/>
</LocList>
<BasicStmnt CovItemId="S53" CovItemPrefix="com.OriginalFiles.Board.java" Intrnl_Id="1416">
<LocList>
<Loc EndOffset="3692" SrcFileId="7" StartOffset="3658"/>
</LocList>
</BasicStmnt>
<BasicStmnt CovItemId="S54" CovItemPrefix="com.OriginalFiles.Board.java" Intrnl_Id="1417">
<LocList>
<Loc EndOffset="3748" SrcFileId="7" StartOffset="3714"/>
</LocList>
</BasicStmnt>
<BasicStmnt CovItemId="S55" CovItemPrefix="com.OriginalFiles.Board.java" Intrnl_Id="1418">
<LocList>
<Loc EndOffset="3793" SrcFileId="7" StartOffset="3770"/>
</LocList>
</BasicStmnt>
<BasicStmnt CovItemId="S56" CovItemPrefix="com.OriginalFiles.Board.java" Intrnl_Id="1419">
<LocList>
<Loc EndOffset="3838" SrcFileId="7" StartOffset="3815"/>
</LocList>
</BasicStmnt>
<BasicStmnt CovItemId="S57" CovItemPrefix="com.OriginalFiles.Board.java" Intrnl_Id="1420">
<LocList>
<Loc EndOffset="3887" SrcFileId="7" StartOffset="3860"/>
</LocList>
</BasicStmnt>
<BasicStmnt CovItemId="S58" CovItemPrefix="com.OriginalFiles.Board.java" Intrnl_Id="1421">
<LocList>
<Loc EndOffset="3936" SrcFileId="7" StartOffset="3909"/>
</LocList>
</BasicStmnt>
</StmntSeq>
</Branch>
<Branch CovItemId="B12" CovItemPrefix="com.OriginalFiles.Board.java" Implct="true" Intrnl_Id="1422">
<Cond/>
<LocList/>
<StmntSeq Intrnl_Id="1423">
<LocList/>
</StmntSeq>
</Branch>
<Keyword EndOffset="3548" SrcFileId="7" StartOffset="3546"/>
<LocList>
<Loc EndOffset="3955" SrcFileId="7" StartOffset="3546"/>
</LocList>
<RootTerm CovItemId="C13" CovItemPrefix="com.OriginalFiles.Board.java" Intrnl_Id="1424">
<OpTerm BooleanOpId="9" Intrnl_Id="1425">
<BasicBoolTerm Intrnl_Id="1426">
<LocList>
<Loc EndOffset="3633" SrcFileId="7" StartOffset="3551"/>
</LocList>
</BasicBoolTerm>
<LocList>
<Loc EndOffset="3551" SrcFileId="7" StartOffset="3550"/>
</LocList>
</OpTerm>
</RootTerm>
</CondStmnt>
</StmntSeq>
<Keyword EndOffset="3481" SrcFileId="7" StartOffset="3478"/>
<LocList>
<Loc EndOffset="3970" SrcFileId="7" StartOffset="3478"/>
</LocList>
<RootTerm CovItemId="C12" CovItemPrefix="com.OriginalFiles.Board.java" Intrnl_Id="1427">
<BasicBoolTerm Intrnl_Id="1428">
<LocList>
<Loc EndOffset="3520" SrcFileId="7" StartOffset="3498"/>
</LocList>
</BasicBoolTerm>
</RootTerm>
</LoopStmnt>
<BasicStmnt CovItemId="S59" CovItemPrefix="com.OriginalFiles.Board.java" Intrnl_Id="1429">
<LocList>
<Loc EndOffset="4010" SrcFileId="7" StartOffset="3984"/>
</LocList>
</BasicStmnt>
<BasicStmnt CovItemId="S60" CovItemPrefix="com.OriginalFiles.Board.java" Intrnl_Id="1430">
<LocList>
<Loc EndOffset="4050" SrcFileId="7" StartOffset="4024"/>
</LocList>
</BasicStmnt>
</StmntSeq>
<Keyword EndOffset="3421" SrcFileId="7" StartOffset="3418"/>
<LocList>
<Loc EndOffset="4061" SrcFileId="7" StartOffset="3418"/>
</LocList>
<RootTerm CovItemId="C11" CovItemPrefix="com.OriginalFiles.Board.java" Intrnl_Id="1431">
<BasicBoolTerm Intrnl_Id="1432">
<LocList>
<Loc EndOffset="3456" SrcFileId="7" StartOffset="3434"/>
</LocList>
</BasicBoolTerm>
</RootTerm>
</LoopStmnt>
</StmntSeq>
</HierarchyLvl>
<HierarchyLvl HierarchyLvlId="460" HierarchyLvlTypeId="14" Intrnl_Id="1433" Name="isGreater">
<Header>
<Loc EndOffset="4256" SrcFileId="7" StartOffset="4151"/>
</Header>
<LocList>
<Loc EndOffset="5709" SrcFileId="7" StartOffset="4151"/>
</LocList>
<StmntSeq Intrnl_Id="1434">
<LocList>
<Loc EndOffset="5702" SrcFileId="7" StartOffset="4311"/>
</LocList>
<CondStmnt CovItemId="S61" CovItemPrefix="com.OriginalFiles.Board.java" Intrnl_Id="1435">
<Branch CovItemId="B13" CovItemPrefix="com.OriginalFiles.Board.java" Implct="false" Intrnl_Id="1436">
<Cond/>
<LocList>
<Loc EndOffset="4591" SrcFileId="7" StartOffset="4553"/>
</LocList>
<StmntSeq Intrnl_Id="1437">
<LocList>
<Loc EndOffset="4580" SrcFileId="7" StartOffset="4568"/>
</LocList>
<BasicStmnt CovItemId="S62" CovItemPrefix="com.OriginalFiles.Board.java" Intrnl_Id="1438">
<LocList>
<Loc EndOffset="4580" SrcFileId="7" StartOffset="4568"/>
</LocList>
</BasicStmnt>
</StmntSeq>
</Branch>
<Branch CovItemId="B14" CovItemPrefix="com.OriginalFiles.Board.java" Implct="false" Intrnl_Id="1439">
<Cond>
<Loc EndOffset="4596" SrcFileId="7" StartOffset="4592"/>
</Cond>
<LocList>
<Loc EndOffset="5702" SrcFileId="7" StartOffset="4597"/>
</LocList>
<StmntSeq Intrnl_Id="1440">
<LocList>
<Loc EndOffset="5702" SrcFileId="7" StartOffset="4597"/>
</LocList>
<CondStmnt CovItemId="S63" CovItemPrefix="com.OriginalFiles.Board.java" Intrnl_Id="1441">
<Branch CovItemId="B15" CovItemPrefix="com.OriginalFiles.Board.java" Implct="false" Intrnl_Id="1442">
<Cond/>
<LocList>
<Loc EndOffset="4739" SrcFileId="7" StartOffset="4701"/>
</LocList>
<StmntSeq Intrnl_Id="1443">
<LocList>
<Loc EndOffset="4728" SrcFileId="7" StartOffset="4716"/>
</LocList>
<BasicStmnt CovItemId="S64" CovItemPrefix="com.OriginalFiles.Board.java" Intrnl_Id="1444">
<LocList>
<Loc EndOffset="4728" SrcFileId="7" StartOffset="4716"/>
</LocList>
</BasicStmnt>
</StmntSeq>
</Branch>
<Branch CovItemId="B16" CovItemPrefix="com.OriginalFiles.Board.java" Implct="false" Intrnl_Id="1445">
<Cond>
<Loc EndOffset="4744" SrcFileId="7" StartOffset="4740"/>
</Cond>
<LocList>
<Loc EndOffset="5702" SrcFileId="7" StartOffset="4745"/>
</LocList>
<StmntSeq Intrnl_Id="1446">
<LocList>
<Loc EndOffset="5702" SrcFileId="7" StartOffset="4745"/>
</LocList>
<CondStmnt CovItemId="S65" CovItemPrefix="com.OriginalFiles.Board.java" Intrnl_Id="1447">
<Branch CovItemId="B17" CovItemPrefix="com.OriginalFiles.Board.java" Implct="false" Intrnl_Id="1448">
<Cond/>
<LocList>
<Loc EndOffset="4888" SrcFileId="7" StartOffset="4849"/>
</LocList>
<StmntSeq Intrnl_Id="1449">
<LocList>
<Loc EndOffset="4877" SrcFileId="7" StartOffset="4864"/>
</LocList>
<BasicStmnt CovItemId="S66" CovItemPrefix="com.OriginalFiles.Board.java" Intrnl_Id="1450">
<LocList>
<Loc EndOffset="4877" SrcFileId="7" StartOffset="4864"/>
</LocList>
</BasicStmnt>
</StmntSeq>
</Branch>
<Branch CovItemId="B18" CovItemPrefix="com.OriginalFiles.Board.java" Implct="false" Intrnl_Id="1451">
<Cond>
<Loc EndOffset="4893" SrcFileId="7" StartOffset="4889"/>
</Cond>
<LocList>
<Loc EndOffset="5702" SrcFileId="7" StartOffset="4894"/>
</LocList>
<StmntSeq Intrnl_Id="1452">
<LocList>
<Loc EndOffset="5691" SrcFileId="7" StartOffset="4909"/>
</LocList>
<CondStmnt CovItemId="S67" CovItemPrefix="com.OriginalFiles.Board.java" Intrnl_Id="1453">
<Branch CovItemId="B19" CovItemPrefix="com.OriginalFiles.Board.java" Implct="false" Intrnl_Id="1454">
<Cond/>
<LocList>
<Loc EndOffset="5067" SrcFileId="7" StartOffset="5021"/>
</LocList>
<StmntSeq Intrnl_Id="1455">
<LocList>
<Loc EndOffset="5052" SrcFileId="7" StartOffset="5040"/>
</LocList>
<BasicStmnt CovItemId="S68" CovItemPrefix="com.OriginalFiles.Board.java" Intrnl_Id="1456">
<LocList>
<Loc EndOffset="5052" SrcFileId="7" StartOffset="5040"/>
</LocList>
</BasicStmnt>
</StmntSeq>
</Branch>
<Branch CovItemId="B20" CovItemPrefix="com.OriginalFiles.Board.java" Implct="false" Intrnl_Id="1457">
<Cond>
<Loc EndOffset="5072" SrcFileId="7" StartOffset="5068"/>
</Cond>
<LocList>
<Loc EndOffset="5691" SrcFileId="7" StartOffset="5073"/>
</LocList>
<StmntSeq Intrnl_Id="1458">
<LocList>
<Loc EndOffset="5691" SrcFileId="7" StartOffset="5073"/>
</LocList>
<CondStmnt CovItemId="S69" CovItemPrefix="com.OriginalFiles.Board.java" Intrnl_Id="1459">
<Branch CovItemId="B21" CovItemPrefix="com.OriginalFiles.Board.java" Implct="false" Intrnl_Id="1460">
<Cond/>
<LocList>
<Loc EndOffset="5236" SrcFileId="7" StartOffset="5189"/>
</LocList>
<StmntSeq Intrnl_Id="1461">
<LocList>
<Loc EndOffset="5221" SrcFileId="7" StartOffset="5208"/>
</LocList>
<BasicStmnt CovItemId="S70" CovItemPrefix="com.OriginalFiles.Board.java" Intrnl_Id="1462">
<LocList>
<Loc EndOffset="5221" SrcFileId="7" StartOffset="5208"/>
</LocList>
</BasicStmnt>
</StmntSeq>
</Branch>
<Branch CovItemId="B22" CovItemPrefix="com.OriginalFiles.Board.java" Implct="false" Intrnl_Id="1463">
<Cond>
<Loc EndOffset="5241" SrcFileId="7" StartOffset="5237"/>
</Cond>
<LocList>
<Loc EndOffset="5691" SrcFileId="7" StartOffset="5242"/>
</LocList>
<StmntSeq Intrnl_Id="1464">
<LocList>
<Loc EndOffset="5676" SrcFileId="7" StartOffset="5261"/>
</LocList>
<CondStmnt CovItemId="S71" CovItemPrefix="com.OriginalFiles.Board.java" Intrnl_Id="1465">
<Branch CovItemId="B23" CovItemPrefix="com.OriginalFiles.Board.java" Implct="false" Intrnl_Id="1466">
<Cond/>
<LocList>
<Loc EndOffset="5418" SrcFileId="7" StartOffset="5363"/>
</LocList>
<StmntSeq Intrnl_Id="1467">
<LocList>
<Loc EndOffset="5399" SrcFileId="7" StartOffset="5386"/>
</LocList>
<BasicStmnt CovItemId="S72" CovItemPrefix="com.OriginalFiles.Board.java" Intrnl_Id="1468">
<LocList>
<Loc EndOffset="5399" SrcFileId="7" StartOffset="5386"/>
</LocList>
</BasicStmnt>
</StmntSeq>
</Branch>
<Branch CovItemId="B24" CovItemPrefix="com.OriginalFiles.Board.java" Implct="false" Intrnl_Id="1469">
<Cond>
<Loc EndOffset="5423" SrcFileId="7" StartOffset="5419"/>
</Cond>
<LocList>
<Loc EndOffset="5676" SrcFileId="7" StartOffset="5424"/>
</LocList>
<StmntSeq Intrnl_Id="1470">
<LocList>
<Loc EndOffset="5676" SrcFileId="7" StartOffset="5424"/>
</LocList>
<CondStmnt CovItemId="S73" CovItemPrefix="com.OriginalFiles.Board.java" Intrnl_Id="1471">
<Branch CovItemId="B25" CovItemPrefix="com.OriginalFiles.Board.java" Implct="false" Intrnl_Id="1472">
<Cond/>
<LocList>
<Loc EndOffset="5587" SrcFileId="7" StartOffset="5533"/>
</LocList>
<StmntSeq Intrnl_Id="1473">
<LocList>
<Loc EndOffset="5568" SrcFileId="7" StartOffset="5556"/>
</LocList>
<BasicStmnt CovItemId="S74" CovItemPrefix="com.OriginalFiles.Board.java" Intrnl_Id="1474">
<LocList>
<Loc EndOffset="5568" SrcFileId="7" StartOffset="5556"/>
</LocList>
</BasicStmnt>
</StmntSeq>
</Branch>
<Branch CovItemId="B26" CovItemPrefix="com.OriginalFiles.Board.java" Implct="false" Intrnl_Id="1475">
<Cond>
<Loc EndOffset="5592" SrcFileId="7" StartOffset="5588"/>
</Cond>
<LocList>
<Loc EndOffset="5676" SrcFileId="7" StartOffset="5593"/>
</LocList>
<StmntSeq Intrnl_Id="1476">
<LocList>
<Loc EndOffset="5657" SrcFileId="7" StartOffset="5616"/>
</LocList>
<BasicStmnt CovItemId="S75" CovItemPrefix="com.OriginalFiles.Board.java" Intrnl_Id="1477">
<LocList>
<Loc EndOffset="5657" SrcFileId="7" StartOffset="5616"/>
</LocList>
</BasicStmnt>
</StmntSeq>
</Branch>
<Keyword EndOffset="5426" SrcFileId="7" StartOffset="5424"/>
<LocList>
<Loc EndOffset="5676" SrcFileId="7" StartOffset="5424"/>
</LocList>
<RootTerm CovItemId="C20" CovItemPrefix="com.OriginalFiles.Board.java" Intrnl_Id="1478">
<BasicBoolTerm Intrnl_Id="1479">
<LocList>
<Loc EndOffset="5531" SrcFileId="7" StartOffset="5428"/>
</LocList>
</BasicBoolTerm>
</RootTerm>
</CondStmnt>
</StmntSeq>
</Branch>
<Keyword EndOffset="5263" SrcFileId="7" StartOffset="5261"/>
<LocList>
<Loc EndOffset="5676" SrcFileId="7" StartOffset="5261"/>
</LocList>
<RootTerm CovItemId="C19" CovItemPrefix="com.OriginalFiles.Board.java" Intrnl_Id="1480">
<BasicBoolTerm Intrnl_Id="1481">
<LocList>
<Loc EndOffset="5361" SrcFileId="7" StartOffset="5265"/>
</LocList>
</BasicBoolTerm>
</RootTerm>
</CondStmnt>
</StmntSeq>
</Branch>
<Keyword EndOffset="5075" SrcFileId="7" StartOffset="5073"/>
<LocList>
<Loc EndOffset="5691" SrcFileId="7" StartOffset="5073"/>
</LocList>
<RootTerm CovItemId="C18" CovItemPrefix="com.OriginalFiles.Board.java" Intrnl_Id="1482">
<OpTerm BooleanOpId="10" Intrnl_Id="1483">
<OpTerm BooleanOpId="10" Intrnl_Id="1484">
<BasicBoolTerm Intrnl_Id="1485">
<LocList>
<Loc EndOffset="5098" SrcFileId="7" StartOffset="5077"/>
</LocList>
</BasicBoolTerm>
<BasicBoolTerm Intrnl_Id="1486">
<LocList>
<Loc EndOffset="5119" SrcFileId="7" StartOffset="5102"/>
</LocList>
</BasicBoolTerm>
<LocList>
<Loc EndOffset="5101" SrcFileId="7" StartOffset="5099"/>
</LocList>
</OpTerm>
<OpTerm BooleanOpId="9" Intrnl_Id="1487">
<BasicBoolTerm Intrnl_Id="1488">
<LocList>
<Loc EndOffset="5187" SrcFileId="7" StartOffset="5145"/>
</LocList>
</BasicBoolTerm>
<LocList>
<Loc EndOffset="5145" SrcFileId="7" StartOffset="5144"/>
</LocList>
</OpTerm>
<LocList>
<Loc EndOffset="5143" SrcFileId="7" StartOffset="5141"/>
</LocList>
</OpTerm>
</RootTerm>
</CondStmnt>
</StmntSeq>
</Branch>
<Keyword EndOffset="4911" SrcFileId="7" StartOffset="4909"/>
<LocList>
<Loc EndOffset="5691" SrcFileId="7" StartOffset="4909"/>
</LocList>
<RootTerm CovItemId="C17" CovItemPrefix="com.OriginalFiles.Board.java" Intrnl_Id="1489">
<OpTerm BooleanOpId="10" Intrnl_Id="1490">
<OpTerm BooleanOpId="10" Intrnl_Id="1491">
<BasicBoolTerm Intrnl_Id="1492">
<LocList>
<Loc EndOffset="4930" SrcFileId="7" StartOffset="4913"/>
</LocList>
</BasicBoolTerm>
<BasicBoolTerm Intrnl_Id="1493">
<LocList>
<Loc EndOffset="4955" SrcFileId="7" StartOffset="4934"/>
</LocList>
</BasicBoolTerm>
<LocList>
<Loc EndOffset="4933" SrcFileId="7" StartOffset="4931"/>
</LocList>
</OpTerm>
<OpTerm BooleanOpId="9" Intrnl_Id="1494">
<BasicBoolTerm Intrnl_Id="1495">
<LocList>
<Loc EndOffset="5019" SrcFileId="7" StartOffset="4981"/>
</LocList>
</BasicBoolTerm>
<LocList>
<Loc EndOffset="4981" SrcFileId="7" StartOffset="4980"/>
</LocList>
</OpTerm>
<LocList>
<Loc EndOffset="4979" SrcFileId="7" StartOffset="4977"/>
</LocList>
</OpTerm>
</RootTerm>
</CondStmnt>
</StmntSeq>
</Branch>
<Keyword EndOffset="4747" SrcFileId="7" StartOffset="4745"/>
<LocList>
<Loc EndOffset="5702" SrcFileId="7" StartOffset="4745"/>
</LocList>
<RootTerm CovItemId="C16" CovItemPrefix="com.OriginalFiles.Board.java" Intrnl_Id="1496">
<OpTerm BooleanOpId="10" Intrnl_Id="1497">
<BasicBoolTerm Intrnl_Id="1498">
<LocList>
<Loc EndOffset="4789" SrcFileId="7" StartOffset="4749"/>
</LocList>
</BasicBoolTerm>
<OpTerm BooleanOpId="9" Intrnl_Id="1499">
<BasicBoolTerm Intrnl_Id="1500">
<LocList>
<Loc EndOffset="4847" SrcFileId="7" StartOffset="4811"/>
</LocList>
</BasicBoolTerm>
<LocList>
<Loc EndOffset="4811" SrcFileId="7" StartOffset="4810"/>
</LocList>
</OpTerm>
<LocList>
<Loc EndOffset="4809" SrcFileId="7" StartOffset="4807"/>
</LocList>
</OpTerm>
</RootTerm>
</CondStmnt>
</StmntSeq>
</Branch>
<Keyword EndOffset="4599" SrcFileId="7" StartOffset="4597"/>
<LocList>
<Loc EndOffset="5702" SrcFileId="7" StartOffset="4597"/>
</LocList>
<RootTerm CovItemId="C15" CovItemPrefix="com.OriginalFiles.Board.java" Intrnl_Id="1501">
<OpTerm BooleanOpId="10" Intrnl_Id="1502">
<BasicBoolTerm Intrnl_Id="1503">
<LocList>
<Loc EndOffset="4637" SrcFileId="7" StartOffset="4601"/>
</LocList>
</BasicBoolTerm>
<OpTerm BooleanOpId="9" Intrnl_Id="1504">
<BasicBoolTerm Intrnl_Id="1505">
<LocList>
<Loc EndOffset="4699" SrcFileId="7" StartOffset="4659"/>
</LocList>
</BasicBoolTerm>
<LocList>
<Loc EndOffset="4659" SrcFileId="7" StartOffset="4658"/>
</LocList>
</OpTerm>
<LocList>
<Loc EndOffset="4657" SrcFileId="7" StartOffset="4655"/>
</LocList>
</OpTerm>
</RootTerm>
</CondStmnt>
</StmntSeq>
</Branch>
<Keyword EndOffset="4313" SrcFileId="7" StartOffset="4311"/>
<LocList>
<Loc EndOffset="5702" SrcFileId="7" StartOffset="4311"/>
</LocList>
<RootTerm CovItemId="C14" CovItemPrefix="com.OriginalFiles.Board.java" Intrnl_Id="1506">
<OpTerm BooleanOpId="10" Intrnl_Id="1507">
<OpTerm BooleanOpId="10" Intrnl_Id="1508">
<OpTerm BooleanOpId="10" Intrnl_Id="1509">
<BasicBoolTerm Intrnl_Id="1510">
<LocList>
<Loc EndOffset="4351" SrcFileId="7" StartOffset="4315"/>
</LocList>
</BasicBoolTerm>
<OpTerm BooleanOpId="9" Intrnl_Id="1511">
<BasicBoolTerm Intrnl_Id="1512">
<LocList>
<Loc EndOffset="4411" SrcFileId="7" StartOffset="4373"/>
</LocList>
</BasicBoolTerm>
<LocList>
<Loc EndOffset="4373" SrcFileId="7" StartOffset="4372"/>
</LocList>
</OpTerm>
<LocList>
<Loc EndOffset="4371" SrcFileId="7" StartOffset="4369"/>
</LocList>
</OpTerm>
<BasicBoolTerm Intrnl_Id="1513">
<LocList>
<Loc EndOffset="4490" SrcFileId="7" StartOffset="4432"/>
</LocList>
</BasicBoolTerm>
<LocList>
<Loc EndOffset="4431" SrcFileId="7" StartOffset="4429"/>
</LocList>
</OpTerm>
<BasicBoolTerm Intrnl_Id="1514">
<LocList>
<Loc EndOffset="4551" SrcFileId="7" StartOffset="4511"/>
</LocList>
</BasicBoolTerm>
<LocList>
<Loc EndOffset="4510" SrcFileId="7" StartOffset="4508"/>
</LocList>
</OpTerm>
</RootTerm>
</CondStmnt>
</StmntSeq>
</HierarchyLvl>
<HierarchyLvl HierarchyLvlId="461" HierarchyLvlTypeId="14" Intrnl_Id="1515" Name="distance">
<Header>
<Loc EndOffset="5769" SrcFileId="7" StartOffset="5717"/>
</Header>
<LocList>
<Loc EndOffset="5851" SrcFileId="7" StartOffset="5717"/>
</LocList>
<StmntSeq Intrnl_Id="1516">
<LocList>
<Loc EndOffset="5844" SrcFileId="7" StartOffset="5781"/>
</LocList>
<BasicStmnt CovItemId="S76" CovItemPrefix="com.OriginalFiles.Board.java" Intrnl_Id="1517">
<LocList>
<Loc EndOffset="5844" SrcFileId="7" StartOffset="5781"/>
</LocList>
</BasicStmnt>
</StmntSeq>
</HierarchyLvl>
<HierarchyLvl HierarchyLvlId="462" HierarchyLvlTypeId="14" Intrnl_Id="1518" Name="verifyCorrectMove">
<Header>
<Loc EndOffset="5956" SrcFileId="7" StartOffset="5859"/>
</Header>
<LocList>
<Loc EndOffset="6179" SrcFileId="7" StartOffset="5859"/>
</LocList>
<StmntSeq Intrnl_Id="1519">
<LocList>
<Loc EndOffset="6150" SrcFileId="7" StartOffset="5968"/>
<Loc EndOffset="6172" SrcFileId="7" StartOffset="6160"/>
</LocList>
<CondStmnt CovItemId="S77" CovItemPrefix="com.OriginalFiles.Board.java" Intrnl_Id="1520">
<Branch CovItemId="B27" CovItemPrefix="com.OriginalFiles.Board.java" Implct="false" Intrnl_Id="1521">
<Cond/>
<LocList>
<Loc EndOffset="6150" SrcFileId="7" StartOffset="6002"/>
</LocList>
<StmntSeq Intrnl_Id="1522">
<LocList>
<Loc EndOffset="6139" SrcFileId="7" StartOffset="6017"/>
</LocList>
<CondStmnt CovItemId="S78" CovItemPrefix="com.OriginalFiles.Board.java" Intrnl_Id="1523">
<Branch CovItemId="B29" CovItemPrefix="com.OriginalFiles.Board.java" Implct="false" Intrnl_Id="1524">
<Cond/>
<LocList>
<Loc EndOffset="6139" SrcFileId="7" StartOffset="6057"/>
</LocList>
<StmntSeq Intrnl_Id="1525">
<LocList>
<Loc EndOffset="6124" SrcFileId="7" StartOffset="6076"/>
</LocList>
<BasicStmnt CovItemId="S79" CovItemPrefix="com.OriginalFiles.Board.java" Intrnl_Id="1526">
<LocList>
<Loc EndOffset="6124" SrcFileId="7" StartOffset="6076"/>
</LocList>
</BasicStmnt>
</StmntSeq>
</Branch>
<Branch CovItemId="B30" CovItemPrefix="com.OriginalFiles.Board.java" Implct="true" Intrnl_Id="1527">
<Cond/>
<LocList/>
<StmntSeq Intrnl_Id="1528">
<LocList/>
</StmntSeq>
</Branch>
<Keyword EndOffset="6019" SrcFileId="7" StartOffset="6017"/>
<LocList>
<Loc EndOffset="6139" SrcFileId="7" StartOffset="6017"/>
</LocList>
<RootTerm CovItemId="C22" CovItemPrefix="com.OriginalFiles.Board.java" Intrnl_Id="1529">
<BasicBoolTerm Intrnl_Id="1530">
<LocList>
<Loc EndOffset="6055" SrcFileId="7" StartOffset="6021"/>
</LocList>
</BasicBoolTerm>
</RootTerm>
</CondStmnt>
</StmntSeq>
</Branch>
<Branch CovItemId="B28" CovItemPrefix="com.OriginalFiles.Board.java" Implct="true" Intrnl_Id="1531">
<Cond/>
<LocList/>
<StmntSeq Intrnl_Id="1532">
<LocList/>
</StmntSeq>
</Branch>
<Keyword EndOffset="5970" SrcFileId="7" StartOffset="5968"/>
<LocList>
<Loc EndOffset="6150" SrcFileId="7" StartOffset="5968"/>
</LocList>
<RootTerm CovItemId="C21" CovItemPrefix="com.OriginalFiles.Board.java" Intrnl_Id="1533">
<BasicBoolTerm Intrnl_Id="1534">
<LocList>
<Loc EndOffset="6000" SrcFileId="7" StartOffset="5972"/>
</LocList>
</BasicBoolTerm>
</RootTerm>
</CondStmnt>
<BasicStmnt CovItemId="S80" CovItemPrefix="com.OriginalFiles.Board.java" Intrnl_Id="1535">
<LocList>
<Loc EndOffset="6172" SrcFileId="7" StartOffset="6160"/>
</LocList>
</BasicStmnt>
</StmntSeq>
</HierarchyLvl>
<HierarchyLvl HierarchyLvlId="463" HierarchyLvlTypeId="14" Intrnl_Id="1536" Name="peasentIsOnEndRow">
<Header>
<Loc EndOffset="6238" SrcFileId="7" StartOffset="6187"/>
</Header>
<LocList>
<Loc EndOffset="6614" SrcFileId="7" StartOffset="6187"/>
</LocList>
<StmntSeq Intrnl_Id="1537">
<LocList>
<Loc EndOffset="6584" SrcFileId="7" StartOffset="6250"/>
<Loc EndOffset="6607" SrcFileId="7" StartOffset="6594"/>
</LocList>
<CondStmnt CovItemId="S81" CovItemPrefix="com.OriginalFiles.Board.java" Intrnl_Id="1538">
<Branch CovItemId="B31" CovItemPrefix="com.OriginalFiles.Board.java" Implct="false" Intrnl_Id="1539">
<Cond/>
<LocList>
<Loc EndOffset="6584" SrcFileId="7" StartOffset="6272"/>
</LocList>
<StmntSeq Intrnl_Id="1540">
<LocList>
<Loc EndOffset="6448" SrcFileId="7" StartOffset="6314"/>
<Loc EndOffset="6573" SrcFileId="7" StartOffset="6464"/>
</LocList>
<CondStmnt CovItemId="S82" CovItemPrefix="com.OriginalFiles.Board.java" Intrnl_Id="1541">
<Branch CovItemId="B33" CovItemPrefix="com.OriginalFiles.Board.java" Implct="false" Intrnl_Id="1542">
<Cond/>
<LocList>
<Loc EndOffset="6395" SrcFileId="7" StartOffset="6348"/>
</LocList>
<StmntSeq Intrnl_Id="1543">
<LocList>
<Loc EndOffset="6380" SrcFileId="7" StartOffset="6367"/>
</LocList>
<BasicStmnt CovItemId="S83" CovItemPrefix="com.OriginalFiles.Board.java" Intrnl_Id="1544">
<LocList>
<Loc EndOffset="6380" SrcFileId="7" StartOffset="6367"/>
</LocList>
</BasicStmnt>
</StmntSeq>
</Branch>
<Branch CovItemId="B34" CovItemPrefix="com.OriginalFiles.Board.java" Implct="false" Intrnl_Id="1545">
<Cond>
<Loc EndOffset="6400" SrcFileId="7" StartOffset="6396"/>
</Cond>
<LocList>
<Loc EndOffset="6448" SrcFileId="7" StartOffset="6401"/>
</LocList>
<StmntSeq Intrnl_Id="1546">
<LocList>
<Loc EndOffset="6433" SrcFileId="7" StartOffset="6420"/>
</LocList>
<BasicStmnt CovItemId="S84" CovItemPrefix="com.OriginalFiles.Board.java" Intrnl_Id="1547">
<LocList>
<Loc EndOffset="6433" SrcFileId="7" StartOffset="6420"/>
</LocList>
</BasicStmnt>
</StmntSeq>
</Branch>
<Keyword EndOffset="6316" SrcFileId="7" StartOffset="6314"/>
<LocList>
<Loc EndOffset="6448" SrcFileId="7" StartOffset="6314"/>
</LocList>
<RootTerm CovItemId="C24" CovItemPrefix="com.OriginalFiles.Board.java" Intrnl_Id="1548">
<BasicBoolTerm Intrnl_Id="1549">
<LocList>
<Loc EndOffset="6346" SrcFileId="7" StartOffset="6318"/>
</LocList>
</BasicBoolTerm>
</RootTerm>
</CondStmnt>
<CondStmnt CovItemId="S85" CovItemPrefix="com.OriginalFiles.Board.java" Intrnl_Id="1550">
<Branch CovItemId="B35" CovItemPrefix="com.OriginalFiles.Board.java" Implct="false" Intrnl_Id="1551">
<Cond/>
<LocList>
<Loc EndOffset="6573" SrcFileId="7" StartOffset="6527"/>
</LocList>
<StmntSeq Intrnl_Id="1552">
<LocList>
<Loc EndOffset="6558" SrcFileId="7" StartOffset="6546"/>
</LocList>
<BasicStmnt CovItemId="S86" CovItemPrefix="com.OriginalFiles.Board.java" Intrnl_Id="1553">
<LocList>
<Loc EndOffset="6558" SrcFileId="7" StartOffset="6546"/>
</LocList>
</BasicStmnt>
</StmntSeq>
</Branch>
<Branch CovItemId="B36" CovItemPrefix="com.OriginalFiles.Board.java" Implct="true" Intrnl_Id="1554">
<Cond/>
<LocList/>
<StmntSeq Intrnl_Id="1555">
<LocList/>
</StmntSeq>
</Branch>
<Keyword EndOffset="6466" SrcFileId="7" StartOffset="6464"/>
<LocList>
<Loc EndOffset="6573" SrcFileId="7" StartOffset="6464"/>
</LocList>
<RootTerm CovItemId="C25" CovItemPrefix="com.OriginalFiles.Board.java" Intrnl_Id="1556">
<OpTerm BooleanOpId="10" Intrnl_Id="1557">
<BasicBoolTerm Intrnl_Id="1558">
<LocList>
<Loc EndOffset="6487" SrcFileId="7" StartOffset="6468"/>
</LocList>
</BasicBoolTerm>
<OpTerm BooleanOpId="9" Intrnl_Id="1559">
<BasicBoolTerm Intrnl_Id="1560">
<LocList>
<Loc EndOffset="6525" SrcFileId="7" StartOffset="6492"/>
</LocList>
</BasicBoolTerm>
<LocList>
<Loc EndOffset="6492" SrcFileId="7" StartOffset="6491"/>
</LocList>
</OpTerm>
<LocList>
<Loc EndOffset="6490" SrcFileId="7" StartOffset="6488"/>
</LocList>
</OpTerm>
</RootTerm>
</CondStmnt>
</StmntSeq>
</Branch>
<Branch CovItemId="B32" CovItemPrefix="com.OriginalFiles.Board.java" Implct="true" Intrnl_Id="1561">
<Cond/>
<LocList/>
<StmntSeq Intrnl_Id="1562">
<LocList/>
</StmntSeq>
</Branch>
<Keyword EndOffset="6252" SrcFileId="7" StartOffset="6250"/>
<LocList>
<Loc EndOffset="6584" SrcFileId="7" StartOffset="6250"/>
</LocList>
<RootTerm CovItemId="C23" CovItemPrefix="com.OriginalFiles.Board.java" Intrnl_Id="1563">
<OpTerm BooleanOpId="9" Intrnl_Id="1564">
<BasicBoolTerm Intrnl_Id="1565">
<LocList>
<Loc EndOffset="6270" SrcFileId="7" StartOffset="6255"/>
</LocList>
</BasicBoolTerm>
<LocList>
<Loc EndOffset="6255" SrcFileId="7" StartOffset="6254"/>
</LocList>
</OpTerm>
</RootTerm>
</CondStmnt>
<BasicStmnt CovItemId="S87" CovItemPrefix="com.OriginalFiles.Board.java" Intrnl_Id="1566">
<LocList>
<Loc EndOffset="6607" SrcFileId="7" StartOffset="6594"/>
</LocList>
</BasicStmnt>
</StmntSeq>
</HierarchyLvl>
<HierarchyLvl HierarchyLvlId="464" HierarchyLvlTypeId="14" Intrnl_Id="1567" Name="movePieceInRepresentation">
<Header>
<Loc EndOffset="6824" SrcFileId="7" StartOffset="6671"/>
</Header>
<LocList>
<Loc EndOffset="6939" SrcFileId="7" StartOffset="6671"/>
</LocList>
<StmntSeq Intrnl_Id="1568">
<LocList>
<Loc EndOffset="6932" SrcFileId="7" StartOffset="6836"/>
</LocList>
<BasicStmnt CovItemId="S88" CovItemPrefix="com.OriginalFiles.Board.java" Intrnl_Id="1569">
<LocList>
<Loc EndOffset="6932" SrcFileId="7" StartOffset="6836"/>
</LocList>
</BasicStmnt>
</StmntSeq>
</HierarchyLvl>
<HierarchyLvl HierarchyLvlId="465" HierarchyLvlTypeId="14" Intrnl_Id="1570" Name="movePieceInRepresentation">
<Header>
<Loc EndOffset="7130" SrcFileId="7" StartOffset="6990"/>
</Header>
<LocList>
<Loc EndOffset="7416" SrcFileId="7" StartOffset="6990"/>
</LocList>
<StmntSeq Intrnl_Id="1571">
<LocList>
<Loc EndOffset="7195" SrcFileId="7" StartOffset="7142"/>
<Loc EndOffset="7232" SrcFileId="7" StartOffset="7205"/>
<Loc EndOffset="7388" SrcFileId="7" StartOffset="7242"/>
</LocList>
<BasicStmnt CovItemId="S89" CovItemPrefix="com.OriginalFiles.Board.java" Intrnl_Id="1572">
<LocList>
<Loc EndOffset="7195" SrcFileId="7" StartOffset="7142"/>
</LocList>
</BasicStmnt>
<BasicStmnt CovItemId="S90" CovItemPrefix="com.OriginalFiles.Board.java" Intrnl_Id="1573">
<LocList>
<Loc EndOffset="7232" SrcFileId="7" StartOffset="7205"/>
</LocList>
</BasicStmnt>
<CondStmnt CovItemId="S91" CovItemPrefix="com.OriginalFiles.Board.java" Intrnl_Id="1574">
<Branch CovItemId="B37" CovItemPrefix="com.OriginalFiles.Board.java" Implct="false" Intrnl_Id="1575">
<Cond/>
<LocList>
<Loc EndOffset="7388" SrcFileId="7" StartOffset="7281"/>
</LocList>
<StmntSeq Intrnl_Id="1576">
<LocList>
<Loc EndOffset="7377" SrcFileId="7" StartOffset="7296"/>
</LocList>
<BasicStmnt CovItemId="S92" CovItemPrefix="com.OriginalFiles.Board.java" Intrnl_Id="1577">
<LocList>
<Loc EndOffset="7377" SrcFileId="7" StartOffset="7296"/>
</LocList>
</BasicStmnt>
</StmntSeq>
</Branch>
<Branch CovItemId="B38" CovItemPrefix="com.OriginalFiles.Board.java" Implct="true" Intrnl_Id="1578">
<Cond/>
<LocList/>
<StmntSeq Intrnl_Id="1579">
<LocList/>
</StmntSeq>
</Branch>
<Keyword EndOffset="7244" SrcFileId="7" StartOffset="7242"/>
<LocList>
<Loc EndOffset="7388" SrcFileId="7" StartOffset="7242"/>
</LocList>
<RootTerm CovItemId="C26" CovItemPrefix="com.OriginalFiles.Board.java" Intrnl_Id="1580">
<BasicBoolTerm Intrnl_Id="1581">
<LocList>
<Loc EndOffset="7279" SrcFileId="7" StartOffset="7246"/>
</LocList>
</BasicBoolTerm>
</RootTerm>
</CondStmnt>
</StmntSeq>
</HierarchyLvl>
<HierarchyLvl HierarchyLvlId="466" HierarchyLvlTypeId="14" Intrnl_Id="1582" Name="checkMoveDirection">
<Header>
<Loc EndOffset="7596" SrcFileId="7" StartOffset="7464"/>
</Header>
<LocList>
<Loc EndOffset="7757" SrcFileId="7" StartOffset="7464"/>
</LocList>
<StmntSeq Intrnl_Id="1583">
<LocList>
<Loc EndOffset="7750" SrcFileId="7" StartOffset="7608"/>
</LocList>
<BasicStmnt CovItemId="S93" CovItemPrefix="com.OriginalFiles.Board.java" Intrnl_Id="1584">
<LocList>
<Loc EndOffset="7750" SrcFileId="7" StartOffset="7608"/>
</LocList>
</BasicStmnt>
</StmntSeq>
</HierarchyLvl>
<HierarchyLvl HierarchyLvlId="467" HierarchyLvlTypeId="14" Intrnl_Id="1585" Name="isFieldEmptyOnBoard">
<Header>
<Loc EndOffset="7873" SrcFileId="7" StartOffset="7765"/>
</Header>
<LocList>
<Loc EndOffset="8067" SrcFileId="7" StartOffset="7765"/>
</LocList>
<StmntSeq Intrnl_Id="1586">
<LocList>
<Loc EndOffset="8060" SrcFileId="7" StartOffset="7885"/>
</LocList>
<CondStmnt CovItemId="S94" CovItemPrefix="com.OriginalFiles.Board.java" Intrnl_Id="1587">
<Branch CovItemId="B39" CovItemPrefix="com.OriginalFiles.Board.java" Implct="false" Intrnl_Id="1588">
<Cond/>
<LocList>
<Loc EndOffset="8015" SrcFileId="7" StartOffset="7908"/>
</LocList>
<StmntSeq Intrnl_Id="1589">
<LocList>
<Loc EndOffset="7968" SrcFileId="7" StartOffset="7923"/>
<Loc EndOffset="8004" SrcFileId="7" StartOffset="7984"/>
</LocList>
<BasicStmnt CovItemId="S95" CovItemPrefix="com.OriginalFiles.Board.java" Intrnl_Id="1590">
<LocList>
<Loc EndOffset="7968" SrcFileId="7" StartOffset="7923"/>
</LocList>
</BasicStmnt>
<BasicStmnt CovItemId="S96" CovItemPrefix="com.OriginalFiles.Board.java" Intrnl_Id="1591">
<LocList>
<Loc EndOffset="8004" SrcFileId="7" StartOffset="7984"/>
</LocList>
</BasicStmnt>
</StmntSeq>
</Branch>
<Branch CovItemId="B40" CovItemPrefix="com.OriginalFiles.Board.java" Implct="false" Intrnl_Id="1592">
<Cond>
<Loc EndOffset="8020" SrcFileId="7" StartOffset="8016"/>
</Cond>
<LocList>
<Loc EndOffset="8060" SrcFileId="7" StartOffset="8021"/>
</LocList>
<StmntSeq Intrnl_Id="1593">
<LocList>
<Loc EndOffset="8049" SrcFileId="7" StartOffset="8036"/>
</LocList>
<BasicStmnt CovItemId="S97" CovItemPrefix="com.OriginalFiles.Board.java" Intrnl_Id="1594">
<LocList>
<Loc EndOffset="8049" SrcFileId="7" StartOffset="8036"/>
</LocList>
</BasicStmnt>
</StmntSeq>
</Branch>
<Keyword EndOffset="7887" SrcFileId="7" StartOffset="7885"/>
<LocList>
<Loc EndOffset="8060" SrcFileId="7" StartOffset="7885"/>
</LocList>
<RootTerm CovItemId="C27" CovItemPrefix="com.OriginalFiles.Board.java" Intrnl_Id="1595">
<BasicBoolTerm Intrnl_Id="1596">
<LocList>
<Loc EndOffset="7906" SrcFileId="7" StartOffset="7889"/>
</LocList>
</BasicBoolTerm>
</RootTerm>
</CondStmnt>
</StmntSeq>
</HierarchyLvl>
<HierarchyLvl HierarchyLvlId="468" HierarchyLvlTypeId="14" Intrnl_Id="1597" Name="fieldOccupied">
<Header>
<Loc EndOffset="8123" SrcFileId="7" StartOffset="8075"/>
</Header>
<LocList>
<Loc EndOffset="8267" SrcFileId="7" StartOffset="8075"/>
</LocList>
<StmntSeq Intrnl_Id="1598">
<LocList>
<Loc EndOffset="8260" SrcFileId="7" StartOffset="8135"/>
</LocList>
<CondStmnt CovItemId="S98" CovItemPrefix="com.OriginalFiles.Board.java" Intrnl_Id="1599">
<Branch CovItemId="B41" CovItemPrefix="com.OriginalFiles.Board.java" Implct="false" Intrnl_Id="1600">
<Cond/>
<LocList>
<Loc EndOffset="8216" SrcFileId="7" StartOffset="8158"/>
</LocList>
<StmntSeq Intrnl_Id="1601">
<LocList>
<Loc EndOffset="8205" SrcFileId="7" StartOffset="8173"/>
</LocList>
<BasicStmnt CovItemId="S99" CovItemPrefix="com.OriginalFiles.Board.java" Intrnl_Id="1602">
<LocList>
<Loc EndOffset="8205" SrcFileId="7" StartOffset="8173"/>
</LocList>
</BasicStmnt>
</StmntSeq>
</Branch>
<Branch CovItemId="B42" CovItemPrefix="com.OriginalFiles.Board.java" Implct="false" Intrnl_Id="1603">
<Cond>
<Loc EndOffset="8221" SrcFileId="7" StartOffset="8217"/>
</Cond>
<LocList>
<Loc EndOffset="8260" SrcFileId="7" StartOffset="8222"/>
</LocList>
<StmntSeq Intrnl_Id="1604">
<LocList>
<Loc EndOffset="8249" SrcFileId="7" StartOffset="8237"/>
</LocList>
<BasicStmnt CovItemId="S100" CovItemPrefix="com.OriginalFiles.Board.java" Intrnl_Id="1605">
<LocList>
<Loc EndOffset="8249" SrcFileId="7" StartOffset="8237"/>
</LocList>
</BasicStmnt>
</StmntSeq>
</Branch>
<Keyword EndOffset="8137" SrcFileId="7" StartOffset="8135"/>
<LocList>
<Loc EndOffset="8260" SrcFileId="7" StartOffset="8135"/>
</LocList>
<RootTerm CovItemId="C28" CovItemPrefix="com.OriginalFiles.Board.java" Intrnl_Id="1606">
<BasicBoolTerm Intrnl_Id="1607">
<LocList>
<Loc EndOffset="8156" SrcFileId="7" StartOffset="8139"/>
</LocList>
</BasicBoolTerm>
</RootTerm>
</CondStmnt>
</StmntSeq>
</HierarchyLvl>
<HierarchyLvl HierarchyLvlId="469" HierarchyLvlTypeId="14" Intrnl_Id="1608" Name="checkPiece">
<Header>
<Loc EndOffset="8426" SrcFileId="7" StartOffset="8354"/>
</Header>
<LocList>
<Loc EndOffset="8807" SrcFileId="7" StartOffset="8354"/>
</LocList>
<StmntSeq Intrnl_Id="1609">
<LocList>
<Loc EndOffset="8559" SrcFileId="7" StartOffset="8438"/>
<Loc EndOffset="8800" SrcFileId="7" StartOffset="8571"/>
</LocList>
<BasicStmnt CovItemId="S101" CovItemPrefix="com.OriginalFiles.Board.java" Intrnl_Id="1610">
<LocList>
<Loc EndOffset="8559" SrcFileId="7" StartOffset="8438"/>
</LocList>
</BasicStmnt>
<CondStmnt CovItemId="S102" CovItemPrefix="com.OriginalFiles.Board.java" Intrnl_Id="1611">
<Branch CovItemId="B43" CovItemPrefix="com.OriginalFiles.Board.java" Implct="false" Intrnl_Id="1612">
<Cond/>
<LocList>
<Loc EndOffset="8676" SrcFileId="7" StartOffset="8608"/>
</LocList>
<StmntSeq Intrnl_Id="1613">
<LocList>
<Loc EndOffset="8665" SrcFileId="7" StartOffset="8623"/>
</LocList>
<BasicStmnt CovItemId="S103" CovItemPrefix="com.OriginalFiles.Board.java" Intrnl_Id="1614">
<LocList>
<Loc EndOffset="8665" SrcFileId="7" StartOffset="8623"/>
</LocList>
</BasicStmnt>
</StmntSeq>
</Branch>
<Branch CovItemId="B44" CovItemPrefix="com.OriginalFiles.Board.java" Implct="false" Intrnl_Id="1615">
<Cond>
<Loc EndOffset="8681" SrcFileId="7" StartOffset="8677"/>
</Cond>
<LocList>
<Loc EndOffset="8800" SrcFileId="7" StartOffset="8682"/>
</LocList>
<StmntSeq Intrnl_Id="1616">
<LocList>
<Loc EndOffset="8789" SrcFileId="7" StartOffset="8697"/>
</LocList>
<BasicStmnt CovItemId="S104" CovItemPrefix="com.OriginalFiles.Board.java" Intrnl_Id="1617">
<LocList>
<Loc EndOffset="8789" SrcFileId="7" StartOffset="8697"/>
</LocList>
</BasicStmnt>
</StmntSeq>
</Branch>
<Keyword EndOffset="8573" SrcFileId="7" StartOffset="8571"/>
<LocList>
<Loc EndOffset="8800" SrcFileId="7" StartOffset="8571"/>
</LocList>
<RootTerm CovItemId="C29" CovItemPrefix="com.OriginalFiles.Board.java" Intrnl_Id="1618">
<BasicBoolTerm Intrnl_Id="1619">
<LocList>
<Loc EndOffset="8606" SrcFileId="7" StartOffset="8575"/>
</LocList>
</BasicBoolTerm>
</RootTerm>
</CondStmnt>
</StmntSeq>
</HierarchyLvl>
<HierarchyLvl HierarchyLvlId="470" HierarchyLvlTypeId="14" Intrnl_Id="1620" Name="checkMoveableBoolean">
<Header>
<Loc EndOffset="8890" SrcFileId="7" StartOffset="8832"/>
</Header>
<LocList>
<Loc EndOffset="8953" SrcFileId="7" StartOffset="8832"/>
</LocList>
<StmntSeq Intrnl_Id="1621">
<LocList>
<Loc EndOffset="8946" SrcFileId="7" StartOffset="8902"/>
</LocList>
<BasicStmnt CovItemId="S105" CovItemPrefix="com.OriginalFiles.Board.java" Intrnl_Id="1622">
<LocList>
<Loc EndOffset="8946" SrcFileId="7" StartOffset="8902"/>
</LocList>
</BasicStmnt>
</StmntSeq>
</HierarchyLvl>
<HierarchyLvl HierarchyLvlId="471" HierarchyLvlTypeId="14" Intrnl_Id="1623" Name="checkMoveable">
<Header>
<Loc EndOffset="9063" SrcFileId="7" StartOffset="9003"/>
</Header>
<LocList>
<Loc EndOffset="9893" SrcFileId="7" StartOffset="9003"/>
</LocList>
<StmntSeq Intrnl_Id="1624">
<LocList>
<Loc EndOffset="9126" SrcFileId="7" StartOffset="9075"/>
<Loc EndOffset="9297" SrcFileId="7" StartOffset="9163"/>
<Loc EndOffset="9441" SrcFileId="7" StartOffset="9307"/>
<Loc EndOffset="9855" SrcFileId="7" StartOffset="9492"/>
<Loc EndOffset="9886" SrcFileId="7" StartOffset="9865"/>
</LocList>
<BasicStmnt CovItemId="S106" CovItemPrefix="com.OriginalFiles.Board.java" Intrnl_Id="1625">
<LocList>
<Loc EndOffset="9126" SrcFileId="7" StartOffset="9075"/>
</LocList>
</BasicStmnt>
<CondStmnt CovItemId="S107" CovItemPrefix="com.OriginalFiles.Board.java" Intrnl_Id="1626">
<Branch CovItemId="B45" CovItemPrefix="com.OriginalFiles.Board.java" Implct="false" Intrnl_Id="1627">
<Cond/>
<LocList>
<Loc EndOffset="9297" SrcFileId="7" StartOffset="9216"/>
</LocList>
<StmntSeq Intrnl_Id="1628">
<LocList>
<Loc EndOffset="9286" SrcFileId="7" StartOffset="9231"/>
</LocList>
<BasicStmnt CovItemId="S108" CovItemPrefix="com.OriginalFiles.Board.java" Intrnl_Id="1629">
<LocList>
<Loc EndOffset="9286" SrcFileId="7" StartOffset="9231"/>
</LocList>
</BasicStmnt>
</StmntSeq>
</Branch>
<Branch CovItemId="B46" CovItemPrefix="com.OriginalFiles.Board.java" Implct="true" Intrnl_Id="1630">
<Cond/>
<LocList/>
<StmntSeq Intrnl_Id="1631">
<LocList/>
</StmntSeq>
</Branch>
<Keyword EndOffset="9165" SrcFileId="7" StartOffset="9163"/>
<LocList>
<Loc EndOffset="9297" SrcFileId="7" StartOffset="9163"/>
</LocList>
<RootTerm CovItemId="C30" CovItemPrefix="com.OriginalFiles.Board.java" Intrnl_Id="1632">
<OpTerm BooleanOpId="9" Intrnl_Id="1633">
<BasicBoolTerm Intrnl_Id="1634">
<LocList>
<Loc EndOffset="9214" SrcFileId="7" StartOffset="9168"/>
</LocList>
</BasicBoolTerm>
<LocList>
<Loc EndOffset="9168" SrcFileId="7" StartOffset="9167"/>
</LocList>
</OpTerm>
</RootTerm>
</CondStmnt>
<CondStmnt CovItemId="S109" CovItemPrefix="com.OriginalFiles.Board.java" Intrnl_Id="1635">
<Branch CovItemId="B47" CovItemPrefix="com.OriginalFiles.Board.java" Implct="false" Intrnl_Id="1636">
<Cond/>
<LocList>
<Loc EndOffset="9441" SrcFileId="7" StartOffset="9360"/>
</LocList>
<StmntSeq Intrnl_Id="1637">
<LocList>
<Loc EndOffset="9430" SrcFileId="7" StartOffset="9375"/>
</LocList>
<BasicStmnt CovItemId="S110" CovItemPrefix="com.OriginalFiles.Board.java" Intrnl_Id="1638">
<LocList>
<Loc EndOffset="9430" SrcFileId="7" StartOffset="9375"/>
</LocList>
</BasicStmnt>
</StmntSeq>
</Branch>
<Branch CovItemId="B48" CovItemPrefix="com.OriginalFiles.Board.java" Implct="true" Intrnl_Id="1639">
<Cond/>
<LocList/>
<StmntSeq Intrnl_Id="1640">
<LocList/>
</StmntSeq>
</Branch>
<Keyword EndOffset="9309" SrcFileId="7" StartOffset="9307"/>
<LocList>
<Loc EndOffset="9441" SrcFileId="7" StartOffset="9307"/>
</LocList>
<RootTerm CovItemId="C31" CovItemPrefix="com.OriginalFiles.Board.java" Intrnl_Id="1641">
<OpTerm BooleanOpId="9" Intrnl_Id="1642">
<BasicBoolTerm Intrnl_Id="1643">
<LocList>
<Loc EndOffset="9358" SrcFileId="7" StartOffset="9312"/>
</LocList>
</BasicBoolTerm>
<LocList>
<Loc EndOffset="9312" SrcFileId="7" StartOffset="9311"/>
</LocList>
</OpTerm>
</RootTerm>
</CondStmnt>
<CondStmnt CovItemId="S111" CovItemPrefix="com.OriginalFiles.Board.java" Intrnl_Id="1644">
<Branch CovItemId="B49" CovItemPrefix="com.OriginalFiles.Board.java" Implct="false" Intrnl_Id="1645">
<Cond/>
<LocList>
<Loc EndOffset="9855" SrcFileId="7" StartOffset="9531"/>
</LocList>
<StmntSeq Intrnl_Id="1646">
<LocList>
<Loc EndOffset="9688" SrcFileId="7" StartOffset="9546"/>
<Loc EndOffset="9844" SrcFileId="7" StartOffset="9702"/>
</LocList>
<CondStmnt CovItemId="S112" CovItemPrefix="com.OriginalFiles.Board.java" Intrnl_Id="1647">
<Branch CovItemId="B51" CovItemPrefix="com.OriginalFiles.Board.java" Implct="false" Intrnl_Id="1648">
<Cond/>
<LocList>
<Loc EndOffset="9688" SrcFileId="7" StartOffset="9599"/>
</LocList>
<StmntSeq Intrnl_Id="1649">
<LocList>
<Loc EndOffset="9673" SrcFileId="7" StartOffset="9618"/>
</LocList>
<BasicStmnt CovItemId="S113" CovItemPrefix="com.OriginalFiles.Board.java" Intrnl_Id="1650">
<LocList>
<Loc EndOffset="9673" SrcFileId="7" StartOffset="9618"/>
</LocList>
</BasicStmnt>
</StmntSeq>
</Branch>
<Branch CovItemId="B52" CovItemPrefix="com.OriginalFiles.Board.java" Implct="true" Intrnl_Id="1651">
<Cond/>
<LocList/>
<StmntSeq Intrnl_Id="1652">
<LocList/>
</StmntSeq>
</Branch>
<Keyword EndOffset="9548" SrcFileId="7" StartOffset="9546"/>
<LocList>
<Loc EndOffset="9688" SrcFileId="7" StartOffset="9546"/>
</LocList>
<RootTerm CovItemId="C33" CovItemPrefix="com.OriginalFiles.Board.java" Intrnl_Id="1653">
<OpTerm BooleanOpId="9" Intrnl_Id="1654">
<BasicBoolTerm Intrnl_Id="1655">
<LocList>
<Loc EndOffset="9597" SrcFileId="7" StartOffset="9551"/>
</LocList>
</BasicBoolTerm>
<LocList>
<Loc EndOffset="9551" SrcFileId="7" StartOffset="9550"/>
</LocList>
</OpTerm>
</RootTerm>
</CondStmnt>
<CondStmnt CovItemId="S114" CovItemPrefix="com.OriginalFiles.Board.java" Intrnl_Id="1656">
<Branch CovItemId="B53" CovItemPrefix="com.OriginalFiles.Board.java" Implct="false" Intrnl_Id="1657">
<Cond/>
<LocList>
<Loc EndOffset="9844" SrcFileId="7" StartOffset="9755"/>
</LocList>
<StmntSeq Intrnl_Id="1658">
<LocList>
<Loc EndOffset="9829" SrcFileId="7" StartOffset="9774"/>
</LocList>
<BasicStmnt CovItemId="S115" CovItemPrefix="com.OriginalFiles.Board.java" Intrnl_Id="1659">
<LocList>
<Loc EndOffset="9829" SrcFileId="7" StartOffset="9774"/>
</LocList>
</BasicStmnt>
</StmntSeq>
</Branch>
<Branch CovItemId="B54" CovItemPrefix="com.OriginalFiles.Board.java" Implct="true" Intrnl_Id="1660">
<Cond/>
<LocList/>
<StmntSeq Intrnl_Id="1661">
<LocList/>
</StmntSeq>
</Branch>
<Keyword EndOffset="9704" SrcFileId="7" StartOffset="9702"/>
<LocList>
<Loc EndOffset="9844" SrcFileId="7" StartOffset="9702"/>
</LocList>
<RootTerm CovItemId="C34" CovItemPrefix="com.OriginalFiles.Board.java" Intrnl_Id="1662">
<OpTerm BooleanOpId="9" Intrnl_Id="1663">
<BasicBoolTerm Intrnl_Id="1664">
<LocList>
<Loc EndOffset="9753" SrcFileId="7" StartOffset="9707"/>
</LocList>
</BasicBoolTerm>
<LocList>
<Loc EndOffset="9707" SrcFileId="7" StartOffset="9706"/>
</LocList>
</OpTerm>
</RootTerm>
</CondStmnt>
</StmntSeq>
</Branch>
<Branch CovItemId="B50" CovItemPrefix="com.OriginalFiles.Board.java" Implct="true" Intrnl_Id="1665">
<Cond/>
<LocList/>
<StmntSeq Intrnl_Id="1666">
<LocList/>
</StmntSeq>
</Branch>
<Keyword EndOffset="9494" SrcFileId="7" StartOffset="9492"/>
<LocList>
<Loc EndOffset="9855" SrcFileId="7" StartOffset="9492"/>
</LocList>
<RootTerm CovItemId="C32" CovItemPrefix="com.OriginalFiles.Board.java" Intrnl_Id="1667">
<BasicBoolTerm Intrnl_Id="1668">
<LocList>
<Loc EndOffset="9529" SrcFileId="7" StartOffset="9496"/>
</LocList>
</BasicBoolTerm>
</RootTerm>
</CondStmnt>
<BasicStmnt CovItemId="S116" CovItemPrefix="com.OriginalFiles.Board.java" Intrnl_Id="1669">
<LocList>
<Loc EndOffset="9886" SrcFileId="7" StartOffset="9865"/>
</LocList>
</BasicStmnt>
</StmntSeq>
</HierarchyLvl>
<HierarchyLvl HierarchyLvlId="472" HierarchyLvlTypeId="14" Intrnl_Id="1670" Name="checkJump">
<Header>
<Loc EndOffset="10065" SrcFileId="7" StartOffset="9969"/>
</Header>
<LocList>
<Loc EndOffset="10529" SrcFileId="7" StartOffset="9969"/>
</LocList>
<StmntSeq Intrnl_Id="1671">
<LocList>
<Loc EndOffset="10522" SrcFileId="7" StartOffset="10077"/>
</LocList>
<BasicStmnt CovItemId="S117" CovItemPrefix="com.OriginalFiles.Board.java" Intrnl_Id="1672">
<LocList>
<Loc EndOffset="10522" SrcFileId="7" StartOffset="10077"/>
</LocList>
</BasicStmnt>
</StmntSeq>
</HierarchyLvl>
<HierarchyLvl HierarchyLvlId="473" HierarchyLvlTypeId="14" Intrnl_Id="1673" Name="checkJumpDirection">
<Header>
<Loc EndOffset="10735" SrcFileId="7" StartOffset="10607"/>
</Header>
<LocList>
<Loc EndOffset="11423" SrcFileId="7" StartOffset="10607"/>
</LocList>
<StmntSeq Intrnl_Id="1674">
<LocList>
<Loc EndOffset="10892" SrcFileId="7" StartOffset="10747"/>
<Loc EndOffset="11394" SrcFileId="7" StartOffset="10904"/>
<Loc EndOffset="11416" SrcFileId="7" StartOffset="11404"/>
</LocList>
<CondStmnt CovItemId="S118" CovItemPrefix="com.OriginalFiles.Board.java" Intrnl_Id="1675">
<Branch CovItemId="B55" CovItemPrefix="com.OriginalFiles.Board.java" Implct="false" Intrnl_Id="1676">
<Cond/>
<LocList>
<Loc EndOffset="10892" SrcFileId="7" StartOffset="10854"/>
</LocList>
<StmntSeq Intrnl_Id="1677">
<LocList>
<Loc EndOffset="10881" SrcFileId="7" StartOffset="10869"/>
</LocList>
<BasicStmnt CovItemId="S119" CovItemPrefix="com.OriginalFiles.Board.java" Intrnl_Id="1678">
<LocList>
<Loc EndOffset="10881" SrcFileId="7" StartOffset="10869"/>
</LocList>
</BasicStmnt>
</StmntSeq>
</Branch>
<Branch CovItemId="B56" CovItemPrefix="com.OriginalFiles.Board.java" Implct="true" Intrnl_Id="1679">
<Cond/>
<LocList/>
<StmntSeq Intrnl_Id="1680">
<LocList/>
</StmntSeq>
</Branch>
<Keyword EndOffset="10749" SrcFileId="7" StartOffset="10747"/>
<LocList>
<Loc EndOffset="10892" SrcFileId="7" StartOffset="10747"/>
</LocList>
<RootTerm CovItemId="C35" CovItemPrefix="com.OriginalFiles.Board.java" Intrnl_Id="1681">
<OpTerm BooleanOpId="10" Intrnl_Id="1682">
<OpTerm BooleanOpId="11" Intrnl_Id="1683">
<OpTerm BooleanOpId="10" Intrnl_Id="1684">
<BasicBoolTerm Intrnl_Id="1685">
<LocList>
<Loc EndOffset="10769" SrcFileId="7" StartOffset="10753"/>
</LocList>
</BasicBoolTerm>
<BasicBoolTerm Intrnl_Id="1686">
<LocList>
<Loc EndOffset="10783" SrcFileId="7" StartOffset="10773"/>
</LocList>
</BasicBoolTerm>
<LocList>
<Loc EndOffset="10772" SrcFileId="7" StartOffset="10770"/>
</LocList>
</OpTerm>
<OpTerm BooleanOpId="10" Intrnl_Id="1687">
<OpTerm BooleanOpId="9" Intrnl_Id="1688">
<BasicBoolTerm Intrnl_Id="1689">
<LocList>
<Loc EndOffset="10823" SrcFileId="7" StartOffset="10807"/>
</LocList>
</BasicBoolTerm>
<LocList>
<Loc EndOffset="10807" SrcFileId="7" StartOffset="10806"/>
</LocList>
</OpTerm>
<BasicBoolTerm Intrnl_Id="1690">
<LocList>
<Loc EndOffset="10836" SrcFileId="7" StartOffset="10827"/>
</LocList>
</BasicBoolTerm>
<LocList>
<Loc EndOffset="10826" SrcFileId="7" StartOffset="10824"/>
</LocList>
</OpTerm>
<LocList>
<Loc EndOffset="10804" SrcFileId="7" StartOffset="10802"/>
</LocList>
</OpTerm>
<OpTerm BooleanOpId="9" Intrnl_Id="1691">
<BasicBoolTerm Intrnl_Id="1692">
<LocList>
<Loc EndOffset="10852" SrcFileId="7" StartOffset="10843"/>
</LocList>
</BasicBoolTerm>
<LocList>
<Loc EndOffset="10843" SrcFileId="7" StartOffset="10842"/>
</LocList>
</OpTerm>
<LocList>
<Loc EndOffset="10841" SrcFileId="7" StartOffset="10839"/>
</LocList>
</OpTerm>
</RootTerm>
</CondStmnt>
<CondStmnt CovItemId="S120" CovItemPrefix="com.OriginalFiles.Board.java" Intrnl_Id="1693">
<Branch CovItemId="B57" CovItemPrefix="com.OriginalFiles.Board.java" Implct="false" Intrnl_Id="1694">
<Cond/>
<LocList>
<Loc EndOffset="11394" SrcFileId="7" StartOffset="10961"/>
</LocList>
<StmntSeq Intrnl_Id="1695">
<LocList>
<Loc EndOffset="11383" SrcFileId="7" StartOffset="10976"/>
</LocList>
<CondStmnt CovItemId="S121" CovItemPrefix="com.OriginalFiles.Board.java" Intrnl_Id="1696">
<Branch CovItemId="B59" CovItemPrefix="com.OriginalFiles.Board.java" Implct="false" Intrnl_Id="1697">
<Cond/>
<LocList>
<Loc EndOffset="11383" SrcFileId="7" StartOffset="11038"/>
</LocList>
<StmntSeq Intrnl_Id="1698">
<LocList>
<Loc EndOffset="11368" SrcFileId="7" StartOffset="11057"/>
</LocList>
<CondStmnt CovItemId="S122" CovItemPrefix="com.OriginalFiles.Board.java" Intrnl_Id="1699">
<Branch CovItemId="B61" CovItemPrefix="com.OriginalFiles.Board.java" Implct="false" Intrnl_Id="1700">
<Cond/>
<LocList>
<Loc EndOffset="11368" SrcFileId="7" StartOffset="11271"/>
</LocList>
<StmntSeq Intrnl_Id="1701">
<LocList>
<Loc EndOffset="11349" SrcFileId="7" StartOffset="11294"/>
</LocList>
<BasicStmnt CovItemId="S123" CovItemPrefix="com.OriginalFiles.Board.java" Intrnl_Id="1702">
<LocList>
<Loc EndOffset="11349" SrcFileId="7" StartOffset="11294"/>
</LocList>
</BasicStmnt>
</StmntSeq>
</Branch>
<Branch CovItemId="B62" CovItemPrefix="com.OriginalFiles.Board.java" Implct="true" Intrnl_Id="1703">
<Cond/>
<LocList/>
<StmntSeq Intrnl_Id="1704">
<LocList/>
</StmntSeq>
</Branch>
<Keyword EndOffset="11059" SrcFileId="7" StartOffset="11057"/>
<LocList>
<Loc EndOffset="11368" SrcFileId="7" StartOffset="11057"/>
</LocList>
<RootTerm CovItemId="C38" CovItemPrefix="com.OriginalFiles.Board.java" Intrnl_Id="1705">
<OpTerm BooleanOpId="10" Intrnl_Id="1706">
<BasicBoolTerm Intrnl_Id="1707">
<LocList>
<Loc EndOffset="11159" SrcFileId="7" StartOffset="11061"/>
</LocList>
</BasicBoolTerm>
<OpTerm BooleanOpId="9" Intrnl_Id="1708">
<BasicBoolTerm Intrnl_Id="1709">
<LocList>
<Loc EndOffset="11269" SrcFileId="7" StartOffset="11187"/>
</LocList>
</BasicBoolTerm>
<LocList>
<Loc EndOffset="11187" SrcFileId="7" StartOffset="11186"/>
</LocList>
</OpTerm>
<LocList>
<Loc EndOffset="11185" SrcFileId="7" StartOffset="11183"/>
</LocList>
</OpTerm>
</RootTerm>
</CondStmnt>
</StmntSeq>
</Branch>
<Branch CovItemId="B60" CovItemPrefix="com.OriginalFiles.Board.java" Implct="true" Intrnl_Id="1710">
<Cond/>
<LocList/>
<StmntSeq Intrnl_Id="1711">
<LocList/>
</StmntSeq>
</Branch>
<Keyword EndOffset="10978" SrcFileId="7" StartOffset="10976"/>
<LocList>
<Loc EndOffset="11383" SrcFileId="7" StartOffset="10976"/>
</LocList>
<RootTerm CovItemId="C37" CovItemPrefix="com.OriginalFiles.Board.java" Intrnl_Id="1712">
<OpTerm BooleanOpId="9" Intrnl_Id="1713">
<BasicBoolTerm Intrnl_Id="1714">
<LocList>
<Loc EndOffset="11036" SrcFileId="7" StartOffset="10981"/>
</LocList>
</BasicBoolTerm>
<LocList>
<Loc EndOffset="10981" SrcFileId="7" StartOffset="10980"/>
</LocList>
</OpTerm>
</RootTerm>
</CondStmnt>
</StmntSeq>
</Branch>
<Branch CovItemId="B58" CovItemPrefix="com.OriginalFiles.Board.java" Implct="true" Intrnl_Id="1715">
<Cond/>
<LocList/>
<StmntSeq Intrnl_Id="1716">
<LocList/>
</StmntSeq>
</Branch>
<Keyword EndOffset="10906" SrcFileId="7" StartOffset="10904"/>
<LocList>
<Loc EndOffset="11394" SrcFileId="7" StartOffset="10904"/>
</LocList>
<RootTerm CovItemId="C36" CovItemPrefix="com.OriginalFiles.Board.java" Intrnl_Id="1717">
<BasicBoolTerm Intrnl_Id="1718">
<LocList>
<Loc EndOffset="10959" SrcFileId="7" StartOffset="10908"/>
</LocList>
</BasicBoolTerm>
</RootTerm>
</CondStmnt>
<BasicStmnt CovItemId="S124" CovItemPrefix="com.OriginalFiles.Board.java" Intrnl_Id="1719">
<LocList>
<Loc EndOffset="11416" SrcFileId="7" StartOffset="11404"/>
</LocList>
</BasicStmnt>
</StmntSeq>
</HierarchyLvl>
<HierarchyLvl HierarchyLvlId="474" HierarchyLvlTypeId="14" Intrnl_Id="1720" Name="checkJumpDirectionBoolean">
<Header>
<Loc EndOffset="11580" SrcFileId="7" StartOffset="11448"/>
</Header>
<LocList>
<Loc EndOffset="11701" SrcFileId="7" StartOffset="11448"/>
</LocList>
<StmntSeq Intrnl_Id="1721">
<LocList>
<Loc EndOffset="11694" SrcFileId="7" StartOffset="11592"/>
</LocList>
<BasicStmnt CovItemId="S125" CovItemPrefix="com.OriginalFiles.Board.java" Intrnl_Id="1722">
<LocList>
<Loc EndOffset="11694" SrcFileId="7" StartOffset="11592"/>
</LocList>
</BasicStmnt>
</StmntSeq>
</HierarchyLvl>
<HierarchyLvl HierarchyLvlId="475" HierarchyLvlTypeId="14" Intrnl_Id="1723" Name="updateMoveables">
<Header>
<Loc EndOffset="11794" SrcFileId="7" StartOffset="11759"/>
</Header>
<LocList>
<Loc EndOffset="12441" SrcFileId="7" StartOffset="11759"/>
</LocList>
<StmntSeq Intrnl_Id="1724">
<LocList>
<Loc EndOffset="11821" SrcFileId="7" StartOffset="11806"/>
<Loc EndOffset="12409" SrcFileId="7" StartOffset="11831"/>
<Loc EndOffset="12434" SrcFileId="7" StartOffset="12419"/>
</LocList>
<BasicStmnt CovItemId="S126" CovItemPrefix="com.OriginalFiles.Board.java" Intrnl_Id="1725">
<LocList>
<Loc EndOffset="11821" SrcFileId="7" StartOffset="11806"/>
</LocList>
</BasicStmnt>
<LoopStmnt CovItemId="S127" CovItemPrefix="com.OriginalFiles.Board.java" Intrnl_Id="1726" MltplExecId="L10-2" MltplExecPrefix="com.OriginalFiles.Board.java" NvrExecId="L10-0" NvrExecPrefix="com.OriginalFiles.Board.java" OnceExecutedId="L10-1" OnceExecutedPrefix="com.OriginalFiles.Board.java" OptBodyExec="true">
<StmntSeq Intrnl_Id="1727">
<LocList>
<Loc EndOffset="12398" SrcFileId="7" StartOffset="11872"/>
</LocList>
<LoopStmnt CovItemId="S128" CovItemPrefix="com.OriginalFiles.Board.java" Intrnl_Id="1728" MltplExecId="L11-2" MltplExecPrefix="com.OriginalFiles.Board.java" NvrExecId="L11-0" NvrExecPrefix="com.OriginalFiles.Board.java" OnceExecutedId="L11-1" OnceExecutedPrefix="com.OriginalFiles.Board.java" OptBodyExec="true">
<StmntSeq Intrnl_Id="1729">
<LocList>
<Loc EndOffset="12383" SrcFileId="7" StartOffset="11913"/>
</LocList>
<CondStmnt CovItemId="S129" CovItemPrefix="com.OriginalFiles.Board.java" Intrnl_Id="1730">
<Branch CovItemId="B63" CovItemPrefix="com.OriginalFiles.Board.java" Implct="false" Intrnl_Id="1731">
<Cond/>
<LocList>
<Loc EndOffset="12383" SrcFileId="7" StartOffset="11937"/>
</LocList>
<StmntSeq Intrnl_Id="1732">
<LocList>
<Loc EndOffset="12364" SrcFileId="7" StartOffset="11960"/>
</LocList>
<CondStmnt CovItemId="S130" CovItemPrefix="com.OriginalFiles.Board.java" Intrnl_Id="1733">
<Branch CovItemId="B65" CovItemPrefix="com.OriginalFiles.Board.java" Implct="false" Intrnl_Id="1734">
<Cond/>
<LocList>
<Loc EndOffset="12364" SrcFileId="7" StartOffset="11997"/>
</LocList>
<StmntSeq Intrnl_Id="1735">
<LocList>
<Loc EndOffset="12341" SrcFileId="7" StartOffset="12075"/>
</LocList>
<CondStmnt CovItemId="S131" CovItemPrefix="com.OriginalFiles.Board.java" Intrnl_Id="1736">
<Branch CovItemId="B67" CovItemPrefix="com.OriginalFiles.Board.java" Implct="false" Intrnl_Id="1737">
<Cond/>
<LocList>
<Loc EndOffset="12248" SrcFileId="7" StartOffset="12110"/>
</LocList>
<StmntSeq Intrnl_Id="1738">
<LocList>
<Loc EndOffset="12168" SrcFileId="7" StartOffset="12141"/>
</LocList>
<BasicStmnt CovItemId="S132" CovItemPrefix="com.OriginalFiles.Board.java" Intrnl_Id="1739">
<LocList>
<Loc EndOffset="12168" SrcFileId="7" StartOffset="12141"/>
</LocList>
</BasicStmnt>
</StmntSeq>
</Branch>
<Branch CovItemId="B68" CovItemPrefix="com.OriginalFiles.Board.java" Implct="false" Intrnl_Id="1740">
<Cond>
<Loc EndOffset="12253" SrcFileId="7" StartOffset="12249"/>
</Cond>
<LocList>
<Loc EndOffset="12341" SrcFileId="7" StartOffset="12254"/>
</LocList>
<StmntSeq Intrnl_Id="1741">
<LocList>
<Loc EndOffset="12314" SrcFileId="7" StartOffset="12285"/>
</LocList>
<BasicStmnt CovItemId="S133" CovItemPrefix="com.OriginalFiles.Board.java" Intrnl_Id="1742">
<LocList>
<Loc EndOffset="12314" SrcFileId="7" StartOffset="12285"/>
</LocList>
</BasicStmnt>
</StmntSeq>
</Branch>
<Keyword EndOffset="12077" SrcFileId="7" StartOffset="12075"/>
<LocList>
<Loc EndOffset="12341" SrcFileId="7" StartOffset="12075"/>
</LocList>
<RootTerm CovItemId="C41" CovItemPrefix="com.OriginalFiles.Board.java" Intrnl_Id="1743">
<BasicBoolTerm Intrnl_Id="1744">
<LocList>
<Loc EndOffset="12108" SrcFileId="7" StartOffset="12079"/>
</LocList>
</BasicBoolTerm>
</RootTerm>
</CondStmnt>
</StmntSeq>
</Branch>
<Branch CovItemId="B66" CovItemPrefix="com.OriginalFiles.Board.java" Implct="true" Intrnl_Id="1745">
<Cond/>
<LocList/>
<StmntSeq Intrnl_Id="1746">
<LocList/>
</StmntSeq>
</Branch>
<Keyword EndOffset="11962" SrcFileId="7" StartOffset="11960"/>
<LocList>
<Loc EndOffset="12364" SrcFileId="7" StartOffset="11960"/>
</LocList>
<RootTerm CovItemId="C40" CovItemPrefix="com.OriginalFiles.Board.java" Intrnl_Id="1747">
<BasicBoolTerm Intrnl_Id="1748">
<LocList>
<Loc EndOffset="11995" SrcFileId="7" StartOffset="11964"/>
</LocList>
</BasicBoolTerm>
</RootTerm>
</CondStmnt>
</StmntSeq>
</Branch>
<Branch CovItemId="B64" CovItemPrefix="com.OriginalFiles.Board.java" Implct="true" Intrnl_Id="1749">
<Cond/>
<LocList/>
<StmntSeq Intrnl_Id="1750">
<LocList/>
</StmntSeq>
</Branch>
<Keyword EndOffset="11915" SrcFileId="7" StartOffset="11913"/>
<LocList>
<Loc EndOffset="12383" SrcFileId="7" StartOffset="11913"/>
</LocList>
<RootTerm CovItemId="C39" CovItemPrefix="com.OriginalFiles.Board.java" Intrnl_Id="1751">
<BasicBoolTerm Intrnl_Id="1752">
<LocList>
<Loc EndOffset="11935" SrcFileId="7" StartOffset="11917"/>
</LocList>
</BasicBoolTerm>
</RootTerm>
</CondStmnt>
</StmntSeq>
<Keyword EndOffset="11875" SrcFileId="7" StartOffset="11872"/>
<LocList>
<Loc EndOffset="12398" SrcFileId="7" StartOffset="11872"/>
</LocList>
</LoopStmnt>
</StmntSeq>
<Keyword EndOffset="11834" SrcFileId="7" StartOffset="11831"/>
<LocList>
<Loc EndOffset="12409" SrcFileId="7" StartOffset="11831"/>
</LocList>
</LoopStmnt>
<BasicStmnt CovItemId="S134" CovItemPrefix="com.OriginalFiles.Board.java" Intrnl_Id="1753">
<LocList>
<Loc EndOffset="12434" SrcFileId="7" StartOffset="12419"/>
</LocList>
</BasicStmnt>
</StmntSeq>
</HierarchyLvl>
<HierarchyLvl HierarchyLvlId="476" HierarchyLvlTypeId="14" Intrnl_Id="1754" Name="findOpponentColors">
<Header>
<Loc EndOffset="12533" SrcFileId="7" StartOffset="12500"/>
</Header>
<LocList>
<Loc EndOffset="12767" SrcFileId="7" StartOffset="12500"/>
</LocList>
<StmntSeq Intrnl_Id="1755">
<LocList>
<Loc EndOffset="12760" SrcFileId="7" StartOffset="12545"/>
</LocList>
<CondStmnt CovItemId="S135" CovItemPrefix="com.OriginalFiles.Board.java" Intrnl_Id="1756">
<Branch CovItemId="B69" CovItemPrefix="com.OriginalFiles.Board.java" Implct="false" Intrnl_Id="1757">
<Cond/>
<LocList>
<Loc EndOffset="12663" SrcFileId="7" StartOffset="12572"/>
</LocList>
<StmntSeq Intrnl_Id="1758">
<LocList>
<Loc EndOffset="12614" SrcFileId="7" StartOffset="12587"/>
<Loc EndOffset="12652" SrcFileId="7" StartOffset="12628"/>
</LocList>
<BasicStmnt CovItemId="S136" CovItemPrefix="com.OriginalFiles.Board.java" Intrnl_Id="1759">
<LocList>
<Loc EndOffset="12614" SrcFileId="7" StartOffset="12587"/>
</LocList>
</BasicStmnt>
<BasicStmnt CovItemId="S137" CovItemPrefix="com.OriginalFiles.Board.java" Intrnl_Id="1760">
<LocList>
<Loc EndOffset="12652" SrcFileId="7" StartOffset="12628"/>
</LocList>
</BasicStmnt>
</StmntSeq>
</Branch>
<Branch CovItemId="B70" CovItemPrefix="com.OriginalFiles.Board.java" Implct="false" Intrnl_Id="1761">
<Cond>
<Loc EndOffset="12668" SrcFileId="7" StartOffset="12664"/>
</Cond>
<LocList>
<Loc EndOffset="12760" SrcFileId="7" StartOffset="12669"/>
</LocList>
<StmntSeq Intrnl_Id="1762">
<LocList>
<Loc EndOffset="12711" SrcFileId="7" StartOffset="12684"/>
<Loc EndOffset="12749" SrcFileId="7" StartOffset="12725"/>
</LocList>
<BasicStmnt CovItemId="S138" CovItemPrefix="com.OriginalFiles.Board.java" Intrnl_Id="1763">
<LocList>
<Loc EndOffset="12711" SrcFileId="7" StartOffset="12684"/>
</LocList>
</BasicStmnt>
<BasicStmnt CovItemId="S139" CovItemPrefix="com.OriginalFiles.Board.java" Intrnl_Id="1764">
<LocList>
<Loc EndOffset="12749" SrcFileId="7" StartOffset="12725"/>
</LocList>
</BasicStmnt>
</StmntSeq>
</Branch>
<Keyword EndOffset="12547" SrcFileId="7" StartOffset="12545"/>
<LocList>
<Loc EndOffset="12760" SrcFileId="7" StartOffset="12545"/>
</LocList>
<RootTerm CovItemId="C42" CovItemPrefix="com.OriginalFiles.Board.java" Intrnl_Id="1765">
<BasicBoolTerm Intrnl_Id="1766">
<LocList>
<Loc EndOffset="12570" SrcFileId="7" StartOffset="12549"/>
</LocList>
</BasicBoolTerm>
</RootTerm>
</CondStmnt>
</StmntSeq>
</HierarchyLvl>
<HierarchyLvl HierarchyLvlId="477" HierarchyLvlTypeId="14" Intrnl_Id="1767" Name="findMissingPiece">
<Header>
<Loc EndOffset="12914" SrcFileId="7" StartOffset="12824"/>
</Header>
<LocList>
<Loc EndOffset="13668" SrcFileId="7" StartOffset="12824"/>
</LocList>
<StmntSeq Intrnl_Id="1768">
<LocList>
<Loc EndOffset="12968" SrcFileId="7" StartOffset="12945"/>
<Loc EndOffset="13626" SrcFileId="7" StartOffset="12980"/>
<Loc EndOffset="13661" SrcFileId="7" StartOffset="13638"/>
</LocList>
<BasicStmnt CovItemId="S140" CovItemPrefix="com.OriginalFiles.Board.java" Intrnl_Id="1769">
<LocList>
<Loc EndOffset="12968" SrcFileId="7" StartOffset="12945"/>
</LocList>
</BasicStmnt>
<LoopStmnt CovItemId="S141" CovItemPrefix="com.OriginalFiles.Board.java" Intrnl_Id="1770" MltplExecId="L12-2" MltplExecPrefix="com.OriginalFiles.Board.java" NvrExecId="L12-0" NvrExecPrefix="com.OriginalFiles.Board.java" OnceExecutedId="L12-1" OnceExecutedPrefix="com.OriginalFiles.Board.java" OptBodyExec="true">
<StmntSeq Intrnl_Id="1771">
<LocList>
<Loc EndOffset="13615" SrcFileId="7" StartOffset="13092"/>
</LocList>
<CondStmnt CovItemId="S142" CovItemPrefix="com.OriginalFiles.Board.java" Intrnl_Id="1772">
<Branch CovItemId="B71" CovItemPrefix="com.OriginalFiles.Board.java" Implct="false" Intrnl_Id="1773">
<Cond/>
<LocList>
<Loc EndOffset="13357" SrcFileId="7" StartOffset="13105"/>
</LocList>
<StmntSeq Intrnl_Id="1774">
<LocList>
<Loc EndOffset="13308" SrcFileId="7" StartOffset="13124"/>
<Loc EndOffset="13342" SrcFileId="7" StartOffset="13326"/>
</LocList>
<LoopStmnt CovItemId="S143" CovItemPrefix="com.OriginalFiles.Board.java" Intrnl_Id="1775" MltplExecId="L13-2" MltplExecPrefix="com.OriginalFiles.Board.java" NvrExecId="L13-0" NvrExecPrefix="com.OriginalFiles.Board.java" OnceExecutedId="L13-1" OnceExecutedPrefix="com.OriginalFiles.Board.java" OptBodyExec="true">
<StmntSeq Intrnl_Id="1776">
<LocList>
<Loc EndOffset="13289" SrcFileId="7" StartOffset="13171"/>
</LocList>
<CondStmnt CovItemId="S144" CovItemPrefix="com.OriginalFiles.Board.java" Intrnl_Id="1777">
<Branch CovItemId="B73" CovItemPrefix="com.OriginalFiles.Board.java" Implct="false" Intrnl_Id="1778">
<Cond/>
<LocList>
<Loc EndOffset="13289" SrcFileId="7" StartOffset="13193"/>
</LocList>
<StmntSeq Intrnl_Id="1779">
<LocList>
<Loc EndOffset="13266" SrcFileId="7" StartOffset="13220"/>
</LocList>
<BasicStmnt CovItemId="S145" CovItemPrefix="com.OriginalFiles.Board.java" Intrnl_Id="1780">
<LocList>
<Loc EndOffset="13266" SrcFileId="7" StartOffset="13220"/>
</LocList>
</BasicStmnt>
</StmntSeq>
</Branch>
<Branch CovItemId="B74" CovItemPrefix="com.OriginalFiles.Board.java" Implct="true" Intrnl_Id="1781">
<Cond/>
<LocList/>
<StmntSeq Intrnl_Id="1782">
<LocList/>
</StmntSeq>
</Branch>
<Keyword EndOffset="13173" SrcFileId="7" StartOffset="13171"/>
<LocList>
<Loc EndOffset="13289" SrcFileId="7" StartOffset="13171"/>
</LocList>
<RootTerm CovItemId="C46" CovItemPrefix="com.OriginalFiles.Board.java" Intrnl_Id="1783">
<BasicBoolTerm Intrnl_Id="1784">
<LocList>
<Loc EndOffset="13191" SrcFileId="7" StartOffset="13175"/>
</LocList>
</BasicBoolTerm>
</RootTerm>
</CondStmnt>
</StmntSeq>
<Keyword EndOffset="13127" SrcFileId="7" StartOffset="13124"/>
<LocList>
<Loc EndOffset="13308" SrcFileId="7" StartOffset="13124"/>
</LocList>
<RootTerm CovItemId="C45" CovItemPrefix="com.OriginalFiles.Board.java" Intrnl_Id="1785">
<BasicBoolTerm Intrnl_Id="1786">
<LocList>
<Loc EndOffset="13141" SrcFileId="7" StartOffset="13136"/>
</LocList>
</BasicBoolTerm>
</RootTerm>
</LoopStmnt>
<BasicStmnt CovItemId="S146" CovItemPrefix="com.OriginalFiles.Board.java" Intrnl_Id="1787">
<LocList>
<Loc EndOffset="13342" SrcFileId="7" StartOffset="13326"/>
</LocList>
</BasicStmnt>
</StmntSeq>
</Branch>
<Branch CovItemId="B72" CovItemPrefix="com.OriginalFiles.Board.java" Implct="false" Intrnl_Id="1788">
<Cond>
<Loc EndOffset="13362" SrcFileId="7" StartOffset="13358"/>
</Cond>
<LocList>
<Loc EndOffset="13615" SrcFileId="7" StartOffset="13363"/>
</LocList>
<StmntSeq Intrnl_Id="1789">
<LocList>
<Loc EndOffset="13567" SrcFileId="7" StartOffset="13382"/>
<Loc EndOffset="13600" SrcFileId="7" StartOffset="13585"/>
</LocList>
<LoopStmnt CovItemId="S147" CovItemPrefix="com.OriginalFiles.Board.java" Intrnl_Id="1790" MltplExecId="L14-2" MltplExecPrefix="com.OriginalFiles.Board.java" NvrExecId="L14-0" NvrExecPrefix="com.OriginalFiles.Board.java" OnceExecutedId="L14-1" OnceExecutedPrefix="com.OriginalFiles.Board.java" OptBodyExec="true">
<StmntSeq Intrnl_Id="1791">
<LocList>
<Loc EndOffset="13548" SrcFileId="7" StartOffset="13430"/>
</LocList>
<CondStmnt CovItemId="S148" CovItemPrefix="com.OriginalFiles.Board.java" Intrnl_Id="1792">
<Branch CovItemId="B75" CovItemPrefix="com.OriginalFiles.Board.java" Implct="false" Intrnl_Id="1793">
<Cond/>
<LocList>
<Loc EndOffset="13548" SrcFileId="7" StartOffset="13452"/>
</LocList>
<StmntSeq Intrnl_Id="1794">
<LocList>
<Loc EndOffset="13525" SrcFileId="7" StartOffset="13479"/>
</LocList>
<BasicStmnt CovItemId="S149" CovItemPrefix="com.OriginalFiles.Board.java" Intrnl_Id="1795">
<LocList>
<Loc EndOffset="13525" SrcFileId="7" StartOffset="13479"/>
</LocList>
</BasicStmnt>
</StmntSeq>
</Branch>
<Branch CovItemId="B76" CovItemPrefix="com.OriginalFiles.Board.java" Implct="true" Intrnl_Id="1796">
<Cond/>
<LocList/>
<StmntSeq Intrnl_Id="1797">
<LocList/>
</StmntSeq>
</Branch>
<Keyword EndOffset="13432" SrcFileId="7" StartOffset="13430"/>
<LocList>
<Loc EndOffset="13548" SrcFileId="7" StartOffset="13430"/>
</LocList>
<RootTerm CovItemId="C48" CovItemPrefix="com.OriginalFiles.Board.java" Intrnl_Id="1798">
<BasicBoolTerm Intrnl_Id="1799">
<LocList>
<Loc EndOffset="13450" SrcFileId="7" StartOffset="13434"/>
</LocList>
</BasicBoolTerm>
</RootTerm>
</CondStmnt>
</StmntSeq>
<Keyword EndOffset="13385" SrcFileId="7" StartOffset="13382"/>
<LocList>
<Loc EndOffset="13567" SrcFileId="7" StartOffset="13382"/>
</LocList>
<RootTerm CovItemId="C47" CovItemPrefix="com.OriginalFiles.Board.java" Intrnl_Id="1800">
<BasicBoolTerm Intrnl_Id="1801">
<LocList>
<Loc EndOffset="13400" SrcFileId="7" StartOffset="13394"/>
</LocList>
</BasicBoolTerm>
</RootTerm>
</LoopStmnt>
<BasicStmnt CovItemId="S150" CovItemPrefix="com.OriginalFiles.Board.java" Intrnl_Id="1802">
<LocList>
<Loc EndOffset="13600" SrcFileId="7" StartOffset="13585"/>
</LocList>
</BasicStmnt>
</StmntSeq>
</Branch>
<Keyword EndOffset="13094" SrcFileId="7" StartOffset="13092"/>
<LocList>
<Loc EndOffset="13615" SrcFileId="7" StartOffset="13092"/>
</LocList>
<RootTerm CovItemId="C44" CovItemPrefix="com.OriginalFiles.Board.java" Intrnl_Id="1803">
<BasicBoolTerm Intrnl_Id="1804">
<LocList>
<Loc EndOffset="13103" SrcFileId="7" StartOffset="13096"/>
</LocList>
</BasicBoolTerm>
</RootTerm>
</CondStmnt>
</StmntSeq>
<Keyword EndOffset="12983" SrcFileId="7" StartOffset="12980"/>
<LocList>
<Loc EndOffset="13626" SrcFileId="7" StartOffset="12980"/>
</LocList>
<RootTerm CovItemId="C43" CovItemPrefix="com.OriginalFiles.Board.java" Intrnl_Id="1805">
<BasicBoolTerm Intrnl_Id="1806">
<LocList>
<Loc EndOffset="12997" SrcFileId="7" StartOffset="12992"/>
</LocList>
</BasicBoolTerm>
</RootTerm>
</LoopStmnt>
<BasicStmnt CovItemId="S151" CovItemPrefix="com.OriginalFiles.Board.java" Intrnl_Id="1807">
<LocList>
<Loc EndOffset="13661" SrcFileId="7" StartOffset="13638"/>
</LocList>
</BasicStmnt>
</StmntSeq>
</HierarchyLvl>
<HierarchyLvl HierarchyLvlId="478" HierarchyLvlTypeId="14" Intrnl_Id="1808" Name="getPiece">
<Header>
<Loc EndOffset="13766" SrcFileId="7" StartOffset="13711"/>
</Header>
<LocList>
<Loc EndOffset="14078" SrcFileId="7" StartOffset="13711"/>
</LocList>
<StmntSeq Intrnl_Id="1809">
<LocList>
<Loc EndOffset="13823" SrcFileId="7" StartOffset="13778"/>
<Loc EndOffset="14071" SrcFileId="7" StartOffset="13833"/>
</LocList>
<BasicStmnt CovItemId="S152" CovItemPrefix="com.OriginalFiles.Board.java" Intrnl_Id="1810">
<LocList>
<Loc EndOffset="13823" SrcFileId="7" StartOffset="13778"/>
</LocList>
</BasicStmnt>
<CondStmnt CovItemId="S153" CovItemPrefix="com.OriginalFiles.Board.java" Intrnl_Id="1811">
<Branch CovItemId="B77" CovItemPrefix="com.OriginalFiles.Board.java" Implct="false" Intrnl_Id="1812">
<Cond/>
<LocList>
<Loc EndOffset="13889" SrcFileId="7" StartOffset="13851"/>
</LocList>
<StmntSeq Intrnl_Id="1813">
<LocList>
<Loc EndOffset="13878" SrcFileId="7" StartOffset="13866"/>
</LocList>
<BasicStmnt CovItemId="S154" CovItemPrefix="com.OriginalFiles.Board.java" Intrnl_Id="1814">
<LocList>
<Loc EndOffset="13878" SrcFileId="7" StartOffset="13866"/>
</LocList>
</BasicStmnt>
</StmntSeq>
</Branch>
<Branch CovItemId="B78" CovItemPrefix="com.OriginalFiles.Board.java" Implct="false" Intrnl_Id="1815">
<Cond>
<Loc EndOffset="13894" SrcFileId="7" StartOffset="13890"/>
</Cond>
<LocList>
<Loc EndOffset="14071" SrcFileId="7" StartOffset="13895"/>
</LocList>
<StmntSeq Intrnl_Id="1816">
<LocList>
<Loc EndOffset="13939" SrcFileId="7" StartOffset="13910"/>
<Loc EndOffset="13972" SrcFileId="7" StartOffset="13953"/>
<Loc EndOffset="14034" SrcFileId="7" StartOffset="13986"/>
<Loc EndOffset="14060" SrcFileId="7" StartOffset="14048"/>
</LocList>
<BasicStmnt CovItemId="S155" CovItemPrefix="com.OriginalFiles.Board.java" Intrnl_Id="1817">
<LocList>
<Loc EndOffset="13939" SrcFileId="7" StartOffset="13910"/>
</LocList>
</BasicStmnt>
<BasicStmnt CovItemId="S156" CovItemPrefix="com.OriginalFiles.Board.java" Intrnl_Id="1818">
<LocList>
<Loc EndOffset="13972" SrcFileId="7" StartOffset="13953"/>
</LocList>
</BasicStmnt>
<BasicStmnt CovItemId="S157" CovItemPrefix="com.OriginalFiles.Board.java" Intrnl_Id="1819">
<LocList>
<Loc EndOffset="14034" SrcFileId="7" StartOffset="13986"/>
</LocList>
</BasicStmnt>
<BasicStmnt CovItemId="S158" CovItemPrefix="com.OriginalFiles.Board.java" Intrnl_Id="1820">
<LocList>
<Loc EndOffset="14060" SrcFileId="7" StartOffset="14048"/>
</LocList>
</BasicStmnt>
</StmntSeq>
</Branch>
<Keyword EndOffset="13835" SrcFileId="7" StartOffset="13833"/>
<LocList>
<Loc EndOffset="14071" SrcFileId="7" StartOffset="13833"/>
</LocList>
<RootTerm CovItemId="C49" CovItemPrefix="com.OriginalFiles.Board.java" Intrnl_Id="1821">
<BasicBoolTerm Intrnl_Id="1822">
<LocList>
<Loc EndOffset="13849" SrcFileId="7" StartOffset="13837"/>
</LocList>
</BasicBoolTerm>
</RootTerm>
</CondStmnt>
</StmntSeq>
</HierarchyLvl>
<HierarchyLvl HierarchyLvlId="479" HierarchyLvlTypeId="14" Intrnl_Id="1823" Name="checkAllegiance">
<Header>
<Loc EndOffset="14877" SrcFileId="7" StartOffset="14802"/>
</Header>
<LocList>
<Loc EndOffset="15132" SrcFileId="7" StartOffset="14802"/>
</LocList>
<StmntSeq Intrnl_Id="1824">
<LocList>
<Loc EndOffset="15102" SrcFileId="7" StartOffset="14894"/>
<Loc EndOffset="15125" SrcFileId="7" StartOffset="15112"/>
</LocList>
<CondStmnt CovItemId="S159" CovItemPrefix="com.OriginalFiles.Board.java" Intrnl_Id="1825">
<Branch CovItemId="B79" CovItemPrefix="com.OriginalFiles.Board.java" Implct="false" Intrnl_Id="1826">
<Cond/>
<LocList>
<Loc EndOffset="15102" SrcFileId="7" StartOffset="14929"/>
</LocList>
<StmntSeq Intrnl_Id="1827">
<LocList>
<Loc EndOffset="15091" SrcFileId="7" StartOffset="14944"/>
</LocList>
<CondStmnt CovItemId="S160" CovItemPrefix="com.OriginalFiles.Board.java" Intrnl_Id="1828">
<Branch CovItemId="B81" CovItemPrefix="com.OriginalFiles.Board.java" Implct="false" Intrnl_Id="1829">
<Cond/>
<LocList>
<Loc EndOffset="15091" SrcFileId="7" StartOffset="14966"/>
</LocList>
<StmntSeq Intrnl_Id="1830">
<LocList>
<Loc EndOffset="15076" SrcFileId="7" StartOffset="14985"/>
</LocList>
<BasicStmnt CovItemId="S161" CovItemPrefix="com.OriginalFiles.Board.java" Intrnl_Id="1831">
<LocList>
<Loc EndOffset="15076" SrcFileId="7" StartOffset="14985"/>
</LocList>
</BasicStmnt>
</StmntSeq>
</Branch>
<Branch CovItemId="B82" CovItemPrefix="com.OriginalFiles.Board.java" Implct="true" Intrnl_Id="1832">
<Cond/>
<LocList/>
<StmntSeq Intrnl_Id="1833">
<LocList/>
</StmntSeq>
</Branch>
<Keyword EndOffset="14946" SrcFileId="7" StartOffset="14944"/>
<LocList>
<Loc EndOffset="15091" SrcFileId="7" StartOffset="14944"/>
</LocList>
<RootTerm CovItemId="C51" CovItemPrefix="com.OriginalFiles.Board.java" Intrnl_Id="1834">
<OpTerm BooleanOpId="9" Intrnl_Id="1835">
<BasicBoolTerm Intrnl_Id="1836">
<LocList>
<Loc EndOffset="14964" SrcFileId="7" StartOffset="14949"/>
</LocList>
</BasicBoolTerm>
<LocList>
<Loc EndOffset="14949" SrcFileId="7" StartOffset="14948"/>
</LocList>
</OpTerm>
</RootTerm>
</CondStmnt>
</StmntSeq>
</Branch>
<Branch CovItemId="B80" CovItemPrefix="com.OriginalFiles.Board.java" Implct="true" Intrnl_Id="1837">
<Cond/>
<LocList/>
<StmntSeq Intrnl_Id="1838">
<LocList/>
</StmntSeq>
</Branch>
<Keyword EndOffset="14896" SrcFileId="7" StartOffset="14894"/>
<LocList>
<Loc EndOffset="15102" SrcFileId="7" StartOffset="14894"/>
</LocList>
<RootTerm CovItemId="C50" CovItemPrefix="com.OriginalFiles.Board.java" Intrnl_Id="1839">
<BasicBoolTerm Intrnl_Id="1840">
<LocList>
<Loc EndOffset="14927" SrcFileId="7" StartOffset="14898"/>
</LocList>
</BasicBoolTerm>
</RootTerm>
</CondStmnt>
<BasicStmnt CovItemId="S162" CovItemPrefix="com.OriginalFiles.Board.java" Intrnl_Id="1841">
<LocList>
<Loc EndOffset="15125" SrcFileId="7" StartOffset="15112"/>
</LocList>
</BasicStmnt>
</StmntSeq>
</HierarchyLvl>
<HierarchyLvl HierarchyLvlId="480" HierarchyLvlTypeId="14" Intrnl_Id="1842" Name="checkAllegiance">
<Header>
<Loc EndOffset="15215" SrcFileId="7" StartOffset="15140"/>
</Header>
<LocList>
<Loc EndOffset="15594" SrcFileId="7" StartOffset="15140"/>
</LocList>
<StmntSeq Intrnl_Id="1843">
<LocList>
<Loc EndOffset="15377" SrcFileId="7" StartOffset="15232"/>
<Loc EndOffset="15563" SrcFileId="7" StartOffset="15388"/>
<Loc EndOffset="15587" SrcFileId="7" StartOffset="15574"/>
</LocList>
<CondStmnt CovItemId="S163" CovItemPrefix="com.OriginalFiles.Board.java" Intrnl_Id="1844">
<Branch CovItemId="B83" CovItemPrefix="com.OriginalFiles.Board.java" Implct="false" Intrnl_Id="1845">
<Cond/>
<LocList>
<Loc EndOffset="15377" SrcFileId="7" StartOffset="15337"/>
</LocList>
<StmntSeq Intrnl_Id="1846">
<LocList>
<Loc EndOffset="15365" SrcFileId="7" StartOffset="15353"/>
</LocList>
<BasicStmnt CovItemId="S164" CovItemPrefix="com.OriginalFiles.Board.java" Intrnl_Id="1847">
<LocList>
<Loc EndOffset="15365" SrcFileId="7" StartOffset="15353"/>
</LocList>
</BasicStmnt>
</StmntSeq>
</Branch>
<Branch CovItemId="B84" CovItemPrefix="com.OriginalFiles.Board.java" Implct="true" Intrnl_Id="1848">
<Cond/>
<LocList/>
<StmntSeq Intrnl_Id="1849">
<LocList/>
</StmntSeq>
</Branch>
<Keyword EndOffset="15234" SrcFileId="7" StartOffset="15232"/>
<LocList>
<Loc EndOffset="15377" SrcFileId="7" StartOffset="15232"/>
</LocList>
<RootTerm CovItemId="C52" CovItemPrefix="com.OriginalFiles.Board.java" Intrnl_Id="1850">
<OpTerm BooleanOpId="10" Intrnl_Id="1851">
<OpTerm BooleanOpId="11" Intrnl_Id="1852">
<BasicBoolTerm Intrnl_Id="1853">
<LocList>
<Loc EndOffset="15266" SrcFileId="7" StartOffset="15237"/>
</LocList>
</BasicBoolTerm>
<BasicBoolTerm Intrnl_Id="1854">
<LocList>
<Loc EndOffset="15313" SrcFileId="7" StartOffset="15287"/>
</LocList>
</BasicBoolTerm>
<LocList>
<Loc EndOffset="15286" SrcFileId="7" StartOffset="15284"/>
</LocList>
</OpTerm>
<OpTerm BooleanOpId="9" Intrnl_Id="1855">
<BasicBoolTerm Intrnl_Id="1856">
<LocList>
<Loc EndOffset="15335" SrcFileId="7" StartOffset="15319"/>
</LocList>
</BasicBoolTerm>
<LocList>
<Loc EndOffset="15319" SrcFileId="7" StartOffset="15318"/>
</LocList>
</OpTerm>
<LocList>
<Loc EndOffset="15317" SrcFileId="7" StartOffset="15315"/>
</LocList>
</OpTerm>
</RootTerm>
</CondStmnt>
<CondStmnt CovItemId="S165" CovItemPrefix="com.OriginalFiles.Board.java" Intrnl_Id="1857">
<Branch CovItemId="B85" CovItemPrefix="com.OriginalFiles.Board.java" Implct="false" Intrnl_Id="1858">
<Cond/>
<LocList>
<Loc EndOffset="15563" SrcFileId="7" StartOffset="15523"/>
</LocList>
<StmntSeq Intrnl_Id="1859">
<LocList>
<Loc EndOffset="15551" SrcFileId="7" StartOffset="15539"/>
</LocList>
<BasicStmnt CovItemId="S166" CovItemPrefix="com.OriginalFiles.Board.java" Intrnl_Id="1860">
<LocList>
<Loc EndOffset="15551" SrcFileId="7" StartOffset="15539"/>
</LocList>
</BasicStmnt>
</StmntSeq>
</Branch>
<Branch CovItemId="B86" CovItemPrefix="com.OriginalFiles.Board.java" Implct="true" Intrnl_Id="1861">
<Cond/>
<LocList/>
<StmntSeq Intrnl_Id="1862">
<LocList/>
</StmntSeq>
</Branch>
<Keyword EndOffset="15390" SrcFileId="7" StartOffset="15388"/>
<LocList>
<Loc EndOffset="15563" SrcFileId="7" StartOffset="15388"/>
</LocList>
<RootTerm CovItemId="C53" CovItemPrefix="com.OriginalFiles.Board.java" Intrnl_Id="1863">
<OpTerm BooleanOpId="10" Intrnl_Id="1864">
<OpTerm BooleanOpId="11" Intrnl_Id="1865">
<BasicBoolTerm Intrnl_Id="1866">
<LocList>
<Loc EndOffset="15428" SrcFileId="7" StartOffset="15393"/>
</LocList>
</BasicBoolTerm>
<BasicBoolTerm Intrnl_Id="1867">
<LocList>
<Loc EndOffset="15482" SrcFileId="7" StartOffset="15450"/>
</LocList>
</BasicBoolTerm>
<LocList>
<Loc EndOffset="15449" SrcFileId="7" StartOffset="15447"/>
</LocList>
</OpTerm>
<BasicBoolTerm Intrnl_Id="1868">
<LocList>
<Loc EndOffset="15521" SrcFileId="7" StartOffset="15505"/>
</LocList>
</BasicBoolTerm>
<LocList>
<Loc EndOffset="15504" SrcFileId="7" StartOffset="15502"/>
</LocList>
</OpTerm>
</RootTerm>
</CondStmnt>
<BasicStmnt CovItemId="S167" CovItemPrefix="com.OriginalFiles.Board.java" Intrnl_Id="1869">
<LocList>
<Loc EndOffset="15587" SrcFileId="7" StartOffset="15574"/>
</LocList>
</BasicStmnt>
</StmntSeq>
</HierarchyLvl>
<HierarchyLvl HierarchyLvlId="481" HierarchyLvlTypeId="14" Intrnl_Id="1870" Name="checkBounds">
<Header>
<Loc EndOffset="15701" SrcFileId="7" StartOffset="15655"/>
</Header>
<LocList>
<Loc EndOffset="15764" SrcFileId="7" StartOffset="15655"/>
</LocList>
<StmntSeq Intrnl_Id="1871">
<LocList>
<Loc EndOffset="15757" SrcFileId="7" StartOffset="15713"/>
</LocList>
<BasicStmnt CovItemId="S168" CovItemPrefix="com.OriginalFiles.Board.java" Intrnl_Id="1872">
<LocList>
<Loc EndOffset="15757" SrcFileId="7" StartOffset="15713"/>
</LocList>
</BasicStmnt>
</StmntSeq>
</HierarchyLvl>
</HierarchyLvl>
<HierarchyLvl HierarchyLvlId="503" HierarchyLvlTypeId="13" Intrnl_Id="1873" Name="Analyze">
<Header>
<Loc EndOffset="213" SrcFileId="8" StartOffset="193"/>
</Header>
<LocList>
<Loc EndOffset="19498" SrcFileId="8" StartOffset="193"/>
</LocList>
<StmntSeq Intrnl_Id="1874">
<LocList>
<Loc EndOffset="331" SrcFileId="8" StartOffset="290"/>
<Loc EndOffset="370" SrcFileId="8" StartOffset="337"/>
<Loc EndOffset="422" SrcFileId="8" StartOffset="376"/>
<Loc EndOffset="521" SrcFileId="8" StartOffset="477"/>
</LocList>
<BasicStmnt CovItemId="S1" CovItemPrefix="com.OriginalFiles.Analyze.java" Intrnl_Id="1875">
<LocList>
<Loc EndOffset="331" SrcFileId="8" StartOffset="290"/>
</LocList>
</BasicStmnt>
<BasicStmnt CovItemId="S2" CovItemPrefix="com.OriginalFiles.Analyze.java" Intrnl_Id="1876">
<LocList>
<Loc EndOffset="370" SrcFileId="8" StartOffset="337"/>
</LocList>
</BasicStmnt>
<BasicStmnt CovItemId="S3" CovItemPrefix="com.OriginalFiles.Analyze.java" Intrnl_Id="1877">
<LocList>
<Loc EndOffset="422" SrcFileId="8" StartOffset="376"/>
</LocList>
</BasicStmnt>
<BasicStmnt CovItemId="S4" CovItemPrefix="com.OriginalFiles.Analyze.java" Intrnl_Id="1878">
<LocList>
<Loc EndOffset="521" SrcFileId="8" StartOffset="477"/>
</LocList>
</BasicStmnt>
</StmntSeq>
<HierarchyLvl HierarchyLvlId="483" HierarchyLvlTypeId="14" Intrnl_Id="1879" Name="Analyze">
<Header>
<Loc EndOffset="652" SrcFileId="8" StartOffset="593"/>
</Header>
<LocList>
<Loc EndOffset="733" SrcFileId="8" StartOffset="593"/>
</LocList>
<StmntSeq Intrnl_Id="1880">
<LocList>
<Loc EndOffset="686" SrcFileId="8" StartOffset="664"/>
<Loc EndOffset="726" SrcFileId="8" StartOffset="696"/>
</LocList>
<BasicStmnt CovItemId="S5" CovItemPrefix="com.OriginalFiles.Analyze.java" Intrnl_Id="1881">
<LocList>
<Loc EndOffset="686" SrcFileId="8" StartOffset="664"/>
</LocList>
</BasicStmnt>
<BasicStmnt CovItemId="S6" CovItemPrefix="com.OriginalFiles.Analyze.java" Intrnl_Id="1882">
<LocList>
<Loc EndOffset="726" SrcFileId="8" StartOffset="696"/>
</LocList>
</BasicStmnt>
</StmntSeq>
</HierarchyLvl>
<HierarchyLvl HierarchyLvlId="484" HierarchyLvlTypeId="14" Intrnl_Id="1883" Name="analyzeBoard">
<Header>
<Loc EndOffset="919" SrcFileId="8" StartOffset="813"/>
</Header>
<LocList>
<Loc EndOffset="1501" SrcFileId="8" StartOffset="813"/>
</LocList>
<StmntSeq Intrnl_Id="1884">
<LocList>
<Loc EndOffset="1471" SrcFileId="8" StartOffset="931"/>
<Loc EndOffset="1494" SrcFileId="8" StartOffset="1481"/>
</LocList>
<CondStmnt CovItemId="S7" CovItemPrefix="com.OriginalFiles.Analyze.java" Intrnl_Id="1885">
<Branch CovItemId="B1" CovItemPrefix="com.OriginalFiles.Analyze.java" Implct="false" Intrnl_Id="1886">
<Cond/>
<LocList>
<Loc EndOffset="1471" SrcFileId="8" StartOffset="964"/>
</LocList>
<StmntSeq Intrnl_Id="1887">
<LocList>
<Loc EndOffset="1003" SrcFileId="8" StartOffset="979"/>
<Loc EndOffset="1069" SrcFileId="8" StartOffset="1019"/>
<Loc EndOffset="1132" SrcFileId="8" StartOffset="1083"/>
<Loc EndOffset="1187" SrcFileId="8" StartOffset="1146"/>
<Loc EndOffset="1220" SrcFileId="8" StartOffset="1201"/>
<Loc EndOffset="1326" SrcFileId="8" StartOffset="1294"/>
<Loc EndOffset="1366" SrcFileId="8" StartOffset="1340"/>
<Loc EndOffset="1460" SrcFileId="8" StartOffset="1380"/>
</LocList>
<BasicStmnt CovItemId="S8" CovItemPrefix="com.OriginalFiles.Analyze.java" Intrnl_Id="1888">
<LocList>
<Loc EndOffset="1003" SrcFileId="8" StartOffset="979"/>
</LocList>
</BasicStmnt>
<BasicStmnt CovItemId="S9" CovItemPrefix="com.OriginalFiles.Analyze.java" Intrnl_Id="1889">
<LocList>
<Loc EndOffset="1069" SrcFileId="8" StartOffset="1019"/>
</LocList>
</BasicStmnt>
<BasicStmnt CovItemId="S10" CovItemPrefix="com.OriginalFiles.Analyze.java" Intrnl_Id="1890">
<LocList>
<Loc EndOffset="1132" SrcFileId="8" StartOffset="1083"/>
</LocList>
</BasicStmnt>
<BasicStmnt CovItemId="S11" CovItemPrefix="com.OriginalFiles.Analyze.java" Intrnl_Id="1891">
<LocList>
<Loc EndOffset="1187" SrcFileId="8" StartOffset="1146"/>
</LocList>
</BasicStmnt>
<BasicStmnt CovItemId="S12" CovItemPrefix="com.OriginalFiles.Analyze.java" Intrnl_Id="1892">
<LocList>
<Loc EndOffset="1220" SrcFileId="8" StartOffset="1201"/>
</LocList>
</BasicStmnt>
<BasicStmnt CovItemId="S13" CovItemPrefix="com.OriginalFiles.Analyze.java" Intrnl_Id="1893">
<LocList>
<Loc EndOffset="1326" SrcFileId="8" StartOffset="1294"/>
</LocList>
</BasicStmnt>
<BasicStmnt CovItemId="S14" CovItemPrefix="com.OriginalFiles.Analyze.java" Intrnl_Id="1894">
<LocList>
<Loc EndOffset="1366" SrcFileId="8" StartOffset="1340"/>
</LocList>
</BasicStmnt>
<CondStmnt CovItemId="S15" CovItemPrefix="com.OriginalFiles.Analyze.java" Intrnl_Id="1895">
<Branch CovItemId="B3" CovItemPrefix="com.OriginalFiles.Analyze.java" Implct="false" Intrnl_Id="1896">
<Cond/>
<LocList>
<Loc EndOffset="1460" SrcFileId="8" StartOffset="1414"/>
</LocList>
<StmntSeq Intrnl_Id="1897">
<LocList>
<Loc EndOffset="1445" SrcFileId="8" StartOffset="1433"/>
</LocList>
<BasicStmnt CovItemId="S16" CovItemPrefix="com.OriginalFiles.Analyze.java" Intrnl_Id="1898">
<LocList>
<Loc EndOffset="1445" SrcFileId="8" StartOffset="1433"/>
</LocList>
</BasicStmnt>
</StmntSeq>
</Branch>
<Branch CovItemId="B4" CovItemPrefix="com.OriginalFiles.Analyze.java" Implct="true" Intrnl_Id="1899">
<Cond/>
<LocList/>
<StmntSeq Intrnl_Id="1900">
<LocList/>
</StmntSeq>
</Branch>
<Keyword EndOffset="1382" SrcFileId="8" StartOffset="1380"/>
<LocList>
<Loc EndOffset="1460" SrcFileId="8" StartOffset="1380"/>
</LocList>
<RootTerm CovItemId="C2" CovItemPrefix="com.OriginalFiles.Analyze.java" Intrnl_Id="1901">
<OpTerm BooleanOpId="9" Intrnl_Id="1902">
<BasicBoolTerm Intrnl_Id="1903">
<LocList>
<Loc EndOffset="1412" SrcFileId="8" StartOffset="1385"/>
</LocList>
</BasicBoolTerm>
<LocList>
<Loc EndOffset="1385" SrcFileId="8" StartOffset="1384"/>
</LocList>
</OpTerm>
</RootTerm>
</CondStmnt>
</StmntSeq>
</Branch>
<Branch CovItemId="B2" CovItemPrefix="com.OriginalFiles.Analyze.java" Implct="true" Intrnl_Id="1904">
<Cond/>
<LocList/>
<StmntSeq Intrnl_Id="1905">
<LocList/>
</StmntSeq>
</Branch>
<Keyword EndOffset="933" SrcFileId="8" StartOffset="931"/>
<LocList>
<Loc EndOffset="1471" SrcFileId="8" StartOffset="931"/>
</LocList>
<RootTerm CovItemId="C1" CovItemPrefix="com.OriginalFiles.Analyze.java" Intrnl_Id="1906">
<OpTerm BooleanOpId="9" Intrnl_Id="1907">
<BasicBoolTerm Intrnl_Id="1908">
<LocList>
<Loc EndOffset="962" SrcFileId="8" StartOffset="936"/>
</LocList>
</BasicBoolTerm>
<LocList>
<Loc EndOffset="936" SrcFileId="8" StartOffset="935"/>
</LocList>
</OpTerm>
</RootTerm>
</CondStmnt>
<BasicStmnt CovItemId="S17" CovItemPrefix="com.OriginalFiles.Analyze.java" Intrnl_Id="1909">
<LocList>
<Loc EndOffset="1494" SrcFileId="8" StartOffset="1481"/>
</LocList>
</BasicStmnt>
</StmntSeq>
</HierarchyLvl>
<HierarchyLvl HierarchyLvlId="485" HierarchyLvlTypeId="14" Intrnl_Id="1910" Name="checkMotorCalibration">
<Header>
<Loc EndOffset="1562" SrcFileId="8" StartOffset="1526"/>
</Header>
<LocList>
<Loc EndOffset="1753" SrcFileId="8" StartOffset="1526"/>
</LocList>
<StmntSeq Intrnl_Id="1911">
<LocList>
<Loc EndOffset="1596" SrcFileId="8" StartOffset="1574"/>
<Loc EndOffset="1746" SrcFileId="8" StartOffset="1608"/>
</LocList>
<BasicStmnt CovItemId="S18" CovItemPrefix="com.OriginalFiles.Analyze.java" Intrnl_Id="1912">
<LocList>
<Loc EndOffset="1596" SrcFileId="8" StartOffset="1574"/>
</LocList>
</BasicStmnt>
<CondStmnt CovItemId="S19" CovItemPrefix="com.OriginalFiles.Analyze.java" Intrnl_Id="1913">
<Branch CovItemId="B5" CovItemPrefix="com.OriginalFiles.Analyze.java" Implct="false" Intrnl_Id="1914">
<Cond/>
<LocList>
<Loc EndOffset="1746" SrcFileId="8" StartOffset="1655"/>
</LocList>
<StmntSeq Intrnl_Id="1915">
<LocList>
<Loc EndOffset="1691" SrcFileId="8" StartOffset="1670"/>
<Loc EndOffset="1735" SrcFileId="8" StartOffset="1705"/>
</LocList>
<BasicStmnt CovItemId="S20" CovItemPrefix="com.OriginalFiles.Analyze.java" Intrnl_Id="1916">
<LocList>
<Loc EndOffset="1691" SrcFileId="8" StartOffset="1670"/>
</LocList>
</BasicStmnt>
<BasicStmnt CovItemId="S21" CovItemPrefix="com.OriginalFiles.Analyze.java" Intrnl_Id="1917">
<LocList>
<Loc EndOffset="1735" SrcFileId="8" StartOffset="1705"/>
</LocList>
</BasicStmnt>
</StmntSeq>
</Branch>
<Branch CovItemId="B6" CovItemPrefix="com.OriginalFiles.Analyze.java" Implct="true" Intrnl_Id="1918">
<Cond/>
<LocList/>
<StmntSeq Intrnl_Id="1919">
<LocList/>
</StmntSeq>
</Branch>
<Keyword EndOffset="1610" SrcFileId="8" StartOffset="1608"/>
<LocList>
<Loc EndOffset="1746" SrcFileId="8" StartOffset="1608"/>
</LocList>
<RootTerm CovItemId="C3" CovItemPrefix="com.OriginalFiles.Analyze.java" Intrnl_Id="1920">
<BasicBoolTerm Intrnl_Id="1921">
<LocList>
<Loc EndOffset="1653" SrcFileId="8" StartOffset="1612"/>
</LocList>
</BasicBoolTerm>
</RootTerm>
</CondStmnt>
</StmntSeq>
</HierarchyLvl>
<HierarchyLvl HierarchyLvlId="486" HierarchyLvlTypeId="14" Intrnl_Id="1922" Name="makeListOfMoveables">
<Header>
<Loc EndOffset="1826" SrcFileId="8" StartOffset="1761"/>
</Header>
<LocList>
<Loc EndOffset="2580" SrcFileId="8" StartOffset="1761"/>
</LocList>
<StmntSeq Intrnl_Id="1923">
<LocList>
<Loc EndOffset="1924" SrcFileId="8" StartOffset="1892"/>
<Loc EndOffset="2309" SrcFileId="8" StartOffset="1934"/>
<Loc EndOffset="2364" SrcFileId="8" StartOffset="2319"/>
<Loc EndOffset="2393" SrcFileId="8" StartOffset="2374"/>
<Loc EndOffset="2420" SrcFileId="8" StartOffset="2403"/>
<Loc EndOffset="2543" SrcFileId="8" StartOffset="2430"/>
<Loc EndOffset="2573" SrcFileId="8" StartOffset="2553"/>
</LocList>
<BasicStmnt CovItemId="S22" CovItemPrefix="com.OriginalFiles.Analyze.java" Intrnl_Id="1924">
<LocList>
<Loc EndOffset="1924" SrcFileId="8" StartOffset="1892"/>
</LocList>
</BasicStmnt>
<LoopStmnt CovItemId="S23" CovItemPrefix="com.OriginalFiles.Analyze.java" Intrnl_Id="1925" MltplExecId="L1-2" MltplExecPrefix="com.OriginalFiles.Analyze.java" NvrExecId="L1-0" NvrExecPrefix="com.OriginalFiles.Analyze.java" OnceExecutedId="L1-1" OnceExecutedPrefix="com.OriginalFiles.Analyze.java" OptBodyExec="true">
<StmntSeq Intrnl_Id="1926">
<LocList>
<Loc EndOffset="2298" SrcFileId="8" StartOffset="1989"/>
</LocList>
<LoopStmnt CovItemId="S24" CovItemPrefix="com.OriginalFiles.Analyze.java" Intrnl_Id="1927" MltplExecId="L2-2" MltplExecPrefix="com.OriginalFiles.Analyze.java" NvrExecId="L2-0" NvrExecPrefix="com.OriginalFiles.Analyze.java" OnceExecutedId="L2-1" OnceExecutedPrefix="com.OriginalFiles.Analyze.java" OptBodyExec="true">
<StmntSeq Intrnl_Id="1928">
<LocList>
<Loc EndOffset="2283" SrcFileId="8" StartOffset="2030"/>
</LocList>
<CondStmnt CovItemId="S25" CovItemPrefix="com.OriginalFiles.Analyze.java" Intrnl_Id="1929">
<Branch CovItemId="B7" CovItemPrefix="com.OriginalFiles.Analyze.java" Implct="false" Intrnl_Id="1930">
<Cond/>
<LocList>
<Loc EndOffset="2283" SrcFileId="8" StartOffset="2052"/>
</LocList>
<StmntSeq Intrnl_Id="1931">
<LocList>
<Loc EndOffset="2264" SrcFileId="8" StartOffset="2075"/>
</LocList>
<CondStmnt CovItemId="S26" CovItemPrefix="com.OriginalFiles.Analyze.java" Intrnl_Id="1932">
<Branch CovItemId="B9" CovItemPrefix="com.OriginalFiles.Analyze.java" Implct="false" Intrnl_Id="1933">
<Cond/>
<LocList>
<Loc EndOffset="2264" SrcFileId="8" StartOffset="2190"/>
</LocList>
<StmntSeq Intrnl_Id="1934">
<LocList>
<Loc EndOffset="2241" SrcFileId="8" StartOffset="2217"/>
</LocList>
<BasicStmnt CovItemId="S27" CovItemPrefix="com.OriginalFiles.Analyze.java" Intrnl_Id="1935">
<LocList>
<Loc EndOffset="2241" SrcFileId="8" StartOffset="2217"/>
</LocList>
</BasicStmnt>
</StmntSeq>
</Branch>
<Branch CovItemId="B10" CovItemPrefix="com.OriginalFiles.Analyze.java" Implct="true" Intrnl_Id="1936">
<Cond/>
<LocList/>
<StmntSeq Intrnl_Id="1937">
<LocList/>
</StmntSeq>
</Branch>
<Keyword EndOffset="2077" SrcFileId="8" StartOffset="2075"/>
<LocList>
<Loc EndOffset="2264" SrcFileId="8" StartOffset="2075"/>
</LocList>
<RootTerm CovItemId="C5" CovItemPrefix="com.OriginalFiles.Analyze.java" Intrnl_Id="1938">
<OpTerm BooleanOpId="10" Intrnl_Id="1939">
<BasicBoolTerm Intrnl_Id="1940">
<LocList>
<Loc EndOffset="2113" SrcFileId="8" StartOffset="2079"/>
</LocList>
</BasicBoolTerm>
<BasicBoolTerm Intrnl_Id="1941">
<LocList>
<Loc EndOffset="2188" SrcFileId="8" StartOffset="2146"/>
</LocList>
</BasicBoolTerm>
<LocList>
<Loc EndOffset="2145" SrcFileId="8" StartOffset="2143"/>
</LocList>
</OpTerm>
</RootTerm>
</CondStmnt>
</StmntSeq>
</Branch>
<Branch CovItemId="B8" CovItemPrefix="com.OriginalFiles.Analyze.java" Implct="true" Intrnl_Id="1942">
<Cond/>
<LocList/>
<StmntSeq Intrnl_Id="1943">
<LocList/>
</StmntSeq>
</Branch>
<Keyword EndOffset="2032" SrcFileId="8" StartOffset="2030"/>
<LocList>
<Loc EndOffset="2283" SrcFileId="8" StartOffset="2030"/>
</LocList>
<RootTerm CovItemId="C4" CovItemPrefix="com.OriginalFiles.Analyze.java" Intrnl_Id="1944">
<OpTerm BooleanOpId="9" Intrnl_Id="1945">
<BasicBoolTerm Intrnl_Id="1946">
<LocList>
<Loc EndOffset="2050" SrcFileId="8" StartOffset="2035"/>
</LocList>
</BasicBoolTerm>
<LocList>
<Loc EndOffset="2035" SrcFileId="8" StartOffset="2034"/>
</LocList>
</OpTerm>
</RootTerm>
</CondStmnt>
</StmntSeq>
<Keyword EndOffset="1992" SrcFileId="8" StartOffset="1989"/>
<LocList>
<Loc EndOffset="2298" SrcFileId="8" StartOffset="1989"/>
</LocList>
</LoopStmnt>
</StmntSeq>
<Keyword EndOffset="1937" SrcFileId="8" StartOffset="1934"/>
<LocList>
<Loc EndOffset="2309" SrcFileId="8" StartOffset="1934"/>
</LocList>
</LoopStmnt>
<BasicStmnt CovItemId="S28" CovItemPrefix="com.OriginalFiles.Analyze.java" Intrnl_Id="1947">
<LocList>
<Loc EndOffset="2364" SrcFileId="8" StartOffset="2319"/>
</LocList>
</BasicStmnt>
<BasicStmnt CovItemId="S29" CovItemPrefix="com.OriginalFiles.Analyze.java" Intrnl_Id="1948">
<LocList>
<Loc EndOffset="2393" SrcFileId="8" StartOffset="2374"/>
</LocList>
</BasicStmnt>
<BasicStmnt CovItemId="S30" CovItemPrefix="com.OriginalFiles.Analyze.java" Intrnl_Id="1949">
<LocList>
<Loc EndOffset="2420" SrcFileId="8" StartOffset="2403"/>
</LocList>
</BasicStmnt>
<CondStmnt CovItemId="S31" CovItemPrefix="com.OriginalFiles.Analyze.java" Intrnl_Id="1950">
<Branch CovItemId="B11" CovItemPrefix="com.OriginalFiles.Analyze.java" Implct="false" Intrnl_Id="1951">
<Cond/>
<LocList>
<Loc EndOffset="2543" SrcFileId="8" StartOffset="2460"/>
</LocList>
<StmntSeq Intrnl_Id="1952">
<LocList>
<Loc EndOffset="2532" SrcFileId="8" StartOffset="2475"/>
</LocList>
<BasicStmnt CovItemId="S32" CovItemPrefix="com.OriginalFiles.Analyze.java" Intrnl_Id="1953">
<LocList>
<Loc EndOffset="2532" SrcFileId="8" StartOffset="2475"/>
</LocList>
</BasicStmnt>
</StmntSeq>
</Branch>
<Branch CovItemId="B12" CovItemPrefix="com.OriginalFiles.Analyze.java" Implct="true" Intrnl_Id="1954">
<Cond/>
<LocList/>
<StmntSeq Intrnl_Id="1955">
<LocList/>
</StmntSeq>
</Branch>
<Keyword EndOffset="2432" SrcFileId="8" StartOffset="2430"/>
<LocList>
<Loc EndOffset="2543" SrcFileId="8" StartOffset="2430"/>
</LocList>
<RootTerm CovItemId="C6" CovItemPrefix="com.OriginalFiles.Analyze.java" Intrnl_Id="1956">
<BasicBoolTerm Intrnl_Id="1957">
<LocList>
<Loc EndOffset="2458" SrcFileId="8" StartOffset="2434"/>
</LocList>
</BasicBoolTerm>
</RootTerm>
</CondStmnt>
<BasicStmnt CovItemId="S33" CovItemPrefix="com.OriginalFiles.Analyze.java" Intrnl_Id="1958">
<LocList>
<Loc EndOffset="2573" SrcFileId="8" StartOffset="2553"/>
</LocList>
</BasicStmnt>
</StmntSeq>
</HierarchyLvl>
<HierarchyLvl HierarchyLvlId="487" HierarchyLvlTypeId="14" Intrnl_Id="1959" Name="checkMovement">
<Header>
<Loc EndOffset="2753" SrcFileId="8" StartOffset="2619"/>
</Header>
<LocList>
<Loc EndOffset="3182" SrcFileId="8" StartOffset="2619"/>
</LocList>
<StmntSeq Intrnl_Id="1960">
<LocList>
<Loc EndOffset="3152" SrcFileId="8" StartOffset="2765"/>
<Loc EndOffset="3175" SrcFileId="8" StartOffset="3162"/>
</LocList>
<LoopStmnt CovItemId="S34" CovItemPrefix="com.OriginalFiles.Analyze.java" Intrnl_Id="1961" MltplExecId="L3-2" MltplExecPrefix="com.OriginalFiles.Analyze.java" NvrExecId="L3-0" NvrExecPrefix="com.OriginalFiles.Analyze.java" OnceExecutedId="L3-1" OnceExecutedPrefix="com.OriginalFiles.Analyze.java" OptBodyExec="true">
<StmntSeq Intrnl_Id="1962">
<LocList>
<Loc EndOffset="3141" SrcFileId="8" StartOffset="2813"/>
</LocList>
<CondStmnt CovItemId="S35" CovItemPrefix="com.OriginalFiles.Analyze.java" Intrnl_Id="1963">
<Branch CovItemId="B13" CovItemPrefix="com.OriginalFiles.Analyze.java" Implct="false" Intrnl_Id="1964">
<Cond/>
<LocList>
<Loc EndOffset="3141" SrcFileId="8" StartOffset="2870"/>
</LocList>
<StmntSeq Intrnl_Id="1965">
<LocList>
<Loc EndOffset="3023" SrcFileId="8" StartOffset="2889"/>
<Loc EndOffset="3126" SrcFileId="8" StartOffset="3041"/>
</LocList>
<CondStmnt CovItemId="S36" CovItemPrefix="com.OriginalFiles.Analyze.java" Intrnl_Id="1966">
<Branch CovItemId="B15" CovItemPrefix="com.OriginalFiles.Analyze.java" Implct="false" Intrnl_Id="1967">
<Cond/>
<LocList>
<Loc EndOffset="3023" SrcFileId="8" StartOffset="2939"/>
</LocList>
<StmntSeq Intrnl_Id="1968">
<LocList>
<Loc EndOffset="3004" SrcFileId="8" StartOffset="2962"/>
</LocList>
<BasicStmnt CovItemId="S37" CovItemPrefix="com.OriginalFiles.Analyze.java" Intrnl_Id="1969">
<LocList>
<Loc EndOffset="3004" SrcFileId="8" StartOffset="2962"/>
</LocList>
</BasicStmnt>
</StmntSeq>
</Branch>
<Branch CovItemId="B16" CovItemPrefix="com.OriginalFiles.Analyze.java" Implct="true" Intrnl_Id="1970">
<Cond/>
<LocList/>
<StmntSeq Intrnl_Id="1971">
<LocList/>
</StmntSeq>
</Branch>
<Keyword EndOffset="2891" SrcFileId="8" StartOffset="2889"/>
<LocList>
<Loc EndOffset="3023" SrcFileId="8" StartOffset="2889"/>
</LocList>
<RootTerm CovItemId="C8" CovItemPrefix="com.OriginalFiles.Analyze.java" Intrnl_Id="1972">
<OpTerm BooleanOpId="10" Intrnl_Id="1973">
<BasicBoolTerm Intrnl_Id="1974">
<LocList>
<Loc EndOffset="2901" SrcFileId="8" StartOffset="2893"/>
</LocList>
</BasicBoolTerm>
<OpTerm BooleanOpId="9" Intrnl_Id="1975">
<BasicBoolTerm Intrnl_Id="1976">
<LocList>
<Loc EndOffset="2937" SrcFileId="8" StartOffset="2906"/>
</LocList>
</BasicBoolTerm>
<LocList>
<Loc EndOffset="2906" SrcFileId="8" StartOffset="2905"/>
</LocList>
</OpTerm>
<LocList>
<Loc EndOffset="2904" SrcFileId="8" StartOffset="2902"/>
</LocList>
</OpTerm>
</RootTerm>
</CondStmnt>
<CondStmnt CovItemId="S38" CovItemPrefix="com.OriginalFiles.Analyze.java" Intrnl_Id="1977">
<Branch CovItemId="B17" CovItemPrefix="com.OriginalFiles.Analyze.java" Implct="false" Intrnl_Id="1978">
<Cond/>
<LocList>
<Loc EndOffset="3126" SrcFileId="8" StartOffset="3072"/>
</LocList>
<StmntSeq Intrnl_Id="1979">
<LocList>
<Loc EndOffset="3107" SrcFileId="8" StartOffset="3095"/>
</LocList>
<BasicStmnt CovItemId="S39" CovItemPrefix="com.OriginalFiles.Analyze.java" Intrnl_Id="1980">
<LocList>
<Loc EndOffset="3107" SrcFileId="8" StartOffset="3095"/>
</LocList>
</BasicStmnt>
</StmntSeq>
</Branch>
<Branch CovItemId="B18" CovItemPrefix="com.OriginalFiles.Analyze.java" Implct="true" Intrnl_Id="1981">
<Cond/>
<LocList/>
<StmntSeq Intrnl_Id="1982">
<LocList/>
</StmntSeq>
</Branch>
<Keyword EndOffset="3043" SrcFileId="8" StartOffset="3041"/>
<LocList>
<Loc EndOffset="3126" SrcFileId="8" StartOffset="3041"/>
</LocList>
<RootTerm CovItemId="C9" CovItemPrefix="com.OriginalFiles.Analyze.java" Intrnl_Id="1983">
<BasicBoolTerm Intrnl_Id="1984">
<LocList>
<Loc EndOffset="3070" SrcFileId="8" StartOffset="3045"/>
</LocList>
</BasicBoolTerm>
</RootTerm>
</CondStmnt>
</StmntSeq>
</Branch>
<Branch CovItemId="B14" CovItemPrefix="com.OriginalFiles.Analyze.java" Implct="true" Intrnl_Id="1985">
<Cond/>
<LocList/>
<StmntSeq Intrnl_Id="1986">
<LocList/>
</StmntSeq>
</Branch>
<Keyword EndOffset="2815" SrcFileId="8" StartOffset="2813"/>
<LocList>
<Loc EndOffset="3141" SrcFileId="8" StartOffset="2813"/>
</LocList>
<RootTerm CovItemId="C7" CovItemPrefix="com.OriginalFiles.Analyze.java" Intrnl_Id="1987">
<BasicBoolTerm Intrnl_Id="1988">
<LocList>
<Loc EndOffset="2868" SrcFileId="8" StartOffset="2817"/>
</LocList>
</BasicBoolTerm>
</RootTerm>
</CondStmnt>
</StmntSeq>
<Keyword EndOffset="2768" SrcFileId="8" StartOffset="2765"/>
<LocList>
<Loc EndOffset="3152" SrcFileId="8" StartOffset="2765"/>
</LocList>
</LoopStmnt>
<BasicStmnt CovItemId="S40" CovItemPrefix="com.OriginalFiles.Analyze.java" Intrnl_Id="1989">
<LocList>
<Loc EndOffset="3175" SrcFileId="8" StartOffset="3162"/>
</LocList>
</BasicStmnt>
</StmntSeq>
</HierarchyLvl>
<HierarchyLvl HierarchyLvlId="488" HierarchyLvlTypeId="14" Intrnl_Id="1990" Name="countDownToPanic">
<Header>
<Loc EndOffset="3351" SrcFileId="8" StartOffset="3241"/>
</Header>
<LocList>
<Loc EndOffset="3890" SrcFileId="8" StartOffset="3241"/>
</LocList>
<StmntSeq Intrnl_Id="1991">
<LocList>
<Loc EndOffset="3883" SrcFileId="8" StartOffset="3363"/>
</LocList>
<CondStmnt CovItemId="S41" CovItemPrefix="com.OriginalFiles.Analyze.java" Intrnl_Id="1992">
<Branch CovItemId="B19" CovItemPrefix="com.OriginalFiles.Analyze.java" Implct="false" Intrnl_Id="1993">
<Cond/>
<LocList>
<Loc EndOffset="3883" SrcFileId="8" StartOffset="3380"/>
</LocList>
<StmntSeq Intrnl_Id="1994">
<LocList>
<Loc EndOffset="3872" SrcFileId="8" StartOffset="3395"/>
</LocList>
<CondStmnt CovItemId="S42" CovItemPrefix="com.OriginalFiles.Analyze.java" Intrnl_Id="1995">
<Branch CovItemId="B21" CovItemPrefix="com.OriginalFiles.Analyze.java" Implct="false" Intrnl_Id="1996">
<Cond/>
<LocList>
<Loc EndOffset="3570" SrcFileId="8" StartOffset="3429"/>
</LocList>
<StmntSeq Intrnl_Id="1997">
<LocList>
<Loc EndOffset="3475" SrcFileId="8" StartOffset="3448"/>
<Loc EndOffset="3508" SrcFileId="8" StartOffset="3493"/>
<Loc EndOffset="3555" SrcFileId="8" StartOffset="3526"/>
</LocList>
<BasicStmnt CovItemId="S43" CovItemPrefix="com.OriginalFiles.Analyze.java" Intrnl_Id="1998">
<LocList>
<Loc EndOffset="3475" SrcFileId="8" StartOffset="3448"/>
</LocList>
</BasicStmnt>
<BasicStmnt CovItemId="S44" CovItemPrefix="com.OriginalFiles.Analyze.java" Intrnl_Id="1999">
<LocList>
<Loc EndOffset="3508" SrcFileId="8" StartOffset="3493"/>
</LocList>
</BasicStmnt>
<BasicStmnt CovItemId="S45" CovItemPrefix="com.OriginalFiles.Analyze.java" Intrnl_Id="2000">
<LocList>
<Loc EndOffset="3555" SrcFileId="8" StartOffset="3526"/>
</LocList>
</BasicStmnt>
</StmntSeq>
</Branch>
<Branch CovItemId="B22" CovItemPrefix="com.OriginalFiles.Analyze.java" Implct="false" Intrnl_Id="2001">
<Cond>
<Loc EndOffset="3575" SrcFileId="8" StartOffset="3571"/>
</Cond>
<LocList>
<Loc EndOffset="3872" SrcFileId="8" StartOffset="3576"/>
</LocList>
<StmntSeq Intrnl_Id="2002">
<LocList>
<Loc EndOffset="3872" SrcFileId="8" StartOffset="3576"/>
</LocList>
<CondStmnt CovItemId="S46" CovItemPrefix="com.OriginalFiles.Analyze.java" Intrnl_Id="2003">
<Branch CovItemId="B23" CovItemPrefix="com.OriginalFiles.Analyze.java" Implct="false" Intrnl_Id="2004">
<Cond/>
<LocList>
<Loc EndOffset="3799" SrcFileId="8" StartOffset="3610"/>
</LocList>
<StmntSeq Intrnl_Id="2005">
<LocList>
<Loc EndOffset="3659" SrcFileId="8" StartOffset="3629"/>
<Loc EndOffset="3704" SrcFileId="8" StartOffset="3677"/>
<Loc EndOffset="3737" SrcFileId="8" StartOffset="3722"/>
<Loc EndOffset="3784" SrcFileId="8" StartOffset="3755"/>
</LocList>
<BasicStmnt CovItemId="S47" CovItemPrefix="com.OriginalFiles.Analyze.java" Intrnl_Id="2006">
<LocList>
<Loc EndOffset="3659" SrcFileId="8" StartOffset="3629"/>
</LocList>
</BasicStmnt>
<BasicStmnt CovItemId="S48" CovItemPrefix="com.OriginalFiles.Analyze.java" Intrnl_Id="2007">
<LocList>
<Loc EndOffset="3704" SrcFileId="8" StartOffset="3677"/>
</LocList>
</BasicStmnt>
<BasicStmnt CovItemId="S49" CovItemPrefix="com.OriginalFiles.Analyze.java" Intrnl_Id="2008">
<LocList>
<Loc EndOffset="3737" SrcFileId="8" StartOffset="3722"/>
</LocList>
</BasicStmnt>
<BasicStmnt CovItemId="S50" CovItemPrefix="com.OriginalFiles.Analyze.java" Intrnl_Id="2009">
<LocList>
<Loc EndOffset="3784" SrcFileId="8" StartOffset="3755"/>
</LocList>
</BasicStmnt>
</StmntSeq>
</Branch>
<Branch CovItemId="B24" CovItemPrefix="com.OriginalFiles.Analyze.java" Implct="false" Intrnl_Id="2010">
<Cond>
<Loc EndOffset="3804" SrcFileId="8" StartOffset="3800"/>
</Cond>
<LocList>
<Loc EndOffset="3872" SrcFileId="8" StartOffset="3805"/>
</LocList>
<StmntSeq Intrnl_Id="2011">
<LocList>
<Loc EndOffset="3857" SrcFileId="8" StartOffset="3824"/>
</LocList>
<BasicStmnt CovItemId="S51" CovItemPrefix="com.OriginalFiles.Analyze.java" Intrnl_Id="2012">
<LocList>
<Loc EndOffset="3857" SrcFileId="8" StartOffset="3824"/>
</LocList>
</BasicStmnt>
</StmntSeq>
</Branch>
<Keyword EndOffset="3578" SrcFileId="8" StartOffset="3576"/>
<LocList>
<Loc EndOffset="3872" SrcFileId="8" StartOffset="3576"/>
</LocList>
<RootTerm CovItemId="C12" CovItemPrefix="com.OriginalFiles.Analyze.java" Intrnl_Id="2013">
<BasicBoolTerm Intrnl_Id="2014">
<LocList>
<Loc EndOffset="3608" SrcFileId="8" StartOffset="3580"/>
</LocList>
</BasicBoolTerm>
</RootTerm>
</CondStmnt>
</StmntSeq>
</Branch>
<Keyword EndOffset="3397" SrcFileId="8" StartOffset="3395"/>
<LocList>
<Loc EndOffset="3872" SrcFileId="8" StartOffset="3395"/>
</LocList>
<RootTerm CovItemId="C11" CovItemPrefix="com.OriginalFiles.Analyze.java" Intrnl_Id="2015">
<BasicBoolTerm Intrnl_Id="2016">
<LocList>
<Loc EndOffset="3427" SrcFileId="8" StartOffset="3399"/>
</LocList>
</BasicBoolTerm>
</RootTerm>
</CondStmnt>
</StmntSeq>
</Branch>
<Branch CovItemId="B20" CovItemPrefix="com.OriginalFiles.Analyze.java" Implct="true" Intrnl_Id="2017">
<Cond/>
<LocList/>
<StmntSeq Intrnl_Id="2018">
<LocList/>
</StmntSeq>
</Branch>
<Keyword EndOffset="3365" SrcFileId="8" StartOffset="3363"/>
<LocList>
<Loc EndOffset="3883" SrcFileId="8" StartOffset="3363"/>
</LocList>
<RootTerm CovItemId="C10" CovItemPrefix="com.OriginalFiles.Analyze.java" Intrnl_Id="2019">
<OpTerm BooleanOpId="9" Intrnl_Id="2020">
<BasicBoolTerm Intrnl_Id="2021">
<LocList>
<Loc EndOffset="3378" SrcFileId="8" StartOffset="3368"/>
</LocList>
</BasicBoolTerm>
<LocList>
<Loc EndOffset="3368" SrcFileId="8" StartOffset="3367"/>
</LocList>
</OpTerm>
</RootTerm>
</CondStmnt>
</StmntSeq>
</HierarchyLvl>
<HierarchyLvl HierarchyLvlId="489" HierarchyLvlTypeId="14" Intrnl_Id="2022" Name="trackMovement">
<Header>
<Loc EndOffset="4078" SrcFileId="8" StartOffset="3965"/>
</Header>
<LocList>
<Loc EndOffset="4488" SrcFileId="8" StartOffset="3965"/>
</LocList>
<StmntSeq Intrnl_Id="2023">
<LocList>
<Loc EndOffset="4117" SrcFileId="8" StartOffset="4090"/>
<Loc EndOffset="4451" SrcFileId="8" StartOffset="4127"/>
<Loc EndOffset="4481" SrcFileId="8" StartOffset="4463"/>
</LocList>
<BasicStmnt CovItemId="S52" CovItemPrefix="com.OriginalFiles.Analyze.java" Intrnl_Id="2024">
<LocList>
<Loc EndOffset="4117" SrcFileId="8" StartOffset="4090"/>
</LocList>
</BasicStmnt>
<CondStmnt CovItemId="S53" CovItemPrefix="com.OriginalFiles.Analyze.java" Intrnl_Id="2025">
<Branch CovItemId="B25" CovItemPrefix="com.OriginalFiles.Analyze.java" Implct="false" Intrnl_Id="2026">
<Cond/>
<LocList>
<Loc EndOffset="4375" SrcFileId="8" StartOffset="4164"/>
</LocList>
<StmntSeq Intrnl_Id="2027">
<LocList>
<Loc EndOffset="4257" SrcFileId="8" StartOffset="4179"/>
<Loc EndOffset="4364" SrcFileId="8" StartOffset="4271"/>
</LocList>
<CondStmnt CovItemId="S54" CovItemPrefix="com.OriginalFiles.Analyze.java" Intrnl_Id="2028">
<Branch CovItemId="B27" CovItemPrefix="com.OriginalFiles.Analyze.java" Implct="false" Intrnl_Id="2029">
<Cond/>
<LocList>
<Loc EndOffset="4257" SrcFileId="8" StartOffset="4205"/>
</LocList>
<StmntSeq Intrnl_Id="2030">
<LocList>
<Loc EndOffset="4242" SrcFileId="8" StartOffset="4224"/>
</LocList>
<BasicStmnt CovItemId="S55" CovItemPrefix="com.OriginalFiles.Analyze.java" Intrnl_Id="2031">
<LocList>
<Loc EndOffset="4242" SrcFileId="8" StartOffset="4224"/>
</LocList>
</BasicStmnt>
</StmntSeq>
</Branch>
<Branch CovItemId="B28" CovItemPrefix="com.OriginalFiles.Analyze.java" Implct="true" Intrnl_Id="2032">
<Cond/>
<LocList/>
<StmntSeq Intrnl_Id="2033">
<LocList/>
</StmntSeq>
</Branch>
<Keyword EndOffset="4181" SrcFileId="8" StartOffset="4179"/>
<LocList>
<Loc EndOffset="4257" SrcFileId="8" StartOffset="4179"/>
</LocList>
<RootTerm CovItemId="C14" CovItemPrefix="com.OriginalFiles.Analyze.java" Intrnl_Id="2034">
<BasicBoolTerm Intrnl_Id="2035">
<LocList>
<Loc EndOffset="4203" SrcFileId="8" StartOffset="4183"/>
</LocList>
</BasicBoolTerm>
</RootTerm>
</CondStmnt>
<CondStmnt CovItemId="S56" CovItemPrefix="com.OriginalFiles.Analyze.java" Intrnl_Id="2036">
<Branch CovItemId="B29" CovItemPrefix="com.OriginalFiles.Analyze.java" Implct="false" Intrnl_Id="2037">
<Cond/>
<LocList>
<Loc EndOffset="4364" SrcFileId="8" StartOffset="4288"/>
</LocList>
<StmntSeq Intrnl_Id="2038">
<LocList>
<Loc EndOffset="4349" SrcFileId="8" StartOffset="4307"/>
</LocList>
<BasicStmnt CovItemId="S57" CovItemPrefix="com.OriginalFiles.Analyze.java" Intrnl_Id="2039">
<LocList>
<Loc EndOffset="4349" SrcFileId="8" StartOffset="4307"/>
</LocList>
</BasicStmnt>
</StmntSeq>
</Branch>
<Branch CovItemId="B30" CovItemPrefix="com.OriginalFiles.Analyze.java" Implct="true" Intrnl_Id="2040">
<Cond/>
<LocList/>
<StmntSeq Intrnl_Id="2041">
<LocList/>
</StmntSeq>
</Branch>
<Keyword EndOffset="4273" SrcFileId="8" StartOffset="4271"/>
<LocList>
<Loc EndOffset="4364" SrcFileId="8" StartOffset="4271"/>
</LocList>
<RootTerm CovItemId="C15" CovItemPrefix="com.OriginalFiles.Analyze.java" Intrnl_Id="2042">
<OpTerm BooleanOpId="9" Intrnl_Id="2043">
<BasicBoolTerm Intrnl_Id="2044">
<LocList>
<Loc EndOffset="4286" SrcFileId="8" StartOffset="4276"/>
</LocList>
</BasicBoolTerm>
<LocList>
<Loc EndOffset="4276" SrcFileId="8" StartOffset="4275"/>
</LocList>
</OpTerm>
</RootTerm>
</CondStmnt>
</StmntSeq>
</Branch>
<Branch CovItemId="B26" CovItemPrefix="com.OriginalFiles.Analyze.java" Implct="false" Intrnl_Id="2045">
<Cond>
<Loc EndOffset="4380" SrcFileId="8" StartOffset="4376"/>
</Cond>
<LocList>
<Loc EndOffset="4451" SrcFileId="8" StartOffset="4381"/>
</LocList>
<StmntSeq Intrnl_Id="2046">
<LocList>
<Loc EndOffset="4451" SrcFileId="8" StartOffset="4381"/>
</LocList>
<CondStmnt CovItemId="S58" CovItemPrefix="com.OriginalFiles.Analyze.java" Intrnl_Id="2047">
<Branch CovItemId="B31" CovItemPrefix="com.OriginalFiles.Analyze.java" Implct="false" Intrnl_Id="2048">
<Cond/>
<LocList>
<Loc EndOffset="4451" SrcFileId="8" StartOffset="4407"/>
</LocList>
<StmntSeq Intrnl_Id="2049">
<LocList>
<Loc EndOffset="4440" SrcFileId="8" StartOffset="4422"/>
</LocList>
<BasicStmnt CovItemId="S59" CovItemPrefix="com.OriginalFiles.Analyze.java" Intrnl_Id="2050">
<LocList>
<Loc EndOffset="4440" SrcFileId="8" StartOffset="4422"/>
</LocList>
</BasicStmnt>
</StmntSeq>
</Branch>
<Branch CovItemId="B32" CovItemPrefix="com.OriginalFiles.Analyze.java" Implct="true" Intrnl_Id="2051">
<Cond/>
<LocList/>
<StmntSeq Intrnl_Id="2052">
<LocList/>
</StmntSeq>
</Branch>
<Keyword EndOffset="4383" SrcFileId="8" StartOffset="4381"/>
<LocList>
<Loc EndOffset="4451" SrcFileId="8" StartOffset="4381"/>
</LocList>
<RootTerm CovItemId="C16" CovItemPrefix="com.OriginalFiles.Analyze.java" Intrnl_Id="2053">
<BasicBoolTerm Intrnl_Id="2054">
<LocList>
<Loc EndOffset="4405" SrcFileId="8" StartOffset="4385"/>
</LocList>
</BasicBoolTerm>
</RootTerm>
</CondStmnt>
</StmntSeq>
</Branch>
<Keyword EndOffset="4129" SrcFileId="8" StartOffset="4127"/>
<LocList>
<Loc EndOffset="4451" SrcFileId="8" StartOffset="4127"/>
</LocList>
<RootTerm CovItemId="C13" CovItemPrefix="com.OriginalFiles.Analyze.java" Intrnl_Id="2055">
<BasicBoolTerm Intrnl_Id="2056">
<LocList>
<Loc EndOffset="4162" SrcFileId="8" StartOffset="4131"/>
</LocList>
</BasicBoolTerm>
</RootTerm>
</CondStmnt>
<BasicStmnt CovItemId="S60" CovItemPrefix="com.OriginalFiles.Analyze.java" Intrnl_Id="2057">
<LocList>
<Loc EndOffset="4481" SrcFileId="8" StartOffset="4463"/>
</LocList>
</BasicStmnt>
</StmntSeq>
</HierarchyLvl>
<HierarchyLvl HierarchyLvlId="490" HierarchyLvlTypeId="14" Intrnl_Id="2058" Name="checkMove">
<Header>
<Loc EndOffset="4634" SrcFileId="8" StartOffset="4525"/>
</Header>
<LocList>
<Loc EndOffset="6916" SrcFileId="8" StartOffset="4525"/>
</LocList>
<StmntSeq Intrnl_Id="2059">
<LocList>
<Loc EndOffset="6886" SrcFileId="8" StartOffset="4696"/>
<Loc EndOffset="6909" SrcFileId="8" StartOffset="6896"/>
</LocList>
<CondStmnt CovItemId="S61" CovItemPrefix="com.OriginalFiles.Analyze.java" Intrnl_Id="2060">
<Branch CovItemId="B33" CovItemPrefix="com.OriginalFiles.Analyze.java" Implct="false" Intrnl_Id="2061">
<Cond/>
<LocList>
<Loc EndOffset="6886" SrcFileId="8" StartOffset="4745"/>
</LocList>
<StmntSeq Intrnl_Id="2062">
<LocList>
<Loc EndOffset="6875" SrcFileId="8" StartOffset="4801"/>
</LocList>
<CondStmnt CovItemId="S62" CovItemPrefix="com.OriginalFiles.Analyze.java" Intrnl_Id="2063">
<Branch CovItemId="B35" CovItemPrefix="com.OriginalFiles.Analyze.java" Implct="false" Intrnl_Id="2064">
<Cond/>
<LocList>
<Loc EndOffset="5286" SrcFileId="8" StartOffset="4858"/>
</LocList>
<StmntSeq Intrnl_Id="2065">
<LocList>
<Loc EndOffset="5235" SrcFileId="8" StartOffset="4877"/>
</LocList>
<CondStmnt CovItemId="S63" CovItemPrefix="com.OriginalFiles.Analyze.java" Intrnl_Id="2066">
<Branch CovItemId="B37" CovItemPrefix="com.OriginalFiles.Analyze.java" Implct="false" Intrnl_Id="2067">
<Cond/>
<LocList>
<Loc EndOffset="5174" SrcFileId="8" StartOffset="4983"/>
</LocList>
<StmntSeq Intrnl_Id="2068">
<LocList>
<Loc EndOffset="5121" SrcFileId="8" StartOffset="5006"/>
<Loc EndOffset="5155" SrcFileId="8" StartOffset="5143"/>
</LocList>
<BasicStmnt CovItemId="S64" CovItemPrefix="com.OriginalFiles.Analyze.java" Intrnl_Id="2069">
<LocList>
<Loc EndOffset="5121" SrcFileId="8" StartOffset="5006"/>
</LocList>
</BasicStmnt>
<BasicStmnt CovItemId="S65" CovItemPrefix="com.OriginalFiles.Analyze.java" Intrnl_Id="2070">
<LocList>
<Loc EndOffset="5155" SrcFileId="8" StartOffset="5143"/>
</LocList>
</BasicStmnt>
</StmntSeq>
</Branch>
<Branch CovItemId="B38" CovItemPrefix="com.OriginalFiles.Analyze.java" Implct="false" Intrnl_Id="2071">
<Cond>
<Loc EndOffset="5179" SrcFileId="8" StartOffset="5175"/>
</Cond>
<LocList>
<Loc EndOffset="5235" SrcFileId="8" StartOffset="5180"/>
</LocList>
<StmntSeq Intrnl_Id="2072">
<LocList>
<Loc EndOffset="5216" SrcFileId="8" StartOffset="5203"/>
</LocList>
<BasicStmnt CovItemId="S66" CovItemPrefix="com.OriginalFiles.Analyze.java" Intrnl_Id="2073">
<LocList>
<Loc EndOffset="5216" SrcFileId="8" StartOffset="5203"/>
</LocList>
</BasicStmnt>
</StmntSeq>
</Branch>
<Keyword EndOffset="4879" SrcFileId="8" StartOffset="4877"/>
<LocList>
<Loc EndOffset="5235" SrcFileId="8" StartOffset="4877"/>
</LocList>
<RootTerm CovItemId="C19" CovItemPrefix="com.OriginalFiles.Analyze.java" Intrnl_Id="2074">
<BasicBoolTerm Intrnl_Id="2075">
<LocList>
<Loc EndOffset="4981" SrcFileId="8" StartOffset="4881"/>
</LocList>
</BasicBoolTerm>
</RootTerm>
</CondStmnt>
</StmntSeq>
</Branch>
<Branch CovItemId="B36" CovItemPrefix="com.OriginalFiles.Analyze.java" Implct="false" Intrnl_Id="2076">
<Cond>
<Loc EndOffset="5291" SrcFileId="8" StartOffset="5287"/>
</Cond>
<LocList>
<Loc EndOffset="6875" SrcFileId="8" StartOffset="5292"/>
</LocList>
<StmntSeq Intrnl_Id="2077">
<LocList>
<Loc EndOffset="6875" SrcFileId="8" StartOffset="5292"/>
</LocList>
<CondStmnt CovItemId="S67" CovItemPrefix="com.OriginalFiles.Analyze.java" Intrnl_Id="2078">
<Branch CovItemId="B39" CovItemPrefix="com.OriginalFiles.Analyze.java" Implct="false" Intrnl_Id="2079">
<Cond/>
<LocList>
<Loc EndOffset="5791" SrcFileId="8" StartOffset="5350"/>
</LocList>
<StmntSeq Intrnl_Id="2080">
<LocList>
<Loc EndOffset="5727" SrcFileId="8" StartOffset="5369"/>
</LocList>
<CondStmnt CovItemId="S68" CovItemPrefix="com.OriginalFiles.Analyze.java" Intrnl_Id="2081">
<Branch CovItemId="B41" CovItemPrefix="com.OriginalFiles.Analyze.java" Implct="false" Intrnl_Id="2082">
<Cond/>
<LocList>
<Loc EndOffset="5666" SrcFileId="8" StartOffset="5475"/>
</LocList>
<StmntSeq Intrnl_Id="2083">
<LocList>
<Loc EndOffset="5613" SrcFileId="8" StartOffset="5498"/>
<Loc EndOffset="5647" SrcFileId="8" StartOffset="5635"/>
</LocList>
<BasicStmnt CovItemId="S69" CovItemPrefix="com.OriginalFiles.Analyze.java" Intrnl_Id="2084">
<LocList>
<Loc EndOffset="5613" SrcFileId="8" StartOffset="5498"/>
</LocList>
</BasicStmnt>
<BasicStmnt CovItemId="S70" CovItemPrefix="com.OriginalFiles.Analyze.java" Intrnl_Id="2085">
<LocList>
<Loc EndOffset="5647" SrcFileId="8" StartOffset="5635"/>
</LocList>
</BasicStmnt>
</StmntSeq>
</Branch>
<Branch CovItemId="B42" CovItemPrefix="com.OriginalFiles.Analyze.java" Implct="false" Intrnl_Id="2086">
<Cond>
<Loc EndOffset="5671" SrcFileId="8" StartOffset="5667"/>
</Cond>
<LocList>
<Loc EndOffset="5727" SrcFileId="8" StartOffset="5672"/>
</LocList>
<StmntSeq Intrnl_Id="2087">
<LocList>
<Loc EndOffset="5708" SrcFileId="8" StartOffset="5695"/>
</LocList>
<BasicStmnt CovItemId="S71" CovItemPrefix="com.OriginalFiles.Analyze.java" Intrnl_Id="2088">
<LocList>
<Loc EndOffset="5708" SrcFileId="8" StartOffset="5695"/>
</LocList>
</BasicStmnt>
</StmntSeq>
</Branch>
<Keyword EndOffset="5371" SrcFileId="8" StartOffset="5369"/>
<LocList>
<Loc EndOffset="5727" SrcFileId="8" StartOffset="5369"/>
</LocList>
<RootTerm CovItemId="C21" CovItemPrefix="com.OriginalFiles.Analyze.java" Intrnl_Id="2089">
<BasicBoolTerm Intrnl_Id="2090">
<LocList>
<Loc EndOffset="5473" SrcFileId="8" StartOffset="5373"/>
</LocList>
</BasicBoolTerm>
</RootTerm>
</CondStmnt>
</StmntSeq>
</Branch>
<Branch CovItemId="B40" CovItemPrefix="com.OriginalFiles.Analyze.java" Implct="false" Intrnl_Id="2091">
<Cond>
<Loc EndOffset="5796" SrcFileId="8" StartOffset="5792"/>
</Cond>
<LocList>
<Loc EndOffset="6875" SrcFileId="8" StartOffset="5797"/>
</LocList>
<StmntSeq Intrnl_Id="2092">
<LocList>
<Loc EndOffset="6875" SrcFileId="8" StartOffset="5797"/>
</LocList>
<CondStmnt CovItemId="S72" CovItemPrefix="com.OriginalFiles.Analyze.java" Intrnl_Id="2093">
<Branch CovItemId="B43" CovItemPrefix="com.OriginalFiles.Analyze.java" Implct="false" Intrnl_Id="2094">
<Cond/>
<LocList>
<Loc EndOffset="6875" SrcFileId="8" StartOffset="5836"/>
</LocList>
<StmntSeq Intrnl_Id="2095">
<LocList>
<Loc EndOffset="6860" SrcFileId="8" StartOffset="5855"/>
</LocList>
<CondStmnt CovItemId="S73" CovItemPrefix="com.OriginalFiles.Analyze.java" Intrnl_Id="2096">
<Branch CovItemId="B45" CovItemPrefix="com.OriginalFiles.Analyze.java" Implct="false" Intrnl_Id="2097">
<Cond/>
<LocList>
<Loc EndOffset="6341" SrcFileId="8" StartOffset="5913"/>
</LocList>
<StmntSeq Intrnl_Id="2098">
<LocList>
<Loc EndOffset="6322" SrcFileId="8" StartOffset="5936"/>
</LocList>
<CondStmnt CovItemId="S74" CovItemPrefix="com.OriginalFiles.Analyze.java" Intrnl_Id="2099">
<Branch CovItemId="B47" CovItemPrefix="com.OriginalFiles.Analyze.java" Implct="false" Intrnl_Id="2100">
<Cond/>
<LocList>
<Loc EndOffset="6253" SrcFileId="8" StartOffset="6046"/>
</LocList>
<StmntSeq Intrnl_Id="2101">
<LocList>
<Loc EndOffset="6192" SrcFileId="8" StartOffset="6073"/>
<Loc EndOffset="6230" SrcFileId="8" StartOffset="6218"/>
</LocList>
<BasicStmnt CovItemId="S75" CovItemPrefix="com.OriginalFiles.Analyze.java" Intrnl_Id="2102">
<LocList>
<Loc EndOffset="6192" SrcFileId="8" StartOffset="6073"/>
</LocList>
</BasicStmnt>
<BasicStmnt CovItemId="S76" CovItemPrefix="com.OriginalFiles.Analyze.java" Intrnl_Id="2103">
<LocList>
<Loc EndOffset="6230" SrcFileId="8" StartOffset="6218"/>
</LocList>
</BasicStmnt>
</StmntSeq>
</Branch>
<Branch CovItemId="B48" CovItemPrefix="com.OriginalFiles.Analyze.java" Implct="false" Intrnl_Id="2104">
<Cond>
<Loc EndOffset="6258" SrcFileId="8" StartOffset="6254"/>
</Cond>
<LocList>
<Loc EndOffset="6322" SrcFileId="8" StartOffset="6259"/>
</LocList>
<StmntSeq Intrnl_Id="2105">
<LocList>
<Loc EndOffset="6299" SrcFileId="8" StartOffset="6286"/>
</LocList>
<BasicStmnt CovItemId="S77" CovItemPrefix="com.OriginalFiles.Analyze.java" Intrnl_Id="2106">
<LocList>
<Loc EndOffset="6299" SrcFileId="8" StartOffset="6286"/>
</LocList>
</BasicStmnt>
</StmntSeq>
</Branch>
<Keyword EndOffset="5938" SrcFileId="8" StartOffset="5936"/>
<LocList>
<Loc EndOffset="6322" SrcFileId="8" StartOffset="5936"/>
</LocList>
<RootTerm CovItemId="C24" CovItemPrefix="com.OriginalFiles.Analyze.java" Intrnl_Id="2107">
<BasicBoolTerm Intrnl_Id="2108">
<LocList>
<Loc EndOffset="6044" SrcFileId="8" StartOffset="5940"/>
</LocList>
</BasicBoolTerm>
</RootTerm>
</CondStmnt>
</StmntSeq>
</Branch>
<Branch CovItemId="B46" CovItemPrefix="com.OriginalFiles.Analyze.java" Implct="false" Intrnl_Id="2109">
<Cond>
<Loc EndOffset="6346" SrcFileId="8" StartOffset="6342"/>
</Cond>
<LocList>
<Loc EndOffset="6860" SrcFileId="8" StartOffset="6347"/>
</LocList>
<StmntSeq Intrnl_Id="2110">
<LocList>
<Loc EndOffset="6860" SrcFileId="8" StartOffset="6347"/>
</LocList>
<CondStmnt CovItemId="S78" CovItemPrefix="com.OriginalFiles.Analyze.java" Intrnl_Id="2111">
<Branch CovItemId="B49" CovItemPrefix="com.OriginalFiles.Analyze.java" Implct="false" Intrnl_Id="2112">
<Cond/>
<LocList>
<Loc EndOffset="6860" SrcFileId="8" StartOffset="6432"/>
</LocList>
<StmntSeq Intrnl_Id="2113">
<LocList>
<Loc EndOffset="6841" SrcFileId="8" StartOffset="6455"/>
</LocList>
<CondStmnt CovItemId="S79" CovItemPrefix="com.OriginalFiles.Analyze.java" Intrnl_Id="2114">
<Branch CovItemId="B51" CovItemPrefix="com.OriginalFiles.Analyze.java" Implct="false" Intrnl_Id="2115">
<Cond/>
<LocList>
<Loc EndOffset="6772" SrcFileId="8" StartOffset="6565"/>
</LocList>
<StmntSeq Intrnl_Id="2116">
<LocList>
<Loc EndOffset="6711" SrcFileId="8" StartOffset="6592"/>
<Loc EndOffset="6749" SrcFileId="8" StartOffset="6737"/>
</LocList>
<BasicStmnt CovItemId="S80" CovItemPrefix="com.OriginalFiles.Analyze.java" Intrnl_Id="2117">
<LocList>
<Loc EndOffset="6711" SrcFileId="8" StartOffset="6592"/>
</LocList>
</BasicStmnt>
<BasicStmnt CovItemId="S81" CovItemPrefix="com.OriginalFiles.Analyze.java" Intrnl_Id="2118">
<LocList>
<Loc EndOffset="6749" SrcFileId="8" StartOffset="6737"/>
</LocList>
</BasicStmnt>
</StmntSeq>
</Branch>
<Branch CovItemId="B52" CovItemPrefix="com.OriginalFiles.Analyze.java" Implct="false" Intrnl_Id="2119">
<Cond>
<Loc EndOffset="6777" SrcFileId="8" StartOffset="6773"/>
</Cond>
<LocList>
<Loc EndOffset="6841" SrcFileId="8" StartOffset="6778"/>
</LocList>
<StmntSeq Intrnl_Id="2120">
<LocList>
<Loc EndOffset="6818" SrcFileId="8" StartOffset="6805"/>
</LocList>
<BasicStmnt CovItemId="S82" CovItemPrefix="com.OriginalFiles.Analyze.java" Intrnl_Id="2121">
<LocList>
<Loc EndOffset="6818" SrcFileId="8" StartOffset="6805"/>
</LocList>
</BasicStmnt>
</StmntSeq>
</Branch>
<Keyword EndOffset="6457" SrcFileId="8" StartOffset="6455"/>
<LocList>
<Loc EndOffset="6841" SrcFileId="8" StartOffset="6455"/>
</LocList>
<RootTerm CovItemId="C26" CovItemPrefix="com.OriginalFiles.Analyze.java" Intrnl_Id="2122">
<BasicBoolTerm Intrnl_Id="2123">
<LocList>
<Loc EndOffset="6563" SrcFileId="8" StartOffset="6459"/>
</LocList>
</BasicBoolTerm>
</RootTerm>
</CondStmnt>
</StmntSeq>
</Branch>
<Branch CovItemId="B50" CovItemPrefix="com.OriginalFiles.Analyze.java" Implct="true" Intrnl_Id="2124">
<Cond/>
<LocList/>
<StmntSeq Intrnl_Id="2125">
<LocList/>
</StmntSeq>
</Branch>
<Keyword EndOffset="6349" SrcFileId="8" StartOffset="6347"/>
<LocList>
<Loc EndOffset="6860" SrcFileId="8" StartOffset="6347"/>
</LocList>
<RootTerm CovItemId="C25" CovItemPrefix="com.OriginalFiles.Analyze.java" Intrnl_Id="2126">
<BasicBoolTerm Intrnl_Id="2127">
<LocList>
<Loc EndOffset="6430" SrcFileId="8" StartOffset="6351"/>
</LocList>
</BasicBoolTerm>
</RootTerm>
</CondStmnt>
</StmntSeq>
</Branch>
<Keyword EndOffset="5857" SrcFileId="8" StartOffset="5855"/>
<LocList>
<Loc EndOffset="6860" SrcFileId="8" StartOffset="5855"/>
</LocList>
<RootTerm CovItemId="C23" CovItemPrefix="com.OriginalFiles.Analyze.java" Intrnl_Id="2128">
<BasicBoolTerm Intrnl_Id="2129">
<LocList>
<Loc EndOffset="5911" SrcFileId="8" StartOffset="5859"/>
</LocList>
</BasicBoolTerm>
</RootTerm>
</CondStmnt>
</StmntSeq>
</Branch>
<Branch CovItemId="B44" CovItemPrefix="com.OriginalFiles.Analyze.java" Implct="true" Intrnl_Id="2130">
<Cond/>
<LocList/>
<StmntSeq Intrnl_Id="2131">
<LocList/>
</StmntSeq>
</Branch>
<Keyword EndOffset="5799" SrcFileId="8" StartOffset="5797"/>
<LocList>
<Loc EndOffset="6875" SrcFileId="8" StartOffset="5797"/>
</LocList>
<RootTerm CovItemId="C22" CovItemPrefix="com.OriginalFiles.Analyze.java" Intrnl_Id="2132">
<BasicBoolTerm Intrnl_Id="2133">
<LocList>
<Loc EndOffset="5834" SrcFileId="8" StartOffset="5801"/>
</LocList>
</BasicBoolTerm>
</RootTerm>
</CondStmnt>
</StmntSeq>
</Branch>
<Keyword EndOffset="5294" SrcFileId="8" StartOffset="5292"/>
<LocList>
<Loc EndOffset="6875" SrcFileId="8" StartOffset="5292"/>
</LocList>
<RootTerm CovItemId="C20" CovItemPrefix="com.OriginalFiles.Analyze.java" Intrnl_Id="2134">
<BasicBoolTerm Intrnl_Id="2135">
<LocList>
<Loc EndOffset="5348" SrcFileId="8" StartOffset="5296"/>
</LocList>
</BasicBoolTerm>
</RootTerm>
</CondStmnt>
</StmntSeq>
</Branch>
<Keyword EndOffset="4803" SrcFileId="8" StartOffset="4801"/>
<LocList>
<Loc EndOffset="6875" SrcFileId="8" StartOffset="4801"/>
</LocList>
<RootTerm CovItemId="C18" CovItemPrefix="com.OriginalFiles.Analyze.java" Intrnl_Id="2136">
<BasicBoolTerm Intrnl_Id="2137">
<LocList>
<Loc EndOffset="4856" SrcFileId="8" StartOffset="4805"/>
</LocList>
</BasicBoolTerm>
</RootTerm>
</CondStmnt>
</StmntSeq>
</Branch>
<Branch CovItemId="B34" CovItemPrefix="com.OriginalFiles.Analyze.java" Implct="true" Intrnl_Id="2138">
<Cond/>
<LocList/>
<StmntSeq Intrnl_Id="2139">
<LocList/>
</StmntSeq>
</Branch>
<Keyword EndOffset="4698" SrcFileId="8" StartOffset="4696"/>
<LocList>
<Loc EndOffset="6886" SrcFileId="8" StartOffset="4696"/>
</LocList>
<RootTerm CovItemId="C17" CovItemPrefix="com.OriginalFiles.Analyze.java" Intrnl_Id="2140">
<BasicBoolTerm Intrnl_Id="2141">
<LocList>
<Loc EndOffset="4743" SrcFileId="8" StartOffset="4700"/>
</LocList>
</BasicBoolTerm>
</RootTerm>
</CondStmnt>
<BasicStmnt CovItemId="S83" CovItemPrefix="com.OriginalFiles.Analyze.java" Intrnl_Id="2142">
<LocList>
<Loc EndOffset="6909" SrcFileId="8" StartOffset="6896"/>
</LocList>
</BasicStmnt>
</StmntSeq>
</HierarchyLvl>
<HierarchyLvl HierarchyLvlId="491" HierarchyLvlTypeId="14" Intrnl_Id="2143" Name="validateMove">
<Header>
<Loc EndOffset="7089" SrcFileId="8" StartOffset="6985"/>
</Header>
<LocList>
<Loc EndOffset="8244" SrcFileId="8" StartOffset="6985"/>
</LocList>
<StmntSeq Intrnl_Id="2144">
<LocList>
<Loc EndOffset="7151" SrcFileId="8" StartOffset="7103"/>
<Loc EndOffset="7308" SrcFileId="8" StartOffset="7161"/>
<Loc EndOffset="7465" SrcFileId="8" StartOffset="7318"/>
<Loc EndOffset="7622" SrcFileId="8" StartOffset="7475"/>
<Loc EndOffset="7779" SrcFileId="8" StartOffset="7632"/>
<Loc EndOffset="7816" SrcFileId="8" StartOffset="7789"/>
<Loc EndOffset="8208" SrcFileId="8" StartOffset="7826"/>
<Loc EndOffset="8237" SrcFileId="8" StartOffset="8218"/>
</LocList>
<BasicStmnt CovItemId="S84" CovItemPrefix="com.OriginalFiles.Analyze.java" Intrnl_Id="2145">
<LocList>
<Loc EndOffset="7151" SrcFileId="8" StartOffset="7103"/>
</LocList>
</BasicStmnt>
<CondStmnt CovItemId="S85" CovItemPrefix="com.OriginalFiles.Analyze.java" Intrnl_Id="2146">
<Branch CovItemId="B53" CovItemPrefix="com.OriginalFiles.Analyze.java" Implct="false" Intrnl_Id="2147">
<Cond/>
<LocList>
<Loc EndOffset="7308" SrcFileId="8" StartOffset="7218"/>
</LocList>
<StmntSeq Intrnl_Id="2148">
<LocList>
<Loc EndOffset="7297" SrcFileId="8" StartOffset="7233"/>
</LocList>
<BasicStmnt CovItemId="S86" CovItemPrefix="com.OriginalFiles.Analyze.java" Intrnl_Id="2149">
<LocList>
<Loc EndOffset="7297" SrcFileId="8" StartOffset="7233"/>
</LocList>
</BasicStmnt>
</StmntSeq>
</Branch>
<Branch CovItemId="B54" CovItemPrefix="com.OriginalFiles.Analyze.java" Implct="true" Intrnl_Id="2150">
<Cond/>
<LocList/>
<StmntSeq Intrnl_Id="2151">
<LocList/>
</StmntSeq>
</Branch>
<Keyword EndOffset="7163" SrcFileId="8" StartOffset="7161"/>
<LocList>
<Loc EndOffset="7308" SrcFileId="8" StartOffset="7161"/>
</LocList>
<RootTerm CovItemId="C27" CovItemPrefix="com.OriginalFiles.Analyze.java" Intrnl_Id="2152">
<BasicBoolTerm Intrnl_Id="2153">
<LocList>
<Loc EndOffset="7216" SrcFileId="8" StartOffset="7165"/>
</LocList>
</BasicBoolTerm>
</RootTerm>
</CondStmnt>
<CondStmnt CovItemId="S87" CovItemPrefix="com.OriginalFiles.Analyze.java" Intrnl_Id="2154">
<Branch CovItemId="B55" CovItemPrefix="com.OriginalFiles.Analyze.java" Implct="false" Intrnl_Id="2155">
<Cond/>
<LocList>
<Loc EndOffset="7465" SrcFileId="8" StartOffset="7375"/>
</LocList>
<StmntSeq Intrnl_Id="2156">
<LocList>
<Loc EndOffset="7454" SrcFileId="8" StartOffset="7390"/>
</LocList>
<BasicStmnt CovItemId="S88" CovItemPrefix="com.OriginalFiles.Analyze.java" Intrnl_Id="2157">
<LocList>
<Loc EndOffset="7454" SrcFileId="8" StartOffset="7390"/>
</LocList>
</BasicStmnt>
</StmntSeq>
</Branch>
<Branch CovItemId="B56" CovItemPrefix="com.OriginalFiles.Analyze.java" Implct="true" Intrnl_Id="2158">
<Cond/>
<LocList/>
<StmntSeq Intrnl_Id="2159">
<LocList/>
</StmntSeq>
</Branch>
<Keyword EndOffset="7320" SrcFileId="8" StartOffset="7318"/>
<LocList>
<Loc EndOffset="7465" SrcFileId="8" StartOffset="7318"/>
</LocList>
<RootTerm CovItemId="C28" CovItemPrefix="com.OriginalFiles.Analyze.java" Intrnl_Id="2160">
<BasicBoolTerm Intrnl_Id="2161">
<LocList>
<Loc EndOffset="7373" SrcFileId="8" StartOffset="7322"/>
</LocList>
</BasicBoolTerm>
</RootTerm>
</CondStmnt>
<CondStmnt CovItemId="S89" CovItemPrefix="com.OriginalFiles.Analyze.java" Intrnl_Id="2162">
<Branch CovItemId="B57" CovItemPrefix="com.OriginalFiles.Analyze.java" Implct="false" Intrnl_Id="2163">
<Cond/>
<LocList>
<Loc EndOffset="7622" SrcFileId="8" StartOffset="7532"/>
</LocList>
<StmntSeq Intrnl_Id="2164">
<LocList>
<Loc EndOffset="7611" SrcFileId="8" StartOffset="7547"/>
</LocList>
<BasicStmnt CovItemId="S90" CovItemPrefix="com.OriginalFiles.Analyze.java" Intrnl_Id="2165">
<LocList>
<Loc EndOffset="7611" SrcFileId="8" StartOffset="7547"/>
</LocList>
</BasicStmnt>
</StmntSeq>
</Branch>
<Branch CovItemId="B58" CovItemPrefix="com.OriginalFiles.Analyze.java" Implct="true" Intrnl_Id="2166">
<Cond/>
<LocList/>
<StmntSeq Intrnl_Id="2167">
<LocList/>
</StmntSeq>
</Branch>
<Keyword EndOffset="7477" SrcFileId="8" StartOffset="7475"/>
<LocList>
<Loc EndOffset="7622" SrcFileId="8" StartOffset="7475"/>
</LocList>
<RootTerm CovItemId="C29" CovItemPrefix="com.OriginalFiles.Analyze.java" Intrnl_Id="2168">
<BasicBoolTerm Intrnl_Id="2169">
<LocList>
<Loc EndOffset="7530" SrcFileId="8" StartOffset="7479"/>
</LocList>
</BasicBoolTerm>
</RootTerm>
</CondStmnt>
<CondStmnt CovItemId="S91" CovItemPrefix="com.OriginalFiles.Analyze.java" Intrnl_Id="2170">
<Branch CovItemId="B59" CovItemPrefix="com.OriginalFiles.Analyze.java" Implct="false" Intrnl_Id="2171">
<Cond/>
<LocList>
<Loc EndOffset="7779" SrcFileId="8" StartOffset="7689"/>
</LocList>
<StmntSeq Intrnl_Id="2172">
<LocList>
<Loc EndOffset="7768" SrcFileId="8" StartOffset="7704"/>
</LocList>
<BasicStmnt CovItemId="S92" CovItemPrefix="com.OriginalFiles.Analyze.java" Intrnl_Id="2173">
<LocList>
<Loc EndOffset="7768" SrcFileId="8" StartOffset="7704"/>
</LocList>
</BasicStmnt>
</StmntSeq>
</Branch>
<Branch CovItemId="B60" CovItemPrefix="com.OriginalFiles.Analyze.java" Implct="true" Intrnl_Id="2174">
<Cond/>
<LocList/>
<StmntSeq Intrnl_Id="2175">
<LocList/>
</StmntSeq>
</Branch>
<Keyword EndOffset="7634" SrcFileId="8" StartOffset="7632"/>
<LocList>
<Loc EndOffset="7779" SrcFileId="8" StartOffset="7632"/>
</LocList>
<RootTerm CovItemId="C30" CovItemPrefix="com.OriginalFiles.Analyze.java" Intrnl_Id="2176">
<BasicBoolTerm Intrnl_Id="2177">
<LocList>
<Loc EndOffset="7687" SrcFileId="8" StartOffset="7636"/>
</LocList>
</BasicBoolTerm>
</RootTerm>
</CondStmnt>
<BasicStmnt CovItemId="S93" CovItemPrefix="com.OriginalFiles.Analyze.java" Intrnl_Id="2178">
<LocList>
<Loc EndOffset="7816" SrcFileId="8" StartOffset="7789"/>
</LocList>
</BasicStmnt>
<LoopStmnt CovItemId="S94" CovItemPrefix="com.OriginalFiles.Analyze.java" Intrnl_Id="2179" MltplExecId="L4-2" MltplExecPrefix="com.OriginalFiles.Analyze.java" NvrExecId="L4-0" NvrExecPrefix="com.OriginalFiles.Analyze.java" OnceExecutedId="L4-1" OnceExecutedPrefix="com.OriginalFiles.Analyze.java" OptBodyExec="true">
<StmntSeq Intrnl_Id="2180">
<LocList>
<Loc EndOffset="8112" SrcFileId="8" StartOffset="7885"/>
<Loc EndOffset="8197" SrcFileId="8" StartOffset="8126"/>
</LocList>
<CondStmnt CovItemId="S95" CovItemPrefix="com.OriginalFiles.Analyze.java" Intrnl_Id="2181">
<Branch CovItemId="B61" CovItemPrefix="com.OriginalFiles.Analyze.java" Implct="false" Intrnl_Id="2182">
<Cond/>
<LocList>
<Loc EndOffset="8112" SrcFileId="8" StartOffset="7987"/>
</LocList>
<StmntSeq Intrnl_Id="2183">
<LocList>
<Loc EndOffset="8097" SrcFileId="8" StartOffset="8006"/>
</LocList>
<BasicStmnt CovItemId="S96" CovItemPrefix="com.OriginalFiles.Analyze.java" Intrnl_Id="2184">
<LocList>
<Loc EndOffset="8097" SrcFileId="8" StartOffset="8006"/>
</LocList>
</BasicStmnt>
</StmntSeq>
</Branch>
<Branch CovItemId="B62" CovItemPrefix="com.OriginalFiles.Analyze.java" Implct="true" Intrnl_Id="2185">
<Cond/>
<LocList/>
<StmntSeq Intrnl_Id="2186">
<LocList/>
</StmntSeq>
</Branch>
<Keyword EndOffset="7887" SrcFileId="8" StartOffset="7885"/>
<LocList>
<Loc EndOffset="8112" SrcFileId="8" StartOffset="7885"/>
</LocList>
<RootTerm CovItemId="C32" CovItemPrefix="com.OriginalFiles.Analyze.java" Intrnl_Id="2187">
<OpTerm BooleanOpId="9" Intrnl_Id="2188">
<OpTerm BooleanOpId="10" Intrnl_Id="2189">
<BasicBoolTerm Intrnl_Id="2190">
<LocList>
<Loc EndOffset="7925" SrcFileId="8" StartOffset="7891"/>
</LocList>
</BasicBoolTerm>
<BasicBoolTerm Intrnl_Id="2191">
<LocList>
<Loc EndOffset="7984" SrcFileId="8" StartOffset="7950"/>
</LocList>
</BasicBoolTerm>
<LocList>
<Loc EndOffset="7949" SrcFileId="8" StartOffset="7947"/>
</LocList>
</OpTerm>
<LocList>
<Loc EndOffset="7890" SrcFileId="8" StartOffset="7889"/>
</LocList>
</OpTerm>
</RootTerm>
</CondStmnt>
<CondStmnt CovItemId="S97" CovItemPrefix="com.OriginalFiles.Analyze.java" Intrnl_Id="2192">
<Branch CovItemId="B63" CovItemPrefix="com.OriginalFiles.Analyze.java" Implct="false" Intrnl_Id="2193">
<Cond/>
<LocList>
<Loc EndOffset="8197" SrcFileId="8" StartOffset="8144"/>
</LocList>
<StmntSeq Intrnl_Id="2194">
<LocList>
<Loc EndOffset="8182" SrcFileId="8" StartOffset="8163"/>
</LocList>
<BasicStmnt CovItemId="S98" CovItemPrefix="com.OriginalFiles.Analyze.java" Intrnl_Id="2195">
<LocList>
<Loc EndOffset="8182" SrcFileId="8" StartOffset="8163"/>
</LocList>
</BasicStmnt>
</StmntSeq>
</Branch>
<Branch CovItemId="B64" CovItemPrefix="com.OriginalFiles.Analyze.java" Implct="true" Intrnl_Id="2196">
<Cond/>
<LocList/>
<StmntSeq Intrnl_Id="2197">
<LocList/>
</StmntSeq>
</Branch>
<Keyword EndOffset="8128" SrcFileId="8" StartOffset="8126"/>
<LocList>
<Loc EndOffset="8197" SrcFileId="8" StartOffset="8126"/>
</LocList>
<RootTerm CovItemId="C33" CovItemPrefix="com.OriginalFiles.Analyze.java" Intrnl_Id="2198">
<OpTerm BooleanOpId="9" Intrnl_Id="2199">
<BasicBoolTerm Intrnl_Id="2200">
<LocList>
<Loc EndOffset="8142" SrcFileId="8" StartOffset="8131"/>
</LocList>
</BasicBoolTerm>
<LocList>
<Loc EndOffset="8131" SrcFileId="8" StartOffset="8130"/>
</LocList>
</OpTerm>
</RootTerm>
</CondStmnt>
</StmntSeq>
<Keyword EndOffset="7829" SrcFileId="8" StartOffset="7826"/>
<LocList>
<Loc EndOffset="8208" SrcFileId="8" StartOffset="7826"/>
</LocList>
<RootTerm CovItemId="C31" CovItemPrefix="com.OriginalFiles.Analyze.java" Intrnl_Id="2201">
<BasicBoolTerm Intrnl_Id="2202">
<LocList>
<Loc EndOffset="7863" SrcFileId="8" StartOffset="7842"/>
</LocList>
</BasicBoolTerm>
</RootTerm>
</LoopStmnt>
<BasicStmnt CovItemId="S99" CovItemPrefix="com.OriginalFiles.Analyze.java" Intrnl_Id="2203">
<LocList>
<Loc EndOffset="8237" SrcFileId="8" StartOffset="8218"/>
</LocList>
</BasicStmnt>
</StmntSeq>
</HierarchyLvl>
<HierarchyLvl HierarchyLvlId="492" HierarchyLvlTypeId="14" Intrnl_Id="2204" Name="jumpSequence">
<Header>
<Loc EndOffset="8432" SrcFileId="8" StartOffset="8252"/>
</Header>
<LocList>
<Loc EndOffset="9863" SrcFileId="8" StartOffset="8252"/>
</LocList>
<StmntSeq Intrnl_Id="2205">
<LocList>
<Loc EndOffset="8465" SrcFileId="8" StartOffset="8444"/>
<Loc EndOffset="8535" SrcFileId="8" StartOffset="8475"/>
<Loc EndOffset="8656" SrcFileId="8" StartOffset="8545"/>
<Loc EndOffset="8808" SrcFileId="8" StartOffset="8666"/>
<Loc EndOffset="8924" SrcFileId="8" StartOffset="8818"/>
<Loc EndOffset="9076" SrcFileId="8" StartOffset="8934"/>
<Loc EndOffset="9191" SrcFileId="8" StartOffset="9086"/>
<Loc EndOffset="9343" SrcFileId="8" StartOffset="9201"/>
<Loc EndOffset="9457" SrcFileId="8" StartOffset="9353"/>
<Loc EndOffset="9609" SrcFileId="8" StartOffset="9467"/>
<Loc EndOffset="9714" SrcFileId="8" StartOffset="9621"/>
<Loc EndOffset="9828" SrcFileId="8" StartOffset="9726"/>
<Loc EndOffset="9856" SrcFileId="8" StartOffset="9838"/>
</LocList>
<BasicStmnt CovItemId="S100" CovItemPrefix="com.OriginalFiles.Analyze.java" Intrnl_Id="2206">
<LocList>
<Loc EndOffset="8465" SrcFileId="8" StartOffset="8444"/>
</LocList>
</BasicStmnt>
<BasicStmnt CovItemId="S101" CovItemPrefix="com.OriginalFiles.Analyze.java" Intrnl_Id="2207">
<LocList>
<Loc EndOffset="8535" SrcFileId="8" StartOffset="8475"/>
</LocList>
</BasicStmnt>
<BasicStmnt CovItemId="S102" CovItemPrefix="com.OriginalFiles.Analyze.java" Intrnl_Id="2208">
<LocList>
<Loc EndOffset="8656" SrcFileId="8" StartOffset="8545"/>
</LocList>
</BasicStmnt>
<CondStmnt CovItemId="S103" CovItemPrefix="com.OriginalFiles.Analyze.java" Intrnl_Id="2209">
<Branch CovItemId="B65" CovItemPrefix="com.OriginalFiles.Analyze.java" Implct="false" Intrnl_Id="2210">
<Cond/>
<LocList>
<Loc EndOffset="8808" SrcFileId="8" StartOffset="8689"/>
</LocList>
<StmntSeq Intrnl_Id="2211">
<LocList>
<Loc EndOffset="8797" SrcFileId="8" StartOffset="8704"/>
</LocList>
<BasicStmnt CovItemId="S104" CovItemPrefix="com.OriginalFiles.Analyze.java" Intrnl_Id="2212">
<LocList>
<Loc EndOffset="8797" SrcFileId="8" StartOffset="8704"/>
</LocList>
</BasicStmnt>
</StmntSeq>
</Branch>
<Branch CovItemId="B66" CovItemPrefix="com.OriginalFiles.Analyze.java" Implct="true" Intrnl_Id="2213">
<Cond/>
<LocList/>
<StmntSeq Intrnl_Id="2214">
<LocList/>
</StmntSeq>
</Branch>
<Keyword EndOffset="8668" SrcFileId="8" StartOffset="8666"/>
<LocList>
<Loc EndOffset="8808" SrcFileId="8" StartOffset="8666"/>
</LocList>
<RootTerm CovItemId="C34" CovItemPrefix="com.OriginalFiles.Analyze.java" Intrnl_Id="2215">
<BasicBoolTerm Intrnl_Id="2216">
<LocList>
<Loc EndOffset="8687" SrcFileId="8" StartOffset="8670"/>
</LocList>
</BasicBoolTerm>
</RootTerm>
</CondStmnt>
<BasicStmnt CovItemId="S105" CovItemPrefix="com.OriginalFiles.Analyze.java" Intrnl_Id="2217">
<LocList>
<Loc EndOffset="8924" SrcFileId="8" StartOffset="8818"/>
</LocList>
</BasicStmnt>
<CondStmnt CovItemId="S106" CovItemPrefix="com.OriginalFiles.Analyze.java" Intrnl_Id="2218">
<Branch CovItemId="B67" CovItemPrefix="com.OriginalFiles.Analyze.java" Implct="false" Intrnl_Id="2219">
<Cond/>
<LocList>
<Loc EndOffset="9076" SrcFileId="8" StartOffset="8957"/>
</LocList>
<StmntSeq Intrnl_Id="2220">
<LocList>
<Loc EndOffset="9065" SrcFileId="8" StartOffset="8972"/>
</LocList>
<BasicStmnt CovItemId="S107" CovItemPrefix="com.OriginalFiles.Analyze.java" Intrnl_Id="2221">
<LocList>
<Loc EndOffset="9065" SrcFileId="8" StartOffset="8972"/>
</LocList>
</BasicStmnt>
</StmntSeq>
</Branch>
<Branch CovItemId="B68" CovItemPrefix="com.OriginalFiles.Analyze.java" Implct="true" Intrnl_Id="2222">
<Cond/>
<LocList/>
<StmntSeq Intrnl_Id="2223">
<LocList/>
</StmntSeq>
</Branch>
<Keyword EndOffset="8936" SrcFileId="8" StartOffset="8934"/>
<LocList>
<Loc EndOffset="9076" SrcFileId="8" StartOffset="8934"/>
</LocList>
<RootTerm CovItemId="C35" CovItemPrefix="com.OriginalFiles.Analyze.java" Intrnl_Id="2224">
<BasicBoolTerm Intrnl_Id="2225">
<LocList>
<Loc EndOffset="8955" SrcFileId="8" StartOffset="8938"/>
</LocList>
</BasicBoolTerm>
</RootTerm>
</CondStmnt>
<BasicStmnt CovItemId="S108" CovItemPrefix="com.OriginalFiles.Analyze.java" Intrnl_Id="2226">
<LocList>
<Loc EndOffset="9191" SrcFileId="8" StartOffset="9086"/>
</LocList>
</BasicStmnt>
<CondStmnt CovItemId="S109" CovItemPrefix="com.OriginalFiles.Analyze.java" Intrnl_Id="2227">
<Branch CovItemId="B69" CovItemPrefix="com.OriginalFiles.Analyze.java" Implct="false" Intrnl_Id="2228">
<Cond/>
<LocList>
<Loc EndOffset="9343" SrcFileId="8" StartOffset="9224"/>
</LocList>
<StmntSeq Intrnl_Id="2229">
<LocList>
<Loc EndOffset="9332" SrcFileId="8" StartOffset="9239"/>
</LocList>
<BasicStmnt CovItemId="S110" CovItemPrefix="com.OriginalFiles.Analyze.java" Intrnl_Id="2230">
<LocList>
<Loc EndOffset="9332" SrcFileId="8" StartOffset="9239"/>
</LocList>
</BasicStmnt>
</StmntSeq>
</Branch>
<Branch CovItemId="B70" CovItemPrefix="com.OriginalFiles.Analyze.java" Implct="true" Intrnl_Id="2231">
<Cond/>
<LocList/>
<StmntSeq Intrnl_Id="2232">
<LocList/>
</StmntSeq>
</Branch>
<Keyword EndOffset="9203" SrcFileId="8" StartOffset="9201"/>
<LocList>
<Loc EndOffset="9343" SrcFileId="8" StartOffset="9201"/>
</LocList>
<RootTerm CovItemId="C36" CovItemPrefix="com.OriginalFiles.Analyze.java" Intrnl_Id="2233">
<BasicBoolTerm Intrnl_Id="2234">
<LocList>
<Loc EndOffset="9222" SrcFileId="8" StartOffset="9205"/>
</LocList>
</BasicBoolTerm>
</RootTerm>
</CondStmnt>
<BasicStmnt CovItemId="S111" CovItemPrefix="com.OriginalFiles.Analyze.java" Intrnl_Id="2235">
<LocList>
<Loc EndOffset="9457" SrcFileId="8" StartOffset="9353"/>
</LocList>
</BasicStmnt>
<CondStmnt CovItemId="S112" CovItemPrefix="com.OriginalFiles.Analyze.java" Intrnl_Id="2236">
<Branch CovItemId="B71" CovItemPrefix="com.OriginalFiles.Analyze.java" Implct="false" Intrnl_Id="2237">
<Cond/>
<LocList>
<Loc EndOffset="9609" SrcFileId="8" StartOffset="9490"/>
</LocList>
<StmntSeq Intrnl_Id="2238">
<LocList>
<Loc EndOffset="9598" SrcFileId="8" StartOffset="9505"/>
</LocList>
<BasicStmnt CovItemId="S113" CovItemPrefix="com.OriginalFiles.Analyze.java" Intrnl_Id="2239">
<LocList>
<Loc EndOffset="9598" SrcFileId="8" StartOffset="9505"/>
</LocList>
</BasicStmnt>
</StmntSeq>
</Branch>
<Branch CovItemId="B72" CovItemPrefix="com.OriginalFiles.Analyze.java" Implct="true" Intrnl_Id="2240">
<Cond/>
<LocList/>
<StmntSeq Intrnl_Id="2241">
<LocList/>
</StmntSeq>
</Branch>
<Keyword EndOffset="9469" SrcFileId="8" StartOffset="9467"/>
<LocList>
<Loc EndOffset="9609" SrcFileId="8" StartOffset="9467"/>
</LocList>
<RootTerm CovItemId="C37" CovItemPrefix="com.OriginalFiles.Analyze.java" Intrnl_Id="2242">
<BasicBoolTerm Intrnl_Id="2243">
<LocList>
<Loc EndOffset="9488" SrcFileId="8" StartOffset="9471"/>
</LocList>
</BasicBoolTerm>
</RootTerm>
</CondStmnt>
<CondStmnt CovItemId="S114" CovItemPrefix="com.OriginalFiles.Analyze.java" Intrnl_Id="2244">
<Branch CovItemId="B73" CovItemPrefix="com.OriginalFiles.Analyze.java" Implct="false" Intrnl_Id="2245">
<Cond/>
<LocList>
<Loc EndOffset="9714" SrcFileId="8" StartOffset="9649"/>
</LocList>
<StmntSeq Intrnl_Id="2246">
<LocList>
<Loc EndOffset="9703" SrcFileId="8" StartOffset="9664"/>
</LocList>
<BasicStmnt CovItemId="S115" CovItemPrefix="com.OriginalFiles.Analyze.java" Intrnl_Id="2247">
<LocList>
<Loc EndOffset="9703" SrcFileId="8" StartOffset="9664"/>
</LocList>
</BasicStmnt>
</StmntSeq>
</Branch>
<Branch CovItemId="B74" CovItemPrefix="com.OriginalFiles.Analyze.java" Implct="true" Intrnl_Id="2248">
<Cond/>
<LocList/>
<StmntSeq Intrnl_Id="2249">
<LocList/>
</StmntSeq>
</Branch>
<Keyword EndOffset="9623" SrcFileId="8" StartOffset="9621"/>
<LocList>
<Loc EndOffset="9714" SrcFileId="8" StartOffset="9621"/>
</LocList>
<RootTerm CovItemId="C38" CovItemPrefix="com.OriginalFiles.Analyze.java" Intrnl_Id="2250">
<BasicBoolTerm Intrnl_Id="2251">
<LocList>
<Loc EndOffset="9647" SrcFileId="8" StartOffset="9625"/>
</LocList>
</BasicBoolTerm>
</RootTerm>
</CondStmnt>
<LoopStmnt CovItemId="S116" CovItemPrefix="com.OriginalFiles.Analyze.java" Intrnl_Id="2252" MltplExecId="L5-2" MltplExecPrefix="com.OriginalFiles.Analyze.java" NvrExecId="L5-0" NvrExecPrefix="com.OriginalFiles.Analyze.java" OnceExecutedId="L5-1" OnceExecutedPrefix="com.OriginalFiles.Analyze.java" OptBodyExec="true">
<StmntSeq Intrnl_Id="2253">
<LocList>
<Loc EndOffset="9817" SrcFileId="8" StartOffset="9785"/>
</LocList>
<BasicStmnt CovItemId="S117" CovItemPrefix="com.OriginalFiles.Analyze.java" Intrnl_Id="2254">
<LocList>
<Loc EndOffset="9817" SrcFileId="8" StartOffset="9785"/>
</LocList>
</BasicStmnt>
</StmntSeq>
<Keyword EndOffset="9729" SrcFileId="8" StartOffset="9726"/>
<LocList>
<Loc EndOffset="9828" SrcFileId="8" StartOffset="9726"/>
</LocList>
<RootTerm CovItemId="C39" CovItemPrefix="com.OriginalFiles.Analyze.java" Intrnl_Id="2255">
<BasicBoolTerm Intrnl_Id="2256">
<LocList>
<Loc EndOffset="9763" SrcFileId="8" StartOffset="9742"/>
</LocList>
</BasicBoolTerm>
</RootTerm>
</LoopStmnt>
<BasicStmnt CovItemId="S118" CovItemPrefix="com.OriginalFiles.Analyze.java" Intrnl_Id="2257">
<LocList>
<Loc EndOffset="9856" SrcFileId="8" StartOffset="9838"/>
</LocList>
</BasicStmnt>
</StmntSeq>
</HierarchyLvl>
<HierarchyLvl HierarchyLvlId="493" HierarchyLvlTypeId="14" Intrnl_Id="2258" Name="findJumpPiece">
<Header>
<Loc EndOffset="9971" SrcFileId="8" StartOffset="9871"/>
</Header>
<LocList>
<Loc EndOffset="11156" SrcFileId="8" StartOffset="9871"/>
</LocList>
<StmntSeq Intrnl_Id="2259">
<LocList>
<Loc EndOffset="10041" SrcFileId="8" StartOffset="9983"/>
<Loc EndOffset="10141" SrcFileId="8" StartOffset="10051"/>
<Loc EndOffset="10180" SrcFileId="8" StartOffset="10151"/>
<Loc EndOffset="11126" SrcFileId="8" StartOffset="10190"/>
<Loc EndOffset="11149" SrcFileId="8" StartOffset="11136"/>
</LocList>
<BasicStmnt CovItemId="S119" CovItemPrefix="com.OriginalFiles.Analyze.java" Intrnl_Id="2260">
<LocList>
<Loc EndOffset="10041" SrcFileId="8" StartOffset="9983"/>
</LocList>
</BasicStmnt>
<BasicStmnt CovItemId="S120" CovItemPrefix="com.OriginalFiles.Analyze.java" Intrnl_Id="2261">
<LocList>
<Loc EndOffset="10141" SrcFileId="8" StartOffset="10051"/>
</LocList>
</BasicStmnt>
<BasicStmnt CovItemId="S121" CovItemPrefix="com.OriginalFiles.Analyze.java" Intrnl_Id="2262">
<LocList>
<Loc EndOffset="10180" SrcFileId="8" StartOffset="10151"/>
</LocList>
</BasicStmnt>
<LoopStmnt CovItemId="S122" CovItemPrefix="com.OriginalFiles.Analyze.java" Intrnl_Id="2263" MltplExecId="L6-2" MltplExecPrefix="com.OriginalFiles.Analyze.java" NvrExecId="L6-0" NvrExecPrefix="com.OriginalFiles.Analyze.java" OnceExecutedId="L6-1" OnceExecutedPrefix="com.OriginalFiles.Analyze.java" OptBodyExec="true">
<StmntSeq Intrnl_Id="2264">
<LocList>
<Loc EndOffset="10286" SrcFileId="8" StartOffset="10247"/>
<Loc EndOffset="10351" SrcFileId="8" StartOffset="10300"/>
<Loc EndOffset="11115" SrcFileId="8" StartOffset="10365"/>
</LocList>
<BasicStmnt CovItemId="S123" CovItemPrefix="com.OriginalFiles.Analyze.java" Intrnl_Id="2265">
<LocList>
<Loc EndOffset="10286" SrcFileId="8" StartOffset="10247"/>
</LocList>
</BasicStmnt>
<BasicStmnt CovItemId="S124" CovItemPrefix="com.OriginalFiles.Analyze.java" Intrnl_Id="2266">
<LocList>
<Loc EndOffset="10351" SrcFileId="8" StartOffset="10300"/>
</LocList>
</BasicStmnt>
<CondStmnt CovItemId="S125" CovItemPrefix="com.OriginalFiles.Analyze.java" Intrnl_Id="2267">
<Branch CovItemId="B75" CovItemPrefix="com.OriginalFiles.Analyze.java" Implct="false" Intrnl_Id="2268">
<Cond/>
<LocList>
<Loc EndOffset="11115" SrcFileId="8" StartOffset="10429"/>
</LocList>
<StmntSeq Intrnl_Id="2269">
<LocList>
<Loc EndOffset="10512" SrcFileId="8" StartOffset="10448"/>
<Loc EndOffset="10562" SrcFileId="8" StartOffset="10530"/>
<Loc EndOffset="11070" SrcFileId="8" StartOffset="10580"/>
<Loc EndOffset="11100" SrcFileId="8" StartOffset="11088"/>
</LocList>
<BasicStmnt CovItemId="S126" CovItemPrefix="com.OriginalFiles.Analyze.java" Intrnl_Id="2270">
<LocList>
<Loc EndOffset="10512" SrcFileId="8" StartOffset="10448"/>
</LocList>
</BasicStmnt>
<BasicStmnt CovItemId="S127" CovItemPrefix="com.OriginalFiles.Analyze.java" Intrnl_Id="2271">
<LocList>
<Loc EndOffset="10562" SrcFileId="8" StartOffset="10530"/>
</LocList>
</BasicStmnt>
<LoopStmnt CovItemId="S128" CovItemPrefix="com.OriginalFiles.Analyze.java" Intrnl_Id="2272" MltplExecId="L7-2" MltplExecPrefix="com.OriginalFiles.Analyze.java" NvrExecId="L7-0" NvrExecPrefix="com.OriginalFiles.Analyze.java" OnceExecutedId="L7-1" OnceExecutedPrefix="com.OriginalFiles.Analyze.java" OptBodyExec="true">
<StmntSeq Intrnl_Id="2273">
<LocList>
<Loc EndOffset="10669" SrcFileId="8" StartOffset="10635"/>
<Loc EndOffset="10730" SrcFileId="8" StartOffset="10691"/>
<Loc EndOffset="10929" SrcFileId="8" StartOffset="10752"/>
<Loc EndOffset="11051" SrcFileId="8" StartOffset="10951"/>
</LocList>
<BasicStmnt CovItemId="S129" CovItemPrefix="com.OriginalFiles.Analyze.java" Intrnl_Id="2274">
<LocList>
<Loc EndOffset="10669" SrcFileId="8" StartOffset="10635"/>
</LocList>
</BasicStmnt>
<BasicStmnt CovItemId="S130" CovItemPrefix="com.OriginalFiles.Analyze.java" Intrnl_Id="2275">
<LocList>
<Loc EndOffset="10730" SrcFileId="8" StartOffset="10691"/>
</LocList>
</BasicStmnt>
<BasicStmnt CovItemId="S131" CovItemPrefix="com.OriginalFiles.Analyze.java" Intrnl_Id="2276">
<LocList>
<Loc EndOffset="10929" SrcFileId="8" StartOffset="10752"/>
</LocList>
</BasicStmnt>
<BasicStmnt CovItemId="S132" CovItemPrefix="com.OriginalFiles.Analyze.java" Intrnl_Id="2277">
<LocList>
<Loc EndOffset="11051" SrcFileId="8" StartOffset="10951"/>
</LocList>
</BasicStmnt>
</StmntSeq>
<Keyword EndOffset="10583" SrcFileId="8" StartOffset="10580"/>
<LocList>
<Loc EndOffset="11070" SrcFileId="8" StartOffset="10580"/>
</LocList>
<RootTerm CovItemId="C42" CovItemPrefix="com.OriginalFiles.Analyze.java" Intrnl_Id="2278">
<BasicBoolTerm Intrnl_Id="2279">
<LocList>
<Loc EndOffset="10605" SrcFileId="8" StartOffset="10596"/>
</LocList>
</BasicBoolTerm>
</RootTerm>
</LoopStmnt>
<BasicStmnt CovItemId="S133" CovItemPrefix="com.OriginalFiles.Analyze.java" Intrnl_Id="2280">
<LocList>
<Loc EndOffset="11100" SrcFileId="8" StartOffset="11088"/>
</LocList>
</BasicStmnt>
</StmntSeq>
</Branch>
<Branch CovItemId="B76" CovItemPrefix="com.OriginalFiles.Analyze.java" Implct="true" Intrnl_Id="2281">
<Cond/>
<LocList/>
<StmntSeq Intrnl_Id="2282">
<LocList/>
</StmntSeq>
</Branch>
<Keyword EndOffset="10367" SrcFileId="8" StartOffset="10365"/>
<LocList>
<Loc EndOffset="11115" SrcFileId="8" StartOffset="10365"/>
</LocList>
<RootTerm CovItemId="C41" CovItemPrefix="com.OriginalFiles.Analyze.java" Intrnl_Id="2283">
<OpTerm BooleanOpId="9" Intrnl_Id="2284">
<BasicBoolTerm Intrnl_Id="2285">
<LocList>
<Loc EndOffset="10427" SrcFileId="8" StartOffset="10370"/>
</LocList>
</BasicBoolTerm>
<LocList>
<Loc EndOffset="10370" SrcFileId="8" StartOffset="10369"/>
</LocList>
</OpTerm>
</RootTerm>
</CondStmnt>
</StmntSeq>
<Keyword EndOffset="10193" SrcFileId="8" StartOffset="10190"/>
<LocList>
<Loc EndOffset="11126" SrcFileId="8" StartOffset="10190"/>
</LocList>
<RootTerm CovItemId="C40" CovItemPrefix="com.OriginalFiles.Analyze.java" Intrnl_Id="2286">
<BasicBoolTerm Intrnl_Id="2287">
<LocList>
<Loc EndOffset="10225" SrcFileId="8" StartOffset="10206"/>
</LocList>
</BasicBoolTerm>
</RootTerm>
</LoopStmnt>
<BasicStmnt CovItemId="S134" CovItemPrefix="com.OriginalFiles.Analyze.java" Intrnl_Id="2288">
<LocList>
<Loc EndOffset="11149" SrcFileId="8" StartOffset="11136"/>
</LocList>
</BasicStmnt>
</StmntSeq>
</HierarchyLvl>
<HierarchyLvl HierarchyLvlId="494" HierarchyLvlTypeId="14" Intrnl_Id="2289" Name="checkForUpgradeKing">
<Header>
<Loc EndOffset="11279" SrcFileId="8" StartOffset="11164"/>
</Header>
<LocList>
<Loc EndOffset="12723" SrcFileId="8" StartOffset="11164"/>
</LocList>
<StmntSeq Intrnl_Id="2290">
<LocList>
<Loc EndOffset="12716" SrcFileId="8" StartOffset="11291"/>
</LocList>
<CondStmnt CovItemId="S135" CovItemPrefix="com.OriginalFiles.Analyze.java" Intrnl_Id="2291">
<Branch CovItemId="B77" CovItemPrefix="com.OriginalFiles.Analyze.java" Implct="false" Intrnl_Id="2292">
<Cond/>
<LocList>
<Loc EndOffset="12716" SrcFileId="8" StartOffset="11335"/>
</LocList>
<StmntSeq Intrnl_Id="2293">
<LocList>
<Loc EndOffset="12705" SrcFileId="8" StartOffset="11350"/>
</LocList>
<CondStmnt CovItemId="S136" CovItemPrefix="com.OriginalFiles.Analyze.java" Intrnl_Id="2294">
<Branch CovItemId="B79" CovItemPrefix="com.OriginalFiles.Analyze.java" Implct="false" Intrnl_Id="2295">
<Cond/>
<LocList>
<Loc EndOffset="11649" SrcFileId="8" StartOffset="11399"/>
</LocList>
<StmntSeq Intrnl_Id="2296">
<LocList>
<Loc EndOffset="11476" SrcFileId="8" StartOffset="11418"/>
<Loc EndOffset="11535" SrcFileId="8" StartOffset="11494"/>
<Loc EndOffset="11634" SrcFileId="8" StartOffset="11553"/>
</LocList>
<BasicStmnt CovItemId="S137" CovItemPrefix="com.OriginalFiles.Analyze.java" Intrnl_Id="2297">
<LocList>
<Loc EndOffset="11476" SrcFileId="8" StartOffset="11418"/>
</LocList>
</BasicStmnt>
<BasicStmnt CovItemId="S138" CovItemPrefix="com.OriginalFiles.Analyze.java" Intrnl_Id="2298">
<LocList>
<Loc EndOffset="11535" SrcFileId="8" StartOffset="11494"/>
</LocList>
</BasicStmnt>
<CondStmnt CovItemId="S139" CovItemPrefix="com.OriginalFiles.Analyze.java" Intrnl_Id="2299">
<Branch CovItemId="B81" CovItemPrefix="com.OriginalFiles.Analyze.java" Implct="false" Intrnl_Id="2300">
<Cond/>
<LocList>
<Loc EndOffset="11634" SrcFileId="8" StartOffset="11571"/>
</LocList>
<StmntSeq Intrnl_Id="2301">
<LocList>
<Loc EndOffset="11615" SrcFileId="8" StartOffset="11594"/>
</LocList>
<BasicStmnt CovItemId="S140" CovItemPrefix="com.OriginalFiles.Analyze.java" Intrnl_Id="2302">
<LocList>
<Loc EndOffset="11615" SrcFileId="8" StartOffset="11594"/>
</LocList>
</BasicStmnt>
</StmntSeq>
</Branch>
<Branch CovItemId="B82" CovItemPrefix="com.OriginalFiles.Analyze.java" Implct="true" Intrnl_Id="2303">
<Cond/>
<LocList/>
<StmntSeq Intrnl_Id="2304">
<LocList/>
</StmntSeq>
</Branch>
<Keyword EndOffset="11555" SrcFileId="8" StartOffset="11553"/>
<LocList>
<Loc EndOffset="11634" SrcFileId="8" StartOffset="11553"/>
</LocList>
<RootTerm CovItemId="C45" CovItemPrefix="com.OriginalFiles.Analyze.java" Intrnl_Id="2305">
<OpTerm BooleanOpId="9" Intrnl_Id="2306">
<BasicBoolTerm Intrnl_Id="2307">
<LocList>
<Loc EndOffset="11569" SrcFileId="8" StartOffset="11558"/>
</LocList>
</BasicBoolTerm>
<LocList>
<Loc EndOffset="11558" SrcFileId="8" StartOffset="11557"/>
</LocList>
</OpTerm>
</RootTerm>
</CondStmnt>
</StmntSeq>
</Branch>
<Branch CovItemId="B80" CovItemPrefix="com.OriginalFiles.Analyze.java" Implct="false" Intrnl_Id="2308">
<Cond>
<Loc EndOffset="11654" SrcFileId="8" StartOffset="11650"/>
</Cond>
<LocList>
<Loc EndOffset="12705" SrcFileId="8" StartOffset="11655"/>
</LocList>
<StmntSeq Intrnl_Id="2309">
<LocList>
<Loc EndOffset="12690" SrcFileId="8" StartOffset="11674"/>
</LocList>
<CondStmnt CovItemId="S141" CovItemPrefix="com.OriginalFiles.Analyze.java" Intrnl_Id="2310">
<Branch CovItemId="B83" CovItemPrefix="com.OriginalFiles.Analyze.java" Implct="false" Intrnl_Id="2311">
<Cond/>
<LocList>
<Loc EndOffset="11889" SrcFileId="8" StartOffset="11691"/>
</LocList>
<StmntSeq Intrnl_Id="2312">
<LocList>
<Loc EndOffset="11807" SrcFileId="8" StartOffset="11714"/>
<Loc EndOffset="11870" SrcFileId="8" StartOffset="11829"/>
</LocList>
<BasicStmnt CovItemId="S142" CovItemPrefix="com.OriginalFiles.Analyze.java" Intrnl_Id="2313">
<LocList>
<Loc EndOffset="11807" SrcFileId="8" StartOffset="11714"/>
</LocList>
</BasicStmnt>
<BasicStmnt CovItemId="S143" CovItemPrefix="com.OriginalFiles.Analyze.java" Intrnl_Id="2314">
<LocList>
<Loc EndOffset="11870" SrcFileId="8" StartOffset="11829"/>
</LocList>
</BasicStmnt>
</StmntSeq>
</Branch>
<Branch CovItemId="B84" CovItemPrefix="com.OriginalFiles.Analyze.java" Implct="false" Intrnl_Id="2315">
<Cond>
<Loc EndOffset="11894" SrcFileId="8" StartOffset="11890"/>
</Cond>
<LocList>
<Loc EndOffset="12690" SrcFileId="8" StartOffset="11895"/>
</LocList>
<StmntSeq Intrnl_Id="2316">
<LocList>
<Loc EndOffset="11943" SrcFileId="8" StartOffset="11918"/>
<Loc EndOffset="11975" SrcFileId="8" StartOffset="11965"/>
<Loc EndOffset="12671" SrcFileId="8" StartOffset="11997"/>
</LocList>
<BasicStmnt CovItemId="S144" CovItemPrefix="com.OriginalFiles.Analyze.java" Intrnl_Id="2317">
<LocList>
<Loc EndOffset="11943" SrcFileId="8" StartOffset="11918"/>
</LocList>
</BasicStmnt>
<BasicStmnt CovItemId="S145" CovItemPrefix="com.OriginalFiles.Analyze.java" Intrnl_Id="2318">
<LocList>
<Loc EndOffset="11975" SrcFileId="8" StartOffset="11965"/>
</LocList>
</BasicStmnt>
<LoopStmnt CovItemId="S146" CovItemPrefix="com.OriginalFiles.Analyze.java" Intrnl_Id="2319" MltplExecId="L8-2" MltplExecPrefix="com.OriginalFiles.Analyze.java" NvrExecId="L8-0" NvrExecPrefix="com.OriginalFiles.Analyze.java" OnceExecutedId="L8-1" OnceExecutedPrefix="com.OriginalFiles.Analyze.java" OptBodyExec="true">
<StmntSeq Intrnl_Id="2320">
<LocList>
<Loc EndOffset="12152" SrcFileId="8" StartOffset="12042"/>
<Loc EndOffset="12618" SrcFileId="8" StartOffset="12178"/>
<Loc EndOffset="12648" SrcFileId="8" StartOffset="12644"/>
</LocList>
<CondStmnt CovItemId="S147" CovItemPrefix="com.OriginalFiles.Analyze.java" Intrnl_Id="2321">
<Branch CovItemId="B85" CovItemPrefix="com.OriginalFiles.Analyze.java" Implct="false" Intrnl_Id="2322">
<Cond/>
<LocList>
<Loc EndOffset="12152" SrcFileId="8" StartOffset="12053"/>
</LocList>
<StmntSeq Intrnl_Id="2323">
<LocList>
<Loc EndOffset="12125" SrcFileId="8" StartOffset="12084"/>
</LocList>
<BasicStmnt CovItemId="S148" CovItemPrefix="com.OriginalFiles.Analyze.java" Intrnl_Id="2324">
<LocList>
<Loc EndOffset="12125" SrcFileId="8" StartOffset="12084"/>
</LocList>
</BasicStmnt>
</StmntSeq>
</Branch>
<Branch CovItemId="B86" CovItemPrefix="com.OriginalFiles.Analyze.java" Implct="true" Intrnl_Id="2325">
<Cond/>
<LocList/>
<StmntSeq Intrnl_Id="2326">
<LocList/>
</StmntSeq>
</Branch>
<Keyword EndOffset="12044" SrcFileId="8" StartOffset="12042"/>
<LocList>
<Loc EndOffset="12152" SrcFileId="8" StartOffset="12042"/>
</LocList>
<RootTerm CovItemId="C48" CovItemPrefix="com.OriginalFiles.Analyze.java" Intrnl_Id="2327">
<BasicBoolTerm Intrnl_Id="2328">
<LocList>
<Loc EndOffset="12051" SrcFileId="8" StartOffset="12046"/>
</LocList>
</BasicBoolTerm>
</RootTerm>
</CondStmnt>
<CondStmnt CovItemId="S149" CovItemPrefix="com.OriginalFiles.Analyze.java" Intrnl_Id="2329">
<Branch CovItemId="B87" CovItemPrefix="com.OriginalFiles.Analyze.java" Implct="false" Intrnl_Id="2330">
<Cond/>
<LocList>
<Loc EndOffset="12618" SrcFileId="8" StartOffset="12221"/>
</LocList>
<StmntSeq Intrnl_Id="2331">
<LocList>
<Loc EndOffset="12348" SrcFileId="8" StartOffset="12307"/>
<Loc EndOffset="12545" SrcFileId="8" StartOffset="12433"/>
<Loc EndOffset="12591" SrcFileId="8" StartOffset="12575"/>
</LocList>
<BasicStmnt CovItemId="S150" CovItemPrefix="com.OriginalFiles.Analyze.java" Intrnl_Id="2332">
<LocList>
<Loc EndOffset="12348" SrcFileId="8" StartOffset="12307"/>
</LocList>
</BasicStmnt>
<BasicStmnt CovItemId="S151" CovItemPrefix="com.OriginalFiles.Analyze.java" Intrnl_Id="2333">
<LocList>
<Loc EndOffset="12545" SrcFileId="8" StartOffset="12433"/>
</LocList>
</BasicStmnt>
<BasicStmnt CovItemId="S152" CovItemPrefix="com.OriginalFiles.Analyze.java" Intrnl_Id="2334">
<LocList>
<Loc EndOffset="12591" SrcFileId="8" StartOffset="12575"/>
</LocList>
</BasicStmnt>
</StmntSeq>
</Branch>
<Branch CovItemId="B88" CovItemPrefix="com.OriginalFiles.Analyze.java" Implct="true" Intrnl_Id="2335">
<Cond/>
<LocList/>
<StmntSeq Intrnl_Id="2336">
<LocList/>
</StmntSeq>
</Branch>
<Keyword EndOffset="12180" SrcFileId="8" StartOffset="12178"/>
<LocList>
<Loc EndOffset="12618" SrcFileId="8" StartOffset="12178"/>
</LocList>
<RootTerm CovItemId="C49" CovItemPrefix="com.OriginalFiles.Analyze.java" Intrnl_Id="2337">
<OpTerm BooleanOpId="9" Intrnl_Id="2338">
<BasicBoolTerm Intrnl_Id="2339">
<LocList>
<Loc EndOffset="12219" SrcFileId="8" StartOffset="12183"/>
</LocList>
</BasicBoolTerm>
<LocList>
<Loc EndOffset="12183" SrcFileId="8" StartOffset="12182"/>
</LocList>
</OpTerm>
</RootTerm>
</CondStmnt>
<BasicStmnt CovItemId="S153" CovItemPrefix="com.OriginalFiles.Analyze.java" Intrnl_Id="2340">
<LocList>
<Loc EndOffset="12648" SrcFileId="8" StartOffset="12644"/>
</LocList>
</BasicStmnt>
</StmntSeq>
<Keyword EndOffset="12002" SrcFileId="8" StartOffset="11997"/>
<LocList>
<Loc EndOffset="12671" SrcFileId="8" StartOffset="11997"/>
</LocList>
<RootTerm CovItemId="C47" CovItemPrefix="com.OriginalFiles.Analyze.java" Intrnl_Id="2341">
<OpTerm BooleanOpId="9" Intrnl_Id="2342">
<BasicBoolTerm Intrnl_Id="2343">
<LocList>
<Loc EndOffset="12013" SrcFileId="8" StartOffset="12005"/>
</LocList>
</BasicBoolTerm>
<LocList>
<Loc EndOffset="12005" SrcFileId="8" StartOffset="12004"/>
</LocList>
</OpTerm>
</RootTerm>
</LoopStmnt>
</StmntSeq>
</Branch>
<Keyword EndOffset="11676" SrcFileId="8" StartOffset="11674"/>
<LocList>
<Loc EndOffset="12690" SrcFileId="8" StartOffset="11674"/>
</LocList>
<RootTerm CovItemId="C46" CovItemPrefix="com.OriginalFiles.Analyze.java" Intrnl_Id="2344">
<BasicBoolTerm Intrnl_Id="2345">
<LocList>
<Loc EndOffset="11689" SrcFileId="8" StartOffset="11678"/>
</LocList>
</BasicBoolTerm>
</RootTerm>
</CondStmnt>
</StmntSeq>
</Branch>
<Keyword EndOffset="11352" SrcFileId="8" StartOffset="11350"/>
<LocList>
<Loc EndOffset="12705" SrcFileId="8" StartOffset="11350"/>
</LocList>
<RootTerm CovItemId="C44" CovItemPrefix="com.OriginalFiles.Analyze.java" Intrnl_Id="2346">
<BasicBoolTerm Intrnl_Id="2347">
<LocList>
<Loc EndOffset="11397" SrcFileId="8" StartOffset="11354"/>
</LocList>
</BasicBoolTerm>
</RootTerm>
</CondStmnt>
</StmntSeq>
</Branch>
<Branch CovItemId="B78" CovItemPrefix="com.OriginalFiles.Analyze.java" Implct="true" Intrnl_Id="2348">
<Cond/>
<LocList/>
<StmntSeq Intrnl_Id="2349">
<LocList/>
</StmntSeq>
</Branch>
<Keyword EndOffset="11293" SrcFileId="8" StartOffset="11291"/>
<LocList>
<Loc EndOffset="12716" SrcFileId="8" StartOffset="11291"/>
</LocList>
<RootTerm CovItemId="C43" CovItemPrefix="com.OriginalFiles.Analyze.java" Intrnl_Id="2350">
<BasicBoolTerm Intrnl_Id="2351">
<LocList>
<Loc EndOffset="11333" SrcFileId="8" StartOffset="11295"/>
</LocList>
</BasicBoolTerm>
</RootTerm>
</CondStmnt>
</StmntSeq>
</HierarchyLvl>
<HierarchyLvl HierarchyLvlId="495" HierarchyLvlTypeId="14" Intrnl_Id="2352" Name="checkRobotPieceReplaced">
<Header>
<Loc EndOffset="12890" SrcFileId="8" StartOffset="12828"/>
</Header>
<LocList>
<Loc EndOffset="13415" SrcFileId="8" StartOffset="12828"/>
</LocList>
<StmntSeq Intrnl_Id="2353">
<LocList>
<Loc EndOffset="13408" SrcFileId="8" StartOffset="12902"/>
</LocList>
<CondStmnt CovItemId="S154" CovItemPrefix="com.OriginalFiles.Analyze.java" Intrnl_Id="2354">
<Branch CovItemId="B89" CovItemPrefix="com.OriginalFiles.Analyze.java" Implct="false" Intrnl_Id="2355">
<Cond/>
<LocList>
<Loc EndOffset="13408" SrcFileId="8" StartOffset="12928"/>
</LocList>
<StmntSeq Intrnl_Id="2356">
<LocList>
<Loc EndOffset="12973" SrcFileId="8" StartOffset="12943"/>
<Loc EndOffset="13397" SrcFileId="8" StartOffset="12987"/>
</LocList>
<BasicStmnt CovItemId="S155" CovItemPrefix="com.OriginalFiles.Analyze.java" Intrnl_Id="2357">
<LocList>
<Loc EndOffset="12973" SrcFileId="8" StartOffset="12943"/>
</LocList>
</BasicStmnt>
<LoopStmnt CovItemId="S156" CovItemPrefix="com.OriginalFiles.Analyze.java" Intrnl_Id="2358" MltplExecId="L9-2" MltplExecPrefix="com.OriginalFiles.Analyze.java" NvrExecId="L9-0" NvrExecPrefix="com.OriginalFiles.Analyze.java" OnceExecutedId="L9-1" OnceExecutedPrefix="com.OriginalFiles.Analyze.java" OptBodyExec="true">
<StmntSeq Intrnl_Id="2359">
<LocList>
<Loc EndOffset="13382" SrcFileId="8" StartOffset="13029"/>
</LocList>
<CondStmnt CovItemId="S157" CovItemPrefix="com.OriginalFiles.Analyze.java" Intrnl_Id="2360">
<Branch CovItemId="B91" CovItemPrefix="com.OriginalFiles.Analyze.java" Implct="false" Intrnl_Id="2361">
<Cond/>
<LocList>
<Loc EndOffset="13236" SrcFileId="8" StartOffset="13129"/>
</LocList>
<StmntSeq Intrnl_Id="2362">
<LocList>
<Loc EndOffset="13175" SrcFileId="8" StartOffset="13152"/>
<Loc EndOffset="13217" SrcFileId="8" StartOffset="13197"/>
</LocList>
<BasicStmnt CovItemId="S158" CovItemPrefix="com.OriginalFiles.Analyze.java" Intrnl_Id="2363">
<LocList>
<Loc EndOffset="13175" SrcFileId="8" StartOffset="13152"/>
</LocList>
</BasicStmnt>
<BasicStmnt CovItemId="S159" CovItemPrefix="com.OriginalFiles.Analyze.java" Intrnl_Id="2364">
<LocList>
<Loc EndOffset="13217" SrcFileId="8" StartOffset="13197"/>
</LocList>
</BasicStmnt>
</StmntSeq>
</Branch>
<Branch CovItemId="B92" CovItemPrefix="com.OriginalFiles.Analyze.java" Implct="false" Intrnl_Id="2365">
<Cond>
<Loc EndOffset="13241" SrcFileId="8" StartOffset="13237"/>
</Cond>
<LocList>
<Loc EndOffset="13382" SrcFileId="8" StartOffset="13242"/>
</LocList>
<StmntSeq Intrnl_Id="2366">
<LocList>
<Loc EndOffset="13306" SrcFileId="8" StartOffset="13265"/>
<Loc EndOffset="13363" SrcFileId="8" StartOffset="13328"/>
</LocList>
<BasicStmnt CovItemId="S160" CovItemPrefix="com.OriginalFiles.Analyze.java" Intrnl_Id="2367">
<LocList>
<Loc EndOffset="13306" SrcFileId="8" StartOffset="13265"/>
</LocList>
</BasicStmnt>
<BasicStmnt CovItemId="S161" CovItemPrefix="com.OriginalFiles.Analyze.java" Intrnl_Id="2368">
<LocList>
<Loc EndOffset="13363" SrcFileId="8" StartOffset="13328"/>
</LocList>
</BasicStmnt>
</StmntSeq>
</Branch>
<Keyword EndOffset="13031" SrcFileId="8" StartOffset="13029"/>
<LocList>
<Loc EndOffset="13382" SrcFileId="8" StartOffset="13029"/>
</LocList>
<RootTerm CovItemId="C52" CovItemPrefix="com.OriginalFiles.Analyze.java" Intrnl_Id="2369">
<BasicBoolTerm Intrnl_Id="2370">
<LocList>
<Loc EndOffset="13127" SrcFileId="8" StartOffset="13033"/>
</LocList>
</BasicBoolTerm>
</RootTerm>
</CondStmnt>
</StmntSeq>
<Keyword EndOffset="12992" SrcFileId="8" StartOffset="12987"/>
<LocList>
<Loc EndOffset="13397" SrcFileId="8" StartOffset="12987"/>
</LocList>
<RootTerm CovItemId="C51" CovItemPrefix="com.OriginalFiles.Analyze.java" Intrnl_Id="2371">
<BasicBoolTerm Intrnl_Id="2372">
<LocList>
<Loc EndOffset="13008" SrcFileId="8" StartOffset="12994"/>
</LocList>
</BasicBoolTerm>
</RootTerm>
</LoopStmnt>
</StmntSeq>
</Branch>
<Branch CovItemId="B90" CovItemPrefix="com.OriginalFiles.Analyze.java" Implct="true" Intrnl_Id="2373">
<Cond/>
<LocList/>
<StmntSeq Intrnl_Id="2374">
<LocList/>
</StmntSeq>
</Branch>
<Keyword EndOffset="12904" SrcFileId="8" StartOffset="12902"/>
<LocList>
<Loc EndOffset="13408" SrcFileId="8" StartOffset="12902"/>
</LocList>
<RootTerm CovItemId="C50" CovItemPrefix="com.OriginalFiles.Analyze.java" Intrnl_Id="2375">
<BasicBoolTerm Intrnl_Id="2376">
<LocList>
<Loc EndOffset="12926" SrcFileId="8" StartOffset="12906"/>
</LocList>
</BasicBoolTerm>
</RootTerm>
</CondStmnt>
</StmntSeq>
</HierarchyLvl>
<HierarchyLvl HierarchyLvlId="496" HierarchyLvlTypeId="14" Intrnl_Id="2377" Name="findMyColors">
<Header>
<Loc EndOffset="13546" SrcFileId="8" StartOffset="13473"/>
</Header>
<LocList>
<Loc EndOffset="13964" SrcFileId="8" StartOffset="13473"/>
</LocList>
<StmntSeq Intrnl_Id="2378">
<LocList>
<Loc EndOffset="13604" SrcFileId="8" StartOffset="13558"/>
<Loc EndOffset="13957" SrcFileId="8" StartOffset="13614"/>
</LocList>
<BasicStmnt CovItemId="S162" CovItemPrefix="com.OriginalFiles.Analyze.java" Intrnl_Id="2379">
<LocList>
<Loc EndOffset="13604" SrcFileId="8" StartOffset="13558"/>
</LocList>
</BasicStmnt>
<CondStmnt CovItemId="S163" CovItemPrefix="com.OriginalFiles.Analyze.java" Intrnl_Id="2380">
<Branch CovItemId="B93" CovItemPrefix="com.OriginalFiles.Analyze.java" Implct="false" Intrnl_Id="2381">
<Cond/>
<LocList>
<Loc EndOffset="13713" SrcFileId="8" StartOffset="13655"/>
</LocList>
<StmntSeq Intrnl_Id="2382">
<LocList>
<Loc EndOffset="13702" SrcFileId="8" StartOffset="13670"/>
</LocList>
<BasicStmnt CovItemId="S164" CovItemPrefix="com.OriginalFiles.Analyze.java" Intrnl_Id="2383">
<LocList>
<Loc EndOffset="13702" SrcFileId="8" StartOffset="13670"/>
</LocList>
</BasicStmnt>
</StmntSeq>
</Branch>
<Branch CovItemId="B94" CovItemPrefix="com.OriginalFiles.Analyze.java" Implct="false" Intrnl_Id="2384">
<Cond>
<Loc EndOffset="13718" SrcFileId="8" StartOffset="13714"/>
</Cond>
<LocList>
<Loc EndOffset="13957" SrcFileId="8" StartOffset="13719"/>
</LocList>
<StmntSeq Intrnl_Id="2385">
<LocList>
<Loc EndOffset="13957" SrcFileId="8" StartOffset="13719"/>
</LocList>
<CondStmnt CovItemId="S165" CovItemPrefix="com.OriginalFiles.Analyze.java" Intrnl_Id="2386">
<Branch CovItemId="B95" CovItemPrefix="com.OriginalFiles.Analyze.java" Implct="false" Intrnl_Id="2387">
<Cond/>
<LocList>
<Loc EndOffset="13818" SrcFileId="8" StartOffset="13760"/>
</LocList>
<StmntSeq Intrnl_Id="2388">
<LocList>
<Loc EndOffset="13807" SrcFileId="8" StartOffset="13775"/>
</LocList>
<BasicStmnt CovItemId="S166" CovItemPrefix="com.OriginalFiles.Analyze.java" Intrnl_Id="2389">
<LocList>
<Loc EndOffset="13807" SrcFileId="8" StartOffset="13775"/>
</LocList>
</BasicStmnt>
</StmntSeq>
</Branch>
<Branch CovItemId="B96" CovItemPrefix="com.OriginalFiles.Analyze.java" Implct="false" Intrnl_Id="2390">
<Cond>
<Loc EndOffset="13823" SrcFileId="8" StartOffset="13819"/>
</Cond>
<LocList>
<Loc EndOffset="13957" SrcFileId="8" StartOffset="13824"/>
</LocList>
<StmntSeq Intrnl_Id="2391">
<LocList>
<Loc EndOffset="13869" SrcFileId="8" StartOffset="13839"/>
<Loc EndOffset="13917" SrcFileId="8" StartOffset="13883"/>
<Loc EndOffset="13946" SrcFileId="8" StartOffset="13931"/>
</LocList>
<BasicStmnt CovItemId="S167" CovItemPrefix="com.OriginalFiles.Analyze.java" Intrnl_Id="2392">
<LocList>
<Loc EndOffset="13869" SrcFileId="8" StartOffset="13839"/>
</LocList>
</BasicStmnt>
<BasicStmnt CovItemId="S168" CovItemPrefix="com.OriginalFiles.Analyze.java" Intrnl_Id="2393">
<LocList>
<Loc EndOffset="13917" SrcFileId="8" StartOffset="13883"/>
</LocList>
</BasicStmnt>
<BasicStmnt CovItemId="S169" CovItemPrefix="com.OriginalFiles.Analyze.java" Intrnl_Id="2394">
<LocList>
<Loc EndOffset="13946" SrcFileId="8" StartOffset="13931"/>
</LocList>
</BasicStmnt>
</StmntSeq>
</Branch>
<Keyword EndOffset="13721" SrcFileId="8" StartOffset="13719"/>
<LocList>
<Loc EndOffset="13957" SrcFileId="8" StartOffset="13719"/>
</LocList>
<RootTerm CovItemId="C54" CovItemPrefix="com.OriginalFiles.Analyze.java" Intrnl_Id="2395">
<BasicBoolTerm Intrnl_Id="2396">
<LocList>
<Loc EndOffset="13758" SrcFileId="8" StartOffset="13723"/>
</LocList>
</BasicBoolTerm>
</RootTerm>
</CondStmnt>
</StmntSeq>
</Branch>
<Keyword EndOffset="13616" SrcFileId="8" StartOffset="13614"/>
<LocList>
<Loc EndOffset="13957" SrcFileId="8" StartOffset="13614"/>
</LocList>
<RootTerm CovItemId="C53" CovItemPrefix="com.OriginalFiles.Analyze.java" Intrnl_Id="2397">
<BasicBoolTerm Intrnl_Id="2398">
<LocList>
<Loc EndOffset="13653" SrcFileId="8" StartOffset="13618"/>
</LocList>
</BasicBoolTerm>
</RootTerm>
</CondStmnt>
</StmntSeq>
</HierarchyLvl>
<HierarchyLvl HierarchyLvlId="497" HierarchyLvlTypeId="14" Intrnl_Id="2399" Name="getColor">
<Header>
<Loc EndOffset="14078" SrcFileId="8" StartOffset="14019"/>
</Header>
<LocList>
<Loc EndOffset="15304" SrcFileId="8" StartOffset="14019"/>
</LocList>
<StmntSeq Intrnl_Id="2400">
<LocList>
<Loc EndOffset="14148" SrcFileId="8" StartOffset="14090"/>
<Loc EndOffset="14172" SrcFileId="8" StartOffset="14160"/>
<Loc EndOffset="14213" SrcFileId="8" StartOffset="14182"/>
<Loc EndOffset="14258" SrcFileId="8" StartOffset="14223"/>
<Loc EndOffset="14301" SrcFileId="8" StartOffset="14268"/>
<Loc EndOffset="14334" SrcFileId="8" StartOffset="14311"/>
<Loc EndOffset="14369" SrcFileId="8" StartOffset="14344"/>
<Loc EndOffset="14403" SrcFileId="8" StartOffset="14379"/>
<Loc EndOffset="15297" SrcFileId="8" StartOffset="14413"/>
</LocList>
<BasicStmnt CovItemId="S170" CovItemPrefix="com.OriginalFiles.Analyze.java" Intrnl_Id="2401">
<LocList>
<Loc EndOffset="14148" SrcFileId="8" StartOffset="14090"/>
</LocList>
</BasicStmnt>
<BasicStmnt CovItemId="S171" CovItemPrefix="com.OriginalFiles.Analyze.java" Intrnl_Id="2402">
<LocList>
<Loc EndOffset="14172" SrcFileId="8" StartOffset="14160"/>
</LocList>
</BasicStmnt>
<BasicStmnt CovItemId="S172" CovItemPrefix="com.OriginalFiles.Analyze.java" Intrnl_Id="2403">
<LocList>
<Loc EndOffset="14213" SrcFileId="8" StartOffset="14182"/>
</LocList>
</BasicStmnt>
<BasicStmnt CovItemId="S173" CovItemPrefix="com.OriginalFiles.Analyze.java" Intrnl_Id="2404">
<LocList>
<Loc EndOffset="14258" SrcFileId="8" StartOffset="14223"/>
</LocList>
</BasicStmnt>
<BasicStmnt CovItemId="S174" CovItemPrefix="com.OriginalFiles.Analyze.java" Intrnl_Id="2405">
<LocList>
<Loc EndOffset="14301" SrcFileId="8" StartOffset="14268"/>
</LocList>
</BasicStmnt>
<BasicStmnt CovItemId="S175" CovItemPrefix="com.OriginalFiles.Analyze.java" Intrnl_Id="2406">
<LocList>
<Loc EndOffset="14334" SrcFileId="8" StartOffset="14311"/>
</LocList>
</BasicStmnt>
<BasicStmnt CovItemId="S176" CovItemPrefix="com.OriginalFiles.Analyze.java" Intrnl_Id="2407">
<LocList>
<Loc EndOffset="14369" SrcFileId="8" StartOffset="14344"/>
</LocList>
</BasicStmnt>
<BasicStmnt CovItemId="S177" CovItemPrefix="com.OriginalFiles.Analyze.java" Intrnl_Id="2408">
<LocList>
<Loc EndOffset="14403" SrcFileId="8" StartOffset="14379"/>
</LocList>
</BasicStmnt>
<CondStmnt CovItemId="S178" CovItemPrefix="com.OriginalFiles.Analyze.java" Intrnl_Id="2409">
<Branch CovItemId="B97" CovItemPrefix="com.OriginalFiles.Analyze.java" Implct="false" Intrnl_Id="2410">
<Cond/>
<LocList>
<Loc EndOffset="14604" SrcFileId="8" StartOffset="14514"/>
</LocList>
<StmntSeq Intrnl_Id="2411">
<LocList>
<Loc EndOffset="14553" SrcFileId="8" StartOffset="14529"/>
<Loc EndOffset="14568" SrcFileId="8" StartOffset="14554"/>
<Loc EndOffset="14593" SrcFileId="8" StartOffset="14582"/>
</LocList>
<BasicStmnt CovItemId="S179" CovItemPrefix="com.OriginalFiles.Analyze.java" Intrnl_Id="2412">
<LocList>
<Loc EndOffset="14553" SrcFileId="8" StartOffset="14529"/>
</LocList>
</BasicStmnt>
<BasicStmnt CovItemId="S180" CovItemPrefix="com.OriginalFiles.Analyze.java" Intrnl_Id="2413">
<LocList>
<Loc EndOffset="14568" SrcFileId="8" StartOffset="14554"/>
</LocList>
</BasicStmnt>
<BasicStmnt CovItemId="S181" CovItemPrefix="com.OriginalFiles.Analyze.java" Intrnl_Id="2414">
<LocList>
<Loc EndOffset="14593" SrcFileId="8" StartOffset="14582"/>
</LocList>
</BasicStmnt>
</StmntSeq>
</Branch>
<Branch CovItemId="B98" CovItemPrefix="com.OriginalFiles.Analyze.java" Implct="false" Intrnl_Id="2415">
<Cond>
<Loc EndOffset="14609" SrcFileId="8" StartOffset="14605"/>
</Cond>
<LocList>
<Loc EndOffset="15297" SrcFileId="8" StartOffset="14610"/>
</LocList>
<StmntSeq Intrnl_Id="2416">
<LocList>
<Loc EndOffset="15297" SrcFileId="8" StartOffset="14610"/>
</LocList>
<CondStmnt CovItemId="S182" CovItemPrefix="com.OriginalFiles.Analyze.java" Intrnl_Id="2417">
<Branch CovItemId="B99" CovItemPrefix="com.OriginalFiles.Analyze.java" Implct="false" Intrnl_Id="2418">
<Cond/>
<LocList>
<Loc EndOffset="14803" SrcFileId="8" StartOffset="14713"/>
</LocList>
<StmntSeq Intrnl_Id="2419">
<LocList>
<Loc EndOffset="14752" SrcFileId="8" StartOffset="14728"/>
<Loc EndOffset="14767" SrcFileId="8" StartOffset="14753"/>
<Loc EndOffset="14792" SrcFileId="8" StartOffset="14781"/>
</LocList>
<BasicStmnt CovItemId="S183" CovItemPrefix="com.OriginalFiles.Analyze.java" Intrnl_Id="2420">
<LocList>
<Loc EndOffset="14752" SrcFileId="8" StartOffset="14728"/>
</LocList>
</BasicStmnt>
<BasicStmnt CovItemId="S184" CovItemPrefix="com.OriginalFiles.Analyze.java" Intrnl_Id="2421">
<LocList>
<Loc EndOffset="14767" SrcFileId="8" StartOffset="14753"/>
</LocList>
</BasicStmnt>
<BasicStmnt CovItemId="S185" CovItemPrefix="com.OriginalFiles.Analyze.java" Intrnl_Id="2422">
<LocList>
<Loc EndOffset="14792" SrcFileId="8" StartOffset="14781"/>
</LocList>
</BasicStmnt>
</StmntSeq>
</Branch>
<Branch CovItemId="B100" CovItemPrefix="com.OriginalFiles.Analyze.java" Implct="false" Intrnl_Id="2423">
<Cond>
<Loc EndOffset="14808" SrcFileId="8" StartOffset="14804"/>
</Cond>
<LocList>
<Loc EndOffset="15297" SrcFileId="8" StartOffset="14809"/>
</LocList>
<StmntSeq Intrnl_Id="2424">
<LocList>
<Loc EndOffset="15297" SrcFileId="8" StartOffset="14809"/>
</LocList>
<CondStmnt CovItemId="S186" CovItemPrefix="com.OriginalFiles.Analyze.java" Intrnl_Id="2425">
<Branch CovItemId="B101" CovItemPrefix="com.OriginalFiles.Analyze.java" Implct="false" Intrnl_Id="2426">
<Cond/>
<LocList>
<Loc EndOffset="15002" SrcFileId="8" StartOffset="14912"/>
</LocList>
<StmntSeq Intrnl_Id="2427">
<LocList>
<Loc EndOffset="14951" SrcFileId="8" StartOffset="14927"/>
<Loc EndOffset="14966" SrcFileId="8" StartOffset="14952"/>
<Loc EndOffset="14991" SrcFileId="8" StartOffset="14980"/>
</LocList>
<BasicStmnt CovItemId="S187" CovItemPrefix="com.OriginalFiles.Analyze.java" Intrnl_Id="2428">
<LocList>
<Loc EndOffset="14951" SrcFileId="8" StartOffset="14927"/>
</LocList>
</BasicStmnt>
<BasicStmnt CovItemId="S188" CovItemPrefix="com.OriginalFiles.Analyze.java" Intrnl_Id="2429">
<LocList>
<Loc EndOffset="14966" SrcFileId="8" StartOffset="14952"/>
</LocList>
</BasicStmnt>
<BasicStmnt CovItemId="S189" CovItemPrefix="com.OriginalFiles.Analyze.java" Intrnl_Id="2430">
<LocList>
<Loc EndOffset="14991" SrcFileId="8" StartOffset="14980"/>
</LocList>
</BasicStmnt>
</StmntSeq>
</Branch>
<Branch CovItemId="B102" CovItemPrefix="com.OriginalFiles.Analyze.java" Implct="false" Intrnl_Id="2431">
<Cond>
<Loc EndOffset="15007" SrcFileId="8" StartOffset="15003"/>
</Cond>
<LocList>
<Loc EndOffset="15297" SrcFileId="8" StartOffset="15008"/>
</LocList>
<StmntSeq Intrnl_Id="2432">
<LocList>
<Loc EndOffset="15297" SrcFileId="8" StartOffset="15008"/>
</LocList>
<CondStmnt CovItemId="S190" CovItemPrefix="com.OriginalFiles.Analyze.java" Intrnl_Id="2433">
<Branch CovItemId="B103" CovItemPrefix="com.OriginalFiles.Analyze.java" Implct="false" Intrnl_Id="2434">
<Cond/>
<LocList>
<Loc EndOffset="15201" SrcFileId="8" StartOffset="15111"/>
</LocList>
<StmntSeq Intrnl_Id="2435">
<LocList>
<Loc EndOffset="15150" SrcFileId="8" StartOffset="15126"/>
<Loc EndOffset="15165" SrcFileId="8" StartOffset="15151"/>
<Loc EndOffset="15190" SrcFileId="8" StartOffset="15179"/>
</LocList>
<BasicStmnt CovItemId="S191" CovItemPrefix="com.OriginalFiles.Analyze.java" Intrnl_Id="2436">
<LocList>
<Loc EndOffset="15150" SrcFileId="8" StartOffset="15126"/>
</LocList>
</BasicStmnt>
<BasicStmnt CovItemId="S192" CovItemPrefix="com.OriginalFiles.Analyze.java" Intrnl_Id="2437">
<LocList>
<Loc EndOffset="15165" SrcFileId="8" StartOffset="15151"/>
</LocList>
</BasicStmnt>
<BasicStmnt CovItemId="S193" CovItemPrefix="com.OriginalFiles.Analyze.java" Intrnl_Id="2438">
<LocList>
<Loc EndOffset="15190" SrcFileId="8" StartOffset="15179"/>
</LocList>
</BasicStmnt>
</StmntSeq>
</Branch>
<Branch CovItemId="B104" CovItemPrefix="com.OriginalFiles.Analyze.java" Implct="false" Intrnl_Id="2439">
<Cond>
<Loc EndOffset="15206" SrcFileId="8" StartOffset="15202"/>
</Cond>
<LocList>
<Loc EndOffset="15297" SrcFileId="8" StartOffset="15207"/>
</LocList>
<StmntSeq Intrnl_Id="2440">
<LocList>
<Loc EndOffset="15246" SrcFileId="8" StartOffset="15222"/>
<Loc EndOffset="15261" SrcFileId="8" StartOffset="15247"/>
<Loc EndOffset="15286" SrcFileId="8" StartOffset="15275"/>
</LocList>
<BasicStmnt CovItemId="S194" CovItemPrefix="com.OriginalFiles.Analyze.java" Intrnl_Id="2441">
<LocList>
<Loc EndOffset="15246" SrcFileId="8" StartOffset="15222"/>
</LocList>
</BasicStmnt>
<BasicStmnt CovItemId="S195" CovItemPrefix="com.OriginalFiles.Analyze.java" Intrnl_Id="2442">
<LocList>
<Loc EndOffset="15261" SrcFileId="8" StartOffset="15247"/>
</LocList>
</BasicStmnt>
<BasicStmnt CovItemId="S196" CovItemPrefix="com.OriginalFiles.Analyze.java" Intrnl_Id="2443">
<LocList>
<Loc EndOffset="15286" SrcFileId="8" StartOffset="15275"/>
</LocList>
</BasicStmnt>
</StmntSeq>
</Branch>
<Keyword EndOffset="15010" SrcFileId="8" StartOffset="15008"/>
<LocList>
<Loc EndOffset="15297" SrcFileId="8" StartOffset="15008"/>
</LocList>
<RootTerm CovItemId="C58" CovItemPrefix="com.OriginalFiles.Analyze.java" Intrnl_Id="2444">
<OpTerm BooleanOpId="10" Intrnl_Id="2445">
<OpTerm BooleanOpId="10" Intrnl_Id="2446">
<OpTerm BooleanOpId="10" Intrnl_Id="2447">
<OpTerm BooleanOpId="10" Intrnl_Id="2448">
<OpTerm BooleanOpId="10" Intrnl_Id="2449">
<BasicBoolTerm Intrnl_Id="2450">
<LocList>
<Loc EndOffset="15021" SrcFileId="8" StartOffset="15012"/>
</LocList>
</BasicBoolTerm>
<BasicBoolTerm Intrnl_Id="2451">
<LocList>
<Loc EndOffset="15034" SrcFileId="8" StartOffset="15025"/>
</LocList>
</BasicBoolTerm>
<LocList>
<Loc EndOffset="15024" SrcFileId="8" StartOffset="15022"/>
</LocList>
</OpTerm>
<BasicBoolTerm Intrnl_Id="2452">
<LocList>
<Loc EndOffset="15049" SrcFileId="8" StartOffset="15038"/>
</LocList>
</BasicBoolTerm>
<LocList>
<Loc EndOffset="15037" SrcFileId="8" StartOffset="15035"/>
</LocList>
</OpTerm>
<BasicBoolTerm Intrnl_Id="2453">
<LocList>
<Loc EndOffset="15064" SrcFileId="8" StartOffset="15053"/>
</LocList>
</BasicBoolTerm>
<LocList>
<Loc EndOffset="15052" SrcFileId="8" StartOffset="15050"/>
</LocList>
</OpTerm>
<BasicBoolTerm Intrnl_Id="2454">
<LocList>
<Loc EndOffset="15095" SrcFileId="8" StartOffset="15085"/>
</LocList>
</BasicBoolTerm>
<LocList>
<Loc EndOffset="15084" SrcFileId="8" StartOffset="15082"/>
</LocList>
</OpTerm>
<BasicBoolTerm Intrnl_Id="2455">
<LocList>
<Loc EndOffset="15109" SrcFileId="8" StartOffset="15099"/>
</LocList>
</BasicBoolTerm>
<LocList>
<Loc EndOffset="15098" SrcFileId="8" StartOffset="15096"/>
</LocList>
</OpTerm>
</RootTerm>
</CondStmnt>
</StmntSeq>
</Branch>
<Keyword EndOffset="14811" SrcFileId="8" StartOffset="14809"/>
<LocList>
<Loc EndOffset="15297" SrcFileId="8" StartOffset="14809"/>
</LocList>
<RootTerm CovItemId="C57" CovItemPrefix="com.OriginalFiles.Analyze.java" Intrnl_Id="2456">
<OpTerm BooleanOpId="10" Intrnl_Id="2457">
<OpTerm BooleanOpId="10" Intrnl_Id="2458">
<OpTerm BooleanOpId="10" Intrnl_Id="2459">
<OpTerm BooleanOpId="10" Intrnl_Id="2460">
<OpTerm BooleanOpId="10" Intrnl_Id="2461">
<BasicBoolTerm Intrnl_Id="2462">
<LocList>
<Loc EndOffset="14822" SrcFileId="8" StartOffset="14813"/>
</LocList>
</BasicBoolTerm>
<BasicBoolTerm Intrnl_Id="2463">
<LocList>
<Loc EndOffset="14835" SrcFileId="8" StartOffset="14826"/>
</LocList>
</BasicBoolTerm>
<LocList>
<Loc EndOffset="14825" SrcFileId="8" StartOffset="14823"/>
</LocList>
</OpTerm>
<BasicBoolTerm Intrnl_Id="2464">
<LocList>
<Loc EndOffset="14850" SrcFileId="8" StartOffset="14839"/>
</LocList>
</BasicBoolTerm>
<LocList>
<Loc EndOffset="14838" SrcFileId="8" StartOffset="14836"/>
</LocList>
</OpTerm>
<BasicBoolTerm Intrnl_Id="2465">
<LocList>
<Loc EndOffset="14865" SrcFileId="8" StartOffset="14854"/>
</LocList>
</BasicBoolTerm>
<LocList>
<Loc EndOffset="14853" SrcFileId="8" StartOffset="14851"/>
</LocList>
</OpTerm>
<BasicBoolTerm Intrnl_Id="2466">
<LocList>
<Loc EndOffset="14896" SrcFileId="8" StartOffset="14886"/>
</LocList>
</BasicBoolTerm>
<LocList>
<Loc EndOffset="14885" SrcFileId="8" StartOffset="14883"/>
</LocList>
</OpTerm>
<BasicBoolTerm Intrnl_Id="2467">
<LocList>
<Loc EndOffset="14910" SrcFileId="8" StartOffset="14900"/>
</LocList>
</BasicBoolTerm>
<LocList>
<Loc EndOffset="14899" SrcFileId="8" StartOffset="14897"/>
</LocList>
</OpTerm>
</RootTerm>
</CondStmnt>
</StmntSeq>
</Branch>
<Keyword EndOffset="14612" SrcFileId="8" StartOffset="14610"/>
<LocList>
<Loc EndOffset="15297" SrcFileId="8" StartOffset="14610"/>
</LocList>
<RootTerm CovItemId="C56" CovItemPrefix="com.OriginalFiles.Analyze.java" Intrnl_Id="2468">
<OpTerm BooleanOpId="10" Intrnl_Id="2469">
<OpTerm BooleanOpId="10" Intrnl_Id="2470">
<OpTerm BooleanOpId="10" Intrnl_Id="2471">
<OpTerm BooleanOpId="10" Intrnl_Id="2472">
<OpTerm BooleanOpId="10" Intrnl_Id="2473">
<BasicBoolTerm Intrnl_Id="2474">
<LocList>
<Loc EndOffset="14623" SrcFileId="8" StartOffset="14614"/>
</LocList>
</BasicBoolTerm>
<BasicBoolTerm Intrnl_Id="2475">
<LocList>
<Loc EndOffset="14636" SrcFileId="8" StartOffset="14627"/>
</LocList>
</BasicBoolTerm>
<LocList>
<Loc EndOffset="14626" SrcFileId="8" StartOffset="14624"/>
</LocList>
</OpTerm>
<BasicBoolTerm Intrnl_Id="2476">
<LocList>
<Loc EndOffset="14651" SrcFileId="8" StartOffset="14640"/>
</LocList>
</BasicBoolTerm>
<LocList>
<Loc EndOffset="14639" SrcFileId="8" StartOffset="14637"/>
</LocList>
</OpTerm>
<BasicBoolTerm Intrnl_Id="2477">
<LocList>
<Loc EndOffset="14666" SrcFileId="8" StartOffset="14655"/>
</LocList>
</BasicBoolTerm>
<LocList>
<Loc EndOffset="14654" SrcFileId="8" StartOffset="14652"/>
</LocList>
</OpTerm>
<BasicBoolTerm Intrnl_Id="2478">
<LocList>
<Loc EndOffset="14697" SrcFileId="8" StartOffset="14687"/>
</LocList>
</BasicBoolTerm>
<LocList>
<Loc EndOffset="14686" SrcFileId="8" StartOffset="14684"/>
</LocList>
</OpTerm>
<BasicBoolTerm Intrnl_Id="2479">
<LocList>
<Loc EndOffset="14711" SrcFileId="8" StartOffset="14701"/>
</LocList>
</BasicBoolTerm>
<LocList>
<Loc EndOffset="14700" SrcFileId="8" StartOffset="14698"/>
</LocList>
</OpTerm>
</RootTerm>
</CondStmnt>
</StmntSeq>
</Branch>
<Keyword EndOffset="14415" SrcFileId="8" StartOffset="14413"/>
<LocList>
<Loc EndOffset="15297" SrcFileId="8" StartOffset="14413"/>
</LocList>
<RootTerm CovItemId="C55" CovItemPrefix="com.OriginalFiles.Analyze.java" Intrnl_Id="2480">
<OpTerm BooleanOpId="10" Intrnl_Id="2481">
<OpTerm BooleanOpId="10" Intrnl_Id="2482">
<OpTerm BooleanOpId="10" Intrnl_Id="2483">
<OpTerm BooleanOpId="10" Intrnl_Id="2484">
<OpTerm BooleanOpId="10" Intrnl_Id="2485">
<BasicBoolTerm Intrnl_Id="2486">
<LocList>
<Loc EndOffset="14426" SrcFileId="8" StartOffset="14417"/>
</LocList>
</BasicBoolTerm>
<BasicBoolTerm Intrnl_Id="2487">
<LocList>
<Loc EndOffset="14439" SrcFileId="8" StartOffset="14430"/>
</LocList>
</BasicBoolTerm>
<LocList>
<Loc EndOffset="14429" SrcFileId="8" StartOffset="14427"/>
</LocList>
</OpTerm>
<BasicBoolTerm Intrnl_Id="2488">
<LocList>
<Loc EndOffset="14454" SrcFileId="8" StartOffset="14443"/>
</LocList>
</BasicBoolTerm>
<LocList>
<Loc EndOffset="14442" SrcFileId="8" StartOffset="14440"/>
</LocList>
</OpTerm>
<BasicBoolTerm Intrnl_Id="2489">
<LocList>
<Loc EndOffset="14468" SrcFileId="8" StartOffset="14458"/>
</LocList>
</BasicBoolTerm>
<LocList>
<Loc EndOffset="14457" SrcFileId="8" StartOffset="14455"/>
</LocList>
</OpTerm>
<BasicBoolTerm Intrnl_Id="2490">
<LocList>
<Loc EndOffset="14499" SrcFileId="8" StartOffset="14489"/>
</LocList>
</BasicBoolTerm>
<LocList>
<Loc EndOffset="14488" SrcFileId="8" StartOffset="14486"/>
</LocList>
</OpTerm>
<BasicBoolTerm Intrnl_Id="2491">
<LocList>
<Loc EndOffset="14512" SrcFileId="8" StartOffset="14503"/>
</LocList>
</BasicBoolTerm>
<LocList>
<Loc EndOffset="14502" SrcFileId="8" StartOffset="14500"/>
</LocList>
</OpTerm>
</RootTerm>
</CondStmnt>
</StmntSeq>
</HierarchyLvl>
<HierarchyLvl HierarchyLvlId="498" HierarchyLvlTypeId="14" Intrnl_Id="2492" Name="checkForGameHasEnded">
<Header>
<Loc EndOffset="15375" SrcFileId="8" StartOffset="15312"/>
</Header>
<LocList>
<Loc EndOffset="15800" SrcFileId="8" StartOffset="15312"/>
</LocList>
<StmntSeq Intrnl_Id="2493">
<LocList>
<Loc EndOffset="15793" SrcFileId="8" StartOffset="15387"/>
</LocList>
<CondStmnt CovItemId="S197" CovItemPrefix="com.OriginalFiles.Analyze.java" Intrnl_Id="2494">
<Branch CovItemId="B105" CovItemPrefix="com.OriginalFiles.Analyze.java" Implct="false" Intrnl_Id="2495">
<Cond>
<Loc EndOffset="15440" SrcFileId="8" StartOffset="15434"/>
</Cond>
<LocList>
<Loc EndOffset="15468" SrcFileId="8" StartOffset="15455"/>
</LocList>
<StmntSeq Intrnl_Id="2496">
<LocList>
<Loc EndOffset="15468" SrcFileId="8" StartOffset="15455"/>
</LocList>
<BasicStmnt CovItemId="S198" CovItemPrefix="com.OriginalFiles.Analyze.java" Intrnl_Id="2497">
<LocList>
<Loc EndOffset="15468" SrcFileId="8" StartOffset="15455"/>
</LocList>
</BasicStmnt>
</StmntSeq>
</Branch>
<Branch CovItemId="B106" CovItemPrefix="com.OriginalFiles.Analyze.java" Implct="false" Intrnl_Id="2498">
<Cond>
<Loc EndOffset="15484" SrcFileId="8" StartOffset="15478"/>
</Cond>
<LocList>
<Loc EndOffset="15559" SrcFileId="8" StartOffset="15499"/>
</LocList>
<StmntSeq Intrnl_Id="2499">
<LocList>
<Loc EndOffset="15533" SrcFileId="8" StartOffset="15499"/>
<Loc EndOffset="15559" SrcFileId="8" StartOffset="15547"/>
</LocList>
<BasicStmnt CovItemId="S199" CovItemPrefix="com.OriginalFiles.Analyze.java" Intrnl_Id="2500">
<LocList>
<Loc EndOffset="15533" SrcFileId="8" StartOffset="15499"/>
</LocList>
</BasicStmnt>
<BasicStmnt CovItemId="S200" CovItemPrefix="com.OriginalFiles.Analyze.java" Intrnl_Id="2501">
<LocList>
<Loc EndOffset="15559" SrcFileId="8" StartOffset="15547"/>
</LocList>
</BasicStmnt>
</StmntSeq>
</Branch>
<Branch CovItemId="B107" CovItemPrefix="com.OriginalFiles.Analyze.java" Implct="false" Intrnl_Id="2502">
<Cond>
<Loc EndOffset="15575" SrcFileId="8" StartOffset="15569"/>
</Cond>
<LocList>
<Loc EndOffset="15650" SrcFileId="8" StartOffset="15590"/>
</LocList>
<StmntSeq Intrnl_Id="2503">
<LocList>
<Loc EndOffset="15624" SrcFileId="8" StartOffset="15590"/>
<Loc EndOffset="15650" SrcFileId="8" StartOffset="15638"/>
</LocList>
<BasicStmnt CovItemId="S201" CovItemPrefix="com.OriginalFiles.Analyze.java" Intrnl_Id="2504">
<LocList>
<Loc EndOffset="15624" SrcFileId="8" StartOffset="15590"/>
</LocList>
</BasicStmnt>
<BasicStmnt CovItemId="S202" CovItemPrefix="com.OriginalFiles.Analyze.java" Intrnl_Id="2505">
<LocList>
<Loc EndOffset="15650" SrcFileId="8" StartOffset="15638"/>
</LocList>
</BasicStmnt>
</StmntSeq>
</Branch>
<Branch CovItemId="B108" CovItemPrefix="com.OriginalFiles.Analyze.java" Implct="false" Intrnl_Id="2506">
<Cond>
<Loc EndOffset="15666" SrcFileId="8" StartOffset="15660"/>
</Cond>
<LocList>
<Loc EndOffset="15737" SrcFileId="8" StartOffset="15681"/>
</LocList>
<StmntSeq Intrnl_Id="2507">
<LocList>
<Loc EndOffset="15711" SrcFileId="8" StartOffset="15681"/>
<Loc EndOffset="15737" SrcFileId="8" StartOffset="15725"/>
</LocList>
<BasicStmnt CovItemId="S203" CovItemPrefix="com.OriginalFiles.Analyze.java" Intrnl_Id="2508">
<LocList>
<Loc EndOffset="15711" SrcFileId="8" StartOffset="15681"/>
</LocList>
</BasicStmnt>
<BasicStmnt CovItemId="S204" CovItemPrefix="com.OriginalFiles.Analyze.java" Intrnl_Id="2509">
<LocList>
<Loc EndOffset="15737" SrcFileId="8" StartOffset="15725"/>
</LocList>
</BasicStmnt>
</StmntSeq>
</Branch>
<Branch CovItemId="B109" CovItemPrefix="com.OriginalFiles.Analyze.java" Implct="false" Intrnl_Id="2510">
<Cond>
<Loc EndOffset="15754" SrcFileId="8" StartOffset="15747"/>
</Cond>
<LocList>
<Loc EndOffset="15782" SrcFileId="8" StartOffset="15769"/>
</LocList>
<StmntSeq Intrnl_Id="2511">
<LocList>
<Loc EndOffset="15782" SrcFileId="8" StartOffset="15769"/>
</LocList>
<BasicStmnt CovItemId="S205" CovItemPrefix="com.OriginalFiles.Analyze.java" Intrnl_Id="2512">
<LocList>
<Loc EndOffset="15782" SrcFileId="8" StartOffset="15769"/>
</LocList>
</BasicStmnt>
</StmntSeq>
</Branch>
<Keyword EndOffset="15393" SrcFileId="8" StartOffset="15387"/>
<LocList>
<Loc EndOffset="15793" SrcFileId="8" StartOffset="15387"/>
</LocList>
</CondStmnt>
</StmntSeq>
</HierarchyLvl>
<HierarchyLvl HierarchyLvlId="499" HierarchyLvlTypeId="14" Intrnl_Id="2513" Name="gameHasEnded">
<Header>
<Loc EndOffset="15968" SrcFileId="8" StartOffset="15920"/>
</Header>
<LocList>
<Loc EndOffset="17991" SrcFileId="8" StartOffset="15920"/>
</LocList>
<StmntSeq Intrnl_Id="2514">
<LocList>
<Loc EndOffset="16012" SrcFileId="8" StartOffset="15980"/>
<Loc EndOffset="16076" SrcFileId="8" StartOffset="16024"/>
<Loc EndOffset="16138" SrcFileId="8" StartOffset="16086"/>
<Loc EndOffset="16180" SrcFileId="8" StartOffset="16148"/>
<Loc EndOffset="16222" SrcFileId="8" StartOffset="16190"/>
<Loc EndOffset="17021" SrcFileId="8" StartOffset="16234"/>
<Loc EndOffset="17136" SrcFileId="8" StartOffset="17033"/>
<Loc EndOffset="17248" SrcFileId="8" StartOffset="17146"/>
<Loc EndOffset="17965" SrcFileId="8" StartOffset="17258"/>
<Loc EndOffset="17984" SrcFileId="8" StartOffset="17975"/>
</LocList>
<BasicStmnt CovItemId="S206" CovItemPrefix="com.OriginalFiles.Analyze.java" Intrnl_Id="2515">
<LocList>
<Loc EndOffset="16012" SrcFileId="8" StartOffset="15980"/>
</LocList>
</BasicStmnt>
<BasicStmnt CovItemId="S207" CovItemPrefix="com.OriginalFiles.Analyze.java" Intrnl_Id="2516">
<LocList>
<Loc EndOffset="16076" SrcFileId="8" StartOffset="16024"/>
</LocList>
</BasicStmnt>
<BasicStmnt CovItemId="S208" CovItemPrefix="com.OriginalFiles.Analyze.java" Intrnl_Id="2517">
<LocList>
<Loc EndOffset="16138" SrcFileId="8" StartOffset="16086"/>
</LocList>
</BasicStmnt>
<BasicStmnt CovItemId="S209" CovItemPrefix="com.OriginalFiles.Analyze.java" Intrnl_Id="2518">
<LocList>
<Loc EndOffset="16180" SrcFileId="8" StartOffset="16148"/>
</LocList>
</BasicStmnt>
<BasicStmnt CovItemId="S210" CovItemPrefix="com.OriginalFiles.Analyze.java" Intrnl_Id="2519">
<LocList>
<Loc EndOffset="16222" SrcFileId="8" StartOffset="16190"/>
</LocList>
</BasicStmnt>
<LoopStmnt CovItemId="S211" CovItemPrefix="com.OriginalFiles.Analyze.java" Intrnl_Id="2520" MltplExecId="L10-2" MltplExecPrefix="com.OriginalFiles.Analyze.java" NvrExecId="L10-0" NvrExecPrefix="com.OriginalFiles.Analyze.java" OnceExecutedId="L10-1" OnceExecutedPrefix="com.OriginalFiles.Analyze.java" OptBodyExec="true">
<StmntSeq Intrnl_Id="2521">
<LocList>
<Loc EndOffset="17010" SrcFileId="8" StartOffset="16289"/>
</LocList>
<LoopStmnt CovItemId="S212" CovItemPrefix="com.OriginalFiles.Analyze.java" Intrnl_Id="2522" MltplExecId="L11-2" MltplExecPrefix="com.OriginalFiles.Analyze.java" NvrExecId="L11-0" NvrExecPrefix="com.OriginalFiles.Analyze.java" OnceExecutedId="L11-1" OnceExecutedPrefix="com.OriginalFiles.Analyze.java" OptBodyExec="true">
<StmntSeq Intrnl_Id="2523">
<LocList>
<Loc EndOffset="16995" SrcFileId="8" StartOffset="16330"/>
</LocList>
<CondStmnt CovItemId="S213" CovItemPrefix="com.OriginalFiles.Analyze.java" Intrnl_Id="2524">
<Branch CovItemId="B110" CovItemPrefix="com.OriginalFiles.Analyze.java" Implct="false" Intrnl_Id="2525">
<Cond/>
<LocList>
<Loc EndOffset="16995" SrcFileId="8" StartOffset="16352"/>
</LocList>
<StmntSeq Intrnl_Id="2526">
<LocList>
<Loc EndOffset="16664" SrcFileId="8" StartOffset="16375"/>
<Loc EndOffset="16976" SrcFileId="8" StartOffset="16686"/>
</LocList>
<CondStmnt CovItemId="S214" CovItemPrefix="com.OriginalFiles.Analyze.java" Intrnl_Id="2527">
<Branch CovItemId="B112" CovItemPrefix="com.OriginalFiles.Analyze.java" Implct="false" Intrnl_Id="2528">
<Cond/>
<LocList>
<Loc EndOffset="16664" SrcFileId="8" StartOffset="16423"/>
</LocList>
<StmntSeq Intrnl_Id="2529">
<LocList>
<Loc EndOffset="16494" SrcFileId="8" StartOffset="16450"/>
<Loc EndOffset="16641" SrcFileId="8" StartOffset="16520"/>
</LocList>
<BasicStmnt CovItemId="S215" CovItemPrefix="com.OriginalFiles.Analyze.java" Intrnl_Id="2530">
<LocList>
<Loc EndOffset="16494" SrcFileId="8" StartOffset="16450"/>
</LocList>
</BasicStmnt>
<CondStmnt CovItemId="S216" CovItemPrefix="com.OriginalFiles.Analyze.java" Intrnl_Id="2531">
<Branch CovItemId="B114" CovItemPrefix="com.OriginalFiles.Analyze.java" Implct="false" Intrnl_Id="2532">
<Cond/>
<LocList>
<Loc EndOffset="16641" SrcFileId="8" StartOffset="16560"/>
</LocList>
<StmntSeq Intrnl_Id="2533">
<LocList>
<Loc EndOffset="16614" SrcFileId="8" StartOffset="16591"/>
</LocList>
<BasicStmnt CovItemId="S217" CovItemPrefix="com.OriginalFiles.Analyze.java" Intrnl_Id="2534">
<LocList>
<Loc EndOffset="16614" SrcFileId="8" StartOffset="16591"/>
</LocList>
</BasicStmnt>
</StmntSeq>
</Branch>
<Branch CovItemId="B115" CovItemPrefix="com.OriginalFiles.Analyze.java" Implct="true" Intrnl_Id="2535">
<Cond/>
<LocList/>
<StmntSeq Intrnl_Id="2536">
<LocList/>
</StmntSeq>
</Branch>
<Keyword EndOffset="16522" SrcFileId="8" StartOffset="16520"/>
<LocList>
<Loc EndOffset="16641" SrcFileId="8" StartOffset="16520"/>
</LocList>
<RootTerm CovItemId="C61" CovItemPrefix="com.OriginalFiles.Analyze.java" Intrnl_Id="2537">
<BasicBoolTerm Intrnl_Id="2538">
<LocList>
<Loc EndOffset="16558" SrcFileId="8" StartOffset="16524"/>
</LocList>
</BasicBoolTerm>
</RootTerm>
</CondStmnt>
</StmntSeq>
</Branch>
<Branch CovItemId="B113" CovItemPrefix="com.OriginalFiles.Analyze.java" Implct="true" Intrnl_Id="2539">
<Cond/>
<LocList/>
<StmntSeq Intrnl_Id="2540">
<LocList/>
</StmntSeq>
</Branch>
<Keyword EndOffset="16377" SrcFileId="8" StartOffset="16375"/>
<LocList>
<Loc EndOffset="16664" SrcFileId="8" StartOffset="16375"/>
</LocList>
<RootTerm CovItemId="C60" CovItemPrefix="com.OriginalFiles.Analyze.java" Intrnl_Id="2541">
<BasicBoolTerm Intrnl_Id="2542">
<LocList>
<Loc EndOffset="16421" SrcFileId="8" StartOffset="16379"/>
</LocList>
</BasicBoolTerm>
</RootTerm>
</CondStmnt>
<CondStmnt CovItemId="S218" CovItemPrefix="com.OriginalFiles.Analyze.java" Intrnl_Id="2543">
<Branch CovItemId="B116" CovItemPrefix="com.OriginalFiles.Analyze.java" Implct="false" Intrnl_Id="2544">
<Cond/>
<LocList>
<Loc EndOffset="16976" SrcFileId="8" StartOffset="16735"/>
</LocList>
<StmntSeq Intrnl_Id="2545">
<LocList>
<Loc EndOffset="16806" SrcFileId="8" StartOffset="16762"/>
<Loc EndOffset="16953" SrcFileId="8" StartOffset="16832"/>
</LocList>
<BasicStmnt CovItemId="S219" CovItemPrefix="com.OriginalFiles.Analyze.java" Intrnl_Id="2546">
<LocList>
<Loc EndOffset="16806" SrcFileId="8" StartOffset="16762"/>
</LocList>
</BasicStmnt>
<CondStmnt CovItemId="S220" CovItemPrefix="com.OriginalFiles.Analyze.java" Intrnl_Id="2547">
<Branch CovItemId="B118" CovItemPrefix="com.OriginalFiles.Analyze.java" Implct="false" Intrnl_Id="2548">
<Cond/>
<LocList>
<Loc EndOffset="16953" SrcFileId="8" StartOffset="16872"/>
</LocList>
<StmntSeq Intrnl_Id="2549">
<LocList>
<Loc EndOffset="16926" SrcFileId="8" StartOffset="16903"/>
</LocList>
<BasicStmnt CovItemId="S221" CovItemPrefix="com.OriginalFiles.Analyze.java" Intrnl_Id="2550">
<LocList>
<Loc EndOffset="16926" SrcFileId="8" StartOffset="16903"/>
</LocList>
</BasicStmnt>
</StmntSeq>
</Branch>
<Branch CovItemId="B119" CovItemPrefix="com.OriginalFiles.Analyze.java" Implct="true" Intrnl_Id="2551">
<Cond/>
<LocList/>
<StmntSeq Intrnl_Id="2552">
<LocList/>
</StmntSeq>
</Branch>
<Keyword EndOffset="16834" SrcFileId="8" StartOffset="16832"/>
<LocList>
<Loc EndOffset="16953" SrcFileId="8" StartOffset="16832"/>
</LocList>
<RootTerm CovItemId="C63" CovItemPrefix="com.OriginalFiles.Analyze.java" Intrnl_Id="2553">
<BasicBoolTerm Intrnl_Id="2554">
<LocList>
<Loc EndOffset="16870" SrcFileId="8" StartOffset="16836"/>
</LocList>
</BasicBoolTerm>
</RootTerm>
</CondStmnt>
</StmntSeq>
</Branch>
<Branch CovItemId="B117" CovItemPrefix="com.OriginalFiles.Analyze.java" Implct="true" Intrnl_Id="2555">
<Cond/>
<LocList/>
<StmntSeq Intrnl_Id="2556">
<LocList/>
</StmntSeq>
</Branch>
<Keyword EndOffset="16688" SrcFileId="8" StartOffset="16686"/>
<LocList>
<Loc EndOffset="16976" SrcFileId="8" StartOffset="16686"/>
</LocList>
<RootTerm CovItemId="C62" CovItemPrefix="com.OriginalFiles.Analyze.java" Intrnl_Id="2557">
<BasicBoolTerm Intrnl_Id="2558">
<LocList>
<Loc EndOffset="16733" SrcFileId="8" StartOffset="16690"/>
</LocList>
</BasicBoolTerm>
</RootTerm>
</CondStmnt>
</StmntSeq>
</Branch>
<Branch CovItemId="B111" CovItemPrefix="com.OriginalFiles.Analyze.java" Implct="true" Intrnl_Id="2559">
<Cond/>
<LocList/>
<StmntSeq Intrnl_Id="2560">
<LocList/>
</StmntSeq>
</Branch>
<Keyword EndOffset="16332" SrcFileId="8" StartOffset="16330"/>
<LocList>
<Loc EndOffset="16995" SrcFileId="8" StartOffset="16330"/>
</LocList>
<RootTerm CovItemId="C59" CovItemPrefix="com.OriginalFiles.Analyze.java" Intrnl_Id="2561">
<OpTerm BooleanOpId="9" Intrnl_Id="2562">
<BasicBoolTerm Intrnl_Id="2563">
<LocList>
<Loc EndOffset="16350" SrcFileId="8" StartOffset="16335"/>
</LocList>
</BasicBoolTerm>
<LocList>
<Loc EndOffset="16335" SrcFileId="8" StartOffset="16334"/>
</LocList>
</OpTerm>
</RootTerm>
</CondStmnt>
</StmntSeq>
<Keyword EndOffset="16292" SrcFileId="8" StartOffset="16289"/>
<LocList>
<Loc EndOffset="17010" SrcFileId="8" StartOffset="16289"/>
</LocList>
</LoopStmnt>
</StmntSeq>
<Keyword EndOffset="16237" SrcFileId="8" StartOffset="16234"/>
<LocList>
<Loc EndOffset="17021" SrcFileId="8" StartOffset="16234"/>
</LocList>
</LoopStmnt>
<CondStmnt CovItemId="S222" CovItemPrefix="com.OriginalFiles.Analyze.java" Intrnl_Id="2564">
<Branch CovItemId="B120" CovItemPrefix="com.OriginalFiles.Analyze.java" Implct="false" Intrnl_Id="2565">
<Cond/>
<LocList>
<Loc EndOffset="17136" SrcFileId="8" StartOffset="17101"/>
</LocList>
<StmntSeq Intrnl_Id="2566">
<LocList>
<Loc EndOffset="17125" SrcFileId="8" StartOffset="17116"/>
</LocList>
<BasicStmnt CovItemId="S223" CovItemPrefix="com.OriginalFiles.Analyze.java" Intrnl_Id="2567">
<LocList>
<Loc EndOffset="17125" SrcFileId="8" StartOffset="17116"/>
</LocList>
</BasicStmnt>
</StmntSeq>
</Branch>
<Branch CovItemId="B121" CovItemPrefix="com.OriginalFiles.Analyze.java" Implct="true" Intrnl_Id="2568">
<Cond/>
<LocList/>
<StmntSeq Intrnl_Id="2569">
<LocList/>
</StmntSeq>
</Branch>
<Keyword EndOffset="17035" SrcFileId="8" StartOffset="17033"/>
<LocList>
<Loc EndOffset="17136" SrcFileId="8" StartOffset="17033"/>
</LocList>
<RootTerm CovItemId="C64" CovItemPrefix="com.OriginalFiles.Analyze.java" Intrnl_Id="2570">
<OpTerm BooleanOpId="11" Intrnl_Id="2571">
<BasicBoolTerm Intrnl_Id="2572">
<LocList>
<Loc EndOffset="17063" SrcFileId="8" StartOffset="17037"/>
</LocList>
</BasicBoolTerm>
<OpTerm BooleanOpId="10" Intrnl_Id="2573">
<OpTerm BooleanOpId="9" Intrnl_Id="2574">
<BasicBoolTerm Intrnl_Id="2575">
<LocList>
<Loc EndOffset="17078" SrcFileId="8" StartOffset="17069"/>
</LocList>
</BasicBoolTerm>
<LocList>
<Loc EndOffset="17069" SrcFileId="8" StartOffset="17068"/>
</LocList>
</OpTerm>
<OpTerm BooleanOpId="9" Intrnl_Id="2576">
<BasicBoolTerm Intrnl_Id="2577">
<LocList>
<Loc EndOffset="17098" SrcFileId="8" StartOffset="17083"/>
</LocList>
</BasicBoolTerm>
<LocList>
<Loc EndOffset="17083" SrcFileId="8" StartOffset="17082"/>
</LocList>
</OpTerm>
<LocList>
<Loc EndOffset="17081" SrcFileId="8" StartOffset="17079"/>
</LocList>
</OpTerm>
<LocList>
<Loc EndOffset="17066" SrcFileId="8" StartOffset="17064"/>
</LocList>
</OpTerm>
</RootTerm>
</CondStmnt>
<CondStmnt CovItemId="S224" CovItemPrefix="com.OriginalFiles.Analyze.java" Intrnl_Id="2578">
<Branch CovItemId="B122" CovItemPrefix="com.OriginalFiles.Analyze.java" Implct="false" Intrnl_Id="2579">
<Cond/>
<LocList>
<Loc EndOffset="17248" SrcFileId="8" StartOffset="17213"/>
</LocList>
<StmntSeq Intrnl_Id="2580">
<LocList>
<Loc EndOffset="17237" SrcFileId="8" StartOffset="17228"/>
</LocList>
<BasicStmnt CovItemId="S225" CovItemPrefix="com.OriginalFiles.Analyze.java" Intrnl_Id="2581">
<LocList>
<Loc EndOffset="17237" SrcFileId="8" StartOffset="17228"/>
</LocList>
</BasicStmnt>
</StmntSeq>
</Branch>
<Branch CovItemId="B123" CovItemPrefix="com.OriginalFiles.Analyze.java" Implct="true" Intrnl_Id="2582">
<Cond/>
<LocList/>
<StmntSeq Intrnl_Id="2583">
<LocList/>
</StmntSeq>
</Branch>
<Keyword EndOffset="17148" SrcFileId="8" StartOffset="17146"/>
<LocList>
<Loc EndOffset="17248" SrcFileId="8" StartOffset="17146"/>
</LocList>
<RootTerm CovItemId="C65" CovItemPrefix="com.OriginalFiles.Analyze.java" Intrnl_Id="2584">
<OpTerm BooleanOpId="11" Intrnl_Id="2585">
<BasicBoolTerm Intrnl_Id="2586">
<LocList>
<Loc EndOffset="17176" SrcFileId="8" StartOffset="17150"/>
</LocList>
</BasicBoolTerm>
<OpTerm BooleanOpId="10" Intrnl_Id="2587">
<BasicBoolTerm Intrnl_Id="2588">
<LocList>
<Loc EndOffset="17190" SrcFileId="8" StartOffset="17181"/>
</LocList>
</BasicBoolTerm>
<OpTerm BooleanOpId="9" Intrnl_Id="2589">
<BasicBoolTerm Intrnl_Id="2590">
<LocList>
<Loc EndOffset="17210" SrcFileId="8" StartOffset="17195"/>
</LocList>
</BasicBoolTerm>
<LocList>
<Loc EndOffset="17195" SrcFileId="8" StartOffset="17194"/>
</LocList>
</OpTerm>
<LocList>
<Loc EndOffset="17193" SrcFileId="8" StartOffset="17191"/>
</LocList>
</OpTerm>
<LocList>
<Loc EndOffset="17179" SrcFileId="8" StartOffset="17177"/>
</LocList>
</OpTerm>
</RootTerm>
</CondStmnt>
<CondStmnt CovItemId="S226" CovItemPrefix="com.OriginalFiles.Analyze.java" Intrnl_Id="2591">
<Branch CovItemId="B124" CovItemPrefix="com.OriginalFiles.Analyze.java" Implct="false" Intrnl_Id="2592">
<Cond/>
<LocList>
<Loc EndOffset="17965" SrcFileId="8" StartOffset="17320"/>
</LocList>
<StmntSeq Intrnl_Id="2593">
<LocList>
<Loc EndOffset="17954" SrcFileId="8" StartOffset="17335"/>
</LocList>
<CondStmnt CovItemId="S227" CovItemPrefix="com.OriginalFiles.Analyze.java" Intrnl_Id="2594">
<Branch CovItemId="B126" CovItemPrefix="com.OriginalFiles.Analyze.java" Implct="false" Intrnl_Id="2595">
<Cond/>
<LocList>
<Loc EndOffset="17954" SrcFileId="8" StartOffset="17428"/>
</LocList>
<StmntSeq Intrnl_Id="2596">
<LocList>
<Loc EndOffset="17513" SrcFileId="8" StartOffset="17447"/>
<Loc EndOffset="17597" SrcFileId="8" StartOffset="17531"/>
<Loc EndOffset="17939" SrcFileId="8" StartOffset="17615"/>
</LocList>
<BasicStmnt CovItemId="S228" CovItemPrefix="com.OriginalFiles.Analyze.java" Intrnl_Id="2597">
<LocList>
<Loc EndOffset="17513" SrcFileId="8" StartOffset="17447"/>
</LocList>
</BasicStmnt>
<BasicStmnt CovItemId="S229" CovItemPrefix="com.OriginalFiles.Analyze.java" Intrnl_Id="2598">
<LocList>
<Loc EndOffset="17597" SrcFileId="8" StartOffset="17531"/>
</LocList>
</BasicStmnt>
<CondStmnt CovItemId="S230" CovItemPrefix="com.OriginalFiles.Analyze.java" Intrnl_Id="2599">
<Branch CovItemId="B128" CovItemPrefix="com.OriginalFiles.Analyze.java" Implct="false" Intrnl_Id="2600">
<Cond/>
<LocList>
<Loc EndOffset="17939" SrcFileId="8" StartOffset="17653"/>
</LocList>
<StmntSeq Intrnl_Id="2601">
<LocList>
<Loc EndOffset="17920" SrcFileId="8" StartOffset="17676"/>
</LocList>
<CondStmnt CovItemId="S231" CovItemPrefix="com.OriginalFiles.Analyze.java" Intrnl_Id="2602">
<Branch CovItemId="B130" CovItemPrefix="com.OriginalFiles.Analyze.java" Implct="false" Intrnl_Id="2603">
<Cond/>
<LocList>
<Loc EndOffset="17784" SrcFileId="8" StartOffset="17725"/>
</LocList>
<StmntSeq Intrnl_Id="2604">
<LocList>
<Loc EndOffset="17761" SrcFileId="8" StartOffset="17752"/>
</LocList>
<BasicStmnt CovItemId="S232" CovItemPrefix="com.OriginalFiles.Analyze.java" Intrnl_Id="2605">
<LocList>
<Loc EndOffset="17761" SrcFileId="8" StartOffset="17752"/>
</LocList>
</BasicStmnt>
</StmntSeq>
</Branch>
<Branch CovItemId="B131" CovItemPrefix="com.OriginalFiles.Analyze.java" Implct="false" Intrnl_Id="2606">
<Cond>
<Loc EndOffset="17810" SrcFileId="8" StartOffset="17806"/>
</Cond>
<LocList>
<Loc EndOffset="17920" SrcFileId="8" StartOffset="17811"/>
</LocList>
<StmntSeq Intrnl_Id="2607">
<LocList>
<Loc EndOffset="17920" SrcFileId="8" StartOffset="17811"/>
</LocList>
<CondStmnt CovItemId="S233" CovItemPrefix="com.OriginalFiles.Analyze.java" Intrnl_Id="2608">
<Branch CovItemId="B132" CovItemPrefix="com.OriginalFiles.Analyze.java" Implct="false" Intrnl_Id="2609">
<Cond/>
<LocList>
<Loc EndOffset="17920" SrcFileId="8" StartOffset="17861"/>
</LocList>
<StmntSeq Intrnl_Id="2610">
<LocList>
<Loc EndOffset="17897" SrcFileId="8" StartOffset="17888"/>
</LocList>
<BasicStmnt CovItemId="S234" CovItemPrefix="com.OriginalFiles.Analyze.java" Intrnl_Id="2611">
<LocList>
<Loc EndOffset="17897" SrcFileId="8" StartOffset="17888"/>
</LocList>
</BasicStmnt>
</StmntSeq>
</Branch>
<Branch CovItemId="B133" CovItemPrefix="com.OriginalFiles.Analyze.java" Implct="true" Intrnl_Id="2612">
<Cond/>
<LocList/>
<StmntSeq Intrnl_Id="2613">
<LocList/>
</StmntSeq>
</Branch>
<Keyword EndOffset="17813" SrcFileId="8" StartOffset="17811"/>
<LocList>
<Loc EndOffset="17920" SrcFileId="8" StartOffset="17811"/>
</LocList>
<RootTerm CovItemId="C70" CovItemPrefix="com.OriginalFiles.Analyze.java" Intrnl_Id="2614">
<OpTerm BooleanOpId="10" Intrnl_Id="2615">
<OpTerm BooleanOpId="9" Intrnl_Id="2616">
<BasicBoolTerm Intrnl_Id="2617">
<LocList>
<Loc EndOffset="17825" SrcFileId="8" StartOffset="17816"/>
</LocList>
</BasicBoolTerm>
<LocList>
<Loc EndOffset="17816" SrcFileId="8" StartOffset="17815"/>
</LocList>
</OpTerm>
<OpTerm BooleanOpId="9" Intrnl_Id="2618">
<BasicBoolTerm Intrnl_Id="2619">
<LocList>
<Loc EndOffset="17859" SrcFileId="8" StartOffset="17830"/>
</LocList>
</BasicBoolTerm>
<LocList>
<Loc EndOffset="17830" SrcFileId="8" StartOffset="17829"/>
</LocList>
</OpTerm>
<LocList>
<Loc EndOffset="17828" SrcFileId="8" StartOffset="17826"/>
</LocList>
</OpTerm>
</RootTerm>
</CondStmnt>
</StmntSeq>
</Branch>
<Keyword EndOffset="17678" SrcFileId="8" StartOffset="17676"/>
<LocList>
<Loc EndOffset="17920" SrcFileId="8" StartOffset="17676"/>
</LocList>
<RootTerm CovItemId="C69" CovItemPrefix="com.OriginalFiles.Analyze.java" Intrnl_Id="2620">
<OpTerm BooleanOpId="10" Intrnl_Id="2621">
<BasicBoolTerm Intrnl_Id="2622">
<LocList>
<Loc EndOffset="17689" SrcFileId="8" StartOffset="17680"/>
</LocList>
</BasicBoolTerm>
<OpTerm BooleanOpId="9" Intrnl_Id="2623">
<BasicBoolTerm Intrnl_Id="2624">
<LocList>
<Loc EndOffset="17723" SrcFileId="8" StartOffset="17694"/>
</LocList>
</BasicBoolTerm>
<LocList>
<Loc EndOffset="17694" SrcFileId="8" StartOffset="17693"/>
</LocList>
</OpTerm>
<LocList>
<Loc EndOffset="17692" SrcFileId="8" StartOffset="17690"/>
</LocList>
</OpTerm>
</RootTerm>
</CondStmnt>
</StmntSeq>
</Branch>
<Branch CovItemId="B129" CovItemPrefix="com.OriginalFiles.Analyze.java" Implct="true" Intrnl_Id="2625">
<Cond/>
<LocList/>
<StmntSeq Intrnl_Id="2626">
<LocList/>
</StmntSeq>
</Branch>
<Keyword EndOffset="17617" SrcFileId="8" StartOffset="17615"/>
<LocList>
<Loc EndOffset="17939" SrcFileId="8" StartOffset="17615"/>
</LocList>
<RootTerm CovItemId="C68" CovItemPrefix="com.OriginalFiles.Analyze.java" Intrnl_Id="2627">
<OpTerm BooleanOpId="11" Intrnl_Id="2628">
<BasicBoolTerm Intrnl_Id="2629">
<LocList>
<Loc EndOffset="17633" SrcFileId="8" StartOffset="17619"/>
</LocList>
</BasicBoolTerm>
<BasicBoolTerm Intrnl_Id="2630">
<LocList>
<Loc EndOffset="17651" SrcFileId="8" StartOffset="17637"/>
</LocList>
</BasicBoolTerm>
<LocList>
<Loc EndOffset="17636" SrcFileId="8" StartOffset="17634"/>
</LocList>
</OpTerm>
</RootTerm>
</CondStmnt>
</StmntSeq>
</Branch>
<Branch CovItemId="B127" CovItemPrefix="com.OriginalFiles.Analyze.java" Implct="true" Intrnl_Id="2631">
<Cond/>
<LocList/>
<StmntSeq Intrnl_Id="2632">
<LocList/>
</StmntSeq>
</Branch>
<Keyword EndOffset="17337" SrcFileId="8" StartOffset="17335"/>
<LocList>
<Loc EndOffset="17954" SrcFileId="8" StartOffset="17335"/>
</LocList>
<RootTerm CovItemId="C67" CovItemPrefix="com.OriginalFiles.Analyze.java" Intrnl_Id="2633">
<OpTerm BooleanOpId="10" Intrnl_Id="2634">
<BasicBoolTerm Intrnl_Id="2635">
<LocList>
<Loc EndOffset="17370" SrcFileId="8" StartOffset="17339"/>
</LocList>
</BasicBoolTerm>
<BasicBoolTerm Intrnl_Id="2636">
<LocList>
<Loc EndOffset="17426" SrcFileId="8" StartOffset="17395"/>
</LocList>
</BasicBoolTerm>
<LocList>
<Loc EndOffset="17394" SrcFileId="8" StartOffset="17392"/>
</LocList>
</OpTerm>
</RootTerm>
</CondStmnt>
</StmntSeq>
</Branch>
<Branch CovItemId="B125" CovItemPrefix="com.OriginalFiles.Analyze.java" Implct="true" Intrnl_Id="2637">
<Cond/>
<LocList/>
<StmntSeq Intrnl_Id="2638">
<LocList/>
</StmntSeq>
</Branch>
<Keyword EndOffset="17260" SrcFileId="8" StartOffset="17258"/>
<LocList>
<Loc EndOffset="17965" SrcFileId="8" StartOffset="17258"/>
</LocList>
<RootTerm CovItemId="C66" CovItemPrefix="com.OriginalFiles.Analyze.java" Intrnl_Id="2639">
<OpTerm BooleanOpId="10" Intrnl_Id="2640">
<BasicBoolTerm Intrnl_Id="2641">
<LocList>
<Loc EndOffset="17288" SrcFileId="8" StartOffset="17262"/>
</LocList>
</BasicBoolTerm>
<BasicBoolTerm Intrnl_Id="2642">
<LocList>
<Loc EndOffset="17318" SrcFileId="8" StartOffset="17292"/>
</LocList>
</BasicBoolTerm>
<LocList>
<Loc EndOffset="17291" SrcFileId="8" StartOffset="17289"/>
</LocList>
</OpTerm>
</RootTerm>
</CondStmnt>
<BasicStmnt CovItemId="S235" CovItemPrefix="com.OriginalFiles.Analyze.java" Intrnl_Id="2643">
<LocList>
<Loc EndOffset="17984" SrcFileId="8" StartOffset="17975"/>
</LocList>
</BasicStmnt>
</StmntSeq>
</HierarchyLvl>
<HierarchyLvl HierarchyLvlId="500" HierarchyLvlTypeId="14" Intrnl_Id="2644" Name="hasTheMove">
<Header>
<Loc EndOffset="18045" SrcFileId="8" StartOffset="17999"/>
</Header>
<LocList>
<Loc EndOffset="18521" SrcFileId="8" StartOffset="17999"/>
</LocList>
<StmntSeq Intrnl_Id="2645">
<LocList>
<Loc EndOffset="18076" SrcFileId="8" StartOffset="18057"/>
<Loc EndOffset="18146" SrcFileId="8" StartOffset="18088"/>
<Loc EndOffset="18177" SrcFileId="8" StartOffset="18158"/>
<Loc EndOffset="18416" SrcFileId="8" StartOffset="18189"/>
<Loc EndOffset="18491" SrcFileId="8" StartOffset="18428"/>
<Loc EndOffset="18514" SrcFileId="8" StartOffset="18501"/>
</LocList>
<BasicStmnt CovItemId="S236" CovItemPrefix="com.OriginalFiles.Analyze.java" Intrnl_Id="2646">
<LocList>
<Loc EndOffset="18076" SrcFileId="8" StartOffset="18057"/>
</LocList>
</BasicStmnt>
<CondStmnt CovItemId="S237" CovItemPrefix="com.OriginalFiles.Analyze.java" Intrnl_Id="2647">
<Branch CovItemId="B134" CovItemPrefix="com.OriginalFiles.Analyze.java" Implct="false" Intrnl_Id="2648">
<Cond/>
<LocList>
<Loc EndOffset="18146" SrcFileId="8" StartOffset="18105"/>
</LocList>
<StmntSeq Intrnl_Id="2649">
<LocList>
<Loc EndOffset="18135" SrcFileId="8" StartOffset="18120"/>
</LocList>
<BasicStmnt CovItemId="S238" CovItemPrefix="com.OriginalFiles.Analyze.java" Intrnl_Id="2650">
<LocList>
<Loc EndOffset="18135" SrcFileId="8" StartOffset="18120"/>
</LocList>
</BasicStmnt>
</StmntSeq>
</Branch>
<Branch CovItemId="B135" CovItemPrefix="com.OriginalFiles.Analyze.java" Implct="true" Intrnl_Id="2651">
<Cond/>
<LocList/>
<StmntSeq Intrnl_Id="2652">
<LocList/>
</StmntSeq>
</Branch>
<Keyword EndOffset="18090" SrcFileId="8" StartOffset="18088"/>
<LocList>
<Loc EndOffset="18146" SrcFileId="8" StartOffset="18088"/>
</LocList>
<RootTerm CovItemId="C71" CovItemPrefix="com.OriginalFiles.Analyze.java" Intrnl_Id="2653">
<OpTerm BooleanOpId="9" Intrnl_Id="2654">
<BasicBoolTerm Intrnl_Id="2655">
<LocList>
<Loc EndOffset="18103" SrcFileId="8" StartOffset="18093"/>
</LocList>
</BasicBoolTerm>
<LocList>
<Loc EndOffset="18093" SrcFileId="8" StartOffset="18092"/>
</LocList>
</OpTerm>
</RootTerm>
</CondStmnt>
<BasicStmnt CovItemId="S239" CovItemPrefix="com.OriginalFiles.Analyze.java" Intrnl_Id="2656">
<LocList>
<Loc EndOffset="18177" SrcFileId="8" StartOffset="18158"/>
</LocList>
</BasicStmnt>
<LoopStmnt CovItemId="S240" CovItemPrefix="com.OriginalFiles.Analyze.java" Intrnl_Id="2657" MltplExecId="L12-2" MltplExecPrefix="com.OriginalFiles.Analyze.java" NvrExecId="L12-0" NvrExecPrefix="com.OriginalFiles.Analyze.java" OnceExecutedId="L12-1" OnceExecutedPrefix="com.OriginalFiles.Analyze.java" OptBodyExec="true">
<StmntSeq Intrnl_Id="2658">
<LocList>
<Loc EndOffset="18405" SrcFileId="8" StartOffset="18244"/>
</LocList>
<LoopStmnt CovItemId="S241" CovItemPrefix="com.OriginalFiles.Analyze.java" Intrnl_Id="2659" MltplExecId="L13-2" MltplExecPrefix="com.OriginalFiles.Analyze.java" NvrExecId="L13-0" NvrExecPrefix="com.OriginalFiles.Analyze.java" OnceExecutedId="L13-1" OnceExecutedPrefix="com.OriginalFiles.Analyze.java" OptBodyExec="true">
<StmntSeq Intrnl_Id="2660">
<LocList>
<Loc EndOffset="18390" SrcFileId="8" StartOffset="18291"/>
</LocList>
<CondStmnt CovItemId="S242" CovItemPrefix="com.OriginalFiles.Analyze.java" Intrnl_Id="2661">
<Branch CovItemId="B136" CovItemPrefix="com.OriginalFiles.Analyze.java" Implct="false" Intrnl_Id="2662">
<Cond/>
<LocList>
<Loc EndOffset="18390" SrcFileId="8" StartOffset="18335"/>
</LocList>
<StmntSeq Intrnl_Id="2663">
<LocList>
<Loc EndOffset="18371" SrcFileId="8" StartOffset="18358"/>
</LocList>
<BasicStmnt CovItemId="S243" CovItemPrefix="com.OriginalFiles.Analyze.java" Intrnl_Id="2664">
<LocList>
<Loc EndOffset="18371" SrcFileId="8" StartOffset="18358"/>
</LocList>
</BasicStmnt>
</StmntSeq>
</Branch>
<Branch CovItemId="B137" CovItemPrefix="com.OriginalFiles.Analyze.java" Implct="true" Intrnl_Id="2665">
<Cond/>
<LocList/>
<StmntSeq Intrnl_Id="2666">
<LocList/>
</StmntSeq>
</Branch>
<Keyword EndOffset="18293" SrcFileId="8" StartOffset="18291"/>
<LocList>
<Loc EndOffset="18390" SrcFileId="8" StartOffset="18291"/>
</LocList>
<RootTerm CovItemId="C74" CovItemPrefix="com.OriginalFiles.Analyze.java" Intrnl_Id="2667">
<OpTerm BooleanOpId="9" Intrnl_Id="2668">
<BasicBoolTerm Intrnl_Id="2669">
<LocList>
<Loc EndOffset="18333" SrcFileId="8" StartOffset="18296"/>
</LocList>
</BasicBoolTerm>
<LocList>
<Loc EndOffset="18296" SrcFileId="8" StartOffset="18295"/>
</LocList>
</OpTerm>
</RootTerm>
</CondStmnt>
</StmntSeq>
<Keyword EndOffset="18247" SrcFileId="8" StartOffset="18244"/>
<LocList>
<Loc EndOffset="18405" SrcFileId="8" StartOffset="18244"/>
</LocList>
<RootTerm CovItemId="C73" CovItemPrefix="com.OriginalFiles.Analyze.java" Intrnl_Id="2670">
<BasicBoolTerm Intrnl_Id="2671">
<LocList>
<Loc EndOffset="18265" SrcFileId="8" StartOffset="18260"/>
</LocList>
</BasicBoolTerm>
</RootTerm>
</LoopStmnt>
</StmntSeq>
<Keyword EndOffset="18192" SrcFileId="8" StartOffset="18189"/>
<LocList>
<Loc EndOffset="18416" SrcFileId="8" StartOffset="18189"/>
</LocList>
<RootTerm CovItemId="C72" CovItemPrefix="com.OriginalFiles.Analyze.java" Intrnl_Id="2672">
<BasicBoolTerm Intrnl_Id="2673">
<LocList>
<Loc EndOffset="18219" SrcFileId="8" StartOffset="18214"/>
</LocList>
</BasicBoolTerm>
</RootTerm>
</LoopStmnt>
<CondStmnt CovItemId="S244" CovItemPrefix="com.OriginalFiles.Analyze.java" Intrnl_Id="2674">
<Branch CovItemId="B138" CovItemPrefix="com.OriginalFiles.Analyze.java" Implct="false" Intrnl_Id="2675">
<Cond/>
<LocList>
<Loc EndOffset="18491" SrcFileId="8" StartOffset="18453"/>
</LocList>
<StmntSeq Intrnl_Id="2676">
<LocList>
<Loc EndOffset="18480" SrcFileId="8" StartOffset="18468"/>
</LocList>
<BasicStmnt CovItemId="S245" CovItemPrefix="com.OriginalFiles.Analyze.java" Intrnl_Id="2677">
<LocList>
<Loc EndOffset="18480" SrcFileId="8" StartOffset="18468"/>
</LocList>
</BasicStmnt>
</StmntSeq>
</Branch>
<Branch CovItemId="B139" CovItemPrefix="com.OriginalFiles.Analyze.java" Implct="true" Intrnl_Id="2678">
<Cond/>
<LocList/>
<StmntSeq Intrnl_Id="2679">
<LocList/>
</StmntSeq>
</Branch>
<Keyword EndOffset="18430" SrcFileId="8" StartOffset="18428"/>
<LocList>
<Loc EndOffset="18491" SrcFileId="8" StartOffset="18428"/>
</LocList>
<RootTerm CovItemId="C75" CovItemPrefix="com.OriginalFiles.Analyze.java" Intrnl_Id="2680">
<BasicBoolTerm Intrnl_Id="2681">
<LocList>
<Loc EndOffset="18451" SrcFileId="8" StartOffset="18432"/>
</LocList>
</BasicBoolTerm>
</RootTerm>
</CondStmnt>
<BasicStmnt CovItemId="S246" CovItemPrefix="com.OriginalFiles.Analyze.java" Intrnl_Id="2682">
<LocList>
<Loc EndOffset="18514" SrcFileId="8" StartOffset="18501"/>
</LocList>
</BasicStmnt>
</StmntSeq>
</HierarchyLvl>
<HierarchyLvl HierarchyLvlId="501" HierarchyLvlTypeId="14" Intrnl_Id="2683" Name="isOnDoubleCorners">
<Header>
<Loc EndOffset="18575" SrcFileId="8" StartOffset="18529"/>
</Header>
<LocList>
<Loc EndOffset="18884" SrcFileId="8" StartOffset="18529"/>
</LocList>
<StmntSeq Intrnl_Id="2684">
<LocList>
<Loc EndOffset="18854" SrcFileId="8" StartOffset="18587"/>
<Loc EndOffset="18877" SrcFileId="8" StartOffset="18864"/>
</LocList>
<CondStmnt CovItemId="S247" CovItemPrefix="com.OriginalFiles.Analyze.java" Intrnl_Id="2685">
<Branch CovItemId="B140" CovItemPrefix="com.OriginalFiles.Analyze.java" Implct="false" Intrnl_Id="2686">
<Cond/>
<LocList>
<Loc EndOffset="18854" SrcFileId="8" StartOffset="18816"/>
</LocList>
<StmntSeq Intrnl_Id="2687">
<LocList>
<Loc EndOffset="18843" SrcFileId="8" StartOffset="18831"/>
</LocList>
<BasicStmnt CovItemId="S248" CovItemPrefix="com.OriginalFiles.Analyze.java" Intrnl_Id="2688">
<LocList>
<Loc EndOffset="18843" SrcFileId="8" StartOffset="18831"/>
</LocList>
</BasicStmnt>
</StmntSeq>
</Branch>
<Branch CovItemId="B141" CovItemPrefix="com.OriginalFiles.Analyze.java" Implct="true" Intrnl_Id="2689">
<Cond/>
<LocList/>
<StmntSeq Intrnl_Id="2690">
<LocList/>
</StmntSeq>
</Branch>
<Keyword EndOffset="18589" SrcFileId="8" StartOffset="18587"/>
<LocList>
<Loc EndOffset="18854" SrcFileId="8" StartOffset="18587"/>
</LocList>
<RootTerm CovItemId="C76" CovItemPrefix="com.OriginalFiles.Analyze.java" Intrnl_Id="2691">
<OpTerm BooleanOpId="11" Intrnl_Id="2692">
<OpTerm BooleanOpId="11" Intrnl_Id="2693">
<OpTerm BooleanOpId="11" Intrnl_Id="2694">
<OpTerm BooleanOpId="10" Intrnl_Id="2695">
<BasicBoolTerm Intrnl_Id="2696">
<LocList>
<Loc EndOffset="18609" SrcFileId="8" StartOffset="18592"/>
</LocList>
</BasicBoolTerm>
<BasicBoolTerm Intrnl_Id="2697">
<LocList>
<Loc EndOffset="18630" SrcFileId="8" StartOffset="18613"/>
</LocList>
</BasicBoolTerm>
<LocList>
<Loc EndOffset="18612" SrcFileId="8" StartOffset="18610"/>
</LocList>
</OpTerm>
<OpTerm BooleanOpId="10" Intrnl_Id="2698">
<BasicBoolTerm Intrnl_Id="2699">
<LocList>
<Loc EndOffset="18670" SrcFileId="8" StartOffset="18653"/>
</LocList>
</BasicBoolTerm>
<BasicBoolTerm Intrnl_Id="2700">
<LocList>
<Loc EndOffset="18691" SrcFileId="8" StartOffset="18674"/>
</LocList>
</BasicBoolTerm>
<LocList>
<Loc EndOffset="18673" SrcFileId="8" StartOffset="18671"/>
</LocList>
</OpTerm>
<LocList>
<Loc EndOffset="18651" SrcFileId="8" StartOffset="18649"/>
</LocList>
</OpTerm>
<OpTerm BooleanOpId="10" Intrnl_Id="2701">
<BasicBoolTerm Intrnl_Id="2702">
<LocList>
<Loc EndOffset="18731" SrcFileId="8" StartOffset="18714"/>
</LocList>
</BasicBoolTerm>
<BasicBoolTerm Intrnl_Id="2703">
<LocList>
<Loc EndOffset="18752" SrcFileId="8" StartOffset="18735"/>
</LocList>
</BasicBoolTerm>
<LocList>
<Loc EndOffset="18734" SrcFileId="8" StartOffset="18732"/>
</LocList>
</OpTerm>
<LocList>
<Loc EndOffset="18712" SrcFileId="8" StartOffset="18710"/>
</LocList>
</OpTerm>
<OpTerm BooleanOpId="10" Intrnl_Id="2704">
<BasicBoolTerm Intrnl_Id="2705">
<LocList>
<Loc EndOffset="18792" SrcFileId="8" StartOffset="18775"/>
</LocList>
</BasicBoolTerm>
<BasicBoolTerm Intrnl_Id="2706">
<LocList>
<Loc EndOffset="18813" SrcFileId="8" StartOffset="18796"/>
</LocList>
</BasicBoolTerm>
<LocList>
<Loc EndOffset="18795" SrcFileId="8" StartOffset="18793"/>
</LocList>
</OpTerm>
<LocList>
<Loc EndOffset="18773" SrcFileId="8" StartOffset="18771"/>
</LocList>
</OpTerm>
</RootTerm>
</CondStmnt>
<BasicStmnt CovItemId="S249" CovItemPrefix="com.OriginalFiles.Analyze.java" Intrnl_Id="2707">
<LocList>
<Loc EndOffset="18877" SrcFileId="8" StartOffset="18864"/>
</LocList>
</BasicStmnt>
</StmntSeq>
</HierarchyLvl>
<HierarchyLvl HierarchyLvlId="502" HierarchyLvlTypeId="14" Intrnl_Id="2708" Name="isNearDoubleCorners">
<Header>
<Loc EndOffset="18940" SrcFileId="8" StartOffset="18892"/>
</Header>
<LocList>
<Loc EndOffset="19493" SrcFileId="8" StartOffset="18892"/>
</LocList>
<StmntSeq Intrnl_Id="2709">
<LocList>
<Loc EndOffset="19463" SrcFileId="8" StartOffset="18952"/>
<Loc EndOffset="19486" SrcFileId="8" StartOffset="19473"/>
</LocList>
<CondStmnt CovItemId="S250" CovItemPrefix="com.OriginalFiles.Analyze.java" Intrnl_Id="2710">
<Branch CovItemId="B142" CovItemPrefix="com.OriginalFiles.Analyze.java" Implct="false" Intrnl_Id="2711">
<Cond/>
<LocList>
<Loc EndOffset="19463" SrcFileId="8" StartOffset="19425"/>
</LocList>
<StmntSeq Intrnl_Id="2712">
<LocList>
<Loc EndOffset="19452" SrcFileId="8" StartOffset="19440"/>
</LocList>
<BasicStmnt CovItemId="S251" CovItemPrefix="com.OriginalFiles.Analyze.java" Intrnl_Id="2713">
<LocList>
<Loc EndOffset="19452" SrcFileId="8" StartOffset="19440"/>
</LocList>
</BasicStmnt>
</StmntSeq>
</Branch>
<Branch CovItemId="B143" CovItemPrefix="com.OriginalFiles.Analyze.java" Implct="true" Intrnl_Id="2714">
<Cond/>
<LocList/>
<StmntSeq Intrnl_Id="2715">
<LocList/>
</StmntSeq>
</Branch>
<Keyword EndOffset="18954" SrcFileId="8" StartOffset="18952"/>
<LocList>
<Loc EndOffset="19463" SrcFileId="8" StartOffset="18952"/>
</LocList>
<RootTerm CovItemId="C77" CovItemPrefix="com.OriginalFiles.Analyze.java" Intrnl_Id="2716">
<OpTerm BooleanOpId="11" Intrnl_Id="2717">
<OpTerm BooleanOpId="11" Intrnl_Id="2718">
<OpTerm BooleanOpId="11" Intrnl_Id="2719">
<OpTerm BooleanOpId="11" Intrnl_Id="2720">
<OpTerm BooleanOpId="11" Intrnl_Id="2721">
<OpTerm BooleanOpId="11" Intrnl_Id="2722">
<OpTerm BooleanOpId="11" Intrnl_Id="2723">
<OpTerm BooleanOpId="10" Intrnl_Id="2724">
<BasicBoolTerm Intrnl_Id="2725">
<LocList>
<Loc EndOffset="18974" SrcFileId="8" StartOffset="18957"/>
</LocList>
</BasicBoolTerm>
<BasicBoolTerm Intrnl_Id="2726">
<LocList>
<Loc EndOffset="18995" SrcFileId="8" StartOffset="18978"/>
</LocList>
</BasicBoolTerm>
<LocList>
<Loc EndOffset="18977" SrcFileId="8" StartOffset="18975"/>
</LocList>
</OpTerm>
<OpTerm BooleanOpId="10" Intrnl_Id="2727">
<BasicBoolTerm Intrnl_Id="2728">
<LocList>
<Loc EndOffset="19035" SrcFileId="8" StartOffset="19018"/>
</LocList>
</BasicBoolTerm>
<BasicBoolTerm Intrnl_Id="2729">
<LocList>
<Loc EndOffset="19056" SrcFileId="8" StartOffset="19039"/>
</LocList>
</BasicBoolTerm>
<LocList>
<Loc EndOffset="19038" SrcFileId="8" StartOffset="19036"/>
</LocList>
</OpTerm>
<LocList>
<Loc EndOffset="19016" SrcFileId="8" StartOffset="19014"/>
</LocList>
</OpTerm>
<OpTerm BooleanOpId="10" Intrnl_Id="2730">
<BasicBoolTerm Intrnl_Id="2731">
<LocList>
<Loc EndOffset="19096" SrcFileId="8" StartOffset="19079"/>
</LocList>
</BasicBoolTerm>
<BasicBoolTerm Intrnl_Id="2732">
<LocList>
<Loc EndOffset="19117" SrcFileId="8" StartOffset="19100"/>
</LocList>
</BasicBoolTerm>
<LocList>
<Loc EndOffset="19099" SrcFileId="8" StartOffset="19097"/>
</LocList>
</OpTerm>
<LocList>
<Loc EndOffset="19077" SrcFileId="8" StartOffset="19075"/>
</LocList>
</OpTerm>
<OpTerm BooleanOpId="10" Intrnl_Id="2733">
<BasicBoolTerm Intrnl_Id="2734">
<LocList>
<Loc EndOffset="19157" SrcFileId="8" StartOffset="19140"/>
</LocList>
</BasicBoolTerm>
<BasicBoolTerm Intrnl_Id="2735">
<LocList>
<Loc EndOffset="19178" SrcFileId="8" StartOffset="19161"/>
</LocList>
</BasicBoolTerm>
<LocList>
<Loc EndOffset="19160" SrcFileId="8" StartOffset="19158"/>
</LocList>
</OpTerm>
<LocList>
<Loc EndOffset="19138" SrcFileId="8" StartOffset="19136"/>
</LocList>
</OpTerm>
<OpTerm BooleanOpId="10" Intrnl_Id="2736">
<BasicBoolTerm Intrnl_Id="2737">
<LocList>
<Loc EndOffset="19218" SrcFileId="8" StartOffset="19201"/>
</LocList>
</BasicBoolTerm>
<BasicBoolTerm Intrnl_Id="2738">
<LocList>
<Loc EndOffset="19239" SrcFileId="8" StartOffset="19222"/>
</LocList>
</BasicBoolTerm>
<LocList>
<Loc EndOffset="19221" SrcFileId="8" StartOffset="19219"/>
</LocList>
</OpTerm>
<LocList>
<Loc EndOffset="19199" SrcFileId="8" StartOffset="19197"/>
</LocList>
</OpTerm>
<OpTerm BooleanOpId="10" Intrnl_Id="2739">
<BasicBoolTerm Intrnl_Id="2740">
<LocList>
<Loc EndOffset="19279" SrcFileId="8" StartOffset="19262"/>
</LocList>
</BasicBoolTerm>
<BasicBoolTerm Intrnl_Id="2741">
<LocList>
<Loc EndOffset="19300" SrcFileId="8" StartOffset="19283"/>
</LocList>
</BasicBoolTerm>
<LocList>
<Loc EndOffset="19282" SrcFileId="8" StartOffset="19280"/>
</LocList>
</OpTerm>
<LocList>
<Loc EndOffset="19260" SrcFileId="8" StartOffset="19258"/>
</LocList>
</OpTerm>
<OpTerm BooleanOpId="10" Intrnl_Id="2742">
<BasicBoolTerm Intrnl_Id="2743">
<LocList>
<Loc EndOffset="19340" SrcFileId="8" StartOffset="19323"/>
</LocList>
</BasicBoolTerm>
<BasicBoolTerm Intrnl_Id="2744">
<LocList>
<Loc EndOffset="19361" SrcFileId="8" StartOffset="19344"/>
</LocList>
</BasicBoolTerm>
<LocList>
<Loc EndOffset="19343" SrcFileId="8" StartOffset="19341"/>
</LocList>
</OpTerm>
<LocList>
<Loc EndOffset="19321" SrcFileId="8" StartOffset="19319"/>
</LocList>
</OpTerm>
<OpTerm BooleanOpId="10" Intrnl_Id="2745">
<BasicBoolTerm Intrnl_Id="2746">
<LocList>
<Loc EndOffset="19401" SrcFileId="8" StartOffset="19384"/>
</LocList>
</BasicBoolTerm>
<BasicBoolTerm Intrnl_Id="2747">
<LocList>
<Loc EndOffset="19422" SrcFileId="8" StartOffset="19405"/>
</LocList>
</BasicBoolTerm>
<LocList>
<Loc EndOffset="19404" SrcFileId="8" StartOffset="19402"/>
</LocList>
</OpTerm>
<LocList>
<Loc EndOffset="19382" SrcFileId="8" StartOffset="19380"/>
</LocList>
</OpTerm>
</RootTerm>
</CondStmnt>
<BasicStmnt CovItemId="S252" CovItemPrefix="com.OriginalFiles.Analyze.java" Intrnl_Id="2748">
<LocList>
<Loc EndOffset="19486" SrcFileId="8" StartOffset="19473"/>
</LocList>
</BasicStmnt>
</StmntSeq>
</HierarchyLvl>
</HierarchyLvl>
</HierarchyLvl>
</HierarchyLvl>
</HierarchyLvl>
</MASTRoot>
</TestSessionContainer>
