<?xml version="1.0" encoding="UTF-8"?><TestSessionContainer xmlns="http://www.codecover.org/xml/testsession-container" Date="1386063775987" TestSessionContainerId="fc98754f-2c7d-47c4-a775-8290ed0f18d9" version="1.0">
<SrcFileList>
<SrcFile Content="package com.OriginalFiles;&#13;&#10;&#13;&#10;import com.CustomClasses.Color;&#13;&#10;&#13;&#10;import custom.Exceptions.NoKingLeft;&#13;&#10;&#13;&#10;import java.io.IOException;&#13;&#10;import java.util.ArrayList;&#13;&#10;import java.util.List;&#13;&#10;&#13;&#10;public class RemoteNXTFunctions {&#13;&#10;    public Board checkersBoard;&#13;&#10;    public int analyzeTestVariable = 0;&#13;&#10;    public boolean analyzeresetMotorsTestVariable = false;&#13;&#10;&#13;&#10;    public RemoteNXTFunctions() throws InterruptedException, IOException {&#13;&#10;        checkersBoard = new Board(this);&#13;&#10;    }&#13;&#10;    public void resetMotors() {&#13;&#10;        analyzeresetMotorsTestVariable = true;&#13;&#10;    }&#13;&#10;&#13;&#10;    public void trashPieceOnField(Field field) {&#13;&#10;        field.setPieceOnField(null);&#13;&#10;        &#13;&#10;    }&#13;&#10;&#13;&#10;    public void doMove(Move move) throws IOException, NoKingLeft {&#13;&#10;        List&lt;Field&gt; takenPieces = new ArrayList&lt;Field&gt;();&#13;&#10;&#13;&#10;        int stop = move.moves.size() - 1;&#13;&#10;        for (int i = 0; i &lt; stop; i++) {&#13;&#10;            Field jumpedField = movePieceOverField(move.moves.get(i),&#13;&#10;                                                   move.moves.get(i + 1));&#13;&#10;            if (jumpedField != null) {&#13;&#10;                takenPieces.add(jumpedField);&#13;&#10;            }&#13;&#10;        }&#13;&#10;&#13;&#10;        for (int i = 0; i &lt; takenPieces.size(); i++) {&#13;&#10;            trashPieceOnField(takenPieces.get(i));&#13;&#10;        }&#13;&#10;        &#13;&#10;    }&#13;&#10;    private Field movePieceOverField(Field fromField, Field toField)&#13;&#10;            throws IOException, NoKingLeft {&#13;&#10;        movePiece(fromField, toField);&#13;&#10;&#13;&#10;        if (checkersBoard.checkBounds(fromField.x, fromField.y)&#13;&#10;                &amp;&amp; Math.abs(fromField.x - toField.x) == 2) {&#13;&#10;            return checkersBoard.myBoard[(fromField.x + toField.x) / 2]&#13;&#10;                                        [(fromField.y + toField.y) / 2];&#13;&#10;        } else {&#13;&#10;            return null;&#13;&#10;        }&#13;&#10;    }&#13;&#10;    private void movePiece(Field fromField, Field toField)&#13;&#10;            throws IOException, NoKingLeft {&#13;&#10;        checkersBoard.movePieceInRepresentation(fromField, toField, false);&#13;&#10;    }&#13;&#10;&#13;&#10;    public void waitForRedButton() {&#13;&#10;        // TODO Auto-generated method stub&#13;&#10;&#13;&#10;    }&#13;&#10;&#13;&#10;    public void initColorSensor() {&#13;&#10;        // TODO Auto-generated method stub&#13;&#10;&#13;&#10;    }&#13;&#10;&#13;&#10;    public final Color getColorOnField(int x, int y) {&#13;&#10;        Color output = new Color();&#13;&#10;        &#13;&#10;        if(analyzeTestVariable == 0) {&#13;&#10;            if(x == 0 &amp;&amp; y == 1)&#13;&#10;            {&#13;&#10;                output.setColor('r');&#13;&#10;            } else if (x == 2 &amp;&amp; y == 5) {&#13;&#10;                output.setColor(' ');&#13;&#10;            } else if (x == 1 &amp;&amp; y == 4) {&#13;&#10;                output.setColor('w');&#13;&#10;            } else if (checkersBoard.myBoard[x][y].getPieceOnField() != null) {&#13;&#10;                output.setColor(checkersBoard.myBoard[x][y].getPieceOnField().color);&#13;&#10;            } else {&#13;&#10;                output.setColor(' ');&#13;&#10;            }&#13;&#10;        }&#13;&#10;        else {&#13;&#10;            // made to reset totalAnalyzeRuns&#13;&#10;            if(analyzeTestVariable == 100) {&#13;&#10;                if(x == 3 &amp;&amp; y == 2)&#13;&#10;                {&#13;&#10;                    output.setColor(' ');&#13;&#10;                }&#13;&#10;                else if(x == 4 &amp;&amp; y == 1)&#13;&#10;                {&#13;&#10;                    output.setColor('g');&#13;&#10;                } else if (checkersBoard.myBoard[x][y].getPieceOnField() != null) {&#13;&#10;                    output.setColor(checkersBoard.myBoard[x][y].getPieceOnField().color);&#13;&#10;                } else {&#13;&#10;                    output.setColor(' ');&#13;&#10;                }&#13;&#10;            }&#13;&#10;            // made to reset totalAnalyzeRuns&#13;&#10;            if(analyzeTestVariable == 101) {&#13;&#10;                if(x == 3 &amp;&amp; y == 2)&#13;&#10;                {&#13;&#10;                    output.setColor('g');&#13;&#10;                }&#13;&#10;                else if(x == 4 &amp;&amp; y == 1)&#13;&#10;                {&#13;&#10;                    output.setColor(' ');&#13;&#10;                } else if (checkersBoard.myBoard[x][y].getPieceOnField() != null) {&#13;&#10;                    output.setColor(checkersBoard.myBoard[x][y].getPieceOnField().color);&#13;&#10;                } else {&#13;&#10;                    output.setColor(' ');&#13;&#10;                }&#13;&#10;            }&#13;&#10;&#13;&#10;            if(analyzeTestVariable == 1) {&#13;&#10;                if(x == 1 &amp;&amp; y == 4)&#13;&#10;                {&#13;&#10;                    output.setColor('w');&#13;&#10;                }&#13;&#10;                else if(x == 0 &amp;&amp; y == 5)&#13;&#10;                {&#13;&#10;                    output.setColor(' ');&#13;&#10;                } else if (checkersBoard.myBoard[x][y].getPieceOnField() != null) {&#13;&#10;                    output.setColor(checkersBoard.myBoard[x][y].getPieceOnField().color);&#13;&#10;                } else {&#13;&#10;                    output.setColor(' ');&#13;&#10;                }&#13;&#10;            }&#13;&#10;            else if (analyzeTestVariable == 2) {&#13;&#10;                if(x == 2 &amp;&amp; y == 5)&#13;&#10;                {&#13;&#10;                    output.setColor(' ');&#13;&#10;                }&#13;&#10;                else if(x == 3 &amp;&amp; y == 4) {&#13;&#10;                    output.setColor(' ');&#13;&#10;                }&#13;&#10;                else if(x == 4 &amp;&amp; y == 3)&#13;&#10;                {&#13;&#10;                    output.setColor('w');&#13;&#10;                } else if (checkersBoard.myBoard[x][y].getPieceOnField() != null) {&#13;&#10;                    output.setColor(checkersBoard.myBoard[x][y].getPieceOnField().color);&#13;&#10;                } else {&#13;&#10;                    output.setColor(' ');&#13;&#10;                }&#13;&#10;            }&#13;&#10;            else if (analyzeTestVariable == 3) {&#13;&#10;                if(x == 2 &amp;&amp; y == 3) {&#13;&#10;                    output.setColor(' ');&#13;&#10;                } else if (checkersBoard.myBoard[x][y].getPieceOnField() != null) {&#13;&#10;                    output.setColor(checkersBoard.myBoard[x][y].getPieceOnField().color);&#13;&#10;                } else {&#13;&#10;                    output.setColor(' ');&#13;&#10;                }&#13;&#10;            }&#13;&#10;            else if (analyzeTestVariable == 4) {&#13;&#10;                if(x == 0 &amp;&amp; y == 1) {&#13;&#10;                    output.setColor('w');&#13;&#10;                } else if (checkersBoard.myBoard[x][y].getPieceOnField() != null) {&#13;&#10;                    output.setColor(checkersBoard.myBoard[x][y].getPieceOnField().color);&#13;&#10;                } else {&#13;&#10;                    output.setColor(' ');&#13;&#10;                }&#13;&#10;            }&#13;&#10;            else if (analyzeTestVariable == 5) {&#13;&#10;                if(x == 5 &amp;&amp; y == 4) {&#13;&#10;                    output.setColor(' ');&#13;&#10;                } else if(x == 4 &amp;&amp; y == 3) {&#13;&#10;                    output.setColor('g');&#13;&#10;                } else if (checkersBoard.myBoard[x][y].getPieceOnField() != null) {&#13;&#10;                    output.setColor(checkersBoard.myBoard[x][y].getPieceOnField().color);&#13;&#10;                } else {&#13;&#10;                    output.setColor(' ');&#13;&#10;                }&#13;&#10;            }&#13;&#10;            else if (analyzeTestVariable == 6) {&#13;&#10;                if(x == 5 &amp;&amp; y == 4) {&#13;&#10;                    output.setColor(' ');&#13;&#10;                } else if(x == 6 &amp;&amp; y == 3) {&#13;&#10;                    output.setColor('g');&#13;&#10;                } else if (checkersBoard.myBoard[x][y].getPieceOnField() != null) {&#13;&#10;                    output.setColor(checkersBoard.myBoard[x][y].getPieceOnField().color);&#13;&#10;                } else {&#13;&#10;                    output.setColor(' ');&#13;&#10;                }&#13;&#10;            }&#13;&#10;            else if (analyzeTestVariable == 7) {&#13;&#10;                if(x == 5 &amp;&amp; y == 4) {&#13;&#10;                    output.setColor(' ');&#13;&#10;                } else if(x == 4 &amp;&amp; y == 5) {&#13;&#10;                    output.setColor('g');&#13;&#10;                } else if (checkersBoard.myBoard[x][y].getPieceOnField() != null) {&#13;&#10;                    output.setColor(checkersBoard.myBoard[x][y].getPieceOnField().color);&#13;&#10;                } else {&#13;&#10;                    output.setColor(' ');&#13;&#10;                }&#13;&#10;            }&#13;&#10;            else if (analyzeTestVariable == 8) {&#13;&#10;                if(x == 5 &amp;&amp; y == 4) {&#13;&#10;                    output.setColor(' ');&#13;&#10;                } else if(x == 6 &amp;&amp; y == 5) {&#13;&#10;                    output.setColor('g');&#13;&#10;                } else if (checkersBoard.myBoard[x][y].getPieceOnField() != null) {&#13;&#10;                    output.setColor(checkersBoard.myBoard[x][y].getPieceOnField().color);&#13;&#10;                } else {&#13;&#10;                    output.setColor(' ');&#13;&#10;                }&#13;&#10;            }&#13;&#10;            else if (analyzeTestVariable == 9) {&#13;&#10;                if(x == 5 &amp;&amp; y == 4) {&#13;&#10;                    output.setColor(' ');&#13;&#10;                } else if(x == 4 &amp;&amp; y == 3) {&#13;&#10;                    output.setColor('g');&#13;&#10;                } else if(x == 5 &amp;&amp; y == 2) {&#13;&#10;                    output.setColor(' ');&#13;&#10;                } else if (checkersBoard.myBoard[x][y].getPieceOnField() != null) {&#13;&#10;                    output.setColor(checkersBoard.myBoard[x][y].getPieceOnField().color);&#13;&#10;                } else {&#13;&#10;                    output.setColor(' ');&#13;&#10;                }&#13;&#10;            } else if (analyzeTestVariable == 10) {&#13;&#10;                if(x == 5 &amp;&amp; y == 4) {&#13;&#10;                    output.setColor(' ');&#13;&#10;                } else if(x == 6 &amp;&amp; y == 3) {&#13;&#10;                    output.setColor('g');&#13;&#10;                } else if(x == 5 &amp;&amp; y == 2) {&#13;&#10;                    output.setColor(' ');&#13;&#10;                } else if (checkersBoard.myBoard[x][y].getPieceOnField() != null) {&#13;&#10;                    output.setColor(checkersBoard.myBoard[x][y].getPieceOnField().color);&#13;&#10;                } else {&#13;&#10;                    output.setColor(' ');&#13;&#10;                }&#13;&#10;            } else if (analyzeTestVariable == 11) {&#13;&#10;                if(x == 5 &amp;&amp; y == 4) {&#13;&#10;                    output.setColor(' ');&#13;&#10;                } else if(x == 4 &amp;&amp; y == 5) {&#13;&#10;                    output.setColor('g');&#13;&#10;                } else if(x == 5 &amp;&amp; y == 6) {&#13;&#10;                    output.setColor(' ');&#13;&#10;                } else if (checkersBoard.myBoard[x][y].getPieceOnField() != null) {&#13;&#10;                    output.setColor(checkersBoard.myBoard[x][y].getPieceOnField().color);&#13;&#10;                } else {&#13;&#10;                    output.setColor(' ');&#13;&#10;                }&#13;&#10;            } else if (analyzeTestVariable == 12) {&#13;&#10;                if(x == 5 &amp;&amp; y == 4) {&#13;&#10;                    output.setColor(' ');&#13;&#10;                } else if(x == 6 &amp;&amp; y == 5) {&#13;&#10;                    output.setColor('g');&#13;&#10;                } else if(x == 5 &amp;&amp; y == 6) {&#13;&#10;                    output.setColor(' ');&#13;&#10;                } else if (checkersBoard.myBoard[x][y].getPieceOnField() != null) {&#13;&#10;                    output.setColor(checkersBoard.myBoard[x][y].getPieceOnField().color);&#13;&#10;                } else {&#13;&#10;                    output.setColor(' ');&#13;&#10;                }&#13;&#10;            } else if (analyzeTestVariable == 13) {&#13;&#10;                if(x == 4 &amp;&amp; y == 1) {&#13;&#10;                    output.setColor(' ');&#13;&#10;                } else if(x == 3 &amp;&amp; y == 0) {&#13;&#10;                    output.setColor('w');&#13;&#10;                } else if (checkersBoard.myBoard[x][y].getPieceOnField() != null) {&#13;&#10;                    output.setColor(checkersBoard.myBoard[x][y].getPieceOnField().color);&#13;&#10;                } else {&#13;&#10;                    output.setColor(' ');&#13;&#10;                }&#13;&#10;            } else if (analyzeTestVariable == 14) {&#13;&#10;                if(x == 2 &amp;&amp; y == 7) {&#13;&#10;                    output.setColor('b');&#13;&#10;                } else if (checkersBoard.myBoard[x][y].getPieceOnField() != null) {&#13;&#10;                    output.setColor(checkersBoard.myBoard[x][y].getPieceOnField().color);&#13;&#10;                } else {&#13;&#10;                    output.setColor(' ');&#13;&#10;                }&#13;&#10;            }&#13;&#10;        }&#13;&#10;        &#13;&#10;        return output;&#13;&#10;    }&#13;&#10;&#13;&#10;}&#13;&#10;" Filename="RemoteNXTFunctions.java" Intrnl_Id="1"/>
<SrcFile Content="package com.OriginalFiles;&#13;&#10;&#13;&#10;import java.util.ArrayList;&#13;&#10;import java.util.List;&#13;&#10;&#13;&#10;&#13;&#10;public class Piece {&#13;&#10;    //latex start Piececode&#13;&#10;    private int x = -1, y = -1;&#13;&#10;    public char color;&#13;&#10;    public boolean isMoveable = false;&#13;&#10;    public boolean canJump = false;&#13;&#10;    public boolean isCrowned = false;&#13;&#10;    private double currentValue = 0;&#13;&#10;    private int calculatedGameState = 0;&#13;&#10;    private final int isMidGame = 1;&#13;&#10;    private final int isEndGame = 2;&#13;&#10;    private Board checkersBoard;&#13;&#10;    private final int numberOfPastFieldsToCheck = 1;&#13;&#10;&#13;&#10;    private final int hasBeenOnField = 5;&#13;&#10;    private final int valueOfPiece = 100;&#13;&#10;    private final int middleBonus = 3;&#13;&#10;    private final int closeBonus = 4;&#13;&#10;    private final int backlineBonus = 7;&#13;&#10;    private final int kingBonus = 150;&#13;&#10;    private final int crownAble = 80;&#13;&#10;    private final int nearDoubleBonus = 5;&#13;&#10;    private final int doubleCornerBonus = 8;&#13;&#10;    private final int blockBonus = 10;&#13;&#10;    //latex end&#13;&#10;    private List&lt;Field&gt; pastFields = new ArrayList&lt;Field&gt;();&#13;&#10;&#13;&#10;    public Piece(Board input) {&#13;&#10;        checkersBoard = input;&#13;&#10;    }&#13;&#10;&#13;&#10;    public final int getY() {&#13;&#10;        return y;&#13;&#10;    }&#13;&#10;&#13;&#10;    public final int getX() {&#13;&#10;        return x;&#13;&#10;    }&#13;&#10;&#13;&#10;    public final void setXY(int inputX, int inputY) {&#13;&#10;        x = inputX;&#13;&#10;        y = inputY;&#13;&#10;        if (checkersBoard.checkBounds(x, y) &amp;&amp; isCrowned) {&#13;&#10;            if (pastFields.size() &gt; numberOfPastFieldsToCheck&#13;&#10;                    &amp;&amp; pastFields.size() != 0) {&#13;&#10;                pastFields.remove(0);&#13;&#10;            }&#13;&#10;            pastFields.add(checkersBoard.myBoard[x][y]);&#13;&#10;        } else {&#13;&#10;            pastFields.clear();&#13;&#10;        }&#13;&#10;        updatePriceMidgame();&#13;&#10;    }&#13;&#10;&#13;&#10;    private boolean isOnBoard() {&#13;&#10;        if (checkersBoard.checkBounds(x, y)) {&#13;&#10;            return true;&#13;&#10;        } else {&#13;&#10;            currentValue = 0;&#13;&#10;            return false;&#13;&#10;        }&#13;&#10;    }&#13;&#10;&#13;&#10;    public final double priceForPiece(int gameState, int ownPieceCount,&#13;&#10;            int oppPieceCount, int turn, boolean hasMove) {&#13;&#10;        if (calculatedGameState != gameState || gameState == isEndGame) {&#13;&#10;            updatePrice(gameState, ownPieceCount, oppPieceCount, turn, hasMove);&#13;&#10;        }&#13;&#10;        return currentValue;&#13;&#10;    }&#13;&#10;&#13;&#10;    private int min(int a, int b) {&#13;&#10;        if (a &lt; b) {&#13;&#10;            return a;&#13;&#10;        }&#13;&#10;        return b;&#13;&#10;    }&#13;&#10;&#13;&#10;    private void updatePriceMidgame() {&#13;&#10;        updatePrice(isMidGame, 100, 100, 0, false);&#13;&#10;    }&#13;&#10;&#13;&#10;    private void updatePrice(int gameState, int ownPieceCount,&#13;&#10;            int oppPieceCount, int turn, boolean hasMove) {&#13;&#10;        if (isOnBoard()) {&#13;&#10;            calculatedGameState = gameState;&#13;&#10;            int returnValue = valueOfPiece;&#13;&#10;            if (pastFields.contains(checkersBoard.myBoard[x][y])) {&#13;&#10;                returnValue -= hasBeenOnField;&#13;&#10;            }&#13;&#10;            if (gameState == isMidGame) {&#13;&#10;                returnValue += middleBonus&#13;&#10;                        - min(Math.abs(3 - x), Math.abs(4 - x));&#13;&#10;            }&#13;&#10;            if (gameState == isEndGame) {&#13;&#10;                if (hasMove) {&#13;&#10;                    returnValue += blockValue();&#13;&#10;                    returnValue += closeBonus - closestPiece();&#13;&#10;                }&#13;&#10;                if (!this.isCrowned) {&#13;&#10;                    if (checkersBoard.checkAllegiance(this, true)) {&#13;&#10;                        returnValue += 7 - y;&#13;&#10;                    } else {&#13;&#10;                        returnValue += y;&#13;&#10;                    }&#13;&#10;                }&#13;&#10;&#13;&#10;                if (ownPieceCount == 1) {&#13;&#10;                    if (isNearDoubleCorners()) {&#13;&#10;                        returnValue += nearDoubleBonus;&#13;&#10;                    }&#13;&#10;                    if (isNearDoubleCorners() &amp;&amp; this.isCrowned) {&#13;&#10;                        returnValue += nearDoubleBonus;&#13;&#10;                    }&#13;&#10;&#13;&#10;                    if (checkersBoard.analyzeFunctions.&#13;&#10;                            isOnDoubleCorners(this) &amp;&amp; this.isCrowned) {&#13;&#10;                        returnValue += doubleCornerBonus;&#13;&#10;                    }&#13;&#10;                }&#13;&#10;&#13;&#10;            }&#13;&#10;            if (!isCrowned&#13;&#10;                    &amp;&amp; ((checkersBoard.checkAllegiance(this, true)&#13;&#10;                            &amp;&amp; y == 1)&#13;&#10;                            || (checkersBoard.checkAllegiance(this, false)&#13;&#10;                                    &amp;&amp; y == 6))) {&#13;&#10;                returnValue += crownAble;&#13;&#10;            }&#13;&#10;&#13;&#10;            if (!isCrowned&#13;&#10;                    &amp;&amp; ((checkersBoard.checkAllegiance(this, true)&#13;&#10;                            &amp;&amp; y == 7)&#13;&#10;                            || (checkersBoard.checkAllegiance(this, false)&#13;&#10;                                    &amp;&amp; y == 0))) {&#13;&#10;                if (gameState == isMidGame) {&#13;&#10;                    returnValue += backlineBonus / 2;&#13;&#10;                }&#13;&#10;                returnValue += backlineBonus / 2;&#13;&#10;            }&#13;&#10;            if (isCrowned) {&#13;&#10;                returnValue += kingBonus;&#13;&#10;            }&#13;&#10;            currentValue = returnValue;&#13;&#10;        }&#13;&#10;    }&#13;&#10;&#13;&#10;    private boolean isNearDoubleCorners() {&#13;&#10;        if ((this.getX() == 1 &amp;&amp; this.getY() == 2)&#13;&#10;                || (this.getX() == 2 &amp;&amp; this.getY() == 1)&#13;&#10;                || (this.getX() == 6 &amp;&amp; this.getY() == 5)&#13;&#10;                || (this.getX() == 5 &amp;&amp; this.getY() == 6)&#13;&#10;                || (this.getX() == 2 &amp;&amp; this.getY() == 3)&#13;&#10;                || (this.getX() == 3 &amp;&amp; this.getY() == 2)&#13;&#10;                || (this.getX() == 4 &amp;&amp; this.getY() == 5)&#13;&#10;                || (this.getX() == 5 &amp;&amp; this.getY() == 4)) {&#13;&#10;            return true;&#13;&#10;        }&#13;&#10;        return false;&#13;&#10;    }&#13;&#10;&#13;&#10;    private int blockValue() {&#13;&#10;        int returnValue = 0;&#13;&#10;        int diff = 1;&#13;&#10;        if (checkersBoard.checkAllegiance(this, true)) {&#13;&#10;            diff = -1;&#13;&#10;        }&#13;&#10;        returnValue += blockFields(this.x - 1, this.y + diff);&#13;&#10;        returnValue += blockFields(this.x + 1, this.y + diff);&#13;&#10;        if (this.isCrowned) {&#13;&#10;            returnValue += blockFields(this.x - 1, this.y - diff);&#13;&#10;            returnValue += blockFields(this.x + 1, this.y - diff);&#13;&#10;        }&#13;&#10;        return (returnValue / 100) * blockBonus;&#13;&#10;    }&#13;&#10;&#13;&#10;    private int blockFields(int xToCheck, int yToCheck) {&#13;&#10;        if (checkersBoard.checkBounds(xToCheck, yToCheck)) {&#13;&#10;            if (checkersBoard.myBoard[xToCheck][yToCheck].isEmpty()) {&#13;&#10;                int returnValue = 0;&#13;&#10;                Field thisField = checkersBoard.myBoard[xToCheck][yToCheck];&#13;&#10;                returnValue += checkBlockade(xToCheck - 1,&#13;&#10;                        yToCheck - 1, thisField);&#13;&#10;                returnValue += checkBlockade(xToCheck - 1,&#13;&#10;                        yToCheck + 1, thisField);&#13;&#10;                returnValue += checkBlockade(xToCheck + 1,&#13;&#10;                        yToCheck - 1, thisField);&#13;&#10;                returnValue += checkBlockade(xToCheck + 1,&#13;&#10;                        yToCheck + 1, thisField);&#13;&#10;                return returnValue;&#13;&#10;            }&#13;&#10;        }&#13;&#10;&#13;&#10;        return 0;&#13;&#10;    }&#13;&#10;&#13;&#10;    private int checkBlockade(int xToCheck, int yToCheck, Field blockField) {&#13;&#10;        boolean checkForOpponent = !checkersBoard.checkAllegiance(this, true);&#13;&#10;        if (checkersBoard.checkBounds(xToCheck, yToCheck)) {&#13;&#10;            if (checkersBoard.checkAllegiance(checkersBoard.&#13;&#10;                    myBoard[xToCheck][yToCheck], checkForOpponent)) {&#13;&#10;                int diff = 1;&#13;&#10;                if (checkForOpponent) {&#13;&#10;                    diff = -1;&#13;&#10;                }&#13;&#10;                int procentBlocked = 0;&#13;&#10;                if (checkersBoard.fieldOccupied(blockField.x, blockField.y)) {&#13;&#10;                    return 0;&#13;&#10;                } else {&#13;&#10;                    procentBlocked += 25;&#13;&#10;                }&#13;&#10;                if (checkersBoard.fieldOccupied(xToCheck - 1,&#13;&#10;                        yToCheck + diff)) {&#13;&#10;                    procentBlocked += 25;&#13;&#10;                }&#13;&#10;                if (checkersBoard.fieldOccupied(xToCheck + 1,&#13;&#10;                        yToCheck + diff)) {&#13;&#10;                    procentBlocked += 25;&#13;&#10;                }&#13;&#10;&#13;&#10;                if (checkersBoard.myBoard[xToCheck][yToCheck].&#13;&#10;                        getPieceOnField().isCrowned) {&#13;&#10;                    if (checkersBoard.fieldOccupied(xToCheck - 1,&#13;&#10;                            yToCheck - diff)) {&#13;&#10;                        procentBlocked += 25;&#13;&#10;                    }&#13;&#10;                    if (checkersBoard.fieldOccupied(xToCheck + 1,&#13;&#10;                            yToCheck - diff)) {&#13;&#10;                        procentBlocked += 25;&#13;&#10;                    }&#13;&#10;                } else {&#13;&#10;                    procentBlocked += 50;&#13;&#10;                }&#13;&#10;                return procentBlocked;&#13;&#10;            }&#13;&#10;        }&#13;&#10;        return 0;&#13;&#10;    }&#13;&#10;&#13;&#10;    private int closestPiece() {&#13;&#10;        boolean found = false;&#13;&#10;        int distance = 0;&#13;&#10;        while (!found &amp;&amp; distance &lt; 8) {&#13;&#10;            distance += 1;&#13;&#10;            OUTERMOST: for (int i = -distance; i &lt; 1 + distance; i++) {&#13;&#10;                for (int j = -distance; j &lt; 1 + distance; j++) {&#13;&#10;                    if (checkersBoard.&#13;&#10;                            checkBounds(x + i, y + j)) {&#13;&#10;                        if (checkersBoard.checkAllegiance(&#13;&#10;                                checkersBoard.&#13;&#10;                                myBoard[x + i][y + j],&#13;&#10;                                !checkersBoard.checkAllegiance(this, true))) {&#13;&#10;                            found = true;&#13;&#10;                            break OUTERMOST;&#13;&#10;                        }&#13;&#10;                    }&#13;&#10;                }&#13;&#10;            }&#13;&#10;        }&#13;&#10;        return distance;&#13;&#10;    }&#13;&#10;}&#13;&#10;" Filename="Piece.java" Intrnl_Id="2"/>
<SrcFile Content="package com.OriginalFiles;&#13;&#10;&#13;&#10;import java.util.ArrayList;&#13;&#10;import java.util.List;&#13;&#10;&#13;&#10;public class Move {&#13;&#10;    public List&lt;Field&gt; moves;&#13;&#10;    //public boolean isJump;&#13;&#10;    public List&lt;Piece&gt; takenPieces = new ArrayList&lt;Piece&gt;();&#13;&#10;    public boolean wasKingBefore = false;&#13;&#10;&#13;&#10;    public Move(Field movefrom, Field moveto, boolean wasKing) {&#13;&#10;        List&lt;Field&gt; moveToList = new ArrayList&lt;Field&gt;();&#13;&#10;        moveToList.add(movefrom);&#13;&#10;        moveToList.add(moveto);&#13;&#10;        this.moves = moveToList;&#13;&#10;        this.wasKingBefore = wasKing;&#13;&#10;    }&#13;&#10;&#13;&#10;    public Move(List&lt;Field&gt; moveToList, boolean wasKing) {&#13;&#10;        this.moves = moveToList;&#13;&#10;        this.wasKingBefore = wasKing;&#13;&#10;    }&#13;&#10;&#13;&#10;    public Move() {&#13;&#10;        List&lt;Field&gt; moveToList = new ArrayList&lt;Field&gt;();&#13;&#10;        this.moves = moveToList;&#13;&#10;    }&#13;&#10;&#13;&#10;    public final boolean isJump() {&#13;&#10;        if (moves.size() &gt;= 2) {&#13;&#10;            Field to = moves.get(1);&#13;&#10;            Field from  = moves.get(0);&#13;&#10;&#13;&#10;            return Math.abs(from.x - to.x) == 2 &amp;&amp; Math.abs(from.y - to.y) == 2;&#13;&#10;        } else {&#13;&#10;            return false;&#13;&#10;        }&#13;&#10;    }&#13;&#10;&#13;&#10;    public final void addStep(Field step) {&#13;&#10;        this.moves.add(step);&#13;&#10;    }&#13;&#10;}&#13;&#10;&#13;&#10;" Filename="Move.java" Intrnl_Id="3"/>
<SrcFile Content="package com.OriginalFiles;&#13;&#10;&#13;&#10;import java.io.IOException;&#13;&#10;import java.util.ArrayList;&#13;&#10;import java.util.List;&#13;&#10;import custom.Exceptions.NoKingLeft;&#13;&#10;&#13;&#10;public class MI {&#13;&#10;    public RemoteNXTFunctions remoteNXT;&#13;&#10;    private final double inf = 100000.0;&#13;&#10;    private List&lt;Move&gt; simulatedMoves = new ArrayList&lt;Move&gt;();&#13;&#10;    private int side;&#13;&#10;&#13;&#10;    /* how much the AI/MI looks forward */&#13;&#10;    private int numberofmovelook;&#13;&#10;&#13;&#10;    /* how glad the MI/AI are for the result of the game */&#13;&#10;    private double gameIsWon = inf / 2;&#13;&#10;    private final int gameIsDraw = 200;&#13;&#10;&#13;&#10;    private final int isMidGame = 1;&#13;&#10;    private final int isEndgame = 2;&#13;&#10;    private final int midGameEnd = 7;&#13;&#10;&#13;&#10;    public MI(RemoteNXTFunctions inputRemoteNXT,&#13;&#10;            boolean isRobot, int hardness) {&#13;&#10;        remoteNXT = inputRemoteNXT;&#13;&#10;        numberofmovelook = hardness;&#13;&#10;        updatePieceList();&#13;&#10;        if (isRobot) {&#13;&#10;            side = 1;&#13;&#10;        } else {&#13;&#10;            side = -1;&#13;&#10;        }&#13;&#10;    }&#13;&#10;&#13;&#10;    List&lt;Piece&gt; ownPieces = new ArrayList&lt;Piece&gt;();&#13;&#10;    List&lt;Piece&gt; oppPieces = new ArrayList&lt;Piece&gt;();&#13;&#10;&#13;&#10;    private void updatePieceList() {&#13;&#10;        ownPieces.clear();&#13;&#10;        oppPieces.clear();&#13;&#10;        for (Field[] f: remoteNXT.checkersBoard.myBoard) {&#13;&#10;            for (Field q: f) {&#13;&#10;                if (!q.isEmpty()) {&#13;&#10;                    if (remoteNXT.checkersBoard.checkAllegiance(q, false)) {&#13;&#10;                        ownPieces.add(q.getPieceOnField());&#13;&#10;                    } else {&#13;&#10;                        oppPieces.add(q.getPieceOnField());&#13;&#10;                    }&#13;&#10;                }&#13;&#10;            }&#13;&#10;        }&#13;&#10;    }&#13;&#10;&#13;&#10;    /* ------------------------------------------------------------------  *&#13;&#10;    /* MI starts */&#13;&#10;&#13;&#10;    public final Move lookForBestMove() throws NoKingLeft, IOException,&#13;&#10;                                         InterruptedException {&#13;&#10;        updatePieceList();&#13;&#10;        List&lt;Move&gt; posMoves = possibleMoves(side);&#13;&#10;        List&lt;Move&gt; bestMoves = new ArrayList&lt;Move&gt;();&#13;&#10;        double price = -inf;&#13;&#10;        double tempPrice;&#13;&#10;&#13;&#10;        if (posMoves.size() == 1) {&#13;&#10;            return posMoves.get(0);&#13;&#10;        }&#13;&#10;&#13;&#10;        for (Move move : posMoves) {&#13;&#10;            simulateMove(move);&#13;&#10;&#13;&#10;            tempPrice =  -negaMax(numberofmovelook, -side, -inf, -price);&#13;&#10;            revertMove();&#13;&#10;&#13;&#10;            if (tempPrice &gt; price) {&#13;&#10;                price = tempPrice;&#13;&#10;                bestMoves.clear();&#13;&#10;                bestMoves.add(move);&#13;&#10;            } else if (tempPrice == price) {&#13;&#10;                bestMoves.add(move);&#13;&#10;            }&#13;&#10;        }&#13;&#10;        return bestMoves.get((int) (Math.random() * (bestMoves.size() - 1)));&#13;&#10;    }&#13;&#10;&#13;&#10;&#13;&#10;    private double negaMax(int depth, int turn, double alpha, double beta)&#13;&#10;            throws NoKingLeft, IOException, InterruptedException {&#13;&#10;      //latex start negaMax&#13;&#10;        if (depth == 0&#13;&#10;                || remoteNXT.checkersBoard.analyzeFunctions.&#13;&#10;                gameHasEnded(-1 == turn) != 0) {&#13;&#10;            return turn * evaluation(turn);&#13;&#10;        }&#13;&#10;        List&lt;Move&gt; moves;&#13;&#10;        moves = possibleMoves(turn);&#13;&#10;&#13;&#10;        double bestValue = -inf;&#13;&#10;        for (Move move : moves) {&#13;&#10;            simulateMove(move);&#13;&#10;            double newPrice = -negaMax(depth - 1, -turn, -beta, -alpha);&#13;&#10;            revertMove();&#13;&#10;&#13;&#10;            bestValue = max(bestValue, newPrice);&#13;&#10;            alpha = max(alpha, newPrice);&#13;&#10;            if (alpha &gt;= beta) {&#13;&#10;                break;&#13;&#10;            }&#13;&#10;        }&#13;&#10;        //latex end&#13;&#10;        return bestValue;&#13;&#10;    }&#13;&#10;&#13;&#10;    private double evaluation(int turn) {&#13;&#10;        double valueOfBoard = 0;&#13;&#10;        boolean robotHasTheMove = false;&#13;&#10;        boolean humanTurn = false;&#13;&#10;&#13;&#10;        if (turn == -1) {&#13;&#10;            humanTurn = true;&#13;&#10;        }&#13;&#10;        if (!humanTurn) {&#13;&#10;            robotHasTheMove = remoteNXT.checkersBoard.analyzeFunctions.&#13;&#10;                    hasTheMove(humanTurn, ownPieces.size(), oppPieces.size());&#13;&#10;        } else {&#13;&#10;            robotHasTheMove = !remoteNXT.checkersBoard.analyzeFunctions.&#13;&#10;                    hasTheMove(humanTurn, ownPieces.size(), oppPieces.size());&#13;&#10;        }&#13;&#10;        int state = gameState();&#13;&#10;&#13;&#10;        for (int i = 0; i &lt; ownPieces.size(); i++) {&#13;&#10;            valueOfBoard += ownPieces.get(i).priceForPiece(state,&#13;&#10;                    ownPieces.size(), oppPieces.size(), turn, robotHasTheMove);&#13;&#10;        }&#13;&#10;&#13;&#10;        for (int i = 0; i &lt; oppPieces.size(); i++) {&#13;&#10;            valueOfBoard -= oppPieces.get(i).priceForPiece(state,&#13;&#10;                    ownPieces.size(), oppPieces.size(), turn, !robotHasTheMove);&#13;&#10;        }&#13;&#10;&#13;&#10;        boolean isHuman = (turn == -1);&#13;&#10;&#13;&#10;        switch (remoteNXT.checkersBoard.&#13;&#10;                analyzeFunctions.gameHasEnded(isHuman)) {&#13;&#10;        case 1:&#13;&#10;            valueOfBoard -= gameIsWon;&#13;&#10;            break;&#13;&#10;        case 2:&#13;&#10;            valueOfBoard += gameIsWon;&#13;&#10;            break;&#13;&#10;        case 3:&#13;&#10;            if (ownPieces.size() - oppPieces.size() &gt; 0) {&#13;&#10;                valueOfBoard -= gameIsDraw;&#13;&#10;            } else if (ownPieces.size() - oppPieces.size() &lt; 0) {&#13;&#10;                valueOfBoard += gameIsDraw;&#13;&#10;            }&#13;&#10;            break;&#13;&#10;        default:&#13;&#10;            valueOfBoard +=  242 + (ownPieces.size() - oppPieces.size())&#13;&#10;                          * ((24 - ownPieces.size() - oppPieces.size()) * 2);&#13;&#10;            break;&#13;&#10;        }&#13;&#10;&#13;&#10;        return valueOfBoard;&#13;&#10;    }&#13;&#10;&#13;&#10;    private int gameState() {&#13;&#10;        if (max(ownPieces.size(), oppPieces.size()) &gt;= midGameEnd) {&#13;&#10;            return isMidGame;&#13;&#10;        }&#13;&#10;        return isEndgame;&#13;&#10;    }&#13;&#10;&#13;&#10;    private double max(double x, double y) {&#13;&#10;        if (x &lt; y) {&#13;&#10;            return y;&#13;&#10;        }&#13;&#10;        return x;&#13;&#10;    }&#13;&#10;&#13;&#10;&#13;&#10;    /* MI stops */&#13;&#10;    /* ---------------------------------------------------------------------  */&#13;&#10;&#13;&#10;    private void simulateMove(Move move) throws NoKingLeft, IOException {&#13;&#10;        if (move.moves.size() &gt;= 2) {&#13;&#10;            int stop = move.moves.size() - 1;&#13;&#10;            for (int i = 0; i &lt; stop; i++) {&#13;&#10;                Field from = move.moves.get(i);&#13;&#10;                Field to = move.moves.get(i + 1);&#13;&#10;&#13;&#10;                if (Math.abs(from.x - to.x) == 2) {&#13;&#10;                    Piece takenPiece = remoteNXT.checkersBoard.myBoard&#13;&#10;                            [(from.x + to.x) / 2]&#13;&#10;                            [(from.y + to.y) / 2].getPieceOnField();&#13;&#10;                    if (remoteNXT.checkersBoard.&#13;&#10;                            checkAllegiance(takenPiece, true)) {&#13;&#10;                        oppPieces.remove(takenPiece);&#13;&#10;                    } else {&#13;&#10;                        ownPieces.remove(takenPiece);&#13;&#10;                    }&#13;&#10;                    move.takenPieces.add(takenPiece);&#13;&#10;                    remoteNXT.checkersBoard.myBoard&#13;&#10;                            [(from.x + to.x) / 2]&#13;&#10;                            [(from.y + to.y) / 2].setPieceOnField(null);&#13;&#10;                }&#13;&#10;                remoteNXT.checkersBoard.&#13;&#10;                    movePieceInRepresentation(from, to, true);&#13;&#10;            }&#13;&#10;            simulatedMoves.add(move);&#13;&#10;        }&#13;&#10;    }&#13;&#10;&#13;&#10;    private void revertMove() throws NoKingLeft, IOException {&#13;&#10;&#13;&#10;        if (simulatedMoves.size() != 0) {&#13;&#10;            Move temp = simulatedMoves.get(simulatedMoves.size() - 1);&#13;&#10;            simulatedMoves.remove(simulatedMoves.size() - 1);&#13;&#10;&#13;&#10;            int stop = temp.moves.size() - 1;&#13;&#10;            Field tempMove = null;&#13;&#10;&#13;&#10;            for (int j = stop; j &gt;= 1; j--) {&#13;&#10;                tempMove = temp.moves.get(j);&#13;&#10;                if (!tempMove.isEmpty()) {&#13;&#10;                    if (tempMove.getPieceOnField().isCrowned&#13;&#10;                            &amp;&amp; !temp.wasKingBefore) {&#13;&#10;                        if (remoteNXT.checkersBoard.&#13;&#10;                                checkAllegiance(tempMove, true)) {&#13;&#10;                            tempMove.getPieceOnField().color =&#13;&#10;                                   remoteNXT.checkersBoard.opponentPeasentColor;&#13;&#10;                        } else if (remoteNXT.checkersBoard.&#13;&#10;                                checkAllegiance(tempMove, false)) {&#13;&#10;                            tempMove.getPieceOnField().color =&#13;&#10;                                    remoteNXT.checkersBoard.myPeasentColor;&#13;&#10;                        }&#13;&#10;                        tempMove.getPieceOnField().isCrowned = false;&#13;&#10;                    }&#13;&#10;                }&#13;&#10;                remoteNXT.checkersBoard.movePieceInRepresentation(&#13;&#10;                        tempMove, temp.moves.get(j - 1), true);&#13;&#10;            }&#13;&#10;&#13;&#10;            stop = temp.takenPieces.size();&#13;&#10;&#13;&#10;            for (int i = 0; i &lt; stop; i++) {&#13;&#10;                Piece tempPiece = temp.takenPieces.get(i);&#13;&#10;                if (remoteNXT.checkersBoard.checkAllegiance(tempPiece, true)) {&#13;&#10;                    oppPieces.add(tempPiece);&#13;&#10;                } else {&#13;&#10;                    ownPieces.add(tempPiece);&#13;&#10;                }&#13;&#10;                remoteNXT.checkersBoard.myBoard&#13;&#10;                    [tempPiece.getX()][tempPiece.getY()].&#13;&#10;                    setPieceOnField(tempPiece);&#13;&#10;            }&#13;&#10;        }&#13;&#10;    }&#13;&#10;&#13;&#10;    //-1 = human, 1 = robot&#13;&#10;    private List&lt;Move&gt; possibleMoves(int moveForSide) throws&#13;&#10;                    InterruptedException, IOException, NoKingLeft {&#13;&#10;        List&lt;Move&gt; jumpMovements = new ArrayList&lt;Move&gt;();&#13;&#10;        List&lt;Move&gt; movements = new ArrayList&lt;Move&gt;();&#13;&#10;        remoteNXT.checkersBoard.updateMoveables();&#13;&#10;        for (Field[] f : remoteNXT.checkersBoard.myBoard) {&#13;&#10;            for (Field field : f) {&#13;&#10;                if (!field.isEmpty()) {&#13;&#10;                    if (field.getPieceOnField().isMoveable&#13;&#10;                            &amp;&amp; remoteNXT.checkersBoard.&#13;&#10;                            checkAllegiance(field, moveForSide == -1)) {&#13;&#10;                        //Jumps&#13;&#10;                        if (field.getPieceOnField().canJump) {&#13;&#10;                            List&lt;List&lt;Field&gt;&gt; listOfMoves =&#13;&#10;                                    remoteNXT.checkersBoard.&#13;&#10;                                    analyzeFunctions.jumpSequence(&#13;&#10;                                            field, moveForSide == 1,&#13;&#10;                                            field.getPieceOnField().isCrowned);&#13;&#10;&#13;&#10;                            for (List&lt;Field&gt; stackOfFields : listOfMoves) {&#13;&#10;                                if (stackOfFields.size() &gt;= 2) {&#13;&#10;                                    jumpMovements.add(new Move(stackOfFields,&#13;&#10;                                            field.getPieceOnField().isCrowned));&#13;&#10;                                }&#13;&#10;                            }&#13;&#10;                        } else {  // Moves&#13;&#10;                            List&lt;Field&gt; possibleMoves =&#13;&#10;                                    remoteNXT.checkersBoard.&#13;&#10;                                    checkMoveable(field, moveForSide);&#13;&#10;                            //Simple moves&#13;&#10;                            if (!possibleMoves.isEmpty()) {&#13;&#10;                                for (Field posField : possibleMoves) {&#13;&#10;                                    Move movement = new Move(field, posField,&#13;&#10;                                            field.getPieceOnField().isCrowned);&#13;&#10;                                    movements.add(movement);&#13;&#10;                                }&#13;&#10;                            }&#13;&#10;                        }&#13;&#10;                    }&#13;&#10;                }&#13;&#10;            }&#13;&#10;        }&#13;&#10;&#13;&#10;        if (jumpMovements.size() != 0) {&#13;&#10;            return jumpMovements;&#13;&#10;        } else {&#13;&#10;            return movements;&#13;&#10;        }&#13;&#10;    }&#13;&#10;}&#13;&#10;" Filename="MI.java" Intrnl_Id="4"/>
<SrcFile Content="package com.OriginalFiles;&#13;&#10;&#13;&#10;public class Field {&#13;&#10;    //allowedField determines if is an allowed field to play on (a black field)&#13;&#10;    public boolean allowedField;&#13;&#10;    public boolean visited = false;&#13;&#10;    public int x;&#13;&#10;    public int y;&#13;&#10;    private Piece pieceOnField = null;&#13;&#10;    public Field() { };&#13;&#10;    public Field(int inputx, int inputy) {&#13;&#10;        x = inputx;&#13;&#10;        y = inputy;&#13;&#10;    }&#13;&#10;&#13;&#10;    //Get and Set to access to private variable pieceOnField.&#13;&#10;    //Updates the coordinates of an piece when assigned to a field.&#13;&#10;    public final void setPieceOnField(Piece inputPiece) {&#13;&#10;        pieceOnField = inputPiece;&#13;&#10;        if (!isEmpty()) {&#13;&#10;            pieceOnField.setXY(x, y);&#13;&#10;        }&#13;&#10;    }&#13;&#10;&#13;&#10;    public final Piece getPieceOnField() {&#13;&#10;        return pieceOnField;&#13;&#10;    }&#13;&#10;&#13;&#10;    //A field is empty, if no piece is assigned to it.&#13;&#10;    public final boolean isEmpty() {&#13;&#10;        return (pieceOnField == null);&#13;&#10;    }&#13;&#10;&#13;&#10;    //Returns true if there is a piece on the field,&#13;&#10;    //and the piece is of the given color.&#13;&#10;    public final boolean isPieceOfColor(char input) {&#13;&#10;        if (isEmpty()) {&#13;&#10;            return false;&#13;&#10;        } else {&#13;&#10;            return (pieceOnField.color == input);&#13;&#10;        }&#13;&#10;    }&#13;&#10;&#13;&#10;    //Empty the field, by un-assigning the piece of the field.&#13;&#10;    public final void emptyThisField() {&#13;&#10;        pieceOnField = null;&#13;&#10;    }&#13;&#10;}&#13;&#10;" Filename="Field.java" Intrnl_Id="5"/>
<SrcFile Content="package com.OriginalFiles;&#13;&#10;&#13;&#10;public class Communication {&#13;&#10;&#13;&#10;    public Communication(RemoteNXTFunctions remoteFunc) {&#13;&#10;        // TODO Auto-generated constructor stub&#13;&#10;    }&#13;&#10;&#13;&#10;    public void myKingNotPlaced() {&#13;&#10;        // TODO Auto-generated method stub&#13;&#10;        &#13;&#10;    }&#13;&#10;&#13;&#10;    public void humanWon() {&#13;&#10;        // TODO Auto-generated method stub&#13;&#10;        &#13;&#10;    }&#13;&#10;&#13;&#10;    public void robotWon() {&#13;&#10;        // TODO Auto-generated method stub&#13;&#10;        &#13;&#10;    }&#13;&#10;&#13;&#10;    public void draw() {&#13;&#10;        // TODO Auto-generated method stub&#13;&#10;        &#13;&#10;    }&#13;&#10;&#13;&#10;}&#13;&#10;" Filename="Communication.java" Intrnl_Id="6"/>
<SrcFile Content="package com.OriginalFiles;&#13;&#10;&#13;&#10;import java.io.IOException;&#13;&#10;import java.util.ArrayList;&#13;&#10;import java.util.List;&#13;&#10;import custom.Exceptions.NoKingLeft;&#13;&#10;&#13;&#10;public class Board {&#13;&#10;&#13;&#10;    public Field[][] myBoard = new Field[8][8];&#13;&#10;    public Field[] kingPlace = new Field[8];&#13;&#10;    public Field[] oppKingPlace = new Field[8];&#13;&#10;    public Field[][] trashPlace = new Field[8][3];&#13;&#10;    public Field[][] oppTrashPlace = new Field[8][2];&#13;&#10;    public Analyze analyzeFunctions;&#13;&#10;&#13;&#10;    public Communication informer;&#13;&#10;&#13;&#10;    char myPeasentColor, myKingColor, opponentPeasentColor, opponentKingColor;&#13;&#10;&#13;&#10;    public Board(RemoteNXTFunctions remoteFunc)&#13;&#10;            throws InterruptedException, IOException {&#13;&#10;        informer = new Communication(remoteFunc);&#13;&#10;        analyzeFunctions = new Analyze(this, remoteFunc);&#13;&#10;        analyzeFunctions.findMyColors();&#13;&#10;        findOpponentColors();&#13;&#10;&#13;&#10;        int x, y;&#13;&#10;&#13;&#10;        //Create the 8 times 8 board&#13;&#10;        for (x = 0; x &lt; 8; x++) {&#13;&#10;            for (y = 0; y &lt; 8; y++) {&#13;&#10;                Field temp = new Field();&#13;&#10;                temp.x = x;&#13;&#10;                temp.y = y;&#13;&#10;&#13;&#10;                //Every second field is an allowed field&#13;&#10;                //latex start ConstructorLoop&#13;&#10;                if ((x + y) % 2 == 1) {&#13;&#10;                    temp.allowedField = true;&#13;&#10;                    Piece pieceOnBoard = null;&#13;&#10;                    if (y &lt; 3) {&#13;&#10;                        pieceOnBoard = new Piece(this);&#13;&#10;                        pieceOnBoard.color = myPeasentColor;&#13;&#10;&#13;&#10;                        //Every piece on the front line of each player&#13;&#10;                        //is moveable from the start&#13;&#10;                        if (y == 2) {&#13;&#10;                            pieceOnBoard.isMoveable = true;&#13;&#10;                        }&#13;&#10;                    }&#13;&#10;                    //latex end&#13;&#10;&#13;&#10;                    if (y &gt; 4) {&#13;&#10;                        pieceOnBoard = new Piece(this);&#13;&#10;                        pieceOnBoard.color = opponentPeasentColor;&#13;&#10;                        if (y == 5) {&#13;&#10;                            pieceOnBoard.isMoveable = true;&#13;&#10;                        }&#13;&#10;                    }&#13;&#10;                    temp.setPieceOnField(pieceOnBoard);&#13;&#10;                } else {&#13;&#10;                    temp.allowedField = false;&#13;&#10;                }&#13;&#10;                myBoard[x][y] = temp;&#13;&#10;            }&#13;&#10;        }&#13;&#10;&#13;&#10;        //Set the location of the human players king pieces&#13;&#10;        //And Trashfield&#13;&#10;        //latex start ConstructorKing&#13;&#10;        for (int i = 0; i &lt; 8; i++) {&#13;&#10;            Field temp = new Field();&#13;&#10;            temp.x = i;&#13;&#10;            temp.y = -2;&#13;&#10;            Piece tempPiece = new Piece(this);&#13;&#10;            tempPiece.color = opponentKingColor;&#13;&#10;            tempPiece.isCrowned = true;&#13;&#10;            temp.setPieceOnField(tempPiece);&#13;&#10;            kingPlace[i] = temp;&#13;&#10;        }&#13;&#10;        for (int i = 0; i &lt; 8; i++) {&#13;&#10;            Field temp = new Field();&#13;&#10;            temp.x = i;&#13;&#10;            temp.y = 9;&#13;&#10;            Piece tempPiece = new Piece(this);&#13;&#10;            tempPiece.color = myKingColor;&#13;&#10;            tempPiece.isCrowned = true;&#13;&#10;            temp.setPieceOnField(tempPiece);&#13;&#10;            oppKingPlace[i] = temp;&#13;&#10;        }&#13;&#10;        //latex end&#13;&#10;        for (int j = 0; j &lt; 3; j++) {&#13;&#10;            for (int i = 0; i &lt; 8; i++) {&#13;&#10;                Field temp = new Field();&#13;&#10;                temp.x = i;&#13;&#10;                temp.y = -3 - j;&#13;&#10;                trashPlace[i][j] = temp;&#13;&#10;            }&#13;&#10;        }&#13;&#10;&#13;&#10;        for (int j = 0; j &lt; 2; j++) {&#13;&#10;            for (int i = 0; i &lt; 8; i++) {&#13;&#10;                Field temp = new Field();&#13;&#10;                temp.x = i;&#13;&#10;                temp.y = 10 + j;&#13;&#10;                oppTrashPlace[i][j] = temp;&#13;&#10;            }&#13;&#10;        }&#13;&#10;    }&#13;&#10;&#13;&#10;    public final void resetVisited() {&#13;&#10;        for (Field[] f : myBoard) {&#13;&#10;            for (Field field : f) {&#13;&#10;                field.visited = false;&#13;&#10;            }&#13;&#10;        }&#13;&#10;    }&#13;&#10;&#13;&#10;    //Sorts the list of fields to search to minimize robot movement&#13;&#10;    public final void sortListOfFields(List&lt;Field&gt; listOfFields) {&#13;&#10;        int x = 0;&#13;&#10;        int y = 0;&#13;&#10;        int sizeOflistOfFields = listOfFields.size();&#13;&#10;        for (int i = 0; i &lt; sizeOflistOfFields; i++) {&#13;&#10;            for (int n = i + 1; n &lt; sizeOflistOfFields; n++) {&#13;&#10;                if (!isGreater(listOfFields.get(i),&#13;&#10;                        listOfFields.get(n), x, y)) {&#13;&#10;                    Field temp1 = listOfFields.get(i);&#13;&#10;                    Field temp2 = listOfFields.get(n);&#13;&#10;                    listOfFields.remove(n);&#13;&#10;                    listOfFields.remove(i);&#13;&#10;                    listOfFields.add(i, temp2);&#13;&#10;                    listOfFields.add(n, temp1);&#13;&#10;                }&#13;&#10;            }&#13;&#10;            x = listOfFields.get(i).x;&#13;&#10;            y = listOfFields.get(i).y;&#13;&#10;        }&#13;&#10;    }&#13;&#10;&#13;&#10;    //Method to used in sorting the list of places to move the robot&#13;&#10;    public final boolean isGreater(Field inputField,&#13;&#10;            Field fieldToCompare, int compX, int compY) {&#13;&#10;        //Check jumps to be crowned first&#13;&#10;        if (inputField.getPieceOnField().canJump&#13;&#10;                &amp;&amp; !inputField.getPieceOnField().isCrowned&#13;&#10;                &amp;&amp; inputField.getPieceOnField().color == opponentPeasentColor&#13;&#10;                &amp;&amp; inputField.getPieceOnField().getY() == 2) {&#13;&#10;            return true;&#13;&#10;        } else if (inputField.getPieceOnField().canJump&#13;&#10;                &amp;&amp; !fieldToCompare.getPieceOnField().canJump) {&#13;&#10;            return true;&#13;&#10;        } else if (fieldToCompare.getPieceOnField().canJump&#13;&#10;                &amp;&amp; !inputField.getPieceOnField().canJump) {&#13;&#10;            return false;&#13;&#10;        } else {&#13;&#10;            if (inputField.y == 1 &amp;&amp; fieldToCompare.y != 1&#13;&#10;                    &amp;&amp; !inputField.getPieceOnField().isCrowned) {&#13;&#10;                return true;&#13;&#10;            } else if (fieldToCompare.y == 1 &amp;&amp; inputField.y != 1&#13;&#10;                    &amp;&amp; !fieldToCompare.getPieceOnField().isCrowned) {&#13;&#10;                return false;&#13;&#10;            } else {&#13;&#10;                if (distance(inputField, compX, compY)&#13;&#10;                    &gt; distance(fieldToCompare, compX, compY)) {&#13;&#10;                    return false;&#13;&#10;                } else if (distance(inputField, compX, compY)&#13;&#10;                           &lt; distance(fieldToCompare, compX, compY)) {&#13;&#10;                    return true;&#13;&#10;                } else {&#13;&#10;                    return (inputField.y &lt; fieldToCompare.y);&#13;&#10;                }&#13;&#10;            }&#13;&#10;        }&#13;&#10;    }&#13;&#10;&#13;&#10;    private int distance(Field inputField, int x, int y) {&#13;&#10;        return Math.abs(inputField.x - x) + Math.abs(inputField.y - y);&#13;&#10;    }&#13;&#10;&#13;&#10;    public final boolean verifyCorrectMove(Field field) throws&#13;&#10;    InterruptedException, IOException {&#13;&#10;        if (checkAllegiance(field, true)) {&#13;&#10;            if (field.getPieceOnField().isMoveable) {&#13;&#10;                return !(isFieldEmptyOnBoard(field.x, field.y));&#13;&#10;            }&#13;&#10;        }&#13;&#10;        return true;&#13;&#10;    }&#13;&#10;&#13;&#10;    public final boolean peasentIsOnEndRow(Field field) {&#13;&#10;        if (!field.isEmpty()) {&#13;&#10;            int checkRow;&#13;&#10;            if (checkAllegiance(field, true)) {&#13;&#10;                checkRow = 0;&#13;&#10;            } else {&#13;&#10;                checkRow = 7;&#13;&#10;            }&#13;&#10;&#13;&#10;            if (field.y == checkRow &amp;&amp; !field.getPieceOnField().isCrowned) {&#13;&#10;                return true;&#13;&#10;            }&#13;&#10;        }&#13;&#10;        return false;&#13;&#10;    }&#13;&#10;&#13;&#10;    //Moves a piece in the board representation&#13;&#10;    public final void movePieceInRepresentation(Field fromField, int toFieldX,&#13;&#10;            int toFieldY, boolean isSimulated) throws NoKingLeft, IOException {&#13;&#10;        movePieceInRepresentation(fromField,&#13;&#10;                myBoard[toFieldX][toFieldY], isSimulated);&#13;&#10;    }&#13;&#10;    //latex start movePieceInRepresentation&#13;&#10;    public final void movePieceInRepresentation(Field fromField,&#13;&#10;            Field toField, boolean isSimulated) throws NoKingLeft, IOException {&#13;&#10;        toField.setPieceOnField(fromField.getPieceOnField());&#13;&#10;        fromField.emptyThisField();&#13;&#10;        if (checkBounds(toField.x, toField.y)) {&#13;&#10;            analyzeFunctions.checkForUpgradeKing(&#13;&#10;                    toField, isSimulated);&#13;&#10;        }&#13;&#10;        //latex end&#13;&#10;    }&#13;&#10;&#13;&#10;    //Check if field has been occupied&#13;&#10;    public final boolean checkMoveDirection(Field field,&#13;&#10;            int directX, int directY) throws InterruptedException, IOException {&#13;&#10;        return (!fieldOccupied(field.x + directX, field.y + directY)&#13;&#10;            &amp;&amp; !this.isFieldEmptyOnBoard(field.x + directX, field.y + directY));&#13;&#10;    }&#13;&#10;&#13;&#10;    public final boolean isFieldEmptyOnBoard(int x, int y)&#13;&#10;            throws InterruptedException, IOException {&#13;&#10;        if (checkBounds(x, y)) {&#13;&#10;            char color = analyzeFunctions.getColor(x, y);&#13;&#10;&#13;&#10;            return color == ' ';&#13;&#10;        } else {&#13;&#10;            return false;&#13;&#10;        }&#13;&#10;    }&#13;&#10;&#13;&#10;    public final boolean fieldOccupied(int x, int y) {&#13;&#10;        if (checkBounds(x, y)) {&#13;&#10;            return !myBoard[x][y].isEmpty();&#13;&#10;        } else {&#13;&#10;            return true;&#13;&#10;        }&#13;&#10;    }&#13;&#10;&#13;&#10;    //Check if a piece can move and is jumpable&#13;&#10;    //latex start checkPiece&#13;&#10;    private void checkPiece(Field field, int dify, boolean checkForOpponent) {&#13;&#10;        field.getPieceOnField().canJump = checkJump(field,&#13;&#10;                checkForOpponent, field.getPieceOnField().isCrowned);&#13;&#10;&#13;&#10;        if (field.getPieceOnField().canJump) {&#13;&#10;            field.getPieceOnField().isMoveable = true;&#13;&#10;        } else {&#13;&#10;            field.getPieceOnField().isMoveable =&#13;&#10;                    checkMoveableBoolean(field, dify);&#13;&#10;        }&#13;&#10;    }&#13;&#10;    //latex end&#13;&#10;&#13;&#10;    private boolean checkMoveableBoolean(Field field, int dif) {&#13;&#10;        return !checkMoveable(field, dif).isEmpty();&#13;&#10;    }&#13;&#10;&#13;&#10;    //Checks if a given field is movable&#13;&#10;    public final List&lt;Field&gt; checkMoveable(Field field, int dif) {&#13;&#10;        List&lt;Field&gt; possibleMoves = new ArrayList&lt;Field&gt;();&#13;&#10;&#13;&#10;        //Check forward&#13;&#10;        if (!this.fieldOccupied(field.x - 1, field.y + dif)) {&#13;&#10;            possibleMoves.add(myBoard[field.x - 1][field.y + dif]);&#13;&#10;        }&#13;&#10;        if (!this.fieldOccupied(field.x + 1, field.y + dif)) {&#13;&#10;            possibleMoves.add(myBoard[field.x + 1][field.y + dif]);&#13;&#10;        }&#13;&#10;        //if king, check backwards also&#13;&#10;        if (field.getPieceOnField().isCrowned) {&#13;&#10;            if (!this.fieldOccupied(field.x - 1, field.y - dif)) {&#13;&#10;                possibleMoves.add(myBoard[field.x - 1][field.y - dif]);&#13;&#10;            }&#13;&#10;            if (!this.fieldOccupied(field.x + 1, field.y - dif)) {&#13;&#10;                possibleMoves.add(myBoard[field.x + 1][field.y - dif]);&#13;&#10;            }&#13;&#10;        }&#13;&#10;        return possibleMoves;&#13;&#10;    }&#13;&#10;&#13;&#10;    //Check if a given field can jump&#13;&#10;    //latex start checkJump&#13;&#10;    private boolean checkJump(Field field,&#13;&#10;            boolean checkForOpponent, boolean isCrowned) {&#13;&#10;        return (checkJumpDirectionBoolean(field, -1, -1,&#13;&#10;                        checkForOpponent, isCrowned)&#13;&#10;                || checkJumpDirectionBoolean(field, 1, -1,&#13;&#10;                        checkForOpponent, isCrowned)&#13;&#10;                || checkJumpDirectionBoolean(field, 1, 1,&#13;&#10;                        checkForOpponent, isCrowned)&#13;&#10;                || checkJumpDirectionBoolean(field, -1, 1,&#13;&#10;                        checkForOpponent, isCrowned));&#13;&#10;    }&#13;&#10;    //latex end&#13;&#10;&#13;&#10;    //Checks jumps&#13;&#10;    //latex start jumpDirection&#13;&#10;    public final Field checkJumpDirection(Field field, int difx, int dify,&#13;&#10;            boolean checkForOpponent, boolean isCrowned) {&#13;&#10;        if (((checkForOpponent &amp;&amp; dify == -1)&#13;&#10;                || (!checkForOpponent &amp;&amp; dify == 1)) &amp;&amp; !isCrowned) {&#13;&#10;            return null;&#13;&#10;        }&#13;&#10;&#13;&#10;        if (checkBounds(field.x + 2 * difx, field.y + 2 * dify)) {&#13;&#10;            if (!myBoard[field.x + 2 * difx][field.y + 2 * dify].visited) {&#13;&#10;                if (checkAllegiance(&#13;&#10;                      myBoard[field.x + difx][field.y + dify], checkForOpponent)&#13;&#10;                      &amp;&amp; !this.fieldOccupied(&#13;&#10;                      field.x + 2 * difx, field.y + 2 * dify)) {&#13;&#10;                    return myBoard[field.x + 2 * difx][field.y + 2 * dify];&#13;&#10;                }&#13;&#10;            }&#13;&#10;        }&#13;&#10;        return null;&#13;&#10;    }&#13;&#10;    //latex end&#13;&#10;&#13;&#10;    private boolean checkJumpDirectionBoolean(Field field,&#13;&#10;            int difx, int dify, boolean checkForOpponent, boolean isCrowned) {&#13;&#10;        return !(checkJumpDirection(field, difx, dify,&#13;&#10;                checkForOpponent, isCrowned) == null);&#13;&#10;    }&#13;&#10;&#13;&#10;    //Updates the movable property on each piece&#13;&#10;    public final void updateMoveables() {&#13;&#10;        resetVisited();&#13;&#10;        for (Field[] f : myBoard) {&#13;&#10;            for (Field field : f) {&#13;&#10;                if (field.allowedField) {&#13;&#10;                    if (field.getPieceOnField() != null) {&#13;&#10;                        //Check movable for robot&#13;&#10;                        if (checkAllegiance(field, false)) {&#13;&#10;                            checkPiece(field, 1, true);&#13;&#10;&#13;&#10;                        //Check movable for human&#13;&#10;                        } else {&#13;&#10;                            checkPiece(field, -1, false);&#13;&#10;                        }&#13;&#10;                    }&#13;&#10;                }&#13;&#10;            }&#13;&#10;        }&#13;&#10;        resetVisited();&#13;&#10;    }&#13;&#10;&#13;&#10;    //Sets the colors of the human players pieces&#13;&#10;    private void findOpponentColors() {&#13;&#10;        if (myPeasentColor == 'r') {&#13;&#10;            opponentPeasentColor = 'w';&#13;&#10;            opponentKingColor = 'g';&#13;&#10;        } else {&#13;&#10;            opponentPeasentColor = 'r';&#13;&#10;            opponentKingColor = 'b';&#13;&#10;        }&#13;&#10;    }&#13;&#10;&#13;&#10;&#13;&#10;    //if a piece is missing, scan whole board&#13;&#10;    public final void findMissingPiece()&#13;&#10;            throws InterruptedException, IOException {&#13;&#10;        int i, j;&#13;&#10;        boolean changer = true;&#13;&#10;&#13;&#10;        for (i = 0; i &lt; 8; i++) {&#13;&#10;            //Change direction of the robot, to minimize robot movement&#13;&#10;            if (changer) {&#13;&#10;                for (j = 0; j &lt; 8; j++) {&#13;&#10;                    if ((i + j) % 2 == 1) {&#13;&#10;                        myBoard[i][j].setPieceOnField(getPiece(i, j));&#13;&#10;                    }&#13;&#10;                }&#13;&#10;                changer = false;&#13;&#10;            } else {&#13;&#10;                for (j = 7; j &gt;= 0; j--) {&#13;&#10;                    if ((i + j) % 2 == 1) {&#13;&#10;                        myBoard[i][j].setPieceOnField(getPiece(i, j));&#13;&#10;                    }&#13;&#10;                }&#13;&#10;                changer = true;&#13;&#10;            }&#13;&#10;        }&#13;&#10;&#13;&#10;        this.updateMoveables();&#13;&#10;    }&#13;&#10;&#13;&#10;    //Get piece on given position&#13;&#10;    private Piece getPiece(int x, int y) throws IOException {&#13;&#10;        char color = analyzeFunctions.getColor(x, y);&#13;&#10;        if (color == ' ') {&#13;&#10;            return null;&#13;&#10;        } else {&#13;&#10;            Piece temp = new Piece(this);&#13;&#10;            temp.color = color;&#13;&#10;            temp.isCrowned = (color == 'g' || color == 'b');&#13;&#10;            return temp;&#13;&#10;        }&#13;&#10;    }&#13;&#10;&#13;&#10;    //Check if a given piece is the robots or the opponents&#13;&#10;   /*public final boolean checkAllegiance(Field input, boolean checkForOpponent)&#13;&#10;    {&#13;&#10;        if (checkBounds(input.x, input.y)) {&#13;&#10;                if ((input.isPieceOfColor(myPeasentColor)&#13;&#10;                    || input.isPieceOfColor(myKingColor))&amp;&amp; !checkForOpponent) {&#13;&#10;                     return true;&#13;&#10;                 }&#13;&#10;                 if ((input.isPieceOfColor(opponentPeasentColor)&#13;&#10;                         || input.isPieceOfColor(opponentKingColor))&#13;&#10;                         &amp;&amp; checkForOpponent) {&#13;&#10;                     return true;&#13;&#10;                 }&#13;&#10;                 return false;&#13;&#10;                 }&#13;&#10;        return false;&#13;&#10;    }*/&#13;&#10;    public final boolean checkAllegiance(Field input, boolean checkForOpponent)&#13;&#10;    {&#13;&#10;        if (checkBounds(input.x, input.y)) {&#13;&#10;            if (!input.isEmpty()) {&#13;&#10;                return checkAllegiance(input.getPieceOnField(),&#13;&#10;                        checkForOpponent);&#13;&#10;            }&#13;&#10;        }&#13;&#10;        return false;&#13;&#10;    }&#13;&#10;&#13;&#10;    public final boolean checkAllegiance(Piece input, boolean checkForOpponent)&#13;&#10;    {&#13;&#10;        if ((input.color == myPeasentColor&#13;&#10;                || input.color == myKingColor) &amp;&amp; !checkForOpponent) {&#13;&#10;             return true;&#13;&#10;         }&#13;&#10;         if ((input.color == opponentPeasentColor&#13;&#10;                 || input.color == opponentKingColor)&#13;&#10;                 &amp;&amp; checkForOpponent) {&#13;&#10;             return true;&#13;&#10;         }&#13;&#10;         return false;&#13;&#10;    }&#13;&#10;&#13;&#10;    //Return true if the given position is inbounds&#13;&#10;    public final boolean checkBounds(int x, int y) {&#13;&#10;        return x &gt;= 0 &amp;&amp; x &lt;= 7 &amp;&amp; y &gt;= 0 &amp;&amp; y &lt;= 7;&#13;&#10;    }&#13;&#10;}&#13;&#10;" Filename="Board.java" Intrnl_Id="7"/>
<SrcFile Content="package com.OriginalFiles;&#13;&#10;import com.CustomClasses.Color;&#13;&#10;import java.io.IOException;&#13;&#10;import java.util.ArrayList;&#13;&#10;import java.util.List;&#13;&#10;import custom.Exceptions.IllegalMove;&#13;&#10;import custom.Exceptions.NoKingLeft;&#13;&#10;&#13;&#10;public class Analyze {&#13;&#10;    private Board checkersBoard;&#13;&#10;&#13;&#10;    private Field fieldToCheck;&#13;&#10;    private int analyzeBoardRepeatNumber = 0;&#13;&#10;    private int totalAnalyzeRuns = 0;&#13;&#10;    private final int analyzeRunsBeforeReset = 10;&#13;&#10;    private RemoteNXTFunctions remoteFunctions;&#13;&#10;    private boolean pieceFound;&#13;&#10;    private boolean mustJump;&#13;&#10;&#13;&#10;    public Analyze(Board input, RemoteNXTFunctions remoteInput) {&#13;&#10;        checkersBoard = input;&#13;&#10;        remoteFunctions = remoteInput;&#13;&#10;    }&#13;&#10;&#13;&#10;    //Analyzes the current board setup&#13;&#10;    //latex start analyzeBoard&#13;&#10;    public final boolean analyzeBoard() throws InterruptedException,&#13;&#10;    IOException, NoKingLeft, IllegalMove {&#13;&#10;        if (!checkForGameHasEnded(true)) {&#13;&#10;            checkMotorCalibration();&#13;&#10;&#13;&#10;            List&lt;Field&gt; moveableList = new ArrayList&lt;Field&gt;();&#13;&#10;            moveableList = makeListOfMoveables(moveableList);&#13;&#10;            pieceFound = checkMovement(moveableList);&#13;&#10;            countDownToPanic();&#13;&#10;&#13;&#10;            //Find the pieces that are currently movable&#13;&#10;            checkersBoard.updateMoveables();&#13;&#10;            checkRobotPieceReplaced();&#13;&#10;            if (!checkForGameHasEnded(false)) {&#13;&#10;                return true;&#13;&#10;            }&#13;&#10;        }&#13;&#10;        return false;&#13;&#10;    }&#13;&#10;    //latex end&#13;&#10;&#13;&#10;    private void checkMotorCalibration() {&#13;&#10;        totalAnalyzeRuns += 1;&#13;&#10;&#13;&#10;        if (totalAnalyzeRuns &gt; analyzeRunsBeforeReset) {&#13;&#10;            totalAnalyzeRuns = 0;&#13;&#10;            remoteFunctions.resetMotors();&#13;&#10;        }&#13;&#10;    }&#13;&#10;&#13;&#10;    private List&lt;Field&gt; makeListOfMoveables(List&lt;Field&gt; moveableList) {&#13;&#10;        //Find the pieces that are currently movable&#13;&#10;        checkersBoard.updateMoveables();&#13;&#10;        for (Field[] f : checkersBoard.myBoard) {&#13;&#10;            for (Field field : f) {&#13;&#10;                if (!field.isEmpty()) {&#13;&#10;                    if (field.getPieceOnField().isMoveable&#13;&#10;                            &amp;&amp; checkersBoard.checkAllegiance(field, true)) {&#13;&#10;                        moveableList.add(field);&#13;&#10;                    }&#13;&#10;                }&#13;&#10;            }&#13;&#10;        }&#13;&#10;        checkersBoard.sortListOfFields(moveableList);&#13;&#10;        pieceFound = false;&#13;&#10;        mustJump = false;&#13;&#10;        if (moveableList.size() != 0) {&#13;&#10;            mustJump = moveableList.get(0).getPieceOnField().canJump;&#13;&#10;        }&#13;&#10;        return moveableList;&#13;&#10;    }&#13;&#10;    //latex start checkMovement&#13;&#10;    private boolean checkMovement(List&lt;Field&gt; moveableList)&#13;&#10;            throws IllegalMove, InterruptedException, IOException, NoKingLeft {&#13;&#10;        for (Field field : moveableList) {&#13;&#10;            if (checkersBoard.isFieldEmptyOnBoard(field.x, field.y)) {&#13;&#10;                if (mustJump &amp;&amp; !field.getPieceOnField().canJump) {&#13;&#10;                    throw new custom.Exceptions.IllegalMove();&#13;&#10;                }&#13;&#10;                if (this.trackMovement(field)) {&#13;&#10;                    return true;&#13;&#10;                }&#13;&#10;            }&#13;&#10;        }&#13;&#10;        return false;&#13;&#10;    }&#13;&#10;    //latex end&#13;&#10;    //latex start countDownToPanic&#13;&#10;    private void countDownToPanic()&#13;&#10;            throws InterruptedException, IOException, NoKingLeft, IllegalMove {&#13;&#10;        if (!pieceFound) {&#13;&#10;            if (analyzeBoardRepeatNumber &lt; 3) {&#13;&#10;                analyzeBoardRepeatNumber++;&#13;&#10;                analyzeBoard();&#13;&#10;                analyzeBoardRepeatNumber = 0;&#13;&#10;            } else if (analyzeBoardRepeatNumber &lt; 6) {&#13;&#10;                remoteFunctions.resetMotors();&#13;&#10;                analyzeBoardRepeatNumber++;&#13;&#10;                analyzeBoard();&#13;&#10;                analyzeBoardRepeatNumber = 0;&#13;&#10;            } else {&#13;&#10;                checkersBoard.findMissingPiece();&#13;&#10;            }&#13;&#10;        }&#13;&#10;    }&#13;&#10;    //latex end&#13;&#10;&#13;&#10;    //Try to find the piece that have been moved&#13;&#10;    private boolean trackMovement(Field field) throws IllegalMove,&#13;&#10;    InterruptedException, IOException, NoKingLeft {&#13;&#10;        boolean foundPiece = false;&#13;&#10;        if (field.getPieceOnField().canJump) {&#13;&#10;            if (findJumpPiece(field)) {&#13;&#10;                foundPiece = true;&#13;&#10;            }&#13;&#10;            if (!foundPiece) {&#13;&#10;                throw new custom.Exceptions.IllegalMove();&#13;&#10;            }&#13;&#10;        } else if (checkMove(field, -1)) {&#13;&#10;            foundPiece = true;&#13;&#10;        }&#13;&#10;&#13;&#10;        return foundPiece;&#13;&#10;    }&#13;&#10;&#13;&#10;    //Determine simple move&#13;&#10;    private boolean checkMove(Field field, int directY) throws&#13;&#10;    InterruptedException, IOException, NoKingLeft {&#13;&#10;        //Verify that the given field is inbound&#13;&#10;        if (checkersBoard.checkBounds(field.x, field.y)) {&#13;&#10;            //Check the first direction&#13;&#10;            if (checkersBoard.checkMoveDirection(field, 1, directY)) {&#13;&#10;                if (validateMove(checkersBoard.&#13;&#10;                        myBoard[field.x + 1][field.y + directY], field)) {&#13;&#10;                    checkersBoard.movePieceInRepresentation(field,&#13;&#10;                            field.x + 1, field.y + directY, false);&#13;&#10;                    return true;&#13;&#10;                } else {&#13;&#10;                    return false;&#13;&#10;                }&#13;&#10;                //Second direction&#13;&#10;            } else if (checkersBoard.checkMoveDirection(field, -1, directY)) {&#13;&#10;                if (validateMove(checkersBoard.&#13;&#10;                        myBoard[field.x - 1][field.y + directY], field)) {&#13;&#10;                    checkersBoard.movePieceInRepresentation(field,&#13;&#10;                            field.x - 1, field.y + directY, false);&#13;&#10;                    return true;&#13;&#10;                } else {&#13;&#10;                    return false;&#13;&#10;                }&#13;&#10;                //If king, also check backwards&#13;&#10;            } else if (field.getPieceOnField().isCrowned) {&#13;&#10;                if (checkersBoard.checkMoveDirection(field, 1, -directY)) {&#13;&#10;                    if (validateMove(checkersBoard.&#13;&#10;                            myBoard[field.x + 1][field.y - directY], field)) {&#13;&#10;                        checkersBoard.movePieceInRepresentation(field,&#13;&#10;                                field.x + 1, field.y - directY, false);&#13;&#10;                        return true;&#13;&#10;                    } else {&#13;&#10;                        return false;&#13;&#10;                    }&#13;&#10;                } else if (checkersBoard.checkMoveDirection(&#13;&#10;                        field, -1, -directY)) {&#13;&#10;                    if (validateMove(checkersBoard.&#13;&#10;                            myBoard[field.x - 1][field.y - directY], field)) {&#13;&#10;                        checkersBoard.movePieceInRepresentation(field,&#13;&#10;                                field.x - 1, field.y - directY, false);&#13;&#10;                        return true;&#13;&#10;                    } else {&#13;&#10;                        return false;&#13;&#10;                    }&#13;&#10;                }&#13;&#10;            }&#13;&#10;        }&#13;&#10;        return false;&#13;&#10;    }&#13;&#10;&#13;&#10;    //Checks if it could have been another piece that moved&#13;&#10;    private boolean validateMove(Field field, Field fromField) throws&#13;&#10;    InterruptedException, IOException {&#13;&#10;&#13;&#10;        List&lt;Field&gt; checkArray = new ArrayList&lt;Field&gt;();&#13;&#10;        if (checkersBoard.checkBounds(field.x + 1, field.y + 1)) {&#13;&#10;            checkArray.add(checkersBoard.myBoard[field.x + 1][field.y + 1]);&#13;&#10;        }&#13;&#10;        if (checkersBoard.checkBounds(field.x + 1, field.y - 1)) {&#13;&#10;            checkArray.add(checkersBoard.myBoard[field.x + 1][field.y - 1]);&#13;&#10;        }&#13;&#10;        if (checkersBoard.checkBounds(field.x - 1, field.y - 1)) {&#13;&#10;            checkArray.add(checkersBoard.myBoard[field.x - 1][field.y - 1]);&#13;&#10;        }&#13;&#10;        if (checkersBoard.checkBounds(field.x - 1, field.y + 1)) {&#13;&#10;            checkArray.add(checkersBoard.myBoard[field.x - 1][field.y + 1]);&#13;&#10;        }&#13;&#10;        boolean returnValue = true;&#13;&#10;        for (int i = 0; i &lt; checkArray.size(); i++) {&#13;&#10;            if (!(checkArray.get(i).x == fromField.x&#13;&#10;                    &amp;&amp; checkArray.get(i).y == fromField.y)) {&#13;&#10;                returnValue = checkersBoard.verifyCorrectMove(&#13;&#10;                        checkArray.get(i));&#13;&#10;            }&#13;&#10;            if (!returnValue) {&#13;&#10;                return returnValue;&#13;&#10;            }&#13;&#10;        }&#13;&#10;        return returnValue;&#13;&#10;    }&#13;&#10;&#13;&#10;    public final List&lt;List&lt;Field&gt;&gt; jumpSequence(Field input,&#13;&#10;            boolean checkForOpponent, boolean isCrowned) throws&#13;&#10;            InterruptedException, IOException, NoKingLeft {&#13;&#10;        input.visited = true;&#13;&#10;        List&lt;List&lt;Field&gt;&gt; returnList = new ArrayList&lt;List&lt;Field&gt;&gt;();&#13;&#10;        Field tempField = checkersBoard.checkJumpDirection(input,&#13;&#10;                -1, 1, checkForOpponent, isCrowned);&#13;&#10;        if (tempField != null) {&#13;&#10;            returnList.addAll(jumpSequence(tempField, checkForOpponent,&#13;&#10;                    isCrowned));&#13;&#10;        }&#13;&#10;        tempField = checkersBoard.checkJumpDirection(input,&#13;&#10;                -1, -1, checkForOpponent, isCrowned);&#13;&#10;        if (tempField != null) {&#13;&#10;            returnList.addAll(jumpSequence(tempField, checkForOpponent,&#13;&#10;                    isCrowned));&#13;&#10;        }&#13;&#10;        tempField = checkersBoard.checkJumpDirection(input,&#13;&#10;                1, -1, checkForOpponent, isCrowned);&#13;&#10;        if (tempField != null) {&#13;&#10;            returnList.addAll(jumpSequence(tempField, checkForOpponent,&#13;&#10;                    isCrowned));&#13;&#10;        }&#13;&#10;        tempField = checkersBoard.checkJumpDirection(input, 1, 1,&#13;&#10;                checkForOpponent, isCrowned);&#13;&#10;        if (tempField != null) {&#13;&#10;            returnList.addAll(jumpSequence(tempField, checkForOpponent,&#13;&#10;                    isCrowned));&#13;&#10;        }&#13;&#10;&#13;&#10;        if (returnList.size() == 0) {&#13;&#10;            returnList.add(new ArrayList&lt;Field&gt;());&#13;&#10;        }&#13;&#10;&#13;&#10;        for (int i = 0; i &lt; returnList.size(); i++) {&#13;&#10;            returnList.get(i).add(0, input);&#13;&#10;        }&#13;&#10;        return returnList;&#13;&#10;    }&#13;&#10;&#13;&#10;    private boolean findJumpPiece(Field field) throws&#13;&#10;    InterruptedException, IOException, NoKingLeft {&#13;&#10;        List&lt;List&lt;Field&gt;&gt; jumpList = new ArrayList&lt;List&lt;Field&gt;&gt;();&#13;&#10;        jumpList = jumpSequence(field, false,&#13;&#10;                field.getPieceOnField().isCrowned);&#13;&#10;        checkersBoard.resetVisited();&#13;&#10;        for (int i = 0; i &lt; jumpList.size(); i++) {&#13;&#10;            List&lt;Field&gt; tempList = jumpList.get(i);&#13;&#10;            Field desField = tempList.get(tempList.size() - 1);&#13;&#10;            if (!checkersBoard.isFieldEmptyOnBoard(desField.x, desField.y)) {&#13;&#10;                checkersBoard.movePieceInRepresentation(field, desField, false);&#13;&#10;                int stopj = tempList.size() - 1;&#13;&#10;                for (int j = 0; j &lt; stopj; j++) {&#13;&#10;                    Field tempfield = tempList.get(j);&#13;&#10;                    Field tempfield2 = tempList.get(j + 1);&#13;&#10;                    Field takenField = checkersBoard.myBoard&#13;&#10;                            [(tempfield.x + tempfield2.x) / 2]&#13;&#10;                                    [(tempfield.y + tempfield2.y) / 2];&#13;&#10;                    if (takenField.getPieceOnField().isCrowned) {&#13;&#10;                        int k = 7;&#13;&#10;                        while (!(k &lt; 0)) {&#13;&#10;                            if (checkersBoard.oppKingPlace[k].isEmpty()) {&#13;&#10;                                //Insert king at location&#13;&#10;                                checkersBoard.movePieceInRepresentation(&#13;&#10;                                        takenField,&#13;&#10;                                        checkersBoard.oppKingPlace[k], true);&#13;&#10;                            }&#13;&#10;                            k--;&#13;&#10;                        }&#13;&#10;                    } else {&#13;&#10;                        int l = 0;&#13;&#10;                        int h = 0;&#13;&#10;                        OUTER: while (h &lt;= checkersBoard.&#13;&#10;                                oppTrashPlace[0].length - 1) {&#13;&#10;                            while (l &lt;= checkersBoard.&#13;&#10;                                    oppTrashPlace.length - 1) {&#13;&#10;                                if (checkersBoard.&#13;&#10;                                        oppTrashPlace[l][h].isEmpty()) {&#13;&#10;                                    break OUTER;&#13;&#10;                                }&#13;&#10;                                l++;&#13;&#10;                            }&#13;&#10;                            h++;&#13;&#10;                            l = 0;&#13;&#10;                        }&#13;&#10;                        checkersBoard.movePieceInRepresentation(takenField,&#13;&#10;                                checkersBoard.oppTrashPlace[l][h], false);&#13;&#10;                    }&#13;&#10;                }&#13;&#10;                return true;&#13;&#10;            }&#13;&#10;        }&#13;&#10;        return false;&#13;&#10;    }&#13;&#10;&#13;&#10;    public final void checkForUpgradeKing(Field field, boolean isSimulated)&#13;&#10;            throws NoKingLeft, IOException {&#13;&#10;        if (checkersBoard.peasentIsOnEndRow(field)) {&#13;&#10;            if (checkersBoard.checkAllegiance(field, false)) {&#13;&#10;                field.getPieceOnField().color = checkersBoard.myKingColor;&#13;&#10;                field.getPieceOnField().isCrowned = true;&#13;&#10;                if (!isSimulated) {&#13;&#10;                    fieldToCheck = field;&#13;&#10;                }&#13;&#10;            } else {&#13;&#10;                if (isSimulated) {&#13;&#10;                    field.getPieceOnField().color =&#13;&#10;                            checkersBoard.opponentKingColor;&#13;&#10;                    field.getPieceOnField().isCrowned = true;&#13;&#10;                } else {&#13;&#10;                    boolean foundOne = false;&#13;&#10;                    int i = 0;&#13;&#10;                    while (!foundOne) {&#13;&#10;                        if (i &gt; 7) {&#13;&#10;                            throw new custom.Exceptions.NoKingLeft();&#13;&#10;                        }&#13;&#10;                        if (!checkersBoard.kingPlace[i].isEmpty()) {&#13;&#10;                            //Move old piece to trash&#13;&#10;                            remoteFunctions.trashPieceOnField(field);&#13;&#10;                            //Insert king at location&#13;&#10;                            remoteFunctions.doMove(new Move(&#13;&#10;                                    checkersBoard.kingPlace[i], field, true));&#13;&#10;                            foundOne = true;&#13;&#10;                        }&#13;&#10;                        i++;&#13;&#10;                    }&#13;&#10;                }&#13;&#10;            }&#13;&#10;        }&#13;&#10;    }&#13;&#10;&#13;&#10;    //Function to check if user have replaced the&#13;&#10;    //robots peasant piece with a king piece&#13;&#10;    public final void checkRobotPieceReplaced() throws IOException, NoKingLeft {&#13;&#10;        if (fieldToCheck != null) {&#13;&#10;            boolean checkCondition = true;&#13;&#10;            while (checkCondition) {&#13;&#10;                if (getColor(fieldToCheck.x, fieldToCheck.y)&#13;&#10;                        == checkersBoard.myKingColor) {&#13;&#10;                    checkCondition = false;&#13;&#10;&#13;&#10;                    int i = 0;&#13;&#10;                    int l = 0;&#13;&#10;                    int h = 0;&#13;&#10;&#13;&#10;                    OUTER: while (h &lt;= checkersBoard.&#13;&#10;                            oppTrashPlace[0].length - 1) {&#13;&#10;&#13;&#10;                        while (l &lt;= checkersBoard.&#13;&#10;                                oppTrashPlace.length - 1) {&#13;&#10;&#13;&#10;                            if (checkersBoard.&#13;&#10;                                    oppTrashPlace[l][h].isEmpty()) {&#13;&#10;                                break OUTER;&#13;&#10;                            }&#13;&#10;                            l++;&#13;&#10;                        }&#13;&#10;                        h++;&#13;&#10;                        l = 0;&#13;&#10;                    }&#13;&#10;                    checkersBoard.movePieceInRepresentation(fieldToCheck,&#13;&#10;                            checkersBoard.oppTrashPlace[l][h], false);&#13;&#10;                    while (!(i &gt; 7)) {&#13;&#10;                        if (!checkersBoard.oppKingPlace[i].isEmpty()) {&#13;&#10;                            //Insert king at location&#13;&#10;                            checkersBoard.movePieceInRepresentation(&#13;&#10;                                    checkersBoard.oppKingPlace[i],&#13;&#10;                                    fieldToCheck, true);&#13;&#10;                        }&#13;&#10;                        i++;&#13;&#10;                    }&#13;&#10;                    fieldToCheck = null;&#13;&#10;                } else {&#13;&#10;                    checkersBoard.informer.myKingNotPlaced();&#13;&#10;                    remoteFunctions.waitForRedButton();&#13;&#10;                }&#13;&#10;            }&#13;&#10;        }&#13;&#10;    }&#13;&#10;&#13;&#10;    //Sets the colors of the pieces of the robot&#13;&#10;    public final void findMyColors() throws InterruptedException, IOException {&#13;&#10;        checkersBoard.myPeasentColor = getColor(0, 1);&#13;&#10;        if (checkersBoard.myPeasentColor == 'r') {&#13;&#10;            checkersBoard.myKingColor = 'b';&#13;&#10;        } else if (checkersBoard.myPeasentColor == 'w') {&#13;&#10;            checkersBoard.myKingColor = 'g';&#13;&#10;        } else {&#13;&#10;            remoteFunctions.resetMotors();&#13;&#10;            remoteFunctions.initColorSensor();&#13;&#10;            findMyColors();&#13;&#10;        }&#13;&#10;    }&#13;&#10;&#13;&#10;    //Returns the color on the given position&#13;&#10;    public final char getColor(int x, int y) throws IOException {&#13;&#10;        Color colorResult = remoteFunctions.getColorOnField(x, y);&#13;&#10;&#13;&#10;        int red = colorResult.getRed();&#13;&#10;        int green = colorResult.getGreen();&#13;&#10;        int blue = colorResult.getBlue();&#13;&#10;        if (red &gt; 230 &amp;&amp; red &lt; 290 &amp;&amp; green &lt; 130 &amp;&amp; green &gt; 60&#13;&#10;                &amp;&amp; blue &lt; 140 &amp;&amp; blue &gt; 60) {&#13;&#10;            return 'r';&#13;&#10;        } else if (red &gt; 230 &amp;&amp; red &lt; 285 &amp;&amp; green &gt; 235 &amp;&amp; green &lt; 285&#13;&#10;                &amp;&amp; blue &gt; 230 &amp;&amp; blue &lt; 280) {&#13;&#10;            return 'w';&#13;&#10;        } else if (red &lt; 230 &amp;&amp; red &gt; 170 &amp;&amp; green &gt; 210 &amp;&amp; green &lt; 290&#13;&#10;                &amp;&amp; blue &lt; 230 &amp;&amp; blue &gt; 170) {&#13;&#10;            return 'g';&#13;&#10;        } else if (red &lt; 170 &amp;&amp; red &gt; 110 &amp;&amp; green &lt; 240 &amp;&amp; green &gt; 180&#13;&#10;                &amp;&amp; blue &gt; 210 &amp;&amp; blue &lt; 270) {&#13;&#10;            return 'b';&#13;&#10;        } else {&#13;&#10;            return ' ';&#13;&#10;        }&#13;&#10;    }&#13;&#10;&#13;&#10;    public final boolean checkForGameHasEnded(boolean isHumansTurn)&#13;&#10;            throws IOException, NoKingLeft {&#13;&#10;        switch (gameHasEnded(isHumansTurn)) {&#13;&#10;        case 0:&#13;&#10;            return false;&#13;&#10;        case 1:&#13;&#10;            checkersBoard.informer.humanWon();&#13;&#10;            return true;&#13;&#10;        case 2:&#13;&#10;            checkersBoard.informer.robotWon();&#13;&#10;            return true;&#13;&#10;        case 3:&#13;&#10;            checkersBoard.informer.draw();&#13;&#10;            return true;&#13;&#10;        default:&#13;&#10;            return false;&#13;&#10;        }&#13;&#10;    }&#13;&#10;&#13;&#10;    /*returns 0 if game has not ended, 1 if the human won,&#13;&#10;     * 2 if the robot won and 3 if it was a draw*/&#13;&#10;    public final int gameHasEnded(boolean humanTurn) {&#13;&#10;        checkersBoard.updateMoveables();&#13;&#10;&#13;&#10;        List&lt;Piece&gt; humanPieceList = new ArrayList&lt;Piece&gt;();&#13;&#10;        List&lt;Piece&gt; robotPieceList = new ArrayList&lt;Piece&gt;();&#13;&#10;        boolean robotHasMovable = false;&#13;&#10;        boolean humanHasMovable = false;&#13;&#10;&#13;&#10;        for (Field[] f : checkersBoard.myBoard) {&#13;&#10;            for (Field field : f) {&#13;&#10;                if (!field.isEmpty()) {&#13;&#10;                    if (checkersBoard.checkAllegiance(field, true)) {&#13;&#10;                        humanPieceList.add(field.getPieceOnField());&#13;&#10;                        if (field.getPieceOnField().isMoveable) {&#13;&#10;                            humanHasMovable = true;&#13;&#10;                        }&#13;&#10;                    }&#13;&#10;                    if (checkersBoard.checkAllegiance(field, false)) {&#13;&#10;                        robotPieceList.add(field.getPieceOnField());&#13;&#10;                        if (field.getPieceOnField().isMoveable) {&#13;&#10;                            robotHasMovable = true;&#13;&#10;                        }&#13;&#10;                    }&#13;&#10;                }&#13;&#10;            }&#13;&#10;        }&#13;&#10;&#13;&#10;        if (robotPieceList.size() == 0 || (!humanTurn &amp;&amp; !robotHasMovable)) {&#13;&#10;            return 1;&#13;&#10;        }&#13;&#10;        if (humanPieceList.size() == 0 || (humanTurn &amp;&amp; !humanHasMovable)) {&#13;&#10;            return 2;&#13;&#10;        }&#13;&#10;        if (robotPieceList.size() == 1 &amp;&amp; humanPieceList.size() == 1) {&#13;&#10;            if (robotPieceList.get(0).isCrowned&#13;&#10;                    &amp;&amp; humanPieceList.get(0).isCrowned) {&#13;&#10;                boolean humanisInConer =&#13;&#10;                        isOnDoubleCorners(humanPieceList.get(0));&#13;&#10;                boolean robotisInConer =&#13;&#10;                        isOnDoubleCorners(robotPieceList.get(0));&#13;&#10;                if (humanisInConer || robotisInConer) {&#13;&#10;                    if (humanTurn &amp;&amp; !humanPieceList.get(0).canJump) {&#13;&#10;                        return 3;&#13;&#10;                    } else if (!humanTurn &amp;&amp; !robotPieceList.get(0).canJump) {&#13;&#10;                        return 3;&#13;&#10;                    }&#13;&#10;                }&#13;&#10;            }&#13;&#10;        }&#13;&#10;        return 0;&#13;&#10;    }&#13;&#10;&#13;&#10;    public final boolean hasTheMove(boolean humansTurn,&#13;&#10;            int ownPieces, int oppPieces) {&#13;&#10;        int rowToCheck = 0;&#13;&#10;        if (ownPieces - oppPieces == 0) {&#13;&#10;            if (!humansTurn) {&#13;&#10;                rowToCheck = 1;&#13;&#10;            }&#13;&#10;&#13;&#10;            int pieceCount = 0;&#13;&#10;&#13;&#10;            for (int i = rowToCheck; i &lt; 8; i += 2) {&#13;&#10;                for (int j = 0; j &lt; 8; j++) {&#13;&#10;                    if (!checkersBoard.myBoard[i][j].isEmpty()) {&#13;&#10;                        pieceCount++;&#13;&#10;                    }&#13;&#10;                }&#13;&#10;            }&#13;&#10;&#13;&#10;            if (pieceCount % 2 == 1) {&#13;&#10;                return true;&#13;&#10;            }&#13;&#10;        } else if (!humansTurn &amp;&amp; ownPieces &gt; oppPieces) {&#13;&#10;            return true;&#13;&#10;        } else if (humansTurn &amp;&amp; ownPieces &lt; oppPieces) {&#13;&#10;            return true;&#13;&#10;        }&#13;&#10;        return false;&#13;&#10;    }&#13;&#10;&#13;&#10;    public final boolean isOnDoubleCorners(Piece piece) {&#13;&#10;        if ((piece.getX() == 0 &amp;&amp; piece.getY() == 1)&#13;&#10;                || (piece.getX() == 1 &amp;&amp; piece.getY() == 0)&#13;&#10;                || (piece.getX() == 7 &amp;&amp; piece.getY() == 6)&#13;&#10;                || (piece.getX() == 6 &amp;&amp; piece.getY() == 7)) {&#13;&#10;            return true;&#13;&#10;        }&#13;&#10;        return false;&#13;&#10;    }&#13;&#10;&#13;&#10;    public final void cleanUp() throws IOException, NoKingLeft {&#13;&#10;        for (Field[] fa : checkersBoard.myBoard) {&#13;&#10;            for (Field f : fa) {&#13;&#10;                if (!f.isEmpty()) {&#13;&#10;                    placePiece(f);&#13;&#10;                }&#13;&#10;            }&#13;&#10;        }&#13;&#10;&#13;&#10;        for (Field[] fa : checkersBoard.trashPlace) {&#13;&#10;            for (Field f : fa) {&#13;&#10;                if (!f.isEmpty()) {&#13;&#10;                    placePiece(f);&#13;&#10;                }&#13;&#10;            }&#13;&#10;        }&#13;&#10;&#13;&#10;        for (Field[] fa : checkersBoard.oppTrashPlace) {&#13;&#10;            for (Field f : fa) {&#13;&#10;                if (!f.isEmpty()) {&#13;&#10;                    placePiece(f);&#13;&#10;                }&#13;&#10;            }&#13;&#10;        }&#13;&#10;    }&#13;&#10;&#13;&#10;    private void placePiece(Field fieldToMove) throws IOException, NoKingLeft {&#13;&#10;        if (fieldToMove.getPieceOnField().isCrowned) {&#13;&#10;            moveToKingRow(fieldToMove);&#13;&#10;        } else {&#13;&#10;            if (isInCorrectEnd(fieldToMove.getPieceOnField())) {&#13;&#10;                return;&#13;&#10;            } else {&#13;&#10;                movePeasent(fieldToMove);&#13;&#10;            }&#13;&#10;        }&#13;&#10;    }&#13;&#10;&#13;&#10;    private void movePeasent(Field fieldToMove) throws IOException, NoKingLeft {&#13;&#10;        if (checkersBoard.checkAllegiance(&#13;&#10;                fieldToMove.getPieceOnField(), true)) {&#13;&#10;            OUTERMOST: for (int i = 0; i &lt;= 7; i++) {&#13;&#10;                for (int j = 5; j &lt;= 7; j++) {&#13;&#10;                    if (checkersBoard.myBoard[i][j].isEmpty()&#13;&#10;                            &amp;&amp; checkersBoard.myBoard[i][j].allowedField) {&#13;&#10;                        remoteFunctions.doMove(new Move(fieldToMove,&#13;&#10;                                checkersBoard.myBoard[i][j], false));&#13;&#10;                        break OUTERMOST;&#13;&#10;                    }&#13;&#10;                }&#13;&#10;            }&#13;&#10;        } else if (checkersBoard.checkAllegiance(&#13;&#10;                fieldToMove.getPieceOnField(), false)) {&#13;&#10;            OUTERMOST: for (int i = 0; i &lt;= 7; i++) {&#13;&#10;                for (int j = 0; j &lt;= 2; j++) {&#13;&#10;                    if (checkersBoard.myBoard[i][j].isEmpty()&#13;&#10;                            &amp;&amp; checkersBoard.myBoard[i][j].allowedField) {&#13;&#10;                        remoteFunctions.doMove(new Move(fieldToMove,&#13;&#10;                                checkersBoard.myBoard[i][j], false));&#13;&#10;                        break OUTERMOST;&#13;&#10;                    }&#13;&#10;                }&#13;&#10;            }&#13;&#10;        }&#13;&#10;    }&#13;&#10;&#13;&#10;    private void moveToKingRow(Field fieldToMove)&#13;&#10;            throws IOException, NoKingLeft {&#13;&#10;        if (checkersBoard.checkAllegiance(&#13;&#10;                fieldToMove.getPieceOnField(), false)) {&#13;&#10;            int i = 0;&#13;&#10;            while (!(i &gt; 7)) {&#13;&#10;                if (checkersBoard.oppKingPlace[i].isEmpty()) {&#13;&#10;                    //Insert king at location&#13;&#10;                    remoteFunctions.doMove(new Move(fieldToMove,&#13;&#10;                            checkersBoard.oppKingPlace[i], true));&#13;&#10;                    return;&#13;&#10;                }&#13;&#10;                i++;&#13;&#10;            }&#13;&#10;        } else if (checkersBoard.checkAllegiance(&#13;&#10;                fieldToMove.getPieceOnField(), true)) {&#13;&#10;            int i = 0;&#13;&#10;            while (!(i &gt; 7)) {&#13;&#10;                if (checkersBoard.kingPlace[i].isEmpty()) {&#13;&#10;                    //Insert king at location&#13;&#10;                    remoteFunctions.doMove(new Move(fieldToMove,&#13;&#10;                            checkersBoard.kingPlace[i], true));&#13;&#10;                    return;&#13;&#10;                }&#13;&#10;                i++;&#13;&#10;            }&#13;&#10;        }&#13;&#10;    }&#13;&#10;&#13;&#10;    private boolean isInCorrectEnd(Piece pieceToCheck) {&#13;&#10;        return (checkersBoard.checkAllegiance(pieceToCheck, true)&#13;&#10;                &amp;&amp; (pieceToCheck.getY() &gt;= 5 &amp;&amp; pieceToCheck.getY() &lt;= 7))&#13;&#10;                || (checkersBoard.checkAllegiance(pieceToCheck, false)&#13;&#10;                &amp;&amp; (pieceToCheck.getY() &gt;= 0 &amp;&amp; pieceToCheck.getY() &lt;= 2));&#13;&#10;    }&#13;&#10;}&#13;&#10;" Filename="Analyze.java" Intrnl_Id="8"/>
</SrcFileList>
<CritList>
<CritListEntry Name="org.codecover.model.utils.criteria.LoopCoverage" PluginName="org.codecover"/>
<CritListEntry Name="org.codecover.model.utils.criteria.BranchCoverage" PluginName="org.codecover"/>
<CritListEntry Name="org.codecover.model.utils.criteria.ConditionCoverage" PluginName="org.codecover"/>
<CritListEntry Name="org.codecover.model.utils.criteria.SynchronizedStatementCoverage" PluginName="org.codecover"/>
<CritListEntry Name="org.codecover.model.utils.criteria.QMOCoverage" PluginName="org.codecover"/>
<CritListEntry Name="org.codecover.model.utils.criteria.StatementCoverage" PluginName="org.codecover"/>
</CritList>
<BoolOpList>
<BoolOp Arity="1" Intrnl_Id="9" Name="not (!)">
<BoolAssgnmntBoolMapList>
<MapEntry BoolAssgnmnt="0" Value="true"/>
<MapEntry BoolAssgnmnt="1" Value="false"/>
</BoolAssgnmntBoolMapList>
</BoolOp>
<BoolOp Arity="2" Intrnl_Id="10" Name="conditional and (&amp;&amp;)">
<BoolAssgnmntBoolMapList>
<MapEntry BoolAssgnmnt="10" Value="false"/>
<MapEntry BoolAssgnmnt="02" Value="false"/>
<MapEntry BoolAssgnmnt="11" Value="true"/>
</BoolAssgnmntBoolMapList>
</BoolOp>
<BoolOp Arity="2" Intrnl_Id="11" Name="conditional or (||)">
<BoolAssgnmntBoolMapList>
<MapEntry BoolAssgnmnt="01" Value="true"/>
<MapEntry BoolAssgnmnt="00" Value="false"/>
<MapEntry BoolAssgnmnt="12" Value="true"/>
</BoolAssgnmntBoolMapList>
</BoolOp>
</BoolOpList>
<HierarchyLvlTypeList>
<HierarchyLvlType EnglishName="package" IntrnlName="package" Intrnl_Id="12"/>
<HierarchyLvlType EnglishName="class" IntrnlName="class" Intrnl_Id="13"/>
<HierarchyLvlType EnglishName="method" IntrnlName="method" Intrnl_Id="14"/>
<HierarchyLvlType EnglishName="default package" IntrnlName="default package" Intrnl_Id="15"/>
</HierarchyLvlTypeList>
<MASTRoot>
<HierarchyLvl HierarchyLvlId="1928" HierarchyLvlTypeId="15" Intrnl_Id="16" Name="default package">
<Header/>
<LocList/>
<HierarchyLvl HierarchyLvlId="1927" HierarchyLvlTypeId="12" Intrnl_Id="17" Name="com">
<Header/>
<LocList/>
<HierarchyLvl HierarchyLvlId="1926" HierarchyLvlTypeId="12" Intrnl_Id="18" Name="OriginalFiles">
<Header/>
<LocList/>
<HierarchyLvl HierarchyLvlId="1828" HierarchyLvlTypeId="13" Intrnl_Id="19" Name="RemoteNXTFunctions">
<Header>
<Loc EndOffset="220" SrcFileId="1" StartOffset="189"/>
</Header>
<LocList>
<Loc EndOffset="11343" SrcFileId="1" StartOffset="189"/>
</LocList>
<StmntSeq Intrnl_Id="20">
<LocList>
<Loc EndOffset="296" SrcFileId="1" StartOffset="261"/>
<Loc EndOffset="356" SrcFileId="1" StartOffset="302"/>
</LocList>
<BasicStmnt CovItemId="S1" CovItemPrefix="com.OriginalFiles.RemoteNXTFunctions.java" Intrnl_Id="21">
<LocList>
<Loc EndOffset="296" SrcFileId="1" StartOffset="261"/>
</LocList>
</BasicStmnt>
<BasicStmnt CovItemId="S2" CovItemPrefix="com.OriginalFiles.RemoteNXTFunctions.java" Intrnl_Id="22">
<LocList>
<Loc EndOffset="356" SrcFileId="1" StartOffset="302"/>
</LocList>
</BasicStmnt>
</StmntSeq>
<HierarchyLvl HierarchyLvlId="1819" HierarchyLvlTypeId="14" Intrnl_Id="23" Name="RemoteNXTFunctions">
<Header>
<Loc EndOffset="432" SrcFileId="1" StartOffset="364"/>
</Header>
<LocList>
<Loc EndOffset="483" SrcFileId="1" StartOffset="364"/>
</LocList>
<StmntSeq Intrnl_Id="24">
<LocList>
<Loc EndOffset="476" SrcFileId="1" StartOffset="444"/>
</LocList>
<BasicStmnt CovItemId="S3" CovItemPrefix="com.OriginalFiles.RemoteNXTFunctions.java" Intrnl_Id="25">
<LocList>
<Loc EndOffset="476" SrcFileId="1" StartOffset="444"/>
</LocList>
</BasicStmnt>
</StmntSeq>
</HierarchyLvl>
<HierarchyLvl HierarchyLvlId="1820" HierarchyLvlTypeId="14" Intrnl_Id="26" Name="resetMotors">
<Header>
<Loc EndOffset="514" SrcFileId="1" StartOffset="489"/>
</Header>
<LocList>
<Loc EndOffset="571" SrcFileId="1" StartOffset="489"/>
</LocList>
<StmntSeq Intrnl_Id="27">
<LocList>
<Loc EndOffset="564" SrcFileId="1" StartOffset="526"/>
</LocList>
<BasicStmnt CovItemId="S4" CovItemPrefix="com.OriginalFiles.RemoteNXTFunctions.java" Intrnl_Id="28">
<LocList>
<Loc EndOffset="564" SrcFileId="1" StartOffset="526"/>
</LocList>
</BasicStmnt>
</StmntSeq>
</HierarchyLvl>
<HierarchyLvl HierarchyLvlId="1821" HierarchyLvlTypeId="14" Intrnl_Id="29" Name="trashPieceOnField">
<Header>
<Loc EndOffset="621" SrcFileId="1" StartOffset="579"/>
</Header>
<LocList>
<Loc EndOffset="678" SrcFileId="1" StartOffset="579"/>
</LocList>
<StmntSeq Intrnl_Id="30">
<LocList>
<Loc EndOffset="661" SrcFileId="1" StartOffset="633"/>
</LocList>
<BasicStmnt CovItemId="S5" CovItemPrefix="com.OriginalFiles.RemoteNXTFunctions.java" Intrnl_Id="31">
<LocList>
<Loc EndOffset="661" SrcFileId="1" StartOffset="633"/>
</LocList>
</BasicStmnt>
</StmntSeq>
</HierarchyLvl>
<HierarchyLvl HierarchyLvlId="1822" HierarchyLvlTypeId="14" Intrnl_Id="32" Name="doMove">
<Header>
<Loc EndOffset="746" SrcFileId="1" StartOffset="686"/>
</Header>
<LocList>
<Loc EndOffset="1292" SrcFileId="1" StartOffset="686"/>
</LocList>
<StmntSeq Intrnl_Id="33">
<LocList>
<Loc EndOffset="807" SrcFileId="1" StartOffset="758"/>
<Loc EndOffset="852" SrcFileId="1" StartOffset="819"/>
<Loc EndOffset="1154" SrcFileId="1" StartOffset="862"/>
<Loc EndOffset="1275" SrcFileId="1" StartOffset="1166"/>
</LocList>
<BasicStmnt CovItemId="S6" CovItemPrefix="com.OriginalFiles.RemoteNXTFunctions.java" Intrnl_Id="34">
<LocList>
<Loc EndOffset="807" SrcFileId="1" StartOffset="758"/>
</LocList>
</BasicStmnt>
<BasicStmnt CovItemId="S7" CovItemPrefix="com.OriginalFiles.RemoteNXTFunctions.java" Intrnl_Id="35">
<LocList>
<Loc EndOffset="852" SrcFileId="1" StartOffset="819"/>
</LocList>
</BasicStmnt>
<LoopStmnt CovItemId="S8" CovItemPrefix="com.OriginalFiles.RemoteNXTFunctions.java" Intrnl_Id="36" MltplExecId="L1-2" MltplExecPrefix="com.OriginalFiles.RemoteNXTFunctions.java" NvrExecId="L1-0" NvrExecPrefix="com.OriginalFiles.RemoteNXTFunctions.java" OnceExecutedId="L1-1" OnceExecutedPrefix="com.OriginalFiles.RemoteNXTFunctions.java" OptBodyExec="true">
<StmntSeq Intrnl_Id="37">
<LocList>
<Loc EndOffset="1041" SrcFileId="1" StartOffset="908"/>
<Loc EndOffset="1143" SrcFileId="1" StartOffset="1055"/>
</LocList>
<BasicStmnt CovItemId="S9" CovItemPrefix="com.OriginalFiles.RemoteNXTFunctions.java" Intrnl_Id="38">
<LocList>
<Loc EndOffset="1041" SrcFileId="1" StartOffset="908"/>
</LocList>
</BasicStmnt>
<CondStmnt CovItemId="S10" CovItemPrefix="com.OriginalFiles.RemoteNXTFunctions.java" Intrnl_Id="39">
<Branch CovItemId="B1" CovItemPrefix="com.OriginalFiles.RemoteNXTFunctions.java" Implct="false" Intrnl_Id="40">
<Cond/>
<LocList>
<Loc EndOffset="1143" SrcFileId="1" StartOffset="1080"/>
</LocList>
<StmntSeq Intrnl_Id="41">
<LocList>
<Loc EndOffset="1128" SrcFileId="1" StartOffset="1099"/>
</LocList>
<BasicStmnt CovItemId="S11" CovItemPrefix="com.OriginalFiles.RemoteNXTFunctions.java" Intrnl_Id="42">
<LocList>
<Loc EndOffset="1128" SrcFileId="1" StartOffset="1099"/>
</LocList>
</BasicStmnt>
</StmntSeq>
</Branch>
<Branch CovItemId="B2" CovItemPrefix="com.OriginalFiles.RemoteNXTFunctions.java" Implct="true" Intrnl_Id="43">
<Cond/>
<LocList/>
<StmntSeq Intrnl_Id="44">
<LocList/>
</StmntSeq>
</Branch>
<Keyword EndOffset="1057" SrcFileId="1" StartOffset="1055"/>
<LocList>
<Loc EndOffset="1143" SrcFileId="1" StartOffset="1055"/>
</LocList>
<RootTerm CovItemId="C2" CovItemPrefix="com.OriginalFiles.RemoteNXTFunctions.java" Intrnl_Id="45">
<BasicBoolTerm Intrnl_Id="46">
<LocList>
<Loc EndOffset="1078" SrcFileId="1" StartOffset="1059"/>
</LocList>
</BasicBoolTerm>
</RootTerm>
</CondStmnt>
</StmntSeq>
<Keyword EndOffset="865" SrcFileId="1" StartOffset="862"/>
<LocList>
<Loc EndOffset="1154" SrcFileId="1" StartOffset="862"/>
</LocList>
<RootTerm CovItemId="C1" CovItemPrefix="com.OriginalFiles.RemoteNXTFunctions.java" Intrnl_Id="47">
<BasicBoolTerm Intrnl_Id="48">
<LocList>
<Loc EndOffset="886" SrcFileId="1" StartOffset="878"/>
</LocList>
</BasicBoolTerm>
</RootTerm>
</LoopStmnt>
<LoopStmnt CovItemId="S12" CovItemPrefix="com.OriginalFiles.RemoteNXTFunctions.java" Intrnl_Id="49" MltplExecId="L2-2" MltplExecPrefix="com.OriginalFiles.RemoteNXTFunctions.java" NvrExecId="L2-0" NvrExecPrefix="com.OriginalFiles.RemoteNXTFunctions.java" OnceExecutedId="L2-1" OnceExecutedPrefix="com.OriginalFiles.RemoteNXTFunctions.java" OptBodyExec="true">
<StmntSeq Intrnl_Id="50">
<LocList>
<Loc EndOffset="1264" SrcFileId="1" StartOffset="1226"/>
</LocList>
<BasicStmnt CovItemId="S13" CovItemPrefix="com.OriginalFiles.RemoteNXTFunctions.java" Intrnl_Id="51">
<LocList>
<Loc EndOffset="1264" SrcFileId="1" StartOffset="1226"/>
</LocList>
</BasicStmnt>
</StmntSeq>
<Keyword EndOffset="1169" SrcFileId="1" StartOffset="1166"/>
<LocList>
<Loc EndOffset="1275" SrcFileId="1" StartOffset="1166"/>
</LocList>
<RootTerm CovItemId="C3" CovItemPrefix="com.OriginalFiles.RemoteNXTFunctions.java" Intrnl_Id="52">
<BasicBoolTerm Intrnl_Id="53">
<LocList>
<Loc EndOffset="1204" SrcFileId="1" StartOffset="1182"/>
</LocList>
</BasicBoolTerm>
</RootTerm>
</LoopStmnt>
</StmntSeq>
</HierarchyLvl>
<HierarchyLvl HierarchyLvlId="1823" HierarchyLvlTypeId="14" Intrnl_Id="54" Name="movePieceOverField">
<Header>
<Loc EndOffset="1406" SrcFileId="1" StartOffset="1298"/>
</Header>
<LocList>
<Loc EndOffset="1786" SrcFileId="1" StartOffset="1298"/>
</LocList>
<StmntSeq Intrnl_Id="55">
<LocList>
<Loc EndOffset="1448" SrcFileId="1" StartOffset="1418"/>
<Loc EndOffset="1779" SrcFileId="1" StartOffset="1460"/>
</LocList>
<BasicStmnt CovItemId="S14" CovItemPrefix="com.OriginalFiles.RemoteNXTFunctions.java" Intrnl_Id="56">
<LocList>
<Loc EndOffset="1448" SrcFileId="1" StartOffset="1418"/>
</LocList>
</BasicStmnt>
<CondStmnt CovItemId="S15" CovItemPrefix="com.OriginalFiles.RemoteNXTFunctions.java" Intrnl_Id="57">
<Branch CovItemId="B3" CovItemPrefix="com.OriginalFiles.RemoteNXTFunctions.java" Implct="false" Intrnl_Id="58">
<Cond/>
<LocList>
<Loc EndOffset="1735" SrcFileId="1" StartOffset="1576"/>
</LocList>
<StmntSeq Intrnl_Id="59">
<LocList>
<Loc EndOffset="1724" SrcFileId="1" StartOffset="1591"/>
</LocList>
<BasicStmnt CovItemId="S16" CovItemPrefix="com.OriginalFiles.RemoteNXTFunctions.java" Intrnl_Id="60">
<LocList>
<Loc EndOffset="1724" SrcFileId="1" StartOffset="1591"/>
</LocList>
</BasicStmnt>
</StmntSeq>
</Branch>
<Branch CovItemId="B4" CovItemPrefix="com.OriginalFiles.RemoteNXTFunctions.java" Implct="false" Intrnl_Id="61">
<Cond>
<Loc EndOffset="1740" SrcFileId="1" StartOffset="1736"/>
</Cond>
<LocList>
<Loc EndOffset="1779" SrcFileId="1" StartOffset="1741"/>
</LocList>
<StmntSeq Intrnl_Id="62">
<LocList>
<Loc EndOffset="1768" SrcFileId="1" StartOffset="1756"/>
</LocList>
<BasicStmnt CovItemId="S17" CovItemPrefix="com.OriginalFiles.RemoteNXTFunctions.java" Intrnl_Id="63">
<LocList>
<Loc EndOffset="1768" SrcFileId="1" StartOffset="1756"/>
</LocList>
</BasicStmnt>
</StmntSeq>
</Branch>
<Keyword EndOffset="1462" SrcFileId="1" StartOffset="1460"/>
<LocList>
<Loc EndOffset="1779" SrcFileId="1" StartOffset="1460"/>
</LocList>
<RootTerm CovItemId="C4" CovItemPrefix="com.OriginalFiles.RemoteNXTFunctions.java" Intrnl_Id="64">
<OpTerm BooleanOpId="10" Intrnl_Id="65">
<BasicBoolTerm Intrnl_Id="66">
<LocList>
<Loc EndOffset="1515" SrcFileId="1" StartOffset="1464"/>
</LocList>
</BasicBoolTerm>
<BasicBoolTerm Intrnl_Id="67">
<LocList>
<Loc EndOffset="1574" SrcFileId="1" StartOffset="1536"/>
</LocList>
</BasicBoolTerm>
<LocList>
<Loc EndOffset="1535" SrcFileId="1" StartOffset="1533"/>
</LocList>
</OpTerm>
</RootTerm>
</CondStmnt>
</StmntSeq>
</HierarchyLvl>
<HierarchyLvl HierarchyLvlId="1824" HierarchyLvlTypeId="14" Intrnl_Id="68" Name="movePiece">
<Header>
<Loc EndOffset="1890" SrcFileId="1" StartOffset="1792"/>
</Header>
<LocList>
<Loc EndOffset="1976" SrcFileId="1" StartOffset="1792"/>
</LocList>
<StmntSeq Intrnl_Id="69">
<LocList>
<Loc EndOffset="1969" SrcFileId="1" StartOffset="1902"/>
</LocList>
<BasicStmnt CovItemId="S18" CovItemPrefix="com.OriginalFiles.RemoteNXTFunctions.java" Intrnl_Id="70">
<LocList>
<Loc EndOffset="1969" SrcFileId="1" StartOffset="1902"/>
</LocList>
</BasicStmnt>
</StmntSeq>
</HierarchyLvl>
<HierarchyLvl HierarchyLvlId="1825" HierarchyLvlTypeId="14" Intrnl_Id="71" Name="waitForRedButton">
<Header>
<Loc EndOffset="2014" SrcFileId="1" StartOffset="1984"/>
</Header>
<LocList>
<Loc EndOffset="2069" SrcFileId="1" StartOffset="1984"/>
</LocList>
</HierarchyLvl>
<HierarchyLvl HierarchyLvlId="1826" HierarchyLvlTypeId="14" Intrnl_Id="72" Name="initColorSensor">
<Header>
<Loc EndOffset="2106" SrcFileId="1" StartOffset="2077"/>
</Header>
<LocList>
<Loc EndOffset="2161" SrcFileId="1" StartOffset="2077"/>
</LocList>
</HierarchyLvl>
<HierarchyLvl HierarchyLvlId="1827" HierarchyLvlTypeId="14" Intrnl_Id="73" Name="getColorOnField">
<Header>
<Loc EndOffset="2217" SrcFileId="1" StartOffset="2169"/>
</Header>
<LocList>
<Loc EndOffset="11338" SrcFileId="1" StartOffset="2169"/>
</LocList>
<StmntSeq Intrnl_Id="74">
<LocList>
<Loc EndOffset="2256" SrcFileId="1" StartOffset="2229"/>
<Loc EndOffset="11297" SrcFileId="1" StartOffset="2276"/>
<Loc EndOffset="11331" SrcFileId="1" StartOffset="11317"/>
</LocList>
<BasicStmnt CovItemId="S19" CovItemPrefix="com.OriginalFiles.RemoteNXTFunctions.java" Intrnl_Id="75">
<LocList>
<Loc EndOffset="2256" SrcFileId="1" StartOffset="2229"/>
</LocList>
</BasicStmnt>
<CondStmnt CovItemId="S20" CovItemPrefix="com.OriginalFiles.RemoteNXTFunctions.java" Intrnl_Id="76">
<Branch CovItemId="B5" CovItemPrefix="com.OriginalFiles.RemoteNXTFunctions.java" Implct="false" Intrnl_Id="77">
<Cond/>
<LocList>
<Loc EndOffset="2815" SrcFileId="1" StartOffset="2305"/>
</LocList>
<StmntSeq Intrnl_Id="78">
<LocList>
<Loc EndOffset="2804" SrcFileId="1" StartOffset="2320"/>
</LocList>
<CondStmnt CovItemId="S21" CovItemPrefix="com.OriginalFiles.RemoteNXTFunctions.java" Intrnl_Id="79">
<Branch CovItemId="B7" CovItemPrefix="com.OriginalFiles.RemoteNXTFunctions.java" Implct="false" Intrnl_Id="80">
<Cond/>
<LocList>
<Loc EndOffset="2409" SrcFileId="1" StartOffset="2354"/>
</LocList>
<StmntSeq Intrnl_Id="81">
<LocList>
<Loc EndOffset="2394" SrcFileId="1" StartOffset="2373"/>
</LocList>
<BasicStmnt CovItemId="S22" CovItemPrefix="com.OriginalFiles.RemoteNXTFunctions.java" Intrnl_Id="82">
<LocList>
<Loc EndOffset="2394" SrcFileId="1" StartOffset="2373"/>
</LocList>
</BasicStmnt>
</StmntSeq>
</Branch>
<Branch CovItemId="B8" CovItemPrefix="com.OriginalFiles.RemoteNXTFunctions.java" Implct="false" Intrnl_Id="83">
<Cond>
<Loc EndOffset="2414" SrcFileId="1" StartOffset="2410"/>
</Cond>
<LocList>
<Loc EndOffset="2804" SrcFileId="1" StartOffset="2415"/>
</LocList>
<StmntSeq Intrnl_Id="84">
<LocList>
<Loc EndOffset="2804" SrcFileId="1" StartOffset="2415"/>
</LocList>
<CondStmnt CovItemId="S23" CovItemPrefix="com.OriginalFiles.RemoteNXTFunctions.java" Intrnl_Id="85">
<Branch CovItemId="B9" CovItemPrefix="com.OriginalFiles.RemoteNXTFunctions.java" Implct="false" Intrnl_Id="86">
<Cond/>
<LocList>
<Loc EndOffset="2492" SrcFileId="1" StartOffset="2437"/>
</LocList>
<StmntSeq Intrnl_Id="87">
<LocList>
<Loc EndOffset="2477" SrcFileId="1" StartOffset="2456"/>
</LocList>
<BasicStmnt CovItemId="S24" CovItemPrefix="com.OriginalFiles.RemoteNXTFunctions.java" Intrnl_Id="88">
<LocList>
<Loc EndOffset="2477" SrcFileId="1" StartOffset="2456"/>
</LocList>
</BasicStmnt>
</StmntSeq>
</Branch>
<Branch CovItemId="B10" CovItemPrefix="com.OriginalFiles.RemoteNXTFunctions.java" Implct="false" Intrnl_Id="89">
<Cond>
<Loc EndOffset="2497" SrcFileId="1" StartOffset="2493"/>
</Cond>
<LocList>
<Loc EndOffset="2804" SrcFileId="1" StartOffset="2498"/>
</LocList>
<StmntSeq Intrnl_Id="90">
<LocList>
<Loc EndOffset="2804" SrcFileId="1" StartOffset="2498"/>
</LocList>
<CondStmnt CovItemId="S25" CovItemPrefix="com.OriginalFiles.RemoteNXTFunctions.java" Intrnl_Id="91">
<Branch CovItemId="B11" CovItemPrefix="com.OriginalFiles.RemoteNXTFunctions.java" Implct="false" Intrnl_Id="92">
<Cond/>
<LocList>
<Loc EndOffset="2575" SrcFileId="1" StartOffset="2520"/>
</LocList>
<StmntSeq Intrnl_Id="93">
<LocList>
<Loc EndOffset="2560" SrcFileId="1" StartOffset="2539"/>
</LocList>
<BasicStmnt CovItemId="S26" CovItemPrefix="com.OriginalFiles.RemoteNXTFunctions.java" Intrnl_Id="94">
<LocList>
<Loc EndOffset="2560" SrcFileId="1" StartOffset="2539"/>
</LocList>
</BasicStmnt>
</StmntSeq>
</Branch>
<Branch CovItemId="B12" CovItemPrefix="com.OriginalFiles.RemoteNXTFunctions.java" Implct="false" Intrnl_Id="95">
<Cond>
<Loc EndOffset="2580" SrcFileId="1" StartOffset="2576"/>
</Cond>
<LocList>
<Loc EndOffset="2804" SrcFileId="1" StartOffset="2581"/>
</LocList>
<StmntSeq Intrnl_Id="96">
<LocList>
<Loc EndOffset="2804" SrcFileId="1" StartOffset="2581"/>
</LocList>
<CondStmnt CovItemId="S27" CovItemPrefix="com.OriginalFiles.RemoteNXTFunctions.java" Intrnl_Id="97">
<Branch CovItemId="B13" CovItemPrefix="com.OriginalFiles.RemoteNXTFunctions.java" Implct="false" Intrnl_Id="98">
<Cond/>
<LocList>
<Loc EndOffset="2743" SrcFileId="1" StartOffset="2640"/>
</LocList>
<StmntSeq Intrnl_Id="99">
<LocList>
<Loc EndOffset="2728" SrcFileId="1" StartOffset="2659"/>
</LocList>
<BasicStmnt CovItemId="S28" CovItemPrefix="com.OriginalFiles.RemoteNXTFunctions.java" Intrnl_Id="100">
<LocList>
<Loc EndOffset="2728" SrcFileId="1" StartOffset="2659"/>
</LocList>
</BasicStmnt>
</StmntSeq>
</Branch>
<Branch CovItemId="B14" CovItemPrefix="com.OriginalFiles.RemoteNXTFunctions.java" Implct="false" Intrnl_Id="101">
<Cond>
<Loc EndOffset="2748" SrcFileId="1" StartOffset="2744"/>
</Cond>
<LocList>
<Loc EndOffset="2804" SrcFileId="1" StartOffset="2749"/>
</LocList>
<StmntSeq Intrnl_Id="102">
<LocList>
<Loc EndOffset="2789" SrcFileId="1" StartOffset="2768"/>
</LocList>
<BasicStmnt CovItemId="S29" CovItemPrefix="com.OriginalFiles.RemoteNXTFunctions.java" Intrnl_Id="103">
<LocList>
<Loc EndOffset="2789" SrcFileId="1" StartOffset="2768"/>
</LocList>
</BasicStmnt>
</StmntSeq>
</Branch>
<Keyword EndOffset="2583" SrcFileId="1" StartOffset="2581"/>
<LocList>
<Loc EndOffset="2804" SrcFileId="1" StartOffset="2581"/>
</LocList>
<RootTerm CovItemId="C9" CovItemPrefix="com.OriginalFiles.RemoteNXTFunctions.java" Intrnl_Id="104">
<BasicBoolTerm Intrnl_Id="105">
<LocList>
<Loc EndOffset="2638" SrcFileId="1" StartOffset="2585"/>
</LocList>
</BasicBoolTerm>
</RootTerm>
</CondStmnt>
</StmntSeq>
</Branch>
<Keyword EndOffset="2500" SrcFileId="1" StartOffset="2498"/>
<LocList>
<Loc EndOffset="2804" SrcFileId="1" StartOffset="2498"/>
</LocList>
<RootTerm CovItemId="C8" CovItemPrefix="com.OriginalFiles.RemoteNXTFunctions.java" Intrnl_Id="106">
<OpTerm BooleanOpId="10" Intrnl_Id="107">
<BasicBoolTerm Intrnl_Id="108">
<LocList>
<Loc EndOffset="2508" SrcFileId="1" StartOffset="2502"/>
</LocList>
</BasicBoolTerm>
<BasicBoolTerm Intrnl_Id="109">
<LocList>
<Loc EndOffset="2518" SrcFileId="1" StartOffset="2512"/>
</LocList>
</BasicBoolTerm>
<LocList>
<Loc EndOffset="2511" SrcFileId="1" StartOffset="2509"/>
</LocList>
</OpTerm>
</RootTerm>
</CondStmnt>
</StmntSeq>
</Branch>
<Keyword EndOffset="2417" SrcFileId="1" StartOffset="2415"/>
<LocList>
<Loc EndOffset="2804" SrcFileId="1" StartOffset="2415"/>
</LocList>
<RootTerm CovItemId="C7" CovItemPrefix="com.OriginalFiles.RemoteNXTFunctions.java" Intrnl_Id="110">
<OpTerm BooleanOpId="10" Intrnl_Id="111">
<BasicBoolTerm Intrnl_Id="112">
<LocList>
<Loc EndOffset="2425" SrcFileId="1" StartOffset="2419"/>
</LocList>
</BasicBoolTerm>
<BasicBoolTerm Intrnl_Id="113">
<LocList>
<Loc EndOffset="2435" SrcFileId="1" StartOffset="2429"/>
</LocList>
</BasicBoolTerm>
<LocList>
<Loc EndOffset="2428" SrcFileId="1" StartOffset="2426"/>
</LocList>
</OpTerm>
</RootTerm>
</CondStmnt>
</StmntSeq>
</Branch>
<Keyword EndOffset="2322" SrcFileId="1" StartOffset="2320"/>
<LocList>
<Loc EndOffset="2804" SrcFileId="1" StartOffset="2320"/>
</LocList>
<RootTerm CovItemId="C6" CovItemPrefix="com.OriginalFiles.RemoteNXTFunctions.java" Intrnl_Id="114">
<OpTerm BooleanOpId="10" Intrnl_Id="115">
<BasicBoolTerm Intrnl_Id="116">
<LocList>
<Loc EndOffset="2329" SrcFileId="1" StartOffset="2323"/>
</LocList>
</BasicBoolTerm>
<BasicBoolTerm Intrnl_Id="117">
<LocList>
<Loc EndOffset="2339" SrcFileId="1" StartOffset="2333"/>
</LocList>
</BasicBoolTerm>
<LocList>
<Loc EndOffset="2332" SrcFileId="1" StartOffset="2330"/>
</LocList>
</OpTerm>
</RootTerm>
</CondStmnt>
</StmntSeq>
</Branch>
<Branch CovItemId="B6" CovItemPrefix="com.OriginalFiles.RemoteNXTFunctions.java" Implct="false" Intrnl_Id="118">
<Cond>
<Loc EndOffset="2829" SrcFileId="1" StartOffset="2825"/>
</Cond>
<LocList>
<Loc EndOffset="11297" SrcFileId="1" StartOffset="2830"/>
</LocList>
<StmntSeq Intrnl_Id="119">
<LocList>
<Loc EndOffset="3427" SrcFileId="1" StartOffset="2892"/>
<Loc EndOffset="4023" SrcFileId="1" StartOffset="3488"/>
<Loc EndOffset="11286" SrcFileId="1" StartOffset="4039"/>
</LocList>
<CondStmnt CovItemId="S30" CovItemPrefix="com.OriginalFiles.RemoteNXTFunctions.java" Intrnl_Id="120">
<Branch CovItemId="B15" CovItemPrefix="com.OriginalFiles.RemoteNXTFunctions.java" Implct="false" Intrnl_Id="121">
<Cond/>
<LocList>
<Loc EndOffset="3427" SrcFileId="1" StartOffset="2923"/>
</LocList>
<StmntSeq Intrnl_Id="122">
<LocList>
<Loc EndOffset="3412" SrcFileId="1" StartOffset="2942"/>
</LocList>
<CondStmnt CovItemId="S31" CovItemPrefix="com.OriginalFiles.RemoteNXTFunctions.java" Intrnl_Id="123">
<Branch CovItemId="B17" CovItemPrefix="com.OriginalFiles.RemoteNXTFunctions.java" Implct="false" Intrnl_Id="124">
<Cond/>
<LocList>
<Loc EndOffset="3043" SrcFileId="1" StartOffset="2980"/>
</LocList>
<StmntSeq Intrnl_Id="125">
<LocList>
<Loc EndOffset="3024" SrcFileId="1" StartOffset="3003"/>
</LocList>
<BasicStmnt CovItemId="S32" CovItemPrefix="com.OriginalFiles.RemoteNXTFunctions.java" Intrnl_Id="126">
<LocList>
<Loc EndOffset="3024" SrcFileId="1" StartOffset="3003"/>
</LocList>
</BasicStmnt>
</StmntSeq>
</Branch>
<Branch CovItemId="B18" CovItemPrefix="com.OriginalFiles.RemoteNXTFunctions.java" Implct="false" Intrnl_Id="127">
<Cond>
<Loc EndOffset="3065" SrcFileId="1" StartOffset="3061"/>
</Cond>
<LocList>
<Loc EndOffset="3412" SrcFileId="1" StartOffset="3066"/>
</LocList>
<StmntSeq Intrnl_Id="128">
<LocList>
<Loc EndOffset="3412" SrcFileId="1" StartOffset="3066"/>
</LocList>
<CondStmnt CovItemId="S33" CovItemPrefix="com.OriginalFiles.RemoteNXTFunctions.java" Intrnl_Id="129">
<Branch CovItemId="B19" CovItemPrefix="com.OriginalFiles.RemoteNXTFunctions.java" Implct="false" Intrnl_Id="130">
<Cond/>
<LocList>
<Loc EndOffset="3167" SrcFileId="1" StartOffset="3104"/>
</LocList>
<StmntSeq Intrnl_Id="131">
<LocList>
<Loc EndOffset="3148" SrcFileId="1" StartOffset="3127"/>
</LocList>
<BasicStmnt CovItemId="S34" CovItemPrefix="com.OriginalFiles.RemoteNXTFunctions.java" Intrnl_Id="132">
<LocList>
<Loc EndOffset="3148" SrcFileId="1" StartOffset="3127"/>
</LocList>
</BasicStmnt>
</StmntSeq>
</Branch>
<Branch CovItemId="B20" CovItemPrefix="com.OriginalFiles.RemoteNXTFunctions.java" Implct="false" Intrnl_Id="133">
<Cond>
<Loc EndOffset="3172" SrcFileId="1" StartOffset="3168"/>
</Cond>
<LocList>
<Loc EndOffset="3412" SrcFileId="1" StartOffset="3173"/>
</LocList>
<StmntSeq Intrnl_Id="134">
<LocList>
<Loc EndOffset="3412" SrcFileId="1" StartOffset="3173"/>
</LocList>
<CondStmnt CovItemId="S35" CovItemPrefix="com.OriginalFiles.RemoteNXTFunctions.java" Intrnl_Id="135">
<Branch CovItemId="B21" CovItemPrefix="com.OriginalFiles.RemoteNXTFunctions.java" Implct="false" Intrnl_Id="136">
<Cond/>
<LocList>
<Loc EndOffset="3343" SrcFileId="1" StartOffset="3232"/>
</LocList>
<StmntSeq Intrnl_Id="137">
<LocList>
<Loc EndOffset="3324" SrcFileId="1" StartOffset="3255"/>
</LocList>
<BasicStmnt CovItemId="S36" CovItemPrefix="com.OriginalFiles.RemoteNXTFunctions.java" Intrnl_Id="138">
<LocList>
<Loc EndOffset="3324" SrcFileId="1" StartOffset="3255"/>
</LocList>
</BasicStmnt>
</StmntSeq>
</Branch>
<Branch CovItemId="B22" CovItemPrefix="com.OriginalFiles.RemoteNXTFunctions.java" Implct="false" Intrnl_Id="139">
<Cond>
<Loc EndOffset="3348" SrcFileId="1" StartOffset="3344"/>
</Cond>
<LocList>
<Loc EndOffset="3412" SrcFileId="1" StartOffset="3349"/>
</LocList>
<StmntSeq Intrnl_Id="140">
<LocList>
<Loc EndOffset="3393" SrcFileId="1" StartOffset="3372"/>
</LocList>
<BasicStmnt CovItemId="S37" CovItemPrefix="com.OriginalFiles.RemoteNXTFunctions.java" Intrnl_Id="141">
<LocList>
<Loc EndOffset="3393" SrcFileId="1" StartOffset="3372"/>
</LocList>
</BasicStmnt>
</StmntSeq>
</Branch>
<Keyword EndOffset="3175" SrcFileId="1" StartOffset="3173"/>
<LocList>
<Loc EndOffset="3412" SrcFileId="1" StartOffset="3173"/>
</LocList>
<RootTerm CovItemId="C13" CovItemPrefix="com.OriginalFiles.RemoteNXTFunctions.java" Intrnl_Id="142">
<BasicBoolTerm Intrnl_Id="143">
<LocList>
<Loc EndOffset="3230" SrcFileId="1" StartOffset="3177"/>
</LocList>
</BasicBoolTerm>
</RootTerm>
</CondStmnt>
</StmntSeq>
</Branch>
<Keyword EndOffset="3068" SrcFileId="1" StartOffset="3066"/>
<LocList>
<Loc EndOffset="3412" SrcFileId="1" StartOffset="3066"/>
</LocList>
<RootTerm CovItemId="C12" CovItemPrefix="com.OriginalFiles.RemoteNXTFunctions.java" Intrnl_Id="144">
<OpTerm BooleanOpId="10" Intrnl_Id="145">
<BasicBoolTerm Intrnl_Id="146">
<LocList>
<Loc EndOffset="3075" SrcFileId="1" StartOffset="3069"/>
</LocList>
</BasicBoolTerm>
<BasicBoolTerm Intrnl_Id="147">
<LocList>
<Loc EndOffset="3085" SrcFileId="1" StartOffset="3079"/>
</LocList>
</BasicBoolTerm>
<LocList>
<Loc EndOffset="3078" SrcFileId="1" StartOffset="3076"/>
</LocList>
</OpTerm>
</RootTerm>
</CondStmnt>
</StmntSeq>
</Branch>
<Keyword EndOffset="2944" SrcFileId="1" StartOffset="2942"/>
<LocList>
<Loc EndOffset="3412" SrcFileId="1" StartOffset="2942"/>
</LocList>
<RootTerm CovItemId="C11" CovItemPrefix="com.OriginalFiles.RemoteNXTFunctions.java" Intrnl_Id="148">
<OpTerm BooleanOpId="10" Intrnl_Id="149">
<BasicBoolTerm Intrnl_Id="150">
<LocList>
<Loc EndOffset="2951" SrcFileId="1" StartOffset="2945"/>
</LocList>
</BasicBoolTerm>
<BasicBoolTerm Intrnl_Id="151">
<LocList>
<Loc EndOffset="2961" SrcFileId="1" StartOffset="2955"/>
</LocList>
</BasicBoolTerm>
<LocList>
<Loc EndOffset="2954" SrcFileId="1" StartOffset="2952"/>
</LocList>
</OpTerm>
</RootTerm>
</CondStmnt>
</StmntSeq>
</Branch>
<Branch CovItemId="B16" CovItemPrefix="com.OriginalFiles.RemoteNXTFunctions.java" Implct="true" Intrnl_Id="152">
<Cond/>
<LocList/>
<StmntSeq Intrnl_Id="153">
<LocList/>
</StmntSeq>
</Branch>
<Keyword EndOffset="2894" SrcFileId="1" StartOffset="2892"/>
<LocList>
<Loc EndOffset="3427" SrcFileId="1" StartOffset="2892"/>
</LocList>
<RootTerm CovItemId="C10" CovItemPrefix="com.OriginalFiles.RemoteNXTFunctions.java" Intrnl_Id="154">
<BasicBoolTerm Intrnl_Id="155">
<LocList>
<Loc EndOffset="2921" SrcFileId="1" StartOffset="2895"/>
</LocList>
</BasicBoolTerm>
</RootTerm>
</CondStmnt>
<CondStmnt CovItemId="S38" CovItemPrefix="com.OriginalFiles.RemoteNXTFunctions.java" Intrnl_Id="156">
<Branch CovItemId="B23" CovItemPrefix="com.OriginalFiles.RemoteNXTFunctions.java" Implct="false" Intrnl_Id="157">
<Cond/>
<LocList>
<Loc EndOffset="4023" SrcFileId="1" StartOffset="3519"/>
</LocList>
<StmntSeq Intrnl_Id="158">
<LocList>
<Loc EndOffset="4008" SrcFileId="1" StartOffset="3538"/>
</LocList>
<CondStmnt CovItemId="S39" CovItemPrefix="com.OriginalFiles.RemoteNXTFunctions.java" Intrnl_Id="159">
<Branch CovItemId="B25" CovItemPrefix="com.OriginalFiles.RemoteNXTFunctions.java" Implct="false" Intrnl_Id="160">
<Cond/>
<LocList>
<Loc EndOffset="3639" SrcFileId="1" StartOffset="3576"/>
</LocList>
<StmntSeq Intrnl_Id="161">
<LocList>
<Loc EndOffset="3620" SrcFileId="1" StartOffset="3599"/>
</LocList>
<BasicStmnt CovItemId="S40" CovItemPrefix="com.OriginalFiles.RemoteNXTFunctions.java" Intrnl_Id="162">
<LocList>
<Loc EndOffset="3620" SrcFileId="1" StartOffset="3599"/>
</LocList>
</BasicStmnt>
</StmntSeq>
</Branch>
<Branch CovItemId="B26" CovItemPrefix="com.OriginalFiles.RemoteNXTFunctions.java" Implct="false" Intrnl_Id="163">
<Cond>
<Loc EndOffset="3661" SrcFileId="1" StartOffset="3657"/>
</Cond>
<LocList>
<Loc EndOffset="4008" SrcFileId="1" StartOffset="3662"/>
</LocList>
<StmntSeq Intrnl_Id="164">
<LocList>
<Loc EndOffset="4008" SrcFileId="1" StartOffset="3662"/>
</LocList>
<CondStmnt CovItemId="S41" CovItemPrefix="com.OriginalFiles.RemoteNXTFunctions.java" Intrnl_Id="165">
<Branch CovItemId="B27" CovItemPrefix="com.OriginalFiles.RemoteNXTFunctions.java" Implct="false" Intrnl_Id="166">
<Cond/>
<LocList>
<Loc EndOffset="3763" SrcFileId="1" StartOffset="3700"/>
</LocList>
<StmntSeq Intrnl_Id="167">
<LocList>
<Loc EndOffset="3744" SrcFileId="1" StartOffset="3723"/>
</LocList>
<BasicStmnt CovItemId="S42" CovItemPrefix="com.OriginalFiles.RemoteNXTFunctions.java" Intrnl_Id="168">
<LocList>
<Loc EndOffset="3744" SrcFileId="1" StartOffset="3723"/>
</LocList>
</BasicStmnt>
</StmntSeq>
</Branch>
<Branch CovItemId="B28" CovItemPrefix="com.OriginalFiles.RemoteNXTFunctions.java" Implct="false" Intrnl_Id="169">
<Cond>
<Loc EndOffset="3768" SrcFileId="1" StartOffset="3764"/>
</Cond>
<LocList>
<Loc EndOffset="4008" SrcFileId="1" StartOffset="3769"/>
</LocList>
<StmntSeq Intrnl_Id="170">
<LocList>
<Loc EndOffset="4008" SrcFileId="1" StartOffset="3769"/>
</LocList>
<CondStmnt CovItemId="S43" CovItemPrefix="com.OriginalFiles.RemoteNXTFunctions.java" Intrnl_Id="171">
<Branch CovItemId="B29" CovItemPrefix="com.OriginalFiles.RemoteNXTFunctions.java" Implct="false" Intrnl_Id="172">
<Cond/>
<LocList>
<Loc EndOffset="3939" SrcFileId="1" StartOffset="3828"/>
</LocList>
<StmntSeq Intrnl_Id="173">
<LocList>
<Loc EndOffset="3920" SrcFileId="1" StartOffset="3851"/>
</LocList>
<BasicStmnt CovItemId="S44" CovItemPrefix="com.OriginalFiles.RemoteNXTFunctions.java" Intrnl_Id="174">
<LocList>
<Loc EndOffset="3920" SrcFileId="1" StartOffset="3851"/>
</LocList>
</BasicStmnt>
</StmntSeq>
</Branch>
<Branch CovItemId="B30" CovItemPrefix="com.OriginalFiles.RemoteNXTFunctions.java" Implct="false" Intrnl_Id="175">
<Cond>
<Loc EndOffset="3944" SrcFileId="1" StartOffset="3940"/>
</Cond>
<LocList>
<Loc EndOffset="4008" SrcFileId="1" StartOffset="3945"/>
</LocList>
<StmntSeq Intrnl_Id="176">
<LocList>
<Loc EndOffset="3989" SrcFileId="1" StartOffset="3968"/>
</LocList>
<BasicStmnt CovItemId="S45" CovItemPrefix="com.OriginalFiles.RemoteNXTFunctions.java" Intrnl_Id="177">
<LocList>
<Loc EndOffset="3989" SrcFileId="1" StartOffset="3968"/>
</LocList>
</BasicStmnt>
</StmntSeq>
</Branch>
<Keyword EndOffset="3771" SrcFileId="1" StartOffset="3769"/>
<LocList>
<Loc EndOffset="4008" SrcFileId="1" StartOffset="3769"/>
</LocList>
<RootTerm CovItemId="C17" CovItemPrefix="com.OriginalFiles.RemoteNXTFunctions.java" Intrnl_Id="178">
<BasicBoolTerm Intrnl_Id="179">
<LocList>
<Loc EndOffset="3826" SrcFileId="1" StartOffset="3773"/>
</LocList>
</BasicBoolTerm>
</RootTerm>
</CondStmnt>
</StmntSeq>
</Branch>
<Keyword EndOffset="3664" SrcFileId="1" StartOffset="3662"/>
<LocList>
<Loc EndOffset="4008" SrcFileId="1" StartOffset="3662"/>
</LocList>
<RootTerm CovItemId="C16" CovItemPrefix="com.OriginalFiles.RemoteNXTFunctions.java" Intrnl_Id="180">
<OpTerm BooleanOpId="10" Intrnl_Id="181">
<BasicBoolTerm Intrnl_Id="182">
<LocList>
<Loc EndOffset="3671" SrcFileId="1" StartOffset="3665"/>
</LocList>
</BasicBoolTerm>
<BasicBoolTerm Intrnl_Id="183">
<LocList>
<Loc EndOffset="3681" SrcFileId="1" StartOffset="3675"/>
</LocList>
</BasicBoolTerm>
<LocList>
<Loc EndOffset="3674" SrcFileId="1" StartOffset="3672"/>
</LocList>
</OpTerm>
</RootTerm>
</CondStmnt>
</StmntSeq>
</Branch>
<Keyword EndOffset="3540" SrcFileId="1" StartOffset="3538"/>
<LocList>
<Loc EndOffset="4008" SrcFileId="1" StartOffset="3538"/>
</LocList>
<RootTerm CovItemId="C15" CovItemPrefix="com.OriginalFiles.RemoteNXTFunctions.java" Intrnl_Id="184">
<OpTerm BooleanOpId="10" Intrnl_Id="185">
<BasicBoolTerm Intrnl_Id="186">
<LocList>
<Loc EndOffset="3547" SrcFileId="1" StartOffset="3541"/>
</LocList>
</BasicBoolTerm>
<BasicBoolTerm Intrnl_Id="187">
<LocList>
<Loc EndOffset="3557" SrcFileId="1" StartOffset="3551"/>
</LocList>
</BasicBoolTerm>
<LocList>
<Loc EndOffset="3550" SrcFileId="1" StartOffset="3548"/>
</LocList>
</OpTerm>
</RootTerm>
</CondStmnt>
</StmntSeq>
</Branch>
<Branch CovItemId="B24" CovItemPrefix="com.OriginalFiles.RemoteNXTFunctions.java" Implct="true" Intrnl_Id="188">
<Cond/>
<LocList/>
<StmntSeq Intrnl_Id="189">
<LocList/>
</StmntSeq>
</Branch>
<Keyword EndOffset="3490" SrcFileId="1" StartOffset="3488"/>
<LocList>
<Loc EndOffset="4023" SrcFileId="1" StartOffset="3488"/>
</LocList>
<RootTerm CovItemId="C14" CovItemPrefix="com.OriginalFiles.RemoteNXTFunctions.java" Intrnl_Id="190">
<BasicBoolTerm Intrnl_Id="191">
<LocList>
<Loc EndOffset="3517" SrcFileId="1" StartOffset="3491"/>
</LocList>
</BasicBoolTerm>
</RootTerm>
</CondStmnt>
<CondStmnt CovItemId="S46" CovItemPrefix="com.OriginalFiles.RemoteNXTFunctions.java" Intrnl_Id="192">
<Branch CovItemId="B31" CovItemPrefix="com.OriginalFiles.RemoteNXTFunctions.java" Implct="false" Intrnl_Id="193">
<Cond/>
<LocList>
<Loc EndOffset="4572" SrcFileId="1" StartOffset="4068"/>
</LocList>
<StmntSeq Intrnl_Id="194">
<LocList>
<Loc EndOffset="4557" SrcFileId="1" StartOffset="4087"/>
</LocList>
<CondStmnt CovItemId="S47" CovItemPrefix="com.OriginalFiles.RemoteNXTFunctions.java" Intrnl_Id="195">
<Branch CovItemId="B33" CovItemPrefix="com.OriginalFiles.RemoteNXTFunctions.java" Implct="false" Intrnl_Id="196">
<Cond/>
<LocList>
<Loc EndOffset="4188" SrcFileId="1" StartOffset="4125"/>
</LocList>
<StmntSeq Intrnl_Id="197">
<LocList>
<Loc EndOffset="4169" SrcFileId="1" StartOffset="4148"/>
</LocList>
<BasicStmnt CovItemId="S48" CovItemPrefix="com.OriginalFiles.RemoteNXTFunctions.java" Intrnl_Id="198">
<LocList>
<Loc EndOffset="4169" SrcFileId="1" StartOffset="4148"/>
</LocList>
</BasicStmnt>
</StmntSeq>
</Branch>
<Branch CovItemId="B34" CovItemPrefix="com.OriginalFiles.RemoteNXTFunctions.java" Implct="false" Intrnl_Id="199">
<Cond>
<Loc EndOffset="4210" SrcFileId="1" StartOffset="4206"/>
</Cond>
<LocList>
<Loc EndOffset="4557" SrcFileId="1" StartOffset="4211"/>
</LocList>
<StmntSeq Intrnl_Id="200">
<LocList>
<Loc EndOffset="4557" SrcFileId="1" StartOffset="4211"/>
</LocList>
<CondStmnt CovItemId="S49" CovItemPrefix="com.OriginalFiles.RemoteNXTFunctions.java" Intrnl_Id="201">
<Branch CovItemId="B35" CovItemPrefix="com.OriginalFiles.RemoteNXTFunctions.java" Implct="false" Intrnl_Id="202">
<Cond/>
<LocList>
<Loc EndOffset="4312" SrcFileId="1" StartOffset="4249"/>
</LocList>
<StmntSeq Intrnl_Id="203">
<LocList>
<Loc EndOffset="4293" SrcFileId="1" StartOffset="4272"/>
</LocList>
<BasicStmnt CovItemId="S50" CovItemPrefix="com.OriginalFiles.RemoteNXTFunctions.java" Intrnl_Id="204">
<LocList>
<Loc EndOffset="4293" SrcFileId="1" StartOffset="4272"/>
</LocList>
</BasicStmnt>
</StmntSeq>
</Branch>
<Branch CovItemId="B36" CovItemPrefix="com.OriginalFiles.RemoteNXTFunctions.java" Implct="false" Intrnl_Id="205">
<Cond>
<Loc EndOffset="4317" SrcFileId="1" StartOffset="4313"/>
</Cond>
<LocList>
<Loc EndOffset="4557" SrcFileId="1" StartOffset="4318"/>
</LocList>
<StmntSeq Intrnl_Id="206">
<LocList>
<Loc EndOffset="4557" SrcFileId="1" StartOffset="4318"/>
</LocList>
<CondStmnt CovItemId="S51" CovItemPrefix="com.OriginalFiles.RemoteNXTFunctions.java" Intrnl_Id="207">
<Branch CovItemId="B37" CovItemPrefix="com.OriginalFiles.RemoteNXTFunctions.java" Implct="false" Intrnl_Id="208">
<Cond/>
<LocList>
<Loc EndOffset="4488" SrcFileId="1" StartOffset="4377"/>
</LocList>
<StmntSeq Intrnl_Id="209">
<LocList>
<Loc EndOffset="4469" SrcFileId="1" StartOffset="4400"/>
</LocList>
<BasicStmnt CovItemId="S52" CovItemPrefix="com.OriginalFiles.RemoteNXTFunctions.java" Intrnl_Id="210">
<LocList>
<Loc EndOffset="4469" SrcFileId="1" StartOffset="4400"/>
</LocList>
</BasicStmnt>
</StmntSeq>
</Branch>
<Branch CovItemId="B38" CovItemPrefix="com.OriginalFiles.RemoteNXTFunctions.java" Implct="false" Intrnl_Id="211">
<Cond>
<Loc EndOffset="4493" SrcFileId="1" StartOffset="4489"/>
</Cond>
<LocList>
<Loc EndOffset="4557" SrcFileId="1" StartOffset="4494"/>
</LocList>
<StmntSeq Intrnl_Id="212">
<LocList>
<Loc EndOffset="4538" SrcFileId="1" StartOffset="4517"/>
</LocList>
<BasicStmnt CovItemId="S53" CovItemPrefix="com.OriginalFiles.RemoteNXTFunctions.java" Intrnl_Id="213">
<LocList>
<Loc EndOffset="4538" SrcFileId="1" StartOffset="4517"/>
</LocList>
</BasicStmnt>
</StmntSeq>
</Branch>
<Keyword EndOffset="4320" SrcFileId="1" StartOffset="4318"/>
<LocList>
<Loc EndOffset="4557" SrcFileId="1" StartOffset="4318"/>
</LocList>
<RootTerm CovItemId="C21" CovItemPrefix="com.OriginalFiles.RemoteNXTFunctions.java" Intrnl_Id="214">
<BasicBoolTerm Intrnl_Id="215">
<LocList>
<Loc EndOffset="4375" SrcFileId="1" StartOffset="4322"/>
</LocList>
</BasicBoolTerm>
</RootTerm>
</CondStmnt>
</StmntSeq>
</Branch>
<Keyword EndOffset="4213" SrcFileId="1" StartOffset="4211"/>
<LocList>
<Loc EndOffset="4557" SrcFileId="1" StartOffset="4211"/>
</LocList>
<RootTerm CovItemId="C20" CovItemPrefix="com.OriginalFiles.RemoteNXTFunctions.java" Intrnl_Id="216">
<OpTerm BooleanOpId="10" Intrnl_Id="217">
<BasicBoolTerm Intrnl_Id="218">
<LocList>
<Loc EndOffset="4220" SrcFileId="1" StartOffset="4214"/>
</LocList>
</BasicBoolTerm>
<BasicBoolTerm Intrnl_Id="219">
<LocList>
<Loc EndOffset="4230" SrcFileId="1" StartOffset="4224"/>
</LocList>
</BasicBoolTerm>
<LocList>
<Loc EndOffset="4223" SrcFileId="1" StartOffset="4221"/>
</LocList>
</OpTerm>
</RootTerm>
</CondStmnt>
</StmntSeq>
</Branch>
<Keyword EndOffset="4089" SrcFileId="1" StartOffset="4087"/>
<LocList>
<Loc EndOffset="4557" SrcFileId="1" StartOffset="4087"/>
</LocList>
<RootTerm CovItemId="C19" CovItemPrefix="com.OriginalFiles.RemoteNXTFunctions.java" Intrnl_Id="220">
<OpTerm BooleanOpId="10" Intrnl_Id="221">
<BasicBoolTerm Intrnl_Id="222">
<LocList>
<Loc EndOffset="4096" SrcFileId="1" StartOffset="4090"/>
</LocList>
</BasicBoolTerm>
<BasicBoolTerm Intrnl_Id="223">
<LocList>
<Loc EndOffset="4106" SrcFileId="1" StartOffset="4100"/>
</LocList>
</BasicBoolTerm>
<LocList>
<Loc EndOffset="4099" SrcFileId="1" StartOffset="4097"/>
</LocList>
</OpTerm>
</RootTerm>
</CondStmnt>
</StmntSeq>
</Branch>
<Branch CovItemId="B32" CovItemPrefix="com.OriginalFiles.RemoteNXTFunctions.java" Implct="false" Intrnl_Id="224">
<Cond>
<Loc EndOffset="4590" SrcFileId="1" StartOffset="4586"/>
</Cond>
<LocList>
<Loc EndOffset="11286" SrcFileId="1" StartOffset="4591"/>
</LocList>
<StmntSeq Intrnl_Id="225">
<LocList>
<Loc EndOffset="11286" SrcFileId="1" StartOffset="4591"/>
</LocList>
<CondStmnt CovItemId="S54" CovItemPrefix="com.OriginalFiles.RemoteNXTFunctions.java" Intrnl_Id="226">
<Branch CovItemId="B39" CovItemPrefix="com.OriginalFiles.RemoteNXTFunctions.java" Implct="false" Intrnl_Id="227">
<Cond/>
<LocList>
<Loc EndOffset="5232" SrcFileId="1" StartOffset="4621"/>
</LocList>
<StmntSeq Intrnl_Id="228">
<LocList>
<Loc EndOffset="5217" SrcFileId="1" StartOffset="4640"/>
</LocList>
<CondStmnt CovItemId="S55" CovItemPrefix="com.OriginalFiles.RemoteNXTFunctions.java" Intrnl_Id="229">
<Branch CovItemId="B41" CovItemPrefix="com.OriginalFiles.RemoteNXTFunctions.java" Implct="false" Intrnl_Id="230">
<Cond/>
<LocList>
<Loc EndOffset="4741" SrcFileId="1" StartOffset="4678"/>
</LocList>
<StmntSeq Intrnl_Id="231">
<LocList>
<Loc EndOffset="4722" SrcFileId="1" StartOffset="4701"/>
</LocList>
<BasicStmnt CovItemId="S56" CovItemPrefix="com.OriginalFiles.RemoteNXTFunctions.java" Intrnl_Id="232">
<LocList>
<Loc EndOffset="4722" SrcFileId="1" StartOffset="4701"/>
</LocList>
</BasicStmnt>
</StmntSeq>
</Branch>
<Branch CovItemId="B42" CovItemPrefix="com.OriginalFiles.RemoteNXTFunctions.java" Implct="false" Intrnl_Id="233">
<Cond>
<Loc EndOffset="4763" SrcFileId="1" StartOffset="4759"/>
</Cond>
<LocList>
<Loc EndOffset="5217" SrcFileId="1" StartOffset="4764"/>
</LocList>
<StmntSeq Intrnl_Id="234">
<LocList>
<Loc EndOffset="5217" SrcFileId="1" StartOffset="4764"/>
</LocList>
<CondStmnt CovItemId="S57" CovItemPrefix="com.OriginalFiles.RemoteNXTFunctions.java" Intrnl_Id="235">
<Branch CovItemId="B43" CovItemPrefix="com.OriginalFiles.RemoteNXTFunctions.java" Implct="false" Intrnl_Id="236">
<Cond/>
<LocList>
<Loc EndOffset="4848" SrcFileId="1" StartOffset="4785"/>
</LocList>
<StmntSeq Intrnl_Id="237">
<LocList>
<Loc EndOffset="4829" SrcFileId="1" StartOffset="4808"/>
</LocList>
<BasicStmnt CovItemId="S58" CovItemPrefix="com.OriginalFiles.RemoteNXTFunctions.java" Intrnl_Id="238">
<LocList>
<Loc EndOffset="4829" SrcFileId="1" StartOffset="4808"/>
</LocList>
</BasicStmnt>
</StmntSeq>
</Branch>
<Branch CovItemId="B44" CovItemPrefix="com.OriginalFiles.RemoteNXTFunctions.java" Implct="false" Intrnl_Id="239">
<Cond>
<Loc EndOffset="4870" SrcFileId="1" StartOffset="4866"/>
</Cond>
<LocList>
<Loc EndOffset="5217" SrcFileId="1" StartOffset="4871"/>
</LocList>
<StmntSeq Intrnl_Id="240">
<LocList>
<Loc EndOffset="5217" SrcFileId="1" StartOffset="4871"/>
</LocList>
<CondStmnt CovItemId="S59" CovItemPrefix="com.OriginalFiles.RemoteNXTFunctions.java" Intrnl_Id="241">
<Branch CovItemId="B45" CovItemPrefix="com.OriginalFiles.RemoteNXTFunctions.java" Implct="false" Intrnl_Id="242">
<Cond/>
<LocList>
<Loc EndOffset="4972" SrcFileId="1" StartOffset="4909"/>
</LocList>
<StmntSeq Intrnl_Id="243">
<LocList>
<Loc EndOffset="4953" SrcFileId="1" StartOffset="4932"/>
</LocList>
<BasicStmnt CovItemId="S60" CovItemPrefix="com.OriginalFiles.RemoteNXTFunctions.java" Intrnl_Id="244">
<LocList>
<Loc EndOffset="4953" SrcFileId="1" StartOffset="4932"/>
</LocList>
</BasicStmnt>
</StmntSeq>
</Branch>
<Branch CovItemId="B46" CovItemPrefix="com.OriginalFiles.RemoteNXTFunctions.java" Implct="false" Intrnl_Id="245">
<Cond>
<Loc EndOffset="4977" SrcFileId="1" StartOffset="4973"/>
</Cond>
<LocList>
<Loc EndOffset="5217" SrcFileId="1" StartOffset="4978"/>
</LocList>
<StmntSeq Intrnl_Id="246">
<LocList>
<Loc EndOffset="5217" SrcFileId="1" StartOffset="4978"/>
</LocList>
<CondStmnt CovItemId="S61" CovItemPrefix="com.OriginalFiles.RemoteNXTFunctions.java" Intrnl_Id="247">
<Branch CovItemId="B47" CovItemPrefix="com.OriginalFiles.RemoteNXTFunctions.java" Implct="false" Intrnl_Id="248">
<Cond/>
<LocList>
<Loc EndOffset="5148" SrcFileId="1" StartOffset="5037"/>
</LocList>
<StmntSeq Intrnl_Id="249">
<LocList>
<Loc EndOffset="5129" SrcFileId="1" StartOffset="5060"/>
</LocList>
<BasicStmnt CovItemId="S62" CovItemPrefix="com.OriginalFiles.RemoteNXTFunctions.java" Intrnl_Id="250">
<LocList>
<Loc EndOffset="5129" SrcFileId="1" StartOffset="5060"/>
</LocList>
</BasicStmnt>
</StmntSeq>
</Branch>
<Branch CovItemId="B48" CovItemPrefix="com.OriginalFiles.RemoteNXTFunctions.java" Implct="false" Intrnl_Id="251">
<Cond>
<Loc EndOffset="5153" SrcFileId="1" StartOffset="5149"/>
</Cond>
<LocList>
<Loc EndOffset="5217" SrcFileId="1" StartOffset="5154"/>
</LocList>
<StmntSeq Intrnl_Id="252">
<LocList>
<Loc EndOffset="5198" SrcFileId="1" StartOffset="5177"/>
</LocList>
<BasicStmnt CovItemId="S63" CovItemPrefix="com.OriginalFiles.RemoteNXTFunctions.java" Intrnl_Id="253">
<LocList>
<Loc EndOffset="5198" SrcFileId="1" StartOffset="5177"/>
</LocList>
</BasicStmnt>
</StmntSeq>
</Branch>
<Keyword EndOffset="4980" SrcFileId="1" StartOffset="4978"/>
<LocList>
<Loc EndOffset="5217" SrcFileId="1" StartOffset="4978"/>
</LocList>
<RootTerm CovItemId="C26" CovItemPrefix="com.OriginalFiles.RemoteNXTFunctions.java" Intrnl_Id="254">
<BasicBoolTerm Intrnl_Id="255">
<LocList>
<Loc EndOffset="5035" SrcFileId="1" StartOffset="4982"/>
</LocList>
</BasicBoolTerm>
</RootTerm>
</CondStmnt>
</StmntSeq>
</Branch>
<Keyword EndOffset="4873" SrcFileId="1" StartOffset="4871"/>
<LocList>
<Loc EndOffset="5217" SrcFileId="1" StartOffset="4871"/>
</LocList>
<RootTerm CovItemId="C25" CovItemPrefix="com.OriginalFiles.RemoteNXTFunctions.java" Intrnl_Id="256">
<OpTerm BooleanOpId="10" Intrnl_Id="257">
<BasicBoolTerm Intrnl_Id="258">
<LocList>
<Loc EndOffset="4880" SrcFileId="1" StartOffset="4874"/>
</LocList>
</BasicBoolTerm>
<BasicBoolTerm Intrnl_Id="259">
<LocList>
<Loc EndOffset="4890" SrcFileId="1" StartOffset="4884"/>
</LocList>
</BasicBoolTerm>
<LocList>
<Loc EndOffset="4883" SrcFileId="1" StartOffset="4881"/>
</LocList>
</OpTerm>
</RootTerm>
</CondStmnt>
</StmntSeq>
</Branch>
<Keyword EndOffset="4766" SrcFileId="1" StartOffset="4764"/>
<LocList>
<Loc EndOffset="5217" SrcFileId="1" StartOffset="4764"/>
</LocList>
<RootTerm CovItemId="C24" CovItemPrefix="com.OriginalFiles.RemoteNXTFunctions.java" Intrnl_Id="260">
<OpTerm BooleanOpId="10" Intrnl_Id="261">
<BasicBoolTerm Intrnl_Id="262">
<LocList>
<Loc EndOffset="4773" SrcFileId="1" StartOffset="4767"/>
</LocList>
</BasicBoolTerm>
<BasicBoolTerm Intrnl_Id="263">
<LocList>
<Loc EndOffset="4783" SrcFileId="1" StartOffset="4777"/>
</LocList>
</BasicBoolTerm>
<LocList>
<Loc EndOffset="4776" SrcFileId="1" StartOffset="4774"/>
</LocList>
</OpTerm>
</RootTerm>
</CondStmnt>
</StmntSeq>
</Branch>
<Keyword EndOffset="4642" SrcFileId="1" StartOffset="4640"/>
<LocList>
<Loc EndOffset="5217" SrcFileId="1" StartOffset="4640"/>
</LocList>
<RootTerm CovItemId="C23" CovItemPrefix="com.OriginalFiles.RemoteNXTFunctions.java" Intrnl_Id="264">
<OpTerm BooleanOpId="10" Intrnl_Id="265">
<BasicBoolTerm Intrnl_Id="266">
<LocList>
<Loc EndOffset="4649" SrcFileId="1" StartOffset="4643"/>
</LocList>
</BasicBoolTerm>
<BasicBoolTerm Intrnl_Id="267">
<LocList>
<Loc EndOffset="4659" SrcFileId="1" StartOffset="4653"/>
</LocList>
</BasicBoolTerm>
<LocList>
<Loc EndOffset="4652" SrcFileId="1" StartOffset="4650"/>
</LocList>
</OpTerm>
</RootTerm>
</CondStmnt>
</StmntSeq>
</Branch>
<Branch CovItemId="B40" CovItemPrefix="com.OriginalFiles.RemoteNXTFunctions.java" Implct="false" Intrnl_Id="268">
<Cond>
<Loc EndOffset="5250" SrcFileId="1" StartOffset="5246"/>
</Cond>
<LocList>
<Loc EndOffset="11286" SrcFileId="1" StartOffset="5251"/>
</LocList>
<StmntSeq Intrnl_Id="269">
<LocList>
<Loc EndOffset="11286" SrcFileId="1" StartOffset="5251"/>
</LocList>
<CondStmnt CovItemId="S64" CovItemPrefix="com.OriginalFiles.RemoteNXTFunctions.java" Intrnl_Id="270">
<Branch CovItemId="B49" CovItemPrefix="com.OriginalFiles.RemoteNXTFunctions.java" Implct="false" Intrnl_Id="271">
<Cond/>
<LocList>
<Loc EndOffset="5644" SrcFileId="1" StartOffset="5281"/>
</LocList>
<StmntSeq Intrnl_Id="272">
<LocList>
<Loc EndOffset="5629" SrcFileId="1" StartOffset="5300"/>
</LocList>
<CondStmnt CovItemId="S65" CovItemPrefix="com.OriginalFiles.RemoteNXTFunctions.java" Intrnl_Id="273">
<Branch CovItemId="B51" CovItemPrefix="com.OriginalFiles.RemoteNXTFunctions.java" Implct="false" Intrnl_Id="274">
<Cond/>
<LocList>
<Loc EndOffset="5384" SrcFileId="1" StartOffset="5321"/>
</LocList>
<StmntSeq Intrnl_Id="275">
<LocList>
<Loc EndOffset="5365" SrcFileId="1" StartOffset="5344"/>
</LocList>
<BasicStmnt CovItemId="S66" CovItemPrefix="com.OriginalFiles.RemoteNXTFunctions.java" Intrnl_Id="276">
<LocList>
<Loc EndOffset="5365" SrcFileId="1" StartOffset="5344"/>
</LocList>
</BasicStmnt>
</StmntSeq>
</Branch>
<Branch CovItemId="B52" CovItemPrefix="com.OriginalFiles.RemoteNXTFunctions.java" Implct="false" Intrnl_Id="277">
<Cond>
<Loc EndOffset="5389" SrcFileId="1" StartOffset="5385"/>
</Cond>
<LocList>
<Loc EndOffset="5629" SrcFileId="1" StartOffset="5390"/>
</LocList>
<StmntSeq Intrnl_Id="278">
<LocList>
<Loc EndOffset="5629" SrcFileId="1" StartOffset="5390"/>
</LocList>
<CondStmnt CovItemId="S67" CovItemPrefix="com.OriginalFiles.RemoteNXTFunctions.java" Intrnl_Id="279">
<Branch CovItemId="B53" CovItemPrefix="com.OriginalFiles.RemoteNXTFunctions.java" Implct="false" Intrnl_Id="280">
<Cond/>
<LocList>
<Loc EndOffset="5560" SrcFileId="1" StartOffset="5449"/>
</LocList>
<StmntSeq Intrnl_Id="281">
<LocList>
<Loc EndOffset="5541" SrcFileId="1" StartOffset="5472"/>
</LocList>
<BasicStmnt CovItemId="S68" CovItemPrefix="com.OriginalFiles.RemoteNXTFunctions.java" Intrnl_Id="282">
<LocList>
<Loc EndOffset="5541" SrcFileId="1" StartOffset="5472"/>
</LocList>
</BasicStmnt>
</StmntSeq>
</Branch>
<Branch CovItemId="B54" CovItemPrefix="com.OriginalFiles.RemoteNXTFunctions.java" Implct="false" Intrnl_Id="283">
<Cond>
<Loc EndOffset="5565" SrcFileId="1" StartOffset="5561"/>
</Cond>
<LocList>
<Loc EndOffset="5629" SrcFileId="1" StartOffset="5566"/>
</LocList>
<StmntSeq Intrnl_Id="284">
<LocList>
<Loc EndOffset="5610" SrcFileId="1" StartOffset="5589"/>
</LocList>
<BasicStmnt CovItemId="S69" CovItemPrefix="com.OriginalFiles.RemoteNXTFunctions.java" Intrnl_Id="285">
<LocList>
<Loc EndOffset="5610" SrcFileId="1" StartOffset="5589"/>
</LocList>
</BasicStmnt>
</StmntSeq>
</Branch>
<Keyword EndOffset="5392" SrcFileId="1" StartOffset="5390"/>
<LocList>
<Loc EndOffset="5629" SrcFileId="1" StartOffset="5390"/>
</LocList>
<RootTerm CovItemId="C29" CovItemPrefix="com.OriginalFiles.RemoteNXTFunctions.java" Intrnl_Id="286">
<BasicBoolTerm Intrnl_Id="287">
<LocList>
<Loc EndOffset="5447" SrcFileId="1" StartOffset="5394"/>
</LocList>
</BasicBoolTerm>
</RootTerm>
</CondStmnt>
</StmntSeq>
</Branch>
<Keyword EndOffset="5302" SrcFileId="1" StartOffset="5300"/>
<LocList>
<Loc EndOffset="5629" SrcFileId="1" StartOffset="5300"/>
</LocList>
<RootTerm CovItemId="C28" CovItemPrefix="com.OriginalFiles.RemoteNXTFunctions.java" Intrnl_Id="288">
<OpTerm BooleanOpId="10" Intrnl_Id="289">
<BasicBoolTerm Intrnl_Id="290">
<LocList>
<Loc EndOffset="5309" SrcFileId="1" StartOffset="5303"/>
</LocList>
</BasicBoolTerm>
<BasicBoolTerm Intrnl_Id="291">
<LocList>
<Loc EndOffset="5319" SrcFileId="1" StartOffset="5313"/>
</LocList>
</BasicBoolTerm>
<LocList>
<Loc EndOffset="5312" SrcFileId="1" StartOffset="5310"/>
</LocList>
</OpTerm>
</RootTerm>
</CondStmnt>
</StmntSeq>
</Branch>
<Branch CovItemId="B50" CovItemPrefix="com.OriginalFiles.RemoteNXTFunctions.java" Implct="false" Intrnl_Id="292">
<Cond>
<Loc EndOffset="5662" SrcFileId="1" StartOffset="5658"/>
</Cond>
<LocList>
<Loc EndOffset="11286" SrcFileId="1" StartOffset="5663"/>
</LocList>
<StmntSeq Intrnl_Id="293">
<LocList>
<Loc EndOffset="11286" SrcFileId="1" StartOffset="5663"/>
</LocList>
<CondStmnt CovItemId="S70" CovItemPrefix="com.OriginalFiles.RemoteNXTFunctions.java" Intrnl_Id="294">
<Branch CovItemId="B55" CovItemPrefix="com.OriginalFiles.RemoteNXTFunctions.java" Implct="false" Intrnl_Id="295">
<Cond/>
<LocList>
<Loc EndOffset="6056" SrcFileId="1" StartOffset="5693"/>
</LocList>
<StmntSeq Intrnl_Id="296">
<LocList>
<Loc EndOffset="6041" SrcFileId="1" StartOffset="5712"/>
</LocList>
<CondStmnt CovItemId="S71" CovItemPrefix="com.OriginalFiles.RemoteNXTFunctions.java" Intrnl_Id="297">
<Branch CovItemId="B57" CovItemPrefix="com.OriginalFiles.RemoteNXTFunctions.java" Implct="false" Intrnl_Id="298">
<Cond/>
<LocList>
<Loc EndOffset="5796" SrcFileId="1" StartOffset="5733"/>
</LocList>
<StmntSeq Intrnl_Id="299">
<LocList>
<Loc EndOffset="5777" SrcFileId="1" StartOffset="5756"/>
</LocList>
<BasicStmnt CovItemId="S72" CovItemPrefix="com.OriginalFiles.RemoteNXTFunctions.java" Intrnl_Id="300">
<LocList>
<Loc EndOffset="5777" SrcFileId="1" StartOffset="5756"/>
</LocList>
</BasicStmnt>
</StmntSeq>
</Branch>
<Branch CovItemId="B58" CovItemPrefix="com.OriginalFiles.RemoteNXTFunctions.java" Implct="false" Intrnl_Id="301">
<Cond>
<Loc EndOffset="5801" SrcFileId="1" StartOffset="5797"/>
</Cond>
<LocList>
<Loc EndOffset="6041" SrcFileId="1" StartOffset="5802"/>
</LocList>
<StmntSeq Intrnl_Id="302">
<LocList>
<Loc EndOffset="6041" SrcFileId="1" StartOffset="5802"/>
</LocList>
<CondStmnt CovItemId="S73" CovItemPrefix="com.OriginalFiles.RemoteNXTFunctions.java" Intrnl_Id="303">
<Branch CovItemId="B59" CovItemPrefix="com.OriginalFiles.RemoteNXTFunctions.java" Implct="false" Intrnl_Id="304">
<Cond/>
<LocList>
<Loc EndOffset="5972" SrcFileId="1" StartOffset="5861"/>
</LocList>
<StmntSeq Intrnl_Id="305">
<LocList>
<Loc EndOffset="5953" SrcFileId="1" StartOffset="5884"/>
</LocList>
<BasicStmnt CovItemId="S74" CovItemPrefix="com.OriginalFiles.RemoteNXTFunctions.java" Intrnl_Id="306">
<LocList>
<Loc EndOffset="5953" SrcFileId="1" StartOffset="5884"/>
</LocList>
</BasicStmnt>
</StmntSeq>
</Branch>
<Branch CovItemId="B60" CovItemPrefix="com.OriginalFiles.RemoteNXTFunctions.java" Implct="false" Intrnl_Id="307">
<Cond>
<Loc EndOffset="5977" SrcFileId="1" StartOffset="5973"/>
</Cond>
<LocList>
<Loc EndOffset="6041" SrcFileId="1" StartOffset="5978"/>
</LocList>
<StmntSeq Intrnl_Id="308">
<LocList>
<Loc EndOffset="6022" SrcFileId="1" StartOffset="6001"/>
</LocList>
<BasicStmnt CovItemId="S75" CovItemPrefix="com.OriginalFiles.RemoteNXTFunctions.java" Intrnl_Id="309">
<LocList>
<Loc EndOffset="6022" SrcFileId="1" StartOffset="6001"/>
</LocList>
</BasicStmnt>
</StmntSeq>
</Branch>
<Keyword EndOffset="5804" SrcFileId="1" StartOffset="5802"/>
<LocList>
<Loc EndOffset="6041" SrcFileId="1" StartOffset="5802"/>
</LocList>
<RootTerm CovItemId="C32" CovItemPrefix="com.OriginalFiles.RemoteNXTFunctions.java" Intrnl_Id="310">
<BasicBoolTerm Intrnl_Id="311">
<LocList>
<Loc EndOffset="5859" SrcFileId="1" StartOffset="5806"/>
</LocList>
</BasicBoolTerm>
</RootTerm>
</CondStmnt>
</StmntSeq>
</Branch>
<Keyword EndOffset="5714" SrcFileId="1" StartOffset="5712"/>
<LocList>
<Loc EndOffset="6041" SrcFileId="1" StartOffset="5712"/>
</LocList>
<RootTerm CovItemId="C31" CovItemPrefix="com.OriginalFiles.RemoteNXTFunctions.java" Intrnl_Id="312">
<OpTerm BooleanOpId="10" Intrnl_Id="313">
<BasicBoolTerm Intrnl_Id="314">
<LocList>
<Loc EndOffset="5721" SrcFileId="1" StartOffset="5715"/>
</LocList>
</BasicBoolTerm>
<BasicBoolTerm Intrnl_Id="315">
<LocList>
<Loc EndOffset="5731" SrcFileId="1" StartOffset="5725"/>
</LocList>
</BasicBoolTerm>
<LocList>
<Loc EndOffset="5724" SrcFileId="1" StartOffset="5722"/>
</LocList>
</OpTerm>
</RootTerm>
</CondStmnt>
</StmntSeq>
</Branch>
<Branch CovItemId="B56" CovItemPrefix="com.OriginalFiles.RemoteNXTFunctions.java" Implct="false" Intrnl_Id="316">
<Cond>
<Loc EndOffset="6074" SrcFileId="1" StartOffset="6070"/>
</Cond>
<LocList>
<Loc EndOffset="11286" SrcFileId="1" StartOffset="6075"/>
</LocList>
<StmntSeq Intrnl_Id="317">
<LocList>
<Loc EndOffset="11286" SrcFileId="1" StartOffset="6075"/>
</LocList>
<CondStmnt CovItemId="S76" CovItemPrefix="com.OriginalFiles.RemoteNXTFunctions.java" Intrnl_Id="318">
<Branch CovItemId="B61" CovItemPrefix="com.OriginalFiles.RemoteNXTFunctions.java" Implct="false" Intrnl_Id="319">
<Cond/>
<LocList>
<Loc EndOffset="6558" SrcFileId="1" StartOffset="6105"/>
</LocList>
<StmntSeq Intrnl_Id="320">
<LocList>
<Loc EndOffset="6543" SrcFileId="1" StartOffset="6124"/>
</LocList>
<CondStmnt CovItemId="S77" CovItemPrefix="com.OriginalFiles.RemoteNXTFunctions.java" Intrnl_Id="321">
<Branch CovItemId="B63" CovItemPrefix="com.OriginalFiles.RemoteNXTFunctions.java" Implct="false" Intrnl_Id="322">
<Cond/>
<LocList>
<Loc EndOffset="6208" SrcFileId="1" StartOffset="6145"/>
</LocList>
<StmntSeq Intrnl_Id="323">
<LocList>
<Loc EndOffset="6189" SrcFileId="1" StartOffset="6168"/>
</LocList>
<BasicStmnt CovItemId="S78" CovItemPrefix="com.OriginalFiles.RemoteNXTFunctions.java" Intrnl_Id="324">
<LocList>
<Loc EndOffset="6189" SrcFileId="1" StartOffset="6168"/>
</LocList>
</BasicStmnt>
</StmntSeq>
</Branch>
<Branch CovItemId="B64" CovItemPrefix="com.OriginalFiles.RemoteNXTFunctions.java" Implct="false" Intrnl_Id="325">
<Cond>
<Loc EndOffset="6213" SrcFileId="1" StartOffset="6209"/>
</Cond>
<LocList>
<Loc EndOffset="6543" SrcFileId="1" StartOffset="6214"/>
</LocList>
<StmntSeq Intrnl_Id="326">
<LocList>
<Loc EndOffset="6543" SrcFileId="1" StartOffset="6214"/>
</LocList>
<CondStmnt CovItemId="S79" CovItemPrefix="com.OriginalFiles.RemoteNXTFunctions.java" Intrnl_Id="327">
<Branch CovItemId="B65" CovItemPrefix="com.OriginalFiles.RemoteNXTFunctions.java" Implct="false" Intrnl_Id="328">
<Cond/>
<LocList>
<Loc EndOffset="6298" SrcFileId="1" StartOffset="6235"/>
</LocList>
<StmntSeq Intrnl_Id="329">
<LocList>
<Loc EndOffset="6279" SrcFileId="1" StartOffset="6258"/>
</LocList>
<BasicStmnt CovItemId="S80" CovItemPrefix="com.OriginalFiles.RemoteNXTFunctions.java" Intrnl_Id="330">
<LocList>
<Loc EndOffset="6279" SrcFileId="1" StartOffset="6258"/>
</LocList>
</BasicStmnt>
</StmntSeq>
</Branch>
<Branch CovItemId="B66" CovItemPrefix="com.OriginalFiles.RemoteNXTFunctions.java" Implct="false" Intrnl_Id="331">
<Cond>
<Loc EndOffset="6303" SrcFileId="1" StartOffset="6299"/>
</Cond>
<LocList>
<Loc EndOffset="6543" SrcFileId="1" StartOffset="6304"/>
</LocList>
<StmntSeq Intrnl_Id="332">
<LocList>
<Loc EndOffset="6543" SrcFileId="1" StartOffset="6304"/>
</LocList>
<CondStmnt CovItemId="S81" CovItemPrefix="com.OriginalFiles.RemoteNXTFunctions.java" Intrnl_Id="333">
<Branch CovItemId="B67" CovItemPrefix="com.OriginalFiles.RemoteNXTFunctions.java" Implct="false" Intrnl_Id="334">
<Cond/>
<LocList>
<Loc EndOffset="6474" SrcFileId="1" StartOffset="6363"/>
</LocList>
<StmntSeq Intrnl_Id="335">
<LocList>
<Loc EndOffset="6455" SrcFileId="1" StartOffset="6386"/>
</LocList>
<BasicStmnt CovItemId="S82" CovItemPrefix="com.OriginalFiles.RemoteNXTFunctions.java" Intrnl_Id="336">
<LocList>
<Loc EndOffset="6455" SrcFileId="1" StartOffset="6386"/>
</LocList>
</BasicStmnt>
</StmntSeq>
</Branch>
<Branch CovItemId="B68" CovItemPrefix="com.OriginalFiles.RemoteNXTFunctions.java" Implct="false" Intrnl_Id="337">
<Cond>
<Loc EndOffset="6479" SrcFileId="1" StartOffset="6475"/>
</Cond>
<LocList>
<Loc EndOffset="6543" SrcFileId="1" StartOffset="6480"/>
</LocList>
<StmntSeq Intrnl_Id="338">
<LocList>
<Loc EndOffset="6524" SrcFileId="1" StartOffset="6503"/>
</LocList>
<BasicStmnt CovItemId="S83" CovItemPrefix="com.OriginalFiles.RemoteNXTFunctions.java" Intrnl_Id="339">
<LocList>
<Loc EndOffset="6524" SrcFileId="1" StartOffset="6503"/>
</LocList>
</BasicStmnt>
</StmntSeq>
</Branch>
<Keyword EndOffset="6306" SrcFileId="1" StartOffset="6304"/>
<LocList>
<Loc EndOffset="6543" SrcFileId="1" StartOffset="6304"/>
</LocList>
<RootTerm CovItemId="C36" CovItemPrefix="com.OriginalFiles.RemoteNXTFunctions.java" Intrnl_Id="340">
<BasicBoolTerm Intrnl_Id="341">
<LocList>
<Loc EndOffset="6361" SrcFileId="1" StartOffset="6308"/>
</LocList>
</BasicBoolTerm>
</RootTerm>
</CondStmnt>
</StmntSeq>
</Branch>
<Keyword EndOffset="6216" SrcFileId="1" StartOffset="6214"/>
<LocList>
<Loc EndOffset="6543" SrcFileId="1" StartOffset="6214"/>
</LocList>
<RootTerm CovItemId="C35" CovItemPrefix="com.OriginalFiles.RemoteNXTFunctions.java" Intrnl_Id="342">
<OpTerm BooleanOpId="10" Intrnl_Id="343">
<BasicBoolTerm Intrnl_Id="344">
<LocList>
<Loc EndOffset="6223" SrcFileId="1" StartOffset="6217"/>
</LocList>
</BasicBoolTerm>
<BasicBoolTerm Intrnl_Id="345">
<LocList>
<Loc EndOffset="6233" SrcFileId="1" StartOffset="6227"/>
</LocList>
</BasicBoolTerm>
<LocList>
<Loc EndOffset="6226" SrcFileId="1" StartOffset="6224"/>
</LocList>
</OpTerm>
</RootTerm>
</CondStmnt>
</StmntSeq>
</Branch>
<Keyword EndOffset="6126" SrcFileId="1" StartOffset="6124"/>
<LocList>
<Loc EndOffset="6543" SrcFileId="1" StartOffset="6124"/>
</LocList>
<RootTerm CovItemId="C34" CovItemPrefix="com.OriginalFiles.RemoteNXTFunctions.java" Intrnl_Id="346">
<OpTerm BooleanOpId="10" Intrnl_Id="347">
<BasicBoolTerm Intrnl_Id="348">
<LocList>
<Loc EndOffset="6133" SrcFileId="1" StartOffset="6127"/>
</LocList>
</BasicBoolTerm>
<BasicBoolTerm Intrnl_Id="349">
<LocList>
<Loc EndOffset="6143" SrcFileId="1" StartOffset="6137"/>
</LocList>
</BasicBoolTerm>
<LocList>
<Loc EndOffset="6136" SrcFileId="1" StartOffset="6134"/>
</LocList>
</OpTerm>
</RootTerm>
</CondStmnt>
</StmntSeq>
</Branch>
<Branch CovItemId="B62" CovItemPrefix="com.OriginalFiles.RemoteNXTFunctions.java" Implct="false" Intrnl_Id="350">
<Cond>
<Loc EndOffset="6576" SrcFileId="1" StartOffset="6572"/>
</Cond>
<LocList>
<Loc EndOffset="11286" SrcFileId="1" StartOffset="6577"/>
</LocList>
<StmntSeq Intrnl_Id="351">
<LocList>
<Loc EndOffset="11286" SrcFileId="1" StartOffset="6577"/>
</LocList>
<CondStmnt CovItemId="S84" CovItemPrefix="com.OriginalFiles.RemoteNXTFunctions.java" Intrnl_Id="352">
<Branch CovItemId="B69" CovItemPrefix="com.OriginalFiles.RemoteNXTFunctions.java" Implct="false" Intrnl_Id="353">
<Cond/>
<LocList>
<Loc EndOffset="7060" SrcFileId="1" StartOffset="6607"/>
</LocList>
<StmntSeq Intrnl_Id="354">
<LocList>
<Loc EndOffset="7045" SrcFileId="1" StartOffset="6626"/>
</LocList>
<CondStmnt CovItemId="S85" CovItemPrefix="com.OriginalFiles.RemoteNXTFunctions.java" Intrnl_Id="355">
<Branch CovItemId="B71" CovItemPrefix="com.OriginalFiles.RemoteNXTFunctions.java" Implct="false" Intrnl_Id="356">
<Cond/>
<LocList>
<Loc EndOffset="6710" SrcFileId="1" StartOffset="6647"/>
</LocList>
<StmntSeq Intrnl_Id="357">
<LocList>
<Loc EndOffset="6691" SrcFileId="1" StartOffset="6670"/>
</LocList>
<BasicStmnt CovItemId="S86" CovItemPrefix="com.OriginalFiles.RemoteNXTFunctions.java" Intrnl_Id="358">
<LocList>
<Loc EndOffset="6691" SrcFileId="1" StartOffset="6670"/>
</LocList>
</BasicStmnt>
</StmntSeq>
</Branch>
<Branch CovItemId="B72" CovItemPrefix="com.OriginalFiles.RemoteNXTFunctions.java" Implct="false" Intrnl_Id="359">
<Cond>
<Loc EndOffset="6715" SrcFileId="1" StartOffset="6711"/>
</Cond>
<LocList>
<Loc EndOffset="7045" SrcFileId="1" StartOffset="6716"/>
</LocList>
<StmntSeq Intrnl_Id="360">
<LocList>
<Loc EndOffset="7045" SrcFileId="1" StartOffset="6716"/>
</LocList>
<CondStmnt CovItemId="S87" CovItemPrefix="com.OriginalFiles.RemoteNXTFunctions.java" Intrnl_Id="361">
<Branch CovItemId="B73" CovItemPrefix="com.OriginalFiles.RemoteNXTFunctions.java" Implct="false" Intrnl_Id="362">
<Cond/>
<LocList>
<Loc EndOffset="6800" SrcFileId="1" StartOffset="6737"/>
</LocList>
<StmntSeq Intrnl_Id="363">
<LocList>
<Loc EndOffset="6781" SrcFileId="1" StartOffset="6760"/>
</LocList>
<BasicStmnt CovItemId="S88" CovItemPrefix="com.OriginalFiles.RemoteNXTFunctions.java" Intrnl_Id="364">
<LocList>
<Loc EndOffset="6781" SrcFileId="1" StartOffset="6760"/>
</LocList>
</BasicStmnt>
</StmntSeq>
</Branch>
<Branch CovItemId="B74" CovItemPrefix="com.OriginalFiles.RemoteNXTFunctions.java" Implct="false" Intrnl_Id="365">
<Cond>
<Loc EndOffset="6805" SrcFileId="1" StartOffset="6801"/>
</Cond>
<LocList>
<Loc EndOffset="7045" SrcFileId="1" StartOffset="6806"/>
</LocList>
<StmntSeq Intrnl_Id="366">
<LocList>
<Loc EndOffset="7045" SrcFileId="1" StartOffset="6806"/>
</LocList>
<CondStmnt CovItemId="S89" CovItemPrefix="com.OriginalFiles.RemoteNXTFunctions.java" Intrnl_Id="367">
<Branch CovItemId="B75" CovItemPrefix="com.OriginalFiles.RemoteNXTFunctions.java" Implct="false" Intrnl_Id="368">
<Cond/>
<LocList>
<Loc EndOffset="6976" SrcFileId="1" StartOffset="6865"/>
</LocList>
<StmntSeq Intrnl_Id="369">
<LocList>
<Loc EndOffset="6957" SrcFileId="1" StartOffset="6888"/>
</LocList>
<BasicStmnt CovItemId="S90" CovItemPrefix="com.OriginalFiles.RemoteNXTFunctions.java" Intrnl_Id="370">
<LocList>
<Loc EndOffset="6957" SrcFileId="1" StartOffset="6888"/>
</LocList>
</BasicStmnt>
</StmntSeq>
</Branch>
<Branch CovItemId="B76" CovItemPrefix="com.OriginalFiles.RemoteNXTFunctions.java" Implct="false" Intrnl_Id="371">
<Cond>
<Loc EndOffset="6981" SrcFileId="1" StartOffset="6977"/>
</Cond>
<LocList>
<Loc EndOffset="7045" SrcFileId="1" StartOffset="6982"/>
</LocList>
<StmntSeq Intrnl_Id="372">
<LocList>
<Loc EndOffset="7026" SrcFileId="1" StartOffset="7005"/>
</LocList>
<BasicStmnt CovItemId="S91" CovItemPrefix="com.OriginalFiles.RemoteNXTFunctions.java" Intrnl_Id="373">
<LocList>
<Loc EndOffset="7026" SrcFileId="1" StartOffset="7005"/>
</LocList>
</BasicStmnt>
</StmntSeq>
</Branch>
<Keyword EndOffset="6808" SrcFileId="1" StartOffset="6806"/>
<LocList>
<Loc EndOffset="7045" SrcFileId="1" StartOffset="6806"/>
</LocList>
<RootTerm CovItemId="C40" CovItemPrefix="com.OriginalFiles.RemoteNXTFunctions.java" Intrnl_Id="374">
<BasicBoolTerm Intrnl_Id="375">
<LocList>
<Loc EndOffset="6863" SrcFileId="1" StartOffset="6810"/>
</LocList>
</BasicBoolTerm>
</RootTerm>
</CondStmnt>
</StmntSeq>
</Branch>
<Keyword EndOffset="6718" SrcFileId="1" StartOffset="6716"/>
<LocList>
<Loc EndOffset="7045" SrcFileId="1" StartOffset="6716"/>
</LocList>
<RootTerm CovItemId="C39" CovItemPrefix="com.OriginalFiles.RemoteNXTFunctions.java" Intrnl_Id="376">
<OpTerm BooleanOpId="10" Intrnl_Id="377">
<BasicBoolTerm Intrnl_Id="378">
<LocList>
<Loc EndOffset="6725" SrcFileId="1" StartOffset="6719"/>
</LocList>
</BasicBoolTerm>
<BasicBoolTerm Intrnl_Id="379">
<LocList>
<Loc EndOffset="6735" SrcFileId="1" StartOffset="6729"/>
</LocList>
</BasicBoolTerm>
<LocList>
<Loc EndOffset="6728" SrcFileId="1" StartOffset="6726"/>
</LocList>
</OpTerm>
</RootTerm>
</CondStmnt>
</StmntSeq>
</Branch>
<Keyword EndOffset="6628" SrcFileId="1" StartOffset="6626"/>
<LocList>
<Loc EndOffset="7045" SrcFileId="1" StartOffset="6626"/>
</LocList>
<RootTerm CovItemId="C38" CovItemPrefix="com.OriginalFiles.RemoteNXTFunctions.java" Intrnl_Id="380">
<OpTerm BooleanOpId="10" Intrnl_Id="381">
<BasicBoolTerm Intrnl_Id="382">
<LocList>
<Loc EndOffset="6635" SrcFileId="1" StartOffset="6629"/>
</LocList>
</BasicBoolTerm>
<BasicBoolTerm Intrnl_Id="383">
<LocList>
<Loc EndOffset="6645" SrcFileId="1" StartOffset="6639"/>
</LocList>
</BasicBoolTerm>
<LocList>
<Loc EndOffset="6638" SrcFileId="1" StartOffset="6636"/>
</LocList>
</OpTerm>
</RootTerm>
</CondStmnt>
</StmntSeq>
</Branch>
<Branch CovItemId="B70" CovItemPrefix="com.OriginalFiles.RemoteNXTFunctions.java" Implct="false" Intrnl_Id="384">
<Cond>
<Loc EndOffset="7078" SrcFileId="1" StartOffset="7074"/>
</Cond>
<LocList>
<Loc EndOffset="11286" SrcFileId="1" StartOffset="7079"/>
</LocList>
<StmntSeq Intrnl_Id="385">
<LocList>
<Loc EndOffset="11286" SrcFileId="1" StartOffset="7079"/>
</LocList>
<CondStmnt CovItemId="S92" CovItemPrefix="com.OriginalFiles.RemoteNXTFunctions.java" Intrnl_Id="386">
<Branch CovItemId="B77" CovItemPrefix="com.OriginalFiles.RemoteNXTFunctions.java" Implct="false" Intrnl_Id="387">
<Cond/>
<LocList>
<Loc EndOffset="7562" SrcFileId="1" StartOffset="7109"/>
</LocList>
<StmntSeq Intrnl_Id="388">
<LocList>
<Loc EndOffset="7547" SrcFileId="1" StartOffset="7128"/>
</LocList>
<CondStmnt CovItemId="S93" CovItemPrefix="com.OriginalFiles.RemoteNXTFunctions.java" Intrnl_Id="389">
<Branch CovItemId="B79" CovItemPrefix="com.OriginalFiles.RemoteNXTFunctions.java" Implct="false" Intrnl_Id="390">
<Cond/>
<LocList>
<Loc EndOffset="7212" SrcFileId="1" StartOffset="7149"/>
</LocList>
<StmntSeq Intrnl_Id="391">
<LocList>
<Loc EndOffset="7193" SrcFileId="1" StartOffset="7172"/>
</LocList>
<BasicStmnt CovItemId="S94" CovItemPrefix="com.OriginalFiles.RemoteNXTFunctions.java" Intrnl_Id="392">
<LocList>
<Loc EndOffset="7193" SrcFileId="1" StartOffset="7172"/>
</LocList>
</BasicStmnt>
</StmntSeq>
</Branch>
<Branch CovItemId="B80" CovItemPrefix="com.OriginalFiles.RemoteNXTFunctions.java" Implct="false" Intrnl_Id="393">
<Cond>
<Loc EndOffset="7217" SrcFileId="1" StartOffset="7213"/>
</Cond>
<LocList>
<Loc EndOffset="7547" SrcFileId="1" StartOffset="7218"/>
</LocList>
<StmntSeq Intrnl_Id="394">
<LocList>
<Loc EndOffset="7547" SrcFileId="1" StartOffset="7218"/>
</LocList>
<CondStmnt CovItemId="S95" CovItemPrefix="com.OriginalFiles.RemoteNXTFunctions.java" Intrnl_Id="395">
<Branch CovItemId="B81" CovItemPrefix="com.OriginalFiles.RemoteNXTFunctions.java" Implct="false" Intrnl_Id="396">
<Cond/>
<LocList>
<Loc EndOffset="7302" SrcFileId="1" StartOffset="7239"/>
</LocList>
<StmntSeq Intrnl_Id="397">
<LocList>
<Loc EndOffset="7283" SrcFileId="1" StartOffset="7262"/>
</LocList>
<BasicStmnt CovItemId="S96" CovItemPrefix="com.OriginalFiles.RemoteNXTFunctions.java" Intrnl_Id="398">
<LocList>
<Loc EndOffset="7283" SrcFileId="1" StartOffset="7262"/>
</LocList>
</BasicStmnt>
</StmntSeq>
</Branch>
<Branch CovItemId="B82" CovItemPrefix="com.OriginalFiles.RemoteNXTFunctions.java" Implct="false" Intrnl_Id="399">
<Cond>
<Loc EndOffset="7307" SrcFileId="1" StartOffset="7303"/>
</Cond>
<LocList>
<Loc EndOffset="7547" SrcFileId="1" StartOffset="7308"/>
</LocList>
<StmntSeq Intrnl_Id="400">
<LocList>
<Loc EndOffset="7547" SrcFileId="1" StartOffset="7308"/>
</LocList>
<CondStmnt CovItemId="S97" CovItemPrefix="com.OriginalFiles.RemoteNXTFunctions.java" Intrnl_Id="401">
<Branch CovItemId="B83" CovItemPrefix="com.OriginalFiles.RemoteNXTFunctions.java" Implct="false" Intrnl_Id="402">
<Cond/>
<LocList>
<Loc EndOffset="7478" SrcFileId="1" StartOffset="7367"/>
</LocList>
<StmntSeq Intrnl_Id="403">
<LocList>
<Loc EndOffset="7459" SrcFileId="1" StartOffset="7390"/>
</LocList>
<BasicStmnt CovItemId="S98" CovItemPrefix="com.OriginalFiles.RemoteNXTFunctions.java" Intrnl_Id="404">
<LocList>
<Loc EndOffset="7459" SrcFileId="1" StartOffset="7390"/>
</LocList>
</BasicStmnt>
</StmntSeq>
</Branch>
<Branch CovItemId="B84" CovItemPrefix="com.OriginalFiles.RemoteNXTFunctions.java" Implct="false" Intrnl_Id="405">
<Cond>
<Loc EndOffset="7483" SrcFileId="1" StartOffset="7479"/>
</Cond>
<LocList>
<Loc EndOffset="7547" SrcFileId="1" StartOffset="7484"/>
</LocList>
<StmntSeq Intrnl_Id="406">
<LocList>
<Loc EndOffset="7528" SrcFileId="1" StartOffset="7507"/>
</LocList>
<BasicStmnt CovItemId="S99" CovItemPrefix="com.OriginalFiles.RemoteNXTFunctions.java" Intrnl_Id="407">
<LocList>
<Loc EndOffset="7528" SrcFileId="1" StartOffset="7507"/>
</LocList>
</BasicStmnt>
</StmntSeq>
</Branch>
<Keyword EndOffset="7310" SrcFileId="1" StartOffset="7308"/>
<LocList>
<Loc EndOffset="7547" SrcFileId="1" StartOffset="7308"/>
</LocList>
<RootTerm CovItemId="C44" CovItemPrefix="com.OriginalFiles.RemoteNXTFunctions.java" Intrnl_Id="408">
<BasicBoolTerm Intrnl_Id="409">
<LocList>
<Loc EndOffset="7365" SrcFileId="1" StartOffset="7312"/>
</LocList>
</BasicBoolTerm>
</RootTerm>
</CondStmnt>
</StmntSeq>
</Branch>
<Keyword EndOffset="7220" SrcFileId="1" StartOffset="7218"/>
<LocList>
<Loc EndOffset="7547" SrcFileId="1" StartOffset="7218"/>
</LocList>
<RootTerm CovItemId="C43" CovItemPrefix="com.OriginalFiles.RemoteNXTFunctions.java" Intrnl_Id="410">
<OpTerm BooleanOpId="10" Intrnl_Id="411">
<BasicBoolTerm Intrnl_Id="412">
<LocList>
<Loc EndOffset="7227" SrcFileId="1" StartOffset="7221"/>
</LocList>
</BasicBoolTerm>
<BasicBoolTerm Intrnl_Id="413">
<LocList>
<Loc EndOffset="7237" SrcFileId="1" StartOffset="7231"/>
</LocList>
</BasicBoolTerm>
<LocList>
<Loc EndOffset="7230" SrcFileId="1" StartOffset="7228"/>
</LocList>
</OpTerm>
</RootTerm>
</CondStmnt>
</StmntSeq>
</Branch>
<Keyword EndOffset="7130" SrcFileId="1" StartOffset="7128"/>
<LocList>
<Loc EndOffset="7547" SrcFileId="1" StartOffset="7128"/>
</LocList>
<RootTerm CovItemId="C42" CovItemPrefix="com.OriginalFiles.RemoteNXTFunctions.java" Intrnl_Id="414">
<OpTerm BooleanOpId="10" Intrnl_Id="415">
<BasicBoolTerm Intrnl_Id="416">
<LocList>
<Loc EndOffset="7137" SrcFileId="1" StartOffset="7131"/>
</LocList>
</BasicBoolTerm>
<BasicBoolTerm Intrnl_Id="417">
<LocList>
<Loc EndOffset="7147" SrcFileId="1" StartOffset="7141"/>
</LocList>
</BasicBoolTerm>
<LocList>
<Loc EndOffset="7140" SrcFileId="1" StartOffset="7138"/>
</LocList>
</OpTerm>
</RootTerm>
</CondStmnt>
</StmntSeq>
</Branch>
<Branch CovItemId="B78" CovItemPrefix="com.OriginalFiles.RemoteNXTFunctions.java" Implct="false" Intrnl_Id="418">
<Cond>
<Loc EndOffset="7580" SrcFileId="1" StartOffset="7576"/>
</Cond>
<LocList>
<Loc EndOffset="11286" SrcFileId="1" StartOffset="7581"/>
</LocList>
<StmntSeq Intrnl_Id="419">
<LocList>
<Loc EndOffset="11286" SrcFileId="1" StartOffset="7581"/>
</LocList>
<CondStmnt CovItemId="S100" CovItemPrefix="com.OriginalFiles.RemoteNXTFunctions.java" Intrnl_Id="420">
<Branch CovItemId="B85" CovItemPrefix="com.OriginalFiles.RemoteNXTFunctions.java" Implct="false" Intrnl_Id="421">
<Cond/>
<LocList>
<Loc EndOffset="8064" SrcFileId="1" StartOffset="7611"/>
</LocList>
<StmntSeq Intrnl_Id="422">
<LocList>
<Loc EndOffset="8049" SrcFileId="1" StartOffset="7630"/>
</LocList>
<CondStmnt CovItemId="S101" CovItemPrefix="com.OriginalFiles.RemoteNXTFunctions.java" Intrnl_Id="423">
<Branch CovItemId="B87" CovItemPrefix="com.OriginalFiles.RemoteNXTFunctions.java" Implct="false" Intrnl_Id="424">
<Cond/>
<LocList>
<Loc EndOffset="7714" SrcFileId="1" StartOffset="7651"/>
</LocList>
<StmntSeq Intrnl_Id="425">
<LocList>
<Loc EndOffset="7695" SrcFileId="1" StartOffset="7674"/>
</LocList>
<BasicStmnt CovItemId="S102" CovItemPrefix="com.OriginalFiles.RemoteNXTFunctions.java" Intrnl_Id="426">
<LocList>
<Loc EndOffset="7695" SrcFileId="1" StartOffset="7674"/>
</LocList>
</BasicStmnt>
</StmntSeq>
</Branch>
<Branch CovItemId="B88" CovItemPrefix="com.OriginalFiles.RemoteNXTFunctions.java" Implct="false" Intrnl_Id="427">
<Cond>
<Loc EndOffset="7719" SrcFileId="1" StartOffset="7715"/>
</Cond>
<LocList>
<Loc EndOffset="8049" SrcFileId="1" StartOffset="7720"/>
</LocList>
<StmntSeq Intrnl_Id="428">
<LocList>
<Loc EndOffset="8049" SrcFileId="1" StartOffset="7720"/>
</LocList>
<CondStmnt CovItemId="S103" CovItemPrefix="com.OriginalFiles.RemoteNXTFunctions.java" Intrnl_Id="429">
<Branch CovItemId="B89" CovItemPrefix="com.OriginalFiles.RemoteNXTFunctions.java" Implct="false" Intrnl_Id="430">
<Cond/>
<LocList>
<Loc EndOffset="7804" SrcFileId="1" StartOffset="7741"/>
</LocList>
<StmntSeq Intrnl_Id="431">
<LocList>
<Loc EndOffset="7785" SrcFileId="1" StartOffset="7764"/>
</LocList>
<BasicStmnt CovItemId="S104" CovItemPrefix="com.OriginalFiles.RemoteNXTFunctions.java" Intrnl_Id="432">
<LocList>
<Loc EndOffset="7785" SrcFileId="1" StartOffset="7764"/>
</LocList>
</BasicStmnt>
</StmntSeq>
</Branch>
<Branch CovItemId="B90" CovItemPrefix="com.OriginalFiles.RemoteNXTFunctions.java" Implct="false" Intrnl_Id="433">
<Cond>
<Loc EndOffset="7809" SrcFileId="1" StartOffset="7805"/>
</Cond>
<LocList>
<Loc EndOffset="8049" SrcFileId="1" StartOffset="7810"/>
</LocList>
<StmntSeq Intrnl_Id="434">
<LocList>
<Loc EndOffset="8049" SrcFileId="1" StartOffset="7810"/>
</LocList>
<CondStmnt CovItemId="S105" CovItemPrefix="com.OriginalFiles.RemoteNXTFunctions.java" Intrnl_Id="435">
<Branch CovItemId="B91" CovItemPrefix="com.OriginalFiles.RemoteNXTFunctions.java" Implct="false" Intrnl_Id="436">
<Cond/>
<LocList>
<Loc EndOffset="7980" SrcFileId="1" StartOffset="7869"/>
</LocList>
<StmntSeq Intrnl_Id="437">
<LocList>
<Loc EndOffset="7961" SrcFileId="1" StartOffset="7892"/>
</LocList>
<BasicStmnt CovItemId="S106" CovItemPrefix="com.OriginalFiles.RemoteNXTFunctions.java" Intrnl_Id="438">
<LocList>
<Loc EndOffset="7961" SrcFileId="1" StartOffset="7892"/>
</LocList>
</BasicStmnt>
</StmntSeq>
</Branch>
<Branch CovItemId="B92" CovItemPrefix="com.OriginalFiles.RemoteNXTFunctions.java" Implct="false" Intrnl_Id="439">
<Cond>
<Loc EndOffset="7985" SrcFileId="1" StartOffset="7981"/>
</Cond>
<LocList>
<Loc EndOffset="8049" SrcFileId="1" StartOffset="7986"/>
</LocList>
<StmntSeq Intrnl_Id="440">
<LocList>
<Loc EndOffset="8030" SrcFileId="1" StartOffset="8009"/>
</LocList>
<BasicStmnt CovItemId="S107" CovItemPrefix="com.OriginalFiles.RemoteNXTFunctions.java" Intrnl_Id="441">
<LocList>
<Loc EndOffset="8030" SrcFileId="1" StartOffset="8009"/>
</LocList>
</BasicStmnt>
</StmntSeq>
</Branch>
<Keyword EndOffset="7812" SrcFileId="1" StartOffset="7810"/>
<LocList>
<Loc EndOffset="8049" SrcFileId="1" StartOffset="7810"/>
</LocList>
<RootTerm CovItemId="C48" CovItemPrefix="com.OriginalFiles.RemoteNXTFunctions.java" Intrnl_Id="442">
<BasicBoolTerm Intrnl_Id="443">
<LocList>
<Loc EndOffset="7867" SrcFileId="1" StartOffset="7814"/>
</LocList>
</BasicBoolTerm>
</RootTerm>
</CondStmnt>
</StmntSeq>
</Branch>
<Keyword EndOffset="7722" SrcFileId="1" StartOffset="7720"/>
<LocList>
<Loc EndOffset="8049" SrcFileId="1" StartOffset="7720"/>
</LocList>
<RootTerm CovItemId="C47" CovItemPrefix="com.OriginalFiles.RemoteNXTFunctions.java" Intrnl_Id="444">
<OpTerm BooleanOpId="10" Intrnl_Id="445">
<BasicBoolTerm Intrnl_Id="446">
<LocList>
<Loc EndOffset="7729" SrcFileId="1" StartOffset="7723"/>
</LocList>
</BasicBoolTerm>
<BasicBoolTerm Intrnl_Id="447">
<LocList>
<Loc EndOffset="7739" SrcFileId="1" StartOffset="7733"/>
</LocList>
</BasicBoolTerm>
<LocList>
<Loc EndOffset="7732" SrcFileId="1" StartOffset="7730"/>
</LocList>
</OpTerm>
</RootTerm>
</CondStmnt>
</StmntSeq>
</Branch>
<Keyword EndOffset="7632" SrcFileId="1" StartOffset="7630"/>
<LocList>
<Loc EndOffset="8049" SrcFileId="1" StartOffset="7630"/>
</LocList>
<RootTerm CovItemId="C46" CovItemPrefix="com.OriginalFiles.RemoteNXTFunctions.java" Intrnl_Id="448">
<OpTerm BooleanOpId="10" Intrnl_Id="449">
<BasicBoolTerm Intrnl_Id="450">
<LocList>
<Loc EndOffset="7639" SrcFileId="1" StartOffset="7633"/>
</LocList>
</BasicBoolTerm>
<BasicBoolTerm Intrnl_Id="451">
<LocList>
<Loc EndOffset="7649" SrcFileId="1" StartOffset="7643"/>
</LocList>
</BasicBoolTerm>
<LocList>
<Loc EndOffset="7642" SrcFileId="1" StartOffset="7640"/>
</LocList>
</OpTerm>
</RootTerm>
</CondStmnt>
</StmntSeq>
</Branch>
<Branch CovItemId="B86" CovItemPrefix="com.OriginalFiles.RemoteNXTFunctions.java" Implct="false" Intrnl_Id="452">
<Cond>
<Loc EndOffset="8082" SrcFileId="1" StartOffset="8078"/>
</Cond>
<LocList>
<Loc EndOffset="11286" SrcFileId="1" StartOffset="8083"/>
</LocList>
<StmntSeq Intrnl_Id="453">
<LocList>
<Loc EndOffset="11286" SrcFileId="1" StartOffset="8083"/>
</LocList>
<CondStmnt CovItemId="S108" CovItemPrefix="com.OriginalFiles.RemoteNXTFunctions.java" Intrnl_Id="454">
<Branch CovItemId="B93" CovItemPrefix="com.OriginalFiles.RemoteNXTFunctions.java" Implct="false" Intrnl_Id="455">
<Cond/>
<LocList>
<Loc EndOffset="8656" SrcFileId="1" StartOffset="8113"/>
</LocList>
<StmntSeq Intrnl_Id="456">
<LocList>
<Loc EndOffset="8641" SrcFileId="1" StartOffset="8132"/>
</LocList>
<CondStmnt CovItemId="S109" CovItemPrefix="com.OriginalFiles.RemoteNXTFunctions.java" Intrnl_Id="457">
<Branch CovItemId="B95" CovItemPrefix="com.OriginalFiles.RemoteNXTFunctions.java" Implct="false" Intrnl_Id="458">
<Cond/>
<LocList>
<Loc EndOffset="8216" SrcFileId="1" StartOffset="8153"/>
</LocList>
<StmntSeq Intrnl_Id="459">
<LocList>
<Loc EndOffset="8197" SrcFileId="1" StartOffset="8176"/>
</LocList>
<BasicStmnt CovItemId="S110" CovItemPrefix="com.OriginalFiles.RemoteNXTFunctions.java" Intrnl_Id="460">
<LocList>
<Loc EndOffset="8197" SrcFileId="1" StartOffset="8176"/>
</LocList>
</BasicStmnt>
</StmntSeq>
</Branch>
<Branch CovItemId="B96" CovItemPrefix="com.OriginalFiles.RemoteNXTFunctions.java" Implct="false" Intrnl_Id="461">
<Cond>
<Loc EndOffset="8221" SrcFileId="1" StartOffset="8217"/>
</Cond>
<LocList>
<Loc EndOffset="8641" SrcFileId="1" StartOffset="8222"/>
</LocList>
<StmntSeq Intrnl_Id="462">
<LocList>
<Loc EndOffset="8641" SrcFileId="1" StartOffset="8222"/>
</LocList>
<CondStmnt CovItemId="S111" CovItemPrefix="com.OriginalFiles.RemoteNXTFunctions.java" Intrnl_Id="463">
<Branch CovItemId="B97" CovItemPrefix="com.OriginalFiles.RemoteNXTFunctions.java" Implct="false" Intrnl_Id="464">
<Cond/>
<LocList>
<Loc EndOffset="8306" SrcFileId="1" StartOffset="8243"/>
</LocList>
<StmntSeq Intrnl_Id="465">
<LocList>
<Loc EndOffset="8287" SrcFileId="1" StartOffset="8266"/>
</LocList>
<BasicStmnt CovItemId="S112" CovItemPrefix="com.OriginalFiles.RemoteNXTFunctions.java" Intrnl_Id="466">
<LocList>
<Loc EndOffset="8287" SrcFileId="1" StartOffset="8266"/>
</LocList>
</BasicStmnt>
</StmntSeq>
</Branch>
<Branch CovItemId="B98" CovItemPrefix="com.OriginalFiles.RemoteNXTFunctions.java" Implct="false" Intrnl_Id="467">
<Cond>
<Loc EndOffset="8311" SrcFileId="1" StartOffset="8307"/>
</Cond>
<LocList>
<Loc EndOffset="8641" SrcFileId="1" StartOffset="8312"/>
</LocList>
<StmntSeq Intrnl_Id="468">
<LocList>
<Loc EndOffset="8641" SrcFileId="1" StartOffset="8312"/>
</LocList>
<CondStmnt CovItemId="S113" CovItemPrefix="com.OriginalFiles.RemoteNXTFunctions.java" Intrnl_Id="469">
<Branch CovItemId="B99" CovItemPrefix="com.OriginalFiles.RemoteNXTFunctions.java" Implct="false" Intrnl_Id="470">
<Cond/>
<LocList>
<Loc EndOffset="8396" SrcFileId="1" StartOffset="8333"/>
</LocList>
<StmntSeq Intrnl_Id="471">
<LocList>
<Loc EndOffset="8377" SrcFileId="1" StartOffset="8356"/>
</LocList>
<BasicStmnt CovItemId="S114" CovItemPrefix="com.OriginalFiles.RemoteNXTFunctions.java" Intrnl_Id="472">
<LocList>
<Loc EndOffset="8377" SrcFileId="1" StartOffset="8356"/>
</LocList>
</BasicStmnt>
</StmntSeq>
</Branch>
<Branch CovItemId="B100" CovItemPrefix="com.OriginalFiles.RemoteNXTFunctions.java" Implct="false" Intrnl_Id="473">
<Cond>
<Loc EndOffset="8401" SrcFileId="1" StartOffset="8397"/>
</Cond>
<LocList>
<Loc EndOffset="8641" SrcFileId="1" StartOffset="8402"/>
</LocList>
<StmntSeq Intrnl_Id="474">
<LocList>
<Loc EndOffset="8641" SrcFileId="1" StartOffset="8402"/>
</LocList>
<CondStmnt CovItemId="S115" CovItemPrefix="com.OriginalFiles.RemoteNXTFunctions.java" Intrnl_Id="475">
<Branch CovItemId="B101" CovItemPrefix="com.OriginalFiles.RemoteNXTFunctions.java" Implct="false" Intrnl_Id="476">
<Cond/>
<LocList>
<Loc EndOffset="8572" SrcFileId="1" StartOffset="8461"/>
</LocList>
<StmntSeq Intrnl_Id="477">
<LocList>
<Loc EndOffset="8553" SrcFileId="1" StartOffset="8484"/>
</LocList>
<BasicStmnt CovItemId="S116" CovItemPrefix="com.OriginalFiles.RemoteNXTFunctions.java" Intrnl_Id="478">
<LocList>
<Loc EndOffset="8553" SrcFileId="1" StartOffset="8484"/>
</LocList>
</BasicStmnt>
</StmntSeq>
</Branch>
<Branch CovItemId="B102" CovItemPrefix="com.OriginalFiles.RemoteNXTFunctions.java" Implct="false" Intrnl_Id="479">
<Cond>
<Loc EndOffset="8577" SrcFileId="1" StartOffset="8573"/>
</Cond>
<LocList>
<Loc EndOffset="8641" SrcFileId="1" StartOffset="8578"/>
</LocList>
<StmntSeq Intrnl_Id="480">
<LocList>
<Loc EndOffset="8622" SrcFileId="1" StartOffset="8601"/>
</LocList>
<BasicStmnt CovItemId="S117" CovItemPrefix="com.OriginalFiles.RemoteNXTFunctions.java" Intrnl_Id="481">
<LocList>
<Loc EndOffset="8622" SrcFileId="1" StartOffset="8601"/>
</LocList>
</BasicStmnt>
</StmntSeq>
</Branch>
<Keyword EndOffset="8404" SrcFileId="1" StartOffset="8402"/>
<LocList>
<Loc EndOffset="8641" SrcFileId="1" StartOffset="8402"/>
</LocList>
<RootTerm CovItemId="C53" CovItemPrefix="com.OriginalFiles.RemoteNXTFunctions.java" Intrnl_Id="482">
<BasicBoolTerm Intrnl_Id="483">
<LocList>
<Loc EndOffset="8459" SrcFileId="1" StartOffset="8406"/>
</LocList>
</BasicBoolTerm>
</RootTerm>
</CondStmnt>
</StmntSeq>
</Branch>
<Keyword EndOffset="8314" SrcFileId="1" StartOffset="8312"/>
<LocList>
<Loc EndOffset="8641" SrcFileId="1" StartOffset="8312"/>
</LocList>
<RootTerm CovItemId="C52" CovItemPrefix="com.OriginalFiles.RemoteNXTFunctions.java" Intrnl_Id="484">
<OpTerm BooleanOpId="10" Intrnl_Id="485">
<BasicBoolTerm Intrnl_Id="486">
<LocList>
<Loc EndOffset="8321" SrcFileId="1" StartOffset="8315"/>
</LocList>
</BasicBoolTerm>
<BasicBoolTerm Intrnl_Id="487">
<LocList>
<Loc EndOffset="8331" SrcFileId="1" StartOffset="8325"/>
</LocList>
</BasicBoolTerm>
<LocList>
<Loc EndOffset="8324" SrcFileId="1" StartOffset="8322"/>
</LocList>
</OpTerm>
</RootTerm>
</CondStmnt>
</StmntSeq>
</Branch>
<Keyword EndOffset="8224" SrcFileId="1" StartOffset="8222"/>
<LocList>
<Loc EndOffset="8641" SrcFileId="1" StartOffset="8222"/>
</LocList>
<RootTerm CovItemId="C51" CovItemPrefix="com.OriginalFiles.RemoteNXTFunctions.java" Intrnl_Id="488">
<OpTerm BooleanOpId="10" Intrnl_Id="489">
<BasicBoolTerm Intrnl_Id="490">
<LocList>
<Loc EndOffset="8231" SrcFileId="1" StartOffset="8225"/>
</LocList>
</BasicBoolTerm>
<BasicBoolTerm Intrnl_Id="491">
<LocList>
<Loc EndOffset="8241" SrcFileId="1" StartOffset="8235"/>
</LocList>
</BasicBoolTerm>
<LocList>
<Loc EndOffset="8234" SrcFileId="1" StartOffset="8232"/>
</LocList>
</OpTerm>
</RootTerm>
</CondStmnt>
</StmntSeq>
</Branch>
<Keyword EndOffset="8134" SrcFileId="1" StartOffset="8132"/>
<LocList>
<Loc EndOffset="8641" SrcFileId="1" StartOffset="8132"/>
</LocList>
<RootTerm CovItemId="C50" CovItemPrefix="com.OriginalFiles.RemoteNXTFunctions.java" Intrnl_Id="492">
<OpTerm BooleanOpId="10" Intrnl_Id="493">
<BasicBoolTerm Intrnl_Id="494">
<LocList>
<Loc EndOffset="8141" SrcFileId="1" StartOffset="8135"/>
</LocList>
</BasicBoolTerm>
<BasicBoolTerm Intrnl_Id="495">
<LocList>
<Loc EndOffset="8151" SrcFileId="1" StartOffset="8145"/>
</LocList>
</BasicBoolTerm>
<LocList>
<Loc EndOffset="8144" SrcFileId="1" StartOffset="8142"/>
</LocList>
</OpTerm>
</RootTerm>
</CondStmnt>
</StmntSeq>
</Branch>
<Branch CovItemId="B94" CovItemPrefix="com.OriginalFiles.RemoteNXTFunctions.java" Implct="false" Intrnl_Id="496">
<Cond>
<Loc EndOffset="8661" SrcFileId="1" StartOffset="8657"/>
</Cond>
<LocList>
<Loc EndOffset="11286" SrcFileId="1" StartOffset="8662"/>
</LocList>
<StmntSeq Intrnl_Id="497">
<LocList>
<Loc EndOffset="11286" SrcFileId="1" StartOffset="8662"/>
</LocList>
<CondStmnt CovItemId="S118" CovItemPrefix="com.OriginalFiles.RemoteNXTFunctions.java" Intrnl_Id="498">
<Branch CovItemId="B103" CovItemPrefix="com.OriginalFiles.RemoteNXTFunctions.java" Implct="false" Intrnl_Id="499">
<Cond/>
<LocList>
<Loc EndOffset="9236" SrcFileId="1" StartOffset="8693"/>
</LocList>
<StmntSeq Intrnl_Id="500">
<LocList>
<Loc EndOffset="9221" SrcFileId="1" StartOffset="8712"/>
</LocList>
<CondStmnt CovItemId="S119" CovItemPrefix="com.OriginalFiles.RemoteNXTFunctions.java" Intrnl_Id="501">
<Branch CovItemId="B105" CovItemPrefix="com.OriginalFiles.RemoteNXTFunctions.java" Implct="false" Intrnl_Id="502">
<Cond/>
<LocList>
<Loc EndOffset="8796" SrcFileId="1" StartOffset="8733"/>
</LocList>
<StmntSeq Intrnl_Id="503">
<LocList>
<Loc EndOffset="8777" SrcFileId="1" StartOffset="8756"/>
</LocList>
<BasicStmnt CovItemId="S120" CovItemPrefix="com.OriginalFiles.RemoteNXTFunctions.java" Intrnl_Id="504">
<LocList>
<Loc EndOffset="8777" SrcFileId="1" StartOffset="8756"/>
</LocList>
</BasicStmnt>
</StmntSeq>
</Branch>
<Branch CovItemId="B106" CovItemPrefix="com.OriginalFiles.RemoteNXTFunctions.java" Implct="false" Intrnl_Id="505">
<Cond>
<Loc EndOffset="8801" SrcFileId="1" StartOffset="8797"/>
</Cond>
<LocList>
<Loc EndOffset="9221" SrcFileId="1" StartOffset="8802"/>
</LocList>
<StmntSeq Intrnl_Id="506">
<LocList>
<Loc EndOffset="9221" SrcFileId="1" StartOffset="8802"/>
</LocList>
<CondStmnt CovItemId="S121" CovItemPrefix="com.OriginalFiles.RemoteNXTFunctions.java" Intrnl_Id="507">
<Branch CovItemId="B107" CovItemPrefix="com.OriginalFiles.RemoteNXTFunctions.java" Implct="false" Intrnl_Id="508">
<Cond/>
<LocList>
<Loc EndOffset="8886" SrcFileId="1" StartOffset="8823"/>
</LocList>
<StmntSeq Intrnl_Id="509">
<LocList>
<Loc EndOffset="8867" SrcFileId="1" StartOffset="8846"/>
</LocList>
<BasicStmnt CovItemId="S122" CovItemPrefix="com.OriginalFiles.RemoteNXTFunctions.java" Intrnl_Id="510">
<LocList>
<Loc EndOffset="8867" SrcFileId="1" StartOffset="8846"/>
</LocList>
</BasicStmnt>
</StmntSeq>
</Branch>
<Branch CovItemId="B108" CovItemPrefix="com.OriginalFiles.RemoteNXTFunctions.java" Implct="false" Intrnl_Id="511">
<Cond>
<Loc EndOffset="8891" SrcFileId="1" StartOffset="8887"/>
</Cond>
<LocList>
<Loc EndOffset="9221" SrcFileId="1" StartOffset="8892"/>
</LocList>
<StmntSeq Intrnl_Id="512">
<LocList>
<Loc EndOffset="9221" SrcFileId="1" StartOffset="8892"/>
</LocList>
<CondStmnt CovItemId="S123" CovItemPrefix="com.OriginalFiles.RemoteNXTFunctions.java" Intrnl_Id="513">
<Branch CovItemId="B109" CovItemPrefix="com.OriginalFiles.RemoteNXTFunctions.java" Implct="false" Intrnl_Id="514">
<Cond/>
<LocList>
<Loc EndOffset="8976" SrcFileId="1" StartOffset="8913"/>
</LocList>
<StmntSeq Intrnl_Id="515">
<LocList>
<Loc EndOffset="8957" SrcFileId="1" StartOffset="8936"/>
</LocList>
<BasicStmnt CovItemId="S124" CovItemPrefix="com.OriginalFiles.RemoteNXTFunctions.java" Intrnl_Id="516">
<LocList>
<Loc EndOffset="8957" SrcFileId="1" StartOffset="8936"/>
</LocList>
</BasicStmnt>
</StmntSeq>
</Branch>
<Branch CovItemId="B110" CovItemPrefix="com.OriginalFiles.RemoteNXTFunctions.java" Implct="false" Intrnl_Id="517">
<Cond>
<Loc EndOffset="8981" SrcFileId="1" StartOffset="8977"/>
</Cond>
<LocList>
<Loc EndOffset="9221" SrcFileId="1" StartOffset="8982"/>
</LocList>
<StmntSeq Intrnl_Id="518">
<LocList>
<Loc EndOffset="9221" SrcFileId="1" StartOffset="8982"/>
</LocList>
<CondStmnt CovItemId="S125" CovItemPrefix="com.OriginalFiles.RemoteNXTFunctions.java" Intrnl_Id="519">
<Branch CovItemId="B111" CovItemPrefix="com.OriginalFiles.RemoteNXTFunctions.java" Implct="false" Intrnl_Id="520">
<Cond/>
<LocList>
<Loc EndOffset="9152" SrcFileId="1" StartOffset="9041"/>
</LocList>
<StmntSeq Intrnl_Id="521">
<LocList>
<Loc EndOffset="9133" SrcFileId="1" StartOffset="9064"/>
</LocList>
<BasicStmnt CovItemId="S126" CovItemPrefix="com.OriginalFiles.RemoteNXTFunctions.java" Intrnl_Id="522">
<LocList>
<Loc EndOffset="9133" SrcFileId="1" StartOffset="9064"/>
</LocList>
</BasicStmnt>
</StmntSeq>
</Branch>
<Branch CovItemId="B112" CovItemPrefix="com.OriginalFiles.RemoteNXTFunctions.java" Implct="false" Intrnl_Id="523">
<Cond>
<Loc EndOffset="9157" SrcFileId="1" StartOffset="9153"/>
</Cond>
<LocList>
<Loc EndOffset="9221" SrcFileId="1" StartOffset="9158"/>
</LocList>
<StmntSeq Intrnl_Id="524">
<LocList>
<Loc EndOffset="9202" SrcFileId="1" StartOffset="9181"/>
</LocList>
<BasicStmnt CovItemId="S127" CovItemPrefix="com.OriginalFiles.RemoteNXTFunctions.java" Intrnl_Id="525">
<LocList>
<Loc EndOffset="9202" SrcFileId="1" StartOffset="9181"/>
</LocList>
</BasicStmnt>
</StmntSeq>
</Branch>
<Keyword EndOffset="8984" SrcFileId="1" StartOffset="8982"/>
<LocList>
<Loc EndOffset="9221" SrcFileId="1" StartOffset="8982"/>
</LocList>
<RootTerm CovItemId="C58" CovItemPrefix="com.OriginalFiles.RemoteNXTFunctions.java" Intrnl_Id="526">
<BasicBoolTerm Intrnl_Id="527">
<LocList>
<Loc EndOffset="9039" SrcFileId="1" StartOffset="8986"/>
</LocList>
</BasicBoolTerm>
</RootTerm>
</CondStmnt>
</StmntSeq>
</Branch>
<Keyword EndOffset="8894" SrcFileId="1" StartOffset="8892"/>
<LocList>
<Loc EndOffset="9221" SrcFileId="1" StartOffset="8892"/>
</LocList>
<RootTerm CovItemId="C57" CovItemPrefix="com.OriginalFiles.RemoteNXTFunctions.java" Intrnl_Id="528">
<OpTerm BooleanOpId="10" Intrnl_Id="529">
<BasicBoolTerm Intrnl_Id="530">
<LocList>
<Loc EndOffset="8901" SrcFileId="1" StartOffset="8895"/>
</LocList>
</BasicBoolTerm>
<BasicBoolTerm Intrnl_Id="531">
<LocList>
<Loc EndOffset="8911" SrcFileId="1" StartOffset="8905"/>
</LocList>
</BasicBoolTerm>
<LocList>
<Loc EndOffset="8904" SrcFileId="1" StartOffset="8902"/>
</LocList>
</OpTerm>
</RootTerm>
</CondStmnt>
</StmntSeq>
</Branch>
<Keyword EndOffset="8804" SrcFileId="1" StartOffset="8802"/>
<LocList>
<Loc EndOffset="9221" SrcFileId="1" StartOffset="8802"/>
</LocList>
<RootTerm CovItemId="C56" CovItemPrefix="com.OriginalFiles.RemoteNXTFunctions.java" Intrnl_Id="532">
<OpTerm BooleanOpId="10" Intrnl_Id="533">
<BasicBoolTerm Intrnl_Id="534">
<LocList>
<Loc EndOffset="8811" SrcFileId="1" StartOffset="8805"/>
</LocList>
</BasicBoolTerm>
<BasicBoolTerm Intrnl_Id="535">
<LocList>
<Loc EndOffset="8821" SrcFileId="1" StartOffset="8815"/>
</LocList>
</BasicBoolTerm>
<LocList>
<Loc EndOffset="8814" SrcFileId="1" StartOffset="8812"/>
</LocList>
</OpTerm>
</RootTerm>
</CondStmnt>
</StmntSeq>
</Branch>
<Keyword EndOffset="8714" SrcFileId="1" StartOffset="8712"/>
<LocList>
<Loc EndOffset="9221" SrcFileId="1" StartOffset="8712"/>
</LocList>
<RootTerm CovItemId="C55" CovItemPrefix="com.OriginalFiles.RemoteNXTFunctions.java" Intrnl_Id="536">
<OpTerm BooleanOpId="10" Intrnl_Id="537">
<BasicBoolTerm Intrnl_Id="538">
<LocList>
<Loc EndOffset="8721" SrcFileId="1" StartOffset="8715"/>
</LocList>
</BasicBoolTerm>
<BasicBoolTerm Intrnl_Id="539">
<LocList>
<Loc EndOffset="8731" SrcFileId="1" StartOffset="8725"/>
</LocList>
</BasicBoolTerm>
<LocList>
<Loc EndOffset="8724" SrcFileId="1" StartOffset="8722"/>
</LocList>
</OpTerm>
</RootTerm>
</CondStmnt>
</StmntSeq>
</Branch>
<Branch CovItemId="B104" CovItemPrefix="com.OriginalFiles.RemoteNXTFunctions.java" Implct="false" Intrnl_Id="540">
<Cond>
<Loc EndOffset="9241" SrcFileId="1" StartOffset="9237"/>
</Cond>
<LocList>
<Loc EndOffset="11286" SrcFileId="1" StartOffset="9242"/>
</LocList>
<StmntSeq Intrnl_Id="541">
<LocList>
<Loc EndOffset="11286" SrcFileId="1" StartOffset="9242"/>
</LocList>
<CondStmnt CovItemId="S128" CovItemPrefix="com.OriginalFiles.RemoteNXTFunctions.java" Intrnl_Id="542">
<Branch CovItemId="B113" CovItemPrefix="com.OriginalFiles.RemoteNXTFunctions.java" Implct="false" Intrnl_Id="543">
<Cond/>
<LocList>
<Loc EndOffset="9816" SrcFileId="1" StartOffset="9273"/>
</LocList>
<StmntSeq Intrnl_Id="544">
<LocList>
<Loc EndOffset="9801" SrcFileId="1" StartOffset="9292"/>
</LocList>
<CondStmnt CovItemId="S129" CovItemPrefix="com.OriginalFiles.RemoteNXTFunctions.java" Intrnl_Id="545">
<Branch CovItemId="B115" CovItemPrefix="com.OriginalFiles.RemoteNXTFunctions.java" Implct="false" Intrnl_Id="546">
<Cond/>
<LocList>
<Loc EndOffset="9376" SrcFileId="1" StartOffset="9313"/>
</LocList>
<StmntSeq Intrnl_Id="547">
<LocList>
<Loc EndOffset="9357" SrcFileId="1" StartOffset="9336"/>
</LocList>
<BasicStmnt CovItemId="S130" CovItemPrefix="com.OriginalFiles.RemoteNXTFunctions.java" Intrnl_Id="548">
<LocList>
<Loc EndOffset="9357" SrcFileId="1" StartOffset="9336"/>
</LocList>
</BasicStmnt>
</StmntSeq>
</Branch>
<Branch CovItemId="B116" CovItemPrefix="com.OriginalFiles.RemoteNXTFunctions.java" Implct="false" Intrnl_Id="549">
<Cond>
<Loc EndOffset="9381" SrcFileId="1" StartOffset="9377"/>
</Cond>
<LocList>
<Loc EndOffset="9801" SrcFileId="1" StartOffset="9382"/>
</LocList>
<StmntSeq Intrnl_Id="550">
<LocList>
<Loc EndOffset="9801" SrcFileId="1" StartOffset="9382"/>
</LocList>
<CondStmnt CovItemId="S131" CovItemPrefix="com.OriginalFiles.RemoteNXTFunctions.java" Intrnl_Id="551">
<Branch CovItemId="B117" CovItemPrefix="com.OriginalFiles.RemoteNXTFunctions.java" Implct="false" Intrnl_Id="552">
<Cond/>
<LocList>
<Loc EndOffset="9466" SrcFileId="1" StartOffset="9403"/>
</LocList>
<StmntSeq Intrnl_Id="553">
<LocList>
<Loc EndOffset="9447" SrcFileId="1" StartOffset="9426"/>
</LocList>
<BasicStmnt CovItemId="S132" CovItemPrefix="com.OriginalFiles.RemoteNXTFunctions.java" Intrnl_Id="554">
<LocList>
<Loc EndOffset="9447" SrcFileId="1" StartOffset="9426"/>
</LocList>
</BasicStmnt>
</StmntSeq>
</Branch>
<Branch CovItemId="B118" CovItemPrefix="com.OriginalFiles.RemoteNXTFunctions.java" Implct="false" Intrnl_Id="555">
<Cond>
<Loc EndOffset="9471" SrcFileId="1" StartOffset="9467"/>
</Cond>
<LocList>
<Loc EndOffset="9801" SrcFileId="1" StartOffset="9472"/>
</LocList>
<StmntSeq Intrnl_Id="556">
<LocList>
<Loc EndOffset="9801" SrcFileId="1" StartOffset="9472"/>
</LocList>
<CondStmnt CovItemId="S133" CovItemPrefix="com.OriginalFiles.RemoteNXTFunctions.java" Intrnl_Id="557">
<Branch CovItemId="B119" CovItemPrefix="com.OriginalFiles.RemoteNXTFunctions.java" Implct="false" Intrnl_Id="558">
<Cond/>
<LocList>
<Loc EndOffset="9556" SrcFileId="1" StartOffset="9493"/>
</LocList>
<StmntSeq Intrnl_Id="559">
<LocList>
<Loc EndOffset="9537" SrcFileId="1" StartOffset="9516"/>
</LocList>
<BasicStmnt CovItemId="S134" CovItemPrefix="com.OriginalFiles.RemoteNXTFunctions.java" Intrnl_Id="560">
<LocList>
<Loc EndOffset="9537" SrcFileId="1" StartOffset="9516"/>
</LocList>
</BasicStmnt>
</StmntSeq>
</Branch>
<Branch CovItemId="B120" CovItemPrefix="com.OriginalFiles.RemoteNXTFunctions.java" Implct="false" Intrnl_Id="561">
<Cond>
<Loc EndOffset="9561" SrcFileId="1" StartOffset="9557"/>
</Cond>
<LocList>
<Loc EndOffset="9801" SrcFileId="1" StartOffset="9562"/>
</LocList>
<StmntSeq Intrnl_Id="562">
<LocList>
<Loc EndOffset="9801" SrcFileId="1" StartOffset="9562"/>
</LocList>
<CondStmnt CovItemId="S135" CovItemPrefix="com.OriginalFiles.RemoteNXTFunctions.java" Intrnl_Id="563">
<Branch CovItemId="B121" CovItemPrefix="com.OriginalFiles.RemoteNXTFunctions.java" Implct="false" Intrnl_Id="564">
<Cond/>
<LocList>
<Loc EndOffset="9732" SrcFileId="1" StartOffset="9621"/>
</LocList>
<StmntSeq Intrnl_Id="565">
<LocList>
<Loc EndOffset="9713" SrcFileId="1" StartOffset="9644"/>
</LocList>
<BasicStmnt CovItemId="S136" CovItemPrefix="com.OriginalFiles.RemoteNXTFunctions.java" Intrnl_Id="566">
<LocList>
<Loc EndOffset="9713" SrcFileId="1" StartOffset="9644"/>
</LocList>
</BasicStmnt>
</StmntSeq>
</Branch>
<Branch CovItemId="B122" CovItemPrefix="com.OriginalFiles.RemoteNXTFunctions.java" Implct="false" Intrnl_Id="567">
<Cond>
<Loc EndOffset="9737" SrcFileId="1" StartOffset="9733"/>
</Cond>
<LocList>
<Loc EndOffset="9801" SrcFileId="1" StartOffset="9738"/>
</LocList>
<StmntSeq Intrnl_Id="568">
<LocList>
<Loc EndOffset="9782" SrcFileId="1" StartOffset="9761"/>
</LocList>
<BasicStmnt CovItemId="S137" CovItemPrefix="com.OriginalFiles.RemoteNXTFunctions.java" Intrnl_Id="569">
<LocList>
<Loc EndOffset="9782" SrcFileId="1" StartOffset="9761"/>
</LocList>
</BasicStmnt>
</StmntSeq>
</Branch>
<Keyword EndOffset="9564" SrcFileId="1" StartOffset="9562"/>
<LocList>
<Loc EndOffset="9801" SrcFileId="1" StartOffset="9562"/>
</LocList>
<RootTerm CovItemId="C63" CovItemPrefix="com.OriginalFiles.RemoteNXTFunctions.java" Intrnl_Id="570">
<BasicBoolTerm Intrnl_Id="571">
<LocList>
<Loc EndOffset="9619" SrcFileId="1" StartOffset="9566"/>
</LocList>
</BasicBoolTerm>
</RootTerm>
</CondStmnt>
</StmntSeq>
</Branch>
<Keyword EndOffset="9474" SrcFileId="1" StartOffset="9472"/>
<LocList>
<Loc EndOffset="9801" SrcFileId="1" StartOffset="9472"/>
</LocList>
<RootTerm CovItemId="C62" CovItemPrefix="com.OriginalFiles.RemoteNXTFunctions.java" Intrnl_Id="572">
<OpTerm BooleanOpId="10" Intrnl_Id="573">
<BasicBoolTerm Intrnl_Id="574">
<LocList>
<Loc EndOffset="9481" SrcFileId="1" StartOffset="9475"/>
</LocList>
</BasicBoolTerm>
<BasicBoolTerm Intrnl_Id="575">
<LocList>
<Loc EndOffset="9491" SrcFileId="1" StartOffset="9485"/>
</LocList>
</BasicBoolTerm>
<LocList>
<Loc EndOffset="9484" SrcFileId="1" StartOffset="9482"/>
</LocList>
</OpTerm>
</RootTerm>
</CondStmnt>
</StmntSeq>
</Branch>
<Keyword EndOffset="9384" SrcFileId="1" StartOffset="9382"/>
<LocList>
<Loc EndOffset="9801" SrcFileId="1" StartOffset="9382"/>
</LocList>
<RootTerm CovItemId="C61" CovItemPrefix="com.OriginalFiles.RemoteNXTFunctions.java" Intrnl_Id="576">
<OpTerm BooleanOpId="10" Intrnl_Id="577">
<BasicBoolTerm Intrnl_Id="578">
<LocList>
<Loc EndOffset="9391" SrcFileId="1" StartOffset="9385"/>
</LocList>
</BasicBoolTerm>
<BasicBoolTerm Intrnl_Id="579">
<LocList>
<Loc EndOffset="9401" SrcFileId="1" StartOffset="9395"/>
</LocList>
</BasicBoolTerm>
<LocList>
<Loc EndOffset="9394" SrcFileId="1" StartOffset="9392"/>
</LocList>
</OpTerm>
</RootTerm>
</CondStmnt>
</StmntSeq>
</Branch>
<Keyword EndOffset="9294" SrcFileId="1" StartOffset="9292"/>
<LocList>
<Loc EndOffset="9801" SrcFileId="1" StartOffset="9292"/>
</LocList>
<RootTerm CovItemId="C60" CovItemPrefix="com.OriginalFiles.RemoteNXTFunctions.java" Intrnl_Id="580">
<OpTerm BooleanOpId="10" Intrnl_Id="581">
<BasicBoolTerm Intrnl_Id="582">
<LocList>
<Loc EndOffset="9301" SrcFileId="1" StartOffset="9295"/>
</LocList>
</BasicBoolTerm>
<BasicBoolTerm Intrnl_Id="583">
<LocList>
<Loc EndOffset="9311" SrcFileId="1" StartOffset="9305"/>
</LocList>
</BasicBoolTerm>
<LocList>
<Loc EndOffset="9304" SrcFileId="1" StartOffset="9302"/>
</LocList>
</OpTerm>
</RootTerm>
</CondStmnt>
</StmntSeq>
</Branch>
<Branch CovItemId="B114" CovItemPrefix="com.OriginalFiles.RemoteNXTFunctions.java" Implct="false" Intrnl_Id="584">
<Cond>
<Loc EndOffset="9821" SrcFileId="1" StartOffset="9817"/>
</Cond>
<LocList>
<Loc EndOffset="11286" SrcFileId="1" StartOffset="9822"/>
</LocList>
<StmntSeq Intrnl_Id="585">
<LocList>
<Loc EndOffset="11286" SrcFileId="1" StartOffset="9822"/>
</LocList>
<CondStmnt CovItemId="S138" CovItemPrefix="com.OriginalFiles.RemoteNXTFunctions.java" Intrnl_Id="586">
<Branch CovItemId="B123" CovItemPrefix="com.OriginalFiles.RemoteNXTFunctions.java" Implct="false" Intrnl_Id="587">
<Cond/>
<LocList>
<Loc EndOffset="10396" SrcFileId="1" StartOffset="9853"/>
</LocList>
<StmntSeq Intrnl_Id="588">
<LocList>
<Loc EndOffset="10381" SrcFileId="1" StartOffset="9872"/>
</LocList>
<CondStmnt CovItemId="S139" CovItemPrefix="com.OriginalFiles.RemoteNXTFunctions.java" Intrnl_Id="589">
<Branch CovItemId="B125" CovItemPrefix="com.OriginalFiles.RemoteNXTFunctions.java" Implct="false" Intrnl_Id="590">
<Cond/>
<LocList>
<Loc EndOffset="9956" SrcFileId="1" StartOffset="9893"/>
</LocList>
<StmntSeq Intrnl_Id="591">
<LocList>
<Loc EndOffset="9937" SrcFileId="1" StartOffset="9916"/>
</LocList>
<BasicStmnt CovItemId="S140" CovItemPrefix="com.OriginalFiles.RemoteNXTFunctions.java" Intrnl_Id="592">
<LocList>
<Loc EndOffset="9937" SrcFileId="1" StartOffset="9916"/>
</LocList>
</BasicStmnt>
</StmntSeq>
</Branch>
<Branch CovItemId="B126" CovItemPrefix="com.OriginalFiles.RemoteNXTFunctions.java" Implct="false" Intrnl_Id="593">
<Cond>
<Loc EndOffset="9961" SrcFileId="1" StartOffset="9957"/>
</Cond>
<LocList>
<Loc EndOffset="10381" SrcFileId="1" StartOffset="9962"/>
</LocList>
<StmntSeq Intrnl_Id="594">
<LocList>
<Loc EndOffset="10381" SrcFileId="1" StartOffset="9962"/>
</LocList>
<CondStmnt CovItemId="S141" CovItemPrefix="com.OriginalFiles.RemoteNXTFunctions.java" Intrnl_Id="595">
<Branch CovItemId="B127" CovItemPrefix="com.OriginalFiles.RemoteNXTFunctions.java" Implct="false" Intrnl_Id="596">
<Cond/>
<LocList>
<Loc EndOffset="10046" SrcFileId="1" StartOffset="9983"/>
</LocList>
<StmntSeq Intrnl_Id="597">
<LocList>
<Loc EndOffset="10027" SrcFileId="1" StartOffset="10006"/>
</LocList>
<BasicStmnt CovItemId="S142" CovItemPrefix="com.OriginalFiles.RemoteNXTFunctions.java" Intrnl_Id="598">
<LocList>
<Loc EndOffset="10027" SrcFileId="1" StartOffset="10006"/>
</LocList>
</BasicStmnt>
</StmntSeq>
</Branch>
<Branch CovItemId="B128" CovItemPrefix="com.OriginalFiles.RemoteNXTFunctions.java" Implct="false" Intrnl_Id="599">
<Cond>
<Loc EndOffset="10051" SrcFileId="1" StartOffset="10047"/>
</Cond>
<LocList>
<Loc EndOffset="10381" SrcFileId="1" StartOffset="10052"/>
</LocList>
<StmntSeq Intrnl_Id="600">
<LocList>
<Loc EndOffset="10381" SrcFileId="1" StartOffset="10052"/>
</LocList>
<CondStmnt CovItemId="S143" CovItemPrefix="com.OriginalFiles.RemoteNXTFunctions.java" Intrnl_Id="601">
<Branch CovItemId="B129" CovItemPrefix="com.OriginalFiles.RemoteNXTFunctions.java" Implct="false" Intrnl_Id="602">
<Cond/>
<LocList>
<Loc EndOffset="10136" SrcFileId="1" StartOffset="10073"/>
</LocList>
<StmntSeq Intrnl_Id="603">
<LocList>
<Loc EndOffset="10117" SrcFileId="1" StartOffset="10096"/>
</LocList>
<BasicStmnt CovItemId="S144" CovItemPrefix="com.OriginalFiles.RemoteNXTFunctions.java" Intrnl_Id="604">
<LocList>
<Loc EndOffset="10117" SrcFileId="1" StartOffset="10096"/>
</LocList>
</BasicStmnt>
</StmntSeq>
</Branch>
<Branch CovItemId="B130" CovItemPrefix="com.OriginalFiles.RemoteNXTFunctions.java" Implct="false" Intrnl_Id="605">
<Cond>
<Loc EndOffset="10141" SrcFileId="1" StartOffset="10137"/>
</Cond>
<LocList>
<Loc EndOffset="10381" SrcFileId="1" StartOffset="10142"/>
</LocList>
<StmntSeq Intrnl_Id="606">
<LocList>
<Loc EndOffset="10381" SrcFileId="1" StartOffset="10142"/>
</LocList>
<CondStmnt CovItemId="S145" CovItemPrefix="com.OriginalFiles.RemoteNXTFunctions.java" Intrnl_Id="607">
<Branch CovItemId="B131" CovItemPrefix="com.OriginalFiles.RemoteNXTFunctions.java" Implct="false" Intrnl_Id="608">
<Cond/>
<LocList>
<Loc EndOffset="10312" SrcFileId="1" StartOffset="10201"/>
</LocList>
<StmntSeq Intrnl_Id="609">
<LocList>
<Loc EndOffset="10293" SrcFileId="1" StartOffset="10224"/>
</LocList>
<BasicStmnt CovItemId="S146" CovItemPrefix="com.OriginalFiles.RemoteNXTFunctions.java" Intrnl_Id="610">
<LocList>
<Loc EndOffset="10293" SrcFileId="1" StartOffset="10224"/>
</LocList>
</BasicStmnt>
</StmntSeq>
</Branch>
<Branch CovItemId="B132" CovItemPrefix="com.OriginalFiles.RemoteNXTFunctions.java" Implct="false" Intrnl_Id="611">
<Cond>
<Loc EndOffset="10317" SrcFileId="1" StartOffset="10313"/>
</Cond>
<LocList>
<Loc EndOffset="10381" SrcFileId="1" StartOffset="10318"/>
</LocList>
<StmntSeq Intrnl_Id="612">
<LocList>
<Loc EndOffset="10362" SrcFileId="1" StartOffset="10341"/>
</LocList>
<BasicStmnt CovItemId="S147" CovItemPrefix="com.OriginalFiles.RemoteNXTFunctions.java" Intrnl_Id="613">
<LocList>
<Loc EndOffset="10362" SrcFileId="1" StartOffset="10341"/>
</LocList>
</BasicStmnt>
</StmntSeq>
</Branch>
<Keyword EndOffset="10144" SrcFileId="1" StartOffset="10142"/>
<LocList>
<Loc EndOffset="10381" SrcFileId="1" StartOffset="10142"/>
</LocList>
<RootTerm CovItemId="C68" CovItemPrefix="com.OriginalFiles.RemoteNXTFunctions.java" Intrnl_Id="614">
<BasicBoolTerm Intrnl_Id="615">
<LocList>
<Loc EndOffset="10199" SrcFileId="1" StartOffset="10146"/>
</LocList>
</BasicBoolTerm>
</RootTerm>
</CondStmnt>
</StmntSeq>
</Branch>
<Keyword EndOffset="10054" SrcFileId="1" StartOffset="10052"/>
<LocList>
<Loc EndOffset="10381" SrcFileId="1" StartOffset="10052"/>
</LocList>
<RootTerm CovItemId="C67" CovItemPrefix="com.OriginalFiles.RemoteNXTFunctions.java" Intrnl_Id="616">
<OpTerm BooleanOpId="10" Intrnl_Id="617">
<BasicBoolTerm Intrnl_Id="618">
<LocList>
<Loc EndOffset="10061" SrcFileId="1" StartOffset="10055"/>
</LocList>
</BasicBoolTerm>
<BasicBoolTerm Intrnl_Id="619">
<LocList>
<Loc EndOffset="10071" SrcFileId="1" StartOffset="10065"/>
</LocList>
</BasicBoolTerm>
<LocList>
<Loc EndOffset="10064" SrcFileId="1" StartOffset="10062"/>
</LocList>
</OpTerm>
</RootTerm>
</CondStmnt>
</StmntSeq>
</Branch>
<Keyword EndOffset="9964" SrcFileId="1" StartOffset="9962"/>
<LocList>
<Loc EndOffset="10381" SrcFileId="1" StartOffset="9962"/>
</LocList>
<RootTerm CovItemId="C66" CovItemPrefix="com.OriginalFiles.RemoteNXTFunctions.java" Intrnl_Id="620">
<OpTerm BooleanOpId="10" Intrnl_Id="621">
<BasicBoolTerm Intrnl_Id="622">
<LocList>
<Loc EndOffset="9971" SrcFileId="1" StartOffset="9965"/>
</LocList>
</BasicBoolTerm>
<BasicBoolTerm Intrnl_Id="623">
<LocList>
<Loc EndOffset="9981" SrcFileId="1" StartOffset="9975"/>
</LocList>
</BasicBoolTerm>
<LocList>
<Loc EndOffset="9974" SrcFileId="1" StartOffset="9972"/>
</LocList>
</OpTerm>
</RootTerm>
</CondStmnt>
</StmntSeq>
</Branch>
<Keyword EndOffset="9874" SrcFileId="1" StartOffset="9872"/>
<LocList>
<Loc EndOffset="10381" SrcFileId="1" StartOffset="9872"/>
</LocList>
<RootTerm CovItemId="C65" CovItemPrefix="com.OriginalFiles.RemoteNXTFunctions.java" Intrnl_Id="624">
<OpTerm BooleanOpId="10" Intrnl_Id="625">
<BasicBoolTerm Intrnl_Id="626">
<LocList>
<Loc EndOffset="9881" SrcFileId="1" StartOffset="9875"/>
</LocList>
</BasicBoolTerm>
<BasicBoolTerm Intrnl_Id="627">
<LocList>
<Loc EndOffset="9891" SrcFileId="1" StartOffset="9885"/>
</LocList>
</BasicBoolTerm>
<LocList>
<Loc EndOffset="9884" SrcFileId="1" StartOffset="9882"/>
</LocList>
</OpTerm>
</RootTerm>
</CondStmnt>
</StmntSeq>
</Branch>
<Branch CovItemId="B124" CovItemPrefix="com.OriginalFiles.RemoteNXTFunctions.java" Implct="false" Intrnl_Id="628">
<Cond>
<Loc EndOffset="10401" SrcFileId="1" StartOffset="10397"/>
</Cond>
<LocList>
<Loc EndOffset="11286" SrcFileId="1" StartOffset="10402"/>
</LocList>
<StmntSeq Intrnl_Id="629">
<LocList>
<Loc EndOffset="11286" SrcFileId="1" StartOffset="10402"/>
</LocList>
<CondStmnt CovItemId="S148" CovItemPrefix="com.OriginalFiles.RemoteNXTFunctions.java" Intrnl_Id="630">
<Branch CovItemId="B133" CovItemPrefix="com.OriginalFiles.RemoteNXTFunctions.java" Implct="false" Intrnl_Id="631">
<Cond/>
<LocList>
<Loc EndOffset="10886" SrcFileId="1" StartOffset="10433"/>
</LocList>
<StmntSeq Intrnl_Id="632">
<LocList>
<Loc EndOffset="10871" SrcFileId="1" StartOffset="10452"/>
</LocList>
<CondStmnt CovItemId="S149" CovItemPrefix="com.OriginalFiles.RemoteNXTFunctions.java" Intrnl_Id="633">
<Branch CovItemId="B135" CovItemPrefix="com.OriginalFiles.RemoteNXTFunctions.java" Implct="false" Intrnl_Id="634">
<Cond/>
<LocList>
<Loc EndOffset="10536" SrcFileId="1" StartOffset="10473"/>
</LocList>
<StmntSeq Intrnl_Id="635">
<LocList>
<Loc EndOffset="10517" SrcFileId="1" StartOffset="10496"/>
</LocList>
<BasicStmnt CovItemId="S150" CovItemPrefix="com.OriginalFiles.RemoteNXTFunctions.java" Intrnl_Id="636">
<LocList>
<Loc EndOffset="10517" SrcFileId="1" StartOffset="10496"/>
</LocList>
</BasicStmnt>
</StmntSeq>
</Branch>
<Branch CovItemId="B136" CovItemPrefix="com.OriginalFiles.RemoteNXTFunctions.java" Implct="false" Intrnl_Id="637">
<Cond>
<Loc EndOffset="10541" SrcFileId="1" StartOffset="10537"/>
</Cond>
<LocList>
<Loc EndOffset="10871" SrcFileId="1" StartOffset="10542"/>
</LocList>
<StmntSeq Intrnl_Id="638">
<LocList>
<Loc EndOffset="10871" SrcFileId="1" StartOffset="10542"/>
</LocList>
<CondStmnt CovItemId="S151" CovItemPrefix="com.OriginalFiles.RemoteNXTFunctions.java" Intrnl_Id="639">
<Branch CovItemId="B137" CovItemPrefix="com.OriginalFiles.RemoteNXTFunctions.java" Implct="false" Intrnl_Id="640">
<Cond/>
<LocList>
<Loc EndOffset="10626" SrcFileId="1" StartOffset="10563"/>
</LocList>
<StmntSeq Intrnl_Id="641">
<LocList>
<Loc EndOffset="10607" SrcFileId="1" StartOffset="10586"/>
</LocList>
<BasicStmnt CovItemId="S152" CovItemPrefix="com.OriginalFiles.RemoteNXTFunctions.java" Intrnl_Id="642">
<LocList>
<Loc EndOffset="10607" SrcFileId="1" StartOffset="10586"/>
</LocList>
</BasicStmnt>
</StmntSeq>
</Branch>
<Branch CovItemId="B138" CovItemPrefix="com.OriginalFiles.RemoteNXTFunctions.java" Implct="false" Intrnl_Id="643">
<Cond>
<Loc EndOffset="10631" SrcFileId="1" StartOffset="10627"/>
</Cond>
<LocList>
<Loc EndOffset="10871" SrcFileId="1" StartOffset="10632"/>
</LocList>
<StmntSeq Intrnl_Id="644">
<LocList>
<Loc EndOffset="10871" SrcFileId="1" StartOffset="10632"/>
</LocList>
<CondStmnt CovItemId="S153" CovItemPrefix="com.OriginalFiles.RemoteNXTFunctions.java" Intrnl_Id="645">
<Branch CovItemId="B139" CovItemPrefix="com.OriginalFiles.RemoteNXTFunctions.java" Implct="false" Intrnl_Id="646">
<Cond/>
<LocList>
<Loc EndOffset="10802" SrcFileId="1" StartOffset="10691"/>
</LocList>
<StmntSeq Intrnl_Id="647">
<LocList>
<Loc EndOffset="10783" SrcFileId="1" StartOffset="10714"/>
</LocList>
<BasicStmnt CovItemId="S154" CovItemPrefix="com.OriginalFiles.RemoteNXTFunctions.java" Intrnl_Id="648">
<LocList>
<Loc EndOffset="10783" SrcFileId="1" StartOffset="10714"/>
</LocList>
</BasicStmnt>
</StmntSeq>
</Branch>
<Branch CovItemId="B140" CovItemPrefix="com.OriginalFiles.RemoteNXTFunctions.java" Implct="false" Intrnl_Id="649">
<Cond>
<Loc EndOffset="10807" SrcFileId="1" StartOffset="10803"/>
</Cond>
<LocList>
<Loc EndOffset="10871" SrcFileId="1" StartOffset="10808"/>
</LocList>
<StmntSeq Intrnl_Id="650">
<LocList>
<Loc EndOffset="10852" SrcFileId="1" StartOffset="10831"/>
</LocList>
<BasicStmnt CovItemId="S155" CovItemPrefix="com.OriginalFiles.RemoteNXTFunctions.java" Intrnl_Id="651">
<LocList>
<Loc EndOffset="10852" SrcFileId="1" StartOffset="10831"/>
</LocList>
</BasicStmnt>
</StmntSeq>
</Branch>
<Keyword EndOffset="10634" SrcFileId="1" StartOffset="10632"/>
<LocList>
<Loc EndOffset="10871" SrcFileId="1" StartOffset="10632"/>
</LocList>
<RootTerm CovItemId="C72" CovItemPrefix="com.OriginalFiles.RemoteNXTFunctions.java" Intrnl_Id="652">
<BasicBoolTerm Intrnl_Id="653">
<LocList>
<Loc EndOffset="10689" SrcFileId="1" StartOffset="10636"/>
</LocList>
</BasicBoolTerm>
</RootTerm>
</CondStmnt>
</StmntSeq>
</Branch>
<Keyword EndOffset="10544" SrcFileId="1" StartOffset="10542"/>
<LocList>
<Loc EndOffset="10871" SrcFileId="1" StartOffset="10542"/>
</LocList>
<RootTerm CovItemId="C71" CovItemPrefix="com.OriginalFiles.RemoteNXTFunctions.java" Intrnl_Id="654">
<OpTerm BooleanOpId="10" Intrnl_Id="655">
<BasicBoolTerm Intrnl_Id="656">
<LocList>
<Loc EndOffset="10551" SrcFileId="1" StartOffset="10545"/>
</LocList>
</BasicBoolTerm>
<BasicBoolTerm Intrnl_Id="657">
<LocList>
<Loc EndOffset="10561" SrcFileId="1" StartOffset="10555"/>
</LocList>
</BasicBoolTerm>
<LocList>
<Loc EndOffset="10554" SrcFileId="1" StartOffset="10552"/>
</LocList>
</OpTerm>
</RootTerm>
</CondStmnt>
</StmntSeq>
</Branch>
<Keyword EndOffset="10454" SrcFileId="1" StartOffset="10452"/>
<LocList>
<Loc EndOffset="10871" SrcFileId="1" StartOffset="10452"/>
</LocList>
<RootTerm CovItemId="C70" CovItemPrefix="com.OriginalFiles.RemoteNXTFunctions.java" Intrnl_Id="658">
<OpTerm BooleanOpId="10" Intrnl_Id="659">
<BasicBoolTerm Intrnl_Id="660">
<LocList>
<Loc EndOffset="10461" SrcFileId="1" StartOffset="10455"/>
</LocList>
</BasicBoolTerm>
<BasicBoolTerm Intrnl_Id="661">
<LocList>
<Loc EndOffset="10471" SrcFileId="1" StartOffset="10465"/>
</LocList>
</BasicBoolTerm>
<LocList>
<Loc EndOffset="10464" SrcFileId="1" StartOffset="10462"/>
</LocList>
</OpTerm>
</RootTerm>
</CondStmnt>
</StmntSeq>
</Branch>
<Branch CovItemId="B134" CovItemPrefix="com.OriginalFiles.RemoteNXTFunctions.java" Implct="false" Intrnl_Id="662">
<Cond>
<Loc EndOffset="10891" SrcFileId="1" StartOffset="10887"/>
</Cond>
<LocList>
<Loc EndOffset="11286" SrcFileId="1" StartOffset="10892"/>
</LocList>
<StmntSeq Intrnl_Id="663">
<LocList>
<Loc EndOffset="11286" SrcFileId="1" StartOffset="10892"/>
</LocList>
<CondStmnt CovItemId="S156" CovItemPrefix="com.OriginalFiles.RemoteNXTFunctions.java" Intrnl_Id="664">
<Branch CovItemId="B141" CovItemPrefix="com.OriginalFiles.RemoteNXTFunctions.java" Implct="false" Intrnl_Id="665">
<Cond/>
<LocList>
<Loc EndOffset="11286" SrcFileId="1" StartOffset="10923"/>
</LocList>
<StmntSeq Intrnl_Id="666">
<LocList>
<Loc EndOffset="11271" SrcFileId="1" StartOffset="10942"/>
</LocList>
<CondStmnt CovItemId="S157" CovItemPrefix="com.OriginalFiles.RemoteNXTFunctions.java" Intrnl_Id="667">
<Branch CovItemId="B143" CovItemPrefix="com.OriginalFiles.RemoteNXTFunctions.java" Implct="false" Intrnl_Id="668">
<Cond/>
<LocList>
<Loc EndOffset="11026" SrcFileId="1" StartOffset="10963"/>
</LocList>
<StmntSeq Intrnl_Id="669">
<LocList>
<Loc EndOffset="11007" SrcFileId="1" StartOffset="10986"/>
</LocList>
<BasicStmnt CovItemId="S158" CovItemPrefix="com.OriginalFiles.RemoteNXTFunctions.java" Intrnl_Id="670">
<LocList>
<Loc EndOffset="11007" SrcFileId="1" StartOffset="10986"/>
</LocList>
</BasicStmnt>
</StmntSeq>
</Branch>
<Branch CovItemId="B144" CovItemPrefix="com.OriginalFiles.RemoteNXTFunctions.java" Implct="false" Intrnl_Id="671">
<Cond>
<Loc EndOffset="11031" SrcFileId="1" StartOffset="11027"/>
</Cond>
<LocList>
<Loc EndOffset="11271" SrcFileId="1" StartOffset="11032"/>
</LocList>
<StmntSeq Intrnl_Id="672">
<LocList>
<Loc EndOffset="11271" SrcFileId="1" StartOffset="11032"/>
</LocList>
<CondStmnt CovItemId="S159" CovItemPrefix="com.OriginalFiles.RemoteNXTFunctions.java" Intrnl_Id="673">
<Branch CovItemId="B145" CovItemPrefix="com.OriginalFiles.RemoteNXTFunctions.java" Implct="false" Intrnl_Id="674">
<Cond/>
<LocList>
<Loc EndOffset="11202" SrcFileId="1" StartOffset="11091"/>
</LocList>
<StmntSeq Intrnl_Id="675">
<LocList>
<Loc EndOffset="11183" SrcFileId="1" StartOffset="11114"/>
</LocList>
<BasicStmnt CovItemId="S160" CovItemPrefix="com.OriginalFiles.RemoteNXTFunctions.java" Intrnl_Id="676">
<LocList>
<Loc EndOffset="11183" SrcFileId="1" StartOffset="11114"/>
</LocList>
</BasicStmnt>
</StmntSeq>
</Branch>
<Branch CovItemId="B146" CovItemPrefix="com.OriginalFiles.RemoteNXTFunctions.java" Implct="false" Intrnl_Id="677">
<Cond>
<Loc EndOffset="11207" SrcFileId="1" StartOffset="11203"/>
</Cond>
<LocList>
<Loc EndOffset="11271" SrcFileId="1" StartOffset="11208"/>
</LocList>
<StmntSeq Intrnl_Id="678">
<LocList>
<Loc EndOffset="11252" SrcFileId="1" StartOffset="11231"/>
</LocList>
<BasicStmnt CovItemId="S161" CovItemPrefix="com.OriginalFiles.RemoteNXTFunctions.java" Intrnl_Id="679">
<LocList>
<Loc EndOffset="11252" SrcFileId="1" StartOffset="11231"/>
</LocList>
</BasicStmnt>
</StmntSeq>
</Branch>
<Keyword EndOffset="11034" SrcFileId="1" StartOffset="11032"/>
<LocList>
<Loc EndOffset="11271" SrcFileId="1" StartOffset="11032"/>
</LocList>
<RootTerm CovItemId="C75" CovItemPrefix="com.OriginalFiles.RemoteNXTFunctions.java" Intrnl_Id="680">
<BasicBoolTerm Intrnl_Id="681">
<LocList>
<Loc EndOffset="11089" SrcFileId="1" StartOffset="11036"/>
</LocList>
</BasicBoolTerm>
</RootTerm>
</CondStmnt>
</StmntSeq>
</Branch>
<Keyword EndOffset="10944" SrcFileId="1" StartOffset="10942"/>
<LocList>
<Loc EndOffset="11271" SrcFileId="1" StartOffset="10942"/>
</LocList>
<RootTerm CovItemId="C74" CovItemPrefix="com.OriginalFiles.RemoteNXTFunctions.java" Intrnl_Id="682">
<OpTerm BooleanOpId="10" Intrnl_Id="683">
<BasicBoolTerm Intrnl_Id="684">
<LocList>
<Loc EndOffset="10951" SrcFileId="1" StartOffset="10945"/>
</LocList>
</BasicBoolTerm>
<BasicBoolTerm Intrnl_Id="685">
<LocList>
<Loc EndOffset="10961" SrcFileId="1" StartOffset="10955"/>
</LocList>
</BasicBoolTerm>
<LocList>
<Loc EndOffset="10954" SrcFileId="1" StartOffset="10952"/>
</LocList>
</OpTerm>
</RootTerm>
</CondStmnt>
</StmntSeq>
</Branch>
<Branch CovItemId="B142" CovItemPrefix="com.OriginalFiles.RemoteNXTFunctions.java" Implct="true" Intrnl_Id="686">
<Cond/>
<LocList/>
<StmntSeq Intrnl_Id="687">
<LocList/>
</StmntSeq>
</Branch>
<Keyword EndOffset="10894" SrcFileId="1" StartOffset="10892"/>
<LocList>
<Loc EndOffset="11286" SrcFileId="1" StartOffset="10892"/>
</LocList>
<RootTerm CovItemId="C73" CovItemPrefix="com.OriginalFiles.RemoteNXTFunctions.java" Intrnl_Id="688">
<BasicBoolTerm Intrnl_Id="689">
<LocList>
<Loc EndOffset="10921" SrcFileId="1" StartOffset="10896"/>
</LocList>
</BasicBoolTerm>
</RootTerm>
</CondStmnt>
</StmntSeq>
</Branch>
<Keyword EndOffset="10404" SrcFileId="1" StartOffset="10402"/>
<LocList>
<Loc EndOffset="11286" SrcFileId="1" StartOffset="10402"/>
</LocList>
<RootTerm CovItemId="C69" CovItemPrefix="com.OriginalFiles.RemoteNXTFunctions.java" Intrnl_Id="690">
<BasicBoolTerm Intrnl_Id="691">
<LocList>
<Loc EndOffset="10431" SrcFileId="1" StartOffset="10406"/>
</LocList>
</BasicBoolTerm>
</RootTerm>
</CondStmnt>
</StmntSeq>
</Branch>
<Keyword EndOffset="9824" SrcFileId="1" StartOffset="9822"/>
<LocList>
<Loc EndOffset="11286" SrcFileId="1" StartOffset="9822"/>
</LocList>
<RootTerm CovItemId="C64" CovItemPrefix="com.OriginalFiles.RemoteNXTFunctions.java" Intrnl_Id="692">
<BasicBoolTerm Intrnl_Id="693">
<LocList>
<Loc EndOffset="9851" SrcFileId="1" StartOffset="9826"/>
</LocList>
</BasicBoolTerm>
</RootTerm>
</CondStmnt>
</StmntSeq>
</Branch>
<Keyword EndOffset="9244" SrcFileId="1" StartOffset="9242"/>
<LocList>
<Loc EndOffset="11286" SrcFileId="1" StartOffset="9242"/>
</LocList>
<RootTerm CovItemId="C59" CovItemPrefix="com.OriginalFiles.RemoteNXTFunctions.java" Intrnl_Id="694">
<BasicBoolTerm Intrnl_Id="695">
<LocList>
<Loc EndOffset="9271" SrcFileId="1" StartOffset="9246"/>
</LocList>
</BasicBoolTerm>
</RootTerm>
</CondStmnt>
</StmntSeq>
</Branch>
<Keyword EndOffset="8664" SrcFileId="1" StartOffset="8662"/>
<LocList>
<Loc EndOffset="11286" SrcFileId="1" StartOffset="8662"/>
</LocList>
<RootTerm CovItemId="C54" CovItemPrefix="com.OriginalFiles.RemoteNXTFunctions.java" Intrnl_Id="696">
<BasicBoolTerm Intrnl_Id="697">
<LocList>
<Loc EndOffset="8691" SrcFileId="1" StartOffset="8666"/>
</LocList>
</BasicBoolTerm>
</RootTerm>
</CondStmnt>
</StmntSeq>
</Branch>
<Keyword EndOffset="8085" SrcFileId="1" StartOffset="8083"/>
<LocList>
<Loc EndOffset="11286" SrcFileId="1" StartOffset="8083"/>
</LocList>
<RootTerm CovItemId="C49" CovItemPrefix="com.OriginalFiles.RemoteNXTFunctions.java" Intrnl_Id="698">
<BasicBoolTerm Intrnl_Id="699">
<LocList>
<Loc EndOffset="8111" SrcFileId="1" StartOffset="8087"/>
</LocList>
</BasicBoolTerm>
</RootTerm>
</CondStmnt>
</StmntSeq>
</Branch>
<Keyword EndOffset="7583" SrcFileId="1" StartOffset="7581"/>
<LocList>
<Loc EndOffset="11286" SrcFileId="1" StartOffset="7581"/>
</LocList>
<RootTerm CovItemId="C45" CovItemPrefix="com.OriginalFiles.RemoteNXTFunctions.java" Intrnl_Id="700">
<BasicBoolTerm Intrnl_Id="701">
<LocList>
<Loc EndOffset="7609" SrcFileId="1" StartOffset="7585"/>
</LocList>
</BasicBoolTerm>
</RootTerm>
</CondStmnt>
</StmntSeq>
</Branch>
<Keyword EndOffset="7081" SrcFileId="1" StartOffset="7079"/>
<LocList>
<Loc EndOffset="11286" SrcFileId="1" StartOffset="7079"/>
</LocList>
<RootTerm CovItemId="C41" CovItemPrefix="com.OriginalFiles.RemoteNXTFunctions.java" Intrnl_Id="702">
<BasicBoolTerm Intrnl_Id="703">
<LocList>
<Loc EndOffset="7107" SrcFileId="1" StartOffset="7083"/>
</LocList>
</BasicBoolTerm>
</RootTerm>
</CondStmnt>
</StmntSeq>
</Branch>
<Keyword EndOffset="6579" SrcFileId="1" StartOffset="6577"/>
<LocList>
<Loc EndOffset="11286" SrcFileId="1" StartOffset="6577"/>
</LocList>
<RootTerm CovItemId="C37" CovItemPrefix="com.OriginalFiles.RemoteNXTFunctions.java" Intrnl_Id="704">
<BasicBoolTerm Intrnl_Id="705">
<LocList>
<Loc EndOffset="6605" SrcFileId="1" StartOffset="6581"/>
</LocList>
</BasicBoolTerm>
</RootTerm>
</CondStmnt>
</StmntSeq>
</Branch>
<Keyword EndOffset="6077" SrcFileId="1" StartOffset="6075"/>
<LocList>
<Loc EndOffset="11286" SrcFileId="1" StartOffset="6075"/>
</LocList>
<RootTerm CovItemId="C33" CovItemPrefix="com.OriginalFiles.RemoteNXTFunctions.java" Intrnl_Id="706">
<BasicBoolTerm Intrnl_Id="707">
<LocList>
<Loc EndOffset="6103" SrcFileId="1" StartOffset="6079"/>
</LocList>
</BasicBoolTerm>
</RootTerm>
</CondStmnt>
</StmntSeq>
</Branch>
<Keyword EndOffset="5665" SrcFileId="1" StartOffset="5663"/>
<LocList>
<Loc EndOffset="11286" SrcFileId="1" StartOffset="5663"/>
</LocList>
<RootTerm CovItemId="C30" CovItemPrefix="com.OriginalFiles.RemoteNXTFunctions.java" Intrnl_Id="708">
<BasicBoolTerm Intrnl_Id="709">
<LocList>
<Loc EndOffset="5691" SrcFileId="1" StartOffset="5667"/>
</LocList>
</BasicBoolTerm>
</RootTerm>
</CondStmnt>
</StmntSeq>
</Branch>
<Keyword EndOffset="5253" SrcFileId="1" StartOffset="5251"/>
<LocList>
<Loc EndOffset="11286" SrcFileId="1" StartOffset="5251"/>
</LocList>
<RootTerm CovItemId="C27" CovItemPrefix="com.OriginalFiles.RemoteNXTFunctions.java" Intrnl_Id="710">
<BasicBoolTerm Intrnl_Id="711">
<LocList>
<Loc EndOffset="5279" SrcFileId="1" StartOffset="5255"/>
</LocList>
</BasicBoolTerm>
</RootTerm>
</CondStmnt>
</StmntSeq>
</Branch>
<Keyword EndOffset="4593" SrcFileId="1" StartOffset="4591"/>
<LocList>
<Loc EndOffset="11286" SrcFileId="1" StartOffset="4591"/>
</LocList>
<RootTerm CovItemId="C22" CovItemPrefix="com.OriginalFiles.RemoteNXTFunctions.java" Intrnl_Id="712">
<BasicBoolTerm Intrnl_Id="713">
<LocList>
<Loc EndOffset="4619" SrcFileId="1" StartOffset="4595"/>
</LocList>
</BasicBoolTerm>
</RootTerm>
</CondStmnt>
</StmntSeq>
</Branch>
<Keyword EndOffset="4041" SrcFileId="1" StartOffset="4039"/>
<LocList>
<Loc EndOffset="11286" SrcFileId="1" StartOffset="4039"/>
</LocList>
<RootTerm CovItemId="C18" CovItemPrefix="com.OriginalFiles.RemoteNXTFunctions.java" Intrnl_Id="714">
<BasicBoolTerm Intrnl_Id="715">
<LocList>
<Loc EndOffset="4066" SrcFileId="1" StartOffset="4042"/>
</LocList>
</BasicBoolTerm>
</RootTerm>
</CondStmnt>
</StmntSeq>
</Branch>
<Keyword EndOffset="2278" SrcFileId="1" StartOffset="2276"/>
<LocList>
<Loc EndOffset="11297" SrcFileId="1" StartOffset="2276"/>
</LocList>
<RootTerm CovItemId="C5" CovItemPrefix="com.OriginalFiles.RemoteNXTFunctions.java" Intrnl_Id="716">
<BasicBoolTerm Intrnl_Id="717">
<LocList>
<Loc EndOffset="2303" SrcFileId="1" StartOffset="2279"/>
</LocList>
</BasicBoolTerm>
</RootTerm>
</CondStmnt>
<BasicStmnt CovItemId="S162" CovItemPrefix="com.OriginalFiles.RemoteNXTFunctions.java" Intrnl_Id="718">
<LocList>
<Loc EndOffset="11331" SrcFileId="1" StartOffset="11317"/>
</LocList>
</BasicStmnt>
</StmntSeq>
</HierarchyLvl>
</HierarchyLvl>
<HierarchyLvl HierarchyLvlId="1843" HierarchyLvlTypeId="13" Intrnl_Id="719" Name="Piece">
<Header>
<Loc EndOffset="105" SrcFileId="2" StartOffset="87"/>
</Header>
<LocList>
<Loc EndOffset="9590" SrcFileId="2" StartOffset="87"/>
</LocList>
<StmntSeq Intrnl_Id="720">
<LocList>
<Loc EndOffset="169" SrcFileId="2" StartOffset="142"/>
<Loc EndOffset="233" SrcFileId="2" StartOffset="199"/>
<Loc EndOffset="270" SrcFileId="2" StartOffset="239"/>
<Loc EndOffset="309" SrcFileId="2" StartOffset="276"/>
<Loc EndOffset="347" SrcFileId="2" StartOffset="315"/>
<Loc EndOffset="389" SrcFileId="2" StartOffset="353"/>
<Loc EndOffset="427" SrcFileId="2" StartOffset="395"/>
<Loc EndOffset="465" SrcFileId="2" StartOffset="433"/>
<Loc EndOffset="553" SrcFileId="2" StartOffset="505"/>
<Loc EndOffset="598" SrcFileId="2" StartOffset="561"/>
<Loc EndOffset="641" SrcFileId="2" StartOffset="604"/>
<Loc EndOffset="681" SrcFileId="2" StartOffset="647"/>
<Loc EndOffset="720" SrcFileId="2" StartOffset="687"/>
<Loc EndOffset="762" SrcFileId="2" StartOffset="726"/>
<Loc EndOffset="802" SrcFileId="2" StartOffset="768"/>
<Loc EndOffset="841" SrcFileId="2" StartOffset="808"/>
<Loc EndOffset="885" SrcFileId="2" StartOffset="847"/>
<Loc EndOffset="931" SrcFileId="2" StartOffset="891"/>
<Loc EndOffset="971" SrcFileId="2" StartOffset="937"/>
<Loc EndOffset="1050" SrcFileId="2" StartOffset="994"/>
</LocList>
<BasicStmnt CovItemId="S1" CovItemPrefix="com.OriginalFiles.Piece.java" Intrnl_Id="721">
<LocList>
<Loc EndOffset="169" SrcFileId="2" StartOffset="142"/>
</LocList>
</BasicStmnt>
<BasicStmnt CovItemId="S2" CovItemPrefix="com.OriginalFiles.Piece.java" Intrnl_Id="722">
<LocList>
<Loc EndOffset="233" SrcFileId="2" StartOffset="199"/>
</LocList>
</BasicStmnt>
<BasicStmnt CovItemId="S3" CovItemPrefix="com.OriginalFiles.Piece.java" Intrnl_Id="723">
<LocList>
<Loc EndOffset="270" SrcFileId="2" StartOffset="239"/>
</LocList>
</BasicStmnt>
<BasicStmnt CovItemId="S4" CovItemPrefix="com.OriginalFiles.Piece.java" Intrnl_Id="724">
<LocList>
<Loc EndOffset="309" SrcFileId="2" StartOffset="276"/>
</LocList>
</BasicStmnt>
<BasicStmnt CovItemId="S5" CovItemPrefix="com.OriginalFiles.Piece.java" Intrnl_Id="725">
<LocList>
<Loc EndOffset="347" SrcFileId="2" StartOffset="315"/>
</LocList>
</BasicStmnt>
<BasicStmnt CovItemId="S6" CovItemPrefix="com.OriginalFiles.Piece.java" Intrnl_Id="726">
<LocList>
<Loc EndOffset="389" SrcFileId="2" StartOffset="353"/>
</LocList>
</BasicStmnt>
<BasicStmnt CovItemId="S7" CovItemPrefix="com.OriginalFiles.Piece.java" Intrnl_Id="727">
<LocList>
<Loc EndOffset="427" SrcFileId="2" StartOffset="395"/>
</LocList>
</BasicStmnt>
<BasicStmnt CovItemId="S8" CovItemPrefix="com.OriginalFiles.Piece.java" Intrnl_Id="728">
<LocList>
<Loc EndOffset="465" SrcFileId="2" StartOffset="433"/>
</LocList>
</BasicStmnt>
<BasicStmnt CovItemId="S9" CovItemPrefix="com.OriginalFiles.Piece.java" Intrnl_Id="729">
<LocList>
<Loc EndOffset="553" SrcFileId="2" StartOffset="505"/>
</LocList>
</BasicStmnt>
<BasicStmnt CovItemId="S10" CovItemPrefix="com.OriginalFiles.Piece.java" Intrnl_Id="730">
<LocList>
<Loc EndOffset="598" SrcFileId="2" StartOffset="561"/>
</LocList>
</BasicStmnt>
<BasicStmnt CovItemId="S11" CovItemPrefix="com.OriginalFiles.Piece.java" Intrnl_Id="731">
<LocList>
<Loc EndOffset="641" SrcFileId="2" StartOffset="604"/>
</LocList>
</BasicStmnt>
<BasicStmnt CovItemId="S12" CovItemPrefix="com.OriginalFiles.Piece.java" Intrnl_Id="732">
<LocList>
<Loc EndOffset="681" SrcFileId="2" StartOffset="647"/>
</LocList>
</BasicStmnt>
<BasicStmnt CovItemId="S13" CovItemPrefix="com.OriginalFiles.Piece.java" Intrnl_Id="733">
<LocList>
<Loc EndOffset="720" SrcFileId="2" StartOffset="687"/>
</LocList>
</BasicStmnt>
<BasicStmnt CovItemId="S14" CovItemPrefix="com.OriginalFiles.Piece.java" Intrnl_Id="734">
<LocList>
<Loc EndOffset="762" SrcFileId="2" StartOffset="726"/>
</LocList>
</BasicStmnt>
<BasicStmnt CovItemId="S15" CovItemPrefix="com.OriginalFiles.Piece.java" Intrnl_Id="735">
<LocList>
<Loc EndOffset="802" SrcFileId="2" StartOffset="768"/>
</LocList>
</BasicStmnt>
<BasicStmnt CovItemId="S16" CovItemPrefix="com.OriginalFiles.Piece.java" Intrnl_Id="736">
<LocList>
<Loc EndOffset="841" SrcFileId="2" StartOffset="808"/>
</LocList>
</BasicStmnt>
<BasicStmnt CovItemId="S17" CovItemPrefix="com.OriginalFiles.Piece.java" Intrnl_Id="737">
<LocList>
<Loc EndOffset="885" SrcFileId="2" StartOffset="847"/>
</LocList>
</BasicStmnt>
<BasicStmnt CovItemId="S18" CovItemPrefix="com.OriginalFiles.Piece.java" Intrnl_Id="738">
<LocList>
<Loc EndOffset="931" SrcFileId="2" StartOffset="891"/>
</LocList>
</BasicStmnt>
<BasicStmnt CovItemId="S19" CovItemPrefix="com.OriginalFiles.Piece.java" Intrnl_Id="739">
<LocList>
<Loc EndOffset="971" SrcFileId="2" StartOffset="937"/>
</LocList>
</BasicStmnt>
<BasicStmnt CovItemId="S20" CovItemPrefix="com.OriginalFiles.Piece.java" Intrnl_Id="740">
<LocList>
<Loc EndOffset="1050" SrcFileId="2" StartOffset="994"/>
</LocList>
</BasicStmnt>
</StmntSeq>
<HierarchyLvl HierarchyLvlId="1829" HierarchyLvlTypeId="14" Intrnl_Id="741" Name="Piece">
<Header>
<Loc EndOffset="1083" SrcFileId="2" StartOffset="1058"/>
</Header>
<LocList>
<Loc EndOffset="1124" SrcFileId="2" StartOffset="1058"/>
</LocList>
<StmntSeq Intrnl_Id="742">
<LocList>
<Loc EndOffset="1117" SrcFileId="2" StartOffset="1095"/>
</LocList>
<BasicStmnt CovItemId="S21" CovItemPrefix="com.OriginalFiles.Piece.java" Intrnl_Id="743">
<LocList>
<Loc EndOffset="1117" SrcFileId="2" StartOffset="1095"/>
</LocList>
</BasicStmnt>
</StmntSeq>
</HierarchyLvl>
<HierarchyLvl HierarchyLvlId="1830" HierarchyLvlTypeId="14" Intrnl_Id="744" Name="getY">
<Header>
<Loc EndOffset="1155" SrcFileId="2" StartOffset="1132"/>
</Header>
<LocList>
<Loc EndOffset="1183" SrcFileId="2" StartOffset="1132"/>
</LocList>
<StmntSeq Intrnl_Id="745">
<LocList>
<Loc EndOffset="1176" SrcFileId="2" StartOffset="1167"/>
</LocList>
<BasicStmnt CovItemId="S22" CovItemPrefix="com.OriginalFiles.Piece.java" Intrnl_Id="746">
<LocList>
<Loc EndOffset="1176" SrcFileId="2" StartOffset="1167"/>
</LocList>
</BasicStmnt>
</StmntSeq>
</HierarchyLvl>
<HierarchyLvl HierarchyLvlId="1831" HierarchyLvlTypeId="14" Intrnl_Id="747" Name="getX">
<Header>
<Loc EndOffset="1214" SrcFileId="2" StartOffset="1191"/>
</Header>
<LocList>
<Loc EndOffset="1242" SrcFileId="2" StartOffset="1191"/>
</LocList>
<StmntSeq Intrnl_Id="748">
<LocList>
<Loc EndOffset="1235" SrcFileId="2" StartOffset="1226"/>
</LocList>
<BasicStmnt CovItemId="S23" CovItemPrefix="com.OriginalFiles.Piece.java" Intrnl_Id="749">
<LocList>
<Loc EndOffset="1235" SrcFileId="2" StartOffset="1226"/>
</LocList>
</BasicStmnt>
</StmntSeq>
</HierarchyLvl>
<HierarchyLvl HierarchyLvlId="1832" HierarchyLvlTypeId="14" Intrnl_Id="750" Name="setXY">
<Header>
<Loc EndOffset="1297" SrcFileId="2" StartOffset="1250"/>
</Header>
<LocList>
<Loc EndOffset="1727" SrcFileId="2" StartOffset="1250"/>
</LocList>
<StmntSeq Intrnl_Id="751">
<LocList>
<Loc EndOffset="1320" SrcFileId="2" StartOffset="1309"/>
<Loc EndOffset="1341" SrcFileId="2" StartOffset="1330"/>
<Loc EndOffset="1689" SrcFileId="2" StartOffset="1351"/>
<Loc EndOffset="1720" SrcFileId="2" StartOffset="1699"/>
</LocList>
<BasicStmnt CovItemId="S24" CovItemPrefix="com.OriginalFiles.Piece.java" Intrnl_Id="752">
<LocList>
<Loc EndOffset="1320" SrcFileId="2" StartOffset="1309"/>
</LocList>
</BasicStmnt>
<BasicStmnt CovItemId="S25" CovItemPrefix="com.OriginalFiles.Piece.java" Intrnl_Id="753">
<LocList>
<Loc EndOffset="1341" SrcFileId="2" StartOffset="1330"/>
</LocList>
</BasicStmnt>
<CondStmnt CovItemId="S26" CovItemPrefix="com.OriginalFiles.Piece.java" Intrnl_Id="754">
<Branch CovItemId="B1" CovItemPrefix="com.OriginalFiles.Piece.java" Implct="false" Intrnl_Id="755">
<Cond/>
<LocList>
<Loc EndOffset="1638" SrcFileId="2" StartOffset="1401"/>
</LocList>
<StmntSeq Intrnl_Id="756">
<LocList>
<Loc EndOffset="1569" SrcFileId="2" StartOffset="1416"/>
<Loc EndOffset="1627" SrcFileId="2" StartOffset="1583"/>
</LocList>
<CondStmnt CovItemId="S27" CovItemPrefix="com.OriginalFiles.Piece.java" Intrnl_Id="757">
<Branch CovItemId="B3" CovItemPrefix="com.OriginalFiles.Piece.java" Implct="false" Intrnl_Id="758">
<Cond/>
<LocList>
<Loc EndOffset="1569" SrcFileId="2" StartOffset="1514"/>
</LocList>
<StmntSeq Intrnl_Id="759">
<LocList>
<Loc EndOffset="1554" SrcFileId="2" StartOffset="1533"/>
</LocList>
<BasicStmnt CovItemId="S28" CovItemPrefix="com.OriginalFiles.Piece.java" Intrnl_Id="760">
<LocList>
<Loc EndOffset="1554" SrcFileId="2" StartOffset="1533"/>
</LocList>
</BasicStmnt>
</StmntSeq>
</Branch>
<Branch CovItemId="B4" CovItemPrefix="com.OriginalFiles.Piece.java" Implct="true" Intrnl_Id="761">
<Cond/>
<LocList/>
<StmntSeq Intrnl_Id="762">
<LocList/>
</StmntSeq>
</Branch>
<Keyword EndOffset="1418" SrcFileId="2" StartOffset="1416"/>
<LocList>
<Loc EndOffset="1569" SrcFileId="2" StartOffset="1416"/>
</LocList>
<RootTerm CovItemId="C2" CovItemPrefix="com.OriginalFiles.Piece.java" Intrnl_Id="763">
<OpTerm BooleanOpId="10" Intrnl_Id="764">
<BasicBoolTerm Intrnl_Id="765">
<LocList>
<Loc EndOffset="1465" SrcFileId="2" StartOffset="1420"/>
</LocList>
</BasicBoolTerm>
<BasicBoolTerm Intrnl_Id="766">
<LocList>
<Loc EndOffset="1512" SrcFileId="2" StartOffset="1490"/>
</LocList>
</BasicBoolTerm>
<LocList>
<Loc EndOffset="1489" SrcFileId="2" StartOffset="1487"/>
</LocList>
</OpTerm>
</RootTerm>
</CondStmnt>
<BasicStmnt CovItemId="S29" CovItemPrefix="com.OriginalFiles.Piece.java" Intrnl_Id="767">
<LocList>
<Loc EndOffset="1627" SrcFileId="2" StartOffset="1583"/>
</LocList>
</BasicStmnt>
</StmntSeq>
</Branch>
<Branch CovItemId="B2" CovItemPrefix="com.OriginalFiles.Piece.java" Implct="false" Intrnl_Id="768">
<Cond>
<Loc EndOffset="1643" SrcFileId="2" StartOffset="1639"/>
</Cond>
<LocList>
<Loc EndOffset="1689" SrcFileId="2" StartOffset="1644"/>
</LocList>
<StmntSeq Intrnl_Id="769">
<LocList>
<Loc EndOffset="1678" SrcFileId="2" StartOffset="1659"/>
</LocList>
<BasicStmnt CovItemId="S30" CovItemPrefix="com.OriginalFiles.Piece.java" Intrnl_Id="770">
<LocList>
<Loc EndOffset="1678" SrcFileId="2" StartOffset="1659"/>
</LocList>
</BasicStmnt>
</StmntSeq>
</Branch>
<Keyword EndOffset="1353" SrcFileId="2" StartOffset="1351"/>
<LocList>
<Loc EndOffset="1689" SrcFileId="2" StartOffset="1351"/>
</LocList>
<RootTerm CovItemId="C1" CovItemPrefix="com.OriginalFiles.Piece.java" Intrnl_Id="771">
<OpTerm BooleanOpId="10" Intrnl_Id="772">
<BasicBoolTerm Intrnl_Id="773">
<LocList>
<Loc EndOffset="1386" SrcFileId="2" StartOffset="1355"/>
</LocList>
</BasicBoolTerm>
<BasicBoolTerm Intrnl_Id="774">
<LocList>
<Loc EndOffset="1399" SrcFileId="2" StartOffset="1390"/>
</LocList>
</BasicBoolTerm>
<LocList>
<Loc EndOffset="1389" SrcFileId="2" StartOffset="1387"/>
</LocList>
</OpTerm>
</RootTerm>
</CondStmnt>
<BasicStmnt CovItemId="S31" CovItemPrefix="com.OriginalFiles.Piece.java" Intrnl_Id="775">
<LocList>
<Loc EndOffset="1720" SrcFileId="2" StartOffset="1699"/>
</LocList>
</BasicStmnt>
</StmntSeq>
</HierarchyLvl>
<HierarchyLvl HierarchyLvlId="1833" HierarchyLvlTypeId="14" Intrnl_Id="776" Name="isOnBoard">
<Header>
<Loc EndOffset="1762" SrcFileId="2" StartOffset="1735"/>
</Header>
<LocList>
<Loc EndOffset="1932" SrcFileId="2" StartOffset="1735"/>
</LocList>
<StmntSeq Intrnl_Id="777">
<LocList>
<Loc EndOffset="1925" SrcFileId="2" StartOffset="1774"/>
</LocList>
<CondStmnt CovItemId="S32" CovItemPrefix="com.OriginalFiles.Piece.java" Intrnl_Id="778">
<Branch CovItemId="B5" CovItemPrefix="com.OriginalFiles.Piece.java" Implct="false" Intrnl_Id="779">
<Cond/>
<LocList>
<Loc EndOffset="1849" SrcFileId="2" StartOffset="1811"/>
</LocList>
<StmntSeq Intrnl_Id="780">
<LocList>
<Loc EndOffset="1838" SrcFileId="2" StartOffset="1826"/>
</LocList>
<BasicStmnt CovItemId="S33" CovItemPrefix="com.OriginalFiles.Piece.java" Intrnl_Id="781">
<LocList>
<Loc EndOffset="1838" SrcFileId="2" StartOffset="1826"/>
</LocList>
</BasicStmnt>
</StmntSeq>
</Branch>
<Branch CovItemId="B6" CovItemPrefix="com.OriginalFiles.Piece.java" Implct="false" Intrnl_Id="782">
<Cond>
<Loc EndOffset="1854" SrcFileId="2" StartOffset="1850"/>
</Cond>
<LocList>
<Loc EndOffset="1925" SrcFileId="2" StartOffset="1855"/>
</LocList>
<StmntSeq Intrnl_Id="783">
<LocList>
<Loc EndOffset="1887" SrcFileId="2" StartOffset="1870"/>
<Loc EndOffset="1914" SrcFileId="2" StartOffset="1901"/>
</LocList>
<BasicStmnt CovItemId="S34" CovItemPrefix="com.OriginalFiles.Piece.java" Intrnl_Id="784">
<LocList>
<Loc EndOffset="1887" SrcFileId="2" StartOffset="1870"/>
</LocList>
</BasicStmnt>
<BasicStmnt CovItemId="S35" CovItemPrefix="com.OriginalFiles.Piece.java" Intrnl_Id="785">
<LocList>
<Loc EndOffset="1914" SrcFileId="2" StartOffset="1901"/>
</LocList>
</BasicStmnt>
</StmntSeq>
</Branch>
<Keyword EndOffset="1776" SrcFileId="2" StartOffset="1774"/>
<LocList>
<Loc EndOffset="1925" SrcFileId="2" StartOffset="1774"/>
</LocList>
<RootTerm CovItemId="C3" CovItemPrefix="com.OriginalFiles.Piece.java" Intrnl_Id="786">
<BasicBoolTerm Intrnl_Id="787">
<LocList>
<Loc EndOffset="1809" SrcFileId="2" StartOffset="1778"/>
</LocList>
</BasicBoolTerm>
</RootTerm>
</CondStmnt>
</StmntSeq>
</HierarchyLvl>
<HierarchyLvl HierarchyLvlId="1834" HierarchyLvlTypeId="14" Intrnl_Id="788" Name="priceForPiece">
<Header>
<Loc EndOffset="2066" SrcFileId="2" StartOffset="1940"/>
</Header>
<LocList>
<Loc EndOffset="2273" SrcFileId="2" StartOffset="1940"/>
</LocList>
<StmntSeq Intrnl_Id="789">
<LocList>
<Loc EndOffset="2236" SrcFileId="2" StartOffset="2078"/>
<Loc EndOffset="2266" SrcFileId="2" StartOffset="2246"/>
</LocList>
<CondStmnt CovItemId="S36" CovItemPrefix="com.OriginalFiles.Piece.java" Intrnl_Id="790">
<Branch CovItemId="B7" CovItemPrefix="com.OriginalFiles.Piece.java" Implct="false" Intrnl_Id="791">
<Cond/>
<LocList>
<Loc EndOffset="2236" SrcFileId="2" StartOffset="2142"/>
</LocList>
<StmntSeq Intrnl_Id="792">
<LocList>
<Loc EndOffset="2225" SrcFileId="2" StartOffset="2157"/>
</LocList>
<BasicStmnt CovItemId="S37" CovItemPrefix="com.OriginalFiles.Piece.java" Intrnl_Id="793">
<LocList>
<Loc EndOffset="2225" SrcFileId="2" StartOffset="2157"/>
</LocList>
</BasicStmnt>
</StmntSeq>
</Branch>
<Branch CovItemId="B8" CovItemPrefix="com.OriginalFiles.Piece.java" Implct="true" Intrnl_Id="794">
<Cond/>
<LocList/>
<StmntSeq Intrnl_Id="795">
<LocList/>
</StmntSeq>
</Branch>
<Keyword EndOffset="2080" SrcFileId="2" StartOffset="2078"/>
<LocList>
<Loc EndOffset="2236" SrcFileId="2" StartOffset="2078"/>
</LocList>
<RootTerm CovItemId="C4" CovItemPrefix="com.OriginalFiles.Piece.java" Intrnl_Id="796">
<OpTerm BooleanOpId="11" Intrnl_Id="797">
<BasicBoolTerm Intrnl_Id="798">
<LocList>
<Loc EndOffset="2114" SrcFileId="2" StartOffset="2082"/>
</LocList>
</BasicBoolTerm>
<BasicBoolTerm Intrnl_Id="799">
<LocList>
<Loc EndOffset="2140" SrcFileId="2" StartOffset="2118"/>
</LocList>
</BasicBoolTerm>
<LocList>
<Loc EndOffset="2117" SrcFileId="2" StartOffset="2115"/>
</LocList>
</OpTerm>
</RootTerm>
</CondStmnt>
<BasicStmnt CovItemId="S38" CovItemPrefix="com.OriginalFiles.Piece.java" Intrnl_Id="800">
<LocList>
<Loc EndOffset="2266" SrcFileId="2" StartOffset="2246"/>
</LocList>
</BasicStmnt>
</StmntSeq>
</HierarchyLvl>
<HierarchyLvl HierarchyLvlId="1835" HierarchyLvlTypeId="14" Intrnl_Id="801" Name="min">
<Header>
<Loc EndOffset="2310" SrcFileId="2" StartOffset="2281"/>
</Header>
<LocList>
<Loc EndOffset="2394" SrcFileId="2" StartOffset="2281"/>
</LocList>
<StmntSeq Intrnl_Id="802">
<LocList>
<Loc EndOffset="2368" SrcFileId="2" StartOffset="2322"/>
<Loc EndOffset="2387" SrcFileId="2" StartOffset="2378"/>
</LocList>
<CondStmnt CovItemId="S39" CovItemPrefix="com.OriginalFiles.Piece.java" Intrnl_Id="803">
<Branch CovItemId="B9" CovItemPrefix="com.OriginalFiles.Piece.java" Implct="false" Intrnl_Id="804">
<Cond/>
<LocList>
<Loc EndOffset="2368" SrcFileId="2" StartOffset="2333"/>
</LocList>
<StmntSeq Intrnl_Id="805">
<LocList>
<Loc EndOffset="2357" SrcFileId="2" StartOffset="2348"/>
</LocList>
<BasicStmnt CovItemId="S40" CovItemPrefix="com.OriginalFiles.Piece.java" Intrnl_Id="806">
<LocList>
<Loc EndOffset="2357" SrcFileId="2" StartOffset="2348"/>
</LocList>
</BasicStmnt>
</StmntSeq>
</Branch>
<Branch CovItemId="B10" CovItemPrefix="com.OriginalFiles.Piece.java" Implct="true" Intrnl_Id="807">
<Cond/>
<LocList/>
<StmntSeq Intrnl_Id="808">
<LocList/>
</StmntSeq>
</Branch>
<Keyword EndOffset="2324" SrcFileId="2" StartOffset="2322"/>
<LocList>
<Loc EndOffset="2368" SrcFileId="2" StartOffset="2322"/>
</LocList>
<RootTerm CovItemId="C5" CovItemPrefix="com.OriginalFiles.Piece.java" Intrnl_Id="809">
<BasicBoolTerm Intrnl_Id="810">
<LocList>
<Loc EndOffset="2331" SrcFileId="2" StartOffset="2326"/>
</LocList>
</BasicBoolTerm>
</RootTerm>
</CondStmnt>
<BasicStmnt CovItemId="S41" CovItemPrefix="com.OriginalFiles.Piece.java" Intrnl_Id="811">
<LocList>
<Loc EndOffset="2387" SrcFileId="2" StartOffset="2378"/>
</LocList>
</BasicStmnt>
</StmntSeq>
</HierarchyLvl>
<HierarchyLvl HierarchyLvlId="1836" HierarchyLvlTypeId="14" Intrnl_Id="812" Name="updatePriceMidgame">
<Header>
<Loc EndOffset="2435" SrcFileId="2" StartOffset="2402"/>
</Header>
<LocList>
<Loc EndOffset="2497" SrcFileId="2" StartOffset="2402"/>
</LocList>
<StmntSeq Intrnl_Id="813">
<LocList>
<Loc EndOffset="2490" SrcFileId="2" StartOffset="2447"/>
</LocList>
<BasicStmnt CovItemId="S42" CovItemPrefix="com.OriginalFiles.Piece.java" Intrnl_Id="814">
<LocList>
<Loc EndOffset="2490" SrcFileId="2" StartOffset="2447"/>
</LocList>
</BasicStmnt>
</StmntSeq>
</HierarchyLvl>
<HierarchyLvl HierarchyLvlId="1837" HierarchyLvlTypeId="14" Intrnl_Id="815" Name="updatePrice">
<Header>
<Loc EndOffset="2622" SrcFileId="2" StartOffset="2505"/>
</Header>
<LocList>
<Loc EndOffset="5020" SrcFileId="2" StartOffset="2505"/>
</LocList>
<StmntSeq Intrnl_Id="816">
<LocList>
<Loc EndOffset="5013" SrcFileId="2" StartOffset="2634"/>
</LocList>
<CondStmnt CovItemId="S43" CovItemPrefix="com.OriginalFiles.Piece.java" Intrnl_Id="817">
<Branch CovItemId="B11" CovItemPrefix="com.OriginalFiles.Piece.java" Implct="false" Intrnl_Id="818">
<Cond/>
<LocList>
<Loc EndOffset="5013" SrcFileId="2" StartOffset="2651"/>
</LocList>
<StmntSeq Intrnl_Id="819">
<LocList>
<Loc EndOffset="2698" SrcFileId="2" StartOffset="2666"/>
<Loc EndOffset="2743" SrcFileId="2" StartOffset="2712"/>
<Loc EndOffset="2875" SrcFileId="2" StartOffset="2757"/>
<Loc EndOffset="3043" SrcFileId="2" StartOffset="2889"/>
<Loc EndOffset="4098" SrcFileId="2" StartOffset="3057"/>
<Loc EndOffset="4420" SrcFileId="2" StartOffset="4112"/>
<Loc EndOffset="4873" SrcFileId="2" StartOffset="4436"/>
<Loc EndOffset="4961" SrcFileId="2" StartOffset="4887"/>
<Loc EndOffset="5002" SrcFileId="2" StartOffset="4975"/>
</LocList>
<BasicStmnt CovItemId="S44" CovItemPrefix="com.OriginalFiles.Piece.java" Intrnl_Id="820">
<LocList>
<Loc EndOffset="2698" SrcFileId="2" StartOffset="2666"/>
</LocList>
</BasicStmnt>
<BasicStmnt CovItemId="S45" CovItemPrefix="com.OriginalFiles.Piece.java" Intrnl_Id="821">
<LocList>
<Loc EndOffset="2743" SrcFileId="2" StartOffset="2712"/>
</LocList>
</BasicStmnt>
<CondStmnt CovItemId="S46" CovItemPrefix="com.OriginalFiles.Piece.java" Intrnl_Id="822">
<Branch CovItemId="B13" CovItemPrefix="com.OriginalFiles.Piece.java" Implct="false" Intrnl_Id="823">
<Cond/>
<LocList>
<Loc EndOffset="2875" SrcFileId="2" StartOffset="2811"/>
</LocList>
<StmntSeq Intrnl_Id="824">
<LocList>
<Loc EndOffset="2860" SrcFileId="2" StartOffset="2830"/>
</LocList>
<BasicStmnt CovItemId="S47" CovItemPrefix="com.OriginalFiles.Piece.java" Intrnl_Id="825">
<LocList>
<Loc EndOffset="2860" SrcFileId="2" StartOffset="2830"/>
</LocList>
</BasicStmnt>
</StmntSeq>
</Branch>
<Branch CovItemId="B14" CovItemPrefix="com.OriginalFiles.Piece.java" Implct="true" Intrnl_Id="826">
<Cond/>
<LocList/>
<StmntSeq Intrnl_Id="827">
<LocList/>
</StmntSeq>
</Branch>
<Keyword EndOffset="2759" SrcFileId="2" StartOffset="2757"/>
<LocList>
<Loc EndOffset="2875" SrcFileId="2" StartOffset="2757"/>
</LocList>
<RootTerm CovItemId="C7" CovItemPrefix="com.OriginalFiles.Piece.java" Intrnl_Id="828">
<BasicBoolTerm Intrnl_Id="829">
<LocList>
<Loc EndOffset="2809" SrcFileId="2" StartOffset="2761"/>
</LocList>
</BasicBoolTerm>
</RootTerm>
</CondStmnt>
<CondStmnt CovItemId="S48" CovItemPrefix="com.OriginalFiles.Piece.java" Intrnl_Id="830">
<Branch CovItemId="B15" CovItemPrefix="com.OriginalFiles.Piece.java" Implct="false" Intrnl_Id="831">
<Cond/>
<LocList>
<Loc EndOffset="3043" SrcFileId="2" StartOffset="2917"/>
</LocList>
<StmntSeq Intrnl_Id="832">
<LocList>
<Loc EndOffset="3028" SrcFileId="2" StartOffset="2936"/>
</LocList>
<BasicStmnt CovItemId="S49" CovItemPrefix="com.OriginalFiles.Piece.java" Intrnl_Id="833">
<LocList>
<Loc EndOffset="3028" SrcFileId="2" StartOffset="2936"/>
</LocList>
</BasicStmnt>
</StmntSeq>
</Branch>
<Branch CovItemId="B16" CovItemPrefix="com.OriginalFiles.Piece.java" Implct="true" Intrnl_Id="834">
<Cond/>
<LocList/>
<StmntSeq Intrnl_Id="835">
<LocList/>
</StmntSeq>
</Branch>
<Keyword EndOffset="2891" SrcFileId="2" StartOffset="2889"/>
<LocList>
<Loc EndOffset="3043" SrcFileId="2" StartOffset="2889"/>
</LocList>
<RootTerm CovItemId="C8" CovItemPrefix="com.OriginalFiles.Piece.java" Intrnl_Id="836">
<BasicBoolTerm Intrnl_Id="837">
<LocList>
<Loc EndOffset="2915" SrcFileId="2" StartOffset="2893"/>
</LocList>
</BasicBoolTerm>
</RootTerm>
</CondStmnt>
<CondStmnt CovItemId="S50" CovItemPrefix="com.OriginalFiles.Piece.java" Intrnl_Id="838">
<Branch CovItemId="B17" CovItemPrefix="com.OriginalFiles.Piece.java" Implct="false" Intrnl_Id="839">
<Cond/>
<LocList>
<Loc EndOffset="4098" SrcFileId="2" StartOffset="3085"/>
</LocList>
<StmntSeq Intrnl_Id="840">
<LocList>
<Loc EndOffset="3252" SrcFileId="2" StartOffset="3104"/>
<Loc EndOffset="3524" SrcFileId="2" StartOffset="3270"/>
<Loc EndOffset="4081" SrcFileId="2" StartOffset="3544"/>
</LocList>
<CondStmnt CovItemId="S51" CovItemPrefix="com.OriginalFiles.Piece.java" Intrnl_Id="841">
<Branch CovItemId="B19" CovItemPrefix="com.OriginalFiles.Piece.java" Implct="false" Intrnl_Id="842">
<Cond/>
<LocList>
<Loc EndOffset="3252" SrcFileId="2" StartOffset="3117"/>
</LocList>
<StmntSeq Intrnl_Id="843">
<LocList>
<Loc EndOffset="3168" SrcFileId="2" StartOffset="3140"/>
<Loc EndOffset="3233" SrcFileId="2" StartOffset="3190"/>
</LocList>
<BasicStmnt CovItemId="S52" CovItemPrefix="com.OriginalFiles.Piece.java" Intrnl_Id="844">
<LocList>
<Loc EndOffset="3168" SrcFileId="2" StartOffset="3140"/>
</LocList>
</BasicStmnt>
<BasicStmnt CovItemId="S53" CovItemPrefix="com.OriginalFiles.Piece.java" Intrnl_Id="845">
<LocList>
<Loc EndOffset="3233" SrcFileId="2" StartOffset="3190"/>
</LocList>
</BasicStmnt>
</StmntSeq>
</Branch>
<Branch CovItemId="B20" CovItemPrefix="com.OriginalFiles.Piece.java" Implct="true" Intrnl_Id="846">
<Cond/>
<LocList/>
<StmntSeq Intrnl_Id="847">
<LocList/>
</StmntSeq>
</Branch>
<Keyword EndOffset="3106" SrcFileId="2" StartOffset="3104"/>
<LocList>
<Loc EndOffset="3252" SrcFileId="2" StartOffset="3104"/>
</LocList>
<RootTerm CovItemId="C10" CovItemPrefix="com.OriginalFiles.Piece.java" Intrnl_Id="848">
<BasicBoolTerm Intrnl_Id="849">
<LocList>
<Loc EndOffset="3115" SrcFileId="2" StartOffset="3108"/>
</LocList>
</BasicBoolTerm>
</RootTerm>
</CondStmnt>
<CondStmnt CovItemId="S54" CovItemPrefix="com.OriginalFiles.Piece.java" Intrnl_Id="850">
<Branch CovItemId="B21" CovItemPrefix="com.OriginalFiles.Piece.java" Implct="false" Intrnl_Id="851">
<Cond/>
<LocList>
<Loc EndOffset="3524" SrcFileId="2" StartOffset="3291"/>
</LocList>
<StmntSeq Intrnl_Id="852">
<LocList>
<Loc EndOffset="3505" SrcFileId="2" StartOffset="3314"/>
</LocList>
<CondStmnt CovItemId="S55" CovItemPrefix="com.OriginalFiles.Piece.java" Intrnl_Id="853">
<Branch CovItemId="B23" CovItemPrefix="com.OriginalFiles.Piece.java" Implct="false" Intrnl_Id="854">
<Cond/>
<LocList>
<Loc EndOffset="3432" SrcFileId="2" StartOffset="3361"/>
</LocList>
<StmntSeq Intrnl_Id="855">
<LocList>
<Loc EndOffset="3409" SrcFileId="2" StartOffset="3388"/>
</LocList>
<BasicStmnt CovItemId="S56" CovItemPrefix="com.OriginalFiles.Piece.java" Intrnl_Id="856">
<LocList>
<Loc EndOffset="3409" SrcFileId="2" StartOffset="3388"/>
</LocList>
</BasicStmnt>
</StmntSeq>
</Branch>
<Branch CovItemId="B24" CovItemPrefix="com.OriginalFiles.Piece.java" Implct="false" Intrnl_Id="857">
<Cond>
<Loc EndOffset="3437" SrcFileId="2" StartOffset="3433"/>
</Cond>
<LocList>
<Loc EndOffset="3505" SrcFileId="2" StartOffset="3438"/>
</LocList>
<StmntSeq Intrnl_Id="858">
<LocList>
<Loc EndOffset="3482" SrcFileId="2" StartOffset="3465"/>
</LocList>
<BasicStmnt CovItemId="S57" CovItemPrefix="com.OriginalFiles.Piece.java" Intrnl_Id="859">
<LocList>
<Loc EndOffset="3482" SrcFileId="2" StartOffset="3465"/>
</LocList>
</BasicStmnt>
</StmntSeq>
</Branch>
<Keyword EndOffset="3316" SrcFileId="2" StartOffset="3314"/>
<LocList>
<Loc EndOffset="3505" SrcFileId="2" StartOffset="3314"/>
</LocList>
<RootTerm CovItemId="C12" CovItemPrefix="com.OriginalFiles.Piece.java" Intrnl_Id="860">
<BasicBoolTerm Intrnl_Id="861">
<LocList>
<Loc EndOffset="3359" SrcFileId="2" StartOffset="3318"/>
</LocList>
</BasicBoolTerm>
</RootTerm>
</CondStmnt>
</StmntSeq>
</Branch>
<Branch CovItemId="B22" CovItemPrefix="com.OriginalFiles.Piece.java" Implct="true" Intrnl_Id="862">
<Cond/>
<LocList/>
<StmntSeq Intrnl_Id="863">
<LocList/>
</StmntSeq>
</Branch>
<Keyword EndOffset="3272" SrcFileId="2" StartOffset="3270"/>
<LocList>
<Loc EndOffset="3524" SrcFileId="2" StartOffset="3270"/>
</LocList>
<RootTerm CovItemId="C11" CovItemPrefix="com.OriginalFiles.Piece.java" Intrnl_Id="864">
<OpTerm BooleanOpId="9" Intrnl_Id="865">
<BasicBoolTerm Intrnl_Id="866">
<LocList>
<Loc EndOffset="3289" SrcFileId="2" StartOffset="3275"/>
</LocList>
</BasicBoolTerm>
<LocList>
<Loc EndOffset="3275" SrcFileId="2" StartOffset="3274"/>
</LocList>
</OpTerm>
</RootTerm>
</CondStmnt>
<CondStmnt CovItemId="S58" CovItemPrefix="com.OriginalFiles.Piece.java" Intrnl_Id="867">
<Branch CovItemId="B25" CovItemPrefix="com.OriginalFiles.Piece.java" Implct="false" Intrnl_Id="868">
<Cond/>
<LocList>
<Loc EndOffset="4081" SrcFileId="2" StartOffset="3568"/>
</LocList>
<StmntSeq Intrnl_Id="869">
<LocList>
<Loc EndOffset="3699" SrcFileId="2" StartOffset="3591"/>
<Loc EndOffset="3847" SrcFileId="2" StartOffset="3721"/>
<Loc EndOffset="4062" SrcFileId="2" StartOffset="3871"/>
</LocList>
<CondStmnt CovItemId="S59" CovItemPrefix="com.OriginalFiles.Piece.java" Intrnl_Id="870">
<Branch CovItemId="B27" CovItemPrefix="com.OriginalFiles.Piece.java" Implct="false" Intrnl_Id="871">
<Cond/>
<LocList>
<Loc EndOffset="3699" SrcFileId="2" StartOffset="3618"/>
</LocList>
<StmntSeq Intrnl_Id="872">
<LocList>
<Loc EndOffset="3676" SrcFileId="2" StartOffset="3645"/>
</LocList>
<BasicStmnt CovItemId="S60" CovItemPrefix="com.OriginalFiles.Piece.java" Intrnl_Id="873">
<LocList>
<Loc EndOffset="3676" SrcFileId="2" StartOffset="3645"/>
</LocList>
</BasicStmnt>
</StmntSeq>
</Branch>
<Branch CovItemId="B28" CovItemPrefix="com.OriginalFiles.Piece.java" Implct="true" Intrnl_Id="874">
<Cond/>
<LocList/>
<StmntSeq Intrnl_Id="875">
<LocList/>
</StmntSeq>
</Branch>
<Keyword EndOffset="3593" SrcFileId="2" StartOffset="3591"/>
<LocList>
<Loc EndOffset="3699" SrcFileId="2" StartOffset="3591"/>
</LocList>
<RootTerm CovItemId="C14" CovItemPrefix="com.OriginalFiles.Piece.java" Intrnl_Id="876">
<BasicBoolTerm Intrnl_Id="877">
<LocList>
<Loc EndOffset="3616" SrcFileId="2" StartOffset="3595"/>
</LocList>
</BasicBoolTerm>
</RootTerm>
</CondStmnt>
<CondStmnt CovItemId="S61" CovItemPrefix="com.OriginalFiles.Piece.java" Intrnl_Id="878">
<Branch CovItemId="B29" CovItemPrefix="com.OriginalFiles.Piece.java" Implct="false" Intrnl_Id="879">
<Cond/>
<LocList>
<Loc EndOffset="3847" SrcFileId="2" StartOffset="3766"/>
</LocList>
<StmntSeq Intrnl_Id="880">
<LocList>
<Loc EndOffset="3824" SrcFileId="2" StartOffset="3793"/>
</LocList>
<BasicStmnt CovItemId="S62" CovItemPrefix="com.OriginalFiles.Piece.java" Intrnl_Id="881">
<LocList>
<Loc EndOffset="3824" SrcFileId="2" StartOffset="3793"/>
</LocList>
</BasicStmnt>
</StmntSeq>
</Branch>
<Branch CovItemId="B30" CovItemPrefix="com.OriginalFiles.Piece.java" Implct="true" Intrnl_Id="882">
<Cond/>
<LocList/>
<StmntSeq Intrnl_Id="883">
<LocList/>
</StmntSeq>
</Branch>
<Keyword EndOffset="3723" SrcFileId="2" StartOffset="3721"/>
<LocList>
<Loc EndOffset="3847" SrcFileId="2" StartOffset="3721"/>
</LocList>
<RootTerm CovItemId="C15" CovItemPrefix="com.OriginalFiles.Piece.java" Intrnl_Id="884">
<OpTerm BooleanOpId="10" Intrnl_Id="885">
<BasicBoolTerm Intrnl_Id="886">
<LocList>
<Loc EndOffset="3746" SrcFileId="2" StartOffset="3725"/>
</LocList>
</BasicBoolTerm>
<BasicBoolTerm Intrnl_Id="887">
<LocList>
<Loc EndOffset="3764" SrcFileId="2" StartOffset="3750"/>
</LocList>
</BasicBoolTerm>
<LocList>
<Loc EndOffset="3749" SrcFileId="2" StartOffset="3747"/>
</LocList>
</OpTerm>
</RootTerm>
</CondStmnt>
<CondStmnt CovItemId="S63" CovItemPrefix="com.OriginalFiles.Piece.java" Intrnl_Id="888">
<Branch CovItemId="B31" CovItemPrefix="com.OriginalFiles.Piece.java" Implct="false" Intrnl_Id="889">
<Cond/>
<LocList>
<Loc EndOffset="4062" SrcFileId="2" StartOffset="3979"/>
</LocList>
<StmntSeq Intrnl_Id="890">
<LocList>
<Loc EndOffset="4039" SrcFileId="2" StartOffset="4006"/>
</LocList>
<BasicStmnt CovItemId="S64" CovItemPrefix="com.OriginalFiles.Piece.java" Intrnl_Id="891">
<LocList>
<Loc EndOffset="4039" SrcFileId="2" StartOffset="4006"/>
</LocList>
</BasicStmnt>
</StmntSeq>
</Branch>
<Branch CovItemId="B32" CovItemPrefix="com.OriginalFiles.Piece.java" Implct="true" Intrnl_Id="892">
<Cond/>
<LocList/>
<StmntSeq Intrnl_Id="893">
<LocList/>
</StmntSeq>
</Branch>
<Keyword EndOffset="3873" SrcFileId="2" StartOffset="3871"/>
<LocList>
<Loc EndOffset="4062" SrcFileId="2" StartOffset="3871"/>
</LocList>
<RootTerm CovItemId="C16" CovItemPrefix="com.OriginalFiles.Piece.java" Intrnl_Id="894">
<OpTerm BooleanOpId="10" Intrnl_Id="895">
<BasicBoolTerm Intrnl_Id="896">
<LocList>
<Loc EndOffset="3959" SrcFileId="2" StartOffset="3875"/>
</LocList>
</BasicBoolTerm>
<BasicBoolTerm Intrnl_Id="897">
<LocList>
<Loc EndOffset="3977" SrcFileId="2" StartOffset="3963"/>
</LocList>
</BasicBoolTerm>
<LocList>
<Loc EndOffset="3962" SrcFileId="2" StartOffset="3960"/>
</LocList>
</OpTerm>
</RootTerm>
</CondStmnt>
</StmntSeq>
</Branch>
<Branch CovItemId="B26" CovItemPrefix="com.OriginalFiles.Piece.java" Implct="true" Intrnl_Id="898">
<Cond/>
<LocList/>
<StmntSeq Intrnl_Id="899">
<LocList/>
</StmntSeq>
</Branch>
<Keyword EndOffset="3546" SrcFileId="2" StartOffset="3544"/>
<LocList>
<Loc EndOffset="4081" SrcFileId="2" StartOffset="3544"/>
</LocList>
<RootTerm CovItemId="C13" CovItemPrefix="com.OriginalFiles.Piece.java" Intrnl_Id="900">
<BasicBoolTerm Intrnl_Id="901">
<LocList>
<Loc EndOffset="3566" SrcFileId="2" StartOffset="3548"/>
</LocList>
</BasicBoolTerm>
</RootTerm>
</CondStmnt>
</StmntSeq>
</Branch>
<Branch CovItemId="B18" CovItemPrefix="com.OriginalFiles.Piece.java" Implct="true" Intrnl_Id="902">
<Cond/>
<LocList/>
<StmntSeq Intrnl_Id="903">
<LocList/>
</StmntSeq>
</Branch>
<Keyword EndOffset="3059" SrcFileId="2" StartOffset="3057"/>
<LocList>
<Loc EndOffset="4098" SrcFileId="2" StartOffset="3057"/>
</LocList>
<RootTerm CovItemId="C9" CovItemPrefix="com.OriginalFiles.Piece.java" Intrnl_Id="904">
<BasicBoolTerm Intrnl_Id="905">
<LocList>
<Loc EndOffset="3083" SrcFileId="2" StartOffset="3061"/>
</LocList>
</BasicBoolTerm>
</RootTerm>
</CondStmnt>
<CondStmnt CovItemId="S65" CovItemPrefix="com.OriginalFiles.Piece.java" Intrnl_Id="906">
<Branch CovItemId="B33" CovItemPrefix="com.OriginalFiles.Piece.java" Implct="false" Intrnl_Id="907">
<Cond/>
<LocList>
<Loc EndOffset="4420" SrcFileId="2" StartOffset="4361"/>
</LocList>
<StmntSeq Intrnl_Id="908">
<LocList>
<Loc EndOffset="4405" SrcFileId="2" StartOffset="4380"/>
</LocList>
<BasicStmnt CovItemId="S66" CovItemPrefix="com.OriginalFiles.Piece.java" Intrnl_Id="909">
<LocList>
<Loc EndOffset="4405" SrcFileId="2" StartOffset="4380"/>
</LocList>
</BasicStmnt>
</StmntSeq>
</Branch>
<Branch CovItemId="B34" CovItemPrefix="com.OriginalFiles.Piece.java" Implct="true" Intrnl_Id="910">
<Cond/>
<LocList/>
<StmntSeq Intrnl_Id="911">
<LocList/>
</StmntSeq>
</Branch>
<Keyword EndOffset="4114" SrcFileId="2" StartOffset="4112"/>
<LocList>
<Loc EndOffset="4420" SrcFileId="2" StartOffset="4112"/>
</LocList>
<RootTerm CovItemId="C17" CovItemPrefix="com.OriginalFiles.Piece.java" Intrnl_Id="912">
<OpTerm BooleanOpId="10" Intrnl_Id="913">
<OpTerm BooleanOpId="9" Intrnl_Id="914">
<BasicBoolTerm Intrnl_Id="915">
<LocList>
<Loc EndOffset="4126" SrcFileId="2" StartOffset="4117"/>
</LocList>
</BasicBoolTerm>
<LocList>
<Loc EndOffset="4117" SrcFileId="2" StartOffset="4116"/>
</LocList>
</OpTerm>
<OpTerm BooleanOpId="11" Intrnl_Id="916">
<OpTerm BooleanOpId="10" Intrnl_Id="917">
<BasicBoolTerm Intrnl_Id="918">
<LocList>
<Loc EndOffset="4194" SrcFileId="2" StartOffset="4153"/>
</LocList>
</BasicBoolTerm>
<BasicBoolTerm Intrnl_Id="919">
<LocList>
<Loc EndOffset="4233" SrcFileId="2" StartOffset="4227"/>
</LocList>
</BasicBoolTerm>
<LocList>
<Loc EndOffset="4226" SrcFileId="2" StartOffset="4224"/>
</LocList>
</OpTerm>
<OpTerm BooleanOpId="10" Intrnl_Id="920">
<BasicBoolTerm Intrnl_Id="921">
<LocList>
<Loc EndOffset="4310" SrcFileId="2" StartOffset="4268"/>
</LocList>
</BasicBoolTerm>
<BasicBoolTerm Intrnl_Id="922">
<LocList>
<Loc EndOffset="4357" SrcFileId="2" StartOffset="4351"/>
</LocList>
</BasicBoolTerm>
<LocList>
<Loc EndOffset="4350" SrcFileId="2" StartOffset="4348"/>
</LocList>
</OpTerm>
<LocList>
<Loc EndOffset="4266" SrcFileId="2" StartOffset="4264"/>
</LocList>
</OpTerm>
<LocList>
<Loc EndOffset="4150" SrcFileId="2" StartOffset="4148"/>
</LocList>
</OpTerm>
</RootTerm>
</CondStmnt>
<CondStmnt CovItemId="S67" CovItemPrefix="com.OriginalFiles.Piece.java" Intrnl_Id="923">
<Branch CovItemId="B35" CovItemPrefix="com.OriginalFiles.Piece.java" Implct="false" Intrnl_Id="924">
<Cond/>
<LocList>
<Loc EndOffset="4873" SrcFileId="2" StartOffset="4685"/>
</LocList>
<StmntSeq Intrnl_Id="925">
<LocList>
<Loc EndOffset="4807" SrcFileId="2" StartOffset="4704"/>
<Loc EndOffset="4858" SrcFileId="2" StartOffset="4825"/>
</LocList>
<CondStmnt CovItemId="S68" CovItemPrefix="com.OriginalFiles.Piece.java" Intrnl_Id="926">
<Branch CovItemId="B37" CovItemPrefix="com.OriginalFiles.Piece.java" Implct="false" Intrnl_Id="927">
<Cond/>
<LocList>
<Loc EndOffset="4807" SrcFileId="2" StartOffset="4732"/>
</LocList>
<StmntSeq Intrnl_Id="928">
<LocList>
<Loc EndOffset="4788" SrcFileId="2" StartOffset="4755"/>
</LocList>
<BasicStmnt CovItemId="S69" CovItemPrefix="com.OriginalFiles.Piece.java" Intrnl_Id="929">
<LocList>
<Loc EndOffset="4788" SrcFileId="2" StartOffset="4755"/>
</LocList>
</BasicStmnt>
</StmntSeq>
</Branch>
<Branch CovItemId="B38" CovItemPrefix="com.OriginalFiles.Piece.java" Implct="true" Intrnl_Id="930">
<Cond/>
<LocList/>
<StmntSeq Intrnl_Id="931">
<LocList/>
</StmntSeq>
</Branch>
<Keyword EndOffset="4706" SrcFileId="2" StartOffset="4704"/>
<LocList>
<Loc EndOffset="4807" SrcFileId="2" StartOffset="4704"/>
</LocList>
<RootTerm CovItemId="C19" CovItemPrefix="com.OriginalFiles.Piece.java" Intrnl_Id="932">
<BasicBoolTerm Intrnl_Id="933">
<LocList>
<Loc EndOffset="4730" SrcFileId="2" StartOffset="4708"/>
</LocList>
</BasicBoolTerm>
</RootTerm>
</CondStmnt>
<BasicStmnt CovItemId="S70" CovItemPrefix="com.OriginalFiles.Piece.java" Intrnl_Id="934">
<LocList>
<Loc EndOffset="4858" SrcFileId="2" StartOffset="4825"/>
</LocList>
</BasicStmnt>
</StmntSeq>
</Branch>
<Branch CovItemId="B36" CovItemPrefix="com.OriginalFiles.Piece.java" Implct="true" Intrnl_Id="935">
<Cond/>
<LocList/>
<StmntSeq Intrnl_Id="936">
<LocList/>
</StmntSeq>
</Branch>
<Keyword EndOffset="4438" SrcFileId="2" StartOffset="4436"/>
<LocList>
<Loc EndOffset="4873" SrcFileId="2" StartOffset="4436"/>
</LocList>
<RootTerm CovItemId="C18" CovItemPrefix="com.OriginalFiles.Piece.java" Intrnl_Id="937">
<OpTerm BooleanOpId="10" Intrnl_Id="938">
<OpTerm BooleanOpId="9" Intrnl_Id="939">
<BasicBoolTerm Intrnl_Id="940">
<LocList>
<Loc EndOffset="4450" SrcFileId="2" StartOffset="4441"/>
</LocList>
</BasicBoolTerm>
<LocList>
<Loc EndOffset="4441" SrcFileId="2" StartOffset="4440"/>
</LocList>
</OpTerm>
<OpTerm BooleanOpId="11" Intrnl_Id="941">
<OpTerm BooleanOpId="10" Intrnl_Id="942">
<BasicBoolTerm Intrnl_Id="943">
<LocList>
<Loc EndOffset="4518" SrcFileId="2" StartOffset="4477"/>
</LocList>
</BasicBoolTerm>
<BasicBoolTerm Intrnl_Id="944">
<LocList>
<Loc EndOffset="4557" SrcFileId="2" StartOffset="4551"/>
</LocList>
</BasicBoolTerm>
<LocList>
<Loc EndOffset="4550" SrcFileId="2" StartOffset="4548"/>
</LocList>
</OpTerm>
<OpTerm BooleanOpId="10" Intrnl_Id="945">
<BasicBoolTerm Intrnl_Id="946">
<LocList>
<Loc EndOffset="4634" SrcFileId="2" StartOffset="4592"/>
</LocList>
</BasicBoolTerm>
<BasicBoolTerm Intrnl_Id="947">
<LocList>
<Loc EndOffset="4681" SrcFileId="2" StartOffset="4675"/>
</LocList>
</BasicBoolTerm>
<LocList>
<Loc EndOffset="4674" SrcFileId="2" StartOffset="4672"/>
</LocList>
</OpTerm>
<LocList>
<Loc EndOffset="4590" SrcFileId="2" StartOffset="4588"/>
</LocList>
</OpTerm>
<LocList>
<Loc EndOffset="4474" SrcFileId="2" StartOffset="4472"/>
</LocList>
</OpTerm>
</RootTerm>
</CondStmnt>
<CondStmnt CovItemId="S71" CovItemPrefix="com.OriginalFiles.Piece.java" Intrnl_Id="948">
<Branch CovItemId="B39" CovItemPrefix="com.OriginalFiles.Piece.java" Implct="false" Intrnl_Id="949">
<Cond/>
<LocList>
<Loc EndOffset="4961" SrcFileId="2" StartOffset="4902"/>
</LocList>
<StmntSeq Intrnl_Id="950">
<LocList>
<Loc EndOffset="4946" SrcFileId="2" StartOffset="4921"/>
</LocList>
<BasicStmnt CovItemId="S72" CovItemPrefix="com.OriginalFiles.Piece.java" Intrnl_Id="951">
<LocList>
<Loc EndOffset="4946" SrcFileId="2" StartOffset="4921"/>
</LocList>
</BasicStmnt>
</StmntSeq>
</Branch>
<Branch CovItemId="B40" CovItemPrefix="com.OriginalFiles.Piece.java" Implct="true" Intrnl_Id="952">
<Cond/>
<LocList/>
<StmntSeq Intrnl_Id="953">
<LocList/>
</StmntSeq>
</Branch>
<Keyword EndOffset="4889" SrcFileId="2" StartOffset="4887"/>
<LocList>
<Loc EndOffset="4961" SrcFileId="2" StartOffset="4887"/>
</LocList>
<RootTerm CovItemId="C20" CovItemPrefix="com.OriginalFiles.Piece.java" Intrnl_Id="954">
<BasicBoolTerm Intrnl_Id="955">
<LocList>
<Loc EndOffset="4900" SrcFileId="2" StartOffset="4891"/>
</LocList>
</BasicBoolTerm>
</RootTerm>
</CondStmnt>
<BasicStmnt CovItemId="S73" CovItemPrefix="com.OriginalFiles.Piece.java" Intrnl_Id="956">
<LocList>
<Loc EndOffset="5002" SrcFileId="2" StartOffset="4975"/>
</LocList>
</BasicStmnt>
</StmntSeq>
</Branch>
<Branch CovItemId="B12" CovItemPrefix="com.OriginalFiles.Piece.java" Implct="true" Intrnl_Id="957">
<Cond/>
<LocList/>
<StmntSeq Intrnl_Id="958">
<LocList/>
</StmntSeq>
</Branch>
<Keyword EndOffset="2636" SrcFileId="2" StartOffset="2634"/>
<LocList>
<Loc EndOffset="5013" SrcFileId="2" StartOffset="2634"/>
</LocList>
<RootTerm CovItemId="C6" CovItemPrefix="com.OriginalFiles.Piece.java" Intrnl_Id="959">
<BasicBoolTerm Intrnl_Id="960">
<LocList>
<Loc EndOffset="2649" SrcFileId="2" StartOffset="2638"/>
</LocList>
</BasicBoolTerm>
</RootTerm>
</CondStmnt>
</StmntSeq>
</HierarchyLvl>
<HierarchyLvl HierarchyLvlId="1838" HierarchyLvlTypeId="14" Intrnl_Id="961" Name="isNearDoubleCorners">
<Header>
<Loc EndOffset="5065" SrcFileId="2" StartOffset="5028"/>
</Header>
<LocList>
<Loc EndOffset="5602" SrcFileId="2" StartOffset="5028"/>
</LocList>
<StmntSeq Intrnl_Id="962">
<LocList>
<Loc EndOffset="5572" SrcFileId="2" StartOffset="5077"/>
<Loc EndOffset="5595" SrcFileId="2" StartOffset="5582"/>
</LocList>
<CondStmnt CovItemId="S74" CovItemPrefix="com.OriginalFiles.Piece.java" Intrnl_Id="963">
<Branch CovItemId="B41" CovItemPrefix="com.OriginalFiles.Piece.java" Implct="false" Intrnl_Id="964">
<Cond/>
<LocList>
<Loc EndOffset="5572" SrcFileId="2" StartOffset="5534"/>
</LocList>
<StmntSeq Intrnl_Id="965">
<LocList>
<Loc EndOffset="5561" SrcFileId="2" StartOffset="5549"/>
</LocList>
<BasicStmnt CovItemId="S75" CovItemPrefix="com.OriginalFiles.Piece.java" Intrnl_Id="966">
<LocList>
<Loc EndOffset="5561" SrcFileId="2" StartOffset="5549"/>
</LocList>
</BasicStmnt>
</StmntSeq>
</Branch>
<Branch CovItemId="B42" CovItemPrefix="com.OriginalFiles.Piece.java" Implct="true" Intrnl_Id="967">
<Cond/>
<LocList/>
<StmntSeq Intrnl_Id="968">
<LocList/>
</StmntSeq>
</Branch>
<Keyword EndOffset="5079" SrcFileId="2" StartOffset="5077"/>
<LocList>
<Loc EndOffset="5572" SrcFileId="2" StartOffset="5077"/>
</LocList>
<RootTerm CovItemId="C21" CovItemPrefix="com.OriginalFiles.Piece.java" Intrnl_Id="969">
<OpTerm BooleanOpId="11" Intrnl_Id="970">
<OpTerm BooleanOpId="11" Intrnl_Id="971">
<OpTerm BooleanOpId="11" Intrnl_Id="972">
<OpTerm BooleanOpId="11" Intrnl_Id="973">
<OpTerm BooleanOpId="11" Intrnl_Id="974">
<OpTerm BooleanOpId="11" Intrnl_Id="975">
<OpTerm BooleanOpId="11" Intrnl_Id="976">
<OpTerm BooleanOpId="10" Intrnl_Id="977">
<BasicBoolTerm Intrnl_Id="978">
<LocList>
<Loc EndOffset="5098" SrcFileId="2" StartOffset="5082"/>
</LocList>
</BasicBoolTerm>
<BasicBoolTerm Intrnl_Id="979">
<LocList>
<Loc EndOffset="5118" SrcFileId="2" StartOffset="5102"/>
</LocList>
</BasicBoolTerm>
<LocList>
<Loc EndOffset="5101" SrcFileId="2" StartOffset="5099"/>
</LocList>
</OpTerm>
<OpTerm BooleanOpId="10" Intrnl_Id="980">
<BasicBoolTerm Intrnl_Id="981">
<LocList>
<Loc EndOffset="5157" SrcFileId="2" StartOffset="5141"/>
</LocList>
</BasicBoolTerm>
<BasicBoolTerm Intrnl_Id="982">
<LocList>
<Loc EndOffset="5177" SrcFileId="2" StartOffset="5161"/>
</LocList>
</BasicBoolTerm>
<LocList>
<Loc EndOffset="5160" SrcFileId="2" StartOffset="5158"/>
</LocList>
</OpTerm>
<LocList>
<Loc EndOffset="5139" SrcFileId="2" StartOffset="5137"/>
</LocList>
</OpTerm>
<OpTerm BooleanOpId="10" Intrnl_Id="983">
<BasicBoolTerm Intrnl_Id="984">
<LocList>
<Loc EndOffset="5216" SrcFileId="2" StartOffset="5200"/>
</LocList>
</BasicBoolTerm>
<BasicBoolTerm Intrnl_Id="985">
<LocList>
<Loc EndOffset="5236" SrcFileId="2" StartOffset="5220"/>
</LocList>
</BasicBoolTerm>
<LocList>
<Loc EndOffset="5219" SrcFileId="2" StartOffset="5217"/>
</LocList>
</OpTerm>
<LocList>
<Loc EndOffset="5198" SrcFileId="2" StartOffset="5196"/>
</LocList>
</OpTerm>
<OpTerm BooleanOpId="10" Intrnl_Id="986">
<BasicBoolTerm Intrnl_Id="987">
<LocList>
<Loc EndOffset="5275" SrcFileId="2" StartOffset="5259"/>
</LocList>
</BasicBoolTerm>
<BasicBoolTerm Intrnl_Id="988">
<LocList>
<Loc EndOffset="5295" SrcFileId="2" StartOffset="5279"/>
</LocList>
</BasicBoolTerm>
<LocList>
<Loc EndOffset="5278" SrcFileId="2" StartOffset="5276"/>
</LocList>
</OpTerm>
<LocList>
<Loc EndOffset="5257" SrcFileId="2" StartOffset="5255"/>
</LocList>
</OpTerm>
<OpTerm BooleanOpId="10" Intrnl_Id="989">
<BasicBoolTerm Intrnl_Id="990">
<LocList>
<Loc EndOffset="5334" SrcFileId="2" StartOffset="5318"/>
</LocList>
</BasicBoolTerm>
<BasicBoolTerm Intrnl_Id="991">
<LocList>
<Loc EndOffset="5354" SrcFileId="2" StartOffset="5338"/>
</LocList>
</BasicBoolTerm>
<LocList>
<Loc EndOffset="5337" SrcFileId="2" StartOffset="5335"/>
</LocList>
</OpTerm>
<LocList>
<Loc EndOffset="5316" SrcFileId="2" StartOffset="5314"/>
</LocList>
</OpTerm>
<OpTerm BooleanOpId="10" Intrnl_Id="992">
<BasicBoolTerm Intrnl_Id="993">
<LocList>
<Loc EndOffset="5393" SrcFileId="2" StartOffset="5377"/>
</LocList>
</BasicBoolTerm>
<BasicBoolTerm Intrnl_Id="994">
<LocList>
<Loc EndOffset="5413" SrcFileId="2" StartOffset="5397"/>
</LocList>
</BasicBoolTerm>
<LocList>
<Loc EndOffset="5396" SrcFileId="2" StartOffset="5394"/>
</LocList>
</OpTerm>
<LocList>
<Loc EndOffset="5375" SrcFileId="2" StartOffset="5373"/>
</LocList>
</OpTerm>
<OpTerm BooleanOpId="10" Intrnl_Id="995">
<BasicBoolTerm Intrnl_Id="996">
<LocList>
<Loc EndOffset="5452" SrcFileId="2" StartOffset="5436"/>
</LocList>
</BasicBoolTerm>
<BasicBoolTerm Intrnl_Id="997">
<LocList>
<Loc EndOffset="5472" SrcFileId="2" StartOffset="5456"/>
</LocList>
</BasicBoolTerm>
<LocList>
<Loc EndOffset="5455" SrcFileId="2" StartOffset="5453"/>
</LocList>
</OpTerm>
<LocList>
<Loc EndOffset="5434" SrcFileId="2" StartOffset="5432"/>
</LocList>
</OpTerm>
<OpTerm BooleanOpId="10" Intrnl_Id="998">
<BasicBoolTerm Intrnl_Id="999">
<LocList>
<Loc EndOffset="5511" SrcFileId="2" StartOffset="5495"/>
</LocList>
</BasicBoolTerm>
<BasicBoolTerm Intrnl_Id="1000">
<LocList>
<Loc EndOffset="5531" SrcFileId="2" StartOffset="5515"/>
</LocList>
</BasicBoolTerm>
<LocList>
<Loc EndOffset="5514" SrcFileId="2" StartOffset="5512"/>
</LocList>
</OpTerm>
<LocList>
<Loc EndOffset="5493" SrcFileId="2" StartOffset="5491"/>
</LocList>
</OpTerm>
</RootTerm>
</CondStmnt>
<BasicStmnt CovItemId="S76" CovItemPrefix="com.OriginalFiles.Piece.java" Intrnl_Id="1001">
<LocList>
<Loc EndOffset="5595" SrcFileId="2" StartOffset="5582"/>
</LocList>
</BasicStmnt>
</StmntSeq>
</HierarchyLvl>
<HierarchyLvl HierarchyLvlId="1839" HierarchyLvlTypeId="14" Intrnl_Id="1002" Name="blockValue">
<Header>
<Loc EndOffset="5634" SrcFileId="2" StartOffset="5610"/>
</Header>
<LocList>
<Loc EndOffset="6145" SrcFileId="2" StartOffset="5610"/>
</LocList>
<StmntSeq Intrnl_Id="1003">
<LocList>
<Loc EndOffset="5666" SrcFileId="2" StartOffset="5646"/>
<Loc EndOffset="5689" SrcFileId="2" StartOffset="5676"/>
<Loc EndOffset="5782" SrcFileId="2" StartOffset="5699"/>
<Loc EndOffset="5846" SrcFileId="2" StartOffset="5792"/>
<Loc EndOffset="5910" SrcFileId="2" StartOffset="5856"/>
<Loc EndOffset="6088" SrcFileId="2" StartOffset="5920"/>
<Loc EndOffset="6138" SrcFileId="2" StartOffset="6098"/>
</LocList>
<BasicStmnt CovItemId="S77" CovItemPrefix="com.OriginalFiles.Piece.java" Intrnl_Id="1004">
<LocList>
<Loc EndOffset="5666" SrcFileId="2" StartOffset="5646"/>
</LocList>
</BasicStmnt>
<BasicStmnt CovItemId="S78" CovItemPrefix="com.OriginalFiles.Piece.java" Intrnl_Id="1005">
<LocList>
<Loc EndOffset="5689" SrcFileId="2" StartOffset="5676"/>
</LocList>
</BasicStmnt>
<CondStmnt CovItemId="S79" CovItemPrefix="com.OriginalFiles.Piece.java" Intrnl_Id="1006">
<Branch CovItemId="B43" CovItemPrefix="com.OriginalFiles.Piece.java" Implct="false" Intrnl_Id="1007">
<Cond/>
<LocList>
<Loc EndOffset="5782" SrcFileId="2" StartOffset="5746"/>
</LocList>
<StmntSeq Intrnl_Id="1008">
<LocList>
<Loc EndOffset="5771" SrcFileId="2" StartOffset="5761"/>
</LocList>
<BasicStmnt CovItemId="S80" CovItemPrefix="com.OriginalFiles.Piece.java" Intrnl_Id="1009">
<LocList>
<Loc EndOffset="5771" SrcFileId="2" StartOffset="5761"/>
</LocList>
</BasicStmnt>
</StmntSeq>
</Branch>
<Branch CovItemId="B44" CovItemPrefix="com.OriginalFiles.Piece.java" Implct="true" Intrnl_Id="1010">
<Cond/>
<LocList/>
<StmntSeq Intrnl_Id="1011">
<LocList/>
</StmntSeq>
</Branch>
<Keyword EndOffset="5701" SrcFileId="2" StartOffset="5699"/>
<LocList>
<Loc EndOffset="5782" SrcFileId="2" StartOffset="5699"/>
</LocList>
<RootTerm CovItemId="C22" CovItemPrefix="com.OriginalFiles.Piece.java" Intrnl_Id="1012">
<BasicBoolTerm Intrnl_Id="1013">
<LocList>
<Loc EndOffset="5744" SrcFileId="2" StartOffset="5703"/>
</LocList>
</BasicBoolTerm>
</RootTerm>
</CondStmnt>
<BasicStmnt CovItemId="S81" CovItemPrefix="com.OriginalFiles.Piece.java" Intrnl_Id="1014">
<LocList>
<Loc EndOffset="5846" SrcFileId="2" StartOffset="5792"/>
</LocList>
</BasicStmnt>
<BasicStmnt CovItemId="S82" CovItemPrefix="com.OriginalFiles.Piece.java" Intrnl_Id="1015">
<LocList>
<Loc EndOffset="5910" SrcFileId="2" StartOffset="5856"/>
</LocList>
</BasicStmnt>
<CondStmnt CovItemId="S83" CovItemPrefix="com.OriginalFiles.Piece.java" Intrnl_Id="1016">
<Branch CovItemId="B45" CovItemPrefix="com.OriginalFiles.Piece.java" Implct="false" Intrnl_Id="1017">
<Cond/>
<LocList>
<Loc EndOffset="6088" SrcFileId="2" StartOffset="5940"/>
</LocList>
<StmntSeq Intrnl_Id="1018">
<LocList>
<Loc EndOffset="6009" SrcFileId="2" StartOffset="5955"/>
<Loc EndOffset="6077" SrcFileId="2" StartOffset="6023"/>
</LocList>
<BasicStmnt CovItemId="S84" CovItemPrefix="com.OriginalFiles.Piece.java" Intrnl_Id="1019">
<LocList>
<Loc EndOffset="6009" SrcFileId="2" StartOffset="5955"/>
</LocList>
</BasicStmnt>
<BasicStmnt CovItemId="S85" CovItemPrefix="com.OriginalFiles.Piece.java" Intrnl_Id="1020">
<LocList>
<Loc EndOffset="6077" SrcFileId="2" StartOffset="6023"/>
</LocList>
</BasicStmnt>
</StmntSeq>
</Branch>
<Branch CovItemId="B46" CovItemPrefix="com.OriginalFiles.Piece.java" Implct="true" Intrnl_Id="1021">
<Cond/>
<LocList/>
<StmntSeq Intrnl_Id="1022">
<LocList/>
</StmntSeq>
</Branch>
<Keyword EndOffset="5922" SrcFileId="2" StartOffset="5920"/>
<LocList>
<Loc EndOffset="6088" SrcFileId="2" StartOffset="5920"/>
</LocList>
<RootTerm CovItemId="C23" CovItemPrefix="com.OriginalFiles.Piece.java" Intrnl_Id="1023">
<BasicBoolTerm Intrnl_Id="1024">
<LocList>
<Loc EndOffset="5938" SrcFileId="2" StartOffset="5924"/>
</LocList>
</BasicBoolTerm>
</RootTerm>
</CondStmnt>
<BasicStmnt CovItemId="S86" CovItemPrefix="com.OriginalFiles.Piece.java" Intrnl_Id="1025">
<LocList>
<Loc EndOffset="6138" SrcFileId="2" StartOffset="6098"/>
</LocList>
</BasicStmnt>
</StmntSeq>
</HierarchyLvl>
<HierarchyLvl HierarchyLvlId="1840" HierarchyLvlTypeId="14" Intrnl_Id="1026" Name="blockFields">
<Header>
<Loc EndOffset="6204" SrcFileId="2" StartOffset="6153"/>
</Header>
<LocList>
<Loc EndOffset="6991" SrcFileId="2" StartOffset="6153"/>
</LocList>
<StmntSeq Intrnl_Id="1027">
<LocList>
<Loc EndOffset="6963" SrcFileId="2" StartOffset="6216"/>
<Loc EndOffset="6984" SrcFileId="2" StartOffset="6975"/>
</LocList>
<CondStmnt CovItemId="S87" CovItemPrefix="com.OriginalFiles.Piece.java" Intrnl_Id="1028">
<Branch CovItemId="B47" CovItemPrefix="com.OriginalFiles.Piece.java" Implct="false" Intrnl_Id="1029">
<Cond/>
<LocList>
<Loc EndOffset="6963" SrcFileId="2" StartOffset="6267"/>
</LocList>
<StmntSeq Intrnl_Id="1030">
<LocList>
<Loc EndOffset="6952" SrcFileId="2" StartOffset="6282"/>
</LocList>
<CondStmnt CovItemId="S88" CovItemPrefix="com.OriginalFiles.Piece.java" Intrnl_Id="1031">
<Branch CovItemId="B49" CovItemPrefix="com.OriginalFiles.Piece.java" Implct="false" Intrnl_Id="1032">
<Cond/>
<LocList>
<Loc EndOffset="6952" SrcFileId="2" StartOffset="6339"/>
</LocList>
<StmntSeq Intrnl_Id="1033">
<LocList>
<Loc EndOffset="6378" SrcFileId="2" StartOffset="6358"/>
<Loc EndOffset="6456" SrcFileId="2" StartOffset="6396"/>
<Loc EndOffset="6567" SrcFileId="2" StartOffset="6474"/>
<Loc EndOffset="6678" SrcFileId="2" StartOffset="6585"/>
<Loc EndOffset="6789" SrcFileId="2" StartOffset="6696"/>
<Loc EndOffset="6900" SrcFileId="2" StartOffset="6807"/>
<Loc EndOffset="6937" SrcFileId="2" StartOffset="6918"/>
</LocList>
<BasicStmnt CovItemId="S89" CovItemPrefix="com.OriginalFiles.Piece.java" Intrnl_Id="1034">
<LocList>
<Loc EndOffset="6378" SrcFileId="2" StartOffset="6358"/>
</LocList>
</BasicStmnt>
<BasicStmnt CovItemId="S90" CovItemPrefix="com.OriginalFiles.Piece.java" Intrnl_Id="1035">
<LocList>
<Loc EndOffset="6456" SrcFileId="2" StartOffset="6396"/>
</LocList>
</BasicStmnt>
<BasicStmnt CovItemId="S91" CovItemPrefix="com.OriginalFiles.Piece.java" Intrnl_Id="1036">
<LocList>
<Loc EndOffset="6567" SrcFileId="2" StartOffset="6474"/>
</LocList>
</BasicStmnt>
<BasicStmnt CovItemId="S92" CovItemPrefix="com.OriginalFiles.Piece.java" Intrnl_Id="1037">
<LocList>
<Loc EndOffset="6678" SrcFileId="2" StartOffset="6585"/>
</LocList>
</BasicStmnt>
<BasicStmnt CovItemId="S93" CovItemPrefix="com.OriginalFiles.Piece.java" Intrnl_Id="1038">
<LocList>
<Loc EndOffset="6789" SrcFileId="2" StartOffset="6696"/>
</LocList>
</BasicStmnt>
<BasicStmnt CovItemId="S94" CovItemPrefix="com.OriginalFiles.Piece.java" Intrnl_Id="1039">
<LocList>
<Loc EndOffset="6900" SrcFileId="2" StartOffset="6807"/>
</LocList>
</BasicStmnt>
<BasicStmnt CovItemId="S95" CovItemPrefix="com.OriginalFiles.Piece.java" Intrnl_Id="1040">
<LocList>
<Loc EndOffset="6937" SrcFileId="2" StartOffset="6918"/>
</LocList>
</BasicStmnt>
</StmntSeq>
</Branch>
<Branch CovItemId="B50" CovItemPrefix="com.OriginalFiles.Piece.java" Implct="true" Intrnl_Id="1041">
<Cond/>
<LocList/>
<StmntSeq Intrnl_Id="1042">
<LocList/>
</StmntSeq>
</Branch>
<Keyword EndOffset="6284" SrcFileId="2" StartOffset="6282"/>
<LocList>
<Loc EndOffset="6952" SrcFileId="2" StartOffset="6282"/>
</LocList>
<RootTerm CovItemId="C25" CovItemPrefix="com.OriginalFiles.Piece.java" Intrnl_Id="1043">
<BasicBoolTerm Intrnl_Id="1044">
<LocList>
<Loc EndOffset="6337" SrcFileId="2" StartOffset="6286"/>
</LocList>
</BasicBoolTerm>
</RootTerm>
</CondStmnt>
</StmntSeq>
</Branch>
<Branch CovItemId="B48" CovItemPrefix="com.OriginalFiles.Piece.java" Implct="true" Intrnl_Id="1045">
<Cond/>
<LocList/>
<StmntSeq Intrnl_Id="1046">
<LocList/>
</StmntSeq>
</Branch>
<Keyword EndOffset="6218" SrcFileId="2" StartOffset="6216"/>
<LocList>
<Loc EndOffset="6963" SrcFileId="2" StartOffset="6216"/>
</LocList>
<RootTerm CovItemId="C24" CovItemPrefix="com.OriginalFiles.Piece.java" Intrnl_Id="1047">
<BasicBoolTerm Intrnl_Id="1048">
<LocList>
<Loc EndOffset="6265" SrcFileId="2" StartOffset="6220"/>
</LocList>
</BasicBoolTerm>
</RootTerm>
</CondStmnt>
<BasicStmnt CovItemId="S96" CovItemPrefix="com.OriginalFiles.Piece.java" Intrnl_Id="1049">
<LocList>
<Loc EndOffset="6984" SrcFileId="2" StartOffset="6975"/>
</LocList>
</BasicStmnt>
</StmntSeq>
</HierarchyLvl>
<HierarchyLvl HierarchyLvlId="1841" HierarchyLvlTypeId="14" Intrnl_Id="1050" Name="checkBlockade">
<Header>
<Loc EndOffset="7070" SrcFileId="2" StartOffset="6999"/>
</Header>
<LocList>
<Loc EndOffset="8724" SrcFileId="2" StartOffset="6999"/>
</LocList>
<StmntSeq Intrnl_Id="1051">
<LocList>
<Loc EndOffset="7152" SrcFileId="2" StartOffset="7082"/>
<Loc EndOffset="8698" SrcFileId="2" StartOffset="7162"/>
<Loc EndOffset="8717" SrcFileId="2" StartOffset="8708"/>
</LocList>
<BasicStmnt CovItemId="S97" CovItemPrefix="com.OriginalFiles.Piece.java" Intrnl_Id="1052">
<LocList>
<Loc EndOffset="7152" SrcFileId="2" StartOffset="7082"/>
</LocList>
</BasicStmnt>
<CondStmnt CovItemId="S98" CovItemPrefix="com.OriginalFiles.Piece.java" Intrnl_Id="1053">
<Branch CovItemId="B51" CovItemPrefix="com.OriginalFiles.Piece.java" Implct="false" Intrnl_Id="1054">
<Cond/>
<LocList>
<Loc EndOffset="8698" SrcFileId="2" StartOffset="7213"/>
</LocList>
<StmntSeq Intrnl_Id="1055">
<LocList>
<Loc EndOffset="8687" SrcFileId="2" StartOffset="7228"/>
</LocList>
<CondStmnt CovItemId="S99" CovItemPrefix="com.OriginalFiles.Piece.java" Intrnl_Id="1056">
<Branch CovItemId="B53" CovItemPrefix="com.OriginalFiles.Piece.java" Implct="false" Intrnl_Id="1057">
<Cond/>
<LocList>
<Loc EndOffset="8687" SrcFileId="2" StartOffset="7346"/>
</LocList>
<StmntSeq Intrnl_Id="1058">
<LocList>
<Loc EndOffset="7378" SrcFileId="2" StartOffset="7365"/>
<Loc EndOffset="7470" SrcFileId="2" StartOffset="7396"/>
<Loc EndOffset="7511" SrcFileId="2" StartOffset="7488"/>
<Loc EndOffset="7710" SrcFileId="2" StartOffset="7529"/>
<Loc EndOffset="7880" SrcFileId="2" StartOffset="7728"/>
<Loc EndOffset="8050" SrcFileId="2" StartOffset="7898"/>
<Loc EndOffset="8632" SrcFileId="2" StartOffset="8070"/>
<Loc EndOffset="8672" SrcFileId="2" StartOffset="8650"/>
</LocList>
<BasicStmnt CovItemId="S100" CovItemPrefix="com.OriginalFiles.Piece.java" Intrnl_Id="1059">
<LocList>
<Loc EndOffset="7378" SrcFileId="2" StartOffset="7365"/>
</LocList>
</BasicStmnt>
<CondStmnt CovItemId="S101" CovItemPrefix="com.OriginalFiles.Piece.java" Intrnl_Id="1060">
<Branch CovItemId="B55" CovItemPrefix="com.OriginalFiles.Piece.java" Implct="false" Intrnl_Id="1061">
<Cond/>
<LocList>
<Loc EndOffset="7470" SrcFileId="2" StartOffset="7418"/>
</LocList>
<StmntSeq Intrnl_Id="1062">
<LocList>
<Loc EndOffset="7451" SrcFileId="2" StartOffset="7441"/>
</LocList>
<BasicStmnt CovItemId="S102" CovItemPrefix="com.OriginalFiles.Piece.java" Intrnl_Id="1063">
<LocList>
<Loc EndOffset="7451" SrcFileId="2" StartOffset="7441"/>
</LocList>
</BasicStmnt>
</StmntSeq>
</Branch>
<Branch CovItemId="B56" CovItemPrefix="com.OriginalFiles.Piece.java" Implct="true" Intrnl_Id="1064">
<Cond/>
<LocList/>
<StmntSeq Intrnl_Id="1065">
<LocList/>
</StmntSeq>
</Branch>
<Keyword EndOffset="7398" SrcFileId="2" StartOffset="7396"/>
<LocList>
<Loc EndOffset="7470" SrcFileId="2" StartOffset="7396"/>
</LocList>
<RootTerm CovItemId="C28" CovItemPrefix="com.OriginalFiles.Piece.java" Intrnl_Id="1066">
<BasicBoolTerm Intrnl_Id="1067">
<LocList>
<Loc EndOffset="7416" SrcFileId="2" StartOffset="7400"/>
</LocList>
</BasicBoolTerm>
</RootTerm>
</CondStmnt>
<BasicStmnt CovItemId="S103" CovItemPrefix="com.OriginalFiles.Piece.java" Intrnl_Id="1068">
<LocList>
<Loc EndOffset="7511" SrcFileId="2" StartOffset="7488"/>
</LocList>
</BasicStmnt>
<CondStmnt CovItemId="S104" CovItemPrefix="com.OriginalFiles.Piece.java" Intrnl_Id="1069">
<Branch CovItemId="B57" CovItemPrefix="com.OriginalFiles.Piece.java" Implct="false" Intrnl_Id="1070">
<Cond/>
<LocList>
<Loc EndOffset="7641" SrcFileId="2" StartOffset="7590"/>
</LocList>
<StmntSeq Intrnl_Id="1071">
<LocList>
<Loc EndOffset="7622" SrcFileId="2" StartOffset="7613"/>
</LocList>
<BasicStmnt CovItemId="S105" CovItemPrefix="com.OriginalFiles.Piece.java" Intrnl_Id="1072">
<LocList>
<Loc EndOffset="7622" SrcFileId="2" StartOffset="7613"/>
</LocList>
</BasicStmnt>
</StmntSeq>
</Branch>
<Branch CovItemId="B58" CovItemPrefix="com.OriginalFiles.Piece.java" Implct="false" Intrnl_Id="1073">
<Cond>
<Loc EndOffset="7646" SrcFileId="2" StartOffset="7642"/>
</Cond>
<LocList>
<Loc EndOffset="7710" SrcFileId="2" StartOffset="7647"/>
</LocList>
<StmntSeq Intrnl_Id="1074">
<LocList>
<Loc EndOffset="7691" SrcFileId="2" StartOffset="7670"/>
</LocList>
<BasicStmnt CovItemId="S106" CovItemPrefix="com.OriginalFiles.Piece.java" Intrnl_Id="1075">
<LocList>
<Loc EndOffset="7691" SrcFileId="2" StartOffset="7670"/>
</LocList>
</BasicStmnt>
</StmntSeq>
</Branch>
<Keyword EndOffset="7531" SrcFileId="2" StartOffset="7529"/>
<LocList>
<Loc EndOffset="7710" SrcFileId="2" StartOffset="7529"/>
</LocList>
<RootTerm CovItemId="C29" CovItemPrefix="com.OriginalFiles.Piece.java" Intrnl_Id="1076">
<BasicBoolTerm Intrnl_Id="1077">
<LocList>
<Loc EndOffset="7588" SrcFileId="2" StartOffset="7533"/>
</LocList>
</BasicBoolTerm>
</RootTerm>
</CondStmnt>
<CondStmnt CovItemId="S107" CovItemPrefix="com.OriginalFiles.Piece.java" Intrnl_Id="1078">
<Branch CovItemId="B59" CovItemPrefix="com.OriginalFiles.Piece.java" Implct="false" Intrnl_Id="1079">
<Cond/>
<LocList>
<Loc EndOffset="7880" SrcFileId="2" StartOffset="7817"/>
</LocList>
<StmntSeq Intrnl_Id="1080">
<LocList>
<Loc EndOffset="7861" SrcFileId="2" StartOffset="7840"/>
</LocList>
<BasicStmnt CovItemId="S108" CovItemPrefix="com.OriginalFiles.Piece.java" Intrnl_Id="1081">
<LocList>
<Loc EndOffset="7861" SrcFileId="2" StartOffset="7840"/>
</LocList>
</BasicStmnt>
</StmntSeq>
</Branch>
<Branch CovItemId="B60" CovItemPrefix="com.OriginalFiles.Piece.java" Implct="true" Intrnl_Id="1082">
<Cond/>
<LocList/>
<StmntSeq Intrnl_Id="1083">
<LocList/>
</StmntSeq>
</Branch>
<Keyword EndOffset="7730" SrcFileId="2" StartOffset="7728"/>
<LocList>
<Loc EndOffset="7880" SrcFileId="2" StartOffset="7728"/>
</LocList>
<RootTerm CovItemId="C30" CovItemPrefix="com.OriginalFiles.Piece.java" Intrnl_Id="1084">
<BasicBoolTerm Intrnl_Id="1085">
<LocList>
<Loc EndOffset="7815" SrcFileId="2" StartOffset="7732"/>
</LocList>
</BasicBoolTerm>
</RootTerm>
</CondStmnt>
<CondStmnt CovItemId="S109" CovItemPrefix="com.OriginalFiles.Piece.java" Intrnl_Id="1086">
<Branch CovItemId="B61" CovItemPrefix="com.OriginalFiles.Piece.java" Implct="false" Intrnl_Id="1087">
<Cond/>
<LocList>
<Loc EndOffset="8050" SrcFileId="2" StartOffset="7987"/>
</LocList>
<StmntSeq Intrnl_Id="1088">
<LocList>
<Loc EndOffset="8031" SrcFileId="2" StartOffset="8010"/>
</LocList>
<BasicStmnt CovItemId="S110" CovItemPrefix="com.OriginalFiles.Piece.java" Intrnl_Id="1089">
<LocList>
<Loc EndOffset="8031" SrcFileId="2" StartOffset="8010"/>
</LocList>
</BasicStmnt>
</StmntSeq>
</Branch>
<Branch CovItemId="B62" CovItemPrefix="com.OriginalFiles.Piece.java" Implct="true" Intrnl_Id="1090">
<Cond/>
<LocList/>
<StmntSeq Intrnl_Id="1091">
<LocList/>
</StmntSeq>
</Branch>
<Keyword EndOffset="7900" SrcFileId="2" StartOffset="7898"/>
<LocList>
<Loc EndOffset="8050" SrcFileId="2" StartOffset="7898"/>
</LocList>
<RootTerm CovItemId="C31" CovItemPrefix="com.OriginalFiles.Piece.java" Intrnl_Id="1092">
<BasicBoolTerm Intrnl_Id="1093">
<LocList>
<Loc EndOffset="7985" SrcFileId="2" StartOffset="7902"/>
</LocList>
</BasicBoolTerm>
</RootTerm>
</CondStmnt>
<CondStmnt CovItemId="S111" CovItemPrefix="com.OriginalFiles.Piece.java" Intrnl_Id="1094">
<Branch CovItemId="B63" CovItemPrefix="com.OriginalFiles.Piece.java" Implct="false" Intrnl_Id="1095">
<Cond/>
<LocList>
<Loc EndOffset="8563" SrcFileId="2" StartOffset="8171"/>
</LocList>
<StmntSeq Intrnl_Id="1096">
<LocList>
<Loc EndOffset="8358" SrcFileId="2" StartOffset="8194"/>
<Loc EndOffset="8544" SrcFileId="2" StartOffset="8380"/>
</LocList>
<CondStmnt CovItemId="S112" CovItemPrefix="com.OriginalFiles.Piece.java" Intrnl_Id="1097">
<Branch CovItemId="B65" CovItemPrefix="com.OriginalFiles.Piece.java" Implct="false" Intrnl_Id="1098">
<Cond/>
<LocList>
<Loc EndOffset="8358" SrcFileId="2" StartOffset="8287"/>
</LocList>
<StmntSeq Intrnl_Id="1099">
<LocList>
<Loc EndOffset="8335" SrcFileId="2" StartOffset="8314"/>
</LocList>
<BasicStmnt CovItemId="S113" CovItemPrefix="com.OriginalFiles.Piece.java" Intrnl_Id="1100">
<LocList>
<Loc EndOffset="8335" SrcFileId="2" StartOffset="8314"/>
</LocList>
</BasicStmnt>
</StmntSeq>
</Branch>
<Branch CovItemId="B66" CovItemPrefix="com.OriginalFiles.Piece.java" Implct="true" Intrnl_Id="1101">
<Cond/>
<LocList/>
<StmntSeq Intrnl_Id="1102">
<LocList/>
</StmntSeq>
</Branch>
<Keyword EndOffset="8196" SrcFileId="2" StartOffset="8194"/>
<LocList>
<Loc EndOffset="8358" SrcFileId="2" StartOffset="8194"/>
</LocList>
<RootTerm CovItemId="C33" CovItemPrefix="com.OriginalFiles.Piece.java" Intrnl_Id="1103">
<BasicBoolTerm Intrnl_Id="1104">
<LocList>
<Loc EndOffset="8285" SrcFileId="2" StartOffset="8198"/>
</LocList>
</BasicBoolTerm>
</RootTerm>
</CondStmnt>
<CondStmnt CovItemId="S114" CovItemPrefix="com.OriginalFiles.Piece.java" Intrnl_Id="1105">
<Branch CovItemId="B67" CovItemPrefix="com.OriginalFiles.Piece.java" Implct="false" Intrnl_Id="1106">
<Cond/>
<LocList>
<Loc EndOffset="8544" SrcFileId="2" StartOffset="8473"/>
</LocList>
<StmntSeq Intrnl_Id="1107">
<LocList>
<Loc EndOffset="8521" SrcFileId="2" StartOffset="8500"/>
</LocList>
<BasicStmnt CovItemId="S115" CovItemPrefix="com.OriginalFiles.Piece.java" Intrnl_Id="1108">
<LocList>
<Loc EndOffset="8521" SrcFileId="2" StartOffset="8500"/>
</LocList>
</BasicStmnt>
</StmntSeq>
</Branch>
<Branch CovItemId="B68" CovItemPrefix="com.OriginalFiles.Piece.java" Implct="true" Intrnl_Id="1109">
<Cond/>
<LocList/>
<StmntSeq Intrnl_Id="1110">
<LocList/>
</StmntSeq>
</Branch>
<Keyword EndOffset="8382" SrcFileId="2" StartOffset="8380"/>
<LocList>
<Loc EndOffset="8544" SrcFileId="2" StartOffset="8380"/>
</LocList>
<RootTerm CovItemId="C34" CovItemPrefix="com.OriginalFiles.Piece.java" Intrnl_Id="1111">
<BasicBoolTerm Intrnl_Id="1112">
<LocList>
<Loc EndOffset="8471" SrcFileId="2" StartOffset="8384"/>
</LocList>
</BasicBoolTerm>
</RootTerm>
</CondStmnt>
</StmntSeq>
</Branch>
<Branch CovItemId="B64" CovItemPrefix="com.OriginalFiles.Piece.java" Implct="false" Intrnl_Id="1113">
<Cond>
<Loc EndOffset="8568" SrcFileId="2" StartOffset="8564"/>
</Cond>
<LocList>
<Loc EndOffset="8632" SrcFileId="2" StartOffset="8569"/>
</LocList>
<StmntSeq Intrnl_Id="1114">
<LocList>
<Loc EndOffset="8613" SrcFileId="2" StartOffset="8592"/>
</LocList>
<BasicStmnt CovItemId="S116" CovItemPrefix="com.OriginalFiles.Piece.java" Intrnl_Id="1115">
<LocList>
<Loc EndOffset="8613" SrcFileId="2" StartOffset="8592"/>
</LocList>
</BasicStmnt>
</StmntSeq>
</Branch>
<Keyword EndOffset="8072" SrcFileId="2" StartOffset="8070"/>
<LocList>
<Loc EndOffset="8632" SrcFileId="2" StartOffset="8070"/>
</LocList>
<RootTerm CovItemId="C32" CovItemPrefix="com.OriginalFiles.Piece.java" Intrnl_Id="1116">
<BasicBoolTerm Intrnl_Id="1117">
<LocList>
<Loc EndOffset="8169" SrcFileId="2" StartOffset="8074"/>
</LocList>
</BasicBoolTerm>
</RootTerm>
</CondStmnt>
<BasicStmnt CovItemId="S117" CovItemPrefix="com.OriginalFiles.Piece.java" Intrnl_Id="1118">
<LocList>
<Loc EndOffset="8672" SrcFileId="2" StartOffset="8650"/>
</LocList>
</BasicStmnt>
</StmntSeq>
</Branch>
<Branch CovItemId="B54" CovItemPrefix="com.OriginalFiles.Piece.java" Implct="true" Intrnl_Id="1119">
<Cond/>
<LocList/>
<StmntSeq Intrnl_Id="1120">
<LocList/>
</StmntSeq>
</Branch>
<Keyword EndOffset="7230" SrcFileId="2" StartOffset="7228"/>
<LocList>
<Loc EndOffset="8687" SrcFileId="2" StartOffset="7228"/>
</LocList>
<RootTerm CovItemId="C27" CovItemPrefix="com.OriginalFiles.Piece.java" Intrnl_Id="1121">
<BasicBoolTerm Intrnl_Id="1122">
<LocList>
<Loc EndOffset="7344" SrcFileId="2" StartOffset="7232"/>
</LocList>
</BasicBoolTerm>
</RootTerm>
</CondStmnt>
</StmntSeq>
</Branch>
<Branch CovItemId="B52" CovItemPrefix="com.OriginalFiles.Piece.java" Implct="true" Intrnl_Id="1123">
<Cond/>
<LocList/>
<StmntSeq Intrnl_Id="1124">
<LocList/>
</StmntSeq>
</Branch>
<Keyword EndOffset="7164" SrcFileId="2" StartOffset="7162"/>
<LocList>
<Loc EndOffset="8698" SrcFileId="2" StartOffset="7162"/>
</LocList>
<RootTerm CovItemId="C26" CovItemPrefix="com.OriginalFiles.Piece.java" Intrnl_Id="1125">
<BasicBoolTerm Intrnl_Id="1126">
<LocList>
<Loc EndOffset="7211" SrcFileId="2" StartOffset="7166"/>
</LocList>
</BasicBoolTerm>
</RootTerm>
</CondStmnt>
<BasicStmnt CovItemId="S118" CovItemPrefix="com.OriginalFiles.Piece.java" Intrnl_Id="1127">
<LocList>
<Loc EndOffset="8717" SrcFileId="2" StartOffset="8708"/>
</LocList>
</BasicStmnt>
</StmntSeq>
</HierarchyLvl>
<HierarchyLvl HierarchyLvlId="1842" HierarchyLvlTypeId="14" Intrnl_Id="1128" Name="closestPiece">
<Header>
<Loc EndOffset="8758" SrcFileId="2" StartOffset="8732"/>
</Header>
<LocList>
<Loc EndOffset="9587" SrcFileId="2" StartOffset="8732"/>
</LocList>
<StmntSeq Intrnl_Id="1129">
<LocList>
<Loc EndOffset="8792" SrcFileId="2" StartOffset="8770"/>
<Loc EndOffset="8819" SrcFileId="2" StartOffset="8802"/>
<Loc EndOffset="9554" SrcFileId="2" StartOffset="8829"/>
<Loc EndOffset="9580" SrcFileId="2" StartOffset="9564"/>
</LocList>
<BasicStmnt CovItemId="S119" CovItemPrefix="com.OriginalFiles.Piece.java" Intrnl_Id="1130">
<LocList>
<Loc EndOffset="8792" SrcFileId="2" StartOffset="8770"/>
</LocList>
</BasicStmnt>
<BasicStmnt CovItemId="S120" CovItemPrefix="com.OriginalFiles.Piece.java" Intrnl_Id="1131">
<LocList>
<Loc EndOffset="8819" SrcFileId="2" StartOffset="8802"/>
</LocList>
</BasicStmnt>
<LoopStmnt CovItemId="S121" CovItemPrefix="com.OriginalFiles.Piece.java" Intrnl_Id="1132" MltplExecId="L1-2" MltplExecPrefix="com.OriginalFiles.Piece.java" NvrExecId="L1-0" NvrExecPrefix="com.OriginalFiles.Piece.java" OnceExecutedId="L1-1" OnceExecutedPrefix="com.OriginalFiles.Piece.java" OptBodyExec="true">
<StmntSeq Intrnl_Id="1133">
<LocList>
<Loc EndOffset="8889" SrcFileId="2" StartOffset="8875"/>
<Loc EndOffset="9543" SrcFileId="2" StartOffset="8903"/>
</LocList>
<BasicStmnt CovItemId="S122" CovItemPrefix="com.OriginalFiles.Piece.java" Intrnl_Id="1134">
<LocList>
<Loc EndOffset="8889" SrcFileId="2" StartOffset="8875"/>
</LocList>
</BasicStmnt>
<LoopStmnt CovItemId="S123" CovItemPrefix="com.OriginalFiles.Piece.java" Intrnl_Id="1135" MltplExecId="L2-2" MltplExecPrefix="com.OriginalFiles.Piece.java" NvrExecId="L2-0" NvrExecPrefix="com.OriginalFiles.Piece.java" OnceExecutedId="L2-1" OnceExecutedPrefix="com.OriginalFiles.Piece.java" OptBodyExec="true">
<StmntSeq Intrnl_Id="1136">
<LocList>
<Loc EndOffset="9528" SrcFileId="2" StartOffset="8980"/>
</LocList>
<LoopStmnt CovItemId="S124" CovItemPrefix="com.OriginalFiles.Piece.java" Intrnl_Id="1137" MltplExecId="L3-2" MltplExecPrefix="com.OriginalFiles.Piece.java" NvrExecId="L3-0" NvrExecPrefix="com.OriginalFiles.Piece.java" OnceExecutedId="L3-1" OnceExecutedPrefix="com.OriginalFiles.Piece.java" OptBodyExec="true">
<StmntSeq Intrnl_Id="1138">
<LocList>
<Loc EndOffset="9509" SrcFileId="2" StartOffset="9050"/>
</LocList>
<CondStmnt CovItemId="S125" CovItemPrefix="com.OriginalFiles.Piece.java" Intrnl_Id="1139">
<Branch CovItemId="B69" CovItemPrefix="com.OriginalFiles.Piece.java" Implct="false" Intrnl_Id="1140">
<Cond/>
<LocList>
<Loc EndOffset="9509" SrcFileId="2" StartOffset="9125"/>
</LocList>
<StmntSeq Intrnl_Id="1141">
<LocList>
<Loc EndOffset="9486" SrcFileId="2" StartOffset="9152"/>
</LocList>
<CondStmnt CovItemId="S126" CovItemPrefix="com.OriginalFiles.Piece.java" Intrnl_Id="1142">
<Branch CovItemId="B71" CovItemPrefix="com.OriginalFiles.Piece.java" Implct="false" Intrnl_Id="1143">
<Cond/>
<LocList>
<Loc EndOffset="9486" SrcFileId="2" StartOffset="9369"/>
</LocList>
<StmntSeq Intrnl_Id="1144">
<LocList>
<Loc EndOffset="9413" SrcFileId="2" StartOffset="9400"/>
<Loc EndOffset="9459" SrcFileId="2" StartOffset="9443"/>
</LocList>
<BasicStmnt CovItemId="S127" CovItemPrefix="com.OriginalFiles.Piece.java" Intrnl_Id="1145">
<LocList>
<Loc EndOffset="9413" SrcFileId="2" StartOffset="9400"/>
</LocList>
</BasicStmnt>
<BasicStmnt CovItemId="S128" CovItemPrefix="com.OriginalFiles.Piece.java" Intrnl_Id="1146">
<LocList>
<Loc EndOffset="9459" SrcFileId="2" StartOffset="9443"/>
</LocList>
</BasicStmnt>
</StmntSeq>
</Branch>
<Branch CovItemId="B72" CovItemPrefix="com.OriginalFiles.Piece.java" Implct="true" Intrnl_Id="1147">
<Cond/>
<LocList/>
<StmntSeq Intrnl_Id="1148">
<LocList/>
</StmntSeq>
</Branch>
<Keyword EndOffset="9154" SrcFileId="2" StartOffset="9152"/>
<LocList>
<Loc EndOffset="9486" SrcFileId="2" StartOffset="9152"/>
</LocList>
<RootTerm CovItemId="C39" CovItemPrefix="com.OriginalFiles.Piece.java" Intrnl_Id="1149">
<BasicBoolTerm Intrnl_Id="1150">
<LocList>
<Loc EndOffset="9367" SrcFileId="2" StartOffset="9156"/>
</LocList>
</BasicBoolTerm>
</RootTerm>
</CondStmnt>
</StmntSeq>
</Branch>
<Branch CovItemId="B70" CovItemPrefix="com.OriginalFiles.Piece.java" Implct="true" Intrnl_Id="1151">
<Cond/>
<LocList/>
<StmntSeq Intrnl_Id="1152">
<LocList/>
</StmntSeq>
</Branch>
<Keyword EndOffset="9052" SrcFileId="2" StartOffset="9050"/>
<LocList>
<Loc EndOffset="9509" SrcFileId="2" StartOffset="9050"/>
</LocList>
<RootTerm CovItemId="C38" CovItemPrefix="com.OriginalFiles.Piece.java" Intrnl_Id="1153">
<BasicBoolTerm Intrnl_Id="1154">
<LocList>
<Loc EndOffset="9123" SrcFileId="2" StartOffset="9054"/>
</LocList>
</BasicBoolTerm>
</RootTerm>
</CondStmnt>
</StmntSeq>
<Keyword EndOffset="8983" SrcFileId="2" StartOffset="8980"/>
<LocList>
<Loc EndOffset="9528" SrcFileId="2" StartOffset="8980"/>
</LocList>
<RootTerm CovItemId="C37" CovItemPrefix="com.OriginalFiles.Piece.java" Intrnl_Id="1155">
<BasicBoolTerm Intrnl_Id="1156">
<LocList>
<Loc EndOffset="9020" SrcFileId="2" StartOffset="9004"/>
</LocList>
</BasicBoolTerm>
</RootTerm>
</LoopStmnt>
</StmntSeq>
<Keyword EndOffset="8917" SrcFileId="2" StartOffset="8914"/>
<LocList>
<Loc EndOffset="9543" SrcFileId="2" StartOffset="8903"/>
</LocList>
<RootTerm CovItemId="C36" CovItemPrefix="com.OriginalFiles.Piece.java" Intrnl_Id="1157">
<BasicBoolTerm Intrnl_Id="1158">
<LocList>
<Loc EndOffset="8954" SrcFileId="2" StartOffset="8938"/>
</LocList>
</BasicBoolTerm>
</RootTerm>
</LoopStmnt>
</StmntSeq>
<Keyword EndOffset="8834" SrcFileId="2" StartOffset="8829"/>
<LocList>
<Loc EndOffset="9554" SrcFileId="2" StartOffset="8829"/>
</LocList>
<RootTerm CovItemId="C35" CovItemPrefix="com.OriginalFiles.Piece.java" Intrnl_Id="1159">
<OpTerm BooleanOpId="10" Intrnl_Id="1160">
<OpTerm BooleanOpId="9" Intrnl_Id="1161">
<BasicBoolTerm Intrnl_Id="1162">
<LocList>
<Loc EndOffset="8842" SrcFileId="2" StartOffset="8837"/>
</LocList>
</BasicBoolTerm>
<LocList>
<Loc EndOffset="8837" SrcFileId="2" StartOffset="8836"/>
</LocList>
</OpTerm>
<BasicBoolTerm Intrnl_Id="1163">
<LocList>
<Loc EndOffset="8858" SrcFileId="2" StartOffset="8846"/>
</LocList>
</BasicBoolTerm>
<LocList>
<Loc EndOffset="8845" SrcFileId="2" StartOffset="8843"/>
</LocList>
</OpTerm>
</RootTerm>
</LoopStmnt>
<BasicStmnt CovItemId="S129" CovItemPrefix="com.OriginalFiles.Piece.java" Intrnl_Id="1164">
<LocList>
<Loc EndOffset="9580" SrcFileId="2" StartOffset="9564"/>
</LocList>
</BasicStmnt>
</StmntSeq>
</HierarchyLvl>
</HierarchyLvl>
<HierarchyLvl HierarchyLvlId="1849" HierarchyLvlTypeId="13" Intrnl_Id="1165" Name="Move">
<Header>
<Loc EndOffset="102" SrcFileId="3" StartOffset="85"/>
</Header>
<LocList>
<Loc EndOffset="1195" SrcFileId="3" StartOffset="85"/>
</LocList>
<StmntSeq Intrnl_Id="1166">
<LocList>
<Loc EndOffset="227" SrcFileId="3" StartOffset="171"/>
<Loc EndOffset="270" SrcFileId="3" StartOffset="233"/>
</LocList>
<BasicStmnt CovItemId="S1" CovItemPrefix="com.OriginalFiles.Move.java" Intrnl_Id="1167">
<LocList>
<Loc EndOffset="227" SrcFileId="3" StartOffset="171"/>
</LocList>
</BasicStmnt>
<BasicStmnt CovItemId="S2" CovItemPrefix="com.OriginalFiles.Move.java" Intrnl_Id="1168">
<LocList>
<Loc EndOffset="270" SrcFileId="3" StartOffset="233"/>
</LocList>
</BasicStmnt>
</StmntSeq>
<HierarchyLvl HierarchyLvlId="1844" HierarchyLvlTypeId="14" Intrnl_Id="1169" Name="Move">
<Header>
<Loc EndOffset="336" SrcFileId="3" StartOffset="278"/>
</Header>
<LocList>
<Loc EndOffset="544" SrcFileId="3" StartOffset="278"/>
</LocList>
<StmntSeq Intrnl_Id="1170">
<LocList>
<Loc EndOffset="396" SrcFileId="3" StartOffset="348"/>
<Loc EndOffset="431" SrcFileId="3" StartOffset="406"/>
<Loc EndOffset="464" SrcFileId="3" StartOffset="441"/>
<Loc EndOffset="498" SrcFileId="3" StartOffset="474"/>
<Loc EndOffset="537" SrcFileId="3" StartOffset="508"/>
</LocList>
<BasicStmnt CovItemId="S3" CovItemPrefix="com.OriginalFiles.Move.java" Intrnl_Id="1171">
<LocList>
<Loc EndOffset="396" SrcFileId="3" StartOffset="348"/>
</LocList>
</BasicStmnt>
<BasicStmnt CovItemId="S4" CovItemPrefix="com.OriginalFiles.Move.java" Intrnl_Id="1172">
<LocList>
<Loc EndOffset="431" SrcFileId="3" StartOffset="406"/>
</LocList>
</BasicStmnt>
<BasicStmnt CovItemId="S5" CovItemPrefix="com.OriginalFiles.Move.java" Intrnl_Id="1173">
<LocList>
<Loc EndOffset="464" SrcFileId="3" StartOffset="441"/>
</LocList>
</BasicStmnt>
<BasicStmnt CovItemId="S6" CovItemPrefix="com.OriginalFiles.Move.java" Intrnl_Id="1174">
<LocList>
<Loc EndOffset="498" SrcFileId="3" StartOffset="474"/>
</LocList>
</BasicStmnt>
<BasicStmnt CovItemId="S7" CovItemPrefix="com.OriginalFiles.Move.java" Intrnl_Id="1175">
<LocList>
<Loc EndOffset="537" SrcFileId="3" StartOffset="508"/>
</LocList>
</BasicStmnt>
</StmntSeq>
</HierarchyLvl>
<HierarchyLvl HierarchyLvlId="1845" HierarchyLvlTypeId="14" Intrnl_Id="1176" Name="Move">
<Header>
<Loc EndOffset="604" SrcFileId="3" StartOffset="552"/>
</Header>
<LocList>
<Loc EndOffset="686" SrcFileId="3" StartOffset="552"/>
</LocList>
<StmntSeq Intrnl_Id="1177">
<LocList>
<Loc EndOffset="640" SrcFileId="3" StartOffset="616"/>
<Loc EndOffset="679" SrcFileId="3" StartOffset="650"/>
</LocList>
<BasicStmnt CovItemId="S8" CovItemPrefix="com.OriginalFiles.Move.java" Intrnl_Id="1178">
<LocList>
<Loc EndOffset="640" SrcFileId="3" StartOffset="616"/>
</LocList>
</BasicStmnt>
<BasicStmnt CovItemId="S9" CovItemPrefix="com.OriginalFiles.Move.java" Intrnl_Id="1179">
<LocList>
<Loc EndOffset="679" SrcFileId="3" StartOffset="650"/>
</LocList>
</BasicStmnt>
</StmntSeq>
</HierarchyLvl>
<HierarchyLvl HierarchyLvlId="1846" HierarchyLvlTypeId="14" Intrnl_Id="1180" Name="Move">
<Header>
<Loc EndOffset="707" SrcFileId="3" StartOffset="694"/>
</Header>
<LocList>
<Loc EndOffset="808" SrcFileId="3" StartOffset="694"/>
</LocList>
<StmntSeq Intrnl_Id="1181">
<LocList>
<Loc EndOffset="767" SrcFileId="3" StartOffset="719"/>
<Loc EndOffset="801" SrcFileId="3" StartOffset="777"/>
</LocList>
<BasicStmnt CovItemId="S10" CovItemPrefix="com.OriginalFiles.Move.java" Intrnl_Id="1182">
<LocList>
<Loc EndOffset="767" SrcFileId="3" StartOffset="719"/>
</LocList>
</BasicStmnt>
<BasicStmnt CovItemId="S11" CovItemPrefix="com.OriginalFiles.Move.java" Intrnl_Id="1183">
<LocList>
<Loc EndOffset="801" SrcFileId="3" StartOffset="777"/>
</LocList>
</BasicStmnt>
</StmntSeq>
</HierarchyLvl>
<HierarchyLvl HierarchyLvlId="1847" HierarchyLvlTypeId="14" Intrnl_Id="1184" Name="isJump">
<Header>
<Loc EndOffset="845" SrcFileId="3" StartOffset="816"/>
</Header>
<LocList>
<Loc EndOffset="1107" SrcFileId="3" StartOffset="816"/>
</LocList>
<StmntSeq Intrnl_Id="1185">
<LocList>
<Loc EndOffset="1100" SrcFileId="3" StartOffset="857"/>
</LocList>
<CondStmnt CovItemId="S12" CovItemPrefix="com.OriginalFiles.Move.java" Intrnl_Id="1186">
<Branch CovItemId="B1" CovItemPrefix="com.OriginalFiles.Move.java" Implct="false" Intrnl_Id="1187">
<Cond/>
<LocList>
<Loc EndOffset="1055" SrcFileId="3" StartOffset="880"/>
</LocList>
<StmntSeq Intrnl_Id="1188">
<LocList>
<Loc EndOffset="919" SrcFileId="3" StartOffset="895"/>
<Loc EndOffset="960" SrcFileId="3" StartOffset="933"/>
<Loc EndOffset="1044" SrcFileId="3" StartOffset="976"/>
</LocList>
<BasicStmnt CovItemId="S13" CovItemPrefix="com.OriginalFiles.Move.java" Intrnl_Id="1189">
<LocList>
<Loc EndOffset="919" SrcFileId="3" StartOffset="895"/>
</LocList>
</BasicStmnt>
<BasicStmnt CovItemId="S14" CovItemPrefix="com.OriginalFiles.Move.java" Intrnl_Id="1190">
<LocList>
<Loc EndOffset="960" SrcFileId="3" StartOffset="933"/>
</LocList>
</BasicStmnt>
<BasicStmnt CovItemId="S15" CovItemPrefix="com.OriginalFiles.Move.java" Intrnl_Id="1191">
<LocList>
<Loc EndOffset="1044" SrcFileId="3" StartOffset="976"/>
</LocList>
</BasicStmnt>
</StmntSeq>
</Branch>
<Branch CovItemId="B2" CovItemPrefix="com.OriginalFiles.Move.java" Implct="false" Intrnl_Id="1192">
<Cond>
<Loc EndOffset="1060" SrcFileId="3" StartOffset="1056"/>
</Cond>
<LocList>
<Loc EndOffset="1100" SrcFileId="3" StartOffset="1061"/>
</LocList>
<StmntSeq Intrnl_Id="1193">
<LocList>
<Loc EndOffset="1089" SrcFileId="3" StartOffset="1076"/>
</LocList>
<BasicStmnt CovItemId="S16" CovItemPrefix="com.OriginalFiles.Move.java" Intrnl_Id="1194">
<LocList>
<Loc EndOffset="1089" SrcFileId="3" StartOffset="1076"/>
</LocList>
</BasicStmnt>
</StmntSeq>
</Branch>
<Keyword EndOffset="859" SrcFileId="3" StartOffset="857"/>
<LocList>
<Loc EndOffset="1100" SrcFileId="3" StartOffset="857"/>
</LocList>
<RootTerm CovItemId="C1" CovItemPrefix="com.OriginalFiles.Move.java" Intrnl_Id="1195">
<BasicBoolTerm Intrnl_Id="1196">
<LocList>
<Loc EndOffset="878" SrcFileId="3" StartOffset="861"/>
</LocList>
</BasicBoolTerm>
</RootTerm>
</CondStmnt>
</StmntSeq>
</HierarchyLvl>
<HierarchyLvl HierarchyLvlId="1848" HierarchyLvlTypeId="14" Intrnl_Id="1197" Name="addStep">
<Header>
<Loc EndOffset="1152" SrcFileId="3" StartOffset="1115"/>
</Header>
<LocList>
<Loc EndOffset="1192" SrcFileId="3" StartOffset="1115"/>
</LocList>
<StmntSeq Intrnl_Id="1198">
<LocList>
<Loc EndOffset="1185" SrcFileId="3" StartOffset="1164"/>
</LocList>
<BasicStmnt CovItemId="S17" CovItemPrefix="com.OriginalFiles.Move.java" Intrnl_Id="1199">
<LocList>
<Loc EndOffset="1185" SrcFileId="3" StartOffset="1164"/>
</LocList>
</BasicStmnt>
</StmntSeq>
</HierarchyLvl>
</HierarchyLvl>
<HierarchyLvl HierarchyLvlId="1860" HierarchyLvlTypeId="13" Intrnl_Id="1200" Name="MI">
<Header>
<Loc EndOffset="167" SrcFileId="4" StartOffset="152"/>
</Header>
<LocList>
<Loc EndOffset="11486" SrcFileId="4" StartOffset="152"/>
</LocList>
<StmntSeq Intrnl_Id="1201">
<LocList>
<Loc EndOffset="253" SrcFileId="4" StartOffset="217"/>
<Loc EndOffset="317" SrcFileId="4" StartOffset="259"/>
<Loc EndOffset="525" SrcFileId="4" StartOffset="490"/>
<Loc EndOffset="566" SrcFileId="4" StartOffset="531"/>
<Loc EndOffset="606" SrcFileId="4" StartOffset="574"/>
<Loc EndOffset="644" SrcFileId="4" StartOffset="612"/>
<Loc EndOffset="683" SrcFileId="4" StartOffset="650"/>
<Loc EndOffset="1046" SrcFileId="4" StartOffset="999"/>
<Loc EndOffset="1099" SrcFileId="4" StartOffset="1052"/>
</LocList>
<BasicStmnt CovItemId="S1" CovItemPrefix="com.OriginalFiles.MI.java" Intrnl_Id="1202">
<LocList>
<Loc EndOffset="253" SrcFileId="4" StartOffset="217"/>
</LocList>
</BasicStmnt>
<BasicStmnt CovItemId="S2" CovItemPrefix="com.OriginalFiles.MI.java" Intrnl_Id="1203">
<LocList>
<Loc EndOffset="317" SrcFileId="4" StartOffset="259"/>
</LocList>
</BasicStmnt>
<BasicStmnt CovItemId="S3" CovItemPrefix="com.OriginalFiles.MI.java" Intrnl_Id="1204">
<LocList>
<Loc EndOffset="525" SrcFileId="4" StartOffset="490"/>
</LocList>
</BasicStmnt>
<BasicStmnt CovItemId="S4" CovItemPrefix="com.OriginalFiles.MI.java" Intrnl_Id="1205">
<LocList>
<Loc EndOffset="566" SrcFileId="4" StartOffset="531"/>
</LocList>
</BasicStmnt>
<BasicStmnt CovItemId="S5" CovItemPrefix="com.OriginalFiles.MI.java" Intrnl_Id="1206">
<LocList>
<Loc EndOffset="606" SrcFileId="4" StartOffset="574"/>
</LocList>
</BasicStmnt>
<BasicStmnt CovItemId="S6" CovItemPrefix="com.OriginalFiles.MI.java" Intrnl_Id="1207">
<LocList>
<Loc EndOffset="644" SrcFileId="4" StartOffset="612"/>
</LocList>
</BasicStmnt>
<BasicStmnt CovItemId="S7" CovItemPrefix="com.OriginalFiles.MI.java" Intrnl_Id="1208">
<LocList>
<Loc EndOffset="683" SrcFileId="4" StartOffset="650"/>
</LocList>
</BasicStmnt>
<BasicStmnt CovItemId="S14" CovItemPrefix="com.OriginalFiles.MI.java" Intrnl_Id="1209">
<LocList>
<Loc EndOffset="1046" SrcFileId="4" StartOffset="999"/>
</LocList>
</BasicStmnt>
<BasicStmnt CovItemId="S15" CovItemPrefix="com.OriginalFiles.MI.java" Intrnl_Id="1210">
<LocList>
<Loc EndOffset="1099" SrcFileId="4" StartOffset="1052"/>
</LocList>
</BasicStmnt>
</StmntSeq>
<HierarchyLvl HierarchyLvlId="1850" HierarchyLvlTypeId="14" Intrnl_Id="1211" Name="MI">
<Header>
<Loc EndOffset="779" SrcFileId="4" StartOffset="691"/>
</Header>
<LocList>
<Loc EndOffset="991" SrcFileId="4" StartOffset="691"/>
</LocList>
<StmntSeq Intrnl_Id="1212">
<LocList>
<Loc EndOffset="818" SrcFileId="4" StartOffset="791"/>
<Loc EndOffset="856" SrcFileId="4" StartOffset="828"/>
<Loc EndOffset="884" SrcFileId="4" StartOffset="866"/>
<Loc EndOffset="984" SrcFileId="4" StartOffset="894"/>
</LocList>
<BasicStmnt CovItemId="S8" CovItemPrefix="com.OriginalFiles.MI.java" Intrnl_Id="1213">
<LocList>
<Loc EndOffset="818" SrcFileId="4" StartOffset="791"/>
</LocList>
</BasicStmnt>
<BasicStmnt CovItemId="S9" CovItemPrefix="com.OriginalFiles.MI.java" Intrnl_Id="1214">
<LocList>
<Loc EndOffset="856" SrcFileId="4" StartOffset="828"/>
</LocList>
</BasicStmnt>
<BasicStmnt CovItemId="S10" CovItemPrefix="com.OriginalFiles.MI.java" Intrnl_Id="1215">
<LocList>
<Loc EndOffset="884" SrcFileId="4" StartOffset="866"/>
</LocList>
</BasicStmnt>
<CondStmnt CovItemId="S11" CovItemPrefix="com.OriginalFiles.MI.java" Intrnl_Id="1216">
<Branch CovItemId="B1" CovItemPrefix="com.OriginalFiles.MI.java" Implct="false" Intrnl_Id="1217">
<Cond/>
<LocList>
<Loc EndOffset="942" SrcFileId="4" StartOffset="907"/>
</LocList>
<StmntSeq Intrnl_Id="1218">
<LocList>
<Loc EndOffset="931" SrcFileId="4" StartOffset="922"/>
</LocList>
<BasicStmnt CovItemId="S12" CovItemPrefix="com.OriginalFiles.MI.java" Intrnl_Id="1219">
<LocList>
<Loc EndOffset="931" SrcFileId="4" StartOffset="922"/>
</LocList>
</BasicStmnt>
</StmntSeq>
</Branch>
<Branch CovItemId="B2" CovItemPrefix="com.OriginalFiles.MI.java" Implct="false" Intrnl_Id="1220">
<Cond>
<Loc EndOffset="947" SrcFileId="4" StartOffset="943"/>
</Cond>
<LocList>
<Loc EndOffset="984" SrcFileId="4" StartOffset="948"/>
</LocList>
<StmntSeq Intrnl_Id="1221">
<LocList>
<Loc EndOffset="973" SrcFileId="4" StartOffset="963"/>
</LocList>
<BasicStmnt CovItemId="S13" CovItemPrefix="com.OriginalFiles.MI.java" Intrnl_Id="1222">
<LocList>
<Loc EndOffset="973" SrcFileId="4" StartOffset="963"/>
</LocList>
</BasicStmnt>
</StmntSeq>
</Branch>
<Keyword EndOffset="896" SrcFileId="4" StartOffset="894"/>
<LocList>
<Loc EndOffset="984" SrcFileId="4" StartOffset="894"/>
</LocList>
<RootTerm CovItemId="C1" CovItemPrefix="com.OriginalFiles.MI.java" Intrnl_Id="1223">
<BasicBoolTerm Intrnl_Id="1224">
<LocList>
<Loc EndOffset="905" SrcFileId="4" StartOffset="898"/>
</LocList>
</BasicBoolTerm>
</RootTerm>
</CondStmnt>
</StmntSeq>
</HierarchyLvl>
<HierarchyLvl HierarchyLvlId="1851" HierarchyLvlTypeId="14" Intrnl_Id="1225" Name="updatePieceList">
<Header>
<Loc EndOffset="1137" SrcFileId="4" StartOffset="1107"/>
</Header>
<LocList>
<Loc EndOffset="1629" SrcFileId="4" StartOffset="1107"/>
</LocList>
<StmntSeq Intrnl_Id="1226">
<LocList>
<Loc EndOffset="1167" SrcFileId="4" StartOffset="1149"/>
<Loc EndOffset="1195" SrcFileId="4" StartOffset="1177"/>
<Loc EndOffset="1622" SrcFileId="4" StartOffset="1205"/>
</LocList>
<BasicStmnt CovItemId="S16" CovItemPrefix="com.OriginalFiles.MI.java" Intrnl_Id="1227">
<LocList>
<Loc EndOffset="1167" SrcFileId="4" StartOffset="1149"/>
</LocList>
</BasicStmnt>
<BasicStmnt CovItemId="S17" CovItemPrefix="com.OriginalFiles.MI.java" Intrnl_Id="1228">
<LocList>
<Loc EndOffset="1195" SrcFileId="4" StartOffset="1177"/>
</LocList>
</BasicStmnt>
<LoopStmnt CovItemId="S18" CovItemPrefix="com.OriginalFiles.MI.java" Intrnl_Id="1229" MltplExecId="L1-2" MltplExecPrefix="com.OriginalFiles.MI.java" NvrExecId="L1-0" NvrExecPrefix="com.OriginalFiles.MI.java" OnceExecutedId="L1-1" OnceExecutedPrefix="com.OriginalFiles.MI.java" OptBodyExec="true">
<StmntSeq Intrnl_Id="1230">
<LocList>
<Loc EndOffset="1611" SrcFileId="4" StartOffset="1269"/>
</LocList>
<LoopStmnt CovItemId="S19" CovItemPrefix="com.OriginalFiles.MI.java" Intrnl_Id="1231" MltplExecId="L2-2" MltplExecPrefix="com.OriginalFiles.MI.java" NvrExecId="L2-0" NvrExecPrefix="com.OriginalFiles.MI.java" OnceExecutedId="L2-1" OnceExecutedPrefix="com.OriginalFiles.MI.java" OptBodyExec="true">
<StmntSeq Intrnl_Id="1232">
<LocList>
<Loc EndOffset="1596" SrcFileId="4" StartOffset="1305"/>
</LocList>
<CondStmnt CovItemId="S20" CovItemPrefix="com.OriginalFiles.MI.java" Intrnl_Id="1233">
<Branch CovItemId="B3" CovItemPrefix="com.OriginalFiles.MI.java" Implct="false" Intrnl_Id="1234">
<Cond/>
<LocList>
<Loc EndOffset="1596" SrcFileId="4" StartOffset="1323"/>
</LocList>
<StmntSeq Intrnl_Id="1235">
<LocList>
<Loc EndOffset="1577" SrcFileId="4" StartOffset="1346"/>
</LocList>
<CondStmnt CovItemId="S21" CovItemPrefix="com.OriginalFiles.MI.java" Intrnl_Id="1236">
<Branch CovItemId="B5" CovItemPrefix="com.OriginalFiles.MI.java" Implct="false" Intrnl_Id="1237">
<Cond/>
<LocList>
<Loc EndOffset="1486" SrcFileId="4" StartOffset="1401"/>
</LocList>
<StmntSeq Intrnl_Id="1238">
<LocList>
<Loc EndOffset="1463" SrcFileId="4" StartOffset="1428"/>
</LocList>
<BasicStmnt CovItemId="S22" CovItemPrefix="com.OriginalFiles.MI.java" Intrnl_Id="1239">
<LocList>
<Loc EndOffset="1463" SrcFileId="4" StartOffset="1428"/>
</LocList>
</BasicStmnt>
</StmntSeq>
</Branch>
<Branch CovItemId="B6" CovItemPrefix="com.OriginalFiles.MI.java" Implct="false" Intrnl_Id="1240">
<Cond>
<Loc EndOffset="1491" SrcFileId="4" StartOffset="1487"/>
</Cond>
<LocList>
<Loc EndOffset="1577" SrcFileId="4" StartOffset="1492"/>
</LocList>
<StmntSeq Intrnl_Id="1241">
<LocList>
<Loc EndOffset="1554" SrcFileId="4" StartOffset="1519"/>
</LocList>
<BasicStmnt CovItemId="S23" CovItemPrefix="com.OriginalFiles.MI.java" Intrnl_Id="1242">
<LocList>
<Loc EndOffset="1554" SrcFileId="4" StartOffset="1519"/>
</LocList>
</BasicStmnt>
</StmntSeq>
</Branch>
<Keyword EndOffset="1348" SrcFileId="4" StartOffset="1346"/>
<LocList>
<Loc EndOffset="1577" SrcFileId="4" StartOffset="1346"/>
</LocList>
<RootTerm CovItemId="C3" CovItemPrefix="com.OriginalFiles.MI.java" Intrnl_Id="1243">
<BasicBoolTerm Intrnl_Id="1244">
<LocList>
<Loc EndOffset="1399" SrcFileId="4" StartOffset="1350"/>
</LocList>
</BasicBoolTerm>
</RootTerm>
</CondStmnt>
</StmntSeq>
</Branch>
<Branch CovItemId="B4" CovItemPrefix="com.OriginalFiles.MI.java" Implct="true" Intrnl_Id="1245">
<Cond/>
<LocList/>
<StmntSeq Intrnl_Id="1246">
<LocList/>
</StmntSeq>
</Branch>
<Keyword EndOffset="1307" SrcFileId="4" StartOffset="1305"/>
<LocList>
<Loc EndOffset="1596" SrcFileId="4" StartOffset="1305"/>
</LocList>
<RootTerm CovItemId="C2" CovItemPrefix="com.OriginalFiles.MI.java" Intrnl_Id="1247">
<OpTerm BooleanOpId="9" Intrnl_Id="1248">
<BasicBoolTerm Intrnl_Id="1249">
<LocList>
<Loc EndOffset="1321" SrcFileId="4" StartOffset="1310"/>
</LocList>
</BasicBoolTerm>
<LocList>
<Loc EndOffset="1310" SrcFileId="4" StartOffset="1309"/>
</LocList>
</OpTerm>
</RootTerm>
</CondStmnt>
</StmntSeq>
<Keyword EndOffset="1272" SrcFileId="4" StartOffset="1269"/>
<LocList>
<Loc EndOffset="1611" SrcFileId="4" StartOffset="1269"/>
</LocList>
</LoopStmnt>
</StmntSeq>
<Keyword EndOffset="1208" SrcFileId="4" StartOffset="1205"/>
<LocList>
<Loc EndOffset="1622" SrcFileId="4" StartOffset="1205"/>
</LocList>
</LoopStmnt>
</StmntSeq>
</HierarchyLvl>
<HierarchyLvl HierarchyLvlId="1852" HierarchyLvlTypeId="14" Intrnl_Id="1250" Name="lookForBestMove">
<Header>
<Loc EndOffset="1868" SrcFileId="4" StartOffset="1738"/>
</Header>
<LocList>
<Loc EndOffset="2672" SrcFileId="4" StartOffset="1738"/>
</LocList>
<StmntSeq Intrnl_Id="1251">
<LocList>
<Loc EndOffset="1898" SrcFileId="4" StartOffset="1880"/>
<Loc EndOffset="1950" SrcFileId="4" StartOffset="1908"/>
<Loc EndOffset="2005" SrcFileId="4" StartOffset="1960"/>
<Loc EndOffset="2035" SrcFileId="4" StartOffset="2015"/>
<Loc EndOffset="2149" SrcFileId="4" StartOffset="2074"/>
<Loc EndOffset="2586" SrcFileId="4" StartOffset="2161"/>
<Loc EndOffset="2665" SrcFileId="4" StartOffset="2596"/>
</LocList>
<BasicStmnt CovItemId="S24" CovItemPrefix="com.OriginalFiles.MI.java" Intrnl_Id="1252">
<LocList>
<Loc EndOffset="1898" SrcFileId="4" StartOffset="1880"/>
</LocList>
</BasicStmnt>
<BasicStmnt CovItemId="S25" CovItemPrefix="com.OriginalFiles.MI.java" Intrnl_Id="1253">
<LocList>
<Loc EndOffset="1950" SrcFileId="4" StartOffset="1908"/>
</LocList>
</BasicStmnt>
<BasicStmnt CovItemId="S26" CovItemPrefix="com.OriginalFiles.MI.java" Intrnl_Id="1254">
<LocList>
<Loc EndOffset="2005" SrcFileId="4" StartOffset="1960"/>
</LocList>
</BasicStmnt>
<BasicStmnt CovItemId="S27" CovItemPrefix="com.OriginalFiles.MI.java" Intrnl_Id="1255">
<LocList>
<Loc EndOffset="2035" SrcFileId="4" StartOffset="2015"/>
</LocList>
</BasicStmnt>
<CondStmnt CovItemId="S28" CovItemPrefix="com.OriginalFiles.MI.java" Intrnl_Id="1256">
<Branch CovItemId="B7" CovItemPrefix="com.OriginalFiles.MI.java" Implct="false" Intrnl_Id="1257">
<Cond/>
<LocList>
<Loc EndOffset="2149" SrcFileId="4" StartOffset="2100"/>
</LocList>
<StmntSeq Intrnl_Id="1258">
<LocList>
<Loc EndOffset="2138" SrcFileId="4" StartOffset="2115"/>
</LocList>
<BasicStmnt CovItemId="S29" CovItemPrefix="com.OriginalFiles.MI.java" Intrnl_Id="1259">
<LocList>
<Loc EndOffset="2138" SrcFileId="4" StartOffset="2115"/>
</LocList>
</BasicStmnt>
</StmntSeq>
</Branch>
<Branch CovItemId="B8" CovItemPrefix="com.OriginalFiles.MI.java" Implct="true" Intrnl_Id="1260">
<Cond/>
<LocList/>
<StmntSeq Intrnl_Id="1261">
<LocList/>
</StmntSeq>
</Branch>
<Keyword EndOffset="2076" SrcFileId="4" StartOffset="2074"/>
<LocList>
<Loc EndOffset="2149" SrcFileId="4" StartOffset="2074"/>
</LocList>
<RootTerm CovItemId="C4" CovItemPrefix="com.OriginalFiles.MI.java" Intrnl_Id="1262">
<BasicBoolTerm Intrnl_Id="1263">
<LocList>
<Loc EndOffset="2098" SrcFileId="4" StartOffset="2078"/>
</LocList>
</BasicBoolTerm>
</RootTerm>
</CondStmnt>
<LoopStmnt CovItemId="S30" CovItemPrefix="com.OriginalFiles.MI.java" Intrnl_Id="1264" MltplExecId="L3-2" MltplExecPrefix="com.OriginalFiles.MI.java" NvrExecId="L3-0" NvrExecPrefix="com.OriginalFiles.MI.java" OnceExecutedId="L3-1" OnceExecutedPrefix="com.OriginalFiles.MI.java" OptBodyExec="true">
<StmntSeq Intrnl_Id="1265">
<LocList>
<Loc EndOffset="2222" SrcFileId="4" StartOffset="2203"/>
<Loc EndOffset="2299" SrcFileId="4" StartOffset="2238"/>
<Loc EndOffset="2326" SrcFileId="4" StartOffset="2313"/>
<Loc EndOffset="2575" SrcFileId="4" StartOffset="2342"/>
</LocList>
<BasicStmnt CovItemId="S31" CovItemPrefix="com.OriginalFiles.MI.java" Intrnl_Id="1266">
<LocList>
<Loc EndOffset="2222" SrcFileId="4" StartOffset="2203"/>
</LocList>
</BasicStmnt>
<BasicStmnt CovItemId="S32" CovItemPrefix="com.OriginalFiles.MI.java" Intrnl_Id="1267">
<LocList>
<Loc EndOffset="2299" SrcFileId="4" StartOffset="2238"/>
</LocList>
</BasicStmnt>
<BasicStmnt CovItemId="S33" CovItemPrefix="com.OriginalFiles.MI.java" Intrnl_Id="1268">
<LocList>
<Loc EndOffset="2326" SrcFileId="4" StartOffset="2313"/>
</LocList>
</BasicStmnt>
<CondStmnt CovItemId="S34" CovItemPrefix="com.OriginalFiles.MI.java" Intrnl_Id="1269">
<Branch CovItemId="B9" CovItemPrefix="com.OriginalFiles.MI.java" Implct="false" Intrnl_Id="1270">
<Cond/>
<LocList>
<Loc EndOffset="2491" SrcFileId="4" StartOffset="2365"/>
</LocList>
<StmntSeq Intrnl_Id="1271">
<LocList>
<Loc EndOffset="2402" SrcFileId="4" StartOffset="2384"/>
<Loc EndOffset="2438" SrcFileId="4" StartOffset="2420"/>
<Loc EndOffset="2476" SrcFileId="4" StartOffset="2456"/>
</LocList>
<BasicStmnt CovItemId="S35" CovItemPrefix="com.OriginalFiles.MI.java" Intrnl_Id="1272">
<LocList>
<Loc EndOffset="2402" SrcFileId="4" StartOffset="2384"/>
</LocList>
</BasicStmnt>
<BasicStmnt CovItemId="S36" CovItemPrefix="com.OriginalFiles.MI.java" Intrnl_Id="1273">
<LocList>
<Loc EndOffset="2438" SrcFileId="4" StartOffset="2420"/>
</LocList>
</BasicStmnt>
<BasicStmnt CovItemId="S37" CovItemPrefix="com.OriginalFiles.MI.java" Intrnl_Id="1274">
<LocList>
<Loc EndOffset="2476" SrcFileId="4" StartOffset="2456"/>
</LocList>
</BasicStmnt>
</StmntSeq>
</Branch>
<Branch CovItemId="B10" CovItemPrefix="com.OriginalFiles.MI.java" Implct="false" Intrnl_Id="1275">
<Cond>
<Loc EndOffset="2496" SrcFileId="4" StartOffset="2492"/>
</Cond>
<LocList>
<Loc EndOffset="2575" SrcFileId="4" StartOffset="2497"/>
</LocList>
<StmntSeq Intrnl_Id="1276">
<LocList>
<Loc EndOffset="2575" SrcFileId="4" StartOffset="2497"/>
</LocList>
<CondStmnt CovItemId="S38" CovItemPrefix="com.OriginalFiles.MI.java" Intrnl_Id="1277">
<Branch CovItemId="B11" CovItemPrefix="com.OriginalFiles.MI.java" Implct="false" Intrnl_Id="1278">
<Cond/>
<LocList>
<Loc EndOffset="2575" SrcFileId="4" StartOffset="2521"/>
</LocList>
<StmntSeq Intrnl_Id="1279">
<LocList>
<Loc EndOffset="2560" SrcFileId="4" StartOffset="2540"/>
</LocList>
<BasicStmnt CovItemId="S39" CovItemPrefix="com.OriginalFiles.MI.java" Intrnl_Id="1280">
<LocList>
<Loc EndOffset="2560" SrcFileId="4" StartOffset="2540"/>
</LocList>
</BasicStmnt>
</StmntSeq>
</Branch>
<Branch CovItemId="B12" CovItemPrefix="com.OriginalFiles.MI.java" Implct="true" Intrnl_Id="1281">
<Cond/>
<LocList/>
<StmntSeq Intrnl_Id="1282">
<LocList/>
</StmntSeq>
</Branch>
<Keyword EndOffset="2499" SrcFileId="4" StartOffset="2497"/>
<LocList>
<Loc EndOffset="2575" SrcFileId="4" StartOffset="2497"/>
</LocList>
<RootTerm CovItemId="C6" CovItemPrefix="com.OriginalFiles.MI.java" Intrnl_Id="1283">
<BasicBoolTerm Intrnl_Id="1284">
<LocList>
<Loc EndOffset="2519" SrcFileId="4" StartOffset="2501"/>
</LocList>
</BasicBoolTerm>
</RootTerm>
</CondStmnt>
</StmntSeq>
</Branch>
<Keyword EndOffset="2344" SrcFileId="4" StartOffset="2342"/>
<LocList>
<Loc EndOffset="2575" SrcFileId="4" StartOffset="2342"/>
</LocList>
<RootTerm CovItemId="C5" CovItemPrefix="com.OriginalFiles.MI.java" Intrnl_Id="1285">
<BasicBoolTerm Intrnl_Id="1286">
<LocList>
<Loc EndOffset="2363" SrcFileId="4" StartOffset="2346"/>
</LocList>
</BasicBoolTerm>
</RootTerm>
</CondStmnt>
</StmntSeq>
<Keyword EndOffset="2164" SrcFileId="4" StartOffset="2161"/>
<LocList>
<Loc EndOffset="2586" SrcFileId="4" StartOffset="2161"/>
</LocList>
</LoopStmnt>
<BasicStmnt CovItemId="S40" CovItemPrefix="com.OriginalFiles.MI.java" Intrnl_Id="1287">
<LocList>
<Loc EndOffset="2665" SrcFileId="4" StartOffset="2596"/>
</LocList>
</BasicStmnt>
</StmntSeq>
</HierarchyLvl>
<HierarchyLvl HierarchyLvlId="1853" HierarchyLvlTypeId="14" Intrnl_Id="1288" Name="negaMax">
<Header>
<Loc EndOffset="2818" SrcFileId="4" StartOffset="2682"/>
</Header>
<LocList>
<Loc EndOffset="3546" SrcFileId="4" StartOffset="2682"/>
</LocList>
<StmntSeq Intrnl_Id="1289">
<LocList>
<Loc EndOffset="3041" SrcFileId="4" StartOffset="2859"/>
<Loc EndOffset="3106" SrcFileId="4" StartOffset="3078"/>
<Loc EndOffset="3142" SrcFileId="4" StartOffset="3118"/>
<Loc EndOffset="3491" SrcFileId="4" StartOffset="3152"/>
<Loc EndOffset="3539" SrcFileId="4" StartOffset="3522"/>
</LocList>
<CondStmnt CovItemId="S41" CovItemPrefix="com.OriginalFiles.MI.java" Intrnl_Id="1290">
<Branch CovItemId="B13" CovItemPrefix="com.OriginalFiles.MI.java" Implct="false" Intrnl_Id="1291">
<Cond/>
<LocList>
<Loc EndOffset="3041" SrcFileId="4" StartOffset="2984"/>
</LocList>
<StmntSeq Intrnl_Id="1292">
<LocList>
<Loc EndOffset="3030" SrcFileId="4" StartOffset="2999"/>
</LocList>
<BasicStmnt CovItemId="S42" CovItemPrefix="com.OriginalFiles.MI.java" Intrnl_Id="1293">
<LocList>
<Loc EndOffset="3030" SrcFileId="4" StartOffset="2999"/>
</LocList>
</BasicStmnt>
</StmntSeq>
</Branch>
<Branch CovItemId="B14" CovItemPrefix="com.OriginalFiles.MI.java" Implct="true" Intrnl_Id="1294">
<Cond/>
<LocList/>
<StmntSeq Intrnl_Id="1295">
<LocList/>
</StmntSeq>
</Branch>
<Keyword EndOffset="2861" SrcFileId="4" StartOffset="2859"/>
<LocList>
<Loc EndOffset="3041" SrcFileId="4" StartOffset="2859"/>
</LocList>
<RootTerm CovItemId="C7" CovItemPrefix="com.OriginalFiles.MI.java" Intrnl_Id="1296">
<OpTerm BooleanOpId="11" Intrnl_Id="1297">
<BasicBoolTerm Intrnl_Id="1298">
<LocList>
<Loc EndOffset="2873" SrcFileId="4" StartOffset="2863"/>
</LocList>
</BasicBoolTerm>
<BasicBoolTerm Intrnl_Id="1299">
<LocList>
<Loc EndOffset="2982" SrcFileId="4" StartOffset="2894"/>
</LocList>
</BasicBoolTerm>
<LocList>
<Loc EndOffset="2893" SrcFileId="4" StartOffset="2891"/>
</LocList>
</OpTerm>
</RootTerm>
</CondStmnt>
<BasicStmnt CovItemId="S43" CovItemPrefix="com.OriginalFiles.MI.java" Intrnl_Id="1300">
<LocList>
<Loc EndOffset="3106" SrcFileId="4" StartOffset="3078"/>
</LocList>
</BasicStmnt>
<BasicStmnt CovItemId="S44" CovItemPrefix="com.OriginalFiles.MI.java" Intrnl_Id="1301">
<LocList>
<Loc EndOffset="3142" SrcFileId="4" StartOffset="3118"/>
</LocList>
</BasicStmnt>
<LoopStmnt CovItemId="S45" CovItemPrefix="com.OriginalFiles.MI.java" Intrnl_Id="1302" MltplExecId="L4-2" MltplExecPrefix="com.OriginalFiles.MI.java" NvrExecId="L4-0" NvrExecPrefix="com.OriginalFiles.MI.java" OnceExecutedId="L4-1" OnceExecutedPrefix="com.OriginalFiles.MI.java" OptBodyExec="true">
<StmntSeq Intrnl_Id="1303">
<LocList>
<Loc EndOffset="3210" SrcFileId="4" StartOffset="3191"/>
<Loc EndOffset="3284" SrcFileId="4" StartOffset="3224"/>
<Loc EndOffset="3311" SrcFileId="4" StartOffset="3298"/>
<Loc EndOffset="3364" SrcFileId="4" StartOffset="3327"/>
<Loc EndOffset="3407" SrcFileId="4" StartOffset="3378"/>
<Loc EndOffset="3480" SrcFileId="4" StartOffset="3421"/>
</LocList>
<BasicStmnt CovItemId="S46" CovItemPrefix="com.OriginalFiles.MI.java" Intrnl_Id="1304">
<LocList>
<Loc EndOffset="3210" SrcFileId="4" StartOffset="3191"/>
</LocList>
</BasicStmnt>
<BasicStmnt CovItemId="S47" CovItemPrefix="com.OriginalFiles.MI.java" Intrnl_Id="1305">
<LocList>
<Loc EndOffset="3284" SrcFileId="4" StartOffset="3224"/>
</LocList>
</BasicStmnt>
<BasicStmnt CovItemId="S48" CovItemPrefix="com.OriginalFiles.MI.java" Intrnl_Id="1306">
<LocList>
<Loc EndOffset="3311" SrcFileId="4" StartOffset="3298"/>
</LocList>
</BasicStmnt>
<BasicStmnt CovItemId="S49" CovItemPrefix="com.OriginalFiles.MI.java" Intrnl_Id="1307">
<LocList>
<Loc EndOffset="3364" SrcFileId="4" StartOffset="3327"/>
</LocList>
</BasicStmnt>
<BasicStmnt CovItemId="S50" CovItemPrefix="com.OriginalFiles.MI.java" Intrnl_Id="1308">
<LocList>
<Loc EndOffset="3407" SrcFileId="4" StartOffset="3378"/>
</LocList>
</BasicStmnt>
<CondStmnt CovItemId="S51" CovItemPrefix="com.OriginalFiles.MI.java" Intrnl_Id="1309">
<Branch CovItemId="B15" CovItemPrefix="com.OriginalFiles.MI.java" Implct="false" Intrnl_Id="1310">
<Cond/>
<LocList>
<Loc EndOffset="3480" SrcFileId="4" StartOffset="3440"/>
</LocList>
<StmntSeq Intrnl_Id="1311">
<LocList>
<Loc EndOffset="3465" SrcFileId="4" StartOffset="3459"/>
</LocList>
<BasicStmnt CovItemId="S52" CovItemPrefix="com.OriginalFiles.MI.java" Intrnl_Id="1312">
<LocList>
<Loc EndOffset="3465" SrcFileId="4" StartOffset="3459"/>
</LocList>
</BasicStmnt>
</StmntSeq>
</Branch>
<Branch CovItemId="B16" CovItemPrefix="com.OriginalFiles.MI.java" Implct="true" Intrnl_Id="1313">
<Cond/>
<LocList/>
<StmntSeq Intrnl_Id="1314">
<LocList/>
</StmntSeq>
</Branch>
<Keyword EndOffset="3423" SrcFileId="4" StartOffset="3421"/>
<LocList>
<Loc EndOffset="3480" SrcFileId="4" StartOffset="3421"/>
</LocList>
<RootTerm CovItemId="C8" CovItemPrefix="com.OriginalFiles.MI.java" Intrnl_Id="1315">
<BasicBoolTerm Intrnl_Id="1316">
<LocList>
<Loc EndOffset="3438" SrcFileId="4" StartOffset="3425"/>
</LocList>
</BasicBoolTerm>
</RootTerm>
</CondStmnt>
</StmntSeq>
<Keyword EndOffset="3155" SrcFileId="4" StartOffset="3152"/>
<LocList>
<Loc EndOffset="3491" SrcFileId="4" StartOffset="3152"/>
</LocList>
</LoopStmnt>
<BasicStmnt CovItemId="S53" CovItemPrefix="com.OriginalFiles.MI.java" Intrnl_Id="1317">
<LocList>
<Loc EndOffset="3539" SrcFileId="4" StartOffset="3522"/>
</LocList>
</BasicStmnt>
</StmntSeq>
</HierarchyLvl>
<HierarchyLvl HierarchyLvlId="1854" HierarchyLvlTypeId="14" Intrnl_Id="1318" Name="evaluation">
<Header>
<Loc EndOffset="3589" SrcFileId="4" StartOffset="3554"/>
</Header>
<LocList>
<Loc EndOffset="5412" SrcFileId="4" StartOffset="3554"/>
</LocList>
<StmntSeq Intrnl_Id="1319">
<LocList>
<Loc EndOffset="3625" SrcFileId="4" StartOffset="3601"/>
<Loc EndOffset="3667" SrcFileId="4" StartOffset="3635"/>
<Loc EndOffset="3703" SrcFileId="4" StartOffset="3677"/>
<Loc EndOffset="3774" SrcFileId="4" StartOffset="3715"/>
<Loc EndOffset="4137" SrcFileId="4" StartOffset="3784"/>
<Loc EndOffset="4171" SrcFileId="4" StartOffset="4147"/>
<Loc EndOffset="4386" SrcFileId="4" StartOffset="4183"/>
<Loc EndOffset="4602" SrcFileId="4" StartOffset="4398"/>
<Loc EndOffset="4645" SrcFileId="4" StartOffset="4614"/>
<Loc EndOffset="5373" SrcFileId="4" StartOffset="4657"/>
<Loc EndOffset="5405" SrcFileId="4" StartOffset="5385"/>
</LocList>
<BasicStmnt CovItemId="S54" CovItemPrefix="com.OriginalFiles.MI.java" Intrnl_Id="1320">
<LocList>
<Loc EndOffset="3625" SrcFileId="4" StartOffset="3601"/>
</LocList>
</BasicStmnt>
<BasicStmnt CovItemId="S55" CovItemPrefix="com.OriginalFiles.MI.java" Intrnl_Id="1321">
<LocList>
<Loc EndOffset="3667" SrcFileId="4" StartOffset="3635"/>
</LocList>
</BasicStmnt>
<BasicStmnt CovItemId="S56" CovItemPrefix="com.OriginalFiles.MI.java" Intrnl_Id="1322">
<LocList>
<Loc EndOffset="3703" SrcFileId="4" StartOffset="3677"/>
</LocList>
</BasicStmnt>
<CondStmnt CovItemId="S57" CovItemPrefix="com.OriginalFiles.MI.java" Intrnl_Id="1323">
<Branch CovItemId="B17" CovItemPrefix="com.OriginalFiles.MI.java" Implct="false" Intrnl_Id="1324">
<Cond/>
<LocList>
<Loc EndOffset="3774" SrcFileId="4" StartOffset="3731"/>
</LocList>
<StmntSeq Intrnl_Id="1325">
<LocList>
<Loc EndOffset="3763" SrcFileId="4" StartOffset="3746"/>
</LocList>
<BasicStmnt CovItemId="S58" CovItemPrefix="com.OriginalFiles.MI.java" Intrnl_Id="1326">
<LocList>
<Loc EndOffset="3763" SrcFileId="4" StartOffset="3746"/>
</LocList>
</BasicStmnt>
</StmntSeq>
</Branch>
<Branch CovItemId="B18" CovItemPrefix="com.OriginalFiles.MI.java" Implct="true" Intrnl_Id="1327">
<Cond/>
<LocList/>
<StmntSeq Intrnl_Id="1328">
<LocList/>
</StmntSeq>
</Branch>
<Keyword EndOffset="3717" SrcFileId="4" StartOffset="3715"/>
<LocList>
<Loc EndOffset="3774" SrcFileId="4" StartOffset="3715"/>
</LocList>
<RootTerm CovItemId="C9" CovItemPrefix="com.OriginalFiles.MI.java" Intrnl_Id="1329">
<BasicBoolTerm Intrnl_Id="1330">
<LocList>
<Loc EndOffset="3729" SrcFileId="4" StartOffset="3719"/>
</LocList>
</BasicBoolTerm>
</RootTerm>
</CondStmnt>
<CondStmnt CovItemId="S59" CovItemPrefix="com.OriginalFiles.MI.java" Intrnl_Id="1331">
<Branch CovItemId="B19" CovItemPrefix="com.OriginalFiles.MI.java" Implct="false" Intrnl_Id="1332">
<Cond/>
<LocList>
<Loc EndOffset="3965" SrcFileId="4" StartOffset="3800"/>
</LocList>
<StmntSeq Intrnl_Id="1333">
<LocList>
<Loc EndOffset="3954" SrcFileId="4" StartOffset="3815"/>
</LocList>
<BasicStmnt CovItemId="S60" CovItemPrefix="com.OriginalFiles.MI.java" Intrnl_Id="1334">
<LocList>
<Loc EndOffset="3954" SrcFileId="4" StartOffset="3815"/>
</LocList>
</BasicStmnt>
</StmntSeq>
</Branch>
<Branch CovItemId="B20" CovItemPrefix="com.OriginalFiles.MI.java" Implct="false" Intrnl_Id="1335">
<Cond>
<Loc EndOffset="3970" SrcFileId="4" StartOffset="3966"/>
</Cond>
<LocList>
<Loc EndOffset="4137" SrcFileId="4" StartOffset="3971"/>
</LocList>
<StmntSeq Intrnl_Id="1336">
<LocList>
<Loc EndOffset="4126" SrcFileId="4" StartOffset="3986"/>
</LocList>
<BasicStmnt CovItemId="S61" CovItemPrefix="com.OriginalFiles.MI.java" Intrnl_Id="1337">
<LocList>
<Loc EndOffset="4126" SrcFileId="4" StartOffset="3986"/>
</LocList>
</BasicStmnt>
</StmntSeq>
</Branch>
<Keyword EndOffset="3786" SrcFileId="4" StartOffset="3784"/>
<LocList>
<Loc EndOffset="4137" SrcFileId="4" StartOffset="3784"/>
</LocList>
<RootTerm CovItemId="C10" CovItemPrefix="com.OriginalFiles.MI.java" Intrnl_Id="1338">
<OpTerm BooleanOpId="9" Intrnl_Id="1339">
<BasicBoolTerm Intrnl_Id="1340">
<LocList>
<Loc EndOffset="3798" SrcFileId="4" StartOffset="3789"/>
</LocList>
</BasicBoolTerm>
<LocList>
<Loc EndOffset="3789" SrcFileId="4" StartOffset="3788"/>
</LocList>
</OpTerm>
</RootTerm>
</CondStmnt>
<BasicStmnt CovItemId="S62" CovItemPrefix="com.OriginalFiles.MI.java" Intrnl_Id="1341">
<LocList>
<Loc EndOffset="4171" SrcFileId="4" StartOffset="4147"/>
</LocList>
</BasicStmnt>
<LoopStmnt CovItemId="S63" CovItemPrefix="com.OriginalFiles.MI.java" Intrnl_Id="1342" MltplExecId="L5-2" MltplExecPrefix="com.OriginalFiles.MI.java" NvrExecId="L5-0" NvrExecPrefix="com.OriginalFiles.MI.java" OnceExecutedId="L5-1" OnceExecutedPrefix="com.OriginalFiles.MI.java" OptBodyExec="true">
<StmntSeq Intrnl_Id="1343">
<LocList>
<Loc EndOffset="4375" SrcFileId="4" StartOffset="4241"/>
</LocList>
<BasicStmnt CovItemId="S64" CovItemPrefix="com.OriginalFiles.MI.java" Intrnl_Id="1344">
<LocList>
<Loc EndOffset="4375" SrcFileId="4" StartOffset="4241"/>
</LocList>
</BasicStmnt>
</StmntSeq>
<Keyword EndOffset="4186" SrcFileId="4" StartOffset="4183"/>
<LocList>
<Loc EndOffset="4386" SrcFileId="4" StartOffset="4183"/>
</LocList>
<RootTerm CovItemId="C11" CovItemPrefix="com.OriginalFiles.MI.java" Intrnl_Id="1345">
<BasicBoolTerm Intrnl_Id="1346">
<LocList>
<Loc EndOffset="4219" SrcFileId="4" StartOffset="4199"/>
</LocList>
</BasicBoolTerm>
</RootTerm>
</LoopStmnt>
<LoopStmnt CovItemId="S65" CovItemPrefix="com.OriginalFiles.MI.java" Intrnl_Id="1347" MltplExecId="L6-2" MltplExecPrefix="com.OriginalFiles.MI.java" NvrExecId="L6-0" NvrExecPrefix="com.OriginalFiles.MI.java" OnceExecutedId="L6-1" OnceExecutedPrefix="com.OriginalFiles.MI.java" OptBodyExec="true">
<StmntSeq Intrnl_Id="1348">
<LocList>
<Loc EndOffset="4591" SrcFileId="4" StartOffset="4456"/>
</LocList>
<BasicStmnt CovItemId="S66" CovItemPrefix="com.OriginalFiles.MI.java" Intrnl_Id="1349">
<LocList>
<Loc EndOffset="4591" SrcFileId="4" StartOffset="4456"/>
</LocList>
</BasicStmnt>
</StmntSeq>
<Keyword EndOffset="4401" SrcFileId="4" StartOffset="4398"/>
<LocList>
<Loc EndOffset="4602" SrcFileId="4" StartOffset="4398"/>
</LocList>
<RootTerm CovItemId="C12" CovItemPrefix="com.OriginalFiles.MI.java" Intrnl_Id="1350">
<BasicBoolTerm Intrnl_Id="1351">
<LocList>
<Loc EndOffset="4434" SrcFileId="4" StartOffset="4414"/>
</LocList>
</BasicBoolTerm>
</RootTerm>
</LoopStmnt>
<BasicStmnt CovItemId="S67" CovItemPrefix="com.OriginalFiles.MI.java" Intrnl_Id="1352">
<LocList>
<Loc EndOffset="4645" SrcFileId="4" StartOffset="4614"/>
</LocList>
</BasicStmnt>
<CondStmnt CovItemId="S68" CovItemPrefix="com.OriginalFiles.MI.java" Intrnl_Id="1353">
<Branch CovItemId="B21" CovItemPrefix="com.OriginalFiles.MI.java" Implct="false" Intrnl_Id="1354">
<Cond>
<Loc EndOffset="4764" SrcFileId="4" StartOffset="4758"/>
</Cond>
<LocList>
<Loc EndOffset="4825" SrcFileId="4" StartOffset="4779"/>
</LocList>
<StmntSeq Intrnl_Id="1355">
<LocList>
<Loc EndOffset="4805" SrcFileId="4" StartOffset="4779"/>
<Loc EndOffset="4825" SrcFileId="4" StartOffset="4819"/>
</LocList>
<BasicStmnt CovItemId="S69" CovItemPrefix="com.OriginalFiles.MI.java" Intrnl_Id="1356">
<LocList>
<Loc EndOffset="4805" SrcFileId="4" StartOffset="4779"/>
</LocList>
</BasicStmnt>
<BasicStmnt CovItemId="S70" CovItemPrefix="com.OriginalFiles.MI.java" Intrnl_Id="1357">
<LocList>
<Loc EndOffset="4825" SrcFileId="4" StartOffset="4819"/>
</LocList>
</BasicStmnt>
</StmntSeq>
</Branch>
<Branch CovItemId="B22" CovItemPrefix="com.OriginalFiles.MI.java" Implct="false" Intrnl_Id="1358">
<Cond>
<Loc EndOffset="4841" SrcFileId="4" StartOffset="4835"/>
</Cond>
<LocList>
<Loc EndOffset="4902" SrcFileId="4" StartOffset="4856"/>
</LocList>
<StmntSeq Intrnl_Id="1359">
<LocList>
<Loc EndOffset="4882" SrcFileId="4" StartOffset="4856"/>
<Loc EndOffset="4902" SrcFileId="4" StartOffset="4896"/>
</LocList>
<BasicStmnt CovItemId="S71" CovItemPrefix="com.OriginalFiles.MI.java" Intrnl_Id="1360">
<LocList>
<Loc EndOffset="4882" SrcFileId="4" StartOffset="4856"/>
</LocList>
</BasicStmnt>
<BasicStmnt CovItemId="S72" CovItemPrefix="com.OriginalFiles.MI.java" Intrnl_Id="1361">
<LocList>
<Loc EndOffset="4902" SrcFileId="4" StartOffset="4896"/>
</LocList>
</BasicStmnt>
</StmntSeq>
</Branch>
<Branch CovItemId="B23" CovItemPrefix="com.OriginalFiles.MI.java" Implct="false" Intrnl_Id="1362">
<Cond>
<Loc EndOffset="4918" SrcFileId="4" StartOffset="4912"/>
</Cond>
<LocList>
<Loc EndOffset="5171" SrcFileId="4" StartOffset="4933"/>
</LocList>
<StmntSeq Intrnl_Id="1363">
<LocList>
<Loc EndOffset="5151" SrcFileId="4" StartOffset="4933"/>
<Loc EndOffset="5171" SrcFileId="4" StartOffset="5165"/>
</LocList>
<CondStmnt CovItemId="S73" CovItemPrefix="com.OriginalFiles.MI.java" Intrnl_Id="1364">
<Branch CovItemId="B24" CovItemPrefix="com.OriginalFiles.MI.java" Implct="false" Intrnl_Id="1365">
<Cond/>
<LocList>
<Loc EndOffset="5039" SrcFileId="4" StartOffset="4978"/>
</LocList>
<StmntSeq Intrnl_Id="1366">
<LocList>
<Loc EndOffset="5024" SrcFileId="4" StartOffset="4997"/>
</LocList>
<BasicStmnt CovItemId="S74" CovItemPrefix="com.OriginalFiles.MI.java" Intrnl_Id="1367">
<LocList>
<Loc EndOffset="5024" SrcFileId="4" StartOffset="4997"/>
</LocList>
</BasicStmnt>
</StmntSeq>
</Branch>
<Branch CovItemId="B25" CovItemPrefix="com.OriginalFiles.MI.java" Implct="false" Intrnl_Id="1368">
<Cond>
<Loc EndOffset="5044" SrcFileId="4" StartOffset="5040"/>
</Cond>
<LocList>
<Loc EndOffset="5151" SrcFileId="4" StartOffset="5045"/>
</LocList>
<StmntSeq Intrnl_Id="1369">
<LocList>
<Loc EndOffset="5151" SrcFileId="4" StartOffset="5045"/>
</LocList>
<CondStmnt CovItemId="S75" CovItemPrefix="com.OriginalFiles.MI.java" Intrnl_Id="1370">
<Branch CovItemId="B26" CovItemPrefix="com.OriginalFiles.MI.java" Implct="false" Intrnl_Id="1371">
<Cond/>
<LocList>
<Loc EndOffset="5151" SrcFileId="4" StartOffset="5090"/>
</LocList>
<StmntSeq Intrnl_Id="1372">
<LocList>
<Loc EndOffset="5136" SrcFileId="4" StartOffset="5109"/>
</LocList>
<BasicStmnt CovItemId="S76" CovItemPrefix="com.OriginalFiles.MI.java" Intrnl_Id="1373">
<LocList>
<Loc EndOffset="5136" SrcFileId="4" StartOffset="5109"/>
</LocList>
</BasicStmnt>
</StmntSeq>
</Branch>
<Branch CovItemId="B27" CovItemPrefix="com.OriginalFiles.MI.java" Implct="true" Intrnl_Id="1374">
<Cond/>
<LocList/>
<StmntSeq Intrnl_Id="1375">
<LocList/>
</StmntSeq>
</Branch>
<Keyword EndOffset="5047" SrcFileId="4" StartOffset="5045"/>
<LocList>
<Loc EndOffset="5151" SrcFileId="4" StartOffset="5045"/>
</LocList>
<RootTerm CovItemId="C14" CovItemPrefix="com.OriginalFiles.MI.java" Intrnl_Id="1376">
<BasicBoolTerm Intrnl_Id="1377">
<LocList>
<Loc EndOffset="5088" SrcFileId="4" StartOffset="5049"/>
</LocList>
</BasicBoolTerm>
</RootTerm>
</CondStmnt>
</StmntSeq>
</Branch>
<Keyword EndOffset="4935" SrcFileId="4" StartOffset="4933"/>
<LocList>
<Loc EndOffset="5151" SrcFileId="4" StartOffset="4933"/>
</LocList>
<RootTerm CovItemId="C13" CovItemPrefix="com.OriginalFiles.MI.java" Intrnl_Id="1378">
<BasicBoolTerm Intrnl_Id="1379">
<LocList>
<Loc EndOffset="4976" SrcFileId="4" StartOffset="4937"/>
</LocList>
</BasicBoolTerm>
</RootTerm>
</CondStmnt>
<BasicStmnt CovItemId="S77" CovItemPrefix="com.OriginalFiles.MI.java" Intrnl_Id="1380">
<LocList>
<Loc EndOffset="5171" SrcFileId="4" StartOffset="5165"/>
</LocList>
</BasicStmnt>
</StmntSeq>
</Branch>
<Branch CovItemId="B28" CovItemPrefix="com.OriginalFiles.MI.java" Implct="false" Intrnl_Id="1381">
<Cond>
<Loc EndOffset="5188" SrcFileId="4" StartOffset="5181"/>
</Cond>
<LocList>
<Loc EndOffset="5362" SrcFileId="4" StartOffset="5203"/>
</LocList>
<StmntSeq Intrnl_Id="1382">
<LocList>
<Loc EndOffset="5342" SrcFileId="4" StartOffset="5203"/>
<Loc EndOffset="5362" SrcFileId="4" StartOffset="5356"/>
</LocList>
<BasicStmnt CovItemId="S78" CovItemPrefix="com.OriginalFiles.MI.java" Intrnl_Id="1383">
<LocList>
<Loc EndOffset="5342" SrcFileId="4" StartOffset="5203"/>
</LocList>
</BasicStmnt>
<BasicStmnt CovItemId="S79" CovItemPrefix="com.OriginalFiles.MI.java" Intrnl_Id="1384">
<LocList>
<Loc EndOffset="5362" SrcFileId="4" StartOffset="5356"/>
</LocList>
</BasicStmnt>
</StmntSeq>
</Branch>
<Keyword EndOffset="4663" SrcFileId="4" StartOffset="4657"/>
<LocList>
<Loc EndOffset="5373" SrcFileId="4" StartOffset="4657"/>
</LocList>
</CondStmnt>
<BasicStmnt CovItemId="S80" CovItemPrefix="com.OriginalFiles.MI.java" Intrnl_Id="1385">
<LocList>
<Loc EndOffset="5405" SrcFileId="4" StartOffset="5385"/>
</LocList>
</BasicStmnt>
</StmntSeq>
</HierarchyLvl>
<HierarchyLvl HierarchyLvlId="1855" HierarchyLvlTypeId="14" Intrnl_Id="1386" Name="gameState">
<Header>
<Loc EndOffset="5443" SrcFileId="4" StartOffset="5420"/>
</Header>
<LocList>
<Loc EndOffset="5591" SrcFileId="4" StartOffset="5420"/>
</LocList>
<StmntSeq Intrnl_Id="1387">
<LocList>
<Loc EndOffset="5557" SrcFileId="4" StartOffset="5455"/>
<Loc EndOffset="5584" SrcFileId="4" StartOffset="5567"/>
</LocList>
<CondStmnt CovItemId="S81" CovItemPrefix="com.OriginalFiles.MI.java" Intrnl_Id="1388">
<Branch CovItemId="B29" CovItemPrefix="com.OriginalFiles.MI.java" Implct="false" Intrnl_Id="1389">
<Cond/>
<LocList>
<Loc EndOffset="5557" SrcFileId="4" StartOffset="5514"/>
</LocList>
<StmntSeq Intrnl_Id="1390">
<LocList>
<Loc EndOffset="5546" SrcFileId="4" StartOffset="5529"/>
</LocList>
<BasicStmnt CovItemId="S82" CovItemPrefix="com.OriginalFiles.MI.java" Intrnl_Id="1391">
<LocList>
<Loc EndOffset="5546" SrcFileId="4" StartOffset="5529"/>
</LocList>
</BasicStmnt>
</StmntSeq>
</Branch>
<Branch CovItemId="B30" CovItemPrefix="com.OriginalFiles.MI.java" Implct="true" Intrnl_Id="1392">
<Cond/>
<LocList/>
<StmntSeq Intrnl_Id="1393">
<LocList/>
</StmntSeq>
</Branch>
<Keyword EndOffset="5457" SrcFileId="4" StartOffset="5455"/>
<LocList>
<Loc EndOffset="5557" SrcFileId="4" StartOffset="5455"/>
</LocList>
<RootTerm CovItemId="C15" CovItemPrefix="com.OriginalFiles.MI.java" Intrnl_Id="1394">
<BasicBoolTerm Intrnl_Id="1395">
<LocList>
<Loc EndOffset="5512" SrcFileId="4" StartOffset="5459"/>
</LocList>
</BasicBoolTerm>
</RootTerm>
</CondStmnt>
<BasicStmnt CovItemId="S83" CovItemPrefix="com.OriginalFiles.MI.java" Intrnl_Id="1396">
<LocList>
<Loc EndOffset="5584" SrcFileId="4" StartOffset="5567"/>
</LocList>
</BasicStmnt>
</StmntSeq>
</HierarchyLvl>
<HierarchyLvl HierarchyLvlId="1856" HierarchyLvlTypeId="14" Intrnl_Id="1397" Name="max">
<Header>
<Loc EndOffset="5637" SrcFileId="4" StartOffset="5599"/>
</Header>
<LocList>
<Loc EndOffset="5721" SrcFileId="4" StartOffset="5599"/>
</LocList>
<StmntSeq Intrnl_Id="1398">
<LocList>
<Loc EndOffset="5695" SrcFileId="4" StartOffset="5649"/>
<Loc EndOffset="5714" SrcFileId="4" StartOffset="5705"/>
</LocList>
<CondStmnt CovItemId="S84" CovItemPrefix="com.OriginalFiles.MI.java" Intrnl_Id="1399">
<Branch CovItemId="B31" CovItemPrefix="com.OriginalFiles.MI.java" Implct="false" Intrnl_Id="1400">
<Cond/>
<LocList>
<Loc EndOffset="5695" SrcFileId="4" StartOffset="5660"/>
</LocList>
<StmntSeq Intrnl_Id="1401">
<LocList>
<Loc EndOffset="5684" SrcFileId="4" StartOffset="5675"/>
</LocList>
<BasicStmnt CovItemId="S85" CovItemPrefix="com.OriginalFiles.MI.java" Intrnl_Id="1402">
<LocList>
<Loc EndOffset="5684" SrcFileId="4" StartOffset="5675"/>
</LocList>
</BasicStmnt>
</StmntSeq>
</Branch>
<Branch CovItemId="B32" CovItemPrefix="com.OriginalFiles.MI.java" Implct="true" Intrnl_Id="1403">
<Cond/>
<LocList/>
<StmntSeq Intrnl_Id="1404">
<LocList/>
</StmntSeq>
</Branch>
<Keyword EndOffset="5651" SrcFileId="4" StartOffset="5649"/>
<LocList>
<Loc EndOffset="5695" SrcFileId="4" StartOffset="5649"/>
</LocList>
<RootTerm CovItemId="C16" CovItemPrefix="com.OriginalFiles.MI.java" Intrnl_Id="1405">
<BasicBoolTerm Intrnl_Id="1406">
<LocList>
<Loc EndOffset="5658" SrcFileId="4" StartOffset="5653"/>
</LocList>
</BasicBoolTerm>
</RootTerm>
</CondStmnt>
<BasicStmnt CovItemId="S86" CovItemPrefix="com.OriginalFiles.MI.java" Intrnl_Id="1407">
<LocList>
<Loc EndOffset="5714" SrcFileId="4" StartOffset="5705"/>
</LocList>
</BasicStmnt>
</StmntSeq>
</HierarchyLvl>
<HierarchyLvl HierarchyLvlId="1857" HierarchyLvlTypeId="14" Intrnl_Id="1408" Name="simulateMove">
<Header>
<Loc EndOffset="5902" SrcFileId="4" StartOffset="5835"/>
</Header>
<LocList>
<Loc EndOffset="7093" SrcFileId="4" StartOffset="5835"/>
</LocList>
<StmntSeq Intrnl_Id="1409">
<LocList>
<Loc EndOffset="7086" SrcFileId="4" StartOffset="5914"/>
</LocList>
<CondStmnt CovItemId="S87" CovItemPrefix="com.OriginalFiles.MI.java" Intrnl_Id="1410">
<Branch CovItemId="B33" CovItemPrefix="com.OriginalFiles.MI.java" Implct="false" Intrnl_Id="1411">
<Cond/>
<LocList>
<Loc EndOffset="7086" SrcFileId="4" StartOffset="5942"/>
</LocList>
<StmntSeq Intrnl_Id="1412">
<LocList>
<Loc EndOffset="5990" SrcFileId="4" StartOffset="5957"/>
<Loc EndOffset="7036" SrcFileId="4" StartOffset="6004"/>
<Loc EndOffset="7075" SrcFileId="4" StartOffset="7050"/>
</LocList>
<BasicStmnt CovItemId="S88" CovItemPrefix="com.OriginalFiles.MI.java" Intrnl_Id="1413">
<LocList>
<Loc EndOffset="5990" SrcFileId="4" StartOffset="5957"/>
</LocList>
</BasicStmnt>
<LoopStmnt CovItemId="S89" CovItemPrefix="com.OriginalFiles.MI.java" Intrnl_Id="1414" MltplExecId="L7-2" MltplExecPrefix="com.OriginalFiles.MI.java" NvrExecId="L7-0" NvrExecPrefix="com.OriginalFiles.MI.java" OnceExecutedId="L7-1" OnceExecutedPrefix="com.OriginalFiles.MI.java" OptBodyExec="true">
<StmntSeq Intrnl_Id="1415">
<LocList>
<Loc EndOffset="6085" SrcFileId="4" StartOffset="6054"/>
<Loc EndOffset="6136" SrcFileId="4" StartOffset="6103"/>
<Loc EndOffset="6915" SrcFileId="4" StartOffset="6156"/>
<Loc EndOffset="7021" SrcFileId="4" StartOffset="6933"/>
</LocList>
<BasicStmnt CovItemId="S90" CovItemPrefix="com.OriginalFiles.MI.java" Intrnl_Id="1416">
<LocList>
<Loc EndOffset="6085" SrcFileId="4" StartOffset="6054"/>
</LocList>
</BasicStmnt>
<BasicStmnt CovItemId="S91" CovItemPrefix="com.OriginalFiles.MI.java" Intrnl_Id="1417">
<LocList>
<Loc EndOffset="6136" SrcFileId="4" StartOffset="6103"/>
</LocList>
</BasicStmnt>
<CondStmnt CovItemId="S92" CovItemPrefix="com.OriginalFiles.MI.java" Intrnl_Id="1418">
<Branch CovItemId="B35" CovItemPrefix="com.OriginalFiles.MI.java" Implct="false" Intrnl_Id="1419">
<Cond/>
<LocList>
<Loc EndOffset="6915" SrcFileId="4" StartOffset="6190"/>
</LocList>
<StmntSeq Intrnl_Id="1420">
<LocList>
<Loc EndOffset="6384" SrcFileId="4" StartOffset="6213"/>
<Loc EndOffset="6663" SrcFileId="4" StartOffset="6406"/>
<Loc EndOffset="6718" SrcFileId="4" StartOffset="6685"/>
<Loc EndOffset="6896" SrcFileId="4" StartOffset="6740"/>
</LocList>
<BasicStmnt CovItemId="S93" CovItemPrefix="com.OriginalFiles.MI.java" Intrnl_Id="1421">
<LocList>
<Loc EndOffset="6384" SrcFileId="4" StartOffset="6213"/>
</LocList>
</BasicStmnt>
<CondStmnt CovItemId="S94" CovItemPrefix="com.OriginalFiles.MI.java" Intrnl_Id="1422">
<Branch CovItemId="B37" CovItemPrefix="com.OriginalFiles.MI.java" Implct="false" Intrnl_Id="1423">
<Cond/>
<LocList>
<Loc EndOffset="6578" SrcFileId="4" StartOffset="6499"/>
</LocList>
<StmntSeq Intrnl_Id="1424">
<LocList>
<Loc EndOffset="6555" SrcFileId="4" StartOffset="6526"/>
</LocList>
<BasicStmnt CovItemId="S95" CovItemPrefix="com.OriginalFiles.MI.java" Intrnl_Id="1425">
<LocList>
<Loc EndOffset="6555" SrcFileId="4" StartOffset="6526"/>
</LocList>
</BasicStmnt>
</StmntSeq>
</Branch>
<Branch CovItemId="B38" CovItemPrefix="com.OriginalFiles.MI.java" Implct="false" Intrnl_Id="1426">
<Cond>
<Loc EndOffset="6583" SrcFileId="4" StartOffset="6579"/>
</Cond>
<LocList>
<Loc EndOffset="6663" SrcFileId="4" StartOffset="6584"/>
</LocList>
<StmntSeq Intrnl_Id="1427">
<LocList>
<Loc EndOffset="6640" SrcFileId="4" StartOffset="6611"/>
</LocList>
<BasicStmnt CovItemId="S96" CovItemPrefix="com.OriginalFiles.MI.java" Intrnl_Id="1428">
<LocList>
<Loc EndOffset="6640" SrcFileId="4" StartOffset="6611"/>
</LocList>
</BasicStmnt>
</StmntSeq>
</Branch>
<Keyword EndOffset="6408" SrcFileId="4" StartOffset="6406"/>
<LocList>
<Loc EndOffset="6663" SrcFileId="4" StartOffset="6406"/>
</LocList>
<RootTerm CovItemId="C20" CovItemPrefix="com.OriginalFiles.MI.java" Intrnl_Id="1429">
<BasicBoolTerm Intrnl_Id="1430">
<LocList>
<Loc EndOffset="6497" SrcFileId="4" StartOffset="6410"/>
</LocList>
</BasicBoolTerm>
</RootTerm>
</CondStmnt>
<BasicStmnt CovItemId="S97" CovItemPrefix="com.OriginalFiles.MI.java" Intrnl_Id="1431">
<LocList>
<Loc EndOffset="6718" SrcFileId="4" StartOffset="6685"/>
</LocList>
</BasicStmnt>
<BasicStmnt CovItemId="S98" CovItemPrefix="com.OriginalFiles.MI.java" Intrnl_Id="1432">
<LocList>
<Loc EndOffset="6896" SrcFileId="4" StartOffset="6740"/>
</LocList>
</BasicStmnt>
</StmntSeq>
</Branch>
<Branch CovItemId="B36" CovItemPrefix="com.OriginalFiles.MI.java" Implct="true" Intrnl_Id="1433">
<Cond/>
<LocList/>
<StmntSeq Intrnl_Id="1434">
<LocList/>
</StmntSeq>
</Branch>
<Keyword EndOffset="6158" SrcFileId="4" StartOffset="6156"/>
<LocList>
<Loc EndOffset="6915" SrcFileId="4" StartOffset="6156"/>
</LocList>
<RootTerm CovItemId="C19" CovItemPrefix="com.OriginalFiles.MI.java" Intrnl_Id="1435">
<BasicBoolTerm Intrnl_Id="1436">
<LocList>
<Loc EndOffset="6188" SrcFileId="4" StartOffset="6160"/>
</LocList>
</BasicBoolTerm>
</RootTerm>
</CondStmnt>
<BasicStmnt CovItemId="S99" CovItemPrefix="com.OriginalFiles.MI.java" Intrnl_Id="1437">
<LocList>
<Loc EndOffset="7021" SrcFileId="4" StartOffset="6933"/>
</LocList>
</BasicStmnt>
</StmntSeq>
<Keyword EndOffset="6007" SrcFileId="4" StartOffset="6004"/>
<LocList>
<Loc EndOffset="7036" SrcFileId="4" StartOffset="6004"/>
</LocList>
<RootTerm CovItemId="C18" CovItemPrefix="com.OriginalFiles.MI.java" Intrnl_Id="1438">
<BasicBoolTerm Intrnl_Id="1439">
<LocList>
<Loc EndOffset="6028" SrcFileId="4" StartOffset="6020"/>
</LocList>
</BasicBoolTerm>
</RootTerm>
</LoopStmnt>
<BasicStmnt CovItemId="S100" CovItemPrefix="com.OriginalFiles.MI.java" Intrnl_Id="1440">
<LocList>
<Loc EndOffset="7075" SrcFileId="4" StartOffset="7050"/>
</LocList>
</BasicStmnt>
</StmntSeq>
</Branch>
<Branch CovItemId="B34" CovItemPrefix="com.OriginalFiles.MI.java" Implct="true" Intrnl_Id="1441">
<Cond/>
<LocList/>
<StmntSeq Intrnl_Id="1442">
<LocList/>
</StmntSeq>
</Branch>
<Keyword EndOffset="5916" SrcFileId="4" StartOffset="5914"/>
<LocList>
<Loc EndOffset="7086" SrcFileId="4" StartOffset="5914"/>
</LocList>
<RootTerm CovItemId="C17" CovItemPrefix="com.OriginalFiles.MI.java" Intrnl_Id="1443">
<BasicBoolTerm Intrnl_Id="1444">
<LocList>
<Loc EndOffset="5940" SrcFileId="4" StartOffset="5918"/>
</LocList>
</BasicBoolTerm>
</RootTerm>
</CondStmnt>
</StmntSeq>
</HierarchyLvl>
<HierarchyLvl HierarchyLvlId="1858" HierarchyLvlTypeId="14" Intrnl_Id="1445" Name="revertMove">
<Header>
<Loc EndOffset="7157" SrcFileId="4" StartOffset="7101"/>
</Header>
<LocList>
<Loc EndOffset="9073" SrcFileId="4" StartOffset="7101"/>
</LocList>
<StmntSeq Intrnl_Id="1446">
<LocList>
<Loc EndOffset="9066" SrcFileId="4" StartOffset="7171"/>
</LocList>
<CondStmnt CovItemId="S101" CovItemPrefix="com.OriginalFiles.MI.java" Intrnl_Id="1447">
<Branch CovItemId="B39" CovItemPrefix="com.OriginalFiles.MI.java" Implct="false" Intrnl_Id="1448">
<Cond/>
<LocList>
<Loc EndOffset="9066" SrcFileId="4" StartOffset="7203"/>
</LocList>
<StmntSeq Intrnl_Id="1449">
<LocList>
<Loc EndOffset="7276" SrcFileId="4" StartOffset="7218"/>
<Loc EndOffset="7339" SrcFileId="4" StartOffset="7290"/>
<Loc EndOffset="7388" SrcFileId="4" StartOffset="7355"/>
<Loc EndOffset="7424" SrcFileId="4" StartOffset="7402"/>
<Loc EndOffset="8508" SrcFileId="4" StartOffset="7440"/>
<Loc EndOffset="8555" SrcFileId="4" StartOffset="8524"/>
<Loc EndOffset="9055" SrcFileId="4" StartOffset="8571"/>
</LocList>
<BasicStmnt CovItemId="S102" CovItemPrefix="com.OriginalFiles.MI.java" Intrnl_Id="1450">
<LocList>
<Loc EndOffset="7276" SrcFileId="4" StartOffset="7218"/>
</LocList>
</BasicStmnt>
<BasicStmnt CovItemId="S103" CovItemPrefix="com.OriginalFiles.MI.java" Intrnl_Id="1451">
<LocList>
<Loc EndOffset="7339" SrcFileId="4" StartOffset="7290"/>
</LocList>
</BasicStmnt>
<BasicStmnt CovItemId="S104" CovItemPrefix="com.OriginalFiles.MI.java" Intrnl_Id="1452">
<LocList>
<Loc EndOffset="7388" SrcFileId="4" StartOffset="7355"/>
</LocList>
</BasicStmnt>
<BasicStmnt CovItemId="S105" CovItemPrefix="com.OriginalFiles.MI.java" Intrnl_Id="1453">
<LocList>
<Loc EndOffset="7424" SrcFileId="4" StartOffset="7402"/>
</LocList>
</BasicStmnt>
<LoopStmnt CovItemId="S106" CovItemPrefix="com.OriginalFiles.MI.java" Intrnl_Id="1454" MltplExecId="L8-2" MltplExecPrefix="com.OriginalFiles.MI.java" NvrExecId="L8-0" NvrExecPrefix="com.OriginalFiles.MI.java" OnceExecutedId="L8-1" OnceExecutedPrefix="com.OriginalFiles.MI.java" OptBodyExec="true">
<StmntSeq Intrnl_Id="1455">
<LocList>
<Loc EndOffset="7520" SrcFileId="4" StartOffset="7491"/>
<Loc EndOffset="8360" SrcFileId="4" StartOffset="7538"/>
<Loc EndOffset="8493" SrcFileId="4" StartOffset="8378"/>
</LocList>
<BasicStmnt CovItemId="S107" CovItemPrefix="com.OriginalFiles.MI.java" Intrnl_Id="1456">
<LocList>
<Loc EndOffset="7520" SrcFileId="4" StartOffset="7491"/>
</LocList>
</BasicStmnt>
<CondStmnt CovItemId="S108" CovItemPrefix="com.OriginalFiles.MI.java" Intrnl_Id="1457">
<Branch CovItemId="B41" CovItemPrefix="com.OriginalFiles.MI.java" Implct="false" Intrnl_Id="1458">
<Cond/>
<LocList>
<Loc EndOffset="8360" SrcFileId="4" StartOffset="7563"/>
</LocList>
<StmntSeq Intrnl_Id="1459">
<LocList>
<Loc EndOffset="8341" SrcFileId="4" StartOffset="7586"/>
</LocList>
<CondStmnt CovItemId="S109" CovItemPrefix="com.OriginalFiles.MI.java" Intrnl_Id="1460">
<Branch CovItemId="B43" CovItemPrefix="com.OriginalFiles.MI.java" Implct="false" Intrnl_Id="1461">
<Cond/>
<LocList>
<Loc EndOffset="8341" SrcFileId="4" StartOffset="7680"/>
</LocList>
<StmntSeq Intrnl_Id="1462">
<LocList>
<Loc EndOffset="8247" SrcFileId="4" StartOffset="7707"/>
<Loc EndOffset="8318" SrcFileId="4" StartOffset="8273"/>
</LocList>
<CondStmnt CovItemId="S110" CovItemPrefix="com.OriginalFiles.MI.java" Intrnl_Id="1463">
<Branch CovItemId="B45" CovItemPrefix="com.OriginalFiles.MI.java" Implct="false" Intrnl_Id="1464">
<Cond/>
<LocList>
<Loc EndOffset="7976" SrcFileId="4" StartOffset="7802"/>
</LocList>
<StmntSeq Intrnl_Id="1465">
<LocList>
<Loc EndOffset="7949" SrcFileId="4" StartOffset="7833"/>
</LocList>
<BasicStmnt CovItemId="S111" CovItemPrefix="com.OriginalFiles.MI.java" Intrnl_Id="1466">
<LocList>
<Loc EndOffset="7949" SrcFileId="4" StartOffset="7833"/>
</LocList>
</BasicStmnt>
</StmntSeq>
</Branch>
<Branch CovItemId="B46" CovItemPrefix="com.OriginalFiles.MI.java" Implct="false" Intrnl_Id="1467">
<Cond>
<Loc EndOffset="7981" SrcFileId="4" StartOffset="7977"/>
</Cond>
<LocList>
<Loc EndOffset="8247" SrcFileId="4" StartOffset="7982"/>
</LocList>
<StmntSeq Intrnl_Id="1468">
<LocList>
<Loc EndOffset="8247" SrcFileId="4" StartOffset="7982"/>
</LocList>
<CondStmnt CovItemId="S112" CovItemPrefix="com.OriginalFiles.MI.java" Intrnl_Id="1469">
<Branch CovItemId="B47" CovItemPrefix="com.OriginalFiles.MI.java" Implct="false" Intrnl_Id="1470">
<Cond/>
<LocList>
<Loc EndOffset="8247" SrcFileId="4" StartOffset="8078"/>
</LocList>
<StmntSeq Intrnl_Id="1471">
<LocList>
<Loc EndOffset="8220" SrcFileId="4" StartOffset="8109"/>
</LocList>
<BasicStmnt CovItemId="S113" CovItemPrefix="com.OriginalFiles.MI.java" Intrnl_Id="1472">
<LocList>
<Loc EndOffset="8220" SrcFileId="4" StartOffset="8109"/>
</LocList>
</BasicStmnt>
</StmntSeq>
</Branch>
<Branch CovItemId="B48" CovItemPrefix="com.OriginalFiles.MI.java" Implct="true" Intrnl_Id="1473">
<Cond/>
<LocList/>
<StmntSeq Intrnl_Id="1474">
<LocList/>
</StmntSeq>
</Branch>
<Keyword EndOffset="7984" SrcFileId="4" StartOffset="7982"/>
<LocList>
<Loc EndOffset="8247" SrcFileId="4" StartOffset="7982"/>
</LocList>
<RootTerm CovItemId="C26" CovItemPrefix="com.OriginalFiles.MI.java" Intrnl_Id="1475">
<BasicBoolTerm Intrnl_Id="1476">
<LocList>
<Loc EndOffset="8076" SrcFileId="4" StartOffset="7986"/>
</LocList>
</BasicBoolTerm>
</RootTerm>
</CondStmnt>
</StmntSeq>
</Branch>
<Keyword EndOffset="7709" SrcFileId="4" StartOffset="7707"/>
<LocList>
<Loc EndOffset="8247" SrcFileId="4" StartOffset="7707"/>
</LocList>
<RootTerm CovItemId="C25" CovItemPrefix="com.OriginalFiles.MI.java" Intrnl_Id="1477">
<BasicBoolTerm Intrnl_Id="1478">
<LocList>
<Loc EndOffset="7800" SrcFileId="4" StartOffset="7711"/>
</LocList>
</BasicBoolTerm>
</RootTerm>
</CondStmnt>
<BasicStmnt CovItemId="S114" CovItemPrefix="com.OriginalFiles.MI.java" Intrnl_Id="1479">
<LocList>
<Loc EndOffset="8318" SrcFileId="4" StartOffset="8273"/>
</LocList>
</BasicStmnt>
</StmntSeq>
</Branch>
<Branch CovItemId="B44" CovItemPrefix="com.OriginalFiles.MI.java" Implct="true" Intrnl_Id="1480">
<Cond/>
<LocList/>
<StmntSeq Intrnl_Id="1481">
<LocList/>
</StmntSeq>
</Branch>
<Keyword EndOffset="7588" SrcFileId="4" StartOffset="7586"/>
<LocList>
<Loc EndOffset="8341" SrcFileId="4" StartOffset="7586"/>
</LocList>
<RootTerm CovItemId="C24" CovItemPrefix="com.OriginalFiles.MI.java" Intrnl_Id="1482">
<OpTerm BooleanOpId="10" Intrnl_Id="1483">
<BasicBoolTerm Intrnl_Id="1484">
<LocList>
<Loc EndOffset="7626" SrcFileId="4" StartOffset="7590"/>
</LocList>
</BasicBoolTerm>
<OpTerm BooleanOpId="9" Intrnl_Id="1485">
<BasicBoolTerm Intrnl_Id="1486">
<LocList>
<Loc EndOffset="7678" SrcFileId="4" StartOffset="7660"/>
</LocList>
</BasicBoolTerm>
<LocList>
<Loc EndOffset="7660" SrcFileId="4" StartOffset="7659"/>
</LocList>
</OpTerm>
<LocList>
<Loc EndOffset="7658" SrcFileId="4" StartOffset="7656"/>
</LocList>
</OpTerm>
</RootTerm>
</CondStmnt>
</StmntSeq>
</Branch>
<Branch CovItemId="B42" CovItemPrefix="com.OriginalFiles.MI.java" Implct="true" Intrnl_Id="1487">
<Cond/>
<LocList/>
<StmntSeq Intrnl_Id="1488">
<LocList/>
</StmntSeq>
</Branch>
<Keyword EndOffset="7540" SrcFileId="4" StartOffset="7538"/>
<LocList>
<Loc EndOffset="8360" SrcFileId="4" StartOffset="7538"/>
</LocList>
<RootTerm CovItemId="C23" CovItemPrefix="com.OriginalFiles.MI.java" Intrnl_Id="1489">
<OpTerm BooleanOpId="9" Intrnl_Id="1490">
<BasicBoolTerm Intrnl_Id="1491">
<LocList>
<Loc EndOffset="7561" SrcFileId="4" StartOffset="7543"/>
</LocList>
</BasicBoolTerm>
<LocList>
<Loc EndOffset="7543" SrcFileId="4" StartOffset="7542"/>
</LocList>
</OpTerm>
</RootTerm>
</CondStmnt>
<BasicStmnt CovItemId="S115" CovItemPrefix="com.OriginalFiles.MI.java" Intrnl_Id="1492">
<LocList>
<Loc EndOffset="8493" SrcFileId="4" StartOffset="8378"/>
</LocList>
</BasicStmnt>
</StmntSeq>
<Keyword EndOffset="7443" SrcFileId="4" StartOffset="7440"/>
<LocList>
<Loc EndOffset="8508" SrcFileId="4" StartOffset="7440"/>
</LocList>
<RootTerm CovItemId="C22" CovItemPrefix="com.OriginalFiles.MI.java" Intrnl_Id="1493">
<BasicBoolTerm Intrnl_Id="1494">
<LocList>
<Loc EndOffset="7465" SrcFileId="4" StartOffset="7459"/>
</LocList>
</BasicBoolTerm>
</RootTerm>
</LoopStmnt>
<BasicStmnt CovItemId="S116" CovItemPrefix="com.OriginalFiles.MI.java" Intrnl_Id="1495">
<LocList>
<Loc EndOffset="8555" SrcFileId="4" StartOffset="8524"/>
</LocList>
</BasicStmnt>
<LoopStmnt CovItemId="S117" CovItemPrefix="com.OriginalFiles.MI.java" Intrnl_Id="1496" MltplExecId="L9-2" MltplExecPrefix="com.OriginalFiles.MI.java" NvrExecId="L9-0" NvrExecPrefix="com.OriginalFiles.MI.java" OnceExecutedId="L9-1" OnceExecutedPrefix="com.OriginalFiles.MI.java" OptBodyExec="true">
<StmntSeq Intrnl_Id="1497">
<LocList>
<Loc EndOffset="8663" SrcFileId="4" StartOffset="8621"/>
<Loc EndOffset="8883" SrcFileId="4" StartOffset="8681"/>
<Loc EndOffset="9040" SrcFileId="4" StartOffset="8901"/>
</LocList>
<BasicStmnt CovItemId="S118" CovItemPrefix="com.OriginalFiles.MI.java" Intrnl_Id="1498">
<LocList>
<Loc EndOffset="8663" SrcFileId="4" StartOffset="8621"/>
</LocList>
</BasicStmnt>
<CondStmnt CovItemId="S119" CovItemPrefix="com.OriginalFiles.MI.java" Intrnl_Id="1499">
<Branch CovItemId="B49" CovItemPrefix="com.OriginalFiles.MI.java" Implct="false" Intrnl_Id="1500">
<Cond/>
<LocList>
<Loc EndOffset="8810" SrcFileId="4" StartOffset="8743"/>
</LocList>
<StmntSeq Intrnl_Id="1501">
<LocList>
<Loc EndOffset="8791" SrcFileId="4" StartOffset="8766"/>
</LocList>
<BasicStmnt CovItemId="S120" CovItemPrefix="com.OriginalFiles.MI.java" Intrnl_Id="1502">
<LocList>
<Loc EndOffset="8791" SrcFileId="4" StartOffset="8766"/>
</LocList>
</BasicStmnt>
</StmntSeq>
</Branch>
<Branch CovItemId="B50" CovItemPrefix="com.OriginalFiles.MI.java" Implct="false" Intrnl_Id="1503">
<Cond>
<Loc EndOffset="8815" SrcFileId="4" StartOffset="8811"/>
</Cond>
<LocList>
<Loc EndOffset="8883" SrcFileId="4" StartOffset="8816"/>
</LocList>
<StmntSeq Intrnl_Id="1504">
<LocList>
<Loc EndOffset="8864" SrcFileId="4" StartOffset="8839"/>
</LocList>
<BasicStmnt CovItemId="S121" CovItemPrefix="com.OriginalFiles.MI.java" Intrnl_Id="1505">
<LocList>
<Loc EndOffset="8864" SrcFileId="4" StartOffset="8839"/>
</LocList>
</BasicStmnt>
</StmntSeq>
</Branch>
<Keyword EndOffset="8683" SrcFileId="4" StartOffset="8681"/>
<LocList>
<Loc EndOffset="8883" SrcFileId="4" StartOffset="8681"/>
</LocList>
<RootTerm CovItemId="C28" CovItemPrefix="com.OriginalFiles.MI.java" Intrnl_Id="1506">
<BasicBoolTerm Intrnl_Id="1507">
<LocList>
<Loc EndOffset="8741" SrcFileId="4" StartOffset="8685"/>
</LocList>
</BasicBoolTerm>
</RootTerm>
</CondStmnt>
<BasicStmnt CovItemId="S122" CovItemPrefix="com.OriginalFiles.MI.java" Intrnl_Id="1508">
<LocList>
<Loc EndOffset="9040" SrcFileId="4" StartOffset="8901"/>
</LocList>
</BasicStmnt>
</StmntSeq>
<Keyword EndOffset="8574" SrcFileId="4" StartOffset="8571"/>
<LocList>
<Loc EndOffset="9055" SrcFileId="4" StartOffset="8571"/>
</LocList>
<RootTerm CovItemId="C27" CovItemPrefix="com.OriginalFiles.MI.java" Intrnl_Id="1509">
<BasicBoolTerm Intrnl_Id="1510">
<LocList>
<Loc EndOffset="8595" SrcFileId="4" StartOffset="8587"/>
</LocList>
</BasicBoolTerm>
</RootTerm>
</LoopStmnt>
</StmntSeq>
</Branch>
<Branch CovItemId="B40" CovItemPrefix="com.OriginalFiles.MI.java" Implct="true" Intrnl_Id="1511">
<Cond/>
<LocList/>
<StmntSeq Intrnl_Id="1512">
<LocList/>
</StmntSeq>
</Branch>
<Keyword EndOffset="7173" SrcFileId="4" StartOffset="7171"/>
<LocList>
<Loc EndOffset="9066" SrcFileId="4" StartOffset="7171"/>
</LocList>
<RootTerm CovItemId="C21" CovItemPrefix="com.OriginalFiles.MI.java" Intrnl_Id="1513">
<BasicBoolTerm Intrnl_Id="1514">
<LocList>
<Loc EndOffset="7201" SrcFileId="4" StartOffset="7175"/>
</LocList>
</BasicBoolTerm>
</RootTerm>
</CondStmnt>
</StmntSeq>
</HierarchyLvl>
<HierarchyLvl HierarchyLvlId="1859" HierarchyLvlTypeId="14" Intrnl_Id="1515" Name="possibleMoves">
<Header>
<Loc EndOffset="9233" SrcFileId="4" StartOffset="9110"/>
</Header>
<LocList>
<Loc EndOffset="11483" SrcFileId="4" StartOffset="9110"/>
</LocList>
<StmntSeq Intrnl_Id="1516">
<LocList>
<Loc EndOffset="9294" SrcFileId="4" StartOffset="9245"/>
<Loc EndOffset="9349" SrcFileId="4" StartOffset="9304"/>
<Loc EndOffset="9401" SrcFileId="4" StartOffset="9359"/>
<Loc EndOffset="11337" SrcFileId="4" StartOffset="9411"/>
<Loc EndOffset="11476" SrcFileId="4" StartOffset="11349"/>
</LocList>
<BasicStmnt CovItemId="S123" CovItemPrefix="com.OriginalFiles.MI.java" Intrnl_Id="1517">
<LocList>
<Loc EndOffset="9294" SrcFileId="4" StartOffset="9245"/>
</LocList>
</BasicStmnt>
<BasicStmnt CovItemId="S124" CovItemPrefix="com.OriginalFiles.MI.java" Intrnl_Id="1518">
<LocList>
<Loc EndOffset="9349" SrcFileId="4" StartOffset="9304"/>
</LocList>
</BasicStmnt>
<BasicStmnt CovItemId="S125" CovItemPrefix="com.OriginalFiles.MI.java" Intrnl_Id="1519">
<LocList>
<Loc EndOffset="9401" SrcFileId="4" StartOffset="9359"/>
</LocList>
</BasicStmnt>
<LoopStmnt CovItemId="S126" CovItemPrefix="com.OriginalFiles.MI.java" Intrnl_Id="1520" MltplExecId="L10-2" MltplExecPrefix="com.OriginalFiles.MI.java" NvrExecId="L10-0" NvrExecPrefix="com.OriginalFiles.MI.java" OnceExecutedId="L10-1" OnceExecutedPrefix="com.OriginalFiles.MI.java" OptBodyExec="true">
<StmntSeq Intrnl_Id="1521">
<LocList>
<Loc EndOffset="11326" SrcFileId="4" StartOffset="9476"/>
</LocList>
<LoopStmnt CovItemId="S127" CovItemPrefix="com.OriginalFiles.MI.java" Intrnl_Id="1522" MltplExecId="L11-2" MltplExecPrefix="com.OriginalFiles.MI.java" NvrExecId="L11-0" NvrExecPrefix="com.OriginalFiles.MI.java" OnceExecutedId="L11-1" OnceExecutedPrefix="com.OriginalFiles.MI.java" OptBodyExec="true">
<StmntSeq Intrnl_Id="1523">
<LocList>
<Loc EndOffset="11311" SrcFileId="4" StartOffset="9517"/>
</LocList>
<CondStmnt CovItemId="S128" CovItemPrefix="com.OriginalFiles.MI.java" Intrnl_Id="1524">
<Branch CovItemId="B51" CovItemPrefix="com.OriginalFiles.MI.java" Implct="false" Intrnl_Id="1525">
<Cond/>
<LocList>
<Loc EndOffset="11311" SrcFileId="4" StartOffset="9539"/>
</LocList>
<StmntSeq Intrnl_Id="1526">
<LocList>
<Loc EndOffset="11292" SrcFileId="4" StartOffset="9562"/>
</LocList>
<CondStmnt CovItemId="S129" CovItemPrefix="com.OriginalFiles.MI.java" Intrnl_Id="1527">
<Branch CovItemId="B53" CovItemPrefix="com.OriginalFiles.MI.java" Implct="false" Intrnl_Id="1528">
<Cond/>
<LocList>
<Loc EndOffset="11292" SrcFileId="4" StartOffset="9730"/>
</LocList>
<StmntSeq Intrnl_Id="1529">
<LocList>
<Loc EndOffset="11269" SrcFileId="4" StartOffset="9790"/>
</LocList>
<CondStmnt CovItemId="S130" CovItemPrefix="com.OriginalFiles.MI.java" Intrnl_Id="1530">
<Branch CovItemId="B55" CovItemPrefix="com.OriginalFiles.MI.java" Implct="false" Intrnl_Id="1531">
<Cond/>
<LocList>
<Loc EndOffset="10569" SrcFileId="4" StartOffset="9827"/>
</LocList>
<StmntSeq Intrnl_Id="1532">
<LocList>
<Loc EndOffset="10170" SrcFileId="4" StartOffset="9858"/>
<Loc EndOffset="10542" SrcFileId="4" StartOffset="10202"/>
</LocList>
<BasicStmnt CovItemId="S131" CovItemPrefix="com.OriginalFiles.MI.java" Intrnl_Id="1533">
<LocList>
<Loc EndOffset="10170" SrcFileId="4" StartOffset="9858"/>
</LocList>
</BasicStmnt>
<LoopStmnt CovItemId="S132" CovItemPrefix="com.OriginalFiles.MI.java" Intrnl_Id="1534" MltplExecId="L12-2" MltplExecPrefix="com.OriginalFiles.MI.java" NvrExecId="L12-0" NvrExecPrefix="com.OriginalFiles.MI.java" OnceExecutedId="L12-1" OnceExecutedPrefix="com.OriginalFiles.MI.java" OptBodyExec="true">
<StmntSeq Intrnl_Id="1535">
<LocList>
<Loc EndOffset="10511" SrcFileId="4" StartOffset="10283"/>
</LocList>
<CondStmnt CovItemId="S133" CovItemPrefix="com.OriginalFiles.MI.java" Intrnl_Id="1536">
<Branch CovItemId="B57" CovItemPrefix="com.OriginalFiles.MI.java" Implct="false" Intrnl_Id="1537">
<Cond/>
<LocList>
<Loc EndOffset="10511" SrcFileId="4" StartOffset="10314"/>
</LocList>
<StmntSeq Intrnl_Id="1538">
<LocList>
<Loc EndOffset="10476" SrcFileId="4" StartOffset="10353"/>
</LocList>
<BasicStmnt CovItemId="S134" CovItemPrefix="com.OriginalFiles.MI.java" Intrnl_Id="1539">
<LocList>
<Loc EndOffset="10476" SrcFileId="4" StartOffset="10353"/>
</LocList>
</BasicStmnt>
</StmntSeq>
</Branch>
<Branch CovItemId="B58" CovItemPrefix="com.OriginalFiles.MI.java" Implct="true" Intrnl_Id="1540">
<Cond/>
<LocList/>
<StmntSeq Intrnl_Id="1541">
<LocList/>
</StmntSeq>
</Branch>
<Keyword EndOffset="10285" SrcFileId="4" StartOffset="10283"/>
<LocList>
<Loc EndOffset="10511" SrcFileId="4" StartOffset="10283"/>
</LocList>
<RootTerm CovItemId="C32" CovItemPrefix="com.OriginalFiles.MI.java" Intrnl_Id="1542">
<BasicBoolTerm Intrnl_Id="1543">
<LocList>
<Loc EndOffset="10312" SrcFileId="4" StartOffset="10287"/>
</LocList>
</BasicBoolTerm>
</RootTerm>
</CondStmnt>
</StmntSeq>
<Keyword EndOffset="10205" SrcFileId="4" StartOffset="10202"/>
<LocList>
<Loc EndOffset="10542" SrcFileId="4" StartOffset="10202"/>
</LocList>
</LoopStmnt>
</StmntSeq>
</Branch>
<Branch CovItemId="B56" CovItemPrefix="com.OriginalFiles.MI.java" Implct="false" Intrnl_Id="1544">
<Cond>
<Loc EndOffset="10574" SrcFileId="4" StartOffset="10570"/>
</Cond>
<LocList>
<Loc EndOffset="11269" SrcFileId="4" StartOffset="10575"/>
</LocList>
<StmntSeq Intrnl_Id="1545">
<LocList>
<Loc EndOffset="10777" SrcFileId="4" StartOffset="10616"/>
<Loc EndOffset="11242" SrcFileId="4" StartOffset="10851"/>
</LocList>
<BasicStmnt CovItemId="S135" CovItemPrefix="com.OriginalFiles.MI.java" Intrnl_Id="1546">
<LocList>
<Loc EndOffset="10777" SrcFileId="4" StartOffset="10616"/>
</LocList>
</BasicStmnt>
<CondStmnt CovItemId="S136" CovItemPrefix="com.OriginalFiles.MI.java" Intrnl_Id="1547">
<Branch CovItemId="B59" CovItemPrefix="com.OriginalFiles.MI.java" Implct="false" Intrnl_Id="1548">
<Cond/>
<LocList>
<Loc EndOffset="11242" SrcFileId="4" StartOffset="10881"/>
</LocList>
<StmntSeq Intrnl_Id="1549">
<LocList>
<Loc EndOffset="11211" SrcFileId="4" StartOffset="10916"/>
</LocList>
<LoopStmnt CovItemId="S137" CovItemPrefix="com.OriginalFiles.MI.java" Intrnl_Id="1550" MltplExecId="L13-2" MltplExecPrefix="com.OriginalFiles.MI.java" NvrExecId="L13-0" NvrExecPrefix="com.OriginalFiles.MI.java" OnceExecutedId="L13-1" OnceExecutedPrefix="com.OriginalFiles.MI.java" OptBodyExec="true">
<StmntSeq Intrnl_Id="1551">
<LocList>
<Loc EndOffset="11114" SrcFileId="4" StartOffset="10992"/>
<Loc EndOffset="11176" SrcFileId="4" StartOffset="11152"/>
</LocList>
<BasicStmnt CovItemId="S138" CovItemPrefix="com.OriginalFiles.MI.java" Intrnl_Id="1552">
<LocList>
<Loc EndOffset="11114" SrcFileId="4" StartOffset="10992"/>
</LocList>
</BasicStmnt>
<BasicStmnt CovItemId="S139" CovItemPrefix="com.OriginalFiles.MI.java" Intrnl_Id="1553">
<LocList>
<Loc EndOffset="11176" SrcFileId="4" StartOffset="11152"/>
</LocList>
</BasicStmnt>
</StmntSeq>
<Keyword EndOffset="10919" SrcFileId="4" StartOffset="10916"/>
<LocList>
<Loc EndOffset="11211" SrcFileId="4" StartOffset="10916"/>
</LocList>
</LoopStmnt>
</StmntSeq>
</Branch>
<Branch CovItemId="B60" CovItemPrefix="com.OriginalFiles.MI.java" Implct="true" Intrnl_Id="1554">
<Cond/>
<LocList/>
<StmntSeq Intrnl_Id="1555">
<LocList/>
</StmntSeq>
</Branch>
<Keyword EndOffset="10853" SrcFileId="4" StartOffset="10851"/>
<LocList>
<Loc EndOffset="11242" SrcFileId="4" StartOffset="10851"/>
</LocList>
<RootTerm CovItemId="C33" CovItemPrefix="com.OriginalFiles.MI.java" Intrnl_Id="1556">
<OpTerm BooleanOpId="9" Intrnl_Id="1557">
<BasicBoolTerm Intrnl_Id="1558">
<LocList>
<Loc EndOffset="10879" SrcFileId="4" StartOffset="10856"/>
</LocList>
</BasicBoolTerm>
<LocList>
<Loc EndOffset="10856" SrcFileId="4" StartOffset="10855"/>
</LocList>
</OpTerm>
</RootTerm>
</CondStmnt>
</StmntSeq>
</Branch>
<Keyword EndOffset="9792" SrcFileId="4" StartOffset="9790"/>
<LocList>
<Loc EndOffset="11269" SrcFileId="4" StartOffset="9790"/>
</LocList>
<RootTerm CovItemId="C31" CovItemPrefix="com.OriginalFiles.MI.java" Intrnl_Id="1559">
<BasicBoolTerm Intrnl_Id="1560">
<LocList>
<Loc EndOffset="9825" SrcFileId="4" StartOffset="9794"/>
</LocList>
</BasicBoolTerm>
</RootTerm>
</CondStmnt>
</StmntSeq>
</Branch>
<Branch CovItemId="B54" CovItemPrefix="com.OriginalFiles.MI.java" Implct="true" Intrnl_Id="1561">
<Cond/>
<LocList/>
<StmntSeq Intrnl_Id="1562">
<LocList/>
</StmntSeq>
</Branch>
<Keyword EndOffset="9564" SrcFileId="4" StartOffset="9562"/>
<LocList>
<Loc EndOffset="11292" SrcFileId="4" StartOffset="9562"/>
</LocList>
<RootTerm CovItemId="C30" CovItemPrefix="com.OriginalFiles.MI.java" Intrnl_Id="1563">
<OpTerm BooleanOpId="10" Intrnl_Id="1564">
<BasicBoolTerm Intrnl_Id="1565">
<LocList>
<Loc EndOffset="9600" SrcFileId="4" StartOffset="9566"/>
</LocList>
</BasicBoolTerm>
<BasicBoolTerm Intrnl_Id="1566">
<LocList>
<Loc EndOffset="9728" SrcFileId="4" StartOffset="9633"/>
</LocList>
</BasicBoolTerm>
<LocList>
<Loc EndOffset="9632" SrcFileId="4" StartOffset="9630"/>
</LocList>
</OpTerm>
</RootTerm>
</CondStmnt>
</StmntSeq>
</Branch>
<Branch CovItemId="B52" CovItemPrefix="com.OriginalFiles.MI.java" Implct="true" Intrnl_Id="1567">
<Cond/>
<LocList/>
<StmntSeq Intrnl_Id="1568">
<LocList/>
</StmntSeq>
</Branch>
<Keyword EndOffset="9519" SrcFileId="4" StartOffset="9517"/>
<LocList>
<Loc EndOffset="11311" SrcFileId="4" StartOffset="9517"/>
</LocList>
<RootTerm CovItemId="C29" CovItemPrefix="com.OriginalFiles.MI.java" Intrnl_Id="1569">
<OpTerm BooleanOpId="9" Intrnl_Id="1570">
<BasicBoolTerm Intrnl_Id="1571">
<LocList>
<Loc EndOffset="9537" SrcFileId="4" StartOffset="9522"/>
</LocList>
</BasicBoolTerm>
<LocList>
<Loc EndOffset="9522" SrcFileId="4" StartOffset="9521"/>
</LocList>
</OpTerm>
</RootTerm>
</CondStmnt>
</StmntSeq>
<Keyword EndOffset="9479" SrcFileId="4" StartOffset="9476"/>
<LocList>
<Loc EndOffset="11326" SrcFileId="4" StartOffset="9476"/>
</LocList>
</LoopStmnt>
</StmntSeq>
<Keyword EndOffset="9414" SrcFileId="4" StartOffset="9411"/>
<LocList>
<Loc EndOffset="11337" SrcFileId="4" StartOffset="9411"/>
</LocList>
</LoopStmnt>
<CondStmnt CovItemId="S140" CovItemPrefix="com.OriginalFiles.MI.java" Intrnl_Id="1572">
<Branch CovItemId="B61" CovItemPrefix="com.OriginalFiles.MI.java" Implct="false" Intrnl_Id="1573">
<Cond/>
<LocList>
<Loc EndOffset="11427" SrcFileId="4" StartOffset="11380"/>
</LocList>
<StmntSeq Intrnl_Id="1574">
<LocList>
<Loc EndOffset="11416" SrcFileId="4" StartOffset="11395"/>
</LocList>
<BasicStmnt CovItemId="S141" CovItemPrefix="com.OriginalFiles.MI.java" Intrnl_Id="1575">
<LocList>
<Loc EndOffset="11416" SrcFileId="4" StartOffset="11395"/>
</LocList>
</BasicStmnt>
</StmntSeq>
</Branch>
<Branch CovItemId="B62" CovItemPrefix="com.OriginalFiles.MI.java" Implct="false" Intrnl_Id="1576">
<Cond>
<Loc EndOffset="11432" SrcFileId="4" StartOffset="11428"/>
</Cond>
<LocList>
<Loc EndOffset="11476" SrcFileId="4" StartOffset="11433"/>
</LocList>
<StmntSeq Intrnl_Id="1577">
<LocList>
<Loc EndOffset="11465" SrcFileId="4" StartOffset="11448"/>
</LocList>
<BasicStmnt CovItemId="S142" CovItemPrefix="com.OriginalFiles.MI.java" Intrnl_Id="1578">
<LocList>
<Loc EndOffset="11465" SrcFileId="4" StartOffset="11448"/>
</LocList>
</BasicStmnt>
</StmntSeq>
</Branch>
<Keyword EndOffset="11351" SrcFileId="4" StartOffset="11349"/>
<LocList>
<Loc EndOffset="11476" SrcFileId="4" StartOffset="11349"/>
</LocList>
<RootTerm CovItemId="C34" CovItemPrefix="com.OriginalFiles.MI.java" Intrnl_Id="1579">
<BasicBoolTerm Intrnl_Id="1580">
<LocList>
<Loc EndOffset="11378" SrcFileId="4" StartOffset="11353"/>
</LocList>
</BasicBoolTerm>
</RootTerm>
</CondStmnt>
</StmntSeq>
</HierarchyLvl>
</HierarchyLvl>
<HierarchyLvl HierarchyLvlId="1868" HierarchyLvlTypeId="13" Intrnl_Id="1581" Name="Field">
<Header>
<Loc EndOffset="48" SrcFileId="5" StartOffset="30"/>
</Header>
<LocList>
<Loc EndOffset="1380" SrcFileId="5" StartOffset="30"/>
</LocList>
<StmntSeq Intrnl_Id="1582">
<LocList>
<Loc EndOffset="202" SrcFileId="5" StartOffset="171"/>
<Loc EndOffset="280" SrcFileId="5" StartOffset="246"/>
</LocList>
<BasicStmnt CovItemId="S1" CovItemPrefix="com.OriginalFiles.Field.java" Intrnl_Id="1583">
<LocList>
<Loc EndOffset="202" SrcFileId="5" StartOffset="171"/>
</LocList>
</BasicStmnt>
<BasicStmnt CovItemId="S2" CovItemPrefix="com.OriginalFiles.Field.java" Intrnl_Id="1584">
<LocList>
<Loc EndOffset="280" SrcFileId="5" StartOffset="246"/>
</LocList>
</BasicStmnt>
</StmntSeq>
<HierarchyLvl HierarchyLvlId="1861" HierarchyLvlTypeId="14" Intrnl_Id="1585" Name="Field">
<Header>
<Loc EndOffset="300" SrcFileId="5" StartOffset="286"/>
</Header>
<LocList>
<Loc EndOffset="304" SrcFileId="5" StartOffset="286"/>
</LocList>
</HierarchyLvl>
<HierarchyLvl HierarchyLvlId="1862" HierarchyLvlTypeId="14" Intrnl_Id="1586" Name="Field">
<Header>
<Loc EndOffset="347" SrcFileId="5" StartOffset="311"/>
</Header>
<LocList>
<Loc EndOffset="398" SrcFileId="5" StartOffset="311"/>
</LocList>
<StmntSeq Intrnl_Id="1587">
<LocList>
<Loc EndOffset="370" SrcFileId="5" StartOffset="359"/>
<Loc EndOffset="391" SrcFileId="5" StartOffset="380"/>
</LocList>
<BasicStmnt CovItemId="S3" CovItemPrefix="com.OriginalFiles.Field.java" Intrnl_Id="1588">
<LocList>
<Loc EndOffset="370" SrcFileId="5" StartOffset="359"/>
</LocList>
</BasicStmnt>
<BasicStmnt CovItemId="S4" CovItemPrefix="com.OriginalFiles.Field.java" Intrnl_Id="1589">
<LocList>
<Loc EndOffset="391" SrcFileId="5" StartOffset="380"/>
</LocList>
</BasicStmnt>
</StmntSeq>
</HierarchyLvl>
<HierarchyLvl HierarchyLvlId="1863" HierarchyLvlTypeId="14" Intrnl_Id="1590" Name="setPieceOnField">
<Header>
<Loc EndOffset="589" SrcFileId="5" StartOffset="538"/>
</Header>
<LocList>
<Loc EndOffset="711" SrcFileId="5" StartOffset="538"/>
</LocList>
<StmntSeq Intrnl_Id="1591">
<LocList>
<Loc EndOffset="627" SrcFileId="5" StartOffset="601"/>
<Loc EndOffset="704" SrcFileId="5" StartOffset="637"/>
</LocList>
<BasicStmnt CovItemId="S5" CovItemPrefix="com.OriginalFiles.Field.java" Intrnl_Id="1592">
<LocList>
<Loc EndOffset="627" SrcFileId="5" StartOffset="601"/>
</LocList>
</BasicStmnt>
<CondStmnt CovItemId="S6" CovItemPrefix="com.OriginalFiles.Field.java" Intrnl_Id="1593">
<Branch CovItemId="B1" CovItemPrefix="com.OriginalFiles.Field.java" Implct="false" Intrnl_Id="1594">
<Cond/>
<LocList>
<Loc EndOffset="704" SrcFileId="5" StartOffset="653"/>
</LocList>
<StmntSeq Intrnl_Id="1595">
<LocList>
<Loc EndOffset="693" SrcFileId="5" StartOffset="668"/>
</LocList>
<BasicStmnt CovItemId="S7" CovItemPrefix="com.OriginalFiles.Field.java" Intrnl_Id="1596">
<LocList>
<Loc EndOffset="693" SrcFileId="5" StartOffset="668"/>
</LocList>
</BasicStmnt>
</StmntSeq>
</Branch>
<Branch CovItemId="B2" CovItemPrefix="com.OriginalFiles.Field.java" Implct="true" Intrnl_Id="1597">
<Cond/>
<LocList/>
<StmntSeq Intrnl_Id="1598">
<LocList/>
</StmntSeq>
</Branch>
<Keyword EndOffset="639" SrcFileId="5" StartOffset="637"/>
<LocList>
<Loc EndOffset="704" SrcFileId="5" StartOffset="637"/>
</LocList>
<RootTerm CovItemId="C1" CovItemPrefix="com.OriginalFiles.Field.java" Intrnl_Id="1599">
<OpTerm BooleanOpId="9" Intrnl_Id="1600">
<BasicBoolTerm Intrnl_Id="1601">
<LocList>
<Loc EndOffset="651" SrcFileId="5" StartOffset="642"/>
</LocList>
</BasicBoolTerm>
<LocList>
<Loc EndOffset="642" SrcFileId="5" StartOffset="641"/>
</LocList>
</OpTerm>
</RootTerm>
</CondStmnt>
</StmntSeq>
</HierarchyLvl>
<HierarchyLvl HierarchyLvlId="1864" HierarchyLvlTypeId="14" Intrnl_Id="1602" Name="getPieceOnField">
<Header>
<Loc EndOffset="755" SrcFileId="5" StartOffset="719"/>
</Header>
<LocList>
<Loc EndOffset="794" SrcFileId="5" StartOffset="719"/>
</LocList>
<StmntSeq Intrnl_Id="1603">
<LocList>
<Loc EndOffset="787" SrcFileId="5" StartOffset="767"/>
</LocList>
<BasicStmnt CovItemId="S8" CovItemPrefix="com.OriginalFiles.Field.java" Intrnl_Id="1604">
<LocList>
<Loc EndOffset="787" SrcFileId="5" StartOffset="767"/>
</LocList>
</BasicStmnt>
</StmntSeq>
</HierarchyLvl>
<HierarchyLvl HierarchyLvlId="1865" HierarchyLvlTypeId="14" Intrnl_Id="1605" Name="isEmpty">
<Header>
<Loc EndOffset="888" SrcFileId="5" StartOffset="858"/>
</Header>
<LocList>
<Loc EndOffset="937" SrcFileId="5" StartOffset="858"/>
</LocList>
<StmntSeq Intrnl_Id="1606">
<LocList>
<Loc EndOffset="930" SrcFileId="5" StartOffset="900"/>
</LocList>
<BasicStmnt CovItemId="S9" CovItemPrefix="com.OriginalFiles.Field.java" Intrnl_Id="1607">
<LocList>
<Loc EndOffset="930" SrcFileId="5" StartOffset="900"/>
</LocList>
</BasicStmnt>
</StmntSeq>
</HierarchyLvl>
<HierarchyLvl HierarchyLvlId="1866" HierarchyLvlTypeId="14" Intrnl_Id="1608" Name="isPieceOfColor">
<Header>
<Loc EndOffset="1090" SrcFileId="5" StartOffset="1043"/>
</Header>
<LocList>
<Loc EndOffset="1232" SrcFileId="5" StartOffset="1043"/>
</LocList>
<StmntSeq Intrnl_Id="1609">
<LocList>
<Loc EndOffset="1225" SrcFileId="5" StartOffset="1102"/>
</LocList>
<CondStmnt CovItemId="S10" CovItemPrefix="com.OriginalFiles.Field.java" Intrnl_Id="1610">
<Branch CovItemId="B3" CovItemPrefix="com.OriginalFiles.Field.java" Implct="false" Intrnl_Id="1611">
<Cond/>
<LocList>
<Loc EndOffset="1156" SrcFileId="5" StartOffset="1117"/>
</LocList>
<StmntSeq Intrnl_Id="1612">
<LocList>
<Loc EndOffset="1145" SrcFileId="5" StartOffset="1132"/>
</LocList>
<BasicStmnt CovItemId="S11" CovItemPrefix="com.OriginalFiles.Field.java" Intrnl_Id="1613">
<LocList>
<Loc EndOffset="1145" SrcFileId="5" StartOffset="1132"/>
</LocList>
</BasicStmnt>
</StmntSeq>
</Branch>
<Branch CovItemId="B4" CovItemPrefix="com.OriginalFiles.Field.java" Implct="false" Intrnl_Id="1614">
<Cond>
<Loc EndOffset="1161" SrcFileId="5" StartOffset="1157"/>
</Cond>
<LocList>
<Loc EndOffset="1225" SrcFileId="5" StartOffset="1162"/>
</LocList>
<StmntSeq Intrnl_Id="1615">
<LocList>
<Loc EndOffset="1214" SrcFileId="5" StartOffset="1177"/>
</LocList>
<BasicStmnt CovItemId="S12" CovItemPrefix="com.OriginalFiles.Field.java" Intrnl_Id="1616">
<LocList>
<Loc EndOffset="1214" SrcFileId="5" StartOffset="1177"/>
</LocList>
</BasicStmnt>
</StmntSeq>
</Branch>
<Keyword EndOffset="1104" SrcFileId="5" StartOffset="1102"/>
<LocList>
<Loc EndOffset="1225" SrcFileId="5" StartOffset="1102"/>
</LocList>
<RootTerm CovItemId="C2" CovItemPrefix="com.OriginalFiles.Field.java" Intrnl_Id="1617">
<BasicBoolTerm Intrnl_Id="1618">
<LocList>
<Loc EndOffset="1115" SrcFileId="5" StartOffset="1106"/>
</LocList>
</BasicBoolTerm>
</RootTerm>
</CondStmnt>
</StmntSeq>
</HierarchyLvl>
<HierarchyLvl HierarchyLvlId="1867" HierarchyLvlTypeId="14" Intrnl_Id="1619" Name="emptyThisField">
<Header>
<Loc EndOffset="1338" SrcFileId="5" StartOffset="1304"/>
</Header>
<LocList>
<Loc EndOffset="1377" SrcFileId="5" StartOffset="1304"/>
</LocList>
<StmntSeq Intrnl_Id="1620">
<LocList>
<Loc EndOffset="1370" SrcFileId="5" StartOffset="1350"/>
</LocList>
<BasicStmnt CovItemId="S13" CovItemPrefix="com.OriginalFiles.Field.java" Intrnl_Id="1621">
<LocList>
<Loc EndOffset="1370" SrcFileId="5" StartOffset="1350"/>
</LocList>
</BasicStmnt>
</StmntSeq>
</HierarchyLvl>
</HierarchyLvl>
<HierarchyLvl HierarchyLvlId="1874" HierarchyLvlTypeId="13" Intrnl_Id="1622" Name="Communication">
<Header>
<Loc EndOffset="56" SrcFileId="6" StartOffset="30"/>
</Header>
<LocList>
<Loc EndOffset="555" SrcFileId="6" StartOffset="30"/>
</LocList>
<HierarchyLvl HierarchyLvlId="1869" HierarchyLvlTypeId="14" Intrnl_Id="1623" Name="Communication">
<Header>
<Loc EndOffset="117" SrcFileId="6" StartOffset="66"/>
</Header>
<LocList>
<Loc EndOffset="175" SrcFileId="6" StartOffset="66"/>
</LocList>
</HierarchyLvl>
<HierarchyLvl HierarchyLvlId="1870" HierarchyLvlTypeId="14" Intrnl_Id="1624" Name="myKingNotPlaced">
<Header>
<Loc EndOffset="212" SrcFileId="6" StartOffset="183"/>
</Header>
<LocList>
<Loc EndOffset="275" SrcFileId="6" StartOffset="183"/>
</LocList>
</HierarchyLvl>
<HierarchyLvl HierarchyLvlId="1871" HierarchyLvlTypeId="14" Intrnl_Id="1625" Name="humanWon">
<Header>
<Loc EndOffset="305" SrcFileId="6" StartOffset="283"/>
</Header>
<LocList>
<Loc EndOffset="368" SrcFileId="6" StartOffset="283"/>
</LocList>
</HierarchyLvl>
<HierarchyLvl HierarchyLvlId="1872" HierarchyLvlTypeId="14" Intrnl_Id="1626" Name="robotWon">
<Header>
<Loc EndOffset="398" SrcFileId="6" StartOffset="376"/>
</Header>
<LocList>
<Loc EndOffset="461" SrcFileId="6" StartOffset="376"/>
</LocList>
</HierarchyLvl>
<HierarchyLvl HierarchyLvlId="1873" HierarchyLvlTypeId="14" Intrnl_Id="1627" Name="draw">
<Header>
<Loc EndOffset="487" SrcFileId="6" StartOffset="469"/>
</Header>
<LocList>
<Loc EndOffset="550" SrcFileId="6" StartOffset="469"/>
</LocList>
</HierarchyLvl>
</HierarchyLvl>
<HierarchyLvl HierarchyLvlId="1900" HierarchyLvlTypeId="13" Intrnl_Id="1628" Name="Board">
<Header>
<Loc EndOffset="170" SrcFileId="7" StartOffset="152"/>
</Header>
<LocList>
<Loc EndOffset="16506" SrcFileId="7" StartOffset="152"/>
</LocList>
<StmntSeq Intrnl_Id="1629">
<LocList>
<Loc EndOffset="223" SrcFileId="7" StartOffset="180"/>
<Loc EndOffset="269" SrcFileId="7" StartOffset="229"/>
<Loc EndOffset="318" SrcFileId="7" StartOffset="275"/>
<Loc EndOffset="370" SrcFileId="7" StartOffset="324"/>
<Loc EndOffset="425" SrcFileId="7" StartOffset="376"/>
</LocList>
<BasicStmnt CovItemId="S1" CovItemPrefix="com.OriginalFiles.Board.java" Intrnl_Id="1630">
<LocList>
<Loc EndOffset="223" SrcFileId="7" StartOffset="180"/>
</LocList>
</BasicStmnt>
<BasicStmnt CovItemId="S2" CovItemPrefix="com.OriginalFiles.Board.java" Intrnl_Id="1631">
<LocList>
<Loc EndOffset="269" SrcFileId="7" StartOffset="229"/>
</LocList>
</BasicStmnt>
<BasicStmnt CovItemId="S3" CovItemPrefix="com.OriginalFiles.Board.java" Intrnl_Id="1632">
<LocList>
<Loc EndOffset="318" SrcFileId="7" StartOffset="275"/>
</LocList>
</BasicStmnt>
<BasicStmnt CovItemId="S4" CovItemPrefix="com.OriginalFiles.Board.java" Intrnl_Id="1633">
<LocList>
<Loc EndOffset="370" SrcFileId="7" StartOffset="324"/>
</LocList>
</BasicStmnt>
<BasicStmnt CovItemId="S5" CovItemPrefix="com.OriginalFiles.Board.java" Intrnl_Id="1634">
<LocList>
<Loc EndOffset="425" SrcFileId="7" StartOffset="376"/>
</LocList>
</BasicStmnt>
</StmntSeq>
<HierarchyLvl HierarchyLvlId="1875" HierarchyLvlTypeId="14" Intrnl_Id="1635" Name="Board">
<Header>
<Loc EndOffset="688" SrcFileId="7" StartOffset="591"/>
</Header>
<LocList>
<Loc EndOffset="3729" SrcFileId="7" StartOffset="591"/>
</LocList>
<StmntSeq Intrnl_Id="1636">
<LocList>
<Loc EndOffset="741" SrcFileId="7" StartOffset="700"/>
<Loc EndOffset="800" SrcFileId="7" StartOffset="751"/>
<Loc EndOffset="842" SrcFileId="7" StartOffset="810"/>
<Loc EndOffset="873" SrcFileId="7" StartOffset="852"/>
<Loc EndOffset="2342" SrcFileId="7" StartOffset="944"/>
<Loc EndOffset="2829" SrcFileId="7" StartOffset="2480"/>
<Loc EndOffset="3184" SrcFileId="7" StartOffset="2839"/>
<Loc EndOffset="3461" SrcFileId="7" StartOffset="3215"/>
<Loc EndOffset="3722" SrcFileId="7" StartOffset="3473"/>
</LocList>
<BasicStmnt CovItemId="S6" CovItemPrefix="com.OriginalFiles.Board.java" Intrnl_Id="1637">
<LocList>
<Loc EndOffset="741" SrcFileId="7" StartOffset="700"/>
</LocList>
</BasicStmnt>
<BasicStmnt CovItemId="S7" CovItemPrefix="com.OriginalFiles.Board.java" Intrnl_Id="1638">
<LocList>
<Loc EndOffset="800" SrcFileId="7" StartOffset="751"/>
</LocList>
</BasicStmnt>
<BasicStmnt CovItemId="S8" CovItemPrefix="com.OriginalFiles.Board.java" Intrnl_Id="1639">
<LocList>
<Loc EndOffset="842" SrcFileId="7" StartOffset="810"/>
</LocList>
</BasicStmnt>
<BasicStmnt CovItemId="S9" CovItemPrefix="com.OriginalFiles.Board.java" Intrnl_Id="1640">
<LocList>
<Loc EndOffset="873" SrcFileId="7" StartOffset="852"/>
</LocList>
</BasicStmnt>
<LoopStmnt CovItemId="S10" CovItemPrefix="com.OriginalFiles.Board.java" Intrnl_Id="1641" MltplExecId="L1-2" MltplExecPrefix="com.OriginalFiles.Board.java" NvrExecId="L1-0" NvrExecPrefix="com.OriginalFiles.Board.java" OnceExecutedId="L1-1" OnceExecutedPrefix="com.OriginalFiles.Board.java" OptBodyExec="true">
<StmntSeq Intrnl_Id="1642">
<LocList>
<Loc EndOffset="2331" SrcFileId="7" StartOffset="983"/>
</LocList>
<LoopStmnt CovItemId="S11" CovItemPrefix="com.OriginalFiles.Board.java" Intrnl_Id="1643" MltplExecId="L2-2" MltplExecPrefix="com.OriginalFiles.Board.java" NvrExecId="L2-0" NvrExecPrefix="com.OriginalFiles.Board.java" OnceExecutedId="L2-1" OnceExecutedPrefix="com.OriginalFiles.Board.java" OptBodyExec="true">
<StmntSeq Intrnl_Id="1644">
<LocList>
<Loc EndOffset="1051" SrcFileId="7" StartOffset="1026"/>
<Loc EndOffset="1080" SrcFileId="7" StartOffset="1069"/>
<Loc EndOffset="1109" SrcFileId="7" StartOffset="1098"/>
<Loc EndOffset="2277" SrcFileId="7" StartOffset="1234"/>
<Loc EndOffset="2316" SrcFileId="7" StartOffset="2295"/>
</LocList>
<BasicStmnt CovItemId="S12" CovItemPrefix="com.OriginalFiles.Board.java" Intrnl_Id="1645">
<LocList>
<Loc EndOffset="1051" SrcFileId="7" StartOffset="1026"/>
</LocList>
</BasicStmnt>
<BasicStmnt CovItemId="S13" CovItemPrefix="com.OriginalFiles.Board.java" Intrnl_Id="1646">
<LocList>
<Loc EndOffset="1080" SrcFileId="7" StartOffset="1069"/>
</LocList>
</BasicStmnt>
<BasicStmnt CovItemId="S14" CovItemPrefix="com.OriginalFiles.Board.java" Intrnl_Id="1647">
<LocList>
<Loc EndOffset="1109" SrcFileId="7" StartOffset="1098"/>
</LocList>
</BasicStmnt>
<CondStmnt CovItemId="S15" CovItemPrefix="com.OriginalFiles.Board.java" Intrnl_Id="1648">
<Branch CovItemId="B1" CovItemPrefix="com.OriginalFiles.Board.java" Implct="false" Intrnl_Id="1649">
<Cond/>
<LocList>
<Loc EndOffset="2203" SrcFileId="7" StartOffset="1256"/>
</LocList>
<StmntSeq Intrnl_Id="1650">
<LocList>
<Loc EndOffset="1304" SrcFileId="7" StartOffset="1279"/>
<Loc EndOffset="1352" SrcFileId="7" StartOffset="1326"/>
<Loc EndOffset="1783" SrcFileId="7" StartOffset="1374"/>
<Loc EndOffset="2127" SrcFileId="7" StartOffset="1840"/>
<Loc EndOffset="2184" SrcFileId="7" StartOffset="2149"/>
</LocList>
<BasicStmnt CovItemId="S16" CovItemPrefix="com.OriginalFiles.Board.java" Intrnl_Id="1651">
<LocList>
<Loc EndOffset="1304" SrcFileId="7" StartOffset="1279"/>
</LocList>
</BasicStmnt>
<BasicStmnt CovItemId="S17" CovItemPrefix="com.OriginalFiles.Board.java" Intrnl_Id="1652">
<LocList>
<Loc EndOffset="1352" SrcFileId="7" StartOffset="1326"/>
</LocList>
</BasicStmnt>
<CondStmnt CovItemId="S18" CovItemPrefix="com.OriginalFiles.Board.java" Intrnl_Id="1653">
<Branch CovItemId="B3" CovItemPrefix="com.OriginalFiles.Board.java" Implct="false" Intrnl_Id="1654">
<Cond/>
<LocList>
<Loc EndOffset="1783" SrcFileId="7" StartOffset="1385"/>
</LocList>
<StmntSeq Intrnl_Id="1655">
<LocList>
<Loc EndOffset="1443" SrcFileId="7" StartOffset="1412"/>
<Loc EndOffset="1505" SrcFileId="7" StartOffset="1469"/>
<Loc EndOffset="1760" SrcFileId="7" StartOffset="1659"/>
</LocList>
<BasicStmnt CovItemId="S19" CovItemPrefix="com.OriginalFiles.Board.java" Intrnl_Id="1656">
<LocList>
<Loc EndOffset="1443" SrcFileId="7" StartOffset="1412"/>
</LocList>
</BasicStmnt>
<BasicStmnt CovItemId="S20" CovItemPrefix="com.OriginalFiles.Board.java" Intrnl_Id="1657">
<LocList>
<Loc EndOffset="1505" SrcFileId="7" StartOffset="1469"/>
</LocList>
</BasicStmnt>
<CondStmnt CovItemId="S21" CovItemPrefix="com.OriginalFiles.Board.java" Intrnl_Id="1658">
<Branch CovItemId="B5" CovItemPrefix="com.OriginalFiles.Board.java" Implct="false" Intrnl_Id="1659">
<Cond/>
<LocList>
<Loc EndOffset="1760" SrcFileId="7" StartOffset="1671"/>
</LocList>
<StmntSeq Intrnl_Id="1660">
<LocList>
<Loc EndOffset="1733" SrcFileId="7" StartOffset="1702"/>
</LocList>
<BasicStmnt CovItemId="S22" CovItemPrefix="com.OriginalFiles.Board.java" Intrnl_Id="1661">
<LocList>
<Loc EndOffset="1733" SrcFileId="7" StartOffset="1702"/>
</LocList>
</BasicStmnt>
</StmntSeq>
</Branch>
<Branch CovItemId="B6" CovItemPrefix="com.OriginalFiles.Board.java" Implct="true" Intrnl_Id="1662">
<Cond/>
<LocList/>
<StmntSeq Intrnl_Id="1663">
<LocList/>
</StmntSeq>
</Branch>
<Keyword EndOffset="1661" SrcFileId="7" StartOffset="1659"/>
<LocList>
<Loc EndOffset="1760" SrcFileId="7" StartOffset="1659"/>
</LocList>
<RootTerm CovItemId="C5" CovItemPrefix="com.OriginalFiles.Board.java" Intrnl_Id="1664">
<BasicBoolTerm Intrnl_Id="1665">
<LocList>
<Loc EndOffset="1669" SrcFileId="7" StartOffset="1663"/>
</LocList>
</BasicBoolTerm>
</RootTerm>
</CondStmnt>
</StmntSeq>
</Branch>
<Branch CovItemId="B4" CovItemPrefix="com.OriginalFiles.Board.java" Implct="true" Intrnl_Id="1666">
<Cond/>
<LocList/>
<StmntSeq Intrnl_Id="1667">
<LocList/>
</StmntSeq>
</Branch>
<Keyword EndOffset="1376" SrcFileId="7" StartOffset="1374"/>
<LocList>
<Loc EndOffset="1783" SrcFileId="7" StartOffset="1374"/>
</LocList>
<RootTerm CovItemId="C4" CovItemPrefix="com.OriginalFiles.Board.java" Intrnl_Id="1668">
<BasicBoolTerm Intrnl_Id="1669">
<LocList>
<Loc EndOffset="1383" SrcFileId="7" StartOffset="1378"/>
</LocList>
</BasicBoolTerm>
</RootTerm>
</CondStmnt>
<CondStmnt CovItemId="S23" CovItemPrefix="com.OriginalFiles.Board.java" Intrnl_Id="1670">
<Branch CovItemId="B7" CovItemPrefix="com.OriginalFiles.Board.java" Implct="false" Intrnl_Id="1671">
<Cond/>
<LocList>
<Loc EndOffset="2127" SrcFileId="7" StartOffset="1851"/>
</LocList>
<StmntSeq Intrnl_Id="1672">
<LocList>
<Loc EndOffset="1909" SrcFileId="7" StartOffset="1878"/>
<Loc EndOffset="1977" SrcFileId="7" StartOffset="1935"/>
<Loc EndOffset="2104" SrcFileId="7" StartOffset="2003"/>
</LocList>
<BasicStmnt CovItemId="S24" CovItemPrefix="com.OriginalFiles.Board.java" Intrnl_Id="1673">
<LocList>
<Loc EndOffset="1909" SrcFileId="7" StartOffset="1878"/>
</LocList>
</BasicStmnt>
<BasicStmnt CovItemId="S25" CovItemPrefix="com.OriginalFiles.Board.java" Intrnl_Id="1674">
<LocList>
<Loc EndOffset="1977" SrcFileId="7" StartOffset="1935"/>
</LocList>
</BasicStmnt>
<CondStmnt CovItemId="S26" CovItemPrefix="com.OriginalFiles.Board.java" Intrnl_Id="1675">
<Branch CovItemId="B9" CovItemPrefix="com.OriginalFiles.Board.java" Implct="false" Intrnl_Id="1676">
<Cond/>
<LocList>
<Loc EndOffset="2104" SrcFileId="7" StartOffset="2015"/>
</LocList>
<StmntSeq Intrnl_Id="1677">
<LocList>
<Loc EndOffset="2077" SrcFileId="7" StartOffset="2046"/>
</LocList>
<BasicStmnt CovItemId="S27" CovItemPrefix="com.OriginalFiles.Board.java" Intrnl_Id="1678">
<LocList>
<Loc EndOffset="2077" SrcFileId="7" StartOffset="2046"/>
</LocList>
</BasicStmnt>
</StmntSeq>
</Branch>
<Branch CovItemId="B10" CovItemPrefix="com.OriginalFiles.Board.java" Implct="true" Intrnl_Id="1679">
<Cond/>
<LocList/>
<StmntSeq Intrnl_Id="1680">
<LocList/>
</StmntSeq>
</Branch>
<Keyword EndOffset="2005" SrcFileId="7" StartOffset="2003"/>
<LocList>
<Loc EndOffset="2104" SrcFileId="7" StartOffset="2003"/>
</LocList>
<RootTerm CovItemId="C7" CovItemPrefix="com.OriginalFiles.Board.java" Intrnl_Id="1681">
<BasicBoolTerm Intrnl_Id="1682">
<LocList>
<Loc EndOffset="2013" SrcFileId="7" StartOffset="2007"/>
</LocList>
</BasicBoolTerm>
</RootTerm>
</CondStmnt>
</StmntSeq>
</Branch>
<Branch CovItemId="B8" CovItemPrefix="com.OriginalFiles.Board.java" Implct="true" Intrnl_Id="1683">
<Cond/>
<LocList/>
<StmntSeq Intrnl_Id="1684">
<LocList/>
</StmntSeq>
</Branch>
<Keyword EndOffset="1842" SrcFileId="7" StartOffset="1840"/>
<LocList>
<Loc EndOffset="2127" SrcFileId="7" StartOffset="1840"/>
</LocList>
<RootTerm CovItemId="C6" CovItemPrefix="com.OriginalFiles.Board.java" Intrnl_Id="1685">
<BasicBoolTerm Intrnl_Id="1686">
<LocList>
<Loc EndOffset="1849" SrcFileId="7" StartOffset="1844"/>
</LocList>
</BasicBoolTerm>
</RootTerm>
</CondStmnt>
<BasicStmnt CovItemId="S28" CovItemPrefix="com.OriginalFiles.Board.java" Intrnl_Id="1687">
<LocList>
<Loc EndOffset="2184" SrcFileId="7" StartOffset="2149"/>
</LocList>
</BasicStmnt>
</StmntSeq>
</Branch>
<Branch CovItemId="B2" CovItemPrefix="com.OriginalFiles.Board.java" Implct="false" Intrnl_Id="1688">
<Cond>
<Loc EndOffset="2208" SrcFileId="7" StartOffset="2204"/>
</Cond>
<LocList>
<Loc EndOffset="2277" SrcFileId="7" StartOffset="2209"/>
</LocList>
<StmntSeq Intrnl_Id="1689">
<LocList>
<Loc EndOffset="2258" SrcFileId="7" StartOffset="2232"/>
</LocList>
<BasicStmnt CovItemId="S29" CovItemPrefix="com.OriginalFiles.Board.java" Intrnl_Id="1690">
<LocList>
<Loc EndOffset="2258" SrcFileId="7" StartOffset="2232"/>
</LocList>
</BasicStmnt>
</StmntSeq>
</Branch>
<Keyword EndOffset="1236" SrcFileId="7" StartOffset="1234"/>
<LocList>
<Loc EndOffset="2277" SrcFileId="7" StartOffset="1234"/>
</LocList>
<RootTerm CovItemId="C3" CovItemPrefix="com.OriginalFiles.Board.java" Intrnl_Id="1691">
<BasicBoolTerm Intrnl_Id="1692">
<LocList>
<Loc EndOffset="1254" SrcFileId="7" StartOffset="1238"/>
</LocList>
</BasicBoolTerm>
</RootTerm>
</CondStmnt>
<BasicStmnt CovItemId="S30" CovItemPrefix="com.OriginalFiles.Board.java" Intrnl_Id="1693">
<LocList>
<Loc EndOffset="2316" SrcFileId="7" StartOffset="2295"/>
</LocList>
</BasicStmnt>
</StmntSeq>
<Keyword EndOffset="986" SrcFileId="7" StartOffset="983"/>
<LocList>
<Loc EndOffset="2331" SrcFileId="7" StartOffset="983"/>
</LocList>
<RootTerm CovItemId="C2" CovItemPrefix="com.OriginalFiles.Board.java" Intrnl_Id="1694">
<BasicBoolTerm Intrnl_Id="1695">
<LocList>
<Loc EndOffset="1000" SrcFileId="7" StartOffset="995"/>
</LocList>
</BasicBoolTerm>
</RootTerm>
</LoopStmnt>
</StmntSeq>
<Keyword EndOffset="947" SrcFileId="7" StartOffset="944"/>
<LocList>
<Loc EndOffset="2342" SrcFileId="7" StartOffset="944"/>
</LocList>
<RootTerm CovItemId="C1" CovItemPrefix="com.OriginalFiles.Board.java" Intrnl_Id="1696">
<BasicBoolTerm Intrnl_Id="1697">
<LocList>
<Loc EndOffset="961" SrcFileId="7" StartOffset="956"/>
</LocList>
</BasicBoolTerm>
</RootTerm>
</LoopStmnt>
<LoopStmnt CovItemId="S31" CovItemPrefix="com.OriginalFiles.Board.java" Intrnl_Id="1698" MltplExecId="L3-2" MltplExecPrefix="com.OriginalFiles.Board.java" NvrExecId="L3-0" NvrExecPrefix="com.OriginalFiles.Board.java" OnceExecutedId="L3-1" OnceExecutedPrefix="com.OriginalFiles.Board.java" OptBodyExec="true">
<StmntSeq Intrnl_Id="1699">
<LocList>
<Loc EndOffset="2548" SrcFileId="7" StartOffset="2523"/>
<Loc EndOffset="2573" SrcFileId="7" StartOffset="2562"/>
<Loc EndOffset="2599" SrcFileId="7" StartOffset="2587"/>
<Loc EndOffset="2647" SrcFileId="7" StartOffset="2613"/>
<Loc EndOffset="2697" SrcFileId="7" StartOffset="2661"/>
<Loc EndOffset="2738" SrcFileId="7" StartOffset="2711"/>
<Loc EndOffset="2784" SrcFileId="7" StartOffset="2752"/>
<Loc EndOffset="2818" SrcFileId="7" StartOffset="2798"/>
</LocList>
<BasicStmnt CovItemId="S32" CovItemPrefix="com.OriginalFiles.Board.java" Intrnl_Id="1700">
<LocList>
<Loc EndOffset="2548" SrcFileId="7" StartOffset="2523"/>
</LocList>
</BasicStmnt>
<BasicStmnt CovItemId="S33" CovItemPrefix="com.OriginalFiles.Board.java" Intrnl_Id="1701">
<LocList>
<Loc EndOffset="2573" SrcFileId="7" StartOffset="2562"/>
</LocList>
</BasicStmnt>
<BasicStmnt CovItemId="S34" CovItemPrefix="com.OriginalFiles.Board.java" Intrnl_Id="1702">
<LocList>
<Loc EndOffset="2599" SrcFileId="7" StartOffset="2587"/>
</LocList>
</BasicStmnt>
<BasicStmnt CovItemId="S35" CovItemPrefix="com.OriginalFiles.Board.java" Intrnl_Id="1703">
<LocList>
<Loc EndOffset="2647" SrcFileId="7" StartOffset="2613"/>
</LocList>
</BasicStmnt>
<BasicStmnt CovItemId="S36" CovItemPrefix="com.OriginalFiles.Board.java" Intrnl_Id="1704">
<LocList>
<Loc EndOffset="2697" SrcFileId="7" StartOffset="2661"/>
</LocList>
</BasicStmnt>
<BasicStmnt CovItemId="S37" CovItemPrefix="com.OriginalFiles.Board.java" Intrnl_Id="1705">
<LocList>
<Loc EndOffset="2738" SrcFileId="7" StartOffset="2711"/>
</LocList>
</BasicStmnt>
<BasicStmnt CovItemId="S38" CovItemPrefix="com.OriginalFiles.Board.java" Intrnl_Id="1706">
<LocList>
<Loc EndOffset="2784" SrcFileId="7" StartOffset="2752"/>
</LocList>
</BasicStmnt>
<BasicStmnt CovItemId="S39" CovItemPrefix="com.OriginalFiles.Board.java" Intrnl_Id="1707">
<LocList>
<Loc EndOffset="2818" SrcFileId="7" StartOffset="2798"/>
</LocList>
</BasicStmnt>
</StmntSeq>
<Keyword EndOffset="2483" SrcFileId="7" StartOffset="2480"/>
<LocList>
<Loc EndOffset="2829" SrcFileId="7" StartOffset="2480"/>
</LocList>
<RootTerm CovItemId="C8" CovItemPrefix="com.OriginalFiles.Board.java" Intrnl_Id="1708">
<BasicBoolTerm Intrnl_Id="1709">
<LocList>
<Loc EndOffset="2501" SrcFileId="7" StartOffset="2496"/>
</LocList>
</BasicBoolTerm>
</RootTerm>
</LoopStmnt>
<LoopStmnt CovItemId="S40" CovItemPrefix="com.OriginalFiles.Board.java" Intrnl_Id="1710" MltplExecId="L4-2" MltplExecPrefix="com.OriginalFiles.Board.java" NvrExecId="L4-0" NvrExecPrefix="com.OriginalFiles.Board.java" OnceExecutedId="L4-1" OnceExecutedPrefix="com.OriginalFiles.Board.java" OptBodyExec="true">
<StmntSeq Intrnl_Id="1711">
<LocList>
<Loc EndOffset="2907" SrcFileId="7" StartOffset="2882"/>
<Loc EndOffset="2932" SrcFileId="7" StartOffset="2921"/>
<Loc EndOffset="2957" SrcFileId="7" StartOffset="2946"/>
<Loc EndOffset="3005" SrcFileId="7" StartOffset="2971"/>
<Loc EndOffset="3049" SrcFileId="7" StartOffset="3019"/>
<Loc EndOffset="3090" SrcFileId="7" StartOffset="3063"/>
<Loc EndOffset="3136" SrcFileId="7" StartOffset="3104"/>
<Loc EndOffset="3173" SrcFileId="7" StartOffset="3150"/>
</LocList>
<BasicStmnt CovItemId="S41" CovItemPrefix="com.OriginalFiles.Board.java" Intrnl_Id="1712">
<LocList>
<Loc EndOffset="2907" SrcFileId="7" StartOffset="2882"/>
</LocList>
</BasicStmnt>
<BasicStmnt CovItemId="S42" CovItemPrefix="com.OriginalFiles.Board.java" Intrnl_Id="1713">
<LocList>
<Loc EndOffset="2932" SrcFileId="7" StartOffset="2921"/>
</LocList>
</BasicStmnt>
<BasicStmnt CovItemId="S43" CovItemPrefix="com.OriginalFiles.Board.java" Intrnl_Id="1714">
<LocList>
<Loc EndOffset="2957" SrcFileId="7" StartOffset="2946"/>
</LocList>
</BasicStmnt>
<BasicStmnt CovItemId="S44" CovItemPrefix="com.OriginalFiles.Board.java" Intrnl_Id="1715">
<LocList>
<Loc EndOffset="3005" SrcFileId="7" StartOffset="2971"/>
</LocList>
</BasicStmnt>
<BasicStmnt CovItemId="S45" CovItemPrefix="com.OriginalFiles.Board.java" Intrnl_Id="1716">
<LocList>
<Loc EndOffset="3049" SrcFileId="7" StartOffset="3019"/>
</LocList>
</BasicStmnt>
<BasicStmnt CovItemId="S46" CovItemPrefix="com.OriginalFiles.Board.java" Intrnl_Id="1717">
<LocList>
<Loc EndOffset="3090" SrcFileId="7" StartOffset="3063"/>
</LocList>
</BasicStmnt>
<BasicStmnt CovItemId="S47" CovItemPrefix="com.OriginalFiles.Board.java" Intrnl_Id="1718">
<LocList>
<Loc EndOffset="3136" SrcFileId="7" StartOffset="3104"/>
</LocList>
</BasicStmnt>
<BasicStmnt CovItemId="S48" CovItemPrefix="com.OriginalFiles.Board.java" Intrnl_Id="1719">
<LocList>
<Loc EndOffset="3173" SrcFileId="7" StartOffset="3150"/>
</LocList>
</BasicStmnt>
</StmntSeq>
<Keyword EndOffset="2842" SrcFileId="7" StartOffset="2839"/>
<LocList>
<Loc EndOffset="3184" SrcFileId="7" StartOffset="2839"/>
</LocList>
<RootTerm CovItemId="C9" CovItemPrefix="com.OriginalFiles.Board.java" Intrnl_Id="1720">
<BasicBoolTerm Intrnl_Id="1721">
<LocList>
<Loc EndOffset="2860" SrcFileId="7" StartOffset="2855"/>
</LocList>
</BasicBoolTerm>
</RootTerm>
</LoopStmnt>
<LoopStmnt CovItemId="S49" CovItemPrefix="com.OriginalFiles.Board.java" Intrnl_Id="1722" MltplExecId="L5-2" MltplExecPrefix="com.OriginalFiles.Board.java" NvrExecId="L5-0" NvrExecPrefix="com.OriginalFiles.Board.java" OnceExecutedId="L5-1" OnceExecutedPrefix="com.OriginalFiles.Board.java" OptBodyExec="true">
<StmntSeq Intrnl_Id="1723">
<LocList>
<Loc EndOffset="3450" SrcFileId="7" StartOffset="3258"/>
</LocList>
<LoopStmnt CovItemId="S50" CovItemPrefix="com.OriginalFiles.Board.java" Intrnl_Id="1724" MltplExecId="L6-2" MltplExecPrefix="com.OriginalFiles.Board.java" NvrExecId="L6-0" NvrExecPrefix="com.OriginalFiles.Board.java" OnceExecutedId="L6-1" OnceExecutedPrefix="com.OriginalFiles.Board.java" OptBodyExec="true">
<StmntSeq Intrnl_Id="1725">
<LocList>
<Loc EndOffset="3330" SrcFileId="7" StartOffset="3305"/>
<Loc EndOffset="3359" SrcFileId="7" StartOffset="3348"/>
<Loc EndOffset="3393" SrcFileId="7" StartOffset="3377"/>
<Loc EndOffset="3435" SrcFileId="7" StartOffset="3411"/>
</LocList>
<BasicStmnt CovItemId="S51" CovItemPrefix="com.OriginalFiles.Board.java" Intrnl_Id="1726">
<LocList>
<Loc EndOffset="3330" SrcFileId="7" StartOffset="3305"/>
</LocList>
</BasicStmnt>
<BasicStmnt CovItemId="S52" CovItemPrefix="com.OriginalFiles.Board.java" Intrnl_Id="1727">
<LocList>
<Loc EndOffset="3359" SrcFileId="7" StartOffset="3348"/>
</LocList>
</BasicStmnt>
<BasicStmnt CovItemId="S53" CovItemPrefix="com.OriginalFiles.Board.java" Intrnl_Id="1728">
<LocList>
<Loc EndOffset="3393" SrcFileId="7" StartOffset="3377"/>
</LocList>
</BasicStmnt>
<BasicStmnt CovItemId="S54" CovItemPrefix="com.OriginalFiles.Board.java" Intrnl_Id="1729">
<LocList>
<Loc EndOffset="3435" SrcFileId="7" StartOffset="3411"/>
</LocList>
</BasicStmnt>
</StmntSeq>
<Keyword EndOffset="3261" SrcFileId="7" StartOffset="3258"/>
<LocList>
<Loc EndOffset="3450" SrcFileId="7" StartOffset="3258"/>
</LocList>
<RootTerm CovItemId="C11" CovItemPrefix="com.OriginalFiles.Board.java" Intrnl_Id="1730">
<BasicBoolTerm Intrnl_Id="1731">
<LocList>
<Loc EndOffset="3279" SrcFileId="7" StartOffset="3274"/>
</LocList>
</BasicBoolTerm>
</RootTerm>
</LoopStmnt>
</StmntSeq>
<Keyword EndOffset="3218" SrcFileId="7" StartOffset="3215"/>
<LocList>
<Loc EndOffset="3461" SrcFileId="7" StartOffset="3215"/>
</LocList>
<RootTerm CovItemId="C10" CovItemPrefix="com.OriginalFiles.Board.java" Intrnl_Id="1732">
<BasicBoolTerm Intrnl_Id="1733">
<LocList>
<Loc EndOffset="3236" SrcFileId="7" StartOffset="3231"/>
</LocList>
</BasicBoolTerm>
</RootTerm>
</LoopStmnt>
<LoopStmnt CovItemId="S55" CovItemPrefix="com.OriginalFiles.Board.java" Intrnl_Id="1734" MltplExecId="L7-2" MltplExecPrefix="com.OriginalFiles.Board.java" NvrExecId="L7-0" NvrExecPrefix="com.OriginalFiles.Board.java" OnceExecutedId="L7-1" OnceExecutedPrefix="com.OriginalFiles.Board.java" OptBodyExec="true">
<StmntSeq Intrnl_Id="1735">
<LocList>
<Loc EndOffset="3711" SrcFileId="7" StartOffset="3516"/>
</LocList>
<LoopStmnt CovItemId="S56" CovItemPrefix="com.OriginalFiles.Board.java" Intrnl_Id="1736" MltplExecId="L8-2" MltplExecPrefix="com.OriginalFiles.Board.java" NvrExecId="L8-0" NvrExecPrefix="com.OriginalFiles.Board.java" OnceExecutedId="L8-1" OnceExecutedPrefix="com.OriginalFiles.Board.java" OptBodyExec="true">
<StmntSeq Intrnl_Id="1737">
<LocList>
<Loc EndOffset="3588" SrcFileId="7" StartOffset="3563"/>
<Loc EndOffset="3617" SrcFileId="7" StartOffset="3606"/>
<Loc EndOffset="3651" SrcFileId="7" StartOffset="3635"/>
<Loc EndOffset="3696" SrcFileId="7" StartOffset="3669"/>
</LocList>
<BasicStmnt CovItemId="S57" CovItemPrefix="com.OriginalFiles.Board.java" Intrnl_Id="1738">
<LocList>
<Loc EndOffset="3588" SrcFileId="7" StartOffset="3563"/>
</LocList>
</BasicStmnt>
<BasicStmnt CovItemId="S58" CovItemPrefix="com.OriginalFiles.Board.java" Intrnl_Id="1739">
<LocList>
<Loc EndOffset="3617" SrcFileId="7" StartOffset="3606"/>
</LocList>
</BasicStmnt>
<BasicStmnt CovItemId="S59" CovItemPrefix="com.OriginalFiles.Board.java" Intrnl_Id="1740">
<LocList>
<Loc EndOffset="3651" SrcFileId="7" StartOffset="3635"/>
</LocList>
</BasicStmnt>
<BasicStmnt CovItemId="S60" CovItemPrefix="com.OriginalFiles.Board.java" Intrnl_Id="1741">
<LocList>
<Loc EndOffset="3696" SrcFileId="7" StartOffset="3669"/>
</LocList>
</BasicStmnt>
</StmntSeq>
<Keyword EndOffset="3519" SrcFileId="7" StartOffset="3516"/>
<LocList>
<Loc EndOffset="3711" SrcFileId="7" StartOffset="3516"/>
</LocList>
<RootTerm CovItemId="C13" CovItemPrefix="com.OriginalFiles.Board.java" Intrnl_Id="1742">
<BasicBoolTerm Intrnl_Id="1743">
<LocList>
<Loc EndOffset="3537" SrcFileId="7" StartOffset="3532"/>
</LocList>
</BasicBoolTerm>
</RootTerm>
</LoopStmnt>
</StmntSeq>
<Keyword EndOffset="3476" SrcFileId="7" StartOffset="3473"/>
<LocList>
<Loc EndOffset="3722" SrcFileId="7" StartOffset="3473"/>
</LocList>
<RootTerm CovItemId="C12" CovItemPrefix="com.OriginalFiles.Board.java" Intrnl_Id="1744">
<BasicBoolTerm Intrnl_Id="1745">
<LocList>
<Loc EndOffset="3494" SrcFileId="7" StartOffset="3489"/>
</LocList>
</BasicBoolTerm>
</RootTerm>
</LoopStmnt>
</StmntSeq>
</HierarchyLvl>
<HierarchyLvl HierarchyLvlId="1876" HierarchyLvlTypeId="14" Intrnl_Id="1746" Name="resetVisited">
<Header>
<Loc EndOffset="3769" SrcFileId="7" StartOffset="3737"/>
</Header>
<LocList>
<Loc EndOffset="3918" SrcFileId="7" StartOffset="3737"/>
</LocList>
<StmntSeq Intrnl_Id="1747">
<LocList>
<Loc EndOffset="3911" SrcFileId="7" StartOffset="3781"/>
</LocList>
<LoopStmnt CovItemId="S61" CovItemPrefix="com.OriginalFiles.Board.java" Intrnl_Id="1748" MltplExecId="L9-2" MltplExecPrefix="com.OriginalFiles.Board.java" NvrExecId="L9-0" NvrExecPrefix="com.OriginalFiles.Board.java" OnceExecutedId="L9-1" OnceExecutedPrefix="com.OriginalFiles.Board.java" OptBodyExec="true">
<StmntSeq Intrnl_Id="1749">
<LocList>
<Loc EndOffset="3900" SrcFileId="7" StartOffset="3822"/>
</LocList>
<LoopStmnt CovItemId="S62" CovItemPrefix="com.OriginalFiles.Board.java" Intrnl_Id="1750" MltplExecId="L10-2" MltplExecPrefix="com.OriginalFiles.Board.java" NvrExecId="L10-0" NvrExecPrefix="com.OriginalFiles.Board.java" OnceExecutedId="L10-1" OnceExecutedPrefix="com.OriginalFiles.Board.java" OptBodyExec="true">
<StmntSeq Intrnl_Id="1751">
<LocList>
<Loc EndOffset="3885" SrcFileId="7" StartOffset="3863"/>
</LocList>
<BasicStmnt CovItemId="S63" CovItemPrefix="com.OriginalFiles.Board.java" Intrnl_Id="1752">
<LocList>
<Loc EndOffset="3885" SrcFileId="7" StartOffset="3863"/>
</LocList>
</BasicStmnt>
</StmntSeq>
<Keyword EndOffset="3825" SrcFileId="7" StartOffset="3822"/>
<LocList>
<Loc EndOffset="3900" SrcFileId="7" StartOffset="3822"/>
</LocList>
</LoopStmnt>
</StmntSeq>
<Keyword EndOffset="3784" SrcFileId="7" StartOffset="3781"/>
<LocList>
<Loc EndOffset="3911" SrcFileId="7" StartOffset="3781"/>
</LocList>
</LoopStmnt>
</StmntSeq>
</HierarchyLvl>
<HierarchyLvl HierarchyLvlId="1877" HierarchyLvlTypeId="14" Intrnl_Id="1753" Name="sortListOfFields">
<Header>
<Loc EndOffset="4055" SrcFileId="7" StartOffset="3995"/>
</Header>
<LocList>
<Loc EndOffset="4812" SrcFileId="7" StartOffset="3995"/>
</LocList>
<StmntSeq Intrnl_Id="1754">
<LocList>
<Loc EndOffset="4077" SrcFileId="7" StartOffset="4067"/>
<Loc EndOffset="4097" SrcFileId="7" StartOffset="4087"/>
<Loc EndOffset="4152" SrcFileId="7" StartOffset="4107"/>
<Loc EndOffset="4805" SrcFileId="7" StartOffset="4162"/>
</LocList>
<BasicStmnt CovItemId="S64" CovItemPrefix="com.OriginalFiles.Board.java" Intrnl_Id="1755">
<LocList>
<Loc EndOffset="4077" SrcFileId="7" StartOffset="4067"/>
</LocList>
</BasicStmnt>
<BasicStmnt CovItemId="S65" CovItemPrefix="com.OriginalFiles.Board.java" Intrnl_Id="1756">
<LocList>
<Loc EndOffset="4097" SrcFileId="7" StartOffset="4087"/>
</LocList>
</BasicStmnt>
<BasicStmnt CovItemId="S66" CovItemPrefix="com.OriginalFiles.Board.java" Intrnl_Id="1757">
<LocList>
<Loc EndOffset="4152" SrcFileId="7" StartOffset="4107"/>
</LocList>
</BasicStmnt>
<LoopStmnt CovItemId="S67" CovItemPrefix="com.OriginalFiles.Board.java" Intrnl_Id="1758" MltplExecId="L11-2" MltplExecPrefix="com.OriginalFiles.Board.java" NvrExecId="L11-0" NvrExecPrefix="com.OriginalFiles.Board.java" OnceExecutedId="L11-1" OnceExecutedPrefix="com.OriginalFiles.Board.java" OptBodyExec="true">
<StmntSeq Intrnl_Id="1759">
<LocList>
<Loc EndOffset="4714" SrcFileId="7" StartOffset="4222"/>
<Loc EndOffset="4754" SrcFileId="7" StartOffset="4728"/>
<Loc EndOffset="4794" SrcFileId="7" StartOffset="4768"/>
</LocList>
<LoopStmnt CovItemId="S68" CovItemPrefix="com.OriginalFiles.Board.java" Intrnl_Id="1760" MltplExecId="L12-2" MltplExecPrefix="com.OriginalFiles.Board.java" NvrExecId="L12-0" NvrExecPrefix="com.OriginalFiles.Board.java" OnceExecutedId="L12-1" OnceExecutedPrefix="com.OriginalFiles.Board.java" OptBodyExec="true">
<StmntSeq Intrnl_Id="1761">
<LocList>
<Loc EndOffset="4699" SrcFileId="7" StartOffset="4290"/>
</LocList>
<CondStmnt CovItemId="S69" CovItemPrefix="com.OriginalFiles.Board.java" Intrnl_Id="1762">
<Branch CovItemId="B11" CovItemPrefix="com.OriginalFiles.Board.java" Implct="false" Intrnl_Id="1763">
<Cond/>
<LocList>
<Loc EndOffset="4699" SrcFileId="7" StartOffset="4379"/>
</LocList>
<StmntSeq Intrnl_Id="1764">
<LocList>
<Loc EndOffset="4436" SrcFileId="7" StartOffset="4402"/>
<Loc EndOffset="4492" SrcFileId="7" StartOffset="4458"/>
<Loc EndOffset="4537" SrcFileId="7" StartOffset="4514"/>
<Loc EndOffset="4582" SrcFileId="7" StartOffset="4559"/>
<Loc EndOffset="4631" SrcFileId="7" StartOffset="4604"/>
<Loc EndOffset="4680" SrcFileId="7" StartOffset="4653"/>
</LocList>
<BasicStmnt CovItemId="S70" CovItemPrefix="com.OriginalFiles.Board.java" Intrnl_Id="1765">
<LocList>
<Loc EndOffset="4436" SrcFileId="7" StartOffset="4402"/>
</LocList>
</BasicStmnt>
<BasicStmnt CovItemId="S71" CovItemPrefix="com.OriginalFiles.Board.java" Intrnl_Id="1766">
<LocList>
<Loc EndOffset="4492" SrcFileId="7" StartOffset="4458"/>
</LocList>
</BasicStmnt>
<BasicStmnt CovItemId="S72" CovItemPrefix="com.OriginalFiles.Board.java" Intrnl_Id="1767">
<LocList>
<Loc EndOffset="4537" SrcFileId="7" StartOffset="4514"/>
</LocList>
</BasicStmnt>
<BasicStmnt CovItemId="S73" CovItemPrefix="com.OriginalFiles.Board.java" Intrnl_Id="1768">
<LocList>
<Loc EndOffset="4582" SrcFileId="7" StartOffset="4559"/>
</LocList>
</BasicStmnt>
<BasicStmnt CovItemId="S74" CovItemPrefix="com.OriginalFiles.Board.java" Intrnl_Id="1769">
<LocList>
<Loc EndOffset="4631" SrcFileId="7" StartOffset="4604"/>
</LocList>
</BasicStmnt>
<BasicStmnt CovItemId="S75" CovItemPrefix="com.OriginalFiles.Board.java" Intrnl_Id="1770">
<LocList>
<Loc EndOffset="4680" SrcFileId="7" StartOffset="4653"/>
</LocList>
</BasicStmnt>
</StmntSeq>
</Branch>
<Branch CovItemId="B12" CovItemPrefix="com.OriginalFiles.Board.java" Implct="true" Intrnl_Id="1771">
<Cond/>
<LocList/>
<StmntSeq Intrnl_Id="1772">
<LocList/>
</StmntSeq>
</Branch>
<Keyword EndOffset="4292" SrcFileId="7" StartOffset="4290"/>
<LocList>
<Loc EndOffset="4699" SrcFileId="7" StartOffset="4290"/>
</LocList>
<RootTerm CovItemId="C16" CovItemPrefix="com.OriginalFiles.Board.java" Intrnl_Id="1773">
<OpTerm BooleanOpId="9" Intrnl_Id="1774">
<BasicBoolTerm Intrnl_Id="1775">
<LocList>
<Loc EndOffset="4377" SrcFileId="7" StartOffset="4295"/>
</LocList>
</BasicBoolTerm>
<LocList>
<Loc EndOffset="4295" SrcFileId="7" StartOffset="4294"/>
</LocList>
</OpTerm>
</RootTerm>
</CondStmnt>
</StmntSeq>
<Keyword EndOffset="4225" SrcFileId="7" StartOffset="4222"/>
<LocList>
<Loc EndOffset="4714" SrcFileId="7" StartOffset="4222"/>
</LocList>
<RootTerm CovItemId="C15" CovItemPrefix="com.OriginalFiles.Board.java" Intrnl_Id="1776">
<BasicBoolTerm Intrnl_Id="1777">
<LocList>
<Loc EndOffset="4264" SrcFileId="7" StartOffset="4242"/>
</LocList>
</BasicBoolTerm>
</RootTerm>
</LoopStmnt>
<BasicStmnt CovItemId="S76" CovItemPrefix="com.OriginalFiles.Board.java" Intrnl_Id="1778">
<LocList>
<Loc EndOffset="4754" SrcFileId="7" StartOffset="4728"/>
</LocList>
</BasicStmnt>
<BasicStmnt CovItemId="S77" CovItemPrefix="com.OriginalFiles.Board.java" Intrnl_Id="1779">
<LocList>
<Loc EndOffset="4794" SrcFileId="7" StartOffset="4768"/>
</LocList>
</BasicStmnt>
</StmntSeq>
<Keyword EndOffset="4165" SrcFileId="7" StartOffset="4162"/>
<LocList>
<Loc EndOffset="4805" SrcFileId="7" StartOffset="4162"/>
</LocList>
<RootTerm CovItemId="C14" CovItemPrefix="com.OriginalFiles.Board.java" Intrnl_Id="1780">
<BasicBoolTerm Intrnl_Id="1781">
<LocList>
<Loc EndOffset="4200" SrcFileId="7" StartOffset="4178"/>
</LocList>
</BasicBoolTerm>
</RootTerm>
</LoopStmnt>
</StmntSeq>
</HierarchyLvl>
<HierarchyLvl HierarchyLvlId="1878" HierarchyLvlTypeId="14" Intrnl_Id="1782" Name="isGreater">
<Header>
<Loc EndOffset="4995" SrcFileId="7" StartOffset="4890"/>
</Header>
<LocList>
<Loc EndOffset="6448" SrcFileId="7" StartOffset="4890"/>
</LocList>
<StmntSeq Intrnl_Id="1783">
<LocList>
<Loc EndOffset="6441" SrcFileId="7" StartOffset="5050"/>
</LocList>
<CondStmnt CovItemId="S78" CovItemPrefix="com.OriginalFiles.Board.java" Intrnl_Id="1784">
<Branch CovItemId="B13" CovItemPrefix="com.OriginalFiles.Board.java" Implct="false" Intrnl_Id="1785">
<Cond/>
<LocList>
<Loc EndOffset="5330" SrcFileId="7" StartOffset="5292"/>
</LocList>
<StmntSeq Intrnl_Id="1786">
<LocList>
<Loc EndOffset="5319" SrcFileId="7" StartOffset="5307"/>
</LocList>
<BasicStmnt CovItemId="S79" CovItemPrefix="com.OriginalFiles.Board.java" Intrnl_Id="1787">
<LocList>
<Loc EndOffset="5319" SrcFileId="7" StartOffset="5307"/>
</LocList>
</BasicStmnt>
</StmntSeq>
</Branch>
<Branch CovItemId="B14" CovItemPrefix="com.OriginalFiles.Board.java" Implct="false" Intrnl_Id="1788">
<Cond>
<Loc EndOffset="5335" SrcFileId="7" StartOffset="5331"/>
</Cond>
<LocList>
<Loc EndOffset="6441" SrcFileId="7" StartOffset="5336"/>
</LocList>
<StmntSeq Intrnl_Id="1789">
<LocList>
<Loc EndOffset="6441" SrcFileId="7" StartOffset="5336"/>
</LocList>
<CondStmnt CovItemId="S80" CovItemPrefix="com.OriginalFiles.Board.java" Intrnl_Id="1790">
<Branch CovItemId="B15" CovItemPrefix="com.OriginalFiles.Board.java" Implct="false" Intrnl_Id="1791">
<Cond/>
<LocList>
<Loc EndOffset="5478" SrcFileId="7" StartOffset="5440"/>
</LocList>
<StmntSeq Intrnl_Id="1792">
<LocList>
<Loc EndOffset="5467" SrcFileId="7" StartOffset="5455"/>
</LocList>
<BasicStmnt CovItemId="S81" CovItemPrefix="com.OriginalFiles.Board.java" Intrnl_Id="1793">
<LocList>
<Loc EndOffset="5467" SrcFileId="7" StartOffset="5455"/>
</LocList>
</BasicStmnt>
</StmntSeq>
</Branch>
<Branch CovItemId="B16" CovItemPrefix="com.OriginalFiles.Board.java" Implct="false" Intrnl_Id="1794">
<Cond>
<Loc EndOffset="5483" SrcFileId="7" StartOffset="5479"/>
</Cond>
<LocList>
<Loc EndOffset="6441" SrcFileId="7" StartOffset="5484"/>
</LocList>
<StmntSeq Intrnl_Id="1795">
<LocList>
<Loc EndOffset="6441" SrcFileId="7" StartOffset="5484"/>
</LocList>
<CondStmnt CovItemId="S82" CovItemPrefix="com.OriginalFiles.Board.java" Intrnl_Id="1796">
<Branch CovItemId="B17" CovItemPrefix="com.OriginalFiles.Board.java" Implct="false" Intrnl_Id="1797">
<Cond/>
<LocList>
<Loc EndOffset="5627" SrcFileId="7" StartOffset="5588"/>
</LocList>
<StmntSeq Intrnl_Id="1798">
<LocList>
<Loc EndOffset="5616" SrcFileId="7" StartOffset="5603"/>
</LocList>
<BasicStmnt CovItemId="S83" CovItemPrefix="com.OriginalFiles.Board.java" Intrnl_Id="1799">
<LocList>
<Loc EndOffset="5616" SrcFileId="7" StartOffset="5603"/>
</LocList>
</BasicStmnt>
</StmntSeq>
</Branch>
<Branch CovItemId="B18" CovItemPrefix="com.OriginalFiles.Board.java" Implct="false" Intrnl_Id="1800">
<Cond>
<Loc EndOffset="5632" SrcFileId="7" StartOffset="5628"/>
</Cond>
<LocList>
<Loc EndOffset="6441" SrcFileId="7" StartOffset="5633"/>
</LocList>
<StmntSeq Intrnl_Id="1801">
<LocList>
<Loc EndOffset="6430" SrcFileId="7" StartOffset="5648"/>
</LocList>
<CondStmnt CovItemId="S84" CovItemPrefix="com.OriginalFiles.Board.java" Intrnl_Id="1802">
<Branch CovItemId="B19" CovItemPrefix="com.OriginalFiles.Board.java" Implct="false" Intrnl_Id="1803">
<Cond/>
<LocList>
<Loc EndOffset="5806" SrcFileId="7" StartOffset="5760"/>
</LocList>
<StmntSeq Intrnl_Id="1804">
<LocList>
<Loc EndOffset="5791" SrcFileId="7" StartOffset="5779"/>
</LocList>
<BasicStmnt CovItemId="S85" CovItemPrefix="com.OriginalFiles.Board.java" Intrnl_Id="1805">
<LocList>
<Loc EndOffset="5791" SrcFileId="7" StartOffset="5779"/>
</LocList>
</BasicStmnt>
</StmntSeq>
</Branch>
<Branch CovItemId="B20" CovItemPrefix="com.OriginalFiles.Board.java" Implct="false" Intrnl_Id="1806">
<Cond>
<Loc EndOffset="5811" SrcFileId="7" StartOffset="5807"/>
</Cond>
<LocList>
<Loc EndOffset="6430" SrcFileId="7" StartOffset="5812"/>
</LocList>
<StmntSeq Intrnl_Id="1807">
<LocList>
<Loc EndOffset="6430" SrcFileId="7" StartOffset="5812"/>
</LocList>
<CondStmnt CovItemId="S86" CovItemPrefix="com.OriginalFiles.Board.java" Intrnl_Id="1808">
<Branch CovItemId="B21" CovItemPrefix="com.OriginalFiles.Board.java" Implct="false" Intrnl_Id="1809">
<Cond/>
<LocList>
<Loc EndOffset="5975" SrcFileId="7" StartOffset="5928"/>
</LocList>
<StmntSeq Intrnl_Id="1810">
<LocList>
<Loc EndOffset="5960" SrcFileId="7" StartOffset="5947"/>
</LocList>
<BasicStmnt CovItemId="S87" CovItemPrefix="com.OriginalFiles.Board.java" Intrnl_Id="1811">
<LocList>
<Loc EndOffset="5960" SrcFileId="7" StartOffset="5947"/>
</LocList>
</BasicStmnt>
</StmntSeq>
</Branch>
<Branch CovItemId="B22" CovItemPrefix="com.OriginalFiles.Board.java" Implct="false" Intrnl_Id="1812">
<Cond>
<Loc EndOffset="5980" SrcFileId="7" StartOffset="5976"/>
</Cond>
<LocList>
<Loc EndOffset="6430" SrcFileId="7" StartOffset="5981"/>
</LocList>
<StmntSeq Intrnl_Id="1813">
<LocList>
<Loc EndOffset="6415" SrcFileId="7" StartOffset="6000"/>
</LocList>
<CondStmnt CovItemId="S88" CovItemPrefix="com.OriginalFiles.Board.java" Intrnl_Id="1814">
<Branch CovItemId="B23" CovItemPrefix="com.OriginalFiles.Board.java" Implct="false" Intrnl_Id="1815">
<Cond/>
<LocList>
<Loc EndOffset="6157" SrcFileId="7" StartOffset="6102"/>
</LocList>
<StmntSeq Intrnl_Id="1816">
<LocList>
<Loc EndOffset="6138" SrcFileId="7" StartOffset="6125"/>
</LocList>
<BasicStmnt CovItemId="S89" CovItemPrefix="com.OriginalFiles.Board.java" Intrnl_Id="1817">
<LocList>
<Loc EndOffset="6138" SrcFileId="7" StartOffset="6125"/>
</LocList>
</BasicStmnt>
</StmntSeq>
</Branch>
<Branch CovItemId="B24" CovItemPrefix="com.OriginalFiles.Board.java" Implct="false" Intrnl_Id="1818">
<Cond>
<Loc EndOffset="6162" SrcFileId="7" StartOffset="6158"/>
</Cond>
<LocList>
<Loc EndOffset="6415" SrcFileId="7" StartOffset="6163"/>
</LocList>
<StmntSeq Intrnl_Id="1819">
<LocList>
<Loc EndOffset="6415" SrcFileId="7" StartOffset="6163"/>
</LocList>
<CondStmnt CovItemId="S90" CovItemPrefix="com.OriginalFiles.Board.java" Intrnl_Id="1820">
<Branch CovItemId="B25" CovItemPrefix="com.OriginalFiles.Board.java" Implct="false" Intrnl_Id="1821">
<Cond/>
<LocList>
<Loc EndOffset="6326" SrcFileId="7" StartOffset="6272"/>
</LocList>
<StmntSeq Intrnl_Id="1822">
<LocList>
<Loc EndOffset="6307" SrcFileId="7" StartOffset="6295"/>
</LocList>
<BasicStmnt CovItemId="S91" CovItemPrefix="com.OriginalFiles.Board.java" Intrnl_Id="1823">
<LocList>
<Loc EndOffset="6307" SrcFileId="7" StartOffset="6295"/>
</LocList>
</BasicStmnt>
</StmntSeq>
</Branch>
<Branch CovItemId="B26" CovItemPrefix="com.OriginalFiles.Board.java" Implct="false" Intrnl_Id="1824">
<Cond>
<Loc EndOffset="6331" SrcFileId="7" StartOffset="6327"/>
</Cond>
<LocList>
<Loc EndOffset="6415" SrcFileId="7" StartOffset="6332"/>
</LocList>
<StmntSeq Intrnl_Id="1825">
<LocList>
<Loc EndOffset="6396" SrcFileId="7" StartOffset="6355"/>
</LocList>
<BasicStmnt CovItemId="S92" CovItemPrefix="com.OriginalFiles.Board.java" Intrnl_Id="1826">
<LocList>
<Loc EndOffset="6396" SrcFileId="7" StartOffset="6355"/>
</LocList>
</BasicStmnt>
</StmntSeq>
</Branch>
<Keyword EndOffset="6165" SrcFileId="7" StartOffset="6163"/>
<LocList>
<Loc EndOffset="6415" SrcFileId="7" StartOffset="6163"/>
</LocList>
<RootTerm CovItemId="C23" CovItemPrefix="com.OriginalFiles.Board.java" Intrnl_Id="1827">
<BasicBoolTerm Intrnl_Id="1828">
<LocList>
<Loc EndOffset="6270" SrcFileId="7" StartOffset="6167"/>
</LocList>
</BasicBoolTerm>
</RootTerm>
</CondStmnt>
</StmntSeq>
</Branch>
<Keyword EndOffset="6002" SrcFileId="7" StartOffset="6000"/>
<LocList>
<Loc EndOffset="6415" SrcFileId="7" StartOffset="6000"/>
</LocList>
<RootTerm CovItemId="C22" CovItemPrefix="com.OriginalFiles.Board.java" Intrnl_Id="1829">
<BasicBoolTerm Intrnl_Id="1830">
<LocList>
<Loc EndOffset="6100" SrcFileId="7" StartOffset="6004"/>
</LocList>
</BasicBoolTerm>
</RootTerm>
</CondStmnt>
</StmntSeq>
</Branch>
<Keyword EndOffset="5814" SrcFileId="7" StartOffset="5812"/>
<LocList>
<Loc EndOffset="6430" SrcFileId="7" StartOffset="5812"/>
</LocList>
<RootTerm CovItemId="C21" CovItemPrefix="com.OriginalFiles.Board.java" Intrnl_Id="1831">
<OpTerm BooleanOpId="10" Intrnl_Id="1832">
<OpTerm BooleanOpId="10" Intrnl_Id="1833">
<BasicBoolTerm Intrnl_Id="1834">
<LocList>
<Loc EndOffset="5837" SrcFileId="7" StartOffset="5816"/>
</LocList>
</BasicBoolTerm>
<BasicBoolTerm Intrnl_Id="1835">
<LocList>
<Loc EndOffset="5858" SrcFileId="7" StartOffset="5841"/>
</LocList>
</BasicBoolTerm>
<LocList>
<Loc EndOffset="5840" SrcFileId="7" StartOffset="5838"/>
</LocList>
</OpTerm>
<OpTerm BooleanOpId="9" Intrnl_Id="1836">
<BasicBoolTerm Intrnl_Id="1837">
<LocList>
<Loc EndOffset="5926" SrcFileId="7" StartOffset="5884"/>
</LocList>
</BasicBoolTerm>
<LocList>
<Loc EndOffset="5884" SrcFileId="7" StartOffset="5883"/>
</LocList>
</OpTerm>
<LocList>
<Loc EndOffset="5882" SrcFileId="7" StartOffset="5880"/>
</LocList>
</OpTerm>
</RootTerm>
</CondStmnt>
</StmntSeq>
</Branch>
<Keyword EndOffset="5650" SrcFileId="7" StartOffset="5648"/>
<LocList>
<Loc EndOffset="6430" SrcFileId="7" StartOffset="5648"/>
</LocList>
<RootTerm CovItemId="C20" CovItemPrefix="com.OriginalFiles.Board.java" Intrnl_Id="1838">
<OpTerm BooleanOpId="10" Intrnl_Id="1839">
<OpTerm BooleanOpId="10" Intrnl_Id="1840">
<BasicBoolTerm Intrnl_Id="1841">
<LocList>
<Loc EndOffset="5669" SrcFileId="7" StartOffset="5652"/>
</LocList>
</BasicBoolTerm>
<BasicBoolTerm Intrnl_Id="1842">
<LocList>
<Loc EndOffset="5694" SrcFileId="7" StartOffset="5673"/>
</LocList>
</BasicBoolTerm>
<LocList>
<Loc EndOffset="5672" SrcFileId="7" StartOffset="5670"/>
</LocList>
</OpTerm>
<OpTerm BooleanOpId="9" Intrnl_Id="1843">
<BasicBoolTerm Intrnl_Id="1844">
<LocList>
<Loc EndOffset="5758" SrcFileId="7" StartOffset="5720"/>
</LocList>
</BasicBoolTerm>
<LocList>
<Loc EndOffset="5720" SrcFileId="7" StartOffset="5719"/>
</LocList>
</OpTerm>
<LocList>
<Loc EndOffset="5718" SrcFileId="7" StartOffset="5716"/>
</LocList>
</OpTerm>
</RootTerm>
</CondStmnt>
</StmntSeq>
</Branch>
<Keyword EndOffset="5486" SrcFileId="7" StartOffset="5484"/>
<LocList>
<Loc EndOffset="6441" SrcFileId="7" StartOffset="5484"/>
</LocList>
<RootTerm CovItemId="C19" CovItemPrefix="com.OriginalFiles.Board.java" Intrnl_Id="1845">
<OpTerm BooleanOpId="10" Intrnl_Id="1846">
<BasicBoolTerm Intrnl_Id="1847">
<LocList>
<Loc EndOffset="5528" SrcFileId="7" StartOffset="5488"/>
</LocList>
</BasicBoolTerm>
<OpTerm BooleanOpId="9" Intrnl_Id="1848">
<BasicBoolTerm Intrnl_Id="1849">
<LocList>
<Loc EndOffset="5586" SrcFileId="7" StartOffset="5550"/>
</LocList>
</BasicBoolTerm>
<LocList>
<Loc EndOffset="5550" SrcFileId="7" StartOffset="5549"/>
</LocList>
</OpTerm>
<LocList>
<Loc EndOffset="5548" SrcFileId="7" StartOffset="5546"/>
</LocList>
</OpTerm>
</RootTerm>
</CondStmnt>
</StmntSeq>
</Branch>
<Keyword EndOffset="5338" SrcFileId="7" StartOffset="5336"/>
<LocList>
<Loc EndOffset="6441" SrcFileId="7" StartOffset="5336"/>
</LocList>
<RootTerm CovItemId="C18" CovItemPrefix="com.OriginalFiles.Board.java" Intrnl_Id="1850">
<OpTerm BooleanOpId="10" Intrnl_Id="1851">
<BasicBoolTerm Intrnl_Id="1852">
<LocList>
<Loc EndOffset="5376" SrcFileId="7" StartOffset="5340"/>
</LocList>
</BasicBoolTerm>
<OpTerm BooleanOpId="9" Intrnl_Id="1853">
<BasicBoolTerm Intrnl_Id="1854">
<LocList>
<Loc EndOffset="5438" SrcFileId="7" StartOffset="5398"/>
</LocList>
</BasicBoolTerm>
<LocList>
<Loc EndOffset="5398" SrcFileId="7" StartOffset="5397"/>
</LocList>
</OpTerm>
<LocList>
<Loc EndOffset="5396" SrcFileId="7" StartOffset="5394"/>
</LocList>
</OpTerm>
</RootTerm>
</CondStmnt>
</StmntSeq>
</Branch>
<Keyword EndOffset="5052" SrcFileId="7" StartOffset="5050"/>
<LocList>
<Loc EndOffset="6441" SrcFileId="7" StartOffset="5050"/>
</LocList>
<RootTerm CovItemId="C17" CovItemPrefix="com.OriginalFiles.Board.java" Intrnl_Id="1855">
<OpTerm BooleanOpId="10" Intrnl_Id="1856">
<OpTerm BooleanOpId="10" Intrnl_Id="1857">
<OpTerm BooleanOpId="10" Intrnl_Id="1858">
<BasicBoolTerm Intrnl_Id="1859">
<LocList>
<Loc EndOffset="5090" SrcFileId="7" StartOffset="5054"/>
</LocList>
</BasicBoolTerm>
<OpTerm BooleanOpId="9" Intrnl_Id="1860">
<BasicBoolTerm Intrnl_Id="1861">
<LocList>
<Loc EndOffset="5150" SrcFileId="7" StartOffset="5112"/>
</LocList>
</BasicBoolTerm>
<LocList>
<Loc EndOffset="5112" SrcFileId="7" StartOffset="5111"/>
</LocList>
</OpTerm>
<LocList>
<Loc EndOffset="5110" SrcFileId="7" StartOffset="5108"/>
</LocList>
</OpTerm>
<BasicBoolTerm Intrnl_Id="1862">
<LocList>
<Loc EndOffset="5229" SrcFileId="7" StartOffset="5171"/>
</LocList>
</BasicBoolTerm>
<LocList>
<Loc EndOffset="5170" SrcFileId="7" StartOffset="5168"/>
</LocList>
</OpTerm>
<BasicBoolTerm Intrnl_Id="1863">
<LocList>
<Loc EndOffset="5290" SrcFileId="7" StartOffset="5250"/>
</LocList>
</BasicBoolTerm>
<LocList>
<Loc EndOffset="5249" SrcFileId="7" StartOffset="5247"/>
</LocList>
</OpTerm>
</RootTerm>
</CondStmnt>
</StmntSeq>
</HierarchyLvl>
<HierarchyLvl HierarchyLvlId="1879" HierarchyLvlTypeId="14" Intrnl_Id="1864" Name="distance">
<Header>
<Loc EndOffset="6508" SrcFileId="7" StartOffset="6456"/>
</Header>
<LocList>
<Loc EndOffset="6590" SrcFileId="7" StartOffset="6456"/>
</LocList>
<StmntSeq Intrnl_Id="1865">
<LocList>
<Loc EndOffset="6583" SrcFileId="7" StartOffset="6520"/>
</LocList>
<BasicStmnt CovItemId="S93" CovItemPrefix="com.OriginalFiles.Board.java" Intrnl_Id="1866">
<LocList>
<Loc EndOffset="6583" SrcFileId="7" StartOffset="6520"/>
</LocList>
</BasicStmnt>
</StmntSeq>
</HierarchyLvl>
<HierarchyLvl HierarchyLvlId="1880" HierarchyLvlTypeId="14" Intrnl_Id="1867" Name="verifyCorrectMove">
<Header>
<Loc EndOffset="6695" SrcFileId="7" StartOffset="6598"/>
</Header>
<LocList>
<Loc EndOffset="6918" SrcFileId="7" StartOffset="6598"/>
</LocList>
<StmntSeq Intrnl_Id="1868">
<LocList>
<Loc EndOffset="6889" SrcFileId="7" StartOffset="6707"/>
<Loc EndOffset="6911" SrcFileId="7" StartOffset="6899"/>
</LocList>
<CondStmnt CovItemId="S94" CovItemPrefix="com.OriginalFiles.Board.java" Intrnl_Id="1869">
<Branch CovItemId="B27" CovItemPrefix="com.OriginalFiles.Board.java" Implct="false" Intrnl_Id="1870">
<Cond/>
<LocList>
<Loc EndOffset="6889" SrcFileId="7" StartOffset="6741"/>
</LocList>
<StmntSeq Intrnl_Id="1871">
<LocList>
<Loc EndOffset="6878" SrcFileId="7" StartOffset="6756"/>
</LocList>
<CondStmnt CovItemId="S95" CovItemPrefix="com.OriginalFiles.Board.java" Intrnl_Id="1872">
<Branch CovItemId="B29" CovItemPrefix="com.OriginalFiles.Board.java" Implct="false" Intrnl_Id="1873">
<Cond/>
<LocList>
<Loc EndOffset="6878" SrcFileId="7" StartOffset="6796"/>
</LocList>
<StmntSeq Intrnl_Id="1874">
<LocList>
<Loc EndOffset="6863" SrcFileId="7" StartOffset="6815"/>
</LocList>
<BasicStmnt CovItemId="S96" CovItemPrefix="com.OriginalFiles.Board.java" Intrnl_Id="1875">
<LocList>
<Loc EndOffset="6863" SrcFileId="7" StartOffset="6815"/>
</LocList>
</BasicStmnt>
</StmntSeq>
</Branch>
<Branch CovItemId="B30" CovItemPrefix="com.OriginalFiles.Board.java" Implct="true" Intrnl_Id="1876">
<Cond/>
<LocList/>
<StmntSeq Intrnl_Id="1877">
<LocList/>
</StmntSeq>
</Branch>
<Keyword EndOffset="6758" SrcFileId="7" StartOffset="6756"/>
<LocList>
<Loc EndOffset="6878" SrcFileId="7" StartOffset="6756"/>
</LocList>
<RootTerm CovItemId="C25" CovItemPrefix="com.OriginalFiles.Board.java" Intrnl_Id="1878">
<BasicBoolTerm Intrnl_Id="1879">
<LocList>
<Loc EndOffset="6794" SrcFileId="7" StartOffset="6760"/>
</LocList>
</BasicBoolTerm>
</RootTerm>
</CondStmnt>
</StmntSeq>
</Branch>
<Branch CovItemId="B28" CovItemPrefix="com.OriginalFiles.Board.java" Implct="true" Intrnl_Id="1880">
<Cond/>
<LocList/>
<StmntSeq Intrnl_Id="1881">
<LocList/>
</StmntSeq>
</Branch>
<Keyword EndOffset="6709" SrcFileId="7" StartOffset="6707"/>
<LocList>
<Loc EndOffset="6889" SrcFileId="7" StartOffset="6707"/>
</LocList>
<RootTerm CovItemId="C24" CovItemPrefix="com.OriginalFiles.Board.java" Intrnl_Id="1882">
<BasicBoolTerm Intrnl_Id="1883">
<LocList>
<Loc EndOffset="6739" SrcFileId="7" StartOffset="6711"/>
</LocList>
</BasicBoolTerm>
</RootTerm>
</CondStmnt>
<BasicStmnt CovItemId="S97" CovItemPrefix="com.OriginalFiles.Board.java" Intrnl_Id="1884">
<LocList>
<Loc EndOffset="6911" SrcFileId="7" StartOffset="6899"/>
</LocList>
</BasicStmnt>
</StmntSeq>
</HierarchyLvl>
<HierarchyLvl HierarchyLvlId="1881" HierarchyLvlTypeId="14" Intrnl_Id="1885" Name="peasentIsOnEndRow">
<Header>
<Loc EndOffset="6977" SrcFileId="7" StartOffset="6926"/>
</Header>
<LocList>
<Loc EndOffset="7353" SrcFileId="7" StartOffset="6926"/>
</LocList>
<StmntSeq Intrnl_Id="1886">
<LocList>
<Loc EndOffset="7323" SrcFileId="7" StartOffset="6989"/>
<Loc EndOffset="7346" SrcFileId="7" StartOffset="7333"/>
</LocList>
<CondStmnt CovItemId="S98" CovItemPrefix="com.OriginalFiles.Board.java" Intrnl_Id="1887">
<Branch CovItemId="B31" CovItemPrefix="com.OriginalFiles.Board.java" Implct="false" Intrnl_Id="1888">
<Cond/>
<LocList>
<Loc EndOffset="7323" SrcFileId="7" StartOffset="7011"/>
</LocList>
<StmntSeq Intrnl_Id="1889">
<LocList>
<Loc EndOffset="7187" SrcFileId="7" StartOffset="7053"/>
<Loc EndOffset="7312" SrcFileId="7" StartOffset="7203"/>
</LocList>
<CondStmnt CovItemId="S99" CovItemPrefix="com.OriginalFiles.Board.java" Intrnl_Id="1890">
<Branch CovItemId="B33" CovItemPrefix="com.OriginalFiles.Board.java" Implct="false" Intrnl_Id="1891">
<Cond/>
<LocList>
<Loc EndOffset="7134" SrcFileId="7" StartOffset="7087"/>
</LocList>
<StmntSeq Intrnl_Id="1892">
<LocList>
<Loc EndOffset="7119" SrcFileId="7" StartOffset="7106"/>
</LocList>
<BasicStmnt CovItemId="S100" CovItemPrefix="com.OriginalFiles.Board.java" Intrnl_Id="1893">
<LocList>
<Loc EndOffset="7119" SrcFileId="7" StartOffset="7106"/>
</LocList>
</BasicStmnt>
</StmntSeq>
</Branch>
<Branch CovItemId="B34" CovItemPrefix="com.OriginalFiles.Board.java" Implct="false" Intrnl_Id="1894">
<Cond>
<Loc EndOffset="7139" SrcFileId="7" StartOffset="7135"/>
</Cond>
<LocList>
<Loc EndOffset="7187" SrcFileId="7" StartOffset="7140"/>
</LocList>
<StmntSeq Intrnl_Id="1895">
<LocList>
<Loc EndOffset="7172" SrcFileId="7" StartOffset="7159"/>
</LocList>
<BasicStmnt CovItemId="S101" CovItemPrefix="com.OriginalFiles.Board.java" Intrnl_Id="1896">
<LocList>
<Loc EndOffset="7172" SrcFileId="7" StartOffset="7159"/>
</LocList>
</BasicStmnt>
</StmntSeq>
</Branch>
<Keyword EndOffset="7055" SrcFileId="7" StartOffset="7053"/>
<LocList>
<Loc EndOffset="7187" SrcFileId="7" StartOffset="7053"/>
</LocList>
<RootTerm CovItemId="C27" CovItemPrefix="com.OriginalFiles.Board.java" Intrnl_Id="1897">
<BasicBoolTerm Intrnl_Id="1898">
<LocList>
<Loc EndOffset="7085" SrcFileId="7" StartOffset="7057"/>
</LocList>
</BasicBoolTerm>
</RootTerm>
</CondStmnt>
<CondStmnt CovItemId="S102" CovItemPrefix="com.OriginalFiles.Board.java" Intrnl_Id="1899">
<Branch CovItemId="B35" CovItemPrefix="com.OriginalFiles.Board.java" Implct="false" Intrnl_Id="1900">
<Cond/>
<LocList>
<Loc EndOffset="7312" SrcFileId="7" StartOffset="7266"/>
</LocList>
<StmntSeq Intrnl_Id="1901">
<LocList>
<Loc EndOffset="7297" SrcFileId="7" StartOffset="7285"/>
</LocList>
<BasicStmnt CovItemId="S103" CovItemPrefix="com.OriginalFiles.Board.java" Intrnl_Id="1902">
<LocList>
<Loc EndOffset="7297" SrcFileId="7" StartOffset="7285"/>
</LocList>
</BasicStmnt>
</StmntSeq>
</Branch>
<Branch CovItemId="B36" CovItemPrefix="com.OriginalFiles.Board.java" Implct="true" Intrnl_Id="1903">
<Cond/>
<LocList/>
<StmntSeq Intrnl_Id="1904">
<LocList/>
</StmntSeq>
</Branch>
<Keyword EndOffset="7205" SrcFileId="7" StartOffset="7203"/>
<LocList>
<Loc EndOffset="7312" SrcFileId="7" StartOffset="7203"/>
</LocList>
<RootTerm CovItemId="C28" CovItemPrefix="com.OriginalFiles.Board.java" Intrnl_Id="1905">
<OpTerm BooleanOpId="10" Intrnl_Id="1906">
<BasicBoolTerm Intrnl_Id="1907">
<LocList>
<Loc EndOffset="7226" SrcFileId="7" StartOffset="7207"/>
</LocList>
</BasicBoolTerm>
<OpTerm BooleanOpId="9" Intrnl_Id="1908">
<BasicBoolTerm Intrnl_Id="1909">
<LocList>
<Loc EndOffset="7264" SrcFileId="7" StartOffset="7231"/>
</LocList>
</BasicBoolTerm>
<LocList>
<Loc EndOffset="7231" SrcFileId="7" StartOffset="7230"/>
</LocList>
</OpTerm>
<LocList>
<Loc EndOffset="7229" SrcFileId="7" StartOffset="7227"/>
</LocList>
</OpTerm>
</RootTerm>
</CondStmnt>
</StmntSeq>
</Branch>
<Branch CovItemId="B32" CovItemPrefix="com.OriginalFiles.Board.java" Implct="true" Intrnl_Id="1910">
<Cond/>
<LocList/>
<StmntSeq Intrnl_Id="1911">
<LocList/>
</StmntSeq>
</Branch>
<Keyword EndOffset="6991" SrcFileId="7" StartOffset="6989"/>
<LocList>
<Loc EndOffset="7323" SrcFileId="7" StartOffset="6989"/>
</LocList>
<RootTerm CovItemId="C26" CovItemPrefix="com.OriginalFiles.Board.java" Intrnl_Id="1912">
<OpTerm BooleanOpId="9" Intrnl_Id="1913">
<BasicBoolTerm Intrnl_Id="1914">
<LocList>
<Loc EndOffset="7009" SrcFileId="7" StartOffset="6994"/>
</LocList>
</BasicBoolTerm>
<LocList>
<Loc EndOffset="6994" SrcFileId="7" StartOffset="6993"/>
</LocList>
</OpTerm>
</RootTerm>
</CondStmnt>
<BasicStmnt CovItemId="S104" CovItemPrefix="com.OriginalFiles.Board.java" Intrnl_Id="1915">
<LocList>
<Loc EndOffset="7346" SrcFileId="7" StartOffset="7333"/>
</LocList>
</BasicStmnt>
</StmntSeq>
</HierarchyLvl>
<HierarchyLvl HierarchyLvlId="1882" HierarchyLvlTypeId="14" Intrnl_Id="1916" Name="movePieceInRepresentation">
<Header>
<Loc EndOffset="7563" SrcFileId="7" StartOffset="7410"/>
</Header>
<LocList>
<Loc EndOffset="7678" SrcFileId="7" StartOffset="7410"/>
</LocList>
<StmntSeq Intrnl_Id="1917">
<LocList>
<Loc EndOffset="7671" SrcFileId="7" StartOffset="7575"/>
</LocList>
<BasicStmnt CovItemId="S105" CovItemPrefix="com.OriginalFiles.Board.java" Intrnl_Id="1918">
<LocList>
<Loc EndOffset="7671" SrcFileId="7" StartOffset="7575"/>
</LocList>
</BasicStmnt>
</StmntSeq>
</HierarchyLvl>
<HierarchyLvl HierarchyLvlId="1883" HierarchyLvlTypeId="14" Intrnl_Id="1919" Name="movePieceInRepresentation">
<Header>
<Loc EndOffset="7869" SrcFileId="7" StartOffset="7729"/>
</Header>
<LocList>
<Loc EndOffset="8155" SrcFileId="7" StartOffset="7729"/>
</LocList>
<StmntSeq Intrnl_Id="1920">
<LocList>
<Loc EndOffset="7934" SrcFileId="7" StartOffset="7881"/>
<Loc EndOffset="7971" SrcFileId="7" StartOffset="7944"/>
<Loc EndOffset="8127" SrcFileId="7" StartOffset="7981"/>
</LocList>
<BasicStmnt CovItemId="S106" CovItemPrefix="com.OriginalFiles.Board.java" Intrnl_Id="1921">
<LocList>
<Loc EndOffset="7934" SrcFileId="7" StartOffset="7881"/>
</LocList>
</BasicStmnt>
<BasicStmnt CovItemId="S107" CovItemPrefix="com.OriginalFiles.Board.java" Intrnl_Id="1922">
<LocList>
<Loc EndOffset="7971" SrcFileId="7" StartOffset="7944"/>
</LocList>
</BasicStmnt>
<CondStmnt CovItemId="S108" CovItemPrefix="com.OriginalFiles.Board.java" Intrnl_Id="1923">
<Branch CovItemId="B37" CovItemPrefix="com.OriginalFiles.Board.java" Implct="false" Intrnl_Id="1924">
<Cond/>
<LocList>
<Loc EndOffset="8127" SrcFileId="7" StartOffset="8020"/>
</LocList>
<StmntSeq Intrnl_Id="1925">
<LocList>
<Loc EndOffset="8116" SrcFileId="7" StartOffset="8035"/>
</LocList>
<BasicStmnt CovItemId="S109" CovItemPrefix="com.OriginalFiles.Board.java" Intrnl_Id="1926">
<LocList>
<Loc EndOffset="8116" SrcFileId="7" StartOffset="8035"/>
</LocList>
</BasicStmnt>
</StmntSeq>
</Branch>
<Branch CovItemId="B38" CovItemPrefix="com.OriginalFiles.Board.java" Implct="true" Intrnl_Id="1927">
<Cond/>
<LocList/>
<StmntSeq Intrnl_Id="1928">
<LocList/>
</StmntSeq>
</Branch>
<Keyword EndOffset="7983" SrcFileId="7" StartOffset="7981"/>
<LocList>
<Loc EndOffset="8127" SrcFileId="7" StartOffset="7981"/>
</LocList>
<RootTerm CovItemId="C29" CovItemPrefix="com.OriginalFiles.Board.java" Intrnl_Id="1929">
<BasicBoolTerm Intrnl_Id="1930">
<LocList>
<Loc EndOffset="8018" SrcFileId="7" StartOffset="7985"/>
</LocList>
</BasicBoolTerm>
</RootTerm>
</CondStmnt>
</StmntSeq>
</HierarchyLvl>
<HierarchyLvl HierarchyLvlId="1884" HierarchyLvlTypeId="14" Intrnl_Id="1931" Name="checkMoveDirection">
<Header>
<Loc EndOffset="8335" SrcFileId="7" StartOffset="8203"/>
</Header>
<LocList>
<Loc EndOffset="8496" SrcFileId="7" StartOffset="8203"/>
</LocList>
<StmntSeq Intrnl_Id="1932">
<LocList>
<Loc EndOffset="8489" SrcFileId="7" StartOffset="8347"/>
</LocList>
<BasicStmnt CovItemId="S110" CovItemPrefix="com.OriginalFiles.Board.java" Intrnl_Id="1933">
<LocList>
<Loc EndOffset="8489" SrcFileId="7" StartOffset="8347"/>
</LocList>
</BasicStmnt>
</StmntSeq>
</HierarchyLvl>
<HierarchyLvl HierarchyLvlId="1885" HierarchyLvlTypeId="14" Intrnl_Id="1934" Name="isFieldEmptyOnBoard">
<Header>
<Loc EndOffset="8612" SrcFileId="7" StartOffset="8504"/>
</Header>
<LocList>
<Loc EndOffset="8806" SrcFileId="7" StartOffset="8504"/>
</LocList>
<StmntSeq Intrnl_Id="1935">
<LocList>
<Loc EndOffset="8799" SrcFileId="7" StartOffset="8624"/>
</LocList>
<CondStmnt CovItemId="S111" CovItemPrefix="com.OriginalFiles.Board.java" Intrnl_Id="1936">
<Branch CovItemId="B39" CovItemPrefix="com.OriginalFiles.Board.java" Implct="false" Intrnl_Id="1937">
<Cond/>
<LocList>
<Loc EndOffset="8754" SrcFileId="7" StartOffset="8647"/>
</LocList>
<StmntSeq Intrnl_Id="1938">
<LocList>
<Loc EndOffset="8707" SrcFileId="7" StartOffset="8662"/>
<Loc EndOffset="8743" SrcFileId="7" StartOffset="8723"/>
</LocList>
<BasicStmnt CovItemId="S112" CovItemPrefix="com.OriginalFiles.Board.java" Intrnl_Id="1939">
<LocList>
<Loc EndOffset="8707" SrcFileId="7" StartOffset="8662"/>
</LocList>
</BasicStmnt>
<BasicStmnt CovItemId="S113" CovItemPrefix="com.OriginalFiles.Board.java" Intrnl_Id="1940">
<LocList>
<Loc EndOffset="8743" SrcFileId="7" StartOffset="8723"/>
</LocList>
</BasicStmnt>
</StmntSeq>
</Branch>
<Branch CovItemId="B40" CovItemPrefix="com.OriginalFiles.Board.java" Implct="false" Intrnl_Id="1941">
<Cond>
<Loc EndOffset="8759" SrcFileId="7" StartOffset="8755"/>
</Cond>
<LocList>
<Loc EndOffset="8799" SrcFileId="7" StartOffset="8760"/>
</LocList>
<StmntSeq Intrnl_Id="1942">
<LocList>
<Loc EndOffset="8788" SrcFileId="7" StartOffset="8775"/>
</LocList>
<BasicStmnt CovItemId="S114" CovItemPrefix="com.OriginalFiles.Board.java" Intrnl_Id="1943">
<LocList>
<Loc EndOffset="8788" SrcFileId="7" StartOffset="8775"/>
</LocList>
</BasicStmnt>
</StmntSeq>
</Branch>
<Keyword EndOffset="8626" SrcFileId="7" StartOffset="8624"/>
<LocList>
<Loc EndOffset="8799" SrcFileId="7" StartOffset="8624"/>
</LocList>
<RootTerm CovItemId="C30" CovItemPrefix="com.OriginalFiles.Board.java" Intrnl_Id="1944">
<BasicBoolTerm Intrnl_Id="1945">
<LocList>
<Loc EndOffset="8645" SrcFileId="7" StartOffset="8628"/>
</LocList>
</BasicBoolTerm>
</RootTerm>
</CondStmnt>
</StmntSeq>
</HierarchyLvl>
<HierarchyLvl HierarchyLvlId="1886" HierarchyLvlTypeId="14" Intrnl_Id="1946" Name="fieldOccupied">
<Header>
<Loc EndOffset="8862" SrcFileId="7" StartOffset="8814"/>
</Header>
<LocList>
<Loc EndOffset="9006" SrcFileId="7" StartOffset="8814"/>
</LocList>
<StmntSeq Intrnl_Id="1947">
<LocList>
<Loc EndOffset="8999" SrcFileId="7" StartOffset="8874"/>
</LocList>
<CondStmnt CovItemId="S115" CovItemPrefix="com.OriginalFiles.Board.java" Intrnl_Id="1948">
<Branch CovItemId="B41" CovItemPrefix="com.OriginalFiles.Board.java" Implct="false" Intrnl_Id="1949">
<Cond/>
<LocList>
<Loc EndOffset="8955" SrcFileId="7" StartOffset="8897"/>
</LocList>
<StmntSeq Intrnl_Id="1950">
<LocList>
<Loc EndOffset="8944" SrcFileId="7" StartOffset="8912"/>
</LocList>
<BasicStmnt CovItemId="S116" CovItemPrefix="com.OriginalFiles.Board.java" Intrnl_Id="1951">
<LocList>
<Loc EndOffset="8944" SrcFileId="7" StartOffset="8912"/>
</LocList>
</BasicStmnt>
</StmntSeq>
</Branch>
<Branch CovItemId="B42" CovItemPrefix="com.OriginalFiles.Board.java" Implct="false" Intrnl_Id="1952">
<Cond>
<Loc EndOffset="8960" SrcFileId="7" StartOffset="8956"/>
</Cond>
<LocList>
<Loc EndOffset="8999" SrcFileId="7" StartOffset="8961"/>
</LocList>
<StmntSeq Intrnl_Id="1953">
<LocList>
<Loc EndOffset="8988" SrcFileId="7" StartOffset="8976"/>
</LocList>
<BasicStmnt CovItemId="S117" CovItemPrefix="com.OriginalFiles.Board.java" Intrnl_Id="1954">
<LocList>
<Loc EndOffset="8988" SrcFileId="7" StartOffset="8976"/>
</LocList>
</BasicStmnt>
</StmntSeq>
</Branch>
<Keyword EndOffset="8876" SrcFileId="7" StartOffset="8874"/>
<LocList>
<Loc EndOffset="8999" SrcFileId="7" StartOffset="8874"/>
</LocList>
<RootTerm CovItemId="C31" CovItemPrefix="com.OriginalFiles.Board.java" Intrnl_Id="1955">
<BasicBoolTerm Intrnl_Id="1956">
<LocList>
<Loc EndOffset="8895" SrcFileId="7" StartOffset="8878"/>
</LocList>
</BasicBoolTerm>
</RootTerm>
</CondStmnt>
</StmntSeq>
</HierarchyLvl>
<HierarchyLvl HierarchyLvlId="1887" HierarchyLvlTypeId="14" Intrnl_Id="1957" Name="checkPiece">
<Header>
<Loc EndOffset="9165" SrcFileId="7" StartOffset="9093"/>
</Header>
<LocList>
<Loc EndOffset="9546" SrcFileId="7" StartOffset="9093"/>
</LocList>
<StmntSeq Intrnl_Id="1958">
<LocList>
<Loc EndOffset="9298" SrcFileId="7" StartOffset="9177"/>
<Loc EndOffset="9539" SrcFileId="7" StartOffset="9310"/>
</LocList>
<BasicStmnt CovItemId="S118" CovItemPrefix="com.OriginalFiles.Board.java" Intrnl_Id="1959">
<LocList>
<Loc EndOffset="9298" SrcFileId="7" StartOffset="9177"/>
</LocList>
</BasicStmnt>
<CondStmnt CovItemId="S119" CovItemPrefix="com.OriginalFiles.Board.java" Intrnl_Id="1960">
<Branch CovItemId="B43" CovItemPrefix="com.OriginalFiles.Board.java" Implct="false" Intrnl_Id="1961">
<Cond/>
<LocList>
<Loc EndOffset="9415" SrcFileId="7" StartOffset="9347"/>
</LocList>
<StmntSeq Intrnl_Id="1962">
<LocList>
<Loc EndOffset="9404" SrcFileId="7" StartOffset="9362"/>
</LocList>
<BasicStmnt CovItemId="S120" CovItemPrefix="com.OriginalFiles.Board.java" Intrnl_Id="1963">
<LocList>
<Loc EndOffset="9404" SrcFileId="7" StartOffset="9362"/>
</LocList>
</BasicStmnt>
</StmntSeq>
</Branch>
<Branch CovItemId="B44" CovItemPrefix="com.OriginalFiles.Board.java" Implct="false" Intrnl_Id="1964">
<Cond>
<Loc EndOffset="9420" SrcFileId="7" StartOffset="9416"/>
</Cond>
<LocList>
<Loc EndOffset="9539" SrcFileId="7" StartOffset="9421"/>
</LocList>
<StmntSeq Intrnl_Id="1965">
<LocList>
<Loc EndOffset="9528" SrcFileId="7" StartOffset="9436"/>
</LocList>
<BasicStmnt CovItemId="S121" CovItemPrefix="com.OriginalFiles.Board.java" Intrnl_Id="1966">
<LocList>
<Loc EndOffset="9528" SrcFileId="7" StartOffset="9436"/>
</LocList>
</BasicStmnt>
</StmntSeq>
</Branch>
<Keyword EndOffset="9312" SrcFileId="7" StartOffset="9310"/>
<LocList>
<Loc EndOffset="9539" SrcFileId="7" StartOffset="9310"/>
</LocList>
<RootTerm CovItemId="C32" CovItemPrefix="com.OriginalFiles.Board.java" Intrnl_Id="1967">
<BasicBoolTerm Intrnl_Id="1968">
<LocList>
<Loc EndOffset="9345" SrcFileId="7" StartOffset="9314"/>
</LocList>
</BasicBoolTerm>
</RootTerm>
</CondStmnt>
</StmntSeq>
</HierarchyLvl>
<HierarchyLvl HierarchyLvlId="1888" HierarchyLvlTypeId="14" Intrnl_Id="1969" Name="checkMoveableBoolean">
<Header>
<Loc EndOffset="9629" SrcFileId="7" StartOffset="9571"/>
</Header>
<LocList>
<Loc EndOffset="9692" SrcFileId="7" StartOffset="9571"/>
</LocList>
<StmntSeq Intrnl_Id="1970">
<LocList>
<Loc EndOffset="9685" SrcFileId="7" StartOffset="9641"/>
</LocList>
<BasicStmnt CovItemId="S122" CovItemPrefix="com.OriginalFiles.Board.java" Intrnl_Id="1971">
<LocList>
<Loc EndOffset="9685" SrcFileId="7" StartOffset="9641"/>
</LocList>
</BasicStmnt>
</StmntSeq>
</HierarchyLvl>
<HierarchyLvl HierarchyLvlId="1889" HierarchyLvlTypeId="14" Intrnl_Id="1972" Name="checkMoveable">
<Header>
<Loc EndOffset="9802" SrcFileId="7" StartOffset="9742"/>
</Header>
<LocList>
<Loc EndOffset="10632" SrcFileId="7" StartOffset="9742"/>
</LocList>
<StmntSeq Intrnl_Id="1973">
<LocList>
<Loc EndOffset="9865" SrcFileId="7" StartOffset="9814"/>
<Loc EndOffset="10036" SrcFileId="7" StartOffset="9902"/>
<Loc EndOffset="10180" SrcFileId="7" StartOffset="10046"/>
<Loc EndOffset="10594" SrcFileId="7" StartOffset="10231"/>
<Loc EndOffset="10625" SrcFileId="7" StartOffset="10604"/>
</LocList>
<BasicStmnt CovItemId="S123" CovItemPrefix="com.OriginalFiles.Board.java" Intrnl_Id="1974">
<LocList>
<Loc EndOffset="9865" SrcFileId="7" StartOffset="9814"/>
</LocList>
</BasicStmnt>
<CondStmnt CovItemId="S124" CovItemPrefix="com.OriginalFiles.Board.java" Intrnl_Id="1975">
<Branch CovItemId="B45" CovItemPrefix="com.OriginalFiles.Board.java" Implct="false" Intrnl_Id="1976">
<Cond/>
<LocList>
<Loc EndOffset="10036" SrcFileId="7" StartOffset="9955"/>
</LocList>
<StmntSeq Intrnl_Id="1977">
<LocList>
<Loc EndOffset="10025" SrcFileId="7" StartOffset="9970"/>
</LocList>
<BasicStmnt CovItemId="S125" CovItemPrefix="com.OriginalFiles.Board.java" Intrnl_Id="1978">
<LocList>
<Loc EndOffset="10025" SrcFileId="7" StartOffset="9970"/>
</LocList>
</BasicStmnt>
</StmntSeq>
</Branch>
<Branch CovItemId="B46" CovItemPrefix="com.OriginalFiles.Board.java" Implct="true" Intrnl_Id="1979">
<Cond/>
<LocList/>
<StmntSeq Intrnl_Id="1980">
<LocList/>
</StmntSeq>
</Branch>
<Keyword EndOffset="9904" SrcFileId="7" StartOffset="9902"/>
<LocList>
<Loc EndOffset="10036" SrcFileId="7" StartOffset="9902"/>
</LocList>
<RootTerm CovItemId="C33" CovItemPrefix="com.OriginalFiles.Board.java" Intrnl_Id="1981">
<OpTerm BooleanOpId="9" Intrnl_Id="1982">
<BasicBoolTerm Intrnl_Id="1983">
<LocList>
<Loc EndOffset="9953" SrcFileId="7" StartOffset="9907"/>
</LocList>
</BasicBoolTerm>
<LocList>
<Loc EndOffset="9907" SrcFileId="7" StartOffset="9906"/>
</LocList>
</OpTerm>
</RootTerm>
</CondStmnt>
<CondStmnt CovItemId="S126" CovItemPrefix="com.OriginalFiles.Board.java" Intrnl_Id="1984">
<Branch CovItemId="B47" CovItemPrefix="com.OriginalFiles.Board.java" Implct="false" Intrnl_Id="1985">
<Cond/>
<LocList>
<Loc EndOffset="10180" SrcFileId="7" StartOffset="10099"/>
</LocList>
<StmntSeq Intrnl_Id="1986">
<LocList>
<Loc EndOffset="10169" SrcFileId="7" StartOffset="10114"/>
</LocList>
<BasicStmnt CovItemId="S127" CovItemPrefix="com.OriginalFiles.Board.java" Intrnl_Id="1987">
<LocList>
<Loc EndOffset="10169" SrcFileId="7" StartOffset="10114"/>
</LocList>
</BasicStmnt>
</StmntSeq>
</Branch>
<Branch CovItemId="B48" CovItemPrefix="com.OriginalFiles.Board.java" Implct="true" Intrnl_Id="1988">
<Cond/>
<LocList/>
<StmntSeq Intrnl_Id="1989">
<LocList/>
</StmntSeq>
</Branch>
<Keyword EndOffset="10048" SrcFileId="7" StartOffset="10046"/>
<LocList>
<Loc EndOffset="10180" SrcFileId="7" StartOffset="10046"/>
</LocList>
<RootTerm CovItemId="C34" CovItemPrefix="com.OriginalFiles.Board.java" Intrnl_Id="1990">
<OpTerm BooleanOpId="9" Intrnl_Id="1991">
<BasicBoolTerm Intrnl_Id="1992">
<LocList>
<Loc EndOffset="10097" SrcFileId="7" StartOffset="10051"/>
</LocList>
</BasicBoolTerm>
<LocList>
<Loc EndOffset="10051" SrcFileId="7" StartOffset="10050"/>
</LocList>
</OpTerm>
</RootTerm>
</CondStmnt>
<CondStmnt CovItemId="S128" CovItemPrefix="com.OriginalFiles.Board.java" Intrnl_Id="1993">
<Branch CovItemId="B49" CovItemPrefix="com.OriginalFiles.Board.java" Implct="false" Intrnl_Id="1994">
<Cond/>
<LocList>
<Loc EndOffset="10594" SrcFileId="7" StartOffset="10270"/>
</LocList>
<StmntSeq Intrnl_Id="1995">
<LocList>
<Loc EndOffset="10427" SrcFileId="7" StartOffset="10285"/>
<Loc EndOffset="10583" SrcFileId="7" StartOffset="10441"/>
</LocList>
<CondStmnt CovItemId="S129" CovItemPrefix="com.OriginalFiles.Board.java" Intrnl_Id="1996">
<Branch CovItemId="B51" CovItemPrefix="com.OriginalFiles.Board.java" Implct="false" Intrnl_Id="1997">
<Cond/>
<LocList>
<Loc EndOffset="10427" SrcFileId="7" StartOffset="10338"/>
</LocList>
<StmntSeq Intrnl_Id="1998">
<LocList>
<Loc EndOffset="10412" SrcFileId="7" StartOffset="10357"/>
</LocList>
<BasicStmnt CovItemId="S130" CovItemPrefix="com.OriginalFiles.Board.java" Intrnl_Id="1999">
<LocList>
<Loc EndOffset="10412" SrcFileId="7" StartOffset="10357"/>
</LocList>
</BasicStmnt>
</StmntSeq>
</Branch>
<Branch CovItemId="B52" CovItemPrefix="com.OriginalFiles.Board.java" Implct="true" Intrnl_Id="2000">
<Cond/>
<LocList/>
<StmntSeq Intrnl_Id="2001">
<LocList/>
</StmntSeq>
</Branch>
<Keyword EndOffset="10287" SrcFileId="7" StartOffset="10285"/>
<LocList>
<Loc EndOffset="10427" SrcFileId="7" StartOffset="10285"/>
</LocList>
<RootTerm CovItemId="C36" CovItemPrefix="com.OriginalFiles.Board.java" Intrnl_Id="2002">
<OpTerm BooleanOpId="9" Intrnl_Id="2003">
<BasicBoolTerm Intrnl_Id="2004">
<LocList>
<Loc EndOffset="10336" SrcFileId="7" StartOffset="10290"/>
</LocList>
</BasicBoolTerm>
<LocList>
<Loc EndOffset="10290" SrcFileId="7" StartOffset="10289"/>
</LocList>
</OpTerm>
</RootTerm>
</CondStmnt>
<CondStmnt CovItemId="S131" CovItemPrefix="com.OriginalFiles.Board.java" Intrnl_Id="2005">
<Branch CovItemId="B53" CovItemPrefix="com.OriginalFiles.Board.java" Implct="false" Intrnl_Id="2006">
<Cond/>
<LocList>
<Loc EndOffset="10583" SrcFileId="7" StartOffset="10494"/>
</LocList>
<StmntSeq Intrnl_Id="2007">
<LocList>
<Loc EndOffset="10568" SrcFileId="7" StartOffset="10513"/>
</LocList>
<BasicStmnt CovItemId="S132" CovItemPrefix="com.OriginalFiles.Board.java" Intrnl_Id="2008">
<LocList>
<Loc EndOffset="10568" SrcFileId="7" StartOffset="10513"/>
</LocList>
</BasicStmnt>
</StmntSeq>
</Branch>
<Branch CovItemId="B54" CovItemPrefix="com.OriginalFiles.Board.java" Implct="true" Intrnl_Id="2009">
<Cond/>
<LocList/>
<StmntSeq Intrnl_Id="2010">
<LocList/>
</StmntSeq>
</Branch>
<Keyword EndOffset="10443" SrcFileId="7" StartOffset="10441"/>
<LocList>
<Loc EndOffset="10583" SrcFileId="7" StartOffset="10441"/>
</LocList>
<RootTerm CovItemId="C37" CovItemPrefix="com.OriginalFiles.Board.java" Intrnl_Id="2011">
<OpTerm BooleanOpId="9" Intrnl_Id="2012">
<BasicBoolTerm Intrnl_Id="2013">
<LocList>
<Loc EndOffset="10492" SrcFileId="7" StartOffset="10446"/>
</LocList>
</BasicBoolTerm>
<LocList>
<Loc EndOffset="10446" SrcFileId="7" StartOffset="10445"/>
</LocList>
</OpTerm>
</RootTerm>
</CondStmnt>
</StmntSeq>
</Branch>
<Branch CovItemId="B50" CovItemPrefix="com.OriginalFiles.Board.java" Implct="true" Intrnl_Id="2014">
<Cond/>
<LocList/>
<StmntSeq Intrnl_Id="2015">
<LocList/>
</StmntSeq>
</Branch>
<Keyword EndOffset="10233" SrcFileId="7" StartOffset="10231"/>
<LocList>
<Loc EndOffset="10594" SrcFileId="7" StartOffset="10231"/>
</LocList>
<RootTerm CovItemId="C35" CovItemPrefix="com.OriginalFiles.Board.java" Intrnl_Id="2016">
<BasicBoolTerm Intrnl_Id="2017">
<LocList>
<Loc EndOffset="10268" SrcFileId="7" StartOffset="10235"/>
</LocList>
</BasicBoolTerm>
</RootTerm>
</CondStmnt>
<BasicStmnt CovItemId="S133" CovItemPrefix="com.OriginalFiles.Board.java" Intrnl_Id="2018">
<LocList>
<Loc EndOffset="10625" SrcFileId="7" StartOffset="10604"/>
</LocList>
</BasicStmnt>
</StmntSeq>
</HierarchyLvl>
<HierarchyLvl HierarchyLvlId="1890" HierarchyLvlTypeId="14" Intrnl_Id="2019" Name="checkJump">
<Header>
<Loc EndOffset="10804" SrcFileId="7" StartOffset="10708"/>
</Header>
<LocList>
<Loc EndOffset="11268" SrcFileId="7" StartOffset="10708"/>
</LocList>
<StmntSeq Intrnl_Id="2020">
<LocList>
<Loc EndOffset="11261" SrcFileId="7" StartOffset="10816"/>
</LocList>
<BasicStmnt CovItemId="S134" CovItemPrefix="com.OriginalFiles.Board.java" Intrnl_Id="2021">
<LocList>
<Loc EndOffset="11261" SrcFileId="7" StartOffset="10816"/>
</LocList>
</BasicStmnt>
</StmntSeq>
</HierarchyLvl>
<HierarchyLvl HierarchyLvlId="1891" HierarchyLvlTypeId="14" Intrnl_Id="2022" Name="checkJumpDirection">
<Header>
<Loc EndOffset="11474" SrcFileId="7" StartOffset="11346"/>
</Header>
<LocList>
<Loc EndOffset="12162" SrcFileId="7" StartOffset="11346"/>
</LocList>
<StmntSeq Intrnl_Id="2023">
<LocList>
<Loc EndOffset="11631" SrcFileId="7" StartOffset="11486"/>
<Loc EndOffset="12133" SrcFileId="7" StartOffset="11643"/>
<Loc EndOffset="12155" SrcFileId="7" StartOffset="12143"/>
</LocList>
<CondStmnt CovItemId="S135" CovItemPrefix="com.OriginalFiles.Board.java" Intrnl_Id="2024">
<Branch CovItemId="B55" CovItemPrefix="com.OriginalFiles.Board.java" Implct="false" Intrnl_Id="2025">
<Cond/>
<LocList>
<Loc EndOffset="11631" SrcFileId="7" StartOffset="11593"/>
</LocList>
<StmntSeq Intrnl_Id="2026">
<LocList>
<Loc EndOffset="11620" SrcFileId="7" StartOffset="11608"/>
</LocList>
<BasicStmnt CovItemId="S136" CovItemPrefix="com.OriginalFiles.Board.java" Intrnl_Id="2027">
<LocList>
<Loc EndOffset="11620" SrcFileId="7" StartOffset="11608"/>
</LocList>
</BasicStmnt>
</StmntSeq>
</Branch>
<Branch CovItemId="B56" CovItemPrefix="com.OriginalFiles.Board.java" Implct="true" Intrnl_Id="2028">
<Cond/>
<LocList/>
<StmntSeq Intrnl_Id="2029">
<LocList/>
</StmntSeq>
</Branch>
<Keyword EndOffset="11488" SrcFileId="7" StartOffset="11486"/>
<LocList>
<Loc EndOffset="11631" SrcFileId="7" StartOffset="11486"/>
</LocList>
<RootTerm CovItemId="C38" CovItemPrefix="com.OriginalFiles.Board.java" Intrnl_Id="2030">
<OpTerm BooleanOpId="10" Intrnl_Id="2031">
<OpTerm BooleanOpId="11" Intrnl_Id="2032">
<OpTerm BooleanOpId="10" Intrnl_Id="2033">
<BasicBoolTerm Intrnl_Id="2034">
<LocList>
<Loc EndOffset="11508" SrcFileId="7" StartOffset="11492"/>
</LocList>
</BasicBoolTerm>
<BasicBoolTerm Intrnl_Id="2035">
<LocList>
<Loc EndOffset="11522" SrcFileId="7" StartOffset="11512"/>
</LocList>
</BasicBoolTerm>
<LocList>
<Loc EndOffset="11511" SrcFileId="7" StartOffset="11509"/>
</LocList>
</OpTerm>
<OpTerm BooleanOpId="10" Intrnl_Id="2036">
<OpTerm BooleanOpId="9" Intrnl_Id="2037">
<BasicBoolTerm Intrnl_Id="2038">
<LocList>
<Loc EndOffset="11562" SrcFileId="7" StartOffset="11546"/>
</LocList>
</BasicBoolTerm>
<LocList>
<Loc EndOffset="11546" SrcFileId="7" StartOffset="11545"/>
</LocList>
</OpTerm>
<BasicBoolTerm Intrnl_Id="2039">
<LocList>
<Loc EndOffset="11575" SrcFileId="7" StartOffset="11566"/>
</LocList>
</BasicBoolTerm>
<LocList>
<Loc EndOffset="11565" SrcFileId="7" StartOffset="11563"/>
</LocList>
</OpTerm>
<LocList>
<Loc EndOffset="11543" SrcFileId="7" StartOffset="11541"/>
</LocList>
</OpTerm>
<OpTerm BooleanOpId="9" Intrnl_Id="2040">
<BasicBoolTerm Intrnl_Id="2041">
<LocList>
<Loc EndOffset="11591" SrcFileId="7" StartOffset="11582"/>
</LocList>
</BasicBoolTerm>
<LocList>
<Loc EndOffset="11582" SrcFileId="7" StartOffset="11581"/>
</LocList>
</OpTerm>
<LocList>
<Loc EndOffset="11580" SrcFileId="7" StartOffset="11578"/>
</LocList>
</OpTerm>
</RootTerm>
</CondStmnt>
<CondStmnt CovItemId="S137" CovItemPrefix="com.OriginalFiles.Board.java" Intrnl_Id="2042">
<Branch CovItemId="B57" CovItemPrefix="com.OriginalFiles.Board.java" Implct="false" Intrnl_Id="2043">
<Cond/>
<LocList>
<Loc EndOffset="12133" SrcFileId="7" StartOffset="11700"/>
</LocList>
<StmntSeq Intrnl_Id="2044">
<LocList>
<Loc EndOffset="12122" SrcFileId="7" StartOffset="11715"/>
</LocList>
<CondStmnt CovItemId="S138" CovItemPrefix="com.OriginalFiles.Board.java" Intrnl_Id="2045">
<Branch CovItemId="B59" CovItemPrefix="com.OriginalFiles.Board.java" Implct="false" Intrnl_Id="2046">
<Cond/>
<LocList>
<Loc EndOffset="12122" SrcFileId="7" StartOffset="11777"/>
</LocList>
<StmntSeq Intrnl_Id="2047">
<LocList>
<Loc EndOffset="12107" SrcFileId="7" StartOffset="11796"/>
</LocList>
<CondStmnt CovItemId="S139" CovItemPrefix="com.OriginalFiles.Board.java" Intrnl_Id="2048">
<Branch CovItemId="B61" CovItemPrefix="com.OriginalFiles.Board.java" Implct="false" Intrnl_Id="2049">
<Cond/>
<LocList>
<Loc EndOffset="12107" SrcFileId="7" StartOffset="12010"/>
</LocList>
<StmntSeq Intrnl_Id="2050">
<LocList>
<Loc EndOffset="12088" SrcFileId="7" StartOffset="12033"/>
</LocList>
<BasicStmnt CovItemId="S140" CovItemPrefix="com.OriginalFiles.Board.java" Intrnl_Id="2051">
<LocList>
<Loc EndOffset="12088" SrcFileId="7" StartOffset="12033"/>
</LocList>
</BasicStmnt>
</StmntSeq>
</Branch>
<Branch CovItemId="B62" CovItemPrefix="com.OriginalFiles.Board.java" Implct="true" Intrnl_Id="2052">
<Cond/>
<LocList/>
<StmntSeq Intrnl_Id="2053">
<LocList/>
</StmntSeq>
</Branch>
<Keyword EndOffset="11798" SrcFileId="7" StartOffset="11796"/>
<LocList>
<Loc EndOffset="12107" SrcFileId="7" StartOffset="11796"/>
</LocList>
<RootTerm CovItemId="C41" CovItemPrefix="com.OriginalFiles.Board.java" Intrnl_Id="2054">
<OpTerm BooleanOpId="10" Intrnl_Id="2055">
<BasicBoolTerm Intrnl_Id="2056">
<LocList>
<Loc EndOffset="11898" SrcFileId="7" StartOffset="11800"/>
</LocList>
</BasicBoolTerm>
<OpTerm BooleanOpId="9" Intrnl_Id="2057">
<BasicBoolTerm Intrnl_Id="2058">
<LocList>
<Loc EndOffset="12008" SrcFileId="7" StartOffset="11926"/>
</LocList>
</BasicBoolTerm>
<LocList>
<Loc EndOffset="11926" SrcFileId="7" StartOffset="11925"/>
</LocList>
</OpTerm>
<LocList>
<Loc EndOffset="11924" SrcFileId="7" StartOffset="11922"/>
</LocList>
</OpTerm>
</RootTerm>
</CondStmnt>
</StmntSeq>
</Branch>
<Branch CovItemId="B60" CovItemPrefix="com.OriginalFiles.Board.java" Implct="true" Intrnl_Id="2059">
<Cond/>
<LocList/>
<StmntSeq Intrnl_Id="2060">
<LocList/>
</StmntSeq>
</Branch>
<Keyword EndOffset="11717" SrcFileId="7" StartOffset="11715"/>
<LocList>
<Loc EndOffset="12122" SrcFileId="7" StartOffset="11715"/>
</LocList>
<RootTerm CovItemId="C40" CovItemPrefix="com.OriginalFiles.Board.java" Intrnl_Id="2061">
<OpTerm BooleanOpId="9" Intrnl_Id="2062">
<BasicBoolTerm Intrnl_Id="2063">
<LocList>
<Loc EndOffset="11775" SrcFileId="7" StartOffset="11720"/>
</LocList>
</BasicBoolTerm>
<LocList>
<Loc EndOffset="11720" SrcFileId="7" StartOffset="11719"/>
</LocList>
</OpTerm>
</RootTerm>
</CondStmnt>
</StmntSeq>
</Branch>
<Branch CovItemId="B58" CovItemPrefix="com.OriginalFiles.Board.java" Implct="true" Intrnl_Id="2064">
<Cond/>
<LocList/>
<StmntSeq Intrnl_Id="2065">
<LocList/>
</StmntSeq>
</Branch>
<Keyword EndOffset="11645" SrcFileId="7" StartOffset="11643"/>
<LocList>
<Loc EndOffset="12133" SrcFileId="7" StartOffset="11643"/>
</LocList>
<RootTerm CovItemId="C39" CovItemPrefix="com.OriginalFiles.Board.java" Intrnl_Id="2066">
<BasicBoolTerm Intrnl_Id="2067">
<LocList>
<Loc EndOffset="11698" SrcFileId="7" StartOffset="11647"/>
</LocList>
</BasicBoolTerm>
</RootTerm>
</CondStmnt>
<BasicStmnt CovItemId="S141" CovItemPrefix="com.OriginalFiles.Board.java" Intrnl_Id="2068">
<LocList>
<Loc EndOffset="12155" SrcFileId="7" StartOffset="12143"/>
</LocList>
</BasicStmnt>
</StmntSeq>
</HierarchyLvl>
<HierarchyLvl HierarchyLvlId="1892" HierarchyLvlTypeId="14" Intrnl_Id="2069" Name="checkJumpDirectionBoolean">
<Header>
<Loc EndOffset="12319" SrcFileId="7" StartOffset="12187"/>
</Header>
<LocList>
<Loc EndOffset="12440" SrcFileId="7" StartOffset="12187"/>
</LocList>
<StmntSeq Intrnl_Id="2070">
<LocList>
<Loc EndOffset="12433" SrcFileId="7" StartOffset="12331"/>
</LocList>
<BasicStmnt CovItemId="S142" CovItemPrefix="com.OriginalFiles.Board.java" Intrnl_Id="2071">
<LocList>
<Loc EndOffset="12433" SrcFileId="7" StartOffset="12331"/>
</LocList>
</BasicStmnt>
</StmntSeq>
</HierarchyLvl>
<HierarchyLvl HierarchyLvlId="1893" HierarchyLvlTypeId="14" Intrnl_Id="2072" Name="updateMoveables">
<Header>
<Loc EndOffset="12533" SrcFileId="7" StartOffset="12498"/>
</Header>
<LocList>
<Loc EndOffset="13180" SrcFileId="7" StartOffset="12498"/>
</LocList>
<StmntSeq Intrnl_Id="2073">
<LocList>
<Loc EndOffset="12560" SrcFileId="7" StartOffset="12545"/>
<Loc EndOffset="13148" SrcFileId="7" StartOffset="12570"/>
<Loc EndOffset="13173" SrcFileId="7" StartOffset="13158"/>
</LocList>
<BasicStmnt CovItemId="S143" CovItemPrefix="com.OriginalFiles.Board.java" Intrnl_Id="2074">
<LocList>
<Loc EndOffset="12560" SrcFileId="7" StartOffset="12545"/>
</LocList>
</BasicStmnt>
<LoopStmnt CovItemId="S144" CovItemPrefix="com.OriginalFiles.Board.java" Intrnl_Id="2075" MltplExecId="L13-2" MltplExecPrefix="com.OriginalFiles.Board.java" NvrExecId="L13-0" NvrExecPrefix="com.OriginalFiles.Board.java" OnceExecutedId="L13-1" OnceExecutedPrefix="com.OriginalFiles.Board.java" OptBodyExec="true">
<StmntSeq Intrnl_Id="2076">
<LocList>
<Loc EndOffset="13137" SrcFileId="7" StartOffset="12611"/>
</LocList>
<LoopStmnt CovItemId="S145" CovItemPrefix="com.OriginalFiles.Board.java" Intrnl_Id="2077" MltplExecId="L14-2" MltplExecPrefix="com.OriginalFiles.Board.java" NvrExecId="L14-0" NvrExecPrefix="com.OriginalFiles.Board.java" OnceExecutedId="L14-1" OnceExecutedPrefix="com.OriginalFiles.Board.java" OptBodyExec="true">
<StmntSeq Intrnl_Id="2078">
<LocList>
<Loc EndOffset="13122" SrcFileId="7" StartOffset="12652"/>
</LocList>
<CondStmnt CovItemId="S146" CovItemPrefix="com.OriginalFiles.Board.java" Intrnl_Id="2079">
<Branch CovItemId="B63" CovItemPrefix="com.OriginalFiles.Board.java" Implct="false" Intrnl_Id="2080">
<Cond/>
<LocList>
<Loc EndOffset="13122" SrcFileId="7" StartOffset="12676"/>
</LocList>
<StmntSeq Intrnl_Id="2081">
<LocList>
<Loc EndOffset="13103" SrcFileId="7" StartOffset="12699"/>
</LocList>
<CondStmnt CovItemId="S147" CovItemPrefix="com.OriginalFiles.Board.java" Intrnl_Id="2082">
<Branch CovItemId="B65" CovItemPrefix="com.OriginalFiles.Board.java" Implct="false" Intrnl_Id="2083">
<Cond/>
<LocList>
<Loc EndOffset="13103" SrcFileId="7" StartOffset="12736"/>
</LocList>
<StmntSeq Intrnl_Id="2084">
<LocList>
<Loc EndOffset="13080" SrcFileId="7" StartOffset="12814"/>
</LocList>
<CondStmnt CovItemId="S148" CovItemPrefix="com.OriginalFiles.Board.java" Intrnl_Id="2085">
<Branch CovItemId="B67" CovItemPrefix="com.OriginalFiles.Board.java" Implct="false" Intrnl_Id="2086">
<Cond/>
<LocList>
<Loc EndOffset="12987" SrcFileId="7" StartOffset="12849"/>
</LocList>
<StmntSeq Intrnl_Id="2087">
<LocList>
<Loc EndOffset="12907" SrcFileId="7" StartOffset="12880"/>
</LocList>
<BasicStmnt CovItemId="S149" CovItemPrefix="com.OriginalFiles.Board.java" Intrnl_Id="2088">
<LocList>
<Loc EndOffset="12907" SrcFileId="7" StartOffset="12880"/>
</LocList>
</BasicStmnt>
</StmntSeq>
</Branch>
<Branch CovItemId="B68" CovItemPrefix="com.OriginalFiles.Board.java" Implct="false" Intrnl_Id="2089">
<Cond>
<Loc EndOffset="12992" SrcFileId="7" StartOffset="12988"/>
</Cond>
<LocList>
<Loc EndOffset="13080" SrcFileId="7" StartOffset="12993"/>
</LocList>
<StmntSeq Intrnl_Id="2090">
<LocList>
<Loc EndOffset="13053" SrcFileId="7" StartOffset="13024"/>
</LocList>
<BasicStmnt CovItemId="S150" CovItemPrefix="com.OriginalFiles.Board.java" Intrnl_Id="2091">
<LocList>
<Loc EndOffset="13053" SrcFileId="7" StartOffset="13024"/>
</LocList>
</BasicStmnt>
</StmntSeq>
</Branch>
<Keyword EndOffset="12816" SrcFileId="7" StartOffset="12814"/>
<LocList>
<Loc EndOffset="13080" SrcFileId="7" StartOffset="12814"/>
</LocList>
<RootTerm CovItemId="C44" CovItemPrefix="com.OriginalFiles.Board.java" Intrnl_Id="2092">
<BasicBoolTerm Intrnl_Id="2093">
<LocList>
<Loc EndOffset="12847" SrcFileId="7" StartOffset="12818"/>
</LocList>
</BasicBoolTerm>
</RootTerm>
</CondStmnt>
</StmntSeq>
</Branch>
<Branch CovItemId="B66" CovItemPrefix="com.OriginalFiles.Board.java" Implct="true" Intrnl_Id="2094">
<Cond/>
<LocList/>
<StmntSeq Intrnl_Id="2095">
<LocList/>
</StmntSeq>
</Branch>
<Keyword EndOffset="12701" SrcFileId="7" StartOffset="12699"/>
<LocList>
<Loc EndOffset="13103" SrcFileId="7" StartOffset="12699"/>
</LocList>
<RootTerm CovItemId="C43" CovItemPrefix="com.OriginalFiles.Board.java" Intrnl_Id="2096">
<BasicBoolTerm Intrnl_Id="2097">
<LocList>
<Loc EndOffset="12734" SrcFileId="7" StartOffset="12703"/>
</LocList>
</BasicBoolTerm>
</RootTerm>
</CondStmnt>
</StmntSeq>
</Branch>
<Branch CovItemId="B64" CovItemPrefix="com.OriginalFiles.Board.java" Implct="true" Intrnl_Id="2098">
<Cond/>
<LocList/>
<StmntSeq Intrnl_Id="2099">
<LocList/>
</StmntSeq>
</Branch>
<Keyword EndOffset="12654" SrcFileId="7" StartOffset="12652"/>
<LocList>
<Loc EndOffset="13122" SrcFileId="7" StartOffset="12652"/>
</LocList>
<RootTerm CovItemId="C42" CovItemPrefix="com.OriginalFiles.Board.java" Intrnl_Id="2100">
<BasicBoolTerm Intrnl_Id="2101">
<LocList>
<Loc EndOffset="12674" SrcFileId="7" StartOffset="12656"/>
</LocList>
</BasicBoolTerm>
</RootTerm>
</CondStmnt>
</StmntSeq>
<Keyword EndOffset="12614" SrcFileId="7" StartOffset="12611"/>
<LocList>
<Loc EndOffset="13137" SrcFileId="7" StartOffset="12611"/>
</LocList>
</LoopStmnt>
</StmntSeq>
<Keyword EndOffset="12573" SrcFileId="7" StartOffset="12570"/>
<LocList>
<Loc EndOffset="13148" SrcFileId="7" StartOffset="12570"/>
</LocList>
</LoopStmnt>
<BasicStmnt CovItemId="S151" CovItemPrefix="com.OriginalFiles.Board.java" Intrnl_Id="2102">
<LocList>
<Loc EndOffset="13173" SrcFileId="7" StartOffset="13158"/>
</LocList>
</BasicStmnt>
</StmntSeq>
</HierarchyLvl>
<HierarchyLvl HierarchyLvlId="1894" HierarchyLvlTypeId="14" Intrnl_Id="2103" Name="findOpponentColors">
<Header>
<Loc EndOffset="13272" SrcFileId="7" StartOffset="13239"/>
</Header>
<LocList>
<Loc EndOffset="13506" SrcFileId="7" StartOffset="13239"/>
</LocList>
<StmntSeq Intrnl_Id="2104">
<LocList>
<Loc EndOffset="13499" SrcFileId="7" StartOffset="13284"/>
</LocList>
<CondStmnt CovItemId="S152" CovItemPrefix="com.OriginalFiles.Board.java" Intrnl_Id="2105">
<Branch CovItemId="B69" CovItemPrefix="com.OriginalFiles.Board.java" Implct="false" Intrnl_Id="2106">
<Cond/>
<LocList>
<Loc EndOffset="13402" SrcFileId="7" StartOffset="13311"/>
</LocList>
<StmntSeq Intrnl_Id="2107">
<LocList>
<Loc EndOffset="13353" SrcFileId="7" StartOffset="13326"/>
<Loc EndOffset="13391" SrcFileId="7" StartOffset="13367"/>
</LocList>
<BasicStmnt CovItemId="S153" CovItemPrefix="com.OriginalFiles.Board.java" Intrnl_Id="2108">
<LocList>
<Loc EndOffset="13353" SrcFileId="7" StartOffset="13326"/>
</LocList>
</BasicStmnt>
<BasicStmnt CovItemId="S154" CovItemPrefix="com.OriginalFiles.Board.java" Intrnl_Id="2109">
<LocList>
<Loc EndOffset="13391" SrcFileId="7" StartOffset="13367"/>
</LocList>
</BasicStmnt>
</StmntSeq>
</Branch>
<Branch CovItemId="B70" CovItemPrefix="com.OriginalFiles.Board.java" Implct="false" Intrnl_Id="2110">
<Cond>
<Loc EndOffset="13407" SrcFileId="7" StartOffset="13403"/>
</Cond>
<LocList>
<Loc EndOffset="13499" SrcFileId="7" StartOffset="13408"/>
</LocList>
<StmntSeq Intrnl_Id="2111">
<LocList>
<Loc EndOffset="13450" SrcFileId="7" StartOffset="13423"/>
<Loc EndOffset="13488" SrcFileId="7" StartOffset="13464"/>
</LocList>
<BasicStmnt CovItemId="S155" CovItemPrefix="com.OriginalFiles.Board.java" Intrnl_Id="2112">
<LocList>
<Loc EndOffset="13450" SrcFileId="7" StartOffset="13423"/>
</LocList>
</BasicStmnt>
<BasicStmnt CovItemId="S156" CovItemPrefix="com.OriginalFiles.Board.java" Intrnl_Id="2113">
<LocList>
<Loc EndOffset="13488" SrcFileId="7" StartOffset="13464"/>
</LocList>
</BasicStmnt>
</StmntSeq>
</Branch>
<Keyword EndOffset="13286" SrcFileId="7" StartOffset="13284"/>
<LocList>
<Loc EndOffset="13499" SrcFileId="7" StartOffset="13284"/>
</LocList>
<RootTerm CovItemId="C45" CovItemPrefix="com.OriginalFiles.Board.java" Intrnl_Id="2114">
<BasicBoolTerm Intrnl_Id="2115">
<LocList>
<Loc EndOffset="13309" SrcFileId="7" StartOffset="13288"/>
</LocList>
</BasicBoolTerm>
</RootTerm>
</CondStmnt>
</StmntSeq>
</HierarchyLvl>
<HierarchyLvl HierarchyLvlId="1895" HierarchyLvlTypeId="14" Intrnl_Id="2116" Name="findMissingPiece">
<Header>
<Loc EndOffset="13653" SrcFileId="7" StartOffset="13563"/>
</Header>
<LocList>
<Loc EndOffset="14407" SrcFileId="7" StartOffset="13563"/>
</LocList>
<StmntSeq Intrnl_Id="2117">
<LocList>
<Loc EndOffset="13707" SrcFileId="7" StartOffset="13684"/>
<Loc EndOffset="14365" SrcFileId="7" StartOffset="13719"/>
<Loc EndOffset="14400" SrcFileId="7" StartOffset="14377"/>
</LocList>
<BasicStmnt CovItemId="S157" CovItemPrefix="com.OriginalFiles.Board.java" Intrnl_Id="2118">
<LocList>
<Loc EndOffset="13707" SrcFileId="7" StartOffset="13684"/>
</LocList>
</BasicStmnt>
<LoopStmnt CovItemId="S158" CovItemPrefix="com.OriginalFiles.Board.java" Intrnl_Id="2119" MltplExecId="L15-2" MltplExecPrefix="com.OriginalFiles.Board.java" NvrExecId="L15-0" NvrExecPrefix="com.OriginalFiles.Board.java" OnceExecutedId="L15-1" OnceExecutedPrefix="com.OriginalFiles.Board.java" OptBodyExec="true">
<StmntSeq Intrnl_Id="2120">
<LocList>
<Loc EndOffset="14354" SrcFileId="7" StartOffset="13831"/>
</LocList>
<CondStmnt CovItemId="S159" CovItemPrefix="com.OriginalFiles.Board.java" Intrnl_Id="2121">
<Branch CovItemId="B71" CovItemPrefix="com.OriginalFiles.Board.java" Implct="false" Intrnl_Id="2122">
<Cond/>
<LocList>
<Loc EndOffset="14096" SrcFileId="7" StartOffset="13844"/>
</LocList>
<StmntSeq Intrnl_Id="2123">
<LocList>
<Loc EndOffset="14047" SrcFileId="7" StartOffset="13863"/>
<Loc EndOffset="14081" SrcFileId="7" StartOffset="14065"/>
</LocList>
<LoopStmnt CovItemId="S160" CovItemPrefix="com.OriginalFiles.Board.java" Intrnl_Id="2124" MltplExecId="L16-2" MltplExecPrefix="com.OriginalFiles.Board.java" NvrExecId="L16-0" NvrExecPrefix="com.OriginalFiles.Board.java" OnceExecutedId="L16-1" OnceExecutedPrefix="com.OriginalFiles.Board.java" OptBodyExec="true">
<StmntSeq Intrnl_Id="2125">
<LocList>
<Loc EndOffset="14028" SrcFileId="7" StartOffset="13910"/>
</LocList>
<CondStmnt CovItemId="S161" CovItemPrefix="com.OriginalFiles.Board.java" Intrnl_Id="2126">
<Branch CovItemId="B73" CovItemPrefix="com.OriginalFiles.Board.java" Implct="false" Intrnl_Id="2127">
<Cond/>
<LocList>
<Loc EndOffset="14028" SrcFileId="7" StartOffset="13932"/>
</LocList>
<StmntSeq Intrnl_Id="2128">
<LocList>
<Loc EndOffset="14005" SrcFileId="7" StartOffset="13959"/>
</LocList>
<BasicStmnt CovItemId="S162" CovItemPrefix="com.OriginalFiles.Board.java" Intrnl_Id="2129">
<LocList>
<Loc EndOffset="14005" SrcFileId="7" StartOffset="13959"/>
</LocList>
</BasicStmnt>
</StmntSeq>
</Branch>
<Branch CovItemId="B74" CovItemPrefix="com.OriginalFiles.Board.java" Implct="true" Intrnl_Id="2130">
<Cond/>
<LocList/>
<StmntSeq Intrnl_Id="2131">
<LocList/>
</StmntSeq>
</Branch>
<Keyword EndOffset="13912" SrcFileId="7" StartOffset="13910"/>
<LocList>
<Loc EndOffset="14028" SrcFileId="7" StartOffset="13910"/>
</LocList>
<RootTerm CovItemId="C49" CovItemPrefix="com.OriginalFiles.Board.java" Intrnl_Id="2132">
<BasicBoolTerm Intrnl_Id="2133">
<LocList>
<Loc EndOffset="13930" SrcFileId="7" StartOffset="13914"/>
</LocList>
</BasicBoolTerm>
</RootTerm>
</CondStmnt>
</StmntSeq>
<Keyword EndOffset="13866" SrcFileId="7" StartOffset="13863"/>
<LocList>
<Loc EndOffset="14047" SrcFileId="7" StartOffset="13863"/>
</LocList>
<RootTerm CovItemId="C48" CovItemPrefix="com.OriginalFiles.Board.java" Intrnl_Id="2134">
<BasicBoolTerm Intrnl_Id="2135">
<LocList>
<Loc EndOffset="13880" SrcFileId="7" StartOffset="13875"/>
</LocList>
</BasicBoolTerm>
</RootTerm>
</LoopStmnt>
<BasicStmnt CovItemId="S163" CovItemPrefix="com.OriginalFiles.Board.java" Intrnl_Id="2136">
<LocList>
<Loc EndOffset="14081" SrcFileId="7" StartOffset="14065"/>
</LocList>
</BasicStmnt>
</StmntSeq>
</Branch>
<Branch CovItemId="B72" CovItemPrefix="com.OriginalFiles.Board.java" Implct="false" Intrnl_Id="2137">
<Cond>
<Loc EndOffset="14101" SrcFileId="7" StartOffset="14097"/>
</Cond>
<LocList>
<Loc EndOffset="14354" SrcFileId="7" StartOffset="14102"/>
</LocList>
<StmntSeq Intrnl_Id="2138">
<LocList>
<Loc EndOffset="14306" SrcFileId="7" StartOffset="14121"/>
<Loc EndOffset="14339" SrcFileId="7" StartOffset="14324"/>
</LocList>
<LoopStmnt CovItemId="S164" CovItemPrefix="com.OriginalFiles.Board.java" Intrnl_Id="2139" MltplExecId="L17-2" MltplExecPrefix="com.OriginalFiles.Board.java" NvrExecId="L17-0" NvrExecPrefix="com.OriginalFiles.Board.java" OnceExecutedId="L17-1" OnceExecutedPrefix="com.OriginalFiles.Board.java" OptBodyExec="true">
<StmntSeq Intrnl_Id="2140">
<LocList>
<Loc EndOffset="14287" SrcFileId="7" StartOffset="14169"/>
</LocList>
<CondStmnt CovItemId="S165" CovItemPrefix="com.OriginalFiles.Board.java" Intrnl_Id="2141">
<Branch CovItemId="B75" CovItemPrefix="com.OriginalFiles.Board.java" Implct="false" Intrnl_Id="2142">
<Cond/>
<LocList>
<Loc EndOffset="14287" SrcFileId="7" StartOffset="14191"/>
</LocList>
<StmntSeq Intrnl_Id="2143">
<LocList>
<Loc EndOffset="14264" SrcFileId="7" StartOffset="14218"/>
</LocList>
<BasicStmnt CovItemId="S166" CovItemPrefix="com.OriginalFiles.Board.java" Intrnl_Id="2144">
<LocList>
<Loc EndOffset="14264" SrcFileId="7" StartOffset="14218"/>
</LocList>
</BasicStmnt>
</StmntSeq>
</Branch>
<Branch CovItemId="B76" CovItemPrefix="com.OriginalFiles.Board.java" Implct="true" Intrnl_Id="2145">
<Cond/>
<LocList/>
<StmntSeq Intrnl_Id="2146">
<LocList/>
</StmntSeq>
</Branch>
<Keyword EndOffset="14171" SrcFileId="7" StartOffset="14169"/>
<LocList>
<Loc EndOffset="14287" SrcFileId="7" StartOffset="14169"/>
</LocList>
<RootTerm CovItemId="C51" CovItemPrefix="com.OriginalFiles.Board.java" Intrnl_Id="2147">
<BasicBoolTerm Intrnl_Id="2148">
<LocList>
<Loc EndOffset="14189" SrcFileId="7" StartOffset="14173"/>
</LocList>
</BasicBoolTerm>
</RootTerm>
</CondStmnt>
</StmntSeq>
<Keyword EndOffset="14124" SrcFileId="7" StartOffset="14121"/>
<LocList>
<Loc EndOffset="14306" SrcFileId="7" StartOffset="14121"/>
</LocList>
<RootTerm CovItemId="C50" CovItemPrefix="com.OriginalFiles.Board.java" Intrnl_Id="2149">
<BasicBoolTerm Intrnl_Id="2150">
<LocList>
<Loc EndOffset="14139" SrcFileId="7" StartOffset="14133"/>
</LocList>
</BasicBoolTerm>
</RootTerm>
</LoopStmnt>
<BasicStmnt CovItemId="S167" CovItemPrefix="com.OriginalFiles.Board.java" Intrnl_Id="2151">
<LocList>
<Loc EndOffset="14339" SrcFileId="7" StartOffset="14324"/>
</LocList>
</BasicStmnt>
</StmntSeq>
</Branch>
<Keyword EndOffset="13833" SrcFileId="7" StartOffset="13831"/>
<LocList>
<Loc EndOffset="14354" SrcFileId="7" StartOffset="13831"/>
</LocList>
<RootTerm CovItemId="C47" CovItemPrefix="com.OriginalFiles.Board.java" Intrnl_Id="2152">
<BasicBoolTerm Intrnl_Id="2153">
<LocList>
<Loc EndOffset="13842" SrcFileId="7" StartOffset="13835"/>
</LocList>
</BasicBoolTerm>
</RootTerm>
</CondStmnt>
</StmntSeq>
<Keyword EndOffset="13722" SrcFileId="7" StartOffset="13719"/>
<LocList>
<Loc EndOffset="14365" SrcFileId="7" StartOffset="13719"/>
</LocList>
<RootTerm CovItemId="C46" CovItemPrefix="com.OriginalFiles.Board.java" Intrnl_Id="2154">
<BasicBoolTerm Intrnl_Id="2155">
<LocList>
<Loc EndOffset="13736" SrcFileId="7" StartOffset="13731"/>
</LocList>
</BasicBoolTerm>
</RootTerm>
</LoopStmnt>
<BasicStmnt CovItemId="S168" CovItemPrefix="com.OriginalFiles.Board.java" Intrnl_Id="2156">
<LocList>
<Loc EndOffset="14400" SrcFileId="7" StartOffset="14377"/>
</LocList>
</BasicStmnt>
</StmntSeq>
</HierarchyLvl>
<HierarchyLvl HierarchyLvlId="1896" HierarchyLvlTypeId="14" Intrnl_Id="2157" Name="getPiece">
<Header>
<Loc EndOffset="14505" SrcFileId="7" StartOffset="14450"/>
</Header>
<LocList>
<Loc EndOffset="14817" SrcFileId="7" StartOffset="14450"/>
</LocList>
<StmntSeq Intrnl_Id="2158">
<LocList>
<Loc EndOffset="14562" SrcFileId="7" StartOffset="14517"/>
<Loc EndOffset="14810" SrcFileId="7" StartOffset="14572"/>
</LocList>
<BasicStmnt CovItemId="S169" CovItemPrefix="com.OriginalFiles.Board.java" Intrnl_Id="2159">
<LocList>
<Loc EndOffset="14562" SrcFileId="7" StartOffset="14517"/>
</LocList>
</BasicStmnt>
<CondStmnt CovItemId="S170" CovItemPrefix="com.OriginalFiles.Board.java" Intrnl_Id="2160">
<Branch CovItemId="B77" CovItemPrefix="com.OriginalFiles.Board.java" Implct="false" Intrnl_Id="2161">
<Cond/>
<LocList>
<Loc EndOffset="14628" SrcFileId="7" StartOffset="14590"/>
</LocList>
<StmntSeq Intrnl_Id="2162">
<LocList>
<Loc EndOffset="14617" SrcFileId="7" StartOffset="14605"/>
</LocList>
<BasicStmnt CovItemId="S171" CovItemPrefix="com.OriginalFiles.Board.java" Intrnl_Id="2163">
<LocList>
<Loc EndOffset="14617" SrcFileId="7" StartOffset="14605"/>
</LocList>
</BasicStmnt>
</StmntSeq>
</Branch>
<Branch CovItemId="B78" CovItemPrefix="com.OriginalFiles.Board.java" Implct="false" Intrnl_Id="2164">
<Cond>
<Loc EndOffset="14633" SrcFileId="7" StartOffset="14629"/>
</Cond>
<LocList>
<Loc EndOffset="14810" SrcFileId="7" StartOffset="14634"/>
</LocList>
<StmntSeq Intrnl_Id="2165">
<LocList>
<Loc EndOffset="14678" SrcFileId="7" StartOffset="14649"/>
<Loc EndOffset="14711" SrcFileId="7" StartOffset="14692"/>
<Loc EndOffset="14773" SrcFileId="7" StartOffset="14725"/>
<Loc EndOffset="14799" SrcFileId="7" StartOffset="14787"/>
</LocList>
<BasicStmnt CovItemId="S172" CovItemPrefix="com.OriginalFiles.Board.java" Intrnl_Id="2166">
<LocList>
<Loc EndOffset="14678" SrcFileId="7" StartOffset="14649"/>
</LocList>
</BasicStmnt>
<BasicStmnt CovItemId="S173" CovItemPrefix="com.OriginalFiles.Board.java" Intrnl_Id="2167">
<LocList>
<Loc EndOffset="14711" SrcFileId="7" StartOffset="14692"/>
</LocList>
</BasicStmnt>
<BasicStmnt CovItemId="S174" CovItemPrefix="com.OriginalFiles.Board.java" Intrnl_Id="2168">
<LocList>
<Loc EndOffset="14773" SrcFileId="7" StartOffset="14725"/>
</LocList>
</BasicStmnt>
<BasicStmnt CovItemId="S175" CovItemPrefix="com.OriginalFiles.Board.java" Intrnl_Id="2169">
<LocList>
<Loc EndOffset="14799" SrcFileId="7" StartOffset="14787"/>
</LocList>
</BasicStmnt>
</StmntSeq>
</Branch>
<Keyword EndOffset="14574" SrcFileId="7" StartOffset="14572"/>
<LocList>
<Loc EndOffset="14810" SrcFileId="7" StartOffset="14572"/>
</LocList>
<RootTerm CovItemId="C52" CovItemPrefix="com.OriginalFiles.Board.java" Intrnl_Id="2170">
<BasicBoolTerm Intrnl_Id="2171">
<LocList>
<Loc EndOffset="14588" SrcFileId="7" StartOffset="14576"/>
</LocList>
</BasicBoolTerm>
</RootTerm>
</CondStmnt>
</StmntSeq>
</HierarchyLvl>
<HierarchyLvl HierarchyLvlId="1897" HierarchyLvlTypeId="14" Intrnl_Id="2172" Name="checkAllegiance">
<Header>
<Loc EndOffset="15616" SrcFileId="7" StartOffset="15541"/>
</Header>
<LocList>
<Loc EndOffset="15871" SrcFileId="7" StartOffset="15541"/>
</LocList>
<StmntSeq Intrnl_Id="2173">
<LocList>
<Loc EndOffset="15841" SrcFileId="7" StartOffset="15633"/>
<Loc EndOffset="15864" SrcFileId="7" StartOffset="15851"/>
</LocList>
<CondStmnt CovItemId="S176" CovItemPrefix="com.OriginalFiles.Board.java" Intrnl_Id="2174">
<Branch CovItemId="B79" CovItemPrefix="com.OriginalFiles.Board.java" Implct="false" Intrnl_Id="2175">
<Cond/>
<LocList>
<Loc EndOffset="15841" SrcFileId="7" StartOffset="15668"/>
</LocList>
<StmntSeq Intrnl_Id="2176">
<LocList>
<Loc EndOffset="15830" SrcFileId="7" StartOffset="15683"/>
</LocList>
<CondStmnt CovItemId="S177" CovItemPrefix="com.OriginalFiles.Board.java" Intrnl_Id="2177">
<Branch CovItemId="B81" CovItemPrefix="com.OriginalFiles.Board.java" Implct="false" Intrnl_Id="2178">
<Cond/>
<LocList>
<Loc EndOffset="15830" SrcFileId="7" StartOffset="15705"/>
</LocList>
<StmntSeq Intrnl_Id="2179">
<LocList>
<Loc EndOffset="15815" SrcFileId="7" StartOffset="15724"/>
</LocList>
<BasicStmnt CovItemId="S178" CovItemPrefix="com.OriginalFiles.Board.java" Intrnl_Id="2180">
<LocList>
<Loc EndOffset="15815" SrcFileId="7" StartOffset="15724"/>
</LocList>
</BasicStmnt>
</StmntSeq>
</Branch>
<Branch CovItemId="B82" CovItemPrefix="com.OriginalFiles.Board.java" Implct="true" Intrnl_Id="2181">
<Cond/>
<LocList/>
<StmntSeq Intrnl_Id="2182">
<LocList/>
</StmntSeq>
</Branch>
<Keyword EndOffset="15685" SrcFileId="7" StartOffset="15683"/>
<LocList>
<Loc EndOffset="15830" SrcFileId="7" StartOffset="15683"/>
</LocList>
<RootTerm CovItemId="C54" CovItemPrefix="com.OriginalFiles.Board.java" Intrnl_Id="2183">
<OpTerm BooleanOpId="9" Intrnl_Id="2184">
<BasicBoolTerm Intrnl_Id="2185">
<LocList>
<Loc EndOffset="15703" SrcFileId="7" StartOffset="15688"/>
</LocList>
</BasicBoolTerm>
<LocList>
<Loc EndOffset="15688" SrcFileId="7" StartOffset="15687"/>
</LocList>
</OpTerm>
</RootTerm>
</CondStmnt>
</StmntSeq>
</Branch>
<Branch CovItemId="B80" CovItemPrefix="com.OriginalFiles.Board.java" Implct="true" Intrnl_Id="2186">
<Cond/>
<LocList/>
<StmntSeq Intrnl_Id="2187">
<LocList/>
</StmntSeq>
</Branch>
<Keyword EndOffset="15635" SrcFileId="7" StartOffset="15633"/>
<LocList>
<Loc EndOffset="15841" SrcFileId="7" StartOffset="15633"/>
</LocList>
<RootTerm CovItemId="C53" CovItemPrefix="com.OriginalFiles.Board.java" Intrnl_Id="2188">
<BasicBoolTerm Intrnl_Id="2189">
<LocList>
<Loc EndOffset="15666" SrcFileId="7" StartOffset="15637"/>
</LocList>
</BasicBoolTerm>
</RootTerm>
</CondStmnt>
<BasicStmnt CovItemId="S179" CovItemPrefix="com.OriginalFiles.Board.java" Intrnl_Id="2190">
<LocList>
<Loc EndOffset="15864" SrcFileId="7" StartOffset="15851"/>
</LocList>
</BasicStmnt>
</StmntSeq>
</HierarchyLvl>
<HierarchyLvl HierarchyLvlId="1898" HierarchyLvlTypeId="14" Intrnl_Id="2191" Name="checkAllegiance">
<Header>
<Loc EndOffset="15954" SrcFileId="7" StartOffset="15879"/>
</Header>
<LocList>
<Loc EndOffset="16333" SrcFileId="7" StartOffset="15879"/>
</LocList>
<StmntSeq Intrnl_Id="2192">
<LocList>
<Loc EndOffset="16116" SrcFileId="7" StartOffset="15971"/>
<Loc EndOffset="16302" SrcFileId="7" StartOffset="16127"/>
<Loc EndOffset="16326" SrcFileId="7" StartOffset="16313"/>
</LocList>
<CondStmnt CovItemId="S180" CovItemPrefix="com.OriginalFiles.Board.java" Intrnl_Id="2193">
<Branch CovItemId="B83" CovItemPrefix="com.OriginalFiles.Board.java" Implct="false" Intrnl_Id="2194">
<Cond/>
<LocList>
<Loc EndOffset="16116" SrcFileId="7" StartOffset="16076"/>
</LocList>
<StmntSeq Intrnl_Id="2195">
<LocList>
<Loc EndOffset="16104" SrcFileId="7" StartOffset="16092"/>
</LocList>
<BasicStmnt CovItemId="S181" CovItemPrefix="com.OriginalFiles.Board.java" Intrnl_Id="2196">
<LocList>
<Loc EndOffset="16104" SrcFileId="7" StartOffset="16092"/>
</LocList>
</BasicStmnt>
</StmntSeq>
</Branch>
<Branch CovItemId="B84" CovItemPrefix="com.OriginalFiles.Board.java" Implct="true" Intrnl_Id="2197">
<Cond/>
<LocList/>
<StmntSeq Intrnl_Id="2198">
<LocList/>
</StmntSeq>
</Branch>
<Keyword EndOffset="15973" SrcFileId="7" StartOffset="15971"/>
<LocList>
<Loc EndOffset="16116" SrcFileId="7" StartOffset="15971"/>
</LocList>
<RootTerm CovItemId="C55" CovItemPrefix="com.OriginalFiles.Board.java" Intrnl_Id="2199">
<OpTerm BooleanOpId="10" Intrnl_Id="2200">
<OpTerm BooleanOpId="11" Intrnl_Id="2201">
<BasicBoolTerm Intrnl_Id="2202">
<LocList>
<Loc EndOffset="16005" SrcFileId="7" StartOffset="15976"/>
</LocList>
</BasicBoolTerm>
<BasicBoolTerm Intrnl_Id="2203">
<LocList>
<Loc EndOffset="16052" SrcFileId="7" StartOffset="16026"/>
</LocList>
</BasicBoolTerm>
<LocList>
<Loc EndOffset="16025" SrcFileId="7" StartOffset="16023"/>
</LocList>
</OpTerm>
<OpTerm BooleanOpId="9" Intrnl_Id="2204">
<BasicBoolTerm Intrnl_Id="2205">
<LocList>
<Loc EndOffset="16074" SrcFileId="7" StartOffset="16058"/>
</LocList>
</BasicBoolTerm>
<LocList>
<Loc EndOffset="16058" SrcFileId="7" StartOffset="16057"/>
</LocList>
</OpTerm>
<LocList>
<Loc EndOffset="16056" SrcFileId="7" StartOffset="16054"/>
</LocList>
</OpTerm>
</RootTerm>
</CondStmnt>
<CondStmnt CovItemId="S182" CovItemPrefix="com.OriginalFiles.Board.java" Intrnl_Id="2206">
<Branch CovItemId="B85" CovItemPrefix="com.OriginalFiles.Board.java" Implct="false" Intrnl_Id="2207">
<Cond/>
<LocList>
<Loc EndOffset="16302" SrcFileId="7" StartOffset="16262"/>
</LocList>
<StmntSeq Intrnl_Id="2208">
<LocList>
<Loc EndOffset="16290" SrcFileId="7" StartOffset="16278"/>
</LocList>
<BasicStmnt CovItemId="S183" CovItemPrefix="com.OriginalFiles.Board.java" Intrnl_Id="2209">
<LocList>
<Loc EndOffset="16290" SrcFileId="7" StartOffset="16278"/>
</LocList>
</BasicStmnt>
</StmntSeq>
</Branch>
<Branch CovItemId="B86" CovItemPrefix="com.OriginalFiles.Board.java" Implct="true" Intrnl_Id="2210">
<Cond/>
<LocList/>
<StmntSeq Intrnl_Id="2211">
<LocList/>
</StmntSeq>
</Branch>
<Keyword EndOffset="16129" SrcFileId="7" StartOffset="16127"/>
<LocList>
<Loc EndOffset="16302" SrcFileId="7" StartOffset="16127"/>
</LocList>
<RootTerm CovItemId="C56" CovItemPrefix="com.OriginalFiles.Board.java" Intrnl_Id="2212">
<OpTerm BooleanOpId="10" Intrnl_Id="2213">
<OpTerm BooleanOpId="11" Intrnl_Id="2214">
<BasicBoolTerm Intrnl_Id="2215">
<LocList>
<Loc EndOffset="16167" SrcFileId="7" StartOffset="16132"/>
</LocList>
</BasicBoolTerm>
<BasicBoolTerm Intrnl_Id="2216">
<LocList>
<Loc EndOffset="16221" SrcFileId="7" StartOffset="16189"/>
</LocList>
</BasicBoolTerm>
<LocList>
<Loc EndOffset="16188" SrcFileId="7" StartOffset="16186"/>
</LocList>
</OpTerm>
<BasicBoolTerm Intrnl_Id="2217">
<LocList>
<Loc EndOffset="16260" SrcFileId="7" StartOffset="16244"/>
</LocList>
</BasicBoolTerm>
<LocList>
<Loc EndOffset="16243" SrcFileId="7" StartOffset="16241"/>
</LocList>
</OpTerm>
</RootTerm>
</CondStmnt>
<BasicStmnt CovItemId="S184" CovItemPrefix="com.OriginalFiles.Board.java" Intrnl_Id="2218">
<LocList>
<Loc EndOffset="16326" SrcFileId="7" StartOffset="16313"/>
</LocList>
</BasicStmnt>
</StmntSeq>
</HierarchyLvl>
<HierarchyLvl HierarchyLvlId="1899" HierarchyLvlTypeId="14" Intrnl_Id="2219" Name="checkBounds">
<Header>
<Loc EndOffset="16440" SrcFileId="7" StartOffset="16394"/>
</Header>
<LocList>
<Loc EndOffset="16503" SrcFileId="7" StartOffset="16394"/>
</LocList>
<StmntSeq Intrnl_Id="2220">
<LocList>
<Loc EndOffset="16496" SrcFileId="7" StartOffset="16452"/>
</LocList>
<BasicStmnt CovItemId="S185" CovItemPrefix="com.OriginalFiles.Board.java" Intrnl_Id="2221">
<LocList>
<Loc EndOffset="16496" SrcFileId="7" StartOffset="16452"/>
</LocList>
</BasicStmnt>
</StmntSeq>
</HierarchyLvl>
</HierarchyLvl>
<HierarchyLvl HierarchyLvlId="1925" HierarchyLvlTypeId="13" Intrnl_Id="2222" Name="Analyze">
<Header>
<Loc EndOffset="242" SrcFileId="8" StartOffset="222"/>
</Header>
<LocList>
<Loc EndOffset="25330" SrcFileId="8" StartOffset="222"/>
</LocList>
<StmntSeq Intrnl_Id="2223">
<LocList>
<Loc EndOffset="360" SrcFileId="8" StartOffset="319"/>
<Loc EndOffset="399" SrcFileId="8" StartOffset="366"/>
<Loc EndOffset="451" SrcFileId="8" StartOffset="405"/>
</LocList>
<BasicStmnt CovItemId="S1" CovItemPrefix="com.OriginalFiles.Analyze.java" Intrnl_Id="2224">
<LocList>
<Loc EndOffset="360" SrcFileId="8" StartOffset="319"/>
</LocList>
</BasicStmnt>
<BasicStmnt CovItemId="S2" CovItemPrefix="com.OriginalFiles.Analyze.java" Intrnl_Id="2225">
<LocList>
<Loc EndOffset="399" SrcFileId="8" StartOffset="366"/>
</LocList>
</BasicStmnt>
<BasicStmnt CovItemId="S3" CovItemPrefix="com.OriginalFiles.Analyze.java" Intrnl_Id="2226">
<LocList>
<Loc EndOffset="451" SrcFileId="8" StartOffset="405"/>
</LocList>
</BasicStmnt>
</StmntSeq>
<HierarchyLvl HierarchyLvlId="1901" HierarchyLvlTypeId="14" Intrnl_Id="2227" Name="Analyze">
<Header>
<Loc EndOffset="631" SrcFileId="8" StartOffset="572"/>
</Header>
<LocList>
<Loc EndOffset="712" SrcFileId="8" StartOffset="572"/>
</LocList>
<StmntSeq Intrnl_Id="2228">
<LocList>
<Loc EndOffset="665" SrcFileId="8" StartOffset="643"/>
<Loc EndOffset="705" SrcFileId="8" StartOffset="675"/>
</LocList>
<BasicStmnt CovItemId="S4" CovItemPrefix="com.OriginalFiles.Analyze.java" Intrnl_Id="2229">
<LocList>
<Loc EndOffset="665" SrcFileId="8" StartOffset="643"/>
</LocList>
</BasicStmnt>
<BasicStmnt CovItemId="S5" CovItemPrefix="com.OriginalFiles.Analyze.java" Intrnl_Id="2230">
<LocList>
<Loc EndOffset="705" SrcFileId="8" StartOffset="675"/>
</LocList>
</BasicStmnt>
</StmntSeq>
</HierarchyLvl>
<HierarchyLvl HierarchyLvlId="1902" HierarchyLvlTypeId="14" Intrnl_Id="2231" Name="analyzeBoard">
<Header>
<Loc EndOffset="898" SrcFileId="8" StartOffset="792"/>
</Header>
<LocList>
<Loc EndOffset="1480" SrcFileId="8" StartOffset="792"/>
</LocList>
<StmntSeq Intrnl_Id="2232">
<LocList>
<Loc EndOffset="1450" SrcFileId="8" StartOffset="910"/>
<Loc EndOffset="1473" SrcFileId="8" StartOffset="1460"/>
</LocList>
<CondStmnt CovItemId="S6" CovItemPrefix="com.OriginalFiles.Analyze.java" Intrnl_Id="2233">
<Branch CovItemId="B1" CovItemPrefix="com.OriginalFiles.Analyze.java" Implct="false" Intrnl_Id="2234">
<Cond/>
<LocList>
<Loc EndOffset="1450" SrcFileId="8" StartOffset="943"/>
</LocList>
<StmntSeq Intrnl_Id="2235">
<LocList>
<Loc EndOffset="982" SrcFileId="8" StartOffset="958"/>
<Loc EndOffset="1048" SrcFileId="8" StartOffset="998"/>
<Loc EndOffset="1111" SrcFileId="8" StartOffset="1062"/>
<Loc EndOffset="1166" SrcFileId="8" StartOffset="1125"/>
<Loc EndOffset="1199" SrcFileId="8" StartOffset="1180"/>
<Loc EndOffset="1305" SrcFileId="8" StartOffset="1273"/>
<Loc EndOffset="1345" SrcFileId="8" StartOffset="1319"/>
<Loc EndOffset="1439" SrcFileId="8" StartOffset="1359"/>
</LocList>
<BasicStmnt CovItemId="S7" CovItemPrefix="com.OriginalFiles.Analyze.java" Intrnl_Id="2236">
<LocList>
<Loc EndOffset="982" SrcFileId="8" StartOffset="958"/>
</LocList>
</BasicStmnt>
<BasicStmnt CovItemId="S8" CovItemPrefix="com.OriginalFiles.Analyze.java" Intrnl_Id="2237">
<LocList>
<Loc EndOffset="1048" SrcFileId="8" StartOffset="998"/>
</LocList>
</BasicStmnt>
<BasicStmnt CovItemId="S9" CovItemPrefix="com.OriginalFiles.Analyze.java" Intrnl_Id="2238">
<LocList>
<Loc EndOffset="1111" SrcFileId="8" StartOffset="1062"/>
</LocList>
</BasicStmnt>
<BasicStmnt CovItemId="S10" CovItemPrefix="com.OriginalFiles.Analyze.java" Intrnl_Id="2239">
<LocList>
<Loc EndOffset="1166" SrcFileId="8" StartOffset="1125"/>
</LocList>
</BasicStmnt>
<BasicStmnt CovItemId="S11" CovItemPrefix="com.OriginalFiles.Analyze.java" Intrnl_Id="2240">
<LocList>
<Loc EndOffset="1199" SrcFileId="8" StartOffset="1180"/>
</LocList>
</BasicStmnt>
<BasicStmnt CovItemId="S12" CovItemPrefix="com.OriginalFiles.Analyze.java" Intrnl_Id="2241">
<LocList>
<Loc EndOffset="1305" SrcFileId="8" StartOffset="1273"/>
</LocList>
</BasicStmnt>
<BasicStmnt CovItemId="S13" CovItemPrefix="com.OriginalFiles.Analyze.java" Intrnl_Id="2242">
<LocList>
<Loc EndOffset="1345" SrcFileId="8" StartOffset="1319"/>
</LocList>
</BasicStmnt>
<CondStmnt CovItemId="S14" CovItemPrefix="com.OriginalFiles.Analyze.java" Intrnl_Id="2243">
<Branch CovItemId="B3" CovItemPrefix="com.OriginalFiles.Analyze.java" Implct="false" Intrnl_Id="2244">
<Cond/>
<LocList>
<Loc EndOffset="1439" SrcFileId="8" StartOffset="1393"/>
</LocList>
<StmntSeq Intrnl_Id="2245">
<LocList>
<Loc EndOffset="1424" SrcFileId="8" StartOffset="1412"/>
</LocList>
<BasicStmnt CovItemId="S15" CovItemPrefix="com.OriginalFiles.Analyze.java" Intrnl_Id="2246">
<LocList>
<Loc EndOffset="1424" SrcFileId="8" StartOffset="1412"/>
</LocList>
</BasicStmnt>
</StmntSeq>
</Branch>
<Branch CovItemId="B4" CovItemPrefix="com.OriginalFiles.Analyze.java" Implct="true" Intrnl_Id="2247">
<Cond/>
<LocList/>
<StmntSeq Intrnl_Id="2248">
<LocList/>
</StmntSeq>
</Branch>
<Keyword EndOffset="1361" SrcFileId="8" StartOffset="1359"/>
<LocList>
<Loc EndOffset="1439" SrcFileId="8" StartOffset="1359"/>
</LocList>
<RootTerm CovItemId="C2" CovItemPrefix="com.OriginalFiles.Analyze.java" Intrnl_Id="2249">
<OpTerm BooleanOpId="9" Intrnl_Id="2250">
<BasicBoolTerm Intrnl_Id="2251">
<LocList>
<Loc EndOffset="1391" SrcFileId="8" StartOffset="1364"/>
</LocList>
</BasicBoolTerm>
<LocList>
<Loc EndOffset="1364" SrcFileId="8" StartOffset="1363"/>
</LocList>
</OpTerm>
</RootTerm>
</CondStmnt>
</StmntSeq>
</Branch>
<Branch CovItemId="B2" CovItemPrefix="com.OriginalFiles.Analyze.java" Implct="true" Intrnl_Id="2252">
<Cond/>
<LocList/>
<StmntSeq Intrnl_Id="2253">
<LocList/>
</StmntSeq>
</Branch>
<Keyword EndOffset="912" SrcFileId="8" StartOffset="910"/>
<LocList>
<Loc EndOffset="1450" SrcFileId="8" StartOffset="910"/>
</LocList>
<RootTerm CovItemId="C1" CovItemPrefix="com.OriginalFiles.Analyze.java" Intrnl_Id="2254">
<OpTerm BooleanOpId="9" Intrnl_Id="2255">
<BasicBoolTerm Intrnl_Id="2256">
<LocList>
<Loc EndOffset="941" SrcFileId="8" StartOffset="915"/>
</LocList>
</BasicBoolTerm>
<LocList>
<Loc EndOffset="915" SrcFileId="8" StartOffset="914"/>
</LocList>
</OpTerm>
</RootTerm>
</CondStmnt>
<BasicStmnt CovItemId="S16" CovItemPrefix="com.OriginalFiles.Analyze.java" Intrnl_Id="2257">
<LocList>
<Loc EndOffset="1473" SrcFileId="8" StartOffset="1460"/>
</LocList>
</BasicStmnt>
</StmntSeq>
</HierarchyLvl>
<HierarchyLvl HierarchyLvlId="1903" HierarchyLvlTypeId="14" Intrnl_Id="2258" Name="checkMotorCalibration">
<Header>
<Loc EndOffset="1541" SrcFileId="8" StartOffset="1505"/>
</Header>
<LocList>
<Loc EndOffset="1732" SrcFileId="8" StartOffset="1505"/>
</LocList>
<StmntSeq Intrnl_Id="2259">
<LocList>
<Loc EndOffset="1575" SrcFileId="8" StartOffset="1553"/>
<Loc EndOffset="1725" SrcFileId="8" StartOffset="1587"/>
</LocList>
<BasicStmnt CovItemId="S17" CovItemPrefix="com.OriginalFiles.Analyze.java" Intrnl_Id="2260">
<LocList>
<Loc EndOffset="1575" SrcFileId="8" StartOffset="1553"/>
</LocList>
</BasicStmnt>
<CondStmnt CovItemId="S18" CovItemPrefix="com.OriginalFiles.Analyze.java" Intrnl_Id="2261">
<Branch CovItemId="B5" CovItemPrefix="com.OriginalFiles.Analyze.java" Implct="false" Intrnl_Id="2262">
<Cond/>
<LocList>
<Loc EndOffset="1725" SrcFileId="8" StartOffset="1634"/>
</LocList>
<StmntSeq Intrnl_Id="2263">
<LocList>
<Loc EndOffset="1670" SrcFileId="8" StartOffset="1649"/>
<Loc EndOffset="1714" SrcFileId="8" StartOffset="1684"/>
</LocList>
<BasicStmnt CovItemId="S19" CovItemPrefix="com.OriginalFiles.Analyze.java" Intrnl_Id="2264">
<LocList>
<Loc EndOffset="1670" SrcFileId="8" StartOffset="1649"/>
</LocList>
</BasicStmnt>
<BasicStmnt CovItemId="S20" CovItemPrefix="com.OriginalFiles.Analyze.java" Intrnl_Id="2265">
<LocList>
<Loc EndOffset="1714" SrcFileId="8" StartOffset="1684"/>
</LocList>
</BasicStmnt>
</StmntSeq>
</Branch>
<Branch CovItemId="B6" CovItemPrefix="com.OriginalFiles.Analyze.java" Implct="true" Intrnl_Id="2266">
<Cond/>
<LocList/>
<StmntSeq Intrnl_Id="2267">
<LocList/>
</StmntSeq>
</Branch>
<Keyword EndOffset="1589" SrcFileId="8" StartOffset="1587"/>
<LocList>
<Loc EndOffset="1725" SrcFileId="8" StartOffset="1587"/>
</LocList>
<RootTerm CovItemId="C3" CovItemPrefix="com.OriginalFiles.Analyze.java" Intrnl_Id="2268">
<BasicBoolTerm Intrnl_Id="2269">
<LocList>
<Loc EndOffset="1632" SrcFileId="8" StartOffset="1591"/>
</LocList>
</BasicBoolTerm>
</RootTerm>
</CondStmnt>
</StmntSeq>
</HierarchyLvl>
<HierarchyLvl HierarchyLvlId="1904" HierarchyLvlTypeId="14" Intrnl_Id="2270" Name="makeListOfMoveables">
<Header>
<Loc EndOffset="1805" SrcFileId="8" StartOffset="1740"/>
</Header>
<LocList>
<Loc EndOffset="2559" SrcFileId="8" StartOffset="1740"/>
</LocList>
<StmntSeq Intrnl_Id="2271">
<LocList>
<Loc EndOffset="1903" SrcFileId="8" StartOffset="1871"/>
<Loc EndOffset="2288" SrcFileId="8" StartOffset="1913"/>
<Loc EndOffset="2343" SrcFileId="8" StartOffset="2298"/>
<Loc EndOffset="2372" SrcFileId="8" StartOffset="2353"/>
<Loc EndOffset="2399" SrcFileId="8" StartOffset="2382"/>
<Loc EndOffset="2522" SrcFileId="8" StartOffset="2409"/>
<Loc EndOffset="2552" SrcFileId="8" StartOffset="2532"/>
</LocList>
<BasicStmnt CovItemId="S21" CovItemPrefix="com.OriginalFiles.Analyze.java" Intrnl_Id="2272">
<LocList>
<Loc EndOffset="1903" SrcFileId="8" StartOffset="1871"/>
</LocList>
</BasicStmnt>
<LoopStmnt CovItemId="S22" CovItemPrefix="com.OriginalFiles.Analyze.java" Intrnl_Id="2273" MltplExecId="L1-2" MltplExecPrefix="com.OriginalFiles.Analyze.java" NvrExecId="L1-0" NvrExecPrefix="com.OriginalFiles.Analyze.java" OnceExecutedId="L1-1" OnceExecutedPrefix="com.OriginalFiles.Analyze.java" OptBodyExec="true">
<StmntSeq Intrnl_Id="2274">
<LocList>
<Loc EndOffset="2277" SrcFileId="8" StartOffset="1968"/>
</LocList>
<LoopStmnt CovItemId="S23" CovItemPrefix="com.OriginalFiles.Analyze.java" Intrnl_Id="2275" MltplExecId="L2-2" MltplExecPrefix="com.OriginalFiles.Analyze.java" NvrExecId="L2-0" NvrExecPrefix="com.OriginalFiles.Analyze.java" OnceExecutedId="L2-1" OnceExecutedPrefix="com.OriginalFiles.Analyze.java" OptBodyExec="true">
<StmntSeq Intrnl_Id="2276">
<LocList>
<Loc EndOffset="2262" SrcFileId="8" StartOffset="2009"/>
</LocList>
<CondStmnt CovItemId="S24" CovItemPrefix="com.OriginalFiles.Analyze.java" Intrnl_Id="2277">
<Branch CovItemId="B7" CovItemPrefix="com.OriginalFiles.Analyze.java" Implct="false" Intrnl_Id="2278">
<Cond/>
<LocList>
<Loc EndOffset="2262" SrcFileId="8" StartOffset="2031"/>
</LocList>
<StmntSeq Intrnl_Id="2279">
<LocList>
<Loc EndOffset="2243" SrcFileId="8" StartOffset="2054"/>
</LocList>
<CondStmnt CovItemId="S25" CovItemPrefix="com.OriginalFiles.Analyze.java" Intrnl_Id="2280">
<Branch CovItemId="B9" CovItemPrefix="com.OriginalFiles.Analyze.java" Implct="false" Intrnl_Id="2281">
<Cond/>
<LocList>
<Loc EndOffset="2243" SrcFileId="8" StartOffset="2169"/>
</LocList>
<StmntSeq Intrnl_Id="2282">
<LocList>
<Loc EndOffset="2220" SrcFileId="8" StartOffset="2196"/>
</LocList>
<BasicStmnt CovItemId="S26" CovItemPrefix="com.OriginalFiles.Analyze.java" Intrnl_Id="2283">
<LocList>
<Loc EndOffset="2220" SrcFileId="8" StartOffset="2196"/>
</LocList>
</BasicStmnt>
</StmntSeq>
</Branch>
<Branch CovItemId="B10" CovItemPrefix="com.OriginalFiles.Analyze.java" Implct="true" Intrnl_Id="2284">
<Cond/>
<LocList/>
<StmntSeq Intrnl_Id="2285">
<LocList/>
</StmntSeq>
</Branch>
<Keyword EndOffset="2056" SrcFileId="8" StartOffset="2054"/>
<LocList>
<Loc EndOffset="2243" SrcFileId="8" StartOffset="2054"/>
</LocList>
<RootTerm CovItemId="C5" CovItemPrefix="com.OriginalFiles.Analyze.java" Intrnl_Id="2286">
<OpTerm BooleanOpId="10" Intrnl_Id="2287">
<BasicBoolTerm Intrnl_Id="2288">
<LocList>
<Loc EndOffset="2092" SrcFileId="8" StartOffset="2058"/>
</LocList>
</BasicBoolTerm>
<BasicBoolTerm Intrnl_Id="2289">
<LocList>
<Loc EndOffset="2167" SrcFileId="8" StartOffset="2125"/>
</LocList>
</BasicBoolTerm>
<LocList>
<Loc EndOffset="2124" SrcFileId="8" StartOffset="2122"/>
</LocList>
</OpTerm>
</RootTerm>
</CondStmnt>
</StmntSeq>
</Branch>
<Branch CovItemId="B8" CovItemPrefix="com.OriginalFiles.Analyze.java" Implct="true" Intrnl_Id="2290">
<Cond/>
<LocList/>
<StmntSeq Intrnl_Id="2291">
<LocList/>
</StmntSeq>
</Branch>
<Keyword EndOffset="2011" SrcFileId="8" StartOffset="2009"/>
<LocList>
<Loc EndOffset="2262" SrcFileId="8" StartOffset="2009"/>
</LocList>
<RootTerm CovItemId="C4" CovItemPrefix="com.OriginalFiles.Analyze.java" Intrnl_Id="2292">
<OpTerm BooleanOpId="9" Intrnl_Id="2293">
<BasicBoolTerm Intrnl_Id="2294">
<LocList>
<Loc EndOffset="2029" SrcFileId="8" StartOffset="2014"/>
</LocList>
</BasicBoolTerm>
<LocList>
<Loc EndOffset="2014" SrcFileId="8" StartOffset="2013"/>
</LocList>
</OpTerm>
</RootTerm>
</CondStmnt>
</StmntSeq>
<Keyword EndOffset="1971" SrcFileId="8" StartOffset="1968"/>
<LocList>
<Loc EndOffset="2277" SrcFileId="8" StartOffset="1968"/>
</LocList>
</LoopStmnt>
</StmntSeq>
<Keyword EndOffset="1916" SrcFileId="8" StartOffset="1913"/>
<LocList>
<Loc EndOffset="2288" SrcFileId="8" StartOffset="1913"/>
</LocList>
</LoopStmnt>
<BasicStmnt CovItemId="S27" CovItemPrefix="com.OriginalFiles.Analyze.java" Intrnl_Id="2295">
<LocList>
<Loc EndOffset="2343" SrcFileId="8" StartOffset="2298"/>
</LocList>
</BasicStmnt>
<BasicStmnt CovItemId="S28" CovItemPrefix="com.OriginalFiles.Analyze.java" Intrnl_Id="2296">
<LocList>
<Loc EndOffset="2372" SrcFileId="8" StartOffset="2353"/>
</LocList>
</BasicStmnt>
<BasicStmnt CovItemId="S29" CovItemPrefix="com.OriginalFiles.Analyze.java" Intrnl_Id="2297">
<LocList>
<Loc EndOffset="2399" SrcFileId="8" StartOffset="2382"/>
</LocList>
</BasicStmnt>
<CondStmnt CovItemId="S30" CovItemPrefix="com.OriginalFiles.Analyze.java" Intrnl_Id="2298">
<Branch CovItemId="B11" CovItemPrefix="com.OriginalFiles.Analyze.java" Implct="false" Intrnl_Id="2299">
<Cond/>
<LocList>
<Loc EndOffset="2522" SrcFileId="8" StartOffset="2439"/>
</LocList>
<StmntSeq Intrnl_Id="2300">
<LocList>
<Loc EndOffset="2511" SrcFileId="8" StartOffset="2454"/>
</LocList>
<BasicStmnt CovItemId="S31" CovItemPrefix="com.OriginalFiles.Analyze.java" Intrnl_Id="2301">
<LocList>
<Loc EndOffset="2511" SrcFileId="8" StartOffset="2454"/>
</LocList>
</BasicStmnt>
</StmntSeq>
</Branch>
<Branch CovItemId="B12" CovItemPrefix="com.OriginalFiles.Analyze.java" Implct="true" Intrnl_Id="2302">
<Cond/>
<LocList/>
<StmntSeq Intrnl_Id="2303">
<LocList/>
</StmntSeq>
</Branch>
<Keyword EndOffset="2411" SrcFileId="8" StartOffset="2409"/>
<LocList>
<Loc EndOffset="2522" SrcFileId="8" StartOffset="2409"/>
</LocList>
<RootTerm CovItemId="C6" CovItemPrefix="com.OriginalFiles.Analyze.java" Intrnl_Id="2304">
<BasicBoolTerm Intrnl_Id="2305">
<LocList>
<Loc EndOffset="2437" SrcFileId="8" StartOffset="2413"/>
</LocList>
</BasicBoolTerm>
</RootTerm>
</CondStmnt>
<BasicStmnt CovItemId="S32" CovItemPrefix="com.OriginalFiles.Analyze.java" Intrnl_Id="2306">
<LocList>
<Loc EndOffset="2552" SrcFileId="8" StartOffset="2532"/>
</LocList>
</BasicStmnt>
</StmntSeq>
</HierarchyLvl>
<HierarchyLvl HierarchyLvlId="1905" HierarchyLvlTypeId="14" Intrnl_Id="2307" Name="checkMovement">
<Header>
<Loc EndOffset="2732" SrcFileId="8" StartOffset="2598"/>
</Header>
<LocList>
<Loc EndOffset="3161" SrcFileId="8" StartOffset="2598"/>
</LocList>
<StmntSeq Intrnl_Id="2308">
<LocList>
<Loc EndOffset="3131" SrcFileId="8" StartOffset="2744"/>
<Loc EndOffset="3154" SrcFileId="8" StartOffset="3141"/>
</LocList>
<LoopStmnt CovItemId="S33" CovItemPrefix="com.OriginalFiles.Analyze.java" Intrnl_Id="2309" MltplExecId="L3-2" MltplExecPrefix="com.OriginalFiles.Analyze.java" NvrExecId="L3-0" NvrExecPrefix="com.OriginalFiles.Analyze.java" OnceExecutedId="L3-1" OnceExecutedPrefix="com.OriginalFiles.Analyze.java" OptBodyExec="true">
<StmntSeq Intrnl_Id="2310">
<LocList>
<Loc EndOffset="3120" SrcFileId="8" StartOffset="2792"/>
</LocList>
<CondStmnt CovItemId="S34" CovItemPrefix="com.OriginalFiles.Analyze.java" Intrnl_Id="2311">
<Branch CovItemId="B13" CovItemPrefix="com.OriginalFiles.Analyze.java" Implct="false" Intrnl_Id="2312">
<Cond/>
<LocList>
<Loc EndOffset="3120" SrcFileId="8" StartOffset="2849"/>
</LocList>
<StmntSeq Intrnl_Id="2313">
<LocList>
<Loc EndOffset="3002" SrcFileId="8" StartOffset="2868"/>
<Loc EndOffset="3105" SrcFileId="8" StartOffset="3020"/>
</LocList>
<CondStmnt CovItemId="S35" CovItemPrefix="com.OriginalFiles.Analyze.java" Intrnl_Id="2314">
<Branch CovItemId="B15" CovItemPrefix="com.OriginalFiles.Analyze.java" Implct="false" Intrnl_Id="2315">
<Cond/>
<LocList>
<Loc EndOffset="3002" SrcFileId="8" StartOffset="2918"/>
</LocList>
<StmntSeq Intrnl_Id="2316">
<LocList>
<Loc EndOffset="2983" SrcFileId="8" StartOffset="2941"/>
</LocList>
<BasicStmnt CovItemId="S36" CovItemPrefix="com.OriginalFiles.Analyze.java" Intrnl_Id="2317">
<LocList>
<Loc EndOffset="2983" SrcFileId="8" StartOffset="2941"/>
</LocList>
</BasicStmnt>
</StmntSeq>
</Branch>
<Branch CovItemId="B16" CovItemPrefix="com.OriginalFiles.Analyze.java" Implct="true" Intrnl_Id="2318">
<Cond/>
<LocList/>
<StmntSeq Intrnl_Id="2319">
<LocList/>
</StmntSeq>
</Branch>
<Keyword EndOffset="2870" SrcFileId="8" StartOffset="2868"/>
<LocList>
<Loc EndOffset="3002" SrcFileId="8" StartOffset="2868"/>
</LocList>
<RootTerm CovItemId="C8" CovItemPrefix="com.OriginalFiles.Analyze.java" Intrnl_Id="2320">
<OpTerm BooleanOpId="10" Intrnl_Id="2321">
<BasicBoolTerm Intrnl_Id="2322">
<LocList>
<Loc EndOffset="2880" SrcFileId="8" StartOffset="2872"/>
</LocList>
</BasicBoolTerm>
<OpTerm BooleanOpId="9" Intrnl_Id="2323">
<BasicBoolTerm Intrnl_Id="2324">
<LocList>
<Loc EndOffset="2916" SrcFileId="8" StartOffset="2885"/>
</LocList>
</BasicBoolTerm>
<LocList>
<Loc EndOffset="2885" SrcFileId="8" StartOffset="2884"/>
</LocList>
</OpTerm>
<LocList>
<Loc EndOffset="2883" SrcFileId="8" StartOffset="2881"/>
</LocList>
</OpTerm>
</RootTerm>
</CondStmnt>
<CondStmnt CovItemId="S37" CovItemPrefix="com.OriginalFiles.Analyze.java" Intrnl_Id="2325">
<Branch CovItemId="B17" CovItemPrefix="com.OriginalFiles.Analyze.java" Implct="false" Intrnl_Id="2326">
<Cond/>
<LocList>
<Loc EndOffset="3105" SrcFileId="8" StartOffset="3051"/>
</LocList>
<StmntSeq Intrnl_Id="2327">
<LocList>
<Loc EndOffset="3086" SrcFileId="8" StartOffset="3074"/>
</LocList>
<BasicStmnt CovItemId="S38" CovItemPrefix="com.OriginalFiles.Analyze.java" Intrnl_Id="2328">
<LocList>
<Loc EndOffset="3086" SrcFileId="8" StartOffset="3074"/>
</LocList>
</BasicStmnt>
</StmntSeq>
</Branch>
<Branch CovItemId="B18" CovItemPrefix="com.OriginalFiles.Analyze.java" Implct="true" Intrnl_Id="2329">
<Cond/>
<LocList/>
<StmntSeq Intrnl_Id="2330">
<LocList/>
</StmntSeq>
</Branch>
<Keyword EndOffset="3022" SrcFileId="8" StartOffset="3020"/>
<LocList>
<Loc EndOffset="3105" SrcFileId="8" StartOffset="3020"/>
</LocList>
<RootTerm CovItemId="C9" CovItemPrefix="com.OriginalFiles.Analyze.java" Intrnl_Id="2331">
<BasicBoolTerm Intrnl_Id="2332">
<LocList>
<Loc EndOffset="3049" SrcFileId="8" StartOffset="3024"/>
</LocList>
</BasicBoolTerm>
</RootTerm>
</CondStmnt>
</StmntSeq>
</Branch>
<Branch CovItemId="B14" CovItemPrefix="com.OriginalFiles.Analyze.java" Implct="true" Intrnl_Id="2333">
<Cond/>
<LocList/>
<StmntSeq Intrnl_Id="2334">
<LocList/>
</StmntSeq>
</Branch>
<Keyword EndOffset="2794" SrcFileId="8" StartOffset="2792"/>
<LocList>
<Loc EndOffset="3120" SrcFileId="8" StartOffset="2792"/>
</LocList>
<RootTerm CovItemId="C7" CovItemPrefix="com.OriginalFiles.Analyze.java" Intrnl_Id="2335">
<BasicBoolTerm Intrnl_Id="2336">
<LocList>
<Loc EndOffset="2847" SrcFileId="8" StartOffset="2796"/>
</LocList>
</BasicBoolTerm>
</RootTerm>
</CondStmnt>
</StmntSeq>
<Keyword EndOffset="2747" SrcFileId="8" StartOffset="2744"/>
<LocList>
<Loc EndOffset="3131" SrcFileId="8" StartOffset="2744"/>
</LocList>
</LoopStmnt>
<BasicStmnt CovItemId="S39" CovItemPrefix="com.OriginalFiles.Analyze.java" Intrnl_Id="2337">
<LocList>
<Loc EndOffset="3154" SrcFileId="8" StartOffset="3141"/>
</LocList>
</BasicStmnt>
</StmntSeq>
</HierarchyLvl>
<HierarchyLvl HierarchyLvlId="1906" HierarchyLvlTypeId="14" Intrnl_Id="2338" Name="countDownToPanic">
<Header>
<Loc EndOffset="3330" SrcFileId="8" StartOffset="3220"/>
</Header>
<LocList>
<Loc EndOffset="3869" SrcFileId="8" StartOffset="3220"/>
</LocList>
<StmntSeq Intrnl_Id="2339">
<LocList>
<Loc EndOffset="3862" SrcFileId="8" StartOffset="3342"/>
</LocList>
<CondStmnt CovItemId="S40" CovItemPrefix="com.OriginalFiles.Analyze.java" Intrnl_Id="2340">
<Branch CovItemId="B19" CovItemPrefix="com.OriginalFiles.Analyze.java" Implct="false" Intrnl_Id="2341">
<Cond/>
<LocList>
<Loc EndOffset="3862" SrcFileId="8" StartOffset="3359"/>
</LocList>
<StmntSeq Intrnl_Id="2342">
<LocList>
<Loc EndOffset="3851" SrcFileId="8" StartOffset="3374"/>
</LocList>
<CondStmnt CovItemId="S41" CovItemPrefix="com.OriginalFiles.Analyze.java" Intrnl_Id="2343">
<Branch CovItemId="B21" CovItemPrefix="com.OriginalFiles.Analyze.java" Implct="false" Intrnl_Id="2344">
<Cond/>
<LocList>
<Loc EndOffset="3549" SrcFileId="8" StartOffset="3408"/>
</LocList>
<StmntSeq Intrnl_Id="2345">
<LocList>
<Loc EndOffset="3454" SrcFileId="8" StartOffset="3427"/>
<Loc EndOffset="3487" SrcFileId="8" StartOffset="3472"/>
<Loc EndOffset="3534" SrcFileId="8" StartOffset="3505"/>
</LocList>
<BasicStmnt CovItemId="S42" CovItemPrefix="com.OriginalFiles.Analyze.java" Intrnl_Id="2346">
<LocList>
<Loc EndOffset="3454" SrcFileId="8" StartOffset="3427"/>
</LocList>
</BasicStmnt>
<BasicStmnt CovItemId="S43" CovItemPrefix="com.OriginalFiles.Analyze.java" Intrnl_Id="2347">
<LocList>
<Loc EndOffset="3487" SrcFileId="8" StartOffset="3472"/>
</LocList>
</BasicStmnt>
<BasicStmnt CovItemId="S44" CovItemPrefix="com.OriginalFiles.Analyze.java" Intrnl_Id="2348">
<LocList>
<Loc EndOffset="3534" SrcFileId="8" StartOffset="3505"/>
</LocList>
</BasicStmnt>
</StmntSeq>
</Branch>
<Branch CovItemId="B22" CovItemPrefix="com.OriginalFiles.Analyze.java" Implct="false" Intrnl_Id="2349">
<Cond>
<Loc EndOffset="3554" SrcFileId="8" StartOffset="3550"/>
</Cond>
<LocList>
<Loc EndOffset="3851" SrcFileId="8" StartOffset="3555"/>
</LocList>
<StmntSeq Intrnl_Id="2350">
<LocList>
<Loc EndOffset="3851" SrcFileId="8" StartOffset="3555"/>
</LocList>
<CondStmnt CovItemId="S45" CovItemPrefix="com.OriginalFiles.Analyze.java" Intrnl_Id="2351">
<Branch CovItemId="B23" CovItemPrefix="com.OriginalFiles.Analyze.java" Implct="false" Intrnl_Id="2352">
<Cond/>
<LocList>
<Loc EndOffset="3778" SrcFileId="8" StartOffset="3589"/>
</LocList>
<StmntSeq Intrnl_Id="2353">
<LocList>
<Loc EndOffset="3638" SrcFileId="8" StartOffset="3608"/>
<Loc EndOffset="3683" SrcFileId="8" StartOffset="3656"/>
<Loc EndOffset="3716" SrcFileId="8" StartOffset="3701"/>
<Loc EndOffset="3763" SrcFileId="8" StartOffset="3734"/>
</LocList>
<BasicStmnt CovItemId="S46" CovItemPrefix="com.OriginalFiles.Analyze.java" Intrnl_Id="2354">
<LocList>
<Loc EndOffset="3638" SrcFileId="8" StartOffset="3608"/>
</LocList>
</BasicStmnt>
<BasicStmnt CovItemId="S47" CovItemPrefix="com.OriginalFiles.Analyze.java" Intrnl_Id="2355">
<LocList>
<Loc EndOffset="3683" SrcFileId="8" StartOffset="3656"/>
</LocList>
</BasicStmnt>
<BasicStmnt CovItemId="S48" CovItemPrefix="com.OriginalFiles.Analyze.java" Intrnl_Id="2356">
<LocList>
<Loc EndOffset="3716" SrcFileId="8" StartOffset="3701"/>
</LocList>
</BasicStmnt>
<BasicStmnt CovItemId="S49" CovItemPrefix="com.OriginalFiles.Analyze.java" Intrnl_Id="2357">
<LocList>
<Loc EndOffset="3763" SrcFileId="8" StartOffset="3734"/>
</LocList>
</BasicStmnt>
</StmntSeq>
</Branch>
<Branch CovItemId="B24" CovItemPrefix="com.OriginalFiles.Analyze.java" Implct="false" Intrnl_Id="2358">
<Cond>
<Loc EndOffset="3783" SrcFileId="8" StartOffset="3779"/>
</Cond>
<LocList>
<Loc EndOffset="3851" SrcFileId="8" StartOffset="3784"/>
</LocList>
<StmntSeq Intrnl_Id="2359">
<LocList>
<Loc EndOffset="3836" SrcFileId="8" StartOffset="3803"/>
</LocList>
<BasicStmnt CovItemId="S50" CovItemPrefix="com.OriginalFiles.Analyze.java" Intrnl_Id="2360">
<LocList>
<Loc EndOffset="3836" SrcFileId="8" StartOffset="3803"/>
</LocList>
</BasicStmnt>
</StmntSeq>
</Branch>
<Keyword EndOffset="3557" SrcFileId="8" StartOffset="3555"/>
<LocList>
<Loc EndOffset="3851" SrcFileId="8" StartOffset="3555"/>
</LocList>
<RootTerm CovItemId="C12" CovItemPrefix="com.OriginalFiles.Analyze.java" Intrnl_Id="2361">
<BasicBoolTerm Intrnl_Id="2362">
<LocList>
<Loc EndOffset="3587" SrcFileId="8" StartOffset="3559"/>
</LocList>
</BasicBoolTerm>
</RootTerm>
</CondStmnt>
</StmntSeq>
</Branch>
<Keyword EndOffset="3376" SrcFileId="8" StartOffset="3374"/>
<LocList>
<Loc EndOffset="3851" SrcFileId="8" StartOffset="3374"/>
</LocList>
<RootTerm CovItemId="C11" CovItemPrefix="com.OriginalFiles.Analyze.java" Intrnl_Id="2363">
<BasicBoolTerm Intrnl_Id="2364">
<LocList>
<Loc EndOffset="3406" SrcFileId="8" StartOffset="3378"/>
</LocList>
</BasicBoolTerm>
</RootTerm>
</CondStmnt>
</StmntSeq>
</Branch>
<Branch CovItemId="B20" CovItemPrefix="com.OriginalFiles.Analyze.java" Implct="true" Intrnl_Id="2365">
<Cond/>
<LocList/>
<StmntSeq Intrnl_Id="2366">
<LocList/>
</StmntSeq>
</Branch>
<Keyword EndOffset="3344" SrcFileId="8" StartOffset="3342"/>
<LocList>
<Loc EndOffset="3862" SrcFileId="8" StartOffset="3342"/>
</LocList>
<RootTerm CovItemId="C10" CovItemPrefix="com.OriginalFiles.Analyze.java" Intrnl_Id="2367">
<OpTerm BooleanOpId="9" Intrnl_Id="2368">
<BasicBoolTerm Intrnl_Id="2369">
<LocList>
<Loc EndOffset="3357" SrcFileId="8" StartOffset="3347"/>
</LocList>
</BasicBoolTerm>
<LocList>
<Loc EndOffset="3347" SrcFileId="8" StartOffset="3346"/>
</LocList>
</OpTerm>
</RootTerm>
</CondStmnt>
</StmntSeq>
</HierarchyLvl>
<HierarchyLvl HierarchyLvlId="1907" HierarchyLvlTypeId="14" Intrnl_Id="2370" Name="trackMovement">
<Header>
<Loc EndOffset="4057" SrcFileId="8" StartOffset="3944"/>
</Header>
<LocList>
<Loc EndOffset="4467" SrcFileId="8" StartOffset="3944"/>
</LocList>
<StmntSeq Intrnl_Id="2371">
<LocList>
<Loc EndOffset="4096" SrcFileId="8" StartOffset="4069"/>
<Loc EndOffset="4430" SrcFileId="8" StartOffset="4106"/>
<Loc EndOffset="4460" SrcFileId="8" StartOffset="4442"/>
</LocList>
<BasicStmnt CovItemId="S51" CovItemPrefix="com.OriginalFiles.Analyze.java" Intrnl_Id="2372">
<LocList>
<Loc EndOffset="4096" SrcFileId="8" StartOffset="4069"/>
</LocList>
</BasicStmnt>
<CondStmnt CovItemId="S52" CovItemPrefix="com.OriginalFiles.Analyze.java" Intrnl_Id="2373">
<Branch CovItemId="B25" CovItemPrefix="com.OriginalFiles.Analyze.java" Implct="false" Intrnl_Id="2374">
<Cond/>
<LocList>
<Loc EndOffset="4354" SrcFileId="8" StartOffset="4143"/>
</LocList>
<StmntSeq Intrnl_Id="2375">
<LocList>
<Loc EndOffset="4236" SrcFileId="8" StartOffset="4158"/>
<Loc EndOffset="4343" SrcFileId="8" StartOffset="4250"/>
</LocList>
<CondStmnt CovItemId="S53" CovItemPrefix="com.OriginalFiles.Analyze.java" Intrnl_Id="2376">
<Branch CovItemId="B27" CovItemPrefix="com.OriginalFiles.Analyze.java" Implct="false" Intrnl_Id="2377">
<Cond/>
<LocList>
<Loc EndOffset="4236" SrcFileId="8" StartOffset="4184"/>
</LocList>
<StmntSeq Intrnl_Id="2378">
<LocList>
<Loc EndOffset="4221" SrcFileId="8" StartOffset="4203"/>
</LocList>
<BasicStmnt CovItemId="S54" CovItemPrefix="com.OriginalFiles.Analyze.java" Intrnl_Id="2379">
<LocList>
<Loc EndOffset="4221" SrcFileId="8" StartOffset="4203"/>
</LocList>
</BasicStmnt>
</StmntSeq>
</Branch>
<Branch CovItemId="B28" CovItemPrefix="com.OriginalFiles.Analyze.java" Implct="true" Intrnl_Id="2380">
<Cond/>
<LocList/>
<StmntSeq Intrnl_Id="2381">
<LocList/>
</StmntSeq>
</Branch>
<Keyword EndOffset="4160" SrcFileId="8" StartOffset="4158"/>
<LocList>
<Loc EndOffset="4236" SrcFileId="8" StartOffset="4158"/>
</LocList>
<RootTerm CovItemId="C14" CovItemPrefix="com.OriginalFiles.Analyze.java" Intrnl_Id="2382">
<BasicBoolTerm Intrnl_Id="2383">
<LocList>
<Loc EndOffset="4182" SrcFileId="8" StartOffset="4162"/>
</LocList>
</BasicBoolTerm>
</RootTerm>
</CondStmnt>
<CondStmnt CovItemId="S55" CovItemPrefix="com.OriginalFiles.Analyze.java" Intrnl_Id="2384">
<Branch CovItemId="B29" CovItemPrefix="com.OriginalFiles.Analyze.java" Implct="false" Intrnl_Id="2385">
<Cond/>
<LocList>
<Loc EndOffset="4343" SrcFileId="8" StartOffset="4267"/>
</LocList>
<StmntSeq Intrnl_Id="2386">
<LocList>
<Loc EndOffset="4328" SrcFileId="8" StartOffset="4286"/>
</LocList>
<BasicStmnt CovItemId="S56" CovItemPrefix="com.OriginalFiles.Analyze.java" Intrnl_Id="2387">
<LocList>
<Loc EndOffset="4328" SrcFileId="8" StartOffset="4286"/>
</LocList>
</BasicStmnt>
</StmntSeq>
</Branch>
<Branch CovItemId="B30" CovItemPrefix="com.OriginalFiles.Analyze.java" Implct="true" Intrnl_Id="2388">
<Cond/>
<LocList/>
<StmntSeq Intrnl_Id="2389">
<LocList/>
</StmntSeq>
</Branch>
<Keyword EndOffset="4252" SrcFileId="8" StartOffset="4250"/>
<LocList>
<Loc EndOffset="4343" SrcFileId="8" StartOffset="4250"/>
</LocList>
<RootTerm CovItemId="C15" CovItemPrefix="com.OriginalFiles.Analyze.java" Intrnl_Id="2390">
<OpTerm BooleanOpId="9" Intrnl_Id="2391">
<BasicBoolTerm Intrnl_Id="2392">
<LocList>
<Loc EndOffset="4265" SrcFileId="8" StartOffset="4255"/>
</LocList>
</BasicBoolTerm>
<LocList>
<Loc EndOffset="4255" SrcFileId="8" StartOffset="4254"/>
</LocList>
</OpTerm>
</RootTerm>
</CondStmnt>
</StmntSeq>
</Branch>
<Branch CovItemId="B26" CovItemPrefix="com.OriginalFiles.Analyze.java" Implct="false" Intrnl_Id="2393">
<Cond>
<Loc EndOffset="4359" SrcFileId="8" StartOffset="4355"/>
</Cond>
<LocList>
<Loc EndOffset="4430" SrcFileId="8" StartOffset="4360"/>
</LocList>
<StmntSeq Intrnl_Id="2394">
<LocList>
<Loc EndOffset="4430" SrcFileId="8" StartOffset="4360"/>
</LocList>
<CondStmnt CovItemId="S57" CovItemPrefix="com.OriginalFiles.Analyze.java" Intrnl_Id="2395">
<Branch CovItemId="B31" CovItemPrefix="com.OriginalFiles.Analyze.java" Implct="false" Intrnl_Id="2396">
<Cond/>
<LocList>
<Loc EndOffset="4430" SrcFileId="8" StartOffset="4386"/>
</LocList>
<StmntSeq Intrnl_Id="2397">
<LocList>
<Loc EndOffset="4419" SrcFileId="8" StartOffset="4401"/>
</LocList>
<BasicStmnt CovItemId="S58" CovItemPrefix="com.OriginalFiles.Analyze.java" Intrnl_Id="2398">
<LocList>
<Loc EndOffset="4419" SrcFileId="8" StartOffset="4401"/>
</LocList>
</BasicStmnt>
</StmntSeq>
</Branch>
<Branch CovItemId="B32" CovItemPrefix="com.OriginalFiles.Analyze.java" Implct="true" Intrnl_Id="2399">
<Cond/>
<LocList/>
<StmntSeq Intrnl_Id="2400">
<LocList/>
</StmntSeq>
</Branch>
<Keyword EndOffset="4362" SrcFileId="8" StartOffset="4360"/>
<LocList>
<Loc EndOffset="4430" SrcFileId="8" StartOffset="4360"/>
</LocList>
<RootTerm CovItemId="C16" CovItemPrefix="com.OriginalFiles.Analyze.java" Intrnl_Id="2401">
<BasicBoolTerm Intrnl_Id="2402">
<LocList>
<Loc EndOffset="4384" SrcFileId="8" StartOffset="4364"/>
</LocList>
</BasicBoolTerm>
</RootTerm>
</CondStmnt>
</StmntSeq>
</Branch>
<Keyword EndOffset="4108" SrcFileId="8" StartOffset="4106"/>
<LocList>
<Loc EndOffset="4430" SrcFileId="8" StartOffset="4106"/>
</LocList>
<RootTerm CovItemId="C13" CovItemPrefix="com.OriginalFiles.Analyze.java" Intrnl_Id="2403">
<BasicBoolTerm Intrnl_Id="2404">
<LocList>
<Loc EndOffset="4141" SrcFileId="8" StartOffset="4110"/>
</LocList>
</BasicBoolTerm>
</RootTerm>
</CondStmnt>
<BasicStmnt CovItemId="S59" CovItemPrefix="com.OriginalFiles.Analyze.java" Intrnl_Id="2405">
<LocList>
<Loc EndOffset="4460" SrcFileId="8" StartOffset="4442"/>
</LocList>
</BasicStmnt>
</StmntSeq>
</HierarchyLvl>
<HierarchyLvl HierarchyLvlId="1908" HierarchyLvlTypeId="14" Intrnl_Id="2406" Name="checkMove">
<Header>
<Loc EndOffset="4613" SrcFileId="8" StartOffset="4504"/>
</Header>
<LocList>
<Loc EndOffset="6895" SrcFileId="8" StartOffset="4504"/>
</LocList>
<StmntSeq Intrnl_Id="2407">
<LocList>
<Loc EndOffset="6865" SrcFileId="8" StartOffset="4675"/>
<Loc EndOffset="6888" SrcFileId="8" StartOffset="6875"/>
</LocList>
<CondStmnt CovItemId="S60" CovItemPrefix="com.OriginalFiles.Analyze.java" Intrnl_Id="2408">
<Branch CovItemId="B33" CovItemPrefix="com.OriginalFiles.Analyze.java" Implct="false" Intrnl_Id="2409">
<Cond/>
<LocList>
<Loc EndOffset="6865" SrcFileId="8" StartOffset="4724"/>
</LocList>
<StmntSeq Intrnl_Id="2410">
<LocList>
<Loc EndOffset="6854" SrcFileId="8" StartOffset="4780"/>
</LocList>
<CondStmnt CovItemId="S61" CovItemPrefix="com.OriginalFiles.Analyze.java" Intrnl_Id="2411">
<Branch CovItemId="B35" CovItemPrefix="com.OriginalFiles.Analyze.java" Implct="false" Intrnl_Id="2412">
<Cond/>
<LocList>
<Loc EndOffset="5265" SrcFileId="8" StartOffset="4837"/>
</LocList>
<StmntSeq Intrnl_Id="2413">
<LocList>
<Loc EndOffset="5214" SrcFileId="8" StartOffset="4856"/>
</LocList>
<CondStmnt CovItemId="S62" CovItemPrefix="com.OriginalFiles.Analyze.java" Intrnl_Id="2414">
<Branch CovItemId="B37" CovItemPrefix="com.OriginalFiles.Analyze.java" Implct="false" Intrnl_Id="2415">
<Cond/>
<LocList>
<Loc EndOffset="5153" SrcFileId="8" StartOffset="4962"/>
</LocList>
<StmntSeq Intrnl_Id="2416">
<LocList>
<Loc EndOffset="5100" SrcFileId="8" StartOffset="4985"/>
<Loc EndOffset="5134" SrcFileId="8" StartOffset="5122"/>
</LocList>
<BasicStmnt CovItemId="S63" CovItemPrefix="com.OriginalFiles.Analyze.java" Intrnl_Id="2417">
<LocList>
<Loc EndOffset="5100" SrcFileId="8" StartOffset="4985"/>
</LocList>
</BasicStmnt>
<BasicStmnt CovItemId="S64" CovItemPrefix="com.OriginalFiles.Analyze.java" Intrnl_Id="2418">
<LocList>
<Loc EndOffset="5134" SrcFileId="8" StartOffset="5122"/>
</LocList>
</BasicStmnt>
</StmntSeq>
</Branch>
<Branch CovItemId="B38" CovItemPrefix="com.OriginalFiles.Analyze.java" Implct="false" Intrnl_Id="2419">
<Cond>
<Loc EndOffset="5158" SrcFileId="8" StartOffset="5154"/>
</Cond>
<LocList>
<Loc EndOffset="5214" SrcFileId="8" StartOffset="5159"/>
</LocList>
<StmntSeq Intrnl_Id="2420">
<LocList>
<Loc EndOffset="5195" SrcFileId="8" StartOffset="5182"/>
</LocList>
<BasicStmnt CovItemId="S65" CovItemPrefix="com.OriginalFiles.Analyze.java" Intrnl_Id="2421">
<LocList>
<Loc EndOffset="5195" SrcFileId="8" StartOffset="5182"/>
</LocList>
</BasicStmnt>
</StmntSeq>
</Branch>
<Keyword EndOffset="4858" SrcFileId="8" StartOffset="4856"/>
<LocList>
<Loc EndOffset="5214" SrcFileId="8" StartOffset="4856"/>
</LocList>
<RootTerm CovItemId="C19" CovItemPrefix="com.OriginalFiles.Analyze.java" Intrnl_Id="2422">
<BasicBoolTerm Intrnl_Id="2423">
<LocList>
<Loc EndOffset="4960" SrcFileId="8" StartOffset="4860"/>
</LocList>
</BasicBoolTerm>
</RootTerm>
</CondStmnt>
</StmntSeq>
</Branch>
<Branch CovItemId="B36" CovItemPrefix="com.OriginalFiles.Analyze.java" Implct="false" Intrnl_Id="2424">
<Cond>
<Loc EndOffset="5270" SrcFileId="8" StartOffset="5266"/>
</Cond>
<LocList>
<Loc EndOffset="6854" SrcFileId="8" StartOffset="5271"/>
</LocList>
<StmntSeq Intrnl_Id="2425">
<LocList>
<Loc EndOffset="6854" SrcFileId="8" StartOffset="5271"/>
</LocList>
<CondStmnt CovItemId="S66" CovItemPrefix="com.OriginalFiles.Analyze.java" Intrnl_Id="2426">
<Branch CovItemId="B39" CovItemPrefix="com.OriginalFiles.Analyze.java" Implct="false" Intrnl_Id="2427">
<Cond/>
<LocList>
<Loc EndOffset="5770" SrcFileId="8" StartOffset="5329"/>
</LocList>
<StmntSeq Intrnl_Id="2428">
<LocList>
<Loc EndOffset="5706" SrcFileId="8" StartOffset="5348"/>
</LocList>
<CondStmnt CovItemId="S67" CovItemPrefix="com.OriginalFiles.Analyze.java" Intrnl_Id="2429">
<Branch CovItemId="B41" CovItemPrefix="com.OriginalFiles.Analyze.java" Implct="false" Intrnl_Id="2430">
<Cond/>
<LocList>
<Loc EndOffset="5645" SrcFileId="8" StartOffset="5454"/>
</LocList>
<StmntSeq Intrnl_Id="2431">
<LocList>
<Loc EndOffset="5592" SrcFileId="8" StartOffset="5477"/>
<Loc EndOffset="5626" SrcFileId="8" StartOffset="5614"/>
</LocList>
<BasicStmnt CovItemId="S68" CovItemPrefix="com.OriginalFiles.Analyze.java" Intrnl_Id="2432">
<LocList>
<Loc EndOffset="5592" SrcFileId="8" StartOffset="5477"/>
</LocList>
</BasicStmnt>
<BasicStmnt CovItemId="S69" CovItemPrefix="com.OriginalFiles.Analyze.java" Intrnl_Id="2433">
<LocList>
<Loc EndOffset="5626" SrcFileId="8" StartOffset="5614"/>
</LocList>
</BasicStmnt>
</StmntSeq>
</Branch>
<Branch CovItemId="B42" CovItemPrefix="com.OriginalFiles.Analyze.java" Implct="false" Intrnl_Id="2434">
<Cond>
<Loc EndOffset="5650" SrcFileId="8" StartOffset="5646"/>
</Cond>
<LocList>
<Loc EndOffset="5706" SrcFileId="8" StartOffset="5651"/>
</LocList>
<StmntSeq Intrnl_Id="2435">
<LocList>
<Loc EndOffset="5687" SrcFileId="8" StartOffset="5674"/>
</LocList>
<BasicStmnt CovItemId="S70" CovItemPrefix="com.OriginalFiles.Analyze.java" Intrnl_Id="2436">
<LocList>
<Loc EndOffset="5687" SrcFileId="8" StartOffset="5674"/>
</LocList>
</BasicStmnt>
</StmntSeq>
</Branch>
<Keyword EndOffset="5350" SrcFileId="8" StartOffset="5348"/>
<LocList>
<Loc EndOffset="5706" SrcFileId="8" StartOffset="5348"/>
</LocList>
<RootTerm CovItemId="C21" CovItemPrefix="com.OriginalFiles.Analyze.java" Intrnl_Id="2437">
<BasicBoolTerm Intrnl_Id="2438">
<LocList>
<Loc EndOffset="5452" SrcFileId="8" StartOffset="5352"/>
</LocList>
</BasicBoolTerm>
</RootTerm>
</CondStmnt>
</StmntSeq>
</Branch>
<Branch CovItemId="B40" CovItemPrefix="com.OriginalFiles.Analyze.java" Implct="false" Intrnl_Id="2439">
<Cond>
<Loc EndOffset="5775" SrcFileId="8" StartOffset="5771"/>
</Cond>
<LocList>
<Loc EndOffset="6854" SrcFileId="8" StartOffset="5776"/>
</LocList>
<StmntSeq Intrnl_Id="2440">
<LocList>
<Loc EndOffset="6854" SrcFileId="8" StartOffset="5776"/>
</LocList>
<CondStmnt CovItemId="S71" CovItemPrefix="com.OriginalFiles.Analyze.java" Intrnl_Id="2441">
<Branch CovItemId="B43" CovItemPrefix="com.OriginalFiles.Analyze.java" Implct="false" Intrnl_Id="2442">
<Cond/>
<LocList>
<Loc EndOffset="6854" SrcFileId="8" StartOffset="5815"/>
</LocList>
<StmntSeq Intrnl_Id="2443">
<LocList>
<Loc EndOffset="6839" SrcFileId="8" StartOffset="5834"/>
</LocList>
<CondStmnt CovItemId="S72" CovItemPrefix="com.OriginalFiles.Analyze.java" Intrnl_Id="2444">
<Branch CovItemId="B45" CovItemPrefix="com.OriginalFiles.Analyze.java" Implct="false" Intrnl_Id="2445">
<Cond/>
<LocList>
<Loc EndOffset="6320" SrcFileId="8" StartOffset="5892"/>
</LocList>
<StmntSeq Intrnl_Id="2446">
<LocList>
<Loc EndOffset="6301" SrcFileId="8" StartOffset="5915"/>
</LocList>
<CondStmnt CovItemId="S73" CovItemPrefix="com.OriginalFiles.Analyze.java" Intrnl_Id="2447">
<Branch CovItemId="B47" CovItemPrefix="com.OriginalFiles.Analyze.java" Implct="false" Intrnl_Id="2448">
<Cond/>
<LocList>
<Loc EndOffset="6232" SrcFileId="8" StartOffset="6025"/>
</LocList>
<StmntSeq Intrnl_Id="2449">
<LocList>
<Loc EndOffset="6171" SrcFileId="8" StartOffset="6052"/>
<Loc EndOffset="6209" SrcFileId="8" StartOffset="6197"/>
</LocList>
<BasicStmnt CovItemId="S74" CovItemPrefix="com.OriginalFiles.Analyze.java" Intrnl_Id="2450">
<LocList>
<Loc EndOffset="6171" SrcFileId="8" StartOffset="6052"/>
</LocList>
</BasicStmnt>
<BasicStmnt CovItemId="S75" CovItemPrefix="com.OriginalFiles.Analyze.java" Intrnl_Id="2451">
<LocList>
<Loc EndOffset="6209" SrcFileId="8" StartOffset="6197"/>
</LocList>
</BasicStmnt>
</StmntSeq>
</Branch>
<Branch CovItemId="B48" CovItemPrefix="com.OriginalFiles.Analyze.java" Implct="false" Intrnl_Id="2452">
<Cond>
<Loc EndOffset="6237" SrcFileId="8" StartOffset="6233"/>
</Cond>
<LocList>
<Loc EndOffset="6301" SrcFileId="8" StartOffset="6238"/>
</LocList>
<StmntSeq Intrnl_Id="2453">
<LocList>
<Loc EndOffset="6278" SrcFileId="8" StartOffset="6265"/>
</LocList>
<BasicStmnt CovItemId="S76" CovItemPrefix="com.OriginalFiles.Analyze.java" Intrnl_Id="2454">
<LocList>
<Loc EndOffset="6278" SrcFileId="8" StartOffset="6265"/>
</LocList>
</BasicStmnt>
</StmntSeq>
</Branch>
<Keyword EndOffset="5917" SrcFileId="8" StartOffset="5915"/>
<LocList>
<Loc EndOffset="6301" SrcFileId="8" StartOffset="5915"/>
</LocList>
<RootTerm CovItemId="C24" CovItemPrefix="com.OriginalFiles.Analyze.java" Intrnl_Id="2455">
<BasicBoolTerm Intrnl_Id="2456">
<LocList>
<Loc EndOffset="6023" SrcFileId="8" StartOffset="5919"/>
</LocList>
</BasicBoolTerm>
</RootTerm>
</CondStmnt>
</StmntSeq>
</Branch>
<Branch CovItemId="B46" CovItemPrefix="com.OriginalFiles.Analyze.java" Implct="false" Intrnl_Id="2457">
<Cond>
<Loc EndOffset="6325" SrcFileId="8" StartOffset="6321"/>
</Cond>
<LocList>
<Loc EndOffset="6839" SrcFileId="8" StartOffset="6326"/>
</LocList>
<StmntSeq Intrnl_Id="2458">
<LocList>
<Loc EndOffset="6839" SrcFileId="8" StartOffset="6326"/>
</LocList>
<CondStmnt CovItemId="S77" CovItemPrefix="com.OriginalFiles.Analyze.java" Intrnl_Id="2459">
<Branch CovItemId="B49" CovItemPrefix="com.OriginalFiles.Analyze.java" Implct="false" Intrnl_Id="2460">
<Cond/>
<LocList>
<Loc EndOffset="6839" SrcFileId="8" StartOffset="6411"/>
</LocList>
<StmntSeq Intrnl_Id="2461">
<LocList>
<Loc EndOffset="6820" SrcFileId="8" StartOffset="6434"/>
</LocList>
<CondStmnt CovItemId="S78" CovItemPrefix="com.OriginalFiles.Analyze.java" Intrnl_Id="2462">
<Branch CovItemId="B51" CovItemPrefix="com.OriginalFiles.Analyze.java" Implct="false" Intrnl_Id="2463">
<Cond/>
<LocList>
<Loc EndOffset="6751" SrcFileId="8" StartOffset="6544"/>
</LocList>
<StmntSeq Intrnl_Id="2464">
<LocList>
<Loc EndOffset="6690" SrcFileId="8" StartOffset="6571"/>
<Loc EndOffset="6728" SrcFileId="8" StartOffset="6716"/>
</LocList>
<BasicStmnt CovItemId="S79" CovItemPrefix="com.OriginalFiles.Analyze.java" Intrnl_Id="2465">
<LocList>
<Loc EndOffset="6690" SrcFileId="8" StartOffset="6571"/>
</LocList>
</BasicStmnt>
<BasicStmnt CovItemId="S80" CovItemPrefix="com.OriginalFiles.Analyze.java" Intrnl_Id="2466">
<LocList>
<Loc EndOffset="6728" SrcFileId="8" StartOffset="6716"/>
</LocList>
</BasicStmnt>
</StmntSeq>
</Branch>
<Branch CovItemId="B52" CovItemPrefix="com.OriginalFiles.Analyze.java" Implct="false" Intrnl_Id="2467">
<Cond>
<Loc EndOffset="6756" SrcFileId="8" StartOffset="6752"/>
</Cond>
<LocList>
<Loc EndOffset="6820" SrcFileId="8" StartOffset="6757"/>
</LocList>
<StmntSeq Intrnl_Id="2468">
<LocList>
<Loc EndOffset="6797" SrcFileId="8" StartOffset="6784"/>
</LocList>
<BasicStmnt CovItemId="S81" CovItemPrefix="com.OriginalFiles.Analyze.java" Intrnl_Id="2469">
<LocList>
<Loc EndOffset="6797" SrcFileId="8" StartOffset="6784"/>
</LocList>
</BasicStmnt>
</StmntSeq>
</Branch>
<Keyword EndOffset="6436" SrcFileId="8" StartOffset="6434"/>
<LocList>
<Loc EndOffset="6820" SrcFileId="8" StartOffset="6434"/>
</LocList>
<RootTerm CovItemId="C26" CovItemPrefix="com.OriginalFiles.Analyze.java" Intrnl_Id="2470">
<BasicBoolTerm Intrnl_Id="2471">
<LocList>
<Loc EndOffset="6542" SrcFileId="8" StartOffset="6438"/>
</LocList>
</BasicBoolTerm>
</RootTerm>
</CondStmnt>
</StmntSeq>
</Branch>
<Branch CovItemId="B50" CovItemPrefix="com.OriginalFiles.Analyze.java" Implct="true" Intrnl_Id="2472">
<Cond/>
<LocList/>
<StmntSeq Intrnl_Id="2473">
<LocList/>
</StmntSeq>
</Branch>
<Keyword EndOffset="6328" SrcFileId="8" StartOffset="6326"/>
<LocList>
<Loc EndOffset="6839" SrcFileId="8" StartOffset="6326"/>
</LocList>
<RootTerm CovItemId="C25" CovItemPrefix="com.OriginalFiles.Analyze.java" Intrnl_Id="2474">
<BasicBoolTerm Intrnl_Id="2475">
<LocList>
<Loc EndOffset="6409" SrcFileId="8" StartOffset="6330"/>
</LocList>
</BasicBoolTerm>
</RootTerm>
</CondStmnt>
</StmntSeq>
</Branch>
<Keyword EndOffset="5836" SrcFileId="8" StartOffset="5834"/>
<LocList>
<Loc EndOffset="6839" SrcFileId="8" StartOffset="5834"/>
</LocList>
<RootTerm CovItemId="C23" CovItemPrefix="com.OriginalFiles.Analyze.java" Intrnl_Id="2476">
<BasicBoolTerm Intrnl_Id="2477">
<LocList>
<Loc EndOffset="5890" SrcFileId="8" StartOffset="5838"/>
</LocList>
</BasicBoolTerm>
</RootTerm>
</CondStmnt>
</StmntSeq>
</Branch>
<Branch CovItemId="B44" CovItemPrefix="com.OriginalFiles.Analyze.java" Implct="true" Intrnl_Id="2478">
<Cond/>
<LocList/>
<StmntSeq Intrnl_Id="2479">
<LocList/>
</StmntSeq>
</Branch>
<Keyword EndOffset="5778" SrcFileId="8" StartOffset="5776"/>
<LocList>
<Loc EndOffset="6854" SrcFileId="8" StartOffset="5776"/>
</LocList>
<RootTerm CovItemId="C22" CovItemPrefix="com.OriginalFiles.Analyze.java" Intrnl_Id="2480">
<BasicBoolTerm Intrnl_Id="2481">
<LocList>
<Loc EndOffset="5813" SrcFileId="8" StartOffset="5780"/>
</LocList>
</BasicBoolTerm>
</RootTerm>
</CondStmnt>
</StmntSeq>
</Branch>
<Keyword EndOffset="5273" SrcFileId="8" StartOffset="5271"/>
<LocList>
<Loc EndOffset="6854" SrcFileId="8" StartOffset="5271"/>
</LocList>
<RootTerm CovItemId="C20" CovItemPrefix="com.OriginalFiles.Analyze.java" Intrnl_Id="2482">
<BasicBoolTerm Intrnl_Id="2483">
<LocList>
<Loc EndOffset="5327" SrcFileId="8" StartOffset="5275"/>
</LocList>
</BasicBoolTerm>
</RootTerm>
</CondStmnt>
</StmntSeq>
</Branch>
<Keyword EndOffset="4782" SrcFileId="8" StartOffset="4780"/>
<LocList>
<Loc EndOffset="6854" SrcFileId="8" StartOffset="4780"/>
</LocList>
<RootTerm CovItemId="C18" CovItemPrefix="com.OriginalFiles.Analyze.java" Intrnl_Id="2484">
<BasicBoolTerm Intrnl_Id="2485">
<LocList>
<Loc EndOffset="4835" SrcFileId="8" StartOffset="4784"/>
</LocList>
</BasicBoolTerm>
</RootTerm>
</CondStmnt>
</StmntSeq>
</Branch>
<Branch CovItemId="B34" CovItemPrefix="com.OriginalFiles.Analyze.java" Implct="true" Intrnl_Id="2486">
<Cond/>
<LocList/>
<StmntSeq Intrnl_Id="2487">
<LocList/>
</StmntSeq>
</Branch>
<Keyword EndOffset="4677" SrcFileId="8" StartOffset="4675"/>
<LocList>
<Loc EndOffset="6865" SrcFileId="8" StartOffset="4675"/>
</LocList>
<RootTerm CovItemId="C17" CovItemPrefix="com.OriginalFiles.Analyze.java" Intrnl_Id="2488">
<BasicBoolTerm Intrnl_Id="2489">
<LocList>
<Loc EndOffset="4722" SrcFileId="8" StartOffset="4679"/>
</LocList>
</BasicBoolTerm>
</RootTerm>
</CondStmnt>
<BasicStmnt CovItemId="S82" CovItemPrefix="com.OriginalFiles.Analyze.java" Intrnl_Id="2490">
<LocList>
<Loc EndOffset="6888" SrcFileId="8" StartOffset="6875"/>
</LocList>
</BasicStmnt>
</StmntSeq>
</HierarchyLvl>
<HierarchyLvl HierarchyLvlId="1909" HierarchyLvlTypeId="14" Intrnl_Id="2491" Name="validateMove">
<Header>
<Loc EndOffset="7068" SrcFileId="8" StartOffset="6964"/>
</Header>
<LocList>
<Loc EndOffset="8223" SrcFileId="8" StartOffset="6964"/>
</LocList>
<StmntSeq Intrnl_Id="2492">
<LocList>
<Loc EndOffset="7130" SrcFileId="8" StartOffset="7082"/>
<Loc EndOffset="7287" SrcFileId="8" StartOffset="7140"/>
<Loc EndOffset="7444" SrcFileId="8" StartOffset="7297"/>
<Loc EndOffset="7601" SrcFileId="8" StartOffset="7454"/>
<Loc EndOffset="7758" SrcFileId="8" StartOffset="7611"/>
<Loc EndOffset="7795" SrcFileId="8" StartOffset="7768"/>
<Loc EndOffset="8187" SrcFileId="8" StartOffset="7805"/>
<Loc EndOffset="8216" SrcFileId="8" StartOffset="8197"/>
</LocList>
<BasicStmnt CovItemId="S83" CovItemPrefix="com.OriginalFiles.Analyze.java" Intrnl_Id="2493">
<LocList>
<Loc EndOffset="7130" SrcFileId="8" StartOffset="7082"/>
</LocList>
</BasicStmnt>
<CondStmnt CovItemId="S84" CovItemPrefix="com.OriginalFiles.Analyze.java" Intrnl_Id="2494">
<Branch CovItemId="B53" CovItemPrefix="com.OriginalFiles.Analyze.java" Implct="false" Intrnl_Id="2495">
<Cond/>
<LocList>
<Loc EndOffset="7287" SrcFileId="8" StartOffset="7197"/>
</LocList>
<StmntSeq Intrnl_Id="2496">
<LocList>
<Loc EndOffset="7276" SrcFileId="8" StartOffset="7212"/>
</LocList>
<BasicStmnt CovItemId="S85" CovItemPrefix="com.OriginalFiles.Analyze.java" Intrnl_Id="2497">
<LocList>
<Loc EndOffset="7276" SrcFileId="8" StartOffset="7212"/>
</LocList>
</BasicStmnt>
</StmntSeq>
</Branch>
<Branch CovItemId="B54" CovItemPrefix="com.OriginalFiles.Analyze.java" Implct="true" Intrnl_Id="2498">
<Cond/>
<LocList/>
<StmntSeq Intrnl_Id="2499">
<LocList/>
</StmntSeq>
</Branch>
<Keyword EndOffset="7142" SrcFileId="8" StartOffset="7140"/>
<LocList>
<Loc EndOffset="7287" SrcFileId="8" StartOffset="7140"/>
</LocList>
<RootTerm CovItemId="C27" CovItemPrefix="com.OriginalFiles.Analyze.java" Intrnl_Id="2500">
<BasicBoolTerm Intrnl_Id="2501">
<LocList>
<Loc EndOffset="7195" SrcFileId="8" StartOffset="7144"/>
</LocList>
</BasicBoolTerm>
</RootTerm>
</CondStmnt>
<CondStmnt CovItemId="S86" CovItemPrefix="com.OriginalFiles.Analyze.java" Intrnl_Id="2502">
<Branch CovItemId="B55" CovItemPrefix="com.OriginalFiles.Analyze.java" Implct="false" Intrnl_Id="2503">
<Cond/>
<LocList>
<Loc EndOffset="7444" SrcFileId="8" StartOffset="7354"/>
</LocList>
<StmntSeq Intrnl_Id="2504">
<LocList>
<Loc EndOffset="7433" SrcFileId="8" StartOffset="7369"/>
</LocList>
<BasicStmnt CovItemId="S87" CovItemPrefix="com.OriginalFiles.Analyze.java" Intrnl_Id="2505">
<LocList>
<Loc EndOffset="7433" SrcFileId="8" StartOffset="7369"/>
</LocList>
</BasicStmnt>
</StmntSeq>
</Branch>
<Branch CovItemId="B56" CovItemPrefix="com.OriginalFiles.Analyze.java" Implct="true" Intrnl_Id="2506">
<Cond/>
<LocList/>
<StmntSeq Intrnl_Id="2507">
<LocList/>
</StmntSeq>
</Branch>
<Keyword EndOffset="7299" SrcFileId="8" StartOffset="7297"/>
<LocList>
<Loc EndOffset="7444" SrcFileId="8" StartOffset="7297"/>
</LocList>
<RootTerm CovItemId="C28" CovItemPrefix="com.OriginalFiles.Analyze.java" Intrnl_Id="2508">
<BasicBoolTerm Intrnl_Id="2509">
<LocList>
<Loc EndOffset="7352" SrcFileId="8" StartOffset="7301"/>
</LocList>
</BasicBoolTerm>
</RootTerm>
</CondStmnt>
<CondStmnt CovItemId="S88" CovItemPrefix="com.OriginalFiles.Analyze.java" Intrnl_Id="2510">
<Branch CovItemId="B57" CovItemPrefix="com.OriginalFiles.Analyze.java" Implct="false" Intrnl_Id="2511">
<Cond/>
<LocList>
<Loc EndOffset="7601" SrcFileId="8" StartOffset="7511"/>
</LocList>
<StmntSeq Intrnl_Id="2512">
<LocList>
<Loc EndOffset="7590" SrcFileId="8" StartOffset="7526"/>
</LocList>
<BasicStmnt CovItemId="S89" CovItemPrefix="com.OriginalFiles.Analyze.java" Intrnl_Id="2513">
<LocList>
<Loc EndOffset="7590" SrcFileId="8" StartOffset="7526"/>
</LocList>
</BasicStmnt>
</StmntSeq>
</Branch>
<Branch CovItemId="B58" CovItemPrefix="com.OriginalFiles.Analyze.java" Implct="true" Intrnl_Id="2514">
<Cond/>
<LocList/>
<StmntSeq Intrnl_Id="2515">
<LocList/>
</StmntSeq>
</Branch>
<Keyword EndOffset="7456" SrcFileId="8" StartOffset="7454"/>
<LocList>
<Loc EndOffset="7601" SrcFileId="8" StartOffset="7454"/>
</LocList>
<RootTerm CovItemId="C29" CovItemPrefix="com.OriginalFiles.Analyze.java" Intrnl_Id="2516">
<BasicBoolTerm Intrnl_Id="2517">
<LocList>
<Loc EndOffset="7509" SrcFileId="8" StartOffset="7458"/>
</LocList>
</BasicBoolTerm>
</RootTerm>
</CondStmnt>
<CondStmnt CovItemId="S90" CovItemPrefix="com.OriginalFiles.Analyze.java" Intrnl_Id="2518">
<Branch CovItemId="B59" CovItemPrefix="com.OriginalFiles.Analyze.java" Implct="false" Intrnl_Id="2519">
<Cond/>
<LocList>
<Loc EndOffset="7758" SrcFileId="8" StartOffset="7668"/>
</LocList>
<StmntSeq Intrnl_Id="2520">
<LocList>
<Loc EndOffset="7747" SrcFileId="8" StartOffset="7683"/>
</LocList>
<BasicStmnt CovItemId="S91" CovItemPrefix="com.OriginalFiles.Analyze.java" Intrnl_Id="2521">
<LocList>
<Loc EndOffset="7747" SrcFileId="8" StartOffset="7683"/>
</LocList>
</BasicStmnt>
</StmntSeq>
</Branch>
<Branch CovItemId="B60" CovItemPrefix="com.OriginalFiles.Analyze.java" Implct="true" Intrnl_Id="2522">
<Cond/>
<LocList/>
<StmntSeq Intrnl_Id="2523">
<LocList/>
</StmntSeq>
</Branch>
<Keyword EndOffset="7613" SrcFileId="8" StartOffset="7611"/>
<LocList>
<Loc EndOffset="7758" SrcFileId="8" StartOffset="7611"/>
</LocList>
<RootTerm CovItemId="C30" CovItemPrefix="com.OriginalFiles.Analyze.java" Intrnl_Id="2524">
<BasicBoolTerm Intrnl_Id="2525">
<LocList>
<Loc EndOffset="7666" SrcFileId="8" StartOffset="7615"/>
</LocList>
</BasicBoolTerm>
</RootTerm>
</CondStmnt>
<BasicStmnt CovItemId="S92" CovItemPrefix="com.OriginalFiles.Analyze.java" Intrnl_Id="2526">
<LocList>
<Loc EndOffset="7795" SrcFileId="8" StartOffset="7768"/>
</LocList>
</BasicStmnt>
<LoopStmnt CovItemId="S93" CovItemPrefix="com.OriginalFiles.Analyze.java" Intrnl_Id="2527" MltplExecId="L4-2" MltplExecPrefix="com.OriginalFiles.Analyze.java" NvrExecId="L4-0" NvrExecPrefix="com.OriginalFiles.Analyze.java" OnceExecutedId="L4-1" OnceExecutedPrefix="com.OriginalFiles.Analyze.java" OptBodyExec="true">
<StmntSeq Intrnl_Id="2528">
<LocList>
<Loc EndOffset="8091" SrcFileId="8" StartOffset="7864"/>
<Loc EndOffset="8176" SrcFileId="8" StartOffset="8105"/>
</LocList>
<CondStmnt CovItemId="S94" CovItemPrefix="com.OriginalFiles.Analyze.java" Intrnl_Id="2529">
<Branch CovItemId="B61" CovItemPrefix="com.OriginalFiles.Analyze.java" Implct="false" Intrnl_Id="2530">
<Cond/>
<LocList>
<Loc EndOffset="8091" SrcFileId="8" StartOffset="7966"/>
</LocList>
<StmntSeq Intrnl_Id="2531">
<LocList>
<Loc EndOffset="8076" SrcFileId="8" StartOffset="7985"/>
</LocList>
<BasicStmnt CovItemId="S95" CovItemPrefix="com.OriginalFiles.Analyze.java" Intrnl_Id="2532">
<LocList>
<Loc EndOffset="8076" SrcFileId="8" StartOffset="7985"/>
</LocList>
</BasicStmnt>
</StmntSeq>
</Branch>
<Branch CovItemId="B62" CovItemPrefix="com.OriginalFiles.Analyze.java" Implct="true" Intrnl_Id="2533">
<Cond/>
<LocList/>
<StmntSeq Intrnl_Id="2534">
<LocList/>
</StmntSeq>
</Branch>
<Keyword EndOffset="7866" SrcFileId="8" StartOffset="7864"/>
<LocList>
<Loc EndOffset="8091" SrcFileId="8" StartOffset="7864"/>
</LocList>
<RootTerm CovItemId="C32" CovItemPrefix="com.OriginalFiles.Analyze.java" Intrnl_Id="2535">
<OpTerm BooleanOpId="9" Intrnl_Id="2536">
<OpTerm BooleanOpId="10" Intrnl_Id="2537">
<BasicBoolTerm Intrnl_Id="2538">
<LocList>
<Loc EndOffset="7904" SrcFileId="8" StartOffset="7870"/>
</LocList>
</BasicBoolTerm>
<BasicBoolTerm Intrnl_Id="2539">
<LocList>
<Loc EndOffset="7963" SrcFileId="8" StartOffset="7929"/>
</LocList>
</BasicBoolTerm>
<LocList>
<Loc EndOffset="7928" SrcFileId="8" StartOffset="7926"/>
</LocList>
</OpTerm>
<LocList>
<Loc EndOffset="7869" SrcFileId="8" StartOffset="7868"/>
</LocList>
</OpTerm>
</RootTerm>
</CondStmnt>
<CondStmnt CovItemId="S96" CovItemPrefix="com.OriginalFiles.Analyze.java" Intrnl_Id="2540">
<Branch CovItemId="B63" CovItemPrefix="com.OriginalFiles.Analyze.java" Implct="false" Intrnl_Id="2541">
<Cond/>
<LocList>
<Loc EndOffset="8176" SrcFileId="8" StartOffset="8123"/>
</LocList>
<StmntSeq Intrnl_Id="2542">
<LocList>
<Loc EndOffset="8161" SrcFileId="8" StartOffset="8142"/>
</LocList>
<BasicStmnt CovItemId="S97" CovItemPrefix="com.OriginalFiles.Analyze.java" Intrnl_Id="2543">
<LocList>
<Loc EndOffset="8161" SrcFileId="8" StartOffset="8142"/>
</LocList>
</BasicStmnt>
</StmntSeq>
</Branch>
<Branch CovItemId="B64" CovItemPrefix="com.OriginalFiles.Analyze.java" Implct="true" Intrnl_Id="2544">
<Cond/>
<LocList/>
<StmntSeq Intrnl_Id="2545">
<LocList/>
</StmntSeq>
</Branch>
<Keyword EndOffset="8107" SrcFileId="8" StartOffset="8105"/>
<LocList>
<Loc EndOffset="8176" SrcFileId="8" StartOffset="8105"/>
</LocList>
<RootTerm CovItemId="C33" CovItemPrefix="com.OriginalFiles.Analyze.java" Intrnl_Id="2546">
<OpTerm BooleanOpId="9" Intrnl_Id="2547">
<BasicBoolTerm Intrnl_Id="2548">
<LocList>
<Loc EndOffset="8121" SrcFileId="8" StartOffset="8110"/>
</LocList>
</BasicBoolTerm>
<LocList>
<Loc EndOffset="8110" SrcFileId="8" StartOffset="8109"/>
</LocList>
</OpTerm>
</RootTerm>
</CondStmnt>
</StmntSeq>
<Keyword EndOffset="7808" SrcFileId="8" StartOffset="7805"/>
<LocList>
<Loc EndOffset="8187" SrcFileId="8" StartOffset="7805"/>
</LocList>
<RootTerm CovItemId="C31" CovItemPrefix="com.OriginalFiles.Analyze.java" Intrnl_Id="2549">
<BasicBoolTerm Intrnl_Id="2550">
<LocList>
<Loc EndOffset="7842" SrcFileId="8" StartOffset="7821"/>
</LocList>
</BasicBoolTerm>
</RootTerm>
</LoopStmnt>
<BasicStmnt CovItemId="S98" CovItemPrefix="com.OriginalFiles.Analyze.java" Intrnl_Id="2551">
<LocList>
<Loc EndOffset="8216" SrcFileId="8" StartOffset="8197"/>
</LocList>
</BasicStmnt>
</StmntSeq>
</HierarchyLvl>
<HierarchyLvl HierarchyLvlId="1910" HierarchyLvlTypeId="14" Intrnl_Id="2552" Name="jumpSequence">
<Header>
<Loc EndOffset="8411" SrcFileId="8" StartOffset="8231"/>
</Header>
<LocList>
<Loc EndOffset="9842" SrcFileId="8" StartOffset="8231"/>
</LocList>
<StmntSeq Intrnl_Id="2553">
<LocList>
<Loc EndOffset="8444" SrcFileId="8" StartOffset="8423"/>
<Loc EndOffset="8514" SrcFileId="8" StartOffset="8454"/>
<Loc EndOffset="8635" SrcFileId="8" StartOffset="8524"/>
<Loc EndOffset="8787" SrcFileId="8" StartOffset="8645"/>
<Loc EndOffset="8903" SrcFileId="8" StartOffset="8797"/>
<Loc EndOffset="9055" SrcFileId="8" StartOffset="8913"/>
<Loc EndOffset="9170" SrcFileId="8" StartOffset="9065"/>
<Loc EndOffset="9322" SrcFileId="8" StartOffset="9180"/>
<Loc EndOffset="9436" SrcFileId="8" StartOffset="9332"/>
<Loc EndOffset="9588" SrcFileId="8" StartOffset="9446"/>
<Loc EndOffset="9693" SrcFileId="8" StartOffset="9600"/>
<Loc EndOffset="9807" SrcFileId="8" StartOffset="9705"/>
<Loc EndOffset="9835" SrcFileId="8" StartOffset="9817"/>
</LocList>
<BasicStmnt CovItemId="S99" CovItemPrefix="com.OriginalFiles.Analyze.java" Intrnl_Id="2554">
<LocList>
<Loc EndOffset="8444" SrcFileId="8" StartOffset="8423"/>
</LocList>
</BasicStmnt>
<BasicStmnt CovItemId="S100" CovItemPrefix="com.OriginalFiles.Analyze.java" Intrnl_Id="2555">
<LocList>
<Loc EndOffset="8514" SrcFileId="8" StartOffset="8454"/>
</LocList>
</BasicStmnt>
<BasicStmnt CovItemId="S101" CovItemPrefix="com.OriginalFiles.Analyze.java" Intrnl_Id="2556">
<LocList>
<Loc EndOffset="8635" SrcFileId="8" StartOffset="8524"/>
</LocList>
</BasicStmnt>
<CondStmnt CovItemId="S102" CovItemPrefix="com.OriginalFiles.Analyze.java" Intrnl_Id="2557">
<Branch CovItemId="B65" CovItemPrefix="com.OriginalFiles.Analyze.java" Implct="false" Intrnl_Id="2558">
<Cond/>
<LocList>
<Loc EndOffset="8787" SrcFileId="8" StartOffset="8668"/>
</LocList>
<StmntSeq Intrnl_Id="2559">
<LocList>
<Loc EndOffset="8776" SrcFileId="8" StartOffset="8683"/>
</LocList>
<BasicStmnt CovItemId="S103" CovItemPrefix="com.OriginalFiles.Analyze.java" Intrnl_Id="2560">
<LocList>
<Loc EndOffset="8776" SrcFileId="8" StartOffset="8683"/>
</LocList>
</BasicStmnt>
</StmntSeq>
</Branch>
<Branch CovItemId="B66" CovItemPrefix="com.OriginalFiles.Analyze.java" Implct="true" Intrnl_Id="2561">
<Cond/>
<LocList/>
<StmntSeq Intrnl_Id="2562">
<LocList/>
</StmntSeq>
</Branch>
<Keyword EndOffset="8647" SrcFileId="8" StartOffset="8645"/>
<LocList>
<Loc EndOffset="8787" SrcFileId="8" StartOffset="8645"/>
</LocList>
<RootTerm CovItemId="C34" CovItemPrefix="com.OriginalFiles.Analyze.java" Intrnl_Id="2563">
<BasicBoolTerm Intrnl_Id="2564">
<LocList>
<Loc EndOffset="8666" SrcFileId="8" StartOffset="8649"/>
</LocList>
</BasicBoolTerm>
</RootTerm>
</CondStmnt>
<BasicStmnt CovItemId="S104" CovItemPrefix="com.OriginalFiles.Analyze.java" Intrnl_Id="2565">
<LocList>
<Loc EndOffset="8903" SrcFileId="8" StartOffset="8797"/>
</LocList>
</BasicStmnt>
<CondStmnt CovItemId="S105" CovItemPrefix="com.OriginalFiles.Analyze.java" Intrnl_Id="2566">
<Branch CovItemId="B67" CovItemPrefix="com.OriginalFiles.Analyze.java" Implct="false" Intrnl_Id="2567">
<Cond/>
<LocList>
<Loc EndOffset="9055" SrcFileId="8" StartOffset="8936"/>
</LocList>
<StmntSeq Intrnl_Id="2568">
<LocList>
<Loc EndOffset="9044" SrcFileId="8" StartOffset="8951"/>
</LocList>
<BasicStmnt CovItemId="S106" CovItemPrefix="com.OriginalFiles.Analyze.java" Intrnl_Id="2569">
<LocList>
<Loc EndOffset="9044" SrcFileId="8" StartOffset="8951"/>
</LocList>
</BasicStmnt>
</StmntSeq>
</Branch>
<Branch CovItemId="B68" CovItemPrefix="com.OriginalFiles.Analyze.java" Implct="true" Intrnl_Id="2570">
<Cond/>
<LocList/>
<StmntSeq Intrnl_Id="2571">
<LocList/>
</StmntSeq>
</Branch>
<Keyword EndOffset="8915" SrcFileId="8" StartOffset="8913"/>
<LocList>
<Loc EndOffset="9055" SrcFileId="8" StartOffset="8913"/>
</LocList>
<RootTerm CovItemId="C35" CovItemPrefix="com.OriginalFiles.Analyze.java" Intrnl_Id="2572">
<BasicBoolTerm Intrnl_Id="2573">
<LocList>
<Loc EndOffset="8934" SrcFileId="8" StartOffset="8917"/>
</LocList>
</BasicBoolTerm>
</RootTerm>
</CondStmnt>
<BasicStmnt CovItemId="S107" CovItemPrefix="com.OriginalFiles.Analyze.java" Intrnl_Id="2574">
<LocList>
<Loc EndOffset="9170" SrcFileId="8" StartOffset="9065"/>
</LocList>
</BasicStmnt>
<CondStmnt CovItemId="S108" CovItemPrefix="com.OriginalFiles.Analyze.java" Intrnl_Id="2575">
<Branch CovItemId="B69" CovItemPrefix="com.OriginalFiles.Analyze.java" Implct="false" Intrnl_Id="2576">
<Cond/>
<LocList>
<Loc EndOffset="9322" SrcFileId="8" StartOffset="9203"/>
</LocList>
<StmntSeq Intrnl_Id="2577">
<LocList>
<Loc EndOffset="9311" SrcFileId="8" StartOffset="9218"/>
</LocList>
<BasicStmnt CovItemId="S109" CovItemPrefix="com.OriginalFiles.Analyze.java" Intrnl_Id="2578">
<LocList>
<Loc EndOffset="9311" SrcFileId="8" StartOffset="9218"/>
</LocList>
</BasicStmnt>
</StmntSeq>
</Branch>
<Branch CovItemId="B70" CovItemPrefix="com.OriginalFiles.Analyze.java" Implct="true" Intrnl_Id="2579">
<Cond/>
<LocList/>
<StmntSeq Intrnl_Id="2580">
<LocList/>
</StmntSeq>
</Branch>
<Keyword EndOffset="9182" SrcFileId="8" StartOffset="9180"/>
<LocList>
<Loc EndOffset="9322" SrcFileId="8" StartOffset="9180"/>
</LocList>
<RootTerm CovItemId="C36" CovItemPrefix="com.OriginalFiles.Analyze.java" Intrnl_Id="2581">
<BasicBoolTerm Intrnl_Id="2582">
<LocList>
<Loc EndOffset="9201" SrcFileId="8" StartOffset="9184"/>
</LocList>
</BasicBoolTerm>
</RootTerm>
</CondStmnt>
<BasicStmnt CovItemId="S110" CovItemPrefix="com.OriginalFiles.Analyze.java" Intrnl_Id="2583">
<LocList>
<Loc EndOffset="9436" SrcFileId="8" StartOffset="9332"/>
</LocList>
</BasicStmnt>
<CondStmnt CovItemId="S111" CovItemPrefix="com.OriginalFiles.Analyze.java" Intrnl_Id="2584">
<Branch CovItemId="B71" CovItemPrefix="com.OriginalFiles.Analyze.java" Implct="false" Intrnl_Id="2585">
<Cond/>
<LocList>
<Loc EndOffset="9588" SrcFileId="8" StartOffset="9469"/>
</LocList>
<StmntSeq Intrnl_Id="2586">
<LocList>
<Loc EndOffset="9577" SrcFileId="8" StartOffset="9484"/>
</LocList>
<BasicStmnt CovItemId="S112" CovItemPrefix="com.OriginalFiles.Analyze.java" Intrnl_Id="2587">
<LocList>
<Loc EndOffset="9577" SrcFileId="8" StartOffset="9484"/>
</LocList>
</BasicStmnt>
</StmntSeq>
</Branch>
<Branch CovItemId="B72" CovItemPrefix="com.OriginalFiles.Analyze.java" Implct="true" Intrnl_Id="2588">
<Cond/>
<LocList/>
<StmntSeq Intrnl_Id="2589">
<LocList/>
</StmntSeq>
</Branch>
<Keyword EndOffset="9448" SrcFileId="8" StartOffset="9446"/>
<LocList>
<Loc EndOffset="9588" SrcFileId="8" StartOffset="9446"/>
</LocList>
<RootTerm CovItemId="C37" CovItemPrefix="com.OriginalFiles.Analyze.java" Intrnl_Id="2590">
<BasicBoolTerm Intrnl_Id="2591">
<LocList>
<Loc EndOffset="9467" SrcFileId="8" StartOffset="9450"/>
</LocList>
</BasicBoolTerm>
</RootTerm>
</CondStmnt>
<CondStmnt CovItemId="S113" CovItemPrefix="com.OriginalFiles.Analyze.java" Intrnl_Id="2592">
<Branch CovItemId="B73" CovItemPrefix="com.OriginalFiles.Analyze.java" Implct="false" Intrnl_Id="2593">
<Cond/>
<LocList>
<Loc EndOffset="9693" SrcFileId="8" StartOffset="9628"/>
</LocList>
<StmntSeq Intrnl_Id="2594">
<LocList>
<Loc EndOffset="9682" SrcFileId="8" StartOffset="9643"/>
</LocList>
<BasicStmnt CovItemId="S114" CovItemPrefix="com.OriginalFiles.Analyze.java" Intrnl_Id="2595">
<LocList>
<Loc EndOffset="9682" SrcFileId="8" StartOffset="9643"/>
</LocList>
</BasicStmnt>
</StmntSeq>
</Branch>
<Branch CovItemId="B74" CovItemPrefix="com.OriginalFiles.Analyze.java" Implct="true" Intrnl_Id="2596">
<Cond/>
<LocList/>
<StmntSeq Intrnl_Id="2597">
<LocList/>
</StmntSeq>
</Branch>
<Keyword EndOffset="9602" SrcFileId="8" StartOffset="9600"/>
<LocList>
<Loc EndOffset="9693" SrcFileId="8" StartOffset="9600"/>
</LocList>
<RootTerm CovItemId="C38" CovItemPrefix="com.OriginalFiles.Analyze.java" Intrnl_Id="2598">
<BasicBoolTerm Intrnl_Id="2599">
<LocList>
<Loc EndOffset="9626" SrcFileId="8" StartOffset="9604"/>
</LocList>
</BasicBoolTerm>
</RootTerm>
</CondStmnt>
<LoopStmnt CovItemId="S115" CovItemPrefix="com.OriginalFiles.Analyze.java" Intrnl_Id="2600" MltplExecId="L5-2" MltplExecPrefix="com.OriginalFiles.Analyze.java" NvrExecId="L5-0" NvrExecPrefix="com.OriginalFiles.Analyze.java" OnceExecutedId="L5-1" OnceExecutedPrefix="com.OriginalFiles.Analyze.java" OptBodyExec="true">
<StmntSeq Intrnl_Id="2601">
<LocList>
<Loc EndOffset="9796" SrcFileId="8" StartOffset="9764"/>
</LocList>
<BasicStmnt CovItemId="S116" CovItemPrefix="com.OriginalFiles.Analyze.java" Intrnl_Id="2602">
<LocList>
<Loc EndOffset="9796" SrcFileId="8" StartOffset="9764"/>
</LocList>
</BasicStmnt>
</StmntSeq>
<Keyword EndOffset="9708" SrcFileId="8" StartOffset="9705"/>
<LocList>
<Loc EndOffset="9807" SrcFileId="8" StartOffset="9705"/>
</LocList>
<RootTerm CovItemId="C39" CovItemPrefix="com.OriginalFiles.Analyze.java" Intrnl_Id="2603">
<BasicBoolTerm Intrnl_Id="2604">
<LocList>
<Loc EndOffset="9742" SrcFileId="8" StartOffset="9721"/>
</LocList>
</BasicBoolTerm>
</RootTerm>
</LoopStmnt>
<BasicStmnt CovItemId="S117" CovItemPrefix="com.OriginalFiles.Analyze.java" Intrnl_Id="2605">
<LocList>
<Loc EndOffset="9835" SrcFileId="8" StartOffset="9817"/>
</LocList>
</BasicStmnt>
</StmntSeq>
</HierarchyLvl>
<HierarchyLvl HierarchyLvlId="1911" HierarchyLvlTypeId="14" Intrnl_Id="2606" Name="findJumpPiece">
<Header>
<Loc EndOffset="9950" SrcFileId="8" StartOffset="9850"/>
</Header>
<LocList>
<Loc EndOffset="12492" SrcFileId="8" StartOffset="9850"/>
</LocList>
<StmntSeq Intrnl_Id="2607">
<LocList>
<Loc EndOffset="10020" SrcFileId="8" StartOffset="9962"/>
<Loc EndOffset="10120" SrcFileId="8" StartOffset="10030"/>
<Loc EndOffset="10159" SrcFileId="8" StartOffset="10130"/>
<Loc EndOffset="12462" SrcFileId="8" StartOffset="10169"/>
<Loc EndOffset="12485" SrcFileId="8" StartOffset="12472"/>
</LocList>
<BasicStmnt CovItemId="S118" CovItemPrefix="com.OriginalFiles.Analyze.java" Intrnl_Id="2608">
<LocList>
<Loc EndOffset="10020" SrcFileId="8" StartOffset="9962"/>
</LocList>
</BasicStmnt>
<BasicStmnt CovItemId="S119" CovItemPrefix="com.OriginalFiles.Analyze.java" Intrnl_Id="2609">
<LocList>
<Loc EndOffset="10120" SrcFileId="8" StartOffset="10030"/>
</LocList>
</BasicStmnt>
<BasicStmnt CovItemId="S120" CovItemPrefix="com.OriginalFiles.Analyze.java" Intrnl_Id="2610">
<LocList>
<Loc EndOffset="10159" SrcFileId="8" StartOffset="10130"/>
</LocList>
</BasicStmnt>
<LoopStmnt CovItemId="S121" CovItemPrefix="com.OriginalFiles.Analyze.java" Intrnl_Id="2611" MltplExecId="L6-2" MltplExecPrefix="com.OriginalFiles.Analyze.java" NvrExecId="L6-0" NvrExecPrefix="com.OriginalFiles.Analyze.java" OnceExecutedId="L6-1" OnceExecutedPrefix="com.OriginalFiles.Analyze.java" OptBodyExec="true">
<StmntSeq Intrnl_Id="2612">
<LocList>
<Loc EndOffset="10265" SrcFileId="8" StartOffset="10226"/>
<Loc EndOffset="10330" SrcFileId="8" StartOffset="10279"/>
<Loc EndOffset="12451" SrcFileId="8" StartOffset="10344"/>
</LocList>
<BasicStmnt CovItemId="S122" CovItemPrefix="com.OriginalFiles.Analyze.java" Intrnl_Id="2613">
<LocList>
<Loc EndOffset="10265" SrcFileId="8" StartOffset="10226"/>
</LocList>
</BasicStmnt>
<BasicStmnt CovItemId="S123" CovItemPrefix="com.OriginalFiles.Analyze.java" Intrnl_Id="2614">
<LocList>
<Loc EndOffset="10330" SrcFileId="8" StartOffset="10279"/>
</LocList>
</BasicStmnt>
<CondStmnt CovItemId="S124" CovItemPrefix="com.OriginalFiles.Analyze.java" Intrnl_Id="2615">
<Branch CovItemId="B75" CovItemPrefix="com.OriginalFiles.Analyze.java" Implct="false" Intrnl_Id="2616">
<Cond/>
<LocList>
<Loc EndOffset="12451" SrcFileId="8" StartOffset="10408"/>
</LocList>
<StmntSeq Intrnl_Id="2617">
<LocList>
<Loc EndOffset="10491" SrcFileId="8" StartOffset="10427"/>
<Loc EndOffset="10541" SrcFileId="8" StartOffset="10509"/>
<Loc EndOffset="12406" SrcFileId="8" StartOffset="10559"/>
<Loc EndOffset="12436" SrcFileId="8" StartOffset="12424"/>
</LocList>
<BasicStmnt CovItemId="S125" CovItemPrefix="com.OriginalFiles.Analyze.java" Intrnl_Id="2618">
<LocList>
<Loc EndOffset="10491" SrcFileId="8" StartOffset="10427"/>
</LocList>
</BasicStmnt>
<BasicStmnt CovItemId="S126" CovItemPrefix="com.OriginalFiles.Analyze.java" Intrnl_Id="2619">
<LocList>
<Loc EndOffset="10541" SrcFileId="8" StartOffset="10509"/>
</LocList>
</BasicStmnt>
<LoopStmnt CovItemId="S127" CovItemPrefix="com.OriginalFiles.Analyze.java" Intrnl_Id="2620" MltplExecId="L7-2" MltplExecPrefix="com.OriginalFiles.Analyze.java" NvrExecId="L7-0" NvrExecPrefix="com.OriginalFiles.Analyze.java" OnceExecutedId="L7-1" OnceExecutedPrefix="com.OriginalFiles.Analyze.java" OptBodyExec="true">
<StmntSeq Intrnl_Id="2621">
<LocList>
<Loc EndOffset="10648" SrcFileId="8" StartOffset="10614"/>
<Loc EndOffset="10709" SrcFileId="8" StartOffset="10670"/>
<Loc EndOffset="10908" SrcFileId="8" StartOffset="10731"/>
<Loc EndOffset="12387" SrcFileId="8" StartOffset="10930"/>
</LocList>
<BasicStmnt CovItemId="S128" CovItemPrefix="com.OriginalFiles.Analyze.java" Intrnl_Id="2622">
<LocList>
<Loc EndOffset="10648" SrcFileId="8" StartOffset="10614"/>
</LocList>
</BasicStmnt>
<BasicStmnt CovItemId="S129" CovItemPrefix="com.OriginalFiles.Analyze.java" Intrnl_Id="2623">
<LocList>
<Loc EndOffset="10709" SrcFileId="8" StartOffset="10670"/>
</LocList>
</BasicStmnt>
<BasicStmnt CovItemId="S130" CovItemPrefix="com.OriginalFiles.Analyze.java" Intrnl_Id="2624">
<LocList>
<Loc EndOffset="10908" SrcFileId="8" StartOffset="10731"/>
</LocList>
</BasicStmnt>
<CondStmnt CovItemId="S131" CovItemPrefix="com.OriginalFiles.Analyze.java" Intrnl_Id="2625">
<Branch CovItemId="B77" CovItemPrefix="com.OriginalFiles.Analyze.java" Implct="false" Intrnl_Id="2626">
<Cond/>
<LocList>
<Loc EndOffset="11511" SrcFileId="8" StartOffset="10974"/>
</LocList>
<StmntSeq Intrnl_Id="2627">
<LocList>
<Loc EndOffset="11011" SrcFileId="8" StartOffset="11001"/>
<Loc EndOffset="11488" SrcFileId="8" StartOffset="11037"/>
</LocList>
<BasicStmnt CovItemId="S132" CovItemPrefix="com.OriginalFiles.Analyze.java" Intrnl_Id="2628">
<LocList>
<Loc EndOffset="11011" SrcFileId="8" StartOffset="11001"/>
</LocList>
</BasicStmnt>
<LoopStmnt CovItemId="S133" CovItemPrefix="com.OriginalFiles.Analyze.java" Intrnl_Id="2629" MltplExecId="L8-2" MltplExecPrefix="com.OriginalFiles.Analyze.java" NvrExecId="L8-0" NvrExecPrefix="com.OriginalFiles.Analyze.java" OnceExecutedId="L8-1" OnceExecutedPrefix="com.OriginalFiles.Analyze.java" OptBodyExec="true">
<StmntSeq Intrnl_Id="2630">
<LocList>
<Loc EndOffset="11427" SrcFileId="8" StartOffset="11085"/>
<Loc EndOffset="11461" SrcFileId="8" StartOffset="11457"/>
</LocList>
<CondStmnt CovItemId="S134" CovItemPrefix="com.OriginalFiles.Analyze.java" Intrnl_Id="2631">
<Branch CovItemId="B79" CovItemPrefix="com.OriginalFiles.Analyze.java" Implct="false" Intrnl_Id="2632">
<Cond/>
<LocList>
<Loc EndOffset="11427" SrcFileId="8" StartOffset="11130"/>
</LocList>
<StmntSeq Intrnl_Id="2633">
<LocList>
<Loc EndOffset="11396" SrcFileId="8" StartOffset="11224"/>
</LocList>
<BasicStmnt CovItemId="S135" CovItemPrefix="com.OriginalFiles.Analyze.java" Intrnl_Id="2634">
<LocList>
<Loc EndOffset="11396" SrcFileId="8" StartOffset="11224"/>
</LocList>
</BasicStmnt>
</StmntSeq>
</Branch>
<Branch CovItemId="B80" CovItemPrefix="com.OriginalFiles.Analyze.java" Implct="true" Intrnl_Id="2635">
<Cond/>
<LocList/>
<StmntSeq Intrnl_Id="2636">
<LocList/>
</StmntSeq>
</Branch>
<Keyword EndOffset="11087" SrcFileId="8" StartOffset="11085"/>
<LocList>
<Loc EndOffset="11427" SrcFileId="8" StartOffset="11085"/>
</LocList>
<RootTerm CovItemId="C45" CovItemPrefix="com.OriginalFiles.Analyze.java" Intrnl_Id="2637">
<BasicBoolTerm Intrnl_Id="2638">
<LocList>
<Loc EndOffset="11128" SrcFileId="8" StartOffset="11089"/>
</LocList>
</BasicBoolTerm>
</RootTerm>
</CondStmnt>
<BasicStmnt CovItemId="S136" CovItemPrefix="com.OriginalFiles.Analyze.java" Intrnl_Id="2639">
<LocList>
<Loc EndOffset="11461" SrcFileId="8" StartOffset="11457"/>
</LocList>
</BasicStmnt>
</StmntSeq>
<Keyword EndOffset="11042" SrcFileId="8" StartOffset="11037"/>
<LocList>
<Loc EndOffset="11488" SrcFileId="8" StartOffset="11037"/>
</LocList>
<RootTerm CovItemId="C44" CovItemPrefix="com.OriginalFiles.Analyze.java" Intrnl_Id="2640">
<OpTerm BooleanOpId="9" Intrnl_Id="2641">
<BasicBoolTerm Intrnl_Id="2642">
<LocList>
<Loc EndOffset="11051" SrcFileId="8" StartOffset="11046"/>
</LocList>
</BasicBoolTerm>
<LocList>
<Loc EndOffset="11045" SrcFileId="8" StartOffset="11044"/>
</LocList>
</OpTerm>
</RootTerm>
</LoopStmnt>
</StmntSeq>
</Branch>
<Branch CovItemId="B78" CovItemPrefix="com.OriginalFiles.Analyze.java" Implct="false" Intrnl_Id="2643">
<Cond>
<Loc EndOffset="11516" SrcFileId="8" StartOffset="11512"/>
</Cond>
<LocList>
<Loc EndOffset="12387" SrcFileId="8" StartOffset="11517"/>
</LocList>
<StmntSeq Intrnl_Id="2644">
<LocList>
<Loc EndOffset="11554" SrcFileId="8" StartOffset="11544"/>
<Loc EndOffset="11590" SrcFileId="8" StartOffset="11580"/>
<Loc EndOffset="12211" SrcFileId="8" StartOffset="11616"/>
<Loc EndOffset="12364" SrcFileId="8" StartOffset="12237"/>
</LocList>
<BasicStmnt CovItemId="S137" CovItemPrefix="com.OriginalFiles.Analyze.java" Intrnl_Id="2645">
<LocList>
<Loc EndOffset="11554" SrcFileId="8" StartOffset="11544"/>
</LocList>
</BasicStmnt>
<BasicStmnt CovItemId="S138" CovItemPrefix="com.OriginalFiles.Analyze.java" Intrnl_Id="2646">
<LocList>
<Loc EndOffset="11590" SrcFileId="8" StartOffset="11580"/>
</LocList>
</BasicStmnt>
<LoopStmnt CovItemId="S139" CovItemPrefix="com.OriginalFiles.Analyze.java" Intrnl_Id="2647" MltplExecId="L9-2" MltplExecPrefix="com.OriginalFiles.Analyze.java" NvrExecId="L9-0" NvrExecPrefix="com.OriginalFiles.Analyze.java" OnceExecutedId="L9-1" OnceExecutedPrefix="com.OriginalFiles.Analyze.java" OptBodyExec="true">
<StmntSeq Intrnl_Id="2648">
<LocList>
<Loc EndOffset="12114" SrcFileId="8" StartOffset="11743"/>
<Loc EndOffset="12148" SrcFileId="8" StartOffset="12144"/>
<Loc EndOffset="12184" SrcFileId="8" StartOffset="12178"/>
</LocList>
<LoopStmnt CovItemId="S140" CovItemPrefix="com.OriginalFiles.Analyze.java" Intrnl_Id="2649" MltplExecId="L10-2" MltplExecPrefix="com.OriginalFiles.Analyze.java" NvrExecId="L10-0" NvrExecPrefix="com.OriginalFiles.Analyze.java" OnceExecutedId="L10-1" OnceExecutedPrefix="com.OriginalFiles.Analyze.java" OptBodyExec="true">
<StmntSeq Intrnl_Id="2650">
<LocList>
<Loc EndOffset="12045" SrcFileId="8" StartOffset="11868"/>
<Loc EndOffset="12083" SrcFileId="8" StartOffset="12079"/>
</LocList>
<CondStmnt CovItemId="S141" CovItemPrefix="com.OriginalFiles.Analyze.java" Intrnl_Id="2651">
<Branch CovItemId="B81" CovItemPrefix="com.OriginalFiles.Analyze.java" Implct="false" Intrnl_Id="2652">
<Cond/>
<LocList>
<Loc EndOffset="12045" SrcFileId="8" StartOffset="11959"/>
</LocList>
<StmntSeq Intrnl_Id="2653">
<LocList>
<Loc EndOffset="12010" SrcFileId="8" StartOffset="11998"/>
</LocList>
<BasicStmnt CovItemId="S142" CovItemPrefix="com.OriginalFiles.Analyze.java" Intrnl_Id="2654">
<LocList>
<Loc EndOffset="12010" SrcFileId="8" StartOffset="11998"/>
</LocList>
</BasicStmnt>
</StmntSeq>
</Branch>
<Branch CovItemId="B82" CovItemPrefix="com.OriginalFiles.Analyze.java" Implct="true" Intrnl_Id="2655">
<Cond/>
<LocList/>
<StmntSeq Intrnl_Id="2656">
<LocList/>
</StmntSeq>
</Branch>
<Keyword EndOffset="11870" SrcFileId="8" StartOffset="11868"/>
<LocList>
<Loc EndOffset="12045" SrcFileId="8" StartOffset="11868"/>
</LocList>
<RootTerm CovItemId="C48" CovItemPrefix="com.OriginalFiles.Analyze.java" Intrnl_Id="2657">
<BasicBoolTerm Intrnl_Id="2658">
<LocList>
<Loc EndOffset="11957" SrcFileId="8" StartOffset="11872"/>
</LocList>
</BasicBoolTerm>
</RootTerm>
</CondStmnt>
<BasicStmnt CovItemId="S143" CovItemPrefix="com.OriginalFiles.Analyze.java" Intrnl_Id="2659">
<LocList>
<Loc EndOffset="12083" SrcFileId="8" StartOffset="12079"/>
</LocList>
</BasicStmnt>
</StmntSeq>
<Keyword EndOffset="11748" SrcFileId="8" StartOffset="11743"/>
<LocList>
<Loc EndOffset="12114" SrcFileId="8" StartOffset="11743"/>
</LocList>
<RootTerm CovItemId="C47" CovItemPrefix="com.OriginalFiles.Analyze.java" Intrnl_Id="2660">
<BasicBoolTerm Intrnl_Id="2661">
<LocList>
<Loc EndOffset="11831" SrcFileId="8" StartOffset="11750"/>
</LocList>
</BasicBoolTerm>
</RootTerm>
</LoopStmnt>
<BasicStmnt CovItemId="S144" CovItemPrefix="com.OriginalFiles.Analyze.java" Intrnl_Id="2662">
<LocList>
<Loc EndOffset="12148" SrcFileId="8" StartOffset="12144"/>
</LocList>
</BasicStmnt>
<BasicStmnt CovItemId="S145" CovItemPrefix="com.OriginalFiles.Analyze.java" Intrnl_Id="2663">
<LocList>
<Loc EndOffset="12184" SrcFileId="8" StartOffset="12178"/>
</LocList>
</BasicStmnt>
</StmntSeq>
<Keyword EndOffset="11628" SrcFileId="8" StartOffset="11623"/>
<LocList>
<Loc EndOffset="12211" SrcFileId="8" StartOffset="11616"/>
</LocList>
<RootTerm CovItemId="C46" CovItemPrefix="com.OriginalFiles.Analyze.java" Intrnl_Id="2664">
<BasicBoolTerm Intrnl_Id="2665">
<LocList>
<Loc EndOffset="11710" SrcFileId="8" StartOffset="11630"/>
</LocList>
</BasicBoolTerm>
</RootTerm>
</LoopStmnt>
<BasicStmnt CovItemId="S146" CovItemPrefix="com.OriginalFiles.Analyze.java" Intrnl_Id="2666">
<LocList>
<Loc EndOffset="12364" SrcFileId="8" StartOffset="12237"/>
</LocList>
</BasicStmnt>
</StmntSeq>
</Branch>
<Keyword EndOffset="10932" SrcFileId="8" StartOffset="10930"/>
<LocList>
<Loc EndOffset="12387" SrcFileId="8" StartOffset="10930"/>
</LocList>
<RootTerm CovItemId="C43" CovItemPrefix="com.OriginalFiles.Analyze.java" Intrnl_Id="2667">
<BasicBoolTerm Intrnl_Id="2668">
<LocList>
<Loc EndOffset="10972" SrcFileId="8" StartOffset="10934"/>
</LocList>
</BasicBoolTerm>
</RootTerm>
</CondStmnt>
</StmntSeq>
<Keyword EndOffset="10562" SrcFileId="8" StartOffset="10559"/>
<LocList>
<Loc EndOffset="12406" SrcFileId="8" StartOffset="10559"/>
</LocList>
<RootTerm CovItemId="C42" CovItemPrefix="com.OriginalFiles.Analyze.java" Intrnl_Id="2669">
<BasicBoolTerm Intrnl_Id="2670">
<LocList>
<Loc EndOffset="10584" SrcFileId="8" StartOffset="10575"/>
</LocList>
</BasicBoolTerm>
</RootTerm>
</LoopStmnt>
<BasicStmnt CovItemId="S147" CovItemPrefix="com.OriginalFiles.Analyze.java" Intrnl_Id="2671">
<LocList>
<Loc EndOffset="12436" SrcFileId="8" StartOffset="12424"/>
</LocList>
</BasicStmnt>
</StmntSeq>
</Branch>
<Branch CovItemId="B76" CovItemPrefix="com.OriginalFiles.Analyze.java" Implct="true" Intrnl_Id="2672">
<Cond/>
<LocList/>
<StmntSeq Intrnl_Id="2673">
<LocList/>
</StmntSeq>
</Branch>
<Keyword EndOffset="10346" SrcFileId="8" StartOffset="10344"/>
<LocList>
<Loc EndOffset="12451" SrcFileId="8" StartOffset="10344"/>
</LocList>
<RootTerm CovItemId="C41" CovItemPrefix="com.OriginalFiles.Analyze.java" Intrnl_Id="2674">
<OpTerm BooleanOpId="9" Intrnl_Id="2675">
<BasicBoolTerm Intrnl_Id="2676">
<LocList>
<Loc EndOffset="10406" SrcFileId="8" StartOffset="10349"/>
</LocList>
</BasicBoolTerm>
<LocList>
<Loc EndOffset="10349" SrcFileId="8" StartOffset="10348"/>
</LocList>
</OpTerm>
</RootTerm>
</CondStmnt>
</StmntSeq>
<Keyword EndOffset="10172" SrcFileId="8" StartOffset="10169"/>
<LocList>
<Loc EndOffset="12462" SrcFileId="8" StartOffset="10169"/>
</LocList>
<RootTerm CovItemId="C40" CovItemPrefix="com.OriginalFiles.Analyze.java" Intrnl_Id="2677">
<BasicBoolTerm Intrnl_Id="2678">
<LocList>
<Loc EndOffset="10204" SrcFileId="8" StartOffset="10185"/>
</LocList>
</BasicBoolTerm>
</RootTerm>
</LoopStmnt>
<BasicStmnt CovItemId="S148" CovItemPrefix="com.OriginalFiles.Analyze.java" Intrnl_Id="2679">
<LocList>
<Loc EndOffset="12485" SrcFileId="8" StartOffset="12472"/>
</LocList>
</BasicStmnt>
</StmntSeq>
</HierarchyLvl>
<HierarchyLvl HierarchyLvlId="1912" HierarchyLvlTypeId="14" Intrnl_Id="2680" Name="checkForUpgradeKing">
<Header>
<Loc EndOffset="12615" SrcFileId="8" StartOffset="12500"/>
</Header>
<LocList>
<Loc EndOffset="14059" SrcFileId="8" StartOffset="12500"/>
</LocList>
<StmntSeq Intrnl_Id="2681">
<LocList>
<Loc EndOffset="14052" SrcFileId="8" StartOffset="12627"/>
</LocList>
<CondStmnt CovItemId="S149" CovItemPrefix="com.OriginalFiles.Analyze.java" Intrnl_Id="2682">
<Branch CovItemId="B83" CovItemPrefix="com.OriginalFiles.Analyze.java" Implct="false" Intrnl_Id="2683">
<Cond/>
<LocList>
<Loc EndOffset="14052" SrcFileId="8" StartOffset="12671"/>
</LocList>
<StmntSeq Intrnl_Id="2684">
<LocList>
<Loc EndOffset="14041" SrcFileId="8" StartOffset="12686"/>
</LocList>
<CondStmnt CovItemId="S150" CovItemPrefix="com.OriginalFiles.Analyze.java" Intrnl_Id="2685">
<Branch CovItemId="B85" CovItemPrefix="com.OriginalFiles.Analyze.java" Implct="false" Intrnl_Id="2686">
<Cond/>
<LocList>
<Loc EndOffset="12985" SrcFileId="8" StartOffset="12735"/>
</LocList>
<StmntSeq Intrnl_Id="2687">
<LocList>
<Loc EndOffset="12812" SrcFileId="8" StartOffset="12754"/>
<Loc EndOffset="12871" SrcFileId="8" StartOffset="12830"/>
<Loc EndOffset="12970" SrcFileId="8" StartOffset="12889"/>
</LocList>
<BasicStmnt CovItemId="S151" CovItemPrefix="com.OriginalFiles.Analyze.java" Intrnl_Id="2688">
<LocList>
<Loc EndOffset="12812" SrcFileId="8" StartOffset="12754"/>
</LocList>
</BasicStmnt>
<BasicStmnt CovItemId="S152" CovItemPrefix="com.OriginalFiles.Analyze.java" Intrnl_Id="2689">
<LocList>
<Loc EndOffset="12871" SrcFileId="8" StartOffset="12830"/>
</LocList>
</BasicStmnt>
<CondStmnt CovItemId="S153" CovItemPrefix="com.OriginalFiles.Analyze.java" Intrnl_Id="2690">
<Branch CovItemId="B87" CovItemPrefix="com.OriginalFiles.Analyze.java" Implct="false" Intrnl_Id="2691">
<Cond/>
<LocList>
<Loc EndOffset="12970" SrcFileId="8" StartOffset="12907"/>
</LocList>
<StmntSeq Intrnl_Id="2692">
<LocList>
<Loc EndOffset="12951" SrcFileId="8" StartOffset="12930"/>
</LocList>
<BasicStmnt CovItemId="S154" CovItemPrefix="com.OriginalFiles.Analyze.java" Intrnl_Id="2693">
<LocList>
<Loc EndOffset="12951" SrcFileId="8" StartOffset="12930"/>
</LocList>
</BasicStmnt>
</StmntSeq>
</Branch>
<Branch CovItemId="B88" CovItemPrefix="com.OriginalFiles.Analyze.java" Implct="true" Intrnl_Id="2694">
<Cond/>
<LocList/>
<StmntSeq Intrnl_Id="2695">
<LocList/>
</StmntSeq>
</Branch>
<Keyword EndOffset="12891" SrcFileId="8" StartOffset="12889"/>
<LocList>
<Loc EndOffset="12970" SrcFileId="8" StartOffset="12889"/>
</LocList>
<RootTerm CovItemId="C51" CovItemPrefix="com.OriginalFiles.Analyze.java" Intrnl_Id="2696">
<OpTerm BooleanOpId="9" Intrnl_Id="2697">
<BasicBoolTerm Intrnl_Id="2698">
<LocList>
<Loc EndOffset="12905" SrcFileId="8" StartOffset="12894"/>
</LocList>
</BasicBoolTerm>
<LocList>
<Loc EndOffset="12894" SrcFileId="8" StartOffset="12893"/>
</LocList>
</OpTerm>
</RootTerm>
</CondStmnt>
</StmntSeq>
</Branch>
<Branch CovItemId="B86" CovItemPrefix="com.OriginalFiles.Analyze.java" Implct="false" Intrnl_Id="2699">
<Cond>
<Loc EndOffset="12990" SrcFileId="8" StartOffset="12986"/>
</Cond>
<LocList>
<Loc EndOffset="14041" SrcFileId="8" StartOffset="12991"/>
</LocList>
<StmntSeq Intrnl_Id="2700">
<LocList>
<Loc EndOffset="14026" SrcFileId="8" StartOffset="13010"/>
</LocList>
<CondStmnt CovItemId="S155" CovItemPrefix="com.OriginalFiles.Analyze.java" Intrnl_Id="2701">
<Branch CovItemId="B89" CovItemPrefix="com.OriginalFiles.Analyze.java" Implct="false" Intrnl_Id="2702">
<Cond/>
<LocList>
<Loc EndOffset="13225" SrcFileId="8" StartOffset="13027"/>
</LocList>
<StmntSeq Intrnl_Id="2703">
<LocList>
<Loc EndOffset="13143" SrcFileId="8" StartOffset="13050"/>
<Loc EndOffset="13206" SrcFileId="8" StartOffset="13165"/>
</LocList>
<BasicStmnt CovItemId="S156" CovItemPrefix="com.OriginalFiles.Analyze.java" Intrnl_Id="2704">
<LocList>
<Loc EndOffset="13143" SrcFileId="8" StartOffset="13050"/>
</LocList>
</BasicStmnt>
<BasicStmnt CovItemId="S157" CovItemPrefix="com.OriginalFiles.Analyze.java" Intrnl_Id="2705">
<LocList>
<Loc EndOffset="13206" SrcFileId="8" StartOffset="13165"/>
</LocList>
</BasicStmnt>
</StmntSeq>
</Branch>
<Branch CovItemId="B90" CovItemPrefix="com.OriginalFiles.Analyze.java" Implct="false" Intrnl_Id="2706">
<Cond>
<Loc EndOffset="13230" SrcFileId="8" StartOffset="13226"/>
</Cond>
<LocList>
<Loc EndOffset="14026" SrcFileId="8" StartOffset="13231"/>
</LocList>
<StmntSeq Intrnl_Id="2707">
<LocList>
<Loc EndOffset="13279" SrcFileId="8" StartOffset="13254"/>
<Loc EndOffset="13311" SrcFileId="8" StartOffset="13301"/>
<Loc EndOffset="14007" SrcFileId="8" StartOffset="13333"/>
</LocList>
<BasicStmnt CovItemId="S158" CovItemPrefix="com.OriginalFiles.Analyze.java" Intrnl_Id="2708">
<LocList>
<Loc EndOffset="13279" SrcFileId="8" StartOffset="13254"/>
</LocList>
</BasicStmnt>
<BasicStmnt CovItemId="S159" CovItemPrefix="com.OriginalFiles.Analyze.java" Intrnl_Id="2709">
<LocList>
<Loc EndOffset="13311" SrcFileId="8" StartOffset="13301"/>
</LocList>
</BasicStmnt>
<LoopStmnt CovItemId="S160" CovItemPrefix="com.OriginalFiles.Analyze.java" Intrnl_Id="2710" MltplExecId="L11-2" MltplExecPrefix="com.OriginalFiles.Analyze.java" NvrExecId="L11-0" NvrExecPrefix="com.OriginalFiles.Analyze.java" OnceExecutedId="L11-1" OnceExecutedPrefix="com.OriginalFiles.Analyze.java" OptBodyExec="true">
<StmntSeq Intrnl_Id="2711">
<LocList>
<Loc EndOffset="13488" SrcFileId="8" StartOffset="13378"/>
<Loc EndOffset="13954" SrcFileId="8" StartOffset="13514"/>
<Loc EndOffset="13984" SrcFileId="8" StartOffset="13980"/>
</LocList>
<CondStmnt CovItemId="S161" CovItemPrefix="com.OriginalFiles.Analyze.java" Intrnl_Id="2712">
<Branch CovItemId="B91" CovItemPrefix="com.OriginalFiles.Analyze.java" Implct="false" Intrnl_Id="2713">
<Cond/>
<LocList>
<Loc EndOffset="13488" SrcFileId="8" StartOffset="13389"/>
</LocList>
<StmntSeq Intrnl_Id="2714">
<LocList>
<Loc EndOffset="13461" SrcFileId="8" StartOffset="13420"/>
</LocList>
<BasicStmnt CovItemId="S162" CovItemPrefix="com.OriginalFiles.Analyze.java" Intrnl_Id="2715">
<LocList>
<Loc EndOffset="13461" SrcFileId="8" StartOffset="13420"/>
</LocList>
</BasicStmnt>
</StmntSeq>
</Branch>
<Branch CovItemId="B92" CovItemPrefix="com.OriginalFiles.Analyze.java" Implct="true" Intrnl_Id="2716">
<Cond/>
<LocList/>
<StmntSeq Intrnl_Id="2717">
<LocList/>
</StmntSeq>
</Branch>
<Keyword EndOffset="13380" SrcFileId="8" StartOffset="13378"/>
<LocList>
<Loc EndOffset="13488" SrcFileId="8" StartOffset="13378"/>
</LocList>
<RootTerm CovItemId="C54" CovItemPrefix="com.OriginalFiles.Analyze.java" Intrnl_Id="2718">
<BasicBoolTerm Intrnl_Id="2719">
<LocList>
<Loc EndOffset="13387" SrcFileId="8" StartOffset="13382"/>
</LocList>
</BasicBoolTerm>
</RootTerm>
</CondStmnt>
<CondStmnt CovItemId="S163" CovItemPrefix="com.OriginalFiles.Analyze.java" Intrnl_Id="2720">
<Branch CovItemId="B93" CovItemPrefix="com.OriginalFiles.Analyze.java" Implct="false" Intrnl_Id="2721">
<Cond/>
<LocList>
<Loc EndOffset="13954" SrcFileId="8" StartOffset="13557"/>
</LocList>
<StmntSeq Intrnl_Id="2722">
<LocList>
<Loc EndOffset="13684" SrcFileId="8" StartOffset="13643"/>
<Loc EndOffset="13881" SrcFileId="8" StartOffset="13769"/>
<Loc EndOffset="13927" SrcFileId="8" StartOffset="13911"/>
</LocList>
<BasicStmnt CovItemId="S164" CovItemPrefix="com.OriginalFiles.Analyze.java" Intrnl_Id="2723">
<LocList>
<Loc EndOffset="13684" SrcFileId="8" StartOffset="13643"/>
</LocList>
</BasicStmnt>
<BasicStmnt CovItemId="S165" CovItemPrefix="com.OriginalFiles.Analyze.java" Intrnl_Id="2724">
<LocList>
<Loc EndOffset="13881" SrcFileId="8" StartOffset="13769"/>
</LocList>
</BasicStmnt>
<BasicStmnt CovItemId="S166" CovItemPrefix="com.OriginalFiles.Analyze.java" Intrnl_Id="2725">
<LocList>
<Loc EndOffset="13927" SrcFileId="8" StartOffset="13911"/>
</LocList>
</BasicStmnt>
</StmntSeq>
</Branch>
<Branch CovItemId="B94" CovItemPrefix="com.OriginalFiles.Analyze.java" Implct="true" Intrnl_Id="2726">
<Cond/>
<LocList/>
<StmntSeq Intrnl_Id="2727">
<LocList/>
</StmntSeq>
</Branch>
<Keyword EndOffset="13516" SrcFileId="8" StartOffset="13514"/>
<LocList>
<Loc EndOffset="13954" SrcFileId="8" StartOffset="13514"/>
</LocList>
<RootTerm CovItemId="C55" CovItemPrefix="com.OriginalFiles.Analyze.java" Intrnl_Id="2728">
<OpTerm BooleanOpId="9" Intrnl_Id="2729">
<BasicBoolTerm Intrnl_Id="2730">
<LocList>
<Loc EndOffset="13555" SrcFileId="8" StartOffset="13519"/>
</LocList>
</BasicBoolTerm>
<LocList>
<Loc EndOffset="13519" SrcFileId="8" StartOffset="13518"/>
</LocList>
</OpTerm>
</RootTerm>
</CondStmnt>
<BasicStmnt CovItemId="S167" CovItemPrefix="com.OriginalFiles.Analyze.java" Intrnl_Id="2731">
<LocList>
<Loc EndOffset="13984" SrcFileId="8" StartOffset="13980"/>
</LocList>
</BasicStmnt>
</StmntSeq>
<Keyword EndOffset="13338" SrcFileId="8" StartOffset="13333"/>
<LocList>
<Loc EndOffset="14007" SrcFileId="8" StartOffset="13333"/>
</LocList>
<RootTerm CovItemId="C53" CovItemPrefix="com.OriginalFiles.Analyze.java" Intrnl_Id="2732">
<OpTerm BooleanOpId="9" Intrnl_Id="2733">
<BasicBoolTerm Intrnl_Id="2734">
<LocList>
<Loc EndOffset="13349" SrcFileId="8" StartOffset="13341"/>
</LocList>
</BasicBoolTerm>
<LocList>
<Loc EndOffset="13341" SrcFileId="8" StartOffset="13340"/>
</LocList>
</OpTerm>
</RootTerm>
</LoopStmnt>
</StmntSeq>
</Branch>
<Keyword EndOffset="13012" SrcFileId="8" StartOffset="13010"/>
<LocList>
<Loc EndOffset="14026" SrcFileId="8" StartOffset="13010"/>
</LocList>
<RootTerm CovItemId="C52" CovItemPrefix="com.OriginalFiles.Analyze.java" Intrnl_Id="2735">
<BasicBoolTerm Intrnl_Id="2736">
<LocList>
<Loc EndOffset="13025" SrcFileId="8" StartOffset="13014"/>
</LocList>
</BasicBoolTerm>
</RootTerm>
</CondStmnt>
</StmntSeq>
</Branch>
<Keyword EndOffset="12688" SrcFileId="8" StartOffset="12686"/>
<LocList>
<Loc EndOffset="14041" SrcFileId="8" StartOffset="12686"/>
</LocList>
<RootTerm CovItemId="C50" CovItemPrefix="com.OriginalFiles.Analyze.java" Intrnl_Id="2737">
<BasicBoolTerm Intrnl_Id="2738">
<LocList>
<Loc EndOffset="12733" SrcFileId="8" StartOffset="12690"/>
</LocList>
</BasicBoolTerm>
</RootTerm>
</CondStmnt>
</StmntSeq>
</Branch>
<Branch CovItemId="B84" CovItemPrefix="com.OriginalFiles.Analyze.java" Implct="true" Intrnl_Id="2739">
<Cond/>
<LocList/>
<StmntSeq Intrnl_Id="2740">
<LocList/>
</StmntSeq>
</Branch>
<Keyword EndOffset="12629" SrcFileId="8" StartOffset="12627"/>
<LocList>
<Loc EndOffset="14052" SrcFileId="8" StartOffset="12627"/>
</LocList>
<RootTerm CovItemId="C49" CovItemPrefix="com.OriginalFiles.Analyze.java" Intrnl_Id="2741">
<BasicBoolTerm Intrnl_Id="2742">
<LocList>
<Loc EndOffset="12669" SrcFileId="8" StartOffset="12631"/>
</LocList>
</BasicBoolTerm>
</RootTerm>
</CondStmnt>
</StmntSeq>
</HierarchyLvl>
<HierarchyLvl HierarchyLvlId="1913" HierarchyLvlTypeId="14" Intrnl_Id="2743" Name="checkRobotPieceReplaced">
<Header>
<Loc EndOffset="14238" SrcFileId="8" StartOffset="14164"/>
</Header>
<LocList>
<Loc EndOffset="16027" SrcFileId="8" StartOffset="14164"/>
</LocList>
<StmntSeq Intrnl_Id="2744">
<LocList>
<Loc EndOffset="16020" SrcFileId="8" StartOffset="14250"/>
</LocList>
<CondStmnt CovItemId="S168" CovItemPrefix="com.OriginalFiles.Analyze.java" Intrnl_Id="2745">
<Branch CovItemId="B95" CovItemPrefix="com.OriginalFiles.Analyze.java" Implct="false" Intrnl_Id="2746">
<Cond/>
<LocList>
<Loc EndOffset="16020" SrcFileId="8" StartOffset="14276"/>
</LocList>
<StmntSeq Intrnl_Id="2747">
<LocList>
<Loc EndOffset="14321" SrcFileId="8" StartOffset="14291"/>
<Loc EndOffset="16009" SrcFileId="8" StartOffset="14335"/>
</LocList>
<BasicStmnt CovItemId="S169" CovItemPrefix="com.OriginalFiles.Analyze.java" Intrnl_Id="2748">
<LocList>
<Loc EndOffset="14321" SrcFileId="8" StartOffset="14291"/>
</LocList>
</BasicStmnt>
<LoopStmnt CovItemId="S170" CovItemPrefix="com.OriginalFiles.Analyze.java" Intrnl_Id="2749" MltplExecId="L12-2" MltplExecPrefix="com.OriginalFiles.Analyze.java" NvrExecId="L12-0" NvrExecPrefix="com.OriginalFiles.Analyze.java" OnceExecutedId="L12-1" OnceExecutedPrefix="com.OriginalFiles.Analyze.java" OptBodyExec="true">
<StmntSeq Intrnl_Id="2750">
<LocList>
<Loc EndOffset="15994" SrcFileId="8" StartOffset="14377"/>
</LocList>
<CondStmnt CovItemId="S171" CovItemPrefix="com.OriginalFiles.Analyze.java" Intrnl_Id="2751">
<Branch CovItemId="B97" CovItemPrefix="com.OriginalFiles.Analyze.java" Implct="false" Intrnl_Id="2752">
<Cond/>
<LocList>
<Loc EndOffset="15848" SrcFileId="8" StartOffset="14477"/>
</LocList>
<StmntSeq Intrnl_Id="2753">
<LocList>
<Loc EndOffset="14523" SrcFileId="8" StartOffset="14500"/>
<Loc EndOffset="14557" SrcFileId="8" StartOffset="14547"/>
<Loc EndOffset="14589" SrcFileId="8" StartOffset="14579"/>
<Loc EndOffset="14621" SrcFileId="8" StartOffset="14611"/>
<Loc EndOffset="15196" SrcFileId="8" StartOffset="14645"/>
<Loc EndOffset="15343" SrcFileId="8" StartOffset="15218"/>
<Loc EndOffset="15787" SrcFileId="8" StartOffset="15365"/>
<Loc EndOffset="15829" SrcFileId="8" StartOffset="15809"/>
</LocList>
<BasicStmnt CovItemId="S172" CovItemPrefix="com.OriginalFiles.Analyze.java" Intrnl_Id="2754">
<LocList>
<Loc EndOffset="14523" SrcFileId="8" StartOffset="14500"/>
</LocList>
</BasicStmnt>
<BasicStmnt CovItemId="S173" CovItemPrefix="com.OriginalFiles.Analyze.java" Intrnl_Id="2755">
<LocList>
<Loc EndOffset="14557" SrcFileId="8" StartOffset="14547"/>
</LocList>
</BasicStmnt>
<BasicStmnt CovItemId="S174" CovItemPrefix="com.OriginalFiles.Analyze.java" Intrnl_Id="2756">
<LocList>
<Loc EndOffset="14589" SrcFileId="8" StartOffset="14579"/>
</LocList>
</BasicStmnt>
<BasicStmnt CovItemId="S175" CovItemPrefix="com.OriginalFiles.Analyze.java" Intrnl_Id="2757">
<LocList>
<Loc EndOffset="14621" SrcFileId="8" StartOffset="14611"/>
</LocList>
</BasicStmnt>
<LoopStmnt CovItemId="S176" CovItemPrefix="com.OriginalFiles.Analyze.java" Intrnl_Id="2758" MltplExecId="L13-2" MltplExecPrefix="com.OriginalFiles.Analyze.java" NvrExecId="L13-0" NvrExecPrefix="com.OriginalFiles.Analyze.java" OnceExecutedId="L13-1" OnceExecutedPrefix="com.OriginalFiles.Analyze.java" OptBodyExec="true">
<StmntSeq Intrnl_Id="2759">
<LocList>
<Loc EndOffset="15111" SrcFileId="8" StartOffset="14766"/>
<Loc EndOffset="15141" SrcFileId="8" StartOffset="15137"/>
<Loc EndOffset="15173" SrcFileId="8" StartOffset="15167"/>
</LocList>
<LoopStmnt CovItemId="S177" CovItemPrefix="com.OriginalFiles.Analyze.java" Intrnl_Id="2760" MltplExecId="L14-2" MltplExecPrefix="com.OriginalFiles.Analyze.java" NvrExecId="L14-0" NvrExecPrefix="com.OriginalFiles.Analyze.java" OnceExecutedId="L14-1" OnceExecutedPrefix="com.OriginalFiles.Analyze.java" OptBodyExec="true">
<StmntSeq Intrnl_Id="2761">
<LocList>
<Loc EndOffset="15050" SrcFileId="8" StartOffset="14885"/>
<Loc EndOffset="15084" SrcFileId="8" StartOffset="15080"/>
</LocList>
<CondStmnt CovItemId="S178" CovItemPrefix="com.OriginalFiles.Analyze.java" Intrnl_Id="2762">
<Branch CovItemId="B99" CovItemPrefix="com.OriginalFiles.Analyze.java" Implct="false" Intrnl_Id="2763">
<Cond/>
<LocList>
<Loc EndOffset="15050" SrcFileId="8" StartOffset="14972"/>
</LocList>
<StmntSeq Intrnl_Id="2764">
<LocList>
<Loc EndOffset="15019" SrcFileId="8" StartOffset="15007"/>
</LocList>
<BasicStmnt CovItemId="S179" CovItemPrefix="com.OriginalFiles.Analyze.java" Intrnl_Id="2765">
<LocList>
<Loc EndOffset="15019" SrcFileId="8" StartOffset="15007"/>
</LocList>
</BasicStmnt>
</StmntSeq>
</Branch>
<Branch CovItemId="B100" CovItemPrefix="com.OriginalFiles.Analyze.java" Implct="true" Intrnl_Id="2766">
<Cond/>
<LocList/>
<StmntSeq Intrnl_Id="2767">
<LocList/>
</StmntSeq>
</Branch>
<Keyword EndOffset="14887" SrcFileId="8" StartOffset="14885"/>
<LocList>
<Loc EndOffset="15050" SrcFileId="8" StartOffset="14885"/>
</LocList>
<RootTerm CovItemId="C61" CovItemPrefix="com.OriginalFiles.Analyze.java" Intrnl_Id="2768">
<BasicBoolTerm Intrnl_Id="2769">
<LocList>
<Loc EndOffset="14970" SrcFileId="8" StartOffset="14889"/>
</LocList>
</BasicBoolTerm>
</RootTerm>
</CondStmnt>
<BasicStmnt CovItemId="S180" CovItemPrefix="com.OriginalFiles.Analyze.java" Intrnl_Id="2770">
<LocList>
<Loc EndOffset="15084" SrcFileId="8" StartOffset="15080"/>
</LocList>
</BasicStmnt>
</StmntSeq>
<Keyword EndOffset="14771" SrcFileId="8" StartOffset="14766"/>
<LocList>
<Loc EndOffset="15111" SrcFileId="8" StartOffset="14766"/>
</LocList>
<RootTerm CovItemId="C60" CovItemPrefix="com.OriginalFiles.Analyze.java" Intrnl_Id="2771">
<BasicBoolTerm Intrnl_Id="2772">
<LocList>
<Loc EndOffset="14850" SrcFileId="8" StartOffset="14773"/>
</LocList>
</BasicBoolTerm>
</RootTerm>
</LoopStmnt>
<BasicStmnt CovItemId="S181" CovItemPrefix="com.OriginalFiles.Analyze.java" Intrnl_Id="2773">
<LocList>
<Loc EndOffset="15141" SrcFileId="8" StartOffset="15137"/>
</LocList>
</BasicStmnt>
<BasicStmnt CovItemId="S182" CovItemPrefix="com.OriginalFiles.Analyze.java" Intrnl_Id="2774">
<LocList>
<Loc EndOffset="15173" SrcFileId="8" StartOffset="15167"/>
</LocList>
</BasicStmnt>
</StmntSeq>
<Keyword EndOffset="14657" SrcFileId="8" StartOffset="14652"/>
<LocList>
<Loc EndOffset="15196" SrcFileId="8" StartOffset="14645"/>
</LocList>
<RootTerm CovItemId="C59" CovItemPrefix="com.OriginalFiles.Analyze.java" Intrnl_Id="2775">
<BasicBoolTerm Intrnl_Id="2776">
<LocList>
<Loc EndOffset="14735" SrcFileId="8" StartOffset="14659"/>
</LocList>
</BasicBoolTerm>
</RootTerm>
</LoopStmnt>
<BasicStmnt CovItemId="S183" CovItemPrefix="com.OriginalFiles.Analyze.java" Intrnl_Id="2777">
<LocList>
<Loc EndOffset="15343" SrcFileId="8" StartOffset="15218"/>
</LocList>
</BasicStmnt>
<LoopStmnt CovItemId="S184" CovItemPrefix="com.OriginalFiles.Analyze.java" Intrnl_Id="2778" MltplExecId="L15-2" MltplExecPrefix="com.OriginalFiles.Analyze.java" NvrExecId="L15-0" NvrExecPrefix="com.OriginalFiles.Analyze.java" OnceExecutedId="L15-1" OnceExecutedPrefix="com.OriginalFiles.Analyze.java" OptBodyExec="true">
<StmntSeq Intrnl_Id="2779">
<LocList>
<Loc EndOffset="15734" SrcFileId="8" StartOffset="15409"/>
<Loc EndOffset="15764" SrcFileId="8" StartOffset="15760"/>
</LocList>
<CondStmnt CovItemId="S185" CovItemPrefix="com.OriginalFiles.Analyze.java" Intrnl_Id="2780">
<Branch CovItemId="B101" CovItemPrefix="com.OriginalFiles.Analyze.java" Implct="false" Intrnl_Id="2781">
<Cond/>
<LocList>
<Loc EndOffset="15734" SrcFileId="8" StartOffset="15455"/>
</LocList>
<StmntSeq Intrnl_Id="2782">
<LocList>
<Loc EndOffset="15707" SrcFileId="8" StartOffset="15541"/>
</LocList>
<BasicStmnt CovItemId="S186" CovItemPrefix="com.OriginalFiles.Analyze.java" Intrnl_Id="2783">
<LocList>
<Loc EndOffset="15707" SrcFileId="8" StartOffset="15541"/>
</LocList>
</BasicStmnt>
</StmntSeq>
</Branch>
<Branch CovItemId="B102" CovItemPrefix="com.OriginalFiles.Analyze.java" Implct="true" Intrnl_Id="2784">
<Cond/>
<LocList/>
<StmntSeq Intrnl_Id="2785">
<LocList/>
</StmntSeq>
</Branch>
<Keyword EndOffset="15411" SrcFileId="8" StartOffset="15409"/>
<LocList>
<Loc EndOffset="15734" SrcFileId="8" StartOffset="15409"/>
</LocList>
<RootTerm CovItemId="C63" CovItemPrefix="com.OriginalFiles.Analyze.java" Intrnl_Id="2786">
<OpTerm BooleanOpId="9" Intrnl_Id="2787">
<BasicBoolTerm Intrnl_Id="2788">
<LocList>
<Loc EndOffset="15453" SrcFileId="8" StartOffset="15414"/>
</LocList>
</BasicBoolTerm>
<LocList>
<Loc EndOffset="15414" SrcFileId="8" StartOffset="15413"/>
</LocList>
</OpTerm>
</RootTerm>
</CondStmnt>
<BasicStmnt CovItemId="S187" CovItemPrefix="com.OriginalFiles.Analyze.java" Intrnl_Id="2789">
<LocList>
<Loc EndOffset="15764" SrcFileId="8" StartOffset="15760"/>
</LocList>
</BasicStmnt>
</StmntSeq>
<Keyword EndOffset="15370" SrcFileId="8" StartOffset="15365"/>
<LocList>
<Loc EndOffset="15787" SrcFileId="8" StartOffset="15365"/>
</LocList>
<RootTerm CovItemId="C62" CovItemPrefix="com.OriginalFiles.Analyze.java" Intrnl_Id="2790">
<OpTerm BooleanOpId="9" Intrnl_Id="2791">
<BasicBoolTerm Intrnl_Id="2792">
<LocList>
<Loc EndOffset="15379" SrcFileId="8" StartOffset="15374"/>
</LocList>
</BasicBoolTerm>
<LocList>
<Loc EndOffset="15373" SrcFileId="8" StartOffset="15372"/>
</LocList>
</OpTerm>
</RootTerm>
</LoopStmnt>
<BasicStmnt CovItemId="S188" CovItemPrefix="com.OriginalFiles.Analyze.java" Intrnl_Id="2793">
<LocList>
<Loc EndOffset="15829" SrcFileId="8" StartOffset="15809"/>
</LocList>
</BasicStmnt>
</StmntSeq>
</Branch>
<Branch CovItemId="B98" CovItemPrefix="com.OriginalFiles.Analyze.java" Implct="false" Intrnl_Id="2794">
<Cond>
<Loc EndOffset="15853" SrcFileId="8" StartOffset="15849"/>
</Cond>
<LocList>
<Loc EndOffset="15994" SrcFileId="8" StartOffset="15854"/>
</LocList>
<StmntSeq Intrnl_Id="2795">
<LocList>
<Loc EndOffset="15918" SrcFileId="8" StartOffset="15877"/>
<Loc EndOffset="15975" SrcFileId="8" StartOffset="15940"/>
</LocList>
<BasicStmnt CovItemId="S189" CovItemPrefix="com.OriginalFiles.Analyze.java" Intrnl_Id="2796">
<LocList>
<Loc EndOffset="15918" SrcFileId="8" StartOffset="15877"/>
</LocList>
</BasicStmnt>
<BasicStmnt CovItemId="S190" CovItemPrefix="com.OriginalFiles.Analyze.java" Intrnl_Id="2797">
<LocList>
<Loc EndOffset="15975" SrcFileId="8" StartOffset="15940"/>
</LocList>
</BasicStmnt>
</StmntSeq>
</Branch>
<Keyword EndOffset="14379" SrcFileId="8" StartOffset="14377"/>
<LocList>
<Loc EndOffset="15994" SrcFileId="8" StartOffset="14377"/>
</LocList>
<RootTerm CovItemId="C58" CovItemPrefix="com.OriginalFiles.Analyze.java" Intrnl_Id="2798">
<BasicBoolTerm Intrnl_Id="2799">
<LocList>
<Loc EndOffset="14475" SrcFileId="8" StartOffset="14381"/>
</LocList>
</BasicBoolTerm>
</RootTerm>
</CondStmnt>
</StmntSeq>
<Keyword EndOffset="14340" SrcFileId="8" StartOffset="14335"/>
<LocList>
<Loc EndOffset="16009" SrcFileId="8" StartOffset="14335"/>
</LocList>
<RootTerm CovItemId="C57" CovItemPrefix="com.OriginalFiles.Analyze.java" Intrnl_Id="2800">
<BasicBoolTerm Intrnl_Id="2801">
<LocList>
<Loc EndOffset="14356" SrcFileId="8" StartOffset="14342"/>
</LocList>
</BasicBoolTerm>
</RootTerm>
</LoopStmnt>
</StmntSeq>
</Branch>
<Branch CovItemId="B96" CovItemPrefix="com.OriginalFiles.Analyze.java" Implct="true" Intrnl_Id="2802">
<Cond/>
<LocList/>
<StmntSeq Intrnl_Id="2803">
<LocList/>
</StmntSeq>
</Branch>
<Keyword EndOffset="14252" SrcFileId="8" StartOffset="14250"/>
<LocList>
<Loc EndOffset="16020" SrcFileId="8" StartOffset="14250"/>
</LocList>
<RootTerm CovItemId="C56" CovItemPrefix="com.OriginalFiles.Analyze.java" Intrnl_Id="2804">
<BasicBoolTerm Intrnl_Id="2805">
<LocList>
<Loc EndOffset="14274" SrcFileId="8" StartOffset="14254"/>
</LocList>
</BasicBoolTerm>
</RootTerm>
</CondStmnt>
</StmntSeq>
</HierarchyLvl>
<HierarchyLvl HierarchyLvlId="1914" HierarchyLvlTypeId="14" Intrnl_Id="2806" Name="findMyColors">
<Header>
<Loc EndOffset="16158" SrcFileId="8" StartOffset="16085"/>
</Header>
<LocList>
<Loc EndOffset="16576" SrcFileId="8" StartOffset="16085"/>
</LocList>
<StmntSeq Intrnl_Id="2807">
<LocList>
<Loc EndOffset="16216" SrcFileId="8" StartOffset="16170"/>
<Loc EndOffset="16569" SrcFileId="8" StartOffset="16226"/>
</LocList>
<BasicStmnt CovItemId="S191" CovItemPrefix="com.OriginalFiles.Analyze.java" Intrnl_Id="2808">
<LocList>
<Loc EndOffset="16216" SrcFileId="8" StartOffset="16170"/>
</LocList>
</BasicStmnt>
<CondStmnt CovItemId="S192" CovItemPrefix="com.OriginalFiles.Analyze.java" Intrnl_Id="2809">
<Branch CovItemId="B103" CovItemPrefix="com.OriginalFiles.Analyze.java" Implct="false" Intrnl_Id="2810">
<Cond/>
<LocList>
<Loc EndOffset="16325" SrcFileId="8" StartOffset="16267"/>
</LocList>
<StmntSeq Intrnl_Id="2811">
<LocList>
<Loc EndOffset="16314" SrcFileId="8" StartOffset="16282"/>
</LocList>
<BasicStmnt CovItemId="S193" CovItemPrefix="com.OriginalFiles.Analyze.java" Intrnl_Id="2812">
<LocList>
<Loc EndOffset="16314" SrcFileId="8" StartOffset="16282"/>
</LocList>
</BasicStmnt>
</StmntSeq>
</Branch>
<Branch CovItemId="B104" CovItemPrefix="com.OriginalFiles.Analyze.java" Implct="false" Intrnl_Id="2813">
<Cond>
<Loc EndOffset="16330" SrcFileId="8" StartOffset="16326"/>
</Cond>
<LocList>
<Loc EndOffset="16569" SrcFileId="8" StartOffset="16331"/>
</LocList>
<StmntSeq Intrnl_Id="2814">
<LocList>
<Loc EndOffset="16569" SrcFileId="8" StartOffset="16331"/>
</LocList>
<CondStmnt CovItemId="S194" CovItemPrefix="com.OriginalFiles.Analyze.java" Intrnl_Id="2815">
<Branch CovItemId="B105" CovItemPrefix="com.OriginalFiles.Analyze.java" Implct="false" Intrnl_Id="2816">
<Cond/>
<LocList>
<Loc EndOffset="16430" SrcFileId="8" StartOffset="16372"/>
</LocList>
<StmntSeq Intrnl_Id="2817">
<LocList>
<Loc EndOffset="16419" SrcFileId="8" StartOffset="16387"/>
</LocList>
<BasicStmnt CovItemId="S195" CovItemPrefix="com.OriginalFiles.Analyze.java" Intrnl_Id="2818">
<LocList>
<Loc EndOffset="16419" SrcFileId="8" StartOffset="16387"/>
</LocList>
</BasicStmnt>
</StmntSeq>
</Branch>
<Branch CovItemId="B106" CovItemPrefix="com.OriginalFiles.Analyze.java" Implct="false" Intrnl_Id="2819">
<Cond>
<Loc EndOffset="16435" SrcFileId="8" StartOffset="16431"/>
</Cond>
<LocList>
<Loc EndOffset="16569" SrcFileId="8" StartOffset="16436"/>
</LocList>
<StmntSeq Intrnl_Id="2820">
<LocList>
<Loc EndOffset="16481" SrcFileId="8" StartOffset="16451"/>
<Loc EndOffset="16529" SrcFileId="8" StartOffset="16495"/>
<Loc EndOffset="16558" SrcFileId="8" StartOffset="16543"/>
</LocList>
<BasicStmnt CovItemId="S196" CovItemPrefix="com.OriginalFiles.Analyze.java" Intrnl_Id="2821">
<LocList>
<Loc EndOffset="16481" SrcFileId="8" StartOffset="16451"/>
</LocList>
</BasicStmnt>
<BasicStmnt CovItemId="S197" CovItemPrefix="com.OriginalFiles.Analyze.java" Intrnl_Id="2822">
<LocList>
<Loc EndOffset="16529" SrcFileId="8" StartOffset="16495"/>
</LocList>
</BasicStmnt>
<BasicStmnt CovItemId="S198" CovItemPrefix="com.OriginalFiles.Analyze.java" Intrnl_Id="2823">
<LocList>
<Loc EndOffset="16558" SrcFileId="8" StartOffset="16543"/>
</LocList>
</BasicStmnt>
</StmntSeq>
</Branch>
<Keyword EndOffset="16333" SrcFileId="8" StartOffset="16331"/>
<LocList>
<Loc EndOffset="16569" SrcFileId="8" StartOffset="16331"/>
</LocList>
<RootTerm CovItemId="C65" CovItemPrefix="com.OriginalFiles.Analyze.java" Intrnl_Id="2824">
<BasicBoolTerm Intrnl_Id="2825">
<LocList>
<Loc EndOffset="16370" SrcFileId="8" StartOffset="16335"/>
</LocList>
</BasicBoolTerm>
</RootTerm>
</CondStmnt>
</StmntSeq>
</Branch>
<Keyword EndOffset="16228" SrcFileId="8" StartOffset="16226"/>
<LocList>
<Loc EndOffset="16569" SrcFileId="8" StartOffset="16226"/>
</LocList>
<RootTerm CovItemId="C64" CovItemPrefix="com.OriginalFiles.Analyze.java" Intrnl_Id="2826">
<BasicBoolTerm Intrnl_Id="2827">
<LocList>
<Loc EndOffset="16265" SrcFileId="8" StartOffset="16230"/>
</LocList>
</BasicBoolTerm>
</RootTerm>
</CondStmnt>
</StmntSeq>
</HierarchyLvl>
<HierarchyLvl HierarchyLvlId="1915" HierarchyLvlTypeId="14" Intrnl_Id="2828" Name="getColor">
<Header>
<Loc EndOffset="16690" SrcFileId="8" StartOffset="16631"/>
</Header>
<LocList>
<Loc EndOffset="17527" SrcFileId="8" StartOffset="16631"/>
</LocList>
<StmntSeq Intrnl_Id="2829">
<LocList>
<Loc EndOffset="16760" SrcFileId="8" StartOffset="16702"/>
<Loc EndOffset="16803" SrcFileId="8" StartOffset="16772"/>
<Loc EndOffset="16848" SrcFileId="8" StartOffset="16813"/>
<Loc EndOffset="16891" SrcFileId="8" StartOffset="16858"/>
<Loc EndOffset="17520" SrcFileId="8" StartOffset="16901"/>
</LocList>
<BasicStmnt CovItemId="S199" CovItemPrefix="com.OriginalFiles.Analyze.java" Intrnl_Id="2830">
<LocList>
<Loc EndOffset="16760" SrcFileId="8" StartOffset="16702"/>
</LocList>
</BasicStmnt>
<BasicStmnt CovItemId="S200" CovItemPrefix="com.OriginalFiles.Analyze.java" Intrnl_Id="2831">
<LocList>
<Loc EndOffset="16803" SrcFileId="8" StartOffset="16772"/>
</LocList>
</BasicStmnt>
<BasicStmnt CovItemId="S201" CovItemPrefix="com.OriginalFiles.Analyze.java" Intrnl_Id="2832">
<LocList>
<Loc EndOffset="16848" SrcFileId="8" StartOffset="16813"/>
</LocList>
</BasicStmnt>
<BasicStmnt CovItemId="S202" CovItemPrefix="com.OriginalFiles.Analyze.java" Intrnl_Id="2833">
<LocList>
<Loc EndOffset="16891" SrcFileId="8" StartOffset="16858"/>
</LocList>
</BasicStmnt>
<CondStmnt CovItemId="S203" CovItemPrefix="com.OriginalFiles.Analyze.java" Intrnl_Id="2834">
<Branch CovItemId="B107" CovItemPrefix="com.OriginalFiles.Analyze.java" Implct="false" Intrnl_Id="2835">
<Cond/>
<LocList>
<Loc EndOffset="17039" SrcFileId="8" StartOffset="17002"/>
</LocList>
<StmntSeq Intrnl_Id="2836">
<LocList>
<Loc EndOffset="17028" SrcFileId="8" StartOffset="17017"/>
</LocList>
<BasicStmnt CovItemId="S204" CovItemPrefix="com.OriginalFiles.Analyze.java" Intrnl_Id="2837">
<LocList>
<Loc EndOffset="17028" SrcFileId="8" StartOffset="17017"/>
</LocList>
</BasicStmnt>
</StmntSeq>
</Branch>
<Branch CovItemId="B108" CovItemPrefix="com.OriginalFiles.Analyze.java" Implct="false" Intrnl_Id="2838">
<Cond>
<Loc EndOffset="17044" SrcFileId="8" StartOffset="17040"/>
</Cond>
<LocList>
<Loc EndOffset="17520" SrcFileId="8" StartOffset="17045"/>
</LocList>
<StmntSeq Intrnl_Id="2839">
<LocList>
<Loc EndOffset="17520" SrcFileId="8" StartOffset="17045"/>
</LocList>
<CondStmnt CovItemId="S205" CovItemPrefix="com.OriginalFiles.Analyze.java" Intrnl_Id="2840">
<Branch CovItemId="B109" CovItemPrefix="com.OriginalFiles.Analyze.java" Implct="false" Intrnl_Id="2841">
<Cond/>
<LocList>
<Loc EndOffset="17185" SrcFileId="8" StartOffset="17148"/>
</LocList>
<StmntSeq Intrnl_Id="2842">
<LocList>
<Loc EndOffset="17174" SrcFileId="8" StartOffset="17163"/>
</LocList>
<BasicStmnt CovItemId="S206" CovItemPrefix="com.OriginalFiles.Analyze.java" Intrnl_Id="2843">
<LocList>
<Loc EndOffset="17174" SrcFileId="8" StartOffset="17163"/>
</LocList>
</BasicStmnt>
</StmntSeq>
</Branch>
<Branch CovItemId="B110" CovItemPrefix="com.OriginalFiles.Analyze.java" Implct="false" Intrnl_Id="2844">
<Cond>
<Loc EndOffset="17190" SrcFileId="8" StartOffset="17186"/>
</Cond>
<LocList>
<Loc EndOffset="17520" SrcFileId="8" StartOffset="17191"/>
</LocList>
<StmntSeq Intrnl_Id="2845">
<LocList>
<Loc EndOffset="17520" SrcFileId="8" StartOffset="17191"/>
</LocList>
<CondStmnt CovItemId="S207" CovItemPrefix="com.OriginalFiles.Analyze.java" Intrnl_Id="2846">
<Branch CovItemId="B111" CovItemPrefix="com.OriginalFiles.Analyze.java" Implct="false" Intrnl_Id="2847">
<Cond/>
<LocList>
<Loc EndOffset="17331" SrcFileId="8" StartOffset="17294"/>
</LocList>
<StmntSeq Intrnl_Id="2848">
<LocList>
<Loc EndOffset="17320" SrcFileId="8" StartOffset="17309"/>
</LocList>
<BasicStmnt CovItemId="S208" CovItemPrefix="com.OriginalFiles.Analyze.java" Intrnl_Id="2849">
<LocList>
<Loc EndOffset="17320" SrcFileId="8" StartOffset="17309"/>
</LocList>
</BasicStmnt>
</StmntSeq>
</Branch>
<Branch CovItemId="B112" CovItemPrefix="com.OriginalFiles.Analyze.java" Implct="false" Intrnl_Id="2850">
<Cond>
<Loc EndOffset="17336" SrcFileId="8" StartOffset="17332"/>
</Cond>
<LocList>
<Loc EndOffset="17520" SrcFileId="8" StartOffset="17337"/>
</LocList>
<StmntSeq Intrnl_Id="2851">
<LocList>
<Loc EndOffset="17520" SrcFileId="8" StartOffset="17337"/>
</LocList>
<CondStmnt CovItemId="S209" CovItemPrefix="com.OriginalFiles.Analyze.java" Intrnl_Id="2852">
<Branch CovItemId="B113" CovItemPrefix="com.OriginalFiles.Analyze.java" Implct="false" Intrnl_Id="2853">
<Cond/>
<LocList>
<Loc EndOffset="17477" SrcFileId="8" StartOffset="17440"/>
</LocList>
<StmntSeq Intrnl_Id="2854">
<LocList>
<Loc EndOffset="17466" SrcFileId="8" StartOffset="17455"/>
</LocList>
<BasicStmnt CovItemId="S210" CovItemPrefix="com.OriginalFiles.Analyze.java" Intrnl_Id="2855">
<LocList>
<Loc EndOffset="17466" SrcFileId="8" StartOffset="17455"/>
</LocList>
</BasicStmnt>
</StmntSeq>
</Branch>
<Branch CovItemId="B114" CovItemPrefix="com.OriginalFiles.Analyze.java" Implct="false" Intrnl_Id="2856">
<Cond>
<Loc EndOffset="17482" SrcFileId="8" StartOffset="17478"/>
</Cond>
<LocList>
<Loc EndOffset="17520" SrcFileId="8" StartOffset="17483"/>
</LocList>
<StmntSeq Intrnl_Id="2857">
<LocList>
<Loc EndOffset="17509" SrcFileId="8" StartOffset="17498"/>
</LocList>
<BasicStmnt CovItemId="S211" CovItemPrefix="com.OriginalFiles.Analyze.java" Intrnl_Id="2858">
<LocList>
<Loc EndOffset="17509" SrcFileId="8" StartOffset="17498"/>
</LocList>
</BasicStmnt>
</StmntSeq>
</Branch>
<Keyword EndOffset="17339" SrcFileId="8" StartOffset="17337"/>
<LocList>
<Loc EndOffset="17520" SrcFileId="8" StartOffset="17337"/>
</LocList>
<RootTerm CovItemId="C69" CovItemPrefix="com.OriginalFiles.Analyze.java" Intrnl_Id="2859">
<OpTerm BooleanOpId="10" Intrnl_Id="2860">
<OpTerm BooleanOpId="10" Intrnl_Id="2861">
<OpTerm BooleanOpId="10" Intrnl_Id="2862">
<OpTerm BooleanOpId="10" Intrnl_Id="2863">
<OpTerm BooleanOpId="10" Intrnl_Id="2864">
<BasicBoolTerm Intrnl_Id="2865">
<LocList>
<Loc EndOffset="17350" SrcFileId="8" StartOffset="17341"/>
</LocList>
</BasicBoolTerm>
<BasicBoolTerm Intrnl_Id="2866">
<LocList>
<Loc EndOffset="17363" SrcFileId="8" StartOffset="17354"/>
</LocList>
</BasicBoolTerm>
<LocList>
<Loc EndOffset="17353" SrcFileId="8" StartOffset="17351"/>
</LocList>
</OpTerm>
<BasicBoolTerm Intrnl_Id="2867">
<LocList>
<Loc EndOffset="17378" SrcFileId="8" StartOffset="17367"/>
</LocList>
</BasicBoolTerm>
<LocList>
<Loc EndOffset="17366" SrcFileId="8" StartOffset="17364"/>
</LocList>
</OpTerm>
<BasicBoolTerm Intrnl_Id="2868">
<LocList>
<Loc EndOffset="17393" SrcFileId="8" StartOffset="17382"/>
</LocList>
</BasicBoolTerm>
<LocList>
<Loc EndOffset="17381" SrcFileId="8" StartOffset="17379"/>
</LocList>
</OpTerm>
<BasicBoolTerm Intrnl_Id="2869">
<LocList>
<Loc EndOffset="17424" SrcFileId="8" StartOffset="17414"/>
</LocList>
</BasicBoolTerm>
<LocList>
<Loc EndOffset="17413" SrcFileId="8" StartOffset="17411"/>
</LocList>
</OpTerm>
<BasicBoolTerm Intrnl_Id="2870">
<LocList>
<Loc EndOffset="17438" SrcFileId="8" StartOffset="17428"/>
</LocList>
</BasicBoolTerm>
<LocList>
<Loc EndOffset="17427" SrcFileId="8" StartOffset="17425"/>
</LocList>
</OpTerm>
</RootTerm>
</CondStmnt>
</StmntSeq>
</Branch>
<Keyword EndOffset="17193" SrcFileId="8" StartOffset="17191"/>
<LocList>
<Loc EndOffset="17520" SrcFileId="8" StartOffset="17191"/>
</LocList>
<RootTerm CovItemId="C68" CovItemPrefix="com.OriginalFiles.Analyze.java" Intrnl_Id="2871">
<OpTerm BooleanOpId="10" Intrnl_Id="2872">
<OpTerm BooleanOpId="10" Intrnl_Id="2873">
<OpTerm BooleanOpId="10" Intrnl_Id="2874">
<OpTerm BooleanOpId="10" Intrnl_Id="2875">
<OpTerm BooleanOpId="10" Intrnl_Id="2876">
<BasicBoolTerm Intrnl_Id="2877">
<LocList>
<Loc EndOffset="17204" SrcFileId="8" StartOffset="17195"/>
</LocList>
</BasicBoolTerm>
<BasicBoolTerm Intrnl_Id="2878">
<LocList>
<Loc EndOffset="17217" SrcFileId="8" StartOffset="17208"/>
</LocList>
</BasicBoolTerm>
<LocList>
<Loc EndOffset="17207" SrcFileId="8" StartOffset="17205"/>
</LocList>
</OpTerm>
<BasicBoolTerm Intrnl_Id="2879">
<LocList>
<Loc EndOffset="17232" SrcFileId="8" StartOffset="17221"/>
</LocList>
</BasicBoolTerm>
<LocList>
<Loc EndOffset="17220" SrcFileId="8" StartOffset="17218"/>
</LocList>
</OpTerm>
<BasicBoolTerm Intrnl_Id="2880">
<LocList>
<Loc EndOffset="17247" SrcFileId="8" StartOffset="17236"/>
</LocList>
</BasicBoolTerm>
<LocList>
<Loc EndOffset="17235" SrcFileId="8" StartOffset="17233"/>
</LocList>
</OpTerm>
<BasicBoolTerm Intrnl_Id="2881">
<LocList>
<Loc EndOffset="17278" SrcFileId="8" StartOffset="17268"/>
</LocList>
</BasicBoolTerm>
<LocList>
<Loc EndOffset="17267" SrcFileId="8" StartOffset="17265"/>
</LocList>
</OpTerm>
<BasicBoolTerm Intrnl_Id="2882">
<LocList>
<Loc EndOffset="17292" SrcFileId="8" StartOffset="17282"/>
</LocList>
</BasicBoolTerm>
<LocList>
<Loc EndOffset="17281" SrcFileId="8" StartOffset="17279"/>
</LocList>
</OpTerm>
</RootTerm>
</CondStmnt>
</StmntSeq>
</Branch>
<Keyword EndOffset="17047" SrcFileId="8" StartOffset="17045"/>
<LocList>
<Loc EndOffset="17520" SrcFileId="8" StartOffset="17045"/>
</LocList>
<RootTerm CovItemId="C67" CovItemPrefix="com.OriginalFiles.Analyze.java" Intrnl_Id="2883">
<OpTerm BooleanOpId="10" Intrnl_Id="2884">
<OpTerm BooleanOpId="10" Intrnl_Id="2885">
<OpTerm BooleanOpId="10" Intrnl_Id="2886">
<OpTerm BooleanOpId="10" Intrnl_Id="2887">
<OpTerm BooleanOpId="10" Intrnl_Id="2888">
<BasicBoolTerm Intrnl_Id="2889">
<LocList>
<Loc EndOffset="17058" SrcFileId="8" StartOffset="17049"/>
</LocList>
</BasicBoolTerm>
<BasicBoolTerm Intrnl_Id="2890">
<LocList>
<Loc EndOffset="17071" SrcFileId="8" StartOffset="17062"/>
</LocList>
</BasicBoolTerm>
<LocList>
<Loc EndOffset="17061" SrcFileId="8" StartOffset="17059"/>
</LocList>
</OpTerm>
<BasicBoolTerm Intrnl_Id="2891">
<LocList>
<Loc EndOffset="17086" SrcFileId="8" StartOffset="17075"/>
</LocList>
</BasicBoolTerm>
<LocList>
<Loc EndOffset="17074" SrcFileId="8" StartOffset="17072"/>
</LocList>
</OpTerm>
<BasicBoolTerm Intrnl_Id="2892">
<LocList>
<Loc EndOffset="17101" SrcFileId="8" StartOffset="17090"/>
</LocList>
</BasicBoolTerm>
<LocList>
<Loc EndOffset="17089" SrcFileId="8" StartOffset="17087"/>
</LocList>
</OpTerm>
<BasicBoolTerm Intrnl_Id="2893">
<LocList>
<Loc EndOffset="17132" SrcFileId="8" StartOffset="17122"/>
</LocList>
</BasicBoolTerm>
<LocList>
<Loc EndOffset="17121" SrcFileId="8" StartOffset="17119"/>
</LocList>
</OpTerm>
<BasicBoolTerm Intrnl_Id="2894">
<LocList>
<Loc EndOffset="17146" SrcFileId="8" StartOffset="17136"/>
</LocList>
</BasicBoolTerm>
<LocList>
<Loc EndOffset="17135" SrcFileId="8" StartOffset="17133"/>
</LocList>
</OpTerm>
</RootTerm>
</CondStmnt>
</StmntSeq>
</Branch>
<Keyword EndOffset="16903" SrcFileId="8" StartOffset="16901"/>
<LocList>
<Loc EndOffset="17520" SrcFileId="8" StartOffset="16901"/>
</LocList>
<RootTerm CovItemId="C66" CovItemPrefix="com.OriginalFiles.Analyze.java" Intrnl_Id="2895">
<OpTerm BooleanOpId="10" Intrnl_Id="2896">
<OpTerm BooleanOpId="10" Intrnl_Id="2897">
<OpTerm BooleanOpId="10" Intrnl_Id="2898">
<OpTerm BooleanOpId="10" Intrnl_Id="2899">
<OpTerm BooleanOpId="10" Intrnl_Id="2900">
<BasicBoolTerm Intrnl_Id="2901">
<LocList>
<Loc EndOffset="16914" SrcFileId="8" StartOffset="16905"/>
</LocList>
</BasicBoolTerm>
<BasicBoolTerm Intrnl_Id="2902">
<LocList>
<Loc EndOffset="16927" SrcFileId="8" StartOffset="16918"/>
</LocList>
</BasicBoolTerm>
<LocList>
<Loc EndOffset="16917" SrcFileId="8" StartOffset="16915"/>
</LocList>
</OpTerm>
<BasicBoolTerm Intrnl_Id="2903">
<LocList>
<Loc EndOffset="16942" SrcFileId="8" StartOffset="16931"/>
</LocList>
</BasicBoolTerm>
<LocList>
<Loc EndOffset="16930" SrcFileId="8" StartOffset="16928"/>
</LocList>
</OpTerm>
<BasicBoolTerm Intrnl_Id="2904">
<LocList>
<Loc EndOffset="16956" SrcFileId="8" StartOffset="16946"/>
</LocList>
</BasicBoolTerm>
<LocList>
<Loc EndOffset="16945" SrcFileId="8" StartOffset="16943"/>
</LocList>
</OpTerm>
<BasicBoolTerm Intrnl_Id="2905">
<LocList>
<Loc EndOffset="16987" SrcFileId="8" StartOffset="16977"/>
</LocList>
</BasicBoolTerm>
<LocList>
<Loc EndOffset="16976" SrcFileId="8" StartOffset="16974"/>
</LocList>
</OpTerm>
<BasicBoolTerm Intrnl_Id="2906">
<LocList>
<Loc EndOffset="17000" SrcFileId="8" StartOffset="16991"/>
</LocList>
</BasicBoolTerm>
<LocList>
<Loc EndOffset="16990" SrcFileId="8" StartOffset="16988"/>
</LocList>
</OpTerm>
</RootTerm>
</CondStmnt>
</StmntSeq>
</HierarchyLvl>
<HierarchyLvl HierarchyLvlId="1916" HierarchyLvlTypeId="14" Intrnl_Id="2907" Name="checkForGameHasEnded">
<Header>
<Loc EndOffset="17642" SrcFileId="8" StartOffset="17535"/>
</Header>
<LocList>
<Loc EndOffset="18067" SrcFileId="8" StartOffset="17535"/>
</LocList>
<StmntSeq Intrnl_Id="2908">
<LocList>
<Loc EndOffset="18060" SrcFileId="8" StartOffset="17654"/>
</LocList>
<CondStmnt CovItemId="S212" CovItemPrefix="com.OriginalFiles.Analyze.java" Intrnl_Id="2909">
<Branch CovItemId="B115" CovItemPrefix="com.OriginalFiles.Analyze.java" Implct="false" Intrnl_Id="2910">
<Cond>
<Loc EndOffset="17707" SrcFileId="8" StartOffset="17701"/>
</Cond>
<LocList>
<Loc EndOffset="17735" SrcFileId="8" StartOffset="17722"/>
</LocList>
<StmntSeq Intrnl_Id="2911">
<LocList>
<Loc EndOffset="17735" SrcFileId="8" StartOffset="17722"/>
</LocList>
<BasicStmnt CovItemId="S213" CovItemPrefix="com.OriginalFiles.Analyze.java" Intrnl_Id="2912">
<LocList>
<Loc EndOffset="17735" SrcFileId="8" StartOffset="17722"/>
</LocList>
</BasicStmnt>
</StmntSeq>
</Branch>
<Branch CovItemId="B116" CovItemPrefix="com.OriginalFiles.Analyze.java" Implct="false" Intrnl_Id="2913">
<Cond>
<Loc EndOffset="17751" SrcFileId="8" StartOffset="17745"/>
</Cond>
<LocList>
<Loc EndOffset="17826" SrcFileId="8" StartOffset="17766"/>
</LocList>
<StmntSeq Intrnl_Id="2914">
<LocList>
<Loc EndOffset="17800" SrcFileId="8" StartOffset="17766"/>
<Loc EndOffset="17826" SrcFileId="8" StartOffset="17814"/>
</LocList>
<BasicStmnt CovItemId="S214" CovItemPrefix="com.OriginalFiles.Analyze.java" Intrnl_Id="2915">
<LocList>
<Loc EndOffset="17800" SrcFileId="8" StartOffset="17766"/>
</LocList>
</BasicStmnt>
<BasicStmnt CovItemId="S215" CovItemPrefix="com.OriginalFiles.Analyze.java" Intrnl_Id="2916">
<LocList>
<Loc EndOffset="17826" SrcFileId="8" StartOffset="17814"/>
</LocList>
</BasicStmnt>
</StmntSeq>
</Branch>
<Branch CovItemId="B117" CovItemPrefix="com.OriginalFiles.Analyze.java" Implct="false" Intrnl_Id="2917">
<Cond>
<Loc EndOffset="17842" SrcFileId="8" StartOffset="17836"/>
</Cond>
<LocList>
<Loc EndOffset="17917" SrcFileId="8" StartOffset="17857"/>
</LocList>
<StmntSeq Intrnl_Id="2918">
<LocList>
<Loc EndOffset="17891" SrcFileId="8" StartOffset="17857"/>
<Loc EndOffset="17917" SrcFileId="8" StartOffset="17905"/>
</LocList>
<BasicStmnt CovItemId="S216" CovItemPrefix="com.OriginalFiles.Analyze.java" Intrnl_Id="2919">
<LocList>
<Loc EndOffset="17891" SrcFileId="8" StartOffset="17857"/>
</LocList>
</BasicStmnt>
<BasicStmnt CovItemId="S217" CovItemPrefix="com.OriginalFiles.Analyze.java" Intrnl_Id="2920">
<LocList>
<Loc EndOffset="17917" SrcFileId="8" StartOffset="17905"/>
</LocList>
</BasicStmnt>
</StmntSeq>
</Branch>
<Branch CovItemId="B118" CovItemPrefix="com.OriginalFiles.Analyze.java" Implct="false" Intrnl_Id="2921">
<Cond>
<Loc EndOffset="17933" SrcFileId="8" StartOffset="17927"/>
</Cond>
<LocList>
<Loc EndOffset="18004" SrcFileId="8" StartOffset="17948"/>
</LocList>
<StmntSeq Intrnl_Id="2922">
<LocList>
<Loc EndOffset="17978" SrcFileId="8" StartOffset="17948"/>
<Loc EndOffset="18004" SrcFileId="8" StartOffset="17992"/>
</LocList>
<BasicStmnt CovItemId="S218" CovItemPrefix="com.OriginalFiles.Analyze.java" Intrnl_Id="2923">
<LocList>
<Loc EndOffset="17978" SrcFileId="8" StartOffset="17948"/>
</LocList>
</BasicStmnt>
<BasicStmnt CovItemId="S219" CovItemPrefix="com.OriginalFiles.Analyze.java" Intrnl_Id="2924">
<LocList>
<Loc EndOffset="18004" SrcFileId="8" StartOffset="17992"/>
</LocList>
</BasicStmnt>
</StmntSeq>
</Branch>
<Branch CovItemId="B119" CovItemPrefix="com.OriginalFiles.Analyze.java" Implct="false" Intrnl_Id="2925">
<Cond>
<Loc EndOffset="18021" SrcFileId="8" StartOffset="18014"/>
</Cond>
<LocList>
<Loc EndOffset="18049" SrcFileId="8" StartOffset="18036"/>
</LocList>
<StmntSeq Intrnl_Id="2926">
<LocList>
<Loc EndOffset="18049" SrcFileId="8" StartOffset="18036"/>
</LocList>
<BasicStmnt CovItemId="S220" CovItemPrefix="com.OriginalFiles.Analyze.java" Intrnl_Id="2927">
<LocList>
<Loc EndOffset="18049" SrcFileId="8" StartOffset="18036"/>
</LocList>
</BasicStmnt>
</StmntSeq>
</Branch>
<Keyword EndOffset="17660" SrcFileId="8" StartOffset="17654"/>
<LocList>
<Loc EndOffset="18060" SrcFileId="8" StartOffset="17654"/>
</LocList>
</CondStmnt>
</StmntSeq>
</HierarchyLvl>
<HierarchyLvl HierarchyLvlId="1917" HierarchyLvlTypeId="14" Intrnl_Id="2928" Name="gameHasEnded">
<Header>
<Loc EndOffset="18235" SrcFileId="8" StartOffset="18187"/>
</Header>
<LocList>
<Loc EndOffset="20287" SrcFileId="8" StartOffset="18187"/>
</LocList>
<StmntSeq Intrnl_Id="2929">
<LocList>
<Loc EndOffset="18279" SrcFileId="8" StartOffset="18247"/>
<Loc EndOffset="18343" SrcFileId="8" StartOffset="18291"/>
<Loc EndOffset="18405" SrcFileId="8" StartOffset="18353"/>
<Loc EndOffset="18447" SrcFileId="8" StartOffset="18415"/>
<Loc EndOffset="18489" SrcFileId="8" StartOffset="18457"/>
<Loc EndOffset="19288" SrcFileId="8" StartOffset="18501"/>
<Loc EndOffset="19403" SrcFileId="8" StartOffset="19300"/>
<Loc EndOffset="19515" SrcFileId="8" StartOffset="19413"/>
<Loc EndOffset="20261" SrcFileId="8" StartOffset="19525"/>
<Loc EndOffset="20280" SrcFileId="8" StartOffset="20271"/>
</LocList>
<BasicStmnt CovItemId="S221" CovItemPrefix="com.OriginalFiles.Analyze.java" Intrnl_Id="2930">
<LocList>
<Loc EndOffset="18279" SrcFileId="8" StartOffset="18247"/>
</LocList>
</BasicStmnt>
<BasicStmnt CovItemId="S222" CovItemPrefix="com.OriginalFiles.Analyze.java" Intrnl_Id="2931">
<LocList>
<Loc EndOffset="18343" SrcFileId="8" StartOffset="18291"/>
</LocList>
</BasicStmnt>
<BasicStmnt CovItemId="S223" CovItemPrefix="com.OriginalFiles.Analyze.java" Intrnl_Id="2932">
<LocList>
<Loc EndOffset="18405" SrcFileId="8" StartOffset="18353"/>
</LocList>
</BasicStmnt>
<BasicStmnt CovItemId="S224" CovItemPrefix="com.OriginalFiles.Analyze.java" Intrnl_Id="2933">
<LocList>
<Loc EndOffset="18447" SrcFileId="8" StartOffset="18415"/>
</LocList>
</BasicStmnt>
<BasicStmnt CovItemId="S225" CovItemPrefix="com.OriginalFiles.Analyze.java" Intrnl_Id="2934">
<LocList>
<Loc EndOffset="18489" SrcFileId="8" StartOffset="18457"/>
</LocList>
</BasicStmnt>
<LoopStmnt CovItemId="S226" CovItemPrefix="com.OriginalFiles.Analyze.java" Intrnl_Id="2935" MltplExecId="L16-2" MltplExecPrefix="com.OriginalFiles.Analyze.java" NvrExecId="L16-0" NvrExecPrefix="com.OriginalFiles.Analyze.java" OnceExecutedId="L16-1" OnceExecutedPrefix="com.OriginalFiles.Analyze.java" OptBodyExec="true">
<StmntSeq Intrnl_Id="2936">
<LocList>
<Loc EndOffset="19277" SrcFileId="8" StartOffset="18556"/>
</LocList>
<LoopStmnt CovItemId="S227" CovItemPrefix="com.OriginalFiles.Analyze.java" Intrnl_Id="2937" MltplExecId="L17-2" MltplExecPrefix="com.OriginalFiles.Analyze.java" NvrExecId="L17-0" NvrExecPrefix="com.OriginalFiles.Analyze.java" OnceExecutedId="L17-1" OnceExecutedPrefix="com.OriginalFiles.Analyze.java" OptBodyExec="true">
<StmntSeq Intrnl_Id="2938">
<LocList>
<Loc EndOffset="19262" SrcFileId="8" StartOffset="18597"/>
</LocList>
<CondStmnt CovItemId="S228" CovItemPrefix="com.OriginalFiles.Analyze.java" Intrnl_Id="2939">
<Branch CovItemId="B120" CovItemPrefix="com.OriginalFiles.Analyze.java" Implct="false" Intrnl_Id="2940">
<Cond/>
<LocList>
<Loc EndOffset="19262" SrcFileId="8" StartOffset="18619"/>
</LocList>
<StmntSeq Intrnl_Id="2941">
<LocList>
<Loc EndOffset="18931" SrcFileId="8" StartOffset="18642"/>
<Loc EndOffset="19243" SrcFileId="8" StartOffset="18953"/>
</LocList>
<CondStmnt CovItemId="S229" CovItemPrefix="com.OriginalFiles.Analyze.java" Intrnl_Id="2942">
<Branch CovItemId="B122" CovItemPrefix="com.OriginalFiles.Analyze.java" Implct="false" Intrnl_Id="2943">
<Cond/>
<LocList>
<Loc EndOffset="18931" SrcFileId="8" StartOffset="18690"/>
</LocList>
<StmntSeq Intrnl_Id="2944">
<LocList>
<Loc EndOffset="18761" SrcFileId="8" StartOffset="18717"/>
<Loc EndOffset="18908" SrcFileId="8" StartOffset="18787"/>
</LocList>
<BasicStmnt CovItemId="S230" CovItemPrefix="com.OriginalFiles.Analyze.java" Intrnl_Id="2945">
<LocList>
<Loc EndOffset="18761" SrcFileId="8" StartOffset="18717"/>
</LocList>
</BasicStmnt>
<CondStmnt CovItemId="S231" CovItemPrefix="com.OriginalFiles.Analyze.java" Intrnl_Id="2946">
<Branch CovItemId="B124" CovItemPrefix="com.OriginalFiles.Analyze.java" Implct="false" Intrnl_Id="2947">
<Cond/>
<LocList>
<Loc EndOffset="18908" SrcFileId="8" StartOffset="18827"/>
</LocList>
<StmntSeq Intrnl_Id="2948">
<LocList>
<Loc EndOffset="18881" SrcFileId="8" StartOffset="18858"/>
</LocList>
<BasicStmnt CovItemId="S232" CovItemPrefix="com.OriginalFiles.Analyze.java" Intrnl_Id="2949">
<LocList>
<Loc EndOffset="18881" SrcFileId="8" StartOffset="18858"/>
</LocList>
</BasicStmnt>
</StmntSeq>
</Branch>
<Branch CovItemId="B125" CovItemPrefix="com.OriginalFiles.Analyze.java" Implct="true" Intrnl_Id="2950">
<Cond/>
<LocList/>
<StmntSeq Intrnl_Id="2951">
<LocList/>
</StmntSeq>
</Branch>
<Keyword EndOffset="18789" SrcFileId="8" StartOffset="18787"/>
<LocList>
<Loc EndOffset="18908" SrcFileId="8" StartOffset="18787"/>
</LocList>
<RootTerm CovItemId="C72" CovItemPrefix="com.OriginalFiles.Analyze.java" Intrnl_Id="2952">
<BasicBoolTerm Intrnl_Id="2953">
<LocList>
<Loc EndOffset="18825" SrcFileId="8" StartOffset="18791"/>
</LocList>
</BasicBoolTerm>
</RootTerm>
</CondStmnt>
</StmntSeq>
</Branch>
<Branch CovItemId="B123" CovItemPrefix="com.OriginalFiles.Analyze.java" Implct="true" Intrnl_Id="2954">
<Cond/>
<LocList/>
<StmntSeq Intrnl_Id="2955">
<LocList/>
</StmntSeq>
</Branch>
<Keyword EndOffset="18644" SrcFileId="8" StartOffset="18642"/>
<LocList>
<Loc EndOffset="18931" SrcFileId="8" StartOffset="18642"/>
</LocList>
<RootTerm CovItemId="C71" CovItemPrefix="com.OriginalFiles.Analyze.java" Intrnl_Id="2956">
<BasicBoolTerm Intrnl_Id="2957">
<LocList>
<Loc EndOffset="18688" SrcFileId="8" StartOffset="18646"/>
</LocList>
</BasicBoolTerm>
</RootTerm>
</CondStmnt>
<CondStmnt CovItemId="S233" CovItemPrefix="com.OriginalFiles.Analyze.java" Intrnl_Id="2958">
<Branch CovItemId="B126" CovItemPrefix="com.OriginalFiles.Analyze.java" Implct="false" Intrnl_Id="2959">
<Cond/>
<LocList>
<Loc EndOffset="19243" SrcFileId="8" StartOffset="19002"/>
</LocList>
<StmntSeq Intrnl_Id="2960">
<LocList>
<Loc EndOffset="19073" SrcFileId="8" StartOffset="19029"/>
<Loc EndOffset="19220" SrcFileId="8" StartOffset="19099"/>
</LocList>
<BasicStmnt CovItemId="S234" CovItemPrefix="com.OriginalFiles.Analyze.java" Intrnl_Id="2961">
<LocList>
<Loc EndOffset="19073" SrcFileId="8" StartOffset="19029"/>
</LocList>
</BasicStmnt>
<CondStmnt CovItemId="S235" CovItemPrefix="com.OriginalFiles.Analyze.java" Intrnl_Id="2962">
<Branch CovItemId="B128" CovItemPrefix="com.OriginalFiles.Analyze.java" Implct="false" Intrnl_Id="2963">
<Cond/>
<LocList>
<Loc EndOffset="19220" SrcFileId="8" StartOffset="19139"/>
</LocList>
<StmntSeq Intrnl_Id="2964">
<LocList>
<Loc EndOffset="19193" SrcFileId="8" StartOffset="19170"/>
</LocList>
<BasicStmnt CovItemId="S236" CovItemPrefix="com.OriginalFiles.Analyze.java" Intrnl_Id="2965">
<LocList>
<Loc EndOffset="19193" SrcFileId="8" StartOffset="19170"/>
</LocList>
</BasicStmnt>
</StmntSeq>
</Branch>
<Branch CovItemId="B129" CovItemPrefix="com.OriginalFiles.Analyze.java" Implct="true" Intrnl_Id="2966">
<Cond/>
<LocList/>
<StmntSeq Intrnl_Id="2967">
<LocList/>
</StmntSeq>
</Branch>
<Keyword EndOffset="19101" SrcFileId="8" StartOffset="19099"/>
<LocList>
<Loc EndOffset="19220" SrcFileId="8" StartOffset="19099"/>
</LocList>
<RootTerm CovItemId="C74" CovItemPrefix="com.OriginalFiles.Analyze.java" Intrnl_Id="2968">
<BasicBoolTerm Intrnl_Id="2969">
<LocList>
<Loc EndOffset="19137" SrcFileId="8" StartOffset="19103"/>
</LocList>
</BasicBoolTerm>
</RootTerm>
</CondStmnt>
</StmntSeq>
</Branch>
<Branch CovItemId="B127" CovItemPrefix="com.OriginalFiles.Analyze.java" Implct="true" Intrnl_Id="2970">
<Cond/>
<LocList/>
<StmntSeq Intrnl_Id="2971">
<LocList/>
</StmntSeq>
</Branch>
<Keyword EndOffset="18955" SrcFileId="8" StartOffset="18953"/>
<LocList>
<Loc EndOffset="19243" SrcFileId="8" StartOffset="18953"/>
</LocList>
<RootTerm CovItemId="C73" CovItemPrefix="com.OriginalFiles.Analyze.java" Intrnl_Id="2972">
<BasicBoolTerm Intrnl_Id="2973">
<LocList>
<Loc EndOffset="19000" SrcFileId="8" StartOffset="18957"/>
</LocList>
</BasicBoolTerm>
</RootTerm>
</CondStmnt>
</StmntSeq>
</Branch>
<Branch CovItemId="B121" CovItemPrefix="com.OriginalFiles.Analyze.java" Implct="true" Intrnl_Id="2974">
<Cond/>
<LocList/>
<StmntSeq Intrnl_Id="2975">
<LocList/>
</StmntSeq>
</Branch>
<Keyword EndOffset="18599" SrcFileId="8" StartOffset="18597"/>
<LocList>
<Loc EndOffset="19262" SrcFileId="8" StartOffset="18597"/>
</LocList>
<RootTerm CovItemId="C70" CovItemPrefix="com.OriginalFiles.Analyze.java" Intrnl_Id="2976">
<OpTerm BooleanOpId="9" Intrnl_Id="2977">
<BasicBoolTerm Intrnl_Id="2978">
<LocList>
<Loc EndOffset="18617" SrcFileId="8" StartOffset="18602"/>
</LocList>
</BasicBoolTerm>
<LocList>
<Loc EndOffset="18602" SrcFileId="8" StartOffset="18601"/>
</LocList>
</OpTerm>
</RootTerm>
</CondStmnt>
</StmntSeq>
<Keyword EndOffset="18559" SrcFileId="8" StartOffset="18556"/>
<LocList>
<Loc EndOffset="19277" SrcFileId="8" StartOffset="18556"/>
</LocList>
</LoopStmnt>
</StmntSeq>
<Keyword EndOffset="18504" SrcFileId="8" StartOffset="18501"/>
<LocList>
<Loc EndOffset="19288" SrcFileId="8" StartOffset="18501"/>
</LocList>
</LoopStmnt>
<CondStmnt CovItemId="S237" CovItemPrefix="com.OriginalFiles.Analyze.java" Intrnl_Id="2979">
<Branch CovItemId="B130" CovItemPrefix="com.OriginalFiles.Analyze.java" Implct="false" Intrnl_Id="2980">
<Cond/>
<LocList>
<Loc EndOffset="19403" SrcFileId="8" StartOffset="19368"/>
</LocList>
<StmntSeq Intrnl_Id="2981">
<LocList>
<Loc EndOffset="19392" SrcFileId="8" StartOffset="19383"/>
</LocList>
<BasicStmnt CovItemId="S238" CovItemPrefix="com.OriginalFiles.Analyze.java" Intrnl_Id="2982">
<LocList>
<Loc EndOffset="19392" SrcFileId="8" StartOffset="19383"/>
</LocList>
</BasicStmnt>
</StmntSeq>
</Branch>
<Branch CovItemId="B131" CovItemPrefix="com.OriginalFiles.Analyze.java" Implct="true" Intrnl_Id="2983">
<Cond/>
<LocList/>
<StmntSeq Intrnl_Id="2984">
<LocList/>
</StmntSeq>
</Branch>
<Keyword EndOffset="19302" SrcFileId="8" StartOffset="19300"/>
<LocList>
<Loc EndOffset="19403" SrcFileId="8" StartOffset="19300"/>
</LocList>
<RootTerm CovItemId="C75" CovItemPrefix="com.OriginalFiles.Analyze.java" Intrnl_Id="2985">
<OpTerm BooleanOpId="11" Intrnl_Id="2986">
<BasicBoolTerm Intrnl_Id="2987">
<LocList>
<Loc EndOffset="19330" SrcFileId="8" StartOffset="19304"/>
</LocList>
</BasicBoolTerm>
<OpTerm BooleanOpId="10" Intrnl_Id="2988">
<OpTerm BooleanOpId="9" Intrnl_Id="2989">
<BasicBoolTerm Intrnl_Id="2990">
<LocList>
<Loc EndOffset="19345" SrcFileId="8" StartOffset="19336"/>
</LocList>
</BasicBoolTerm>
<LocList>
<Loc EndOffset="19336" SrcFileId="8" StartOffset="19335"/>
</LocList>
</OpTerm>
<OpTerm BooleanOpId="9" Intrnl_Id="2991">
<BasicBoolTerm Intrnl_Id="2992">
<LocList>
<Loc EndOffset="19365" SrcFileId="8" StartOffset="19350"/>
</LocList>
</BasicBoolTerm>
<LocList>
<Loc EndOffset="19350" SrcFileId="8" StartOffset="19349"/>
</LocList>
</OpTerm>
<LocList>
<Loc EndOffset="19348" SrcFileId="8" StartOffset="19346"/>
</LocList>
</OpTerm>
<LocList>
<Loc EndOffset="19333" SrcFileId="8" StartOffset="19331"/>
</LocList>
</OpTerm>
</RootTerm>
</CondStmnt>
<CondStmnt CovItemId="S239" CovItemPrefix="com.OriginalFiles.Analyze.java" Intrnl_Id="2993">
<Branch CovItemId="B132" CovItemPrefix="com.OriginalFiles.Analyze.java" Implct="false" Intrnl_Id="2994">
<Cond/>
<LocList>
<Loc EndOffset="19515" SrcFileId="8" StartOffset="19480"/>
</LocList>
<StmntSeq Intrnl_Id="2995">
<LocList>
<Loc EndOffset="19504" SrcFileId="8" StartOffset="19495"/>
</LocList>
<BasicStmnt CovItemId="S240" CovItemPrefix="com.OriginalFiles.Analyze.java" Intrnl_Id="2996">
<LocList>
<Loc EndOffset="19504" SrcFileId="8" StartOffset="19495"/>
</LocList>
</BasicStmnt>
</StmntSeq>
</Branch>
<Branch CovItemId="B133" CovItemPrefix="com.OriginalFiles.Analyze.java" Implct="true" Intrnl_Id="2997">
<Cond/>
<LocList/>
<StmntSeq Intrnl_Id="2998">
<LocList/>
</StmntSeq>
</Branch>
<Keyword EndOffset="19415" SrcFileId="8" StartOffset="19413"/>
<LocList>
<Loc EndOffset="19515" SrcFileId="8" StartOffset="19413"/>
</LocList>
<RootTerm CovItemId="C76" CovItemPrefix="com.OriginalFiles.Analyze.java" Intrnl_Id="2999">
<OpTerm BooleanOpId="11" Intrnl_Id="3000">
<BasicBoolTerm Intrnl_Id="3001">
<LocList>
<Loc EndOffset="19443" SrcFileId="8" StartOffset="19417"/>
</LocList>
</BasicBoolTerm>
<OpTerm BooleanOpId="10" Intrnl_Id="3002">
<BasicBoolTerm Intrnl_Id="3003">
<LocList>
<Loc EndOffset="19457" SrcFileId="8" StartOffset="19448"/>
</LocList>
</BasicBoolTerm>
<OpTerm BooleanOpId="9" Intrnl_Id="3004">
<BasicBoolTerm Intrnl_Id="3005">
<LocList>
<Loc EndOffset="19477" SrcFileId="8" StartOffset="19462"/>
</LocList>
</BasicBoolTerm>
<LocList>
<Loc EndOffset="19462" SrcFileId="8" StartOffset="19461"/>
</LocList>
</OpTerm>
<LocList>
<Loc EndOffset="19460" SrcFileId="8" StartOffset="19458"/>
</LocList>
</OpTerm>
<LocList>
<Loc EndOffset="19446" SrcFileId="8" StartOffset="19444"/>
</LocList>
</OpTerm>
</RootTerm>
</CondStmnt>
<CondStmnt CovItemId="S241" CovItemPrefix="com.OriginalFiles.Analyze.java" Intrnl_Id="3006">
<Branch CovItemId="B134" CovItemPrefix="com.OriginalFiles.Analyze.java" Implct="false" Intrnl_Id="3007">
<Cond/>
<LocList>
<Loc EndOffset="20261" SrcFileId="8" StartOffset="19587"/>
</LocList>
<StmntSeq Intrnl_Id="3008">
<LocList>
<Loc EndOffset="20250" SrcFileId="8" StartOffset="19602"/>
</LocList>
<CondStmnt CovItemId="S242" CovItemPrefix="com.OriginalFiles.Analyze.java" Intrnl_Id="3009">
<Branch CovItemId="B136" CovItemPrefix="com.OriginalFiles.Analyze.java" Implct="false" Intrnl_Id="3010">
<Cond/>
<LocList>
<Loc EndOffset="20250" SrcFileId="8" StartOffset="19695"/>
</LocList>
<StmntSeq Intrnl_Id="3011">
<LocList>
<Loc EndOffset="19805" SrcFileId="8" StartOffset="19714"/>
<Loc EndOffset="19914" SrcFileId="8" StartOffset="19823"/>
<Loc EndOffset="20235" SrcFileId="8" StartOffset="19932"/>
</LocList>
<BasicStmnt CovItemId="S243" CovItemPrefix="com.OriginalFiles.Analyze.java" Intrnl_Id="3012">
<LocList>
<Loc EndOffset="19805" SrcFileId="8" StartOffset="19714"/>
</LocList>
</BasicStmnt>
<BasicStmnt CovItemId="S244" CovItemPrefix="com.OriginalFiles.Analyze.java" Intrnl_Id="3013">
<LocList>
<Loc EndOffset="19914" SrcFileId="8" StartOffset="19823"/>
</LocList>
</BasicStmnt>
<CondStmnt CovItemId="S245" CovItemPrefix="com.OriginalFiles.Analyze.java" Intrnl_Id="3014">
<Branch CovItemId="B138" CovItemPrefix="com.OriginalFiles.Analyze.java" Implct="false" Intrnl_Id="3015">
<Cond/>
<LocList>
<Loc EndOffset="20235" SrcFileId="8" StartOffset="19970"/>
</LocList>
<StmntSeq Intrnl_Id="3016">
<LocList>
<Loc EndOffset="20216" SrcFileId="8" StartOffset="19993"/>
</LocList>
<CondStmnt CovItemId="S246" CovItemPrefix="com.OriginalFiles.Analyze.java" Intrnl_Id="3017">
<Branch CovItemId="B140" CovItemPrefix="com.OriginalFiles.Analyze.java" Implct="false" Intrnl_Id="3018">
<Cond/>
<LocList>
<Loc EndOffset="20101" SrcFileId="8" StartOffset="20042"/>
</LocList>
<StmntSeq Intrnl_Id="3019">
<LocList>
<Loc EndOffset="20078" SrcFileId="8" StartOffset="20069"/>
</LocList>
<BasicStmnt CovItemId="S247" CovItemPrefix="com.OriginalFiles.Analyze.java" Intrnl_Id="3020">
<LocList>
<Loc EndOffset="20078" SrcFileId="8" StartOffset="20069"/>
</LocList>
</BasicStmnt>
</StmntSeq>
</Branch>
<Branch CovItemId="B141" CovItemPrefix="com.OriginalFiles.Analyze.java" Implct="false" Intrnl_Id="3021">
<Cond>
<Loc EndOffset="20106" SrcFileId="8" StartOffset="20102"/>
</Cond>
<LocList>
<Loc EndOffset="20216" SrcFileId="8" StartOffset="20107"/>
</LocList>
<StmntSeq Intrnl_Id="3022">
<LocList>
<Loc EndOffset="20216" SrcFileId="8" StartOffset="20107"/>
</LocList>
<CondStmnt CovItemId="S248" CovItemPrefix="com.OriginalFiles.Analyze.java" Intrnl_Id="3023">
<Branch CovItemId="B142" CovItemPrefix="com.OriginalFiles.Analyze.java" Implct="false" Intrnl_Id="3024">
<Cond/>
<LocList>
<Loc EndOffset="20216" SrcFileId="8" StartOffset="20157"/>
</LocList>
<StmntSeq Intrnl_Id="3025">
<LocList>
<Loc EndOffset="20193" SrcFileId="8" StartOffset="20184"/>
</LocList>
<BasicStmnt CovItemId="S249" CovItemPrefix="com.OriginalFiles.Analyze.java" Intrnl_Id="3026">
<LocList>
<Loc EndOffset="20193" SrcFileId="8" StartOffset="20184"/>
</LocList>
</BasicStmnt>
</StmntSeq>
</Branch>
<Branch CovItemId="B143" CovItemPrefix="com.OriginalFiles.Analyze.java" Implct="true" Intrnl_Id="3027">
<Cond/>
<LocList/>
<StmntSeq Intrnl_Id="3028">
<LocList/>
</StmntSeq>
</Branch>
<Keyword EndOffset="20109" SrcFileId="8" StartOffset="20107"/>
<LocList>
<Loc EndOffset="20216" SrcFileId="8" StartOffset="20107"/>
</LocList>
<RootTerm CovItemId="C81" CovItemPrefix="com.OriginalFiles.Analyze.java" Intrnl_Id="3029">
<OpTerm BooleanOpId="10" Intrnl_Id="3030">
<OpTerm BooleanOpId="9" Intrnl_Id="3031">
<BasicBoolTerm Intrnl_Id="3032">
<LocList>
<Loc EndOffset="20121" SrcFileId="8" StartOffset="20112"/>
</LocList>
</BasicBoolTerm>
<LocList>
<Loc EndOffset="20112" SrcFileId="8" StartOffset="20111"/>
</LocList>
</OpTerm>
<OpTerm BooleanOpId="9" Intrnl_Id="3033">
<BasicBoolTerm Intrnl_Id="3034">
<LocList>
<Loc EndOffset="20155" SrcFileId="8" StartOffset="20126"/>
</LocList>
</BasicBoolTerm>
<LocList>
<Loc EndOffset="20126" SrcFileId="8" StartOffset="20125"/>
</LocList>
</OpTerm>
<LocList>
<Loc EndOffset="20124" SrcFileId="8" StartOffset="20122"/>
</LocList>
</OpTerm>
</RootTerm>
</CondStmnt>
</StmntSeq>
</Branch>
<Keyword EndOffset="19995" SrcFileId="8" StartOffset="19993"/>
<LocList>
<Loc EndOffset="20216" SrcFileId="8" StartOffset="19993"/>
</LocList>
<RootTerm CovItemId="C80" CovItemPrefix="com.OriginalFiles.Analyze.java" Intrnl_Id="3035">
<OpTerm BooleanOpId="10" Intrnl_Id="3036">
<BasicBoolTerm Intrnl_Id="3037">
<LocList>
<Loc EndOffset="20006" SrcFileId="8" StartOffset="19997"/>
</LocList>
</BasicBoolTerm>
<OpTerm BooleanOpId="9" Intrnl_Id="3038">
<BasicBoolTerm Intrnl_Id="3039">
<LocList>
<Loc EndOffset="20040" SrcFileId="8" StartOffset="20011"/>
</LocList>
</BasicBoolTerm>
<LocList>
<Loc EndOffset="20011" SrcFileId="8" StartOffset="20010"/>
</LocList>
</OpTerm>
<LocList>
<Loc EndOffset="20009" SrcFileId="8" StartOffset="20007"/>
</LocList>
</OpTerm>
</RootTerm>
</CondStmnt>
</StmntSeq>
</Branch>
<Branch CovItemId="B139" CovItemPrefix="com.OriginalFiles.Analyze.java" Implct="true" Intrnl_Id="3040">
<Cond/>
<LocList/>
<StmntSeq Intrnl_Id="3041">
<LocList/>
</StmntSeq>
</Branch>
<Keyword EndOffset="19934" SrcFileId="8" StartOffset="19932"/>
<LocList>
<Loc EndOffset="20235" SrcFileId="8" StartOffset="19932"/>
</LocList>
<RootTerm CovItemId="C79" CovItemPrefix="com.OriginalFiles.Analyze.java" Intrnl_Id="3042">
<OpTerm BooleanOpId="11" Intrnl_Id="3043">
<BasicBoolTerm Intrnl_Id="3044">
<LocList>
<Loc EndOffset="19950" SrcFileId="8" StartOffset="19936"/>
</LocList>
</BasicBoolTerm>
<BasicBoolTerm Intrnl_Id="3045">
<LocList>
<Loc EndOffset="19968" SrcFileId="8" StartOffset="19954"/>
</LocList>
</BasicBoolTerm>
<LocList>
<Loc EndOffset="19953" SrcFileId="8" StartOffset="19951"/>
</LocList>
</OpTerm>
</RootTerm>
</CondStmnt>
</StmntSeq>
</Branch>
<Branch CovItemId="B137" CovItemPrefix="com.OriginalFiles.Analyze.java" Implct="true" Intrnl_Id="3046">
<Cond/>
<LocList/>
<StmntSeq Intrnl_Id="3047">
<LocList/>
</StmntSeq>
</Branch>
<Keyword EndOffset="19604" SrcFileId="8" StartOffset="19602"/>
<LocList>
<Loc EndOffset="20250" SrcFileId="8" StartOffset="19602"/>
</LocList>
<RootTerm CovItemId="C78" CovItemPrefix="com.OriginalFiles.Analyze.java" Intrnl_Id="3048">
<OpTerm BooleanOpId="10" Intrnl_Id="3049">
<BasicBoolTerm Intrnl_Id="3050">
<LocList>
<Loc EndOffset="19637" SrcFileId="8" StartOffset="19606"/>
</LocList>
</BasicBoolTerm>
<BasicBoolTerm Intrnl_Id="3051">
<LocList>
<Loc EndOffset="19693" SrcFileId="8" StartOffset="19662"/>
</LocList>
</BasicBoolTerm>
<LocList>
<Loc EndOffset="19661" SrcFileId="8" StartOffset="19659"/>
</LocList>
</OpTerm>
</RootTerm>
</CondStmnt>
</StmntSeq>
</Branch>
<Branch CovItemId="B135" CovItemPrefix="com.OriginalFiles.Analyze.java" Implct="true" Intrnl_Id="3052">
<Cond/>
<LocList/>
<StmntSeq Intrnl_Id="3053">
<LocList/>
</StmntSeq>
</Branch>
<Keyword EndOffset="19527" SrcFileId="8" StartOffset="19525"/>
<LocList>
<Loc EndOffset="20261" SrcFileId="8" StartOffset="19525"/>
</LocList>
<RootTerm CovItemId="C77" CovItemPrefix="com.OriginalFiles.Analyze.java" Intrnl_Id="3054">
<OpTerm BooleanOpId="10" Intrnl_Id="3055">
<BasicBoolTerm Intrnl_Id="3056">
<LocList>
<Loc EndOffset="19555" SrcFileId="8" StartOffset="19529"/>
</LocList>
</BasicBoolTerm>
<BasicBoolTerm Intrnl_Id="3057">
<LocList>
<Loc EndOffset="19585" SrcFileId="8" StartOffset="19559"/>
</LocList>
</BasicBoolTerm>
<LocList>
<Loc EndOffset="19558" SrcFileId="8" StartOffset="19556"/>
</LocList>
</OpTerm>
</RootTerm>
</CondStmnt>
<BasicStmnt CovItemId="S250" CovItemPrefix="com.OriginalFiles.Analyze.java" Intrnl_Id="3058">
<LocList>
<Loc EndOffset="20280" SrcFileId="8" StartOffset="20271"/>
</LocList>
</BasicStmnt>
</StmntSeq>
</HierarchyLvl>
<HierarchyLvl HierarchyLvlId="1918" HierarchyLvlTypeId="14" Intrnl_Id="3059" Name="hasTheMove">
<Header>
<Loc EndOffset="20389" SrcFileId="8" StartOffset="20295"/>
</Header>
<LocList>
<Loc EndOffset="21144" SrcFileId="8" StartOffset="20295"/>
</LocList>
<StmntSeq Intrnl_Id="3060">
<LocList>
<Loc EndOffset="20420" SrcFileId="8" StartOffset="20401"/>
<Loc EndOffset="21114" SrcFileId="8" StartOffset="20430"/>
<Loc EndOffset="21137" SrcFileId="8" StartOffset="21124"/>
</LocList>
<BasicStmnt CovItemId="S251" CovItemPrefix="com.OriginalFiles.Analyze.java" Intrnl_Id="3061">
<LocList>
<Loc EndOffset="20420" SrcFileId="8" StartOffset="20401"/>
</LocList>
</BasicStmnt>
<CondStmnt CovItemId="S252" CovItemPrefix="com.OriginalFiles.Analyze.java" Intrnl_Id="3062">
<Branch CovItemId="B144" CovItemPrefix="com.OriginalFiles.Analyze.java" Implct="false" Intrnl_Id="3063">
<Cond/>
<LocList>
<Loc EndOffset="20943" SrcFileId="8" StartOffset="20462"/>
</LocList>
<StmntSeq Intrnl_Id="3064">
<LocList>
<Loc EndOffset="20543" SrcFileId="8" StartOffset="20477"/>
<Loc EndOffset="20578" SrcFileId="8" StartOffset="20559"/>
<Loc EndOffset="20845" SrcFileId="8" StartOffset="20594"/>
<Loc EndOffset="20932" SrcFileId="8" StartOffset="20861"/>
</LocList>
<CondStmnt CovItemId="S253" CovItemPrefix="com.OriginalFiles.Analyze.java" Intrnl_Id="3065">
<Branch CovItemId="B146" CovItemPrefix="com.OriginalFiles.Analyze.java" Implct="false" Intrnl_Id="3066">
<Cond/>
<LocList>
<Loc EndOffset="20543" SrcFileId="8" StartOffset="20494"/>
</LocList>
<StmntSeq Intrnl_Id="3067">
<LocList>
<Loc EndOffset="20528" SrcFileId="8" StartOffset="20513"/>
</LocList>
<BasicStmnt CovItemId="S254" CovItemPrefix="com.OriginalFiles.Analyze.java" Intrnl_Id="3068">
<LocList>
<Loc EndOffset="20528" SrcFileId="8" StartOffset="20513"/>
</LocList>
</BasicStmnt>
</StmntSeq>
</Branch>
<Branch CovItemId="B147" CovItemPrefix="com.OriginalFiles.Analyze.java" Implct="true" Intrnl_Id="3069">
<Cond/>
<LocList/>
<StmntSeq Intrnl_Id="3070">
<LocList/>
</StmntSeq>
</Branch>
<Keyword EndOffset="20479" SrcFileId="8" StartOffset="20477"/>
<LocList>
<Loc EndOffset="20543" SrcFileId="8" StartOffset="20477"/>
</LocList>
<RootTerm CovItemId="C83" CovItemPrefix="com.OriginalFiles.Analyze.java" Intrnl_Id="3071">
<OpTerm BooleanOpId="9" Intrnl_Id="3072">
<BasicBoolTerm Intrnl_Id="3073">
<LocList>
<Loc EndOffset="20492" SrcFileId="8" StartOffset="20482"/>
</LocList>
</BasicBoolTerm>
<LocList>
<Loc EndOffset="20482" SrcFileId="8" StartOffset="20481"/>
</LocList>
</OpTerm>
</RootTerm>
</CondStmnt>
<BasicStmnt CovItemId="S255" CovItemPrefix="com.OriginalFiles.Analyze.java" Intrnl_Id="3074">
<LocList>
<Loc EndOffset="20578" SrcFileId="8" StartOffset="20559"/>
</LocList>
</BasicStmnt>
<LoopStmnt CovItemId="S256" CovItemPrefix="com.OriginalFiles.Analyze.java" Intrnl_Id="3075" MltplExecId="L18-2" MltplExecPrefix="com.OriginalFiles.Analyze.java" NvrExecId="L18-0" NvrExecPrefix="com.OriginalFiles.Analyze.java" OnceExecutedId="L18-1" OnceExecutedPrefix="com.OriginalFiles.Analyze.java" OptBodyExec="true">
<StmntSeq Intrnl_Id="3076">
<LocList>
<Loc EndOffset="20830" SrcFileId="8" StartOffset="20653"/>
</LocList>
<LoopStmnt CovItemId="S257" CovItemPrefix="com.OriginalFiles.Analyze.java" Intrnl_Id="3077" MltplExecId="L19-2" MltplExecPrefix="com.OriginalFiles.Analyze.java" NvrExecId="L19-0" NvrExecPrefix="com.OriginalFiles.Analyze.java" OnceExecutedId="L19-1" OnceExecutedPrefix="com.OriginalFiles.Analyze.java" OptBodyExec="true">
<StmntSeq Intrnl_Id="3078">
<LocList>
<Loc EndOffset="20811" SrcFileId="8" StartOffset="20704"/>
</LocList>
<CondStmnt CovItemId="S258" CovItemPrefix="com.OriginalFiles.Analyze.java" Intrnl_Id="3079">
<Branch CovItemId="B148" CovItemPrefix="com.OriginalFiles.Analyze.java" Implct="false" Intrnl_Id="3080">
<Cond/>
<LocList>
<Loc EndOffset="20811" SrcFileId="8" StartOffset="20748"/>
</LocList>
<StmntSeq Intrnl_Id="3081">
<LocList>
<Loc EndOffset="20788" SrcFileId="8" StartOffset="20775"/>
</LocList>
<BasicStmnt CovItemId="S259" CovItemPrefix="com.OriginalFiles.Analyze.java" Intrnl_Id="3082">
<LocList>
<Loc EndOffset="20788" SrcFileId="8" StartOffset="20775"/>
</LocList>
</BasicStmnt>
</StmntSeq>
</Branch>
<Branch CovItemId="B149" CovItemPrefix="com.OriginalFiles.Analyze.java" Implct="true" Intrnl_Id="3083">
<Cond/>
<LocList/>
<StmntSeq Intrnl_Id="3084">
<LocList/>
</StmntSeq>
</Branch>
<Keyword EndOffset="20706" SrcFileId="8" StartOffset="20704"/>
<LocList>
<Loc EndOffset="20811" SrcFileId="8" StartOffset="20704"/>
</LocList>
<RootTerm CovItemId="C86" CovItemPrefix="com.OriginalFiles.Analyze.java" Intrnl_Id="3085">
<OpTerm BooleanOpId="9" Intrnl_Id="3086">
<BasicBoolTerm Intrnl_Id="3087">
<LocList>
<Loc EndOffset="20746" SrcFileId="8" StartOffset="20709"/>
</LocList>
</BasicBoolTerm>
<LocList>
<Loc EndOffset="20709" SrcFileId="8" StartOffset="20708"/>
</LocList>
</OpTerm>
</RootTerm>
</CondStmnt>
</StmntSeq>
<Keyword EndOffset="20656" SrcFileId="8" StartOffset="20653"/>
<LocList>
<Loc EndOffset="20830" SrcFileId="8" StartOffset="20653"/>
</LocList>
<RootTerm CovItemId="C85" CovItemPrefix="com.OriginalFiles.Analyze.java" Intrnl_Id="3088">
<BasicBoolTerm Intrnl_Id="3089">
<LocList>
<Loc EndOffset="20674" SrcFileId="8" StartOffset="20669"/>
</LocList>
</BasicBoolTerm>
</RootTerm>
</LoopStmnt>
</StmntSeq>
<Keyword EndOffset="20597" SrcFileId="8" StartOffset="20594"/>
<LocList>
<Loc EndOffset="20845" SrcFileId="8" StartOffset="20594"/>
</LocList>
<RootTerm CovItemId="C84" CovItemPrefix="com.OriginalFiles.Analyze.java" Intrnl_Id="3090">
<BasicBoolTerm Intrnl_Id="3091">
<LocList>
<Loc EndOffset="20624" SrcFileId="8" StartOffset="20619"/>
</LocList>
</BasicBoolTerm>
</RootTerm>
</LoopStmnt>
<CondStmnt CovItemId="S260" CovItemPrefix="com.OriginalFiles.Analyze.java" Intrnl_Id="3092">
<Branch CovItemId="B150" CovItemPrefix="com.OriginalFiles.Analyze.java" Implct="false" Intrnl_Id="3093">
<Cond/>
<LocList>
<Loc EndOffset="20932" SrcFileId="8" StartOffset="20886"/>
</LocList>
<StmntSeq Intrnl_Id="3094">
<LocList>
<Loc EndOffset="20917" SrcFileId="8" StartOffset="20905"/>
</LocList>
<BasicStmnt CovItemId="S261" CovItemPrefix="com.OriginalFiles.Analyze.java" Intrnl_Id="3095">
<LocList>
<Loc EndOffset="20917" SrcFileId="8" StartOffset="20905"/>
</LocList>
</BasicStmnt>
</StmntSeq>
</Branch>
<Branch CovItemId="B151" CovItemPrefix="com.OriginalFiles.Analyze.java" Implct="true" Intrnl_Id="3096">
<Cond/>
<LocList/>
<StmntSeq Intrnl_Id="3097">
<LocList/>
</StmntSeq>
</Branch>
<Keyword EndOffset="20863" SrcFileId="8" StartOffset="20861"/>
<LocList>
<Loc EndOffset="20932" SrcFileId="8" StartOffset="20861"/>
</LocList>
<RootTerm CovItemId="C87" CovItemPrefix="com.OriginalFiles.Analyze.java" Intrnl_Id="3098">
<BasicBoolTerm Intrnl_Id="3099">
<LocList>
<Loc EndOffset="20884" SrcFileId="8" StartOffset="20865"/>
</LocList>
</BasicBoolTerm>
</RootTerm>
</CondStmnt>
</StmntSeq>
</Branch>
<Branch CovItemId="B145" CovItemPrefix="com.OriginalFiles.Analyze.java" Implct="false" Intrnl_Id="3100">
<Cond>
<Loc EndOffset="20948" SrcFileId="8" StartOffset="20944"/>
</Cond>
<LocList>
<Loc EndOffset="21114" SrcFileId="8" StartOffset="20949"/>
</LocList>
<StmntSeq Intrnl_Id="3101">
<LocList>
<Loc EndOffset="21114" SrcFileId="8" StartOffset="20949"/>
</LocList>
<CondStmnt CovItemId="S262" CovItemPrefix="com.OriginalFiles.Analyze.java" Intrnl_Id="3102">
<Branch CovItemId="B152" CovItemPrefix="com.OriginalFiles.Analyze.java" Implct="false" Intrnl_Id="3103">
<Cond/>
<LocList>
<Loc EndOffset="21029" SrcFileId="8" StartOffset="20991"/>
</LocList>
<StmntSeq Intrnl_Id="3104">
<LocList>
<Loc EndOffset="21018" SrcFileId="8" StartOffset="21006"/>
</LocList>
<BasicStmnt CovItemId="S263" CovItemPrefix="com.OriginalFiles.Analyze.java" Intrnl_Id="3105">
<LocList>
<Loc EndOffset="21018" SrcFileId="8" StartOffset="21006"/>
</LocList>
</BasicStmnt>
</StmntSeq>
</Branch>
<Branch CovItemId="B153" CovItemPrefix="com.OriginalFiles.Analyze.java" Implct="false" Intrnl_Id="3106">
<Cond>
<Loc EndOffset="21034" SrcFileId="8" StartOffset="21030"/>
</Cond>
<LocList>
<Loc EndOffset="21114" SrcFileId="8" StartOffset="21035"/>
</LocList>
<StmntSeq Intrnl_Id="3107">
<LocList>
<Loc EndOffset="21114" SrcFileId="8" StartOffset="21035"/>
</LocList>
<CondStmnt CovItemId="S264" CovItemPrefix="com.OriginalFiles.Analyze.java" Intrnl_Id="3108">
<Branch CovItemId="B154" CovItemPrefix="com.OriginalFiles.Analyze.java" Implct="false" Intrnl_Id="3109">
<Cond/>
<LocList>
<Loc EndOffset="21114" SrcFileId="8" StartOffset="21076"/>
</LocList>
<StmntSeq Intrnl_Id="3110">
<LocList>
<Loc EndOffset="21103" SrcFileId="8" StartOffset="21091"/>
</LocList>
<BasicStmnt CovItemId="S265" CovItemPrefix="com.OriginalFiles.Analyze.java" Intrnl_Id="3111">
<LocList>
<Loc EndOffset="21103" SrcFileId="8" StartOffset="21091"/>
</LocList>
</BasicStmnt>
</StmntSeq>
</Branch>
<Branch CovItemId="B155" CovItemPrefix="com.OriginalFiles.Analyze.java" Implct="true" Intrnl_Id="3112">
<Cond/>
<LocList/>
<StmntSeq Intrnl_Id="3113">
<LocList/>
</StmntSeq>
</Branch>
<Keyword EndOffset="21037" SrcFileId="8" StartOffset="21035"/>
<LocList>
<Loc EndOffset="21114" SrcFileId="8" StartOffset="21035"/>
</LocList>
<RootTerm CovItemId="C89" CovItemPrefix="com.OriginalFiles.Analyze.java" Intrnl_Id="3114">
<OpTerm BooleanOpId="10" Intrnl_Id="3115">
<BasicBoolTerm Intrnl_Id="3116">
<LocList>
<Loc EndOffset="21049" SrcFileId="8" StartOffset="21039"/>
</LocList>
</BasicBoolTerm>
<BasicBoolTerm Intrnl_Id="3117">
<LocList>
<Loc EndOffset="21074" SrcFileId="8" StartOffset="21053"/>
</LocList>
</BasicBoolTerm>
<LocList>
<Loc EndOffset="21052" SrcFileId="8" StartOffset="21050"/>
</LocList>
</OpTerm>
</RootTerm>
</CondStmnt>
</StmntSeq>
</Branch>
<Keyword EndOffset="20951" SrcFileId="8" StartOffset="20949"/>
<LocList>
<Loc EndOffset="21114" SrcFileId="8" StartOffset="20949"/>
</LocList>
<RootTerm CovItemId="C88" CovItemPrefix="com.OriginalFiles.Analyze.java" Intrnl_Id="3118">
<OpTerm BooleanOpId="10" Intrnl_Id="3119">
<OpTerm BooleanOpId="9" Intrnl_Id="3120">
<BasicBoolTerm Intrnl_Id="3121">
<LocList>
<Loc EndOffset="20964" SrcFileId="8" StartOffset="20954"/>
</LocList>
</BasicBoolTerm>
<LocList>
<Loc EndOffset="20954" SrcFileId="8" StartOffset="20953"/>
</LocList>
</OpTerm>
<BasicBoolTerm Intrnl_Id="3122">
<LocList>
<Loc EndOffset="20989" SrcFileId="8" StartOffset="20968"/>
</LocList>
</BasicBoolTerm>
<LocList>
<Loc EndOffset="20967" SrcFileId="8" StartOffset="20965"/>
</LocList>
</OpTerm>
</RootTerm>
</CondStmnt>
</StmntSeq>
</Branch>
<Keyword EndOffset="20432" SrcFileId="8" StartOffset="20430"/>
<LocList>
<Loc EndOffset="21114" SrcFileId="8" StartOffset="20430"/>
</LocList>
<RootTerm CovItemId="C82" CovItemPrefix="com.OriginalFiles.Analyze.java" Intrnl_Id="3123">
<BasicBoolTerm Intrnl_Id="3124">
<LocList>
<Loc EndOffset="20460" SrcFileId="8" StartOffset="20434"/>
</LocList>
</BasicBoolTerm>
</RootTerm>
</CondStmnt>
<BasicStmnt CovItemId="S266" CovItemPrefix="com.OriginalFiles.Analyze.java" Intrnl_Id="3125">
<LocList>
<Loc EndOffset="21137" SrcFileId="8" StartOffset="21124"/>
</LocList>
</BasicStmnt>
</StmntSeq>
</HierarchyLvl>
<HierarchyLvl HierarchyLvlId="1919" HierarchyLvlTypeId="14" Intrnl_Id="3126" Name="isOnDoubleCorners">
<Header>
<Loc EndOffset="21203" SrcFileId="8" StartOffset="21152"/>
</Header>
<LocList>
<Loc EndOffset="21512" SrcFileId="8" StartOffset="21152"/>
</LocList>
<StmntSeq Intrnl_Id="3127">
<LocList>
<Loc EndOffset="21482" SrcFileId="8" StartOffset="21215"/>
<Loc EndOffset="21505" SrcFileId="8" StartOffset="21492"/>
</LocList>
<CondStmnt CovItemId="S267" CovItemPrefix="com.OriginalFiles.Analyze.java" Intrnl_Id="3128">
<Branch CovItemId="B156" CovItemPrefix="com.OriginalFiles.Analyze.java" Implct="false" Intrnl_Id="3129">
<Cond/>
<LocList>
<Loc EndOffset="21482" SrcFileId="8" StartOffset="21444"/>
</LocList>
<StmntSeq Intrnl_Id="3130">
<LocList>
<Loc EndOffset="21471" SrcFileId="8" StartOffset="21459"/>
</LocList>
<BasicStmnt CovItemId="S268" CovItemPrefix="com.OriginalFiles.Analyze.java" Intrnl_Id="3131">
<LocList>
<Loc EndOffset="21471" SrcFileId="8" StartOffset="21459"/>
</LocList>
</BasicStmnt>
</StmntSeq>
</Branch>
<Branch CovItemId="B157" CovItemPrefix="com.OriginalFiles.Analyze.java" Implct="true" Intrnl_Id="3132">
<Cond/>
<LocList/>
<StmntSeq Intrnl_Id="3133">
<LocList/>
</StmntSeq>
</Branch>
<Keyword EndOffset="21217" SrcFileId="8" StartOffset="21215"/>
<LocList>
<Loc EndOffset="21482" SrcFileId="8" StartOffset="21215"/>
</LocList>
<RootTerm CovItemId="C90" CovItemPrefix="com.OriginalFiles.Analyze.java" Intrnl_Id="3134">
<OpTerm BooleanOpId="11" Intrnl_Id="3135">
<OpTerm BooleanOpId="11" Intrnl_Id="3136">
<OpTerm BooleanOpId="11" Intrnl_Id="3137">
<OpTerm BooleanOpId="10" Intrnl_Id="3138">
<BasicBoolTerm Intrnl_Id="3139">
<LocList>
<Loc EndOffset="21237" SrcFileId="8" StartOffset="21220"/>
</LocList>
</BasicBoolTerm>
<BasicBoolTerm Intrnl_Id="3140">
<LocList>
<Loc EndOffset="21258" SrcFileId="8" StartOffset="21241"/>
</LocList>
</BasicBoolTerm>
<LocList>
<Loc EndOffset="21240" SrcFileId="8" StartOffset="21238"/>
</LocList>
</OpTerm>
<OpTerm BooleanOpId="10" Intrnl_Id="3141">
<BasicBoolTerm Intrnl_Id="3142">
<LocList>
<Loc EndOffset="21298" SrcFileId="8" StartOffset="21281"/>
</LocList>
</BasicBoolTerm>
<BasicBoolTerm Intrnl_Id="3143">
<LocList>
<Loc EndOffset="21319" SrcFileId="8" StartOffset="21302"/>
</LocList>
</BasicBoolTerm>
<LocList>
<Loc EndOffset="21301" SrcFileId="8" StartOffset="21299"/>
</LocList>
</OpTerm>
<LocList>
<Loc EndOffset="21279" SrcFileId="8" StartOffset="21277"/>
</LocList>
</OpTerm>
<OpTerm BooleanOpId="10" Intrnl_Id="3144">
<BasicBoolTerm Intrnl_Id="3145">
<LocList>
<Loc EndOffset="21359" SrcFileId="8" StartOffset="21342"/>
</LocList>
</BasicBoolTerm>
<BasicBoolTerm Intrnl_Id="3146">
<LocList>
<Loc EndOffset="21380" SrcFileId="8" StartOffset="21363"/>
</LocList>
</BasicBoolTerm>
<LocList>
<Loc EndOffset="21362" SrcFileId="8" StartOffset="21360"/>
</LocList>
</OpTerm>
<LocList>
<Loc EndOffset="21340" SrcFileId="8" StartOffset="21338"/>
</LocList>
</OpTerm>
<OpTerm BooleanOpId="10" Intrnl_Id="3147">
<BasicBoolTerm Intrnl_Id="3148">
<LocList>
<Loc EndOffset="21420" SrcFileId="8" StartOffset="21403"/>
</LocList>
</BasicBoolTerm>
<BasicBoolTerm Intrnl_Id="3149">
<LocList>
<Loc EndOffset="21441" SrcFileId="8" StartOffset="21424"/>
</LocList>
</BasicBoolTerm>
<LocList>
<Loc EndOffset="21423" SrcFileId="8" StartOffset="21421"/>
</LocList>
</OpTerm>
<LocList>
<Loc EndOffset="21401" SrcFileId="8" StartOffset="21399"/>
</LocList>
</OpTerm>
</RootTerm>
</CondStmnt>
<BasicStmnt CovItemId="S269" CovItemPrefix="com.OriginalFiles.Analyze.java" Intrnl_Id="3150">
<LocList>
<Loc EndOffset="21505" SrcFileId="8" StartOffset="21492"/>
</LocList>
</BasicStmnt>
</StmntSeq>
</HierarchyLvl>
<HierarchyLvl HierarchyLvlId="1920" HierarchyLvlTypeId="14" Intrnl_Id="3151" Name="cleanUp">
<Header>
<Loc EndOffset="21578" SrcFileId="8" StartOffset="21520"/>
</Header>
<LocList>
<Loc EndOffset="22212" SrcFileId="8" StartOffset="21520"/>
</LocList>
<StmntSeq Intrnl_Id="3152">
<LocList>
<Loc EndOffset="21784" SrcFileId="8" StartOffset="21590"/>
<Loc EndOffset="21993" SrcFileId="8" StartOffset="21796"/>
<Loc EndOffset="22205" SrcFileId="8" StartOffset="22005"/>
</LocList>
<LoopStmnt CovItemId="S270" CovItemPrefix="com.OriginalFiles.Analyze.java" Intrnl_Id="3153" MltplExecId="L20-2" MltplExecPrefix="com.OriginalFiles.Analyze.java" NvrExecId="L20-0" NvrExecPrefix="com.OriginalFiles.Analyze.java" OnceExecutedId="L20-1" OnceExecutedPrefix="com.OriginalFiles.Analyze.java" OptBodyExec="true">
<StmntSeq Intrnl_Id="3154">
<LocList>
<Loc EndOffset="21773" SrcFileId="8" StartOffset="21646"/>
</LocList>
<LoopStmnt CovItemId="S271" CovItemPrefix="com.OriginalFiles.Analyze.java" Intrnl_Id="3155" MltplExecId="L21-2" MltplExecPrefix="com.OriginalFiles.Analyze.java" NvrExecId="L21-0" NvrExecPrefix="com.OriginalFiles.Analyze.java" OnceExecutedId="L21-1" OnceExecutedPrefix="com.OriginalFiles.Analyze.java" OptBodyExec="true">
<StmntSeq Intrnl_Id="3156">
<LocList>
<Loc EndOffset="21758" SrcFileId="8" StartOffset="21684"/>
</LocList>
<CondStmnt CovItemId="S272" CovItemPrefix="com.OriginalFiles.Analyze.java" Intrnl_Id="3157">
<Branch CovItemId="B158" CovItemPrefix="com.OriginalFiles.Analyze.java" Implct="false" Intrnl_Id="3158">
<Cond/>
<LocList>
<Loc EndOffset="21758" SrcFileId="8" StartOffset="21702"/>
</LocList>
<StmntSeq Intrnl_Id="3159">
<LocList>
<Loc EndOffset="21739" SrcFileId="8" StartOffset="21725"/>
</LocList>
<BasicStmnt CovItemId="S273" CovItemPrefix="com.OriginalFiles.Analyze.java" Intrnl_Id="3160">
<LocList>
<Loc EndOffset="21739" SrcFileId="8" StartOffset="21725"/>
</LocList>
</BasicStmnt>
</StmntSeq>
</Branch>
<Branch CovItemId="B159" CovItemPrefix="com.OriginalFiles.Analyze.java" Implct="true" Intrnl_Id="3161">
<Cond/>
<LocList/>
<StmntSeq Intrnl_Id="3162">
<LocList/>
</StmntSeq>
</Branch>
<Keyword EndOffset="21686" SrcFileId="8" StartOffset="21684"/>
<LocList>
<Loc EndOffset="21758" SrcFileId="8" StartOffset="21684"/>
</LocList>
<RootTerm CovItemId="C91" CovItemPrefix="com.OriginalFiles.Analyze.java" Intrnl_Id="3163">
<OpTerm BooleanOpId="9" Intrnl_Id="3164">
<BasicBoolTerm Intrnl_Id="3165">
<LocList>
<Loc EndOffset="21700" SrcFileId="8" StartOffset="21689"/>
</LocList>
</BasicBoolTerm>
<LocList>
<Loc EndOffset="21689" SrcFileId="8" StartOffset="21688"/>
</LocList>
</OpTerm>
</RootTerm>
</CondStmnt>
</StmntSeq>
<Keyword EndOffset="21649" SrcFileId="8" StartOffset="21646"/>
<LocList>
<Loc EndOffset="21773" SrcFileId="8" StartOffset="21646"/>
</LocList>
</LoopStmnt>
</StmntSeq>
<Keyword EndOffset="21593" SrcFileId="8" StartOffset="21590"/>
<LocList>
<Loc EndOffset="21784" SrcFileId="8" StartOffset="21590"/>
</LocList>
</LoopStmnt>
<LoopStmnt CovItemId="S274" CovItemPrefix="com.OriginalFiles.Analyze.java" Intrnl_Id="3166" MltplExecId="L22-2" MltplExecPrefix="com.OriginalFiles.Analyze.java" NvrExecId="L22-0" NvrExecPrefix="com.OriginalFiles.Analyze.java" OnceExecutedId="L22-1" OnceExecutedPrefix="com.OriginalFiles.Analyze.java" OptBodyExec="true">
<StmntSeq Intrnl_Id="3167">
<LocList>
<Loc EndOffset="21982" SrcFileId="8" StartOffset="21855"/>
</LocList>
<LoopStmnt CovItemId="S275" CovItemPrefix="com.OriginalFiles.Analyze.java" Intrnl_Id="3168" MltplExecId="L23-2" MltplExecPrefix="com.OriginalFiles.Analyze.java" NvrExecId="L23-0" NvrExecPrefix="com.OriginalFiles.Analyze.java" OnceExecutedId="L23-1" OnceExecutedPrefix="com.OriginalFiles.Analyze.java" OptBodyExec="true">
<StmntSeq Intrnl_Id="3169">
<LocList>
<Loc EndOffset="21967" SrcFileId="8" StartOffset="21893"/>
</LocList>
<CondStmnt CovItemId="S276" CovItemPrefix="com.OriginalFiles.Analyze.java" Intrnl_Id="3170">
<Branch CovItemId="B160" CovItemPrefix="com.OriginalFiles.Analyze.java" Implct="false" Intrnl_Id="3171">
<Cond/>
<LocList>
<Loc EndOffset="21967" SrcFileId="8" StartOffset="21911"/>
</LocList>
<StmntSeq Intrnl_Id="3172">
<LocList>
<Loc EndOffset="21948" SrcFileId="8" StartOffset="21934"/>
</LocList>
<BasicStmnt CovItemId="S277" CovItemPrefix="com.OriginalFiles.Analyze.java" Intrnl_Id="3173">
<LocList>
<Loc EndOffset="21948" SrcFileId="8" StartOffset="21934"/>
</LocList>
</BasicStmnt>
</StmntSeq>
</Branch>
<Branch CovItemId="B161" CovItemPrefix="com.OriginalFiles.Analyze.java" Implct="true" Intrnl_Id="3174">
<Cond/>
<LocList/>
<StmntSeq Intrnl_Id="3175">
<LocList/>
</StmntSeq>
</Branch>
<Keyword EndOffset="21895" SrcFileId="8" StartOffset="21893"/>
<LocList>
<Loc EndOffset="21967" SrcFileId="8" StartOffset="21893"/>
</LocList>
<RootTerm CovItemId="C92" CovItemPrefix="com.OriginalFiles.Analyze.java" Intrnl_Id="3176">
<OpTerm BooleanOpId="9" Intrnl_Id="3177">
<BasicBoolTerm Intrnl_Id="3178">
<LocList>
<Loc EndOffset="21909" SrcFileId="8" StartOffset="21898"/>
</LocList>
</BasicBoolTerm>
<LocList>
<Loc EndOffset="21898" SrcFileId="8" StartOffset="21897"/>
</LocList>
</OpTerm>
</RootTerm>
</CondStmnt>
</StmntSeq>
<Keyword EndOffset="21858" SrcFileId="8" StartOffset="21855"/>
<LocList>
<Loc EndOffset="21982" SrcFileId="8" StartOffset="21855"/>
</LocList>
</LoopStmnt>
</StmntSeq>
<Keyword EndOffset="21799" SrcFileId="8" StartOffset="21796"/>
<LocList>
<Loc EndOffset="21993" SrcFileId="8" StartOffset="21796"/>
</LocList>
</LoopStmnt>
<LoopStmnt CovItemId="S278" CovItemPrefix="com.OriginalFiles.Analyze.java" Intrnl_Id="3179" MltplExecId="L24-2" MltplExecPrefix="com.OriginalFiles.Analyze.java" NvrExecId="L24-0" NvrExecPrefix="com.OriginalFiles.Analyze.java" OnceExecutedId="L24-1" OnceExecutedPrefix="com.OriginalFiles.Analyze.java" OptBodyExec="true">
<StmntSeq Intrnl_Id="3180">
<LocList>
<Loc EndOffset="22194" SrcFileId="8" StartOffset="22067"/>
</LocList>
<LoopStmnt CovItemId="S279" CovItemPrefix="com.OriginalFiles.Analyze.java" Intrnl_Id="3181" MltplExecId="L25-2" MltplExecPrefix="com.OriginalFiles.Analyze.java" NvrExecId="L25-0" NvrExecPrefix="com.OriginalFiles.Analyze.java" OnceExecutedId="L25-1" OnceExecutedPrefix="com.OriginalFiles.Analyze.java" OptBodyExec="true">
<StmntSeq Intrnl_Id="3182">
<LocList>
<Loc EndOffset="22179" SrcFileId="8" StartOffset="22105"/>
</LocList>
<CondStmnt CovItemId="S280" CovItemPrefix="com.OriginalFiles.Analyze.java" Intrnl_Id="3183">
<Branch CovItemId="B162" CovItemPrefix="com.OriginalFiles.Analyze.java" Implct="false" Intrnl_Id="3184">
<Cond/>
<LocList>
<Loc EndOffset="22179" SrcFileId="8" StartOffset="22123"/>
</LocList>
<StmntSeq Intrnl_Id="3185">
<LocList>
<Loc EndOffset="22160" SrcFileId="8" StartOffset="22146"/>
</LocList>
<BasicStmnt CovItemId="S281" CovItemPrefix="com.OriginalFiles.Analyze.java" Intrnl_Id="3186">
<LocList>
<Loc EndOffset="22160" SrcFileId="8" StartOffset="22146"/>
</LocList>
</BasicStmnt>
</StmntSeq>
</Branch>
<Branch CovItemId="B163" CovItemPrefix="com.OriginalFiles.Analyze.java" Implct="true" Intrnl_Id="3187">
<Cond/>
<LocList/>
<StmntSeq Intrnl_Id="3188">
<LocList/>
</StmntSeq>
</Branch>
<Keyword EndOffset="22107" SrcFileId="8" StartOffset="22105"/>
<LocList>
<Loc EndOffset="22179" SrcFileId="8" StartOffset="22105"/>
</LocList>
<RootTerm CovItemId="C93" CovItemPrefix="com.OriginalFiles.Analyze.java" Intrnl_Id="3189">
<OpTerm BooleanOpId="9" Intrnl_Id="3190">
<BasicBoolTerm Intrnl_Id="3191">
<LocList>
<Loc EndOffset="22121" SrcFileId="8" StartOffset="22110"/>
</LocList>
</BasicBoolTerm>
<LocList>
<Loc EndOffset="22110" SrcFileId="8" StartOffset="22109"/>
</LocList>
</OpTerm>
</RootTerm>
</CondStmnt>
</StmntSeq>
<Keyword EndOffset="22070" SrcFileId="8" StartOffset="22067"/>
<LocList>
<Loc EndOffset="22194" SrcFileId="8" StartOffset="22067"/>
</LocList>
</LoopStmnt>
</StmntSeq>
<Keyword EndOffset="22008" SrcFileId="8" StartOffset="22005"/>
<LocList>
<Loc EndOffset="22205" SrcFileId="8" StartOffset="22005"/>
</LocList>
</LoopStmnt>
</StmntSeq>
</HierarchyLvl>
<HierarchyLvl HierarchyLvlId="1921" HierarchyLvlTypeId="14" Intrnl_Id="3192" Name="placePiece">
<Header>
<Loc EndOffset="22293" SrcFileId="8" StartOffset="22220"/>
</Header>
<LocList>
<Loc EndOffset="22599" SrcFileId="8" StartOffset="22220"/>
</LocList>
<StmntSeq Intrnl_Id="3193">
<LocList>
<Loc EndOffset="22592" SrcFileId="8" StartOffset="22305"/>
</LocList>
<CondStmnt CovItemId="S282" CovItemPrefix="com.OriginalFiles.Analyze.java" Intrnl_Id="3194">
<Branch CovItemId="B164" CovItemPrefix="com.OriginalFiles.Analyze.java" Implct="false" Intrnl_Id="3195">
<Cond/>
<LocList>
<Loc EndOffset="22403" SrcFileId="8" StartOffset="22350"/>
</LocList>
<StmntSeq Intrnl_Id="3196">
<LocList>
<Loc EndOffset="22392" SrcFileId="8" StartOffset="22365"/>
</LocList>
<BasicStmnt CovItemId="S283" CovItemPrefix="com.OriginalFiles.Analyze.java" Intrnl_Id="3197">
<LocList>
<Loc EndOffset="22392" SrcFileId="8" StartOffset="22365"/>
</LocList>
</BasicStmnt>
</StmntSeq>
</Branch>
<Branch CovItemId="B165" CovItemPrefix="com.OriginalFiles.Analyze.java" Implct="false" Intrnl_Id="3198">
<Cond>
<Loc EndOffset="22408" SrcFileId="8" StartOffset="22404"/>
</Cond>
<LocList>
<Loc EndOffset="22592" SrcFileId="8" StartOffset="22409"/>
</LocList>
<StmntSeq Intrnl_Id="3199">
<LocList>
<Loc EndOffset="22581" SrcFileId="8" StartOffset="22424"/>
</LocList>
<CondStmnt CovItemId="S284" CovItemPrefix="com.OriginalFiles.Analyze.java" Intrnl_Id="3200">
<Branch CovItemId="B166" CovItemPrefix="com.OriginalFiles.Analyze.java" Implct="false" Intrnl_Id="3201">
<Cond/>
<LocList>
<Loc EndOffset="22516" SrcFileId="8" StartOffset="22475"/>
</LocList>
<StmntSeq Intrnl_Id="3202">
<LocList>
<Loc EndOffset="22501" SrcFileId="8" StartOffset="22494"/>
</LocList>
<BasicStmnt CovItemId="S285" CovItemPrefix="com.OriginalFiles.Analyze.java" Intrnl_Id="3203">
<LocList>
<Loc EndOffset="22501" SrcFileId="8" StartOffset="22494"/>
</LocList>
</BasicStmnt>
</StmntSeq>
</Branch>
<Branch CovItemId="B167" CovItemPrefix="com.OriginalFiles.Analyze.java" Implct="false" Intrnl_Id="3204">
<Cond>
<Loc EndOffset="22521" SrcFileId="8" StartOffset="22517"/>
</Cond>
<LocList>
<Loc EndOffset="22581" SrcFileId="8" StartOffset="22522"/>
</LocList>
<StmntSeq Intrnl_Id="3205">
<LocList>
<Loc EndOffset="22566" SrcFileId="8" StartOffset="22541"/>
</LocList>
<BasicStmnt CovItemId="S286" CovItemPrefix="com.OriginalFiles.Analyze.java" Intrnl_Id="3206">
<LocList>
<Loc EndOffset="22566" SrcFileId="8" StartOffset="22541"/>
</LocList>
</BasicStmnt>
</StmntSeq>
</Branch>
<Keyword EndOffset="22426" SrcFileId="8" StartOffset="22424"/>
<LocList>
<Loc EndOffset="22581" SrcFileId="8" StartOffset="22424"/>
</LocList>
<RootTerm CovItemId="C95" CovItemPrefix="com.OriginalFiles.Analyze.java" Intrnl_Id="3207">
<BasicBoolTerm Intrnl_Id="3208">
<LocList>
<Loc EndOffset="22473" SrcFileId="8" StartOffset="22428"/>
</LocList>
</BasicBoolTerm>
</RootTerm>
</CondStmnt>
</StmntSeq>
</Branch>
<Keyword EndOffset="22307" SrcFileId="8" StartOffset="22305"/>
<LocList>
<Loc EndOffset="22592" SrcFileId="8" StartOffset="22305"/>
</LocList>
<RootTerm CovItemId="C94" CovItemPrefix="com.OriginalFiles.Analyze.java" Intrnl_Id="3209">
<BasicBoolTerm Intrnl_Id="3210">
<LocList>
<Loc EndOffset="22348" SrcFileId="8" StartOffset="22309"/>
</LocList>
</BasicBoolTerm>
</RootTerm>
</CondStmnt>
</StmntSeq>
</HierarchyLvl>
<HierarchyLvl HierarchyLvlId="1922" HierarchyLvlTypeId="14" Intrnl_Id="3211" Name="movePeasent">
<Header>
<Loc EndOffset="22681" SrcFileId="8" StartOffset="22607"/>
</Header>
<LocList>
<Loc EndOffset="23875" SrcFileId="8" StartOffset="22607"/>
</LocList>
<StmntSeq Intrnl_Id="3212">
<LocList>
<Loc EndOffset="23868" SrcFileId="8" StartOffset="22693"/>
</LocList>
<CondStmnt CovItemId="S287" CovItemPrefix="com.OriginalFiles.Analyze.java" Intrnl_Id="3213">
<Branch CovItemId="B168" CovItemPrefix="com.OriginalFiles.Analyze.java" Implct="false" Intrnl_Id="3214">
<Cond/>
<LocList>
<Loc EndOffset="23277" SrcFileId="8" StartOffset="22783"/>
</LocList>
<StmntSeq Intrnl_Id="3215">
<LocList>
<Loc EndOffset="23266" SrcFileId="8" StartOffset="22798"/>
</LocList>
<LoopStmnt CovItemId="S288" CovItemPrefix="com.OriginalFiles.Analyze.java" Intrnl_Id="3216" MltplExecId="L26-2" MltplExecPrefix="com.OriginalFiles.Analyze.java" NvrExecId="L26-0" NvrExecPrefix="com.OriginalFiles.Analyze.java" OnceExecutedId="L26-1" OnceExecutedPrefix="com.OriginalFiles.Analyze.java" OptBodyExec="true">
<StmntSeq Intrnl_Id="3217">
<LocList>
<Loc EndOffset="23251" SrcFileId="8" StartOffset="22857"/>
</LocList>
<LoopStmnt CovItemId="S289" CovItemPrefix="com.OriginalFiles.Analyze.java" Intrnl_Id="3218" MltplExecId="L27-2" MltplExecPrefix="com.OriginalFiles.Analyze.java" NvrExecId="L27-0" NvrExecPrefix="com.OriginalFiles.Analyze.java" OnceExecutedId="L27-1" OnceExecutedPrefix="com.OriginalFiles.Analyze.java" OptBodyExec="true">
<StmntSeq Intrnl_Id="3219">
<LocList>
<Loc EndOffset="23232" SrcFileId="8" StartOffset="22909"/>
</LocList>
<CondStmnt CovItemId="S290" CovItemPrefix="com.OriginalFiles.Analyze.java" Intrnl_Id="3220">
<Branch CovItemId="B170" CovItemPrefix="com.OriginalFiles.Analyze.java" Implct="false" Intrnl_Id="3221">
<Cond/>
<LocList>
<Loc EndOffset="23232" SrcFileId="8" StartOffset="23025"/>
</LocList>
<StmntSeq Intrnl_Id="3222">
<LocList>
<Loc EndOffset="23167" SrcFileId="8" StartOffset="23052"/>
<Loc EndOffset="23209" SrcFileId="8" StartOffset="23193"/>
</LocList>
<BasicStmnt CovItemId="S291" CovItemPrefix="com.OriginalFiles.Analyze.java" Intrnl_Id="3223">
<LocList>
<Loc EndOffset="23167" SrcFileId="8" StartOffset="23052"/>
</LocList>
</BasicStmnt>
<BasicStmnt CovItemId="S292" CovItemPrefix="com.OriginalFiles.Analyze.java" Intrnl_Id="3224">
<LocList>
<Loc EndOffset="23209" SrcFileId="8" StartOffset="23193"/>
</LocList>
</BasicStmnt>
</StmntSeq>
</Branch>
<Branch CovItemId="B171" CovItemPrefix="com.OriginalFiles.Analyze.java" Implct="true" Intrnl_Id="3225">
<Cond/>
<LocList/>
<StmntSeq Intrnl_Id="3226">
<LocList/>
</StmntSeq>
</Branch>
<Keyword EndOffset="22911" SrcFileId="8" StartOffset="22909"/>
<LocList>
<Loc EndOffset="23232" SrcFileId="8" StartOffset="22909"/>
</LocList>
<RootTerm CovItemId="C99" CovItemPrefix="com.OriginalFiles.Analyze.java" Intrnl_Id="3227">
<OpTerm BooleanOpId="10" Intrnl_Id="3228">
<BasicBoolTerm Intrnl_Id="3229">
<LocList>
<Loc EndOffset="22950" SrcFileId="8" StartOffset="22913"/>
</LocList>
</BasicBoolTerm>
<BasicBoolTerm Intrnl_Id="3230">
<LocList>
<Loc EndOffset="23023" SrcFileId="8" StartOffset="22983"/>
</LocList>
</BasicBoolTerm>
<LocList>
<Loc EndOffset="22982" SrcFileId="8" StartOffset="22980"/>
</LocList>
</OpTerm>
</RootTerm>
</CondStmnt>
</StmntSeq>
<Keyword EndOffset="22860" SrcFileId="8" StartOffset="22857"/>
<LocList>
<Loc EndOffset="23251" SrcFileId="8" StartOffset="22857"/>
</LocList>
<RootTerm CovItemId="C98" CovItemPrefix="com.OriginalFiles.Analyze.java" Intrnl_Id="3231">
<BasicBoolTerm Intrnl_Id="3232">
<LocList>
<Loc EndOffset="22879" SrcFileId="8" StartOffset="22873"/>
</LocList>
</BasicBoolTerm>
</RootTerm>
</LoopStmnt>
</StmntSeq>
<Keyword EndOffset="22812" SrcFileId="8" StartOffset="22809"/>
<LocList>
<Loc EndOffset="23266" SrcFileId="8" StartOffset="22798"/>
</LocList>
<RootTerm CovItemId="C97" CovItemPrefix="com.OriginalFiles.Analyze.java" Intrnl_Id="3233">
<BasicBoolTerm Intrnl_Id="3234">
<LocList>
<Loc EndOffset="22831" SrcFileId="8" StartOffset="22825"/>
</LocList>
</BasicBoolTerm>
</RootTerm>
</LoopStmnt>
</StmntSeq>
</Branch>
<Branch CovItemId="B169" CovItemPrefix="com.OriginalFiles.Analyze.java" Implct="false" Intrnl_Id="3235">
<Cond>
<Loc EndOffset="23282" SrcFileId="8" StartOffset="23278"/>
</Cond>
<LocList>
<Loc EndOffset="23868" SrcFileId="8" StartOffset="23283"/>
</LocList>
<StmntSeq Intrnl_Id="3236">
<LocList>
<Loc EndOffset="23868" SrcFileId="8" StartOffset="23283"/>
</LocList>
<CondStmnt CovItemId="S293" CovItemPrefix="com.OriginalFiles.Analyze.java" Intrnl_Id="3237">
<Branch CovItemId="B172" CovItemPrefix="com.OriginalFiles.Analyze.java" Implct="false" Intrnl_Id="3238">
<Cond/>
<LocList>
<Loc EndOffset="23868" SrcFileId="8" StartOffset="23374"/>
</LocList>
<StmntSeq Intrnl_Id="3239">
<LocList>
<Loc EndOffset="23857" SrcFileId="8" StartOffset="23389"/>
</LocList>
<LoopStmnt CovItemId="S294" CovItemPrefix="com.OriginalFiles.Analyze.java" Intrnl_Id="3240" MltplExecId="L28-2" MltplExecPrefix="com.OriginalFiles.Analyze.java" NvrExecId="L28-0" NvrExecPrefix="com.OriginalFiles.Analyze.java" OnceExecutedId="L28-1" OnceExecutedPrefix="com.OriginalFiles.Analyze.java" OptBodyExec="true">
<StmntSeq Intrnl_Id="3241">
<LocList>
<Loc EndOffset="23842" SrcFileId="8" StartOffset="23448"/>
</LocList>
<LoopStmnt CovItemId="S295" CovItemPrefix="com.OriginalFiles.Analyze.java" Intrnl_Id="3242" MltplExecId="L29-2" MltplExecPrefix="com.OriginalFiles.Analyze.java" NvrExecId="L29-0" NvrExecPrefix="com.OriginalFiles.Analyze.java" OnceExecutedId="L29-1" OnceExecutedPrefix="com.OriginalFiles.Analyze.java" OptBodyExec="true">
<StmntSeq Intrnl_Id="3243">
<LocList>
<Loc EndOffset="23823" SrcFileId="8" StartOffset="23500"/>
</LocList>
<CondStmnt CovItemId="S296" CovItemPrefix="com.OriginalFiles.Analyze.java" Intrnl_Id="3244">
<Branch CovItemId="B174" CovItemPrefix="com.OriginalFiles.Analyze.java" Implct="false" Intrnl_Id="3245">
<Cond/>
<LocList>
<Loc EndOffset="23823" SrcFileId="8" StartOffset="23616"/>
</LocList>
<StmntSeq Intrnl_Id="3246">
<LocList>
<Loc EndOffset="23758" SrcFileId="8" StartOffset="23643"/>
<Loc EndOffset="23800" SrcFileId="8" StartOffset="23784"/>
</LocList>
<BasicStmnt CovItemId="S297" CovItemPrefix="com.OriginalFiles.Analyze.java" Intrnl_Id="3247">
<LocList>
<Loc EndOffset="23758" SrcFileId="8" StartOffset="23643"/>
</LocList>
</BasicStmnt>
<BasicStmnt CovItemId="S298" CovItemPrefix="com.OriginalFiles.Analyze.java" Intrnl_Id="3248">
<LocList>
<Loc EndOffset="23800" SrcFileId="8" StartOffset="23784"/>
</LocList>
</BasicStmnt>
</StmntSeq>
</Branch>
<Branch CovItemId="B175" CovItemPrefix="com.OriginalFiles.Analyze.java" Implct="true" Intrnl_Id="3249">
<Cond/>
<LocList/>
<StmntSeq Intrnl_Id="3250">
<LocList/>
</StmntSeq>
</Branch>
<Keyword EndOffset="23502" SrcFileId="8" StartOffset="23500"/>
<LocList>
<Loc EndOffset="23823" SrcFileId="8" StartOffset="23500"/>
</LocList>
<RootTerm CovItemId="C103" CovItemPrefix="com.OriginalFiles.Analyze.java" Intrnl_Id="3251">
<OpTerm BooleanOpId="10" Intrnl_Id="3252">
<BasicBoolTerm Intrnl_Id="3253">
<LocList>
<Loc EndOffset="23541" SrcFileId="8" StartOffset="23504"/>
</LocList>
</BasicBoolTerm>
<BasicBoolTerm Intrnl_Id="3254">
<LocList>
<Loc EndOffset="23614" SrcFileId="8" StartOffset="23574"/>
</LocList>
</BasicBoolTerm>
<LocList>
<Loc EndOffset="23573" SrcFileId="8" StartOffset="23571"/>
</LocList>
</OpTerm>
</RootTerm>
</CondStmnt>
</StmntSeq>
<Keyword EndOffset="23451" SrcFileId="8" StartOffset="23448"/>
<LocList>
<Loc EndOffset="23842" SrcFileId="8" StartOffset="23448"/>
</LocList>
<RootTerm CovItemId="C102" CovItemPrefix="com.OriginalFiles.Analyze.java" Intrnl_Id="3255">
<BasicBoolTerm Intrnl_Id="3256">
<LocList>
<Loc EndOffset="23470" SrcFileId="8" StartOffset="23464"/>
</LocList>
</BasicBoolTerm>
</RootTerm>
</LoopStmnt>
</StmntSeq>
<Keyword EndOffset="23403" SrcFileId="8" StartOffset="23400"/>
<LocList>
<Loc EndOffset="23857" SrcFileId="8" StartOffset="23389"/>
</LocList>
<RootTerm CovItemId="C101" CovItemPrefix="com.OriginalFiles.Analyze.java" Intrnl_Id="3257">
<BasicBoolTerm Intrnl_Id="3258">
<LocList>
<Loc EndOffset="23422" SrcFileId="8" StartOffset="23416"/>
</LocList>
</BasicBoolTerm>
</RootTerm>
</LoopStmnt>
</StmntSeq>
</Branch>
<Branch CovItemId="B173" CovItemPrefix="com.OriginalFiles.Analyze.java" Implct="true" Intrnl_Id="3259">
<Cond/>
<LocList/>
<StmntSeq Intrnl_Id="3260">
<LocList/>
</StmntSeq>
</Branch>
<Keyword EndOffset="23285" SrcFileId="8" StartOffset="23283"/>
<LocList>
<Loc EndOffset="23868" SrcFileId="8" StartOffset="23283"/>
</LocList>
<RootTerm CovItemId="C100" CovItemPrefix="com.OriginalFiles.Analyze.java" Intrnl_Id="3261">
<BasicBoolTerm Intrnl_Id="3262">
<LocList>
<Loc EndOffset="23372" SrcFileId="8" StartOffset="23287"/>
</LocList>
</BasicBoolTerm>
</RootTerm>
</CondStmnt>
</StmntSeq>
</Branch>
<Keyword EndOffset="22695" SrcFileId="8" StartOffset="22693"/>
<LocList>
<Loc EndOffset="23868" SrcFileId="8" StartOffset="22693"/>
</LocList>
<RootTerm CovItemId="C96" CovItemPrefix="com.OriginalFiles.Analyze.java" Intrnl_Id="3263">
<BasicBoolTerm Intrnl_Id="3264">
<LocList>
<Loc EndOffset="22781" SrcFileId="8" StartOffset="22697"/>
</LocList>
</BasicBoolTerm>
</RootTerm>
</CondStmnt>
</StmntSeq>
</HierarchyLvl>
<HierarchyLvl HierarchyLvlId="1923" HierarchyLvlTypeId="14" Intrnl_Id="3265" Name="moveToKingRow">
<Header>
<Loc EndOffset="23972" SrcFileId="8" StartOffset="23883"/>
</Header>
<LocList>
<Loc EndOffset="24968" SrcFileId="8" StartOffset="23883"/>
</LocList>
<StmntSeq Intrnl_Id="3266">
<LocList>
<Loc EndOffset="24961" SrcFileId="8" StartOffset="23984"/>
</LocList>
<CondStmnt CovItemId="S299" CovItemPrefix="com.OriginalFiles.Analyze.java" Intrnl_Id="3267">
<Branch CovItemId="B176" CovItemPrefix="com.OriginalFiles.Analyze.java" Implct="false" Intrnl_Id="3268">
<Cond/>
<LocList>
<Loc EndOffset="24473" SrcFileId="8" StartOffset="24075"/>
</LocList>
<StmntSeq Intrnl_Id="3269">
<LocList>
<Loc EndOffset="24100" SrcFileId="8" StartOffset="24090"/>
<Loc EndOffset="24462" SrcFileId="8" StartOffset="24114"/>
</LocList>
<BasicStmnt CovItemId="S300" CovItemPrefix="com.OriginalFiles.Analyze.java" Intrnl_Id="3270">
<LocList>
<Loc EndOffset="24100" SrcFileId="8" StartOffset="24090"/>
</LocList>
</BasicStmnt>
<LoopStmnt CovItemId="S301" CovItemPrefix="com.OriginalFiles.Analyze.java" Intrnl_Id="3271" MltplExecId="L30-2" MltplExecPrefix="com.OriginalFiles.Analyze.java" NvrExecId="L30-0" NvrExecPrefix="com.OriginalFiles.Analyze.java" OnceExecutedId="L30-1" OnceExecutedPrefix="com.OriginalFiles.Analyze.java" OptBodyExec="true">
<StmntSeq Intrnl_Id="3272">
<LocList>
<Loc EndOffset="24425" SrcFileId="8" StartOffset="24150"/>
<Loc EndOffset="24447" SrcFileId="8" StartOffset="24443"/>
</LocList>
<CondStmnt CovItemId="S302" CovItemPrefix="com.OriginalFiles.Analyze.java" Intrnl_Id="3273">
<Branch CovItemId="B178" CovItemPrefix="com.OriginalFiles.Analyze.java" Implct="false" Intrnl_Id="3274">
<Cond/>
<LocList>
<Loc EndOffset="24425" SrcFileId="8" StartOffset="24195"/>
</LocList>
<StmntSeq Intrnl_Id="3275">
<LocList>
<Loc EndOffset="24377" SrcFileId="8" StartOffset="24265"/>
<Loc EndOffset="24406" SrcFileId="8" StartOffset="24399"/>
</LocList>
<BasicStmnt CovItemId="S303" CovItemPrefix="com.OriginalFiles.Analyze.java" Intrnl_Id="3276">
<LocList>
<Loc EndOffset="24377" SrcFileId="8" StartOffset="24265"/>
</LocList>
</BasicStmnt>
<BasicStmnt CovItemId="S304" CovItemPrefix="com.OriginalFiles.Analyze.java" Intrnl_Id="3277">
<LocList>
<Loc EndOffset="24406" SrcFileId="8" StartOffset="24399"/>
</LocList>
</BasicStmnt>
</StmntSeq>
</Branch>
<Branch CovItemId="B179" CovItemPrefix="com.OriginalFiles.Analyze.java" Implct="true" Intrnl_Id="3278">
<Cond/>
<LocList/>
<StmntSeq Intrnl_Id="3279">
<LocList/>
</StmntSeq>
</Branch>
<Keyword EndOffset="24152" SrcFileId="8" StartOffset="24150"/>
<LocList>
<Loc EndOffset="24425" SrcFileId="8" StartOffset="24150"/>
</LocList>
<RootTerm CovItemId="C106" CovItemPrefix="com.OriginalFiles.Analyze.java" Intrnl_Id="3280">
<BasicBoolTerm Intrnl_Id="3281">
<LocList>
<Loc EndOffset="24193" SrcFileId="8" StartOffset="24154"/>
</LocList>
</BasicBoolTerm>
</RootTerm>
</CondStmnt>
<BasicStmnt CovItemId="S305" CovItemPrefix="com.OriginalFiles.Analyze.java" Intrnl_Id="3282">
<LocList>
<Loc EndOffset="24447" SrcFileId="8" StartOffset="24443"/>
</LocList>
</BasicStmnt>
</StmntSeq>
<Keyword EndOffset="24119" SrcFileId="8" StartOffset="24114"/>
<LocList>
<Loc EndOffset="24462" SrcFileId="8" StartOffset="24114"/>
</LocList>
<RootTerm CovItemId="C105" CovItemPrefix="com.OriginalFiles.Analyze.java" Intrnl_Id="3283">
<OpTerm BooleanOpId="9" Intrnl_Id="3284">
<BasicBoolTerm Intrnl_Id="3285">
<LocList>
<Loc EndOffset="24128" SrcFileId="8" StartOffset="24123"/>
</LocList>
</BasicBoolTerm>
<LocList>
<Loc EndOffset="24122" SrcFileId="8" StartOffset="24121"/>
</LocList>
</OpTerm>
</RootTerm>
</LoopStmnt>
</StmntSeq>
</Branch>
<Branch CovItemId="B177" CovItemPrefix="com.OriginalFiles.Analyze.java" Implct="false" Intrnl_Id="3286">
<Cond>
<Loc EndOffset="24478" SrcFileId="8" StartOffset="24474"/>
</Cond>
<LocList>
<Loc EndOffset="24961" SrcFileId="8" StartOffset="24479"/>
</LocList>
<StmntSeq Intrnl_Id="3287">
<LocList>
<Loc EndOffset="24961" SrcFileId="8" StartOffset="24479"/>
</LocList>
<CondStmnt CovItemId="S306" CovItemPrefix="com.OriginalFiles.Analyze.java" Intrnl_Id="3288">
<Branch CovItemId="B180" CovItemPrefix="com.OriginalFiles.Analyze.java" Implct="false" Intrnl_Id="3289">
<Cond/>
<LocList>
<Loc EndOffset="24961" SrcFileId="8" StartOffset="24569"/>
</LocList>
<StmntSeq Intrnl_Id="3290">
<LocList>
<Loc EndOffset="24594" SrcFileId="8" StartOffset="24584"/>
<Loc EndOffset="24950" SrcFileId="8" StartOffset="24608"/>
</LocList>
<BasicStmnt CovItemId="S307" CovItemPrefix="com.OriginalFiles.Analyze.java" Intrnl_Id="3291">
<LocList>
<Loc EndOffset="24594" SrcFileId="8" StartOffset="24584"/>
</LocList>
</BasicStmnt>
<LoopStmnt CovItemId="S308" CovItemPrefix="com.OriginalFiles.Analyze.java" Intrnl_Id="3292" MltplExecId="L31-2" MltplExecPrefix="com.OriginalFiles.Analyze.java" NvrExecId="L31-0" NvrExecPrefix="com.OriginalFiles.Analyze.java" OnceExecutedId="L31-1" OnceExecutedPrefix="com.OriginalFiles.Analyze.java" OptBodyExec="true">
<StmntSeq Intrnl_Id="3293">
<LocList>
<Loc EndOffset="24913" SrcFileId="8" StartOffset="24644"/>
<Loc EndOffset="24935" SrcFileId="8" StartOffset="24931"/>
</LocList>
<CondStmnt CovItemId="S309" CovItemPrefix="com.OriginalFiles.Analyze.java" Intrnl_Id="3294">
<Branch CovItemId="B182" CovItemPrefix="com.OriginalFiles.Analyze.java" Implct="false" Intrnl_Id="3295">
<Cond/>
<LocList>
<Loc EndOffset="24913" SrcFileId="8" StartOffset="24686"/>
</LocList>
<StmntSeq Intrnl_Id="3296">
<LocList>
<Loc EndOffset="24865" SrcFileId="8" StartOffset="24756"/>
<Loc EndOffset="24894" SrcFileId="8" StartOffset="24887"/>
</LocList>
<BasicStmnt CovItemId="S310" CovItemPrefix="com.OriginalFiles.Analyze.java" Intrnl_Id="3297">
<LocList>
<Loc EndOffset="24865" SrcFileId="8" StartOffset="24756"/>
</LocList>
</BasicStmnt>
<BasicStmnt CovItemId="S311" CovItemPrefix="com.OriginalFiles.Analyze.java" Intrnl_Id="3298">
<LocList>
<Loc EndOffset="24894" SrcFileId="8" StartOffset="24887"/>
</LocList>
</BasicStmnt>
</StmntSeq>
</Branch>
<Branch CovItemId="B183" CovItemPrefix="com.OriginalFiles.Analyze.java" Implct="true" Intrnl_Id="3299">
<Cond/>
<LocList/>
<StmntSeq Intrnl_Id="3300">
<LocList/>
</StmntSeq>
</Branch>
<Keyword EndOffset="24646" SrcFileId="8" StartOffset="24644"/>
<LocList>
<Loc EndOffset="24913" SrcFileId="8" StartOffset="24644"/>
</LocList>
<RootTerm CovItemId="C109" CovItemPrefix="com.OriginalFiles.Analyze.java" Intrnl_Id="3301">
<BasicBoolTerm Intrnl_Id="3302">
<LocList>
<Loc EndOffset="24684" SrcFileId="8" StartOffset="24648"/>
</LocList>
</BasicBoolTerm>
</RootTerm>
</CondStmnt>
<BasicStmnt CovItemId="S312" CovItemPrefix="com.OriginalFiles.Analyze.java" Intrnl_Id="3303">
<LocList>
<Loc EndOffset="24935" SrcFileId="8" StartOffset="24931"/>
</LocList>
</BasicStmnt>
</StmntSeq>
<Keyword EndOffset="24613" SrcFileId="8" StartOffset="24608"/>
<LocList>
<Loc EndOffset="24950" SrcFileId="8" StartOffset="24608"/>
</LocList>
<RootTerm CovItemId="C108" CovItemPrefix="com.OriginalFiles.Analyze.java" Intrnl_Id="3304">
<OpTerm BooleanOpId="9" Intrnl_Id="3305">
<BasicBoolTerm Intrnl_Id="3306">
<LocList>
<Loc EndOffset="24622" SrcFileId="8" StartOffset="24617"/>
</LocList>
</BasicBoolTerm>
<LocList>
<Loc EndOffset="24616" SrcFileId="8" StartOffset="24615"/>
</LocList>
</OpTerm>
</RootTerm>
</LoopStmnt>
</StmntSeq>
</Branch>
<Branch CovItemId="B181" CovItemPrefix="com.OriginalFiles.Analyze.java" Implct="true" Intrnl_Id="3307">
<Cond/>
<LocList/>
<StmntSeq Intrnl_Id="3308">
<LocList/>
</StmntSeq>
</Branch>
<Keyword EndOffset="24481" SrcFileId="8" StartOffset="24479"/>
<LocList>
<Loc EndOffset="24961" SrcFileId="8" StartOffset="24479"/>
</LocList>
<RootTerm CovItemId="C107" CovItemPrefix="com.OriginalFiles.Analyze.java" Intrnl_Id="3309">
<BasicBoolTerm Intrnl_Id="3310">
<LocList>
<Loc EndOffset="24567" SrcFileId="8" StartOffset="24483"/>
</LocList>
</BasicBoolTerm>
</RootTerm>
</CondStmnt>
</StmntSeq>
</Branch>
<Keyword EndOffset="23986" SrcFileId="8" StartOffset="23984"/>
<LocList>
<Loc EndOffset="24961" SrcFileId="8" StartOffset="23984"/>
</LocList>
<RootTerm CovItemId="C104" CovItemPrefix="com.OriginalFiles.Analyze.java" Intrnl_Id="3311">
<BasicBoolTerm Intrnl_Id="3312">
<LocList>
<Loc EndOffset="24073" SrcFileId="8" StartOffset="23988"/>
</LocList>
</BasicBoolTerm>
</RootTerm>
</CondStmnt>
</StmntSeq>
</HierarchyLvl>
<HierarchyLvl HierarchyLvlId="1924" HierarchyLvlTypeId="14" Intrnl_Id="3313" Name="isInCorrectEnd">
<Header>
<Loc EndOffset="25026" SrcFileId="8" StartOffset="24976"/>
</Header>
<LocList>
<Loc EndOffset="25327" SrcFileId="8" StartOffset="24976"/>
</LocList>
<StmntSeq Intrnl_Id="3314">
<LocList>
<Loc EndOffset="25320" SrcFileId="8" StartOffset="25038"/>
</LocList>
<BasicStmnt CovItemId="S313" CovItemPrefix="com.OriginalFiles.Analyze.java" Intrnl_Id="3315">
<LocList>
<Loc EndOffset="25320" SrcFileId="8" StartOffset="25038"/>
</LocList>
</BasicStmnt>
</StmntSeq>
</HierarchyLvl>
</HierarchyLvl>
</HierarchyLvl>
</HierarchyLvl>
</HierarchyLvl>
</MASTRoot>
<TestSession Comment="" Date="1386063803006" Name="03-12-2013 10:43:22">
<TestCase Comment="" Date="1386063802753" Name="com.Testing.AnalyzeTest:testCheckMotorCalibration">
<CovList>
<CovPrefix CovItemPrefix="com.OriginalFiles.Analyze.java">
<Cov CovItemId="B1" Value="32"/>
<Cov CovItemId="B10" Value="32"/>
<Cov CovItemId="B107" Value="64"/>
<Cov CovItemId="B108" Value="125"/>
<Cov CovItemId="B11" Value="32"/>
<Cov CovItemId="B110" Value="125"/>
<Cov CovItemId="B111" Value="34"/>
<Cov CovItemId="B112" Value="91"/>
<Cov CovItemId="B114" Value="91"/>
<Cov CovItemId="B115" Value="57"/>
<Cov CovItemId="B116" Value="17"/>
<Cov CovItemId="B120" Value="148"/>
<Cov CovItemId="B121" Value="4588"/>
<Cov CovItemId="B122" Value="91"/>
<Cov CovItemId="B123" Value="57"/>
<Cov CovItemId="B124" Value="91"/>
<Cov CovItemId="B126" Value="57"/>
<Cov CovItemId="B127" Value="91"/>
<Cov CovItemId="B128" Value="57"/>
<Cov CovItemId="B13" Value="25"/>
<Cov CovItemId="B130" Value="17"/>
<Cov CovItemId="B131" Value="57"/>
<Cov CovItemId="B133" Value="57"/>
<Cov CovItemId="B134" Value="57"/>
<Cov CovItemId="B136" Value="57"/>
<Cov CovItemId="B139" Value="57"/>
<Cov CovItemId="B14" Value="7"/>
<Cov CovItemId="B157" Value="114"/>
<Cov CovItemId="B16" Value="25"/>
<Cov CovItemId="B17" Value="25"/>
<Cov CovItemId="B19" Value="7"/>
<Cov CovItemId="B2" Value="10"/>
<Cov CovItemId="B20" Value="25"/>
<Cov CovItemId="B21" Value="3"/>
<Cov CovItemId="B22" Value="4"/>
<Cov CovItemId="B23" Value="3"/>
<Cov CovItemId="B24" Value="1"/>
<Cov CovItemId="B26" Value="25"/>
<Cov CovItemId="B3" Value="25"/>
<Cov CovItemId="B31" Value="25"/>
<Cov CovItemId="B33" Value="25"/>
<Cov CovItemId="B35" Value="13"/>
<Cov CovItemId="B36" Value="12"/>
<Cov CovItemId="B37" Value="13"/>
<Cov CovItemId="B4" Value="7"/>
<Cov CovItemId="B40" Value="12"/>
<Cov CovItemId="B43" Value="12"/>
<Cov CovItemId="B46" Value="12"/>
<Cov CovItemId="B49" Value="12"/>
<Cov CovItemId="B5" Value="2"/>
<Cov CovItemId="B51" Value="12"/>
<Cov CovItemId="B53" Value="25"/>
<Cov CovItemId="B55" Value="25"/>
<Cov CovItemId="B57" Value="25"/>
<Cov CovItemId="B59" Value="25"/>
<Cov CovItemId="B6" Value="30"/>
<Cov CovItemId="B61" Value="75"/>
<Cov CovItemId="B62" Value="25"/>
<Cov CovItemId="B64" Value="100"/>
<Cov CovItemId="B7" Value="64"/>
<Cov CovItemId="B8" Value="1984"/>
<Cov CovItemId="B84" Value="25"/>
<Cov CovItemId="B9" Value="32"/>
<Cov CovItemId="B96" Value="32"/>
<Cov CovItemId="L1-2" Value="32"/>
<Cov CovItemId="L16-2" Value="74"/>
<Cov CovItemId="L17-2" Value="592"/>
<Cov CovItemId="L2-2" Value="256"/>
<Cov CovItemId="L3-1" Value="32"/>
<Cov CovItemId="L4-2" Value="25"/>
<Cov CovItemId="S10" Value="32"/>
<Cov CovItemId="S11" Value="32"/>
<Cov CovItemId="S12" Value="32"/>
<Cov CovItemId="S13" Value="32"/>
<Cov CovItemId="S14" Value="32"/>
<Cov CovItemId="S149" Value="25"/>
<Cov CovItemId="S15" Value="25"/>
<Cov CovItemId="S16" Value="17"/>
<Cov CovItemId="S168" Value="32"/>
<Cov CovItemId="S17" Value="32"/>
<Cov CovItemId="S18" Value="32"/>
<Cov CovItemId="S19" Value="2"/>
<Cov CovItemId="S199" Value="189"/>
<Cov CovItemId="S20" Value="2"/>
<Cov CovItemId="S200" Value="189"/>
<Cov CovItemId="S201" Value="189"/>
<Cov CovItemId="S202" Value="189"/>
<Cov CovItemId="S203" Value="189"/>
<Cov CovItemId="S204" Value="64"/>
<Cov CovItemId="S205" Value="125"/>
<Cov CovItemId="S207" Value="125"/>
<Cov CovItemId="S208" Value="34"/>
<Cov CovItemId="S209" Value="91"/>
<Cov CovItemId="S21" Value="32"/>
<Cov CovItemId="S211" Value="91"/>
<Cov CovItemId="S212" Value="74"/>
<Cov CovItemId="S213" Value="57"/>
<Cov CovItemId="S214" Value="17"/>
<Cov CovItemId="S215" Value="17"/>
<Cov CovItemId="S22" Value="32"/>
<Cov CovItemId="S221" Value="74"/>
<Cov CovItemId="S222" Value="74"/>
<Cov CovItemId="S223" Value="74"/>
<Cov CovItemId="S224" Value="74"/>
<Cov CovItemId="S225" Value="74"/>
<Cov CovItemId="S226" Value="74"/>
<Cov CovItemId="S227" Value="592"/>
<Cov CovItemId="S228" Value="4736"/>
<Cov CovItemId="S229" Value="148"/>
<Cov CovItemId="S23" Value="256"/>
<Cov CovItemId="S230" Value="91"/>
<Cov CovItemId="S231" Value="91"/>
<Cov CovItemId="S232" Value="91"/>
<Cov CovItemId="S233" Value="148"/>
<Cov CovItemId="S234" Value="57"/>
<Cov CovItemId="S235" Value="57"/>
<Cov CovItemId="S236" Value="57"/>
<Cov CovItemId="S237" Value="74"/>
<Cov CovItemId="S238" Value="17"/>
<Cov CovItemId="S239" Value="57"/>
<Cov CovItemId="S24" Value="2048"/>
<Cov CovItemId="S241" Value="57"/>
<Cov CovItemId="S242" Value="57"/>
<Cov CovItemId="S243" Value="57"/>
<Cov CovItemId="S244" Value="57"/>
<Cov CovItemId="S245" Value="57"/>
<Cov CovItemId="S25" Value="64"/>
<Cov CovItemId="S250" Value="57"/>
<Cov CovItemId="S26" Value="32"/>
<Cov CovItemId="S267" Value="114"/>
<Cov CovItemId="S269" Value="114"/>
<Cov CovItemId="S27" Value="32"/>
<Cov CovItemId="S28" Value="32"/>
<Cov CovItemId="S29" Value="32"/>
<Cov CovItemId="S30" Value="32"/>
<Cov CovItemId="S31" Value="32"/>
<Cov CovItemId="S32" Value="32"/>
<Cov CovItemId="S33" Value="32"/>
<Cov CovItemId="S34" Value="32"/>
<Cov CovItemId="S35" Value="25"/>
<Cov CovItemId="S37" Value="25"/>
<Cov CovItemId="S38" Value="25"/>
<Cov CovItemId="S39" Value="7"/>
<Cov CovItemId="S40" Value="32"/>
<Cov CovItemId="S41" Value="7"/>
<Cov CovItemId="S42" Value="3"/>
<Cov CovItemId="S43" Value="3"/>
<Cov CovItemId="S44" Value="3"/>
<Cov CovItemId="S45" Value="4"/>
<Cov CovItemId="S46" Value="3"/>
<Cov CovItemId="S47" Value="3"/>
<Cov CovItemId="S48" Value="3"/>
<Cov CovItemId="S49" Value="3"/>
<Cov CovItemId="S50" Value="1"/>
<Cov CovItemId="S51" Value="25"/>
<Cov CovItemId="S52" Value="25"/>
<Cov CovItemId="S57" Value="25"/>
<Cov CovItemId="S58" Value="25"/>
<Cov CovItemId="S59" Value="25"/>
<Cov CovItemId="S6" Value="42"/>
<Cov CovItemId="S60" Value="25"/>
<Cov CovItemId="S61" Value="25"/>
<Cov CovItemId="S62" Value="13"/>
<Cov CovItemId="S63" Value="13"/>
<Cov CovItemId="S64" Value="13"/>
<Cov CovItemId="S66" Value="12"/>
<Cov CovItemId="S7" Value="32"/>
<Cov CovItemId="S71" Value="12"/>
<Cov CovItemId="S72" Value="12"/>
<Cov CovItemId="S77" Value="12"/>
<Cov CovItemId="S78" Value="12"/>
<Cov CovItemId="S79" Value="12"/>
<Cov CovItemId="S8" Value="32"/>
<Cov CovItemId="S80" Value="12"/>
<Cov CovItemId="S83" Value="25"/>
<Cov CovItemId="S84" Value="25"/>
<Cov CovItemId="S85" Value="25"/>
<Cov CovItemId="S86" Value="25"/>
<Cov CovItemId="S87" Value="25"/>
<Cov CovItemId="S88" Value="25"/>
<Cov CovItemId="S89" Value="25"/>
<Cov CovItemId="S9" Value="32"/>
<Cov CovItemId="S90" Value="25"/>
<Cov CovItemId="S91" Value="25"/>
<Cov CovItemId="S92" Value="25"/>
<Cov CovItemId="S93" Value="25"/>
<Cov CovItemId="S94" Value="100"/>
<Cov CovItemId="S95" Value="75"/>
<Cov CovItemId="S96" Value="100"/>
<Cov CovItemId="S98" Value="25"/>
</CovPrefix>
<CovPrefix CovItemPrefix="com.OriginalFiles.Board.java">
<Cov CovItemId="B28" Value="75"/>
<Cov CovItemId="B31" Value="25"/>
<Cov CovItemId="B33" Value="25"/>
<Cov CovItemId="B36" Value="25"/>
<Cov CovItemId="B37" Value="25"/>
<Cov CovItemId="B39" Value="93"/>
<Cov CovItemId="B41" Value="1173"/>
<Cov CovItemId="B44" Value="278"/>
<Cov CovItemId="B45" Value="278"/>
<Cov CovItemId="B47" Value="278"/>
<Cov CovItemId="B49" Value="278"/>
<Cov CovItemId="B51" Value="278"/>
<Cov CovItemId="B53" Value="278"/>
<Cov CovItemId="B56" Value="1112"/>
<Cov CovItemId="B57" Value="962"/>
<Cov CovItemId="B58" Value="150"/>
<Cov CovItemId="B59" Value="962"/>
<Cov CovItemId="B62" Value="962"/>
<Cov CovItemId="B63" Value="4448"/>
<Cov CovItemId="B64" Value="4448"/>
<Cov CovItemId="B65" Value="278"/>
<Cov CovItemId="B66" Value="4170"/>
<Cov CovItemId="B67" Value="114"/>
<Cov CovItemId="B68" Value="164"/>
<Cov CovItemId="B71" Value="4"/>
<Cov CovItemId="B72" Value="4"/>
<Cov CovItemId="B73" Value="16"/>
<Cov CovItemId="B74" Value="16"/>
<Cov CovItemId="B75" Value="16"/>
<Cov CovItemId="B76" Value="16"/>
<Cov CovItemId="B77" Value="30"/>
<Cov CovItemId="B78" Value="2"/>
<Cov CovItemId="B79" Value="1700"/>
<Cov CovItemId="B81" Value="663"/>
<Cov CovItemId="B82" Value="1037"/>
<Cov CovItemId="B83" Value="227"/>
<Cov CovItemId="B84" Value="652"/>
<Cov CovItemId="B85" Value="204"/>
<Cov CovItemId="B86" Value="448"/>
<Cov CovItemId="L10-2" Value="2224"/>
<Cov CovItemId="L11-1" Value="32"/>
<Cov CovItemId="L12-0" Value="32"/>
<Cov CovItemId="L13-2" Value="139"/>
<Cov CovItemId="L14-2" Value="1112"/>
<Cov CovItemId="L15-2" Value="1"/>
<Cov CovItemId="L16-2" Value="4"/>
<Cov CovItemId="L17-2" Value="4"/>
<Cov CovItemId="L9-2" Value="278"/>
<Cov CovItemId="S100" Value="25"/>
<Cov CovItemId="S102" Value="25"/>
<Cov CovItemId="S104" Value="25"/>
<Cov CovItemId="S105" Value="25"/>
<Cov CovItemId="S106" Value="25"/>
<Cov CovItemId="S107" Value="25"/>
<Cov CovItemId="S108" Value="25"/>
<Cov CovItemId="S109" Value="25"/>
<Cov CovItemId="S110" Value="61"/>
<Cov CovItemId="S111" Value="93"/>
<Cov CovItemId="S112" Value="93"/>
<Cov CovItemId="S113" Value="93"/>
<Cov CovItemId="S115" Value="1173"/>
<Cov CovItemId="S116" Value="1173"/>
<Cov CovItemId="S118" Value="278"/>
<Cov CovItemId="S119" Value="278"/>
<Cov CovItemId="S121" Value="278"/>
<Cov CovItemId="S122" Value="278"/>
<Cov CovItemId="S123" Value="278"/>
<Cov CovItemId="S124" Value="278"/>
<Cov CovItemId="S125" Value="278"/>
<Cov CovItemId="S126" Value="278"/>
<Cov CovItemId="S127" Value="278"/>
<Cov CovItemId="S128" Value="278"/>
<Cov CovItemId="S129" Value="278"/>
<Cov CovItemId="S130" Value="278"/>
<Cov CovItemId="S131" Value="278"/>
<Cov CovItemId="S132" Value="278"/>
<Cov CovItemId="S133" Value="278"/>
<Cov CovItemId="S134" Value="278"/>
<Cov CovItemId="S135" Value="1112"/>
<Cov CovItemId="S137" Value="1112"/>
<Cov CovItemId="S138" Value="962"/>
<Cov CovItemId="S139" Value="962"/>
<Cov CovItemId="S141" Value="1112"/>
<Cov CovItemId="S142" Value="1112"/>
<Cov CovItemId="S143" Value="139"/>
<Cov CovItemId="S144" Value="139"/>
<Cov CovItemId="S145" Value="1112"/>
<Cov CovItemId="S146" Value="8896"/>
<Cov CovItemId="S147" Value="4448"/>
<Cov CovItemId="S148" Value="278"/>
<Cov CovItemId="S149" Value="114"/>
<Cov CovItemId="S150" Value="164"/>
<Cov CovItemId="S151" Value="139"/>
<Cov CovItemId="S157" Value="1"/>
<Cov CovItemId="S158" Value="1"/>
<Cov CovItemId="S159" Value="8"/>
<Cov CovItemId="S160" Value="4"/>
<Cov CovItemId="S161" Value="32"/>
<Cov CovItemId="S162" Value="16"/>
<Cov CovItemId="S163" Value="4"/>
<Cov CovItemId="S164" Value="4"/>
<Cov CovItemId="S165" Value="32"/>
<Cov CovItemId="S166" Value="16"/>
<Cov CovItemId="S167" Value="4"/>
<Cov CovItemId="S168" Value="1"/>
<Cov CovItemId="S169" Value="32"/>
<Cov CovItemId="S170" Value="32"/>
<Cov CovItemId="S171" Value="30"/>
<Cov CovItemId="S172" Value="2"/>
<Cov CovItemId="S173" Value="2"/>
<Cov CovItemId="S174" Value="2"/>
<Cov CovItemId="S175" Value="2"/>
<Cov CovItemId="S176" Value="1700"/>
<Cov CovItemId="S177" Value="1700"/>
<Cov CovItemId="S178" Value="663"/>
<Cov CovItemId="S179" Value="1037"/>
<Cov CovItemId="S180" Value="879"/>
<Cov CovItemId="S181" Value="227"/>
<Cov CovItemId="S182" Value="652"/>
<Cov CovItemId="S183" Value="204"/>
<Cov CovItemId="S184" Value="448"/>
<Cov CovItemId="S185" Value="4442"/>
<Cov CovItemId="S61" Value="278"/>
<Cov CovItemId="S62" Value="2224"/>
<Cov CovItemId="S63" Value="17792"/>
<Cov CovItemId="S64" Value="32"/>
<Cov CovItemId="S65" Value="32"/>
<Cov CovItemId="S66" Value="32"/>
<Cov CovItemId="S67" Value="32"/>
<Cov CovItemId="S68" Value="32"/>
<Cov CovItemId="S76" Value="32"/>
<Cov CovItemId="S77" Value="32"/>
<Cov CovItemId="S94" Value="75"/>
<Cov CovItemId="S97" Value="75"/>
<Cov CovItemId="S98" Value="25"/>
<Cov CovItemId="S99" Value="25"/>
</CovPrefix>
<CovPrefix CovItemPrefix="com.OriginalFiles.Field.java">
<Cov CovItemId="B1" Value="99"/>
<Cov CovItemId="B2" Value="46"/>
<Cov CovItemId="S1" Value="176"/>
<Cov CovItemId="S13" Value="409"/>
<Cov CovItemId="S2" Value="176"/>
<Cov CovItemId="S5" Value="145"/>
<Cov CovItemId="S6" Value="145"/>
<Cov CovItemId="S7" Value="99"/>
<Cov CovItemId="S8" Value="7043"/>
<Cov CovItemId="S9" Value="9827"/>
</CovPrefix>
<CovPrefix CovItemPrefix="com.OriginalFiles.Piece.java">
<Cov CovItemId="B1" Value="35"/>
<Cov CovItemId="B10" Value="46"/>
<Cov CovItemId="B11" Value="91"/>
<Cov CovItemId="B12" Value="16"/>
<Cov CovItemId="B13" Value="35"/>
<Cov CovItemId="B14" Value="56"/>
<Cov CovItemId="B15" Value="91"/>
<Cov CovItemId="B18" Value="91"/>
<Cov CovItemId="B2" Value="72"/>
<Cov CovItemId="B3" Value="22"/>
<Cov CovItemId="B34" Value="91"/>
<Cov CovItemId="B35" Value="16"/>
<Cov CovItemId="B36" Value="75"/>
<Cov CovItemId="B37" Value="16"/>
<Cov CovItemId="B39" Value="35"/>
<Cov CovItemId="B4" Value="13"/>
<Cov CovItemId="B40" Value="56"/>
<Cov CovItemId="B5" Value="91"/>
<Cov CovItemId="B6" Value="16"/>
<Cov CovItemId="B9" Value="45"/>
<Cov CovItemId="S1" Value="74"/>
<Cov CovItemId="S10" Value="74"/>
<Cov CovItemId="S11" Value="74"/>
<Cov CovItemId="S12" Value="74"/>
<Cov CovItemId="S13" Value="74"/>
<Cov CovItemId="S14" Value="74"/>
<Cov CovItemId="S15" Value="74"/>
<Cov CovItemId="S16" Value="74"/>
<Cov CovItemId="S17" Value="74"/>
<Cov CovItemId="S18" Value="74"/>
<Cov CovItemId="S19" Value="74"/>
<Cov CovItemId="S2" Value="74"/>
<Cov CovItemId="S20" Value="74"/>
<Cov CovItemId="S21" Value="74"/>
<Cov CovItemId="S23" Value="456"/>
<Cov CovItemId="S24" Value="107"/>
<Cov CovItemId="S25" Value="107"/>
<Cov CovItemId="S26" Value="107"/>
<Cov CovItemId="S27" Value="35"/>
<Cov CovItemId="S28" Value="22"/>
<Cov CovItemId="S29" Value="35"/>
<Cov CovItemId="S3" Value="74"/>
<Cov CovItemId="S30" Value="72"/>
<Cov CovItemId="S31" Value="107"/>
<Cov CovItemId="S32" Value="107"/>
<Cov CovItemId="S33" Value="91"/>
<Cov CovItemId="S34" Value="16"/>
<Cov CovItemId="S35" Value="16"/>
<Cov CovItemId="S39" Value="91"/>
<Cov CovItemId="S4" Value="74"/>
<Cov CovItemId="S40" Value="45"/>
<Cov CovItemId="S41" Value="46"/>
<Cov CovItemId="S42" Value="107"/>
<Cov CovItemId="S43" Value="107"/>
<Cov CovItemId="S44" Value="91"/>
<Cov CovItemId="S45" Value="91"/>
<Cov CovItemId="S46" Value="91"/>
<Cov CovItemId="S47" Value="35"/>
<Cov CovItemId="S48" Value="91"/>
<Cov CovItemId="S49" Value="91"/>
<Cov CovItemId="S5" Value="74"/>
<Cov CovItemId="S50" Value="91"/>
<Cov CovItemId="S6" Value="74"/>
<Cov CovItemId="S65" Value="91"/>
<Cov CovItemId="S67" Value="91"/>
<Cov CovItemId="S68" Value="16"/>
<Cov CovItemId="S69" Value="16"/>
<Cov CovItemId="S7" Value="74"/>
<Cov CovItemId="S70" Value="16"/>
<Cov CovItemId="S71" Value="91"/>
<Cov CovItemId="S72" Value="35"/>
<Cov CovItemId="S73" Value="91"/>
<Cov CovItemId="S8" Value="74"/>
<Cov CovItemId="S9" Value="74"/>
</CovPrefix>
<CovPrefix CovItemPrefix="com.OriginalFiles.RemoteNXTFunctions.java">
<Cov CovItemId="B103" Value="39"/>
<Cov CovItemId="B104" Value="86"/>
<Cov CovItemId="B105" Value="1"/>
<Cov CovItemId="B106" Value="38"/>
<Cov CovItemId="B107" Value="1"/>
<Cov CovItemId="B108" Value="37"/>
<Cov CovItemId="B109" Value="1"/>
<Cov CovItemId="B110" Value="36"/>
<Cov CovItemId="B111" Value="8"/>
<Cov CovItemId="B112" Value="28"/>
<Cov CovItemId="B114" Value="86"/>
<Cov CovItemId="B124" Value="86"/>
<Cov CovItemId="B134" Value="86"/>
<Cov CovItemId="B142" Value="86"/>
<Cov CovItemId="B15" Value="26"/>
<Cov CovItemId="B16" Value="99"/>
<Cov CovItemId="B17" Value="13"/>
<Cov CovItemId="B18" Value="13"/>
<Cov CovItemId="B19" Value="13"/>
<Cov CovItemId="B23" Value="60"/>
<Cov CovItemId="B24" Value="65"/>
<Cov CovItemId="B25" Value="12"/>
<Cov CovItemId="B26" Value="48"/>
<Cov CovItemId="B27" Value="12"/>
<Cov CovItemId="B28" Value="36"/>
<Cov CovItemId="B30" Value="36"/>
<Cov CovItemId="B32" Value="125"/>
<Cov CovItemId="B40" Value="125"/>
<Cov CovItemId="B5" Value="64"/>
<Cov CovItemId="B50" Value="125"/>
<Cov CovItemId="B56" Value="125"/>
<Cov CovItemId="B6" Value="125"/>
<Cov CovItemId="B62" Value="125"/>
<Cov CovItemId="B7" Value="64"/>
<Cov CovItemId="B70" Value="125"/>
<Cov CovItemId="B78" Value="125"/>
<Cov CovItemId="B86" Value="125"/>
<Cov CovItemId="B94" Value="125"/>
<Cov CovItemId="S100" Value="125"/>
<Cov CovItemId="S108" Value="125"/>
<Cov CovItemId="S118" Value="125"/>
<Cov CovItemId="S119" Value="39"/>
<Cov CovItemId="S120" Value="1"/>
<Cov CovItemId="S121" Value="38"/>
<Cov CovItemId="S122" Value="1"/>
<Cov CovItemId="S123" Value="37"/>
<Cov CovItemId="S124" Value="1"/>
<Cov CovItemId="S125" Value="36"/>
<Cov CovItemId="S126" Value="8"/>
<Cov CovItemId="S127" Value="28"/>
<Cov CovItemId="S128" Value="86"/>
<Cov CovItemId="S138" Value="86"/>
<Cov CovItemId="S148" Value="86"/>
<Cov CovItemId="S156" Value="86"/>
<Cov CovItemId="S162" Value="189"/>
<Cov CovItemId="S19" Value="189"/>
<Cov CovItemId="S20" Value="189"/>
<Cov CovItemId="S21" Value="64"/>
<Cov CovItemId="S22" Value="64"/>
<Cov CovItemId="S30" Value="125"/>
<Cov CovItemId="S31" Value="26"/>
<Cov CovItemId="S32" Value="13"/>
<Cov CovItemId="S33" Value="13"/>
<Cov CovItemId="S34" Value="13"/>
<Cov CovItemId="S38" Value="125"/>
<Cov CovItemId="S39" Value="60"/>
<Cov CovItemId="S4" Value="5"/>
<Cov CovItemId="S40" Value="12"/>
<Cov CovItemId="S41" Value="48"/>
<Cov CovItemId="S42" Value="12"/>
<Cov CovItemId="S43" Value="36"/>
<Cov CovItemId="S45" Value="36"/>
<Cov CovItemId="S46" Value="125"/>
<Cov CovItemId="S54" Value="125"/>
<Cov CovItemId="S64" Value="125"/>
<Cov CovItemId="S70" Value="125"/>
<Cov CovItemId="S76" Value="125"/>
<Cov CovItemId="S84" Value="125"/>
<Cov CovItemId="S92" Value="125"/>
</CovPrefix>
</CovList>
<AssgnmntList>
<AssgnmntPrefix RootTermCovItemPrefix="com.OriginalFiles.Analyze.java">
<AssgnmntListEntry Length="1" RootTermCovItemId="C1">
<MapEntry BoolAssgnmnt="0" Value="32"/>
<MapEntry BoolAssgnmnt="1" Value="10"/>
</AssgnmntListEntry>
<AssgnmntListEntry Length="1" RootTermCovItemId="C10">
<MapEntry BoolAssgnmnt="0" Value="7"/>
<MapEntry BoolAssgnmnt="1" Value="25"/>
</AssgnmntListEntry>
<AssgnmntListEntry Length="1" RootTermCovItemId="C11">
<MapEntry BoolAssgnmnt="0" Value="4"/>
<MapEntry BoolAssgnmnt="1" Value="3"/>
</AssgnmntListEntry>
<AssgnmntListEntry Length="1" RootTermCovItemId="C12">
<MapEntry BoolAssgnmnt="0" Value="1"/>
<MapEntry BoolAssgnmnt="1" Value="3"/>
</AssgnmntListEntry>
<AssgnmntListEntry Length="1" RootTermCovItemId="C13">
<MapEntry BoolAssgnmnt="0" Value="25"/>
</AssgnmntListEntry>
<AssgnmntListEntry Length="1" RootTermCovItemId="C16">
<MapEntry BoolAssgnmnt="1" Value="25"/>
</AssgnmntListEntry>
<AssgnmntListEntry Length="1" RootTermCovItemId="C17">
<MapEntry BoolAssgnmnt="1" Value="25"/>
</AssgnmntListEntry>
<AssgnmntListEntry Length="1" RootTermCovItemId="C18">
<MapEntry BoolAssgnmnt="0" Value="12"/>
<MapEntry BoolAssgnmnt="1" Value="13"/>
</AssgnmntListEntry>
<AssgnmntListEntry Length="1" RootTermCovItemId="C19">
<MapEntry BoolAssgnmnt="1" Value="13"/>
</AssgnmntListEntry>
<AssgnmntListEntry Length="1" RootTermCovItemId="C2">
<MapEntry BoolAssgnmnt="0" Value="25"/>
<MapEntry BoolAssgnmnt="1" Value="7"/>
</AssgnmntListEntry>
<AssgnmntListEntry Length="1" RootTermCovItemId="C20">
<MapEntry BoolAssgnmnt="0" Value="12"/>
</AssgnmntListEntry>
<AssgnmntListEntry Length="1" RootTermCovItemId="C22">
<MapEntry BoolAssgnmnt="1" Value="12"/>
</AssgnmntListEntry>
<AssgnmntListEntry Length="1" RootTermCovItemId="C23">
<MapEntry BoolAssgnmnt="0" Value="12"/>
</AssgnmntListEntry>
<AssgnmntListEntry Length="1" RootTermCovItemId="C25">
<MapEntry BoolAssgnmnt="1" Value="12"/>
</AssgnmntListEntry>
<AssgnmntListEntry Length="1" RootTermCovItemId="C26">
<MapEntry BoolAssgnmnt="1" Value="12"/>
</AssgnmntListEntry>
<AssgnmntListEntry Length="1" RootTermCovItemId="C27">
<MapEntry BoolAssgnmnt="1" Value="25"/>
</AssgnmntListEntry>
<AssgnmntListEntry Length="1" RootTermCovItemId="C28">
<MapEntry BoolAssgnmnt="1" Value="25"/>
</AssgnmntListEntry>
<AssgnmntListEntry Length="1" RootTermCovItemId="C29">
<MapEntry BoolAssgnmnt="1" Value="25"/>
</AssgnmntListEntry>
<AssgnmntListEntry Length="1" RootTermCovItemId="C3">
<MapEntry BoolAssgnmnt="0" Value="30"/>
<MapEntry BoolAssgnmnt="1" Value="2"/>
</AssgnmntListEntry>
<AssgnmntListEntry Length="1" RootTermCovItemId="C30">
<MapEntry BoolAssgnmnt="1" Value="25"/>
</AssgnmntListEntry>
<AssgnmntListEntry Length="1" RootTermCovItemId="C31">
<MapEntry BoolAssgnmnt="0" Value="25"/>
<MapEntry BoolAssgnmnt="1" Value="100"/>
</AssgnmntListEntry>
<AssgnmntListEntry Length="2" RootTermCovItemId="C32">
<MapEntry BoolAssgnmnt="10" Value="25"/>
<MapEntry BoolAssgnmnt="02" Value="50"/>
<MapEntry BoolAssgnmnt="11" Value="25"/>
</AssgnmntListEntry>
<AssgnmntListEntry Length="1" RootTermCovItemId="C33">
<MapEntry BoolAssgnmnt="1" Value="100"/>
</AssgnmntListEntry>
<AssgnmntListEntry Length="1" RootTermCovItemId="C4">
<MapEntry BoolAssgnmnt="0" Value="64"/>
<MapEntry BoolAssgnmnt="1" Value="1984"/>
</AssgnmntListEntry>
<AssgnmntListEntry Length="1" RootTermCovItemId="C49">
<MapEntry BoolAssgnmnt="0" Value="25"/>
</AssgnmntListEntry>
<AssgnmntListEntry Length="2" RootTermCovItemId="C5">
<MapEntry BoolAssgnmnt="10" Value="32"/>
<MapEntry BoolAssgnmnt="11" Value="32"/>
</AssgnmntListEntry>
<AssgnmntListEntry Length="1" RootTermCovItemId="C56">
<MapEntry BoolAssgnmnt="0" Value="32"/>
</AssgnmntListEntry>
<AssgnmntListEntry Length="1" RootTermCovItemId="C6">
<MapEntry BoolAssgnmnt="1" Value="32"/>
</AssgnmntListEntry>
<AssgnmntListEntry Length="6" RootTermCovItemId="C66">
<MapEntry BoolAssgnmnt="022222" Value="125"/>
<MapEntry BoolAssgnmnt="111111" Value="64"/>
</AssgnmntListEntry>
<AssgnmntListEntry Length="6" RootTermCovItemId="C67">
<MapEntry BoolAssgnmnt="022222" Value="125"/>
</AssgnmntListEntry>
<AssgnmntListEntry Length="6" RootTermCovItemId="C68">
<MapEntry BoolAssgnmnt="102222" Value="91"/>
<MapEntry BoolAssgnmnt="111111" Value="34"/>
</AssgnmntListEntry>
<AssgnmntListEntry Length="6" RootTermCovItemId="C69">
<MapEntry BoolAssgnmnt="102222" Value="91"/>
</AssgnmntListEntry>
<AssgnmntListEntry Length="1" RootTermCovItemId="C7">
<MapEntry BoolAssgnmnt="0" Value="7"/>
<MapEntry BoolAssgnmnt="1" Value="25"/>
</AssgnmntListEntry>
<AssgnmntListEntry Length="1" RootTermCovItemId="C70">
<MapEntry BoolAssgnmnt="0" Value="148"/>
<MapEntry BoolAssgnmnt="1" Value="4588"/>
</AssgnmntListEntry>
<AssgnmntListEntry Length="1" RootTermCovItemId="C71">
<MapEntry BoolAssgnmnt="0" Value="57"/>
<MapEntry BoolAssgnmnt="1" Value="91"/>
</AssgnmntListEntry>
<AssgnmntListEntry Length="1" RootTermCovItemId="C72">
<MapEntry BoolAssgnmnt="1" Value="91"/>
</AssgnmntListEntry>
<AssgnmntListEntry Length="1" RootTermCovItemId="C73">
<MapEntry BoolAssgnmnt="0" Value="91"/>
<MapEntry BoolAssgnmnt="1" Value="57"/>
</AssgnmntListEntry>
<AssgnmntListEntry Length="1" RootTermCovItemId="C74">
<MapEntry BoolAssgnmnt="1" Value="57"/>
</AssgnmntListEntry>
<AssgnmntListEntry Length="3" RootTermCovItemId="C75">
<MapEntry BoolAssgnmnt="012" Value="32"/>
<MapEntry BoolAssgnmnt="122" Value="17"/>
<MapEntry BoolAssgnmnt="001" Value="25"/>
</AssgnmntListEntry>
<AssgnmntListEntry Length="3" RootTermCovItemId="C76">
<MapEntry BoolAssgnmnt="011" Value="32"/>
<MapEntry BoolAssgnmnt="002" Value="25"/>
</AssgnmntListEntry>
<AssgnmntListEntry Length="2" RootTermCovItemId="C77">
<MapEntry BoolAssgnmnt="11" Value="57"/>
</AssgnmntListEntry>
<AssgnmntListEntry Length="2" RootTermCovItemId="C78">
<MapEntry BoolAssgnmnt="11" Value="57"/>
</AssgnmntListEntry>
<AssgnmntListEntry Length="2" RootTermCovItemId="C79">
<MapEntry BoolAssgnmnt="00" Value="57"/>
</AssgnmntListEntry>
<AssgnmntListEntry Length="2" RootTermCovItemId="C8">
<MapEntry BoolAssgnmnt="02" Value="25"/>
</AssgnmntListEntry>
<AssgnmntListEntry Length="1" RootTermCovItemId="C9">
<MapEntry BoolAssgnmnt="1" Value="25"/>
</AssgnmntListEntry>
<AssgnmntListEntry Length="8" RootTermCovItemId="C90">
<MapEntry BoolAssgnmnt="02020202" Value="114"/>
</AssgnmntListEntry>
</AssgnmntPrefix>
<AssgnmntPrefix RootTermCovItemPrefix="com.OriginalFiles.Board.java">
<AssgnmntListEntry Length="1" RootTermCovItemId="C14">
<MapEntry BoolAssgnmnt="0" Value="32"/>
<MapEntry BoolAssgnmnt="1" Value="32"/>
</AssgnmntListEntry>
<AssgnmntListEntry Length="1" RootTermCovItemId="C15">
<MapEntry BoolAssgnmnt="0" Value="32"/>
</AssgnmntListEntry>
<AssgnmntListEntry Length="1" RootTermCovItemId="C24">
<MapEntry BoolAssgnmnt="0" Value="75"/>
</AssgnmntListEntry>
<AssgnmntListEntry Length="1" RootTermCovItemId="C26">
<MapEntry BoolAssgnmnt="0" Value="25"/>
</AssgnmntListEntry>
<AssgnmntListEntry Length="1" RootTermCovItemId="C27">
<MapEntry BoolAssgnmnt="1" Value="25"/>
</AssgnmntListEntry>
<AssgnmntListEntry Length="2" RootTermCovItemId="C28">
<MapEntry BoolAssgnmnt="02" Value="25"/>
</AssgnmntListEntry>
<AssgnmntListEntry Length="1" RootTermCovItemId="C29">
<MapEntry BoolAssgnmnt="1" Value="25"/>
</AssgnmntListEntry>
<AssgnmntListEntry Length="1" RootTermCovItemId="C30">
<MapEntry BoolAssgnmnt="1" Value="93"/>
</AssgnmntListEntry>
<AssgnmntListEntry Length="1" RootTermCovItemId="C31">
<MapEntry BoolAssgnmnt="1" Value="1173"/>
</AssgnmntListEntry>
<AssgnmntListEntry Length="1" RootTermCovItemId="C32">
<MapEntry BoolAssgnmnt="0" Value="278"/>
</AssgnmntListEntry>
<AssgnmntListEntry Length="1" RootTermCovItemId="C33">
<MapEntry BoolAssgnmnt="0" Value="278"/>
</AssgnmntListEntry>
<AssgnmntListEntry Length="1" RootTermCovItemId="C34">
<MapEntry BoolAssgnmnt="0" Value="278"/>
</AssgnmntListEntry>
<AssgnmntListEntry Length="1" RootTermCovItemId="C35">
<MapEntry BoolAssgnmnt="1" Value="278"/>
</AssgnmntListEntry>
<AssgnmntListEntry Length="1" RootTermCovItemId="C36">
<MapEntry BoolAssgnmnt="0" Value="278"/>
</AssgnmntListEntry>
<AssgnmntListEntry Length="1" RootTermCovItemId="C37">
<MapEntry BoolAssgnmnt="0" Value="278"/>
</AssgnmntListEntry>
<AssgnmntListEntry Length="5" RootTermCovItemId="C38">
<MapEntry BoolAssgnmnt="02002" Value="328"/>
<MapEntry BoolAssgnmnt="10122" Value="228"/>
<MapEntry BoolAssgnmnt="11221" Value="228"/>
<MapEntry BoolAssgnmnt="02011" Value="328"/>
</AssgnmntListEntry>
<AssgnmntListEntry Length="1" RootTermCovItemId="C39">
<MapEntry BoolAssgnmnt="0" Value="150"/>
<MapEntry BoolAssgnmnt="1" Value="962"/>
</AssgnmntListEntry>
<AssgnmntListEntry Length="1" RootTermCovItemId="C40">
<MapEntry BoolAssgnmnt="0" Value="962"/>
</AssgnmntListEntry>
<AssgnmntListEntry Length="2" RootTermCovItemId="C41">
<MapEntry BoolAssgnmnt="02" Value="962"/>
</AssgnmntListEntry>
<AssgnmntListEntry Length="1" RootTermCovItemId="C42">
<MapEntry BoolAssgnmnt="0" Value="4448"/>
<MapEntry BoolAssgnmnt="1" Value="4448"/>
</AssgnmntListEntry>
<AssgnmntListEntry Length="1" RootTermCovItemId="C43">
<MapEntry BoolAssgnmnt="0" Value="4170"/>
<MapEntry BoolAssgnmnt="1" Value="278"/>
</AssgnmntListEntry>
<AssgnmntListEntry Length="1" RootTermCovItemId="C44">
<MapEntry BoolAssgnmnt="0" Value="164"/>
<MapEntry BoolAssgnmnt="1" Value="114"/>
</AssgnmntListEntry>
<AssgnmntListEntry Length="1" RootTermCovItemId="C46">
<MapEntry BoolAssgnmnt="0" Value="1"/>
<MapEntry BoolAssgnmnt="1" Value="8"/>
</AssgnmntListEntry>
<AssgnmntListEntry Length="1" RootTermCovItemId="C47">
<MapEntry BoolAssgnmnt="0" Value="4"/>
<MapEntry BoolAssgnmnt="1" Value="4"/>
</AssgnmntListEntry>
<AssgnmntListEntry Length="1" RootTermCovItemId="C48">
<MapEntry BoolAssgnmnt="0" Value="4"/>
<MapEntry BoolAssgnmnt="1" Value="32"/>
</AssgnmntListEntry>
<AssgnmntListEntry Length="1" RootTermCovItemId="C49">
<MapEntry BoolAssgnmnt="0" Value="16"/>
<MapEntry BoolAssgnmnt="1" Value="16"/>
</AssgnmntListEntry>
<AssgnmntListEntry Length="1" RootTermCovItemId="C50">
<MapEntry BoolAssgnmnt="0" Value="4"/>
<MapEntry BoolAssgnmnt="1" Value="32"/>
</AssgnmntListEntry>
<AssgnmntListEntry Length="1" RootTermCovItemId="C51">
<MapEntry BoolAssgnmnt="0" Value="16"/>
<MapEntry BoolAssgnmnt="1" Value="16"/>
</AssgnmntListEntry>
<AssgnmntListEntry Length="1" RootTermCovItemId="C52">
<MapEntry BoolAssgnmnt="0" Value="2"/>
<MapEntry BoolAssgnmnt="1" Value="30"/>
</AssgnmntListEntry>
<AssgnmntListEntry Length="1" RootTermCovItemId="C53">
<MapEntry BoolAssgnmnt="1" Value="1700"/>
</AssgnmntListEntry>
<AssgnmntListEntry Length="1" RootTermCovItemId="C54">
<MapEntry BoolAssgnmnt="0" Value="663"/>
<MapEntry BoolAssgnmnt="1" Value="1037"/>
</AssgnmntListEntry>
<AssgnmntListEntry Length="3" RootTermCovItemId="C55">
<MapEntry BoolAssgnmnt="011" Value="97"/>
<MapEntry BoolAssgnmnt="010" Value="179"/>
<MapEntry BoolAssgnmnt="002" Value="507"/>
<MapEntry BoolAssgnmnt="120" Value="48"/>
<MapEntry BoolAssgnmnt="121" Value="48"/>
</AssgnmntListEntry>
<AssgnmntListEntry Length="3" RootTermCovItemId="C56">
<MapEntry BoolAssgnmnt="011" Value="156"/>
<MapEntry BoolAssgnmnt="010" Value="263"/>
<MapEntry BoolAssgnmnt="002" Value="145"/>
<MapEntry BoolAssgnmnt="120" Value="40"/>
<MapEntry BoolAssgnmnt="121" Value="48"/>
</AssgnmntListEntry>
</AssgnmntPrefix>
<AssgnmntPrefix RootTermCovItemPrefix="com.OriginalFiles.Field.java">
<AssgnmntListEntry Length="1" RootTermCovItemId="C1">
<MapEntry BoolAssgnmnt="0" Value="99"/>
<MapEntry BoolAssgnmnt="1" Value="46"/>
</AssgnmntListEntry>
</AssgnmntPrefix>
<AssgnmntPrefix RootTermCovItemPrefix="com.OriginalFiles.Piece.java">
<AssgnmntListEntry Length="2" RootTermCovItemId="C1">
<MapEntry BoolAssgnmnt="10" Value="56"/>
<MapEntry BoolAssgnmnt="02" Value="16"/>
<MapEntry BoolAssgnmnt="11" Value="35"/>
</AssgnmntListEntry>
<AssgnmntListEntry Length="5" RootTermCovItemId="C17">
<MapEntry BoolAssgnmnt="00210" Value="28"/>
<MapEntry BoolAssgnmnt="01002" Value="28"/>
<MapEntry BoolAssgnmnt="12222" Value="35"/>
</AssgnmntListEntry>
<AssgnmntListEntry Length="5" RootTermCovItemId="C18">
<MapEntry BoolAssgnmnt="00210" Value="20"/>
<MapEntry BoolAssgnmnt="00211" Value="8"/>
<MapEntry BoolAssgnmnt="01002" Value="20"/>
<MapEntry BoolAssgnmnt="12222" Value="35"/>
<MapEntry BoolAssgnmnt="01122" Value="8"/>
</AssgnmntListEntry>
<AssgnmntListEntry Length="1" RootTermCovItemId="C19">
<MapEntry BoolAssgnmnt="1" Value="16"/>
</AssgnmntListEntry>
<AssgnmntListEntry Length="2" RootTermCovItemId="C2">
<MapEntry BoolAssgnmnt="02" Value="13"/>
<MapEntry BoolAssgnmnt="11" Value="22"/>
</AssgnmntListEntry>
<AssgnmntListEntry Length="1" RootTermCovItemId="C20">
<MapEntry BoolAssgnmnt="0" Value="56"/>
<MapEntry BoolAssgnmnt="1" Value="35"/>
</AssgnmntListEntry>
<AssgnmntListEntry Length="1" RootTermCovItemId="C3">
<MapEntry BoolAssgnmnt="0" Value="16"/>
<MapEntry BoolAssgnmnt="1" Value="91"/>
</AssgnmntListEntry>
<AssgnmntListEntry Length="1" RootTermCovItemId="C5">
<MapEntry BoolAssgnmnt="0" Value="46"/>
<MapEntry BoolAssgnmnt="1" Value="45"/>
</AssgnmntListEntry>
<AssgnmntListEntry Length="1" RootTermCovItemId="C6">
<MapEntry BoolAssgnmnt="0" Value="16"/>
<MapEntry BoolAssgnmnt="1" Value="91"/>
</AssgnmntListEntry>
<AssgnmntListEntry Length="1" RootTermCovItemId="C7">
<MapEntry BoolAssgnmnt="0" Value="56"/>
<MapEntry BoolAssgnmnt="1" Value="35"/>
</AssgnmntListEntry>
<AssgnmntListEntry Length="1" RootTermCovItemId="C8">
<MapEntry BoolAssgnmnt="1" Value="91"/>
</AssgnmntListEntry>
<AssgnmntListEntry Length="1" RootTermCovItemId="C9">
<MapEntry BoolAssgnmnt="0" Value="91"/>
</AssgnmntListEntry>
</AssgnmntPrefix>
<AssgnmntPrefix RootTermCovItemPrefix="com.OriginalFiles.RemoteNXTFunctions.java">
<AssgnmntListEntry Length="1" RootTermCovItemId="C10">
<MapEntry BoolAssgnmnt="0" Value="99"/>
<MapEntry BoolAssgnmnt="1" Value="26"/>
</AssgnmntListEntry>
<AssgnmntListEntry Length="2" RootTermCovItemId="C11">
<MapEntry BoolAssgnmnt="02" Value="13"/>
<MapEntry BoolAssgnmnt="11" Value="13"/>
</AssgnmntListEntry>
<AssgnmntListEntry Length="2" RootTermCovItemId="C12">
<MapEntry BoolAssgnmnt="11" Value="13"/>
</AssgnmntListEntry>
<AssgnmntListEntry Length="1" RootTermCovItemId="C14">
<MapEntry BoolAssgnmnt="0" Value="65"/>
<MapEntry BoolAssgnmnt="1" Value="60"/>
</AssgnmntListEntry>
<AssgnmntListEntry Length="2" RootTermCovItemId="C15">
<MapEntry BoolAssgnmnt="10" Value="12"/>
<MapEntry BoolAssgnmnt="02" Value="36"/>
<MapEntry BoolAssgnmnt="11" Value="12"/>
</AssgnmntListEntry>
<AssgnmntListEntry Length="2" RootTermCovItemId="C16">
<MapEntry BoolAssgnmnt="02" Value="36"/>
<MapEntry BoolAssgnmnt="11" Value="12"/>
</AssgnmntListEntry>
<AssgnmntListEntry Length="1" RootTermCovItemId="C17">
<MapEntry BoolAssgnmnt="0" Value="36"/>
</AssgnmntListEntry>
<AssgnmntListEntry Length="1" RootTermCovItemId="C18">
<MapEntry BoolAssgnmnt="0" Value="125"/>
</AssgnmntListEntry>
<AssgnmntListEntry Length="1" RootTermCovItemId="C22">
<MapEntry BoolAssgnmnt="0" Value="125"/>
</AssgnmntListEntry>
<AssgnmntListEntry Length="1" RootTermCovItemId="C27">
<MapEntry BoolAssgnmnt="0" Value="125"/>
</AssgnmntListEntry>
<AssgnmntListEntry Length="1" RootTermCovItemId="C30">
<MapEntry BoolAssgnmnt="0" Value="125"/>
</AssgnmntListEntry>
<AssgnmntListEntry Length="1" RootTermCovItemId="C33">
<MapEntry BoolAssgnmnt="0" Value="125"/>
</AssgnmntListEntry>
<AssgnmntListEntry Length="1" RootTermCovItemId="C37">
<MapEntry BoolAssgnmnt="0" Value="125"/>
</AssgnmntListEntry>
<AssgnmntListEntry Length="1" RootTermCovItemId="C41">
<MapEntry BoolAssgnmnt="0" Value="125"/>
</AssgnmntListEntry>
<AssgnmntListEntry Length="1" RootTermCovItemId="C45">
<MapEntry BoolAssgnmnt="0" Value="125"/>
</AssgnmntListEntry>
<AssgnmntListEntry Length="1" RootTermCovItemId="C49">
<MapEntry BoolAssgnmnt="0" Value="125"/>
</AssgnmntListEntry>
<AssgnmntListEntry Length="1" RootTermCovItemId="C5">
<MapEntry BoolAssgnmnt="0" Value="125"/>
<MapEntry BoolAssgnmnt="1" Value="64"/>
</AssgnmntListEntry>
<AssgnmntListEntry Length="1" RootTermCovItemId="C54">
<MapEntry BoolAssgnmnt="0" Value="86"/>
<MapEntry BoolAssgnmnt="1" Value="39"/>
</AssgnmntListEntry>
<AssgnmntListEntry Length="2" RootTermCovItemId="C55">
<MapEntry BoolAssgnmnt="10" Value="3"/>
<MapEntry BoolAssgnmnt="02" Value="35"/>
<MapEntry BoolAssgnmnt="11" Value="1"/>
</AssgnmntListEntry>
<AssgnmntListEntry Length="2" RootTermCovItemId="C56">
<MapEntry BoolAssgnmnt="10" Value="3"/>
<MapEntry BoolAssgnmnt="02" Value="34"/>
<MapEntry BoolAssgnmnt="11" Value="1"/>
</AssgnmntListEntry>
<AssgnmntListEntry Length="2" RootTermCovItemId="C57">
<MapEntry BoolAssgnmnt="10" Value="2"/>
<MapEntry BoolAssgnmnt="02" Value="34"/>
<MapEntry BoolAssgnmnt="11" Value="1"/>
</AssgnmntListEntry>
<AssgnmntListEntry Length="1" RootTermCovItemId="C58">
<MapEntry BoolAssgnmnt="0" Value="28"/>
<MapEntry BoolAssgnmnt="1" Value="8"/>
</AssgnmntListEntry>
<AssgnmntListEntry Length="1" RootTermCovItemId="C59">
<MapEntry BoolAssgnmnt="0" Value="86"/>
</AssgnmntListEntry>
<AssgnmntListEntry Length="2" RootTermCovItemId="C6">
<MapEntry BoolAssgnmnt="11" Value="64"/>
</AssgnmntListEntry>
<AssgnmntListEntry Length="1" RootTermCovItemId="C64">
<MapEntry BoolAssgnmnt="0" Value="86"/>
</AssgnmntListEntry>
<AssgnmntListEntry Length="1" RootTermCovItemId="C69">
<MapEntry BoolAssgnmnt="0" Value="86"/>
</AssgnmntListEntry>
<AssgnmntListEntry Length="1" RootTermCovItemId="C73">
<MapEntry BoolAssgnmnt="0" Value="86"/>
</AssgnmntListEntry>
</AssgnmntPrefix>
</AssgnmntList>
<ObjMetaDataList/>
<MetaDataList/>
</TestCase>
<TestCase Comment="" Date="1386063802770" Name="com.Testing.AnalyzeTest:testGetColor">
<CovList>
<CovPrefix CovItemPrefix="com.OriginalFiles.Analyze.java">
<Cov CovItemId="B107" Value="33"/>
<Cov CovItemId="B108" Value="4"/>
<Cov CovItemId="B109" Value="1"/>
<Cov CovItemId="B110" Value="3"/>
<Cov CovItemId="B111" Value="1"/>
<Cov CovItemId="B112" Value="2"/>
<Cov CovItemId="B113" Value="1"/>
<Cov CovItemId="B114" Value="1"/>
<Cov CovItemId="S199" Value="37"/>
<Cov CovItemId="S200" Value="37"/>
<Cov CovItemId="S201" Value="37"/>
<Cov CovItemId="S202" Value="37"/>
<Cov CovItemId="S203" Value="37"/>
<Cov CovItemId="S204" Value="33"/>
<Cov CovItemId="S205" Value="4"/>
<Cov CovItemId="S206" Value="1"/>
<Cov CovItemId="S207" Value="3"/>
<Cov CovItemId="S208" Value="1"/>
<Cov CovItemId="S209" Value="2"/>
<Cov CovItemId="S210" Value="1"/>
<Cov CovItemId="S211" Value="1"/>
</CovPrefix>
<CovPrefix CovItemPrefix="com.OriginalFiles.Board.java">
<Cov CovItemId="B83" Value="26"/>
<Cov CovItemId="B84" Value="74"/>
<Cov CovItemId="B85" Value="26"/>
<Cov CovItemId="B86" Value="48"/>
<Cov CovItemId="S180" Value="100"/>
<Cov CovItemId="S181" Value="26"/>
<Cov CovItemId="S182" Value="74"/>
<Cov CovItemId="S183" Value="26"/>
<Cov CovItemId="S184" Value="48"/>
<Cov CovItemId="S185" Value="72"/>
</CovPrefix>
<CovPrefix CovItemPrefix="com.OriginalFiles.Field.java">
<Cov CovItemId="B1" Value="34"/>
<Cov CovItemId="B2" Value="8"/>
<Cov CovItemId="S1" Value="88"/>
<Cov CovItemId="S13" Value="64"/>
<Cov CovItemId="S2" Value="88"/>
<Cov CovItemId="S5" Value="42"/>
<Cov CovItemId="S6" Value="42"/>
<Cov CovItemId="S7" Value="34"/>
<Cov CovItemId="S8" Value="8"/>
<Cov CovItemId="S9" Value="42"/>
</CovPrefix>
<CovPrefix CovItemPrefix="com.OriginalFiles.Piece.java">
<Cov CovItemId="B1" Value="2"/>
<Cov CovItemId="B10" Value="16"/>
<Cov CovItemId="B11" Value="28"/>
<Cov CovItemId="B12" Value="8"/>
<Cov CovItemId="B13" Value="2"/>
<Cov CovItemId="B14" Value="26"/>
<Cov CovItemId="B15" Value="28"/>
<Cov CovItemId="B18" Value="28"/>
<Cov CovItemId="B2" Value="34"/>
<Cov CovItemId="B34" Value="28"/>
<Cov CovItemId="B35" Value="8"/>
<Cov CovItemId="B36" Value="20"/>
<Cov CovItemId="B37" Value="8"/>
<Cov CovItemId="B39" Value="2"/>
<Cov CovItemId="B4" Value="2"/>
<Cov CovItemId="B40" Value="26"/>
<Cov CovItemId="B5" Value="28"/>
<Cov CovItemId="B6" Value="8"/>
<Cov CovItemId="B9" Value="12"/>
<Cov CovItemId="S1" Value="34"/>
<Cov CovItemId="S10" Value="34"/>
<Cov CovItemId="S11" Value="34"/>
<Cov CovItemId="S12" Value="34"/>
<Cov CovItemId="S13" Value="34"/>
<Cov CovItemId="S14" Value="34"/>
<Cov CovItemId="S15" Value="34"/>
<Cov CovItemId="S16" Value="34"/>
<Cov CovItemId="S17" Value="34"/>
<Cov CovItemId="S18" Value="34"/>
<Cov CovItemId="S19" Value="34"/>
<Cov CovItemId="S2" Value="34"/>
<Cov CovItemId="S20" Value="34"/>
<Cov CovItemId="S21" Value="34"/>
<Cov CovItemId="S24" Value="36"/>
<Cov CovItemId="S25" Value="36"/>
<Cov CovItemId="S26" Value="36"/>
<Cov CovItemId="S27" Value="2"/>
<Cov CovItemId="S29" Value="2"/>
<Cov CovItemId="S3" Value="34"/>
<Cov CovItemId="S30" Value="34"/>
<Cov CovItemId="S31" Value="36"/>
<Cov CovItemId="S32" Value="36"/>
<Cov CovItemId="S33" Value="28"/>
<Cov CovItemId="S34" Value="8"/>
<Cov CovItemId="S35" Value="8"/>
<Cov CovItemId="S39" Value="28"/>
<Cov CovItemId="S4" Value="34"/>
<Cov CovItemId="S40" Value="12"/>
<Cov CovItemId="S41" Value="16"/>
<Cov CovItemId="S42" Value="36"/>
<Cov CovItemId="S43" Value="36"/>
<Cov CovItemId="S44" Value="28"/>
<Cov CovItemId="S45" Value="28"/>
<Cov CovItemId="S46" Value="28"/>
<Cov CovItemId="S47" Value="2"/>
<Cov CovItemId="S48" Value="28"/>
<Cov CovItemId="S49" Value="28"/>
<Cov CovItemId="S5" Value="34"/>
<Cov CovItemId="S50" Value="28"/>
<Cov CovItemId="S6" Value="34"/>
<Cov CovItemId="S65" Value="28"/>
<Cov CovItemId="S67" Value="28"/>
<Cov CovItemId="S68" Value="8"/>
<Cov CovItemId="S69" Value="8"/>
<Cov CovItemId="S7" Value="34"/>
<Cov CovItemId="S70" Value="8"/>
<Cov CovItemId="S71" Value="28"/>
<Cov CovItemId="S72" Value="2"/>
<Cov CovItemId="S73" Value="28"/>
<Cov CovItemId="S8" Value="34"/>
<Cov CovItemId="S9" Value="34"/>
</CovPrefix>
<CovPrefix CovItemPrefix="com.OriginalFiles.RemoteNXTFunctions.java">
<Cov CovItemId="B10" Value="5"/>
<Cov CovItemId="B11" Value="1"/>
<Cov CovItemId="B12" Value="4"/>
<Cov CovItemId="B13" Value="3"/>
<Cov CovItemId="B14" Value="1"/>
<Cov CovItemId="B5" Value="37"/>
<Cov CovItemId="B7" Value="32"/>
<Cov CovItemId="B8" Value="5"/>
<Cov CovItemId="S162" Value="37"/>
<Cov CovItemId="S19" Value="37"/>
<Cov CovItemId="S20" Value="37"/>
<Cov CovItemId="S21" Value="37"/>
<Cov CovItemId="S22" Value="32"/>
<Cov CovItemId="S23" Value="5"/>
<Cov CovItemId="S25" Value="5"/>
<Cov CovItemId="S26" Value="1"/>
<Cov CovItemId="S27" Value="4"/>
<Cov CovItemId="S28" Value="3"/>
<Cov CovItemId="S29" Value="1"/>
</CovPrefix>
</CovList>
<AssgnmntList>
<AssgnmntPrefix RootTermCovItemPrefix="com.OriginalFiles.Analyze.java">
<AssgnmntListEntry Length="6" RootTermCovItemId="C66">
<MapEntry BoolAssgnmnt="110222" Value="1"/>
<MapEntry BoolAssgnmnt="022222" Value="3"/>
<MapEntry BoolAssgnmnt="111111" Value="33"/>
</AssgnmntListEntry>
<AssgnmntListEntry Length="6" RootTermCovItemId="C67">
<MapEntry BoolAssgnmnt="022222" Value="3"/>
<MapEntry BoolAssgnmnt="111111" Value="1"/>
</AssgnmntListEntry>
<AssgnmntListEntry Length="6" RootTermCovItemId="C68">
<MapEntry BoolAssgnmnt="102222" Value="2"/>
<MapEntry BoolAssgnmnt="111111" Value="1"/>
</AssgnmntListEntry>
<AssgnmntListEntry Length="6" RootTermCovItemId="C69">
<MapEntry BoolAssgnmnt="102222" Value="1"/>
<MapEntry BoolAssgnmnt="111111" Value="1"/>
</AssgnmntListEntry>
</AssgnmntPrefix>
<AssgnmntPrefix RootTermCovItemPrefix="com.OriginalFiles.Board.java">
<AssgnmntListEntry Length="3" RootTermCovItemId="C55">
<MapEntry BoolAssgnmnt="011" Value="2"/>
<MapEntry BoolAssgnmnt="010" Value="2"/>
<MapEntry BoolAssgnmnt="002" Value="48"/>
<MapEntry BoolAssgnmnt="120" Value="24"/>
<MapEntry BoolAssgnmnt="121" Value="24"/>
</AssgnmntListEntry>
<AssgnmntListEntry Length="3" RootTermCovItemId="C56">
<MapEntry BoolAssgnmnt="011" Value="2"/>
<MapEntry BoolAssgnmnt="010" Value="2"/>
<MapEntry BoolAssgnmnt="002" Value="26"/>
<MapEntry BoolAssgnmnt="120" Value="20"/>
<MapEntry BoolAssgnmnt="121" Value="24"/>
</AssgnmntListEntry>
</AssgnmntPrefix>
<AssgnmntPrefix RootTermCovItemPrefix="com.OriginalFiles.Field.java">
<AssgnmntListEntry Length="1" RootTermCovItemId="C1">
<MapEntry BoolAssgnmnt="0" Value="34"/>
<MapEntry BoolAssgnmnt="1" Value="8"/>
</AssgnmntListEntry>
</AssgnmntPrefix>
<AssgnmntPrefix RootTermCovItemPrefix="com.OriginalFiles.Piece.java">
<AssgnmntListEntry Length="2" RootTermCovItemId="C1">
<MapEntry BoolAssgnmnt="10" Value="26"/>
<MapEntry BoolAssgnmnt="02" Value="8"/>
<MapEntry BoolAssgnmnt="11" Value="2"/>
</AssgnmntListEntry>
<AssgnmntListEntry Length="5" RootTermCovItemId="C17">
<MapEntry BoolAssgnmnt="00210" Value="13"/>
<MapEntry BoolAssgnmnt="01002" Value="13"/>
<MapEntry BoolAssgnmnt="12222" Value="2"/>
</AssgnmntListEntry>
<AssgnmntListEntry Length="5" RootTermCovItemId="C18">
<MapEntry BoolAssgnmnt="00210" Value="9"/>
<MapEntry BoolAssgnmnt="00211" Value="4"/>
<MapEntry BoolAssgnmnt="01002" Value="9"/>
<MapEntry BoolAssgnmnt="12222" Value="2"/>
<MapEntry BoolAssgnmnt="01122" Value="4"/>
</AssgnmntListEntry>
<AssgnmntListEntry Length="1" RootTermCovItemId="C19">
<MapEntry BoolAssgnmnt="1" Value="8"/>
</AssgnmntListEntry>
<AssgnmntListEntry Length="2" RootTermCovItemId="C2">
<MapEntry BoolAssgnmnt="02" Value="2"/>
</AssgnmntListEntry>
<AssgnmntListEntry Length="1" RootTermCovItemId="C20">
<MapEntry BoolAssgnmnt="0" Value="26"/>
<MapEntry BoolAssgnmnt="1" Value="2"/>
</AssgnmntListEntry>
<AssgnmntListEntry Length="1" RootTermCovItemId="C3">
<MapEntry BoolAssgnmnt="0" Value="8"/>
<MapEntry BoolAssgnmnt="1" Value="28"/>
</AssgnmntListEntry>
<AssgnmntListEntry Length="1" RootTermCovItemId="C5">
<MapEntry BoolAssgnmnt="0" Value="16"/>
<MapEntry BoolAssgnmnt="1" Value="12"/>
</AssgnmntListEntry>
<AssgnmntListEntry Length="1" RootTermCovItemId="C6">
<MapEntry BoolAssgnmnt="0" Value="8"/>
<MapEntry BoolAssgnmnt="1" Value="28"/>
</AssgnmntListEntry>
<AssgnmntListEntry Length="1" RootTermCovItemId="C7">
<MapEntry BoolAssgnmnt="0" Value="26"/>
<MapEntry BoolAssgnmnt="1" Value="2"/>
</AssgnmntListEntry>
<AssgnmntListEntry Length="1" RootTermCovItemId="C8">
<MapEntry BoolAssgnmnt="1" Value="28"/>
</AssgnmntListEntry>
<AssgnmntListEntry Length="1" RootTermCovItemId="C9">
<MapEntry BoolAssgnmnt="0" Value="28"/>
</AssgnmntListEntry>
</AssgnmntPrefix>
<AssgnmntPrefix RootTermCovItemPrefix="com.OriginalFiles.RemoteNXTFunctions.java">
<AssgnmntListEntry Length="1" RootTermCovItemId="C5">
<MapEntry BoolAssgnmnt="1" Value="37"/>
</AssgnmntListEntry>
<AssgnmntListEntry Length="2" RootTermCovItemId="C6">
<MapEntry BoolAssgnmnt="10" Value="1"/>
<MapEntry BoolAssgnmnt="02" Value="4"/>
<MapEntry BoolAssgnmnt="11" Value="32"/>
</AssgnmntListEntry>
<AssgnmntListEntry Length="2" RootTermCovItemId="C7">
<MapEntry BoolAssgnmnt="02" Value="5"/>
</AssgnmntListEntry>
<AssgnmntListEntry Length="2" RootTermCovItemId="C8">
<MapEntry BoolAssgnmnt="10" Value="1"/>
<MapEntry BoolAssgnmnt="02" Value="3"/>
<MapEntry BoolAssgnmnt="11" Value="1"/>
</AssgnmntListEntry>
<AssgnmntListEntry Length="1" RootTermCovItemId="C9">
<MapEntry BoolAssgnmnt="0" Value="1"/>
<MapEntry BoolAssgnmnt="1" Value="3"/>
</AssgnmntListEntry>
</AssgnmntPrefix>
</AssgnmntList>
<ObjMetaDataList/>
<MetaDataList/>
</TestCase>
<TestCase Comment="" Date="1386063802772" Name="com.Testing.AnalyzeTest:testCheckForGameHasEnded">
<CovList>
<CovPrefix CovItemPrefix="com.OriginalFiles.Analyze.java">
<Cov CovItemId="B107" Value="32"/>
<Cov CovItemId="B115" Value="2"/>
<Cov CovItemId="B116" Value="2"/>
<Cov CovItemId="B117" Value="2"/>
<Cov CovItemId="B120" Value="144"/>
<Cov CovItemId="B121" Value="240"/>
<Cov CovItemId="B122" Value="72"/>
<Cov CovItemId="B123" Value="72"/>
<Cov CovItemId="B124" Value="16"/>
<Cov CovItemId="B125" Value="56"/>
<Cov CovItemId="B126" Value="72"/>
<Cov CovItemId="B127" Value="72"/>
<Cov CovItemId="B128" Value="16"/>
<Cov CovItemId="B129" Value="56"/>
<Cov CovItemId="B130" Value="2"/>
<Cov CovItemId="B131" Value="4"/>
<Cov CovItemId="B132" Value="2"/>
<Cov CovItemId="B133" Value="2"/>
<Cov CovItemId="B135" Value="2"/>
<Cov CovItemId="L16-2" Value="6"/>
<Cov CovItemId="L17-2" Value="48"/>
<Cov CovItemId="S199" Value="32"/>
<Cov CovItemId="S200" Value="32"/>
<Cov CovItemId="S201" Value="32"/>
<Cov CovItemId="S202" Value="32"/>
<Cov CovItemId="S203" Value="32"/>
<Cov CovItemId="S204" Value="32"/>
<Cov CovItemId="S212" Value="6"/>
<Cov CovItemId="S213" Value="2"/>
<Cov CovItemId="S214" Value="2"/>
<Cov CovItemId="S215" Value="2"/>
<Cov CovItemId="S216" Value="2"/>
<Cov CovItemId="S217" Value="2"/>
<Cov CovItemId="S221" Value="6"/>
<Cov CovItemId="S222" Value="6"/>
<Cov CovItemId="S223" Value="6"/>
<Cov CovItemId="S224" Value="6"/>
<Cov CovItemId="S225" Value="6"/>
<Cov CovItemId="S226" Value="6"/>
<Cov CovItemId="S227" Value="48"/>
<Cov CovItemId="S228" Value="384"/>
<Cov CovItemId="S229" Value="144"/>
<Cov CovItemId="S230" Value="72"/>
<Cov CovItemId="S231" Value="72"/>
<Cov CovItemId="S232" Value="16"/>
<Cov CovItemId="S233" Value="144"/>
<Cov CovItemId="S234" Value="72"/>
<Cov CovItemId="S235" Value="72"/>
<Cov CovItemId="S236" Value="16"/>
<Cov CovItemId="S237" Value="6"/>
<Cov CovItemId="S238" Value="2"/>
<Cov CovItemId="S239" Value="4"/>
<Cov CovItemId="S240" Value="2"/>
<Cov CovItemId="S241" Value="2"/>
<Cov CovItemId="S250" Value="2"/>
</CovPrefix>
<CovPrefix CovItemPrefix="com.OriginalFiles.Board.java">
<Cov CovItemId="B41" Value="224"/>
<Cov CovItemId="B42" Value="64"/>
<Cov CovItemId="B44" Value="144"/>
<Cov CovItemId="B45" Value="28"/>
<Cov CovItemId="B46" Value="116"/>
<Cov CovItemId="B47" Value="28"/>
<Cov CovItemId="B48" Value="116"/>
<Cov CovItemId="B50" Value="144"/>
<Cov CovItemId="B55" Value="288"/>
<Cov CovItemId="B56" Value="288"/>
<Cov CovItemId="B57" Value="168"/>
<Cov CovItemId="B58" Value="120"/>
<Cov CovItemId="B59" Value="168"/>
<Cov CovItemId="B62" Value="168"/>
<Cov CovItemId="B63" Value="192"/>
<Cov CovItemId="B64" Value="192"/>
<Cov CovItemId="B65" Value="144"/>
<Cov CovItemId="B66" Value="48"/>
<Cov CovItemId="B67" Value="72"/>
<Cov CovItemId="B68" Value="72"/>
<Cov CovItemId="B79" Value="600"/>
<Cov CovItemId="B81" Value="552"/>
<Cov CovItemId="B82" Value="48"/>
<Cov CovItemId="B83" Value="168"/>
<Cov CovItemId="B84" Value="476"/>
<Cov CovItemId="B85" Value="96"/>
<Cov CovItemId="B86" Value="380"/>
<Cov CovItemId="L10-2" Value="96"/>
<Cov CovItemId="L13-2" Value="6"/>
<Cov CovItemId="L14-2" Value="48"/>
<Cov CovItemId="L9-2" Value="12"/>
<Cov CovItemId="S115" Value="288"/>
<Cov CovItemId="S116" Value="224"/>
<Cov CovItemId="S117" Value="64"/>
<Cov CovItemId="S118" Value="144"/>
<Cov CovItemId="S119" Value="144"/>
<Cov CovItemId="S121" Value="144"/>
<Cov CovItemId="S122" Value="144"/>
<Cov CovItemId="S123" Value="144"/>
<Cov CovItemId="S124" Value="144"/>
<Cov CovItemId="S125" Value="28"/>
<Cov CovItemId="S126" Value="144"/>
<Cov CovItemId="S127" Value="28"/>
<Cov CovItemId="S128" Value="144"/>
<Cov CovItemId="S133" Value="144"/>
<Cov CovItemId="S134" Value="144"/>
<Cov CovItemId="S135" Value="576"/>
<Cov CovItemId="S136" Value="288"/>
<Cov CovItemId="S137" Value="288"/>
<Cov CovItemId="S138" Value="168"/>
<Cov CovItemId="S139" Value="168"/>
<Cov CovItemId="S141" Value="288"/>
<Cov CovItemId="S142" Value="576"/>
<Cov CovItemId="S143" Value="6"/>
<Cov CovItemId="S144" Value="6"/>
<Cov CovItemId="S145" Value="48"/>
<Cov CovItemId="S146" Value="384"/>
<Cov CovItemId="S147" Value="192"/>
<Cov CovItemId="S148" Value="144"/>
<Cov CovItemId="S149" Value="72"/>
<Cov CovItemId="S150" Value="72"/>
<Cov CovItemId="S151" Value="6"/>
<Cov CovItemId="S176" Value="600"/>
<Cov CovItemId="S177" Value="600"/>
<Cov CovItemId="S178" Value="552"/>
<Cov CovItemId="S179" Value="48"/>
<Cov CovItemId="S180" Value="644"/>
<Cov CovItemId="S181" Value="168"/>
<Cov CovItemId="S182" Value="476"/>
<Cov CovItemId="S183" Value="96"/>
<Cov CovItemId="S184" Value="380"/>
<Cov CovItemId="S185" Value="1240"/>
<Cov CovItemId="S61" Value="12"/>
<Cov CovItemId="S62" Value="96"/>
<Cov CovItemId="S63" Value="768"/>
</CovPrefix>
<CovPrefix CovItemPrefix="com.OriginalFiles.Field.java">
<Cov CovItemId="B1" Value="32"/>
<Cov CovItemId="B2" Value="8"/>
<Cov CovItemId="S1" Value="88"/>
<Cov CovItemId="S13" Value="64"/>
<Cov CovItemId="S2" Value="88"/>
<Cov CovItemId="S5" Value="40"/>
<Cov CovItemId="S6" Value="40"/>
<Cov CovItemId="S7" Value="32"/>
<Cov CovItemId="S8" Value="1964"/>
<Cov CovItemId="S9" Value="1248"/>
</CovPrefix>
<CovPrefix CovItemPrefix="com.OriginalFiles.Piece.java">
<Cov CovItemId="B10" Value="12"/>
<Cov CovItemId="B11" Value="24"/>
<Cov CovItemId="B12" Value="8"/>
<Cov CovItemId="B14" Value="24"/>
<Cov CovItemId="B15" Value="24"/>
<Cov CovItemId="B18" Value="24"/>
<Cov CovItemId="B2" Value="32"/>
<Cov CovItemId="B34" Value="24"/>
<Cov CovItemId="B35" Value="8"/>
<Cov CovItemId="B36" Value="16"/>
<Cov CovItemId="B37" Value="8"/>
<Cov CovItemId="B40" Value="24"/>
<Cov CovItemId="B5" Value="24"/>
<Cov CovItemId="B6" Value="8"/>
<Cov CovItemId="B9" Value="12"/>
<Cov CovItemId="S1" Value="32"/>
<Cov CovItemId="S10" Value="32"/>
<Cov CovItemId="S11" Value="32"/>
<Cov CovItemId="S12" Value="32"/>
<Cov CovItemId="S13" Value="32"/>
<Cov CovItemId="S14" Value="32"/>
<Cov CovItemId="S15" Value="32"/>
<Cov CovItemId="S16" Value="32"/>
<Cov CovItemId="S17" Value="32"/>
<Cov CovItemId="S18" Value="32"/>
<Cov CovItemId="S19" Value="32"/>
<Cov CovItemId="S2" Value="32"/>
<Cov CovItemId="S20" Value="32"/>
<Cov CovItemId="S21" Value="32"/>
<Cov CovItemId="S24" Value="32"/>
<Cov CovItemId="S25" Value="32"/>
<Cov CovItemId="S26" Value="32"/>
<Cov CovItemId="S3" Value="32"/>
<Cov CovItemId="S30" Value="32"/>
<Cov CovItemId="S31" Value="32"/>
<Cov CovItemId="S32" Value="32"/>
<Cov CovItemId="S33" Value="24"/>
<Cov CovItemId="S34" Value="8"/>
<Cov CovItemId="S35" Value="8"/>
<Cov CovItemId="S39" Value="24"/>
<Cov CovItemId="S4" Value="32"/>
<Cov CovItemId="S40" Value="12"/>
<Cov CovItemId="S41" Value="12"/>
<Cov CovItemId="S42" Value="32"/>
<Cov CovItemId="S43" Value="32"/>
<Cov CovItemId="S44" Value="24"/>
<Cov CovItemId="S45" Value="24"/>
<Cov CovItemId="S46" Value="24"/>
<Cov CovItemId="S48" Value="24"/>
<Cov CovItemId="S49" Value="24"/>
<Cov CovItemId="S5" Value="32"/>
<Cov CovItemId="S50" Value="24"/>
<Cov CovItemId="S6" Value="32"/>
<Cov CovItemId="S65" Value="24"/>
<Cov CovItemId="S67" Value="24"/>
<Cov CovItemId="S68" Value="8"/>
<Cov CovItemId="S69" Value="8"/>
<Cov CovItemId="S7" Value="32"/>
<Cov CovItemId="S70" Value="8"/>
<Cov CovItemId="S71" Value="24"/>
<Cov CovItemId="S73" Value="24"/>
<Cov CovItemId="S8" Value="32"/>
<Cov CovItemId="S9" Value="32"/>
</CovPrefix>
<CovPrefix CovItemPrefix="com.OriginalFiles.RemoteNXTFunctions.java">
<Cov CovItemId="B5" Value="32"/>
<Cov CovItemId="B7" Value="32"/>
<Cov CovItemId="S162" Value="32"/>
<Cov CovItemId="S19" Value="32"/>
<Cov CovItemId="S20" Value="32"/>
<Cov CovItemId="S21" Value="32"/>
<Cov CovItemId="S22" Value="32"/>
</CovPrefix>
</CovList>
<AssgnmntList>
<AssgnmntPrefix RootTermCovItemPrefix="com.OriginalFiles.Analyze.java">
<AssgnmntListEntry Length="6" RootTermCovItemId="C66">
<MapEntry BoolAssgnmnt="111111" Value="32"/>
</AssgnmntListEntry>
<AssgnmntListEntry Length="1" RootTermCovItemId="C70">
<MapEntry BoolAssgnmnt="0" Value="144"/>
<MapEntry BoolAssgnmnt="1" Value="240"/>
</AssgnmntListEntry>
<AssgnmntListEntry Length="1" RootTermCovItemId="C71">
<MapEntry BoolAssgnmnt="0" Value="72"/>
<MapEntry BoolAssgnmnt="1" Value="72"/>
</AssgnmntListEntry>
<AssgnmntListEntry Length="1" RootTermCovItemId="C72">
<MapEntry BoolAssgnmnt="0" Value="56"/>
<MapEntry BoolAssgnmnt="1" Value="16"/>
</AssgnmntListEntry>
<AssgnmntListEntry Length="1" RootTermCovItemId="C73">
<MapEntry BoolAssgnmnt="0" Value="72"/>
<MapEntry BoolAssgnmnt="1" Value="72"/>
</AssgnmntListEntry>
<AssgnmntListEntry Length="1" RootTermCovItemId="C74">
<MapEntry BoolAssgnmnt="0" Value="56"/>
<MapEntry BoolAssgnmnt="1" Value="16"/>
</AssgnmntListEntry>
<AssgnmntListEntry Length="3" RootTermCovItemId="C75">
<MapEntry BoolAssgnmnt="012" Value="2"/>
<MapEntry BoolAssgnmnt="122" Value="2"/>
<MapEntry BoolAssgnmnt="001" Value="2"/>
</AssgnmntListEntry>
<AssgnmntListEntry Length="3" RootTermCovItemId="C76">
<MapEntry BoolAssgnmnt="011" Value="1"/>
<MapEntry BoolAssgnmnt="122" Value="2"/>
<MapEntry BoolAssgnmnt="002" Value="1"/>
</AssgnmntListEntry>
<AssgnmntListEntry Length="2" RootTermCovItemId="C77">
<MapEntry BoolAssgnmnt="02" Value="2"/>
</AssgnmntListEntry>
</AssgnmntPrefix>
<AssgnmntPrefix RootTermCovItemPrefix="com.OriginalFiles.Board.java">
<AssgnmntListEntry Length="1" RootTermCovItemId="C31">
<MapEntry BoolAssgnmnt="0" Value="64"/>
<MapEntry BoolAssgnmnt="1" Value="224"/>
</AssgnmntListEntry>
<AssgnmntListEntry Length="1" RootTermCovItemId="C32">
<MapEntry BoolAssgnmnt="0" Value="144"/>
</AssgnmntListEntry>
<AssgnmntListEntry Length="1" RootTermCovItemId="C33">
<MapEntry BoolAssgnmnt="0" Value="28"/>
<MapEntry BoolAssgnmnt="1" Value="116"/>
</AssgnmntListEntry>
<AssgnmntListEntry Length="1" RootTermCovItemId="C34">
<MapEntry BoolAssgnmnt="0" Value="28"/>
<MapEntry BoolAssgnmnt="1" Value="116"/>
</AssgnmntListEntry>
<AssgnmntListEntry Length="1" RootTermCovItemId="C35">
<MapEntry BoolAssgnmnt="0" Value="144"/>
</AssgnmntListEntry>
<AssgnmntListEntry Length="5" RootTermCovItemId="C38">
<MapEntry BoolAssgnmnt="02002" Value="144"/>
<MapEntry BoolAssgnmnt="10122" Value="144"/>
<MapEntry BoolAssgnmnt="11220" Value="144"/>
<MapEntry BoolAssgnmnt="02010" Value="144"/>
</AssgnmntListEntry>
<AssgnmntListEntry Length="1" RootTermCovItemId="C39">
<MapEntry BoolAssgnmnt="0" Value="120"/>
<MapEntry BoolAssgnmnt="1" Value="168"/>
</AssgnmntListEntry>
<AssgnmntListEntry Length="1" RootTermCovItemId="C40">
<MapEntry BoolAssgnmnt="0" Value="168"/>
</AssgnmntListEntry>
<AssgnmntListEntry Length="2" RootTermCovItemId="C41">
<MapEntry BoolAssgnmnt="02" Value="168"/>
</AssgnmntListEntry>
<AssgnmntListEntry Length="1" RootTermCovItemId="C42">
<MapEntry BoolAssgnmnt="0" Value="192"/>
<MapEntry BoolAssgnmnt="1" Value="192"/>
</AssgnmntListEntry>
<AssgnmntListEntry Length="1" RootTermCovItemId="C43">
<MapEntry BoolAssgnmnt="0" Value="48"/>
<MapEntry BoolAssgnmnt="1" Value="144"/>
</AssgnmntListEntry>
<AssgnmntListEntry Length="1" RootTermCovItemId="C44">
<MapEntry BoolAssgnmnt="0" Value="72"/>
<MapEntry BoolAssgnmnt="1" Value="72"/>
</AssgnmntListEntry>
<AssgnmntListEntry Length="1" RootTermCovItemId="C53">
<MapEntry BoolAssgnmnt="1" Value="600"/>
</AssgnmntListEntry>
<AssgnmntListEntry Length="1" RootTermCovItemId="C54">
<MapEntry BoolAssgnmnt="0" Value="552"/>
<MapEntry BoolAssgnmnt="1" Value="48"/>
</AssgnmntListEntry>
<AssgnmntListEntry Length="3" RootTermCovItemId="C55">
<MapEntry BoolAssgnmnt="002" Value="320"/>
<MapEntry BoolAssgnmnt="120" Value="168"/>
<MapEntry BoolAssgnmnt="121" Value="156"/>
</AssgnmntListEntry>
<AssgnmntListEntry Length="3" RootTermCovItemId="C56">
<MapEntry BoolAssgnmnt="002" Value="156"/>
<MapEntry BoolAssgnmnt="120" Value="224"/>
<MapEntry BoolAssgnmnt="121" Value="96"/>
</AssgnmntListEntry>
</AssgnmntPrefix>
<AssgnmntPrefix RootTermCovItemPrefix="com.OriginalFiles.Field.java">
<AssgnmntListEntry Length="1" RootTermCovItemId="C1">
<MapEntry BoolAssgnmnt="0" Value="32"/>
<MapEntry BoolAssgnmnt="1" Value="8"/>
</AssgnmntListEntry>
</AssgnmntPrefix>
<AssgnmntPrefix RootTermCovItemPrefix="com.OriginalFiles.Piece.java">
<AssgnmntListEntry Length="2" RootTermCovItemId="C1">
<MapEntry BoolAssgnmnt="10" Value="24"/>
<MapEntry BoolAssgnmnt="02" Value="8"/>
</AssgnmntListEntry>
<AssgnmntListEntry Length="5" RootTermCovItemId="C17">
<MapEntry BoolAssgnmnt="00210" Value="12"/>
<MapEntry BoolAssgnmnt="01002" Value="12"/>
</AssgnmntListEntry>
<AssgnmntListEntry Length="5" RootTermCovItemId="C18">
<MapEntry BoolAssgnmnt="00210" Value="8"/>
<MapEntry BoolAssgnmnt="00211" Value="4"/>
<MapEntry BoolAssgnmnt="01002" Value="8"/>
<MapEntry BoolAssgnmnt="01122" Value="4"/>
</AssgnmntListEntry>
<AssgnmntListEntry Length="1" RootTermCovItemId="C19">
<MapEntry BoolAssgnmnt="1" Value="8"/>
</AssgnmntListEntry>
<AssgnmntListEntry Length="1" RootTermCovItemId="C20">
<MapEntry BoolAssgnmnt="0" Value="24"/>
</AssgnmntListEntry>
<AssgnmntListEntry Length="1" RootTermCovItemId="C3">
<MapEntry BoolAssgnmnt="0" Value="8"/>
<MapEntry BoolAssgnmnt="1" Value="24"/>
</AssgnmntListEntry>
<AssgnmntListEntry Length="1" RootTermCovItemId="C5">
<MapEntry BoolAssgnmnt="0" Value="12"/>
<MapEntry BoolAssgnmnt="1" Value="12"/>
</AssgnmntListEntry>
<AssgnmntListEntry Length="1" RootTermCovItemId="C6">
<MapEntry BoolAssgnmnt="0" Value="8"/>
<MapEntry BoolAssgnmnt="1" Value="24"/>
</AssgnmntListEntry>
<AssgnmntListEntry Length="1" RootTermCovItemId="C7">
<MapEntry BoolAssgnmnt="0" Value="24"/>
</AssgnmntListEntry>
<AssgnmntListEntry Length="1" RootTermCovItemId="C8">
<MapEntry BoolAssgnmnt="1" Value="24"/>
</AssgnmntListEntry>
<AssgnmntListEntry Length="1" RootTermCovItemId="C9">
<MapEntry BoolAssgnmnt="0" Value="24"/>
</AssgnmntListEntry>
</AssgnmntPrefix>
<AssgnmntPrefix RootTermCovItemPrefix="com.OriginalFiles.RemoteNXTFunctions.java">
<AssgnmntListEntry Length="1" RootTermCovItemId="C5">
<MapEntry BoolAssgnmnt="1" Value="32"/>
</AssgnmntListEntry>
<AssgnmntListEntry Length="2" RootTermCovItemId="C6">
<MapEntry BoolAssgnmnt="11" Value="32"/>
</AssgnmntListEntry>
</AssgnmntPrefix>
</AssgnmntList>
<ObjMetaDataList/>
<MetaDataList/>
</TestCase>
<TestCase Comment="" Date="1386063802775" Name="com.Testing.AnalyzeTest:testcleanUp">
<CovList>
<CovPrefix CovItemPrefix="com.OriginalFiles.Analyze.java">
<Cov CovItemId="B158" Value="4"/>
<Cov CovItemId="B159" Value="60"/>
<Cov CovItemId="B160" Value="1"/>
<Cov CovItemId="B161" Value="23"/>
<Cov CovItemId="B162" Value="1"/>
<Cov CovItemId="B163" Value="15"/>
<Cov CovItemId="B164" Value="2"/>
<Cov CovItemId="B165" Value="4"/>
<Cov CovItemId="B166" Value="1"/>
<Cov CovItemId="B167" Value="3"/>
<Cov CovItemId="B168" Value="1"/>
<Cov CovItemId="B169" Value="2"/>
<Cov CovItemId="B170" Value="1"/>
<Cov CovItemId="B172" Value="2"/>
<Cov CovItemId="B174" Value="2"/>
<Cov CovItemId="B175" Value="4"/>
<Cov CovItemId="B176" Value="1"/>
<Cov CovItemId="B177" Value="1"/>
<Cov CovItemId="B178" Value="1"/>
<Cov CovItemId="B180" Value="1"/>
<Cov CovItemId="B182" Value="1"/>
<Cov CovItemId="B84" Value="3"/>
<Cov CovItemId="L20-2" Value="1"/>
<Cov CovItemId="L21-2" Value="8"/>
<Cov CovItemId="L22-2" Value="1"/>
<Cov CovItemId="L23-2" Value="8"/>
<Cov CovItemId="L24-2" Value="1"/>
<Cov CovItemId="L25-2" Value="8"/>
<Cov CovItemId="L26-1" Value="1"/>
<Cov CovItemId="L27-1" Value="1"/>
<Cov CovItemId="L28-1" Value="1"/>
<Cov CovItemId="L28-2" Value="1"/>
<Cov CovItemId="L29-1" Value="1"/>
<Cov CovItemId="L29-2" Value="2"/>
<Cov CovItemId="L30-1" Value="1"/>
<Cov CovItemId="L31-1" Value="1"/>
<Cov CovItemId="S149" Value="3"/>
<Cov CovItemId="S270" Value="1"/>
<Cov CovItemId="S271" Value="8"/>
<Cov CovItemId="S272" Value="64"/>
<Cov CovItemId="S273" Value="4"/>
<Cov CovItemId="S274" Value="1"/>
<Cov CovItemId="S275" Value="8"/>
<Cov CovItemId="S276" Value="24"/>
<Cov CovItemId="S277" Value="1"/>
<Cov CovItemId="S278" Value="1"/>
<Cov CovItemId="S279" Value="8"/>
<Cov CovItemId="S280" Value="16"/>
<Cov CovItemId="S281" Value="1"/>
<Cov CovItemId="S282" Value="6"/>
<Cov CovItemId="S283" Value="2"/>
<Cov CovItemId="S284" Value="4"/>
<Cov CovItemId="S285" Value="1"/>
<Cov CovItemId="S286" Value="3"/>
<Cov CovItemId="S287" Value="3"/>
<Cov CovItemId="S288" Value="1"/>
<Cov CovItemId="S289" Value="1"/>
<Cov CovItemId="S290" Value="1"/>
<Cov CovItemId="S291" Value="1"/>
<Cov CovItemId="S292" Value="1"/>
<Cov CovItemId="S293" Value="2"/>
<Cov CovItemId="S294" Value="2"/>
<Cov CovItemId="S295" Value="3"/>
<Cov CovItemId="S296" Value="6"/>
<Cov CovItemId="S297" Value="2"/>
<Cov CovItemId="S298" Value="2"/>
<Cov CovItemId="S299" Value="2"/>
<Cov CovItemId="S300" Value="1"/>
<Cov CovItemId="S301" Value="1"/>
<Cov CovItemId="S302" Value="1"/>
<Cov CovItemId="S303" Value="1"/>
<Cov CovItemId="S304" Value="1"/>
<Cov CovItemId="S306" Value="1"/>
<Cov CovItemId="S307" Value="1"/>
<Cov CovItemId="S308" Value="1"/>
<Cov CovItemId="S309" Value="1"/>
<Cov CovItemId="S310" Value="1"/>
<Cov CovItemId="S311" Value="1"/>
<Cov CovItemId="S313" Value="4"/>
</CovPrefix>
<CovPrefix CovItemPrefix="com.OriginalFiles.Board.java">
<Cov CovItemId="B31" Value="3"/>
<Cov CovItemId="B33" Value="1"/>
<Cov CovItemId="B34" Value="2"/>
<Cov CovItemId="B36" Value="3"/>
<Cov CovItemId="B37" Value="3"/>
<Cov CovItemId="B38" Value="2"/>
<Cov CovItemId="B79" Value="3"/>
<Cov CovItemId="B81" Value="3"/>
<Cov CovItemId="B83" Value="17"/>
<Cov CovItemId="B84" Value="44"/>
<Cov CovItemId="B85" Value="15"/>
<Cov CovItemId="B86" Value="29"/>
<Cov CovItemId="S100" Value="1"/>
<Cov CovItemId="S101" Value="2"/>
<Cov CovItemId="S102" Value="3"/>
<Cov CovItemId="S104" Value="3"/>
<Cov CovItemId="S106" Value="5"/>
<Cov CovItemId="S107" Value="5"/>
<Cov CovItemId="S108" Value="5"/>
<Cov CovItemId="S109" Value="3"/>
<Cov CovItemId="S176" Value="3"/>
<Cov CovItemId="S177" Value="3"/>
<Cov CovItemId="S178" Value="3"/>
<Cov CovItemId="S180" Value="61"/>
<Cov CovItemId="S181" Value="17"/>
<Cov CovItemId="S182" Value="44"/>
<Cov CovItemId="S183" Value="15"/>
<Cov CovItemId="S184" Value="29"/>
<Cov CovItemId="S185" Value="47"/>
<Cov CovItemId="S98" Value="3"/>
<Cov CovItemId="S99" Value="3"/>
</CovPrefix>
<CovPrefix CovItemPrefix="com.OriginalFiles.Field.java">
<Cov CovItemId="B1" Value="11"/>
<Cov CovItemId="S13" Value="71"/>
<Cov CovItemId="S5" Value="11"/>
<Cov CovItemId="S6" Value="11"/>
<Cov CovItemId="S7" Value="11"/>
<Cov CovItemId="S8" Value="30"/>
<Cov CovItemId="S9" Value="130"/>
</CovPrefix>
<CovPrefix CovItemPrefix="com.OriginalFiles.Move.java">
<Cov CovItemId="S1" Value="5"/>
<Cov CovItemId="S2" Value="5"/>
<Cov CovItemId="S3" Value="5"/>
<Cov CovItemId="S4" Value="5"/>
<Cov CovItemId="S5" Value="5"/>
<Cov CovItemId="S6" Value="5"/>
<Cov CovItemId="S7" Value="5"/>
</CovPrefix>
<CovPrefix CovItemPrefix="com.OriginalFiles.Piece.java">
<Cov CovItemId="B1" Value="2"/>
<Cov CovItemId="B10" Value="9"/>
<Cov CovItemId="B11" Value="13"/>
<Cov CovItemId="B12" Value="4"/>
<Cov CovItemId="B13" Value="2"/>
<Cov CovItemId="B14" Value="11"/>
<Cov CovItemId="B15" Value="13"/>
<Cov CovItemId="B18" Value="13"/>
<Cov CovItemId="B2" Value="15"/>
<Cov CovItemId="B33" Value="2"/>
<Cov CovItemId="B34" Value="11"/>
<Cov CovItemId="B35" Value="2"/>
<Cov CovItemId="B36" Value="11"/>
<Cov CovItemId="B37" Value="2"/>
<Cov CovItemId="B39" Value="2"/>
<Cov CovItemId="B4" Value="2"/>
<Cov CovItemId="B40" Value="11"/>
<Cov CovItemId="B5" Value="13"/>
<Cov CovItemId="B6" Value="4"/>
<Cov CovItemId="B9" Value="4"/>
<Cov CovItemId="S1" Value="6"/>
<Cov CovItemId="S10" Value="6"/>
<Cov CovItemId="S11" Value="6"/>
<Cov CovItemId="S12" Value="6"/>
<Cov CovItemId="S13" Value="6"/>
<Cov CovItemId="S14" Value="6"/>
<Cov CovItemId="S15" Value="6"/>
<Cov CovItemId="S16" Value="6"/>
<Cov CovItemId="S17" Value="6"/>
<Cov CovItemId="S18" Value="6"/>
<Cov CovItemId="S19" Value="6"/>
<Cov CovItemId="S2" Value="6"/>
<Cov CovItemId="S20" Value="6"/>
<Cov CovItemId="S21" Value="6"/>
<Cov CovItemId="S22" Value="7"/>
<Cov CovItemId="S24" Value="17"/>
<Cov CovItemId="S25" Value="17"/>
<Cov CovItemId="S26" Value="17"/>
<Cov CovItemId="S27" Value="2"/>
<Cov CovItemId="S29" Value="2"/>
<Cov CovItemId="S3" Value="6"/>
<Cov CovItemId="S30" Value="15"/>
<Cov CovItemId="S31" Value="17"/>
<Cov CovItemId="S32" Value="17"/>
<Cov CovItemId="S33" Value="13"/>
<Cov CovItemId="S34" Value="4"/>
<Cov CovItemId="S35" Value="4"/>
<Cov CovItemId="S39" Value="13"/>
<Cov CovItemId="S4" Value="6"/>
<Cov CovItemId="S40" Value="4"/>
<Cov CovItemId="S41" Value="9"/>
<Cov CovItemId="S42" Value="17"/>
<Cov CovItemId="S43" Value="17"/>
<Cov CovItemId="S44" Value="13"/>
<Cov CovItemId="S45" Value="13"/>
<Cov CovItemId="S46" Value="13"/>
<Cov CovItemId="S47" Value="2"/>
<Cov CovItemId="S48" Value="13"/>
<Cov CovItemId="S49" Value="13"/>
<Cov CovItemId="S5" Value="6"/>
<Cov CovItemId="S50" Value="13"/>
<Cov CovItemId="S6" Value="6"/>
<Cov CovItemId="S65" Value="13"/>
<Cov CovItemId="S66" Value="2"/>
<Cov CovItemId="S67" Value="13"/>
<Cov CovItemId="S68" Value="2"/>
<Cov CovItemId="S69" Value="2"/>
<Cov CovItemId="S7" Value="6"/>
<Cov CovItemId="S70" Value="2"/>
<Cov CovItemId="S71" Value="13"/>
<Cov CovItemId="S72" Value="2"/>
<Cov CovItemId="S73" Value="13"/>
<Cov CovItemId="S8" Value="6"/>
<Cov CovItemId="S9" Value="6"/>
</CovPrefix>
<CovPrefix CovItemPrefix="com.OriginalFiles.RemoteNXTFunctions.java">
<Cov CovItemId="B2" Value="5"/>
<Cov CovItemId="B4" Value="5"/>
<Cov CovItemId="L1-1" Value="5"/>
<Cov CovItemId="L2-0" Value="5"/>
<Cov CovItemId="S10" Value="5"/>
<Cov CovItemId="S12" Value="5"/>
<Cov CovItemId="S14" Value="5"/>
<Cov CovItemId="S15" Value="5"/>
<Cov CovItemId="S17" Value="5"/>
<Cov CovItemId="S18" Value="5"/>
<Cov CovItemId="S6" Value="5"/>
<Cov CovItemId="S7" Value="5"/>
<Cov CovItemId="S8" Value="5"/>
<Cov CovItemId="S9" Value="5"/>
</CovPrefix>
</CovList>
<AssgnmntList>
<AssgnmntPrefix RootTermCovItemPrefix="com.OriginalFiles.Analyze.java">
<AssgnmntListEntry Length="1" RootTermCovItemId="C100">
<MapEntry BoolAssgnmnt="1" Value="2"/>
</AssgnmntListEntry>
<AssgnmntListEntry Length="1" RootTermCovItemId="C101">
<MapEntry BoolAssgnmnt="1" Value="3"/>
</AssgnmntListEntry>
<AssgnmntListEntry Length="1" RootTermCovItemId="C102">
<MapEntry BoolAssgnmnt="0" Value="1"/>
<MapEntry BoolAssgnmnt="1" Value="6"/>
</AssgnmntListEntry>
<AssgnmntListEntry Length="2" RootTermCovItemId="C103">
<MapEntry BoolAssgnmnt="10" Value="3"/>
<MapEntry BoolAssgnmnt="02" Value="1"/>
<MapEntry BoolAssgnmnt="11" Value="2"/>
</AssgnmntListEntry>
<AssgnmntListEntry Length="1" RootTermCovItemId="C104">
<MapEntry BoolAssgnmnt="0" Value="1"/>
<MapEntry BoolAssgnmnt="1" Value="1"/>
</AssgnmntListEntry>
<AssgnmntListEntry Length="1" RootTermCovItemId="C105">
<MapEntry BoolAssgnmnt="0" Value="1"/>
</AssgnmntListEntry>
<AssgnmntListEntry Length="1" RootTermCovItemId="C106">
<MapEntry BoolAssgnmnt="1" Value="1"/>
</AssgnmntListEntry>
<AssgnmntListEntry Length="1" RootTermCovItemId="C107">
<MapEntry BoolAssgnmnt="1" Value="1"/>
</AssgnmntListEntry>
<AssgnmntListEntry Length="1" RootTermCovItemId="C108">
<MapEntry BoolAssgnmnt="0" Value="1"/>
</AssgnmntListEntry>
<AssgnmntListEntry Length="1" RootTermCovItemId="C109">
<MapEntry BoolAssgnmnt="1" Value="1"/>
</AssgnmntListEntry>
<AssgnmntListEntry Length="1" RootTermCovItemId="C49">
<MapEntry BoolAssgnmnt="0" Value="3"/>
</AssgnmntListEntry>
<AssgnmntListEntry Length="1" RootTermCovItemId="C91">
<MapEntry BoolAssgnmnt="0" Value="4"/>
<MapEntry BoolAssgnmnt="1" Value="60"/>
</AssgnmntListEntry>
<AssgnmntListEntry Length="1" RootTermCovItemId="C92">
<MapEntry BoolAssgnmnt="0" Value="1"/>
<MapEntry BoolAssgnmnt="1" Value="23"/>
</AssgnmntListEntry>
<AssgnmntListEntry Length="1" RootTermCovItemId="C93">
<MapEntry BoolAssgnmnt="0" Value="1"/>
<MapEntry BoolAssgnmnt="1" Value="15"/>
</AssgnmntListEntry>
<AssgnmntListEntry Length="1" RootTermCovItemId="C94">
<MapEntry BoolAssgnmnt="0" Value="4"/>
<MapEntry BoolAssgnmnt="1" Value="2"/>
</AssgnmntListEntry>
<AssgnmntListEntry Length="1" RootTermCovItemId="C95">
<MapEntry BoolAssgnmnt="0" Value="3"/>
<MapEntry BoolAssgnmnt="1" Value="1"/>
</AssgnmntListEntry>
<AssgnmntListEntry Length="1" RootTermCovItemId="C96">
<MapEntry BoolAssgnmnt="0" Value="2"/>
<MapEntry BoolAssgnmnt="1" Value="1"/>
</AssgnmntListEntry>
<AssgnmntListEntry Length="1" RootTermCovItemId="C97">
<MapEntry BoolAssgnmnt="1" Value="1"/>
</AssgnmntListEntry>
<AssgnmntListEntry Length="1" RootTermCovItemId="C98">
<MapEntry BoolAssgnmnt="1" Value="1"/>
</AssgnmntListEntry>
<AssgnmntListEntry Length="2" RootTermCovItemId="C99">
<MapEntry BoolAssgnmnt="11" Value="1"/>
</AssgnmntListEntry>
</AssgnmntPrefix>
<AssgnmntPrefix RootTermCovItemPrefix="com.OriginalFiles.Board.java">
<AssgnmntListEntry Length="1" RootTermCovItemId="C26">
<MapEntry BoolAssgnmnt="0" Value="3"/>
</AssgnmntListEntry>
<AssgnmntListEntry Length="1" RootTermCovItemId="C27">
<MapEntry BoolAssgnmnt="0" Value="2"/>
<MapEntry BoolAssgnmnt="1" Value="1"/>
</AssgnmntListEntry>
<AssgnmntListEntry Length="2" RootTermCovItemId="C28">
<MapEntry BoolAssgnmnt="02" Value="3"/>
</AssgnmntListEntry>
<AssgnmntListEntry Length="1" RootTermCovItemId="C29">
<MapEntry BoolAssgnmnt="0" Value="2"/>
<MapEntry BoolAssgnmnt="1" Value="3"/>
</AssgnmntListEntry>
<AssgnmntListEntry Length="1" RootTermCovItemId="C53">
<MapEntry BoolAssgnmnt="1" Value="3"/>
</AssgnmntListEntry>
<AssgnmntListEntry Length="1" RootTermCovItemId="C54">
<MapEntry BoolAssgnmnt="0" Value="3"/>
</AssgnmntListEntry>
<AssgnmntListEntry Length="3" RootTermCovItemId="C55">
<MapEntry BoolAssgnmnt="011" Value="2"/>
<MapEntry BoolAssgnmnt="010" Value="3"/>
<MapEntry BoolAssgnmnt="002" Value="26"/>
<MapEntry BoolAssgnmnt="120" Value="14"/>
<MapEntry BoolAssgnmnt="121" Value="16"/>
</AssgnmntListEntry>
<AssgnmntListEntry Length="3" RootTermCovItemId="C56">
<MapEntry BoolAssgnmnt="011" Value="3"/>
<MapEntry BoolAssgnmnt="010" Value="2"/>
<MapEntry BoolAssgnmnt="002" Value="18"/>
<MapEntry BoolAssgnmnt="120" Value="9"/>
<MapEntry BoolAssgnmnt="121" Value="12"/>
</AssgnmntListEntry>
</AssgnmntPrefix>
<AssgnmntPrefix RootTermCovItemPrefix="com.OriginalFiles.Field.java">
<AssgnmntListEntry Length="1" RootTermCovItemId="C1">
<MapEntry BoolAssgnmnt="0" Value="11"/>
</AssgnmntListEntry>
</AssgnmntPrefix>
<AssgnmntPrefix RootTermCovItemPrefix="com.OriginalFiles.Piece.java">
<AssgnmntListEntry Length="2" RootTermCovItemId="C1">
<MapEntry BoolAssgnmnt="10" Value="11"/>
<MapEntry BoolAssgnmnt="02" Value="4"/>
<MapEntry BoolAssgnmnt="11" Value="2"/>
</AssgnmntListEntry>
<AssgnmntListEntry Length="5" RootTermCovItemId="C17">
<MapEntry BoolAssgnmnt="00210" Value="4"/>
<MapEntry BoolAssgnmnt="00211" Value="2"/>
<MapEntry BoolAssgnmnt="01002" Value="5"/>
<MapEntry BoolAssgnmnt="12222" Value="2"/>
</AssgnmntListEntry>
<AssgnmntListEntry Length="5" RootTermCovItemId="C18">
<MapEntry BoolAssgnmnt="00210" Value="5"/>
<MapEntry BoolAssgnmnt="00211" Value="1"/>
<MapEntry BoolAssgnmnt="01002" Value="4"/>
<MapEntry BoolAssgnmnt="12222" Value="2"/>
<MapEntry BoolAssgnmnt="01122" Value="1"/>
</AssgnmntListEntry>
<AssgnmntListEntry Length="1" RootTermCovItemId="C19">
<MapEntry BoolAssgnmnt="1" Value="2"/>
</AssgnmntListEntry>
<AssgnmntListEntry Length="2" RootTermCovItemId="C2">
<MapEntry BoolAssgnmnt="02" Value="2"/>
</AssgnmntListEntry>
<AssgnmntListEntry Length="1" RootTermCovItemId="C20">
<MapEntry BoolAssgnmnt="0" Value="11"/>
<MapEntry BoolAssgnmnt="1" Value="2"/>
</AssgnmntListEntry>
<AssgnmntListEntry Length="1" RootTermCovItemId="C3">
<MapEntry BoolAssgnmnt="0" Value="4"/>
<MapEntry BoolAssgnmnt="1" Value="13"/>
</AssgnmntListEntry>
<AssgnmntListEntry Length="1" RootTermCovItemId="C5">
<MapEntry BoolAssgnmnt="0" Value="9"/>
<MapEntry BoolAssgnmnt="1" Value="4"/>
</AssgnmntListEntry>
<AssgnmntListEntry Length="1" RootTermCovItemId="C6">
<MapEntry BoolAssgnmnt="0" Value="4"/>
<MapEntry BoolAssgnmnt="1" Value="13"/>
</AssgnmntListEntry>
<AssgnmntListEntry Length="1" RootTermCovItemId="C7">
<MapEntry BoolAssgnmnt="0" Value="11"/>
<MapEntry BoolAssgnmnt="1" Value="2"/>
</AssgnmntListEntry>
<AssgnmntListEntry Length="1" RootTermCovItemId="C8">
<MapEntry BoolAssgnmnt="1" Value="13"/>
</AssgnmntListEntry>
<AssgnmntListEntry Length="1" RootTermCovItemId="C9">
<MapEntry BoolAssgnmnt="0" Value="13"/>
</AssgnmntListEntry>
</AssgnmntPrefix>
<AssgnmntPrefix RootTermCovItemPrefix="com.OriginalFiles.RemoteNXTFunctions.java">
<AssgnmntListEntry Length="1" RootTermCovItemId="C1">
<MapEntry BoolAssgnmnt="0" Value="5"/>
<MapEntry BoolAssgnmnt="1" Value="5"/>
</AssgnmntListEntry>
<AssgnmntListEntry Length="1" RootTermCovItemId="C2">
<MapEntry BoolAssgnmnt="0" Value="5"/>
</AssgnmntListEntry>
<AssgnmntListEntry Length="1" RootTermCovItemId="C3">
<MapEntry BoolAssgnmnt="0" Value="5"/>
</AssgnmntListEntry>
<AssgnmntListEntry Length="2" RootTermCovItemId="C4">
<MapEntry BoolAssgnmnt="10" Value="3"/>
<MapEntry BoolAssgnmnt="02" Value="2"/>
</AssgnmntListEntry>
</AssgnmntPrefix>
</AssgnmntList>
<ObjMetaDataList/>
<MetaDataList/>
</TestCase>
<TestCase Comment="" Date="1386063802779" Name="com.Testing.AnalyzeTest:testCheckForGameIsDraw">
<CovList>
<CovPrefix CovItemPrefix="com.OriginalFiles.Analyze.java">
<Cov CovItemId="B115" Value="8"/>
<Cov CovItemId="B118" Value="20"/>
<Cov CovItemId="B120" Value="56"/>
<Cov CovItemId="B121" Value="1736"/>
<Cov CovItemId="B122" Value="28"/>
<Cov CovItemId="B123" Value="28"/>
<Cov CovItemId="B124" Value="28"/>
<Cov CovItemId="B126" Value="28"/>
<Cov CovItemId="B127" Value="28"/>
<Cov CovItemId="B128" Value="28"/>
<Cov CovItemId="B131" Value="28"/>
<Cov CovItemId="B133" Value="28"/>
<Cov CovItemId="B134" Value="28"/>
<Cov CovItemId="B136" Value="28"/>
<Cov CovItemId="B138" Value="28"/>
<Cov CovItemId="B140" Value="8"/>
<Cov CovItemId="B141" Value="20"/>
<Cov CovItemId="B142" Value="12"/>
<Cov CovItemId="B143" Value="8"/>
<Cov CovItemId="B156" Value="28"/>
<Cov CovItemId="B157" Value="28"/>
<Cov CovItemId="L16-2" Value="28"/>
<Cov CovItemId="L17-2" Value="224"/>
<Cov CovItemId="S212" Value="28"/>
<Cov CovItemId="S213" Value="8"/>
<Cov CovItemId="S218" Value="20"/>
<Cov CovItemId="S219" Value="20"/>
<Cov CovItemId="S221" Value="28"/>
<Cov CovItemId="S222" Value="28"/>
<Cov CovItemId="S223" Value="28"/>
<Cov CovItemId="S224" Value="28"/>
<Cov CovItemId="S225" Value="28"/>
<Cov CovItemId="S226" Value="28"/>
<Cov CovItemId="S227" Value="224"/>
<Cov CovItemId="S228" Value="1792"/>
<Cov CovItemId="S229" Value="56"/>
<Cov CovItemId="S230" Value="28"/>
<Cov CovItemId="S231" Value="28"/>
<Cov CovItemId="S232" Value="28"/>
<Cov CovItemId="S233" Value="56"/>
<Cov CovItemId="S234" Value="28"/>
<Cov CovItemId="S235" Value="28"/>
<Cov CovItemId="S236" Value="28"/>
<Cov CovItemId="S237" Value="28"/>
<Cov CovItemId="S239" Value="28"/>
<Cov CovItemId="S241" Value="28"/>
<Cov CovItemId="S242" Value="28"/>
<Cov CovItemId="S243" Value="28"/>
<Cov CovItemId="S244" Value="28"/>
<Cov CovItemId="S245" Value="28"/>
<Cov CovItemId="S246" Value="28"/>
<Cov CovItemId="S247" Value="8"/>
<Cov CovItemId="S248" Value="20"/>
<Cov CovItemId="S249" Value="12"/>
<Cov CovItemId="S250" Value="8"/>
<Cov CovItemId="S267" Value="56"/>
<Cov CovItemId="S268" Value="28"/>
<Cov CovItemId="S269" Value="28"/>
</CovPrefix>
<CovPrefix CovItemPrefix="com.OriginalFiles.Board.java">
<Cov CovItemId="B41" Value="154"/>
<Cov CovItemId="B42" Value="28"/>
<Cov CovItemId="B43" Value="14"/>
<Cov CovItemId="B44" Value="42"/>
<Cov CovItemId="B45" Value="31"/>
<Cov CovItemId="B46" Value="11"/>
<Cov CovItemId="B47" Value="32"/>
<Cov CovItemId="B48" Value="10"/>
<Cov CovItemId="B49" Value="42"/>
<Cov CovItemId="B51" Value="30"/>
<Cov CovItemId="B52" Value="12"/>
<Cov CovItemId="B53" Value="33"/>
<Cov CovItemId="B54" Value="9"/>
<Cov CovItemId="B56" Value="198"/>
<Cov CovItemId="B57" Value="84"/>
<Cov CovItemId="B58" Value="114"/>
<Cov CovItemId="B59" Value="84"/>
<Cov CovItemId="B61" Value="14"/>
<Cov CovItemId="B62" Value="70"/>
<Cov CovItemId="B63" Value="896"/>
<Cov CovItemId="B64" Value="896"/>
<Cov CovItemId="B65" Value="56"/>
<Cov CovItemId="B66" Value="840"/>
<Cov CovItemId="B67" Value="28"/>
<Cov CovItemId="B68" Value="28"/>
<Cov CovItemId="B79" Value="252"/>
<Cov CovItemId="B81" Value="182"/>
<Cov CovItemId="B82" Value="70"/>
<Cov CovItemId="B83" Value="120"/>
<Cov CovItemId="B84" Value="274"/>
<Cov CovItemId="B85" Value="90"/>
<Cov CovItemId="B86" Value="184"/>
<Cov CovItemId="L10-2" Value="448"/>
<Cov CovItemId="L13-2" Value="28"/>
<Cov CovItemId="L14-2" Value="224"/>
<Cov CovItemId="L9-2" Value="56"/>
<Cov CovItemId="S115" Value="182"/>
<Cov CovItemId="S116" Value="154"/>
<Cov CovItemId="S117" Value="28"/>
<Cov CovItemId="S118" Value="56"/>
<Cov CovItemId="S119" Value="56"/>
<Cov CovItemId="S120" Value="14"/>
<Cov CovItemId="S121" Value="42"/>
<Cov CovItemId="S122" Value="42"/>
<Cov CovItemId="S123" Value="42"/>
<Cov CovItemId="S124" Value="42"/>
<Cov CovItemId="S125" Value="31"/>
<Cov CovItemId="S126" Value="42"/>
<Cov CovItemId="S127" Value="32"/>
<Cov CovItemId="S128" Value="42"/>
<Cov CovItemId="S129" Value="42"/>
<Cov CovItemId="S130" Value="30"/>
<Cov CovItemId="S131" Value="42"/>
<Cov CovItemId="S132" Value="33"/>
<Cov CovItemId="S133" Value="42"/>
<Cov CovItemId="S134" Value="56"/>
<Cov CovItemId="S135" Value="198"/>
<Cov CovItemId="S137" Value="198"/>
<Cov CovItemId="S138" Value="84"/>
<Cov CovItemId="S139" Value="84"/>
<Cov CovItemId="S140" Value="14"/>
<Cov CovItemId="S141" Value="184"/>
<Cov CovItemId="S142" Value="198"/>
<Cov CovItemId="S143" Value="28"/>
<Cov CovItemId="S144" Value="28"/>
<Cov CovItemId="S145" Value="224"/>
<Cov CovItemId="S146" Value="1792"/>
<Cov CovItemId="S147" Value="896"/>
<Cov CovItemId="S148" Value="56"/>
<Cov CovItemId="S149" Value="28"/>
<Cov CovItemId="S150" Value="28"/>
<Cov CovItemId="S151" Value="28"/>
<Cov CovItemId="S176" Value="252"/>
<Cov CovItemId="S177" Value="252"/>
<Cov CovItemId="S178" Value="182"/>
<Cov CovItemId="S179" Value="70"/>
<Cov CovItemId="S180" Value="394"/>
<Cov CovItemId="S181" Value="120"/>
<Cov CovItemId="S182" Value="274"/>
<Cov CovItemId="S183" Value="90"/>
<Cov CovItemId="S184" Value="184"/>
<Cov CovItemId="S185" Value="856"/>
<Cov CovItemId="S61" Value="56"/>
<Cov CovItemId="S62" Value="448"/>
<Cov CovItemId="S63" Value="3584"/>
</CovPrefix>
<CovPrefix CovItemPrefix="com.OriginalFiles.Field.java">
<Cov CovItemId="B1" Value="56"/>
<Cov CovItemId="S13" Value="1792"/>
<Cov CovItemId="S5" Value="56"/>
<Cov CovItemId="S6" Value="56"/>
<Cov CovItemId="S7" Value="56"/>
<Cov CovItemId="S8" Value="1456"/>
<Cov CovItemId="S9" Value="2254"/>
</CovPrefix>
<CovPrefix CovItemPrefix="com.OriginalFiles.Piece.java">
<Cov CovItemId="B1" Value="56"/>
<Cov CovItemId="B10" Value="48"/>
<Cov CovItemId="B11" Value="112"/>
<Cov CovItemId="B13" Value="56"/>
<Cov CovItemId="B14" Value="56"/>
<Cov CovItemId="B15" Value="112"/>
<Cov CovItemId="B18" Value="112"/>
<Cov CovItemId="B2" Value="56"/>
<Cov CovItemId="B33" Value="14"/>
<Cov CovItemId="B34" Value="98"/>
<Cov CovItemId="B35" Value="8"/>
<Cov CovItemId="B36" Value="104"/>
<Cov CovItemId="B37" Value="8"/>
<Cov CovItemId="B39" Value="56"/>
<Cov CovItemId="B4" Value="56"/>
<Cov CovItemId="B40" Value="56"/>
<Cov CovItemId="B5" Value="112"/>
<Cov CovItemId="B9" Value="64"/>
<Cov CovItemId="S1" Value="56"/>
<Cov CovItemId="S10" Value="56"/>
<Cov CovItemId="S11" Value="56"/>
<Cov CovItemId="S12" Value="56"/>
<Cov CovItemId="S13" Value="56"/>
<Cov CovItemId="S14" Value="56"/>
<Cov CovItemId="S15" Value="56"/>
<Cov CovItemId="S16" Value="56"/>
<Cov CovItemId="S17" Value="56"/>
<Cov CovItemId="S18" Value="56"/>
<Cov CovItemId="S19" Value="56"/>
<Cov CovItemId="S2" Value="56"/>
<Cov CovItemId="S20" Value="56"/>
<Cov CovItemId="S21" Value="56"/>
<Cov CovItemId="S22" Value="42"/>
<Cov CovItemId="S23" Value="178"/>
<Cov CovItemId="S24" Value="112"/>
<Cov CovItemId="S25" Value="112"/>
<Cov CovItemId="S26" Value="112"/>
<Cov CovItemId="S27" Value="56"/>
<Cov CovItemId="S29" Value="56"/>
<Cov CovItemId="S3" Value="56"/>
<Cov CovItemId="S30" Value="56"/>
<Cov CovItemId="S31" Value="112"/>
<Cov CovItemId="S32" Value="112"/>
<Cov CovItemId="S33" Value="112"/>
<Cov CovItemId="S39" Value="112"/>
<Cov CovItemId="S4" Value="56"/>
<Cov CovItemId="S40" Value="64"/>
<Cov CovItemId="S41" Value="48"/>
<Cov CovItemId="S42" Value="112"/>
<Cov CovItemId="S43" Value="112"/>
<Cov CovItemId="S44" Value="112"/>
<Cov CovItemId="S45" Value="112"/>
<Cov CovItemId="S46" Value="112"/>
<Cov CovItemId="S47" Value="56"/>
<Cov CovItemId="S48" Value="112"/>
<Cov CovItemId="S49" Value="112"/>
<Cov CovItemId="S5" Value="56"/>
<Cov CovItemId="S50" Value="112"/>
<Cov CovItemId="S6" Value="56"/>
<Cov CovItemId="S65" Value="112"/>
<Cov CovItemId="S66" Value="14"/>
<Cov CovItemId="S67" Value="112"/>
<Cov CovItemId="S68" Value="8"/>
<Cov CovItemId="S69" Value="8"/>
<Cov CovItemId="S7" Value="56"/>
<Cov CovItemId="S70" Value="8"/>
<Cov CovItemId="S71" Value="112"/>
<Cov CovItemId="S72" Value="56"/>
<Cov CovItemId="S73" Value="112"/>
<Cov CovItemId="S8" Value="56"/>
<Cov CovItemId="S9" Value="56"/>
</CovPrefix>
</CovList>
<AssgnmntList>
<AssgnmntPrefix RootTermCovItemPrefix="com.OriginalFiles.Analyze.java">
<AssgnmntListEntry Length="1" RootTermCovItemId="C70">
<MapEntry BoolAssgnmnt="0" Value="56"/>
<MapEntry BoolAssgnmnt="1" Value="1736"/>
</AssgnmntListEntry>
<AssgnmntListEntry Length="1" RootTermCovItemId="C71">
<MapEntry BoolAssgnmnt="0" Value="28"/>
<MapEntry BoolAssgnmnt="1" Value="28"/>
</AssgnmntListEntry>
<AssgnmntListEntry Length="1" RootTermCovItemId="C72">
<MapEntry BoolAssgnmnt="1" Value="28"/>
</AssgnmntListEntry>
<AssgnmntListEntry Length="1" RootTermCovItemId="C73">
<MapEntry BoolAssgnmnt="0" Value="28"/>
<MapEntry BoolAssgnmnt="1" Value="28"/>
</AssgnmntListEntry>
<AssgnmntListEntry Length="1" RootTermCovItemId="C74">
<MapEntry BoolAssgnmnt="1" Value="28"/>
</AssgnmntListEntry>
<AssgnmntListEntry Length="3" RootTermCovItemId="C75">
<MapEntry BoolAssgnmnt="012" Value="12"/>
<MapEntry BoolAssgnmnt="001" Value="16"/>
</AssgnmntListEntry>
<AssgnmntListEntry Length="3" RootTermCovItemId="C76">
<MapEntry BoolAssgnmnt="011" Value="12"/>
<MapEntry BoolAssgnmnt="002" Value="16"/>
</AssgnmntListEntry>
<AssgnmntListEntry Length="2" RootTermCovItemId="C77">
<MapEntry BoolAssgnmnt="11" Value="28"/>
</AssgnmntListEntry>
<AssgnmntListEntry Length="2" RootTermCovItemId="C78">
<MapEntry BoolAssgnmnt="11" Value="28"/>
</AssgnmntListEntry>
<AssgnmntListEntry Length="2" RootTermCovItemId="C79">
<MapEntry BoolAssgnmnt="01" Value="12"/>
<MapEntry BoolAssgnmnt="12" Value="16"/>
</AssgnmntListEntry>
<AssgnmntListEntry Length="2" RootTermCovItemId="C80">
<MapEntry BoolAssgnmnt="10" Value="8"/>
<MapEntry BoolAssgnmnt="02" Value="16"/>
<MapEntry BoolAssgnmnt="11" Value="4"/>
</AssgnmntListEntry>
<AssgnmntListEntry Length="2" RootTermCovItemId="C81">
<MapEntry BoolAssgnmnt="01" Value="4"/>
<MapEntry BoolAssgnmnt="00" Value="12"/>
<MapEntry BoolAssgnmnt="12" Value="4"/>
</AssgnmntListEntry>
<AssgnmntListEntry Length="8" RootTermCovItemId="C90">
<MapEntry BoolAssgnmnt="02100202" Value="8"/>
<MapEntry BoolAssgnmnt="02021122" Value="6"/>
<MapEntry BoolAssgnmnt="11222222" Value="8"/>
<MapEntry BoolAssgnmnt="02020202" Value="14"/>
<MapEntry BoolAssgnmnt="02020210" Value="6"/>
<MapEntry BoolAssgnmnt="02020211" Value="6"/>
<MapEntry BoolAssgnmnt="02112222" Value="8"/>
</AssgnmntListEntry>
</AssgnmntPrefix>
<AssgnmntPrefix RootTermCovItemPrefix="com.OriginalFiles.Board.java">
<AssgnmntListEntry Length="1" RootTermCovItemId="C31">
<MapEntry BoolAssgnmnt="0" Value="28"/>
<MapEntry BoolAssgnmnt="1" Value="154"/>
</AssgnmntListEntry>
<AssgnmntListEntry Length="1" RootTermCovItemId="C32">
<MapEntry BoolAssgnmnt="0" Value="42"/>
<MapEntry BoolAssgnmnt="1" Value="14"/>
</AssgnmntListEntry>
<AssgnmntListEntry Length="1" RootTermCovItemId="C33">
<MapEntry BoolAssgnmnt="0" Value="31"/>
<MapEntry BoolAssgnmnt="1" Value="11"/>
</AssgnmntListEntry>
<AssgnmntListEntry Length="1" RootTermCovItemId="C34">
<MapEntry BoolAssgnmnt="0" Value="32"/>
<MapEntry BoolAssgnmnt="1" Value="10"/>
</AssgnmntListEntry>
<AssgnmntListEntry Length="1" RootTermCovItemId="C35">
<MapEntry BoolAssgnmnt="1" Value="42"/>
</AssgnmntListEntry>
<AssgnmntListEntry Length="1" RootTermCovItemId="C36">
<MapEntry BoolAssgnmnt="0" Value="30"/>
<MapEntry BoolAssgnmnt="1" Value="12"/>
</AssgnmntListEntry>
<AssgnmntListEntry Length="1" RootTermCovItemId="C37">
<MapEntry BoolAssgnmnt="0" Value="33"/>
<MapEntry BoolAssgnmnt="1" Value="9"/>
</AssgnmntListEntry>
<AssgnmntListEntry Length="5" RootTermCovItemId="C38">
<MapEntry BoolAssgnmnt="02002" Value="52"/>
<MapEntry BoolAssgnmnt="10122" Value="48"/>
<MapEntry BoolAssgnmnt="11221" Value="54"/>
<MapEntry BoolAssgnmnt="02011" Value="44"/>
</AssgnmntListEntry>
<AssgnmntListEntry Length="1" RootTermCovItemId="C39">
<MapEntry BoolAssgnmnt="0" Value="114"/>
<MapEntry BoolAssgnmnt="1" Value="84"/>
</AssgnmntListEntry>
<AssgnmntListEntry Length="1" RootTermCovItemId="C40">
<MapEntry BoolAssgnmnt="0" Value="84"/>
</AssgnmntListEntry>
<AssgnmntListEntry Length="2" RootTermCovItemId="C41">
<MapEntry BoolAssgnmnt="10" Value="14"/>
<MapEntry BoolAssgnmnt="02" Value="70"/>
</AssgnmntListEntry>
<AssgnmntListEntry Length="1" RootTermCovItemId="C42">
<MapEntry BoolAssgnmnt="0" Value="896"/>
<MapEntry BoolAssgnmnt="1" Value="896"/>
</AssgnmntListEntry>
<AssgnmntListEntry Length="1" RootTermCovItemId="C43">
<MapEntry BoolAssgnmnt="0" Value="840"/>
<MapEntry BoolAssgnmnt="1" Value="56"/>
</AssgnmntListEntry>
<AssgnmntListEntry Length="1" RootTermCovItemId="C44">
<MapEntry BoolAssgnmnt="0" Value="28"/>
<MapEntry BoolAssgnmnt="1" Value="28"/>
</AssgnmntListEntry>
<AssgnmntListEntry Length="1" RootTermCovItemId="C53">
<MapEntry BoolAssgnmnt="1" Value="252"/>
</AssgnmntListEntry>
<AssgnmntListEntry Length="1" RootTermCovItemId="C54">
<MapEntry BoolAssgnmnt="0" Value="182"/>
<MapEntry BoolAssgnmnt="1" Value="70"/>
</AssgnmntListEntry>
<AssgnmntListEntry Length="3" RootTermCovItemId="C55">
<MapEntry BoolAssgnmnt="011" Value="84"/>
<MapEntry BoolAssgnmnt="010" Value="120"/>
<MapEntry BoolAssgnmnt="002" Value="190"/>
</AssgnmntListEntry>
<AssgnmntListEntry Length="3" RootTermCovItemId="C56">
<MapEntry BoolAssgnmnt="011" Value="90"/>
<MapEntry BoolAssgnmnt="010" Value="100"/>
<MapEntry BoolAssgnmnt="002" Value="84"/>
</AssgnmntListEntry>
</AssgnmntPrefix>
<AssgnmntPrefix RootTermCovItemPrefix="com.OriginalFiles.Field.java">
<AssgnmntListEntry Length="1" RootTermCovItemId="C1">
<MapEntry BoolAssgnmnt="0" Value="56"/>
</AssgnmntListEntry>
</AssgnmntPrefix>
<AssgnmntPrefix RootTermCovItemPrefix="com.OriginalFiles.Piece.java">
<AssgnmntListEntry Length="2" RootTermCovItemId="C1">
<MapEntry BoolAssgnmnt="10" Value="56"/>
<MapEntry BoolAssgnmnt="11" Value="56"/>
</AssgnmntListEntry>
<AssgnmntListEntry Length="5" RootTermCovItemId="C17">
<MapEntry BoolAssgnmnt="00210" Value="22"/>
<MapEntry BoolAssgnmnt="00211" Value="6"/>
<MapEntry BoolAssgnmnt="01002" Value="20"/>
<MapEntry BoolAssgnmnt="12222" Value="56"/>
<MapEntry BoolAssgnmnt="01122" Value="8"/>
</AssgnmntListEntry>
<AssgnmntListEntry Length="5" RootTermCovItemId="C18">
<MapEntry BoolAssgnmnt="00210" Value="24"/>
<MapEntry BoolAssgnmnt="00211" Value="4"/>
<MapEntry BoolAssgnmnt="01002" Value="24"/>
<MapEntry BoolAssgnmnt="12222" Value="56"/>
<MapEntry BoolAssgnmnt="01122" Value="4"/>
</AssgnmntListEntry>
<AssgnmntListEntry Length="1" RootTermCovItemId="C19">
<MapEntry BoolAssgnmnt="1" Value="8"/>
</AssgnmntListEntry>
<AssgnmntListEntry Length="2" RootTermCovItemId="C2">
<MapEntry BoolAssgnmnt="02" Value="56"/>
</AssgnmntListEntry>
<AssgnmntListEntry Length="1" RootTermCovItemId="C20">
<MapEntry BoolAssgnmnt="0" Value="56"/>
<MapEntry BoolAssgnmnt="1" Value="56"/>
</AssgnmntListEntry>
<AssgnmntListEntry Length="1" RootTermCovItemId="C3">
<MapEntry BoolAssgnmnt="1" Value="112"/>
</AssgnmntListEntry>
<AssgnmntListEntry Length="1" RootTermCovItemId="C5">
<MapEntry BoolAssgnmnt="0" Value="48"/>
<MapEntry BoolAssgnmnt="1" Value="64"/>
</AssgnmntListEntry>
<AssgnmntListEntry Length="1" RootTermCovItemId="C6">
<MapEntry BoolAssgnmnt="1" Value="112"/>
</AssgnmntListEntry>
<AssgnmntListEntry Length="1" RootTermCovItemId="C7">
<MapEntry BoolAssgnmnt="0" Value="56"/>
<MapEntry BoolAssgnmnt="1" Value="56"/>
</AssgnmntListEntry>
<AssgnmntListEntry Length="1" RootTermCovItemId="C8">
<MapEntry BoolAssgnmnt="1" Value="112"/>
</AssgnmntListEntry>
<AssgnmntListEntry Length="1" RootTermCovItemId="C9">
<MapEntry BoolAssgnmnt="0" Value="112"/>
</AssgnmntListEntry>
</AssgnmntPrefix>
</AssgnmntList>
<ObjMetaDataList/>
<MetaDataList/>
</TestCase>
<TestCase Comment="" Date="1386063802782" Name="com.Testing.AnalyzeTest:testCheckMovement">
<CovList>
<CovPrefix CovItemPrefix="com.OriginalFiles.Analyze.java">
<Cov CovItemId="B1" Value="2"/>
<Cov CovItemId="B10" Value="2"/>
<Cov CovItemId="B107" Value="32"/>
<Cov CovItemId="B108" Value="4"/>
<Cov CovItemId="B109" Value="2"/>
<Cov CovItemId="B11" Value="2"/>
<Cov CovItemId="B110" Value="2"/>
<Cov CovItemId="B112" Value="2"/>
<Cov CovItemId="B114" Value="2"/>
<Cov CovItemId="B115" Value="3"/>
<Cov CovItemId="B120" Value="9"/>
<Cov CovItemId="B121" Value="183"/>
<Cov CovItemId="B122" Value="6"/>
<Cov CovItemId="B123" Value="3"/>
<Cov CovItemId="B124" Value="6"/>
<Cov CovItemId="B126" Value="3"/>
<Cov CovItemId="B127" Value="6"/>
<Cov CovItemId="B128" Value="3"/>
<Cov CovItemId="B13" Value="2"/>
<Cov CovItemId="B131" Value="3"/>
<Cov CovItemId="B133" Value="3"/>
<Cov CovItemId="B135" Value="3"/>
<Cov CovItemId="B14" Value="1"/>
<Cov CovItemId="B15" Value="1"/>
<Cov CovItemId="B16" Value="1"/>
<Cov CovItemId="B17" Value="1"/>
<Cov CovItemId="B20" Value="1"/>
<Cov CovItemId="B25" Value="1"/>
<Cov CovItemId="B27" Value="1"/>
<Cov CovItemId="B3" Value="1"/>
<Cov CovItemId="B30" Value="1"/>
<Cov CovItemId="B6" Value="2"/>
<Cov CovItemId="B66" Value="2"/>
<Cov CovItemId="B68" Value="2"/>
<Cov CovItemId="B69" Value="1"/>
<Cov CovItemId="B7" Value="6"/>
<Cov CovItemId="B70" Value="1"/>
<Cov CovItemId="B72" Value="2"/>
<Cov CovItemId="B73" Value="1"/>
<Cov CovItemId="B74" Value="1"/>
<Cov CovItemId="B75" Value="1"/>
<Cov CovItemId="B77" Value="1"/>
<Cov CovItemId="B8" Value="122"/>
<Cov CovItemId="B80" Value="8"/>
<Cov CovItemId="B84" Value="1"/>
<Cov CovItemId="B9" Value="4"/>
<Cov CovItemId="B96" Value="1"/>
<Cov CovItemId="L1-2" Value="2"/>
<Cov CovItemId="L16-2" Value="3"/>
<Cov CovItemId="L17-2" Value="24"/>
<Cov CovItemId="L2-2" Value="16"/>
<Cov CovItemId="L3-1" Value="1"/>
<Cov CovItemId="L3-2" Value="1"/>
<Cov CovItemId="L5-1" Value="2"/>
<Cov CovItemId="L6-1" Value="1"/>
<Cov CovItemId="L7-1" Value="1"/>
<Cov CovItemId="L8-2" Value="1"/>
<Cov CovItemId="S10" Value="2"/>
<Cov CovItemId="S100" Value="2"/>
<Cov CovItemId="S101" Value="2"/>
<Cov CovItemId="S102" Value="2"/>
<Cov CovItemId="S104" Value="2"/>
<Cov CovItemId="S105" Value="2"/>
<Cov CovItemId="S107" Value="2"/>
<Cov CovItemId="S108" Value="2"/>
<Cov CovItemId="S109" Value="1"/>
<Cov CovItemId="S11" Value="1"/>
<Cov CovItemId="S110" Value="2"/>
<Cov CovItemId="S111" Value="2"/>
<Cov CovItemId="S113" Value="2"/>
<Cov CovItemId="S114" Value="1"/>
<Cov CovItemId="S115" Value="2"/>
<Cov CovItemId="S116" Value="2"/>
<Cov CovItemId="S117" Value="2"/>
<Cov CovItemId="S118" Value="1"/>
<Cov CovItemId="S119" Value="1"/>
<Cov CovItemId="S12" Value="1"/>
<Cov CovItemId="S120" Value="1"/>
<Cov CovItemId="S121" Value="1"/>
<Cov CovItemId="S122" Value="1"/>
<Cov CovItemId="S123" Value="1"/>
<Cov CovItemId="S124" Value="1"/>
<Cov CovItemId="S125" Value="1"/>
<Cov CovItemId="S126" Value="1"/>
<Cov CovItemId="S127" Value="1"/>
<Cov CovItemId="S128" Value="1"/>
<Cov CovItemId="S129" Value="1"/>
<Cov CovItemId="S13" Value="1"/>
<Cov CovItemId="S130" Value="1"/>
<Cov CovItemId="S131" Value="1"/>
<Cov CovItemId="S132" Value="1"/>
<Cov CovItemId="S133" Value="1"/>
<Cov CovItemId="S134" Value="8"/>
<Cov CovItemId="S136" Value="8"/>
<Cov CovItemId="S14" Value="1"/>
<Cov CovItemId="S147" Value="1"/>
<Cov CovItemId="S149" Value="1"/>
<Cov CovItemId="S15" Value="1"/>
<Cov CovItemId="S168" Value="1"/>
<Cov CovItemId="S17" Value="2"/>
<Cov CovItemId="S18" Value="2"/>
<Cov CovItemId="S199" Value="36"/>
<Cov CovItemId="S200" Value="36"/>
<Cov CovItemId="S201" Value="36"/>
<Cov CovItemId="S202" Value="36"/>
<Cov CovItemId="S203" Value="36"/>
<Cov CovItemId="S204" Value="32"/>
<Cov CovItemId="S205" Value="4"/>
<Cov CovItemId="S206" Value="2"/>
<Cov CovItemId="S207" Value="2"/>
<Cov CovItemId="S209" Value="2"/>
<Cov CovItemId="S21" Value="2"/>
<Cov CovItemId="S211" Value="2"/>
<Cov CovItemId="S212" Value="3"/>
<Cov CovItemId="S213" Value="3"/>
<Cov CovItemId="S22" Value="2"/>
<Cov CovItemId="S221" Value="3"/>
<Cov CovItemId="S222" Value="3"/>
<Cov CovItemId="S223" Value="3"/>
<Cov CovItemId="S224" Value="3"/>
<Cov CovItemId="S225" Value="3"/>
<Cov CovItemId="S226" Value="3"/>
<Cov CovItemId="S227" Value="24"/>
<Cov CovItemId="S228" Value="192"/>
<Cov CovItemId="S229" Value="9"/>
<Cov CovItemId="S23" Value="16"/>
<Cov CovItemId="S230" Value="6"/>
<Cov CovItemId="S231" Value="6"/>
<Cov CovItemId="S232" Value="6"/>
<Cov CovItemId="S233" Value="9"/>
<Cov CovItemId="S234" Value="3"/>
<Cov CovItemId="S235" Value="3"/>
<Cov CovItemId="S236" Value="3"/>
<Cov CovItemId="S237" Value="3"/>
<Cov CovItemId="S239" Value="3"/>
<Cov CovItemId="S24" Value="128"/>
<Cov CovItemId="S241" Value="3"/>
<Cov CovItemId="S25" Value="6"/>
<Cov CovItemId="S250" Value="3"/>
<Cov CovItemId="S26" Value="4"/>
<Cov CovItemId="S27" Value="2"/>
<Cov CovItemId="S28" Value="2"/>
<Cov CovItemId="S29" Value="2"/>
<Cov CovItemId="S30" Value="2"/>
<Cov CovItemId="S31" Value="2"/>
<Cov CovItemId="S32" Value="2"/>
<Cov CovItemId="S33" Value="2"/>
<Cov CovItemId="S34" Value="3"/>
<Cov CovItemId="S35" Value="2"/>
<Cov CovItemId="S36" Value="1"/>
<Cov CovItemId="S37" Value="1"/>
<Cov CovItemId="S38" Value="1"/>
<Cov CovItemId="S40" Value="1"/>
<Cov CovItemId="S51" Value="1"/>
<Cov CovItemId="S52" Value="1"/>
<Cov CovItemId="S53" Value="1"/>
<Cov CovItemId="S54" Value="1"/>
<Cov CovItemId="S55" Value="1"/>
<Cov CovItemId="S59" Value="1"/>
<Cov CovItemId="S6" Value="2"/>
<Cov CovItemId="S7" Value="2"/>
<Cov CovItemId="S8" Value="2"/>
<Cov CovItemId="S9" Value="2"/>
<Cov CovItemId="S99" Value="2"/>
</CovPrefix>
<CovPrefix CovItemPrefix="com.OriginalFiles.Board.java">
<Cov CovItemId="B11" Value="2"/>
<Cov CovItemId="B14" Value="2"/>
<Cov CovItemId="B16" Value="2"/>
<Cov CovItemId="B17" Value="2"/>
<Cov CovItemId="B31" Value="1"/>
<Cov CovItemId="B33" Value="1"/>
<Cov CovItemId="B36" Value="1"/>
<Cov CovItemId="B37" Value="1"/>
<Cov CovItemId="B39" Value="4"/>
<Cov CovItemId="B41" Value="19"/>
<Cov CovItemId="B42" Value="6"/>
<Cov CovItemId="B43" Value="12"/>
<Cov CovItemId="B44" Value="6"/>
<Cov CovItemId="B46" Value="6"/>
<Cov CovItemId="B47" Value="6"/>
<Cov CovItemId="B50" Value="6"/>
<Cov CovItemId="B55" Value="12"/>
<Cov CovItemId="B56" Value="56"/>
<Cov CovItemId="B57" Value="50"/>
<Cov CovItemId="B58" Value="6"/>
<Cov CovItemId="B59" Value="49"/>
<Cov CovItemId="B60" Value="1"/>
<Cov CovItemId="B61" Value="13"/>
<Cov CovItemId="B62" Value="36"/>
<Cov CovItemId="B63" Value="192"/>
<Cov CovItemId="B64" Value="192"/>
<Cov CovItemId="B65" Value="18"/>
<Cov CovItemId="B66" Value="174"/>
<Cov CovItemId="B67" Value="6"/>
<Cov CovItemId="B68" Value="12"/>
<Cov CovItemId="B79" Value="92"/>
<Cov CovItemId="B81" Value="56"/>
<Cov CovItemId="B82" Value="36"/>
<Cov CovItemId="B83" Value="42"/>
<Cov CovItemId="B84" Value="122"/>
<Cov CovItemId="B85" Value="47"/>
<Cov CovItemId="B86" Value="75"/>
<Cov CovItemId="L10-2" Value="104"/>
<Cov CovItemId="L11-2" Value="2"/>
<Cov CovItemId="L12-0" Value="2"/>
<Cov CovItemId="L12-1" Value="2"/>
<Cov CovItemId="L13-2" Value="6"/>
<Cov CovItemId="L14-2" Value="48"/>
<Cov CovItemId="L9-2" Value="13"/>
<Cov CovItemId="S100" Value="1"/>
<Cov CovItemId="S102" Value="1"/>
<Cov CovItemId="S104" Value="1"/>
<Cov CovItemId="S106" Value="1"/>
<Cov CovItemId="S107" Value="1"/>
<Cov CovItemId="S108" Value="1"/>
<Cov CovItemId="S109" Value="1"/>
<Cov CovItemId="S111" Value="4"/>
<Cov CovItemId="S112" Value="4"/>
<Cov CovItemId="S113" Value="4"/>
<Cov CovItemId="S115" Value="25"/>
<Cov CovItemId="S116" Value="19"/>
<Cov CovItemId="S117" Value="6"/>
<Cov CovItemId="S118" Value="18"/>
<Cov CovItemId="S119" Value="18"/>
<Cov CovItemId="S120" Value="12"/>
<Cov CovItemId="S121" Value="6"/>
<Cov CovItemId="S122" Value="6"/>
<Cov CovItemId="S123" Value="6"/>
<Cov CovItemId="S124" Value="6"/>
<Cov CovItemId="S126" Value="6"/>
<Cov CovItemId="S127" Value="6"/>
<Cov CovItemId="S128" Value="6"/>
<Cov CovItemId="S133" Value="6"/>
<Cov CovItemId="S134" Value="18"/>
<Cov CovItemId="S135" Value="68"/>
<Cov CovItemId="S136" Value="12"/>
<Cov CovItemId="S137" Value="56"/>
<Cov CovItemId="S138" Value="50"/>
<Cov CovItemId="S139" Value="49"/>
<Cov CovItemId="S140" Value="13"/>
<Cov CovItemId="S141" Value="43"/>
<Cov CovItemId="S142" Value="60"/>
<Cov CovItemId="S143" Value="6"/>
<Cov CovItemId="S144" Value="6"/>
<Cov CovItemId="S145" Value="48"/>
<Cov CovItemId="S146" Value="384"/>
<Cov CovItemId="S147" Value="192"/>
<Cov CovItemId="S148" Value="18"/>
<Cov CovItemId="S149" Value="6"/>
<Cov CovItemId="S150" Value="12"/>
<Cov CovItemId="S151" Value="6"/>
<Cov CovItemId="S176" Value="92"/>
<Cov CovItemId="S177" Value="92"/>
<Cov CovItemId="S178" Value="56"/>
<Cov CovItemId="S179" Value="36"/>
<Cov CovItemId="S180" Value="164"/>
<Cov CovItemId="S181" Value="42"/>
<Cov CovItemId="S182" Value="122"/>
<Cov CovItemId="S183" Value="47"/>
<Cov CovItemId="S184" Value="75"/>
<Cov CovItemId="S185" Value="256"/>
<Cov CovItemId="S61" Value="13"/>
<Cov CovItemId="S62" Value="104"/>
<Cov CovItemId="S63" Value="832"/>
<Cov CovItemId="S64" Value="2"/>
<Cov CovItemId="S65" Value="2"/>
<Cov CovItemId="S66" Value="2"/>
<Cov CovItemId="S67" Value="2"/>
<Cov CovItemId="S68" Value="4"/>
<Cov CovItemId="S69" Value="2"/>
<Cov CovItemId="S70" Value="2"/>
<Cov CovItemId="S71" Value="2"/>
<Cov CovItemId="S72" Value="2"/>
<Cov CovItemId="S73" Value="2"/>
<Cov CovItemId="S74" Value="2"/>
<Cov CovItemId="S75" Value="2"/>
<Cov CovItemId="S76" Value="4"/>
<Cov CovItemId="S77" Value="4"/>
<Cov CovItemId="S78" Value="2"/>
<Cov CovItemId="S80" Value="2"/>
<Cov CovItemId="S82" Value="2"/>
<Cov CovItemId="S83" Value="2"/>
<Cov CovItemId="S98" Value="1"/>
<Cov CovItemId="S99" Value="1"/>
</CovPrefix>
<CovPrefix CovItemPrefix="com.OriginalFiles.Field.java">
<Cov CovItemId="B1" Value="36"/>
<Cov CovItemId="B2" Value="8"/>
<Cov CovItemId="S1" Value="88"/>
<Cov CovItemId="S13" Value="129"/>
<Cov CovItemId="S2" Value="88"/>
<Cov CovItemId="S5" Value="44"/>
<Cov CovItemId="S6" Value="44"/>
<Cov CovItemId="S7" Value="36"/>
<Cov CovItemId="S8" Value="368"/>
<Cov CovItemId="S9" Value="484"/>
</CovPrefix>
<CovPrefix CovItemPrefix="com.OriginalFiles.Piece.java">
<Cov CovItemId="B1" Value="3"/>
<Cov CovItemId="B10" Value="13"/>
<Cov CovItemId="B11" Value="31"/>
<Cov CovItemId="B12" Value="8"/>
<Cov CovItemId="B13" Value="3"/>
<Cov CovItemId="B14" Value="28"/>
<Cov CovItemId="B15" Value="31"/>
<Cov CovItemId="B18" Value="31"/>
<Cov CovItemId="B2" Value="36"/>
<Cov CovItemId="B34" Value="31"/>
<Cov CovItemId="B35" Value="8"/>
<Cov CovItemId="B36" Value="23"/>
<Cov CovItemId="B37" Value="8"/>
<Cov CovItemId="B39" Value="3"/>
<Cov CovItemId="B4" Value="3"/>
<Cov CovItemId="B40" Value="28"/>
<Cov CovItemId="B5" Value="31"/>
<Cov CovItemId="B6" Value="8"/>
<Cov CovItemId="B9" Value="18"/>
<Cov CovItemId="S1" Value="35"/>
<Cov CovItemId="S10" Value="35"/>
<Cov CovItemId="S11" Value="35"/>
<Cov CovItemId="S12" Value="35"/>
<Cov CovItemId="S13" Value="35"/>
<Cov CovItemId="S14" Value="35"/>
<Cov CovItemId="S15" Value="35"/>
<Cov CovItemId="S16" Value="35"/>
<Cov CovItemId="S17" Value="35"/>
<Cov CovItemId="S18" Value="35"/>
<Cov CovItemId="S19" Value="35"/>
<Cov CovItemId="S2" Value="35"/>
<Cov CovItemId="S20" Value="35"/>
<Cov CovItemId="S21" Value="35"/>
<Cov CovItemId="S24" Value="39"/>
<Cov CovItemId="S25" Value="39"/>
<Cov CovItemId="S26" Value="39"/>
<Cov CovItemId="S27" Value="3"/>
<Cov CovItemId="S29" Value="3"/>
<Cov CovItemId="S3" Value="35"/>
<Cov CovItemId="S30" Value="36"/>
<Cov CovItemId="S31" Value="39"/>
<Cov CovItemId="S32" Value="39"/>
<Cov CovItemId="S33" Value="31"/>
<Cov CovItemId="S34" Value="8"/>
<Cov CovItemId="S35" Value="8"/>
<Cov CovItemId="S39" Value="31"/>
<Cov CovItemId="S4" Value="35"/>
<Cov CovItemId="S40" Value="18"/>
<Cov CovItemId="S41" Value="13"/>
<Cov CovItemId="S42" Value="39"/>
<Cov CovItemId="S43" Value="39"/>
<Cov CovItemId="S44" Value="31"/>
<Cov CovItemId="S45" Value="31"/>
<Cov CovItemId="S46" Value="31"/>
<Cov CovItemId="S47" Value="3"/>
<Cov CovItemId="S48" Value="31"/>
<Cov CovItemId="S49" Value="31"/>
<Cov CovItemId="S5" Value="35"/>
<Cov CovItemId="S50" Value="31"/>
<Cov CovItemId="S6" Value="35"/>
<Cov CovItemId="S65" Value="31"/>
<Cov CovItemId="S67" Value="31"/>
<Cov CovItemId="S68" Value="8"/>
<Cov CovItemId="S69" Value="8"/>
<Cov CovItemId="S7" Value="35"/>
<Cov CovItemId="S70" Value="8"/>
<Cov CovItemId="S71" Value="31"/>
<Cov CovItemId="S72" Value="3"/>
<Cov CovItemId="S73" Value="31"/>
<Cov CovItemId="S8" Value="35"/>
<Cov CovItemId="S9" Value="35"/>
</CovPrefix>
<CovPrefix CovItemPrefix="com.OriginalFiles.RemoteNXTFunctions.java">
<Cov CovItemId="B16" Value="4"/>
<Cov CovItemId="B24" Value="4"/>
<Cov CovItemId="B31" Value="2"/>
<Cov CovItemId="B32" Value="2"/>
<Cov CovItemId="B34" Value="2"/>
<Cov CovItemId="B35" Value="1"/>
<Cov CovItemId="B36" Value="1"/>
<Cov CovItemId="B37" Value="1"/>
<Cov CovItemId="B39" Value="2"/>
<Cov CovItemId="B41" Value="1"/>
<Cov CovItemId="B42" Value="1"/>
<Cov CovItemId="B44" Value="1"/>
<Cov CovItemId="B45" Value="1"/>
<Cov CovItemId="B5" Value="32"/>
<Cov CovItemId="B6" Value="4"/>
<Cov CovItemId="B7" Value="32"/>
<Cov CovItemId="S162" Value="36"/>
<Cov CovItemId="S19" Value="36"/>
<Cov CovItemId="S20" Value="36"/>
<Cov CovItemId="S21" Value="32"/>
<Cov CovItemId="S22" Value="32"/>
<Cov CovItemId="S30" Value="4"/>
<Cov CovItemId="S38" Value="4"/>
<Cov CovItemId="S46" Value="4"/>
<Cov CovItemId="S47" Value="2"/>
<Cov CovItemId="S49" Value="2"/>
<Cov CovItemId="S50" Value="1"/>
<Cov CovItemId="S51" Value="1"/>
<Cov CovItemId="S52" Value="1"/>
<Cov CovItemId="S54" Value="2"/>
<Cov CovItemId="S55" Value="2"/>
<Cov CovItemId="S56" Value="1"/>
<Cov CovItemId="S57" Value="1"/>
<Cov CovItemId="S59" Value="1"/>
<Cov CovItemId="S60" Value="1"/>
</CovPrefix>
</CovList>
<AssgnmntList>
<AssgnmntPrefix RootTermCovItemPrefix="com.OriginalFiles.Analyze.java">
<AssgnmntListEntry Length="1" RootTermCovItemId="C1">
<MapEntry BoolAssgnmnt="0" Value="2"/>
</AssgnmntListEntry>
<AssgnmntListEntry Length="1" RootTermCovItemId="C10">
<MapEntry BoolAssgnmnt="1" Value="1"/>
</AssgnmntListEntry>
<AssgnmntListEntry Length="1" RootTermCovItemId="C13">
<MapEntry BoolAssgnmnt="1" Value="1"/>
</AssgnmntListEntry>
<AssgnmntListEntry Length="1" RootTermCovItemId="C14">
<MapEntry BoolAssgnmnt="1" Value="1"/>
</AssgnmntListEntry>
<AssgnmntListEntry Length="1" RootTermCovItemId="C15">
<MapEntry BoolAssgnmnt="1" Value="1"/>
</AssgnmntListEntry>
<AssgnmntListEntry Length="1" RootTermCovItemId="C2">
<MapEntry BoolAssgnmnt="0" Value="1"/>
</AssgnmntListEntry>
<AssgnmntListEntry Length="1" RootTermCovItemId="C3">
<MapEntry BoolAssgnmnt="0" Value="2"/>
</AssgnmntListEntry>
<AssgnmntListEntry Length="1" RootTermCovItemId="C34">
<MapEntry BoolAssgnmnt="0" Value="2"/>
</AssgnmntListEntry>
<AssgnmntListEntry Length="1" RootTermCovItemId="C35">
<MapEntry BoolAssgnmnt="0" Value="2"/>
</AssgnmntListEntry>
<AssgnmntListEntry Length="1" RootTermCovItemId="C36">
<MapEntry BoolAssgnmnt="0" Value="1"/>
<MapEntry BoolAssgnmnt="1" Value="1"/>
</AssgnmntListEntry>
<AssgnmntListEntry Length="1" RootTermCovItemId="C37">
<MapEntry BoolAssgnmnt="0" Value="2"/>
</AssgnmntListEntry>
<AssgnmntListEntry Length="1" RootTermCovItemId="C38">
<MapEntry BoolAssgnmnt="0" Value="1"/>
<MapEntry BoolAssgnmnt="1" Value="1"/>
</AssgnmntListEntry>
<AssgnmntListEntry Length="1" RootTermCovItemId="C39">
<MapEntry BoolAssgnmnt="0" Value="2"/>
<MapEntry BoolAssgnmnt="1" Value="2"/>
</AssgnmntListEntry>
<AssgnmntListEntry Length="1" RootTermCovItemId="C4">
<MapEntry BoolAssgnmnt="0" Value="6"/>
<MapEntry BoolAssgnmnt="1" Value="122"/>
</AssgnmntListEntry>
<AssgnmntListEntry Length="1" RootTermCovItemId="C40">
<MapEntry BoolAssgnmnt="1" Value="1"/>
</AssgnmntListEntry>
<AssgnmntListEntry Length="1" RootTermCovItemId="C41">
<MapEntry BoolAssgnmnt="0" Value="1"/>
</AssgnmntListEntry>
<AssgnmntListEntry Length="1" RootTermCovItemId="C42">
<MapEntry BoolAssgnmnt="0" Value="1"/>
<MapEntry BoolAssgnmnt="1" Value="1"/>
</AssgnmntListEntry>
<AssgnmntListEntry Length="1" RootTermCovItemId="C43">
<MapEntry BoolAssgnmnt="1" Value="1"/>
</AssgnmntListEntry>
<AssgnmntListEntry Length="1" RootTermCovItemId="C44">
<MapEntry BoolAssgnmnt="0" Value="8"/>
<MapEntry BoolAssgnmnt="1" Value="1"/>
</AssgnmntListEntry>
<AssgnmntListEntry Length="1" RootTermCovItemId="C45">
<MapEntry BoolAssgnmnt="0" Value="8"/>
</AssgnmntListEntry>
<AssgnmntListEntry Length="1" RootTermCovItemId="C49">
<MapEntry BoolAssgnmnt="0" Value="1"/>
</AssgnmntListEntry>
<AssgnmntListEntry Length="2" RootTermCovItemId="C5">
<MapEntry BoolAssgnmnt="10" Value="2"/>
<MapEntry BoolAssgnmnt="11" Value="4"/>
</AssgnmntListEntry>
<AssgnmntListEntry Length="1" RootTermCovItemId="C56">
<MapEntry BoolAssgnmnt="0" Value="1"/>
</AssgnmntListEntry>
<AssgnmntListEntry Length="1" RootTermCovItemId="C6">
<MapEntry BoolAssgnmnt="1" Value="2"/>
</AssgnmntListEntry>
<AssgnmntListEntry Length="6" RootTermCovItemId="C66">
<MapEntry BoolAssgnmnt="110222" Value="2"/>
<MapEntry BoolAssgnmnt="022222" Value="2"/>
<MapEntry BoolAssgnmnt="111111" Value="32"/>
</AssgnmntListEntry>
<AssgnmntListEntry Length="6" RootTermCovItemId="C67">
<MapEntry BoolAssgnmnt="022222" Value="2"/>
<MapEntry BoolAssgnmnt="111111" Value="2"/>
</AssgnmntListEntry>
<AssgnmntListEntry Length="6" RootTermCovItemId="C68">
<MapEntry BoolAssgnmnt="102222" Value="2"/>
</AssgnmntListEntry>
<AssgnmntListEntry Length="6" RootTermCovItemId="C69">
<MapEntry BoolAssgnmnt="102222" Value="2"/>
</AssgnmntListEntry>
<AssgnmntListEntry Length="1" RootTermCovItemId="C7">
<MapEntry BoolAssgnmnt="0" Value="1"/>
<MapEntry BoolAssgnmnt="1" Value="2"/>
</AssgnmntListEntry>
<AssgnmntListEntry Length="1" RootTermCovItemId="C70">
<MapEntry BoolAssgnmnt="0" Value="9"/>
<MapEntry BoolAssgnmnt="1" Value="183"/>
</AssgnmntListEntry>
<AssgnmntListEntry Length="1" RootTermCovItemId="C71">
<MapEntry BoolAssgnmnt="0" Value="3"/>
<MapEntry BoolAssgnmnt="1" Value="6"/>
</AssgnmntListEntry>
<AssgnmntListEntry Length="1" RootTermCovItemId="C72">
<MapEntry BoolAssgnmnt="1" Value="6"/>
</AssgnmntListEntry>
<AssgnmntListEntry Length="1" RootTermCovItemId="C73">
<MapEntry BoolAssgnmnt="0" Value="6"/>
<MapEntry BoolAssgnmnt="1" Value="3"/>
</AssgnmntListEntry>
<AssgnmntListEntry Length="1" RootTermCovItemId="C74">
<MapEntry BoolAssgnmnt="1" Value="3"/>
</AssgnmntListEntry>
<AssgnmntListEntry Length="3" RootTermCovItemId="C75">
<MapEntry BoolAssgnmnt="012" Value="2"/>
<MapEntry BoolAssgnmnt="001" Value="1"/>
</AssgnmntListEntry>
<AssgnmntListEntry Length="3" RootTermCovItemId="C76">
<MapEntry BoolAssgnmnt="011" Value="2"/>
<MapEntry BoolAssgnmnt="002" Value="1"/>
</AssgnmntListEntry>
<AssgnmntListEntry Length="2" RootTermCovItemId="C77">
<MapEntry BoolAssgnmnt="10" Value="3"/>
</AssgnmntListEntry>
<AssgnmntListEntry Length="2" RootTermCovItemId="C8">
<MapEntry BoolAssgnmnt="10" Value="1"/>
<MapEntry BoolAssgnmnt="11" Value="1"/>
</AssgnmntListEntry>
<AssgnmntListEntry Length="1" RootTermCovItemId="C9">
<MapEntry BoolAssgnmnt="1" Value="1"/>
</AssgnmntListEntry>
</AssgnmntPrefix>
<AssgnmntPrefix RootTermCovItemPrefix="com.OriginalFiles.Board.java">
<AssgnmntListEntry Length="1" RootTermCovItemId="C14">
<MapEntry BoolAssgnmnt="0" Value="2"/>
<MapEntry BoolAssgnmnt="1" Value="4"/>
</AssgnmntListEntry>
<AssgnmntListEntry Length="1" RootTermCovItemId="C15">
<MapEntry BoolAssgnmnt="0" Value="4"/>
<MapEntry BoolAssgnmnt="1" Value="2"/>
</AssgnmntListEntry>
<AssgnmntListEntry Length="1" RootTermCovItemId="C16">
<MapEntry BoolAssgnmnt="0" Value="2"/>
</AssgnmntListEntry>
<AssgnmntListEntry Length="4" RootTermCovItemId="C17">
<MapEntry BoolAssgnmnt="0222" Value="2"/>
</AssgnmntListEntry>
<AssgnmntListEntry Length="2" RootTermCovItemId="C18">
<MapEntry BoolAssgnmnt="02" Value="2"/>
</AssgnmntListEntry>
<AssgnmntListEntry Length="2" RootTermCovItemId="C19">
<MapEntry BoolAssgnmnt="10" Value="2"/>
</AssgnmntListEntry>
<AssgnmntListEntry Length="1" RootTermCovItemId="C26">
<MapEntry BoolAssgnmnt="0" Value="1"/>
</AssgnmntListEntry>
<AssgnmntListEntry Length="1" RootTermCovItemId="C27">
<MapEntry BoolAssgnmnt="1" Value="1"/>
</AssgnmntListEntry>
<AssgnmntListEntry Length="2" RootTermCovItemId="C28">
<MapEntry BoolAssgnmnt="02" Value="1"/>
</AssgnmntListEntry>
<AssgnmntListEntry Length="1" RootTermCovItemId="C29">
<MapEntry BoolAssgnmnt="1" Value="1"/>
</AssgnmntListEntry>
<AssgnmntListEntry Length="1" RootTermCovItemId="C30">
<MapEntry BoolAssgnmnt="1" Value="4"/>
</AssgnmntListEntry>
<AssgnmntListEntry Length="1" RootTermCovItemId="C31">
<MapEntry BoolAssgnmnt="0" Value="6"/>
<MapEntry BoolAssgnmnt="1" Value="19"/>
</AssgnmntListEntry>
<AssgnmntListEntry Length="1" RootTermCovItemId="C32">
<MapEntry BoolAssgnmnt="0" Value="6"/>
<MapEntry BoolAssgnmnt="1" Value="12"/>
</AssgnmntListEntry>
<AssgnmntListEntry Length="1" RootTermCovItemId="C33">
<MapEntry BoolAssgnmnt="1" Value="6"/>
</AssgnmntListEntry>
<AssgnmntListEntry Length="1" RootTermCovItemId="C34">
<MapEntry BoolAssgnmnt="0" Value="6"/>
</AssgnmntListEntry>
<AssgnmntListEntry Length="1" RootTermCovItemId="C35">
<MapEntry BoolAssgnmnt="0" Value="6"/>
</AssgnmntListEntry>
<AssgnmntListEntry Length="5" RootTermCovItemId="C38">
<MapEntry BoolAssgnmnt="02002" Value="28"/>
<MapEntry BoolAssgnmnt="10122" Value="8"/>
<MapEntry BoolAssgnmnt="11221" Value="12"/>
<MapEntry BoolAssgnmnt="02010" Value="12"/>
<MapEntry BoolAssgnmnt="02011" Value="8"/>
</AssgnmntListEntry>
<AssgnmntListEntry Length="1" RootTermCovItemId="C39">
<MapEntry BoolAssgnmnt="0" Value="6"/>
<MapEntry BoolAssgnmnt="1" Value="50"/>
</AssgnmntListEntry>
<AssgnmntListEntry Length="1" RootTermCovItemId="C40">
<MapEntry BoolAssgnmnt="0" Value="49"/>
<MapEntry BoolAssgnmnt="1" Value="1"/>
</AssgnmntListEntry>
<AssgnmntListEntry Length="2" RootTermCovItemId="C41">
<MapEntry BoolAssgnmnt="10" Value="13"/>
<MapEntry BoolAssgnmnt="02" Value="36"/>
</AssgnmntListEntry>
<AssgnmntListEntry Length="1" RootTermCovItemId="C42">
<MapEntry BoolAssgnmnt="0" Value="192"/>
<MapEntry BoolAssgnmnt="1" Value="192"/>
</AssgnmntListEntry>
<AssgnmntListEntry Length="1" RootTermCovItemId="C43">
<MapEntry BoolAssgnmnt="0" Value="174"/>
<MapEntry BoolAssgnmnt="1" Value="18"/>
</AssgnmntListEntry>
<AssgnmntListEntry Length="1" RootTermCovItemId="C44">
<MapEntry BoolAssgnmnt="0" Value="12"/>
<MapEntry BoolAssgnmnt="1" Value="6"/>
</AssgnmntListEntry>
<AssgnmntListEntry Length="1" RootTermCovItemId="C53">
<MapEntry BoolAssgnmnt="1" Value="92"/>
</AssgnmntListEntry>
<AssgnmntListEntry Length="1" RootTermCovItemId="C54">
<MapEntry BoolAssgnmnt="0" Value="56"/>
<MapEntry BoolAssgnmnt="1" Value="36"/>
</AssgnmntListEntry>
<AssgnmntListEntry Length="3" RootTermCovItemId="C55">
<MapEntry BoolAssgnmnt="002" Value="91"/>
<MapEntry BoolAssgnmnt="120" Value="42"/>
<MapEntry BoolAssgnmnt="121" Value="31"/>
</AssgnmntListEntry>
<AssgnmntListEntry Length="3" RootTermCovItemId="C56">
<MapEntry BoolAssgnmnt="002" Value="31"/>
<MapEntry BoolAssgnmnt="120" Value="44"/>
<MapEntry BoolAssgnmnt="121" Value="47"/>
</AssgnmntListEntry>
</AssgnmntPrefix>
<AssgnmntPrefix RootTermCovItemPrefix="com.OriginalFiles.Field.java">
<AssgnmntListEntry Length="1" RootTermCovItemId="C1">
<MapEntry BoolAssgnmnt="0" Value="36"/>
<MapEntry BoolAssgnmnt="1" Value="8"/>
</AssgnmntListEntry>
</AssgnmntPrefix>
<AssgnmntPrefix RootTermCovItemPrefix="com.OriginalFiles.Piece.java">
<AssgnmntListEntry Length="2" RootTermCovItemId="C1">
<MapEntry BoolAssgnmnt="10" Value="28"/>
<MapEntry BoolAssgnmnt="02" Value="8"/>
<MapEntry BoolAssgnmnt="11" Value="3"/>
</AssgnmntListEntry>
<AssgnmntListEntry Length="5" RootTermCovItemId="C17">
<MapEntry BoolAssgnmnt="00210" Value="13"/>
<MapEntry BoolAssgnmnt="01002" Value="15"/>
<MapEntry BoolAssgnmnt="12222" Value="3"/>
</AssgnmntListEntry>
<AssgnmntListEntry Length="5" RootTermCovItemId="C18">
<MapEntry BoolAssgnmnt="00210" Value="9"/>
<MapEntry BoolAssgnmnt="00211" Value="4"/>
<MapEntry BoolAssgnmnt="01002" Value="11"/>
<MapEntry BoolAssgnmnt="12222" Value="3"/>
<MapEntry BoolAssgnmnt="01122" Value="4"/>
</AssgnmntListEntry>
<AssgnmntListEntry Length="1" RootTermCovItemId="C19">
<MapEntry BoolAssgnmnt="1" Value="8"/>
</AssgnmntListEntry>
<AssgnmntListEntry Length="2" RootTermCovItemId="C2">
<MapEntry BoolAssgnmnt="02" Value="3"/>
</AssgnmntListEntry>
<AssgnmntListEntry Length="1" RootTermCovItemId="C20">
<MapEntry BoolAssgnmnt="0" Value="28"/>
<MapEntry BoolAssgnmnt="1" Value="3"/>
</AssgnmntListEntry>
<AssgnmntListEntry Length="1" RootTermCovItemId="C3">
<MapEntry BoolAssgnmnt="0" Value="8"/>
<MapEntry BoolAssgnmnt="1" Value="31"/>
</AssgnmntListEntry>
<AssgnmntListEntry Length="1" RootTermCovItemId="C5">
<MapEntry BoolAssgnmnt="0" Value="13"/>
<MapEntry BoolAssgnmnt="1" Value="18"/>
</AssgnmntListEntry>
<AssgnmntListEntry Length="1" RootTermCovItemId="C6">
<MapEntry BoolAssgnmnt="0" Value="8"/>
<MapEntry BoolAssgnmnt="1" Value="31"/>
</AssgnmntListEntry>
<AssgnmntListEntry Length="1" RootTermCovItemId="C7">
<MapEntry BoolAssgnmnt="0" Value="28"/>
<MapEntry BoolAssgnmnt="1" Value="3"/>
</AssgnmntListEntry>
<AssgnmntListEntry Length="1" RootTermCovItemId="C8">
<MapEntry BoolAssgnmnt="1" Value="31"/>
</AssgnmntListEntry>
<AssgnmntListEntry Length="1" RootTermCovItemId="C9">
<MapEntry BoolAssgnmnt="0" Value="31"/>
</AssgnmntListEntry>
</AssgnmntPrefix>
<AssgnmntPrefix RootTermCovItemPrefix="com.OriginalFiles.RemoteNXTFunctions.java">
<AssgnmntListEntry Length="1" RootTermCovItemId="C10">
<MapEntry BoolAssgnmnt="0" Value="4"/>
</AssgnmntListEntry>
<AssgnmntListEntry Length="1" RootTermCovItemId="C14">
<MapEntry BoolAssgnmnt="0" Value="4"/>
</AssgnmntListEntry>
<AssgnmntListEntry Length="1" RootTermCovItemId="C18">
<MapEntry BoolAssgnmnt="0" Value="2"/>
<MapEntry BoolAssgnmnt="1" Value="2"/>
</AssgnmntListEntry>
<AssgnmntListEntry Length="2" RootTermCovItemId="C19">
<MapEntry BoolAssgnmnt="02" Value="2"/>
</AssgnmntListEntry>
<AssgnmntListEntry Length="2" RootTermCovItemId="C20">
<MapEntry BoolAssgnmnt="02" Value="1"/>
<MapEntry BoolAssgnmnt="11" Value="1"/>
</AssgnmntListEntry>
<AssgnmntListEntry Length="1" RootTermCovItemId="C21">
<MapEntry BoolAssgnmnt="1" Value="1"/>
</AssgnmntListEntry>
<AssgnmntListEntry Length="1" RootTermCovItemId="C22">
<MapEntry BoolAssgnmnt="1" Value="2"/>
</AssgnmntListEntry>
<AssgnmntListEntry Length="2" RootTermCovItemId="C23">
<MapEntry BoolAssgnmnt="02" Value="1"/>
<MapEntry BoolAssgnmnt="11" Value="1"/>
</AssgnmntListEntry>
<AssgnmntListEntry Length="2" RootTermCovItemId="C24">
<MapEntry BoolAssgnmnt="02" Value="1"/>
</AssgnmntListEntry>
<AssgnmntListEntry Length="2" RootTermCovItemId="C25">
<MapEntry BoolAssgnmnt="11" Value="1"/>
</AssgnmntListEntry>
<AssgnmntListEntry Length="1" RootTermCovItemId="C5">
<MapEntry BoolAssgnmnt="0" Value="4"/>
<MapEntry BoolAssgnmnt="1" Value="32"/>
</AssgnmntListEntry>
<AssgnmntListEntry Length="2" RootTermCovItemId="C6">
<MapEntry BoolAssgnmnt="11" Value="32"/>
</AssgnmntListEntry>
</AssgnmntPrefix>
</AssgnmntList>
<ObjMetaDataList/>
<MetaDataList/>
</TestCase>
<TestCase Comment="" Date="1386063802784" Name="com.Testing.AnalyzeTest:testCheckForUpgradeKing">
<CovList>
<CovPrefix CovItemPrefix="com.OriginalFiles.Analyze.java">
<Cov CovItemId="B1" Value="30"/>
<Cov CovItemId="B10" Value="30"/>
<Cov CovItemId="B101" Value="8"/>
<Cov CovItemId="B107" Value="33"/>
<Cov CovItemId="B108" Value="117"/>
<Cov CovItemId="B109" Value="11"/>
<Cov CovItemId="B11" Value="30"/>
<Cov CovItemId="B110" Value="106"/>
<Cov CovItemId="B111" Value="21"/>
<Cov CovItemId="B112" Value="85"/>
<Cov CovItemId="B113" Value="2"/>
<Cov CovItemId="B114" Value="83"/>
<Cov CovItemId="B115" Value="59"/>
<Cov CovItemId="B120" Value="132"/>
<Cov CovItemId="B121" Value="3644"/>
<Cov CovItemId="B122" Value="66"/>
<Cov CovItemId="B123" Value="66"/>
<Cov CovItemId="B124" Value="66"/>
<Cov CovItemId="B126" Value="66"/>
<Cov CovItemId="B127" Value="66"/>
<Cov CovItemId="B128" Value="66"/>
<Cov CovItemId="B13" Value="23"/>
<Cov CovItemId="B131" Value="59"/>
<Cov CovItemId="B133" Value="59"/>
<Cov CovItemId="B134" Value="52"/>
<Cov CovItemId="B135" Value="7"/>
<Cov CovItemId="B136" Value="42"/>
<Cov CovItemId="B137" Value="10"/>
<Cov CovItemId="B139" Value="42"/>
<Cov CovItemId="B14" Value="7"/>
<Cov CovItemId="B157" Value="84"/>
<Cov CovItemId="B16" Value="23"/>
<Cov CovItemId="B17" Value="22"/>
<Cov CovItemId="B19" Value="7"/>
<Cov CovItemId="B20" Value="22"/>
<Cov CovItemId="B21" Value="3"/>
<Cov CovItemId="B22" Value="4"/>
<Cov CovItemId="B23" Value="3"/>
<Cov CovItemId="B24" Value="1"/>
<Cov CovItemId="B26" Value="23"/>
<Cov CovItemId="B3" Value="29"/>
<Cov CovItemId="B31" Value="22"/>
<Cov CovItemId="B33" Value="23"/>
<Cov CovItemId="B35" Value="11"/>
<Cov CovItemId="B36" Value="12"/>
<Cov CovItemId="B37" Value="11"/>
<Cov CovItemId="B39" Value="2"/>
<Cov CovItemId="B40" Value="10"/>
<Cov CovItemId="B41" Value="2"/>
<Cov CovItemId="B43" Value="10"/>
<Cov CovItemId="B46" Value="10"/>
<Cov CovItemId="B49" Value="10"/>
<Cov CovItemId="B5" Value="2"/>
<Cov CovItemId="B51" Value="10"/>
<Cov CovItemId="B53" Value="23"/>
<Cov CovItemId="B55" Value="21"/>
<Cov CovItemId="B56" Value="2"/>
<Cov CovItemId="B57" Value="21"/>
<Cov CovItemId="B58" Value="2"/>
<Cov CovItemId="B59" Value="23"/>
<Cov CovItemId="B6" Value="28"/>
<Cov CovItemId="B61" Value="65"/>
<Cov CovItemId="B62" Value="23"/>
<Cov CovItemId="B64" Value="88"/>
<Cov CovItemId="B7" Value="60"/>
<Cov CovItemId="B8" Value="1860"/>
<Cov CovItemId="B83" Value="3"/>
<Cov CovItemId="B84" Value="30"/>
<Cov CovItemId="B85" Value="1"/>
<Cov CovItemId="B86" Value="2"/>
<Cov CovItemId="B87" Value="1"/>
<Cov CovItemId="B9" Value="30"/>
<Cov CovItemId="B90" Value="2"/>
<Cov CovItemId="B91" Value="1"/>
<Cov CovItemId="B92" Value="9"/>
<Cov CovItemId="B93" Value="1"/>
<Cov CovItemId="B94" Value="8"/>
<Cov CovItemId="B95" Value="1"/>
<Cov CovItemId="B96" Value="28"/>
<Cov CovItemId="B97" Value="1"/>
<Cov CovItemId="B99" Value="1"/>
<Cov CovItemId="L1-2" Value="30"/>
<Cov CovItemId="L11-1" Value="1"/>
<Cov CovItemId="L11-2" Value="1"/>
<Cov CovItemId="L12-1" Value="1"/>
<Cov CovItemId="L13-1" Value="1"/>
<Cov CovItemId="L14-1" Value="1"/>
<Cov CovItemId="L15-2" Value="1"/>
<Cov CovItemId="L16-2" Value="59"/>
<Cov CovItemId="L17-2" Value="472"/>
<Cov CovItemId="L2-2" Value="240"/>
<Cov CovItemId="L3-1" Value="30"/>
<Cov CovItemId="L4-2" Value="23"/>
<Cov CovItemId="S10" Value="30"/>
<Cov CovItemId="S11" Value="29"/>
<Cov CovItemId="S12" Value="29"/>
<Cov CovItemId="S13" Value="29"/>
<Cov CovItemId="S14" Value="29"/>
<Cov CovItemId="S149" Value="33"/>
<Cov CovItemId="S15" Value="29"/>
<Cov CovItemId="S150" Value="3"/>
<Cov CovItemId="S151" Value="1"/>
<Cov CovItemId="S152" Value="1"/>
<Cov CovItemId="S153" Value="1"/>
<Cov CovItemId="S154" Value="1"/>
<Cov CovItemId="S155" Value="2"/>
<Cov CovItemId="S158" Value="2"/>
<Cov CovItemId="S159" Value="2"/>
<Cov CovItemId="S160" Value="2"/>
<Cov CovItemId="S161" Value="10"/>
<Cov CovItemId="S162" Value="1"/>
<Cov CovItemId="S163" Value="9"/>
<Cov CovItemId="S164" Value="1"/>
<Cov CovItemId="S165" Value="1"/>
<Cov CovItemId="S166" Value="1"/>
<Cov CovItemId="S167" Value="9"/>
<Cov CovItemId="S168" Value="29"/>
<Cov CovItemId="S169" Value="1"/>
<Cov CovItemId="S17" Value="30"/>
<Cov CovItemId="S170" Value="1"/>
<Cov CovItemId="S171" Value="1"/>
<Cov CovItemId="S172" Value="1"/>
<Cov CovItemId="S173" Value="1"/>
<Cov CovItemId="S174" Value="1"/>
<Cov CovItemId="S175" Value="1"/>
<Cov CovItemId="S176" Value="1"/>
<Cov CovItemId="S177" Value="1"/>
<Cov CovItemId="S178" Value="1"/>
<Cov CovItemId="S179" Value="1"/>
<Cov CovItemId="S18" Value="30"/>
<Cov CovItemId="S183" Value="1"/>
<Cov CovItemId="S184" Value="1"/>
<Cov CovItemId="S185" Value="8"/>
<Cov CovItemId="S186" Value="8"/>
<Cov CovItemId="S187" Value="8"/>
<Cov CovItemId="S188" Value="1"/>
<Cov CovItemId="S19" Value="2"/>
<Cov CovItemId="S199" Value="150"/>
<Cov CovItemId="S20" Value="2"/>
<Cov CovItemId="S200" Value="150"/>
<Cov CovItemId="S201" Value="150"/>
<Cov CovItemId="S202" Value="150"/>
<Cov CovItemId="S203" Value="150"/>
<Cov CovItemId="S204" Value="33"/>
<Cov CovItemId="S205" Value="117"/>
<Cov CovItemId="S206" Value="11"/>
<Cov CovItemId="S207" Value="106"/>
<Cov CovItemId="S208" Value="21"/>
<Cov CovItemId="S209" Value="85"/>
<Cov CovItemId="S21" Value="30"/>
<Cov CovItemId="S210" Value="2"/>
<Cov CovItemId="S211" Value="83"/>
<Cov CovItemId="S212" Value="59"/>
<Cov CovItemId="S213" Value="59"/>
<Cov CovItemId="S22" Value="30"/>
<Cov CovItemId="S221" Value="59"/>
<Cov CovItemId="S222" Value="59"/>
<Cov CovItemId="S223" Value="59"/>
<Cov CovItemId="S224" Value="59"/>
<Cov CovItemId="S225" Value="59"/>
<Cov CovItemId="S226" Value="59"/>
<Cov CovItemId="S227" Value="472"/>
<Cov CovItemId="S228" Value="3776"/>
<Cov CovItemId="S229" Value="132"/>
<Cov CovItemId="S23" Value="240"/>
<Cov CovItemId="S230" Value="66"/>
<Cov CovItemId="S231" Value="66"/>
<Cov CovItemId="S232" Value="66"/>
<Cov CovItemId="S233" Value="132"/>
<Cov CovItemId="S234" Value="66"/>
<Cov CovItemId="S235" Value="66"/>
<Cov CovItemId="S236" Value="66"/>
<Cov CovItemId="S237" Value="59"/>
<Cov CovItemId="S239" Value="59"/>
<Cov CovItemId="S24" Value="1920"/>
<Cov CovItemId="S241" Value="59"/>
<Cov CovItemId="S242" Value="52"/>
<Cov CovItemId="S243" Value="42"/>
<Cov CovItemId="S244" Value="42"/>
<Cov CovItemId="S245" Value="42"/>
<Cov CovItemId="S25" Value="60"/>
<Cov CovItemId="S250" Value="59"/>
<Cov CovItemId="S26" Value="30"/>
<Cov CovItemId="S267" Value="84"/>
<Cov CovItemId="S269" Value="84"/>
<Cov CovItemId="S27" Value="30"/>
<Cov CovItemId="S28" Value="30"/>
<Cov CovItemId="S29" Value="30"/>
<Cov CovItemId="S30" Value="30"/>
<Cov CovItemId="S31" Value="30"/>
<Cov CovItemId="S32" Value="30"/>
<Cov CovItemId="S33" Value="30"/>
<Cov CovItemId="S34" Value="30"/>
<Cov CovItemId="S35" Value="23"/>
<Cov CovItemId="S37" Value="23"/>
<Cov CovItemId="S38" Value="22"/>
<Cov CovItemId="S39" Value="7"/>
<Cov CovItemId="S40" Value="29"/>
<Cov CovItemId="S41" Value="7"/>
<Cov CovItemId="S42" Value="3"/>
<Cov CovItemId="S43" Value="3"/>
<Cov CovItemId="S44" Value="3"/>
<Cov CovItemId="S45" Value="4"/>
<Cov CovItemId="S46" Value="3"/>
<Cov CovItemId="S47" Value="3"/>
<Cov CovItemId="S48" Value="3"/>
<Cov CovItemId="S49" Value="3"/>
<Cov CovItemId="S50" Value="1"/>
<Cov CovItemId="S51" Value="23"/>
<Cov CovItemId="S52" Value="23"/>
<Cov CovItemId="S57" Value="23"/>
<Cov CovItemId="S58" Value="22"/>
<Cov CovItemId="S59" Value="22"/>
<Cov CovItemId="S6" Value="30"/>
<Cov CovItemId="S60" Value="23"/>
<Cov CovItemId="S61" Value="23"/>
<Cov CovItemId="S62" Value="11"/>
<Cov CovItemId="S63" Value="11"/>
<Cov CovItemId="S64" Value="11"/>
<Cov CovItemId="S66" Value="12"/>
<Cov CovItemId="S67" Value="2"/>
<Cov CovItemId="S68" Value="2"/>
<Cov CovItemId="S69" Value="1"/>
<Cov CovItemId="S7" Value="30"/>
<Cov CovItemId="S71" Value="10"/>
<Cov CovItemId="S72" Value="10"/>
<Cov CovItemId="S77" Value="10"/>
<Cov CovItemId="S78" Value="10"/>
<Cov CovItemId="S79" Value="10"/>
<Cov CovItemId="S8" Value="30"/>
<Cov CovItemId="S80" Value="10"/>
<Cov CovItemId="S83" Value="23"/>
<Cov CovItemId="S84" Value="23"/>
<Cov CovItemId="S85" Value="23"/>
<Cov CovItemId="S86" Value="23"/>
<Cov CovItemId="S87" Value="21"/>
<Cov CovItemId="S88" Value="23"/>
<Cov CovItemId="S89" Value="21"/>
<Cov CovItemId="S9" Value="30"/>
<Cov CovItemId="S90" Value="23"/>
<Cov CovItemId="S91" Value="23"/>
<Cov CovItemId="S92" Value="23"/>
<Cov CovItemId="S93" Value="23"/>
<Cov CovItemId="S94" Value="88"/>
<Cov CovItemId="S95" Value="65"/>
<Cov CovItemId="S96" Value="88"/>
<Cov CovItemId="S98" Value="23"/>
</CovPrefix>
<CovPrefix CovItemPrefix="com.OriginalFiles.Board.java">
<Cov CovItemId="B28" Value="65"/>
<Cov CovItemId="B31" Value="33"/>
<Cov CovItemId="B33" Value="24"/>
<Cov CovItemId="B34" Value="9"/>
<Cov CovItemId="B35" Value="3"/>
<Cov CovItemId="B36" Value="30"/>
<Cov CovItemId="B37" Value="33"/>
<Cov CovItemId="B38" Value="1"/>
<Cov CovItemId="B39" Value="85"/>
<Cov CovItemId="B41" Value="912"/>
<Cov CovItemId="B42" Value="77"/>
<Cov CovItemId="B44" Value="268"/>
<Cov CovItemId="B45" Value="222"/>
<Cov CovItemId="B46" Value="46"/>
<Cov CovItemId="B47" Value="237"/>
<Cov CovItemId="B48" Value="31"/>
<Cov CovItemId="B49" Value="199"/>
<Cov CovItemId="B50" Value="69"/>
<Cov CovItemId="B51" Value="199"/>
<Cov CovItemId="B53" Value="199"/>
<Cov CovItemId="B55" Value="138"/>
<Cov CovItemId="B56" Value="934"/>
<Cov CovItemId="B57" Value="680"/>
<Cov CovItemId="B58" Value="254"/>
<Cov CovItemId="B59" Value="680"/>
<Cov CovItemId="B62" Value="680"/>
<Cov CovItemId="B63" Value="3808"/>
<Cov CovItemId="B64" Value="3808"/>
<Cov CovItemId="B65" Value="268"/>
<Cov CovItemId="B66" Value="3540"/>
<Cov CovItemId="B67" Value="134"/>
<Cov CovItemId="B68" Value="134"/>
<Cov CovItemId="B71" Value="4"/>
<Cov CovItemId="B72" Value="4"/>
<Cov CovItemId="B73" Value="16"/>
<Cov CovItemId="B74" Value="16"/>
<Cov CovItemId="B75" Value="16"/>
<Cov CovItemId="B76" Value="16"/>
<Cov CovItemId="B77" Value="28"/>
<Cov CovItemId="B78" Value="4"/>
<Cov CovItemId="B79" Value="1373"/>
<Cov CovItemId="B81" Value="628"/>
<Cov CovItemId="B82" Value="745"/>
<Cov CovItemId="B83" Value="245"/>
<Cov CovItemId="B84" Value="556"/>
<Cov CovItemId="B85" Value="168"/>
<Cov CovItemId="B86" Value="388"/>
<Cov CovItemId="L10-2" Value="1904"/>
<Cov CovItemId="L11-1" Value="30"/>
<Cov CovItemId="L12-0" Value="30"/>
<Cov CovItemId="L13-2" Value="119"/>
<Cov CovItemId="L14-2" Value="952"/>
<Cov CovItemId="L15-2" Value="1"/>
<Cov CovItemId="L16-2" Value="4"/>
<Cov CovItemId="L17-2" Value="4"/>
<Cov CovItemId="L9-2" Value="238"/>
<Cov CovItemId="S100" Value="24"/>
<Cov CovItemId="S101" Value="9"/>
<Cov CovItemId="S102" Value="33"/>
<Cov CovItemId="S103" Value="3"/>
<Cov CovItemId="S104" Value="30"/>
<Cov CovItemId="S105" Value="23"/>
<Cov CovItemId="S106" Value="34"/>
<Cov CovItemId="S107" Value="34"/>
<Cov CovItemId="S108" Value="34"/>
<Cov CovItemId="S109" Value="33"/>
<Cov CovItemId="S110" Value="55"/>
<Cov CovItemId="S111" Value="85"/>
<Cov CovItemId="S112" Value="85"/>
<Cov CovItemId="S113" Value="85"/>
<Cov CovItemId="S115" Value="989"/>
<Cov CovItemId="S116" Value="912"/>
<Cov CovItemId="S117" Value="77"/>
<Cov CovItemId="S118" Value="268"/>
<Cov CovItemId="S119" Value="268"/>
<Cov CovItemId="S121" Value="268"/>
<Cov CovItemId="S122" Value="268"/>
<Cov CovItemId="S123" Value="268"/>
<Cov CovItemId="S124" Value="268"/>
<Cov CovItemId="S125" Value="222"/>
<Cov CovItemId="S126" Value="268"/>
<Cov CovItemId="S127" Value="237"/>
<Cov CovItemId="S128" Value="268"/>
<Cov CovItemId="S129" Value="199"/>
<Cov CovItemId="S130" Value="199"/>
<Cov CovItemId="S131" Value="199"/>
<Cov CovItemId="S132" Value="199"/>
<Cov CovItemId="S133" Value="268"/>
<Cov CovItemId="S134" Value="268"/>
<Cov CovItemId="S135" Value="1072"/>
<Cov CovItemId="S136" Value="138"/>
<Cov CovItemId="S137" Value="934"/>
<Cov CovItemId="S138" Value="680"/>
<Cov CovItemId="S139" Value="680"/>
<Cov CovItemId="S141" Value="934"/>
<Cov CovItemId="S142" Value="1072"/>
<Cov CovItemId="S143" Value="119"/>
<Cov CovItemId="S144" Value="119"/>
<Cov CovItemId="S145" Value="952"/>
<Cov CovItemId="S146" Value="7616"/>
<Cov CovItemId="S147" Value="3808"/>
<Cov CovItemId="S148" Value="268"/>
<Cov CovItemId="S149" Value="134"/>
<Cov CovItemId="S150" Value="134"/>
<Cov CovItemId="S151" Value="119"/>
<Cov CovItemId="S157" Value="1"/>
<Cov CovItemId="S158" Value="1"/>
<Cov CovItemId="S159" Value="8"/>
<Cov CovItemId="S160" Value="4"/>
<Cov CovItemId="S161" Value="32"/>
<Cov CovItemId="S162" Value="16"/>
<Cov CovItemId="S163" Value="4"/>
<Cov CovItemId="S164" Value="4"/>
<Cov CovItemId="S165" Value="32"/>
<Cov CovItemId="S166" Value="16"/>
<Cov CovItemId="S167" Value="4"/>
<Cov CovItemId="S168" Value="1"/>
<Cov CovItemId="S169" Value="32"/>
<Cov CovItemId="S170" Value="32"/>
<Cov CovItemId="S171" Value="28"/>
<Cov CovItemId="S172" Value="4"/>
<Cov CovItemId="S173" Value="4"/>
<Cov CovItemId="S174" Value="4"/>
<Cov CovItemId="S175" Value="4"/>
<Cov CovItemId="S176" Value="1373"/>
<Cov CovItemId="S177" Value="1373"/>
<Cov CovItemId="S178" Value="628"/>
<Cov CovItemId="S179" Value="745"/>
<Cov CovItemId="S180" Value="801"/>
<Cov CovItemId="S181" Value="245"/>
<Cov CovItemId="S182" Value="556"/>
<Cov CovItemId="S183" Value="168"/>
<Cov CovItemId="S184" Value="388"/>
<Cov CovItemId="S185" Value="3712"/>
<Cov CovItemId="S61" Value="238"/>
<Cov CovItemId="S62" Value="1904"/>
<Cov CovItemId="S63" Value="15232"/>
<Cov CovItemId="S64" Value="30"/>
<Cov CovItemId="S65" Value="30"/>
<Cov CovItemId="S66" Value="30"/>
<Cov CovItemId="S67" Value="30"/>
<Cov CovItemId="S68" Value="30"/>
<Cov CovItemId="S76" Value="30"/>
<Cov CovItemId="S77" Value="30"/>
<Cov CovItemId="S94" Value="65"/>
<Cov CovItemId="S97" Value="65"/>
<Cov CovItemId="S98" Value="33"/>
<Cov CovItemId="S99" Value="33"/>
</CovPrefix>
<CovPrefix CovItemPrefix="com.OriginalFiles.Field.java">
<Cov CovItemId="B1" Value="80"/>
<Cov CovItemId="B2" Value="45"/>
<Cov CovItemId="S1" Value="88"/>
<Cov CovItemId="S13" Value="418"/>
<Cov CovItemId="S2" Value="88"/>
<Cov CovItemId="S5" Value="125"/>
<Cov CovItemId="S6" Value="125"/>
<Cov CovItemId="S7" Value="80"/>
<Cov CovItemId="S8" Value="6296"/>
<Cov CovItemId="S9" Value="8157"/>
</CovPrefix>
<CovPrefix CovItemPrefix="com.OriginalFiles.Move.java">
<Cov CovItemId="S1" Value="2"/>
<Cov CovItemId="S2" Value="2"/>
<Cov CovItemId="S3" Value="2"/>
<Cov CovItemId="S4" Value="2"/>
<Cov CovItemId="S5" Value="2"/>
<Cov CovItemId="S6" Value="2"/>
<Cov CovItemId="S7" Value="2"/>
</CovPrefix>
<CovPrefix CovItemPrefix="com.OriginalFiles.Piece.java">
<Cov CovItemId="B1" Value="35"/>
<Cov CovItemId="B10" Value="34"/>
<Cov CovItemId="B11" Value="81"/>
<Cov CovItemId="B12" Value="9"/>
<Cov CovItemId="B13" Value="35"/>
<Cov CovItemId="B14" Value="46"/>
<Cov CovItemId="B15" Value="81"/>
<Cov CovItemId="B18" Value="81"/>
<Cov CovItemId="B2" Value="55"/>
<Cov CovItemId="B3" Value="19"/>
<Cov CovItemId="B33" Value="13"/>
<Cov CovItemId="B34" Value="68"/>
<Cov CovItemId="B35" Value="8"/>
<Cov CovItemId="B36" Value="73"/>
<Cov CovItemId="B37" Value="8"/>
<Cov CovItemId="B39" Value="35"/>
<Cov CovItemId="B4" Value="16"/>
<Cov CovItemId="B40" Value="46"/>
<Cov CovItemId="B5" Value="81"/>
<Cov CovItemId="B6" Value="9"/>
<Cov CovItemId="B9" Value="47"/>
<Cov CovItemId="S1" Value="46"/>
<Cov CovItemId="S10" Value="46"/>
<Cov CovItemId="S11" Value="46"/>
<Cov CovItemId="S12" Value="46"/>
<Cov CovItemId="S13" Value="46"/>
<Cov CovItemId="S14" Value="46"/>
<Cov CovItemId="S15" Value="46"/>
<Cov CovItemId="S16" Value="46"/>
<Cov CovItemId="S17" Value="46"/>
<Cov CovItemId="S18" Value="46"/>
<Cov CovItemId="S19" Value="46"/>
<Cov CovItemId="S2" Value="46"/>
<Cov CovItemId="S20" Value="46"/>
<Cov CovItemId="S21" Value="46"/>
<Cov CovItemId="S23" Value="336"/>
<Cov CovItemId="S24" Value="90"/>
<Cov CovItemId="S25" Value="90"/>
<Cov CovItemId="S26" Value="90"/>
<Cov CovItemId="S27" Value="35"/>
<Cov CovItemId="S28" Value="19"/>
<Cov CovItemId="S29" Value="35"/>
<Cov CovItemId="S3" Value="46"/>
<Cov CovItemId="S30" Value="55"/>
<Cov CovItemId="S31" Value="90"/>
<Cov CovItemId="S32" Value="90"/>
<Cov CovItemId="S33" Value="81"/>
<Cov CovItemId="S34" Value="9"/>
<Cov CovItemId="S35" Value="9"/>
<Cov CovItemId="S39" Value="81"/>
<Cov CovItemId="S4" Value="46"/>
<Cov CovItemId="S40" Value="47"/>
<Cov CovItemId="S41" Value="34"/>
<Cov CovItemId="S42" Value="90"/>
<Cov CovItemId="S43" Value="90"/>
<Cov CovItemId="S44" Value="81"/>
<Cov CovItemId="S45" Value="81"/>
<Cov CovItemId="S46" Value="81"/>
<Cov CovItemId="S47" Value="35"/>
<Cov CovItemId="S48" Value="81"/>
<Cov CovItemId="S49" Value="81"/>
<Cov CovItemId="S5" Value="46"/>
<Cov CovItemId="S50" Value="81"/>
<Cov CovItemId="S6" Value="46"/>
<Cov CovItemId="S65" Value="81"/>
<Cov CovItemId="S66" Value="13"/>
<Cov CovItemId="S67" Value="81"/>
<Cov CovItemId="S68" Value="8"/>
<Cov CovItemId="S69" Value="8"/>
<Cov CovItemId="S7" Value="46"/>
<Cov CovItemId="S70" Value="8"/>
<Cov CovItemId="S71" Value="81"/>
<Cov CovItemId="S72" Value="35"/>
<Cov CovItemId="S73" Value="81"/>
<Cov CovItemId="S8" Value="46"/>
<Cov CovItemId="S9" Value="46"/>
</CovPrefix>
<CovPrefix CovItemPrefix="com.OriginalFiles.RemoteNXTFunctions.java">
<Cov CovItemId="B10" Value="38"/>
<Cov CovItemId="B104" Value="78"/>
<Cov CovItemId="B11" Value="1"/>
<Cov CovItemId="B114" Value="78"/>
<Cov CovItemId="B12" Value="37"/>
<Cov CovItemId="B124" Value="78"/>
<Cov CovItemId="B13" Value="10"/>
<Cov CovItemId="B133" Value="6"/>
<Cov CovItemId="B134" Value="72"/>
<Cov CovItemId="B135" Value="2"/>
<Cov CovItemId="B136" Value="4"/>
<Cov CovItemId="B137" Value="2"/>
<Cov CovItemId="B138" Value="2"/>
<Cov CovItemId="B14" Value="27"/>
<Cov CovItemId="B140" Value="2"/>
<Cov CovItemId="B142" Value="72"/>
<Cov CovItemId="B15" Value="22"/>
<Cov CovItemId="B16" Value="56"/>
<Cov CovItemId="B17" Value="11"/>
<Cov CovItemId="B18" Value="11"/>
<Cov CovItemId="B19" Value="11"/>
<Cov CovItemId="B2" Value="2"/>
<Cov CovItemId="B23" Value="50"/>
<Cov CovItemId="B24" Value="28"/>
<Cov CovItemId="B25" Value="10"/>
<Cov CovItemId="B26" Value="40"/>
<Cov CovItemId="B27" Value="10"/>
<Cov CovItemId="B28" Value="30"/>
<Cov CovItemId="B30" Value="30"/>
<Cov CovItemId="B32" Value="78"/>
<Cov CovItemId="B4" Value="2"/>
<Cov CovItemId="B40" Value="78"/>
<Cov CovItemId="B5" Value="72"/>
<Cov CovItemId="B50" Value="78"/>
<Cov CovItemId="B56" Value="78"/>
<Cov CovItemId="B6" Value="78"/>
<Cov CovItemId="B62" Value="78"/>
<Cov CovItemId="B7" Value="33"/>
<Cov CovItemId="B70" Value="78"/>
<Cov CovItemId="B78" Value="78"/>
<Cov CovItemId="B8" Value="39"/>
<Cov CovItemId="B86" Value="78"/>
<Cov CovItemId="B9" Value="1"/>
<Cov CovItemId="B94" Value="78"/>
<Cov CovItemId="L1-1" Value="2"/>
<Cov CovItemId="L2-0" Value="2"/>
<Cov CovItemId="S10" Value="2"/>
<Cov CovItemId="S100" Value="78"/>
<Cov CovItemId="S108" Value="78"/>
<Cov CovItemId="S118" Value="78"/>
<Cov CovItemId="S12" Value="2"/>
<Cov CovItemId="S128" Value="78"/>
<Cov CovItemId="S138" Value="78"/>
<Cov CovItemId="S14" Value="2"/>
<Cov CovItemId="S148" Value="78"/>
<Cov CovItemId="S149" Value="6"/>
<Cov CovItemId="S15" Value="2"/>
<Cov CovItemId="S150" Value="2"/>
<Cov CovItemId="S151" Value="4"/>
<Cov CovItemId="S152" Value="2"/>
<Cov CovItemId="S153" Value="2"/>
<Cov CovItemId="S155" Value="2"/>
<Cov CovItemId="S156" Value="72"/>
<Cov CovItemId="S162" Value="150"/>
<Cov CovItemId="S17" Value="2"/>
<Cov CovItemId="S18" Value="2"/>
<Cov CovItemId="S19" Value="150"/>
<Cov CovItemId="S20" Value="150"/>
<Cov CovItemId="S21" Value="72"/>
<Cov CovItemId="S22" Value="33"/>
<Cov CovItemId="S23" Value="39"/>
<Cov CovItemId="S24" Value="1"/>
<Cov CovItemId="S25" Value="38"/>
<Cov CovItemId="S26" Value="1"/>
<Cov CovItemId="S27" Value="37"/>
<Cov CovItemId="S28" Value="10"/>
<Cov CovItemId="S29" Value="27"/>
<Cov CovItemId="S30" Value="78"/>
<Cov CovItemId="S31" Value="22"/>
<Cov CovItemId="S32" Value="11"/>
<Cov CovItemId="S33" Value="11"/>
<Cov CovItemId="S34" Value="11"/>
<Cov CovItemId="S38" Value="78"/>
<Cov CovItemId="S39" Value="50"/>
<Cov CovItemId="S4" Value="5"/>
<Cov CovItemId="S40" Value="10"/>
<Cov CovItemId="S41" Value="40"/>
<Cov CovItemId="S42" Value="10"/>
<Cov CovItemId="S43" Value="30"/>
<Cov CovItemId="S45" Value="30"/>
<Cov CovItemId="S46" Value="78"/>
<Cov CovItemId="S5" Value="1"/>
<Cov CovItemId="S54" Value="78"/>
<Cov CovItemId="S6" Value="2"/>
<Cov CovItemId="S64" Value="78"/>
<Cov CovItemId="S7" Value="2"/>
<Cov CovItemId="S70" Value="78"/>
<Cov CovItemId="S76" Value="78"/>
<Cov CovItemId="S8" Value="2"/>
<Cov CovItemId="S84" Value="78"/>
<Cov CovItemId="S9" Value="2"/>
<Cov CovItemId="S92" Value="78"/>
</CovPrefix>
</CovList>
<AssgnmntList>
<AssgnmntPrefix RootTermCovItemPrefix="com.OriginalFiles.Analyze.java">
<AssgnmntListEntry Length="1" RootTermCovItemId="C1">
<MapEntry BoolAssgnmnt="0" Value="30"/>
</AssgnmntListEntry>
<AssgnmntListEntry Length="1" RootTermCovItemId="C10">
<MapEntry BoolAssgnmnt="0" Value="7"/>
<MapEntry BoolAssgnmnt="1" Value="22"/>
</AssgnmntListEntry>
<AssgnmntListEntry Length="1" RootTermCovItemId="C11">
<MapEntry BoolAssgnmnt="0" Value="4"/>
<MapEntry BoolAssgnmnt="1" Value="3"/>
</AssgnmntListEntry>
<AssgnmntListEntry Length="1" RootTermCovItemId="C12">
<MapEntry BoolAssgnmnt="0" Value="1"/>
<MapEntry BoolAssgnmnt="1" Value="3"/>
</AssgnmntListEntry>
<AssgnmntListEntry Length="1" RootTermCovItemId="C13">
<MapEntry BoolAssgnmnt="0" Value="23"/>
</AssgnmntListEntry>
<AssgnmntListEntry Length="1" RootTermCovItemId="C16">
<MapEntry BoolAssgnmnt="1" Value="22"/>
</AssgnmntListEntry>
<AssgnmntListEntry Length="1" RootTermCovItemId="C17">
<MapEntry BoolAssgnmnt="1" Value="23"/>
</AssgnmntListEntry>
<AssgnmntListEntry Length="1" RootTermCovItemId="C18">
<MapEntry BoolAssgnmnt="0" Value="12"/>
<MapEntry BoolAssgnmnt="1" Value="11"/>
</AssgnmntListEntry>
<AssgnmntListEntry Length="1" RootTermCovItemId="C19">
<MapEntry BoolAssgnmnt="1" Value="11"/>
</AssgnmntListEntry>
<AssgnmntListEntry Length="1" RootTermCovItemId="C2">
<MapEntry BoolAssgnmnt="0" Value="29"/>
</AssgnmntListEntry>
<AssgnmntListEntry Length="1" RootTermCovItemId="C20">
<MapEntry BoolAssgnmnt="0" Value="10"/>
<MapEntry BoolAssgnmnt="1" Value="2"/>
</AssgnmntListEntry>
<AssgnmntListEntry Length="1" RootTermCovItemId="C21">
<MapEntry BoolAssgnmnt="1" Value="2"/>
</AssgnmntListEntry>
<AssgnmntListEntry Length="1" RootTermCovItemId="C22">
<MapEntry BoolAssgnmnt="1" Value="10"/>
</AssgnmntListEntry>
<AssgnmntListEntry Length="1" RootTermCovItemId="C23">
<MapEntry BoolAssgnmnt="0" Value="10"/>
</AssgnmntListEntry>
<AssgnmntListEntry Length="1" RootTermCovItemId="C25">
<MapEntry BoolAssgnmnt="1" Value="10"/>
</AssgnmntListEntry>
<AssgnmntListEntry Length="1" RootTermCovItemId="C26">
<MapEntry BoolAssgnmnt="1" Value="10"/>
</AssgnmntListEntry>
<AssgnmntListEntry Length="1" RootTermCovItemId="C27">
<MapEntry BoolAssgnmnt="1" Value="23"/>
</AssgnmntListEntry>
<AssgnmntListEntry Length="1" RootTermCovItemId="C28">
<MapEntry BoolAssgnmnt="0" Value="2"/>
<MapEntry BoolAssgnmnt="1" Value="21"/>
</AssgnmntListEntry>
<AssgnmntListEntry Length="1" RootTermCovItemId="C29">
<MapEntry BoolAssgnmnt="0" Value="2"/>
<MapEntry BoolAssgnmnt="1" Value="21"/>
</AssgnmntListEntry>
<AssgnmntListEntry Length="1" RootTermCovItemId="C3">
<MapEntry BoolAssgnmnt="0" Value="28"/>
<MapEntry BoolAssgnmnt="1" Value="2"/>
</AssgnmntListEntry>
<AssgnmntListEntry Length="1" RootTermCovItemId="C30">
<MapEntry BoolAssgnmnt="1" Value="23"/>
</AssgnmntListEntry>
<AssgnmntListEntry Length="1" RootTermCovItemId="C31">
<MapEntry BoolAssgnmnt="0" Value="23"/>
<MapEntry BoolAssgnmnt="1" Value="88"/>
</AssgnmntListEntry>
<AssgnmntListEntry Length="2" RootTermCovItemId="C32">
<MapEntry BoolAssgnmnt="10" Value="21"/>
<MapEntry BoolAssgnmnt="02" Value="44"/>
<MapEntry BoolAssgnmnt="11" Value="23"/>
</AssgnmntListEntry>
<AssgnmntListEntry Length="1" RootTermCovItemId="C33">
<MapEntry BoolAssgnmnt="1" Value="88"/>
</AssgnmntListEntry>
<AssgnmntListEntry Length="1" RootTermCovItemId="C4">
<MapEntry BoolAssgnmnt="0" Value="60"/>
<MapEntry BoolAssgnmnt="1" Value="1860"/>
</AssgnmntListEntry>
<AssgnmntListEntry Length="1" RootTermCovItemId="C49">
<MapEntry BoolAssgnmnt="0" Value="30"/>
<MapEntry BoolAssgnmnt="1" Value="3"/>
</AssgnmntListEntry>
<AssgnmntListEntry Length="2" RootTermCovItemId="C5">
<MapEntry BoolAssgnmnt="10" Value="30"/>
<MapEntry BoolAssgnmnt="11" Value="30"/>
</AssgnmntListEntry>
<AssgnmntListEntry Length="1" RootTermCovItemId="C50">
<MapEntry BoolAssgnmnt="0" Value="2"/>
<MapEntry BoolAssgnmnt="1" Value="1"/>
</AssgnmntListEntry>
<AssgnmntListEntry Length="1" RootTermCovItemId="C51">
<MapEntry BoolAssgnmnt="0" Value="1"/>
</AssgnmntListEntry>
<AssgnmntListEntry Length="1" RootTermCovItemId="C52">
<MapEntry BoolAssgnmnt="0" Value="2"/>
</AssgnmntListEntry>
<AssgnmntListEntry Length="1" RootTermCovItemId="C53">
<MapEntry BoolAssgnmnt="0" Value="10"/>
<MapEntry BoolAssgnmnt="1" Value="1"/>
</AssgnmntListEntry>
<AssgnmntListEntry Length="1" RootTermCovItemId="C54">
<MapEntry BoolAssgnmnt="0" Value="9"/>
<MapEntry BoolAssgnmnt="1" Value="1"/>
</AssgnmntListEntry>
<AssgnmntListEntry Length="1" RootTermCovItemId="C55">
<MapEntry BoolAssgnmnt="0" Value="1"/>
<MapEntry BoolAssgnmnt="1" Value="8"/>
</AssgnmntListEntry>
<AssgnmntListEntry Length="1" RootTermCovItemId="C56">
<MapEntry BoolAssgnmnt="0" Value="28"/>
<MapEntry BoolAssgnmnt="1" Value="1"/>
</AssgnmntListEntry>
<AssgnmntListEntry Length="1" RootTermCovItemId="C57">
<MapEntry BoolAssgnmnt="0" Value="1"/>
<MapEntry BoolAssgnmnt="1" Value="1"/>
</AssgnmntListEntry>
<AssgnmntListEntry Length="1" RootTermCovItemId="C58">
<MapEntry BoolAssgnmnt="1" Value="1"/>
</AssgnmntListEntry>
<AssgnmntListEntry Length="1" RootTermCovItemId="C59">
<MapEntry BoolAssgnmnt="1" Value="1"/>
</AssgnmntListEntry>
<AssgnmntListEntry Length="1" RootTermCovItemId="C6">
<MapEntry BoolAssgnmnt="1" Value="30"/>
</AssgnmntListEntry>
<AssgnmntListEntry Length="1" RootTermCovItemId="C60">
<MapEntry BoolAssgnmnt="1" Value="1"/>
</AssgnmntListEntry>
<AssgnmntListEntry Length="1" RootTermCovItemId="C61">
<MapEntry BoolAssgnmnt="1" Value="1"/>
</AssgnmntListEntry>
<AssgnmntListEntry Length="1" RootTermCovItemId="C62">
<MapEntry BoolAssgnmnt="0" Value="8"/>
<MapEntry BoolAssgnmnt="1" Value="1"/>
</AssgnmntListEntry>
<AssgnmntListEntry Length="1" RootTermCovItemId="C63">
<MapEntry BoolAssgnmnt="0" Value="8"/>
</AssgnmntListEntry>
<AssgnmntListEntry Length="6" RootTermCovItemId="C66">
<MapEntry BoolAssgnmnt="110222" Value="11"/>
<MapEntry BoolAssgnmnt="022222" Value="106"/>
<MapEntry BoolAssgnmnt="111111" Value="33"/>
</AssgnmntListEntry>
<AssgnmntListEntry Length="6" RootTermCovItemId="C67">
<MapEntry BoolAssgnmnt="022222" Value="106"/>
<MapEntry BoolAssgnmnt="111111" Value="11"/>
</AssgnmntListEntry>
<AssgnmntListEntry Length="6" RootTermCovItemId="C68">
<MapEntry BoolAssgnmnt="102222" Value="85"/>
<MapEntry BoolAssgnmnt="111111" Value="21"/>
</AssgnmntListEntry>
<AssgnmntListEntry Length="6" RootTermCovItemId="C69">
<MapEntry BoolAssgnmnt="102222" Value="83"/>
<MapEntry BoolAssgnmnt="111111" Value="2"/>
</AssgnmntListEntry>
<AssgnmntListEntry Length="1" RootTermCovItemId="C7">
<MapEntry BoolAssgnmnt="0" Value="7"/>
<MapEntry BoolAssgnmnt="1" Value="23"/>
</AssgnmntListEntry>
<AssgnmntListEntry Length="1" RootTermCovItemId="C70">
<MapEntry BoolAssgnmnt="0" Value="132"/>
<MapEntry BoolAssgnmnt="1" Value="3644"/>
</AssgnmntListEntry>
<AssgnmntListEntry Length="1" RootTermCovItemId="C71">
<MapEntry BoolAssgnmnt="0" Value="66"/>
<MapEntry BoolAssgnmnt="1" Value="66"/>
</AssgnmntListEntry>
<AssgnmntListEntry Length="1" RootTermCovItemId="C72">
<MapEntry BoolAssgnmnt="1" Value="66"/>
</AssgnmntListEntry>
<AssgnmntListEntry Length="1" RootTermCovItemId="C73">
<MapEntry BoolAssgnmnt="0" Value="66"/>
<MapEntry BoolAssgnmnt="1" Value="66"/>
</AssgnmntListEntry>
<AssgnmntListEntry Length="1" RootTermCovItemId="C74">
<MapEntry BoolAssgnmnt="1" Value="66"/>
</AssgnmntListEntry>
<AssgnmntListEntry Length="3" RootTermCovItemId="C75">
<MapEntry BoolAssgnmnt="012" Value="30"/>
<MapEntry BoolAssgnmnt="001" Value="29"/>
</AssgnmntListEntry>
<AssgnmntListEntry Length="3" RootTermCovItemId="C76">
<MapEntry BoolAssgnmnt="011" Value="30"/>
<MapEntry BoolAssgnmnt="002" Value="29"/>
</AssgnmntListEntry>
<AssgnmntListEntry Length="2" RootTermCovItemId="C77">
<MapEntry BoolAssgnmnt="02" Value="7"/>
<MapEntry BoolAssgnmnt="11" Value="52"/>
</AssgnmntListEntry>
<AssgnmntListEntry Length="2" RootTermCovItemId="C78">
<MapEntry BoolAssgnmnt="10" Value="7"/>
<MapEntry BoolAssgnmnt="02" Value="3"/>
<MapEntry BoolAssgnmnt="11" Value="42"/>
</AssgnmntListEntry>
<AssgnmntListEntry Length="2" RootTermCovItemId="C79">
<MapEntry BoolAssgnmnt="00" Value="42"/>
</AssgnmntListEntry>
<AssgnmntListEntry Length="2" RootTermCovItemId="C8">
<MapEntry BoolAssgnmnt="02" Value="23"/>
</AssgnmntListEntry>
<AssgnmntListEntry Length="1" RootTermCovItemId="C9">
<MapEntry BoolAssgnmnt="1" Value="22"/>
</AssgnmntListEntry>
<AssgnmntListEntry Length="8" RootTermCovItemId="C90">
<MapEntry BoolAssgnmnt="02020202" Value="84"/>
</AssgnmntListEntry>
</AssgnmntPrefix>
<AssgnmntPrefix RootTermCovItemPrefix="com.OriginalFiles.Board.java">
<AssgnmntListEntry Length="1" RootTermCovItemId="C14">
<MapEntry BoolAssgnmnt="0" Value="30"/>
<MapEntry BoolAssgnmnt="1" Value="30"/>
</AssgnmntListEntry>
<AssgnmntListEntry Length="1" RootTermCovItemId="C15">
<MapEntry BoolAssgnmnt="0" Value="30"/>
</AssgnmntListEntry>
<AssgnmntListEntry Length="1" RootTermCovItemId="C24">
<MapEntry BoolAssgnmnt="0" Value="65"/>
</AssgnmntListEntry>
<AssgnmntListEntry Length="1" RootTermCovItemId="C26">
<MapEntry BoolAssgnmnt="0" Value="33"/>
</AssgnmntListEntry>
<AssgnmntListEntry Length="1" RootTermCovItemId="C27">
<MapEntry BoolAssgnmnt="0" Value="9"/>
<MapEntry BoolAssgnmnt="1" Value="24"/>
</AssgnmntListEntry>
<AssgnmntListEntry Length="2" RootTermCovItemId="C28">
<MapEntry BoolAssgnmnt="10" Value="3"/>
<MapEntry BoolAssgnmnt="02" Value="21"/>
<MapEntry BoolAssgnmnt="11" Value="9"/>
</AssgnmntListEntry>
<AssgnmntListEntry Length="1" RootTermCovItemId="C29">
<MapEntry BoolAssgnmnt="0" Value="1"/>
<MapEntry BoolAssgnmnt="1" Value="33"/>
</AssgnmntListEntry>
<AssgnmntListEntry Length="1" RootTermCovItemId="C30">
<MapEntry BoolAssgnmnt="1" Value="85"/>
</AssgnmntListEntry>
<AssgnmntListEntry Length="1" RootTermCovItemId="C31">
<MapEntry BoolAssgnmnt="0" Value="77"/>
<MapEntry BoolAssgnmnt="1" Value="912"/>
</AssgnmntListEntry>
<AssgnmntListEntry Length="1" RootTermCovItemId="C32">
<MapEntry BoolAssgnmnt="0" Value="268"/>
</AssgnmntListEntry>
<AssgnmntListEntry Length="1" RootTermCovItemId="C33">
<MapEntry BoolAssgnmnt="0" Value="222"/>
<MapEntry BoolAssgnmnt="1" Value="46"/>
</AssgnmntListEntry>
<AssgnmntListEntry Length="1" RootTermCovItemId="C34">
<MapEntry BoolAssgnmnt="0" Value="237"/>
<MapEntry BoolAssgnmnt="1" Value="31"/>
</AssgnmntListEntry>
<AssgnmntListEntry Length="1" RootTermCovItemId="C35">
<MapEntry BoolAssgnmnt="0" Value="69"/>
<MapEntry BoolAssgnmnt="1" Value="199"/>
</AssgnmntListEntry>
<AssgnmntListEntry Length="1" RootTermCovItemId="C36">
<MapEntry BoolAssgnmnt="0" Value="199"/>
</AssgnmntListEntry>
<AssgnmntListEntry Length="1" RootTermCovItemId="C37">
<MapEntry BoolAssgnmnt="0" Value="199"/>
</AssgnmntListEntry>
<AssgnmntListEntry Length="5" RootTermCovItemId="C38">
<MapEntry BoolAssgnmnt="02002" Value="268"/>
<MapEntry BoolAssgnmnt="10122" Value="268"/>
<MapEntry BoolAssgnmnt="11221" Value="226"/>
<MapEntry BoolAssgnmnt="11220" Value="42"/>
<MapEntry BoolAssgnmnt="02010" Value="96"/>
<MapEntry BoolAssgnmnt="02011" Value="172"/>
</AssgnmntListEntry>
<AssgnmntListEntry Length="1" RootTermCovItemId="C39">
<MapEntry BoolAssgnmnt="0" Value="254"/>
<MapEntry BoolAssgnmnt="1" Value="680"/>
</AssgnmntListEntry>
<AssgnmntListEntry Length="1" RootTermCovItemId="C40">
<MapEntry BoolAssgnmnt="0" Value="680"/>
</AssgnmntListEntry>
<AssgnmntListEntry Length="2" RootTermCovItemId="C41">
<MapEntry BoolAssgnmnt="02" Value="680"/>
</AssgnmntListEntry>
<AssgnmntListEntry Length="1" RootTermCovItemId="C42">
<MapEntry BoolAssgnmnt="0" Value="3808"/>
<MapEntry BoolAssgnmnt="1" Value="3808"/>
</AssgnmntListEntry>
<AssgnmntListEntry Length="1" RootTermCovItemId="C43">
<MapEntry BoolAssgnmnt="0" Value="3540"/>
<MapEntry BoolAssgnmnt="1" Value="268"/>
</AssgnmntListEntry>
<AssgnmntListEntry Length="1" RootTermCovItemId="C44">
<MapEntry BoolAssgnmnt="0" Value="134"/>
<MapEntry BoolAssgnmnt="1" Value="134"/>
</AssgnmntListEntry>
<AssgnmntListEntry Length="1" RootTermCovItemId="C46">
<MapEntry BoolAssgnmnt="0" Value="1"/>
<MapEntry BoolAssgnmnt="1" Value="8"/>
</AssgnmntListEntry>
<AssgnmntListEntry Length="1" RootTermCovItemId="C47">
<MapEntry BoolAssgnmnt="0" Value="4"/>
<MapEntry BoolAssgnmnt="1" Value="4"/>
</AssgnmntListEntry>
<AssgnmntListEntry Length="1" RootTermCovItemId="C48">
<MapEntry BoolAssgnmnt="0" Value="4"/>
<MapEntry BoolAssgnmnt="1" Value="32"/>
</AssgnmntListEntry>
<AssgnmntListEntry Length="1" RootTermCovItemId="C49">
<MapEntry BoolAssgnmnt="0" Value="16"/>
<MapEntry BoolAssgnmnt="1" Value="16"/>
</AssgnmntListEntry>
<AssgnmntListEntry Length="1" RootTermCovItemId="C50">
<MapEntry BoolAssgnmnt="0" Value="4"/>
<MapEntry BoolAssgnmnt="1" Value="32"/>
</AssgnmntListEntry>
<AssgnmntListEntry Length="1" RootTermCovItemId="C51">
<MapEntry BoolAssgnmnt="0" Value="16"/>
<MapEntry BoolAssgnmnt="1" Value="16"/>
</AssgnmntListEntry>
<AssgnmntListEntry Length="1" RootTermCovItemId="C52">
<MapEntry BoolAssgnmnt="0" Value="4"/>
<MapEntry BoolAssgnmnt="1" Value="28"/>
</AssgnmntListEntry>
<AssgnmntListEntry Length="1" RootTermCovItemId="C53">
<MapEntry BoolAssgnmnt="1" Value="1373"/>
</AssgnmntListEntry>
<AssgnmntListEntry Length="1" RootTermCovItemId="C54">
<MapEntry BoolAssgnmnt="0" Value="628"/>
<MapEntry BoolAssgnmnt="1" Value="745"/>
</AssgnmntListEntry>
<AssgnmntListEntry Length="3" RootTermCovItemId="C55">
<MapEntry BoolAssgnmnt="011" Value="96"/>
<MapEntry BoolAssgnmnt="010" Value="173"/>
<MapEntry BoolAssgnmnt="002" Value="407"/>
<MapEntry BoolAssgnmnt="120" Value="72"/>
<MapEntry BoolAssgnmnt="121" Value="53"/>
</AssgnmntListEntry>
<AssgnmntListEntry Length="3" RootTermCovItemId="C56">
<MapEntry BoolAssgnmnt="011" Value="90"/>
<MapEntry BoolAssgnmnt="010" Value="133"/>
<MapEntry BoolAssgnmnt="002" Value="149"/>
<MapEntry BoolAssgnmnt="120" Value="106"/>
<MapEntry BoolAssgnmnt="121" Value="78"/>
</AssgnmntListEntry>
</AssgnmntPrefix>
<AssgnmntPrefix RootTermCovItemPrefix="com.OriginalFiles.Field.java">
<AssgnmntListEntry Length="1" RootTermCovItemId="C1">
<MapEntry BoolAssgnmnt="0" Value="80"/>
<MapEntry BoolAssgnmnt="1" Value="45"/>
</AssgnmntListEntry>
</AssgnmntPrefix>
<AssgnmntPrefix RootTermCovItemPrefix="com.OriginalFiles.Piece.java">
<AssgnmntListEntry Length="2" RootTermCovItemId="C1">
<MapEntry BoolAssgnmnt="10" Value="46"/>
<MapEntry BoolAssgnmnt="02" Value="9"/>
<MapEntry BoolAssgnmnt="11" Value="35"/>
</AssgnmntListEntry>
<AssgnmntListEntry Length="5" RootTermCovItemId="C17">
<MapEntry BoolAssgnmnt="00210" Value="16"/>
<MapEntry BoolAssgnmnt="00211" Value="6"/>
<MapEntry BoolAssgnmnt="01002" Value="17"/>
<MapEntry BoolAssgnmnt="12222" Value="35"/>
<MapEntry BoolAssgnmnt="01122" Value="7"/>
</AssgnmntListEntry>
<AssgnmntListEntry Length="5" RootTermCovItemId="C18">
<MapEntry BoolAssgnmnt="00210" Value="18"/>
<MapEntry BoolAssgnmnt="00211" Value="4"/>
<MapEntry BoolAssgnmnt="01002" Value="20"/>
<MapEntry BoolAssgnmnt="12222" Value="35"/>
<MapEntry BoolAssgnmnt="01122" Value="4"/>
</AssgnmntListEntry>
<AssgnmntListEntry Length="1" RootTermCovItemId="C19">
<MapEntry BoolAssgnmnt="1" Value="8"/>
</AssgnmntListEntry>
<AssgnmntListEntry Length="2" RootTermCovItemId="C2">
<MapEntry BoolAssgnmnt="02" Value="16"/>
<MapEntry BoolAssgnmnt="11" Value="19"/>
</AssgnmntListEntry>
<AssgnmntListEntry Length="1" RootTermCovItemId="C20">
<MapEntry BoolAssgnmnt="0" Value="46"/>
<MapEntry BoolAssgnmnt="1" Value="35"/>
</AssgnmntListEntry>
<AssgnmntListEntry Length="1" RootTermCovItemId="C3">
<MapEntry BoolAssgnmnt="0" Value="9"/>
<MapEntry BoolAssgnmnt="1" Value="81"/>
</AssgnmntListEntry>
<AssgnmntListEntry Length="1" RootTermCovItemId="C5">
<MapEntry BoolAssgnmnt="0" Value="34"/>
<MapEntry BoolAssgnmnt="1" Value="47"/>
</AssgnmntListEntry>
<AssgnmntListEntry Length="1" RootTermCovItemId="C6">
<MapEntry BoolAssgnmnt="0" Value="9"/>
<MapEntry BoolAssgnmnt="1" Value="81"/>
</AssgnmntListEntry>
<AssgnmntListEntry Length="1" RootTermCovItemId="C7">
<MapEntry BoolAssgnmnt="0" Value="46"/>
<MapEntry BoolAssgnmnt="1" Value="35"/>
</AssgnmntListEntry>
<AssgnmntListEntry Length="1" RootTermCovItemId="C8">
<MapEntry BoolAssgnmnt="1" Value="81"/>
</AssgnmntListEntry>
<AssgnmntListEntry Length="1" RootTermCovItemId="C9">
<MapEntry BoolAssgnmnt="0" Value="81"/>
</AssgnmntListEntry>
</AssgnmntPrefix>
<AssgnmntPrefix RootTermCovItemPrefix="com.OriginalFiles.RemoteNXTFunctions.java">
<AssgnmntListEntry Length="1" RootTermCovItemId="C1">
<MapEntry BoolAssgnmnt="0" Value="2"/>
<MapEntry BoolAssgnmnt="1" Value="2"/>
</AssgnmntListEntry>
<AssgnmntListEntry Length="1" RootTermCovItemId="C10">
<MapEntry BoolAssgnmnt="0" Value="56"/>
<MapEntry BoolAssgnmnt="1" Value="22"/>
</AssgnmntListEntry>
<AssgnmntListEntry Length="2" RootTermCovItemId="C11">
<MapEntry BoolAssgnmnt="02" Value="11"/>
<MapEntry BoolAssgnmnt="11" Value="11"/>
</AssgnmntListEntry>
<AssgnmntListEntry Length="2" RootTermCovItemId="C12">
<MapEntry BoolAssgnmnt="11" Value="11"/>
</AssgnmntListEntry>
<AssgnmntListEntry Length="1" RootTermCovItemId="C14">
<MapEntry BoolAssgnmnt="0" Value="28"/>
<MapEntry BoolAssgnmnt="1" Value="50"/>
</AssgnmntListEntry>
<AssgnmntListEntry Length="2" RootTermCovItemId="C15">
<MapEntry BoolAssgnmnt="10" Value="10"/>
<MapEntry BoolAssgnmnt="02" Value="30"/>
<MapEntry BoolAssgnmnt="11" Value="10"/>
</AssgnmntListEntry>
<AssgnmntListEntry Length="2" RootTermCovItemId="C16">
<MapEntry BoolAssgnmnt="02" Value="30"/>
<MapEntry BoolAssgnmnt="11" Value="10"/>
</AssgnmntListEntry>
<AssgnmntListEntry Length="1" RootTermCovItemId="C17">
<MapEntry BoolAssgnmnt="0" Value="30"/>
</AssgnmntListEntry>
<AssgnmntListEntry Length="1" RootTermCovItemId="C18">
<MapEntry BoolAssgnmnt="0" Value="78"/>
</AssgnmntListEntry>
<AssgnmntListEntry Length="1" RootTermCovItemId="C2">
<MapEntry BoolAssgnmnt="0" Value="2"/>
</AssgnmntListEntry>
<AssgnmntListEntry Length="1" RootTermCovItemId="C22">
<MapEntry BoolAssgnmnt="0" Value="78"/>
</AssgnmntListEntry>
<AssgnmntListEntry Length="1" RootTermCovItemId="C27">
<MapEntry BoolAssgnmnt="0" Value="78"/>
</AssgnmntListEntry>
<AssgnmntListEntry Length="1" RootTermCovItemId="C3">
<MapEntry BoolAssgnmnt="0" Value="2"/>
</AssgnmntListEntry>
<AssgnmntListEntry Length="1" RootTermCovItemId="C30">
<MapEntry BoolAssgnmnt="0" Value="78"/>
</AssgnmntListEntry>
<AssgnmntListEntry Length="1" RootTermCovItemId="C33">
<MapEntry BoolAssgnmnt="0" Value="78"/>
</AssgnmntListEntry>
<AssgnmntListEntry Length="1" RootTermCovItemId="C37">
<MapEntry BoolAssgnmnt="0" Value="78"/>
</AssgnmntListEntry>
<AssgnmntListEntry Length="2" RootTermCovItemId="C4">
<MapEntry BoolAssgnmnt="10" Value="1"/>
<MapEntry BoolAssgnmnt="02" Value="1"/>
</AssgnmntListEntry>
<AssgnmntListEntry Length="1" RootTermCovItemId="C41">
<MapEntry BoolAssgnmnt="0" Value="78"/>
</AssgnmntListEntry>
<AssgnmntListEntry Length="1" RootTermCovItemId="C45">
<MapEntry BoolAssgnmnt="0" Value="78"/>
</AssgnmntListEntry>
<AssgnmntListEntry Length="1" RootTermCovItemId="C49">
<MapEntry BoolAssgnmnt="0" Value="78"/>
</AssgnmntListEntry>
<AssgnmntListEntry Length="1" RootTermCovItemId="C5">
<MapEntry BoolAssgnmnt="0" Value="78"/>
<MapEntry BoolAssgnmnt="1" Value="72"/>
</AssgnmntListEntry>
<AssgnmntListEntry Length="1" RootTermCovItemId="C54">
<MapEntry BoolAssgnmnt="0" Value="78"/>
</AssgnmntListEntry>
<AssgnmntListEntry Length="1" RootTermCovItemId="C59">
<MapEntry BoolAssgnmnt="0" Value="78"/>
</AssgnmntListEntry>
<AssgnmntListEntry Length="2" RootTermCovItemId="C6">
<MapEntry BoolAssgnmnt="10" Value="3"/>
<MapEntry BoolAssgnmnt="02" Value="36"/>
<MapEntry BoolAssgnmnt="11" Value="33"/>
</AssgnmntListEntry>
<AssgnmntListEntry Length="1" RootTermCovItemId="C64">
<MapEntry BoolAssgnmnt="0" Value="78"/>
</AssgnmntListEntry>
<AssgnmntListEntry Length="1" RootTermCovItemId="C69">
<MapEntry BoolAssgnmnt="0" Value="72"/>
<MapEntry BoolAssgnmnt="1" Value="6"/>
</AssgnmntListEntry>
<AssgnmntListEntry Length="2" RootTermCovItemId="C7">
<MapEntry BoolAssgnmnt="10" Value="4"/>
<MapEntry BoolAssgnmnt="02" Value="34"/>
<MapEntry BoolAssgnmnt="11" Value="1"/>
</AssgnmntListEntry>
<AssgnmntListEntry Length="2" RootTermCovItemId="C70">
<MapEntry BoolAssgnmnt="02" Value="4"/>
<MapEntry BoolAssgnmnt="11" Value="2"/>
</AssgnmntListEntry>
<AssgnmntListEntry Length="2" RootTermCovItemId="C71">
<MapEntry BoolAssgnmnt="02" Value="2"/>
<MapEntry BoolAssgnmnt="11" Value="2"/>
</AssgnmntListEntry>
<AssgnmntListEntry Length="1" RootTermCovItemId="C72">
<MapEntry BoolAssgnmnt="0" Value="2"/>
</AssgnmntListEntry>
<AssgnmntListEntry Length="1" RootTermCovItemId="C73">
<MapEntry BoolAssgnmnt="0" Value="72"/>
</AssgnmntListEntry>
<AssgnmntListEntry Length="2" RootTermCovItemId="C8">
<MapEntry BoolAssgnmnt="10" Value="3"/>
<MapEntry BoolAssgnmnt="02" Value="34"/>
<MapEntry BoolAssgnmnt="11" Value="1"/>
</AssgnmntListEntry>
<AssgnmntListEntry Length="1" RootTermCovItemId="C9">
<MapEntry BoolAssgnmnt="0" Value="27"/>
<MapEntry BoolAssgnmnt="1" Value="10"/>
</AssgnmntListEntry>
</AssgnmntPrefix>
</AssgnmntList>
<ObjMetaDataList/>
<MetaDataList/>
</TestCase>
<TestCase Comment="" Date="1386063802789" Name="com.Testing.AnalyzeTest:testAnalyzeBoard">
<CovList>
<CovPrefix CovItemPrefix="com.OriginalFiles.Analyze.java">
<Cov CovItemId="B1" Value="2"/>
<Cov CovItemId="B10" Value="42"/>
<Cov CovItemId="B107" Value="64"/>
<Cov CovItemId="B108" Value="7"/>
<Cov CovItemId="B109" Value="3"/>
<Cov CovItemId="B11" Value="2"/>
<Cov CovItemId="B110" Value="4"/>
<Cov CovItemId="B112" Value="4"/>
<Cov CovItemId="B114" Value="4"/>
<Cov CovItemId="B115" Value="3"/>
<Cov CovItemId="B116" Value="1"/>
<Cov CovItemId="B117" Value="1"/>
<Cov CovItemId="B120" Value="122"/>
<Cov CovItemId="B121" Value="198"/>
<Cov CovItemId="B122" Value="61"/>
<Cov CovItemId="B123" Value="61"/>
<Cov CovItemId="B124" Value="17"/>
<Cov CovItemId="B125" Value="44"/>
<Cov CovItemId="B126" Value="61"/>
<Cov CovItemId="B127" Value="61"/>
<Cov CovItemId="B128" Value="16"/>
<Cov CovItemId="B129" Value="45"/>
<Cov CovItemId="B13" Value="2"/>
<Cov CovItemId="B130" Value="1"/>
<Cov CovItemId="B131" Value="4"/>
<Cov CovItemId="B132" Value="1"/>
<Cov CovItemId="B133" Value="3"/>
<Cov CovItemId="B135" Value="3"/>
<Cov CovItemId="B14" Value="1"/>
<Cov CovItemId="B16" Value="2"/>
<Cov CovItemId="B17" Value="1"/>
<Cov CovItemId="B2" Value="2"/>
<Cov CovItemId="B20" Value="1"/>
<Cov CovItemId="B25" Value="1"/>
<Cov CovItemId="B26" Value="1"/>
<Cov CovItemId="B28" Value="1"/>
<Cov CovItemId="B29" Value="1"/>
<Cov CovItemId="B3" Value="1"/>
<Cov CovItemId="B31" Value="1"/>
<Cov CovItemId="B33" Value="1"/>
<Cov CovItemId="B36" Value="1"/>
<Cov CovItemId="B39" Value="1"/>
<Cov CovItemId="B41" Value="1"/>
<Cov CovItemId="B53" Value="1"/>
<Cov CovItemId="B55" Value="1"/>
<Cov CovItemId="B57" Value="1"/>
<Cov CovItemId="B59" Value="1"/>
<Cov CovItemId="B6" Value="2"/>
<Cov CovItemId="B61" Value="3"/>
<Cov CovItemId="B62" Value="1"/>
<Cov CovItemId="B64" Value="4"/>
<Cov CovItemId="B66" Value="2"/>
<Cov CovItemId="B68" Value="2"/>
<Cov CovItemId="B69" Value="1"/>
<Cov CovItemId="B7" Value="50"/>
<Cov CovItemId="B70" Value="1"/>
<Cov CovItemId="B72" Value="2"/>
<Cov CovItemId="B73" Value="1"/>
<Cov CovItemId="B74" Value="1"/>
<Cov CovItemId="B76" Value="1"/>
<Cov CovItemId="B8" Value="78"/>
<Cov CovItemId="B84" Value="1"/>
<Cov CovItemId="B9" Value="8"/>
<Cov CovItemId="B96" Value="1"/>
<Cov CovItemId="L1-2" Value="2"/>
<Cov CovItemId="L16-2" Value="5"/>
<Cov CovItemId="L17-2" Value="40"/>
<Cov CovItemId="L2-2" Value="16"/>
<Cov CovItemId="L3-1" Value="1"/>
<Cov CovItemId="L3-2" Value="1"/>
<Cov CovItemId="L4-2" Value="1"/>
<Cov CovItemId="L5-1" Value="2"/>
<Cov CovItemId="L6-1" Value="1"/>
<Cov CovItemId="S10" Value="2"/>
<Cov CovItemId="S100" Value="2"/>
<Cov CovItemId="S101" Value="2"/>
<Cov CovItemId="S102" Value="2"/>
<Cov CovItemId="S104" Value="2"/>
<Cov CovItemId="S105" Value="2"/>
<Cov CovItemId="S107" Value="2"/>
<Cov CovItemId="S108" Value="2"/>
<Cov CovItemId="S109" Value="1"/>
<Cov CovItemId="S11" Value="1"/>
<Cov CovItemId="S110" Value="2"/>
<Cov CovItemId="S111" Value="2"/>
<Cov CovItemId="S113" Value="2"/>
<Cov CovItemId="S114" Value="1"/>
<Cov CovItemId="S115" Value="2"/>
<Cov CovItemId="S116" Value="2"/>
<Cov CovItemId="S117" Value="2"/>
<Cov CovItemId="S118" Value="1"/>
<Cov CovItemId="S119" Value="1"/>
<Cov CovItemId="S12" Value="1"/>
<Cov CovItemId="S120" Value="1"/>
<Cov CovItemId="S121" Value="1"/>
<Cov CovItemId="S122" Value="1"/>
<Cov CovItemId="S123" Value="1"/>
<Cov CovItemId="S124" Value="1"/>
<Cov CovItemId="S13" Value="1"/>
<Cov CovItemId="S14" Value="1"/>
<Cov CovItemId="S148" Value="1"/>
<Cov CovItemId="S149" Value="1"/>
<Cov CovItemId="S15" Value="1"/>
<Cov CovItemId="S16" Value="2"/>
<Cov CovItemId="S168" Value="1"/>
<Cov CovItemId="S17" Value="2"/>
<Cov CovItemId="S18" Value="2"/>
<Cov CovItemId="S199" Value="71"/>
<Cov CovItemId="S200" Value="71"/>
<Cov CovItemId="S201" Value="71"/>
<Cov CovItemId="S202" Value="71"/>
<Cov CovItemId="S203" Value="71"/>
<Cov CovItemId="S204" Value="64"/>
<Cov CovItemId="S205" Value="7"/>
<Cov CovItemId="S206" Value="3"/>
<Cov CovItemId="S207" Value="4"/>
<Cov CovItemId="S209" Value="4"/>
<Cov CovItemId="S21" Value="2"/>
<Cov CovItemId="S211" Value="4"/>
<Cov CovItemId="S212" Value="5"/>
<Cov CovItemId="S213" Value="3"/>
<Cov CovItemId="S214" Value="1"/>
<Cov CovItemId="S215" Value="1"/>
<Cov CovItemId="S216" Value="1"/>
<Cov CovItemId="S217" Value="1"/>
<Cov CovItemId="S22" Value="2"/>
<Cov CovItemId="S221" Value="5"/>
<Cov CovItemId="S222" Value="5"/>
<Cov CovItemId="S223" Value="5"/>
<Cov CovItemId="S224" Value="5"/>
<Cov CovItemId="S225" Value="5"/>
<Cov CovItemId="S226" Value="5"/>
<Cov CovItemId="S227" Value="40"/>
<Cov CovItemId="S228" Value="320"/>
<Cov CovItemId="S229" Value="122"/>
<Cov CovItemId="S23" Value="16"/>
<Cov CovItemId="S230" Value="61"/>
<Cov CovItemId="S231" Value="61"/>
<Cov CovItemId="S232" Value="17"/>
<Cov CovItemId="S233" Value="122"/>
<Cov CovItemId="S234" Value="61"/>
<Cov CovItemId="S235" Value="61"/>
<Cov CovItemId="S236" Value="16"/>
<Cov CovItemId="S237" Value="5"/>
<Cov CovItemId="S238" Value="1"/>
<Cov CovItemId="S239" Value="4"/>
<Cov CovItemId="S24" Value="128"/>
<Cov CovItemId="S240" Value="1"/>
<Cov CovItemId="S241" Value="3"/>
<Cov CovItemId="S25" Value="50"/>
<Cov CovItemId="S250" Value="3"/>
<Cov CovItemId="S26" Value="8"/>
<Cov CovItemId="S27" Value="2"/>
<Cov CovItemId="S28" Value="2"/>
<Cov CovItemId="S29" Value="2"/>
<Cov CovItemId="S30" Value="2"/>
<Cov CovItemId="S31" Value="2"/>
<Cov CovItemId="S32" Value="2"/>
<Cov CovItemId="S33" Value="2"/>
<Cov CovItemId="S34" Value="3"/>
<Cov CovItemId="S35" Value="2"/>
<Cov CovItemId="S37" Value="2"/>
<Cov CovItemId="S38" Value="1"/>
<Cov CovItemId="S40" Value="1"/>
<Cov CovItemId="S51" Value="2"/>
<Cov CovItemId="S52" Value="2"/>
<Cov CovItemId="S53" Value="1"/>
<Cov CovItemId="S55" Value="1"/>
<Cov CovItemId="S56" Value="1"/>
<Cov CovItemId="S57" Value="1"/>
<Cov CovItemId="S58" Value="1"/>
<Cov CovItemId="S59" Value="1"/>
<Cov CovItemId="S6" Value="4"/>
<Cov CovItemId="S60" Value="1"/>
<Cov CovItemId="S61" Value="1"/>
<Cov CovItemId="S66" Value="1"/>
<Cov CovItemId="S67" Value="1"/>
<Cov CovItemId="S68" Value="1"/>
<Cov CovItemId="S69" Value="1"/>
<Cov CovItemId="S7" Value="2"/>
<Cov CovItemId="S8" Value="2"/>
<Cov CovItemId="S83" Value="1"/>
<Cov CovItemId="S84" Value="1"/>
<Cov CovItemId="S85" Value="1"/>
<Cov CovItemId="S86" Value="1"/>
<Cov CovItemId="S87" Value="1"/>
<Cov CovItemId="S88" Value="1"/>
<Cov CovItemId="S89" Value="1"/>
<Cov CovItemId="S9" Value="2"/>
<Cov CovItemId="S90" Value="1"/>
<Cov CovItemId="S91" Value="1"/>
<Cov CovItemId="S92" Value="1"/>
<Cov CovItemId="S93" Value="1"/>
<Cov CovItemId="S94" Value="4"/>
<Cov CovItemId="S95" Value="3"/>
<Cov CovItemId="S96" Value="4"/>
<Cov CovItemId="S98" Value="1"/>
<Cov CovItemId="S99" Value="2"/>
</CovPrefix>
<CovPrefix CovItemPrefix="com.OriginalFiles.Board.java">
<Cov CovItemId="B11" Value="3"/>
<Cov CovItemId="B12" Value="9"/>
<Cov CovItemId="B14" Value="12"/>
<Cov CovItemId="B15" Value="2"/>
<Cov CovItemId="B16" Value="10"/>
<Cov CovItemId="B17" Value="2"/>
<Cov CovItemId="B18" Value="8"/>
<Cov CovItemId="B20" Value="8"/>
<Cov CovItemId="B22" Value="8"/>
<Cov CovItemId="B23" Value="1"/>
<Cov CovItemId="B24" Value="7"/>
<Cov CovItemId="B25" Value="7"/>
<Cov CovItemId="B27" Value="1"/>
<Cov CovItemId="B28" Value="2"/>
<Cov CovItemId="B29" Value="1"/>
<Cov CovItemId="B31" Value="1"/>
<Cov CovItemId="B33" Value="1"/>
<Cov CovItemId="B36" Value="1"/>
<Cov CovItemId="B37" Value="1"/>
<Cov CovItemId="B39" Value="7"/>
<Cov CovItemId="B41" Value="335"/>
<Cov CovItemId="B42" Value="62"/>
<Cov CovItemId="B43" Value="4"/>
<Cov CovItemId="B44" Value="192"/>
<Cov CovItemId="B45" Value="49"/>
<Cov CovItemId="B46" Value="143"/>
<Cov CovItemId="B47" Value="45"/>
<Cov CovItemId="B48" Value="147"/>
<Cov CovItemId="B50" Value="192"/>
<Cov CovItemId="B55" Value="384"/>
<Cov CovItemId="B56" Value="398"/>
<Cov CovItemId="B57" Value="274"/>
<Cov CovItemId="B58" Value="124"/>
<Cov CovItemId="B59" Value="273"/>
<Cov CovItemId="B60" Value="1"/>
<Cov CovItemId="B61" Value="5"/>
<Cov CovItemId="B62" Value="268"/>
<Cov CovItemId="B63" Value="256"/>
<Cov CovItemId="B64" Value="256"/>
<Cov CovItemId="B65" Value="196"/>
<Cov CovItemId="B66" Value="60"/>
<Cov CovItemId="B67" Value="98"/>
<Cov CovItemId="B68" Value="98"/>
<Cov CovItemId="B79" Value="733"/>
<Cov CovItemId="B81" Value="654"/>
<Cov CovItemId="B82" Value="79"/>
<Cov CovItemId="B83" Value="218"/>
<Cov CovItemId="B84" Value="636"/>
<Cov CovItemId="B85" Value="127"/>
<Cov CovItemId="B86" Value="509"/>
<Cov CovItemId="L10-2" Value="136"/>
<Cov CovItemId="L11-2" Value="2"/>
<Cov CovItemId="L12-0" Value="2"/>
<Cov CovItemId="L12-1" Value="2"/>
<Cov CovItemId="L12-2" Value="4"/>
<Cov CovItemId="L13-2" Value="8"/>
<Cov CovItemId="L14-2" Value="64"/>
<Cov CovItemId="L9-2" Value="17"/>
<Cov CovItemId="S100" Value="1"/>
<Cov CovItemId="S102" Value="1"/>
<Cov CovItemId="S104" Value="1"/>
<Cov CovItemId="S105" Value="1"/>
<Cov CovItemId="S106" Value="1"/>
<Cov CovItemId="S107" Value="1"/>
<Cov CovItemId="S108" Value="1"/>
<Cov CovItemId="S109" Value="1"/>
<Cov CovItemId="S110" Value="2"/>
<Cov CovItemId="S111" Value="7"/>
<Cov CovItemId="S112" Value="7"/>
<Cov CovItemId="S113" Value="7"/>
<Cov CovItemId="S115" Value="397"/>
<Cov CovItemId="S116" Value="335"/>
<Cov CovItemId="S117" Value="62"/>
<Cov CovItemId="S118" Value="196"/>
<Cov CovItemId="S119" Value="196"/>
<Cov CovItemId="S120" Value="4"/>
<Cov CovItemId="S121" Value="192"/>
<Cov CovItemId="S122" Value="192"/>
<Cov CovItemId="S123" Value="192"/>
<Cov CovItemId="S124" Value="192"/>
<Cov CovItemId="S125" Value="49"/>
<Cov CovItemId="S126" Value="192"/>
<Cov CovItemId="S127" Value="45"/>
<Cov CovItemId="S128" Value="192"/>
<Cov CovItemId="S133" Value="192"/>
<Cov CovItemId="S134" Value="196"/>
<Cov CovItemId="S135" Value="782"/>
<Cov CovItemId="S136" Value="384"/>
<Cov CovItemId="S137" Value="398"/>
<Cov CovItemId="S138" Value="274"/>
<Cov CovItemId="S139" Value="273"/>
<Cov CovItemId="S140" Value="5"/>
<Cov CovItemId="S141" Value="393"/>
<Cov CovItemId="S142" Value="774"/>
<Cov CovItemId="S143" Value="8"/>
<Cov CovItemId="S144" Value="8"/>
<Cov CovItemId="S145" Value="64"/>
<Cov CovItemId="S146" Value="512"/>
<Cov CovItemId="S147" Value="256"/>
<Cov CovItemId="S148" Value="196"/>
<Cov CovItemId="S149" Value="98"/>
<Cov CovItemId="S150" Value="98"/>
<Cov CovItemId="S151" Value="8"/>
<Cov CovItemId="S176" Value="733"/>
<Cov CovItemId="S177" Value="733"/>
<Cov CovItemId="S178" Value="654"/>
<Cov CovItemId="S179" Value="79"/>
<Cov CovItemId="S180" Value="854"/>
<Cov CovItemId="S181" Value="218"/>
<Cov CovItemId="S182" Value="636"/>
<Cov CovItemId="S183" Value="127"/>
<Cov CovItemId="S184" Value="509"/>
<Cov CovItemId="S185" Value="1679"/>
<Cov CovItemId="S61" Value="17"/>
<Cov CovItemId="S62" Value="136"/>
<Cov CovItemId="S63" Value="1088"/>
<Cov CovItemId="S64" Value="2"/>
<Cov CovItemId="S65" Value="2"/>
<Cov CovItemId="S66" Value="2"/>
<Cov CovItemId="S67" Value="2"/>
<Cov CovItemId="S68" Value="8"/>
<Cov CovItemId="S69" Value="12"/>
<Cov CovItemId="S70" Value="3"/>
<Cov CovItemId="S71" Value="3"/>
<Cov CovItemId="S72" Value="3"/>
<Cov CovItemId="S73" Value="3"/>
<Cov CovItemId="S74" Value="3"/>
<Cov CovItemId="S75" Value="3"/>
<Cov CovItemId="S76" Value="8"/>
<Cov CovItemId="S77" Value="8"/>
<Cov CovItemId="S78" Value="12"/>
<Cov CovItemId="S80" Value="12"/>
<Cov CovItemId="S81" Value="2"/>
<Cov CovItemId="S82" Value="10"/>
<Cov CovItemId="S83" Value="2"/>
<Cov CovItemId="S84" Value="8"/>
<Cov CovItemId="S86" Value="8"/>
<Cov CovItemId="S88" Value="8"/>
<Cov CovItemId="S89" Value="1"/>
<Cov CovItemId="S90" Value="7"/>
<Cov CovItemId="S91" Value="7"/>
<Cov CovItemId="S93" Value="30"/>
<Cov CovItemId="S94" Value="3"/>
<Cov CovItemId="S95" Value="1"/>
<Cov CovItemId="S96" Value="1"/>
<Cov CovItemId="S97" Value="2"/>
<Cov CovItemId="S98" Value="1"/>
<Cov CovItemId="S99" Value="1"/>
</CovPrefix>
<CovPrefix CovItemPrefix="com.OriginalFiles.Field.java">
<Cov CovItemId="B1" Value="67"/>
<Cov CovItemId="B2" Value="16"/>
<Cov CovItemId="S1" Value="176"/>
<Cov CovItemId="S13" Value="129"/>
<Cov CovItemId="S2" Value="176"/>
<Cov CovItemId="S5" Value="83"/>
<Cov CovItemId="S6" Value="83"/>
<Cov CovItemId="S7" Value="67"/>
<Cov CovItemId="S8" Value="2451"/>
<Cov CovItemId="S9" Value="1600"/>
</CovPrefix>
<CovPrefix CovItemPrefix="com.OriginalFiles.Piece.java">
<Cov CovItemId="B1" Value="1"/>
<Cov CovItemId="B10" Value="26"/>
<Cov CovItemId="B11" Value="53"/>
<Cov CovItemId="B12" Value="16"/>
<Cov CovItemId="B13" Value="1"/>
<Cov CovItemId="B14" Value="52"/>
<Cov CovItemId="B15" Value="53"/>
<Cov CovItemId="B18" Value="53"/>
<Cov CovItemId="B2" Value="68"/>
<Cov CovItemId="B34" Value="53"/>
<Cov CovItemId="B35" Value="16"/>
<Cov CovItemId="B36" Value="37"/>
<Cov CovItemId="B37" Value="16"/>
<Cov CovItemId="B39" Value="1"/>
<Cov CovItemId="B4" Value="1"/>
<Cov CovItemId="B40" Value="52"/>
<Cov CovItemId="B5" Value="53"/>
<Cov CovItemId="B6" Value="16"/>
<Cov CovItemId="B9" Value="27"/>
<Cov CovItemId="S1" Value="66"/>
<Cov CovItemId="S10" Value="66"/>
<Cov CovItemId="S11" Value="66"/>
<Cov CovItemId="S12" Value="66"/>
<Cov CovItemId="S13" Value="66"/>
<Cov CovItemId="S14" Value="66"/>
<Cov CovItemId="S15" Value="66"/>
<Cov CovItemId="S16" Value="66"/>
<Cov CovItemId="S17" Value="66"/>
<Cov CovItemId="S18" Value="66"/>
<Cov CovItemId="S19" Value="66"/>
<Cov CovItemId="S2" Value="66"/>
<Cov CovItemId="S20" Value="66"/>
<Cov CovItemId="S21" Value="66"/>
<Cov CovItemId="S22" Value="1"/>
<Cov CovItemId="S24" Value="69"/>
<Cov CovItemId="S25" Value="69"/>
<Cov CovItemId="S26" Value="69"/>
<Cov CovItemId="S27" Value="1"/>
<Cov CovItemId="S29" Value="1"/>
<Cov CovItemId="S3" Value="66"/>
<Cov CovItemId="S30" Value="68"/>
<Cov CovItemId="S31" Value="69"/>
<Cov CovItemId="S32" Value="69"/>
<Cov CovItemId="S33" Value="53"/>
<Cov CovItemId="S34" Value="16"/>
<Cov CovItemId="S35" Value="16"/>
<Cov CovItemId="S39" Value="53"/>
<Cov CovItemId="S4" Value="66"/>
<Cov CovItemId="S40" Value="27"/>
<Cov CovItemId="S41" Value="26"/>
<Cov CovItemId="S42" Value="69"/>
<Cov CovItemId="S43" Value="69"/>
<Cov CovItemId="S44" Value="53"/>
<Cov CovItemId="S45" Value="53"/>
<Cov CovItemId="S46" Value="53"/>
<Cov CovItemId="S47" Value="1"/>
<Cov CovItemId="S48" Value="53"/>
<Cov CovItemId="S49" Value="53"/>
<Cov CovItemId="S5" Value="66"/>
<Cov CovItemId="S50" Value="53"/>
<Cov CovItemId="S6" Value="66"/>
<Cov CovItemId="S65" Value="53"/>
<Cov CovItemId="S67" Value="53"/>
<Cov CovItemId="S68" Value="16"/>
<Cov CovItemId="S69" Value="16"/>
<Cov CovItemId="S7" Value="66"/>
<Cov CovItemId="S70" Value="16"/>
<Cov CovItemId="S71" Value="53"/>
<Cov CovItemId="S72" Value="1"/>
<Cov CovItemId="S73" Value="53"/>
<Cov CovItemId="S8" Value="66"/>
<Cov CovItemId="S9" Value="66"/>
</CovPrefix>
<CovPrefix CovItemPrefix="com.OriginalFiles.RemoteNXTFunctions.java">
<Cov CovItemId="B10" Value="5"/>
<Cov CovItemId="B11" Value="1"/>
<Cov CovItemId="B12" Value="4"/>
<Cov CovItemId="B13" Value="2"/>
<Cov CovItemId="B14" Value="2"/>
<Cov CovItemId="B5" Value="71"/>
<Cov CovItemId="B7" Value="64"/>
<Cov CovItemId="B8" Value="7"/>
<Cov CovItemId="B9" Value="2"/>
<Cov CovItemId="S162" Value="71"/>
<Cov CovItemId="S19" Value="71"/>
<Cov CovItemId="S20" Value="71"/>
<Cov CovItemId="S21" Value="71"/>
<Cov CovItemId="S22" Value="64"/>
<Cov CovItemId="S23" Value="7"/>
<Cov CovItemId="S24" Value="2"/>
<Cov CovItemId="S25" Value="5"/>
<Cov CovItemId="S26" Value="1"/>
<Cov CovItemId="S27" Value="4"/>
<Cov CovItemId="S28" Value="2"/>
<Cov CovItemId="S29" Value="2"/>
</CovPrefix>
</CovList>
<AssgnmntList>
<AssgnmntPrefix RootTermCovItemPrefix="com.OriginalFiles.Analyze.java">
<AssgnmntListEntry Length="1" RootTermCovItemId="C1">
<MapEntry BoolAssgnmnt="0" Value="2"/>
<MapEntry BoolAssgnmnt="1" Value="2"/>
</AssgnmntListEntry>
<AssgnmntListEntry Length="1" RootTermCovItemId="C10">
<MapEntry BoolAssgnmnt="1" Value="1"/>
</AssgnmntListEntry>
<AssgnmntListEntry Length="1" RootTermCovItemId="C13">
<MapEntry BoolAssgnmnt="0" Value="1"/>
<MapEntry BoolAssgnmnt="1" Value="1"/>
</AssgnmntListEntry>
<AssgnmntListEntry Length="1" RootTermCovItemId="C14">
<MapEntry BoolAssgnmnt="0" Value="1"/>
</AssgnmntListEntry>
<AssgnmntListEntry Length="1" RootTermCovItemId="C15">
<MapEntry BoolAssgnmnt="0" Value="1"/>
</AssgnmntListEntry>
<AssgnmntListEntry Length="1" RootTermCovItemId="C16">
<MapEntry BoolAssgnmnt="1" Value="1"/>
</AssgnmntListEntry>
<AssgnmntListEntry Length="1" RootTermCovItemId="C17">
<MapEntry BoolAssgnmnt="1" Value="1"/>
</AssgnmntListEntry>
<AssgnmntListEntry Length="1" RootTermCovItemId="C18">
<MapEntry BoolAssgnmnt="0" Value="1"/>
</AssgnmntListEntry>
<AssgnmntListEntry Length="1" RootTermCovItemId="C2">
<MapEntry BoolAssgnmnt="0" Value="1"/>
</AssgnmntListEntry>
<AssgnmntListEntry Length="1" RootTermCovItemId="C20">
<MapEntry BoolAssgnmnt="1" Value="1"/>
</AssgnmntListEntry>
<AssgnmntListEntry Length="1" RootTermCovItemId="C21">
<MapEntry BoolAssgnmnt="1" Value="1"/>
</AssgnmntListEntry>
<AssgnmntListEntry Length="1" RootTermCovItemId="C27">
<MapEntry BoolAssgnmnt="1" Value="1"/>
</AssgnmntListEntry>
<AssgnmntListEntry Length="1" RootTermCovItemId="C28">
<MapEntry BoolAssgnmnt="1" Value="1"/>
</AssgnmntListEntry>
<AssgnmntListEntry Length="1" RootTermCovItemId="C29">
<MapEntry BoolAssgnmnt="1" Value="1"/>
</AssgnmntListEntry>
<AssgnmntListEntry Length="1" RootTermCovItemId="C3">
<MapEntry BoolAssgnmnt="0" Value="2"/>
</AssgnmntListEntry>
<AssgnmntListEntry Length="1" RootTermCovItemId="C30">
<MapEntry BoolAssgnmnt="1" Value="1"/>
</AssgnmntListEntry>
<AssgnmntListEntry Length="1" RootTermCovItemId="C31">
<MapEntry BoolAssgnmnt="0" Value="1"/>
<MapEntry BoolAssgnmnt="1" Value="4"/>
</AssgnmntListEntry>
<AssgnmntListEntry Length="2" RootTermCovItemId="C32">
<MapEntry BoolAssgnmnt="10" Value="1"/>
<MapEntry BoolAssgnmnt="02" Value="2"/>
<MapEntry BoolAssgnmnt="11" Value="1"/>
</AssgnmntListEntry>
<AssgnmntListEntry Length="1" RootTermCovItemId="C33">
<MapEntry BoolAssgnmnt="1" Value="4"/>
</AssgnmntListEntry>
<AssgnmntListEntry Length="1" RootTermCovItemId="C34">
<MapEntry BoolAssgnmnt="0" Value="2"/>
</AssgnmntListEntry>
<AssgnmntListEntry Length="1" RootTermCovItemId="C35">
<MapEntry BoolAssgnmnt="0" Value="2"/>
</AssgnmntListEntry>
<AssgnmntListEntry Length="1" RootTermCovItemId="C36">
<MapEntry BoolAssgnmnt="0" Value="1"/>
<MapEntry BoolAssgnmnt="1" Value="1"/>
</AssgnmntListEntry>
<AssgnmntListEntry Length="1" RootTermCovItemId="C37">
<MapEntry BoolAssgnmnt="0" Value="2"/>
</AssgnmntListEntry>
<AssgnmntListEntry Length="1" RootTermCovItemId="C38">
<MapEntry BoolAssgnmnt="0" Value="1"/>
<MapEntry BoolAssgnmnt="1" Value="1"/>
</AssgnmntListEntry>
<AssgnmntListEntry Length="1" RootTermCovItemId="C39">
<MapEntry BoolAssgnmnt="0" Value="2"/>
<MapEntry BoolAssgnmnt="1" Value="2"/>
</AssgnmntListEntry>
<AssgnmntListEntry Length="1" RootTermCovItemId="C4">
<MapEntry BoolAssgnmnt="0" Value="50"/>
<MapEntry BoolAssgnmnt="1" Value="78"/>
</AssgnmntListEntry>
<AssgnmntListEntry Length="1" RootTermCovItemId="C40">
<MapEntry BoolAssgnmnt="0" Value="1"/>
<MapEntry BoolAssgnmnt="1" Value="1"/>
</AssgnmntListEntry>
<AssgnmntListEntry Length="1" RootTermCovItemId="C41">
<MapEntry BoolAssgnmnt="1" Value="1"/>
</AssgnmntListEntry>
<AssgnmntListEntry Length="1" RootTermCovItemId="C49">
<MapEntry BoolAssgnmnt="0" Value="1"/>
</AssgnmntListEntry>
<AssgnmntListEntry Length="2" RootTermCovItemId="C5">
<MapEntry BoolAssgnmnt="10" Value="8"/>
<MapEntry BoolAssgnmnt="02" Value="34"/>
<MapEntry BoolAssgnmnt="11" Value="8"/>
</AssgnmntListEntry>
<AssgnmntListEntry Length="1" RootTermCovItemId="C56">
<MapEntry BoolAssgnmnt="0" Value="1"/>
</AssgnmntListEntry>
<AssgnmntListEntry Length="1" RootTermCovItemId="C6">
<MapEntry BoolAssgnmnt="1" Value="2"/>
</AssgnmntListEntry>
<AssgnmntListEntry Length="6" RootTermCovItemId="C66">
<MapEntry BoolAssgnmnt="110222" Value="3"/>
<MapEntry BoolAssgnmnt="022222" Value="4"/>
<MapEntry BoolAssgnmnt="111111" Value="64"/>
</AssgnmntListEntry>
<AssgnmntListEntry Length="6" RootTermCovItemId="C67">
<MapEntry BoolAssgnmnt="022222" Value="4"/>
<MapEntry BoolAssgnmnt="111111" Value="3"/>
</AssgnmntListEntry>
<AssgnmntListEntry Length="6" RootTermCovItemId="C68">
<MapEntry BoolAssgnmnt="102222" Value="4"/>
</AssgnmntListEntry>
<AssgnmntListEntry Length="6" RootTermCovItemId="C69">
<MapEntry BoolAssgnmnt="102222" Value="4"/>
</AssgnmntListEntry>
<AssgnmntListEntry Length="1" RootTermCovItemId="C7">
<MapEntry BoolAssgnmnt="0" Value="1"/>
<MapEntry BoolAssgnmnt="1" Value="2"/>
</AssgnmntListEntry>
<AssgnmntListEntry Length="1" RootTermCovItemId="C70">
<MapEntry BoolAssgnmnt="0" Value="122"/>
<MapEntry BoolAssgnmnt="1" Value="198"/>
</AssgnmntListEntry>
<AssgnmntListEntry Length="1" RootTermCovItemId="C71">
<MapEntry BoolAssgnmnt="0" Value="61"/>
<MapEntry BoolAssgnmnt="1" Value="61"/>
</AssgnmntListEntry>
<AssgnmntListEntry Length="1" RootTermCovItemId="C72">
<MapEntry BoolAssgnmnt="0" Value="44"/>
<MapEntry BoolAssgnmnt="1" Value="17"/>
</AssgnmntListEntry>
<AssgnmntListEntry Length="1" RootTermCovItemId="C73">
<MapEntry BoolAssgnmnt="0" Value="61"/>
<MapEntry BoolAssgnmnt="1" Value="61"/>
</AssgnmntListEntry>
<AssgnmntListEntry Length="1" RootTermCovItemId="C74">
<MapEntry BoolAssgnmnt="0" Value="45"/>
<MapEntry BoolAssgnmnt="1" Value="16"/>
</AssgnmntListEntry>
<AssgnmntListEntry Length="3" RootTermCovItemId="C75">
<MapEntry BoolAssgnmnt="012" Value="3"/>
<MapEntry BoolAssgnmnt="122" Value="1"/>
<MapEntry BoolAssgnmnt="001" Value="1"/>
</AssgnmntListEntry>
<AssgnmntListEntry Length="3" RootTermCovItemId="C76">
<MapEntry BoolAssgnmnt="011" Value="2"/>
<MapEntry BoolAssgnmnt="122" Value="1"/>
<MapEntry BoolAssgnmnt="002" Value="1"/>
</AssgnmntListEntry>
<AssgnmntListEntry Length="2" RootTermCovItemId="C77">
<MapEntry BoolAssgnmnt="02" Value="3"/>
</AssgnmntListEntry>
<AssgnmntListEntry Length="2" RootTermCovItemId="C8">
<MapEntry BoolAssgnmnt="02" Value="1"/>
<MapEntry BoolAssgnmnt="11" Value="1"/>
</AssgnmntListEntry>
<AssgnmntListEntry Length="1" RootTermCovItemId="C9">
<MapEntry BoolAssgnmnt="1" Value="1"/>
</AssgnmntListEntry>
</AssgnmntPrefix>
<AssgnmntPrefix RootTermCovItemPrefix="com.OriginalFiles.Board.java">
<AssgnmntListEntry Length="1" RootTermCovItemId="C14">
<MapEntry BoolAssgnmnt="0" Value="2"/>
<MapEntry BoolAssgnmnt="1" Value="8"/>
</AssgnmntListEntry>
<AssgnmntListEntry Length="1" RootTermCovItemId="C15">
<MapEntry BoolAssgnmnt="0" Value="8"/>
<MapEntry BoolAssgnmnt="1" Value="12"/>
</AssgnmntListEntry>
<AssgnmntListEntry Length="1" RootTermCovItemId="C16">
<MapEntry BoolAssgnmnt="0" Value="3"/>
<MapEntry BoolAssgnmnt="1" Value="9"/>
</AssgnmntListEntry>
<AssgnmntListEntry Length="4" RootTermCovItemId="C17">
<MapEntry BoolAssgnmnt="1122" Value="2"/>
<MapEntry BoolAssgnmnt="1010" Value="1"/>
<MapEntry BoolAssgnmnt="0222" Value="9"/>
</AssgnmntListEntry>
<AssgnmntListEntry Length="2" RootTermCovItemId="C18">
<MapEntry BoolAssgnmnt="10" Value="2"/>
<MapEntry BoolAssgnmnt="02" Value="9"/>
<MapEntry BoolAssgnmnt="11" Value="1"/>
</AssgnmntListEntry>
<AssgnmntListEntry Length="2" RootTermCovItemId="C19">
<MapEntry BoolAssgnmnt="10" Value="2"/>
<MapEntry BoolAssgnmnt="02" Value="7"/>
<MapEntry BoolAssgnmnt="11" Value="1"/>
</AssgnmntListEntry>
<AssgnmntListEntry Length="3" RootTermCovItemId="C20">
<MapEntry BoolAssgnmnt="022" Value="8"/>
</AssgnmntListEntry>
<AssgnmntListEntry Length="3" RootTermCovItemId="C21">
<MapEntry BoolAssgnmnt="022" Value="8"/>
</AssgnmntListEntry>
<AssgnmntListEntry Length="1" RootTermCovItemId="C22">
<MapEntry BoolAssgnmnt="0" Value="7"/>
<MapEntry BoolAssgnmnt="1" Value="1"/>
</AssgnmntListEntry>
<AssgnmntListEntry Length="1" RootTermCovItemId="C23">
<MapEntry BoolAssgnmnt="1" Value="7"/>
</AssgnmntListEntry>
<AssgnmntListEntry Length="1" RootTermCovItemId="C24">
<MapEntry BoolAssgnmnt="0" Value="2"/>
<MapEntry BoolAssgnmnt="1" Value="1"/>
</AssgnmntListEntry>
<AssgnmntListEntry Length="1" RootTermCovItemId="C25">
<MapEntry BoolAssgnmnt="1" Value="1"/>
</AssgnmntListEntry>
<AssgnmntListEntry Length="1" RootTermCovItemId="C26">
<MapEntry BoolAssgnmnt="0" Value="1"/>
</AssgnmntListEntry>
<AssgnmntListEntry Length="1" RootTermCovItemId="C27">
<MapEntry BoolAssgnmnt="1" Value="1"/>
</AssgnmntListEntry>
<AssgnmntListEntry Length="2" RootTermCovItemId="C28">
<MapEntry BoolAssgnmnt="02" Value="1"/>
</AssgnmntListEntry>
<AssgnmntListEntry Length="1" RootTermCovItemId="C29">
<MapEntry BoolAssgnmnt="1" Value="1"/>
</AssgnmntListEntry>
<AssgnmntListEntry Length="1" RootTermCovItemId="C30">
<MapEntry BoolAssgnmnt="1" Value="7"/>
</AssgnmntListEntry>
<AssgnmntListEntry Length="1" RootTermCovItemId="C31">
<MapEntry BoolAssgnmnt="0" Value="62"/>
<MapEntry BoolAssgnmnt="1" Value="335"/>
</AssgnmntListEntry>
<AssgnmntListEntry Length="1" RootTermCovItemId="C32">
<MapEntry BoolAssgnmnt="0" Value="192"/>
<MapEntry BoolAssgnmnt="1" Value="4"/>
</AssgnmntListEntry>
<AssgnmntListEntry Length="1" RootTermCovItemId="C33">
<MapEntry BoolAssgnmnt="0" Value="49"/>
<MapEntry BoolAssgnmnt="1" Value="143"/>
</AssgnmntListEntry>
<AssgnmntListEntry Length="1" RootTermCovItemId="C34">
<MapEntry BoolAssgnmnt="0" Value="45"/>
<MapEntry BoolAssgnmnt="1" Value="147"/>
</AssgnmntListEntry>
<AssgnmntListEntry Length="1" RootTermCovItemId="C35">
<MapEntry BoolAssgnmnt="0" Value="192"/>
</AssgnmntListEntry>
<AssgnmntListEntry Length="5" RootTermCovItemId="C38">
<MapEntry BoolAssgnmnt="02002" Value="198"/>
<MapEntry BoolAssgnmnt="10122" Value="196"/>
<MapEntry BoolAssgnmnt="11220" Value="196"/>
<MapEntry BoolAssgnmnt="02010" Value="188"/>
<MapEntry BoolAssgnmnt="02011" Value="4"/>
</AssgnmntListEntry>
<AssgnmntListEntry Length="1" RootTermCovItemId="C39">
<MapEntry BoolAssgnmnt="0" Value="124"/>
<MapEntry BoolAssgnmnt="1" Value="274"/>
</AssgnmntListEntry>
<AssgnmntListEntry Length="1" RootTermCovItemId="C40">
<MapEntry BoolAssgnmnt="0" Value="273"/>
<MapEntry BoolAssgnmnt="1" Value="1"/>
</AssgnmntListEntry>
<AssgnmntListEntry Length="2" RootTermCovItemId="C41">
<MapEntry BoolAssgnmnt="10" Value="5"/>
<MapEntry BoolAssgnmnt="02" Value="262"/>
<MapEntry BoolAssgnmnt="11" Value="6"/>
</AssgnmntListEntry>
<AssgnmntListEntry Length="1" RootTermCovItemId="C42">
<MapEntry BoolAssgnmnt="0" Value="256"/>
<MapEntry BoolAssgnmnt="1" Value="256"/>
</AssgnmntListEntry>
<AssgnmntListEntry Length="1" RootTermCovItemId="C43">
<MapEntry BoolAssgnmnt="0" Value="60"/>
<MapEntry BoolAssgnmnt="1" Value="196"/>
</AssgnmntListEntry>
<AssgnmntListEntry Length="1" RootTermCovItemId="C44">
<MapEntry BoolAssgnmnt="0" Value="98"/>
<MapEntry BoolAssgnmnt="1" Value="98"/>
</AssgnmntListEntry>
<AssgnmntListEntry Length="1" RootTermCovItemId="C53">
<MapEntry BoolAssgnmnt="1" Value="733"/>
</AssgnmntListEntry>
<AssgnmntListEntry Length="1" RootTermCovItemId="C54">
<MapEntry BoolAssgnmnt="0" Value="654"/>
<MapEntry BoolAssgnmnt="1" Value="79"/>
</AssgnmntListEntry>
<AssgnmntListEntry Length="3" RootTermCovItemId="C55">
<MapEntry BoolAssgnmnt="002" Value="425"/>
<MapEntry BoolAssgnmnt="120" Value="218"/>
<MapEntry BoolAssgnmnt="121" Value="211"/>
</AssgnmntListEntry>
<AssgnmntListEntry Length="3" RootTermCovItemId="C56">
<MapEntry BoolAssgnmnt="002" Value="211"/>
<MapEntry BoolAssgnmnt="120" Value="298"/>
<MapEntry BoolAssgnmnt="121" Value="127"/>
</AssgnmntListEntry>
</AssgnmntPrefix>
<AssgnmntPrefix RootTermCovItemPrefix="com.OriginalFiles.Field.java">
<AssgnmntListEntry Length="1" RootTermCovItemId="C1">
<MapEntry BoolAssgnmnt="0" Value="67"/>
<MapEntry BoolAssgnmnt="1" Value="16"/>
</AssgnmntListEntry>
</AssgnmntPrefix>
<AssgnmntPrefix RootTermCovItemPrefix="com.OriginalFiles.Piece.java">
<AssgnmntListEntry Length="2" RootTermCovItemId="C1">
<MapEntry BoolAssgnmnt="10" Value="52"/>
<MapEntry BoolAssgnmnt="02" Value="16"/>
<MapEntry BoolAssgnmnt="11" Value="1"/>
</AssgnmntListEntry>
<AssgnmntListEntry Length="5" RootTermCovItemId="C17">
<MapEntry BoolAssgnmnt="00210" Value="26"/>
<MapEntry BoolAssgnmnt="01002" Value="26"/>
<MapEntry BoolAssgnmnt="12222" Value="1"/>
</AssgnmntListEntry>
<AssgnmntListEntry Length="5" RootTermCovItemId="C18">
<MapEntry BoolAssgnmnt="00210" Value="18"/>
<MapEntry BoolAssgnmnt="00211" Value="8"/>
<MapEntry BoolAssgnmnt="01002" Value="18"/>
<MapEntry BoolAssgnmnt="12222" Value="1"/>
<MapEntry BoolAssgnmnt="01122" Value="8"/>
</AssgnmntListEntry>
<AssgnmntListEntry Length="1" RootTermCovItemId="C19">
<MapEntry BoolAssgnmnt="1" Value="16"/>
</AssgnmntListEntry>
<AssgnmntListEntry Length="2" RootTermCovItemId="C2">
<MapEntry BoolAssgnmnt="02" Value="1"/>
</AssgnmntListEntry>
<AssgnmntListEntry Length="1" RootTermCovItemId="C20">
<MapEntry BoolAssgnmnt="0" Value="52"/>
<MapEntry BoolAssgnmnt="1" Value="1"/>
</AssgnmntListEntry>
<AssgnmntListEntry Length="1" RootTermCovItemId="C3">
<MapEntry BoolAssgnmnt="0" Value="16"/>
<MapEntry BoolAssgnmnt="1" Value="53"/>
</AssgnmntListEntry>
<AssgnmntListEntry Length="1" RootTermCovItemId="C5">
<MapEntry BoolAssgnmnt="0" Value="26"/>
<MapEntry BoolAssgnmnt="1" Value="27"/>
</AssgnmntListEntry>
<AssgnmntListEntry Length="1" RootTermCovItemId="C6">
<MapEntry BoolAssgnmnt="0" Value="16"/>
<MapEntry BoolAssgnmnt="1" Value="53"/>
</AssgnmntListEntry>
<AssgnmntListEntry Length="1" RootTermCovItemId="C7">
<MapEntry BoolAssgnmnt="0" Value="52"/>
<MapEntry BoolAssgnmnt="1" Value="1"/>
</AssgnmntListEntry>
<AssgnmntListEntry Length="1" RootTermCovItemId="C8">
<MapEntry BoolAssgnmnt="1" Value="53"/>
</AssgnmntListEntry>
<AssgnmntListEntry Length="1" RootTermCovItemId="C9">
<MapEntry BoolAssgnmnt="0" Value="53"/>
</AssgnmntListEntry>
</AssgnmntPrefix>
<AssgnmntPrefix RootTermCovItemPrefix="com.OriginalFiles.RemoteNXTFunctions.java">
<AssgnmntListEntry Length="1" RootTermCovItemId="C5">
<MapEntry BoolAssgnmnt="1" Value="71"/>
</AssgnmntListEntry>
<AssgnmntListEntry Length="2" RootTermCovItemId="C6">
<MapEntry BoolAssgnmnt="10" Value="2"/>
<MapEntry BoolAssgnmnt="02" Value="5"/>
<MapEntry BoolAssgnmnt="11" Value="64"/>
</AssgnmntListEntry>
<AssgnmntListEntry Length="2" RootTermCovItemId="C7">
<MapEntry BoolAssgnmnt="02" Value="5"/>
<MapEntry BoolAssgnmnt="11" Value="2"/>
</AssgnmntListEntry>
<AssgnmntListEntry Length="2" RootTermCovItemId="C8">
<MapEntry BoolAssgnmnt="02" Value="4"/>
<MapEntry BoolAssgnmnt="11" Value="1"/>
</AssgnmntListEntry>
<AssgnmntListEntry Length="1" RootTermCovItemId="C9">
<MapEntry BoolAssgnmnt="0" Value="2"/>
<MapEntry BoolAssgnmnt="1" Value="2"/>
</AssgnmntListEntry>
</AssgnmntPrefix>
</AssgnmntList>
<ObjMetaDataList/>
<MetaDataList/>
</TestCase>
<TestCase Comment="" Date="1386063802792" Name="com.Testing.AnalyzeTest:testCheckMove">
<CovList>
<CovPrefix CovItemPrefix="com.OriginalFiles.Analyze.java">
<Cov CovItemId="B1" Value="95"/>
<Cov CovItemId="B10" Value="95"/>
<Cov CovItemId="B107" Value="32"/>
<Cov CovItemId="B108" Value="649"/>
<Cov CovItemId="B11" Value="95"/>
<Cov CovItemId="B110" Value="649"/>
<Cov CovItemId="B111" Value="167"/>
<Cov CovItemId="B112" Value="482"/>
<Cov CovItemId="B113" Value="4"/>
<Cov CovItemId="B114" Value="478"/>
<Cov CovItemId="B115" Value="190"/>
<Cov CovItemId="B120" Value="480"/>
<Cov CovItemId="B121" Value="11680"/>
<Cov CovItemId="B122" Value="290"/>
<Cov CovItemId="B123" Value="190"/>
<Cov CovItemId="B124" Value="290"/>
<Cov CovItemId="B126" Value="190"/>
<Cov CovItemId="B127" Value="290"/>
<Cov CovItemId="B128" Value="190"/>
<Cov CovItemId="B13" Value="123"/>
<Cov CovItemId="B131" Value="190"/>
<Cov CovItemId="B133" Value="190"/>
<Cov CovItemId="B134" Value="126"/>
<Cov CovItemId="B135" Value="64"/>
<Cov CovItemId="B136" Value="126"/>
<Cov CovItemId="B139" Value="126"/>
<Cov CovItemId="B14" Value="32"/>
<Cov CovItemId="B157" Value="252"/>
<Cov CovItemId="B16" Value="123"/>
<Cov CovItemId="B17" Value="67"/>
<Cov CovItemId="B18" Value="56"/>
<Cov CovItemId="B19" Value="28"/>
<Cov CovItemId="B20" Value="67"/>
<Cov CovItemId="B21" Value="12"/>
<Cov CovItemId="B22" Value="16"/>
<Cov CovItemId="B23" Value="12"/>
<Cov CovItemId="B24" Value="4"/>
<Cov CovItemId="B26" Value="123"/>
<Cov CovItemId="B3" Value="95"/>
<Cov CovItemId="B31" Value="67"/>
<Cov CovItemId="B32" Value="56"/>
<Cov CovItemId="B33" Value="123"/>
<Cov CovItemId="B35" Value="47"/>
<Cov CovItemId="B36" Value="76"/>
<Cov CovItemId="B37" Value="33"/>
<Cov CovItemId="B38" Value="14"/>
<Cov CovItemId="B39" Value="15"/>
<Cov CovItemId="B40" Value="61"/>
<Cov CovItemId="B41" Value="1"/>
<Cov CovItemId="B42" Value="14"/>
<Cov CovItemId="B43" Value="61"/>
<Cov CovItemId="B45" Value="15"/>
<Cov CovItemId="B46" Value="46"/>
<Cov CovItemId="B47" Value="1"/>
<Cov CovItemId="B48" Value="14"/>
<Cov CovItemId="B49" Value="46"/>
<Cov CovItemId="B5" Value="8"/>
<Cov CovItemId="B51" Value="32"/>
<Cov CovItemId="B52" Value="14"/>
<Cov CovItemId="B53" Value="123"/>
<Cov CovItemId="B55" Value="123"/>
<Cov CovItemId="B57" Value="123"/>
<Cov CovItemId="B59" Value="123"/>
<Cov CovItemId="B6" Value="87"/>
<Cov CovItemId="B61" Value="313"/>
<Cov CovItemId="B62" Value="95"/>
<Cov CovItemId="B63" Value="56"/>
<Cov CovItemId="B64" Value="352"/>
<Cov CovItemId="B7" Value="254"/>
<Cov CovItemId="B8" Value="5826"/>
<Cov CovItemId="B84" Value="67"/>
<Cov CovItemId="B9" Value="159"/>
<Cov CovItemId="B96" Value="95"/>
<Cov CovItemId="L1-2" Value="95"/>
<Cov CovItemId="L16-2" Value="190"/>
<Cov CovItemId="L17-2" Value="1520"/>
<Cov CovItemId="L2-2" Value="760"/>
<Cov CovItemId="L3-1" Value="63"/>
<Cov CovItemId="L3-2" Value="32"/>
<Cov CovItemId="L4-1" Value="14"/>
<Cov CovItemId="L4-2" Value="109"/>
<Cov CovItemId="S10" Value="95"/>
<Cov CovItemId="S11" Value="95"/>
<Cov CovItemId="S12" Value="95"/>
<Cov CovItemId="S13" Value="95"/>
<Cov CovItemId="S14" Value="95"/>
<Cov CovItemId="S149" Value="67"/>
<Cov CovItemId="S15" Value="95"/>
<Cov CovItemId="S168" Value="95"/>
<Cov CovItemId="S17" Value="95"/>
<Cov CovItemId="S18" Value="95"/>
<Cov CovItemId="S19" Value="8"/>
<Cov CovItemId="S199" Value="681"/>
<Cov CovItemId="S20" Value="8"/>
<Cov CovItemId="S200" Value="681"/>
<Cov CovItemId="S201" Value="681"/>
<Cov CovItemId="S202" Value="681"/>
<Cov CovItemId="S203" Value="681"/>
<Cov CovItemId="S204" Value="32"/>
<Cov CovItemId="S205" Value="649"/>
<Cov CovItemId="S207" Value="649"/>
<Cov CovItemId="S208" Value="167"/>
<Cov CovItemId="S209" Value="482"/>
<Cov CovItemId="S21" Value="95"/>
<Cov CovItemId="S210" Value="4"/>
<Cov CovItemId="S211" Value="478"/>
<Cov CovItemId="S212" Value="190"/>
<Cov CovItemId="S213" Value="190"/>
<Cov CovItemId="S22" Value="95"/>
<Cov CovItemId="S221" Value="190"/>
<Cov CovItemId="S222" Value="190"/>
<Cov CovItemId="S223" Value="190"/>
<Cov CovItemId="S224" Value="190"/>
<Cov CovItemId="S225" Value="190"/>
<Cov CovItemId="S226" Value="190"/>
<Cov CovItemId="S227" Value="1520"/>
<Cov CovItemId="S228" Value="12160"/>
<Cov CovItemId="S229" Value="480"/>
<Cov CovItemId="S23" Value="760"/>
<Cov CovItemId="S230" Value="290"/>
<Cov CovItemId="S231" Value="290"/>
<Cov CovItemId="S232" Value="290"/>
<Cov CovItemId="S233" Value="480"/>
<Cov CovItemId="S234" Value="190"/>
<Cov CovItemId="S235" Value="190"/>
<Cov CovItemId="S236" Value="190"/>
<Cov CovItemId="S237" Value="190"/>
<Cov CovItemId="S239" Value="190"/>
<Cov CovItemId="S24" Value="6080"/>
<Cov CovItemId="S241" Value="190"/>
<Cov CovItemId="S242" Value="126"/>
<Cov CovItemId="S243" Value="126"/>
<Cov CovItemId="S244" Value="126"/>
<Cov CovItemId="S245" Value="126"/>
<Cov CovItemId="S25" Value="254"/>
<Cov CovItemId="S250" Value="190"/>
<Cov CovItemId="S26" Value="159"/>
<Cov CovItemId="S267" Value="252"/>
<Cov CovItemId="S269" Value="252"/>
<Cov CovItemId="S27" Value="95"/>
<Cov CovItemId="S28" Value="95"/>
<Cov CovItemId="S29" Value="95"/>
<Cov CovItemId="S30" Value="95"/>
<Cov CovItemId="S31" Value="95"/>
<Cov CovItemId="S32" Value="95"/>
<Cov CovItemId="S33" Value="95"/>
<Cov CovItemId="S34" Value="155"/>
<Cov CovItemId="S35" Value="123"/>
<Cov CovItemId="S37" Value="123"/>
<Cov CovItemId="S38" Value="67"/>
<Cov CovItemId="S39" Value="28"/>
<Cov CovItemId="S40" Value="95"/>
<Cov CovItemId="S41" Value="28"/>
<Cov CovItemId="S42" Value="12"/>
<Cov CovItemId="S43" Value="12"/>
<Cov CovItemId="S44" Value="12"/>
<Cov CovItemId="S45" Value="16"/>
<Cov CovItemId="S46" Value="12"/>
<Cov CovItemId="S47" Value="12"/>
<Cov CovItemId="S48" Value="12"/>
<Cov CovItemId="S49" Value="12"/>
<Cov CovItemId="S50" Value="4"/>
<Cov CovItemId="S51" Value="123"/>
<Cov CovItemId="S52" Value="123"/>
<Cov CovItemId="S57" Value="123"/>
<Cov CovItemId="S58" Value="67"/>
<Cov CovItemId="S59" Value="123"/>
<Cov CovItemId="S6" Value="95"/>
<Cov CovItemId="S60" Value="123"/>
<Cov CovItemId="S61" Value="123"/>
<Cov CovItemId="S62" Value="47"/>
<Cov CovItemId="S63" Value="33"/>
<Cov CovItemId="S64" Value="33"/>
<Cov CovItemId="S65" Value="14"/>
<Cov CovItemId="S66" Value="76"/>
<Cov CovItemId="S67" Value="15"/>
<Cov CovItemId="S68" Value="1"/>
<Cov CovItemId="S69" Value="1"/>
<Cov CovItemId="S7" Value="95"/>
<Cov CovItemId="S70" Value="14"/>
<Cov CovItemId="S71" Value="61"/>
<Cov CovItemId="S72" Value="61"/>
<Cov CovItemId="S73" Value="15"/>
<Cov CovItemId="S74" Value="1"/>
<Cov CovItemId="S75" Value="1"/>
<Cov CovItemId="S76" Value="14"/>
<Cov CovItemId="S77" Value="46"/>
<Cov CovItemId="S78" Value="46"/>
<Cov CovItemId="S79" Value="32"/>
<Cov CovItemId="S8" Value="95"/>
<Cov CovItemId="S80" Value="32"/>
<Cov CovItemId="S81" Value="14"/>
<Cov CovItemId="S83" Value="123"/>
<Cov CovItemId="S84" Value="123"/>
<Cov CovItemId="S85" Value="123"/>
<Cov CovItemId="S86" Value="123"/>
<Cov CovItemId="S87" Value="123"/>
<Cov CovItemId="S88" Value="123"/>
<Cov CovItemId="S89" Value="123"/>
<Cov CovItemId="S9" Value="95"/>
<Cov CovItemId="S90" Value="123"/>
<Cov CovItemId="S91" Value="123"/>
<Cov CovItemId="S92" Value="123"/>
<Cov CovItemId="S93" Value="123"/>
<Cov CovItemId="S94" Value="408"/>
<Cov CovItemId="S95" Value="313"/>
<Cov CovItemId="S96" Value="408"/>
<Cov CovItemId="S97" Value="56"/>
<Cov CovItemId="S98" Value="67"/>
</CovPrefix>
<CovPrefix CovItemPrefix="com.OriginalFiles.Board.java">
<Cov CovItemId="B12" Value="96"/>
<Cov CovItemId="B14" Value="96"/>
<Cov CovItemId="B16" Value="96"/>
<Cov CovItemId="B18" Value="96"/>
<Cov CovItemId="B20" Value="96"/>
<Cov CovItemId="B22" Value="96"/>
<Cov CovItemId="B24" Value="96"/>
<Cov CovItemId="B25" Value="96"/>
<Cov CovItemId="B27" Value="60"/>
<Cov CovItemId="B28" Value="253"/>
<Cov CovItemId="B29" Value="60"/>
<Cov CovItemId="B31" Value="67"/>
<Cov CovItemId="B33" Value="67"/>
<Cov CovItemId="B36" Value="67"/>
<Cov CovItemId="B37" Value="67"/>
<Cov CovItemId="B39" Value="521"/>
<Cov CovItemId="B41" Value="3930"/>
<Cov CovItemId="B42" Value="264"/>
<Cov CovItemId="B44" Value="972"/>
<Cov CovItemId="B45" Value="968"/>
<Cov CovItemId="B46" Value="4"/>
<Cov CovItemId="B47" Value="968"/>
<Cov CovItemId="B48" Value="4"/>
<Cov CovItemId="B49" Value="972"/>
<Cov CovItemId="B51" Value="836"/>
<Cov CovItemId="B52" Value="136"/>
<Cov CovItemId="B53" Value="836"/>
<Cov CovItemId="B54" Value="136"/>
<Cov CovItemId="B56" Value="3888"/>
<Cov CovItemId="B57" Value="2968"/>
<Cov CovItemId="B58" Value="920"/>
<Cov CovItemId="B59" Value="2968"/>
<Cov CovItemId="B62" Value="2968"/>
<Cov CovItemId="B63" Value="12288"/>
<Cov CovItemId="B64" Value="12288"/>
<Cov CovItemId="B65" Value="972"/>
<Cov CovItemId="B66" Value="11316"/>
<Cov CovItemId="B67" Value="384"/>
<Cov CovItemId="B68" Value="588"/>
<Cov CovItemId="B71" Value="16"/>
<Cov CovItemId="B72" Value="16"/>
<Cov CovItemId="B73" Value="64"/>
<Cov CovItemId="B74" Value="64"/>
<Cov CovItemId="B75" Value="64"/>
<Cov CovItemId="B76" Value="64"/>
<Cov CovItemId="B77" Value="116"/>
<Cov CovItemId="B78" Value="12"/>
<Cov CovItemId="B79" Value="5534"/>
<Cov CovItemId="B81" Value="2329"/>
<Cov CovItemId="B82" Value="3205"/>
<Cov CovItemId="B83" Value="630"/>
<Cov CovItemId="B84" Value="1983"/>
<Cov CovItemId="B85" Value="664"/>
<Cov CovItemId="B86" Value="1319"/>
<Cov CovItemId="L10-2" Value="6144"/>
<Cov CovItemId="L11-1" Value="63"/>
<Cov CovItemId="L11-2" Value="32"/>
<Cov CovItemId="L12-0" Value="95"/>
<Cov CovItemId="L12-1" Value="32"/>
<Cov CovItemId="L12-2" Value="32"/>
<Cov CovItemId="L13-2" Value="384"/>
<Cov CovItemId="L14-2" Value="3072"/>
<Cov CovItemId="L15-2" Value="4"/>
<Cov CovItemId="L16-2" Value="16"/>
<Cov CovItemId="L17-2" Value="16"/>
<Cov CovItemId="L9-2" Value="768"/>
<Cov CovItemId="S100" Value="67"/>
<Cov CovItemId="S102" Value="67"/>
<Cov CovItemId="S104" Value="67"/>
<Cov CovItemId="S105" Value="67"/>
<Cov CovItemId="S106" Value="67"/>
<Cov CovItemId="S107" Value="67"/>
<Cov CovItemId="S108" Value="67"/>
<Cov CovItemId="S109" Value="67"/>
<Cov CovItemId="S110" Value="306"/>
<Cov CovItemId="S111" Value="521"/>
<Cov CovItemId="S112" Value="521"/>
<Cov CovItemId="S113" Value="521"/>
<Cov CovItemId="S115" Value="4194"/>
<Cov CovItemId="S116" Value="3930"/>
<Cov CovItemId="S117" Value="264"/>
<Cov CovItemId="S118" Value="972"/>
<Cov CovItemId="S119" Value="972"/>
<Cov CovItemId="S121" Value="972"/>
<Cov CovItemId="S122" Value="972"/>
<Cov CovItemId="S123" Value="972"/>
<Cov CovItemId="S124" Value="972"/>
<Cov CovItemId="S125" Value="968"/>
<Cov CovItemId="S126" Value="972"/>
<Cov CovItemId="S127" Value="968"/>
<Cov CovItemId="S128" Value="972"/>
<Cov CovItemId="S129" Value="972"/>
<Cov CovItemId="S130" Value="836"/>
<Cov CovItemId="S131" Value="972"/>
<Cov CovItemId="S132" Value="836"/>
<Cov CovItemId="S133" Value="972"/>
<Cov CovItemId="S134" Value="972"/>
<Cov CovItemId="S135" Value="3888"/>
<Cov CovItemId="S137" Value="3888"/>
<Cov CovItemId="S138" Value="2968"/>
<Cov CovItemId="S139" Value="2968"/>
<Cov CovItemId="S141" Value="3888"/>
<Cov CovItemId="S142" Value="3888"/>
<Cov CovItemId="S143" Value="384"/>
<Cov CovItemId="S144" Value="384"/>
<Cov CovItemId="S145" Value="3072"/>
<Cov CovItemId="S146" Value="24576"/>
<Cov CovItemId="S147" Value="12288"/>
<Cov CovItemId="S148" Value="972"/>
<Cov CovItemId="S149" Value="384"/>
<Cov CovItemId="S150" Value="588"/>
<Cov CovItemId="S151" Value="384"/>
<Cov CovItemId="S157" Value="4"/>
<Cov CovItemId="S158" Value="4"/>
<Cov CovItemId="S159" Value="32"/>
<Cov CovItemId="S160" Value="16"/>
<Cov CovItemId="S161" Value="128"/>
<Cov CovItemId="S162" Value="64"/>
<Cov CovItemId="S163" Value="16"/>
<Cov CovItemId="S164" Value="16"/>
<Cov CovItemId="S165" Value="128"/>
<Cov CovItemId="S166" Value="64"/>
<Cov CovItemId="S167" Value="16"/>
<Cov CovItemId="S168" Value="4"/>
<Cov CovItemId="S169" Value="128"/>
<Cov CovItemId="S170" Value="128"/>
<Cov CovItemId="S171" Value="116"/>
<Cov CovItemId="S172" Value="12"/>
<Cov CovItemId="S173" Value="12"/>
<Cov CovItemId="S174" Value="12"/>
<Cov CovItemId="S175" Value="12"/>
<Cov CovItemId="S176" Value="5534"/>
<Cov CovItemId="S177" Value="5534"/>
<Cov CovItemId="S178" Value="2329"/>
<Cov CovItemId="S179" Value="3205"/>
<Cov CovItemId="S180" Value="2613"/>
<Cov CovItemId="S181" Value="630"/>
<Cov CovItemId="S182" Value="1983"/>
<Cov CovItemId="S183" Value="664"/>
<Cov CovItemId="S184" Value="1319"/>
<Cov CovItemId="S185" Value="15233"/>
<Cov CovItemId="S61" Value="768"/>
<Cov CovItemId="S62" Value="6144"/>
<Cov CovItemId="S63" Value="49152"/>
<Cov CovItemId="S64" Value="95"/>
<Cov CovItemId="S65" Value="95"/>
<Cov CovItemId="S66" Value="95"/>
<Cov CovItemId="S67" Value="95"/>
<Cov CovItemId="S68" Value="159"/>
<Cov CovItemId="S69" Value="96"/>
<Cov CovItemId="S76" Value="159"/>
<Cov CovItemId="S77" Value="159"/>
<Cov CovItemId="S78" Value="96"/>
<Cov CovItemId="S80" Value="96"/>
<Cov CovItemId="S82" Value="96"/>
<Cov CovItemId="S84" Value="96"/>
<Cov CovItemId="S86" Value="96"/>
<Cov CovItemId="S88" Value="96"/>
<Cov CovItemId="S90" Value="96"/>
<Cov CovItemId="S91" Value="96"/>
<Cov CovItemId="S93" Value="384"/>
<Cov CovItemId="S94" Value="313"/>
<Cov CovItemId="S95" Value="60"/>
<Cov CovItemId="S96" Value="60"/>
<Cov CovItemId="S97" Value="253"/>
<Cov CovItemId="S98" Value="67"/>
<Cov CovItemId="S99" Value="67"/>
</CovPrefix>
<CovPrefix CovItemPrefix="com.OriginalFiles.Field.java">
<Cov CovItemId="B1" Value="159"/>
<Cov CovItemId="B2" Value="124"/>
<Cov CovItemId="S1" Value="88"/>
<Cov CovItemId="S13" Value="1155"/>
<Cov CovItemId="S2" Value="88"/>
<Cov CovItemId="S5" Value="283"/>
<Cov CovItemId="S6" Value="283"/>
<Cov CovItemId="S7" Value="159"/>
<Cov CovItemId="S8" Value="21812"/>
<Cov CovItemId="S9" Value="28054"/>
</CovPrefix>
<CovPrefix CovItemPrefix="com.OriginalFiles.Piece.java">
<Cov CovItemId="B1" Value="127"/>
<Cov CovItemId="B10" Value="120"/>
<Cov CovItemId="B11" Value="199"/>
<Cov CovItemId="B12" Value="8"/>
<Cov CovItemId="B13" Value="127"/>
<Cov CovItemId="B14" Value="72"/>
<Cov CovItemId="B15" Value="199"/>
<Cov CovItemId="B18" Value="199"/>
<Cov CovItemId="B2" Value="80"/>
<Cov CovItemId="B3" Value="55"/>
<Cov CovItemId="B34" Value="199"/>
<Cov CovItemId="B35" Value="16"/>
<Cov CovItemId="B36" Value="183"/>
<Cov CovItemId="B37" Value="16"/>
<Cov CovItemId="B39" Value="127"/>
<Cov CovItemId="B4" Value="72"/>
<Cov CovItemId="B40" Value="72"/>
<Cov CovItemId="B5" Value="199"/>
<Cov CovItemId="B6" Value="8"/>
<Cov CovItemId="B9" Value="79"/>
<Cov CovItemId="S1" Value="92"/>
<Cov CovItemId="S10" Value="92"/>
<Cov CovItemId="S11" Value="92"/>
<Cov CovItemId="S12" Value="92"/>
<Cov CovItemId="S13" Value="92"/>
<Cov CovItemId="S14" Value="92"/>
<Cov CovItemId="S15" Value="92"/>
<Cov CovItemId="S16" Value="92"/>
<Cov CovItemId="S17" Value="92"/>
<Cov CovItemId="S18" Value="92"/>
<Cov CovItemId="S19" Value="92"/>
<Cov CovItemId="S2" Value="92"/>
<Cov CovItemId="S20" Value="92"/>
<Cov CovItemId="S21" Value="92"/>
<Cov CovItemId="S23" Value="1008"/>
<Cov CovItemId="S24" Value="207"/>
<Cov CovItemId="S25" Value="207"/>
<Cov CovItemId="S26" Value="207"/>
<Cov CovItemId="S27" Value="127"/>
<Cov CovItemId="S28" Value="55"/>
<Cov CovItemId="S29" Value="127"/>
<Cov CovItemId="S3" Value="92"/>
<Cov CovItemId="S30" Value="80"/>
<Cov CovItemId="S31" Value="207"/>
<Cov CovItemId="S32" Value="207"/>
<Cov CovItemId="S33" Value="199"/>
<Cov CovItemId="S34" Value="8"/>
<Cov CovItemId="S35" Value="8"/>
<Cov CovItemId="S39" Value="199"/>
<Cov CovItemId="S4" Value="92"/>
<Cov CovItemId="S40" Value="79"/>
<Cov CovItemId="S41" Value="120"/>
<Cov CovItemId="S42" Value="207"/>
<Cov CovItemId="S43" Value="207"/>
<Cov CovItemId="S44" Value="199"/>
<Cov CovItemId="S45" Value="199"/>
<Cov CovItemId="S46" Value="199"/>
<Cov CovItemId="S47" Value="127"/>
<Cov CovItemId="S48" Value="199"/>
<Cov CovItemId="S49" Value="199"/>
<Cov CovItemId="S5" Value="92"/>
<Cov CovItemId="S50" Value="199"/>
<Cov CovItemId="S6" Value="92"/>
<Cov CovItemId="S65" Value="199"/>
<Cov CovItemId="S67" Value="199"/>
<Cov CovItemId="S68" Value="16"/>
<Cov CovItemId="S69" Value="16"/>
<Cov CovItemId="S7" Value="92"/>
<Cov CovItemId="S70" Value="16"/>
<Cov CovItemId="S71" Value="199"/>
<Cov CovItemId="S72" Value="127"/>
<Cov CovItemId="S73" Value="199"/>
<Cov CovItemId="S8" Value="92"/>
<Cov CovItemId="S9" Value="92"/>
</CovPrefix>
<CovPrefix CovItemPrefix="com.OriginalFiles.RemoteNXTFunctions.java">
<Cov CovItemId="B100" Value="64"/>
<Cov CovItemId="B101" Value="9"/>
<Cov CovItemId="B102" Value="55"/>
<Cov CovItemId="B103" Value="95"/>
<Cov CovItemId="B104" Value="423"/>
<Cov CovItemId="B105" Value="15"/>
<Cov CovItemId="B106" Value="80"/>
<Cov CovItemId="B107" Value="15"/>
<Cov CovItemId="B108" Value="65"/>
<Cov CovItemId="B109" Value="15"/>
<Cov CovItemId="B110" Value="50"/>
<Cov CovItemId="B111" Value="9"/>
<Cov CovItemId="B112" Value="41"/>
<Cov CovItemId="B113" Value="109"/>
<Cov CovItemId="B114" Value="314"/>
<Cov CovItemId="B115" Value="15"/>
<Cov CovItemId="B116" Value="94"/>
<Cov CovItemId="B117" Value="15"/>
<Cov CovItemId="B118" Value="79"/>
<Cov CovItemId="B119" Value="15"/>
<Cov CovItemId="B120" Value="64"/>
<Cov CovItemId="B121" Value="9"/>
<Cov CovItemId="B122" Value="55"/>
<Cov CovItemId="B123" Value="95"/>
<Cov CovItemId="B124" Value="219"/>
<Cov CovItemId="B125" Value="15"/>
<Cov CovItemId="B126" Value="80"/>
<Cov CovItemId="B127" Value="15"/>
<Cov CovItemId="B128" Value="65"/>
<Cov CovItemId="B129" Value="15"/>
<Cov CovItemId="B130" Value="50"/>
<Cov CovItemId="B131" Value="9"/>
<Cov CovItemId="B132" Value="41"/>
<Cov CovItemId="B134" Value="219"/>
<Cov CovItemId="B142" Value="219"/>
<Cov CovItemId="B15" Value="64"/>
<Cov CovItemId="B16" Value="585"/>
<Cov CovItemId="B17" Value="32"/>
<Cov CovItemId="B18" Value="32"/>
<Cov CovItemId="B19" Value="32"/>
<Cov CovItemId="B23" Value="155"/>
<Cov CovItemId="B24" Value="494"/>
<Cov CovItemId="B25" Value="31"/>
<Cov CovItemId="B26" Value="124"/>
<Cov CovItemId="B27" Value="31"/>
<Cov CovItemId="B28" Value="93"/>
<Cov CovItemId="B30" Value="93"/>
<Cov CovItemId="B32" Value="649"/>
<Cov CovItemId="B40" Value="649"/>
<Cov CovItemId="B5" Value="32"/>
<Cov CovItemId="B50" Value="649"/>
<Cov CovItemId="B56" Value="649"/>
<Cov CovItemId="B6" Value="649"/>
<Cov CovItemId="B61" Value="5"/>
<Cov CovItemId="B62" Value="644"/>
<Cov CovItemId="B63" Value="1"/>
<Cov CovItemId="B64" Value="4"/>
<Cov CovItemId="B65" Value="1"/>
<Cov CovItemId="B66" Value="3"/>
<Cov CovItemId="B67" Value="2"/>
<Cov CovItemId="B68" Value="1"/>
<Cov CovItemId="B69" Value="4"/>
<Cov CovItemId="B7" Value="32"/>
<Cov CovItemId="B70" Value="640"/>
<Cov CovItemId="B71" Value="1"/>
<Cov CovItemId="B72" Value="3"/>
<Cov CovItemId="B73" Value="1"/>
<Cov CovItemId="B74" Value="2"/>
<Cov CovItemId="B75" Value="2"/>
<Cov CovItemId="B77" Value="7"/>
<Cov CovItemId="B78" Value="633"/>
<Cov CovItemId="B79" Value="1"/>
<Cov CovItemId="B80" Value="6"/>
<Cov CovItemId="B81" Value="1"/>
<Cov CovItemId="B82" Value="5"/>
<Cov CovItemId="B83" Value="2"/>
<Cov CovItemId="B84" Value="3"/>
<Cov CovItemId="B85" Value="6"/>
<Cov CovItemId="B86" Value="627"/>
<Cov CovItemId="B87" Value="1"/>
<Cov CovItemId="B88" Value="5"/>
<Cov CovItemId="B89" Value="1"/>
<Cov CovItemId="B90" Value="4"/>
<Cov CovItemId="B91" Value="2"/>
<Cov CovItemId="B92" Value="2"/>
<Cov CovItemId="B93" Value="109"/>
<Cov CovItemId="B94" Value="518"/>
<Cov CovItemId="B95" Value="15"/>
<Cov CovItemId="B96" Value="94"/>
<Cov CovItemId="B97" Value="15"/>
<Cov CovItemId="B98" Value="79"/>
<Cov CovItemId="B99" Value="15"/>
<Cov CovItemId="S100" Value="633"/>
<Cov CovItemId="S101" Value="6"/>
<Cov CovItemId="S102" Value="1"/>
<Cov CovItemId="S103" Value="5"/>
<Cov CovItemId="S104" Value="1"/>
<Cov CovItemId="S105" Value="4"/>
<Cov CovItemId="S106" Value="2"/>
<Cov CovItemId="S107" Value="2"/>
<Cov CovItemId="S108" Value="627"/>
<Cov CovItemId="S109" Value="109"/>
<Cov CovItemId="S110" Value="15"/>
<Cov CovItemId="S111" Value="94"/>
<Cov CovItemId="S112" Value="15"/>
<Cov CovItemId="S113" Value="79"/>
<Cov CovItemId="S114" Value="15"/>
<Cov CovItemId="S115" Value="64"/>
<Cov CovItemId="S116" Value="9"/>
<Cov CovItemId="S117" Value="55"/>
<Cov CovItemId="S118" Value="518"/>
<Cov CovItemId="S119" Value="95"/>
<Cov CovItemId="S120" Value="15"/>
<Cov CovItemId="S121" Value="80"/>
<Cov CovItemId="S122" Value="15"/>
<Cov CovItemId="S123" Value="65"/>
<Cov CovItemId="S124" Value="15"/>
<Cov CovItemId="S125" Value="50"/>
<Cov CovItemId="S126" Value="9"/>
<Cov CovItemId="S127" Value="41"/>
<Cov CovItemId="S128" Value="423"/>
<Cov CovItemId="S129" Value="109"/>
<Cov CovItemId="S130" Value="15"/>
<Cov CovItemId="S131" Value="94"/>
<Cov CovItemId="S132" Value="15"/>
<Cov CovItemId="S133" Value="79"/>
<Cov CovItemId="S134" Value="15"/>
<Cov CovItemId="S135" Value="64"/>
<Cov CovItemId="S136" Value="9"/>
<Cov CovItemId="S137" Value="55"/>
<Cov CovItemId="S138" Value="314"/>
<Cov CovItemId="S139" Value="95"/>
<Cov CovItemId="S140" Value="15"/>
<Cov CovItemId="S141" Value="80"/>
<Cov CovItemId="S142" Value="15"/>
<Cov CovItemId="S143" Value="65"/>
<Cov CovItemId="S144" Value="15"/>
<Cov CovItemId="S145" Value="50"/>
<Cov CovItemId="S146" Value="9"/>
<Cov CovItemId="S147" Value="41"/>
<Cov CovItemId="S148" Value="219"/>
<Cov CovItemId="S156" Value="219"/>
<Cov CovItemId="S162" Value="681"/>
<Cov CovItemId="S19" Value="681"/>
<Cov CovItemId="S20" Value="681"/>
<Cov CovItemId="S21" Value="32"/>
<Cov CovItemId="S22" Value="32"/>
<Cov CovItemId="S30" Value="649"/>
<Cov CovItemId="S31" Value="64"/>
<Cov CovItemId="S32" Value="32"/>
<Cov CovItemId="S33" Value="32"/>
<Cov CovItemId="S34" Value="32"/>
<Cov CovItemId="S38" Value="649"/>
<Cov CovItemId="S39" Value="155"/>
<Cov CovItemId="S4" Value="20"/>
<Cov CovItemId="S40" Value="31"/>
<Cov CovItemId="S41" Value="124"/>
<Cov CovItemId="S42" Value="31"/>
<Cov CovItemId="S43" Value="93"/>
<Cov CovItemId="S45" Value="93"/>
<Cov CovItemId="S46" Value="649"/>
<Cov CovItemId="S54" Value="649"/>
<Cov CovItemId="S64" Value="649"/>
<Cov CovItemId="S70" Value="649"/>
<Cov CovItemId="S76" Value="649"/>
<Cov CovItemId="S77" Value="5"/>
<Cov CovItemId="S78" Value="1"/>
<Cov CovItemId="S79" Value="4"/>
<Cov CovItemId="S80" Value="1"/>
<Cov CovItemId="S81" Value="3"/>
<Cov CovItemId="S82" Value="2"/>
<Cov CovItemId="S83" Value="1"/>
<Cov CovItemId="S84" Value="644"/>
<Cov CovItemId="S85" Value="4"/>
<Cov CovItemId="S86" Value="1"/>
<Cov CovItemId="S87" Value="3"/>
<Cov CovItemId="S88" Value="1"/>
<Cov CovItemId="S89" Value="2"/>
<Cov CovItemId="S90" Value="2"/>
<Cov CovItemId="S92" Value="640"/>
<Cov CovItemId="S93" Value="7"/>
<Cov CovItemId="S94" Value="1"/>
<Cov CovItemId="S95" Value="6"/>
<Cov CovItemId="S96" Value="1"/>
<Cov CovItemId="S97" Value="5"/>
<Cov CovItemId="S98" Value="2"/>
<Cov CovItemId="S99" Value="3"/>
</CovPrefix>
</CovList>
<AssgnmntList>
<AssgnmntPrefix RootTermCovItemPrefix="com.OriginalFiles.Analyze.java">
<AssgnmntListEntry Length="1" RootTermCovItemId="C1">
<MapEntry BoolAssgnmnt="0" Value="95"/>
</AssgnmntListEntry>
<AssgnmntListEntry Length="1" RootTermCovItemId="C10">
<MapEntry BoolAssgnmnt="0" Value="28"/>
<MapEntry BoolAssgnmnt="1" Value="67"/>
</AssgnmntListEntry>
<AssgnmntListEntry Length="1" RootTermCovItemId="C11">
<MapEntry BoolAssgnmnt="0" Value="16"/>
<MapEntry BoolAssgnmnt="1" Value="12"/>
</AssgnmntListEntry>
<AssgnmntListEntry Length="1" RootTermCovItemId="C12">
<MapEntry BoolAssgnmnt="0" Value="4"/>
<MapEntry BoolAssgnmnt="1" Value="12"/>
</AssgnmntListEntry>
<AssgnmntListEntry Length="1" RootTermCovItemId="C13">
<MapEntry BoolAssgnmnt="0" Value="123"/>
</AssgnmntListEntry>
<AssgnmntListEntry Length="1" RootTermCovItemId="C16">
<MapEntry BoolAssgnmnt="0" Value="56"/>
<MapEntry BoolAssgnmnt="1" Value="67"/>
</AssgnmntListEntry>
<AssgnmntListEntry Length="1" RootTermCovItemId="C17">
<MapEntry BoolAssgnmnt="1" Value="123"/>
</AssgnmntListEntry>
<AssgnmntListEntry Length="1" RootTermCovItemId="C18">
<MapEntry BoolAssgnmnt="0" Value="76"/>
<MapEntry BoolAssgnmnt="1" Value="47"/>
</AssgnmntListEntry>
<AssgnmntListEntry Length="1" RootTermCovItemId="C19">
<MapEntry BoolAssgnmnt="0" Value="14"/>
<MapEntry BoolAssgnmnt="1" Value="33"/>
</AssgnmntListEntry>
<AssgnmntListEntry Length="1" RootTermCovItemId="C2">
<MapEntry BoolAssgnmnt="0" Value="95"/>
</AssgnmntListEntry>
<AssgnmntListEntry Length="1" RootTermCovItemId="C20">
<MapEntry BoolAssgnmnt="0" Value="61"/>
<MapEntry BoolAssgnmnt="1" Value="15"/>
</AssgnmntListEntry>
<AssgnmntListEntry Length="1" RootTermCovItemId="C21">
<MapEntry BoolAssgnmnt="0" Value="14"/>
<MapEntry BoolAssgnmnt="1" Value="1"/>
</AssgnmntListEntry>
<AssgnmntListEntry Length="1" RootTermCovItemId="C22">
<MapEntry BoolAssgnmnt="1" Value="61"/>
</AssgnmntListEntry>
<AssgnmntListEntry Length="1" RootTermCovItemId="C23">
<MapEntry BoolAssgnmnt="0" Value="46"/>
<MapEntry BoolAssgnmnt="1" Value="15"/>
</AssgnmntListEntry>
<AssgnmntListEntry Length="1" RootTermCovItemId="C24">
<MapEntry BoolAssgnmnt="0" Value="14"/>
<MapEntry BoolAssgnmnt="1" Value="1"/>
</AssgnmntListEntry>
<AssgnmntListEntry Length="1" RootTermCovItemId="C25">
<MapEntry BoolAssgnmnt="1" Value="46"/>
</AssgnmntListEntry>
<AssgnmntListEntry Length="1" RootTermCovItemId="C26">
<MapEntry BoolAssgnmnt="0" Value="14"/>
<MapEntry BoolAssgnmnt="1" Value="32"/>
</AssgnmntListEntry>
<AssgnmntListEntry Length="1" RootTermCovItemId="C27">
<MapEntry BoolAssgnmnt="1" Value="123"/>
</AssgnmntListEntry>
<AssgnmntListEntry Length="1" RootTermCovItemId="C28">
<MapEntry BoolAssgnmnt="1" Value="123"/>
</AssgnmntListEntry>
<AssgnmntListEntry Length="1" RootTermCovItemId="C29">
<MapEntry BoolAssgnmnt="1" Value="123"/>
</AssgnmntListEntry>
<AssgnmntListEntry Length="1" RootTermCovItemId="C3">
<MapEntry BoolAssgnmnt="0" Value="87"/>
<MapEntry BoolAssgnmnt="1" Value="8"/>
</AssgnmntListEntry>
<AssgnmntListEntry Length="1" RootTermCovItemId="C30">
<MapEntry BoolAssgnmnt="1" Value="123"/>
</AssgnmntListEntry>
<AssgnmntListEntry Length="1" RootTermCovItemId="C31">
<MapEntry BoolAssgnmnt="0" Value="67"/>
<MapEntry BoolAssgnmnt="1" Value="408"/>
</AssgnmntListEntry>
<AssgnmntListEntry Length="2" RootTermCovItemId="C32">
<MapEntry BoolAssgnmnt="10" Value="123"/>
<MapEntry BoolAssgnmnt="02" Value="190"/>
<MapEntry BoolAssgnmnt="11" Value="95"/>
</AssgnmntListEntry>
<AssgnmntListEntry Length="1" RootTermCovItemId="C33">
<MapEntry BoolAssgnmnt="0" Value="56"/>
<MapEntry BoolAssgnmnt="1" Value="352"/>
</AssgnmntListEntry>
<AssgnmntListEntry Length="1" RootTermCovItemId="C4">
<MapEntry BoolAssgnmnt="0" Value="254"/>
<MapEntry BoolAssgnmnt="1" Value="5826"/>
</AssgnmntListEntry>
<AssgnmntListEntry Length="1" RootTermCovItemId="C49">
<MapEntry BoolAssgnmnt="0" Value="67"/>
</AssgnmntListEntry>
<AssgnmntListEntry Length="2" RootTermCovItemId="C5">
<MapEntry BoolAssgnmnt="10" Value="95"/>
<MapEntry BoolAssgnmnt="11" Value="159"/>
</AssgnmntListEntry>
<AssgnmntListEntry Length="1" RootTermCovItemId="C56">
<MapEntry BoolAssgnmnt="0" Value="95"/>
</AssgnmntListEntry>
<AssgnmntListEntry Length="1" RootTermCovItemId="C6">
<MapEntry BoolAssgnmnt="1" Value="95"/>
</AssgnmntListEntry>
<AssgnmntListEntry Length="6" RootTermCovItemId="C66">
<MapEntry BoolAssgnmnt="022222" Value="649"/>
<MapEntry BoolAssgnmnt="111111" Value="32"/>
</AssgnmntListEntry>
<AssgnmntListEntry Length="6" RootTermCovItemId="C67">
<MapEntry BoolAssgnmnt="022222" Value="649"/>
</AssgnmntListEntry>
<AssgnmntListEntry Length="6" RootTermCovItemId="C68">
<MapEntry BoolAssgnmnt="102222" Value="482"/>
<MapEntry BoolAssgnmnt="111111" Value="167"/>
</AssgnmntListEntry>
<AssgnmntListEntry Length="6" RootTermCovItemId="C69">
<MapEntry BoolAssgnmnt="102222" Value="478"/>
<MapEntry BoolAssgnmnt="111111" Value="4"/>
</AssgnmntListEntry>
<AssgnmntListEntry Length="1" RootTermCovItemId="C7">
<MapEntry BoolAssgnmnt="0" Value="32"/>
<MapEntry BoolAssgnmnt="1" Value="123"/>
</AssgnmntListEntry>
<AssgnmntListEntry Length="1" RootTermCovItemId="C70">
<MapEntry BoolAssgnmnt="0" Value="480"/>
<MapEntry BoolAssgnmnt="1" Value="11680"/>
</AssgnmntListEntry>
<AssgnmntListEntry Length="1" RootTermCovItemId="C71">
<MapEntry BoolAssgnmnt="0" Value="190"/>
<MapEntry BoolAssgnmnt="1" Value="290"/>
</AssgnmntListEntry>
<AssgnmntListEntry Length="1" RootTermCovItemId="C72">
<MapEntry BoolAssgnmnt="1" Value="290"/>
</AssgnmntListEntry>
<AssgnmntListEntry Length="1" RootTermCovItemId="C73">
<MapEntry BoolAssgnmnt="0" Value="290"/>
<MapEntry BoolAssgnmnt="1" Value="190"/>
</AssgnmntListEntry>
<AssgnmntListEntry Length="1" RootTermCovItemId="C74">
<MapEntry BoolAssgnmnt="1" Value="190"/>
</AssgnmntListEntry>
<AssgnmntListEntry Length="3" RootTermCovItemId="C75">
<MapEntry BoolAssgnmnt="012" Value="95"/>
<MapEntry BoolAssgnmnt="001" Value="95"/>
</AssgnmntListEntry>
<AssgnmntListEntry Length="3" RootTermCovItemId="C76">
<MapEntry BoolAssgnmnt="011" Value="95"/>
<MapEntry BoolAssgnmnt="002" Value="95"/>
</AssgnmntListEntry>
<AssgnmntListEntry Length="2" RootTermCovItemId="C77">
<MapEntry BoolAssgnmnt="10" Value="64"/>
<MapEntry BoolAssgnmnt="11" Value="126"/>
</AssgnmntListEntry>
<AssgnmntListEntry Length="2" RootTermCovItemId="C78">
<MapEntry BoolAssgnmnt="11" Value="126"/>
</AssgnmntListEntry>
<AssgnmntListEntry Length="2" RootTermCovItemId="C79">
<MapEntry BoolAssgnmnt="00" Value="126"/>
</AssgnmntListEntry>
<AssgnmntListEntry Length="2" RootTermCovItemId="C8">
<MapEntry BoolAssgnmnt="02" Value="123"/>
</AssgnmntListEntry>
<AssgnmntListEntry Length="1" RootTermCovItemId="C9">
<MapEntry BoolAssgnmnt="0" Value="56"/>
<MapEntry BoolAssgnmnt="1" Value="67"/>
</AssgnmntListEntry>
<AssgnmntListEntry Length="8" RootTermCovItemId="C90">
<MapEntry BoolAssgnmnt="02020202" Value="252"/>
</AssgnmntListEntry>
</AssgnmntPrefix>
<AssgnmntPrefix RootTermCovItemPrefix="com.OriginalFiles.Board.java">
<AssgnmntListEntry Length="1" RootTermCovItemId="C14">
<MapEntry BoolAssgnmnt="0" Value="95"/>
<MapEntry BoolAssgnmnt="1" Value="159"/>
</AssgnmntListEntry>
<AssgnmntListEntry Length="1" RootTermCovItemId="C15">
<MapEntry BoolAssgnmnt="0" Value="159"/>
<MapEntry BoolAssgnmnt="1" Value="96"/>
</AssgnmntListEntry>
<AssgnmntListEntry Length="1" RootTermCovItemId="C16">
<MapEntry BoolAssgnmnt="1" Value="96"/>
</AssgnmntListEntry>
<AssgnmntListEntry Length="4" RootTermCovItemId="C17">
<MapEntry BoolAssgnmnt="0222" Value="96"/>
</AssgnmntListEntry>
<AssgnmntListEntry Length="2" RootTermCovItemId="C18">
<MapEntry BoolAssgnmnt="02" Value="96"/>
</AssgnmntListEntry>
<AssgnmntListEntry Length="2" RootTermCovItemId="C19">
<MapEntry BoolAssgnmnt="02" Value="96"/>
</AssgnmntListEntry>
<AssgnmntListEntry Length="3" RootTermCovItemId="C20">
<MapEntry BoolAssgnmnt="022" Value="96"/>
</AssgnmntListEntry>
<AssgnmntListEntry Length="3" RootTermCovItemId="C21">
<MapEntry BoolAssgnmnt="022" Value="96"/>
</AssgnmntListEntry>
<AssgnmntListEntry Length="1" RootTermCovItemId="C22">
<MapEntry BoolAssgnmnt="0" Value="96"/>
</AssgnmntListEntry>
<AssgnmntListEntry Length="1" RootTermCovItemId="C23">
<MapEntry BoolAssgnmnt="1" Value="96"/>
</AssgnmntListEntry>
<AssgnmntListEntry Length="1" RootTermCovItemId="C24">
<MapEntry BoolAssgnmnt="0" Value="253"/>
<MapEntry BoolAssgnmnt="1" Value="60"/>
</AssgnmntListEntry>
<AssgnmntListEntry Length="1" RootTermCovItemId="C25">
<MapEntry BoolAssgnmnt="1" Value="60"/>
</AssgnmntListEntry>
<AssgnmntListEntry Length="1" RootTermCovItemId="C26">
<MapEntry BoolAssgnmnt="0" Value="67"/>
</AssgnmntListEntry>
<AssgnmntListEntry Length="1" RootTermCovItemId="C27">
<MapEntry BoolAssgnmnt="1" Value="67"/>
</AssgnmntListEntry>
<AssgnmntListEntry Length="2" RootTermCovItemId="C28">
<MapEntry BoolAssgnmnt="02" Value="67"/>
</AssgnmntListEntry>
<AssgnmntListEntry Length="1" RootTermCovItemId="C29">
<MapEntry BoolAssgnmnt="1" Value="67"/>
</AssgnmntListEntry>
<AssgnmntListEntry Length="1" RootTermCovItemId="C30">
<MapEntry BoolAssgnmnt="1" Value="521"/>
</AssgnmntListEntry>
<AssgnmntListEntry Length="1" RootTermCovItemId="C31">
<MapEntry BoolAssgnmnt="0" Value="264"/>
<MapEntry BoolAssgnmnt="1" Value="3930"/>
</AssgnmntListEntry>
<AssgnmntListEntry Length="1" RootTermCovItemId="C32">
<MapEntry BoolAssgnmnt="0" Value="972"/>
</AssgnmntListEntry>
<AssgnmntListEntry Length="1" RootTermCovItemId="C33">
<MapEntry BoolAssgnmnt="0" Value="968"/>
<MapEntry BoolAssgnmnt="1" Value="4"/>
</AssgnmntListEntry>
<AssgnmntListEntry Length="1" RootTermCovItemId="C34">
<MapEntry BoolAssgnmnt="0" Value="968"/>
<MapEntry BoolAssgnmnt="1" Value="4"/>
</AssgnmntListEntry>
<AssgnmntListEntry Length="1" RootTermCovItemId="C35">
<MapEntry BoolAssgnmnt="1" Value="972"/>
</AssgnmntListEntry>
<AssgnmntListEntry Length="1" RootTermCovItemId="C36">
<MapEntry BoolAssgnmnt="0" Value="836"/>
<MapEntry BoolAssgnmnt="1" Value="136"/>
</AssgnmntListEntry>
<AssgnmntListEntry Length="1" RootTermCovItemId="C37">
<MapEntry BoolAssgnmnt="0" Value="836"/>
<MapEntry BoolAssgnmnt="1" Value="136"/>
</AssgnmntListEntry>
<AssgnmntListEntry Length="5" RootTermCovItemId="C38">
<MapEntry BoolAssgnmnt="02002" Value="1176"/>
<MapEntry BoolAssgnmnt="10122" Value="768"/>
<MapEntry BoolAssgnmnt="11221" Value="768"/>
<MapEntry BoolAssgnmnt="02011" Value="1176"/>
</AssgnmntListEntry>
<AssgnmntListEntry Length="1" RootTermCovItemId="C39">
<MapEntry BoolAssgnmnt="0" Value="920"/>
<MapEntry BoolAssgnmnt="1" Value="2968"/>
</AssgnmntListEntry>
<AssgnmntListEntry Length="1" RootTermCovItemId="C40">
<MapEntry BoolAssgnmnt="0" Value="2968"/>
</AssgnmntListEntry>
<AssgnmntListEntry Length="2" RootTermCovItemId="C41">
<MapEntry BoolAssgnmnt="02" Value="2968"/>
</AssgnmntListEntry>
<AssgnmntListEntry Length="1" RootTermCovItemId="C42">
<MapEntry BoolAssgnmnt="0" Value="12288"/>
<MapEntry BoolAssgnmnt="1" Value="12288"/>
</AssgnmntListEntry>
<AssgnmntListEntry Length="1" RootTermCovItemId="C43">
<MapEntry BoolAssgnmnt="0" Value="11316"/>
<MapEntry BoolAssgnmnt="1" Value="972"/>
</AssgnmntListEntry>
<AssgnmntListEntry Length="1" RootTermCovItemId="C44">
<MapEntry BoolAssgnmnt="0" Value="588"/>
<MapEntry BoolAssgnmnt="1" Value="384"/>
</AssgnmntListEntry>
<AssgnmntListEntry Length="1" RootTermCovItemId="C46">
<MapEntry BoolAssgnmnt="0" Value="4"/>
<MapEntry BoolAssgnmnt="1" Value="32"/>
</AssgnmntListEntry>
<AssgnmntListEntry Length="1" RootTermCovItemId="C47">
<MapEntry BoolAssgnmnt="0" Value="16"/>
<MapEntry BoolAssgnmnt="1" Value="16"/>
</AssgnmntListEntry>
<AssgnmntListEntry Length="1" RootTermCovItemId="C48">
<MapEntry BoolAssgnmnt="0" Value="16"/>
<MapEntry BoolAssgnmnt="1" Value="128"/>
</AssgnmntListEntry>
<AssgnmntListEntry Length="1" RootTermCovItemId="C49">
<MapEntry BoolAssgnmnt="0" Value="64"/>
<MapEntry BoolAssgnmnt="1" Value="64"/>
</AssgnmntListEntry>
<AssgnmntListEntry Length="1" RootTermCovItemId="C50">
<MapEntry BoolAssgnmnt="0" Value="16"/>
<MapEntry BoolAssgnmnt="1" Value="128"/>
</AssgnmntListEntry>
<AssgnmntListEntry Length="1" RootTermCovItemId="C51">
<MapEntry BoolAssgnmnt="0" Value="64"/>
<MapEntry BoolAssgnmnt="1" Value="64"/>
</AssgnmntListEntry>
<AssgnmntListEntry Length="1" RootTermCovItemId="C52">
<MapEntry BoolAssgnmnt="0" Value="12"/>
<MapEntry BoolAssgnmnt="1" Value="116"/>
</AssgnmntListEntry>
<AssgnmntListEntry Length="1" RootTermCovItemId="C53">
<MapEntry BoolAssgnmnt="1" Value="5534"/>
</AssgnmntListEntry>
<AssgnmntListEntry Length="1" RootTermCovItemId="C54">
<MapEntry BoolAssgnmnt="0" Value="2329"/>
<MapEntry BoolAssgnmnt="1" Value="3205"/>
</AssgnmntListEntry>
<AssgnmntListEntry Length="3" RootTermCovItemId="C55">
<MapEntry BoolAssgnmnt="011" Value="317"/>
<MapEntry BoolAssgnmnt="010" Value="606"/>
<MapEntry BoolAssgnmnt="002" Value="1642"/>
<MapEntry BoolAssgnmnt="120" Value="24"/>
<MapEntry BoolAssgnmnt="121" Value="24"/>
</AssgnmntListEntry>
<AssgnmntListEntry Length="3" RootTermCovItemId="C56">
<MapEntry BoolAssgnmnt="011" Value="640"/>
<MapEntry BoolAssgnmnt="010" Value="958"/>
<MapEntry BoolAssgnmnt="002" Value="341"/>
<MapEntry BoolAssgnmnt="120" Value="20"/>
<MapEntry BoolAssgnmnt="121" Value="24"/>
</AssgnmntListEntry>
</AssgnmntPrefix>
<AssgnmntPrefix RootTermCovItemPrefix="com.OriginalFiles.Field.java">
<AssgnmntListEntry Length="1" RootTermCovItemId="C1">
<MapEntry BoolAssgnmnt="0" Value="159"/>
<MapEntry BoolAssgnmnt="1" Value="124"/>
</AssgnmntListEntry>
</AssgnmntPrefix>
<AssgnmntPrefix RootTermCovItemPrefix="com.OriginalFiles.Piece.java">
<AssgnmntListEntry Length="2" RootTermCovItemId="C1">
<MapEntry BoolAssgnmnt="10" Value="72"/>
<MapEntry BoolAssgnmnt="02" Value="8"/>
<MapEntry BoolAssgnmnt="11" Value="127"/>
</AssgnmntListEntry>
<AssgnmntListEntry Length="5" RootTermCovItemId="C17">
<MapEntry BoolAssgnmnt="00210" Value="28"/>
<MapEntry BoolAssgnmnt="01002" Value="44"/>
<MapEntry BoolAssgnmnt="12222" Value="127"/>
</AssgnmntListEntry>
<AssgnmntListEntry Length="5" RootTermCovItemId="C18">
<MapEntry BoolAssgnmnt="00210" Value="16"/>
<MapEntry BoolAssgnmnt="00211" Value="12"/>
<MapEntry BoolAssgnmnt="01002" Value="40"/>
<MapEntry BoolAssgnmnt="12222" Value="127"/>
<MapEntry BoolAssgnmnt="01122" Value="4"/>
</AssgnmntListEntry>
<AssgnmntListEntry Length="1" RootTermCovItemId="C19">
<MapEntry BoolAssgnmnt="1" Value="16"/>
</AssgnmntListEntry>
<AssgnmntListEntry Length="2" RootTermCovItemId="C2">
<MapEntry BoolAssgnmnt="02" Value="72"/>
<MapEntry BoolAssgnmnt="11" Value="55"/>
</AssgnmntListEntry>
<AssgnmntListEntry Length="1" RootTermCovItemId="C20">
<MapEntry BoolAssgnmnt="0" Value="72"/>
<MapEntry BoolAssgnmnt="1" Value="127"/>
</AssgnmntListEntry>
<AssgnmntListEntry Length="1" RootTermCovItemId="C3">
<MapEntry BoolAssgnmnt="0" Value="8"/>
<MapEntry BoolAssgnmnt="1" Value="199"/>
</AssgnmntListEntry>
<AssgnmntListEntry Length="1" RootTermCovItemId="C5">
<MapEntry BoolAssgnmnt="0" Value="120"/>
<MapEntry BoolAssgnmnt="1" Value="79"/>
</AssgnmntListEntry>
<AssgnmntListEntry Length="1" RootTermCovItemId="C6">
<MapEntry BoolAssgnmnt="0" Value="8"/>
<MapEntry BoolAssgnmnt="1" Value="199"/>
</AssgnmntListEntry>
<AssgnmntListEntry Length="1" RootTermCovItemId="C7">
<MapEntry BoolAssgnmnt="0" Value="72"/>
<MapEntry BoolAssgnmnt="1" Value="127"/>
</AssgnmntListEntry>
<AssgnmntListEntry Length="1" RootTermCovItemId="C8">
<MapEntry BoolAssgnmnt="1" Value="199"/>
</AssgnmntListEntry>
<AssgnmntListEntry Length="1" RootTermCovItemId="C9">
<MapEntry BoolAssgnmnt="0" Value="199"/>
</AssgnmntListEntry>
</AssgnmntPrefix>
<AssgnmntPrefix RootTermCovItemPrefix="com.OriginalFiles.RemoteNXTFunctions.java">
<AssgnmntListEntry Length="1" RootTermCovItemId="C10">
<MapEntry BoolAssgnmnt="0" Value="585"/>
<MapEntry BoolAssgnmnt="1" Value="64"/>
</AssgnmntListEntry>
<AssgnmntListEntry Length="2" RootTermCovItemId="C11">
<MapEntry BoolAssgnmnt="02" Value="32"/>
<MapEntry BoolAssgnmnt="11" Value="32"/>
</AssgnmntListEntry>
<AssgnmntListEntry Length="2" RootTermCovItemId="C12">
<MapEntry BoolAssgnmnt="11" Value="32"/>
</AssgnmntListEntry>
<AssgnmntListEntry Length="1" RootTermCovItemId="C14">
<MapEntry BoolAssgnmnt="0" Value="494"/>
<MapEntry BoolAssgnmnt="1" Value="155"/>
</AssgnmntListEntry>
<AssgnmntListEntry Length="2" RootTermCovItemId="C15">
<MapEntry BoolAssgnmnt="10" Value="31"/>
<MapEntry BoolAssgnmnt="02" Value="93"/>
<MapEntry BoolAssgnmnt="11" Value="31"/>
</AssgnmntListEntry>
<AssgnmntListEntry Length="2" RootTermCovItemId="C16">
<MapEntry BoolAssgnmnt="02" Value="93"/>
<MapEntry BoolAssgnmnt="11" Value="31"/>
</AssgnmntListEntry>
<AssgnmntListEntry Length="1" RootTermCovItemId="C17">
<MapEntry BoolAssgnmnt="0" Value="93"/>
</AssgnmntListEntry>
<AssgnmntListEntry Length="1" RootTermCovItemId="C18">
<MapEntry BoolAssgnmnt="0" Value="649"/>
</AssgnmntListEntry>
<AssgnmntListEntry Length="1" RootTermCovItemId="C22">
<MapEntry BoolAssgnmnt="0" Value="649"/>
</AssgnmntListEntry>
<AssgnmntListEntry Length="1" RootTermCovItemId="C27">
<MapEntry BoolAssgnmnt="0" Value="649"/>
</AssgnmntListEntry>
<AssgnmntListEntry Length="1" RootTermCovItemId="C30">
<MapEntry BoolAssgnmnt="0" Value="649"/>
</AssgnmntListEntry>
<AssgnmntListEntry Length="1" RootTermCovItemId="C33">
<MapEntry BoolAssgnmnt="0" Value="644"/>
<MapEntry BoolAssgnmnt="1" Value="5"/>
</AssgnmntListEntry>
<AssgnmntListEntry Length="2" RootTermCovItemId="C34">
<MapEntry BoolAssgnmnt="10" Value="2"/>
<MapEntry BoolAssgnmnt="02" Value="2"/>
<MapEntry BoolAssgnmnt="11" Value="1"/>
</AssgnmntListEntry>
<AssgnmntListEntry Length="2" RootTermCovItemId="C35">
<MapEntry BoolAssgnmnt="02" Value="3"/>
<MapEntry BoolAssgnmnt="11" Value="1"/>
</AssgnmntListEntry>
<AssgnmntListEntry Length="1" RootTermCovItemId="C36">
<MapEntry BoolAssgnmnt="0" Value="1"/>
<MapEntry BoolAssgnmnt="1" Value="2"/>
</AssgnmntListEntry>
<AssgnmntListEntry Length="1" RootTermCovItemId="C37">
<MapEntry BoolAssgnmnt="0" Value="640"/>
<MapEntry BoolAssgnmnt="1" Value="4"/>
</AssgnmntListEntry>
<AssgnmntListEntry Length="2" RootTermCovItemId="C38">
<MapEntry BoolAssgnmnt="10" Value="2"/>
<MapEntry BoolAssgnmnt="02" Value="1"/>
<MapEntry BoolAssgnmnt="11" Value="1"/>
</AssgnmntListEntry>
<AssgnmntListEntry Length="2" RootTermCovItemId="C39">
<MapEntry BoolAssgnmnt="02" Value="2"/>
<MapEntry BoolAssgnmnt="11" Value="1"/>
</AssgnmntListEntry>
<AssgnmntListEntry Length="1" RootTermCovItemId="C40">
<MapEntry BoolAssgnmnt="1" Value="2"/>
</AssgnmntListEntry>
<AssgnmntListEntry Length="1" RootTermCovItemId="C41">
<MapEntry BoolAssgnmnt="0" Value="633"/>
<MapEntry BoolAssgnmnt="1" Value="7"/>
</AssgnmntListEntry>
<AssgnmntListEntry Length="2" RootTermCovItemId="C42">
<MapEntry BoolAssgnmnt="10" Value="2"/>
<MapEntry BoolAssgnmnt="02" Value="4"/>
<MapEntry BoolAssgnmnt="11" Value="1"/>
</AssgnmntListEntry>
<AssgnmntListEntry Length="2" RootTermCovItemId="C43">
<MapEntry BoolAssgnmnt="10" Value="1"/>
<MapEntry BoolAssgnmnt="02" Value="4"/>
<MapEntry BoolAssgnmnt="11" Value="1"/>
</AssgnmntListEntry>
<AssgnmntListEntry Length="1" RootTermCovItemId="C44">
<MapEntry BoolAssgnmnt="0" Value="3"/>
<MapEntry BoolAssgnmnt="1" Value="2"/>
</AssgnmntListEntry>
<AssgnmntListEntry Length="1" RootTermCovItemId="C45">
<MapEntry BoolAssgnmnt="0" Value="627"/>
<MapEntry BoolAssgnmnt="1" Value="6"/>
</AssgnmntListEntry>
<AssgnmntListEntry Length="2" RootTermCovItemId="C46">
<MapEntry BoolAssgnmnt="10" Value="2"/>
<MapEntry BoolAssgnmnt="02" Value="3"/>
<MapEntry BoolAssgnmnt="11" Value="1"/>
</AssgnmntListEntry>
<AssgnmntListEntry Length="2" RootTermCovItemId="C47">
<MapEntry BoolAssgnmnt="10" Value="1"/>
<MapEntry BoolAssgnmnt="02" Value="3"/>
<MapEntry BoolAssgnmnt="11" Value="1"/>
</AssgnmntListEntry>
<AssgnmntListEntry Length="1" RootTermCovItemId="C48">
<MapEntry BoolAssgnmnt="0" Value="2"/>
<MapEntry BoolAssgnmnt="1" Value="2"/>
</AssgnmntListEntry>
<AssgnmntListEntry Length="1" RootTermCovItemId="C49">
<MapEntry BoolAssgnmnt="0" Value="518"/>
<MapEntry BoolAssgnmnt="1" Value="109"/>
</AssgnmntListEntry>
<AssgnmntListEntry Length="1" RootTermCovItemId="C5">
<MapEntry BoolAssgnmnt="0" Value="649"/>
<MapEntry BoolAssgnmnt="1" Value="32"/>
</AssgnmntListEntry>
<AssgnmntListEntry Length="2" RootTermCovItemId="C50">
<MapEntry BoolAssgnmnt="10" Value="24"/>
<MapEntry BoolAssgnmnt="02" Value="70"/>
<MapEntry BoolAssgnmnt="11" Value="15"/>
</AssgnmntListEntry>
<AssgnmntListEntry Length="2" RootTermCovItemId="C51">
<MapEntry BoolAssgnmnt="10" Value="10"/>
<MapEntry BoolAssgnmnt="02" Value="69"/>
<MapEntry BoolAssgnmnt="11" Value="15"/>
</AssgnmntListEntry>
<AssgnmntListEntry Length="2" RootTermCovItemId="C52">
<MapEntry BoolAssgnmnt="10" Value="9"/>
<MapEntry BoolAssgnmnt="02" Value="55"/>
<MapEntry BoolAssgnmnt="11" Value="15"/>
</AssgnmntListEntry>
<AssgnmntListEntry Length="1" RootTermCovItemId="C53">
<MapEntry BoolAssgnmnt="0" Value="55"/>
<MapEntry BoolAssgnmnt="1" Value="9"/>
</AssgnmntListEntry>
<AssgnmntListEntry Length="1" RootTermCovItemId="C54">
<MapEntry BoolAssgnmnt="0" Value="423"/>
<MapEntry BoolAssgnmnt="1" Value="95"/>
</AssgnmntListEntry>
<AssgnmntListEntry Length="2" RootTermCovItemId="C55">
<MapEntry BoolAssgnmnt="10" Value="24"/>
<MapEntry BoolAssgnmnt="02" Value="56"/>
<MapEntry BoolAssgnmnt="11" Value="15"/>
</AssgnmntListEntry>
<AssgnmntListEntry Length="2" RootTermCovItemId="C56">
<MapEntry BoolAssgnmnt="10" Value="10"/>
<MapEntry BoolAssgnmnt="02" Value="55"/>
<MapEntry BoolAssgnmnt="11" Value="15"/>
</AssgnmntListEntry>
<AssgnmntListEntry Length="2" RootTermCovItemId="C57">
<MapEntry BoolAssgnmnt="10" Value="9"/>
<MapEntry BoolAssgnmnt="02" Value="41"/>
<MapEntry BoolAssgnmnt="11" Value="15"/>
</AssgnmntListEntry>
<AssgnmntListEntry Length="1" RootTermCovItemId="C58">
<MapEntry BoolAssgnmnt="0" Value="41"/>
<MapEntry BoolAssgnmnt="1" Value="9"/>
</AssgnmntListEntry>
<AssgnmntListEntry Length="1" RootTermCovItemId="C59">
<MapEntry BoolAssgnmnt="0" Value="314"/>
<MapEntry BoolAssgnmnt="1" Value="109"/>
</AssgnmntListEntry>
<AssgnmntListEntry Length="2" RootTermCovItemId="C6">
<MapEntry BoolAssgnmnt="11" Value="32"/>
</AssgnmntListEntry>
<AssgnmntListEntry Length="2" RootTermCovItemId="C60">
<MapEntry BoolAssgnmnt="10" Value="24"/>
<MapEntry BoolAssgnmnt="02" Value="70"/>
<MapEntry BoolAssgnmnt="11" Value="15"/>
</AssgnmntListEntry>
<AssgnmntListEntry Length="2" RootTermCovItemId="C61">
<MapEntry BoolAssgnmnt="10" Value="10"/>
<MapEntry BoolAssgnmnt="02" Value="69"/>
<MapEntry BoolAssgnmnt="11" Value="15"/>
</AssgnmntListEntry>
<AssgnmntListEntry Length="2" RootTermCovItemId="C62">
<MapEntry BoolAssgnmnt="10" Value="9"/>
<MapEntry BoolAssgnmnt="02" Value="55"/>
<MapEntry BoolAssgnmnt="11" Value="15"/>
</AssgnmntListEntry>
<AssgnmntListEntry Length="1" RootTermCovItemId="C63">
<MapEntry BoolAssgnmnt="0" Value="55"/>
<MapEntry BoolAssgnmnt="1" Value="9"/>
</AssgnmntListEntry>
<AssgnmntListEntry Length="1" RootTermCovItemId="C64">
<MapEntry BoolAssgnmnt="0" Value="219"/>
<MapEntry BoolAssgnmnt="1" Value="95"/>
</AssgnmntListEntry>
<AssgnmntListEntry Length="2" RootTermCovItemId="C65">
<MapEntry BoolAssgnmnt="10" Value="24"/>
<MapEntry BoolAssgnmnt="02" Value="56"/>
<MapEntry BoolAssgnmnt="11" Value="15"/>
</AssgnmntListEntry>
<AssgnmntListEntry Length="2" RootTermCovItemId="C66">
<MapEntry BoolAssgnmnt="10" Value="10"/>
<MapEntry BoolAssgnmnt="02" Value="55"/>
<MapEntry BoolAssgnmnt="11" Value="15"/>
</AssgnmntListEntry>
<AssgnmntListEntry Length="2" RootTermCovItemId="C67">
<MapEntry BoolAssgnmnt="10" Value="9"/>
<MapEntry BoolAssgnmnt="02" Value="41"/>
<MapEntry BoolAssgnmnt="11" Value="15"/>
</AssgnmntListEntry>
<AssgnmntListEntry Length="1" RootTermCovItemId="C68">
<MapEntry BoolAssgnmnt="0" Value="41"/>
<MapEntry BoolAssgnmnt="1" Value="9"/>
</AssgnmntListEntry>
<AssgnmntListEntry Length="1" RootTermCovItemId="C69">
<MapEntry BoolAssgnmnt="0" Value="219"/>
</AssgnmntListEntry>
<AssgnmntListEntry Length="1" RootTermCovItemId="C73">
<MapEntry BoolAssgnmnt="0" Value="219"/>
</AssgnmntListEntry>
</AssgnmntPrefix>
</AssgnmntList>
<ObjMetaDataList/>
<MetaDataList/>
</TestCase>
<TestCase Comment="" Date="1386063802803" Name="com.Testing.AnalyzeTest:testCountDownToPanic">
<CovList>
<CovPrefix CovItemPrefix="com.OriginalFiles.Analyze.java">
<Cov CovItemId="B1" Value="18"/>
<Cov CovItemId="B10" Value="18"/>
<Cov CovItemId="B107" Value="33"/>
<Cov CovItemId="B108" Value="75"/>
<Cov CovItemId="B109" Value="8"/>
<Cov CovItemId="B11" Value="18"/>
<Cov CovItemId="B110" Value="67"/>
<Cov CovItemId="B111" Value="11"/>
<Cov CovItemId="B112" Value="56"/>
<Cov CovItemId="B114" Value="56"/>
<Cov CovItemId="B115" Value="36"/>
<Cov CovItemId="B120" Value="72"/>
<Cov CovItemId="B121" Value="2232"/>
<Cov CovItemId="B122" Value="36"/>
<Cov CovItemId="B123" Value="36"/>
<Cov CovItemId="B124" Value="36"/>
<Cov CovItemId="B126" Value="36"/>
<Cov CovItemId="B127" Value="36"/>
<Cov CovItemId="B128" Value="36"/>
<Cov CovItemId="B13" Value="11"/>
<Cov CovItemId="B131" Value="36"/>
<Cov CovItemId="B133" Value="36"/>
<Cov CovItemId="B134" Value="36"/>
<Cov CovItemId="B136" Value="22"/>
<Cov CovItemId="B137" Value="14"/>
<Cov CovItemId="B139" Value="22"/>
<Cov CovItemId="B14" Value="7"/>
<Cov CovItemId="B157" Value="44"/>
<Cov CovItemId="B16" Value="11"/>
<Cov CovItemId="B17" Value="11"/>
<Cov CovItemId="B19" Value="7"/>
<Cov CovItemId="B20" Value="11"/>
<Cov CovItemId="B21" Value="3"/>
<Cov CovItemId="B22" Value="4"/>
<Cov CovItemId="B23" Value="3"/>
<Cov CovItemId="B24" Value="1"/>
<Cov CovItemId="B26" Value="11"/>
<Cov CovItemId="B3" Value="18"/>
<Cov CovItemId="B31" Value="11"/>
<Cov CovItemId="B33" Value="11"/>
<Cov CovItemId="B35" Value="6"/>
<Cov CovItemId="B36" Value="5"/>
<Cov CovItemId="B37" Value="6"/>
<Cov CovItemId="B40" Value="5"/>
<Cov CovItemId="B43" Value="5"/>
<Cov CovItemId="B46" Value="5"/>
<Cov CovItemId="B49" Value="5"/>
<Cov CovItemId="B5" Value="1"/>
<Cov CovItemId="B51" Value="5"/>
<Cov CovItemId="B53" Value="11"/>
<Cov CovItemId="B55" Value="11"/>
<Cov CovItemId="B57" Value="11"/>
<Cov CovItemId="B59" Value="11"/>
<Cov CovItemId="B6" Value="17"/>
<Cov CovItemId="B61" Value="33"/>
<Cov CovItemId="B62" Value="11"/>
<Cov CovItemId="B64" Value="44"/>
<Cov CovItemId="B7" Value="36"/>
<Cov CovItemId="B8" Value="1116"/>
<Cov CovItemId="B84" Value="11"/>
<Cov CovItemId="B9" Value="18"/>
<Cov CovItemId="B96" Value="18"/>
<Cov CovItemId="L1-2" Value="18"/>
<Cov CovItemId="L16-2" Value="36"/>
<Cov CovItemId="L17-2" Value="288"/>
<Cov CovItemId="L2-2" Value="144"/>
<Cov CovItemId="L3-1" Value="18"/>
<Cov CovItemId="L4-2" Value="11"/>
<Cov CovItemId="S10" Value="18"/>
<Cov CovItemId="S11" Value="18"/>
<Cov CovItemId="S12" Value="18"/>
<Cov CovItemId="S13" Value="18"/>
<Cov CovItemId="S14" Value="18"/>
<Cov CovItemId="S149" Value="11"/>
<Cov CovItemId="S15" Value="18"/>
<Cov CovItemId="S168" Value="18"/>
<Cov CovItemId="S17" Value="18"/>
<Cov CovItemId="S18" Value="18"/>
<Cov CovItemId="S19" Value="1"/>
<Cov CovItemId="S199" Value="108"/>
<Cov CovItemId="S20" Value="1"/>
<Cov CovItemId="S200" Value="108"/>
<Cov CovItemId="S201" Value="108"/>
<Cov CovItemId="S202" Value="108"/>
<Cov CovItemId="S203" Value="108"/>
<Cov CovItemId="S204" Value="33"/>
<Cov CovItemId="S205" Value="75"/>
<Cov CovItemId="S206" Value="8"/>
<Cov CovItemId="S207" Value="67"/>
<Cov CovItemId="S208" Value="11"/>
<Cov CovItemId="S209" Value="56"/>
<Cov CovItemId="S21" Value="18"/>
<Cov CovItemId="S211" Value="56"/>
<Cov CovItemId="S212" Value="36"/>
<Cov CovItemId="S213" Value="36"/>
<Cov CovItemId="S22" Value="18"/>
<Cov CovItemId="S221" Value="36"/>
<Cov CovItemId="S222" Value="36"/>
<Cov CovItemId="S223" Value="36"/>
<Cov CovItemId="S224" Value="36"/>
<Cov CovItemId="S225" Value="36"/>
<Cov CovItemId="S226" Value="36"/>
<Cov CovItemId="S227" Value="288"/>
<Cov CovItemId="S228" Value="2304"/>
<Cov CovItemId="S229" Value="72"/>
<Cov CovItemId="S23" Value="144"/>
<Cov CovItemId="S230" Value="36"/>
<Cov CovItemId="S231" Value="36"/>
<Cov CovItemId="S232" Value="36"/>
<Cov CovItemId="S233" Value="72"/>
<Cov CovItemId="S234" Value="36"/>
<Cov CovItemId="S235" Value="36"/>
<Cov CovItemId="S236" Value="36"/>
<Cov CovItemId="S237" Value="36"/>
<Cov CovItemId="S239" Value="36"/>
<Cov CovItemId="S24" Value="1152"/>
<Cov CovItemId="S241" Value="36"/>
<Cov CovItemId="S242" Value="36"/>
<Cov CovItemId="S243" Value="22"/>
<Cov CovItemId="S244" Value="22"/>
<Cov CovItemId="S245" Value="22"/>
<Cov CovItemId="S25" Value="36"/>
<Cov CovItemId="S250" Value="36"/>
<Cov CovItemId="S26" Value="18"/>
<Cov CovItemId="S267" Value="44"/>
<Cov CovItemId="S269" Value="44"/>
<Cov CovItemId="S27" Value="18"/>
<Cov CovItemId="S28" Value="18"/>
<Cov CovItemId="S29" Value="18"/>
<Cov CovItemId="S30" Value="18"/>
<Cov CovItemId="S31" Value="18"/>
<Cov CovItemId="S32" Value="18"/>
<Cov CovItemId="S33" Value="18"/>
<Cov CovItemId="S34" Value="18"/>
<Cov CovItemId="S35" Value="11"/>
<Cov CovItemId="S37" Value="11"/>
<Cov CovItemId="S38" Value="11"/>
<Cov CovItemId="S39" Value="7"/>
<Cov CovItemId="S40" Value="18"/>
<Cov CovItemId="S41" Value="7"/>
<Cov CovItemId="S42" Value="3"/>
<Cov CovItemId="S43" Value="3"/>
<Cov CovItemId="S44" Value="3"/>
<Cov CovItemId="S45" Value="4"/>
<Cov CovItemId="S46" Value="3"/>
<Cov CovItemId="S47" Value="3"/>
<Cov CovItemId="S48" Value="3"/>
<Cov CovItemId="S49" Value="3"/>
<Cov CovItemId="S50" Value="1"/>
<Cov CovItemId="S51" Value="11"/>
<Cov CovItemId="S52" Value="11"/>
<Cov CovItemId="S57" Value="11"/>
<Cov CovItemId="S58" Value="11"/>
<Cov CovItemId="S59" Value="11"/>
<Cov CovItemId="S6" Value="18"/>
<Cov CovItemId="S60" Value="11"/>
<Cov CovItemId="S61" Value="11"/>
<Cov CovItemId="S62" Value="6"/>
<Cov CovItemId="S63" Value="6"/>
<Cov CovItemId="S64" Value="6"/>
<Cov CovItemId="S66" Value="5"/>
<Cov CovItemId="S7" Value="18"/>
<Cov CovItemId="S71" Value="5"/>
<Cov CovItemId="S72" Value="5"/>
<Cov CovItemId="S77" Value="5"/>
<Cov CovItemId="S78" Value="5"/>
<Cov CovItemId="S79" Value="5"/>
<Cov CovItemId="S8" Value="18"/>
<Cov CovItemId="S80" Value="5"/>
<Cov CovItemId="S83" Value="11"/>
<Cov CovItemId="S84" Value="11"/>
<Cov CovItemId="S85" Value="11"/>
<Cov CovItemId="S86" Value="11"/>
<Cov CovItemId="S87" Value="11"/>
<Cov CovItemId="S88" Value="11"/>
<Cov CovItemId="S89" Value="11"/>
<Cov CovItemId="S9" Value="18"/>
<Cov CovItemId="S90" Value="11"/>
<Cov CovItemId="S91" Value="11"/>
<Cov CovItemId="S92" Value="11"/>
<Cov CovItemId="S93" Value="11"/>
<Cov CovItemId="S94" Value="44"/>
<Cov CovItemId="S95" Value="33"/>
<Cov CovItemId="S96" Value="44"/>
<Cov CovItemId="S98" Value="11"/>
</CovPrefix>
<CovPrefix CovItemPrefix="com.OriginalFiles.Board.java">
<Cov CovItemId="B28" Value="33"/>
<Cov CovItemId="B31" Value="11"/>
<Cov CovItemId="B33" Value="11"/>
<Cov CovItemId="B36" Value="11"/>
<Cov CovItemId="B37" Value="11"/>
<Cov CovItemId="B39" Value="44"/>
<Cov CovItemId="B41" Value="494"/>
<Cov CovItemId="B44" Value="146"/>
<Cov CovItemId="B45" Value="146"/>
<Cov CovItemId="B47" Value="146"/>
<Cov CovItemId="B49" Value="88"/>
<Cov CovItemId="B50" Value="58"/>
<Cov CovItemId="B51" Value="88"/>
<Cov CovItemId="B53" Value="88"/>
<Cov CovItemId="B55" Value="116"/>
<Cov CovItemId="B56" Value="468"/>
<Cov CovItemId="B57" Value="424"/>
<Cov CovItemId="B58" Value="44"/>
<Cov CovItemId="B59" Value="424"/>
<Cov CovItemId="B62" Value="424"/>
<Cov CovItemId="B63" Value="2336"/>
<Cov CovItemId="B64" Value="2336"/>
<Cov CovItemId="B65" Value="146"/>
<Cov CovItemId="B66" Value="2190"/>
<Cov CovItemId="B67" Value="73"/>
<Cov CovItemId="B68" Value="73"/>
<Cov CovItemId="B71" Value="4"/>
<Cov CovItemId="B72" Value="4"/>
<Cov CovItemId="B73" Value="16"/>
<Cov CovItemId="B74" Value="16"/>
<Cov CovItemId="B75" Value="16"/>
<Cov CovItemId="B76" Value="16"/>
<Cov CovItemId="B77" Value="30"/>
<Cov CovItemId="B78" Value="2"/>
<Cov CovItemId="B79" Value="794"/>
<Cov CovItemId="B81" Value="337"/>
<Cov CovItemId="B82" Value="457"/>
<Cov CovItemId="B83" Value="141"/>
<Cov CovItemId="B84" Value="320"/>
<Cov CovItemId="B85" Value="97"/>
<Cov CovItemId="B86" Value="223"/>
<Cov CovItemId="L10-2" Value="1168"/>
<Cov CovItemId="L11-1" Value="18"/>
<Cov CovItemId="L12-0" Value="18"/>
<Cov CovItemId="L13-2" Value="73"/>
<Cov CovItemId="L14-2" Value="584"/>
<Cov CovItemId="L15-2" Value="1"/>
<Cov CovItemId="L16-2" Value="4"/>
<Cov CovItemId="L17-2" Value="4"/>
<Cov CovItemId="L9-2" Value="146"/>
<Cov CovItemId="S100" Value="11"/>
<Cov CovItemId="S102" Value="11"/>
<Cov CovItemId="S104" Value="11"/>
<Cov CovItemId="S105" Value="11"/>
<Cov CovItemId="S106" Value="11"/>
<Cov CovItemId="S107" Value="11"/>
<Cov CovItemId="S108" Value="11"/>
<Cov CovItemId="S109" Value="11"/>
<Cov CovItemId="S110" Value="26"/>
<Cov CovItemId="S111" Value="44"/>
<Cov CovItemId="S112" Value="44"/>
<Cov CovItemId="S113" Value="44"/>
<Cov CovItemId="S115" Value="494"/>
<Cov CovItemId="S116" Value="494"/>
<Cov CovItemId="S118" Value="146"/>
<Cov CovItemId="S119" Value="146"/>
<Cov CovItemId="S121" Value="146"/>
<Cov CovItemId="S122" Value="146"/>
<Cov CovItemId="S123" Value="146"/>
<Cov CovItemId="S124" Value="146"/>
<Cov CovItemId="S125" Value="146"/>
<Cov CovItemId="S126" Value="146"/>
<Cov CovItemId="S127" Value="146"/>
<Cov CovItemId="S128" Value="146"/>
<Cov CovItemId="S129" Value="88"/>
<Cov CovItemId="S130" Value="88"/>
<Cov CovItemId="S131" Value="88"/>
<Cov CovItemId="S132" Value="88"/>
<Cov CovItemId="S133" Value="146"/>
<Cov CovItemId="S134" Value="146"/>
<Cov CovItemId="S135" Value="584"/>
<Cov CovItemId="S136" Value="116"/>
<Cov CovItemId="S137" Value="468"/>
<Cov CovItemId="S138" Value="424"/>
<Cov CovItemId="S139" Value="424"/>
<Cov CovItemId="S141" Value="468"/>
<Cov CovItemId="S142" Value="584"/>
<Cov CovItemId="S143" Value="73"/>
<Cov CovItemId="S144" Value="73"/>
<Cov CovItemId="S145" Value="584"/>
<Cov CovItemId="S146" Value="4672"/>
<Cov CovItemId="S147" Value="2336"/>
<Cov CovItemId="S148" Value="146"/>
<Cov CovItemId="S149" Value="73"/>
<Cov CovItemId="S150" Value="73"/>
<Cov CovItemId="S151" Value="73"/>
<Cov CovItemId="S157" Value="1"/>
<Cov CovItemId="S158" Value="1"/>
<Cov CovItemId="S159" Value="8"/>
<Cov CovItemId="S160" Value="4"/>
<Cov CovItemId="S161" Value="32"/>
<Cov CovItemId="S162" Value="16"/>
<Cov CovItemId="S163" Value="4"/>
<Cov CovItemId="S164" Value="4"/>
<Cov CovItemId="S165" Value="32"/>
<Cov CovItemId="S166" Value="16"/>
<Cov CovItemId="S167" Value="4"/>
<Cov CovItemId="S168" Value="1"/>
<Cov CovItemId="S169" Value="32"/>
<Cov CovItemId="S170" Value="32"/>
<Cov CovItemId="S171" Value="30"/>
<Cov CovItemId="S172" Value="2"/>
<Cov CovItemId="S173" Value="2"/>
<Cov CovItemId="S174" Value="2"/>
<Cov CovItemId="S175" Value="2"/>
<Cov CovItemId="S176" Value="794"/>
<Cov CovItemId="S177" Value="794"/>
<Cov CovItemId="S178" Value="337"/>
<Cov CovItemId="S179" Value="457"/>
<Cov CovItemId="S180" Value="461"/>
<Cov CovItemId="S181" Value="141"/>
<Cov CovItemId="S182" Value="320"/>
<Cov CovItemId="S183" Value="97"/>
<Cov CovItemId="S184" Value="223"/>
<Cov CovItemId="S185" Value="1972"/>
<Cov CovItemId="S61" Value="146"/>
<Cov CovItemId="S62" Value="1168"/>
<Cov CovItemId="S63" Value="9344"/>
<Cov CovItemId="S64" Value="18"/>
<Cov CovItemId="S65" Value="18"/>
<Cov CovItemId="S66" Value="18"/>
<Cov CovItemId="S67" Value="18"/>
<Cov CovItemId="S68" Value="18"/>
<Cov CovItemId="S76" Value="18"/>
<Cov CovItemId="S77" Value="18"/>
<Cov CovItemId="S94" Value="33"/>
<Cov CovItemId="S97" Value="33"/>
<Cov CovItemId="S98" Value="11"/>
<Cov CovItemId="S99" Value="11"/>
</CovPrefix>
<CovPrefix CovItemPrefix="com.OriginalFiles.Field.java">
<Cov CovItemId="B1" Value="49"/>
<Cov CovItemId="B2" Value="38"/>
<Cov CovItemId="S1" Value="88"/>
<Cov CovItemId="S13" Value="203"/>
<Cov CovItemId="S2" Value="88"/>
<Cov CovItemId="S5" Value="87"/>
<Cov CovItemId="S6" Value="87"/>
<Cov CovItemId="S7" Value="49"/>
<Cov CovItemId="S8" Value="3692"/>
<Cov CovItemId="S9" Value="4842"/>
</CovPrefix>
<CovPrefix CovItemPrefix="com.OriginalFiles.Piece.java">
<Cov CovItemId="B1" Value="13"/>
<Cov CovItemId="B10" Value="23"/>
<Cov CovItemId="B11" Value="45"/>
<Cov CovItemId="B12" Value="8"/>
<Cov CovItemId="B13" Value="13"/>
<Cov CovItemId="B14" Value="32"/>
<Cov CovItemId="B15" Value="45"/>
<Cov CovItemId="B18" Value="45"/>
<Cov CovItemId="B2" Value="40"/>
<Cov CovItemId="B3" Value="10"/>
<Cov CovItemId="B34" Value="45"/>
<Cov CovItemId="B35" Value="8"/>
<Cov CovItemId="B36" Value="37"/>
<Cov CovItemId="B37" Value="8"/>
<Cov CovItemId="B39" Value="13"/>
<Cov CovItemId="B4" Value="3"/>
<Cov CovItemId="B40" Value="32"/>
<Cov CovItemId="B5" Value="45"/>
<Cov CovItemId="B6" Value="8"/>
<Cov CovItemId="B9" Value="22"/>
<Cov CovItemId="S1" Value="38"/>
<Cov CovItemId="S10" Value="38"/>
<Cov CovItemId="S11" Value="38"/>
<Cov CovItemId="S12" Value="38"/>
<Cov CovItemId="S13" Value="38"/>
<Cov CovItemId="S14" Value="38"/>
<Cov CovItemId="S15" Value="38"/>
<Cov CovItemId="S16" Value="38"/>
<Cov CovItemId="S17" Value="38"/>
<Cov CovItemId="S18" Value="38"/>
<Cov CovItemId="S19" Value="38"/>
<Cov CovItemId="S2" Value="38"/>
<Cov CovItemId="S20" Value="38"/>
<Cov CovItemId="S21" Value="38"/>
<Cov CovItemId="S23" Value="176"/>
<Cov CovItemId="S24" Value="53"/>
<Cov CovItemId="S25" Value="53"/>
<Cov CovItemId="S26" Value="53"/>
<Cov CovItemId="S27" Value="13"/>
<Cov CovItemId="S28" Value="10"/>
<Cov CovItemId="S29" Value="13"/>
<Cov CovItemId="S3" Value="38"/>
<Cov CovItemId="S30" Value="40"/>
<Cov CovItemId="S31" Value="53"/>
<Cov CovItemId="S32" Value="53"/>
<Cov CovItemId="S33" Value="45"/>
<Cov CovItemId="S34" Value="8"/>
<Cov CovItemId="S35" Value="8"/>
<Cov CovItemId="S39" Value="45"/>
<Cov CovItemId="S4" Value="38"/>
<Cov CovItemId="S40" Value="22"/>
<Cov CovItemId="S41" Value="23"/>
<Cov CovItemId="S42" Value="53"/>
<Cov CovItemId="S43" Value="53"/>
<Cov CovItemId="S44" Value="45"/>
<Cov CovItemId="S45" Value="45"/>
<Cov CovItemId="S46" Value="45"/>
<Cov CovItemId="S47" Value="13"/>
<Cov CovItemId="S48" Value="45"/>
<Cov CovItemId="S49" Value="45"/>
<Cov CovItemId="S5" Value="38"/>
<Cov CovItemId="S50" Value="45"/>
<Cov CovItemId="S6" Value="38"/>
<Cov CovItemId="S65" Value="45"/>
<Cov CovItemId="S67" Value="45"/>
<Cov CovItemId="S68" Value="8"/>
<Cov CovItemId="S69" Value="8"/>
<Cov CovItemId="S7" Value="38"/>
<Cov CovItemId="S70" Value="8"/>
<Cov CovItemId="S71" Value="45"/>
<Cov CovItemId="S72" Value="13"/>
<Cov CovItemId="S73" Value="45"/>
<Cov CovItemId="S8" Value="38"/>
<Cov CovItemId="S9" Value="38"/>
</CovPrefix>
<CovPrefix CovItemPrefix="com.OriginalFiles.RemoteNXTFunctions.java">
<Cov CovItemId="B104" Value="37"/>
<Cov CovItemId="B114" Value="37"/>
<Cov CovItemId="B124" Value="37"/>
<Cov CovItemId="B134" Value="37"/>
<Cov CovItemId="B142" Value="37"/>
<Cov CovItemId="B15" Value="12"/>
<Cov CovItemId="B16" Value="64"/>
<Cov CovItemId="B17" Value="6"/>
<Cov CovItemId="B18" Value="6"/>
<Cov CovItemId="B19" Value="6"/>
<Cov CovItemId="B23" Value="25"/>
<Cov CovItemId="B24" Value="51"/>
<Cov CovItemId="B25" Value="5"/>
<Cov CovItemId="B26" Value="20"/>
<Cov CovItemId="B27" Value="5"/>
<Cov CovItemId="B28" Value="15"/>
<Cov CovItemId="B30" Value="15"/>
<Cov CovItemId="B32" Value="76"/>
<Cov CovItemId="B40" Value="76"/>
<Cov CovItemId="B49" Value="39"/>
<Cov CovItemId="B5" Value="32"/>
<Cov CovItemId="B50" Value="37"/>
<Cov CovItemId="B51" Value="1"/>
<Cov CovItemId="B52" Value="38"/>
<Cov CovItemId="B53" Value="9"/>
<Cov CovItemId="B54" Value="29"/>
<Cov CovItemId="B56" Value="37"/>
<Cov CovItemId="B6" Value="76"/>
<Cov CovItemId="B62" Value="37"/>
<Cov CovItemId="B7" Value="32"/>
<Cov CovItemId="B70" Value="37"/>
<Cov CovItemId="B78" Value="37"/>
<Cov CovItemId="B86" Value="37"/>
<Cov CovItemId="B94" Value="37"/>
<Cov CovItemId="S100" Value="37"/>
<Cov CovItemId="S108" Value="37"/>
<Cov CovItemId="S118" Value="37"/>
<Cov CovItemId="S128" Value="37"/>
<Cov CovItemId="S138" Value="37"/>
<Cov CovItemId="S148" Value="37"/>
<Cov CovItemId="S156" Value="37"/>
<Cov CovItemId="S162" Value="108"/>
<Cov CovItemId="S19" Value="108"/>
<Cov CovItemId="S20" Value="108"/>
<Cov CovItemId="S21" Value="32"/>
<Cov CovItemId="S22" Value="32"/>
<Cov CovItemId="S30" Value="76"/>
<Cov CovItemId="S31" Value="12"/>
<Cov CovItemId="S32" Value="6"/>
<Cov CovItemId="S33" Value="6"/>
<Cov CovItemId="S34" Value="6"/>
<Cov CovItemId="S38" Value="76"/>
<Cov CovItemId="S39" Value="25"/>
<Cov CovItemId="S4" Value="4"/>
<Cov CovItemId="S40" Value="5"/>
<Cov CovItemId="S41" Value="20"/>
<Cov CovItemId="S42" Value="5"/>
<Cov CovItemId="S43" Value="15"/>
<Cov CovItemId="S45" Value="15"/>
<Cov CovItemId="S46" Value="76"/>
<Cov CovItemId="S54" Value="76"/>
<Cov CovItemId="S64" Value="76"/>
<Cov CovItemId="S65" Value="39"/>
<Cov CovItemId="S66" Value="1"/>
<Cov CovItemId="S67" Value="38"/>
<Cov CovItemId="S68" Value="9"/>
<Cov CovItemId="S69" Value="29"/>
<Cov CovItemId="S70" Value="37"/>
<Cov CovItemId="S76" Value="37"/>
<Cov CovItemId="S84" Value="37"/>
<Cov CovItemId="S92" Value="37"/>
</CovPrefix>
</CovList>
<AssgnmntList>
<AssgnmntPrefix RootTermCovItemPrefix="com.OriginalFiles.Analyze.java">
<AssgnmntListEntry Length="1" RootTermCovItemId="C1">
<MapEntry BoolAssgnmnt="0" Value="18"/>
</AssgnmntListEntry>
<AssgnmntListEntry Length="1" RootTermCovItemId="C10">
<MapEntry BoolAssgnmnt="0" Value="7"/>
<MapEntry BoolAssgnmnt="1" Value="11"/>
</AssgnmntListEntry>
<AssgnmntListEntry Length="1" RootTermCovItemId="C11">
<MapEntry BoolAssgnmnt="0" Value="4"/>
<MapEntry BoolAssgnmnt="1" Value="3"/>
</AssgnmntListEntry>
<AssgnmntListEntry Length="1" RootTermCovItemId="C12">
<MapEntry BoolAssgnmnt="0" Value="1"/>
<MapEntry BoolAssgnmnt="1" Value="3"/>
</AssgnmntListEntry>
<AssgnmntListEntry Length="1" RootTermCovItemId="C13">
<MapEntry BoolAssgnmnt="0" Value="11"/>
</AssgnmntListEntry>
<AssgnmntListEntry Length="1" RootTermCovItemId="C16">
<MapEntry BoolAssgnmnt="1" Value="11"/>
</AssgnmntListEntry>
<AssgnmntListEntry Length="1" RootTermCovItemId="C17">
<MapEntry BoolAssgnmnt="1" Value="11"/>
</AssgnmntListEntry>
<AssgnmntListEntry Length="1" RootTermCovItemId="C18">
<MapEntry BoolAssgnmnt="0" Value="5"/>
<MapEntry BoolAssgnmnt="1" Value="6"/>
</AssgnmntListEntry>
<AssgnmntListEntry Length="1" RootTermCovItemId="C19">
<MapEntry BoolAssgnmnt="1" Value="6"/>
</AssgnmntListEntry>
<AssgnmntListEntry Length="1" RootTermCovItemId="C2">
<MapEntry BoolAssgnmnt="0" Value="18"/>
</AssgnmntListEntry>
<AssgnmntListEntry Length="1" RootTermCovItemId="C20">
<MapEntry BoolAssgnmnt="0" Value="5"/>
</AssgnmntListEntry>
<AssgnmntListEntry Length="1" RootTermCovItemId="C22">
<MapEntry BoolAssgnmnt="1" Value="5"/>
</AssgnmntListEntry>
<AssgnmntListEntry Length="1" RootTermCovItemId="C23">
<MapEntry BoolAssgnmnt="0" Value="5"/>
</AssgnmntListEntry>
<AssgnmntListEntry Length="1" RootTermCovItemId="C25">
<MapEntry BoolAssgnmnt="1" Value="5"/>
</AssgnmntListEntry>
<AssgnmntListEntry Length="1" RootTermCovItemId="C26">
<MapEntry BoolAssgnmnt="1" Value="5"/>
</AssgnmntListEntry>
<AssgnmntListEntry Length="1" RootTermCovItemId="C27">
<MapEntry BoolAssgnmnt="1" Value="11"/>
</AssgnmntListEntry>
<AssgnmntListEntry Length="1" RootTermCovItemId="C28">
<MapEntry BoolAssgnmnt="1" Value="11"/>
</AssgnmntListEntry>
<AssgnmntListEntry Length="1" RootTermCovItemId="C29">
<MapEntry BoolAssgnmnt="1" Value="11"/>
</AssgnmntListEntry>
<AssgnmntListEntry Length="1" RootTermCovItemId="C3">
<MapEntry BoolAssgnmnt="0" Value="17"/>
<MapEntry BoolAssgnmnt="1" Value="1"/>
</AssgnmntListEntry>
<AssgnmntListEntry Length="1" RootTermCovItemId="C30">
<MapEntry BoolAssgnmnt="1" Value="11"/>
</AssgnmntListEntry>
<AssgnmntListEntry Length="1" RootTermCovItemId="C31">
<MapEntry BoolAssgnmnt="0" Value="11"/>
<MapEntry BoolAssgnmnt="1" Value="44"/>
</AssgnmntListEntry>
<AssgnmntListEntry Length="2" RootTermCovItemId="C32">
<MapEntry BoolAssgnmnt="10" Value="11"/>
<MapEntry BoolAssgnmnt="02" Value="22"/>
<MapEntry BoolAssgnmnt="11" Value="11"/>
</AssgnmntListEntry>
<AssgnmntListEntry Length="1" RootTermCovItemId="C33">
<MapEntry BoolAssgnmnt="1" Value="44"/>
</AssgnmntListEntry>
<AssgnmntListEntry Length="1" RootTermCovItemId="C4">
<MapEntry BoolAssgnmnt="0" Value="36"/>
<MapEntry BoolAssgnmnt="1" Value="1116"/>
</AssgnmntListEntry>
<AssgnmntListEntry Length="1" RootTermCovItemId="C49">
<MapEntry BoolAssgnmnt="0" Value="11"/>
</AssgnmntListEntry>
<AssgnmntListEntry Length="2" RootTermCovItemId="C5">
<MapEntry BoolAssgnmnt="10" Value="18"/>
<MapEntry BoolAssgnmnt="11" Value="18"/>
</AssgnmntListEntry>
<AssgnmntListEntry Length="1" RootTermCovItemId="C56">
<MapEntry BoolAssgnmnt="0" Value="18"/>
</AssgnmntListEntry>
<AssgnmntListEntry Length="1" RootTermCovItemId="C6">
<MapEntry BoolAssgnmnt="1" Value="18"/>
</AssgnmntListEntry>
<AssgnmntListEntry Length="6" RootTermCovItemId="C66">
<MapEntry BoolAssgnmnt="110222" Value="8"/>
<MapEntry BoolAssgnmnt="022222" Value="67"/>
<MapEntry BoolAssgnmnt="111111" Value="33"/>
</AssgnmntListEntry>
<AssgnmntListEntry Length="6" RootTermCovItemId="C67">
<MapEntry BoolAssgnmnt="022222" Value="67"/>
<MapEntry BoolAssgnmnt="111111" Value="8"/>
</AssgnmntListEntry>
<AssgnmntListEntry Length="6" RootTermCovItemId="C68">
<MapEntry BoolAssgnmnt="102222" Value="56"/>
<MapEntry BoolAssgnmnt="111111" Value="11"/>
</AssgnmntListEntry>
<AssgnmntListEntry Length="6" RootTermCovItemId="C69">
<MapEntry BoolAssgnmnt="102222" Value="56"/>
</AssgnmntListEntry>
<AssgnmntListEntry Length="1" RootTermCovItemId="C7">
<MapEntry BoolAssgnmnt="0" Value="7"/>
<MapEntry BoolAssgnmnt="1" Value="11"/>
</AssgnmntListEntry>
<AssgnmntListEntry Length="1" RootTermCovItemId="C70">
<MapEntry BoolAssgnmnt="0" Value="72"/>
<MapEntry BoolAssgnmnt="1" Value="2232"/>
</AssgnmntListEntry>
<AssgnmntListEntry Length="1" RootTermCovItemId="C71">
<MapEntry BoolAssgnmnt="0" Value="36"/>
<MapEntry BoolAssgnmnt="1" Value="36"/>
</AssgnmntListEntry>
<AssgnmntListEntry Length="1" RootTermCovItemId="C72">
<MapEntry BoolAssgnmnt="1" Value="36"/>
</AssgnmntListEntry>
<AssgnmntListEntry Length="1" RootTermCovItemId="C73">
<MapEntry BoolAssgnmnt="0" Value="36"/>
<MapEntry BoolAssgnmnt="1" Value="36"/>
</AssgnmntListEntry>
<AssgnmntListEntry Length="1" RootTermCovItemId="C74">
<MapEntry BoolAssgnmnt="1" Value="36"/>
</AssgnmntListEntry>
<AssgnmntListEntry Length="3" RootTermCovItemId="C75">
<MapEntry BoolAssgnmnt="012" Value="18"/>
<MapEntry BoolAssgnmnt="001" Value="18"/>
</AssgnmntListEntry>
<AssgnmntListEntry Length="3" RootTermCovItemId="C76">
<MapEntry BoolAssgnmnt="011" Value="18"/>
<MapEntry BoolAssgnmnt="002" Value="18"/>
</AssgnmntListEntry>
<AssgnmntListEntry Length="2" RootTermCovItemId="C77">
<MapEntry BoolAssgnmnt="11" Value="36"/>
</AssgnmntListEntry>
<AssgnmntListEntry Length="2" RootTermCovItemId="C78">
<MapEntry BoolAssgnmnt="02" Value="14"/>
<MapEntry BoolAssgnmnt="11" Value="22"/>
</AssgnmntListEntry>
<AssgnmntListEntry Length="2" RootTermCovItemId="C79">
<MapEntry BoolAssgnmnt="00" Value="22"/>
</AssgnmntListEntry>
<AssgnmntListEntry Length="2" RootTermCovItemId="C8">
<MapEntry BoolAssgnmnt="02" Value="11"/>
</AssgnmntListEntry>
<AssgnmntListEntry Length="1" RootTermCovItemId="C9">
<MapEntry BoolAssgnmnt="1" Value="11"/>
</AssgnmntListEntry>
<AssgnmntListEntry Length="8" RootTermCovItemId="C90">
<MapEntry BoolAssgnmnt="02020202" Value="44"/>
</AssgnmntListEntry>
</AssgnmntPrefix>
<AssgnmntPrefix RootTermCovItemPrefix="com.OriginalFiles.Board.java">
<AssgnmntListEntry Length="1" RootTermCovItemId="C14">
<MapEntry BoolAssgnmnt="0" Value="18"/>
<MapEntry BoolAssgnmnt="1" Value="18"/>
</AssgnmntListEntry>
<AssgnmntListEntry Length="1" RootTermCovItemId="C15">
<MapEntry BoolAssgnmnt="0" Value="18"/>
</AssgnmntListEntry>
<AssgnmntListEntry Length="1" RootTermCovItemId="C24">
<MapEntry BoolAssgnmnt="0" Value="33"/>
</AssgnmntListEntry>
<AssgnmntListEntry Length="1" RootTermCovItemId="C26">
<MapEntry BoolAssgnmnt="0" Value="11"/>
</AssgnmntListEntry>
<AssgnmntListEntry Length="1" RootTermCovItemId="C27">
<MapEntry BoolAssgnmnt="1" Value="11"/>
</AssgnmntListEntry>
<AssgnmntListEntry Length="2" RootTermCovItemId="C28">
<MapEntry BoolAssgnmnt="02" Value="11"/>
</AssgnmntListEntry>
<AssgnmntListEntry Length="1" RootTermCovItemId="C29">
<MapEntry BoolAssgnmnt="1" Value="11"/>
</AssgnmntListEntry>
<AssgnmntListEntry Length="1" RootTermCovItemId="C30">
<MapEntry BoolAssgnmnt="1" Value="44"/>
</AssgnmntListEntry>
<AssgnmntListEntry Length="1" RootTermCovItemId="C31">
<MapEntry BoolAssgnmnt="1" Value="494"/>
</AssgnmntListEntry>
<AssgnmntListEntry Length="1" RootTermCovItemId="C32">
<MapEntry BoolAssgnmnt="0" Value="146"/>
</AssgnmntListEntry>
<AssgnmntListEntry Length="1" RootTermCovItemId="C33">
<MapEntry BoolAssgnmnt="0" Value="146"/>
</AssgnmntListEntry>
<AssgnmntListEntry Length="1" RootTermCovItemId="C34">
<MapEntry BoolAssgnmnt="0" Value="146"/>
</AssgnmntListEntry>
<AssgnmntListEntry Length="1" RootTermCovItemId="C35">
<MapEntry BoolAssgnmnt="0" Value="58"/>
<MapEntry BoolAssgnmnt="1" Value="88"/>
</AssgnmntListEntry>
<AssgnmntListEntry Length="1" RootTermCovItemId="C36">
<MapEntry BoolAssgnmnt="0" Value="88"/>
</AssgnmntListEntry>
<AssgnmntListEntry Length="1" RootTermCovItemId="C37">
<MapEntry BoolAssgnmnt="0" Value="88"/>
</AssgnmntListEntry>
<AssgnmntListEntry Length="5" RootTermCovItemId="C38">
<MapEntry BoolAssgnmnt="02002" Value="146"/>
<MapEntry BoolAssgnmnt="10122" Value="146"/>
<MapEntry BoolAssgnmnt="11221" Value="88"/>
<MapEntry BoolAssgnmnt="11220" Value="58"/>
<MapEntry BoolAssgnmnt="02010" Value="58"/>
<MapEntry BoolAssgnmnt="02011" Value="88"/>
</AssgnmntListEntry>
<AssgnmntListEntry Length="1" RootTermCovItemId="C39">
<MapEntry BoolAssgnmnt="0" Value="44"/>
<MapEntry BoolAssgnmnt="1" Value="424"/>
</AssgnmntListEntry>
<AssgnmntListEntry Length="1" RootTermCovItemId="C40">
<MapEntry BoolAssgnmnt="0" Value="424"/>
</AssgnmntListEntry>
<AssgnmntListEntry Length="2" RootTermCovItemId="C41">
<MapEntry BoolAssgnmnt="02" Value="424"/>
</AssgnmntListEntry>
<AssgnmntListEntry Length="1" RootTermCovItemId="C42">
<MapEntry BoolAssgnmnt="0" Value="2336"/>
<MapEntry BoolAssgnmnt="1" Value="2336"/>
</AssgnmntListEntry>
<AssgnmntListEntry Length="1" RootTermCovItemId="C43">
<MapEntry BoolAssgnmnt="0" Value="2190"/>
<MapEntry BoolAssgnmnt="1" Value="146"/>
</AssgnmntListEntry>
<AssgnmntListEntry Length="1" RootTermCovItemId="C44">
<MapEntry BoolAssgnmnt="0" Value="73"/>
<MapEntry BoolAssgnmnt="1" Value="73"/>
</AssgnmntListEntry>
<AssgnmntListEntry Length="1" RootTermCovItemId="C46">
<MapEntry BoolAssgnmnt="0" Value="1"/>
<MapEntry BoolAssgnmnt="1" Value="8"/>
</AssgnmntListEntry>
<AssgnmntListEntry Length="1" RootTermCovItemId="C47">
<MapEntry BoolAssgnmnt="0" Value="4"/>
<MapEntry BoolAssgnmnt="1" Value="4"/>
</AssgnmntListEntry>
<AssgnmntListEntry Length="1" RootTermCovItemId="C48">
<MapEntry BoolAssgnmnt="0" Value="4"/>
<MapEntry BoolAssgnmnt="1" Value="32"/>
</AssgnmntListEntry>
<AssgnmntListEntry Length="1" RootTermCovItemId="C49">
<MapEntry BoolAssgnmnt="0" Value="16"/>
<MapEntry BoolAssgnmnt="1" Value="16"/>
</AssgnmntListEntry>
<AssgnmntListEntry Length="1" RootTermCovItemId="C50">
<MapEntry BoolAssgnmnt="0" Value="4"/>
<MapEntry BoolAssgnmnt="1" Value="32"/>
</AssgnmntListEntry>
<AssgnmntListEntry Length="1" RootTermCovItemId="C51">
<MapEntry BoolAssgnmnt="0" Value="16"/>
<MapEntry BoolAssgnmnt="1" Value="16"/>
</AssgnmntListEntry>
<AssgnmntListEntry Length="1" RootTermCovItemId="C52">
<MapEntry BoolAssgnmnt="0" Value="2"/>
<MapEntry BoolAssgnmnt="1" Value="30"/>
</AssgnmntListEntry>
<AssgnmntListEntry Length="1" RootTermCovItemId="C53">
<MapEntry BoolAssgnmnt="1" Value="794"/>
</AssgnmntListEntry>
<AssgnmntListEntry Length="1" RootTermCovItemId="C54">
<MapEntry BoolAssgnmnt="0" Value="337"/>
<MapEntry BoolAssgnmnt="1" Value="457"/>
</AssgnmntListEntry>
<AssgnmntListEntry Length="3" RootTermCovItemId="C55">
<MapEntry BoolAssgnmnt="011" Value="35"/>
<MapEntry BoolAssgnmnt="010" Value="68"/>
<MapEntry BoolAssgnmnt="002" Value="234"/>
<MapEntry BoolAssgnmnt="120" Value="73"/>
<MapEntry BoolAssgnmnt="121" Value="51"/>
</AssgnmntListEntry>
<AssgnmntListEntry Length="3" RootTermCovItemId="C56">
<MapEntry BoolAssgnmnt="011" Value="46"/>
<MapEntry BoolAssgnmnt="010" Value="68"/>
<MapEntry BoolAssgnmnt="002" Value="86"/>
<MapEntry BoolAssgnmnt="120" Value="69"/>
<MapEntry BoolAssgnmnt="121" Value="51"/>
</AssgnmntListEntry>
</AssgnmntPrefix>
<AssgnmntPrefix RootTermCovItemPrefix="com.OriginalFiles.Field.java">
<AssgnmntListEntry Length="1" RootTermCovItemId="C1">
<MapEntry BoolAssgnmnt="0" Value="49"/>
<MapEntry BoolAssgnmnt="1" Value="38"/>
</AssgnmntListEntry>
</AssgnmntPrefix>
<AssgnmntPrefix RootTermCovItemPrefix="com.OriginalFiles.Piece.java">
<AssgnmntListEntry Length="2" RootTermCovItemId="C1">
<MapEntry BoolAssgnmnt="10" Value="32"/>
<MapEntry BoolAssgnmnt="02" Value="8"/>
<MapEntry BoolAssgnmnt="11" Value="13"/>
</AssgnmntListEntry>
<AssgnmntListEntry Length="5" RootTermCovItemId="C17">
<MapEntry BoolAssgnmnt="00210" Value="16"/>
<MapEntry BoolAssgnmnt="01002" Value="16"/>
<MapEntry BoolAssgnmnt="12222" Value="13"/>
</AssgnmntListEntry>
<AssgnmntListEntry Length="5" RootTermCovItemId="C18">
<MapEntry BoolAssgnmnt="00210" Value="12"/>
<MapEntry BoolAssgnmnt="00211" Value="4"/>
<MapEntry BoolAssgnmnt="01002" Value="12"/>
<MapEntry BoolAssgnmnt="12222" Value="13"/>
<MapEntry BoolAssgnmnt="01122" Value="4"/>
</AssgnmntListEntry>
<AssgnmntListEntry Length="1" RootTermCovItemId="C19">
<MapEntry BoolAssgnmnt="1" Value="8"/>
</AssgnmntListEntry>
<AssgnmntListEntry Length="2" RootTermCovItemId="C2">
<MapEntry BoolAssgnmnt="02" Value="3"/>
<MapEntry BoolAssgnmnt="11" Value="10"/>
</AssgnmntListEntry>
<AssgnmntListEntry Length="1" RootTermCovItemId="C20">
<MapEntry BoolAssgnmnt="0" Value="32"/>
<MapEntry BoolAssgnmnt="1" Value="13"/>
</AssgnmntListEntry>
<AssgnmntListEntry Length="1" RootTermCovItemId="C3">
<MapEntry BoolAssgnmnt="0" Value="8"/>
<MapEntry BoolAssgnmnt="1" Value="45"/>
</AssgnmntListEntry>
<AssgnmntListEntry Length="1" RootTermCovItemId="C5">
<MapEntry BoolAssgnmnt="0" Value="23"/>
<MapEntry BoolAssgnmnt="1" Value="22"/>
</AssgnmntListEntry>
<AssgnmntListEntry Length="1" RootTermCovItemId="C6">
<MapEntry BoolAssgnmnt="0" Value="8"/>
<MapEntry BoolAssgnmnt="1" Value="45"/>
</AssgnmntListEntry>
<AssgnmntListEntry Length="1" RootTermCovItemId="C7">
<MapEntry BoolAssgnmnt="0" Value="32"/>
<MapEntry BoolAssgnmnt="1" Value="13"/>
</AssgnmntListEntry>
<AssgnmntListEntry Length="1" RootTermCovItemId="C8">
<MapEntry BoolAssgnmnt="1" Value="45"/>
</AssgnmntListEntry>
<AssgnmntListEntry Length="1" RootTermCovItemId="C9">
<MapEntry BoolAssgnmnt="0" Value="45"/>
</AssgnmntListEntry>
</AssgnmntPrefix>
<AssgnmntPrefix RootTermCovItemPrefix="com.OriginalFiles.RemoteNXTFunctions.java">
<AssgnmntListEntry Length="1" RootTermCovItemId="C10">
<MapEntry BoolAssgnmnt="0" Value="64"/>
<MapEntry BoolAssgnmnt="1" Value="12"/>
</AssgnmntListEntry>
<AssgnmntListEntry Length="2" RootTermCovItemId="C11">
<MapEntry BoolAssgnmnt="02" Value="6"/>
<MapEntry BoolAssgnmnt="11" Value="6"/>
</AssgnmntListEntry>
<AssgnmntListEntry Length="2" RootTermCovItemId="C12">
<MapEntry BoolAssgnmnt="11" Value="6"/>
</AssgnmntListEntry>
<AssgnmntListEntry Length="1" RootTermCovItemId="C14">
<MapEntry BoolAssgnmnt="0" Value="51"/>
<MapEntry BoolAssgnmnt="1" Value="25"/>
</AssgnmntListEntry>
<AssgnmntListEntry Length="2" RootTermCovItemId="C15">
<MapEntry BoolAssgnmnt="10" Value="5"/>
<MapEntry BoolAssgnmnt="02" Value="15"/>
<MapEntry BoolAssgnmnt="11" Value="5"/>
</AssgnmntListEntry>
<AssgnmntListEntry Length="2" RootTermCovItemId="C16">
<MapEntry BoolAssgnmnt="02" Value="15"/>
<MapEntry BoolAssgnmnt="11" Value="5"/>
</AssgnmntListEntry>
<AssgnmntListEntry Length="1" RootTermCovItemId="C17">
<MapEntry BoolAssgnmnt="0" Value="15"/>
</AssgnmntListEntry>
<AssgnmntListEntry Length="1" RootTermCovItemId="C18">
<MapEntry BoolAssgnmnt="0" Value="76"/>
</AssgnmntListEntry>
<AssgnmntListEntry Length="1" RootTermCovItemId="C22">
<MapEntry BoolAssgnmnt="0" Value="76"/>
</AssgnmntListEntry>
<AssgnmntListEntry Length="1" RootTermCovItemId="C27">
<MapEntry BoolAssgnmnt="0" Value="37"/>
<MapEntry BoolAssgnmnt="1" Value="39"/>
</AssgnmntListEntry>
<AssgnmntListEntry Length="2" RootTermCovItemId="C28">
<MapEntry BoolAssgnmnt="10" Value="10"/>
<MapEntry BoolAssgnmnt="02" Value="28"/>
<MapEntry BoolAssgnmnt="11" Value="1"/>
</AssgnmntListEntry>
<AssgnmntListEntry Length="1" RootTermCovItemId="C29">
<MapEntry BoolAssgnmnt="0" Value="29"/>
<MapEntry BoolAssgnmnt="1" Value="9"/>
</AssgnmntListEntry>
<AssgnmntListEntry Length="1" RootTermCovItemId="C30">
<MapEntry BoolAssgnmnt="0" Value="37"/>
</AssgnmntListEntry>
<AssgnmntListEntry Length="1" RootTermCovItemId="C33">
<MapEntry BoolAssgnmnt="0" Value="37"/>
</AssgnmntListEntry>
<AssgnmntListEntry Length="1" RootTermCovItemId="C37">
<MapEntry BoolAssgnmnt="0" Value="37"/>
</AssgnmntListEntry>
<AssgnmntListEntry Length="1" RootTermCovItemId="C41">
<MapEntry BoolAssgnmnt="0" Value="37"/>
</AssgnmntListEntry>
<AssgnmntListEntry Length="1" RootTermCovItemId="C45">
<MapEntry BoolAssgnmnt="0" Value="37"/>
</AssgnmntListEntry>
<AssgnmntListEntry Length="1" RootTermCovItemId="C49">
<MapEntry BoolAssgnmnt="0" Value="37"/>
</AssgnmntListEntry>
<AssgnmntListEntry Length="1" RootTermCovItemId="C5">
<MapEntry BoolAssgnmnt="0" Value="76"/>
<MapEntry BoolAssgnmnt="1" Value="32"/>
</AssgnmntListEntry>
<AssgnmntListEntry Length="1" RootTermCovItemId="C54">
<MapEntry BoolAssgnmnt="0" Value="37"/>
</AssgnmntListEntry>
<AssgnmntListEntry Length="1" RootTermCovItemId="C59">
<MapEntry BoolAssgnmnt="0" Value="37"/>
</AssgnmntListEntry>
<AssgnmntListEntry Length="2" RootTermCovItemId="C6">
<MapEntry BoolAssgnmnt="11" Value="32"/>
</AssgnmntListEntry>
<AssgnmntListEntry Length="1" RootTermCovItemId="C64">
<MapEntry BoolAssgnmnt="0" Value="37"/>
</AssgnmntListEntry>
<AssgnmntListEntry Length="1" RootTermCovItemId="C69">
<MapEntry BoolAssgnmnt="0" Value="37"/>
</AssgnmntListEntry>
<AssgnmntListEntry Length="1" RootTermCovItemId="C73">
<MapEntry BoolAssgnmnt="0" Value="37"/>
</AssgnmntListEntry>
</AssgnmntPrefix>
</AssgnmntList>
<ObjMetaDataList/>
<MetaDataList/>
</TestCase>
<TestCase Comment="" Date="1386063802805" Name="com.Testing.AnalyzeTest:testGameHasEnded">
<CovList>
<CovPrefix CovItemPrefix="com.OriginalFiles.Analyze.java">
<Cov CovItemId="B107" Value="32"/>
<Cov CovItemId="B120" Value="144"/>
<Cov CovItemId="B121" Value="240"/>
<Cov CovItemId="B122" Value="72"/>
<Cov CovItemId="B123" Value="72"/>
<Cov CovItemId="B124" Value="16"/>
<Cov CovItemId="B125" Value="56"/>
<Cov CovItemId="B126" Value="72"/>
<Cov CovItemId="B127" Value="72"/>
<Cov CovItemId="B128" Value="16"/>
<Cov CovItemId="B129" Value="56"/>
<Cov CovItemId="B130" Value="2"/>
<Cov CovItemId="B131" Value="4"/>
<Cov CovItemId="B132" Value="2"/>
<Cov CovItemId="B133" Value="2"/>
<Cov CovItemId="B135" Value="2"/>
<Cov CovItemId="L16-2" Value="6"/>
<Cov CovItemId="L17-2" Value="48"/>
<Cov CovItemId="S199" Value="32"/>
<Cov CovItemId="S200" Value="32"/>
<Cov CovItemId="S201" Value="32"/>
<Cov CovItemId="S202" Value="32"/>
<Cov CovItemId="S203" Value="32"/>
<Cov CovItemId="S204" Value="32"/>
<Cov CovItemId="S221" Value="6"/>
<Cov CovItemId="S222" Value="6"/>
<Cov CovItemId="S223" Value="6"/>
<Cov CovItemId="S224" Value="6"/>
<Cov CovItemId="S225" Value="6"/>
<Cov CovItemId="S226" Value="6"/>
<Cov CovItemId="S227" Value="48"/>
<Cov CovItemId="S228" Value="384"/>
<Cov CovItemId="S229" Value="144"/>
<Cov CovItemId="S230" Value="72"/>
<Cov CovItemId="S231" Value="72"/>
<Cov CovItemId="S232" Value="16"/>
<Cov CovItemId="S233" Value="144"/>
<Cov CovItemId="S234" Value="72"/>
<Cov CovItemId="S235" Value="72"/>
<Cov CovItemId="S236" Value="16"/>
<Cov CovItemId="S237" Value="6"/>
<Cov CovItemId="S238" Value="2"/>
<Cov CovItemId="S239" Value="4"/>
<Cov CovItemId="S240" Value="2"/>
<Cov CovItemId="S241" Value="2"/>
<Cov CovItemId="S250" Value="2"/>
</CovPrefix>
<CovPrefix CovItemPrefix="com.OriginalFiles.Board.java">
<Cov CovItemId="B41" Value="224"/>
<Cov CovItemId="B42" Value="64"/>
<Cov CovItemId="B44" Value="144"/>
<Cov CovItemId="B45" Value="28"/>
<Cov CovItemId="B46" Value="116"/>
<Cov CovItemId="B47" Value="28"/>
<Cov CovItemId="B48" Value="116"/>
<Cov CovItemId="B50" Value="144"/>
<Cov CovItemId="B55" Value="288"/>
<Cov CovItemId="B56" Value="288"/>
<Cov CovItemId="B57" Value="168"/>
<Cov CovItemId="B58" Value="120"/>
<Cov CovItemId="B59" Value="168"/>
<Cov CovItemId="B62" Value="168"/>
<Cov CovItemId="B63" Value="192"/>
<Cov CovItemId="B64" Value="192"/>
<Cov CovItemId="B65" Value="144"/>
<Cov CovItemId="B66" Value="48"/>
<Cov CovItemId="B67" Value="72"/>
<Cov CovItemId="B68" Value="72"/>
<Cov CovItemId="B79" Value="600"/>
<Cov CovItemId="B81" Value="552"/>
<Cov CovItemId="B82" Value="48"/>
<Cov CovItemId="B83" Value="168"/>
<Cov CovItemId="B84" Value="476"/>
<Cov CovItemId="B85" Value="96"/>
<Cov CovItemId="B86" Value="380"/>
<Cov CovItemId="L10-2" Value="96"/>
<Cov CovItemId="L13-2" Value="6"/>
<Cov CovItemId="L14-2" Value="48"/>
<Cov CovItemId="L9-2" Value="12"/>
<Cov CovItemId="S115" Value="288"/>
<Cov CovItemId="S116" Value="224"/>
<Cov CovItemId="S117" Value="64"/>
<Cov CovItemId="S118" Value="144"/>
<Cov CovItemId="S119" Value="144"/>
<Cov CovItemId="S121" Value="144"/>
<Cov CovItemId="S122" Value="144"/>
<Cov CovItemId="S123" Value="144"/>
<Cov CovItemId="S124" Value="144"/>
<Cov CovItemId="S125" Value="28"/>
<Cov CovItemId="S126" Value="144"/>
<Cov CovItemId="S127" Value="28"/>
<Cov CovItemId="S128" Value="144"/>
<Cov CovItemId="S133" Value="144"/>
<Cov CovItemId="S134" Value="144"/>
<Cov CovItemId="S135" Value="576"/>
<Cov CovItemId="S136" Value="288"/>
<Cov CovItemId="S137" Value="288"/>
<Cov CovItemId="S138" Value="168"/>
<Cov CovItemId="S139" Value="168"/>
<Cov CovItemId="S141" Value="288"/>
<Cov CovItemId="S142" Value="576"/>
<Cov CovItemId="S143" Value="6"/>
<Cov CovItemId="S144" Value="6"/>
<Cov CovItemId="S145" Value="48"/>
<Cov CovItemId="S146" Value="384"/>
<Cov CovItemId="S147" Value="192"/>
<Cov CovItemId="S148" Value="144"/>
<Cov CovItemId="S149" Value="72"/>
<Cov CovItemId="S150" Value="72"/>
<Cov CovItemId="S151" Value="6"/>
<Cov CovItemId="S176" Value="600"/>
<Cov CovItemId="S177" Value="600"/>
<Cov CovItemId="S178" Value="552"/>
<Cov CovItemId="S179" Value="48"/>
<Cov CovItemId="S180" Value="644"/>
<Cov CovItemId="S181" Value="168"/>
<Cov CovItemId="S182" Value="476"/>
<Cov CovItemId="S183" Value="96"/>
<Cov CovItemId="S184" Value="380"/>
<Cov CovItemId="S185" Value="1240"/>
<Cov CovItemId="S61" Value="12"/>
<Cov CovItemId="S62" Value="96"/>
<Cov CovItemId="S63" Value="768"/>
</CovPrefix>
<CovPrefix CovItemPrefix="com.OriginalFiles.Field.java">
<Cov CovItemId="B1" Value="32"/>
<Cov CovItemId="B2" Value="8"/>
<Cov CovItemId="S1" Value="88"/>
<Cov CovItemId="S13" Value="64"/>
<Cov CovItemId="S2" Value="88"/>
<Cov CovItemId="S5" Value="40"/>
<Cov CovItemId="S6" Value="40"/>
<Cov CovItemId="S7" Value="32"/>
<Cov CovItemId="S8" Value="1964"/>
<Cov CovItemId="S9" Value="1248"/>
</CovPrefix>
<CovPrefix CovItemPrefix="com.OriginalFiles.Piece.java">
<Cov CovItemId="B10" Value="12"/>
<Cov CovItemId="B11" Value="24"/>
<Cov CovItemId="B12" Value="8"/>
<Cov CovItemId="B14" Value="24"/>
<Cov CovItemId="B15" Value="24"/>
<Cov CovItemId="B18" Value="24"/>
<Cov CovItemId="B2" Value="32"/>
<Cov CovItemId="B34" Value="24"/>
<Cov CovItemId="B35" Value="8"/>
<Cov CovItemId="B36" Value="16"/>
<Cov CovItemId="B37" Value="8"/>
<Cov CovItemId="B40" Value="24"/>
<Cov CovItemId="B5" Value="24"/>
<Cov CovItemId="B6" Value="8"/>
<Cov CovItemId="B9" Value="12"/>
<Cov CovItemId="S1" Value="32"/>
<Cov CovItemId="S10" Value="32"/>
<Cov CovItemId="S11" Value="32"/>
<Cov CovItemId="S12" Value="32"/>
<Cov CovItemId="S13" Value="32"/>
<Cov CovItemId="S14" Value="32"/>
<Cov CovItemId="S15" Value="32"/>
<Cov CovItemId="S16" Value="32"/>
<Cov CovItemId="S17" Value="32"/>
<Cov CovItemId="S18" Value="32"/>
<Cov CovItemId="S19" Value="32"/>
<Cov CovItemId="S2" Value="32"/>
<Cov CovItemId="S20" Value="32"/>
<Cov CovItemId="S21" Value="32"/>
<Cov CovItemId="S24" Value="32"/>
<Cov CovItemId="S25" Value="32"/>
<Cov CovItemId="S26" Value="32"/>
<Cov CovItemId="S3" Value="32"/>
<Cov CovItemId="S30" Value="32"/>
<Cov CovItemId="S31" Value="32"/>
<Cov CovItemId="S32" Value="32"/>
<Cov CovItemId="S33" Value="24"/>
<Cov CovItemId="S34" Value="8"/>
<Cov CovItemId="S35" Value="8"/>
<Cov CovItemId="S39" Value="24"/>
<Cov CovItemId="S4" Value="32"/>
<Cov CovItemId="S40" Value="12"/>
<Cov CovItemId="S41" Value="12"/>
<Cov CovItemId="S42" Value="32"/>
<Cov CovItemId="S43" Value="32"/>
<Cov CovItemId="S44" Value="24"/>
<Cov CovItemId="S45" Value="24"/>
<Cov CovItemId="S46" Value="24"/>
<Cov CovItemId="S48" Value="24"/>
<Cov CovItemId="S49" Value="24"/>
<Cov CovItemId="S5" Value="32"/>
<Cov CovItemId="S50" Value="24"/>
<Cov CovItemId="S6" Value="32"/>
<Cov CovItemId="S65" Value="24"/>
<Cov CovItemId="S67" Value="24"/>
<Cov CovItemId="S68" Value="8"/>
<Cov CovItemId="S69" Value="8"/>
<Cov CovItemId="S7" Value="32"/>
<Cov CovItemId="S70" Value="8"/>
<Cov CovItemId="S71" Value="24"/>
<Cov CovItemId="S73" Value="24"/>
<Cov CovItemId="S8" Value="32"/>
<Cov CovItemId="S9" Value="32"/>
</CovPrefix>
<CovPrefix CovItemPrefix="com.OriginalFiles.RemoteNXTFunctions.java">
<Cov CovItemId="B5" Value="32"/>
<Cov CovItemId="B7" Value="32"/>
<Cov CovItemId="S162" Value="32"/>
<Cov CovItemId="S19" Value="32"/>
<Cov CovItemId="S20" Value="32"/>
<Cov CovItemId="S21" Value="32"/>
<Cov CovItemId="S22" Value="32"/>
</CovPrefix>
</CovList>
<AssgnmntList>
<AssgnmntPrefix RootTermCovItemPrefix="com.OriginalFiles.Analyze.java">
<AssgnmntListEntry Length="6" RootTermCovItemId="C66">
<MapEntry BoolAssgnmnt="111111" Value="32"/>
</AssgnmntListEntry>
<AssgnmntListEntry Length="1" RootTermCovItemId="C70">
<MapEntry BoolAssgnmnt="0" Value="144"/>
<MapEntry BoolAssgnmnt="1" Value="240"/>
</AssgnmntListEntry>
<AssgnmntListEntry Length="1" RootTermCovItemId="C71">
<MapEntry BoolAssgnmnt="0" Value="72"/>
<MapEntry BoolAssgnmnt="1" Value="72"/>
</AssgnmntListEntry>
<AssgnmntListEntry Length="1" RootTermCovItemId="C72">
<MapEntry BoolAssgnmnt="0" Value="56"/>
<MapEntry BoolAssgnmnt="1" Value="16"/>
</AssgnmntListEntry>
<AssgnmntListEntry Length="1" RootTermCovItemId="C73">
<MapEntry BoolAssgnmnt="0" Value="72"/>
<MapEntry BoolAssgnmnt="1" Value="72"/>
</AssgnmntListEntry>
<AssgnmntListEntry Length="1" RootTermCovItemId="C74">
<MapEntry BoolAssgnmnt="0" Value="56"/>
<MapEntry BoolAssgnmnt="1" Value="16"/>
</AssgnmntListEntry>
<AssgnmntListEntry Length="3" RootTermCovItemId="C75">
<MapEntry BoolAssgnmnt="012" Value="2"/>
<MapEntry BoolAssgnmnt="122" Value="2"/>
<MapEntry BoolAssgnmnt="001" Value="2"/>
</AssgnmntListEntry>
<AssgnmntListEntry Length="3" RootTermCovItemId="C76">
<MapEntry BoolAssgnmnt="011" Value="1"/>
<MapEntry BoolAssgnmnt="122" Value="2"/>
<MapEntry BoolAssgnmnt="002" Value="1"/>
</AssgnmntListEntry>
<AssgnmntListEntry Length="2" RootTermCovItemId="C77">
<MapEntry BoolAssgnmnt="02" Value="2"/>
</AssgnmntListEntry>
</AssgnmntPrefix>
<AssgnmntPrefix RootTermCovItemPrefix="com.OriginalFiles.Board.java">
<AssgnmntListEntry Length="1" RootTermCovItemId="C31">
<MapEntry BoolAssgnmnt="0" Value="64"/>
<MapEntry BoolAssgnmnt="1" Value="224"/>
</AssgnmntListEntry>
<AssgnmntListEntry Length="1" RootTermCovItemId="C32">
<MapEntry BoolAssgnmnt="0" Value="144"/>
</AssgnmntListEntry>
<AssgnmntListEntry Length="1" RootTermCovItemId="C33">
<MapEntry BoolAssgnmnt="0" Value="28"/>
<MapEntry BoolAssgnmnt="1" Value="116"/>
</AssgnmntListEntry>
<AssgnmntListEntry Length="1" RootTermCovItemId="C34">
<MapEntry BoolAssgnmnt="0" Value="28"/>
<MapEntry BoolAssgnmnt="1" Value="116"/>
</AssgnmntListEntry>
<AssgnmntListEntry Length="1" RootTermCovItemId="C35">
<MapEntry BoolAssgnmnt="0" Value="144"/>
</AssgnmntListEntry>
<AssgnmntListEntry Length="5" RootTermCovItemId="C38">
<MapEntry BoolAssgnmnt="02002" Value="144"/>
<MapEntry BoolAssgnmnt="10122" Value="144"/>
<MapEntry BoolAssgnmnt="11220" Value="144"/>
<MapEntry BoolAssgnmnt="02010" Value="144"/>
</AssgnmntListEntry>
<AssgnmntListEntry Length="1" RootTermCovItemId="C39">
<MapEntry BoolAssgnmnt="0" Value="120"/>
<MapEntry BoolAssgnmnt="1" Value="168"/>
</AssgnmntListEntry>
<AssgnmntListEntry Length="1" RootTermCovItemId="C40">
<MapEntry BoolAssgnmnt="0" Value="168"/>
</AssgnmntListEntry>
<AssgnmntListEntry Length="2" RootTermCovItemId="C41">
<MapEntry BoolAssgnmnt="02" Value="168"/>
</AssgnmntListEntry>
<AssgnmntListEntry Length="1" RootTermCovItemId="C42">
<MapEntry BoolAssgnmnt="0" Value="192"/>
<MapEntry BoolAssgnmnt="1" Value="192"/>
</AssgnmntListEntry>
<AssgnmntListEntry Length="1" RootTermCovItemId="C43">
<MapEntry BoolAssgnmnt="0" Value="48"/>
<MapEntry BoolAssgnmnt="1" Value="144"/>
</AssgnmntListEntry>
<AssgnmntListEntry Length="1" RootTermCovItemId="C44">
<MapEntry BoolAssgnmnt="0" Value="72"/>
<MapEntry BoolAssgnmnt="1" Value="72"/>
</AssgnmntListEntry>
<AssgnmntListEntry Length="1" RootTermCovItemId="C53">
<MapEntry BoolAssgnmnt="1" Value="600"/>
</AssgnmntListEntry>
<AssgnmntListEntry Length="1" RootTermCovItemId="C54">
<MapEntry BoolAssgnmnt="0" Value="552"/>
<MapEntry BoolAssgnmnt="1" Value="48"/>
</AssgnmntListEntry>
<AssgnmntListEntry Length="3" RootTermCovItemId="C55">
<MapEntry BoolAssgnmnt="002" Value="320"/>
<MapEntry BoolAssgnmnt="120" Value="168"/>
<MapEntry BoolAssgnmnt="121" Value="156"/>
</AssgnmntListEntry>
<AssgnmntListEntry Length="3" RootTermCovItemId="C56">
<MapEntry BoolAssgnmnt="002" Value="156"/>
<MapEntry BoolAssgnmnt="120" Value="224"/>
<MapEntry BoolAssgnmnt="121" Value="96"/>
</AssgnmntListEntry>
</AssgnmntPrefix>
<AssgnmntPrefix RootTermCovItemPrefix="com.OriginalFiles.Field.java">
<AssgnmntListEntry Length="1" RootTermCovItemId="C1">
<MapEntry BoolAssgnmnt="0" Value="32"/>
<MapEntry BoolAssgnmnt="1" Value="8"/>
</AssgnmntListEntry>
</AssgnmntPrefix>
<AssgnmntPrefix RootTermCovItemPrefix="com.OriginalFiles.Piece.java">
<AssgnmntListEntry Length="2" RootTermCovItemId="C1">
<MapEntry BoolAssgnmnt="10" Value="24"/>
<MapEntry BoolAssgnmnt="02" Value="8"/>
</AssgnmntListEntry>
<AssgnmntListEntry Length="5" RootTermCovItemId="C17">
<MapEntry BoolAssgnmnt="00210" Value="12"/>
<MapEntry BoolAssgnmnt="01002" Value="12"/>
</AssgnmntListEntry>
<AssgnmntListEntry Length="5" RootTermCovItemId="C18">
<MapEntry BoolAssgnmnt="00210" Value="8"/>
<MapEntry BoolAssgnmnt="00211" Value="4"/>
<MapEntry BoolAssgnmnt="01002" Value="8"/>
<MapEntry BoolAssgnmnt="01122" Value="4"/>
</AssgnmntListEntry>
<AssgnmntListEntry Length="1" RootTermCovItemId="C19">
<MapEntry BoolAssgnmnt="1" Value="8"/>
</AssgnmntListEntry>
<AssgnmntListEntry Length="1" RootTermCovItemId="C20">
<MapEntry BoolAssgnmnt="0" Value="24"/>
</AssgnmntListEntry>
<AssgnmntListEntry Length="1" RootTermCovItemId="C3">
<MapEntry BoolAssgnmnt="0" Value="8"/>
<MapEntry BoolAssgnmnt="1" Value="24"/>
</AssgnmntListEntry>
<AssgnmntListEntry Length="1" RootTermCovItemId="C5">
<MapEntry BoolAssgnmnt="0" Value="12"/>
<MapEntry BoolAssgnmnt="1" Value="12"/>
</AssgnmntListEntry>
<AssgnmntListEntry Length="1" RootTermCovItemId="C6">
<MapEntry BoolAssgnmnt="0" Value="8"/>
<MapEntry BoolAssgnmnt="1" Value="24"/>
</AssgnmntListEntry>
<AssgnmntListEntry Length="1" RootTermCovItemId="C7">
<MapEntry BoolAssgnmnt="0" Value="24"/>
</AssgnmntListEntry>
<AssgnmntListEntry Length="1" RootTermCovItemId="C8">
<MapEntry BoolAssgnmnt="1" Value="24"/>
</AssgnmntListEntry>
<AssgnmntListEntry Length="1" RootTermCovItemId="C9">
<MapEntry BoolAssgnmnt="0" Value="24"/>
</AssgnmntListEntry>
</AssgnmntPrefix>
<AssgnmntPrefix RootTermCovItemPrefix="com.OriginalFiles.RemoteNXTFunctions.java">
<AssgnmntListEntry Length="1" RootTermCovItemId="C5">
<MapEntry BoolAssgnmnt="1" Value="32"/>
</AssgnmntListEntry>
<AssgnmntListEntry Length="2" RootTermCovItemId="C6">
<MapEntry BoolAssgnmnt="11" Value="32"/>
</AssgnmntListEntry>
</AssgnmntPrefix>
</AssgnmntList>
<ObjMetaDataList/>
<MetaDataList/>
</TestCase>
<TestCase Comment="" Date="1386063802808" Name="com.Testing.MoveTest:testAddStep">
<CovList>
<CovPrefix CovItemPrefix="com.OriginalFiles.Field.java">
<Cov CovItemId="S1" Value="3"/>
<Cov CovItemId="S2" Value="3"/>
<Cov CovItemId="S3" Value="3"/>
<Cov CovItemId="S4" Value="3"/>
</CovPrefix>
<CovPrefix CovItemPrefix="com.OriginalFiles.Move.java">
<Cov CovItemId="S1" Value="1"/>
<Cov CovItemId="S17" Value="1"/>
<Cov CovItemId="S2" Value="1"/>
<Cov CovItemId="S3" Value="1"/>
<Cov CovItemId="S4" Value="1"/>
<Cov CovItemId="S5" Value="1"/>
<Cov CovItemId="S6" Value="1"/>
<Cov CovItemId="S7" Value="1"/>
</CovPrefix>
</CovList>
<AssgnmntList/>
<ObjMetaDataList/>
<MetaDataList/>
</TestCase>
<TestCase Comment="" Date="1386063802810" Name="com.Testing.MoveTest:testMove">
<CovList>
<CovPrefix CovItemPrefix="com.OriginalFiles.Move.java">
<Cov CovItemId="B2" Value="1"/>
<Cov CovItemId="S1" Value="1"/>
<Cov CovItemId="S10" Value="1"/>
<Cov CovItemId="S11" Value="1"/>
<Cov CovItemId="S12" Value="1"/>
<Cov CovItemId="S16" Value="1"/>
<Cov CovItemId="S2" Value="1"/>
</CovPrefix>
</CovList>
<AssgnmntList>
<AssgnmntPrefix RootTermCovItemPrefix="com.OriginalFiles.Move.java">
<AssgnmntListEntry Length="1" RootTermCovItemId="C1">
<MapEntry BoolAssgnmnt="0" Value="1"/>
</AssgnmntListEntry>
</AssgnmntPrefix>
</AssgnmntList>
<ObjMetaDataList/>
<MetaDataList/>
</TestCase>
<TestCase Comment="" Date="1386063802811" Name="com.Testing.MoveTest:testMoveFieldFieldBoolean">
<CovList>
<CovPrefix CovItemPrefix="com.OriginalFiles.Field.java">
<Cov CovItemId="S1" Value="2"/>
<Cov CovItemId="S2" Value="2"/>
<Cov CovItemId="S3" Value="2"/>
<Cov CovItemId="S4" Value="2"/>
</CovPrefix>
<CovPrefix CovItemPrefix="com.OriginalFiles.Move.java">
<Cov CovItemId="B1" Value="1"/>
<Cov CovItemId="S1" Value="1"/>
<Cov CovItemId="S12" Value="1"/>
<Cov CovItemId="S13" Value="1"/>
<Cov CovItemId="S14" Value="1"/>
<Cov CovItemId="S15" Value="1"/>
<Cov CovItemId="S2" Value="1"/>
<Cov CovItemId="S3" Value="1"/>
<Cov CovItemId="S4" Value="1"/>
<Cov CovItemId="S5" Value="1"/>
<Cov CovItemId="S6" Value="1"/>
<Cov CovItemId="S7" Value="1"/>
</CovPrefix>
</CovList>
<AssgnmntList>
<AssgnmntPrefix RootTermCovItemPrefix="com.OriginalFiles.Move.java">
<AssgnmntListEntry Length="1" RootTermCovItemId="C1">
<MapEntry BoolAssgnmnt="1" Value="1"/>
</AssgnmntListEntry>
</AssgnmntPrefix>
</AssgnmntList>
<ObjMetaDataList/>
<MetaDataList/>
</TestCase>
<TestCase Comment="" Date="1386063802812" Name="com.Testing.MoveTest:testMoveListOfFieldBoolean">
<CovList>
<CovPrefix CovItemPrefix="com.OriginalFiles.Field.java">
<Cov CovItemId="S1" Value="2"/>
<Cov CovItemId="S2" Value="2"/>
<Cov CovItemId="S3" Value="2"/>
<Cov CovItemId="S4" Value="2"/>
</CovPrefix>
<CovPrefix CovItemPrefix="com.OriginalFiles.Move.java">
<Cov CovItemId="B1" Value="1"/>
<Cov CovItemId="S1" Value="1"/>
<Cov CovItemId="S12" Value="1"/>
<Cov CovItemId="S13" Value="1"/>
<Cov CovItemId="S14" Value="1"/>
<Cov CovItemId="S15" Value="1"/>
<Cov CovItemId="S2" Value="1"/>
<Cov CovItemId="S8" Value="1"/>
<Cov CovItemId="S9" Value="1"/>
</CovPrefix>
</CovList>
<AssgnmntList>
<AssgnmntPrefix RootTermCovItemPrefix="com.OriginalFiles.Move.java">
<AssgnmntListEntry Length="1" RootTermCovItemId="C1">
<MapEntry BoolAssgnmnt="1" Value="1"/>
</AssgnmntListEntry>
</AssgnmntPrefix>
</AssgnmntList>
<ObjMetaDataList/>
<MetaDataList/>
</TestCase>
<TestCase Comment="" Date="1386063802817" Name="com.Testing.MoveTest:testIsJump">
<CovList>
<CovPrefix CovItemPrefix="com.OriginalFiles.Field.java">
<Cov CovItemId="S1" Value="4"/>
<Cov CovItemId="S2" Value="4"/>
<Cov CovItemId="S3" Value="4"/>
<Cov CovItemId="S4" Value="4"/>
</CovPrefix>
<CovPrefix CovItemPrefix="com.OriginalFiles.Move.java">
<Cov CovItemId="B1" Value="2"/>
<Cov CovItemId="S1" Value="2"/>
<Cov CovItemId="S12" Value="2"/>
<Cov CovItemId="S13" Value="2"/>
<Cov CovItemId="S14" Value="2"/>
<Cov CovItemId="S15" Value="2"/>
<Cov CovItemId="S2" Value="2"/>
<Cov CovItemId="S3" Value="2"/>
<Cov CovItemId="S4" Value="2"/>
<Cov CovItemId="S5" Value="2"/>
<Cov CovItemId="S6" Value="2"/>
<Cov CovItemId="S7" Value="2"/>
</CovPrefix>
</CovList>
<AssgnmntList>
<AssgnmntPrefix RootTermCovItemPrefix="com.OriginalFiles.Move.java">
<AssgnmntListEntry Length="1" RootTermCovItemId="C1">
<MapEntry BoolAssgnmnt="1" Value="2"/>
</AssgnmntListEntry>
</AssgnmntPrefix>
</AssgnmntList>
<ObjMetaDataList/>
<MetaDataList/>
</TestCase>
<TestCase Comment="" Date="1386063802818" Name="com.Testing.FieldTest:testGetPieceOnField">
<CovList>
<CovPrefix CovItemPrefix="com.OriginalFiles.Board.java">
<Cov CovItemId="B83" Value="2"/>
<Cov CovItemId="B84" Value="2"/>
<Cov CovItemId="B86" Value="2"/>
<Cov CovItemId="S180" Value="4"/>
<Cov CovItemId="S181" Value="2"/>
<Cov CovItemId="S182" Value="2"/>
<Cov CovItemId="S184" Value="2"/>
<Cov CovItemId="S185" Value="4"/>
</CovPrefix>
<CovPrefix CovItemPrefix="com.OriginalFiles.Field.java">
<Cov CovItemId="B1" Value="1"/>
<Cov CovItemId="S1" Value="1"/>
<Cov CovItemId="S2" Value="1"/>
<Cov CovItemId="S5" Value="1"/>
<Cov CovItemId="S6" Value="1"/>
<Cov CovItemId="S7" Value="1"/>
<Cov CovItemId="S8" Value="2"/>
<Cov CovItemId="S9" Value="1"/>
</CovPrefix>
<CovPrefix CovItemPrefix="com.OriginalFiles.Piece.java">
<Cov CovItemId="B1" Value="1"/>
<Cov CovItemId="B11" Value="2"/>
<Cov CovItemId="B13" Value="1"/>
<Cov CovItemId="B14" Value="1"/>
<Cov CovItemId="B15" Value="2"/>
<Cov CovItemId="B18" Value="2"/>
<Cov CovItemId="B2" Value="1"/>
<Cov CovItemId="B34" Value="2"/>
<Cov CovItemId="B36" Value="2"/>
<Cov CovItemId="B39" Value="1"/>
<Cov CovItemId="B4" Value="1"/>
<Cov CovItemId="B40" Value="1"/>
<Cov CovItemId="B5" Value="2"/>
<Cov CovItemId="B9" Value="2"/>
<Cov CovItemId="S1" Value="1"/>
<Cov CovItemId="S10" Value="1"/>
<Cov CovItemId="S11" Value="1"/>
<Cov CovItemId="S12" Value="1"/>
<Cov CovItemId="S13" Value="1"/>
<Cov CovItemId="S14" Value="1"/>
<Cov CovItemId="S15" Value="1"/>
<Cov CovItemId="S16" Value="1"/>
<Cov CovItemId="S17" Value="1"/>
<Cov CovItemId="S18" Value="1"/>
<Cov CovItemId="S19" Value="1"/>
<Cov CovItemId="S2" Value="1"/>
<Cov CovItemId="S20" Value="1"/>
<Cov CovItemId="S21" Value="1"/>
<Cov CovItemId="S22" Value="1"/>
<Cov CovItemId="S23" Value="1"/>
<Cov CovItemId="S24" Value="2"/>
<Cov CovItemId="S25" Value="2"/>
<Cov CovItemId="S26" Value="2"/>
<Cov CovItemId="S27" Value="1"/>
<Cov CovItemId="S29" Value="1"/>
<Cov CovItemId="S3" Value="1"/>
<Cov CovItemId="S30" Value="1"/>
<Cov CovItemId="S31" Value="2"/>
<Cov CovItemId="S32" Value="2"/>
<Cov CovItemId="S33" Value="2"/>
<Cov CovItemId="S39" Value="2"/>
<Cov CovItemId="S4" Value="1"/>
<Cov CovItemId="S40" Value="2"/>
<Cov CovItemId="S42" Value="2"/>
<Cov CovItemId="S43" Value="2"/>
<Cov CovItemId="S44" Value="2"/>
<Cov CovItemId="S45" Value="2"/>
<Cov CovItemId="S46" Value="2"/>
<Cov CovItemId="S47" Value="1"/>
<Cov CovItemId="S48" Value="2"/>
<Cov CovItemId="S49" Value="2"/>
<Cov CovItemId="S5" Value="1"/>
<Cov CovItemId="S50" Value="2"/>
<Cov CovItemId="S6" Value="1"/>
<Cov CovItemId="S65" Value="2"/>
<Cov CovItemId="S67" Value="2"/>
<Cov CovItemId="S7" Value="1"/>
<Cov CovItemId="S71" Value="2"/>
<Cov CovItemId="S72" Value="1"/>
<Cov CovItemId="S73" Value="2"/>
<Cov CovItemId="S8" Value="1"/>
<Cov CovItemId="S9" Value="1"/>
</CovPrefix>
</CovList>
<AssgnmntList>
<AssgnmntPrefix RootTermCovItemPrefix="com.OriginalFiles.Board.java">
<AssgnmntListEntry Length="3" RootTermCovItemId="C55">
<MapEntry BoolAssgnmnt="120" Value="2"/>
<MapEntry BoolAssgnmnt="121" Value="2"/>
</AssgnmntListEntry>
<AssgnmntListEntry Length="3" RootTermCovItemId="C56">
<MapEntry BoolAssgnmnt="002" Value="2"/>
</AssgnmntListEntry>
</AssgnmntPrefix>
<AssgnmntPrefix RootTermCovItemPrefix="com.OriginalFiles.Field.java">
<AssgnmntListEntry Length="1" RootTermCovItemId="C1">
<MapEntry BoolAssgnmnt="0" Value="1"/>
</AssgnmntListEntry>
</AssgnmntPrefix>
<AssgnmntPrefix RootTermCovItemPrefix="com.OriginalFiles.Piece.java">
<AssgnmntListEntry Length="2" RootTermCovItemId="C1">
<MapEntry BoolAssgnmnt="10" Value="1"/>
<MapEntry BoolAssgnmnt="11" Value="1"/>
</AssgnmntListEntry>
<AssgnmntListEntry Length="5" RootTermCovItemId="C17">
<MapEntry BoolAssgnmnt="00210" Value="1"/>
<MapEntry BoolAssgnmnt="12222" Value="1"/>
</AssgnmntListEntry>
<AssgnmntListEntry Length="5" RootTermCovItemId="C18">
<MapEntry BoolAssgnmnt="00210" Value="1"/>
<MapEntry BoolAssgnmnt="12222" Value="1"/>
</AssgnmntListEntry>
<AssgnmntListEntry Length="2" RootTermCovItemId="C2">
<MapEntry BoolAssgnmnt="02" Value="1"/>
</AssgnmntListEntry>
<AssgnmntListEntry Length="1" RootTermCovItemId="C20">
<MapEntry BoolAssgnmnt="0" Value="1"/>
<MapEntry BoolAssgnmnt="1" Value="1"/>
</AssgnmntListEntry>
<AssgnmntListEntry Length="1" RootTermCovItemId="C3">
<MapEntry BoolAssgnmnt="1" Value="2"/>
</AssgnmntListEntry>
<AssgnmntListEntry Length="1" RootTermCovItemId="C5">
<MapEntry BoolAssgnmnt="1" Value="2"/>
</AssgnmntListEntry>
<AssgnmntListEntry Length="1" RootTermCovItemId="C6">
<MapEntry BoolAssgnmnt="1" Value="2"/>
</AssgnmntListEntry>
<AssgnmntListEntry Length="1" RootTermCovItemId="C7">
<MapEntry BoolAssgnmnt="0" Value="1"/>
<MapEntry BoolAssgnmnt="1" Value="1"/>
</AssgnmntListEntry>
<AssgnmntListEntry Length="1" RootTermCovItemId="C8">
<MapEntry BoolAssgnmnt="1" Value="2"/>
</AssgnmntListEntry>
<AssgnmntListEntry Length="1" RootTermCovItemId="C9">
<MapEntry BoolAssgnmnt="0" Value="2"/>
</AssgnmntListEntry>
</AssgnmntPrefix>
</AssgnmntList>
<ObjMetaDataList/>
<MetaDataList/>
</TestCase>
<TestCase Comment="" Date="1386063802819" Name="com.Testing.FieldTest:testIsPieceOfColor">
<CovList>
<CovPrefix CovItemPrefix="com.OriginalFiles.Board.java">
<Cov CovItemId="B83" Value="4"/>
<Cov CovItemId="B84" Value="4"/>
<Cov CovItemId="B86" Value="4"/>
<Cov CovItemId="S180" Value="8"/>
<Cov CovItemId="S181" Value="4"/>
<Cov CovItemId="S182" Value="4"/>
<Cov CovItemId="S184" Value="4"/>
<Cov CovItemId="S185" Value="4"/>
</CovPrefix>
<CovPrefix CovItemPrefix="com.OriginalFiles.Field.java">
<Cov CovItemId="B1" Value="1"/>
<Cov CovItemId="B4" Value="4"/>
<Cov CovItemId="S1" Value="1"/>
<Cov CovItemId="S10" Value="4"/>
<Cov CovItemId="S12" Value="4"/>
<Cov CovItemId="S2" Value="1"/>
<Cov CovItemId="S5" Value="1"/>
<Cov CovItemId="S6" Value="1"/>
<Cov CovItemId="S7" Value="1"/>
<Cov CovItemId="S8" Value="1"/>
<Cov CovItemId="S9" Value="5"/>
</CovPrefix>
<CovPrefix CovItemPrefix="com.OriginalFiles.Piece.java">
<Cov CovItemId="B11" Value="2"/>
<Cov CovItemId="B14" Value="2"/>
<Cov CovItemId="B15" Value="2"/>
<Cov CovItemId="B18" Value="2"/>
<Cov CovItemId="B2" Value="2"/>
<Cov CovItemId="B34" Value="2"/>
<Cov CovItemId="B35" Value="2"/>
<Cov CovItemId="B37" Value="2"/>
<Cov CovItemId="B40" Value="2"/>
<Cov CovItemId="B5" Value="2"/>
<Cov CovItemId="B9" Value="2"/>
<Cov CovItemId="S1" Value="1"/>
<Cov CovItemId="S10" Value="1"/>
<Cov CovItemId="S11" Value="1"/>
<Cov CovItemId="S12" Value="1"/>
<Cov CovItemId="S13" Value="1"/>
<Cov CovItemId="S14" Value="1"/>
<Cov CovItemId="S15" Value="1"/>
<Cov CovItemId="S16" Value="1"/>
<Cov CovItemId="S17" Value="1"/>
<Cov CovItemId="S18" Value="1"/>
<Cov CovItemId="S19" Value="1"/>
<Cov CovItemId="S2" Value="1"/>
<Cov CovItemId="S20" Value="1"/>
<Cov CovItemId="S21" Value="1"/>
<Cov CovItemId="S24" Value="2"/>
<Cov CovItemId="S25" Value="2"/>
<Cov CovItemId="S26" Value="2"/>
<Cov CovItemId="S3" Value="1"/>
<Cov CovItemId="S30" Value="2"/>
<Cov CovItemId="S31" Value="2"/>
<Cov CovItemId="S32" Value="2"/>
<Cov CovItemId="S33" Value="2"/>
<Cov CovItemId="S39" Value="2"/>
<Cov CovItemId="S4" Value="1"/>
<Cov CovItemId="S40" Value="2"/>
<Cov CovItemId="S42" Value="2"/>
<Cov CovItemId="S43" Value="2"/>
<Cov CovItemId="S44" Value="2"/>
<Cov CovItemId="S45" Value="2"/>
<Cov CovItemId="S46" Value="2"/>
<Cov CovItemId="S48" Value="2"/>
<Cov CovItemId="S49" Value="2"/>
<Cov CovItemId="S5" Value="1"/>
<Cov CovItemId="S50" Value="2"/>
<Cov CovItemId="S6" Value="1"/>
<Cov CovItemId="S65" Value="2"/>
<Cov CovItemId="S67" Value="2"/>
<Cov CovItemId="S68" Value="2"/>
<Cov CovItemId="S69" Value="2"/>
<Cov CovItemId="S7" Value="1"/>
<Cov CovItemId="S70" Value="2"/>
<Cov CovItemId="S71" Value="2"/>
<Cov CovItemId="S73" Value="2"/>
<Cov CovItemId="S8" Value="1"/>
<Cov CovItemId="S9" Value="1"/>
</CovPrefix>
</CovList>
<AssgnmntList>
<AssgnmntPrefix RootTermCovItemPrefix="com.OriginalFiles.Board.java">
<AssgnmntListEntry Length="3" RootTermCovItemId="C55">
<MapEntry BoolAssgnmnt="120" Value="4"/>
<MapEntry BoolAssgnmnt="121" Value="4"/>
</AssgnmntListEntry>
<AssgnmntListEntry Length="3" RootTermCovItemId="C56">
<MapEntry BoolAssgnmnt="002" Value="4"/>
</AssgnmntListEntry>
</AssgnmntPrefix>
<AssgnmntPrefix RootTermCovItemPrefix="com.OriginalFiles.Field.java">
<AssgnmntListEntry Length="1" RootTermCovItemId="C1">
<MapEntry BoolAssgnmnt="0" Value="1"/>
</AssgnmntListEntry>
<AssgnmntListEntry Length="1" RootTermCovItemId="C2">
<MapEntry BoolAssgnmnt="0" Value="4"/>
</AssgnmntListEntry>
</AssgnmntPrefix>
<AssgnmntPrefix RootTermCovItemPrefix="com.OriginalFiles.Piece.java">
<AssgnmntListEntry Length="2" RootTermCovItemId="C1">
<MapEntry BoolAssgnmnt="10" Value="2"/>
</AssgnmntListEntry>
<AssgnmntListEntry Length="5" RootTermCovItemId="C17">
<MapEntry BoolAssgnmnt="00210" Value="2"/>
</AssgnmntListEntry>
<AssgnmntListEntry Length="5" RootTermCovItemId="C18">
<MapEntry BoolAssgnmnt="00211" Value="2"/>
</AssgnmntListEntry>
<AssgnmntListEntry Length="1" RootTermCovItemId="C19">
<MapEntry BoolAssgnmnt="1" Value="2"/>
</AssgnmntListEntry>
<AssgnmntListEntry Length="1" RootTermCovItemId="C20">
<MapEntry BoolAssgnmnt="0" Value="2"/>
</AssgnmntListEntry>
<AssgnmntListEntry Length="1" RootTermCovItemId="C3">
<MapEntry BoolAssgnmnt="1" Value="2"/>
</AssgnmntListEntry>
<AssgnmntListEntry Length="1" RootTermCovItemId="C5">
<MapEntry BoolAssgnmnt="1" Value="2"/>
</AssgnmntListEntry>
<AssgnmntListEntry Length="1" RootTermCovItemId="C6">
<MapEntry BoolAssgnmnt="1" Value="2"/>
</AssgnmntListEntry>
<AssgnmntListEntry Length="1" RootTermCovItemId="C7">
<MapEntry BoolAssgnmnt="0" Value="2"/>
</AssgnmntListEntry>
<AssgnmntListEntry Length="1" RootTermCovItemId="C8">
<MapEntry BoolAssgnmnt="1" Value="2"/>
</AssgnmntListEntry>
<AssgnmntListEntry Length="1" RootTermCovItemId="C9">
<MapEntry BoolAssgnmnt="0" Value="2"/>
</AssgnmntListEntry>
</AssgnmntPrefix>
</AssgnmntList>
<ObjMetaDataList/>
<MetaDataList/>
</TestCase>
<TestCase Comment="" Date="1386063802820" Name="com.Testing.FieldTest:testField">
<CovList>
<CovPrefix CovItemPrefix="com.OriginalFiles.Board.java">
<Cov CovItemId="B84" Value="7"/>
<Cov CovItemId="B85" Value="4"/>
<Cov CovItemId="B86" Value="3"/>
<Cov CovItemId="S180" Value="7"/>
<Cov CovItemId="S182" Value="7"/>
<Cov CovItemId="S183" Value="4"/>
<Cov CovItemId="S184" Value="3"/>
<Cov CovItemId="S185" Value="4"/>
</CovPrefix>
<CovPrefix CovItemPrefix="com.OriginalFiles.Field.java">
<Cov CovItemId="B1" Value="1"/>
<Cov CovItemId="S1" Value="1"/>
<Cov CovItemId="S2" Value="1"/>
<Cov CovItemId="S5" Value="1"/>
<Cov CovItemId="S6" Value="1"/>
<Cov CovItemId="S7" Value="1"/>
<Cov CovItemId="S8" Value="2"/>
<Cov CovItemId="S9" Value="1"/>
</CovPrefix>
<CovPrefix CovItemPrefix="com.OriginalFiles.Piece.java">
<Cov CovItemId="B11" Value="2"/>
<Cov CovItemId="B14" Value="2"/>
<Cov CovItemId="B15" Value="2"/>
<Cov CovItemId="B18" Value="2"/>
<Cov CovItemId="B2" Value="2"/>
<Cov CovItemId="B33" Value="1"/>
<Cov CovItemId="B34" Value="1"/>
<Cov CovItemId="B36" Value="2"/>
<Cov CovItemId="B40" Value="2"/>
<Cov CovItemId="B5" Value="2"/>
<Cov CovItemId="B9" Value="2"/>
<Cov CovItemId="S1" Value="1"/>
<Cov CovItemId="S10" Value="1"/>
<Cov CovItemId="S11" Value="1"/>
<Cov CovItemId="S12" Value="1"/>
<Cov CovItemId="S13" Value="1"/>
<Cov CovItemId="S14" Value="1"/>
<Cov CovItemId="S15" Value="1"/>
<Cov CovItemId="S16" Value="1"/>
<Cov CovItemId="S17" Value="1"/>
<Cov CovItemId="S18" Value="1"/>
<Cov CovItemId="S19" Value="1"/>
<Cov CovItemId="S2" Value="1"/>
<Cov CovItemId="S20" Value="1"/>
<Cov CovItemId="S21" Value="1"/>
<Cov CovItemId="S24" Value="2"/>
<Cov CovItemId="S25" Value="2"/>
<Cov CovItemId="S26" Value="2"/>
<Cov CovItemId="S3" Value="1"/>
<Cov CovItemId="S30" Value="2"/>
<Cov CovItemId="S31" Value="2"/>
<Cov CovItemId="S32" Value="2"/>
<Cov CovItemId="S33" Value="2"/>
<Cov CovItemId="S39" Value="2"/>
<Cov CovItemId="S4" Value="1"/>
<Cov CovItemId="S40" Value="2"/>
<Cov CovItemId="S42" Value="2"/>
<Cov CovItemId="S43" Value="2"/>
<Cov CovItemId="S44" Value="2"/>
<Cov CovItemId="S45" Value="2"/>
<Cov CovItemId="S46" Value="2"/>
<Cov CovItemId="S48" Value="2"/>
<Cov CovItemId="S49" Value="2"/>
<Cov CovItemId="S5" Value="1"/>
<Cov CovItemId="S50" Value="2"/>
<Cov CovItemId="S6" Value="1"/>
<Cov CovItemId="S65" Value="2"/>
<Cov CovItemId="S66" Value="1"/>
<Cov CovItemId="S67" Value="2"/>
<Cov CovItemId="S7" Value="1"/>
<Cov CovItemId="S71" Value="2"/>
<Cov CovItemId="S73" Value="2"/>
<Cov CovItemId="S8" Value="1"/>
<Cov CovItemId="S9" Value="1"/>
</CovPrefix>
</CovList>
<AssgnmntList>
<AssgnmntPrefix RootTermCovItemPrefix="com.OriginalFiles.Board.java">
<AssgnmntListEntry Length="3" RootTermCovItemId="C55">
<MapEntry BoolAssgnmnt="002" Value="7"/>
</AssgnmntListEntry>
<AssgnmntListEntry Length="3" RootTermCovItemId="C56">
<MapEntry BoolAssgnmnt="120" Value="3"/>
<MapEntry BoolAssgnmnt="121" Value="4"/>
</AssgnmntListEntry>
</AssgnmntPrefix>
<AssgnmntPrefix RootTermCovItemPrefix="com.OriginalFiles.Field.java">
<AssgnmntListEntry Length="1" RootTermCovItemId="C1">
<MapEntry BoolAssgnmnt="0" Value="1"/>
</AssgnmntListEntry>
</AssgnmntPrefix>
<AssgnmntPrefix RootTermCovItemPrefix="com.OriginalFiles.Piece.java">
<AssgnmntListEntry Length="2" RootTermCovItemId="C1">
<MapEntry BoolAssgnmnt="10" Value="2"/>
</AssgnmntListEntry>
<AssgnmntListEntry Length="5" RootTermCovItemId="C17">
<MapEntry BoolAssgnmnt="01002" Value="1"/>
<MapEntry BoolAssgnmnt="01122" Value="1"/>
</AssgnmntListEntry>
<AssgnmntListEntry Length="5" RootTermCovItemId="C18">
<MapEntry BoolAssgnmnt="01002" Value="2"/>
</AssgnmntListEntry>
<AssgnmntListEntry Length="1" RootTermCovItemId="C20">
<MapEntry BoolAssgnmnt="0" Value="2"/>
</AssgnmntListEntry>
<AssgnmntListEntry Length="1" RootTermCovItemId="C3">
<MapEntry BoolAssgnmnt="1" Value="2"/>
</AssgnmntListEntry>
<AssgnmntListEntry Length="1" RootTermCovItemId="C5">
<MapEntry BoolAssgnmnt="1" Value="2"/>
</AssgnmntListEntry>
<AssgnmntListEntry Length="1" RootTermCovItemId="C6">
<MapEntry BoolAssgnmnt="1" Value="2"/>
</AssgnmntListEntry>
<AssgnmntListEntry Length="1" RootTermCovItemId="C7">
<MapEntry BoolAssgnmnt="0" Value="2"/>
</AssgnmntListEntry>
<AssgnmntListEntry Length="1" RootTermCovItemId="C8">
<MapEntry BoolAssgnmnt="1" Value="2"/>
</AssgnmntListEntry>
<AssgnmntListEntry Length="1" RootTermCovItemId="C9">
<MapEntry BoolAssgnmnt="0" Value="2"/>
</AssgnmntListEntry>
</AssgnmntPrefix>
</AssgnmntList>
<ObjMetaDataList/>
<MetaDataList/>
</TestCase>
<TestCase Comment="" Date="1386063802821" Name="com.Testing.FieldTest:testSetPieceOnField">
<CovList>
<CovPrefix CovItemPrefix="com.OriginalFiles.Board.java">
<Cov CovItemId="B83" Value="4"/>
<Cov CovItemId="B84" Value="8"/>
<Cov CovItemId="B86" Value="8"/>
<Cov CovItemId="S180" Value="12"/>
<Cov CovItemId="S181" Value="4"/>
<Cov CovItemId="S182" Value="8"/>
<Cov CovItemId="S184" Value="8"/>
<Cov CovItemId="S185" Value="10"/>
</CovPrefix>
<CovPrefix CovItemPrefix="com.OriginalFiles.Field.java">
<Cov CovItemId="B1" Value="3"/>
<Cov CovItemId="S1" Value="1"/>
<Cov CovItemId="S2" Value="1"/>
<Cov CovItemId="S5" Value="3"/>
<Cov CovItemId="S6" Value="3"/>
<Cov CovItemId="S7" Value="3"/>
<Cov CovItemId="S8" Value="4"/>
<Cov CovItemId="S9" Value="3"/>
</CovPrefix>
<CovPrefix CovItemPrefix="com.OriginalFiles.Piece.java">
<Cov CovItemId="B1" Value="2"/>
<Cov CovItemId="B11" Value="5"/>
<Cov CovItemId="B13" Value="2"/>
<Cov CovItemId="B14" Value="3"/>
<Cov CovItemId="B15" Value="5"/>
<Cov CovItemId="B18" Value="5"/>
<Cov CovItemId="B2" Value="3"/>
<Cov CovItemId="B34" Value="5"/>
<Cov CovItemId="B36" Value="5"/>
<Cov CovItemId="B39" Value="2"/>
<Cov CovItemId="B4" Value="2"/>
<Cov CovItemId="B40" Value="3"/>
<Cov CovItemId="B5" Value="5"/>
<Cov CovItemId="B9" Value="5"/>
<Cov CovItemId="S1" Value="3"/>
<Cov CovItemId="S10" Value="3"/>
<Cov CovItemId="S11" Value="3"/>
<Cov CovItemId="S12" Value="3"/>
<Cov CovItemId="S13" Value="3"/>
<Cov CovItemId="S14" Value="3"/>
<Cov CovItemId="S15" Value="3"/>
<Cov CovItemId="S16" Value="3"/>
<Cov CovItemId="S17" Value="3"/>
<Cov CovItemId="S18" Value="3"/>
<Cov CovItemId="S19" Value="3"/>
<Cov CovItemId="S2" Value="3"/>
<Cov CovItemId="S20" Value="3"/>
<Cov CovItemId="S21" Value="3"/>
<Cov CovItemId="S22" Value="3"/>
<Cov CovItemId="S23" Value="3"/>
<Cov CovItemId="S24" Value="5"/>
<Cov CovItemId="S25" Value="5"/>
<Cov CovItemId="S26" Value="5"/>
<Cov CovItemId="S27" Value="2"/>
<Cov CovItemId="S29" Value="2"/>
<Cov CovItemId="S3" Value="3"/>
<Cov CovItemId="S30" Value="3"/>
<Cov CovItemId="S31" Value="5"/>
<Cov CovItemId="S32" Value="5"/>
<Cov CovItemId="S33" Value="5"/>
<Cov CovItemId="S39" Value="5"/>
<Cov CovItemId="S4" Value="3"/>
<Cov CovItemId="S40" Value="5"/>
<Cov CovItemId="S42" Value="5"/>
<Cov CovItemId="S43" Value="5"/>
<Cov CovItemId="S44" Value="5"/>
<Cov CovItemId="S45" Value="5"/>
<Cov CovItemId="S46" Value="5"/>
<Cov CovItemId="S47" Value="2"/>
<Cov CovItemId="S48" Value="5"/>
<Cov CovItemId="S49" Value="5"/>
<Cov CovItemId="S5" Value="3"/>
<Cov CovItemId="S50" Value="5"/>
<Cov CovItemId="S6" Value="3"/>
<Cov CovItemId="S65" Value="5"/>
<Cov CovItemId="S67" Value="5"/>
<Cov CovItemId="S7" Value="3"/>
<Cov CovItemId="S71" Value="5"/>
<Cov CovItemId="S72" Value="2"/>
<Cov CovItemId="S73" Value="5"/>
<Cov CovItemId="S8" Value="3"/>
<Cov CovItemId="S9" Value="3"/>
</CovPrefix>
</CovList>
<AssgnmntList>
<AssgnmntPrefix RootTermCovItemPrefix="com.OriginalFiles.Board.java">
<AssgnmntListEntry Length="3" RootTermCovItemId="C55">
<MapEntry BoolAssgnmnt="002" Value="4"/>
<MapEntry BoolAssgnmnt="120" Value="4"/>
<MapEntry BoolAssgnmnt="121" Value="4"/>
</AssgnmntListEntry>
<AssgnmntListEntry Length="3" RootTermCovItemId="C56">
<MapEntry BoolAssgnmnt="002" Value="8"/>
</AssgnmntListEntry>
</AssgnmntPrefix>
<AssgnmntPrefix RootTermCovItemPrefix="com.OriginalFiles.Field.java">
<AssgnmntListEntry Length="1" RootTermCovItemId="C1">
<MapEntry BoolAssgnmnt="0" Value="3"/>
</AssgnmntListEntry>
</AssgnmntPrefix>
<AssgnmntPrefix RootTermCovItemPrefix="com.OriginalFiles.Piece.java">
<AssgnmntListEntry Length="2" RootTermCovItemId="C1">
<MapEntry BoolAssgnmnt="10" Value="3"/>
<MapEntry BoolAssgnmnt="11" Value="2"/>
</AssgnmntListEntry>
<AssgnmntListEntry Length="5" RootTermCovItemId="C17">
<MapEntry BoolAssgnmnt="00210" Value="2"/>
<MapEntry BoolAssgnmnt="00202" Value="1"/>
<MapEntry BoolAssgnmnt="12222" Value="2"/>
</AssgnmntListEntry>
<AssgnmntListEntry Length="5" RootTermCovItemId="C18">
<MapEntry BoolAssgnmnt="00210" Value="2"/>
<MapEntry BoolAssgnmnt="00202" Value="1"/>
<MapEntry BoolAssgnmnt="12222" Value="2"/>
</AssgnmntListEntry>
<AssgnmntListEntry Length="2" RootTermCovItemId="C2">
<MapEntry BoolAssgnmnt="02" Value="2"/>
</AssgnmntListEntry>
<AssgnmntListEntry Length="1" RootTermCovItemId="C20">
<MapEntry BoolAssgnmnt="0" Value="3"/>
<MapEntry BoolAssgnmnt="1" Value="2"/>
</AssgnmntListEntry>
<AssgnmntListEntry Length="1" RootTermCovItemId="C3">
<MapEntry BoolAssgnmnt="1" Value="5"/>
</AssgnmntListEntry>
<AssgnmntListEntry Length="1" RootTermCovItemId="C5">
<MapEntry BoolAssgnmnt="1" Value="5"/>
</AssgnmntListEntry>
<AssgnmntListEntry Length="1" RootTermCovItemId="C6">
<MapEntry BoolAssgnmnt="1" Value="5"/>
</AssgnmntListEntry>
<AssgnmntListEntry Length="1" RootTermCovItemId="C7">
<MapEntry BoolAssgnmnt="0" Value="3"/>
<MapEntry BoolAssgnmnt="1" Value="2"/>
</AssgnmntListEntry>
<AssgnmntListEntry Length="1" RootTermCovItemId="C8">
<MapEntry BoolAssgnmnt="1" Value="5"/>
</AssgnmntListEntry>
<AssgnmntListEntry Length="1" RootTermCovItemId="C9">
<MapEntry BoolAssgnmnt="0" Value="5"/>
</AssgnmntListEntry>
</AssgnmntPrefix>
</AssgnmntList>
<ObjMetaDataList/>
<MetaDataList/>
</TestCase>
<TestCase Comment="" Date="1386063802822" Name="com.Testing.FieldTest:testFieldIntInt">
<CovList>
<CovPrefix CovItemPrefix="com.OriginalFiles.Board.java">
<Cov CovItemId="B84" Value="7"/>
<Cov CovItemId="B85" Value="4"/>
<Cov CovItemId="B86" Value="3"/>
<Cov CovItemId="S180" Value="7"/>
<Cov CovItemId="S182" Value="7"/>
<Cov CovItemId="S183" Value="4"/>
<Cov CovItemId="S184" Value="3"/>
<Cov CovItemId="S185" Value="4"/>
</CovPrefix>
<CovPrefix CovItemPrefix="com.OriginalFiles.Field.java">
<Cov CovItemId="B1" Value="1"/>
<Cov CovItemId="S1" Value="1"/>
<Cov CovItemId="S2" Value="1"/>
<Cov CovItemId="S3" Value="1"/>
<Cov CovItemId="S4" Value="1"/>
<Cov CovItemId="S5" Value="1"/>
<Cov CovItemId="S6" Value="1"/>
<Cov CovItemId="S7" Value="1"/>
<Cov CovItemId="S8" Value="2"/>
<Cov CovItemId="S9" Value="1"/>
</CovPrefix>
<CovPrefix CovItemPrefix="com.OriginalFiles.Piece.java">
<Cov CovItemId="B11" Value="2"/>
<Cov CovItemId="B14" Value="2"/>
<Cov CovItemId="B15" Value="2"/>
<Cov CovItemId="B18" Value="2"/>
<Cov CovItemId="B2" Value="2"/>
<Cov CovItemId="B33" Value="1"/>
<Cov CovItemId="B34" Value="1"/>
<Cov CovItemId="B36" Value="2"/>
<Cov CovItemId="B40" Value="2"/>
<Cov CovItemId="B5" Value="2"/>
<Cov CovItemId="B9" Value="2"/>
<Cov CovItemId="S1" Value="1"/>
<Cov CovItemId="S10" Value="1"/>
<Cov CovItemId="S11" Value="1"/>
<Cov CovItemId="S12" Value="1"/>
<Cov CovItemId="S13" Value="1"/>
<Cov CovItemId="S14" Value="1"/>
<Cov CovItemId="S15" Value="1"/>
<Cov CovItemId="S16" Value="1"/>
<Cov CovItemId="S17" Value="1"/>
<Cov CovItemId="S18" Value="1"/>
<Cov CovItemId="S19" Value="1"/>
<Cov CovItemId="S2" Value="1"/>
<Cov CovItemId="S20" Value="1"/>
<Cov CovItemId="S21" Value="1"/>
<Cov CovItemId="S24" Value="2"/>
<Cov CovItemId="S25" Value="2"/>
<Cov CovItemId="S26" Value="2"/>
<Cov CovItemId="S3" Value="1"/>
<Cov CovItemId="S30" Value="2"/>
<Cov CovItemId="S31" Value="2"/>
<Cov CovItemId="S32" Value="2"/>
<Cov CovItemId="S33" Value="2"/>
<Cov CovItemId="S39" Value="2"/>
<Cov CovItemId="S4" Value="1"/>
<Cov CovItemId="S40" Value="2"/>
<Cov CovItemId="S42" Value="2"/>
<Cov CovItemId="S43" Value="2"/>
<Cov CovItemId="S44" Value="2"/>
<Cov CovItemId="S45" Value="2"/>
<Cov CovItemId="S46" Value="2"/>
<Cov CovItemId="S48" Value="2"/>
<Cov CovItemId="S49" Value="2"/>
<Cov CovItemId="S5" Value="1"/>
<Cov CovItemId="S50" Value="2"/>
<Cov CovItemId="S6" Value="1"/>
<Cov CovItemId="S65" Value="2"/>
<Cov CovItemId="S66" Value="1"/>
<Cov CovItemId="S67" Value="2"/>
<Cov CovItemId="S7" Value="1"/>
<Cov CovItemId="S71" Value="2"/>
<Cov CovItemId="S73" Value="2"/>
<Cov CovItemId="S8" Value="1"/>
<Cov CovItemId="S9" Value="1"/>
</CovPrefix>
</CovList>
<AssgnmntList>
<AssgnmntPrefix RootTermCovItemPrefix="com.OriginalFiles.Board.java">
<AssgnmntListEntry Length="3" RootTermCovItemId="C55">
<MapEntry BoolAssgnmnt="002" Value="7"/>
</AssgnmntListEntry>
<AssgnmntListEntry Length="3" RootTermCovItemId="C56">
<MapEntry BoolAssgnmnt="120" Value="3"/>
<MapEntry BoolAssgnmnt="121" Value="4"/>
</AssgnmntListEntry>
</AssgnmntPrefix>
<AssgnmntPrefix RootTermCovItemPrefix="com.OriginalFiles.Field.java">
<AssgnmntListEntry Length="1" RootTermCovItemId="C1">
<MapEntry BoolAssgnmnt="0" Value="1"/>
</AssgnmntListEntry>
</AssgnmntPrefix>
<AssgnmntPrefix RootTermCovItemPrefix="com.OriginalFiles.Piece.java">
<AssgnmntListEntry Length="2" RootTermCovItemId="C1">
<MapEntry BoolAssgnmnt="10" Value="2"/>
</AssgnmntListEntry>
<AssgnmntListEntry Length="5" RootTermCovItemId="C17">
<MapEntry BoolAssgnmnt="01002" Value="1"/>
<MapEntry BoolAssgnmnt="01122" Value="1"/>
</AssgnmntListEntry>
<AssgnmntListEntry Length="5" RootTermCovItemId="C18">
<MapEntry BoolAssgnmnt="01002" Value="2"/>
</AssgnmntListEntry>
<AssgnmntListEntry Length="1" RootTermCovItemId="C20">
<MapEntry BoolAssgnmnt="0" Value="2"/>
</AssgnmntListEntry>
<AssgnmntListEntry Length="1" RootTermCovItemId="C3">
<MapEntry BoolAssgnmnt="1" Value="2"/>
</AssgnmntListEntry>
<AssgnmntListEntry Length="1" RootTermCovItemId="C5">
<MapEntry BoolAssgnmnt="1" Value="2"/>
</AssgnmntListEntry>
<AssgnmntListEntry Length="1" RootTermCovItemId="C6">
<MapEntry BoolAssgnmnt="1" Value="2"/>
</AssgnmntListEntry>
<AssgnmntListEntry Length="1" RootTermCovItemId="C7">
<MapEntry BoolAssgnmnt="0" Value="2"/>
</AssgnmntListEntry>
<AssgnmntListEntry Length="1" RootTermCovItemId="C8">
<MapEntry BoolAssgnmnt="1" Value="2"/>
</AssgnmntListEntry>
<AssgnmntListEntry Length="1" RootTermCovItemId="C9">
<MapEntry BoolAssgnmnt="0" Value="2"/>
</AssgnmntListEntry>
</AssgnmntPrefix>
</AssgnmntList>
<ObjMetaDataList/>
<MetaDataList/>
</TestCase>
<TestCase Comment="" Date="1386063802822" Name="com.Testing.FieldTest:testEmptyThisField">
<CovList>
<CovPrefix CovItemPrefix="com.OriginalFiles.Board.java">
<Cov CovItemId="B83" Value="4"/>
<Cov CovItemId="B84" Value="4"/>
<Cov CovItemId="B86" Value="4"/>
<Cov CovItemId="S180" Value="8"/>
<Cov CovItemId="S181" Value="4"/>
<Cov CovItemId="S182" Value="4"/>
<Cov CovItemId="S184" Value="4"/>
<Cov CovItemId="S185" Value="4"/>
</CovPrefix>
<CovPrefix CovItemPrefix="com.OriginalFiles.Field.java">
<Cov CovItemId="B1" Value="1"/>
<Cov CovItemId="S1" Value="1"/>
<Cov CovItemId="S13" Value="1"/>
<Cov CovItemId="S2" Value="1"/>
<Cov CovItemId="S5" Value="1"/>
<Cov CovItemId="S6" Value="1"/>
<Cov CovItemId="S7" Value="1"/>
<Cov CovItemId="S8" Value="3"/>
<Cov CovItemId="S9" Value="1"/>
</CovPrefix>
<CovPrefix CovItemPrefix="com.OriginalFiles.Piece.java">
<Cov CovItemId="B11" Value="2"/>
<Cov CovItemId="B14" Value="2"/>
<Cov CovItemId="B15" Value="2"/>
<Cov CovItemId="B18" Value="2"/>
<Cov CovItemId="B2" Value="2"/>
<Cov CovItemId="B34" Value="2"/>
<Cov CovItemId="B35" Value="2"/>
<Cov CovItemId="B37" Value="2"/>
<Cov CovItemId="B40" Value="2"/>
<Cov CovItemId="B5" Value="2"/>
<Cov CovItemId="B9" Value="2"/>
<Cov CovItemId="S1" Value="1"/>
<Cov CovItemId="S10" Value="1"/>
<Cov CovItemId="S11" Value="1"/>
<Cov CovItemId="S12" Value="1"/>
<Cov CovItemId="S13" Value="1"/>
<Cov CovItemId="S14" Value="1"/>
<Cov CovItemId="S15" Value="1"/>
<Cov CovItemId="S16" Value="1"/>
<Cov CovItemId="S17" Value="1"/>
<Cov CovItemId="S18" Value="1"/>
<Cov CovItemId="S19" Value="1"/>
<Cov CovItemId="S2" Value="1"/>
<Cov CovItemId="S20" Value="1"/>
<Cov CovItemId="S21" Value="1"/>
<Cov CovItemId="S24" Value="2"/>
<Cov CovItemId="S25" Value="2"/>
<Cov CovItemId="S26" Value="2"/>
<Cov CovItemId="S3" Value="1"/>
<Cov CovItemId="S30" Value="2"/>
<Cov CovItemId="S31" Value="2"/>
<Cov CovItemId="S32" Value="2"/>
<Cov CovItemId="S33" Value="2"/>
<Cov CovItemId="S39" Value="2"/>
<Cov CovItemId="S4" Value="1"/>
<Cov CovItemId="S40" Value="2"/>
<Cov CovItemId="S42" Value="2"/>
<Cov CovItemId="S43" Value="2"/>
<Cov CovItemId="S44" Value="2"/>
<Cov CovItemId="S45" Value="2"/>
<Cov CovItemId="S46" Value="2"/>
<Cov CovItemId="S48" Value="2"/>
<Cov CovItemId="S49" Value="2"/>
<Cov CovItemId="S5" Value="1"/>
<Cov CovItemId="S50" Value="2"/>
<Cov CovItemId="S6" Value="1"/>
<Cov CovItemId="S65" Value="2"/>
<Cov CovItemId="S67" Value="2"/>
<Cov CovItemId="S68" Value="2"/>
<Cov CovItemId="S69" Value="2"/>
<Cov CovItemId="S7" Value="1"/>
<Cov CovItemId="S70" Value="2"/>
<Cov CovItemId="S71" Value="2"/>
<Cov CovItemId="S73" Value="2"/>
<Cov CovItemId="S8" Value="1"/>
<Cov CovItemId="S9" Value="1"/>
</CovPrefix>
</CovList>
<AssgnmntList>
<AssgnmntPrefix RootTermCovItemPrefix="com.OriginalFiles.Board.java">
<AssgnmntListEntry Length="3" RootTermCovItemId="C55">
<MapEntry BoolAssgnmnt="120" Value="4"/>
<MapEntry BoolAssgnmnt="121" Value="4"/>
</AssgnmntListEntry>
<AssgnmntListEntry Length="3" RootTermCovItemId="C56">
<MapEntry BoolAssgnmnt="002" Value="4"/>
</AssgnmntListEntry>
</AssgnmntPrefix>
<AssgnmntPrefix RootTermCovItemPrefix="com.OriginalFiles.Field.java">
<AssgnmntListEntry Length="1" RootTermCovItemId="C1">
<MapEntry BoolAssgnmnt="0" Value="1"/>
</AssgnmntListEntry>
</AssgnmntPrefix>
<AssgnmntPrefix RootTermCovItemPrefix="com.OriginalFiles.Piece.java">
<AssgnmntListEntry Length="2" RootTermCovItemId="C1">
<MapEntry BoolAssgnmnt="10" Value="2"/>
</AssgnmntListEntry>
<AssgnmntListEntry Length="5" RootTermCovItemId="C17">
<MapEntry BoolAssgnmnt="00210" Value="2"/>
</AssgnmntListEntry>
<AssgnmntListEntry Length="5" RootTermCovItemId="C18">
<MapEntry BoolAssgnmnt="00211" Value="2"/>
</AssgnmntListEntry>
<AssgnmntListEntry Length="1" RootTermCovItemId="C19">
<MapEntry BoolAssgnmnt="1" Value="2"/>
</AssgnmntListEntry>
<AssgnmntListEntry Length="1" RootTermCovItemId="C20">
<MapEntry BoolAssgnmnt="0" Value="2"/>
</AssgnmntListEntry>
<AssgnmntListEntry Length="1" RootTermCovItemId="C3">
<MapEntry BoolAssgnmnt="1" Value="2"/>
</AssgnmntListEntry>
<AssgnmntListEntry Length="1" RootTermCovItemId="C5">
<MapEntry BoolAssgnmnt="1" Value="2"/>
</AssgnmntListEntry>
<AssgnmntListEntry Length="1" RootTermCovItemId="C6">
<MapEntry BoolAssgnmnt="1" Value="2"/>
</AssgnmntListEntry>
<AssgnmntListEntry Length="1" RootTermCovItemId="C7">
<MapEntry BoolAssgnmnt="0" Value="2"/>
</AssgnmntListEntry>
<AssgnmntListEntry Length="1" RootTermCovItemId="C8">
<MapEntry BoolAssgnmnt="1" Value="2"/>
</AssgnmntListEntry>
<AssgnmntListEntry Length="1" RootTermCovItemId="C9">
<MapEntry BoolAssgnmnt="0" Value="2"/>
</AssgnmntListEntry>
</AssgnmntPrefix>
</AssgnmntList>
<ObjMetaDataList/>
<MetaDataList/>
</TestCase>
<TestCase Comment="" Date="1386063802823" Name="com.Testing.FieldTest:testIsEmpty">
<CovList>
<CovPrefix CovItemPrefix="com.OriginalFiles.Board.java">
<Cov CovItemId="B83" Value="4"/>
<Cov CovItemId="B84" Value="4"/>
<Cov CovItemId="B86" Value="4"/>
<Cov CovItemId="S180" Value="8"/>
<Cov CovItemId="S181" Value="4"/>
<Cov CovItemId="S182" Value="4"/>
<Cov CovItemId="S184" Value="4"/>
<Cov CovItemId="S185" Value="4"/>
</CovPrefix>
<CovPrefix CovItemPrefix="com.OriginalFiles.Field.java">
<Cov CovItemId="B1" Value="1"/>
<Cov CovItemId="S1" Value="1"/>
<Cov CovItemId="S13" Value="1"/>
<Cov CovItemId="S2" Value="1"/>
<Cov CovItemId="S5" Value="1"/>
<Cov CovItemId="S6" Value="1"/>
<Cov CovItemId="S7" Value="1"/>
<Cov CovItemId="S9" Value="4"/>
</CovPrefix>
<CovPrefix CovItemPrefix="com.OriginalFiles.Piece.java">
<Cov CovItemId="B11" Value="2"/>
<Cov CovItemId="B14" Value="2"/>
<Cov CovItemId="B15" Value="2"/>
<Cov CovItemId="B18" Value="2"/>
<Cov CovItemId="B2" Value="2"/>
<Cov CovItemId="B34" Value="2"/>
<Cov CovItemId="B35" Value="2"/>
<Cov CovItemId="B37" Value="2"/>
<Cov CovItemId="B40" Value="2"/>
<Cov CovItemId="B5" Value="2"/>
<Cov CovItemId="B9" Value="2"/>
<Cov CovItemId="S1" Value="1"/>
<Cov CovItemId="S10" Value="1"/>
<Cov CovItemId="S11" Value="1"/>
<Cov CovItemId="S12" Value="1"/>
<Cov CovItemId="S13" Value="1"/>
<Cov CovItemId="S14" Value="1"/>
<Cov CovItemId="S15" Value="1"/>
<Cov CovItemId="S16" Value="1"/>
<Cov CovItemId="S17" Value="1"/>
<Cov CovItemId="S18" Value="1"/>
<Cov CovItemId="S19" Value="1"/>
<Cov CovItemId="S2" Value="1"/>
<Cov CovItemId="S20" Value="1"/>
<Cov CovItemId="S21" Value="1"/>
<Cov CovItemId="S24" Value="2"/>
<Cov CovItemId="S25" Value="2"/>
<Cov CovItemId="S26" Value="2"/>
<Cov CovItemId="S3" Value="1"/>
<Cov CovItemId="S30" Value="2"/>
<Cov CovItemId="S31" Value="2"/>
<Cov CovItemId="S32" Value="2"/>
<Cov CovItemId="S33" Value="2"/>
<Cov CovItemId="S39" Value="2"/>
<Cov CovItemId="S4" Value="1"/>
<Cov CovItemId="S40" Value="2"/>
<Cov CovItemId="S42" Value="2"/>
<Cov CovItemId="S43" Value="2"/>
<Cov CovItemId="S44" Value="2"/>
<Cov CovItemId="S45" Value="2"/>
<Cov CovItemId="S46" Value="2"/>
<Cov CovItemId="S48" Value="2"/>
<Cov CovItemId="S49" Value="2"/>
<Cov CovItemId="S5" Value="1"/>
<Cov CovItemId="S50" Value="2"/>
<Cov CovItemId="S6" Value="1"/>
<Cov CovItemId="S65" Value="2"/>
<Cov CovItemId="S67" Value="2"/>
<Cov CovItemId="S68" Value="2"/>
<Cov CovItemId="S69" Value="2"/>
<Cov CovItemId="S7" Value="1"/>
<Cov CovItemId="S70" Value="2"/>
<Cov CovItemId="S71" Value="2"/>
<Cov CovItemId="S73" Value="2"/>
<Cov CovItemId="S8" Value="1"/>
<Cov CovItemId="S9" Value="1"/>
</CovPrefix>
</CovList>
<AssgnmntList>
<AssgnmntPrefix RootTermCovItemPrefix="com.OriginalFiles.Board.java">
<AssgnmntListEntry Length="3" RootTermCovItemId="C55">
<MapEntry BoolAssgnmnt="120" Value="4"/>
<MapEntry BoolAssgnmnt="121" Value="4"/>
</AssgnmntListEntry>
<AssgnmntListEntry Length="3" RootTermCovItemId="C56">
<MapEntry BoolAssgnmnt="002" Value="4"/>
</AssgnmntListEntry>
</AssgnmntPrefix>
<AssgnmntPrefix RootTermCovItemPrefix="com.OriginalFiles.Field.java">
<AssgnmntListEntry Length="1" RootTermCovItemId="C1">
<MapEntry BoolAssgnmnt="0" Value="1"/>
</AssgnmntListEntry>
</AssgnmntPrefix>
<AssgnmntPrefix RootTermCovItemPrefix="com.OriginalFiles.Piece.java">
<AssgnmntListEntry Length="2" RootTermCovItemId="C1">
<MapEntry BoolAssgnmnt="10" Value="2"/>
</AssgnmntListEntry>
<AssgnmntListEntry Length="5" RootTermCovItemId="C17">
<MapEntry BoolAssgnmnt="00210" Value="2"/>
</AssgnmntListEntry>
<AssgnmntListEntry Length="5" RootTermCovItemId="C18">
<MapEntry BoolAssgnmnt="00211" Value="2"/>
</AssgnmntListEntry>
<AssgnmntListEntry Length="1" RootTermCovItemId="C19">
<MapEntry BoolAssgnmnt="1" Value="2"/>
</AssgnmntListEntry>
<AssgnmntListEntry Length="1" RootTermCovItemId="C20">
<MapEntry BoolAssgnmnt="0" Value="2"/>
</AssgnmntListEntry>
<AssgnmntListEntry Length="1" RootTermCovItemId="C3">
<MapEntry BoolAssgnmnt="1" Value="2"/>
</AssgnmntListEntry>
<AssgnmntListEntry Length="1" RootTermCovItemId="C5">
<MapEntry BoolAssgnmnt="1" Value="2"/>
</AssgnmntListEntry>
<AssgnmntListEntry Length="1" RootTermCovItemId="C6">
<MapEntry BoolAssgnmnt="1" Value="2"/>
</AssgnmntListEntry>
<AssgnmntListEntry Length="1" RootTermCovItemId="C7">
<MapEntry BoolAssgnmnt="0" Value="2"/>
</AssgnmntListEntry>
<AssgnmntListEntry Length="1" RootTermCovItemId="C8">
<MapEntry BoolAssgnmnt="1" Value="2"/>
</AssgnmntListEntry>
<AssgnmntListEntry Length="1" RootTermCovItemId="C9">
<MapEntry BoolAssgnmnt="0" Value="2"/>
</AssgnmntListEntry>
</AssgnmntPrefix>
</AssgnmntList>
<ObjMetaDataList/>
<MetaDataList/>
</TestCase>
<TestCase Comment="" Date="1386063802825" Name="com.Testing.BoardTest:testCheckJumpDirection">
<CovList>
<CovPrefix CovItemPrefix="com.OriginalFiles.Analyze.java">
<Cov CovItemId="B107" Value="32"/>
<Cov CovItemId="S199" Value="32"/>
<Cov CovItemId="S200" Value="32"/>
<Cov CovItemId="S201" Value="32"/>
<Cov CovItemId="S202" Value="32"/>
<Cov CovItemId="S203" Value="32"/>
<Cov CovItemId="S204" Value="32"/>
</CovPrefix>
<CovPrefix CovItemPrefix="com.OriginalFiles.Board.java">
<Cov CovItemId="B41" Value="2"/>
<Cov CovItemId="B56" Value="4"/>
<Cov CovItemId="B57" Value="4"/>
<Cov CovItemId="B59" Value="4"/>
<Cov CovItemId="B61" Value="2"/>
<Cov CovItemId="B62" Value="2"/>
<Cov CovItemId="B79" Value="4"/>
<Cov CovItemId="B81" Value="2"/>
<Cov CovItemId="B82" Value="2"/>
<Cov CovItemId="B83" Value="29"/>
<Cov CovItemId="B84" Value="81"/>
<Cov CovItemId="B85" Value="29"/>
<Cov CovItemId="B86" Value="52"/>
<Cov CovItemId="S115" Value="2"/>
<Cov CovItemId="S116" Value="2"/>
<Cov CovItemId="S135" Value="4"/>
<Cov CovItemId="S137" Value="4"/>
<Cov CovItemId="S138" Value="4"/>
<Cov CovItemId="S139" Value="4"/>
<Cov CovItemId="S140" Value="2"/>
<Cov CovItemId="S141" Value="2"/>
<Cov CovItemId="S176" Value="4"/>
<Cov CovItemId="S177" Value="4"/>
<Cov CovItemId="S178" Value="2"/>
<Cov CovItemId="S179" Value="2"/>
<Cov CovItemId="S180" Value="110"/>
<Cov CovItemId="S181" Value="29"/>
<Cov CovItemId="S182" Value="81"/>
<Cov CovItemId="S183" Value="29"/>
<Cov CovItemId="S184" Value="52"/>
<Cov CovItemId="S185" Value="82"/>
</CovPrefix>
<CovPrefix CovItemPrefix="com.OriginalFiles.Field.java">
<Cov CovItemId="B1" Value="34"/>
<Cov CovItemId="B2" Value="8"/>
<Cov CovItemId="S1" Value="88"/>
<Cov CovItemId="S13" Value="65"/>
<Cov CovItemId="S2" Value="88"/>
<Cov CovItemId="S5" Value="42"/>
<Cov CovItemId="S6" Value="42"/>
<Cov CovItemId="S7" Value="34"/>
<Cov CovItemId="S8" Value="3"/>
<Cov CovItemId="S9" Value="48"/>
</CovPrefix>
<CovPrefix CovItemPrefix="com.OriginalFiles.Piece.java">
<Cov CovItemId="B10" Value="14"/>
<Cov CovItemId="B11" Value="28"/>
<Cov CovItemId="B12" Value="8"/>
<Cov CovItemId="B14" Value="28"/>
<Cov CovItemId="B15" Value="28"/>
<Cov CovItemId="B18" Value="28"/>
<Cov CovItemId="B2" Value="36"/>
<Cov CovItemId="B34" Value="28"/>
<Cov CovItemId="B35" Value="9"/>
<Cov CovItemId="B36" Value="19"/>
<Cov CovItemId="B37" Value="9"/>
<Cov CovItemId="B40" Value="28"/>
<Cov CovItemId="B5" Value="28"/>
<Cov CovItemId="B6" Value="8"/>
<Cov CovItemId="B9" Value="14"/>
<Cov CovItemId="S1" Value="34"/>
<Cov CovItemId="S10" Value="34"/>
<Cov CovItemId="S11" Value="34"/>
<Cov CovItemId="S12" Value="34"/>
<Cov CovItemId="S13" Value="34"/>
<Cov CovItemId="S14" Value="34"/>
<Cov CovItemId="S15" Value="34"/>
<Cov CovItemId="S16" Value="34"/>
<Cov CovItemId="S17" Value="34"/>
<Cov CovItemId="S18" Value="34"/>
<Cov CovItemId="S19" Value="34"/>
<Cov CovItemId="S2" Value="34"/>
<Cov CovItemId="S20" Value="34"/>
<Cov CovItemId="S21" Value="34"/>
<Cov CovItemId="S24" Value="36"/>
<Cov CovItemId="S25" Value="36"/>
<Cov CovItemId="S26" Value="36"/>
<Cov CovItemId="S3" Value="34"/>
<Cov CovItemId="S30" Value="36"/>
<Cov CovItemId="S31" Value="36"/>
<Cov CovItemId="S32" Value="36"/>
<Cov CovItemId="S33" Value="28"/>
<Cov CovItemId="S34" Value="8"/>
<Cov CovItemId="S35" Value="8"/>
<Cov CovItemId="S39" Value="28"/>
<Cov CovItemId="S4" Value="34"/>
<Cov CovItemId="S40" Value="14"/>
<Cov CovItemId="S41" Value="14"/>
<Cov CovItemId="S42" Value="36"/>
<Cov CovItemId="S43" Value="36"/>
<Cov CovItemId="S44" Value="28"/>
<Cov CovItemId="S45" Value="28"/>
<Cov CovItemId="S46" Value="28"/>
<Cov CovItemId="S48" Value="28"/>
<Cov CovItemId="S49" Value="28"/>
<Cov CovItemId="S5" Value="34"/>
<Cov CovItemId="S50" Value="28"/>
<Cov CovItemId="S6" Value="34"/>
<Cov CovItemId="S65" Value="28"/>
<Cov CovItemId="S67" Value="28"/>
<Cov CovItemId="S68" Value="9"/>
<Cov CovItemId="S69" Value="9"/>
<Cov CovItemId="S7" Value="34"/>
<Cov CovItemId="S70" Value="9"/>
<Cov CovItemId="S71" Value="28"/>
<Cov CovItemId="S73" Value="28"/>
<Cov CovItemId="S8" Value="34"/>
<Cov CovItemId="S9" Value="34"/>
</CovPrefix>
<CovPrefix CovItemPrefix="com.OriginalFiles.RemoteNXTFunctions.java">
<Cov CovItemId="B5" Value="32"/>
<Cov CovItemId="B7" Value="32"/>
<Cov CovItemId="S162" Value="32"/>
<Cov CovItemId="S19" Value="32"/>
<Cov CovItemId="S20" Value="32"/>
<Cov CovItemId="S21" Value="32"/>
<Cov CovItemId="S22" Value="32"/>
</CovPrefix>
</CovList>
<AssgnmntList>
<AssgnmntPrefix RootTermCovItemPrefix="com.OriginalFiles.Analyze.java">
<AssgnmntListEntry Length="6" RootTermCovItemId="C66">
<MapEntry BoolAssgnmnt="111111" Value="32"/>
</AssgnmntListEntry>
</AssgnmntPrefix>
<AssgnmntPrefix RootTermCovItemPrefix="com.OriginalFiles.Board.java">
<AssgnmntListEntry Length="1" RootTermCovItemId="C31">
<MapEntry BoolAssgnmnt="1" Value="2"/>
</AssgnmntListEntry>
<AssgnmntListEntry Length="5" RootTermCovItemId="C38">
<MapEntry BoolAssgnmnt="02002" Value="2"/>
<MapEntry BoolAssgnmnt="11221" Value="2"/>
</AssgnmntListEntry>
<AssgnmntListEntry Length="1" RootTermCovItemId="C39">
<MapEntry BoolAssgnmnt="1" Value="4"/>
</AssgnmntListEntry>
<AssgnmntListEntry Length="1" RootTermCovItemId="C40">
<MapEntry BoolAssgnmnt="0" Value="4"/>
</AssgnmntListEntry>
<AssgnmntListEntry Length="2" RootTermCovItemId="C41">
<MapEntry BoolAssgnmnt="10" Value="2"/>
<MapEntry BoolAssgnmnt="02" Value="2"/>
</AssgnmntListEntry>
<AssgnmntListEntry Length="1" RootTermCovItemId="C53">
<MapEntry BoolAssgnmnt="1" Value="4"/>
</AssgnmntListEntry>
<AssgnmntListEntry Length="1" RootTermCovItemId="C54">
<MapEntry BoolAssgnmnt="0" Value="2"/>
<MapEntry BoolAssgnmnt="1" Value="2"/>
</AssgnmntListEntry>
<AssgnmntListEntry Length="3" RootTermCovItemId="C55">
<MapEntry BoolAssgnmnt="002" Value="53"/>
<MapEntry BoolAssgnmnt="120" Value="29"/>
<MapEntry BoolAssgnmnt="121" Value="28"/>
</AssgnmntListEntry>
<AssgnmntListEntry Length="3" RootTermCovItemId="C56">
<MapEntry BoolAssgnmnt="002" Value="28"/>
<MapEntry BoolAssgnmnt="120" Value="24"/>
<MapEntry BoolAssgnmnt="121" Value="29"/>
</AssgnmntListEntry>
</AssgnmntPrefix>
<AssgnmntPrefix RootTermCovItemPrefix="com.OriginalFiles.Field.java">
<AssgnmntListEntry Length="1" RootTermCovItemId="C1">
<MapEntry BoolAssgnmnt="0" Value="34"/>
<MapEntry BoolAssgnmnt="1" Value="8"/>
</AssgnmntListEntry>
</AssgnmntPrefix>
<AssgnmntPrefix RootTermCovItemPrefix="com.OriginalFiles.Piece.java">
<AssgnmntListEntry Length="2" RootTermCovItemId="C1">
<MapEntry BoolAssgnmnt="10" Value="28"/>
<MapEntry BoolAssgnmnt="02" Value="8"/>
</AssgnmntListEntry>
<AssgnmntListEntry Length="5" RootTermCovItemId="C17">
<MapEntry BoolAssgnmnt="00210" Value="14"/>
<MapEntry BoolAssgnmnt="01002" Value="14"/>
</AssgnmntListEntry>
<AssgnmntListEntry Length="5" RootTermCovItemId="C18">
<MapEntry BoolAssgnmnt="00210" Value="9"/>
<MapEntry BoolAssgnmnt="00211" Value="5"/>
<MapEntry BoolAssgnmnt="01002" Value="10"/>
<MapEntry BoolAssgnmnt="01122" Value="4"/>
</AssgnmntListEntry>
<AssgnmntListEntry Length="1" RootTermCovItemId="C19">
<MapEntry BoolAssgnmnt="1" Value="9"/>
</AssgnmntListEntry>
<AssgnmntListEntry Length="1" RootTermCovItemId="C20">
<MapEntry BoolAssgnmnt="0" Value="28"/>
</AssgnmntListEntry>
<AssgnmntListEntry Length="1" RootTermCovItemId="C3">
<MapEntry BoolAssgnmnt="0" Value="8"/>
<MapEntry BoolAssgnmnt="1" Value="28"/>
</AssgnmntListEntry>
<AssgnmntListEntry Length="1" RootTermCovItemId="C5">
<MapEntry BoolAssgnmnt="0" Value="14"/>
<MapEntry BoolAssgnmnt="1" Value="14"/>
</AssgnmntListEntry>
<AssgnmntListEntry Length="1" RootTermCovItemId="C6">
<MapEntry BoolAssgnmnt="0" Value="8"/>
<MapEntry BoolAssgnmnt="1" Value="28"/>
</AssgnmntListEntry>
<AssgnmntListEntry Length="1" RootTermCovItemId="C7">
<MapEntry BoolAssgnmnt="0" Value="28"/>
</AssgnmntListEntry>
<AssgnmntListEntry Length="1" RootTermCovItemId="C8">
<MapEntry BoolAssgnmnt="1" Value="28"/>
</AssgnmntListEntry>
<AssgnmntListEntry Length="1" RootTermCovItemId="C9">
<MapEntry BoolAssgnmnt="0" Value="28"/>
</AssgnmntListEntry>
</AssgnmntPrefix>
<AssgnmntPrefix RootTermCovItemPrefix="com.OriginalFiles.RemoteNXTFunctions.java">
<AssgnmntListEntry Length="1" RootTermCovItemId="C5">
<MapEntry BoolAssgnmnt="1" Value="32"/>
</AssgnmntListEntry>
<AssgnmntListEntry Length="2" RootTermCovItemId="C6">
<MapEntry BoolAssgnmnt="11" Value="32"/>
</AssgnmntListEntry>
</AssgnmntPrefix>
</AssgnmntList>
<ObjMetaDataList/>
<MetaDataList/>
</TestCase>
<TestCase Comment="" Date="1386063802826" Name="com.Testing.BoardTest:testFieldOccupied">
<CovList>
<CovPrefix CovItemPrefix="com.OriginalFiles.Board.java">
<Cov CovItemId="B41" Value="2"/>
<Cov CovItemId="B42" Value="1"/>
<Cov CovItemId="S115" Value="3"/>
<Cov CovItemId="S116" Value="2"/>
<Cov CovItemId="S117" Value="1"/>
<Cov CovItemId="S185" Value="3"/>
</CovPrefix>
<CovPrefix CovItemPrefix="com.OriginalFiles.Field.java">
<Cov CovItemId="S9" Value="2"/>
</CovPrefix>
</CovList>
<AssgnmntList>
<AssgnmntPrefix RootTermCovItemPrefix="com.OriginalFiles.Board.java">
<AssgnmntListEntry Length="1" RootTermCovItemId="C31">
<MapEntry BoolAssgnmnt="0" Value="1"/>
<MapEntry BoolAssgnmnt="1" Value="2"/>
</AssgnmntListEntry>
</AssgnmntPrefix>
</AssgnmntList>
<ObjMetaDataList/>
<MetaDataList/>
</TestCase>
<TestCase Comment="" Date="1386063802826" Name="com.Testing.BoardTest:testBoard">
<CovList>
<CovPrefix CovItemPrefix="com.OriginalFiles.Field.java">
<Cov CovItemId="S8" Value="120"/>
</CovPrefix>
<CovPrefix CovItemPrefix="com.OriginalFiles.Piece.java">
<Cov CovItemId="S22" Value="24"/>
<Cov CovItemId="S23" Value="24"/>
</CovPrefix>
</CovList>
<AssgnmntList/>
<ObjMetaDataList/>
<MetaDataList/>
</TestCase>
<TestCase Comment="" Date="1386063802827" Name="com.Testing.BoardTest:testCheckAllegiance">
<CovList>
<CovPrefix CovItemPrefix="com.OriginalFiles.Board.java">
<Cov CovItemId="B79" Value="4"/>
<Cov CovItemId="B80" Value="2"/>
<Cov CovItemId="B81" Value="4"/>
<Cov CovItemId="B83" Value="1"/>
<Cov CovItemId="B84" Value="3"/>
<Cov CovItemId="B85" Value="1"/>
<Cov CovItemId="B86" Value="2"/>
<Cov CovItemId="S176" Value="6"/>
<Cov CovItemId="S177" Value="4"/>
<Cov CovItemId="S178" Value="4"/>
<Cov CovItemId="S179" Value="2"/>
<Cov CovItemId="S180" Value="4"/>
<Cov CovItemId="S181" Value="1"/>
<Cov CovItemId="S182" Value="3"/>
<Cov CovItemId="S183" Value="1"/>
<Cov CovItemId="S184" Value="2"/>
<Cov CovItemId="S185" Value="6"/>
</CovPrefix>
<CovPrefix CovItemPrefix="com.OriginalFiles.Field.java">
<Cov CovItemId="S1" Value="1"/>
<Cov CovItemId="S2" Value="1"/>
<Cov CovItemId="S8" Value="4"/>
<Cov CovItemId="S9" Value="4"/>
</CovPrefix>
</CovList>
<AssgnmntList>
<AssgnmntPrefix RootTermCovItemPrefix="com.OriginalFiles.Board.java">
<AssgnmntListEntry Length="1" RootTermCovItemId="C53">
<MapEntry BoolAssgnmnt="0" Value="2"/>
<MapEntry BoolAssgnmnt="1" Value="4"/>
</AssgnmntListEntry>
<AssgnmntListEntry Length="1" RootTermCovItemId="C54">
<MapEntry BoolAssgnmnt="0" Value="4"/>
</AssgnmntListEntry>
<AssgnmntListEntry Length="3" RootTermCovItemId="C55">
<MapEntry BoolAssgnmnt="002" Value="2"/>
<MapEntry BoolAssgnmnt="120" Value="1"/>
<MapEntry BoolAssgnmnt="121" Value="1"/>
</AssgnmntListEntry>
<AssgnmntListEntry Length="3" RootTermCovItemId="C56">
<MapEntry BoolAssgnmnt="002" Value="1"/>
<MapEntry BoolAssgnmnt="120" Value="1"/>
<MapEntry BoolAssgnmnt="121" Value="1"/>
</AssgnmntListEntry>
</AssgnmntPrefix>
</AssgnmntList>
<ObjMetaDataList/>
<MetaDataList/>
</TestCase>
<TestCase Comment="" Date="1386063802827" Name="com.Testing.BoardTest:testpeasentIsOnEndRow">
<CovList>
<CovPrefix CovItemPrefix="com.OriginalFiles.Board.java">
<Cov CovItemId="B31" Value="6"/>
<Cov CovItemId="B32" Value="1"/>
<Cov CovItemId="B33" Value="3"/>
<Cov CovItemId="B34" Value="3"/>
<Cov CovItemId="B35" Value="2"/>
<Cov CovItemId="B36" Value="4"/>
<Cov CovItemId="B79" Value="6"/>
<Cov CovItemId="B81" Value="6"/>
<Cov CovItemId="B84" Value="10"/>
<Cov CovItemId="B85" Value="5"/>
<Cov CovItemId="B86" Value="5"/>
<Cov CovItemId="S100" Value="3"/>
<Cov CovItemId="S101" Value="3"/>
<Cov CovItemId="S102" Value="6"/>
<Cov CovItemId="S103" Value="2"/>
<Cov CovItemId="S104" Value="5"/>
<Cov CovItemId="S176" Value="6"/>
<Cov CovItemId="S177" Value="6"/>
<Cov CovItemId="S178" Value="6"/>
<Cov CovItemId="S180" Value="10"/>
<Cov CovItemId="S182" Value="10"/>
<Cov CovItemId="S183" Value="5"/>
<Cov CovItemId="S184" Value="5"/>
<Cov CovItemId="S185" Value="8"/>
<Cov CovItemId="S98" Value="7"/>
<Cov CovItemId="S99" Value="6"/>
</CovPrefix>
<CovPrefix CovItemPrefix="com.OriginalFiles.Field.java">
<Cov CovItemId="B1" Value="1"/>
<Cov CovItemId="S1" Value="1"/>
<Cov CovItemId="S13" Value="1"/>
<Cov CovItemId="S2" Value="1"/>
<Cov CovItemId="S5" Value="1"/>
<Cov CovItemId="S6" Value="1"/>
<Cov CovItemId="S7" Value="1"/>
<Cov CovItemId="S8" Value="10"/>
<Cov CovItemId="S9" Value="14"/>
</CovPrefix>
<CovPrefix CovItemPrefix="com.OriginalFiles.Piece.java">
<Cov CovItemId="B10" Value="1"/>
<Cov CovItemId="B11" Value="1"/>
<Cov CovItemId="B14" Value="1"/>
<Cov CovItemId="B15" Value="1"/>
<Cov CovItemId="B18" Value="1"/>
<Cov CovItemId="B2" Value="1"/>
<Cov CovItemId="B34" Value="1"/>
<Cov CovItemId="B36" Value="1"/>
<Cov CovItemId="B40" Value="1"/>
<Cov CovItemId="B5" Value="1"/>
<Cov CovItemId="S1" Value="1"/>
<Cov CovItemId="S10" Value="1"/>
<Cov CovItemId="S11" Value="1"/>
<Cov CovItemId="S12" Value="1"/>
<Cov CovItemId="S13" Value="1"/>
<Cov CovItemId="S14" Value="1"/>
<Cov CovItemId="S15" Value="1"/>
<Cov CovItemId="S16" Value="1"/>
<Cov CovItemId="S17" Value="1"/>
<Cov CovItemId="S18" Value="1"/>
<Cov CovItemId="S19" Value="1"/>
<Cov CovItemId="S2" Value="1"/>
<Cov CovItemId="S20" Value="1"/>
<Cov CovItemId="S21" Value="1"/>
<Cov CovItemId="S24" Value="1"/>
<Cov CovItemId="S25" Value="1"/>
<Cov CovItemId="S26" Value="1"/>
<Cov CovItemId="S3" Value="1"/>
<Cov CovItemId="S30" Value="1"/>
<Cov CovItemId="S31" Value="1"/>
<Cov CovItemId="S32" Value="1"/>
<Cov CovItemId="S33" Value="1"/>
<Cov CovItemId="S39" Value="1"/>
<Cov CovItemId="S4" Value="1"/>
<Cov CovItemId="S41" Value="1"/>
<Cov CovItemId="S42" Value="1"/>
<Cov CovItemId="S43" Value="1"/>
<Cov CovItemId="S44" Value="1"/>
<Cov CovItemId="S45" Value="1"/>
<Cov CovItemId="S46" Value="1"/>
<Cov CovItemId="S48" Value="1"/>
<Cov CovItemId="S49" Value="1"/>
<Cov CovItemId="S5" Value="1"/>
<Cov CovItemId="S50" Value="1"/>
<Cov CovItemId="S6" Value="1"/>
<Cov CovItemId="S65" Value="1"/>
<Cov CovItemId="S67" Value="1"/>
<Cov CovItemId="S7" Value="1"/>
<Cov CovItemId="S71" Value="1"/>
<Cov CovItemId="S73" Value="1"/>
<Cov CovItemId="S8" Value="1"/>
<Cov CovItemId="S9" Value="1"/>
</CovPrefix>
</CovList>
<AssgnmntList>
<AssgnmntPrefix RootTermCovItemPrefix="com.OriginalFiles.Board.java">
<AssgnmntListEntry Length="1" RootTermCovItemId="C26">
<MapEntry BoolAssgnmnt="0" Value="6"/>
<MapEntry BoolAssgnmnt="1" Value="1"/>
</AssgnmntListEntry>
<AssgnmntListEntry Length="1" RootTermCovItemId="C27">
<MapEntry BoolAssgnmnt="0" Value="3"/>
<MapEntry BoolAssgnmnt="1" Value="3"/>
</AssgnmntListEntry>
<AssgnmntListEntry Length="2" RootTermCovItemId="C28">
<MapEntry BoolAssgnmnt="10" Value="2"/>
<MapEntry BoolAssgnmnt="02" Value="2"/>
<MapEntry BoolAssgnmnt="11" Value="2"/>
</AssgnmntListEntry>
<AssgnmntListEntry Length="1" RootTermCovItemId="C53">
<MapEntry BoolAssgnmnt="1" Value="6"/>
</AssgnmntListEntry>
<AssgnmntListEntry Length="1" RootTermCovItemId="C54">
<MapEntry BoolAssgnmnt="0" Value="6"/>
</AssgnmntListEntry>
<AssgnmntListEntry Length="3" RootTermCovItemId="C55">
<MapEntry BoolAssgnmnt="002" Value="7"/>
<MapEntry BoolAssgnmnt="121" Value="3"/>
</AssgnmntListEntry>
<AssgnmntListEntry Length="3" RootTermCovItemId="C56">
<MapEntry BoolAssgnmnt="002" Value="3"/>
<MapEntry BoolAssgnmnt="120" Value="2"/>
<MapEntry BoolAssgnmnt="121" Value="5"/>
</AssgnmntListEntry>
</AssgnmntPrefix>
<AssgnmntPrefix RootTermCovItemPrefix="com.OriginalFiles.Field.java">
<AssgnmntListEntry Length="1" RootTermCovItemId="C1">
<MapEntry BoolAssgnmnt="0" Value="1"/>
</AssgnmntListEntry>
</AssgnmntPrefix>
<AssgnmntPrefix RootTermCovItemPrefix="com.OriginalFiles.Piece.java">
<AssgnmntListEntry Length="2" RootTermCovItemId="C1">
<MapEntry BoolAssgnmnt="10" Value="1"/>
</AssgnmntListEntry>
<AssgnmntListEntry Length="5" RootTermCovItemId="C17">
<MapEntry BoolAssgnmnt="01002" Value="1"/>
</AssgnmntListEntry>
<AssgnmntListEntry Length="5" RootTermCovItemId="C18">
<MapEntry BoolAssgnmnt="01002" Value="1"/>
</AssgnmntListEntry>
<AssgnmntListEntry Length="1" RootTermCovItemId="C20">
<MapEntry BoolAssgnmnt="0" Value="1"/>
</AssgnmntListEntry>
<AssgnmntListEntry Length="1" RootTermCovItemId="C3">
<MapEntry BoolAssgnmnt="1" Value="1"/>
</AssgnmntListEntry>
<AssgnmntListEntry Length="1" RootTermCovItemId="C5">
<MapEntry BoolAssgnmnt="0" Value="1"/>
</AssgnmntListEntry>
<AssgnmntListEntry Length="1" RootTermCovItemId="C6">
<MapEntry BoolAssgnmnt="1" Value="1"/>
</AssgnmntListEntry>
<AssgnmntListEntry Length="1" RootTermCovItemId="C7">
<MapEntry BoolAssgnmnt="0" Value="1"/>
</AssgnmntListEntry>
<AssgnmntListEntry Length="1" RootTermCovItemId="C8">
<MapEntry BoolAssgnmnt="1" Value="1"/>
</AssgnmntListEntry>
<AssgnmntListEntry Length="1" RootTermCovItemId="C9">
<MapEntry BoolAssgnmnt="0" Value="1"/>
</AssgnmntListEntry>
</AssgnmntPrefix>
</AssgnmntList>
<ObjMetaDataList/>
<MetaDataList/>
</TestCase>
<TestCase Comment="" Date="1386063802828" Name="com.Testing.BoardTest:testverifyCorrectMove">
<CovList>
<CovPrefix CovItemPrefix="com.OriginalFiles.Analyze.java">
<Cov CovItemId="B108" Value="2"/>
<Cov CovItemId="B109" Value="1"/>
<Cov CovItemId="B110" Value="1"/>
<Cov CovItemId="B112" Value="1"/>
<Cov CovItemId="B114" Value="1"/>
<Cov CovItemId="S199" Value="2"/>
<Cov CovItemId="S200" Value="2"/>
<Cov CovItemId="S201" Value="2"/>
<Cov CovItemId="S202" Value="2"/>
<Cov CovItemId="S203" Value="2"/>
<Cov CovItemId="S205" Value="2"/>
<Cov CovItemId="S206" Value="1"/>
<Cov CovItemId="S207" Value="1"/>
<Cov CovItemId="S209" Value="1"/>
<Cov CovItemId="S211" Value="1"/>
</CovPrefix>
<CovPrefix CovItemPrefix="com.OriginalFiles.Board.java">
<Cov CovItemId="B27" Value="3"/>
<Cov CovItemId="B28" Value="1"/>
<Cov CovItemId="B29" Value="2"/>
<Cov CovItemId="B30" Value="1"/>
<Cov CovItemId="B39" Value="2"/>
<Cov CovItemId="B79" Value="4"/>
<Cov CovItemId="B81" Value="4"/>
<Cov CovItemId="B84" Value="8"/>
<Cov CovItemId="B85" Value="5"/>
<Cov CovItemId="B86" Value="3"/>
<Cov CovItemId="S111" Value="2"/>
<Cov CovItemId="S112" Value="2"/>
<Cov CovItemId="S113" Value="2"/>
<Cov CovItemId="S176" Value="4"/>
<Cov CovItemId="S177" Value="4"/>
<Cov CovItemId="S178" Value="4"/>
<Cov CovItemId="S180" Value="8"/>
<Cov CovItemId="S182" Value="8"/>
<Cov CovItemId="S183" Value="5"/>
<Cov CovItemId="S184" Value="3"/>
<Cov CovItemId="S185" Value="8"/>
<Cov CovItemId="S94" Value="4"/>
<Cov CovItemId="S95" Value="3"/>
<Cov CovItemId="S96" Value="2"/>
<Cov CovItemId="S97" Value="2"/>
</CovPrefix>
<CovPrefix CovItemPrefix="com.OriginalFiles.Field.java">
<Cov CovItemId="B1" Value="1"/>
<Cov CovItemId="S1" Value="1"/>
<Cov CovItemId="S2" Value="1"/>
<Cov CovItemId="S5" Value="1"/>
<Cov CovItemId="S6" Value="1"/>
<Cov CovItemId="S7" Value="1"/>
<Cov CovItemId="S8" Value="8"/>
<Cov CovItemId="S9" Value="5"/>
</CovPrefix>
<CovPrefix CovItemPrefix="com.OriginalFiles.Piece.java">
<Cov CovItemId="B11" Value="1"/>
<Cov CovItemId="B14" Value="1"/>
<Cov CovItemId="B15" Value="1"/>
<Cov CovItemId="B18" Value="1"/>
<Cov CovItemId="B2" Value="1"/>
<Cov CovItemId="B34" Value="1"/>
<Cov CovItemId="B36" Value="1"/>
<Cov CovItemId="B40" Value="1"/>
<Cov CovItemId="B5" Value="1"/>
<Cov CovItemId="B9" Value="1"/>
<Cov CovItemId="S1" Value="1"/>
<Cov CovItemId="S10" Value="1"/>
<Cov CovItemId="S11" Value="1"/>
<Cov CovItemId="S12" Value="1"/>
<Cov CovItemId="S13" Value="1"/>
<Cov CovItemId="S14" Value="1"/>
<Cov CovItemId="S15" Value="1"/>
<Cov CovItemId="S16" Value="1"/>
<Cov CovItemId="S17" Value="1"/>
<Cov CovItemId="S18" Value="1"/>
<Cov CovItemId="S19" Value="1"/>
<Cov CovItemId="S2" Value="1"/>
<Cov CovItemId="S20" Value="1"/>
<Cov CovItemId="S21" Value="1"/>
<Cov CovItemId="S24" Value="1"/>
<Cov CovItemId="S25" Value="1"/>
<Cov CovItemId="S26" Value="1"/>
<Cov CovItemId="S3" Value="1"/>
<Cov CovItemId="S30" Value="1"/>
<Cov CovItemId="S31" Value="1"/>
<Cov CovItemId="S32" Value="1"/>
<Cov CovItemId="S33" Value="1"/>
<Cov CovItemId="S39" Value="1"/>
<Cov CovItemId="S4" Value="1"/>
<Cov CovItemId="S40" Value="1"/>
<Cov CovItemId="S42" Value="1"/>
<Cov CovItemId="S43" Value="1"/>
<Cov CovItemId="S44" Value="1"/>
<Cov CovItemId="S45" Value="1"/>
<Cov CovItemId="S46" Value="1"/>
<Cov CovItemId="S48" Value="1"/>
<Cov CovItemId="S49" Value="1"/>
<Cov CovItemId="S5" Value="1"/>
<Cov CovItemId="S50" Value="1"/>
<Cov CovItemId="S6" Value="1"/>
<Cov CovItemId="S65" Value="1"/>
<Cov CovItemId="S67" Value="1"/>
<Cov CovItemId="S7" Value="1"/>
<Cov CovItemId="S71" Value="1"/>
<Cov CovItemId="S73" Value="1"/>
<Cov CovItemId="S8" Value="1"/>
<Cov CovItemId="S9" Value="1"/>
</CovPrefix>
<CovPrefix CovItemPrefix="com.OriginalFiles.RemoteNXTFunctions.java">
<Cov CovItemId="B10" Value="1"/>
<Cov CovItemId="B11" Value="1"/>
<Cov CovItemId="B5" Value="2"/>
<Cov CovItemId="B8" Value="2"/>
<Cov CovItemId="B9" Value="1"/>
<Cov CovItemId="S162" Value="2"/>
<Cov CovItemId="S19" Value="2"/>
<Cov CovItemId="S20" Value="2"/>
<Cov CovItemId="S21" Value="2"/>
<Cov CovItemId="S23" Value="2"/>
<Cov CovItemId="S24" Value="1"/>
<Cov CovItemId="S25" Value="1"/>
<Cov CovItemId="S26" Value="1"/>
</CovPrefix>
</CovList>
<AssgnmntList>
<AssgnmntPrefix RootTermCovItemPrefix="com.OriginalFiles.Analyze.java">
<AssgnmntListEntry Length="6" RootTermCovItemId="C66">
<MapEntry BoolAssgnmnt="110222" Value="1"/>
<MapEntry BoolAssgnmnt="022222" Value="1"/>
</AssgnmntListEntry>
<AssgnmntListEntry Length="6" RootTermCovItemId="C67">
<MapEntry BoolAssgnmnt="022222" Value="1"/>
<MapEntry BoolAssgnmnt="111111" Value="1"/>
</AssgnmntListEntry>
<AssgnmntListEntry Length="6" RootTermCovItemId="C68">
<MapEntry BoolAssgnmnt="102222" Value="1"/>
</AssgnmntListEntry>
<AssgnmntListEntry Length="6" RootTermCovItemId="C69">
<MapEntry BoolAssgnmnt="102222" Value="1"/>
</AssgnmntListEntry>
</AssgnmntPrefix>
<AssgnmntPrefix RootTermCovItemPrefix="com.OriginalFiles.Board.java">
<AssgnmntListEntry Length="1" RootTermCovItemId="C24">
<MapEntry BoolAssgnmnt="0" Value="1"/>
<MapEntry BoolAssgnmnt="1" Value="3"/>
</AssgnmntListEntry>
<AssgnmntListEntry Length="1" RootTermCovItemId="C25">
<MapEntry BoolAssgnmnt="0" Value="1"/>
<MapEntry BoolAssgnmnt="1" Value="2"/>
</AssgnmntListEntry>
<AssgnmntListEntry Length="1" RootTermCovItemId="C30">
<MapEntry BoolAssgnmnt="1" Value="2"/>
</AssgnmntListEntry>
<AssgnmntListEntry Length="1" RootTermCovItemId="C53">
<MapEntry BoolAssgnmnt="1" Value="4"/>
</AssgnmntListEntry>
<AssgnmntListEntry Length="1" RootTermCovItemId="C54">
<MapEntry BoolAssgnmnt="0" Value="4"/>
</AssgnmntListEntry>
<AssgnmntListEntry Length="3" RootTermCovItemId="C55">
<MapEntry BoolAssgnmnt="002" Value="7"/>
<MapEntry BoolAssgnmnt="121" Value="1"/>
</AssgnmntListEntry>
<AssgnmntListEntry Length="3" RootTermCovItemId="C56">
<MapEntry BoolAssgnmnt="002" Value="1"/>
<MapEntry BoolAssgnmnt="120" Value="2"/>
<MapEntry BoolAssgnmnt="121" Value="5"/>
</AssgnmntListEntry>
</AssgnmntPrefix>
<AssgnmntPrefix RootTermCovItemPrefix="com.OriginalFiles.Field.java">
<AssgnmntListEntry Length="1" RootTermCovItemId="C1">
<MapEntry BoolAssgnmnt="0" Value="1"/>
</AssgnmntListEntry>
</AssgnmntPrefix>
<AssgnmntPrefix RootTermCovItemPrefix="com.OriginalFiles.Piece.java">
<AssgnmntListEntry Length="2" RootTermCovItemId="C1">
<MapEntry BoolAssgnmnt="10" Value="1"/>
</AssgnmntListEntry>
<AssgnmntListEntry Length="5" RootTermCovItemId="C17">
<MapEntry BoolAssgnmnt="01002" Value="1"/>
</AssgnmntListEntry>
<AssgnmntListEntry Length="5" RootTermCovItemId="C18">
<MapEntry BoolAssgnmnt="01002" Value="1"/>
</AssgnmntListEntry>
<AssgnmntListEntry Length="1" RootTermCovItemId="C20">
<MapEntry BoolAssgnmnt="0" Value="1"/>
</AssgnmntListEntry>
<AssgnmntListEntry Length="1" RootTermCovItemId="C3">
<MapEntry BoolAssgnmnt="1" Value="1"/>
</AssgnmntListEntry>
<AssgnmntListEntry Length="1" RootTermCovItemId="C5">
<MapEntry BoolAssgnmnt="1" Value="1"/>
</AssgnmntListEntry>
<AssgnmntListEntry Length="1" RootTermCovItemId="C6">
<MapEntry BoolAssgnmnt="1" Value="1"/>
</AssgnmntListEntry>
<AssgnmntListEntry Length="1" RootTermCovItemId="C7">
<MapEntry BoolAssgnmnt="0" Value="1"/>
</AssgnmntListEntry>
<AssgnmntListEntry Length="1" RootTermCovItemId="C8">
<MapEntry BoolAssgnmnt="1" Value="1"/>
</AssgnmntListEntry>
<AssgnmntListEntry Length="1" RootTermCovItemId="C9">
<MapEntry BoolAssgnmnt="0" Value="1"/>
</AssgnmntListEntry>
</AssgnmntPrefix>
<AssgnmntPrefix RootTermCovItemPrefix="com.OriginalFiles.RemoteNXTFunctions.java">
<AssgnmntListEntry Length="1" RootTermCovItemId="C5">
<MapEntry BoolAssgnmnt="1" Value="2"/>
</AssgnmntListEntry>
<AssgnmntListEntry Length="2" RootTermCovItemId="C6">
<MapEntry BoolAssgnmnt="02" Value="2"/>
</AssgnmntListEntry>
<AssgnmntListEntry Length="2" RootTermCovItemId="C7">
<MapEntry BoolAssgnmnt="02" Value="1"/>
<MapEntry BoolAssgnmnt="11" Value="1"/>
</AssgnmntListEntry>
<AssgnmntListEntry Length="2" RootTermCovItemId="C8">
<MapEntry BoolAssgnmnt="11" Value="1"/>
</AssgnmntListEntry>
</AssgnmntPrefix>
</AssgnmntList>
<ObjMetaDataList/>
<MetaDataList/>
</TestCase>
<TestCase Comment="" Date="1386063802828" Name="com.Testing.BoardTest:testsortListOfFields">
<CovList>
<CovPrefix CovItemPrefix="com.OriginalFiles.Board.java">
<Cov CovItemId="B11" Value="1"/>
<Cov CovItemId="B14" Value="1"/>
<Cov CovItemId="B16" Value="1"/>
<Cov CovItemId="B17" Value="1"/>
<Cov CovItemId="B84" Value="4"/>
<Cov CovItemId="B85" Value="2"/>
<Cov CovItemId="B86" Value="2"/>
<Cov CovItemId="L11-2" Value="1"/>
<Cov CovItemId="L12-0" Value="1"/>
<Cov CovItemId="L12-1" Value="1"/>
<Cov CovItemId="S180" Value="4"/>
<Cov CovItemId="S182" Value="4"/>
<Cov CovItemId="S183" Value="2"/>
<Cov CovItemId="S184" Value="2"/>
<Cov CovItemId="S185" Value="4"/>
<Cov CovItemId="S64" Value="1"/>
<Cov CovItemId="S65" Value="1"/>
<Cov CovItemId="S66" Value="1"/>
<Cov CovItemId="S67" Value="1"/>
<Cov CovItemId="S68" Value="2"/>
<Cov CovItemId="S69" Value="1"/>
<Cov CovItemId="S70" Value="1"/>
<Cov CovItemId="S71" Value="1"/>
<Cov CovItemId="S72" Value="1"/>
<Cov CovItemId="S73" Value="1"/>
<Cov CovItemId="S74" Value="1"/>
<Cov CovItemId="S75" Value="1"/>
<Cov CovItemId="S76" Value="2"/>
<Cov CovItemId="S77" Value="2"/>
<Cov CovItemId="S78" Value="1"/>
<Cov CovItemId="S80" Value="1"/>
<Cov CovItemId="S82" Value="1"/>
<Cov CovItemId="S83" Value="1"/>
</CovPrefix>
<CovPrefix CovItemPrefix="com.OriginalFiles.Field.java">
<Cov CovItemId="B1" Value="2"/>
<Cov CovItemId="S1" Value="2"/>
<Cov CovItemId="S13" Value="64"/>
<Cov CovItemId="S2" Value="2"/>
<Cov CovItemId="S5" Value="2"/>
<Cov CovItemId="S6" Value="2"/>
<Cov CovItemId="S7" Value="2"/>
<Cov CovItemId="S8" Value="6"/>
<Cov CovItemId="S9" Value="2"/>
</CovPrefix>
<CovPrefix CovItemPrefix="com.OriginalFiles.Piece.java">
<Cov CovItemId="B1" Value="1"/>
<Cov CovItemId="B11" Value="2"/>
<Cov CovItemId="B13" Value="1"/>
<Cov CovItemId="B14" Value="1"/>
<Cov CovItemId="B15" Value="2"/>
<Cov CovItemId="B18" Value="2"/>
<Cov CovItemId="B2" Value="1"/>
<Cov CovItemId="B34" Value="2"/>
<Cov CovItemId="B36" Value="2"/>
<Cov CovItemId="B39" Value="1"/>
<Cov CovItemId="B4" Value="1"/>
<Cov CovItemId="B40" Value="1"/>
<Cov CovItemId="B5" Value="2"/>
<Cov CovItemId="B9" Value="2"/>
<Cov CovItemId="S1" Value="2"/>
<Cov CovItemId="S10" Value="2"/>
<Cov CovItemId="S11" Value="2"/>
<Cov CovItemId="S12" Value="2"/>
<Cov CovItemId="S13" Value="2"/>
<Cov CovItemId="S14" Value="2"/>
<Cov CovItemId="S15" Value="2"/>
<Cov CovItemId="S16" Value="2"/>
<Cov CovItemId="S17" Value="2"/>
<Cov CovItemId="S18" Value="2"/>
<Cov CovItemId="S19" Value="2"/>
<Cov CovItemId="S2" Value="2"/>
<Cov CovItemId="S20" Value="2"/>
<Cov CovItemId="S21" Value="2"/>
<Cov CovItemId="S24" Value="2"/>
<Cov CovItemId="S25" Value="2"/>
<Cov CovItemId="S26" Value="2"/>
<Cov CovItemId="S27" Value="1"/>
<Cov CovItemId="S29" Value="1"/>
<Cov CovItemId="S3" Value="2"/>
<Cov CovItemId="S30" Value="1"/>
<Cov CovItemId="S31" Value="2"/>
<Cov CovItemId="S32" Value="2"/>
<Cov CovItemId="S33" Value="2"/>
<Cov CovItemId="S39" Value="2"/>
<Cov CovItemId="S4" Value="2"/>
<Cov CovItemId="S40" Value="2"/>
<Cov CovItemId="S42" Value="2"/>
<Cov CovItemId="S43" Value="2"/>
<Cov CovItemId="S44" Value="2"/>
<Cov CovItemId="S45" Value="2"/>
<Cov CovItemId="S46" Value="2"/>
<Cov CovItemId="S47" Value="1"/>
<Cov CovItemId="S48" Value="2"/>
<Cov CovItemId="S49" Value="2"/>
<Cov CovItemId="S5" Value="2"/>
<Cov CovItemId="S50" Value="2"/>
<Cov CovItemId="S6" Value="2"/>
<Cov CovItemId="S65" Value="2"/>
<Cov CovItemId="S67" Value="2"/>
<Cov CovItemId="S7" Value="2"/>
<Cov CovItemId="S71" Value="2"/>
<Cov CovItemId="S72" Value="1"/>
<Cov CovItemId="S73" Value="2"/>
<Cov CovItemId="S8" Value="2"/>
<Cov CovItemId="S9" Value="2"/>
</CovPrefix>
</CovList>
<AssgnmntList>
<AssgnmntPrefix RootTermCovItemPrefix="com.OriginalFiles.Board.java">
<AssgnmntListEntry Length="1" RootTermCovItemId="C14">
<MapEntry BoolAssgnmnt="0" Value="1"/>
<MapEntry BoolAssgnmnt="1" Value="2"/>
</AssgnmntListEntry>
<AssgnmntListEntry Length="1" RootTermCovItemId="C15">
<MapEntry BoolAssgnmnt="0" Value="2"/>
<MapEntry BoolAssgnmnt="1" Value="1"/>
</AssgnmntListEntry>
<AssgnmntListEntry Length="1" RootTermCovItemId="C16">
<MapEntry BoolAssgnmnt="0" Value="1"/>
</AssgnmntListEntry>
<AssgnmntListEntry Length="4" RootTermCovItemId="C17">
<MapEntry BoolAssgnmnt="0222" Value="1"/>
</AssgnmntListEntry>
<AssgnmntListEntry Length="2" RootTermCovItemId="C18">
<MapEntry BoolAssgnmnt="02" Value="1"/>
</AssgnmntListEntry>
<AssgnmntListEntry Length="2" RootTermCovItemId="C19">
<MapEntry BoolAssgnmnt="10" Value="1"/>
</AssgnmntListEntry>
<AssgnmntListEntry Length="3" RootTermCovItemId="C55">
<MapEntry BoolAssgnmnt="002" Value="4"/>
</AssgnmntListEntry>
<AssgnmntListEntry Length="3" RootTermCovItemId="C56">
<MapEntry BoolAssgnmnt="120" Value="2"/>
<MapEntry BoolAssgnmnt="121" Value="2"/>
</AssgnmntListEntry>
</AssgnmntPrefix>
<AssgnmntPrefix RootTermCovItemPrefix="com.OriginalFiles.Field.java">
<AssgnmntListEntry Length="1" RootTermCovItemId="C1">
<MapEntry BoolAssgnmnt="0" Value="2"/>
</AssgnmntListEntry>
</AssgnmntPrefix>
<AssgnmntPrefix RootTermCovItemPrefix="com.OriginalFiles.Piece.java">
<AssgnmntListEntry Length="2" RootTermCovItemId="C1">
<MapEntry BoolAssgnmnt="10" Value="1"/>
<MapEntry BoolAssgnmnt="11" Value="1"/>
</AssgnmntListEntry>
<AssgnmntListEntry Length="5" RootTermCovItemId="C17">
<MapEntry BoolAssgnmnt="01002" Value="1"/>
<MapEntry BoolAssgnmnt="12222" Value="1"/>
</AssgnmntListEntry>
<AssgnmntListEntry Length="5" RootTermCovItemId="C18">
<MapEntry BoolAssgnmnt="01002" Value="1"/>
<MapEntry BoolAssgnmnt="12222" Value="1"/>
</AssgnmntListEntry>
<AssgnmntListEntry Length="2" RootTermCovItemId="C2">
<MapEntry BoolAssgnmnt="02" Value="1"/>
</AssgnmntListEntry>
<AssgnmntListEntry Length="1" RootTermCovItemId="C20">
<MapEntry BoolAssgnmnt="0" Value="1"/>
<MapEntry BoolAssgnmnt="1" Value="1"/>
</AssgnmntListEntry>
<AssgnmntListEntry Length="1" RootTermCovItemId="C3">
<MapEntry BoolAssgnmnt="1" Value="2"/>
</AssgnmntListEntry>
<AssgnmntListEntry Length="1" RootTermCovItemId="C5">
<MapEntry BoolAssgnmnt="1" Value="2"/>
</AssgnmntListEntry>
<AssgnmntListEntry Length="1" RootTermCovItemId="C6">
<MapEntry BoolAssgnmnt="1" Value="2"/>
</AssgnmntListEntry>
<AssgnmntListEntry Length="1" RootTermCovItemId="C7">
<MapEntry BoolAssgnmnt="0" Value="1"/>
<MapEntry BoolAssgnmnt="1" Value="1"/>
</AssgnmntListEntry>
<AssgnmntListEntry Length="1" RootTermCovItemId="C8">
<MapEntry BoolAssgnmnt="1" Value="2"/>
</AssgnmntListEntry>
<AssgnmntListEntry Length="1" RootTermCovItemId="C9">
<MapEntry BoolAssgnmnt="0" Value="2"/>
</AssgnmntListEntry>
</AssgnmntPrefix>
</AssgnmntList>
<ObjMetaDataList/>
<MetaDataList/>
</TestCase>
<TestCase Comment="" Date="1386063802829" Name="com.Testing.BoardTest:testCheckMoveable">
<CovList>
<CovPrefix CovItemPrefix="com.OriginalFiles.Analyze.java">
<Cov CovItemId="B107" Value="32"/>
<Cov CovItemId="S199" Value="32"/>
<Cov CovItemId="S200" Value="32"/>
<Cov CovItemId="S201" Value="32"/>
<Cov CovItemId="S202" Value="32"/>
<Cov CovItemId="S203" Value="32"/>
<Cov CovItemId="S204" Value="32"/>
</CovPrefix>
<CovPrefix CovItemPrefix="com.OriginalFiles.Board.java">
<Cov CovItemId="B41" Value="10"/>
<Cov CovItemId="B42" Value="4"/>
<Cov CovItemId="B45" Value="4"/>
<Cov CovItemId="B46" Value="1"/>
<Cov CovItemId="B47" Value="3"/>
<Cov CovItemId="B48" Value="2"/>
<Cov CovItemId="B49" Value="2"/>
<Cov CovItemId="B50" Value="3"/>
<Cov CovItemId="B52" Value="2"/>
<Cov CovItemId="B54" Value="2"/>
<Cov CovItemId="B83" Value="24"/>
<Cov CovItemId="B84" Value="68"/>
<Cov CovItemId="B85" Value="24"/>
<Cov CovItemId="B86" Value="44"/>
<Cov CovItemId="S115" Value="14"/>
<Cov CovItemId="S116" Value="10"/>
<Cov CovItemId="S117" Value="4"/>
<Cov CovItemId="S123" Value="5"/>
<Cov CovItemId="S124" Value="5"/>
<Cov CovItemId="S125" Value="4"/>
<Cov CovItemId="S126" Value="5"/>
<Cov CovItemId="S127" Value="3"/>
<Cov CovItemId="S128" Value="5"/>
<Cov CovItemId="S129" Value="2"/>
<Cov CovItemId="S131" Value="2"/>
<Cov CovItemId="S133" Value="5"/>
<Cov CovItemId="S180" Value="92"/>
<Cov CovItemId="S181" Value="24"/>
<Cov CovItemId="S182" Value="68"/>
<Cov CovItemId="S183" Value="24"/>
<Cov CovItemId="S184" Value="44"/>
<Cov CovItemId="S185" Value="78"/>
</CovPrefix>
<CovPrefix CovItemPrefix="com.OriginalFiles.Field.java">
<Cov CovItemId="B1" Value="32"/>
<Cov CovItemId="B2" Value="8"/>
<Cov CovItemId="S1" Value="88"/>
<Cov CovItemId="S13" Value="64"/>
<Cov CovItemId="S2" Value="88"/>
<Cov CovItemId="S5" Value="40"/>
<Cov CovItemId="S6" Value="40"/>
<Cov CovItemId="S7" Value="32"/>
<Cov CovItemId="S8" Value="7"/>
<Cov CovItemId="S9" Value="50"/>
</CovPrefix>
<CovPrefix CovItemPrefix="com.OriginalFiles.Piece.java">
<Cov CovItemId="B10" Value="12"/>
<Cov CovItemId="B11" Value="24"/>
<Cov CovItemId="B12" Value="8"/>
<Cov CovItemId="B14" Value="24"/>
<Cov CovItemId="B15" Value="24"/>
<Cov CovItemId="B18" Value="24"/>
<Cov CovItemId="B2" Value="32"/>
<Cov CovItemId="B34" Value="24"/>
<Cov CovItemId="B35" Value="8"/>
<Cov CovItemId="B36" Value="16"/>
<Cov CovItemId="B37" Value="8"/>
<Cov CovItemId="B40" Value="24"/>
<Cov CovItemId="B5" Value="24"/>
<Cov CovItemId="B6" Value="8"/>
<Cov CovItemId="B9" Value="12"/>
<Cov CovItemId="S1" Value="32"/>
<Cov CovItemId="S10" Value="32"/>
<Cov CovItemId="S11" Value="32"/>
<Cov CovItemId="S12" Value="32"/>
<Cov CovItemId="S13" Value="32"/>
<Cov CovItemId="S14" Value="32"/>
<Cov CovItemId="S15" Value="32"/>
<Cov CovItemId="S16" Value="32"/>
<Cov CovItemId="S17" Value="32"/>
<Cov CovItemId="S18" Value="32"/>
<Cov CovItemId="S19" Value="32"/>
<Cov CovItemId="S2" Value="32"/>
<Cov CovItemId="S20" Value="32"/>
<Cov CovItemId="S21" Value="32"/>
<Cov CovItemId="S24" Value="32"/>
<Cov CovItemId="S25" Value="32"/>
<Cov CovItemId="S26" Value="32"/>
<Cov CovItemId="S3" Value="32"/>
<Cov CovItemId="S30" Value="32"/>
<Cov CovItemId="S31" Value="32"/>
<Cov CovItemId="S32" Value="32"/>
<Cov CovItemId="S33" Value="24"/>
<Cov CovItemId="S34" Value="8"/>
<Cov CovItemId="S35" Value="8"/>
<Cov CovItemId="S39" Value="24"/>
<Cov CovItemId="S4" Value="32"/>
<Cov CovItemId="S40" Value="12"/>
<Cov CovItemId="S41" Value="12"/>
<Cov CovItemId="S42" Value="32"/>
<Cov CovItemId="S43" Value="32"/>
<Cov CovItemId="S44" Value="24"/>
<Cov CovItemId="S45" Value="24"/>
<Cov CovItemId="S46" Value="24"/>
<Cov CovItemId="S48" Value="24"/>
<Cov CovItemId="S49" Value="24"/>
<Cov CovItemId="S5" Value="32"/>
<Cov CovItemId="S50" Value="24"/>
<Cov CovItemId="S6" Value="32"/>
<Cov CovItemId="S65" Value="24"/>
<Cov CovItemId="S67" Value="24"/>
<Cov CovItemId="S68" Value="8"/>
<Cov CovItemId="S69" Value="8"/>
<Cov CovItemId="S7" Value="32"/>
<Cov CovItemId="S70" Value="8"/>
<Cov CovItemId="S71" Value="24"/>
<Cov CovItemId="S73" Value="24"/>
<Cov CovItemId="S8" Value="32"/>
<Cov CovItemId="S9" Value="32"/>
</CovPrefix>
<CovPrefix CovItemPrefix="com.OriginalFiles.RemoteNXTFunctions.java">
<Cov CovItemId="B5" Value="32"/>
<Cov CovItemId="B7" Value="32"/>
<Cov CovItemId="S162" Value="32"/>
<Cov CovItemId="S19" Value="32"/>
<Cov CovItemId="S20" Value="32"/>
<Cov CovItemId="S21" Value="32"/>
<Cov CovItemId="S22" Value="32"/>
</CovPrefix>
</CovList>
<AssgnmntList>
<AssgnmntPrefix RootTermCovItemPrefix="com.OriginalFiles.Analyze.java">
<AssgnmntListEntry Length="6" RootTermCovItemId="C66">
<MapEntry BoolAssgnmnt="111111" Value="32"/>
</AssgnmntListEntry>
</AssgnmntPrefix>
<AssgnmntPrefix RootTermCovItemPrefix="com.OriginalFiles.Board.java">
<AssgnmntListEntry Length="1" RootTermCovItemId="C31">
<MapEntry BoolAssgnmnt="0" Value="4"/>
<MapEntry BoolAssgnmnt="1" Value="10"/>
</AssgnmntListEntry>
<AssgnmntListEntry Length="1" RootTermCovItemId="C33">
<MapEntry BoolAssgnmnt="0" Value="4"/>
<MapEntry BoolAssgnmnt="1" Value="1"/>
</AssgnmntListEntry>
<AssgnmntListEntry Length="1" RootTermCovItemId="C34">
<MapEntry BoolAssgnmnt="0" Value="3"/>
<MapEntry BoolAssgnmnt="1" Value="2"/>
</AssgnmntListEntry>
<AssgnmntListEntry Length="1" RootTermCovItemId="C35">
<MapEntry BoolAssgnmnt="0" Value="3"/>
<MapEntry BoolAssgnmnt="1" Value="2"/>
</AssgnmntListEntry>
<AssgnmntListEntry Length="1" RootTermCovItemId="C36">
<MapEntry BoolAssgnmnt="1" Value="2"/>
</AssgnmntListEntry>
<AssgnmntListEntry Length="1" RootTermCovItemId="C37">
<MapEntry BoolAssgnmnt="1" Value="2"/>
</AssgnmntListEntry>
<AssgnmntListEntry Length="3" RootTermCovItemId="C55">
<MapEntry BoolAssgnmnt="002" Value="44"/>
<MapEntry BoolAssgnmnt="120" Value="24"/>
<MapEntry BoolAssgnmnt="121" Value="24"/>
</AssgnmntListEntry>
<AssgnmntListEntry Length="3" RootTermCovItemId="C56">
<MapEntry BoolAssgnmnt="002" Value="24"/>
<MapEntry BoolAssgnmnt="120" Value="20"/>
<MapEntry BoolAssgnmnt="121" Value="24"/>
</AssgnmntListEntry>
</AssgnmntPrefix>
<AssgnmntPrefix RootTermCovItemPrefix="com.OriginalFiles.Field.java">
<AssgnmntListEntry Length="1" RootTermCovItemId="C1">
<MapEntry BoolAssgnmnt="0" Value="32"/>
<MapEntry BoolAssgnmnt="1" Value="8"/>
</AssgnmntListEntry>
</AssgnmntPrefix>
<AssgnmntPrefix RootTermCovItemPrefix="com.OriginalFiles.Piece.java">
<AssgnmntListEntry Length="2" RootTermCovItemId="C1">
<MapEntry BoolAssgnmnt="10" Value="24"/>
<MapEntry BoolAssgnmnt="02" Value="8"/>
</AssgnmntListEntry>
<AssgnmntListEntry Length="5" RootTermCovItemId="C17">
<MapEntry BoolAssgnmnt="00210" Value="12"/>
<MapEntry BoolAssgnmnt="01002" Value="12"/>
</AssgnmntListEntry>
<AssgnmntListEntry Length="5" RootTermCovItemId="C18">
<MapEntry BoolAssgnmnt="00210" Value="8"/>
<MapEntry BoolAssgnmnt="00211" Value="4"/>
<MapEntry BoolAssgnmnt="01002" Value="8"/>
<MapEntry BoolAssgnmnt="01122" Value="4"/>
</AssgnmntListEntry>
<AssgnmntListEntry Length="1" RootTermCovItemId="C19">
<MapEntry BoolAssgnmnt="1" Value="8"/>
</AssgnmntListEntry>
<AssgnmntListEntry Length="1" RootTermCovItemId="C20">
<MapEntry BoolAssgnmnt="0" Value="24"/>
</AssgnmntListEntry>
<AssgnmntListEntry Length="1" RootTermCovItemId="C3">
<MapEntry BoolAssgnmnt="0" Value="8"/>
<MapEntry BoolAssgnmnt="1" Value="24"/>
</AssgnmntListEntry>
<AssgnmntListEntry Length="1" RootTermCovItemId="C5">
<MapEntry BoolAssgnmnt="0" Value="12"/>
<MapEntry BoolAssgnmnt="1" Value="12"/>
</AssgnmntListEntry>
<AssgnmntListEntry Length="1" RootTermCovItemId="C6">
<MapEntry BoolAssgnmnt="0" Value="8"/>
<MapEntry BoolAssgnmnt="1" Value="24"/>
</AssgnmntListEntry>
<AssgnmntListEntry Length="1" RootTermCovItemId="C7">
<MapEntry BoolAssgnmnt="0" Value="24"/>
</AssgnmntListEntry>
<AssgnmntListEntry Length="1" RootTermCovItemId="C8">
<MapEntry BoolAssgnmnt="1" Value="24"/>
</AssgnmntListEntry>
<AssgnmntListEntry Length="1" RootTermCovItemId="C9">
<MapEntry BoolAssgnmnt="0" Value="24"/>
</AssgnmntListEntry>
</AssgnmntPrefix>
<AssgnmntPrefix RootTermCovItemPrefix="com.OriginalFiles.RemoteNXTFunctions.java">
<AssgnmntListEntry Length="1" RootTermCovItemId="C5">
<MapEntry BoolAssgnmnt="1" Value="32"/>
</AssgnmntListEntry>
<AssgnmntListEntry Length="2" RootTermCovItemId="C6">
<MapEntry BoolAssgnmnt="11" Value="32"/>
</AssgnmntListEntry>
</AssgnmntPrefix>
</AssgnmntList>
<ObjMetaDataList/>
<MetaDataList/>
</TestCase>
<TestCase Comment="" Date="1386063802830" Name="com.Testing.BoardTest:testIsGreater">
<CovList>
<CovPrefix CovItemPrefix="com.OriginalFiles.Board.java">
<Cov CovItemId="B13" Value="1"/>
<Cov CovItemId="B14" Value="9"/>
<Cov CovItemId="B15" Value="3"/>
<Cov CovItemId="B16" Value="6"/>
<Cov CovItemId="B18" Value="6"/>
<Cov CovItemId="B19" Value="1"/>
<Cov CovItemId="B20" Value="5"/>
<Cov CovItemId="B21" Value="1"/>
<Cov CovItemId="B22" Value="4"/>
<Cov CovItemId="B24" Value="4"/>
<Cov CovItemId="B25" Value="3"/>
<Cov CovItemId="B26" Value="1"/>
<Cov CovItemId="B84" Value="18"/>
<Cov CovItemId="B85" Value="10"/>
<Cov CovItemId="B86" Value="8"/>
<Cov CovItemId="S180" Value="18"/>
<Cov CovItemId="S182" Value="18"/>
<Cov CovItemId="S183" Value="10"/>
<Cov CovItemId="S184" Value="8"/>
<Cov CovItemId="S185" Value="10"/>
<Cov CovItemId="S78" Value="10"/>
<Cov CovItemId="S79" Value="1"/>
<Cov CovItemId="S80" Value="9"/>
<Cov CovItemId="S81" Value="3"/>
<Cov CovItemId="S82" Value="6"/>
<Cov CovItemId="S84" Value="6"/>
<Cov CovItemId="S85" Value="1"/>
<Cov CovItemId="S86" Value="5"/>
<Cov CovItemId="S87" Value="1"/>
<Cov CovItemId="S88" Value="4"/>
<Cov CovItemId="S90" Value="4"/>
<Cov CovItemId="S91" Value="3"/>
<Cov CovItemId="S92" Value="1"/>
<Cov CovItemId="S93" Value="16"/>
</CovPrefix>
<CovPrefix CovItemPrefix="com.OriginalFiles.Field.java">
<Cov CovItemId="B1" Value="5"/>
<Cov CovItemId="S1" Value="2"/>
<Cov CovItemId="S13" Value="64"/>
<Cov CovItemId="S2" Value="2"/>
<Cov CovItemId="S5" Value="5"/>
<Cov CovItemId="S6" Value="5"/>
<Cov CovItemId="S7" Value="5"/>
<Cov CovItemId="S8" Value="42"/>
<Cov CovItemId="S9" Value="5"/>
</CovPrefix>
<CovPrefix CovItemPrefix="com.OriginalFiles.Piece.java">
<Cov CovItemId="B10" Value="2"/>
<Cov CovItemId="B11" Value="5"/>
<Cov CovItemId="B14" Value="5"/>
<Cov CovItemId="B15" Value="5"/>
<Cov CovItemId="B18" Value="5"/>
<Cov CovItemId="B2" Value="5"/>
<Cov CovItemId="B33" Value="2"/>
<Cov CovItemId="B34" Value="3"/>
<Cov CovItemId="B36" Value="5"/>
<Cov CovItemId="B40" Value="5"/>
<Cov CovItemId="B5" Value="5"/>
<Cov CovItemId="B9" Value="3"/>
<Cov CovItemId="S1" Value="2"/>
<Cov CovItemId="S10" Value="2"/>
<Cov CovItemId="S11" Value="2"/>
<Cov CovItemId="S12" Value="2"/>
<Cov CovItemId="S13" Value="2"/>
<Cov CovItemId="S14" Value="2"/>
<Cov CovItemId="S15" Value="2"/>
<Cov CovItemId="S16" Value="2"/>
<Cov CovItemId="S17" Value="2"/>
<Cov CovItemId="S18" Value="2"/>
<Cov CovItemId="S19" Value="2"/>
<Cov CovItemId="S2" Value="2"/>
<Cov CovItemId="S20" Value="2"/>
<Cov CovItemId="S21" Value="2"/>
<Cov CovItemId="S22" Value="2"/>
<Cov CovItemId="S24" Value="5"/>
<Cov CovItemId="S25" Value="5"/>
<Cov CovItemId="S26" Value="5"/>
<Cov CovItemId="S3" Value="2"/>
<Cov CovItemId="S30" Value="5"/>
<Cov CovItemId="S31" Value="5"/>
<Cov CovItemId="S32" Value="5"/>
<Cov CovItemId="S33" Value="5"/>
<Cov CovItemId="S39" Value="5"/>
<Cov CovItemId="S4" Value="2"/>
<Cov CovItemId="S40" Value="3"/>
<Cov CovItemId="S41" Value="2"/>
<Cov CovItemId="S42" Value="5"/>
<Cov CovItemId="S43" Value="5"/>
<Cov CovItemId="S44" Value="5"/>
<Cov CovItemId="S45" Value="5"/>
<Cov CovItemId="S46" Value="5"/>
<Cov CovItemId="S48" Value="5"/>
<Cov CovItemId="S49" Value="5"/>
<Cov CovItemId="S5" Value="2"/>
<Cov CovItemId="S50" Value="5"/>
<Cov CovItemId="S6" Value="2"/>
<Cov CovItemId="S65" Value="5"/>
<Cov CovItemId="S66" Value="2"/>
<Cov CovItemId="S67" Value="5"/>
<Cov CovItemId="S7" Value="2"/>
<Cov CovItemId="S71" Value="5"/>
<Cov CovItemId="S73" Value="5"/>
<Cov CovItemId="S8" Value="2"/>
<Cov CovItemId="S9" Value="2"/>
</CovPrefix>
</CovList>
<AssgnmntList>
<AssgnmntPrefix RootTermCovItemPrefix="com.OriginalFiles.Board.java">
<AssgnmntListEntry Length="4" RootTermCovItemId="C17">
<MapEntry BoolAssgnmnt="1002" Value="1"/>
<MapEntry BoolAssgnmnt="1122" Value="1"/>
<MapEntry BoolAssgnmnt="1010" Value="1"/>
<MapEntry BoolAssgnmnt="1011" Value="1"/>
<MapEntry BoolAssgnmnt="0222" Value="6"/>
</AssgnmntListEntry>
<AssgnmntListEntry Length="2" RootTermCovItemId="C18">
<MapEntry BoolAssgnmnt="10" Value="3"/>
<MapEntry BoolAssgnmnt="02" Value="6"/>
</AssgnmntListEntry>
<AssgnmntListEntry Length="2" RootTermCovItemId="C19">
<MapEntry BoolAssgnmnt="02" Value="6"/>
</AssgnmntListEntry>
<AssgnmntListEntry Length="3" RootTermCovItemId="C20">
<MapEntry BoolAssgnmnt="110" Value="1"/>
<MapEntry BoolAssgnmnt="102" Value="1"/>
<MapEntry BoolAssgnmnt="111" Value="1"/>
<MapEntry BoolAssgnmnt="022" Value="3"/>
</AssgnmntListEntry>
<AssgnmntListEntry Length="3" RootTermCovItemId="C21">
<MapEntry BoolAssgnmnt="110" Value="1"/>
<MapEntry BoolAssgnmnt="102" Value="1"/>
<MapEntry BoolAssgnmnt="111" Value="2"/>
<MapEntry BoolAssgnmnt="022" Value="1"/>
</AssgnmntListEntry>
<AssgnmntListEntry Length="1" RootTermCovItemId="C22">
<MapEntry BoolAssgnmnt="0" Value="4"/>
</AssgnmntListEntry>
<AssgnmntListEntry Length="1" RootTermCovItemId="C23">
<MapEntry BoolAssgnmnt="0" Value="1"/>
<MapEntry BoolAssgnmnt="1" Value="3"/>
</AssgnmntListEntry>
<AssgnmntListEntry Length="3" RootTermCovItemId="C55">
<MapEntry BoolAssgnmnt="002" Value="18"/>
</AssgnmntListEntry>
<AssgnmntListEntry Length="3" RootTermCovItemId="C56">
<MapEntry BoolAssgnmnt="120" Value="8"/>
<MapEntry BoolAssgnmnt="121" Value="10"/>
</AssgnmntListEntry>
</AssgnmntPrefix>
<AssgnmntPrefix RootTermCovItemPrefix="com.OriginalFiles.Field.java">
<AssgnmntListEntry Length="1" RootTermCovItemId="C1">
<MapEntry BoolAssgnmnt="0" Value="5"/>
</AssgnmntListEntry>
</AssgnmntPrefix>
<AssgnmntPrefix RootTermCovItemPrefix="com.OriginalFiles.Piece.java">
<AssgnmntListEntry Length="2" RootTermCovItemId="C1">
<MapEntry BoolAssgnmnt="10" Value="5"/>
</AssgnmntListEntry>
<AssgnmntListEntry Length="5" RootTermCovItemId="C17">
<MapEntry BoolAssgnmnt="01002" Value="3"/>
<MapEntry BoolAssgnmnt="01122" Value="2"/>
</AssgnmntListEntry>
<AssgnmntListEntry Length="5" RootTermCovItemId="C18">
<MapEntry BoolAssgnmnt="01002" Value="5"/>
</AssgnmntListEntry>
<AssgnmntListEntry Length="1" RootTermCovItemId="C20">
<MapEntry BoolAssgnmnt="0" Value="5"/>
</AssgnmntListEntry>
<AssgnmntListEntry Length="1" RootTermCovItemId="C3">
<MapEntry BoolAssgnmnt="1" Value="5"/>
</AssgnmntListEntry>
<AssgnmntListEntry Length="1" RootTermCovItemId="C5">
<MapEntry BoolAssgnmnt="0" Value="2"/>
<MapEntry BoolAssgnmnt="1" Value="3"/>
</AssgnmntListEntry>
<AssgnmntListEntry Length="1" RootTermCovItemId="C6">
<MapEntry BoolAssgnmnt="1" Value="5"/>
</AssgnmntListEntry>
<AssgnmntListEntry Length="1" RootTermCovItemId="C7">
<MapEntry BoolAssgnmnt="0" Value="5"/>
</AssgnmntListEntry>
<AssgnmntListEntry Length="1" RootTermCovItemId="C8">
<MapEntry BoolAssgnmnt="1" Value="5"/>
</AssgnmntListEntry>
<AssgnmntListEntry Length="1" RootTermCovItemId="C9">
<MapEntry BoolAssgnmnt="0" Value="5"/>
</AssgnmntListEntry>
</AssgnmntPrefix>
</AssgnmntList>
<ObjMetaDataList/>
<MetaDataList/>
</TestCase>
<TestCase Comment="" Date="1386063802831" Name="com.Testing.BoardTest:testResetVisited">
<CovList>
<CovPrefix CovItemPrefix="com.OriginalFiles.Board.java">
<Cov CovItemId="L10-2" Value="8"/>
<Cov CovItemId="L9-2" Value="1"/>
<Cov CovItemId="S61" Value="1"/>
<Cov CovItemId="S62" Value="8"/>
<Cov CovItemId="S63" Value="64"/>
</CovPrefix>
</CovList>
<AssgnmntList/>
<ObjMetaDataList/>
<MetaDataList/>
</TestCase>
<TestCase Comment="" Date="1386063802832" Name="com.Testing.BoardTest:testMovePiece">
<CovList>
<CovPrefix CovItemPrefix="com.OriginalFiles.Analyze.java">
<Cov CovItemId="B84" Value="1"/>
<Cov CovItemId="S149" Value="1"/>
</CovPrefix>
<CovPrefix CovItemPrefix="com.OriginalFiles.Board.java">
<Cov CovItemId="B31" Value="1"/>
<Cov CovItemId="B33" Value="1"/>
<Cov CovItemId="B36" Value="1"/>
<Cov CovItemId="B37" Value="1"/>
<Cov CovItemId="B38" Value="1"/>
<Cov CovItemId="B79" Value="1"/>
<Cov CovItemId="B81" Value="1"/>
<Cov CovItemId="B84" Value="5"/>
<Cov CovItemId="B85" Value="3"/>
<Cov CovItemId="B86" Value="2"/>
<Cov CovItemId="S100" Value="1"/>
<Cov CovItemId="S102" Value="1"/>
<Cov CovItemId="S104" Value="1"/>
<Cov CovItemId="S106" Value="2"/>
<Cov CovItemId="S107" Value="2"/>
<Cov CovItemId="S108" Value="2"/>
<Cov CovItemId="S109" Value="1"/>
<Cov CovItemId="S176" Value="1"/>
<Cov CovItemId="S177" Value="1"/>
<Cov CovItemId="S178" Value="1"/>
<Cov CovItemId="S180" Value="5"/>
<Cov CovItemId="S182" Value="5"/>
<Cov CovItemId="S183" Value="3"/>
<Cov CovItemId="S184" Value="2"/>
<Cov CovItemId="S185" Value="7"/>
<Cov CovItemId="S98" Value="1"/>
<Cov CovItemId="S99" Value="1"/>
</CovPrefix>
<CovPrefix CovItemPrefix="com.OriginalFiles.Field.java">
<Cov CovItemId="B1" Value="2"/>
<Cov CovItemId="S1" Value="1"/>
<Cov CovItemId="S13" Value="2"/>
<Cov CovItemId="S2" Value="1"/>
<Cov CovItemId="S5" Value="2"/>
<Cov CovItemId="S6" Value="2"/>
<Cov CovItemId="S7" Value="2"/>
<Cov CovItemId="S8" Value="7"/>
<Cov CovItemId="S9" Value="4"/>
</CovPrefix>
<CovPrefix CovItemPrefix="com.OriginalFiles.Piece.java">
<Cov CovItemId="B11" Value="1"/>
<Cov CovItemId="B12" Value="1"/>
<Cov CovItemId="B14" Value="1"/>
<Cov CovItemId="B15" Value="1"/>
<Cov CovItemId="B18" Value="1"/>
<Cov CovItemId="B2" Value="2"/>
<Cov CovItemId="B34" Value="1"/>
<Cov CovItemId="B36" Value="1"/>
<Cov CovItemId="B40" Value="1"/>
<Cov CovItemId="B5" Value="1"/>
<Cov CovItemId="B6" Value="1"/>
<Cov CovItemId="B9" Value="1"/>
<Cov CovItemId="S24" Value="2"/>
<Cov CovItemId="S25" Value="2"/>
<Cov CovItemId="S26" Value="2"/>
<Cov CovItemId="S30" Value="2"/>
<Cov CovItemId="S31" Value="2"/>
<Cov CovItemId="S32" Value="2"/>
<Cov CovItemId="S33" Value="1"/>
<Cov CovItemId="S34" Value="1"/>
<Cov CovItemId="S35" Value="1"/>
<Cov CovItemId="S39" Value="1"/>
<Cov CovItemId="S40" Value="1"/>
<Cov CovItemId="S42" Value="2"/>
<Cov CovItemId="S43" Value="2"/>
<Cov CovItemId="S44" Value="1"/>
<Cov CovItemId="S45" Value="1"/>
<Cov CovItemId="S46" Value="1"/>
<Cov CovItemId="S48" Value="1"/>
<Cov CovItemId="S49" Value="1"/>
<Cov CovItemId="S50" Value="1"/>
<Cov CovItemId="S65" Value="1"/>
<Cov CovItemId="S67" Value="1"/>
<Cov CovItemId="S71" Value="1"/>
<Cov CovItemId="S73" Value="1"/>
</CovPrefix>
</CovList>
<AssgnmntList>
<AssgnmntPrefix RootTermCovItemPrefix="com.OriginalFiles.Analyze.java">
<AssgnmntListEntry Length="1" RootTermCovItemId="C49">
<MapEntry BoolAssgnmnt="0" Value="1"/>
</AssgnmntListEntry>
</AssgnmntPrefix>
<AssgnmntPrefix RootTermCovItemPrefix="com.OriginalFiles.Board.java">
<AssgnmntListEntry Length="1" RootTermCovItemId="C26">
<MapEntry BoolAssgnmnt="0" Value="1"/>
</AssgnmntListEntry>
<AssgnmntListEntry Length="1" RootTermCovItemId="C27">
<MapEntry BoolAssgnmnt="1" Value="1"/>
</AssgnmntListEntry>
<AssgnmntListEntry Length="2" RootTermCovItemId="C28">
<MapEntry BoolAssgnmnt="02" Value="1"/>
</AssgnmntListEntry>
<AssgnmntListEntry Length="1" RootTermCovItemId="C29">
<MapEntry BoolAssgnmnt="0" Value="1"/>
<MapEntry BoolAssgnmnt="1" Value="1"/>
</AssgnmntListEntry>
<AssgnmntListEntry Length="1" RootTermCovItemId="C53">
<MapEntry BoolAssgnmnt="1" Value="1"/>
</AssgnmntListEntry>
<AssgnmntListEntry Length="1" RootTermCovItemId="C54">
<MapEntry BoolAssgnmnt="0" Value="1"/>
</AssgnmntListEntry>
<AssgnmntListEntry Length="3" RootTermCovItemId="C55">
<MapEntry BoolAssgnmnt="002" Value="5"/>
</AssgnmntListEntry>
<AssgnmntListEntry Length="3" RootTermCovItemId="C56">
<MapEntry BoolAssgnmnt="120" Value="2"/>
<MapEntry BoolAssgnmnt="121" Value="3"/>
</AssgnmntListEntry>
</AssgnmntPrefix>
<AssgnmntPrefix RootTermCovItemPrefix="com.OriginalFiles.Field.java">
<AssgnmntListEntry Length="1" RootTermCovItemId="C1">
<MapEntry BoolAssgnmnt="0" Value="2"/>
</AssgnmntListEntry>
</AssgnmntPrefix>
<AssgnmntPrefix RootTermCovItemPrefix="com.OriginalFiles.Piece.java">
<AssgnmntListEntry Length="2" RootTermCovItemId="C1">
<MapEntry BoolAssgnmnt="10" Value="1"/>
<MapEntry BoolAssgnmnt="02" Value="1"/>
</AssgnmntListEntry>
<AssgnmntListEntry Length="5" RootTermCovItemId="C17">
<MapEntry BoolAssgnmnt="01002" Value="1"/>
</AssgnmntListEntry>
<AssgnmntListEntry Length="5" RootTermCovItemId="C18">
<MapEntry BoolAssgnmnt="01002" Value="1"/>
</AssgnmntListEntry>
<AssgnmntListEntry Length="1" RootTermCovItemId="C20">
<MapEntry BoolAssgnmnt="0" Value="1"/>
</AssgnmntListEntry>
<AssgnmntListEntry Length="1" RootTermCovItemId="C3">
<MapEntry BoolAssgnmnt="0" Value="1"/>
<MapEntry BoolAssgnmnt="1" Value="1"/>
</AssgnmntListEntry>
<AssgnmntListEntry Length="1" RootTermCovItemId="C5">
<MapEntry BoolAssgnmnt="1" Value="1"/>
</AssgnmntListEntry>
<AssgnmntListEntry Length="1" RootTermCovItemId="C6">
<MapEntry BoolAssgnmnt="0" Value="1"/>
<MapEntry BoolAssgnmnt="1" Value="1"/>
</AssgnmntListEntry>
<AssgnmntListEntry Length="1" RootTermCovItemId="C7">
<MapEntry BoolAssgnmnt="0" Value="1"/>
</AssgnmntListEntry>
<AssgnmntListEntry Length="1" RootTermCovItemId="C8">
<MapEntry BoolAssgnmnt="1" Value="1"/>
</AssgnmntListEntry>
<AssgnmntListEntry Length="1" RootTermCovItemId="C9">
<MapEntry BoolAssgnmnt="0" Value="1"/>
</AssgnmntListEntry>
</AssgnmntPrefix>
</AssgnmntList>
<ObjMetaDataList/>
<MetaDataList/>
</TestCase>
<TestCase Comment="" Date="1386063802832" Name="com.Testing.BoardTest:testIsFieldEmptyOnBoard">
<CovList>
<CovPrefix CovItemPrefix="com.OriginalFiles.Analyze.java">
<Cov CovItemId="B107" Value="1"/>
<Cov CovItemId="B108" Value="1"/>
<Cov CovItemId="B110" Value="1"/>
<Cov CovItemId="B112" Value="1"/>
<Cov CovItemId="B114" Value="1"/>
<Cov CovItemId="S199" Value="2"/>
<Cov CovItemId="S200" Value="2"/>
<Cov CovItemId="S201" Value="2"/>
<Cov CovItemId="S202" Value="2"/>
<Cov CovItemId="S203" Value="2"/>
<Cov CovItemId="S204" Value="1"/>
<Cov CovItemId="S205" Value="1"/>
<Cov CovItemId="S207" Value="1"/>
<Cov CovItemId="S209" Value="1"/>
<Cov CovItemId="S211" Value="1"/>
</CovPrefix>
<CovPrefix CovItemPrefix="com.OriginalFiles.Board.java">
<Cov CovItemId="B39" Value="2"/>
<Cov CovItemId="B40" Value="1"/>
<Cov CovItemId="S111" Value="3"/>
<Cov CovItemId="S112" Value="2"/>
<Cov CovItemId="S113" Value="2"/>
<Cov CovItemId="S114" Value="1"/>
<Cov CovItemId="S185" Value="3"/>
</CovPrefix>
<CovPrefix CovItemPrefix="com.OriginalFiles.Field.java">
<Cov CovItemId="S1" Value="1"/>
<Cov CovItemId="S2" Value="1"/>
</CovPrefix>
<CovPrefix CovItemPrefix="com.OriginalFiles.RemoteNXTFunctions.java">
<Cov CovItemId="B5" Value="2"/>
<Cov CovItemId="B7" Value="1"/>
<Cov CovItemId="B8" Value="1"/>
<Cov CovItemId="B9" Value="1"/>
<Cov CovItemId="S162" Value="2"/>
<Cov CovItemId="S19" Value="2"/>
<Cov CovItemId="S20" Value="2"/>
<Cov CovItemId="S21" Value="2"/>
<Cov CovItemId="S22" Value="1"/>
<Cov CovItemId="S23" Value="1"/>
<Cov CovItemId="S24" Value="1"/>
</CovPrefix>
</CovList>
<AssgnmntList>
<AssgnmntPrefix RootTermCovItemPrefix="com.OriginalFiles.Analyze.java">
<AssgnmntListEntry Length="6" RootTermCovItemId="C66">
<MapEntry BoolAssgnmnt="022222" Value="1"/>
<MapEntry BoolAssgnmnt="111111" Value="1"/>
</AssgnmntListEntry>
<AssgnmntListEntry Length="6" RootTermCovItemId="C67">
<MapEntry BoolAssgnmnt="022222" Value="1"/>
</AssgnmntListEntry>
<AssgnmntListEntry Length="6" RootTermCovItemId="C68">
<MapEntry BoolAssgnmnt="102222" Value="1"/>
</AssgnmntListEntry>
<AssgnmntListEntry Length="6" RootTermCovItemId="C69">
<MapEntry BoolAssgnmnt="102222" Value="1"/>
</AssgnmntListEntry>
</AssgnmntPrefix>
<AssgnmntPrefix RootTermCovItemPrefix="com.OriginalFiles.Board.java">
<AssgnmntListEntry Length="1" RootTermCovItemId="C30">
<MapEntry BoolAssgnmnt="0" Value="1"/>
<MapEntry BoolAssgnmnt="1" Value="2"/>
</AssgnmntListEntry>
</AssgnmntPrefix>
<AssgnmntPrefix RootTermCovItemPrefix="com.OriginalFiles.RemoteNXTFunctions.java">
<AssgnmntListEntry Length="1" RootTermCovItemId="C5">
<MapEntry BoolAssgnmnt="1" Value="2"/>
</AssgnmntListEntry>
<AssgnmntListEntry Length="2" RootTermCovItemId="C6">
<MapEntry BoolAssgnmnt="02" Value="1"/>
<MapEntry BoolAssgnmnt="11" Value="1"/>
</AssgnmntListEntry>
<AssgnmntListEntry Length="2" RootTermCovItemId="C7">
<MapEntry BoolAssgnmnt="11" Value="1"/>
</AssgnmntListEntry>
</AssgnmntPrefix>
</AssgnmntList>
<ObjMetaDataList/>
<MetaDataList/>
</TestCase>
<TestCase Comment="" Date="1386063802833" Name="com.Testing.BoardTest:testFindMissingPiece">
<CovList>
<CovPrefix CovItemPrefix="com.OriginalFiles.Analyze.java">
<Cov CovItemId="B107" Value="12"/>
<Cov CovItemId="B108" Value="20"/>
<Cov CovItemId="B109" Value="12"/>
<Cov CovItemId="B110" Value="8"/>
<Cov CovItemId="B112" Value="8"/>
<Cov CovItemId="B114" Value="8"/>
<Cov CovItemId="S199" Value="32"/>
<Cov CovItemId="S200" Value="32"/>
<Cov CovItemId="S201" Value="32"/>
<Cov CovItemId="S202" Value="32"/>
<Cov CovItemId="S203" Value="32"/>
<Cov CovItemId="S204" Value="12"/>
<Cov CovItemId="S205" Value="20"/>
<Cov CovItemId="S206" Value="12"/>
<Cov CovItemId="S207" Value="8"/>
<Cov CovItemId="S209" Value="8"/>
<Cov CovItemId="S211" Value="8"/>
</CovPrefix>
<CovPrefix CovItemPrefix="com.OriginalFiles.Board.java">
<Cov CovItemId="B41" Value="42"/>
<Cov CovItemId="B42" Value="6"/>
<Cov CovItemId="B44" Value="24"/>
<Cov CovItemId="B45" Value="8"/>
<Cov CovItemId="B46" Value="16"/>
<Cov CovItemId="B47" Value="7"/>
<Cov CovItemId="B48" Value="17"/>
<Cov CovItemId="B50" Value="24"/>
<Cov CovItemId="B55" Value="48"/>
<Cov CovItemId="B56" Value="48"/>
<Cov CovItemId="B57" Value="35"/>
<Cov CovItemId="B58" Value="13"/>
<Cov CovItemId="B59" Value="35"/>
<Cov CovItemId="B62" Value="35"/>
<Cov CovItemId="B63" Value="32"/>
<Cov CovItemId="B64" Value="32"/>
<Cov CovItemId="B65" Value="24"/>
<Cov CovItemId="B66" Value="8"/>
<Cov CovItemId="B67" Value="12"/>
<Cov CovItemId="B68" Value="12"/>
<Cov CovItemId="B71" Value="4"/>
<Cov CovItemId="B72" Value="4"/>
<Cov CovItemId="B73" Value="16"/>
<Cov CovItemId="B74" Value="16"/>
<Cov CovItemId="B75" Value="16"/>
<Cov CovItemId="B76" Value="16"/>
<Cov CovItemId="B77" Value="8"/>
<Cov CovItemId="B78" Value="24"/>
<Cov CovItemId="B79" Value="59"/>
<Cov CovItemId="B81" Value="47"/>
<Cov CovItemId="B82" Value="12"/>
<Cov CovItemId="B83" Value="36"/>
<Cov CovItemId="B84" Value="103"/>
<Cov CovItemId="B85" Value="24"/>
<Cov CovItemId="B86" Value="79"/>
<Cov CovItemId="L10-2" Value="16"/>
<Cov CovItemId="L13-2" Value="1"/>
<Cov CovItemId="L14-2" Value="8"/>
<Cov CovItemId="L15-2" Value="1"/>
<Cov CovItemId="L16-2" Value="4"/>
<Cov CovItemId="L17-2" Value="4"/>
<Cov CovItemId="L9-2" Value="2"/>
<Cov CovItemId="S115" Value="48"/>
<Cov CovItemId="S116" Value="42"/>
<Cov CovItemId="S117" Value="6"/>
<Cov CovItemId="S118" Value="24"/>
<Cov CovItemId="S119" Value="24"/>
<Cov CovItemId="S121" Value="24"/>
<Cov CovItemId="S122" Value="24"/>
<Cov CovItemId="S123" Value="24"/>
<Cov CovItemId="S124" Value="24"/>
<Cov CovItemId="S125" Value="8"/>
<Cov CovItemId="S126" Value="24"/>
<Cov CovItemId="S127" Value="7"/>
<Cov CovItemId="S128" Value="24"/>
<Cov CovItemId="S133" Value="24"/>
<Cov CovItemId="S134" Value="24"/>
<Cov CovItemId="S135" Value="96"/>
<Cov CovItemId="S136" Value="48"/>
<Cov CovItemId="S137" Value="48"/>
<Cov CovItemId="S138" Value="35"/>
<Cov CovItemId="S139" Value="35"/>
<Cov CovItemId="S141" Value="48"/>
<Cov CovItemId="S142" Value="96"/>
<Cov CovItemId="S143" Value="1"/>
<Cov CovItemId="S144" Value="1"/>
<Cov CovItemId="S145" Value="8"/>
<Cov CovItemId="S146" Value="64"/>
<Cov CovItemId="S147" Value="32"/>
<Cov CovItemId="S148" Value="24"/>
<Cov CovItemId="S149" Value="12"/>
<Cov CovItemId="S150" Value="12"/>
<Cov CovItemId="S151" Value="1"/>
<Cov CovItemId="S157" Value="1"/>
<Cov CovItemId="S158" Value="1"/>
<Cov CovItemId="S159" Value="8"/>
<Cov CovItemId="S160" Value="4"/>
<Cov CovItemId="S161" Value="32"/>
<Cov CovItemId="S162" Value="16"/>
<Cov CovItemId="S163" Value="4"/>
<Cov CovItemId="S164" Value="4"/>
<Cov CovItemId="S165" Value="32"/>
<Cov CovItemId="S166" Value="16"/>
<Cov CovItemId="S167" Value="4"/>
<Cov CovItemId="S168" Value="1"/>
<Cov CovItemId="S169" Value="32"/>
<Cov CovItemId="S170" Value="32"/>
<Cov CovItemId="S171" Value="8"/>
<Cov CovItemId="S172" Value="24"/>
<Cov CovItemId="S173" Value="24"/>
<Cov CovItemId="S174" Value="24"/>
<Cov CovItemId="S175" Value="24"/>
<Cov CovItemId="S176" Value="59"/>
<Cov CovItemId="S177" Value="59"/>
<Cov CovItemId="S178" Value="47"/>
<Cov CovItemId="S179" Value="12"/>
<Cov CovItemId="S180" Value="139"/>
<Cov CovItemId="S181" Value="36"/>
<Cov CovItemId="S182" Value="103"/>
<Cov CovItemId="S183" Value="24"/>
<Cov CovItemId="S184" Value="79"/>
<Cov CovItemId="S185" Value="203"/>
<Cov CovItemId="S61" Value="2"/>
<Cov CovItemId="S62" Value="16"/>
<Cov CovItemId="S63" Value="128"/>
</CovPrefix>
<CovPrefix CovItemPrefix="com.OriginalFiles.Field.java">
<Cov CovItemId="B1" Value="24"/>
<Cov CovItemId="B2" Value="8"/>
<Cov CovItemId="S5" Value="32"/>
<Cov CovItemId="S6" Value="32"/>
<Cov CovItemId="S7" Value="24"/>
<Cov CovItemId="S8" Value="252"/>
<Cov CovItemId="S9" Value="133"/>
</CovPrefix>
<CovPrefix CovItemPrefix="com.OriginalFiles.Piece.java">
<Cov CovItemId="B10" Value="12"/>
<Cov CovItemId="B11" Value="24"/>
<Cov CovItemId="B14" Value="24"/>
<Cov CovItemId="B15" Value="24"/>
<Cov CovItemId="B18" Value="24"/>
<Cov CovItemId="B2" Value="24"/>
<Cov CovItemId="B34" Value="24"/>
<Cov CovItemId="B35" Value="8"/>
<Cov CovItemId="B36" Value="16"/>
<Cov CovItemId="B37" Value="8"/>
<Cov CovItemId="B40" Value="24"/>
<Cov CovItemId="B5" Value="24"/>
<Cov CovItemId="B9" Value="12"/>
<Cov CovItemId="S1" Value="24"/>
<Cov CovItemId="S10" Value="24"/>
<Cov CovItemId="S11" Value="24"/>
<Cov CovItemId="S12" Value="24"/>
<Cov CovItemId="S13" Value="24"/>
<Cov CovItemId="S14" Value="24"/>
<Cov CovItemId="S15" Value="24"/>
<Cov CovItemId="S16" Value="24"/>
<Cov CovItemId="S17" Value="24"/>
<Cov CovItemId="S18" Value="24"/>
<Cov CovItemId="S19" Value="24"/>
<Cov CovItemId="S2" Value="24"/>
<Cov CovItemId="S20" Value="24"/>
<Cov CovItemId="S21" Value="24"/>
<Cov CovItemId="S24" Value="24"/>
<Cov CovItemId="S25" Value="24"/>
<Cov CovItemId="S26" Value="24"/>
<Cov CovItemId="S3" Value="24"/>
<Cov CovItemId="S30" Value="24"/>
<Cov CovItemId="S31" Value="24"/>
<Cov CovItemId="S32" Value="24"/>
<Cov CovItemId="S33" Value="24"/>
<Cov CovItemId="S39" Value="24"/>
<Cov CovItemId="S4" Value="24"/>
<Cov CovItemId="S40" Value="12"/>
<Cov CovItemId="S41" Value="12"/>
<Cov CovItemId="S42" Value="24"/>
<Cov CovItemId="S43" Value="24"/>
<Cov CovItemId="S44" Value="24"/>
<Cov CovItemId="S45" Value="24"/>
<Cov CovItemId="S46" Value="24"/>
<Cov CovItemId="S48" Value="24"/>
<Cov CovItemId="S49" Value="24"/>
<Cov CovItemId="S5" Value="24"/>
<Cov CovItemId="S50" Value="24"/>
<Cov CovItemId="S6" Value="24"/>
<Cov CovItemId="S65" Value="24"/>
<Cov CovItemId="S67" Value="24"/>
<Cov CovItemId="S68" Value="8"/>
<Cov CovItemId="S69" Value="8"/>
<Cov CovItemId="S7" Value="24"/>
<Cov CovItemId="S70" Value="8"/>
<Cov CovItemId="S71" Value="24"/>
<Cov CovItemId="S73" Value="24"/>
<Cov CovItemId="S8" Value="24"/>
<Cov CovItemId="S9" Value="24"/>
</CovPrefix>
<CovPrefix CovItemPrefix="com.OriginalFiles.RemoteNXTFunctions.java">
<Cov CovItemId="B10" Value="30"/>
<Cov CovItemId="B11" Value="1"/>
<Cov CovItemId="B12" Value="29"/>
<Cov CovItemId="B13" Value="22"/>
<Cov CovItemId="B14" Value="7"/>
<Cov CovItemId="B5" Value="32"/>
<Cov CovItemId="B7" Value="1"/>
<Cov CovItemId="B8" Value="31"/>
<Cov CovItemId="B9" Value="1"/>
<Cov CovItemId="S162" Value="32"/>
<Cov CovItemId="S19" Value="32"/>
<Cov CovItemId="S20" Value="32"/>
<Cov CovItemId="S21" Value="32"/>
<Cov CovItemId="S22" Value="1"/>
<Cov CovItemId="S23" Value="31"/>
<Cov CovItemId="S24" Value="1"/>
<Cov CovItemId="S25" Value="30"/>
<Cov CovItemId="S26" Value="1"/>
<Cov CovItemId="S27" Value="29"/>
<Cov CovItemId="S28" Value="22"/>
<Cov CovItemId="S29" Value="7"/>
</CovPrefix>
</CovList>
<AssgnmntList>
<AssgnmntPrefix RootTermCovItemPrefix="com.OriginalFiles.Analyze.java">
<AssgnmntListEntry Length="6" RootTermCovItemId="C66">
<MapEntry BoolAssgnmnt="110222" Value="12"/>
<MapEntry BoolAssgnmnt="022222" Value="8"/>
<MapEntry BoolAssgnmnt="111111" Value="12"/>
</AssgnmntListEntry>
<AssgnmntListEntry Length="6" RootTermCovItemId="C67">
<MapEntry BoolAssgnmnt="022222" Value="8"/>
<MapEntry BoolAssgnmnt="111111" Value="12"/>
</AssgnmntListEntry>
<AssgnmntListEntry Length="6" RootTermCovItemId="C68">
<MapEntry BoolAssgnmnt="102222" Value="8"/>
</AssgnmntListEntry>
<AssgnmntListEntry Length="6" RootTermCovItemId="C69">
<MapEntry BoolAssgnmnt="102222" Value="8"/>
</AssgnmntListEntry>
</AssgnmntPrefix>
<AssgnmntPrefix RootTermCovItemPrefix="com.OriginalFiles.Board.java">
<AssgnmntListEntry Length="1" RootTermCovItemId="C31">
<MapEntry BoolAssgnmnt="0" Value="6"/>
<MapEntry BoolAssgnmnt="1" Value="42"/>
</AssgnmntListEntry>
<AssgnmntListEntry Length="1" RootTermCovItemId="C32">
<MapEntry BoolAssgnmnt="0" Value="24"/>
</AssgnmntListEntry>
<AssgnmntListEntry Length="1" RootTermCovItemId="C33">
<MapEntry BoolAssgnmnt="0" Value="8"/>
<MapEntry BoolAssgnmnt="1" Value="16"/>
</AssgnmntListEntry>
<AssgnmntListEntry Length="1" RootTermCovItemId="C34">
<MapEntry BoolAssgnmnt="0" Value="7"/>
<MapEntry BoolAssgnmnt="1" Value="17"/>
</AssgnmntListEntry>
<AssgnmntListEntry Length="1" RootTermCovItemId="C35">
<MapEntry BoolAssgnmnt="0" Value="24"/>
</AssgnmntListEntry>
<AssgnmntListEntry Length="5" RootTermCovItemId="C38">
<MapEntry BoolAssgnmnt="02002" Value="24"/>
<MapEntry BoolAssgnmnt="10122" Value="24"/>
<MapEntry BoolAssgnmnt="11220" Value="24"/>
<MapEntry BoolAssgnmnt="02010" Value="24"/>
</AssgnmntListEntry>
<AssgnmntListEntry Length="1" RootTermCovItemId="C39">
<MapEntry BoolAssgnmnt="0" Value="13"/>
<MapEntry BoolAssgnmnt="1" Value="35"/>
</AssgnmntListEntry>
<AssgnmntListEntry Length="1" RootTermCovItemId="C40">
<MapEntry BoolAssgnmnt="0" Value="35"/>
</AssgnmntListEntry>
<AssgnmntListEntry Length="2" RootTermCovItemId="C41">
<MapEntry BoolAssgnmnt="02" Value="35"/>
</AssgnmntListEntry>
<AssgnmntListEntry Length="1" RootTermCovItemId="C42">
<MapEntry BoolAssgnmnt="0" Value="32"/>
<MapEntry BoolAssgnmnt="1" Value="32"/>
</AssgnmntListEntry>
<AssgnmntListEntry Length="1" RootTermCovItemId="C43">
<MapEntry BoolAssgnmnt="0" Value="8"/>
<MapEntry BoolAssgnmnt="1" Value="24"/>
</AssgnmntListEntry>
<AssgnmntListEntry Length="1" RootTermCovItemId="C44">
<MapEntry BoolAssgnmnt="0" Value="12"/>
<MapEntry BoolAssgnmnt="1" Value="12"/>
</AssgnmntListEntry>
<AssgnmntListEntry Length="1" RootTermCovItemId="C46">
<MapEntry BoolAssgnmnt="0" Value="1"/>
<MapEntry BoolAssgnmnt="1" Value="8"/>
</AssgnmntListEntry>
<AssgnmntListEntry Length="1" RootTermCovItemId="C47">
<MapEntry BoolAssgnmnt="0" Value="4"/>
<MapEntry BoolAssgnmnt="1" Value="4"/>
</AssgnmntListEntry>
<AssgnmntListEntry Length="1" RootTermCovItemId="C48">
<MapEntry BoolAssgnmnt="0" Value="4"/>
<MapEntry BoolAssgnmnt="1" Value="32"/>
</AssgnmntListEntry>
<AssgnmntListEntry Length="1" RootTermCovItemId="C49">
<MapEntry BoolAssgnmnt="0" Value="16"/>
<MapEntry BoolAssgnmnt="1" Value="16"/>
</AssgnmntListEntry>
<AssgnmntListEntry Length="1" RootTermCovItemId="C50">
<MapEntry BoolAssgnmnt="0" Value="4"/>
<MapEntry BoolAssgnmnt="1" Value="32"/>
</AssgnmntListEntry>
<AssgnmntListEntry Length="1" RootTermCovItemId="C51">
<MapEntry BoolAssgnmnt="0" Value="16"/>
<MapEntry BoolAssgnmnt="1" Value="16"/>
</AssgnmntListEntry>
<AssgnmntListEntry Length="1" RootTermCovItemId="C52">
<MapEntry BoolAssgnmnt="0" Value="24"/>
<MapEntry BoolAssgnmnt="1" Value="8"/>
</AssgnmntListEntry>
<AssgnmntListEntry Length="1" RootTermCovItemId="C53">
<MapEntry BoolAssgnmnt="1" Value="59"/>
</AssgnmntListEntry>
<AssgnmntListEntry Length="1" RootTermCovItemId="C54">
<MapEntry BoolAssgnmnt="0" Value="47"/>
<MapEntry BoolAssgnmnt="1" Value="12"/>
</AssgnmntListEntry>
<AssgnmntListEntry Length="3" RootTermCovItemId="C55">
<MapEntry BoolAssgnmnt="002" Value="67"/>
<MapEntry BoolAssgnmnt="120" Value="36"/>
<MapEntry BoolAssgnmnt="121" Value="36"/>
</AssgnmntListEntry>
<AssgnmntListEntry Length="3" RootTermCovItemId="C56">
<MapEntry BoolAssgnmnt="002" Value="36"/>
<MapEntry BoolAssgnmnt="120" Value="43"/>
<MapEntry BoolAssgnmnt="121" Value="24"/>
</AssgnmntListEntry>
</AssgnmntPrefix>
<AssgnmntPrefix RootTermCovItemPrefix="com.OriginalFiles.Field.java">
<AssgnmntListEntry Length="1" RootTermCovItemId="C1">
<MapEntry BoolAssgnmnt="0" Value="24"/>
<MapEntry BoolAssgnmnt="1" Value="8"/>
</AssgnmntListEntry>
</AssgnmntPrefix>
<AssgnmntPrefix RootTermCovItemPrefix="com.OriginalFiles.Piece.java">
<AssgnmntListEntry Length="2" RootTermCovItemId="C1">
<MapEntry BoolAssgnmnt="10" Value="24"/>
</AssgnmntListEntry>
<AssgnmntListEntry Length="5" RootTermCovItemId="C17">
<MapEntry BoolAssgnmnt="00210" Value="12"/>
<MapEntry BoolAssgnmnt="01002" Value="12"/>
</AssgnmntListEntry>
<AssgnmntListEntry Length="5" RootTermCovItemId="C18">
<MapEntry BoolAssgnmnt="00210" Value="8"/>
<MapEntry BoolAssgnmnt="00211" Value="4"/>
<MapEntry BoolAssgnmnt="01002" Value="8"/>
<MapEntry BoolAssgnmnt="01122" Value="4"/>
</AssgnmntListEntry>
<AssgnmntListEntry Length="1" RootTermCovItemId="C19">
<MapEntry BoolAssgnmnt="1" Value="8"/>
</AssgnmntListEntry>
<AssgnmntListEntry Length="1" RootTermCovItemId="C20">
<MapEntry BoolAssgnmnt="0" Value="24"/>
</AssgnmntListEntry>
<AssgnmntListEntry Length="1" RootTermCovItemId="C3">
<MapEntry BoolAssgnmnt="1" Value="24"/>
</AssgnmntListEntry>
<AssgnmntListEntry Length="1" RootTermCovItemId="C5">
<MapEntry BoolAssgnmnt="0" Value="12"/>
<MapEntry BoolAssgnmnt="1" Value="12"/>
</AssgnmntListEntry>
<AssgnmntListEntry Length="1" RootTermCovItemId="C6">
<MapEntry BoolAssgnmnt="1" Value="24"/>
</AssgnmntListEntry>
<AssgnmntListEntry Length="1" RootTermCovItemId="C7">
<MapEntry BoolAssgnmnt="0" Value="24"/>
</AssgnmntListEntry>
<AssgnmntListEntry Length="1" RootTermCovItemId="C8">
<MapEntry BoolAssgnmnt="1" Value="24"/>
</AssgnmntListEntry>
<AssgnmntListEntry Length="1" RootTermCovItemId="C9">
<MapEntry BoolAssgnmnt="0" Value="24"/>
</AssgnmntListEntry>
</AssgnmntPrefix>
<AssgnmntPrefix RootTermCovItemPrefix="com.OriginalFiles.RemoteNXTFunctions.java">
<AssgnmntListEntry Length="1" RootTermCovItemId="C5">
<MapEntry BoolAssgnmnt="1" Value="32"/>
</AssgnmntListEntry>
<AssgnmntListEntry Length="2" RootTermCovItemId="C6">
<MapEntry BoolAssgnmnt="10" Value="3"/>
<MapEntry BoolAssgnmnt="02" Value="28"/>
<MapEntry BoolAssgnmnt="11" Value="1"/>
</AssgnmntListEntry>
<AssgnmntListEntry Length="2" RootTermCovItemId="C7">
<MapEntry BoolAssgnmnt="10" Value="3"/>
<MapEntry BoolAssgnmnt="02" Value="27"/>
<MapEntry BoolAssgnmnt="11" Value="1"/>
</AssgnmntListEntry>
<AssgnmntListEntry Length="2" RootTermCovItemId="C8">
<MapEntry BoolAssgnmnt="10" Value="3"/>
<MapEntry BoolAssgnmnt="02" Value="26"/>
<MapEntry BoolAssgnmnt="11" Value="1"/>
</AssgnmntListEntry>
<AssgnmntListEntry Length="1" RootTermCovItemId="C9">
<MapEntry BoolAssgnmnt="0" Value="7"/>
<MapEntry BoolAssgnmnt="1" Value="22"/>
</AssgnmntListEntry>
</AssgnmntPrefix>
</AssgnmntList>
<ObjMetaDataList/>
<MetaDataList/>
</TestCase>
<TestCase Comment="" Date="1386063802834" Name="com.Testing.BoardTest:testNewBoard">
<CovList>
<CovPrefix CovItemPrefix="com.OriginalFiles.Analyze.java">
<Cov CovItemId="B103" Value="1"/>
<Cov CovItemId="B104" Value="1"/>
<Cov CovItemId="B105" Value="1"/>
<Cov CovItemId="B107" Value="1"/>
<Cov CovItemId="B108" Value="1"/>
<Cov CovItemId="B109" Value="1"/>
<Cov CovItemId="S1" Value="2"/>
<Cov CovItemId="S191" Value="2"/>
<Cov CovItemId="S192" Value="2"/>
<Cov CovItemId="S193" Value="1"/>
<Cov CovItemId="S194" Value="1"/>
<Cov CovItemId="S195" Value="1"/>
<Cov CovItemId="S199" Value="2"/>
<Cov CovItemId="S2" Value="2"/>
<Cov CovItemId="S200" Value="2"/>
<Cov CovItemId="S201" Value="2"/>
<Cov CovItemId="S202" Value="2"/>
<Cov CovItemId="S203" Value="2"/>
<Cov CovItemId="S204" Value="1"/>
<Cov CovItemId="S205" Value="1"/>
<Cov CovItemId="S206" Value="1"/>
<Cov CovItemId="S3" Value="2"/>
<Cov CovItemId="S4" Value="2"/>
<Cov CovItemId="S5" Value="2"/>
</CovPrefix>
<CovPrefix CovItemPrefix="com.OriginalFiles.Board.java">
<Cov CovItemId="B1" Value="64"/>
<Cov CovItemId="B10" Value="16"/>
<Cov CovItemId="B2" Value="64"/>
<Cov CovItemId="B3" Value="24"/>
<Cov CovItemId="B4" Value="40"/>
<Cov CovItemId="B5" Value="8"/>
<Cov CovItemId="B6" Value="16"/>
<Cov CovItemId="B69" Value="1"/>
<Cov CovItemId="B7" Value="24"/>
<Cov CovItemId="B70" Value="1"/>
<Cov CovItemId="B8" Value="40"/>
<Cov CovItemId="B83" Value="48"/>
<Cov CovItemId="B84" Value="136"/>
<Cov CovItemId="B85" Value="48"/>
<Cov CovItemId="B86" Value="88"/>
<Cov CovItemId="B9" Value="8"/>
<Cov CovItemId="L1-2" Value="2"/>
<Cov CovItemId="L2-2" Value="16"/>
<Cov CovItemId="L3-2" Value="2"/>
<Cov CovItemId="L4-2" Value="2"/>
<Cov CovItemId="L5-2" Value="2"/>
<Cov CovItemId="L6-2" Value="6"/>
<Cov CovItemId="L7-2" Value="2"/>
<Cov CovItemId="L8-2" Value="4"/>
<Cov CovItemId="S1" Value="2"/>
<Cov CovItemId="S10" Value="2"/>
<Cov CovItemId="S11" Value="16"/>
<Cov CovItemId="S12" Value="128"/>
<Cov CovItemId="S13" Value="128"/>
<Cov CovItemId="S14" Value="128"/>
<Cov CovItemId="S15" Value="128"/>
<Cov CovItemId="S152" Value="2"/>
<Cov CovItemId="S153" Value="1"/>
<Cov CovItemId="S154" Value="1"/>
<Cov CovItemId="S155" Value="1"/>
<Cov CovItemId="S156" Value="1"/>
<Cov CovItemId="S16" Value="64"/>
<Cov CovItemId="S17" Value="64"/>
<Cov CovItemId="S18" Value="64"/>
<Cov CovItemId="S180" Value="184"/>
<Cov CovItemId="S181" Value="48"/>
<Cov CovItemId="S182" Value="136"/>
<Cov CovItemId="S183" Value="48"/>
<Cov CovItemId="S184" Value="88"/>
<Cov CovItemId="S185" Value="160"/>
<Cov CovItemId="S19" Value="24"/>
<Cov CovItemId="S2" Value="2"/>
<Cov CovItemId="S20" Value="24"/>
<Cov CovItemId="S21" Value="24"/>
<Cov CovItemId="S22" Value="8"/>
<Cov CovItemId="S23" Value="64"/>
<Cov CovItemId="S24" Value="24"/>
<Cov CovItemId="S25" Value="24"/>
<Cov CovItemId="S26" Value="24"/>
<Cov CovItemId="S27" Value="8"/>
<Cov CovItemId="S28" Value="64"/>
<Cov CovItemId="S29" Value="64"/>
<Cov CovItemId="S3" Value="2"/>
<Cov CovItemId="S30" Value="128"/>
<Cov CovItemId="S31" Value="2"/>
<Cov CovItemId="S32" Value="16"/>
<Cov CovItemId="S33" Value="16"/>
<Cov CovItemId="S34" Value="16"/>
<Cov CovItemId="S35" Value="16"/>
<Cov CovItemId="S36" Value="16"/>
<Cov CovItemId="S37" Value="16"/>
<Cov CovItemId="S38" Value="16"/>
<Cov CovItemId="S39" Value="16"/>
<Cov CovItemId="S4" Value="2"/>
<Cov CovItemId="S40" Value="2"/>
<Cov CovItemId="S41" Value="16"/>
<Cov CovItemId="S42" Value="16"/>
<Cov CovItemId="S43" Value="16"/>
<Cov CovItemId="S44" Value="16"/>
<Cov CovItemId="S45" Value="16"/>
<Cov CovItemId="S46" Value="16"/>
<Cov CovItemId="S47" Value="16"/>
<Cov CovItemId="S48" Value="16"/>
<Cov CovItemId="S49" Value="2"/>
<Cov CovItemId="S5" Value="2"/>
<Cov CovItemId="S50" Value="6"/>
<Cov CovItemId="S51" Value="48"/>
<Cov CovItemId="S52" Value="48"/>
<Cov CovItemId="S53" Value="48"/>
<Cov CovItemId="S54" Value="48"/>
<Cov CovItemId="S55" Value="2"/>
<Cov CovItemId="S56" Value="4"/>
<Cov CovItemId="S57" Value="32"/>
<Cov CovItemId="S58" Value="32"/>
<Cov CovItemId="S59" Value="32"/>
<Cov CovItemId="S6" Value="2"/>
<Cov CovItemId="S60" Value="32"/>
<Cov CovItemId="S7" Value="2"/>
<Cov CovItemId="S8" Value="2"/>
<Cov CovItemId="S9" Value="2"/>
</CovPrefix>
<CovPrefix CovItemPrefix="com.OriginalFiles.Field.java">
<Cov CovItemId="B1" Value="80"/>
<Cov CovItemId="B2" Value="16"/>
<Cov CovItemId="S1" Value="240"/>
<Cov CovItemId="S2" Value="240"/>
<Cov CovItemId="S5" Value="96"/>
<Cov CovItemId="S6" Value="96"/>
<Cov CovItemId="S7" Value="80"/>
<Cov CovItemId="S8" Value="2"/>
<Cov CovItemId="S9" Value="96"/>
</CovPrefix>
<CovPrefix CovItemPrefix="com.OriginalFiles.Piece.java">
<Cov CovItemId="B10" Value="24"/>
<Cov CovItemId="B11" Value="48"/>
<Cov CovItemId="B12" Value="32"/>
<Cov CovItemId="B14" Value="48"/>
<Cov CovItemId="B15" Value="48"/>
<Cov CovItemId="B18" Value="48"/>
<Cov CovItemId="B2" Value="80"/>
<Cov CovItemId="B34" Value="48"/>
<Cov CovItemId="B35" Value="16"/>
<Cov CovItemId="B36" Value="32"/>
<Cov CovItemId="B37" Value="16"/>
<Cov CovItemId="B40" Value="48"/>
<Cov CovItemId="B5" Value="48"/>
<Cov CovItemId="B6" Value="32"/>
<Cov CovItemId="B9" Value="24"/>
<Cov CovItemId="S1" Value="80"/>
<Cov CovItemId="S10" Value="80"/>
<Cov CovItemId="S11" Value="80"/>
<Cov CovItemId="S12" Value="80"/>
<Cov CovItemId="S13" Value="80"/>
<Cov CovItemId="S14" Value="80"/>
<Cov CovItemId="S15" Value="80"/>
<Cov CovItemId="S16" Value="80"/>
<Cov CovItemId="S17" Value="80"/>
<Cov CovItemId="S18" Value="80"/>
<Cov CovItemId="S19" Value="80"/>
<Cov CovItemId="S2" Value="80"/>
<Cov CovItemId="S20" Value="80"/>
<Cov CovItemId="S21" Value="80"/>
<Cov CovItemId="S24" Value="80"/>
<Cov CovItemId="S25" Value="80"/>
<Cov CovItemId="S26" Value="80"/>
<Cov CovItemId="S3" Value="80"/>
<Cov CovItemId="S30" Value="80"/>
<Cov CovItemId="S31" Value="80"/>
<Cov CovItemId="S32" Value="80"/>
<Cov CovItemId="S33" Value="48"/>
<Cov CovItemId="S34" Value="32"/>
<Cov CovItemId="S35" Value="32"/>
<Cov CovItemId="S39" Value="48"/>
<Cov CovItemId="S4" Value="80"/>
<Cov CovItemId="S40" Value="24"/>
<Cov CovItemId="S41" Value="24"/>
<Cov CovItemId="S42" Value="80"/>
<Cov CovItemId="S43" Value="80"/>
<Cov CovItemId="S44" Value="48"/>
<Cov CovItemId="S45" Value="48"/>
<Cov CovItemId="S46" Value="48"/>
<Cov CovItemId="S48" Value="48"/>
<Cov CovItemId="S49" Value="48"/>
<Cov CovItemId="S5" Value="80"/>
<Cov CovItemId="S50" Value="48"/>
<Cov CovItemId="S6" Value="80"/>
<Cov CovItemId="S65" Value="48"/>
<Cov CovItemId="S67" Value="48"/>
<Cov CovItemId="S68" Value="16"/>
<Cov CovItemId="S69" Value="16"/>
<Cov CovItemId="S7" Value="80"/>
<Cov CovItemId="S70" Value="16"/>
<Cov CovItemId="S71" Value="48"/>
<Cov CovItemId="S73" Value="48"/>
<Cov CovItemId="S8" Value="80"/>
<Cov CovItemId="S9" Value="80"/>
</CovPrefix>
<CovPrefix CovItemPrefix="com.OriginalFiles.RemoteNXTFunctions.java">
<Cov CovItemId="B16" Value="1"/>
<Cov CovItemId="B24" Value="1"/>
<Cov CovItemId="B32" Value="1"/>
<Cov CovItemId="B40" Value="1"/>
<Cov CovItemId="B5" Value="1"/>
<Cov CovItemId="B50" Value="1"/>
<Cov CovItemId="B55" Value="1"/>
<Cov CovItemId="B57" Value="1"/>
<Cov CovItemId="B6" Value="1"/>
<Cov CovItemId="B7" Value="1"/>
<Cov CovItemId="S1" Value="1"/>
<Cov CovItemId="S162" Value="2"/>
<Cov CovItemId="S19" Value="2"/>
<Cov CovItemId="S2" Value="1"/>
<Cov CovItemId="S20" Value="2"/>
<Cov CovItemId="S21" Value="1"/>
<Cov CovItemId="S22" Value="1"/>
<Cov CovItemId="S3" Value="1"/>
<Cov CovItemId="S30" Value="1"/>
<Cov CovItemId="S38" Value="1"/>
<Cov CovItemId="S46" Value="1"/>
<Cov CovItemId="S54" Value="1"/>
<Cov CovItemId="S64" Value="1"/>
<Cov CovItemId="S70" Value="1"/>
<Cov CovItemId="S71" Value="1"/>
<Cov CovItemId="S72" Value="1"/>
</CovPrefix>
</CovList>
<AssgnmntList>
<AssgnmntPrefix RootTermCovItemPrefix="com.OriginalFiles.Analyze.java">
<AssgnmntListEntry Length="1" RootTermCovItemId="C64">
<MapEntry BoolAssgnmnt="0" Value="1"/>
<MapEntry BoolAssgnmnt="1" Value="1"/>
</AssgnmntListEntry>
<AssgnmntListEntry Length="1" RootTermCovItemId="C65">
<MapEntry BoolAssgnmnt="1" Value="1"/>
</AssgnmntListEntry>
<AssgnmntListEntry Length="6" RootTermCovItemId="C66">
<MapEntry BoolAssgnmnt="110222" Value="1"/>
<MapEntry BoolAssgnmnt="111111" Value="1"/>
</AssgnmntListEntry>
<AssgnmntListEntry Length="6" RootTermCovItemId="C67">
<MapEntry BoolAssgnmnt="111111" Value="1"/>
</AssgnmntListEntry>
</AssgnmntPrefix>
<AssgnmntPrefix RootTermCovItemPrefix="com.OriginalFiles.Board.java">
<AssgnmntListEntry Length="1" RootTermCovItemId="C1">
<MapEntry BoolAssgnmnt="0" Value="2"/>
<MapEntry BoolAssgnmnt="1" Value="16"/>
</AssgnmntListEntry>
<AssgnmntListEntry Length="1" RootTermCovItemId="C10">
<MapEntry BoolAssgnmnt="0" Value="2"/>
<MapEntry BoolAssgnmnt="1" Value="6"/>
</AssgnmntListEntry>
<AssgnmntListEntry Length="1" RootTermCovItemId="C11">
<MapEntry BoolAssgnmnt="0" Value="6"/>
<MapEntry BoolAssgnmnt="1" Value="48"/>
</AssgnmntListEntry>
<AssgnmntListEntry Length="1" RootTermCovItemId="C12">
<MapEntry BoolAssgnmnt="0" Value="2"/>
<MapEntry BoolAssgnmnt="1" Value="4"/>
</AssgnmntListEntry>
<AssgnmntListEntry Length="1" RootTermCovItemId="C13">
<MapEntry BoolAssgnmnt="0" Value="4"/>
<MapEntry BoolAssgnmnt="1" Value="32"/>
</AssgnmntListEntry>
<AssgnmntListEntry Length="1" RootTermCovItemId="C2">
<MapEntry BoolAssgnmnt="0" Value="16"/>
<MapEntry BoolAssgnmnt="1" Value="128"/>
</AssgnmntListEntry>
<AssgnmntListEntry Length="1" RootTermCovItemId="C3">
<MapEntry BoolAssgnmnt="0" Value="64"/>
<MapEntry BoolAssgnmnt="1" Value="64"/>
</AssgnmntListEntry>
<AssgnmntListEntry Length="1" RootTermCovItemId="C4">
<MapEntry BoolAssgnmnt="0" Value="40"/>
<MapEntry BoolAssgnmnt="1" Value="24"/>
</AssgnmntListEntry>
<AssgnmntListEntry Length="1" RootTermCovItemId="C45">
<MapEntry BoolAssgnmnt="0" Value="1"/>
<MapEntry BoolAssgnmnt="1" Value="1"/>
</AssgnmntListEntry>
<AssgnmntListEntry Length="1" RootTermCovItemId="C5">
<MapEntry BoolAssgnmnt="0" Value="16"/>
<MapEntry BoolAssgnmnt="1" Value="8"/>
</AssgnmntListEntry>
<AssgnmntListEntry Length="3" RootTermCovItemId="C55">
<MapEntry BoolAssgnmnt="002" Value="88"/>
<MapEntry BoolAssgnmnt="120" Value="48"/>
<MapEntry BoolAssgnmnt="121" Value="48"/>
</AssgnmntListEntry>
<AssgnmntListEntry Length="3" RootTermCovItemId="C56">
<MapEntry BoolAssgnmnt="002" Value="48"/>
<MapEntry BoolAssgnmnt="120" Value="40"/>
<MapEntry BoolAssgnmnt="121" Value="48"/>
</AssgnmntListEntry>
<AssgnmntListEntry Length="1" RootTermCovItemId="C6">
<MapEntry BoolAssgnmnt="0" Value="40"/>
<MapEntry BoolAssgnmnt="1" Value="24"/>
</AssgnmntListEntry>
<AssgnmntListEntry Length="1" RootTermCovItemId="C7">
<MapEntry BoolAssgnmnt="0" Value="16"/>
<MapEntry BoolAssgnmnt="1" Value="8"/>
</AssgnmntListEntry>
<AssgnmntListEntry Length="1" RootTermCovItemId="C8">
<MapEntry BoolAssgnmnt="0" Value="2"/>
<MapEntry BoolAssgnmnt="1" Value="16"/>
</AssgnmntListEntry>
<AssgnmntListEntry Length="1" RootTermCovItemId="C9">
<MapEntry BoolAssgnmnt="0" Value="2"/>
<MapEntry BoolAssgnmnt="1" Value="16"/>
</AssgnmntListEntry>
</AssgnmntPrefix>
<AssgnmntPrefix RootTermCovItemPrefix="com.OriginalFiles.Field.java">
<AssgnmntListEntry Length="1" RootTermCovItemId="C1">
<MapEntry BoolAssgnmnt="0" Value="80"/>
<MapEntry BoolAssgnmnt="1" Value="16"/>
</AssgnmntListEntry>
</AssgnmntPrefix>
<AssgnmntPrefix RootTermCovItemPrefix="com.OriginalFiles.Piece.java">
<AssgnmntListEntry Length="2" RootTermCovItemId="C1">
<MapEntry BoolAssgnmnt="10" Value="48"/>
<MapEntry BoolAssgnmnt="02" Value="32"/>
</AssgnmntListEntry>
<AssgnmntListEntry Length="5" RootTermCovItemId="C17">
<MapEntry BoolAssgnmnt="00210" Value="24"/>
<MapEntry BoolAssgnmnt="01002" Value="24"/>
</AssgnmntListEntry>
<AssgnmntListEntry Length="5" RootTermCovItemId="C18">
<MapEntry BoolAssgnmnt="00210" Value="16"/>
<MapEntry BoolAssgnmnt="00211" Value="8"/>
<MapEntry BoolAssgnmnt="01002" Value="16"/>
<MapEntry BoolAssgnmnt="01122" Value="8"/>
</AssgnmntListEntry>
<AssgnmntListEntry Length="1" RootTermCovItemId="C19">
<MapEntry BoolAssgnmnt="1" Value="16"/>
</AssgnmntListEntry>
<AssgnmntListEntry Length="1" RootTermCovItemId="C20">
<MapEntry BoolAssgnmnt="0" Value="48"/>
</AssgnmntListEntry>
<AssgnmntListEntry Length="1" RootTermCovItemId="C3">
<MapEntry BoolAssgnmnt="0" Value="32"/>
<MapEntry BoolAssgnmnt="1" Value="48"/>
</AssgnmntListEntry>
<AssgnmntListEntry Length="1" RootTermCovItemId="C5">
<MapEntry BoolAssgnmnt="0" Value="24"/>
<MapEntry BoolAssgnmnt="1" Value="24"/>
</AssgnmntListEntry>
<AssgnmntListEntry Length="1" RootTermCovItemId="C6">
<MapEntry BoolAssgnmnt="0" Value="32"/>
<MapEntry BoolAssgnmnt="1" Value="48"/>
</AssgnmntListEntry>
<AssgnmntListEntry Length="1" RootTermCovItemId="C7">
<MapEntry BoolAssgnmnt="0" Value="48"/>
</AssgnmntListEntry>
<AssgnmntListEntry Length="1" RootTermCovItemId="C8">
<MapEntry BoolAssgnmnt="1" Value="48"/>
</AssgnmntListEntry>
<AssgnmntListEntry Length="1" RootTermCovItemId="C9">
<MapEntry BoolAssgnmnt="0" Value="48"/>
</AssgnmntListEntry>
</AssgnmntPrefix>
<AssgnmntPrefix RootTermCovItemPrefix="com.OriginalFiles.RemoteNXTFunctions.java">
<AssgnmntListEntry Length="1" RootTermCovItemId="C10">
<MapEntry BoolAssgnmnt="0" Value="1"/>
</AssgnmntListEntry>
<AssgnmntListEntry Length="1" RootTermCovItemId="C14">
<MapEntry BoolAssgnmnt="0" Value="1"/>
</AssgnmntListEntry>
<AssgnmntListEntry Length="1" RootTermCovItemId="C18">
<MapEntry BoolAssgnmnt="0" Value="1"/>
</AssgnmntListEntry>
<AssgnmntListEntry Length="1" RootTermCovItemId="C22">
<MapEntry BoolAssgnmnt="0" Value="1"/>
</AssgnmntListEntry>
<AssgnmntListEntry Length="1" RootTermCovItemId="C27">
<MapEntry BoolAssgnmnt="0" Value="1"/>
</AssgnmntListEntry>
<AssgnmntListEntry Length="1" RootTermCovItemId="C30">
<MapEntry BoolAssgnmnt="1" Value="1"/>
</AssgnmntListEntry>
<AssgnmntListEntry Length="2" RootTermCovItemId="C31">
<MapEntry BoolAssgnmnt="11" Value="1"/>
</AssgnmntListEntry>
<AssgnmntListEntry Length="1" RootTermCovItemId="C5">
<MapEntry BoolAssgnmnt="0" Value="1"/>
<MapEntry BoolAssgnmnt="1" Value="1"/>
</AssgnmntListEntry>
<AssgnmntListEntry Length="2" RootTermCovItemId="C6">
<MapEntry BoolAssgnmnt="11" Value="1"/>
</AssgnmntListEntry>
</AssgnmntPrefix>
</AssgnmntList>
<ObjMetaDataList/>
<MetaDataList/>
</TestCase>
<MetaDataList/>
</TestSession>
<TestSession Comment="" Date="1386064083498" Name="03-12-2013 10:48:03">
<TestCase Comment="" Date="1386064083329" Name="com.Testing.MiTest:testLookForBestMove">
<CovList>
<CovPrefix CovItemPrefix="com.OriginalFiles.Analyze.java">
<Cov CovItemId="B103" Value="1"/>
<Cov CovItemId="B107" Value="1"/>
<Cov CovItemId="B120" Value="2372"/>
<Cov CovItemId="B121" Value="3964"/>
<Cov CovItemId="B122" Value="1184"/>
<Cov CovItemId="B123" Value="1188"/>
<Cov CovItemId="B124" Value="509"/>
<Cov CovItemId="B125" Value="675"/>
<Cov CovItemId="B126" Value="1188"/>
<Cov CovItemId="B127" Value="1184"/>
<Cov CovItemId="B128" Value="601"/>
<Cov CovItemId="B129" Value="587"/>
<Cov CovItemId="B131" Value="99"/>
<Cov CovItemId="B133" Value="99"/>
<Cov CovItemId="B135" Value="99"/>
<Cov CovItemId="B144" Value="68"/>
<Cov CovItemId="B145" Value="4"/>
<Cov CovItemId="B147" Value="68"/>
<Cov CovItemId="B148" Value="816"/>
<Cov CovItemId="B149" Value="1360"/>
<Cov CovItemId="B150" Value="68"/>
<Cov CovItemId="B153" Value="4"/>
<Cov CovItemId="B155" Value="4"/>
<Cov CovItemId="B65" Value="2"/>
<Cov CovItemId="B66" Value="9"/>
<Cov CovItemId="B68" Value="11"/>
<Cov CovItemId="B70" Value="11"/>
<Cov CovItemId="B71" Value="4"/>
<Cov CovItemId="B72" Value="7"/>
<Cov CovItemId="B73" Value="5"/>
<Cov CovItemId="B74" Value="6"/>
<Cov CovItemId="B84" Value="199"/>
<Cov CovItemId="L16-2" Value="99"/>
<Cov CovItemId="L17-2" Value="792"/>
<Cov CovItemId="L18-2" Value="68"/>
<Cov CovItemId="L19-2" Value="272"/>
<Cov CovItemId="L5-1" Value="11"/>
<Cov CovItemId="S1" Value="1"/>
<Cov CovItemId="S100" Value="11"/>
<Cov CovItemId="S101" Value="11"/>
<Cov CovItemId="S102" Value="11"/>
<Cov CovItemId="S103" Value="2"/>
<Cov CovItemId="S104" Value="11"/>
<Cov CovItemId="S105" Value="11"/>
<Cov CovItemId="S107" Value="11"/>
<Cov CovItemId="S108" Value="11"/>
<Cov CovItemId="S110" Value="11"/>
<Cov CovItemId="S111" Value="11"/>
<Cov CovItemId="S112" Value="4"/>
<Cov CovItemId="S113" Value="11"/>
<Cov CovItemId="S114" Value="5"/>
<Cov CovItemId="S115" Value="11"/>
<Cov CovItemId="S116" Value="11"/>
<Cov CovItemId="S117" Value="11"/>
<Cov CovItemId="S149" Value="199"/>
<Cov CovItemId="S191" Value="1"/>
<Cov CovItemId="S192" Value="1"/>
<Cov CovItemId="S193" Value="1"/>
<Cov CovItemId="S199" Value="1"/>
<Cov CovItemId="S2" Value="1"/>
<Cov CovItemId="S200" Value="1"/>
<Cov CovItemId="S201" Value="1"/>
<Cov CovItemId="S202" Value="1"/>
<Cov CovItemId="S203" Value="1"/>
<Cov CovItemId="S204" Value="1"/>
<Cov CovItemId="S221" Value="99"/>
<Cov CovItemId="S222" Value="99"/>
<Cov CovItemId="S223" Value="99"/>
<Cov CovItemId="S224" Value="99"/>
<Cov CovItemId="S225" Value="99"/>
<Cov CovItemId="S226" Value="99"/>
<Cov CovItemId="S227" Value="792"/>
<Cov CovItemId="S228" Value="6336"/>
<Cov CovItemId="S229" Value="2372"/>
<Cov CovItemId="S230" Value="1184"/>
<Cov CovItemId="S231" Value="1184"/>
<Cov CovItemId="S232" Value="509"/>
<Cov CovItemId="S233" Value="2372"/>
<Cov CovItemId="S234" Value="1188"/>
<Cov CovItemId="S235" Value="1188"/>
<Cov CovItemId="S236" Value="601"/>
<Cov CovItemId="S237" Value="99"/>
<Cov CovItemId="S239" Value="99"/>
<Cov CovItemId="S241" Value="99"/>
<Cov CovItemId="S250" Value="99"/>
<Cov CovItemId="S251" Value="72"/>
<Cov CovItemId="S252" Value="72"/>
<Cov CovItemId="S253" Value="68"/>
<Cov CovItemId="S255" Value="68"/>
<Cov CovItemId="S256" Value="68"/>
<Cov CovItemId="S257" Value="272"/>
<Cov CovItemId="S258" Value="2176"/>
<Cov CovItemId="S259" Value="816"/>
<Cov CovItemId="S260" Value="68"/>
<Cov CovItemId="S261" Value="68"/>
<Cov CovItemId="S262" Value="4"/>
<Cov CovItemId="S264" Value="4"/>
<Cov CovItemId="S266" Value="4"/>
<Cov CovItemId="S3" Value="1"/>
<Cov CovItemId="S4" Value="1"/>
<Cov CovItemId="S5" Value="1"/>
<Cov CovItemId="S99" Value="11"/>
</CovPrefix>
<CovPrefix CovItemPrefix="com.OriginalFiles.Board.java">
<Cov CovItemId="B1" Value="32"/>
<Cov CovItemId="B10" Value="8"/>
<Cov CovItemId="B2" Value="32"/>
<Cov CovItemId="B3" Value="12"/>
<Cov CovItemId="B31" Value="199"/>
<Cov CovItemId="B33" Value="41"/>
<Cov CovItemId="B34" Value="158"/>
<Cov CovItemId="B36" Value="199"/>
<Cov CovItemId="B37" Value="199"/>
<Cov CovItemId="B4" Value="20"/>
<Cov CovItemId="B41" Value="5690"/>
<Cov CovItemId="B42" Value="770"/>
<Cov CovItemId="B43" Value="61"/>
<Cov CovItemId="B44" Value="3006"/>
<Cov CovItemId="B45" Value="1056"/>
<Cov CovItemId="B46" Value="2099"/>
<Cov CovItemId="B47" Value="1045"/>
<Cov CovItemId="B48" Value="2110"/>
<Cov CovItemId="B5" Value="4"/>
<Cov CovItemId="B50" Value="3155"/>
<Cov CovItemId="B55" Value="6074"/>
<Cov CovItemId="B56" Value="6132"/>
<Cov CovItemId="B57" Value="4607"/>
<Cov CovItemId="B58" Value="1525"/>
<Cov CovItemId="B59" Value="4607"/>
<Cov CovItemId="B6" Value="8"/>
<Cov CovItemId="B61" Value="67"/>
<Cov CovItemId="B62" Value="4540"/>
<Cov CovItemId="B63" Value="4096"/>
<Cov CovItemId="B64" Value="4096"/>
<Cov CovItemId="B65" Value="3067"/>
<Cov CovItemId="B66" Value="1029"/>
<Cov CovItemId="B67" Value="1535"/>
<Cov CovItemId="B68" Value="1532"/>
<Cov CovItemId="B69" Value="1"/>
<Cov CovItemId="B7" Value="12"/>
<Cov CovItemId="B79" Value="13003"/>
<Cov CovItemId="B8" Value="20"/>
<Cov CovItemId="B81" Value="11419"/>
<Cov CovItemId="B82" Value="1584"/>
<Cov CovItemId="B83" Value="3282"/>
<Cov CovItemId="B84" Value="9049"/>
<Cov CovItemId="B85" Value="1467"/>
<Cov CovItemId="B86" Value="7582"/>
<Cov CovItemId="B9" Value="4"/>
<Cov CovItemId="L1-2" Value="1"/>
<Cov CovItemId="L10-2" Value="2048"/>
<Cov CovItemId="L13-2" Value="128"/>
<Cov CovItemId="L14-2" Value="1024"/>
<Cov CovItemId="L2-2" Value="8"/>
<Cov CovItemId="L3-2" Value="1"/>
<Cov CovItemId="L4-2" Value="1"/>
<Cov CovItemId="L5-2" Value="1"/>
<Cov CovItemId="L6-2" Value="3"/>
<Cov CovItemId="L7-2" Value="1"/>
<Cov CovItemId="L8-2" Value="2"/>
<Cov CovItemId="L9-2" Value="256"/>
<Cov CovItemId="S1" Value="1"/>
<Cov CovItemId="S10" Value="1"/>
<Cov CovItemId="S100" Value="41"/>
<Cov CovItemId="S101" Value="158"/>
<Cov CovItemId="S102" Value="199"/>
<Cov CovItemId="S104" Value="199"/>
<Cov CovItemId="S105" Value="1"/>
<Cov CovItemId="S106" Value="199"/>
<Cov CovItemId="S107" Value="199"/>
<Cov CovItemId="S108" Value="199"/>
<Cov CovItemId="S109" Value="199"/>
<Cov CovItemId="S11" Value="8"/>
<Cov CovItemId="S115" Value="6460"/>
<Cov CovItemId="S116" Value="5690"/>
<Cov CovItemId="S117" Value="770"/>
<Cov CovItemId="S118" Value="3067"/>
<Cov CovItemId="S119" Value="3067"/>
<Cov CovItemId="S12" Value="64"/>
<Cov CovItemId="S120" Value="61"/>
<Cov CovItemId="S121" Value="3006"/>
<Cov CovItemId="S122" Value="3006"/>
<Cov CovItemId="S123" Value="3155"/>
<Cov CovItemId="S124" Value="3155"/>
<Cov CovItemId="S125" Value="1056"/>
<Cov CovItemId="S126" Value="3155"/>
<Cov CovItemId="S127" Value="1045"/>
<Cov CovItemId="S128" Value="3155"/>
<Cov CovItemId="S13" Value="64"/>
<Cov CovItemId="S133" Value="3155"/>
<Cov CovItemId="S134" Value="3067"/>
<Cov CovItemId="S135" Value="12206"/>
<Cov CovItemId="S136" Value="6074"/>
<Cov CovItemId="S137" Value="6132"/>
<Cov CovItemId="S138" Value="4607"/>
<Cov CovItemId="S139" Value="4607"/>
<Cov CovItemId="S14" Value="64"/>
<Cov CovItemId="S140" Value="67"/>
<Cov CovItemId="S141" Value="6065"/>
<Cov CovItemId="S142" Value="12162"/>
<Cov CovItemId="S143" Value="128"/>
<Cov CovItemId="S144" Value="128"/>
<Cov CovItemId="S145" Value="1024"/>
<Cov CovItemId="S146" Value="8192"/>
<Cov CovItemId="S147" Value="4096"/>
<Cov CovItemId="S148" Value="3067"/>
<Cov CovItemId="S149" Value="1535"/>
<Cov CovItemId="S15" Value="64"/>
<Cov CovItemId="S150" Value="1532"/>
<Cov CovItemId="S151" Value="128"/>
<Cov CovItemId="S152" Value="1"/>
<Cov CovItemId="S153" Value="1"/>
<Cov CovItemId="S154" Value="1"/>
<Cov CovItemId="S16" Value="32"/>
<Cov CovItemId="S17" Value="32"/>
<Cov CovItemId="S176" Value="13003"/>
<Cov CovItemId="S177" Value="13003"/>
<Cov CovItemId="S178" Value="11419"/>
<Cov CovItemId="S179" Value="1584"/>
<Cov CovItemId="S18" Value="32"/>
<Cov CovItemId="S180" Value="12331"/>
<Cov CovItemId="S181" Value="3282"/>
<Cov CovItemId="S182" Value="9049"/>
<Cov CovItemId="S183" Value="1467"/>
<Cov CovItemId="S184" Value="7582"/>
<Cov CovItemId="S185" Value="26280"/>
<Cov CovItemId="S19" Value="12"/>
<Cov CovItemId="S2" Value="1"/>
<Cov CovItemId="S20" Value="12"/>
<Cov CovItemId="S21" Value="12"/>
<Cov CovItemId="S22" Value="4"/>
<Cov CovItemId="S23" Value="32"/>
<Cov CovItemId="S24" Value="12"/>
<Cov CovItemId="S25" Value="12"/>
<Cov CovItemId="S26" Value="12"/>
<Cov CovItemId="S27" Value="4"/>
<Cov CovItemId="S28" Value="32"/>
<Cov CovItemId="S29" Value="32"/>
<Cov CovItemId="S3" Value="1"/>
<Cov CovItemId="S30" Value="64"/>
<Cov CovItemId="S31" Value="1"/>
<Cov CovItemId="S32" Value="8"/>
<Cov CovItemId="S33" Value="8"/>
<Cov CovItemId="S34" Value="8"/>
<Cov CovItemId="S35" Value="8"/>
<Cov CovItemId="S36" Value="8"/>
<Cov CovItemId="S37" Value="8"/>
<Cov CovItemId="S38" Value="8"/>
<Cov CovItemId="S39" Value="8"/>
<Cov CovItemId="S4" Value="1"/>
<Cov CovItemId="S40" Value="1"/>
<Cov CovItemId="S41" Value="8"/>
<Cov CovItemId="S42" Value="8"/>
<Cov CovItemId="S43" Value="8"/>
<Cov CovItemId="S44" Value="8"/>
<Cov CovItemId="S45" Value="8"/>
<Cov CovItemId="S46" Value="8"/>
<Cov CovItemId="S47" Value="8"/>
<Cov CovItemId="S48" Value="8"/>
<Cov CovItemId="S49" Value="1"/>
<Cov CovItemId="S5" Value="1"/>
<Cov CovItemId="S50" Value="3"/>
<Cov CovItemId="S51" Value="24"/>
<Cov CovItemId="S52" Value="24"/>
<Cov CovItemId="S53" Value="24"/>
<Cov CovItemId="S54" Value="24"/>
<Cov CovItemId="S55" Value="1"/>
<Cov CovItemId="S56" Value="2"/>
<Cov CovItemId="S57" Value="16"/>
<Cov CovItemId="S58" Value="16"/>
<Cov CovItemId="S59" Value="16"/>
<Cov CovItemId="S6" Value="1"/>
<Cov CovItemId="S60" Value="16"/>
<Cov CovItemId="S61" Value="256"/>
<Cov CovItemId="S62" Value="2048"/>
<Cov CovItemId="S63" Value="16384"/>
<Cov CovItemId="S7" Value="1"/>
<Cov CovItemId="S8" Value="1"/>
<Cov CovItemId="S9" Value="1"/>
<Cov CovItemId="S98" Value="199"/>
<Cov CovItemId="S99" Value="199"/>
</CovPrefix>
<CovPrefix CovItemPrefix="com.OriginalFiles.Field.java">
<Cov CovItemId="B1" Value="243"/>
<Cov CovItemId="B2" Value="12"/>
<Cov CovItemId="S1" Value="120"/>
<Cov CovItemId="S13" Value="200"/>
<Cov CovItemId="S2" Value="120"/>
<Cov CovItemId="S5" Value="255"/>
<Cov CovItemId="S6" Value="255"/>
<Cov CovItemId="S7" Value="243"/>
<Cov CovItemId="S8" Value="37124"/>
<Cov CovItemId="S9" Value="29806"/>
</CovPrefix>
<CovPrefix CovItemPrefix="com.OriginalFiles.MI.java">
<Cov CovItemId="B1" Value="1"/>
<Cov CovItemId="B10" Value="5"/>
<Cov CovItemId="B11" Value="3"/>
<Cov CovItemId="B12" Value="2"/>
<Cov CovItemId="B13" Value="72"/>
<Cov CovItemId="B14" Value="27"/>
<Cov CovItemId="B15" Value="15"/>
<Cov CovItemId="B16" Value="77"/>
<Cov CovItemId="B17" Value="72"/>
<Cov CovItemId="B20" Value="72"/>
<Cov CovItemId="B28" Value="72"/>
<Cov CovItemId="B29" Value="72"/>
<Cov CovItemId="B3" Value="71"/>
<Cov CovItemId="B31" Value="60"/>
<Cov CovItemId="B32" Value="196"/>
<Cov CovItemId="B33" Value="99"/>
<Cov CovItemId="B35" Value="4"/>
<Cov CovItemId="B36" Value="95"/>
<Cov CovItemId="B37" Value="4"/>
<Cov CovItemId="B39" Value="99"/>
<Cov CovItemId="B4" Value="121"/>
<Cov CovItemId="B41" Value="99"/>
<Cov CovItemId="B44" Value="99"/>
<Cov CovItemId="B49" Value="4"/>
<Cov CovItemId="B5" Value="35"/>
<Cov CovItemId="B51" Value="695"/>
<Cov CovItemId="B52" Value="1161"/>
<Cov CovItemId="B53" Value="154"/>
<Cov CovItemId="B54" Value="541"/>
<Cov CovItemId="B55" Value="5"/>
<Cov CovItemId="B56" Value="149"/>
<Cov CovItemId="B57" Value="5"/>
<Cov CovItemId="B59" Value="149"/>
<Cov CovItemId="B6" Value="36"/>
<Cov CovItemId="B61" Value="5"/>
<Cov CovItemId="B62" Value="24"/>
<Cov CovItemId="B7" Value="1"/>
<Cov CovItemId="B8" Value="1"/>
<Cov CovItemId="B9" Value="2"/>
<Cov CovItemId="L1-2" Value="3"/>
<Cov CovItemId="L10-2" Value="29"/>
<Cov CovItemId="L11-2" Value="232"/>
<Cov CovItemId="L12-1" Value="5"/>
<Cov CovItemId="L13-1" Value="88"/>
<Cov CovItemId="L13-2" Value="61"/>
<Cov CovItemId="L2-2" Value="24"/>
<Cov CovItemId="L3-2" Value="1"/>
<Cov CovItemId="L4-1" Value="16"/>
<Cov CovItemId="L4-2" Value="11"/>
<Cov CovItemId="L5-2" Value="72"/>
<Cov CovItemId="L6-2" Value="72"/>
<Cov CovItemId="L7-1" Value="99"/>
<Cov CovItemId="L8-1" Value="99"/>
<Cov CovItemId="L9-0" Value="95"/>
<Cov CovItemId="L9-1" Value="4"/>
<Cov CovItemId="S1" Value="1"/>
<Cov CovItemId="S10" Value="1"/>
<Cov CovItemId="S100" Value="99"/>
<Cov CovItemId="S101" Value="99"/>
<Cov CovItemId="S102" Value="99"/>
<Cov CovItemId="S103" Value="99"/>
<Cov CovItemId="S104" Value="99"/>
<Cov CovItemId="S105" Value="99"/>
<Cov CovItemId="S106" Value="99"/>
<Cov CovItemId="S107" Value="99"/>
<Cov CovItemId="S108" Value="99"/>
<Cov CovItemId="S109" Value="99"/>
<Cov CovItemId="S11" Value="1"/>
<Cov CovItemId="S115" Value="99"/>
<Cov CovItemId="S116" Value="99"/>
<Cov CovItemId="S117" Value="99"/>
<Cov CovItemId="S118" Value="4"/>
<Cov CovItemId="S119" Value="4"/>
<Cov CovItemId="S12" Value="1"/>
<Cov CovItemId="S120" Value="4"/>
<Cov CovItemId="S122" Value="4"/>
<Cov CovItemId="S123" Value="29"/>
<Cov CovItemId="S124" Value="29"/>
<Cov CovItemId="S125" Value="29"/>
<Cov CovItemId="S126" Value="29"/>
<Cov CovItemId="S127" Value="232"/>
<Cov CovItemId="S128" Value="1856"/>
<Cov CovItemId="S129" Value="695"/>
<Cov CovItemId="S130" Value="154"/>
<Cov CovItemId="S131" Value="5"/>
<Cov CovItemId="S132" Value="5"/>
<Cov CovItemId="S133" Value="5"/>
<Cov CovItemId="S134" Value="5"/>
<Cov CovItemId="S135" Value="149"/>
<Cov CovItemId="S136" Value="149"/>
<Cov CovItemId="S137" Value="149"/>
<Cov CovItemId="S138" Value="210"/>
<Cov CovItemId="S139" Value="210"/>
<Cov CovItemId="S14" Value="1"/>
<Cov CovItemId="S140" Value="29"/>
<Cov CovItemId="S141" Value="5"/>
<Cov CovItemId="S142" Value="24"/>
<Cov CovItemId="S15" Value="1"/>
<Cov CovItemId="S16" Value="3"/>
<Cov CovItemId="S17" Value="3"/>
<Cov CovItemId="S18" Value="3"/>
<Cov CovItemId="S19" Value="24"/>
<Cov CovItemId="S2" Value="1"/>
<Cov CovItemId="S20" Value="192"/>
<Cov CovItemId="S21" Value="71"/>
<Cov CovItemId="S22" Value="35"/>
<Cov CovItemId="S23" Value="36"/>
<Cov CovItemId="S24" Value="2"/>
<Cov CovItemId="S25" Value="2"/>
<Cov CovItemId="S26" Value="2"/>
<Cov CovItemId="S27" Value="2"/>
<Cov CovItemId="S28" Value="2"/>
<Cov CovItemId="S29" Value="1"/>
<Cov CovItemId="S3" Value="1"/>
<Cov CovItemId="S30" Value="1"/>
<Cov CovItemId="S31" Value="7"/>
<Cov CovItemId="S32" Value="7"/>
<Cov CovItemId="S33" Value="7"/>
<Cov CovItemId="S34" Value="7"/>
<Cov CovItemId="S35" Value="2"/>
<Cov CovItemId="S36" Value="2"/>
<Cov CovItemId="S37" Value="2"/>
<Cov CovItemId="S38" Value="5"/>
<Cov CovItemId="S39" Value="3"/>
<Cov CovItemId="S4" Value="1"/>
<Cov CovItemId="S40" Value="1"/>
<Cov CovItemId="S41" Value="99"/>
<Cov CovItemId="S42" Value="72"/>
<Cov CovItemId="S43" Value="27"/>
<Cov CovItemId="S44" Value="27"/>
<Cov CovItemId="S45" Value="27"/>
<Cov CovItemId="S46" Value="92"/>
<Cov CovItemId="S47" Value="92"/>
<Cov CovItemId="S48" Value="92"/>
<Cov CovItemId="S49" Value="92"/>
<Cov CovItemId="S5" Value="1"/>
<Cov CovItemId="S50" Value="92"/>
<Cov CovItemId="S51" Value="92"/>
<Cov CovItemId="S52" Value="15"/>
<Cov CovItemId="S53" Value="27"/>
<Cov CovItemId="S54" Value="72"/>
<Cov CovItemId="S55" Value="72"/>
<Cov CovItemId="S56" Value="72"/>
<Cov CovItemId="S57" Value="72"/>
<Cov CovItemId="S58" Value="72"/>
<Cov CovItemId="S59" Value="72"/>
<Cov CovItemId="S6" Value="1"/>
<Cov CovItemId="S61" Value="72"/>
<Cov CovItemId="S62" Value="72"/>
<Cov CovItemId="S63" Value="72"/>
<Cov CovItemId="S64" Value="864"/>
<Cov CovItemId="S65" Value="72"/>
<Cov CovItemId="S66" Value="860"/>
<Cov CovItemId="S67" Value="72"/>
<Cov CovItemId="S68" Value="72"/>
<Cov CovItemId="S7" Value="1"/>
<Cov CovItemId="S78" Value="72"/>
<Cov CovItemId="S79" Value="72"/>
<Cov CovItemId="S8" Value="1"/>
<Cov CovItemId="S80" Value="72"/>
<Cov CovItemId="S81" Value="72"/>
<Cov CovItemId="S82" Value="72"/>
<Cov CovItemId="S84" Value="256"/>
<Cov CovItemId="S85" Value="60"/>
<Cov CovItemId="S86" Value="196"/>
<Cov CovItemId="S87" Value="99"/>
<Cov CovItemId="S88" Value="99"/>
<Cov CovItemId="S89" Value="99"/>
<Cov CovItemId="S9" Value="1"/>
<Cov CovItemId="S90" Value="99"/>
<Cov CovItemId="S91" Value="99"/>
<Cov CovItemId="S92" Value="99"/>
<Cov CovItemId="S93" Value="4"/>
<Cov CovItemId="S94" Value="4"/>
<Cov CovItemId="S95" Value="4"/>
<Cov CovItemId="S97" Value="4"/>
<Cov CovItemId="S98" Value="4"/>
<Cov CovItemId="S99" Value="99"/>
</CovPrefix>
<CovPrefix CovItemPrefix="com.OriginalFiles.Move.java">
<Cov CovItemId="B1" Value="1"/>
<Cov CovItemId="S1" Value="215"/>
<Cov CovItemId="S12" Value="1"/>
<Cov CovItemId="S13" Value="1"/>
<Cov CovItemId="S14" Value="1"/>
<Cov CovItemId="S15" Value="1"/>
<Cov CovItemId="S2" Value="215"/>
<Cov CovItemId="S3" Value="210"/>
<Cov CovItemId="S4" Value="210"/>
<Cov CovItemId="S5" Value="210"/>
<Cov CovItemId="S6" Value="210"/>
<Cov CovItemId="S7" Value="210"/>
<Cov CovItemId="S8" Value="5"/>
<Cov CovItemId="S9" Value="5"/>
</CovPrefix>
<CovPrefix CovItemPrefix="com.OriginalFiles.Piece.java">
<Cov CovItemId="B10" Value="97"/>
<Cov CovItemId="B11" Value="227"/>
<Cov CovItemId="B12" Value="16"/>
<Cov CovItemId="B14" Value="227"/>
<Cov CovItemId="B15" Value="227"/>
<Cov CovItemId="B18" Value="227"/>
<Cov CovItemId="B2" Value="243"/>
<Cov CovItemId="B34" Value="227"/>
<Cov CovItemId="B35" Value="8"/>
<Cov CovItemId="B36" Value="219"/>
<Cov CovItemId="B37" Value="8"/>
<Cov CovItemId="B40" Value="227"/>
<Cov CovItemId="B5" Value="227"/>
<Cov CovItemId="B6" Value="16"/>
<Cov CovItemId="B8" Value="1724"/>
<Cov CovItemId="B9" Value="130"/>
<Cov CovItemId="S1" Value="40"/>
<Cov CovItemId="S10" Value="40"/>
<Cov CovItemId="S11" Value="40"/>
<Cov CovItemId="S12" Value="40"/>
<Cov CovItemId="S13" Value="40"/>
<Cov CovItemId="S14" Value="40"/>
<Cov CovItemId="S15" Value="40"/>
<Cov CovItemId="S16" Value="40"/>
<Cov CovItemId="S17" Value="40"/>
<Cov CovItemId="S18" Value="40"/>
<Cov CovItemId="S19" Value="40"/>
<Cov CovItemId="S2" Value="40"/>
<Cov CovItemId="S20" Value="40"/>
<Cov CovItemId="S21" Value="40"/>
<Cov CovItemId="S22" Value="4"/>
<Cov CovItemId="S23" Value="4"/>
<Cov CovItemId="S24" Value="243"/>
<Cov CovItemId="S25" Value="243"/>
<Cov CovItemId="S26" Value="243"/>
<Cov CovItemId="S3" Value="40"/>
<Cov CovItemId="S30" Value="243"/>
<Cov CovItemId="S31" Value="243"/>
<Cov CovItemId="S32" Value="243"/>
<Cov CovItemId="S33" Value="227"/>
<Cov CovItemId="S34" Value="16"/>
<Cov CovItemId="S35" Value="16"/>
<Cov CovItemId="S36" Value="1724"/>
<Cov CovItemId="S38" Value="1724"/>
<Cov CovItemId="S39" Value="227"/>
<Cov CovItemId="S4" Value="40"/>
<Cov CovItemId="S40" Value="130"/>
<Cov CovItemId="S41" Value="97"/>
<Cov CovItemId="S42" Value="243"/>
<Cov CovItemId="S43" Value="243"/>
<Cov CovItemId="S44" Value="227"/>
<Cov CovItemId="S45" Value="227"/>
<Cov CovItemId="S46" Value="227"/>
<Cov CovItemId="S48" Value="227"/>
<Cov CovItemId="S49" Value="227"/>
<Cov CovItemId="S5" Value="40"/>
<Cov CovItemId="S50" Value="227"/>
<Cov CovItemId="S6" Value="40"/>
<Cov CovItemId="S65" Value="227"/>
<Cov CovItemId="S67" Value="227"/>
<Cov CovItemId="S68" Value="8"/>
<Cov CovItemId="S69" Value="8"/>
<Cov CovItemId="S7" Value="40"/>
<Cov CovItemId="S70" Value="8"/>
<Cov CovItemId="S71" Value="227"/>
<Cov CovItemId="S73" Value="227"/>
<Cov CovItemId="S8" Value="40"/>
<Cov CovItemId="S9" Value="40"/>
</CovPrefix>
<CovPrefix CovItemPrefix="com.OriginalFiles.RemoteNXTFunctions.java">
<Cov CovItemId="B5" Value="1"/>
<Cov CovItemId="B7" Value="1"/>
<Cov CovItemId="S1" Value="1"/>
<Cov CovItemId="S162" Value="1"/>
<Cov CovItemId="S19" Value="1"/>
<Cov CovItemId="S2" Value="1"/>
<Cov CovItemId="S20" Value="1"/>
<Cov CovItemId="S21" Value="1"/>
<Cov CovItemId="S22" Value="1"/>
<Cov CovItemId="S3" Value="1"/>
</CovPrefix>
</CovList>
<AssgnmntList>
<AssgnmntPrefix RootTermCovItemPrefix="com.OriginalFiles.Analyze.java">
<AssgnmntListEntry Length="1" RootTermCovItemId="C34">
<MapEntry BoolAssgnmnt="0" Value="9"/>
<MapEntry BoolAssgnmnt="1" Value="2"/>
</AssgnmntListEntry>
<AssgnmntListEntry Length="1" RootTermCovItemId="C35">
<MapEntry BoolAssgnmnt="0" Value="11"/>
</AssgnmntListEntry>
<AssgnmntListEntry Length="1" RootTermCovItemId="C36">
<MapEntry BoolAssgnmnt="0" Value="11"/>
</AssgnmntListEntry>
<AssgnmntListEntry Length="1" RootTermCovItemId="C37">
<MapEntry BoolAssgnmnt="0" Value="7"/>
<MapEntry BoolAssgnmnt="1" Value="4"/>
</AssgnmntListEntry>
<AssgnmntListEntry Length="1" RootTermCovItemId="C38">
<MapEntry BoolAssgnmnt="0" Value="6"/>
<MapEntry BoolAssgnmnt="1" Value="5"/>
</AssgnmntListEntry>
<AssgnmntListEntry Length="1" RootTermCovItemId="C39">
<MapEntry BoolAssgnmnt="0" Value="11"/>
<MapEntry BoolAssgnmnt="1" Value="11"/>
</AssgnmntListEntry>
<AssgnmntListEntry Length="1" RootTermCovItemId="C49">
<MapEntry BoolAssgnmnt="0" Value="199"/>
</AssgnmntListEntry>
<AssgnmntListEntry Length="1" RootTermCovItemId="C64">
<MapEntry BoolAssgnmnt="1" Value="1"/>
</AssgnmntListEntry>
<AssgnmntListEntry Length="6" RootTermCovItemId="C66">
<MapEntry BoolAssgnmnt="111111" Value="1"/>
</AssgnmntListEntry>
<AssgnmntListEntry Length="1" RootTermCovItemId="C70">
<MapEntry BoolAssgnmnt="0" Value="2372"/>
<MapEntry BoolAssgnmnt="1" Value="3964"/>
</AssgnmntListEntry>
<AssgnmntListEntry Length="1" RootTermCovItemId="C71">
<MapEntry BoolAssgnmnt="0" Value="1188"/>
<MapEntry BoolAssgnmnt="1" Value="1184"/>
</AssgnmntListEntry>
<AssgnmntListEntry Length="1" RootTermCovItemId="C72">
<MapEntry BoolAssgnmnt="0" Value="675"/>
<MapEntry BoolAssgnmnt="1" Value="509"/>
</AssgnmntListEntry>
<AssgnmntListEntry Length="1" RootTermCovItemId="C73">
<MapEntry BoolAssgnmnt="0" Value="1184"/>
<MapEntry BoolAssgnmnt="1" Value="1188"/>
</AssgnmntListEntry>
<AssgnmntListEntry Length="1" RootTermCovItemId="C74">
<MapEntry BoolAssgnmnt="0" Value="587"/>
<MapEntry BoolAssgnmnt="1" Value="601"/>
</AssgnmntListEntry>
<AssgnmntListEntry Length="3" RootTermCovItemId="C75">
<MapEntry BoolAssgnmnt="012" Value="79"/>
<MapEntry BoolAssgnmnt="001" Value="20"/>
</AssgnmntListEntry>
<AssgnmntListEntry Length="3" RootTermCovItemId="C76">
<MapEntry BoolAssgnmnt="011" Value="79"/>
<MapEntry BoolAssgnmnt="002" Value="20"/>
</AssgnmntListEntry>
<AssgnmntListEntry Length="2" RootTermCovItemId="C77">
<MapEntry BoolAssgnmnt="02" Value="99"/>
</AssgnmntListEntry>
<AssgnmntListEntry Length="1" RootTermCovItemId="C82">
<MapEntry BoolAssgnmnt="0" Value="4"/>
<MapEntry BoolAssgnmnt="1" Value="68"/>
</AssgnmntListEntry>
<AssgnmntListEntry Length="1" RootTermCovItemId="C83">
<MapEntry BoolAssgnmnt="1" Value="68"/>
</AssgnmntListEntry>
<AssgnmntListEntry Length="1" RootTermCovItemId="C84">
<MapEntry BoolAssgnmnt="0" Value="68"/>
<MapEntry BoolAssgnmnt="1" Value="272"/>
</AssgnmntListEntry>
<AssgnmntListEntry Length="1" RootTermCovItemId="C85">
<MapEntry BoolAssgnmnt="0" Value="272"/>
<MapEntry BoolAssgnmnt="1" Value="2176"/>
</AssgnmntListEntry>
<AssgnmntListEntry Length="1" RootTermCovItemId="C86">
<MapEntry BoolAssgnmnt="0" Value="816"/>
<MapEntry BoolAssgnmnt="1" Value="1360"/>
</AssgnmntListEntry>
<AssgnmntListEntry Length="1" RootTermCovItemId="C87">
<MapEntry BoolAssgnmnt="1" Value="68"/>
</AssgnmntListEntry>
<AssgnmntListEntry Length="2" RootTermCovItemId="C88">
<MapEntry BoolAssgnmnt="12" Value="4"/>
</AssgnmntListEntry>
<AssgnmntListEntry Length="2" RootTermCovItemId="C89">
<MapEntry BoolAssgnmnt="10" Value="4"/>
</AssgnmntListEntry>
</AssgnmntPrefix>
<AssgnmntPrefix RootTermCovItemPrefix="com.OriginalFiles.Board.java">
<AssgnmntListEntry Length="1" RootTermCovItemId="C1">
<MapEntry BoolAssgnmnt="0" Value="1"/>
<MapEntry BoolAssgnmnt="1" Value="8"/>
</AssgnmntListEntry>
<AssgnmntListEntry Length="1" RootTermCovItemId="C10">
<MapEntry BoolAssgnmnt="0" Value="1"/>
<MapEntry BoolAssgnmnt="1" Value="3"/>
</AssgnmntListEntry>
<AssgnmntListEntry Length="1" RootTermCovItemId="C11">
<MapEntry BoolAssgnmnt="0" Value="3"/>
<MapEntry BoolAssgnmnt="1" Value="24"/>
</AssgnmntListEntry>
<AssgnmntListEntry Length="1" RootTermCovItemId="C12">
<MapEntry BoolAssgnmnt="0" Value="1"/>
<MapEntry BoolAssgnmnt="1" Value="2"/>
</AssgnmntListEntry>
<AssgnmntListEntry Length="1" RootTermCovItemId="C13">
<MapEntry BoolAssgnmnt="0" Value="2"/>
<MapEntry BoolAssgnmnt="1" Value="16"/>
</AssgnmntListEntry>
<AssgnmntListEntry Length="1" RootTermCovItemId="C2">
<MapEntry BoolAssgnmnt="0" Value="8"/>
<MapEntry BoolAssgnmnt="1" Value="64"/>
</AssgnmntListEntry>
<AssgnmntListEntry Length="1" RootTermCovItemId="C26">
<MapEntry BoolAssgnmnt="0" Value="199"/>
</AssgnmntListEntry>
<AssgnmntListEntry Length="1" RootTermCovItemId="C27">
<MapEntry BoolAssgnmnt="0" Value="158"/>
<MapEntry BoolAssgnmnt="1" Value="41"/>
</AssgnmntListEntry>
<AssgnmntListEntry Length="2" RootTermCovItemId="C28">
<MapEntry BoolAssgnmnt="02" Value="199"/>
</AssgnmntListEntry>
<AssgnmntListEntry Length="1" RootTermCovItemId="C29">
<MapEntry BoolAssgnmnt="1" Value="199"/>
</AssgnmntListEntry>
<AssgnmntListEntry Length="1" RootTermCovItemId="C3">
<MapEntry BoolAssgnmnt="0" Value="32"/>
<MapEntry BoolAssgnmnt="1" Value="32"/>
</AssgnmntListEntry>
<AssgnmntListEntry Length="1" RootTermCovItemId="C31">
<MapEntry BoolAssgnmnt="0" Value="770"/>
<MapEntry BoolAssgnmnt="1" Value="5690"/>
</AssgnmntListEntry>
<AssgnmntListEntry Length="1" RootTermCovItemId="C32">
<MapEntry BoolAssgnmnt="0" Value="3006"/>
<MapEntry BoolAssgnmnt="1" Value="61"/>
</AssgnmntListEntry>
<AssgnmntListEntry Length="1" RootTermCovItemId="C33">
<MapEntry BoolAssgnmnt="0" Value="1056"/>
<MapEntry BoolAssgnmnt="1" Value="2099"/>
</AssgnmntListEntry>
<AssgnmntListEntry Length="1" RootTermCovItemId="C34">
<MapEntry BoolAssgnmnt="0" Value="1045"/>
<MapEntry BoolAssgnmnt="1" Value="2110"/>
</AssgnmntListEntry>
<AssgnmntListEntry Length="1" RootTermCovItemId="C35">
<MapEntry BoolAssgnmnt="0" Value="3155"/>
</AssgnmntListEntry>
<AssgnmntListEntry Length="5" RootTermCovItemId="C38">
<MapEntry BoolAssgnmnt="02002" Value="3046"/>
<MapEntry BoolAssgnmnt="10122" Value="3086"/>
<MapEntry BoolAssgnmnt="11220" Value="3092"/>
<MapEntry BoolAssgnmnt="02010" Value="2982"/>
</AssgnmntListEntry>
<AssgnmntListEntry Length="1" RootTermCovItemId="C39">
<MapEntry BoolAssgnmnt="0" Value="1525"/>
<MapEntry BoolAssgnmnt="1" Value="4607"/>
</AssgnmntListEntry>
<AssgnmntListEntry Length="1" RootTermCovItemId="C4">
<MapEntry BoolAssgnmnt="0" Value="20"/>
<MapEntry BoolAssgnmnt="1" Value="12"/>
</AssgnmntListEntry>
<AssgnmntListEntry Length="1" RootTermCovItemId="C40">
<MapEntry BoolAssgnmnt="0" Value="4607"/>
</AssgnmntListEntry>
<AssgnmntListEntry Length="2" RootTermCovItemId="C41">
<MapEntry BoolAssgnmnt="10" Value="67"/>
<MapEntry BoolAssgnmnt="02" Value="4457"/>
<MapEntry BoolAssgnmnt="11" Value="83"/>
</AssgnmntListEntry>
<AssgnmntListEntry Length="1" RootTermCovItemId="C42">
<MapEntry BoolAssgnmnt="0" Value="4096"/>
<MapEntry BoolAssgnmnt="1" Value="4096"/>
</AssgnmntListEntry>
<AssgnmntListEntry Length="1" RootTermCovItemId="C43">
<MapEntry BoolAssgnmnt="0" Value="1029"/>
<MapEntry BoolAssgnmnt="1" Value="3067"/>
</AssgnmntListEntry>
<AssgnmntListEntry Length="1" RootTermCovItemId="C44">
<MapEntry BoolAssgnmnt="0" Value="1532"/>
<MapEntry BoolAssgnmnt="1" Value="1535"/>
</AssgnmntListEntry>
<AssgnmntListEntry Length="1" RootTermCovItemId="C45">
<MapEntry BoolAssgnmnt="1" Value="1"/>
</AssgnmntListEntry>
<AssgnmntListEntry Length="1" RootTermCovItemId="C5">
<MapEntry BoolAssgnmnt="0" Value="8"/>
<MapEntry BoolAssgnmnt="1" Value="4"/>
</AssgnmntListEntry>
<AssgnmntListEntry Length="1" RootTermCovItemId="C53">
<MapEntry BoolAssgnmnt="1" Value="13003"/>
</AssgnmntListEntry>
<AssgnmntListEntry Length="1" RootTermCovItemId="C54">
<MapEntry BoolAssgnmnt="0" Value="11419"/>
<MapEntry BoolAssgnmnt="1" Value="1584"/>
</AssgnmntListEntry>
<AssgnmntListEntry Length="3" RootTermCovItemId="C55">
<MapEntry BoolAssgnmnt="002" Value="5968"/>
<MapEntry BoolAssgnmnt="120" Value="3282"/>
<MapEntry BoolAssgnmnt="121" Value="3081"/>
</AssgnmntListEntry>
<AssgnmntListEntry Length="3" RootTermCovItemId="C56">
<MapEntry BoolAssgnmnt="002" Value="3081"/>
<MapEntry BoolAssgnmnt="120" Value="4501"/>
<MapEntry BoolAssgnmnt="121" Value="1467"/>
</AssgnmntListEntry>
<AssgnmntListEntry Length="1" RootTermCovItemId="C6">
<MapEntry BoolAssgnmnt="0" Value="20"/>
<MapEntry BoolAssgnmnt="1" Value="12"/>
</AssgnmntListEntry>
<AssgnmntListEntry Length="1" RootTermCovItemId="C7">
<MapEntry BoolAssgnmnt="0" Value="8"/>
<MapEntry BoolAssgnmnt="1" Value="4"/>
</AssgnmntListEntry>
<AssgnmntListEntry Length="1" RootTermCovItemId="C8">
<MapEntry BoolAssgnmnt="0" Value="1"/>
<MapEntry BoolAssgnmnt="1" Value="8"/>
</AssgnmntListEntry>
<AssgnmntListEntry Length="1" RootTermCovItemId="C9">
<MapEntry BoolAssgnmnt="0" Value="1"/>
<MapEntry BoolAssgnmnt="1" Value="8"/>
</AssgnmntListEntry>
</AssgnmntPrefix>
<AssgnmntPrefix RootTermCovItemPrefix="com.OriginalFiles.Field.java">
<AssgnmntListEntry Length="1" RootTermCovItemId="C1">
<MapEntry BoolAssgnmnt="0" Value="243"/>
<MapEntry BoolAssgnmnt="1" Value="12"/>
</AssgnmntListEntry>
</AssgnmntPrefix>
<AssgnmntPrefix RootTermCovItemPrefix="com.OriginalFiles.MI.java">
<AssgnmntListEntry Length="1" RootTermCovItemId="C1">
<MapEntry BoolAssgnmnt="1" Value="1"/>
</AssgnmntListEntry>
<AssgnmntListEntry Length="1" RootTermCovItemId="C10">
<MapEntry BoolAssgnmnt="1" Value="72"/>
</AssgnmntListEntry>
<AssgnmntListEntry Length="1" RootTermCovItemId="C11">
<MapEntry BoolAssgnmnt="0" Value="72"/>
<MapEntry BoolAssgnmnt="1" Value="864"/>
</AssgnmntListEntry>
<AssgnmntListEntry Length="1" RootTermCovItemId="C12">
<MapEntry BoolAssgnmnt="0" Value="72"/>
<MapEntry BoolAssgnmnt="1" Value="860"/>
</AssgnmntListEntry>
<AssgnmntListEntry Length="1" RootTermCovItemId="C15">
<MapEntry BoolAssgnmnt="1" Value="72"/>
</AssgnmntListEntry>
<AssgnmntListEntry Length="1" RootTermCovItemId="C16">
<MapEntry BoolAssgnmnt="0" Value="196"/>
<MapEntry BoolAssgnmnt="1" Value="60"/>
</AssgnmntListEntry>
<AssgnmntListEntry Length="1" RootTermCovItemId="C17">
<MapEntry BoolAssgnmnt="1" Value="99"/>
</AssgnmntListEntry>
<AssgnmntListEntry Length="1" RootTermCovItemId="C18">
<MapEntry BoolAssgnmnt="0" Value="99"/>
<MapEntry BoolAssgnmnt="1" Value="99"/>
</AssgnmntListEntry>
<AssgnmntListEntry Length="1" RootTermCovItemId="C19">
<MapEntry BoolAssgnmnt="0" Value="95"/>
<MapEntry BoolAssgnmnt="1" Value="4"/>
</AssgnmntListEntry>
<AssgnmntListEntry Length="1" RootTermCovItemId="C2">
<MapEntry BoolAssgnmnt="0" Value="71"/>
<MapEntry BoolAssgnmnt="1" Value="121"/>
</AssgnmntListEntry>
<AssgnmntListEntry Length="1" RootTermCovItemId="C20">
<MapEntry BoolAssgnmnt="1" Value="4"/>
</AssgnmntListEntry>
<AssgnmntListEntry Length="1" RootTermCovItemId="C21">
<MapEntry BoolAssgnmnt="1" Value="99"/>
</AssgnmntListEntry>
<AssgnmntListEntry Length="1" RootTermCovItemId="C22">
<MapEntry BoolAssgnmnt="0" Value="99"/>
<MapEntry BoolAssgnmnt="1" Value="99"/>
</AssgnmntListEntry>
<AssgnmntListEntry Length="1" RootTermCovItemId="C23">
<MapEntry BoolAssgnmnt="0" Value="99"/>
</AssgnmntListEntry>
<AssgnmntListEntry Length="2" RootTermCovItemId="C24">
<MapEntry BoolAssgnmnt="02" Value="99"/>
</AssgnmntListEntry>
<AssgnmntListEntry Length="1" RootTermCovItemId="C27">
<MapEntry BoolAssgnmnt="0" Value="99"/>
<MapEntry BoolAssgnmnt="1" Value="4"/>
</AssgnmntListEntry>
<AssgnmntListEntry Length="1" RootTermCovItemId="C28">
<MapEntry BoolAssgnmnt="1" Value="4"/>
</AssgnmntListEntry>
<AssgnmntListEntry Length="1" RootTermCovItemId="C29">
<MapEntry BoolAssgnmnt="0" Value="695"/>
<MapEntry BoolAssgnmnt="1" Value="1161"/>
</AssgnmntListEntry>
<AssgnmntListEntry Length="1" RootTermCovItemId="C3">
<MapEntry BoolAssgnmnt="0" Value="36"/>
<MapEntry BoolAssgnmnt="1" Value="35"/>
</AssgnmntListEntry>
<AssgnmntListEntry Length="2" RootTermCovItemId="C30">
<MapEntry BoolAssgnmnt="10" Value="161"/>
<MapEntry BoolAssgnmnt="02" Value="380"/>
<MapEntry BoolAssgnmnt="11" Value="154"/>
</AssgnmntListEntry>
<AssgnmntListEntry Length="1" RootTermCovItemId="C31">
<MapEntry BoolAssgnmnt="0" Value="149"/>
<MapEntry BoolAssgnmnt="1" Value="5"/>
</AssgnmntListEntry>
<AssgnmntListEntry Length="1" RootTermCovItemId="C32">
<MapEntry BoolAssgnmnt="1" Value="5"/>
</AssgnmntListEntry>
<AssgnmntListEntry Length="1" RootTermCovItemId="C33">
<MapEntry BoolAssgnmnt="0" Value="149"/>
</AssgnmntListEntry>
<AssgnmntListEntry Length="1" RootTermCovItemId="C34">
<MapEntry BoolAssgnmnt="0" Value="24"/>
<MapEntry BoolAssgnmnt="1" Value="5"/>
</AssgnmntListEntry>
<AssgnmntListEntry Length="1" RootTermCovItemId="C4">
<MapEntry BoolAssgnmnt="0" Value="1"/>
<MapEntry BoolAssgnmnt="1" Value="1"/>
</AssgnmntListEntry>
<AssgnmntListEntry Length="1" RootTermCovItemId="C5">
<MapEntry BoolAssgnmnt="0" Value="5"/>
<MapEntry BoolAssgnmnt="1" Value="2"/>
</AssgnmntListEntry>
<AssgnmntListEntry Length="1" RootTermCovItemId="C6">
<MapEntry BoolAssgnmnt="0" Value="2"/>
<MapEntry BoolAssgnmnt="1" Value="3"/>
</AssgnmntListEntry>
<AssgnmntListEntry Length="2" RootTermCovItemId="C7">
<MapEntry BoolAssgnmnt="00" Value="27"/>
<MapEntry BoolAssgnmnt="12" Value="72"/>
</AssgnmntListEntry>
<AssgnmntListEntry Length="1" RootTermCovItemId="C8">
<MapEntry BoolAssgnmnt="0" Value="77"/>
<MapEntry BoolAssgnmnt="1" Value="15"/>
</AssgnmntListEntry>
<AssgnmntListEntry Length="1" RootTermCovItemId="C9">
<MapEntry BoolAssgnmnt="1" Value="72"/>
</AssgnmntListEntry>
</AssgnmntPrefix>
<AssgnmntPrefix RootTermCovItemPrefix="com.OriginalFiles.Move.java">
<AssgnmntListEntry Length="1" RootTermCovItemId="C1">
<MapEntry BoolAssgnmnt="1" Value="1"/>
</AssgnmntListEntry>
</AssgnmntPrefix>
<AssgnmntPrefix RootTermCovItemPrefix="com.OriginalFiles.Piece.java">
<AssgnmntListEntry Length="2" RootTermCovItemId="C1">
<MapEntry BoolAssgnmnt="10" Value="227"/>
<MapEntry BoolAssgnmnt="02" Value="16"/>
</AssgnmntListEntry>
<AssgnmntListEntry Length="5" RootTermCovItemId="C17">
<MapEntry BoolAssgnmnt="00210" Value="170"/>
<MapEntry BoolAssgnmnt="01002" Value="57"/>
</AssgnmntListEntry>
<AssgnmntListEntry Length="5" RootTermCovItemId="C18">
<MapEntry BoolAssgnmnt="00210" Value="166"/>
<MapEntry BoolAssgnmnt="00211" Value="4"/>
<MapEntry BoolAssgnmnt="01002" Value="53"/>
<MapEntry BoolAssgnmnt="01122" Value="4"/>
</AssgnmntListEntry>
<AssgnmntListEntry Length="1" RootTermCovItemId="C19">
<MapEntry BoolAssgnmnt="1" Value="8"/>
</AssgnmntListEntry>
<AssgnmntListEntry Length="1" RootTermCovItemId="C20">
<MapEntry BoolAssgnmnt="0" Value="227"/>
</AssgnmntListEntry>
<AssgnmntListEntry Length="1" RootTermCovItemId="C3">
<MapEntry BoolAssgnmnt="0" Value="16"/>
<MapEntry BoolAssgnmnt="1" Value="227"/>
</AssgnmntListEntry>
<AssgnmntListEntry Length="2" RootTermCovItemId="C4">
<MapEntry BoolAssgnmnt="00" Value="1724"/>
</AssgnmntListEntry>
<AssgnmntListEntry Length="1" RootTermCovItemId="C5">
<MapEntry BoolAssgnmnt="0" Value="97"/>
<MapEntry BoolAssgnmnt="1" Value="130"/>
</AssgnmntListEntry>
<AssgnmntListEntry Length="1" RootTermCovItemId="C6">
<MapEntry BoolAssgnmnt="0" Value="16"/>
<MapEntry BoolAssgnmnt="1" Value="227"/>
</AssgnmntListEntry>
<AssgnmntListEntry Length="1" RootTermCovItemId="C7">
<MapEntry BoolAssgnmnt="0" Value="227"/>
</AssgnmntListEntry>
<AssgnmntListEntry Length="1" RootTermCovItemId="C8">
<MapEntry BoolAssgnmnt="1" Value="227"/>
</AssgnmntListEntry>
<AssgnmntListEntry Length="1" RootTermCovItemId="C9">
<MapEntry BoolAssgnmnt="0" Value="227"/>
</AssgnmntListEntry>
</AssgnmntPrefix>
<AssgnmntPrefix RootTermCovItemPrefix="com.OriginalFiles.RemoteNXTFunctions.java">
<AssgnmntListEntry Length="1" RootTermCovItemId="C5">
<MapEntry BoolAssgnmnt="1" Value="1"/>
</AssgnmntListEntry>
<AssgnmntListEntry Length="2" RootTermCovItemId="C6">
<MapEntry BoolAssgnmnt="11" Value="1"/>
</AssgnmntListEntry>
</AssgnmntPrefix>
</AssgnmntList>
<ObjMetaDataList/>
<MetaDataList/>
</TestCase>
<TestCase Comment="" Date="1386064083379" Name="com.Testing.MiTest:testLookForBestMoveEndGame">
<CovList>
<CovPrefix CovItemPrefix="com.OriginalFiles.Analyze.java">
<Cov CovItemId="B103" Value="1"/>
<Cov CovItemId="B107" Value="1"/>
<Cov CovItemId="B120" Value="928"/>
<Cov CovItemId="B121" Value="6496"/>
<Cov CovItemId="B122" Value="464"/>
<Cov CovItemId="B123" Value="464"/>
<Cov CovItemId="B124" Value="454"/>
<Cov CovItemId="B125" Value="10"/>
<Cov CovItemId="B126" Value="464"/>
<Cov CovItemId="B127" Value="464"/>
<Cov CovItemId="B128" Value="420"/>
<Cov CovItemId="B129" Value="44"/>
<Cov CovItemId="B131" Value="116"/>
<Cov CovItemId="B133" Value="116"/>
<Cov CovItemId="B135" Value="116"/>
<Cov CovItemId="B144" Value="90"/>
<Cov CovItemId="B147" Value="90"/>
<Cov CovItemId="B148" Value="388"/>
<Cov CovItemId="B149" Value="2492"/>
<Cov CovItemId="B150" Value="90"/>
<Cov CovItemId="B84" Value="232"/>
<Cov CovItemId="L16-2" Value="116"/>
<Cov CovItemId="L17-2" Value="928"/>
<Cov CovItemId="L18-2" Value="90"/>
<Cov CovItemId="L19-2" Value="360"/>
<Cov CovItemId="S1" Value="1"/>
<Cov CovItemId="S149" Value="232"/>
<Cov CovItemId="S191" Value="1"/>
<Cov CovItemId="S192" Value="1"/>
<Cov CovItemId="S193" Value="1"/>
<Cov CovItemId="S199" Value="1"/>
<Cov CovItemId="S2" Value="1"/>
<Cov CovItemId="S200" Value="1"/>
<Cov CovItemId="S201" Value="1"/>
<Cov CovItemId="S202" Value="1"/>
<Cov CovItemId="S203" Value="1"/>
<Cov CovItemId="S204" Value="1"/>
<Cov CovItemId="S221" Value="116"/>
<Cov CovItemId="S222" Value="116"/>
<Cov CovItemId="S223" Value="116"/>
<Cov CovItemId="S224" Value="116"/>
<Cov CovItemId="S225" Value="116"/>
<Cov CovItemId="S226" Value="116"/>
<Cov CovItemId="S227" Value="928"/>
<Cov CovItemId="S228" Value="7424"/>
<Cov CovItemId="S229" Value="928"/>
<Cov CovItemId="S230" Value="464"/>
<Cov CovItemId="S231" Value="464"/>
<Cov CovItemId="S232" Value="454"/>
<Cov CovItemId="S233" Value="928"/>
<Cov CovItemId="S234" Value="464"/>
<Cov CovItemId="S235" Value="464"/>
<Cov CovItemId="S236" Value="420"/>
<Cov CovItemId="S237" Value="116"/>
<Cov CovItemId="S239" Value="116"/>
<Cov CovItemId="S241" Value="116"/>
<Cov CovItemId="S250" Value="116"/>
<Cov CovItemId="S251" Value="90"/>
<Cov CovItemId="S252" Value="90"/>
<Cov CovItemId="S253" Value="90"/>
<Cov CovItemId="S255" Value="90"/>
<Cov CovItemId="S256" Value="90"/>
<Cov CovItemId="S257" Value="360"/>
<Cov CovItemId="S258" Value="2880"/>
<Cov CovItemId="S259" Value="388"/>
<Cov CovItemId="S260" Value="90"/>
<Cov CovItemId="S261" Value="90"/>
<Cov CovItemId="S3" Value="1"/>
<Cov CovItemId="S4" Value="1"/>
<Cov CovItemId="S5" Value="1"/>
</CovPrefix>
<CovPrefix CovItemPrefix="com.OriginalFiles.Board.java">
<Cov CovItemId="B1" Value="32"/>
<Cov CovItemId="B10" Value="8"/>
<Cov CovItemId="B2" Value="32"/>
<Cov CovItemId="B3" Value="12"/>
<Cov CovItemId="B31" Value="232"/>
<Cov CovItemId="B33" Value="38"/>
<Cov CovItemId="B34" Value="194"/>
<Cov CovItemId="B36" Value="232"/>
<Cov CovItemId="B37" Value="232"/>
<Cov CovItemId="B38" Value="16"/>
<Cov CovItemId="B4" Value="20"/>
<Cov CovItemId="B41" Value="2195"/>
<Cov CovItemId="B42" Value="295"/>
<Cov CovItemId="B44" Value="1144"/>
<Cov CovItemId="B45" Value="951"/>
<Cov CovItemId="B46" Value="294"/>
<Cov CovItemId="B47" Value="1010"/>
<Cov CovItemId="B48" Value="235"/>
<Cov CovItemId="B5" Value="4"/>
<Cov CovItemId="B50" Value="1245"/>
<Cov CovItemId="B55" Value="2288"/>
<Cov CovItemId="B56" Value="2288"/>
<Cov CovItemId="B57" Value="1680"/>
<Cov CovItemId="B58" Value="608"/>
<Cov CovItemId="B59" Value="1680"/>
<Cov CovItemId="B6" Value="8"/>
<Cov CovItemId="B62" Value="1680"/>
<Cov CovItemId="B63" Value="4576"/>
<Cov CovItemId="B64" Value="4576"/>
<Cov CovItemId="B65" Value="1144"/>
<Cov CovItemId="B66" Value="3432"/>
<Cov CovItemId="B67" Value="572"/>
<Cov CovItemId="B68" Value="572"/>
<Cov CovItemId="B69" Value="1"/>
<Cov CovItemId="B7" Value="12"/>
<Cov CovItemId="B79" Value="48785"/>
<Cov CovItemId="B8" Value="20"/>
<Cov CovItemId="B81" Value="9626"/>
<Cov CovItemId="B82" Value="39159"/>
<Cov CovItemId="B83" Value="2617"/>
<Cov CovItemId="B84" Value="55587"/>
<Cov CovItemId="B85" Value="45957"/>
<Cov CovItemId="B86" Value="9630"/>
<Cov CovItemId="B9" Value="4"/>
<Cov CovItemId="L1-2" Value="1"/>
<Cov CovItemId="L10-2" Value="2288"/>
<Cov CovItemId="L13-2" Value="143"/>
<Cov CovItemId="L14-2" Value="1144"/>
<Cov CovItemId="L2-2" Value="8"/>
<Cov CovItemId="L3-2" Value="1"/>
<Cov CovItemId="L4-2" Value="1"/>
<Cov CovItemId="L5-2" Value="1"/>
<Cov CovItemId="L6-2" Value="3"/>
<Cov CovItemId="L7-2" Value="1"/>
<Cov CovItemId="L8-2" Value="2"/>
<Cov CovItemId="L9-2" Value="286"/>
<Cov CovItemId="S1" Value="1"/>
<Cov CovItemId="S10" Value="1"/>
<Cov CovItemId="S100" Value="38"/>
<Cov CovItemId="S101" Value="194"/>
<Cov CovItemId="S102" Value="232"/>
<Cov CovItemId="S104" Value="232"/>
<Cov CovItemId="S106" Value="248"/>
<Cov CovItemId="S107" Value="248"/>
<Cov CovItemId="S108" Value="248"/>
<Cov CovItemId="S109" Value="232"/>
<Cov CovItemId="S11" Value="8"/>
<Cov CovItemId="S115" Value="2490"/>
<Cov CovItemId="S116" Value="2195"/>
<Cov CovItemId="S117" Value="295"/>
<Cov CovItemId="S118" Value="1144"/>
<Cov CovItemId="S119" Value="1144"/>
<Cov CovItemId="S12" Value="64"/>
<Cov CovItemId="S121" Value="1144"/>
<Cov CovItemId="S122" Value="1144"/>
<Cov CovItemId="S123" Value="1245"/>
<Cov CovItemId="S124" Value="1245"/>
<Cov CovItemId="S125" Value="951"/>
<Cov CovItemId="S126" Value="1245"/>
<Cov CovItemId="S127" Value="1010"/>
<Cov CovItemId="S128" Value="1245"/>
<Cov CovItemId="S13" Value="64"/>
<Cov CovItemId="S133" Value="1245"/>
<Cov CovItemId="S134" Value="1144"/>
<Cov CovItemId="S135" Value="4576"/>
<Cov CovItemId="S136" Value="2288"/>
<Cov CovItemId="S137" Value="2288"/>
<Cov CovItemId="S138" Value="1680"/>
<Cov CovItemId="S139" Value="1680"/>
<Cov CovItemId="S14" Value="64"/>
<Cov CovItemId="S141" Value="2288"/>
<Cov CovItemId="S142" Value="4576"/>
<Cov CovItemId="S143" Value="143"/>
<Cov CovItemId="S144" Value="143"/>
<Cov CovItemId="S145" Value="1144"/>
<Cov CovItemId="S146" Value="9152"/>
<Cov CovItemId="S147" Value="4576"/>
<Cov CovItemId="S148" Value="1144"/>
<Cov CovItemId="S149" Value="572"/>
<Cov CovItemId="S15" Value="64"/>
<Cov CovItemId="S150" Value="572"/>
<Cov CovItemId="S151" Value="143"/>
<Cov CovItemId="S152" Value="1"/>
<Cov CovItemId="S153" Value="1"/>
<Cov CovItemId="S154" Value="1"/>
<Cov CovItemId="S16" Value="32"/>
<Cov CovItemId="S17" Value="32"/>
<Cov CovItemId="S176" Value="48785"/>
<Cov CovItemId="S177" Value="48785"/>
<Cov CovItemId="S178" Value="9626"/>
<Cov CovItemId="S179" Value="39159"/>
<Cov CovItemId="S18" Value="32"/>
<Cov CovItemId="S180" Value="58204"/>
<Cov CovItemId="S181" Value="2617"/>
<Cov CovItemId="S182" Value="55587"/>
<Cov CovItemId="S183" Value="45957"/>
<Cov CovItemId="S184" Value="9630"/>
<Cov CovItemId="S185" Value="159247"/>
<Cov CovItemId="S19" Value="12"/>
<Cov CovItemId="S2" Value="1"/>
<Cov CovItemId="S20" Value="12"/>
<Cov CovItemId="S21" Value="12"/>
<Cov CovItemId="S22" Value="4"/>
<Cov CovItemId="S23" Value="32"/>
<Cov CovItemId="S24" Value="12"/>
<Cov CovItemId="S25" Value="12"/>
<Cov CovItemId="S26" Value="12"/>
<Cov CovItemId="S27" Value="4"/>
<Cov CovItemId="S28" Value="32"/>
<Cov CovItemId="S29" Value="32"/>
<Cov CovItemId="S3" Value="1"/>
<Cov CovItemId="S30" Value="64"/>
<Cov CovItemId="S31" Value="1"/>
<Cov CovItemId="S32" Value="8"/>
<Cov CovItemId="S33" Value="8"/>
<Cov CovItemId="S34" Value="8"/>
<Cov CovItemId="S35" Value="8"/>
<Cov CovItemId="S36" Value="8"/>
<Cov CovItemId="S37" Value="8"/>
<Cov CovItemId="S38" Value="8"/>
<Cov CovItemId="S39" Value="8"/>
<Cov CovItemId="S4" Value="1"/>
<Cov CovItemId="S40" Value="1"/>
<Cov CovItemId="S41" Value="8"/>
<Cov CovItemId="S42" Value="8"/>
<Cov CovItemId="S43" Value="8"/>
<Cov CovItemId="S44" Value="8"/>
<Cov CovItemId="S45" Value="8"/>
<Cov CovItemId="S46" Value="8"/>
<Cov CovItemId="S47" Value="8"/>
<Cov CovItemId="S48" Value="8"/>
<Cov CovItemId="S49" Value="1"/>
<Cov CovItemId="S5" Value="1"/>
<Cov CovItemId="S50" Value="3"/>
<Cov CovItemId="S51" Value="24"/>
<Cov CovItemId="S52" Value="24"/>
<Cov CovItemId="S53" Value="24"/>
<Cov CovItemId="S54" Value="24"/>
<Cov CovItemId="S55" Value="1"/>
<Cov CovItemId="S56" Value="2"/>
<Cov CovItemId="S57" Value="16"/>
<Cov CovItemId="S58" Value="16"/>
<Cov CovItemId="S59" Value="16"/>
<Cov CovItemId="S6" Value="1"/>
<Cov CovItemId="S60" Value="16"/>
<Cov CovItemId="S61" Value="286"/>
<Cov CovItemId="S62" Value="2288"/>
<Cov CovItemId="S63" Value="18304"/>
<Cov CovItemId="S7" Value="1"/>
<Cov CovItemId="S8" Value="1"/>
<Cov CovItemId="S9" Value="1"/>
<Cov CovItemId="S98" Value="232"/>
<Cov CovItemId="S99" Value="232"/>
</CovPrefix>
<CovPrefix CovItemPrefix="com.OriginalFiles.Field.java">
<Cov CovItemId="B1" Value="288"/>
<Cov CovItemId="B2" Value="8"/>
<Cov CovItemId="S1" Value="121"/>
<Cov CovItemId="S13" Value="248"/>
<Cov CovItemId="S2" Value="121"/>
<Cov CovItemId="S3" Value="1"/>
<Cov CovItemId="S4" Value="1"/>
<Cov CovItemId="S5" Value="296"/>
<Cov CovItemId="S6" Value="296"/>
<Cov CovItemId="S7" Value="288"/>
<Cov CovItemId="S8" Value="22763"/>
<Cov CovItemId="S9" Value="64450"/>
</CovPrefix>
<CovPrefix CovItemPrefix="com.OriginalFiles.MI.java">
<Cov CovItemId="B1" Value="1"/>
<Cov CovItemId="B10" Value="5"/>
<Cov CovItemId="B11" Value="5"/>
<Cov CovItemId="B13" Value="90"/>
<Cov CovItemId="B14" Value="26"/>
<Cov CovItemId="B15" Value="17"/>
<Cov CovItemId="B16" Value="92"/>
<Cov CovItemId="B17" Value="90"/>
<Cov CovItemId="B20" Value="90"/>
<Cov CovItemId="B28" Value="90"/>
<Cov CovItemId="B3" Value="32"/>
<Cov CovItemId="B30" Value="90"/>
<Cov CovItemId="B31" Value="68"/>
<Cov CovItemId="B32" Value="240"/>
<Cov CovItemId="B33" Value="116"/>
<Cov CovItemId="B36" Value="116"/>
<Cov CovItemId="B39" Value="116"/>
<Cov CovItemId="B4" Value="96"/>
<Cov CovItemId="B41" Value="116"/>
<Cov CovItemId="B44" Value="116"/>
<Cov CovItemId="B5" Value="16"/>
<Cov CovItemId="B51" Value="216"/>
<Cov CovItemId="B52" Value="1512"/>
<Cov CovItemId="B53" Value="101"/>
<Cov CovItemId="B54" Value="115"/>
<Cov CovItemId="B56" Value="101"/>
<Cov CovItemId="B59" Value="101"/>
<Cov CovItemId="B6" Value="16"/>
<Cov CovItemId="B62" Value="27"/>
<Cov CovItemId="B8" Value="1"/>
<Cov CovItemId="B9" Value="2"/>
<Cov CovItemId="L1-2" Value="2"/>
<Cov CovItemId="L10-2" Value="27"/>
<Cov CovItemId="L11-2" Value="216"/>
<Cov CovItemId="L13-1" Value="31"/>
<Cov CovItemId="L13-2" Value="70"/>
<Cov CovItemId="L2-2" Value="16"/>
<Cov CovItemId="L3-2" Value="1"/>
<Cov CovItemId="L4-1" Value="6"/>
<Cov CovItemId="L4-2" Value="20"/>
<Cov CovItemId="L5-2" Value="90"/>
<Cov CovItemId="L6-2" Value="90"/>
<Cov CovItemId="L7-1" Value="116"/>
<Cov CovItemId="L8-1" Value="116"/>
<Cov CovItemId="L9-0" Value="116"/>
<Cov CovItemId="S1" Value="1"/>
<Cov CovItemId="S10" Value="1"/>
<Cov CovItemId="S100" Value="116"/>
<Cov CovItemId="S101" Value="116"/>
<Cov CovItemId="S102" Value="116"/>
<Cov CovItemId="S103" Value="116"/>
<Cov CovItemId="S104" Value="116"/>
<Cov CovItemId="S105" Value="116"/>
<Cov CovItemId="S106" Value="116"/>
<Cov CovItemId="S107" Value="116"/>
<Cov CovItemId="S108" Value="116"/>
<Cov CovItemId="S109" Value="116"/>
<Cov CovItemId="S11" Value="1"/>
<Cov CovItemId="S115" Value="116"/>
<Cov CovItemId="S116" Value="116"/>
<Cov CovItemId="S117" Value="116"/>
<Cov CovItemId="S12" Value="1"/>
<Cov CovItemId="S123" Value="27"/>
<Cov CovItemId="S124" Value="27"/>
<Cov CovItemId="S125" Value="27"/>
<Cov CovItemId="S126" Value="27"/>
<Cov CovItemId="S127" Value="216"/>
<Cov CovItemId="S128" Value="1728"/>
<Cov CovItemId="S129" Value="216"/>
<Cov CovItemId="S130" Value="101"/>
<Cov CovItemId="S135" Value="101"/>
<Cov CovItemId="S136" Value="101"/>
<Cov CovItemId="S137" Value="101"/>
<Cov CovItemId="S138" Value="171"/>
<Cov CovItemId="S139" Value="171"/>
<Cov CovItemId="S14" Value="1"/>
<Cov CovItemId="S140" Value="27"/>
<Cov CovItemId="S142" Value="27"/>
<Cov CovItemId="S15" Value="1"/>
<Cov CovItemId="S16" Value="2"/>
<Cov CovItemId="S17" Value="2"/>
<Cov CovItemId="S18" Value="2"/>
<Cov CovItemId="S19" Value="16"/>
<Cov CovItemId="S2" Value="1"/>
<Cov CovItemId="S20" Value="128"/>
<Cov CovItemId="S21" Value="32"/>
<Cov CovItemId="S22" Value="16"/>
<Cov CovItemId="S23" Value="16"/>
<Cov CovItemId="S24" Value="1"/>
<Cov CovItemId="S25" Value="1"/>
<Cov CovItemId="S26" Value="1"/>
<Cov CovItemId="S27" Value="1"/>
<Cov CovItemId="S28" Value="1"/>
<Cov CovItemId="S3" Value="1"/>
<Cov CovItemId="S30" Value="1"/>
<Cov CovItemId="S31" Value="7"/>
<Cov CovItemId="S32" Value="7"/>
<Cov CovItemId="S33" Value="7"/>
<Cov CovItemId="S34" Value="7"/>
<Cov CovItemId="S35" Value="2"/>
<Cov CovItemId="S36" Value="2"/>
<Cov CovItemId="S37" Value="2"/>
<Cov CovItemId="S38" Value="5"/>
<Cov CovItemId="S39" Value="5"/>
<Cov CovItemId="S4" Value="1"/>
<Cov CovItemId="S40" Value="1"/>
<Cov CovItemId="S41" Value="116"/>
<Cov CovItemId="S42" Value="90"/>
<Cov CovItemId="S43" Value="26"/>
<Cov CovItemId="S44" Value="26"/>
<Cov CovItemId="S45" Value="26"/>
<Cov CovItemId="S46" Value="109"/>
<Cov CovItemId="S47" Value="109"/>
<Cov CovItemId="S48" Value="109"/>
<Cov CovItemId="S49" Value="109"/>
<Cov CovItemId="S5" Value="1"/>
<Cov CovItemId="S50" Value="109"/>
<Cov CovItemId="S51" Value="109"/>
<Cov CovItemId="S52" Value="17"/>
<Cov CovItemId="S53" Value="26"/>
<Cov CovItemId="S54" Value="90"/>
<Cov CovItemId="S55" Value="90"/>
<Cov CovItemId="S56" Value="90"/>
<Cov CovItemId="S57" Value="90"/>
<Cov CovItemId="S58" Value="90"/>
<Cov CovItemId="S59" Value="90"/>
<Cov CovItemId="S6" Value="1"/>
<Cov CovItemId="S61" Value="90"/>
<Cov CovItemId="S62" Value="90"/>
<Cov CovItemId="S63" Value="90"/>
<Cov CovItemId="S64" Value="360"/>
<Cov CovItemId="S65" Value="90"/>
<Cov CovItemId="S66" Value="360"/>
<Cov CovItemId="S67" Value="90"/>
<Cov CovItemId="S68" Value="90"/>
<Cov CovItemId="S7" Value="1"/>
<Cov CovItemId="S78" Value="90"/>
<Cov CovItemId="S79" Value="90"/>
<Cov CovItemId="S8" Value="1"/>
<Cov CovItemId="S80" Value="90"/>
<Cov CovItemId="S81" Value="90"/>
<Cov CovItemId="S83" Value="90"/>
<Cov CovItemId="S84" Value="308"/>
<Cov CovItemId="S85" Value="68"/>
<Cov CovItemId="S86" Value="240"/>
<Cov CovItemId="S87" Value="116"/>
<Cov CovItemId="S88" Value="116"/>
<Cov CovItemId="S89" Value="116"/>
<Cov CovItemId="S9" Value="1"/>
<Cov CovItemId="S90" Value="116"/>
<Cov CovItemId="S91" Value="116"/>
<Cov CovItemId="S92" Value="116"/>
<Cov CovItemId="S99" Value="116"/>
</CovPrefix>
<CovPrefix CovItemPrefix="com.OriginalFiles.Move.java">
<Cov CovItemId="S1" Value="171"/>
<Cov CovItemId="S2" Value="171"/>
<Cov CovItemId="S3" Value="171"/>
<Cov CovItemId="S4" Value="171"/>
<Cov CovItemId="S5" Value="171"/>
<Cov CovItemId="S6" Value="171"/>
<Cov CovItemId="S7" Value="171"/>
</CovPrefix>
<CovPrefix CovItemPrefix="com.OriginalFiles.Piece.java">
<Cov CovItemId="B10" Value="107"/>
<Cov CovItemId="B11" Value="976"/>
<Cov CovItemId="B12" Value="32"/>
<Cov CovItemId="B14" Value="976"/>
<Cov CovItemId="B15" Value="256"/>
<Cov CovItemId="B16" Value="720"/>
<Cov CovItemId="B17" Value="720"/>
<Cov CovItemId="B18" Value="256"/>
<Cov CovItemId="B19" Value="360"/>
<Cov CovItemId="B2" Value="288"/>
<Cov CovItemId="B20" Value="360"/>
<Cov CovItemId="B21" Value="720"/>
<Cov CovItemId="B23" Value="360"/>
<Cov CovItemId="B24" Value="360"/>
<Cov CovItemId="B26" Value="720"/>
<Cov CovItemId="B34" Value="976"/>
<Cov CovItemId="B35" Value="574"/>
<Cov CovItemId="B36" Value="402"/>
<Cov CovItemId="B37" Value="93"/>
<Cov CovItemId="B38" Value="481"/>
<Cov CovItemId="B40" Value="976"/>
<Cov CovItemId="B43" Value="360"/>
<Cov CovItemId="B46" Value="360"/>
<Cov CovItemId="B47" Value="666"/>
<Cov CovItemId="B48" Value="54"/>
<Cov CovItemId="B49" Value="583"/>
<Cov CovItemId="B5" Value="976"/>
<Cov CovItemId="B50" Value="83"/>
<Cov CovItemId="B51" Value="2080"/>
<Cov CovItemId="B52" Value="252"/>
<Cov CovItemId="B54" Value="2080"/>
<Cov CovItemId="B6" Value="32"/>
<Cov CovItemId="B69" Value="41555"/>
<Cov CovItemId="B7" Value="720"/>
<Cov CovItemId="B70" Value="59533"/>
<Cov CovItemId="B71" Value="360"/>
<Cov CovItemId="B72" Value="41195"/>
<Cov CovItemId="B9" Value="149"/>
<Cov CovItemId="L1-2" Value="360"/>
<Cov CovItemId="L2-1" Value="34"/>
<Cov CovItemId="L2-2" Value="1932"/>
<Cov CovItemId="L3-1" Value="359"/>
<Cov CovItemId="L3-2" Value="12237"/>
<Cov CovItemId="S1" Value="40"/>
<Cov CovItemId="S10" Value="40"/>
<Cov CovItemId="S11" Value="40"/>
<Cov CovItemId="S118" Value="2332"/>
<Cov CovItemId="S119" Value="360"/>
<Cov CovItemId="S12" Value="40"/>
<Cov CovItemId="S120" Value="360"/>
<Cov CovItemId="S121" Value="360"/>
<Cov CovItemId="S122" Value="1966"/>
<Cov CovItemId="S123" Value="1966"/>
<Cov CovItemId="S124" Value="12596"/>
<Cov CovItemId="S125" Value="101088"/>
<Cov CovItemId="S126" Value="41555"/>
<Cov CovItemId="S127" Value="360"/>
<Cov CovItemId="S128" Value="360"/>
<Cov CovItemId="S129" Value="360"/>
<Cov CovItemId="S13" Value="40"/>
<Cov CovItemId="S14" Value="40"/>
<Cov CovItemId="S15" Value="40"/>
<Cov CovItemId="S16" Value="40"/>
<Cov CovItemId="S17" Value="40"/>
<Cov CovItemId="S18" Value="40"/>
<Cov CovItemId="S19" Value="40"/>
<Cov CovItemId="S2" Value="40"/>
<Cov CovItemId="S20" Value="40"/>
<Cov CovItemId="S21" Value="40"/>
<Cov CovItemId="S24" Value="288"/>
<Cov CovItemId="S25" Value="288"/>
<Cov CovItemId="S26" Value="288"/>
<Cov CovItemId="S3" Value="40"/>
<Cov CovItemId="S30" Value="288"/>
<Cov CovItemId="S31" Value="288"/>
<Cov CovItemId="S32" Value="1008"/>
<Cov CovItemId="S33" Value="976"/>
<Cov CovItemId="S34" Value="32"/>
<Cov CovItemId="S35" Value="32"/>
<Cov CovItemId="S36" Value="720"/>
<Cov CovItemId="S37" Value="720"/>
<Cov CovItemId="S38" Value="720"/>
<Cov CovItemId="S39" Value="256"/>
<Cov CovItemId="S4" Value="40"/>
<Cov CovItemId="S40" Value="149"/>
<Cov CovItemId="S41" Value="107"/>
<Cov CovItemId="S42" Value="288"/>
<Cov CovItemId="S43" Value="1008"/>
<Cov CovItemId="S44" Value="976"/>
<Cov CovItemId="S45" Value="976"/>
<Cov CovItemId="S46" Value="976"/>
<Cov CovItemId="S48" Value="976"/>
<Cov CovItemId="S49" Value="256"/>
<Cov CovItemId="S5" Value="40"/>
<Cov CovItemId="S50" Value="976"/>
<Cov CovItemId="S51" Value="720"/>
<Cov CovItemId="S52" Value="360"/>
<Cov CovItemId="S53" Value="360"/>
<Cov CovItemId="S54" Value="720"/>
<Cov CovItemId="S55" Value="720"/>
<Cov CovItemId="S56" Value="360"/>
<Cov CovItemId="S57" Value="360"/>
<Cov CovItemId="S58" Value="720"/>
<Cov CovItemId="S6" Value="40"/>
<Cov CovItemId="S65" Value="976"/>
<Cov CovItemId="S67" Value="976"/>
<Cov CovItemId="S68" Value="574"/>
<Cov CovItemId="S69" Value="93"/>
<Cov CovItemId="S7" Value="40"/>
<Cov CovItemId="S70" Value="574"/>
<Cov CovItemId="S71" Value="976"/>
<Cov CovItemId="S73" Value="976"/>
<Cov CovItemId="S77" Value="360"/>
<Cov CovItemId="S78" Value="360"/>
<Cov CovItemId="S79" Value="360"/>
<Cov CovItemId="S8" Value="40"/>
<Cov CovItemId="S80" Value="360"/>
<Cov CovItemId="S81" Value="360"/>
<Cov CovItemId="S82" Value="360"/>
<Cov CovItemId="S83" Value="360"/>
<Cov CovItemId="S86" Value="360"/>
<Cov CovItemId="S87" Value="720"/>
<Cov CovItemId="S88" Value="666"/>
<Cov CovItemId="S89" Value="583"/>
<Cov CovItemId="S9" Value="40"/>
<Cov CovItemId="S90" Value="583"/>
<Cov CovItemId="S91" Value="583"/>
<Cov CovItemId="S92" Value="583"/>
<Cov CovItemId="S93" Value="583"/>
<Cov CovItemId="S94" Value="583"/>
<Cov CovItemId="S95" Value="583"/>
<Cov CovItemId="S96" Value="137"/>
<Cov CovItemId="S97" Value="2332"/>
<Cov CovItemId="S98" Value="2332"/>
<Cov CovItemId="S99" Value="2080"/>
</CovPrefix>
<CovPrefix CovItemPrefix="com.OriginalFiles.RemoteNXTFunctions.java">
<Cov CovItemId="B5" Value="1"/>
<Cov CovItemId="B7" Value="1"/>
<Cov CovItemId="S1" Value="1"/>
<Cov CovItemId="S162" Value="1"/>
<Cov CovItemId="S19" Value="1"/>
<Cov CovItemId="S2" Value="1"/>
<Cov CovItemId="S20" Value="1"/>
<Cov CovItemId="S21" Value="1"/>
<Cov CovItemId="S22" Value="1"/>
<Cov CovItemId="S3" Value="1"/>
</CovPrefix>
</CovList>
<AssgnmntList>
<AssgnmntPrefix RootTermCovItemPrefix="com.OriginalFiles.Analyze.java">
<AssgnmntListEntry Length="1" RootTermCovItemId="C49">
<MapEntry BoolAssgnmnt="0" Value="232"/>
</AssgnmntListEntry>
<AssgnmntListEntry Length="1" RootTermCovItemId="C64">
<MapEntry BoolAssgnmnt="1" Value="1"/>
</AssgnmntListEntry>
<AssgnmntListEntry Length="6" RootTermCovItemId="C66">
<MapEntry BoolAssgnmnt="111111" Value="1"/>
</AssgnmntListEntry>
<AssgnmntListEntry Length="1" RootTermCovItemId="C70">
<MapEntry BoolAssgnmnt="0" Value="928"/>
<MapEntry BoolAssgnmnt="1" Value="6496"/>
</AssgnmntListEntry>
<AssgnmntListEntry Length="1" RootTermCovItemId="C71">
<MapEntry BoolAssgnmnt="0" Value="464"/>
<MapEntry BoolAssgnmnt="1" Value="464"/>
</AssgnmntListEntry>
<AssgnmntListEntry Length="1" RootTermCovItemId="C72">
<MapEntry BoolAssgnmnt="0" Value="10"/>
<MapEntry BoolAssgnmnt="1" Value="454"/>
</AssgnmntListEntry>
<AssgnmntListEntry Length="1" RootTermCovItemId="C73">
<MapEntry BoolAssgnmnt="0" Value="464"/>
<MapEntry BoolAssgnmnt="1" Value="464"/>
</AssgnmntListEntry>
<AssgnmntListEntry Length="1" RootTermCovItemId="C74">
<MapEntry BoolAssgnmnt="0" Value="44"/>
<MapEntry BoolAssgnmnt="1" Value="420"/>
</AssgnmntListEntry>
<AssgnmntListEntry Length="3" RootTermCovItemId="C75">
<MapEntry BoolAssgnmnt="012" Value="97"/>
<MapEntry BoolAssgnmnt="001" Value="19"/>
</AssgnmntListEntry>
<AssgnmntListEntry Length="3" RootTermCovItemId="C76">
<MapEntry BoolAssgnmnt="011" Value="97"/>
<MapEntry BoolAssgnmnt="002" Value="19"/>
</AssgnmntListEntry>
<AssgnmntListEntry Length="2" RootTermCovItemId="C77">
<MapEntry BoolAssgnmnt="02" Value="116"/>
</AssgnmntListEntry>
<AssgnmntListEntry Length="1" RootTermCovItemId="C82">
<MapEntry BoolAssgnmnt="1" Value="90"/>
</AssgnmntListEntry>
<AssgnmntListEntry Length="1" RootTermCovItemId="C83">
<MapEntry BoolAssgnmnt="1" Value="90"/>
</AssgnmntListEntry>
<AssgnmntListEntry Length="1" RootTermCovItemId="C84">
<MapEntry BoolAssgnmnt="0" Value="90"/>
<MapEntry BoolAssgnmnt="1" Value="360"/>
</AssgnmntListEntry>
<AssgnmntListEntry Length="1" RootTermCovItemId="C85">
<MapEntry BoolAssgnmnt="0" Value="360"/>
<MapEntry BoolAssgnmnt="1" Value="2880"/>
</AssgnmntListEntry>
<AssgnmntListEntry Length="1" RootTermCovItemId="C86">
<MapEntry BoolAssgnmnt="0" Value="388"/>
<MapEntry BoolAssgnmnt="1" Value="2492"/>
</AssgnmntListEntry>
<AssgnmntListEntry Length="1" RootTermCovItemId="C87">
<MapEntry BoolAssgnmnt="1" Value="90"/>
</AssgnmntListEntry>
</AssgnmntPrefix>
<AssgnmntPrefix RootTermCovItemPrefix="com.OriginalFiles.Board.java">
<AssgnmntListEntry Length="1" RootTermCovItemId="C1">
<MapEntry BoolAssgnmnt="0" Value="1"/>
<MapEntry BoolAssgnmnt="1" Value="8"/>
</AssgnmntListEntry>
<AssgnmntListEntry Length="1" RootTermCovItemId="C10">
<MapEntry BoolAssgnmnt="0" Value="1"/>
<MapEntry BoolAssgnmnt="1" Value="3"/>
</AssgnmntListEntry>
<AssgnmntListEntry Length="1" RootTermCovItemId="C11">
<MapEntry BoolAssgnmnt="0" Value="3"/>
<MapEntry BoolAssgnmnt="1" Value="24"/>
</AssgnmntListEntry>
<AssgnmntListEntry Length="1" RootTermCovItemId="C12">
<MapEntry BoolAssgnmnt="0" Value="1"/>
<MapEntry BoolAssgnmnt="1" Value="2"/>
</AssgnmntListEntry>
<AssgnmntListEntry Length="1" RootTermCovItemId="C13">
<MapEntry BoolAssgnmnt="0" Value="2"/>
<MapEntry BoolAssgnmnt="1" Value="16"/>
</AssgnmntListEntry>
<AssgnmntListEntry Length="1" RootTermCovItemId="C2">
<MapEntry BoolAssgnmnt="0" Value="8"/>
<MapEntry BoolAssgnmnt="1" Value="64"/>
</AssgnmntListEntry>
<AssgnmntListEntry Length="1" RootTermCovItemId="C26">
<MapEntry BoolAssgnmnt="0" Value="232"/>
</AssgnmntListEntry>
<AssgnmntListEntry Length="1" RootTermCovItemId="C27">
<MapEntry BoolAssgnmnt="0" Value="194"/>
<MapEntry BoolAssgnmnt="1" Value="38"/>
</AssgnmntListEntry>
<AssgnmntListEntry Length="2" RootTermCovItemId="C28">
<MapEntry BoolAssgnmnt="02" Value="232"/>
</AssgnmntListEntry>
<AssgnmntListEntry Length="1" RootTermCovItemId="C29">
<MapEntry BoolAssgnmnt="0" Value="16"/>
<MapEntry BoolAssgnmnt="1" Value="232"/>
</AssgnmntListEntry>
<AssgnmntListEntry Length="1" RootTermCovItemId="C3">
<MapEntry BoolAssgnmnt="0" Value="32"/>
<MapEntry BoolAssgnmnt="1" Value="32"/>
</AssgnmntListEntry>
<AssgnmntListEntry Length="1" RootTermCovItemId="C31">
<MapEntry BoolAssgnmnt="0" Value="295"/>
<MapEntry BoolAssgnmnt="1" Value="2195"/>
</AssgnmntListEntry>
<AssgnmntListEntry Length="1" RootTermCovItemId="C32">
<MapEntry BoolAssgnmnt="0" Value="1144"/>
</AssgnmntListEntry>
<AssgnmntListEntry Length="1" RootTermCovItemId="C33">
<MapEntry BoolAssgnmnt="0" Value="951"/>
<MapEntry BoolAssgnmnt="1" Value="294"/>
</AssgnmntListEntry>
<AssgnmntListEntry Length="1" RootTermCovItemId="C34">
<MapEntry BoolAssgnmnt="0" Value="1010"/>
<MapEntry BoolAssgnmnt="1" Value="235"/>
</AssgnmntListEntry>
<AssgnmntListEntry Length="1" RootTermCovItemId="C35">
<MapEntry BoolAssgnmnt="0" Value="1245"/>
</AssgnmntListEntry>
<AssgnmntListEntry Length="5" RootTermCovItemId="C38">
<MapEntry BoolAssgnmnt="02002" Value="1144"/>
<MapEntry BoolAssgnmnt="10122" Value="1144"/>
<MapEntry BoolAssgnmnt="11220" Value="1144"/>
<MapEntry BoolAssgnmnt="02010" Value="1144"/>
</AssgnmntListEntry>
<AssgnmntListEntry Length="1" RootTermCovItemId="C39">
<MapEntry BoolAssgnmnt="0" Value="608"/>
<MapEntry BoolAssgnmnt="1" Value="1680"/>
</AssgnmntListEntry>
<AssgnmntListEntry Length="1" RootTermCovItemId="C4">
<MapEntry BoolAssgnmnt="0" Value="20"/>
<MapEntry BoolAssgnmnt="1" Value="12"/>
</AssgnmntListEntry>
<AssgnmntListEntry Length="1" RootTermCovItemId="C40">
<MapEntry BoolAssgnmnt="0" Value="1680"/>
</AssgnmntListEntry>
<AssgnmntListEntry Length="2" RootTermCovItemId="C41">
<MapEntry BoolAssgnmnt="02" Value="1680"/>
</AssgnmntListEntry>
<AssgnmntListEntry Length="1" RootTermCovItemId="C42">
<MapEntry BoolAssgnmnt="0" Value="4576"/>
<MapEntry BoolAssgnmnt="1" Value="4576"/>
</AssgnmntListEntry>
<AssgnmntListEntry Length="1" RootTermCovItemId="C43">
<MapEntry BoolAssgnmnt="0" Value="3432"/>
<MapEntry BoolAssgnmnt="1" Value="1144"/>
</AssgnmntListEntry>
<AssgnmntListEntry Length="1" RootTermCovItemId="C44">
<MapEntry BoolAssgnmnt="0" Value="572"/>
<MapEntry BoolAssgnmnt="1" Value="572"/>
</AssgnmntListEntry>
<AssgnmntListEntry Length="1" RootTermCovItemId="C45">
<MapEntry BoolAssgnmnt="1" Value="1"/>
</AssgnmntListEntry>
<AssgnmntListEntry Length="1" RootTermCovItemId="C5">
<MapEntry BoolAssgnmnt="0" Value="8"/>
<MapEntry BoolAssgnmnt="1" Value="4"/>
</AssgnmntListEntry>
<AssgnmntListEntry Length="1" RootTermCovItemId="C53">
<MapEntry BoolAssgnmnt="1" Value="48785"/>
</AssgnmntListEntry>
<AssgnmntListEntry Length="1" RootTermCovItemId="C54">
<MapEntry BoolAssgnmnt="0" Value="9626"/>
<MapEntry BoolAssgnmnt="1" Value="39159"/>
</AssgnmntListEntry>
<AssgnmntListEntry Length="3" RootTermCovItemId="C55">
<MapEntry BoolAssgnmnt="002" Value="53298"/>
<MapEntry BoolAssgnmnt="120" Value="2617"/>
<MapEntry BoolAssgnmnt="121" Value="2289"/>
</AssgnmntListEntry>
<AssgnmntListEntry Length="3" RootTermCovItemId="C56">
<MapEntry BoolAssgnmnt="002" Value="2289"/>
<MapEntry BoolAssgnmnt="120" Value="7341"/>
<MapEntry BoolAssgnmnt="121" Value="45957"/>
</AssgnmntListEntry>
<AssgnmntListEntry Length="1" RootTermCovItemId="C6">
<MapEntry BoolAssgnmnt="0" Value="20"/>
<MapEntry BoolAssgnmnt="1" Value="12"/>
</AssgnmntListEntry>
<AssgnmntListEntry Length="1" RootTermCovItemId="C7">
<MapEntry BoolAssgnmnt="0" Value="8"/>
<MapEntry BoolAssgnmnt="1" Value="4"/>
</AssgnmntListEntry>
<AssgnmntListEntry Length="1" RootTermCovItemId="C8">
<MapEntry BoolAssgnmnt="0" Value="1"/>
<MapEntry BoolAssgnmnt="1" Value="8"/>
</AssgnmntListEntry>
<AssgnmntListEntry Length="1" RootTermCovItemId="C9">
<MapEntry BoolAssgnmnt="0" Value="1"/>
<MapEntry BoolAssgnmnt="1" Value="8"/>
</AssgnmntListEntry>
</AssgnmntPrefix>
<AssgnmntPrefix RootTermCovItemPrefix="com.OriginalFiles.Field.java">
<AssgnmntListEntry Length="1" RootTermCovItemId="C1">
<MapEntry BoolAssgnmnt="0" Value="288"/>
<MapEntry BoolAssgnmnt="1" Value="8"/>
</AssgnmntListEntry>
</AssgnmntPrefix>
<AssgnmntPrefix RootTermCovItemPrefix="com.OriginalFiles.MI.java">
<AssgnmntListEntry Length="1" RootTermCovItemId="C1">
<MapEntry BoolAssgnmnt="1" Value="1"/>
</AssgnmntListEntry>
<AssgnmntListEntry Length="1" RootTermCovItemId="C10">
<MapEntry BoolAssgnmnt="1" Value="90"/>
</AssgnmntListEntry>
<AssgnmntListEntry Length="1" RootTermCovItemId="C11">
<MapEntry BoolAssgnmnt="0" Value="90"/>
<MapEntry BoolAssgnmnt="1" Value="360"/>
</AssgnmntListEntry>
<AssgnmntListEntry Length="1" RootTermCovItemId="C12">
<MapEntry BoolAssgnmnt="0" Value="90"/>
<MapEntry BoolAssgnmnt="1" Value="360"/>
</AssgnmntListEntry>
<AssgnmntListEntry Length="1" RootTermCovItemId="C15">
<MapEntry BoolAssgnmnt="0" Value="90"/>
</AssgnmntListEntry>
<AssgnmntListEntry Length="1" RootTermCovItemId="C16">
<MapEntry BoolAssgnmnt="0" Value="240"/>
<MapEntry BoolAssgnmnt="1" Value="68"/>
</AssgnmntListEntry>
<AssgnmntListEntry Length="1" RootTermCovItemId="C17">
<MapEntry BoolAssgnmnt="1" Value="116"/>
</AssgnmntListEntry>
<AssgnmntListEntry Length="1" RootTermCovItemId="C18">
<MapEntry BoolAssgnmnt="0" Value="116"/>
<MapEntry BoolAssgnmnt="1" Value="116"/>
</AssgnmntListEntry>
<AssgnmntListEntry Length="1" RootTermCovItemId="C19">
<MapEntry BoolAssgnmnt="0" Value="116"/>
</AssgnmntListEntry>
<AssgnmntListEntry Length="1" RootTermCovItemId="C2">
<MapEntry BoolAssgnmnt="0" Value="32"/>
<MapEntry BoolAssgnmnt="1" Value="96"/>
</AssgnmntListEntry>
<AssgnmntListEntry Length="1" RootTermCovItemId="C21">
<MapEntry BoolAssgnmnt="1" Value="116"/>
</AssgnmntListEntry>
<AssgnmntListEntry Length="1" RootTermCovItemId="C22">
<MapEntry BoolAssgnmnt="0" Value="116"/>
<MapEntry BoolAssgnmnt="1" Value="116"/>
</AssgnmntListEntry>
<AssgnmntListEntry Length="1" RootTermCovItemId="C23">
<MapEntry BoolAssgnmnt="0" Value="116"/>
</AssgnmntListEntry>
<AssgnmntListEntry Length="2" RootTermCovItemId="C24">
<MapEntry BoolAssgnmnt="02" Value="116"/>
</AssgnmntListEntry>
<AssgnmntListEntry Length="1" RootTermCovItemId="C27">
<MapEntry BoolAssgnmnt="0" Value="116"/>
</AssgnmntListEntry>
<AssgnmntListEntry Length="1" RootTermCovItemId="C29">
<MapEntry BoolAssgnmnt="0" Value="216"/>
<MapEntry BoolAssgnmnt="1" Value="1512"/>
</AssgnmntListEntry>
<AssgnmntListEntry Length="1" RootTermCovItemId="C3">
<MapEntry BoolAssgnmnt="0" Value="16"/>
<MapEntry BoolAssgnmnt="1" Value="16"/>
</AssgnmntListEntry>
<AssgnmntListEntry Length="2" RootTermCovItemId="C30">
<MapEntry BoolAssgnmnt="10" Value="105"/>
<MapEntry BoolAssgnmnt="02" Value="10"/>
<MapEntry BoolAssgnmnt="11" Value="101"/>
</AssgnmntListEntry>
<AssgnmntListEntry Length="1" RootTermCovItemId="C31">
<MapEntry BoolAssgnmnt="0" Value="101"/>
</AssgnmntListEntry>
<AssgnmntListEntry Length="1" RootTermCovItemId="C33">
<MapEntry BoolAssgnmnt="0" Value="101"/>
</AssgnmntListEntry>
<AssgnmntListEntry Length="1" RootTermCovItemId="C34">
<MapEntry BoolAssgnmnt="0" Value="27"/>
</AssgnmntListEntry>
<AssgnmntListEntry Length="1" RootTermCovItemId="C4">
<MapEntry BoolAssgnmnt="0" Value="1"/>
</AssgnmntListEntry>
<AssgnmntListEntry Length="1" RootTermCovItemId="C5">
<MapEntry BoolAssgnmnt="0" Value="5"/>
<MapEntry BoolAssgnmnt="1" Value="2"/>
</AssgnmntListEntry>
<AssgnmntListEntry Length="1" RootTermCovItemId="C6">
<MapEntry BoolAssgnmnt="1" Value="5"/>
</AssgnmntListEntry>
<AssgnmntListEntry Length="2" RootTermCovItemId="C7">
<MapEntry BoolAssgnmnt="00" Value="26"/>
<MapEntry BoolAssgnmnt="12" Value="90"/>
</AssgnmntListEntry>
<AssgnmntListEntry Length="1" RootTermCovItemId="C8">
<MapEntry BoolAssgnmnt="0" Value="92"/>
<MapEntry BoolAssgnmnt="1" Value="17"/>
</AssgnmntListEntry>
<AssgnmntListEntry Length="1" RootTermCovItemId="C9">
<MapEntry BoolAssgnmnt="1" Value="90"/>
</AssgnmntListEntry>
</AssgnmntPrefix>
<AssgnmntPrefix RootTermCovItemPrefix="com.OriginalFiles.Piece.java">
<AssgnmntListEntry Length="2" RootTermCovItemId="C1">
<MapEntry BoolAssgnmnt="10" Value="256"/>
<MapEntry BoolAssgnmnt="02" Value="32"/>
</AssgnmntListEntry>
<AssgnmntListEntry Length="1" RootTermCovItemId="C10">
<MapEntry BoolAssgnmnt="0" Value="360"/>
<MapEntry BoolAssgnmnt="1" Value="360"/>
</AssgnmntListEntry>
<AssgnmntListEntry Length="1" RootTermCovItemId="C11">
<MapEntry BoolAssgnmnt="0" Value="720"/>
</AssgnmntListEntry>
<AssgnmntListEntry Length="1" RootTermCovItemId="C12">
<MapEntry BoolAssgnmnt="0" Value="360"/>
<MapEntry BoolAssgnmnt="1" Value="360"/>
</AssgnmntListEntry>
<AssgnmntListEntry Length="1" RootTermCovItemId="C13">
<MapEntry BoolAssgnmnt="0" Value="720"/>
</AssgnmntListEntry>
<AssgnmntListEntry Length="5" RootTermCovItemId="C17">
<MapEntry BoolAssgnmnt="00210" Value="566"/>
<MapEntry BoolAssgnmnt="01002" Value="410"/>
</AssgnmntListEntry>
<AssgnmntListEntry Length="5" RootTermCovItemId="C18">
<MapEntry BoolAssgnmnt="00210" Value="285"/>
<MapEntry BoolAssgnmnt="00211" Value="281"/>
<MapEntry BoolAssgnmnt="01002" Value="117"/>
<MapEntry BoolAssgnmnt="01122" Value="293"/>
</AssgnmntListEntry>
<AssgnmntListEntry Length="1" RootTermCovItemId="C19">
<MapEntry BoolAssgnmnt="0" Value="481"/>
<MapEntry BoolAssgnmnt="1" Value="93"/>
</AssgnmntListEntry>
<AssgnmntListEntry Length="1" RootTermCovItemId="C20">
<MapEntry BoolAssgnmnt="0" Value="976"/>
</AssgnmntListEntry>
<AssgnmntListEntry Length="1" RootTermCovItemId="C22">
<MapEntry BoolAssgnmnt="1" Value="360"/>
</AssgnmntListEntry>
<AssgnmntListEntry Length="1" RootTermCovItemId="C23">
<MapEntry BoolAssgnmnt="0" Value="360"/>
</AssgnmntListEntry>
<AssgnmntListEntry Length="1" RootTermCovItemId="C24">
<MapEntry BoolAssgnmnt="0" Value="54"/>
<MapEntry BoolAssgnmnt="1" Value="666"/>
</AssgnmntListEntry>
<AssgnmntListEntry Length="1" RootTermCovItemId="C25">
<MapEntry BoolAssgnmnt="0" Value="83"/>
<MapEntry BoolAssgnmnt="1" Value="583"/>
</AssgnmntListEntry>
<AssgnmntListEntry Length="1" RootTermCovItemId="C26">
<MapEntry BoolAssgnmnt="0" Value="252"/>
<MapEntry BoolAssgnmnt="1" Value="2080"/>
</AssgnmntListEntry>
<AssgnmntListEntry Length="1" RootTermCovItemId="C27">
<MapEntry BoolAssgnmnt="0" Value="2080"/>
</AssgnmntListEntry>
<AssgnmntListEntry Length="1" RootTermCovItemId="C3">
<MapEntry BoolAssgnmnt="0" Value="32"/>
<MapEntry BoolAssgnmnt="1" Value="976"/>
</AssgnmntListEntry>
<AssgnmntListEntry Length="2" RootTermCovItemId="C35">
<MapEntry BoolAssgnmnt="01" Value="1966"/>
<MapEntry BoolAssgnmnt="12" Value="360"/>
</AssgnmntListEntry>
<AssgnmntListEntry Length="1" RootTermCovItemId="C36">
<MapEntry BoolAssgnmnt="0" Value="1606"/>
<MapEntry BoolAssgnmnt="1" Value="12596"/>
</AssgnmntListEntry>
<AssgnmntListEntry Length="1" RootTermCovItemId="C37">
<MapEntry BoolAssgnmnt="0" Value="12236"/>
<MapEntry BoolAssgnmnt="1" Value="101088"/>
</AssgnmntListEntry>
<AssgnmntListEntry Length="1" RootTermCovItemId="C38">
<MapEntry BoolAssgnmnt="0" Value="59533"/>
<MapEntry BoolAssgnmnt="1" Value="41555"/>
</AssgnmntListEntry>
<AssgnmntListEntry Length="1" RootTermCovItemId="C39">
<MapEntry BoolAssgnmnt="0" Value="41195"/>
<MapEntry BoolAssgnmnt="1" Value="360"/>
</AssgnmntListEntry>
<AssgnmntListEntry Length="2" RootTermCovItemId="C4">
<MapEntry BoolAssgnmnt="01" Value="537"/>
<MapEntry BoolAssgnmnt="12" Value="183"/>
</AssgnmntListEntry>
<AssgnmntListEntry Length="1" RootTermCovItemId="C5">
<MapEntry BoolAssgnmnt="0" Value="107"/>
<MapEntry BoolAssgnmnt="1" Value="149"/>
</AssgnmntListEntry>
<AssgnmntListEntry Length="1" RootTermCovItemId="C6">
<MapEntry BoolAssgnmnt="0" Value="32"/>
<MapEntry BoolAssgnmnt="1" Value="976"/>
</AssgnmntListEntry>
<AssgnmntListEntry Length="1" RootTermCovItemId="C7">
<MapEntry BoolAssgnmnt="0" Value="976"/>
</AssgnmntListEntry>
<AssgnmntListEntry Length="1" RootTermCovItemId="C8">
<MapEntry BoolAssgnmnt="0" Value="720"/>
<MapEntry BoolAssgnmnt="1" Value="256"/>
</AssgnmntListEntry>
<AssgnmntListEntry Length="1" RootTermCovItemId="C9">
<MapEntry BoolAssgnmnt="0" Value="256"/>
<MapEntry BoolAssgnmnt="1" Value="720"/>
</AssgnmntListEntry>
</AssgnmntPrefix>
<AssgnmntPrefix RootTermCovItemPrefix="com.OriginalFiles.RemoteNXTFunctions.java">
<AssgnmntListEntry Length="1" RootTermCovItemId="C5">
<MapEntry BoolAssgnmnt="1" Value="1"/>
</AssgnmntListEntry>
<AssgnmntListEntry Length="2" RootTermCovItemId="C6">
<MapEntry BoolAssgnmnt="11" Value="1"/>
</AssgnmntListEntry>
</AssgnmntPrefix>
</AssgnmntList>
<ObjMetaDataList/>
<MetaDataList/>
</TestCase>
<TestCase Comment="" Date="1386064083408" Name="com.Testing.MiTest:testMI">
<CovList>
<CovPrefix CovItemPrefix="com.OriginalFiles.Analyze.java">
<Cov CovItemId="B103" Value="1"/>
<Cov CovItemId="B107" Value="1"/>
<Cov CovItemId="S1" Value="1"/>
<Cov CovItemId="S191" Value="1"/>
<Cov CovItemId="S192" Value="1"/>
<Cov CovItemId="S193" Value="1"/>
<Cov CovItemId="S199" Value="1"/>
<Cov CovItemId="S2" Value="1"/>
<Cov CovItemId="S200" Value="1"/>
<Cov CovItemId="S201" Value="1"/>
<Cov CovItemId="S202" Value="1"/>
<Cov CovItemId="S203" Value="1"/>
<Cov CovItemId="S204" Value="1"/>
<Cov CovItemId="S3" Value="1"/>
<Cov CovItemId="S4" Value="1"/>
<Cov CovItemId="S5" Value="1"/>
</CovPrefix>
<CovPrefix CovItemPrefix="com.OriginalFiles.Board.java">
<Cov CovItemId="B1" Value="32"/>
<Cov CovItemId="B10" Value="8"/>
<Cov CovItemId="B2" Value="32"/>
<Cov CovItemId="B3" Value="12"/>
<Cov CovItemId="B4" Value="20"/>
<Cov CovItemId="B5" Value="4"/>
<Cov CovItemId="B6" Value="8"/>
<Cov CovItemId="B69" Value="1"/>
<Cov CovItemId="B7" Value="12"/>
<Cov CovItemId="B79" Value="24"/>
<Cov CovItemId="B8" Value="20"/>
<Cov CovItemId="B81" Value="24"/>
<Cov CovItemId="B83" Value="36"/>
<Cov CovItemId="B84" Value="80"/>
<Cov CovItemId="B85" Value="24"/>
<Cov CovItemId="B86" Value="56"/>
<Cov CovItemId="B9" Value="4"/>
<Cov CovItemId="L1-2" Value="1"/>
<Cov CovItemId="L2-2" Value="8"/>
<Cov CovItemId="L3-2" Value="1"/>
<Cov CovItemId="L4-2" Value="1"/>
<Cov CovItemId="L5-2" Value="1"/>
<Cov CovItemId="L6-2" Value="3"/>
<Cov CovItemId="L7-2" Value="1"/>
<Cov CovItemId="L8-2" Value="2"/>
<Cov CovItemId="S1" Value="1"/>
<Cov CovItemId="S10" Value="1"/>
<Cov CovItemId="S11" Value="8"/>
<Cov CovItemId="S12" Value="64"/>
<Cov CovItemId="S13" Value="64"/>
<Cov CovItemId="S14" Value="64"/>
<Cov CovItemId="S15" Value="64"/>
<Cov CovItemId="S152" Value="1"/>
<Cov CovItemId="S153" Value="1"/>
<Cov CovItemId="S154" Value="1"/>
<Cov CovItemId="S16" Value="32"/>
<Cov CovItemId="S17" Value="32"/>
<Cov CovItemId="S176" Value="24"/>
<Cov CovItemId="S177" Value="24"/>
<Cov CovItemId="S178" Value="24"/>
<Cov CovItemId="S18" Value="32"/>
<Cov CovItemId="S180" Value="116"/>
<Cov CovItemId="S181" Value="36"/>
<Cov CovItemId="S182" Value="80"/>
<Cov CovItemId="S183" Value="24"/>
<Cov CovItemId="S184" Value="56"/>
<Cov CovItemId="S185" Value="104"/>
<Cov CovItemId="S19" Value="12"/>
<Cov CovItemId="S2" Value="1"/>
<Cov CovItemId="S20" Value="12"/>
<Cov CovItemId="S21" Value="12"/>
<Cov CovItemId="S22" Value="4"/>
<Cov CovItemId="S23" Value="32"/>
<Cov CovItemId="S24" Value="12"/>
<Cov CovItemId="S25" Value="12"/>
<Cov CovItemId="S26" Value="12"/>
<Cov CovItemId="S27" Value="4"/>
<Cov CovItemId="S28" Value="32"/>
<Cov CovItemId="S29" Value="32"/>
<Cov CovItemId="S3" Value="1"/>
<Cov CovItemId="S30" Value="64"/>
<Cov CovItemId="S31" Value="1"/>
<Cov CovItemId="S32" Value="8"/>
<Cov CovItemId="S33" Value="8"/>
<Cov CovItemId="S34" Value="8"/>
<Cov CovItemId="S35" Value="8"/>
<Cov CovItemId="S36" Value="8"/>
<Cov CovItemId="S37" Value="8"/>
<Cov CovItemId="S38" Value="8"/>
<Cov CovItemId="S39" Value="8"/>
<Cov CovItemId="S4" Value="1"/>
<Cov CovItemId="S40" Value="1"/>
<Cov CovItemId="S41" Value="8"/>
<Cov CovItemId="S42" Value="8"/>
<Cov CovItemId="S43" Value="8"/>
<Cov CovItemId="S44" Value="8"/>
<Cov CovItemId="S45" Value="8"/>
<Cov CovItemId="S46" Value="8"/>
<Cov CovItemId="S47" Value="8"/>
<Cov CovItemId="S48" Value="8"/>
<Cov CovItemId="S49" Value="1"/>
<Cov CovItemId="S5" Value="1"/>
<Cov CovItemId="S50" Value="3"/>
<Cov CovItemId="S51" Value="24"/>
<Cov CovItemId="S52" Value="24"/>
<Cov CovItemId="S53" Value="24"/>
<Cov CovItemId="S54" Value="24"/>
<Cov CovItemId="S55" Value="1"/>
<Cov CovItemId="S56" Value="2"/>
<Cov CovItemId="S57" Value="16"/>
<Cov CovItemId="S58" Value="16"/>
<Cov CovItemId="S59" Value="16"/>
<Cov CovItemId="S6" Value="1"/>
<Cov CovItemId="S60" Value="16"/>
<Cov CovItemId="S7" Value="1"/>
<Cov CovItemId="S8" Value="1"/>
<Cov CovItemId="S9" Value="1"/>
</CovPrefix>
<CovPrefix CovItemPrefix="com.OriginalFiles.Field.java">
<Cov CovItemId="B1" Value="40"/>
<Cov CovItemId="B2" Value="8"/>
<Cov CovItemId="S1" Value="120"/>
<Cov CovItemId="S2" Value="120"/>
<Cov CovItemId="S5" Value="48"/>
<Cov CovItemId="S6" Value="48"/>
<Cov CovItemId="S7" Value="40"/>
<Cov CovItemId="S8" Value="48"/>
<Cov CovItemId="S9" Value="136"/>
</CovPrefix>
<CovPrefix CovItemPrefix="com.OriginalFiles.MI.java">
<Cov CovItemId="B1" Value="1"/>
<Cov CovItemId="B3" Value="24"/>
<Cov CovItemId="B4" Value="40"/>
<Cov CovItemId="B5" Value="12"/>
<Cov CovItemId="B6" Value="12"/>
<Cov CovItemId="L1-2" Value="1"/>
<Cov CovItemId="L2-2" Value="8"/>
<Cov CovItemId="S1" Value="1"/>
<Cov CovItemId="S10" Value="1"/>
<Cov CovItemId="S11" Value="1"/>
<Cov CovItemId="S12" Value="1"/>
<Cov CovItemId="S14" Value="1"/>
<Cov CovItemId="S15" Value="1"/>
<Cov CovItemId="S16" Value="1"/>
<Cov CovItemId="S17" Value="1"/>
<Cov CovItemId="S18" Value="1"/>
<Cov CovItemId="S19" Value="8"/>
<Cov CovItemId="S2" Value="1"/>
<Cov CovItemId="S20" Value="64"/>
<Cov CovItemId="S21" Value="24"/>
<Cov CovItemId="S22" Value="12"/>
<Cov CovItemId="S23" Value="12"/>
<Cov CovItemId="S3" Value="1"/>
<Cov CovItemId="S4" Value="1"/>
<Cov CovItemId="S5" Value="1"/>
<Cov CovItemId="S6" Value="1"/>
<Cov CovItemId="S7" Value="1"/>
<Cov CovItemId="S8" Value="1"/>
<Cov CovItemId="S9" Value="1"/>
</CovPrefix>
<CovPrefix CovItemPrefix="com.OriginalFiles.Piece.java">
<Cov CovItemId="B10" Value="12"/>
<Cov CovItemId="B11" Value="24"/>
<Cov CovItemId="B12" Value="16"/>
<Cov CovItemId="B14" Value="24"/>
<Cov CovItemId="B15" Value="24"/>
<Cov CovItemId="B18" Value="24"/>
<Cov CovItemId="B2" Value="40"/>
<Cov CovItemId="B34" Value="24"/>
<Cov CovItemId="B35" Value="8"/>
<Cov CovItemId="B36" Value="16"/>
<Cov CovItemId="B37" Value="8"/>
<Cov CovItemId="B40" Value="24"/>
<Cov CovItemId="B5" Value="24"/>
<Cov CovItemId="B6" Value="16"/>
<Cov CovItemId="B9" Value="12"/>
<Cov CovItemId="S1" Value="40"/>
<Cov CovItemId="S10" Value="40"/>
<Cov CovItemId="S11" Value="40"/>
<Cov CovItemId="S12" Value="40"/>
<Cov CovItemId="S13" Value="40"/>
<Cov CovItemId="S14" Value="40"/>
<Cov CovItemId="S15" Value="40"/>
<Cov CovItemId="S16" Value="40"/>
<Cov CovItemId="S17" Value="40"/>
<Cov CovItemId="S18" Value="40"/>
<Cov CovItemId="S19" Value="40"/>
<Cov CovItemId="S2" Value="40"/>
<Cov CovItemId="S20" Value="40"/>
<Cov CovItemId="S21" Value="40"/>
<Cov CovItemId="S24" Value="40"/>
<Cov CovItemId="S25" Value="40"/>
<Cov CovItemId="S26" Value="40"/>
<Cov CovItemId="S3" Value="40"/>
<Cov CovItemId="S30" Value="40"/>
<Cov CovItemId="S31" Value="40"/>
<Cov CovItemId="S32" Value="40"/>
<Cov CovItemId="S33" Value="24"/>
<Cov CovItemId="S34" Value="16"/>
<Cov CovItemId="S35" Value="16"/>
<Cov CovItemId="S39" Value="24"/>
<Cov CovItemId="S4" Value="40"/>
<Cov CovItemId="S40" Value="12"/>
<Cov CovItemId="S41" Value="12"/>
<Cov CovItemId="S42" Value="40"/>
<Cov CovItemId="S43" Value="40"/>
<Cov CovItemId="S44" Value="24"/>
<Cov CovItemId="S45" Value="24"/>
<Cov CovItemId="S46" Value="24"/>
<Cov CovItemId="S48" Value="24"/>
<Cov CovItemId="S49" Value="24"/>
<Cov CovItemId="S5" Value="40"/>
<Cov CovItemId="S50" Value="24"/>
<Cov CovItemId="S6" Value="40"/>
<Cov CovItemId="S65" Value="24"/>
<Cov CovItemId="S67" Value="24"/>
<Cov CovItemId="S68" Value="8"/>
<Cov CovItemId="S69" Value="8"/>
<Cov CovItemId="S7" Value="40"/>
<Cov CovItemId="S70" Value="8"/>
<Cov CovItemId="S71" Value="24"/>
<Cov CovItemId="S73" Value="24"/>
<Cov CovItemId="S8" Value="40"/>
<Cov CovItemId="S9" Value="40"/>
</CovPrefix>
<CovPrefix CovItemPrefix="com.OriginalFiles.RemoteNXTFunctions.java">
<Cov CovItemId="B5" Value="1"/>
<Cov CovItemId="B7" Value="1"/>
<Cov CovItemId="S1" Value="1"/>
<Cov CovItemId="S162" Value="1"/>
<Cov CovItemId="S19" Value="1"/>
<Cov CovItemId="S2" Value="1"/>
<Cov CovItemId="S20" Value="1"/>
<Cov CovItemId="S21" Value="1"/>
<Cov CovItemId="S22" Value="1"/>
<Cov CovItemId="S3" Value="1"/>
</CovPrefix>
</CovList>
<AssgnmntList>
<AssgnmntPrefix RootTermCovItemPrefix="com.OriginalFiles.Analyze.java">
<AssgnmntListEntry Length="1" RootTermCovItemId="C64">
<MapEntry BoolAssgnmnt="1" Value="1"/>
</AssgnmntListEntry>
<AssgnmntListEntry Length="6" RootTermCovItemId="C66">
<MapEntry BoolAssgnmnt="111111" Value="1"/>
</AssgnmntListEntry>
</AssgnmntPrefix>
<AssgnmntPrefix RootTermCovItemPrefix="com.OriginalFiles.Board.java">
<AssgnmntListEntry Length="1" RootTermCovItemId="C1">
<MapEntry BoolAssgnmnt="0" Value="1"/>
<MapEntry BoolAssgnmnt="1" Value="8"/>
</AssgnmntListEntry>
<AssgnmntListEntry Length="1" RootTermCovItemId="C10">
<MapEntry BoolAssgnmnt="0" Value="1"/>
<MapEntry BoolAssgnmnt="1" Value="3"/>
</AssgnmntListEntry>
<AssgnmntListEntry Length="1" RootTermCovItemId="C11">
<MapEntry BoolAssgnmnt="0" Value="3"/>
<MapEntry BoolAssgnmnt="1" Value="24"/>
</AssgnmntListEntry>
<AssgnmntListEntry Length="1" RootTermCovItemId="C12">
<MapEntry BoolAssgnmnt="0" Value="1"/>
<MapEntry BoolAssgnmnt="1" Value="2"/>
</AssgnmntListEntry>
<AssgnmntListEntry Length="1" RootTermCovItemId="C13">
<MapEntry BoolAssgnmnt="0" Value="2"/>
<MapEntry BoolAssgnmnt="1" Value="16"/>
</AssgnmntListEntry>
<AssgnmntListEntry Length="1" RootTermCovItemId="C2">
<MapEntry BoolAssgnmnt="0" Value="8"/>
<MapEntry BoolAssgnmnt="1" Value="64"/>
</AssgnmntListEntry>
<AssgnmntListEntry Length="1" RootTermCovItemId="C3">
<MapEntry BoolAssgnmnt="0" Value="32"/>
<MapEntry BoolAssgnmnt="1" Value="32"/>
</AssgnmntListEntry>
<AssgnmntListEntry Length="1" RootTermCovItemId="C4">
<MapEntry BoolAssgnmnt="0" Value="20"/>
<MapEntry BoolAssgnmnt="1" Value="12"/>
</AssgnmntListEntry>
<AssgnmntListEntry Length="1" RootTermCovItemId="C45">
<MapEntry BoolAssgnmnt="1" Value="1"/>
</AssgnmntListEntry>
<AssgnmntListEntry Length="1" RootTermCovItemId="C5">
<MapEntry BoolAssgnmnt="0" Value="8"/>
<MapEntry BoolAssgnmnt="1" Value="4"/>
</AssgnmntListEntry>
<AssgnmntListEntry Length="1" RootTermCovItemId="C53">
<MapEntry BoolAssgnmnt="1" Value="24"/>
</AssgnmntListEntry>
<AssgnmntListEntry Length="1" RootTermCovItemId="C54">
<MapEntry BoolAssgnmnt="0" Value="24"/>
</AssgnmntListEntry>
<AssgnmntListEntry Length="3" RootTermCovItemId="C55">
<MapEntry BoolAssgnmnt="002" Value="56"/>
<MapEntry BoolAssgnmnt="120" Value="36"/>
<MapEntry BoolAssgnmnt="121" Value="24"/>
</AssgnmntListEntry>
<AssgnmntListEntry Length="3" RootTermCovItemId="C56">
<MapEntry BoolAssgnmnt="002" Value="24"/>
<MapEntry BoolAssgnmnt="120" Value="32"/>
<MapEntry BoolAssgnmnt="121" Value="24"/>
</AssgnmntListEntry>
<AssgnmntListEntry Length="1" RootTermCovItemId="C6">
<MapEntry BoolAssgnmnt="0" Value="20"/>
<MapEntry BoolAssgnmnt="1" Value="12"/>
</AssgnmntListEntry>
<AssgnmntListEntry Length="1" RootTermCovItemId="C7">
<MapEntry BoolAssgnmnt="0" Value="8"/>
<MapEntry BoolAssgnmnt="1" Value="4"/>
</AssgnmntListEntry>
<AssgnmntListEntry Length="1" RootTermCovItemId="C8">
<MapEntry BoolAssgnmnt="0" Value="1"/>
<MapEntry BoolAssgnmnt="1" Value="8"/>
</AssgnmntListEntry>
<AssgnmntListEntry Length="1" RootTermCovItemId="C9">
<MapEntry BoolAssgnmnt="0" Value="1"/>
<MapEntry BoolAssgnmnt="1" Value="8"/>
</AssgnmntListEntry>
</AssgnmntPrefix>
<AssgnmntPrefix RootTermCovItemPrefix="com.OriginalFiles.Field.java">
<AssgnmntListEntry Length="1" RootTermCovItemId="C1">
<MapEntry BoolAssgnmnt="0" Value="40"/>
<MapEntry BoolAssgnmnt="1" Value="8"/>
</AssgnmntListEntry>
</AssgnmntPrefix>
<AssgnmntPrefix RootTermCovItemPrefix="com.OriginalFiles.MI.java">
<AssgnmntListEntry Length="1" RootTermCovItemId="C1">
<MapEntry BoolAssgnmnt="1" Value="1"/>
</AssgnmntListEntry>
<AssgnmntListEntry Length="1" RootTermCovItemId="C2">
<MapEntry BoolAssgnmnt="0" Value="24"/>
<MapEntry BoolAssgnmnt="1" Value="40"/>
</AssgnmntListEntry>
<AssgnmntListEntry Length="1" RootTermCovItemId="C3">
<MapEntry BoolAssgnmnt="0" Value="12"/>
<MapEntry BoolAssgnmnt="1" Value="12"/>
</AssgnmntListEntry>
</AssgnmntPrefix>
<AssgnmntPrefix RootTermCovItemPrefix="com.OriginalFiles.Piece.java">
<AssgnmntListEntry Length="2" RootTermCovItemId="C1">
<MapEntry BoolAssgnmnt="10" Value="24"/>
<MapEntry BoolAssgnmnt="02" Value="16"/>
</AssgnmntListEntry>
<AssgnmntListEntry Length="5" RootTermCovItemId="C17">
<MapEntry BoolAssgnmnt="00210" Value="12"/>
<MapEntry BoolAssgnmnt="01002" Value="12"/>
</AssgnmntListEntry>
<AssgnmntListEntry Length="5" RootTermCovItemId="C18">
<MapEntry BoolAssgnmnt="00210" Value="8"/>
<MapEntry BoolAssgnmnt="00211" Value="4"/>
<MapEntry BoolAssgnmnt="01002" Value="8"/>
<MapEntry BoolAssgnmnt="01122" Value="4"/>
</AssgnmntListEntry>
<AssgnmntListEntry Length="1" RootTermCovItemId="C19">
<MapEntry BoolAssgnmnt="1" Value="8"/>
</AssgnmntListEntry>
<AssgnmntListEntry Length="1" RootTermCovItemId="C20">
<MapEntry BoolAssgnmnt="0" Value="24"/>
</AssgnmntListEntry>
<AssgnmntListEntry Length="1" RootTermCovItemId="C3">
<MapEntry BoolAssgnmnt="0" Value="16"/>
<MapEntry BoolAssgnmnt="1" Value="24"/>
</AssgnmntListEntry>
<AssgnmntListEntry Length="1" RootTermCovItemId="C5">
<MapEntry BoolAssgnmnt="0" Value="12"/>
<MapEntry BoolAssgnmnt="1" Value="12"/>
</AssgnmntListEntry>
<AssgnmntListEntry Length="1" RootTermCovItemId="C6">
<MapEntry BoolAssgnmnt="0" Value="16"/>
<MapEntry BoolAssgnmnt="1" Value="24"/>
</AssgnmntListEntry>
<AssgnmntListEntry Length="1" RootTermCovItemId="C7">
<MapEntry BoolAssgnmnt="0" Value="24"/>
</AssgnmntListEntry>
<AssgnmntListEntry Length="1" RootTermCovItemId="C8">
<MapEntry BoolAssgnmnt="1" Value="24"/>
</AssgnmntListEntry>
<AssgnmntListEntry Length="1" RootTermCovItemId="C9">
<MapEntry BoolAssgnmnt="0" Value="24"/>
</AssgnmntListEntry>
</AssgnmntPrefix>
<AssgnmntPrefix RootTermCovItemPrefix="com.OriginalFiles.RemoteNXTFunctions.java">
<AssgnmntListEntry Length="1" RootTermCovItemId="C5">
<MapEntry BoolAssgnmnt="1" Value="1"/>
</AssgnmntListEntry>
<AssgnmntListEntry Length="2" RootTermCovItemId="C6">
<MapEntry BoolAssgnmnt="11" Value="1"/>
</AssgnmntListEntry>
</AssgnmntPrefix>
</AssgnmntList>
<ObjMetaDataList/>
<MetaDataList/>
</TestCase>
<TestCase Comment="" Date="1386064083409" Name="com.Testing.MiTest:testLookForBestMoveSimulateKing">
<CovList>
<CovPrefix CovItemPrefix="com.OriginalFiles.Analyze.java">
<Cov CovItemId="B103" Value="1"/>
<Cov CovItemId="B107" Value="1"/>
<Cov CovItemId="B120" Value="20"/>
<Cov CovItemId="B121" Value="620"/>
<Cov CovItemId="B122" Value="10"/>
<Cov CovItemId="B123" Value="10"/>
<Cov CovItemId="B124" Value="10"/>
<Cov CovItemId="B126" Value="10"/>
<Cov CovItemId="B127" Value="10"/>
<Cov CovItemId="B128" Value="10"/>
<Cov CovItemId="B131" Value="10"/>
<Cov CovItemId="B133" Value="10"/>
<Cov CovItemId="B134" Value="10"/>
<Cov CovItemId="B136" Value="8"/>
<Cov CovItemId="B137" Value="2"/>
<Cov CovItemId="B138" Value="6"/>
<Cov CovItemId="B139" Value="2"/>
<Cov CovItemId="B141" Value="6"/>
<Cov CovItemId="B142" Value="6"/>
<Cov CovItemId="B144" Value="4"/>
<Cov CovItemId="B146" Value="3"/>
<Cov CovItemId="B147" Value="1"/>
<Cov CovItemId="B148" Value="3"/>
<Cov CovItemId="B149" Value="125"/>
<Cov CovItemId="B150" Value="3"/>
<Cov CovItemId="B151" Value="1"/>
<Cov CovItemId="B156" Value="12"/>
<Cov CovItemId="B157" Value="12"/>
<Cov CovItemId="B83" Value="6"/>
<Cov CovItemId="B84" Value="8"/>
<Cov CovItemId="B85" Value="2"/>
<Cov CovItemId="B86" Value="4"/>
<Cov CovItemId="B88" Value="2"/>
<Cov CovItemId="B89" Value="4"/>
<Cov CovItemId="L16-2" Value="10"/>
<Cov CovItemId="L17-2" Value="80"/>
<Cov CovItemId="L18-2" Value="4"/>
<Cov CovItemId="L19-2" Value="16"/>
<Cov CovItemId="S1" Value="1"/>
<Cov CovItemId="S149" Value="14"/>
<Cov CovItemId="S150" Value="6"/>
<Cov CovItemId="S151" Value="2"/>
<Cov CovItemId="S152" Value="2"/>
<Cov CovItemId="S153" Value="2"/>
<Cov CovItemId="S155" Value="4"/>
<Cov CovItemId="S156" Value="4"/>
<Cov CovItemId="S157" Value="4"/>
<Cov CovItemId="S191" Value="1"/>
<Cov CovItemId="S192" Value="1"/>
<Cov CovItemId="S193" Value="1"/>
<Cov CovItemId="S199" Value="1"/>
<Cov CovItemId="S2" Value="1"/>
<Cov CovItemId="S200" Value="1"/>
<Cov CovItemId="S201" Value="1"/>
<Cov CovItemId="S202" Value="1"/>
<Cov CovItemId="S203" Value="1"/>
<Cov CovItemId="S204" Value="1"/>
<Cov CovItemId="S221" Value="10"/>
<Cov CovItemId="S222" Value="10"/>
<Cov CovItemId="S223" Value="10"/>
<Cov CovItemId="S224" Value="10"/>
<Cov CovItemId="S225" Value="10"/>
<Cov CovItemId="S226" Value="10"/>
<Cov CovItemId="S227" Value="80"/>
<Cov CovItemId="S228" Value="640"/>
<Cov CovItemId="S229" Value="20"/>
<Cov CovItemId="S230" Value="10"/>
<Cov CovItemId="S231" Value="10"/>
<Cov CovItemId="S232" Value="10"/>
<Cov CovItemId="S233" Value="20"/>
<Cov CovItemId="S234" Value="10"/>
<Cov CovItemId="S235" Value="10"/>
<Cov CovItemId="S236" Value="10"/>
<Cov CovItemId="S237" Value="10"/>
<Cov CovItemId="S239" Value="10"/>
<Cov CovItemId="S241" Value="10"/>
<Cov CovItemId="S242" Value="10"/>
<Cov CovItemId="S243" Value="8"/>
<Cov CovItemId="S244" Value="8"/>
<Cov CovItemId="S245" Value="8"/>
<Cov CovItemId="S246" Value="6"/>
<Cov CovItemId="S248" Value="6"/>
<Cov CovItemId="S249" Value="6"/>
<Cov CovItemId="S250" Value="4"/>
<Cov CovItemId="S251" Value="4"/>
<Cov CovItemId="S252" Value="4"/>
<Cov CovItemId="S253" Value="4"/>
<Cov CovItemId="S254" Value="3"/>
<Cov CovItemId="S255" Value="4"/>
<Cov CovItemId="S256" Value="4"/>
<Cov CovItemId="S257" Value="16"/>
<Cov CovItemId="S258" Value="128"/>
<Cov CovItemId="S259" Value="3"/>
<Cov CovItemId="S260" Value="4"/>
<Cov CovItemId="S261" Value="3"/>
<Cov CovItemId="S266" Value="1"/>
<Cov CovItemId="S267" Value="24"/>
<Cov CovItemId="S268" Value="12"/>
<Cov CovItemId="S269" Value="12"/>
<Cov CovItemId="S3" Value="1"/>
<Cov CovItemId="S4" Value="1"/>
<Cov CovItemId="S5" Value="1"/>
</CovPrefix>
<CovPrefix CovItemPrefix="com.OriginalFiles.Board.java">
<Cov CovItemId="B1" Value="32"/>
<Cov CovItemId="B10" Value="8"/>
<Cov CovItemId="B2" Value="32"/>
<Cov CovItemId="B3" Value="12"/>
<Cov CovItemId="B31" Value="14"/>
<Cov CovItemId="B33" Value="8"/>
<Cov CovItemId="B34" Value="6"/>
<Cov CovItemId="B35" Value="6"/>
<Cov CovItemId="B36" Value="8"/>
<Cov CovItemId="B37" Value="14"/>
<Cov CovItemId="B4" Value="20"/>
<Cov CovItemId="B41" Value="66"/>
<Cov CovItemId="B42" Value="44"/>
<Cov CovItemId="B44" Value="28"/>
<Cov CovItemId="B45" Value="10"/>
<Cov CovItemId="B46" Value="22"/>
<Cov CovItemId="B47" Value="10"/>
<Cov CovItemId="B48" Value="22"/>
<Cov CovItemId="B49" Value="23"/>
<Cov CovItemId="B5" Value="4"/>
<Cov CovItemId="B50" Value="9"/>
<Cov CovItemId="B51" Value="23"/>
<Cov CovItemId="B53" Value="23"/>
<Cov CovItemId="B55" Value="12"/>
<Cov CovItemId="B56" Value="100"/>
<Cov CovItemId="B57" Value="34"/>
<Cov CovItemId="B58" Value="66"/>
<Cov CovItemId="B59" Value="34"/>
<Cov CovItemId="B6" Value="8"/>
<Cov CovItemId="B62" Value="34"/>
<Cov CovItemId="B63" Value="448"/>
<Cov CovItemId="B64" Value="448"/>
<Cov CovItemId="B65" Value="28"/>
<Cov CovItemId="B66" Value="420"/>
<Cov CovItemId="B67" Value="14"/>
<Cov CovItemId="B68" Value="14"/>
<Cov CovItemId="B69" Value="1"/>
<Cov CovItemId="B7" Value="12"/>
<Cov CovItemId="B79" Value="957"/>
<Cov CovItemId="B8" Value="20"/>
<Cov CovItemId="B81" Value="167"/>
<Cov CovItemId="B82" Value="790"/>
<Cov CovItemId="B83" Value="77"/>
<Cov CovItemId="B84" Value="1038"/>
<Cov CovItemId="B85" Value="70"/>
<Cov CovItemId="B86" Value="968"/>
<Cov CovItemId="B9" Value="4"/>
<Cov CovItemId="L1-2" Value="1"/>
<Cov CovItemId="L10-2" Value="224"/>
<Cov CovItemId="L13-2" Value="14"/>
<Cov CovItemId="L14-2" Value="112"/>
<Cov CovItemId="L2-2" Value="8"/>
<Cov CovItemId="L3-2" Value="1"/>
<Cov CovItemId="L4-2" Value="1"/>
<Cov CovItemId="L5-2" Value="1"/>
<Cov CovItemId="L6-2" Value="3"/>
<Cov CovItemId="L7-2" Value="1"/>
<Cov CovItemId="L8-2" Value="2"/>
<Cov CovItemId="L9-2" Value="28"/>
<Cov CovItemId="S1" Value="1"/>
<Cov CovItemId="S10" Value="1"/>
<Cov CovItemId="S100" Value="8"/>
<Cov CovItemId="S101" Value="6"/>
<Cov CovItemId="S102" Value="14"/>
<Cov CovItemId="S103" Value="6"/>
<Cov CovItemId="S104" Value="8"/>
<Cov CovItemId="S106" Value="14"/>
<Cov CovItemId="S107" Value="14"/>
<Cov CovItemId="S108" Value="14"/>
<Cov CovItemId="S109" Value="14"/>
<Cov CovItemId="S11" Value="8"/>
<Cov CovItemId="S115" Value="110"/>
<Cov CovItemId="S116" Value="66"/>
<Cov CovItemId="S117" Value="44"/>
<Cov CovItemId="S118" Value="28"/>
<Cov CovItemId="S119" Value="28"/>
<Cov CovItemId="S12" Value="64"/>
<Cov CovItemId="S121" Value="28"/>
<Cov CovItemId="S122" Value="28"/>
<Cov CovItemId="S123" Value="32"/>
<Cov CovItemId="S124" Value="32"/>
<Cov CovItemId="S125" Value="10"/>
<Cov CovItemId="S126" Value="32"/>
<Cov CovItemId="S127" Value="10"/>
<Cov CovItemId="S128" Value="32"/>
<Cov CovItemId="S129" Value="23"/>
<Cov CovItemId="S13" Value="64"/>
<Cov CovItemId="S130" Value="23"/>
<Cov CovItemId="S131" Value="23"/>
<Cov CovItemId="S132" Value="23"/>
<Cov CovItemId="S133" Value="32"/>
<Cov CovItemId="S134" Value="28"/>
<Cov CovItemId="S135" Value="112"/>
<Cov CovItemId="S136" Value="12"/>
<Cov CovItemId="S137" Value="100"/>
<Cov CovItemId="S138" Value="34"/>
<Cov CovItemId="S139" Value="34"/>
<Cov CovItemId="S14" Value="64"/>
<Cov CovItemId="S141" Value="100"/>
<Cov CovItemId="S142" Value="112"/>
<Cov CovItemId="S143" Value="14"/>
<Cov CovItemId="S144" Value="14"/>
<Cov CovItemId="S145" Value="112"/>
<Cov CovItemId="S146" Value="896"/>
<Cov CovItemId="S147" Value="448"/>
<Cov CovItemId="S148" Value="28"/>
<Cov CovItemId="S149" Value="14"/>
<Cov CovItemId="S15" Value="64"/>
<Cov CovItemId="S150" Value="14"/>
<Cov CovItemId="S151" Value="14"/>
<Cov CovItemId="S152" Value="1"/>
<Cov CovItemId="S153" Value="1"/>
<Cov CovItemId="S154" Value="1"/>
<Cov CovItemId="S16" Value="32"/>
<Cov CovItemId="S17" Value="32"/>
<Cov CovItemId="S176" Value="957"/>
<Cov CovItemId="S177" Value="957"/>
<Cov CovItemId="S178" Value="167"/>
<Cov CovItemId="S179" Value="790"/>
<Cov CovItemId="S18" Value="32"/>
<Cov CovItemId="S180" Value="1115"/>
<Cov CovItemId="S181" Value="77"/>
<Cov CovItemId="S182" Value="1038"/>
<Cov CovItemId="S183" Value="70"/>
<Cov CovItemId="S184" Value="968"/>
<Cov CovItemId="S185" Value="3236"/>
<Cov CovItemId="S19" Value="12"/>
<Cov CovItemId="S2" Value="1"/>
<Cov CovItemId="S20" Value="12"/>
<Cov CovItemId="S21" Value="12"/>
<Cov CovItemId="S22" Value="4"/>
<Cov CovItemId="S23" Value="32"/>
<Cov CovItemId="S24" Value="12"/>
<Cov CovItemId="S25" Value="12"/>
<Cov CovItemId="S26" Value="12"/>
<Cov CovItemId="S27" Value="4"/>
<Cov CovItemId="S28" Value="32"/>
<Cov CovItemId="S29" Value="32"/>
<Cov CovItemId="S3" Value="1"/>
<Cov CovItemId="S30" Value="64"/>
<Cov CovItemId="S31" Value="1"/>
<Cov CovItemId="S32" Value="8"/>
<Cov CovItemId="S33" Value="8"/>
<Cov CovItemId="S34" Value="8"/>
<Cov CovItemId="S35" Value="8"/>
<Cov CovItemId="S36" Value="8"/>
<Cov CovItemId="S37" Value="8"/>
<Cov CovItemId="S38" Value="8"/>
<Cov CovItemId="S39" Value="8"/>
<Cov CovItemId="S4" Value="1"/>
<Cov CovItemId="S40" Value="1"/>
<Cov CovItemId="S41" Value="8"/>
<Cov CovItemId="S42" Value="8"/>
<Cov CovItemId="S43" Value="8"/>
<Cov CovItemId="S44" Value="8"/>
<Cov CovItemId="S45" Value="8"/>
<Cov CovItemId="S46" Value="8"/>
<Cov CovItemId="S47" Value="8"/>
<Cov CovItemId="S48" Value="8"/>
<Cov CovItemId="S49" Value="1"/>
<Cov CovItemId="S5" Value="1"/>
<Cov CovItemId="S50" Value="3"/>
<Cov CovItemId="S51" Value="24"/>
<Cov CovItemId="S52" Value="24"/>
<Cov CovItemId="S53" Value="24"/>
<Cov CovItemId="S54" Value="24"/>
<Cov CovItemId="S55" Value="1"/>
<Cov CovItemId="S56" Value="2"/>
<Cov CovItemId="S57" Value="16"/>
<Cov CovItemId="S58" Value="16"/>
<Cov CovItemId="S59" Value="16"/>
<Cov CovItemId="S6" Value="1"/>
<Cov CovItemId="S60" Value="16"/>
<Cov CovItemId="S61" Value="28"/>
<Cov CovItemId="S62" Value="224"/>
<Cov CovItemId="S63" Value="1792"/>
<Cov CovItemId="S7" Value="1"/>
<Cov CovItemId="S8" Value="1"/>
<Cov CovItemId="S9" Value="1"/>
<Cov CovItemId="S98" Value="14"/>
<Cov CovItemId="S99" Value="14"/>
</CovPrefix>
<CovPrefix CovItemPrefix="com.OriginalFiles.Field.java">
<Cov CovItemId="B1" Value="56"/>
<Cov CovItemId="B2" Value="8"/>
<Cov CovItemId="S1" Value="120"/>
<Cov CovItemId="S13" Value="78"/>
<Cov CovItemId="S2" Value="120"/>
<Cov CovItemId="S5" Value="64"/>
<Cov CovItemId="S6" Value="64"/>
<Cov CovItemId="S7" Value="56"/>
<Cov CovItemId="S8" Value="899"/>
<Cov CovItemId="S9" Value="2270"/>
</CovPrefix>
<CovPrefix CovItemPrefix="com.OriginalFiles.MI.java">
<Cov CovItemId="B1" Value="1"/>
<Cov CovItemId="B13" Value="4"/>
<Cov CovItemId="B14" Value="3"/>
<Cov CovItemId="B15" Value="1"/>
<Cov CovItemId="B16" Value="4"/>
<Cov CovItemId="B17" Value="1"/>
<Cov CovItemId="B18" Value="3"/>
<Cov CovItemId="B19" Value="3"/>
<Cov CovItemId="B20" Value="1"/>
<Cov CovItemId="B23" Value="3"/>
<Cov CovItemId="B25" Value="3"/>
<Cov CovItemId="B27" Value="3"/>
<Cov CovItemId="B28" Value="1"/>
<Cov CovItemId="B3" Value="26"/>
<Cov CovItemId="B30" Value="4"/>
<Cov CovItemId="B31" Value="6"/>
<Cov CovItemId="B32" Value="8"/>
<Cov CovItemId="B33" Value="7"/>
<Cov CovItemId="B36" Value="7"/>
<Cov CovItemId="B39" Value="7"/>
<Cov CovItemId="B4" Value="102"/>
<Cov CovItemId="B41" Value="7"/>
<Cov CovItemId="B43" Value="6"/>
<Cov CovItemId="B44" Value="1"/>
<Cov CovItemId="B45" Value="4"/>
<Cov CovItemId="B46" Value="2"/>
<Cov CovItemId="B47" Value="2"/>
<Cov CovItemId="B5" Value="13"/>
<Cov CovItemId="B51" Value="8"/>
<Cov CovItemId="B52" Value="248"/>
<Cov CovItemId="B53" Value="4"/>
<Cov CovItemId="B54" Value="4"/>
<Cov CovItemId="B56" Value="4"/>
<Cov CovItemId="B59" Value="4"/>
<Cov CovItemId="B6" Value="13"/>
<Cov CovItemId="B62" Value="4"/>
<Cov CovItemId="B8" Value="1"/>
<Cov CovItemId="B9" Value="2"/>
<Cov CovItemId="L1-2" Value="2"/>
<Cov CovItemId="L10-2" Value="4"/>
<Cov CovItemId="L11-2" Value="32"/>
<Cov CovItemId="L13-2" Value="4"/>
<Cov CovItemId="L2-2" Value="16"/>
<Cov CovItemId="L3-2" Value="1"/>
<Cov CovItemId="L4-1" Value="1"/>
<Cov CovItemId="L4-2" Value="2"/>
<Cov CovItemId="L5-1" Value="4"/>
<Cov CovItemId="L6-1" Value="4"/>
<Cov CovItemId="L7-1" Value="7"/>
<Cov CovItemId="L8-1" Value="7"/>
<Cov CovItemId="L9-0" Value="7"/>
<Cov CovItemId="S1" Value="1"/>
<Cov CovItemId="S10" Value="1"/>
<Cov CovItemId="S100" Value="7"/>
<Cov CovItemId="S101" Value="7"/>
<Cov CovItemId="S102" Value="7"/>
<Cov CovItemId="S103" Value="7"/>
<Cov CovItemId="S104" Value="7"/>
<Cov CovItemId="S105" Value="7"/>
<Cov CovItemId="S106" Value="7"/>
<Cov CovItemId="S107" Value="7"/>
<Cov CovItemId="S108" Value="7"/>
<Cov CovItemId="S109" Value="7"/>
<Cov CovItemId="S11" Value="1"/>
<Cov CovItemId="S110" Value="6"/>
<Cov CovItemId="S111" Value="4"/>
<Cov CovItemId="S112" Value="2"/>
<Cov CovItemId="S113" Value="2"/>
<Cov CovItemId="S114" Value="6"/>
<Cov CovItemId="S115" Value="7"/>
<Cov CovItemId="S116" Value="7"/>
<Cov CovItemId="S117" Value="7"/>
<Cov CovItemId="S12" Value="1"/>
<Cov CovItemId="S123" Value="4"/>
<Cov CovItemId="S124" Value="4"/>
<Cov CovItemId="S125" Value="4"/>
<Cov CovItemId="S126" Value="4"/>
<Cov CovItemId="S127" Value="32"/>
<Cov CovItemId="S128" Value="256"/>
<Cov CovItemId="S129" Value="8"/>
<Cov CovItemId="S130" Value="4"/>
<Cov CovItemId="S135" Value="4"/>
<Cov CovItemId="S136" Value="4"/>
<Cov CovItemId="S137" Value="4"/>
<Cov CovItemId="S138" Value="8"/>
<Cov CovItemId="S139" Value="8"/>
<Cov CovItemId="S14" Value="1"/>
<Cov CovItemId="S140" Value="4"/>
<Cov CovItemId="S142" Value="4"/>
<Cov CovItemId="S15" Value="1"/>
<Cov CovItemId="S16" Value="2"/>
<Cov CovItemId="S17" Value="2"/>
<Cov CovItemId="S18" Value="2"/>
<Cov CovItemId="S19" Value="16"/>
<Cov CovItemId="S2" Value="1"/>
<Cov CovItemId="S20" Value="128"/>
<Cov CovItemId="S21" Value="26"/>
<Cov CovItemId="S22" Value="13"/>
<Cov CovItemId="S23" Value="13"/>
<Cov CovItemId="S24" Value="1"/>
<Cov CovItemId="S25" Value="1"/>
<Cov CovItemId="S26" Value="1"/>
<Cov CovItemId="S27" Value="1"/>
<Cov CovItemId="S28" Value="1"/>
<Cov CovItemId="S3" Value="1"/>
<Cov CovItemId="S30" Value="1"/>
<Cov CovItemId="S31" Value="2"/>
<Cov CovItemId="S32" Value="2"/>
<Cov CovItemId="S33" Value="2"/>
<Cov CovItemId="S34" Value="2"/>
<Cov CovItemId="S35" Value="2"/>
<Cov CovItemId="S36" Value="2"/>
<Cov CovItemId="S37" Value="2"/>
<Cov CovItemId="S4" Value="1"/>
<Cov CovItemId="S40" Value="1"/>
<Cov CovItemId="S41" Value="7"/>
<Cov CovItemId="S42" Value="4"/>
<Cov CovItemId="S43" Value="3"/>
<Cov CovItemId="S44" Value="3"/>
<Cov CovItemId="S45" Value="3"/>
<Cov CovItemId="S46" Value="5"/>
<Cov CovItemId="S47" Value="5"/>
<Cov CovItemId="S48" Value="5"/>
<Cov CovItemId="S49" Value="5"/>
<Cov CovItemId="S5" Value="1"/>
<Cov CovItemId="S50" Value="5"/>
<Cov CovItemId="S51" Value="5"/>
<Cov CovItemId="S52" Value="1"/>
<Cov CovItemId="S53" Value="3"/>
<Cov CovItemId="S54" Value="4"/>
<Cov CovItemId="S55" Value="4"/>
<Cov CovItemId="S56" Value="4"/>
<Cov CovItemId="S57" Value="4"/>
<Cov CovItemId="S58" Value="1"/>
<Cov CovItemId="S59" Value="4"/>
<Cov CovItemId="S6" Value="1"/>
<Cov CovItemId="S60" Value="3"/>
<Cov CovItemId="S61" Value="1"/>
<Cov CovItemId="S62" Value="4"/>
<Cov CovItemId="S63" Value="4"/>
<Cov CovItemId="S64" Value="4"/>
<Cov CovItemId="S65" Value="4"/>
<Cov CovItemId="S66" Value="4"/>
<Cov CovItemId="S67" Value="4"/>
<Cov CovItemId="S68" Value="4"/>
<Cov CovItemId="S7" Value="1"/>
<Cov CovItemId="S73" Value="3"/>
<Cov CovItemId="S75" Value="3"/>
<Cov CovItemId="S77" Value="3"/>
<Cov CovItemId="S78" Value="1"/>
<Cov CovItemId="S79" Value="1"/>
<Cov CovItemId="S8" Value="1"/>
<Cov CovItemId="S80" Value="4"/>
<Cov CovItemId="S81" Value="4"/>
<Cov CovItemId="S83" Value="4"/>
<Cov CovItemId="S84" Value="14"/>
<Cov CovItemId="S85" Value="6"/>
<Cov CovItemId="S86" Value="8"/>
<Cov CovItemId="S87" Value="7"/>
<Cov CovItemId="S88" Value="7"/>
<Cov CovItemId="S89" Value="7"/>
<Cov CovItemId="S9" Value="1"/>
<Cov CovItemId="S90" Value="7"/>
<Cov CovItemId="S91" Value="7"/>
<Cov CovItemId="S92" Value="7"/>
<Cov CovItemId="S99" Value="7"/>
</CovPrefix>
<CovPrefix CovItemPrefix="com.OriginalFiles.Move.java">
<Cov CovItemId="S1" Value="8"/>
<Cov CovItemId="S2" Value="8"/>
<Cov CovItemId="S3" Value="8"/>
<Cov CovItemId="S4" Value="8"/>
<Cov CovItemId="S5" Value="8"/>
<Cov CovItemId="S6" Value="8"/>
<Cov CovItemId="S7" Value="8"/>
</CovPrefix>
<CovPrefix CovItemPrefix="com.OriginalFiles.Piece.java">
<Cov CovItemId="B1" Value="2"/>
<Cov CovItemId="B10" Value="18"/>
<Cov CovItemId="B11" Value="48"/>
<Cov CovItemId="B12" Value="16"/>
<Cov CovItemId="B13" Value="3"/>
<Cov CovItemId="B14" Value="45"/>
<Cov CovItemId="B15" Value="40"/>
<Cov CovItemId="B16" Value="8"/>
<Cov CovItemId="B17" Value="8"/>
<Cov CovItemId="B18" Value="40"/>
<Cov CovItemId="B19" Value="4"/>
<Cov CovItemId="B2" Value="54"/>
<Cov CovItemId="B20" Value="4"/>
<Cov CovItemId="B22" Value="8"/>
<Cov CovItemId="B25" Value="8"/>
<Cov CovItemId="B28" Value="8"/>
<Cov CovItemId="B30" Value="8"/>
<Cov CovItemId="B31" Value="4"/>
<Cov CovItemId="B32" Value="4"/>
<Cov CovItemId="B33" Value="8"/>
<Cov CovItemId="B34" Value="40"/>
<Cov CovItemId="B35" Value="8"/>
<Cov CovItemId="B36" Value="40"/>
<Cov CovItemId="B37" Value="8"/>
<Cov CovItemId="B39" Value="10"/>
<Cov CovItemId="B4" Value="2"/>
<Cov CovItemId="B40" Value="38"/>
<Cov CovItemId="B42" Value="16"/>
<Cov CovItemId="B44" Value="4"/>
<Cov CovItemId="B45" Value="4"/>
<Cov CovItemId="B47" Value="10"/>
<Cov CovItemId="B48" Value="6"/>
<Cov CovItemId="B49" Value="10"/>
<Cov CovItemId="B5" Value="48"/>
<Cov CovItemId="B51" Value="32"/>
<Cov CovItemId="B52" Value="8"/>
<Cov CovItemId="B54" Value="32"/>
<Cov CovItemId="B6" Value="16"/>
<Cov CovItemId="B69" Value="761"/>
<Cov CovItemId="B7" Value="8"/>
<Cov CovItemId="B70" Value="1118"/>
<Cov CovItemId="B71" Value="4"/>
<Cov CovItemId="B72" Value="757"/>
<Cov CovItemId="B9" Value="22"/>
<Cov CovItemId="L1-2" Value="4"/>
<Cov CovItemId="L2-2" Value="27"/>
<Cov CovItemId="L3-1" Value="4"/>
<Cov CovItemId="L3-2" Value="195"/>
<Cov CovItemId="S1" Value="40"/>
<Cov CovItemId="S10" Value="40"/>
<Cov CovItemId="S11" Value="40"/>
<Cov CovItemId="S118" Value="40"/>
<Cov CovItemId="S119" Value="4"/>
<Cov CovItemId="S12" Value="40"/>
<Cov CovItemId="S120" Value="4"/>
<Cov CovItemId="S121" Value="4"/>
<Cov CovItemId="S122" Value="27"/>
<Cov CovItemId="S123" Value="27"/>
<Cov CovItemId="S124" Value="199"/>
<Cov CovItemId="S125" Value="1879"/>
<Cov CovItemId="S126" Value="761"/>
<Cov CovItemId="S127" Value="4"/>
<Cov CovItemId="S128" Value="4"/>
<Cov CovItemId="S129" Value="4"/>
<Cov CovItemId="S13" Value="40"/>
<Cov CovItemId="S14" Value="40"/>
<Cov CovItemId="S15" Value="40"/>
<Cov CovItemId="S16" Value="40"/>
<Cov CovItemId="S17" Value="40"/>
<Cov CovItemId="S18" Value="40"/>
<Cov CovItemId="S19" Value="40"/>
<Cov CovItemId="S2" Value="40"/>
<Cov CovItemId="S20" Value="40"/>
<Cov CovItemId="S21" Value="40"/>
<Cov CovItemId="S22" Value="28"/>
<Cov CovItemId="S23" Value="212"/>
<Cov CovItemId="S24" Value="56"/>
<Cov CovItemId="S25" Value="56"/>
<Cov CovItemId="S26" Value="56"/>
<Cov CovItemId="S27" Value="2"/>
<Cov CovItemId="S29" Value="2"/>
<Cov CovItemId="S3" Value="40"/>
<Cov CovItemId="S30" Value="54"/>
<Cov CovItemId="S31" Value="56"/>
<Cov CovItemId="S32" Value="64"/>
<Cov CovItemId="S33" Value="48"/>
<Cov CovItemId="S34" Value="16"/>
<Cov CovItemId="S35" Value="16"/>
<Cov CovItemId="S36" Value="8"/>
<Cov CovItemId="S37" Value="8"/>
<Cov CovItemId="S38" Value="8"/>
<Cov CovItemId="S39" Value="40"/>
<Cov CovItemId="S4" Value="40"/>
<Cov CovItemId="S40" Value="22"/>
<Cov CovItemId="S41" Value="18"/>
<Cov CovItemId="S42" Value="56"/>
<Cov CovItemId="S43" Value="64"/>
<Cov CovItemId="S44" Value="48"/>
<Cov CovItemId="S45" Value="48"/>
<Cov CovItemId="S46" Value="48"/>
<Cov CovItemId="S47" Value="3"/>
<Cov CovItemId="S48" Value="48"/>
<Cov CovItemId="S49" Value="40"/>
<Cov CovItemId="S5" Value="40"/>
<Cov CovItemId="S50" Value="48"/>
<Cov CovItemId="S51" Value="8"/>
<Cov CovItemId="S52" Value="4"/>
<Cov CovItemId="S53" Value="4"/>
<Cov CovItemId="S54" Value="8"/>
<Cov CovItemId="S58" Value="8"/>
<Cov CovItemId="S59" Value="8"/>
<Cov CovItemId="S6" Value="40"/>
<Cov CovItemId="S61" Value="8"/>
<Cov CovItemId="S63" Value="8"/>
<Cov CovItemId="S64" Value="4"/>
<Cov CovItemId="S65" Value="48"/>
<Cov CovItemId="S66" Value="8"/>
<Cov CovItemId="S67" Value="48"/>
<Cov CovItemId="S68" Value="8"/>
<Cov CovItemId="S69" Value="8"/>
<Cov CovItemId="S7" Value="40"/>
<Cov CovItemId="S70" Value="8"/>
<Cov CovItemId="S71" Value="48"/>
<Cov CovItemId="S72" Value="10"/>
<Cov CovItemId="S73" Value="48"/>
<Cov CovItemId="S74" Value="16"/>
<Cov CovItemId="S76" Value="16"/>
<Cov CovItemId="S77" Value="4"/>
<Cov CovItemId="S78" Value="4"/>
<Cov CovItemId="S79" Value="4"/>
<Cov CovItemId="S8" Value="40"/>
<Cov CovItemId="S81" Value="4"/>
<Cov CovItemId="S82" Value="4"/>
<Cov CovItemId="S83" Value="4"/>
<Cov CovItemId="S84" Value="4"/>
<Cov CovItemId="S85" Value="4"/>
<Cov CovItemId="S86" Value="4"/>
<Cov CovItemId="S87" Value="16"/>
<Cov CovItemId="S88" Value="10"/>
<Cov CovItemId="S89" Value="10"/>
<Cov CovItemId="S9" Value="40"/>
<Cov CovItemId="S90" Value="10"/>
<Cov CovItemId="S91" Value="10"/>
<Cov CovItemId="S92" Value="10"/>
<Cov CovItemId="S93" Value="10"/>
<Cov CovItemId="S94" Value="10"/>
<Cov CovItemId="S95" Value="10"/>
<Cov CovItemId="S96" Value="6"/>
<Cov CovItemId="S97" Value="40"/>
<Cov CovItemId="S98" Value="40"/>
<Cov CovItemId="S99" Value="32"/>
</CovPrefix>
<CovPrefix CovItemPrefix="com.OriginalFiles.RemoteNXTFunctions.java">
<Cov CovItemId="B5" Value="1"/>
<Cov CovItemId="B7" Value="1"/>
<Cov CovItemId="S1" Value="1"/>
<Cov CovItemId="S162" Value="1"/>
<Cov CovItemId="S19" Value="1"/>
<Cov CovItemId="S2" Value="1"/>
<Cov CovItemId="S20" Value="1"/>
<Cov CovItemId="S21" Value="1"/>
<Cov CovItemId="S22" Value="1"/>
<Cov CovItemId="S3" Value="1"/>
</CovPrefix>
</CovList>
<AssgnmntList>
<AssgnmntPrefix RootTermCovItemPrefix="com.OriginalFiles.Analyze.java">
<AssgnmntListEntry Length="1" RootTermCovItemId="C49">
<MapEntry BoolAssgnmnt="0" Value="8"/>
<MapEntry BoolAssgnmnt="1" Value="6"/>
</AssgnmntListEntry>
<AssgnmntListEntry Length="1" RootTermCovItemId="C50">
<MapEntry BoolAssgnmnt="0" Value="4"/>
<MapEntry BoolAssgnmnt="1" Value="2"/>
</AssgnmntListEntry>
<AssgnmntListEntry Length="1" RootTermCovItemId="C51">
<MapEntry BoolAssgnmnt="1" Value="2"/>
</AssgnmntListEntry>
<AssgnmntListEntry Length="1" RootTermCovItemId="C52">
<MapEntry BoolAssgnmnt="1" Value="4"/>
</AssgnmntListEntry>
<AssgnmntListEntry Length="1" RootTermCovItemId="C64">
<MapEntry BoolAssgnmnt="1" Value="1"/>
</AssgnmntListEntry>
<AssgnmntListEntry Length="6" RootTermCovItemId="C66">
<MapEntry BoolAssgnmnt="111111" Value="1"/>
</AssgnmntListEntry>
<AssgnmntListEntry Length="1" RootTermCovItemId="C70">
<MapEntry BoolAssgnmnt="0" Value="20"/>
<MapEntry BoolAssgnmnt="1" Value="620"/>
</AssgnmntListEntry>
<AssgnmntListEntry Length="1" RootTermCovItemId="C71">
<MapEntry BoolAssgnmnt="0" Value="10"/>
<MapEntry BoolAssgnmnt="1" Value="10"/>
</AssgnmntListEntry>
<AssgnmntListEntry Length="1" RootTermCovItemId="C72">
<MapEntry BoolAssgnmnt="1" Value="10"/>
</AssgnmntListEntry>
<AssgnmntListEntry Length="1" RootTermCovItemId="C73">
<MapEntry BoolAssgnmnt="0" Value="10"/>
<MapEntry BoolAssgnmnt="1" Value="10"/>
</AssgnmntListEntry>
<AssgnmntListEntry Length="1" RootTermCovItemId="C74">
<MapEntry BoolAssgnmnt="1" Value="10"/>
</AssgnmntListEntry>
<AssgnmntListEntry Length="3" RootTermCovItemId="C75">
<MapEntry BoolAssgnmnt="012" Value="3"/>
<MapEntry BoolAssgnmnt="001" Value="7"/>
</AssgnmntListEntry>
<AssgnmntListEntry Length="3" RootTermCovItemId="C76">
<MapEntry BoolAssgnmnt="011" Value="3"/>
<MapEntry BoolAssgnmnt="002" Value="7"/>
</AssgnmntListEntry>
<AssgnmntListEntry Length="2" RootTermCovItemId="C77">
<MapEntry BoolAssgnmnt="11" Value="10"/>
</AssgnmntListEntry>
<AssgnmntListEntry Length="2" RootTermCovItemId="C78">
<MapEntry BoolAssgnmnt="10" Value="2"/>
<MapEntry BoolAssgnmnt="11" Value="8"/>
</AssgnmntListEntry>
<AssgnmntListEntry Length="2" RootTermCovItemId="C79">
<MapEntry BoolAssgnmnt="01" Value="2"/>
<MapEntry BoolAssgnmnt="00" Value="2"/>
<MapEntry BoolAssgnmnt="12" Value="4"/>
</AssgnmntListEntry>
<AssgnmntListEntry Length="2" RootTermCovItemId="C80">
<MapEntry BoolAssgnmnt="02" Value="6"/>
</AssgnmntListEntry>
<AssgnmntListEntry Length="2" RootTermCovItemId="C81">
<MapEntry BoolAssgnmnt="00" Value="6"/>
</AssgnmntListEntry>
<AssgnmntListEntry Length="1" RootTermCovItemId="C82">
<MapEntry BoolAssgnmnt="1" Value="4"/>
</AssgnmntListEntry>
<AssgnmntListEntry Length="1" RootTermCovItemId="C83">
<MapEntry BoolAssgnmnt="0" Value="3"/>
<MapEntry BoolAssgnmnt="1" Value="1"/>
</AssgnmntListEntry>
<AssgnmntListEntry Length="1" RootTermCovItemId="C84">
<MapEntry BoolAssgnmnt="0" Value="4"/>
<MapEntry BoolAssgnmnt="1" Value="16"/>
</AssgnmntListEntry>
<AssgnmntListEntry Length="1" RootTermCovItemId="C85">
<MapEntry BoolAssgnmnt="0" Value="16"/>
<MapEntry BoolAssgnmnt="1" Value="128"/>
</AssgnmntListEntry>
<AssgnmntListEntry Length="1" RootTermCovItemId="C86">
<MapEntry BoolAssgnmnt="0" Value="3"/>
<MapEntry BoolAssgnmnt="1" Value="125"/>
</AssgnmntListEntry>
<AssgnmntListEntry Length="1" RootTermCovItemId="C87">
<MapEntry BoolAssgnmnt="0" Value="1"/>
<MapEntry BoolAssgnmnt="1" Value="3"/>
</AssgnmntListEntry>
<AssgnmntListEntry Length="8" RootTermCovItemId="C90">
<MapEntry BoolAssgnmnt="02020202" Value="12"/>
<MapEntry BoolAssgnmnt="02020211" Value="6"/>
<MapEntry BoolAssgnmnt="02112222" Value="6"/>
</AssgnmntListEntry>
</AssgnmntPrefix>
<AssgnmntPrefix RootTermCovItemPrefix="com.OriginalFiles.Board.java">
<AssgnmntListEntry Length="1" RootTermCovItemId="C1">
<MapEntry BoolAssgnmnt="0" Value="1"/>
<MapEntry BoolAssgnmnt="1" Value="8"/>
</AssgnmntListEntry>
<AssgnmntListEntry Length="1" RootTermCovItemId="C10">
<MapEntry BoolAssgnmnt="0" Value="1"/>
<MapEntry BoolAssgnmnt="1" Value="3"/>
</AssgnmntListEntry>
<AssgnmntListEntry Length="1" RootTermCovItemId="C11">
<MapEntry BoolAssgnmnt="0" Value="3"/>
<MapEntry BoolAssgnmnt="1" Value="24"/>
</AssgnmntListEntry>
<AssgnmntListEntry Length="1" RootTermCovItemId="C12">
<MapEntry BoolAssgnmnt="0" Value="1"/>
<MapEntry BoolAssgnmnt="1" Value="2"/>
</AssgnmntListEntry>
<AssgnmntListEntry Length="1" RootTermCovItemId="C13">
<MapEntry BoolAssgnmnt="0" Value="2"/>
<MapEntry BoolAssgnmnt="1" Value="16"/>
</AssgnmntListEntry>
<AssgnmntListEntry Length="1" RootTermCovItemId="C2">
<MapEntry BoolAssgnmnt="0" Value="8"/>
<MapEntry BoolAssgnmnt="1" Value="64"/>
</AssgnmntListEntry>
<AssgnmntListEntry Length="1" RootTermCovItemId="C26">
<MapEntry BoolAssgnmnt="0" Value="14"/>
</AssgnmntListEntry>
<AssgnmntListEntry Length="1" RootTermCovItemId="C27">
<MapEntry BoolAssgnmnt="0" Value="6"/>
<MapEntry BoolAssgnmnt="1" Value="8"/>
</AssgnmntListEntry>
<AssgnmntListEntry Length="2" RootTermCovItemId="C28">
<MapEntry BoolAssgnmnt="10" Value="6"/>
<MapEntry BoolAssgnmnt="02" Value="7"/>
<MapEntry BoolAssgnmnt="11" Value="1"/>
</AssgnmntListEntry>
<AssgnmntListEntry Length="1" RootTermCovItemId="C29">
<MapEntry BoolAssgnmnt="1" Value="14"/>
</AssgnmntListEntry>
<AssgnmntListEntry Length="1" RootTermCovItemId="C3">
<MapEntry BoolAssgnmnt="0" Value="32"/>
<MapEntry BoolAssgnmnt="1" Value="32"/>
</AssgnmntListEntry>
<AssgnmntListEntry Length="1" RootTermCovItemId="C31">
<MapEntry BoolAssgnmnt="0" Value="44"/>
<MapEntry BoolAssgnmnt="1" Value="66"/>
</AssgnmntListEntry>
<AssgnmntListEntry Length="1" RootTermCovItemId="C32">
<MapEntry BoolAssgnmnt="0" Value="28"/>
</AssgnmntListEntry>
<AssgnmntListEntry Length="1" RootTermCovItemId="C33">
<MapEntry BoolAssgnmnt="0" Value="10"/>
<MapEntry BoolAssgnmnt="1" Value="22"/>
</AssgnmntListEntry>
<AssgnmntListEntry Length="1" RootTermCovItemId="C34">
<MapEntry BoolAssgnmnt="0" Value="10"/>
<MapEntry BoolAssgnmnt="1" Value="22"/>
</AssgnmntListEntry>
<AssgnmntListEntry Length="1" RootTermCovItemId="C35">
<MapEntry BoolAssgnmnt="0" Value="9"/>
<MapEntry BoolAssgnmnt="1" Value="23"/>
</AssgnmntListEntry>
<AssgnmntListEntry Length="1" RootTermCovItemId="C36">
<MapEntry BoolAssgnmnt="0" Value="23"/>
</AssgnmntListEntry>
<AssgnmntListEntry Length="1" RootTermCovItemId="C37">
<MapEntry BoolAssgnmnt="0" Value="23"/>
</AssgnmntListEntry>
<AssgnmntListEntry Length="5" RootTermCovItemId="C38">
<MapEntry BoolAssgnmnt="02002" Value="28"/>
<MapEntry BoolAssgnmnt="10122" Value="28"/>
<MapEntry BoolAssgnmnt="11221" Value="26"/>
<MapEntry BoolAssgnmnt="11220" Value="2"/>
<MapEntry BoolAssgnmnt="02010" Value="10"/>
<MapEntry BoolAssgnmnt="02011" Value="18"/>
</AssgnmntListEntry>
<AssgnmntListEntry Length="1" RootTermCovItemId="C39">
<MapEntry BoolAssgnmnt="0" Value="66"/>
<MapEntry BoolAssgnmnt="1" Value="34"/>
</AssgnmntListEntry>
<AssgnmntListEntry Length="1" RootTermCovItemId="C4">
<MapEntry BoolAssgnmnt="0" Value="20"/>
<MapEntry BoolAssgnmnt="1" Value="12"/>
</AssgnmntListEntry>
<AssgnmntListEntry Length="1" RootTermCovItemId="C40">
<MapEntry BoolAssgnmnt="0" Value="34"/>
</AssgnmntListEntry>
<AssgnmntListEntry Length="2" RootTermCovItemId="C41">
<MapEntry BoolAssgnmnt="02" Value="34"/>
</AssgnmntListEntry>
<AssgnmntListEntry Length="1" RootTermCovItemId="C42">
<MapEntry BoolAssgnmnt="0" Value="448"/>
<MapEntry BoolAssgnmnt="1" Value="448"/>
</AssgnmntListEntry>
<AssgnmntListEntry Length="1" RootTermCovItemId="C43">
<MapEntry BoolAssgnmnt="0" Value="420"/>
<MapEntry BoolAssgnmnt="1" Value="28"/>
</AssgnmntListEntry>
<AssgnmntListEntry Length="1" RootTermCovItemId="C44">
<MapEntry BoolAssgnmnt="0" Value="14"/>
<MapEntry BoolAssgnmnt="1" Value="14"/>
</AssgnmntListEntry>
<AssgnmntListEntry Length="1" RootTermCovItemId="C45">
<MapEntry BoolAssgnmnt="1" Value="1"/>
</AssgnmntListEntry>
<AssgnmntListEntry Length="1" RootTermCovItemId="C5">
<MapEntry BoolAssgnmnt="0" Value="8"/>
<MapEntry BoolAssgnmnt="1" Value="4"/>
</AssgnmntListEntry>
<AssgnmntListEntry Length="1" RootTermCovItemId="C53">
<MapEntry BoolAssgnmnt="1" Value="957"/>
</AssgnmntListEntry>
<AssgnmntListEntry Length="1" RootTermCovItemId="C54">
<MapEntry BoolAssgnmnt="0" Value="167"/>
<MapEntry BoolAssgnmnt="1" Value="790"/>
</AssgnmntListEntry>
<AssgnmntListEntry Length="3" RootTermCovItemId="C55">
<MapEntry BoolAssgnmnt="011" Value="854"/>
<MapEntry BoolAssgnmnt="010" Value="26"/>
<MapEntry BoolAssgnmnt="002" Value="146"/>
<MapEntry BoolAssgnmnt="120" Value="51"/>
<MapEntry BoolAssgnmnt="121" Value="38"/>
</AssgnmntListEntry>
<AssgnmntListEntry Length="3" RootTermCovItemId="C56">
<MapEntry BoolAssgnmnt="011" Value="16"/>
<MapEntry BoolAssgnmnt="010" Value="18"/>
<MapEntry BoolAssgnmnt="002" Value="892"/>
<MapEntry BoolAssgnmnt="120" Value="58"/>
<MapEntry BoolAssgnmnt="121" Value="54"/>
</AssgnmntListEntry>
<AssgnmntListEntry Length="1" RootTermCovItemId="C6">
<MapEntry BoolAssgnmnt="0" Value="20"/>
<MapEntry BoolAssgnmnt="1" Value="12"/>
</AssgnmntListEntry>
<AssgnmntListEntry Length="1" RootTermCovItemId="C7">
<MapEntry BoolAssgnmnt="0" Value="8"/>
<MapEntry BoolAssgnmnt="1" Value="4"/>
</AssgnmntListEntry>
<AssgnmntListEntry Length="1" RootTermCovItemId="C8">
<MapEntry BoolAssgnmnt="0" Value="1"/>
<MapEntry BoolAssgnmnt="1" Value="8"/>
</AssgnmntListEntry>
<AssgnmntListEntry Length="1" RootTermCovItemId="C9">
<MapEntry BoolAssgnmnt="0" Value="1"/>
<MapEntry BoolAssgnmnt="1" Value="8"/>
</AssgnmntListEntry>
</AssgnmntPrefix>
<AssgnmntPrefix RootTermCovItemPrefix="com.OriginalFiles.Field.java">
<AssgnmntListEntry Length="1" RootTermCovItemId="C1">
<MapEntry BoolAssgnmnt="0" Value="56"/>
<MapEntry BoolAssgnmnt="1" Value="8"/>
</AssgnmntListEntry>
</AssgnmntPrefix>
<AssgnmntPrefix RootTermCovItemPrefix="com.OriginalFiles.MI.java">
<AssgnmntListEntry Length="1" RootTermCovItemId="C1">
<MapEntry BoolAssgnmnt="1" Value="1"/>
</AssgnmntListEntry>
<AssgnmntListEntry Length="1" RootTermCovItemId="C10">
<MapEntry BoolAssgnmnt="0" Value="3"/>
<MapEntry BoolAssgnmnt="1" Value="1"/>
</AssgnmntListEntry>
<AssgnmntListEntry Length="1" RootTermCovItemId="C11">
<MapEntry BoolAssgnmnt="0" Value="4"/>
<MapEntry BoolAssgnmnt="1" Value="4"/>
</AssgnmntListEntry>
<AssgnmntListEntry Length="1" RootTermCovItemId="C12">
<MapEntry BoolAssgnmnt="0" Value="4"/>
<MapEntry BoolAssgnmnt="1" Value="4"/>
</AssgnmntListEntry>
<AssgnmntListEntry Length="1" RootTermCovItemId="C13">
<MapEntry BoolAssgnmnt="0" Value="3"/>
</AssgnmntListEntry>
<AssgnmntListEntry Length="1" RootTermCovItemId="C14">
<MapEntry BoolAssgnmnt="0" Value="3"/>
</AssgnmntListEntry>
<AssgnmntListEntry Length="1" RootTermCovItemId="C15">
<MapEntry BoolAssgnmnt="0" Value="4"/>
</AssgnmntListEntry>
<AssgnmntListEntry Length="1" RootTermCovItemId="C16">
<MapEntry BoolAssgnmnt="0" Value="8"/>
<MapEntry BoolAssgnmnt="1" Value="6"/>
</AssgnmntListEntry>
<AssgnmntListEntry Length="1" RootTermCovItemId="C17">
<MapEntry BoolAssgnmnt="1" Value="7"/>
</AssgnmntListEntry>
<AssgnmntListEntry Length="1" RootTermCovItemId="C18">
<MapEntry BoolAssgnmnt="0" Value="7"/>
<MapEntry BoolAssgnmnt="1" Value="7"/>
</AssgnmntListEntry>
<AssgnmntListEntry Length="1" RootTermCovItemId="C19">
<MapEntry BoolAssgnmnt="0" Value="7"/>
</AssgnmntListEntry>
<AssgnmntListEntry Length="1" RootTermCovItemId="C2">
<MapEntry BoolAssgnmnt="0" Value="26"/>
<MapEntry BoolAssgnmnt="1" Value="102"/>
</AssgnmntListEntry>
<AssgnmntListEntry Length="1" RootTermCovItemId="C21">
<MapEntry BoolAssgnmnt="1" Value="7"/>
</AssgnmntListEntry>
<AssgnmntListEntry Length="1" RootTermCovItemId="C22">
<MapEntry BoolAssgnmnt="0" Value="7"/>
<MapEntry BoolAssgnmnt="1" Value="7"/>
</AssgnmntListEntry>
<AssgnmntListEntry Length="1" RootTermCovItemId="C23">
<MapEntry BoolAssgnmnt="0" Value="7"/>
</AssgnmntListEntry>
<AssgnmntListEntry Length="2" RootTermCovItemId="C24">
<MapEntry BoolAssgnmnt="10" Value="6"/>
<MapEntry BoolAssgnmnt="11" Value="1"/>
</AssgnmntListEntry>
<AssgnmntListEntry Length="1" RootTermCovItemId="C25">
<MapEntry BoolAssgnmnt="0" Value="2"/>
<MapEntry BoolAssgnmnt="1" Value="4"/>
</AssgnmntListEntry>
<AssgnmntListEntry Length="1" RootTermCovItemId="C26">
<MapEntry BoolAssgnmnt="1" Value="2"/>
</AssgnmntListEntry>
<AssgnmntListEntry Length="1" RootTermCovItemId="C27">
<MapEntry BoolAssgnmnt="0" Value="7"/>
</AssgnmntListEntry>
<AssgnmntListEntry Length="1" RootTermCovItemId="C29">
<MapEntry BoolAssgnmnt="0" Value="8"/>
<MapEntry BoolAssgnmnt="1" Value="248"/>
</AssgnmntListEntry>
<AssgnmntListEntry Length="1" RootTermCovItemId="C3">
<MapEntry BoolAssgnmnt="0" Value="13"/>
<MapEntry BoolAssgnmnt="1" Value="13"/>
</AssgnmntListEntry>
<AssgnmntListEntry Length="2" RootTermCovItemId="C30">
<MapEntry BoolAssgnmnt="10" Value="4"/>
<MapEntry BoolAssgnmnt="11" Value="4"/>
</AssgnmntListEntry>
<AssgnmntListEntry Length="1" RootTermCovItemId="C31">
<MapEntry BoolAssgnmnt="0" Value="4"/>
</AssgnmntListEntry>
<AssgnmntListEntry Length="1" RootTermCovItemId="C33">
<MapEntry BoolAssgnmnt="0" Value="4"/>
</AssgnmntListEntry>
<AssgnmntListEntry Length="1" RootTermCovItemId="C34">
<MapEntry BoolAssgnmnt="0" Value="4"/>
</AssgnmntListEntry>
<AssgnmntListEntry Length="1" RootTermCovItemId="C4">
<MapEntry BoolAssgnmnt="0" Value="1"/>
</AssgnmntListEntry>
<AssgnmntListEntry Length="1" RootTermCovItemId="C5">
<MapEntry BoolAssgnmnt="1" Value="2"/>
</AssgnmntListEntry>
<AssgnmntListEntry Length="2" RootTermCovItemId="C7">
<MapEntry BoolAssgnmnt="01" Value="3"/>
<MapEntry BoolAssgnmnt="00" Value="3"/>
<MapEntry BoolAssgnmnt="12" Value="1"/>
</AssgnmntListEntry>
<AssgnmntListEntry Length="1" RootTermCovItemId="C8">
<MapEntry BoolAssgnmnt="0" Value="4"/>
<MapEntry BoolAssgnmnt="1" Value="1"/>
</AssgnmntListEntry>
<AssgnmntListEntry Length="1" RootTermCovItemId="C9">
<MapEntry BoolAssgnmnt="0" Value="3"/>
<MapEntry BoolAssgnmnt="1" Value="1"/>
</AssgnmntListEntry>
</AssgnmntPrefix>
<AssgnmntPrefix RootTermCovItemPrefix="com.OriginalFiles.Piece.java">
<AssgnmntListEntry Length="2" RootTermCovItemId="C1">
<MapEntry BoolAssgnmnt="10" Value="38"/>
<MapEntry BoolAssgnmnt="02" Value="16"/>
<MapEntry BoolAssgnmnt="11" Value="2"/>
</AssgnmntListEntry>
<AssgnmntListEntry Length="1" RootTermCovItemId="C10">
<MapEntry BoolAssgnmnt="0" Value="4"/>
<MapEntry BoolAssgnmnt="1" Value="4"/>
</AssgnmntListEntry>
<AssgnmntListEntry Length="1" RootTermCovItemId="C11">
<MapEntry BoolAssgnmnt="1" Value="8"/>
</AssgnmntListEntry>
<AssgnmntListEntry Length="1" RootTermCovItemId="C13">
<MapEntry BoolAssgnmnt="1" Value="8"/>
</AssgnmntListEntry>
<AssgnmntListEntry Length="1" RootTermCovItemId="C14">
<MapEntry BoolAssgnmnt="0" Value="8"/>
</AssgnmntListEntry>
<AssgnmntListEntry Length="2" RootTermCovItemId="C15">
<MapEntry BoolAssgnmnt="02" Value="8"/>
</AssgnmntListEntry>
<AssgnmntListEntry Length="2" RootTermCovItemId="C16">
<MapEntry BoolAssgnmnt="02" Value="4"/>
<MapEntry BoolAssgnmnt="11" Value="4"/>
</AssgnmntListEntry>
<AssgnmntListEntry Length="5" RootTermCovItemId="C17">
<MapEntry BoolAssgnmnt="00210" Value="14"/>
<MapEntry BoolAssgnmnt="00211" Value="3"/>
<MapEntry BoolAssgnmnt="01002" Value="16"/>
<MapEntry BoolAssgnmnt="12222" Value="10"/>
<MapEntry BoolAssgnmnt="01122" Value="5"/>
</AssgnmntListEntry>
<AssgnmntListEntry Length="5" RootTermCovItemId="C18">
<MapEntry BoolAssgnmnt="00210" Value="13"/>
<MapEntry BoolAssgnmnt="00211" Value="4"/>
<MapEntry BoolAssgnmnt="01002" Value="17"/>
<MapEntry BoolAssgnmnt="12222" Value="10"/>
<MapEntry BoolAssgnmnt="01122" Value="4"/>
</AssgnmntListEntry>
<AssgnmntListEntry Length="1" RootTermCovItemId="C19">
<MapEntry BoolAssgnmnt="1" Value="8"/>
</AssgnmntListEntry>
<AssgnmntListEntry Length="2" RootTermCovItemId="C2">
<MapEntry BoolAssgnmnt="02" Value="2"/>
</AssgnmntListEntry>
<AssgnmntListEntry Length="1" RootTermCovItemId="C20">
<MapEntry BoolAssgnmnt="0" Value="38"/>
<MapEntry BoolAssgnmnt="1" Value="10"/>
</AssgnmntListEntry>
<AssgnmntListEntry Length="16" RootTermCovItemId="C21">
<MapEntry BoolAssgnmnt="0202100202020202" Value="4"/>
<MapEntry BoolAssgnmnt="1002020202020202" Value="4"/>
<MapEntry BoolAssgnmnt="0202020202100202" Value="6"/>
<MapEntry BoolAssgnmnt="0202020202021002" Value="2"/>
</AssgnmntListEntry>
<AssgnmntListEntry Length="1" RootTermCovItemId="C22">
<MapEntry BoolAssgnmnt="0" Value="4"/>
</AssgnmntListEntry>
<AssgnmntListEntry Length="1" RootTermCovItemId="C23">
<MapEntry BoolAssgnmnt="1" Value="4"/>
</AssgnmntListEntry>
<AssgnmntListEntry Length="1" RootTermCovItemId="C24">
<MapEntry BoolAssgnmnt="0" Value="6"/>
<MapEntry BoolAssgnmnt="1" Value="10"/>
</AssgnmntListEntry>
<AssgnmntListEntry Length="1" RootTermCovItemId="C25">
<MapEntry BoolAssgnmnt="1" Value="10"/>
</AssgnmntListEntry>
<AssgnmntListEntry Length="1" RootTermCovItemId="C26">
<MapEntry BoolAssgnmnt="0" Value="8"/>
<MapEntry BoolAssgnmnt="1" Value="32"/>
</AssgnmntListEntry>
<AssgnmntListEntry Length="1" RootTermCovItemId="C27">
<MapEntry BoolAssgnmnt="0" Value="32"/>
</AssgnmntListEntry>
<AssgnmntListEntry Length="1" RootTermCovItemId="C3">
<MapEntry BoolAssgnmnt="0" Value="16"/>
<MapEntry BoolAssgnmnt="1" Value="48"/>
</AssgnmntListEntry>
<AssgnmntListEntry Length="2" RootTermCovItemId="C35">
<MapEntry BoolAssgnmnt="01" Value="27"/>
<MapEntry BoolAssgnmnt="12" Value="4"/>
</AssgnmntListEntry>
<AssgnmntListEntry Length="1" RootTermCovItemId="C36">
<MapEntry BoolAssgnmnt="0" Value="23"/>
<MapEntry BoolAssgnmnt="1" Value="199"/>
</AssgnmntListEntry>
<AssgnmntListEntry Length="1" RootTermCovItemId="C37">
<MapEntry BoolAssgnmnt="0" Value="195"/>
<MapEntry BoolAssgnmnt="1" Value="1879"/>
</AssgnmntListEntry>
<AssgnmntListEntry Length="1" RootTermCovItemId="C38">
<MapEntry BoolAssgnmnt="0" Value="1118"/>
<MapEntry BoolAssgnmnt="1" Value="761"/>
</AssgnmntListEntry>
<AssgnmntListEntry Length="1" RootTermCovItemId="C39">
<MapEntry BoolAssgnmnt="0" Value="757"/>
<MapEntry BoolAssgnmnt="1" Value="4"/>
</AssgnmntListEntry>
<AssgnmntListEntry Length="2" RootTermCovItemId="C4">
<MapEntry BoolAssgnmnt="01" Value="1"/>
<MapEntry BoolAssgnmnt="12" Value="7"/>
</AssgnmntListEntry>
<AssgnmntListEntry Length="1" RootTermCovItemId="C5">
<MapEntry BoolAssgnmnt="0" Value="18"/>
<MapEntry BoolAssgnmnt="1" Value="22"/>
</AssgnmntListEntry>
<AssgnmntListEntry Length="1" RootTermCovItemId="C6">
<MapEntry BoolAssgnmnt="0" Value="16"/>
<MapEntry BoolAssgnmnt="1" Value="48"/>
</AssgnmntListEntry>
<AssgnmntListEntry Length="1" RootTermCovItemId="C7">
<MapEntry BoolAssgnmnt="0" Value="45"/>
<MapEntry BoolAssgnmnt="1" Value="3"/>
</AssgnmntListEntry>
<AssgnmntListEntry Length="1" RootTermCovItemId="C8">
<MapEntry BoolAssgnmnt="0" Value="8"/>
<MapEntry BoolAssgnmnt="1" Value="40"/>
</AssgnmntListEntry>
<AssgnmntListEntry Length="1" RootTermCovItemId="C9">
<MapEntry BoolAssgnmnt="0" Value="40"/>
<MapEntry BoolAssgnmnt="1" Value="8"/>
</AssgnmntListEntry>
</AssgnmntPrefix>
<AssgnmntPrefix RootTermCovItemPrefix="com.OriginalFiles.RemoteNXTFunctions.java">
<AssgnmntListEntry Length="1" RootTermCovItemId="C5">
<MapEntry BoolAssgnmnt="1" Value="1"/>
</AssgnmntListEntry>
<AssgnmntListEntry Length="2" RootTermCovItemId="C6">
<MapEntry BoolAssgnmnt="11" Value="1"/>
</AssgnmntListEntry>
</AssgnmntPrefix>
</AssgnmntList>
<ObjMetaDataList/>
<MetaDataList/>
</TestCase>
<TestCase Comment="" Date="1386064083412" Name="com.Testing.MiTest:testLookForBestMoveLoseGame">
<CovList>
<CovPrefix CovItemPrefix="com.OriginalFiles.Analyze.java">
<Cov CovItemId="B103" Value="1"/>
<Cov CovItemId="B107" Value="1"/>
<Cov CovItemId="B120" Value="8"/>
<Cov CovItemId="B121" Value="376"/>
<Cov CovItemId="B122" Value="6"/>
<Cov CovItemId="B123" Value="2"/>
<Cov CovItemId="B124" Value="6"/>
<Cov CovItemId="B126" Value="2"/>
<Cov CovItemId="B127" Value="6"/>
<Cov CovItemId="B128" Value="2"/>
<Cov CovItemId="B130" Value="4"/>
<Cov CovItemId="B131" Value="2"/>
<Cov CovItemId="B133" Value="2"/>
<Cov CovItemId="B134" Value="2"/>
<Cov CovItemId="B137" Value="2"/>
<Cov CovItemId="B145" Value="2"/>
<Cov CovItemId="B153" Value="2"/>
<Cov CovItemId="B155" Value="2"/>
<Cov CovItemId="B66" Value="4"/>
<Cov CovItemId="B67" Value="1"/>
<Cov CovItemId="B68" Value="3"/>
<Cov CovItemId="B69" Value="1"/>
<Cov CovItemId="B70" Value="3"/>
<Cov CovItemId="B72" Value="4"/>
<Cov CovItemId="B73" Value="2"/>
<Cov CovItemId="B74" Value="2"/>
<Cov CovItemId="B84" Value="8"/>
<Cov CovItemId="L16-2" Value="6"/>
<Cov CovItemId="L17-2" Value="48"/>
<Cov CovItemId="L5-1" Value="4"/>
<Cov CovItemId="S1" Value="1"/>
<Cov CovItemId="S100" Value="4"/>
<Cov CovItemId="S101" Value="4"/>
<Cov CovItemId="S102" Value="4"/>
<Cov CovItemId="S104" Value="4"/>
<Cov CovItemId="S105" Value="4"/>
<Cov CovItemId="S106" Value="1"/>
<Cov CovItemId="S107" Value="4"/>
<Cov CovItemId="S108" Value="4"/>
<Cov CovItemId="S109" Value="1"/>
<Cov CovItemId="S110" Value="4"/>
<Cov CovItemId="S111" Value="4"/>
<Cov CovItemId="S113" Value="4"/>
<Cov CovItemId="S114" Value="2"/>
<Cov CovItemId="S115" Value="4"/>
<Cov CovItemId="S116" Value="4"/>
<Cov CovItemId="S117" Value="4"/>
<Cov CovItemId="S149" Value="8"/>
<Cov CovItemId="S191" Value="1"/>
<Cov CovItemId="S192" Value="1"/>
<Cov CovItemId="S193" Value="1"/>
<Cov CovItemId="S199" Value="1"/>
<Cov CovItemId="S2" Value="1"/>
<Cov CovItemId="S200" Value="1"/>
<Cov CovItemId="S201" Value="1"/>
<Cov CovItemId="S202" Value="1"/>
<Cov CovItemId="S203" Value="1"/>
<Cov CovItemId="S204" Value="1"/>
<Cov CovItemId="S221" Value="6"/>
<Cov CovItemId="S222" Value="6"/>
<Cov CovItemId="S223" Value="6"/>
<Cov CovItemId="S224" Value="6"/>
<Cov CovItemId="S225" Value="6"/>
<Cov CovItemId="S226" Value="6"/>
<Cov CovItemId="S227" Value="48"/>
<Cov CovItemId="S228" Value="384"/>
<Cov CovItemId="S229" Value="8"/>
<Cov CovItemId="S230" Value="6"/>
<Cov CovItemId="S231" Value="6"/>
<Cov CovItemId="S232" Value="6"/>
<Cov CovItemId="S233" Value="8"/>
<Cov CovItemId="S234" Value="2"/>
<Cov CovItemId="S235" Value="2"/>
<Cov CovItemId="S236" Value="2"/>
<Cov CovItemId="S237" Value="6"/>
<Cov CovItemId="S238" Value="4"/>
<Cov CovItemId="S239" Value="2"/>
<Cov CovItemId="S241" Value="2"/>
<Cov CovItemId="S242" Value="2"/>
<Cov CovItemId="S250" Value="2"/>
<Cov CovItemId="S251" Value="2"/>
<Cov CovItemId="S252" Value="2"/>
<Cov CovItemId="S262" Value="2"/>
<Cov CovItemId="S264" Value="2"/>
<Cov CovItemId="S266" Value="2"/>
<Cov CovItemId="S3" Value="1"/>
<Cov CovItemId="S4" Value="1"/>
<Cov CovItemId="S5" Value="1"/>
<Cov CovItemId="S99" Value="4"/>
</CovPrefix>
<CovPrefix CovItemPrefix="com.OriginalFiles.Board.java">
<Cov CovItemId="B1" Value="32"/>
<Cov CovItemId="B10" Value="8"/>
<Cov CovItemId="B2" Value="32"/>
<Cov CovItemId="B3" Value="12"/>
<Cov CovItemId="B31" Value="8"/>
<Cov CovItemId="B33" Value="4"/>
<Cov CovItemId="B34" Value="4"/>
<Cov CovItemId="B36" Value="8"/>
<Cov CovItemId="B37" Value="8"/>
<Cov CovItemId="B4" Value="20"/>
<Cov CovItemId="B41" Value="26"/>
<Cov CovItemId="B42" Value="2"/>
<Cov CovItemId="B43" Value="4"/>
<Cov CovItemId="B44" Value="10"/>
<Cov CovItemId="B45" Value="7"/>
<Cov CovItemId="B46" Value="4"/>
<Cov CovItemId="B47" Value="9"/>
<Cov CovItemId="B48" Value="2"/>
<Cov CovItemId="B5" Value="4"/>
<Cov CovItemId="B50" Value="11"/>
<Cov CovItemId="B55" Value="28"/>
<Cov CovItemId="B56" Value="34"/>
<Cov CovItemId="B57" Value="23"/>
<Cov CovItemId="B58" Value="11"/>
<Cov CovItemId="B59" Value="23"/>
<Cov CovItemId="B6" Value="8"/>
<Cov CovItemId="B61" Value="6"/>
<Cov CovItemId="B62" Value="17"/>
<Cov CovItemId="B63" Value="288"/>
<Cov CovItemId="B64" Value="288"/>
<Cov CovItemId="B65" Value="14"/>
<Cov CovItemId="B66" Value="274"/>
<Cov CovItemId="B67" Value="5"/>
<Cov CovItemId="B68" Value="9"/>
<Cov CovItemId="B69" Value="1"/>
<Cov CovItemId="B7" Value="12"/>
<Cov CovItemId="B79" Value="805"/>
<Cov CovItemId="B8" Value="20"/>
<Cov CovItemId="B81" Value="95"/>
<Cov CovItemId="B82" Value="710"/>
<Cov CovItemId="B83" Value="65"/>
<Cov CovItemId="B84" Value="895"/>
<Cov CovItemId="B85" Value="766"/>
<Cov CovItemId="B86" Value="129"/>
<Cov CovItemId="B9" Value="4"/>
<Cov CovItemId="L1-2" Value="1"/>
<Cov CovItemId="L10-2" Value="144"/>
<Cov CovItemId="L13-2" Value="9"/>
<Cov CovItemId="L14-2" Value="72"/>
<Cov CovItemId="L2-2" Value="8"/>
<Cov CovItemId="L3-2" Value="1"/>
<Cov CovItemId="L4-2" Value="1"/>
<Cov CovItemId="L5-2" Value="1"/>
<Cov CovItemId="L6-2" Value="3"/>
<Cov CovItemId="L7-2" Value="1"/>
<Cov CovItemId="L8-2" Value="2"/>
<Cov CovItemId="L9-2" Value="18"/>
<Cov CovItemId="S1" Value="1"/>
<Cov CovItemId="S10" Value="1"/>
<Cov CovItemId="S100" Value="4"/>
<Cov CovItemId="S101" Value="4"/>
<Cov CovItemId="S102" Value="8"/>
<Cov CovItemId="S104" Value="8"/>
<Cov CovItemId="S106" Value="8"/>
<Cov CovItemId="S107" Value="8"/>
<Cov CovItemId="S108" Value="8"/>
<Cov CovItemId="S109" Value="8"/>
<Cov CovItemId="S11" Value="8"/>
<Cov CovItemId="S115" Value="28"/>
<Cov CovItemId="S116" Value="26"/>
<Cov CovItemId="S117" Value="2"/>
<Cov CovItemId="S118" Value="14"/>
<Cov CovItemId="S119" Value="14"/>
<Cov CovItemId="S12" Value="64"/>
<Cov CovItemId="S120" Value="4"/>
<Cov CovItemId="S121" Value="10"/>
<Cov CovItemId="S122" Value="10"/>
<Cov CovItemId="S123" Value="11"/>
<Cov CovItemId="S124" Value="11"/>
<Cov CovItemId="S125" Value="7"/>
<Cov CovItemId="S126" Value="11"/>
<Cov CovItemId="S127" Value="9"/>
<Cov CovItemId="S128" Value="11"/>
<Cov CovItemId="S13" Value="64"/>
<Cov CovItemId="S133" Value="11"/>
<Cov CovItemId="S134" Value="14"/>
<Cov CovItemId="S135" Value="62"/>
<Cov CovItemId="S136" Value="28"/>
<Cov CovItemId="S137" Value="34"/>
<Cov CovItemId="S138" Value="23"/>
<Cov CovItemId="S139" Value="23"/>
<Cov CovItemId="S14" Value="64"/>
<Cov CovItemId="S140" Value="6"/>
<Cov CovItemId="S141" Value="28"/>
<Cov CovItemId="S142" Value="46"/>
<Cov CovItemId="S143" Value="9"/>
<Cov CovItemId="S144" Value="9"/>
<Cov CovItemId="S145" Value="72"/>
<Cov CovItemId="S146" Value="576"/>
<Cov CovItemId="S147" Value="288"/>
<Cov CovItemId="S148" Value="14"/>
<Cov CovItemId="S149" Value="5"/>
<Cov CovItemId="S15" Value="64"/>
<Cov CovItemId="S150" Value="9"/>
<Cov CovItemId="S151" Value="9"/>
<Cov CovItemId="S152" Value="1"/>
<Cov CovItemId="S153" Value="1"/>
<Cov CovItemId="S154" Value="1"/>
<Cov CovItemId="S16" Value="32"/>
<Cov CovItemId="S17" Value="32"/>
<Cov CovItemId="S176" Value="805"/>
<Cov CovItemId="S177" Value="805"/>
<Cov CovItemId="S178" Value="95"/>
<Cov CovItemId="S179" Value="710"/>
<Cov CovItemId="S18" Value="32"/>
<Cov CovItemId="S180" Value="960"/>
<Cov CovItemId="S181" Value="65"/>
<Cov CovItemId="S182" Value="895"/>
<Cov CovItemId="S183" Value="766"/>
<Cov CovItemId="S184" Value="129"/>
<Cov CovItemId="S185" Value="2933"/>
<Cov CovItemId="S19" Value="12"/>
<Cov CovItemId="S2" Value="1"/>
<Cov CovItemId="S20" Value="12"/>
<Cov CovItemId="S21" Value="12"/>
<Cov CovItemId="S22" Value="4"/>
<Cov CovItemId="S23" Value="32"/>
<Cov CovItemId="S24" Value="12"/>
<Cov CovItemId="S25" Value="12"/>
<Cov CovItemId="S26" Value="12"/>
<Cov CovItemId="S27" Value="4"/>
<Cov CovItemId="S28" Value="32"/>
<Cov CovItemId="S29" Value="32"/>
<Cov CovItemId="S3" Value="1"/>
<Cov CovItemId="S30" Value="64"/>
<Cov CovItemId="S31" Value="1"/>
<Cov CovItemId="S32" Value="8"/>
<Cov CovItemId="S33" Value="8"/>
<Cov CovItemId="S34" Value="8"/>
<Cov CovItemId="S35" Value="8"/>
<Cov CovItemId="S36" Value="8"/>
<Cov CovItemId="S37" Value="8"/>
<Cov CovItemId="S38" Value="8"/>
<Cov CovItemId="S39" Value="8"/>
<Cov CovItemId="S4" Value="1"/>
<Cov CovItemId="S40" Value="1"/>
<Cov CovItemId="S41" Value="8"/>
<Cov CovItemId="S42" Value="8"/>
<Cov CovItemId="S43" Value="8"/>
<Cov CovItemId="S44" Value="8"/>
<Cov CovItemId="S45" Value="8"/>
<Cov CovItemId="S46" Value="8"/>
<Cov CovItemId="S47" Value="8"/>
<Cov CovItemId="S48" Value="8"/>
<Cov CovItemId="S49" Value="1"/>
<Cov CovItemId="S5" Value="1"/>
<Cov CovItemId="S50" Value="3"/>
<Cov CovItemId="S51" Value="24"/>
<Cov CovItemId="S52" Value="24"/>
<Cov CovItemId="S53" Value="24"/>
<Cov CovItemId="S54" Value="24"/>
<Cov CovItemId="S55" Value="1"/>
<Cov CovItemId="S56" Value="2"/>
<Cov CovItemId="S57" Value="16"/>
<Cov CovItemId="S58" Value="16"/>
<Cov CovItemId="S59" Value="16"/>
<Cov CovItemId="S6" Value="1"/>
<Cov CovItemId="S60" Value="16"/>
<Cov CovItemId="S61" Value="18"/>
<Cov CovItemId="S62" Value="144"/>
<Cov CovItemId="S63" Value="1152"/>
<Cov CovItemId="S7" Value="1"/>
<Cov CovItemId="S8" Value="1"/>
<Cov CovItemId="S9" Value="1"/>
<Cov CovItemId="S98" Value="8"/>
<Cov CovItemId="S99" Value="8"/>
</CovPrefix>
<CovPrefix CovItemPrefix="com.OriginalFiles.Field.java">
<Cov CovItemId="B1" Value="52"/>
<Cov CovItemId="B2" Value="10"/>
<Cov CovItemId="S1" Value="120"/>
<Cov CovItemId="S13" Value="72"/>
<Cov CovItemId="S2" Value="120"/>
<Cov CovItemId="S5" Value="62"/>
<Cov CovItemId="S6" Value="62"/>
<Cov CovItemId="S7" Value="52"/>
<Cov CovItemId="S8" Value="523"/>
<Cov CovItemId="S9" Value="1612"/>
</CovPrefix>
<CovPrefix CovItemPrefix="com.OriginalFiles.MI.java">
<Cov CovItemId="B1" Value="1"/>
<Cov CovItemId="B10" Value="1"/>
<Cov CovItemId="B11" Value="1"/>
<Cov CovItemId="B13" Value="2"/>
<Cov CovItemId="B14" Value="2"/>
<Cov CovItemId="B15" Value="1"/>
<Cov CovItemId="B16" Value="1"/>
<Cov CovItemId="B18" Value="2"/>
<Cov CovItemId="B19" Value="2"/>
<Cov CovItemId="B21" Value="2"/>
<Cov CovItemId="B3" Value="26"/>
<Cov CovItemId="B30" Value="2"/>
<Cov CovItemId="B31" Value="6"/>
<Cov CovItemId="B33" Value="4"/>
<Cov CovItemId="B35" Value="2"/>
<Cov CovItemId="B36" Value="2"/>
<Cov CovItemId="B38" Value="2"/>
<Cov CovItemId="B39" Value="4"/>
<Cov CovItemId="B4" Value="102"/>
<Cov CovItemId="B41" Value="4"/>
<Cov CovItemId="B44" Value="4"/>
<Cov CovItemId="B5" Value="13"/>
<Cov CovItemId="B50" Value="2"/>
<Cov CovItemId="B51" Value="6"/>
<Cov CovItemId="B52" Value="186"/>
<Cov CovItemId="B53" Value="3"/>
<Cov CovItemId="B54" Value="3"/>
<Cov CovItemId="B55" Value="2"/>
<Cov CovItemId="B56" Value="1"/>
<Cov CovItemId="B57" Value="2"/>
<Cov CovItemId="B59" Value="1"/>
<Cov CovItemId="B6" Value="13"/>
<Cov CovItemId="B61" Value="2"/>
<Cov CovItemId="B62" Value="1"/>
<Cov CovItemId="B8" Value="1"/>
<Cov CovItemId="B9" Value="1"/>
<Cov CovItemId="L1-2" Value="2"/>
<Cov CovItemId="L10-2" Value="3"/>
<Cov CovItemId="L11-2" Value="24"/>
<Cov CovItemId="L12-1" Value="2"/>
<Cov CovItemId="L13-2" Value="1"/>
<Cov CovItemId="L2-2" Value="16"/>
<Cov CovItemId="L3-2" Value="1"/>
<Cov CovItemId="L4-1" Value="2"/>
<Cov CovItemId="L5-0" Value="2"/>
<Cov CovItemId="L6-1" Value="2"/>
<Cov CovItemId="L7-1" Value="4"/>
<Cov CovItemId="L8-1" Value="4"/>
<Cov CovItemId="L9-0" Value="2"/>
<Cov CovItemId="L9-1" Value="2"/>
<Cov CovItemId="S1" Value="1"/>
<Cov CovItemId="S10" Value="1"/>
<Cov CovItemId="S100" Value="4"/>
<Cov CovItemId="S101" Value="4"/>
<Cov CovItemId="S102" Value="4"/>
<Cov CovItemId="S103" Value="4"/>
<Cov CovItemId="S104" Value="4"/>
<Cov CovItemId="S105" Value="4"/>
<Cov CovItemId="S106" Value="4"/>
<Cov CovItemId="S107" Value="4"/>
<Cov CovItemId="S108" Value="4"/>
<Cov CovItemId="S109" Value="4"/>
<Cov CovItemId="S11" Value="1"/>
<Cov CovItemId="S115" Value="4"/>
<Cov CovItemId="S116" Value="4"/>
<Cov CovItemId="S117" Value="4"/>
<Cov CovItemId="S118" Value="2"/>
<Cov CovItemId="S119" Value="2"/>
<Cov CovItemId="S12" Value="1"/>
<Cov CovItemId="S121" Value="2"/>
<Cov CovItemId="S122" Value="2"/>
<Cov CovItemId="S123" Value="3"/>
<Cov CovItemId="S124" Value="3"/>
<Cov CovItemId="S125" Value="3"/>
<Cov CovItemId="S126" Value="3"/>
<Cov CovItemId="S127" Value="24"/>
<Cov CovItemId="S128" Value="192"/>
<Cov CovItemId="S129" Value="6"/>
<Cov CovItemId="S130" Value="3"/>
<Cov CovItemId="S131" Value="2"/>
<Cov CovItemId="S132" Value="2"/>
<Cov CovItemId="S133" Value="2"/>
<Cov CovItemId="S134" Value="2"/>
<Cov CovItemId="S135" Value="1"/>
<Cov CovItemId="S136" Value="1"/>
<Cov CovItemId="S137" Value="1"/>
<Cov CovItemId="S138" Value="2"/>
<Cov CovItemId="S139" Value="2"/>
<Cov CovItemId="S14" Value="1"/>
<Cov CovItemId="S140" Value="3"/>
<Cov CovItemId="S141" Value="2"/>
<Cov CovItemId="S142" Value="1"/>
<Cov CovItemId="S15" Value="1"/>
<Cov CovItemId="S16" Value="2"/>
<Cov CovItemId="S17" Value="2"/>
<Cov CovItemId="S18" Value="2"/>
<Cov CovItemId="S19" Value="16"/>
<Cov CovItemId="S2" Value="1"/>
<Cov CovItemId="S20" Value="128"/>
<Cov CovItemId="S21" Value="26"/>
<Cov CovItemId="S22" Value="13"/>
<Cov CovItemId="S23" Value="13"/>
<Cov CovItemId="S24" Value="1"/>
<Cov CovItemId="S25" Value="1"/>
<Cov CovItemId="S26" Value="1"/>
<Cov CovItemId="S27" Value="1"/>
<Cov CovItemId="S28" Value="1"/>
<Cov CovItemId="S3" Value="1"/>
<Cov CovItemId="S30" Value="1"/>
<Cov CovItemId="S31" Value="2"/>
<Cov CovItemId="S32" Value="2"/>
<Cov CovItemId="S33" Value="2"/>
<Cov CovItemId="S34" Value="2"/>
<Cov CovItemId="S35" Value="1"/>
<Cov CovItemId="S36" Value="1"/>
<Cov CovItemId="S37" Value="1"/>
<Cov CovItemId="S38" Value="1"/>
<Cov CovItemId="S39" Value="1"/>
<Cov CovItemId="S4" Value="1"/>
<Cov CovItemId="S40" Value="1"/>
<Cov CovItemId="S41" Value="4"/>
<Cov CovItemId="S42" Value="2"/>
<Cov CovItemId="S43" Value="2"/>
<Cov CovItemId="S44" Value="2"/>
<Cov CovItemId="S45" Value="2"/>
<Cov CovItemId="S46" Value="2"/>
<Cov CovItemId="S47" Value="2"/>
<Cov CovItemId="S48" Value="2"/>
<Cov CovItemId="S49" Value="2"/>
<Cov CovItemId="S5" Value="1"/>
<Cov CovItemId="S50" Value="2"/>
<Cov CovItemId="S51" Value="2"/>
<Cov CovItemId="S52" Value="1"/>
<Cov CovItemId="S53" Value="2"/>
<Cov CovItemId="S54" Value="2"/>
<Cov CovItemId="S55" Value="2"/>
<Cov CovItemId="S56" Value="2"/>
<Cov CovItemId="S57" Value="2"/>
<Cov CovItemId="S59" Value="2"/>
<Cov CovItemId="S6" Value="1"/>
<Cov CovItemId="S60" Value="2"/>
<Cov CovItemId="S62" Value="2"/>
<Cov CovItemId="S63" Value="2"/>
<Cov CovItemId="S65" Value="2"/>
<Cov CovItemId="S66" Value="2"/>
<Cov CovItemId="S67" Value="2"/>
<Cov CovItemId="S68" Value="2"/>
<Cov CovItemId="S69" Value="2"/>
<Cov CovItemId="S7" Value="1"/>
<Cov CovItemId="S70" Value="2"/>
<Cov CovItemId="S8" Value="1"/>
<Cov CovItemId="S80" Value="2"/>
<Cov CovItemId="S81" Value="2"/>
<Cov CovItemId="S83" Value="2"/>
<Cov CovItemId="S84" Value="6"/>
<Cov CovItemId="S85" Value="6"/>
<Cov CovItemId="S87" Value="4"/>
<Cov CovItemId="S88" Value="4"/>
<Cov CovItemId="S89" Value="4"/>
<Cov CovItemId="S9" Value="1"/>
<Cov CovItemId="S90" Value="4"/>
<Cov CovItemId="S91" Value="4"/>
<Cov CovItemId="S92" Value="4"/>
<Cov CovItemId="S93" Value="2"/>
<Cov CovItemId="S94" Value="2"/>
<Cov CovItemId="S96" Value="2"/>
<Cov CovItemId="S97" Value="2"/>
<Cov CovItemId="S98" Value="2"/>
<Cov CovItemId="S99" Value="4"/>
</CovPrefix>
<CovPrefix CovItemPrefix="com.OriginalFiles.Move.java">
<Cov CovItemId="S1" Value="4"/>
<Cov CovItemId="S2" Value="4"/>
<Cov CovItemId="S3" Value="2"/>
<Cov CovItemId="S4" Value="2"/>
<Cov CovItemId="S5" Value="2"/>
<Cov CovItemId="S6" Value="2"/>
<Cov CovItemId="S7" Value="2"/>
<Cov CovItemId="S8" Value="2"/>
<Cov CovItemId="S9" Value="2"/>
</CovPrefix>
<CovPrefix CovItemPrefix="com.OriginalFiles.Piece.java">
<Cov CovItemId="B10" Value="13"/>
<Cov CovItemId="B11" Value="38"/>
<Cov CovItemId="B12" Value="16"/>
<Cov CovItemId="B14" Value="38"/>
<Cov CovItemId="B15" Value="36"/>
<Cov CovItemId="B16" Value="2"/>
<Cov CovItemId="B17" Value="2"/>
<Cov CovItemId="B18" Value="36"/>
<Cov CovItemId="B19" Value="2"/>
<Cov CovItemId="B2" Value="52"/>
<Cov CovItemId="B21" Value="2"/>
<Cov CovItemId="B23" Value="2"/>
<Cov CovItemId="B26" Value="2"/>
<Cov CovItemId="B33" Value="4"/>
<Cov CovItemId="B34" Value="34"/>
<Cov CovItemId="B35" Value="11"/>
<Cov CovItemId="B36" Value="27"/>
<Cov CovItemId="B37" Value="11"/>
<Cov CovItemId="B40" Value="38"/>
<Cov CovItemId="B43" Value="2"/>
<Cov CovItemId="B46" Value="2"/>
<Cov CovItemId="B47" Value="3"/>
<Cov CovItemId="B48" Value="1"/>
<Cov CovItemId="B49" Value="3"/>
<Cov CovItemId="B5" Value="38"/>
<Cov CovItemId="B51" Value="12"/>
<Cov CovItemId="B54" Value="12"/>
<Cov CovItemId="B6" Value="16"/>
<Cov CovItemId="B69" Value="700"/>
<Cov CovItemId="B7" Value="2"/>
<Cov CovItemId="B70" Value="1236"/>
<Cov CovItemId="B72" Value="700"/>
<Cov CovItemId="B9" Value="23"/>
<Cov CovItemId="L1-2" Value="2"/>
<Cov CovItemId="L2-2" Value="16"/>
<Cov CovItemId="L3-2" Value="160"/>
<Cov CovItemId="S1" Value="40"/>
<Cov CovItemId="S10" Value="40"/>
<Cov CovItemId="S11" Value="40"/>
<Cov CovItemId="S118" Value="12"/>
<Cov CovItemId="S119" Value="2"/>
<Cov CovItemId="S12" Value="40"/>
<Cov CovItemId="S120" Value="2"/>
<Cov CovItemId="S121" Value="2"/>
<Cov CovItemId="S122" Value="16"/>
<Cov CovItemId="S123" Value="16"/>
<Cov CovItemId="S124" Value="160"/>
<Cov CovItemId="S125" Value="1936"/>
<Cov CovItemId="S126" Value="700"/>
<Cov CovItemId="S129" Value="2"/>
<Cov CovItemId="S13" Value="40"/>
<Cov CovItemId="S14" Value="40"/>
<Cov CovItemId="S15" Value="40"/>
<Cov CovItemId="S16" Value="40"/>
<Cov CovItemId="S17" Value="40"/>
<Cov CovItemId="S18" Value="40"/>
<Cov CovItemId="S19" Value="40"/>
<Cov CovItemId="S2" Value="40"/>
<Cov CovItemId="S20" Value="40"/>
<Cov CovItemId="S21" Value="40"/>
<Cov CovItemId="S22" Value="2"/>
<Cov CovItemId="S23" Value="2"/>
<Cov CovItemId="S24" Value="52"/>
<Cov CovItemId="S25" Value="52"/>
<Cov CovItemId="S26" Value="52"/>
<Cov CovItemId="S3" Value="40"/>
<Cov CovItemId="S30" Value="52"/>
<Cov CovItemId="S31" Value="52"/>
<Cov CovItemId="S32" Value="54"/>
<Cov CovItemId="S33" Value="38"/>
<Cov CovItemId="S34" Value="16"/>
<Cov CovItemId="S35" Value="16"/>
<Cov CovItemId="S36" Value="2"/>
<Cov CovItemId="S37" Value="2"/>
<Cov CovItemId="S38" Value="2"/>
<Cov CovItemId="S39" Value="36"/>
<Cov CovItemId="S4" Value="40"/>
<Cov CovItemId="S40" Value="23"/>
<Cov CovItemId="S41" Value="13"/>
<Cov CovItemId="S42" Value="52"/>
<Cov CovItemId="S43" Value="54"/>
<Cov CovItemId="S44" Value="38"/>
<Cov CovItemId="S45" Value="38"/>
<Cov CovItemId="S46" Value="38"/>
<Cov CovItemId="S48" Value="38"/>
<Cov CovItemId="S49" Value="36"/>
<Cov CovItemId="S5" Value="40"/>
<Cov CovItemId="S50" Value="38"/>
<Cov CovItemId="S51" Value="2"/>
<Cov CovItemId="S52" Value="2"/>
<Cov CovItemId="S53" Value="2"/>
<Cov CovItemId="S54" Value="2"/>
<Cov CovItemId="S55" Value="2"/>
<Cov CovItemId="S56" Value="2"/>
<Cov CovItemId="S58" Value="2"/>
<Cov CovItemId="S6" Value="40"/>
<Cov CovItemId="S65" Value="38"/>
<Cov CovItemId="S66" Value="4"/>
<Cov CovItemId="S67" Value="38"/>
<Cov CovItemId="S68" Value="11"/>
<Cov CovItemId="S69" Value="11"/>
<Cov CovItemId="S7" Value="40"/>
<Cov CovItemId="S70" Value="11"/>
<Cov CovItemId="S71" Value="38"/>
<Cov CovItemId="S73" Value="38"/>
<Cov CovItemId="S77" Value="2"/>
<Cov CovItemId="S78" Value="2"/>
<Cov CovItemId="S79" Value="2"/>
<Cov CovItemId="S8" Value="40"/>
<Cov CovItemId="S80" Value="2"/>
<Cov CovItemId="S81" Value="2"/>
<Cov CovItemId="S82" Value="2"/>
<Cov CovItemId="S83" Value="2"/>
<Cov CovItemId="S86" Value="2"/>
<Cov CovItemId="S87" Value="4"/>
<Cov CovItemId="S88" Value="3"/>
<Cov CovItemId="S89" Value="3"/>
<Cov CovItemId="S9" Value="40"/>
<Cov CovItemId="S90" Value="3"/>
<Cov CovItemId="S91" Value="3"/>
<Cov CovItemId="S92" Value="3"/>
<Cov CovItemId="S93" Value="3"/>
<Cov CovItemId="S94" Value="3"/>
<Cov CovItemId="S95" Value="3"/>
<Cov CovItemId="S96" Value="1"/>
<Cov CovItemId="S97" Value="12"/>
<Cov CovItemId="S98" Value="12"/>
<Cov CovItemId="S99" Value="12"/>
</CovPrefix>
<CovPrefix CovItemPrefix="com.OriginalFiles.RemoteNXTFunctions.java">
<Cov CovItemId="B5" Value="1"/>
<Cov CovItemId="B7" Value="1"/>
<Cov CovItemId="S1" Value="1"/>
<Cov CovItemId="S162" Value="1"/>
<Cov CovItemId="S19" Value="1"/>
<Cov CovItemId="S2" Value="1"/>
<Cov CovItemId="S20" Value="1"/>
<Cov CovItemId="S21" Value="1"/>
<Cov CovItemId="S22" Value="1"/>
<Cov CovItemId="S3" Value="1"/>
</CovPrefix>
</CovList>
<AssgnmntList>
<AssgnmntPrefix RootTermCovItemPrefix="com.OriginalFiles.Analyze.java">
<AssgnmntListEntry Length="1" RootTermCovItemId="C34">
<MapEntry BoolAssgnmnt="0" Value="4"/>
</AssgnmntListEntry>
<AssgnmntListEntry Length="1" RootTermCovItemId="C35">
<MapEntry BoolAssgnmnt="0" Value="3"/>
<MapEntry BoolAssgnmnt="1" Value="1"/>
</AssgnmntListEntry>
<AssgnmntListEntry Length="1" RootTermCovItemId="C36">
<MapEntry BoolAssgnmnt="0" Value="3"/>
<MapEntry BoolAssgnmnt="1" Value="1"/>
</AssgnmntListEntry>
<AssgnmntListEntry Length="1" RootTermCovItemId="C37">
<MapEntry BoolAssgnmnt="0" Value="4"/>
</AssgnmntListEntry>
<AssgnmntListEntry Length="1" RootTermCovItemId="C38">
<MapEntry BoolAssgnmnt="0" Value="2"/>
<MapEntry BoolAssgnmnt="1" Value="2"/>
</AssgnmntListEntry>
<AssgnmntListEntry Length="1" RootTermCovItemId="C39">
<MapEntry BoolAssgnmnt="0" Value="4"/>
<MapEntry BoolAssgnmnt="1" Value="4"/>
</AssgnmntListEntry>
<AssgnmntListEntry Length="1" RootTermCovItemId="C49">
<MapEntry BoolAssgnmnt="0" Value="8"/>
</AssgnmntListEntry>
<AssgnmntListEntry Length="1" RootTermCovItemId="C64">
<MapEntry BoolAssgnmnt="1" Value="1"/>
</AssgnmntListEntry>
<AssgnmntListEntry Length="6" RootTermCovItemId="C66">
<MapEntry BoolAssgnmnt="111111" Value="1"/>
</AssgnmntListEntry>
<AssgnmntListEntry Length="1" RootTermCovItemId="C70">
<MapEntry BoolAssgnmnt="0" Value="8"/>
<MapEntry BoolAssgnmnt="1" Value="376"/>
</AssgnmntListEntry>
<AssgnmntListEntry Length="1" RootTermCovItemId="C71">
<MapEntry BoolAssgnmnt="0" Value="2"/>
<MapEntry BoolAssgnmnt="1" Value="6"/>
</AssgnmntListEntry>
<AssgnmntListEntry Length="1" RootTermCovItemId="C72">
<MapEntry BoolAssgnmnt="1" Value="6"/>
</AssgnmntListEntry>
<AssgnmntListEntry Length="1" RootTermCovItemId="C73">
<MapEntry BoolAssgnmnt="0" Value="6"/>
<MapEntry BoolAssgnmnt="1" Value="2"/>
</AssgnmntListEntry>
<AssgnmntListEntry Length="1" RootTermCovItemId="C74">
<MapEntry BoolAssgnmnt="1" Value="2"/>
</AssgnmntListEntry>
<AssgnmntListEntry Length="3" RootTermCovItemId="C75">
<MapEntry BoolAssgnmnt="012" Value="2"/>
<MapEntry BoolAssgnmnt="122" Value="4"/>
</AssgnmntListEntry>
<AssgnmntListEntry Length="3" RootTermCovItemId="C76">
<MapEntry BoolAssgnmnt="011" Value="2"/>
</AssgnmntListEntry>
<AssgnmntListEntry Length="2" RootTermCovItemId="C77">
<MapEntry BoolAssgnmnt="11" Value="2"/>
</AssgnmntListEntry>
<AssgnmntListEntry Length="2" RootTermCovItemId="C78">
<MapEntry BoolAssgnmnt="02" Value="2"/>
</AssgnmntListEntry>
<AssgnmntListEntry Length="1" RootTermCovItemId="C82">
<MapEntry BoolAssgnmnt="0" Value="2"/>
</AssgnmntListEntry>
<AssgnmntListEntry Length="2" RootTermCovItemId="C88">
<MapEntry BoolAssgnmnt="00" Value="2"/>
</AssgnmntListEntry>
<AssgnmntListEntry Length="2" RootTermCovItemId="C89">
<MapEntry BoolAssgnmnt="02" Value="2"/>
</AssgnmntListEntry>
</AssgnmntPrefix>
<AssgnmntPrefix RootTermCovItemPrefix="com.OriginalFiles.Board.java">
<AssgnmntListEntry Length="1" RootTermCovItemId="C1">
<MapEntry BoolAssgnmnt="0" Value="1"/>
<MapEntry BoolAssgnmnt="1" Value="8"/>
</AssgnmntListEntry>
<AssgnmntListEntry Length="1" RootTermCovItemId="C10">
<MapEntry BoolAssgnmnt="0" Value="1"/>
<MapEntry BoolAssgnmnt="1" Value="3"/>
</AssgnmntListEntry>
<AssgnmntListEntry Length="1" RootTermCovItemId="C11">
<MapEntry BoolAssgnmnt="0" Value="3"/>
<MapEntry BoolAssgnmnt="1" Value="24"/>
</AssgnmntListEntry>
<AssgnmntListEntry Length="1" RootTermCovItemId="C12">
<MapEntry BoolAssgnmnt="0" Value="1"/>
<MapEntry BoolAssgnmnt="1" Value="2"/>
</AssgnmntListEntry>
<AssgnmntListEntry Length="1" RootTermCovItemId="C13">
<MapEntry BoolAssgnmnt="0" Value="2"/>
<MapEntry BoolAssgnmnt="1" Value="16"/>
</AssgnmntListEntry>
<AssgnmntListEntry Length="1" RootTermCovItemId="C2">
<MapEntry BoolAssgnmnt="0" Value="8"/>
<MapEntry BoolAssgnmnt="1" Value="64"/>
</AssgnmntListEntry>
<AssgnmntListEntry Length="1" RootTermCovItemId="C26">
<MapEntry BoolAssgnmnt="0" Value="8"/>
</AssgnmntListEntry>
<AssgnmntListEntry Length="1" RootTermCovItemId="C27">
<MapEntry BoolAssgnmnt="0" Value="4"/>
<MapEntry BoolAssgnmnt="1" Value="4"/>
</AssgnmntListEntry>
<AssgnmntListEntry Length="2" RootTermCovItemId="C28">
<MapEntry BoolAssgnmnt="02" Value="8"/>
</AssgnmntListEntry>
<AssgnmntListEntry Length="1" RootTermCovItemId="C29">
<MapEntry BoolAssgnmnt="1" Value="8"/>
</AssgnmntListEntry>
<AssgnmntListEntry Length="1" RootTermCovItemId="C3">
<MapEntry BoolAssgnmnt="0" Value="32"/>
<MapEntry BoolAssgnmnt="1" Value="32"/>
</AssgnmntListEntry>
<AssgnmntListEntry Length="1" RootTermCovItemId="C31">
<MapEntry BoolAssgnmnt="0" Value="2"/>
<MapEntry BoolAssgnmnt="1" Value="26"/>
</AssgnmntListEntry>
<AssgnmntListEntry Length="1" RootTermCovItemId="C32">
<MapEntry BoolAssgnmnt="0" Value="10"/>
<MapEntry BoolAssgnmnt="1" Value="4"/>
</AssgnmntListEntry>
<AssgnmntListEntry Length="1" RootTermCovItemId="C33">
<MapEntry BoolAssgnmnt="0" Value="7"/>
<MapEntry BoolAssgnmnt="1" Value="4"/>
</AssgnmntListEntry>
<AssgnmntListEntry Length="1" RootTermCovItemId="C34">
<MapEntry BoolAssgnmnt="0" Value="9"/>
<MapEntry BoolAssgnmnt="1" Value="2"/>
</AssgnmntListEntry>
<AssgnmntListEntry Length="1" RootTermCovItemId="C35">
<MapEntry BoolAssgnmnt="0" Value="11"/>
</AssgnmntListEntry>
<AssgnmntListEntry Length="5" RootTermCovItemId="C38">
<MapEntry BoolAssgnmnt="02002" Value="24"/>
<MapEntry BoolAssgnmnt="10122" Value="10"/>
<MapEntry BoolAssgnmnt="11220" Value="10"/>
<MapEntry BoolAssgnmnt="02010" Value="18"/>
</AssgnmntListEntry>
<AssgnmntListEntry Length="1" RootTermCovItemId="C39">
<MapEntry BoolAssgnmnt="0" Value="11"/>
<MapEntry BoolAssgnmnt="1" Value="23"/>
</AssgnmntListEntry>
<AssgnmntListEntry Length="1" RootTermCovItemId="C4">
<MapEntry BoolAssgnmnt="0" Value="20"/>
<MapEntry BoolAssgnmnt="1" Value="12"/>
</AssgnmntListEntry>
<AssgnmntListEntry Length="1" RootTermCovItemId="C40">
<MapEntry BoolAssgnmnt="0" Value="23"/>
</AssgnmntListEntry>
<AssgnmntListEntry Length="2" RootTermCovItemId="C41">
<MapEntry BoolAssgnmnt="10" Value="6"/>
<MapEntry BoolAssgnmnt="02" Value="17"/>
</AssgnmntListEntry>
<AssgnmntListEntry Length="1" RootTermCovItemId="C42">
<MapEntry BoolAssgnmnt="0" Value="288"/>
<MapEntry BoolAssgnmnt="1" Value="288"/>
</AssgnmntListEntry>
<AssgnmntListEntry Length="1" RootTermCovItemId="C43">
<MapEntry BoolAssgnmnt="0" Value="274"/>
<MapEntry BoolAssgnmnt="1" Value="14"/>
</AssgnmntListEntry>
<AssgnmntListEntry Length="1" RootTermCovItemId="C44">
<MapEntry BoolAssgnmnt="0" Value="9"/>
<MapEntry BoolAssgnmnt="1" Value="5"/>
</AssgnmntListEntry>
<AssgnmntListEntry Length="1" RootTermCovItemId="C45">
<MapEntry BoolAssgnmnt="1" Value="1"/>
</AssgnmntListEntry>
<AssgnmntListEntry Length="1" RootTermCovItemId="C5">
<MapEntry BoolAssgnmnt="0" Value="8"/>
<MapEntry BoolAssgnmnt="1" Value="4"/>
</AssgnmntListEntry>
<AssgnmntListEntry Length="1" RootTermCovItemId="C53">
<MapEntry BoolAssgnmnt="1" Value="805"/>
</AssgnmntListEntry>
<AssgnmntListEntry Length="1" RootTermCovItemId="C54">
<MapEntry BoolAssgnmnt="0" Value="95"/>
<MapEntry BoolAssgnmnt="1" Value="710"/>
</AssgnmntListEntry>
<AssgnmntListEntry Length="3" RootTermCovItemId="C55">
<MapEntry BoolAssgnmnt="002" Value="845"/>
<MapEntry BoolAssgnmnt="120" Value="65"/>
<MapEntry BoolAssgnmnt="121" Value="50"/>
</AssgnmntListEntry>
<AssgnmntListEntry Length="3" RootTermCovItemId="C56">
<MapEntry BoolAssgnmnt="002" Value="50"/>
<MapEntry BoolAssgnmnt="120" Value="79"/>
<MapEntry BoolAssgnmnt="121" Value="766"/>
</AssgnmntListEntry>
<AssgnmntListEntry Length="1" RootTermCovItemId="C6">
<MapEntry BoolAssgnmnt="0" Value="20"/>
<MapEntry BoolAssgnmnt="1" Value="12"/>
</AssgnmntListEntry>
<AssgnmntListEntry Length="1" RootTermCovItemId="C7">
<MapEntry BoolAssgnmnt="0" Value="8"/>
<MapEntry BoolAssgnmnt="1" Value="4"/>
</AssgnmntListEntry>
<AssgnmntListEntry Length="1" RootTermCovItemId="C8">
<MapEntry BoolAssgnmnt="0" Value="1"/>
<MapEntry BoolAssgnmnt="1" Value="8"/>
</AssgnmntListEntry>
<AssgnmntListEntry Length="1" RootTermCovItemId="C9">
<MapEntry BoolAssgnmnt="0" Value="1"/>
<MapEntry BoolAssgnmnt="1" Value="8"/>
</AssgnmntListEntry>
</AssgnmntPrefix>
<AssgnmntPrefix RootTermCovItemPrefix="com.OriginalFiles.Field.java">
<AssgnmntListEntry Length="1" RootTermCovItemId="C1">
<MapEntry BoolAssgnmnt="0" Value="52"/>
<MapEntry BoolAssgnmnt="1" Value="10"/>
</AssgnmntListEntry>
</AssgnmntPrefix>
<AssgnmntPrefix RootTermCovItemPrefix="com.OriginalFiles.MI.java">
<AssgnmntListEntry Length="1" RootTermCovItemId="C1">
<MapEntry BoolAssgnmnt="1" Value="1"/>
</AssgnmntListEntry>
<AssgnmntListEntry Length="1" RootTermCovItemId="C10">
<MapEntry BoolAssgnmnt="0" Value="2"/>
</AssgnmntListEntry>
<AssgnmntListEntry Length="1" RootTermCovItemId="C11">
<MapEntry BoolAssgnmnt="0" Value="2"/>
</AssgnmntListEntry>
<AssgnmntListEntry Length="1" RootTermCovItemId="C12">
<MapEntry BoolAssgnmnt="0" Value="2"/>
<MapEntry BoolAssgnmnt="1" Value="2"/>
</AssgnmntListEntry>
<AssgnmntListEntry Length="1" RootTermCovItemId="C15">
<MapEntry BoolAssgnmnt="0" Value="2"/>
</AssgnmntListEntry>
<AssgnmntListEntry Length="1" RootTermCovItemId="C16">
<MapEntry BoolAssgnmnt="1" Value="6"/>
</AssgnmntListEntry>
<AssgnmntListEntry Length="1" RootTermCovItemId="C17">
<MapEntry BoolAssgnmnt="1" Value="4"/>
</AssgnmntListEntry>
<AssgnmntListEntry Length="1" RootTermCovItemId="C18">
<MapEntry BoolAssgnmnt="0" Value="4"/>
<MapEntry BoolAssgnmnt="1" Value="4"/>
</AssgnmntListEntry>
<AssgnmntListEntry Length="1" RootTermCovItemId="C19">
<MapEntry BoolAssgnmnt="0" Value="2"/>
<MapEntry BoolAssgnmnt="1" Value="2"/>
</AssgnmntListEntry>
<AssgnmntListEntry Length="1" RootTermCovItemId="C2">
<MapEntry BoolAssgnmnt="0" Value="26"/>
<MapEntry BoolAssgnmnt="1" Value="102"/>
</AssgnmntListEntry>
<AssgnmntListEntry Length="1" RootTermCovItemId="C20">
<MapEntry BoolAssgnmnt="0" Value="2"/>
</AssgnmntListEntry>
<AssgnmntListEntry Length="1" RootTermCovItemId="C21">
<MapEntry BoolAssgnmnt="1" Value="4"/>
</AssgnmntListEntry>
<AssgnmntListEntry Length="1" RootTermCovItemId="C22">
<MapEntry BoolAssgnmnt="0" Value="4"/>
<MapEntry BoolAssgnmnt="1" Value="4"/>
</AssgnmntListEntry>
<AssgnmntListEntry Length="1" RootTermCovItemId="C23">
<MapEntry BoolAssgnmnt="0" Value="4"/>
</AssgnmntListEntry>
<AssgnmntListEntry Length="2" RootTermCovItemId="C24">
<MapEntry BoolAssgnmnt="02" Value="4"/>
</AssgnmntListEntry>
<AssgnmntListEntry Length="1" RootTermCovItemId="C27">
<MapEntry BoolAssgnmnt="0" Value="4"/>
<MapEntry BoolAssgnmnt="1" Value="2"/>
</AssgnmntListEntry>
<AssgnmntListEntry Length="1" RootTermCovItemId="C28">
<MapEntry BoolAssgnmnt="0" Value="2"/>
</AssgnmntListEntry>
<AssgnmntListEntry Length="1" RootTermCovItemId="C29">
<MapEntry BoolAssgnmnt="0" Value="6"/>
<MapEntry BoolAssgnmnt="1" Value="186"/>
</AssgnmntListEntry>
<AssgnmntListEntry Length="1" RootTermCovItemId="C3">
<MapEntry BoolAssgnmnt="0" Value="13"/>
<MapEntry BoolAssgnmnt="1" Value="13"/>
</AssgnmntListEntry>
<AssgnmntListEntry Length="2" RootTermCovItemId="C30">
<MapEntry BoolAssgnmnt="10" Value="3"/>
<MapEntry BoolAssgnmnt="11" Value="3"/>
</AssgnmntListEntry>
<AssgnmntListEntry Length="1" RootTermCovItemId="C31">
<MapEntry BoolAssgnmnt="0" Value="1"/>
<MapEntry BoolAssgnmnt="1" Value="2"/>
</AssgnmntListEntry>
<AssgnmntListEntry Length="1" RootTermCovItemId="C32">
<MapEntry BoolAssgnmnt="1" Value="2"/>
</AssgnmntListEntry>
<AssgnmntListEntry Length="1" RootTermCovItemId="C33">
<MapEntry BoolAssgnmnt="0" Value="1"/>
</AssgnmntListEntry>
<AssgnmntListEntry Length="1" RootTermCovItemId="C34">
<MapEntry BoolAssgnmnt="0" Value="1"/>
<MapEntry BoolAssgnmnt="1" Value="2"/>
</AssgnmntListEntry>
<AssgnmntListEntry Length="1" RootTermCovItemId="C4">
<MapEntry BoolAssgnmnt="0" Value="1"/>
</AssgnmntListEntry>
<AssgnmntListEntry Length="1" RootTermCovItemId="C5">
<MapEntry BoolAssgnmnt="0" Value="1"/>
<MapEntry BoolAssgnmnt="1" Value="1"/>
</AssgnmntListEntry>
<AssgnmntListEntry Length="1" RootTermCovItemId="C6">
<MapEntry BoolAssgnmnt="1" Value="1"/>
</AssgnmntListEntry>
<AssgnmntListEntry Length="2" RootTermCovItemId="C7">
<MapEntry BoolAssgnmnt="01" Value="2"/>
<MapEntry BoolAssgnmnt="00" Value="2"/>
</AssgnmntListEntry>
<AssgnmntListEntry Length="1" RootTermCovItemId="C8">
<MapEntry BoolAssgnmnt="0" Value="1"/>
<MapEntry BoolAssgnmnt="1" Value="1"/>
</AssgnmntListEntry>
<AssgnmntListEntry Length="1" RootTermCovItemId="C9">
<MapEntry BoolAssgnmnt="0" Value="2"/>
</AssgnmntListEntry>
</AssgnmntPrefix>
<AssgnmntPrefix RootTermCovItemPrefix="com.OriginalFiles.Piece.java">
<AssgnmntListEntry Length="2" RootTermCovItemId="C1">
<MapEntry BoolAssgnmnt="10" Value="36"/>
<MapEntry BoolAssgnmnt="02" Value="16"/>
</AssgnmntListEntry>
<AssgnmntListEntry Length="1" RootTermCovItemId="C10">
<MapEntry BoolAssgnmnt="1" Value="2"/>
</AssgnmntListEntry>
<AssgnmntListEntry Length="1" RootTermCovItemId="C11">
<MapEntry BoolAssgnmnt="0" Value="2"/>
</AssgnmntListEntry>
<AssgnmntListEntry Length="1" RootTermCovItemId="C12">
<MapEntry BoolAssgnmnt="1" Value="2"/>
</AssgnmntListEntry>
<AssgnmntListEntry Length="1" RootTermCovItemId="C13">
<MapEntry BoolAssgnmnt="0" Value="2"/>
</AssgnmntListEntry>
<AssgnmntListEntry Length="5" RootTermCovItemId="C17">
<MapEntry BoolAssgnmnt="00210" Value="15"/>
<MapEntry BoolAssgnmnt="00211" Value="4"/>
<MapEntry BoolAssgnmnt="01002" Value="19"/>
</AssgnmntListEntry>
<AssgnmntListEntry Length="5" RootTermCovItemId="C18">
<MapEntry BoolAssgnmnt="00210" Value="15"/>
<MapEntry BoolAssgnmnt="00211" Value="4"/>
<MapEntry BoolAssgnmnt="01002" Value="12"/>
<MapEntry BoolAssgnmnt="01122" Value="7"/>
</AssgnmntListEntry>
<AssgnmntListEntry Length="1" RootTermCovItemId="C19">
<MapEntry BoolAssgnmnt="1" Value="11"/>
</AssgnmntListEntry>
<AssgnmntListEntry Length="1" RootTermCovItemId="C20">
<MapEntry BoolAssgnmnt="0" Value="38"/>
</AssgnmntListEntry>
<AssgnmntListEntry Length="1" RootTermCovItemId="C22">
<MapEntry BoolAssgnmnt="1" Value="2"/>
</AssgnmntListEntry>
<AssgnmntListEntry Length="1" RootTermCovItemId="C23">
<MapEntry BoolAssgnmnt="0" Value="2"/>
</AssgnmntListEntry>
<AssgnmntListEntry Length="1" RootTermCovItemId="C24">
<MapEntry BoolAssgnmnt="0" Value="1"/>
<MapEntry BoolAssgnmnt="1" Value="3"/>
</AssgnmntListEntry>
<AssgnmntListEntry Length="1" RootTermCovItemId="C25">
<MapEntry BoolAssgnmnt="1" Value="3"/>
</AssgnmntListEntry>
<AssgnmntListEntry Length="1" RootTermCovItemId="C26">
<MapEntry BoolAssgnmnt="1" Value="12"/>
</AssgnmntListEntry>
<AssgnmntListEntry Length="1" RootTermCovItemId="C27">
<MapEntry BoolAssgnmnt="0" Value="12"/>
</AssgnmntListEntry>
<AssgnmntListEntry Length="1" RootTermCovItemId="C3">
<MapEntry BoolAssgnmnt="0" Value="16"/>
<MapEntry BoolAssgnmnt="1" Value="38"/>
</AssgnmntListEntry>
<AssgnmntListEntry Length="2" RootTermCovItemId="C35">
<MapEntry BoolAssgnmnt="01" Value="16"/>
<MapEntry BoolAssgnmnt="00" Value="2"/>
</AssgnmntListEntry>
<AssgnmntListEntry Length="1" RootTermCovItemId="C36">
<MapEntry BoolAssgnmnt="0" Value="16"/>
<MapEntry BoolAssgnmnt="1" Value="160"/>
</AssgnmntListEntry>
<AssgnmntListEntry Length="1" RootTermCovItemId="C37">
<MapEntry BoolAssgnmnt="0" Value="160"/>
<MapEntry BoolAssgnmnt="1" Value="1936"/>
</AssgnmntListEntry>
<AssgnmntListEntry Length="1" RootTermCovItemId="C38">
<MapEntry BoolAssgnmnt="0" Value="1236"/>
<MapEntry BoolAssgnmnt="1" Value="700"/>
</AssgnmntListEntry>
<AssgnmntListEntry Length="1" RootTermCovItemId="C39">
<MapEntry BoolAssgnmnt="0" Value="700"/>
</AssgnmntListEntry>
<AssgnmntListEntry Length="2" RootTermCovItemId="C4">
<MapEntry BoolAssgnmnt="12" Value="2"/>
</AssgnmntListEntry>
<AssgnmntListEntry Length="1" RootTermCovItemId="C5">
<MapEntry BoolAssgnmnt="0" Value="13"/>
<MapEntry BoolAssgnmnt="1" Value="23"/>
</AssgnmntListEntry>
<AssgnmntListEntry Length="1" RootTermCovItemId="C6">
<MapEntry BoolAssgnmnt="0" Value="16"/>
<MapEntry BoolAssgnmnt="1" Value="38"/>
</AssgnmntListEntry>
<AssgnmntListEntry Length="1" RootTermCovItemId="C7">
<MapEntry BoolAssgnmnt="0" Value="38"/>
</AssgnmntListEntry>
<AssgnmntListEntry Length="1" RootTermCovItemId="C8">
<MapEntry BoolAssgnmnt="0" Value="2"/>
<MapEntry BoolAssgnmnt="1" Value="36"/>
</AssgnmntListEntry>
<AssgnmntListEntry Length="1" RootTermCovItemId="C9">
<MapEntry BoolAssgnmnt="0" Value="36"/>
<MapEntry BoolAssgnmnt="1" Value="2"/>
</AssgnmntListEntry>
</AssgnmntPrefix>
<AssgnmntPrefix RootTermCovItemPrefix="com.OriginalFiles.RemoteNXTFunctions.java">
<AssgnmntListEntry Length="1" RootTermCovItemId="C5">
<MapEntry BoolAssgnmnt="1" Value="1"/>
</AssgnmntListEntry>
<AssgnmntListEntry Length="2" RootTermCovItemId="C6">
<MapEntry BoolAssgnmnt="11" Value="1"/>
</AssgnmntListEntry>
</AssgnmntPrefix>
</AssgnmntList>
<ObjMetaDataList/>
<MetaDataList/>
</TestCase>
<TestCase Comment="" Date="1386064083414" Name="com.Testing.MiTest:testLookForBestMoveDrawGame">
<CovList>
<CovPrefix CovItemPrefix="com.OriginalFiles.Analyze.java">
<Cov CovItemId="B103" Value="1"/>
<Cov CovItemId="B107" Value="1"/>
<Cov CovItemId="B120" Value="12"/>
<Cov CovItemId="B121" Value="372"/>
<Cov CovItemId="B122" Value="6"/>
<Cov CovItemId="B123" Value="6"/>
<Cov CovItemId="B124" Value="6"/>
<Cov CovItemId="B126" Value="6"/>
<Cov CovItemId="B127" Value="6"/>
<Cov CovItemId="B128" Value="6"/>
<Cov CovItemId="B131" Value="6"/>
<Cov CovItemId="B133" Value="6"/>
<Cov CovItemId="B134" Value="6"/>
<Cov CovItemId="B136" Value="6"/>
<Cov CovItemId="B138" Value="6"/>
<Cov CovItemId="B140" Value="6"/>
<Cov CovItemId="B144" Value="3"/>
<Cov CovItemId="B147" Value="3"/>
<Cov CovItemId="B148" Value="6"/>
<Cov CovItemId="B149" Value="90"/>
<Cov CovItemId="B151" Value="3"/>
<Cov CovItemId="B156" Value="9"/>
<Cov CovItemId="B157" Value="9"/>
<Cov CovItemId="B84" Value="6"/>
<Cov CovItemId="L16-2" Value="6"/>
<Cov CovItemId="L17-2" Value="48"/>
<Cov CovItemId="L18-2" Value="3"/>
<Cov CovItemId="L19-2" Value="12"/>
<Cov CovItemId="S1" Value="1"/>
<Cov CovItemId="S149" Value="6"/>
<Cov CovItemId="S191" Value="1"/>
<Cov CovItemId="S192" Value="1"/>
<Cov CovItemId="S193" Value="1"/>
<Cov CovItemId="S199" Value="1"/>
<Cov CovItemId="S2" Value="1"/>
<Cov CovItemId="S200" Value="1"/>
<Cov CovItemId="S201" Value="1"/>
<Cov CovItemId="S202" Value="1"/>
<Cov CovItemId="S203" Value="1"/>
<Cov CovItemId="S204" Value="1"/>
<Cov CovItemId="S221" Value="6"/>
<Cov CovItemId="S222" Value="6"/>
<Cov CovItemId="S223" Value="6"/>
<Cov CovItemId="S224" Value="6"/>
<Cov CovItemId="S225" Value="6"/>
<Cov CovItemId="S226" Value="6"/>
<Cov CovItemId="S227" Value="48"/>
<Cov CovItemId="S228" Value="384"/>
<Cov CovItemId="S229" Value="12"/>
<Cov CovItemId="S230" Value="6"/>
<Cov CovItemId="S231" Value="6"/>
<Cov CovItemId="S232" Value="6"/>
<Cov CovItemId="S233" Value="12"/>
<Cov CovItemId="S234" Value="6"/>
<Cov CovItemId="S235" Value="6"/>
<Cov CovItemId="S236" Value="6"/>
<Cov CovItemId="S237" Value="6"/>
<Cov CovItemId="S239" Value="6"/>
<Cov CovItemId="S241" Value="6"/>
<Cov CovItemId="S242" Value="6"/>
<Cov CovItemId="S243" Value="6"/>
<Cov CovItemId="S244" Value="6"/>
<Cov CovItemId="S245" Value="6"/>
<Cov CovItemId="S246" Value="6"/>
<Cov CovItemId="S247" Value="6"/>
<Cov CovItemId="S251" Value="3"/>
<Cov CovItemId="S252" Value="3"/>
<Cov CovItemId="S253" Value="3"/>
<Cov CovItemId="S255" Value="3"/>
<Cov CovItemId="S256" Value="3"/>
<Cov CovItemId="S257" Value="12"/>
<Cov CovItemId="S258" Value="96"/>
<Cov CovItemId="S259" Value="6"/>
<Cov CovItemId="S260" Value="3"/>
<Cov CovItemId="S266" Value="3"/>
<Cov CovItemId="S267" Value="18"/>
<Cov CovItemId="S268" Value="9"/>
<Cov CovItemId="S269" Value="9"/>
<Cov CovItemId="S3" Value="1"/>
<Cov CovItemId="S4" Value="1"/>
<Cov CovItemId="S5" Value="1"/>
</CovPrefix>
<CovPrefix CovItemPrefix="com.OriginalFiles.Board.java">
<Cov CovItemId="B1" Value="32"/>
<Cov CovItemId="B10" Value="8"/>
<Cov CovItemId="B2" Value="32"/>
<Cov CovItemId="B3" Value="12"/>
<Cov CovItemId="B31" Value="6"/>
<Cov CovItemId="B34" Value="6"/>
<Cov CovItemId="B36" Value="6"/>
<Cov CovItemId="B37" Value="6"/>
<Cov CovItemId="B4" Value="20"/>
<Cov CovItemId="B41" Value="53"/>
<Cov CovItemId="B42" Value="24"/>
<Cov CovItemId="B43" Value="1"/>
<Cov CovItemId="B44" Value="13"/>
<Cov CovItemId="B45" Value="6"/>
<Cov CovItemId="B46" Value="8"/>
<Cov CovItemId="B47" Value="14"/>
<Cov CovItemId="B49" Value="14"/>
<Cov CovItemId="B5" Value="4"/>
<Cov CovItemId="B51" Value="4"/>
<Cov CovItemId="B52" Value="10"/>
<Cov CovItemId="B53" Value="14"/>
<Cov CovItemId="B56" Value="55"/>
<Cov CovItemId="B57" Value="25"/>
<Cov CovItemId="B58" Value="30"/>
<Cov CovItemId="B59" Value="25"/>
<Cov CovItemId="B6" Value="8"/>
<Cov CovItemId="B61" Value="1"/>
<Cov CovItemId="B62" Value="24"/>
<Cov CovItemId="B63" Value="224"/>
<Cov CovItemId="B64" Value="224"/>
<Cov CovItemId="B65" Value="14"/>
<Cov CovItemId="B66" Value="210"/>
<Cov CovItemId="B67" Value="7"/>
<Cov CovItemId="B68" Value="7"/>
<Cov CovItemId="B69" Value="1"/>
<Cov CovItemId="B7" Value="12"/>
<Cov CovItemId="B79" Value="161"/>
<Cov CovItemId="B8" Value="20"/>
<Cov CovItemId="B81" Value="93"/>
<Cov CovItemId="B82" Value="68"/>
<Cov CovItemId="B83" Value="52"/>
<Cov CovItemId="B84" Value="204"/>
<Cov CovItemId="B85" Value="37"/>
<Cov CovItemId="B86" Value="167"/>
<Cov CovItemId="B9" Value="4"/>
<Cov CovItemId="L1-2" Value="1"/>
<Cov CovItemId="L10-2" Value="112"/>
<Cov CovItemId="L13-2" Value="7"/>
<Cov CovItemId="L14-2" Value="56"/>
<Cov CovItemId="L2-2" Value="8"/>
<Cov CovItemId="L3-2" Value="1"/>
<Cov CovItemId="L4-2" Value="1"/>
<Cov CovItemId="L5-2" Value="1"/>
<Cov CovItemId="L6-2" Value="3"/>
<Cov CovItemId="L7-2" Value="1"/>
<Cov CovItemId="L8-2" Value="2"/>
<Cov CovItemId="L9-2" Value="14"/>
<Cov CovItemId="S1" Value="1"/>
<Cov CovItemId="S10" Value="1"/>
<Cov CovItemId="S101" Value="6"/>
<Cov CovItemId="S102" Value="6"/>
<Cov CovItemId="S104" Value="6"/>
<Cov CovItemId="S106" Value="6"/>
<Cov CovItemId="S107" Value="6"/>
<Cov CovItemId="S108" Value="6"/>
<Cov CovItemId="S109" Value="6"/>
<Cov CovItemId="S11" Value="8"/>
<Cov CovItemId="S115" Value="77"/>
<Cov CovItemId="S116" Value="53"/>
<Cov CovItemId="S117" Value="24"/>
<Cov CovItemId="S118" Value="14"/>
<Cov CovItemId="S119" Value="14"/>
<Cov CovItemId="S12" Value="64"/>
<Cov CovItemId="S120" Value="1"/>
<Cov CovItemId="S121" Value="13"/>
<Cov CovItemId="S122" Value="13"/>
<Cov CovItemId="S123" Value="14"/>
<Cov CovItemId="S124" Value="14"/>
<Cov CovItemId="S125" Value="6"/>
<Cov CovItemId="S126" Value="14"/>
<Cov CovItemId="S127" Value="14"/>
<Cov CovItemId="S128" Value="14"/>
<Cov CovItemId="S129" Value="14"/>
<Cov CovItemId="S13" Value="64"/>
<Cov CovItemId="S130" Value="4"/>
<Cov CovItemId="S131" Value="14"/>
<Cov CovItemId="S132" Value="14"/>
<Cov CovItemId="S133" Value="14"/>
<Cov CovItemId="S134" Value="14"/>
<Cov CovItemId="S135" Value="55"/>
<Cov CovItemId="S137" Value="55"/>
<Cov CovItemId="S138" Value="25"/>
<Cov CovItemId="S139" Value="25"/>
<Cov CovItemId="S14" Value="64"/>
<Cov CovItemId="S140" Value="1"/>
<Cov CovItemId="S141" Value="54"/>
<Cov CovItemId="S142" Value="55"/>
<Cov CovItemId="S143" Value="7"/>
<Cov CovItemId="S144" Value="7"/>
<Cov CovItemId="S145" Value="56"/>
<Cov CovItemId="S146" Value="448"/>
<Cov CovItemId="S147" Value="224"/>
<Cov CovItemId="S148" Value="14"/>
<Cov CovItemId="S149" Value="7"/>
<Cov CovItemId="S15" Value="64"/>
<Cov CovItemId="S150" Value="7"/>
<Cov CovItemId="S151" Value="7"/>
<Cov CovItemId="S152" Value="1"/>
<Cov CovItemId="S153" Value="1"/>
<Cov CovItemId="S154" Value="1"/>
<Cov CovItemId="S16" Value="32"/>
<Cov CovItemId="S17" Value="32"/>
<Cov CovItemId="S176" Value="161"/>
<Cov CovItemId="S177" Value="161"/>
<Cov CovItemId="S178" Value="93"/>
<Cov CovItemId="S179" Value="68"/>
<Cov CovItemId="S18" Value="32"/>
<Cov CovItemId="S180" Value="256"/>
<Cov CovItemId="S181" Value="52"/>
<Cov CovItemId="S182" Value="204"/>
<Cov CovItemId="S183" Value="37"/>
<Cov CovItemId="S184" Value="167"/>
<Cov CovItemId="S185" Value="495"/>
<Cov CovItemId="S19" Value="12"/>
<Cov CovItemId="S2" Value="1"/>
<Cov CovItemId="S20" Value="12"/>
<Cov CovItemId="S21" Value="12"/>
<Cov CovItemId="S22" Value="4"/>
<Cov CovItemId="S23" Value="32"/>
<Cov CovItemId="S24" Value="12"/>
<Cov CovItemId="S25" Value="12"/>
<Cov CovItemId="S26" Value="12"/>
<Cov CovItemId="S27" Value="4"/>
<Cov CovItemId="S28" Value="32"/>
<Cov CovItemId="S29" Value="32"/>
<Cov CovItemId="S3" Value="1"/>
<Cov CovItemId="S30" Value="64"/>
<Cov CovItemId="S31" Value="1"/>
<Cov CovItemId="S32" Value="8"/>
<Cov CovItemId="S33" Value="8"/>
<Cov CovItemId="S34" Value="8"/>
<Cov CovItemId="S35" Value="8"/>
<Cov CovItemId="S36" Value="8"/>
<Cov CovItemId="S37" Value="8"/>
<Cov CovItemId="S38" Value="8"/>
<Cov CovItemId="S39" Value="8"/>
<Cov CovItemId="S4" Value="1"/>
<Cov CovItemId="S40" Value="1"/>
<Cov CovItemId="S41" Value="8"/>
<Cov CovItemId="S42" Value="8"/>
<Cov CovItemId="S43" Value="8"/>
<Cov CovItemId="S44" Value="8"/>
<Cov CovItemId="S45" Value="8"/>
<Cov CovItemId="S46" Value="8"/>
<Cov CovItemId="S47" Value="8"/>
<Cov CovItemId="S48" Value="8"/>
<Cov CovItemId="S49" Value="1"/>
<Cov CovItemId="S5" Value="1"/>
<Cov CovItemId="S50" Value="3"/>
<Cov CovItemId="S51" Value="24"/>
<Cov CovItemId="S52" Value="24"/>
<Cov CovItemId="S53" Value="24"/>
<Cov CovItemId="S54" Value="24"/>
<Cov CovItemId="S55" Value="1"/>
<Cov CovItemId="S56" Value="2"/>
<Cov CovItemId="S57" Value="16"/>
<Cov CovItemId="S58" Value="16"/>
<Cov CovItemId="S59" Value="16"/>
<Cov CovItemId="S6" Value="1"/>
<Cov CovItemId="S60" Value="16"/>
<Cov CovItemId="S61" Value="14"/>
<Cov CovItemId="S62" Value="112"/>
<Cov CovItemId="S63" Value="896"/>
<Cov CovItemId="S7" Value="1"/>
<Cov CovItemId="S8" Value="1"/>
<Cov CovItemId="S9" Value="1"/>
<Cov CovItemId="S98" Value="6"/>
<Cov CovItemId="S99" Value="6"/>
</CovPrefix>
<CovPrefix CovItemPrefix="com.OriginalFiles.Field.java">
<Cov CovItemId="B1" Value="48"/>
<Cov CovItemId="B2" Value="8"/>
<Cov CovItemId="S1" Value="120"/>
<Cov CovItemId="S13" Value="70"/>
<Cov CovItemId="S2" Value="120"/>
<Cov CovItemId="S5" Value="56"/>
<Cov CovItemId="S6" Value="56"/>
<Cov CovItemId="S7" Value="48"/>
<Cov CovItemId="S8" Value="458"/>
<Cov CovItemId="S9" Value="961"/>
</CovPrefix>
<CovPrefix CovItemPrefix="com.OriginalFiles.MI.java">
<Cov CovItemId="B1" Value="1"/>
<Cov CovItemId="B13" Value="3"/>
<Cov CovItemId="B17" Value="3"/>
<Cov CovItemId="B20" Value="3"/>
<Cov CovItemId="B23" Value="3"/>
<Cov CovItemId="B25" Value="3"/>
<Cov CovItemId="B27" Value="3"/>
<Cov CovItemId="B3" Value="26"/>
<Cov CovItemId="B30" Value="3"/>
<Cov CovItemId="B32" Value="3"/>
<Cov CovItemId="B33" Value="3"/>
<Cov CovItemId="B36" Value="3"/>
<Cov CovItemId="B39" Value="3"/>
<Cov CovItemId="B4" Value="102"/>
<Cov CovItemId="B41" Value="3"/>
<Cov CovItemId="B44" Value="3"/>
<Cov CovItemId="B5" Value="13"/>
<Cov CovItemId="B51" Value="2"/>
<Cov CovItemId="B52" Value="62"/>
<Cov CovItemId="B53" Value="1"/>
<Cov CovItemId="B54" Value="1"/>
<Cov CovItemId="B56" Value="1"/>
<Cov CovItemId="B59" Value="1"/>
<Cov CovItemId="B6" Value="13"/>
<Cov CovItemId="B62" Value="1"/>
<Cov CovItemId="B8" Value="1"/>
<Cov CovItemId="B9" Value="3"/>
<Cov CovItemId="L1-2" Value="2"/>
<Cov CovItemId="L10-2" Value="1"/>
<Cov CovItemId="L11-2" Value="8"/>
<Cov CovItemId="L13-2" Value="1"/>
<Cov CovItemId="L2-2" Value="16"/>
<Cov CovItemId="L3-2" Value="1"/>
<Cov CovItemId="L5-1" Value="3"/>
<Cov CovItemId="L6-1" Value="3"/>
<Cov CovItemId="L7-1" Value="3"/>
<Cov CovItemId="L8-1" Value="3"/>
<Cov CovItemId="L9-0" Value="3"/>
<Cov CovItemId="S1" Value="1"/>
<Cov CovItemId="S10" Value="1"/>
<Cov CovItemId="S100" Value="3"/>
<Cov CovItemId="S101" Value="3"/>
<Cov CovItemId="S102" Value="3"/>
<Cov CovItemId="S103" Value="3"/>
<Cov CovItemId="S104" Value="3"/>
<Cov CovItemId="S105" Value="3"/>
<Cov CovItemId="S106" Value="3"/>
<Cov CovItemId="S107" Value="3"/>
<Cov CovItemId="S108" Value="3"/>
<Cov CovItemId="S109" Value="3"/>
<Cov CovItemId="S11" Value="1"/>
<Cov CovItemId="S115" Value="3"/>
<Cov CovItemId="S116" Value="3"/>
<Cov CovItemId="S117" Value="3"/>
<Cov CovItemId="S12" Value="1"/>
<Cov CovItemId="S123" Value="1"/>
<Cov CovItemId="S124" Value="1"/>
<Cov CovItemId="S125" Value="1"/>
<Cov CovItemId="S126" Value="1"/>
<Cov CovItemId="S127" Value="8"/>
<Cov CovItemId="S128" Value="64"/>
<Cov CovItemId="S129" Value="2"/>
<Cov CovItemId="S130" Value="1"/>
<Cov CovItemId="S135" Value="1"/>
<Cov CovItemId="S136" Value="1"/>
<Cov CovItemId="S137" Value="1"/>
<Cov CovItemId="S138" Value="3"/>
<Cov CovItemId="S139" Value="3"/>
<Cov CovItemId="S14" Value="1"/>
<Cov CovItemId="S140" Value="1"/>
<Cov CovItemId="S142" Value="1"/>
<Cov CovItemId="S15" Value="1"/>
<Cov CovItemId="S16" Value="2"/>
<Cov CovItemId="S17" Value="2"/>
<Cov CovItemId="S18" Value="2"/>
<Cov CovItemId="S19" Value="16"/>
<Cov CovItemId="S2" Value="1"/>
<Cov CovItemId="S20" Value="128"/>
<Cov CovItemId="S21" Value="26"/>
<Cov CovItemId="S22" Value="13"/>
<Cov CovItemId="S23" Value="13"/>
<Cov CovItemId="S24" Value="1"/>
<Cov CovItemId="S25" Value="1"/>
<Cov CovItemId="S26" Value="1"/>
<Cov CovItemId="S27" Value="1"/>
<Cov CovItemId="S28" Value="1"/>
<Cov CovItemId="S3" Value="1"/>
<Cov CovItemId="S30" Value="1"/>
<Cov CovItemId="S31" Value="3"/>
<Cov CovItemId="S32" Value="3"/>
<Cov CovItemId="S33" Value="3"/>
<Cov CovItemId="S34" Value="3"/>
<Cov CovItemId="S35" Value="3"/>
<Cov CovItemId="S36" Value="3"/>
<Cov CovItemId="S37" Value="3"/>
<Cov CovItemId="S4" Value="1"/>
<Cov CovItemId="S40" Value="1"/>
<Cov CovItemId="S41" Value="3"/>
<Cov CovItemId="S42" Value="3"/>
<Cov CovItemId="S5" Value="1"/>
<Cov CovItemId="S54" Value="3"/>
<Cov CovItemId="S55" Value="3"/>
<Cov CovItemId="S56" Value="3"/>
<Cov CovItemId="S57" Value="3"/>
<Cov CovItemId="S58" Value="3"/>
<Cov CovItemId="S59" Value="3"/>
<Cov CovItemId="S6" Value="1"/>
<Cov CovItemId="S61" Value="3"/>
<Cov CovItemId="S62" Value="3"/>
<Cov CovItemId="S63" Value="3"/>
<Cov CovItemId="S64" Value="3"/>
<Cov CovItemId="S65" Value="3"/>
<Cov CovItemId="S66" Value="3"/>
<Cov CovItemId="S67" Value="3"/>
<Cov CovItemId="S68" Value="3"/>
<Cov CovItemId="S7" Value="1"/>
<Cov CovItemId="S73" Value="3"/>
<Cov CovItemId="S75" Value="3"/>
<Cov CovItemId="S77" Value="3"/>
<Cov CovItemId="S8" Value="1"/>
<Cov CovItemId="S80" Value="3"/>
<Cov CovItemId="S81" Value="3"/>
<Cov CovItemId="S83" Value="3"/>
<Cov CovItemId="S84" Value="3"/>
<Cov CovItemId="S86" Value="3"/>
<Cov CovItemId="S87" Value="3"/>
<Cov CovItemId="S88" Value="3"/>
<Cov CovItemId="S89" Value="3"/>
<Cov CovItemId="S9" Value="1"/>
<Cov CovItemId="S90" Value="3"/>
<Cov CovItemId="S91" Value="3"/>
<Cov CovItemId="S92" Value="3"/>
<Cov CovItemId="S99" Value="3"/>
</CovPrefix>
<CovPrefix CovItemPrefix="com.OriginalFiles.Move.java">
<Cov CovItemId="S1" Value="3"/>
<Cov CovItemId="S2" Value="3"/>
<Cov CovItemId="S3" Value="3"/>
<Cov CovItemId="S4" Value="3"/>
<Cov CovItemId="S5" Value="3"/>
<Cov CovItemId="S6" Value="3"/>
<Cov CovItemId="S7" Value="3"/>
</CovPrefix>
<CovPrefix CovItemPrefix="com.OriginalFiles.Piece.java">
<Cov CovItemId="B1" Value="8"/>
<Cov CovItemId="B10" Value="12"/>
<Cov CovItemId="B11" Value="38"/>
<Cov CovItemId="B12" Value="16"/>
<Cov CovItemId="B13" Value="14"/>
<Cov CovItemId="B14" Value="24"/>
<Cov CovItemId="B15" Value="32"/>
<Cov CovItemId="B16" Value="6"/>
<Cov CovItemId="B17" Value="6"/>
<Cov CovItemId="B18" Value="32"/>
<Cov CovItemId="B19" Value="3"/>
<Cov CovItemId="B2" Value="40"/>
<Cov CovItemId="B20" Value="3"/>
<Cov CovItemId="B22" Value="6"/>
<Cov CovItemId="B25" Value="6"/>
<Cov CovItemId="B27" Value="2"/>
<Cov CovItemId="B28" Value="4"/>
<Cov CovItemId="B29" Value="2"/>
<Cov CovItemId="B3" Value="5"/>
<Cov CovItemId="B30" Value="4"/>
<Cov CovItemId="B31" Value="3"/>
<Cov CovItemId="B32" Value="3"/>
<Cov CovItemId="B34" Value="38"/>
<Cov CovItemId="B35" Value="8"/>
<Cov CovItemId="B36" Value="30"/>
<Cov CovItemId="B37" Value="8"/>
<Cov CovItemId="B39" Value="14"/>
<Cov CovItemId="B4" Value="3"/>
<Cov CovItemId="B40" Value="24"/>
<Cov CovItemId="B41" Value="4"/>
<Cov CovItemId="B42" Value="8"/>
<Cov CovItemId="B44" Value="3"/>
<Cov CovItemId="B45" Value="3"/>
<Cov CovItemId="B47" Value="10"/>
<Cov CovItemId="B48" Value="2"/>
<Cov CovItemId="B49" Value="10"/>
<Cov CovItemId="B5" Value="38"/>
<Cov CovItemId="B51" Value="36"/>
<Cov CovItemId="B52" Value="4"/>
<Cov CovItemId="B53" Value="4"/>
<Cov CovItemId="B54" Value="32"/>
<Cov CovItemId="B55" Value="4"/>
<Cov CovItemId="B58" Value="4"/>
<Cov CovItemId="B59" Value="4"/>
<Cov CovItemId="B6" Value="16"/>
<Cov CovItemId="B62" Value="4"/>
<Cov CovItemId="B63" Value="4"/>
<Cov CovItemId="B65" Value="4"/>
<Cov CovItemId="B68" Value="4"/>
<Cov CovItemId="B69" Value="28"/>
<Cov CovItemId="B7" Value="6"/>
<Cov CovItemId="B70" Value="14"/>
<Cov CovItemId="B71" Value="3"/>
<Cov CovItemId="B72" Value="25"/>
<Cov CovItemId="B9" Value="20"/>
<Cov CovItemId="L1-2" Value="3"/>
<Cov CovItemId="L2-1" Value="2"/>
<Cov CovItemId="L2-2" Value="4"/>
<Cov CovItemId="L3-1" Value="2"/>
<Cov CovItemId="L3-2" Value="12"/>
<Cov CovItemId="S1" Value="40"/>
<Cov CovItemId="S10" Value="40"/>
<Cov CovItemId="S100" Value="4"/>
<Cov CovItemId="S101" Value="4"/>
<Cov CovItemId="S102" Value="4"/>
<Cov CovItemId="S103" Value="4"/>
<Cov CovItemId="S104" Value="4"/>
<Cov CovItemId="S106" Value="4"/>
<Cov CovItemId="S107" Value="4"/>
<Cov CovItemId="S108" Value="4"/>
<Cov CovItemId="S109" Value="4"/>
<Cov CovItemId="S11" Value="40"/>
<Cov CovItemId="S111" Value="4"/>
<Cov CovItemId="S112" Value="4"/>
<Cov CovItemId="S113" Value="4"/>
<Cov CovItemId="S114" Value="4"/>
<Cov CovItemId="S117" Value="4"/>
<Cov CovItemId="S118" Value="36"/>
<Cov CovItemId="S119" Value="3"/>
<Cov CovItemId="S12" Value="40"/>
<Cov CovItemId="S120" Value="3"/>
<Cov CovItemId="S121" Value="3"/>
<Cov CovItemId="S122" Value="6"/>
<Cov CovItemId="S123" Value="6"/>
<Cov CovItemId="S124" Value="14"/>
<Cov CovItemId="S125" Value="42"/>
<Cov CovItemId="S126" Value="28"/>
<Cov CovItemId="S127" Value="3"/>
<Cov CovItemId="S128" Value="3"/>
<Cov CovItemId="S129" Value="3"/>
<Cov CovItemId="S13" Value="40"/>
<Cov CovItemId="S14" Value="40"/>
<Cov CovItemId="S15" Value="40"/>
<Cov CovItemId="S16" Value="40"/>
<Cov CovItemId="S17" Value="40"/>
<Cov CovItemId="S18" Value="40"/>
<Cov CovItemId="S19" Value="40"/>
<Cov CovItemId="S2" Value="40"/>
<Cov CovItemId="S20" Value="40"/>
<Cov CovItemId="S21" Value="40"/>
<Cov CovItemId="S22" Value="18"/>
<Cov CovItemId="S23" Value="123"/>
<Cov CovItemId="S24" Value="48"/>
<Cov CovItemId="S25" Value="48"/>
<Cov CovItemId="S26" Value="48"/>
<Cov CovItemId="S27" Value="8"/>
<Cov CovItemId="S28" Value="5"/>
<Cov CovItemId="S29" Value="8"/>
<Cov CovItemId="S3" Value="40"/>
<Cov CovItemId="S30" Value="40"/>
<Cov CovItemId="S31" Value="48"/>
<Cov CovItemId="S32" Value="54"/>
<Cov CovItemId="S33" Value="38"/>
<Cov CovItemId="S34" Value="16"/>
<Cov CovItemId="S35" Value="16"/>
<Cov CovItemId="S36" Value="6"/>
<Cov CovItemId="S37" Value="6"/>
<Cov CovItemId="S38" Value="6"/>
<Cov CovItemId="S39" Value="32"/>
<Cov CovItemId="S4" Value="40"/>
<Cov CovItemId="S40" Value="20"/>
<Cov CovItemId="S41" Value="12"/>
<Cov CovItemId="S42" Value="48"/>
<Cov CovItemId="S43" Value="54"/>
<Cov CovItemId="S44" Value="38"/>
<Cov CovItemId="S45" Value="38"/>
<Cov CovItemId="S46" Value="38"/>
<Cov CovItemId="S47" Value="14"/>
<Cov CovItemId="S48" Value="38"/>
<Cov CovItemId="S49" Value="32"/>
<Cov CovItemId="S5" Value="40"/>
<Cov CovItemId="S50" Value="38"/>
<Cov CovItemId="S51" Value="6"/>
<Cov CovItemId="S52" Value="3"/>
<Cov CovItemId="S53" Value="3"/>
<Cov CovItemId="S54" Value="6"/>
<Cov CovItemId="S58" Value="6"/>
<Cov CovItemId="S59" Value="6"/>
<Cov CovItemId="S6" Value="40"/>
<Cov CovItemId="S60" Value="2"/>
<Cov CovItemId="S61" Value="6"/>
<Cov CovItemId="S62" Value="2"/>
<Cov CovItemId="S63" Value="6"/>
<Cov CovItemId="S64" Value="3"/>
<Cov CovItemId="S65" Value="38"/>
<Cov CovItemId="S67" Value="38"/>
<Cov CovItemId="S68" Value="8"/>
<Cov CovItemId="S69" Value="8"/>
<Cov CovItemId="S7" Value="40"/>
<Cov CovItemId="S70" Value="8"/>
<Cov CovItemId="S71" Value="38"/>
<Cov CovItemId="S72" Value="14"/>
<Cov CovItemId="S73" Value="38"/>
<Cov CovItemId="S74" Value="12"/>
<Cov CovItemId="S75" Value="4"/>
<Cov CovItemId="S76" Value="8"/>
<Cov CovItemId="S77" Value="3"/>
<Cov CovItemId="S78" Value="3"/>
<Cov CovItemId="S79" Value="3"/>
<Cov CovItemId="S8" Value="40"/>
<Cov CovItemId="S81" Value="3"/>
<Cov CovItemId="S82" Value="3"/>
<Cov CovItemId="S83" Value="3"/>
<Cov CovItemId="S84" Value="3"/>
<Cov CovItemId="S85" Value="3"/>
<Cov CovItemId="S86" Value="3"/>
<Cov CovItemId="S87" Value="12"/>
<Cov CovItemId="S88" Value="10"/>
<Cov CovItemId="S89" Value="10"/>
<Cov CovItemId="S9" Value="40"/>
<Cov CovItemId="S90" Value="10"/>
<Cov CovItemId="S91" Value="10"/>
<Cov CovItemId="S92" Value="10"/>
<Cov CovItemId="S93" Value="10"/>
<Cov CovItemId="S94" Value="10"/>
<Cov CovItemId="S95" Value="10"/>
<Cov CovItemId="S96" Value="2"/>
<Cov CovItemId="S97" Value="40"/>
<Cov CovItemId="S98" Value="40"/>
<Cov CovItemId="S99" Value="36"/>
</CovPrefix>
<CovPrefix CovItemPrefix="com.OriginalFiles.RemoteNXTFunctions.java">
<Cov CovItemId="B5" Value="1"/>
<Cov CovItemId="B7" Value="1"/>
<Cov CovItemId="S1" Value="1"/>
<Cov CovItemId="S162" Value="1"/>
<Cov CovItemId="S19" Value="1"/>
<Cov CovItemId="S2" Value="1"/>
<Cov CovItemId="S20" Value="1"/>
<Cov CovItemId="S21" Value="1"/>
<Cov CovItemId="S22" Value="1"/>
<Cov CovItemId="S3" Value="1"/>
</CovPrefix>
</CovList>
<AssgnmntList>
<AssgnmntPrefix RootTermCovItemPrefix="com.OriginalFiles.Analyze.java">
<AssgnmntListEntry Length="1" RootTermCovItemId="C49">
<MapEntry BoolAssgnmnt="0" Value="6"/>
</AssgnmntListEntry>
<AssgnmntListEntry Length="1" RootTermCovItemId="C64">
<MapEntry BoolAssgnmnt="1" Value="1"/>
</AssgnmntListEntry>
<AssgnmntListEntry Length="6" RootTermCovItemId="C66">
<MapEntry BoolAssgnmnt="111111" Value="1"/>
</AssgnmntListEntry>
<AssgnmntListEntry Length="1" RootTermCovItemId="C70">
<MapEntry BoolAssgnmnt="0" Value="12"/>
<MapEntry BoolAssgnmnt="1" Value="372"/>
</AssgnmntListEntry>
<AssgnmntListEntry Length="1" RootTermCovItemId="C71">
<MapEntry BoolAssgnmnt="0" Value="6"/>
<MapEntry BoolAssgnmnt="1" Value="6"/>
</AssgnmntListEntry>
<AssgnmntListEntry Length="1" RootTermCovItemId="C72">
<MapEntry BoolAssgnmnt="1" Value="6"/>
</AssgnmntListEntry>
<AssgnmntListEntry Length="1" RootTermCovItemId="C73">
<MapEntry BoolAssgnmnt="0" Value="6"/>
<MapEntry BoolAssgnmnt="1" Value="6"/>
</AssgnmntListEntry>
<AssgnmntListEntry Length="1" RootTermCovItemId="C74">
<MapEntry BoolAssgnmnt="1" Value="6"/>
</AssgnmntListEntry>
<AssgnmntListEntry Length="3" RootTermCovItemId="C75">
<MapEntry BoolAssgnmnt="012" Value="6"/>
</AssgnmntListEntry>
<AssgnmntListEntry Length="3" RootTermCovItemId="C76">
<MapEntry BoolAssgnmnt="011" Value="6"/>
</AssgnmntListEntry>
<AssgnmntListEntry Length="2" RootTermCovItemId="C77">
<MapEntry BoolAssgnmnt="11" Value="6"/>
</AssgnmntListEntry>
<AssgnmntListEntry Length="2" RootTermCovItemId="C78">
<MapEntry BoolAssgnmnt="11" Value="6"/>
</AssgnmntListEntry>
<AssgnmntListEntry Length="2" RootTermCovItemId="C79">
<MapEntry BoolAssgnmnt="12" Value="6"/>
</AssgnmntListEntry>
<AssgnmntListEntry Length="2" RootTermCovItemId="C80">
<MapEntry BoolAssgnmnt="10" Value="6"/>
</AssgnmntListEntry>
<AssgnmntListEntry Length="1" RootTermCovItemId="C82">
<MapEntry BoolAssgnmnt="1" Value="3"/>
</AssgnmntListEntry>
<AssgnmntListEntry Length="1" RootTermCovItemId="C83">
<MapEntry BoolAssgnmnt="1" Value="3"/>
</AssgnmntListEntry>
<AssgnmntListEntry Length="1" RootTermCovItemId="C84">
<MapEntry BoolAssgnmnt="0" Value="3"/>
<MapEntry BoolAssgnmnt="1" Value="12"/>
</AssgnmntListEntry>
<AssgnmntListEntry Length="1" RootTermCovItemId="C85">
<MapEntry BoolAssgnmnt="0" Value="12"/>
<MapEntry BoolAssgnmnt="1" Value="96"/>
</AssgnmntListEntry>
<AssgnmntListEntry Length="1" RootTermCovItemId="C86">
<MapEntry BoolAssgnmnt="0" Value="6"/>
<MapEntry BoolAssgnmnt="1" Value="90"/>
</AssgnmntListEntry>
<AssgnmntListEntry Length="1" RootTermCovItemId="C87">
<MapEntry BoolAssgnmnt="0" Value="3"/>
</AssgnmntListEntry>
<AssgnmntListEntry Length="8" RootTermCovItemId="C90">
<MapEntry BoolAssgnmnt="11222222" Value="9"/>
<MapEntry BoolAssgnmnt="02020202" Value="6"/>
<MapEntry BoolAssgnmnt="10020202" Value="3"/>
</AssgnmntListEntry>
</AssgnmntPrefix>
<AssgnmntPrefix RootTermCovItemPrefix="com.OriginalFiles.Board.java">
<AssgnmntListEntry Length="1" RootTermCovItemId="C1">
<MapEntry BoolAssgnmnt="0" Value="1"/>
<MapEntry BoolAssgnmnt="1" Value="8"/>
</AssgnmntListEntry>
<AssgnmntListEntry Length="1" RootTermCovItemId="C10">
<MapEntry BoolAssgnmnt="0" Value="1"/>
<MapEntry BoolAssgnmnt="1" Value="3"/>
</AssgnmntListEntry>
<AssgnmntListEntry Length="1" RootTermCovItemId="C11">
<MapEntry BoolAssgnmnt="0" Value="3"/>
<MapEntry BoolAssgnmnt="1" Value="24"/>
</AssgnmntListEntry>
<AssgnmntListEntry Length="1" RootTermCovItemId="C12">
<MapEntry BoolAssgnmnt="0" Value="1"/>
<MapEntry BoolAssgnmnt="1" Value="2"/>
</AssgnmntListEntry>
<AssgnmntListEntry Length="1" RootTermCovItemId="C13">
<MapEntry BoolAssgnmnt="0" Value="2"/>
<MapEntry BoolAssgnmnt="1" Value="16"/>
</AssgnmntListEntry>
<AssgnmntListEntry Length="1" RootTermCovItemId="C2">
<MapEntry BoolAssgnmnt="0" Value="8"/>
<MapEntry BoolAssgnmnt="1" Value="64"/>
</AssgnmntListEntry>
<AssgnmntListEntry Length="1" RootTermCovItemId="C26">
<MapEntry BoolAssgnmnt="0" Value="6"/>
</AssgnmntListEntry>
<AssgnmntListEntry Length="1" RootTermCovItemId="C27">
<MapEntry BoolAssgnmnt="0" Value="6"/>
</AssgnmntListEntry>
<AssgnmntListEntry Length="2" RootTermCovItemId="C28">
<MapEntry BoolAssgnmnt="02" Value="6"/>
</AssgnmntListEntry>
<AssgnmntListEntry Length="1" RootTermCovItemId="C29">
<MapEntry BoolAssgnmnt="1" Value="6"/>
</AssgnmntListEntry>
<AssgnmntListEntry Length="1" RootTermCovItemId="C3">
<MapEntry BoolAssgnmnt="0" Value="32"/>
<MapEntry BoolAssgnmnt="1" Value="32"/>
</AssgnmntListEntry>
<AssgnmntListEntry Length="1" RootTermCovItemId="C31">
<MapEntry BoolAssgnmnt="0" Value="24"/>
<MapEntry BoolAssgnmnt="1" Value="53"/>
</AssgnmntListEntry>
<AssgnmntListEntry Length="1" RootTermCovItemId="C32">
<MapEntry BoolAssgnmnt="0" Value="13"/>
<MapEntry BoolAssgnmnt="1" Value="1"/>
</AssgnmntListEntry>
<AssgnmntListEntry Length="1" RootTermCovItemId="C33">
<MapEntry BoolAssgnmnt="0" Value="6"/>
<MapEntry BoolAssgnmnt="1" Value="8"/>
</AssgnmntListEntry>
<AssgnmntListEntry Length="1" RootTermCovItemId="C34">
<MapEntry BoolAssgnmnt="0" Value="14"/>
</AssgnmntListEntry>
<AssgnmntListEntry Length="1" RootTermCovItemId="C35">
<MapEntry BoolAssgnmnt="1" Value="14"/>
</AssgnmntListEntry>
<AssgnmntListEntry Length="1" RootTermCovItemId="C36">
<MapEntry BoolAssgnmnt="0" Value="4"/>
<MapEntry BoolAssgnmnt="1" Value="10"/>
</AssgnmntListEntry>
<AssgnmntListEntry Length="1" RootTermCovItemId="C37">
<MapEntry BoolAssgnmnt="0" Value="14"/>
</AssgnmntListEntry>
<AssgnmntListEntry Length="5" RootTermCovItemId="C38">
<MapEntry BoolAssgnmnt="02002" Value="14"/>
<MapEntry BoolAssgnmnt="10122" Value="14"/>
<MapEntry BoolAssgnmnt="11221" Value="14"/>
<MapEntry BoolAssgnmnt="02011" Value="13"/>
</AssgnmntListEntry>
<AssgnmntListEntry Length="1" RootTermCovItemId="C39">
<MapEntry BoolAssgnmnt="0" Value="30"/>
<MapEntry BoolAssgnmnt="1" Value="25"/>
</AssgnmntListEntry>
<AssgnmntListEntry Length="1" RootTermCovItemId="C4">
<MapEntry BoolAssgnmnt="0" Value="20"/>
<MapEntry BoolAssgnmnt="1" Value="12"/>
</AssgnmntListEntry>
<AssgnmntListEntry Length="1" RootTermCovItemId="C40">
<MapEntry BoolAssgnmnt="0" Value="25"/>
</AssgnmntListEntry>
<AssgnmntListEntry Length="2" RootTermCovItemId="C41">
<MapEntry BoolAssgnmnt="10" Value="1"/>
<MapEntry BoolAssgnmnt="02" Value="24"/>
</AssgnmntListEntry>
<AssgnmntListEntry Length="1" RootTermCovItemId="C42">
<MapEntry BoolAssgnmnt="0" Value="224"/>
<MapEntry BoolAssgnmnt="1" Value="224"/>
</AssgnmntListEntry>
<AssgnmntListEntry Length="1" RootTermCovItemId="C43">
<MapEntry BoolAssgnmnt="0" Value="210"/>
<MapEntry BoolAssgnmnt="1" Value="14"/>
</AssgnmntListEntry>
<AssgnmntListEntry Length="1" RootTermCovItemId="C44">
<MapEntry BoolAssgnmnt="0" Value="7"/>
<MapEntry BoolAssgnmnt="1" Value="7"/>
</AssgnmntListEntry>
<AssgnmntListEntry Length="1" RootTermCovItemId="C45">
<MapEntry BoolAssgnmnt="1" Value="1"/>
</AssgnmntListEntry>
<AssgnmntListEntry Length="1" RootTermCovItemId="C5">
<MapEntry BoolAssgnmnt="0" Value="8"/>
<MapEntry BoolAssgnmnt="1" Value="4"/>
</AssgnmntListEntry>
<AssgnmntListEntry Length="1" RootTermCovItemId="C53">
<MapEntry BoolAssgnmnt="1" Value="161"/>
</AssgnmntListEntry>
<AssgnmntListEntry Length="1" RootTermCovItemId="C54">
<MapEntry BoolAssgnmnt="0" Value="93"/>
<MapEntry BoolAssgnmnt="1" Value="68"/>
</AssgnmntListEntry>
<AssgnmntListEntry Length="3" RootTermCovItemId="C55">
<MapEntry BoolAssgnmnt="002" Value="84"/>
<MapEntry BoolAssgnmnt="120" Value="52"/>
<MapEntry BoolAssgnmnt="121" Value="120"/>
</AssgnmntListEntry>
<AssgnmntListEntry Length="3" RootTermCovItemId="C56">
<MapEntry BoolAssgnmnt="002" Value="120"/>
<MapEntry BoolAssgnmnt="120" Value="47"/>
<MapEntry BoolAssgnmnt="121" Value="37"/>
</AssgnmntListEntry>
<AssgnmntListEntry Length="1" RootTermCovItemId="C6">
<MapEntry BoolAssgnmnt="0" Value="20"/>
<MapEntry BoolAssgnmnt="1" Value="12"/>
</AssgnmntListEntry>
<AssgnmntListEntry Length="1" RootTermCovItemId="C7">
<MapEntry BoolAssgnmnt="0" Value="8"/>
<MapEntry BoolAssgnmnt="1" Value="4"/>
</AssgnmntListEntry>
<AssgnmntListEntry Length="1" RootTermCovItemId="C8">
<MapEntry BoolAssgnmnt="0" Value="1"/>
<MapEntry BoolAssgnmnt="1" Value="8"/>
</AssgnmntListEntry>
<AssgnmntListEntry Length="1" RootTermCovItemId="C9">
<MapEntry BoolAssgnmnt="0" Value="1"/>
<MapEntry BoolAssgnmnt="1" Value="8"/>
</AssgnmntListEntry>
</AssgnmntPrefix>
<AssgnmntPrefix RootTermCovItemPrefix="com.OriginalFiles.Field.java">
<AssgnmntListEntry Length="1" RootTermCovItemId="C1">
<MapEntry BoolAssgnmnt="0" Value="48"/>
<MapEntry BoolAssgnmnt="1" Value="8"/>
</AssgnmntListEntry>
</AssgnmntPrefix>
<AssgnmntPrefix RootTermCovItemPrefix="com.OriginalFiles.MI.java">
<AssgnmntListEntry Length="1" RootTermCovItemId="C1">
<MapEntry BoolAssgnmnt="1" Value="1"/>
</AssgnmntListEntry>
<AssgnmntListEntry Length="1" RootTermCovItemId="C10">
<MapEntry BoolAssgnmnt="1" Value="3"/>
</AssgnmntListEntry>
<AssgnmntListEntry Length="1" RootTermCovItemId="C11">
<MapEntry BoolAssgnmnt="0" Value="3"/>
<MapEntry BoolAssgnmnt="1" Value="3"/>
</AssgnmntListEntry>
<AssgnmntListEntry Length="1" RootTermCovItemId="C12">
<MapEntry BoolAssgnmnt="0" Value="3"/>
<MapEntry BoolAssgnmnt="1" Value="3"/>
</AssgnmntListEntry>
<AssgnmntListEntry Length="1" RootTermCovItemId="C13">
<MapEntry BoolAssgnmnt="0" Value="3"/>
</AssgnmntListEntry>
<AssgnmntListEntry Length="1" RootTermCovItemId="C14">
<MapEntry BoolAssgnmnt="0" Value="3"/>
</AssgnmntListEntry>
<AssgnmntListEntry Length="1" RootTermCovItemId="C15">
<MapEntry BoolAssgnmnt="0" Value="3"/>
</AssgnmntListEntry>
<AssgnmntListEntry Length="1" RootTermCovItemId="C16">
<MapEntry BoolAssgnmnt="0" Value="3"/>
</AssgnmntListEntry>
<AssgnmntListEntry Length="1" RootTermCovItemId="C17">
<MapEntry BoolAssgnmnt="1" Value="3"/>
</AssgnmntListEntry>
<AssgnmntListEntry Length="1" RootTermCovItemId="C18">
<MapEntry BoolAssgnmnt="0" Value="3"/>
<MapEntry BoolAssgnmnt="1" Value="3"/>
</AssgnmntListEntry>
<AssgnmntListEntry Length="1" RootTermCovItemId="C19">
<MapEntry BoolAssgnmnt="0" Value="3"/>
</AssgnmntListEntry>
<AssgnmntListEntry Length="1" RootTermCovItemId="C2">
<MapEntry BoolAssgnmnt="0" Value="26"/>
<MapEntry BoolAssgnmnt="1" Value="102"/>
</AssgnmntListEntry>
<AssgnmntListEntry Length="1" RootTermCovItemId="C21">
<MapEntry BoolAssgnmnt="1" Value="3"/>
</AssgnmntListEntry>
<AssgnmntListEntry Length="1" RootTermCovItemId="C22">
<MapEntry BoolAssgnmnt="0" Value="3"/>
<MapEntry BoolAssgnmnt="1" Value="3"/>
</AssgnmntListEntry>
<AssgnmntListEntry Length="1" RootTermCovItemId="C23">
<MapEntry BoolAssgnmnt="0" Value="3"/>
</AssgnmntListEntry>
<AssgnmntListEntry Length="2" RootTermCovItemId="C24">
<MapEntry BoolAssgnmnt="11" Value="3"/>
</AssgnmntListEntry>
<AssgnmntListEntry Length="1" RootTermCovItemId="C27">
<MapEntry BoolAssgnmnt="0" Value="3"/>
</AssgnmntListEntry>
<AssgnmntListEntry Length="1" RootTermCovItemId="C29">
<MapEntry BoolAssgnmnt="0" Value="2"/>
<MapEntry BoolAssgnmnt="1" Value="62"/>
</AssgnmntListEntry>
<AssgnmntListEntry Length="1" RootTermCovItemId="C3">
<MapEntry BoolAssgnmnt="0" Value="13"/>
<MapEntry BoolAssgnmnt="1" Value="13"/>
</AssgnmntListEntry>
<AssgnmntListEntry Length="2" RootTermCovItemId="C30">
<MapEntry BoolAssgnmnt="10" Value="1"/>
<MapEntry BoolAssgnmnt="11" Value="1"/>
</AssgnmntListEntry>
<AssgnmntListEntry Length="1" RootTermCovItemId="C31">
<MapEntry BoolAssgnmnt="0" Value="1"/>
</AssgnmntListEntry>
<AssgnmntListEntry Length="1" RootTermCovItemId="C33">
<MapEntry BoolAssgnmnt="0" Value="1"/>
</AssgnmntListEntry>
<AssgnmntListEntry Length="1" RootTermCovItemId="C34">
<MapEntry BoolAssgnmnt="0" Value="1"/>
</AssgnmntListEntry>
<AssgnmntListEntry Length="1" RootTermCovItemId="C4">
<MapEntry BoolAssgnmnt="0" Value="1"/>
</AssgnmntListEntry>
<AssgnmntListEntry Length="1" RootTermCovItemId="C5">
<MapEntry BoolAssgnmnt="1" Value="3"/>
</AssgnmntListEntry>
<AssgnmntListEntry Length="2" RootTermCovItemId="C7">
<MapEntry BoolAssgnmnt="01" Value="3"/>
</AssgnmntListEntry>
<AssgnmntListEntry Length="1" RootTermCovItemId="C9">
<MapEntry BoolAssgnmnt="1" Value="3"/>
</AssgnmntListEntry>
</AssgnmntPrefix>
<AssgnmntPrefix RootTermCovItemPrefix="com.OriginalFiles.Piece.java">
<AssgnmntListEntry Length="2" RootTermCovItemId="C1">
<MapEntry BoolAssgnmnt="10" Value="24"/>
<MapEntry BoolAssgnmnt="02" Value="16"/>
<MapEntry BoolAssgnmnt="11" Value="8"/>
</AssgnmntListEntry>
<AssgnmntListEntry Length="1" RootTermCovItemId="C10">
<MapEntry BoolAssgnmnt="0" Value="3"/>
<MapEntry BoolAssgnmnt="1" Value="3"/>
</AssgnmntListEntry>
<AssgnmntListEntry Length="1" RootTermCovItemId="C11">
<MapEntry BoolAssgnmnt="1" Value="6"/>
</AssgnmntListEntry>
<AssgnmntListEntry Length="1" RootTermCovItemId="C13">
<MapEntry BoolAssgnmnt="1" Value="6"/>
</AssgnmntListEntry>
<AssgnmntListEntry Length="1" RootTermCovItemId="C14">
<MapEntry BoolAssgnmnt="0" Value="4"/>
<MapEntry BoolAssgnmnt="1" Value="2"/>
</AssgnmntListEntry>
<AssgnmntListEntry Length="2" RootTermCovItemId="C15">
<MapEntry BoolAssgnmnt="02" Value="4"/>
<MapEntry BoolAssgnmnt="11" Value="2"/>
</AssgnmntListEntry>
<AssgnmntListEntry Length="2" RootTermCovItemId="C16">
<MapEntry BoolAssgnmnt="02" Value="3"/>
<MapEntry BoolAssgnmnt="11" Value="3"/>
</AssgnmntListEntry>
<AssgnmntListEntry Length="5" RootTermCovItemId="C17">
<MapEntry BoolAssgnmnt="00210" Value="12"/>
<MapEntry BoolAssgnmnt="01002" Value="12"/>
<MapEntry BoolAssgnmnt="12222" Value="14"/>
</AssgnmntListEntry>
<AssgnmntListEntry Length="5" RootTermCovItemId="C18">
<MapEntry BoolAssgnmnt="00210" Value="8"/>
<MapEntry BoolAssgnmnt="00211" Value="4"/>
<MapEntry BoolAssgnmnt="01002" Value="8"/>
<MapEntry BoolAssgnmnt="12222" Value="14"/>
<MapEntry BoolAssgnmnt="01122" Value="4"/>
</AssgnmntListEntry>
<AssgnmntListEntry Length="1" RootTermCovItemId="C19">
<MapEntry BoolAssgnmnt="1" Value="8"/>
</AssgnmntListEntry>
<AssgnmntListEntry Length="2" RootTermCovItemId="C2">
<MapEntry BoolAssgnmnt="02" Value="3"/>
<MapEntry BoolAssgnmnt="11" Value="5"/>
</AssgnmntListEntry>
<AssgnmntListEntry Length="1" RootTermCovItemId="C20">
<MapEntry BoolAssgnmnt="0" Value="24"/>
<MapEntry BoolAssgnmnt="1" Value="14"/>
</AssgnmntListEntry>
<AssgnmntListEntry Length="16" RootTermCovItemId="C21">
<MapEntry BoolAssgnmnt="0211222222222222" Value="2"/>
<MapEntry BoolAssgnmnt="0210020211222222" Value="2"/>
<MapEntry BoolAssgnmnt="0202020202020202" Value="8"/>
</AssgnmntListEntry>
<AssgnmntListEntry Length="1" RootTermCovItemId="C22">
<MapEntry BoolAssgnmnt="0" Value="3"/>
</AssgnmntListEntry>
<AssgnmntListEntry Length="1" RootTermCovItemId="C23">
<MapEntry BoolAssgnmnt="1" Value="3"/>
</AssgnmntListEntry>
<AssgnmntListEntry Length="1" RootTermCovItemId="C24">
<MapEntry BoolAssgnmnt="0" Value="2"/>
<MapEntry BoolAssgnmnt="1" Value="10"/>
</AssgnmntListEntry>
<AssgnmntListEntry Length="1" RootTermCovItemId="C25">
<MapEntry BoolAssgnmnt="1" Value="10"/>
</AssgnmntListEntry>
<AssgnmntListEntry Length="1" RootTermCovItemId="C26">
<MapEntry BoolAssgnmnt="0" Value="4"/>
<MapEntry BoolAssgnmnt="1" Value="36"/>
</AssgnmntListEntry>
<AssgnmntListEntry Length="1" RootTermCovItemId="C27">
<MapEntry BoolAssgnmnt="0" Value="32"/>
<MapEntry BoolAssgnmnt="1" Value="4"/>
</AssgnmntListEntry>
<AssgnmntListEntry Length="1" RootTermCovItemId="C28">
<MapEntry BoolAssgnmnt="1" Value="4"/>
</AssgnmntListEntry>
<AssgnmntListEntry Length="1" RootTermCovItemId="C29">
<MapEntry BoolAssgnmnt="0" Value="4"/>
</AssgnmntListEntry>
<AssgnmntListEntry Length="1" RootTermCovItemId="C3">
<MapEntry BoolAssgnmnt="0" Value="16"/>
<MapEntry BoolAssgnmnt="1" Value="38"/>
</AssgnmntListEntry>
<AssgnmntListEntry Length="1" RootTermCovItemId="C30">
<MapEntry BoolAssgnmnt="1" Value="4"/>
</AssgnmntListEntry>
<AssgnmntListEntry Length="1" RootTermCovItemId="C31">
<MapEntry BoolAssgnmnt="0" Value="4"/>
</AssgnmntListEntry>
<AssgnmntListEntry Length="1" RootTermCovItemId="C32">
<MapEntry BoolAssgnmnt="1" Value="4"/>
</AssgnmntListEntry>
<AssgnmntListEntry Length="1" RootTermCovItemId="C33">
<MapEntry BoolAssgnmnt="1" Value="4"/>
</AssgnmntListEntry>
<AssgnmntListEntry Length="1" RootTermCovItemId="C34">
<MapEntry BoolAssgnmnt="0" Value="4"/>
</AssgnmntListEntry>
<AssgnmntListEntry Length="2" RootTermCovItemId="C35">
<MapEntry BoolAssgnmnt="01" Value="6"/>
<MapEntry BoolAssgnmnt="12" Value="3"/>
</AssgnmntListEntry>
<AssgnmntListEntry Length="1" RootTermCovItemId="C36">
<MapEntry BoolAssgnmnt="0" Value="3"/>
<MapEntry BoolAssgnmnt="1" Value="14"/>
</AssgnmntListEntry>
<AssgnmntListEntry Length="1" RootTermCovItemId="C37">
<MapEntry BoolAssgnmnt="0" Value="11"/>
<MapEntry BoolAssgnmnt="1" Value="42"/>
</AssgnmntListEntry>
<AssgnmntListEntry Length="1" RootTermCovItemId="C38">
<MapEntry BoolAssgnmnt="0" Value="14"/>
<MapEntry BoolAssgnmnt="1" Value="28"/>
</AssgnmntListEntry>
<AssgnmntListEntry Length="1" RootTermCovItemId="C39">
<MapEntry BoolAssgnmnt="0" Value="25"/>
<MapEntry BoolAssgnmnt="1" Value="3"/>
</AssgnmntListEntry>
<AssgnmntListEntry Length="2" RootTermCovItemId="C4">
<MapEntry BoolAssgnmnt="01" Value="2"/>
<MapEntry BoolAssgnmnt="12" Value="4"/>
</AssgnmntListEntry>
<AssgnmntListEntry Length="1" RootTermCovItemId="C5">
<MapEntry BoolAssgnmnt="0" Value="12"/>
<MapEntry BoolAssgnmnt="1" Value="20"/>
</AssgnmntListEntry>
<AssgnmntListEntry Length="1" RootTermCovItemId="C6">
<MapEntry BoolAssgnmnt="0" Value="16"/>
<MapEntry BoolAssgnmnt="1" Value="38"/>
</AssgnmntListEntry>
<AssgnmntListEntry Length="1" RootTermCovItemId="C7">
<MapEntry BoolAssgnmnt="0" Value="24"/>
<MapEntry BoolAssgnmnt="1" Value="14"/>
</AssgnmntListEntry>
<AssgnmntListEntry Length="1" RootTermCovItemId="C8">
<MapEntry BoolAssgnmnt="0" Value="6"/>
<MapEntry BoolAssgnmnt="1" Value="32"/>
</AssgnmntListEntry>
<AssgnmntListEntry Length="1" RootTermCovItemId="C9">
<MapEntry BoolAssgnmnt="0" Value="32"/>
<MapEntry BoolAssgnmnt="1" Value="6"/>
</AssgnmntListEntry>
</AssgnmntPrefix>
<AssgnmntPrefix RootTermCovItemPrefix="com.OriginalFiles.RemoteNXTFunctions.java">
<AssgnmntListEntry Length="1" RootTermCovItemId="C5">
<MapEntry BoolAssgnmnt="1" Value="1"/>
</AssgnmntListEntry>
<AssgnmntListEntry Length="2" RootTermCovItemId="C6">
<MapEntry BoolAssgnmnt="11" Value="1"/>
</AssgnmntListEntry>
</AssgnmntPrefix>
</AssgnmntList>
<ObjMetaDataList/>
<MetaDataList/>
</TestCase>
<TestCase Comment="" Date="1386064083416" Name="com.Testing.MiTest:testLookForBestMoveWinGame">
<CovList>
<CovPrefix CovItemPrefix="com.OriginalFiles.Analyze.java">
<Cov CovItemId="B103" Value="1"/>
<Cov CovItemId="B107" Value="1"/>
<Cov CovItemId="B120" Value="8"/>
<Cov CovItemId="B121" Value="248"/>
<Cov CovItemId="B123" Value="8"/>
<Cov CovItemId="B126" Value="8"/>
<Cov CovItemId="B128" Value="8"/>
<Cov CovItemId="B131" Value="4"/>
<Cov CovItemId="B132" Value="4"/>
<Cov CovItemId="B145" Value="2"/>
<Cov CovItemId="B153" Value="2"/>
<Cov CovItemId="B155" Value="2"/>
<Cov CovItemId="B65" Value="1"/>
<Cov CovItemId="B66" Value="3"/>
<Cov CovItemId="B68" Value="4"/>
<Cov CovItemId="B70" Value="4"/>
<Cov CovItemId="B71" Value="1"/>
<Cov CovItemId="B72" Value="3"/>
<Cov CovItemId="B73" Value="2"/>
<Cov CovItemId="B74" Value="2"/>
<Cov CovItemId="B84" Value="4"/>
<Cov CovItemId="L16-2" Value="4"/>
<Cov CovItemId="L17-2" Value="32"/>
<Cov CovItemId="L5-1" Value="4"/>
<Cov CovItemId="S1" Value="1"/>
<Cov CovItemId="S100" Value="4"/>
<Cov CovItemId="S101" Value="4"/>
<Cov CovItemId="S102" Value="4"/>
<Cov CovItemId="S103" Value="1"/>
<Cov CovItemId="S104" Value="4"/>
<Cov CovItemId="S105" Value="4"/>
<Cov CovItemId="S107" Value="4"/>
<Cov CovItemId="S108" Value="4"/>
<Cov CovItemId="S110" Value="4"/>
<Cov CovItemId="S111" Value="4"/>
<Cov CovItemId="S112" Value="1"/>
<Cov CovItemId="S113" Value="4"/>
<Cov CovItemId="S114" Value="2"/>
<Cov CovItemId="S115" Value="4"/>
<Cov CovItemId="S116" Value="4"/>
<Cov CovItemId="S117" Value="4"/>
<Cov CovItemId="S149" Value="4"/>
<Cov CovItemId="S191" Value="1"/>
<Cov CovItemId="S192" Value="1"/>
<Cov CovItemId="S193" Value="1"/>
<Cov CovItemId="S199" Value="1"/>
<Cov CovItemId="S2" Value="1"/>
<Cov CovItemId="S200" Value="1"/>
<Cov CovItemId="S201" Value="1"/>
<Cov CovItemId="S202" Value="1"/>
<Cov CovItemId="S203" Value="1"/>
<Cov CovItemId="S204" Value="1"/>
<Cov CovItemId="S221" Value="4"/>
<Cov CovItemId="S222" Value="4"/>
<Cov CovItemId="S223" Value="4"/>
<Cov CovItemId="S224" Value="4"/>
<Cov CovItemId="S225" Value="4"/>
<Cov CovItemId="S226" Value="4"/>
<Cov CovItemId="S227" Value="32"/>
<Cov CovItemId="S228" Value="256"/>
<Cov CovItemId="S229" Value="8"/>
<Cov CovItemId="S233" Value="8"/>
<Cov CovItemId="S234" Value="8"/>
<Cov CovItemId="S235" Value="8"/>
<Cov CovItemId="S236" Value="8"/>
<Cov CovItemId="S237" Value="4"/>
<Cov CovItemId="S239" Value="4"/>
<Cov CovItemId="S240" Value="4"/>
<Cov CovItemId="S251" Value="2"/>
<Cov CovItemId="S252" Value="2"/>
<Cov CovItemId="S262" Value="2"/>
<Cov CovItemId="S264" Value="2"/>
<Cov CovItemId="S266" Value="2"/>
<Cov CovItemId="S3" Value="1"/>
<Cov CovItemId="S4" Value="1"/>
<Cov CovItemId="S5" Value="1"/>
<Cov CovItemId="S99" Value="4"/>
</CovPrefix>
<CovPrefix CovItemPrefix="com.OriginalFiles.Board.java">
<Cov CovItemId="B1" Value="32"/>
<Cov CovItemId="B10" Value="8"/>
<Cov CovItemId="B2" Value="32"/>
<Cov CovItemId="B3" Value="12"/>
<Cov CovItemId="B31" Value="4"/>
<Cov CovItemId="B34" Value="4"/>
<Cov CovItemId="B36" Value="4"/>
<Cov CovItemId="B37" Value="4"/>
<Cov CovItemId="B4" Value="20"/>
<Cov CovItemId="B41" Value="21"/>
<Cov CovItemId="B43" Value="3"/>
<Cov CovItemId="B44" Value="8"/>
<Cov CovItemId="B45" Value="8"/>
<Cov CovItemId="B47" Value="8"/>
<Cov CovItemId="B5" Value="4"/>
<Cov CovItemId="B50" Value="8"/>
<Cov CovItemId="B55" Value="28"/>
<Cov CovItemId="B56" Value="28"/>
<Cov CovItemId="B57" Value="28"/>
<Cov CovItemId="B59" Value="28"/>
<Cov CovItemId="B6" Value="8"/>
<Cov CovItemId="B61" Value="5"/>
<Cov CovItemId="B62" Value="23"/>
<Cov CovItemId="B63" Value="160"/>
<Cov CovItemId="B64" Value="160"/>
<Cov CovItemId="B65" Value="11"/>
<Cov CovItemId="B66" Value="149"/>
<Cov CovItemId="B67" Value="10"/>
<Cov CovItemId="B68" Value="1"/>
<Cov CovItemId="B69" Value="1"/>
<Cov CovItemId="B7" Value="12"/>
<Cov CovItemId="B79" Value="1675"/>
<Cov CovItemId="B8" Value="20"/>
<Cov CovItemId="B81" Value="138"/>
<Cov CovItemId="B82" Value="1537"/>
<Cov CovItemId="B83" Value="79"/>
<Cov CovItemId="B84" Value="1801"/>
<Cov CovItemId="B85" Value="38"/>
<Cov CovItemId="B86" Value="1763"/>
<Cov CovItemId="B9" Value="4"/>
<Cov CovItemId="L1-2" Value="1"/>
<Cov CovItemId="L10-2" Value="80"/>
<Cov CovItemId="L13-2" Value="5"/>
<Cov CovItemId="L14-2" Value="40"/>
<Cov CovItemId="L2-2" Value="8"/>
<Cov CovItemId="L3-2" Value="1"/>
<Cov CovItemId="L4-2" Value="1"/>
<Cov CovItemId="L5-2" Value="1"/>
<Cov CovItemId="L6-2" Value="3"/>
<Cov CovItemId="L7-2" Value="1"/>
<Cov CovItemId="L8-2" Value="2"/>
<Cov CovItemId="L9-2" Value="10"/>
<Cov CovItemId="S1" Value="1"/>
<Cov CovItemId="S10" Value="1"/>
<Cov CovItemId="S101" Value="4"/>
<Cov CovItemId="S102" Value="4"/>
<Cov CovItemId="S104" Value="4"/>
<Cov CovItemId="S106" Value="4"/>
<Cov CovItemId="S107" Value="4"/>
<Cov CovItemId="S108" Value="4"/>
<Cov CovItemId="S109" Value="4"/>
<Cov CovItemId="S11" Value="8"/>
<Cov CovItemId="S115" Value="21"/>
<Cov CovItemId="S116" Value="21"/>
<Cov CovItemId="S118" Value="11"/>
<Cov CovItemId="S119" Value="11"/>
<Cov CovItemId="S12" Value="64"/>
<Cov CovItemId="S120" Value="3"/>
<Cov CovItemId="S121" Value="8"/>
<Cov CovItemId="S122" Value="8"/>
<Cov CovItemId="S123" Value="8"/>
<Cov CovItemId="S124" Value="8"/>
<Cov CovItemId="S125" Value="8"/>
<Cov CovItemId="S126" Value="8"/>
<Cov CovItemId="S127" Value="8"/>
<Cov CovItemId="S128" Value="8"/>
<Cov CovItemId="S13" Value="64"/>
<Cov CovItemId="S133" Value="8"/>
<Cov CovItemId="S134" Value="11"/>
<Cov CovItemId="S135" Value="56"/>
<Cov CovItemId="S136" Value="28"/>
<Cov CovItemId="S137" Value="28"/>
<Cov CovItemId="S138" Value="28"/>
<Cov CovItemId="S139" Value="28"/>
<Cov CovItemId="S14" Value="64"/>
<Cov CovItemId="S140" Value="5"/>
<Cov CovItemId="S141" Value="23"/>
<Cov CovItemId="S142" Value="40"/>
<Cov CovItemId="S143" Value="5"/>
<Cov CovItemId="S144" Value="5"/>
<Cov CovItemId="S145" Value="40"/>
<Cov CovItemId="S146" Value="320"/>
<Cov CovItemId="S147" Value="160"/>
<Cov CovItemId="S148" Value="11"/>
<Cov CovItemId="S149" Value="10"/>
<Cov CovItemId="S15" Value="64"/>
<Cov CovItemId="S150" Value="1"/>
<Cov CovItemId="S151" Value="5"/>
<Cov CovItemId="S152" Value="1"/>
<Cov CovItemId="S153" Value="1"/>
<Cov CovItemId="S154" Value="1"/>
<Cov CovItemId="S16" Value="32"/>
<Cov CovItemId="S17" Value="32"/>
<Cov CovItemId="S176" Value="1675"/>
<Cov CovItemId="S177" Value="1675"/>
<Cov CovItemId="S178" Value="138"/>
<Cov CovItemId="S179" Value="1537"/>
<Cov CovItemId="S18" Value="32"/>
<Cov CovItemId="S180" Value="1880"/>
<Cov CovItemId="S181" Value="79"/>
<Cov CovItemId="S182" Value="1801"/>
<Cov CovItemId="S183" Value="38"/>
<Cov CovItemId="S184" Value="1763"/>
<Cov CovItemId="S185" Value="5742"/>
<Cov CovItemId="S19" Value="12"/>
<Cov CovItemId="S2" Value="1"/>
<Cov CovItemId="S20" Value="12"/>
<Cov CovItemId="S21" Value="12"/>
<Cov CovItemId="S22" Value="4"/>
<Cov CovItemId="S23" Value="32"/>
<Cov CovItemId="S24" Value="12"/>
<Cov CovItemId="S25" Value="12"/>
<Cov CovItemId="S26" Value="12"/>
<Cov CovItemId="S27" Value="4"/>
<Cov CovItemId="S28" Value="32"/>
<Cov CovItemId="S29" Value="32"/>
<Cov CovItemId="S3" Value="1"/>
<Cov CovItemId="S30" Value="64"/>
<Cov CovItemId="S31" Value="1"/>
<Cov CovItemId="S32" Value="8"/>
<Cov CovItemId="S33" Value="8"/>
<Cov CovItemId="S34" Value="8"/>
<Cov CovItemId="S35" Value="8"/>
<Cov CovItemId="S36" Value="8"/>
<Cov CovItemId="S37" Value="8"/>
<Cov CovItemId="S38" Value="8"/>
<Cov CovItemId="S39" Value="8"/>
<Cov CovItemId="S4" Value="1"/>
<Cov CovItemId="S40" Value="1"/>
<Cov CovItemId="S41" Value="8"/>
<Cov CovItemId="S42" Value="8"/>
<Cov CovItemId="S43" Value="8"/>
<Cov CovItemId="S44" Value="8"/>
<Cov CovItemId="S45" Value="8"/>
<Cov CovItemId="S46" Value="8"/>
<Cov CovItemId="S47" Value="8"/>
<Cov CovItemId="S48" Value="8"/>
<Cov CovItemId="S49" Value="1"/>
<Cov CovItemId="S5" Value="1"/>
<Cov CovItemId="S50" Value="3"/>
<Cov CovItemId="S51" Value="24"/>
<Cov CovItemId="S52" Value="24"/>
<Cov CovItemId="S53" Value="24"/>
<Cov CovItemId="S54" Value="24"/>
<Cov CovItemId="S55" Value="1"/>
<Cov CovItemId="S56" Value="2"/>
<Cov CovItemId="S57" Value="16"/>
<Cov CovItemId="S58" Value="16"/>
<Cov CovItemId="S59" Value="16"/>
<Cov CovItemId="S6" Value="1"/>
<Cov CovItemId="S60" Value="16"/>
<Cov CovItemId="S61" Value="10"/>
<Cov CovItemId="S62" Value="80"/>
<Cov CovItemId="S63" Value="640"/>
<Cov CovItemId="S7" Value="1"/>
<Cov CovItemId="S8" Value="1"/>
<Cov CovItemId="S9" Value="1"/>
<Cov CovItemId="S98" Value="4"/>
<Cov CovItemId="S99" Value="4"/>
</CovPrefix>
<CovPrefix CovItemPrefix="com.OriginalFiles.Field.java">
<Cov CovItemId="B1" Value="49"/>
<Cov CovItemId="B2" Value="10"/>
<Cov CovItemId="S1" Value="120"/>
<Cov CovItemId="S13" Value="68"/>
<Cov CovItemId="S2" Value="120"/>
<Cov CovItemId="S5" Value="59"/>
<Cov CovItemId="S6" Value="59"/>
<Cov CovItemId="S7" Value="49"/>
<Cov CovItemId="S8" Value="413"/>
<Cov CovItemId="S9" Value="2217"/>
</CovPrefix>
<CovPrefix CovItemPrefix="com.OriginalFiles.MI.java">
<Cov CovItemId="B1" Value="1"/>
<Cov CovItemId="B10" Value="1"/>
<Cov CovItemId="B11" Value="1"/>
<Cov CovItemId="B13" Value="2"/>
<Cov CovItemId="B17" Value="2"/>
<Cov CovItemId="B20" Value="2"/>
<Cov CovItemId="B22" Value="2"/>
<Cov CovItemId="B3" Value="27"/>
<Cov CovItemId="B30" Value="2"/>
<Cov CovItemId="B32" Value="2"/>
<Cov CovItemId="B33" Value="2"/>
<Cov CovItemId="B35" Value="2"/>
<Cov CovItemId="B37" Value="2"/>
<Cov CovItemId="B39" Value="2"/>
<Cov CovItemId="B4" Value="101"/>
<Cov CovItemId="B41" Value="2"/>
<Cov CovItemId="B44" Value="2"/>
<Cov CovItemId="B49" Value="2"/>
<Cov CovItemId="B5" Value="14"/>
<Cov CovItemId="B51" Value="3"/>
<Cov CovItemId="B52" Value="61"/>
<Cov CovItemId="B53" Value="2"/>
<Cov CovItemId="B54" Value="1"/>
<Cov CovItemId="B55" Value="2"/>
<Cov CovItemId="B57" Value="2"/>
<Cov CovItemId="B6" Value="13"/>
<Cov CovItemId="B61" Value="1"/>
<Cov CovItemId="B8" Value="1"/>
<Cov CovItemId="B9" Value="1"/>
<Cov CovItemId="L1-2" Value="2"/>
<Cov CovItemId="L10-2" Value="1"/>
<Cov CovItemId="L11-2" Value="8"/>
<Cov CovItemId="L12-1" Value="2"/>
<Cov CovItemId="L2-2" Value="16"/>
<Cov CovItemId="L3-2" Value="1"/>
<Cov CovItemId="L5-2" Value="2"/>
<Cov CovItemId="L6-0" Value="2"/>
<Cov CovItemId="L7-1" Value="2"/>
<Cov CovItemId="L8-1" Value="2"/>
<Cov CovItemId="L9-1" Value="2"/>
<Cov CovItemId="S1" Value="1"/>
<Cov CovItemId="S10" Value="1"/>
<Cov CovItemId="S100" Value="2"/>
<Cov CovItemId="S101" Value="2"/>
<Cov CovItemId="S102" Value="2"/>
<Cov CovItemId="S103" Value="2"/>
<Cov CovItemId="S104" Value="2"/>
<Cov CovItemId="S105" Value="2"/>
<Cov CovItemId="S106" Value="2"/>
<Cov CovItemId="S107" Value="2"/>
<Cov CovItemId="S108" Value="2"/>
<Cov CovItemId="S109" Value="2"/>
<Cov CovItemId="S11" Value="1"/>
<Cov CovItemId="S115" Value="2"/>
<Cov CovItemId="S116" Value="2"/>
<Cov CovItemId="S117" Value="2"/>
<Cov CovItemId="S118" Value="2"/>
<Cov CovItemId="S119" Value="2"/>
<Cov CovItemId="S12" Value="1"/>
<Cov CovItemId="S120" Value="2"/>
<Cov CovItemId="S122" Value="2"/>
<Cov CovItemId="S123" Value="1"/>
<Cov CovItemId="S124" Value="1"/>
<Cov CovItemId="S125" Value="1"/>
<Cov CovItemId="S126" Value="1"/>
<Cov CovItemId="S127" Value="8"/>
<Cov CovItemId="S128" Value="64"/>
<Cov CovItemId="S129" Value="3"/>
<Cov CovItemId="S130" Value="2"/>
<Cov CovItemId="S131" Value="2"/>
<Cov CovItemId="S132" Value="2"/>
<Cov CovItemId="S133" Value="2"/>
<Cov CovItemId="S134" Value="2"/>
<Cov CovItemId="S14" Value="1"/>
<Cov CovItemId="S140" Value="1"/>
<Cov CovItemId="S141" Value="1"/>
<Cov CovItemId="S15" Value="1"/>
<Cov CovItemId="S16" Value="2"/>
<Cov CovItemId="S17" Value="2"/>
<Cov CovItemId="S18" Value="2"/>
<Cov CovItemId="S19" Value="16"/>
<Cov CovItemId="S2" Value="1"/>
<Cov CovItemId="S20" Value="128"/>
<Cov CovItemId="S21" Value="27"/>
<Cov CovItemId="S22" Value="14"/>
<Cov CovItemId="S23" Value="13"/>
<Cov CovItemId="S24" Value="1"/>
<Cov CovItemId="S25" Value="1"/>
<Cov CovItemId="S26" Value="1"/>
<Cov CovItemId="S27" Value="1"/>
<Cov CovItemId="S28" Value="1"/>
<Cov CovItemId="S3" Value="1"/>
<Cov CovItemId="S30" Value="1"/>
<Cov CovItemId="S31" Value="2"/>
<Cov CovItemId="S32" Value="2"/>
<Cov CovItemId="S33" Value="2"/>
<Cov CovItemId="S34" Value="2"/>
<Cov CovItemId="S35" Value="1"/>
<Cov CovItemId="S36" Value="1"/>
<Cov CovItemId="S37" Value="1"/>
<Cov CovItemId="S38" Value="1"/>
<Cov CovItemId="S39" Value="1"/>
<Cov CovItemId="S4" Value="1"/>
<Cov CovItemId="S40" Value="1"/>
<Cov CovItemId="S41" Value="2"/>
<Cov CovItemId="S42" Value="2"/>
<Cov CovItemId="S5" Value="1"/>
<Cov CovItemId="S54" Value="2"/>
<Cov CovItemId="S55" Value="2"/>
<Cov CovItemId="S56" Value="2"/>
<Cov CovItemId="S57" Value="2"/>
<Cov CovItemId="S58" Value="2"/>
<Cov CovItemId="S59" Value="2"/>
<Cov CovItemId="S6" Value="1"/>
<Cov CovItemId="S61" Value="2"/>
<Cov CovItemId="S62" Value="2"/>
<Cov CovItemId="S63" Value="2"/>
<Cov CovItemId="S64" Value="4"/>
<Cov CovItemId="S65" Value="2"/>
<Cov CovItemId="S67" Value="2"/>
<Cov CovItemId="S68" Value="2"/>
<Cov CovItemId="S7" Value="1"/>
<Cov CovItemId="S71" Value="2"/>
<Cov CovItemId="S72" Value="2"/>
<Cov CovItemId="S8" Value="1"/>
<Cov CovItemId="S80" Value="2"/>
<Cov CovItemId="S81" Value="2"/>
<Cov CovItemId="S83" Value="2"/>
<Cov CovItemId="S84" Value="2"/>
<Cov CovItemId="S86" Value="2"/>
<Cov CovItemId="S87" Value="2"/>
<Cov CovItemId="S88" Value="2"/>
<Cov CovItemId="S89" Value="2"/>
<Cov CovItemId="S9" Value="1"/>
<Cov CovItemId="S90" Value="2"/>
<Cov CovItemId="S91" Value="2"/>
<Cov CovItemId="S92" Value="2"/>
<Cov CovItemId="S93" Value="2"/>
<Cov CovItemId="S94" Value="2"/>
<Cov CovItemId="S95" Value="2"/>
<Cov CovItemId="S97" Value="2"/>
<Cov CovItemId="S98" Value="2"/>
<Cov CovItemId="S99" Value="2"/>
</CovPrefix>
<CovPrefix CovItemPrefix="com.OriginalFiles.Move.java">
<Cov CovItemId="S1" Value="2"/>
<Cov CovItemId="S2" Value="2"/>
<Cov CovItemId="S8" Value="2"/>
<Cov CovItemId="S9" Value="2"/>
</CovPrefix>
<CovPrefix CovItemPrefix="com.OriginalFiles.Piece.java">
<Cov CovItemId="B10" Value="15"/>
<Cov CovItemId="B11" Value="37"/>
<Cov CovItemId="B12" Value="16"/>
<Cov CovItemId="B14" Value="37"/>
<Cov CovItemId="B15" Value="33"/>
<Cov CovItemId="B16" Value="4"/>
<Cov CovItemId="B17" Value="4"/>
<Cov CovItemId="B18" Value="33"/>
<Cov CovItemId="B19" Value="4"/>
<Cov CovItemId="B2" Value="49"/>
<Cov CovItemId="B21" Value="4"/>
<Cov CovItemId="B24" Value="4"/>
<Cov CovItemId="B26" Value="4"/>
<Cov CovItemId="B34" Value="37"/>
<Cov CovItemId="B35" Value="8"/>
<Cov CovItemId="B36" Value="29"/>
<Cov CovItemId="B37" Value="8"/>
<Cov CovItemId="B40" Value="37"/>
<Cov CovItemId="B44" Value="4"/>
<Cov CovItemId="B46" Value="4"/>
<Cov CovItemId="B47" Value="8"/>
<Cov CovItemId="B49" Value="8"/>
<Cov CovItemId="B5" Value="37"/>
<Cov CovItemId="B51" Value="32"/>
<Cov CovItemId="B54" Value="32"/>
<Cov CovItemId="B6" Value="16"/>
<Cov CovItemId="B69" Value="1554"/>
<Cov CovItemId="B7" Value="4"/>
<Cov CovItemId="B70" Value="2318"/>
<Cov CovItemId="B72" Value="1554"/>
<Cov CovItemId="B9" Value="18"/>
<Cov CovItemId="L1-2" Value="4"/>
<Cov CovItemId="L2-2" Value="32"/>
<Cov CovItemId="L3-2" Value="320"/>
<Cov CovItemId="S1" Value="40"/>
<Cov CovItemId="S10" Value="40"/>
<Cov CovItemId="S11" Value="40"/>
<Cov CovItemId="S118" Value="32"/>
<Cov CovItemId="S119" Value="4"/>
<Cov CovItemId="S12" Value="40"/>
<Cov CovItemId="S120" Value="4"/>
<Cov CovItemId="S121" Value="4"/>
<Cov CovItemId="S122" Value="32"/>
<Cov CovItemId="S123" Value="32"/>
<Cov CovItemId="S124" Value="320"/>
<Cov CovItemId="S125" Value="3872"/>
<Cov CovItemId="S126" Value="1554"/>
<Cov CovItemId="S129" Value="4"/>
<Cov CovItemId="S13" Value="40"/>
<Cov CovItemId="S14" Value="40"/>
<Cov CovItemId="S15" Value="40"/>
<Cov CovItemId="S16" Value="40"/>
<Cov CovItemId="S17" Value="40"/>
<Cov CovItemId="S18" Value="40"/>
<Cov CovItemId="S19" Value="40"/>
<Cov CovItemId="S2" Value="40"/>
<Cov CovItemId="S20" Value="40"/>
<Cov CovItemId="S21" Value="40"/>
<Cov CovItemId="S22" Value="2"/>
<Cov CovItemId="S23" Value="2"/>
<Cov CovItemId="S24" Value="49"/>
<Cov CovItemId="S25" Value="49"/>
<Cov CovItemId="S26" Value="49"/>
<Cov CovItemId="S3" Value="40"/>
<Cov CovItemId="S30" Value="49"/>
<Cov CovItemId="S31" Value="49"/>
<Cov CovItemId="S32" Value="53"/>
<Cov CovItemId="S33" Value="37"/>
<Cov CovItemId="S34" Value="16"/>
<Cov CovItemId="S35" Value="16"/>
<Cov CovItemId="S36" Value="4"/>
<Cov CovItemId="S37" Value="4"/>
<Cov CovItemId="S38" Value="4"/>
<Cov CovItemId="S39" Value="33"/>
<Cov CovItemId="S4" Value="40"/>
<Cov CovItemId="S40" Value="18"/>
<Cov CovItemId="S41" Value="15"/>
<Cov CovItemId="S42" Value="49"/>
<Cov CovItemId="S43" Value="53"/>
<Cov CovItemId="S44" Value="37"/>
<Cov CovItemId="S45" Value="37"/>
<Cov CovItemId="S46" Value="37"/>
<Cov CovItemId="S48" Value="37"/>
<Cov CovItemId="S49" Value="33"/>
<Cov CovItemId="S5" Value="40"/>
<Cov CovItemId="S50" Value="37"/>
<Cov CovItemId="S51" Value="4"/>
<Cov CovItemId="S52" Value="4"/>
<Cov CovItemId="S53" Value="4"/>
<Cov CovItemId="S54" Value="4"/>
<Cov CovItemId="S55" Value="4"/>
<Cov CovItemId="S57" Value="4"/>
<Cov CovItemId="S58" Value="4"/>
<Cov CovItemId="S6" Value="40"/>
<Cov CovItemId="S65" Value="37"/>
<Cov CovItemId="S67" Value="37"/>
<Cov CovItemId="S68" Value="8"/>
<Cov CovItemId="S69" Value="8"/>
<Cov CovItemId="S7" Value="40"/>
<Cov CovItemId="S70" Value="8"/>
<Cov CovItemId="S71" Value="37"/>
<Cov CovItemId="S73" Value="37"/>
<Cov CovItemId="S77" Value="4"/>
<Cov CovItemId="S78" Value="4"/>
<Cov CovItemId="S79" Value="4"/>
<Cov CovItemId="S8" Value="40"/>
<Cov CovItemId="S81" Value="4"/>
<Cov CovItemId="S82" Value="4"/>
<Cov CovItemId="S83" Value="4"/>
<Cov CovItemId="S86" Value="4"/>
<Cov CovItemId="S87" Value="8"/>
<Cov CovItemId="S88" Value="8"/>
<Cov CovItemId="S89" Value="8"/>
<Cov CovItemId="S9" Value="40"/>
<Cov CovItemId="S90" Value="8"/>
<Cov CovItemId="S91" Value="8"/>
<Cov CovItemId="S92" Value="8"/>
<Cov CovItemId="S93" Value="8"/>
<Cov CovItemId="S94" Value="8"/>
<Cov CovItemId="S95" Value="8"/>
<Cov CovItemId="S97" Value="32"/>
<Cov CovItemId="S98" Value="32"/>
<Cov CovItemId="S99" Value="32"/>
</CovPrefix>
<CovPrefix CovItemPrefix="com.OriginalFiles.RemoteNXTFunctions.java">
<Cov CovItemId="B5" Value="1"/>
<Cov CovItemId="B7" Value="1"/>
<Cov CovItemId="S1" Value="1"/>
<Cov CovItemId="S162" Value="1"/>
<Cov CovItemId="S19" Value="1"/>
<Cov CovItemId="S2" Value="1"/>
<Cov CovItemId="S20" Value="1"/>
<Cov CovItemId="S21" Value="1"/>
<Cov CovItemId="S22" Value="1"/>
<Cov CovItemId="S3" Value="1"/>
</CovPrefix>
</CovList>
<AssgnmntList>
<AssgnmntPrefix RootTermCovItemPrefix="com.OriginalFiles.Analyze.java">
<AssgnmntListEntry Length="1" RootTermCovItemId="C34">
<MapEntry BoolAssgnmnt="0" Value="3"/>
<MapEntry BoolAssgnmnt="1" Value="1"/>
</AssgnmntListEntry>
<AssgnmntListEntry Length="1" RootTermCovItemId="C35">
<MapEntry BoolAssgnmnt="0" Value="4"/>
</AssgnmntListEntry>
<AssgnmntListEntry Length="1" RootTermCovItemId="C36">
<MapEntry BoolAssgnmnt="0" Value="4"/>
</AssgnmntListEntry>
<AssgnmntListEntry Length="1" RootTermCovItemId="C37">
<MapEntry BoolAssgnmnt="0" Value="3"/>
<MapEntry BoolAssgnmnt="1" Value="1"/>
</AssgnmntListEntry>
<AssgnmntListEntry Length="1" RootTermCovItemId="C38">
<MapEntry BoolAssgnmnt="0" Value="2"/>
<MapEntry BoolAssgnmnt="1" Value="2"/>
</AssgnmntListEntry>
<AssgnmntListEntry Length="1" RootTermCovItemId="C39">
<MapEntry BoolAssgnmnt="0" Value="4"/>
<MapEntry BoolAssgnmnt="1" Value="4"/>
</AssgnmntListEntry>
<AssgnmntListEntry Length="1" RootTermCovItemId="C49">
<MapEntry BoolAssgnmnt="0" Value="4"/>
</AssgnmntListEntry>
<AssgnmntListEntry Length="1" RootTermCovItemId="C64">
<MapEntry BoolAssgnmnt="1" Value="1"/>
</AssgnmntListEntry>
<AssgnmntListEntry Length="6" RootTermCovItemId="C66">
<MapEntry BoolAssgnmnt="111111" Value="1"/>
</AssgnmntListEntry>
<AssgnmntListEntry Length="1" RootTermCovItemId="C70">
<MapEntry BoolAssgnmnt="0" Value="8"/>
<MapEntry BoolAssgnmnt="1" Value="248"/>
</AssgnmntListEntry>
<AssgnmntListEntry Length="1" RootTermCovItemId="C71">
<MapEntry BoolAssgnmnt="0" Value="8"/>
</AssgnmntListEntry>
<AssgnmntListEntry Length="1" RootTermCovItemId="C73">
<MapEntry BoolAssgnmnt="1" Value="8"/>
</AssgnmntListEntry>
<AssgnmntListEntry Length="1" RootTermCovItemId="C74">
<MapEntry BoolAssgnmnt="1" Value="8"/>
</AssgnmntListEntry>
<AssgnmntListEntry Length="3" RootTermCovItemId="C75">
<MapEntry BoolAssgnmnt="012" Value="4"/>
</AssgnmntListEntry>
<AssgnmntListEntry Length="3" RootTermCovItemId="C76">
<MapEntry BoolAssgnmnt="122" Value="4"/>
</AssgnmntListEntry>
<AssgnmntListEntry Length="1" RootTermCovItemId="C82">
<MapEntry BoolAssgnmnt="0" Value="2"/>
</AssgnmntListEntry>
<AssgnmntListEntry Length="2" RootTermCovItemId="C88">
<MapEntry BoolAssgnmnt="12" Value="2"/>
</AssgnmntListEntry>
<AssgnmntListEntry Length="2" RootTermCovItemId="C89">
<MapEntry BoolAssgnmnt="10" Value="2"/>
</AssgnmntListEntry>
</AssgnmntPrefix>
<AssgnmntPrefix RootTermCovItemPrefix="com.OriginalFiles.Board.java">
<AssgnmntListEntry Length="1" RootTermCovItemId="C1">
<MapEntry BoolAssgnmnt="0" Value="1"/>
<MapEntry BoolAssgnmnt="1" Value="8"/>
</AssgnmntListEntry>
<AssgnmntListEntry Length="1" RootTermCovItemId="C10">
<MapEntry BoolAssgnmnt="0" Value="1"/>
<MapEntry BoolAssgnmnt="1" Value="3"/>
</AssgnmntListEntry>
<AssgnmntListEntry Length="1" RootTermCovItemId="C11">
<MapEntry BoolAssgnmnt="0" Value="3"/>
<MapEntry BoolAssgnmnt="1" Value="24"/>
</AssgnmntListEntry>
<AssgnmntListEntry Length="1" RootTermCovItemId="C12">
<MapEntry BoolAssgnmnt="0" Value="1"/>
<MapEntry BoolAssgnmnt="1" Value="2"/>
</AssgnmntListEntry>
<AssgnmntListEntry Length="1" RootTermCovItemId="C13">
<MapEntry BoolAssgnmnt="0" Value="2"/>
<MapEntry BoolAssgnmnt="1" Value="16"/>
</AssgnmntListEntry>
<AssgnmntListEntry Length="1" RootTermCovItemId="C2">
<MapEntry BoolAssgnmnt="0" Value="8"/>
<MapEntry BoolAssgnmnt="1" Value="64"/>
</AssgnmntListEntry>
<AssgnmntListEntry Length="1" RootTermCovItemId="C26">
<MapEntry BoolAssgnmnt="0" Value="4"/>
</AssgnmntListEntry>
<AssgnmntListEntry Length="1" RootTermCovItemId="C27">
<MapEntry BoolAssgnmnt="0" Value="4"/>
</AssgnmntListEntry>
<AssgnmntListEntry Length="2" RootTermCovItemId="C28">
<MapEntry BoolAssgnmnt="02" Value="4"/>
</AssgnmntListEntry>
<AssgnmntListEntry Length="1" RootTermCovItemId="C29">
<MapEntry BoolAssgnmnt="1" Value="4"/>
</AssgnmntListEntry>
<AssgnmntListEntry Length="1" RootTermCovItemId="C3">
<MapEntry BoolAssgnmnt="0" Value="32"/>
<MapEntry BoolAssgnmnt="1" Value="32"/>
</AssgnmntListEntry>
<AssgnmntListEntry Length="1" RootTermCovItemId="C31">
<MapEntry BoolAssgnmnt="1" Value="21"/>
</AssgnmntListEntry>
<AssgnmntListEntry Length="1" RootTermCovItemId="C32">
<MapEntry BoolAssgnmnt="0" Value="8"/>
<MapEntry BoolAssgnmnt="1" Value="3"/>
</AssgnmntListEntry>
<AssgnmntListEntry Length="1" RootTermCovItemId="C33">
<MapEntry BoolAssgnmnt="0" Value="8"/>
</AssgnmntListEntry>
<AssgnmntListEntry Length="1" RootTermCovItemId="C34">
<MapEntry BoolAssgnmnt="0" Value="8"/>
</AssgnmntListEntry>
<AssgnmntListEntry Length="1" RootTermCovItemId="C35">
<MapEntry BoolAssgnmnt="0" Value="8"/>
</AssgnmntListEntry>
<AssgnmntListEntry Length="5" RootTermCovItemId="C38">
<MapEntry BoolAssgnmnt="02002" Value="1"/>
<MapEntry BoolAssgnmnt="10122" Value="27"/>
<MapEntry BoolAssgnmnt="11220" Value="28"/>
</AssgnmntListEntry>
<AssgnmntListEntry Length="1" RootTermCovItemId="C39">
<MapEntry BoolAssgnmnt="1" Value="28"/>
</AssgnmntListEntry>
<AssgnmntListEntry Length="1" RootTermCovItemId="C4">
<MapEntry BoolAssgnmnt="0" Value="20"/>
<MapEntry BoolAssgnmnt="1" Value="12"/>
</AssgnmntListEntry>
<AssgnmntListEntry Length="1" RootTermCovItemId="C40">
<MapEntry BoolAssgnmnt="0" Value="28"/>
</AssgnmntListEntry>
<AssgnmntListEntry Length="2" RootTermCovItemId="C41">
<MapEntry BoolAssgnmnt="10" Value="5"/>
<MapEntry BoolAssgnmnt="02" Value="23"/>
</AssgnmntListEntry>
<AssgnmntListEntry Length="1" RootTermCovItemId="C42">
<MapEntry BoolAssgnmnt="0" Value="160"/>
<MapEntry BoolAssgnmnt="1" Value="160"/>
</AssgnmntListEntry>
<AssgnmntListEntry Length="1" RootTermCovItemId="C43">
<MapEntry BoolAssgnmnt="0" Value="149"/>
<MapEntry BoolAssgnmnt="1" Value="11"/>
</AssgnmntListEntry>
<AssgnmntListEntry Length="1" RootTermCovItemId="C44">
<MapEntry BoolAssgnmnt="0" Value="1"/>
<MapEntry BoolAssgnmnt="1" Value="10"/>
</AssgnmntListEntry>
<AssgnmntListEntry Length="1" RootTermCovItemId="C45">
<MapEntry BoolAssgnmnt="1" Value="1"/>
</AssgnmntListEntry>
<AssgnmntListEntry Length="1" RootTermCovItemId="C5">
<MapEntry BoolAssgnmnt="0" Value="8"/>
<MapEntry BoolAssgnmnt="1" Value="4"/>
</AssgnmntListEntry>
<AssgnmntListEntry Length="1" RootTermCovItemId="C53">
<MapEntry BoolAssgnmnt="1" Value="1675"/>
</AssgnmntListEntry>
<AssgnmntListEntry Length="1" RootTermCovItemId="C54">
<MapEntry BoolAssgnmnt="0" Value="138"/>
<MapEntry BoolAssgnmnt="1" Value="1537"/>
</AssgnmntListEntry>
<AssgnmntListEntry Length="3" RootTermCovItemId="C55">
<MapEntry BoolAssgnmnt="002" Value="79"/>
<MapEntry BoolAssgnmnt="120" Value="79"/>
<MapEntry BoolAssgnmnt="121" Value="1722"/>
</AssgnmntListEntry>
<AssgnmntListEntry Length="3" RootTermCovItemId="C56">
<MapEntry BoolAssgnmnt="002" Value="1722"/>
<MapEntry BoolAssgnmnt="120" Value="41"/>
<MapEntry BoolAssgnmnt="121" Value="38"/>
</AssgnmntListEntry>
<AssgnmntListEntry Length="1" RootTermCovItemId="C6">
<MapEntry BoolAssgnmnt="0" Value="20"/>
<MapEntry BoolAssgnmnt="1" Value="12"/>
</AssgnmntListEntry>
<AssgnmntListEntry Length="1" RootTermCovItemId="C7">
<MapEntry BoolAssgnmnt="0" Value="8"/>
<MapEntry BoolAssgnmnt="1" Value="4"/>
</AssgnmntListEntry>
<AssgnmntListEntry Length="1" RootTermCovItemId="C8">
<MapEntry BoolAssgnmnt="0" Value="1"/>
<MapEntry BoolAssgnmnt="1" Value="8"/>
</AssgnmntListEntry>
<AssgnmntListEntry Length="1" RootTermCovItemId="C9">
<MapEntry BoolAssgnmnt="0" Value="1"/>
<MapEntry BoolAssgnmnt="1" Value="8"/>
</AssgnmntListEntry>
</AssgnmntPrefix>
<AssgnmntPrefix RootTermCovItemPrefix="com.OriginalFiles.Field.java">
<AssgnmntListEntry Length="1" RootTermCovItemId="C1">
<MapEntry BoolAssgnmnt="0" Value="49"/>
<MapEntry BoolAssgnmnt="1" Value="10"/>
</AssgnmntListEntry>
</AssgnmntPrefix>
<AssgnmntPrefix RootTermCovItemPrefix="com.OriginalFiles.MI.java">
<AssgnmntListEntry Length="1" RootTermCovItemId="C1">
<MapEntry BoolAssgnmnt="1" Value="1"/>
</AssgnmntListEntry>
<AssgnmntListEntry Length="1" RootTermCovItemId="C10">
<MapEntry BoolAssgnmnt="1" Value="2"/>
</AssgnmntListEntry>
<AssgnmntListEntry Length="1" RootTermCovItemId="C11">
<MapEntry BoolAssgnmnt="0" Value="2"/>
<MapEntry BoolAssgnmnt="1" Value="4"/>
</AssgnmntListEntry>
<AssgnmntListEntry Length="1" RootTermCovItemId="C12">
<MapEntry BoolAssgnmnt="0" Value="2"/>
</AssgnmntListEntry>
<AssgnmntListEntry Length="1" RootTermCovItemId="C15">
<MapEntry BoolAssgnmnt="0" Value="2"/>
</AssgnmntListEntry>
<AssgnmntListEntry Length="1" RootTermCovItemId="C16">
<MapEntry BoolAssgnmnt="0" Value="2"/>
</AssgnmntListEntry>
<AssgnmntListEntry Length="1" RootTermCovItemId="C17">
<MapEntry BoolAssgnmnt="1" Value="2"/>
</AssgnmntListEntry>
<AssgnmntListEntry Length="1" RootTermCovItemId="C18">
<MapEntry BoolAssgnmnt="0" Value="2"/>
<MapEntry BoolAssgnmnt="1" Value="2"/>
</AssgnmntListEntry>
<AssgnmntListEntry Length="1" RootTermCovItemId="C19">
<MapEntry BoolAssgnmnt="1" Value="2"/>
</AssgnmntListEntry>
<AssgnmntListEntry Length="1" RootTermCovItemId="C2">
<MapEntry BoolAssgnmnt="0" Value="27"/>
<MapEntry BoolAssgnmnt="1" Value="101"/>
</AssgnmntListEntry>
<AssgnmntListEntry Length="1" RootTermCovItemId="C20">
<MapEntry BoolAssgnmnt="1" Value="2"/>
</AssgnmntListEntry>
<AssgnmntListEntry Length="1" RootTermCovItemId="C21">
<MapEntry BoolAssgnmnt="1" Value="2"/>
</AssgnmntListEntry>
<AssgnmntListEntry Length="1" RootTermCovItemId="C22">
<MapEntry BoolAssgnmnt="0" Value="2"/>
<MapEntry BoolAssgnmnt="1" Value="2"/>
</AssgnmntListEntry>
<AssgnmntListEntry Length="1" RootTermCovItemId="C23">
<MapEntry BoolAssgnmnt="0" Value="2"/>
</AssgnmntListEntry>
<AssgnmntListEntry Length="2" RootTermCovItemId="C24">
<MapEntry BoolAssgnmnt="02" Value="2"/>
</AssgnmntListEntry>
<AssgnmntListEntry Length="1" RootTermCovItemId="C27">
<MapEntry BoolAssgnmnt="0" Value="2"/>
<MapEntry BoolAssgnmnt="1" Value="2"/>
</AssgnmntListEntry>
<AssgnmntListEntry Length="1" RootTermCovItemId="C28">
<MapEntry BoolAssgnmnt="1" Value="2"/>
</AssgnmntListEntry>
<AssgnmntListEntry Length="1" RootTermCovItemId="C29">
<MapEntry BoolAssgnmnt="0" Value="3"/>
<MapEntry BoolAssgnmnt="1" Value="61"/>
</AssgnmntListEntry>
<AssgnmntListEntry Length="1" RootTermCovItemId="C3">
<MapEntry BoolAssgnmnt="0" Value="13"/>
<MapEntry BoolAssgnmnt="1" Value="14"/>
</AssgnmntListEntry>
<AssgnmntListEntry Length="2" RootTermCovItemId="C30">
<MapEntry BoolAssgnmnt="10" Value="1"/>
<MapEntry BoolAssgnmnt="11" Value="2"/>
</AssgnmntListEntry>
<AssgnmntListEntry Length="1" RootTermCovItemId="C31">
<MapEntry BoolAssgnmnt="1" Value="2"/>
</AssgnmntListEntry>
<AssgnmntListEntry Length="1" RootTermCovItemId="C32">
<MapEntry BoolAssgnmnt="1" Value="2"/>
</AssgnmntListEntry>
<AssgnmntListEntry Length="1" RootTermCovItemId="C34">
<MapEntry BoolAssgnmnt="1" Value="1"/>
</AssgnmntListEntry>
<AssgnmntListEntry Length="1" RootTermCovItemId="C4">
<MapEntry BoolAssgnmnt="0" Value="1"/>
</AssgnmntListEntry>
<AssgnmntListEntry Length="1" RootTermCovItemId="C5">
<MapEntry BoolAssgnmnt="0" Value="1"/>
<MapEntry BoolAssgnmnt="1" Value="1"/>
</AssgnmntListEntry>
<AssgnmntListEntry Length="1" RootTermCovItemId="C6">
<MapEntry BoolAssgnmnt="1" Value="1"/>
</AssgnmntListEntry>
<AssgnmntListEntry Length="2" RootTermCovItemId="C7">
<MapEntry BoolAssgnmnt="01" Value="2"/>
</AssgnmntListEntry>
<AssgnmntListEntry Length="1" RootTermCovItemId="C9">
<MapEntry BoolAssgnmnt="1" Value="2"/>
</AssgnmntListEntry>
</AssgnmntPrefix>
<AssgnmntPrefix RootTermCovItemPrefix="com.OriginalFiles.Piece.java">
<AssgnmntListEntry Length="2" RootTermCovItemId="C1">
<MapEntry BoolAssgnmnt="10" Value="33"/>
<MapEntry BoolAssgnmnt="02" Value="16"/>
</AssgnmntListEntry>
<AssgnmntListEntry Length="1" RootTermCovItemId="C10">
<MapEntry BoolAssgnmnt="1" Value="4"/>
</AssgnmntListEntry>
<AssgnmntListEntry Length="1" RootTermCovItemId="C11">
<MapEntry BoolAssgnmnt="0" Value="4"/>
</AssgnmntListEntry>
<AssgnmntListEntry Length="1" RootTermCovItemId="C12">
<MapEntry BoolAssgnmnt="0" Value="4"/>
</AssgnmntListEntry>
<AssgnmntListEntry Length="1" RootTermCovItemId="C13">
<MapEntry BoolAssgnmnt="0" Value="4"/>
</AssgnmntListEntry>
<AssgnmntListEntry Length="5" RootTermCovItemId="C17">
<MapEntry BoolAssgnmnt="00210" Value="22"/>
<MapEntry BoolAssgnmnt="01002" Value="15"/>
</AssgnmntListEntry>
<AssgnmntListEntry Length="5" RootTermCovItemId="C18">
<MapEntry BoolAssgnmnt="00210" Value="18"/>
<MapEntry BoolAssgnmnt="00211" Value="4"/>
<MapEntry BoolAssgnmnt="01002" Value="11"/>
<MapEntry BoolAssgnmnt="01122" Value="4"/>
</AssgnmntListEntry>
<AssgnmntListEntry Length="1" RootTermCovItemId="C19">
<MapEntry BoolAssgnmnt="1" Value="8"/>
</AssgnmntListEntry>
<AssgnmntListEntry Length="1" RootTermCovItemId="C20">
<MapEntry BoolAssgnmnt="0" Value="37"/>
</AssgnmntListEntry>
<AssgnmntListEntry Length="1" RootTermCovItemId="C22">
<MapEntry BoolAssgnmnt="0" Value="4"/>
</AssgnmntListEntry>
<AssgnmntListEntry Length="1" RootTermCovItemId="C23">
<MapEntry BoolAssgnmnt="0" Value="4"/>
</AssgnmntListEntry>
<AssgnmntListEntry Length="1" RootTermCovItemId="C24">
<MapEntry BoolAssgnmnt="1" Value="8"/>
</AssgnmntListEntry>
<AssgnmntListEntry Length="1" RootTermCovItemId="C25">
<MapEntry BoolAssgnmnt="1" Value="8"/>
</AssgnmntListEntry>
<AssgnmntListEntry Length="1" RootTermCovItemId="C26">
<MapEntry BoolAssgnmnt="1" Value="32"/>
</AssgnmntListEntry>
<AssgnmntListEntry Length="1" RootTermCovItemId="C27">
<MapEntry BoolAssgnmnt="0" Value="32"/>
</AssgnmntListEntry>
<AssgnmntListEntry Length="1" RootTermCovItemId="C3">
<MapEntry BoolAssgnmnt="0" Value="16"/>
<MapEntry BoolAssgnmnt="1" Value="37"/>
</AssgnmntListEntry>
<AssgnmntListEntry Length="2" RootTermCovItemId="C35">
<MapEntry BoolAssgnmnt="01" Value="32"/>
<MapEntry BoolAssgnmnt="00" Value="4"/>
</AssgnmntListEntry>
<AssgnmntListEntry Length="1" RootTermCovItemId="C36">
<MapEntry BoolAssgnmnt="0" Value="32"/>
<MapEntry BoolAssgnmnt="1" Value="320"/>
</AssgnmntListEntry>
<AssgnmntListEntry Length="1" RootTermCovItemId="C37">
<MapEntry BoolAssgnmnt="0" Value="320"/>
<MapEntry BoolAssgnmnt="1" Value="3872"/>
</AssgnmntListEntry>
<AssgnmntListEntry Length="1" RootTermCovItemId="C38">
<MapEntry BoolAssgnmnt="0" Value="2318"/>
<MapEntry BoolAssgnmnt="1" Value="1554"/>
</AssgnmntListEntry>
<AssgnmntListEntry Length="1" RootTermCovItemId="C39">
<MapEntry BoolAssgnmnt="0" Value="1554"/>
</AssgnmntListEntry>
<AssgnmntListEntry Length="2" RootTermCovItemId="C4">
<MapEntry BoolAssgnmnt="12" Value="4"/>
</AssgnmntListEntry>
<AssgnmntListEntry Length="1" RootTermCovItemId="C5">
<MapEntry BoolAssgnmnt="0" Value="15"/>
<MapEntry BoolAssgnmnt="1" Value="18"/>
</AssgnmntListEntry>
<AssgnmntListEntry Length="1" RootTermCovItemId="C6">
<MapEntry BoolAssgnmnt="0" Value="16"/>
<MapEntry BoolAssgnmnt="1" Value="37"/>
</AssgnmntListEntry>
<AssgnmntListEntry Length="1" RootTermCovItemId="C7">
<MapEntry BoolAssgnmnt="0" Value="37"/>
</AssgnmntListEntry>
<AssgnmntListEntry Length="1" RootTermCovItemId="C8">
<MapEntry BoolAssgnmnt="0" Value="4"/>
<MapEntry BoolAssgnmnt="1" Value="33"/>
</AssgnmntListEntry>
<AssgnmntListEntry Length="1" RootTermCovItemId="C9">
<MapEntry BoolAssgnmnt="0" Value="33"/>
<MapEntry BoolAssgnmnt="1" Value="4"/>
</AssgnmntListEntry>
</AssgnmntPrefix>
<AssgnmntPrefix RootTermCovItemPrefix="com.OriginalFiles.RemoteNXTFunctions.java">
<AssgnmntListEntry Length="1" RootTermCovItemId="C5">
<MapEntry BoolAssgnmnt="1" Value="1"/>
</AssgnmntListEntry>
<AssgnmntListEntry Length="2" RootTermCovItemId="C6">
<MapEntry BoolAssgnmnt="11" Value="1"/>
</AssgnmntListEntry>
</AssgnmntPrefix>
</AssgnmntList>
<ObjMetaDataList/>
<MetaDataList/>
</TestCase>
<TestCase Comment="" Date="1386064083420" Name="com.Testing.AnalyzeTest:testCheckMotorCalibration">
<CovList>
<CovPrefix CovItemPrefix="com.OriginalFiles.Analyze.java">
<Cov CovItemId="B1" Value="32"/>
<Cov CovItemId="B10" Value="32"/>
<Cov CovItemId="B107" Value="64"/>
<Cov CovItemId="B108" Value="125"/>
<Cov CovItemId="B11" Value="32"/>
<Cov CovItemId="B110" Value="125"/>
<Cov CovItemId="B111" Value="34"/>
<Cov CovItemId="B112" Value="91"/>
<Cov CovItemId="B114" Value="91"/>
<Cov CovItemId="B115" Value="57"/>
<Cov CovItemId="B116" Value="17"/>
<Cov CovItemId="B120" Value="148"/>
<Cov CovItemId="B121" Value="4588"/>
<Cov CovItemId="B122" Value="91"/>
<Cov CovItemId="B123" Value="57"/>
<Cov CovItemId="B124" Value="91"/>
<Cov CovItemId="B126" Value="57"/>
<Cov CovItemId="B127" Value="91"/>
<Cov CovItemId="B128" Value="57"/>
<Cov CovItemId="B13" Value="25"/>
<Cov CovItemId="B130" Value="17"/>
<Cov CovItemId="B131" Value="57"/>
<Cov CovItemId="B133" Value="57"/>
<Cov CovItemId="B134" Value="57"/>
<Cov CovItemId="B136" Value="57"/>
<Cov CovItemId="B139" Value="57"/>
<Cov CovItemId="B14" Value="7"/>
<Cov CovItemId="B157" Value="114"/>
<Cov CovItemId="B16" Value="25"/>
<Cov CovItemId="B17" Value="25"/>
<Cov CovItemId="B19" Value="7"/>
<Cov CovItemId="B2" Value="10"/>
<Cov CovItemId="B20" Value="25"/>
<Cov CovItemId="B21" Value="3"/>
<Cov CovItemId="B22" Value="4"/>
<Cov CovItemId="B23" Value="3"/>
<Cov CovItemId="B24" Value="1"/>
<Cov CovItemId="B26" Value="25"/>
<Cov CovItemId="B3" Value="25"/>
<Cov CovItemId="B31" Value="25"/>
<Cov CovItemId="B33" Value="25"/>
<Cov CovItemId="B35" Value="13"/>
<Cov CovItemId="B36" Value="12"/>
<Cov CovItemId="B37" Value="13"/>
<Cov CovItemId="B4" Value="7"/>
<Cov CovItemId="B40" Value="12"/>
<Cov CovItemId="B43" Value="12"/>
<Cov CovItemId="B46" Value="12"/>
<Cov CovItemId="B49" Value="12"/>
<Cov CovItemId="B5" Value="2"/>
<Cov CovItemId="B51" Value="12"/>
<Cov CovItemId="B53" Value="25"/>
<Cov CovItemId="B55" Value="25"/>
<Cov CovItemId="B57" Value="25"/>
<Cov CovItemId="B59" Value="25"/>
<Cov CovItemId="B6" Value="30"/>
<Cov CovItemId="B61" Value="75"/>
<Cov CovItemId="B62" Value="25"/>
<Cov CovItemId="B64" Value="100"/>
<Cov CovItemId="B7" Value="64"/>
<Cov CovItemId="B8" Value="1984"/>
<Cov CovItemId="B84" Value="25"/>
<Cov CovItemId="B9" Value="32"/>
<Cov CovItemId="B96" Value="32"/>
<Cov CovItemId="L1-2" Value="32"/>
<Cov CovItemId="L16-2" Value="74"/>
<Cov CovItemId="L17-2" Value="592"/>
<Cov CovItemId="L2-2" Value="256"/>
<Cov CovItemId="L3-1" Value="32"/>
<Cov CovItemId="L4-2" Value="25"/>
<Cov CovItemId="S10" Value="32"/>
<Cov CovItemId="S11" Value="32"/>
<Cov CovItemId="S12" Value="32"/>
<Cov CovItemId="S13" Value="32"/>
<Cov CovItemId="S14" Value="32"/>
<Cov CovItemId="S149" Value="25"/>
<Cov CovItemId="S15" Value="25"/>
<Cov CovItemId="S16" Value="17"/>
<Cov CovItemId="S168" Value="32"/>
<Cov CovItemId="S17" Value="32"/>
<Cov CovItemId="S18" Value="32"/>
<Cov CovItemId="S19" Value="2"/>
<Cov CovItemId="S199" Value="189"/>
<Cov CovItemId="S20" Value="2"/>
<Cov CovItemId="S200" Value="189"/>
<Cov CovItemId="S201" Value="189"/>
<Cov CovItemId="S202" Value="189"/>
<Cov CovItemId="S203" Value="189"/>
<Cov CovItemId="S204" Value="64"/>
<Cov CovItemId="S205" Value="125"/>
<Cov CovItemId="S207" Value="125"/>
<Cov CovItemId="S208" Value="34"/>
<Cov CovItemId="S209" Value="91"/>
<Cov CovItemId="S21" Value="32"/>
<Cov CovItemId="S211" Value="91"/>
<Cov CovItemId="S212" Value="74"/>
<Cov CovItemId="S213" Value="57"/>
<Cov CovItemId="S214" Value="17"/>
<Cov CovItemId="S215" Value="17"/>
<Cov CovItemId="S22" Value="32"/>
<Cov CovItemId="S221" Value="74"/>
<Cov CovItemId="S222" Value="74"/>
<Cov CovItemId="S223" Value="74"/>
<Cov CovItemId="S224" Value="74"/>
<Cov CovItemId="S225" Value="74"/>
<Cov CovItemId="S226" Value="74"/>
<Cov CovItemId="S227" Value="592"/>
<Cov CovItemId="S228" Value="4736"/>
<Cov CovItemId="S229" Value="148"/>
<Cov CovItemId="S23" Value="256"/>
<Cov CovItemId="S230" Value="91"/>
<Cov CovItemId="S231" Value="91"/>
<Cov CovItemId="S232" Value="91"/>
<Cov CovItemId="S233" Value="148"/>
<Cov CovItemId="S234" Value="57"/>
<Cov CovItemId="S235" Value="57"/>
<Cov CovItemId="S236" Value="57"/>
<Cov CovItemId="S237" Value="74"/>
<Cov CovItemId="S238" Value="17"/>
<Cov CovItemId="S239" Value="57"/>
<Cov CovItemId="S24" Value="2048"/>
<Cov CovItemId="S241" Value="57"/>
<Cov CovItemId="S242" Value="57"/>
<Cov CovItemId="S243" Value="57"/>
<Cov CovItemId="S244" Value="57"/>
<Cov CovItemId="S245" Value="57"/>
<Cov CovItemId="S25" Value="64"/>
<Cov CovItemId="S250" Value="57"/>
<Cov CovItemId="S26" Value="32"/>
<Cov CovItemId="S267" Value="114"/>
<Cov CovItemId="S269" Value="114"/>
<Cov CovItemId="S27" Value="32"/>
<Cov CovItemId="S28" Value="32"/>
<Cov CovItemId="S29" Value="32"/>
<Cov CovItemId="S30" Value="32"/>
<Cov CovItemId="S31" Value="32"/>
<Cov CovItemId="S32" Value="32"/>
<Cov CovItemId="S33" Value="32"/>
<Cov CovItemId="S34" Value="32"/>
<Cov CovItemId="S35" Value="25"/>
<Cov CovItemId="S37" Value="25"/>
<Cov CovItemId="S38" Value="25"/>
<Cov CovItemId="S39" Value="7"/>
<Cov CovItemId="S40" Value="32"/>
<Cov CovItemId="S41" Value="7"/>
<Cov CovItemId="S42" Value="3"/>
<Cov CovItemId="S43" Value="3"/>
<Cov CovItemId="S44" Value="3"/>
<Cov CovItemId="S45" Value="4"/>
<Cov CovItemId="S46" Value="3"/>
<Cov CovItemId="S47" Value="3"/>
<Cov CovItemId="S48" Value="3"/>
<Cov CovItemId="S49" Value="3"/>
<Cov CovItemId="S50" Value="1"/>
<Cov CovItemId="S51" Value="25"/>
<Cov CovItemId="S52" Value="25"/>
<Cov CovItemId="S57" Value="25"/>
<Cov CovItemId="S58" Value="25"/>
<Cov CovItemId="S59" Value="25"/>
<Cov CovItemId="S6" Value="42"/>
<Cov CovItemId="S60" Value="25"/>
<Cov CovItemId="S61" Value="25"/>
<Cov CovItemId="S62" Value="13"/>
<Cov CovItemId="S63" Value="13"/>
<Cov CovItemId="S64" Value="13"/>
<Cov CovItemId="S66" Value="12"/>
<Cov CovItemId="S7" Value="32"/>
<Cov CovItemId="S71" Value="12"/>
<Cov CovItemId="S72" Value="12"/>
<Cov CovItemId="S77" Value="12"/>
<Cov CovItemId="S78" Value="12"/>
<Cov CovItemId="S79" Value="12"/>
<Cov CovItemId="S8" Value="32"/>
<Cov CovItemId="S80" Value="12"/>
<Cov CovItemId="S83" Value="25"/>
<Cov CovItemId="S84" Value="25"/>
<Cov CovItemId="S85" Value="25"/>
<Cov CovItemId="S86" Value="25"/>
<Cov CovItemId="S87" Value="25"/>
<Cov CovItemId="S88" Value="25"/>
<Cov CovItemId="S89" Value="25"/>
<Cov CovItemId="S9" Value="32"/>
<Cov CovItemId="S90" Value="25"/>
<Cov CovItemId="S91" Value="25"/>
<Cov CovItemId="S92" Value="25"/>
<Cov CovItemId="S93" Value="25"/>
<Cov CovItemId="S94" Value="100"/>
<Cov CovItemId="S95" Value="75"/>
<Cov CovItemId="S96" Value="100"/>
<Cov CovItemId="S98" Value="25"/>
</CovPrefix>
<CovPrefix CovItemPrefix="com.OriginalFiles.Board.java">
<Cov CovItemId="B28" Value="75"/>
<Cov CovItemId="B31" Value="25"/>
<Cov CovItemId="B33" Value="25"/>
<Cov CovItemId="B36" Value="25"/>
<Cov CovItemId="B37" Value="25"/>
<Cov CovItemId="B39" Value="93"/>
<Cov CovItemId="B41" Value="1173"/>
<Cov CovItemId="B44" Value="278"/>
<Cov CovItemId="B45" Value="278"/>
<Cov CovItemId="B47" Value="278"/>
<Cov CovItemId="B49" Value="278"/>
<Cov CovItemId="B51" Value="278"/>
<Cov CovItemId="B53" Value="278"/>
<Cov CovItemId="B56" Value="1112"/>
<Cov CovItemId="B57" Value="962"/>
<Cov CovItemId="B58" Value="150"/>
<Cov CovItemId="B59" Value="962"/>
<Cov CovItemId="B62" Value="962"/>
<Cov CovItemId="B63" Value="4448"/>
<Cov CovItemId="B64" Value="4448"/>
<Cov CovItemId="B65" Value="278"/>
<Cov CovItemId="B66" Value="4170"/>
<Cov CovItemId="B67" Value="114"/>
<Cov CovItemId="B68" Value="164"/>
<Cov CovItemId="B71" Value="4"/>
<Cov CovItemId="B72" Value="4"/>
<Cov CovItemId="B73" Value="16"/>
<Cov CovItemId="B74" Value="16"/>
<Cov CovItemId="B75" Value="16"/>
<Cov CovItemId="B76" Value="16"/>
<Cov CovItemId="B77" Value="30"/>
<Cov CovItemId="B78" Value="2"/>
<Cov CovItemId="B79" Value="1700"/>
<Cov CovItemId="B81" Value="663"/>
<Cov CovItemId="B82" Value="1037"/>
<Cov CovItemId="B83" Value="227"/>
<Cov CovItemId="B84" Value="652"/>
<Cov CovItemId="B85" Value="204"/>
<Cov CovItemId="B86" Value="448"/>
<Cov CovItemId="L10-2" Value="2224"/>
<Cov CovItemId="L11-1" Value="32"/>
<Cov CovItemId="L12-0" Value="32"/>
<Cov CovItemId="L13-2" Value="139"/>
<Cov CovItemId="L14-2" Value="1112"/>
<Cov CovItemId="L15-2" Value="1"/>
<Cov CovItemId="L16-2" Value="4"/>
<Cov CovItemId="L17-2" Value="4"/>
<Cov CovItemId="L9-2" Value="278"/>
<Cov CovItemId="S100" Value="25"/>
<Cov CovItemId="S102" Value="25"/>
<Cov CovItemId="S104" Value="25"/>
<Cov CovItemId="S105" Value="25"/>
<Cov CovItemId="S106" Value="25"/>
<Cov CovItemId="S107" Value="25"/>
<Cov CovItemId="S108" Value="25"/>
<Cov CovItemId="S109" Value="25"/>
<Cov CovItemId="S110" Value="61"/>
<Cov CovItemId="S111" Value="93"/>
<Cov CovItemId="S112" Value="93"/>
<Cov CovItemId="S113" Value="93"/>
<Cov CovItemId="S115" Value="1173"/>
<Cov CovItemId="S116" Value="1173"/>
<Cov CovItemId="S118" Value="278"/>
<Cov CovItemId="S119" Value="278"/>
<Cov CovItemId="S121" Value="278"/>
<Cov CovItemId="S122" Value="278"/>
<Cov CovItemId="S123" Value="278"/>
<Cov CovItemId="S124" Value="278"/>
<Cov CovItemId="S125" Value="278"/>
<Cov CovItemId="S126" Value="278"/>
<Cov CovItemId="S127" Value="278"/>
<Cov CovItemId="S128" Value="278"/>
<Cov CovItemId="S129" Value="278"/>
<Cov CovItemId="S130" Value="278"/>
<Cov CovItemId="S131" Value="278"/>
<Cov CovItemId="S132" Value="278"/>
<Cov CovItemId="S133" Value="278"/>
<Cov CovItemId="S134" Value="278"/>
<Cov CovItemId="S135" Value="1112"/>
<Cov CovItemId="S137" Value="1112"/>
<Cov CovItemId="S138" Value="962"/>
<Cov CovItemId="S139" Value="962"/>
<Cov CovItemId="S141" Value="1112"/>
<Cov CovItemId="S142" Value="1112"/>
<Cov CovItemId="S143" Value="139"/>
<Cov CovItemId="S144" Value="139"/>
<Cov CovItemId="S145" Value="1112"/>
<Cov CovItemId="S146" Value="8896"/>
<Cov CovItemId="S147" Value="4448"/>
<Cov CovItemId="S148" Value="278"/>
<Cov CovItemId="S149" Value="114"/>
<Cov CovItemId="S150" Value="164"/>
<Cov CovItemId="S151" Value="139"/>
<Cov CovItemId="S157" Value="1"/>
<Cov CovItemId="S158" Value="1"/>
<Cov CovItemId="S159" Value="8"/>
<Cov CovItemId="S160" Value="4"/>
<Cov CovItemId="S161" Value="32"/>
<Cov CovItemId="S162" Value="16"/>
<Cov CovItemId="S163" Value="4"/>
<Cov CovItemId="S164" Value="4"/>
<Cov CovItemId="S165" Value="32"/>
<Cov CovItemId="S166" Value="16"/>
<Cov CovItemId="S167" Value="4"/>
<Cov CovItemId="S168" Value="1"/>
<Cov CovItemId="S169" Value="32"/>
<Cov CovItemId="S170" Value="32"/>
<Cov CovItemId="S171" Value="30"/>
<Cov CovItemId="S172" Value="2"/>
<Cov CovItemId="S173" Value="2"/>
<Cov CovItemId="S174" Value="2"/>
<Cov CovItemId="S175" Value="2"/>
<Cov CovItemId="S176" Value="1700"/>
<Cov CovItemId="S177" Value="1700"/>
<Cov CovItemId="S178" Value="663"/>
<Cov CovItemId="S179" Value="1037"/>
<Cov CovItemId="S180" Value="879"/>
<Cov CovItemId="S181" Value="227"/>
<Cov CovItemId="S182" Value="652"/>
<Cov CovItemId="S183" Value="204"/>
<Cov CovItemId="S184" Value="448"/>
<Cov CovItemId="S185" Value="4442"/>
<Cov CovItemId="S61" Value="278"/>
<Cov CovItemId="S62" Value="2224"/>
<Cov CovItemId="S63" Value="17792"/>
<Cov CovItemId="S64" Value="32"/>
<Cov CovItemId="S65" Value="32"/>
<Cov CovItemId="S66" Value="32"/>
<Cov CovItemId="S67" Value="32"/>
<Cov CovItemId="S68" Value="32"/>
<Cov CovItemId="S76" Value="32"/>
<Cov CovItemId="S77" Value="32"/>
<Cov CovItemId="S94" Value="75"/>
<Cov CovItemId="S97" Value="75"/>
<Cov CovItemId="S98" Value="25"/>
<Cov CovItemId="S99" Value="25"/>
</CovPrefix>
<CovPrefix CovItemPrefix="com.OriginalFiles.Field.java">
<Cov CovItemId="B1" Value="99"/>
<Cov CovItemId="B2" Value="46"/>
<Cov CovItemId="S1" Value="176"/>
<Cov CovItemId="S13" Value="409"/>
<Cov CovItemId="S2" Value="176"/>
<Cov CovItemId="S5" Value="145"/>
<Cov CovItemId="S6" Value="145"/>
<Cov CovItemId="S7" Value="99"/>
<Cov CovItemId="S8" Value="7043"/>
<Cov CovItemId="S9" Value="9827"/>
</CovPrefix>
<CovPrefix CovItemPrefix="com.OriginalFiles.Piece.java">
<Cov CovItemId="B1" Value="35"/>
<Cov CovItemId="B10" Value="46"/>
<Cov CovItemId="B11" Value="91"/>
<Cov CovItemId="B12" Value="16"/>
<Cov CovItemId="B13" Value="35"/>
<Cov CovItemId="B14" Value="56"/>
<Cov CovItemId="B15" Value="91"/>
<Cov CovItemId="B18" Value="91"/>
<Cov CovItemId="B2" Value="72"/>
<Cov CovItemId="B3" Value="22"/>
<Cov CovItemId="B34" Value="91"/>
<Cov CovItemId="B35" Value="16"/>
<Cov CovItemId="B36" Value="75"/>
<Cov CovItemId="B37" Value="16"/>
<Cov CovItemId="B39" Value="35"/>
<Cov CovItemId="B4" Value="13"/>
<Cov CovItemId="B40" Value="56"/>
<Cov CovItemId="B5" Value="91"/>
<Cov CovItemId="B6" Value="16"/>
<Cov CovItemId="B9" Value="45"/>
<Cov CovItemId="S1" Value="74"/>
<Cov CovItemId="S10" Value="74"/>
<Cov CovItemId="S11" Value="74"/>
<Cov CovItemId="S12" Value="74"/>
<Cov CovItemId="S13" Value="74"/>
<Cov CovItemId="S14" Value="74"/>
<Cov CovItemId="S15" Value="74"/>
<Cov CovItemId="S16" Value="74"/>
<Cov CovItemId="S17" Value="74"/>
<Cov CovItemId="S18" Value="74"/>
<Cov CovItemId="S19" Value="74"/>
<Cov CovItemId="S2" Value="74"/>
<Cov CovItemId="S20" Value="74"/>
<Cov CovItemId="S21" Value="74"/>
<Cov CovItemId="S23" Value="456"/>
<Cov CovItemId="S24" Value="107"/>
<Cov CovItemId="S25" Value="107"/>
<Cov CovItemId="S26" Value="107"/>
<Cov CovItemId="S27" Value="35"/>
<Cov CovItemId="S28" Value="22"/>
<Cov CovItemId="S29" Value="35"/>
<Cov CovItemId="S3" Value="74"/>
<Cov CovItemId="S30" Value="72"/>
<Cov CovItemId="S31" Value="107"/>
<Cov CovItemId="S32" Value="107"/>
<Cov CovItemId="S33" Value="91"/>
<Cov CovItemId="S34" Value="16"/>
<Cov CovItemId="S35" Value="16"/>
<Cov CovItemId="S39" Value="91"/>
<Cov CovItemId="S4" Value="74"/>
<Cov CovItemId="S40" Value="45"/>
<Cov CovItemId="S41" Value="46"/>
<Cov CovItemId="S42" Value="107"/>
<Cov CovItemId="S43" Value="107"/>
<Cov CovItemId="S44" Value="91"/>
<Cov CovItemId="S45" Value="91"/>
<Cov CovItemId="S46" Value="91"/>
<Cov CovItemId="S47" Value="35"/>
<Cov CovItemId="S48" Value="91"/>
<Cov CovItemId="S49" Value="91"/>
<Cov CovItemId="S5" Value="74"/>
<Cov CovItemId="S50" Value="91"/>
<Cov CovItemId="S6" Value="74"/>
<Cov CovItemId="S65" Value="91"/>
<Cov CovItemId="S67" Value="91"/>
<Cov CovItemId="S68" Value="16"/>
<Cov CovItemId="S69" Value="16"/>
<Cov CovItemId="S7" Value="74"/>
<Cov CovItemId="S70" Value="16"/>
<Cov CovItemId="S71" Value="91"/>
<Cov CovItemId="S72" Value="35"/>
<Cov CovItemId="S73" Value="91"/>
<Cov CovItemId="S8" Value="74"/>
<Cov CovItemId="S9" Value="74"/>
</CovPrefix>
<CovPrefix CovItemPrefix="com.OriginalFiles.RemoteNXTFunctions.java">
<Cov CovItemId="B103" Value="39"/>
<Cov CovItemId="B104" Value="86"/>
<Cov CovItemId="B105" Value="1"/>
<Cov CovItemId="B106" Value="38"/>
<Cov CovItemId="B107" Value="1"/>
<Cov CovItemId="B108" Value="37"/>
<Cov CovItemId="B109" Value="1"/>
<Cov CovItemId="B110" Value="36"/>
<Cov CovItemId="B111" Value="8"/>
<Cov CovItemId="B112" Value="28"/>
<Cov CovItemId="B114" Value="86"/>
<Cov CovItemId="B124" Value="86"/>
<Cov CovItemId="B134" Value="86"/>
<Cov CovItemId="B142" Value="86"/>
<Cov CovItemId="B15" Value="26"/>
<Cov CovItemId="B16" Value="99"/>
<Cov CovItemId="B17" Value="13"/>
<Cov CovItemId="B18" Value="13"/>
<Cov CovItemId="B19" Value="13"/>
<Cov CovItemId="B23" Value="60"/>
<Cov CovItemId="B24" Value="65"/>
<Cov CovItemId="B25" Value="12"/>
<Cov CovItemId="B26" Value="48"/>
<Cov CovItemId="B27" Value="12"/>
<Cov CovItemId="B28" Value="36"/>
<Cov CovItemId="B30" Value="36"/>
<Cov CovItemId="B32" Value="125"/>
<Cov CovItemId="B40" Value="125"/>
<Cov CovItemId="B5" Value="64"/>
<Cov CovItemId="B50" Value="125"/>
<Cov CovItemId="B56" Value="125"/>
<Cov CovItemId="B6" Value="125"/>
<Cov CovItemId="B62" Value="125"/>
<Cov CovItemId="B7" Value="64"/>
<Cov CovItemId="B70" Value="125"/>
<Cov CovItemId="B78" Value="125"/>
<Cov CovItemId="B86" Value="125"/>
<Cov CovItemId="B94" Value="125"/>
<Cov CovItemId="S100" Value="125"/>
<Cov CovItemId="S108" Value="125"/>
<Cov CovItemId="S118" Value="125"/>
<Cov CovItemId="S119" Value="39"/>
<Cov CovItemId="S120" Value="1"/>
<Cov CovItemId="S121" Value="38"/>
<Cov CovItemId="S122" Value="1"/>
<Cov CovItemId="S123" Value="37"/>
<Cov CovItemId="S124" Value="1"/>
<Cov CovItemId="S125" Value="36"/>
<Cov CovItemId="S126" Value="8"/>
<Cov CovItemId="S127" Value="28"/>
<Cov CovItemId="S128" Value="86"/>
<Cov CovItemId="S138" Value="86"/>
<Cov CovItemId="S148" Value="86"/>
<Cov CovItemId="S156" Value="86"/>
<Cov CovItemId="S162" Value="189"/>
<Cov CovItemId="S19" Value="189"/>
<Cov CovItemId="S20" Value="189"/>
<Cov CovItemId="S21" Value="64"/>
<Cov CovItemId="S22" Value="64"/>
<Cov CovItemId="S30" Value="125"/>
<Cov CovItemId="S31" Value="26"/>
<Cov CovItemId="S32" Value="13"/>
<Cov CovItemId="S33" Value="13"/>
<Cov CovItemId="S34" Value="13"/>
<Cov CovItemId="S38" Value="125"/>
<Cov CovItemId="S39" Value="60"/>
<Cov CovItemId="S4" Value="5"/>
<Cov CovItemId="S40" Value="12"/>
<Cov CovItemId="S41" Value="48"/>
<Cov CovItemId="S42" Value="12"/>
<Cov CovItemId="S43" Value="36"/>
<Cov CovItemId="S45" Value="36"/>
<Cov CovItemId="S46" Value="125"/>
<Cov CovItemId="S54" Value="125"/>
<Cov CovItemId="S64" Value="125"/>
<Cov CovItemId="S70" Value="125"/>
<Cov CovItemId="S76" Value="125"/>
<Cov CovItemId="S84" Value="125"/>
<Cov CovItemId="S92" Value="125"/>
</CovPrefix>
</CovList>
<AssgnmntList>
<AssgnmntPrefix RootTermCovItemPrefix="com.OriginalFiles.Analyze.java">
<AssgnmntListEntry Length="1" RootTermCovItemId="C1">
<MapEntry BoolAssgnmnt="0" Value="32"/>
<MapEntry BoolAssgnmnt="1" Value="10"/>
</AssgnmntListEntry>
<AssgnmntListEntry Length="1" RootTermCovItemId="C10">
<MapEntry BoolAssgnmnt="0" Value="7"/>
<MapEntry BoolAssgnmnt="1" Value="25"/>
</AssgnmntListEntry>
<AssgnmntListEntry Length="1" RootTermCovItemId="C11">
<MapEntry BoolAssgnmnt="0" Value="4"/>
<MapEntry BoolAssgnmnt="1" Value="3"/>
</AssgnmntListEntry>
<AssgnmntListEntry Length="1" RootTermCovItemId="C12">
<MapEntry BoolAssgnmnt="0" Value="1"/>
<MapEntry BoolAssgnmnt="1" Value="3"/>
</AssgnmntListEntry>
<AssgnmntListEntry Length="1" RootTermCovItemId="C13">
<MapEntry BoolAssgnmnt="0" Value="25"/>
</AssgnmntListEntry>
<AssgnmntListEntry Length="1" RootTermCovItemId="C16">
<MapEntry BoolAssgnmnt="1" Value="25"/>
</AssgnmntListEntry>
<AssgnmntListEntry Length="1" RootTermCovItemId="C17">
<MapEntry BoolAssgnmnt="1" Value="25"/>
</AssgnmntListEntry>
<AssgnmntListEntry Length="1" RootTermCovItemId="C18">
<MapEntry BoolAssgnmnt="0" Value="12"/>
<MapEntry BoolAssgnmnt="1" Value="13"/>
</AssgnmntListEntry>
<AssgnmntListEntry Length="1" RootTermCovItemId="C19">
<MapEntry BoolAssgnmnt="1" Value="13"/>
</AssgnmntListEntry>
<AssgnmntListEntry Length="1" RootTermCovItemId="C2">
<MapEntry BoolAssgnmnt="0" Value="25"/>
<MapEntry BoolAssgnmnt="1" Value="7"/>
</AssgnmntListEntry>
<AssgnmntListEntry Length="1" RootTermCovItemId="C20">
<MapEntry BoolAssgnmnt="0" Value="12"/>
</AssgnmntListEntry>
<AssgnmntListEntry Length="1" RootTermCovItemId="C22">
<MapEntry BoolAssgnmnt="1" Value="12"/>
</AssgnmntListEntry>
<AssgnmntListEntry Length="1" RootTermCovItemId="C23">
<MapEntry BoolAssgnmnt="0" Value="12"/>
</AssgnmntListEntry>
<AssgnmntListEntry Length="1" RootTermCovItemId="C25">
<MapEntry BoolAssgnmnt="1" Value="12"/>
</AssgnmntListEntry>
<AssgnmntListEntry Length="1" RootTermCovItemId="C26">
<MapEntry BoolAssgnmnt="1" Value="12"/>
</AssgnmntListEntry>
<AssgnmntListEntry Length="1" RootTermCovItemId="C27">
<MapEntry BoolAssgnmnt="1" Value="25"/>
</AssgnmntListEntry>
<AssgnmntListEntry Length="1" RootTermCovItemId="C28">
<MapEntry BoolAssgnmnt="1" Value="25"/>
</AssgnmntListEntry>
<AssgnmntListEntry Length="1" RootTermCovItemId="C29">
<MapEntry BoolAssgnmnt="1" Value="25"/>
</AssgnmntListEntry>
<AssgnmntListEntry Length="1" RootTermCovItemId="C3">
<MapEntry BoolAssgnmnt="0" Value="30"/>
<MapEntry BoolAssgnmnt="1" Value="2"/>
</AssgnmntListEntry>
<AssgnmntListEntry Length="1" RootTermCovItemId="C30">
<MapEntry BoolAssgnmnt="1" Value="25"/>
</AssgnmntListEntry>
<AssgnmntListEntry Length="1" RootTermCovItemId="C31">
<MapEntry BoolAssgnmnt="0" Value="25"/>
<MapEntry BoolAssgnmnt="1" Value="100"/>
</AssgnmntListEntry>
<AssgnmntListEntry Length="2" RootTermCovItemId="C32">
<MapEntry BoolAssgnmnt="10" Value="25"/>
<MapEntry BoolAssgnmnt="02" Value="50"/>
<MapEntry BoolAssgnmnt="11" Value="25"/>
</AssgnmntListEntry>
<AssgnmntListEntry Length="1" RootTermCovItemId="C33">
<MapEntry BoolAssgnmnt="1" Value="100"/>
</AssgnmntListEntry>
<AssgnmntListEntry Length="1" RootTermCovItemId="C4">
<MapEntry BoolAssgnmnt="0" Value="64"/>
<MapEntry BoolAssgnmnt="1" Value="1984"/>
</AssgnmntListEntry>
<AssgnmntListEntry Length="1" RootTermCovItemId="C49">
<MapEntry BoolAssgnmnt="0" Value="25"/>
</AssgnmntListEntry>
<AssgnmntListEntry Length="2" RootTermCovItemId="C5">
<MapEntry BoolAssgnmnt="10" Value="32"/>
<MapEntry BoolAssgnmnt="11" Value="32"/>
</AssgnmntListEntry>
<AssgnmntListEntry Length="1" RootTermCovItemId="C56">
<MapEntry BoolAssgnmnt="0" Value="32"/>
</AssgnmntListEntry>
<AssgnmntListEntry Length="1" RootTermCovItemId="C6">
<MapEntry BoolAssgnmnt="1" Value="32"/>
</AssgnmntListEntry>
<AssgnmntListEntry Length="6" RootTermCovItemId="C66">
<MapEntry BoolAssgnmnt="022222" Value="125"/>
<MapEntry BoolAssgnmnt="111111" Value="64"/>
</AssgnmntListEntry>
<AssgnmntListEntry Length="6" RootTermCovItemId="C67">
<MapEntry BoolAssgnmnt="022222" Value="125"/>
</AssgnmntListEntry>
<AssgnmntListEntry Length="6" RootTermCovItemId="C68">
<MapEntry BoolAssgnmnt="102222" Value="91"/>
<MapEntry BoolAssgnmnt="111111" Value="34"/>
</AssgnmntListEntry>
<AssgnmntListEntry Length="6" RootTermCovItemId="C69">
<MapEntry BoolAssgnmnt="102222" Value="91"/>
</AssgnmntListEntry>
<AssgnmntListEntry Length="1" RootTermCovItemId="C7">
<MapEntry BoolAssgnmnt="0" Value="7"/>
<MapEntry BoolAssgnmnt="1" Value="25"/>
</AssgnmntListEntry>
<AssgnmntListEntry Length="1" RootTermCovItemId="C70">
<MapEntry BoolAssgnmnt="0" Value="148"/>
<MapEntry BoolAssgnmnt="1" Value="4588"/>
</AssgnmntListEntry>
<AssgnmntListEntry Length="1" RootTermCovItemId="C71">
<MapEntry BoolAssgnmnt="0" Value="57"/>
<MapEntry BoolAssgnmnt="1" Value="91"/>
</AssgnmntListEntry>
<AssgnmntListEntry Length="1" RootTermCovItemId="C72">
<MapEntry BoolAssgnmnt="1" Value="91"/>
</AssgnmntListEntry>
<AssgnmntListEntry Length="1" RootTermCovItemId="C73">
<MapEntry BoolAssgnmnt="0" Value="91"/>
<MapEntry BoolAssgnmnt="1" Value="57"/>
</AssgnmntListEntry>
<AssgnmntListEntry Length="1" RootTermCovItemId="C74">
<MapEntry BoolAssgnmnt="1" Value="57"/>
</AssgnmntListEntry>
<AssgnmntListEntry Length="3" RootTermCovItemId="C75">
<MapEntry BoolAssgnmnt="012" Value="32"/>
<MapEntry BoolAssgnmnt="122" Value="17"/>
<MapEntry BoolAssgnmnt="001" Value="25"/>
</AssgnmntListEntry>
<AssgnmntListEntry Length="3" RootTermCovItemId="C76">
<MapEntry BoolAssgnmnt="011" Value="32"/>
<MapEntry BoolAssgnmnt="002" Value="25"/>
</AssgnmntListEntry>
<AssgnmntListEntry Length="2" RootTermCovItemId="C77">
<MapEntry BoolAssgnmnt="11" Value="57"/>
</AssgnmntListEntry>
<AssgnmntListEntry Length="2" RootTermCovItemId="C78">
<MapEntry BoolAssgnmnt="11" Value="57"/>
</AssgnmntListEntry>
<AssgnmntListEntry Length="2" RootTermCovItemId="C79">
<MapEntry BoolAssgnmnt="00" Value="57"/>
</AssgnmntListEntry>
<AssgnmntListEntry Length="2" RootTermCovItemId="C8">
<MapEntry BoolAssgnmnt="02" Value="25"/>
</AssgnmntListEntry>
<AssgnmntListEntry Length="1" RootTermCovItemId="C9">
<MapEntry BoolAssgnmnt="1" Value="25"/>
</AssgnmntListEntry>
<AssgnmntListEntry Length="8" RootTermCovItemId="C90">
<MapEntry BoolAssgnmnt="02020202" Value="114"/>
</AssgnmntListEntry>
</AssgnmntPrefix>
<AssgnmntPrefix RootTermCovItemPrefix="com.OriginalFiles.Board.java">
<AssgnmntListEntry Length="1" RootTermCovItemId="C14">
<MapEntry BoolAssgnmnt="0" Value="32"/>
<MapEntry BoolAssgnmnt="1" Value="32"/>
</AssgnmntListEntry>
<AssgnmntListEntry Length="1" RootTermCovItemId="C15">
<MapEntry BoolAssgnmnt="0" Value="32"/>
</AssgnmntListEntry>
<AssgnmntListEntry Length="1" RootTermCovItemId="C24">
<MapEntry BoolAssgnmnt="0" Value="75"/>
</AssgnmntListEntry>
<AssgnmntListEntry Length="1" RootTermCovItemId="C26">
<MapEntry BoolAssgnmnt="0" Value="25"/>
</AssgnmntListEntry>
<AssgnmntListEntry Length="1" RootTermCovItemId="C27">
<MapEntry BoolAssgnmnt="1" Value="25"/>
</AssgnmntListEntry>
<AssgnmntListEntry Length="2" RootTermCovItemId="C28">
<MapEntry BoolAssgnmnt="02" Value="25"/>
</AssgnmntListEntry>
<AssgnmntListEntry Length="1" RootTermCovItemId="C29">
<MapEntry BoolAssgnmnt="1" Value="25"/>
</AssgnmntListEntry>
<AssgnmntListEntry Length="1" RootTermCovItemId="C30">
<MapEntry BoolAssgnmnt="1" Value="93"/>
</AssgnmntListEntry>
<AssgnmntListEntry Length="1" RootTermCovItemId="C31">
<MapEntry BoolAssgnmnt="1" Value="1173"/>
</AssgnmntListEntry>
<AssgnmntListEntry Length="1" RootTermCovItemId="C32">
<MapEntry BoolAssgnmnt="0" Value="278"/>
</AssgnmntListEntry>
<AssgnmntListEntry Length="1" RootTermCovItemId="C33">
<MapEntry BoolAssgnmnt="0" Value="278"/>
</AssgnmntListEntry>
<AssgnmntListEntry Length="1" RootTermCovItemId="C34">
<MapEntry BoolAssgnmnt="0" Value="278"/>
</AssgnmntListEntry>
<AssgnmntListEntry Length="1" RootTermCovItemId="C35">
<MapEntry BoolAssgnmnt="1" Value="278"/>
</AssgnmntListEntry>
<AssgnmntListEntry Length="1" RootTermCovItemId="C36">
<MapEntry BoolAssgnmnt="0" Value="278"/>
</AssgnmntListEntry>
<AssgnmntListEntry Length="1" RootTermCovItemId="C37">
<MapEntry BoolAssgnmnt="0" Value="278"/>
</AssgnmntListEntry>
<AssgnmntListEntry Length="5" RootTermCovItemId="C38">
<MapEntry BoolAssgnmnt="02002" Value="328"/>
<MapEntry BoolAssgnmnt="10122" Value="228"/>
<MapEntry BoolAssgnmnt="11221" Value="228"/>
<MapEntry BoolAssgnmnt="02011" Value="328"/>
</AssgnmntListEntry>
<AssgnmntListEntry Length="1" RootTermCovItemId="C39">
<MapEntry BoolAssgnmnt="0" Value="150"/>
<MapEntry BoolAssgnmnt="1" Value="962"/>
</AssgnmntListEntry>
<AssgnmntListEntry Length="1" RootTermCovItemId="C40">
<MapEntry BoolAssgnmnt="0" Value="962"/>
</AssgnmntListEntry>
<AssgnmntListEntry Length="2" RootTermCovItemId="C41">
<MapEntry BoolAssgnmnt="02" Value="962"/>
</AssgnmntListEntry>
<AssgnmntListEntry Length="1" RootTermCovItemId="C42">
<MapEntry BoolAssgnmnt="0" Value="4448"/>
<MapEntry BoolAssgnmnt="1" Value="4448"/>
</AssgnmntListEntry>
<AssgnmntListEntry Length="1" RootTermCovItemId="C43">
<MapEntry BoolAssgnmnt="0" Value="4170"/>
<MapEntry BoolAssgnmnt="1" Value="278"/>
</AssgnmntListEntry>
<AssgnmntListEntry Length="1" RootTermCovItemId="C44">
<MapEntry BoolAssgnmnt="0" Value="164"/>
<MapEntry BoolAssgnmnt="1" Value="114"/>
</AssgnmntListEntry>
<AssgnmntListEntry Length="1" RootTermCovItemId="C46">
<MapEntry BoolAssgnmnt="0" Value="1"/>
<MapEntry BoolAssgnmnt="1" Value="8"/>
</AssgnmntListEntry>
<AssgnmntListEntry Length="1" RootTermCovItemId="C47">
<MapEntry BoolAssgnmnt="0" Value="4"/>
<MapEntry BoolAssgnmnt="1" Value="4"/>
</AssgnmntListEntry>
<AssgnmntListEntry Length="1" RootTermCovItemId="C48">
<MapEntry BoolAssgnmnt="0" Value="4"/>
<MapEntry BoolAssgnmnt="1" Value="32"/>
</AssgnmntListEntry>
<AssgnmntListEntry Length="1" RootTermCovItemId="C49">
<MapEntry BoolAssgnmnt="0" Value="16"/>
<MapEntry BoolAssgnmnt="1" Value="16"/>
</AssgnmntListEntry>
<AssgnmntListEntry Length="1" RootTermCovItemId="C50">
<MapEntry BoolAssgnmnt="0" Value="4"/>
<MapEntry BoolAssgnmnt="1" Value="32"/>
</AssgnmntListEntry>
<AssgnmntListEntry Length="1" RootTermCovItemId="C51">
<MapEntry BoolAssgnmnt="0" Value="16"/>
<MapEntry BoolAssgnmnt="1" Value="16"/>
</AssgnmntListEntry>
<AssgnmntListEntry Length="1" RootTermCovItemId="C52">
<MapEntry BoolAssgnmnt="0" Value="2"/>
<MapEntry BoolAssgnmnt="1" Value="30"/>
</AssgnmntListEntry>
<AssgnmntListEntry Length="1" RootTermCovItemId="C53">
<MapEntry BoolAssgnmnt="1" Value="1700"/>
</AssgnmntListEntry>
<AssgnmntListEntry Length="1" RootTermCovItemId="C54">
<MapEntry BoolAssgnmnt="0" Value="663"/>
<MapEntry BoolAssgnmnt="1" Value="1037"/>
</AssgnmntListEntry>
<AssgnmntListEntry Length="3" RootTermCovItemId="C55">
<MapEntry BoolAssgnmnt="011" Value="97"/>
<MapEntry BoolAssgnmnt="010" Value="179"/>
<MapEntry BoolAssgnmnt="002" Value="507"/>
<MapEntry BoolAssgnmnt="120" Value="48"/>
<MapEntry BoolAssgnmnt="121" Value="48"/>
</AssgnmntListEntry>
<AssgnmntListEntry Length="3" RootTermCovItemId="C56">
<MapEntry BoolAssgnmnt="011" Value="156"/>
<MapEntry BoolAssgnmnt="010" Value="263"/>
<MapEntry BoolAssgnmnt="002" Value="145"/>
<MapEntry BoolAssgnmnt="120" Value="40"/>
<MapEntry BoolAssgnmnt="121" Value="48"/>
</AssgnmntListEntry>
</AssgnmntPrefix>
<AssgnmntPrefix RootTermCovItemPrefix="com.OriginalFiles.Field.java">
<AssgnmntListEntry Length="1" RootTermCovItemId="C1">
<MapEntry BoolAssgnmnt="0" Value="99"/>
<MapEntry BoolAssgnmnt="1" Value="46"/>
</AssgnmntListEntry>
</AssgnmntPrefix>
<AssgnmntPrefix RootTermCovItemPrefix="com.OriginalFiles.Piece.java">
<AssgnmntListEntry Length="2" RootTermCovItemId="C1">
<MapEntry BoolAssgnmnt="10" Value="56"/>
<MapEntry BoolAssgnmnt="02" Value="16"/>
<MapEntry BoolAssgnmnt="11" Value="35"/>
</AssgnmntListEntry>
<AssgnmntListEntry Length="5" RootTermCovItemId="C17">
<MapEntry BoolAssgnmnt="00210" Value="28"/>
<MapEntry BoolAssgnmnt="01002" Value="28"/>
<MapEntry BoolAssgnmnt="12222" Value="35"/>
</AssgnmntListEntry>
<AssgnmntListEntry Length="5" RootTermCovItemId="C18">
<MapEntry BoolAssgnmnt="00210" Value="20"/>
<MapEntry BoolAssgnmnt="00211" Value="8"/>
<MapEntry BoolAssgnmnt="01002" Value="20"/>
<MapEntry BoolAssgnmnt="12222" Value="35"/>
<MapEntry BoolAssgnmnt="01122" Value="8"/>
</AssgnmntListEntry>
<AssgnmntListEntry Length="1" RootTermCovItemId="C19">
<MapEntry BoolAssgnmnt="1" Value="16"/>
</AssgnmntListEntry>
<AssgnmntListEntry Length="2" RootTermCovItemId="C2">
<MapEntry BoolAssgnmnt="02" Value="13"/>
<MapEntry BoolAssgnmnt="11" Value="22"/>
</AssgnmntListEntry>
<AssgnmntListEntry Length="1" RootTermCovItemId="C20">
<MapEntry BoolAssgnmnt="0" Value="56"/>
<MapEntry BoolAssgnmnt="1" Value="35"/>
</AssgnmntListEntry>
<AssgnmntListEntry Length="1" RootTermCovItemId="C3">
<MapEntry BoolAssgnmnt="0" Value="16"/>
<MapEntry BoolAssgnmnt="1" Value="91"/>
</AssgnmntListEntry>
<AssgnmntListEntry Length="1" RootTermCovItemId="C5">
<MapEntry BoolAssgnmnt="0" Value="46"/>
<MapEntry BoolAssgnmnt="1" Value="45"/>
</AssgnmntListEntry>
<AssgnmntListEntry Length="1" RootTermCovItemId="C6">
<MapEntry BoolAssgnmnt="0" Value="16"/>
<MapEntry BoolAssgnmnt="1" Value="91"/>
</AssgnmntListEntry>
<AssgnmntListEntry Length="1" RootTermCovItemId="C7">
<MapEntry BoolAssgnmnt="0" Value="56"/>
<MapEntry BoolAssgnmnt="1" Value="35"/>
</AssgnmntListEntry>
<AssgnmntListEntry Length="1" RootTermCovItemId="C8">
<MapEntry BoolAssgnmnt="1" Value="91"/>
</AssgnmntListEntry>
<AssgnmntListEntry Length="1" RootTermCovItemId="C9">
<MapEntry BoolAssgnmnt="0" Value="91"/>
</AssgnmntListEntry>
</AssgnmntPrefix>
<AssgnmntPrefix RootTermCovItemPrefix="com.OriginalFiles.RemoteNXTFunctions.java">
<AssgnmntListEntry Length="1" RootTermCovItemId="C10">
<MapEntry BoolAssgnmnt="0" Value="99"/>
<MapEntry BoolAssgnmnt="1" Value="26"/>
</AssgnmntListEntry>
<AssgnmntListEntry Length="2" RootTermCovItemId="C11">
<MapEntry BoolAssgnmnt="02" Value="13"/>
<MapEntry BoolAssgnmnt="11" Value="13"/>
</AssgnmntListEntry>
<AssgnmntListEntry Length="2" RootTermCovItemId="C12">
<MapEntry BoolAssgnmnt="11" Value="13"/>
</AssgnmntListEntry>
<AssgnmntListEntry Length="1" RootTermCovItemId="C14">
<MapEntry BoolAssgnmnt="0" Value="65"/>
<MapEntry BoolAssgnmnt="1" Value="60"/>
</AssgnmntListEntry>
<AssgnmntListEntry Length="2" RootTermCovItemId="C15">
<MapEntry BoolAssgnmnt="10" Value="12"/>
<MapEntry BoolAssgnmnt="02" Value="36"/>
<MapEntry BoolAssgnmnt="11" Value="12"/>
</AssgnmntListEntry>
<AssgnmntListEntry Length="2" RootTermCovItemId="C16">
<MapEntry BoolAssgnmnt="02" Value="36"/>
<MapEntry BoolAssgnmnt="11" Value="12"/>
</AssgnmntListEntry>
<AssgnmntListEntry Length="1" RootTermCovItemId="C17">
<MapEntry BoolAssgnmnt="0" Value="36"/>
</AssgnmntListEntry>
<AssgnmntListEntry Length="1" RootTermCovItemId="C18">
<MapEntry BoolAssgnmnt="0" Value="125"/>
</AssgnmntListEntry>
<AssgnmntListEntry Length="1" RootTermCovItemId="C22">
<MapEntry BoolAssgnmnt="0" Value="125"/>
</AssgnmntListEntry>
<AssgnmntListEntry Length="1" RootTermCovItemId="C27">
<MapEntry BoolAssgnmnt="0" Value="125"/>
</AssgnmntListEntry>
<AssgnmntListEntry Length="1" RootTermCovItemId="C30">
<MapEntry BoolAssgnmnt="0" Value="125"/>
</AssgnmntListEntry>
<AssgnmntListEntry Length="1" RootTermCovItemId="C33">
<MapEntry BoolAssgnmnt="0" Value="125"/>
</AssgnmntListEntry>
<AssgnmntListEntry Length="1" RootTermCovItemId="C37">
<MapEntry BoolAssgnmnt="0" Value="125"/>
</AssgnmntListEntry>
<AssgnmntListEntry Length="1" RootTermCovItemId="C41">
<MapEntry BoolAssgnmnt="0" Value="125"/>
</AssgnmntListEntry>
<AssgnmntListEntry Length="1" RootTermCovItemId="C45">
<MapEntry BoolAssgnmnt="0" Value="125"/>
</AssgnmntListEntry>
<AssgnmntListEntry Length="1" RootTermCovItemId="C49">
<MapEntry BoolAssgnmnt="0" Value="125"/>
</AssgnmntListEntry>
<AssgnmntListEntry Length="1" RootTermCovItemId="C5">
<MapEntry BoolAssgnmnt="0" Value="125"/>
<MapEntry BoolAssgnmnt="1" Value="64"/>
</AssgnmntListEntry>
<AssgnmntListEntry Length="1" RootTermCovItemId="C54">
<MapEntry BoolAssgnmnt="0" Value="86"/>
<MapEntry BoolAssgnmnt="1" Value="39"/>
</AssgnmntListEntry>
<AssgnmntListEntry Length="2" RootTermCovItemId="C55">
<MapEntry BoolAssgnmnt="10" Value="3"/>
<MapEntry BoolAssgnmnt="02" Value="35"/>
<MapEntry BoolAssgnmnt="11" Value="1"/>
</AssgnmntListEntry>
<AssgnmntListEntry Length="2" RootTermCovItemId="C56">
<MapEntry BoolAssgnmnt="10" Value="3"/>
<MapEntry BoolAssgnmnt="02" Value="34"/>
<MapEntry BoolAssgnmnt="11" Value="1"/>
</AssgnmntListEntry>
<AssgnmntListEntry Length="2" RootTermCovItemId="C57">
<MapEntry BoolAssgnmnt="10" Value="2"/>
<MapEntry BoolAssgnmnt="02" Value="34"/>
<MapEntry BoolAssgnmnt="11" Value="1"/>
</AssgnmntListEntry>
<AssgnmntListEntry Length="1" RootTermCovItemId="C58">
<MapEntry BoolAssgnmnt="0" Value="28"/>
<MapEntry BoolAssgnmnt="1" Value="8"/>
</AssgnmntListEntry>
<AssgnmntListEntry Length="1" RootTermCovItemId="C59">
<MapEntry BoolAssgnmnt="0" Value="86"/>
</AssgnmntListEntry>
<AssgnmntListEntry Length="2" RootTermCovItemId="C6">
<MapEntry BoolAssgnmnt="11" Value="64"/>
</AssgnmntListEntry>
<AssgnmntListEntry Length="1" RootTermCovItemId="C64">
<MapEntry BoolAssgnmnt="0" Value="86"/>
</AssgnmntListEntry>
<AssgnmntListEntry Length="1" RootTermCovItemId="C69">
<MapEntry BoolAssgnmnt="0" Value="86"/>
</AssgnmntListEntry>
<AssgnmntListEntry Length="1" RootTermCovItemId="C73">
<MapEntry BoolAssgnmnt="0" Value="86"/>
</AssgnmntListEntry>
</AssgnmntPrefix>
</AssgnmntList>
<ObjMetaDataList/>
<MetaDataList/>
</TestCase>
<TestCase Comment="" Date="1386064083425" Name="com.Testing.AnalyzeTest:testGetColor">
<CovList>
<CovPrefix CovItemPrefix="com.OriginalFiles.Analyze.java">
<Cov CovItemId="B107" Value="33"/>
<Cov CovItemId="B108" Value="4"/>
<Cov CovItemId="B109" Value="1"/>
<Cov CovItemId="B110" Value="3"/>
<Cov CovItemId="B111" Value="1"/>
<Cov CovItemId="B112" Value="2"/>
<Cov CovItemId="B113" Value="1"/>
<Cov CovItemId="B114" Value="1"/>
<Cov CovItemId="S199" Value="37"/>
<Cov CovItemId="S200" Value="37"/>
<Cov CovItemId="S201" Value="37"/>
<Cov CovItemId="S202" Value="37"/>
<Cov CovItemId="S203" Value="37"/>
<Cov CovItemId="S204" Value="33"/>
<Cov CovItemId="S205" Value="4"/>
<Cov CovItemId="S206" Value="1"/>
<Cov CovItemId="S207" Value="3"/>
<Cov CovItemId="S208" Value="1"/>
<Cov CovItemId="S209" Value="2"/>
<Cov CovItemId="S210" Value="1"/>
<Cov CovItemId="S211" Value="1"/>
</CovPrefix>
<CovPrefix CovItemPrefix="com.OriginalFiles.Board.java">
<Cov CovItemId="B83" Value="26"/>
<Cov CovItemId="B84" Value="74"/>
<Cov CovItemId="B85" Value="26"/>
<Cov CovItemId="B86" Value="48"/>
<Cov CovItemId="S180" Value="100"/>
<Cov CovItemId="S181" Value="26"/>
<Cov CovItemId="S182" Value="74"/>
<Cov CovItemId="S183" Value="26"/>
<Cov CovItemId="S184" Value="48"/>
<Cov CovItemId="S185" Value="72"/>
</CovPrefix>
<CovPrefix CovItemPrefix="com.OriginalFiles.Field.java">
<Cov CovItemId="B1" Value="34"/>
<Cov CovItemId="B2" Value="8"/>
<Cov CovItemId="S1" Value="88"/>
<Cov CovItemId="S13" Value="64"/>
<Cov CovItemId="S2" Value="88"/>
<Cov CovItemId="S5" Value="42"/>
<Cov CovItemId="S6" Value="42"/>
<Cov CovItemId="S7" Value="34"/>
<Cov CovItemId="S8" Value="8"/>
<Cov CovItemId="S9" Value="42"/>
</CovPrefix>
<CovPrefix CovItemPrefix="com.OriginalFiles.Piece.java">
<Cov CovItemId="B1" Value="2"/>
<Cov CovItemId="B10" Value="16"/>
<Cov CovItemId="B11" Value="28"/>
<Cov CovItemId="B12" Value="8"/>
<Cov CovItemId="B13" Value="2"/>
<Cov CovItemId="B14" Value="26"/>
<Cov CovItemId="B15" Value="28"/>
<Cov CovItemId="B18" Value="28"/>
<Cov CovItemId="B2" Value="34"/>
<Cov CovItemId="B34" Value="28"/>
<Cov CovItemId="B35" Value="8"/>
<Cov CovItemId="B36" Value="20"/>
<Cov CovItemId="B37" Value="8"/>
<Cov CovItemId="B39" Value="2"/>
<Cov CovItemId="B4" Value="2"/>
<Cov CovItemId="B40" Value="26"/>
<Cov CovItemId="B5" Value="28"/>
<Cov CovItemId="B6" Value="8"/>
<Cov CovItemId="B9" Value="12"/>
<Cov CovItemId="S1" Value="34"/>
<Cov CovItemId="S10" Value="34"/>
<Cov CovItemId="S11" Value="34"/>
<Cov CovItemId="S12" Value="34"/>
<Cov CovItemId="S13" Value="34"/>
<Cov CovItemId="S14" Value="34"/>
<Cov CovItemId="S15" Value="34"/>
<Cov CovItemId="S16" Value="34"/>
<Cov CovItemId="S17" Value="34"/>
<Cov CovItemId="S18" Value="34"/>
<Cov CovItemId="S19" Value="34"/>
<Cov CovItemId="S2" Value="34"/>
<Cov CovItemId="S20" Value="34"/>
<Cov CovItemId="S21" Value="34"/>
<Cov CovItemId="S24" Value="36"/>
<Cov CovItemId="S25" Value="36"/>
<Cov CovItemId="S26" Value="36"/>
<Cov CovItemId="S27" Value="2"/>
<Cov CovItemId="S29" Value="2"/>
<Cov CovItemId="S3" Value="34"/>
<Cov CovItemId="S30" Value="34"/>
<Cov CovItemId="S31" Value="36"/>
<Cov CovItemId="S32" Value="36"/>
<Cov CovItemId="S33" Value="28"/>
<Cov CovItemId="S34" Value="8"/>
<Cov CovItemId="S35" Value="8"/>
<Cov CovItemId="S39" Value="28"/>
<Cov CovItemId="S4" Value="34"/>
<Cov CovItemId="S40" Value="12"/>
<Cov CovItemId="S41" Value="16"/>
<Cov CovItemId="S42" Value="36"/>
<Cov CovItemId="S43" Value="36"/>
<Cov CovItemId="S44" Value="28"/>
<Cov CovItemId="S45" Value="28"/>
<Cov CovItemId="S46" Value="28"/>
<Cov CovItemId="S47" Value="2"/>
<Cov CovItemId="S48" Value="28"/>
<Cov CovItemId="S49" Value="28"/>
<Cov CovItemId="S5" Value="34"/>
<Cov CovItemId="S50" Value="28"/>
<Cov CovItemId="S6" Value="34"/>
<Cov CovItemId="S65" Value="28"/>
<Cov CovItemId="S67" Value="28"/>
<Cov CovItemId="S68" Value="8"/>
<Cov CovItemId="S69" Value="8"/>
<Cov CovItemId="S7" Value="34"/>
<Cov CovItemId="S70" Value="8"/>
<Cov CovItemId="S71" Value="28"/>
<Cov CovItemId="S72" Value="2"/>
<Cov CovItemId="S73" Value="28"/>
<Cov CovItemId="S8" Value="34"/>
<Cov CovItemId="S9" Value="34"/>
</CovPrefix>
<CovPrefix CovItemPrefix="com.OriginalFiles.RemoteNXTFunctions.java">
<Cov CovItemId="B10" Value="5"/>
<Cov CovItemId="B11" Value="1"/>
<Cov CovItemId="B12" Value="4"/>
<Cov CovItemId="B13" Value="3"/>
<Cov CovItemId="B14" Value="1"/>
<Cov CovItemId="B5" Value="37"/>
<Cov CovItemId="B7" Value="32"/>
<Cov CovItemId="B8" Value="5"/>
<Cov CovItemId="S162" Value="37"/>
<Cov CovItemId="S19" Value="37"/>
<Cov CovItemId="S20" Value="37"/>
<Cov CovItemId="S21" Value="37"/>
<Cov CovItemId="S22" Value="32"/>
<Cov CovItemId="S23" Value="5"/>
<Cov CovItemId="S25" Value="5"/>
<Cov CovItemId="S26" Value="1"/>
<Cov CovItemId="S27" Value="4"/>
<Cov CovItemId="S28" Value="3"/>
<Cov CovItemId="S29" Value="1"/>
</CovPrefix>
</CovList>
<AssgnmntList>
<AssgnmntPrefix RootTermCovItemPrefix="com.OriginalFiles.Analyze.java">
<AssgnmntListEntry Length="6" RootTermCovItemId="C66">
<MapEntry BoolAssgnmnt="110222" Value="1"/>
<MapEntry BoolAssgnmnt="022222" Value="3"/>
<MapEntry BoolAssgnmnt="111111" Value="33"/>
</AssgnmntListEntry>
<AssgnmntListEntry Length="6" RootTermCovItemId="C67">
<MapEntry BoolAssgnmnt="022222" Value="3"/>
<MapEntry BoolAssgnmnt="111111" Value="1"/>
</AssgnmntListEntry>
<AssgnmntListEntry Length="6" RootTermCovItemId="C68">
<MapEntry BoolAssgnmnt="102222" Value="2"/>
<MapEntry BoolAssgnmnt="111111" Value="1"/>
</AssgnmntListEntry>
<AssgnmntListEntry Length="6" RootTermCovItemId="C69">
<MapEntry BoolAssgnmnt="102222" Value="1"/>
<MapEntry BoolAssgnmnt="111111" Value="1"/>
</AssgnmntListEntry>
</AssgnmntPrefix>
<AssgnmntPrefix RootTermCovItemPrefix="com.OriginalFiles.Board.java">
<AssgnmntListEntry Length="3" RootTermCovItemId="C55">
<MapEntry BoolAssgnmnt="011" Value="2"/>
<MapEntry BoolAssgnmnt="010" Value="2"/>
<MapEntry BoolAssgnmnt="002" Value="48"/>
<MapEntry BoolAssgnmnt="120" Value="24"/>
<MapEntry BoolAssgnmnt="121" Value="24"/>
</AssgnmntListEntry>
<AssgnmntListEntry Length="3" RootTermCovItemId="C56">
<MapEntry BoolAssgnmnt="011" Value="2"/>
<MapEntry BoolAssgnmnt="010" Value="2"/>
<MapEntry BoolAssgnmnt="002" Value="26"/>
<MapEntry BoolAssgnmnt="120" Value="20"/>
<MapEntry BoolAssgnmnt="121" Value="24"/>
</AssgnmntListEntry>
</AssgnmntPrefix>
<AssgnmntPrefix RootTermCovItemPrefix="com.OriginalFiles.Field.java">
<AssgnmntListEntry Length="1" RootTermCovItemId="C1">
<MapEntry BoolAssgnmnt="0" Value="34"/>
<MapEntry BoolAssgnmnt="1" Value="8"/>
</AssgnmntListEntry>
</AssgnmntPrefix>
<AssgnmntPrefix RootTermCovItemPrefix="com.OriginalFiles.Piece.java">
<AssgnmntListEntry Length="2" RootTermCovItemId="C1">
<MapEntry BoolAssgnmnt="10" Value="26"/>
<MapEntry BoolAssgnmnt="02" Value="8"/>
<MapEntry BoolAssgnmnt="11" Value="2"/>
</AssgnmntListEntry>
<AssgnmntListEntry Length="5" RootTermCovItemId="C17">
<MapEntry BoolAssgnmnt="00210" Value="13"/>
<MapEntry BoolAssgnmnt="01002" Value="13"/>
<MapEntry BoolAssgnmnt="12222" Value="2"/>
</AssgnmntListEntry>
<AssgnmntListEntry Length="5" RootTermCovItemId="C18">
<MapEntry BoolAssgnmnt="00210" Value="9"/>
<MapEntry BoolAssgnmnt="00211" Value="4"/>
<MapEntry BoolAssgnmnt="01002" Value="9"/>
<MapEntry BoolAssgnmnt="12222" Value="2"/>
<MapEntry BoolAssgnmnt="01122" Value="4"/>
</AssgnmntListEntry>
<AssgnmntListEntry Length="1" RootTermCovItemId="C19">
<MapEntry BoolAssgnmnt="1" Value="8"/>
</AssgnmntListEntry>
<AssgnmntListEntry Length="2" RootTermCovItemId="C2">
<MapEntry BoolAssgnmnt="02" Value="2"/>
</AssgnmntListEntry>
<AssgnmntListEntry Length="1" RootTermCovItemId="C20">
<MapEntry BoolAssgnmnt="0" Value="26"/>
<MapEntry BoolAssgnmnt="1" Value="2"/>
</AssgnmntListEntry>
<AssgnmntListEntry Length="1" RootTermCovItemId="C3">
<MapEntry BoolAssgnmnt="0" Value="8"/>
<MapEntry BoolAssgnmnt="1" Value="28"/>
</AssgnmntListEntry>
<AssgnmntListEntry Length="1" RootTermCovItemId="C5">
<MapEntry BoolAssgnmnt="0" Value="16"/>
<MapEntry BoolAssgnmnt="1" Value="12"/>
</AssgnmntListEntry>
<AssgnmntListEntry Length="1" RootTermCovItemId="C6">
<MapEntry BoolAssgnmnt="0" Value="8"/>
<MapEntry BoolAssgnmnt="1" Value="28"/>
</AssgnmntListEntry>
<AssgnmntListEntry Length="1" RootTermCovItemId="C7">
<MapEntry BoolAssgnmnt="0" Value="26"/>
<MapEntry BoolAssgnmnt="1" Value="2"/>
</AssgnmntListEntry>
<AssgnmntListEntry Length="1" RootTermCovItemId="C8">
<MapEntry BoolAssgnmnt="1" Value="28"/>
</AssgnmntListEntry>
<AssgnmntListEntry Length="1" RootTermCovItemId="C9">
<MapEntry BoolAssgnmnt="0" Value="28"/>
</AssgnmntListEntry>
</AssgnmntPrefix>
<AssgnmntPrefix RootTermCovItemPrefix="com.OriginalFiles.RemoteNXTFunctions.java">
<AssgnmntListEntry Length="1" RootTermCovItemId="C5">
<MapEntry BoolAssgnmnt="1" Value="37"/>
</AssgnmntListEntry>
<AssgnmntListEntry Length="2" RootTermCovItemId="C6">
<MapEntry BoolAssgnmnt="10" Value="1"/>
<MapEntry BoolAssgnmnt="02" Value="4"/>
<MapEntry BoolAssgnmnt="11" Value="32"/>
</AssgnmntListEntry>
<AssgnmntListEntry Length="2" RootTermCovItemId="C7">
<MapEntry BoolAssgnmnt="02" Value="5"/>
</AssgnmntListEntry>
<AssgnmntListEntry Length="2" RootTermCovItemId="C8">
<MapEntry BoolAssgnmnt="10" Value="1"/>
<MapEntry BoolAssgnmnt="02" Value="3"/>
<MapEntry BoolAssgnmnt="11" Value="1"/>
</AssgnmntListEntry>
<AssgnmntListEntry Length="1" RootTermCovItemId="C9">
<MapEntry BoolAssgnmnt="0" Value="1"/>
<MapEntry BoolAssgnmnt="1" Value="3"/>
</AssgnmntListEntry>
</AssgnmntPrefix>
</AssgnmntList>
<ObjMetaDataList/>
<MetaDataList/>
</TestCase>
<TestCase Comment="" Date="1386064083426" Name="com.Testing.AnalyzeTest:testCheckForGameHasEnded">
<CovList>
<CovPrefix CovItemPrefix="com.OriginalFiles.Analyze.java">
<Cov CovItemId="B107" Value="32"/>
<Cov CovItemId="B115" Value="2"/>
<Cov CovItemId="B116" Value="2"/>
<Cov CovItemId="B117" Value="2"/>
<Cov CovItemId="B120" Value="144"/>
<Cov CovItemId="B121" Value="240"/>
<Cov CovItemId="B122" Value="72"/>
<Cov CovItemId="B123" Value="72"/>
<Cov CovItemId="B124" Value="16"/>
<Cov CovItemId="B125" Value="56"/>
<Cov CovItemId="B126" Value="72"/>
<Cov CovItemId="B127" Value="72"/>
<Cov CovItemId="B128" Value="16"/>
<Cov CovItemId="B129" Value="56"/>
<Cov CovItemId="B130" Value="2"/>
<Cov CovItemId="B131" Value="4"/>
<Cov CovItemId="B132" Value="2"/>
<Cov CovItemId="B133" Value="2"/>
<Cov CovItemId="B135" Value="2"/>
<Cov CovItemId="L16-2" Value="6"/>
<Cov CovItemId="L17-2" Value="48"/>
<Cov CovItemId="S199" Value="32"/>
<Cov CovItemId="S200" Value="32"/>
<Cov CovItemId="S201" Value="32"/>
<Cov CovItemId="S202" Value="32"/>
<Cov CovItemId="S203" Value="32"/>
<Cov CovItemId="S204" Value="32"/>
<Cov CovItemId="S212" Value="6"/>
<Cov CovItemId="S213" Value="2"/>
<Cov CovItemId="S214" Value="2"/>
<Cov CovItemId="S215" Value="2"/>
<Cov CovItemId="S216" Value="2"/>
<Cov CovItemId="S217" Value="2"/>
<Cov CovItemId="S221" Value="6"/>
<Cov CovItemId="S222" Value="6"/>
<Cov CovItemId="S223" Value="6"/>
<Cov CovItemId="S224" Value="6"/>
<Cov CovItemId="S225" Value="6"/>
<Cov CovItemId="S226" Value="6"/>
<Cov CovItemId="S227" Value="48"/>
<Cov CovItemId="S228" Value="384"/>
<Cov CovItemId="S229" Value="144"/>
<Cov CovItemId="S230" Value="72"/>
<Cov CovItemId="S231" Value="72"/>
<Cov CovItemId="S232" Value="16"/>
<Cov CovItemId="S233" Value="144"/>
<Cov CovItemId="S234" Value="72"/>
<Cov CovItemId="S235" Value="72"/>
<Cov CovItemId="S236" Value="16"/>
<Cov CovItemId="S237" Value="6"/>
<Cov CovItemId="S238" Value="2"/>
<Cov CovItemId="S239" Value="4"/>
<Cov CovItemId="S240" Value="2"/>
<Cov CovItemId="S241" Value="2"/>
<Cov CovItemId="S250" Value="2"/>
</CovPrefix>
<CovPrefix CovItemPrefix="com.OriginalFiles.Board.java">
<Cov CovItemId="B41" Value="224"/>
<Cov CovItemId="B42" Value="64"/>
<Cov CovItemId="B44" Value="144"/>
<Cov CovItemId="B45" Value="28"/>
<Cov CovItemId="B46" Value="116"/>
<Cov CovItemId="B47" Value="28"/>
<Cov CovItemId="B48" Value="116"/>
<Cov CovItemId="B50" Value="144"/>
<Cov CovItemId="B55" Value="288"/>
<Cov CovItemId="B56" Value="288"/>
<Cov CovItemId="B57" Value="168"/>
<Cov CovItemId="B58" Value="120"/>
<Cov CovItemId="B59" Value="168"/>
<Cov CovItemId="B62" Value="168"/>
<Cov CovItemId="B63" Value="192"/>
<Cov CovItemId="B64" Value="192"/>
<Cov CovItemId="B65" Value="144"/>
<Cov CovItemId="B66" Value="48"/>
<Cov CovItemId="B67" Value="72"/>
<Cov CovItemId="B68" Value="72"/>
<Cov CovItemId="B79" Value="600"/>
<Cov CovItemId="B81" Value="552"/>
<Cov CovItemId="B82" Value="48"/>
<Cov CovItemId="B83" Value="168"/>
<Cov CovItemId="B84" Value="476"/>
<Cov CovItemId="B85" Value="96"/>
<Cov CovItemId="B86" Value="380"/>
<Cov CovItemId="L10-2" Value="96"/>
<Cov CovItemId="L13-2" Value="6"/>
<Cov CovItemId="L14-2" Value="48"/>
<Cov CovItemId="L9-2" Value="12"/>
<Cov CovItemId="S115" Value="288"/>
<Cov CovItemId="S116" Value="224"/>
<Cov CovItemId="S117" Value="64"/>
<Cov CovItemId="S118" Value="144"/>
<Cov CovItemId="S119" Value="144"/>
<Cov CovItemId="S121" Value="144"/>
<Cov CovItemId="S122" Value="144"/>
<Cov CovItemId="S123" Value="144"/>
<Cov CovItemId="S124" Value="144"/>
<Cov CovItemId="S125" Value="28"/>
<Cov CovItemId="S126" Value="144"/>
<Cov CovItemId="S127" Value="28"/>
<Cov CovItemId="S128" Value="144"/>
<Cov CovItemId="S133" Value="144"/>
<Cov CovItemId="S134" Value="144"/>
<Cov CovItemId="S135" Value="576"/>
<Cov CovItemId="S136" Value="288"/>
<Cov CovItemId="S137" Value="288"/>
<Cov CovItemId="S138" Value="168"/>
<Cov CovItemId="S139" Value="168"/>
<Cov CovItemId="S141" Value="288"/>
<Cov CovItemId="S142" Value="576"/>
<Cov CovItemId="S143" Value="6"/>
<Cov CovItemId="S144" Value="6"/>
<Cov CovItemId="S145" Value="48"/>
<Cov CovItemId="S146" Value="384"/>
<Cov CovItemId="S147" Value="192"/>
<Cov CovItemId="S148" Value="144"/>
<Cov CovItemId="S149" Value="72"/>
<Cov CovItemId="S150" Value="72"/>
<Cov CovItemId="S151" Value="6"/>
<Cov CovItemId="S176" Value="600"/>
<Cov CovItemId="S177" Value="600"/>
<Cov CovItemId="S178" Value="552"/>
<Cov CovItemId="S179" Value="48"/>
<Cov CovItemId="S180" Value="644"/>
<Cov CovItemId="S181" Value="168"/>
<Cov CovItemId="S182" Value="476"/>
<Cov CovItemId="S183" Value="96"/>
<Cov CovItemId="S184" Value="380"/>
<Cov CovItemId="S185" Value="1240"/>
<Cov CovItemId="S61" Value="12"/>
<Cov CovItemId="S62" Value="96"/>
<Cov CovItemId="S63" Value="768"/>
</CovPrefix>
<CovPrefix CovItemPrefix="com.OriginalFiles.Field.java">
<Cov CovItemId="B1" Value="32"/>
<Cov CovItemId="B2" Value="8"/>
<Cov CovItemId="S1" Value="88"/>
<Cov CovItemId="S13" Value="64"/>
<Cov CovItemId="S2" Value="88"/>
<Cov CovItemId="S5" Value="40"/>
<Cov CovItemId="S6" Value="40"/>
<Cov CovItemId="S7" Value="32"/>
<Cov CovItemId="S8" Value="1964"/>
<Cov CovItemId="S9" Value="1248"/>
</CovPrefix>
<CovPrefix CovItemPrefix="com.OriginalFiles.Piece.java">
<Cov CovItemId="B10" Value="12"/>
<Cov CovItemId="B11" Value="24"/>
<Cov CovItemId="B12" Value="8"/>
<Cov CovItemId="B14" Value="24"/>
<Cov CovItemId="B15" Value="24"/>
<Cov CovItemId="B18" Value="24"/>
<Cov CovItemId="B2" Value="32"/>
<Cov CovItemId="B34" Value="24"/>
<Cov CovItemId="B35" Value="8"/>
<Cov CovItemId="B36" Value="16"/>
<Cov CovItemId="B37" Value="8"/>
<Cov CovItemId="B40" Value="24"/>
<Cov CovItemId="B5" Value="24"/>
<Cov CovItemId="B6" Value="8"/>
<Cov CovItemId="B9" Value="12"/>
<Cov CovItemId="S1" Value="32"/>
<Cov CovItemId="S10" Value="32"/>
<Cov CovItemId="S11" Value="32"/>
<Cov CovItemId="S12" Value="32"/>
<Cov CovItemId="S13" Value="32"/>
<Cov CovItemId="S14" Value="32"/>
<Cov CovItemId="S15" Value="32"/>
<Cov CovItemId="S16" Value="32"/>
<Cov CovItemId="S17" Value="32"/>
<Cov CovItemId="S18" Value="32"/>
<Cov CovItemId="S19" Value="32"/>
<Cov CovItemId="S2" Value="32"/>
<Cov CovItemId="S20" Value="32"/>
<Cov CovItemId="S21" Value="32"/>
<Cov CovItemId="S24" Value="32"/>
<Cov CovItemId="S25" Value="32"/>
<Cov CovItemId="S26" Value="32"/>
<Cov CovItemId="S3" Value="32"/>
<Cov CovItemId="S30" Value="32"/>
<Cov CovItemId="S31" Value="32"/>
<Cov CovItemId="S32" Value="32"/>
<Cov CovItemId="S33" Value="24"/>
<Cov CovItemId="S34" Value="8"/>
<Cov CovItemId="S35" Value="8"/>
<Cov CovItemId="S39" Value="24"/>
<Cov CovItemId="S4" Value="32"/>
<Cov CovItemId="S40" Value="12"/>
<Cov CovItemId="S41" Value="12"/>
<Cov CovItemId="S42" Value="32"/>
<Cov CovItemId="S43" Value="32"/>
<Cov CovItemId="S44" Value="24"/>
<Cov CovItemId="S45" Value="24"/>
<Cov CovItemId="S46" Value="24"/>
<Cov CovItemId="S48" Value="24"/>
<Cov CovItemId="S49" Value="24"/>
<Cov CovItemId="S5" Value="32"/>
<Cov CovItemId="S50" Value="24"/>
<Cov CovItemId="S6" Value="32"/>
<Cov CovItemId="S65" Value="24"/>
<Cov CovItemId="S67" Value="24"/>
<Cov CovItemId="S68" Value="8"/>
<Cov CovItemId="S69" Value="8"/>
<Cov CovItemId="S7" Value="32"/>
<Cov CovItemId="S70" Value="8"/>
<Cov CovItemId="S71" Value="24"/>
<Cov CovItemId="S73" Value="24"/>
<Cov CovItemId="S8" Value="32"/>
<Cov CovItemId="S9" Value="32"/>
</CovPrefix>
<CovPrefix CovItemPrefix="com.OriginalFiles.RemoteNXTFunctions.java">
<Cov CovItemId="B5" Value="32"/>
<Cov CovItemId="B7" Value="32"/>
<Cov CovItemId="S162" Value="32"/>
<Cov CovItemId="S19" Value="32"/>
<Cov CovItemId="S20" Value="32"/>
<Cov CovItemId="S21" Value="32"/>
<Cov CovItemId="S22" Value="32"/>
</CovPrefix>
</CovList>
<AssgnmntList>
<AssgnmntPrefix RootTermCovItemPrefix="com.OriginalFiles.Analyze.java">
<AssgnmntListEntry Length="6" RootTermCovItemId="C66">
<MapEntry BoolAssgnmnt="111111" Value="32"/>
</AssgnmntListEntry>
<AssgnmntListEntry Length="1" RootTermCovItemId="C70">
<MapEntry BoolAssgnmnt="0" Value="144"/>
<MapEntry BoolAssgnmnt="1" Value="240"/>
</AssgnmntListEntry>
<AssgnmntListEntry Length="1" RootTermCovItemId="C71">
<MapEntry BoolAssgnmnt="0" Value="72"/>
<MapEntry BoolAssgnmnt="1" Value="72"/>
</AssgnmntListEntry>
<AssgnmntListEntry Length="1" RootTermCovItemId="C72">
<MapEntry BoolAssgnmnt="0" Value="56"/>
<MapEntry BoolAssgnmnt="1" Value="16"/>
</AssgnmntListEntry>
<AssgnmntListEntry Length="1" RootTermCovItemId="C73">
<MapEntry BoolAssgnmnt="0" Value="72"/>
<MapEntry BoolAssgnmnt="1" Value="72"/>
</AssgnmntListEntry>
<AssgnmntListEntry Length="1" RootTermCovItemId="C74">
<MapEntry BoolAssgnmnt="0" Value="56"/>
<MapEntry BoolAssgnmnt="1" Value="16"/>
</AssgnmntListEntry>
<AssgnmntListEntry Length="3" RootTermCovItemId="C75">
<MapEntry BoolAssgnmnt="012" Value="2"/>
<MapEntry BoolAssgnmnt="122" Value="2"/>
<MapEntry BoolAssgnmnt="001" Value="2"/>
</AssgnmntListEntry>
<AssgnmntListEntry Length="3" RootTermCovItemId="C76">
<MapEntry BoolAssgnmnt="011" Value="1"/>
<MapEntry BoolAssgnmnt="122" Value="2"/>
<MapEntry BoolAssgnmnt="002" Value="1"/>
</AssgnmntListEntry>
<AssgnmntListEntry Length="2" RootTermCovItemId="C77">
<MapEntry BoolAssgnmnt="02" Value="2"/>
</AssgnmntListEntry>
</AssgnmntPrefix>
<AssgnmntPrefix RootTermCovItemPrefix="com.OriginalFiles.Board.java">
<AssgnmntListEntry Length="1" RootTermCovItemId="C31">
<MapEntry BoolAssgnmnt="0" Value="64"/>
<MapEntry BoolAssgnmnt="1" Value="224"/>
</AssgnmntListEntry>
<AssgnmntListEntry Length="1" RootTermCovItemId="C32">
<MapEntry BoolAssgnmnt="0" Value="144"/>
</AssgnmntListEntry>
<AssgnmntListEntry Length="1" RootTermCovItemId="C33">
<MapEntry BoolAssgnmnt="0" Value="28"/>
<MapEntry BoolAssgnmnt="1" Value="116"/>
</AssgnmntListEntry>
<AssgnmntListEntry Length="1" RootTermCovItemId="C34">
<MapEntry BoolAssgnmnt="0" Value="28"/>
<MapEntry BoolAssgnmnt="1" Value="116"/>
</AssgnmntListEntry>
<AssgnmntListEntry Length="1" RootTermCovItemId="C35">
<MapEntry BoolAssgnmnt="0" Value="144"/>
</AssgnmntListEntry>
<AssgnmntListEntry Length="5" RootTermCovItemId="C38">
<MapEntry BoolAssgnmnt="02002" Value="144"/>
<MapEntry BoolAssgnmnt="10122" Value="144"/>
<MapEntry BoolAssgnmnt="11220" Value="144"/>
<MapEntry BoolAssgnmnt="02010" Value="144"/>
</AssgnmntListEntry>
<AssgnmntListEntry Length="1" RootTermCovItemId="C39">
<MapEntry BoolAssgnmnt="0" Value="120"/>
<MapEntry BoolAssgnmnt="1" Value="168"/>
</AssgnmntListEntry>
<AssgnmntListEntry Length="1" RootTermCovItemId="C40">
<MapEntry BoolAssgnmnt="0" Value="168"/>
</AssgnmntListEntry>
<AssgnmntListEntry Length="2" RootTermCovItemId="C41">
<MapEntry BoolAssgnmnt="02" Value="168"/>
</AssgnmntListEntry>
<AssgnmntListEntry Length="1" RootTermCovItemId="C42">
<MapEntry BoolAssgnmnt="0" Value="192"/>
<MapEntry BoolAssgnmnt="1" Value="192"/>
</AssgnmntListEntry>
<AssgnmntListEntry Length="1" RootTermCovItemId="C43">
<MapEntry BoolAssgnmnt="0" Value="48"/>
<MapEntry BoolAssgnmnt="1" Value="144"/>
</AssgnmntListEntry>
<AssgnmntListEntry Length="1" RootTermCovItemId="C44">
<MapEntry BoolAssgnmnt="0" Value="72"/>
<MapEntry BoolAssgnmnt="1" Value="72"/>
</AssgnmntListEntry>
<AssgnmntListEntry Length="1" RootTermCovItemId="C53">
<MapEntry BoolAssgnmnt="1" Value="600"/>
</AssgnmntListEntry>
<AssgnmntListEntry Length="1" RootTermCovItemId="C54">
<MapEntry BoolAssgnmnt="0" Value="552"/>
<MapEntry BoolAssgnmnt="1" Value="48"/>
</AssgnmntListEntry>
<AssgnmntListEntry Length="3" RootTermCovItemId="C55">
<MapEntry BoolAssgnmnt="002" Value="320"/>
<MapEntry BoolAssgnmnt="120" Value="168"/>
<MapEntry BoolAssgnmnt="121" Value="156"/>
</AssgnmntListEntry>
<AssgnmntListEntry Length="3" RootTermCovItemId="C56">
<MapEntry BoolAssgnmnt="002" Value="156"/>
<MapEntry BoolAssgnmnt="120" Value="224"/>
<MapEntry BoolAssgnmnt="121" Value="96"/>
</AssgnmntListEntry>
</AssgnmntPrefix>
<AssgnmntPrefix RootTermCovItemPrefix="com.OriginalFiles.Field.java">
<AssgnmntListEntry Length="1" RootTermCovItemId="C1">
<MapEntry BoolAssgnmnt="0" Value="32"/>
<MapEntry BoolAssgnmnt="1" Value="8"/>
</AssgnmntListEntry>
</AssgnmntPrefix>
<AssgnmntPrefix RootTermCovItemPrefix="com.OriginalFiles.Piece.java">
<AssgnmntListEntry Length="2" RootTermCovItemId="C1">
<MapEntry BoolAssgnmnt="10" Value="24"/>
<MapEntry BoolAssgnmnt="02" Value="8"/>
</AssgnmntListEntry>
<AssgnmntListEntry Length="5" RootTermCovItemId="C17">
<MapEntry BoolAssgnmnt="00210" Value="12"/>
<MapEntry BoolAssgnmnt="01002" Value="12"/>
</AssgnmntListEntry>
<AssgnmntListEntry Length="5" RootTermCovItemId="C18">
<MapEntry BoolAssgnmnt="00210" Value="8"/>
<MapEntry BoolAssgnmnt="00211" Value="4"/>
<MapEntry BoolAssgnmnt="01002" Value="8"/>
<MapEntry BoolAssgnmnt="01122" Value="4"/>
</AssgnmntListEntry>
<AssgnmntListEntry Length="1" RootTermCovItemId="C19">
<MapEntry BoolAssgnmnt="1" Value="8"/>
</AssgnmntListEntry>
<AssgnmntListEntry Length="1" RootTermCovItemId="C20">
<MapEntry BoolAssgnmnt="0" Value="24"/>
</AssgnmntListEntry>
<AssgnmntListEntry Length="1" RootTermCovItemId="C3">
<MapEntry BoolAssgnmnt="0" Value="8"/>
<MapEntry BoolAssgnmnt="1" Value="24"/>
</AssgnmntListEntry>
<AssgnmntListEntry Length="1" RootTermCovItemId="C5">
<MapEntry BoolAssgnmnt="0" Value="12"/>
<MapEntry BoolAssgnmnt="1" Value="12"/>
</AssgnmntListEntry>
<AssgnmntListEntry Length="1" RootTermCovItemId="C6">
<MapEntry BoolAssgnmnt="0" Value="8"/>
<MapEntry BoolAssgnmnt="1" Value="24"/>
</AssgnmntListEntry>
<AssgnmntListEntry Length="1" RootTermCovItemId="C7">
<MapEntry BoolAssgnmnt="0" Value="24"/>
</AssgnmntListEntry>
<AssgnmntListEntry Length="1" RootTermCovItemId="C8">
<MapEntry BoolAssgnmnt="1" Value="24"/>
</AssgnmntListEntry>
<AssgnmntListEntry Length="1" RootTermCovItemId="C9">
<MapEntry BoolAssgnmnt="0" Value="24"/>
</AssgnmntListEntry>
</AssgnmntPrefix>
<AssgnmntPrefix RootTermCovItemPrefix="com.OriginalFiles.RemoteNXTFunctions.java">
<AssgnmntListEntry Length="1" RootTermCovItemId="C5">
<MapEntry BoolAssgnmnt="1" Value="32"/>
</AssgnmntListEntry>
<AssgnmntListEntry Length="2" RootTermCovItemId="C6">
<MapEntry BoolAssgnmnt="11" Value="32"/>
</AssgnmntListEntry>
</AssgnmntPrefix>
</AssgnmntList>
<ObjMetaDataList/>
<MetaDataList/>
</TestCase>
<TestCase Comment="" Date="1386064083428" Name="com.Testing.AnalyzeTest:testcleanUp">
<CovList>
<CovPrefix CovItemPrefix="com.OriginalFiles.Analyze.java">
<Cov CovItemId="B158" Value="4"/>
<Cov CovItemId="B159" Value="60"/>
<Cov CovItemId="B160" Value="1"/>
<Cov CovItemId="B161" Value="23"/>
<Cov CovItemId="B162" Value="1"/>
<Cov CovItemId="B163" Value="15"/>
<Cov CovItemId="B164" Value="2"/>
<Cov CovItemId="B165" Value="4"/>
<Cov CovItemId="B166" Value="1"/>
<Cov CovItemId="B167" Value="3"/>
<Cov CovItemId="B168" Value="1"/>
<Cov CovItemId="B169" Value="2"/>
<Cov CovItemId="B170" Value="1"/>
<Cov CovItemId="B172" Value="2"/>
<Cov CovItemId="B174" Value="2"/>
<Cov CovItemId="B175" Value="4"/>
<Cov CovItemId="B176" Value="1"/>
<Cov CovItemId="B177" Value="1"/>
<Cov CovItemId="B178" Value="1"/>
<Cov CovItemId="B180" Value="1"/>
<Cov CovItemId="B182" Value="1"/>
<Cov CovItemId="B84" Value="3"/>
<Cov CovItemId="L20-2" Value="1"/>
<Cov CovItemId="L21-2" Value="8"/>
<Cov CovItemId="L22-2" Value="1"/>
<Cov CovItemId="L23-2" Value="8"/>
<Cov CovItemId="L24-2" Value="1"/>
<Cov CovItemId="L25-2" Value="8"/>
<Cov CovItemId="L26-1" Value="1"/>
<Cov CovItemId="L27-1" Value="1"/>
<Cov CovItemId="L28-1" Value="1"/>
<Cov CovItemId="L28-2" Value="1"/>
<Cov CovItemId="L29-1" Value="1"/>
<Cov CovItemId="L29-2" Value="2"/>
<Cov CovItemId="L30-1" Value="1"/>
<Cov CovItemId="L31-1" Value="1"/>
<Cov CovItemId="S149" Value="3"/>
<Cov CovItemId="S270" Value="1"/>
<Cov CovItemId="S271" Value="8"/>
<Cov CovItemId="S272" Value="64"/>
<Cov CovItemId="S273" Value="4"/>
<Cov CovItemId="S274" Value="1"/>
<Cov CovItemId="S275" Value="8"/>
<Cov CovItemId="S276" Value="24"/>
<Cov CovItemId="S277" Value="1"/>
<Cov CovItemId="S278" Value="1"/>
<Cov CovItemId="S279" Value="8"/>
<Cov CovItemId="S280" Value="16"/>
<Cov CovItemId="S281" Value="1"/>
<Cov CovItemId="S282" Value="6"/>
<Cov CovItemId="S283" Value="2"/>
<Cov CovItemId="S284" Value="4"/>
<Cov CovItemId="S285" Value="1"/>
<Cov CovItemId="S286" Value="3"/>
<Cov CovItemId="S287" Value="3"/>
<Cov CovItemId="S288" Value="1"/>
<Cov CovItemId="S289" Value="1"/>
<Cov CovItemId="S290" Value="1"/>
<Cov CovItemId="S291" Value="1"/>
<Cov CovItemId="S292" Value="1"/>
<Cov CovItemId="S293" Value="2"/>
<Cov CovItemId="S294" Value="2"/>
<Cov CovItemId="S295" Value="3"/>
<Cov CovItemId="S296" Value="6"/>
<Cov CovItemId="S297" Value="2"/>
<Cov CovItemId="S298" Value="2"/>
<Cov CovItemId="S299" Value="2"/>
<Cov CovItemId="S300" Value="1"/>
<Cov CovItemId="S301" Value="1"/>
<Cov CovItemId="S302" Value="1"/>
<Cov CovItemId="S303" Value="1"/>
<Cov CovItemId="S304" Value="1"/>
<Cov CovItemId="S306" Value="1"/>
<Cov CovItemId="S307" Value="1"/>
<Cov CovItemId="S308" Value="1"/>
<Cov CovItemId="S309" Value="1"/>
<Cov CovItemId="S310" Value="1"/>
<Cov CovItemId="S311" Value="1"/>
<Cov CovItemId="S313" Value="4"/>
</CovPrefix>
<CovPrefix CovItemPrefix="com.OriginalFiles.Board.java">
<Cov CovItemId="B31" Value="3"/>
<Cov CovItemId="B33" Value="1"/>
<Cov CovItemId="B34" Value="2"/>
<Cov CovItemId="B36" Value="3"/>
<Cov CovItemId="B37" Value="3"/>
<Cov CovItemId="B38" Value="2"/>
<Cov CovItemId="B79" Value="3"/>
<Cov CovItemId="B81" Value="3"/>
<Cov CovItemId="B83" Value="17"/>
<Cov CovItemId="B84" Value="44"/>
<Cov CovItemId="B85" Value="15"/>
<Cov CovItemId="B86" Value="29"/>
<Cov CovItemId="S100" Value="1"/>
<Cov CovItemId="S101" Value="2"/>
<Cov CovItemId="S102" Value="3"/>
<Cov CovItemId="S104" Value="3"/>
<Cov CovItemId="S106" Value="5"/>
<Cov CovItemId="S107" Value="5"/>
<Cov CovItemId="S108" Value="5"/>
<Cov CovItemId="S109" Value="3"/>
<Cov CovItemId="S176" Value="3"/>
<Cov CovItemId="S177" Value="3"/>
<Cov CovItemId="S178" Value="3"/>
<Cov CovItemId="S180" Value="61"/>
<Cov CovItemId="S181" Value="17"/>
<Cov CovItemId="S182" Value="44"/>
<Cov CovItemId="S183" Value="15"/>
<Cov CovItemId="S184" Value="29"/>
<Cov CovItemId="S185" Value="47"/>
<Cov CovItemId="S98" Value="3"/>
<Cov CovItemId="S99" Value="3"/>
</CovPrefix>
<CovPrefix CovItemPrefix="com.OriginalFiles.Field.java">
<Cov CovItemId="B1" Value="11"/>
<Cov CovItemId="S13" Value="71"/>
<Cov CovItemId="S5" Value="11"/>
<Cov CovItemId="S6" Value="11"/>
<Cov CovItemId="S7" Value="11"/>
<Cov CovItemId="S8" Value="30"/>
<Cov CovItemId="S9" Value="130"/>
</CovPrefix>
<CovPrefix CovItemPrefix="com.OriginalFiles.Move.java">
<Cov CovItemId="S1" Value="5"/>
<Cov CovItemId="S2" Value="5"/>
<Cov CovItemId="S3" Value="5"/>
<Cov CovItemId="S4" Value="5"/>
<Cov CovItemId="S5" Value="5"/>
<Cov CovItemId="S6" Value="5"/>
<Cov CovItemId="S7" Value="5"/>
</CovPrefix>
<CovPrefix CovItemPrefix="com.OriginalFiles.Piece.java">
<Cov CovItemId="B1" Value="2"/>
<Cov CovItemId="B10" Value="9"/>
<Cov CovItemId="B11" Value="13"/>
<Cov CovItemId="B12" Value="4"/>
<Cov CovItemId="B13" Value="2"/>
<Cov CovItemId="B14" Value="11"/>
<Cov CovItemId="B15" Value="13"/>
<Cov CovItemId="B18" Value="13"/>
<Cov CovItemId="B2" Value="15"/>
<Cov CovItemId="B33" Value="2"/>
<Cov CovItemId="B34" Value="11"/>
<Cov CovItemId="B35" Value="2"/>
<Cov CovItemId="B36" Value="11"/>
<Cov CovItemId="B37" Value="2"/>
<Cov CovItemId="B39" Value="2"/>
<Cov CovItemId="B4" Value="2"/>
<Cov CovItemId="B40" Value="11"/>
<Cov CovItemId="B5" Value="13"/>
<Cov CovItemId="B6" Value="4"/>
<Cov CovItemId="B9" Value="4"/>
<Cov CovItemId="S1" Value="6"/>
<Cov CovItemId="S10" Value="6"/>
<Cov CovItemId="S11" Value="6"/>
<Cov CovItemId="S12" Value="6"/>
<Cov CovItemId="S13" Value="6"/>
<Cov CovItemId="S14" Value="6"/>
<Cov CovItemId="S15" Value="6"/>
<Cov CovItemId="S16" Value="6"/>
<Cov CovItemId="S17" Value="6"/>
<Cov CovItemId="S18" Value="6"/>
<Cov CovItemId="S19" Value="6"/>
<Cov CovItemId="S2" Value="6"/>
<Cov CovItemId="S20" Value="6"/>
<Cov CovItemId="S21" Value="6"/>
<Cov CovItemId="S22" Value="7"/>
<Cov CovItemId="S24" Value="17"/>
<Cov CovItemId="S25" Value="17"/>
<Cov CovItemId="S26" Value="17"/>
<Cov CovItemId="S27" Value="2"/>
<Cov CovItemId="S29" Value="2"/>
<Cov CovItemId="S3" Value="6"/>
<Cov CovItemId="S30" Value="15"/>
<Cov CovItemId="S31" Value="17"/>
<Cov CovItemId="S32" Value="17"/>
<Cov CovItemId="S33" Value="13"/>
<Cov CovItemId="S34" Value="4"/>
<Cov CovItemId="S35" Value="4"/>
<Cov CovItemId="S39" Value="13"/>
<Cov CovItemId="S4" Value="6"/>
<Cov CovItemId="S40" Value="4"/>
<Cov CovItemId="S41" Value="9"/>
<Cov CovItemId="S42" Value="17"/>
<Cov CovItemId="S43" Value="17"/>
<Cov CovItemId="S44" Value="13"/>
<Cov CovItemId="S45" Value="13"/>
<Cov CovItemId="S46" Value="13"/>
<Cov CovItemId="S47" Value="2"/>
<Cov CovItemId="S48" Value="13"/>
<Cov CovItemId="S49" Value="13"/>
<Cov CovItemId="S5" Value="6"/>
<Cov CovItemId="S50" Value="13"/>
<Cov CovItemId="S6" Value="6"/>
<Cov CovItemId="S65" Value="13"/>
<Cov CovItemId="S66" Value="2"/>
<Cov CovItemId="S67" Value="13"/>
<Cov CovItemId="S68" Value="2"/>
<Cov CovItemId="S69" Value="2"/>
<Cov CovItemId="S7" Value="6"/>
<Cov CovItemId="S70" Value="2"/>
<Cov CovItemId="S71" Value="13"/>
<Cov CovItemId="S72" Value="2"/>
<Cov CovItemId="S73" Value="13"/>
<Cov CovItemId="S8" Value="6"/>
<Cov CovItemId="S9" Value="6"/>
</CovPrefix>
<CovPrefix CovItemPrefix="com.OriginalFiles.RemoteNXTFunctions.java">
<Cov CovItemId="B2" Value="5"/>
<Cov CovItemId="B4" Value="5"/>
<Cov CovItemId="L1-1" Value="5"/>
<Cov CovItemId="L2-0" Value="5"/>
<Cov CovItemId="S10" Value="5"/>
<Cov CovItemId="S12" Value="5"/>
<Cov CovItemId="S14" Value="5"/>
<Cov CovItemId="S15" Value="5"/>
<Cov CovItemId="S17" Value="5"/>
<Cov CovItemId="S18" Value="5"/>
<Cov CovItemId="S6" Value="5"/>
<Cov CovItemId="S7" Value="5"/>
<Cov CovItemId="S8" Value="5"/>
<Cov CovItemId="S9" Value="5"/>
</CovPrefix>
</CovList>
<AssgnmntList>
<AssgnmntPrefix RootTermCovItemPrefix="com.OriginalFiles.Analyze.java">
<AssgnmntListEntry Length="1" RootTermCovItemId="C100">
<MapEntry BoolAssgnmnt="1" Value="2"/>
</AssgnmntListEntry>
<AssgnmntListEntry Length="1" RootTermCovItemId="C101">
<MapEntry BoolAssgnmnt="1" Value="3"/>
</AssgnmntListEntry>
<AssgnmntListEntry Length="1" RootTermCovItemId="C102">
<MapEntry BoolAssgnmnt="0" Value="1"/>
<MapEntry BoolAssgnmnt="1" Value="6"/>
</AssgnmntListEntry>
<AssgnmntListEntry Length="2" RootTermCovItemId="C103">
<MapEntry BoolAssgnmnt="10" Value="3"/>
<MapEntry BoolAssgnmnt="02" Value="1"/>
<MapEntry BoolAssgnmnt="11" Value="2"/>
</AssgnmntListEntry>
<AssgnmntListEntry Length="1" RootTermCovItemId="C104">
<MapEntry BoolAssgnmnt="0" Value="1"/>
<MapEntry BoolAssgnmnt="1" Value="1"/>
</AssgnmntListEntry>
<AssgnmntListEntry Length="1" RootTermCovItemId="C105">
<MapEntry BoolAssgnmnt="0" Value="1"/>
</AssgnmntListEntry>
<AssgnmntListEntry Length="1" RootTermCovItemId="C106">
<MapEntry BoolAssgnmnt="1" Value="1"/>
</AssgnmntListEntry>
<AssgnmntListEntry Length="1" RootTermCovItemId="C107">
<MapEntry BoolAssgnmnt="1" Value="1"/>
</AssgnmntListEntry>
<AssgnmntListEntry Length="1" RootTermCovItemId="C108">
<MapEntry BoolAssgnmnt="0" Value="1"/>
</AssgnmntListEntry>
<AssgnmntListEntry Length="1" RootTermCovItemId="C109">
<MapEntry BoolAssgnmnt="1" Value="1"/>
</AssgnmntListEntry>
<AssgnmntListEntry Length="1" RootTermCovItemId="C49">
<MapEntry BoolAssgnmnt="0" Value="3"/>
</AssgnmntListEntry>
<AssgnmntListEntry Length="1" RootTermCovItemId="C91">
<MapEntry BoolAssgnmnt="0" Value="4"/>
<MapEntry BoolAssgnmnt="1" Value="60"/>
</AssgnmntListEntry>
<AssgnmntListEntry Length="1" RootTermCovItemId="C92">
<MapEntry BoolAssgnmnt="0" Value="1"/>
<MapEntry BoolAssgnmnt="1" Value="23"/>
</AssgnmntListEntry>
<AssgnmntListEntry Length="1" RootTermCovItemId="C93">
<MapEntry BoolAssgnmnt="0" Value="1"/>
<MapEntry BoolAssgnmnt="1" Value="15"/>
</AssgnmntListEntry>
<AssgnmntListEntry Length="1" RootTermCovItemId="C94">
<MapEntry BoolAssgnmnt="0" Value="4"/>
<MapEntry BoolAssgnmnt="1" Value="2"/>
</AssgnmntListEntry>
<AssgnmntListEntry Length="1" RootTermCovItemId="C95">
<MapEntry BoolAssgnmnt="0" Value="3"/>
<MapEntry BoolAssgnmnt="1" Value="1"/>
</AssgnmntListEntry>
<AssgnmntListEntry Length="1" RootTermCovItemId="C96">
<MapEntry BoolAssgnmnt="0" Value="2"/>
<MapEntry BoolAssgnmnt="1" Value="1"/>
</AssgnmntListEntry>
<AssgnmntListEntry Length="1" RootTermCovItemId="C97">
<MapEntry BoolAssgnmnt="1" Value="1"/>
</AssgnmntListEntry>
<AssgnmntListEntry Length="1" RootTermCovItemId="C98">
<MapEntry BoolAssgnmnt="1" Value="1"/>
</AssgnmntListEntry>
<AssgnmntListEntry Length="2" RootTermCovItemId="C99">
<MapEntry BoolAssgnmnt="11" Value="1"/>
</AssgnmntListEntry>
</AssgnmntPrefix>
<AssgnmntPrefix RootTermCovItemPrefix="com.OriginalFiles.Board.java">
<AssgnmntListEntry Length="1" RootTermCovItemId="C26">
<MapEntry BoolAssgnmnt="0" Value="3"/>
</AssgnmntListEntry>
<AssgnmntListEntry Length="1" RootTermCovItemId="C27">
<MapEntry BoolAssgnmnt="0" Value="2"/>
<MapEntry BoolAssgnmnt="1" Value="1"/>
</AssgnmntListEntry>
<AssgnmntListEntry Length="2" RootTermCovItemId="C28">
<MapEntry BoolAssgnmnt="02" Value="3"/>
</AssgnmntListEntry>
<AssgnmntListEntry Length="1" RootTermCovItemId="C29">
<MapEntry BoolAssgnmnt="0" Value="2"/>
<MapEntry BoolAssgnmnt="1" Value="3"/>
</AssgnmntListEntry>
<AssgnmntListEntry Length="1" RootTermCovItemId="C53">
<MapEntry BoolAssgnmnt="1" Value="3"/>
</AssgnmntListEntry>
<AssgnmntListEntry Length="1" RootTermCovItemId="C54">
<MapEntry BoolAssgnmnt="0" Value="3"/>
</AssgnmntListEntry>
<AssgnmntListEntry Length="3" RootTermCovItemId="C55">
<MapEntry BoolAssgnmnt="011" Value="2"/>
<MapEntry BoolAssgnmnt="010" Value="3"/>
<MapEntry BoolAssgnmnt="002" Value="26"/>
<MapEntry BoolAssgnmnt="120" Value="14"/>
<MapEntry BoolAssgnmnt="121" Value="16"/>
</AssgnmntListEntry>
<AssgnmntListEntry Length="3" RootTermCovItemId="C56">
<MapEntry BoolAssgnmnt="011" Value="3"/>
<MapEntry BoolAssgnmnt="010" Value="2"/>
<MapEntry BoolAssgnmnt="002" Value="18"/>
<MapEntry BoolAssgnmnt="120" Value="9"/>
<MapEntry BoolAssgnmnt="121" Value="12"/>
</AssgnmntListEntry>
</AssgnmntPrefix>
<AssgnmntPrefix RootTermCovItemPrefix="com.OriginalFiles.Field.java">
<AssgnmntListEntry Length="1" RootTermCovItemId="C1">
<MapEntry BoolAssgnmnt="0" Value="11"/>
</AssgnmntListEntry>
</AssgnmntPrefix>
<AssgnmntPrefix RootTermCovItemPrefix="com.OriginalFiles.Piece.java">
<AssgnmntListEntry Length="2" RootTermCovItemId="C1">
<MapEntry BoolAssgnmnt="10" Value="11"/>
<MapEntry BoolAssgnmnt="02" Value="4"/>
<MapEntry BoolAssgnmnt="11" Value="2"/>
</AssgnmntListEntry>
<AssgnmntListEntry Length="5" RootTermCovItemId="C17">
<MapEntry BoolAssgnmnt="00210" Value="4"/>
<MapEntry BoolAssgnmnt="00211" Value="2"/>
<MapEntry BoolAssgnmnt="01002" Value="5"/>
<MapEntry BoolAssgnmnt="12222" Value="2"/>
</AssgnmntListEntry>
<AssgnmntListEntry Length="5" RootTermCovItemId="C18">
<MapEntry BoolAssgnmnt="00210" Value="5"/>
<MapEntry BoolAssgnmnt="00211" Value="1"/>
<MapEntry BoolAssgnmnt="01002" Value="4"/>
<MapEntry BoolAssgnmnt="12222" Value="2"/>
<MapEntry BoolAssgnmnt="01122" Value="1"/>
</AssgnmntListEntry>
<AssgnmntListEntry Length="1" RootTermCovItemId="C19">
<MapEntry BoolAssgnmnt="1" Value="2"/>
</AssgnmntListEntry>
<AssgnmntListEntry Length="2" RootTermCovItemId="C2">
<MapEntry BoolAssgnmnt="02" Value="2"/>
</AssgnmntListEntry>
<AssgnmntListEntry Length="1" RootTermCovItemId="C20">
<MapEntry BoolAssgnmnt="0" Value="11"/>
<MapEntry BoolAssgnmnt="1" Value="2"/>
</AssgnmntListEntry>
<AssgnmntListEntry Length="1" RootTermCovItemId="C3">
<MapEntry BoolAssgnmnt="0" Value="4"/>
<MapEntry BoolAssgnmnt="1" Value="13"/>
</AssgnmntListEntry>
<AssgnmntListEntry Length="1" RootTermCovItemId="C5">
<MapEntry BoolAssgnmnt="0" Value="9"/>
<MapEntry BoolAssgnmnt="1" Value="4"/>
</AssgnmntListEntry>
<AssgnmntListEntry Length="1" RootTermCovItemId="C6">
<MapEntry BoolAssgnmnt="0" Value="4"/>
<MapEntry BoolAssgnmnt="1" Value="13"/>
</AssgnmntListEntry>
<AssgnmntListEntry Length="1" RootTermCovItemId="C7">
<MapEntry BoolAssgnmnt="0" Value="11"/>
<MapEntry BoolAssgnmnt="1" Value="2"/>
</AssgnmntListEntry>
<AssgnmntListEntry Length="1" RootTermCovItemId="C8">
<MapEntry BoolAssgnmnt="1" Value="13"/>
</AssgnmntListEntry>
<AssgnmntListEntry Length="1" RootTermCovItemId="C9">
<MapEntry BoolAssgnmnt="0" Value="13"/>
</AssgnmntListEntry>
</AssgnmntPrefix>
<AssgnmntPrefix RootTermCovItemPrefix="com.OriginalFiles.RemoteNXTFunctions.java">
<AssgnmntListEntry Length="1" RootTermCovItemId="C1">
<MapEntry BoolAssgnmnt="0" Value="5"/>
<MapEntry BoolAssgnmnt="1" Value="5"/>
</AssgnmntListEntry>
<AssgnmntListEntry Length="1" RootTermCovItemId="C2">
<MapEntry BoolAssgnmnt="0" Value="5"/>
</AssgnmntListEntry>
<AssgnmntListEntry Length="1" RootTermCovItemId="C3">
<MapEntry BoolAssgnmnt="0" Value="5"/>
</AssgnmntListEntry>
<AssgnmntListEntry Length="2" RootTermCovItemId="C4">
<MapEntry BoolAssgnmnt="10" Value="3"/>
<MapEntry BoolAssgnmnt="02" Value="2"/>
</AssgnmntListEntry>
</AssgnmntPrefix>
</AssgnmntList>
<ObjMetaDataList/>
<MetaDataList/>
</TestCase>
<TestCase Comment="" Date="1386064083429" Name="com.Testing.AnalyzeTest:testCheckForGameIsDraw">
<CovList>
<CovPrefix CovItemPrefix="com.OriginalFiles.Analyze.java">
<Cov CovItemId="B115" Value="8"/>
<Cov CovItemId="B118" Value="20"/>
<Cov CovItemId="B120" Value="56"/>
<Cov CovItemId="B121" Value="1736"/>
<Cov CovItemId="B122" Value="28"/>
<Cov CovItemId="B123" Value="28"/>
<Cov CovItemId="B124" Value="28"/>
<Cov CovItemId="B126" Value="28"/>
<Cov CovItemId="B127" Value="28"/>
<Cov CovItemId="B128" Value="28"/>
<Cov CovItemId="B131" Value="28"/>
<Cov CovItemId="B133" Value="28"/>
<Cov CovItemId="B134" Value="28"/>
<Cov CovItemId="B136" Value="28"/>
<Cov CovItemId="B138" Value="28"/>
<Cov CovItemId="B140" Value="8"/>
<Cov CovItemId="B141" Value="20"/>
<Cov CovItemId="B142" Value="12"/>
<Cov CovItemId="B143" Value="8"/>
<Cov CovItemId="B156" Value="28"/>
<Cov CovItemId="B157" Value="28"/>
<Cov CovItemId="L16-2" Value="28"/>
<Cov CovItemId="L17-2" Value="224"/>
<Cov CovItemId="S212" Value="28"/>
<Cov CovItemId="S213" Value="8"/>
<Cov CovItemId="S218" Value="20"/>
<Cov CovItemId="S219" Value="20"/>
<Cov CovItemId="S221" Value="28"/>
<Cov CovItemId="S222" Value="28"/>
<Cov CovItemId="S223" Value="28"/>
<Cov CovItemId="S224" Value="28"/>
<Cov CovItemId="S225" Value="28"/>
<Cov CovItemId="S226" Value="28"/>
<Cov CovItemId="S227" Value="224"/>
<Cov CovItemId="S228" Value="1792"/>
<Cov CovItemId="S229" Value="56"/>
<Cov CovItemId="S230" Value="28"/>
<Cov CovItemId="S231" Value="28"/>
<Cov CovItemId="S232" Value="28"/>
<Cov CovItemId="S233" Value="56"/>
<Cov CovItemId="S234" Value="28"/>
<Cov CovItemId="S235" Value="28"/>
<Cov CovItemId="S236" Value="28"/>
<Cov CovItemId="S237" Value="28"/>
<Cov CovItemId="S239" Value="28"/>
<Cov CovItemId="S241" Value="28"/>
<Cov CovItemId="S242" Value="28"/>
<Cov CovItemId="S243" Value="28"/>
<Cov CovItemId="S244" Value="28"/>
<Cov CovItemId="S245" Value="28"/>
<Cov CovItemId="S246" Value="28"/>
<Cov CovItemId="S247" Value="8"/>
<Cov CovItemId="S248" Value="20"/>
<Cov CovItemId="S249" Value="12"/>
<Cov CovItemId="S250" Value="8"/>
<Cov CovItemId="S267" Value="56"/>
<Cov CovItemId="S268" Value="28"/>
<Cov CovItemId="S269" Value="28"/>
</CovPrefix>
<CovPrefix CovItemPrefix="com.OriginalFiles.Board.java">
<Cov CovItemId="B41" Value="154"/>
<Cov CovItemId="B42" Value="28"/>
<Cov CovItemId="B43" Value="14"/>
<Cov CovItemId="B44" Value="42"/>
<Cov CovItemId="B45" Value="31"/>
<Cov CovItemId="B46" Value="11"/>
<Cov CovItemId="B47" Value="32"/>
<Cov CovItemId="B48" Value="10"/>
<Cov CovItemId="B49" Value="42"/>
<Cov CovItemId="B51" Value="30"/>
<Cov CovItemId="B52" Value="12"/>
<Cov CovItemId="B53" Value="33"/>
<Cov CovItemId="B54" Value="9"/>
<Cov CovItemId="B56" Value="198"/>
<Cov CovItemId="B57" Value="84"/>
<Cov CovItemId="B58" Value="114"/>
<Cov CovItemId="B59" Value="84"/>
<Cov CovItemId="B61" Value="14"/>
<Cov CovItemId="B62" Value="70"/>
<Cov CovItemId="B63" Value="896"/>
<Cov CovItemId="B64" Value="896"/>
<Cov CovItemId="B65" Value="56"/>
<Cov CovItemId="B66" Value="840"/>
<Cov CovItemId="B67" Value="28"/>
<Cov CovItemId="B68" Value="28"/>
<Cov CovItemId="B79" Value="252"/>
<Cov CovItemId="B81" Value="182"/>
<Cov CovItemId="B82" Value="70"/>
<Cov CovItemId="B83" Value="120"/>
<Cov CovItemId="B84" Value="274"/>
<Cov CovItemId="B85" Value="90"/>
<Cov CovItemId="B86" Value="184"/>
<Cov CovItemId="L10-2" Value="448"/>
<Cov CovItemId="L13-2" Value="28"/>
<Cov CovItemId="L14-2" Value="224"/>
<Cov CovItemId="L9-2" Value="56"/>
<Cov CovItemId="S115" Value="182"/>
<Cov CovItemId="S116" Value="154"/>
<Cov CovItemId="S117" Value="28"/>
<Cov CovItemId="S118" Value="56"/>
<Cov CovItemId="S119" Value="56"/>
<Cov CovItemId="S120" Value="14"/>
<Cov CovItemId="S121" Value="42"/>
<Cov CovItemId="S122" Value="42"/>
<Cov CovItemId="S123" Value="42"/>
<Cov CovItemId="S124" Value="42"/>
<Cov CovItemId="S125" Value="31"/>
<Cov CovItemId="S126" Value="42"/>
<Cov CovItemId="S127" Value="32"/>
<Cov CovItemId="S128" Value="42"/>
<Cov CovItemId="S129" Value="42"/>
<Cov CovItemId="S130" Value="30"/>
<Cov CovItemId="S131" Value="42"/>
<Cov CovItemId="S132" Value="33"/>
<Cov CovItemId="S133" Value="42"/>
<Cov CovItemId="S134" Value="56"/>
<Cov CovItemId="S135" Value="198"/>
<Cov CovItemId="S137" Value="198"/>
<Cov CovItemId="S138" Value="84"/>
<Cov CovItemId="S139" Value="84"/>
<Cov CovItemId="S140" Value="14"/>
<Cov CovItemId="S141" Value="184"/>
<Cov CovItemId="S142" Value="198"/>
<Cov CovItemId="S143" Value="28"/>
<Cov CovItemId="S144" Value="28"/>
<Cov CovItemId="S145" Value="224"/>
<Cov CovItemId="S146" Value="1792"/>
<Cov CovItemId="S147" Value="896"/>
<Cov CovItemId="S148" Value="56"/>
<Cov CovItemId="S149" Value="28"/>
<Cov CovItemId="S150" Value="28"/>
<Cov CovItemId="S151" Value="28"/>
<Cov CovItemId="S176" Value="252"/>
<Cov CovItemId="S177" Value="252"/>
<Cov CovItemId="S178" Value="182"/>
<Cov CovItemId="S179" Value="70"/>
<Cov CovItemId="S180" Value="394"/>
<Cov CovItemId="S181" Value="120"/>
<Cov CovItemId="S182" Value="274"/>
<Cov CovItemId="S183" Value="90"/>
<Cov CovItemId="S184" Value="184"/>
<Cov CovItemId="S185" Value="856"/>
<Cov CovItemId="S61" Value="56"/>
<Cov CovItemId="S62" Value="448"/>
<Cov CovItemId="S63" Value="3584"/>
</CovPrefix>
<CovPrefix CovItemPrefix="com.OriginalFiles.Field.java">
<Cov CovItemId="B1" Value="56"/>
<Cov CovItemId="S13" Value="1792"/>
<Cov CovItemId="S5" Value="56"/>
<Cov CovItemId="S6" Value="56"/>
<Cov CovItemId="S7" Value="56"/>
<Cov CovItemId="S8" Value="1456"/>
<Cov CovItemId="S9" Value="2254"/>
</CovPrefix>
<CovPrefix CovItemPrefix="com.OriginalFiles.Piece.java">
<Cov CovItemId="B1" Value="56"/>
<Cov CovItemId="B10" Value="48"/>
<Cov CovItemId="B11" Value="112"/>
<Cov CovItemId="B13" Value="56"/>
<Cov CovItemId="B14" Value="56"/>
<Cov CovItemId="B15" Value="112"/>
<Cov CovItemId="B18" Value="112"/>
<Cov CovItemId="B2" Value="56"/>
<Cov CovItemId="B33" Value="14"/>
<Cov CovItemId="B34" Value="98"/>
<Cov CovItemId="B35" Value="8"/>
<Cov CovItemId="B36" Value="104"/>
<Cov CovItemId="B37" Value="8"/>
<Cov CovItemId="B39" Value="56"/>
<Cov CovItemId="B4" Value="56"/>
<Cov CovItemId="B40" Value="56"/>
<Cov CovItemId="B5" Value="112"/>
<Cov CovItemId="B9" Value="64"/>
<Cov CovItemId="S1" Value="56"/>
<Cov CovItemId="S10" Value="56"/>
<Cov CovItemId="S11" Value="56"/>
<Cov CovItemId="S12" Value="56"/>
<Cov CovItemId="S13" Value="56"/>
<Cov CovItemId="S14" Value="56"/>
<Cov CovItemId="S15" Value="56"/>
<Cov CovItemId="S16" Value="56"/>
<Cov CovItemId="S17" Value="56"/>
<Cov CovItemId="S18" Value="56"/>
<Cov CovItemId="S19" Value="56"/>
<Cov CovItemId="S2" Value="56"/>
<Cov CovItemId="S20" Value="56"/>
<Cov CovItemId="S21" Value="56"/>
<Cov CovItemId="S22" Value="42"/>
<Cov CovItemId="S23" Value="178"/>
<Cov CovItemId="S24" Value="112"/>
<Cov CovItemId="S25" Value="112"/>
<Cov CovItemId="S26" Value="112"/>
<Cov CovItemId="S27" Value="56"/>
<Cov CovItemId="S29" Value="56"/>
<Cov CovItemId="S3" Value="56"/>
<Cov CovItemId="S30" Value="56"/>
<Cov CovItemId="S31" Value="112"/>
<Cov CovItemId="S32" Value="112"/>
<Cov CovItemId="S33" Value="112"/>
<Cov CovItemId="S39" Value="112"/>
<Cov CovItemId="S4" Value="56"/>
<Cov CovItemId="S40" Value="64"/>
<Cov CovItemId="S41" Value="48"/>
<Cov CovItemId="S42" Value="112"/>
<Cov CovItemId="S43" Value="112"/>
<Cov CovItemId="S44" Value="112"/>
<Cov CovItemId="S45" Value="112"/>
<Cov CovItemId="S46" Value="112"/>
<Cov CovItemId="S47" Value="56"/>
<Cov CovItemId="S48" Value="112"/>
<Cov CovItemId="S49" Value="112"/>
<Cov CovItemId="S5" Value="56"/>
<Cov CovItemId="S50" Value="112"/>
<Cov CovItemId="S6" Value="56"/>
<Cov CovItemId="S65" Value="112"/>
<Cov CovItemId="S66" Value="14"/>
<Cov CovItemId="S67" Value="112"/>
<Cov CovItemId="S68" Value="8"/>
<Cov CovItemId="S69" Value="8"/>
<Cov CovItemId="S7" Value="56"/>
<Cov CovItemId="S70" Value="8"/>
<Cov CovItemId="S71" Value="112"/>
<Cov CovItemId="S72" Value="56"/>
<Cov CovItemId="S73" Value="112"/>
<Cov CovItemId="S8" Value="56"/>
<Cov CovItemId="S9" Value="56"/>
</CovPrefix>
</CovList>
<AssgnmntList>
<AssgnmntPrefix RootTermCovItemPrefix="com.OriginalFiles.Analyze.java">
<AssgnmntListEntry Length="1" RootTermCovItemId="C70">
<MapEntry BoolAssgnmnt="0" Value="56"/>
<MapEntry BoolAssgnmnt="1" Value="1736"/>
</AssgnmntListEntry>
<AssgnmntListEntry Length="1" RootTermCovItemId="C71">
<MapEntry BoolAssgnmnt="0" Value="28"/>
<MapEntry BoolAssgnmnt="1" Value="28"/>
</AssgnmntListEntry>
<AssgnmntListEntry Length="1" RootTermCovItemId="C72">
<MapEntry BoolAssgnmnt="1" Value="28"/>
</AssgnmntListEntry>
<AssgnmntListEntry Length="1" RootTermCovItemId="C73">
<MapEntry BoolAssgnmnt="0" Value="28"/>
<MapEntry BoolAssgnmnt="1" Value="28"/>
</AssgnmntListEntry>
<AssgnmntListEntry Length="1" RootTermCovItemId="C74">
<MapEntry BoolAssgnmnt="1" Value="28"/>
</AssgnmntListEntry>
<AssgnmntListEntry Length="3" RootTermCovItemId="C75">
<MapEntry BoolAssgnmnt="012" Value="12"/>
<MapEntry BoolAssgnmnt="001" Value="16"/>
</AssgnmntListEntry>
<AssgnmntListEntry Length="3" RootTermCovItemId="C76">
<MapEntry BoolAssgnmnt="011" Value="12"/>
<MapEntry BoolAssgnmnt="002" Value="16"/>
</AssgnmntListEntry>
<AssgnmntListEntry Length="2" RootTermCovItemId="C77">
<MapEntry BoolAssgnmnt="11" Value="28"/>
</AssgnmntListEntry>
<AssgnmntListEntry Length="2" RootTermCovItemId="C78">
<MapEntry BoolAssgnmnt="11" Value="28"/>
</AssgnmntListEntry>
<AssgnmntListEntry Length="2" RootTermCovItemId="C79">
<MapEntry BoolAssgnmnt="01" Value="12"/>
<MapEntry BoolAssgnmnt="12" Value="16"/>
</AssgnmntListEntry>
<AssgnmntListEntry Length="2" RootTermCovItemId="C80">
<MapEntry BoolAssgnmnt="10" Value="8"/>
<MapEntry BoolAssgnmnt="02" Value="16"/>
<MapEntry BoolAssgnmnt="11" Value="4"/>
</AssgnmntListEntry>
<AssgnmntListEntry Length="2" RootTermCovItemId="C81">
<MapEntry BoolAssgnmnt="01" Value="4"/>
<MapEntry BoolAssgnmnt="00" Value="12"/>
<MapEntry BoolAssgnmnt="12" Value="4"/>
</AssgnmntListEntry>
<AssgnmntListEntry Length="8" RootTermCovItemId="C90">
<MapEntry BoolAssgnmnt="02100202" Value="8"/>
<MapEntry BoolAssgnmnt="02021122" Value="6"/>
<MapEntry BoolAssgnmnt="11222222" Value="8"/>
<MapEntry BoolAssgnmnt="02020202" Value="14"/>
<MapEntry BoolAssgnmnt="02020210" Value="6"/>
<MapEntry BoolAssgnmnt="02020211" Value="6"/>
<MapEntry BoolAssgnmnt="02112222" Value="8"/>
</AssgnmntListEntry>
</AssgnmntPrefix>
<AssgnmntPrefix RootTermCovItemPrefix="com.OriginalFiles.Board.java">
<AssgnmntListEntry Length="1" RootTermCovItemId="C31">
<MapEntry BoolAssgnmnt="0" Value="28"/>
<MapEntry BoolAssgnmnt="1" Value="154"/>
</AssgnmntListEntry>
<AssgnmntListEntry Length="1" RootTermCovItemId="C32">
<MapEntry BoolAssgnmnt="0" Value="42"/>
<MapEntry BoolAssgnmnt="1" Value="14"/>
</AssgnmntListEntry>
<AssgnmntListEntry Length="1" RootTermCovItemId="C33">
<MapEntry BoolAssgnmnt="0" Value="31"/>
<MapEntry BoolAssgnmnt="1" Value="11"/>
</AssgnmntListEntry>
<AssgnmntListEntry Length="1" RootTermCovItemId="C34">
<MapEntry BoolAssgnmnt="0" Value="32"/>
<MapEntry BoolAssgnmnt="1" Value="10"/>
</AssgnmntListEntry>
<AssgnmntListEntry Length="1" RootTermCovItemId="C35">
<MapEntry BoolAssgnmnt="1" Value="42"/>
</AssgnmntListEntry>
<AssgnmntListEntry Length="1" RootTermCovItemId="C36">
<MapEntry BoolAssgnmnt="0" Value="30"/>
<MapEntry BoolAssgnmnt="1" Value="12"/>
</AssgnmntListEntry>
<AssgnmntListEntry Length="1" RootTermCovItemId="C37">
<MapEntry BoolAssgnmnt="0" Value="33"/>
<MapEntry BoolAssgnmnt="1" Value="9"/>
</AssgnmntListEntry>
<AssgnmntListEntry Length="5" RootTermCovItemId="C38">
<MapEntry BoolAssgnmnt="02002" Value="52"/>
<MapEntry BoolAssgnmnt="10122" Value="48"/>
<MapEntry BoolAssgnmnt="11221" Value="54"/>
<MapEntry BoolAssgnmnt="02011" Value="44"/>
</AssgnmntListEntry>
<AssgnmntListEntry Length="1" RootTermCovItemId="C39">
<MapEntry BoolAssgnmnt="0" Value="114"/>
<MapEntry BoolAssgnmnt="1" Value="84"/>
</AssgnmntListEntry>
<AssgnmntListEntry Length="1" RootTermCovItemId="C40">
<MapEntry BoolAssgnmnt="0" Value="84"/>
</AssgnmntListEntry>
<AssgnmntListEntry Length="2" RootTermCovItemId="C41">
<MapEntry BoolAssgnmnt="10" Value="14"/>
<MapEntry BoolAssgnmnt="02" Value="70"/>
</AssgnmntListEntry>
<AssgnmntListEntry Length="1" RootTermCovItemId="C42">
<MapEntry BoolAssgnmnt="0" Value="896"/>
<MapEntry BoolAssgnmnt="1" Value="896"/>
</AssgnmntListEntry>
<AssgnmntListEntry Length="1" RootTermCovItemId="C43">
<MapEntry BoolAssgnmnt="0" Value="840"/>
<MapEntry BoolAssgnmnt="1" Value="56"/>
</AssgnmntListEntry>
<AssgnmntListEntry Length="1" RootTermCovItemId="C44">
<MapEntry BoolAssgnmnt="0" Value="28"/>
<MapEntry BoolAssgnmnt="1" Value="28"/>
</AssgnmntListEntry>
<AssgnmntListEntry Length="1" RootTermCovItemId="C53">
<MapEntry BoolAssgnmnt="1" Value="252"/>
</AssgnmntListEntry>
<AssgnmntListEntry Length="1" RootTermCovItemId="C54">
<MapEntry BoolAssgnmnt="0" Value="182"/>
<MapEntry BoolAssgnmnt="1" Value="70"/>
</AssgnmntListEntry>
<AssgnmntListEntry Length="3" RootTermCovItemId="C55">
<MapEntry BoolAssgnmnt="011" Value="84"/>
<MapEntry BoolAssgnmnt="010" Value="120"/>
<MapEntry BoolAssgnmnt="002" Value="190"/>
</AssgnmntListEntry>
<AssgnmntListEntry Length="3" RootTermCovItemId="C56">
<MapEntry BoolAssgnmnt="011" Value="90"/>
<MapEntry BoolAssgnmnt="010" Value="100"/>
<MapEntry BoolAssgnmnt="002" Value="84"/>
</AssgnmntListEntry>
</AssgnmntPrefix>
<AssgnmntPrefix RootTermCovItemPrefix="com.OriginalFiles.Field.java">
<AssgnmntListEntry Length="1" RootTermCovItemId="C1">
<MapEntry BoolAssgnmnt="0" Value="56"/>
</AssgnmntListEntry>
</AssgnmntPrefix>
<AssgnmntPrefix RootTermCovItemPrefix="com.OriginalFiles.Piece.java">
<AssgnmntListEntry Length="2" RootTermCovItemId="C1">
<MapEntry BoolAssgnmnt="10" Value="56"/>
<MapEntry BoolAssgnmnt="11" Value="56"/>
</AssgnmntListEntry>
<AssgnmntListEntry Length="5" RootTermCovItemId="C17">
<MapEntry BoolAssgnmnt="00210" Value="22"/>
<MapEntry BoolAssgnmnt="00211" Value="6"/>
<MapEntry BoolAssgnmnt="01002" Value="20"/>
<MapEntry BoolAssgnmnt="12222" Value="56"/>
<MapEntry BoolAssgnmnt="01122" Value="8"/>
</AssgnmntListEntry>
<AssgnmntListEntry Length="5" RootTermCovItemId="C18">
<MapEntry BoolAssgnmnt="00210" Value="24"/>
<MapEntry BoolAssgnmnt="00211" Value="4"/>
<MapEntry BoolAssgnmnt="01002" Value="24"/>
<MapEntry BoolAssgnmnt="12222" Value="56"/>
<MapEntry BoolAssgnmnt="01122" Value="4"/>
</AssgnmntListEntry>
<AssgnmntListEntry Length="1" RootTermCovItemId="C19">
<MapEntry BoolAssgnmnt="1" Value="8"/>
</AssgnmntListEntry>
<AssgnmntListEntry Length="2" RootTermCovItemId="C2">
<MapEntry BoolAssgnmnt="02" Value="56"/>
</AssgnmntListEntry>
<AssgnmntListEntry Length="1" RootTermCovItemId="C20">
<MapEntry BoolAssgnmnt="0" Value="56"/>
<MapEntry BoolAssgnmnt="1" Value="56"/>
</AssgnmntListEntry>
<AssgnmntListEntry Length="1" RootTermCovItemId="C3">
<MapEntry BoolAssgnmnt="1" Value="112"/>
</AssgnmntListEntry>
<AssgnmntListEntry Length="1" RootTermCovItemId="C5">
<MapEntry BoolAssgnmnt="0" Value="48"/>
<MapEntry BoolAssgnmnt="1" Value="64"/>
</AssgnmntListEntry>
<AssgnmntListEntry Length="1" RootTermCovItemId="C6">
<MapEntry BoolAssgnmnt="1" Value="112"/>
</AssgnmntListEntry>
<AssgnmntListEntry Length="1" RootTermCovItemId="C7">
<MapEntry BoolAssgnmnt="0" Value="56"/>
<MapEntry BoolAssgnmnt="1" Value="56"/>
</AssgnmntListEntry>
<AssgnmntListEntry Length="1" RootTermCovItemId="C8">
<MapEntry BoolAssgnmnt="1" Value="112"/>
</AssgnmntListEntry>
<AssgnmntListEntry Length="1" RootTermCovItemId="C9">
<MapEntry BoolAssgnmnt="0" Value="112"/>
</AssgnmntListEntry>
</AssgnmntPrefix>
</AssgnmntList>
<ObjMetaDataList/>
<MetaDataList/>
</TestCase>
<TestCase Comment="" Date="1386064083431" Name="com.Testing.AnalyzeTest:testCheckMovement">
<CovList>
<CovPrefix CovItemPrefix="com.OriginalFiles.Analyze.java">
<Cov CovItemId="B1" Value="2"/>
<Cov CovItemId="B10" Value="2"/>
<Cov CovItemId="B107" Value="32"/>
<Cov CovItemId="B108" Value="4"/>
<Cov CovItemId="B109" Value="2"/>
<Cov CovItemId="B11" Value="2"/>
<Cov CovItemId="B110" Value="2"/>
<Cov CovItemId="B112" Value="2"/>
<Cov CovItemId="B114" Value="2"/>
<Cov CovItemId="B115" Value="3"/>
<Cov CovItemId="B120" Value="9"/>
<Cov CovItemId="B121" Value="183"/>
<Cov CovItemId="B122" Value="6"/>
<Cov CovItemId="B123" Value="3"/>
<Cov CovItemId="B124" Value="6"/>
<Cov CovItemId="B126" Value="3"/>
<Cov CovItemId="B127" Value="6"/>
<Cov CovItemId="B128" Value="3"/>
<Cov CovItemId="B13" Value="2"/>
<Cov CovItemId="B131" Value="3"/>
<Cov CovItemId="B133" Value="3"/>
<Cov CovItemId="B135" Value="3"/>
<Cov CovItemId="B14" Value="1"/>
<Cov CovItemId="B15" Value="1"/>
<Cov CovItemId="B16" Value="1"/>
<Cov CovItemId="B17" Value="1"/>
<Cov CovItemId="B20" Value="1"/>
<Cov CovItemId="B25" Value="1"/>
<Cov CovItemId="B27" Value="1"/>
<Cov CovItemId="B3" Value="1"/>
<Cov CovItemId="B30" Value="1"/>
<Cov CovItemId="B6" Value="2"/>
<Cov CovItemId="B66" Value="2"/>
<Cov CovItemId="B68" Value="2"/>
<Cov CovItemId="B69" Value="1"/>
<Cov CovItemId="B7" Value="6"/>
<Cov CovItemId="B70" Value="1"/>
<Cov CovItemId="B72" Value="2"/>
<Cov CovItemId="B73" Value="1"/>
<Cov CovItemId="B74" Value="1"/>
<Cov CovItemId="B75" Value="1"/>
<Cov CovItemId="B77" Value="1"/>
<Cov CovItemId="B8" Value="122"/>
<Cov CovItemId="B80" Value="8"/>
<Cov CovItemId="B84" Value="1"/>
<Cov CovItemId="B9" Value="4"/>
<Cov CovItemId="B96" Value="1"/>
<Cov CovItemId="L1-2" Value="2"/>
<Cov CovItemId="L16-2" Value="3"/>
<Cov CovItemId="L17-2" Value="24"/>
<Cov CovItemId="L2-2" Value="16"/>
<Cov CovItemId="L3-1" Value="1"/>
<Cov CovItemId="L3-2" Value="1"/>
<Cov CovItemId="L5-1" Value="2"/>
<Cov CovItemId="L6-1" Value="1"/>
<Cov CovItemId="L7-1" Value="1"/>
<Cov CovItemId="L8-2" Value="1"/>
<Cov CovItemId="S10" Value="2"/>
<Cov CovItemId="S100" Value="2"/>
<Cov CovItemId="S101" Value="2"/>
<Cov CovItemId="S102" Value="2"/>
<Cov CovItemId="S104" Value="2"/>
<Cov CovItemId="S105" Value="2"/>
<Cov CovItemId="S107" Value="2"/>
<Cov CovItemId="S108" Value="2"/>
<Cov CovItemId="S109" Value="1"/>
<Cov CovItemId="S11" Value="1"/>
<Cov CovItemId="S110" Value="2"/>
<Cov CovItemId="S111" Value="2"/>
<Cov CovItemId="S113" Value="2"/>
<Cov CovItemId="S114" Value="1"/>
<Cov CovItemId="S115" Value="2"/>
<Cov CovItemId="S116" Value="2"/>
<Cov CovItemId="S117" Value="2"/>
<Cov CovItemId="S118" Value="1"/>
<Cov CovItemId="S119" Value="1"/>
<Cov CovItemId="S12" Value="1"/>
<Cov CovItemId="S120" Value="1"/>
<Cov CovItemId="S121" Value="1"/>
<Cov CovItemId="S122" Value="1"/>
<Cov CovItemId="S123" Value="1"/>
<Cov CovItemId="S124" Value="1"/>
<Cov CovItemId="S125" Value="1"/>
<Cov CovItemId="S126" Value="1"/>
<Cov CovItemId="S127" Value="1"/>
<Cov CovItemId="S128" Value="1"/>
<Cov CovItemId="S129" Value="1"/>
<Cov CovItemId="S13" Value="1"/>
<Cov CovItemId="S130" Value="1"/>
<Cov CovItemId="S131" Value="1"/>
<Cov CovItemId="S132" Value="1"/>
<Cov CovItemId="S133" Value="1"/>
<Cov CovItemId="S134" Value="8"/>
<Cov CovItemId="S136" Value="8"/>
<Cov CovItemId="S14" Value="1"/>
<Cov CovItemId="S147" Value="1"/>
<Cov CovItemId="S149" Value="1"/>
<Cov CovItemId="S15" Value="1"/>
<Cov CovItemId="S168" Value="1"/>
<Cov CovItemId="S17" Value="2"/>
<Cov CovItemId="S18" Value="2"/>
<Cov CovItemId="S199" Value="36"/>
<Cov CovItemId="S200" Value="36"/>
<Cov CovItemId="S201" Value="36"/>
<Cov CovItemId="S202" Value="36"/>
<Cov CovItemId="S203" Value="36"/>
<Cov CovItemId="S204" Value="32"/>
<Cov CovItemId="S205" Value="4"/>
<Cov CovItemId="S206" Value="2"/>
<Cov CovItemId="S207" Value="2"/>
<Cov CovItemId="S209" Value="2"/>
<Cov CovItemId="S21" Value="2"/>
<Cov CovItemId="S211" Value="2"/>
<Cov CovItemId="S212" Value="3"/>
<Cov CovItemId="S213" Value="3"/>
<Cov CovItemId="S22" Value="2"/>
<Cov CovItemId="S221" Value="3"/>
<Cov CovItemId="S222" Value="3"/>
<Cov CovItemId="S223" Value="3"/>
<Cov CovItemId="S224" Value="3"/>
<Cov CovItemId="S225" Value="3"/>
<Cov CovItemId="S226" Value="3"/>
<Cov CovItemId="S227" Value="24"/>
<Cov CovItemId="S228" Value="192"/>
<Cov CovItemId="S229" Value="9"/>
<Cov CovItemId="S23" Value="16"/>
<Cov CovItemId="S230" Value="6"/>
<Cov CovItemId="S231" Value="6"/>
<Cov CovItemId="S232" Value="6"/>
<Cov CovItemId="S233" Value="9"/>
<Cov CovItemId="S234" Value="3"/>
<Cov CovItemId="S235" Value="3"/>
<Cov CovItemId="S236" Value="3"/>
<Cov CovItemId="S237" Value="3"/>
<Cov CovItemId="S239" Value="3"/>
<Cov CovItemId="S24" Value="128"/>
<Cov CovItemId="S241" Value="3"/>
<Cov CovItemId="S25" Value="6"/>
<Cov CovItemId="S250" Value="3"/>
<Cov CovItemId="S26" Value="4"/>
<Cov CovItemId="S27" Value="2"/>
<Cov CovItemId="S28" Value="2"/>
<Cov CovItemId="S29" Value="2"/>
<Cov CovItemId="S30" Value="2"/>
<Cov CovItemId="S31" Value="2"/>
<Cov CovItemId="S32" Value="2"/>
<Cov CovItemId="S33" Value="2"/>
<Cov CovItemId="S34" Value="3"/>
<Cov CovItemId="S35" Value="2"/>
<Cov CovItemId="S36" Value="1"/>
<Cov CovItemId="S37" Value="1"/>
<Cov CovItemId="S38" Value="1"/>
<Cov CovItemId="S40" Value="1"/>
<Cov CovItemId="S51" Value="1"/>
<Cov CovItemId="S52" Value="1"/>
<Cov CovItemId="S53" Value="1"/>
<Cov CovItemId="S54" Value="1"/>
<Cov CovItemId="S55" Value="1"/>
<Cov CovItemId="S59" Value="1"/>
<Cov CovItemId="S6" Value="2"/>
<Cov CovItemId="S7" Value="2"/>
<Cov CovItemId="S8" Value="2"/>
<Cov CovItemId="S9" Value="2"/>
<Cov CovItemId="S99" Value="2"/>
</CovPrefix>
<CovPrefix CovItemPrefix="com.OriginalFiles.Board.java">
<Cov CovItemId="B11" Value="2"/>
<Cov CovItemId="B14" Value="2"/>
<Cov CovItemId="B16" Value="2"/>
<Cov CovItemId="B17" Value="2"/>
<Cov CovItemId="B31" Value="1"/>
<Cov CovItemId="B33" Value="1"/>
<Cov CovItemId="B36" Value="1"/>
<Cov CovItemId="B37" Value="1"/>
<Cov CovItemId="B39" Value="4"/>
<Cov CovItemId="B41" Value="19"/>
<Cov CovItemId="B42" Value="6"/>
<Cov CovItemId="B43" Value="12"/>
<Cov CovItemId="B44" Value="6"/>
<Cov CovItemId="B46" Value="6"/>
<Cov CovItemId="B47" Value="6"/>
<Cov CovItemId="B50" Value="6"/>
<Cov CovItemId="B55" Value="12"/>
<Cov CovItemId="B56" Value="56"/>
<Cov CovItemId="B57" Value="50"/>
<Cov CovItemId="B58" Value="6"/>
<Cov CovItemId="B59" Value="49"/>
<Cov CovItemId="B60" Value="1"/>
<Cov CovItemId="B61" Value="13"/>
<Cov CovItemId="B62" Value="36"/>
<Cov CovItemId="B63" Value="192"/>
<Cov CovItemId="B64" Value="192"/>
<Cov CovItemId="B65" Value="18"/>
<Cov CovItemId="B66" Value="174"/>
<Cov CovItemId="B67" Value="6"/>
<Cov CovItemId="B68" Value="12"/>
<Cov CovItemId="B79" Value="92"/>
<Cov CovItemId="B81" Value="56"/>
<Cov CovItemId="B82" Value="36"/>
<Cov CovItemId="B83" Value="42"/>
<Cov CovItemId="B84" Value="122"/>
<Cov CovItemId="B85" Value="47"/>
<Cov CovItemId="B86" Value="75"/>
<Cov CovItemId="L10-2" Value="104"/>
<Cov CovItemId="L11-2" Value="2"/>
<Cov CovItemId="L12-0" Value="2"/>
<Cov CovItemId="L12-1" Value="2"/>
<Cov CovItemId="L13-2" Value="6"/>
<Cov CovItemId="L14-2" Value="48"/>
<Cov CovItemId="L9-2" Value="13"/>
<Cov CovItemId="S100" Value="1"/>
<Cov CovItemId="S102" Value="1"/>
<Cov CovItemId="S104" Value="1"/>
<Cov CovItemId="S106" Value="1"/>
<Cov CovItemId="S107" Value="1"/>
<Cov CovItemId="S108" Value="1"/>
<Cov CovItemId="S109" Value="1"/>
<Cov CovItemId="S111" Value="4"/>
<Cov CovItemId="S112" Value="4"/>
<Cov CovItemId="S113" Value="4"/>
<Cov CovItemId="S115" Value="25"/>
<Cov CovItemId="S116" Value="19"/>
<Cov CovItemId="S117" Value="6"/>
<Cov CovItemId="S118" Value="18"/>
<Cov CovItemId="S119" Value="18"/>
<Cov CovItemId="S120" Value="12"/>
<Cov CovItemId="S121" Value="6"/>
<Cov CovItemId="S122" Value="6"/>
<Cov CovItemId="S123" Value="6"/>
<Cov CovItemId="S124" Value="6"/>
<Cov CovItemId="S126" Value="6"/>
<Cov CovItemId="S127" Value="6"/>
<Cov CovItemId="S128" Value="6"/>
<Cov CovItemId="S133" Value="6"/>
<Cov CovItemId="S134" Value="18"/>
<Cov CovItemId="S135" Value="68"/>
<Cov CovItemId="S136" Value="12"/>
<Cov CovItemId="S137" Value="56"/>
<Cov CovItemId="S138" Value="50"/>
<Cov CovItemId="S139" Value="49"/>
<Cov CovItemId="S140" Value="13"/>
<Cov CovItemId="S141" Value="43"/>
<Cov CovItemId="S142" Value="60"/>
<Cov CovItemId="S143" Value="6"/>
<Cov CovItemId="S144" Value="6"/>
<Cov CovItemId="S145" Value="48"/>
<Cov CovItemId="S146" Value="384"/>
<Cov CovItemId="S147" Value="192"/>
<Cov CovItemId="S148" Value="18"/>
<Cov CovItemId="S149" Value="6"/>
<Cov CovItemId="S150" Value="12"/>
<Cov CovItemId="S151" Value="6"/>
<Cov CovItemId="S176" Value="92"/>
<Cov CovItemId="S177" Value="92"/>
<Cov CovItemId="S178" Value="56"/>
<Cov CovItemId="S179" Value="36"/>
<Cov CovItemId="S180" Value="164"/>
<Cov CovItemId="S181" Value="42"/>
<Cov CovItemId="S182" Value="122"/>
<Cov CovItemId="S183" Value="47"/>
<Cov CovItemId="S184" Value="75"/>
<Cov CovItemId="S185" Value="256"/>
<Cov CovItemId="S61" Value="13"/>
<Cov CovItemId="S62" Value="104"/>
<Cov CovItemId="S63" Value="832"/>
<Cov CovItemId="S64" Value="2"/>
<Cov CovItemId="S65" Value="2"/>
<Cov CovItemId="S66" Value="2"/>
<Cov CovItemId="S67" Value="2"/>
<Cov CovItemId="S68" Value="4"/>
<Cov CovItemId="S69" Value="2"/>
<Cov CovItemId="S70" Value="2"/>
<Cov CovItemId="S71" Value="2"/>
<Cov CovItemId="S72" Value="2"/>
<Cov CovItemId="S73" Value="2"/>
<Cov CovItemId="S74" Value="2"/>
<Cov CovItemId="S75" Value="2"/>
<Cov CovItemId="S76" Value="4"/>
<Cov CovItemId="S77" Value="4"/>
<Cov CovItemId="S78" Value="2"/>
<Cov CovItemId="S80" Value="2"/>
<Cov CovItemId="S82" Value="2"/>
<Cov CovItemId="S83" Value="2"/>
<Cov CovItemId="S98" Value="1"/>
<Cov CovItemId="S99" Value="1"/>
</CovPrefix>
<CovPrefix CovItemPrefix="com.OriginalFiles.Field.java">
<Cov CovItemId="B1" Value="36"/>
<Cov CovItemId="B2" Value="8"/>
<Cov CovItemId="S1" Value="88"/>
<Cov CovItemId="S13" Value="129"/>
<Cov CovItemId="S2" Value="88"/>
<Cov CovItemId="S5" Value="44"/>
<Cov CovItemId="S6" Value="44"/>
<Cov CovItemId="S7" Value="36"/>
<Cov CovItemId="S8" Value="368"/>
<Cov CovItemId="S9" Value="484"/>
</CovPrefix>
<CovPrefix CovItemPrefix="com.OriginalFiles.Piece.java">
<Cov CovItemId="B1" Value="3"/>
<Cov CovItemId="B10" Value="13"/>
<Cov CovItemId="B11" Value="31"/>
<Cov CovItemId="B12" Value="8"/>
<Cov CovItemId="B13" Value="3"/>
<Cov CovItemId="B14" Value="28"/>
<Cov CovItemId="B15" Value="31"/>
<Cov CovItemId="B18" Value="31"/>
<Cov CovItemId="B2" Value="36"/>
<Cov CovItemId="B34" Value="31"/>
<Cov CovItemId="B35" Value="8"/>
<Cov CovItemId="B36" Value="23"/>
<Cov CovItemId="B37" Value="8"/>
<Cov CovItemId="B39" Value="3"/>
<Cov CovItemId="B4" Value="3"/>
<Cov CovItemId="B40" Value="28"/>
<Cov CovItemId="B5" Value="31"/>
<Cov CovItemId="B6" Value="8"/>
<Cov CovItemId="B9" Value="18"/>
<Cov CovItemId="S1" Value="35"/>
<Cov CovItemId="S10" Value="35"/>
<Cov CovItemId="S11" Value="35"/>
<Cov CovItemId="S12" Value="35"/>
<Cov CovItemId="S13" Value="35"/>
<Cov CovItemId="S14" Value="35"/>
<Cov CovItemId="S15" Value="35"/>
<Cov CovItemId="S16" Value="35"/>
<Cov CovItemId="S17" Value="35"/>
<Cov CovItemId="S18" Value="35"/>
<Cov CovItemId="S19" Value="35"/>
<Cov CovItemId="S2" Value="35"/>
<Cov CovItemId="S20" Value="35"/>
<Cov CovItemId="S21" Value="35"/>
<Cov CovItemId="S24" Value="39"/>
<Cov CovItemId="S25" Value="39"/>
<Cov CovItemId="S26" Value="39"/>
<Cov CovItemId="S27" Value="3"/>
<Cov CovItemId="S29" Value="3"/>
<Cov CovItemId="S3" Value="35"/>
<Cov CovItemId="S30" Value="36"/>
<Cov CovItemId="S31" Value="39"/>
<Cov CovItemId="S32" Value="39"/>
<Cov CovItemId="S33" Value="31"/>
<Cov CovItemId="S34" Value="8"/>
<Cov CovItemId="S35" Value="8"/>
<Cov CovItemId="S39" Value="31"/>
<Cov CovItemId="S4" Value="35"/>
<Cov CovItemId="S40" Value="18"/>
<Cov CovItemId="S41" Value="13"/>
<Cov CovItemId="S42" Value="39"/>
<Cov CovItemId="S43" Value="39"/>
<Cov CovItemId="S44" Value="31"/>
<Cov CovItemId="S45" Value="31"/>
<Cov CovItemId="S46" Value="31"/>
<Cov CovItemId="S47" Value="3"/>
<Cov CovItemId="S48" Value="31"/>
<Cov CovItemId="S49" Value="31"/>
<Cov CovItemId="S5" Value="35"/>
<Cov CovItemId="S50" Value="31"/>
<Cov CovItemId="S6" Value="35"/>
<Cov CovItemId="S65" Value="31"/>
<Cov CovItemId="S67" Value="31"/>
<Cov CovItemId="S68" Value="8"/>
<Cov CovItemId="S69" Value="8"/>
<Cov CovItemId="S7" Value="35"/>
<Cov CovItemId="S70" Value="8"/>
<Cov CovItemId="S71" Value="31"/>
<Cov CovItemId="S72" Value="3"/>
<Cov CovItemId="S73" Value="31"/>
<Cov CovItemId="S8" Value="35"/>
<Cov CovItemId="S9" Value="35"/>
</CovPrefix>
<CovPrefix CovItemPrefix="com.OriginalFiles.RemoteNXTFunctions.java">
<Cov CovItemId="B16" Value="4"/>
<Cov CovItemId="B24" Value="4"/>
<Cov CovItemId="B31" Value="2"/>
<Cov CovItemId="B32" Value="2"/>
<Cov CovItemId="B34" Value="2"/>
<Cov CovItemId="B35" Value="1"/>
<Cov CovItemId="B36" Value="1"/>
<Cov CovItemId="B37" Value="1"/>
<Cov CovItemId="B39" Value="2"/>
<Cov CovItemId="B41" Value="1"/>
<Cov CovItemId="B42" Value="1"/>
<Cov CovItemId="B44" Value="1"/>
<Cov CovItemId="B45" Value="1"/>
<Cov CovItemId="B5" Value="32"/>
<Cov CovItemId="B6" Value="4"/>
<Cov CovItemId="B7" Value="32"/>
<Cov CovItemId="S162" Value="36"/>
<Cov CovItemId="S19" Value="36"/>
<Cov CovItemId="S20" Value="36"/>
<Cov CovItemId="S21" Value="32"/>
<Cov CovItemId="S22" Value="32"/>
<Cov CovItemId="S30" Value="4"/>
<Cov CovItemId="S38" Value="4"/>
<Cov CovItemId="S46" Value="4"/>
<Cov CovItemId="S47" Value="2"/>
<Cov CovItemId="S49" Value="2"/>
<Cov CovItemId="S50" Value="1"/>
<Cov CovItemId="S51" Value="1"/>
<Cov CovItemId="S52" Value="1"/>
<Cov CovItemId="S54" Value="2"/>
<Cov CovItemId="S55" Value="2"/>
<Cov CovItemId="S56" Value="1"/>
<Cov CovItemId="S57" Value="1"/>
<Cov CovItemId="S59" Value="1"/>
<Cov CovItemId="S60" Value="1"/>
</CovPrefix>
</CovList>
<AssgnmntList>
<AssgnmntPrefix RootTermCovItemPrefix="com.OriginalFiles.Analyze.java">
<AssgnmntListEntry Length="1" RootTermCovItemId="C1">
<MapEntry BoolAssgnmnt="0" Value="2"/>
</AssgnmntListEntry>
<AssgnmntListEntry Length="1" RootTermCovItemId="C10">
<MapEntry BoolAssgnmnt="1" Value="1"/>
</AssgnmntListEntry>
<AssgnmntListEntry Length="1" RootTermCovItemId="C13">
<MapEntry BoolAssgnmnt="1" Value="1"/>
</AssgnmntListEntry>
<AssgnmntListEntry Length="1" RootTermCovItemId="C14">
<MapEntry BoolAssgnmnt="1" Value="1"/>
</AssgnmntListEntry>
<AssgnmntListEntry Length="1" RootTermCovItemId="C15">
<MapEntry BoolAssgnmnt="1" Value="1"/>
</AssgnmntListEntry>
<AssgnmntListEntry Length="1" RootTermCovItemId="C2">
<MapEntry BoolAssgnmnt="0" Value="1"/>
</AssgnmntListEntry>
<AssgnmntListEntry Length="1" RootTermCovItemId="C3">
<MapEntry BoolAssgnmnt="0" Value="2"/>
</AssgnmntListEntry>
<AssgnmntListEntry Length="1" RootTermCovItemId="C34">
<MapEntry BoolAssgnmnt="0" Value="2"/>
</AssgnmntListEntry>
<AssgnmntListEntry Length="1" RootTermCovItemId="C35">
<MapEntry BoolAssgnmnt="0" Value="2"/>
</AssgnmntListEntry>
<AssgnmntListEntry Length="1" RootTermCovItemId="C36">
<MapEntry BoolAssgnmnt="0" Value="1"/>
<MapEntry BoolAssgnmnt="1" Value="1"/>
</AssgnmntListEntry>
<AssgnmntListEntry Length="1" RootTermCovItemId="C37">
<MapEntry BoolAssgnmnt="0" Value="2"/>
</AssgnmntListEntry>
<AssgnmntListEntry Length="1" RootTermCovItemId="C38">
<MapEntry BoolAssgnmnt="0" Value="1"/>
<MapEntry BoolAssgnmnt="1" Value="1"/>
</AssgnmntListEntry>
<AssgnmntListEntry Length="1" RootTermCovItemId="C39">
<MapEntry BoolAssgnmnt="0" Value="2"/>
<MapEntry BoolAssgnmnt="1" Value="2"/>
</AssgnmntListEntry>
<AssgnmntListEntry Length="1" RootTermCovItemId="C4">
<MapEntry BoolAssgnmnt="0" Value="6"/>
<MapEntry BoolAssgnmnt="1" Value="122"/>
</AssgnmntListEntry>
<AssgnmntListEntry Length="1" RootTermCovItemId="C40">
<MapEntry BoolAssgnmnt="1" Value="1"/>
</AssgnmntListEntry>
<AssgnmntListEntry Length="1" RootTermCovItemId="C41">
<MapEntry BoolAssgnmnt="0" Value="1"/>
</AssgnmntListEntry>
<AssgnmntListEntry Length="1" RootTermCovItemId="C42">
<MapEntry BoolAssgnmnt="0" Value="1"/>
<MapEntry BoolAssgnmnt="1" Value="1"/>
</AssgnmntListEntry>
<AssgnmntListEntry Length="1" RootTermCovItemId="C43">
<MapEntry BoolAssgnmnt="1" Value="1"/>
</AssgnmntListEntry>
<AssgnmntListEntry Length="1" RootTermCovItemId="C44">
<MapEntry BoolAssgnmnt="0" Value="8"/>
<MapEntry BoolAssgnmnt="1" Value="1"/>
</AssgnmntListEntry>
<AssgnmntListEntry Length="1" RootTermCovItemId="C45">
<MapEntry BoolAssgnmnt="0" Value="8"/>
</AssgnmntListEntry>
<AssgnmntListEntry Length="1" RootTermCovItemId="C49">
<MapEntry BoolAssgnmnt="0" Value="1"/>
</AssgnmntListEntry>
<AssgnmntListEntry Length="2" RootTermCovItemId="C5">
<MapEntry BoolAssgnmnt="10" Value="2"/>
<MapEntry BoolAssgnmnt="11" Value="4"/>
</AssgnmntListEntry>
<AssgnmntListEntry Length="1" RootTermCovItemId="C56">
<MapEntry BoolAssgnmnt="0" Value="1"/>
</AssgnmntListEntry>
<AssgnmntListEntry Length="1" RootTermCovItemId="C6">
<MapEntry BoolAssgnmnt="1" Value="2"/>
</AssgnmntListEntry>
<AssgnmntListEntry Length="6" RootTermCovItemId="C66">
<MapEntry BoolAssgnmnt="110222" Value="2"/>
<MapEntry BoolAssgnmnt="022222" Value="2"/>
<MapEntry BoolAssgnmnt="111111" Value="32"/>
</AssgnmntListEntry>
<AssgnmntListEntry Length="6" RootTermCovItemId="C67">
<MapEntry BoolAssgnmnt="022222" Value="2"/>
<MapEntry BoolAssgnmnt="111111" Value="2"/>
</AssgnmntListEntry>
<AssgnmntListEntry Length="6" RootTermCovItemId="C68">
<MapEntry BoolAssgnmnt="102222" Value="2"/>
</AssgnmntListEntry>
<AssgnmntListEntry Length="6" RootTermCovItemId="C69">
<MapEntry BoolAssgnmnt="102222" Value="2"/>
</AssgnmntListEntry>
<AssgnmntListEntry Length="1" RootTermCovItemId="C7">
<MapEntry BoolAssgnmnt="0" Value="1"/>
<MapEntry BoolAssgnmnt="1" Value="2"/>
</AssgnmntListEntry>
<AssgnmntListEntry Length="1" RootTermCovItemId="C70">
<MapEntry BoolAssgnmnt="0" Value="9"/>
<MapEntry BoolAssgnmnt="1" Value="183"/>
</AssgnmntListEntry>
<AssgnmntListEntry Length="1" RootTermCovItemId="C71">
<MapEntry BoolAssgnmnt="0" Value="3"/>
<MapEntry BoolAssgnmnt="1" Value="6"/>
</AssgnmntListEntry>
<AssgnmntListEntry Length="1" RootTermCovItemId="C72">
<MapEntry BoolAssgnmnt="1" Value="6"/>
</AssgnmntListEntry>
<AssgnmntListEntry Length="1" RootTermCovItemId="C73">
<MapEntry BoolAssgnmnt="0" Value="6"/>
<MapEntry BoolAssgnmnt="1" Value="3"/>
</AssgnmntListEntry>
<AssgnmntListEntry Length="1" RootTermCovItemId="C74">
<MapEntry BoolAssgnmnt="1" Value="3"/>
</AssgnmntListEntry>
<AssgnmntListEntry Length="3" RootTermCovItemId="C75">
<MapEntry BoolAssgnmnt="012" Value="2"/>
<MapEntry BoolAssgnmnt="001" Value="1"/>
</AssgnmntListEntry>
<AssgnmntListEntry Length="3" RootTermCovItemId="C76">
<MapEntry BoolAssgnmnt="011" Value="2"/>
<MapEntry BoolAssgnmnt="002" Value="1"/>
</AssgnmntListEntry>
<AssgnmntListEntry Length="2" RootTermCovItemId="C77">
<MapEntry BoolAssgnmnt="10" Value="3"/>
</AssgnmntListEntry>
<AssgnmntListEntry Length="2" RootTermCovItemId="C8">
<MapEntry BoolAssgnmnt="10" Value="1"/>
<MapEntry BoolAssgnmnt="11" Value="1"/>
</AssgnmntListEntry>
<AssgnmntListEntry Length="1" RootTermCovItemId="C9">
<MapEntry BoolAssgnmnt="1" Value="1"/>
</AssgnmntListEntry>
</AssgnmntPrefix>
<AssgnmntPrefix RootTermCovItemPrefix="com.OriginalFiles.Board.java">
<AssgnmntListEntry Length="1" RootTermCovItemId="C14">
<MapEntry BoolAssgnmnt="0" Value="2"/>
<MapEntry BoolAssgnmnt="1" Value="4"/>
</AssgnmntListEntry>
<AssgnmntListEntry Length="1" RootTermCovItemId="C15">
<MapEntry BoolAssgnmnt="0" Value="4"/>
<MapEntry BoolAssgnmnt="1" Value="2"/>
</AssgnmntListEntry>
<AssgnmntListEntry Length="1" RootTermCovItemId="C16">
<MapEntry BoolAssgnmnt="0" Value="2"/>
</AssgnmntListEntry>
<AssgnmntListEntry Length="4" RootTermCovItemId="C17">
<MapEntry BoolAssgnmnt="0222" Value="2"/>
</AssgnmntListEntry>
<AssgnmntListEntry Length="2" RootTermCovItemId="C18">
<MapEntry BoolAssgnmnt="02" Value="2"/>
</AssgnmntListEntry>
<AssgnmntListEntry Length="2" RootTermCovItemId="C19">
<MapEntry BoolAssgnmnt="10" Value="2"/>
</AssgnmntListEntry>
<AssgnmntListEntry Length="1" RootTermCovItemId="C26">
<MapEntry BoolAssgnmnt="0" Value="1"/>
</AssgnmntListEntry>
<AssgnmntListEntry Length="1" RootTermCovItemId="C27">
<MapEntry BoolAssgnmnt="1" Value="1"/>
</AssgnmntListEntry>
<AssgnmntListEntry Length="2" RootTermCovItemId="C28">
<MapEntry BoolAssgnmnt="02" Value="1"/>
</AssgnmntListEntry>
<AssgnmntListEntry Length="1" RootTermCovItemId="C29">
<MapEntry BoolAssgnmnt="1" Value="1"/>
</AssgnmntListEntry>
<AssgnmntListEntry Length="1" RootTermCovItemId="C30">
<MapEntry BoolAssgnmnt="1" Value="4"/>
</AssgnmntListEntry>
<AssgnmntListEntry Length="1" RootTermCovItemId="C31">
<MapEntry BoolAssgnmnt="0" Value="6"/>
<MapEntry BoolAssgnmnt="1" Value="19"/>
</AssgnmntListEntry>
<AssgnmntListEntry Length="1" RootTermCovItemId="C32">
<MapEntry BoolAssgnmnt="0" Value="6"/>
<MapEntry BoolAssgnmnt="1" Value="12"/>
</AssgnmntListEntry>
<AssgnmntListEntry Length="1" RootTermCovItemId="C33">
<MapEntry BoolAssgnmnt="1" Value="6"/>
</AssgnmntListEntry>
<AssgnmntListEntry Length="1" RootTermCovItemId="C34">
<MapEntry BoolAssgnmnt="0" Value="6"/>
</AssgnmntListEntry>
<AssgnmntListEntry Length="1" RootTermCovItemId="C35">
<MapEntry BoolAssgnmnt="0" Value="6"/>
</AssgnmntListEntry>
<AssgnmntListEntry Length="5" RootTermCovItemId="C38">
<MapEntry BoolAssgnmnt="02002" Value="28"/>
<MapEntry BoolAssgnmnt="10122" Value="8"/>
<MapEntry BoolAssgnmnt="11221" Value="12"/>
<MapEntry BoolAssgnmnt="02010" Value="12"/>
<MapEntry BoolAssgnmnt="02011" Value="8"/>
</AssgnmntListEntry>
<AssgnmntListEntry Length="1" RootTermCovItemId="C39">
<MapEntry BoolAssgnmnt="0" Value="6"/>
<MapEntry BoolAssgnmnt="1" Value="50"/>
</AssgnmntListEntry>
<AssgnmntListEntry Length="1" RootTermCovItemId="C40">
<MapEntry BoolAssgnmnt="0" Value="49"/>
<MapEntry BoolAssgnmnt="1" Value="1"/>
</AssgnmntListEntry>
<AssgnmntListEntry Length="2" RootTermCovItemId="C41">
<MapEntry BoolAssgnmnt="10" Value="13"/>
<MapEntry BoolAssgnmnt="02" Value="36"/>
</AssgnmntListEntry>
<AssgnmntListEntry Length="1" RootTermCovItemId="C42">
<MapEntry BoolAssgnmnt="0" Value="192"/>
<MapEntry BoolAssgnmnt="1" Value="192"/>
</AssgnmntListEntry>
<AssgnmntListEntry Length="1" RootTermCovItemId="C43">
<MapEntry BoolAssgnmnt="0" Value="174"/>
<MapEntry BoolAssgnmnt="1" Value="18"/>
</AssgnmntListEntry>
<AssgnmntListEntry Length="1" RootTermCovItemId="C44">
<MapEntry BoolAssgnmnt="0" Value="12"/>
<MapEntry BoolAssgnmnt="1" Value="6"/>
</AssgnmntListEntry>
<AssgnmntListEntry Length="1" RootTermCovItemId="C53">
<MapEntry BoolAssgnmnt="1" Value="92"/>
</AssgnmntListEntry>
<AssgnmntListEntry Length="1" RootTermCovItemId="C54">
<MapEntry BoolAssgnmnt="0" Value="56"/>
<MapEntry BoolAssgnmnt="1" Value="36"/>
</AssgnmntListEntry>
<AssgnmntListEntry Length="3" RootTermCovItemId="C55">
<MapEntry BoolAssgnmnt="002" Value="91"/>
<MapEntry BoolAssgnmnt="120" Value="42"/>
<MapEntry BoolAssgnmnt="121" Value="31"/>
</AssgnmntListEntry>
<AssgnmntListEntry Length="3" RootTermCovItemId="C56">
<MapEntry BoolAssgnmnt="002" Value="31"/>
<MapEntry BoolAssgnmnt="120" Value="44"/>
<MapEntry BoolAssgnmnt="121" Value="47"/>
</AssgnmntListEntry>
</AssgnmntPrefix>
<AssgnmntPrefix RootTermCovItemPrefix="com.OriginalFiles.Field.java">
<AssgnmntListEntry Length="1" RootTermCovItemId="C1">
<MapEntry BoolAssgnmnt="0" Value="36"/>
<MapEntry BoolAssgnmnt="1" Value="8"/>
</AssgnmntListEntry>
</AssgnmntPrefix>
<AssgnmntPrefix RootTermCovItemPrefix="com.OriginalFiles.Piece.java">
<AssgnmntListEntry Length="2" RootTermCovItemId="C1">
<MapEntry BoolAssgnmnt="10" Value="28"/>
<MapEntry BoolAssgnmnt="02" Value="8"/>
<MapEntry BoolAssgnmnt="11" Value="3"/>
</AssgnmntListEntry>
<AssgnmntListEntry Length="5" RootTermCovItemId="C17">
<MapEntry BoolAssgnmnt="00210" Value="13"/>
<MapEntry BoolAssgnmnt="01002" Value="15"/>
<MapEntry BoolAssgnmnt="12222" Value="3"/>
</AssgnmntListEntry>
<AssgnmntListEntry Length="5" RootTermCovItemId="C18">
<MapEntry BoolAssgnmnt="00210" Value="9"/>
<MapEntry BoolAssgnmnt="00211" Value="4"/>
<MapEntry BoolAssgnmnt="01002" Value="11"/>
<MapEntry BoolAssgnmnt="12222" Value="3"/>
<MapEntry BoolAssgnmnt="01122" Value="4"/>
</AssgnmntListEntry>
<AssgnmntListEntry Length="1" RootTermCovItemId="C19">
<MapEntry BoolAssgnmnt="1" Value="8"/>
</AssgnmntListEntry>
<AssgnmntListEntry Length="2" RootTermCovItemId="C2">
<MapEntry BoolAssgnmnt="02" Value="3"/>
</AssgnmntListEntry>
<AssgnmntListEntry Length="1" RootTermCovItemId="C20">
<MapEntry BoolAssgnmnt="0" Value="28"/>
<MapEntry BoolAssgnmnt="1" Value="3"/>
</AssgnmntListEntry>
<AssgnmntListEntry Length="1" RootTermCovItemId="C3">
<MapEntry BoolAssgnmnt="0" Value="8"/>
<MapEntry BoolAssgnmnt="1" Value="31"/>
</AssgnmntListEntry>
<AssgnmntListEntry Length="1" RootTermCovItemId="C5">
<MapEntry BoolAssgnmnt="0" Value="13"/>
<MapEntry BoolAssgnmnt="1" Value="18"/>
</AssgnmntListEntry>
<AssgnmntListEntry Length="1" RootTermCovItemId="C6">
<MapEntry BoolAssgnmnt="0" Value="8"/>
<MapEntry BoolAssgnmnt="1" Value="31"/>
</AssgnmntListEntry>
<AssgnmntListEntry Length="1" RootTermCovItemId="C7">
<MapEntry BoolAssgnmnt="0" Value="28"/>
<MapEntry BoolAssgnmnt="1" Value="3"/>
</AssgnmntListEntry>
<AssgnmntListEntry Length="1" RootTermCovItemId="C8">
<MapEntry BoolAssgnmnt="1" Value="31"/>
</AssgnmntListEntry>
<AssgnmntListEntry Length="1" RootTermCovItemId="C9">
<MapEntry BoolAssgnmnt="0" Value="31"/>
</AssgnmntListEntry>
</AssgnmntPrefix>
<AssgnmntPrefix RootTermCovItemPrefix="com.OriginalFiles.RemoteNXTFunctions.java">
<AssgnmntListEntry Length="1" RootTermCovItemId="C10">
<MapEntry BoolAssgnmnt="0" Value="4"/>
</AssgnmntListEntry>
<AssgnmntListEntry Length="1" RootTermCovItemId="C14">
<MapEntry BoolAssgnmnt="0" Value="4"/>
</AssgnmntListEntry>
<AssgnmntListEntry Length="1" RootTermCovItemId="C18">
<MapEntry BoolAssgnmnt="0" Value="2"/>
<MapEntry BoolAssgnmnt="1" Value="2"/>
</AssgnmntListEntry>
<AssgnmntListEntry Length="2" RootTermCovItemId="C19">
<MapEntry BoolAssgnmnt="02" Value="2"/>
</AssgnmntListEntry>
<AssgnmntListEntry Length="2" RootTermCovItemId="C20">
<MapEntry BoolAssgnmnt="02" Value="1"/>
<MapEntry BoolAssgnmnt="11" Value="1"/>
</AssgnmntListEntry>
<AssgnmntListEntry Length="1" RootTermCovItemId="C21">
<MapEntry BoolAssgnmnt="1" Value="1"/>
</AssgnmntListEntry>
<AssgnmntListEntry Length="1" RootTermCovItemId="C22">
<MapEntry BoolAssgnmnt="1" Value="2"/>
</AssgnmntListEntry>
<AssgnmntListEntry Length="2" RootTermCovItemId="C23">
<MapEntry BoolAssgnmnt="02" Value="1"/>
<MapEntry BoolAssgnmnt="11" Value="1"/>
</AssgnmntListEntry>
<AssgnmntListEntry Length="2" RootTermCovItemId="C24">
<MapEntry BoolAssgnmnt="02" Value="1"/>
</AssgnmntListEntry>
<AssgnmntListEntry Length="2" RootTermCovItemId="C25">
<MapEntry BoolAssgnmnt="11" Value="1"/>
</AssgnmntListEntry>
<AssgnmntListEntry Length="1" RootTermCovItemId="C5">
<MapEntry BoolAssgnmnt="0" Value="4"/>
<MapEntry BoolAssgnmnt="1" Value="32"/>
</AssgnmntListEntry>
<AssgnmntListEntry Length="2" RootTermCovItemId="C6">
<MapEntry BoolAssgnmnt="11" Value="32"/>
</AssgnmntListEntry>
</AssgnmntPrefix>
</AssgnmntList>
<ObjMetaDataList/>
<MetaDataList/>
</TestCase>
<TestCase Comment="" Date="1386064083432" Name="com.Testing.AnalyzeTest:testCheckForUpgradeKing">
<CovList>
<CovPrefix CovItemPrefix="com.OriginalFiles.Analyze.java">
<Cov CovItemId="B1" Value="30"/>
<Cov CovItemId="B10" Value="30"/>
<Cov CovItemId="B101" Value="8"/>
<Cov CovItemId="B107" Value="33"/>
<Cov CovItemId="B108" Value="117"/>
<Cov CovItemId="B109" Value="11"/>
<Cov CovItemId="B11" Value="30"/>
<Cov CovItemId="B110" Value="106"/>
<Cov CovItemId="B111" Value="21"/>
<Cov CovItemId="B112" Value="85"/>
<Cov CovItemId="B113" Value="2"/>
<Cov CovItemId="B114" Value="83"/>
<Cov CovItemId="B115" Value="59"/>
<Cov CovItemId="B120" Value="132"/>
<Cov CovItemId="B121" Value="3644"/>
<Cov CovItemId="B122" Value="66"/>
<Cov CovItemId="B123" Value="66"/>
<Cov CovItemId="B124" Value="66"/>
<Cov CovItemId="B126" Value="66"/>
<Cov CovItemId="B127" Value="66"/>
<Cov CovItemId="B128" Value="66"/>
<Cov CovItemId="B13" Value="23"/>
<Cov CovItemId="B131" Value="59"/>
<Cov CovItemId="B133" Value="59"/>
<Cov CovItemId="B134" Value="52"/>
<Cov CovItemId="B135" Value="7"/>
<Cov CovItemId="B136" Value="42"/>
<Cov CovItemId="B137" Value="10"/>
<Cov CovItemId="B139" Value="42"/>
<Cov CovItemId="B14" Value="7"/>
<Cov CovItemId="B157" Value="84"/>
<Cov CovItemId="B16" Value="23"/>
<Cov CovItemId="B17" Value="22"/>
<Cov CovItemId="B19" Value="7"/>
<Cov CovItemId="B20" Value="22"/>
<Cov CovItemId="B21" Value="3"/>
<Cov CovItemId="B22" Value="4"/>
<Cov CovItemId="B23" Value="3"/>
<Cov CovItemId="B24" Value="1"/>
<Cov CovItemId="B26" Value="23"/>
<Cov CovItemId="B3" Value="29"/>
<Cov CovItemId="B31" Value="22"/>
<Cov CovItemId="B33" Value="23"/>
<Cov CovItemId="B35" Value="11"/>
<Cov CovItemId="B36" Value="12"/>
<Cov CovItemId="B37" Value="11"/>
<Cov CovItemId="B39" Value="2"/>
<Cov CovItemId="B40" Value="10"/>
<Cov CovItemId="B41" Value="2"/>
<Cov CovItemId="B43" Value="10"/>
<Cov CovItemId="B46" Value="10"/>
<Cov CovItemId="B49" Value="10"/>
<Cov CovItemId="B5" Value="2"/>
<Cov CovItemId="B51" Value="10"/>
<Cov CovItemId="B53" Value="23"/>
<Cov CovItemId="B55" Value="21"/>
<Cov CovItemId="B56" Value="2"/>
<Cov CovItemId="B57" Value="21"/>
<Cov CovItemId="B58" Value="2"/>
<Cov CovItemId="B59" Value="23"/>
<Cov CovItemId="B6" Value="28"/>
<Cov CovItemId="B61" Value="65"/>
<Cov CovItemId="B62" Value="23"/>
<Cov CovItemId="B64" Value="88"/>
<Cov CovItemId="B7" Value="60"/>
<Cov CovItemId="B8" Value="1860"/>
<Cov CovItemId="B83" Value="3"/>
<Cov CovItemId="B84" Value="30"/>
<Cov CovItemId="B85" Value="1"/>
<Cov CovItemId="B86" Value="2"/>
<Cov CovItemId="B87" Value="1"/>
<Cov CovItemId="B9" Value="30"/>
<Cov CovItemId="B90" Value="2"/>
<Cov CovItemId="B91" Value="1"/>
<Cov CovItemId="B92" Value="9"/>
<Cov CovItemId="B93" Value="1"/>
<Cov CovItemId="B94" Value="8"/>
<Cov CovItemId="B95" Value="1"/>
<Cov CovItemId="B96" Value="28"/>
<Cov CovItemId="B97" Value="1"/>
<Cov CovItemId="B99" Value="1"/>
<Cov CovItemId="L1-2" Value="30"/>
<Cov CovItemId="L11-1" Value="1"/>
<Cov CovItemId="L11-2" Value="1"/>
<Cov CovItemId="L12-1" Value="1"/>
<Cov CovItemId="L13-1" Value="1"/>
<Cov CovItemId="L14-1" Value="1"/>
<Cov CovItemId="L15-2" Value="1"/>
<Cov CovItemId="L16-2" Value="59"/>
<Cov CovItemId="L17-2" Value="472"/>
<Cov CovItemId="L2-2" Value="240"/>
<Cov CovItemId="L3-1" Value="30"/>
<Cov CovItemId="L4-2" Value="23"/>
<Cov CovItemId="S10" Value="30"/>
<Cov CovItemId="S11" Value="29"/>
<Cov CovItemId="S12" Value="29"/>
<Cov CovItemId="S13" Value="29"/>
<Cov CovItemId="S14" Value="29"/>
<Cov CovItemId="S149" Value="33"/>
<Cov CovItemId="S15" Value="29"/>
<Cov CovItemId="S150" Value="3"/>
<Cov CovItemId="S151" Value="1"/>
<Cov CovItemId="S152" Value="1"/>
<Cov CovItemId="S153" Value="1"/>
<Cov CovItemId="S154" Value="1"/>
<Cov CovItemId="S155" Value="2"/>
<Cov CovItemId="S158" Value="2"/>
<Cov CovItemId="S159" Value="2"/>
<Cov CovItemId="S160" Value="2"/>
<Cov CovItemId="S161" Value="10"/>
<Cov CovItemId="S162" Value="1"/>
<Cov CovItemId="S163" Value="9"/>
<Cov CovItemId="S164" Value="1"/>
<Cov CovItemId="S165" Value="1"/>
<Cov CovItemId="S166" Value="1"/>
<Cov CovItemId="S167" Value="9"/>
<Cov CovItemId="S168" Value="29"/>
<Cov CovItemId="S169" Value="1"/>
<Cov CovItemId="S17" Value="30"/>
<Cov CovItemId="S170" Value="1"/>
<Cov CovItemId="S171" Value="1"/>
<Cov CovItemId="S172" Value="1"/>
<Cov CovItemId="S173" Value="1"/>
<Cov CovItemId="S174" Value="1"/>
<Cov CovItemId="S175" Value="1"/>
<Cov CovItemId="S176" Value="1"/>
<Cov CovItemId="S177" Value="1"/>
<Cov CovItemId="S178" Value="1"/>
<Cov CovItemId="S179" Value="1"/>
<Cov CovItemId="S18" Value="30"/>
<Cov CovItemId="S183" Value="1"/>
<Cov CovItemId="S184" Value="1"/>
<Cov CovItemId="S185" Value="8"/>
<Cov CovItemId="S186" Value="8"/>
<Cov CovItemId="S187" Value="8"/>
<Cov CovItemId="S188" Value="1"/>
<Cov CovItemId="S19" Value="2"/>
<Cov CovItemId="S199" Value="150"/>
<Cov CovItemId="S20" Value="2"/>
<Cov CovItemId="S200" Value="150"/>
<Cov CovItemId="S201" Value="150"/>
<Cov CovItemId="S202" Value="150"/>
<Cov CovItemId="S203" Value="150"/>
<Cov CovItemId="S204" Value="33"/>
<Cov CovItemId="S205" Value="117"/>
<Cov CovItemId="S206" Value="11"/>
<Cov CovItemId="S207" Value="106"/>
<Cov CovItemId="S208" Value="21"/>
<Cov CovItemId="S209" Value="85"/>
<Cov CovItemId="S21" Value="30"/>
<Cov CovItemId="S210" Value="2"/>
<Cov CovItemId="S211" Value="83"/>
<Cov CovItemId="S212" Value="59"/>
<Cov CovItemId="S213" Value="59"/>
<Cov CovItemId="S22" Value="30"/>
<Cov CovItemId="S221" Value="59"/>
<Cov CovItemId="S222" Value="59"/>
<Cov CovItemId="S223" Value="59"/>
<Cov CovItemId="S224" Value="59"/>
<Cov CovItemId="S225" Value="59"/>
<Cov CovItemId="S226" Value="59"/>
<Cov CovItemId="S227" Value="472"/>
<Cov CovItemId="S228" Value="3776"/>
<Cov CovItemId="S229" Value="132"/>
<Cov CovItemId="S23" Value="240"/>
<Cov CovItemId="S230" Value="66"/>
<Cov CovItemId="S231" Value="66"/>
<Cov CovItemId="S232" Value="66"/>
<Cov CovItemId="S233" Value="132"/>
<Cov CovItemId="S234" Value="66"/>
<Cov CovItemId="S235" Value="66"/>
<Cov CovItemId="S236" Value="66"/>
<Cov CovItemId="S237" Value="59"/>
<Cov CovItemId="S239" Value="59"/>
<Cov CovItemId="S24" Value="1920"/>
<Cov CovItemId="S241" Value="59"/>
<Cov CovItemId="S242" Value="52"/>
<Cov CovItemId="S243" Value="42"/>
<Cov CovItemId="S244" Value="42"/>
<Cov CovItemId="S245" Value="42"/>
<Cov CovItemId="S25" Value="60"/>
<Cov CovItemId="S250" Value="59"/>
<Cov CovItemId="S26" Value="30"/>
<Cov CovItemId="S267" Value="84"/>
<Cov CovItemId="S269" Value="84"/>
<Cov CovItemId="S27" Value="30"/>
<Cov CovItemId="S28" Value="30"/>
<Cov CovItemId="S29" Value="30"/>
<Cov CovItemId="S30" Value="30"/>
<Cov CovItemId="S31" Value="30"/>
<Cov CovItemId="S32" Value="30"/>
<Cov CovItemId="S33" Value="30"/>
<Cov CovItemId="S34" Value="30"/>
<Cov CovItemId="S35" Value="23"/>
<Cov CovItemId="S37" Value="23"/>
<Cov CovItemId="S38" Value="22"/>
<Cov CovItemId="S39" Value="7"/>
<Cov CovItemId="S40" Value="29"/>
<Cov CovItemId="S41" Value="7"/>
<Cov CovItemId="S42" Value="3"/>
<Cov CovItemId="S43" Value="3"/>
<Cov CovItemId="S44" Value="3"/>
<Cov CovItemId="S45" Value="4"/>
<Cov CovItemId="S46" Value="3"/>
<Cov CovItemId="S47" Value="3"/>
<Cov CovItemId="S48" Value="3"/>
<Cov CovItemId="S49" Value="3"/>
<Cov CovItemId="S50" Value="1"/>
<Cov CovItemId="S51" Value="23"/>
<Cov CovItemId="S52" Value="23"/>
<Cov CovItemId="S57" Value="23"/>
<Cov CovItemId="S58" Value="22"/>
<Cov CovItemId="S59" Value="22"/>
<Cov CovItemId="S6" Value="30"/>
<Cov CovItemId="S60" Value="23"/>
<Cov CovItemId="S61" Value="23"/>
<Cov CovItemId="S62" Value="11"/>
<Cov CovItemId="S63" Value="11"/>
<Cov CovItemId="S64" Value="11"/>
<Cov CovItemId="S66" Value="12"/>
<Cov CovItemId="S67" Value="2"/>
<Cov CovItemId="S68" Value="2"/>
<Cov CovItemId="S69" Value="1"/>
<Cov CovItemId="S7" Value="30"/>
<Cov CovItemId="S71" Value="10"/>
<Cov CovItemId="S72" Value="10"/>
<Cov CovItemId="S77" Value="10"/>
<Cov CovItemId="S78" Value="10"/>
<Cov CovItemId="S79" Value="10"/>
<Cov CovItemId="S8" Value="30"/>
<Cov CovItemId="S80" Value="10"/>
<Cov CovItemId="S83" Value="23"/>
<Cov CovItemId="S84" Value="23"/>
<Cov CovItemId="S85" Value="23"/>
<Cov CovItemId="S86" Value="23"/>
<Cov CovItemId="S87" Value="21"/>
<Cov CovItemId="S88" Value="23"/>
<Cov CovItemId="S89" Value="21"/>
<Cov CovItemId="S9" Value="30"/>
<Cov CovItemId="S90" Value="23"/>
<Cov CovItemId="S91" Value="23"/>
<Cov CovItemId="S92" Value="23"/>
<Cov CovItemId="S93" Value="23"/>
<Cov CovItemId="S94" Value="88"/>
<Cov CovItemId="S95" Value="65"/>
<Cov CovItemId="S96" Value="88"/>
<Cov CovItemId="S98" Value="23"/>
</CovPrefix>
<CovPrefix CovItemPrefix="com.OriginalFiles.Board.java">
<Cov CovItemId="B28" Value="65"/>
<Cov CovItemId="B31" Value="33"/>
<Cov CovItemId="B33" Value="24"/>
<Cov CovItemId="B34" Value="9"/>
<Cov CovItemId="B35" Value="3"/>
<Cov CovItemId="B36" Value="30"/>
<Cov CovItemId="B37" Value="33"/>
<Cov CovItemId="B38" Value="1"/>
<Cov CovItemId="B39" Value="85"/>
<Cov CovItemId="B41" Value="912"/>
<Cov CovItemId="B42" Value="77"/>
<Cov CovItemId="B44" Value="268"/>
<Cov CovItemId="B45" Value="222"/>
<Cov CovItemId="B46" Value="46"/>
<Cov CovItemId="B47" Value="237"/>
<Cov CovItemId="B48" Value="31"/>
<Cov CovItemId="B49" Value="199"/>
<Cov CovItemId="B50" Value="69"/>
<Cov CovItemId="B51" Value="199"/>
<Cov CovItemId="B53" Value="199"/>
<Cov CovItemId="B55" Value="138"/>
<Cov CovItemId="B56" Value="934"/>
<Cov CovItemId="B57" Value="680"/>
<Cov CovItemId="B58" Value="254"/>
<Cov CovItemId="B59" Value="680"/>
<Cov CovItemId="B62" Value="680"/>
<Cov CovItemId="B63" Value="3808"/>
<Cov CovItemId="B64" Value="3808"/>
<Cov CovItemId="B65" Value="268"/>
<Cov CovItemId="B66" Value="3540"/>
<Cov CovItemId="B67" Value="134"/>
<Cov CovItemId="B68" Value="134"/>
<Cov CovItemId="B71" Value="4"/>
<Cov CovItemId="B72" Value="4"/>
<Cov CovItemId="B73" Value="16"/>
<Cov CovItemId="B74" Value="16"/>
<Cov CovItemId="B75" Value="16"/>
<Cov CovItemId="B76" Value="16"/>
<Cov CovItemId="B77" Value="28"/>
<Cov CovItemId="B78" Value="4"/>
<Cov CovItemId="B79" Value="1373"/>
<Cov CovItemId="B81" Value="628"/>
<Cov CovItemId="B82" Value="745"/>
<Cov CovItemId="B83" Value="245"/>
<Cov CovItemId="B84" Value="556"/>
<Cov CovItemId="B85" Value="168"/>
<Cov CovItemId="B86" Value="388"/>
<Cov CovItemId="L10-2" Value="1904"/>
<Cov CovItemId="L11-1" Value="30"/>
<Cov CovItemId="L12-0" Value="30"/>
<Cov CovItemId="L13-2" Value="119"/>
<Cov CovItemId="L14-2" Value="952"/>
<Cov CovItemId="L15-2" Value="1"/>
<Cov CovItemId="L16-2" Value="4"/>
<Cov CovItemId="L17-2" Value="4"/>
<Cov CovItemId="L9-2" Value="238"/>
<Cov CovItemId="S100" Value="24"/>
<Cov CovItemId="S101" Value="9"/>
<Cov CovItemId="S102" Value="33"/>
<Cov CovItemId="S103" Value="3"/>
<Cov CovItemId="S104" Value="30"/>
<Cov CovItemId="S105" Value="23"/>
<Cov CovItemId="S106" Value="34"/>
<Cov CovItemId="S107" Value="34"/>
<Cov CovItemId="S108" Value="34"/>
<Cov CovItemId="S109" Value="33"/>
<Cov CovItemId="S110" Value="55"/>
<Cov CovItemId="S111" Value="85"/>
<Cov CovItemId="S112" Value="85"/>
<Cov CovItemId="S113" Value="85"/>
<Cov CovItemId="S115" Value="989"/>
<Cov CovItemId="S116" Value="912"/>
<Cov CovItemId="S117" Value="77"/>
<Cov CovItemId="S118" Value="268"/>
<Cov CovItemId="S119" Value="268"/>
<Cov CovItemId="S121" Value="268"/>
<Cov CovItemId="S122" Value="268"/>
<Cov CovItemId="S123" Value="268"/>
<Cov CovItemId="S124" Value="268"/>
<Cov CovItemId="S125" Value="222"/>
<Cov CovItemId="S126" Value="268"/>
<Cov CovItemId="S127" Value="237"/>
<Cov CovItemId="S128" Value="268"/>
<Cov CovItemId="S129" Value="199"/>
<Cov CovItemId="S130" Value="199"/>
<Cov CovItemId="S131" Value="199"/>
<Cov CovItemId="S132" Value="199"/>
<Cov CovItemId="S133" Value="268"/>
<Cov CovItemId="S134" Value="268"/>
<Cov CovItemId="S135" Value="1072"/>
<Cov CovItemId="S136" Value="138"/>
<Cov CovItemId="S137" Value="934"/>
<Cov CovItemId="S138" Value="680"/>
<Cov CovItemId="S139" Value="680"/>
<Cov CovItemId="S141" Value="934"/>
<Cov CovItemId="S142" Value="1072"/>
<Cov CovItemId="S143" Value="119"/>
<Cov CovItemId="S144" Value="119"/>
<Cov CovItemId="S145" Value="952"/>
<Cov CovItemId="S146" Value="7616"/>
<Cov CovItemId="S147" Value="3808"/>
<Cov CovItemId="S148" Value="268"/>
<Cov CovItemId="S149" Value="134"/>
<Cov CovItemId="S150" Value="134"/>
<Cov CovItemId="S151" Value="119"/>
<Cov CovItemId="S157" Value="1"/>
<Cov CovItemId="S158" Value="1"/>
<Cov CovItemId="S159" Value="8"/>
<Cov CovItemId="S160" Value="4"/>
<Cov CovItemId="S161" Value="32"/>
<Cov CovItemId="S162" Value="16"/>
<Cov CovItemId="S163" Value="4"/>
<Cov CovItemId="S164" Value="4"/>
<Cov CovItemId="S165" Value="32"/>
<Cov CovItemId="S166" Value="16"/>
<Cov CovItemId="S167" Value="4"/>
<Cov CovItemId="S168" Value="1"/>
<Cov CovItemId="S169" Value="32"/>
<Cov CovItemId="S170" Value="32"/>
<Cov CovItemId="S171" Value="28"/>
<Cov CovItemId="S172" Value="4"/>
<Cov CovItemId="S173" Value="4"/>
<Cov CovItemId="S174" Value="4"/>
<Cov CovItemId="S175" Value="4"/>
<Cov CovItemId="S176" Value="1373"/>
<Cov CovItemId="S177" Value="1373"/>
<Cov CovItemId="S178" Value="628"/>
<Cov CovItemId="S179" Value="745"/>
<Cov CovItemId="S180" Value="801"/>
<Cov CovItemId="S181" Value="245"/>
<Cov CovItemId="S182" Value="556"/>
<Cov CovItemId="S183" Value="168"/>
<Cov CovItemId="S184" Value="388"/>
<Cov CovItemId="S185" Value="3712"/>
<Cov CovItemId="S61" Value="238"/>
<Cov CovItemId="S62" Value="1904"/>
<Cov CovItemId="S63" Value="15232"/>
<Cov CovItemId="S64" Value="30"/>
<Cov CovItemId="S65" Value="30"/>
<Cov CovItemId="S66" Value="30"/>
<Cov CovItemId="S67" Value="30"/>
<Cov CovItemId="S68" Value="30"/>
<Cov CovItemId="S76" Value="30"/>
<Cov CovItemId="S77" Value="30"/>
<Cov CovItemId="S94" Value="65"/>
<Cov CovItemId="S97" Value="65"/>
<Cov CovItemId="S98" Value="33"/>
<Cov CovItemId="S99" Value="33"/>
</CovPrefix>
<CovPrefix CovItemPrefix="com.OriginalFiles.Field.java">
<Cov CovItemId="B1" Value="80"/>
<Cov CovItemId="B2" Value="45"/>
<Cov CovItemId="S1" Value="88"/>
<Cov CovItemId="S13" Value="418"/>
<Cov CovItemId="S2" Value="88"/>
<Cov CovItemId="S5" Value="125"/>
<Cov CovItemId="S6" Value="125"/>
<Cov CovItemId="S7" Value="80"/>
<Cov CovItemId="S8" Value="6296"/>
<Cov CovItemId="S9" Value="8157"/>
</CovPrefix>
<CovPrefix CovItemPrefix="com.OriginalFiles.Move.java">
<Cov CovItemId="S1" Value="2"/>
<Cov CovItemId="S2" Value="2"/>
<Cov CovItemId="S3" Value="2"/>
<Cov CovItemId="S4" Value="2"/>
<Cov CovItemId="S5" Value="2"/>
<Cov CovItemId="S6" Value="2"/>
<Cov CovItemId="S7" Value="2"/>
</CovPrefix>
<CovPrefix CovItemPrefix="com.OriginalFiles.Piece.java">
<Cov CovItemId="B1" Value="35"/>
<Cov CovItemId="B10" Value="34"/>
<Cov CovItemId="B11" Value="81"/>
<Cov CovItemId="B12" Value="9"/>
<Cov CovItemId="B13" Value="35"/>
<Cov CovItemId="B14" Value="46"/>
<Cov CovItemId="B15" Value="81"/>
<Cov CovItemId="B18" Value="81"/>
<Cov CovItemId="B2" Value="55"/>
<Cov CovItemId="B3" Value="19"/>
<Cov CovItemId="B33" Value="13"/>
<Cov CovItemId="B34" Value="68"/>
<Cov CovItemId="B35" Value="8"/>
<Cov CovItemId="B36" Value="73"/>
<Cov CovItemId="B37" Value="8"/>
<Cov CovItemId="B39" Value="35"/>
<Cov CovItemId="B4" Value="16"/>
<Cov CovItemId="B40" Value="46"/>
<Cov CovItemId="B5" Value="81"/>
<Cov CovItemId="B6" Value="9"/>
<Cov CovItemId="B9" Value="47"/>
<Cov CovItemId="S1" Value="46"/>
<Cov CovItemId="S10" Value="46"/>
<Cov CovItemId="S11" Value="46"/>
<Cov CovItemId="S12" Value="46"/>
<Cov CovItemId="S13" Value="46"/>
<Cov CovItemId="S14" Value="46"/>
<Cov CovItemId="S15" Value="46"/>
<Cov CovItemId="S16" Value="46"/>
<Cov CovItemId="S17" Value="46"/>
<Cov CovItemId="S18" Value="46"/>
<Cov CovItemId="S19" Value="46"/>
<Cov CovItemId="S2" Value="46"/>
<Cov CovItemId="S20" Value="46"/>
<Cov CovItemId="S21" Value="46"/>
<Cov CovItemId="S23" Value="336"/>
<Cov CovItemId="S24" Value="90"/>
<Cov CovItemId="S25" Value="90"/>
<Cov CovItemId="S26" Value="90"/>
<Cov CovItemId="S27" Value="35"/>
<Cov CovItemId="S28" Value="19"/>
<Cov CovItemId="S29" Value="35"/>
<Cov CovItemId="S3" Value="46"/>
<Cov CovItemId="S30" Value="55"/>
<Cov CovItemId="S31" Value="90"/>
<Cov CovItemId="S32" Value="90"/>
<Cov CovItemId="S33" Value="81"/>
<Cov CovItemId="S34" Value="9"/>
<Cov CovItemId="S35" Value="9"/>
<Cov CovItemId="S39" Value="81"/>
<Cov CovItemId="S4" Value="46"/>
<Cov CovItemId="S40" Value="47"/>
<Cov CovItemId="S41" Value="34"/>
<Cov CovItemId="S42" Value="90"/>
<Cov CovItemId="S43" Value="90"/>
<Cov CovItemId="S44" Value="81"/>
<Cov CovItemId="S45" Value="81"/>
<Cov CovItemId="S46" Value="81"/>
<Cov CovItemId="S47" Value="35"/>
<Cov CovItemId="S48" Value="81"/>
<Cov CovItemId="S49" Value="81"/>
<Cov CovItemId="S5" Value="46"/>
<Cov CovItemId="S50" Value="81"/>
<Cov CovItemId="S6" Value="46"/>
<Cov CovItemId="S65" Value="81"/>
<Cov CovItemId="S66" Value="13"/>
<Cov CovItemId="S67" Value="81"/>
<Cov CovItemId="S68" Value="8"/>
<Cov CovItemId="S69" Value="8"/>
<Cov CovItemId="S7" Value="46"/>
<Cov CovItemId="S70" Value="8"/>
<Cov CovItemId="S71" Value="81"/>
<Cov CovItemId="S72" Value="35"/>
<Cov CovItemId="S73" Value="81"/>
<Cov CovItemId="S8" Value="46"/>
<Cov CovItemId="S9" Value="46"/>
</CovPrefix>
<CovPrefix CovItemPrefix="com.OriginalFiles.RemoteNXTFunctions.java">
<Cov CovItemId="B10" Value="38"/>
<Cov CovItemId="B104" Value="78"/>
<Cov CovItemId="B11" Value="1"/>
<Cov CovItemId="B114" Value="78"/>
<Cov CovItemId="B12" Value="37"/>
<Cov CovItemId="B124" Value="78"/>
<Cov CovItemId="B13" Value="10"/>
<Cov CovItemId="B133" Value="6"/>
<Cov CovItemId="B134" Value="72"/>
<Cov CovItemId="B135" Value="2"/>
<Cov CovItemId="B136" Value="4"/>
<Cov CovItemId="B137" Value="2"/>
<Cov CovItemId="B138" Value="2"/>
<Cov CovItemId="B14" Value="27"/>
<Cov CovItemId="B140" Value="2"/>
<Cov CovItemId="B142" Value="72"/>
<Cov CovItemId="B15" Value="22"/>
<Cov CovItemId="B16" Value="56"/>
<Cov CovItemId="B17" Value="11"/>
<Cov CovItemId="B18" Value="11"/>
<Cov CovItemId="B19" Value="11"/>
<Cov CovItemId="B2" Value="2"/>
<Cov CovItemId="B23" Value="50"/>
<Cov CovItemId="B24" Value="28"/>
<Cov CovItemId="B25" Value="10"/>
<Cov CovItemId="B26" Value="40"/>
<Cov CovItemId="B27" Value="10"/>
<Cov CovItemId="B28" Value="30"/>
<Cov CovItemId="B30" Value="30"/>
<Cov CovItemId="B32" Value="78"/>
<Cov CovItemId="B4" Value="2"/>
<Cov CovItemId="B40" Value="78"/>
<Cov CovItemId="B5" Value="72"/>
<Cov CovItemId="B50" Value="78"/>
<Cov CovItemId="B56" Value="78"/>
<Cov CovItemId="B6" Value="78"/>
<Cov CovItemId="B62" Value="78"/>
<Cov CovItemId="B7" Value="33"/>
<Cov CovItemId="B70" Value="78"/>
<Cov CovItemId="B78" Value="78"/>
<Cov CovItemId="B8" Value="39"/>
<Cov CovItemId="B86" Value="78"/>
<Cov CovItemId="B9" Value="1"/>
<Cov CovItemId="B94" Value="78"/>
<Cov CovItemId="L1-1" Value="2"/>
<Cov CovItemId="L2-0" Value="2"/>
<Cov CovItemId="S10" Value="2"/>
<Cov CovItemId="S100" Value="78"/>
<Cov CovItemId="S108" Value="78"/>
<Cov CovItemId="S118" Value="78"/>
<Cov CovItemId="S12" Value="2"/>
<Cov CovItemId="S128" Value="78"/>
<Cov CovItemId="S138" Value="78"/>
<Cov CovItemId="S14" Value="2"/>
<Cov CovItemId="S148" Value="78"/>
<Cov CovItemId="S149" Value="6"/>
<Cov CovItemId="S15" Value="2"/>
<Cov CovItemId="S150" Value="2"/>
<Cov CovItemId="S151" Value="4"/>
<Cov CovItemId="S152" Value="2"/>
<Cov CovItemId="S153" Value="2"/>
<Cov CovItemId="S155" Value="2"/>
<Cov CovItemId="S156" Value="72"/>
<Cov CovItemId="S162" Value="150"/>
<Cov CovItemId="S17" Value="2"/>
<Cov CovItemId="S18" Value="2"/>
<Cov CovItemId="S19" Value="150"/>
<Cov CovItemId="S20" Value="150"/>
<Cov CovItemId="S21" Value="72"/>
<Cov CovItemId="S22" Value="33"/>
<Cov CovItemId="S23" Value="39"/>
<Cov CovItemId="S24" Value="1"/>
<Cov CovItemId="S25" Value="38"/>
<Cov CovItemId="S26" Value="1"/>
<Cov CovItemId="S27" Value="37"/>
<Cov CovItemId="S28" Value="10"/>
<Cov CovItemId="S29" Value="27"/>
<Cov CovItemId="S30" Value="78"/>
<Cov CovItemId="S31" Value="22"/>
<Cov CovItemId="S32" Value="11"/>
<Cov CovItemId="S33" Value="11"/>
<Cov CovItemId="S34" Value="11"/>
<Cov CovItemId="S38" Value="78"/>
<Cov CovItemId="S39" Value="50"/>
<Cov CovItemId="S4" Value="5"/>
<Cov CovItemId="S40" Value="10"/>
<Cov CovItemId="S41" Value="40"/>
<Cov CovItemId="S42" Value="10"/>
<Cov CovItemId="S43" Value="30"/>
<Cov CovItemId="S45" Value="30"/>
<Cov CovItemId="S46" Value="78"/>
<Cov CovItemId="S5" Value="1"/>
<Cov CovItemId="S54" Value="78"/>
<Cov CovItemId="S6" Value="2"/>
<Cov CovItemId="S64" Value="78"/>
<Cov CovItemId="S7" Value="2"/>
<Cov CovItemId="S70" Value="78"/>
<Cov CovItemId="S76" Value="78"/>
<Cov CovItemId="S8" Value="2"/>
<Cov CovItemId="S84" Value="78"/>
<Cov CovItemId="S9" Value="2"/>
<Cov CovItemId="S92" Value="78"/>
</CovPrefix>
</CovList>
<AssgnmntList>
<AssgnmntPrefix RootTermCovItemPrefix="com.OriginalFiles.Analyze.java">
<AssgnmntListEntry Length="1" RootTermCovItemId="C1">
<MapEntry BoolAssgnmnt="0" Value="30"/>
</AssgnmntListEntry>
<AssgnmntListEntry Length="1" RootTermCovItemId="C10">
<MapEntry BoolAssgnmnt="0" Value="7"/>
<MapEntry BoolAssgnmnt="1" Value="22"/>
</AssgnmntListEntry>
<AssgnmntListEntry Length="1" RootTermCovItemId="C11">
<MapEntry BoolAssgnmnt="0" Value="4"/>
<MapEntry BoolAssgnmnt="1" Value="3"/>
</AssgnmntListEntry>
<AssgnmntListEntry Length="1" RootTermCovItemId="C12">
<MapEntry BoolAssgnmnt="0" Value="1"/>
<MapEntry BoolAssgnmnt="1" Value="3"/>
</AssgnmntListEntry>
<AssgnmntListEntry Length="1" RootTermCovItemId="C13">
<MapEntry BoolAssgnmnt="0" Value="23"/>
</AssgnmntListEntry>
<AssgnmntListEntry Length="1" RootTermCovItemId="C16">
<MapEntry BoolAssgnmnt="1" Value="22"/>
</AssgnmntListEntry>
<AssgnmntListEntry Length="1" RootTermCovItemId="C17">
<MapEntry BoolAssgnmnt="1" Value="23"/>
</AssgnmntListEntry>
<AssgnmntListEntry Length="1" RootTermCovItemId="C18">
<MapEntry BoolAssgnmnt="0" Value="12"/>
<MapEntry BoolAssgnmnt="1" Value="11"/>
</AssgnmntListEntry>
<AssgnmntListEntry Length="1" RootTermCovItemId="C19">
<MapEntry BoolAssgnmnt="1" Value="11"/>
</AssgnmntListEntry>
<AssgnmntListEntry Length="1" RootTermCovItemId="C2">
<MapEntry BoolAssgnmnt="0" Value="29"/>
</AssgnmntListEntry>
<AssgnmntListEntry Length="1" RootTermCovItemId="C20">
<MapEntry BoolAssgnmnt="0" Value="10"/>
<MapEntry BoolAssgnmnt="1" Value="2"/>
</AssgnmntListEntry>
<AssgnmntListEntry Length="1" RootTermCovItemId="C21">
<MapEntry BoolAssgnmnt="1" Value="2"/>
</AssgnmntListEntry>
<AssgnmntListEntry Length="1" RootTermCovItemId="C22">
<MapEntry BoolAssgnmnt="1" Value="10"/>
</AssgnmntListEntry>
<AssgnmntListEntry Length="1" RootTermCovItemId="C23">
<MapEntry BoolAssgnmnt="0" Value="10"/>
</AssgnmntListEntry>
<AssgnmntListEntry Length="1" RootTermCovItemId="C25">
<MapEntry BoolAssgnmnt="1" Value="10"/>
</AssgnmntListEntry>
<AssgnmntListEntry Length="1" RootTermCovItemId="C26">
<MapEntry BoolAssgnmnt="1" Value="10"/>
</AssgnmntListEntry>
<AssgnmntListEntry Length="1" RootTermCovItemId="C27">
<MapEntry BoolAssgnmnt="1" Value="23"/>
</AssgnmntListEntry>
<AssgnmntListEntry Length="1" RootTermCovItemId="C28">
<MapEntry BoolAssgnmnt="0" Value="2"/>
<MapEntry BoolAssgnmnt="1" Value="21"/>
</AssgnmntListEntry>
<AssgnmntListEntry Length="1" RootTermCovItemId="C29">
<MapEntry BoolAssgnmnt="0" Value="2"/>
<MapEntry BoolAssgnmnt="1" Value="21"/>
</AssgnmntListEntry>
<AssgnmntListEntry Length="1" RootTermCovItemId="C3">
<MapEntry BoolAssgnmnt="0" Value="28"/>
<MapEntry BoolAssgnmnt="1" Value="2"/>
</AssgnmntListEntry>
<AssgnmntListEntry Length="1" RootTermCovItemId="C30">
<MapEntry BoolAssgnmnt="1" Value="23"/>
</AssgnmntListEntry>
<AssgnmntListEntry Length="1" RootTermCovItemId="C31">
<MapEntry BoolAssgnmnt="0" Value="23"/>
<MapEntry BoolAssgnmnt="1" Value="88"/>
</AssgnmntListEntry>
<AssgnmntListEntry Length="2" RootTermCovItemId="C32">
<MapEntry BoolAssgnmnt="10" Value="21"/>
<MapEntry BoolAssgnmnt="02" Value="44"/>
<MapEntry BoolAssgnmnt="11" Value="23"/>
</AssgnmntListEntry>
<AssgnmntListEntry Length="1" RootTermCovItemId="C33">
<MapEntry BoolAssgnmnt="1" Value="88"/>
</AssgnmntListEntry>
<AssgnmntListEntry Length="1" RootTermCovItemId="C4">
<MapEntry BoolAssgnmnt="0" Value="60"/>
<MapEntry BoolAssgnmnt="1" Value="1860"/>
</AssgnmntListEntry>
<AssgnmntListEntry Length="1" RootTermCovItemId="C49">
<MapEntry BoolAssgnmnt="0" Value="30"/>
<MapEntry BoolAssgnmnt="1" Value="3"/>
</AssgnmntListEntry>
<AssgnmntListEntry Length="2" RootTermCovItemId="C5">
<MapEntry BoolAssgnmnt="10" Value="30"/>
<MapEntry BoolAssgnmnt="11" Value="30"/>
</AssgnmntListEntry>
<AssgnmntListEntry Length="1" RootTermCovItemId="C50">
<MapEntry BoolAssgnmnt="0" Value="2"/>
<MapEntry BoolAssgnmnt="1" Value="1"/>
</AssgnmntListEntry>
<AssgnmntListEntry Length="1" RootTermCovItemId="C51">
<MapEntry BoolAssgnmnt="0" Value="1"/>
</AssgnmntListEntry>
<AssgnmntListEntry Length="1" RootTermCovItemId="C52">
<MapEntry BoolAssgnmnt="0" Value="2"/>
</AssgnmntListEntry>
<AssgnmntListEntry Length="1" RootTermCovItemId="C53">
<MapEntry BoolAssgnmnt="0" Value="10"/>
<MapEntry BoolAssgnmnt="1" Value="1"/>
</AssgnmntListEntry>
<AssgnmntListEntry Length="1" RootTermCovItemId="C54">
<MapEntry BoolAssgnmnt="0" Value="9"/>
<MapEntry BoolAssgnmnt="1" Value="1"/>
</AssgnmntListEntry>
<AssgnmntListEntry Length="1" RootTermCovItemId="C55">
<MapEntry BoolAssgnmnt="0" Value="1"/>
<MapEntry BoolAssgnmnt="1" Value="8"/>
</AssgnmntListEntry>
<AssgnmntListEntry Length="1" RootTermCovItemId="C56">
<MapEntry BoolAssgnmnt="0" Value="28"/>
<MapEntry BoolAssgnmnt="1" Value="1"/>
</AssgnmntListEntry>
<AssgnmntListEntry Length="1" RootTermCovItemId="C57">
<MapEntry BoolAssgnmnt="0" Value="1"/>
<MapEntry BoolAssgnmnt="1" Value="1"/>
</AssgnmntListEntry>
<AssgnmntListEntry Length="1" RootTermCovItemId="C58">
<MapEntry BoolAssgnmnt="1" Value="1"/>
</AssgnmntListEntry>
<AssgnmntListEntry Length="1" RootTermCovItemId="C59">
<MapEntry BoolAssgnmnt="1" Value="1"/>
</AssgnmntListEntry>
<AssgnmntListEntry Length="1" RootTermCovItemId="C6">
<MapEntry BoolAssgnmnt="1" Value="30"/>
</AssgnmntListEntry>
<AssgnmntListEntry Length="1" RootTermCovItemId="C60">
<MapEntry BoolAssgnmnt="1" Value="1"/>
</AssgnmntListEntry>
<AssgnmntListEntry Length="1" RootTermCovItemId="C61">
<MapEntry BoolAssgnmnt="1" Value="1"/>
</AssgnmntListEntry>
<AssgnmntListEntry Length="1" RootTermCovItemId="C62">
<MapEntry BoolAssgnmnt="0" Value="8"/>
<MapEntry BoolAssgnmnt="1" Value="1"/>
</AssgnmntListEntry>
<AssgnmntListEntry Length="1" RootTermCovItemId="C63">
<MapEntry BoolAssgnmnt="0" Value="8"/>
</AssgnmntListEntry>
<AssgnmntListEntry Length="6" RootTermCovItemId="C66">
<MapEntry BoolAssgnmnt="110222" Value="11"/>
<MapEntry BoolAssgnmnt="022222" Value="106"/>
<MapEntry BoolAssgnmnt="111111" Value="33"/>
</AssgnmntListEntry>
<AssgnmntListEntry Length="6" RootTermCovItemId="C67">
<MapEntry BoolAssgnmnt="022222" Value="106"/>
<MapEntry BoolAssgnmnt="111111" Value="11"/>
</AssgnmntListEntry>
<AssgnmntListEntry Length="6" RootTermCovItemId="C68">
<MapEntry BoolAssgnmnt="102222" Value="85"/>
<MapEntry BoolAssgnmnt="111111" Value="21"/>
</AssgnmntListEntry>
<AssgnmntListEntry Length="6" RootTermCovItemId="C69">
<MapEntry BoolAssgnmnt="102222" Value="83"/>
<MapEntry BoolAssgnmnt="111111" Value="2"/>
</AssgnmntListEntry>
<AssgnmntListEntry Length="1" RootTermCovItemId="C7">
<MapEntry BoolAssgnmnt="0" Value="7"/>
<MapEntry BoolAssgnmnt="1" Value="23"/>
</AssgnmntListEntry>
<AssgnmntListEntry Length="1" RootTermCovItemId="C70">
<MapEntry BoolAssgnmnt="0" Value="132"/>
<MapEntry BoolAssgnmnt="1" Value="3644"/>
</AssgnmntListEntry>
<AssgnmntListEntry Length="1" RootTermCovItemId="C71">
<MapEntry BoolAssgnmnt="0" Value="66"/>
<MapEntry BoolAssgnmnt="1" Value="66"/>
</AssgnmntListEntry>
<AssgnmntListEntry Length="1" RootTermCovItemId="C72">
<MapEntry BoolAssgnmnt="1" Value="66"/>
</AssgnmntListEntry>
<AssgnmntListEntry Length="1" RootTermCovItemId="C73">
<MapEntry BoolAssgnmnt="0" Value="66"/>
<MapEntry BoolAssgnmnt="1" Value="66"/>
</AssgnmntListEntry>
<AssgnmntListEntry Length="1" RootTermCovItemId="C74">
<MapEntry BoolAssgnmnt="1" Value="66"/>
</AssgnmntListEntry>
<AssgnmntListEntry Length="3" RootTermCovItemId="C75">
<MapEntry BoolAssgnmnt="012" Value="30"/>
<MapEntry BoolAssgnmnt="001" Value="29"/>
</AssgnmntListEntry>
<AssgnmntListEntry Length="3" RootTermCovItemId="C76">
<MapEntry BoolAssgnmnt="011" Value="30"/>
<MapEntry BoolAssgnmnt="002" Value="29"/>
</AssgnmntListEntry>
<AssgnmntListEntry Length="2" RootTermCovItemId="C77">
<MapEntry BoolAssgnmnt="02" Value="7"/>
<MapEntry BoolAssgnmnt="11" Value="52"/>
</AssgnmntListEntry>
<AssgnmntListEntry Length="2" RootTermCovItemId="C78">
<MapEntry BoolAssgnmnt="10" Value="7"/>
<MapEntry BoolAssgnmnt="02" Value="3"/>
<MapEntry BoolAssgnmnt="11" Value="42"/>
</AssgnmntListEntry>
<AssgnmntListEntry Length="2" RootTermCovItemId="C79">
<MapEntry BoolAssgnmnt="00" Value="42"/>
</AssgnmntListEntry>
<AssgnmntListEntry Length="2" RootTermCovItemId="C8">
<MapEntry BoolAssgnmnt="02" Value="23"/>
</AssgnmntListEntry>
<AssgnmntListEntry Length="1" RootTermCovItemId="C9">
<MapEntry BoolAssgnmnt="1" Value="22"/>
</AssgnmntListEntry>
<AssgnmntListEntry Length="8" RootTermCovItemId="C90">
<MapEntry BoolAssgnmnt="02020202" Value="84"/>
</AssgnmntListEntry>
</AssgnmntPrefix>
<AssgnmntPrefix RootTermCovItemPrefix="com.OriginalFiles.Board.java">
<AssgnmntListEntry Length="1" RootTermCovItemId="C14">
<MapEntry BoolAssgnmnt="0" Value="30"/>
<MapEntry BoolAssgnmnt="1" Value="30"/>
</AssgnmntListEntry>
<AssgnmntListEntry Length="1" RootTermCovItemId="C15">
<MapEntry BoolAssgnmnt="0" Value="30"/>
</AssgnmntListEntry>
<AssgnmntListEntry Length="1" RootTermCovItemId="C24">
<MapEntry BoolAssgnmnt="0" Value="65"/>
</AssgnmntListEntry>
<AssgnmntListEntry Length="1" RootTermCovItemId="C26">
<MapEntry BoolAssgnmnt="0" Value="33"/>
</AssgnmntListEntry>
<AssgnmntListEntry Length="1" RootTermCovItemId="C27">
<MapEntry BoolAssgnmnt="0" Value="9"/>
<MapEntry BoolAssgnmnt="1" Value="24"/>
</AssgnmntListEntry>
<AssgnmntListEntry Length="2" RootTermCovItemId="C28">
<MapEntry BoolAssgnmnt="10" Value="3"/>
<MapEntry BoolAssgnmnt="02" Value="21"/>
<MapEntry BoolAssgnmnt="11" Value="9"/>
</AssgnmntListEntry>
<AssgnmntListEntry Length="1" RootTermCovItemId="C29">
<MapEntry BoolAssgnmnt="0" Value="1"/>
<MapEntry BoolAssgnmnt="1" Value="33"/>
</AssgnmntListEntry>
<AssgnmntListEntry Length="1" RootTermCovItemId="C30">
<MapEntry BoolAssgnmnt="1" Value="85"/>
</AssgnmntListEntry>
<AssgnmntListEntry Length="1" RootTermCovItemId="C31">
<MapEntry BoolAssgnmnt="0" Value="77"/>
<MapEntry BoolAssgnmnt="1" Value="912"/>
</AssgnmntListEntry>
<AssgnmntListEntry Length="1" RootTermCovItemId="C32">
<MapEntry BoolAssgnmnt="0" Value="268"/>
</AssgnmntListEntry>
<AssgnmntListEntry Length="1" RootTermCovItemId="C33">
<MapEntry BoolAssgnmnt="0" Value="222"/>
<MapEntry BoolAssgnmnt="1" Value="46"/>
</AssgnmntListEntry>
<AssgnmntListEntry Length="1" RootTermCovItemId="C34">
<MapEntry BoolAssgnmnt="0" Value="237"/>
<MapEntry BoolAssgnmnt="1" Value="31"/>
</AssgnmntListEntry>
<AssgnmntListEntry Length="1" RootTermCovItemId="C35">
<MapEntry BoolAssgnmnt="0" Value="69"/>
<MapEntry BoolAssgnmnt="1" Value="199"/>
</AssgnmntListEntry>
<AssgnmntListEntry Length="1" RootTermCovItemId="C36">
<MapEntry BoolAssgnmnt="0" Value="199"/>
</AssgnmntListEntry>
<AssgnmntListEntry Length="1" RootTermCovItemId="C37">
<MapEntry BoolAssgnmnt="0" Value="199"/>
</AssgnmntListEntry>
<AssgnmntListEntry Length="5" RootTermCovItemId="C38">
<MapEntry BoolAssgnmnt="02002" Value="268"/>
<MapEntry BoolAssgnmnt="10122" Value="268"/>
<MapEntry BoolAssgnmnt="11221" Value="226"/>
<MapEntry BoolAssgnmnt="11220" Value="42"/>
<MapEntry BoolAssgnmnt="02010" Value="96"/>
<MapEntry BoolAssgnmnt="02011" Value="172"/>
</AssgnmntListEntry>
<AssgnmntListEntry Length="1" RootTermCovItemId="C39">
<MapEntry BoolAssgnmnt="0" Value="254"/>
<MapEntry BoolAssgnmnt="1" Value="680"/>
</AssgnmntListEntry>
<AssgnmntListEntry Length="1" RootTermCovItemId="C40">
<MapEntry BoolAssgnmnt="0" Value="680"/>
</AssgnmntListEntry>
<AssgnmntListEntry Length="2" RootTermCovItemId="C41">
<MapEntry BoolAssgnmnt="02" Value="680"/>
</AssgnmntListEntry>
<AssgnmntListEntry Length="1" RootTermCovItemId="C42">
<MapEntry BoolAssgnmnt="0" Value="3808"/>
<MapEntry BoolAssgnmnt="1" Value="3808"/>
</AssgnmntListEntry>
<AssgnmntListEntry Length="1" RootTermCovItemId="C43">
<MapEntry BoolAssgnmnt="0" Value="3540"/>
<MapEntry BoolAssgnmnt="1" Value="268"/>
</AssgnmntListEntry>
<AssgnmntListEntry Length="1" RootTermCovItemId="C44">
<MapEntry BoolAssgnmnt="0" Value="134"/>
<MapEntry BoolAssgnmnt="1" Value="134"/>
</AssgnmntListEntry>
<AssgnmntListEntry Length="1" RootTermCovItemId="C46">
<MapEntry BoolAssgnmnt="0" Value="1"/>
<MapEntry BoolAssgnmnt="1" Value="8"/>
</AssgnmntListEntry>
<AssgnmntListEntry Length="1" RootTermCovItemId="C47">
<MapEntry BoolAssgnmnt="0" Value="4"/>
<MapEntry BoolAssgnmnt="1" Value="4"/>
</AssgnmntListEntry>
<AssgnmntListEntry Length="1" RootTermCovItemId="C48">
<MapEntry BoolAssgnmnt="0" Value="4"/>
<MapEntry BoolAssgnmnt="1" Value="32"/>
</AssgnmntListEntry>
<AssgnmntListEntry Length="1" RootTermCovItemId="C49">
<MapEntry BoolAssgnmnt="0" Value="16"/>
<MapEntry BoolAssgnmnt="1" Value="16"/>
</AssgnmntListEntry>
<AssgnmntListEntry Length="1" RootTermCovItemId="C50">
<MapEntry BoolAssgnmnt="0" Value="4"/>
<MapEntry BoolAssgnmnt="1" Value="32"/>
</AssgnmntListEntry>
<AssgnmntListEntry Length="1" RootTermCovItemId="C51">
<MapEntry BoolAssgnmnt="0" Value="16"/>
<MapEntry BoolAssgnmnt="1" Value="16"/>
</AssgnmntListEntry>
<AssgnmntListEntry Length="1" RootTermCovItemId="C52">
<MapEntry BoolAssgnmnt="0" Value="4"/>
<MapEntry BoolAssgnmnt="1" Value="28"/>
</AssgnmntListEntry>
<AssgnmntListEntry Length="1" RootTermCovItemId="C53">
<MapEntry BoolAssgnmnt="1" Value="1373"/>
</AssgnmntListEntry>
<AssgnmntListEntry Length="1" RootTermCovItemId="C54">
<MapEntry BoolAssgnmnt="0" Value="628"/>
<MapEntry BoolAssgnmnt="1" Value="745"/>
</AssgnmntListEntry>
<AssgnmntListEntry Length="3" RootTermCovItemId="C55">
<MapEntry BoolAssgnmnt="011" Value="96"/>
<MapEntry BoolAssgnmnt="010" Value="173"/>
<MapEntry BoolAssgnmnt="002" Value="407"/>
<MapEntry BoolAssgnmnt="120" Value="72"/>
<MapEntry BoolAssgnmnt="121" Value="53"/>
</AssgnmntListEntry>
<AssgnmntListEntry Length="3" RootTermCovItemId="C56">
<MapEntry BoolAssgnmnt="011" Value="90"/>
<MapEntry BoolAssgnmnt="010" Value="133"/>
<MapEntry BoolAssgnmnt="002" Value="149"/>
<MapEntry BoolAssgnmnt="120" Value="106"/>
<MapEntry BoolAssgnmnt="121" Value="78"/>
</AssgnmntListEntry>
</AssgnmntPrefix>
<AssgnmntPrefix RootTermCovItemPrefix="com.OriginalFiles.Field.java">
<AssgnmntListEntry Length="1" RootTermCovItemId="C1">
<MapEntry BoolAssgnmnt="0" Value="80"/>
<MapEntry BoolAssgnmnt="1" Value="45"/>
</AssgnmntListEntry>
</AssgnmntPrefix>
<AssgnmntPrefix RootTermCovItemPrefix="com.OriginalFiles.Piece.java">
<AssgnmntListEntry Length="2" RootTermCovItemId="C1">
<MapEntry BoolAssgnmnt="10" Value="46"/>
<MapEntry BoolAssgnmnt="02" Value="9"/>
<MapEntry BoolAssgnmnt="11" Value="35"/>
</AssgnmntListEntry>
<AssgnmntListEntry Length="5" RootTermCovItemId="C17">
<MapEntry BoolAssgnmnt="00210" Value="16"/>
<MapEntry BoolAssgnmnt="00211" Value="6"/>
<MapEntry BoolAssgnmnt="01002" Value="17"/>
<MapEntry BoolAssgnmnt="12222" Value="35"/>
<MapEntry BoolAssgnmnt="01122" Value="7"/>
</AssgnmntListEntry>
<AssgnmntListEntry Length="5" RootTermCovItemId="C18">
<MapEntry BoolAssgnmnt="00210" Value="18"/>
<MapEntry BoolAssgnmnt="00211" Value="4"/>
<MapEntry BoolAssgnmnt="01002" Value="20"/>
<MapEntry BoolAssgnmnt="12222" Value="35"/>
<MapEntry BoolAssgnmnt="01122" Value="4"/>
</AssgnmntListEntry>
<AssgnmntListEntry Length="1" RootTermCovItemId="C19">
<MapEntry BoolAssgnmnt="1" Value="8"/>
</AssgnmntListEntry>
<AssgnmntListEntry Length="2" RootTermCovItemId="C2">
<MapEntry BoolAssgnmnt="02" Value="16"/>
<MapEntry BoolAssgnmnt="11" Value="19"/>
</AssgnmntListEntry>
<AssgnmntListEntry Length="1" RootTermCovItemId="C20">
<MapEntry BoolAssgnmnt="0" Value="46"/>
<MapEntry BoolAssgnmnt="1" Value="35"/>
</AssgnmntListEntry>
<AssgnmntListEntry Length="1" RootTermCovItemId="C3">
<MapEntry BoolAssgnmnt="0" Value="9"/>
<MapEntry BoolAssgnmnt="1" Value="81"/>
</AssgnmntListEntry>
<AssgnmntListEntry Length="1" RootTermCovItemId="C5">
<MapEntry BoolAssgnmnt="0" Value="34"/>
<MapEntry BoolAssgnmnt="1" Value="47"/>
</AssgnmntListEntry>
<AssgnmntListEntry Length="1" RootTermCovItemId="C6">
<MapEntry BoolAssgnmnt="0" Value="9"/>
<MapEntry BoolAssgnmnt="1" Value="81"/>
</AssgnmntListEntry>
<AssgnmntListEntry Length="1" RootTermCovItemId="C7">
<MapEntry BoolAssgnmnt="0" Value="46"/>
<MapEntry BoolAssgnmnt="1" Value="35"/>
</AssgnmntListEntry>
<AssgnmntListEntry Length="1" RootTermCovItemId="C8">
<MapEntry BoolAssgnmnt="1" Value="81"/>
</AssgnmntListEntry>
<AssgnmntListEntry Length="1" RootTermCovItemId="C9">
<MapEntry BoolAssgnmnt="0" Value="81"/>
</AssgnmntListEntry>
</AssgnmntPrefix>
<AssgnmntPrefix RootTermCovItemPrefix="com.OriginalFiles.RemoteNXTFunctions.java">
<AssgnmntListEntry Length="1" RootTermCovItemId="C1">
<MapEntry BoolAssgnmnt="0" Value="2"/>
<MapEntry BoolAssgnmnt="1" Value="2"/>
</AssgnmntListEntry>
<AssgnmntListEntry Length="1" RootTermCovItemId="C10">
<MapEntry BoolAssgnmnt="0" Value="56"/>
<MapEntry BoolAssgnmnt="1" Value="22"/>
</AssgnmntListEntry>
<AssgnmntListEntry Length="2" RootTermCovItemId="C11">
<MapEntry BoolAssgnmnt="02" Value="11"/>
<MapEntry BoolAssgnmnt="11" Value="11"/>
</AssgnmntListEntry>
<AssgnmntListEntry Length="2" RootTermCovItemId="C12">
<MapEntry BoolAssgnmnt="11" Value="11"/>
</AssgnmntListEntry>
<AssgnmntListEntry Length="1" RootTermCovItemId="C14">
<MapEntry BoolAssgnmnt="0" Value="28"/>
<MapEntry BoolAssgnmnt="1" Value="50"/>
</AssgnmntListEntry>
<AssgnmntListEntry Length="2" RootTermCovItemId="C15">
<MapEntry BoolAssgnmnt="10" Value="10"/>
<MapEntry BoolAssgnmnt="02" Value="30"/>
<MapEntry BoolAssgnmnt="11" Value="10"/>
</AssgnmntListEntry>
<AssgnmntListEntry Length="2" RootTermCovItemId="C16">
<MapEntry BoolAssgnmnt="02" Value="30"/>
<MapEntry BoolAssgnmnt="11" Value="10"/>
</AssgnmntListEntry>
<AssgnmntListEntry Length="1" RootTermCovItemId="C17">
<MapEntry BoolAssgnmnt="0" Value="30"/>
</AssgnmntListEntry>
<AssgnmntListEntry Length="1" RootTermCovItemId="C18">
<MapEntry BoolAssgnmnt="0" Value="78"/>
</AssgnmntListEntry>
<AssgnmntListEntry Length="1" RootTermCovItemId="C2">
<MapEntry BoolAssgnmnt="0" Value="2"/>
</AssgnmntListEntry>
<AssgnmntListEntry Length="1" RootTermCovItemId="C22">
<MapEntry BoolAssgnmnt="0" Value="78"/>
</AssgnmntListEntry>
<AssgnmntListEntry Length="1" RootTermCovItemId="C27">
<MapEntry BoolAssgnmnt="0" Value="78"/>
</AssgnmntListEntry>
<AssgnmntListEntry Length="1" RootTermCovItemId="C3">
<MapEntry BoolAssgnmnt="0" Value="2"/>
</AssgnmntListEntry>
<AssgnmntListEntry Length="1" RootTermCovItemId="C30">
<MapEntry BoolAssgnmnt="0" Value="78"/>
</AssgnmntListEntry>
<AssgnmntListEntry Length="1" RootTermCovItemId="C33">
<MapEntry BoolAssgnmnt="0" Value="78"/>
</AssgnmntListEntry>
<AssgnmntListEntry Length="1" RootTermCovItemId="C37">
<MapEntry BoolAssgnmnt="0" Value="78"/>
</AssgnmntListEntry>
<AssgnmntListEntry Length="2" RootTermCovItemId="C4">
<MapEntry BoolAssgnmnt="10" Value="1"/>
<MapEntry BoolAssgnmnt="02" Value="1"/>
</AssgnmntListEntry>
<AssgnmntListEntry Length="1" RootTermCovItemId="C41">
<MapEntry BoolAssgnmnt="0" Value="78"/>
</AssgnmntListEntry>
<AssgnmntListEntry Length="1" RootTermCovItemId="C45">
<MapEntry BoolAssgnmnt="0" Value="78"/>
</AssgnmntListEntry>
<AssgnmntListEntry Length="1" RootTermCovItemId="C49">
<MapEntry BoolAssgnmnt="0" Value="78"/>
</AssgnmntListEntry>
<AssgnmntListEntry Length="1" RootTermCovItemId="C5">
<MapEntry BoolAssgnmnt="0" Value="78"/>
<MapEntry BoolAssgnmnt="1" Value="72"/>
</AssgnmntListEntry>
<AssgnmntListEntry Length="1" RootTermCovItemId="C54">
<MapEntry BoolAssgnmnt="0" Value="78"/>
</AssgnmntListEntry>
<AssgnmntListEntry Length="1" RootTermCovItemId="C59">
<MapEntry BoolAssgnmnt="0" Value="78"/>
</AssgnmntListEntry>
<AssgnmntListEntry Length="2" RootTermCovItemId="C6">
<MapEntry BoolAssgnmnt="10" Value="3"/>
<MapEntry BoolAssgnmnt="02" Value="36"/>
<MapEntry BoolAssgnmnt="11" Value="33"/>
</AssgnmntListEntry>
<AssgnmntListEntry Length="1" RootTermCovItemId="C64">
<MapEntry BoolAssgnmnt="0" Value="78"/>
</AssgnmntListEntry>
<AssgnmntListEntry Length="1" RootTermCovItemId="C69">
<MapEntry BoolAssgnmnt="0" Value="72"/>
<MapEntry BoolAssgnmnt="1" Value="6"/>
</AssgnmntListEntry>
<AssgnmntListEntry Length="2" RootTermCovItemId="C7">
<MapEntry BoolAssgnmnt="10" Value="4"/>
<MapEntry BoolAssgnmnt="02" Value="34"/>
<MapEntry BoolAssgnmnt="11" Value="1"/>
</AssgnmntListEntry>
<AssgnmntListEntry Length="2" RootTermCovItemId="C70">
<MapEntry BoolAssgnmnt="02" Value="4"/>
<MapEntry BoolAssgnmnt="11" Value="2"/>
</AssgnmntListEntry>
<AssgnmntListEntry Length="2" RootTermCovItemId="C71">
<MapEntry BoolAssgnmnt="02" Value="2"/>
<MapEntry BoolAssgnmnt="11" Value="2"/>
</AssgnmntListEntry>
<AssgnmntListEntry Length="1" RootTermCovItemId="C72">
<MapEntry BoolAssgnmnt="0" Value="2"/>
</AssgnmntListEntry>
<AssgnmntListEntry Length="1" RootTermCovItemId="C73">
<MapEntry BoolAssgnmnt="0" Value="72"/>
</AssgnmntListEntry>
<AssgnmntListEntry Length="2" RootTermCovItemId="C8">
<MapEntry BoolAssgnmnt="10" Value="3"/>
<MapEntry BoolAssgnmnt="02" Value="34"/>
<MapEntry BoolAssgnmnt="11" Value="1"/>
</AssgnmntListEntry>
<AssgnmntListEntry Length="1" RootTermCovItemId="C9">
<MapEntry BoolAssgnmnt="0" Value="27"/>
<MapEntry BoolAssgnmnt="1" Value="10"/>
</AssgnmntListEntry>
</AssgnmntPrefix>
</AssgnmntList>
<ObjMetaDataList/>
<MetaDataList/>
</TestCase>
<TestCase Comment="" Date="1386064083436" Name="com.Testing.AnalyzeTest:testAnalyzeBoard">
<CovList>
<CovPrefix CovItemPrefix="com.OriginalFiles.Analyze.java">
<Cov CovItemId="B1" Value="2"/>
<Cov CovItemId="B10" Value="42"/>
<Cov CovItemId="B107" Value="64"/>
<Cov CovItemId="B108" Value="7"/>
<Cov CovItemId="B109" Value="3"/>
<Cov CovItemId="B11" Value="2"/>
<Cov CovItemId="B110" Value="4"/>
<Cov CovItemId="B112" Value="4"/>
<Cov CovItemId="B114" Value="4"/>
<Cov CovItemId="B115" Value="3"/>
<Cov CovItemId="B116" Value="1"/>
<Cov CovItemId="B117" Value="1"/>
<Cov CovItemId="B120" Value="122"/>
<Cov CovItemId="B121" Value="198"/>
<Cov CovItemId="B122" Value="61"/>
<Cov CovItemId="B123" Value="61"/>
<Cov CovItemId="B124" Value="17"/>
<Cov CovItemId="B125" Value="44"/>
<Cov CovItemId="B126" Value="61"/>
<Cov CovItemId="B127" Value="61"/>
<Cov CovItemId="B128" Value="16"/>
<Cov CovItemId="B129" Value="45"/>
<Cov CovItemId="B13" Value="2"/>
<Cov CovItemId="B130" Value="1"/>
<Cov CovItemId="B131" Value="4"/>
<Cov CovItemId="B132" Value="1"/>
<Cov CovItemId="B133" Value="3"/>
<Cov CovItemId="B135" Value="3"/>
<Cov CovItemId="B14" Value="1"/>
<Cov CovItemId="B16" Value="2"/>
<Cov CovItemId="B17" Value="1"/>
<Cov CovItemId="B2" Value="2"/>
<Cov CovItemId="B20" Value="1"/>
<Cov CovItemId="B25" Value="1"/>
<Cov CovItemId="B26" Value="1"/>
<Cov CovItemId="B28" Value="1"/>
<Cov CovItemId="B29" Value="1"/>
<Cov CovItemId="B3" Value="1"/>
<Cov CovItemId="B31" Value="1"/>
<Cov CovItemId="B33" Value="1"/>
<Cov CovItemId="B36" Value="1"/>
<Cov CovItemId="B39" Value="1"/>
<Cov CovItemId="B41" Value="1"/>
<Cov CovItemId="B53" Value="1"/>
<Cov CovItemId="B55" Value="1"/>
<Cov CovItemId="B57" Value="1"/>
<Cov CovItemId="B59" Value="1"/>
<Cov CovItemId="B6" Value="2"/>
<Cov CovItemId="B61" Value="3"/>
<Cov CovItemId="B62" Value="1"/>
<Cov CovItemId="B64" Value="4"/>
<Cov CovItemId="B66" Value="2"/>
<Cov CovItemId="B68" Value="2"/>
<Cov CovItemId="B69" Value="1"/>
<Cov CovItemId="B7" Value="50"/>
<Cov CovItemId="B70" Value="1"/>
<Cov CovItemId="B72" Value="2"/>
<Cov CovItemId="B73" Value="1"/>
<Cov CovItemId="B74" Value="1"/>
<Cov CovItemId="B76" Value="1"/>
<Cov CovItemId="B8" Value="78"/>
<Cov CovItemId="B84" Value="1"/>
<Cov CovItemId="B9" Value="8"/>
<Cov CovItemId="B96" Value="1"/>
<Cov CovItemId="L1-2" Value="2"/>
<Cov CovItemId="L16-2" Value="5"/>
<Cov CovItemId="L17-2" Value="40"/>
<Cov CovItemId="L2-2" Value="16"/>
<Cov CovItemId="L3-1" Value="1"/>
<Cov CovItemId="L3-2" Value="1"/>
<Cov CovItemId="L4-2" Value="1"/>
<Cov CovItemId="L5-1" Value="2"/>
<Cov CovItemId="L6-1" Value="1"/>
<Cov CovItemId="S10" Value="2"/>
<Cov CovItemId="S100" Value="2"/>
<Cov CovItemId="S101" Value="2"/>
<Cov CovItemId="S102" Value="2"/>
<Cov CovItemId="S104" Value="2"/>
<Cov CovItemId="S105" Value="2"/>
<Cov CovItemId="S107" Value="2"/>
<Cov CovItemId="S108" Value="2"/>
<Cov CovItemId="S109" Value="1"/>
<Cov CovItemId="S11" Value="1"/>
<Cov CovItemId="S110" Value="2"/>
<Cov CovItemId="S111" Value="2"/>
<Cov CovItemId="S113" Value="2"/>
<Cov CovItemId="S114" Value="1"/>
<Cov CovItemId="S115" Value="2"/>
<Cov CovItemId="S116" Value="2"/>
<Cov CovItemId="S117" Value="2"/>
<Cov CovItemId="S118" Value="1"/>
<Cov CovItemId="S119" Value="1"/>
<Cov CovItemId="S12" Value="1"/>
<Cov CovItemId="S120" Value="1"/>
<Cov CovItemId="S121" Value="1"/>
<Cov CovItemId="S122" Value="1"/>
<Cov CovItemId="S123" Value="1"/>
<Cov CovItemId="S124" Value="1"/>
<Cov CovItemId="S13" Value="1"/>
<Cov CovItemId="S14" Value="1"/>
<Cov CovItemId="S148" Value="1"/>
<Cov CovItemId="S149" Value="1"/>
<Cov CovItemId="S15" Value="1"/>
<Cov CovItemId="S16" Value="2"/>
<Cov CovItemId="S168" Value="1"/>
<Cov CovItemId="S17" Value="2"/>
<Cov CovItemId="S18" Value="2"/>
<Cov CovItemId="S199" Value="71"/>
<Cov CovItemId="S200" Value="71"/>
<Cov CovItemId="S201" Value="71"/>
<Cov CovItemId="S202" Value="71"/>
<Cov CovItemId="S203" Value="71"/>
<Cov CovItemId="S204" Value="64"/>
<Cov CovItemId="S205" Value="7"/>
<Cov CovItemId="S206" Value="3"/>
<Cov CovItemId="S207" Value="4"/>
<Cov CovItemId="S209" Value="4"/>
<Cov CovItemId="S21" Value="2"/>
<Cov CovItemId="S211" Value="4"/>
<Cov CovItemId="S212" Value="5"/>
<Cov CovItemId="S213" Value="3"/>
<Cov CovItemId="S214" Value="1"/>
<Cov CovItemId="S215" Value="1"/>
<Cov CovItemId="S216" Value="1"/>
<Cov CovItemId="S217" Value="1"/>
<Cov CovItemId="S22" Value="2"/>
<Cov CovItemId="S221" Value="5"/>
<Cov CovItemId="S222" Value="5"/>
<Cov CovItemId="S223" Value="5"/>
<Cov CovItemId="S224" Value="5"/>
<Cov CovItemId="S225" Value="5"/>
<Cov CovItemId="S226" Value="5"/>
<Cov CovItemId="S227" Value="40"/>
<Cov CovItemId="S228" Value="320"/>
<Cov CovItemId="S229" Value="122"/>
<Cov CovItemId="S23" Value="16"/>
<Cov CovItemId="S230" Value="61"/>
<Cov CovItemId="S231" Value="61"/>
<Cov CovItemId="S232" Value="17"/>
<Cov CovItemId="S233" Value="122"/>
<Cov CovItemId="S234" Value="61"/>
<Cov CovItemId="S235" Value="61"/>
<Cov CovItemId="S236" Value="16"/>
<Cov CovItemId="S237" Value="5"/>
<Cov CovItemId="S238" Value="1"/>
<Cov CovItemId="S239" Value="4"/>
<Cov CovItemId="S24" Value="128"/>
<Cov CovItemId="S240" Value="1"/>
<Cov CovItemId="S241" Value="3"/>
<Cov CovItemId="S25" Value="50"/>
<Cov CovItemId="S250" Value="3"/>
<Cov CovItemId="S26" Value="8"/>
<Cov CovItemId="S27" Value="2"/>
<Cov CovItemId="S28" Value="2"/>
<Cov CovItemId="S29" Value="2"/>
<Cov CovItemId="S30" Value="2"/>
<Cov CovItemId="S31" Value="2"/>
<Cov CovItemId="S32" Value="2"/>
<Cov CovItemId="S33" Value="2"/>
<Cov CovItemId="S34" Value="3"/>
<Cov CovItemId="S35" Value="2"/>
<Cov CovItemId="S37" Value="2"/>
<Cov CovItemId="S38" Value="1"/>
<Cov CovItemId="S40" Value="1"/>
<Cov CovItemId="S51" Value="2"/>
<Cov CovItemId="S52" Value="2"/>
<Cov CovItemId="S53" Value="1"/>
<Cov CovItemId="S55" Value="1"/>
<Cov CovItemId="S56" Value="1"/>
<Cov CovItemId="S57" Value="1"/>
<Cov CovItemId="S58" Value="1"/>
<Cov CovItemId="S59" Value="1"/>
<Cov CovItemId="S6" Value="4"/>
<Cov CovItemId="S60" Value="1"/>
<Cov CovItemId="S61" Value="1"/>
<Cov CovItemId="S66" Value="1"/>
<Cov CovItemId="S67" Value="1"/>
<Cov CovItemId="S68" Value="1"/>
<Cov CovItemId="S69" Value="1"/>
<Cov CovItemId="S7" Value="2"/>
<Cov CovItemId="S8" Value="2"/>
<Cov CovItemId="S83" Value="1"/>
<Cov CovItemId="S84" Value="1"/>
<Cov CovItemId="S85" Value="1"/>
<Cov CovItemId="S86" Value="1"/>
<Cov CovItemId="S87" Value="1"/>
<Cov CovItemId="S88" Value="1"/>
<Cov CovItemId="S89" Value="1"/>
<Cov CovItemId="S9" Value="2"/>
<Cov CovItemId="S90" Value="1"/>
<Cov CovItemId="S91" Value="1"/>
<Cov CovItemId="S92" Value="1"/>
<Cov CovItemId="S93" Value="1"/>
<Cov CovItemId="S94" Value="4"/>
<Cov CovItemId="S95" Value="3"/>
<Cov CovItemId="S96" Value="4"/>
<Cov CovItemId="S98" Value="1"/>
<Cov CovItemId="S99" Value="2"/>
</CovPrefix>
<CovPrefix CovItemPrefix="com.OriginalFiles.Board.java">
<Cov CovItemId="B11" Value="3"/>
<Cov CovItemId="B12" Value="9"/>
<Cov CovItemId="B14" Value="12"/>
<Cov CovItemId="B15" Value="2"/>
<Cov CovItemId="B16" Value="10"/>
<Cov CovItemId="B17" Value="2"/>
<Cov CovItemId="B18" Value="8"/>
<Cov CovItemId="B20" Value="8"/>
<Cov CovItemId="B22" Value="8"/>
<Cov CovItemId="B23" Value="1"/>
<Cov CovItemId="B24" Value="7"/>
<Cov CovItemId="B25" Value="7"/>
<Cov CovItemId="B27" Value="1"/>
<Cov CovItemId="B28" Value="2"/>
<Cov CovItemId="B29" Value="1"/>
<Cov CovItemId="B31" Value="1"/>
<Cov CovItemId="B33" Value="1"/>
<Cov CovItemId="B36" Value="1"/>
<Cov CovItemId="B37" Value="1"/>
<Cov CovItemId="B39" Value="7"/>
<Cov CovItemId="B41" Value="335"/>
<Cov CovItemId="B42" Value="62"/>
<Cov CovItemId="B43" Value="4"/>
<Cov CovItemId="B44" Value="192"/>
<Cov CovItemId="B45" Value="49"/>
<Cov CovItemId="B46" Value="143"/>
<Cov CovItemId="B47" Value="45"/>
<Cov CovItemId="B48" Value="147"/>
<Cov CovItemId="B50" Value="192"/>
<Cov CovItemId="B55" Value="384"/>
<Cov CovItemId="B56" Value="398"/>
<Cov CovItemId="B57" Value="274"/>
<Cov CovItemId="B58" Value="124"/>
<Cov CovItemId="B59" Value="273"/>
<Cov CovItemId="B60" Value="1"/>
<Cov CovItemId="B61" Value="5"/>
<Cov CovItemId="B62" Value="268"/>
<Cov CovItemId="B63" Value="256"/>
<Cov CovItemId="B64" Value="256"/>
<Cov CovItemId="B65" Value="196"/>
<Cov CovItemId="B66" Value="60"/>
<Cov CovItemId="B67" Value="98"/>
<Cov CovItemId="B68" Value="98"/>
<Cov CovItemId="B79" Value="733"/>
<Cov CovItemId="B81" Value="654"/>
<Cov CovItemId="B82" Value="79"/>
<Cov CovItemId="B83" Value="218"/>
<Cov CovItemId="B84" Value="636"/>
<Cov CovItemId="B85" Value="127"/>
<Cov CovItemId="B86" Value="509"/>
<Cov CovItemId="L10-2" Value="136"/>
<Cov CovItemId="L11-2" Value="2"/>
<Cov CovItemId="L12-0" Value="2"/>
<Cov CovItemId="L12-1" Value="2"/>
<Cov CovItemId="L12-2" Value="4"/>
<Cov CovItemId="L13-2" Value="8"/>
<Cov CovItemId="L14-2" Value="64"/>
<Cov CovItemId="L9-2" Value="17"/>
<Cov CovItemId="S100" Value="1"/>
<Cov CovItemId="S102" Value="1"/>
<Cov CovItemId="S104" Value="1"/>
<Cov CovItemId="S105" Value="1"/>
<Cov CovItemId="S106" Value="1"/>
<Cov CovItemId="S107" Value="1"/>
<Cov CovItemId="S108" Value="1"/>
<Cov CovItemId="S109" Value="1"/>
<Cov CovItemId="S110" Value="2"/>
<Cov CovItemId="S111" Value="7"/>
<Cov CovItemId="S112" Value="7"/>
<Cov CovItemId="S113" Value="7"/>
<Cov CovItemId="S115" Value="397"/>
<Cov CovItemId="S116" Value="335"/>
<Cov CovItemId="S117" Value="62"/>
<Cov CovItemId="S118" Value="196"/>
<Cov CovItemId="S119" Value="196"/>
<Cov CovItemId="S120" Value="4"/>
<Cov CovItemId="S121" Value="192"/>
<Cov CovItemId="S122" Value="192"/>
<Cov CovItemId="S123" Value="192"/>
<Cov CovItemId="S124" Value="192"/>
<Cov CovItemId="S125" Value="49"/>
<Cov CovItemId="S126" Value="192"/>
<Cov CovItemId="S127" Value="45"/>
<Cov CovItemId="S128" Value="192"/>
<Cov CovItemId="S133" Value="192"/>
<Cov CovItemId="S134" Value="196"/>
<Cov CovItemId="S135" Value="782"/>
<Cov CovItemId="S136" Value="384"/>
<Cov CovItemId="S137" Value="398"/>
<Cov CovItemId="S138" Value="274"/>
<Cov CovItemId="S139" Value="273"/>
<Cov CovItemId="S140" Value="5"/>
<Cov CovItemId="S141" Value="393"/>
<Cov CovItemId="S142" Value="774"/>
<Cov CovItemId="S143" Value="8"/>
<Cov CovItemId="S144" Value="8"/>
<Cov CovItemId="S145" Value="64"/>
<Cov CovItemId="S146" Value="512"/>
<Cov CovItemId="S147" Value="256"/>
<Cov CovItemId="S148" Value="196"/>
<Cov CovItemId="S149" Value="98"/>
<Cov CovItemId="S150" Value="98"/>
<Cov CovItemId="S151" Value="8"/>
<Cov CovItemId="S176" Value="733"/>
<Cov CovItemId="S177" Value="733"/>
<Cov CovItemId="S178" Value="654"/>
<Cov CovItemId="S179" Value="79"/>
<Cov CovItemId="S180" Value="854"/>
<Cov CovItemId="S181" Value="218"/>
<Cov CovItemId="S182" Value="636"/>
<Cov CovItemId="S183" Value="127"/>
<Cov CovItemId="S184" Value="509"/>
<Cov CovItemId="S185" Value="1679"/>
<Cov CovItemId="S61" Value="17"/>
<Cov CovItemId="S62" Value="136"/>
<Cov CovItemId="S63" Value="1088"/>
<Cov CovItemId="S64" Value="2"/>
<Cov CovItemId="S65" Value="2"/>
<Cov CovItemId="S66" Value="2"/>
<Cov CovItemId="S67" Value="2"/>
<Cov CovItemId="S68" Value="8"/>
<Cov CovItemId="S69" Value="12"/>
<Cov CovItemId="S70" Value="3"/>
<Cov CovItemId="S71" Value="3"/>
<Cov CovItemId="S72" Value="3"/>
<Cov CovItemId="S73" Value="3"/>
<Cov CovItemId="S74" Value="3"/>
<Cov CovItemId="S75" Value="3"/>
<Cov CovItemId="S76" Value="8"/>
<Cov CovItemId="S77" Value="8"/>
<Cov CovItemId="S78" Value="12"/>
<Cov CovItemId="S80" Value="12"/>
<Cov CovItemId="S81" Value="2"/>
<Cov CovItemId="S82" Value="10"/>
<Cov CovItemId="S83" Value="2"/>
<Cov CovItemId="S84" Value="8"/>
<Cov CovItemId="S86" Value="8"/>
<Cov CovItemId="S88" Value="8"/>
<Cov CovItemId="S89" Value="1"/>
<Cov CovItemId="S90" Value="7"/>
<Cov CovItemId="S91" Value="7"/>
<Cov CovItemId="S93" Value="30"/>
<Cov CovItemId="S94" Value="3"/>
<Cov CovItemId="S95" Value="1"/>
<Cov CovItemId="S96" Value="1"/>
<Cov CovItemId="S97" Value="2"/>
<Cov CovItemId="S98" Value="1"/>
<Cov CovItemId="S99" Value="1"/>
</CovPrefix>
<CovPrefix CovItemPrefix="com.OriginalFiles.Field.java">
<Cov CovItemId="B1" Value="67"/>
<Cov CovItemId="B2" Value="16"/>
<Cov CovItemId="S1" Value="176"/>
<Cov CovItemId="S13" Value="129"/>
<Cov CovItemId="S2" Value="176"/>
<Cov CovItemId="S5" Value="83"/>
<Cov CovItemId="S6" Value="83"/>
<Cov CovItemId="S7" Value="67"/>
<Cov CovItemId="S8" Value="2451"/>
<Cov CovItemId="S9" Value="1600"/>
</CovPrefix>
<CovPrefix CovItemPrefix="com.OriginalFiles.Piece.java">
<Cov CovItemId="B1" Value="1"/>
<Cov CovItemId="B10" Value="26"/>
<Cov CovItemId="B11" Value="53"/>
<Cov CovItemId="B12" Value="16"/>
<Cov CovItemId="B13" Value="1"/>
<Cov CovItemId="B14" Value="52"/>
<Cov CovItemId="B15" Value="53"/>
<Cov CovItemId="B18" Value="53"/>
<Cov CovItemId="B2" Value="68"/>
<Cov CovItemId="B34" Value="53"/>
<Cov CovItemId="B35" Value="16"/>
<Cov CovItemId="B36" Value="37"/>
<Cov CovItemId="B37" Value="16"/>
<Cov CovItemId="B39" Value="1"/>
<Cov CovItemId="B4" Value="1"/>
<Cov CovItemId="B40" Value="52"/>
<Cov CovItemId="B5" Value="53"/>
<Cov CovItemId="B6" Value="16"/>
<Cov CovItemId="B9" Value="27"/>
<Cov CovItemId="S1" Value="66"/>
<Cov CovItemId="S10" Value="66"/>
<Cov CovItemId="S11" Value="66"/>
<Cov CovItemId="S12" Value="66"/>
<Cov CovItemId="S13" Value="66"/>
<Cov CovItemId="S14" Value="66"/>
<Cov CovItemId="S15" Value="66"/>
<Cov CovItemId="S16" Value="66"/>
<Cov CovItemId="S17" Value="66"/>
<Cov CovItemId="S18" Value="66"/>
<Cov CovItemId="S19" Value="66"/>
<Cov CovItemId="S2" Value="66"/>
<Cov CovItemId="S20" Value="66"/>
<Cov CovItemId="S21" Value="66"/>
<Cov CovItemId="S22" Value="1"/>
<Cov CovItemId="S24" Value="69"/>
<Cov CovItemId="S25" Value="69"/>
<Cov CovItemId="S26" Value="69"/>
<Cov CovItemId="S27" Value="1"/>
<Cov CovItemId="S29" Value="1"/>
<Cov CovItemId="S3" Value="66"/>
<Cov CovItemId="S30" Value="68"/>
<Cov CovItemId="S31" Value="69"/>
<Cov CovItemId="S32" Value="69"/>
<Cov CovItemId="S33" Value="53"/>
<Cov CovItemId="S34" Value="16"/>
<Cov CovItemId="S35" Value="16"/>
<Cov CovItemId="S39" Value="53"/>
<Cov CovItemId="S4" Value="66"/>
<Cov CovItemId="S40" Value="27"/>
<Cov CovItemId="S41" Value="26"/>
<Cov CovItemId="S42" Value="69"/>
<Cov CovItemId="S43" Value="69"/>
<Cov CovItemId="S44" Value="53"/>
<Cov CovItemId="S45" Value="53"/>
<Cov CovItemId="S46" Value="53"/>
<Cov CovItemId="S47" Value="1"/>
<Cov CovItemId="S48" Value="53"/>
<Cov CovItemId="S49" Value="53"/>
<Cov CovItemId="S5" Value="66"/>
<Cov CovItemId="S50" Value="53"/>
<Cov CovItemId="S6" Value="66"/>
<Cov CovItemId="S65" Value="53"/>
<Cov CovItemId="S67" Value="53"/>
<Cov CovItemId="S68" Value="16"/>
<Cov CovItemId="S69" Value="16"/>
<Cov CovItemId="S7" Value="66"/>
<Cov CovItemId="S70" Value="16"/>
<Cov CovItemId="S71" Value="53"/>
<Cov CovItemId="S72" Value="1"/>
<Cov CovItemId="S73" Value="53"/>
<Cov CovItemId="S8" Value="66"/>
<Cov CovItemId="S9" Value="66"/>
</CovPrefix>
<CovPrefix CovItemPrefix="com.OriginalFiles.RemoteNXTFunctions.java">
<Cov CovItemId="B10" Value="5"/>
<Cov CovItemId="B11" Value="1"/>
<Cov CovItemId="B12" Value="4"/>
<Cov CovItemId="B13" Value="2"/>
<Cov CovItemId="B14" Value="2"/>
<Cov CovItemId="B5" Value="71"/>
<Cov CovItemId="B7" Value="64"/>
<Cov CovItemId="B8" Value="7"/>
<Cov CovItemId="B9" Value="2"/>
<Cov CovItemId="S162" Value="71"/>
<Cov CovItemId="S19" Value="71"/>
<Cov CovItemId="S20" Value="71"/>
<Cov CovItemId="S21" Value="71"/>
<Cov CovItemId="S22" Value="64"/>
<Cov CovItemId="S23" Value="7"/>
<Cov CovItemId="S24" Value="2"/>
<Cov CovItemId="S25" Value="5"/>
<Cov CovItemId="S26" Value="1"/>
<Cov CovItemId="S27" Value="4"/>
<Cov CovItemId="S28" Value="2"/>
<Cov CovItemId="S29" Value="2"/>
</CovPrefix>
</CovList>
<AssgnmntList>
<AssgnmntPrefix RootTermCovItemPrefix="com.OriginalFiles.Analyze.java">
<AssgnmntListEntry Length="1" RootTermCovItemId="C1">
<MapEntry BoolAssgnmnt="0" Value="2"/>
<MapEntry BoolAssgnmnt="1" Value="2"/>
</AssgnmntListEntry>
<AssgnmntListEntry Length="1" RootTermCovItemId="C10">
<MapEntry BoolAssgnmnt="1" Value="1"/>
</AssgnmntListEntry>
<AssgnmntListEntry Length="1" RootTermCovItemId="C13">
<MapEntry BoolAssgnmnt="0" Value="1"/>
<MapEntry BoolAssgnmnt="1" Value="1"/>
</AssgnmntListEntry>
<AssgnmntListEntry Length="1" RootTermCovItemId="C14">
<MapEntry BoolAssgnmnt="0" Value="1"/>
</AssgnmntListEntry>
<AssgnmntListEntry Length="1" RootTermCovItemId="C15">
<MapEntry BoolAssgnmnt="0" Value="1"/>
</AssgnmntListEntry>
<AssgnmntListEntry Length="1" RootTermCovItemId="C16">
<MapEntry BoolAssgnmnt="1" Value="1"/>
</AssgnmntListEntry>
<AssgnmntListEntry Length="1" RootTermCovItemId="C17">
<MapEntry BoolAssgnmnt="1" Value="1"/>
</AssgnmntListEntry>
<AssgnmntListEntry Length="1" RootTermCovItemId="C18">
<MapEntry BoolAssgnmnt="0" Value="1"/>
</AssgnmntListEntry>
<AssgnmntListEntry Length="1" RootTermCovItemId="C2">
<MapEntry BoolAssgnmnt="0" Value="1"/>
</AssgnmntListEntry>
<AssgnmntListEntry Length="1" RootTermCovItemId="C20">
<MapEntry BoolAssgnmnt="1" Value="1"/>
</AssgnmntListEntry>
<AssgnmntListEntry Length="1" RootTermCovItemId="C21">
<MapEntry BoolAssgnmnt="1" Value="1"/>
</AssgnmntListEntry>
<AssgnmntListEntry Length="1" RootTermCovItemId="C27">
<MapEntry BoolAssgnmnt="1" Value="1"/>
</AssgnmntListEntry>
<AssgnmntListEntry Length="1" RootTermCovItemId="C28">
<MapEntry BoolAssgnmnt="1" Value="1"/>
</AssgnmntListEntry>
<AssgnmntListEntry Length="1" RootTermCovItemId="C29">
<MapEntry BoolAssgnmnt="1" Value="1"/>
</AssgnmntListEntry>
<AssgnmntListEntry Length="1" RootTermCovItemId="C3">
<MapEntry BoolAssgnmnt="0" Value="2"/>
</AssgnmntListEntry>
<AssgnmntListEntry Length="1" RootTermCovItemId="C30">
<MapEntry BoolAssgnmnt="1" Value="1"/>
</AssgnmntListEntry>
<AssgnmntListEntry Length="1" RootTermCovItemId="C31">
<MapEntry BoolAssgnmnt="0" Value="1"/>
<MapEntry BoolAssgnmnt="1" Value="4"/>
</AssgnmntListEntry>
<AssgnmntListEntry Length="2" RootTermCovItemId="C32">
<MapEntry BoolAssgnmnt="10" Value="1"/>
<MapEntry BoolAssgnmnt="02" Value="2"/>
<MapEntry BoolAssgnmnt="11" Value="1"/>
</AssgnmntListEntry>
<AssgnmntListEntry Length="1" RootTermCovItemId="C33">
<MapEntry BoolAssgnmnt="1" Value="4"/>
</AssgnmntListEntry>
<AssgnmntListEntry Length="1" RootTermCovItemId="C34">
<MapEntry BoolAssgnmnt="0" Value="2"/>
</AssgnmntListEntry>
<AssgnmntListEntry Length="1" RootTermCovItemId="C35">
<MapEntry BoolAssgnmnt="0" Value="2"/>
</AssgnmntListEntry>
<AssgnmntListEntry Length="1" RootTermCovItemId="C36">
<MapEntry BoolAssgnmnt="0" Value="1"/>
<MapEntry BoolAssgnmnt="1" Value="1"/>
</AssgnmntListEntry>
<AssgnmntListEntry Length="1" RootTermCovItemId="C37">
<MapEntry BoolAssgnmnt="0" Value="2"/>
</AssgnmntListEntry>
<AssgnmntListEntry Length="1" RootTermCovItemId="C38">
<MapEntry BoolAssgnmnt="0" Value="1"/>
<MapEntry BoolAssgnmnt="1" Value="1"/>
</AssgnmntListEntry>
<AssgnmntListEntry Length="1" RootTermCovItemId="C39">
<MapEntry BoolAssgnmnt="0" Value="2"/>
<MapEntry BoolAssgnmnt="1" Value="2"/>
</AssgnmntListEntry>
<AssgnmntListEntry Length="1" RootTermCovItemId="C4">
<MapEntry BoolAssgnmnt="0" Value="50"/>
<MapEntry BoolAssgnmnt="1" Value="78"/>
</AssgnmntListEntry>
<AssgnmntListEntry Length="1" RootTermCovItemId="C40">
<MapEntry BoolAssgnmnt="0" Value="1"/>
<MapEntry BoolAssgnmnt="1" Value="1"/>
</AssgnmntListEntry>
<AssgnmntListEntry Length="1" RootTermCovItemId="C41">
<MapEntry BoolAssgnmnt="1" Value="1"/>
</AssgnmntListEntry>
<AssgnmntListEntry Length="1" RootTermCovItemId="C49">
<MapEntry BoolAssgnmnt="0" Value="1"/>
</AssgnmntListEntry>
<AssgnmntListEntry Length="2" RootTermCovItemId="C5">
<MapEntry BoolAssgnmnt="10" Value="8"/>
<MapEntry BoolAssgnmnt="02" Value="34"/>
<MapEntry BoolAssgnmnt="11" Value="8"/>
</AssgnmntListEntry>
<AssgnmntListEntry Length="1" RootTermCovItemId="C56">
<MapEntry BoolAssgnmnt="0" Value="1"/>
</AssgnmntListEntry>
<AssgnmntListEntry Length="1" RootTermCovItemId="C6">
<MapEntry BoolAssgnmnt="1" Value="2"/>
</AssgnmntListEntry>
<AssgnmntListEntry Length="6" RootTermCovItemId="C66">
<MapEntry BoolAssgnmnt="110222" Value="3"/>
<MapEntry BoolAssgnmnt="022222" Value="4"/>
<MapEntry BoolAssgnmnt="111111" Value="64"/>
</AssgnmntListEntry>
<AssgnmntListEntry Length="6" RootTermCovItemId="C67">
<MapEntry BoolAssgnmnt="022222" Value="4"/>
<MapEntry BoolAssgnmnt="111111" Value="3"/>
</AssgnmntListEntry>
<AssgnmntListEntry Length="6" RootTermCovItemId="C68">
<MapEntry BoolAssgnmnt="102222" Value="4"/>
</AssgnmntListEntry>
<AssgnmntListEntry Length="6" RootTermCovItemId="C69">
<MapEntry BoolAssgnmnt="102222" Value="4"/>
</AssgnmntListEntry>
<AssgnmntListEntry Length="1" RootTermCovItemId="C7">
<MapEntry BoolAssgnmnt="0" Value="1"/>
<MapEntry BoolAssgnmnt="1" Value="2"/>
</AssgnmntListEntry>
<AssgnmntListEntry Length="1" RootTermCovItemId="C70">
<MapEntry BoolAssgnmnt="0" Value="122"/>
<MapEntry BoolAssgnmnt="1" Value="198"/>
</AssgnmntListEntry>
<AssgnmntListEntry Length="1" RootTermCovItemId="C71">
<MapEntry BoolAssgnmnt="0" Value="61"/>
<MapEntry BoolAssgnmnt="1" Value="61"/>
</AssgnmntListEntry>
<AssgnmntListEntry Length="1" RootTermCovItemId="C72">
<MapEntry BoolAssgnmnt="0" Value="44"/>
<MapEntry BoolAssgnmnt="1" Value="17"/>
</AssgnmntListEntry>
<AssgnmntListEntry Length="1" RootTermCovItemId="C73">
<MapEntry BoolAssgnmnt="0" Value="61"/>
<MapEntry BoolAssgnmnt="1" Value="61"/>
</AssgnmntListEntry>
<AssgnmntListEntry Length="1" RootTermCovItemId="C74">
<MapEntry BoolAssgnmnt="0" Value="45"/>
<MapEntry BoolAssgnmnt="1" Value="16"/>
</AssgnmntListEntry>
<AssgnmntListEntry Length="3" RootTermCovItemId="C75">
<MapEntry BoolAssgnmnt="012" Value="3"/>
<MapEntry BoolAssgnmnt="122" Value="1"/>
<MapEntry BoolAssgnmnt="001" Value="1"/>
</AssgnmntListEntry>
<AssgnmntListEntry Length="3" RootTermCovItemId="C76">
<MapEntry BoolAssgnmnt="011" Value="2"/>
<MapEntry BoolAssgnmnt="122" Value="1"/>
<MapEntry BoolAssgnmnt="002" Value="1"/>
</AssgnmntListEntry>
<AssgnmntListEntry Length="2" RootTermCovItemId="C77">
<MapEntry BoolAssgnmnt="02" Value="3"/>
</AssgnmntListEntry>
<AssgnmntListEntry Length="2" RootTermCovItemId="C8">
<MapEntry BoolAssgnmnt="02" Value="1"/>
<MapEntry BoolAssgnmnt="11" Value="1"/>
</AssgnmntListEntry>
<AssgnmntListEntry Length="1" RootTermCovItemId="C9">
<MapEntry BoolAssgnmnt="1" Value="1"/>
</AssgnmntListEntry>
</AssgnmntPrefix>
<AssgnmntPrefix RootTermCovItemPrefix="com.OriginalFiles.Board.java">
<AssgnmntListEntry Length="1" RootTermCovItemId="C14">
<MapEntry BoolAssgnmnt="0" Value="2"/>
<MapEntry BoolAssgnmnt="1" Value="8"/>
</AssgnmntListEntry>
<AssgnmntListEntry Length="1" RootTermCovItemId="C15">
<MapEntry BoolAssgnmnt="0" Value="8"/>
<MapEntry BoolAssgnmnt="1" Value="12"/>
</AssgnmntListEntry>
<AssgnmntListEntry Length="1" RootTermCovItemId="C16">
<MapEntry BoolAssgnmnt="0" Value="3"/>
<MapEntry BoolAssgnmnt="1" Value="9"/>
</AssgnmntListEntry>
<AssgnmntListEntry Length="4" RootTermCovItemId="C17">
<MapEntry BoolAssgnmnt="1122" Value="2"/>
<MapEntry BoolAssgnmnt="1010" Value="1"/>
<MapEntry BoolAssgnmnt="0222" Value="9"/>
</AssgnmntListEntry>
<AssgnmntListEntry Length="2" RootTermCovItemId="C18">
<MapEntry BoolAssgnmnt="10" Value="2"/>
<MapEntry BoolAssgnmnt="02" Value="9"/>
<MapEntry BoolAssgnmnt="11" Value="1"/>
</AssgnmntListEntry>
<AssgnmntListEntry Length="2" RootTermCovItemId="C19">
<MapEntry BoolAssgnmnt="10" Value="2"/>
<MapEntry BoolAssgnmnt="02" Value="7"/>
<MapEntry BoolAssgnmnt="11" Value="1"/>
</AssgnmntListEntry>
<AssgnmntListEntry Length="3" RootTermCovItemId="C20">
<MapEntry BoolAssgnmnt="022" Value="8"/>
</AssgnmntListEntry>
<AssgnmntListEntry Length="3" RootTermCovItemId="C21">
<MapEntry BoolAssgnmnt="022" Value="8"/>
</AssgnmntListEntry>
<AssgnmntListEntry Length="1" RootTermCovItemId="C22">
<MapEntry BoolAssgnmnt="0" Value="7"/>
<MapEntry BoolAssgnmnt="1" Value="1"/>
</AssgnmntListEntry>
<AssgnmntListEntry Length="1" RootTermCovItemId="C23">
<MapEntry BoolAssgnmnt="1" Value="7"/>
</AssgnmntListEntry>
<AssgnmntListEntry Length="1" RootTermCovItemId="C24">
<MapEntry BoolAssgnmnt="0" Value="2"/>
<MapEntry BoolAssgnmnt="1" Value="1"/>
</AssgnmntListEntry>
<AssgnmntListEntry Length="1" RootTermCovItemId="C25">
<MapEntry BoolAssgnmnt="1" Value="1"/>
</AssgnmntListEntry>
<AssgnmntListEntry Length="1" RootTermCovItemId="C26">
<MapEntry BoolAssgnmnt="0" Value="1"/>
</AssgnmntListEntry>
<AssgnmntListEntry Length="1" RootTermCovItemId="C27">
<MapEntry BoolAssgnmnt="1" Value="1"/>
</AssgnmntListEntry>
<AssgnmntListEntry Length="2" RootTermCovItemId="C28">
<MapEntry BoolAssgnmnt="02" Value="1"/>
</AssgnmntListEntry>
<AssgnmntListEntry Length="1" RootTermCovItemId="C29">
<MapEntry BoolAssgnmnt="1" Value="1"/>
</AssgnmntListEntry>
<AssgnmntListEntry Length="1" RootTermCovItemId="C30">
<MapEntry BoolAssgnmnt="1" Value="7"/>
</AssgnmntListEntry>
<AssgnmntListEntry Length="1" RootTermCovItemId="C31">
<MapEntry BoolAssgnmnt="0" Value="62"/>
<MapEntry BoolAssgnmnt="1" Value="335"/>
</AssgnmntListEntry>
<AssgnmntListEntry Length="1" RootTermCovItemId="C32">
<MapEntry BoolAssgnmnt="0" Value="192"/>
<MapEntry BoolAssgnmnt="1" Value="4"/>
</AssgnmntListEntry>
<AssgnmntListEntry Length="1" RootTermCovItemId="C33">
<MapEntry BoolAssgnmnt="0" Value="49"/>
<MapEntry BoolAssgnmnt="1" Value="143"/>
</AssgnmntListEntry>
<AssgnmntListEntry Length="1" RootTermCovItemId="C34">
<MapEntry BoolAssgnmnt="0" Value="45"/>
<MapEntry BoolAssgnmnt="1" Value="147"/>
</AssgnmntListEntry>
<AssgnmntListEntry Length="1" RootTermCovItemId="C35">
<MapEntry BoolAssgnmnt="0" Value="192"/>
</AssgnmntListEntry>
<AssgnmntListEntry Length="5" RootTermCovItemId="C38">
<MapEntry BoolAssgnmnt="02002" Value="198"/>
<MapEntry BoolAssgnmnt="10122" Value="196"/>
<MapEntry BoolAssgnmnt="11220" Value="196"/>
<MapEntry BoolAssgnmnt="02010" Value="188"/>
<MapEntry BoolAssgnmnt="02011" Value="4"/>
</AssgnmntListEntry>
<AssgnmntListEntry Length="1" RootTermCovItemId="C39">
<MapEntry BoolAssgnmnt="0" Value="124"/>
<MapEntry BoolAssgnmnt="1" Value="274"/>
</AssgnmntListEntry>
<AssgnmntListEntry Length="1" RootTermCovItemId="C40">
<MapEntry BoolAssgnmnt="0" Value="273"/>
<MapEntry BoolAssgnmnt="1" Value="1"/>
</AssgnmntListEntry>
<AssgnmntListEntry Length="2" RootTermCovItemId="C41">
<MapEntry BoolAssgnmnt="10" Value="5"/>
<MapEntry BoolAssgnmnt="02" Value="262"/>
<MapEntry BoolAssgnmnt="11" Value="6"/>
</AssgnmntListEntry>
<AssgnmntListEntry Length="1" RootTermCovItemId="C42">
<MapEntry BoolAssgnmnt="0" Value="256"/>
<MapEntry BoolAssgnmnt="1" Value="256"/>
</AssgnmntListEntry>
<AssgnmntListEntry Length="1" RootTermCovItemId="C43">
<MapEntry BoolAssgnmnt="0" Value="60"/>
<MapEntry BoolAssgnmnt="1" Value="196"/>
</AssgnmntListEntry>
<AssgnmntListEntry Length="1" RootTermCovItemId="C44">
<MapEntry BoolAssgnmnt="0" Value="98"/>
<MapEntry BoolAssgnmnt="1" Value="98"/>
</AssgnmntListEntry>
<AssgnmntListEntry Length="1" RootTermCovItemId="C53">
<MapEntry BoolAssgnmnt="1" Value="733"/>
</AssgnmntListEntry>
<AssgnmntListEntry Length="1" RootTermCovItemId="C54">
<MapEntry BoolAssgnmnt="0" Value="654"/>
<MapEntry BoolAssgnmnt="1" Value="79"/>
</AssgnmntListEntry>
<AssgnmntListEntry Length="3" RootTermCovItemId="C55">
<MapEntry BoolAssgnmnt="002" Value="425"/>
<MapEntry BoolAssgnmnt="120" Value="218"/>
<MapEntry BoolAssgnmnt="121" Value="211"/>
</AssgnmntListEntry>
<AssgnmntListEntry Length="3" RootTermCovItemId="C56">
<MapEntry BoolAssgnmnt="002" Value="211"/>
<MapEntry BoolAssgnmnt="120" Value="298"/>
<MapEntry BoolAssgnmnt="121" Value="127"/>
</AssgnmntListEntry>
</AssgnmntPrefix>
<AssgnmntPrefix RootTermCovItemPrefix="com.OriginalFiles.Field.java">
<AssgnmntListEntry Length="1" RootTermCovItemId="C1">
<MapEntry BoolAssgnmnt="0" Value="67"/>
<MapEntry BoolAssgnmnt="1" Value="16"/>
</AssgnmntListEntry>
</AssgnmntPrefix>
<AssgnmntPrefix RootTermCovItemPrefix="com.OriginalFiles.Piece.java">
<AssgnmntListEntry Length="2" RootTermCovItemId="C1">
<MapEntry BoolAssgnmnt="10" Value="52"/>
<MapEntry BoolAssgnmnt="02" Value="16"/>
<MapEntry BoolAssgnmnt="11" Value="1"/>
</AssgnmntListEntry>
<AssgnmntListEntry Length="5" RootTermCovItemId="C17">
<MapEntry BoolAssgnmnt="00210" Value="26"/>
<MapEntry BoolAssgnmnt="01002" Value="26"/>
<MapEntry BoolAssgnmnt="12222" Value="1"/>
</AssgnmntListEntry>
<AssgnmntListEntry Length="5" RootTermCovItemId="C18">
<MapEntry BoolAssgnmnt="00210" Value="18"/>
<MapEntry BoolAssgnmnt="00211" Value="8"/>
<MapEntry BoolAssgnmnt="01002" Value="18"/>
<MapEntry BoolAssgnmnt="12222" Value="1"/>
<MapEntry BoolAssgnmnt="01122" Value="8"/>
</AssgnmntListEntry>
<AssgnmntListEntry Length="1" RootTermCovItemId="C19">
<MapEntry BoolAssgnmnt="1" Value="16"/>
</AssgnmntListEntry>
<AssgnmntListEntry Length="2" RootTermCovItemId="C2">
<MapEntry BoolAssgnmnt="02" Value="1"/>
</AssgnmntListEntry>
<AssgnmntListEntry Length="1" RootTermCovItemId="C20">
<MapEntry BoolAssgnmnt="0" Value="52"/>
<MapEntry BoolAssgnmnt="1" Value="1"/>
</AssgnmntListEntry>
<AssgnmntListEntry Length="1" RootTermCovItemId="C3">
<MapEntry BoolAssgnmnt="0" Value="16"/>
<MapEntry BoolAssgnmnt="1" Value="53"/>
</AssgnmntListEntry>
<AssgnmntListEntry Length="1" RootTermCovItemId="C5">
<MapEntry BoolAssgnmnt="0" Value="26"/>
<MapEntry BoolAssgnmnt="1" Value="27"/>
</AssgnmntListEntry>
<AssgnmntListEntry Length="1" RootTermCovItemId="C6">
<MapEntry BoolAssgnmnt="0" Value="16"/>
<MapEntry BoolAssgnmnt="1" Value="53"/>
</AssgnmntListEntry>
<AssgnmntListEntry Length="1" RootTermCovItemId="C7">
<MapEntry BoolAssgnmnt="0" Value="52"/>
<MapEntry BoolAssgnmnt="1" Value="1"/>
</AssgnmntListEntry>
<AssgnmntListEntry Length="1" RootTermCovItemId="C8">
<MapEntry BoolAssgnmnt="1" Value="53"/>
</AssgnmntListEntry>
<AssgnmntListEntry Length="1" RootTermCovItemId="C9">
<MapEntry BoolAssgnmnt="0" Value="53"/>
</AssgnmntListEntry>
</AssgnmntPrefix>
<AssgnmntPrefix RootTermCovItemPrefix="com.OriginalFiles.RemoteNXTFunctions.java">
<AssgnmntListEntry Length="1" RootTermCovItemId="C5">
<MapEntry BoolAssgnmnt="1" Value="71"/>
</AssgnmntListEntry>
<AssgnmntListEntry Length="2" RootTermCovItemId="C6">
<MapEntry BoolAssgnmnt="10" Value="2"/>
<MapEntry BoolAssgnmnt="02" Value="5"/>
<MapEntry BoolAssgnmnt="11" Value="64"/>
</AssgnmntListEntry>
<AssgnmntListEntry Length="2" RootTermCovItemId="C7">
<MapEntry BoolAssgnmnt="02" Value="5"/>
<MapEntry BoolAssgnmnt="11" Value="2"/>
</AssgnmntListEntry>
<AssgnmntListEntry Length="2" RootTermCovItemId="C8">
<MapEntry BoolAssgnmnt="02" Value="4"/>
<MapEntry BoolAssgnmnt="11" Value="1"/>
</AssgnmntListEntry>
<AssgnmntListEntry Length="1" RootTermCovItemId="C9">
<MapEntry BoolAssgnmnt="0" Value="2"/>
<MapEntry BoolAssgnmnt="1" Value="2"/>
</AssgnmntListEntry>
</AssgnmntPrefix>
</AssgnmntList>
<ObjMetaDataList/>
<MetaDataList/>
</TestCase>
<TestCase Comment="" Date="1386064083438" Name="com.Testing.AnalyzeTest:testCheckMove">
<CovList>
<CovPrefix CovItemPrefix="com.OriginalFiles.Analyze.java">
<Cov CovItemId="B1" Value="95"/>
<Cov CovItemId="B10" Value="95"/>
<Cov CovItemId="B107" Value="32"/>
<Cov CovItemId="B108" Value="649"/>
<Cov CovItemId="B11" Value="95"/>
<Cov CovItemId="B110" Value="649"/>
<Cov CovItemId="B111" Value="167"/>
<Cov CovItemId="B112" Value="482"/>
<Cov CovItemId="B113" Value="4"/>
<Cov CovItemId="B114" Value="478"/>
<Cov CovItemId="B115" Value="190"/>
<Cov CovItemId="B120" Value="480"/>
<Cov CovItemId="B121" Value="11680"/>
<Cov CovItemId="B122" Value="290"/>
<Cov CovItemId="B123" Value="190"/>
<Cov CovItemId="B124" Value="290"/>
<Cov CovItemId="B126" Value="190"/>
<Cov CovItemId="B127" Value="290"/>
<Cov CovItemId="B128" Value="190"/>
<Cov CovItemId="B13" Value="123"/>
<Cov CovItemId="B131" Value="190"/>
<Cov CovItemId="B133" Value="190"/>
<Cov CovItemId="B134" Value="126"/>
<Cov CovItemId="B135" Value="64"/>
<Cov CovItemId="B136" Value="126"/>
<Cov CovItemId="B139" Value="126"/>
<Cov CovItemId="B14" Value="32"/>
<Cov CovItemId="B157" Value="252"/>
<Cov CovItemId="B16" Value="123"/>
<Cov CovItemId="B17" Value="67"/>
<Cov CovItemId="B18" Value="56"/>
<Cov CovItemId="B19" Value="28"/>
<Cov CovItemId="B20" Value="67"/>
<Cov CovItemId="B21" Value="12"/>
<Cov CovItemId="B22" Value="16"/>
<Cov CovItemId="B23" Value="12"/>
<Cov CovItemId="B24" Value="4"/>
<Cov CovItemId="B26" Value="123"/>
<Cov CovItemId="B3" Value="95"/>
<Cov CovItemId="B31" Value="67"/>
<Cov CovItemId="B32" Value="56"/>
<Cov CovItemId="B33" Value="123"/>
<Cov CovItemId="B35" Value="47"/>
<Cov CovItemId="B36" Value="76"/>
<Cov CovItemId="B37" Value="33"/>
<Cov CovItemId="B38" Value="14"/>
<Cov CovItemId="B39" Value="15"/>
<Cov CovItemId="B40" Value="61"/>
<Cov CovItemId="B41" Value="1"/>
<Cov CovItemId="B42" Value="14"/>
<Cov CovItemId="B43" Value="61"/>
<Cov CovItemId="B45" Value="15"/>
<Cov CovItemId="B46" Value="46"/>
<Cov CovItemId="B47" Value="1"/>
<Cov CovItemId="B48" Value="14"/>
<Cov CovItemId="B49" Value="46"/>
<Cov CovItemId="B5" Value="8"/>
<Cov CovItemId="B51" Value="32"/>
<Cov CovItemId="B52" Value="14"/>
<Cov CovItemId="B53" Value="123"/>
<Cov CovItemId="B55" Value="123"/>
<Cov CovItemId="B57" Value="123"/>
<Cov CovItemId="B59" Value="123"/>
<Cov CovItemId="B6" Value="87"/>
<Cov CovItemId="B61" Value="313"/>
<Cov CovItemId="B62" Value="95"/>
<Cov CovItemId="B63" Value="56"/>
<Cov CovItemId="B64" Value="352"/>
<Cov CovItemId="B7" Value="254"/>
<Cov CovItemId="B8" Value="5826"/>
<Cov CovItemId="B84" Value="67"/>
<Cov CovItemId="B9" Value="159"/>
<Cov CovItemId="B96" Value="95"/>
<Cov CovItemId="L1-2" Value="95"/>
<Cov CovItemId="L16-2" Value="190"/>
<Cov CovItemId="L17-2" Value="1520"/>
<Cov CovItemId="L2-2" Value="760"/>
<Cov CovItemId="L3-1" Value="63"/>
<Cov CovItemId="L3-2" Value="32"/>
<Cov CovItemId="L4-1" Value="14"/>
<Cov CovItemId="L4-2" Value="109"/>
<Cov CovItemId="S10" Value="95"/>
<Cov CovItemId="S11" Value="95"/>
<Cov CovItemId="S12" Value="95"/>
<Cov CovItemId="S13" Value="95"/>
<Cov CovItemId="S14" Value="95"/>
<Cov CovItemId="S149" Value="67"/>
<Cov CovItemId="S15" Value="95"/>
<Cov CovItemId="S168" Value="95"/>
<Cov CovItemId="S17" Value="95"/>
<Cov CovItemId="S18" Value="95"/>
<Cov CovItemId="S19" Value="8"/>
<Cov CovItemId="S199" Value="681"/>
<Cov CovItemId="S20" Value="8"/>
<Cov CovItemId="S200" Value="681"/>
<Cov CovItemId="S201" Value="681"/>
<Cov CovItemId="S202" Value="681"/>
<Cov CovItemId="S203" Value="681"/>
<Cov CovItemId="S204" Value="32"/>
<Cov CovItemId="S205" Value="649"/>
<Cov CovItemId="S207" Value="649"/>
<Cov CovItemId="S208" Value="167"/>
<Cov CovItemId="S209" Value="482"/>
<Cov CovItemId="S21" Value="95"/>
<Cov CovItemId="S210" Value="4"/>
<Cov CovItemId="S211" Value="478"/>
<Cov CovItemId="S212" Value="190"/>
<Cov CovItemId="S213" Value="190"/>
<Cov CovItemId="S22" Value="95"/>
<Cov CovItemId="S221" Value="190"/>
<Cov CovItemId="S222" Value="190"/>
<Cov CovItemId="S223" Value="190"/>
<Cov CovItemId="S224" Value="190"/>
<Cov CovItemId="S225" Value="190"/>
<Cov CovItemId="S226" Value="190"/>
<Cov CovItemId="S227" Value="1520"/>
<Cov CovItemId="S228" Value="12160"/>
<Cov CovItemId="S229" Value="480"/>
<Cov CovItemId="S23" Value="760"/>
<Cov CovItemId="S230" Value="290"/>
<Cov CovItemId="S231" Value="290"/>
<Cov CovItemId="S232" Value="290"/>
<Cov CovItemId="S233" Value="480"/>
<Cov CovItemId="S234" Value="190"/>
<Cov CovItemId="S235" Value="190"/>
<Cov CovItemId="S236" Value="190"/>
<Cov CovItemId="S237" Value="190"/>
<Cov CovItemId="S239" Value="190"/>
<Cov CovItemId="S24" Value="6080"/>
<Cov CovItemId="S241" Value="190"/>
<Cov CovItemId="S242" Value="126"/>
<Cov CovItemId="S243" Value="126"/>
<Cov CovItemId="S244" Value="126"/>
<Cov CovItemId="S245" Value="126"/>
<Cov CovItemId="S25" Value="254"/>
<Cov CovItemId="S250" Value="190"/>
<Cov CovItemId="S26" Value="159"/>
<Cov CovItemId="S267" Value="252"/>
<Cov CovItemId="S269" Value="252"/>
<Cov CovItemId="S27" Value="95"/>
<Cov CovItemId="S28" Value="95"/>
<Cov CovItemId="S29" Value="95"/>
<Cov CovItemId="S30" Value="95"/>
<Cov CovItemId="S31" Value="95"/>
<Cov CovItemId="S32" Value="95"/>
<Cov CovItemId="S33" Value="95"/>
<Cov CovItemId="S34" Value="155"/>
<Cov CovItemId="S35" Value="123"/>
<Cov CovItemId="S37" Value="123"/>
<Cov CovItemId="S38" Value="67"/>
<Cov CovItemId="S39" Value="28"/>
<Cov CovItemId="S40" Value="95"/>
<Cov CovItemId="S41" Value="28"/>
<Cov CovItemId="S42" Value="12"/>
<Cov CovItemId="S43" Value="12"/>
<Cov CovItemId="S44" Value="12"/>
<Cov CovItemId="S45" Value="16"/>
<Cov CovItemId="S46" Value="12"/>
<Cov CovItemId="S47" Value="12"/>
<Cov CovItemId="S48" Value="12"/>
<Cov CovItemId="S49" Value="12"/>
<Cov CovItemId="S50" Value="4"/>
<Cov CovItemId="S51" Value="123"/>
<Cov CovItemId="S52" Value="123"/>
<Cov CovItemId="S57" Value="123"/>
<Cov CovItemId="S58" Value="67"/>
<Cov CovItemId="S59" Value="123"/>
<Cov CovItemId="S6" Value="95"/>
<Cov CovItemId="S60" Value="123"/>
<Cov CovItemId="S61" Value="123"/>
<Cov CovItemId="S62" Value="47"/>
<Cov CovItemId="S63" Value="33"/>
<Cov CovItemId="S64" Value="33"/>
<Cov CovItemId="S65" Value="14"/>
<Cov CovItemId="S66" Value="76"/>
<Cov CovItemId="S67" Value="15"/>
<Cov CovItemId="S68" Value="1"/>
<Cov CovItemId="S69" Value="1"/>
<Cov CovItemId="S7" Value="95"/>
<Cov CovItemId="S70" Value="14"/>
<Cov CovItemId="S71" Value="61"/>
<Cov CovItemId="S72" Value="61"/>
<Cov CovItemId="S73" Value="15"/>
<Cov CovItemId="S74" Value="1"/>
<Cov CovItemId="S75" Value="1"/>
<Cov CovItemId="S76" Value="14"/>
<Cov CovItemId="S77" Value="46"/>
<Cov CovItemId="S78" Value="46"/>
<Cov CovItemId="S79" Value="32"/>
<Cov CovItemId="S8" Value="95"/>
<Cov CovItemId="S80" Value="32"/>
<Cov CovItemId="S81" Value="14"/>
<Cov CovItemId="S83" Value="123"/>
<Cov CovItemId="S84" Value="123"/>
<Cov CovItemId="S85" Value="123"/>
<Cov CovItemId="S86" Value="123"/>
<Cov CovItemId="S87" Value="123"/>
<Cov CovItemId="S88" Value="123"/>
<Cov CovItemId="S89" Value="123"/>
<Cov CovItemId="S9" Value="95"/>
<Cov CovItemId="S90" Value="123"/>
<Cov CovItemId="S91" Value="123"/>
<Cov CovItemId="S92" Value="123"/>
<Cov CovItemId="S93" Value="123"/>
<Cov CovItemId="S94" Value="408"/>
<Cov CovItemId="S95" Value="313"/>
<Cov CovItemId="S96" Value="408"/>
<Cov CovItemId="S97" Value="56"/>
<Cov CovItemId="S98" Value="67"/>
</CovPrefix>
<CovPrefix CovItemPrefix="com.OriginalFiles.Board.java">
<Cov CovItemId="B12" Value="96"/>
<Cov CovItemId="B14" Value="96"/>
<Cov CovItemId="B16" Value="96"/>
<Cov CovItemId="B18" Value="96"/>
<Cov CovItemId="B20" Value="96"/>
<Cov CovItemId="B22" Value="96"/>
<Cov CovItemId="B24" Value="96"/>
<Cov CovItemId="B25" Value="96"/>
<Cov CovItemId="B27" Value="60"/>
<Cov CovItemId="B28" Value="253"/>
<Cov CovItemId="B29" Value="60"/>
<Cov CovItemId="B31" Value="67"/>
<Cov CovItemId="B33" Value="67"/>
<Cov CovItemId="B36" Value="67"/>
<Cov CovItemId="B37" Value="67"/>
<Cov CovItemId="B39" Value="521"/>
<Cov CovItemId="B41" Value="3930"/>
<Cov CovItemId="B42" Value="264"/>
<Cov CovItemId="B44" Value="972"/>
<Cov CovItemId="B45" Value="968"/>
<Cov CovItemId="B46" Value="4"/>
<Cov CovItemId="B47" Value="968"/>
<Cov CovItemId="B48" Value="4"/>
<Cov CovItemId="B49" Value="972"/>
<Cov CovItemId="B51" Value="836"/>
<Cov CovItemId="B52" Value="136"/>
<Cov CovItemId="B53" Value="836"/>
<Cov CovItemId="B54" Value="136"/>
<Cov CovItemId="B56" Value="3888"/>
<Cov CovItemId="B57" Value="2968"/>
<Cov CovItemId="B58" Value="920"/>
<Cov CovItemId="B59" Value="2968"/>
<Cov CovItemId="B62" Value="2968"/>
<Cov CovItemId="B63" Value="12288"/>
<Cov CovItemId="B64" Value="12288"/>
<Cov CovItemId="B65" Value="972"/>
<Cov CovItemId="B66" Value="11316"/>
<Cov CovItemId="B67" Value="384"/>
<Cov CovItemId="B68" Value="588"/>
<Cov CovItemId="B71" Value="16"/>
<Cov CovItemId="B72" Value="16"/>
<Cov CovItemId="B73" Value="64"/>
<Cov CovItemId="B74" Value="64"/>
<Cov CovItemId="B75" Value="64"/>
<Cov CovItemId="B76" Value="64"/>
<Cov CovItemId="B77" Value="116"/>
<Cov CovItemId="B78" Value="12"/>
<Cov CovItemId="B79" Value="5534"/>
<Cov CovItemId="B81" Value="2329"/>
<Cov CovItemId="B82" Value="3205"/>
<Cov CovItemId="B83" Value="630"/>
<Cov CovItemId="B84" Value="1983"/>
<Cov CovItemId="B85" Value="664"/>
<Cov CovItemId="B86" Value="1319"/>
<Cov CovItemId="L10-2" Value="6144"/>
<Cov CovItemId="L11-1" Value="63"/>
<Cov CovItemId="L11-2" Value="32"/>
<Cov CovItemId="L12-0" Value="95"/>
<Cov CovItemId="L12-1" Value="32"/>
<Cov CovItemId="L12-2" Value="32"/>
<Cov CovItemId="L13-2" Value="384"/>
<Cov CovItemId="L14-2" Value="3072"/>
<Cov CovItemId="L15-2" Value="4"/>
<Cov CovItemId="L16-2" Value="16"/>
<Cov CovItemId="L17-2" Value="16"/>
<Cov CovItemId="L9-2" Value="768"/>
<Cov CovItemId="S100" Value="67"/>
<Cov CovItemId="S102" Value="67"/>
<Cov CovItemId="S104" Value="67"/>
<Cov CovItemId="S105" Value="67"/>
<Cov CovItemId="S106" Value="67"/>
<Cov CovItemId="S107" Value="67"/>
<Cov CovItemId="S108" Value="67"/>
<Cov CovItemId="S109" Value="67"/>
<Cov CovItemId="S110" Value="306"/>
<Cov CovItemId="S111" Value="521"/>
<Cov CovItemId="S112" Value="521"/>
<Cov CovItemId="S113" Value="521"/>
<Cov CovItemId="S115" Value="4194"/>
<Cov CovItemId="S116" Value="3930"/>
<Cov CovItemId="S117" Value="264"/>
<Cov CovItemId="S118" Value="972"/>
<Cov CovItemId="S119" Value="972"/>
<Cov CovItemId="S121" Value="972"/>
<Cov CovItemId="S122" Value="972"/>
<Cov CovItemId="S123" Value="972"/>
<Cov CovItemId="S124" Value="972"/>
<Cov CovItemId="S125" Value="968"/>
<Cov CovItemId="S126" Value="972"/>
<Cov CovItemId="S127" Value="968"/>
<Cov CovItemId="S128" Value="972"/>
<Cov CovItemId="S129" Value="972"/>
<Cov CovItemId="S130" Value="836"/>
<Cov CovItemId="S131" Value="972"/>
<Cov CovItemId="S132" Value="836"/>
<Cov CovItemId="S133" Value="972"/>
<Cov CovItemId="S134" Value="972"/>
<Cov CovItemId="S135" Value="3888"/>
<Cov CovItemId="S137" Value="3888"/>
<Cov CovItemId="S138" Value="2968"/>
<Cov CovItemId="S139" Value="2968"/>
<Cov CovItemId="S141" Value="3888"/>
<Cov CovItemId="S142" Value="3888"/>
<Cov CovItemId="S143" Value="384"/>
<Cov CovItemId="S144" Value="384"/>
<Cov CovItemId="S145" Value="3072"/>
<Cov CovItemId="S146" Value="24576"/>
<Cov CovItemId="S147" Value="12288"/>
<Cov CovItemId="S148" Value="972"/>
<Cov CovItemId="S149" Value="384"/>
<Cov CovItemId="S150" Value="588"/>
<Cov CovItemId="S151" Value="384"/>
<Cov CovItemId="S157" Value="4"/>
<Cov CovItemId="S158" Value="4"/>
<Cov CovItemId="S159" Value="32"/>
<Cov CovItemId="S160" Value="16"/>
<Cov CovItemId="S161" Value="128"/>
<Cov CovItemId="S162" Value="64"/>
<Cov CovItemId="S163" Value="16"/>
<Cov CovItemId="S164" Value="16"/>
<Cov CovItemId="S165" Value="128"/>
<Cov CovItemId="S166" Value="64"/>
<Cov CovItemId="S167" Value="16"/>
<Cov CovItemId="S168" Value="4"/>
<Cov CovItemId="S169" Value="128"/>
<Cov CovItemId="S170" Value="128"/>
<Cov CovItemId="S171" Value="116"/>
<Cov CovItemId="S172" Value="12"/>
<Cov CovItemId="S173" Value="12"/>
<Cov CovItemId="S174" Value="12"/>
<Cov CovItemId="S175" Value="12"/>
<Cov CovItemId="S176" Value="5534"/>
<Cov CovItemId="S177" Value="5534"/>
<Cov CovItemId="S178" Value="2329"/>
<Cov CovItemId="S179" Value="3205"/>
<Cov CovItemId="S180" Value="2613"/>
<Cov CovItemId="S181" Value="630"/>
<Cov CovItemId="S182" Value="1983"/>
<Cov CovItemId="S183" Value="664"/>
<Cov CovItemId="S184" Value="1319"/>
<Cov CovItemId="S185" Value="15233"/>
<Cov CovItemId="S61" Value="768"/>
<Cov CovItemId="S62" Value="6144"/>
<Cov CovItemId="S63" Value="49152"/>
<Cov CovItemId="S64" Value="95"/>
<Cov CovItemId="S65" Value="95"/>
<Cov CovItemId="S66" Value="95"/>
<Cov CovItemId="S67" Value="95"/>
<Cov CovItemId="S68" Value="159"/>
<Cov CovItemId="S69" Value="96"/>
<Cov CovItemId="S76" Value="159"/>
<Cov CovItemId="S77" Value="159"/>
<Cov CovItemId="S78" Value="96"/>
<Cov CovItemId="S80" Value="96"/>
<Cov CovItemId="S82" Value="96"/>
<Cov CovItemId="S84" Value="96"/>
<Cov CovItemId="S86" Value="96"/>
<Cov CovItemId="S88" Value="96"/>
<Cov CovItemId="S90" Value="96"/>
<Cov CovItemId="S91" Value="96"/>
<Cov CovItemId="S93" Value="384"/>
<Cov CovItemId="S94" Value="313"/>
<Cov CovItemId="S95" Value="60"/>
<Cov CovItemId="S96" Value="60"/>
<Cov CovItemId="S97" Value="253"/>
<Cov CovItemId="S98" Value="67"/>
<Cov CovItemId="S99" Value="67"/>
</CovPrefix>
<CovPrefix CovItemPrefix="com.OriginalFiles.Field.java">
<Cov CovItemId="B1" Value="159"/>
<Cov CovItemId="B2" Value="124"/>
<Cov CovItemId="S1" Value="88"/>
<Cov CovItemId="S13" Value="1155"/>
<Cov CovItemId="S2" Value="88"/>
<Cov CovItemId="S5" Value="283"/>
<Cov CovItemId="S6" Value="283"/>
<Cov CovItemId="S7" Value="159"/>
<Cov CovItemId="S8" Value="21812"/>
<Cov CovItemId="S9" Value="28054"/>
</CovPrefix>
<CovPrefix CovItemPrefix="com.OriginalFiles.Piece.java">
<Cov CovItemId="B1" Value="127"/>
<Cov CovItemId="B10" Value="120"/>
<Cov CovItemId="B11" Value="199"/>
<Cov CovItemId="B12" Value="8"/>
<Cov CovItemId="B13" Value="127"/>
<Cov CovItemId="B14" Value="72"/>
<Cov CovItemId="B15" Value="199"/>
<Cov CovItemId="B18" Value="199"/>
<Cov CovItemId="B2" Value="80"/>
<Cov CovItemId="B3" Value="55"/>
<Cov CovItemId="B34" Value="199"/>
<Cov CovItemId="B35" Value="16"/>
<Cov CovItemId="B36" Value="183"/>
<Cov CovItemId="B37" Value="16"/>
<Cov CovItemId="B39" Value="127"/>
<Cov CovItemId="B4" Value="72"/>
<Cov CovItemId="B40" Value="72"/>
<Cov CovItemId="B5" Value="199"/>
<Cov CovItemId="B6" Value="8"/>
<Cov CovItemId="B9" Value="79"/>
<Cov CovItemId="S1" Value="92"/>
<Cov CovItemId="S10" Value="92"/>
<Cov CovItemId="S11" Value="92"/>
<Cov CovItemId="S12" Value="92"/>
<Cov CovItemId="S13" Value="92"/>
<Cov CovItemId="S14" Value="92"/>
<Cov CovItemId="S15" Value="92"/>
<Cov CovItemId="S16" Value="92"/>
<Cov CovItemId="S17" Value="92"/>
<Cov CovItemId="S18" Value="92"/>
<Cov CovItemId="S19" Value="92"/>
<Cov CovItemId="S2" Value="92"/>
<Cov CovItemId="S20" Value="92"/>
<Cov CovItemId="S21" Value="92"/>
<Cov CovItemId="S23" Value="1008"/>
<Cov CovItemId="S24" Value="207"/>
<Cov CovItemId="S25" Value="207"/>
<Cov CovItemId="S26" Value="207"/>
<Cov CovItemId="S27" Value="127"/>
<Cov CovItemId="S28" Value="55"/>
<Cov CovItemId="S29" Value="127"/>
<Cov CovItemId="S3" Value="92"/>
<Cov CovItemId="S30" Value="80"/>
<Cov CovItemId="S31" Value="207"/>
<Cov CovItemId="S32" Value="207"/>
<Cov CovItemId="S33" Value="199"/>
<Cov CovItemId="S34" Value="8"/>
<Cov CovItemId="S35" Value="8"/>
<Cov CovItemId="S39" Value="199"/>
<Cov CovItemId="S4" Value="92"/>
<Cov CovItemId="S40" Value="79"/>
<Cov CovItemId="S41" Value="120"/>
<Cov CovItemId="S42" Value="207"/>
<Cov CovItemId="S43" Value="207"/>
<Cov CovItemId="S44" Value="199"/>
<Cov CovItemId="S45" Value="199"/>
<Cov CovItemId="S46" Value="199"/>
<Cov CovItemId="S47" Value="127"/>
<Cov CovItemId="S48" Value="199"/>
<Cov CovItemId="S49" Value="199"/>
<Cov CovItemId="S5" Value="92"/>
<Cov CovItemId="S50" Value="199"/>
<Cov CovItemId="S6" Value="92"/>
<Cov CovItemId="S65" Value="199"/>
<Cov CovItemId="S67" Value="199"/>
<Cov CovItemId="S68" Value="16"/>
<Cov CovItemId="S69" Value="16"/>
<Cov CovItemId="S7" Value="92"/>
<Cov CovItemId="S70" Value="16"/>
<Cov CovItemId="S71" Value="199"/>
<Cov CovItemId="S72" Value="127"/>
<Cov CovItemId="S73" Value="199"/>
<Cov CovItemId="S8" Value="92"/>
<Cov CovItemId="S9" Value="92"/>
</CovPrefix>
<CovPrefix CovItemPrefix="com.OriginalFiles.RemoteNXTFunctions.java">
<Cov CovItemId="B100" Value="64"/>
<Cov CovItemId="B101" Value="9"/>
<Cov CovItemId="B102" Value="55"/>
<Cov CovItemId="B103" Value="95"/>
<Cov CovItemId="B104" Value="423"/>
<Cov CovItemId="B105" Value="15"/>
<Cov CovItemId="B106" Value="80"/>
<Cov CovItemId="B107" Value="15"/>
<Cov CovItemId="B108" Value="65"/>
<Cov CovItemId="B109" Value="15"/>
<Cov CovItemId="B110" Value="50"/>
<Cov CovItemId="B111" Value="9"/>
<Cov CovItemId="B112" Value="41"/>
<Cov CovItemId="B113" Value="109"/>
<Cov CovItemId="B114" Value="314"/>
<Cov CovItemId="B115" Value="15"/>
<Cov CovItemId="B116" Value="94"/>
<Cov CovItemId="B117" Value="15"/>
<Cov CovItemId="B118" Value="79"/>
<Cov CovItemId="B119" Value="15"/>
<Cov CovItemId="B120" Value="64"/>
<Cov CovItemId="B121" Value="9"/>
<Cov CovItemId="B122" Value="55"/>
<Cov CovItemId="B123" Value="95"/>
<Cov CovItemId="B124" Value="219"/>
<Cov CovItemId="B125" Value="15"/>
<Cov CovItemId="B126" Value="80"/>
<Cov CovItemId="B127" Value="15"/>
<Cov CovItemId="B128" Value="65"/>
<Cov CovItemId="B129" Value="15"/>
<Cov CovItemId="B130" Value="50"/>
<Cov CovItemId="B131" Value="9"/>
<Cov CovItemId="B132" Value="41"/>
<Cov CovItemId="B134" Value="219"/>
<Cov CovItemId="B142" Value="219"/>
<Cov CovItemId="B15" Value="64"/>
<Cov CovItemId="B16" Value="585"/>
<Cov CovItemId="B17" Value="32"/>
<Cov CovItemId="B18" Value="32"/>
<Cov CovItemId="B19" Value="32"/>
<Cov CovItemId="B23" Value="155"/>
<Cov CovItemId="B24" Value="494"/>
<Cov CovItemId="B25" Value="31"/>
<Cov CovItemId="B26" Value="124"/>
<Cov CovItemId="B27" Value="31"/>
<Cov CovItemId="B28" Value="93"/>
<Cov CovItemId="B30" Value="93"/>
<Cov CovItemId="B32" Value="649"/>
<Cov CovItemId="B40" Value="649"/>
<Cov CovItemId="B5" Value="32"/>
<Cov CovItemId="B50" Value="649"/>
<Cov CovItemId="B56" Value="649"/>
<Cov CovItemId="B6" Value="649"/>
<Cov CovItemId="B61" Value="5"/>
<Cov CovItemId="B62" Value="644"/>
<Cov CovItemId="B63" Value="1"/>
<Cov CovItemId="B64" Value="4"/>
<Cov CovItemId="B65" Value="1"/>
<Cov CovItemId="B66" Value="3"/>
<Cov CovItemId="B67" Value="2"/>
<Cov CovItemId="B68" Value="1"/>
<Cov CovItemId="B69" Value="4"/>
<Cov CovItemId="B7" Value="32"/>
<Cov CovItemId="B70" Value="640"/>
<Cov CovItemId="B71" Value="1"/>
<Cov CovItemId="B72" Value="3"/>
<Cov CovItemId="B73" Value="1"/>
<Cov CovItemId="B74" Value="2"/>
<Cov CovItemId="B75" Value="2"/>
<Cov CovItemId="B77" Value="7"/>
<Cov CovItemId="B78" Value="633"/>
<Cov CovItemId="B79" Value="1"/>
<Cov CovItemId="B80" Value="6"/>
<Cov CovItemId="B81" Value="1"/>
<Cov CovItemId="B82" Value="5"/>
<Cov CovItemId="B83" Value="2"/>
<Cov CovItemId="B84" Value="3"/>
<Cov CovItemId="B85" Value="6"/>
<Cov CovItemId="B86" Value="627"/>
<Cov CovItemId="B87" Value="1"/>
<Cov CovItemId="B88" Value="5"/>
<Cov CovItemId="B89" Value="1"/>
<Cov CovItemId="B90" Value="4"/>
<Cov CovItemId="B91" Value="2"/>
<Cov CovItemId="B92" Value="2"/>
<Cov CovItemId="B93" Value="109"/>
<Cov CovItemId="B94" Value="518"/>
<Cov CovItemId="B95" Value="15"/>
<Cov CovItemId="B96" Value="94"/>
<Cov CovItemId="B97" Value="15"/>
<Cov CovItemId="B98" Value="79"/>
<Cov CovItemId="B99" Value="15"/>
<Cov CovItemId="S100" Value="633"/>
<Cov CovItemId="S101" Value="6"/>
<Cov CovItemId="S102" Value="1"/>
<Cov CovItemId="S103" Value="5"/>
<Cov CovItemId="S104" Value="1"/>
<Cov CovItemId="S105" Value="4"/>
<Cov CovItemId="S106" Value="2"/>
<Cov CovItemId="S107" Value="2"/>
<Cov CovItemId="S108" Value="627"/>
<Cov CovItemId="S109" Value="109"/>
<Cov CovItemId="S110" Value="15"/>
<Cov CovItemId="S111" Value="94"/>
<Cov CovItemId="S112" Value="15"/>
<Cov CovItemId="S113" Value="79"/>
<Cov CovItemId="S114" Value="15"/>
<Cov CovItemId="S115" Value="64"/>
<Cov CovItemId="S116" Value="9"/>
<Cov CovItemId="S117" Value="55"/>
<Cov CovItemId="S118" Value="518"/>
<Cov CovItemId="S119" Value="95"/>
<Cov CovItemId="S120" Value="15"/>
<Cov CovItemId="S121" Value="80"/>
<Cov CovItemId="S122" Value="15"/>
<Cov CovItemId="S123" Value="65"/>
<Cov CovItemId="S124" Value="15"/>
<Cov CovItemId="S125" Value="50"/>
<Cov CovItemId="S126" Value="9"/>
<Cov CovItemId="S127" Value="41"/>
<Cov CovItemId="S128" Value="423"/>
<Cov CovItemId="S129" Value="109"/>
<Cov CovItemId="S130" Value="15"/>
<Cov CovItemId="S131" Value="94"/>
<Cov CovItemId="S132" Value="15"/>
<Cov CovItemId="S133" Value="79"/>
<Cov CovItemId="S134" Value="15"/>
<Cov CovItemId="S135" Value="64"/>
<Cov CovItemId="S136" Value="9"/>
<Cov CovItemId="S137" Value="55"/>
<Cov CovItemId="S138" Value="314"/>
<Cov CovItemId="S139" Value="95"/>
<Cov CovItemId="S140" Value="15"/>
<Cov CovItemId="S141" Value="80"/>
<Cov CovItemId="S142" Value="15"/>
<Cov CovItemId="S143" Value="65"/>
<Cov CovItemId="S144" Value="15"/>
<Cov CovItemId="S145" Value="50"/>
<Cov CovItemId="S146" Value="9"/>
<Cov CovItemId="S147" Value="41"/>
<Cov CovItemId="S148" Value="219"/>
<Cov CovItemId="S156" Value="219"/>
<Cov CovItemId="S162" Value="681"/>
<Cov CovItemId="S19" Value="681"/>
<Cov CovItemId="S20" Value="681"/>
<Cov CovItemId="S21" Value="32"/>
<Cov CovItemId="S22" Value="32"/>
<Cov CovItemId="S30" Value="649"/>
<Cov CovItemId="S31" Value="64"/>
<Cov CovItemId="S32" Value="32"/>
<Cov CovItemId="S33" Value="32"/>
<Cov CovItemId="S34" Value="32"/>
<Cov CovItemId="S38" Value="649"/>
<Cov CovItemId="S39" Value="155"/>
<Cov CovItemId="S4" Value="20"/>
<Cov CovItemId="S40" Value="31"/>
<Cov CovItemId="S41" Value="124"/>
<Cov CovItemId="S42" Value="31"/>
<Cov CovItemId="S43" Value="93"/>
<Cov CovItemId="S45" Value="93"/>
<Cov CovItemId="S46" Value="649"/>
<Cov CovItemId="S54" Value="649"/>
<Cov CovItemId="S64" Value="649"/>
<Cov CovItemId="S70" Value="649"/>
<Cov CovItemId="S76" Value="649"/>
<Cov CovItemId="S77" Value="5"/>
<Cov CovItemId="S78" Value="1"/>
<Cov CovItemId="S79" Value="4"/>
<Cov CovItemId="S80" Value="1"/>
<Cov CovItemId="S81" Value="3"/>
<Cov CovItemId="S82" Value="2"/>
<Cov CovItemId="S83" Value="1"/>
<Cov CovItemId="S84" Value="644"/>
<Cov CovItemId="S85" Value="4"/>
<Cov CovItemId="S86" Value="1"/>
<Cov CovItemId="S87" Value="3"/>
<Cov CovItemId="S88" Value="1"/>
<Cov CovItemId="S89" Value="2"/>
<Cov CovItemId="S90" Value="2"/>
<Cov CovItemId="S92" Value="640"/>
<Cov CovItemId="S93" Value="7"/>
<Cov CovItemId="S94" Value="1"/>
<Cov CovItemId="S95" Value="6"/>
<Cov CovItemId="S96" Value="1"/>
<Cov CovItemId="S97" Value="5"/>
<Cov CovItemId="S98" Value="2"/>
<Cov CovItemId="S99" Value="3"/>
</CovPrefix>
</CovList>
<AssgnmntList>
<AssgnmntPrefix RootTermCovItemPrefix="com.OriginalFiles.Analyze.java">
<AssgnmntListEntry Length="1" RootTermCovItemId="C1">
<MapEntry BoolAssgnmnt="0" Value="95"/>
</AssgnmntListEntry>
<AssgnmntListEntry Length="1" RootTermCovItemId="C10">
<MapEntry BoolAssgnmnt="0" Value="28"/>
<MapEntry BoolAssgnmnt="1" Value="67"/>
</AssgnmntListEntry>
<AssgnmntListEntry Length="1" RootTermCovItemId="C11">
<MapEntry BoolAssgnmnt="0" Value="16"/>
<MapEntry BoolAssgnmnt="1" Value="12"/>
</AssgnmntListEntry>
<AssgnmntListEntry Length="1" RootTermCovItemId="C12">
<MapEntry BoolAssgnmnt="0" Value="4"/>
<MapEntry BoolAssgnmnt="1" Value="12"/>
</AssgnmntListEntry>
<AssgnmntListEntry Length="1" RootTermCovItemId="C13">
<MapEntry BoolAssgnmnt="0" Value="123"/>
</AssgnmntListEntry>
<AssgnmntListEntry Length="1" RootTermCovItemId="C16">
<MapEntry BoolAssgnmnt="0" Value="56"/>
<MapEntry BoolAssgnmnt="1" Value="67"/>
</AssgnmntListEntry>
<AssgnmntListEntry Length="1" RootTermCovItemId="C17">
<MapEntry BoolAssgnmnt="1" Value="123"/>
</AssgnmntListEntry>
<AssgnmntListEntry Length="1" RootTermCovItemId="C18">
<MapEntry BoolAssgnmnt="0" Value="76"/>
<MapEntry BoolAssgnmnt="1" Value="47"/>
</AssgnmntListEntry>
<AssgnmntListEntry Length="1" RootTermCovItemId="C19">
<MapEntry BoolAssgnmnt="0" Value="14"/>
<MapEntry BoolAssgnmnt="1" Value="33"/>
</AssgnmntListEntry>
<AssgnmntListEntry Length="1" RootTermCovItemId="C2">
<MapEntry BoolAssgnmnt="0" Value="95"/>
</AssgnmntListEntry>
<AssgnmntListEntry Length="1" RootTermCovItemId="C20">
<MapEntry BoolAssgnmnt="0" Value="61"/>
<MapEntry BoolAssgnmnt="1" Value="15"/>
</AssgnmntListEntry>
<AssgnmntListEntry Length="1" RootTermCovItemId="C21">
<MapEntry BoolAssgnmnt="0" Value="14"/>
<MapEntry BoolAssgnmnt="1" Value="1"/>
</AssgnmntListEntry>
<AssgnmntListEntry Length="1" RootTermCovItemId="C22">
<MapEntry BoolAssgnmnt="1" Value="61"/>
</AssgnmntListEntry>
<AssgnmntListEntry Length="1" RootTermCovItemId="C23">
<MapEntry BoolAssgnmnt="0" Value="46"/>
<MapEntry BoolAssgnmnt="1" Value="15"/>
</AssgnmntListEntry>
<AssgnmntListEntry Length="1" RootTermCovItemId="C24">
<MapEntry BoolAssgnmnt="0" Value="14"/>
<MapEntry BoolAssgnmnt="1" Value="1"/>
</AssgnmntListEntry>
<AssgnmntListEntry Length="1" RootTermCovItemId="C25">
<MapEntry BoolAssgnmnt="1" Value="46"/>
</AssgnmntListEntry>
<AssgnmntListEntry Length="1" RootTermCovItemId="C26">
<MapEntry BoolAssgnmnt="0" Value="14"/>
<MapEntry BoolAssgnmnt="1" Value="32"/>
</AssgnmntListEntry>
<AssgnmntListEntry Length="1" RootTermCovItemId="C27">
<MapEntry BoolAssgnmnt="1" Value="123"/>
</AssgnmntListEntry>
<AssgnmntListEntry Length="1" RootTermCovItemId="C28">
<MapEntry BoolAssgnmnt="1" Value="123"/>
</AssgnmntListEntry>
<AssgnmntListEntry Length="1" RootTermCovItemId="C29">
<MapEntry BoolAssgnmnt="1" Value="123"/>
</AssgnmntListEntry>
<AssgnmntListEntry Length="1" RootTermCovItemId="C3">
<MapEntry BoolAssgnmnt="0" Value="87"/>
<MapEntry BoolAssgnmnt="1" Value="8"/>
</AssgnmntListEntry>
<AssgnmntListEntry Length="1" RootTermCovItemId="C30">
<MapEntry BoolAssgnmnt="1" Value="123"/>
</AssgnmntListEntry>
<AssgnmntListEntry Length="1" RootTermCovItemId="C31">
<MapEntry BoolAssgnmnt="0" Value="67"/>
<MapEntry BoolAssgnmnt="1" Value="408"/>
</AssgnmntListEntry>
<AssgnmntListEntry Length="2" RootTermCovItemId="C32">
<MapEntry BoolAssgnmnt="10" Value="123"/>
<MapEntry BoolAssgnmnt="02" Value="190"/>
<MapEntry BoolAssgnmnt="11" Value="95"/>
</AssgnmntListEntry>
<AssgnmntListEntry Length="1" RootTermCovItemId="C33">
<MapEntry BoolAssgnmnt="0" Value="56"/>
<MapEntry BoolAssgnmnt="1" Value="352"/>
</AssgnmntListEntry>
<AssgnmntListEntry Length="1" RootTermCovItemId="C4">
<MapEntry BoolAssgnmnt="0" Value="254"/>
<MapEntry BoolAssgnmnt="1" Value="5826"/>
</AssgnmntListEntry>
<AssgnmntListEntry Length="1" RootTermCovItemId="C49">
<MapEntry BoolAssgnmnt="0" Value="67"/>
</AssgnmntListEntry>
<AssgnmntListEntry Length="2" RootTermCovItemId="C5">
<MapEntry BoolAssgnmnt="10" Value="95"/>
<MapEntry BoolAssgnmnt="11" Value="159"/>
</AssgnmntListEntry>
<AssgnmntListEntry Length="1" RootTermCovItemId="C56">
<MapEntry BoolAssgnmnt="0" Value="95"/>
</AssgnmntListEntry>
<AssgnmntListEntry Length="1" RootTermCovItemId="C6">
<MapEntry BoolAssgnmnt="1" Value="95"/>
</AssgnmntListEntry>
<AssgnmntListEntry Length="6" RootTermCovItemId="C66">
<MapEntry BoolAssgnmnt="022222" Value="649"/>
<MapEntry BoolAssgnmnt="111111" Value="32"/>
</AssgnmntListEntry>
<AssgnmntListEntry Length="6" RootTermCovItemId="C67">
<MapEntry BoolAssgnmnt="022222" Value="649"/>
</AssgnmntListEntry>
<AssgnmntListEntry Length="6" RootTermCovItemId="C68">
<MapEntry BoolAssgnmnt="102222" Value="482"/>
<MapEntry BoolAssgnmnt="111111" Value="167"/>
</AssgnmntListEntry>
<AssgnmntListEntry Length="6" RootTermCovItemId="C69">
<MapEntry BoolAssgnmnt="102222" Value="478"/>
<MapEntry BoolAssgnmnt="111111" Value="4"/>
</AssgnmntListEntry>
<AssgnmntListEntry Length="1" RootTermCovItemId="C7">
<MapEntry BoolAssgnmnt="0" Value="32"/>
<MapEntry BoolAssgnmnt="1" Value="123"/>
</AssgnmntListEntry>
<AssgnmntListEntry Length="1" RootTermCovItemId="C70">
<MapEntry BoolAssgnmnt="0" Value="480"/>
<MapEntry BoolAssgnmnt="1" Value="11680"/>
</AssgnmntListEntry>
<AssgnmntListEntry Length="1" RootTermCovItemId="C71">
<MapEntry BoolAssgnmnt="0" Value="190"/>
<MapEntry BoolAssgnmnt="1" Value="290"/>
</AssgnmntListEntry>
<AssgnmntListEntry Length="1" RootTermCovItemId="C72">
<MapEntry BoolAssgnmnt="1" Value="290"/>
</AssgnmntListEntry>
<AssgnmntListEntry Length="1" RootTermCovItemId="C73">
<MapEntry BoolAssgnmnt="0" Value="290"/>
<MapEntry BoolAssgnmnt="1" Value="190"/>
</AssgnmntListEntry>
<AssgnmntListEntry Length="1" RootTermCovItemId="C74">
<MapEntry BoolAssgnmnt="1" Value="190"/>
</AssgnmntListEntry>
<AssgnmntListEntry Length="3" RootTermCovItemId="C75">
<MapEntry BoolAssgnmnt="012" Value="95"/>
<MapEntry BoolAssgnmnt="001" Value="95"/>
</AssgnmntListEntry>
<AssgnmntListEntry Length="3" RootTermCovItemId="C76">
<MapEntry BoolAssgnmnt="011" Value="95"/>
<MapEntry BoolAssgnmnt="002" Value="95"/>
</AssgnmntListEntry>
<AssgnmntListEntry Length="2" RootTermCovItemId="C77">
<MapEntry BoolAssgnmnt="10" Value="64"/>
<MapEntry BoolAssgnmnt="11" Value="126"/>
</AssgnmntListEntry>
<AssgnmntListEntry Length="2" RootTermCovItemId="C78">
<MapEntry BoolAssgnmnt="11" Value="126"/>
</AssgnmntListEntry>
<AssgnmntListEntry Length="2" RootTermCovItemId="C79">
<MapEntry BoolAssgnmnt="00" Value="126"/>
</AssgnmntListEntry>
<AssgnmntListEntry Length="2" RootTermCovItemId="C8">
<MapEntry BoolAssgnmnt="02" Value="123"/>
</AssgnmntListEntry>
<AssgnmntListEntry Length="1" RootTermCovItemId="C9">
<MapEntry BoolAssgnmnt="0" Value="56"/>
<MapEntry BoolAssgnmnt="1" Value="67"/>
</AssgnmntListEntry>
<AssgnmntListEntry Length="8" RootTermCovItemId="C90">
<MapEntry BoolAssgnmnt="02020202" Value="252"/>
</AssgnmntListEntry>
</AssgnmntPrefix>
<AssgnmntPrefix RootTermCovItemPrefix="com.OriginalFiles.Board.java">
<AssgnmntListEntry Length="1" RootTermCovItemId="C14">
<MapEntry BoolAssgnmnt="0" Value="95"/>
<MapEntry BoolAssgnmnt="1" Value="159"/>
</AssgnmntListEntry>
<AssgnmntListEntry Length="1" RootTermCovItemId="C15">
<MapEntry BoolAssgnmnt="0" Value="159"/>
<MapEntry BoolAssgnmnt="1" Value="96"/>
</AssgnmntListEntry>
<AssgnmntListEntry Length="1" RootTermCovItemId="C16">
<MapEntry BoolAssgnmnt="1" Value="96"/>
</AssgnmntListEntry>
<AssgnmntListEntry Length="4" RootTermCovItemId="C17">
<MapEntry BoolAssgnmnt="0222" Value="96"/>
</AssgnmntListEntry>
<AssgnmntListEntry Length="2" RootTermCovItemId="C18">
<MapEntry BoolAssgnmnt="02" Value="96"/>
</AssgnmntListEntry>
<AssgnmntListEntry Length="2" RootTermCovItemId="C19">
<MapEntry BoolAssgnmnt="02" Value="96"/>
</AssgnmntListEntry>
<AssgnmntListEntry Length="3" RootTermCovItemId="C20">
<MapEntry BoolAssgnmnt="022" Value="96"/>
</AssgnmntListEntry>
<AssgnmntListEntry Length="3" RootTermCovItemId="C21">
<MapEntry BoolAssgnmnt="022" Value="96"/>
</AssgnmntListEntry>
<AssgnmntListEntry Length="1" RootTermCovItemId="C22">
<MapEntry BoolAssgnmnt="0" Value="96"/>
</AssgnmntListEntry>
<AssgnmntListEntry Length="1" RootTermCovItemId="C23">
<MapEntry BoolAssgnmnt="1" Value="96"/>
</AssgnmntListEntry>
<AssgnmntListEntry Length="1" RootTermCovItemId="C24">
<MapEntry BoolAssgnmnt="0" Value="253"/>
<MapEntry BoolAssgnmnt="1" Value="60"/>
</AssgnmntListEntry>
<AssgnmntListEntry Length="1" RootTermCovItemId="C25">
<MapEntry BoolAssgnmnt="1" Value="60"/>
</AssgnmntListEntry>
<AssgnmntListEntry Length="1" RootTermCovItemId="C26">
<MapEntry BoolAssgnmnt="0" Value="67"/>
</AssgnmntListEntry>
<AssgnmntListEntry Length="1" RootTermCovItemId="C27">
<MapEntry BoolAssgnmnt="1" Value="67"/>
</AssgnmntListEntry>
<AssgnmntListEntry Length="2" RootTermCovItemId="C28">
<MapEntry BoolAssgnmnt="02" Value="67"/>
</AssgnmntListEntry>
<AssgnmntListEntry Length="1" RootTermCovItemId="C29">
<MapEntry BoolAssgnmnt="1" Value="67"/>
</AssgnmntListEntry>
<AssgnmntListEntry Length="1" RootTermCovItemId="C30">
<MapEntry BoolAssgnmnt="1" Value="521"/>
</AssgnmntListEntry>
<AssgnmntListEntry Length="1" RootTermCovItemId="C31">
<MapEntry BoolAssgnmnt="0" Value="264"/>
<MapEntry BoolAssgnmnt="1" Value="3930"/>
</AssgnmntListEntry>
<AssgnmntListEntry Length="1" RootTermCovItemId="C32">
<MapEntry BoolAssgnmnt="0" Value="972"/>
</AssgnmntListEntry>
<AssgnmntListEntry Length="1" RootTermCovItemId="C33">
<MapEntry BoolAssgnmnt="0" Value="968"/>
<MapEntry BoolAssgnmnt="1" Value="4"/>
</AssgnmntListEntry>
<AssgnmntListEntry Length="1" RootTermCovItemId="C34">
<MapEntry BoolAssgnmnt="0" Value="968"/>
<MapEntry BoolAssgnmnt="1" Value="4"/>
</AssgnmntListEntry>
<AssgnmntListEntry Length="1" RootTermCovItemId="C35">
<MapEntry BoolAssgnmnt="1" Value="972"/>
</AssgnmntListEntry>
<AssgnmntListEntry Length="1" RootTermCovItemId="C36">
<MapEntry BoolAssgnmnt="0" Value="836"/>
<MapEntry BoolAssgnmnt="1" Value="136"/>
</AssgnmntListEntry>
<AssgnmntListEntry Length="1" RootTermCovItemId="C37">
<MapEntry BoolAssgnmnt="0" Value="836"/>
<MapEntry BoolAssgnmnt="1" Value="136"/>
</AssgnmntListEntry>
<AssgnmntListEntry Length="5" RootTermCovItemId="C38">
<MapEntry BoolAssgnmnt="02002" Value="1176"/>
<MapEntry BoolAssgnmnt="10122" Value="768"/>
<MapEntry BoolAssgnmnt="11221" Value="768"/>
<MapEntry BoolAssgnmnt="02011" Value="1176"/>
</AssgnmntListEntry>
<AssgnmntListEntry Length="1" RootTermCovItemId="C39">
<MapEntry BoolAssgnmnt="0" Value="920"/>
<MapEntry BoolAssgnmnt="1" Value="2968"/>
</AssgnmntListEntry>
<AssgnmntListEntry Length="1" RootTermCovItemId="C40">
<MapEntry BoolAssgnmnt="0" Value="2968"/>
</AssgnmntListEntry>
<AssgnmntListEntry Length="2" RootTermCovItemId="C41">
<MapEntry BoolAssgnmnt="02" Value="2968"/>
</AssgnmntListEntry>
<AssgnmntListEntry Length="1" RootTermCovItemId="C42">
<MapEntry BoolAssgnmnt="0" Value="12288"/>
<MapEntry BoolAssgnmnt="1" Value="12288"/>
</AssgnmntListEntry>
<AssgnmntListEntry Length="1" RootTermCovItemId="C43">
<MapEntry BoolAssgnmnt="0" Value="11316"/>
<MapEntry BoolAssgnmnt="1" Value="972"/>
</AssgnmntListEntry>
<AssgnmntListEntry Length="1" RootTermCovItemId="C44">
<MapEntry BoolAssgnmnt="0" Value="588"/>
<MapEntry BoolAssgnmnt="1" Value="384"/>
</AssgnmntListEntry>
<AssgnmntListEntry Length="1" RootTermCovItemId="C46">
<MapEntry BoolAssgnmnt="0" Value="4"/>
<MapEntry BoolAssgnmnt="1" Value="32"/>
</AssgnmntListEntry>
<AssgnmntListEntry Length="1" RootTermCovItemId="C47">
<MapEntry BoolAssgnmnt="0" Value="16"/>
<MapEntry BoolAssgnmnt="1" Value="16"/>
</AssgnmntListEntry>
<AssgnmntListEntry Length="1" RootTermCovItemId="C48">
<MapEntry BoolAssgnmnt="0" Value="16"/>
<MapEntry BoolAssgnmnt="1" Value="128"/>
</AssgnmntListEntry>
<AssgnmntListEntry Length="1" RootTermCovItemId="C49">
<MapEntry BoolAssgnmnt="0" Value="64"/>
<MapEntry BoolAssgnmnt="1" Value="64"/>
</AssgnmntListEntry>
<AssgnmntListEntry Length="1" RootTermCovItemId="C50">
<MapEntry BoolAssgnmnt="0" Value="16"/>
<MapEntry BoolAssgnmnt="1" Value="128"/>
</AssgnmntListEntry>
<AssgnmntListEntry Length="1" RootTermCovItemId="C51">
<MapEntry BoolAssgnmnt="0" Value="64"/>
<MapEntry BoolAssgnmnt="1" Value="64"/>
</AssgnmntListEntry>
<AssgnmntListEntry Length="1" RootTermCovItemId="C52">
<MapEntry BoolAssgnmnt="0" Value="12"/>
<MapEntry BoolAssgnmnt="1" Value="116"/>
</AssgnmntListEntry>
<AssgnmntListEntry Length="1" RootTermCovItemId="C53">
<MapEntry BoolAssgnmnt="1" Value="5534"/>
</AssgnmntListEntry>
<AssgnmntListEntry Length="1" RootTermCovItemId="C54">
<MapEntry BoolAssgnmnt="0" Value="2329"/>
<MapEntry BoolAssgnmnt="1" Value="3205"/>
</AssgnmntListEntry>
<AssgnmntListEntry Length="3" RootTermCovItemId="C55">
<MapEntry BoolAssgnmnt="011" Value="317"/>
<MapEntry BoolAssgnmnt="010" Value="606"/>
<MapEntry BoolAssgnmnt="002" Value="1642"/>
<MapEntry BoolAssgnmnt="120" Value="24"/>
<MapEntry BoolAssgnmnt="121" Value="24"/>
</AssgnmntListEntry>
<AssgnmntListEntry Length="3" RootTermCovItemId="C56">
<MapEntry BoolAssgnmnt="011" Value="640"/>
<MapEntry BoolAssgnmnt="010" Value="958"/>
<MapEntry BoolAssgnmnt="002" Value="341"/>
<MapEntry BoolAssgnmnt="120" Value="20"/>
<MapEntry BoolAssgnmnt="121" Value="24"/>
</AssgnmntListEntry>
</AssgnmntPrefix>
<AssgnmntPrefix RootTermCovItemPrefix="com.OriginalFiles.Field.java">
<AssgnmntListEntry Length="1" RootTermCovItemId="C1">
<MapEntry BoolAssgnmnt="0" Value="159"/>
<MapEntry BoolAssgnmnt="1" Value="124"/>
</AssgnmntListEntry>
</AssgnmntPrefix>
<AssgnmntPrefix RootTermCovItemPrefix="com.OriginalFiles.Piece.java">
<AssgnmntListEntry Length="2" RootTermCovItemId="C1">
<MapEntry BoolAssgnmnt="10" Value="72"/>
<MapEntry BoolAssgnmnt="02" Value="8"/>
<MapEntry BoolAssgnmnt="11" Value="127"/>
</AssgnmntListEntry>
<AssgnmntListEntry Length="5" RootTermCovItemId="C17">
<MapEntry BoolAssgnmnt="00210" Value="28"/>
<MapEntry BoolAssgnmnt="01002" Value="44"/>
<MapEntry BoolAssgnmnt="12222" Value="127"/>
</AssgnmntListEntry>
<AssgnmntListEntry Length="5" RootTermCovItemId="C18">
<MapEntry BoolAssgnmnt="00210" Value="16"/>
<MapEntry BoolAssgnmnt="00211" Value="12"/>
<MapEntry BoolAssgnmnt="01002" Value="40"/>
<MapEntry BoolAssgnmnt="12222" Value="127"/>
<MapEntry BoolAssgnmnt="01122" Value="4"/>
</AssgnmntListEntry>
<AssgnmntListEntry Length="1" RootTermCovItemId="C19">
<MapEntry BoolAssgnmnt="1" Value="16"/>
</AssgnmntListEntry>
<AssgnmntListEntry Length="2" RootTermCovItemId="C2">
<MapEntry BoolAssgnmnt="02" Value="72"/>
<MapEntry BoolAssgnmnt="11" Value="55"/>
</AssgnmntListEntry>
<AssgnmntListEntry Length="1" RootTermCovItemId="C20">
<MapEntry BoolAssgnmnt="0" Value="72"/>
<MapEntry BoolAssgnmnt="1" Value="127"/>
</AssgnmntListEntry>
<AssgnmntListEntry Length="1" RootTermCovItemId="C3">
<MapEntry BoolAssgnmnt="0" Value="8"/>
<MapEntry BoolAssgnmnt="1" Value="199"/>
</AssgnmntListEntry>
<AssgnmntListEntry Length="1" RootTermCovItemId="C5">
<MapEntry BoolAssgnmnt="0" Value="120"/>
<MapEntry BoolAssgnmnt="1" Value="79"/>
</AssgnmntListEntry>
<AssgnmntListEntry Length="1" RootTermCovItemId="C6">
<MapEntry BoolAssgnmnt="0" Value="8"/>
<MapEntry BoolAssgnmnt="1" Value="199"/>
</AssgnmntListEntry>
<AssgnmntListEntry Length="1" RootTermCovItemId="C7">
<MapEntry BoolAssgnmnt="0" Value="72"/>
<MapEntry BoolAssgnmnt="1" Value="127"/>
</AssgnmntListEntry>
<AssgnmntListEntry Length="1" RootTermCovItemId="C8">
<MapEntry BoolAssgnmnt="1" Value="199"/>
</AssgnmntListEntry>
<AssgnmntListEntry Length="1" RootTermCovItemId="C9">
<MapEntry BoolAssgnmnt="0" Value="199"/>
</AssgnmntListEntry>
</AssgnmntPrefix>
<AssgnmntPrefix RootTermCovItemPrefix="com.OriginalFiles.RemoteNXTFunctions.java">
<AssgnmntListEntry Length="1" RootTermCovItemId="C10">
<MapEntry BoolAssgnmnt="0" Value="585"/>
<MapEntry BoolAssgnmnt="1" Value="64"/>
</AssgnmntListEntry>
<AssgnmntListEntry Length="2" RootTermCovItemId="C11">
<MapEntry BoolAssgnmnt="02" Value="32"/>
<MapEntry BoolAssgnmnt="11" Value="32"/>
</AssgnmntListEntry>
<AssgnmntListEntry Length="2" RootTermCovItemId="C12">
<MapEntry BoolAssgnmnt="11" Value="32"/>
</AssgnmntListEntry>
<AssgnmntListEntry Length="1" RootTermCovItemId="C14">
<MapEntry BoolAssgnmnt="0" Value="494"/>
<MapEntry BoolAssgnmnt="1" Value="155"/>
</AssgnmntListEntry>
<AssgnmntListEntry Length="2" RootTermCovItemId="C15">
<MapEntry BoolAssgnmnt="10" Value="31"/>
<MapEntry BoolAssgnmnt="02" Value="93"/>
<MapEntry BoolAssgnmnt="11" Value="31"/>
</AssgnmntListEntry>
<AssgnmntListEntry Length="2" RootTermCovItemId="C16">
<MapEntry BoolAssgnmnt="02" Value="93"/>
<MapEntry BoolAssgnmnt="11" Value="31"/>
</AssgnmntListEntry>
<AssgnmntListEntry Length="1" RootTermCovItemId="C17">
<MapEntry BoolAssgnmnt="0" Value="93"/>
</AssgnmntListEntry>
<AssgnmntListEntry Length="1" RootTermCovItemId="C18">
<MapEntry BoolAssgnmnt="0" Value="649"/>
</AssgnmntListEntry>
<AssgnmntListEntry Length="1" RootTermCovItemId="C22">
<MapEntry BoolAssgnmnt="0" Value="649"/>
</AssgnmntListEntry>
<AssgnmntListEntry Length="1" RootTermCovItemId="C27">
<MapEntry BoolAssgnmnt="0" Value="649"/>
</AssgnmntListEntry>
<AssgnmntListEntry Length="1" RootTermCovItemId="C30">
<MapEntry BoolAssgnmnt="0" Value="649"/>
</AssgnmntListEntry>
<AssgnmntListEntry Length="1" RootTermCovItemId="C33">
<MapEntry BoolAssgnmnt="0" Value="644"/>
<MapEntry BoolAssgnmnt="1" Value="5"/>
</AssgnmntListEntry>
<AssgnmntListEntry Length="2" RootTermCovItemId="C34">
<MapEntry BoolAssgnmnt="10" Value="2"/>
<MapEntry BoolAssgnmnt="02" Value="2"/>
<MapEntry BoolAssgnmnt="11" Value="1"/>
</AssgnmntListEntry>
<AssgnmntListEntry Length="2" RootTermCovItemId="C35">
<MapEntry BoolAssgnmnt="02" Value="3"/>
<MapEntry BoolAssgnmnt="11" Value="1"/>
</AssgnmntListEntry>
<AssgnmntListEntry Length="1" RootTermCovItemId="C36">
<MapEntry BoolAssgnmnt="0" Value="1"/>
<MapEntry BoolAssgnmnt="1" Value="2"/>
</AssgnmntListEntry>
<AssgnmntListEntry Length="1" RootTermCovItemId="C37">
<MapEntry BoolAssgnmnt="0" Value="640"/>
<MapEntry BoolAssgnmnt="1" Value="4"/>
</AssgnmntListEntry>
<AssgnmntListEntry Length="2" RootTermCovItemId="C38">
<MapEntry BoolAssgnmnt="10" Value="2"/>
<MapEntry BoolAssgnmnt="02" Value="1"/>
<MapEntry BoolAssgnmnt="11" Value="1"/>
</AssgnmntListEntry>
<AssgnmntListEntry Length="2" RootTermCovItemId="C39">
<MapEntry BoolAssgnmnt="02" Value="2"/>
<MapEntry BoolAssgnmnt="11" Value="1"/>
</AssgnmntListEntry>
<AssgnmntListEntry Length="1" RootTermCovItemId="C40">
<MapEntry BoolAssgnmnt="1" Value="2"/>
</AssgnmntListEntry>
<AssgnmntListEntry Length="1" RootTermCovItemId="C41">
<MapEntry BoolAssgnmnt="0" Value="633"/>
<MapEntry BoolAssgnmnt="1" Value="7"/>
</AssgnmntListEntry>
<AssgnmntListEntry Length="2" RootTermCovItemId="C42">
<MapEntry BoolAssgnmnt="10" Value="2"/>
<MapEntry BoolAssgnmnt="02" Value="4"/>
<MapEntry BoolAssgnmnt="11" Value="1"/>
</AssgnmntListEntry>
<AssgnmntListEntry Length="2" RootTermCovItemId="C43">
<MapEntry BoolAssgnmnt="10" Value="1"/>
<MapEntry BoolAssgnmnt="02" Value="4"/>
<MapEntry BoolAssgnmnt="11" Value="1"/>
</AssgnmntListEntry>
<AssgnmntListEntry Length="1" RootTermCovItemId="C44">
<MapEntry BoolAssgnmnt="0" Value="3"/>
<MapEntry BoolAssgnmnt="1" Value="2"/>
</AssgnmntListEntry>
<AssgnmntListEntry Length="1" RootTermCovItemId="C45">
<MapEntry BoolAssgnmnt="0" Value="627"/>
<MapEntry BoolAssgnmnt="1" Value="6"/>
</AssgnmntListEntry>
<AssgnmntListEntry Length="2" RootTermCovItemId="C46">
<MapEntry BoolAssgnmnt="10" Value="2"/>
<MapEntry BoolAssgnmnt="02" Value="3"/>
<MapEntry BoolAssgnmnt="11" Value="1"/>
</AssgnmntListEntry>
<AssgnmntListEntry Length="2" RootTermCovItemId="C47">
<MapEntry BoolAssgnmnt="10" Value="1"/>
<MapEntry BoolAssgnmnt="02" Value="3"/>
<MapEntry BoolAssgnmnt="11" Value="1"/>
</AssgnmntListEntry>
<AssgnmntListEntry Length="1" RootTermCovItemId="C48">
<MapEntry BoolAssgnmnt="0" Value="2"/>
<MapEntry BoolAssgnmnt="1" Value="2"/>
</AssgnmntListEntry>
<AssgnmntListEntry Length="1" RootTermCovItemId="C49">
<MapEntry BoolAssgnmnt="0" Value="518"/>
<MapEntry BoolAssgnmnt="1" Value="109"/>
</AssgnmntListEntry>
<AssgnmntListEntry Length="1" RootTermCovItemId="C5">
<MapEntry BoolAssgnmnt="0" Value="649"/>
<MapEntry BoolAssgnmnt="1" Value="32"/>
</AssgnmntListEntry>
<AssgnmntListEntry Length="2" RootTermCovItemId="C50">
<MapEntry BoolAssgnmnt="10" Value="24"/>
<MapEntry BoolAssgnmnt="02" Value="70"/>
<MapEntry BoolAssgnmnt="11" Value="15"/>
</AssgnmntListEntry>
<AssgnmntListEntry Length="2" RootTermCovItemId="C51">
<MapEntry BoolAssgnmnt="10" Value="10"/>
<MapEntry BoolAssgnmnt="02" Value="69"/>
<MapEntry BoolAssgnmnt="11" Value="15"/>
</AssgnmntListEntry>
<AssgnmntListEntry Length="2" RootTermCovItemId="C52">
<MapEntry BoolAssgnmnt="10" Value="9"/>
<MapEntry BoolAssgnmnt="02" Value="55"/>
<MapEntry BoolAssgnmnt="11" Value="15"/>
</AssgnmntListEntry>
<AssgnmntListEntry Length="1" RootTermCovItemId="C53">
<MapEntry BoolAssgnmnt="0" Value="55"/>
<MapEntry BoolAssgnmnt="1" Value="9"/>
</AssgnmntListEntry>
<AssgnmntListEntry Length="1" RootTermCovItemId="C54">
<MapEntry BoolAssgnmnt="0" Value="423"/>
<MapEntry BoolAssgnmnt="1" Value="95"/>
</AssgnmntListEntry>
<AssgnmntListEntry Length="2" RootTermCovItemId="C55">
<MapEntry BoolAssgnmnt="10" Value="24"/>
<MapEntry BoolAssgnmnt="02" Value="56"/>
<MapEntry BoolAssgnmnt="11" Value="15"/>
</AssgnmntListEntry>
<AssgnmntListEntry Length="2" RootTermCovItemId="C56">
<MapEntry BoolAssgnmnt="10" Value="10"/>
<MapEntry BoolAssgnmnt="02" Value="55"/>
<MapEntry BoolAssgnmnt="11" Value="15"/>
</AssgnmntListEntry>
<AssgnmntListEntry Length="2" RootTermCovItemId="C57">
<MapEntry BoolAssgnmnt="10" Value="9"/>
<MapEntry BoolAssgnmnt="02" Value="41"/>
<MapEntry BoolAssgnmnt="11" Value="15"/>
</AssgnmntListEntry>
<AssgnmntListEntry Length="1" RootTermCovItemId="C58">
<MapEntry BoolAssgnmnt="0" Value="41"/>
<MapEntry BoolAssgnmnt="1" Value="9"/>
</AssgnmntListEntry>
<AssgnmntListEntry Length="1" RootTermCovItemId="C59">
<MapEntry BoolAssgnmnt="0" Value="314"/>
<MapEntry BoolAssgnmnt="1" Value="109"/>
</AssgnmntListEntry>
<AssgnmntListEntry Length="2" RootTermCovItemId="C6">
<MapEntry BoolAssgnmnt="11" Value="32"/>
</AssgnmntListEntry>
<AssgnmntListEntry Length="2" RootTermCovItemId="C60">
<MapEntry BoolAssgnmnt="10" Value="24"/>
<MapEntry BoolAssgnmnt="02" Value="70"/>
<MapEntry BoolAssgnmnt="11" Value="15"/>
</AssgnmntListEntry>
<AssgnmntListEntry Length="2" RootTermCovItemId="C61">
<MapEntry BoolAssgnmnt="10" Value="10"/>
<MapEntry BoolAssgnmnt="02" Value="69"/>
<MapEntry BoolAssgnmnt="11" Value="15"/>
</AssgnmntListEntry>
<AssgnmntListEntry Length="2" RootTermCovItemId="C62">
<MapEntry BoolAssgnmnt="10" Value="9"/>
<MapEntry BoolAssgnmnt="02" Value="55"/>
<MapEntry BoolAssgnmnt="11" Value="15"/>
</AssgnmntListEntry>
<AssgnmntListEntry Length="1" RootTermCovItemId="C63">
<MapEntry BoolAssgnmnt="0" Value="55"/>
<MapEntry BoolAssgnmnt="1" Value="9"/>
</AssgnmntListEntry>
<AssgnmntListEntry Length="1" RootTermCovItemId="C64">
<MapEntry BoolAssgnmnt="0" Value="219"/>
<MapEntry BoolAssgnmnt="1" Value="95"/>
</AssgnmntListEntry>
<AssgnmntListEntry Length="2" RootTermCovItemId="C65">
<MapEntry BoolAssgnmnt="10" Value="24"/>
<MapEntry BoolAssgnmnt="02" Value="56"/>
<MapEntry BoolAssgnmnt="11" Value="15"/>
</AssgnmntListEntry>
<AssgnmntListEntry Length="2" RootTermCovItemId="C66">
<MapEntry BoolAssgnmnt="10" Value="10"/>
<MapEntry BoolAssgnmnt="02" Value="55"/>
<MapEntry BoolAssgnmnt="11" Value="15"/>
</AssgnmntListEntry>
<AssgnmntListEntry Length="2" RootTermCovItemId="C67">
<MapEntry BoolAssgnmnt="10" Value="9"/>
<MapEntry BoolAssgnmnt="02" Value="41"/>
<MapEntry BoolAssgnmnt="11" Value="15"/>
</AssgnmntListEntry>
<AssgnmntListEntry Length="1" RootTermCovItemId="C68">
<MapEntry BoolAssgnmnt="0" Value="41"/>
<MapEntry BoolAssgnmnt="1" Value="9"/>
</AssgnmntListEntry>
<AssgnmntListEntry Length="1" RootTermCovItemId="C69">
<MapEntry BoolAssgnmnt="0" Value="219"/>
</AssgnmntListEntry>
<AssgnmntListEntry Length="1" RootTermCovItemId="C73">
<MapEntry BoolAssgnmnt="0" Value="219"/>
</AssgnmntListEntry>
</AssgnmntPrefix>
</AssgnmntList>
<ObjMetaDataList/>
<MetaDataList/>
</TestCase>
<TestCase Comment="" Date="1386064083446" Name="com.Testing.AnalyzeTest:testCountDownToPanic">
<CovList>
<CovPrefix CovItemPrefix="com.OriginalFiles.Analyze.java">
<Cov CovItemId="B1" Value="18"/>
<Cov CovItemId="B10" Value="18"/>
<Cov CovItemId="B107" Value="33"/>
<Cov CovItemId="B108" Value="75"/>
<Cov CovItemId="B109" Value="8"/>
<Cov CovItemId="B11" Value="18"/>
<Cov CovItemId="B110" Value="67"/>
<Cov CovItemId="B111" Value="11"/>
<Cov CovItemId="B112" Value="56"/>
<Cov CovItemId="B114" Value="56"/>
<Cov CovItemId="B115" Value="36"/>
<Cov CovItemId="B120" Value="72"/>
<Cov CovItemId="B121" Value="2232"/>
<Cov CovItemId="B122" Value="36"/>
<Cov CovItemId="B123" Value="36"/>
<Cov CovItemId="B124" Value="36"/>
<Cov CovItemId="B126" Value="36"/>
<Cov CovItemId="B127" Value="36"/>
<Cov CovItemId="B128" Value="36"/>
<Cov CovItemId="B13" Value="11"/>
<Cov CovItemId="B131" Value="36"/>
<Cov CovItemId="B133" Value="36"/>
<Cov CovItemId="B134" Value="36"/>
<Cov CovItemId="B136" Value="22"/>
<Cov CovItemId="B137" Value="14"/>
<Cov CovItemId="B139" Value="22"/>
<Cov CovItemId="B14" Value="7"/>
<Cov CovItemId="B157" Value="44"/>
<Cov CovItemId="B16" Value="11"/>
<Cov CovItemId="B17" Value="11"/>
<Cov CovItemId="B19" Value="7"/>
<Cov CovItemId="B20" Value="11"/>
<Cov CovItemId="B21" Value="3"/>
<Cov CovItemId="B22" Value="4"/>
<Cov CovItemId="B23" Value="3"/>
<Cov CovItemId="B24" Value="1"/>
<Cov CovItemId="B26" Value="11"/>
<Cov CovItemId="B3" Value="18"/>
<Cov CovItemId="B31" Value="11"/>
<Cov CovItemId="B33" Value="11"/>
<Cov CovItemId="B35" Value="6"/>
<Cov CovItemId="B36" Value="5"/>
<Cov CovItemId="B37" Value="6"/>
<Cov CovItemId="B40" Value="5"/>
<Cov CovItemId="B43" Value="5"/>
<Cov CovItemId="B46" Value="5"/>
<Cov CovItemId="B49" Value="5"/>
<Cov CovItemId="B5" Value="1"/>
<Cov CovItemId="B51" Value="5"/>
<Cov CovItemId="B53" Value="11"/>
<Cov CovItemId="B55" Value="11"/>
<Cov CovItemId="B57" Value="11"/>
<Cov CovItemId="B59" Value="11"/>
<Cov CovItemId="B6" Value="17"/>
<Cov CovItemId="B61" Value="33"/>
<Cov CovItemId="B62" Value="11"/>
<Cov CovItemId="B64" Value="44"/>
<Cov CovItemId="B7" Value="36"/>
<Cov CovItemId="B8" Value="1116"/>
<Cov CovItemId="B84" Value="11"/>
<Cov CovItemId="B9" Value="18"/>
<Cov CovItemId="B96" Value="18"/>
<Cov CovItemId="L1-2" Value="18"/>
<Cov CovItemId="L16-2" Value="36"/>
<Cov CovItemId="L17-2" Value="288"/>
<Cov CovItemId="L2-2" Value="144"/>
<Cov CovItemId="L3-1" Value="18"/>
<Cov CovItemId="L4-2" Value="11"/>
<Cov CovItemId="S10" Value="18"/>
<Cov CovItemId="S11" Value="18"/>
<Cov CovItemId="S12" Value="18"/>
<Cov CovItemId="S13" Value="18"/>
<Cov CovItemId="S14" Value="18"/>
<Cov CovItemId="S149" Value="11"/>
<Cov CovItemId="S15" Value="18"/>
<Cov CovItemId="S168" Value="18"/>
<Cov CovItemId="S17" Value="18"/>
<Cov CovItemId="S18" Value="18"/>
<Cov CovItemId="S19" Value="1"/>
<Cov CovItemId="S199" Value="108"/>
<Cov CovItemId="S20" Value="1"/>
<Cov CovItemId="S200" Value="108"/>
<Cov CovItemId="S201" Value="108"/>
<Cov CovItemId="S202" Value="108"/>
<Cov CovItemId="S203" Value="108"/>
<Cov CovItemId="S204" Value="33"/>
<Cov CovItemId="S205" Value="75"/>
<Cov CovItemId="S206" Value="8"/>
<Cov CovItemId="S207" Value="67"/>
<Cov CovItemId="S208" Value="11"/>
<Cov CovItemId="S209" Value="56"/>
<Cov CovItemId="S21" Value="18"/>
<Cov CovItemId="S211" Value="56"/>
<Cov CovItemId="S212" Value="36"/>
<Cov CovItemId="S213" Value="36"/>
<Cov CovItemId="S22" Value="18"/>
<Cov CovItemId="S221" Value="36"/>
<Cov CovItemId="S222" Value="36"/>
<Cov CovItemId="S223" Value="36"/>
<Cov CovItemId="S224" Value="36"/>
<Cov CovItemId="S225" Value="36"/>
<Cov CovItemId="S226" Value="36"/>
<Cov CovItemId="S227" Value="288"/>
<Cov CovItemId="S228" Value="2304"/>
<Cov CovItemId="S229" Value="72"/>
<Cov CovItemId="S23" Value="144"/>
<Cov CovItemId="S230" Value="36"/>
<Cov CovItemId="S231" Value="36"/>
<Cov CovItemId="S232" Value="36"/>
<Cov CovItemId="S233" Value="72"/>
<Cov CovItemId="S234" Value="36"/>
<Cov CovItemId="S235" Value="36"/>
<Cov CovItemId="S236" Value="36"/>
<Cov CovItemId="S237" Value="36"/>
<Cov CovItemId="S239" Value="36"/>
<Cov CovItemId="S24" Value="1152"/>
<Cov CovItemId="S241" Value="36"/>
<Cov CovItemId="S242" Value="36"/>
<Cov CovItemId="S243" Value="22"/>
<Cov CovItemId="S244" Value="22"/>
<Cov CovItemId="S245" Value="22"/>
<Cov CovItemId="S25" Value="36"/>
<Cov CovItemId="S250" Value="36"/>
<Cov CovItemId="S26" Value="18"/>
<Cov CovItemId="S267" Value="44"/>
<Cov CovItemId="S269" Value="44"/>
<Cov CovItemId="S27" Value="18"/>
<Cov CovItemId="S28" Value="18"/>
<Cov CovItemId="S29" Value="18"/>
<Cov CovItemId="S30" Value="18"/>
<Cov CovItemId="S31" Value="18"/>
<Cov CovItemId="S32" Value="18"/>
<Cov CovItemId="S33" Value="18"/>
<Cov CovItemId="S34" Value="18"/>
<Cov CovItemId="S35" Value="11"/>
<Cov CovItemId="S37" Value="11"/>
<Cov CovItemId="S38" Value="11"/>
<Cov CovItemId="S39" Value="7"/>
<Cov CovItemId="S40" Value="18"/>
<Cov CovItemId="S41" Value="7"/>
<Cov CovItemId="S42" Value="3"/>
<Cov CovItemId="S43" Value="3"/>
<Cov CovItemId="S44" Value="3"/>
<Cov CovItemId="S45" Value="4"/>
<Cov CovItemId="S46" Value="3"/>
<Cov CovItemId="S47" Value="3"/>
<Cov CovItemId="S48" Value="3"/>
<Cov CovItemId="S49" Value="3"/>
<Cov CovItemId="S50" Value="1"/>
<Cov CovItemId="S51" Value="11"/>
<Cov CovItemId="S52" Value="11"/>
<Cov CovItemId="S57" Value="11"/>
<Cov CovItemId="S58" Value="11"/>
<Cov CovItemId="S59" Value="11"/>
<Cov CovItemId="S6" Value="18"/>
<Cov CovItemId="S60" Value="11"/>
<Cov CovItemId="S61" Value="11"/>
<Cov CovItemId="S62" Value="6"/>
<Cov CovItemId="S63" Value="6"/>
<Cov CovItemId="S64" Value="6"/>
<Cov CovItemId="S66" Value="5"/>
<Cov CovItemId="S7" Value="18"/>
<Cov CovItemId="S71" Value="5"/>
<Cov CovItemId="S72" Value="5"/>
<Cov CovItemId="S77" Value="5"/>
<Cov CovItemId="S78" Value="5"/>
<Cov CovItemId="S79" Value="5"/>
<Cov CovItemId="S8" Value="18"/>
<Cov CovItemId="S80" Value="5"/>
<Cov CovItemId="S83" Value="11"/>
<Cov CovItemId="S84" Value="11"/>
<Cov CovItemId="S85" Value="11"/>
<Cov CovItemId="S86" Value="11"/>
<Cov CovItemId="S87" Value="11"/>
<Cov CovItemId="S88" Value="11"/>
<Cov CovItemId="S89" Value="11"/>
<Cov CovItemId="S9" Value="18"/>
<Cov CovItemId="S90" Value="11"/>
<Cov CovItemId="S91" Value="11"/>
<Cov CovItemId="S92" Value="11"/>
<Cov CovItemId="S93" Value="11"/>
<Cov CovItemId="S94" Value="44"/>
<Cov CovItemId="S95" Value="33"/>
<Cov CovItemId="S96" Value="44"/>
<Cov CovItemId="S98" Value="11"/>
</CovPrefix>
<CovPrefix CovItemPrefix="com.OriginalFiles.Board.java">
<Cov CovItemId="B28" Value="33"/>
<Cov CovItemId="B31" Value="11"/>
<Cov CovItemId="B33" Value="11"/>
<Cov CovItemId="B36" Value="11"/>
<Cov CovItemId="B37" Value="11"/>
<Cov CovItemId="B39" Value="44"/>
<Cov CovItemId="B41" Value="494"/>
<Cov CovItemId="B44" Value="146"/>
<Cov CovItemId="B45" Value="146"/>
<Cov CovItemId="B47" Value="146"/>
<Cov CovItemId="B49" Value="88"/>
<Cov CovItemId="B50" Value="58"/>
<Cov CovItemId="B51" Value="88"/>
<Cov CovItemId="B53" Value="88"/>
<Cov CovItemId="B55" Value="116"/>
<Cov CovItemId="B56" Value="468"/>
<Cov CovItemId="B57" Value="424"/>
<Cov CovItemId="B58" Value="44"/>
<Cov CovItemId="B59" Value="424"/>
<Cov CovItemId="B62" Value="424"/>
<Cov CovItemId="B63" Value="2336"/>
<Cov CovItemId="B64" Value="2336"/>
<Cov CovItemId="B65" Value="146"/>
<Cov CovItemId="B66" Value="2190"/>
<Cov CovItemId="B67" Value="73"/>
<Cov CovItemId="B68" Value="73"/>
<Cov CovItemId="B71" Value="4"/>
<Cov CovItemId="B72" Value="4"/>
<Cov CovItemId="B73" Value="16"/>
<Cov CovItemId="B74" Value="16"/>
<Cov CovItemId="B75" Value="16"/>
<Cov CovItemId="B76" Value="16"/>
<Cov CovItemId="B77" Value="30"/>
<Cov CovItemId="B78" Value="2"/>
<Cov CovItemId="B79" Value="794"/>
<Cov CovItemId="B81" Value="337"/>
<Cov CovItemId="B82" Value="457"/>
<Cov CovItemId="B83" Value="141"/>
<Cov CovItemId="B84" Value="320"/>
<Cov CovItemId="B85" Value="97"/>
<Cov CovItemId="B86" Value="223"/>
<Cov CovItemId="L10-2" Value="1168"/>
<Cov CovItemId="L11-1" Value="18"/>
<Cov CovItemId="L12-0" Value="18"/>
<Cov CovItemId="L13-2" Value="73"/>
<Cov CovItemId="L14-2" Value="584"/>
<Cov CovItemId="L15-2" Value="1"/>
<Cov CovItemId="L16-2" Value="4"/>
<Cov CovItemId="L17-2" Value="4"/>
<Cov CovItemId="L9-2" Value="146"/>
<Cov CovItemId="S100" Value="11"/>
<Cov CovItemId="S102" Value="11"/>
<Cov CovItemId="S104" Value="11"/>
<Cov CovItemId="S105" Value="11"/>
<Cov CovItemId="S106" Value="11"/>
<Cov CovItemId="S107" Value="11"/>
<Cov CovItemId="S108" Value="11"/>
<Cov CovItemId="S109" Value="11"/>
<Cov CovItemId="S110" Value="26"/>
<Cov CovItemId="S111" Value="44"/>
<Cov CovItemId="S112" Value="44"/>
<Cov CovItemId="S113" Value="44"/>
<Cov CovItemId="S115" Value="494"/>
<Cov CovItemId="S116" Value="494"/>
<Cov CovItemId="S118" Value="146"/>
<Cov CovItemId="S119" Value="146"/>
<Cov CovItemId="S121" Value="146"/>
<Cov CovItemId="S122" Value="146"/>
<Cov CovItemId="S123" Value="146"/>
<Cov CovItemId="S124" Value="146"/>
<Cov CovItemId="S125" Value="146"/>
<Cov CovItemId="S126" Value="146"/>
<Cov CovItemId="S127" Value="146"/>
<Cov CovItemId="S128" Value="146"/>
<Cov CovItemId="S129" Value="88"/>
<Cov CovItemId="S130" Value="88"/>
<Cov CovItemId="S131" Value="88"/>
<Cov CovItemId="S132" Value="88"/>
<Cov CovItemId="S133" Value="146"/>
<Cov CovItemId="S134" Value="146"/>
<Cov CovItemId="S135" Value="584"/>
<Cov CovItemId="S136" Value="116"/>
<Cov CovItemId="S137" Value="468"/>
<Cov CovItemId="S138" Value="424"/>
<Cov CovItemId="S139" Value="424"/>
<Cov CovItemId="S141" Value="468"/>
<Cov CovItemId="S142" Value="584"/>
<Cov CovItemId="S143" Value="73"/>
<Cov CovItemId="S144" Value="73"/>
<Cov CovItemId="S145" Value="584"/>
<Cov CovItemId="S146" Value="4672"/>
<Cov CovItemId="S147" Value="2336"/>
<Cov CovItemId="S148" Value="146"/>
<Cov CovItemId="S149" Value="73"/>
<Cov CovItemId="S150" Value="73"/>
<Cov CovItemId="S151" Value="73"/>
<Cov CovItemId="S157" Value="1"/>
<Cov CovItemId="S158" Value="1"/>
<Cov CovItemId="S159" Value="8"/>
<Cov CovItemId="S160" Value="4"/>
<Cov CovItemId="S161" Value="32"/>
<Cov CovItemId="S162" Value="16"/>
<Cov CovItemId="S163" Value="4"/>
<Cov CovItemId="S164" Value="4"/>
<Cov CovItemId="S165" Value="32"/>
<Cov CovItemId="S166" Value="16"/>
<Cov CovItemId="S167" Value="4"/>
<Cov CovItemId="S168" Value="1"/>
<Cov CovItemId="S169" Value="32"/>
<Cov CovItemId="S170" Value="32"/>
<Cov CovItemId="S171" Value="30"/>
<Cov CovItemId="S172" Value="2"/>
<Cov CovItemId="S173" Value="2"/>
<Cov CovItemId="S174" Value="2"/>
<Cov CovItemId="S175" Value="2"/>
<Cov CovItemId="S176" Value="794"/>
<Cov CovItemId="S177" Value="794"/>
<Cov CovItemId="S178" Value="337"/>
<Cov CovItemId="S179" Value="457"/>
<Cov CovItemId="S180" Value="461"/>
<Cov CovItemId="S181" Value="141"/>
<Cov CovItemId="S182" Value="320"/>
<Cov CovItemId="S183" Value="97"/>
<Cov CovItemId="S184" Value="223"/>
<Cov CovItemId="S185" Value="1972"/>
<Cov CovItemId="S61" Value="146"/>
<Cov CovItemId="S62" Value="1168"/>
<Cov CovItemId="S63" Value="9344"/>
<Cov CovItemId="S64" Value="18"/>
<Cov CovItemId="S65" Value="18"/>
<Cov CovItemId="S66" Value="18"/>
<Cov CovItemId="S67" Value="18"/>
<Cov CovItemId="S68" Value="18"/>
<Cov CovItemId="S76" Value="18"/>
<Cov CovItemId="S77" Value="18"/>
<Cov CovItemId="S94" Value="33"/>
<Cov CovItemId="S97" Value="33"/>
<Cov CovItemId="S98" Value="11"/>
<Cov CovItemId="S99" Value="11"/>
</CovPrefix>
<CovPrefix CovItemPrefix="com.OriginalFiles.Field.java">
<Cov CovItemId="B1" Value="49"/>
<Cov CovItemId="B2" Value="38"/>
<Cov CovItemId="S1" Value="88"/>
<Cov CovItemId="S13" Value="203"/>
<Cov CovItemId="S2" Value="88"/>
<Cov CovItemId="S5" Value="87"/>
<Cov CovItemId="S6" Value="87"/>
<Cov CovItemId="S7" Value="49"/>
<Cov CovItemId="S8" Value="3692"/>
<Cov CovItemId="S9" Value="4842"/>
</CovPrefix>
<CovPrefix CovItemPrefix="com.OriginalFiles.Piece.java">
<Cov CovItemId="B1" Value="13"/>
<Cov CovItemId="B10" Value="23"/>
<Cov CovItemId="B11" Value="45"/>
<Cov CovItemId="B12" Value="8"/>
<Cov CovItemId="B13" Value="13"/>
<Cov CovItemId="B14" Value="32"/>
<Cov CovItemId="B15" Value="45"/>
<Cov CovItemId="B18" Value="45"/>
<Cov CovItemId="B2" Value="40"/>
<Cov CovItemId="B3" Value="10"/>
<Cov CovItemId="B34" Value="45"/>
<Cov CovItemId="B35" Value="8"/>
<Cov CovItemId="B36" Value="37"/>
<Cov CovItemId="B37" Value="8"/>
<Cov CovItemId="B39" Value="13"/>
<Cov CovItemId="B4" Value="3"/>
<Cov CovItemId="B40" Value="32"/>
<Cov CovItemId="B5" Value="45"/>
<Cov CovItemId="B6" Value="8"/>
<Cov CovItemId="B9" Value="22"/>
<Cov CovItemId="S1" Value="38"/>
<Cov CovItemId="S10" Value="38"/>
<Cov CovItemId="S11" Value="38"/>
<Cov CovItemId="S12" Value="38"/>
<Cov CovItemId="S13" Value="38"/>
<Cov CovItemId="S14" Value="38"/>
<Cov CovItemId="S15" Value="38"/>
<Cov CovItemId="S16" Value="38"/>
<Cov CovItemId="S17" Value="38"/>
<Cov CovItemId="S18" Value="38"/>
<Cov CovItemId="S19" Value="38"/>
<Cov CovItemId="S2" Value="38"/>
<Cov CovItemId="S20" Value="38"/>
<Cov CovItemId="S21" Value="38"/>
<Cov CovItemId="S23" Value="176"/>
<Cov CovItemId="S24" Value="53"/>
<Cov CovItemId="S25" Value="53"/>
<Cov CovItemId="S26" Value="53"/>
<Cov CovItemId="S27" Value="13"/>
<Cov CovItemId="S28" Value="10"/>
<Cov CovItemId="S29" Value="13"/>
<Cov CovItemId="S3" Value="38"/>
<Cov CovItemId="S30" Value="40"/>
<Cov CovItemId="S31" Value="53"/>
<Cov CovItemId="S32" Value="53"/>
<Cov CovItemId="S33" Value="45"/>
<Cov CovItemId="S34" Value="8"/>
<Cov CovItemId="S35" Value="8"/>
<Cov CovItemId="S39" Value="45"/>
<Cov CovItemId="S4" Value="38"/>
<Cov CovItemId="S40" Value="22"/>
<Cov CovItemId="S41" Value="23"/>
<Cov CovItemId="S42" Value="53"/>
<Cov CovItemId="S43" Value="53"/>
<Cov CovItemId="S44" Value="45"/>
<Cov CovItemId="S45" Value="45"/>
<Cov CovItemId="S46" Value="45"/>
<Cov CovItemId="S47" Value="13"/>
<Cov CovItemId="S48" Value="45"/>
<Cov CovItemId="S49" Value="45"/>
<Cov CovItemId="S5" Value="38"/>
<Cov CovItemId="S50" Value="45"/>
<Cov CovItemId="S6" Value="38"/>
<Cov CovItemId="S65" Value="45"/>
<Cov CovItemId="S67" Value="45"/>
<Cov CovItemId="S68" Value="8"/>
<Cov CovItemId="S69" Value="8"/>
<Cov CovItemId="S7" Value="38"/>
<Cov CovItemId="S70" Value="8"/>
<Cov CovItemId="S71" Value="45"/>
<Cov CovItemId="S72" Value="13"/>
<Cov CovItemId="S73" Value="45"/>
<Cov CovItemId="S8" Value="38"/>
<Cov CovItemId="S9" Value="38"/>
</CovPrefix>
<CovPrefix CovItemPrefix="com.OriginalFiles.RemoteNXTFunctions.java">
<Cov CovItemId="B104" Value="37"/>
<Cov CovItemId="B114" Value="37"/>
<Cov CovItemId="B124" Value="37"/>
<Cov CovItemId="B134" Value="37"/>
<Cov CovItemId="B142" Value="37"/>
<Cov CovItemId="B15" Value="12"/>
<Cov CovItemId="B16" Value="64"/>
<Cov CovItemId="B17" Value="6"/>
<Cov CovItemId="B18" Value="6"/>
<Cov CovItemId="B19" Value="6"/>
<Cov CovItemId="B23" Value="25"/>
<Cov CovItemId="B24" Value="51"/>
<Cov CovItemId="B25" Value="5"/>
<Cov CovItemId="B26" Value="20"/>
<Cov CovItemId="B27" Value="5"/>
<Cov CovItemId="B28" Value="15"/>
<Cov CovItemId="B30" Value="15"/>
<Cov CovItemId="B32" Value="76"/>
<Cov CovItemId="B40" Value="76"/>
<Cov CovItemId="B49" Value="39"/>
<Cov CovItemId="B5" Value="32"/>
<Cov CovItemId="B50" Value="37"/>
<Cov CovItemId="B51" Value="1"/>
<Cov CovItemId="B52" Value="38"/>
<Cov CovItemId="B53" Value="9"/>
<Cov CovItemId="B54" Value="29"/>
<Cov CovItemId="B56" Value="37"/>
<Cov CovItemId="B6" Value="76"/>
<Cov CovItemId="B62" Value="37"/>
<Cov CovItemId="B7" Value="32"/>
<Cov CovItemId="B70" Value="37"/>
<Cov CovItemId="B78" Value="37"/>
<Cov CovItemId="B86" Value="37"/>
<Cov CovItemId="B94" Value="37"/>
<Cov CovItemId="S100" Value="37"/>
<Cov CovItemId="S108" Value="37"/>
<Cov CovItemId="S118" Value="37"/>
<Cov CovItemId="S128" Value="37"/>
<Cov CovItemId="S138" Value="37"/>
<Cov CovItemId="S148" Value="37"/>
<Cov CovItemId="S156" Value="37"/>
<Cov CovItemId="S162" Value="108"/>
<Cov CovItemId="S19" Value="108"/>
<Cov CovItemId="S20" Value="108"/>
<Cov CovItemId="S21" Value="32"/>
<Cov CovItemId="S22" Value="32"/>
<Cov CovItemId="S30" Value="76"/>
<Cov CovItemId="S31" Value="12"/>
<Cov CovItemId="S32" Value="6"/>
<Cov CovItemId="S33" Value="6"/>
<Cov CovItemId="S34" Value="6"/>
<Cov CovItemId="S38" Value="76"/>
<Cov CovItemId="S39" Value="25"/>
<Cov CovItemId="S4" Value="4"/>
<Cov CovItemId="S40" Value="5"/>
<Cov CovItemId="S41" Value="20"/>
<Cov CovItemId="S42" Value="5"/>
<Cov CovItemId="S43" Value="15"/>
<Cov CovItemId="S45" Value="15"/>
<Cov CovItemId="S46" Value="76"/>
<Cov CovItemId="S54" Value="76"/>
<Cov CovItemId="S64" Value="76"/>
<Cov CovItemId="S65" Value="39"/>
<Cov CovItemId="S66" Value="1"/>
<Cov CovItemId="S67" Value="38"/>
<Cov CovItemId="S68" Value="9"/>
<Cov CovItemId="S69" Value="29"/>
<Cov CovItemId="S70" Value="37"/>
<Cov CovItemId="S76" Value="37"/>
<Cov CovItemId="S84" Value="37"/>
<Cov CovItemId="S92" Value="37"/>
</CovPrefix>
</CovList>
<AssgnmntList>
<AssgnmntPrefix RootTermCovItemPrefix="com.OriginalFiles.Analyze.java">
<AssgnmntListEntry Length="1" RootTermCovItemId="C1">
<MapEntry BoolAssgnmnt="0" Value="18"/>
</AssgnmntListEntry>
<AssgnmntListEntry Length="1" RootTermCovItemId="C10">
<MapEntry BoolAssgnmnt="0" Value="7"/>
<MapEntry BoolAssgnmnt="1" Value="11"/>
</AssgnmntListEntry>
<AssgnmntListEntry Length="1" RootTermCovItemId="C11">
<MapEntry BoolAssgnmnt="0" Value="4"/>
<MapEntry BoolAssgnmnt="1" Value="3"/>
</AssgnmntListEntry>
<AssgnmntListEntry Length="1" RootTermCovItemId="C12">
<MapEntry BoolAssgnmnt="0" Value="1"/>
<MapEntry BoolAssgnmnt="1" Value="3"/>
</AssgnmntListEntry>
<AssgnmntListEntry Length="1" RootTermCovItemId="C13">
<MapEntry BoolAssgnmnt="0" Value="11"/>
</AssgnmntListEntry>
<AssgnmntListEntry Length="1" RootTermCovItemId="C16">
<MapEntry BoolAssgnmnt="1" Value="11"/>
</AssgnmntListEntry>
<AssgnmntListEntry Length="1" RootTermCovItemId="C17">
<MapEntry BoolAssgnmnt="1" Value="11"/>
</AssgnmntListEntry>
<AssgnmntListEntry Length="1" RootTermCovItemId="C18">
<MapEntry BoolAssgnmnt="0" Value="5"/>
<MapEntry BoolAssgnmnt="1" Value="6"/>
</AssgnmntListEntry>
<AssgnmntListEntry Length="1" RootTermCovItemId="C19">
<MapEntry BoolAssgnmnt="1" Value="6"/>
</AssgnmntListEntry>
<AssgnmntListEntry Length="1" RootTermCovItemId="C2">
<MapEntry BoolAssgnmnt="0" Value="18"/>
</AssgnmntListEntry>
<AssgnmntListEntry Length="1" RootTermCovItemId="C20">
<MapEntry BoolAssgnmnt="0" Value="5"/>
</AssgnmntListEntry>
<AssgnmntListEntry Length="1" RootTermCovItemId="C22">
<MapEntry BoolAssgnmnt="1" Value="5"/>
</AssgnmntListEntry>
<AssgnmntListEntry Length="1" RootTermCovItemId="C23">
<MapEntry BoolAssgnmnt="0" Value="5"/>
</AssgnmntListEntry>
<AssgnmntListEntry Length="1" RootTermCovItemId="C25">
<MapEntry BoolAssgnmnt="1" Value="5"/>
</AssgnmntListEntry>
<AssgnmntListEntry Length="1" RootTermCovItemId="C26">
<MapEntry BoolAssgnmnt="1" Value="5"/>
</AssgnmntListEntry>
<AssgnmntListEntry Length="1" RootTermCovItemId="C27">
<MapEntry BoolAssgnmnt="1" Value="11"/>
</AssgnmntListEntry>
<AssgnmntListEntry Length="1" RootTermCovItemId="C28">
<MapEntry BoolAssgnmnt="1" Value="11"/>
</AssgnmntListEntry>
<AssgnmntListEntry Length="1" RootTermCovItemId="C29">
<MapEntry BoolAssgnmnt="1" Value="11"/>
</AssgnmntListEntry>
<AssgnmntListEntry Length="1" RootTermCovItemId="C3">
<MapEntry BoolAssgnmnt="0" Value="17"/>
<MapEntry BoolAssgnmnt="1" Value="1"/>
</AssgnmntListEntry>
<AssgnmntListEntry Length="1" RootTermCovItemId="C30">
<MapEntry BoolAssgnmnt="1" Value="11"/>
</AssgnmntListEntry>
<AssgnmntListEntry Length="1" RootTermCovItemId="C31">
<MapEntry BoolAssgnmnt="0" Value="11"/>
<MapEntry BoolAssgnmnt="1" Value="44"/>
</AssgnmntListEntry>
<AssgnmntListEntry Length="2" RootTermCovItemId="C32">
<MapEntry BoolAssgnmnt="10" Value="11"/>
<MapEntry BoolAssgnmnt="02" Value="22"/>
<MapEntry BoolAssgnmnt="11" Value="11"/>
</AssgnmntListEntry>
<AssgnmntListEntry Length="1" RootTermCovItemId="C33">
<MapEntry BoolAssgnmnt="1" Value="44"/>
</AssgnmntListEntry>
<AssgnmntListEntry Length="1" RootTermCovItemId="C4">
<MapEntry BoolAssgnmnt="0" Value="36"/>
<MapEntry BoolAssgnmnt="1" Value="1116"/>
</AssgnmntListEntry>
<AssgnmntListEntry Length="1" RootTermCovItemId="C49">
<MapEntry BoolAssgnmnt="0" Value="11"/>
</AssgnmntListEntry>
<AssgnmntListEntry Length="2" RootTermCovItemId="C5">
<MapEntry BoolAssgnmnt="10" Value="18"/>
<MapEntry BoolAssgnmnt="11" Value="18"/>
</AssgnmntListEntry>
<AssgnmntListEntry Length="1" RootTermCovItemId="C56">
<MapEntry BoolAssgnmnt="0" Value="18"/>
</AssgnmntListEntry>
<AssgnmntListEntry Length="1" RootTermCovItemId="C6">
<MapEntry BoolAssgnmnt="1" Value="18"/>
</AssgnmntListEntry>
<AssgnmntListEntry Length="6" RootTermCovItemId="C66">
<MapEntry BoolAssgnmnt="110222" Value="8"/>
<MapEntry BoolAssgnmnt="022222" Value="67"/>
<MapEntry BoolAssgnmnt="111111" Value="33"/>
</AssgnmntListEntry>
<AssgnmntListEntry Length="6" RootTermCovItemId="C67">
<MapEntry BoolAssgnmnt="022222" Value="67"/>
<MapEntry BoolAssgnmnt="111111" Value="8"/>
</AssgnmntListEntry>
<AssgnmntListEntry Length="6" RootTermCovItemId="C68">
<MapEntry BoolAssgnmnt="102222" Value="56"/>
<MapEntry BoolAssgnmnt="111111" Value="11"/>
</AssgnmntListEntry>
<AssgnmntListEntry Length="6" RootTermCovItemId="C69">
<MapEntry BoolAssgnmnt="102222" Value="56"/>
</AssgnmntListEntry>
<AssgnmntListEntry Length="1" RootTermCovItemId="C7">
<MapEntry BoolAssgnmnt="0" Value="7"/>
<MapEntry BoolAssgnmnt="1" Value="11"/>
</AssgnmntListEntry>
<AssgnmntListEntry Length="1" RootTermCovItemId="C70">
<MapEntry BoolAssgnmnt="0" Value="72"/>
<MapEntry BoolAssgnmnt="1" Value="2232"/>
</AssgnmntListEntry>
<AssgnmntListEntry Length="1" RootTermCovItemId="C71">
<MapEntry BoolAssgnmnt="0" Value="36"/>
<MapEntry BoolAssgnmnt="1" Value="36"/>
</AssgnmntListEntry>
<AssgnmntListEntry Length="1" RootTermCovItemId="C72">
<MapEntry BoolAssgnmnt="1" Value="36"/>
</AssgnmntListEntry>
<AssgnmntListEntry Length="1" RootTermCovItemId="C73">
<MapEntry BoolAssgnmnt="0" Value="36"/>
<MapEntry BoolAssgnmnt="1" Value="36"/>
</AssgnmntListEntry>
<AssgnmntListEntry Length="1" RootTermCovItemId="C74">
<MapEntry BoolAssgnmnt="1" Value="36"/>
</AssgnmntListEntry>
<AssgnmntListEntry Length="3" RootTermCovItemId="C75">
<MapEntry BoolAssgnmnt="012" Value="18"/>
<MapEntry BoolAssgnmnt="001" Value="18"/>
</AssgnmntListEntry>
<AssgnmntListEntry Length="3" RootTermCovItemId="C76">
<MapEntry BoolAssgnmnt="011" Value="18"/>
<MapEntry BoolAssgnmnt="002" Value="18"/>
</AssgnmntListEntry>
<AssgnmntListEntry Length="2" RootTermCovItemId="C77">
<MapEntry BoolAssgnmnt="11" Value="36"/>
</AssgnmntListEntry>
<AssgnmntListEntry Length="2" RootTermCovItemId="C78">
<MapEntry BoolAssgnmnt="02" Value="14"/>
<MapEntry BoolAssgnmnt="11" Value="22"/>
</AssgnmntListEntry>
<AssgnmntListEntry Length="2" RootTermCovItemId="C79">
<MapEntry BoolAssgnmnt="00" Value="22"/>
</AssgnmntListEntry>
<AssgnmntListEntry Length="2" RootTermCovItemId="C8">
<MapEntry BoolAssgnmnt="02" Value="11"/>
</AssgnmntListEntry>
<AssgnmntListEntry Length="1" RootTermCovItemId="C9">
<MapEntry BoolAssgnmnt="1" Value="11"/>
</AssgnmntListEntry>
<AssgnmntListEntry Length="8" RootTermCovItemId="C90">
<MapEntry BoolAssgnmnt="02020202" Value="44"/>
</AssgnmntListEntry>
</AssgnmntPrefix>
<AssgnmntPrefix RootTermCovItemPrefix="com.OriginalFiles.Board.java">
<AssgnmntListEntry Length="1" RootTermCovItemId="C14">
<MapEntry BoolAssgnmnt="0" Value="18"/>
<MapEntry BoolAssgnmnt="1" Value="18"/>
</AssgnmntListEntry>
<AssgnmntListEntry Length="1" RootTermCovItemId="C15">
<MapEntry BoolAssgnmnt="0" Value="18"/>
</AssgnmntListEntry>
<AssgnmntListEntry Length="1" RootTermCovItemId="C24">
<MapEntry BoolAssgnmnt="0" Value="33"/>
</AssgnmntListEntry>
<AssgnmntListEntry Length="1" RootTermCovItemId="C26">
<MapEntry BoolAssgnmnt="0" Value="11"/>
</AssgnmntListEntry>
<AssgnmntListEntry Length="1" RootTermCovItemId="C27">
<MapEntry BoolAssgnmnt="1" Value="11"/>
</AssgnmntListEntry>
<AssgnmntListEntry Length="2" RootTermCovItemId="C28">
<MapEntry BoolAssgnmnt="02" Value="11"/>
</AssgnmntListEntry>
<AssgnmntListEntry Length="1" RootTermCovItemId="C29">
<MapEntry BoolAssgnmnt="1" Value="11"/>
</AssgnmntListEntry>
<AssgnmntListEntry Length="1" RootTermCovItemId="C30">
<MapEntry BoolAssgnmnt="1" Value="44"/>
</AssgnmntListEntry>
<AssgnmntListEntry Length="1" RootTermCovItemId="C31">
<MapEntry BoolAssgnmnt="1" Value="494"/>
</AssgnmntListEntry>
<AssgnmntListEntry Length="1" RootTermCovItemId="C32">
<MapEntry BoolAssgnmnt="0" Value="146"/>
</AssgnmntListEntry>
<AssgnmntListEntry Length="1" RootTermCovItemId="C33">
<MapEntry BoolAssgnmnt="0" Value="146"/>
</AssgnmntListEntry>
<AssgnmntListEntry Length="1" RootTermCovItemId="C34">
<MapEntry BoolAssgnmnt="0" Value="146"/>
</AssgnmntListEntry>
<AssgnmntListEntry Length="1" RootTermCovItemId="C35">
<MapEntry BoolAssgnmnt="0" Value="58"/>
<MapEntry BoolAssgnmnt="1" Value="88"/>
</AssgnmntListEntry>
<AssgnmntListEntry Length="1" RootTermCovItemId="C36">
<MapEntry BoolAssgnmnt="0" Value="88"/>
</AssgnmntListEntry>
<AssgnmntListEntry Length="1" RootTermCovItemId="C37">
<MapEntry BoolAssgnmnt="0" Value="88"/>
</AssgnmntListEntry>
<AssgnmntListEntry Length="5" RootTermCovItemId="C38">
<MapEntry BoolAssgnmnt="02002" Value="146"/>
<MapEntry BoolAssgnmnt="10122" Value="146"/>
<MapEntry BoolAssgnmnt="11221" Value="88"/>
<MapEntry BoolAssgnmnt="11220" Value="58"/>
<MapEntry BoolAssgnmnt="02010" Value="58"/>
<MapEntry BoolAssgnmnt="02011" Value="88"/>
</AssgnmntListEntry>
<AssgnmntListEntry Length="1" RootTermCovItemId="C39">
<MapEntry BoolAssgnmnt="0" Value="44"/>
<MapEntry BoolAssgnmnt="1" Value="424"/>
</AssgnmntListEntry>
<AssgnmntListEntry Length="1" RootTermCovItemId="C40">
<MapEntry BoolAssgnmnt="0" Value="424"/>
</AssgnmntListEntry>
<AssgnmntListEntry Length="2" RootTermCovItemId="C41">
<MapEntry BoolAssgnmnt="02" Value="424"/>
</AssgnmntListEntry>
<AssgnmntListEntry Length="1" RootTermCovItemId="C42">
<MapEntry BoolAssgnmnt="0" Value="2336"/>
<MapEntry BoolAssgnmnt="1" Value="2336"/>
</AssgnmntListEntry>
<AssgnmntListEntry Length="1" RootTermCovItemId="C43">
<MapEntry BoolAssgnmnt="0" Value="2190"/>
<MapEntry BoolAssgnmnt="1" Value="146"/>
</AssgnmntListEntry>
<AssgnmntListEntry Length="1" RootTermCovItemId="C44">
<MapEntry BoolAssgnmnt="0" Value="73"/>
<MapEntry BoolAssgnmnt="1" Value="73"/>
</AssgnmntListEntry>
<AssgnmntListEntry Length="1" RootTermCovItemId="C46">
<MapEntry BoolAssgnmnt="0" Value="1"/>
<MapEntry BoolAssgnmnt="1" Value="8"/>
</AssgnmntListEntry>
<AssgnmntListEntry Length="1" RootTermCovItemId="C47">
<MapEntry BoolAssgnmnt="0" Value="4"/>
<MapEntry BoolAssgnmnt="1" Value="4"/>
</AssgnmntListEntry>
<AssgnmntListEntry Length="1" RootTermCovItemId="C48">
<MapEntry BoolAssgnmnt="0" Value="4"/>
<MapEntry BoolAssgnmnt="1" Value="32"/>
</AssgnmntListEntry>
<AssgnmntListEntry Length="1" RootTermCovItemId="C49">
<MapEntry BoolAssgnmnt="0" Value="16"/>
<MapEntry BoolAssgnmnt="1" Value="16"/>
</AssgnmntListEntry>
<AssgnmntListEntry Length="1" RootTermCovItemId="C50">
<MapEntry BoolAssgnmnt="0" Value="4"/>
<MapEntry BoolAssgnmnt="1" Value="32"/>
</AssgnmntListEntry>
<AssgnmntListEntry Length="1" RootTermCovItemId="C51">
<MapEntry BoolAssgnmnt="0" Value="16"/>
<MapEntry BoolAssgnmnt="1" Value="16"/>
</AssgnmntListEntry>
<AssgnmntListEntry Length="1" RootTermCovItemId="C52">
<MapEntry BoolAssgnmnt="0" Value="2"/>
<MapEntry BoolAssgnmnt="1" Value="30"/>
</AssgnmntListEntry>
<AssgnmntListEntry Length="1" RootTermCovItemId="C53">
<MapEntry BoolAssgnmnt="1" Value="794"/>
</AssgnmntListEntry>
<AssgnmntListEntry Length="1" RootTermCovItemId="C54">
<MapEntry BoolAssgnmnt="0" Value="337"/>
<MapEntry BoolAssgnmnt="1" Value="457"/>
</AssgnmntListEntry>
<AssgnmntListEntry Length="3" RootTermCovItemId="C55">
<MapEntry BoolAssgnmnt="011" Value="35"/>
<MapEntry BoolAssgnmnt="010" Value="68"/>
<MapEntry BoolAssgnmnt="002" Value="234"/>
<MapEntry BoolAssgnmnt="120" Value="73"/>
<MapEntry BoolAssgnmnt="121" Value="51"/>
</AssgnmntListEntry>
<AssgnmntListEntry Length="3" RootTermCovItemId="C56">
<MapEntry BoolAssgnmnt="011" Value="46"/>
<MapEntry BoolAssgnmnt="010" Value="68"/>
<MapEntry BoolAssgnmnt="002" Value="86"/>
<MapEntry BoolAssgnmnt="120" Value="69"/>
<MapEntry BoolAssgnmnt="121" Value="51"/>
</AssgnmntListEntry>
</AssgnmntPrefix>
<AssgnmntPrefix RootTermCovItemPrefix="com.OriginalFiles.Field.java">
<AssgnmntListEntry Length="1" RootTermCovItemId="C1">
<MapEntry BoolAssgnmnt="0" Value="49"/>
<MapEntry BoolAssgnmnt="1" Value="38"/>
</AssgnmntListEntry>
</AssgnmntPrefix>
<AssgnmntPrefix RootTermCovItemPrefix="com.OriginalFiles.Piece.java">
<AssgnmntListEntry Length="2" RootTermCovItemId="C1">
<MapEntry BoolAssgnmnt="10" Value="32"/>
<MapEntry BoolAssgnmnt="02" Value="8"/>
<MapEntry BoolAssgnmnt="11" Value="13"/>
</AssgnmntListEntry>
<AssgnmntListEntry Length="5" RootTermCovItemId="C17">
<MapEntry BoolAssgnmnt="00210" Value="16"/>
<MapEntry BoolAssgnmnt="01002" Value="16"/>
<MapEntry BoolAssgnmnt="12222" Value="13"/>
</AssgnmntListEntry>
<AssgnmntListEntry Length="5" RootTermCovItemId="C18">
<MapEntry BoolAssgnmnt="00210" Value="12"/>
<MapEntry BoolAssgnmnt="00211" Value="4"/>
<MapEntry BoolAssgnmnt="01002" Value="12"/>
<MapEntry BoolAssgnmnt="12222" Value="13"/>
<MapEntry BoolAssgnmnt="01122" Value="4"/>
</AssgnmntListEntry>
<AssgnmntListEntry Length="1" RootTermCovItemId="C19">
<MapEntry BoolAssgnmnt="1" Value="8"/>
</AssgnmntListEntry>
<AssgnmntListEntry Length="2" RootTermCovItemId="C2">
<MapEntry BoolAssgnmnt="02" Value="3"/>
<MapEntry BoolAssgnmnt="11" Value="10"/>
</AssgnmntListEntry>
<AssgnmntListEntry Length="1" RootTermCovItemId="C20">
<MapEntry BoolAssgnmnt="0" Value="32"/>
<MapEntry BoolAssgnmnt="1" Value="13"/>
</AssgnmntListEntry>
<AssgnmntListEntry Length="1" RootTermCovItemId="C3">
<MapEntry BoolAssgnmnt="0" Value="8"/>
<MapEntry BoolAssgnmnt="1" Value="45"/>
</AssgnmntListEntry>
<AssgnmntListEntry Length="1" RootTermCovItemId="C5">
<MapEntry BoolAssgnmnt="0" Value="23"/>
<MapEntry BoolAssgnmnt="1" Value="22"/>
</AssgnmntListEntry>
<AssgnmntListEntry Length="1" RootTermCovItemId="C6">
<MapEntry BoolAssgnmnt="0" Value="8"/>
<MapEntry BoolAssgnmnt="1" Value="45"/>
</AssgnmntListEntry>
<AssgnmntListEntry Length="1" RootTermCovItemId="C7">
<MapEntry BoolAssgnmnt="0" Value="32"/>
<MapEntry BoolAssgnmnt="1" Value="13"/>
</AssgnmntListEntry>
<AssgnmntListEntry Length="1" RootTermCovItemId="C8">
<MapEntry BoolAssgnmnt="1" Value="45"/>
</AssgnmntListEntry>
<AssgnmntListEntry Length="1" RootTermCovItemId="C9">
<MapEntry BoolAssgnmnt="0" Value="45"/>
</AssgnmntListEntry>
</AssgnmntPrefix>
<AssgnmntPrefix RootTermCovItemPrefix="com.OriginalFiles.RemoteNXTFunctions.java">
<AssgnmntListEntry Length="1" RootTermCovItemId="C10">
<MapEntry BoolAssgnmnt="0" Value="64"/>
<MapEntry BoolAssgnmnt="1" Value="12"/>
</AssgnmntListEntry>
<AssgnmntListEntry Length="2" RootTermCovItemId="C11">
<MapEntry BoolAssgnmnt="02" Value="6"/>
<MapEntry BoolAssgnmnt="11" Value="6"/>
</AssgnmntListEntry>
<AssgnmntListEntry Length="2" RootTermCovItemId="C12">
<MapEntry BoolAssgnmnt="11" Value="6"/>
</AssgnmntListEntry>
<AssgnmntListEntry Length="1" RootTermCovItemId="C14">
<MapEntry BoolAssgnmnt="0" Value="51"/>
<MapEntry BoolAssgnmnt="1" Value="25"/>
</AssgnmntListEntry>
<AssgnmntListEntry Length="2" RootTermCovItemId="C15">
<MapEntry BoolAssgnmnt="10" Value="5"/>
<MapEntry BoolAssgnmnt="02" Value="15"/>
<MapEntry BoolAssgnmnt="11" Value="5"/>
</AssgnmntListEntry>
<AssgnmntListEntry Length="2" RootTermCovItemId="C16">
<MapEntry BoolAssgnmnt="02" Value="15"/>
<MapEntry BoolAssgnmnt="11" Value="5"/>
</AssgnmntListEntry>
<AssgnmntListEntry Length="1" RootTermCovItemId="C17">
<MapEntry BoolAssgnmnt="0" Value="15"/>
</AssgnmntListEntry>
<AssgnmntListEntry Length="1" RootTermCovItemId="C18">
<MapEntry BoolAssgnmnt="0" Value="76"/>
</AssgnmntListEntry>
<AssgnmntListEntry Length="1" RootTermCovItemId="C22">
<MapEntry BoolAssgnmnt="0" Value="76"/>
</AssgnmntListEntry>
<AssgnmntListEntry Length="1" RootTermCovItemId="C27">
<MapEntry BoolAssgnmnt="0" Value="37"/>
<MapEntry BoolAssgnmnt="1" Value="39"/>
</AssgnmntListEntry>
<AssgnmntListEntry Length="2" RootTermCovItemId="C28">
<MapEntry BoolAssgnmnt="10" Value="10"/>
<MapEntry BoolAssgnmnt="02" Value="28"/>
<MapEntry BoolAssgnmnt="11" Value="1"/>
</AssgnmntListEntry>
<AssgnmntListEntry Length="1" RootTermCovItemId="C29">
<MapEntry BoolAssgnmnt="0" Value="29"/>
<MapEntry BoolAssgnmnt="1" Value="9"/>
</AssgnmntListEntry>
<AssgnmntListEntry Length="1" RootTermCovItemId="C30">
<MapEntry BoolAssgnmnt="0" Value="37"/>
</AssgnmntListEntry>
<AssgnmntListEntry Length="1" RootTermCovItemId="C33">
<MapEntry BoolAssgnmnt="0" Value="37"/>
</AssgnmntListEntry>
<AssgnmntListEntry Length="1" RootTermCovItemId="C37">
<MapEntry BoolAssgnmnt="0" Value="37"/>
</AssgnmntListEntry>
<AssgnmntListEntry Length="1" RootTermCovItemId="C41">
<MapEntry BoolAssgnmnt="0" Value="37"/>
</AssgnmntListEntry>
<AssgnmntListEntry Length="1" RootTermCovItemId="C45">
<MapEntry BoolAssgnmnt="0" Value="37"/>
</AssgnmntListEntry>
<AssgnmntListEntry Length="1" RootTermCovItemId="C49">
<MapEntry BoolAssgnmnt="0" Value="37"/>
</AssgnmntListEntry>
<AssgnmntListEntry Length="1" RootTermCovItemId="C5">
<MapEntry BoolAssgnmnt="0" Value="76"/>
<MapEntry BoolAssgnmnt="1" Value="32"/>
</AssgnmntListEntry>
<AssgnmntListEntry Length="1" RootTermCovItemId="C54">
<MapEntry BoolAssgnmnt="0" Value="37"/>
</AssgnmntListEntry>
<AssgnmntListEntry Length="1" RootTermCovItemId="C59">
<MapEntry BoolAssgnmnt="0" Value="37"/>
</AssgnmntListEntry>
<AssgnmntListEntry Length="2" RootTermCovItemId="C6">
<MapEntry BoolAssgnmnt="11" Value="32"/>
</AssgnmntListEntry>
<AssgnmntListEntry Length="1" RootTermCovItemId="C64">
<MapEntry BoolAssgnmnt="0" Value="37"/>
</AssgnmntListEntry>
<AssgnmntListEntry Length="1" RootTermCovItemId="C69">
<MapEntry BoolAssgnmnt="0" Value="37"/>
</AssgnmntListEntry>
<AssgnmntListEntry Length="1" RootTermCovItemId="C73">
<MapEntry BoolAssgnmnt="0" Value="37"/>
</AssgnmntListEntry>
</AssgnmntPrefix>
</AssgnmntList>
<ObjMetaDataList/>
<MetaDataList/>
</TestCase>
<TestCase Comment="" Date="1386064083448" Name="com.Testing.AnalyzeTest:testGameHasEnded">
<CovList>
<CovPrefix CovItemPrefix="com.OriginalFiles.Analyze.java">
<Cov CovItemId="B107" Value="32"/>
<Cov CovItemId="B120" Value="144"/>
<Cov CovItemId="B121" Value="240"/>
<Cov CovItemId="B122" Value="72"/>
<Cov CovItemId="B123" Value="72"/>
<Cov CovItemId="B124" Value="16"/>
<Cov CovItemId="B125" Value="56"/>
<Cov CovItemId="B126" Value="72"/>
<Cov CovItemId="B127" Value="72"/>
<Cov CovItemId="B128" Value="16"/>
<Cov CovItemId="B129" Value="56"/>
<Cov CovItemId="B130" Value="2"/>
<Cov CovItemId="B131" Value="4"/>
<Cov CovItemId="B132" Value="2"/>
<Cov CovItemId="B133" Value="2"/>
<Cov CovItemId="B135" Value="2"/>
<Cov CovItemId="L16-2" Value="6"/>
<Cov CovItemId="L17-2" Value="48"/>
<Cov CovItemId="S199" Value="32"/>
<Cov CovItemId="S200" Value="32"/>
<Cov CovItemId="S201" Value="32"/>
<Cov CovItemId="S202" Value="32"/>
<Cov CovItemId="S203" Value="32"/>
<Cov CovItemId="S204" Value="32"/>
<Cov CovItemId="S221" Value="6"/>
<Cov CovItemId="S222" Value="6"/>
<Cov CovItemId="S223" Value="6"/>
<Cov CovItemId="S224" Value="6"/>
<Cov CovItemId="S225" Value="6"/>
<Cov CovItemId="S226" Value="6"/>
<Cov CovItemId="S227" Value="48"/>
<Cov CovItemId="S228" Value="384"/>
<Cov CovItemId="S229" Value="144"/>
<Cov CovItemId="S230" Value="72"/>
<Cov CovItemId="S231" Value="72"/>
<Cov CovItemId="S232" Value="16"/>
<Cov CovItemId="S233" Value="144"/>
<Cov CovItemId="S234" Value="72"/>
<Cov CovItemId="S235" Value="72"/>
<Cov CovItemId="S236" Value="16"/>
<Cov CovItemId="S237" Value="6"/>
<Cov CovItemId="S238" Value="2"/>
<Cov CovItemId="S239" Value="4"/>
<Cov CovItemId="S240" Value="2"/>
<Cov CovItemId="S241" Value="2"/>
<Cov CovItemId="S250" Value="2"/>
</CovPrefix>
<CovPrefix CovItemPrefix="com.OriginalFiles.Board.java">
<Cov CovItemId="B41" Value="224"/>
<Cov CovItemId="B42" Value="64"/>
<Cov CovItemId="B44" Value="144"/>
<Cov CovItemId="B45" Value="28"/>
<Cov CovItemId="B46" Value="116"/>
<Cov CovItemId="B47" Value="28"/>
<Cov CovItemId="B48" Value="116"/>
<Cov CovItemId="B50" Value="144"/>
<Cov CovItemId="B55" Value="288"/>
<Cov CovItemId="B56" Value="288"/>
<Cov CovItemId="B57" Value="168"/>
<Cov CovItemId="B58" Value="120"/>
<Cov CovItemId="B59" Value="168"/>
<Cov CovItemId="B62" Value="168"/>
<Cov CovItemId="B63" Value="192"/>
<Cov CovItemId="B64" Value="192"/>
<Cov CovItemId="B65" Value="144"/>
<Cov CovItemId="B66" Value="48"/>
<Cov CovItemId="B67" Value="72"/>
<Cov CovItemId="B68" Value="72"/>
<Cov CovItemId="B79" Value="600"/>
<Cov CovItemId="B81" Value="552"/>
<Cov CovItemId="B82" Value="48"/>
<Cov CovItemId="B83" Value="168"/>
<Cov CovItemId="B84" Value="476"/>
<Cov CovItemId="B85" Value="96"/>
<Cov CovItemId="B86" Value="380"/>
<Cov CovItemId="L10-2" Value="96"/>
<Cov CovItemId="L13-2" Value="6"/>
<Cov CovItemId="L14-2" Value="48"/>
<Cov CovItemId="L9-2" Value="12"/>
<Cov CovItemId="S115" Value="288"/>
<Cov CovItemId="S116" Value="224"/>
<Cov CovItemId="S117" Value="64"/>
<Cov CovItemId="S118" Value="144"/>
<Cov CovItemId="S119" Value="144"/>
<Cov CovItemId="S121" Value="144"/>
<Cov CovItemId="S122" Value="144"/>
<Cov CovItemId="S123" Value="144"/>
<Cov CovItemId="S124" Value="144"/>
<Cov CovItemId="S125" Value="28"/>
<Cov CovItemId="S126" Value="144"/>
<Cov CovItemId="S127" Value="28"/>
<Cov CovItemId="S128" Value="144"/>
<Cov CovItemId="S133" Value="144"/>
<Cov CovItemId="S134" Value="144"/>
<Cov CovItemId="S135" Value="576"/>
<Cov CovItemId="S136" Value="288"/>
<Cov CovItemId="S137" Value="288"/>
<Cov CovItemId="S138" Value="168"/>
<Cov CovItemId="S139" Value="168"/>
<Cov CovItemId="S141" Value="288"/>
<Cov CovItemId="S142" Value="576"/>
<Cov CovItemId="S143" Value="6"/>
<Cov CovItemId="S144" Value="6"/>
<Cov CovItemId="S145" Value="48"/>
<Cov CovItemId="S146" Value="384"/>
<Cov CovItemId="S147" Value="192"/>
<Cov CovItemId="S148" Value="144"/>
<Cov CovItemId="S149" Value="72"/>
<Cov CovItemId="S150" Value="72"/>
<Cov CovItemId="S151" Value="6"/>
<Cov CovItemId="S176" Value="600"/>
<Cov CovItemId="S177" Value="600"/>
<Cov CovItemId="S178" Value="552"/>
<Cov CovItemId="S179" Value="48"/>
<Cov CovItemId="S180" Value="644"/>
<Cov CovItemId="S181" Value="168"/>
<Cov CovItemId="S182" Value="476"/>
<Cov CovItemId="S183" Value="96"/>
<Cov CovItemId="S184" Value="380"/>
<Cov CovItemId="S185" Value="1240"/>
<Cov CovItemId="S61" Value="12"/>
<Cov CovItemId="S62" Value="96"/>
<Cov CovItemId="S63" Value="768"/>
</CovPrefix>
<CovPrefix CovItemPrefix="com.OriginalFiles.Field.java">
<Cov CovItemId="B1" Value="32"/>
<Cov CovItemId="B2" Value="8"/>
<Cov CovItemId="S1" Value="88"/>
<Cov CovItemId="S13" Value="64"/>
<Cov CovItemId="S2" Value="88"/>
<Cov CovItemId="S5" Value="40"/>
<Cov CovItemId="S6" Value="40"/>
<Cov CovItemId="S7" Value="32"/>
<Cov CovItemId="S8" Value="1964"/>
<Cov CovItemId="S9" Value="1248"/>
</CovPrefix>
<CovPrefix CovItemPrefix="com.OriginalFiles.Piece.java">
<Cov CovItemId="B10" Value="12"/>
<Cov CovItemId="B11" Value="24"/>
<Cov CovItemId="B12" Value="8"/>
<Cov CovItemId="B14" Value="24"/>
<Cov CovItemId="B15" Value="24"/>
<Cov CovItemId="B18" Value="24"/>
<Cov CovItemId="B2" Value="32"/>
<Cov CovItemId="B34" Value="24"/>
<Cov CovItemId="B35" Value="8"/>
<Cov CovItemId="B36" Value="16"/>
<Cov CovItemId="B37" Value="8"/>
<Cov CovItemId="B40" Value="24"/>
<Cov CovItemId="B5" Value="24"/>
<Cov CovItemId="B6" Value="8"/>
<Cov CovItemId="B9" Value="12"/>
<Cov CovItemId="S1" Value="32"/>
<Cov CovItemId="S10" Value="32"/>
<Cov CovItemId="S11" Value="32"/>
<Cov CovItemId="S12" Value="32"/>
<Cov CovItemId="S13" Value="32"/>
<Cov CovItemId="S14" Value="32"/>
<Cov CovItemId="S15" Value="32"/>
<Cov CovItemId="S16" Value="32"/>
<Cov CovItemId="S17" Value="32"/>
<Cov CovItemId="S18" Value="32"/>
<Cov CovItemId="S19" Value="32"/>
<Cov CovItemId="S2" Value="32"/>
<Cov CovItemId="S20" Value="32"/>
<Cov CovItemId="S21" Value="32"/>
<Cov CovItemId="S24" Value="32"/>
<Cov CovItemId="S25" Value="32"/>
<Cov CovItemId="S26" Value="32"/>
<Cov CovItemId="S3" Value="32"/>
<Cov CovItemId="S30" Value="32"/>
<Cov CovItemId="S31" Value="32"/>
<Cov CovItemId="S32" Value="32"/>
<Cov CovItemId="S33" Value="24"/>
<Cov CovItemId="S34" Value="8"/>
<Cov CovItemId="S35" Value="8"/>
<Cov CovItemId="S39" Value="24"/>
<Cov CovItemId="S4" Value="32"/>
<Cov CovItemId="S40" Value="12"/>
<Cov CovItemId="S41" Value="12"/>
<Cov CovItemId="S42" Value="32"/>
<Cov CovItemId="S43" Value="32"/>
<Cov CovItemId="S44" Value="24"/>
<Cov CovItemId="S45" Value="24"/>
<Cov CovItemId="S46" Value="24"/>
<Cov CovItemId="S48" Value="24"/>
<Cov CovItemId="S49" Value="24"/>
<Cov CovItemId="S5" Value="32"/>
<Cov CovItemId="S50" Value="24"/>
<Cov CovItemId="S6" Value="32"/>
<Cov CovItemId="S65" Value="24"/>
<Cov CovItemId="S67" Value="24"/>
<Cov CovItemId="S68" Value="8"/>
<Cov CovItemId="S69" Value="8"/>
<Cov CovItemId="S7" Value="32"/>
<Cov CovItemId="S70" Value="8"/>
<Cov CovItemId="S71" Value="24"/>
<Cov CovItemId="S73" Value="24"/>
<Cov CovItemId="S8" Value="32"/>
<Cov CovItemId="S9" Value="32"/>
</CovPrefix>
<CovPrefix CovItemPrefix="com.OriginalFiles.RemoteNXTFunctions.java">
<Cov CovItemId="B5" Value="32"/>
<Cov CovItemId="B7" Value="32"/>
<Cov CovItemId="S162" Value="32"/>
<Cov CovItemId="S19" Value="32"/>
<Cov CovItemId="S20" Value="32"/>
<Cov CovItemId="S21" Value="32"/>
<Cov CovItemId="S22" Value="32"/>
</CovPrefix>
</CovList>
<AssgnmntList>
<AssgnmntPrefix RootTermCovItemPrefix="com.OriginalFiles.Analyze.java">
<AssgnmntListEntry Length="6" RootTermCovItemId="C66">
<MapEntry BoolAssgnmnt="111111" Value="32"/>
</AssgnmntListEntry>
<AssgnmntListEntry Length="1" RootTermCovItemId="C70">
<MapEntry BoolAssgnmnt="0" Value="144"/>
<MapEntry BoolAssgnmnt="1" Value="240"/>
</AssgnmntListEntry>
<AssgnmntListEntry Length="1" RootTermCovItemId="C71">
<MapEntry BoolAssgnmnt="0" Value="72"/>
<MapEntry BoolAssgnmnt="1" Value="72"/>
</AssgnmntListEntry>
<AssgnmntListEntry Length="1" RootTermCovItemId="C72">
<MapEntry BoolAssgnmnt="0" Value="56"/>
<MapEntry BoolAssgnmnt="1" Value="16"/>
</AssgnmntListEntry>
<AssgnmntListEntry Length="1" RootTermCovItemId="C73">
<MapEntry BoolAssgnmnt="0" Value="72"/>
<MapEntry BoolAssgnmnt="1" Value="72"/>
</AssgnmntListEntry>
<AssgnmntListEntry Length="1" RootTermCovItemId="C74">
<MapEntry BoolAssgnmnt="0" Value="56"/>
<MapEntry BoolAssgnmnt="1" Value="16"/>
</AssgnmntListEntry>
<AssgnmntListEntry Length="3" RootTermCovItemId="C75">
<MapEntry BoolAssgnmnt="012" Value="2"/>
<MapEntry BoolAssgnmnt="122" Value="2"/>
<MapEntry BoolAssgnmnt="001" Value="2"/>
</AssgnmntListEntry>
<AssgnmntListEntry Length="3" RootTermCovItemId="C76">
<MapEntry BoolAssgnmnt="011" Value="1"/>
<MapEntry BoolAssgnmnt="122" Value="2"/>
<MapEntry BoolAssgnmnt="002" Value="1"/>
</AssgnmntListEntry>
<AssgnmntListEntry Length="2" RootTermCovItemId="C77">
<MapEntry BoolAssgnmnt="02" Value="2"/>
</AssgnmntListEntry>
</AssgnmntPrefix>
<AssgnmntPrefix RootTermCovItemPrefix="com.OriginalFiles.Board.java">
<AssgnmntListEntry Length="1" RootTermCovItemId="C31">
<MapEntry BoolAssgnmnt="0" Value="64"/>
<MapEntry BoolAssgnmnt="1" Value="224"/>
</AssgnmntListEntry>
<AssgnmntListEntry Length="1" RootTermCovItemId="C32">
<MapEntry BoolAssgnmnt="0" Value="144"/>
</AssgnmntListEntry>
<AssgnmntListEntry Length="1" RootTermCovItemId="C33">
<MapEntry BoolAssgnmnt="0" Value="28"/>
<MapEntry BoolAssgnmnt="1" Value="116"/>
</AssgnmntListEntry>
<AssgnmntListEntry Length="1" RootTermCovItemId="C34">
<MapEntry BoolAssgnmnt="0" Value="28"/>
<MapEntry BoolAssgnmnt="1" Value="116"/>
</AssgnmntListEntry>
<AssgnmntListEntry Length="1" RootTermCovItemId="C35">
<MapEntry BoolAssgnmnt="0" Value="144"/>
</AssgnmntListEntry>
<AssgnmntListEntry Length="5" RootTermCovItemId="C38">
<MapEntry BoolAssgnmnt="02002" Value="144"/>
<MapEntry BoolAssgnmnt="10122" Value="144"/>
<MapEntry BoolAssgnmnt="11220" Value="144"/>
<MapEntry BoolAssgnmnt="02010" Value="144"/>
</AssgnmntListEntry>
<AssgnmntListEntry Length="1" RootTermCovItemId="C39">
<MapEntry BoolAssgnmnt="0" Value="120"/>
<MapEntry BoolAssgnmnt="1" Value="168"/>
</AssgnmntListEntry>
<AssgnmntListEntry Length="1" RootTermCovItemId="C40">
<MapEntry BoolAssgnmnt="0" Value="168"/>
</AssgnmntListEntry>
<AssgnmntListEntry Length="2" RootTermCovItemId="C41">
<MapEntry BoolAssgnmnt="02" Value="168"/>
</AssgnmntListEntry>
<AssgnmntListEntry Length="1" RootTermCovItemId="C42">
<MapEntry BoolAssgnmnt="0" Value="192"/>
<MapEntry BoolAssgnmnt="1" Value="192"/>
</AssgnmntListEntry>
<AssgnmntListEntry Length="1" RootTermCovItemId="C43">
<MapEntry BoolAssgnmnt="0" Value="48"/>
<MapEntry BoolAssgnmnt="1" Value="144"/>
</AssgnmntListEntry>
<AssgnmntListEntry Length="1" RootTermCovItemId="C44">
<MapEntry BoolAssgnmnt="0" Value="72"/>
<MapEntry BoolAssgnmnt="1" Value="72"/>
</AssgnmntListEntry>
<AssgnmntListEntry Length="1" RootTermCovItemId="C53">
<MapEntry BoolAssgnmnt="1" Value="600"/>
</AssgnmntListEntry>
<AssgnmntListEntry Length="1" RootTermCovItemId="C54">
<MapEntry BoolAssgnmnt="0" Value="552"/>
<MapEntry BoolAssgnmnt="1" Value="48"/>
</AssgnmntListEntry>
<AssgnmntListEntry Length="3" RootTermCovItemId="C55">
<MapEntry BoolAssgnmnt="002" Value="320"/>
<MapEntry BoolAssgnmnt="120" Value="168"/>
<MapEntry BoolAssgnmnt="121" Value="156"/>
</AssgnmntListEntry>
<AssgnmntListEntry Length="3" RootTermCovItemId="C56">
<MapEntry BoolAssgnmnt="002" Value="156"/>
<MapEntry BoolAssgnmnt="120" Value="224"/>
<MapEntry BoolAssgnmnt="121" Value="96"/>
</AssgnmntListEntry>
</AssgnmntPrefix>
<AssgnmntPrefix RootTermCovItemPrefix="com.OriginalFiles.Field.java">
<AssgnmntListEntry Length="1" RootTermCovItemId="C1">
<MapEntry BoolAssgnmnt="0" Value="32"/>
<MapEntry BoolAssgnmnt="1" Value="8"/>
</AssgnmntListEntry>
</AssgnmntPrefix>
<AssgnmntPrefix RootTermCovItemPrefix="com.OriginalFiles.Piece.java">
<AssgnmntListEntry Length="2" RootTermCovItemId="C1">
<MapEntry BoolAssgnmnt="10" Value="24"/>
<MapEntry BoolAssgnmnt="02" Value="8"/>
</AssgnmntListEntry>
<AssgnmntListEntry Length="5" RootTermCovItemId="C17">
<MapEntry BoolAssgnmnt="00210" Value="12"/>
<MapEntry BoolAssgnmnt="01002" Value="12"/>
</AssgnmntListEntry>
<AssgnmntListEntry Length="5" RootTermCovItemId="C18">
<MapEntry BoolAssgnmnt="00210" Value="8"/>
<MapEntry BoolAssgnmnt="00211" Value="4"/>
<MapEntry BoolAssgnmnt="01002" Value="8"/>
<MapEntry BoolAssgnmnt="01122" Value="4"/>
</AssgnmntListEntry>
<AssgnmntListEntry Length="1" RootTermCovItemId="C19">
<MapEntry BoolAssgnmnt="1" Value="8"/>
</AssgnmntListEntry>
<AssgnmntListEntry Length="1" RootTermCovItemId="C20">
<MapEntry BoolAssgnmnt="0" Value="24"/>
</AssgnmntListEntry>
<AssgnmntListEntry Length="1" RootTermCovItemId="C3">
<MapEntry BoolAssgnmnt="0" Value="8"/>
<MapEntry BoolAssgnmnt="1" Value="24"/>
</AssgnmntListEntry>
<AssgnmntListEntry Length="1" RootTermCovItemId="C5">
<MapEntry BoolAssgnmnt="0" Value="12"/>
<MapEntry BoolAssgnmnt="1" Value="12"/>
</AssgnmntListEntry>
<AssgnmntListEntry Length="1" RootTermCovItemId="C6">
<MapEntry BoolAssgnmnt="0" Value="8"/>
<MapEntry BoolAssgnmnt="1" Value="24"/>
</AssgnmntListEntry>
<AssgnmntListEntry Length="1" RootTermCovItemId="C7">
<MapEntry BoolAssgnmnt="0" Value="24"/>
</AssgnmntListEntry>
<AssgnmntListEntry Length="1" RootTermCovItemId="C8">
<MapEntry BoolAssgnmnt="1" Value="24"/>
</AssgnmntListEntry>
<AssgnmntListEntry Length="1" RootTermCovItemId="C9">
<MapEntry BoolAssgnmnt="0" Value="24"/>
</AssgnmntListEntry>
</AssgnmntPrefix>
<AssgnmntPrefix RootTermCovItemPrefix="com.OriginalFiles.RemoteNXTFunctions.java">
<AssgnmntListEntry Length="1" RootTermCovItemId="C5">
<MapEntry BoolAssgnmnt="1" Value="32"/>
</AssgnmntListEntry>
<AssgnmntListEntry Length="2" RootTermCovItemId="C6">
<MapEntry BoolAssgnmnt="11" Value="32"/>
</AssgnmntListEntry>
</AssgnmntPrefix>
</AssgnmntList>
<ObjMetaDataList/>
<MetaDataList/>
</TestCase>
<TestCase Comment="" Date="1386064083450" Name="com.Testing.MoveTest:testAddStep">
<CovList>
<CovPrefix CovItemPrefix="com.OriginalFiles.Field.java">
<Cov CovItemId="S1" Value="3"/>
<Cov CovItemId="S2" Value="3"/>
<Cov CovItemId="S3" Value="3"/>
<Cov CovItemId="S4" Value="3"/>
</CovPrefix>
<CovPrefix CovItemPrefix="com.OriginalFiles.Move.java">
<Cov CovItemId="S1" Value="1"/>
<Cov CovItemId="S17" Value="1"/>
<Cov CovItemId="S2" Value="1"/>
<Cov CovItemId="S3" Value="1"/>
<Cov CovItemId="S4" Value="1"/>
<Cov CovItemId="S5" Value="1"/>
<Cov CovItemId="S6" Value="1"/>
<Cov CovItemId="S7" Value="1"/>
</CovPrefix>
</CovList>
<AssgnmntList/>
<ObjMetaDataList/>
<MetaDataList/>
</TestCase>
<TestCase Comment="" Date="1386064083450" Name="com.Testing.MoveTest:testMove">
<CovList>
<CovPrefix CovItemPrefix="com.OriginalFiles.Move.java">
<Cov CovItemId="B2" Value="1"/>
<Cov CovItemId="S1" Value="1"/>
<Cov CovItemId="S10" Value="1"/>
<Cov CovItemId="S11" Value="1"/>
<Cov CovItemId="S12" Value="1"/>
<Cov CovItemId="S16" Value="1"/>
<Cov CovItemId="S2" Value="1"/>
</CovPrefix>
</CovList>
<AssgnmntList>
<AssgnmntPrefix RootTermCovItemPrefix="com.OriginalFiles.Move.java">
<AssgnmntListEntry Length="1" RootTermCovItemId="C1">
<MapEntry BoolAssgnmnt="0" Value="1"/>
</AssgnmntListEntry>
</AssgnmntPrefix>
</AssgnmntList>
<ObjMetaDataList/>
<MetaDataList/>
</TestCase>
<TestCase Comment="" Date="1386064083451" Name="com.Testing.MoveTest:testMoveFieldFieldBoolean">
<CovList>
<CovPrefix CovItemPrefix="com.OriginalFiles.Field.java">
<Cov CovItemId="S1" Value="2"/>
<Cov CovItemId="S2" Value="2"/>
<Cov CovItemId="S3" Value="2"/>
<Cov CovItemId="S4" Value="2"/>
</CovPrefix>
<CovPrefix CovItemPrefix="com.OriginalFiles.Move.java">
<Cov CovItemId="B1" Value="1"/>
<Cov CovItemId="S1" Value="1"/>
<Cov CovItemId="S12" Value="1"/>
<Cov CovItemId="S13" Value="1"/>
<Cov CovItemId="S14" Value="1"/>
<Cov CovItemId="S15" Value="1"/>
<Cov CovItemId="S2" Value="1"/>
<Cov CovItemId="S3" Value="1"/>
<Cov CovItemId="S4" Value="1"/>
<Cov CovItemId="S5" Value="1"/>
<Cov CovItemId="S6" Value="1"/>
<Cov CovItemId="S7" Value="1"/>
</CovPrefix>
</CovList>
<AssgnmntList>
<AssgnmntPrefix RootTermCovItemPrefix="com.OriginalFiles.Move.java">
<AssgnmntListEntry Length="1" RootTermCovItemId="C1">
<MapEntry BoolAssgnmnt="1" Value="1"/>
</AssgnmntListEntry>
</AssgnmntPrefix>
</AssgnmntList>
<ObjMetaDataList/>
<MetaDataList/>
</TestCase>
<TestCase Comment="" Date="1386064083451" Name="com.Testing.MoveTest:testMoveListOfFieldBoolean">
<CovList>
<CovPrefix CovItemPrefix="com.OriginalFiles.Field.java">
<Cov CovItemId="S1" Value="2"/>
<Cov CovItemId="S2" Value="2"/>
<Cov CovItemId="S3" Value="2"/>
<Cov CovItemId="S4" Value="2"/>
</CovPrefix>
<CovPrefix CovItemPrefix="com.OriginalFiles.Move.java">
<Cov CovItemId="B1" Value="1"/>
<Cov CovItemId="S1" Value="1"/>
<Cov CovItemId="S12" Value="1"/>
<Cov CovItemId="S13" Value="1"/>
<Cov CovItemId="S14" Value="1"/>
<Cov CovItemId="S15" Value="1"/>
<Cov CovItemId="S2" Value="1"/>
<Cov CovItemId="S8" Value="1"/>
<Cov CovItemId="S9" Value="1"/>
</CovPrefix>
</CovList>
<AssgnmntList>
<AssgnmntPrefix RootTermCovItemPrefix="com.OriginalFiles.Move.java">
<AssgnmntListEntry Length="1" RootTermCovItemId="C1">
<MapEntry BoolAssgnmnt="1" Value="1"/>
</AssgnmntListEntry>
</AssgnmntPrefix>
</AssgnmntList>
<ObjMetaDataList/>
<MetaDataList/>
</TestCase>
<TestCase Comment="" Date="1386064083452" Name="com.Testing.MoveTest:testIsJump">
<CovList>
<CovPrefix CovItemPrefix="com.OriginalFiles.Field.java">
<Cov CovItemId="S1" Value="4"/>
<Cov CovItemId="S2" Value="4"/>
<Cov CovItemId="S3" Value="4"/>
<Cov CovItemId="S4" Value="4"/>
</CovPrefix>
<CovPrefix CovItemPrefix="com.OriginalFiles.Move.java">
<Cov CovItemId="B1" Value="2"/>
<Cov CovItemId="S1" Value="2"/>
<Cov CovItemId="S12" Value="2"/>
<Cov CovItemId="S13" Value="2"/>
<Cov CovItemId="S14" Value="2"/>
<Cov CovItemId="S15" Value="2"/>
<Cov CovItemId="S2" Value="2"/>
<Cov CovItemId="S3" Value="2"/>
<Cov CovItemId="S4" Value="2"/>
<Cov CovItemId="S5" Value="2"/>
<Cov CovItemId="S6" Value="2"/>
<Cov CovItemId="S7" Value="2"/>
</CovPrefix>
</CovList>
<AssgnmntList>
<AssgnmntPrefix RootTermCovItemPrefix="com.OriginalFiles.Move.java">
<AssgnmntListEntry Length="1" RootTermCovItemId="C1">
<MapEntry BoolAssgnmnt="1" Value="2"/>
</AssgnmntListEntry>
</AssgnmntPrefix>
</AssgnmntList>
<ObjMetaDataList/>
<MetaDataList/>
</TestCase>
<TestCase Comment="" Date="1386064083453" Name="com.Testing.FieldTest:testGetPieceOnField">
<CovList>
<CovPrefix CovItemPrefix="com.OriginalFiles.Board.java">
<Cov CovItemId="B83" Value="2"/>
<Cov CovItemId="B84" Value="2"/>
<Cov CovItemId="B86" Value="2"/>
<Cov CovItemId="S180" Value="4"/>
<Cov CovItemId="S181" Value="2"/>
<Cov CovItemId="S182" Value="2"/>
<Cov CovItemId="S184" Value="2"/>
<Cov CovItemId="S185" Value="4"/>
</CovPrefix>
<CovPrefix CovItemPrefix="com.OriginalFiles.Field.java">
<Cov CovItemId="B1" Value="1"/>
<Cov CovItemId="S1" Value="1"/>
<Cov CovItemId="S2" Value="1"/>
<Cov CovItemId="S5" Value="1"/>
<Cov CovItemId="S6" Value="1"/>
<Cov CovItemId="S7" Value="1"/>
<Cov CovItemId="S8" Value="2"/>
<Cov CovItemId="S9" Value="1"/>
</CovPrefix>
<CovPrefix CovItemPrefix="com.OriginalFiles.Piece.java">
<Cov CovItemId="B1" Value="1"/>
<Cov CovItemId="B11" Value="2"/>
<Cov CovItemId="B13" Value="1"/>
<Cov CovItemId="B14" Value="1"/>
<Cov CovItemId="B15" Value="2"/>
<Cov CovItemId="B18" Value="2"/>
<Cov CovItemId="B2" Value="1"/>
<Cov CovItemId="B34" Value="2"/>
<Cov CovItemId="B36" Value="2"/>
<Cov CovItemId="B39" Value="1"/>
<Cov CovItemId="B4" Value="1"/>
<Cov CovItemId="B40" Value="1"/>
<Cov CovItemId="B5" Value="2"/>
<Cov CovItemId="B9" Value="2"/>
<Cov CovItemId="S1" Value="1"/>
<Cov CovItemId="S10" Value="1"/>
<Cov CovItemId="S11" Value="1"/>
<Cov CovItemId="S12" Value="1"/>
<Cov CovItemId="S13" Value="1"/>
<Cov CovItemId="S14" Value="1"/>
<Cov CovItemId="S15" Value="1"/>
<Cov CovItemId="S16" Value="1"/>
<Cov CovItemId="S17" Value="1"/>
<Cov CovItemId="S18" Value="1"/>
<Cov CovItemId="S19" Value="1"/>
<Cov CovItemId="S2" Value="1"/>
<Cov CovItemId="S20" Value="1"/>
<Cov CovItemId="S21" Value="1"/>
<Cov CovItemId="S22" Value="1"/>
<Cov CovItemId="S23" Value="1"/>
<Cov CovItemId="S24" Value="2"/>
<Cov CovItemId="S25" Value="2"/>
<Cov CovItemId="S26" Value="2"/>
<Cov CovItemId="S27" Value="1"/>
<Cov CovItemId="S29" Value="1"/>
<Cov CovItemId="S3" Value="1"/>
<Cov CovItemId="S30" Value="1"/>
<Cov CovItemId="S31" Value="2"/>
<Cov CovItemId="S32" Value="2"/>
<Cov CovItemId="S33" Value="2"/>
<Cov CovItemId="S39" Value="2"/>
<Cov CovItemId="S4" Value="1"/>
<Cov CovItemId="S40" Value="2"/>
<Cov CovItemId="S42" Value="2"/>
<Cov CovItemId="S43" Value="2"/>
<Cov CovItemId="S44" Value="2"/>
<Cov CovItemId="S45" Value="2"/>
<Cov CovItemId="S46" Value="2"/>
<Cov CovItemId="S47" Value="1"/>
<Cov CovItemId="S48" Value="2"/>
<Cov CovItemId="S49" Value="2"/>
<Cov CovItemId="S5" Value="1"/>
<Cov CovItemId="S50" Value="2"/>
<Cov CovItemId="S6" Value="1"/>
<Cov CovItemId="S65" Value="2"/>
<Cov CovItemId="S67" Value="2"/>
<Cov CovItemId="S7" Value="1"/>
<Cov CovItemId="S71" Value="2"/>
<Cov CovItemId="S72" Value="1"/>
<Cov CovItemId="S73" Value="2"/>
<Cov CovItemId="S8" Value="1"/>
<Cov CovItemId="S9" Value="1"/>
</CovPrefix>
</CovList>
<AssgnmntList>
<AssgnmntPrefix RootTermCovItemPrefix="com.OriginalFiles.Board.java">
<AssgnmntListEntry Length="3" RootTermCovItemId="C55">
<MapEntry BoolAssgnmnt="120" Value="2"/>
<MapEntry BoolAssgnmnt="121" Value="2"/>
</AssgnmntListEntry>
<AssgnmntListEntry Length="3" RootTermCovItemId="C56">
<MapEntry BoolAssgnmnt="002" Value="2"/>
</AssgnmntListEntry>
</AssgnmntPrefix>
<AssgnmntPrefix RootTermCovItemPrefix="com.OriginalFiles.Field.java">
<AssgnmntListEntry Length="1" RootTermCovItemId="C1">
<MapEntry BoolAssgnmnt="0" Value="1"/>
</AssgnmntListEntry>
</AssgnmntPrefix>
<AssgnmntPrefix RootTermCovItemPrefix="com.OriginalFiles.Piece.java">
<AssgnmntListEntry Length="2" RootTermCovItemId="C1">
<MapEntry BoolAssgnmnt="10" Value="1"/>
<MapEntry BoolAssgnmnt="11" Value="1"/>
</AssgnmntListEntry>
<AssgnmntListEntry Length="5" RootTermCovItemId="C17">
<MapEntry BoolAssgnmnt="00210" Value="1"/>
<MapEntry BoolAssgnmnt="12222" Value="1"/>
</AssgnmntListEntry>
<AssgnmntListEntry Length="5" RootTermCovItemId="C18">
<MapEntry BoolAssgnmnt="00210" Value="1"/>
<MapEntry BoolAssgnmnt="12222" Value="1"/>
</AssgnmntListEntry>
<AssgnmntListEntry Length="2" RootTermCovItemId="C2">
<MapEntry BoolAssgnmnt="02" Value="1"/>
</AssgnmntListEntry>
<AssgnmntListEntry Length="1" RootTermCovItemId="C20">
<MapEntry BoolAssgnmnt="0" Value="1"/>
<MapEntry BoolAssgnmnt="1" Value="1"/>
</AssgnmntListEntry>
<AssgnmntListEntry Length="1" RootTermCovItemId="C3">
<MapEntry BoolAssgnmnt="1" Value="2"/>
</AssgnmntListEntry>
<AssgnmntListEntry Length="1" RootTermCovItemId="C5">
<MapEntry BoolAssgnmnt="1" Value="2"/>
</AssgnmntListEntry>
<AssgnmntListEntry Length="1" RootTermCovItemId="C6">
<MapEntry BoolAssgnmnt="1" Value="2"/>
</AssgnmntListEntry>
<AssgnmntListEntry Length="1" RootTermCovItemId="C7">
<MapEntry BoolAssgnmnt="0" Value="1"/>
<MapEntry BoolAssgnmnt="1" Value="1"/>
</AssgnmntListEntry>
<AssgnmntListEntry Length="1" RootTermCovItemId="C8">
<MapEntry BoolAssgnmnt="1" Value="2"/>
</AssgnmntListEntry>
<AssgnmntListEntry Length="1" RootTermCovItemId="C9">
<MapEntry BoolAssgnmnt="0" Value="2"/>
</AssgnmntListEntry>
</AssgnmntPrefix>
</AssgnmntList>
<ObjMetaDataList/>
<MetaDataList/>
</TestCase>
<TestCase Comment="" Date="1386064083454" Name="com.Testing.FieldTest:testIsPieceOfColor">
<CovList>
<CovPrefix CovItemPrefix="com.OriginalFiles.Board.java">
<Cov CovItemId="B83" Value="4"/>
<Cov CovItemId="B84" Value="4"/>
<Cov CovItemId="B86" Value="4"/>
<Cov CovItemId="S180" Value="8"/>
<Cov CovItemId="S181" Value="4"/>
<Cov CovItemId="S182" Value="4"/>
<Cov CovItemId="S184" Value="4"/>
<Cov CovItemId="S185" Value="4"/>
</CovPrefix>
<CovPrefix CovItemPrefix="com.OriginalFiles.Field.java">
<Cov CovItemId="B1" Value="1"/>
<Cov CovItemId="B4" Value="4"/>
<Cov CovItemId="S1" Value="1"/>
<Cov CovItemId="S10" Value="4"/>
<Cov CovItemId="S12" Value="4"/>
<Cov CovItemId="S2" Value="1"/>
<Cov CovItemId="S5" Value="1"/>
<Cov CovItemId="S6" Value="1"/>
<Cov CovItemId="S7" Value="1"/>
<Cov CovItemId="S8" Value="1"/>
<Cov CovItemId="S9" Value="5"/>
</CovPrefix>
<CovPrefix CovItemPrefix="com.OriginalFiles.Piece.java">
<Cov CovItemId="B11" Value="2"/>
<Cov CovItemId="B14" Value="2"/>
<Cov CovItemId="B15" Value="2"/>
<Cov CovItemId="B18" Value="2"/>
<Cov CovItemId="B2" Value="2"/>
<Cov CovItemId="B34" Value="2"/>
<Cov CovItemId="B35" Value="2"/>
<Cov CovItemId="B37" Value="2"/>
<Cov CovItemId="B40" Value="2"/>
<Cov CovItemId="B5" Value="2"/>
<Cov CovItemId="B9" Value="2"/>
<Cov CovItemId="S1" Value="1"/>
<Cov CovItemId="S10" Value="1"/>
<Cov CovItemId="S11" Value="1"/>
<Cov CovItemId="S12" Value="1"/>
<Cov CovItemId="S13" Value="1"/>
<Cov CovItemId="S14" Value="1"/>
<Cov CovItemId="S15" Value="1"/>
<Cov CovItemId="S16" Value="1"/>
<Cov CovItemId="S17" Value="1"/>
<Cov CovItemId="S18" Value="1"/>
<Cov CovItemId="S19" Value="1"/>
<Cov CovItemId="S2" Value="1"/>
<Cov CovItemId="S20" Value="1"/>
<Cov CovItemId="S21" Value="1"/>
<Cov CovItemId="S24" Value="2"/>
<Cov CovItemId="S25" Value="2"/>
<Cov CovItemId="S26" Value="2"/>
<Cov CovItemId="S3" Value="1"/>
<Cov CovItemId="S30" Value="2"/>
<Cov CovItemId="S31" Value="2"/>
<Cov CovItemId="S32" Value="2"/>
<Cov CovItemId="S33" Value="2"/>
<Cov CovItemId="S39" Value="2"/>
<Cov CovItemId="S4" Value="1"/>
<Cov CovItemId="S40" Value="2"/>
<Cov CovItemId="S42" Value="2"/>
<Cov CovItemId="S43" Value="2"/>
<Cov CovItemId="S44" Value="2"/>
<Cov CovItemId="S45" Value="2"/>
<Cov CovItemId="S46" Value="2"/>
<Cov CovItemId="S48" Value="2"/>
<Cov CovItemId="S49" Value="2"/>
<Cov CovItemId="S5" Value="1"/>
<Cov CovItemId="S50" Value="2"/>
<Cov CovItemId="S6" Value="1"/>
<Cov CovItemId="S65" Value="2"/>
<Cov CovItemId="S67" Value="2"/>
<Cov CovItemId="S68" Value="2"/>
<Cov CovItemId="S69" Value="2"/>
<Cov CovItemId="S7" Value="1"/>
<Cov CovItemId="S70" Value="2"/>
<Cov CovItemId="S71" Value="2"/>
<Cov CovItemId="S73" Value="2"/>
<Cov CovItemId="S8" Value="1"/>
<Cov CovItemId="S9" Value="1"/>
</CovPrefix>
</CovList>
<AssgnmntList>
<AssgnmntPrefix RootTermCovItemPrefix="com.OriginalFiles.Board.java">
<AssgnmntListEntry Length="3" RootTermCovItemId="C55">
<MapEntry BoolAssgnmnt="120" Value="4"/>
<MapEntry BoolAssgnmnt="121" Value="4"/>
</AssgnmntListEntry>
<AssgnmntListEntry Length="3" RootTermCovItemId="C56">
<MapEntry BoolAssgnmnt="002" Value="4"/>
</AssgnmntListEntry>
</AssgnmntPrefix>
<AssgnmntPrefix RootTermCovItemPrefix="com.OriginalFiles.Field.java">
<AssgnmntListEntry Length="1" RootTermCovItemId="C1">
<MapEntry BoolAssgnmnt="0" Value="1"/>
</AssgnmntListEntry>
<AssgnmntListEntry Length="1" RootTermCovItemId="C2">
<MapEntry BoolAssgnmnt="0" Value="4"/>
</AssgnmntListEntry>
</AssgnmntPrefix>
<AssgnmntPrefix RootTermCovItemPrefix="com.OriginalFiles.Piece.java">
<AssgnmntListEntry Length="2" RootTermCovItemId="C1">
<MapEntry BoolAssgnmnt="10" Value="2"/>
</AssgnmntListEntry>
<AssgnmntListEntry Length="5" RootTermCovItemId="C17">
<MapEntry BoolAssgnmnt="00210" Value="2"/>
</AssgnmntListEntry>
<AssgnmntListEntry Length="5" RootTermCovItemId="C18">
<MapEntry BoolAssgnmnt="00211" Value="2"/>
</AssgnmntListEntry>
<AssgnmntListEntry Length="1" RootTermCovItemId="C19">
<MapEntry BoolAssgnmnt="1" Value="2"/>
</AssgnmntListEntry>
<AssgnmntListEntry Length="1" RootTermCovItemId="C20">
<MapEntry BoolAssgnmnt="0" Value="2"/>
</AssgnmntListEntry>
<AssgnmntListEntry Length="1" RootTermCovItemId="C3">
<MapEntry BoolAssgnmnt="1" Value="2"/>
</AssgnmntListEntry>
<AssgnmntListEntry Length="1" RootTermCovItemId="C5">
<MapEntry BoolAssgnmnt="1" Value="2"/>
</AssgnmntListEntry>
<AssgnmntListEntry Length="1" RootTermCovItemId="C6">
<MapEntry BoolAssgnmnt="1" Value="2"/>
</AssgnmntListEntry>
<AssgnmntListEntry Length="1" RootTermCovItemId="C7">
<MapEntry BoolAssgnmnt="0" Value="2"/>
</AssgnmntListEntry>
<AssgnmntListEntry Length="1" RootTermCovItemId="C8">
<MapEntry BoolAssgnmnt="1" Value="2"/>
</AssgnmntListEntry>
<AssgnmntListEntry Length="1" RootTermCovItemId="C9">
<MapEntry BoolAssgnmnt="0" Value="2"/>
</AssgnmntListEntry>
</AssgnmntPrefix>
</AssgnmntList>
<ObjMetaDataList/>
<MetaDataList/>
</TestCase>
<TestCase Comment="" Date="1386064083456" Name="com.Testing.FieldTest:testField">
<CovList>
<CovPrefix CovItemPrefix="com.OriginalFiles.Board.java">
<Cov CovItemId="B84" Value="7"/>
<Cov CovItemId="B85" Value="4"/>
<Cov CovItemId="B86" Value="3"/>
<Cov CovItemId="S180" Value="7"/>
<Cov CovItemId="S182" Value="7"/>
<Cov CovItemId="S183" Value="4"/>
<Cov CovItemId="S184" Value="3"/>
<Cov CovItemId="S185" Value="4"/>
</CovPrefix>
<CovPrefix CovItemPrefix="com.OriginalFiles.Field.java">
<Cov CovItemId="B1" Value="1"/>
<Cov CovItemId="S1" Value="1"/>
<Cov CovItemId="S2" Value="1"/>
<Cov CovItemId="S5" Value="1"/>
<Cov CovItemId="S6" Value="1"/>
<Cov CovItemId="S7" Value="1"/>
<Cov CovItemId="S8" Value="2"/>
<Cov CovItemId="S9" Value="1"/>
</CovPrefix>
<CovPrefix CovItemPrefix="com.OriginalFiles.Piece.java">
<Cov CovItemId="B11" Value="2"/>
<Cov CovItemId="B14" Value="2"/>
<Cov CovItemId="B15" Value="2"/>
<Cov CovItemId="B18" Value="2"/>
<Cov CovItemId="B2" Value="2"/>
<Cov CovItemId="B33" Value="1"/>
<Cov CovItemId="B34" Value="1"/>
<Cov CovItemId="B36" Value="2"/>
<Cov CovItemId="B40" Value="2"/>
<Cov CovItemId="B5" Value="2"/>
<Cov CovItemId="B9" Value="2"/>
<Cov CovItemId="S1" Value="1"/>
<Cov CovItemId="S10" Value="1"/>
<Cov CovItemId="S11" Value="1"/>
<Cov CovItemId="S12" Value="1"/>
<Cov CovItemId="S13" Value="1"/>
<Cov CovItemId="S14" Value="1"/>
<Cov CovItemId="S15" Value="1"/>
<Cov CovItemId="S16" Value="1"/>
<Cov CovItemId="S17" Value="1"/>
<Cov CovItemId="S18" Value="1"/>
<Cov CovItemId="S19" Value="1"/>
<Cov CovItemId="S2" Value="1"/>
<Cov CovItemId="S20" Value="1"/>
<Cov CovItemId="S21" Value="1"/>
<Cov CovItemId="S24" Value="2"/>
<Cov CovItemId="S25" Value="2"/>
<Cov CovItemId="S26" Value="2"/>
<Cov CovItemId="S3" Value="1"/>
<Cov CovItemId="S30" Value="2"/>
<Cov CovItemId="S31" Value="2"/>
<Cov CovItemId="S32" Value="2"/>
<Cov CovItemId="S33" Value="2"/>
<Cov CovItemId="S39" Value="2"/>
<Cov CovItemId="S4" Value="1"/>
<Cov CovItemId="S40" Value="2"/>
<Cov CovItemId="S42" Value="2"/>
<Cov CovItemId="S43" Value="2"/>
<Cov CovItemId="S44" Value="2"/>
<Cov CovItemId="S45" Value="2"/>
<Cov CovItemId="S46" Value="2"/>
<Cov CovItemId="S48" Value="2"/>
<Cov CovItemId="S49" Value="2"/>
<Cov CovItemId="S5" Value="1"/>
<Cov CovItemId="S50" Value="2"/>
<Cov CovItemId="S6" Value="1"/>
<Cov CovItemId="S65" Value="2"/>
<Cov CovItemId="S66" Value="1"/>
<Cov CovItemId="S67" Value="2"/>
<Cov CovItemId="S7" Value="1"/>
<Cov CovItemId="S71" Value="2"/>
<Cov CovItemId="S73" Value="2"/>
<Cov CovItemId="S8" Value="1"/>
<Cov CovItemId="S9" Value="1"/>
</CovPrefix>
</CovList>
<AssgnmntList>
<AssgnmntPrefix RootTermCovItemPrefix="com.OriginalFiles.Board.java">
<AssgnmntListEntry Length="3" RootTermCovItemId="C55">
<MapEntry BoolAssgnmnt="002" Value="7"/>
</AssgnmntListEntry>
<AssgnmntListEntry Length="3" RootTermCovItemId="C56">
<MapEntry BoolAssgnmnt="120" Value="3"/>
<MapEntry BoolAssgnmnt="121" Value="4"/>
</AssgnmntListEntry>
</AssgnmntPrefix>
<AssgnmntPrefix RootTermCovItemPrefix="com.OriginalFiles.Field.java">
<AssgnmntListEntry Length="1" RootTermCovItemId="C1">
<MapEntry BoolAssgnmnt="0" Value="1"/>
</AssgnmntListEntry>
</AssgnmntPrefix>
<AssgnmntPrefix RootTermCovItemPrefix="com.OriginalFiles.Piece.java">
<AssgnmntListEntry Length="2" RootTermCovItemId="C1">
<MapEntry BoolAssgnmnt="10" Value="2"/>
</AssgnmntListEntry>
<AssgnmntListEntry Length="5" RootTermCovItemId="C17">
<MapEntry BoolAssgnmnt="01002" Value="1"/>
<MapEntry BoolAssgnmnt="01122" Value="1"/>
</AssgnmntListEntry>
<AssgnmntListEntry Length="5" RootTermCovItemId="C18">
<MapEntry BoolAssgnmnt="01002" Value="2"/>
</AssgnmntListEntry>
<AssgnmntListEntry Length="1" RootTermCovItemId="C20">
<MapEntry BoolAssgnmnt="0" Value="2"/>
</AssgnmntListEntry>
<AssgnmntListEntry Length="1" RootTermCovItemId="C3">
<MapEntry BoolAssgnmnt="1" Value="2"/>
</AssgnmntListEntry>
<AssgnmntListEntry Length="1" RootTermCovItemId="C5">
<MapEntry BoolAssgnmnt="1" Value="2"/>
</AssgnmntListEntry>
<AssgnmntListEntry Length="1" RootTermCovItemId="C6">
<MapEntry BoolAssgnmnt="1" Value="2"/>
</AssgnmntListEntry>
<AssgnmntListEntry Length="1" RootTermCovItemId="C7">
<MapEntry BoolAssgnmnt="0" Value="2"/>
</AssgnmntListEntry>
<AssgnmntListEntry Length="1" RootTermCovItemId="C8">
<MapEntry BoolAssgnmnt="1" Value="2"/>
</AssgnmntListEntry>
<AssgnmntListEntry Length="1" RootTermCovItemId="C9">
<MapEntry BoolAssgnmnt="0" Value="2"/>
</AssgnmntListEntry>
</AssgnmntPrefix>
</AssgnmntList>
<ObjMetaDataList/>
<MetaDataList/>
</TestCase>
<TestCase Comment="" Date="1386064083457" Name="com.Testing.FieldTest:testSetPieceOnField">
<CovList>
<CovPrefix CovItemPrefix="com.OriginalFiles.Board.java">
<Cov CovItemId="B83" Value="4"/>
<Cov CovItemId="B84" Value="8"/>
<Cov CovItemId="B86" Value="8"/>
<Cov CovItemId="S180" Value="12"/>
<Cov CovItemId="S181" Value="4"/>
<Cov CovItemId="S182" Value="8"/>
<Cov CovItemId="S184" Value="8"/>
<Cov CovItemId="S185" Value="10"/>
</CovPrefix>
<CovPrefix CovItemPrefix="com.OriginalFiles.Field.java">
<Cov CovItemId="B1" Value="3"/>
<Cov CovItemId="S1" Value="1"/>
<Cov CovItemId="S2" Value="1"/>
<Cov CovItemId="S5" Value="3"/>
<Cov CovItemId="S6" Value="3"/>
<Cov CovItemId="S7" Value="3"/>
<Cov CovItemId="S8" Value="4"/>
<Cov CovItemId="S9" Value="3"/>
</CovPrefix>
<CovPrefix CovItemPrefix="com.OriginalFiles.Piece.java">
<Cov CovItemId="B1" Value="2"/>
<Cov CovItemId="B11" Value="5"/>
<Cov CovItemId="B13" Value="2"/>
<Cov CovItemId="B14" Value="3"/>
<Cov CovItemId="B15" Value="5"/>
<Cov CovItemId="B18" Value="5"/>
<Cov CovItemId="B2" Value="3"/>
<Cov CovItemId="B34" Value="5"/>
<Cov CovItemId="B36" Value="5"/>
<Cov CovItemId="B39" Value="2"/>
<Cov CovItemId="B4" Value="2"/>
<Cov CovItemId="B40" Value="3"/>
<Cov CovItemId="B5" Value="5"/>
<Cov CovItemId="B9" Value="5"/>
<Cov CovItemId="S1" Value="3"/>
<Cov CovItemId="S10" Value="3"/>
<Cov CovItemId="S11" Value="3"/>
<Cov CovItemId="S12" Value="3"/>
<Cov CovItemId="S13" Value="3"/>
<Cov CovItemId="S14" Value="3"/>
<Cov CovItemId="S15" Value="3"/>
<Cov CovItemId="S16" Value="3"/>
<Cov CovItemId="S17" Value="3"/>
<Cov CovItemId="S18" Value="3"/>
<Cov CovItemId="S19" Value="3"/>
<Cov CovItemId="S2" Value="3"/>
<Cov CovItemId="S20" Value="3"/>
<Cov CovItemId="S21" Value="3"/>
<Cov CovItemId="S22" Value="3"/>
<Cov CovItemId="S23" Value="3"/>
<Cov CovItemId="S24" Value="5"/>
<Cov CovItemId="S25" Value="5"/>
<Cov CovItemId="S26" Value="5"/>
<Cov CovItemId="S27" Value="2"/>
<Cov CovItemId="S29" Value="2"/>
<Cov CovItemId="S3" Value="3"/>
<Cov CovItemId="S30" Value="3"/>
<Cov CovItemId="S31" Value="5"/>
<Cov CovItemId="S32" Value="5"/>
<Cov CovItemId="S33" Value="5"/>
<Cov CovItemId="S39" Value="5"/>
<Cov CovItemId="S4" Value="3"/>
<Cov CovItemId="S40" Value="5"/>
<Cov CovItemId="S42" Value="5"/>
<Cov CovItemId="S43" Value="5"/>
<Cov CovItemId="S44" Value="5"/>
<Cov CovItemId="S45" Value="5"/>
<Cov CovItemId="S46" Value="5"/>
<Cov CovItemId="S47" Value="2"/>
<Cov CovItemId="S48" Value="5"/>
<Cov CovItemId="S49" Value="5"/>
<Cov CovItemId="S5" Value="3"/>
<Cov CovItemId="S50" Value="5"/>
<Cov CovItemId="S6" Value="3"/>
<Cov CovItemId="S65" Value="5"/>
<Cov CovItemId="S67" Value="5"/>
<Cov CovItemId="S7" Value="3"/>
<Cov CovItemId="S71" Value="5"/>
<Cov CovItemId="S72" Value="2"/>
<Cov CovItemId="S73" Value="5"/>
<Cov CovItemId="S8" Value="3"/>
<Cov CovItemId="S9" Value="3"/>
</CovPrefix>
</CovList>
<AssgnmntList>
<AssgnmntPrefix RootTermCovItemPrefix="com.OriginalFiles.Board.java">
<AssgnmntListEntry Length="3" RootTermCovItemId="C55">
<MapEntry BoolAssgnmnt="002" Value="4"/>
<MapEntry BoolAssgnmnt="120" Value="4"/>
<MapEntry BoolAssgnmnt="121" Value="4"/>
</AssgnmntListEntry>
<AssgnmntListEntry Length="3" RootTermCovItemId="C56">
<MapEntry BoolAssgnmnt="002" Value="8"/>
</AssgnmntListEntry>
</AssgnmntPrefix>
<AssgnmntPrefix RootTermCovItemPrefix="com.OriginalFiles.Field.java">
<AssgnmntListEntry Length="1" RootTermCovItemId="C1">
<MapEntry BoolAssgnmnt="0" Value="3"/>
</AssgnmntListEntry>
</AssgnmntPrefix>
<AssgnmntPrefix RootTermCovItemPrefix="com.OriginalFiles.Piece.java">
<AssgnmntListEntry Length="2" RootTermCovItemId="C1">
<MapEntry BoolAssgnmnt="10" Value="3"/>
<MapEntry BoolAssgnmnt="11" Value="2"/>
</AssgnmntListEntry>
<AssgnmntListEntry Length="5" RootTermCovItemId="C17">
<MapEntry BoolAssgnmnt="00210" Value="2"/>
<MapEntry BoolAssgnmnt="00202" Value="1"/>
<MapEntry BoolAssgnmnt="12222" Value="2"/>
</AssgnmntListEntry>
<AssgnmntListEntry Length="5" RootTermCovItemId="C18">
<MapEntry BoolAssgnmnt="00210" Value="2"/>
<MapEntry BoolAssgnmnt="00202" Value="1"/>
<MapEntry BoolAssgnmnt="12222" Value="2"/>
</AssgnmntListEntry>
<AssgnmntListEntry Length="2" RootTermCovItemId="C2">
<MapEntry BoolAssgnmnt="02" Value="2"/>
</AssgnmntListEntry>
<AssgnmntListEntry Length="1" RootTermCovItemId="C20">
<MapEntry BoolAssgnmnt="0" Value="3"/>
<MapEntry BoolAssgnmnt="1" Value="2"/>
</AssgnmntListEntry>
<AssgnmntListEntry Length="1" RootTermCovItemId="C3">
<MapEntry BoolAssgnmnt="1" Value="5"/>
</AssgnmntListEntry>
<AssgnmntListEntry Length="1" RootTermCovItemId="C5">
<MapEntry BoolAssgnmnt="1" Value="5"/>
</AssgnmntListEntry>
<AssgnmntListEntry Length="1" RootTermCovItemId="C6">
<MapEntry BoolAssgnmnt="1" Value="5"/>
</AssgnmntListEntry>
<AssgnmntListEntry Length="1" RootTermCovItemId="C7">
<MapEntry BoolAssgnmnt="0" Value="3"/>
<MapEntry BoolAssgnmnt="1" Value="2"/>
</AssgnmntListEntry>
<AssgnmntListEntry Length="1" RootTermCovItemId="C8">
<MapEntry BoolAssgnmnt="1" Value="5"/>
</AssgnmntListEntry>
<AssgnmntListEntry Length="1" RootTermCovItemId="C9">
<MapEntry BoolAssgnmnt="0" Value="5"/>
</AssgnmntListEntry>
</AssgnmntPrefix>
</AssgnmntList>
<ObjMetaDataList/>
<MetaDataList/>
</TestCase>
<TestCase Comment="" Date="1386064083457" Name="com.Testing.FieldTest:testFieldIntInt">
<CovList>
<CovPrefix CovItemPrefix="com.OriginalFiles.Board.java">
<Cov CovItemId="B84" Value="7"/>
<Cov CovItemId="B85" Value="4"/>
<Cov CovItemId="B86" Value="3"/>
<Cov CovItemId="S180" Value="7"/>
<Cov CovItemId="S182" Value="7"/>
<Cov CovItemId="S183" Value="4"/>
<Cov CovItemId="S184" Value="3"/>
<Cov CovItemId="S185" Value="4"/>
</CovPrefix>
<CovPrefix CovItemPrefix="com.OriginalFiles.Field.java">
<Cov CovItemId="B1" Value="1"/>
<Cov CovItemId="S1" Value="1"/>
<Cov CovItemId="S2" Value="1"/>
<Cov CovItemId="S3" Value="1"/>
<Cov CovItemId="S4" Value="1"/>
<Cov CovItemId="S5" Value="1"/>
<Cov CovItemId="S6" Value="1"/>
<Cov CovItemId="S7" Value="1"/>
<Cov CovItemId="S8" Value="2"/>
<Cov CovItemId="S9" Value="1"/>
</CovPrefix>
<CovPrefix CovItemPrefix="com.OriginalFiles.Piece.java">
<Cov CovItemId="B11" Value="2"/>
<Cov CovItemId="B14" Value="2"/>
<Cov CovItemId="B15" Value="2"/>
<Cov CovItemId="B18" Value="2"/>
<Cov CovItemId="B2" Value="2"/>
<Cov CovItemId="B33" Value="1"/>
<Cov CovItemId="B34" Value="1"/>
<Cov CovItemId="B36" Value="2"/>
<Cov CovItemId="B40" Value="2"/>
<Cov CovItemId="B5" Value="2"/>
<Cov CovItemId="B9" Value="2"/>
<Cov CovItemId="S1" Value="1"/>
<Cov CovItemId="S10" Value="1"/>
<Cov CovItemId="S11" Value="1"/>
<Cov CovItemId="S12" Value="1"/>
<Cov CovItemId="S13" Value="1"/>
<Cov CovItemId="S14" Value="1"/>
<Cov CovItemId="S15" Value="1"/>
<Cov CovItemId="S16" Value="1"/>
<Cov CovItemId="S17" Value="1"/>
<Cov CovItemId="S18" Value="1"/>
<Cov CovItemId="S19" Value="1"/>
<Cov CovItemId="S2" Value="1"/>
<Cov CovItemId="S20" Value="1"/>
<Cov CovItemId="S21" Value="1"/>
<Cov CovItemId="S24" Value="2"/>
<Cov CovItemId="S25" Value="2"/>
<Cov CovItemId="S26" Value="2"/>
<Cov CovItemId="S3" Value="1"/>
<Cov CovItemId="S30" Value="2"/>
<Cov CovItemId="S31" Value="2"/>
<Cov CovItemId="S32" Value="2"/>
<Cov CovItemId="S33" Value="2"/>
<Cov CovItemId="S39" Value="2"/>
<Cov CovItemId="S4" Value="1"/>
<Cov CovItemId="S40" Value="2"/>
<Cov CovItemId="S42" Value="2"/>
<Cov CovItemId="S43" Value="2"/>
<Cov CovItemId="S44" Value="2"/>
<Cov CovItemId="S45" Value="2"/>
<Cov CovItemId="S46" Value="2"/>
<Cov CovItemId="S48" Value="2"/>
<Cov CovItemId="S49" Value="2"/>
<Cov CovItemId="S5" Value="1"/>
<Cov CovItemId="S50" Value="2"/>
<Cov CovItemId="S6" Value="1"/>
<Cov CovItemId="S65" Value="2"/>
<Cov CovItemId="S66" Value="1"/>
<Cov CovItemId="S67" Value="2"/>
<Cov CovItemId="S7" Value="1"/>
<Cov CovItemId="S71" Value="2"/>
<Cov CovItemId="S73" Value="2"/>
<Cov CovItemId="S8" Value="1"/>
<Cov CovItemId="S9" Value="1"/>
</CovPrefix>
</CovList>
<AssgnmntList>
<AssgnmntPrefix RootTermCovItemPrefix="com.OriginalFiles.Board.java">
<AssgnmntListEntry Length="3" RootTermCovItemId="C55">
<MapEntry BoolAssgnmnt="002" Value="7"/>
</AssgnmntListEntry>
<AssgnmntListEntry Length="3" RootTermCovItemId="C56">
<MapEntry BoolAssgnmnt="120" Value="3"/>
<MapEntry BoolAssgnmnt="121" Value="4"/>
</AssgnmntListEntry>
</AssgnmntPrefix>
<AssgnmntPrefix RootTermCovItemPrefix="com.OriginalFiles.Field.java">
<AssgnmntListEntry Length="1" RootTermCovItemId="C1">
<MapEntry BoolAssgnmnt="0" Value="1"/>
</AssgnmntListEntry>
</AssgnmntPrefix>
<AssgnmntPrefix RootTermCovItemPrefix="com.OriginalFiles.Piece.java">
<AssgnmntListEntry Length="2" RootTermCovItemId="C1">
<MapEntry BoolAssgnmnt="10" Value="2"/>
</AssgnmntListEntry>
<AssgnmntListEntry Length="5" RootTermCovItemId="C17">
<MapEntry BoolAssgnmnt="01002" Value="1"/>
<MapEntry BoolAssgnmnt="01122" Value="1"/>
</AssgnmntListEntry>
<AssgnmntListEntry Length="5" RootTermCovItemId="C18">
<MapEntry BoolAssgnmnt="01002" Value="2"/>
</AssgnmntListEntry>
<AssgnmntListEntry Length="1" RootTermCovItemId="C20">
<MapEntry BoolAssgnmnt="0" Value="2"/>
</AssgnmntListEntry>
<AssgnmntListEntry Length="1" RootTermCovItemId="C3">
<MapEntry BoolAssgnmnt="1" Value="2"/>
</AssgnmntListEntry>
<AssgnmntListEntry Length="1" RootTermCovItemId="C5">
<MapEntry BoolAssgnmnt="1" Value="2"/>
</AssgnmntListEntry>
<AssgnmntListEntry Length="1" RootTermCovItemId="C6">
<MapEntry BoolAssgnmnt="1" Value="2"/>
</AssgnmntListEntry>
<AssgnmntListEntry Length="1" RootTermCovItemId="C7">
<MapEntry BoolAssgnmnt="0" Value="2"/>
</AssgnmntListEntry>
<AssgnmntListEntry Length="1" RootTermCovItemId="C8">
<MapEntry BoolAssgnmnt="1" Value="2"/>
</AssgnmntListEntry>
<AssgnmntListEntry Length="1" RootTermCovItemId="C9">
<MapEntry BoolAssgnmnt="0" Value="2"/>
</AssgnmntListEntry>
</AssgnmntPrefix>
</AssgnmntList>
<ObjMetaDataList/>
<MetaDataList/>
</TestCase>
<TestCase Comment="" Date="1386064083458" Name="com.Testing.FieldTest:testEmptyThisField">
<CovList>
<CovPrefix CovItemPrefix="com.OriginalFiles.Board.java">
<Cov CovItemId="B83" Value="4"/>
<Cov CovItemId="B84" Value="4"/>
<Cov CovItemId="B86" Value="4"/>
<Cov CovItemId="S180" Value="8"/>
<Cov CovItemId="S181" Value="4"/>
<Cov CovItemId="S182" Value="4"/>
<Cov CovItemId="S184" Value="4"/>
<Cov CovItemId="S185" Value="4"/>
</CovPrefix>
<CovPrefix CovItemPrefix="com.OriginalFiles.Field.java">
<Cov CovItemId="B1" Value="1"/>
<Cov CovItemId="S1" Value="1"/>
<Cov CovItemId="S13" Value="1"/>
<Cov CovItemId="S2" Value="1"/>
<Cov CovItemId="S5" Value="1"/>
<Cov CovItemId="S6" Value="1"/>
<Cov CovItemId="S7" Value="1"/>
<Cov CovItemId="S8" Value="3"/>
<Cov CovItemId="S9" Value="1"/>
</CovPrefix>
<CovPrefix CovItemPrefix="com.OriginalFiles.Piece.java">
<Cov CovItemId="B11" Value="2"/>
<Cov CovItemId="B14" Value="2"/>
<Cov CovItemId="B15" Value="2"/>
<Cov CovItemId="B18" Value="2"/>
<Cov CovItemId="B2" Value="2"/>
<Cov CovItemId="B34" Value="2"/>
<Cov CovItemId="B35" Value="2"/>
<Cov CovItemId="B37" Value="2"/>
<Cov CovItemId="B40" Value="2"/>
<Cov CovItemId="B5" Value="2"/>
<Cov CovItemId="B9" Value="2"/>
<Cov CovItemId="S1" Value="1"/>
<Cov CovItemId="S10" Value="1"/>
<Cov CovItemId="S11" Value="1"/>
<Cov CovItemId="S12" Value="1"/>
<Cov CovItemId="S13" Value="1"/>
<Cov CovItemId="S14" Value="1"/>
<Cov CovItemId="S15" Value="1"/>
<Cov CovItemId="S16" Value="1"/>
<Cov CovItemId="S17" Value="1"/>
<Cov CovItemId="S18" Value="1"/>
<Cov CovItemId="S19" Value="1"/>
<Cov CovItemId="S2" Value="1"/>
<Cov CovItemId="S20" Value="1"/>
<Cov CovItemId="S21" Value="1"/>
<Cov CovItemId="S24" Value="2"/>
<Cov CovItemId="S25" Value="2"/>
<Cov CovItemId="S26" Value="2"/>
<Cov CovItemId="S3" Value="1"/>
<Cov CovItemId="S30" Value="2"/>
<Cov CovItemId="S31" Value="2"/>
<Cov CovItemId="S32" Value="2"/>
<Cov CovItemId="S33" Value="2"/>
<Cov CovItemId="S39" Value="2"/>
<Cov CovItemId="S4" Value="1"/>
<Cov CovItemId="S40" Value="2"/>
<Cov CovItemId="S42" Value="2"/>
<Cov CovItemId="S43" Value="2"/>
<Cov CovItemId="S44" Value="2"/>
<Cov CovItemId="S45" Value="2"/>
<Cov CovItemId="S46" Value="2"/>
<Cov CovItemId="S48" Value="2"/>
<Cov CovItemId="S49" Value="2"/>
<Cov CovItemId="S5" Value="1"/>
<Cov CovItemId="S50" Value="2"/>
<Cov CovItemId="S6" Value="1"/>
<Cov CovItemId="S65" Value="2"/>
<Cov CovItemId="S67" Value="2"/>
<Cov CovItemId="S68" Value="2"/>
<Cov CovItemId="S69" Value="2"/>
<Cov CovItemId="S7" Value="1"/>
<Cov CovItemId="S70" Value="2"/>
<Cov CovItemId="S71" Value="2"/>
<Cov CovItemId="S73" Value="2"/>
<Cov CovItemId="S8" Value="1"/>
<Cov CovItemId="S9" Value="1"/>
</CovPrefix>
</CovList>
<AssgnmntList>
<AssgnmntPrefix RootTermCovItemPrefix="com.OriginalFiles.Board.java">
<AssgnmntListEntry Length="3" RootTermCovItemId="C55">
<MapEntry BoolAssgnmnt="120" Value="4"/>
<MapEntry BoolAssgnmnt="121" Value="4"/>
</AssgnmntListEntry>
<AssgnmntListEntry Length="3" RootTermCovItemId="C56">
<MapEntry BoolAssgnmnt="002" Value="4"/>
</AssgnmntListEntry>
</AssgnmntPrefix>
<AssgnmntPrefix RootTermCovItemPrefix="com.OriginalFiles.Field.java">
<AssgnmntListEntry Length="1" RootTermCovItemId="C1">
<MapEntry BoolAssgnmnt="0" Value="1"/>
</AssgnmntListEntry>
</AssgnmntPrefix>
<AssgnmntPrefix RootTermCovItemPrefix="com.OriginalFiles.Piece.java">
<AssgnmntListEntry Length="2" RootTermCovItemId="C1">
<MapEntry BoolAssgnmnt="10" Value="2"/>
</AssgnmntListEntry>
<AssgnmntListEntry Length="5" RootTermCovItemId="C17">
<MapEntry BoolAssgnmnt="00210" Value="2"/>
</AssgnmntListEntry>
<AssgnmntListEntry Length="5" RootTermCovItemId="C18">
<MapEntry BoolAssgnmnt="00211" Value="2"/>
</AssgnmntListEntry>
<AssgnmntListEntry Length="1" RootTermCovItemId="C19">
<MapEntry BoolAssgnmnt="1" Value="2"/>
</AssgnmntListEntry>
<AssgnmntListEntry Length="1" RootTermCovItemId="C20">
<MapEntry BoolAssgnmnt="0" Value="2"/>
</AssgnmntListEntry>
<AssgnmntListEntry Length="1" RootTermCovItemId="C3">
<MapEntry BoolAssgnmnt="1" Value="2"/>
</AssgnmntListEntry>
<AssgnmntListEntry Length="1" RootTermCovItemId="C5">
<MapEntry BoolAssgnmnt="1" Value="2"/>
</AssgnmntListEntry>
<AssgnmntListEntry Length="1" RootTermCovItemId="C6">
<MapEntry BoolAssgnmnt="1" Value="2"/>
</AssgnmntListEntry>
<AssgnmntListEntry Length="1" RootTermCovItemId="C7">
<MapEntry BoolAssgnmnt="0" Value="2"/>
</AssgnmntListEntry>
<AssgnmntListEntry Length="1" RootTermCovItemId="C8">
<MapEntry BoolAssgnmnt="1" Value="2"/>
</AssgnmntListEntry>
<AssgnmntListEntry Length="1" RootTermCovItemId="C9">
<MapEntry BoolAssgnmnt="0" Value="2"/>
</AssgnmntListEntry>
</AssgnmntPrefix>
</AssgnmntList>
<ObjMetaDataList/>
<MetaDataList/>
</TestCase>
<TestCase Comment="" Date="1386064083459" Name="com.Testing.FieldTest:testIsEmpty">
<CovList>
<CovPrefix CovItemPrefix="com.OriginalFiles.Board.java">
<Cov CovItemId="B83" Value="4"/>
<Cov CovItemId="B84" Value="4"/>
<Cov CovItemId="B86" Value="4"/>
<Cov CovItemId="S180" Value="8"/>
<Cov CovItemId="S181" Value="4"/>
<Cov CovItemId="S182" Value="4"/>
<Cov CovItemId="S184" Value="4"/>
<Cov CovItemId="S185" Value="4"/>
</CovPrefix>
<CovPrefix CovItemPrefix="com.OriginalFiles.Field.java">
<Cov CovItemId="B1" Value="1"/>
<Cov CovItemId="S1" Value="1"/>
<Cov CovItemId="S13" Value="1"/>
<Cov CovItemId="S2" Value="1"/>
<Cov CovItemId="S5" Value="1"/>
<Cov CovItemId="S6" Value="1"/>
<Cov CovItemId="S7" Value="1"/>
<Cov CovItemId="S9" Value="4"/>
</CovPrefix>
<CovPrefix CovItemPrefix="com.OriginalFiles.Piece.java">
<Cov CovItemId="B11" Value="2"/>
<Cov CovItemId="B14" Value="2"/>
<Cov CovItemId="B15" Value="2"/>
<Cov CovItemId="B18" Value="2"/>
<Cov CovItemId="B2" Value="2"/>
<Cov CovItemId="B34" Value="2"/>
<Cov CovItemId="B35" Value="2"/>
<Cov CovItemId="B37" Value="2"/>
<Cov CovItemId="B40" Value="2"/>
<Cov CovItemId="B5" Value="2"/>
<Cov CovItemId="B9" Value="2"/>
<Cov CovItemId="S1" Value="1"/>
<Cov CovItemId="S10" Value="1"/>
<Cov CovItemId="S11" Value="1"/>
<Cov CovItemId="S12" Value="1"/>
<Cov CovItemId="S13" Value="1"/>
<Cov CovItemId="S14" Value="1"/>
<Cov CovItemId="S15" Value="1"/>
<Cov CovItemId="S16" Value="1"/>
<Cov CovItemId="S17" Value="1"/>
<Cov CovItemId="S18" Value="1"/>
<Cov CovItemId="S19" Value="1"/>
<Cov CovItemId="S2" Value="1"/>
<Cov CovItemId="S20" Value="1"/>
<Cov CovItemId="S21" Value="1"/>
<Cov CovItemId="S24" Value="2"/>
<Cov CovItemId="S25" Value="2"/>
<Cov CovItemId="S26" Value="2"/>
<Cov CovItemId="S3" Value="1"/>
<Cov CovItemId="S30" Value="2"/>
<Cov CovItemId="S31" Value="2"/>
<Cov CovItemId="S32" Value="2"/>
<Cov CovItemId="S33" Value="2"/>
<Cov CovItemId="S39" Value="2"/>
<Cov CovItemId="S4" Value="1"/>
<Cov CovItemId="S40" Value="2"/>
<Cov CovItemId="S42" Value="2"/>
<Cov CovItemId="S43" Value="2"/>
<Cov CovItemId="S44" Value="2"/>
<Cov CovItemId="S45" Value="2"/>
<Cov CovItemId="S46" Value="2"/>
<Cov CovItemId="S48" Value="2"/>
<Cov CovItemId="S49" Value="2"/>
<Cov CovItemId="S5" Value="1"/>
<Cov CovItemId="S50" Value="2"/>
<Cov CovItemId="S6" Value="1"/>
<Cov CovItemId="S65" Value="2"/>
<Cov CovItemId="S67" Value="2"/>
<Cov CovItemId="S68" Value="2"/>
<Cov CovItemId="S69" Value="2"/>
<Cov CovItemId="S7" Value="1"/>
<Cov CovItemId="S70" Value="2"/>
<Cov CovItemId="S71" Value="2"/>
<Cov CovItemId="S73" Value="2"/>
<Cov CovItemId="S8" Value="1"/>
<Cov CovItemId="S9" Value="1"/>
</CovPrefix>
</CovList>
<AssgnmntList>
<AssgnmntPrefix RootTermCovItemPrefix="com.OriginalFiles.Board.java">
<AssgnmntListEntry Length="3" RootTermCovItemId="C55">
<MapEntry BoolAssgnmnt="120" Value="4"/>
<MapEntry BoolAssgnmnt="121" Value="4"/>
</AssgnmntListEntry>
<AssgnmntListEntry Length="3" RootTermCovItemId="C56">
<MapEntry BoolAssgnmnt="002" Value="4"/>
</AssgnmntListEntry>
</AssgnmntPrefix>
<AssgnmntPrefix RootTermCovItemPrefix="com.OriginalFiles.Field.java">
<AssgnmntListEntry Length="1" RootTermCovItemId="C1">
<MapEntry BoolAssgnmnt="0" Value="1"/>
</AssgnmntListEntry>
</AssgnmntPrefix>
<AssgnmntPrefix RootTermCovItemPrefix="com.OriginalFiles.Piece.java">
<AssgnmntListEntry Length="2" RootTermCovItemId="C1">
<MapEntry BoolAssgnmnt="10" Value="2"/>
</AssgnmntListEntry>
<AssgnmntListEntry Length="5" RootTermCovItemId="C17">
<MapEntry BoolAssgnmnt="00210" Value="2"/>
</AssgnmntListEntry>
<AssgnmntListEntry Length="5" RootTermCovItemId="C18">
<MapEntry BoolAssgnmnt="00211" Value="2"/>
</AssgnmntListEntry>
<AssgnmntListEntry Length="1" RootTermCovItemId="C19">
<MapEntry BoolAssgnmnt="1" Value="2"/>
</AssgnmntListEntry>
<AssgnmntListEntry Length="1" RootTermCovItemId="C20">
<MapEntry BoolAssgnmnt="0" Value="2"/>
</AssgnmntListEntry>
<AssgnmntListEntry Length="1" RootTermCovItemId="C3">
<MapEntry BoolAssgnmnt="1" Value="2"/>
</AssgnmntListEntry>
<AssgnmntListEntry Length="1" RootTermCovItemId="C5">
<MapEntry BoolAssgnmnt="1" Value="2"/>
</AssgnmntListEntry>
<AssgnmntListEntry Length="1" RootTermCovItemId="C6">
<MapEntry BoolAssgnmnt="1" Value="2"/>
</AssgnmntListEntry>
<AssgnmntListEntry Length="1" RootTermCovItemId="C7">
<MapEntry BoolAssgnmnt="0" Value="2"/>
</AssgnmntListEntry>
<AssgnmntListEntry Length="1" RootTermCovItemId="C8">
<MapEntry BoolAssgnmnt="1" Value="2"/>
</AssgnmntListEntry>
<AssgnmntListEntry Length="1" RootTermCovItemId="C9">
<MapEntry BoolAssgnmnt="0" Value="2"/>
</AssgnmntListEntry>
</AssgnmntPrefix>
</AssgnmntList>
<ObjMetaDataList/>
<MetaDataList/>
</TestCase>
<TestCase Comment="" Date="1386064083461" Name="com.Testing.BoardTest:testCheckJumpDirection">
<CovList>
<CovPrefix CovItemPrefix="com.OriginalFiles.Analyze.java">
<Cov CovItemId="B107" Value="32"/>
<Cov CovItemId="S199" Value="32"/>
<Cov CovItemId="S200" Value="32"/>
<Cov CovItemId="S201" Value="32"/>
<Cov CovItemId="S202" Value="32"/>
<Cov CovItemId="S203" Value="32"/>
<Cov CovItemId="S204" Value="32"/>
</CovPrefix>
<CovPrefix CovItemPrefix="com.OriginalFiles.Board.java">
<Cov CovItemId="B41" Value="2"/>
<Cov CovItemId="B56" Value="4"/>
<Cov CovItemId="B57" Value="4"/>
<Cov CovItemId="B59" Value="4"/>
<Cov CovItemId="B61" Value="2"/>
<Cov CovItemId="B62" Value="2"/>
<Cov CovItemId="B79" Value="4"/>
<Cov CovItemId="B81" Value="2"/>
<Cov CovItemId="B82" Value="2"/>
<Cov CovItemId="B83" Value="29"/>
<Cov CovItemId="B84" Value="81"/>
<Cov CovItemId="B85" Value="29"/>
<Cov CovItemId="B86" Value="52"/>
<Cov CovItemId="S115" Value="2"/>
<Cov CovItemId="S116" Value="2"/>
<Cov CovItemId="S135" Value="4"/>
<Cov CovItemId="S137" Value="4"/>
<Cov CovItemId="S138" Value="4"/>
<Cov CovItemId="S139" Value="4"/>
<Cov CovItemId="S140" Value="2"/>
<Cov CovItemId="S141" Value="2"/>
<Cov CovItemId="S176" Value="4"/>
<Cov CovItemId="S177" Value="4"/>
<Cov CovItemId="S178" Value="2"/>
<Cov CovItemId="S179" Value="2"/>
<Cov CovItemId="S180" Value="110"/>
<Cov CovItemId="S181" Value="29"/>
<Cov CovItemId="S182" Value="81"/>
<Cov CovItemId="S183" Value="29"/>
<Cov CovItemId="S184" Value="52"/>
<Cov CovItemId="S185" Value="82"/>
</CovPrefix>
<CovPrefix CovItemPrefix="com.OriginalFiles.Field.java">
<Cov CovItemId="B1" Value="34"/>
<Cov CovItemId="B2" Value="8"/>
<Cov CovItemId="S1" Value="88"/>
<Cov CovItemId="S13" Value="65"/>
<Cov CovItemId="S2" Value="88"/>
<Cov CovItemId="S5" Value="42"/>
<Cov CovItemId="S6" Value="42"/>
<Cov CovItemId="S7" Value="34"/>
<Cov CovItemId="S8" Value="3"/>
<Cov CovItemId="S9" Value="48"/>
</CovPrefix>
<CovPrefix CovItemPrefix="com.OriginalFiles.Piece.java">
<Cov CovItemId="B10" Value="14"/>
<Cov CovItemId="B11" Value="28"/>
<Cov CovItemId="B12" Value="8"/>
<Cov CovItemId="B14" Value="28"/>
<Cov CovItemId="B15" Value="28"/>
<Cov CovItemId="B18" Value="28"/>
<Cov CovItemId="B2" Value="36"/>
<Cov CovItemId="B34" Value="28"/>
<Cov CovItemId="B35" Value="9"/>
<Cov CovItemId="B36" Value="19"/>
<Cov CovItemId="B37" Value="9"/>
<Cov CovItemId="B40" Value="28"/>
<Cov CovItemId="B5" Value="28"/>
<Cov CovItemId="B6" Value="8"/>
<Cov CovItemId="B9" Value="14"/>
<Cov CovItemId="S1" Value="34"/>
<Cov CovItemId="S10" Value="34"/>
<Cov CovItemId="S11" Value="34"/>
<Cov CovItemId="S12" Value="34"/>
<Cov CovItemId="S13" Value="34"/>
<Cov CovItemId="S14" Value="34"/>
<Cov CovItemId="S15" Value="34"/>
<Cov CovItemId="S16" Value="34"/>
<Cov CovItemId="S17" Value="34"/>
<Cov CovItemId="S18" Value="34"/>
<Cov CovItemId="S19" Value="34"/>
<Cov CovItemId="S2" Value="34"/>
<Cov CovItemId="S20" Value="34"/>
<Cov CovItemId="S21" Value="34"/>
<Cov CovItemId="S24" Value="36"/>
<Cov CovItemId="S25" Value="36"/>
<Cov CovItemId="S26" Value="36"/>
<Cov CovItemId="S3" Value="34"/>
<Cov CovItemId="S30" Value="36"/>
<Cov CovItemId="S31" Value="36"/>
<Cov CovItemId="S32" Value="36"/>
<Cov CovItemId="S33" Value="28"/>
<Cov CovItemId="S34" Value="8"/>
<Cov CovItemId="S35" Value="8"/>
<Cov CovItemId="S39" Value="28"/>
<Cov CovItemId="S4" Value="34"/>
<Cov CovItemId="S40" Value="14"/>
<Cov CovItemId="S41" Value="14"/>
<Cov CovItemId="S42" Value="36"/>
<Cov CovItemId="S43" Value="36"/>
<Cov CovItemId="S44" Value="28"/>
<Cov CovItemId="S45" Value="28"/>
<Cov CovItemId="S46" Value="28"/>
<Cov CovItemId="S48" Value="28"/>
<Cov CovItemId="S49" Value="28"/>
<Cov CovItemId="S5" Value="34"/>
<Cov CovItemId="S50" Value="28"/>
<Cov CovItemId="S6" Value="34"/>
<Cov CovItemId="S65" Value="28"/>
<Cov CovItemId="S67" Value="28"/>
<Cov CovItemId="S68" Value="9"/>
<Cov CovItemId="S69" Value="9"/>
<Cov CovItemId="S7" Value="34"/>
<Cov CovItemId="S70" Value="9"/>
<Cov CovItemId="S71" Value="28"/>
<Cov CovItemId="S73" Value="28"/>
<Cov CovItemId="S8" Value="34"/>
<Cov CovItemId="S9" Value="34"/>
</CovPrefix>
<CovPrefix CovItemPrefix="com.OriginalFiles.RemoteNXTFunctions.java">
<Cov CovItemId="B5" Value="32"/>
<Cov CovItemId="B7" Value="32"/>
<Cov CovItemId="S162" Value="32"/>
<Cov CovItemId="S19" Value="32"/>
<Cov CovItemId="S20" Value="32"/>
<Cov CovItemId="S21" Value="32"/>
<Cov CovItemId="S22" Value="32"/>
</CovPrefix>
</CovList>
<AssgnmntList>
<AssgnmntPrefix RootTermCovItemPrefix="com.OriginalFiles.Analyze.java">
<AssgnmntListEntry Length="6" RootTermCovItemId="C66">
<MapEntry BoolAssgnmnt="111111" Value="32"/>
</AssgnmntListEntry>
</AssgnmntPrefix>
<AssgnmntPrefix RootTermCovItemPrefix="com.OriginalFiles.Board.java">
<AssgnmntListEntry Length="1" RootTermCovItemId="C31">
<MapEntry BoolAssgnmnt="1" Value="2"/>
</AssgnmntListEntry>
<AssgnmntListEntry Length="5" RootTermCovItemId="C38">
<MapEntry BoolAssgnmnt="02002" Value="2"/>
<MapEntry BoolAssgnmnt="11221" Value="2"/>
</AssgnmntListEntry>
<AssgnmntListEntry Length="1" RootTermCovItemId="C39">
<MapEntry BoolAssgnmnt="1" Value="4"/>
</AssgnmntListEntry>
<AssgnmntListEntry Length="1" RootTermCovItemId="C40">
<MapEntry BoolAssgnmnt="0" Value="4"/>
</AssgnmntListEntry>
<AssgnmntListEntry Length="2" RootTermCovItemId="C41">
<MapEntry BoolAssgnmnt="10" Value="2"/>
<MapEntry BoolAssgnmnt="02" Value="2"/>
</AssgnmntListEntry>
<AssgnmntListEntry Length="1" RootTermCovItemId="C53">
<MapEntry BoolAssgnmnt="1" Value="4"/>
</AssgnmntListEntry>
<AssgnmntListEntry Length="1" RootTermCovItemId="C54">
<MapEntry BoolAssgnmnt="0" Value="2"/>
<MapEntry BoolAssgnmnt="1" Value="2"/>
</AssgnmntListEntry>
<AssgnmntListEntry Length="3" RootTermCovItemId="C55">
<MapEntry BoolAssgnmnt="002" Value="53"/>
<MapEntry BoolAssgnmnt="120" Value="29"/>
<MapEntry BoolAssgnmnt="121" Value="28"/>
</AssgnmntListEntry>
<AssgnmntListEntry Length="3" RootTermCovItemId="C56">
<MapEntry BoolAssgnmnt="002" Value="28"/>
<MapEntry BoolAssgnmnt="120" Value="24"/>
<MapEntry BoolAssgnmnt="121" Value="29"/>
</AssgnmntListEntry>
</AssgnmntPrefix>
<AssgnmntPrefix RootTermCovItemPrefix="com.OriginalFiles.Field.java">
<AssgnmntListEntry Length="1" RootTermCovItemId="C1">
<MapEntry BoolAssgnmnt="0" Value="34"/>
<MapEntry BoolAssgnmnt="1" Value="8"/>
</AssgnmntListEntry>
</AssgnmntPrefix>
<AssgnmntPrefix RootTermCovItemPrefix="com.OriginalFiles.Piece.java">
<AssgnmntListEntry Length="2" RootTermCovItemId="C1">
<MapEntry BoolAssgnmnt="10" Value="28"/>
<MapEntry BoolAssgnmnt="02" Value="8"/>
</AssgnmntListEntry>
<AssgnmntListEntry Length="5" RootTermCovItemId="C17">
<MapEntry BoolAssgnmnt="00210" Value="14"/>
<MapEntry BoolAssgnmnt="01002" Value="14"/>
</AssgnmntListEntry>
<AssgnmntListEntry Length="5" RootTermCovItemId="C18">
<MapEntry BoolAssgnmnt="00210" Value="9"/>
<MapEntry BoolAssgnmnt="00211" Value="5"/>
<MapEntry BoolAssgnmnt="01002" Value="10"/>
<MapEntry BoolAssgnmnt="01122" Value="4"/>
</AssgnmntListEntry>
<AssgnmntListEntry Length="1" RootTermCovItemId="C19">
<MapEntry BoolAssgnmnt="1" Value="9"/>
</AssgnmntListEntry>
<AssgnmntListEntry Length="1" RootTermCovItemId="C20">
<MapEntry BoolAssgnmnt="0" Value="28"/>
</AssgnmntListEntry>
<AssgnmntListEntry Length="1" RootTermCovItemId="C3">
<MapEntry BoolAssgnmnt="0" Value="8"/>
<MapEntry BoolAssgnmnt="1" Value="28"/>
</AssgnmntListEntry>
<AssgnmntListEntry Length="1" RootTermCovItemId="C5">
<MapEntry BoolAssgnmnt="0" Value="14"/>
<MapEntry BoolAssgnmnt="1" Value="14"/>
</AssgnmntListEntry>
<AssgnmntListEntry Length="1" RootTermCovItemId="C6">
<MapEntry BoolAssgnmnt="0" Value="8"/>
<MapEntry BoolAssgnmnt="1" Value="28"/>
</AssgnmntListEntry>
<AssgnmntListEntry Length="1" RootTermCovItemId="C7">
<MapEntry BoolAssgnmnt="0" Value="28"/>
</AssgnmntListEntry>
<AssgnmntListEntry Length="1" RootTermCovItemId="C8">
<MapEntry BoolAssgnmnt="1" Value="28"/>
</AssgnmntListEntry>
<AssgnmntListEntry Length="1" RootTermCovItemId="C9">
<MapEntry BoolAssgnmnt="0" Value="28"/>
</AssgnmntListEntry>
</AssgnmntPrefix>
<AssgnmntPrefix RootTermCovItemPrefix="com.OriginalFiles.RemoteNXTFunctions.java">
<AssgnmntListEntry Length="1" RootTermCovItemId="C5">
<MapEntry BoolAssgnmnt="1" Value="32"/>
</AssgnmntListEntry>
<AssgnmntListEntry Length="2" RootTermCovItemId="C6">
<MapEntry BoolAssgnmnt="11" Value="32"/>
</AssgnmntListEntry>
</AssgnmntPrefix>
</AssgnmntList>
<ObjMetaDataList/>
<MetaDataList/>
</TestCase>
<TestCase Comment="" Date="1386064083462" Name="com.Testing.BoardTest:testFieldOccupied">
<CovList>
<CovPrefix CovItemPrefix="com.OriginalFiles.Board.java">
<Cov CovItemId="B41" Value="2"/>
<Cov CovItemId="B42" Value="1"/>
<Cov CovItemId="S115" Value="3"/>
<Cov CovItemId="S116" Value="2"/>
<Cov CovItemId="S117" Value="1"/>
<Cov CovItemId="S185" Value="3"/>
</CovPrefix>
<CovPrefix CovItemPrefix="com.OriginalFiles.Field.java">
<Cov CovItemId="S9" Value="2"/>
</CovPrefix>
</CovList>
<AssgnmntList>
<AssgnmntPrefix RootTermCovItemPrefix="com.OriginalFiles.Board.java">
<AssgnmntListEntry Length="1" RootTermCovItemId="C31">
<MapEntry BoolAssgnmnt="0" Value="1"/>
<MapEntry BoolAssgnmnt="1" Value="2"/>
</AssgnmntListEntry>
</AssgnmntPrefix>
</AssgnmntList>
<ObjMetaDataList/>
<MetaDataList/>
</TestCase>
<TestCase Comment="" Date="1386064083462" Name="com.Testing.BoardTest:testBoard">
<CovList>
<CovPrefix CovItemPrefix="com.OriginalFiles.Field.java">
<Cov CovItemId="S8" Value="120"/>
</CovPrefix>
<CovPrefix CovItemPrefix="com.OriginalFiles.Piece.java">
<Cov CovItemId="S22" Value="24"/>
<Cov CovItemId="S23" Value="24"/>
</CovPrefix>
</CovList>
<AssgnmntList/>
<ObjMetaDataList/>
<MetaDataList/>
</TestCase>
<TestCase Comment="" Date="1386064083463" Name="com.Testing.BoardTest:testCheckAllegiance">
<CovList>
<CovPrefix CovItemPrefix="com.OriginalFiles.Board.java">
<Cov CovItemId="B79" Value="4"/>
<Cov CovItemId="B80" Value="2"/>
<Cov CovItemId="B81" Value="4"/>
<Cov CovItemId="B83" Value="1"/>
<Cov CovItemId="B84" Value="3"/>
<Cov CovItemId="B85" Value="1"/>
<Cov CovItemId="B86" Value="2"/>
<Cov CovItemId="S176" Value="6"/>
<Cov CovItemId="S177" Value="4"/>
<Cov CovItemId="S178" Value="4"/>
<Cov CovItemId="S179" Value="2"/>
<Cov CovItemId="S180" Value="4"/>
<Cov CovItemId="S181" Value="1"/>
<Cov CovItemId="S182" Value="3"/>
<Cov CovItemId="S183" Value="1"/>
<Cov CovItemId="S184" Value="2"/>
<Cov CovItemId="S185" Value="6"/>
</CovPrefix>
<CovPrefix CovItemPrefix="com.OriginalFiles.Field.java">
<Cov CovItemId="S1" Value="1"/>
<Cov CovItemId="S2" Value="1"/>
<Cov CovItemId="S8" Value="4"/>
<Cov CovItemId="S9" Value="4"/>
</CovPrefix>
</CovList>
<AssgnmntList>
<AssgnmntPrefix RootTermCovItemPrefix="com.OriginalFiles.Board.java">
<AssgnmntListEntry Length="1" RootTermCovItemId="C53">
<MapEntry BoolAssgnmnt="0" Value="2"/>
<MapEntry BoolAssgnmnt="1" Value="4"/>
</AssgnmntListEntry>
<AssgnmntListEntry Length="1" RootTermCovItemId="C54">
<MapEntry BoolAssgnmnt="0" Value="4"/>
</AssgnmntListEntry>
<AssgnmntListEntry Length="3" RootTermCovItemId="C55">
<MapEntry BoolAssgnmnt="002" Value="2"/>
<MapEntry BoolAssgnmnt="120" Value="1"/>
<MapEntry BoolAssgnmnt="121" Value="1"/>
</AssgnmntListEntry>
<AssgnmntListEntry Length="3" RootTermCovItemId="C56">
<MapEntry BoolAssgnmnt="002" Value="1"/>
<MapEntry BoolAssgnmnt="120" Value="1"/>
<MapEntry BoolAssgnmnt="121" Value="1"/>
</AssgnmntListEntry>
</AssgnmntPrefix>
</AssgnmntList>
<ObjMetaDataList/>
<MetaDataList/>
</TestCase>
<TestCase Comment="" Date="1386064083463" Name="com.Testing.BoardTest:testpeasentIsOnEndRow">
<CovList>
<CovPrefix CovItemPrefix="com.OriginalFiles.Board.java">
<Cov CovItemId="B31" Value="6"/>
<Cov CovItemId="B32" Value="1"/>
<Cov CovItemId="B33" Value="3"/>
<Cov CovItemId="B34" Value="3"/>
<Cov CovItemId="B35" Value="2"/>
<Cov CovItemId="B36" Value="4"/>
<Cov CovItemId="B79" Value="6"/>
<Cov CovItemId="B81" Value="6"/>
<Cov CovItemId="B84" Value="10"/>
<Cov CovItemId="B85" Value="5"/>
<Cov CovItemId="B86" Value="5"/>
<Cov CovItemId="S100" Value="3"/>
<Cov CovItemId="S101" Value="3"/>
<Cov CovItemId="S102" Value="6"/>
<Cov CovItemId="S103" Value="2"/>
<Cov CovItemId="S104" Value="5"/>
<Cov CovItemId="S176" Value="6"/>
<Cov CovItemId="S177" Value="6"/>
<Cov CovItemId="S178" Value="6"/>
<Cov CovItemId="S180" Value="10"/>
<Cov CovItemId="S182" Value="10"/>
<Cov CovItemId="S183" Value="5"/>
<Cov CovItemId="S184" Value="5"/>
<Cov CovItemId="S185" Value="8"/>
<Cov CovItemId="S98" Value="7"/>
<Cov CovItemId="S99" Value="6"/>
</CovPrefix>
<CovPrefix CovItemPrefix="com.OriginalFiles.Field.java">
<Cov CovItemId="B1" Value="1"/>
<Cov CovItemId="S1" Value="1"/>
<Cov CovItemId="S13" Value="1"/>
<Cov CovItemId="S2" Value="1"/>
<Cov CovItemId="S5" Value="1"/>
<Cov CovItemId="S6" Value="1"/>
<Cov CovItemId="S7" Value="1"/>
<Cov CovItemId="S8" Value="10"/>
<Cov CovItemId="S9" Value="14"/>
</CovPrefix>
<CovPrefix CovItemPrefix="com.OriginalFiles.Piece.java">
<Cov CovItemId="B10" Value="1"/>
<Cov CovItemId="B11" Value="1"/>
<Cov CovItemId="B14" Value="1"/>
<Cov CovItemId="B15" Value="1"/>
<Cov CovItemId="B18" Value="1"/>
<Cov CovItemId="B2" Value="1"/>
<Cov CovItemId="B34" Value="1"/>
<Cov CovItemId="B36" Value="1"/>
<Cov CovItemId="B40" Value="1"/>
<Cov CovItemId="B5" Value="1"/>
<Cov CovItemId="S1" Value="1"/>
<Cov CovItemId="S10" Value="1"/>
<Cov CovItemId="S11" Value="1"/>
<Cov CovItemId="S12" Value="1"/>
<Cov CovItemId="S13" Value="1"/>
<Cov CovItemId="S14" Value="1"/>
<Cov CovItemId="S15" Value="1"/>
<Cov CovItemId="S16" Value="1"/>
<Cov CovItemId="S17" Value="1"/>
<Cov CovItemId="S18" Value="1"/>
<Cov CovItemId="S19" Value="1"/>
<Cov CovItemId="S2" Value="1"/>
<Cov CovItemId="S20" Value="1"/>
<Cov CovItemId="S21" Value="1"/>
<Cov CovItemId="S24" Value="1"/>
<Cov CovItemId="S25" Value="1"/>
<Cov CovItemId="S26" Value="1"/>
<Cov CovItemId="S3" Value="1"/>
<Cov CovItemId="S30" Value="1"/>
<Cov CovItemId="S31" Value="1"/>
<Cov CovItemId="S32" Value="1"/>
<Cov CovItemId="S33" Value="1"/>
<Cov CovItemId="S39" Value="1"/>
<Cov CovItemId="S4" Value="1"/>
<Cov CovItemId="S41" Value="1"/>
<Cov CovItemId="S42" Value="1"/>
<Cov CovItemId="S43" Value="1"/>
<Cov CovItemId="S44" Value="1"/>
<Cov CovItemId="S45" Value="1"/>
<Cov CovItemId="S46" Value="1"/>
<Cov CovItemId="S48" Value="1"/>
<Cov CovItemId="S49" Value="1"/>
<Cov CovItemId="S5" Value="1"/>
<Cov CovItemId="S50" Value="1"/>
<Cov CovItemId="S6" Value="1"/>
<Cov CovItemId="S65" Value="1"/>
<Cov CovItemId="S67" Value="1"/>
<Cov CovItemId="S7" Value="1"/>
<Cov CovItemId="S71" Value="1"/>
<Cov CovItemId="S73" Value="1"/>
<Cov CovItemId="S8" Value="1"/>
<Cov CovItemId="S9" Value="1"/>
</CovPrefix>
</CovList>
<AssgnmntList>
<AssgnmntPrefix RootTermCovItemPrefix="com.OriginalFiles.Board.java">
<AssgnmntListEntry Length="1" RootTermCovItemId="C26">
<MapEntry BoolAssgnmnt="0" Value="6"/>
<MapEntry BoolAssgnmnt="1" Value="1"/>
</AssgnmntListEntry>
<AssgnmntListEntry Length="1" RootTermCovItemId="C27">
<MapEntry BoolAssgnmnt="0" Value="3"/>
<MapEntry BoolAssgnmnt="1" Value="3"/>
</AssgnmntListEntry>
<AssgnmntListEntry Length="2" RootTermCovItemId="C28">
<MapEntry BoolAssgnmnt="10" Value="2"/>
<MapEntry BoolAssgnmnt="02" Value="2"/>
<MapEntry BoolAssgnmnt="11" Value="2"/>
</AssgnmntListEntry>
<AssgnmntListEntry Length="1" RootTermCovItemId="C53">
<MapEntry BoolAssgnmnt="1" Value="6"/>
</AssgnmntListEntry>
<AssgnmntListEntry Length="1" RootTermCovItemId="C54">
<MapEntry BoolAssgnmnt="0" Value="6"/>
</AssgnmntListEntry>
<AssgnmntListEntry Length="3" RootTermCovItemId="C55">
<MapEntry BoolAssgnmnt="002" Value="7"/>
<MapEntry BoolAssgnmnt="121" Value="3"/>
</AssgnmntListEntry>
<AssgnmntListEntry Length="3" RootTermCovItemId="C56">
<MapEntry BoolAssgnmnt="002" Value="3"/>
<MapEntry BoolAssgnmnt="120" Value="2"/>
<MapEntry BoolAssgnmnt="121" Value="5"/>
</AssgnmntListEntry>
</AssgnmntPrefix>
<AssgnmntPrefix RootTermCovItemPrefix="com.OriginalFiles.Field.java">
<AssgnmntListEntry Length="1" RootTermCovItemId="C1">
<MapEntry BoolAssgnmnt="0" Value="1"/>
</AssgnmntListEntry>
</AssgnmntPrefix>
<AssgnmntPrefix RootTermCovItemPrefix="com.OriginalFiles.Piece.java">
<AssgnmntListEntry Length="2" RootTermCovItemId="C1">
<MapEntry BoolAssgnmnt="10" Value="1"/>
</AssgnmntListEntry>
<AssgnmntListEntry Length="5" RootTermCovItemId="C17">
<MapEntry BoolAssgnmnt="01002" Value="1"/>
</AssgnmntListEntry>
<AssgnmntListEntry Length="5" RootTermCovItemId="C18">
<MapEntry BoolAssgnmnt="01002" Value="1"/>
</AssgnmntListEntry>
<AssgnmntListEntry Length="1" RootTermCovItemId="C20">
<MapEntry BoolAssgnmnt="0" Value="1"/>
</AssgnmntListEntry>
<AssgnmntListEntry Length="1" RootTermCovItemId="C3">
<MapEntry BoolAssgnmnt="1" Value="1"/>
</AssgnmntListEntry>
<AssgnmntListEntry Length="1" RootTermCovItemId="C5">
<MapEntry BoolAssgnmnt="0" Value="1"/>
</AssgnmntListEntry>
<AssgnmntListEntry Length="1" RootTermCovItemId="C6">
<MapEntry BoolAssgnmnt="1" Value="1"/>
</AssgnmntListEntry>
<AssgnmntListEntry Length="1" RootTermCovItemId="C7">
<MapEntry BoolAssgnmnt="0" Value="1"/>
</AssgnmntListEntry>
<AssgnmntListEntry Length="1" RootTermCovItemId="C8">
<MapEntry BoolAssgnmnt="1" Value="1"/>
</AssgnmntListEntry>
<AssgnmntListEntry Length="1" RootTermCovItemId="C9">
<MapEntry BoolAssgnmnt="0" Value="1"/>
</AssgnmntListEntry>
</AssgnmntPrefix>
</AssgnmntList>
<ObjMetaDataList/>
<MetaDataList/>
</TestCase>
<TestCase Comment="" Date="1386064083464" Name="com.Testing.BoardTest:testverifyCorrectMove">
<CovList>
<CovPrefix CovItemPrefix="com.OriginalFiles.Analyze.java">
<Cov CovItemId="B108" Value="2"/>
<Cov CovItemId="B109" Value="1"/>
<Cov CovItemId="B110" Value="1"/>
<Cov CovItemId="B112" Value="1"/>
<Cov CovItemId="B114" Value="1"/>
<Cov CovItemId="S199" Value="2"/>
<Cov CovItemId="S200" Value="2"/>
<Cov CovItemId="S201" Value="2"/>
<Cov CovItemId="S202" Value="2"/>
<Cov CovItemId="S203" Value="2"/>
<Cov CovItemId="S205" Value="2"/>
<Cov CovItemId="S206" Value="1"/>
<Cov CovItemId="S207" Value="1"/>
<Cov CovItemId="S209" Value="1"/>
<Cov CovItemId="S211" Value="1"/>
</CovPrefix>
<CovPrefix CovItemPrefix="com.OriginalFiles.Board.java">
<Cov CovItemId="B27" Value="3"/>
<Cov CovItemId="B28" Value="1"/>
<Cov CovItemId="B29" Value="2"/>
<Cov CovItemId="B30" Value="1"/>
<Cov CovItemId="B39" Value="2"/>
<Cov CovItemId="B79" Value="4"/>
<Cov CovItemId="B81" Value="4"/>
<Cov CovItemId="B84" Value="8"/>
<Cov CovItemId="B85" Value="5"/>
<Cov CovItemId="B86" Value="3"/>
<Cov CovItemId="S111" Value="2"/>
<Cov CovItemId="S112" Value="2"/>
<Cov CovItemId="S113" Value="2"/>
<Cov CovItemId="S176" Value="4"/>
<Cov CovItemId="S177" Value="4"/>
<Cov CovItemId="S178" Value="4"/>
<Cov CovItemId="S180" Value="8"/>
<Cov CovItemId="S182" Value="8"/>
<Cov CovItemId="S183" Value="5"/>
<Cov CovItemId="S184" Value="3"/>
<Cov CovItemId="S185" Value="8"/>
<Cov CovItemId="S94" Value="4"/>
<Cov CovItemId="S95" Value="3"/>
<Cov CovItemId="S96" Value="2"/>
<Cov CovItemId="S97" Value="2"/>
</CovPrefix>
<CovPrefix CovItemPrefix="com.OriginalFiles.Field.java">
<Cov CovItemId="B1" Value="1"/>
<Cov CovItemId="S1" Value="1"/>
<Cov CovItemId="S2" Value="1"/>
<Cov CovItemId="S5" Value="1"/>
<Cov CovItemId="S6" Value="1"/>
<Cov CovItemId="S7" Value="1"/>
<Cov CovItemId="S8" Value="8"/>
<Cov CovItemId="S9" Value="5"/>
</CovPrefix>
<CovPrefix CovItemPrefix="com.OriginalFiles.Piece.java">
<Cov CovItemId="B11" Value="1"/>
<Cov CovItemId="B14" Value="1"/>
<Cov CovItemId="B15" Value="1"/>
<Cov CovItemId="B18" Value="1"/>
<Cov CovItemId="B2" Value="1"/>
<Cov CovItemId="B34" Value="1"/>
<Cov CovItemId="B36" Value="1"/>
<Cov CovItemId="B40" Value="1"/>
<Cov CovItemId="B5" Value="1"/>
<Cov CovItemId="B9" Value="1"/>
<Cov CovItemId="S1" Value="1"/>
<Cov CovItemId="S10" Value="1"/>
<Cov CovItemId="S11" Value="1"/>
<Cov CovItemId="S12" Value="1"/>
<Cov CovItemId="S13" Value="1"/>
<Cov CovItemId="S14" Value="1"/>
<Cov CovItemId="S15" Value="1"/>
<Cov CovItemId="S16" Value="1"/>
<Cov CovItemId="S17" Value="1"/>
<Cov CovItemId="S18" Value="1"/>
<Cov CovItemId="S19" Value="1"/>
<Cov CovItemId="S2" Value="1"/>
<Cov CovItemId="S20" Value="1"/>
<Cov CovItemId="S21" Value="1"/>
<Cov CovItemId="S24" Value="1"/>
<Cov CovItemId="S25" Value="1"/>
<Cov CovItemId="S26" Value="1"/>
<Cov CovItemId="S3" Value="1"/>
<Cov CovItemId="S30" Value="1"/>
<Cov CovItemId="S31" Value="1"/>
<Cov CovItemId="S32" Value="1"/>
<Cov CovItemId="S33" Value="1"/>
<Cov CovItemId="S39" Value="1"/>
<Cov CovItemId="S4" Value="1"/>
<Cov CovItemId="S40" Value="1"/>
<Cov CovItemId="S42" Value="1"/>
<Cov CovItemId="S43" Value="1"/>
<Cov CovItemId="S44" Value="1"/>
<Cov CovItemId="S45" Value="1"/>
<Cov CovItemId="S46" Value="1"/>
<Cov CovItemId="S48" Value="1"/>
<Cov CovItemId="S49" Value="1"/>
<Cov CovItemId="S5" Value="1"/>
<Cov CovItemId="S50" Value="1"/>
<Cov CovItemId="S6" Value="1"/>
<Cov CovItemId="S65" Value="1"/>
<Cov CovItemId="S67" Value="1"/>
<Cov CovItemId="S7" Value="1"/>
<Cov CovItemId="S71" Value="1"/>
<Cov CovItemId="S73" Value="1"/>
<Cov CovItemId="S8" Value="1"/>
<Cov CovItemId="S9" Value="1"/>
</CovPrefix>
<CovPrefix CovItemPrefix="com.OriginalFiles.RemoteNXTFunctions.java">
<Cov CovItemId="B10" Value="1"/>
<Cov CovItemId="B11" Value="1"/>
<Cov CovItemId="B5" Value="2"/>
<Cov CovItemId="B8" Value="2"/>
<Cov CovItemId="B9" Value="1"/>
<Cov CovItemId="S162" Value="2"/>
<Cov CovItemId="S19" Value="2"/>
<Cov CovItemId="S20" Value="2"/>
<Cov CovItemId="S21" Value="2"/>
<Cov CovItemId="S23" Value="2"/>
<Cov CovItemId="S24" Value="1"/>
<Cov CovItemId="S25" Value="1"/>
<Cov CovItemId="S26" Value="1"/>
</CovPrefix>
</CovList>
<AssgnmntList>
<AssgnmntPrefix RootTermCovItemPrefix="com.OriginalFiles.Analyze.java">
<AssgnmntListEntry Length="6" RootTermCovItemId="C66">
<MapEntry BoolAssgnmnt="110222" Value="1"/>
<MapEntry BoolAssgnmnt="022222" Value="1"/>
</AssgnmntListEntry>
<AssgnmntListEntry Length="6" RootTermCovItemId="C67">
<MapEntry BoolAssgnmnt="022222" Value="1"/>
<MapEntry BoolAssgnmnt="111111" Value="1"/>
</AssgnmntListEntry>
<AssgnmntListEntry Length="6" RootTermCovItemId="C68">
<MapEntry BoolAssgnmnt="102222" Value="1"/>
</AssgnmntListEntry>
<AssgnmntListEntry Length="6" RootTermCovItemId="C69">
<MapEntry BoolAssgnmnt="102222" Value="1"/>
</AssgnmntListEntry>
</AssgnmntPrefix>
<AssgnmntPrefix RootTermCovItemPrefix="com.OriginalFiles.Board.java">
<AssgnmntListEntry Length="1" RootTermCovItemId="C24">
<MapEntry BoolAssgnmnt="0" Value="1"/>
<MapEntry BoolAssgnmnt="1" Value="3"/>
</AssgnmntListEntry>
<AssgnmntListEntry Length="1" RootTermCovItemId="C25">
<MapEntry BoolAssgnmnt="0" Value="1"/>
<MapEntry BoolAssgnmnt="1" Value="2"/>
</AssgnmntListEntry>
<AssgnmntListEntry Length="1" RootTermCovItemId="C30">
<MapEntry BoolAssgnmnt="1" Value="2"/>
</AssgnmntListEntry>
<AssgnmntListEntry Length="1" RootTermCovItemId="C53">
<MapEntry BoolAssgnmnt="1" Value="4"/>
</AssgnmntListEntry>
<AssgnmntListEntry Length="1" RootTermCovItemId="C54">
<MapEntry BoolAssgnmnt="0" Value="4"/>
</AssgnmntListEntry>
<AssgnmntListEntry Length="3" RootTermCovItemId="C55">
<MapEntry BoolAssgnmnt="002" Value="7"/>
<MapEntry BoolAssgnmnt="121" Value="1"/>
</AssgnmntListEntry>
<AssgnmntListEntry Length="3" RootTermCovItemId="C56">
<MapEntry BoolAssgnmnt="002" Value="1"/>
<MapEntry BoolAssgnmnt="120" Value="2"/>
<MapEntry BoolAssgnmnt="121" Value="5"/>
</AssgnmntListEntry>
</AssgnmntPrefix>
<AssgnmntPrefix RootTermCovItemPrefix="com.OriginalFiles.Field.java">
<AssgnmntListEntry Length="1" RootTermCovItemId="C1">
<MapEntry BoolAssgnmnt="0" Value="1"/>
</AssgnmntListEntry>
</AssgnmntPrefix>
<AssgnmntPrefix RootTermCovItemPrefix="com.OriginalFiles.Piece.java">
<AssgnmntListEntry Length="2" RootTermCovItemId="C1">
<MapEntry BoolAssgnmnt="10" Value="1"/>
</AssgnmntListEntry>
<AssgnmntListEntry Length="5" RootTermCovItemId="C17">
<MapEntry BoolAssgnmnt="01002" Value="1"/>
</AssgnmntListEntry>
<AssgnmntListEntry Length="5" RootTermCovItemId="C18">
<MapEntry BoolAssgnmnt="01002" Value="1"/>
</AssgnmntListEntry>
<AssgnmntListEntry Length="1" RootTermCovItemId="C20">
<MapEntry BoolAssgnmnt="0" Value="1"/>
</AssgnmntListEntry>
<AssgnmntListEntry Length="1" RootTermCovItemId="C3">
<MapEntry BoolAssgnmnt="1" Value="1"/>
</AssgnmntListEntry>
<AssgnmntListEntry Length="1" RootTermCovItemId="C5">
<MapEntry BoolAssgnmnt="1" Value="1"/>
</AssgnmntListEntry>
<AssgnmntListEntry Length="1" RootTermCovItemId="C6">
<MapEntry BoolAssgnmnt="1" Value="1"/>
</AssgnmntListEntry>
<AssgnmntListEntry Length="1" RootTermCovItemId="C7">
<MapEntry BoolAssgnmnt="0" Value="1"/>
</AssgnmntListEntry>
<AssgnmntListEntry Length="1" RootTermCovItemId="C8">
<MapEntry BoolAssgnmnt="1" Value="1"/>
</AssgnmntListEntry>
<AssgnmntListEntry Length="1" RootTermCovItemId="C9">
<MapEntry BoolAssgnmnt="0" Value="1"/>
</AssgnmntListEntry>
</AssgnmntPrefix>
<AssgnmntPrefix RootTermCovItemPrefix="com.OriginalFiles.RemoteNXTFunctions.java">
<AssgnmntListEntry Length="1" RootTermCovItemId="C5">
<MapEntry BoolAssgnmnt="1" Value="2"/>
</AssgnmntListEntry>
<AssgnmntListEntry Length="2" RootTermCovItemId="C6">
<MapEntry BoolAssgnmnt="02" Value="2"/>
</AssgnmntListEntry>
<AssgnmntListEntry Length="2" RootTermCovItemId="C7">
<MapEntry BoolAssgnmnt="02" Value="1"/>
<MapEntry BoolAssgnmnt="11" Value="1"/>
</AssgnmntListEntry>
<AssgnmntListEntry Length="2" RootTermCovItemId="C8">
<MapEntry BoolAssgnmnt="11" Value="1"/>
</AssgnmntListEntry>
</AssgnmntPrefix>
</AssgnmntList>
<ObjMetaDataList/>
<MetaDataList/>
</TestCase>
<TestCase Comment="" Date="1386064083464" Name="com.Testing.BoardTest:testsortListOfFields">
<CovList>
<CovPrefix CovItemPrefix="com.OriginalFiles.Board.java">
<Cov CovItemId="B11" Value="1"/>
<Cov CovItemId="B14" Value="1"/>
<Cov CovItemId="B16" Value="1"/>
<Cov CovItemId="B17" Value="1"/>
<Cov CovItemId="B84" Value="4"/>
<Cov CovItemId="B85" Value="2"/>
<Cov CovItemId="B86" Value="2"/>
<Cov CovItemId="L11-2" Value="1"/>
<Cov CovItemId="L12-0" Value="1"/>
<Cov CovItemId="L12-1" Value="1"/>
<Cov CovItemId="S180" Value="4"/>
<Cov CovItemId="S182" Value="4"/>
<Cov CovItemId="S183" Value="2"/>
<Cov CovItemId="S184" Value="2"/>
<Cov CovItemId="S185" Value="4"/>
<Cov CovItemId="S64" Value="1"/>
<Cov CovItemId="S65" Value="1"/>
<Cov CovItemId="S66" Value="1"/>
<Cov CovItemId="S67" Value="1"/>
<Cov CovItemId="S68" Value="2"/>
<Cov CovItemId="S69" Value="1"/>
<Cov CovItemId="S70" Value="1"/>
<Cov CovItemId="S71" Value="1"/>
<Cov CovItemId="S72" Value="1"/>
<Cov CovItemId="S73" Value="1"/>
<Cov CovItemId="S74" Value="1"/>
<Cov CovItemId="S75" Value="1"/>
<Cov CovItemId="S76" Value="2"/>
<Cov CovItemId="S77" Value="2"/>
<Cov CovItemId="S78" Value="1"/>
<Cov CovItemId="S80" Value="1"/>
<Cov CovItemId="S82" Value="1"/>
<Cov CovItemId="S83" Value="1"/>
</CovPrefix>
<CovPrefix CovItemPrefix="com.OriginalFiles.Field.java">
<Cov CovItemId="B1" Value="2"/>
<Cov CovItemId="S1" Value="2"/>
<Cov CovItemId="S13" Value="64"/>
<Cov CovItemId="S2" Value="2"/>
<Cov CovItemId="S5" Value="2"/>
<Cov CovItemId="S6" Value="2"/>
<Cov CovItemId="S7" Value="2"/>
<Cov CovItemId="S8" Value="6"/>
<Cov CovItemId="S9" Value="2"/>
</CovPrefix>
<CovPrefix CovItemPrefix="com.OriginalFiles.Piece.java">
<Cov CovItemId="B1" Value="1"/>
<Cov CovItemId="B11" Value="2"/>
<Cov CovItemId="B13" Value="1"/>
<Cov CovItemId="B14" Value="1"/>
<Cov CovItemId="B15" Value="2"/>
<Cov CovItemId="B18" Value="2"/>
<Cov CovItemId="B2" Value="1"/>
<Cov CovItemId="B34" Value="2"/>
<Cov CovItemId="B36" Value="2"/>
<Cov CovItemId="B39" Value="1"/>
<Cov CovItemId="B4" Value="1"/>
<Cov CovItemId="B40" Value="1"/>
<Cov CovItemId="B5" Value="2"/>
<Cov CovItemId="B9" Value="2"/>
<Cov CovItemId="S1" Value="2"/>
<Cov CovItemId="S10" Value="2"/>
<Cov CovItemId="S11" Value="2"/>
<Cov CovItemId="S12" Value="2"/>
<Cov CovItemId="S13" Value="2"/>
<Cov CovItemId="S14" Value="2"/>
<Cov CovItemId="S15" Value="2"/>
<Cov CovItemId="S16" Value="2"/>
<Cov CovItemId="S17" Value="2"/>
<Cov CovItemId="S18" Value="2"/>
<Cov CovItemId="S19" Value="2"/>
<Cov CovItemId="S2" Value="2"/>
<Cov CovItemId="S20" Value="2"/>
<Cov CovItemId="S21" Value="2"/>
<Cov CovItemId="S24" Value="2"/>
<Cov CovItemId="S25" Value="2"/>
<Cov CovItemId="S26" Value="2"/>
<Cov CovItemId="S27" Value="1"/>
<Cov CovItemId="S29" Value="1"/>
<Cov CovItemId="S3" Value="2"/>
<Cov CovItemId="S30" Value="1"/>
<Cov CovItemId="S31" Value="2"/>
<Cov CovItemId="S32" Value="2"/>
<Cov CovItemId="S33" Value="2"/>
<Cov CovItemId="S39" Value="2"/>
<Cov CovItemId="S4" Value="2"/>
<Cov CovItemId="S40" Value="2"/>
<Cov CovItemId="S42" Value="2"/>
<Cov CovItemId="S43" Value="2"/>
<Cov CovItemId="S44" Value="2"/>
<Cov CovItemId="S45" Value="2"/>
<Cov CovItemId="S46" Value="2"/>
<Cov CovItemId="S47" Value="1"/>
<Cov CovItemId="S48" Value="2"/>
<Cov CovItemId="S49" Value="2"/>
<Cov CovItemId="S5" Value="2"/>
<Cov CovItemId="S50" Value="2"/>
<Cov CovItemId="S6" Value="2"/>
<Cov CovItemId="S65" Value="2"/>
<Cov CovItemId="S67" Value="2"/>
<Cov CovItemId="S7" Value="2"/>
<Cov CovItemId="S71" Value="2"/>
<Cov CovItemId="S72" Value="1"/>
<Cov CovItemId="S73" Value="2"/>
<Cov CovItemId="S8" Value="2"/>
<Cov CovItemId="S9" Value="2"/>
</CovPrefix>
</CovList>
<AssgnmntList>
<AssgnmntPrefix RootTermCovItemPrefix="com.OriginalFiles.Board.java">
<AssgnmntListEntry Length="1" RootTermCovItemId="C14">
<MapEntry BoolAssgnmnt="0" Value="1"/>
<MapEntry BoolAssgnmnt="1" Value="2"/>
</AssgnmntListEntry>
<AssgnmntListEntry Length="1" RootTermCovItemId="C15">
<MapEntry BoolAssgnmnt="0" Value="2"/>
<MapEntry BoolAssgnmnt="1" Value="1"/>
</AssgnmntListEntry>
<AssgnmntListEntry Length="1" RootTermCovItemId="C16">
<MapEntry BoolAssgnmnt="0" Value="1"/>
</AssgnmntListEntry>
<AssgnmntListEntry Length="4" RootTermCovItemId="C17">
<MapEntry BoolAssgnmnt="0222" Value="1"/>
</AssgnmntListEntry>
<AssgnmntListEntry Length="2" RootTermCovItemId="C18">
<MapEntry BoolAssgnmnt="02" Value="1"/>
</AssgnmntListEntry>
<AssgnmntListEntry Length="2" RootTermCovItemId="C19">
<MapEntry BoolAssgnmnt="10" Value="1"/>
</AssgnmntListEntry>
<AssgnmntListEntry Length="3" RootTermCovItemId="C55">
<MapEntry BoolAssgnmnt="002" Value="4"/>
</AssgnmntListEntry>
<AssgnmntListEntry Length="3" RootTermCovItemId="C56">
<MapEntry BoolAssgnmnt="120" Value="2"/>
<MapEntry BoolAssgnmnt="121" Value="2"/>
</AssgnmntListEntry>
</AssgnmntPrefix>
<AssgnmntPrefix RootTermCovItemPrefix="com.OriginalFiles.Field.java">
<AssgnmntListEntry Length="1" RootTermCovItemId="C1">
<MapEntry BoolAssgnmnt="0" Value="2"/>
</AssgnmntListEntry>
</AssgnmntPrefix>
<AssgnmntPrefix RootTermCovItemPrefix="com.OriginalFiles.Piece.java">
<AssgnmntListEntry Length="2" RootTermCovItemId="C1">
<MapEntry BoolAssgnmnt="10" Value="1"/>
<MapEntry BoolAssgnmnt="11" Value="1"/>
</AssgnmntListEntry>
<AssgnmntListEntry Length="5" RootTermCovItemId="C17">
<MapEntry BoolAssgnmnt="01002" Value="1"/>
<MapEntry BoolAssgnmnt="12222" Value="1"/>
</AssgnmntListEntry>
<AssgnmntListEntry Length="5" RootTermCovItemId="C18">
<MapEntry BoolAssgnmnt="01002" Value="1"/>
<MapEntry BoolAssgnmnt="12222" Value="1"/>
</AssgnmntListEntry>
<AssgnmntListEntry Length="2" RootTermCovItemId="C2">
<MapEntry BoolAssgnmnt="02" Value="1"/>
</AssgnmntListEntry>
<AssgnmntListEntry Length="1" RootTermCovItemId="C20">
<MapEntry BoolAssgnmnt="0" Value="1"/>
<MapEntry BoolAssgnmnt="1" Value="1"/>
</AssgnmntListEntry>
<AssgnmntListEntry Length="1" RootTermCovItemId="C3">
<MapEntry BoolAssgnmnt="1" Value="2"/>
</AssgnmntListEntry>
<AssgnmntListEntry Length="1" RootTermCovItemId="C5">
<MapEntry BoolAssgnmnt="1" Value="2"/>
</AssgnmntListEntry>
<AssgnmntListEntry Length="1" RootTermCovItemId="C6">
<MapEntry BoolAssgnmnt="1" Value="2"/>
</AssgnmntListEntry>
<AssgnmntListEntry Length="1" RootTermCovItemId="C7">
<MapEntry BoolAssgnmnt="0" Value="1"/>
<MapEntry BoolAssgnmnt="1" Value="1"/>
</AssgnmntListEntry>
<AssgnmntListEntry Length="1" RootTermCovItemId="C8">
<MapEntry BoolAssgnmnt="1" Value="2"/>
</AssgnmntListEntry>
<AssgnmntListEntry Length="1" RootTermCovItemId="C9">
<MapEntry BoolAssgnmnt="0" Value="2"/>
</AssgnmntListEntry>
</AssgnmntPrefix>
</AssgnmntList>
<ObjMetaDataList/>
<MetaDataList/>
</TestCase>
<TestCase Comment="" Date="1386064083464" Name="com.Testing.BoardTest:testCheckMoveable">
<CovList>
<CovPrefix CovItemPrefix="com.OriginalFiles.Analyze.java">
<Cov CovItemId="B107" Value="32"/>
<Cov CovItemId="S199" Value="32"/>
<Cov CovItemId="S200" Value="32"/>
<Cov CovItemId="S201" Value="32"/>
<Cov CovItemId="S202" Value="32"/>
<Cov CovItemId="S203" Value="32"/>
<Cov CovItemId="S204" Value="32"/>
</CovPrefix>
<CovPrefix CovItemPrefix="com.OriginalFiles.Board.java">
<Cov CovItemId="B41" Value="10"/>
<Cov CovItemId="B42" Value="4"/>
<Cov CovItemId="B45" Value="4"/>
<Cov CovItemId="B46" Value="1"/>
<Cov CovItemId="B47" Value="3"/>
<Cov CovItemId="B48" Value="2"/>
<Cov CovItemId="B49" Value="2"/>
<Cov CovItemId="B50" Value="3"/>
<Cov CovItemId="B52" Value="2"/>
<Cov CovItemId="B54" Value="2"/>
<Cov CovItemId="B83" Value="24"/>
<Cov CovItemId="B84" Value="68"/>
<Cov CovItemId="B85" Value="24"/>
<Cov CovItemId="B86" Value="44"/>
<Cov CovItemId="S115" Value="14"/>
<Cov CovItemId="S116" Value="10"/>
<Cov CovItemId="S117" Value="4"/>
<Cov CovItemId="S123" Value="5"/>
<Cov CovItemId="S124" Value="5"/>
<Cov CovItemId="S125" Value="4"/>
<Cov CovItemId="S126" Value="5"/>
<Cov CovItemId="S127" Value="3"/>
<Cov CovItemId="S128" Value="5"/>
<Cov CovItemId="S129" Value="2"/>
<Cov CovItemId="S131" Value="2"/>
<Cov CovItemId="S133" Value="5"/>
<Cov CovItemId="S180" Value="92"/>
<Cov CovItemId="S181" Value="24"/>
<Cov CovItemId="S182" Value="68"/>
<Cov CovItemId="S183" Value="24"/>
<Cov CovItemId="S184" Value="44"/>
<Cov CovItemId="S185" Value="78"/>
</CovPrefix>
<CovPrefix CovItemPrefix="com.OriginalFiles.Field.java">
<Cov CovItemId="B1" Value="32"/>
<Cov CovItemId="B2" Value="8"/>
<Cov CovItemId="S1" Value="88"/>
<Cov CovItemId="S13" Value="64"/>
<Cov CovItemId="S2" Value="88"/>
<Cov CovItemId="S5" Value="40"/>
<Cov CovItemId="S6" Value="40"/>
<Cov CovItemId="S7" Value="32"/>
<Cov CovItemId="S8" Value="7"/>
<Cov CovItemId="S9" Value="50"/>
</CovPrefix>
<CovPrefix CovItemPrefix="com.OriginalFiles.Piece.java">
<Cov CovItemId="B10" Value="12"/>
<Cov CovItemId="B11" Value="24"/>
<Cov CovItemId="B12" Value="8"/>
<Cov CovItemId="B14" Value="24"/>
<Cov CovItemId="B15" Value="24"/>
<Cov CovItemId="B18" Value="24"/>
<Cov CovItemId="B2" Value="32"/>
<Cov CovItemId="B34" Value="24"/>
<Cov CovItemId="B35" Value="8"/>
<Cov CovItemId="B36" Value="16"/>
<Cov CovItemId="B37" Value="8"/>
<Cov CovItemId="B40" Value="24"/>
<Cov CovItemId="B5" Value="24"/>
<Cov CovItemId="B6" Value="8"/>
<Cov CovItemId="B9" Value="12"/>
<Cov CovItemId="S1" Value="32"/>
<Cov CovItemId="S10" Value="32"/>
<Cov CovItemId="S11" Value="32"/>
<Cov CovItemId="S12" Value="32"/>
<Cov CovItemId="S13" Value="32"/>
<Cov CovItemId="S14" Value="32"/>
<Cov CovItemId="S15" Value="32"/>
<Cov CovItemId="S16" Value="32"/>
<Cov CovItemId="S17" Value="32"/>
<Cov CovItemId="S18" Value="32"/>
<Cov CovItemId="S19" Value="32"/>
<Cov CovItemId="S2" Value="32"/>
<Cov CovItemId="S20" Value="32"/>
<Cov CovItemId="S21" Value="32"/>
<Cov CovItemId="S24" Value="32"/>
<Cov CovItemId="S25" Value="32"/>
<Cov CovItemId="S26" Value="32"/>
<Cov CovItemId="S3" Value="32"/>
<Cov CovItemId="S30" Value="32"/>
<Cov CovItemId="S31" Value="32"/>
<Cov CovItemId="S32" Value="32"/>
<Cov CovItemId="S33" Value="24"/>
<Cov CovItemId="S34" Value="8"/>
<Cov CovItemId="S35" Value="8"/>
<Cov CovItemId="S39" Value="24"/>
<Cov CovItemId="S4" Value="32"/>
<Cov CovItemId="S40" Value="12"/>
<Cov CovItemId="S41" Value="12"/>
<Cov CovItemId="S42" Value="32"/>
<Cov CovItemId="S43" Value="32"/>
<Cov CovItemId="S44" Value="24"/>
<Cov CovItemId="S45" Value="24"/>
<Cov CovItemId="S46" Value="24"/>
<Cov CovItemId="S48" Value="24"/>
<Cov CovItemId="S49" Value="24"/>
<Cov CovItemId="S5" Value="32"/>
<Cov CovItemId="S50" Value="24"/>
<Cov CovItemId="S6" Value="32"/>
<Cov CovItemId="S65" Value="24"/>
<Cov CovItemId="S67" Value="24"/>
<Cov CovItemId="S68" Value="8"/>
<Cov CovItemId="S69" Value="8"/>
<Cov CovItemId="S7" Value="32"/>
<Cov CovItemId="S70" Value="8"/>
<Cov CovItemId="S71" Value="24"/>
<Cov CovItemId="S73" Value="24"/>
<Cov CovItemId="S8" Value="32"/>
<Cov CovItemId="S9" Value="32"/>
</CovPrefix>
<CovPrefix CovItemPrefix="com.OriginalFiles.RemoteNXTFunctions.java">
<Cov CovItemId="B5" Value="32"/>
<Cov CovItemId="B7" Value="32"/>
<Cov CovItemId="S162" Value="32"/>
<Cov CovItemId="S19" Value="32"/>
<Cov CovItemId="S20" Value="32"/>
<Cov CovItemId="S21" Value="32"/>
<Cov CovItemId="S22" Value="32"/>
</CovPrefix>
</CovList>
<AssgnmntList>
<AssgnmntPrefix RootTermCovItemPrefix="com.OriginalFiles.Analyze.java">
<AssgnmntListEntry Length="6" RootTermCovItemId="C66">
<MapEntry BoolAssgnmnt="111111" Value="32"/>
</AssgnmntListEntry>
</AssgnmntPrefix>
<AssgnmntPrefix RootTermCovItemPrefix="com.OriginalFiles.Board.java">
<AssgnmntListEntry Length="1" RootTermCovItemId="C31">
<MapEntry BoolAssgnmnt="0" Value="4"/>
<MapEntry BoolAssgnmnt="1" Value="10"/>
</AssgnmntListEntry>
<AssgnmntListEntry Length="1" RootTermCovItemId="C33">
<MapEntry BoolAssgnmnt="0" Value="4"/>
<MapEntry BoolAssgnmnt="1" Value="1"/>
</AssgnmntListEntry>
<AssgnmntListEntry Length="1" RootTermCovItemId="C34">
<MapEntry BoolAssgnmnt="0" Value="3"/>
<MapEntry BoolAssgnmnt="1" Value="2"/>
</AssgnmntListEntry>
<AssgnmntListEntry Length="1" RootTermCovItemId="C35">
<MapEntry BoolAssgnmnt="0" Value="3"/>
<MapEntry BoolAssgnmnt="1" Value="2"/>
</AssgnmntListEntry>
<AssgnmntListEntry Length="1" RootTermCovItemId="C36">
<MapEntry BoolAssgnmnt="1" Value="2"/>
</AssgnmntListEntry>
<AssgnmntListEntry Length="1" RootTermCovItemId="C37">
<MapEntry BoolAssgnmnt="1" Value="2"/>
</AssgnmntListEntry>
<AssgnmntListEntry Length="3" RootTermCovItemId="C55">
<MapEntry BoolAssgnmnt="002" Value="44"/>
<MapEntry BoolAssgnmnt="120" Value="24"/>
<MapEntry BoolAssgnmnt="121" Value="24"/>
</AssgnmntListEntry>
<AssgnmntListEntry Length="3" RootTermCovItemId="C56">
<MapEntry BoolAssgnmnt="002" Value="24"/>
<MapEntry BoolAssgnmnt="120" Value="20"/>
<MapEntry BoolAssgnmnt="121" Value="24"/>
</AssgnmntListEntry>
</AssgnmntPrefix>
<AssgnmntPrefix RootTermCovItemPrefix="com.OriginalFiles.Field.java">
<AssgnmntListEntry Length="1" RootTermCovItemId="C1">
<MapEntry BoolAssgnmnt="0" Value="32"/>
<MapEntry BoolAssgnmnt="1" Value="8"/>
</AssgnmntListEntry>
</AssgnmntPrefix>
<AssgnmntPrefix RootTermCovItemPrefix="com.OriginalFiles.Piece.java">
<AssgnmntListEntry Length="2" RootTermCovItemId="C1">
<MapEntry BoolAssgnmnt="10" Value="24"/>
<MapEntry BoolAssgnmnt="02" Value="8"/>
</AssgnmntListEntry>
<AssgnmntListEntry Length="5" RootTermCovItemId="C17">
<MapEntry BoolAssgnmnt="00210" Value="12"/>
<MapEntry BoolAssgnmnt="01002" Value="12"/>
</AssgnmntListEntry>
<AssgnmntListEntry Length="5" RootTermCovItemId="C18">
<MapEntry BoolAssgnmnt="00210" Value="8"/>
<MapEntry BoolAssgnmnt="00211" Value="4"/>
<MapEntry BoolAssgnmnt="01002" Value="8"/>
<MapEntry BoolAssgnmnt="01122" Value="4"/>
</AssgnmntListEntry>
<AssgnmntListEntry Length="1" RootTermCovItemId="C19">
<MapEntry BoolAssgnmnt="1" Value="8"/>
</AssgnmntListEntry>
<AssgnmntListEntry Length="1" RootTermCovItemId="C20">
<MapEntry BoolAssgnmnt="0" Value="24"/>
</AssgnmntListEntry>
<AssgnmntListEntry Length="1" RootTermCovItemId="C3">
<MapEntry BoolAssgnmnt="0" Value="8"/>
<MapEntry BoolAssgnmnt="1" Value="24"/>
</AssgnmntListEntry>
<AssgnmntListEntry Length="1" RootTermCovItemId="C5">
<MapEntry BoolAssgnmnt="0" Value="12"/>
<MapEntry BoolAssgnmnt="1" Value="12"/>
</AssgnmntListEntry>
<AssgnmntListEntry Length="1" RootTermCovItemId="C6">
<MapEntry BoolAssgnmnt="0" Value="8"/>
<MapEntry BoolAssgnmnt="1" Value="24"/>
</AssgnmntListEntry>
<AssgnmntListEntry Length="1" RootTermCovItemId="C7">
<MapEntry BoolAssgnmnt="0" Value="24"/>
</AssgnmntListEntry>
<AssgnmntListEntry Length="1" RootTermCovItemId="C8">
<MapEntry BoolAssgnmnt="1" Value="24"/>
</AssgnmntListEntry>
<AssgnmntListEntry Length="1" RootTermCovItemId="C9">
<MapEntry BoolAssgnmnt="0" Value="24"/>
</AssgnmntListEntry>
</AssgnmntPrefix>
<AssgnmntPrefix RootTermCovItemPrefix="com.OriginalFiles.RemoteNXTFunctions.java">
<AssgnmntListEntry Length="1" RootTermCovItemId="C5">
<MapEntry BoolAssgnmnt="1" Value="32"/>
</AssgnmntListEntry>
<AssgnmntListEntry Length="2" RootTermCovItemId="C6">
<MapEntry BoolAssgnmnt="11" Value="32"/>
</AssgnmntListEntry>
</AssgnmntPrefix>
</AssgnmntList>
<ObjMetaDataList/>
<MetaDataList/>
</TestCase>
<TestCase Comment="" Date="1386064083465" Name="com.Testing.BoardTest:testIsGreater">
<CovList>
<CovPrefix CovItemPrefix="com.OriginalFiles.Board.java">
<Cov CovItemId="B13" Value="1"/>
<Cov CovItemId="B14" Value="9"/>
<Cov CovItemId="B15" Value="3"/>
<Cov CovItemId="B16" Value="6"/>
<Cov CovItemId="B18" Value="6"/>
<Cov CovItemId="B19" Value="1"/>
<Cov CovItemId="B20" Value="5"/>
<Cov CovItemId="B21" Value="1"/>
<Cov CovItemId="B22" Value="4"/>
<Cov CovItemId="B24" Value="4"/>
<Cov CovItemId="B25" Value="3"/>
<Cov CovItemId="B26" Value="1"/>
<Cov CovItemId="B84" Value="18"/>
<Cov CovItemId="B85" Value="10"/>
<Cov CovItemId="B86" Value="8"/>
<Cov CovItemId="S180" Value="18"/>
<Cov CovItemId="S182" Value="18"/>
<Cov CovItemId="S183" Value="10"/>
<Cov CovItemId="S184" Value="8"/>
<Cov CovItemId="S185" Value="10"/>
<Cov CovItemId="S78" Value="10"/>
<Cov CovItemId="S79" Value="1"/>
<Cov CovItemId="S80" Value="9"/>
<Cov CovItemId="S81" Value="3"/>
<Cov CovItemId="S82" Value="6"/>
<Cov CovItemId="S84" Value="6"/>
<Cov CovItemId="S85" Value="1"/>
<Cov CovItemId="S86" Value="5"/>
<Cov CovItemId="S87" Value="1"/>
<Cov CovItemId="S88" Value="4"/>
<Cov CovItemId="S90" Value="4"/>
<Cov CovItemId="S91" Value="3"/>
<Cov CovItemId="S92" Value="1"/>
<Cov CovItemId="S93" Value="16"/>
</CovPrefix>
<CovPrefix CovItemPrefix="com.OriginalFiles.Field.java">
<Cov CovItemId="B1" Value="5"/>
<Cov CovItemId="S1" Value="2"/>
<Cov CovItemId="S13" Value="64"/>
<Cov CovItemId="S2" Value="2"/>
<Cov CovItemId="S5" Value="5"/>
<Cov CovItemId="S6" Value="5"/>
<Cov CovItemId="S7" Value="5"/>
<Cov CovItemId="S8" Value="42"/>
<Cov CovItemId="S9" Value="5"/>
</CovPrefix>
<CovPrefix CovItemPrefix="com.OriginalFiles.Piece.java">
<Cov CovItemId="B10" Value="2"/>
<Cov CovItemId="B11" Value="5"/>
<Cov CovItemId="B14" Value="5"/>
<Cov CovItemId="B15" Value="5"/>
<Cov CovItemId="B18" Value="5"/>
<Cov CovItemId="B2" Value="5"/>
<Cov CovItemId="B33" Value="2"/>
<Cov CovItemId="B34" Value="3"/>
<Cov CovItemId="B36" Value="5"/>
<Cov CovItemId="B40" Value="5"/>
<Cov CovItemId="B5" Value="5"/>
<Cov CovItemId="B9" Value="3"/>
<Cov CovItemId="S1" Value="2"/>
<Cov CovItemId="S10" Value="2"/>
<Cov CovItemId="S11" Value="2"/>
<Cov CovItemId="S12" Value="2"/>
<Cov CovItemId="S13" Value="2"/>
<Cov CovItemId="S14" Value="2"/>
<Cov CovItemId="S15" Value="2"/>
<Cov CovItemId="S16" Value="2"/>
<Cov CovItemId="S17" Value="2"/>
<Cov CovItemId="S18" Value="2"/>
<Cov CovItemId="S19" Value="2"/>
<Cov CovItemId="S2" Value="2"/>
<Cov CovItemId="S20" Value="2"/>
<Cov CovItemId="S21" Value="2"/>
<Cov CovItemId="S22" Value="2"/>
<Cov CovItemId="S24" Value="5"/>
<Cov CovItemId="S25" Value="5"/>
<Cov CovItemId="S26" Value="5"/>
<Cov CovItemId="S3" Value="2"/>
<Cov CovItemId="S30" Value="5"/>
<Cov CovItemId="S31" Value="5"/>
<Cov CovItemId="S32" Value="5"/>
<Cov CovItemId="S33" Value="5"/>
<Cov CovItemId="S39" Value="5"/>
<Cov CovItemId="S4" Value="2"/>
<Cov CovItemId="S40" Value="3"/>
<Cov CovItemId="S41" Value="2"/>
<Cov CovItemId="S42" Value="5"/>
<Cov CovItemId="S43" Value="5"/>
<Cov CovItemId="S44" Value="5"/>
<Cov CovItemId="S45" Value="5"/>
<Cov CovItemId="S46" Value="5"/>
<Cov CovItemId="S48" Value="5"/>
<Cov CovItemId="S49" Value="5"/>
<Cov CovItemId="S5" Value="2"/>
<Cov CovItemId="S50" Value="5"/>
<Cov CovItemId="S6" Value="2"/>
<Cov CovItemId="S65" Value="5"/>
<Cov CovItemId="S66" Value="2"/>
<Cov CovItemId="S67" Value="5"/>
<Cov CovItemId="S7" Value="2"/>
<Cov CovItemId="S71" Value="5"/>
<Cov CovItemId="S73" Value="5"/>
<Cov CovItemId="S8" Value="2"/>
<Cov CovItemId="S9" Value="2"/>
</CovPrefix>
</CovList>
<AssgnmntList>
<AssgnmntPrefix RootTermCovItemPrefix="com.OriginalFiles.Board.java">
<AssgnmntListEntry Length="4" RootTermCovItemId="C17">
<MapEntry BoolAssgnmnt="1002" Value="1"/>
<MapEntry BoolAssgnmnt="1122" Value="1"/>
<MapEntry BoolAssgnmnt="1010" Value="1"/>
<MapEntry BoolAssgnmnt="1011" Value="1"/>
<MapEntry BoolAssgnmnt="0222" Value="6"/>
</AssgnmntListEntry>
<AssgnmntListEntry Length="2" RootTermCovItemId="C18">
<MapEntry BoolAssgnmnt="10" Value="3"/>
<MapEntry BoolAssgnmnt="02" Value="6"/>
</AssgnmntListEntry>
<AssgnmntListEntry Length="2" RootTermCovItemId="C19">
<MapEntry BoolAssgnmnt="02" Value="6"/>
</AssgnmntListEntry>
<AssgnmntListEntry Length="3" RootTermCovItemId="C20">
<MapEntry BoolAssgnmnt="110" Value="1"/>
<MapEntry BoolAssgnmnt="102" Value="1"/>
<MapEntry BoolAssgnmnt="111" Value="1"/>
<MapEntry BoolAssgnmnt="022" Value="3"/>
</AssgnmntListEntry>
<AssgnmntListEntry Length="3" RootTermCovItemId="C21">
<MapEntry BoolAssgnmnt="110" Value="1"/>
<MapEntry BoolAssgnmnt="102" Value="1"/>
<MapEntry BoolAssgnmnt="111" Value="2"/>
<MapEntry BoolAssgnmnt="022" Value="1"/>
</AssgnmntListEntry>
<AssgnmntListEntry Length="1" RootTermCovItemId="C22">
<MapEntry BoolAssgnmnt="0" Value="4"/>
</AssgnmntListEntry>
<AssgnmntListEntry Length="1" RootTermCovItemId="C23">
<MapEntry BoolAssgnmnt="0" Value="1"/>
<MapEntry BoolAssgnmnt="1" Value="3"/>
</AssgnmntListEntry>
<AssgnmntListEntry Length="3" RootTermCovItemId="C55">
<MapEntry BoolAssgnmnt="002" Value="18"/>
</AssgnmntListEntry>
<AssgnmntListEntry Length="3" RootTermCovItemId="C56">
<MapEntry BoolAssgnmnt="120" Value="8"/>
<MapEntry BoolAssgnmnt="121" Value="10"/>
</AssgnmntListEntry>
</AssgnmntPrefix>
<AssgnmntPrefix RootTermCovItemPrefix="com.OriginalFiles.Field.java">
<AssgnmntListEntry Length="1" RootTermCovItemId="C1">
<MapEntry BoolAssgnmnt="0" Value="5"/>
</AssgnmntListEntry>
</AssgnmntPrefix>
<AssgnmntPrefix RootTermCovItemPrefix="com.OriginalFiles.Piece.java">
<AssgnmntListEntry Length="2" RootTermCovItemId="C1">
<MapEntry BoolAssgnmnt="10" Value="5"/>
</AssgnmntListEntry>
<AssgnmntListEntry Length="5" RootTermCovItemId="C17">
<MapEntry BoolAssgnmnt="01002" Value="3"/>
<MapEntry BoolAssgnmnt="01122" Value="2"/>
</AssgnmntListEntry>
<AssgnmntListEntry Length="5" RootTermCovItemId="C18">
<MapEntry BoolAssgnmnt="01002" Value="5"/>
</AssgnmntListEntry>
<AssgnmntListEntry Length="1" RootTermCovItemId="C20">
<MapEntry BoolAssgnmnt="0" Value="5"/>
</AssgnmntListEntry>
<AssgnmntListEntry Length="1" RootTermCovItemId="C3">
<MapEntry BoolAssgnmnt="1" Value="5"/>
</AssgnmntListEntry>
<AssgnmntListEntry Length="1" RootTermCovItemId="C5">
<MapEntry BoolAssgnmnt="0" Value="2"/>
<MapEntry BoolAssgnmnt="1" Value="3"/>
</AssgnmntListEntry>
<AssgnmntListEntry Length="1" RootTermCovItemId="C6">
<MapEntry BoolAssgnmnt="1" Value="5"/>
</AssgnmntListEntry>
<AssgnmntListEntry Length="1" RootTermCovItemId="C7">
<MapEntry BoolAssgnmnt="0" Value="5"/>
</AssgnmntListEntry>
<AssgnmntListEntry Length="1" RootTermCovItemId="C8">
<MapEntry BoolAssgnmnt="1" Value="5"/>
</AssgnmntListEntry>
<AssgnmntListEntry Length="1" RootTermCovItemId="C9">
<MapEntry BoolAssgnmnt="0" Value="5"/>
</AssgnmntListEntry>
</AssgnmntPrefix>
</AssgnmntList>
<ObjMetaDataList/>
<MetaDataList/>
</TestCase>
<TestCase Comment="" Date="1386064083466" Name="com.Testing.BoardTest:testResetVisited">
<CovList>
<CovPrefix CovItemPrefix="com.OriginalFiles.Board.java">
<Cov CovItemId="L10-2" Value="8"/>
<Cov CovItemId="L9-2" Value="1"/>
<Cov CovItemId="S61" Value="1"/>
<Cov CovItemId="S62" Value="8"/>
<Cov CovItemId="S63" Value="64"/>
</CovPrefix>
</CovList>
<AssgnmntList/>
<ObjMetaDataList/>
<MetaDataList/>
</TestCase>
<TestCase Comment="" Date="1386064083466" Name="com.Testing.BoardTest:testMovePiece">
<CovList>
<CovPrefix CovItemPrefix="com.OriginalFiles.Analyze.java">
<Cov CovItemId="B84" Value="1"/>
<Cov CovItemId="S149" Value="1"/>
</CovPrefix>
<CovPrefix CovItemPrefix="com.OriginalFiles.Board.java">
<Cov CovItemId="B31" Value="1"/>
<Cov CovItemId="B33" Value="1"/>
<Cov CovItemId="B36" Value="1"/>
<Cov CovItemId="B37" Value="1"/>
<Cov CovItemId="B38" Value="1"/>
<Cov CovItemId="B79" Value="1"/>
<Cov CovItemId="B81" Value="1"/>
<Cov CovItemId="B84" Value="5"/>
<Cov CovItemId="B85" Value="3"/>
<Cov CovItemId="B86" Value="2"/>
<Cov CovItemId="S100" Value="1"/>
<Cov CovItemId="S102" Value="1"/>
<Cov CovItemId="S104" Value="1"/>
<Cov CovItemId="S106" Value="2"/>
<Cov CovItemId="S107" Value="2"/>
<Cov CovItemId="S108" Value="2"/>
<Cov CovItemId="S109" Value="1"/>
<Cov CovItemId="S176" Value="1"/>
<Cov CovItemId="S177" Value="1"/>
<Cov CovItemId="S178" Value="1"/>
<Cov CovItemId="S180" Value="5"/>
<Cov CovItemId="S182" Value="5"/>
<Cov CovItemId="S183" Value="3"/>
<Cov CovItemId="S184" Value="2"/>
<Cov CovItemId="S185" Value="7"/>
<Cov CovItemId="S98" Value="1"/>
<Cov CovItemId="S99" Value="1"/>
</CovPrefix>
<CovPrefix CovItemPrefix="com.OriginalFiles.Field.java">
<Cov CovItemId="B1" Value="2"/>
<Cov CovItemId="S1" Value="1"/>
<Cov CovItemId="S13" Value="2"/>
<Cov CovItemId="S2" Value="1"/>
<Cov CovItemId="S5" Value="2"/>
<Cov CovItemId="S6" Value="2"/>
<Cov CovItemId="S7" Value="2"/>
<Cov CovItemId="S8" Value="7"/>
<Cov CovItemId="S9" Value="4"/>
</CovPrefix>
<CovPrefix CovItemPrefix="com.OriginalFiles.Piece.java">
<Cov CovItemId="B11" Value="1"/>
<Cov CovItemId="B12" Value="1"/>
<Cov CovItemId="B14" Value="1"/>
<Cov CovItemId="B15" Value="1"/>
<Cov CovItemId="B18" Value="1"/>
<Cov CovItemId="B2" Value="2"/>
<Cov CovItemId="B34" Value="1"/>
<Cov CovItemId="B36" Value="1"/>
<Cov CovItemId="B40" Value="1"/>
<Cov CovItemId="B5" Value="1"/>
<Cov CovItemId="B6" Value="1"/>
<Cov CovItemId="B9" Value="1"/>
<Cov CovItemId="S24" Value="2"/>
<Cov CovItemId="S25" Value="2"/>
<Cov CovItemId="S26" Value="2"/>
<Cov CovItemId="S30" Value="2"/>
<Cov CovItemId="S31" Value="2"/>
<Cov CovItemId="S32" Value="2"/>
<Cov CovItemId="S33" Value="1"/>
<Cov CovItemId="S34" Value="1"/>
<Cov CovItemId="S35" Value="1"/>
<Cov CovItemId="S39" Value="1"/>
<Cov CovItemId="S40" Value="1"/>
<Cov CovItemId="S42" Value="2"/>
<Cov CovItemId="S43" Value="2"/>
<Cov CovItemId="S44" Value="1"/>
<Cov CovItemId="S45" Value="1"/>
<Cov CovItemId="S46" Value="1"/>
<Cov CovItemId="S48" Value="1"/>
<Cov CovItemId="S49" Value="1"/>
<Cov CovItemId="S50" Value="1"/>
<Cov CovItemId="S65" Value="1"/>
<Cov CovItemId="S67" Value="1"/>
<Cov CovItemId="S71" Value="1"/>
<Cov CovItemId="S73" Value="1"/>
</CovPrefix>
</CovList>
<AssgnmntList>
<AssgnmntPrefix RootTermCovItemPrefix="com.OriginalFiles.Analyze.java">
<AssgnmntListEntry Length="1" RootTermCovItemId="C49">
<MapEntry BoolAssgnmnt="0" Value="1"/>
</AssgnmntListEntry>
</AssgnmntPrefix>
<AssgnmntPrefix RootTermCovItemPrefix="com.OriginalFiles.Board.java">
<AssgnmntListEntry Length="1" RootTermCovItemId="C26">
<MapEntry BoolAssgnmnt="0" Value="1"/>
</AssgnmntListEntry>
<AssgnmntListEntry Length="1" RootTermCovItemId="C27">
<MapEntry BoolAssgnmnt="1" Value="1"/>
</AssgnmntListEntry>
<AssgnmntListEntry Length="2" RootTermCovItemId="C28">
<MapEntry BoolAssgnmnt="02" Value="1"/>
</AssgnmntListEntry>
<AssgnmntListEntry Length="1" RootTermCovItemId="C29">
<MapEntry BoolAssgnmnt="0" Value="1"/>
<MapEntry BoolAssgnmnt="1" Value="1"/>
</AssgnmntListEntry>
<AssgnmntListEntry Length="1" RootTermCovItemId="C53">
<MapEntry BoolAssgnmnt="1" Value="1"/>
</AssgnmntListEntry>
<AssgnmntListEntry Length="1" RootTermCovItemId="C54">
<MapEntry BoolAssgnmnt="0" Value="1"/>
</AssgnmntListEntry>
<AssgnmntListEntry Length="3" RootTermCovItemId="C55">
<MapEntry BoolAssgnmnt="002" Value="5"/>
</AssgnmntListEntry>
<AssgnmntListEntry Length="3" RootTermCovItemId="C56">
<MapEntry BoolAssgnmnt="120" Value="2"/>
<MapEntry BoolAssgnmnt="121" Value="3"/>
</AssgnmntListEntry>
</AssgnmntPrefix>
<AssgnmntPrefix RootTermCovItemPrefix="com.OriginalFiles.Field.java">
<AssgnmntListEntry Length="1" RootTermCovItemId="C1">
<MapEntry BoolAssgnmnt="0" Value="2"/>
</AssgnmntListEntry>
</AssgnmntPrefix>
<AssgnmntPrefix RootTermCovItemPrefix="com.OriginalFiles.Piece.java">
<AssgnmntListEntry Length="2" RootTermCovItemId="C1">
<MapEntry BoolAssgnmnt="10" Value="1"/>
<MapEntry BoolAssgnmnt="02" Value="1"/>
</AssgnmntListEntry>
<AssgnmntListEntry Length="5" RootTermCovItemId="C17">
<MapEntry BoolAssgnmnt="01002" Value="1"/>
</AssgnmntListEntry>
<AssgnmntListEntry Length="5" RootTermCovItemId="C18">
<MapEntry BoolAssgnmnt="01002" Value="1"/>
</AssgnmntListEntry>
<AssgnmntListEntry Length="1" RootTermCovItemId="C20">
<MapEntry BoolAssgnmnt="0" Value="1"/>
</AssgnmntListEntry>
<AssgnmntListEntry Length="1" RootTermCovItemId="C3">
<MapEntry BoolAssgnmnt="0" Value="1"/>
<MapEntry BoolAssgnmnt="1" Value="1"/>
</AssgnmntListEntry>
<AssgnmntListEntry Length="1" RootTermCovItemId="C5">
<MapEntry BoolAssgnmnt="1" Value="1"/>
</AssgnmntListEntry>
<AssgnmntListEntry Length="1" RootTermCovItemId="C6">
<MapEntry BoolAssgnmnt="0" Value="1"/>
<MapEntry BoolAssgnmnt="1" Value="1"/>
</AssgnmntListEntry>
<AssgnmntListEntry Length="1" RootTermCovItemId="C7">
<MapEntry BoolAssgnmnt="0" Value="1"/>
</AssgnmntListEntry>
<AssgnmntListEntry Length="1" RootTermCovItemId="C8">
<MapEntry BoolAssgnmnt="1" Value="1"/>
</AssgnmntListEntry>
<AssgnmntListEntry Length="1" RootTermCovItemId="C9">
<MapEntry BoolAssgnmnt="0" Value="1"/>
</AssgnmntListEntry>
</AssgnmntPrefix>
</AssgnmntList>
<ObjMetaDataList/>
<MetaDataList/>
</TestCase>
<TestCase Comment="" Date="1386064083466" Name="com.Testing.BoardTest:testIsFieldEmptyOnBoard">
<CovList>
<CovPrefix CovItemPrefix="com.OriginalFiles.Analyze.java">
<Cov CovItemId="B107" Value="1"/>
<Cov CovItemId="B108" Value="1"/>
<Cov CovItemId="B110" Value="1"/>
<Cov CovItemId="B112" Value="1"/>
<Cov CovItemId="B114" Value="1"/>
<Cov CovItemId="S199" Value="2"/>
<Cov CovItemId="S200" Value="2"/>
<Cov CovItemId="S201" Value="2"/>
<Cov CovItemId="S202" Value="2"/>
<Cov CovItemId="S203" Value="2"/>
<Cov CovItemId="S204" Value="1"/>
<Cov CovItemId="S205" Value="1"/>
<Cov CovItemId="S207" Value="1"/>
<Cov CovItemId="S209" Value="1"/>
<Cov CovItemId="S211" Value="1"/>
</CovPrefix>
<CovPrefix CovItemPrefix="com.OriginalFiles.Board.java">
<Cov CovItemId="B39" Value="2"/>
<Cov CovItemId="B40" Value="1"/>
<Cov CovItemId="S111" Value="3"/>
<Cov CovItemId="S112" Value="2"/>
<Cov CovItemId="S113" Value="2"/>
<Cov CovItemId="S114" Value="1"/>
<Cov CovItemId="S185" Value="3"/>
</CovPrefix>
<CovPrefix CovItemPrefix="com.OriginalFiles.Field.java">
<Cov CovItemId="S1" Value="1"/>
<Cov CovItemId="S2" Value="1"/>
</CovPrefix>
<CovPrefix CovItemPrefix="com.OriginalFiles.RemoteNXTFunctions.java">
<Cov CovItemId="B5" Value="2"/>
<Cov CovItemId="B7" Value="1"/>
<Cov CovItemId="B8" Value="1"/>
<Cov CovItemId="B9" Value="1"/>
<Cov CovItemId="S162" Value="2"/>
<Cov CovItemId="S19" Value="2"/>
<Cov CovItemId="S20" Value="2"/>
<Cov CovItemId="S21" Value="2"/>
<Cov CovItemId="S22" Value="1"/>
<Cov CovItemId="S23" Value="1"/>
<Cov CovItemId="S24" Value="1"/>
</CovPrefix>
</CovList>
<AssgnmntList>
<AssgnmntPrefix RootTermCovItemPrefix="com.OriginalFiles.Analyze.java">
<AssgnmntListEntry Length="6" RootTermCovItemId="C66">
<MapEntry BoolAssgnmnt="022222" Value="1"/>
<MapEntry BoolAssgnmnt="111111" Value="1"/>
</AssgnmntListEntry>
<AssgnmntListEntry Length="6" RootTermCovItemId="C67">
<MapEntry BoolAssgnmnt="022222" Value="1"/>
</AssgnmntListEntry>
<AssgnmntListEntry Length="6" RootTermCovItemId="C68">
<MapEntry BoolAssgnmnt="102222" Value="1"/>
</AssgnmntListEntry>
<AssgnmntListEntry Length="6" RootTermCovItemId="C69">
<MapEntry BoolAssgnmnt="102222" Value="1"/>
</AssgnmntListEntry>
</AssgnmntPrefix>
<AssgnmntPrefix RootTermCovItemPrefix="com.OriginalFiles.Board.java">
<AssgnmntListEntry Length="1" RootTermCovItemId="C30">
<MapEntry BoolAssgnmnt="0" Value="1"/>
<MapEntry BoolAssgnmnt="1" Value="2"/>
</AssgnmntListEntry>
</AssgnmntPrefix>
<AssgnmntPrefix RootTermCovItemPrefix="com.OriginalFiles.RemoteNXTFunctions.java">
<AssgnmntListEntry Length="1" RootTermCovItemId="C5">
<MapEntry BoolAssgnmnt="1" Value="2"/>
</AssgnmntListEntry>
<AssgnmntListEntry Length="2" RootTermCovItemId="C6">
<MapEntry BoolAssgnmnt="02" Value="1"/>
<MapEntry BoolAssgnmnt="11" Value="1"/>
</AssgnmntListEntry>
<AssgnmntListEntry Length="2" RootTermCovItemId="C7">
<MapEntry BoolAssgnmnt="11" Value="1"/>
</AssgnmntListEntry>
</AssgnmntPrefix>
</AssgnmntList>
<ObjMetaDataList/>
<MetaDataList/>
</TestCase>
<TestCase Comment="" Date="1386064083467" Name="com.Testing.BoardTest:testFindMissingPiece">
<CovList>
<CovPrefix CovItemPrefix="com.OriginalFiles.Analyze.java">
<Cov CovItemId="B107" Value="12"/>
<Cov CovItemId="B108" Value="20"/>
<Cov CovItemId="B109" Value="12"/>
<Cov CovItemId="B110" Value="8"/>
<Cov CovItemId="B112" Value="8"/>
<Cov CovItemId="B114" Value="8"/>
<Cov CovItemId="S199" Value="32"/>
<Cov CovItemId="S200" Value="32"/>
<Cov CovItemId="S201" Value="32"/>
<Cov CovItemId="S202" Value="32"/>
<Cov CovItemId="S203" Value="32"/>
<Cov CovItemId="S204" Value="12"/>
<Cov CovItemId="S205" Value="20"/>
<Cov CovItemId="S206" Value="12"/>
<Cov CovItemId="S207" Value="8"/>
<Cov CovItemId="S209" Value="8"/>
<Cov CovItemId="S211" Value="8"/>
</CovPrefix>
<CovPrefix CovItemPrefix="com.OriginalFiles.Board.java">
<Cov CovItemId="B41" Value="42"/>
<Cov CovItemId="B42" Value="6"/>
<Cov CovItemId="B44" Value="24"/>
<Cov CovItemId="B45" Value="8"/>
<Cov CovItemId="B46" Value="16"/>
<Cov CovItemId="B47" Value="7"/>
<Cov CovItemId="B48" Value="17"/>
<Cov CovItemId="B50" Value="24"/>
<Cov CovItemId="B55" Value="48"/>
<Cov CovItemId="B56" Value="48"/>
<Cov CovItemId="B57" Value="35"/>
<Cov CovItemId="B58" Value="13"/>
<Cov CovItemId="B59" Value="35"/>
<Cov CovItemId="B62" Value="35"/>
<Cov CovItemId="B63" Value="32"/>
<Cov CovItemId="B64" Value="32"/>
<Cov CovItemId="B65" Value="24"/>
<Cov CovItemId="B66" Value="8"/>
<Cov CovItemId="B67" Value="12"/>
<Cov CovItemId="B68" Value="12"/>
<Cov CovItemId="B71" Value="4"/>
<Cov CovItemId="B72" Value="4"/>
<Cov CovItemId="B73" Value="16"/>
<Cov CovItemId="B74" Value="16"/>
<Cov CovItemId="B75" Value="16"/>
<Cov CovItemId="B76" Value="16"/>
<Cov CovItemId="B77" Value="8"/>
<Cov CovItemId="B78" Value="24"/>
<Cov CovItemId="B79" Value="59"/>
<Cov CovItemId="B81" Value="47"/>
<Cov CovItemId="B82" Value="12"/>
<Cov CovItemId="B83" Value="36"/>
<Cov CovItemId="B84" Value="103"/>
<Cov CovItemId="B85" Value="24"/>
<Cov CovItemId="B86" Value="79"/>
<Cov CovItemId="L10-2" Value="16"/>
<Cov CovItemId="L13-2" Value="1"/>
<Cov CovItemId="L14-2" Value="8"/>
<Cov CovItemId="L15-2" Value="1"/>
<Cov CovItemId="L16-2" Value="4"/>
<Cov CovItemId="L17-2" Value="4"/>
<Cov CovItemId="L9-2" Value="2"/>
<Cov CovItemId="S115" Value="48"/>
<Cov CovItemId="S116" Value="42"/>
<Cov CovItemId="S117" Value="6"/>
<Cov CovItemId="S118" Value="24"/>
<Cov CovItemId="S119" Value="24"/>
<Cov CovItemId="S121" Value="24"/>
<Cov CovItemId="S122" Value="24"/>
<Cov CovItemId="S123" Value="24"/>
<Cov CovItemId="S124" Value="24"/>
<Cov CovItemId="S125" Value="8"/>
<Cov CovItemId="S126" Value="24"/>
<Cov CovItemId="S127" Value="7"/>
<Cov CovItemId="S128" Value="24"/>
<Cov CovItemId="S133" Value="24"/>
<Cov CovItemId="S134" Value="24"/>
<Cov CovItemId="S135" Value="96"/>
<Cov CovItemId="S136" Value="48"/>
<Cov CovItemId="S137" Value="48"/>
<Cov CovItemId="S138" Value="35"/>
<Cov CovItemId="S139" Value="35"/>
<Cov CovItemId="S141" Value="48"/>
<Cov CovItemId="S142" Value="96"/>
<Cov CovItemId="S143" Value="1"/>
<Cov CovItemId="S144" Value="1"/>
<Cov CovItemId="S145" Value="8"/>
<Cov CovItemId="S146" Value="64"/>
<Cov CovItemId="S147" Value="32"/>
<Cov CovItemId="S148" Value="24"/>
<Cov CovItemId="S149" Value="12"/>
<Cov CovItemId="S150" Value="12"/>
<Cov CovItemId="S151" Value="1"/>
<Cov CovItemId="S157" Value="1"/>
<Cov CovItemId="S158" Value="1"/>
<Cov CovItemId="S159" Value="8"/>
<Cov CovItemId="S160" Value="4"/>
<Cov CovItemId="S161" Value="32"/>
<Cov CovItemId="S162" Value="16"/>
<Cov CovItemId="S163" Value="4"/>
<Cov CovItemId="S164" Value="4"/>
<Cov CovItemId="S165" Value="32"/>
<Cov CovItemId="S166" Value="16"/>
<Cov CovItemId="S167" Value="4"/>
<Cov CovItemId="S168" Value="1"/>
<Cov CovItemId="S169" Value="32"/>
<Cov CovItemId="S170" Value="32"/>
<Cov CovItemId="S171" Value="8"/>
<Cov CovItemId="S172" Value="24"/>
<Cov CovItemId="S173" Value="24"/>
<Cov CovItemId="S174" Value="24"/>
<Cov CovItemId="S175" Value="24"/>
<Cov CovItemId="S176" Value="59"/>
<Cov CovItemId="S177" Value="59"/>
<Cov CovItemId="S178" Value="47"/>
<Cov CovItemId="S179" Value="12"/>
<Cov CovItemId="S180" Value="139"/>
<Cov CovItemId="S181" Value="36"/>
<Cov CovItemId="S182" Value="103"/>
<Cov CovItemId="S183" Value="24"/>
<Cov CovItemId="S184" Value="79"/>
<Cov CovItemId="S185" Value="203"/>
<Cov CovItemId="S61" Value="2"/>
<Cov CovItemId="S62" Value="16"/>
<Cov CovItemId="S63" Value="128"/>
</CovPrefix>
<CovPrefix CovItemPrefix="com.OriginalFiles.Field.java">
<Cov CovItemId="B1" Value="24"/>
<Cov CovItemId="B2" Value="8"/>
<Cov CovItemId="S5" Value="32"/>
<Cov CovItemId="S6" Value="32"/>
<Cov CovItemId="S7" Value="24"/>
<Cov CovItemId="S8" Value="252"/>
<Cov CovItemId="S9" Value="133"/>
</CovPrefix>
<CovPrefix CovItemPrefix="com.OriginalFiles.Piece.java">
<Cov CovItemId="B10" Value="12"/>
<Cov CovItemId="B11" Value="24"/>
<Cov CovItemId="B14" Value="24"/>
<Cov CovItemId="B15" Value="24"/>
<Cov CovItemId="B18" Value="24"/>
<Cov CovItemId="B2" Value="24"/>
<Cov CovItemId="B34" Value="24"/>
<Cov CovItemId="B35" Value="8"/>
<Cov CovItemId="B36" Value="16"/>
<Cov CovItemId="B37" Value="8"/>
<Cov CovItemId="B40" Value="24"/>
<Cov CovItemId="B5" Value="24"/>
<Cov CovItemId="B9" Value="12"/>
<Cov CovItemId="S1" Value="24"/>
<Cov CovItemId="S10" Value="24"/>
<Cov CovItemId="S11" Value="24"/>
<Cov CovItemId="S12" Value="24"/>
<Cov CovItemId="S13" Value="24"/>
<Cov CovItemId="S14" Value="24"/>
<Cov CovItemId="S15" Value="24"/>
<Cov CovItemId="S16" Value="24"/>
<Cov CovItemId="S17" Value="24"/>
<Cov CovItemId="S18" Value="24"/>
<Cov CovItemId="S19" Value="24"/>
<Cov CovItemId="S2" Value="24"/>
<Cov CovItemId="S20" Value="24"/>
<Cov CovItemId="S21" Value="24"/>
<Cov CovItemId="S24" Value="24"/>
<Cov CovItemId="S25" Value="24"/>
<Cov CovItemId="S26" Value="24"/>
<Cov CovItemId="S3" Value="24"/>
<Cov CovItemId="S30" Value="24"/>
<Cov CovItemId="S31" Value="24"/>
<Cov CovItemId="S32" Value="24"/>
<Cov CovItemId="S33" Value="24"/>
<Cov CovItemId="S39" Value="24"/>
<Cov CovItemId="S4" Value="24"/>
<Cov CovItemId="S40" Value="12"/>
<Cov CovItemId="S41" Value="12"/>
<Cov CovItemId="S42" Value="24"/>
<Cov CovItemId="S43" Value="24"/>
<Cov CovItemId="S44" Value="24"/>
<Cov CovItemId="S45" Value="24"/>
<Cov CovItemId="S46" Value="24"/>
<Cov CovItemId="S48" Value="24"/>
<Cov CovItemId="S49" Value="24"/>
<Cov CovItemId="S5" Value="24"/>
<Cov CovItemId="S50" Value="24"/>
<Cov CovItemId="S6" Value="24"/>
<Cov CovItemId="S65" Value="24"/>
<Cov CovItemId="S67" Value="24"/>
<Cov CovItemId="S68" Value="8"/>
<Cov CovItemId="S69" Value="8"/>
<Cov CovItemId="S7" Value="24"/>
<Cov CovItemId="S70" Value="8"/>
<Cov CovItemId="S71" Value="24"/>
<Cov CovItemId="S73" Value="24"/>
<Cov CovItemId="S8" Value="24"/>
<Cov CovItemId="S9" Value="24"/>
</CovPrefix>
<CovPrefix CovItemPrefix="com.OriginalFiles.RemoteNXTFunctions.java">
<Cov CovItemId="B10" Value="30"/>
<Cov CovItemId="B11" Value="1"/>
<Cov CovItemId="B12" Value="29"/>
<Cov CovItemId="B13" Value="22"/>
<Cov CovItemId="B14" Value="7"/>
<Cov CovItemId="B5" Value="32"/>
<Cov CovItemId="B7" Value="1"/>
<Cov CovItemId="B8" Value="31"/>
<Cov CovItemId="B9" Value="1"/>
<Cov CovItemId="S162" Value="32"/>
<Cov CovItemId="S19" Value="32"/>
<Cov CovItemId="S20" Value="32"/>
<Cov CovItemId="S21" Value="32"/>
<Cov CovItemId="S22" Value="1"/>
<Cov CovItemId="S23" Value="31"/>
<Cov CovItemId="S24" Value="1"/>
<Cov CovItemId="S25" Value="30"/>
<Cov CovItemId="S26" Value="1"/>
<Cov CovItemId="S27" Value="29"/>
<Cov CovItemId="S28" Value="22"/>
<Cov CovItemId="S29" Value="7"/>
</CovPrefix>
</CovList>
<AssgnmntList>
<AssgnmntPrefix RootTermCovItemPrefix="com.OriginalFiles.Analyze.java">
<AssgnmntListEntry Length="6" RootTermCovItemId="C66">
<MapEntry BoolAssgnmnt="110222" Value="12"/>
<MapEntry BoolAssgnmnt="022222" Value="8"/>
<MapEntry BoolAssgnmnt="111111" Value="12"/>
</AssgnmntListEntry>
<AssgnmntListEntry Length="6" RootTermCovItemId="C67">
<MapEntry BoolAssgnmnt="022222" Value="8"/>
<MapEntry BoolAssgnmnt="111111" Value="12"/>
</AssgnmntListEntry>
<AssgnmntListEntry Length="6" RootTermCovItemId="C68">
<MapEntry BoolAssgnmnt="102222" Value="8"/>
</AssgnmntListEntry>
<AssgnmntListEntry Length="6" RootTermCovItemId="C69">
<MapEntry BoolAssgnmnt="102222" Value="8"/>
</AssgnmntListEntry>
</AssgnmntPrefix>
<AssgnmntPrefix RootTermCovItemPrefix="com.OriginalFiles.Board.java">
<AssgnmntListEntry Length="1" RootTermCovItemId="C31">
<MapEntry BoolAssgnmnt="0" Value="6"/>
<MapEntry BoolAssgnmnt="1" Value="42"/>
</AssgnmntListEntry>
<AssgnmntListEntry Length="1" RootTermCovItemId="C32">
<MapEntry BoolAssgnmnt="0" Value="24"/>
</AssgnmntListEntry>
<AssgnmntListEntry Length="1" RootTermCovItemId="C33">
<MapEntry BoolAssgnmnt="0" Value="8"/>
<MapEntry BoolAssgnmnt="1" Value="16"/>
</AssgnmntListEntry>
<AssgnmntListEntry Length="1" RootTermCovItemId="C34">
<MapEntry BoolAssgnmnt="0" Value="7"/>
<MapEntry BoolAssgnmnt="1" Value="17"/>
</AssgnmntListEntry>
<AssgnmntListEntry Length="1" RootTermCovItemId="C35">
<MapEntry BoolAssgnmnt="0" Value="24"/>
</AssgnmntListEntry>
<AssgnmntListEntry Length="5" RootTermCovItemId="C38">
<MapEntry BoolAssgnmnt="02002" Value="24"/>
<MapEntry BoolAssgnmnt="10122" Value="24"/>
<MapEntry BoolAssgnmnt="11220" Value="24"/>
<MapEntry BoolAssgnmnt="02010" Value="24"/>
</AssgnmntListEntry>
<AssgnmntListEntry Length="1" RootTermCovItemId="C39">
<MapEntry BoolAssgnmnt="0" Value="13"/>
<MapEntry BoolAssgnmnt="1" Value="35"/>
</AssgnmntListEntry>
<AssgnmntListEntry Length="1" RootTermCovItemId="C40">
<MapEntry BoolAssgnmnt="0" Value="35"/>
</AssgnmntListEntry>
<AssgnmntListEntry Length="2" RootTermCovItemId="C41">
<MapEntry BoolAssgnmnt="02" Value="35"/>
</AssgnmntListEntry>
<AssgnmntListEntry Length="1" RootTermCovItemId="C42">
<MapEntry BoolAssgnmnt="0" Value="32"/>
<MapEntry BoolAssgnmnt="1" Value="32"/>
</AssgnmntListEntry>
<AssgnmntListEntry Length="1" RootTermCovItemId="C43">
<MapEntry BoolAssgnmnt="0" Value="8"/>
<MapEntry BoolAssgnmnt="1" Value="24"/>
</AssgnmntListEntry>
<AssgnmntListEntry Length="1" RootTermCovItemId="C44">
<MapEntry BoolAssgnmnt="0" Value="12"/>
<MapEntry BoolAssgnmnt="1" Value="12"/>
</AssgnmntListEntry>
<AssgnmntListEntry Length="1" RootTermCovItemId="C46">
<MapEntry BoolAssgnmnt="0" Value="1"/>
<MapEntry BoolAssgnmnt="1" Value="8"/>
</AssgnmntListEntry>
<AssgnmntListEntry Length="1" RootTermCovItemId="C47">
<MapEntry BoolAssgnmnt="0" Value="4"/>
<MapEntry BoolAssgnmnt="1" Value="4"/>
</AssgnmntListEntry>
<AssgnmntListEntry Length="1" RootTermCovItemId="C48">
<MapEntry BoolAssgnmnt="0" Value="4"/>
<MapEntry BoolAssgnmnt="1" Value="32"/>
</AssgnmntListEntry>
<AssgnmntListEntry Length="1" RootTermCovItemId="C49">
<MapEntry BoolAssgnmnt="0" Value="16"/>
<MapEntry BoolAssgnmnt="1" Value="16"/>
</AssgnmntListEntry>
<AssgnmntListEntry Length="1" RootTermCovItemId="C50">
<MapEntry BoolAssgnmnt="0" Value="4"/>
<MapEntry BoolAssgnmnt="1" Value="32"/>
</AssgnmntListEntry>
<AssgnmntListEntry Length="1" RootTermCovItemId="C51">
<MapEntry BoolAssgnmnt="0" Value="16"/>
<MapEntry BoolAssgnmnt="1" Value="16"/>
</AssgnmntListEntry>
<AssgnmntListEntry Length="1" RootTermCovItemId="C52">
<MapEntry BoolAssgnmnt="0" Value="24"/>
<MapEntry BoolAssgnmnt="1" Value="8"/>
</AssgnmntListEntry>
<AssgnmntListEntry Length="1" RootTermCovItemId="C53">
<MapEntry BoolAssgnmnt="1" Value="59"/>
</AssgnmntListEntry>
<AssgnmntListEntry Length="1" RootTermCovItemId="C54">
<MapEntry BoolAssgnmnt="0" Value="47"/>
<MapEntry BoolAssgnmnt="1" Value="12"/>
</AssgnmntListEntry>
<AssgnmntListEntry Length="3" RootTermCovItemId="C55">
<MapEntry BoolAssgnmnt="002" Value="67"/>
<MapEntry BoolAssgnmnt="120" Value="36"/>
<MapEntry BoolAssgnmnt="121" Value="36"/>
</AssgnmntListEntry>
<AssgnmntListEntry Length="3" RootTermCovItemId="C56">
<MapEntry BoolAssgnmnt="002" Value="36"/>
<MapEntry BoolAssgnmnt="120" Value="43"/>
<MapEntry BoolAssgnmnt="121" Value="24"/>
</AssgnmntListEntry>
</AssgnmntPrefix>
<AssgnmntPrefix RootTermCovItemPrefix="com.OriginalFiles.Field.java">
<AssgnmntListEntry Length="1" RootTermCovItemId="C1">
<MapEntry BoolAssgnmnt="0" Value="24"/>
<MapEntry BoolAssgnmnt="1" Value="8"/>
</AssgnmntListEntry>
</AssgnmntPrefix>
<AssgnmntPrefix RootTermCovItemPrefix="com.OriginalFiles.Piece.java">
<AssgnmntListEntry Length="2" RootTermCovItemId="C1">
<MapEntry BoolAssgnmnt="10" Value="24"/>
</AssgnmntListEntry>
<AssgnmntListEntry Length="5" RootTermCovItemId="C17">
<MapEntry BoolAssgnmnt="00210" Value="12"/>
<MapEntry BoolAssgnmnt="01002" Value="12"/>
</AssgnmntListEntry>
<AssgnmntListEntry Length="5" RootTermCovItemId="C18">
<MapEntry BoolAssgnmnt="00210" Value="8"/>
<MapEntry BoolAssgnmnt="00211" Value="4"/>
<MapEntry BoolAssgnmnt="01002" Value="8"/>
<MapEntry BoolAssgnmnt="01122" Value="4"/>
</AssgnmntListEntry>
<AssgnmntListEntry Length="1" RootTermCovItemId="C19">
<MapEntry BoolAssgnmnt="1" Value="8"/>
</AssgnmntListEntry>
<AssgnmntListEntry Length="1" RootTermCovItemId="C20">
<MapEntry BoolAssgnmnt="0" Value="24"/>
</AssgnmntListEntry>
<AssgnmntListEntry Length="1" RootTermCovItemId="C3">
<MapEntry BoolAssgnmnt="1" Value="24"/>
</AssgnmntListEntry>
<AssgnmntListEntry Length="1" RootTermCovItemId="C5">
<MapEntry BoolAssgnmnt="0" Value="12"/>
<MapEntry BoolAssgnmnt="1" Value="12"/>
</AssgnmntListEntry>
<AssgnmntListEntry Length="1" RootTermCovItemId="C6">
<MapEntry BoolAssgnmnt="1" Value="24"/>
</AssgnmntListEntry>
<AssgnmntListEntry Length="1" RootTermCovItemId="C7">
<MapEntry BoolAssgnmnt="0" Value="24"/>
</AssgnmntListEntry>
<AssgnmntListEntry Length="1" RootTermCovItemId="C8">
<MapEntry BoolAssgnmnt="1" Value="24"/>
</AssgnmntListEntry>
<AssgnmntListEntry Length="1" RootTermCovItemId="C9">
<MapEntry BoolAssgnmnt="0" Value="24"/>
</AssgnmntListEntry>
</AssgnmntPrefix>
<AssgnmntPrefix RootTermCovItemPrefix="com.OriginalFiles.RemoteNXTFunctions.java">
<AssgnmntListEntry Length="1" RootTermCovItemId="C5">
<MapEntry BoolAssgnmnt="1" Value="32"/>
</AssgnmntListEntry>
<AssgnmntListEntry Length="2" RootTermCovItemId="C6">
<MapEntry BoolAssgnmnt="10" Value="3"/>
<MapEntry BoolAssgnmnt="02" Value="28"/>
<MapEntry BoolAssgnmnt="11" Value="1"/>
</AssgnmntListEntry>
<AssgnmntListEntry Length="2" RootTermCovItemId="C7">
<MapEntry BoolAssgnmnt="10" Value="3"/>
<MapEntry BoolAssgnmnt="02" Value="27"/>
<MapEntry BoolAssgnmnt="11" Value="1"/>
</AssgnmntListEntry>
<AssgnmntListEntry Length="2" RootTermCovItemId="C8">
<MapEntry BoolAssgnmnt="10" Value="3"/>
<MapEntry BoolAssgnmnt="02" Value="26"/>
<MapEntry BoolAssgnmnt="11" Value="1"/>
</AssgnmntListEntry>
<AssgnmntListEntry Length="1" RootTermCovItemId="C9">
<MapEntry BoolAssgnmnt="0" Value="7"/>
<MapEntry BoolAssgnmnt="1" Value="22"/>
</AssgnmntListEntry>
</AssgnmntPrefix>
</AssgnmntList>
<ObjMetaDataList/>
<MetaDataList/>
</TestCase>
<TestCase Comment="" Date="1386064083468" Name="com.Testing.BoardTest:testNewBoard">
<CovList>
<CovPrefix CovItemPrefix="com.OriginalFiles.Analyze.java">
<Cov CovItemId="B103" Value="1"/>
<Cov CovItemId="B104" Value="1"/>
<Cov CovItemId="B105" Value="1"/>
<Cov CovItemId="B107" Value="1"/>
<Cov CovItemId="B108" Value="1"/>
<Cov CovItemId="B109" Value="1"/>
<Cov CovItemId="S1" Value="2"/>
<Cov CovItemId="S191" Value="2"/>
<Cov CovItemId="S192" Value="2"/>
<Cov CovItemId="S193" Value="1"/>
<Cov CovItemId="S194" Value="1"/>
<Cov CovItemId="S195" Value="1"/>
<Cov CovItemId="S199" Value="2"/>
<Cov CovItemId="S2" Value="2"/>
<Cov CovItemId="S200" Value="2"/>
<Cov CovItemId="S201" Value="2"/>
<Cov CovItemId="S202" Value="2"/>
<Cov CovItemId="S203" Value="2"/>
<Cov CovItemId="S204" Value="1"/>
<Cov CovItemId="S205" Value="1"/>
<Cov CovItemId="S206" Value="1"/>
<Cov CovItemId="S3" Value="2"/>
<Cov CovItemId="S4" Value="2"/>
<Cov CovItemId="S5" Value="2"/>
</CovPrefix>
<CovPrefix CovItemPrefix="com.OriginalFiles.Board.java">
<Cov CovItemId="B1" Value="64"/>
<Cov CovItemId="B10" Value="16"/>
<Cov CovItemId="B2" Value="64"/>
<Cov CovItemId="B3" Value="24"/>
<Cov CovItemId="B4" Value="40"/>
<Cov CovItemId="B5" Value="8"/>
<Cov CovItemId="B6" Value="16"/>
<Cov CovItemId="B69" Value="1"/>
<Cov CovItemId="B7" Value="24"/>
<Cov CovItemId="B70" Value="1"/>
<Cov CovItemId="B8" Value="40"/>
<Cov CovItemId="B83" Value="48"/>
<Cov CovItemId="B84" Value="136"/>
<Cov CovItemId="B85" Value="48"/>
<Cov CovItemId="B86" Value="88"/>
<Cov CovItemId="B9" Value="8"/>
<Cov CovItemId="L1-2" Value="2"/>
<Cov CovItemId="L2-2" Value="16"/>
<Cov CovItemId="L3-2" Value="2"/>
<Cov CovItemId="L4-2" Value="2"/>
<Cov CovItemId="L5-2" Value="2"/>
<Cov CovItemId="L6-2" Value="6"/>
<Cov CovItemId="L7-2" Value="2"/>
<Cov CovItemId="L8-2" Value="4"/>
<Cov CovItemId="S1" Value="2"/>
<Cov CovItemId="S10" Value="2"/>
<Cov CovItemId="S11" Value="16"/>
<Cov CovItemId="S12" Value="128"/>
<Cov CovItemId="S13" Value="128"/>
<Cov CovItemId="S14" Value="128"/>
<Cov CovItemId="S15" Value="128"/>
<Cov CovItemId="S152" Value="2"/>
<Cov CovItemId="S153" Value="1"/>
<Cov CovItemId="S154" Value="1"/>
<Cov CovItemId="S155" Value="1"/>
<Cov CovItemId="S156" Value="1"/>
<Cov CovItemId="S16" Value="64"/>
<Cov CovItemId="S17" Value="64"/>
<Cov CovItemId="S18" Value="64"/>
<Cov CovItemId="S180" Value="184"/>
<Cov CovItemId="S181" Value="48"/>
<Cov CovItemId="S182" Value="136"/>
<Cov CovItemId="S183" Value="48"/>
<Cov CovItemId="S184" Value="88"/>
<Cov CovItemId="S185" Value="160"/>
<Cov CovItemId="S19" Value="24"/>
<Cov CovItemId="S2" Value="2"/>
<Cov CovItemId="S20" Value="24"/>
<Cov CovItemId="S21" Value="24"/>
<Cov CovItemId="S22" Value="8"/>
<Cov CovItemId="S23" Value="64"/>
<Cov CovItemId="S24" Value="24"/>
<Cov CovItemId="S25" Value="24"/>
<Cov CovItemId="S26" Value="24"/>
<Cov CovItemId="S27" Value="8"/>
<Cov CovItemId="S28" Value="64"/>
<Cov CovItemId="S29" Value="64"/>
<Cov CovItemId="S3" Value="2"/>
<Cov CovItemId="S30" Value="128"/>
<Cov CovItemId="S31" Value="2"/>
<Cov CovItemId="S32" Value="16"/>
<Cov CovItemId="S33" Value="16"/>
<Cov CovItemId="S34" Value="16"/>
<Cov CovItemId="S35" Value="16"/>
<Cov CovItemId="S36" Value="16"/>
<Cov CovItemId="S37" Value="16"/>
<Cov CovItemId="S38" Value="16"/>
<Cov CovItemId="S39" Value="16"/>
<Cov CovItemId="S4" Value="2"/>
<Cov CovItemId="S40" Value="2"/>
<Cov CovItemId="S41" Value="16"/>
<Cov CovItemId="S42" Value="16"/>
<Cov CovItemId="S43" Value="16"/>
<Cov CovItemId="S44" Value="16"/>
<Cov CovItemId="S45" Value="16"/>
<Cov CovItemId="S46" Value="16"/>
<Cov CovItemId="S47" Value="16"/>
<Cov CovItemId="S48" Value="16"/>
<Cov CovItemId="S49" Value="2"/>
<Cov CovItemId="S5" Value="2"/>
<Cov CovItemId="S50" Value="6"/>
<Cov CovItemId="S51" Value="48"/>
<Cov CovItemId="S52" Value="48"/>
<Cov CovItemId="S53" Value="48"/>
<Cov CovItemId="S54" Value="48"/>
<Cov CovItemId="S55" Value="2"/>
<Cov CovItemId="S56" Value="4"/>
<Cov CovItemId="S57" Value="32"/>
<Cov CovItemId="S58" Value="32"/>
<Cov CovItemId="S59" Value="32"/>
<Cov CovItemId="S6" Value="2"/>
<Cov CovItemId="S60" Value="32"/>
<Cov CovItemId="S7" Value="2"/>
<Cov CovItemId="S8" Value="2"/>
<Cov CovItemId="S9" Value="2"/>
</CovPrefix>
<CovPrefix CovItemPrefix="com.OriginalFiles.Field.java">
<Cov CovItemId="B1" Value="80"/>
<Cov CovItemId="B2" Value="16"/>
<Cov CovItemId="S1" Value="240"/>
<Cov CovItemId="S2" Value="240"/>
<Cov CovItemId="S5" Value="96"/>
<Cov CovItemId="S6" Value="96"/>
<Cov CovItemId="S7" Value="80"/>
<Cov CovItemId="S8" Value="2"/>
<Cov CovItemId="S9" Value="96"/>
</CovPrefix>
<CovPrefix CovItemPrefix="com.OriginalFiles.Piece.java">
<Cov CovItemId="B10" Value="24"/>
<Cov CovItemId="B11" Value="48"/>
<Cov CovItemId="B12" Value="32"/>
<Cov CovItemId="B14" Value="48"/>
<Cov CovItemId="B15" Value="48"/>
<Cov CovItemId="B18" Value="48"/>
<Cov CovItemId="B2" Value="80"/>
<Cov CovItemId="B34" Value="48"/>
<Cov CovItemId="B35" Value="16"/>
<Cov CovItemId="B36" Value="32"/>
<Cov CovItemId="B37" Value="16"/>
<Cov CovItemId="B40" Value="48"/>
<Cov CovItemId="B5" Value="48"/>
<Cov CovItemId="B6" Value="32"/>
<Cov CovItemId="B9" Value="24"/>
<Cov CovItemId="S1" Value="80"/>
<Cov CovItemId="S10" Value="80"/>
<Cov CovItemId="S11" Value="80"/>
<Cov CovItemId="S12" Value="80"/>
<Cov CovItemId="S13" Value="80"/>
<Cov CovItemId="S14" Value="80"/>
<Cov CovItemId="S15" Value="80"/>
<Cov CovItemId="S16" Value="80"/>
<Cov CovItemId="S17" Value="80"/>
<Cov CovItemId="S18" Value="80"/>
<Cov CovItemId="S19" Value="80"/>
<Cov CovItemId="S2" Value="80"/>
<Cov CovItemId="S20" Value="80"/>
<Cov CovItemId="S21" Value="80"/>
<Cov CovItemId="S24" Value="80"/>
<Cov CovItemId="S25" Value="80"/>
<Cov CovItemId="S26" Value="80"/>
<Cov CovItemId="S3" Value="80"/>
<Cov CovItemId="S30" Value="80"/>
<Cov CovItemId="S31" Value="80"/>
<Cov CovItemId="S32" Value="80"/>
<Cov CovItemId="S33" Value="48"/>
<Cov CovItemId="S34" Value="32"/>
<Cov CovItemId="S35" Value="32"/>
<Cov CovItemId="S39" Value="48"/>
<Cov CovItemId="S4" Value="80"/>
<Cov CovItemId="S40" Value="24"/>
<Cov CovItemId="S41" Value="24"/>
<Cov CovItemId="S42" Value="80"/>
<Cov CovItemId="S43" Value="80"/>
<Cov CovItemId="S44" Value="48"/>
<Cov CovItemId="S45" Value="48"/>
<Cov CovItemId="S46" Value="48"/>
<Cov CovItemId="S48" Value="48"/>
<Cov CovItemId="S49" Value="48"/>
<Cov CovItemId="S5" Value="80"/>
<Cov CovItemId="S50" Value="48"/>
<Cov CovItemId="S6" Value="80"/>
<Cov CovItemId="S65" Value="48"/>
<Cov CovItemId="S67" Value="48"/>
<Cov CovItemId="S68" Value="16"/>
<Cov CovItemId="S69" Value="16"/>
<Cov CovItemId="S7" Value="80"/>
<Cov CovItemId="S70" Value="16"/>
<Cov CovItemId="S71" Value="48"/>
<Cov CovItemId="S73" Value="48"/>
<Cov CovItemId="S8" Value="80"/>
<Cov CovItemId="S9" Value="80"/>
</CovPrefix>
<CovPrefix CovItemPrefix="com.OriginalFiles.RemoteNXTFunctions.java">
<Cov CovItemId="B16" Value="1"/>
<Cov CovItemId="B24" Value="1"/>
<Cov CovItemId="B32" Value="1"/>
<Cov CovItemId="B40" Value="1"/>
<Cov CovItemId="B5" Value="1"/>
<Cov CovItemId="B50" Value="1"/>
<Cov CovItemId="B55" Value="1"/>
<Cov CovItemId="B57" Value="1"/>
<Cov CovItemId="B6" Value="1"/>
<Cov CovItemId="B7" Value="1"/>
<Cov CovItemId="S1" Value="1"/>
<Cov CovItemId="S162" Value="2"/>
<Cov CovItemId="S19" Value="2"/>
<Cov CovItemId="S2" Value="1"/>
<Cov CovItemId="S20" Value="2"/>
<Cov CovItemId="S21" Value="1"/>
<Cov CovItemId="S22" Value="1"/>
<Cov CovItemId="S3" Value="1"/>
<Cov CovItemId="S30" Value="1"/>
<Cov CovItemId="S38" Value="1"/>
<Cov CovItemId="S46" Value="1"/>
<Cov CovItemId="S54" Value="1"/>
<Cov CovItemId="S64" Value="1"/>
<Cov CovItemId="S70" Value="1"/>
<Cov CovItemId="S71" Value="1"/>
<Cov CovItemId="S72" Value="1"/>
</CovPrefix>
</CovList>
<AssgnmntList>
<AssgnmntPrefix RootTermCovItemPrefix="com.OriginalFiles.Analyze.java">
<AssgnmntListEntry Length="1" RootTermCovItemId="C64">
<MapEntry BoolAssgnmnt="0" Value="1"/>
<MapEntry BoolAssgnmnt="1" Value="1"/>
</AssgnmntListEntry>
<AssgnmntListEntry Length="1" RootTermCovItemId="C65">
<MapEntry BoolAssgnmnt="1" Value="1"/>
</AssgnmntListEntry>
<AssgnmntListEntry Length="6" RootTermCovItemId="C66">
<MapEntry BoolAssgnmnt="110222" Value="1"/>
<MapEntry BoolAssgnmnt="111111" Value="1"/>
</AssgnmntListEntry>
<AssgnmntListEntry Length="6" RootTermCovItemId="C67">
<MapEntry BoolAssgnmnt="111111" Value="1"/>
</AssgnmntListEntry>
</AssgnmntPrefix>
<AssgnmntPrefix RootTermCovItemPrefix="com.OriginalFiles.Board.java">
<AssgnmntListEntry Length="1" RootTermCovItemId="C1">
<MapEntry BoolAssgnmnt="0" Value="2"/>
<MapEntry BoolAssgnmnt="1" Value="16"/>
</AssgnmntListEntry>
<AssgnmntListEntry Length="1" RootTermCovItemId="C10">
<MapEntry BoolAssgnmnt="0" Value="2"/>
<MapEntry BoolAssgnmnt="1" Value="6"/>
</AssgnmntListEntry>
<AssgnmntListEntry Length="1" RootTermCovItemId="C11">
<MapEntry BoolAssgnmnt="0" Value="6"/>
<MapEntry BoolAssgnmnt="1" Value="48"/>
</AssgnmntListEntry>
<AssgnmntListEntry Length="1" RootTermCovItemId="C12">
<MapEntry BoolAssgnmnt="0" Value="2"/>
<MapEntry BoolAssgnmnt="1" Value="4"/>
</AssgnmntListEntry>
<AssgnmntListEntry Length="1" RootTermCovItemId="C13">
<MapEntry BoolAssgnmnt="0" Value="4"/>
<MapEntry BoolAssgnmnt="1" Value="32"/>
</AssgnmntListEntry>
<AssgnmntListEntry Length="1" RootTermCovItemId="C2">
<MapEntry BoolAssgnmnt="0" Value="16"/>
<MapEntry BoolAssgnmnt="1" Value="128"/>
</AssgnmntListEntry>
<AssgnmntListEntry Length="1" RootTermCovItemId="C3">
<MapEntry BoolAssgnmnt="0" Value="64"/>
<MapEntry BoolAssgnmnt="1" Value="64"/>
</AssgnmntListEntry>
<AssgnmntListEntry Length="1" RootTermCovItemId="C4">
<MapEntry BoolAssgnmnt="0" Value="40"/>
<MapEntry BoolAssgnmnt="1" Value="24"/>
</AssgnmntListEntry>
<AssgnmntListEntry Length="1" RootTermCovItemId="C45">
<MapEntry BoolAssgnmnt="0" Value="1"/>
<MapEntry BoolAssgnmnt="1" Value="1"/>
</AssgnmntListEntry>
<AssgnmntListEntry Length="1" RootTermCovItemId="C5">
<MapEntry BoolAssgnmnt="0" Value="16"/>
<MapEntry BoolAssgnmnt="1" Value="8"/>
</AssgnmntListEntry>
<AssgnmntListEntry Length="3" RootTermCovItemId="C55">
<MapEntry BoolAssgnmnt="002" Value="88"/>
<MapEntry BoolAssgnmnt="120" Value="48"/>
<MapEntry BoolAssgnmnt="121" Value="48"/>
</AssgnmntListEntry>
<AssgnmntListEntry Length="3" RootTermCovItemId="C56">
<MapEntry BoolAssgnmnt="002" Value="48"/>
<MapEntry BoolAssgnmnt="120" Value="40"/>
<MapEntry BoolAssgnmnt="121" Value="48"/>
</AssgnmntListEntry>
<AssgnmntListEntry Length="1" RootTermCovItemId="C6">
<MapEntry BoolAssgnmnt="0" Value="40"/>
<MapEntry BoolAssgnmnt="1" Value="24"/>
</AssgnmntListEntry>
<AssgnmntListEntry Length="1" RootTermCovItemId="C7">
<MapEntry BoolAssgnmnt="0" Value="16"/>
<MapEntry BoolAssgnmnt="1" Value="8"/>
</AssgnmntListEntry>
<AssgnmntListEntry Length="1" RootTermCovItemId="C8">
<MapEntry BoolAssgnmnt="0" Value="2"/>
<MapEntry BoolAssgnmnt="1" Value="16"/>
</AssgnmntListEntry>
<AssgnmntListEntry Length="1" RootTermCovItemId="C9">
<MapEntry BoolAssgnmnt="0" Value="2"/>
<MapEntry BoolAssgnmnt="1" Value="16"/>
</AssgnmntListEntry>
</AssgnmntPrefix>
<AssgnmntPrefix RootTermCovItemPrefix="com.OriginalFiles.Field.java">
<AssgnmntListEntry Length="1" RootTermCovItemId="C1">
<MapEntry BoolAssgnmnt="0" Value="80"/>
<MapEntry BoolAssgnmnt="1" Value="16"/>
</AssgnmntListEntry>
</AssgnmntPrefix>
<AssgnmntPrefix RootTermCovItemPrefix="com.OriginalFiles.Piece.java">
<AssgnmntListEntry Length="2" RootTermCovItemId="C1">
<MapEntry BoolAssgnmnt="10" Value="48"/>
<MapEntry BoolAssgnmnt="02" Value="32"/>
</AssgnmntListEntry>
<AssgnmntListEntry Length="5" RootTermCovItemId="C17">
<MapEntry BoolAssgnmnt="00210" Value="24"/>
<MapEntry BoolAssgnmnt="01002" Value="24"/>
</AssgnmntListEntry>
<AssgnmntListEntry Length="5" RootTermCovItemId="C18">
<MapEntry BoolAssgnmnt="00210" Value="16"/>
<MapEntry BoolAssgnmnt="00211" Value="8"/>
<MapEntry BoolAssgnmnt="01002" Value="16"/>
<MapEntry BoolAssgnmnt="01122" Value="8"/>
</AssgnmntListEntry>
<AssgnmntListEntry Length="1" RootTermCovItemId="C19">
<MapEntry BoolAssgnmnt="1" Value="16"/>
</AssgnmntListEntry>
<AssgnmntListEntry Length="1" RootTermCovItemId="C20">
<MapEntry BoolAssgnmnt="0" Value="48"/>
</AssgnmntListEntry>
<AssgnmntListEntry Length="1" RootTermCovItemId="C3">
<MapEntry BoolAssgnmnt="0" Value="32"/>
<MapEntry BoolAssgnmnt="1" Value="48"/>
</AssgnmntListEntry>
<AssgnmntListEntry Length="1" RootTermCovItemId="C5">
<MapEntry BoolAssgnmnt="0" Value="24"/>
<MapEntry BoolAssgnmnt="1" Value="24"/>
</AssgnmntListEntry>
<AssgnmntListEntry Length="1" RootTermCovItemId="C6">
<MapEntry BoolAssgnmnt="0" Value="32"/>
<MapEntry BoolAssgnmnt="1" Value="48"/>
</AssgnmntListEntry>
<AssgnmntListEntry Length="1" RootTermCovItemId="C7">
<MapEntry BoolAssgnmnt="0" Value="48"/>
</AssgnmntListEntry>
<AssgnmntListEntry Length="1" RootTermCovItemId="C8">
<MapEntry BoolAssgnmnt="1" Value="48"/>
</AssgnmntListEntry>
<AssgnmntListEntry Length="1" RootTermCovItemId="C9">
<MapEntry BoolAssgnmnt="0" Value="48"/>
</AssgnmntListEntry>
</AssgnmntPrefix>
<AssgnmntPrefix RootTermCovItemPrefix="com.OriginalFiles.RemoteNXTFunctions.java">
<AssgnmntListEntry Length="1" RootTermCovItemId="C10">
<MapEntry BoolAssgnmnt="0" Value="1"/>
</AssgnmntListEntry>
<AssgnmntListEntry Length="1" RootTermCovItemId="C14">
<MapEntry BoolAssgnmnt="0" Value="1"/>
</AssgnmntListEntry>
<AssgnmntListEntry Length="1" RootTermCovItemId="C18">
<MapEntry BoolAssgnmnt="0" Value="1"/>
</AssgnmntListEntry>
<AssgnmntListEntry Length="1" RootTermCovItemId="C22">
<MapEntry BoolAssgnmnt="0" Value="1"/>
</AssgnmntListEntry>
<AssgnmntListEntry Length="1" RootTermCovItemId="C27">
<MapEntry BoolAssgnmnt="0" Value="1"/>
</AssgnmntListEntry>
<AssgnmntListEntry Length="1" RootTermCovItemId="C30">
<MapEntry BoolAssgnmnt="1" Value="1"/>
</AssgnmntListEntry>
<AssgnmntListEntry Length="2" RootTermCovItemId="C31">
<MapEntry BoolAssgnmnt="11" Value="1"/>
</AssgnmntListEntry>
<AssgnmntListEntry Length="1" RootTermCovItemId="C5">
<MapEntry BoolAssgnmnt="0" Value="1"/>
<MapEntry BoolAssgnmnt="1" Value="1"/>
</AssgnmntListEntry>
<AssgnmntListEntry Length="2" RootTermCovItemId="C6">
<MapEntry BoolAssgnmnt="11" Value="1"/>
</AssgnmntListEntry>
</AssgnmntPrefix>
</AssgnmntList>
<ObjMetaDataList/>
<MetaDataList/>
</TestCase>
<TestCase Comment="" Date="1386064083468" Name="com.Testing.PieceTest:testGetSetXY">
<CovList>
<CovPrefix CovItemPrefix="com.OriginalFiles.Board.java">
<Cov CovItemId="B84" Value="4"/>
<Cov CovItemId="B86" Value="4"/>
<Cov CovItemId="S180" Value="4"/>
<Cov CovItemId="S182" Value="4"/>
<Cov CovItemId="S184" Value="4"/>
<Cov CovItemId="S185" Value="2"/>
</CovPrefix>
<CovPrefix CovItemPrefix="com.OriginalFiles.Piece.java">
<Cov CovItemId="B10" Value="1"/>
<Cov CovItemId="B11" Value="1"/>
<Cov CovItemId="B14" Value="1"/>
<Cov CovItemId="B15" Value="1"/>
<Cov CovItemId="B18" Value="1"/>
<Cov CovItemId="B2" Value="1"/>
<Cov CovItemId="B34" Value="1"/>
<Cov CovItemId="B36" Value="1"/>
<Cov CovItemId="B40" Value="1"/>
<Cov CovItemId="B5" Value="1"/>
<Cov CovItemId="S22" Value="1"/>
<Cov CovItemId="S23" Value="1"/>
<Cov CovItemId="S24" Value="1"/>
<Cov CovItemId="S25" Value="1"/>
<Cov CovItemId="S26" Value="1"/>
<Cov CovItemId="S30" Value="1"/>
<Cov CovItemId="S31" Value="1"/>
<Cov CovItemId="S32" Value="1"/>
<Cov CovItemId="S33" Value="1"/>
<Cov CovItemId="S39" Value="1"/>
<Cov CovItemId="S41" Value="1"/>
<Cov CovItemId="S42" Value="1"/>
<Cov CovItemId="S43" Value="1"/>
<Cov CovItemId="S44" Value="1"/>
<Cov CovItemId="S45" Value="1"/>
<Cov CovItemId="S46" Value="1"/>
<Cov CovItemId="S48" Value="1"/>
<Cov CovItemId="S49" Value="1"/>
<Cov CovItemId="S50" Value="1"/>
<Cov CovItemId="S65" Value="1"/>
<Cov CovItemId="S67" Value="1"/>
<Cov CovItemId="S71" Value="1"/>
<Cov CovItemId="S73" Value="1"/>
</CovPrefix>
</CovList>
<AssgnmntList>
<AssgnmntPrefix RootTermCovItemPrefix="com.OriginalFiles.Board.java">
<AssgnmntListEntry Length="3" RootTermCovItemId="C55">
<MapEntry BoolAssgnmnt="002" Value="4"/>
</AssgnmntListEntry>
<AssgnmntListEntry Length="3" RootTermCovItemId="C56">
<MapEntry BoolAssgnmnt="002" Value="4"/>
</AssgnmntListEntry>
</AssgnmntPrefix>
<AssgnmntPrefix RootTermCovItemPrefix="com.OriginalFiles.Piece.java">
<AssgnmntListEntry Length="2" RootTermCovItemId="C1">
<MapEntry BoolAssgnmnt="10" Value="1"/>
</AssgnmntListEntry>
<AssgnmntListEntry Length="5" RootTermCovItemId="C17">
<MapEntry BoolAssgnmnt="00202" Value="1"/>
</AssgnmntListEntry>
<AssgnmntListEntry Length="5" RootTermCovItemId="C18">
<MapEntry BoolAssgnmnt="00202" Value="1"/>
</AssgnmntListEntry>
<AssgnmntListEntry Length="1" RootTermCovItemId="C20">
<MapEntry BoolAssgnmnt="0" Value="1"/>
</AssgnmntListEntry>
<AssgnmntListEntry Length="1" RootTermCovItemId="C3">
<MapEntry BoolAssgnmnt="1" Value="1"/>
</AssgnmntListEntry>
<AssgnmntListEntry Length="1" RootTermCovItemId="C5">
<MapEntry BoolAssgnmnt="0" Value="1"/>
</AssgnmntListEntry>
<AssgnmntListEntry Length="1" RootTermCovItemId="C6">
<MapEntry BoolAssgnmnt="1" Value="1"/>
</AssgnmntListEntry>
<AssgnmntListEntry Length="1" RootTermCovItemId="C7">
<MapEntry BoolAssgnmnt="0" Value="1"/>
</AssgnmntListEntry>
<AssgnmntListEntry Length="1" RootTermCovItemId="C8">
<MapEntry BoolAssgnmnt="1" Value="1"/>
</AssgnmntListEntry>
<AssgnmntListEntry Length="1" RootTermCovItemId="C9">
<MapEntry BoolAssgnmnt="0" Value="1"/>
</AssgnmntListEntry>
</AssgnmntPrefix>
</AssgnmntList>
<ObjMetaDataList/>
<MetaDataList/>
</TestCase>
<TestCase Comment="" Date="1386064083469" Name="com.Testing.PieceTest:testIsOnBoard">
<CovList>
<CovPrefix CovItemPrefix="com.OriginalFiles.Board.java">
<Cov CovItemId="B84" Value="4"/>
<Cov CovItemId="B86" Value="4"/>
<Cov CovItemId="S180" Value="4"/>
<Cov CovItemId="S182" Value="4"/>
<Cov CovItemId="S184" Value="4"/>
<Cov CovItemId="S185" Value="4"/>
</CovPrefix>
<CovPrefix CovItemPrefix="com.OriginalFiles.Piece.java">
<Cov CovItemId="B10" Value="1"/>
<Cov CovItemId="B11" Value="1"/>
<Cov CovItemId="B12" Value="1"/>
<Cov CovItemId="B14" Value="1"/>
<Cov CovItemId="B15" Value="1"/>
<Cov CovItemId="B18" Value="1"/>
<Cov CovItemId="B2" Value="2"/>
<Cov CovItemId="B34" Value="1"/>
<Cov CovItemId="B36" Value="1"/>
<Cov CovItemId="B40" Value="1"/>
<Cov CovItemId="B5" Value="1"/>
<Cov CovItemId="B6" Value="1"/>
<Cov CovItemId="B8" Value="2"/>
<Cov CovItemId="S24" Value="2"/>
<Cov CovItemId="S25" Value="2"/>
<Cov CovItemId="S26" Value="2"/>
<Cov CovItemId="S30" Value="2"/>
<Cov CovItemId="S31" Value="2"/>
<Cov CovItemId="S32" Value="2"/>
<Cov CovItemId="S33" Value="1"/>
<Cov CovItemId="S34" Value="1"/>
<Cov CovItemId="S35" Value="1"/>
<Cov CovItemId="S36" Value="2"/>
<Cov CovItemId="S38" Value="2"/>
<Cov CovItemId="S39" Value="1"/>
<Cov CovItemId="S41" Value="1"/>
<Cov CovItemId="S42" Value="2"/>
<Cov CovItemId="S43" Value="2"/>
<Cov CovItemId="S44" Value="1"/>
<Cov CovItemId="S45" Value="1"/>
<Cov CovItemId="S46" Value="1"/>
<Cov CovItemId="S48" Value="1"/>
<Cov CovItemId="S49" Value="1"/>
<Cov CovItemId="S50" Value="1"/>
<Cov CovItemId="S65" Value="1"/>
<Cov CovItemId="S67" Value="1"/>
<Cov CovItemId="S71" Value="1"/>
<Cov CovItemId="S73" Value="1"/>
</CovPrefix>
</CovList>
<AssgnmntList>
<AssgnmntPrefix RootTermCovItemPrefix="com.OriginalFiles.Board.java">
<AssgnmntListEntry Length="3" RootTermCovItemId="C55">
<MapEntry BoolAssgnmnt="002" Value="4"/>
</AssgnmntListEntry>
<AssgnmntListEntry Length="3" RootTermCovItemId="C56">
<MapEntry BoolAssgnmnt="002" Value="4"/>
</AssgnmntListEntry>
</AssgnmntPrefix>
<AssgnmntPrefix RootTermCovItemPrefix="com.OriginalFiles.Piece.java">
<AssgnmntListEntry Length="2" RootTermCovItemId="C1">
<MapEntry BoolAssgnmnt="10" Value="1"/>
<MapEntry BoolAssgnmnt="02" Value="1"/>
</AssgnmntListEntry>
<AssgnmntListEntry Length="5" RootTermCovItemId="C17">
<MapEntry BoolAssgnmnt="00202" Value="1"/>
</AssgnmntListEntry>
<AssgnmntListEntry Length="5" RootTermCovItemId="C18">
<MapEntry BoolAssgnmnt="00202" Value="1"/>
</AssgnmntListEntry>
<AssgnmntListEntry Length="1" RootTermCovItemId="C20">
<MapEntry BoolAssgnmnt="0" Value="1"/>
</AssgnmntListEntry>
<AssgnmntListEntry Length="1" RootTermCovItemId="C3">
<MapEntry BoolAssgnmnt="0" Value="1"/>
<MapEntry BoolAssgnmnt="1" Value="1"/>
</AssgnmntListEntry>
<AssgnmntListEntry Length="2" RootTermCovItemId="C4">
<MapEntry BoolAssgnmnt="00" Value="2"/>
</AssgnmntListEntry>
<AssgnmntListEntry Length="1" RootTermCovItemId="C5">
<MapEntry BoolAssgnmnt="0" Value="1"/>
</AssgnmntListEntry>
<AssgnmntListEntry Length="1" RootTermCovItemId="C6">
<MapEntry BoolAssgnmnt="0" Value="1"/>
<MapEntry BoolAssgnmnt="1" Value="1"/>
</AssgnmntListEntry>
<AssgnmntListEntry Length="1" RootTermCovItemId="C7">
<MapEntry BoolAssgnmnt="0" Value="1"/>
</AssgnmntListEntry>
<AssgnmntListEntry Length="1" RootTermCovItemId="C8">
<MapEntry BoolAssgnmnt="1" Value="1"/>
</AssgnmntListEntry>
<AssgnmntListEntry Length="1" RootTermCovItemId="C9">
<MapEntry BoolAssgnmnt="0" Value="1"/>
</AssgnmntListEntry>
</AssgnmntPrefix>
</AssgnmntList>
<ObjMetaDataList/>
<MetaDataList/>
</TestCase>
<TestCase Comment="Failure&#10;java.lang.AssertionError&#13;&#10;&#9;at org.junit.Assert.fail(Assert.java:86)&#13;&#10;&#9;at org.junit.Assert.assertTrue(Assert.java:41)&#13;&#10;&#9;at org.junit.Assert.assertTrue(Assert.java:52)&#13;&#10;&#9;at com.Testing.PieceTest.testPriceForPieceValue(PieceTest.java:77)&#13;&#10;&#9;at sun.reflect.NativeMethodAccessorImpl.invoke0(Native Method)&#13;&#10;&#9;at sun.reflect.NativeMethodAccessorImpl.invoke(Unknown Source)&#13;&#10;&#9;at sun.reflect.DelegatingMethodAccessorImpl.invoke(Unknown Source)&#13;&#10;&#9;at java.lang.reflect.Method.invoke(Unknown Source)&#13;&#10;&#9;at org.junit.runners.model.FrameworkMethod$1.runReflectiveCall(FrameworkMethod.java:47)&#13;&#10;&#9;at org.junit.internal.runners.model.ReflectiveCallable.run(ReflectiveCallable.java:12)&#13;&#10;&#9;at org.junit.runners.model.FrameworkMethod.invokeExplosively(FrameworkMethod.java:44)&#13;&#10;&#9;at org.junit.internal.runners.statements.InvokeMethod.evaluate(InvokeMethod.java:17)&#13;&#10;&#9;at org.junit.runners.ParentRunner.runLeaf(ParentRunner.java:271)&#13;&#10;&#9;at org.junit.runners.BlockJUnit4ClassRunner.runChild(BlockJUnit4ClassRunner.java:70)&#13;&#10;&#9;at org.junit.runners.BlockJUnit4ClassRunner.runChild(BlockJUnit4ClassRunner.java:50)&#13;&#10;&#9;at org.junit.runners.ParentRunner$3.run(ParentRunner.java:238)&#13;&#10;&#9;at org.junit.runners.ParentRunner$1.schedule(ParentRunner.java:63)&#13;&#10;&#9;at org.junit.runners.ParentRunner.runChildren(ParentRunner.java:236)&#13;&#10;&#9;at org.junit.runners.ParentRunner.access$000(ParentRunner.java:53)&#13;&#10;&#9;at org.junit.runners.ParentRunner$2.evaluate(ParentRunner.java:229)&#13;&#10;&#9;at org.junit.runners.ParentRunner.run(ParentRunner.java:309)&#13;&#10;&#9;at org.eclipse.jdt.internal.junit4.runner.JUnit4TestReference.run(JUnit4TestReference.java:50)&#13;&#10;&#9;at org.eclipse.jdt.internal.junit.runner.TestExecution.run(TestExecution.java:38)&#13;&#10;&#9;at org.eclipse.jdt.internal.junit.runner.RemoteTestRunner.runTests(RemoteTestRunner.java:467)&#13;&#10;&#9;at org.eclipse.jdt.internal.junit.runner.RemoteTestRunner.runTests(RemoteTestRunner.java:683)&#13;&#10;&#9;at org.eclipse.jdt.internal.junit.runner.RemoteTestRunner.run(RemoteTestRunner.java:390)&#13;&#10;&#9;at org.codecover.juniteclipse.runner.EclipseTestRunner.main(EclipseTestRunner.java:40)" Date="1386064083469" Name="com.Testing.PieceTest:testPriceForPieceValue">
<CovList>
<CovPrefix CovItemPrefix="com.OriginalFiles.Analyze.java">
<Cov CovItemId="B157" Value="5"/>
<Cov CovItemId="S267" Value="5"/>
<Cov CovItemId="S269" Value="5"/>
</CovPrefix>
<CovPrefix CovItemPrefix="com.OriginalFiles.Board.java">
<Cov CovItemId="B79" Value="1264"/>
<Cov CovItemId="B81" Value="42"/>
<Cov CovItemId="B82" Value="1222"/>
<Cov CovItemId="B83" Value="8"/>
<Cov CovItemId="B84" Value="1346"/>
<Cov CovItemId="B85" Value="1119"/>
<Cov CovItemId="B86" Value="227"/>
<Cov CovItemId="S176" Value="1264"/>
<Cov CovItemId="S177" Value="1264"/>
<Cov CovItemId="S178" Value="42"/>
<Cov CovItemId="S179" Value="1222"/>
<Cov CovItemId="S180" Value="1354"/>
<Cov CovItemId="S181" Value="8"/>
<Cov CovItemId="S182" Value="1346"/>
<Cov CovItemId="S183" Value="1119"/>
<Cov CovItemId="S184" Value="227"/>
<Cov CovItemId="S185" Value="4410"/>
</CovPrefix>
<CovPrefix CovItemPrefix="com.OriginalFiles.Field.java">
<Cov CovItemId="B1" Value="5"/>
<Cov CovItemId="B2" Value="2"/>
<Cov CovItemId="S13" Value="128"/>
<Cov CovItemId="S5" Value="7"/>
<Cov CovItemId="S6" Value="7"/>
<Cov CovItemId="S7" Value="5"/>
<Cov CovItemId="S8" Value="50"/>
<Cov CovItemId="S9" Value="1282"/>
</CovPrefix>
<CovPrefix CovItemPrefix="com.OriginalFiles.Piece.java">
<Cov CovItemId="B1" Value="1"/>
<Cov CovItemId="B10" Value="3"/>
<Cov CovItemId="B11" Value="13"/>
<Cov CovItemId="B13" Value="2"/>
<Cov CovItemId="B14" Value="11"/>
<Cov CovItemId="B15" Value="8"/>
<Cov CovItemId="B16" Value="5"/>
<Cov CovItemId="B17" Value="5"/>
<Cov CovItemId="B18" Value="8"/>
<Cov CovItemId="B19" Value="5"/>
<Cov CovItemId="B2" Value="7"/>
<Cov CovItemId="B21" Value="3"/>
<Cov CovItemId="B22" Value="2"/>
<Cov CovItemId="B23" Value="1"/>
<Cov CovItemId="B24" Value="2"/>
<Cov CovItemId="B25" Value="5"/>
<Cov CovItemId="B28" Value="5"/>
<Cov CovItemId="B30" Value="5"/>
<Cov CovItemId="B32" Value="5"/>
<Cov CovItemId="B34" Value="13"/>
<Cov CovItemId="B36" Value="13"/>
<Cov CovItemId="B39" Value="3"/>
<Cov CovItemId="B4" Value="1"/>
<Cov CovItemId="B40" Value="10"/>
<Cov CovItemId="B42" Value="10"/>
<Cov CovItemId="B43" Value="3"/>
<Cov CovItemId="B44" Value="2"/>
<Cov CovItemId="B45" Value="2"/>
<Cov CovItemId="B46" Value="3"/>
<Cov CovItemId="B47" Value="11"/>
<Cov CovItemId="B48" Value="3"/>
<Cov CovItemId="B49" Value="11"/>
<Cov CovItemId="B5" Value="13"/>
<Cov CovItemId="B51" Value="44"/>
<Cov CovItemId="B54" Value="44"/>
<Cov CovItemId="B69" Value="1220"/>
<Cov CovItemId="B7" Value="5"/>
<Cov CovItemId="B70" Value="1847"/>
<Cov CovItemId="B71" Value="2"/>
<Cov CovItemId="B72" Value="1218"/>
<Cov CovItemId="B9" Value="5"/>
<Cov CovItemId="L1-1" Value="1"/>
<Cov CovItemId="L1-2" Value="4"/>
<Cov CovItemId="L2-2" Value="29"/>
<Cov CovItemId="L3-1" Value="2"/>
<Cov CovItemId="L3-2" Value="265"/>
<Cov CovItemId="S1" Value="3"/>
<Cov CovItemId="S10" Value="3"/>
<Cov CovItemId="S11" Value="3"/>
<Cov CovItemId="S118" Value="44"/>
<Cov CovItemId="S119" Value="5"/>
<Cov CovItemId="S12" Value="3"/>
<Cov CovItemId="S120" Value="5"/>
<Cov CovItemId="S121" Value="5"/>
<Cov CovItemId="S122" Value="29"/>
<Cov CovItemId="S123" Value="29"/>
<Cov CovItemId="S124" Value="267"/>
<Cov CovItemId="S125" Value="3067"/>
<Cov CovItemId="S126" Value="1220"/>
<Cov CovItemId="S127" Value="2"/>
<Cov CovItemId="S128" Value="2"/>
<Cov CovItemId="S129" Value="5"/>
<Cov CovItemId="S13" Value="3"/>
<Cov CovItemId="S14" Value="3"/>
<Cov CovItemId="S15" Value="3"/>
<Cov CovItemId="S16" Value="3"/>
<Cov CovItemId="S17" Value="3"/>
<Cov CovItemId="S18" Value="3"/>
<Cov CovItemId="S19" Value="3"/>
<Cov CovItemId="S2" Value="3"/>
<Cov CovItemId="S20" Value="3"/>
<Cov CovItemId="S21" Value="3"/>
<Cov CovItemId="S22" Value="9"/>
<Cov CovItemId="S23" Value="100"/>
<Cov CovItemId="S24" Value="8"/>
<Cov CovItemId="S25" Value="8"/>
<Cov CovItemId="S26" Value="8"/>
<Cov CovItemId="S27" Value="1"/>
<Cov CovItemId="S29" Value="1"/>
<Cov CovItemId="S3" Value="3"/>
<Cov CovItemId="S30" Value="7"/>
<Cov CovItemId="S31" Value="8"/>
<Cov CovItemId="S32" Value="13"/>
<Cov CovItemId="S33" Value="13"/>
<Cov CovItemId="S36" Value="5"/>
<Cov CovItemId="S37" Value="5"/>
<Cov CovItemId="S38" Value="5"/>
<Cov CovItemId="S39" Value="8"/>
<Cov CovItemId="S4" Value="3"/>
<Cov CovItemId="S40" Value="5"/>
<Cov CovItemId="S41" Value="3"/>
<Cov CovItemId="S42" Value="8"/>
<Cov CovItemId="S43" Value="13"/>
<Cov CovItemId="S44" Value="13"/>
<Cov CovItemId="S45" Value="13"/>
<Cov CovItemId="S46" Value="13"/>
<Cov CovItemId="S47" Value="2"/>
<Cov CovItemId="S48" Value="13"/>
<Cov CovItemId="S49" Value="8"/>
<Cov CovItemId="S5" Value="3"/>
<Cov CovItemId="S50" Value="13"/>
<Cov CovItemId="S51" Value="5"/>
<Cov CovItemId="S52" Value="5"/>
<Cov CovItemId="S53" Value="5"/>
<Cov CovItemId="S54" Value="5"/>
<Cov CovItemId="S55" Value="3"/>
<Cov CovItemId="S56" Value="1"/>
<Cov CovItemId="S57" Value="2"/>
<Cov CovItemId="S58" Value="5"/>
<Cov CovItemId="S59" Value="5"/>
<Cov CovItemId="S6" Value="3"/>
<Cov CovItemId="S61" Value="5"/>
<Cov CovItemId="S63" Value="5"/>
<Cov CovItemId="S65" Value="13"/>
<Cov CovItemId="S67" Value="13"/>
<Cov CovItemId="S7" Value="3"/>
<Cov CovItemId="S71" Value="13"/>
<Cov CovItemId="S72" Value="3"/>
<Cov CovItemId="S73" Value="13"/>
<Cov CovItemId="S74" Value="10"/>
<Cov CovItemId="S76" Value="10"/>
<Cov CovItemId="S77" Value="5"/>
<Cov CovItemId="S78" Value="5"/>
<Cov CovItemId="S79" Value="5"/>
<Cov CovItemId="S8" Value="3"/>
<Cov CovItemId="S80" Value="3"/>
<Cov CovItemId="S81" Value="5"/>
<Cov CovItemId="S82" Value="5"/>
<Cov CovItemId="S83" Value="5"/>
<Cov CovItemId="S84" Value="2"/>
<Cov CovItemId="S85" Value="2"/>
<Cov CovItemId="S86" Value="5"/>
<Cov CovItemId="S87" Value="14"/>
<Cov CovItemId="S88" Value="11"/>
<Cov CovItemId="S89" Value="11"/>
<Cov CovItemId="S9" Value="3"/>
<Cov CovItemId="S90" Value="11"/>
<Cov CovItemId="S91" Value="11"/>
<Cov CovItemId="S92" Value="11"/>
<Cov CovItemId="S93" Value="11"/>
<Cov CovItemId="S94" Value="11"/>
<Cov CovItemId="S95" Value="11"/>
<Cov CovItemId="S96" Value="3"/>
<Cov CovItemId="S97" Value="44"/>
<Cov CovItemId="S98" Value="44"/>
<Cov CovItemId="S99" Value="44"/>
</CovPrefix>
</CovList>
<AssgnmntList>
<AssgnmntPrefix RootTermCovItemPrefix="com.OriginalFiles.Analyze.java">
<AssgnmntListEntry Length="8" RootTermCovItemId="C90">
<MapEntry BoolAssgnmnt="02020202" Value="4"/>
<MapEntry BoolAssgnmnt="10020202" Value="1"/>
</AssgnmntListEntry>
</AssgnmntPrefix>
<AssgnmntPrefix RootTermCovItemPrefix="com.OriginalFiles.Board.java">
<AssgnmntListEntry Length="1" RootTermCovItemId="C53">
<MapEntry BoolAssgnmnt="1" Value="1264"/>
</AssgnmntListEntry>
<AssgnmntListEntry Length="1" RootTermCovItemId="C54">
<MapEntry BoolAssgnmnt="0" Value="42"/>
<MapEntry BoolAssgnmnt="1" Value="1222"/>
</AssgnmntListEntry>
<AssgnmntListEntry Length="3" RootTermCovItemId="C55">
<MapEntry BoolAssgnmnt="002" Value="1162"/>
<MapEntry BoolAssgnmnt="120" Value="8"/>
<MapEntry BoolAssgnmnt="121" Value="184"/>
</AssgnmntListEntry>
<AssgnmntListEntry Length="3" RootTermCovItemId="C56">
<MapEntry BoolAssgnmnt="002" Value="184"/>
<MapEntry BoolAssgnmnt="120" Value="43"/>
<MapEntry BoolAssgnmnt="121" Value="1119"/>
</AssgnmntListEntry>
</AssgnmntPrefix>
<AssgnmntPrefix RootTermCovItemPrefix="com.OriginalFiles.Field.java">
<AssgnmntListEntry Length="1" RootTermCovItemId="C1">
<MapEntry BoolAssgnmnt="0" Value="5"/>
<MapEntry BoolAssgnmnt="1" Value="2"/>
</AssgnmntListEntry>
</AssgnmntPrefix>
<AssgnmntPrefix RootTermCovItemPrefix="com.OriginalFiles.Piece.java">
<AssgnmntListEntry Length="2" RootTermCovItemId="C1">
<MapEntry BoolAssgnmnt="10" Value="7"/>
<MapEntry BoolAssgnmnt="11" Value="1"/>
</AssgnmntListEntry>
<AssgnmntListEntry Length="1" RootTermCovItemId="C10">
<MapEntry BoolAssgnmnt="1" Value="5"/>
</AssgnmntListEntry>
<AssgnmntListEntry Length="1" RootTermCovItemId="C11">
<MapEntry BoolAssgnmnt="0" Value="3"/>
<MapEntry BoolAssgnmnt="1" Value="2"/>
</AssgnmntListEntry>
<AssgnmntListEntry Length="1" RootTermCovItemId="C12">
<MapEntry BoolAssgnmnt="0" Value="2"/>
<MapEntry BoolAssgnmnt="1" Value="1"/>
</AssgnmntListEntry>
<AssgnmntListEntry Length="1" RootTermCovItemId="C13">
<MapEntry BoolAssgnmnt="1" Value="5"/>
</AssgnmntListEntry>
<AssgnmntListEntry Length="1" RootTermCovItemId="C14">
<MapEntry BoolAssgnmnt="0" Value="5"/>
</AssgnmntListEntry>
<AssgnmntListEntry Length="2" RootTermCovItemId="C15">
<MapEntry BoolAssgnmnt="02" Value="5"/>
</AssgnmntListEntry>
<AssgnmntListEntry Length="2" RootTermCovItemId="C16">
<MapEntry BoolAssgnmnt="02" Value="5"/>
</AssgnmntListEntry>
<AssgnmntListEntry Length="5" RootTermCovItemId="C17">
<MapEntry BoolAssgnmnt="00210" Value="4"/>
<MapEntry BoolAssgnmnt="01002" Value="6"/>
<MapEntry BoolAssgnmnt="12222" Value="3"/>
</AssgnmntListEntry>
<AssgnmntListEntry Length="5" RootTermCovItemId="C18">
<MapEntry BoolAssgnmnt="00210" Value="4"/>
<MapEntry BoolAssgnmnt="01002" Value="6"/>
<MapEntry BoolAssgnmnt="12222" Value="3"/>
</AssgnmntListEntry>
<AssgnmntListEntry Length="2" RootTermCovItemId="C2">
<MapEntry BoolAssgnmnt="02" Value="1"/>
</AssgnmntListEntry>
<AssgnmntListEntry Length="1" RootTermCovItemId="C20">
<MapEntry BoolAssgnmnt="0" Value="10"/>
<MapEntry BoolAssgnmnt="1" Value="3"/>
</AssgnmntListEntry>
<AssgnmntListEntry Length="16" RootTermCovItemId="C21">
<MapEntry BoolAssgnmnt="0202020202020202" Value="2"/>
<MapEntry BoolAssgnmnt="0202020202100202" Value="8"/>
</AssgnmntListEntry>
<AssgnmntListEntry Length="1" RootTermCovItemId="C22">
<MapEntry BoolAssgnmnt="0" Value="2"/>
<MapEntry BoolAssgnmnt="1" Value="3"/>
</AssgnmntListEntry>
<AssgnmntListEntry Length="1" RootTermCovItemId="C23">
<MapEntry BoolAssgnmnt="0" Value="3"/>
<MapEntry BoolAssgnmnt="1" Value="2"/>
</AssgnmntListEntry>
<AssgnmntListEntry Length="1" RootTermCovItemId="C24">
<MapEntry BoolAssgnmnt="0" Value="3"/>
<MapEntry BoolAssgnmnt="1" Value="11"/>
</AssgnmntListEntry>
<AssgnmntListEntry Length="1" RootTermCovItemId="C25">
<MapEntry BoolAssgnmnt="1" Value="11"/>
</AssgnmntListEntry>
<AssgnmntListEntry Length="1" RootTermCovItemId="C26">
<MapEntry BoolAssgnmnt="1" Value="44"/>
</AssgnmntListEntry>
<AssgnmntListEntry Length="1" RootTermCovItemId="C27">
<MapEntry BoolAssgnmnt="0" Value="44"/>
</AssgnmntListEntry>
<AssgnmntListEntry Length="1" RootTermCovItemId="C3">
<MapEntry BoolAssgnmnt="1" Value="13"/>
</AssgnmntListEntry>
<AssgnmntListEntry Length="2" RootTermCovItemId="C35">
<MapEntry BoolAssgnmnt="01" Value="29"/>
<MapEntry BoolAssgnmnt="00" Value="3"/>
<MapEntry BoolAssgnmnt="12" Value="2"/>
</AssgnmntListEntry>
<AssgnmntListEntry Length="1" RootTermCovItemId="C36">
<MapEntry BoolAssgnmnt="0" Value="27"/>
<MapEntry BoolAssgnmnt="1" Value="267"/>
</AssgnmntListEntry>
<AssgnmntListEntry Length="1" RootTermCovItemId="C37">
<MapEntry BoolAssgnmnt="0" Value="265"/>
<MapEntry BoolAssgnmnt="1" Value="3067"/>
</AssgnmntListEntry>
<AssgnmntListEntry Length="1" RootTermCovItemId="C38">
<MapEntry BoolAssgnmnt="0" Value="1847"/>
<MapEntry BoolAssgnmnt="1" Value="1220"/>
</AssgnmntListEntry>
<AssgnmntListEntry Length="1" RootTermCovItemId="C39">
<MapEntry BoolAssgnmnt="0" Value="1218"/>
<MapEntry BoolAssgnmnt="1" Value="2"/>
</AssgnmntListEntry>
<AssgnmntListEntry Length="2" RootTermCovItemId="C4">
<MapEntry BoolAssgnmnt="01" Value="2"/>
<MapEntry BoolAssgnmnt="12" Value="3"/>
</AssgnmntListEntry>
<AssgnmntListEntry Length="1" RootTermCovItemId="C5">
<MapEntry BoolAssgnmnt="0" Value="3"/>
<MapEntry BoolAssgnmnt="1" Value="5"/>
</AssgnmntListEntry>
<AssgnmntListEntry Length="1" RootTermCovItemId="C6">
<MapEntry BoolAssgnmnt="1" Value="13"/>
</AssgnmntListEntry>
<AssgnmntListEntry Length="1" RootTermCovItemId="C7">
<MapEntry BoolAssgnmnt="0" Value="11"/>
<MapEntry BoolAssgnmnt="1" Value="2"/>
</AssgnmntListEntry>
<AssgnmntListEntry Length="1" RootTermCovItemId="C8">
<MapEntry BoolAssgnmnt="0" Value="5"/>
<MapEntry BoolAssgnmnt="1" Value="8"/>
</AssgnmntListEntry>
<AssgnmntListEntry Length="1" RootTermCovItemId="C9">
<MapEntry BoolAssgnmnt="0" Value="8"/>
<MapEntry BoolAssgnmnt="1" Value="5"/>
</AssgnmntListEntry>
</AssgnmntPrefix>
</AssgnmntList>
<ObjMetaDataList/>
<MetaDataList/>
</TestCase>
<TestCase Comment="" Date="1386064083475" Name="com.Testing.PieceTest:testPriceForPiece">
<CovList>
<CovPrefix CovItemPrefix="com.OriginalFiles.Analyze.java">
<Cov CovItemId="B157" Value="1"/>
<Cov CovItemId="S267" Value="1"/>
<Cov CovItemId="S269" Value="1"/>
</CovPrefix>
<CovPrefix CovItemPrefix="com.OriginalFiles.Board.java">
<Cov CovItemId="B79" Value="411"/>
<Cov CovItemId="B82" Value="411"/>
<Cov CovItemId="B84" Value="429"/>
<Cov CovItemId="B86" Value="429"/>
<Cov CovItemId="S176" Value="411"/>
<Cov CovItemId="S177" Value="411"/>
<Cov CovItemId="S179" Value="411"/>
<Cov CovItemId="S180" Value="429"/>
<Cov CovItemId="S182" Value="429"/>
<Cov CovItemId="S184" Value="429"/>
<Cov CovItemId="S185" Value="1396"/>
</CovPrefix>
<CovPrefix CovItemPrefix="com.OriginalFiles.Field.java">
<Cov CovItemId="S13" Value="64"/>
<Cov CovItemId="S9" Value="413"/>
</CovPrefix>
<CovPrefix CovItemPrefix="com.OriginalFiles.Piece.java">
<Cov CovItemId="B10" Value="3"/>
<Cov CovItemId="B11" Value="4"/>
<Cov CovItemId="B14" Value="4"/>
<Cov CovItemId="B15" Value="3"/>
<Cov CovItemId="B16" Value="1"/>
<Cov CovItemId="B17" Value="1"/>
<Cov CovItemId="B18" Value="3"/>
<Cov CovItemId="B19" Value="1"/>
<Cov CovItemId="B2" Value="3"/>
<Cov CovItemId="B21" Value="1"/>
<Cov CovItemId="B24" Value="1"/>
<Cov CovItemId="B25" Value="1"/>
<Cov CovItemId="B28" Value="1"/>
<Cov CovItemId="B30" Value="1"/>
<Cov CovItemId="B32" Value="1"/>
<Cov CovItemId="B34" Value="4"/>
<Cov CovItemId="B36" Value="4"/>
<Cov CovItemId="B40" Value="4"/>
<Cov CovItemId="B42" Value="2"/>
<Cov CovItemId="B44" Value="1"/>
<Cov CovItemId="B46" Value="1"/>
<Cov CovItemId="B47" Value="2"/>
<Cov CovItemId="B49" Value="2"/>
<Cov CovItemId="B5" Value="4"/>
<Cov CovItemId="B51" Value="8"/>
<Cov CovItemId="B54" Value="8"/>
<Cov CovItemId="B69" Value="403"/>
<Cov CovItemId="B7" Value="1"/>
<Cov CovItemId="B70" Value="565"/>
<Cov CovItemId="B72" Value="403"/>
<Cov CovItemId="B8" Value="4"/>
<Cov CovItemId="L1-2" Value="1"/>
<Cov CovItemId="L2-2" Value="8"/>
<Cov CovItemId="L3-2" Value="80"/>
<Cov CovItemId="S1" Value="1"/>
<Cov CovItemId="S10" Value="1"/>
<Cov CovItemId="S11" Value="1"/>
<Cov CovItemId="S118" Value="8"/>
<Cov CovItemId="S119" Value="1"/>
<Cov CovItemId="S12" Value="1"/>
<Cov CovItemId="S120" Value="1"/>
<Cov CovItemId="S121" Value="1"/>
<Cov CovItemId="S122" Value="8"/>
<Cov CovItemId="S123" Value="8"/>
<Cov CovItemId="S124" Value="80"/>
<Cov CovItemId="S125" Value="968"/>
<Cov CovItemId="S126" Value="403"/>
<Cov CovItemId="S129" Value="1"/>
<Cov CovItemId="S13" Value="1"/>
<Cov CovItemId="S14" Value="1"/>
<Cov CovItemId="S15" Value="1"/>
<Cov CovItemId="S16" Value="1"/>
<Cov CovItemId="S17" Value="1"/>
<Cov CovItemId="S18" Value="1"/>
<Cov CovItemId="S19" Value="1"/>
<Cov CovItemId="S2" Value="1"/>
<Cov CovItemId="S20" Value="1"/>
<Cov CovItemId="S21" Value="1"/>
<Cov CovItemId="S22" Value="2"/>
<Cov CovItemId="S23" Value="20"/>
<Cov CovItemId="S24" Value="3"/>
<Cov CovItemId="S25" Value="3"/>
<Cov CovItemId="S26" Value="3"/>
<Cov CovItemId="S3" Value="1"/>
<Cov CovItemId="S30" Value="3"/>
<Cov CovItemId="S31" Value="3"/>
<Cov CovItemId="S32" Value="4"/>
<Cov CovItemId="S33" Value="4"/>
<Cov CovItemId="S36" Value="5"/>
<Cov CovItemId="S37" Value="1"/>
<Cov CovItemId="S38" Value="5"/>
<Cov CovItemId="S39" Value="3"/>
<Cov CovItemId="S4" Value="1"/>
<Cov CovItemId="S41" Value="3"/>
<Cov CovItemId="S42" Value="3"/>
<Cov CovItemId="S43" Value="4"/>
<Cov CovItemId="S44" Value="4"/>
<Cov CovItemId="S45" Value="4"/>
<Cov CovItemId="S46" Value="4"/>
<Cov CovItemId="S48" Value="4"/>
<Cov CovItemId="S49" Value="3"/>
<Cov CovItemId="S5" Value="1"/>
<Cov CovItemId="S50" Value="4"/>
<Cov CovItemId="S51" Value="1"/>
<Cov CovItemId="S52" Value="1"/>
<Cov CovItemId="S53" Value="1"/>
<Cov CovItemId="S54" Value="1"/>
<Cov CovItemId="S55" Value="1"/>
<Cov CovItemId="S57" Value="1"/>
<Cov CovItemId="S58" Value="1"/>
<Cov CovItemId="S59" Value="1"/>
<Cov CovItemId="S6" Value="1"/>
<Cov CovItemId="S61" Value="1"/>
<Cov CovItemId="S63" Value="1"/>
<Cov CovItemId="S65" Value="4"/>
<Cov CovItemId="S67" Value="4"/>
<Cov CovItemId="S7" Value="1"/>
<Cov CovItemId="S71" Value="4"/>
<Cov CovItemId="S73" Value="4"/>
<Cov CovItemId="S74" Value="2"/>
<Cov CovItemId="S76" Value="2"/>
<Cov CovItemId="S77" Value="1"/>
<Cov CovItemId="S78" Value="1"/>
<Cov CovItemId="S79" Value="1"/>
<Cov CovItemId="S8" Value="1"/>
<Cov CovItemId="S81" Value="1"/>
<Cov CovItemId="S82" Value="1"/>
<Cov CovItemId="S83" Value="1"/>
<Cov CovItemId="S86" Value="1"/>
<Cov CovItemId="S87" Value="2"/>
<Cov CovItemId="S88" Value="2"/>
<Cov CovItemId="S89" Value="2"/>
<Cov CovItemId="S9" Value="1"/>
<Cov CovItemId="S90" Value="2"/>
<Cov CovItemId="S91" Value="2"/>
<Cov CovItemId="S92" Value="2"/>
<Cov CovItemId="S93" Value="2"/>
<Cov CovItemId="S94" Value="2"/>
<Cov CovItemId="S95" Value="2"/>
<Cov CovItemId="S97" Value="8"/>
<Cov CovItemId="S98" Value="8"/>
<Cov CovItemId="S99" Value="8"/>
</CovPrefix>
</CovList>
<AssgnmntList>
<AssgnmntPrefix RootTermCovItemPrefix="com.OriginalFiles.Analyze.java">
<AssgnmntListEntry Length="8" RootTermCovItemId="C90">
<MapEntry BoolAssgnmnt="02020202" Value="1"/>
</AssgnmntListEntry>
</AssgnmntPrefix>
<AssgnmntPrefix RootTermCovItemPrefix="com.OriginalFiles.Board.java">
<AssgnmntListEntry Length="1" RootTermCovItemId="C53">
<MapEntry BoolAssgnmnt="1" Value="411"/>
</AssgnmntListEntry>
<AssgnmntListEntry Length="1" RootTermCovItemId="C54">
<MapEntry BoolAssgnmnt="1" Value="411"/>
</AssgnmntListEntry>
<AssgnmntListEntry Length="3" RootTermCovItemId="C55">
<MapEntry BoolAssgnmnt="002" Value="429"/>
</AssgnmntListEntry>
<AssgnmntListEntry Length="3" RootTermCovItemId="C56">
<MapEntry BoolAssgnmnt="002" Value="429"/>
</AssgnmntListEntry>
</AssgnmntPrefix>
<AssgnmntPrefix RootTermCovItemPrefix="com.OriginalFiles.Piece.java">
<AssgnmntListEntry Length="2" RootTermCovItemId="C1">
<MapEntry BoolAssgnmnt="10" Value="3"/>
</AssgnmntListEntry>
<AssgnmntListEntry Length="1" RootTermCovItemId="C10">
<MapEntry BoolAssgnmnt="1" Value="1"/>
</AssgnmntListEntry>
<AssgnmntListEntry Length="1" RootTermCovItemId="C11">
<MapEntry BoolAssgnmnt="0" Value="1"/>
</AssgnmntListEntry>
<AssgnmntListEntry Length="1" RootTermCovItemId="C12">
<MapEntry BoolAssgnmnt="0" Value="1"/>
</AssgnmntListEntry>
<AssgnmntListEntry Length="1" RootTermCovItemId="C13">
<MapEntry BoolAssgnmnt="1" Value="1"/>
</AssgnmntListEntry>
<AssgnmntListEntry Length="1" RootTermCovItemId="C14">
<MapEntry BoolAssgnmnt="0" Value="1"/>
</AssgnmntListEntry>
<AssgnmntListEntry Length="2" RootTermCovItemId="C15">
<MapEntry BoolAssgnmnt="02" Value="1"/>
</AssgnmntListEntry>
<AssgnmntListEntry Length="2" RootTermCovItemId="C16">
<MapEntry BoolAssgnmnt="02" Value="1"/>
</AssgnmntListEntry>
<AssgnmntListEntry Length="5" RootTermCovItemId="C17">
<MapEntry BoolAssgnmnt="00202" Value="4"/>
</AssgnmntListEntry>
<AssgnmntListEntry Length="5" RootTermCovItemId="C18">
<MapEntry BoolAssgnmnt="00202" Value="4"/>
</AssgnmntListEntry>
<AssgnmntListEntry Length="1" RootTermCovItemId="C20">
<MapEntry BoolAssgnmnt="0" Value="4"/>
</AssgnmntListEntry>
<AssgnmntListEntry Length="16" RootTermCovItemId="C21">
<MapEntry BoolAssgnmnt="0202020202021002" Value="2"/>
</AssgnmntListEntry>
<AssgnmntListEntry Length="1" RootTermCovItemId="C22">
<MapEntry BoolAssgnmnt="0" Value="1"/>
</AssgnmntListEntry>
<AssgnmntListEntry Length="1" RootTermCovItemId="C23">
<MapEntry BoolAssgnmnt="0" Value="1"/>
</AssgnmntListEntry>
<AssgnmntListEntry Length="1" RootTermCovItemId="C24">
<MapEntry BoolAssgnmnt="1" Value="2"/>
</AssgnmntListEntry>
<AssgnmntListEntry Length="1" RootTermCovItemId="C25">
<MapEntry BoolAssgnmnt="1" Value="2"/>
</AssgnmntListEntry>
<AssgnmntListEntry Length="1" RootTermCovItemId="C26">
<MapEntry BoolAssgnmnt="1" Value="8"/>
</AssgnmntListEntry>
<AssgnmntListEntry Length="1" RootTermCovItemId="C27">
<MapEntry BoolAssgnmnt="0" Value="8"/>
</AssgnmntListEntry>
<AssgnmntListEntry Length="1" RootTermCovItemId="C3">
<MapEntry BoolAssgnmnt="1" Value="4"/>
</AssgnmntListEntry>
<AssgnmntListEntry Length="2" RootTermCovItemId="C35">
<MapEntry BoolAssgnmnt="01" Value="8"/>
<MapEntry BoolAssgnmnt="00" Value="1"/>
</AssgnmntListEntry>
<AssgnmntListEntry Length="1" RootTermCovItemId="C36">
<MapEntry BoolAssgnmnt="0" Value="8"/>
<MapEntry BoolAssgnmnt="1" Value="80"/>
</AssgnmntListEntry>
<AssgnmntListEntry Length="1" RootTermCovItemId="C37">
<MapEntry BoolAssgnmnt="0" Value="80"/>
<MapEntry BoolAssgnmnt="1" Value="968"/>
</AssgnmntListEntry>
<AssgnmntListEntry Length="1" RootTermCovItemId="C38">
<MapEntry BoolAssgnmnt="0" Value="565"/>
<MapEntry BoolAssgnmnt="1" Value="403"/>
</AssgnmntListEntry>
<AssgnmntListEntry Length="1" RootTermCovItemId="C39">
<MapEntry BoolAssgnmnt="0" Value="403"/>
</AssgnmntListEntry>
<AssgnmntListEntry Length="2" RootTermCovItemId="C4">
<MapEntry BoolAssgnmnt="00" Value="4"/>
<MapEntry BoolAssgnmnt="12" Value="1"/>
</AssgnmntListEntry>
<AssgnmntListEntry Length="1" RootTermCovItemId="C5">
<MapEntry BoolAssgnmnt="0" Value="3"/>
</AssgnmntListEntry>
<AssgnmntListEntry Length="1" RootTermCovItemId="C6">
<MapEntry BoolAssgnmnt="1" Value="4"/>
</AssgnmntListEntry>
<AssgnmntListEntry Length="1" RootTermCovItemId="C7">
<MapEntry BoolAssgnmnt="0" Value="4"/>
</AssgnmntListEntry>
<AssgnmntListEntry Length="1" RootTermCovItemId="C8">
<MapEntry BoolAssgnmnt="0" Value="1"/>
<MapEntry BoolAssgnmnt="1" Value="3"/>
</AssgnmntListEntry>
<AssgnmntListEntry Length="1" RootTermCovItemId="C9">
<MapEntry BoolAssgnmnt="0" Value="3"/>
<MapEntry BoolAssgnmnt="1" Value="1"/>
</AssgnmntListEntry>
</AssgnmntPrefix>
</AssgnmntList>
<ObjMetaDataList/>
<MetaDataList/>
</TestCase>
<MetaDataList/>
</TestSession>
<TestSession Comment="" Date="1386064417013" Name="03-12-2013 10:53:37">
<TestCase Comment="" Date="1386064416848" Name="com.Testing.MiTest:testLookForBestMove">
<CovList>
<CovPrefix CovItemPrefix="com.OriginalFiles.Analyze.java">
<Cov CovItemId="B103" Value="1"/>
<Cov CovItemId="B107" Value="1"/>
<Cov CovItemId="B120" Value="2372"/>
<Cov CovItemId="B121" Value="3964"/>
<Cov CovItemId="B122" Value="1184"/>
<Cov CovItemId="B123" Value="1188"/>
<Cov CovItemId="B124" Value="509"/>
<Cov CovItemId="B125" Value="675"/>
<Cov CovItemId="B126" Value="1188"/>
<Cov CovItemId="B127" Value="1184"/>
<Cov CovItemId="B128" Value="601"/>
<Cov CovItemId="B129" Value="587"/>
<Cov CovItemId="B131" Value="99"/>
<Cov CovItemId="B133" Value="99"/>
<Cov CovItemId="B135" Value="99"/>
<Cov CovItemId="B144" Value="68"/>
<Cov CovItemId="B145" Value="4"/>
<Cov CovItemId="B147" Value="68"/>
<Cov CovItemId="B148" Value="816"/>
<Cov CovItemId="B149" Value="1360"/>
<Cov CovItemId="B150" Value="68"/>
<Cov CovItemId="B153" Value="4"/>
<Cov CovItemId="B155" Value="4"/>
<Cov CovItemId="B65" Value="2"/>
<Cov CovItemId="B66" Value="9"/>
<Cov CovItemId="B68" Value="11"/>
<Cov CovItemId="B70" Value="11"/>
<Cov CovItemId="B71" Value="4"/>
<Cov CovItemId="B72" Value="7"/>
<Cov CovItemId="B73" Value="5"/>
<Cov CovItemId="B74" Value="6"/>
<Cov CovItemId="B84" Value="199"/>
<Cov CovItemId="L16-2" Value="99"/>
<Cov CovItemId="L17-2" Value="792"/>
<Cov CovItemId="L18-2" Value="68"/>
<Cov CovItemId="L19-2" Value="272"/>
<Cov CovItemId="L5-1" Value="11"/>
<Cov CovItemId="S1" Value="1"/>
<Cov CovItemId="S100" Value="11"/>
<Cov CovItemId="S101" Value="11"/>
<Cov CovItemId="S102" Value="11"/>
<Cov CovItemId="S103" Value="2"/>
<Cov CovItemId="S104" Value="11"/>
<Cov CovItemId="S105" Value="11"/>
<Cov CovItemId="S107" Value="11"/>
<Cov CovItemId="S108" Value="11"/>
<Cov CovItemId="S110" Value="11"/>
<Cov CovItemId="S111" Value="11"/>
<Cov CovItemId="S112" Value="4"/>
<Cov CovItemId="S113" Value="11"/>
<Cov CovItemId="S114" Value="5"/>
<Cov CovItemId="S115" Value="11"/>
<Cov CovItemId="S116" Value="11"/>
<Cov CovItemId="S117" Value="11"/>
<Cov CovItemId="S149" Value="199"/>
<Cov CovItemId="S191" Value="1"/>
<Cov CovItemId="S192" Value="1"/>
<Cov CovItemId="S193" Value="1"/>
<Cov CovItemId="S199" Value="1"/>
<Cov CovItemId="S2" Value="1"/>
<Cov CovItemId="S200" Value="1"/>
<Cov CovItemId="S201" Value="1"/>
<Cov CovItemId="S202" Value="1"/>
<Cov CovItemId="S203" Value="1"/>
<Cov CovItemId="S204" Value="1"/>
<Cov CovItemId="S221" Value="99"/>
<Cov CovItemId="S222" Value="99"/>
<Cov CovItemId="S223" Value="99"/>
<Cov CovItemId="S224" Value="99"/>
<Cov CovItemId="S225" Value="99"/>
<Cov CovItemId="S226" Value="99"/>
<Cov CovItemId="S227" Value="792"/>
<Cov CovItemId="S228" Value="6336"/>
<Cov CovItemId="S229" Value="2372"/>
<Cov CovItemId="S230" Value="1184"/>
<Cov CovItemId="S231" Value="1184"/>
<Cov CovItemId="S232" Value="509"/>
<Cov CovItemId="S233" Value="2372"/>
<Cov CovItemId="S234" Value="1188"/>
<Cov CovItemId="S235" Value="1188"/>
<Cov CovItemId="S236" Value="601"/>
<Cov CovItemId="S237" Value="99"/>
<Cov CovItemId="S239" Value="99"/>
<Cov CovItemId="S241" Value="99"/>
<Cov CovItemId="S250" Value="99"/>
<Cov CovItemId="S251" Value="72"/>
<Cov CovItemId="S252" Value="72"/>
<Cov CovItemId="S253" Value="68"/>
<Cov CovItemId="S255" Value="68"/>
<Cov CovItemId="S256" Value="68"/>
<Cov CovItemId="S257" Value="272"/>
<Cov CovItemId="S258" Value="2176"/>
<Cov CovItemId="S259" Value="816"/>
<Cov CovItemId="S260" Value="68"/>
<Cov CovItemId="S261" Value="68"/>
<Cov CovItemId="S262" Value="4"/>
<Cov CovItemId="S264" Value="4"/>
<Cov CovItemId="S266" Value="4"/>
<Cov CovItemId="S3" Value="1"/>
<Cov CovItemId="S4" Value="1"/>
<Cov CovItemId="S5" Value="1"/>
<Cov CovItemId="S99" Value="11"/>
</CovPrefix>
<CovPrefix CovItemPrefix="com.OriginalFiles.Board.java">
<Cov CovItemId="B1" Value="32"/>
<Cov CovItemId="B10" Value="8"/>
<Cov CovItemId="B2" Value="32"/>
<Cov CovItemId="B3" Value="12"/>
<Cov CovItemId="B31" Value="199"/>
<Cov CovItemId="B33" Value="41"/>
<Cov CovItemId="B34" Value="158"/>
<Cov CovItemId="B36" Value="199"/>
<Cov CovItemId="B37" Value="199"/>
<Cov CovItemId="B4" Value="20"/>
<Cov CovItemId="B41" Value="5690"/>
<Cov CovItemId="B42" Value="770"/>
<Cov CovItemId="B43" Value="61"/>
<Cov CovItemId="B44" Value="3006"/>
<Cov CovItemId="B45" Value="1056"/>
<Cov CovItemId="B46" Value="2099"/>
<Cov CovItemId="B47" Value="1045"/>
<Cov CovItemId="B48" Value="2110"/>
<Cov CovItemId="B5" Value="4"/>
<Cov CovItemId="B50" Value="3155"/>
<Cov CovItemId="B55" Value="6074"/>
<Cov CovItemId="B56" Value="6132"/>
<Cov CovItemId="B57" Value="4607"/>
<Cov CovItemId="B58" Value="1525"/>
<Cov CovItemId="B59" Value="4607"/>
<Cov CovItemId="B6" Value="8"/>
<Cov CovItemId="B61" Value="67"/>
<Cov CovItemId="B62" Value="4540"/>
<Cov CovItemId="B63" Value="4096"/>
<Cov CovItemId="B64" Value="4096"/>
<Cov CovItemId="B65" Value="3067"/>
<Cov CovItemId="B66" Value="1029"/>
<Cov CovItemId="B67" Value="1535"/>
<Cov CovItemId="B68" Value="1532"/>
<Cov CovItemId="B69" Value="1"/>
<Cov CovItemId="B7" Value="12"/>
<Cov CovItemId="B79" Value="13003"/>
<Cov CovItemId="B8" Value="20"/>
<Cov CovItemId="B81" Value="11419"/>
<Cov CovItemId="B82" Value="1584"/>
<Cov CovItemId="B83" Value="3282"/>
<Cov CovItemId="B84" Value="9049"/>
<Cov CovItemId="B85" Value="1467"/>
<Cov CovItemId="B86" Value="7582"/>
<Cov CovItemId="B9" Value="4"/>
<Cov CovItemId="L1-2" Value="1"/>
<Cov CovItemId="L10-2" Value="2048"/>
<Cov CovItemId="L13-2" Value="128"/>
<Cov CovItemId="L14-2" Value="1024"/>
<Cov CovItemId="L2-2" Value="8"/>
<Cov CovItemId="L3-2" Value="1"/>
<Cov CovItemId="L4-2" Value="1"/>
<Cov CovItemId="L5-2" Value="1"/>
<Cov CovItemId="L6-2" Value="3"/>
<Cov CovItemId="L7-2" Value="1"/>
<Cov CovItemId="L8-2" Value="2"/>
<Cov CovItemId="L9-2" Value="256"/>
<Cov CovItemId="S1" Value="1"/>
<Cov CovItemId="S10" Value="1"/>
<Cov CovItemId="S100" Value="41"/>
<Cov CovItemId="S101" Value="158"/>
<Cov CovItemId="S102" Value="199"/>
<Cov CovItemId="S104" Value="199"/>
<Cov CovItemId="S105" Value="1"/>
<Cov CovItemId="S106" Value="199"/>
<Cov CovItemId="S107" Value="199"/>
<Cov CovItemId="S108" Value="199"/>
<Cov CovItemId="S109" Value="199"/>
<Cov CovItemId="S11" Value="8"/>
<Cov CovItemId="S115" Value="6460"/>
<Cov CovItemId="S116" Value="5690"/>
<Cov CovItemId="S117" Value="770"/>
<Cov CovItemId="S118" Value="3067"/>
<Cov CovItemId="S119" Value="3067"/>
<Cov CovItemId="S12" Value="64"/>
<Cov CovItemId="S120" Value="61"/>
<Cov CovItemId="S121" Value="3006"/>
<Cov CovItemId="S122" Value="3006"/>
<Cov CovItemId="S123" Value="3155"/>
<Cov CovItemId="S124" Value="3155"/>
<Cov CovItemId="S125" Value="1056"/>
<Cov CovItemId="S126" Value="3155"/>
<Cov CovItemId="S127" Value="1045"/>
<Cov CovItemId="S128" Value="3155"/>
<Cov CovItemId="S13" Value="64"/>
<Cov CovItemId="S133" Value="3155"/>
<Cov CovItemId="S134" Value="3067"/>
<Cov CovItemId="S135" Value="12206"/>
<Cov CovItemId="S136" Value="6074"/>
<Cov CovItemId="S137" Value="6132"/>
<Cov CovItemId="S138" Value="4607"/>
<Cov CovItemId="S139" Value="4607"/>
<Cov CovItemId="S14" Value="64"/>
<Cov CovItemId="S140" Value="67"/>
<Cov CovItemId="S141" Value="6065"/>
<Cov CovItemId="S142" Value="12162"/>
<Cov CovItemId="S143" Value="128"/>
<Cov CovItemId="S144" Value="128"/>
<Cov CovItemId="S145" Value="1024"/>
<Cov CovItemId="S146" Value="8192"/>
<Cov CovItemId="S147" Value="4096"/>
<Cov CovItemId="S148" Value="3067"/>
<Cov CovItemId="S149" Value="1535"/>
<Cov CovItemId="S15" Value="64"/>
<Cov CovItemId="S150" Value="1532"/>
<Cov CovItemId="S151" Value="128"/>
<Cov CovItemId="S152" Value="1"/>
<Cov CovItemId="S153" Value="1"/>
<Cov CovItemId="S154" Value="1"/>
<Cov CovItemId="S16" Value="32"/>
<Cov CovItemId="S17" Value="32"/>
<Cov CovItemId="S176" Value="13003"/>
<Cov CovItemId="S177" Value="13003"/>
<Cov CovItemId="S178" Value="11419"/>
<Cov CovItemId="S179" Value="1584"/>
<Cov CovItemId="S18" Value="32"/>
<Cov CovItemId="S180" Value="12331"/>
<Cov CovItemId="S181" Value="3282"/>
<Cov CovItemId="S182" Value="9049"/>
<Cov CovItemId="S183" Value="1467"/>
<Cov CovItemId="S184" Value="7582"/>
<Cov CovItemId="S185" Value="26280"/>
<Cov CovItemId="S19" Value="12"/>
<Cov CovItemId="S2" Value="1"/>
<Cov CovItemId="S20" Value="12"/>
<Cov CovItemId="S21" Value="12"/>
<Cov CovItemId="S22" Value="4"/>
<Cov CovItemId="S23" Value="32"/>
<Cov CovItemId="S24" Value="12"/>
<Cov CovItemId="S25" Value="12"/>
<Cov CovItemId="S26" Value="12"/>
<Cov CovItemId="S27" Value="4"/>
<Cov CovItemId="S28" Value="32"/>
<Cov CovItemId="S29" Value="32"/>
<Cov CovItemId="S3" Value="1"/>
<Cov CovItemId="S30" Value="64"/>
<Cov CovItemId="S31" Value="1"/>
<Cov CovItemId="S32" Value="8"/>
<Cov CovItemId="S33" Value="8"/>
<Cov CovItemId="S34" Value="8"/>
<Cov CovItemId="S35" Value="8"/>
<Cov CovItemId="S36" Value="8"/>
<Cov CovItemId="S37" Value="8"/>
<Cov CovItemId="S38" Value="8"/>
<Cov CovItemId="S39" Value="8"/>
<Cov CovItemId="S4" Value="1"/>
<Cov CovItemId="S40" Value="1"/>
<Cov CovItemId="S41" Value="8"/>
<Cov CovItemId="S42" Value="8"/>
<Cov CovItemId="S43" Value="8"/>
<Cov CovItemId="S44" Value="8"/>
<Cov CovItemId="S45" Value="8"/>
<Cov CovItemId="S46" Value="8"/>
<Cov CovItemId="S47" Value="8"/>
<Cov CovItemId="S48" Value="8"/>
<Cov CovItemId="S49" Value="1"/>
<Cov CovItemId="S5" Value="1"/>
<Cov CovItemId="S50" Value="3"/>
<Cov CovItemId="S51" Value="24"/>
<Cov CovItemId="S52" Value="24"/>
<Cov CovItemId="S53" Value="24"/>
<Cov CovItemId="S54" Value="24"/>
<Cov CovItemId="S55" Value="1"/>
<Cov CovItemId="S56" Value="2"/>
<Cov CovItemId="S57" Value="16"/>
<Cov CovItemId="S58" Value="16"/>
<Cov CovItemId="S59" Value="16"/>
<Cov CovItemId="S6" Value="1"/>
<Cov CovItemId="S60" Value="16"/>
<Cov CovItemId="S61" Value="256"/>
<Cov CovItemId="S62" Value="2048"/>
<Cov CovItemId="S63" Value="16384"/>
<Cov CovItemId="S7" Value="1"/>
<Cov CovItemId="S8" Value="1"/>
<Cov CovItemId="S9" Value="1"/>
<Cov CovItemId="S98" Value="199"/>
<Cov CovItemId="S99" Value="199"/>
</CovPrefix>
<CovPrefix CovItemPrefix="com.OriginalFiles.Field.java">
<Cov CovItemId="B1" Value="243"/>
<Cov CovItemId="B2" Value="12"/>
<Cov CovItemId="S1" Value="120"/>
<Cov CovItemId="S13" Value="200"/>
<Cov CovItemId="S2" Value="120"/>
<Cov CovItemId="S5" Value="255"/>
<Cov CovItemId="S6" Value="255"/>
<Cov CovItemId="S7" Value="243"/>
<Cov CovItemId="S8" Value="37124"/>
<Cov CovItemId="S9" Value="29806"/>
</CovPrefix>
<CovPrefix CovItemPrefix="com.OriginalFiles.MI.java">
<Cov CovItemId="B1" Value="1"/>
<Cov CovItemId="B10" Value="5"/>
<Cov CovItemId="B11" Value="3"/>
<Cov CovItemId="B12" Value="2"/>
<Cov CovItemId="B13" Value="72"/>
<Cov CovItemId="B14" Value="27"/>
<Cov CovItemId="B15" Value="15"/>
<Cov CovItemId="B16" Value="77"/>
<Cov CovItemId="B17" Value="72"/>
<Cov CovItemId="B20" Value="72"/>
<Cov CovItemId="B28" Value="72"/>
<Cov CovItemId="B29" Value="72"/>
<Cov CovItemId="B3" Value="71"/>
<Cov CovItemId="B31" Value="60"/>
<Cov CovItemId="B32" Value="196"/>
<Cov CovItemId="B33" Value="99"/>
<Cov CovItemId="B35" Value="4"/>
<Cov CovItemId="B36" Value="95"/>
<Cov CovItemId="B37" Value="4"/>
<Cov CovItemId="B39" Value="99"/>
<Cov CovItemId="B4" Value="121"/>
<Cov CovItemId="B41" Value="99"/>
<Cov CovItemId="B44" Value="99"/>
<Cov CovItemId="B49" Value="4"/>
<Cov CovItemId="B5" Value="35"/>
<Cov CovItemId="B51" Value="695"/>
<Cov CovItemId="B52" Value="1161"/>
<Cov CovItemId="B53" Value="154"/>
<Cov CovItemId="B54" Value="541"/>
<Cov CovItemId="B55" Value="5"/>
<Cov CovItemId="B56" Value="149"/>
<Cov CovItemId="B57" Value="5"/>
<Cov CovItemId="B59" Value="149"/>
<Cov CovItemId="B6" Value="36"/>
<Cov CovItemId="B61" Value="5"/>
<Cov CovItemId="B62" Value="24"/>
<Cov CovItemId="B7" Value="1"/>
<Cov CovItemId="B8" Value="1"/>
<Cov CovItemId="B9" Value="2"/>
<Cov CovItemId="L1-2" Value="3"/>
<Cov CovItemId="L10-2" Value="29"/>
<Cov CovItemId="L11-2" Value="232"/>
<Cov CovItemId="L12-1" Value="5"/>
<Cov CovItemId="L13-1" Value="88"/>
<Cov CovItemId="L13-2" Value="61"/>
<Cov CovItemId="L2-2" Value="24"/>
<Cov CovItemId="L3-2" Value="1"/>
<Cov CovItemId="L4-1" Value="16"/>
<Cov CovItemId="L4-2" Value="11"/>
<Cov CovItemId="L5-2" Value="72"/>
<Cov CovItemId="L6-2" Value="72"/>
<Cov CovItemId="L7-1" Value="99"/>
<Cov CovItemId="L8-1" Value="99"/>
<Cov CovItemId="L9-0" Value="95"/>
<Cov CovItemId="L9-1" Value="4"/>
<Cov CovItemId="S1" Value="1"/>
<Cov CovItemId="S10" Value="1"/>
<Cov CovItemId="S100" Value="99"/>
<Cov CovItemId="S101" Value="99"/>
<Cov CovItemId="S102" Value="99"/>
<Cov CovItemId="S103" Value="99"/>
<Cov CovItemId="S104" Value="99"/>
<Cov CovItemId="S105" Value="99"/>
<Cov CovItemId="S106" Value="99"/>
<Cov CovItemId="S107" Value="99"/>
<Cov CovItemId="S108" Value="99"/>
<Cov CovItemId="S109" Value="99"/>
<Cov CovItemId="S11" Value="1"/>
<Cov CovItemId="S115" Value="99"/>
<Cov CovItemId="S116" Value="99"/>
<Cov CovItemId="S117" Value="99"/>
<Cov CovItemId="S118" Value="4"/>
<Cov CovItemId="S119" Value="4"/>
<Cov CovItemId="S12" Value="1"/>
<Cov CovItemId="S120" Value="4"/>
<Cov CovItemId="S122" Value="4"/>
<Cov CovItemId="S123" Value="29"/>
<Cov CovItemId="S124" Value="29"/>
<Cov CovItemId="S125" Value="29"/>
<Cov CovItemId="S126" Value="29"/>
<Cov CovItemId="S127" Value="232"/>
<Cov CovItemId="S128" Value="1856"/>
<Cov CovItemId="S129" Value="695"/>
<Cov CovItemId="S130" Value="154"/>
<Cov CovItemId="S131" Value="5"/>
<Cov CovItemId="S132" Value="5"/>
<Cov CovItemId="S133" Value="5"/>
<Cov CovItemId="S134" Value="5"/>
<Cov CovItemId="S135" Value="149"/>
<Cov CovItemId="S136" Value="149"/>
<Cov CovItemId="S137" Value="149"/>
<Cov CovItemId="S138" Value="210"/>
<Cov CovItemId="S139" Value="210"/>
<Cov CovItemId="S14" Value="1"/>
<Cov CovItemId="S140" Value="29"/>
<Cov CovItemId="S141" Value="5"/>
<Cov CovItemId="S142" Value="24"/>
<Cov CovItemId="S15" Value="1"/>
<Cov CovItemId="S16" Value="3"/>
<Cov CovItemId="S17" Value="3"/>
<Cov CovItemId="S18" Value="3"/>
<Cov CovItemId="S19" Value="24"/>
<Cov CovItemId="S2" Value="1"/>
<Cov CovItemId="S20" Value="192"/>
<Cov CovItemId="S21" Value="71"/>
<Cov CovItemId="S22" Value="35"/>
<Cov CovItemId="S23" Value="36"/>
<Cov CovItemId="S24" Value="2"/>
<Cov CovItemId="S25" Value="2"/>
<Cov CovItemId="S26" Value="2"/>
<Cov CovItemId="S27" Value="2"/>
<Cov CovItemId="S28" Value="2"/>
<Cov CovItemId="S29" Value="1"/>
<Cov CovItemId="S3" Value="1"/>
<Cov CovItemId="S30" Value="1"/>
<Cov CovItemId="S31" Value="7"/>
<Cov CovItemId="S32" Value="7"/>
<Cov CovItemId="S33" Value="7"/>
<Cov CovItemId="S34" Value="7"/>
<Cov CovItemId="S35" Value="2"/>
<Cov CovItemId="S36" Value="2"/>
<Cov CovItemId="S37" Value="2"/>
<Cov CovItemId="S38" Value="5"/>
<Cov CovItemId="S39" Value="3"/>
<Cov CovItemId="S4" Value="1"/>
<Cov CovItemId="S40" Value="1"/>
<Cov CovItemId="S41" Value="99"/>
<Cov CovItemId="S42" Value="72"/>
<Cov CovItemId="S43" Value="27"/>
<Cov CovItemId="S44" Value="27"/>
<Cov CovItemId="S45" Value="27"/>
<Cov CovItemId="S46" Value="92"/>
<Cov CovItemId="S47" Value="92"/>
<Cov CovItemId="S48" Value="92"/>
<Cov CovItemId="S49" Value="92"/>
<Cov CovItemId="S5" Value="1"/>
<Cov CovItemId="S50" Value="92"/>
<Cov CovItemId="S51" Value="92"/>
<Cov CovItemId="S52" Value="15"/>
<Cov CovItemId="S53" Value="27"/>
<Cov CovItemId="S54" Value="72"/>
<Cov CovItemId="S55" Value="72"/>
<Cov CovItemId="S56" Value="72"/>
<Cov CovItemId="S57" Value="72"/>
<Cov CovItemId="S58" Value="72"/>
<Cov CovItemId="S59" Value="72"/>
<Cov CovItemId="S6" Value="1"/>
<Cov CovItemId="S61" Value="72"/>
<Cov CovItemId="S62" Value="72"/>
<Cov CovItemId="S63" Value="72"/>
<Cov CovItemId="S64" Value="864"/>
<Cov CovItemId="S65" Value="72"/>
<Cov CovItemId="S66" Value="860"/>
<Cov CovItemId="S67" Value="72"/>
<Cov CovItemId="S68" Value="72"/>
<Cov CovItemId="S7" Value="1"/>
<Cov CovItemId="S78" Value="72"/>
<Cov CovItemId="S79" Value="72"/>
<Cov CovItemId="S8" Value="1"/>
<Cov CovItemId="S80" Value="72"/>
<Cov CovItemId="S81" Value="72"/>
<Cov CovItemId="S82" Value="72"/>
<Cov CovItemId="S84" Value="256"/>
<Cov CovItemId="S85" Value="60"/>
<Cov CovItemId="S86" Value="196"/>
<Cov CovItemId="S87" Value="99"/>
<Cov CovItemId="S88" Value="99"/>
<Cov CovItemId="S89" Value="99"/>
<Cov CovItemId="S9" Value="1"/>
<Cov CovItemId="S90" Value="99"/>
<Cov CovItemId="S91" Value="99"/>
<Cov CovItemId="S92" Value="99"/>
<Cov CovItemId="S93" Value="4"/>
<Cov CovItemId="S94" Value="4"/>
<Cov CovItemId="S95" Value="4"/>
<Cov CovItemId="S97" Value="4"/>
<Cov CovItemId="S98" Value="4"/>
<Cov CovItemId="S99" Value="99"/>
</CovPrefix>
<CovPrefix CovItemPrefix="com.OriginalFiles.Move.java">
<Cov CovItemId="B1" Value="1"/>
<Cov CovItemId="S1" Value="215"/>
<Cov CovItemId="S12" Value="1"/>
<Cov CovItemId="S13" Value="1"/>
<Cov CovItemId="S14" Value="1"/>
<Cov CovItemId="S15" Value="1"/>
<Cov CovItemId="S2" Value="215"/>
<Cov CovItemId="S3" Value="210"/>
<Cov CovItemId="S4" Value="210"/>
<Cov CovItemId="S5" Value="210"/>
<Cov CovItemId="S6" Value="210"/>
<Cov CovItemId="S7" Value="210"/>
<Cov CovItemId="S8" Value="5"/>
<Cov CovItemId="S9" Value="5"/>
</CovPrefix>
<CovPrefix CovItemPrefix="com.OriginalFiles.Piece.java">
<Cov CovItemId="B10" Value="97"/>
<Cov CovItemId="B11" Value="227"/>
<Cov CovItemId="B12" Value="16"/>
<Cov CovItemId="B14" Value="227"/>
<Cov CovItemId="B15" Value="227"/>
<Cov CovItemId="B18" Value="227"/>
<Cov CovItemId="B2" Value="243"/>
<Cov CovItemId="B34" Value="227"/>
<Cov CovItemId="B35" Value="8"/>
<Cov CovItemId="B36" Value="219"/>
<Cov CovItemId="B37" Value="8"/>
<Cov CovItemId="B40" Value="227"/>
<Cov CovItemId="B5" Value="227"/>
<Cov CovItemId="B6" Value="16"/>
<Cov CovItemId="B8" Value="1724"/>
<Cov CovItemId="B9" Value="130"/>
<Cov CovItemId="S1" Value="40"/>
<Cov CovItemId="S10" Value="40"/>
<Cov CovItemId="S11" Value="40"/>
<Cov CovItemId="S12" Value="40"/>
<Cov CovItemId="S13" Value="40"/>
<Cov CovItemId="S14" Value="40"/>
<Cov CovItemId="S15" Value="40"/>
<Cov CovItemId="S16" Value="40"/>
<Cov CovItemId="S17" Value="40"/>
<Cov CovItemId="S18" Value="40"/>
<Cov CovItemId="S19" Value="40"/>
<Cov CovItemId="S2" Value="40"/>
<Cov CovItemId="S20" Value="40"/>
<Cov CovItemId="S21" Value="40"/>
<Cov CovItemId="S22" Value="4"/>
<Cov CovItemId="S23" Value="4"/>
<Cov CovItemId="S24" Value="243"/>
<Cov CovItemId="S25" Value="243"/>
<Cov CovItemId="S26" Value="243"/>
<Cov CovItemId="S3" Value="40"/>
<Cov CovItemId="S30" Value="243"/>
<Cov CovItemId="S31" Value="243"/>
<Cov CovItemId="S32" Value="243"/>
<Cov CovItemId="S33" Value="227"/>
<Cov CovItemId="S34" Value="16"/>
<Cov CovItemId="S35" Value="16"/>
<Cov CovItemId="S36" Value="1724"/>
<Cov CovItemId="S38" Value="1724"/>
<Cov CovItemId="S39" Value="227"/>
<Cov CovItemId="S4" Value="40"/>
<Cov CovItemId="S40" Value="130"/>
<Cov CovItemId="S41" Value="97"/>
<Cov CovItemId="S42" Value="243"/>
<Cov CovItemId="S43" Value="243"/>
<Cov CovItemId="S44" Value="227"/>
<Cov CovItemId="S45" Value="227"/>
<Cov CovItemId="S46" Value="227"/>
<Cov CovItemId="S48" Value="227"/>
<Cov CovItemId="S49" Value="227"/>
<Cov CovItemId="S5" Value="40"/>
<Cov CovItemId="S50" Value="227"/>
<Cov CovItemId="S6" Value="40"/>
<Cov CovItemId="S65" Value="227"/>
<Cov CovItemId="S67" Value="227"/>
<Cov CovItemId="S68" Value="8"/>
<Cov CovItemId="S69" Value="8"/>
<Cov CovItemId="S7" Value="40"/>
<Cov CovItemId="S70" Value="8"/>
<Cov CovItemId="S71" Value="227"/>
<Cov CovItemId="S73" Value="227"/>
<Cov CovItemId="S8" Value="40"/>
<Cov CovItemId="S9" Value="40"/>
</CovPrefix>
<CovPrefix CovItemPrefix="com.OriginalFiles.RemoteNXTFunctions.java">
<Cov CovItemId="B5" Value="1"/>
<Cov CovItemId="B7" Value="1"/>
<Cov CovItemId="S1" Value="1"/>
<Cov CovItemId="S162" Value="1"/>
<Cov CovItemId="S19" Value="1"/>
<Cov CovItemId="S2" Value="1"/>
<Cov CovItemId="S20" Value="1"/>
<Cov CovItemId="S21" Value="1"/>
<Cov CovItemId="S22" Value="1"/>
<Cov CovItemId="S3" Value="1"/>
</CovPrefix>
</CovList>
<AssgnmntList>
<AssgnmntPrefix RootTermCovItemPrefix="com.OriginalFiles.Analyze.java">
<AssgnmntListEntry Length="1" RootTermCovItemId="C34">
<MapEntry BoolAssgnmnt="0" Value="9"/>
<MapEntry BoolAssgnmnt="1" Value="2"/>
</AssgnmntListEntry>
<AssgnmntListEntry Length="1" RootTermCovItemId="C35">
<MapEntry BoolAssgnmnt="0" Value="11"/>
</AssgnmntListEntry>
<AssgnmntListEntry Length="1" RootTermCovItemId="C36">
<MapEntry BoolAssgnmnt="0" Value="11"/>
</AssgnmntListEntry>
<AssgnmntListEntry Length="1" RootTermCovItemId="C37">
<MapEntry BoolAssgnmnt="0" Value="7"/>
<MapEntry BoolAssgnmnt="1" Value="4"/>
</AssgnmntListEntry>
<AssgnmntListEntry Length="1" RootTermCovItemId="C38">
<MapEntry BoolAssgnmnt="0" Value="6"/>
<MapEntry BoolAssgnmnt="1" Value="5"/>
</AssgnmntListEntry>
<AssgnmntListEntry Length="1" RootTermCovItemId="C39">
<MapEntry BoolAssgnmnt="0" Value="11"/>
<MapEntry BoolAssgnmnt="1" Value="11"/>
</AssgnmntListEntry>
<AssgnmntListEntry Length="1" RootTermCovItemId="C49">
<MapEntry BoolAssgnmnt="0" Value="199"/>
</AssgnmntListEntry>
<AssgnmntListEntry Length="1" RootTermCovItemId="C64">
<MapEntry BoolAssgnmnt="1" Value="1"/>
</AssgnmntListEntry>
<AssgnmntListEntry Length="6" RootTermCovItemId="C66">
<MapEntry BoolAssgnmnt="111111" Value="1"/>
</AssgnmntListEntry>
<AssgnmntListEntry Length="1" RootTermCovItemId="C70">
<MapEntry BoolAssgnmnt="0" Value="2372"/>
<MapEntry BoolAssgnmnt="1" Value="3964"/>
</AssgnmntListEntry>
<AssgnmntListEntry Length="1" RootTermCovItemId="C71">
<MapEntry BoolAssgnmnt="0" Value="1188"/>
<MapEntry BoolAssgnmnt="1" Value="1184"/>
</AssgnmntListEntry>
<AssgnmntListEntry Length="1" RootTermCovItemId="C72">
<MapEntry BoolAssgnmnt="0" Value="675"/>
<MapEntry BoolAssgnmnt="1" Value="509"/>
</AssgnmntListEntry>
<AssgnmntListEntry Length="1" RootTermCovItemId="C73">
<MapEntry BoolAssgnmnt="0" Value="1184"/>
<MapEntry BoolAssgnmnt="1" Value="1188"/>
</AssgnmntListEntry>
<AssgnmntListEntry Length="1" RootTermCovItemId="C74">
<MapEntry BoolAssgnmnt="0" Value="587"/>
<MapEntry BoolAssgnmnt="1" Value="601"/>
</AssgnmntListEntry>
<AssgnmntListEntry Length="3" RootTermCovItemId="C75">
<MapEntry BoolAssgnmnt="012" Value="79"/>
<MapEntry BoolAssgnmnt="001" Value="20"/>
</AssgnmntListEntry>
<AssgnmntListEntry Length="3" RootTermCovItemId="C76">
<MapEntry BoolAssgnmnt="011" Value="79"/>
<MapEntry BoolAssgnmnt="002" Value="20"/>
</AssgnmntListEntry>
<AssgnmntListEntry Length="2" RootTermCovItemId="C77">
<MapEntry BoolAssgnmnt="02" Value="99"/>
</AssgnmntListEntry>
<AssgnmntListEntry Length="1" RootTermCovItemId="C82">
<MapEntry BoolAssgnmnt="0" Value="4"/>
<MapEntry BoolAssgnmnt="1" Value="68"/>
</AssgnmntListEntry>
<AssgnmntListEntry Length="1" RootTermCovItemId="C83">
<MapEntry BoolAssgnmnt="1" Value="68"/>
</AssgnmntListEntry>
<AssgnmntListEntry Length="1" RootTermCovItemId="C84">
<MapEntry BoolAssgnmnt="0" Value="68"/>
<MapEntry BoolAssgnmnt="1" Value="272"/>
</AssgnmntListEntry>
<AssgnmntListEntry Length="1" RootTermCovItemId="C85">
<MapEntry BoolAssgnmnt="0" Value="272"/>
<MapEntry BoolAssgnmnt="1" Value="2176"/>
</AssgnmntListEntry>
<AssgnmntListEntry Length="1" RootTermCovItemId="C86">
<MapEntry BoolAssgnmnt="0" Value="816"/>
<MapEntry BoolAssgnmnt="1" Value="1360"/>
</AssgnmntListEntry>
<AssgnmntListEntry Length="1" RootTermCovItemId="C87">
<MapEntry BoolAssgnmnt="1" Value="68"/>
</AssgnmntListEntry>
<AssgnmntListEntry Length="2" RootTermCovItemId="C88">
<MapEntry BoolAssgnmnt="12" Value="4"/>
</AssgnmntListEntry>
<AssgnmntListEntry Length="2" RootTermCovItemId="C89">
<MapEntry BoolAssgnmnt="10" Value="4"/>
</AssgnmntListEntry>
</AssgnmntPrefix>
<AssgnmntPrefix RootTermCovItemPrefix="com.OriginalFiles.Board.java">
<AssgnmntListEntry Length="1" RootTermCovItemId="C1">
<MapEntry BoolAssgnmnt="0" Value="1"/>
<MapEntry BoolAssgnmnt="1" Value="8"/>
</AssgnmntListEntry>
<AssgnmntListEntry Length="1" RootTermCovItemId="C10">
<MapEntry BoolAssgnmnt="0" Value="1"/>
<MapEntry BoolAssgnmnt="1" Value="3"/>
</AssgnmntListEntry>
<AssgnmntListEntry Length="1" RootTermCovItemId="C11">
<MapEntry BoolAssgnmnt="0" Value="3"/>
<MapEntry BoolAssgnmnt="1" Value="24"/>
</AssgnmntListEntry>
<AssgnmntListEntry Length="1" RootTermCovItemId="C12">
<MapEntry BoolAssgnmnt="0" Value="1"/>
<MapEntry BoolAssgnmnt="1" Value="2"/>
</AssgnmntListEntry>
<AssgnmntListEntry Length="1" RootTermCovItemId="C13">
<MapEntry BoolAssgnmnt="0" Value="2"/>
<MapEntry BoolAssgnmnt="1" Value="16"/>
</AssgnmntListEntry>
<AssgnmntListEntry Length="1" RootTermCovItemId="C2">
<MapEntry BoolAssgnmnt="0" Value="8"/>
<MapEntry BoolAssgnmnt="1" Value="64"/>
</AssgnmntListEntry>
<AssgnmntListEntry Length="1" RootTermCovItemId="C26">
<MapEntry BoolAssgnmnt="0" Value="199"/>
</AssgnmntListEntry>
<AssgnmntListEntry Length="1" RootTermCovItemId="C27">
<MapEntry BoolAssgnmnt="0" Value="158"/>
<MapEntry BoolAssgnmnt="1" Value="41"/>
</AssgnmntListEntry>
<AssgnmntListEntry Length="2" RootTermCovItemId="C28">
<MapEntry BoolAssgnmnt="02" Value="199"/>
</AssgnmntListEntry>
<AssgnmntListEntry Length="1" RootTermCovItemId="C29">
<MapEntry BoolAssgnmnt="1" Value="199"/>
</AssgnmntListEntry>
<AssgnmntListEntry Length="1" RootTermCovItemId="C3">
<MapEntry BoolAssgnmnt="0" Value="32"/>
<MapEntry BoolAssgnmnt="1" Value="32"/>
</AssgnmntListEntry>
<AssgnmntListEntry Length="1" RootTermCovItemId="C31">
<MapEntry BoolAssgnmnt="0" Value="770"/>
<MapEntry BoolAssgnmnt="1" Value="5690"/>
</AssgnmntListEntry>
<AssgnmntListEntry Length="1" RootTermCovItemId="C32">
<MapEntry BoolAssgnmnt="0" Value="3006"/>
<MapEntry BoolAssgnmnt="1" Value="61"/>
</AssgnmntListEntry>
<AssgnmntListEntry Length="1" RootTermCovItemId="C33">
<MapEntry BoolAssgnmnt="0" Value="1056"/>
<MapEntry BoolAssgnmnt="1" Value="2099"/>
</AssgnmntListEntry>
<AssgnmntListEntry Length="1" RootTermCovItemId="C34">
<MapEntry BoolAssgnmnt="0" Value="1045"/>
<MapEntry BoolAssgnmnt="1" Value="2110"/>
</AssgnmntListEntry>
<AssgnmntListEntry Length="1" RootTermCovItemId="C35">
<MapEntry BoolAssgnmnt="0" Value="3155"/>
</AssgnmntListEntry>
<AssgnmntListEntry Length="5" RootTermCovItemId="C38">
<MapEntry BoolAssgnmnt="02002" Value="3046"/>
<MapEntry BoolAssgnmnt="10122" Value="3086"/>
<MapEntry BoolAssgnmnt="11220" Value="3092"/>
<MapEntry BoolAssgnmnt="02010" Value="2982"/>
</AssgnmntListEntry>
<AssgnmntListEntry Length="1" RootTermCovItemId="C39">
<MapEntry BoolAssgnmnt="0" Value="1525"/>
<MapEntry BoolAssgnmnt="1" Value="4607"/>
</AssgnmntListEntry>
<AssgnmntListEntry Length="1" RootTermCovItemId="C4">
<MapEntry BoolAssgnmnt="0" Value="20"/>
<MapEntry BoolAssgnmnt="1" Value="12"/>
</AssgnmntListEntry>
<AssgnmntListEntry Length="1" RootTermCovItemId="C40">
<MapEntry BoolAssgnmnt="0" Value="4607"/>
</AssgnmntListEntry>
<AssgnmntListEntry Length="2" RootTermCovItemId="C41">
<MapEntry BoolAssgnmnt="10" Value="67"/>
<MapEntry BoolAssgnmnt="02" Value="4457"/>
<MapEntry BoolAssgnmnt="11" Value="83"/>
</AssgnmntListEntry>
<AssgnmntListEntry Length="1" RootTermCovItemId="C42">
<MapEntry BoolAssgnmnt="0" Value="4096"/>
<MapEntry BoolAssgnmnt="1" Value="4096"/>
</AssgnmntListEntry>
<AssgnmntListEntry Length="1" RootTermCovItemId="C43">
<MapEntry BoolAssgnmnt="0" Value="1029"/>
<MapEntry BoolAssgnmnt="1" Value="3067"/>
</AssgnmntListEntry>
<AssgnmntListEntry Length="1" RootTermCovItemId="C44">
<MapEntry BoolAssgnmnt="0" Value="1532"/>
<MapEntry BoolAssgnmnt="1" Value="1535"/>
</AssgnmntListEntry>
<AssgnmntListEntry Length="1" RootTermCovItemId="C45">
<MapEntry BoolAssgnmnt="1" Value="1"/>
</AssgnmntListEntry>
<AssgnmntListEntry Length="1" RootTermCovItemId="C5">
<MapEntry BoolAssgnmnt="0" Value="8"/>
<MapEntry BoolAssgnmnt="1" Value="4"/>
</AssgnmntListEntry>
<AssgnmntListEntry Length="1" RootTermCovItemId="C53">
<MapEntry BoolAssgnmnt="1" Value="13003"/>
</AssgnmntListEntry>
<AssgnmntListEntry Length="1" RootTermCovItemId="C54">
<MapEntry BoolAssgnmnt="0" Value="11419"/>
<MapEntry BoolAssgnmnt="1" Value="1584"/>
</AssgnmntListEntry>
<AssgnmntListEntry Length="3" RootTermCovItemId="C55">
<MapEntry BoolAssgnmnt="002" Value="5968"/>
<MapEntry BoolAssgnmnt="120" Value="3282"/>
<MapEntry BoolAssgnmnt="121" Value="3081"/>
</AssgnmntListEntry>
<AssgnmntListEntry Length="3" RootTermCovItemId="C56">
<MapEntry BoolAssgnmnt="002" Value="3081"/>
<MapEntry BoolAssgnmnt="120" Value="4501"/>
<MapEntry BoolAssgnmnt="121" Value="1467"/>
</AssgnmntListEntry>
<AssgnmntListEntry Length="1" RootTermCovItemId="C6">
<MapEntry BoolAssgnmnt="0" Value="20"/>
<MapEntry BoolAssgnmnt="1" Value="12"/>
</AssgnmntListEntry>
<AssgnmntListEntry Length="1" RootTermCovItemId="C7">
<MapEntry BoolAssgnmnt="0" Value="8"/>
<MapEntry BoolAssgnmnt="1" Value="4"/>
</AssgnmntListEntry>
<AssgnmntListEntry Length="1" RootTermCovItemId="C8">
<MapEntry BoolAssgnmnt="0" Value="1"/>
<MapEntry BoolAssgnmnt="1" Value="8"/>
</AssgnmntListEntry>
<AssgnmntListEntry Length="1" RootTermCovItemId="C9">
<MapEntry BoolAssgnmnt="0" Value="1"/>
<MapEntry BoolAssgnmnt="1" Value="8"/>
</AssgnmntListEntry>
</AssgnmntPrefix>
<AssgnmntPrefix RootTermCovItemPrefix="com.OriginalFiles.Field.java">
<AssgnmntListEntry Length="1" RootTermCovItemId="C1">
<MapEntry BoolAssgnmnt="0" Value="243"/>
<MapEntry BoolAssgnmnt="1" Value="12"/>
</AssgnmntListEntry>
</AssgnmntPrefix>
<AssgnmntPrefix RootTermCovItemPrefix="com.OriginalFiles.MI.java">
<AssgnmntListEntry Length="1" RootTermCovItemId="C1">
<MapEntry BoolAssgnmnt="1" Value="1"/>
</AssgnmntListEntry>
<AssgnmntListEntry Length="1" RootTermCovItemId="C10">
<MapEntry BoolAssgnmnt="1" Value="72"/>
</AssgnmntListEntry>
<AssgnmntListEntry Length="1" RootTermCovItemId="C11">
<MapEntry BoolAssgnmnt="0" Value="72"/>
<MapEntry BoolAssgnmnt="1" Value="864"/>
</AssgnmntListEntry>
<AssgnmntListEntry Length="1" RootTermCovItemId="C12">
<MapEntry BoolAssgnmnt="0" Value="72"/>
<MapEntry BoolAssgnmnt="1" Value="860"/>
</AssgnmntListEntry>
<AssgnmntListEntry Length="1" RootTermCovItemId="C15">
<MapEntry BoolAssgnmnt="1" Value="72"/>
</AssgnmntListEntry>
<AssgnmntListEntry Length="1" RootTermCovItemId="C16">
<MapEntry BoolAssgnmnt="0" Value="196"/>
<MapEntry BoolAssgnmnt="1" Value="60"/>
</AssgnmntListEntry>
<AssgnmntListEntry Length="1" RootTermCovItemId="C17">
<MapEntry BoolAssgnmnt="1" Value="99"/>
</AssgnmntListEntry>
<AssgnmntListEntry Length="1" RootTermCovItemId="C18">
<MapEntry BoolAssgnmnt="0" Value="99"/>
<MapEntry BoolAssgnmnt="1" Value="99"/>
</AssgnmntListEntry>
<AssgnmntListEntry Length="1" RootTermCovItemId="C19">
<MapEntry BoolAssgnmnt="0" Value="95"/>
<MapEntry BoolAssgnmnt="1" Value="4"/>
</AssgnmntListEntry>
<AssgnmntListEntry Length="1" RootTermCovItemId="C2">
<MapEntry BoolAssgnmnt="0" Value="71"/>
<MapEntry BoolAssgnmnt="1" Value="121"/>
</AssgnmntListEntry>
<AssgnmntListEntry Length="1" RootTermCovItemId="C20">
<MapEntry BoolAssgnmnt="1" Value="4"/>
</AssgnmntListEntry>
<AssgnmntListEntry Length="1" RootTermCovItemId="C21">
<MapEntry BoolAssgnmnt="1" Value="99"/>
</AssgnmntListEntry>
<AssgnmntListEntry Length="1" RootTermCovItemId="C22">
<MapEntry BoolAssgnmnt="0" Value="99"/>
<MapEntry BoolAssgnmnt="1" Value="99"/>
</AssgnmntListEntry>
<AssgnmntListEntry Length="1" RootTermCovItemId="C23">
<MapEntry BoolAssgnmnt="0" Value="99"/>
</AssgnmntListEntry>
<AssgnmntListEntry Length="2" RootTermCovItemId="C24">
<MapEntry BoolAssgnmnt="02" Value="99"/>
</AssgnmntListEntry>
<AssgnmntListEntry Length="1" RootTermCovItemId="C27">
<MapEntry BoolAssgnmnt="0" Value="99"/>
<MapEntry BoolAssgnmnt="1" Value="4"/>
</AssgnmntListEntry>
<AssgnmntListEntry Length="1" RootTermCovItemId="C28">
<MapEntry BoolAssgnmnt="1" Value="4"/>
</AssgnmntListEntry>
<AssgnmntListEntry Length="1" RootTermCovItemId="C29">
<MapEntry BoolAssgnmnt="0" Value="695"/>
<MapEntry BoolAssgnmnt="1" Value="1161"/>
</AssgnmntListEntry>
<AssgnmntListEntry Length="1" RootTermCovItemId="C3">
<MapEntry BoolAssgnmnt="0" Value="36"/>
<MapEntry BoolAssgnmnt="1" Value="35"/>
</AssgnmntListEntry>
<AssgnmntListEntry Length="2" RootTermCovItemId="C30">
<MapEntry BoolAssgnmnt="10" Value="161"/>
<MapEntry BoolAssgnmnt="02" Value="380"/>
<MapEntry BoolAssgnmnt="11" Value="154"/>
</AssgnmntListEntry>
<AssgnmntListEntry Length="1" RootTermCovItemId="C31">
<MapEntry BoolAssgnmnt="0" Value="149"/>
<MapEntry BoolAssgnmnt="1" Value="5"/>
</AssgnmntListEntry>
<AssgnmntListEntry Length="1" RootTermCovItemId="C32">
<MapEntry BoolAssgnmnt="1" Value="5"/>
</AssgnmntListEntry>
<AssgnmntListEntry Length="1" RootTermCovItemId="C33">
<MapEntry BoolAssgnmnt="0" Value="149"/>
</AssgnmntListEntry>
<AssgnmntListEntry Length="1" RootTermCovItemId="C34">
<MapEntry BoolAssgnmnt="0" Value="24"/>
<MapEntry BoolAssgnmnt="1" Value="5"/>
</AssgnmntListEntry>
<AssgnmntListEntry Length="1" RootTermCovItemId="C4">
<MapEntry BoolAssgnmnt="0" Value="1"/>
<MapEntry BoolAssgnmnt="1" Value="1"/>
</AssgnmntListEntry>
<AssgnmntListEntry Length="1" RootTermCovItemId="C5">
<MapEntry BoolAssgnmnt="0" Value="5"/>
<MapEntry BoolAssgnmnt="1" Value="2"/>
</AssgnmntListEntry>
<AssgnmntListEntry Length="1" RootTermCovItemId="C6">
<MapEntry BoolAssgnmnt="0" Value="2"/>
<MapEntry BoolAssgnmnt="1" Value="3"/>
</AssgnmntListEntry>
<AssgnmntListEntry Length="2" RootTermCovItemId="C7">
<MapEntry BoolAssgnmnt="00" Value="27"/>
<MapEntry BoolAssgnmnt="12" Value="72"/>
</AssgnmntListEntry>
<AssgnmntListEntry Length="1" RootTermCovItemId="C8">
<MapEntry BoolAssgnmnt="0" Value="77"/>
<MapEntry BoolAssgnmnt="1" Value="15"/>
</AssgnmntListEntry>
<AssgnmntListEntry Length="1" RootTermCovItemId="C9">
<MapEntry BoolAssgnmnt="1" Value="72"/>
</AssgnmntListEntry>
</AssgnmntPrefix>
<AssgnmntPrefix RootTermCovItemPrefix="com.OriginalFiles.Move.java">
<AssgnmntListEntry Length="1" RootTermCovItemId="C1">
<MapEntry BoolAssgnmnt="1" Value="1"/>
</AssgnmntListEntry>
</AssgnmntPrefix>
<AssgnmntPrefix RootTermCovItemPrefix="com.OriginalFiles.Piece.java">
<AssgnmntListEntry Length="2" RootTermCovItemId="C1">
<MapEntry BoolAssgnmnt="10" Value="227"/>
<MapEntry BoolAssgnmnt="02" Value="16"/>
</AssgnmntListEntry>
<AssgnmntListEntry Length="5" RootTermCovItemId="C17">
<MapEntry BoolAssgnmnt="00210" Value="170"/>
<MapEntry BoolAssgnmnt="01002" Value="57"/>
</AssgnmntListEntry>
<AssgnmntListEntry Length="5" RootTermCovItemId="C18">
<MapEntry BoolAssgnmnt="00210" Value="166"/>
<MapEntry BoolAssgnmnt="00211" Value="4"/>
<MapEntry BoolAssgnmnt="01002" Value="53"/>
<MapEntry BoolAssgnmnt="01122" Value="4"/>
</AssgnmntListEntry>
<AssgnmntListEntry Length="1" RootTermCovItemId="C19">
<MapEntry BoolAssgnmnt="1" Value="8"/>
</AssgnmntListEntry>
<AssgnmntListEntry Length="1" RootTermCovItemId="C20">
<MapEntry BoolAssgnmnt="0" Value="227"/>
</AssgnmntListEntry>
<AssgnmntListEntry Length="1" RootTermCovItemId="C3">
<MapEntry BoolAssgnmnt="0" Value="16"/>
<MapEntry BoolAssgnmnt="1" Value="227"/>
</AssgnmntListEntry>
<AssgnmntListEntry Length="2" RootTermCovItemId="C4">
<MapEntry BoolAssgnmnt="00" Value="1724"/>
</AssgnmntListEntry>
<AssgnmntListEntry Length="1" RootTermCovItemId="C5">
<MapEntry BoolAssgnmnt="0" Value="97"/>
<MapEntry BoolAssgnmnt="1" Value="130"/>
</AssgnmntListEntry>
<AssgnmntListEntry Length="1" RootTermCovItemId="C6">
<MapEntry BoolAssgnmnt="0" Value="16"/>
<MapEntry BoolAssgnmnt="1" Value="227"/>
</AssgnmntListEntry>
<AssgnmntListEntry Length="1" RootTermCovItemId="C7">
<MapEntry BoolAssgnmnt="0" Value="227"/>
</AssgnmntListEntry>
<AssgnmntListEntry Length="1" RootTermCovItemId="C8">
<MapEntry BoolAssgnmnt="1" Value="227"/>
</AssgnmntListEntry>
<AssgnmntListEntry Length="1" RootTermCovItemId="C9">
<MapEntry BoolAssgnmnt="0" Value="227"/>
</AssgnmntListEntry>
</AssgnmntPrefix>
<AssgnmntPrefix RootTermCovItemPrefix="com.OriginalFiles.RemoteNXTFunctions.java">
<AssgnmntListEntry Length="1" RootTermCovItemId="C5">
<MapEntry BoolAssgnmnt="1" Value="1"/>
</AssgnmntListEntry>
<AssgnmntListEntry Length="2" RootTermCovItemId="C6">
<MapEntry BoolAssgnmnt="11" Value="1"/>
</AssgnmntListEntry>
</AssgnmntPrefix>
</AssgnmntList>
<ObjMetaDataList/>
<MetaDataList/>
</TestCase>
<TestCase Comment="" Date="1386064416897" Name="com.Testing.MiTest:testLookForBestMoveEndGame">
<CovList>
<CovPrefix CovItemPrefix="com.OriginalFiles.Analyze.java">
<Cov CovItemId="B103" Value="1"/>
<Cov CovItemId="B107" Value="1"/>
<Cov CovItemId="B120" Value="928"/>
<Cov CovItemId="B121" Value="6496"/>
<Cov CovItemId="B122" Value="464"/>
<Cov CovItemId="B123" Value="464"/>
<Cov CovItemId="B124" Value="454"/>
<Cov CovItemId="B125" Value="10"/>
<Cov CovItemId="B126" Value="464"/>
<Cov CovItemId="B127" Value="464"/>
<Cov CovItemId="B128" Value="420"/>
<Cov CovItemId="B129" Value="44"/>
<Cov CovItemId="B131" Value="116"/>
<Cov CovItemId="B133" Value="116"/>
<Cov CovItemId="B135" Value="116"/>
<Cov CovItemId="B144" Value="90"/>
<Cov CovItemId="B147" Value="90"/>
<Cov CovItemId="B148" Value="388"/>
<Cov CovItemId="B149" Value="2492"/>
<Cov CovItemId="B150" Value="90"/>
<Cov CovItemId="B84" Value="232"/>
<Cov CovItemId="L16-2" Value="116"/>
<Cov CovItemId="L17-2" Value="928"/>
<Cov CovItemId="L18-2" Value="90"/>
<Cov CovItemId="L19-2" Value="360"/>
<Cov CovItemId="S1" Value="1"/>
<Cov CovItemId="S149" Value="232"/>
<Cov CovItemId="S191" Value="1"/>
<Cov CovItemId="S192" Value="1"/>
<Cov CovItemId="S193" Value="1"/>
<Cov CovItemId="S199" Value="1"/>
<Cov CovItemId="S2" Value="1"/>
<Cov CovItemId="S200" Value="1"/>
<Cov CovItemId="S201" Value="1"/>
<Cov CovItemId="S202" Value="1"/>
<Cov CovItemId="S203" Value="1"/>
<Cov CovItemId="S204" Value="1"/>
<Cov CovItemId="S221" Value="116"/>
<Cov CovItemId="S222" Value="116"/>
<Cov CovItemId="S223" Value="116"/>
<Cov CovItemId="S224" Value="116"/>
<Cov CovItemId="S225" Value="116"/>
<Cov CovItemId="S226" Value="116"/>
<Cov CovItemId="S227" Value="928"/>
<Cov CovItemId="S228" Value="7424"/>
<Cov CovItemId="S229" Value="928"/>
<Cov CovItemId="S230" Value="464"/>
<Cov CovItemId="S231" Value="464"/>
<Cov CovItemId="S232" Value="454"/>
<Cov CovItemId="S233" Value="928"/>
<Cov CovItemId="S234" Value="464"/>
<Cov CovItemId="S235" Value="464"/>
<Cov CovItemId="S236" Value="420"/>
<Cov CovItemId="S237" Value="116"/>
<Cov CovItemId="S239" Value="116"/>
<Cov CovItemId="S241" Value="116"/>
<Cov CovItemId="S250" Value="116"/>
<Cov CovItemId="S251" Value="90"/>
<Cov CovItemId="S252" Value="90"/>
<Cov CovItemId="S253" Value="90"/>
<Cov CovItemId="S255" Value="90"/>
<Cov CovItemId="S256" Value="90"/>
<Cov CovItemId="S257" Value="360"/>
<Cov CovItemId="S258" Value="2880"/>
<Cov CovItemId="S259" Value="388"/>
<Cov CovItemId="S260" Value="90"/>
<Cov CovItemId="S261" Value="90"/>
<Cov CovItemId="S3" Value="1"/>
<Cov CovItemId="S4" Value="1"/>
<Cov CovItemId="S5" Value="1"/>
</CovPrefix>
<CovPrefix CovItemPrefix="com.OriginalFiles.Board.java">
<Cov CovItemId="B1" Value="32"/>
<Cov CovItemId="B10" Value="8"/>
<Cov CovItemId="B2" Value="32"/>
<Cov CovItemId="B3" Value="12"/>
<Cov CovItemId="B31" Value="232"/>
<Cov CovItemId="B33" Value="38"/>
<Cov CovItemId="B34" Value="194"/>
<Cov CovItemId="B36" Value="232"/>
<Cov CovItemId="B37" Value="232"/>
<Cov CovItemId="B38" Value="16"/>
<Cov CovItemId="B4" Value="20"/>
<Cov CovItemId="B41" Value="2195"/>
<Cov CovItemId="B42" Value="295"/>
<Cov CovItemId="B44" Value="1144"/>
<Cov CovItemId="B45" Value="951"/>
<Cov CovItemId="B46" Value="294"/>
<Cov CovItemId="B47" Value="1010"/>
<Cov CovItemId="B48" Value="235"/>
<Cov CovItemId="B5" Value="4"/>
<Cov CovItemId="B50" Value="1245"/>
<Cov CovItemId="B55" Value="2288"/>
<Cov CovItemId="B56" Value="2288"/>
<Cov CovItemId="B57" Value="1680"/>
<Cov CovItemId="B58" Value="608"/>
<Cov CovItemId="B59" Value="1680"/>
<Cov CovItemId="B6" Value="8"/>
<Cov CovItemId="B62" Value="1680"/>
<Cov CovItemId="B63" Value="4576"/>
<Cov CovItemId="B64" Value="4576"/>
<Cov CovItemId="B65" Value="1144"/>
<Cov CovItemId="B66" Value="3432"/>
<Cov CovItemId="B67" Value="572"/>
<Cov CovItemId="B68" Value="572"/>
<Cov CovItemId="B69" Value="1"/>
<Cov CovItemId="B7" Value="12"/>
<Cov CovItemId="B79" Value="48785"/>
<Cov CovItemId="B8" Value="20"/>
<Cov CovItemId="B81" Value="9626"/>
<Cov CovItemId="B82" Value="39159"/>
<Cov CovItemId="B83" Value="2617"/>
<Cov CovItemId="B84" Value="55587"/>
<Cov CovItemId="B85" Value="45957"/>
<Cov CovItemId="B86" Value="9630"/>
<Cov CovItemId="B9" Value="4"/>
<Cov CovItemId="L1-2" Value="1"/>
<Cov CovItemId="L10-2" Value="2288"/>
<Cov CovItemId="L13-2" Value="143"/>
<Cov CovItemId="L14-2" Value="1144"/>
<Cov CovItemId="L2-2" Value="8"/>
<Cov CovItemId="L3-2" Value="1"/>
<Cov CovItemId="L4-2" Value="1"/>
<Cov CovItemId="L5-2" Value="1"/>
<Cov CovItemId="L6-2" Value="3"/>
<Cov CovItemId="L7-2" Value="1"/>
<Cov CovItemId="L8-2" Value="2"/>
<Cov CovItemId="L9-2" Value="286"/>
<Cov CovItemId="S1" Value="1"/>
<Cov CovItemId="S10" Value="1"/>
<Cov CovItemId="S100" Value="38"/>
<Cov CovItemId="S101" Value="194"/>
<Cov CovItemId="S102" Value="232"/>
<Cov CovItemId="S104" Value="232"/>
<Cov CovItemId="S106" Value="248"/>
<Cov CovItemId="S107" Value="248"/>
<Cov CovItemId="S108" Value="248"/>
<Cov CovItemId="S109" Value="232"/>
<Cov CovItemId="S11" Value="8"/>
<Cov CovItemId="S115" Value="2490"/>
<Cov CovItemId="S116" Value="2195"/>
<Cov CovItemId="S117" Value="295"/>
<Cov CovItemId="S118" Value="1144"/>
<Cov CovItemId="S119" Value="1144"/>
<Cov CovItemId="S12" Value="64"/>
<Cov CovItemId="S121" Value="1144"/>
<Cov CovItemId="S122" Value="1144"/>
<Cov CovItemId="S123" Value="1245"/>
<Cov CovItemId="S124" Value="1245"/>
<Cov CovItemId="S125" Value="951"/>
<Cov CovItemId="S126" Value="1245"/>
<Cov CovItemId="S127" Value="1010"/>
<Cov CovItemId="S128" Value="1245"/>
<Cov CovItemId="S13" Value="64"/>
<Cov CovItemId="S133" Value="1245"/>
<Cov CovItemId="S134" Value="1144"/>
<Cov CovItemId="S135" Value="4576"/>
<Cov CovItemId="S136" Value="2288"/>
<Cov CovItemId="S137" Value="2288"/>
<Cov CovItemId="S138" Value="1680"/>
<Cov CovItemId="S139" Value="1680"/>
<Cov CovItemId="S14" Value="64"/>
<Cov CovItemId="S141" Value="2288"/>
<Cov CovItemId="S142" Value="4576"/>
<Cov CovItemId="S143" Value="143"/>
<Cov CovItemId="S144" Value="143"/>
<Cov CovItemId="S145" Value="1144"/>
<Cov CovItemId="S146" Value="9152"/>
<Cov CovItemId="S147" Value="4576"/>
<Cov CovItemId="S148" Value="1144"/>
<Cov CovItemId="S149" Value="572"/>
<Cov CovItemId="S15" Value="64"/>
<Cov CovItemId="S150" Value="572"/>
<Cov CovItemId="S151" Value="143"/>
<Cov CovItemId="S152" Value="1"/>
<Cov CovItemId="S153" Value="1"/>
<Cov CovItemId="S154" Value="1"/>
<Cov CovItemId="S16" Value="32"/>
<Cov CovItemId="S17" Value="32"/>
<Cov CovItemId="S176" Value="48785"/>
<Cov CovItemId="S177" Value="48785"/>
<Cov CovItemId="S178" Value="9626"/>
<Cov CovItemId="S179" Value="39159"/>
<Cov CovItemId="S18" Value="32"/>
<Cov CovItemId="S180" Value="58204"/>
<Cov CovItemId="S181" Value="2617"/>
<Cov CovItemId="S182" Value="55587"/>
<Cov CovItemId="S183" Value="45957"/>
<Cov CovItemId="S184" Value="9630"/>
<Cov CovItemId="S185" Value="159247"/>
<Cov CovItemId="S19" Value="12"/>
<Cov CovItemId="S2" Value="1"/>
<Cov CovItemId="S20" Value="12"/>
<Cov CovItemId="S21" Value="12"/>
<Cov CovItemId="S22" Value="4"/>
<Cov CovItemId="S23" Value="32"/>
<Cov CovItemId="S24" Value="12"/>
<Cov CovItemId="S25" Value="12"/>
<Cov CovItemId="S26" Value="12"/>
<Cov CovItemId="S27" Value="4"/>
<Cov CovItemId="S28" Value="32"/>
<Cov CovItemId="S29" Value="32"/>
<Cov CovItemId="S3" Value="1"/>
<Cov CovItemId="S30" Value="64"/>
<Cov CovItemId="S31" Value="1"/>
<Cov CovItemId="S32" Value="8"/>
<Cov CovItemId="S33" Value="8"/>
<Cov CovItemId="S34" Value="8"/>
<Cov CovItemId="S35" Value="8"/>
<Cov CovItemId="S36" Value="8"/>
<Cov CovItemId="S37" Value="8"/>
<Cov CovItemId="S38" Value="8"/>
<Cov CovItemId="S39" Value="8"/>
<Cov CovItemId="S4" Value="1"/>
<Cov CovItemId="S40" Value="1"/>
<Cov CovItemId="S41" Value="8"/>
<Cov CovItemId="S42" Value="8"/>
<Cov CovItemId="S43" Value="8"/>
<Cov CovItemId="S44" Value="8"/>
<Cov CovItemId="S45" Value="8"/>
<Cov CovItemId="S46" Value="8"/>
<Cov CovItemId="S47" Value="8"/>
<Cov CovItemId="S48" Value="8"/>
<Cov CovItemId="S49" Value="1"/>
<Cov CovItemId="S5" Value="1"/>
<Cov CovItemId="S50" Value="3"/>
<Cov CovItemId="S51" Value="24"/>
<Cov CovItemId="S52" Value="24"/>
<Cov CovItemId="S53" Value="24"/>
<Cov CovItemId="S54" Value="24"/>
<Cov CovItemId="S55" Value="1"/>
<Cov CovItemId="S56" Value="2"/>
<Cov CovItemId="S57" Value="16"/>
<Cov CovItemId="S58" Value="16"/>
<Cov CovItemId="S59" Value="16"/>
<Cov CovItemId="S6" Value="1"/>
<Cov CovItemId="S60" Value="16"/>
<Cov CovItemId="S61" Value="286"/>
<Cov CovItemId="S62" Value="2288"/>
<Cov CovItemId="S63" Value="18304"/>
<Cov CovItemId="S7" Value="1"/>
<Cov CovItemId="S8" Value="1"/>
<Cov CovItemId="S9" Value="1"/>
<Cov CovItemId="S98" Value="232"/>
<Cov CovItemId="S99" Value="232"/>
</CovPrefix>
<CovPrefix CovItemPrefix="com.OriginalFiles.Field.java">
<Cov CovItemId="B1" Value="288"/>
<Cov CovItemId="B2" Value="8"/>
<Cov CovItemId="S1" Value="121"/>
<Cov CovItemId="S13" Value="248"/>
<Cov CovItemId="S2" Value="121"/>
<Cov CovItemId="S3" Value="1"/>
<Cov CovItemId="S4" Value="1"/>
<Cov CovItemId="S5" Value="296"/>
<Cov CovItemId="S6" Value="296"/>
<Cov CovItemId="S7" Value="288"/>
<Cov CovItemId="S8" Value="22763"/>
<Cov CovItemId="S9" Value="64450"/>
</CovPrefix>
<CovPrefix CovItemPrefix="com.OriginalFiles.MI.java">
<Cov CovItemId="B1" Value="1"/>
<Cov CovItemId="B10" Value="5"/>
<Cov CovItemId="B11" Value="5"/>
<Cov CovItemId="B13" Value="90"/>
<Cov CovItemId="B14" Value="26"/>
<Cov CovItemId="B15" Value="17"/>
<Cov CovItemId="B16" Value="92"/>
<Cov CovItemId="B17" Value="90"/>
<Cov CovItemId="B20" Value="90"/>
<Cov CovItemId="B28" Value="90"/>
<Cov CovItemId="B3" Value="32"/>
<Cov CovItemId="B30" Value="90"/>
<Cov CovItemId="B31" Value="68"/>
<Cov CovItemId="B32" Value="240"/>
<Cov CovItemId="B33" Value="116"/>
<Cov CovItemId="B36" Value="116"/>
<Cov CovItemId="B39" Value="116"/>
<Cov CovItemId="B4" Value="96"/>
<Cov CovItemId="B41" Value="116"/>
<Cov CovItemId="B44" Value="116"/>
<Cov CovItemId="B5" Value="16"/>
<Cov CovItemId="B51" Value="216"/>
<Cov CovItemId="B52" Value="1512"/>
<Cov CovItemId="B53" Value="101"/>
<Cov CovItemId="B54" Value="115"/>
<Cov CovItemId="B56" Value="101"/>
<Cov CovItemId="B59" Value="101"/>
<Cov CovItemId="B6" Value="16"/>
<Cov CovItemId="B62" Value="27"/>
<Cov CovItemId="B8" Value="1"/>
<Cov CovItemId="B9" Value="2"/>
<Cov CovItemId="L1-2" Value="2"/>
<Cov CovItemId="L10-2" Value="27"/>
<Cov CovItemId="L11-2" Value="216"/>
<Cov CovItemId="L13-1" Value="31"/>
<Cov CovItemId="L13-2" Value="70"/>
<Cov CovItemId="L2-2" Value="16"/>
<Cov CovItemId="L3-2" Value="1"/>
<Cov CovItemId="L4-1" Value="6"/>
<Cov CovItemId="L4-2" Value="20"/>
<Cov CovItemId="L5-2" Value="90"/>
<Cov CovItemId="L6-2" Value="90"/>
<Cov CovItemId="L7-1" Value="116"/>
<Cov CovItemId="L8-1" Value="116"/>
<Cov CovItemId="L9-0" Value="116"/>
<Cov CovItemId="S1" Value="1"/>
<Cov CovItemId="S10" Value="1"/>
<Cov CovItemId="S100" Value="116"/>
<Cov CovItemId="S101" Value="116"/>
<Cov CovItemId="S102" Value="116"/>
<Cov CovItemId="S103" Value="116"/>
<Cov CovItemId="S104" Value="116"/>
<Cov CovItemId="S105" Value="116"/>
<Cov CovItemId="S106" Value="116"/>
<Cov CovItemId="S107" Value="116"/>
<Cov CovItemId="S108" Value="116"/>
<Cov CovItemId="S109" Value="116"/>
<Cov CovItemId="S11" Value="1"/>
<Cov CovItemId="S115" Value="116"/>
<Cov CovItemId="S116" Value="116"/>
<Cov CovItemId="S117" Value="116"/>
<Cov CovItemId="S12" Value="1"/>
<Cov CovItemId="S123" Value="27"/>
<Cov CovItemId="S124" Value="27"/>
<Cov CovItemId="S125" Value="27"/>
<Cov CovItemId="S126" Value="27"/>
<Cov CovItemId="S127" Value="216"/>
<Cov CovItemId="S128" Value="1728"/>
<Cov CovItemId="S129" Value="216"/>
<Cov CovItemId="S130" Value="101"/>
<Cov CovItemId="S135" Value="101"/>
<Cov CovItemId="S136" Value="101"/>
<Cov CovItemId="S137" Value="101"/>
<Cov CovItemId="S138" Value="171"/>
<Cov CovItemId="S139" Value="171"/>
<Cov CovItemId="S14" Value="1"/>
<Cov CovItemId="S140" Value="27"/>
<Cov CovItemId="S142" Value="27"/>
<Cov CovItemId="S15" Value="1"/>
<Cov CovItemId="S16" Value="2"/>
<Cov CovItemId="S17" Value="2"/>
<Cov CovItemId="S18" Value="2"/>
<Cov CovItemId="S19" Value="16"/>
<Cov CovItemId="S2" Value="1"/>
<Cov CovItemId="S20" Value="128"/>
<Cov CovItemId="S21" Value="32"/>
<Cov CovItemId="S22" Value="16"/>
<Cov CovItemId="S23" Value="16"/>
<Cov CovItemId="S24" Value="1"/>
<Cov CovItemId="S25" Value="1"/>
<Cov CovItemId="S26" Value="1"/>
<Cov CovItemId="S27" Value="1"/>
<Cov CovItemId="S28" Value="1"/>
<Cov CovItemId="S3" Value="1"/>
<Cov CovItemId="S30" Value="1"/>
<Cov CovItemId="S31" Value="7"/>
<Cov CovItemId="S32" Value="7"/>
<Cov CovItemId="S33" Value="7"/>
<Cov CovItemId="S34" Value="7"/>
<Cov CovItemId="S35" Value="2"/>
<Cov CovItemId="S36" Value="2"/>
<Cov CovItemId="S37" Value="2"/>
<Cov CovItemId="S38" Value="5"/>
<Cov CovItemId="S39" Value="5"/>
<Cov CovItemId="S4" Value="1"/>
<Cov CovItemId="S40" Value="1"/>
<Cov CovItemId="S41" Value="116"/>
<Cov CovItemId="S42" Value="90"/>
<Cov CovItemId="S43" Value="26"/>
<Cov CovItemId="S44" Value="26"/>
<Cov CovItemId="S45" Value="26"/>
<Cov CovItemId="S46" Value="109"/>
<Cov CovItemId="S47" Value="109"/>
<Cov CovItemId="S48" Value="109"/>
<Cov CovItemId="S49" Value="109"/>
<Cov CovItemId="S5" Value="1"/>
<Cov CovItemId="S50" Value="109"/>
<Cov CovItemId="S51" Value="109"/>
<Cov CovItemId="S52" Value="17"/>
<Cov CovItemId="S53" Value="26"/>
<Cov CovItemId="S54" Value="90"/>
<Cov CovItemId="S55" Value="90"/>
<Cov CovItemId="S56" Value="90"/>
<Cov CovItemId="S57" Value="90"/>
<Cov CovItemId="S58" Value="90"/>
<Cov CovItemId="S59" Value="90"/>
<Cov CovItemId="S6" Value="1"/>
<Cov CovItemId="S61" Value="90"/>
<Cov CovItemId="S62" Value="90"/>
<Cov CovItemId="S63" Value="90"/>
<Cov CovItemId="S64" Value="360"/>
<Cov CovItemId="S65" Value="90"/>
<Cov CovItemId="S66" Value="360"/>
<Cov CovItemId="S67" Value="90"/>
<Cov CovItemId="S68" Value="90"/>
<Cov CovItemId="S7" Value="1"/>
<Cov CovItemId="S78" Value="90"/>
<Cov CovItemId="S79" Value="90"/>
<Cov CovItemId="S8" Value="1"/>
<Cov CovItemId="S80" Value="90"/>
<Cov CovItemId="S81" Value="90"/>
<Cov CovItemId="S83" Value="90"/>
<Cov CovItemId="S84" Value="308"/>
<Cov CovItemId="S85" Value="68"/>
<Cov CovItemId="S86" Value="240"/>
<Cov CovItemId="S87" Value="116"/>
<Cov CovItemId="S88" Value="116"/>
<Cov CovItemId="S89" Value="116"/>
<Cov CovItemId="S9" Value="1"/>
<Cov CovItemId="S90" Value="116"/>
<Cov CovItemId="S91" Value="116"/>
<Cov CovItemId="S92" Value="116"/>
<Cov CovItemId="S99" Value="116"/>
</CovPrefix>
<CovPrefix CovItemPrefix="com.OriginalFiles.Move.java">
<Cov CovItemId="S1" Value="171"/>
<Cov CovItemId="S2" Value="171"/>
<Cov CovItemId="S3" Value="171"/>
<Cov CovItemId="S4" Value="171"/>
<Cov CovItemId="S5" Value="171"/>
<Cov CovItemId="S6" Value="171"/>
<Cov CovItemId="S7" Value="171"/>
</CovPrefix>
<CovPrefix CovItemPrefix="com.OriginalFiles.Piece.java">
<Cov CovItemId="B10" Value="107"/>
<Cov CovItemId="B11" Value="976"/>
<Cov CovItemId="B12" Value="32"/>
<Cov CovItemId="B14" Value="976"/>
<Cov CovItemId="B15" Value="256"/>
<Cov CovItemId="B16" Value="720"/>
<Cov CovItemId="B17" Value="720"/>
<Cov CovItemId="B18" Value="256"/>
<Cov CovItemId="B19" Value="360"/>
<Cov CovItemId="B2" Value="288"/>
<Cov CovItemId="B20" Value="360"/>
<Cov CovItemId="B21" Value="720"/>
<Cov CovItemId="B23" Value="360"/>
<Cov CovItemId="B24" Value="360"/>
<Cov CovItemId="B26" Value="720"/>
<Cov CovItemId="B34" Value="976"/>
<Cov CovItemId="B35" Value="574"/>
<Cov CovItemId="B36" Value="402"/>
<Cov CovItemId="B37" Value="93"/>
<Cov CovItemId="B38" Value="481"/>
<Cov CovItemId="B40" Value="976"/>
<Cov CovItemId="B43" Value="360"/>
<Cov CovItemId="B46" Value="360"/>
<Cov CovItemId="B47" Value="666"/>
<Cov CovItemId="B48" Value="54"/>
<Cov CovItemId="B49" Value="583"/>
<Cov CovItemId="B5" Value="976"/>
<Cov CovItemId="B50" Value="83"/>
<Cov CovItemId="B51" Value="2080"/>
<Cov CovItemId="B52" Value="252"/>
<Cov CovItemId="B54" Value="2080"/>
<Cov CovItemId="B6" Value="32"/>
<Cov CovItemId="B69" Value="41555"/>
<Cov CovItemId="B7" Value="720"/>
<Cov CovItemId="B70" Value="59533"/>
<Cov CovItemId="B71" Value="360"/>
<Cov CovItemId="B72" Value="41195"/>
<Cov CovItemId="B9" Value="149"/>
<Cov CovItemId="L1-2" Value="360"/>
<Cov CovItemId="L2-1" Value="34"/>
<Cov CovItemId="L2-2" Value="1932"/>
<Cov CovItemId="L3-1" Value="359"/>
<Cov CovItemId="L3-2" Value="12237"/>
<Cov CovItemId="S1" Value="40"/>
<Cov CovItemId="S10" Value="40"/>
<Cov CovItemId="S11" Value="40"/>
<Cov CovItemId="S118" Value="2332"/>
<Cov CovItemId="S119" Value="360"/>
<Cov CovItemId="S12" Value="40"/>
<Cov CovItemId="S120" Value="360"/>
<Cov CovItemId="S121" Value="360"/>
<Cov CovItemId="S122" Value="1966"/>
<Cov CovItemId="S123" Value="1966"/>
<Cov CovItemId="S124" Value="12596"/>
<Cov CovItemId="S125" Value="101088"/>
<Cov CovItemId="S126" Value="41555"/>
<Cov CovItemId="S127" Value="360"/>
<Cov CovItemId="S128" Value="360"/>
<Cov CovItemId="S129" Value="360"/>
<Cov CovItemId="S13" Value="40"/>
<Cov CovItemId="S14" Value="40"/>
<Cov CovItemId="S15" Value="40"/>
<Cov CovItemId="S16" Value="40"/>
<Cov CovItemId="S17" Value="40"/>
<Cov CovItemId="S18" Value="40"/>
<Cov CovItemId="S19" Value="40"/>
<Cov CovItemId="S2" Value="40"/>
<Cov CovItemId="S20" Value="40"/>
<Cov CovItemId="S21" Value="40"/>
<Cov CovItemId="S24" Value="288"/>
<Cov CovItemId="S25" Value="288"/>
<Cov CovItemId="S26" Value="288"/>
<Cov CovItemId="S3" Value="40"/>
<Cov CovItemId="S30" Value="288"/>
<Cov CovItemId="S31" Value="288"/>
<Cov CovItemId="S32" Value="1008"/>
<Cov CovItemId="S33" Value="976"/>
<Cov CovItemId="S34" Value="32"/>
<Cov CovItemId="S35" Value="32"/>
<Cov CovItemId="S36" Value="720"/>
<Cov CovItemId="S37" Value="720"/>
<Cov CovItemId="S38" Value="720"/>
<Cov CovItemId="S39" Value="256"/>
<Cov CovItemId="S4" Value="40"/>
<Cov CovItemId="S40" Value="149"/>
<Cov CovItemId="S41" Value="107"/>
<Cov CovItemId="S42" Value="288"/>
<Cov CovItemId="S43" Value="1008"/>
<Cov CovItemId="S44" Value="976"/>
<Cov CovItemId="S45" Value="976"/>
<Cov CovItemId="S46" Value="976"/>
<Cov CovItemId="S48" Value="976"/>
<Cov CovItemId="S49" Value="256"/>
<Cov CovItemId="S5" Value="40"/>
<Cov CovItemId="S50" Value="976"/>
<Cov CovItemId="S51" Value="720"/>
<Cov CovItemId="S52" Value="360"/>
<Cov CovItemId="S53" Value="360"/>
<Cov CovItemId="S54" Value="720"/>
<Cov CovItemId="S55" Value="720"/>
<Cov CovItemId="S56" Value="360"/>
<Cov CovItemId="S57" Value="360"/>
<Cov CovItemId="S58" Value="720"/>
<Cov CovItemId="S6" Value="40"/>
<Cov CovItemId="S65" Value="976"/>
<Cov CovItemId="S67" Value="976"/>
<Cov CovItemId="S68" Value="574"/>
<Cov CovItemId="S69" Value="93"/>
<Cov CovItemId="S7" Value="40"/>
<Cov CovItemId="S70" Value="574"/>
<Cov CovItemId="S71" Value="976"/>
<Cov CovItemId="S73" Value="976"/>
<Cov CovItemId="S77" Value="360"/>
<Cov CovItemId="S78" Value="360"/>
<Cov CovItemId="S79" Value="360"/>
<Cov CovItemId="S8" Value="40"/>
<Cov CovItemId="S80" Value="360"/>
<Cov CovItemId="S81" Value="360"/>
<Cov CovItemId="S82" Value="360"/>
<Cov CovItemId="S83" Value="360"/>
<Cov CovItemId="S86" Value="360"/>
<Cov CovItemId="S87" Value="720"/>
<Cov CovItemId="S88" Value="666"/>
<Cov CovItemId="S89" Value="583"/>
<Cov CovItemId="S9" Value="40"/>
<Cov CovItemId="S90" Value="583"/>
<Cov CovItemId="S91" Value="583"/>
<Cov CovItemId="S92" Value="583"/>
<Cov CovItemId="S93" Value="583"/>
<Cov CovItemId="S94" Value="583"/>
<Cov CovItemId="S95" Value="583"/>
<Cov CovItemId="S96" Value="137"/>
<Cov CovItemId="S97" Value="2332"/>
<Cov CovItemId="S98" Value="2332"/>
<Cov CovItemId="S99" Value="2080"/>
</CovPrefix>
<CovPrefix CovItemPrefix="com.OriginalFiles.RemoteNXTFunctions.java">
<Cov CovItemId="B5" Value="1"/>
<Cov CovItemId="B7" Value="1"/>
<Cov CovItemId="S1" Value="1"/>
<Cov CovItemId="S162" Value="1"/>
<Cov CovItemId="S19" Value="1"/>
<Cov CovItemId="S2" Value="1"/>
<Cov CovItemId="S20" Value="1"/>
<Cov CovItemId="S21" Value="1"/>
<Cov CovItemId="S22" Value="1"/>
<Cov CovItemId="S3" Value="1"/>
</CovPrefix>
</CovList>
<AssgnmntList>
<AssgnmntPrefix RootTermCovItemPrefix="com.OriginalFiles.Analyze.java">
<AssgnmntListEntry Length="1" RootTermCovItemId="C49">
<MapEntry BoolAssgnmnt="0" Value="232"/>
</AssgnmntListEntry>
<AssgnmntListEntry Length="1" RootTermCovItemId="C64">
<MapEntry BoolAssgnmnt="1" Value="1"/>
</AssgnmntListEntry>
<AssgnmntListEntry Length="6" RootTermCovItemId="C66">
<MapEntry BoolAssgnmnt="111111" Value="1"/>
</AssgnmntListEntry>
<AssgnmntListEntry Length="1" RootTermCovItemId="C70">
<MapEntry BoolAssgnmnt="0" Value="928"/>
<MapEntry BoolAssgnmnt="1" Value="6496"/>
</AssgnmntListEntry>
<AssgnmntListEntry Length="1" RootTermCovItemId="C71">
<MapEntry BoolAssgnmnt="0" Value="464"/>
<MapEntry BoolAssgnmnt="1" Value="464"/>
</AssgnmntListEntry>
<AssgnmntListEntry Length="1" RootTermCovItemId="C72">
<MapEntry BoolAssgnmnt="0" Value="10"/>
<MapEntry BoolAssgnmnt="1" Value="454"/>
</AssgnmntListEntry>
<AssgnmntListEntry Length="1" RootTermCovItemId="C73">
<MapEntry BoolAssgnmnt="0" Value="464"/>
<MapEntry BoolAssgnmnt="1" Value="464"/>
</AssgnmntListEntry>
<AssgnmntListEntry Length="1" RootTermCovItemId="C74">
<MapEntry BoolAssgnmnt="0" Value="44"/>
<MapEntry BoolAssgnmnt="1" Value="420"/>
</AssgnmntListEntry>
<AssgnmntListEntry Length="3" RootTermCovItemId="C75">
<MapEntry BoolAssgnmnt="012" Value="97"/>
<MapEntry BoolAssgnmnt="001" Value="19"/>
</AssgnmntListEntry>
<AssgnmntListEntry Length="3" RootTermCovItemId="C76">
<MapEntry BoolAssgnmnt="011" Value="97"/>
<MapEntry BoolAssgnmnt="002" Value="19"/>
</AssgnmntListEntry>
<AssgnmntListEntry Length="2" RootTermCovItemId="C77">
<MapEntry BoolAssgnmnt="02" Value="116"/>
</AssgnmntListEntry>
<AssgnmntListEntry Length="1" RootTermCovItemId="C82">
<MapEntry BoolAssgnmnt="1" Value="90"/>
</AssgnmntListEntry>
<AssgnmntListEntry Length="1" RootTermCovItemId="C83">
<MapEntry BoolAssgnmnt="1" Value="90"/>
</AssgnmntListEntry>
<AssgnmntListEntry Length="1" RootTermCovItemId="C84">
<MapEntry BoolAssgnmnt="0" Value="90"/>
<MapEntry BoolAssgnmnt="1" Value="360"/>
</AssgnmntListEntry>
<AssgnmntListEntry Length="1" RootTermCovItemId="C85">
<MapEntry BoolAssgnmnt="0" Value="360"/>
<MapEntry BoolAssgnmnt="1" Value="2880"/>
</AssgnmntListEntry>
<AssgnmntListEntry Length="1" RootTermCovItemId="C86">
<MapEntry BoolAssgnmnt="0" Value="388"/>
<MapEntry BoolAssgnmnt="1" Value="2492"/>
</AssgnmntListEntry>
<AssgnmntListEntry Length="1" RootTermCovItemId="C87">
<MapEntry BoolAssgnmnt="1" Value="90"/>
</AssgnmntListEntry>
</AssgnmntPrefix>
<AssgnmntPrefix RootTermCovItemPrefix="com.OriginalFiles.Board.java">
<AssgnmntListEntry Length="1" RootTermCovItemId="C1">
<MapEntry BoolAssgnmnt="0" Value="1"/>
<MapEntry BoolAssgnmnt="1" Value="8"/>
</AssgnmntListEntry>
<AssgnmntListEntry Length="1" RootTermCovItemId="C10">
<MapEntry BoolAssgnmnt="0" Value="1"/>
<MapEntry BoolAssgnmnt="1" Value="3"/>
</AssgnmntListEntry>
<AssgnmntListEntry Length="1" RootTermCovItemId="C11">
<MapEntry BoolAssgnmnt="0" Value="3"/>
<MapEntry BoolAssgnmnt="1" Value="24"/>
</AssgnmntListEntry>
<AssgnmntListEntry Length="1" RootTermCovItemId="C12">
<MapEntry BoolAssgnmnt="0" Value="1"/>
<MapEntry BoolAssgnmnt="1" Value="2"/>
</AssgnmntListEntry>
<AssgnmntListEntry Length="1" RootTermCovItemId="C13">
<MapEntry BoolAssgnmnt="0" Value="2"/>
<MapEntry BoolAssgnmnt="1" Value="16"/>
</AssgnmntListEntry>
<AssgnmntListEntry Length="1" RootTermCovItemId="C2">
<MapEntry BoolAssgnmnt="0" Value="8"/>
<MapEntry BoolAssgnmnt="1" Value="64"/>
</AssgnmntListEntry>
<AssgnmntListEntry Length="1" RootTermCovItemId="C26">
<MapEntry BoolAssgnmnt="0" Value="232"/>
</AssgnmntListEntry>
<AssgnmntListEntry Length="1" RootTermCovItemId="C27">
<MapEntry BoolAssgnmnt="0" Value="194"/>
<MapEntry BoolAssgnmnt="1" Value="38"/>
</AssgnmntListEntry>
<AssgnmntListEntry Length="2" RootTermCovItemId="C28">
<MapEntry BoolAssgnmnt="02" Value="232"/>
</AssgnmntListEntry>
<AssgnmntListEntry Length="1" RootTermCovItemId="C29">
<MapEntry BoolAssgnmnt="0" Value="16"/>
<MapEntry BoolAssgnmnt="1" Value="232"/>
</AssgnmntListEntry>
<AssgnmntListEntry Length="1" RootTermCovItemId="C3">
<MapEntry BoolAssgnmnt="0" Value="32"/>
<MapEntry BoolAssgnmnt="1" Value="32"/>
</AssgnmntListEntry>
<AssgnmntListEntry Length="1" RootTermCovItemId="C31">
<MapEntry BoolAssgnmnt="0" Value="295"/>
<MapEntry BoolAssgnmnt="1" Value="2195"/>
</AssgnmntListEntry>
<AssgnmntListEntry Length="1" RootTermCovItemId="C32">
<MapEntry BoolAssgnmnt="0" Value="1144"/>
</AssgnmntListEntry>
<AssgnmntListEntry Length="1" RootTermCovItemId="C33">
<MapEntry BoolAssgnmnt="0" Value="951"/>
<MapEntry BoolAssgnmnt="1" Value="294"/>
</AssgnmntListEntry>
<AssgnmntListEntry Length="1" RootTermCovItemId="C34">
<MapEntry BoolAssgnmnt="0" Value="1010"/>
<MapEntry BoolAssgnmnt="1" Value="235"/>
</AssgnmntListEntry>
<AssgnmntListEntry Length="1" RootTermCovItemId="C35">
<MapEntry BoolAssgnmnt="0" Value="1245"/>
</AssgnmntListEntry>
<AssgnmntListEntry Length="5" RootTermCovItemId="C38">
<MapEntry BoolAssgnmnt="02002" Value="1144"/>
<MapEntry BoolAssgnmnt="10122" Value="1144"/>
<MapEntry BoolAssgnmnt="11220" Value="1144"/>
<MapEntry BoolAssgnmnt="02010" Value="1144"/>
</AssgnmntListEntry>
<AssgnmntListEntry Length="1" RootTermCovItemId="C39">
<MapEntry BoolAssgnmnt="0" Value="608"/>
<MapEntry BoolAssgnmnt="1" Value="1680"/>
</AssgnmntListEntry>
<AssgnmntListEntry Length="1" RootTermCovItemId="C4">
<MapEntry BoolAssgnmnt="0" Value="20"/>
<MapEntry BoolAssgnmnt="1" Value="12"/>
</AssgnmntListEntry>
<AssgnmntListEntry Length="1" RootTermCovItemId="C40">
<MapEntry BoolAssgnmnt="0" Value="1680"/>
</AssgnmntListEntry>
<AssgnmntListEntry Length="2" RootTermCovItemId="C41">
<MapEntry BoolAssgnmnt="02" Value="1680"/>
</AssgnmntListEntry>
<AssgnmntListEntry Length="1" RootTermCovItemId="C42">
<MapEntry BoolAssgnmnt="0" Value="4576"/>
<MapEntry BoolAssgnmnt="1" Value="4576"/>
</AssgnmntListEntry>
<AssgnmntListEntry Length="1" RootTermCovItemId="C43">
<MapEntry BoolAssgnmnt="0" Value="3432"/>
<MapEntry BoolAssgnmnt="1" Value="1144"/>
</AssgnmntListEntry>
<AssgnmntListEntry Length="1" RootTermCovItemId="C44">
<MapEntry BoolAssgnmnt="0" Value="572"/>
<MapEntry BoolAssgnmnt="1" Value="572"/>
</AssgnmntListEntry>
<AssgnmntListEntry Length="1" RootTermCovItemId="C45">
<MapEntry BoolAssgnmnt="1" Value="1"/>
</AssgnmntListEntry>
<AssgnmntListEntry Length="1" RootTermCovItemId="C5">
<MapEntry BoolAssgnmnt="0" Value="8"/>
<MapEntry BoolAssgnmnt="1" Value="4"/>
</AssgnmntListEntry>
<AssgnmntListEntry Length="1" RootTermCovItemId="C53">
<MapEntry BoolAssgnmnt="1" Value="48785"/>
</AssgnmntListEntry>
<AssgnmntListEntry Length="1" RootTermCovItemId="C54">
<MapEntry BoolAssgnmnt="0" Value="9626"/>
<MapEntry BoolAssgnmnt="1" Value="39159"/>
</AssgnmntListEntry>
<AssgnmntListEntry Length="3" RootTermCovItemId="C55">
<MapEntry BoolAssgnmnt="002" Value="53298"/>
<MapEntry BoolAssgnmnt="120" Value="2617"/>
<MapEntry BoolAssgnmnt="121" Value="2289"/>
</AssgnmntListEntry>
<AssgnmntListEntry Length="3" RootTermCovItemId="C56">
<MapEntry BoolAssgnmnt="002" Value="2289"/>
<MapEntry BoolAssgnmnt="120" Value="7341"/>
<MapEntry BoolAssgnmnt="121" Value="45957"/>
</AssgnmntListEntry>
<AssgnmntListEntry Length="1" RootTermCovItemId="C6">
<MapEntry BoolAssgnmnt="0" Value="20"/>
<MapEntry BoolAssgnmnt="1" Value="12"/>
</AssgnmntListEntry>
<AssgnmntListEntry Length="1" RootTermCovItemId="C7">
<MapEntry BoolAssgnmnt="0" Value="8"/>
<MapEntry BoolAssgnmnt="1" Value="4"/>
</AssgnmntListEntry>
<AssgnmntListEntry Length="1" RootTermCovItemId="C8">
<MapEntry BoolAssgnmnt="0" Value="1"/>
<MapEntry BoolAssgnmnt="1" Value="8"/>
</AssgnmntListEntry>
<AssgnmntListEntry Length="1" RootTermCovItemId="C9">
<MapEntry BoolAssgnmnt="0" Value="1"/>
<MapEntry BoolAssgnmnt="1" Value="8"/>
</AssgnmntListEntry>
</AssgnmntPrefix>
<AssgnmntPrefix RootTermCovItemPrefix="com.OriginalFiles.Field.java">
<AssgnmntListEntry Length="1" RootTermCovItemId="C1">
<MapEntry BoolAssgnmnt="0" Value="288"/>
<MapEntry BoolAssgnmnt="1" Value="8"/>
</AssgnmntListEntry>
</AssgnmntPrefix>
<AssgnmntPrefix RootTermCovItemPrefix="com.OriginalFiles.MI.java">
<AssgnmntListEntry Length="1" RootTermCovItemId="C1">
<MapEntry BoolAssgnmnt="1" Value="1"/>
</AssgnmntListEntry>
<AssgnmntListEntry Length="1" RootTermCovItemId="C10">
<MapEntry BoolAssgnmnt="1" Value="90"/>
</AssgnmntListEntry>
<AssgnmntListEntry Length="1" RootTermCovItemId="C11">
<MapEntry BoolAssgnmnt="0" Value="90"/>
<MapEntry BoolAssgnmnt="1" Value="360"/>
</AssgnmntListEntry>
<AssgnmntListEntry Length="1" RootTermCovItemId="C12">
<MapEntry BoolAssgnmnt="0" Value="90"/>
<MapEntry BoolAssgnmnt="1" Value="360"/>
</AssgnmntListEntry>
<AssgnmntListEntry Length="1" RootTermCovItemId="C15">
<MapEntry BoolAssgnmnt="0" Value="90"/>
</AssgnmntListEntry>
<AssgnmntListEntry Length="1" RootTermCovItemId="C16">
<MapEntry BoolAssgnmnt="0" Value="240"/>
<MapEntry BoolAssgnmnt="1" Value="68"/>
</AssgnmntListEntry>
<AssgnmntListEntry Length="1" RootTermCovItemId="C17">
<MapEntry BoolAssgnmnt="1" Value="116"/>
</AssgnmntListEntry>
<AssgnmntListEntry Length="1" RootTermCovItemId="C18">
<MapEntry BoolAssgnmnt="0" Value="116"/>
<MapEntry BoolAssgnmnt="1" Value="116"/>
</AssgnmntListEntry>
<AssgnmntListEntry Length="1" RootTermCovItemId="C19">
<MapEntry BoolAssgnmnt="0" Value="116"/>
</AssgnmntListEntry>
<AssgnmntListEntry Length="1" RootTermCovItemId="C2">
<MapEntry BoolAssgnmnt="0" Value="32"/>
<MapEntry BoolAssgnmnt="1" Value="96"/>
</AssgnmntListEntry>
<AssgnmntListEntry Length="1" RootTermCovItemId="C21">
<MapEntry BoolAssgnmnt="1" Value="116"/>
</AssgnmntListEntry>
<AssgnmntListEntry Length="1" RootTermCovItemId="C22">
<MapEntry BoolAssgnmnt="0" Value="116"/>
<MapEntry BoolAssgnmnt="1" Value="116"/>
</AssgnmntListEntry>
<AssgnmntListEntry Length="1" RootTermCovItemId="C23">
<MapEntry BoolAssgnmnt="0" Value="116"/>
</AssgnmntListEntry>
<AssgnmntListEntry Length="2" RootTermCovItemId="C24">
<MapEntry BoolAssgnmnt="02" Value="116"/>
</AssgnmntListEntry>
<AssgnmntListEntry Length="1" RootTermCovItemId="C27">
<MapEntry BoolAssgnmnt="0" Value="116"/>
</AssgnmntListEntry>
<AssgnmntListEntry Length="1" RootTermCovItemId="C29">
<MapEntry BoolAssgnmnt="0" Value="216"/>
<MapEntry BoolAssgnmnt="1" Value="1512"/>
</AssgnmntListEntry>
<AssgnmntListEntry Length="1" RootTermCovItemId="C3">
<MapEntry BoolAssgnmnt="0" Value="16"/>
<MapEntry BoolAssgnmnt="1" Value="16"/>
</AssgnmntListEntry>
<AssgnmntListEntry Length="2" RootTermCovItemId="C30">
<MapEntry BoolAssgnmnt="10" Value="105"/>
<MapEntry BoolAssgnmnt="02" Value="10"/>
<MapEntry BoolAssgnmnt="11" Value="101"/>
</AssgnmntListEntry>
<AssgnmntListEntry Length="1" RootTermCovItemId="C31">
<MapEntry BoolAssgnmnt="0" Value="101"/>
</AssgnmntListEntry>
<AssgnmntListEntry Length="1" RootTermCovItemId="C33">
<MapEntry BoolAssgnmnt="0" Value="101"/>
</AssgnmntListEntry>
<AssgnmntListEntry Length="1" RootTermCovItemId="C34">
<MapEntry BoolAssgnmnt="0" Value="27"/>
</AssgnmntListEntry>
<AssgnmntListEntry Length="1" RootTermCovItemId="C4">
<MapEntry BoolAssgnmnt="0" Value="1"/>
</AssgnmntListEntry>
<AssgnmntListEntry Length="1" RootTermCovItemId="C5">
<MapEntry BoolAssgnmnt="0" Value="5"/>
<MapEntry BoolAssgnmnt="1" Value="2"/>
</AssgnmntListEntry>
<AssgnmntListEntry Length="1" RootTermCovItemId="C6">
<MapEntry BoolAssgnmnt="1" Value="5"/>
</AssgnmntListEntry>
<AssgnmntListEntry Length="2" RootTermCovItemId="C7">
<MapEntry BoolAssgnmnt="00" Value="26"/>
<MapEntry BoolAssgnmnt="12" Value="90"/>
</AssgnmntListEntry>
<AssgnmntListEntry Length="1" RootTermCovItemId="C8">
<MapEntry BoolAssgnmnt="0" Value="92"/>
<MapEntry BoolAssgnmnt="1" Value="17"/>
</AssgnmntListEntry>
<AssgnmntListEntry Length="1" RootTermCovItemId="C9">
<MapEntry BoolAssgnmnt="1" Value="90"/>
</AssgnmntListEntry>
</AssgnmntPrefix>
<AssgnmntPrefix RootTermCovItemPrefix="com.OriginalFiles.Piece.java">
<AssgnmntListEntry Length="2" RootTermCovItemId="C1">
<MapEntry BoolAssgnmnt="10" Value="256"/>
<MapEntry BoolAssgnmnt="02" Value="32"/>
</AssgnmntListEntry>
<AssgnmntListEntry Length="1" RootTermCovItemId="C10">
<MapEntry BoolAssgnmnt="0" Value="360"/>
<MapEntry BoolAssgnmnt="1" Value="360"/>
</AssgnmntListEntry>
<AssgnmntListEntry Length="1" RootTermCovItemId="C11">
<MapEntry BoolAssgnmnt="0" Value="720"/>
</AssgnmntListEntry>
<AssgnmntListEntry Length="1" RootTermCovItemId="C12">
<MapEntry BoolAssgnmnt="0" Value="360"/>
<MapEntry BoolAssgnmnt="1" Value="360"/>
</AssgnmntListEntry>
<AssgnmntListEntry Length="1" RootTermCovItemId="C13">
<MapEntry BoolAssgnmnt="0" Value="720"/>
</AssgnmntListEntry>
<AssgnmntListEntry Length="5" RootTermCovItemId="C17">
<MapEntry BoolAssgnmnt="00210" Value="566"/>
<MapEntry BoolAssgnmnt="01002" Value="410"/>
</AssgnmntListEntry>
<AssgnmntListEntry Length="5" RootTermCovItemId="C18">
<MapEntry BoolAssgnmnt="00210" Value="285"/>
<MapEntry BoolAssgnmnt="00211" Value="281"/>
<MapEntry BoolAssgnmnt="01002" Value="117"/>
<MapEntry BoolAssgnmnt="01122" Value="293"/>
</AssgnmntListEntry>
<AssgnmntListEntry Length="1" RootTermCovItemId="C19">
<MapEntry BoolAssgnmnt="0" Value="481"/>
<MapEntry BoolAssgnmnt="1" Value="93"/>
</AssgnmntListEntry>
<AssgnmntListEntry Length="1" RootTermCovItemId="C20">
<MapEntry BoolAssgnmnt="0" Value="976"/>
</AssgnmntListEntry>
<AssgnmntListEntry Length="1" RootTermCovItemId="C22">
<MapEntry BoolAssgnmnt="1" Value="360"/>
</AssgnmntListEntry>
<AssgnmntListEntry Length="1" RootTermCovItemId="C23">
<MapEntry BoolAssgnmnt="0" Value="360"/>
</AssgnmntListEntry>
<AssgnmntListEntry Length="1" RootTermCovItemId="C24">
<MapEntry BoolAssgnmnt="0" Value="54"/>
<MapEntry BoolAssgnmnt="1" Value="666"/>
</AssgnmntListEntry>
<AssgnmntListEntry Length="1" RootTermCovItemId="C25">
<MapEntry BoolAssgnmnt="0" Value="83"/>
<MapEntry BoolAssgnmnt="1" Value="583"/>
</AssgnmntListEntry>
<AssgnmntListEntry Length="1" RootTermCovItemId="C26">
<MapEntry BoolAssgnmnt="0" Value="252"/>
<MapEntry BoolAssgnmnt="1" Value="2080"/>
</AssgnmntListEntry>
<AssgnmntListEntry Length="1" RootTermCovItemId="C27">
<MapEntry BoolAssgnmnt="0" Value="2080"/>
</AssgnmntListEntry>
<AssgnmntListEntry Length="1" RootTermCovItemId="C3">
<MapEntry BoolAssgnmnt="0" Value="32"/>
<MapEntry BoolAssgnmnt="1" Value="976"/>
</AssgnmntListEntry>
<AssgnmntListEntry Length="2" RootTermCovItemId="C35">
<MapEntry BoolAssgnmnt="01" Value="1966"/>
<MapEntry BoolAssgnmnt="12" Value="360"/>
</AssgnmntListEntry>
<AssgnmntListEntry Length="1" RootTermCovItemId="C36">
<MapEntry BoolAssgnmnt="0" Value="1606"/>
<MapEntry BoolAssgnmnt="1" Value="12596"/>
</AssgnmntListEntry>
<AssgnmntListEntry Length="1" RootTermCovItemId="C37">
<MapEntry BoolAssgnmnt="0" Value="12236"/>
<MapEntry BoolAssgnmnt="1" Value="101088"/>
</AssgnmntListEntry>
<AssgnmntListEntry Length="1" RootTermCovItemId="C38">
<MapEntry BoolAssgnmnt="0" Value="59533"/>
<MapEntry BoolAssgnmnt="1" Value="41555"/>
</AssgnmntListEntry>
<AssgnmntListEntry Length="1" RootTermCovItemId="C39">
<MapEntry BoolAssgnmnt="0" Value="41195"/>
<MapEntry BoolAssgnmnt="1" Value="360"/>
</AssgnmntListEntry>
<AssgnmntListEntry Length="2" RootTermCovItemId="C4">
<MapEntry BoolAssgnmnt="01" Value="537"/>
<MapEntry BoolAssgnmnt="12" Value="183"/>
</AssgnmntListEntry>
<AssgnmntListEntry Length="1" RootTermCovItemId="C5">
<MapEntry BoolAssgnmnt="0" Value="107"/>
<MapEntry BoolAssgnmnt="1" Value="149"/>
</AssgnmntListEntry>
<AssgnmntListEntry Length="1" RootTermCovItemId="C6">
<MapEntry BoolAssgnmnt="0" Value="32"/>
<MapEntry BoolAssgnmnt="1" Value="976"/>
</AssgnmntListEntry>
<AssgnmntListEntry Length="1" RootTermCovItemId="C7">
<MapEntry BoolAssgnmnt="0" Value="976"/>
</AssgnmntListEntry>
<AssgnmntListEntry Length="1" RootTermCovItemId="C8">
<MapEntry BoolAssgnmnt="0" Value="720"/>
<MapEntry BoolAssgnmnt="1" Value="256"/>
</AssgnmntListEntry>
<AssgnmntListEntry Length="1" RootTermCovItemId="C9">
<MapEntry BoolAssgnmnt="0" Value="256"/>
<MapEntry BoolAssgnmnt="1" Value="720"/>
</AssgnmntListEntry>
</AssgnmntPrefix>
<AssgnmntPrefix RootTermCovItemPrefix="com.OriginalFiles.RemoteNXTFunctions.java">
<AssgnmntListEntry Length="1" RootTermCovItemId="C5">
<MapEntry BoolAssgnmnt="1" Value="1"/>
</AssgnmntListEntry>
<AssgnmntListEntry Length="2" RootTermCovItemId="C6">
<MapEntry BoolAssgnmnt="11" Value="1"/>
</AssgnmntListEntry>
</AssgnmntPrefix>
</AssgnmntList>
<ObjMetaDataList/>
<MetaDataList/>
</TestCase>
<TestCase Comment="" Date="1386064416925" Name="com.Testing.MiTest:testMI">
<CovList>
<CovPrefix CovItemPrefix="com.OriginalFiles.Analyze.java">
<Cov CovItemId="B103" Value="1"/>
<Cov CovItemId="B107" Value="1"/>
<Cov CovItemId="S1" Value="1"/>
<Cov CovItemId="S191" Value="1"/>
<Cov CovItemId="S192" Value="1"/>
<Cov CovItemId="S193" Value="1"/>
<Cov CovItemId="S199" Value="1"/>
<Cov CovItemId="S2" Value="1"/>
<Cov CovItemId="S200" Value="1"/>
<Cov CovItemId="S201" Value="1"/>
<Cov CovItemId="S202" Value="1"/>
<Cov CovItemId="S203" Value="1"/>
<Cov CovItemId="S204" Value="1"/>
<Cov CovItemId="S3" Value="1"/>
<Cov CovItemId="S4" Value="1"/>
<Cov CovItemId="S5" Value="1"/>
</CovPrefix>
<CovPrefix CovItemPrefix="com.OriginalFiles.Board.java">
<Cov CovItemId="B1" Value="32"/>
<Cov CovItemId="B10" Value="8"/>
<Cov CovItemId="B2" Value="32"/>
<Cov CovItemId="B3" Value="12"/>
<Cov CovItemId="B4" Value="20"/>
<Cov CovItemId="B5" Value="4"/>
<Cov CovItemId="B6" Value="8"/>
<Cov CovItemId="B69" Value="1"/>
<Cov CovItemId="B7" Value="12"/>
<Cov CovItemId="B79" Value="24"/>
<Cov CovItemId="B8" Value="20"/>
<Cov CovItemId="B81" Value="24"/>
<Cov CovItemId="B83" Value="36"/>
<Cov CovItemId="B84" Value="80"/>
<Cov CovItemId="B85" Value="24"/>
<Cov CovItemId="B86" Value="56"/>
<Cov CovItemId="B9" Value="4"/>
<Cov CovItemId="L1-2" Value="1"/>
<Cov CovItemId="L2-2" Value="8"/>
<Cov CovItemId="L3-2" Value="1"/>
<Cov CovItemId="L4-2" Value="1"/>
<Cov CovItemId="L5-2" Value="1"/>
<Cov CovItemId="L6-2" Value="3"/>
<Cov CovItemId="L7-2" Value="1"/>
<Cov CovItemId="L8-2" Value="2"/>
<Cov CovItemId="S1" Value="1"/>
<Cov CovItemId="S10" Value="1"/>
<Cov CovItemId="S11" Value="8"/>
<Cov CovItemId="S12" Value="64"/>
<Cov CovItemId="S13" Value="64"/>
<Cov CovItemId="S14" Value="64"/>
<Cov CovItemId="S15" Value="64"/>
<Cov CovItemId="S152" Value="1"/>
<Cov CovItemId="S153" Value="1"/>
<Cov CovItemId="S154" Value="1"/>
<Cov CovItemId="S16" Value="32"/>
<Cov CovItemId="S17" Value="32"/>
<Cov CovItemId="S176" Value="24"/>
<Cov CovItemId="S177" Value="24"/>
<Cov CovItemId="S178" Value="24"/>
<Cov CovItemId="S18" Value="32"/>
<Cov CovItemId="S180" Value="116"/>
<Cov CovItemId="S181" Value="36"/>
<Cov CovItemId="S182" Value="80"/>
<Cov CovItemId="S183" Value="24"/>
<Cov CovItemId="S184" Value="56"/>
<Cov CovItemId="S185" Value="104"/>
<Cov CovItemId="S19" Value="12"/>
<Cov CovItemId="S2" Value="1"/>
<Cov CovItemId="S20" Value="12"/>
<Cov CovItemId="S21" Value="12"/>
<Cov CovItemId="S22" Value="4"/>
<Cov CovItemId="S23" Value="32"/>
<Cov CovItemId="S24" Value="12"/>
<Cov CovItemId="S25" Value="12"/>
<Cov CovItemId="S26" Value="12"/>
<Cov CovItemId="S27" Value="4"/>
<Cov CovItemId="S28" Value="32"/>
<Cov CovItemId="S29" Value="32"/>
<Cov CovItemId="S3" Value="1"/>
<Cov CovItemId="S30" Value="64"/>
<Cov CovItemId="S31" Value="1"/>
<Cov CovItemId="S32" Value="8"/>
<Cov CovItemId="S33" Value="8"/>
<Cov CovItemId="S34" Value="8"/>
<Cov CovItemId="S35" Value="8"/>
<Cov CovItemId="S36" Value="8"/>
<Cov CovItemId="S37" Value="8"/>
<Cov CovItemId="S38" Value="8"/>
<Cov CovItemId="S39" Value="8"/>
<Cov CovItemId="S4" Value="1"/>
<Cov CovItemId="S40" Value="1"/>
<Cov CovItemId="S41" Value="8"/>
<Cov CovItemId="S42" Value="8"/>
<Cov CovItemId="S43" Value="8"/>
<Cov CovItemId="S44" Value="8"/>
<Cov CovItemId="S45" Value="8"/>
<Cov CovItemId="S46" Value="8"/>
<Cov CovItemId="S47" Value="8"/>
<Cov CovItemId="S48" Value="8"/>
<Cov CovItemId="S49" Value="1"/>
<Cov CovItemId="S5" Value="1"/>
<Cov CovItemId="S50" Value="3"/>
<Cov CovItemId="S51" Value="24"/>
<Cov CovItemId="S52" Value="24"/>
<Cov CovItemId="S53" Value="24"/>
<Cov CovItemId="S54" Value="24"/>
<Cov CovItemId="S55" Value="1"/>
<Cov CovItemId="S56" Value="2"/>
<Cov CovItemId="S57" Value="16"/>
<Cov CovItemId="S58" Value="16"/>
<Cov CovItemId="S59" Value="16"/>
<Cov CovItemId="S6" Value="1"/>
<Cov CovItemId="S60" Value="16"/>
<Cov CovItemId="S7" Value="1"/>
<Cov CovItemId="S8" Value="1"/>
<Cov CovItemId="S9" Value="1"/>
</CovPrefix>
<CovPrefix CovItemPrefix="com.OriginalFiles.Field.java">
<Cov CovItemId="B1" Value="40"/>
<Cov CovItemId="B2" Value="8"/>
<Cov CovItemId="S1" Value="120"/>
<Cov CovItemId="S2" Value="120"/>
<Cov CovItemId="S5" Value="48"/>
<Cov CovItemId="S6" Value="48"/>
<Cov CovItemId="S7" Value="40"/>
<Cov CovItemId="S8" Value="48"/>
<Cov CovItemId="S9" Value="136"/>
</CovPrefix>
<CovPrefix CovItemPrefix="com.OriginalFiles.MI.java">
<Cov CovItemId="B1" Value="1"/>
<Cov CovItemId="B3" Value="24"/>
<Cov CovItemId="B4" Value="40"/>
<Cov CovItemId="B5" Value="12"/>
<Cov CovItemId="B6" Value="12"/>
<Cov CovItemId="L1-2" Value="1"/>
<Cov CovItemId="L2-2" Value="8"/>
<Cov CovItemId="S1" Value="1"/>
<Cov CovItemId="S10" Value="1"/>
<Cov CovItemId="S11" Value="1"/>
<Cov CovItemId="S12" Value="1"/>
<Cov CovItemId="S14" Value="1"/>
<Cov CovItemId="S15" Value="1"/>
<Cov CovItemId="S16" Value="1"/>
<Cov CovItemId="S17" Value="1"/>
<Cov CovItemId="S18" Value="1"/>
<Cov CovItemId="S19" Value="8"/>
<Cov CovItemId="S2" Value="1"/>
<Cov CovItemId="S20" Value="64"/>
<Cov CovItemId="S21" Value="24"/>
<Cov CovItemId="S22" Value="12"/>
<Cov CovItemId="S23" Value="12"/>
<Cov CovItemId="S3" Value="1"/>
<Cov CovItemId="S4" Value="1"/>
<Cov CovItemId="S5" Value="1"/>
<Cov CovItemId="S6" Value="1"/>
<Cov CovItemId="S7" Value="1"/>
<Cov CovItemId="S8" Value="1"/>
<Cov CovItemId="S9" Value="1"/>
</CovPrefix>
<CovPrefix CovItemPrefix="com.OriginalFiles.Piece.java">
<Cov CovItemId="B10" Value="12"/>
<Cov CovItemId="B11" Value="24"/>
<Cov CovItemId="B12" Value="16"/>
<Cov CovItemId="B14" Value="24"/>
<Cov CovItemId="B15" Value="24"/>
<Cov CovItemId="B18" Value="24"/>
<Cov CovItemId="B2" Value="40"/>
<Cov CovItemId="B34" Value="24"/>
<Cov CovItemId="B35" Value="8"/>
<Cov CovItemId="B36" Value="16"/>
<Cov CovItemId="B37" Value="8"/>
<Cov CovItemId="B40" Value="24"/>
<Cov CovItemId="B5" Value="24"/>
<Cov CovItemId="B6" Value="16"/>
<Cov CovItemId="B9" Value="12"/>
<Cov CovItemId="S1" Value="40"/>
<Cov CovItemId="S10" Value="40"/>
<Cov CovItemId="S11" Value="40"/>
<Cov CovItemId="S12" Value="40"/>
<Cov CovItemId="S13" Value="40"/>
<Cov CovItemId="S14" Value="40"/>
<Cov CovItemId="S15" Value="40"/>
<Cov CovItemId="S16" Value="40"/>
<Cov CovItemId="S17" Value="40"/>
<Cov CovItemId="S18" Value="40"/>
<Cov CovItemId="S19" Value="40"/>
<Cov CovItemId="S2" Value="40"/>
<Cov CovItemId="S20" Value="40"/>
<Cov CovItemId="S21" Value="40"/>
<Cov CovItemId="S24" Value="40"/>
<Cov CovItemId="S25" Value="40"/>
<Cov CovItemId="S26" Value="40"/>
<Cov CovItemId="S3" Value="40"/>
<Cov CovItemId="S30" Value="40"/>
<Cov CovItemId="S31" Value="40"/>
<Cov CovItemId="S32" Value="40"/>
<Cov CovItemId="S33" Value="24"/>
<Cov CovItemId="S34" Value="16"/>
<Cov CovItemId="S35" Value="16"/>
<Cov CovItemId="S39" Value="24"/>
<Cov CovItemId="S4" Value="40"/>
<Cov CovItemId="S40" Value="12"/>
<Cov CovItemId="S41" Value="12"/>
<Cov CovItemId="S42" Value="40"/>
<Cov CovItemId="S43" Value="40"/>
<Cov CovItemId="S44" Value="24"/>
<Cov CovItemId="S45" Value="24"/>
<Cov CovItemId="S46" Value="24"/>
<Cov CovItemId="S48" Value="24"/>
<Cov CovItemId="S49" Value="24"/>
<Cov CovItemId="S5" Value="40"/>
<Cov CovItemId="S50" Value="24"/>
<Cov CovItemId="S6" Value="40"/>
<Cov CovItemId="S65" Value="24"/>
<Cov CovItemId="S67" Value="24"/>
<Cov CovItemId="S68" Value="8"/>
<Cov CovItemId="S69" Value="8"/>
<Cov CovItemId="S7" Value="40"/>
<Cov CovItemId="S70" Value="8"/>
<Cov CovItemId="S71" Value="24"/>
<Cov CovItemId="S73" Value="24"/>
<Cov CovItemId="S8" Value="40"/>
<Cov CovItemId="S9" Value="40"/>
</CovPrefix>
<CovPrefix CovItemPrefix="com.OriginalFiles.RemoteNXTFunctions.java">
<Cov CovItemId="B5" Value="1"/>
<Cov CovItemId="B7" Value="1"/>
<Cov CovItemId="S1" Value="1"/>
<Cov CovItemId="S162" Value="1"/>
<Cov CovItemId="S19" Value="1"/>
<Cov CovItemId="S2" Value="1"/>
<Cov CovItemId="S20" Value="1"/>
<Cov CovItemId="S21" Value="1"/>
<Cov CovItemId="S22" Value="1"/>
<Cov CovItemId="S3" Value="1"/>
</CovPrefix>
</CovList>
<AssgnmntList>
<AssgnmntPrefix RootTermCovItemPrefix="com.OriginalFiles.Analyze.java">
<AssgnmntListEntry Length="1" RootTermCovItemId="C64">
<MapEntry BoolAssgnmnt="1" Value="1"/>
</AssgnmntListEntry>
<AssgnmntListEntry Length="6" RootTermCovItemId="C66">
<MapEntry BoolAssgnmnt="111111" Value="1"/>
</AssgnmntListEntry>
</AssgnmntPrefix>
<AssgnmntPrefix RootTermCovItemPrefix="com.OriginalFiles.Board.java">
<AssgnmntListEntry Length="1" RootTermCovItemId="C1">
<MapEntry BoolAssgnmnt="0" Value="1"/>
<MapEntry BoolAssgnmnt="1" Value="8"/>
</AssgnmntListEntry>
<AssgnmntListEntry Length="1" RootTermCovItemId="C10">
<MapEntry BoolAssgnmnt="0" Value="1"/>
<MapEntry BoolAssgnmnt="1" Value="3"/>
</AssgnmntListEntry>
<AssgnmntListEntry Length="1" RootTermCovItemId="C11">
<MapEntry BoolAssgnmnt="0" Value="3"/>
<MapEntry BoolAssgnmnt="1" Value="24"/>
</AssgnmntListEntry>
<AssgnmntListEntry Length="1" RootTermCovItemId="C12">
<MapEntry BoolAssgnmnt="0" Value="1"/>
<MapEntry BoolAssgnmnt="1" Value="2"/>
</AssgnmntListEntry>
<AssgnmntListEntry Length="1" RootTermCovItemId="C13">
<MapEntry BoolAssgnmnt="0" Value="2"/>
<MapEntry BoolAssgnmnt="1" Value="16"/>
</AssgnmntListEntry>
<AssgnmntListEntry Length="1" RootTermCovItemId="C2">
<MapEntry BoolAssgnmnt="0" Value="8"/>
<MapEntry BoolAssgnmnt="1" Value="64"/>
</AssgnmntListEntry>
<AssgnmntListEntry Length="1" RootTermCovItemId="C3">
<MapEntry BoolAssgnmnt="0" Value="32"/>
<MapEntry BoolAssgnmnt="1" Value="32"/>
</AssgnmntListEntry>
<AssgnmntListEntry Length="1" RootTermCovItemId="C4">
<MapEntry BoolAssgnmnt="0" Value="20"/>
<MapEntry BoolAssgnmnt="1" Value="12"/>
</AssgnmntListEntry>
<AssgnmntListEntry Length="1" RootTermCovItemId="C45">
<MapEntry BoolAssgnmnt="1" Value="1"/>
</AssgnmntListEntry>
<AssgnmntListEntry Length="1" RootTermCovItemId="C5">
<MapEntry BoolAssgnmnt="0" Value="8"/>
<MapEntry BoolAssgnmnt="1" Value="4"/>
</AssgnmntListEntry>
<AssgnmntListEntry Length="1" RootTermCovItemId="C53">
<MapEntry BoolAssgnmnt="1" Value="24"/>
</AssgnmntListEntry>
<AssgnmntListEntry Length="1" RootTermCovItemId="C54">
<MapEntry BoolAssgnmnt="0" Value="24"/>
</AssgnmntListEntry>
<AssgnmntListEntry Length="3" RootTermCovItemId="C55">
<MapEntry BoolAssgnmnt="002" Value="56"/>
<MapEntry BoolAssgnmnt="120" Value="36"/>
<MapEntry BoolAssgnmnt="121" Value="24"/>
</AssgnmntListEntry>
<AssgnmntListEntry Length="3" RootTermCovItemId="C56">
<MapEntry BoolAssgnmnt="002" Value="24"/>
<MapEntry BoolAssgnmnt="120" Value="32"/>
<MapEntry BoolAssgnmnt="121" Value="24"/>
</AssgnmntListEntry>
<AssgnmntListEntry Length="1" RootTermCovItemId="C6">
<MapEntry BoolAssgnmnt="0" Value="20"/>
<MapEntry BoolAssgnmnt="1" Value="12"/>
</AssgnmntListEntry>
<AssgnmntListEntry Length="1" RootTermCovItemId="C7">
<MapEntry BoolAssgnmnt="0" Value="8"/>
<MapEntry BoolAssgnmnt="1" Value="4"/>
</AssgnmntListEntry>
<AssgnmntListEntry Length="1" RootTermCovItemId="C8">
<MapEntry BoolAssgnmnt="0" Value="1"/>
<MapEntry BoolAssgnmnt="1" Value="8"/>
</AssgnmntListEntry>
<AssgnmntListEntry Length="1" RootTermCovItemId="C9">
<MapEntry BoolAssgnmnt="0" Value="1"/>
<MapEntry BoolAssgnmnt="1" Value="8"/>
</AssgnmntListEntry>
</AssgnmntPrefix>
<AssgnmntPrefix RootTermCovItemPrefix="com.OriginalFiles.Field.java">
<AssgnmntListEntry Length="1" RootTermCovItemId="C1">
<MapEntry BoolAssgnmnt="0" Value="40"/>
<MapEntry BoolAssgnmnt="1" Value="8"/>
</AssgnmntListEntry>
</AssgnmntPrefix>
<AssgnmntPrefix RootTermCovItemPrefix="com.OriginalFiles.MI.java">
<AssgnmntListEntry Length="1" RootTermCovItemId="C1">
<MapEntry BoolAssgnmnt="1" Value="1"/>
</AssgnmntListEntry>
<AssgnmntListEntry Length="1" RootTermCovItemId="C2">
<MapEntry BoolAssgnmnt="0" Value="24"/>
<MapEntry BoolAssgnmnt="1" Value="40"/>
</AssgnmntListEntry>
<AssgnmntListEntry Length="1" RootTermCovItemId="C3">
<MapEntry BoolAssgnmnt="0" Value="12"/>
<MapEntry BoolAssgnmnt="1" Value="12"/>
</AssgnmntListEntry>
</AssgnmntPrefix>
<AssgnmntPrefix RootTermCovItemPrefix="com.OriginalFiles.Piece.java">
<AssgnmntListEntry Length="2" RootTermCovItemId="C1">
<MapEntry BoolAssgnmnt="10" Value="24"/>
<MapEntry BoolAssgnmnt="02" Value="16"/>
</AssgnmntListEntry>
<AssgnmntListEntry Length="5" RootTermCovItemId="C17">
<MapEntry BoolAssgnmnt="00210" Value="12"/>
<MapEntry BoolAssgnmnt="01002" Value="12"/>
</AssgnmntListEntry>
<AssgnmntListEntry Length="5" RootTermCovItemId="C18">
<MapEntry BoolAssgnmnt="00210" Value="8"/>
<MapEntry BoolAssgnmnt="00211" Value="4"/>
<MapEntry BoolAssgnmnt="01002" Value="8"/>
<MapEntry BoolAssgnmnt="01122" Value="4"/>
</AssgnmntListEntry>
<AssgnmntListEntry Length="1" RootTermCovItemId="C19">
<MapEntry BoolAssgnmnt="1" Value="8"/>
</AssgnmntListEntry>
<AssgnmntListEntry Length="1" RootTermCovItemId="C20">
<MapEntry BoolAssgnmnt="0" Value="24"/>
</AssgnmntListEntry>
<AssgnmntListEntry Length="1" RootTermCovItemId="C3">
<MapEntry BoolAssgnmnt="0" Value="16"/>
<MapEntry BoolAssgnmnt="1" Value="24"/>
</AssgnmntListEntry>
<AssgnmntListEntry Length="1" RootTermCovItemId="C5">
<MapEntry BoolAssgnmnt="0" Value="12"/>
<MapEntry BoolAssgnmnt="1" Value="12"/>
</AssgnmntListEntry>
<AssgnmntListEntry Length="1" RootTermCovItemId="C6">
<MapEntry BoolAssgnmnt="0" Value="16"/>
<MapEntry BoolAssgnmnt="1" Value="24"/>
</AssgnmntListEntry>
<AssgnmntListEntry Length="1" RootTermCovItemId="C7">
<MapEntry BoolAssgnmnt="0" Value="24"/>
</AssgnmntListEntry>
<AssgnmntListEntry Length="1" RootTermCovItemId="C8">
<MapEntry BoolAssgnmnt="1" Value="24"/>
</AssgnmntListEntry>
<AssgnmntListEntry Length="1" RootTermCovItemId="C9">
<MapEntry BoolAssgnmnt="0" Value="24"/>
</AssgnmntListEntry>
</AssgnmntPrefix>
<AssgnmntPrefix RootTermCovItemPrefix="com.OriginalFiles.RemoteNXTFunctions.java">
<AssgnmntListEntry Length="1" RootTermCovItemId="C5">
<MapEntry BoolAssgnmnt="1" Value="1"/>
</AssgnmntListEntry>
<AssgnmntListEntry Length="2" RootTermCovItemId="C6">
<MapEntry BoolAssgnmnt="11" Value="1"/>
</AssgnmntListEntry>
</AssgnmntPrefix>
</AssgnmntList>
<ObjMetaDataList/>
<MetaDataList/>
</TestCase>
<TestCase Comment="" Date="1386064416927" Name="com.Testing.MiTest:testLookForBestMoveSimulateKing">
<CovList>
<CovPrefix CovItemPrefix="com.OriginalFiles.Analyze.java">
<Cov CovItemId="B103" Value="1"/>
<Cov CovItemId="B107" Value="1"/>
<Cov CovItemId="B120" Value="20"/>
<Cov CovItemId="B121" Value="620"/>
<Cov CovItemId="B122" Value="10"/>
<Cov CovItemId="B123" Value="10"/>
<Cov CovItemId="B124" Value="10"/>
<Cov CovItemId="B126" Value="10"/>
<Cov CovItemId="B127" Value="10"/>
<Cov CovItemId="B128" Value="10"/>
<Cov CovItemId="B131" Value="10"/>
<Cov CovItemId="B133" Value="10"/>
<Cov CovItemId="B134" Value="10"/>
<Cov CovItemId="B136" Value="8"/>
<Cov CovItemId="B137" Value="2"/>
<Cov CovItemId="B138" Value="6"/>
<Cov CovItemId="B139" Value="2"/>
<Cov CovItemId="B141" Value="6"/>
<Cov CovItemId="B142" Value="6"/>
<Cov CovItemId="B144" Value="4"/>
<Cov CovItemId="B146" Value="3"/>
<Cov CovItemId="B147" Value="1"/>
<Cov CovItemId="B148" Value="3"/>
<Cov CovItemId="B149" Value="125"/>
<Cov CovItemId="B150" Value="3"/>
<Cov CovItemId="B151" Value="1"/>
<Cov CovItemId="B156" Value="12"/>
<Cov CovItemId="B157" Value="12"/>
<Cov CovItemId="B83" Value="6"/>
<Cov CovItemId="B84" Value="8"/>
<Cov CovItemId="B85" Value="2"/>
<Cov CovItemId="B86" Value="4"/>
<Cov CovItemId="B88" Value="2"/>
<Cov CovItemId="B89" Value="4"/>
<Cov CovItemId="L16-2" Value="10"/>
<Cov CovItemId="L17-2" Value="80"/>
<Cov CovItemId="L18-2" Value="4"/>
<Cov CovItemId="L19-2" Value="16"/>
<Cov CovItemId="S1" Value="1"/>
<Cov CovItemId="S149" Value="14"/>
<Cov CovItemId="S150" Value="6"/>
<Cov CovItemId="S151" Value="2"/>
<Cov CovItemId="S152" Value="2"/>
<Cov CovItemId="S153" Value="2"/>
<Cov CovItemId="S155" Value="4"/>
<Cov CovItemId="S156" Value="4"/>
<Cov CovItemId="S157" Value="4"/>
<Cov CovItemId="S191" Value="1"/>
<Cov CovItemId="S192" Value="1"/>
<Cov CovItemId="S193" Value="1"/>
<Cov CovItemId="S199" Value="1"/>
<Cov CovItemId="S2" Value="1"/>
<Cov CovItemId="S200" Value="1"/>
<Cov CovItemId="S201" Value="1"/>
<Cov CovItemId="S202" Value="1"/>
<Cov CovItemId="S203" Value="1"/>
<Cov CovItemId="S204" Value="1"/>
<Cov CovItemId="S221" Value="10"/>
<Cov CovItemId="S222" Value="10"/>
<Cov CovItemId="S223" Value="10"/>
<Cov CovItemId="S224" Value="10"/>
<Cov CovItemId="S225" Value="10"/>
<Cov CovItemId="S226" Value="10"/>
<Cov CovItemId="S227" Value="80"/>
<Cov CovItemId="S228" Value="640"/>
<Cov CovItemId="S229" Value="20"/>
<Cov CovItemId="S230" Value="10"/>
<Cov CovItemId="S231" Value="10"/>
<Cov CovItemId="S232" Value="10"/>
<Cov CovItemId="S233" Value="20"/>
<Cov CovItemId="S234" Value="10"/>
<Cov CovItemId="S235" Value="10"/>
<Cov CovItemId="S236" Value="10"/>
<Cov CovItemId="S237" Value="10"/>
<Cov CovItemId="S239" Value="10"/>
<Cov CovItemId="S241" Value="10"/>
<Cov CovItemId="S242" Value="10"/>
<Cov CovItemId="S243" Value="8"/>
<Cov CovItemId="S244" Value="8"/>
<Cov CovItemId="S245" Value="8"/>
<Cov CovItemId="S246" Value="6"/>
<Cov CovItemId="S248" Value="6"/>
<Cov CovItemId="S249" Value="6"/>
<Cov CovItemId="S250" Value="4"/>
<Cov CovItemId="S251" Value="4"/>
<Cov CovItemId="S252" Value="4"/>
<Cov CovItemId="S253" Value="4"/>
<Cov CovItemId="S254" Value="3"/>
<Cov CovItemId="S255" Value="4"/>
<Cov CovItemId="S256" Value="4"/>
<Cov CovItemId="S257" Value="16"/>
<Cov CovItemId="S258" Value="128"/>
<Cov CovItemId="S259" Value="3"/>
<Cov CovItemId="S260" Value="4"/>
<Cov CovItemId="S261" Value="3"/>
<Cov CovItemId="S266" Value="1"/>
<Cov CovItemId="S267" Value="24"/>
<Cov CovItemId="S268" Value="12"/>
<Cov CovItemId="S269" Value="12"/>
<Cov CovItemId="S3" Value="1"/>
<Cov CovItemId="S4" Value="1"/>
<Cov CovItemId="S5" Value="1"/>
</CovPrefix>
<CovPrefix CovItemPrefix="com.OriginalFiles.Board.java">
<Cov CovItemId="B1" Value="32"/>
<Cov CovItemId="B10" Value="8"/>
<Cov CovItemId="B2" Value="32"/>
<Cov CovItemId="B3" Value="12"/>
<Cov CovItemId="B31" Value="14"/>
<Cov CovItemId="B33" Value="8"/>
<Cov CovItemId="B34" Value="6"/>
<Cov CovItemId="B35" Value="6"/>
<Cov CovItemId="B36" Value="8"/>
<Cov CovItemId="B37" Value="14"/>
<Cov CovItemId="B4" Value="20"/>
<Cov CovItemId="B41" Value="66"/>
<Cov CovItemId="B42" Value="44"/>
<Cov CovItemId="B44" Value="28"/>
<Cov CovItemId="B45" Value="10"/>
<Cov CovItemId="B46" Value="22"/>
<Cov CovItemId="B47" Value="10"/>
<Cov CovItemId="B48" Value="22"/>
<Cov CovItemId="B49" Value="23"/>
<Cov CovItemId="B5" Value="4"/>
<Cov CovItemId="B50" Value="9"/>
<Cov CovItemId="B51" Value="23"/>
<Cov CovItemId="B53" Value="23"/>
<Cov CovItemId="B55" Value="12"/>
<Cov CovItemId="B56" Value="100"/>
<Cov CovItemId="B57" Value="34"/>
<Cov CovItemId="B58" Value="66"/>
<Cov CovItemId="B59" Value="34"/>
<Cov CovItemId="B6" Value="8"/>
<Cov CovItemId="B62" Value="34"/>
<Cov CovItemId="B63" Value="448"/>
<Cov CovItemId="B64" Value="448"/>
<Cov CovItemId="B65" Value="28"/>
<Cov CovItemId="B66" Value="420"/>
<Cov CovItemId="B67" Value="14"/>
<Cov CovItemId="B68" Value="14"/>
<Cov CovItemId="B69" Value="1"/>
<Cov CovItemId="B7" Value="12"/>
<Cov CovItemId="B79" Value="957"/>
<Cov CovItemId="B8" Value="20"/>
<Cov CovItemId="B81" Value="167"/>
<Cov CovItemId="B82" Value="790"/>
<Cov CovItemId="B83" Value="77"/>
<Cov CovItemId="B84" Value="1038"/>
<Cov CovItemId="B85" Value="70"/>
<Cov CovItemId="B86" Value="968"/>
<Cov CovItemId="B9" Value="4"/>
<Cov CovItemId="L1-2" Value="1"/>
<Cov CovItemId="L10-2" Value="224"/>
<Cov CovItemId="L13-2" Value="14"/>
<Cov CovItemId="L14-2" Value="112"/>
<Cov CovItemId="L2-2" Value="8"/>
<Cov CovItemId="L3-2" Value="1"/>
<Cov CovItemId="L4-2" Value="1"/>
<Cov CovItemId="L5-2" Value="1"/>
<Cov CovItemId="L6-2" Value="3"/>
<Cov CovItemId="L7-2" Value="1"/>
<Cov CovItemId="L8-2" Value="2"/>
<Cov CovItemId="L9-2" Value="28"/>
<Cov CovItemId="S1" Value="1"/>
<Cov CovItemId="S10" Value="1"/>
<Cov CovItemId="S100" Value="8"/>
<Cov CovItemId="S101" Value="6"/>
<Cov CovItemId="S102" Value="14"/>
<Cov CovItemId="S103" Value="6"/>
<Cov CovItemId="S104" Value="8"/>
<Cov CovItemId="S106" Value="14"/>
<Cov CovItemId="S107" Value="14"/>
<Cov CovItemId="S108" Value="14"/>
<Cov CovItemId="S109" Value="14"/>
<Cov CovItemId="S11" Value="8"/>
<Cov CovItemId="S115" Value="110"/>
<Cov CovItemId="S116" Value="66"/>
<Cov CovItemId="S117" Value="44"/>
<Cov CovItemId="S118" Value="28"/>
<Cov CovItemId="S119" Value="28"/>
<Cov CovItemId="S12" Value="64"/>
<Cov CovItemId="S121" Value="28"/>
<Cov CovItemId="S122" Value="28"/>
<Cov CovItemId="S123" Value="32"/>
<Cov CovItemId="S124" Value="32"/>
<Cov CovItemId="S125" Value="10"/>
<Cov CovItemId="S126" Value="32"/>
<Cov CovItemId="S127" Value="10"/>
<Cov CovItemId="S128" Value="32"/>
<Cov CovItemId="S129" Value="23"/>
<Cov CovItemId="S13" Value="64"/>
<Cov CovItemId="S130" Value="23"/>
<Cov CovItemId="S131" Value="23"/>
<Cov CovItemId="S132" Value="23"/>
<Cov CovItemId="S133" Value="32"/>
<Cov CovItemId="S134" Value="28"/>
<Cov CovItemId="S135" Value="112"/>
<Cov CovItemId="S136" Value="12"/>
<Cov CovItemId="S137" Value="100"/>
<Cov CovItemId="S138" Value="34"/>
<Cov CovItemId="S139" Value="34"/>
<Cov CovItemId="S14" Value="64"/>
<Cov CovItemId="S141" Value="100"/>
<Cov CovItemId="S142" Value="112"/>
<Cov CovItemId="S143" Value="14"/>
<Cov CovItemId="S144" Value="14"/>
<Cov CovItemId="S145" Value="112"/>
<Cov CovItemId="S146" Value="896"/>
<Cov CovItemId="S147" Value="448"/>
<Cov CovItemId="S148" Value="28"/>
<Cov CovItemId="S149" Value="14"/>
<Cov CovItemId="S15" Value="64"/>
<Cov CovItemId="S150" Value="14"/>
<Cov CovItemId="S151" Value="14"/>
<Cov CovItemId="S152" Value="1"/>
<Cov CovItemId="S153" Value="1"/>
<Cov CovItemId="S154" Value="1"/>
<Cov CovItemId="S16" Value="32"/>
<Cov CovItemId="S17" Value="32"/>
<Cov CovItemId="S176" Value="957"/>
<Cov CovItemId="S177" Value="957"/>
<Cov CovItemId="S178" Value="167"/>
<Cov CovItemId="S179" Value="790"/>
<Cov CovItemId="S18" Value="32"/>
<Cov CovItemId="S180" Value="1115"/>
<Cov CovItemId="S181" Value="77"/>
<Cov CovItemId="S182" Value="1038"/>
<Cov CovItemId="S183" Value="70"/>
<Cov CovItemId="S184" Value="968"/>
<Cov CovItemId="S185" Value="3236"/>
<Cov CovItemId="S19" Value="12"/>
<Cov CovItemId="S2" Value="1"/>
<Cov CovItemId="S20" Value="12"/>
<Cov CovItemId="S21" Value="12"/>
<Cov CovItemId="S22" Value="4"/>
<Cov CovItemId="S23" Value="32"/>
<Cov CovItemId="S24" Value="12"/>
<Cov CovItemId="S25" Value="12"/>
<Cov CovItemId="S26" Value="12"/>
<Cov CovItemId="S27" Value="4"/>
<Cov CovItemId="S28" Value="32"/>
<Cov CovItemId="S29" Value="32"/>
<Cov CovItemId="S3" Value="1"/>
<Cov CovItemId="S30" Value="64"/>
<Cov CovItemId="S31" Value="1"/>
<Cov CovItemId="S32" Value="8"/>
<Cov CovItemId="S33" Value="8"/>
<Cov CovItemId="S34" Value="8"/>
<Cov CovItemId="S35" Value="8"/>
<Cov CovItemId="S36" Value="8"/>
<Cov CovItemId="S37" Value="8"/>
<Cov CovItemId="S38" Value="8"/>
<Cov CovItemId="S39" Value="8"/>
<Cov CovItemId="S4" Value="1"/>
<Cov CovItemId="S40" Value="1"/>
<Cov CovItemId="S41" Value="8"/>
<Cov CovItemId="S42" Value="8"/>
<Cov CovItemId="S43" Value="8"/>
<Cov CovItemId="S44" Value="8"/>
<Cov CovItemId="S45" Value="8"/>
<Cov CovItemId="S46" Value="8"/>
<Cov CovItemId="S47" Value="8"/>
<Cov CovItemId="S48" Value="8"/>
<Cov CovItemId="S49" Value="1"/>
<Cov CovItemId="S5" Value="1"/>
<Cov CovItemId="S50" Value="3"/>
<Cov CovItemId="S51" Value="24"/>
<Cov CovItemId="S52" Value="24"/>
<Cov CovItemId="S53" Value="24"/>
<Cov CovItemId="S54" Value="24"/>
<Cov CovItemId="S55" Value="1"/>
<Cov CovItemId="S56" Value="2"/>
<Cov CovItemId="S57" Value="16"/>
<Cov CovItemId="S58" Value="16"/>
<Cov CovItemId="S59" Value="16"/>
<Cov CovItemId="S6" Value="1"/>
<Cov CovItemId="S60" Value="16"/>
<Cov CovItemId="S61" Value="28"/>
<Cov CovItemId="S62" Value="224"/>
<Cov CovItemId="S63" Value="1792"/>
<Cov CovItemId="S7" Value="1"/>
<Cov CovItemId="S8" Value="1"/>
<Cov CovItemId="S9" Value="1"/>
<Cov CovItemId="S98" Value="14"/>
<Cov CovItemId="S99" Value="14"/>
</CovPrefix>
<CovPrefix CovItemPrefix="com.OriginalFiles.Field.java">
<Cov CovItemId="B1" Value="56"/>
<Cov CovItemId="B2" Value="8"/>
<Cov CovItemId="S1" Value="120"/>
<Cov CovItemId="S13" Value="78"/>
<Cov CovItemId="S2" Value="120"/>
<Cov CovItemId="S5" Value="64"/>
<Cov CovItemId="S6" Value="64"/>
<Cov CovItemId="S7" Value="56"/>
<Cov CovItemId="S8" Value="899"/>
<Cov CovItemId="S9" Value="2270"/>
</CovPrefix>
<CovPrefix CovItemPrefix="com.OriginalFiles.MI.java">
<Cov CovItemId="B1" Value="1"/>
<Cov CovItemId="B13" Value="4"/>
<Cov CovItemId="B14" Value="3"/>
<Cov CovItemId="B15" Value="1"/>
<Cov CovItemId="B16" Value="4"/>
<Cov CovItemId="B17" Value="1"/>
<Cov CovItemId="B18" Value="3"/>
<Cov CovItemId="B19" Value="3"/>
<Cov CovItemId="B20" Value="1"/>
<Cov CovItemId="B23" Value="3"/>
<Cov CovItemId="B25" Value="3"/>
<Cov CovItemId="B27" Value="3"/>
<Cov CovItemId="B28" Value="1"/>
<Cov CovItemId="B3" Value="26"/>
<Cov CovItemId="B30" Value="4"/>
<Cov CovItemId="B31" Value="6"/>
<Cov CovItemId="B32" Value="8"/>
<Cov CovItemId="B33" Value="7"/>
<Cov CovItemId="B36" Value="7"/>
<Cov CovItemId="B39" Value="7"/>
<Cov CovItemId="B4" Value="102"/>
<Cov CovItemId="B41" Value="7"/>
<Cov CovItemId="B43" Value="6"/>
<Cov CovItemId="B44" Value="1"/>
<Cov CovItemId="B45" Value="4"/>
<Cov CovItemId="B46" Value="2"/>
<Cov CovItemId="B47" Value="2"/>
<Cov CovItemId="B5" Value="13"/>
<Cov CovItemId="B51" Value="8"/>
<Cov CovItemId="B52" Value="248"/>
<Cov CovItemId="B53" Value="4"/>
<Cov CovItemId="B54" Value="4"/>
<Cov CovItemId="B56" Value="4"/>
<Cov CovItemId="B59" Value="4"/>
<Cov CovItemId="B6" Value="13"/>
<Cov CovItemId="B62" Value="4"/>
<Cov CovItemId="B8" Value="1"/>
<Cov CovItemId="B9" Value="2"/>
<Cov CovItemId="L1-2" Value="2"/>
<Cov CovItemId="L10-2" Value="4"/>
<Cov CovItemId="L11-2" Value="32"/>
<Cov CovItemId="L13-2" Value="4"/>
<Cov CovItemId="L2-2" Value="16"/>
<Cov CovItemId="L3-2" Value="1"/>
<Cov CovItemId="L4-1" Value="1"/>
<Cov CovItemId="L4-2" Value="2"/>
<Cov CovItemId="L5-1" Value="4"/>
<Cov CovItemId="L6-1" Value="4"/>
<Cov CovItemId="L7-1" Value="7"/>
<Cov CovItemId="L8-1" Value="7"/>
<Cov CovItemId="L9-0" Value="7"/>
<Cov CovItemId="S1" Value="1"/>
<Cov CovItemId="S10" Value="1"/>
<Cov CovItemId="S100" Value="7"/>
<Cov CovItemId="S101" Value="7"/>
<Cov CovItemId="S102" Value="7"/>
<Cov CovItemId="S103" Value="7"/>
<Cov CovItemId="S104" Value="7"/>
<Cov CovItemId="S105" Value="7"/>
<Cov CovItemId="S106" Value="7"/>
<Cov CovItemId="S107" Value="7"/>
<Cov CovItemId="S108" Value="7"/>
<Cov CovItemId="S109" Value="7"/>
<Cov CovItemId="S11" Value="1"/>
<Cov CovItemId="S110" Value="6"/>
<Cov CovItemId="S111" Value="4"/>
<Cov CovItemId="S112" Value="2"/>
<Cov CovItemId="S113" Value="2"/>
<Cov CovItemId="S114" Value="6"/>
<Cov CovItemId="S115" Value="7"/>
<Cov CovItemId="S116" Value="7"/>
<Cov CovItemId="S117" Value="7"/>
<Cov CovItemId="S12" Value="1"/>
<Cov CovItemId="S123" Value="4"/>
<Cov CovItemId="S124" Value="4"/>
<Cov CovItemId="S125" Value="4"/>
<Cov CovItemId="S126" Value="4"/>
<Cov CovItemId="S127" Value="32"/>
<Cov CovItemId="S128" Value="256"/>
<Cov CovItemId="S129" Value="8"/>
<Cov CovItemId="S130" Value="4"/>
<Cov CovItemId="S135" Value="4"/>
<Cov CovItemId="S136" Value="4"/>
<Cov CovItemId="S137" Value="4"/>
<Cov CovItemId="S138" Value="8"/>
<Cov CovItemId="S139" Value="8"/>
<Cov CovItemId="S14" Value="1"/>
<Cov CovItemId="S140" Value="4"/>
<Cov CovItemId="S142" Value="4"/>
<Cov CovItemId="S15" Value="1"/>
<Cov CovItemId="S16" Value="2"/>
<Cov CovItemId="S17" Value="2"/>
<Cov CovItemId="S18" Value="2"/>
<Cov CovItemId="S19" Value="16"/>
<Cov CovItemId="S2" Value="1"/>
<Cov CovItemId="S20" Value="128"/>
<Cov CovItemId="S21" Value="26"/>
<Cov CovItemId="S22" Value="13"/>
<Cov CovItemId="S23" Value="13"/>
<Cov CovItemId="S24" Value="1"/>
<Cov CovItemId="S25" Value="1"/>
<Cov CovItemId="S26" Value="1"/>
<Cov CovItemId="S27" Value="1"/>
<Cov CovItemId="S28" Value="1"/>
<Cov CovItemId="S3" Value="1"/>
<Cov CovItemId="S30" Value="1"/>
<Cov CovItemId="S31" Value="2"/>
<Cov CovItemId="S32" Value="2"/>
<Cov CovItemId="S33" Value="2"/>
<Cov CovItemId="S34" Value="2"/>
<Cov CovItemId="S35" Value="2"/>
<Cov CovItemId="S36" Value="2"/>
<Cov CovItemId="S37" Value="2"/>
<Cov CovItemId="S4" Value="1"/>
<Cov CovItemId="S40" Value="1"/>
<Cov CovItemId="S41" Value="7"/>
<Cov CovItemId="S42" Value="4"/>
<Cov CovItemId="S43" Value="3"/>
<Cov CovItemId="S44" Value="3"/>
<Cov CovItemId="S45" Value="3"/>
<Cov CovItemId="S46" Value="5"/>
<Cov CovItemId="S47" Value="5"/>
<Cov CovItemId="S48" Value="5"/>
<Cov CovItemId="S49" Value="5"/>
<Cov CovItemId="S5" Value="1"/>
<Cov CovItemId="S50" Value="5"/>
<Cov CovItemId="S51" Value="5"/>
<Cov CovItemId="S52" Value="1"/>
<Cov CovItemId="S53" Value="3"/>
<Cov CovItemId="S54" Value="4"/>
<Cov CovItemId="S55" Value="4"/>
<Cov CovItemId="S56" Value="4"/>
<Cov CovItemId="S57" Value="4"/>
<Cov CovItemId="S58" Value="1"/>
<Cov CovItemId="S59" Value="4"/>
<Cov CovItemId="S6" Value="1"/>
<Cov CovItemId="S60" Value="3"/>
<Cov CovItemId="S61" Value="1"/>
<Cov CovItemId="S62" Value="4"/>
<Cov CovItemId="S63" Value="4"/>
<Cov CovItemId="S64" Value="4"/>
<Cov CovItemId="S65" Value="4"/>
<Cov CovItemId="S66" Value="4"/>
<Cov CovItemId="S67" Value="4"/>
<Cov CovItemId="S68" Value="4"/>
<Cov CovItemId="S7" Value="1"/>
<Cov CovItemId="S73" Value="3"/>
<Cov CovItemId="S75" Value="3"/>
<Cov CovItemId="S77" Value="3"/>
<Cov CovItemId="S78" Value="1"/>
<Cov CovItemId="S79" Value="1"/>
<Cov CovItemId="S8" Value="1"/>
<Cov CovItemId="S80" Value="4"/>
<Cov CovItemId="S81" Value="4"/>
<Cov CovItemId="S83" Value="4"/>
<Cov CovItemId="S84" Value="14"/>
<Cov CovItemId="S85" Value="6"/>
<Cov CovItemId="S86" Value="8"/>
<Cov CovItemId="S87" Value="7"/>
<Cov CovItemId="S88" Value="7"/>
<Cov CovItemId="S89" Value="7"/>
<Cov CovItemId="S9" Value="1"/>
<Cov CovItemId="S90" Value="7"/>
<Cov CovItemId="S91" Value="7"/>
<Cov CovItemId="S92" Value="7"/>
<Cov CovItemId="S99" Value="7"/>
</CovPrefix>
<CovPrefix CovItemPrefix="com.OriginalFiles.Move.java">
<Cov CovItemId="S1" Value="8"/>
<Cov CovItemId="S2" Value="8"/>
<Cov CovItemId="S3" Value="8"/>
<Cov CovItemId="S4" Value="8"/>
<Cov CovItemId="S5" Value="8"/>
<Cov CovItemId="S6" Value="8"/>
<Cov CovItemId="S7" Value="8"/>
</CovPrefix>
<CovPrefix CovItemPrefix="com.OriginalFiles.Piece.java">
<Cov CovItemId="B1" Value="2"/>
<Cov CovItemId="B10" Value="18"/>
<Cov CovItemId="B11" Value="48"/>
<Cov CovItemId="B12" Value="16"/>
<Cov CovItemId="B13" Value="3"/>
<Cov CovItemId="B14" Value="45"/>
<Cov CovItemId="B15" Value="40"/>
<Cov CovItemId="B16" Value="8"/>
<Cov CovItemId="B17" Value="8"/>
<Cov CovItemId="B18" Value="40"/>
<Cov CovItemId="B19" Value="4"/>
<Cov CovItemId="B2" Value="54"/>
<Cov CovItemId="B20" Value="4"/>
<Cov CovItemId="B22" Value="8"/>
<Cov CovItemId="B25" Value="8"/>
<Cov CovItemId="B28" Value="8"/>
<Cov CovItemId="B30" Value="8"/>
<Cov CovItemId="B31" Value="4"/>
<Cov CovItemId="B32" Value="4"/>
<Cov CovItemId="B33" Value="8"/>
<Cov CovItemId="B34" Value="40"/>
<Cov CovItemId="B35" Value="8"/>
<Cov CovItemId="B36" Value="40"/>
<Cov CovItemId="B37" Value="8"/>
<Cov CovItemId="B39" Value="10"/>
<Cov CovItemId="B4" Value="2"/>
<Cov CovItemId="B40" Value="38"/>
<Cov CovItemId="B42" Value="16"/>
<Cov CovItemId="B44" Value="4"/>
<Cov CovItemId="B45" Value="4"/>
<Cov CovItemId="B47" Value="10"/>
<Cov CovItemId="B48" Value="6"/>
<Cov CovItemId="B49" Value="10"/>
<Cov CovItemId="B5" Value="48"/>
<Cov CovItemId="B51" Value="32"/>
<Cov CovItemId="B52" Value="8"/>
<Cov CovItemId="B54" Value="32"/>
<Cov CovItemId="B6" Value="16"/>
<Cov CovItemId="B69" Value="761"/>
<Cov CovItemId="B7" Value="8"/>
<Cov CovItemId="B70" Value="1118"/>
<Cov CovItemId="B71" Value="4"/>
<Cov CovItemId="B72" Value="757"/>
<Cov CovItemId="B9" Value="22"/>
<Cov CovItemId="L1-2" Value="4"/>
<Cov CovItemId="L2-2" Value="27"/>
<Cov CovItemId="L3-1" Value="4"/>
<Cov CovItemId="L3-2" Value="195"/>
<Cov CovItemId="S1" Value="40"/>
<Cov CovItemId="S10" Value="40"/>
<Cov CovItemId="S11" Value="40"/>
<Cov CovItemId="S118" Value="40"/>
<Cov CovItemId="S119" Value="4"/>
<Cov CovItemId="S12" Value="40"/>
<Cov CovItemId="S120" Value="4"/>
<Cov CovItemId="S121" Value="4"/>
<Cov CovItemId="S122" Value="27"/>
<Cov CovItemId="S123" Value="27"/>
<Cov CovItemId="S124" Value="199"/>
<Cov CovItemId="S125" Value="1879"/>
<Cov CovItemId="S126" Value="761"/>
<Cov CovItemId="S127" Value="4"/>
<Cov CovItemId="S128" Value="4"/>
<Cov CovItemId="S129" Value="4"/>
<Cov CovItemId="S13" Value="40"/>
<Cov CovItemId="S14" Value="40"/>
<Cov CovItemId="S15" Value="40"/>
<Cov CovItemId="S16" Value="40"/>
<Cov CovItemId="S17" Value="40"/>
<Cov CovItemId="S18" Value="40"/>
<Cov CovItemId="S19" Value="40"/>
<Cov CovItemId="S2" Value="40"/>
<Cov CovItemId="S20" Value="40"/>
<Cov CovItemId="S21" Value="40"/>
<Cov CovItemId="S22" Value="28"/>
<Cov CovItemId="S23" Value="212"/>
<Cov CovItemId="S24" Value="56"/>
<Cov CovItemId="S25" Value="56"/>
<Cov CovItemId="S26" Value="56"/>
<Cov CovItemId="S27" Value="2"/>
<Cov CovItemId="S29" Value="2"/>
<Cov CovItemId="S3" Value="40"/>
<Cov CovItemId="S30" Value="54"/>
<Cov CovItemId="S31" Value="56"/>
<Cov CovItemId="S32" Value="64"/>
<Cov CovItemId="S33" Value="48"/>
<Cov CovItemId="S34" Value="16"/>
<Cov CovItemId="S35" Value="16"/>
<Cov CovItemId="S36" Value="8"/>
<Cov CovItemId="S37" Value="8"/>
<Cov CovItemId="S38" Value="8"/>
<Cov CovItemId="S39" Value="40"/>
<Cov CovItemId="S4" Value="40"/>
<Cov CovItemId="S40" Value="22"/>
<Cov CovItemId="S41" Value="18"/>
<Cov CovItemId="S42" Value="56"/>
<Cov CovItemId="S43" Value="64"/>
<Cov CovItemId="S44" Value="48"/>
<Cov CovItemId="S45" Value="48"/>
<Cov CovItemId="S46" Value="48"/>
<Cov CovItemId="S47" Value="3"/>
<Cov CovItemId="S48" Value="48"/>
<Cov CovItemId="S49" Value="40"/>
<Cov CovItemId="S5" Value="40"/>
<Cov CovItemId="S50" Value="48"/>
<Cov CovItemId="S51" Value="8"/>
<Cov CovItemId="S52" Value="4"/>
<Cov CovItemId="S53" Value="4"/>
<Cov CovItemId="S54" Value="8"/>
<Cov CovItemId="S58" Value="8"/>
<Cov CovItemId="S59" Value="8"/>
<Cov CovItemId="S6" Value="40"/>
<Cov CovItemId="S61" Value="8"/>
<Cov CovItemId="S63" Value="8"/>
<Cov CovItemId="S64" Value="4"/>
<Cov CovItemId="S65" Value="48"/>
<Cov CovItemId="S66" Value="8"/>
<Cov CovItemId="S67" Value="48"/>
<Cov CovItemId="S68" Value="8"/>
<Cov CovItemId="S69" Value="8"/>
<Cov CovItemId="S7" Value="40"/>
<Cov CovItemId="S70" Value="8"/>
<Cov CovItemId="S71" Value="48"/>
<Cov CovItemId="S72" Value="10"/>
<Cov CovItemId="S73" Value="48"/>
<Cov CovItemId="S74" Value="16"/>
<Cov CovItemId="S76" Value="16"/>
<Cov CovItemId="S77" Value="4"/>
<Cov CovItemId="S78" Value="4"/>
<Cov CovItemId="S79" Value="4"/>
<Cov CovItemId="S8" Value="40"/>
<Cov CovItemId="S81" Value="4"/>
<Cov CovItemId="S82" Value="4"/>
<Cov CovItemId="S83" Value="4"/>
<Cov CovItemId="S84" Value="4"/>
<Cov CovItemId="S85" Value="4"/>
<Cov CovItemId="S86" Value="4"/>
<Cov CovItemId="S87" Value="16"/>
<Cov CovItemId="S88" Value="10"/>
<Cov CovItemId="S89" Value="10"/>
<Cov CovItemId="S9" Value="40"/>
<Cov CovItemId="S90" Value="10"/>
<Cov CovItemId="S91" Value="10"/>
<Cov CovItemId="S92" Value="10"/>
<Cov CovItemId="S93" Value="10"/>
<Cov CovItemId="S94" Value="10"/>
<Cov CovItemId="S95" Value="10"/>
<Cov CovItemId="S96" Value="6"/>
<Cov CovItemId="S97" Value="40"/>
<Cov CovItemId="S98" Value="40"/>
<Cov CovItemId="S99" Value="32"/>
</CovPrefix>
<CovPrefix CovItemPrefix="com.OriginalFiles.RemoteNXTFunctions.java">
<Cov CovItemId="B5" Value="1"/>
<Cov CovItemId="B7" Value="1"/>
<Cov CovItemId="S1" Value="1"/>
<Cov CovItemId="S162" Value="1"/>
<Cov CovItemId="S19" Value="1"/>
<Cov CovItemId="S2" Value="1"/>
<Cov CovItemId="S20" Value="1"/>
<Cov CovItemId="S21" Value="1"/>
<Cov CovItemId="S22" Value="1"/>
<Cov CovItemId="S3" Value="1"/>
</CovPrefix>
</CovList>
<AssgnmntList>
<AssgnmntPrefix RootTermCovItemPrefix="com.OriginalFiles.Analyze.java">
<AssgnmntListEntry Length="1" RootTermCovItemId="C49">
<MapEntry BoolAssgnmnt="0" Value="8"/>
<MapEntry BoolAssgnmnt="1" Value="6"/>
</AssgnmntListEntry>
<AssgnmntListEntry Length="1" RootTermCovItemId="C50">
<MapEntry BoolAssgnmnt="0" Value="4"/>
<MapEntry BoolAssgnmnt="1" Value="2"/>
</AssgnmntListEntry>
<AssgnmntListEntry Length="1" RootTermCovItemId="C51">
<MapEntry BoolAssgnmnt="1" Value="2"/>
</AssgnmntListEntry>
<AssgnmntListEntry Length="1" RootTermCovItemId="C52">
<MapEntry BoolAssgnmnt="1" Value="4"/>
</AssgnmntListEntry>
<AssgnmntListEntry Length="1" RootTermCovItemId="C64">
<MapEntry BoolAssgnmnt="1" Value="1"/>
</AssgnmntListEntry>
<AssgnmntListEntry Length="6" RootTermCovItemId="C66">
<MapEntry BoolAssgnmnt="111111" Value="1"/>
</AssgnmntListEntry>
<AssgnmntListEntry Length="1" RootTermCovItemId="C70">
<MapEntry BoolAssgnmnt="0" Value="20"/>
<MapEntry BoolAssgnmnt="1" Value="620"/>
</AssgnmntListEntry>
<AssgnmntListEntry Length="1" RootTermCovItemId="C71">
<MapEntry BoolAssgnmnt="0" Value="10"/>
<MapEntry BoolAssgnmnt="1" Value="10"/>
</AssgnmntListEntry>
<AssgnmntListEntry Length="1" RootTermCovItemId="C72">
<MapEntry BoolAssgnmnt="1" Value="10"/>
</AssgnmntListEntry>
<AssgnmntListEntry Length="1" RootTermCovItemId="C73">
<MapEntry BoolAssgnmnt="0" Value="10"/>
<MapEntry BoolAssgnmnt="1" Value="10"/>
</AssgnmntListEntry>
<AssgnmntListEntry Length="1" RootTermCovItemId="C74">
<MapEntry BoolAssgnmnt="1" Value="10"/>
</AssgnmntListEntry>
<AssgnmntListEntry Length="3" RootTermCovItemId="C75">
<MapEntry BoolAssgnmnt="012" Value="3"/>
<MapEntry BoolAssgnmnt="001" Value="7"/>
</AssgnmntListEntry>
<AssgnmntListEntry Length="3" RootTermCovItemId="C76">
<MapEntry BoolAssgnmnt="011" Value="3"/>
<MapEntry BoolAssgnmnt="002" Value="7"/>
</AssgnmntListEntry>
<AssgnmntListEntry Length="2" RootTermCovItemId="C77">
<MapEntry BoolAssgnmnt="11" Value="10"/>
</AssgnmntListEntry>
<AssgnmntListEntry Length="2" RootTermCovItemId="C78">
<MapEntry BoolAssgnmnt="10" Value="2"/>
<MapEntry BoolAssgnmnt="11" Value="8"/>
</AssgnmntListEntry>
<AssgnmntListEntry Length="2" RootTermCovItemId="C79">
<MapEntry BoolAssgnmnt="01" Value="2"/>
<MapEntry BoolAssgnmnt="00" Value="2"/>
<MapEntry BoolAssgnmnt="12" Value="4"/>
</AssgnmntListEntry>
<AssgnmntListEntry Length="2" RootTermCovItemId="C80">
<MapEntry BoolAssgnmnt="02" Value="6"/>
</AssgnmntListEntry>
<AssgnmntListEntry Length="2" RootTermCovItemId="C81">
<MapEntry BoolAssgnmnt="00" Value="6"/>
</AssgnmntListEntry>
<AssgnmntListEntry Length="1" RootTermCovItemId="C82">
<MapEntry BoolAssgnmnt="1" Value="4"/>
</AssgnmntListEntry>
<AssgnmntListEntry Length="1" RootTermCovItemId="C83">
<MapEntry BoolAssgnmnt="0" Value="3"/>
<MapEntry BoolAssgnmnt="1" Value="1"/>
</AssgnmntListEntry>
<AssgnmntListEntry Length="1" RootTermCovItemId="C84">
<MapEntry BoolAssgnmnt="0" Value="4"/>
<MapEntry BoolAssgnmnt="1" Value="16"/>
</AssgnmntListEntry>
<AssgnmntListEntry Length="1" RootTermCovItemId="C85">
<MapEntry BoolAssgnmnt="0" Value="16"/>
<MapEntry BoolAssgnmnt="1" Value="128"/>
</AssgnmntListEntry>
<AssgnmntListEntry Length="1" RootTermCovItemId="C86">
<MapEntry BoolAssgnmnt="0" Value="3"/>
<MapEntry BoolAssgnmnt="1" Value="125"/>
</AssgnmntListEntry>
<AssgnmntListEntry Length="1" RootTermCovItemId="C87">
<MapEntry BoolAssgnmnt="0" Value="1"/>
<MapEntry BoolAssgnmnt="1" Value="3"/>
</AssgnmntListEntry>
<AssgnmntListEntry Length="8" RootTermCovItemId="C90">
<MapEntry BoolAssgnmnt="02020202" Value="12"/>
<MapEntry BoolAssgnmnt="02020211" Value="6"/>
<MapEntry BoolAssgnmnt="02112222" Value="6"/>
</AssgnmntListEntry>
</AssgnmntPrefix>
<AssgnmntPrefix RootTermCovItemPrefix="com.OriginalFiles.Board.java">
<AssgnmntListEntry Length="1" RootTermCovItemId="C1">
<MapEntry BoolAssgnmnt="0" Value="1"/>
<MapEntry BoolAssgnmnt="1" Value="8"/>
</AssgnmntListEntry>
<AssgnmntListEntry Length="1" RootTermCovItemId="C10">
<MapEntry BoolAssgnmnt="0" Value="1"/>
<MapEntry BoolAssgnmnt="1" Value="3"/>
</AssgnmntListEntry>
<AssgnmntListEntry Length="1" RootTermCovItemId="C11">
<MapEntry BoolAssgnmnt="0" Value="3"/>
<MapEntry BoolAssgnmnt="1" Value="24"/>
</AssgnmntListEntry>
<AssgnmntListEntry Length="1" RootTermCovItemId="C12">
<MapEntry BoolAssgnmnt="0" Value="1"/>
<MapEntry BoolAssgnmnt="1" Value="2"/>
</AssgnmntListEntry>
<AssgnmntListEntry Length="1" RootTermCovItemId="C13">
<MapEntry BoolAssgnmnt="0" Value="2"/>
<MapEntry BoolAssgnmnt="1" Value="16"/>
</AssgnmntListEntry>
<AssgnmntListEntry Length="1" RootTermCovItemId="C2">
<MapEntry BoolAssgnmnt="0" Value="8"/>
<MapEntry BoolAssgnmnt="1" Value="64"/>
</AssgnmntListEntry>
<AssgnmntListEntry Length="1" RootTermCovItemId="C26">
<MapEntry BoolAssgnmnt="0" Value="14"/>
</AssgnmntListEntry>
<AssgnmntListEntry Length="1" RootTermCovItemId="C27">
<MapEntry BoolAssgnmnt="0" Value="6"/>
<MapEntry BoolAssgnmnt="1" Value="8"/>
</AssgnmntListEntry>
<AssgnmntListEntry Length="2" RootTermCovItemId="C28">
<MapEntry BoolAssgnmnt="10" Value="6"/>
<MapEntry BoolAssgnmnt="02" Value="7"/>
<MapEntry BoolAssgnmnt="11" Value="1"/>
</AssgnmntListEntry>
<AssgnmntListEntry Length="1" RootTermCovItemId="C29">
<MapEntry BoolAssgnmnt="1" Value="14"/>
</AssgnmntListEntry>
<AssgnmntListEntry Length="1" RootTermCovItemId="C3">
<MapEntry BoolAssgnmnt="0" Value="32"/>
<MapEntry BoolAssgnmnt="1" Value="32"/>
</AssgnmntListEntry>
<AssgnmntListEntry Length="1" RootTermCovItemId="C31">
<MapEntry BoolAssgnmnt="0" Value="44"/>
<MapEntry BoolAssgnmnt="1" Value="66"/>
</AssgnmntListEntry>
<AssgnmntListEntry Length="1" RootTermCovItemId="C32">
<MapEntry BoolAssgnmnt="0" Value="28"/>
</AssgnmntListEntry>
<AssgnmntListEntry Length="1" RootTermCovItemId="C33">
<MapEntry BoolAssgnmnt="0" Value="10"/>
<MapEntry BoolAssgnmnt="1" Value="22"/>
</AssgnmntListEntry>
<AssgnmntListEntry Length="1" RootTermCovItemId="C34">
<MapEntry BoolAssgnmnt="0" Value="10"/>
<MapEntry BoolAssgnmnt="1" Value="22"/>
</AssgnmntListEntry>
<AssgnmntListEntry Length="1" RootTermCovItemId="C35">
<MapEntry BoolAssgnmnt="0" Value="9"/>
<MapEntry BoolAssgnmnt="1" Value="23"/>
</AssgnmntListEntry>
<AssgnmntListEntry Length="1" RootTermCovItemId="C36">
<MapEntry BoolAssgnmnt="0" Value="23"/>
</AssgnmntListEntry>
<AssgnmntListEntry Length="1" RootTermCovItemId="C37">
<MapEntry BoolAssgnmnt="0" Value="23"/>
</AssgnmntListEntry>
<AssgnmntListEntry Length="5" RootTermCovItemId="C38">
<MapEntry BoolAssgnmnt="02002" Value="28"/>
<MapEntry BoolAssgnmnt="10122" Value="28"/>
<MapEntry BoolAssgnmnt="11221" Value="26"/>
<MapEntry BoolAssgnmnt="11220" Value="2"/>
<MapEntry BoolAssgnmnt="02010" Value="10"/>
<MapEntry BoolAssgnmnt="02011" Value="18"/>
</AssgnmntListEntry>
<AssgnmntListEntry Length="1" RootTermCovItemId="C39">
<MapEntry BoolAssgnmnt="0" Value="66"/>
<MapEntry BoolAssgnmnt="1" Value="34"/>
</AssgnmntListEntry>
<AssgnmntListEntry Length="1" RootTermCovItemId="C4">
<MapEntry BoolAssgnmnt="0" Value="20"/>
<MapEntry BoolAssgnmnt="1" Value="12"/>
</AssgnmntListEntry>
<AssgnmntListEntry Length="1" RootTermCovItemId="C40">
<MapEntry BoolAssgnmnt="0" Value="34"/>
</AssgnmntListEntry>
<AssgnmntListEntry Length="2" RootTermCovItemId="C41">
<MapEntry BoolAssgnmnt="02" Value="34"/>
</AssgnmntListEntry>
<AssgnmntListEntry Length="1" RootTermCovItemId="C42">
<MapEntry BoolAssgnmnt="0" Value="448"/>
<MapEntry BoolAssgnmnt="1" Value="448"/>
</AssgnmntListEntry>
<AssgnmntListEntry Length="1" RootTermCovItemId="C43">
<MapEntry BoolAssgnmnt="0" Value="420"/>
<MapEntry BoolAssgnmnt="1" Value="28"/>
</AssgnmntListEntry>
<AssgnmntListEntry Length="1" RootTermCovItemId="C44">
<MapEntry BoolAssgnmnt="0" Value="14"/>
<MapEntry BoolAssgnmnt="1" Value="14"/>
</AssgnmntListEntry>
<AssgnmntListEntry Length="1" RootTermCovItemId="C45">
<MapEntry BoolAssgnmnt="1" Value="1"/>
</AssgnmntListEntry>
<AssgnmntListEntry Length="1" RootTermCovItemId="C5">
<MapEntry BoolAssgnmnt="0" Value="8"/>
<MapEntry BoolAssgnmnt="1" Value="4"/>
</AssgnmntListEntry>
<AssgnmntListEntry Length="1" RootTermCovItemId="C53">
<MapEntry BoolAssgnmnt="1" Value="957"/>
</AssgnmntListEntry>
<AssgnmntListEntry Length="1" RootTermCovItemId="C54">
<MapEntry BoolAssgnmnt="0" Value="167"/>
<MapEntry BoolAssgnmnt="1" Value="790"/>
</AssgnmntListEntry>
<AssgnmntListEntry Length="3" RootTermCovItemId="C55">
<MapEntry BoolAssgnmnt="011" Value="854"/>
<MapEntry BoolAssgnmnt="010" Value="26"/>
<MapEntry BoolAssgnmnt="002" Value="146"/>
<MapEntry BoolAssgnmnt="120" Value="51"/>
<MapEntry BoolAssgnmnt="121" Value="38"/>
</AssgnmntListEntry>
<AssgnmntListEntry Length="3" RootTermCovItemId="C56">
<MapEntry BoolAssgnmnt="011" Value="16"/>
<MapEntry BoolAssgnmnt="010" Value="18"/>
<MapEntry BoolAssgnmnt="002" Value="892"/>
<MapEntry BoolAssgnmnt="120" Value="58"/>
<MapEntry BoolAssgnmnt="121" Value="54"/>
</AssgnmntListEntry>
<AssgnmntListEntry Length="1" RootTermCovItemId="C6">
<MapEntry BoolAssgnmnt="0" Value="20"/>
<MapEntry BoolAssgnmnt="1" Value="12"/>
</AssgnmntListEntry>
<AssgnmntListEntry Length="1" RootTermCovItemId="C7">
<MapEntry BoolAssgnmnt="0" Value="8"/>
<MapEntry BoolAssgnmnt="1" Value="4"/>
</AssgnmntListEntry>
<AssgnmntListEntry Length="1" RootTermCovItemId="C8">
<MapEntry BoolAssgnmnt="0" Value="1"/>
<MapEntry BoolAssgnmnt="1" Value="8"/>
</AssgnmntListEntry>
<AssgnmntListEntry Length="1" RootTermCovItemId="C9">
<MapEntry BoolAssgnmnt="0" Value="1"/>
<MapEntry BoolAssgnmnt="1" Value="8"/>
</AssgnmntListEntry>
</AssgnmntPrefix>
<AssgnmntPrefix RootTermCovItemPrefix="com.OriginalFiles.Field.java">
<AssgnmntListEntry Length="1" RootTermCovItemId="C1">
<MapEntry BoolAssgnmnt="0" Value="56"/>
<MapEntry BoolAssgnmnt="1" Value="8"/>
</AssgnmntListEntry>
</AssgnmntPrefix>
<AssgnmntPrefix RootTermCovItemPrefix="com.OriginalFiles.MI.java">
<AssgnmntListEntry Length="1" RootTermCovItemId="C1">
<MapEntry BoolAssgnmnt="1" Value="1"/>
</AssgnmntListEntry>
<AssgnmntListEntry Length="1" RootTermCovItemId="C10">
<MapEntry BoolAssgnmnt="0" Value="3"/>
<MapEntry BoolAssgnmnt="1" Value="1"/>
</AssgnmntListEntry>
<AssgnmntListEntry Length="1" RootTermCovItemId="C11">
<MapEntry BoolAssgnmnt="0" Value="4"/>
<MapEntry BoolAssgnmnt="1" Value="4"/>
</AssgnmntListEntry>
<AssgnmntListEntry Length="1" RootTermCovItemId="C12">
<MapEntry BoolAssgnmnt="0" Value="4"/>
<MapEntry BoolAssgnmnt="1" Value="4"/>
</AssgnmntListEntry>
<AssgnmntListEntry Length="1" RootTermCovItemId="C13">
<MapEntry BoolAssgnmnt="0" Value="3"/>
</AssgnmntListEntry>
<AssgnmntListEntry Length="1" RootTermCovItemId="C14">
<MapEntry BoolAssgnmnt="0" Value="3"/>
</AssgnmntListEntry>
<AssgnmntListEntry Length="1" RootTermCovItemId="C15">
<MapEntry BoolAssgnmnt="0" Value="4"/>
</AssgnmntListEntry>
<AssgnmntListEntry Length="1" RootTermCovItemId="C16">
<MapEntry BoolAssgnmnt="0" Value="8"/>
<MapEntry BoolAssgnmnt="1" Value="6"/>
</AssgnmntListEntry>
<AssgnmntListEntry Length="1" RootTermCovItemId="C17">
<MapEntry BoolAssgnmnt="1" Value="7"/>
</AssgnmntListEntry>
<AssgnmntListEntry Length="1" RootTermCovItemId="C18">
<MapEntry BoolAssgnmnt="0" Value="7"/>
<MapEntry BoolAssgnmnt="1" Value="7"/>
</AssgnmntListEntry>
<AssgnmntListEntry Length="1" RootTermCovItemId="C19">
<MapEntry BoolAssgnmnt="0" Value="7"/>
</AssgnmntListEntry>
<AssgnmntListEntry Length="1" RootTermCovItemId="C2">
<MapEntry BoolAssgnmnt="0" Value="26"/>
<MapEntry BoolAssgnmnt="1" Value="102"/>
</AssgnmntListEntry>
<AssgnmntListEntry Length="1" RootTermCovItemId="C21">
<MapEntry BoolAssgnmnt="1" Value="7"/>
</AssgnmntListEntry>
<AssgnmntListEntry Length="1" RootTermCovItemId="C22">
<MapEntry BoolAssgnmnt="0" Value="7"/>
<MapEntry BoolAssgnmnt="1" Value="7"/>
</AssgnmntListEntry>
<AssgnmntListEntry Length="1" RootTermCovItemId="C23">
<MapEntry BoolAssgnmnt="0" Value="7"/>
</AssgnmntListEntry>
<AssgnmntListEntry Length="2" RootTermCovItemId="C24">
<MapEntry BoolAssgnmnt="10" Value="6"/>
<MapEntry BoolAssgnmnt="11" Value="1"/>
</AssgnmntListEntry>
<AssgnmntListEntry Length="1" RootTermCovItemId="C25">
<MapEntry BoolAssgnmnt="0" Value="2"/>
<MapEntry BoolAssgnmnt="1" Value="4"/>
</AssgnmntListEntry>
<AssgnmntListEntry Length="1" RootTermCovItemId="C26">
<MapEntry BoolAssgnmnt="1" Value="2"/>
</AssgnmntListEntry>
<AssgnmntListEntry Length="1" RootTermCovItemId="C27">
<MapEntry BoolAssgnmnt="0" Value="7"/>
</AssgnmntListEntry>
<AssgnmntListEntry Length="1" RootTermCovItemId="C29">
<MapEntry BoolAssgnmnt="0" Value="8"/>
<MapEntry BoolAssgnmnt="1" Value="248"/>
</AssgnmntListEntry>
<AssgnmntListEntry Length="1" RootTermCovItemId="C3">
<MapEntry BoolAssgnmnt="0" Value="13"/>
<MapEntry BoolAssgnmnt="1" Value="13"/>
</AssgnmntListEntry>
<AssgnmntListEntry Length="2" RootTermCovItemId="C30">
<MapEntry BoolAssgnmnt="10" Value="4"/>
<MapEntry BoolAssgnmnt="11" Value="4"/>
</AssgnmntListEntry>
<AssgnmntListEntry Length="1" RootTermCovItemId="C31">
<MapEntry BoolAssgnmnt="0" Value="4"/>
</AssgnmntListEntry>
<AssgnmntListEntry Length="1" RootTermCovItemId="C33">
<MapEntry BoolAssgnmnt="0" Value="4"/>
</AssgnmntListEntry>
<AssgnmntListEntry Length="1" RootTermCovItemId="C34">
<MapEntry BoolAssgnmnt="0" Value="4"/>
</AssgnmntListEntry>
<AssgnmntListEntry Length="1" RootTermCovItemId="C4">
<MapEntry BoolAssgnmnt="0" Value="1"/>
</AssgnmntListEntry>
<AssgnmntListEntry Length="1" RootTermCovItemId="C5">
<MapEntry BoolAssgnmnt="1" Value="2"/>
</AssgnmntListEntry>
<AssgnmntListEntry Length="2" RootTermCovItemId="C7">
<MapEntry BoolAssgnmnt="01" Value="3"/>
<MapEntry BoolAssgnmnt="00" Value="3"/>
<MapEntry BoolAssgnmnt="12" Value="1"/>
</AssgnmntListEntry>
<AssgnmntListEntry Length="1" RootTermCovItemId="C8">
<MapEntry BoolAssgnmnt="0" Value="4"/>
<MapEntry BoolAssgnmnt="1" Value="1"/>
</AssgnmntListEntry>
<AssgnmntListEntry Length="1" RootTermCovItemId="C9">
<MapEntry BoolAssgnmnt="0" Value="3"/>
<MapEntry BoolAssgnmnt="1" Value="1"/>
</AssgnmntListEntry>
</AssgnmntPrefix>
<AssgnmntPrefix RootTermCovItemPrefix="com.OriginalFiles.Piece.java">
<AssgnmntListEntry Length="2" RootTermCovItemId="C1">
<MapEntry BoolAssgnmnt="10" Value="38"/>
<MapEntry BoolAssgnmnt="02" Value="16"/>
<MapEntry BoolAssgnmnt="11" Value="2"/>
</AssgnmntListEntry>
<AssgnmntListEntry Length="1" RootTermCovItemId="C10">
<MapEntry BoolAssgnmnt="0" Value="4"/>
<MapEntry BoolAssgnmnt="1" Value="4"/>
</AssgnmntListEntry>
<AssgnmntListEntry Length="1" RootTermCovItemId="C11">
<MapEntry BoolAssgnmnt="1" Value="8"/>
</AssgnmntListEntry>
<AssgnmntListEntry Length="1" RootTermCovItemId="C13">
<MapEntry BoolAssgnmnt="1" Value="8"/>
</AssgnmntListEntry>
<AssgnmntListEntry Length="1" RootTermCovItemId="C14">
<MapEntry BoolAssgnmnt="0" Value="8"/>
</AssgnmntListEntry>
<AssgnmntListEntry Length="2" RootTermCovItemId="C15">
<MapEntry BoolAssgnmnt="02" Value="8"/>
</AssgnmntListEntry>
<AssgnmntListEntry Length="2" RootTermCovItemId="C16">
<MapEntry BoolAssgnmnt="02" Value="4"/>
<MapEntry BoolAssgnmnt="11" Value="4"/>
</AssgnmntListEntry>
<AssgnmntListEntry Length="5" RootTermCovItemId="C17">
<MapEntry BoolAssgnmnt="00210" Value="14"/>
<MapEntry BoolAssgnmnt="00211" Value="3"/>
<MapEntry BoolAssgnmnt="01002" Value="16"/>
<MapEntry BoolAssgnmnt="12222" Value="10"/>
<MapEntry BoolAssgnmnt="01122" Value="5"/>
</AssgnmntListEntry>
<AssgnmntListEntry Length="5" RootTermCovItemId="C18">
<MapEntry BoolAssgnmnt="00210" Value="13"/>
<MapEntry BoolAssgnmnt="00211" Value="4"/>
<MapEntry BoolAssgnmnt="01002" Value="17"/>
<MapEntry BoolAssgnmnt="12222" Value="10"/>
<MapEntry BoolAssgnmnt="01122" Value="4"/>
</AssgnmntListEntry>
<AssgnmntListEntry Length="1" RootTermCovItemId="C19">
<MapEntry BoolAssgnmnt="1" Value="8"/>
</AssgnmntListEntry>
<AssgnmntListEntry Length="2" RootTermCovItemId="C2">
<MapEntry BoolAssgnmnt="02" Value="2"/>
</AssgnmntListEntry>
<AssgnmntListEntry Length="1" RootTermCovItemId="C20">
<MapEntry BoolAssgnmnt="0" Value="38"/>
<MapEntry BoolAssgnmnt="1" Value="10"/>
</AssgnmntListEntry>
<AssgnmntListEntry Length="16" RootTermCovItemId="C21">
<MapEntry BoolAssgnmnt="0202100202020202" Value="4"/>
<MapEntry BoolAssgnmnt="1002020202020202" Value="4"/>
<MapEntry BoolAssgnmnt="0202020202100202" Value="6"/>
<MapEntry BoolAssgnmnt="0202020202021002" Value="2"/>
</AssgnmntListEntry>
<AssgnmntListEntry Length="1" RootTermCovItemId="C22">
<MapEntry BoolAssgnmnt="0" Value="4"/>
</AssgnmntListEntry>
<AssgnmntListEntry Length="1" RootTermCovItemId="C23">
<MapEntry BoolAssgnmnt="1" Value="4"/>
</AssgnmntListEntry>
<AssgnmntListEntry Length="1" RootTermCovItemId="C24">
<MapEntry BoolAssgnmnt="0" Value="6"/>
<MapEntry BoolAssgnmnt="1" Value="10"/>
</AssgnmntListEntry>
<AssgnmntListEntry Length="1" RootTermCovItemId="C25">
<MapEntry BoolAssgnmnt="1" Value="10"/>
</AssgnmntListEntry>
<AssgnmntListEntry Length="1" RootTermCovItemId="C26">
<MapEntry BoolAssgnmnt="0" Value="8"/>
<MapEntry BoolAssgnmnt="1" Value="32"/>
</AssgnmntListEntry>
<AssgnmntListEntry Length="1" RootTermCovItemId="C27">
<MapEntry BoolAssgnmnt="0" Value="32"/>
</AssgnmntListEntry>
<AssgnmntListEntry Length="1" RootTermCovItemId="C3">
<MapEntry BoolAssgnmnt="0" Value="16"/>
<MapEntry BoolAssgnmnt="1" Value="48"/>
</AssgnmntListEntry>
<AssgnmntListEntry Length="2" RootTermCovItemId="C35">
<MapEntry BoolAssgnmnt="01" Value="27"/>
<MapEntry BoolAssgnmnt="12" Value="4"/>
</AssgnmntListEntry>
<AssgnmntListEntry Length="1" RootTermCovItemId="C36">
<MapEntry BoolAssgnmnt="0" Value="23"/>
<MapEntry BoolAssgnmnt="1" Value="199"/>
</AssgnmntListEntry>
<AssgnmntListEntry Length="1" RootTermCovItemId="C37">
<MapEntry BoolAssgnmnt="0" Value="195"/>
<MapEntry BoolAssgnmnt="1" Value="1879"/>
</AssgnmntListEntry>
<AssgnmntListEntry Length="1" RootTermCovItemId="C38">
<MapEntry BoolAssgnmnt="0" Value="1118"/>
<MapEntry BoolAssgnmnt="1" Value="761"/>
</AssgnmntListEntry>
<AssgnmntListEntry Length="1" RootTermCovItemId="C39">
<MapEntry BoolAssgnmnt="0" Value="757"/>
<MapEntry BoolAssgnmnt="1" Value="4"/>
</AssgnmntListEntry>
<AssgnmntListEntry Length="2" RootTermCovItemId="C4">
<MapEntry BoolAssgnmnt="01" Value="1"/>
<MapEntry BoolAssgnmnt="12" Value="7"/>
</AssgnmntListEntry>
<AssgnmntListEntry Length="1" RootTermCovItemId="C5">
<MapEntry BoolAssgnmnt="0" Value="18"/>
<MapEntry BoolAssgnmnt="1" Value="22"/>
</AssgnmntListEntry>
<AssgnmntListEntry Length="1" RootTermCovItemId="C6">
<MapEntry BoolAssgnmnt="0" Value="16"/>
<MapEntry BoolAssgnmnt="1" Value="48"/>
</AssgnmntListEntry>
<AssgnmntListEntry Length="1" RootTermCovItemId="C7">
<MapEntry BoolAssgnmnt="0" Value="45"/>
<MapEntry BoolAssgnmnt="1" Value="3"/>
</AssgnmntListEntry>
<AssgnmntListEntry Length="1" RootTermCovItemId="C8">
<MapEntry BoolAssgnmnt="0" Value="8"/>
<MapEntry BoolAssgnmnt="1" Value="40"/>
</AssgnmntListEntry>
<AssgnmntListEntry Length="1" RootTermCovItemId="C9">
<MapEntry BoolAssgnmnt="0" Value="40"/>
<MapEntry BoolAssgnmnt="1" Value="8"/>
</AssgnmntListEntry>
</AssgnmntPrefix>
<AssgnmntPrefix RootTermCovItemPrefix="com.OriginalFiles.RemoteNXTFunctions.java">
<AssgnmntListEntry Length="1" RootTermCovItemId="C5">
<MapEntry BoolAssgnmnt="1" Value="1"/>
</AssgnmntListEntry>
<AssgnmntListEntry Length="2" RootTermCovItemId="C6">
<MapEntry BoolAssgnmnt="11" Value="1"/>
</AssgnmntListEntry>
</AssgnmntPrefix>
</AssgnmntList>
<ObjMetaDataList/>
<MetaDataList/>
</TestCase>
<TestCase Comment="" Date="1386064416929" Name="com.Testing.MiTest:testLookForBestMoveLoseGame">
<CovList>
<CovPrefix CovItemPrefix="com.OriginalFiles.Analyze.java">
<Cov CovItemId="B103" Value="1"/>
<Cov CovItemId="B107" Value="1"/>
<Cov CovItemId="B120" Value="8"/>
<Cov CovItemId="B121" Value="376"/>
<Cov CovItemId="B122" Value="6"/>
<Cov CovItemId="B123" Value="2"/>
<Cov CovItemId="B124" Value="6"/>
<Cov CovItemId="B126" Value="2"/>
<Cov CovItemId="B127" Value="6"/>
<Cov CovItemId="B128" Value="2"/>
<Cov CovItemId="B130" Value="4"/>
<Cov CovItemId="B131" Value="2"/>
<Cov CovItemId="B133" Value="2"/>
<Cov CovItemId="B134" Value="2"/>
<Cov CovItemId="B137" Value="2"/>
<Cov CovItemId="B145" Value="2"/>
<Cov CovItemId="B153" Value="2"/>
<Cov CovItemId="B155" Value="2"/>
<Cov CovItemId="B66" Value="4"/>
<Cov CovItemId="B67" Value="1"/>
<Cov CovItemId="B68" Value="3"/>
<Cov CovItemId="B69" Value="1"/>
<Cov CovItemId="B70" Value="3"/>
<Cov CovItemId="B72" Value="4"/>
<Cov CovItemId="B73" Value="2"/>
<Cov CovItemId="B74" Value="2"/>
<Cov CovItemId="B84" Value="8"/>
<Cov CovItemId="L16-2" Value="6"/>
<Cov CovItemId="L17-2" Value="48"/>
<Cov CovItemId="L5-1" Value="4"/>
<Cov CovItemId="S1" Value="1"/>
<Cov CovItemId="S100" Value="4"/>
<Cov CovItemId="S101" Value="4"/>
<Cov CovItemId="S102" Value="4"/>
<Cov CovItemId="S104" Value="4"/>
<Cov CovItemId="S105" Value="4"/>
<Cov CovItemId="S106" Value="1"/>
<Cov CovItemId="S107" Value="4"/>
<Cov CovItemId="S108" Value="4"/>
<Cov CovItemId="S109" Value="1"/>
<Cov CovItemId="S110" Value="4"/>
<Cov CovItemId="S111" Value="4"/>
<Cov CovItemId="S113" Value="4"/>
<Cov CovItemId="S114" Value="2"/>
<Cov CovItemId="S115" Value="4"/>
<Cov CovItemId="S116" Value="4"/>
<Cov CovItemId="S117" Value="4"/>
<Cov CovItemId="S149" Value="8"/>
<Cov CovItemId="S191" Value="1"/>
<Cov CovItemId="S192" Value="1"/>
<Cov CovItemId="S193" Value="1"/>
<Cov CovItemId="S199" Value="1"/>
<Cov CovItemId="S2" Value="1"/>
<Cov CovItemId="S200" Value="1"/>
<Cov CovItemId="S201" Value="1"/>
<Cov CovItemId="S202" Value="1"/>
<Cov CovItemId="S203" Value="1"/>
<Cov CovItemId="S204" Value="1"/>
<Cov CovItemId="S221" Value="6"/>
<Cov CovItemId="S222" Value="6"/>
<Cov CovItemId="S223" Value="6"/>
<Cov CovItemId="S224" Value="6"/>
<Cov CovItemId="S225" Value="6"/>
<Cov CovItemId="S226" Value="6"/>
<Cov CovItemId="S227" Value="48"/>
<Cov CovItemId="S228" Value="384"/>
<Cov CovItemId="S229" Value="8"/>
<Cov CovItemId="S230" Value="6"/>
<Cov CovItemId="S231" Value="6"/>
<Cov CovItemId="S232" Value="6"/>
<Cov CovItemId="S233" Value="8"/>
<Cov CovItemId="S234" Value="2"/>
<Cov CovItemId="S235" Value="2"/>
<Cov CovItemId="S236" Value="2"/>
<Cov CovItemId="S237" Value="6"/>
<Cov CovItemId="S238" Value="4"/>
<Cov CovItemId="S239" Value="2"/>
<Cov CovItemId="S241" Value="2"/>
<Cov CovItemId="S242" Value="2"/>
<Cov CovItemId="S250" Value="2"/>
<Cov CovItemId="S251" Value="2"/>
<Cov CovItemId="S252" Value="2"/>
<Cov CovItemId="S262" Value="2"/>
<Cov CovItemId="S264" Value="2"/>
<Cov CovItemId="S266" Value="2"/>
<Cov CovItemId="S3" Value="1"/>
<Cov CovItemId="S4" Value="1"/>
<Cov CovItemId="S5" Value="1"/>
<Cov CovItemId="S99" Value="4"/>
</CovPrefix>
<CovPrefix CovItemPrefix="com.OriginalFiles.Board.java">
<Cov CovItemId="B1" Value="32"/>
<Cov CovItemId="B10" Value="8"/>
<Cov CovItemId="B2" Value="32"/>
<Cov CovItemId="B3" Value="12"/>
<Cov CovItemId="B31" Value="8"/>
<Cov CovItemId="B33" Value="4"/>
<Cov CovItemId="B34" Value="4"/>
<Cov CovItemId="B36" Value="8"/>
<Cov CovItemId="B37" Value="8"/>
<Cov CovItemId="B4" Value="20"/>
<Cov CovItemId="B41" Value="26"/>
<Cov CovItemId="B42" Value="2"/>
<Cov CovItemId="B43" Value="4"/>
<Cov CovItemId="B44" Value="10"/>
<Cov CovItemId="B45" Value="7"/>
<Cov CovItemId="B46" Value="4"/>
<Cov CovItemId="B47" Value="9"/>
<Cov CovItemId="B48" Value="2"/>
<Cov CovItemId="B5" Value="4"/>
<Cov CovItemId="B50" Value="11"/>
<Cov CovItemId="B55" Value="28"/>
<Cov CovItemId="B56" Value="34"/>
<Cov CovItemId="B57" Value="23"/>
<Cov CovItemId="B58" Value="11"/>
<Cov CovItemId="B59" Value="23"/>
<Cov CovItemId="B6" Value="8"/>
<Cov CovItemId="B61" Value="6"/>
<Cov CovItemId="B62" Value="17"/>
<Cov CovItemId="B63" Value="288"/>
<Cov CovItemId="B64" Value="288"/>
<Cov CovItemId="B65" Value="14"/>
<Cov CovItemId="B66" Value="274"/>
<Cov CovItemId="B67" Value="5"/>
<Cov CovItemId="B68" Value="9"/>
<Cov CovItemId="B69" Value="1"/>
<Cov CovItemId="B7" Value="12"/>
<Cov CovItemId="B79" Value="805"/>
<Cov CovItemId="B8" Value="20"/>
<Cov CovItemId="B81" Value="95"/>
<Cov CovItemId="B82" Value="710"/>
<Cov CovItemId="B83" Value="65"/>
<Cov CovItemId="B84" Value="895"/>
<Cov CovItemId="B85" Value="766"/>
<Cov CovItemId="B86" Value="129"/>
<Cov CovItemId="B9" Value="4"/>
<Cov CovItemId="L1-2" Value="1"/>
<Cov CovItemId="L10-2" Value="144"/>
<Cov CovItemId="L13-2" Value="9"/>
<Cov CovItemId="L14-2" Value="72"/>
<Cov CovItemId="L2-2" Value="8"/>
<Cov CovItemId="L3-2" Value="1"/>
<Cov CovItemId="L4-2" Value="1"/>
<Cov CovItemId="L5-2" Value="1"/>
<Cov CovItemId="L6-2" Value="3"/>
<Cov CovItemId="L7-2" Value="1"/>
<Cov CovItemId="L8-2" Value="2"/>
<Cov CovItemId="L9-2" Value="18"/>
<Cov CovItemId="S1" Value="1"/>
<Cov CovItemId="S10" Value="1"/>
<Cov CovItemId="S100" Value="4"/>
<Cov CovItemId="S101" Value="4"/>
<Cov CovItemId="S102" Value="8"/>
<Cov CovItemId="S104" Value="8"/>
<Cov CovItemId="S106" Value="8"/>
<Cov CovItemId="S107" Value="8"/>
<Cov CovItemId="S108" Value="8"/>
<Cov CovItemId="S109" Value="8"/>
<Cov CovItemId="S11" Value="8"/>
<Cov CovItemId="S115" Value="28"/>
<Cov CovItemId="S116" Value="26"/>
<Cov CovItemId="S117" Value="2"/>
<Cov CovItemId="S118" Value="14"/>
<Cov CovItemId="S119" Value="14"/>
<Cov CovItemId="S12" Value="64"/>
<Cov CovItemId="S120" Value="4"/>
<Cov CovItemId="S121" Value="10"/>
<Cov CovItemId="S122" Value="10"/>
<Cov CovItemId="S123" Value="11"/>
<Cov CovItemId="S124" Value="11"/>
<Cov CovItemId="S125" Value="7"/>
<Cov CovItemId="S126" Value="11"/>
<Cov CovItemId="S127" Value="9"/>
<Cov CovItemId="S128" Value="11"/>
<Cov CovItemId="S13" Value="64"/>
<Cov CovItemId="S133" Value="11"/>
<Cov CovItemId="S134" Value="14"/>
<Cov CovItemId="S135" Value="62"/>
<Cov CovItemId="S136" Value="28"/>
<Cov CovItemId="S137" Value="34"/>
<Cov CovItemId="S138" Value="23"/>
<Cov CovItemId="S139" Value="23"/>
<Cov CovItemId="S14" Value="64"/>
<Cov CovItemId="S140" Value="6"/>
<Cov CovItemId="S141" Value="28"/>
<Cov CovItemId="S142" Value="46"/>
<Cov CovItemId="S143" Value="9"/>
<Cov CovItemId="S144" Value="9"/>
<Cov CovItemId="S145" Value="72"/>
<Cov CovItemId="S146" Value="576"/>
<Cov CovItemId="S147" Value="288"/>
<Cov CovItemId="S148" Value="14"/>
<Cov CovItemId="S149" Value="5"/>
<Cov CovItemId="S15" Value="64"/>
<Cov CovItemId="S150" Value="9"/>
<Cov CovItemId="S151" Value="9"/>
<Cov CovItemId="S152" Value="1"/>
<Cov CovItemId="S153" Value="1"/>
<Cov CovItemId="S154" Value="1"/>
<Cov CovItemId="S16" Value="32"/>
<Cov CovItemId="S17" Value="32"/>
<Cov CovItemId="S176" Value="805"/>
<Cov CovItemId="S177" Value="805"/>
<Cov CovItemId="S178" Value="95"/>
<Cov CovItemId="S179" Value="710"/>
<Cov CovItemId="S18" Value="32"/>
<Cov CovItemId="S180" Value="960"/>
<Cov CovItemId="S181" Value="65"/>
<Cov CovItemId="S182" Value="895"/>
<Cov CovItemId="S183" Value="766"/>
<Cov CovItemId="S184" Value="129"/>
<Cov CovItemId="S185" Value="2933"/>
<Cov CovItemId="S19" Value="12"/>
<Cov CovItemId="S2" Value="1"/>
<Cov CovItemId="S20" Value="12"/>
<Cov CovItemId="S21" Value="12"/>
<Cov CovItemId="S22" Value="4"/>
<Cov CovItemId="S23" Value="32"/>
<Cov CovItemId="S24" Value="12"/>
<Cov CovItemId="S25" Value="12"/>
<Cov CovItemId="S26" Value="12"/>
<Cov CovItemId="S27" Value="4"/>
<Cov CovItemId="S28" Value="32"/>
<Cov CovItemId="S29" Value="32"/>
<Cov CovItemId="S3" Value="1"/>
<Cov CovItemId="S30" Value="64"/>
<Cov CovItemId="S31" Value="1"/>
<Cov CovItemId="S32" Value="8"/>
<Cov CovItemId="S33" Value="8"/>
<Cov CovItemId="S34" Value="8"/>
<Cov CovItemId="S35" Value="8"/>
<Cov CovItemId="S36" Value="8"/>
<Cov CovItemId="S37" Value="8"/>
<Cov CovItemId="S38" Value="8"/>
<Cov CovItemId="S39" Value="8"/>
<Cov CovItemId="S4" Value="1"/>
<Cov CovItemId="S40" Value="1"/>
<Cov CovItemId="S41" Value="8"/>
<Cov CovItemId="S42" Value="8"/>
<Cov CovItemId="S43" Value="8"/>
<Cov CovItemId="S44" Value="8"/>
<Cov CovItemId="S45" Value="8"/>
<Cov CovItemId="S46" Value="8"/>
<Cov CovItemId="S47" Value="8"/>
<Cov CovItemId="S48" Value="8"/>
<Cov CovItemId="S49" Value="1"/>
<Cov CovItemId="S5" Value="1"/>
<Cov CovItemId="S50" Value="3"/>
<Cov CovItemId="S51" Value="24"/>
<Cov CovItemId="S52" Value="24"/>
<Cov CovItemId="S53" Value="24"/>
<Cov CovItemId="S54" Value="24"/>
<Cov CovItemId="S55" Value="1"/>
<Cov CovItemId="S56" Value="2"/>
<Cov CovItemId="S57" Value="16"/>
<Cov CovItemId="S58" Value="16"/>
<Cov CovItemId="S59" Value="16"/>
<Cov CovItemId="S6" Value="1"/>
<Cov CovItemId="S60" Value="16"/>
<Cov CovItemId="S61" Value="18"/>
<Cov CovItemId="S62" Value="144"/>
<Cov CovItemId="S63" Value="1152"/>
<Cov CovItemId="S7" Value="1"/>
<Cov CovItemId="S8" Value="1"/>
<Cov CovItemId="S9" Value="1"/>
<Cov CovItemId="S98" Value="8"/>
<Cov CovItemId="S99" Value="8"/>
</CovPrefix>
<CovPrefix CovItemPrefix="com.OriginalFiles.Field.java">
<Cov CovItemId="B1" Value="52"/>
<Cov CovItemId="B2" Value="10"/>
<Cov CovItemId="S1" Value="120"/>
<Cov CovItemId="S13" Value="72"/>
<Cov CovItemId="S2" Value="120"/>
<Cov CovItemId="S5" Value="62"/>
<Cov CovItemId="S6" Value="62"/>
<Cov CovItemId="S7" Value="52"/>
<Cov CovItemId="S8" Value="523"/>
<Cov CovItemId="S9" Value="1612"/>
</CovPrefix>
<CovPrefix CovItemPrefix="com.OriginalFiles.MI.java">
<Cov CovItemId="B1" Value="1"/>
<Cov CovItemId="B10" Value="1"/>
<Cov CovItemId="B11" Value="1"/>
<Cov CovItemId="B13" Value="2"/>
<Cov CovItemId="B14" Value="2"/>
<Cov CovItemId="B15" Value="1"/>
<Cov CovItemId="B16" Value="1"/>
<Cov CovItemId="B18" Value="2"/>
<Cov CovItemId="B19" Value="2"/>
<Cov CovItemId="B21" Value="2"/>
<Cov CovItemId="B3" Value="26"/>
<Cov CovItemId="B30" Value="2"/>
<Cov CovItemId="B31" Value="6"/>
<Cov CovItemId="B33" Value="4"/>
<Cov CovItemId="B35" Value="2"/>
<Cov CovItemId="B36" Value="2"/>
<Cov CovItemId="B38" Value="2"/>
<Cov CovItemId="B39" Value="4"/>
<Cov CovItemId="B4" Value="102"/>
<Cov CovItemId="B41" Value="4"/>
<Cov CovItemId="B44" Value="4"/>
<Cov CovItemId="B5" Value="13"/>
<Cov CovItemId="B50" Value="2"/>
<Cov CovItemId="B51" Value="6"/>
<Cov CovItemId="B52" Value="186"/>
<Cov CovItemId="B53" Value="3"/>
<Cov CovItemId="B54" Value="3"/>
<Cov CovItemId="B55" Value="2"/>
<Cov CovItemId="B56" Value="1"/>
<Cov CovItemId="B57" Value="2"/>
<Cov CovItemId="B59" Value="1"/>
<Cov CovItemId="B6" Value="13"/>
<Cov CovItemId="B61" Value="2"/>
<Cov CovItemId="B62" Value="1"/>
<Cov CovItemId="B8" Value="1"/>
<Cov CovItemId="B9" Value="1"/>
<Cov CovItemId="L1-2" Value="2"/>
<Cov CovItemId="L10-2" Value="3"/>
<Cov CovItemId="L11-2" Value="24"/>
<Cov CovItemId="L12-1" Value="2"/>
<Cov CovItemId="L13-2" Value="1"/>
<Cov CovItemId="L2-2" Value="16"/>
<Cov CovItemId="L3-2" Value="1"/>
<Cov CovItemId="L4-1" Value="2"/>
<Cov CovItemId="L5-0" Value="2"/>
<Cov CovItemId="L6-1" Value="2"/>
<Cov CovItemId="L7-1" Value="4"/>
<Cov CovItemId="L8-1" Value="4"/>
<Cov CovItemId="L9-0" Value="2"/>
<Cov CovItemId="L9-1" Value="2"/>
<Cov CovItemId="S1" Value="1"/>
<Cov CovItemId="S10" Value="1"/>
<Cov CovItemId="S100" Value="4"/>
<Cov CovItemId="S101" Value="4"/>
<Cov CovItemId="S102" Value="4"/>
<Cov CovItemId="S103" Value="4"/>
<Cov CovItemId="S104" Value="4"/>
<Cov CovItemId="S105" Value="4"/>
<Cov CovItemId="S106" Value="4"/>
<Cov CovItemId="S107" Value="4"/>
<Cov CovItemId="S108" Value="4"/>
<Cov CovItemId="S109" Value="4"/>
<Cov CovItemId="S11" Value="1"/>
<Cov CovItemId="S115" Value="4"/>
<Cov CovItemId="S116" Value="4"/>
<Cov CovItemId="S117" Value="4"/>
<Cov CovItemId="S118" Value="2"/>
<Cov CovItemId="S119" Value="2"/>
<Cov CovItemId="S12" Value="1"/>
<Cov CovItemId="S121" Value="2"/>
<Cov CovItemId="S122" Value="2"/>
<Cov CovItemId="S123" Value="3"/>
<Cov CovItemId="S124" Value="3"/>
<Cov CovItemId="S125" Value="3"/>
<Cov CovItemId="S126" Value="3"/>
<Cov CovItemId="S127" Value="24"/>
<Cov CovItemId="S128" Value="192"/>
<Cov CovItemId="S129" Value="6"/>
<Cov CovItemId="S130" Value="3"/>
<Cov CovItemId="S131" Value="2"/>
<Cov CovItemId="S132" Value="2"/>
<Cov CovItemId="S133" Value="2"/>
<Cov CovItemId="S134" Value="2"/>
<Cov CovItemId="S135" Value="1"/>
<Cov CovItemId="S136" Value="1"/>
<Cov CovItemId="S137" Value="1"/>
<Cov CovItemId="S138" Value="2"/>
<Cov CovItemId="S139" Value="2"/>
<Cov CovItemId="S14" Value="1"/>
<Cov CovItemId="S140" Value="3"/>
<Cov CovItemId="S141" Value="2"/>
<Cov CovItemId="S142" Value="1"/>
<Cov CovItemId="S15" Value="1"/>
<Cov CovItemId="S16" Value="2"/>
<Cov CovItemId="S17" Value="2"/>
<Cov CovItemId="S18" Value="2"/>
<Cov CovItemId="S19" Value="16"/>
<Cov CovItemId="S2" Value="1"/>
<Cov CovItemId="S20" Value="128"/>
<Cov CovItemId="S21" Value="26"/>
<Cov CovItemId="S22" Value="13"/>
<Cov CovItemId="S23" Value="13"/>
<Cov CovItemId="S24" Value="1"/>
<Cov CovItemId="S25" Value="1"/>
<Cov CovItemId="S26" Value="1"/>
<Cov CovItemId="S27" Value="1"/>
<Cov CovItemId="S28" Value="1"/>
<Cov CovItemId="S3" Value="1"/>
<Cov CovItemId="S30" Value="1"/>
<Cov CovItemId="S31" Value="2"/>
<Cov CovItemId="S32" Value="2"/>
<Cov CovItemId="S33" Value="2"/>
<Cov CovItemId="S34" Value="2"/>
<Cov CovItemId="S35" Value="1"/>
<Cov CovItemId="S36" Value="1"/>
<Cov CovItemId="S37" Value="1"/>
<Cov CovItemId="S38" Value="1"/>
<Cov CovItemId="S39" Value="1"/>
<Cov CovItemId="S4" Value="1"/>
<Cov CovItemId="S40" Value="1"/>
<Cov CovItemId="S41" Value="4"/>
<Cov CovItemId="S42" Value="2"/>
<Cov CovItemId="S43" Value="2"/>
<Cov CovItemId="S44" Value="2"/>
<Cov CovItemId="S45" Value="2"/>
<Cov CovItemId="S46" Value="2"/>
<Cov CovItemId="S47" Value="2"/>
<Cov CovItemId="S48" Value="2"/>
<Cov CovItemId="S49" Value="2"/>
<Cov CovItemId="S5" Value="1"/>
<Cov CovItemId="S50" Value="2"/>
<Cov CovItemId="S51" Value="2"/>
<Cov CovItemId="S52" Value="1"/>
<Cov CovItemId="S53" Value="2"/>
<Cov CovItemId="S54" Value="2"/>
<Cov CovItemId="S55" Value="2"/>
<Cov CovItemId="S56" Value="2"/>
<Cov CovItemId="S57" Value="2"/>
<Cov CovItemId="S59" Value="2"/>
<Cov CovItemId="S6" Value="1"/>
<Cov CovItemId="S60" Value="2"/>
<Cov CovItemId="S62" Value="2"/>
<Cov CovItemId="S63" Value="2"/>
<Cov CovItemId="S65" Value="2"/>
<Cov CovItemId="S66" Value="2"/>
<Cov CovItemId="S67" Value="2"/>
<Cov CovItemId="S68" Value="2"/>
<Cov CovItemId="S69" Value="2"/>
<Cov CovItemId="S7" Value="1"/>
<Cov CovItemId="S70" Value="2"/>
<Cov CovItemId="S8" Value="1"/>
<Cov CovItemId="S80" Value="2"/>
<Cov CovItemId="S81" Value="2"/>
<Cov CovItemId="S83" Value="2"/>
<Cov CovItemId="S84" Value="6"/>
<Cov CovItemId="S85" Value="6"/>
<Cov CovItemId="S87" Value="4"/>
<Cov CovItemId="S88" Value="4"/>
<Cov CovItemId="S89" Value="4"/>
<Cov CovItemId="S9" Value="1"/>
<Cov CovItemId="S90" Value="4"/>
<Cov CovItemId="S91" Value="4"/>
<Cov CovItemId="S92" Value="4"/>
<Cov CovItemId="S93" Value="2"/>
<Cov CovItemId="S94" Value="2"/>
<Cov CovItemId="S96" Value="2"/>
<Cov CovItemId="S97" Value="2"/>
<Cov CovItemId="S98" Value="2"/>
<Cov CovItemId="S99" Value="4"/>
</CovPrefix>
<CovPrefix CovItemPrefix="com.OriginalFiles.Move.java">
<Cov CovItemId="S1" Value="4"/>
<Cov CovItemId="S2" Value="4"/>
<Cov CovItemId="S3" Value="2"/>
<Cov CovItemId="S4" Value="2"/>
<Cov CovItemId="S5" Value="2"/>
<Cov CovItemId="S6" Value="2"/>
<Cov CovItemId="S7" Value="2"/>
<Cov CovItemId="S8" Value="2"/>
<Cov CovItemId="S9" Value="2"/>
</CovPrefix>
<CovPrefix CovItemPrefix="com.OriginalFiles.Piece.java">
<Cov CovItemId="B10" Value="13"/>
<Cov CovItemId="B11" Value="38"/>
<Cov CovItemId="B12" Value="16"/>
<Cov CovItemId="B14" Value="38"/>
<Cov CovItemId="B15" Value="36"/>
<Cov CovItemId="B16" Value="2"/>
<Cov CovItemId="B17" Value="2"/>
<Cov CovItemId="B18" Value="36"/>
<Cov CovItemId="B19" Value="2"/>
<Cov CovItemId="B2" Value="52"/>
<Cov CovItemId="B21" Value="2"/>
<Cov CovItemId="B23" Value="2"/>
<Cov CovItemId="B26" Value="2"/>
<Cov CovItemId="B33" Value="4"/>
<Cov CovItemId="B34" Value="34"/>
<Cov CovItemId="B35" Value="11"/>
<Cov CovItemId="B36" Value="27"/>
<Cov CovItemId="B37" Value="11"/>
<Cov CovItemId="B40" Value="38"/>
<Cov CovItemId="B43" Value="2"/>
<Cov CovItemId="B46" Value="2"/>
<Cov CovItemId="B47" Value="3"/>
<Cov CovItemId="B48" Value="1"/>
<Cov CovItemId="B49" Value="3"/>
<Cov CovItemId="B5" Value="38"/>
<Cov CovItemId="B51" Value="12"/>
<Cov CovItemId="B54" Value="12"/>
<Cov CovItemId="B6" Value="16"/>
<Cov CovItemId="B69" Value="700"/>
<Cov CovItemId="B7" Value="2"/>
<Cov CovItemId="B70" Value="1236"/>
<Cov CovItemId="B72" Value="700"/>
<Cov CovItemId="B9" Value="23"/>
<Cov CovItemId="L1-2" Value="2"/>
<Cov CovItemId="L2-2" Value="16"/>
<Cov CovItemId="L3-2" Value="160"/>
<Cov CovItemId="S1" Value="40"/>
<Cov CovItemId="S10" Value="40"/>
<Cov CovItemId="S11" Value="40"/>
<Cov CovItemId="S118" Value="12"/>
<Cov CovItemId="S119" Value="2"/>
<Cov CovItemId="S12" Value="40"/>
<Cov CovItemId="S120" Value="2"/>
<Cov CovItemId="S121" Value="2"/>
<Cov CovItemId="S122" Value="16"/>
<Cov CovItemId="S123" Value="16"/>
<Cov CovItemId="S124" Value="160"/>
<Cov CovItemId="S125" Value="1936"/>
<Cov CovItemId="S126" Value="700"/>
<Cov CovItemId="S129" Value="2"/>
<Cov CovItemId="S13" Value="40"/>
<Cov CovItemId="S14" Value="40"/>
<Cov CovItemId="S15" Value="40"/>
<Cov CovItemId="S16" Value="40"/>
<Cov CovItemId="S17" Value="40"/>
<Cov CovItemId="S18" Value="40"/>
<Cov CovItemId="S19" Value="40"/>
<Cov CovItemId="S2" Value="40"/>
<Cov CovItemId="S20" Value="40"/>
<Cov CovItemId="S21" Value="40"/>
<Cov CovItemId="S22" Value="2"/>
<Cov CovItemId="S23" Value="2"/>
<Cov CovItemId="S24" Value="52"/>
<Cov CovItemId="S25" Value="52"/>
<Cov CovItemId="S26" Value="52"/>
<Cov CovItemId="S3" Value="40"/>
<Cov CovItemId="S30" Value="52"/>
<Cov CovItemId="S31" Value="52"/>
<Cov CovItemId="S32" Value="54"/>
<Cov CovItemId="S33" Value="38"/>
<Cov CovItemId="S34" Value="16"/>
<Cov CovItemId="S35" Value="16"/>
<Cov CovItemId="S36" Value="2"/>
<Cov CovItemId="S37" Value="2"/>
<Cov CovItemId="S38" Value="2"/>
<Cov CovItemId="S39" Value="36"/>
<Cov CovItemId="S4" Value="40"/>
<Cov CovItemId="S40" Value="23"/>
<Cov CovItemId="S41" Value="13"/>
<Cov CovItemId="S42" Value="52"/>
<Cov CovItemId="S43" Value="54"/>
<Cov CovItemId="S44" Value="38"/>
<Cov CovItemId="S45" Value="38"/>
<Cov CovItemId="S46" Value="38"/>
<Cov CovItemId="S48" Value="38"/>
<Cov CovItemId="S49" Value="36"/>
<Cov CovItemId="S5" Value="40"/>
<Cov CovItemId="S50" Value="38"/>
<Cov CovItemId="S51" Value="2"/>
<Cov CovItemId="S52" Value="2"/>
<Cov CovItemId="S53" Value="2"/>
<Cov CovItemId="S54" Value="2"/>
<Cov CovItemId="S55" Value="2"/>
<Cov CovItemId="S56" Value="2"/>
<Cov CovItemId="S58" Value="2"/>
<Cov CovItemId="S6" Value="40"/>
<Cov CovItemId="S65" Value="38"/>
<Cov CovItemId="S66" Value="4"/>
<Cov CovItemId="S67" Value="38"/>
<Cov CovItemId="S68" Value="11"/>
<Cov CovItemId="S69" Value="11"/>
<Cov CovItemId="S7" Value="40"/>
<Cov CovItemId="S70" Value="11"/>
<Cov CovItemId="S71" Value="38"/>
<Cov CovItemId="S73" Value="38"/>
<Cov CovItemId="S77" Value="2"/>
<Cov CovItemId="S78" Value="2"/>
<Cov CovItemId="S79" Value="2"/>
<Cov CovItemId="S8" Value="40"/>
<Cov CovItemId="S80" Value="2"/>
<Cov CovItemId="S81" Value="2"/>
<Cov CovItemId="S82" Value="2"/>
<Cov CovItemId="S83" Value="2"/>
<Cov CovItemId="S86" Value="2"/>
<Cov CovItemId="S87" Value="4"/>
<Cov CovItemId="S88" Value="3"/>
<Cov CovItemId="S89" Value="3"/>
<Cov CovItemId="S9" Value="40"/>
<Cov CovItemId="S90" Value="3"/>
<Cov CovItemId="S91" Value="3"/>
<Cov CovItemId="S92" Value="3"/>
<Cov CovItemId="S93" Value="3"/>
<Cov CovItemId="S94" Value="3"/>
<Cov CovItemId="S95" Value="3"/>
<Cov CovItemId="S96" Value="1"/>
<Cov CovItemId="S97" Value="12"/>
<Cov CovItemId="S98" Value="12"/>
<Cov CovItemId="S99" Value="12"/>
</CovPrefix>
<CovPrefix CovItemPrefix="com.OriginalFiles.RemoteNXTFunctions.java">
<Cov CovItemId="B5" Value="1"/>
<Cov CovItemId="B7" Value="1"/>
<Cov CovItemId="S1" Value="1"/>
<Cov CovItemId="S162" Value="1"/>
<Cov CovItemId="S19" Value="1"/>
<Cov CovItemId="S2" Value="1"/>
<Cov CovItemId="S20" Value="1"/>
<Cov CovItemId="S21" Value="1"/>
<Cov CovItemId="S22" Value="1"/>
<Cov CovItemId="S3" Value="1"/>
</CovPrefix>
</CovList>
<AssgnmntList>
<AssgnmntPrefix RootTermCovItemPrefix="com.OriginalFiles.Analyze.java">
<AssgnmntListEntry Length="1" RootTermCovItemId="C34">
<MapEntry BoolAssgnmnt="0" Value="4"/>
</AssgnmntListEntry>
<AssgnmntListEntry Length="1" RootTermCovItemId="C35">
<MapEntry BoolAssgnmnt="0" Value="3"/>
<MapEntry BoolAssgnmnt="1" Value="1"/>
</AssgnmntListEntry>
<AssgnmntListEntry Length="1" RootTermCovItemId="C36">
<MapEntry BoolAssgnmnt="0" Value="3"/>
<MapEntry BoolAssgnmnt="1" Value="1"/>
</AssgnmntListEntry>
<AssgnmntListEntry Length="1" RootTermCovItemId="C37">
<MapEntry BoolAssgnmnt="0" Value="4"/>
</AssgnmntListEntry>
<AssgnmntListEntry Length="1" RootTermCovItemId="C38">
<MapEntry BoolAssgnmnt="0" Value="2"/>
<MapEntry BoolAssgnmnt="1" Value="2"/>
</AssgnmntListEntry>
<AssgnmntListEntry Length="1" RootTermCovItemId="C39">
<MapEntry BoolAssgnmnt="0" Value="4"/>
<MapEntry BoolAssgnmnt="1" Value="4"/>
</AssgnmntListEntry>
<AssgnmntListEntry Length="1" RootTermCovItemId="C49">
<MapEntry BoolAssgnmnt="0" Value="8"/>
</AssgnmntListEntry>
<AssgnmntListEntry Length="1" RootTermCovItemId="C64">
<MapEntry BoolAssgnmnt="1" Value="1"/>
</AssgnmntListEntry>
<AssgnmntListEntry Length="6" RootTermCovItemId="C66">
<MapEntry BoolAssgnmnt="111111" Value="1"/>
</AssgnmntListEntry>
<AssgnmntListEntry Length="1" RootTermCovItemId="C70">
<MapEntry BoolAssgnmnt="0" Value="8"/>
<MapEntry BoolAssgnmnt="1" Value="376"/>
</AssgnmntListEntry>
<AssgnmntListEntry Length="1" RootTermCovItemId="C71">
<MapEntry BoolAssgnmnt="0" Value="2"/>
<MapEntry BoolAssgnmnt="1" Value="6"/>
</AssgnmntListEntry>
<AssgnmntListEntry Length="1" RootTermCovItemId="C72">
<MapEntry BoolAssgnmnt="1" Value="6"/>
</AssgnmntListEntry>
<AssgnmntListEntry Length="1" RootTermCovItemId="C73">
<MapEntry BoolAssgnmnt="0" Value="6"/>
<MapEntry BoolAssgnmnt="1" Value="2"/>
</AssgnmntListEntry>
<AssgnmntListEntry Length="1" RootTermCovItemId="C74">
<MapEntry BoolAssgnmnt="1" Value="2"/>
</AssgnmntListEntry>
<AssgnmntListEntry Length="3" RootTermCovItemId="C75">
<MapEntry BoolAssgnmnt="012" Value="2"/>
<MapEntry BoolAssgnmnt="122" Value="4"/>
</AssgnmntListEntry>
<AssgnmntListEntry Length="3" RootTermCovItemId="C76">
<MapEntry BoolAssgnmnt="011" Value="2"/>
</AssgnmntListEntry>
<AssgnmntListEntry Length="2" RootTermCovItemId="C77">
<MapEntry BoolAssgnmnt="11" Value="2"/>
</AssgnmntListEntry>
<AssgnmntListEntry Length="2" RootTermCovItemId="C78">
<MapEntry BoolAssgnmnt="02" Value="2"/>
</AssgnmntListEntry>
<AssgnmntListEntry Length="1" RootTermCovItemId="C82">
<MapEntry BoolAssgnmnt="0" Value="2"/>
</AssgnmntListEntry>
<AssgnmntListEntry Length="2" RootTermCovItemId="C88">
<MapEntry BoolAssgnmnt="00" Value="2"/>
</AssgnmntListEntry>
<AssgnmntListEntry Length="2" RootTermCovItemId="C89">
<MapEntry BoolAssgnmnt="02" Value="2"/>
</AssgnmntListEntry>
</AssgnmntPrefix>
<AssgnmntPrefix RootTermCovItemPrefix="com.OriginalFiles.Board.java">
<AssgnmntListEntry Length="1" RootTermCovItemId="C1">
<MapEntry BoolAssgnmnt="0" Value="1"/>
<MapEntry BoolAssgnmnt="1" Value="8"/>
</AssgnmntListEntry>
<AssgnmntListEntry Length="1" RootTermCovItemId="C10">
<MapEntry BoolAssgnmnt="0" Value="1"/>
<MapEntry BoolAssgnmnt="1" Value="3"/>
</AssgnmntListEntry>
<AssgnmntListEntry Length="1" RootTermCovItemId="C11">
<MapEntry BoolAssgnmnt="0" Value="3"/>
<MapEntry BoolAssgnmnt="1" Value="24"/>
</AssgnmntListEntry>
<AssgnmntListEntry Length="1" RootTermCovItemId="C12">
<MapEntry BoolAssgnmnt="0" Value="1"/>
<MapEntry BoolAssgnmnt="1" Value="2"/>
</AssgnmntListEntry>
<AssgnmntListEntry Length="1" RootTermCovItemId="C13">
<MapEntry BoolAssgnmnt="0" Value="2"/>
<MapEntry BoolAssgnmnt="1" Value="16"/>
</AssgnmntListEntry>
<AssgnmntListEntry Length="1" RootTermCovItemId="C2">
<MapEntry BoolAssgnmnt="0" Value="8"/>
<MapEntry BoolAssgnmnt="1" Value="64"/>
</AssgnmntListEntry>
<AssgnmntListEntry Length="1" RootTermCovItemId="C26">
<MapEntry BoolAssgnmnt="0" Value="8"/>
</AssgnmntListEntry>
<AssgnmntListEntry Length="1" RootTermCovItemId="C27">
<MapEntry BoolAssgnmnt="0" Value="4"/>
<MapEntry BoolAssgnmnt="1" Value="4"/>
</AssgnmntListEntry>
<AssgnmntListEntry Length="2" RootTermCovItemId="C28">
<MapEntry BoolAssgnmnt="02" Value="8"/>
</AssgnmntListEntry>
<AssgnmntListEntry Length="1" RootTermCovItemId="C29">
<MapEntry BoolAssgnmnt="1" Value="8"/>
</AssgnmntListEntry>
<AssgnmntListEntry Length="1" RootTermCovItemId="C3">
<MapEntry BoolAssgnmnt="0" Value="32"/>
<MapEntry BoolAssgnmnt="1" Value="32"/>
</AssgnmntListEntry>
<AssgnmntListEntry Length="1" RootTermCovItemId="C31">
<MapEntry BoolAssgnmnt="0" Value="2"/>
<MapEntry BoolAssgnmnt="1" Value="26"/>
</AssgnmntListEntry>
<AssgnmntListEntry Length="1" RootTermCovItemId="C32">
<MapEntry BoolAssgnmnt="0" Value="10"/>
<MapEntry BoolAssgnmnt="1" Value="4"/>
</AssgnmntListEntry>
<AssgnmntListEntry Length="1" RootTermCovItemId="C33">
<MapEntry BoolAssgnmnt="0" Value="7"/>
<MapEntry BoolAssgnmnt="1" Value="4"/>
</AssgnmntListEntry>
<AssgnmntListEntry Length="1" RootTermCovItemId="C34">
<MapEntry BoolAssgnmnt="0" Value="9"/>
<MapEntry BoolAssgnmnt="1" Value="2"/>
</AssgnmntListEntry>
<AssgnmntListEntry Length="1" RootTermCovItemId="C35">
<MapEntry BoolAssgnmnt="0" Value="11"/>
</AssgnmntListEntry>
<AssgnmntListEntry Length="5" RootTermCovItemId="C38">
<MapEntry BoolAssgnmnt="02002" Value="24"/>
<MapEntry BoolAssgnmnt="10122" Value="10"/>
<MapEntry BoolAssgnmnt="11220" Value="10"/>
<MapEntry BoolAssgnmnt="02010" Value="18"/>
</AssgnmntListEntry>
<AssgnmntListEntry Length="1" RootTermCovItemId="C39">
<MapEntry BoolAssgnmnt="0" Value="11"/>
<MapEntry BoolAssgnmnt="1" Value="23"/>
</AssgnmntListEntry>
<AssgnmntListEntry Length="1" RootTermCovItemId="C4">
<MapEntry BoolAssgnmnt="0" Value="20"/>
<MapEntry BoolAssgnmnt="1" Value="12"/>
</AssgnmntListEntry>
<AssgnmntListEntry Length="1" RootTermCovItemId="C40">
<MapEntry BoolAssgnmnt="0" Value="23"/>
</AssgnmntListEntry>
<AssgnmntListEntry Length="2" RootTermCovItemId="C41">
<MapEntry BoolAssgnmnt="10" Value="6"/>
<MapEntry BoolAssgnmnt="02" Value="17"/>
</AssgnmntListEntry>
<AssgnmntListEntry Length="1" RootTermCovItemId="C42">
<MapEntry BoolAssgnmnt="0" Value="288"/>
<MapEntry BoolAssgnmnt="1" Value="288"/>
</AssgnmntListEntry>
<AssgnmntListEntry Length="1" RootTermCovItemId="C43">
<MapEntry BoolAssgnmnt="0" Value="274"/>
<MapEntry BoolAssgnmnt="1" Value="14"/>
</AssgnmntListEntry>
<AssgnmntListEntry Length="1" RootTermCovItemId="C44">
<MapEntry BoolAssgnmnt="0" Value="9"/>
<MapEntry BoolAssgnmnt="1" Value="5"/>
</AssgnmntListEntry>
<AssgnmntListEntry Length="1" RootTermCovItemId="C45">
<MapEntry BoolAssgnmnt="1" Value="1"/>
</AssgnmntListEntry>
<AssgnmntListEntry Length="1" RootTermCovItemId="C5">
<MapEntry BoolAssgnmnt="0" Value="8"/>
<MapEntry BoolAssgnmnt="1" Value="4"/>
</AssgnmntListEntry>
<AssgnmntListEntry Length="1" RootTermCovItemId="C53">
<MapEntry BoolAssgnmnt="1" Value="805"/>
</AssgnmntListEntry>
<AssgnmntListEntry Length="1" RootTermCovItemId="C54">
<MapEntry BoolAssgnmnt="0" Value="95"/>
<MapEntry BoolAssgnmnt="1" Value="710"/>
</AssgnmntListEntry>
<AssgnmntListEntry Length="3" RootTermCovItemId="C55">
<MapEntry BoolAssgnmnt="002" Value="845"/>
<MapEntry BoolAssgnmnt="120" Value="65"/>
<MapEntry BoolAssgnmnt="121" Value="50"/>
</AssgnmntListEntry>
<AssgnmntListEntry Length="3" RootTermCovItemId="C56">
<MapEntry BoolAssgnmnt="002" Value="50"/>
<MapEntry BoolAssgnmnt="120" Value="79"/>
<MapEntry BoolAssgnmnt="121" Value="766"/>
</AssgnmntListEntry>
<AssgnmntListEntry Length="1" RootTermCovItemId="C6">
<MapEntry BoolAssgnmnt="0" Value="20"/>
<MapEntry BoolAssgnmnt="1" Value="12"/>
</AssgnmntListEntry>
<AssgnmntListEntry Length="1" RootTermCovItemId="C7">
<MapEntry BoolAssgnmnt="0" Value="8"/>
<MapEntry BoolAssgnmnt="1" Value="4"/>
</AssgnmntListEntry>
<AssgnmntListEntry Length="1" RootTermCovItemId="C8">
<MapEntry BoolAssgnmnt="0" Value="1"/>
<MapEntry BoolAssgnmnt="1" Value="8"/>
</AssgnmntListEntry>
<AssgnmntListEntry Length="1" RootTermCovItemId="C9">
<MapEntry BoolAssgnmnt="0" Value="1"/>
<MapEntry BoolAssgnmnt="1" Value="8"/>
</AssgnmntListEntry>
</AssgnmntPrefix>
<AssgnmntPrefix RootTermCovItemPrefix="com.OriginalFiles.Field.java">
<AssgnmntListEntry Length="1" RootTermCovItemId="C1">
<MapEntry BoolAssgnmnt="0" Value="52"/>
<MapEntry BoolAssgnmnt="1" Value="10"/>
</AssgnmntListEntry>
</AssgnmntPrefix>
<AssgnmntPrefix RootTermCovItemPrefix="com.OriginalFiles.MI.java">
<AssgnmntListEntry Length="1" RootTermCovItemId="C1">
<MapEntry BoolAssgnmnt="1" Value="1"/>
</AssgnmntListEntry>
<AssgnmntListEntry Length="1" RootTermCovItemId="C10">
<MapEntry BoolAssgnmnt="0" Value="2"/>
</AssgnmntListEntry>
<AssgnmntListEntry Length="1" RootTermCovItemId="C11">
<MapEntry BoolAssgnmnt="0" Value="2"/>
</AssgnmntListEntry>
<AssgnmntListEntry Length="1" RootTermCovItemId="C12">
<MapEntry BoolAssgnmnt="0" Value="2"/>
<MapEntry BoolAssgnmnt="1" Value="2"/>
</AssgnmntListEntry>
<AssgnmntListEntry Length="1" RootTermCovItemId="C15">
<MapEntry BoolAssgnmnt="0" Value="2"/>
</AssgnmntListEntry>
<AssgnmntListEntry Length="1" RootTermCovItemId="C16">
<MapEntry BoolAssgnmnt="1" Value="6"/>
</AssgnmntListEntry>
<AssgnmntListEntry Length="1" RootTermCovItemId="C17">
<MapEntry BoolAssgnmnt="1" Value="4"/>
</AssgnmntListEntry>
<AssgnmntListEntry Length="1" RootTermCovItemId="C18">
<MapEntry BoolAssgnmnt="0" Value="4"/>
<MapEntry BoolAssgnmnt="1" Value="4"/>
</AssgnmntListEntry>
<AssgnmntListEntry Length="1" RootTermCovItemId="C19">
<MapEntry BoolAssgnmnt="0" Value="2"/>
<MapEntry BoolAssgnmnt="1" Value="2"/>
</AssgnmntListEntry>
<AssgnmntListEntry Length="1" RootTermCovItemId="C2">
<MapEntry BoolAssgnmnt="0" Value="26"/>
<MapEntry BoolAssgnmnt="1" Value="102"/>
</AssgnmntListEntry>
<AssgnmntListEntry Length="1" RootTermCovItemId="C20">
<MapEntry BoolAssgnmnt="0" Value="2"/>
</AssgnmntListEntry>
<AssgnmntListEntry Length="1" RootTermCovItemId="C21">
<MapEntry BoolAssgnmnt="1" Value="4"/>
</AssgnmntListEntry>
<AssgnmntListEntry Length="1" RootTermCovItemId="C22">
<MapEntry BoolAssgnmnt="0" Value="4"/>
<MapEntry BoolAssgnmnt="1" Value="4"/>
</AssgnmntListEntry>
<AssgnmntListEntry Length="1" RootTermCovItemId="C23">
<MapEntry BoolAssgnmnt="0" Value="4"/>
</AssgnmntListEntry>
<AssgnmntListEntry Length="2" RootTermCovItemId="C24">
<MapEntry BoolAssgnmnt="02" Value="4"/>
</AssgnmntListEntry>
<AssgnmntListEntry Length="1" RootTermCovItemId="C27">
<MapEntry BoolAssgnmnt="0" Value="4"/>
<MapEntry BoolAssgnmnt="1" Value="2"/>
</AssgnmntListEntry>
<AssgnmntListEntry Length="1" RootTermCovItemId="C28">
<MapEntry BoolAssgnmnt="0" Value="2"/>
</AssgnmntListEntry>
<AssgnmntListEntry Length="1" RootTermCovItemId="C29">
<MapEntry BoolAssgnmnt="0" Value="6"/>
<MapEntry BoolAssgnmnt="1" Value="186"/>
</AssgnmntListEntry>
<AssgnmntListEntry Length="1" RootTermCovItemId="C3">
<MapEntry BoolAssgnmnt="0" Value="13"/>
<MapEntry BoolAssgnmnt="1" Value="13"/>
</AssgnmntListEntry>
<AssgnmntListEntry Length="2" RootTermCovItemId="C30">
<MapEntry BoolAssgnmnt="10" Value="3"/>
<MapEntry BoolAssgnmnt="11" Value="3"/>
</AssgnmntListEntry>
<AssgnmntListEntry Length="1" RootTermCovItemId="C31">
<MapEntry BoolAssgnmnt="0" Value="1"/>
<MapEntry BoolAssgnmnt="1" Value="2"/>
</AssgnmntListEntry>
<AssgnmntListEntry Length="1" RootTermCovItemId="C32">
<MapEntry BoolAssgnmnt="1" Value="2"/>
</AssgnmntListEntry>
<AssgnmntListEntry Length="1" RootTermCovItemId="C33">
<MapEntry BoolAssgnmnt="0" Value="1"/>
</AssgnmntListEntry>
<AssgnmntListEntry Length="1" RootTermCovItemId="C34">
<MapEntry BoolAssgnmnt="0" Value="1"/>
<MapEntry BoolAssgnmnt="1" Value="2"/>
</AssgnmntListEntry>
<AssgnmntListEntry Length="1" RootTermCovItemId="C4">
<MapEntry BoolAssgnmnt="0" Value="1"/>
</AssgnmntListEntry>
<AssgnmntListEntry Length="1" RootTermCovItemId="C5">
<MapEntry BoolAssgnmnt="0" Value="1"/>
<MapEntry BoolAssgnmnt="1" Value="1"/>
</AssgnmntListEntry>
<AssgnmntListEntry Length="1" RootTermCovItemId="C6">
<MapEntry BoolAssgnmnt="1" Value="1"/>
</AssgnmntListEntry>
<AssgnmntListEntry Length="2" RootTermCovItemId="C7">
<MapEntry BoolAssgnmnt="01" Value="2"/>
<MapEntry BoolAssgnmnt="00" Value="2"/>
</AssgnmntListEntry>
<AssgnmntListEntry Length="1" RootTermCovItemId="C8">
<MapEntry BoolAssgnmnt="0" Value="1"/>
<MapEntry BoolAssgnmnt="1" Value="1"/>
</AssgnmntListEntry>
<AssgnmntListEntry Length="1" RootTermCovItemId="C9">
<MapEntry BoolAssgnmnt="0" Value="2"/>
</AssgnmntListEntry>
</AssgnmntPrefix>
<AssgnmntPrefix RootTermCovItemPrefix="com.OriginalFiles.Piece.java">
<AssgnmntListEntry Length="2" RootTermCovItemId="C1">
<MapEntry BoolAssgnmnt="10" Value="36"/>
<MapEntry BoolAssgnmnt="02" Value="16"/>
</AssgnmntListEntry>
<AssgnmntListEntry Length="1" RootTermCovItemId="C10">
<MapEntry BoolAssgnmnt="1" Value="2"/>
</AssgnmntListEntry>
<AssgnmntListEntry Length="1" RootTermCovItemId="C11">
<MapEntry BoolAssgnmnt="0" Value="2"/>
</AssgnmntListEntry>
<AssgnmntListEntry Length="1" RootTermCovItemId="C12">
<MapEntry BoolAssgnmnt="1" Value="2"/>
</AssgnmntListEntry>
<AssgnmntListEntry Length="1" RootTermCovItemId="C13">
<MapEntry BoolAssgnmnt="0" Value="2"/>
</AssgnmntListEntry>
<AssgnmntListEntry Length="5" RootTermCovItemId="C17">
<MapEntry BoolAssgnmnt="00210" Value="15"/>
<MapEntry BoolAssgnmnt="00211" Value="4"/>
<MapEntry BoolAssgnmnt="01002" Value="19"/>
</AssgnmntListEntry>
<AssgnmntListEntry Length="5" RootTermCovItemId="C18">
<MapEntry BoolAssgnmnt="00210" Value="15"/>
<MapEntry BoolAssgnmnt="00211" Value="4"/>
<MapEntry BoolAssgnmnt="01002" Value="12"/>
<MapEntry BoolAssgnmnt="01122" Value="7"/>
</AssgnmntListEntry>
<AssgnmntListEntry Length="1" RootTermCovItemId="C19">
<MapEntry BoolAssgnmnt="1" Value="11"/>
</AssgnmntListEntry>
<AssgnmntListEntry Length="1" RootTermCovItemId="C20">
<MapEntry BoolAssgnmnt="0" Value="38"/>
</AssgnmntListEntry>
<AssgnmntListEntry Length="1" RootTermCovItemId="C22">
<MapEntry BoolAssgnmnt="1" Value="2"/>
</AssgnmntListEntry>
<AssgnmntListEntry Length="1" RootTermCovItemId="C23">
<MapEntry BoolAssgnmnt="0" Value="2"/>
</AssgnmntListEntry>
<AssgnmntListEntry Length="1" RootTermCovItemId="C24">
<MapEntry BoolAssgnmnt="0" Value="1"/>
<MapEntry BoolAssgnmnt="1" Value="3"/>
</AssgnmntListEntry>
<AssgnmntListEntry Length="1" RootTermCovItemId="C25">
<MapEntry BoolAssgnmnt="1" Value="3"/>
</AssgnmntListEntry>
<AssgnmntListEntry Length="1" RootTermCovItemId="C26">
<MapEntry BoolAssgnmnt="1" Value="12"/>
</AssgnmntListEntry>
<AssgnmntListEntry Length="1" RootTermCovItemId="C27">
<MapEntry BoolAssgnmnt="0" Value="12"/>
</AssgnmntListEntry>
<AssgnmntListEntry Length="1" RootTermCovItemId="C3">
<MapEntry BoolAssgnmnt="0" Value="16"/>
<MapEntry BoolAssgnmnt="1" Value="38"/>
</AssgnmntListEntry>
<AssgnmntListEntry Length="2" RootTermCovItemId="C35">
<MapEntry BoolAssgnmnt="01" Value="16"/>
<MapEntry BoolAssgnmnt="00" Value="2"/>
</AssgnmntListEntry>
<AssgnmntListEntry Length="1" RootTermCovItemId="C36">
<MapEntry BoolAssgnmnt="0" Value="16"/>
<MapEntry BoolAssgnmnt="1" Value="160"/>
</AssgnmntListEntry>
<AssgnmntListEntry Length="1" RootTermCovItemId="C37">
<MapEntry BoolAssgnmnt="0" Value="160"/>
<MapEntry BoolAssgnmnt="1" Value="1936"/>
</AssgnmntListEntry>
<AssgnmntListEntry Length="1" RootTermCovItemId="C38">
<MapEntry BoolAssgnmnt="0" Value="1236"/>
<MapEntry BoolAssgnmnt="1" Value="700"/>
</AssgnmntListEntry>
<AssgnmntListEntry Length="1" RootTermCovItemId="C39">
<MapEntry BoolAssgnmnt="0" Value="700"/>
</AssgnmntListEntry>
<AssgnmntListEntry Length="2" RootTermCovItemId="C4">
<MapEntry BoolAssgnmnt="12" Value="2"/>
</AssgnmntListEntry>
<AssgnmntListEntry Length="1" RootTermCovItemId="C5">
<MapEntry BoolAssgnmnt="0" Value="13"/>
<MapEntry BoolAssgnmnt="1" Value="23"/>
</AssgnmntListEntry>
<AssgnmntListEntry Length="1" RootTermCovItemId="C6">
<MapEntry BoolAssgnmnt="0" Value="16"/>
<MapEntry BoolAssgnmnt="1" Value="38"/>
</AssgnmntListEntry>
<AssgnmntListEntry Length="1" RootTermCovItemId="C7">
<MapEntry BoolAssgnmnt="0" Value="38"/>
</AssgnmntListEntry>
<AssgnmntListEntry Length="1" RootTermCovItemId="C8">
<MapEntry BoolAssgnmnt="0" Value="2"/>
<MapEntry BoolAssgnmnt="1" Value="36"/>
</AssgnmntListEntry>
<AssgnmntListEntry Length="1" RootTermCovItemId="C9">
<MapEntry BoolAssgnmnt="0" Value="36"/>
<MapEntry BoolAssgnmnt="1" Value="2"/>
</AssgnmntListEntry>
</AssgnmntPrefix>
<AssgnmntPrefix RootTermCovItemPrefix="com.OriginalFiles.RemoteNXTFunctions.java">
<AssgnmntListEntry Length="1" RootTermCovItemId="C5">
<MapEntry BoolAssgnmnt="1" Value="1"/>
</AssgnmntListEntry>
<AssgnmntListEntry Length="2" RootTermCovItemId="C6">
<MapEntry BoolAssgnmnt="11" Value="1"/>
</AssgnmntListEntry>
</AssgnmntPrefix>
</AssgnmntList>
<ObjMetaDataList/>
<MetaDataList/>
</TestCase>
<TestCase Comment="" Date="1386064416932" Name="com.Testing.MiTest:testLookForBestMoveDrawGame">
<CovList>
<CovPrefix CovItemPrefix="com.OriginalFiles.Analyze.java">
<Cov CovItemId="B103" Value="1"/>
<Cov CovItemId="B107" Value="1"/>
<Cov CovItemId="B120" Value="12"/>
<Cov CovItemId="B121" Value="372"/>
<Cov CovItemId="B122" Value="6"/>
<Cov CovItemId="B123" Value="6"/>
<Cov CovItemId="B124" Value="6"/>
<Cov CovItemId="B126" Value="6"/>
<Cov CovItemId="B127" Value="6"/>
<Cov CovItemId="B128" Value="6"/>
<Cov CovItemId="B131" Value="6"/>
<Cov CovItemId="B133" Value="6"/>
<Cov CovItemId="B134" Value="6"/>
<Cov CovItemId="B136" Value="6"/>
<Cov CovItemId="B138" Value="6"/>
<Cov CovItemId="B140" Value="6"/>
<Cov CovItemId="B144" Value="3"/>
<Cov CovItemId="B147" Value="3"/>
<Cov CovItemId="B148" Value="6"/>
<Cov CovItemId="B149" Value="90"/>
<Cov CovItemId="B151" Value="3"/>
<Cov CovItemId="B156" Value="9"/>
<Cov CovItemId="B157" Value="9"/>
<Cov CovItemId="B84" Value="6"/>
<Cov CovItemId="L16-2" Value="6"/>
<Cov CovItemId="L17-2" Value="48"/>
<Cov CovItemId="L18-2" Value="3"/>
<Cov CovItemId="L19-2" Value="12"/>
<Cov CovItemId="S1" Value="1"/>
<Cov CovItemId="S149" Value="6"/>
<Cov CovItemId="S191" Value="1"/>
<Cov CovItemId="S192" Value="1"/>
<Cov CovItemId="S193" Value="1"/>
<Cov CovItemId="S199" Value="1"/>
<Cov CovItemId="S2" Value="1"/>
<Cov CovItemId="S200" Value="1"/>
<Cov CovItemId="S201" Value="1"/>
<Cov CovItemId="S202" Value="1"/>
<Cov CovItemId="S203" Value="1"/>
<Cov CovItemId="S204" Value="1"/>
<Cov CovItemId="S221" Value="6"/>
<Cov CovItemId="S222" Value="6"/>
<Cov CovItemId="S223" Value="6"/>
<Cov CovItemId="S224" Value="6"/>
<Cov CovItemId="S225" Value="6"/>
<Cov CovItemId="S226" Value="6"/>
<Cov CovItemId="S227" Value="48"/>
<Cov CovItemId="S228" Value="384"/>
<Cov CovItemId="S229" Value="12"/>
<Cov CovItemId="S230" Value="6"/>
<Cov CovItemId="S231" Value="6"/>
<Cov CovItemId="S232" Value="6"/>
<Cov CovItemId="S233" Value="12"/>
<Cov CovItemId="S234" Value="6"/>
<Cov CovItemId="S235" Value="6"/>
<Cov CovItemId="S236" Value="6"/>
<Cov CovItemId="S237" Value="6"/>
<Cov CovItemId="S239" Value="6"/>
<Cov CovItemId="S241" Value="6"/>
<Cov CovItemId="S242" Value="6"/>
<Cov CovItemId="S243" Value="6"/>
<Cov CovItemId="S244" Value="6"/>
<Cov CovItemId="S245" Value="6"/>
<Cov CovItemId="S246" Value="6"/>
<Cov CovItemId="S247" Value="6"/>
<Cov CovItemId="S251" Value="3"/>
<Cov CovItemId="S252" Value="3"/>
<Cov CovItemId="S253" Value="3"/>
<Cov CovItemId="S255" Value="3"/>
<Cov CovItemId="S256" Value="3"/>
<Cov CovItemId="S257" Value="12"/>
<Cov CovItemId="S258" Value="96"/>
<Cov CovItemId="S259" Value="6"/>
<Cov CovItemId="S260" Value="3"/>
<Cov CovItemId="S266" Value="3"/>
<Cov CovItemId="S267" Value="18"/>
<Cov CovItemId="S268" Value="9"/>
<Cov CovItemId="S269" Value="9"/>
<Cov CovItemId="S3" Value="1"/>
<Cov CovItemId="S4" Value="1"/>
<Cov CovItemId="S5" Value="1"/>
</CovPrefix>
<CovPrefix CovItemPrefix="com.OriginalFiles.Board.java">
<Cov CovItemId="B1" Value="32"/>
<Cov CovItemId="B10" Value="8"/>
<Cov CovItemId="B2" Value="32"/>
<Cov CovItemId="B3" Value="12"/>
<Cov CovItemId="B31" Value="6"/>
<Cov CovItemId="B34" Value="6"/>
<Cov CovItemId="B36" Value="6"/>
<Cov CovItemId="B37" Value="6"/>
<Cov CovItemId="B4" Value="20"/>
<Cov CovItemId="B41" Value="53"/>
<Cov CovItemId="B42" Value="24"/>
<Cov CovItemId="B43" Value="1"/>
<Cov CovItemId="B44" Value="13"/>
<Cov CovItemId="B45" Value="6"/>
<Cov CovItemId="B46" Value="8"/>
<Cov CovItemId="B47" Value="14"/>
<Cov CovItemId="B49" Value="14"/>
<Cov CovItemId="B5" Value="4"/>
<Cov CovItemId="B51" Value="4"/>
<Cov CovItemId="B52" Value="10"/>
<Cov CovItemId="B53" Value="14"/>
<Cov CovItemId="B56" Value="55"/>
<Cov CovItemId="B57" Value="25"/>
<Cov CovItemId="B58" Value="30"/>
<Cov CovItemId="B59" Value="25"/>
<Cov CovItemId="B6" Value="8"/>
<Cov CovItemId="B61" Value="1"/>
<Cov CovItemId="B62" Value="24"/>
<Cov CovItemId="B63" Value="224"/>
<Cov CovItemId="B64" Value="224"/>
<Cov CovItemId="B65" Value="14"/>
<Cov CovItemId="B66" Value="210"/>
<Cov CovItemId="B67" Value="7"/>
<Cov CovItemId="B68" Value="7"/>
<Cov CovItemId="B69" Value="1"/>
<Cov CovItemId="B7" Value="12"/>
<Cov CovItemId="B79" Value="161"/>
<Cov CovItemId="B8" Value="20"/>
<Cov CovItemId="B81" Value="93"/>
<Cov CovItemId="B82" Value="68"/>
<Cov CovItemId="B83" Value="52"/>
<Cov CovItemId="B84" Value="204"/>
<Cov CovItemId="B85" Value="37"/>
<Cov CovItemId="B86" Value="167"/>
<Cov CovItemId="B9" Value="4"/>
<Cov CovItemId="L1-2" Value="1"/>
<Cov CovItemId="L10-2" Value="112"/>
<Cov CovItemId="L13-2" Value="7"/>
<Cov CovItemId="L14-2" Value="56"/>
<Cov CovItemId="L2-2" Value="8"/>
<Cov CovItemId="L3-2" Value="1"/>
<Cov CovItemId="L4-2" Value="1"/>
<Cov CovItemId="L5-2" Value="1"/>
<Cov CovItemId="L6-2" Value="3"/>
<Cov CovItemId="L7-2" Value="1"/>
<Cov CovItemId="L8-2" Value="2"/>
<Cov CovItemId="L9-2" Value="14"/>
<Cov CovItemId="S1" Value="1"/>
<Cov CovItemId="S10" Value="1"/>
<Cov CovItemId="S101" Value="6"/>
<Cov CovItemId="S102" Value="6"/>
<Cov CovItemId="S104" Value="6"/>
<Cov CovItemId="S106" Value="6"/>
<Cov CovItemId="S107" Value="6"/>
<Cov CovItemId="S108" Value="6"/>
<Cov CovItemId="S109" Value="6"/>
<Cov CovItemId="S11" Value="8"/>
<Cov CovItemId="S115" Value="77"/>
<Cov CovItemId="S116" Value="53"/>
<Cov CovItemId="S117" Value="24"/>
<Cov CovItemId="S118" Value="14"/>
<Cov CovItemId="S119" Value="14"/>
<Cov CovItemId="S12" Value="64"/>
<Cov CovItemId="S120" Value="1"/>
<Cov CovItemId="S121" Value="13"/>
<Cov CovItemId="S122" Value="13"/>
<Cov CovItemId="S123" Value="14"/>
<Cov CovItemId="S124" Value="14"/>
<Cov CovItemId="S125" Value="6"/>
<Cov CovItemId="S126" Value="14"/>
<Cov CovItemId="S127" Value="14"/>
<Cov CovItemId="S128" Value="14"/>
<Cov CovItemId="S129" Value="14"/>
<Cov CovItemId="S13" Value="64"/>
<Cov CovItemId="S130" Value="4"/>
<Cov CovItemId="S131" Value="14"/>
<Cov CovItemId="S132" Value="14"/>
<Cov CovItemId="S133" Value="14"/>
<Cov CovItemId="S134" Value="14"/>
<Cov CovItemId="S135" Value="55"/>
<Cov CovItemId="S137" Value="55"/>
<Cov CovItemId="S138" Value="25"/>
<Cov CovItemId="S139" Value="25"/>
<Cov CovItemId="S14" Value="64"/>
<Cov CovItemId="S140" Value="1"/>
<Cov CovItemId="S141" Value="54"/>
<Cov CovItemId="S142" Value="55"/>
<Cov CovItemId="S143" Value="7"/>
<Cov CovItemId="S144" Value="7"/>
<Cov CovItemId="S145" Value="56"/>
<Cov CovItemId="S146" Value="448"/>
<Cov CovItemId="S147" Value="224"/>
<Cov CovItemId="S148" Value="14"/>
<Cov CovItemId="S149" Value="7"/>
<Cov CovItemId="S15" Value="64"/>
<Cov CovItemId="S150" Value="7"/>
<Cov CovItemId="S151" Value="7"/>
<Cov CovItemId="S152" Value="1"/>
<Cov CovItemId="S153" Value="1"/>
<Cov CovItemId="S154" Value="1"/>
<Cov CovItemId="S16" Value="32"/>
<Cov CovItemId="S17" Value="32"/>
<Cov CovItemId="S176" Value="161"/>
<Cov CovItemId="S177" Value="161"/>
<Cov CovItemId="S178" Value="93"/>
<Cov CovItemId="S179" Value="68"/>
<Cov CovItemId="S18" Value="32"/>
<Cov CovItemId="S180" Value="256"/>
<Cov CovItemId="S181" Value="52"/>
<Cov CovItemId="S182" Value="204"/>
<Cov CovItemId="S183" Value="37"/>
<Cov CovItemId="S184" Value="167"/>
<Cov CovItemId="S185" Value="495"/>
<Cov CovItemId="S19" Value="12"/>
<Cov CovItemId="S2" Value="1"/>
<Cov CovItemId="S20" Value="12"/>
<Cov CovItemId="S21" Value="12"/>
<Cov CovItemId="S22" Value="4"/>
<Cov CovItemId="S23" Value="32"/>
<Cov CovItemId="S24" Value="12"/>
<Cov CovItemId="S25" Value="12"/>
<Cov CovItemId="S26" Value="12"/>
<Cov CovItemId="S27" Value="4"/>
<Cov CovItemId="S28" Value="32"/>
<Cov CovItemId="S29" Value="32"/>
<Cov CovItemId="S3" Value="1"/>
<Cov CovItemId="S30" Value="64"/>
<Cov CovItemId="S31" Value="1"/>
<Cov CovItemId="S32" Value="8"/>
<Cov CovItemId="S33" Value="8"/>
<Cov CovItemId="S34" Value="8"/>
<Cov CovItemId="S35" Value="8"/>
<Cov CovItemId="S36" Value="8"/>
<Cov CovItemId="S37" Value="8"/>
<Cov CovItemId="S38" Value="8"/>
<Cov CovItemId="S39" Value="8"/>
<Cov CovItemId="S4" Value="1"/>
<Cov CovItemId="S40" Value="1"/>
<Cov CovItemId="S41" Value="8"/>
<Cov CovItemId="S42" Value="8"/>
<Cov CovItemId="S43" Value="8"/>
<Cov CovItemId="S44" Value="8"/>
<Cov CovItemId="S45" Value="8"/>
<Cov CovItemId="S46" Value="8"/>
<Cov CovItemId="S47" Value="8"/>
<Cov CovItemId="S48" Value="8"/>
<Cov CovItemId="S49" Value="1"/>
<Cov CovItemId="S5" Value="1"/>
<Cov CovItemId="S50" Value="3"/>
<Cov CovItemId="S51" Value="24"/>
<Cov CovItemId="S52" Value="24"/>
<Cov CovItemId="S53" Value="24"/>
<Cov CovItemId="S54" Value="24"/>
<Cov CovItemId="S55" Value="1"/>
<Cov CovItemId="S56" Value="2"/>
<Cov CovItemId="S57" Value="16"/>
<Cov CovItemId="S58" Value="16"/>
<Cov CovItemId="S59" Value="16"/>
<Cov CovItemId="S6" Value="1"/>
<Cov CovItemId="S60" Value="16"/>
<Cov CovItemId="S61" Value="14"/>
<Cov CovItemId="S62" Value="112"/>
<Cov CovItemId="S63" Value="896"/>
<Cov CovItemId="S7" Value="1"/>
<Cov CovItemId="S8" Value="1"/>
<Cov CovItemId="S9" Value="1"/>
<Cov CovItemId="S98" Value="6"/>
<Cov CovItemId="S99" Value="6"/>
</CovPrefix>
<CovPrefix CovItemPrefix="com.OriginalFiles.Field.java">
<Cov CovItemId="B1" Value="48"/>
<Cov CovItemId="B2" Value="8"/>
<Cov CovItemId="S1" Value="120"/>
<Cov CovItemId="S13" Value="70"/>
<Cov CovItemId="S2" Value="120"/>
<Cov CovItemId="S5" Value="56"/>
<Cov CovItemId="S6" Value="56"/>
<Cov CovItemId="S7" Value="48"/>
<Cov CovItemId="S8" Value="458"/>
<Cov CovItemId="S9" Value="961"/>
</CovPrefix>
<CovPrefix CovItemPrefix="com.OriginalFiles.MI.java">
<Cov CovItemId="B1" Value="1"/>
<Cov CovItemId="B13" Value="3"/>
<Cov CovItemId="B17" Value="3"/>
<Cov CovItemId="B20" Value="3"/>
<Cov CovItemId="B23" Value="3"/>
<Cov CovItemId="B25" Value="3"/>
<Cov CovItemId="B27" Value="3"/>
<Cov CovItemId="B3" Value="26"/>
<Cov CovItemId="B30" Value="3"/>
<Cov CovItemId="B32" Value="3"/>
<Cov CovItemId="B33" Value="3"/>
<Cov CovItemId="B36" Value="3"/>
<Cov CovItemId="B39" Value="3"/>
<Cov CovItemId="B4" Value="102"/>
<Cov CovItemId="B41" Value="3"/>
<Cov CovItemId="B44" Value="3"/>
<Cov CovItemId="B5" Value="13"/>
<Cov CovItemId="B51" Value="2"/>
<Cov CovItemId="B52" Value="62"/>
<Cov CovItemId="B53" Value="1"/>
<Cov CovItemId="B54" Value="1"/>
<Cov CovItemId="B56" Value="1"/>
<Cov CovItemId="B59" Value="1"/>
<Cov CovItemId="B6" Value="13"/>
<Cov CovItemId="B62" Value="1"/>
<Cov CovItemId="B8" Value="1"/>
<Cov CovItemId="B9" Value="3"/>
<Cov CovItemId="L1-2" Value="2"/>
<Cov CovItemId="L10-2" Value="1"/>
<Cov CovItemId="L11-2" Value="8"/>
<Cov CovItemId="L13-2" Value="1"/>
<Cov CovItemId="L2-2" Value="16"/>
<Cov CovItemId="L3-2" Value="1"/>
<Cov CovItemId="L5-1" Value="3"/>
<Cov CovItemId="L6-1" Value="3"/>
<Cov CovItemId="L7-1" Value="3"/>
<Cov CovItemId="L8-1" Value="3"/>
<Cov CovItemId="L9-0" Value="3"/>
<Cov CovItemId="S1" Value="1"/>
<Cov CovItemId="S10" Value="1"/>
<Cov CovItemId="S100" Value="3"/>
<Cov CovItemId="S101" Value="3"/>
<Cov CovItemId="S102" Value="3"/>
<Cov CovItemId="S103" Value="3"/>
<Cov CovItemId="S104" Value="3"/>
<Cov CovItemId="S105" Value="3"/>
<Cov CovItemId="S106" Value="3"/>
<Cov CovItemId="S107" Value="3"/>
<Cov CovItemId="S108" Value="3"/>
<Cov CovItemId="S109" Value="3"/>
<Cov CovItemId="S11" Value="1"/>
<Cov CovItemId="S115" Value="3"/>
<Cov CovItemId="S116" Value="3"/>
<Cov CovItemId="S117" Value="3"/>
<Cov CovItemId="S12" Value="1"/>
<Cov CovItemId="S123" Value="1"/>
<Cov CovItemId="S124" Value="1"/>
<Cov CovItemId="S125" Value="1"/>
<Cov CovItemId="S126" Value="1"/>
<Cov CovItemId="S127" Value="8"/>
<Cov CovItemId="S128" Value="64"/>
<Cov CovItemId="S129" Value="2"/>
<Cov CovItemId="S130" Value="1"/>
<Cov CovItemId="S135" Value="1"/>
<Cov CovItemId="S136" Value="1"/>
<Cov CovItemId="S137" Value="1"/>
<Cov CovItemId="S138" Value="3"/>
<Cov CovItemId="S139" Value="3"/>
<Cov CovItemId="S14" Value="1"/>
<Cov CovItemId="S140" Value="1"/>
<Cov CovItemId="S142" Value="1"/>
<Cov CovItemId="S15" Value="1"/>
<Cov CovItemId="S16" Value="2"/>
<Cov CovItemId="S17" Value="2"/>
<Cov CovItemId="S18" Value="2"/>
<Cov CovItemId="S19" Value="16"/>
<Cov CovItemId="S2" Value="1"/>
<Cov CovItemId="S20" Value="128"/>
<Cov CovItemId="S21" Value="26"/>
<Cov CovItemId="S22" Value="13"/>
<Cov CovItemId="S23" Value="13"/>
<Cov CovItemId="S24" Value="1"/>
<Cov CovItemId="S25" Value="1"/>
<Cov CovItemId="S26" Value="1"/>
<Cov CovItemId="S27" Value="1"/>
<Cov CovItemId="S28" Value="1"/>
<Cov CovItemId="S3" Value="1"/>
<Cov CovItemId="S30" Value="1"/>
<Cov CovItemId="S31" Value="3"/>
<Cov CovItemId="S32" Value="3"/>
<Cov CovItemId="S33" Value="3"/>
<Cov CovItemId="S34" Value="3"/>
<Cov CovItemId="S35" Value="3"/>
<Cov CovItemId="S36" Value="3"/>
<Cov CovItemId="S37" Value="3"/>
<Cov CovItemId="S4" Value="1"/>
<Cov CovItemId="S40" Value="1"/>
<Cov CovItemId="S41" Value="3"/>
<Cov CovItemId="S42" Value="3"/>
<Cov CovItemId="S5" Value="1"/>
<Cov CovItemId="S54" Value="3"/>
<Cov CovItemId="S55" Value="3"/>
<Cov CovItemId="S56" Value="3"/>
<Cov CovItemId="S57" Value="3"/>
<Cov CovItemId="S58" Value="3"/>
<Cov CovItemId="S59" Value="3"/>
<Cov CovItemId="S6" Value="1"/>
<Cov CovItemId="S61" Value="3"/>
<Cov CovItemId="S62" Value="3"/>
<Cov CovItemId="S63" Value="3"/>
<Cov CovItemId="S64" Value="3"/>
<Cov CovItemId="S65" Value="3"/>
<Cov CovItemId="S66" Value="3"/>
<Cov CovItemId="S67" Value="3"/>
<Cov CovItemId="S68" Value="3"/>
<Cov CovItemId="S7" Value="1"/>
<Cov CovItemId="S73" Value="3"/>
<Cov CovItemId="S75" Value="3"/>
<Cov CovItemId="S77" Value="3"/>
<Cov CovItemId="S8" Value="1"/>
<Cov CovItemId="S80" Value="3"/>
<Cov CovItemId="S81" Value="3"/>
<Cov CovItemId="S83" Value="3"/>
<Cov CovItemId="S84" Value="3"/>
<Cov CovItemId="S86" Value="3"/>
<Cov CovItemId="S87" Value="3"/>
<Cov CovItemId="S88" Value="3"/>
<Cov CovItemId="S89" Value="3"/>
<Cov CovItemId="S9" Value="1"/>
<Cov CovItemId="S90" Value="3"/>
<Cov CovItemId="S91" Value="3"/>
<Cov CovItemId="S92" Value="3"/>
<Cov CovItemId="S99" Value="3"/>
</CovPrefix>
<CovPrefix CovItemPrefix="com.OriginalFiles.Move.java">
<Cov CovItemId="S1" Value="3"/>
<Cov CovItemId="S2" Value="3"/>
<Cov CovItemId="S3" Value="3"/>
<Cov CovItemId="S4" Value="3"/>
<Cov CovItemId="S5" Value="3"/>
<Cov CovItemId="S6" Value="3"/>
<Cov CovItemId="S7" Value="3"/>
</CovPrefix>
<CovPrefix CovItemPrefix="com.OriginalFiles.Piece.java">
<Cov CovItemId="B1" Value="8"/>
<Cov CovItemId="B10" Value="12"/>
<Cov CovItemId="B11" Value="38"/>
<Cov CovItemId="B12" Value="16"/>
<Cov CovItemId="B13" Value="14"/>
<Cov CovItemId="B14" Value="24"/>
<Cov CovItemId="B15" Value="32"/>
<Cov CovItemId="B16" Value="6"/>
<Cov CovItemId="B17" Value="6"/>
<Cov CovItemId="B18" Value="32"/>
<Cov CovItemId="B19" Value="3"/>
<Cov CovItemId="B2" Value="40"/>
<Cov CovItemId="B20" Value="3"/>
<Cov CovItemId="B22" Value="6"/>
<Cov CovItemId="B25" Value="6"/>
<Cov CovItemId="B27" Value="2"/>
<Cov CovItemId="B28" Value="4"/>
<Cov CovItemId="B29" Value="2"/>
<Cov CovItemId="B3" Value="5"/>
<Cov CovItemId="B30" Value="4"/>
<Cov CovItemId="B31" Value="3"/>
<Cov CovItemId="B32" Value="3"/>
<Cov CovItemId="B34" Value="38"/>
<Cov CovItemId="B35" Value="8"/>
<Cov CovItemId="B36" Value="30"/>
<Cov CovItemId="B37" Value="8"/>
<Cov CovItemId="B39" Value="14"/>
<Cov CovItemId="B4" Value="3"/>
<Cov CovItemId="B40" Value="24"/>
<Cov CovItemId="B41" Value="4"/>
<Cov CovItemId="B42" Value="8"/>
<Cov CovItemId="B44" Value="3"/>
<Cov CovItemId="B45" Value="3"/>
<Cov CovItemId="B47" Value="10"/>
<Cov CovItemId="B48" Value="2"/>
<Cov CovItemId="B49" Value="10"/>
<Cov CovItemId="B5" Value="38"/>
<Cov CovItemId="B51" Value="36"/>
<Cov CovItemId="B52" Value="4"/>
<Cov CovItemId="B53" Value="4"/>
<Cov CovItemId="B54" Value="32"/>
<Cov CovItemId="B55" Value="4"/>
<Cov CovItemId="B58" Value="4"/>
<Cov CovItemId="B59" Value="4"/>
<Cov CovItemId="B6" Value="16"/>
<Cov CovItemId="B62" Value="4"/>
<Cov CovItemId="B63" Value="4"/>
<Cov CovItemId="B65" Value="4"/>
<Cov CovItemId="B68" Value="4"/>
<Cov CovItemId="B69" Value="28"/>
<Cov CovItemId="B7" Value="6"/>
<Cov CovItemId="B70" Value="14"/>
<Cov CovItemId="B71" Value="3"/>
<Cov CovItemId="B72" Value="25"/>
<Cov CovItemId="B9" Value="20"/>
<Cov CovItemId="L1-2" Value="3"/>
<Cov CovItemId="L2-1" Value="2"/>
<Cov CovItemId="L2-2" Value="4"/>
<Cov CovItemId="L3-1" Value="2"/>
<Cov CovItemId="L3-2" Value="12"/>
<Cov CovItemId="S1" Value="40"/>
<Cov CovItemId="S10" Value="40"/>
<Cov CovItemId="S100" Value="4"/>
<Cov CovItemId="S101" Value="4"/>
<Cov CovItemId="S102" Value="4"/>
<Cov CovItemId="S103" Value="4"/>
<Cov CovItemId="S104" Value="4"/>
<Cov CovItemId="S106" Value="4"/>
<Cov CovItemId="S107" Value="4"/>
<Cov CovItemId="S108" Value="4"/>
<Cov CovItemId="S109" Value="4"/>
<Cov CovItemId="S11" Value="40"/>
<Cov CovItemId="S111" Value="4"/>
<Cov CovItemId="S112" Value="4"/>
<Cov CovItemId="S113" Value="4"/>
<Cov CovItemId="S114" Value="4"/>
<Cov CovItemId="S117" Value="4"/>
<Cov CovItemId="S118" Value="36"/>
<Cov CovItemId="S119" Value="3"/>
<Cov CovItemId="S12" Value="40"/>
<Cov CovItemId="S120" Value="3"/>
<Cov CovItemId="S121" Value="3"/>
<Cov CovItemId="S122" Value="6"/>
<Cov CovItemId="S123" Value="6"/>
<Cov CovItemId="S124" Value="14"/>
<Cov CovItemId="S125" Value="42"/>
<Cov CovItemId="S126" Value="28"/>
<Cov CovItemId="S127" Value="3"/>
<Cov CovItemId="S128" Value="3"/>
<Cov CovItemId="S129" Value="3"/>
<Cov CovItemId="S13" Value="40"/>
<Cov CovItemId="S14" Value="40"/>
<Cov CovItemId="S15" Value="40"/>
<Cov CovItemId="S16" Value="40"/>
<Cov CovItemId="S17" Value="40"/>
<Cov CovItemId="S18" Value="40"/>
<Cov CovItemId="S19" Value="40"/>
<Cov CovItemId="S2" Value="40"/>
<Cov CovItemId="S20" Value="40"/>
<Cov CovItemId="S21" Value="40"/>
<Cov CovItemId="S22" Value="18"/>
<Cov CovItemId="S23" Value="123"/>
<Cov CovItemId="S24" Value="48"/>
<Cov CovItemId="S25" Value="48"/>
<Cov CovItemId="S26" Value="48"/>
<Cov CovItemId="S27" Value="8"/>
<Cov CovItemId="S28" Value="5"/>
<Cov CovItemId="S29" Value="8"/>
<Cov CovItemId="S3" Value="40"/>
<Cov CovItemId="S30" Value="40"/>
<Cov CovItemId="S31" Value="48"/>
<Cov CovItemId="S32" Value="54"/>
<Cov CovItemId="S33" Value="38"/>
<Cov CovItemId="S34" Value="16"/>
<Cov CovItemId="S35" Value="16"/>
<Cov CovItemId="S36" Value="6"/>
<Cov CovItemId="S37" Value="6"/>
<Cov CovItemId="S38" Value="6"/>
<Cov CovItemId="S39" Value="32"/>
<Cov CovItemId="S4" Value="40"/>
<Cov CovItemId="S40" Value="20"/>
<Cov CovItemId="S41" Value="12"/>
<Cov CovItemId="S42" Value="48"/>
<Cov CovItemId="S43" Value="54"/>
<Cov CovItemId="S44" Value="38"/>
<Cov CovItemId="S45" Value="38"/>
<Cov CovItemId="S46" Value="38"/>
<Cov CovItemId="S47" Value="14"/>
<Cov CovItemId="S48" Value="38"/>
<Cov CovItemId="S49" Value="32"/>
<Cov CovItemId="S5" Value="40"/>
<Cov CovItemId="S50" Value="38"/>
<Cov CovItemId="S51" Value="6"/>
<Cov CovItemId="S52" Value="3"/>
<Cov CovItemId="S53" Value="3"/>
<Cov CovItemId="S54" Value="6"/>
<Cov CovItemId="S58" Value="6"/>
<Cov CovItemId="S59" Value="6"/>
<Cov CovItemId="S6" Value="40"/>
<Cov CovItemId="S60" Value="2"/>
<Cov CovItemId="S61" Value="6"/>
<Cov CovItemId="S62" Value="2"/>
<Cov CovItemId="S63" Value="6"/>
<Cov CovItemId="S64" Value="3"/>
<Cov CovItemId="S65" Value="38"/>
<Cov CovItemId="S67" Value="38"/>
<Cov CovItemId="S68" Value="8"/>
<Cov CovItemId="S69" Value="8"/>
<Cov CovItemId="S7" Value="40"/>
<Cov CovItemId="S70" Value="8"/>
<Cov CovItemId="S71" Value="38"/>
<Cov CovItemId="S72" Value="14"/>
<Cov CovItemId="S73" Value="38"/>
<Cov CovItemId="S74" Value="12"/>
<Cov CovItemId="S75" Value="4"/>
<Cov CovItemId="S76" Value="8"/>
<Cov CovItemId="S77" Value="3"/>
<Cov CovItemId="S78" Value="3"/>
<Cov CovItemId="S79" Value="3"/>
<Cov CovItemId="S8" Value="40"/>
<Cov CovItemId="S81" Value="3"/>
<Cov CovItemId="S82" Value="3"/>
<Cov CovItemId="S83" Value="3"/>
<Cov CovItemId="S84" Value="3"/>
<Cov CovItemId="S85" Value="3"/>
<Cov CovItemId="S86" Value="3"/>
<Cov CovItemId="S87" Value="12"/>
<Cov CovItemId="S88" Value="10"/>
<Cov CovItemId="S89" Value="10"/>
<Cov CovItemId="S9" Value="40"/>
<Cov CovItemId="S90" Value="10"/>
<Cov CovItemId="S91" Value="10"/>
<Cov CovItemId="S92" Value="10"/>
<Cov CovItemId="S93" Value="10"/>
<Cov CovItemId="S94" Value="10"/>
<Cov CovItemId="S95" Value="10"/>
<Cov CovItemId="S96" Value="2"/>
<Cov CovItemId="S97" Value="40"/>
<Cov CovItemId="S98" Value="40"/>
<Cov CovItemId="S99" Value="36"/>
</CovPrefix>
<CovPrefix CovItemPrefix="com.OriginalFiles.RemoteNXTFunctions.java">
<Cov CovItemId="B5" Value="1"/>
<Cov CovItemId="B7" Value="1"/>
<Cov CovItemId="S1" Value="1"/>
<Cov CovItemId="S162" Value="1"/>
<Cov CovItemId="S19" Value="1"/>
<Cov CovItemId="S2" Value="1"/>
<Cov CovItemId="S20" Value="1"/>
<Cov CovItemId="S21" Value="1"/>
<Cov CovItemId="S22" Value="1"/>
<Cov CovItemId="S3" Value="1"/>
</CovPrefix>
</CovList>
<AssgnmntList>
<AssgnmntPrefix RootTermCovItemPrefix="com.OriginalFiles.Analyze.java">
<AssgnmntListEntry Length="1" RootTermCovItemId="C49">
<MapEntry BoolAssgnmnt="0" Value="6"/>
</AssgnmntListEntry>
<AssgnmntListEntry Length="1" RootTermCovItemId="C64">
<MapEntry BoolAssgnmnt="1" Value="1"/>
</AssgnmntListEntry>
<AssgnmntListEntry Length="6" RootTermCovItemId="C66">
<MapEntry BoolAssgnmnt="111111" Value="1"/>
</AssgnmntListEntry>
<AssgnmntListEntry Length="1" RootTermCovItemId="C70">
<MapEntry BoolAssgnmnt="0" Value="12"/>
<MapEntry BoolAssgnmnt="1" Value="372"/>
</AssgnmntListEntry>
<AssgnmntListEntry Length="1" RootTermCovItemId="C71">
<MapEntry BoolAssgnmnt="0" Value="6"/>
<MapEntry BoolAssgnmnt="1" Value="6"/>
</AssgnmntListEntry>
<AssgnmntListEntry Length="1" RootTermCovItemId="C72">
<MapEntry BoolAssgnmnt="1" Value="6"/>
</AssgnmntListEntry>
<AssgnmntListEntry Length="1" RootTermCovItemId="C73">
<MapEntry BoolAssgnmnt="0" Value="6"/>
<MapEntry BoolAssgnmnt="1" Value="6"/>
</AssgnmntListEntry>
<AssgnmntListEntry Length="1" RootTermCovItemId="C74">
<MapEntry BoolAssgnmnt="1" Value="6"/>
</AssgnmntListEntry>
<AssgnmntListEntry Length="3" RootTermCovItemId="C75">
<MapEntry BoolAssgnmnt="012" Value="6"/>
</AssgnmntListEntry>
<AssgnmntListEntry Length="3" RootTermCovItemId="C76">
<MapEntry BoolAssgnmnt="011" Value="6"/>
</AssgnmntListEntry>
<AssgnmntListEntry Length="2" RootTermCovItemId="C77">
<MapEntry BoolAssgnmnt="11" Value="6"/>
</AssgnmntListEntry>
<AssgnmntListEntry Length="2" RootTermCovItemId="C78">
<MapEntry BoolAssgnmnt="11" Value="6"/>
</AssgnmntListEntry>
<AssgnmntListEntry Length="2" RootTermCovItemId="C79">
<MapEntry BoolAssgnmnt="12" Value="6"/>
</AssgnmntListEntry>
<AssgnmntListEntry Length="2" RootTermCovItemId="C80">
<MapEntry BoolAssgnmnt="10" Value="6"/>
</AssgnmntListEntry>
<AssgnmntListEntry Length="1" RootTermCovItemId="C82">
<MapEntry BoolAssgnmnt="1" Value="3"/>
</AssgnmntListEntry>
<AssgnmntListEntry Length="1" RootTermCovItemId="C83">
<MapEntry BoolAssgnmnt="1" Value="3"/>
</AssgnmntListEntry>
<AssgnmntListEntry Length="1" RootTermCovItemId="C84">
<MapEntry BoolAssgnmnt="0" Value="3"/>
<MapEntry BoolAssgnmnt="1" Value="12"/>
</AssgnmntListEntry>
<AssgnmntListEntry Length="1" RootTermCovItemId="C85">
<MapEntry BoolAssgnmnt="0" Value="12"/>
<MapEntry BoolAssgnmnt="1" Value="96"/>
</AssgnmntListEntry>
<AssgnmntListEntry Length="1" RootTermCovItemId="C86">
<MapEntry BoolAssgnmnt="0" Value="6"/>
<MapEntry BoolAssgnmnt="1" Value="90"/>
</AssgnmntListEntry>
<AssgnmntListEntry Length="1" RootTermCovItemId="C87">
<MapEntry BoolAssgnmnt="0" Value="3"/>
</AssgnmntListEntry>
<AssgnmntListEntry Length="8" RootTermCovItemId="C90">
<MapEntry BoolAssgnmnt="11222222" Value="9"/>
<MapEntry BoolAssgnmnt="02020202" Value="6"/>
<MapEntry BoolAssgnmnt="10020202" Value="3"/>
</AssgnmntListEntry>
</AssgnmntPrefix>
<AssgnmntPrefix RootTermCovItemPrefix="com.OriginalFiles.Board.java">
<AssgnmntListEntry Length="1" RootTermCovItemId="C1">
<MapEntry BoolAssgnmnt="0" Value="1"/>
<MapEntry BoolAssgnmnt="1" Value="8"/>
</AssgnmntListEntry>
<AssgnmntListEntry Length="1" RootTermCovItemId="C10">
<MapEntry BoolAssgnmnt="0" Value="1"/>
<MapEntry BoolAssgnmnt="1" Value="3"/>
</AssgnmntListEntry>
<AssgnmntListEntry Length="1" RootTermCovItemId="C11">
<MapEntry BoolAssgnmnt="0" Value="3"/>
<MapEntry BoolAssgnmnt="1" Value="24"/>
</AssgnmntListEntry>
<AssgnmntListEntry Length="1" RootTermCovItemId="C12">
<MapEntry BoolAssgnmnt="0" Value="1"/>
<MapEntry BoolAssgnmnt="1" Value="2"/>
</AssgnmntListEntry>
<AssgnmntListEntry Length="1" RootTermCovItemId="C13">
<MapEntry BoolAssgnmnt="0" Value="2"/>
<MapEntry BoolAssgnmnt="1" Value="16"/>
</AssgnmntListEntry>
<AssgnmntListEntry Length="1" RootTermCovItemId="C2">
<MapEntry BoolAssgnmnt="0" Value="8"/>
<MapEntry BoolAssgnmnt="1" Value="64"/>
</AssgnmntListEntry>
<AssgnmntListEntry Length="1" RootTermCovItemId="C26">
<MapEntry BoolAssgnmnt="0" Value="6"/>
</AssgnmntListEntry>
<AssgnmntListEntry Length="1" RootTermCovItemId="C27">
<MapEntry BoolAssgnmnt="0" Value="6"/>
</AssgnmntListEntry>
<AssgnmntListEntry Length="2" RootTermCovItemId="C28">
<MapEntry BoolAssgnmnt="02" Value="6"/>
</AssgnmntListEntry>
<AssgnmntListEntry Length="1" RootTermCovItemId="C29">
<MapEntry BoolAssgnmnt="1" Value="6"/>
</AssgnmntListEntry>
<AssgnmntListEntry Length="1" RootTermCovItemId="C3">
<MapEntry BoolAssgnmnt="0" Value="32"/>
<MapEntry BoolAssgnmnt="1" Value="32"/>
</AssgnmntListEntry>
<AssgnmntListEntry Length="1" RootTermCovItemId="C31">
<MapEntry BoolAssgnmnt="0" Value="24"/>
<MapEntry BoolAssgnmnt="1" Value="53"/>
</AssgnmntListEntry>
<AssgnmntListEntry Length="1" RootTermCovItemId="C32">
<MapEntry BoolAssgnmnt="0" Value="13"/>
<MapEntry BoolAssgnmnt="1" Value="1"/>
</AssgnmntListEntry>
<AssgnmntListEntry Length="1" RootTermCovItemId="C33">
<MapEntry BoolAssgnmnt="0" Value="6"/>
<MapEntry BoolAssgnmnt="1" Value="8"/>
</AssgnmntListEntry>
<AssgnmntListEntry Length="1" RootTermCovItemId="C34">
<MapEntry BoolAssgnmnt="0" Value="14"/>
</AssgnmntListEntry>
<AssgnmntListEntry Length="1" RootTermCovItemId="C35">
<MapEntry BoolAssgnmnt="1" Value="14"/>
</AssgnmntListEntry>
<AssgnmntListEntry Length="1" RootTermCovItemId="C36">
<MapEntry BoolAssgnmnt="0" Value="4"/>
<MapEntry BoolAssgnmnt="1" Value="10"/>
</AssgnmntListEntry>
<AssgnmntListEntry Length="1" RootTermCovItemId="C37">
<MapEntry BoolAssgnmnt="0" Value="14"/>
</AssgnmntListEntry>
<AssgnmntListEntry Length="5" RootTermCovItemId="C38">
<MapEntry BoolAssgnmnt="02002" Value="14"/>
<MapEntry BoolAssgnmnt="10122" Value="14"/>
<MapEntry BoolAssgnmnt="11221" Value="14"/>
<MapEntry BoolAssgnmnt="02011" Value="13"/>
</AssgnmntListEntry>
<AssgnmntListEntry Length="1" RootTermCovItemId="C39">
<MapEntry BoolAssgnmnt="0" Value="30"/>
<MapEntry BoolAssgnmnt="1" Value="25"/>
</AssgnmntListEntry>
<AssgnmntListEntry Length="1" RootTermCovItemId="C4">
<MapEntry BoolAssgnmnt="0" Value="20"/>
<MapEntry BoolAssgnmnt="1" Value="12"/>
</AssgnmntListEntry>
<AssgnmntListEntry Length="1" RootTermCovItemId="C40">
<MapEntry BoolAssgnmnt="0" Value="25"/>
</AssgnmntListEntry>
<AssgnmntListEntry Length="2" RootTermCovItemId="C41">
<MapEntry BoolAssgnmnt="10" Value="1"/>
<MapEntry BoolAssgnmnt="02" Value="24"/>
</AssgnmntListEntry>
<AssgnmntListEntry Length="1" RootTermCovItemId="C42">
<MapEntry BoolAssgnmnt="0" Value="224"/>
<MapEntry BoolAssgnmnt="1" Value="224"/>
</AssgnmntListEntry>
<AssgnmntListEntry Length="1" RootTermCovItemId="C43">
<MapEntry BoolAssgnmnt="0" Value="210"/>
<MapEntry BoolAssgnmnt="1" Value="14"/>
</AssgnmntListEntry>
<AssgnmntListEntry Length="1" RootTermCovItemId="C44">
<MapEntry BoolAssgnmnt="0" Value="7"/>
<MapEntry BoolAssgnmnt="1" Value="7"/>
</AssgnmntListEntry>
<AssgnmntListEntry Length="1" RootTermCovItemId="C45">
<MapEntry BoolAssgnmnt="1" Value="1"/>
</AssgnmntListEntry>
<AssgnmntListEntry Length="1" RootTermCovItemId="C5">
<MapEntry BoolAssgnmnt="0" Value="8"/>
<MapEntry BoolAssgnmnt="1" Value="4"/>
</AssgnmntListEntry>
<AssgnmntListEntry Length="1" RootTermCovItemId="C53">
<MapEntry BoolAssgnmnt="1" Value="161"/>
</AssgnmntListEntry>
<AssgnmntListEntry Length="1" RootTermCovItemId="C54">
<MapEntry BoolAssgnmnt="0" Value="93"/>
<MapEntry BoolAssgnmnt="1" Value="68"/>
</AssgnmntListEntry>
<AssgnmntListEntry Length="3" RootTermCovItemId="C55">
<MapEntry BoolAssgnmnt="002" Value="84"/>
<MapEntry BoolAssgnmnt="120" Value="52"/>
<MapEntry BoolAssgnmnt="121" Value="120"/>
</AssgnmntListEntry>
<AssgnmntListEntry Length="3" RootTermCovItemId="C56">
<MapEntry BoolAssgnmnt="002" Value="120"/>
<MapEntry BoolAssgnmnt="120" Value="47"/>
<MapEntry BoolAssgnmnt="121" Value="37"/>
</AssgnmntListEntry>
<AssgnmntListEntry Length="1" RootTermCovItemId="C6">
<MapEntry BoolAssgnmnt="0" Value="20"/>
<MapEntry BoolAssgnmnt="1" Value="12"/>
</AssgnmntListEntry>
<AssgnmntListEntry Length="1" RootTermCovItemId="C7">
<MapEntry BoolAssgnmnt="0" Value="8"/>
<MapEntry BoolAssgnmnt="1" Value="4"/>
</AssgnmntListEntry>
<AssgnmntListEntry Length="1" RootTermCovItemId="C8">
<MapEntry BoolAssgnmnt="0" Value="1"/>
<MapEntry BoolAssgnmnt="1" Value="8"/>
</AssgnmntListEntry>
<AssgnmntListEntry Length="1" RootTermCovItemId="C9">
<MapEntry BoolAssgnmnt="0" Value="1"/>
<MapEntry BoolAssgnmnt="1" Value="8"/>
</AssgnmntListEntry>
</AssgnmntPrefix>
<AssgnmntPrefix RootTermCovItemPrefix="com.OriginalFiles.Field.java">
<AssgnmntListEntry Length="1" RootTermCovItemId="C1">
<MapEntry BoolAssgnmnt="0" Value="48"/>
<MapEntry BoolAssgnmnt="1" Value="8"/>
</AssgnmntListEntry>
</AssgnmntPrefix>
<AssgnmntPrefix RootTermCovItemPrefix="com.OriginalFiles.MI.java">
<AssgnmntListEntry Length="1" RootTermCovItemId="C1">
<MapEntry BoolAssgnmnt="1" Value="1"/>
</AssgnmntListEntry>
<AssgnmntListEntry Length="1" RootTermCovItemId="C10">
<MapEntry BoolAssgnmnt="1" Value="3"/>
</AssgnmntListEntry>
<AssgnmntListEntry Length="1" RootTermCovItemId="C11">
<MapEntry BoolAssgnmnt="0" Value="3"/>
<MapEntry BoolAssgnmnt="1" Value="3"/>
</AssgnmntListEntry>
<AssgnmntListEntry Length="1" RootTermCovItemId="C12">
<MapEntry BoolAssgnmnt="0" Value="3"/>
<MapEntry BoolAssgnmnt="1" Value="3"/>
</AssgnmntListEntry>
<AssgnmntListEntry Length="1" RootTermCovItemId="C13">
<MapEntry BoolAssgnmnt="0" Value="3"/>
</AssgnmntListEntry>
<AssgnmntListEntry Length="1" RootTermCovItemId="C14">
<MapEntry BoolAssgnmnt="0" Value="3"/>
</AssgnmntListEntry>
<AssgnmntListEntry Length="1" RootTermCovItemId="C15">
<MapEntry BoolAssgnmnt="0" Value="3"/>
</AssgnmntListEntry>
<AssgnmntListEntry Length="1" RootTermCovItemId="C16">
<MapEntry BoolAssgnmnt="0" Value="3"/>
</AssgnmntListEntry>
<AssgnmntListEntry Length="1" RootTermCovItemId="C17">
<MapEntry BoolAssgnmnt="1" Value="3"/>
</AssgnmntListEntry>
<AssgnmntListEntry Length="1" RootTermCovItemId="C18">
<MapEntry BoolAssgnmnt="0" Value="3"/>
<MapEntry BoolAssgnmnt="1" Value="3"/>
</AssgnmntListEntry>
<AssgnmntListEntry Length="1" RootTermCovItemId="C19">
<MapEntry BoolAssgnmnt="0" Value="3"/>
</AssgnmntListEntry>
<AssgnmntListEntry Length="1" RootTermCovItemId="C2">
<MapEntry BoolAssgnmnt="0" Value="26"/>
<MapEntry BoolAssgnmnt="1" Value="102"/>
</AssgnmntListEntry>
<AssgnmntListEntry Length="1" RootTermCovItemId="C21">
<MapEntry BoolAssgnmnt="1" Value="3"/>
</AssgnmntListEntry>
<AssgnmntListEntry Length="1" RootTermCovItemId="C22">
<MapEntry BoolAssgnmnt="0" Value="3"/>
<MapEntry BoolAssgnmnt="1" Value="3"/>
</AssgnmntListEntry>
<AssgnmntListEntry Length="1" RootTermCovItemId="C23">
<MapEntry BoolAssgnmnt="0" Value="3"/>
</AssgnmntListEntry>
<AssgnmntListEntry Length="2" RootTermCovItemId="C24">
<MapEntry BoolAssgnmnt="11" Value="3"/>
</AssgnmntListEntry>
<AssgnmntListEntry Length="1" RootTermCovItemId="C27">
<MapEntry BoolAssgnmnt="0" Value="3"/>
</AssgnmntListEntry>
<AssgnmntListEntry Length="1" RootTermCovItemId="C29">
<MapEntry BoolAssgnmnt="0" Value="2"/>
<MapEntry BoolAssgnmnt="1" Value="62"/>
</AssgnmntListEntry>
<AssgnmntListEntry Length="1" RootTermCovItemId="C3">
<MapEntry BoolAssgnmnt="0" Value="13"/>
<MapEntry BoolAssgnmnt="1" Value="13"/>
</AssgnmntListEntry>
<AssgnmntListEntry Length="2" RootTermCovItemId="C30">
<MapEntry BoolAssgnmnt="10" Value="1"/>
<MapEntry BoolAssgnmnt="11" Value="1"/>
</AssgnmntListEntry>
<AssgnmntListEntry Length="1" RootTermCovItemId="C31">
<MapEntry BoolAssgnmnt="0" Value="1"/>
</AssgnmntListEntry>
<AssgnmntListEntry Length="1" RootTermCovItemId="C33">
<MapEntry BoolAssgnmnt="0" Value="1"/>
</AssgnmntListEntry>
<AssgnmntListEntry Length="1" RootTermCovItemId="C34">
<MapEntry BoolAssgnmnt="0" Value="1"/>
</AssgnmntListEntry>
<AssgnmntListEntry Length="1" RootTermCovItemId="C4">
<MapEntry BoolAssgnmnt="0" Value="1"/>
</AssgnmntListEntry>
<AssgnmntListEntry Length="1" RootTermCovItemId="C5">
<MapEntry BoolAssgnmnt="1" Value="3"/>
</AssgnmntListEntry>
<AssgnmntListEntry Length="2" RootTermCovItemId="C7">
<MapEntry BoolAssgnmnt="01" Value="3"/>
</AssgnmntListEntry>
<AssgnmntListEntry Length="1" RootTermCovItemId="C9">
<MapEntry BoolAssgnmnt="1" Value="3"/>
</AssgnmntListEntry>
</AssgnmntPrefix>
<AssgnmntPrefix RootTermCovItemPrefix="com.OriginalFiles.Piece.java">
<AssgnmntListEntry Length="2" RootTermCovItemId="C1">
<MapEntry BoolAssgnmnt="10" Value="24"/>
<MapEntry BoolAssgnmnt="02" Value="16"/>
<MapEntry BoolAssgnmnt="11" Value="8"/>
</AssgnmntListEntry>
<AssgnmntListEntry Length="1" RootTermCovItemId="C10">
<MapEntry BoolAssgnmnt="0" Value="3"/>
<MapEntry BoolAssgnmnt="1" Value="3"/>
</AssgnmntListEntry>
<AssgnmntListEntry Length="1" RootTermCovItemId="C11">
<MapEntry BoolAssgnmnt="1" Value="6"/>
</AssgnmntListEntry>
<AssgnmntListEntry Length="1" RootTermCovItemId="C13">
<MapEntry BoolAssgnmnt="1" Value="6"/>
</AssgnmntListEntry>
<AssgnmntListEntry Length="1" RootTermCovItemId="C14">
<MapEntry BoolAssgnmnt="0" Value="4"/>
<MapEntry BoolAssgnmnt="1" Value="2"/>
</AssgnmntListEntry>
<AssgnmntListEntry Length="2" RootTermCovItemId="C15">
<MapEntry BoolAssgnmnt="02" Value="4"/>
<MapEntry BoolAssgnmnt="11" Value="2"/>
</AssgnmntListEntry>
<AssgnmntListEntry Length="2" RootTermCovItemId="C16">
<MapEntry BoolAssgnmnt="02" Value="3"/>
<MapEntry BoolAssgnmnt="11" Value="3"/>
</AssgnmntListEntry>
<AssgnmntListEntry Length="5" RootTermCovItemId="C17">
<MapEntry BoolAssgnmnt="00210" Value="12"/>
<MapEntry BoolAssgnmnt="01002" Value="12"/>
<MapEntry BoolAssgnmnt="12222" Value="14"/>
</AssgnmntListEntry>
<AssgnmntListEntry Length="5" RootTermCovItemId="C18">
<MapEntry BoolAssgnmnt="00210" Value="8"/>
<MapEntry BoolAssgnmnt="00211" Value="4"/>
<MapEntry BoolAssgnmnt="01002" Value="8"/>
<MapEntry BoolAssgnmnt="12222" Value="14"/>
<MapEntry BoolAssgnmnt="01122" Value="4"/>
</AssgnmntListEntry>
<AssgnmntListEntry Length="1" RootTermCovItemId="C19">
<MapEntry BoolAssgnmnt="1" Value="8"/>
</AssgnmntListEntry>
<AssgnmntListEntry Length="2" RootTermCovItemId="C2">
<MapEntry BoolAssgnmnt="02" Value="3"/>
<MapEntry BoolAssgnmnt="11" Value="5"/>
</AssgnmntListEntry>
<AssgnmntListEntry Length="1" RootTermCovItemId="C20">
<MapEntry BoolAssgnmnt="0" Value="24"/>
<MapEntry BoolAssgnmnt="1" Value="14"/>
</AssgnmntListEntry>
<AssgnmntListEntry Length="16" RootTermCovItemId="C21">
<MapEntry BoolAssgnmnt="0211222222222222" Value="2"/>
<MapEntry BoolAssgnmnt="0210020211222222" Value="2"/>
<MapEntry BoolAssgnmnt="0202020202020202" Value="8"/>
</AssgnmntListEntry>
<AssgnmntListEntry Length="1" RootTermCovItemId="C22">
<MapEntry BoolAssgnmnt="0" Value="3"/>
</AssgnmntListEntry>
<AssgnmntListEntry Length="1" RootTermCovItemId="C23">
<MapEntry BoolAssgnmnt="1" Value="3"/>
</AssgnmntListEntry>
<AssgnmntListEntry Length="1" RootTermCovItemId="C24">
<MapEntry BoolAssgnmnt="0" Value="2"/>
<MapEntry BoolAssgnmnt="1" Value="10"/>
</AssgnmntListEntry>
<AssgnmntListEntry Length="1" RootTermCovItemId="C25">
<MapEntry BoolAssgnmnt="1" Value="10"/>
</AssgnmntListEntry>
<AssgnmntListEntry Length="1" RootTermCovItemId="C26">
<MapEntry BoolAssgnmnt="0" Value="4"/>
<MapEntry BoolAssgnmnt="1" Value="36"/>
</AssgnmntListEntry>
<AssgnmntListEntry Length="1" RootTermCovItemId="C27">
<MapEntry BoolAssgnmnt="0" Value="32"/>
<MapEntry BoolAssgnmnt="1" Value="4"/>
</AssgnmntListEntry>
<AssgnmntListEntry Length="1" RootTermCovItemId="C28">
<MapEntry BoolAssgnmnt="1" Value="4"/>
</AssgnmntListEntry>
<AssgnmntListEntry Length="1" RootTermCovItemId="C29">
<MapEntry BoolAssgnmnt="0" Value="4"/>
</AssgnmntListEntry>
<AssgnmntListEntry Length="1" RootTermCovItemId="C3">
<MapEntry BoolAssgnmnt="0" Value="16"/>
<MapEntry BoolAssgnmnt="1" Value="38"/>
</AssgnmntListEntry>
<AssgnmntListEntry Length="1" RootTermCovItemId="C30">
<MapEntry BoolAssgnmnt="1" Value="4"/>
</AssgnmntListEntry>
<AssgnmntListEntry Length="1" RootTermCovItemId="C31">
<MapEntry BoolAssgnmnt="0" Value="4"/>
</AssgnmntListEntry>
<AssgnmntListEntry Length="1" RootTermCovItemId="C32">
<MapEntry BoolAssgnmnt="1" Value="4"/>
</AssgnmntListEntry>
<AssgnmntListEntry Length="1" RootTermCovItemId="C33">
<MapEntry BoolAssgnmnt="1" Value="4"/>
</AssgnmntListEntry>
<AssgnmntListEntry Length="1" RootTermCovItemId="C34">
<MapEntry BoolAssgnmnt="0" Value="4"/>
</AssgnmntListEntry>
<AssgnmntListEntry Length="2" RootTermCovItemId="C35">
<MapEntry BoolAssgnmnt="01" Value="6"/>
<MapEntry BoolAssgnmnt="12" Value="3"/>
</AssgnmntListEntry>
<AssgnmntListEntry Length="1" RootTermCovItemId="C36">
<MapEntry BoolAssgnmnt="0" Value="3"/>
<MapEntry BoolAssgnmnt="1" Value="14"/>
</AssgnmntListEntry>
<AssgnmntListEntry Length="1" RootTermCovItemId="C37">
<MapEntry BoolAssgnmnt="0" Value="11"/>
<MapEntry BoolAssgnmnt="1" Value="42"/>
</AssgnmntListEntry>
<AssgnmntListEntry Length="1" RootTermCovItemId="C38">
<MapEntry BoolAssgnmnt="0" Value="14"/>
<MapEntry BoolAssgnmnt="1" Value="28"/>
</AssgnmntListEntry>
<AssgnmntListEntry Length="1" RootTermCovItemId="C39">
<MapEntry BoolAssgnmnt="0" Value="25"/>
<MapEntry BoolAssgnmnt="1" Value="3"/>
</AssgnmntListEntry>
<AssgnmntListEntry Length="2" RootTermCovItemId="C4">
<MapEntry BoolAssgnmnt="01" Value="2"/>
<MapEntry BoolAssgnmnt="12" Value="4"/>
</AssgnmntListEntry>
<AssgnmntListEntry Length="1" RootTermCovItemId="C5">
<MapEntry BoolAssgnmnt="0" Value="12"/>
<MapEntry BoolAssgnmnt="1" Value="20"/>
</AssgnmntListEntry>
<AssgnmntListEntry Length="1" RootTermCovItemId="C6">
<MapEntry BoolAssgnmnt="0" Value="16"/>
<MapEntry BoolAssgnmnt="1" Value="38"/>
</AssgnmntListEntry>
<AssgnmntListEntry Length="1" RootTermCovItemId="C7">
<MapEntry BoolAssgnmnt="0" Value="24"/>
<MapEntry BoolAssgnmnt="1" Value="14"/>
</AssgnmntListEntry>
<AssgnmntListEntry Length="1" RootTermCovItemId="C8">
<MapEntry BoolAssgnmnt="0" Value="6"/>
<MapEntry BoolAssgnmnt="1" Value="32"/>
</AssgnmntListEntry>
<AssgnmntListEntry Length="1" RootTermCovItemId="C9">
<MapEntry BoolAssgnmnt="0" Value="32"/>
<MapEntry BoolAssgnmnt="1" Value="6"/>
</AssgnmntListEntry>
</AssgnmntPrefix>
<AssgnmntPrefix RootTermCovItemPrefix="com.OriginalFiles.RemoteNXTFunctions.java">
<AssgnmntListEntry Length="1" RootTermCovItemId="C5">
<MapEntry BoolAssgnmnt="1" Value="1"/>
</AssgnmntListEntry>
<AssgnmntListEntry Length="2" RootTermCovItemId="C6">
<MapEntry BoolAssgnmnt="11" Value="1"/>
</AssgnmntListEntry>
</AssgnmntPrefix>
</AssgnmntList>
<ObjMetaDataList/>
<MetaDataList/>
</TestCase>
<TestCase Comment="" Date="1386064416934" Name="com.Testing.MiTest:testLookForBestMoveWinGame">
<CovList>
<CovPrefix CovItemPrefix="com.OriginalFiles.Analyze.java">
<Cov CovItemId="B103" Value="1"/>
<Cov CovItemId="B107" Value="1"/>
<Cov CovItemId="B120" Value="8"/>
<Cov CovItemId="B121" Value="248"/>
<Cov CovItemId="B123" Value="8"/>
<Cov CovItemId="B126" Value="8"/>
<Cov CovItemId="B128" Value="8"/>
<Cov CovItemId="B131" Value="4"/>
<Cov CovItemId="B132" Value="4"/>
<Cov CovItemId="B145" Value="2"/>
<Cov CovItemId="B153" Value="2"/>
<Cov CovItemId="B155" Value="2"/>
<Cov CovItemId="B65" Value="1"/>
<Cov CovItemId="B66" Value="3"/>
<Cov CovItemId="B68" Value="4"/>
<Cov CovItemId="B70" Value="4"/>
<Cov CovItemId="B71" Value="1"/>
<Cov CovItemId="B72" Value="3"/>
<Cov CovItemId="B73" Value="2"/>
<Cov CovItemId="B74" Value="2"/>
<Cov CovItemId="B84" Value="4"/>
<Cov CovItemId="L16-2" Value="4"/>
<Cov CovItemId="L17-2" Value="32"/>
<Cov CovItemId="L5-1" Value="4"/>
<Cov CovItemId="S1" Value="1"/>
<Cov CovItemId="S100" Value="4"/>
<Cov CovItemId="S101" Value="4"/>
<Cov CovItemId="S102" Value="4"/>
<Cov CovItemId="S103" Value="1"/>
<Cov CovItemId="S104" Value="4"/>
<Cov CovItemId="S105" Value="4"/>
<Cov CovItemId="S107" Value="4"/>
<Cov CovItemId="S108" Value="4"/>
<Cov CovItemId="S110" Value="4"/>
<Cov CovItemId="S111" Value="4"/>
<Cov CovItemId="S112" Value="1"/>
<Cov CovItemId="S113" Value="4"/>
<Cov CovItemId="S114" Value="2"/>
<Cov CovItemId="S115" Value="4"/>
<Cov CovItemId="S116" Value="4"/>
<Cov CovItemId="S117" Value="4"/>
<Cov CovItemId="S149" Value="4"/>
<Cov CovItemId="S191" Value="1"/>
<Cov CovItemId="S192" Value="1"/>
<Cov CovItemId="S193" Value="1"/>
<Cov CovItemId="S199" Value="1"/>
<Cov CovItemId="S2" Value="1"/>
<Cov CovItemId="S200" Value="1"/>
<Cov CovItemId="S201" Value="1"/>
<Cov CovItemId="S202" Value="1"/>
<Cov CovItemId="S203" Value="1"/>
<Cov CovItemId="S204" Value="1"/>
<Cov CovItemId="S221" Value="4"/>
<Cov CovItemId="S222" Value="4"/>
<Cov CovItemId="S223" Value="4"/>
<Cov CovItemId="S224" Value="4"/>
<Cov CovItemId="S225" Value="4"/>
<Cov CovItemId="S226" Value="4"/>
<Cov CovItemId="S227" Value="32"/>
<Cov CovItemId="S228" Value="256"/>
<Cov CovItemId="S229" Value="8"/>
<Cov CovItemId="S233" Value="8"/>
<Cov CovItemId="S234" Value="8"/>
<Cov CovItemId="S235" Value="8"/>
<Cov CovItemId="S236" Value="8"/>
<Cov CovItemId="S237" Value="4"/>
<Cov CovItemId="S239" Value="4"/>
<Cov CovItemId="S240" Value="4"/>
<Cov CovItemId="S251" Value="2"/>
<Cov CovItemId="S252" Value="2"/>
<Cov CovItemId="S262" Value="2"/>
<Cov CovItemId="S264" Value="2"/>
<Cov CovItemId="S266" Value="2"/>
<Cov CovItemId="S3" Value="1"/>
<Cov CovItemId="S4" Value="1"/>
<Cov CovItemId="S5" Value="1"/>
<Cov CovItemId="S99" Value="4"/>
</CovPrefix>
<CovPrefix CovItemPrefix="com.OriginalFiles.Board.java">
<Cov CovItemId="B1" Value="32"/>
<Cov CovItemId="B10" Value="8"/>
<Cov CovItemId="B2" Value="32"/>
<Cov CovItemId="B3" Value="12"/>
<Cov CovItemId="B31" Value="4"/>
<Cov CovItemId="B34" Value="4"/>
<Cov CovItemId="B36" Value="4"/>
<Cov CovItemId="B37" Value="4"/>
<Cov CovItemId="B4" Value="20"/>
<Cov CovItemId="B41" Value="21"/>
<Cov CovItemId="B43" Value="3"/>
<Cov CovItemId="B44" Value="8"/>
<Cov CovItemId="B45" Value="8"/>
<Cov CovItemId="B47" Value="8"/>
<Cov CovItemId="B5" Value="4"/>
<Cov CovItemId="B50" Value="8"/>
<Cov CovItemId="B55" Value="28"/>
<Cov CovItemId="B56" Value="28"/>
<Cov CovItemId="B57" Value="28"/>
<Cov CovItemId="B59" Value="28"/>
<Cov CovItemId="B6" Value="8"/>
<Cov CovItemId="B61" Value="5"/>
<Cov CovItemId="B62" Value="23"/>
<Cov CovItemId="B63" Value="160"/>
<Cov CovItemId="B64" Value="160"/>
<Cov CovItemId="B65" Value="11"/>
<Cov CovItemId="B66" Value="149"/>
<Cov CovItemId="B67" Value="10"/>
<Cov CovItemId="B68" Value="1"/>
<Cov CovItemId="B69" Value="1"/>
<Cov CovItemId="B7" Value="12"/>
<Cov CovItemId="B79" Value="1675"/>
<Cov CovItemId="B8" Value="20"/>
<Cov CovItemId="B81" Value="138"/>
<Cov CovItemId="B82" Value="1537"/>
<Cov CovItemId="B83" Value="79"/>
<Cov CovItemId="B84" Value="1801"/>
<Cov CovItemId="B85" Value="38"/>
<Cov CovItemId="B86" Value="1763"/>
<Cov CovItemId="B9" Value="4"/>
<Cov CovItemId="L1-2" Value="1"/>
<Cov CovItemId="L10-2" Value="80"/>
<Cov CovItemId="L13-2" Value="5"/>
<Cov CovItemId="L14-2" Value="40"/>
<Cov CovItemId="L2-2" Value="8"/>
<Cov CovItemId="L3-2" Value="1"/>
<Cov CovItemId="L4-2" Value="1"/>
<Cov CovItemId="L5-2" Value="1"/>
<Cov CovItemId="L6-2" Value="3"/>
<Cov CovItemId="L7-2" Value="1"/>
<Cov CovItemId="L8-2" Value="2"/>
<Cov CovItemId="L9-2" Value="10"/>
<Cov CovItemId="S1" Value="1"/>
<Cov CovItemId="S10" Value="1"/>
<Cov CovItemId="S101" Value="4"/>
<Cov CovItemId="S102" Value="4"/>
<Cov CovItemId="S104" Value="4"/>
<Cov CovItemId="S106" Value="4"/>
<Cov CovItemId="S107" Value="4"/>
<Cov CovItemId="S108" Value="4"/>
<Cov CovItemId="S109" Value="4"/>
<Cov CovItemId="S11" Value="8"/>
<Cov CovItemId="S115" Value="21"/>
<Cov CovItemId="S116" Value="21"/>
<Cov CovItemId="S118" Value="11"/>
<Cov CovItemId="S119" Value="11"/>
<Cov CovItemId="S12" Value="64"/>
<Cov CovItemId="S120" Value="3"/>
<Cov CovItemId="S121" Value="8"/>
<Cov CovItemId="S122" Value="8"/>
<Cov CovItemId="S123" Value="8"/>
<Cov CovItemId="S124" Value="8"/>
<Cov CovItemId="S125" Value="8"/>
<Cov CovItemId="S126" Value="8"/>
<Cov CovItemId="S127" Value="8"/>
<Cov CovItemId="S128" Value="8"/>
<Cov CovItemId="S13" Value="64"/>
<Cov CovItemId="S133" Value="8"/>
<Cov CovItemId="S134" Value="11"/>
<Cov CovItemId="S135" Value="56"/>
<Cov CovItemId="S136" Value="28"/>
<Cov CovItemId="S137" Value="28"/>
<Cov CovItemId="S138" Value="28"/>
<Cov CovItemId="S139" Value="28"/>
<Cov CovItemId="S14" Value="64"/>
<Cov CovItemId="S140" Value="5"/>
<Cov CovItemId="S141" Value="23"/>
<Cov CovItemId="S142" Value="40"/>
<Cov CovItemId="S143" Value="5"/>
<Cov CovItemId="S144" Value="5"/>
<Cov CovItemId="S145" Value="40"/>
<Cov CovItemId="S146" Value="320"/>
<Cov CovItemId="S147" Value="160"/>
<Cov CovItemId="S148" Value="11"/>
<Cov CovItemId="S149" Value="10"/>
<Cov CovItemId="S15" Value="64"/>
<Cov CovItemId="S150" Value="1"/>
<Cov CovItemId="S151" Value="5"/>
<Cov CovItemId="S152" Value="1"/>
<Cov CovItemId="S153" Value="1"/>
<Cov CovItemId="S154" Value="1"/>
<Cov CovItemId="S16" Value="32"/>
<Cov CovItemId="S17" Value="32"/>
<Cov CovItemId="S176" Value="1675"/>
<Cov CovItemId="S177" Value="1675"/>
<Cov CovItemId="S178" Value="138"/>
<Cov CovItemId="S179" Value="1537"/>
<Cov CovItemId="S18" Value="32"/>
<Cov CovItemId="S180" Value="1880"/>
<Cov CovItemId="S181" Value="79"/>
<Cov CovItemId="S182" Value="1801"/>
<Cov CovItemId="S183" Value="38"/>
<Cov CovItemId="S184" Value="1763"/>
<Cov CovItemId="S185" Value="5742"/>
<Cov CovItemId="S19" Value="12"/>
<Cov CovItemId="S2" Value="1"/>
<Cov CovItemId="S20" Value="12"/>
<Cov CovItemId="S21" Value="12"/>
<Cov CovItemId="S22" Value="4"/>
<Cov CovItemId="S23" Value="32"/>
<Cov CovItemId="S24" Value="12"/>
<Cov CovItemId="S25" Value="12"/>
<Cov CovItemId="S26" Value="12"/>
<Cov CovItemId="S27" Value="4"/>
<Cov CovItemId="S28" Value="32"/>
<Cov CovItemId="S29" Value="32"/>
<Cov CovItemId="S3" Value="1"/>
<Cov CovItemId="S30" Value="64"/>
<Cov CovItemId="S31" Value="1"/>
<Cov CovItemId="S32" Value="8"/>
<Cov CovItemId="S33" Value="8"/>
<Cov CovItemId="S34" Value="8"/>
<Cov CovItemId="S35" Value="8"/>
<Cov CovItemId="S36" Value="8"/>
<Cov CovItemId="S37" Value="8"/>
<Cov CovItemId="S38" Value="8"/>
<Cov CovItemId="S39" Value="8"/>
<Cov CovItemId="S4" Value="1"/>
<Cov CovItemId="S40" Value="1"/>
<Cov CovItemId="S41" Value="8"/>
<Cov CovItemId="S42" Value="8"/>
<Cov CovItemId="S43" Value="8"/>
<Cov CovItemId="S44" Value="8"/>
<Cov CovItemId="S45" Value="8"/>
<Cov CovItemId="S46" Value="8"/>
<Cov CovItemId="S47" Value="8"/>
<Cov CovItemId="S48" Value="8"/>
<Cov CovItemId="S49" Value="1"/>
<Cov CovItemId="S5" Value="1"/>
<Cov CovItemId="S50" Value="3"/>
<Cov CovItemId="S51" Value="24"/>
<Cov CovItemId="S52" Value="24"/>
<Cov CovItemId="S53" Value="24"/>
<Cov CovItemId="S54" Value="24"/>
<Cov CovItemId="S55" Value="1"/>
<Cov CovItemId="S56" Value="2"/>
<Cov CovItemId="S57" Value="16"/>
<Cov CovItemId="S58" Value="16"/>
<Cov CovItemId="S59" Value="16"/>
<Cov CovItemId="S6" Value="1"/>
<Cov CovItemId="S60" Value="16"/>
<Cov CovItemId="S61" Value="10"/>
<Cov CovItemId="S62" Value="80"/>
<Cov CovItemId="S63" Value="640"/>
<Cov CovItemId="S7" Value="1"/>
<Cov CovItemId="S8" Value="1"/>
<Cov CovItemId="S9" Value="1"/>
<Cov CovItemId="S98" Value="4"/>
<Cov CovItemId="S99" Value="4"/>
</CovPrefix>
<CovPrefix CovItemPrefix="com.OriginalFiles.Field.java">
<Cov CovItemId="B1" Value="49"/>
<Cov CovItemId="B2" Value="10"/>
<Cov CovItemId="S1" Value="120"/>
<Cov CovItemId="S13" Value="68"/>
<Cov CovItemId="S2" Value="120"/>
<Cov CovItemId="S5" Value="59"/>
<Cov CovItemId="S6" Value="59"/>
<Cov CovItemId="S7" Value="49"/>
<Cov CovItemId="S8" Value="413"/>
<Cov CovItemId="S9" Value="2217"/>
</CovPrefix>
<CovPrefix CovItemPrefix="com.OriginalFiles.MI.java">
<Cov CovItemId="B1" Value="1"/>
<Cov CovItemId="B10" Value="1"/>
<Cov CovItemId="B11" Value="1"/>
<Cov CovItemId="B13" Value="2"/>
<Cov CovItemId="B17" Value="2"/>
<Cov CovItemId="B20" Value="2"/>
<Cov CovItemId="B22" Value="2"/>
<Cov CovItemId="B3" Value="27"/>
<Cov CovItemId="B30" Value="2"/>
<Cov CovItemId="B32" Value="2"/>
<Cov CovItemId="B33" Value="2"/>
<Cov CovItemId="B35" Value="2"/>
<Cov CovItemId="B37" Value="2"/>
<Cov CovItemId="B39" Value="2"/>
<Cov CovItemId="B4" Value="101"/>
<Cov CovItemId="B41" Value="2"/>
<Cov CovItemId="B44" Value="2"/>
<Cov CovItemId="B49" Value="2"/>
<Cov CovItemId="B5" Value="14"/>
<Cov CovItemId="B51" Value="3"/>
<Cov CovItemId="B52" Value="61"/>
<Cov CovItemId="B53" Value="2"/>
<Cov CovItemId="B54" Value="1"/>
<Cov CovItemId="B55" Value="2"/>
<Cov CovItemId="B57" Value="2"/>
<Cov CovItemId="B6" Value="13"/>
<Cov CovItemId="B61" Value="1"/>
<Cov CovItemId="B8" Value="1"/>
<Cov CovItemId="B9" Value="1"/>
<Cov CovItemId="L1-2" Value="2"/>
<Cov CovItemId="L10-2" Value="1"/>
<Cov CovItemId="L11-2" Value="8"/>
<Cov CovItemId="L12-1" Value="2"/>
<Cov CovItemId="L2-2" Value="16"/>
<Cov CovItemId="L3-2" Value="1"/>
<Cov CovItemId="L5-2" Value="2"/>
<Cov CovItemId="L6-0" Value="2"/>
<Cov CovItemId="L7-1" Value="2"/>
<Cov CovItemId="L8-1" Value="2"/>
<Cov CovItemId="L9-1" Value="2"/>
<Cov CovItemId="S1" Value="1"/>
<Cov CovItemId="S10" Value="1"/>
<Cov CovItemId="S100" Value="2"/>
<Cov CovItemId="S101" Value="2"/>
<Cov CovItemId="S102" Value="2"/>
<Cov CovItemId="S103" Value="2"/>
<Cov CovItemId="S104" Value="2"/>
<Cov CovItemId="S105" Value="2"/>
<Cov CovItemId="S106" Value="2"/>
<Cov CovItemId="S107" Value="2"/>
<Cov CovItemId="S108" Value="2"/>
<Cov CovItemId="S109" Value="2"/>
<Cov CovItemId="S11" Value="1"/>
<Cov CovItemId="S115" Value="2"/>
<Cov CovItemId="S116" Value="2"/>
<Cov CovItemId="S117" Value="2"/>
<Cov CovItemId="S118" Value="2"/>
<Cov CovItemId="S119" Value="2"/>
<Cov CovItemId="S12" Value="1"/>
<Cov CovItemId="S120" Value="2"/>
<Cov CovItemId="S122" Value="2"/>
<Cov CovItemId="S123" Value="1"/>
<Cov CovItemId="S124" Value="1"/>
<Cov CovItemId="S125" Value="1"/>
<Cov CovItemId="S126" Value="1"/>
<Cov CovItemId="S127" Value="8"/>
<Cov CovItemId="S128" Value="64"/>
<Cov CovItemId="S129" Value="3"/>
<Cov CovItemId="S130" Value="2"/>
<Cov CovItemId="S131" Value="2"/>
<Cov CovItemId="S132" Value="2"/>
<Cov CovItemId="S133" Value="2"/>
<Cov CovItemId="S134" Value="2"/>
<Cov CovItemId="S14" Value="1"/>
<Cov CovItemId="S140" Value="1"/>
<Cov CovItemId="S141" Value="1"/>
<Cov CovItemId="S15" Value="1"/>
<Cov CovItemId="S16" Value="2"/>
<Cov CovItemId="S17" Value="2"/>
<Cov CovItemId="S18" Value="2"/>
<Cov CovItemId="S19" Value="16"/>
<Cov CovItemId="S2" Value="1"/>
<Cov CovItemId="S20" Value="128"/>
<Cov CovItemId="S21" Value="27"/>
<Cov CovItemId="S22" Value="14"/>
<Cov CovItemId="S23" Value="13"/>
<Cov CovItemId="S24" Value="1"/>
<Cov CovItemId="S25" Value="1"/>
<Cov CovItemId="S26" Value="1"/>
<Cov CovItemId="S27" Value="1"/>
<Cov CovItemId="S28" Value="1"/>
<Cov CovItemId="S3" Value="1"/>
<Cov CovItemId="S30" Value="1"/>
<Cov CovItemId="S31" Value="2"/>
<Cov CovItemId="S32" Value="2"/>
<Cov CovItemId="S33" Value="2"/>
<Cov CovItemId="S34" Value="2"/>
<Cov CovItemId="S35" Value="1"/>
<Cov CovItemId="S36" Value="1"/>
<Cov CovItemId="S37" Value="1"/>
<Cov CovItemId="S38" Value="1"/>
<Cov CovItemId="S39" Value="1"/>
<Cov CovItemId="S4" Value="1"/>
<Cov CovItemId="S40" Value="1"/>
<Cov CovItemId="S41" Value="2"/>
<Cov CovItemId="S42" Value="2"/>
<Cov CovItemId="S5" Value="1"/>
<Cov CovItemId="S54" Value="2"/>
<Cov CovItemId="S55" Value="2"/>
<Cov CovItemId="S56" Value="2"/>
<Cov CovItemId="S57" Value="2"/>
<Cov CovItemId="S58" Value="2"/>
<Cov CovItemId="S59" Value="2"/>
<Cov CovItemId="S6" Value="1"/>
<Cov CovItemId="S61" Value="2"/>
<Cov CovItemId="S62" Value="2"/>
<Cov CovItemId="S63" Value="2"/>
<Cov CovItemId="S64" Value="4"/>
<Cov CovItemId="S65" Value="2"/>
<Cov CovItemId="S67" Value="2"/>
<Cov CovItemId="S68" Value="2"/>
<Cov CovItemId="S7" Value="1"/>
<Cov CovItemId="S71" Value="2"/>
<Cov CovItemId="S72" Value="2"/>
<Cov CovItemId="S8" Value="1"/>
<Cov CovItemId="S80" Value="2"/>
<Cov CovItemId="S81" Value="2"/>
<Cov CovItemId="S83" Value="2"/>
<Cov CovItemId="S84" Value="2"/>
<Cov CovItemId="S86" Value="2"/>
<Cov CovItemId="S87" Value="2"/>
<Cov CovItemId="S88" Value="2"/>
<Cov CovItemId="S89" Value="2"/>
<Cov CovItemId="S9" Value="1"/>
<Cov CovItemId="S90" Value="2"/>
<Cov CovItemId="S91" Value="2"/>
<Cov CovItemId="S92" Value="2"/>
<Cov CovItemId="S93" Value="2"/>
<Cov CovItemId="S94" Value="2"/>
<Cov CovItemId="S95" Value="2"/>
<Cov CovItemId="S97" Value="2"/>
<Cov CovItemId="S98" Value="2"/>
<Cov CovItemId="S99" Value="2"/>
</CovPrefix>
<CovPrefix CovItemPrefix="com.OriginalFiles.Move.java">
<Cov CovItemId="S1" Value="2"/>
<Cov CovItemId="S2" Value="2"/>
<Cov CovItemId="S8" Value="2"/>
<Cov CovItemId="S9" Value="2"/>
</CovPrefix>
<CovPrefix CovItemPrefix="com.OriginalFiles.Piece.java">
<Cov CovItemId="B10" Value="15"/>
<Cov CovItemId="B11" Value="37"/>
<Cov CovItemId="B12" Value="16"/>
<Cov CovItemId="B14" Value="37"/>
<Cov CovItemId="B15" Value="33"/>
<Cov CovItemId="B16" Value="4"/>
<Cov CovItemId="B17" Value="4"/>
<Cov CovItemId="B18" Value="33"/>
<Cov CovItemId="B19" Value="4"/>
<Cov CovItemId="B2" Value="49"/>
<Cov CovItemId="B21" Value="4"/>
<Cov CovItemId="B24" Value="4"/>
<Cov CovItemId="B26" Value="4"/>
<Cov CovItemId="B34" Value="37"/>
<Cov CovItemId="B35" Value="8"/>
<Cov CovItemId="B36" Value="29"/>
<Cov CovItemId="B37" Value="8"/>
<Cov CovItemId="B40" Value="37"/>
<Cov CovItemId="B44" Value="4"/>
<Cov CovItemId="B46" Value="4"/>
<Cov CovItemId="B47" Value="8"/>
<Cov CovItemId="B49" Value="8"/>
<Cov CovItemId="B5" Value="37"/>
<Cov CovItemId="B51" Value="32"/>
<Cov CovItemId="B54" Value="32"/>
<Cov CovItemId="B6" Value="16"/>
<Cov CovItemId="B69" Value="1554"/>
<Cov CovItemId="B7" Value="4"/>
<Cov CovItemId="B70" Value="2318"/>
<Cov CovItemId="B72" Value="1554"/>
<Cov CovItemId="B9" Value="18"/>
<Cov CovItemId="L1-2" Value="4"/>
<Cov CovItemId="L2-2" Value="32"/>
<Cov CovItemId="L3-2" Value="320"/>
<Cov CovItemId="S1" Value="40"/>
<Cov CovItemId="S10" Value="40"/>
<Cov CovItemId="S11" Value="40"/>
<Cov CovItemId="S118" Value="32"/>
<Cov CovItemId="S119" Value="4"/>
<Cov CovItemId="S12" Value="40"/>
<Cov CovItemId="S120" Value="4"/>
<Cov CovItemId="S121" Value="4"/>
<Cov CovItemId="S122" Value="32"/>
<Cov CovItemId="S123" Value="32"/>
<Cov CovItemId="S124" Value="320"/>
<Cov CovItemId="S125" Value="3872"/>
<Cov CovItemId="S126" Value="1554"/>
<Cov CovItemId="S129" Value="4"/>
<Cov CovItemId="S13" Value="40"/>
<Cov CovItemId="S14" Value="40"/>
<Cov CovItemId="S15" Value="40"/>
<Cov CovItemId="S16" Value="40"/>
<Cov CovItemId="S17" Value="40"/>
<Cov CovItemId="S18" Value="40"/>
<Cov CovItemId="S19" Value="40"/>
<Cov CovItemId="S2" Value="40"/>
<Cov CovItemId="S20" Value="40"/>
<Cov CovItemId="S21" Value="40"/>
<Cov CovItemId="S22" Value="2"/>
<Cov CovItemId="S23" Value="2"/>
<Cov CovItemId="S24" Value="49"/>
<Cov CovItemId="S25" Value="49"/>
<Cov CovItemId="S26" Value="49"/>
<Cov CovItemId="S3" Value="40"/>
<Cov CovItemId="S30" Value="49"/>
<Cov CovItemId="S31" Value="49"/>
<Cov CovItemId="S32" Value="53"/>
<Cov CovItemId="S33" Value="37"/>
<Cov CovItemId="S34" Value="16"/>
<Cov CovItemId="S35" Value="16"/>
<Cov CovItemId="S36" Value="4"/>
<Cov CovItemId="S37" Value="4"/>
<Cov CovItemId="S38" Value="4"/>
<Cov CovItemId="S39" Value="33"/>
<Cov CovItemId="S4" Value="40"/>
<Cov CovItemId="S40" Value="18"/>
<Cov CovItemId="S41" Value="15"/>
<Cov CovItemId="S42" Value="49"/>
<Cov CovItemId="S43" Value="53"/>
<Cov CovItemId="S44" Value="37"/>
<Cov CovItemId="S45" Value="37"/>
<Cov CovItemId="S46" Value="37"/>
<Cov CovItemId="S48" Value="37"/>
<Cov CovItemId="S49" Value="33"/>
<Cov CovItemId="S5" Value="40"/>
<Cov CovItemId="S50" Value="37"/>
<Cov CovItemId="S51" Value="4"/>
<Cov CovItemId="S52" Value="4"/>
<Cov CovItemId="S53" Value="4"/>
<Cov CovItemId="S54" Value="4"/>
<Cov CovItemId="S55" Value="4"/>
<Cov CovItemId="S57" Value="4"/>
<Cov CovItemId="S58" Value="4"/>
<Cov CovItemId="S6" Value="40"/>
<Cov CovItemId="S65" Value="37"/>
<Cov CovItemId="S67" Value="37"/>
<Cov CovItemId="S68" Value="8"/>
<Cov CovItemId="S69" Value="8"/>
<Cov CovItemId="S7" Value="40"/>
<Cov CovItemId="S70" Value="8"/>
<Cov CovItemId="S71" Value="37"/>
<Cov CovItemId="S73" Value="37"/>
<Cov CovItemId="S77" Value="4"/>
<Cov CovItemId="S78" Value="4"/>
<Cov CovItemId="S79" Value="4"/>
<Cov CovItemId="S8" Value="40"/>
<Cov CovItemId="S81" Value="4"/>
<Cov CovItemId="S82" Value="4"/>
<Cov CovItemId="S83" Value="4"/>
<Cov CovItemId="S86" Value="4"/>
<Cov CovItemId="S87" Value="8"/>
<Cov CovItemId="S88" Value="8"/>
<Cov CovItemId="S89" Value="8"/>
<Cov CovItemId="S9" Value="40"/>
<Cov CovItemId="S90" Value="8"/>
<Cov CovItemId="S91" Value="8"/>
<Cov CovItemId="S92" Value="8"/>
<Cov CovItemId="S93" Value="8"/>
<Cov CovItemId="S94" Value="8"/>
<Cov CovItemId="S95" Value="8"/>
<Cov CovItemId="S97" Value="32"/>
<Cov CovItemId="S98" Value="32"/>
<Cov CovItemId="S99" Value="32"/>
</CovPrefix>
<CovPrefix CovItemPrefix="com.OriginalFiles.RemoteNXTFunctions.java">
<Cov CovItemId="B5" Value="1"/>
<Cov CovItemId="B7" Value="1"/>
<Cov CovItemId="S1" Value="1"/>
<Cov CovItemId="S162" Value="1"/>
<Cov CovItemId="S19" Value="1"/>
<Cov CovItemId="S2" Value="1"/>
<Cov CovItemId="S20" Value="1"/>
<Cov CovItemId="S21" Value="1"/>
<Cov CovItemId="S22" Value="1"/>
<Cov CovItemId="S3" Value="1"/>
</CovPrefix>
</CovList>
<AssgnmntList>
<AssgnmntPrefix RootTermCovItemPrefix="com.OriginalFiles.Analyze.java">
<AssgnmntListEntry Length="1" RootTermCovItemId="C34">
<MapEntry BoolAssgnmnt="0" Value="3"/>
<MapEntry BoolAssgnmnt="1" Value="1"/>
</AssgnmntListEntry>
<AssgnmntListEntry Length="1" RootTermCovItemId="C35">
<MapEntry BoolAssgnmnt="0" Value="4"/>
</AssgnmntListEntry>
<AssgnmntListEntry Length="1" RootTermCovItemId="C36">
<MapEntry BoolAssgnmnt="0" Value="4"/>
</AssgnmntListEntry>
<AssgnmntListEntry Length="1" RootTermCovItemId="C37">
<MapEntry BoolAssgnmnt="0" Value="3"/>
<MapEntry BoolAssgnmnt="1" Value="1"/>
</AssgnmntListEntry>
<AssgnmntListEntry Length="1" RootTermCovItemId="C38">
<MapEntry BoolAssgnmnt="0" Value="2"/>
<MapEntry BoolAssgnmnt="1" Value="2"/>
</AssgnmntListEntry>
<AssgnmntListEntry Length="1" RootTermCovItemId="C39">
<MapEntry BoolAssgnmnt="0" Value="4"/>
<MapEntry BoolAssgnmnt="1" Value="4"/>
</AssgnmntListEntry>
<AssgnmntListEntry Length="1" RootTermCovItemId="C49">
<MapEntry BoolAssgnmnt="0" Value="4"/>
</AssgnmntListEntry>
<AssgnmntListEntry Length="1" RootTermCovItemId="C64">
<MapEntry BoolAssgnmnt="1" Value="1"/>
</AssgnmntListEntry>
<AssgnmntListEntry Length="6" RootTermCovItemId="C66">
<MapEntry BoolAssgnmnt="111111" Value="1"/>
</AssgnmntListEntry>
<AssgnmntListEntry Length="1" RootTermCovItemId="C70">
<MapEntry BoolAssgnmnt="0" Value="8"/>
<MapEntry BoolAssgnmnt="1" Value="248"/>
</AssgnmntListEntry>
<AssgnmntListEntry Length="1" RootTermCovItemId="C71">
<MapEntry BoolAssgnmnt="0" Value="8"/>
</AssgnmntListEntry>
<AssgnmntListEntry Length="1" RootTermCovItemId="C73">
<MapEntry BoolAssgnmnt="1" Value="8"/>
</AssgnmntListEntry>
<AssgnmntListEntry Length="1" RootTermCovItemId="C74">
<MapEntry BoolAssgnmnt="1" Value="8"/>
</AssgnmntListEntry>
<AssgnmntListEntry Length="3" RootTermCovItemId="C75">
<MapEntry BoolAssgnmnt="012" Value="4"/>
</AssgnmntListEntry>
<AssgnmntListEntry Length="3" RootTermCovItemId="C76">
<MapEntry BoolAssgnmnt="122" Value="4"/>
</AssgnmntListEntry>
<AssgnmntListEntry Length="1" RootTermCovItemId="C82">
<MapEntry BoolAssgnmnt="0" Value="2"/>
</AssgnmntListEntry>
<AssgnmntListEntry Length="2" RootTermCovItemId="C88">
<MapEntry BoolAssgnmnt="12" Value="2"/>
</AssgnmntListEntry>
<AssgnmntListEntry Length="2" RootTermCovItemId="C89">
<MapEntry BoolAssgnmnt="10" Value="2"/>
</AssgnmntListEntry>
</AssgnmntPrefix>
<AssgnmntPrefix RootTermCovItemPrefix="com.OriginalFiles.Board.java">
<AssgnmntListEntry Length="1" RootTermCovItemId="C1">
<MapEntry BoolAssgnmnt="0" Value="1"/>
<MapEntry BoolAssgnmnt="1" Value="8"/>
</AssgnmntListEntry>
<AssgnmntListEntry Length="1" RootTermCovItemId="C10">
<MapEntry BoolAssgnmnt="0" Value="1"/>
<MapEntry BoolAssgnmnt="1" Value="3"/>
</AssgnmntListEntry>
<AssgnmntListEntry Length="1" RootTermCovItemId="C11">
<MapEntry BoolAssgnmnt="0" Value="3"/>
<MapEntry BoolAssgnmnt="1" Value="24"/>
</AssgnmntListEntry>
<AssgnmntListEntry Length="1" RootTermCovItemId="C12">
<MapEntry BoolAssgnmnt="0" Value="1"/>
<MapEntry BoolAssgnmnt="1" Value="2"/>
</AssgnmntListEntry>
<AssgnmntListEntry Length="1" RootTermCovItemId="C13">
<MapEntry BoolAssgnmnt="0" Value="2"/>
<MapEntry BoolAssgnmnt="1" Value="16"/>
</AssgnmntListEntry>
<AssgnmntListEntry Length="1" RootTermCovItemId="C2">
<MapEntry BoolAssgnmnt="0" Value="8"/>
<MapEntry BoolAssgnmnt="1" Value="64"/>
</AssgnmntListEntry>
<AssgnmntListEntry Length="1" RootTermCovItemId="C26">
<MapEntry BoolAssgnmnt="0" Value="4"/>
</AssgnmntListEntry>
<AssgnmntListEntry Length="1" RootTermCovItemId="C27">
<MapEntry BoolAssgnmnt="0" Value="4"/>
</AssgnmntListEntry>
<AssgnmntListEntry Length="2" RootTermCovItemId="C28">
<MapEntry BoolAssgnmnt="02" Value="4"/>
</AssgnmntListEntry>
<AssgnmntListEntry Length="1" RootTermCovItemId="C29">
<MapEntry BoolAssgnmnt="1" Value="4"/>
</AssgnmntListEntry>
<AssgnmntListEntry Length="1" RootTermCovItemId="C3">
<MapEntry BoolAssgnmnt="0" Value="32"/>
<MapEntry BoolAssgnmnt="1" Value="32"/>
</AssgnmntListEntry>
<AssgnmntListEntry Length="1" RootTermCovItemId="C31">
<MapEntry BoolAssgnmnt="1" Value="21"/>
</AssgnmntListEntry>
<AssgnmntListEntry Length="1" RootTermCovItemId="C32">
<MapEntry BoolAssgnmnt="0" Value="8"/>
<MapEntry BoolAssgnmnt="1" Value="3"/>
</AssgnmntListEntry>
<AssgnmntListEntry Length="1" RootTermCovItemId="C33">
<MapEntry BoolAssgnmnt="0" Value="8"/>
</AssgnmntListEntry>
<AssgnmntListEntry Length="1" RootTermCovItemId="C34">
<MapEntry BoolAssgnmnt="0" Value="8"/>
</AssgnmntListEntry>
<AssgnmntListEntry Length="1" RootTermCovItemId="C35">
<MapEntry BoolAssgnmnt="0" Value="8"/>
</AssgnmntListEntry>
<AssgnmntListEntry Length="5" RootTermCovItemId="C38">
<MapEntry BoolAssgnmnt="02002" Value="1"/>
<MapEntry BoolAssgnmnt="10122" Value="27"/>
<MapEntry BoolAssgnmnt="11220" Value="28"/>
</AssgnmntListEntry>
<AssgnmntListEntry Length="1" RootTermCovItemId="C39">
<MapEntry BoolAssgnmnt="1" Value="28"/>
</AssgnmntListEntry>
<AssgnmntListEntry Length="1" RootTermCovItemId="C4">
<MapEntry BoolAssgnmnt="0" Value="20"/>
<MapEntry BoolAssgnmnt="1" Value="12"/>
</AssgnmntListEntry>
<AssgnmntListEntry Length="1" RootTermCovItemId="C40">
<MapEntry BoolAssgnmnt="0" Value="28"/>
</AssgnmntListEntry>
<AssgnmntListEntry Length="2" RootTermCovItemId="C41">
<MapEntry BoolAssgnmnt="10" Value="5"/>
<MapEntry BoolAssgnmnt="02" Value="23"/>
</AssgnmntListEntry>
<AssgnmntListEntry Length="1" RootTermCovItemId="C42">
<MapEntry BoolAssgnmnt="0" Value="160"/>
<MapEntry BoolAssgnmnt="1" Value="160"/>
</AssgnmntListEntry>
<AssgnmntListEntry Length="1" RootTermCovItemId="C43">
<MapEntry BoolAssgnmnt="0" Value="149"/>
<MapEntry BoolAssgnmnt="1" Value="11"/>
</AssgnmntListEntry>
<AssgnmntListEntry Length="1" RootTermCovItemId="C44">
<MapEntry BoolAssgnmnt="0" Value="1"/>
<MapEntry BoolAssgnmnt="1" Value="10"/>
</AssgnmntListEntry>
<AssgnmntListEntry Length="1" RootTermCovItemId="C45">
<MapEntry BoolAssgnmnt="1" Value="1"/>
</AssgnmntListEntry>
<AssgnmntListEntry Length="1" RootTermCovItemId="C5">
<MapEntry BoolAssgnmnt="0" Value="8"/>
<MapEntry BoolAssgnmnt="1" Value="4"/>
</AssgnmntListEntry>
<AssgnmntListEntry Length="1" RootTermCovItemId="C53">
<MapEntry BoolAssgnmnt="1" Value="1675"/>
</AssgnmntListEntry>
<AssgnmntListEntry Length="1" RootTermCovItemId="C54">
<MapEntry BoolAssgnmnt="0" Value="138"/>
<MapEntry BoolAssgnmnt="1" Value="1537"/>
</AssgnmntListEntry>
<AssgnmntListEntry Length="3" RootTermCovItemId="C55">
<MapEntry BoolAssgnmnt="002" Value="79"/>
<MapEntry BoolAssgnmnt="120" Value="79"/>
<MapEntry BoolAssgnmnt="121" Value="1722"/>
</AssgnmntListEntry>
<AssgnmntListEntry Length="3" RootTermCovItemId="C56">
<MapEntry BoolAssgnmnt="002" Value="1722"/>
<MapEntry BoolAssgnmnt="120" Value="41"/>
<MapEntry BoolAssgnmnt="121" Value="38"/>
</AssgnmntListEntry>
<AssgnmntListEntry Length="1" RootTermCovItemId="C6">
<MapEntry BoolAssgnmnt="0" Value="20"/>
<MapEntry BoolAssgnmnt="1" Value="12"/>
</AssgnmntListEntry>
<AssgnmntListEntry Length="1" RootTermCovItemId="C7">
<MapEntry BoolAssgnmnt="0" Value="8"/>
<MapEntry BoolAssgnmnt="1" Value="4"/>
</AssgnmntListEntry>
<AssgnmntListEntry Length="1" RootTermCovItemId="C8">
<MapEntry BoolAssgnmnt="0" Value="1"/>
<MapEntry BoolAssgnmnt="1" Value="8"/>
</AssgnmntListEntry>
<AssgnmntListEntry Length="1" RootTermCovItemId="C9">
<MapEntry BoolAssgnmnt="0" Value="1"/>
<MapEntry BoolAssgnmnt="1" Value="8"/>
</AssgnmntListEntry>
</AssgnmntPrefix>
<AssgnmntPrefix RootTermCovItemPrefix="com.OriginalFiles.Field.java">
<AssgnmntListEntry Length="1" RootTermCovItemId="C1">
<MapEntry BoolAssgnmnt="0" Value="49"/>
<MapEntry BoolAssgnmnt="1" Value="10"/>
</AssgnmntListEntry>
</AssgnmntPrefix>
<AssgnmntPrefix RootTermCovItemPrefix="com.OriginalFiles.MI.java">
<AssgnmntListEntry Length="1" RootTermCovItemId="C1">
<MapEntry BoolAssgnmnt="1" Value="1"/>
</AssgnmntListEntry>
<AssgnmntListEntry Length="1" RootTermCovItemId="C10">
<MapEntry BoolAssgnmnt="1" Value="2"/>
</AssgnmntListEntry>
<AssgnmntListEntry Length="1" RootTermCovItemId="C11">
<MapEntry BoolAssgnmnt="0" Value="2"/>
<MapEntry BoolAssgnmnt="1" Value="4"/>
</AssgnmntListEntry>
<AssgnmntListEntry Length="1" RootTermCovItemId="C12">
<MapEntry BoolAssgnmnt="0" Value="2"/>
</AssgnmntListEntry>
<AssgnmntListEntry Length="1" RootTermCovItemId="C15">
<MapEntry BoolAssgnmnt="0" Value="2"/>
</AssgnmntListEntry>
<AssgnmntListEntry Length="1" RootTermCovItemId="C16">
<MapEntry BoolAssgnmnt="0" Value="2"/>
</AssgnmntListEntry>
<AssgnmntListEntry Length="1" RootTermCovItemId="C17">
<MapEntry BoolAssgnmnt="1" Value="2"/>
</AssgnmntListEntry>
<AssgnmntListEntry Length="1" RootTermCovItemId="C18">
<MapEntry BoolAssgnmnt="0" Value="2"/>
<MapEntry BoolAssgnmnt="1" Value="2"/>
</AssgnmntListEntry>
<AssgnmntListEntry Length="1" RootTermCovItemId="C19">
<MapEntry BoolAssgnmnt="1" Value="2"/>
</AssgnmntListEntry>
<AssgnmntListEntry Length="1" RootTermCovItemId="C2">
<MapEntry BoolAssgnmnt="0" Value="27"/>
<MapEntry BoolAssgnmnt="1" Value="101"/>
</AssgnmntListEntry>
<AssgnmntListEntry Length="1" RootTermCovItemId="C20">
<MapEntry BoolAssgnmnt="1" Value="2"/>
</AssgnmntListEntry>
<AssgnmntListEntry Length="1" RootTermCovItemId="C21">
<MapEntry BoolAssgnmnt="1" Value="2"/>
</AssgnmntListEntry>
<AssgnmntListEntry Length="1" RootTermCovItemId="C22">
<MapEntry BoolAssgnmnt="0" Value="2"/>
<MapEntry BoolAssgnmnt="1" Value="2"/>
</AssgnmntListEntry>
<AssgnmntListEntry Length="1" RootTermCovItemId="C23">
<MapEntry BoolAssgnmnt="0" Value="2"/>
</AssgnmntListEntry>
<AssgnmntListEntry Length="2" RootTermCovItemId="C24">
<MapEntry BoolAssgnmnt="02" Value="2"/>
</AssgnmntListEntry>
<AssgnmntListEntry Length="1" RootTermCovItemId="C27">
<MapEntry BoolAssgnmnt="0" Value="2"/>
<MapEntry BoolAssgnmnt="1" Value="2"/>
</AssgnmntListEntry>
<AssgnmntListEntry Length="1" RootTermCovItemId="C28">
<MapEntry BoolAssgnmnt="1" Value="2"/>
</AssgnmntListEntry>
<AssgnmntListEntry Length="1" RootTermCovItemId="C29">
<MapEntry BoolAssgnmnt="0" Value="3"/>
<MapEntry BoolAssgnmnt="1" Value="61"/>
</AssgnmntListEntry>
<AssgnmntListEntry Length="1" RootTermCovItemId="C3">
<MapEntry BoolAssgnmnt="0" Value="13"/>
<MapEntry BoolAssgnmnt="1" Value="14"/>
</AssgnmntListEntry>
<AssgnmntListEntry Length="2" RootTermCovItemId="C30">
<MapEntry BoolAssgnmnt="10" Value="1"/>
<MapEntry BoolAssgnmnt="11" Value="2"/>
</AssgnmntListEntry>
<AssgnmntListEntry Length="1" RootTermCovItemId="C31">
<MapEntry BoolAssgnmnt="1" Value="2"/>
</AssgnmntListEntry>
<AssgnmntListEntry Length="1" RootTermCovItemId="C32">
<MapEntry BoolAssgnmnt="1" Value="2"/>
</AssgnmntListEntry>
<AssgnmntListEntry Length="1" RootTermCovItemId="C34">
<MapEntry BoolAssgnmnt="1" Value="1"/>
</AssgnmntListEntry>
<AssgnmntListEntry Length="1" RootTermCovItemId="C4">
<MapEntry BoolAssgnmnt="0" Value="1"/>
</AssgnmntListEntry>
<AssgnmntListEntry Length="1" RootTermCovItemId="C5">
<MapEntry BoolAssgnmnt="0" Value="1"/>
<MapEntry BoolAssgnmnt="1" Value="1"/>
</AssgnmntListEntry>
<AssgnmntListEntry Length="1" RootTermCovItemId="C6">
<MapEntry BoolAssgnmnt="1" Value="1"/>
</AssgnmntListEntry>
<AssgnmntListEntry Length="2" RootTermCovItemId="C7">
<MapEntry BoolAssgnmnt="01" Value="2"/>
</AssgnmntListEntry>
<AssgnmntListEntry Length="1" RootTermCovItemId="C9">
<MapEntry BoolAssgnmnt="1" Value="2"/>
</AssgnmntListEntry>
</AssgnmntPrefix>
<AssgnmntPrefix RootTermCovItemPrefix="com.OriginalFiles.Piece.java">
<AssgnmntListEntry Length="2" RootTermCovItemId="C1">
<MapEntry BoolAssgnmnt="10" Value="33"/>
<MapEntry BoolAssgnmnt="02" Value="16"/>
</AssgnmntListEntry>
<AssgnmntListEntry Length="1" RootTermCovItemId="C10">
<MapEntry BoolAssgnmnt="1" Value="4"/>
</AssgnmntListEntry>
<AssgnmntListEntry Length="1" RootTermCovItemId="C11">
<MapEntry BoolAssgnmnt="0" Value="4"/>
</AssgnmntListEntry>
<AssgnmntListEntry Length="1" RootTermCovItemId="C12">
<MapEntry BoolAssgnmnt="0" Value="4"/>
</AssgnmntListEntry>
<AssgnmntListEntry Length="1" RootTermCovItemId="C13">
<MapEntry BoolAssgnmnt="0" Value="4"/>
</AssgnmntListEntry>
<AssgnmntListEntry Length="5" RootTermCovItemId="C17">
<MapEntry BoolAssgnmnt="00210" Value="22"/>
<MapEntry BoolAssgnmnt="01002" Value="15"/>
</AssgnmntListEntry>
<AssgnmntListEntry Length="5" RootTermCovItemId="C18">
<MapEntry BoolAssgnmnt="00210" Value="18"/>
<MapEntry BoolAssgnmnt="00211" Value="4"/>
<MapEntry BoolAssgnmnt="01002" Value="11"/>
<MapEntry BoolAssgnmnt="01122" Value="4"/>
</AssgnmntListEntry>
<AssgnmntListEntry Length="1" RootTermCovItemId="C19">
<MapEntry BoolAssgnmnt="1" Value="8"/>
</AssgnmntListEntry>
<AssgnmntListEntry Length="1" RootTermCovItemId="C20">
<MapEntry BoolAssgnmnt="0" Value="37"/>
</AssgnmntListEntry>
<AssgnmntListEntry Length="1" RootTermCovItemId="C22">
<MapEntry BoolAssgnmnt="0" Value="4"/>
</AssgnmntListEntry>
<AssgnmntListEntry Length="1" RootTermCovItemId="C23">
<MapEntry BoolAssgnmnt="0" Value="4"/>
</AssgnmntListEntry>
<AssgnmntListEntry Length="1" RootTermCovItemId="C24">
<MapEntry BoolAssgnmnt="1" Value="8"/>
</AssgnmntListEntry>
<AssgnmntListEntry Length="1" RootTermCovItemId="C25">
<MapEntry BoolAssgnmnt="1" Value="8"/>
</AssgnmntListEntry>
<AssgnmntListEntry Length="1" RootTermCovItemId="C26">
<MapEntry BoolAssgnmnt="1" Value="32"/>
</AssgnmntListEntry>
<AssgnmntListEntry Length="1" RootTermCovItemId="C27">
<MapEntry BoolAssgnmnt="0" Value="32"/>
</AssgnmntListEntry>
<AssgnmntListEntry Length="1" RootTermCovItemId="C3">
<MapEntry BoolAssgnmnt="0" Value="16"/>
<MapEntry BoolAssgnmnt="1" Value="37"/>
</AssgnmntListEntry>
<AssgnmntListEntry Length="2" RootTermCovItemId="C35">
<MapEntry BoolAssgnmnt="01" Value="32"/>
<MapEntry BoolAssgnmnt="00" Value="4"/>
</AssgnmntListEntry>
<AssgnmntListEntry Length="1" RootTermCovItemId="C36">
<MapEntry BoolAssgnmnt="0" Value="32"/>
<MapEntry BoolAssgnmnt="1" Value="320"/>
</AssgnmntListEntry>
<AssgnmntListEntry Length="1" RootTermCovItemId="C37">
<MapEntry BoolAssgnmnt="0" Value="320"/>
<MapEntry BoolAssgnmnt="1" Value="3872"/>
</AssgnmntListEntry>
<AssgnmntListEntry Length="1" RootTermCovItemId="C38">
<MapEntry BoolAssgnmnt="0" Value="2318"/>
<MapEntry BoolAssgnmnt="1" Value="1554"/>
</AssgnmntListEntry>
<AssgnmntListEntry Length="1" RootTermCovItemId="C39">
<MapEntry BoolAssgnmnt="0" Value="1554"/>
</AssgnmntListEntry>
<AssgnmntListEntry Length="2" RootTermCovItemId="C4">
<MapEntry BoolAssgnmnt="12" Value="4"/>
</AssgnmntListEntry>
<AssgnmntListEntry Length="1" RootTermCovItemId="C5">
<MapEntry BoolAssgnmnt="0" Value="15"/>
<MapEntry BoolAssgnmnt="1" Value="18"/>
</AssgnmntListEntry>
<AssgnmntListEntry Length="1" RootTermCovItemId="C6">
<MapEntry BoolAssgnmnt="0" Value="16"/>
<MapEntry BoolAssgnmnt="1" Value="37"/>
</AssgnmntListEntry>
<AssgnmntListEntry Length="1" RootTermCovItemId="C7">
<MapEntry BoolAssgnmnt="0" Value="37"/>
</AssgnmntListEntry>
<AssgnmntListEntry Length="1" RootTermCovItemId="C8">
<MapEntry BoolAssgnmnt="0" Value="4"/>
<MapEntry BoolAssgnmnt="1" Value="33"/>
</AssgnmntListEntry>
<AssgnmntListEntry Length="1" RootTermCovItemId="C9">
<MapEntry BoolAssgnmnt="0" Value="33"/>
<MapEntry BoolAssgnmnt="1" Value="4"/>
</AssgnmntListEntry>
</AssgnmntPrefix>
<AssgnmntPrefix RootTermCovItemPrefix="com.OriginalFiles.RemoteNXTFunctions.java">
<AssgnmntListEntry Length="1" RootTermCovItemId="C5">
<MapEntry BoolAssgnmnt="1" Value="1"/>
</AssgnmntListEntry>
<AssgnmntListEntry Length="2" RootTermCovItemId="C6">
<MapEntry BoolAssgnmnt="11" Value="1"/>
</AssgnmntListEntry>
</AssgnmntPrefix>
</AssgnmntList>
<ObjMetaDataList/>
<MetaDataList/>
</TestCase>
<TestCase Comment="" Date="1386064416938" Name="com.Testing.AnalyzeTest:testCheckMotorCalibration">
<CovList>
<CovPrefix CovItemPrefix="com.OriginalFiles.Analyze.java">
<Cov CovItemId="B1" Value="32"/>
<Cov CovItemId="B10" Value="32"/>
<Cov CovItemId="B107" Value="64"/>
<Cov CovItemId="B108" Value="125"/>
<Cov CovItemId="B11" Value="32"/>
<Cov CovItemId="B110" Value="125"/>
<Cov CovItemId="B111" Value="34"/>
<Cov CovItemId="B112" Value="91"/>
<Cov CovItemId="B114" Value="91"/>
<Cov CovItemId="B115" Value="57"/>
<Cov CovItemId="B116" Value="17"/>
<Cov CovItemId="B120" Value="148"/>
<Cov CovItemId="B121" Value="4588"/>
<Cov CovItemId="B122" Value="91"/>
<Cov CovItemId="B123" Value="57"/>
<Cov CovItemId="B124" Value="91"/>
<Cov CovItemId="B126" Value="57"/>
<Cov CovItemId="B127" Value="91"/>
<Cov CovItemId="B128" Value="57"/>
<Cov CovItemId="B13" Value="25"/>
<Cov CovItemId="B130" Value="17"/>
<Cov CovItemId="B131" Value="57"/>
<Cov CovItemId="B133" Value="57"/>
<Cov CovItemId="B134" Value="57"/>
<Cov CovItemId="B136" Value="57"/>
<Cov CovItemId="B139" Value="57"/>
<Cov CovItemId="B14" Value="7"/>
<Cov CovItemId="B157" Value="114"/>
<Cov CovItemId="B16" Value="25"/>
<Cov CovItemId="B17" Value="25"/>
<Cov CovItemId="B19" Value="7"/>
<Cov CovItemId="B2" Value="10"/>
<Cov CovItemId="B20" Value="25"/>
<Cov CovItemId="B21" Value="3"/>
<Cov CovItemId="B22" Value="4"/>
<Cov CovItemId="B23" Value="3"/>
<Cov CovItemId="B24" Value="1"/>
<Cov CovItemId="B26" Value="25"/>
<Cov CovItemId="B3" Value="25"/>
<Cov CovItemId="B31" Value="25"/>
<Cov CovItemId="B33" Value="25"/>
<Cov CovItemId="B35" Value="13"/>
<Cov CovItemId="B36" Value="12"/>
<Cov CovItemId="B37" Value="13"/>
<Cov CovItemId="B4" Value="7"/>
<Cov CovItemId="B40" Value="12"/>
<Cov CovItemId="B43" Value="12"/>
<Cov CovItemId="B46" Value="12"/>
<Cov CovItemId="B49" Value="12"/>
<Cov CovItemId="B5" Value="2"/>
<Cov CovItemId="B51" Value="12"/>
<Cov CovItemId="B53" Value="25"/>
<Cov CovItemId="B55" Value="25"/>
<Cov CovItemId="B57" Value="25"/>
<Cov CovItemId="B59" Value="25"/>
<Cov CovItemId="B6" Value="30"/>
<Cov CovItemId="B61" Value="75"/>
<Cov CovItemId="B62" Value="25"/>
<Cov CovItemId="B64" Value="100"/>
<Cov CovItemId="B7" Value="64"/>
<Cov CovItemId="B8" Value="1984"/>
<Cov CovItemId="B84" Value="25"/>
<Cov CovItemId="B9" Value="32"/>
<Cov CovItemId="B96" Value="32"/>
<Cov CovItemId="L1-2" Value="32"/>
<Cov CovItemId="L16-2" Value="74"/>
<Cov CovItemId="L17-2" Value="592"/>
<Cov CovItemId="L2-2" Value="256"/>
<Cov CovItemId="L3-1" Value="32"/>
<Cov CovItemId="L4-2" Value="25"/>
<Cov CovItemId="S10" Value="32"/>
<Cov CovItemId="S11" Value="32"/>
<Cov CovItemId="S12" Value="32"/>
<Cov CovItemId="S13" Value="32"/>
<Cov CovItemId="S14" Value="32"/>
<Cov CovItemId="S149" Value="25"/>
<Cov CovItemId="S15" Value="25"/>
<Cov CovItemId="S16" Value="17"/>
<Cov CovItemId="S168" Value="32"/>
<Cov CovItemId="S17" Value="32"/>
<Cov CovItemId="S18" Value="32"/>
<Cov CovItemId="S19" Value="2"/>
<Cov CovItemId="S199" Value="189"/>
<Cov CovItemId="S20" Value="2"/>
<Cov CovItemId="S200" Value="189"/>
<Cov CovItemId="S201" Value="189"/>
<Cov CovItemId="S202" Value="189"/>
<Cov CovItemId="S203" Value="189"/>
<Cov CovItemId="S204" Value="64"/>
<Cov CovItemId="S205" Value="125"/>
<Cov CovItemId="S207" Value="125"/>
<Cov CovItemId="S208" Value="34"/>
<Cov CovItemId="S209" Value="91"/>
<Cov CovItemId="S21" Value="32"/>
<Cov CovItemId="S211" Value="91"/>
<Cov CovItemId="S212" Value="74"/>
<Cov CovItemId="S213" Value="57"/>
<Cov CovItemId="S214" Value="17"/>
<Cov CovItemId="S215" Value="17"/>
<Cov CovItemId="S22" Value="32"/>
<Cov CovItemId="S221" Value="74"/>
<Cov CovItemId="S222" Value="74"/>
<Cov CovItemId="S223" Value="74"/>
<Cov CovItemId="S224" Value="74"/>
<Cov CovItemId="S225" Value="74"/>
<Cov CovItemId="S226" Value="74"/>
<Cov CovItemId="S227" Value="592"/>
<Cov CovItemId="S228" Value="4736"/>
<Cov CovItemId="S229" Value="148"/>
<Cov CovItemId="S23" Value="256"/>
<Cov CovItemId="S230" Value="91"/>
<Cov CovItemId="S231" Value="91"/>
<Cov CovItemId="S232" Value="91"/>
<Cov CovItemId="S233" Value="148"/>
<Cov CovItemId="S234" Value="57"/>
<Cov CovItemId="S235" Value="57"/>
<Cov CovItemId="S236" Value="57"/>
<Cov CovItemId="S237" Value="74"/>
<Cov CovItemId="S238" Value="17"/>
<Cov CovItemId="S239" Value="57"/>
<Cov CovItemId="S24" Value="2048"/>
<Cov CovItemId="S241" Value="57"/>
<Cov CovItemId="S242" Value="57"/>
<Cov CovItemId="S243" Value="57"/>
<Cov CovItemId="S244" Value="57"/>
<Cov CovItemId="S245" Value="57"/>
<Cov CovItemId="S25" Value="64"/>
<Cov CovItemId="S250" Value="57"/>
<Cov CovItemId="S26" Value="32"/>
<Cov CovItemId="S267" Value="114"/>
<Cov CovItemId="S269" Value="114"/>
<Cov CovItemId="S27" Value="32"/>
<Cov CovItemId="S28" Value="32"/>
<Cov CovItemId="S29" Value="32"/>
<Cov CovItemId="S30" Value="32"/>
<Cov CovItemId="S31" Value="32"/>
<Cov CovItemId="S32" Value="32"/>
<Cov CovItemId="S33" Value="32"/>
<Cov CovItemId="S34" Value="32"/>
<Cov CovItemId="S35" Value="25"/>
<Cov CovItemId="S37" Value="25"/>
<Cov CovItemId="S38" Value="25"/>
<Cov CovItemId="S39" Value="7"/>
<Cov CovItemId="S40" Value="32"/>
<Cov CovItemId="S41" Value="7"/>
<Cov CovItemId="S42" Value="3"/>
<Cov CovItemId="S43" Value="3"/>
<Cov CovItemId="S44" Value="3"/>
<Cov CovItemId="S45" Value="4"/>
<Cov CovItemId="S46" Value="3"/>
<Cov CovItemId="S47" Value="3"/>
<Cov CovItemId="S48" Value="3"/>
<Cov CovItemId="S49" Value="3"/>
<Cov CovItemId="S50" Value="1"/>
<Cov CovItemId="S51" Value="25"/>
<Cov CovItemId="S52" Value="25"/>
<Cov CovItemId="S57" Value="25"/>
<Cov CovItemId="S58" Value="25"/>
<Cov CovItemId="S59" Value="25"/>
<Cov CovItemId="S6" Value="42"/>
<Cov CovItemId="S60" Value="25"/>
<Cov CovItemId="S61" Value="25"/>
<Cov CovItemId="S62" Value="13"/>
<Cov CovItemId="S63" Value="13"/>
<Cov CovItemId="S64" Value="13"/>
<Cov CovItemId="S66" Value="12"/>
<Cov CovItemId="S7" Value="32"/>
<Cov CovItemId="S71" Value="12"/>
<Cov CovItemId="S72" Value="12"/>
<Cov CovItemId="S77" Value="12"/>
<Cov CovItemId="S78" Value="12"/>
<Cov CovItemId="S79" Value="12"/>
<Cov CovItemId="S8" Value="32"/>
<Cov CovItemId="S80" Value="12"/>
<Cov CovItemId="S83" Value="25"/>
<Cov CovItemId="S84" Value="25"/>
<Cov CovItemId="S85" Value="25"/>
<Cov CovItemId="S86" Value="25"/>
<Cov CovItemId="S87" Value="25"/>
<Cov CovItemId="S88" Value="25"/>
<Cov CovItemId="S89" Value="25"/>
<Cov CovItemId="S9" Value="32"/>
<Cov CovItemId="S90" Value="25"/>
<Cov CovItemId="S91" Value="25"/>
<Cov CovItemId="S92" Value="25"/>
<Cov CovItemId="S93" Value="25"/>
<Cov CovItemId="S94" Value="100"/>
<Cov CovItemId="S95" Value="75"/>
<Cov CovItemId="S96" Value="100"/>
<Cov CovItemId="S98" Value="25"/>
</CovPrefix>
<CovPrefix CovItemPrefix="com.OriginalFiles.Board.java">
<Cov CovItemId="B28" Value="75"/>
<Cov CovItemId="B31" Value="25"/>
<Cov CovItemId="B33" Value="25"/>
<Cov CovItemId="B36" Value="25"/>
<Cov CovItemId="B37" Value="25"/>
<Cov CovItemId="B39" Value="93"/>
<Cov CovItemId="B41" Value="1173"/>
<Cov CovItemId="B44" Value="278"/>
<Cov CovItemId="B45" Value="278"/>
<Cov CovItemId="B47" Value="278"/>
<Cov CovItemId="B49" Value="278"/>
<Cov CovItemId="B51" Value="278"/>
<Cov CovItemId="B53" Value="278"/>
<Cov CovItemId="B56" Value="1112"/>
<Cov CovItemId="B57" Value="962"/>
<Cov CovItemId="B58" Value="150"/>
<Cov CovItemId="B59" Value="962"/>
<Cov CovItemId="B62" Value="962"/>
<Cov CovItemId="B63" Value="4448"/>
<Cov CovItemId="B64" Value="4448"/>
<Cov CovItemId="B65" Value="278"/>
<Cov CovItemId="B66" Value="4170"/>
<Cov CovItemId="B67" Value="114"/>
<Cov CovItemId="B68" Value="164"/>
<Cov CovItemId="B71" Value="4"/>
<Cov CovItemId="B72" Value="4"/>
<Cov CovItemId="B73" Value="16"/>
<Cov CovItemId="B74" Value="16"/>
<Cov CovItemId="B75" Value="16"/>
<Cov CovItemId="B76" Value="16"/>
<Cov CovItemId="B77" Value="30"/>
<Cov CovItemId="B78" Value="2"/>
<Cov CovItemId="B79" Value="1700"/>
<Cov CovItemId="B81" Value="663"/>
<Cov CovItemId="B82" Value="1037"/>
<Cov CovItemId="B83" Value="227"/>
<Cov CovItemId="B84" Value="652"/>
<Cov CovItemId="B85" Value="204"/>
<Cov CovItemId="B86" Value="448"/>
<Cov CovItemId="L10-2" Value="2224"/>
<Cov CovItemId="L11-1" Value="32"/>
<Cov CovItemId="L12-0" Value="32"/>
<Cov CovItemId="L13-2" Value="139"/>
<Cov CovItemId="L14-2" Value="1112"/>
<Cov CovItemId="L15-2" Value="1"/>
<Cov CovItemId="L16-2" Value="4"/>
<Cov CovItemId="L17-2" Value="4"/>
<Cov CovItemId="L9-2" Value="278"/>
<Cov CovItemId="S100" Value="25"/>
<Cov CovItemId="S102" Value="25"/>
<Cov CovItemId="S104" Value="25"/>
<Cov CovItemId="S105" Value="25"/>
<Cov CovItemId="S106" Value="25"/>
<Cov CovItemId="S107" Value="25"/>
<Cov CovItemId="S108" Value="25"/>
<Cov CovItemId="S109" Value="25"/>
<Cov CovItemId="S110" Value="61"/>
<Cov CovItemId="S111" Value="93"/>
<Cov CovItemId="S112" Value="93"/>
<Cov CovItemId="S113" Value="93"/>
<Cov CovItemId="S115" Value="1173"/>
<Cov CovItemId="S116" Value="1173"/>
<Cov CovItemId="S118" Value="278"/>
<Cov CovItemId="S119" Value="278"/>
<Cov CovItemId="S121" Value="278"/>
<Cov CovItemId="S122" Value="278"/>
<Cov CovItemId="S123" Value="278"/>
<Cov CovItemId="S124" Value="278"/>
<Cov CovItemId="S125" Value="278"/>
<Cov CovItemId="S126" Value="278"/>
<Cov CovItemId="S127" Value="278"/>
<Cov CovItemId="S128" Value="278"/>
<Cov CovItemId="S129" Value="278"/>
<Cov CovItemId="S130" Value="278"/>
<Cov CovItemId="S131" Value="278"/>
<Cov CovItemId="S132" Value="278"/>
<Cov CovItemId="S133" Value="278"/>
<Cov CovItemId="S134" Value="278"/>
<Cov CovItemId="S135" Value="1112"/>
<Cov CovItemId="S137" Value="1112"/>
<Cov CovItemId="S138" Value="962"/>
<Cov CovItemId="S139" Value="962"/>
<Cov CovItemId="S141" Value="1112"/>
<Cov CovItemId="S142" Value="1112"/>
<Cov CovItemId="S143" Value="139"/>
<Cov CovItemId="S144" Value="139"/>
<Cov CovItemId="S145" Value="1112"/>
<Cov CovItemId="S146" Value="8896"/>
<Cov CovItemId="S147" Value="4448"/>
<Cov CovItemId="S148" Value="278"/>
<Cov CovItemId="S149" Value="114"/>
<Cov CovItemId="S150" Value="164"/>
<Cov CovItemId="S151" Value="139"/>
<Cov CovItemId="S157" Value="1"/>
<Cov CovItemId="S158" Value="1"/>
<Cov CovItemId="S159" Value="8"/>
<Cov CovItemId="S160" Value="4"/>
<Cov CovItemId="S161" Value="32"/>
<Cov CovItemId="S162" Value="16"/>
<Cov CovItemId="S163" Value="4"/>
<Cov CovItemId="S164" Value="4"/>
<Cov CovItemId="S165" Value="32"/>
<Cov CovItemId="S166" Value="16"/>
<Cov CovItemId="S167" Value="4"/>
<Cov CovItemId="S168" Value="1"/>
<Cov CovItemId="S169" Value="32"/>
<Cov CovItemId="S170" Value="32"/>
<Cov CovItemId="S171" Value="30"/>
<Cov CovItemId="S172" Value="2"/>
<Cov CovItemId="S173" Value="2"/>
<Cov CovItemId="S174" Value="2"/>
<Cov CovItemId="S175" Value="2"/>
<Cov CovItemId="S176" Value="1700"/>
<Cov CovItemId="S177" Value="1700"/>
<Cov CovItemId="S178" Value="663"/>
<Cov CovItemId="S179" Value="1037"/>
<Cov CovItemId="S180" Value="879"/>
<Cov CovItemId="S181" Value="227"/>
<Cov CovItemId="S182" Value="652"/>
<Cov CovItemId="S183" Value="204"/>
<Cov CovItemId="S184" Value="448"/>
<Cov CovItemId="S185" Value="4442"/>
<Cov CovItemId="S61" Value="278"/>
<Cov CovItemId="S62" Value="2224"/>
<Cov CovItemId="S63" Value="17792"/>
<Cov CovItemId="S64" Value="32"/>
<Cov CovItemId="S65" Value="32"/>
<Cov CovItemId="S66" Value="32"/>
<Cov CovItemId="S67" Value="32"/>
<Cov CovItemId="S68" Value="32"/>
<Cov CovItemId="S76" Value="32"/>
<Cov CovItemId="S77" Value="32"/>
<Cov CovItemId="S94" Value="75"/>
<Cov CovItemId="S97" Value="75"/>
<Cov CovItemId="S98" Value="25"/>
<Cov CovItemId="S99" Value="25"/>
</CovPrefix>
<CovPrefix CovItemPrefix="com.OriginalFiles.Field.java">
<Cov CovItemId="B1" Value="99"/>
<Cov CovItemId="B2" Value="46"/>
<Cov CovItemId="S1" Value="176"/>
<Cov CovItemId="S13" Value="409"/>
<Cov CovItemId="S2" Value="176"/>
<Cov CovItemId="S5" Value="145"/>
<Cov CovItemId="S6" Value="145"/>
<Cov CovItemId="S7" Value="99"/>
<Cov CovItemId="S8" Value="7043"/>
<Cov CovItemId="S9" Value="9827"/>
</CovPrefix>
<CovPrefix CovItemPrefix="com.OriginalFiles.Piece.java">
<Cov CovItemId="B1" Value="35"/>
<Cov CovItemId="B10" Value="46"/>
<Cov CovItemId="B11" Value="91"/>
<Cov CovItemId="B12" Value="16"/>
<Cov CovItemId="B13" Value="35"/>
<Cov CovItemId="B14" Value="56"/>
<Cov CovItemId="B15" Value="91"/>
<Cov CovItemId="B18" Value="91"/>
<Cov CovItemId="B2" Value="72"/>
<Cov CovItemId="B3" Value="22"/>
<Cov CovItemId="B34" Value="91"/>
<Cov CovItemId="B35" Value="16"/>
<Cov CovItemId="B36" Value="75"/>
<Cov CovItemId="B37" Value="16"/>
<Cov CovItemId="B39" Value="35"/>
<Cov CovItemId="B4" Value="13"/>
<Cov CovItemId="B40" Value="56"/>
<Cov CovItemId="B5" Value="91"/>
<Cov CovItemId="B6" Value="16"/>
<Cov CovItemId="B9" Value="45"/>
<Cov CovItemId="S1" Value="74"/>
<Cov CovItemId="S10" Value="74"/>
<Cov CovItemId="S11" Value="74"/>
<Cov CovItemId="S12" Value="74"/>
<Cov CovItemId="S13" Value="74"/>
<Cov CovItemId="S14" Value="74"/>
<Cov CovItemId="S15" Value="74"/>
<Cov CovItemId="S16" Value="74"/>
<Cov CovItemId="S17" Value="74"/>
<Cov CovItemId="S18" Value="74"/>
<Cov CovItemId="S19" Value="74"/>
<Cov CovItemId="S2" Value="74"/>
<Cov CovItemId="S20" Value="74"/>
<Cov CovItemId="S21" Value="74"/>
<Cov CovItemId="S23" Value="456"/>
<Cov CovItemId="S24" Value="107"/>
<Cov CovItemId="S25" Value="107"/>
<Cov CovItemId="S26" Value="107"/>
<Cov CovItemId="S27" Value="35"/>
<Cov CovItemId="S28" Value="22"/>
<Cov CovItemId="S29" Value="35"/>
<Cov CovItemId="S3" Value="74"/>
<Cov CovItemId="S30" Value="72"/>
<Cov CovItemId="S31" Value="107"/>
<Cov CovItemId="S32" Value="107"/>
<Cov CovItemId="S33" Value="91"/>
<Cov CovItemId="S34" Value="16"/>
<Cov CovItemId="S35" Value="16"/>
<Cov CovItemId="S39" Value="91"/>
<Cov CovItemId="S4" Value="74"/>
<Cov CovItemId="S40" Value="45"/>
<Cov CovItemId="S41" Value="46"/>
<Cov CovItemId="S42" Value="107"/>
<Cov CovItemId="S43" Value="107"/>
<Cov CovItemId="S44" Value="91"/>
<Cov CovItemId="S45" Value="91"/>
<Cov CovItemId="S46" Value="91"/>
<Cov CovItemId="S47" Value="35"/>
<Cov CovItemId="S48" Value="91"/>
<Cov CovItemId="S49" Value="91"/>
<Cov CovItemId="S5" Value="74"/>
<Cov CovItemId="S50" Value="91"/>
<Cov CovItemId="S6" Value="74"/>
<Cov CovItemId="S65" Value="91"/>
<Cov CovItemId="S67" Value="91"/>
<Cov CovItemId="S68" Value="16"/>
<Cov CovItemId="S69" Value="16"/>
<Cov CovItemId="S7" Value="74"/>
<Cov CovItemId="S70" Value="16"/>
<Cov CovItemId="S71" Value="91"/>
<Cov CovItemId="S72" Value="35"/>
<Cov CovItemId="S73" Value="91"/>
<Cov CovItemId="S8" Value="74"/>
<Cov CovItemId="S9" Value="74"/>
</CovPrefix>
<CovPrefix CovItemPrefix="com.OriginalFiles.RemoteNXTFunctions.java">
<Cov CovItemId="B103" Value="39"/>
<Cov CovItemId="B104" Value="86"/>
<Cov CovItemId="B105" Value="1"/>
<Cov CovItemId="B106" Value="38"/>
<Cov CovItemId="B107" Value="1"/>
<Cov CovItemId="B108" Value="37"/>
<Cov CovItemId="B109" Value="1"/>
<Cov CovItemId="B110" Value="36"/>
<Cov CovItemId="B111" Value="8"/>
<Cov CovItemId="B112" Value="28"/>
<Cov CovItemId="B114" Value="86"/>
<Cov CovItemId="B124" Value="86"/>
<Cov CovItemId="B134" Value="86"/>
<Cov CovItemId="B142" Value="86"/>
<Cov CovItemId="B15" Value="26"/>
<Cov CovItemId="B16" Value="99"/>
<Cov CovItemId="B17" Value="13"/>
<Cov CovItemId="B18" Value="13"/>
<Cov CovItemId="B19" Value="13"/>
<Cov CovItemId="B23" Value="60"/>
<Cov CovItemId="B24" Value="65"/>
<Cov CovItemId="B25" Value="12"/>
<Cov CovItemId="B26" Value="48"/>
<Cov CovItemId="B27" Value="12"/>
<Cov CovItemId="B28" Value="36"/>
<Cov CovItemId="B30" Value="36"/>
<Cov CovItemId="B32" Value="125"/>
<Cov CovItemId="B40" Value="125"/>
<Cov CovItemId="B5" Value="64"/>
<Cov CovItemId="B50" Value="125"/>
<Cov CovItemId="B56" Value="125"/>
<Cov CovItemId="B6" Value="125"/>
<Cov CovItemId="B62" Value="125"/>
<Cov CovItemId="B7" Value="64"/>
<Cov CovItemId="B70" Value="125"/>
<Cov CovItemId="B78" Value="125"/>
<Cov CovItemId="B86" Value="125"/>
<Cov CovItemId="B94" Value="125"/>
<Cov CovItemId="S100" Value="125"/>
<Cov CovItemId="S108" Value="125"/>
<Cov CovItemId="S118" Value="125"/>
<Cov CovItemId="S119" Value="39"/>
<Cov CovItemId="S120" Value="1"/>
<Cov CovItemId="S121" Value="38"/>
<Cov CovItemId="S122" Value="1"/>
<Cov CovItemId="S123" Value="37"/>
<Cov CovItemId="S124" Value="1"/>
<Cov CovItemId="S125" Value="36"/>
<Cov CovItemId="S126" Value="8"/>
<Cov CovItemId="S127" Value="28"/>
<Cov CovItemId="S128" Value="86"/>
<Cov CovItemId="S138" Value="86"/>
<Cov CovItemId="S148" Value="86"/>
<Cov CovItemId="S156" Value="86"/>
<Cov CovItemId="S162" Value="189"/>
<Cov CovItemId="S19" Value="189"/>
<Cov CovItemId="S20" Value="189"/>
<Cov CovItemId="S21" Value="64"/>
<Cov CovItemId="S22" Value="64"/>
<Cov CovItemId="S30" Value="125"/>
<Cov CovItemId="S31" Value="26"/>
<Cov CovItemId="S32" Value="13"/>
<Cov CovItemId="S33" Value="13"/>
<Cov CovItemId="S34" Value="13"/>
<Cov CovItemId="S38" Value="125"/>
<Cov CovItemId="S39" Value="60"/>
<Cov CovItemId="S4" Value="5"/>
<Cov CovItemId="S40" Value="12"/>
<Cov CovItemId="S41" Value="48"/>
<Cov CovItemId="S42" Value="12"/>
<Cov CovItemId="S43" Value="36"/>
<Cov CovItemId="S45" Value="36"/>
<Cov CovItemId="S46" Value="125"/>
<Cov CovItemId="S54" Value="125"/>
<Cov CovItemId="S64" Value="125"/>
<Cov CovItemId="S70" Value="125"/>
<Cov CovItemId="S76" Value="125"/>
<Cov CovItemId="S84" Value="125"/>
<Cov CovItemId="S92" Value="125"/>
</CovPrefix>
</CovList>
<AssgnmntList>
<AssgnmntPrefix RootTermCovItemPrefix="com.OriginalFiles.Analyze.java">
<AssgnmntListEntry Length="1" RootTermCovItemId="C1">
<MapEntry BoolAssgnmnt="0" Value="32"/>
<MapEntry BoolAssgnmnt="1" Value="10"/>
</AssgnmntListEntry>
<AssgnmntListEntry Length="1" RootTermCovItemId="C10">
<MapEntry BoolAssgnmnt="0" Value="7"/>
<MapEntry BoolAssgnmnt="1" Value="25"/>
</AssgnmntListEntry>
<AssgnmntListEntry Length="1" RootTermCovItemId="C11">
<MapEntry BoolAssgnmnt="0" Value="4"/>
<MapEntry BoolAssgnmnt="1" Value="3"/>
</AssgnmntListEntry>
<AssgnmntListEntry Length="1" RootTermCovItemId="C12">
<MapEntry BoolAssgnmnt="0" Value="1"/>
<MapEntry BoolAssgnmnt="1" Value="3"/>
</AssgnmntListEntry>
<AssgnmntListEntry Length="1" RootTermCovItemId="C13">
<MapEntry BoolAssgnmnt="0" Value="25"/>
</AssgnmntListEntry>
<AssgnmntListEntry Length="1" RootTermCovItemId="C16">
<MapEntry BoolAssgnmnt="1" Value="25"/>
</AssgnmntListEntry>
<AssgnmntListEntry Length="1" RootTermCovItemId="C17">
<MapEntry BoolAssgnmnt="1" Value="25"/>
</AssgnmntListEntry>
<AssgnmntListEntry Length="1" RootTermCovItemId="C18">
<MapEntry BoolAssgnmnt="0" Value="12"/>
<MapEntry BoolAssgnmnt="1" Value="13"/>
</AssgnmntListEntry>
<AssgnmntListEntry Length="1" RootTermCovItemId="C19">
<MapEntry BoolAssgnmnt="1" Value="13"/>
</AssgnmntListEntry>
<AssgnmntListEntry Length="1" RootTermCovItemId="C2">
<MapEntry BoolAssgnmnt="0" Value="25"/>
<MapEntry BoolAssgnmnt="1" Value="7"/>
</AssgnmntListEntry>
<AssgnmntListEntry Length="1" RootTermCovItemId="C20">
<MapEntry BoolAssgnmnt="0" Value="12"/>
</AssgnmntListEntry>
<AssgnmntListEntry Length="1" RootTermCovItemId="C22">
<MapEntry BoolAssgnmnt="1" Value="12"/>
</AssgnmntListEntry>
<AssgnmntListEntry Length="1" RootTermCovItemId="C23">
<MapEntry BoolAssgnmnt="0" Value="12"/>
</AssgnmntListEntry>
<AssgnmntListEntry Length="1" RootTermCovItemId="C25">
<MapEntry BoolAssgnmnt="1" Value="12"/>
</AssgnmntListEntry>
<AssgnmntListEntry Length="1" RootTermCovItemId="C26">
<MapEntry BoolAssgnmnt="1" Value="12"/>
</AssgnmntListEntry>
<AssgnmntListEntry Length="1" RootTermCovItemId="C27">
<MapEntry BoolAssgnmnt="1" Value="25"/>
</AssgnmntListEntry>
<AssgnmntListEntry Length="1" RootTermCovItemId="C28">
<MapEntry BoolAssgnmnt="1" Value="25"/>
</AssgnmntListEntry>
<AssgnmntListEntry Length="1" RootTermCovItemId="C29">
<MapEntry BoolAssgnmnt="1" Value="25"/>
</AssgnmntListEntry>
<AssgnmntListEntry Length="1" RootTermCovItemId="C3">
<MapEntry BoolAssgnmnt="0" Value="30"/>
<MapEntry BoolAssgnmnt="1" Value="2"/>
</AssgnmntListEntry>
<AssgnmntListEntry Length="1" RootTermCovItemId="C30">
<MapEntry BoolAssgnmnt="1" Value="25"/>
</AssgnmntListEntry>
<AssgnmntListEntry Length="1" RootTermCovItemId="C31">
<MapEntry BoolAssgnmnt="0" Value="25"/>
<MapEntry BoolAssgnmnt="1" Value="100"/>
</AssgnmntListEntry>
<AssgnmntListEntry Length="2" RootTermCovItemId="C32">
<MapEntry BoolAssgnmnt="10" Value="25"/>
<MapEntry BoolAssgnmnt="02" Value="50"/>
<MapEntry BoolAssgnmnt="11" Value="25"/>
</AssgnmntListEntry>
<AssgnmntListEntry Length="1" RootTermCovItemId="C33">
<MapEntry BoolAssgnmnt="1" Value="100"/>
</AssgnmntListEntry>
<AssgnmntListEntry Length="1" RootTermCovItemId="C4">
<MapEntry BoolAssgnmnt="0" Value="64"/>
<MapEntry BoolAssgnmnt="1" Value="1984"/>
</AssgnmntListEntry>
<AssgnmntListEntry Length="1" RootTermCovItemId="C49">
<MapEntry BoolAssgnmnt="0" Value="25"/>
</AssgnmntListEntry>
<AssgnmntListEntry Length="2" RootTermCovItemId="C5">
<MapEntry BoolAssgnmnt="10" Value="32"/>
<MapEntry BoolAssgnmnt="11" Value="32"/>
</AssgnmntListEntry>
<AssgnmntListEntry Length="1" RootTermCovItemId="C56">
<MapEntry BoolAssgnmnt="0" Value="32"/>
</AssgnmntListEntry>
<AssgnmntListEntry Length="1" RootTermCovItemId="C6">
<MapEntry BoolAssgnmnt="1" Value="32"/>
</AssgnmntListEntry>
<AssgnmntListEntry Length="6" RootTermCovItemId="C66">
<MapEntry BoolAssgnmnt="022222" Value="125"/>
<MapEntry BoolAssgnmnt="111111" Value="64"/>
</AssgnmntListEntry>
<AssgnmntListEntry Length="6" RootTermCovItemId="C67">
<MapEntry BoolAssgnmnt="022222" Value="125"/>
</AssgnmntListEntry>
<AssgnmntListEntry Length="6" RootTermCovItemId="C68">
<MapEntry BoolAssgnmnt="102222" Value="91"/>
<MapEntry BoolAssgnmnt="111111" Value="34"/>
</AssgnmntListEntry>
<AssgnmntListEntry Length="6" RootTermCovItemId="C69">
<MapEntry BoolAssgnmnt="102222" Value="91"/>
</AssgnmntListEntry>
<AssgnmntListEntry Length="1" RootTermCovItemId="C7">
<MapEntry BoolAssgnmnt="0" Value="7"/>
<MapEntry BoolAssgnmnt="1" Value="25"/>
</AssgnmntListEntry>
<AssgnmntListEntry Length="1" RootTermCovItemId="C70">
<MapEntry BoolAssgnmnt="0" Value="148"/>
<MapEntry BoolAssgnmnt="1" Value="4588"/>
</AssgnmntListEntry>
<AssgnmntListEntry Length="1" RootTermCovItemId="C71">
<MapEntry BoolAssgnmnt="0" Value="57"/>
<MapEntry BoolAssgnmnt="1" Value="91"/>
</AssgnmntListEntry>
<AssgnmntListEntry Length="1" RootTermCovItemId="C72">
<MapEntry BoolAssgnmnt="1" Value="91"/>
</AssgnmntListEntry>
<AssgnmntListEntry Length="1" RootTermCovItemId="C73">
<MapEntry BoolAssgnmnt="0" Value="91"/>
<MapEntry BoolAssgnmnt="1" Value="57"/>
</AssgnmntListEntry>
<AssgnmntListEntry Length="1" RootTermCovItemId="C74">
<MapEntry BoolAssgnmnt="1" Value="57"/>
</AssgnmntListEntry>
<AssgnmntListEntry Length="3" RootTermCovItemId="C75">
<MapEntry BoolAssgnmnt="012" Value="32"/>
<MapEntry BoolAssgnmnt="122" Value="17"/>
<MapEntry BoolAssgnmnt="001" Value="25"/>
</AssgnmntListEntry>
<AssgnmntListEntry Length="3" RootTermCovItemId="C76">
<MapEntry BoolAssgnmnt="011" Value="32"/>
<MapEntry BoolAssgnmnt="002" Value="25"/>
</AssgnmntListEntry>
<AssgnmntListEntry Length="2" RootTermCovItemId="C77">
<MapEntry BoolAssgnmnt="11" Value="57"/>
</AssgnmntListEntry>
<AssgnmntListEntry Length="2" RootTermCovItemId="C78">
<MapEntry BoolAssgnmnt="11" Value="57"/>
</AssgnmntListEntry>
<AssgnmntListEntry Length="2" RootTermCovItemId="C79">
<MapEntry BoolAssgnmnt="00" Value="57"/>
</AssgnmntListEntry>
<AssgnmntListEntry Length="2" RootTermCovItemId="C8">
<MapEntry BoolAssgnmnt="02" Value="25"/>
</AssgnmntListEntry>
<AssgnmntListEntry Length="1" RootTermCovItemId="C9">
<MapEntry BoolAssgnmnt="1" Value="25"/>
</AssgnmntListEntry>
<AssgnmntListEntry Length="8" RootTermCovItemId="C90">
<MapEntry BoolAssgnmnt="02020202" Value="114"/>
</AssgnmntListEntry>
</AssgnmntPrefix>
<AssgnmntPrefix RootTermCovItemPrefix="com.OriginalFiles.Board.java">
<AssgnmntListEntry Length="1" RootTermCovItemId="C14">
<MapEntry BoolAssgnmnt="0" Value="32"/>
<MapEntry BoolAssgnmnt="1" Value="32"/>
</AssgnmntListEntry>
<AssgnmntListEntry Length="1" RootTermCovItemId="C15">
<MapEntry BoolAssgnmnt="0" Value="32"/>
</AssgnmntListEntry>
<AssgnmntListEntry Length="1" RootTermCovItemId="C24">
<MapEntry BoolAssgnmnt="0" Value="75"/>
</AssgnmntListEntry>
<AssgnmntListEntry Length="1" RootTermCovItemId="C26">
<MapEntry BoolAssgnmnt="0" Value="25"/>
</AssgnmntListEntry>
<AssgnmntListEntry Length="1" RootTermCovItemId="C27">
<MapEntry BoolAssgnmnt="1" Value="25"/>
</AssgnmntListEntry>
<AssgnmntListEntry Length="2" RootTermCovItemId="C28">
<MapEntry BoolAssgnmnt="02" Value="25"/>
</AssgnmntListEntry>
<AssgnmntListEntry Length="1" RootTermCovItemId="C29">
<MapEntry BoolAssgnmnt="1" Value="25"/>
</AssgnmntListEntry>
<AssgnmntListEntry Length="1" RootTermCovItemId="C30">
<MapEntry BoolAssgnmnt="1" Value="93"/>
</AssgnmntListEntry>
<AssgnmntListEntry Length="1" RootTermCovItemId="C31">
<MapEntry BoolAssgnmnt="1" Value="1173"/>
</AssgnmntListEntry>
<AssgnmntListEntry Length="1" RootTermCovItemId="C32">
<MapEntry BoolAssgnmnt="0" Value="278"/>
</AssgnmntListEntry>
<AssgnmntListEntry Length="1" RootTermCovItemId="C33">
<MapEntry BoolAssgnmnt="0" Value="278"/>
</AssgnmntListEntry>
<AssgnmntListEntry Length="1" RootTermCovItemId="C34">
<MapEntry BoolAssgnmnt="0" Value="278"/>
</AssgnmntListEntry>
<AssgnmntListEntry Length="1" RootTermCovItemId="C35">
<MapEntry BoolAssgnmnt="1" Value="278"/>
</AssgnmntListEntry>
<AssgnmntListEntry Length="1" RootTermCovItemId="C36">
<MapEntry BoolAssgnmnt="0" Value="278"/>
</AssgnmntListEntry>
<AssgnmntListEntry Length="1" RootTermCovItemId="C37">
<MapEntry BoolAssgnmnt="0" Value="278"/>
</AssgnmntListEntry>
<AssgnmntListEntry Length="5" RootTermCovItemId="C38">
<MapEntry BoolAssgnmnt="02002" Value="328"/>
<MapEntry BoolAssgnmnt="10122" Value="228"/>
<MapEntry BoolAssgnmnt="11221" Value="228"/>
<MapEntry BoolAssgnmnt="02011" Value="328"/>
</AssgnmntListEntry>
<AssgnmntListEntry Length="1" RootTermCovItemId="C39">
<MapEntry BoolAssgnmnt="0" Value="150"/>
<MapEntry BoolAssgnmnt="1" Value="962"/>
</AssgnmntListEntry>
<AssgnmntListEntry Length="1" RootTermCovItemId="C40">
<MapEntry BoolAssgnmnt="0" Value="962"/>
</AssgnmntListEntry>
<AssgnmntListEntry Length="2" RootTermCovItemId="C41">
<MapEntry BoolAssgnmnt="02" Value="962"/>
</AssgnmntListEntry>
<AssgnmntListEntry Length="1" RootTermCovItemId="C42">
<MapEntry BoolAssgnmnt="0" Value="4448"/>
<MapEntry BoolAssgnmnt="1" Value="4448"/>
</AssgnmntListEntry>
<AssgnmntListEntry Length="1" RootTermCovItemId="C43">
<MapEntry BoolAssgnmnt="0" Value="4170"/>
<MapEntry BoolAssgnmnt="1" Value="278"/>
</AssgnmntListEntry>
<AssgnmntListEntry Length="1" RootTermCovItemId="C44">
<MapEntry BoolAssgnmnt="0" Value="164"/>
<MapEntry BoolAssgnmnt="1" Value="114"/>
</AssgnmntListEntry>
<AssgnmntListEntry Length="1" RootTermCovItemId="C46">
<MapEntry BoolAssgnmnt="0" Value="1"/>
<MapEntry BoolAssgnmnt="1" Value="8"/>
</AssgnmntListEntry>
<AssgnmntListEntry Length="1" RootTermCovItemId="C47">
<MapEntry BoolAssgnmnt="0" Value="4"/>
<MapEntry BoolAssgnmnt="1" Value="4"/>
</AssgnmntListEntry>
<AssgnmntListEntry Length="1" RootTermCovItemId="C48">
<MapEntry BoolAssgnmnt="0" Value="4"/>
<MapEntry BoolAssgnmnt="1" Value="32"/>
</AssgnmntListEntry>
<AssgnmntListEntry Length="1" RootTermCovItemId="C49">
<MapEntry BoolAssgnmnt="0" Value="16"/>
<MapEntry BoolAssgnmnt="1" Value="16"/>
</AssgnmntListEntry>
<AssgnmntListEntry Length="1" RootTermCovItemId="C50">
<MapEntry BoolAssgnmnt="0" Value="4"/>
<MapEntry BoolAssgnmnt="1" Value="32"/>
</AssgnmntListEntry>
<AssgnmntListEntry Length="1" RootTermCovItemId="C51">
<MapEntry BoolAssgnmnt="0" Value="16"/>
<MapEntry BoolAssgnmnt="1" Value="16"/>
</AssgnmntListEntry>
<AssgnmntListEntry Length="1" RootTermCovItemId="C52">
<MapEntry BoolAssgnmnt="0" Value="2"/>
<MapEntry BoolAssgnmnt="1" Value="30"/>
</AssgnmntListEntry>
<AssgnmntListEntry Length="1" RootTermCovItemId="C53">
<MapEntry BoolAssgnmnt="1" Value="1700"/>
</AssgnmntListEntry>
<AssgnmntListEntry Length="1" RootTermCovItemId="C54">
<MapEntry BoolAssgnmnt="0" Value="663"/>
<MapEntry BoolAssgnmnt="1" Value="1037"/>
</AssgnmntListEntry>
<AssgnmntListEntry Length="3" RootTermCovItemId="C55">
<MapEntry BoolAssgnmnt="011" Value="97"/>
<MapEntry BoolAssgnmnt="010" Value="179"/>
<MapEntry BoolAssgnmnt="002" Value="507"/>
<MapEntry BoolAssgnmnt="120" Value="48"/>
<MapEntry BoolAssgnmnt="121" Value="48"/>
</AssgnmntListEntry>
<AssgnmntListEntry Length="3" RootTermCovItemId="C56">
<MapEntry BoolAssgnmnt="011" Value="156"/>
<MapEntry BoolAssgnmnt="010" Value="263"/>
<MapEntry BoolAssgnmnt="002" Value="145"/>
<MapEntry BoolAssgnmnt="120" Value="40"/>
<MapEntry BoolAssgnmnt="121" Value="48"/>
</AssgnmntListEntry>
</AssgnmntPrefix>
<AssgnmntPrefix RootTermCovItemPrefix="com.OriginalFiles.Field.java">
<AssgnmntListEntry Length="1" RootTermCovItemId="C1">
<MapEntry BoolAssgnmnt="0" Value="99"/>
<MapEntry BoolAssgnmnt="1" Value="46"/>
</AssgnmntListEntry>
</AssgnmntPrefix>
<AssgnmntPrefix RootTermCovItemPrefix="com.OriginalFiles.Piece.java">
<AssgnmntListEntry Length="2" RootTermCovItemId="C1">
<MapEntry BoolAssgnmnt="10" Value="56"/>
<MapEntry BoolAssgnmnt="02" Value="16"/>
<MapEntry BoolAssgnmnt="11" Value="35"/>
</AssgnmntListEntry>
<AssgnmntListEntry Length="5" RootTermCovItemId="C17">
<MapEntry BoolAssgnmnt="00210" Value="28"/>
<MapEntry BoolAssgnmnt="01002" Value="28"/>
<MapEntry BoolAssgnmnt="12222" Value="35"/>
</AssgnmntListEntry>
<AssgnmntListEntry Length="5" RootTermCovItemId="C18">
<MapEntry BoolAssgnmnt="00210" Value="20"/>
<MapEntry BoolAssgnmnt="00211" Value="8"/>
<MapEntry BoolAssgnmnt="01002" Value="20"/>
<MapEntry BoolAssgnmnt="12222" Value="35"/>
<MapEntry BoolAssgnmnt="01122" Value="8"/>
</AssgnmntListEntry>
<AssgnmntListEntry Length="1" RootTermCovItemId="C19">
<MapEntry BoolAssgnmnt="1" Value="16"/>
</AssgnmntListEntry>
<AssgnmntListEntry Length="2" RootTermCovItemId="C2">
<MapEntry BoolAssgnmnt="02" Value="13"/>
<MapEntry BoolAssgnmnt="11" Value="22"/>
</AssgnmntListEntry>
<AssgnmntListEntry Length="1" RootTermCovItemId="C20">
<MapEntry BoolAssgnmnt="0" Value="56"/>
<MapEntry BoolAssgnmnt="1" Value="35"/>
</AssgnmntListEntry>
<AssgnmntListEntry Length="1" RootTermCovItemId="C3">
<MapEntry BoolAssgnmnt="0" Value="16"/>
<MapEntry BoolAssgnmnt="1" Value="91"/>
</AssgnmntListEntry>
<AssgnmntListEntry Length="1" RootTermCovItemId="C5">
<MapEntry BoolAssgnmnt="0" Value="46"/>
<MapEntry BoolAssgnmnt="1" Value="45"/>
</AssgnmntListEntry>
<AssgnmntListEntry Length="1" RootTermCovItemId="C6">
<MapEntry BoolAssgnmnt="0" Value="16"/>
<MapEntry BoolAssgnmnt="1" Value="91"/>
</AssgnmntListEntry>
<AssgnmntListEntry Length="1" RootTermCovItemId="C7">
<MapEntry BoolAssgnmnt="0" Value="56"/>
<MapEntry BoolAssgnmnt="1" Value="35"/>
</AssgnmntListEntry>
<AssgnmntListEntry Length="1" RootTermCovItemId="C8">
<MapEntry BoolAssgnmnt="1" Value="91"/>
</AssgnmntListEntry>
<AssgnmntListEntry Length="1" RootTermCovItemId="C9">
<MapEntry BoolAssgnmnt="0" Value="91"/>
</AssgnmntListEntry>
</AssgnmntPrefix>
<AssgnmntPrefix RootTermCovItemPrefix="com.OriginalFiles.RemoteNXTFunctions.java">
<AssgnmntListEntry Length="1" RootTermCovItemId="C10">
<MapEntry BoolAssgnmnt="0" Value="99"/>
<MapEntry BoolAssgnmnt="1" Value="26"/>
</AssgnmntListEntry>
<AssgnmntListEntry Length="2" RootTermCovItemId="C11">
<MapEntry BoolAssgnmnt="02" Value="13"/>
<MapEntry BoolAssgnmnt="11" Value="13"/>
</AssgnmntListEntry>
<AssgnmntListEntry Length="2" RootTermCovItemId="C12">
<MapEntry BoolAssgnmnt="11" Value="13"/>
</AssgnmntListEntry>
<AssgnmntListEntry Length="1" RootTermCovItemId="C14">
<MapEntry BoolAssgnmnt="0" Value="65"/>
<MapEntry BoolAssgnmnt="1" Value="60"/>
</AssgnmntListEntry>
<AssgnmntListEntry Length="2" RootTermCovItemId="C15">
<MapEntry BoolAssgnmnt="10" Value="12"/>
<MapEntry BoolAssgnmnt="02" Value="36"/>
<MapEntry BoolAssgnmnt="11" Value="12"/>
</AssgnmntListEntry>
<AssgnmntListEntry Length="2" RootTermCovItemId="C16">
<MapEntry BoolAssgnmnt="02" Value="36"/>
<MapEntry BoolAssgnmnt="11" Value="12"/>
</AssgnmntListEntry>
<AssgnmntListEntry Length="1" RootTermCovItemId="C17">
<MapEntry BoolAssgnmnt="0" Value="36"/>
</AssgnmntListEntry>
<AssgnmntListEntry Length="1" RootTermCovItemId="C18">
<MapEntry BoolAssgnmnt="0" Value="125"/>
</AssgnmntListEntry>
<AssgnmntListEntry Length="1" RootTermCovItemId="C22">
<MapEntry BoolAssgnmnt="0" Value="125"/>
</AssgnmntListEntry>
<AssgnmntListEntry Length="1" RootTermCovItemId="C27">
<MapEntry BoolAssgnmnt="0" Value="125"/>
</AssgnmntListEntry>
<AssgnmntListEntry Length="1" RootTermCovItemId="C30">
<MapEntry BoolAssgnmnt="0" Value="125"/>
</AssgnmntListEntry>
<AssgnmntListEntry Length="1" RootTermCovItemId="C33">
<MapEntry BoolAssgnmnt="0" Value="125"/>
</AssgnmntListEntry>
<AssgnmntListEntry Length="1" RootTermCovItemId="C37">
<MapEntry BoolAssgnmnt="0" Value="125"/>
</AssgnmntListEntry>
<AssgnmntListEntry Length="1" RootTermCovItemId="C41">
<MapEntry BoolAssgnmnt="0" Value="125"/>
</AssgnmntListEntry>
<AssgnmntListEntry Length="1" RootTermCovItemId="C45">
<MapEntry BoolAssgnmnt="0" Value="125"/>
</AssgnmntListEntry>
<AssgnmntListEntry Length="1" RootTermCovItemId="C49">
<MapEntry BoolAssgnmnt="0" Value="125"/>
</AssgnmntListEntry>
<AssgnmntListEntry Length="1" RootTermCovItemId="C5">
<MapEntry BoolAssgnmnt="0" Value="125"/>
<MapEntry BoolAssgnmnt="1" Value="64"/>
</AssgnmntListEntry>
<AssgnmntListEntry Length="1" RootTermCovItemId="C54">
<MapEntry BoolAssgnmnt="0" Value="86"/>
<MapEntry BoolAssgnmnt="1" Value="39"/>
</AssgnmntListEntry>
<AssgnmntListEntry Length="2" RootTermCovItemId="C55">
<MapEntry BoolAssgnmnt="10" Value="3"/>
<MapEntry BoolAssgnmnt="02" Value="35"/>
<MapEntry BoolAssgnmnt="11" Value="1"/>
</AssgnmntListEntry>
<AssgnmntListEntry Length="2" RootTermCovItemId="C56">
<MapEntry BoolAssgnmnt="10" Value="3"/>
<MapEntry BoolAssgnmnt="02" Value="34"/>
<MapEntry BoolAssgnmnt="11" Value="1"/>
</AssgnmntListEntry>
<AssgnmntListEntry Length="2" RootTermCovItemId="C57">
<MapEntry BoolAssgnmnt="10" Value="2"/>
<MapEntry BoolAssgnmnt="02" Value="34"/>
<MapEntry BoolAssgnmnt="11" Value="1"/>
</AssgnmntListEntry>
<AssgnmntListEntry Length="1" RootTermCovItemId="C58">
<MapEntry BoolAssgnmnt="0" Value="28"/>
<MapEntry BoolAssgnmnt="1" Value="8"/>
</AssgnmntListEntry>
<AssgnmntListEntry Length="1" RootTermCovItemId="C59">
<MapEntry BoolAssgnmnt="0" Value="86"/>
</AssgnmntListEntry>
<AssgnmntListEntry Length="2" RootTermCovItemId="C6">
<MapEntry BoolAssgnmnt="11" Value="64"/>
</AssgnmntListEntry>
<AssgnmntListEntry Length="1" RootTermCovItemId="C64">
<MapEntry BoolAssgnmnt="0" Value="86"/>
</AssgnmntListEntry>
<AssgnmntListEntry Length="1" RootTermCovItemId="C69">
<MapEntry BoolAssgnmnt="0" Value="86"/>
</AssgnmntListEntry>
<AssgnmntListEntry Length="1" RootTermCovItemId="C73">
<MapEntry BoolAssgnmnt="0" Value="86"/>
</AssgnmntListEntry>
</AssgnmntPrefix>
</AssgnmntList>
<ObjMetaDataList/>
<MetaDataList/>
</TestCase>
<TestCase Comment="" Date="1386064416943" Name="com.Testing.AnalyzeTest:testGetColor">
<CovList>
<CovPrefix CovItemPrefix="com.OriginalFiles.Analyze.java">
<Cov CovItemId="B107" Value="33"/>
<Cov CovItemId="B108" Value="4"/>
<Cov CovItemId="B109" Value="1"/>
<Cov CovItemId="B110" Value="3"/>
<Cov CovItemId="B111" Value="1"/>
<Cov CovItemId="B112" Value="2"/>
<Cov CovItemId="B113" Value="1"/>
<Cov CovItemId="B114" Value="1"/>
<Cov CovItemId="S199" Value="37"/>
<Cov CovItemId="S200" Value="37"/>
<Cov CovItemId="S201" Value="37"/>
<Cov CovItemId="S202" Value="37"/>
<Cov CovItemId="S203" Value="37"/>
<Cov CovItemId="S204" Value="33"/>
<Cov CovItemId="S205" Value="4"/>
<Cov CovItemId="S206" Value="1"/>
<Cov CovItemId="S207" Value="3"/>
<Cov CovItemId="S208" Value="1"/>
<Cov CovItemId="S209" Value="2"/>
<Cov CovItemId="S210" Value="1"/>
<Cov CovItemId="S211" Value="1"/>
</CovPrefix>
<CovPrefix CovItemPrefix="com.OriginalFiles.Board.java">
<Cov CovItemId="B83" Value="26"/>
<Cov CovItemId="B84" Value="74"/>
<Cov CovItemId="B85" Value="26"/>
<Cov CovItemId="B86" Value="48"/>
<Cov CovItemId="S180" Value="100"/>
<Cov CovItemId="S181" Value="26"/>
<Cov CovItemId="S182" Value="74"/>
<Cov CovItemId="S183" Value="26"/>
<Cov CovItemId="S184" Value="48"/>
<Cov CovItemId="S185" Value="72"/>
</CovPrefix>
<CovPrefix CovItemPrefix="com.OriginalFiles.Field.java">
<Cov CovItemId="B1" Value="34"/>
<Cov CovItemId="B2" Value="8"/>
<Cov CovItemId="S1" Value="88"/>
<Cov CovItemId="S13" Value="64"/>
<Cov CovItemId="S2" Value="88"/>
<Cov CovItemId="S5" Value="42"/>
<Cov CovItemId="S6" Value="42"/>
<Cov CovItemId="S7" Value="34"/>
<Cov CovItemId="S8" Value="8"/>
<Cov CovItemId="S9" Value="42"/>
</CovPrefix>
<CovPrefix CovItemPrefix="com.OriginalFiles.Piece.java">
<Cov CovItemId="B1" Value="2"/>
<Cov CovItemId="B10" Value="16"/>
<Cov CovItemId="B11" Value="28"/>
<Cov CovItemId="B12" Value="8"/>
<Cov CovItemId="B13" Value="2"/>
<Cov CovItemId="B14" Value="26"/>
<Cov CovItemId="B15" Value="28"/>
<Cov CovItemId="B18" Value="28"/>
<Cov CovItemId="B2" Value="34"/>
<Cov CovItemId="B34" Value="28"/>
<Cov CovItemId="B35" Value="8"/>
<Cov CovItemId="B36" Value="20"/>
<Cov CovItemId="B37" Value="8"/>
<Cov CovItemId="B39" Value="2"/>
<Cov CovItemId="B4" Value="2"/>
<Cov CovItemId="B40" Value="26"/>
<Cov CovItemId="B5" Value="28"/>
<Cov CovItemId="B6" Value="8"/>
<Cov CovItemId="B9" Value="12"/>
<Cov CovItemId="S1" Value="34"/>
<Cov CovItemId="S10" Value="34"/>
<Cov CovItemId="S11" Value="34"/>
<Cov CovItemId="S12" Value="34"/>
<Cov CovItemId="S13" Value="34"/>
<Cov CovItemId="S14" Value="34"/>
<Cov CovItemId="S15" Value="34"/>
<Cov CovItemId="S16" Value="34"/>
<Cov CovItemId="S17" Value="34"/>
<Cov CovItemId="S18" Value="34"/>
<Cov CovItemId="S19" Value="34"/>
<Cov CovItemId="S2" Value="34"/>
<Cov CovItemId="S20" Value="34"/>
<Cov CovItemId="S21" Value="34"/>
<Cov CovItemId="S24" Value="36"/>
<Cov CovItemId="S25" Value="36"/>
<Cov CovItemId="S26" Value="36"/>
<Cov CovItemId="S27" Value="2"/>
<Cov CovItemId="S29" Value="2"/>
<Cov CovItemId="S3" Value="34"/>
<Cov CovItemId="S30" Value="34"/>
<Cov CovItemId="S31" Value="36"/>
<Cov CovItemId="S32" Value="36"/>
<Cov CovItemId="S33" Value="28"/>
<Cov CovItemId="S34" Value="8"/>
<Cov CovItemId="S35" Value="8"/>
<Cov CovItemId="S39" Value="28"/>
<Cov CovItemId="S4" Value="34"/>
<Cov CovItemId="S40" Value="12"/>
<Cov CovItemId="S41" Value="16"/>
<Cov CovItemId="S42" Value="36"/>
<Cov CovItemId="S43" Value="36"/>
<Cov CovItemId="S44" Value="28"/>
<Cov CovItemId="S45" Value="28"/>
<Cov CovItemId="S46" Value="28"/>
<Cov CovItemId="S47" Value="2"/>
<Cov CovItemId="S48" Value="28"/>
<Cov CovItemId="S49" Value="28"/>
<Cov CovItemId="S5" Value="34"/>
<Cov CovItemId="S50" Value="28"/>
<Cov CovItemId="S6" Value="34"/>
<Cov CovItemId="S65" Value="28"/>
<Cov CovItemId="S67" Value="28"/>
<Cov CovItemId="S68" Value="8"/>
<Cov CovItemId="S69" Value="8"/>
<Cov CovItemId="S7" Value="34"/>
<Cov CovItemId="S70" Value="8"/>
<Cov CovItemId="S71" Value="28"/>
<Cov CovItemId="S72" Value="2"/>
<Cov CovItemId="S73" Value="28"/>
<Cov CovItemId="S8" Value="34"/>
<Cov CovItemId="S9" Value="34"/>
</CovPrefix>
<CovPrefix CovItemPrefix="com.OriginalFiles.RemoteNXTFunctions.java">
<Cov CovItemId="B10" Value="5"/>
<Cov CovItemId="B11" Value="1"/>
<Cov CovItemId="B12" Value="4"/>
<Cov CovItemId="B13" Value="3"/>
<Cov CovItemId="B14" Value="1"/>
<Cov CovItemId="B5" Value="37"/>
<Cov CovItemId="B7" Value="32"/>
<Cov CovItemId="B8" Value="5"/>
<Cov CovItemId="S162" Value="37"/>
<Cov CovItemId="S19" Value="37"/>
<Cov CovItemId="S20" Value="37"/>
<Cov CovItemId="S21" Value="37"/>
<Cov CovItemId="S22" Value="32"/>
<Cov CovItemId="S23" Value="5"/>
<Cov CovItemId="S25" Value="5"/>
<Cov CovItemId="S26" Value="1"/>
<Cov CovItemId="S27" Value="4"/>
<Cov CovItemId="S28" Value="3"/>
<Cov CovItemId="S29" Value="1"/>
</CovPrefix>
</CovList>
<AssgnmntList>
<AssgnmntPrefix RootTermCovItemPrefix="com.OriginalFiles.Analyze.java">
<AssgnmntListEntry Length="6" RootTermCovItemId="C66">
<MapEntry BoolAssgnmnt="110222" Value="1"/>
<MapEntry BoolAssgnmnt="022222" Value="3"/>
<MapEntry BoolAssgnmnt="111111" Value="33"/>
</AssgnmntListEntry>
<AssgnmntListEntry Length="6" RootTermCovItemId="C67">
<MapEntry BoolAssgnmnt="022222" Value="3"/>
<MapEntry BoolAssgnmnt="111111" Value="1"/>
</AssgnmntListEntry>
<AssgnmntListEntry Length="6" RootTermCovItemId="C68">
<MapEntry BoolAssgnmnt="102222" Value="2"/>
<MapEntry BoolAssgnmnt="111111" Value="1"/>
</AssgnmntListEntry>
<AssgnmntListEntry Length="6" RootTermCovItemId="C69">
<MapEntry BoolAssgnmnt="102222" Value="1"/>
<MapEntry BoolAssgnmnt="111111" Value="1"/>
</AssgnmntListEntry>
</AssgnmntPrefix>
<AssgnmntPrefix RootTermCovItemPrefix="com.OriginalFiles.Board.java">
<AssgnmntListEntry Length="3" RootTermCovItemId="C55">
<MapEntry BoolAssgnmnt="011" Value="2"/>
<MapEntry BoolAssgnmnt="010" Value="2"/>
<MapEntry BoolAssgnmnt="002" Value="48"/>
<MapEntry BoolAssgnmnt="120" Value="24"/>
<MapEntry BoolAssgnmnt="121" Value="24"/>
</AssgnmntListEntry>
<AssgnmntListEntry Length="3" RootTermCovItemId="C56">
<MapEntry BoolAssgnmnt="011" Value="2"/>
<MapEntry BoolAssgnmnt="010" Value="2"/>
<MapEntry BoolAssgnmnt="002" Value="26"/>
<MapEntry BoolAssgnmnt="120" Value="20"/>
<MapEntry BoolAssgnmnt="121" Value="24"/>
</AssgnmntListEntry>
</AssgnmntPrefix>
<AssgnmntPrefix RootTermCovItemPrefix="com.OriginalFiles.Field.java">
<AssgnmntListEntry Length="1" RootTermCovItemId="C1">
<MapEntry BoolAssgnmnt="0" Value="34"/>
<MapEntry BoolAssgnmnt="1" Value="8"/>
</AssgnmntListEntry>
</AssgnmntPrefix>
<AssgnmntPrefix RootTermCovItemPrefix="com.OriginalFiles.Piece.java">
<AssgnmntListEntry Length="2" RootTermCovItemId="C1">
<MapEntry BoolAssgnmnt="10" Value="26"/>
<MapEntry BoolAssgnmnt="02" Value="8"/>
<MapEntry BoolAssgnmnt="11" Value="2"/>
</AssgnmntListEntry>
<AssgnmntListEntry Length="5" RootTermCovItemId="C17">
<MapEntry BoolAssgnmnt="00210" Value="13"/>
<MapEntry BoolAssgnmnt="01002" Value="13"/>
<MapEntry BoolAssgnmnt="12222" Value="2"/>
</AssgnmntListEntry>
<AssgnmntListEntry Length="5" RootTermCovItemId="C18">
<MapEntry BoolAssgnmnt="00210" Value="9"/>
<MapEntry BoolAssgnmnt="00211" Value="4"/>
<MapEntry BoolAssgnmnt="01002" Value="9"/>
<MapEntry BoolAssgnmnt="12222" Value="2"/>
<MapEntry BoolAssgnmnt="01122" Value="4"/>
</AssgnmntListEntry>
<AssgnmntListEntry Length="1" RootTermCovItemId="C19">
<MapEntry BoolAssgnmnt="1" Value="8"/>
</AssgnmntListEntry>
<AssgnmntListEntry Length="2" RootTermCovItemId="C2">
<MapEntry BoolAssgnmnt="02" Value="2"/>
</AssgnmntListEntry>
<AssgnmntListEntry Length="1" RootTermCovItemId="C20">
<MapEntry BoolAssgnmnt="0" Value="26"/>
<MapEntry BoolAssgnmnt="1" Value="2"/>
</AssgnmntListEntry>
<AssgnmntListEntry Length="1" RootTermCovItemId="C3">
<MapEntry BoolAssgnmnt="0" Value="8"/>
<MapEntry BoolAssgnmnt="1" Value="28"/>
</AssgnmntListEntry>
<AssgnmntListEntry Length="1" RootTermCovItemId="C5">
<MapEntry BoolAssgnmnt="0" Value="16"/>
<MapEntry BoolAssgnmnt="1" Value="12"/>
</AssgnmntListEntry>
<AssgnmntListEntry Length="1" RootTermCovItemId="C6">
<MapEntry BoolAssgnmnt="0" Value="8"/>
<MapEntry BoolAssgnmnt="1" Value="28"/>
</AssgnmntListEntry>
<AssgnmntListEntry Length="1" RootTermCovItemId="C7">
<MapEntry BoolAssgnmnt="0" Value="26"/>
<MapEntry BoolAssgnmnt="1" Value="2"/>
</AssgnmntListEntry>
<AssgnmntListEntry Length="1" RootTermCovItemId="C8">
<MapEntry BoolAssgnmnt="1" Value="28"/>
</AssgnmntListEntry>
<AssgnmntListEntry Length="1" RootTermCovItemId="C9">
<MapEntry BoolAssgnmnt="0" Value="28"/>
</AssgnmntListEntry>
</AssgnmntPrefix>
<AssgnmntPrefix RootTermCovItemPrefix="com.OriginalFiles.RemoteNXTFunctions.java">
<AssgnmntListEntry Length="1" RootTermCovItemId="C5">
<MapEntry BoolAssgnmnt="1" Value="37"/>
</AssgnmntListEntry>
<AssgnmntListEntry Length="2" RootTermCovItemId="C6">
<MapEntry BoolAssgnmnt="10" Value="1"/>
<MapEntry BoolAssgnmnt="02" Value="4"/>
<MapEntry BoolAssgnmnt="11" Value="32"/>
</AssgnmntListEntry>
<AssgnmntListEntry Length="2" RootTermCovItemId="C7">
<MapEntry BoolAssgnmnt="02" Value="5"/>
</AssgnmntListEntry>
<AssgnmntListEntry Length="2" RootTermCovItemId="C8">
<MapEntry BoolAssgnmnt="10" Value="1"/>
<MapEntry BoolAssgnmnt="02" Value="3"/>
<MapEntry BoolAssgnmnt="11" Value="1"/>
</AssgnmntListEntry>
<AssgnmntListEntry Length="1" RootTermCovItemId="C9">
<MapEntry BoolAssgnmnt="0" Value="1"/>
<MapEntry BoolAssgnmnt="1" Value="3"/>
</AssgnmntListEntry>
</AssgnmntPrefix>
</AssgnmntList>
<ObjMetaDataList/>
<MetaDataList/>
</TestCase>
<TestCase Comment="" Date="1386064416944" Name="com.Testing.AnalyzeTest:testCheckForGameHasEnded">
<CovList>
<CovPrefix CovItemPrefix="com.OriginalFiles.Analyze.java">
<Cov CovItemId="B107" Value="32"/>
<Cov CovItemId="B115" Value="2"/>
<Cov CovItemId="B116" Value="2"/>
<Cov CovItemId="B117" Value="2"/>
<Cov CovItemId="B120" Value="144"/>
<Cov CovItemId="B121" Value="240"/>
<Cov CovItemId="B122" Value="72"/>
<Cov CovItemId="B123" Value="72"/>
<Cov CovItemId="B124" Value="16"/>
<Cov CovItemId="B125" Value="56"/>
<Cov CovItemId="B126" Value="72"/>
<Cov CovItemId="B127" Value="72"/>
<Cov CovItemId="B128" Value="16"/>
<Cov CovItemId="B129" Value="56"/>
<Cov CovItemId="B130" Value="2"/>
<Cov CovItemId="B131" Value="4"/>
<Cov CovItemId="B132" Value="2"/>
<Cov CovItemId="B133" Value="2"/>
<Cov CovItemId="B135" Value="2"/>
<Cov CovItemId="L16-2" Value="6"/>
<Cov CovItemId="L17-2" Value="48"/>
<Cov CovItemId="S199" Value="32"/>
<Cov CovItemId="S200" Value="32"/>
<Cov CovItemId="S201" Value="32"/>
<Cov CovItemId="S202" Value="32"/>
<Cov CovItemId="S203" Value="32"/>
<Cov CovItemId="S204" Value="32"/>
<Cov CovItemId="S212" Value="6"/>
<Cov CovItemId="S213" Value="2"/>
<Cov CovItemId="S214" Value="2"/>
<Cov CovItemId="S215" Value="2"/>
<Cov CovItemId="S216" Value="2"/>
<Cov CovItemId="S217" Value="2"/>
<Cov CovItemId="S221" Value="6"/>
<Cov CovItemId="S222" Value="6"/>
<Cov CovItemId="S223" Value="6"/>
<Cov CovItemId="S224" Value="6"/>
<Cov CovItemId="S225" Value="6"/>
<Cov CovItemId="S226" Value="6"/>
<Cov CovItemId="S227" Value="48"/>
<Cov CovItemId="S228" Value="384"/>
<Cov CovItemId="S229" Value="144"/>
<Cov CovItemId="S230" Value="72"/>
<Cov CovItemId="S231" Value="72"/>
<Cov CovItemId="S232" Value="16"/>
<Cov CovItemId="S233" Value="144"/>
<Cov CovItemId="S234" Value="72"/>
<Cov CovItemId="S235" Value="72"/>
<Cov CovItemId="S236" Value="16"/>
<Cov CovItemId="S237" Value="6"/>
<Cov CovItemId="S238" Value="2"/>
<Cov CovItemId="S239" Value="4"/>
<Cov CovItemId="S240" Value="2"/>
<Cov CovItemId="S241" Value="2"/>
<Cov CovItemId="S250" Value="2"/>
</CovPrefix>
<CovPrefix CovItemPrefix="com.OriginalFiles.Board.java">
<Cov CovItemId="B41" Value="224"/>
<Cov CovItemId="B42" Value="64"/>
<Cov CovItemId="B44" Value="144"/>
<Cov CovItemId="B45" Value="28"/>
<Cov CovItemId="B46" Value="116"/>
<Cov CovItemId="B47" Value="28"/>
<Cov CovItemId="B48" Value="116"/>
<Cov CovItemId="B50" Value="144"/>
<Cov CovItemId="B55" Value="288"/>
<Cov CovItemId="B56" Value="288"/>
<Cov CovItemId="B57" Value="168"/>
<Cov CovItemId="B58" Value="120"/>
<Cov CovItemId="B59" Value="168"/>
<Cov CovItemId="B62" Value="168"/>
<Cov CovItemId="B63" Value="192"/>
<Cov CovItemId="B64" Value="192"/>
<Cov CovItemId="B65" Value="144"/>
<Cov CovItemId="B66" Value="48"/>
<Cov CovItemId="B67" Value="72"/>
<Cov CovItemId="B68" Value="72"/>
<Cov CovItemId="B79" Value="600"/>
<Cov CovItemId="B81" Value="552"/>
<Cov CovItemId="B82" Value="48"/>
<Cov CovItemId="B83" Value="168"/>
<Cov CovItemId="B84" Value="476"/>
<Cov CovItemId="B85" Value="96"/>
<Cov CovItemId="B86" Value="380"/>
<Cov CovItemId="L10-2" Value="96"/>
<Cov CovItemId="L13-2" Value="6"/>
<Cov CovItemId="L14-2" Value="48"/>
<Cov CovItemId="L9-2" Value="12"/>
<Cov CovItemId="S115" Value="288"/>
<Cov CovItemId="S116" Value="224"/>
<Cov CovItemId="S117" Value="64"/>
<Cov CovItemId="S118" Value="144"/>
<Cov CovItemId="S119" Value="144"/>
<Cov CovItemId="S121" Value="144"/>
<Cov CovItemId="S122" Value="144"/>
<Cov CovItemId="S123" Value="144"/>
<Cov CovItemId="S124" Value="144"/>
<Cov CovItemId="S125" Value="28"/>
<Cov CovItemId="S126" Value="144"/>
<Cov CovItemId="S127" Value="28"/>
<Cov CovItemId="S128" Value="144"/>
<Cov CovItemId="S133" Value="144"/>
<Cov CovItemId="S134" Value="144"/>
<Cov CovItemId="S135" Value="576"/>
<Cov CovItemId="S136" Value="288"/>
<Cov CovItemId="S137" Value="288"/>
<Cov CovItemId="S138" Value="168"/>
<Cov CovItemId="S139" Value="168"/>
<Cov CovItemId="S141" Value="288"/>
<Cov CovItemId="S142" Value="576"/>
<Cov CovItemId="S143" Value="6"/>
<Cov CovItemId="S144" Value="6"/>
<Cov CovItemId="S145" Value="48"/>
<Cov CovItemId="S146" Value="384"/>
<Cov CovItemId="S147" Value="192"/>
<Cov CovItemId="S148" Value="144"/>
<Cov CovItemId="S149" Value="72"/>
<Cov CovItemId="S150" Value="72"/>
<Cov CovItemId="S151" Value="6"/>
<Cov CovItemId="S176" Value="600"/>
<Cov CovItemId="S177" Value="600"/>
<Cov CovItemId="S178" Value="552"/>
<Cov CovItemId="S179" Value="48"/>
<Cov CovItemId="S180" Value="644"/>
<Cov CovItemId="S181" Value="168"/>
<Cov CovItemId="S182" Value="476"/>
<Cov CovItemId="S183" Value="96"/>
<Cov CovItemId="S184" Value="380"/>
<Cov CovItemId="S185" Value="1240"/>
<Cov CovItemId="S61" Value="12"/>
<Cov CovItemId="S62" Value="96"/>
<Cov CovItemId="S63" Value="768"/>
</CovPrefix>
<CovPrefix CovItemPrefix="com.OriginalFiles.Field.java">
<Cov CovItemId="B1" Value="32"/>
<Cov CovItemId="B2" Value="8"/>
<Cov CovItemId="S1" Value="88"/>
<Cov CovItemId="S13" Value="64"/>
<Cov CovItemId="S2" Value="88"/>
<Cov CovItemId="S5" Value="40"/>
<Cov CovItemId="S6" Value="40"/>
<Cov CovItemId="S7" Value="32"/>
<Cov CovItemId="S8" Value="1964"/>
<Cov CovItemId="S9" Value="1248"/>
</CovPrefix>
<CovPrefix CovItemPrefix="com.OriginalFiles.Piece.java">
<Cov CovItemId="B10" Value="12"/>
<Cov CovItemId="B11" Value="24"/>
<Cov CovItemId="B12" Value="8"/>
<Cov CovItemId="B14" Value="24"/>
<Cov CovItemId="B15" Value="24"/>
<Cov CovItemId="B18" Value="24"/>
<Cov CovItemId="B2" Value="32"/>
<Cov CovItemId="B34" Value="24"/>
<Cov CovItemId="B35" Value="8"/>
<Cov CovItemId="B36" Value="16"/>
<Cov CovItemId="B37" Value="8"/>
<Cov CovItemId="B40" Value="24"/>
<Cov CovItemId="B5" Value="24"/>
<Cov CovItemId="B6" Value="8"/>
<Cov CovItemId="B9" Value="12"/>
<Cov CovItemId="S1" Value="32"/>
<Cov CovItemId="S10" Value="32"/>
<Cov CovItemId="S11" Value="32"/>
<Cov CovItemId="S12" Value="32"/>
<Cov CovItemId="S13" Value="32"/>
<Cov CovItemId="S14" Value="32"/>
<Cov CovItemId="S15" Value="32"/>
<Cov CovItemId="S16" Value="32"/>
<Cov CovItemId="S17" Value="32"/>
<Cov CovItemId="S18" Value="32"/>
<Cov CovItemId="S19" Value="32"/>
<Cov CovItemId="S2" Value="32"/>
<Cov CovItemId="S20" Value="32"/>
<Cov CovItemId="S21" Value="32"/>
<Cov CovItemId="S24" Value="32"/>
<Cov CovItemId="S25" Value="32"/>
<Cov CovItemId="S26" Value="32"/>
<Cov CovItemId="S3" Value="32"/>
<Cov CovItemId="S30" Value="32"/>
<Cov CovItemId="S31" Value="32"/>
<Cov CovItemId="S32" Value="32"/>
<Cov CovItemId="S33" Value="24"/>
<Cov CovItemId="S34" Value="8"/>
<Cov CovItemId="S35" Value="8"/>
<Cov CovItemId="S39" Value="24"/>
<Cov CovItemId="S4" Value="32"/>
<Cov CovItemId="S40" Value="12"/>
<Cov CovItemId="S41" Value="12"/>
<Cov CovItemId="S42" Value="32"/>
<Cov CovItemId="S43" Value="32"/>
<Cov CovItemId="S44" Value="24"/>
<Cov CovItemId="S45" Value="24"/>
<Cov CovItemId="S46" Value="24"/>
<Cov CovItemId="S48" Value="24"/>
<Cov CovItemId="S49" Value="24"/>
<Cov CovItemId="S5" Value="32"/>
<Cov CovItemId="S50" Value="24"/>
<Cov CovItemId="S6" Value="32"/>
<Cov CovItemId="S65" Value="24"/>
<Cov CovItemId="S67" Value="24"/>
<Cov CovItemId="S68" Value="8"/>
<Cov CovItemId="S69" Value="8"/>
<Cov CovItemId="S7" Value="32"/>
<Cov CovItemId="S70" Value="8"/>
<Cov CovItemId="S71" Value="24"/>
<Cov CovItemId="S73" Value="24"/>
<Cov CovItemId="S8" Value="32"/>
<Cov CovItemId="S9" Value="32"/>
</CovPrefix>
<CovPrefix CovItemPrefix="com.OriginalFiles.RemoteNXTFunctions.java">
<Cov CovItemId="B5" Value="32"/>
<Cov CovItemId="B7" Value="32"/>
<Cov CovItemId="S162" Value="32"/>
<Cov CovItemId="S19" Value="32"/>
<Cov CovItemId="S20" Value="32"/>
<Cov CovItemId="S21" Value="32"/>
<Cov CovItemId="S22" Value="32"/>
</CovPrefix>
</CovList>
<AssgnmntList>
<AssgnmntPrefix RootTermCovItemPrefix="com.OriginalFiles.Analyze.java">
<AssgnmntListEntry Length="6" RootTermCovItemId="C66">
<MapEntry BoolAssgnmnt="111111" Value="32"/>
</AssgnmntListEntry>
<AssgnmntListEntry Length="1" RootTermCovItemId="C70">
<MapEntry BoolAssgnmnt="0" Value="144"/>
<MapEntry BoolAssgnmnt="1" Value="240"/>
</AssgnmntListEntry>
<AssgnmntListEntry Length="1" RootTermCovItemId="C71">
<MapEntry BoolAssgnmnt="0" Value="72"/>
<MapEntry BoolAssgnmnt="1" Value="72"/>
</AssgnmntListEntry>
<AssgnmntListEntry Length="1" RootTermCovItemId="C72">
<MapEntry BoolAssgnmnt="0" Value="56"/>
<MapEntry BoolAssgnmnt="1" Value="16"/>
</AssgnmntListEntry>
<AssgnmntListEntry Length="1" RootTermCovItemId="C73">
<MapEntry BoolAssgnmnt="0" Value="72"/>
<MapEntry BoolAssgnmnt="1" Value="72"/>
</AssgnmntListEntry>
<AssgnmntListEntry Length="1" RootTermCovItemId="C74">
<MapEntry BoolAssgnmnt="0" Value="56"/>
<MapEntry BoolAssgnmnt="1" Value="16"/>
</AssgnmntListEntry>
<AssgnmntListEntry Length="3" RootTermCovItemId="C75">
<MapEntry BoolAssgnmnt="012" Value="2"/>
<MapEntry BoolAssgnmnt="122" Value="2"/>
<MapEntry BoolAssgnmnt="001" Value="2"/>
</AssgnmntListEntry>
<AssgnmntListEntry Length="3" RootTermCovItemId="C76">
<MapEntry BoolAssgnmnt="011" Value="1"/>
<MapEntry BoolAssgnmnt="122" Value="2"/>
<MapEntry BoolAssgnmnt="002" Value="1"/>
</AssgnmntListEntry>
<AssgnmntListEntry Length="2" RootTermCovItemId="C77">
<MapEntry BoolAssgnmnt="02" Value="2"/>
</AssgnmntListEntry>
</AssgnmntPrefix>
<AssgnmntPrefix RootTermCovItemPrefix="com.OriginalFiles.Board.java">
<AssgnmntListEntry Length="1" RootTermCovItemId="C31">
<MapEntry BoolAssgnmnt="0" Value="64"/>
<MapEntry BoolAssgnmnt="1" Value="224"/>
</AssgnmntListEntry>
<AssgnmntListEntry Length="1" RootTermCovItemId="C32">
<MapEntry BoolAssgnmnt="0" Value="144"/>
</AssgnmntListEntry>
<AssgnmntListEntry Length="1" RootTermCovItemId="C33">
<MapEntry BoolAssgnmnt="0" Value="28"/>
<MapEntry BoolAssgnmnt="1" Value="116"/>
</AssgnmntListEntry>
<AssgnmntListEntry Length="1" RootTermCovItemId="C34">
<MapEntry BoolAssgnmnt="0" Value="28"/>
<MapEntry BoolAssgnmnt="1" Value="116"/>
</AssgnmntListEntry>
<AssgnmntListEntry Length="1" RootTermCovItemId="C35">
<MapEntry BoolAssgnmnt="0" Value="144"/>
</AssgnmntListEntry>
<AssgnmntListEntry Length="5" RootTermCovItemId="C38">
<MapEntry BoolAssgnmnt="02002" Value="144"/>
<MapEntry BoolAssgnmnt="10122" Value="144"/>
<MapEntry BoolAssgnmnt="11220" Value="144"/>
<MapEntry BoolAssgnmnt="02010" Value="144"/>
</AssgnmntListEntry>
<AssgnmntListEntry Length="1" RootTermCovItemId="C39">
<MapEntry BoolAssgnmnt="0" Value="120"/>
<MapEntry BoolAssgnmnt="1" Value="168"/>
</AssgnmntListEntry>
<AssgnmntListEntry Length="1" RootTermCovItemId="C40">
<MapEntry BoolAssgnmnt="0" Value="168"/>
</AssgnmntListEntry>
<AssgnmntListEntry Length="2" RootTermCovItemId="C41">
<MapEntry BoolAssgnmnt="02" Value="168"/>
</AssgnmntListEntry>
<AssgnmntListEntry Length="1" RootTermCovItemId="C42">
<MapEntry BoolAssgnmnt="0" Value="192"/>
<MapEntry BoolAssgnmnt="1" Value="192"/>
</AssgnmntListEntry>
<AssgnmntListEntry Length="1" RootTermCovItemId="C43">
<MapEntry BoolAssgnmnt="0" Value="48"/>
<MapEntry BoolAssgnmnt="1" Value="144"/>
</AssgnmntListEntry>
<AssgnmntListEntry Length="1" RootTermCovItemId="C44">
<MapEntry BoolAssgnmnt="0" Value="72"/>
<MapEntry BoolAssgnmnt="1" Value="72"/>
</AssgnmntListEntry>
<AssgnmntListEntry Length="1" RootTermCovItemId="C53">
<MapEntry BoolAssgnmnt="1" Value="600"/>
</AssgnmntListEntry>
<AssgnmntListEntry Length="1" RootTermCovItemId="C54">
<MapEntry BoolAssgnmnt="0" Value="552"/>
<MapEntry BoolAssgnmnt="1" Value="48"/>
</AssgnmntListEntry>
<AssgnmntListEntry Length="3" RootTermCovItemId="C55">
<MapEntry BoolAssgnmnt="002" Value="320"/>
<MapEntry BoolAssgnmnt="120" Value="168"/>
<MapEntry BoolAssgnmnt="121" Value="156"/>
</AssgnmntListEntry>
<AssgnmntListEntry Length="3" RootTermCovItemId="C56">
<MapEntry BoolAssgnmnt="002" Value="156"/>
<MapEntry BoolAssgnmnt="120" Value="224"/>
<MapEntry BoolAssgnmnt="121" Value="96"/>
</AssgnmntListEntry>
</AssgnmntPrefix>
<AssgnmntPrefix RootTermCovItemPrefix="com.OriginalFiles.Field.java">
<AssgnmntListEntry Length="1" RootTermCovItemId="C1">
<MapEntry BoolAssgnmnt="0" Value="32"/>
<MapEntry BoolAssgnmnt="1" Value="8"/>
</AssgnmntListEntry>
</AssgnmntPrefix>
<AssgnmntPrefix RootTermCovItemPrefix="com.OriginalFiles.Piece.java">
<AssgnmntListEntry Length="2" RootTermCovItemId="C1">
<MapEntry BoolAssgnmnt="10" Value="24"/>
<MapEntry BoolAssgnmnt="02" Value="8"/>
</AssgnmntListEntry>
<AssgnmntListEntry Length="5" RootTermCovItemId="C17">
<MapEntry BoolAssgnmnt="00210" Value="12"/>
<MapEntry BoolAssgnmnt="01002" Value="12"/>
</AssgnmntListEntry>
<AssgnmntListEntry Length="5" RootTermCovItemId="C18">
<MapEntry BoolAssgnmnt="00210" Value="8"/>
<MapEntry BoolAssgnmnt="00211" Value="4"/>
<MapEntry BoolAssgnmnt="01002" Value="8"/>
<MapEntry BoolAssgnmnt="01122" Value="4"/>
</AssgnmntListEntry>
<AssgnmntListEntry Length="1" RootTermCovItemId="C19">
<MapEntry BoolAssgnmnt="1" Value="8"/>
</AssgnmntListEntry>
<AssgnmntListEntry Length="1" RootTermCovItemId="C20">
<MapEntry BoolAssgnmnt="0" Value="24"/>
</AssgnmntListEntry>
<AssgnmntListEntry Length="1" RootTermCovItemId="C3">
<MapEntry BoolAssgnmnt="0" Value="8"/>
<MapEntry BoolAssgnmnt="1" Value="24"/>
</AssgnmntListEntry>
<AssgnmntListEntry Length="1" RootTermCovItemId="C5">
<MapEntry BoolAssgnmnt="0" Value="12"/>
<MapEntry BoolAssgnmnt="1" Value="12"/>
</AssgnmntListEntry>
<AssgnmntListEntry Length="1" RootTermCovItemId="C6">
<MapEntry BoolAssgnmnt="0" Value="8"/>
<MapEntry BoolAssgnmnt="1" Value="24"/>
</AssgnmntListEntry>
<AssgnmntListEntry Length="1" RootTermCovItemId="C7">
<MapEntry BoolAssgnmnt="0" Value="24"/>
</AssgnmntListEntry>
<AssgnmntListEntry Length="1" RootTermCovItemId="C8">
<MapEntry BoolAssgnmnt="1" Value="24"/>
</AssgnmntListEntry>
<AssgnmntListEntry Length="1" RootTermCovItemId="C9">
<MapEntry BoolAssgnmnt="0" Value="24"/>
</AssgnmntListEntry>
</AssgnmntPrefix>
<AssgnmntPrefix RootTermCovItemPrefix="com.OriginalFiles.RemoteNXTFunctions.java">
<AssgnmntListEntry Length="1" RootTermCovItemId="C5">
<MapEntry BoolAssgnmnt="1" Value="32"/>
</AssgnmntListEntry>
<AssgnmntListEntry Length="2" RootTermCovItemId="C6">
<MapEntry BoolAssgnmnt="11" Value="32"/>
</AssgnmntListEntry>
</AssgnmntPrefix>
</AssgnmntList>
<ObjMetaDataList/>
<MetaDataList/>
</TestCase>
<TestCase Comment="" Date="1386064416946" Name="com.Testing.AnalyzeTest:testcleanUp">
<CovList>
<CovPrefix CovItemPrefix="com.OriginalFiles.Analyze.java">
<Cov CovItemId="B158" Value="4"/>
<Cov CovItemId="B159" Value="60"/>
<Cov CovItemId="B160" Value="1"/>
<Cov CovItemId="B161" Value="23"/>
<Cov CovItemId="B162" Value="1"/>
<Cov CovItemId="B163" Value="15"/>
<Cov CovItemId="B164" Value="2"/>
<Cov CovItemId="B165" Value="4"/>
<Cov CovItemId="B166" Value="1"/>
<Cov CovItemId="B167" Value="3"/>
<Cov CovItemId="B168" Value="1"/>
<Cov CovItemId="B169" Value="2"/>
<Cov CovItemId="B170" Value="1"/>
<Cov CovItemId="B172" Value="2"/>
<Cov CovItemId="B174" Value="2"/>
<Cov CovItemId="B175" Value="4"/>
<Cov CovItemId="B176" Value="1"/>
<Cov CovItemId="B177" Value="1"/>
<Cov CovItemId="B178" Value="1"/>
<Cov CovItemId="B180" Value="1"/>
<Cov CovItemId="B182" Value="1"/>
<Cov CovItemId="B84" Value="3"/>
<Cov CovItemId="L20-2" Value="1"/>
<Cov CovItemId="L21-2" Value="8"/>
<Cov CovItemId="L22-2" Value="1"/>
<Cov CovItemId="L23-2" Value="8"/>
<Cov CovItemId="L24-2" Value="1"/>
<Cov CovItemId="L25-2" Value="8"/>
<Cov CovItemId="L26-1" Value="1"/>
<Cov CovItemId="L27-1" Value="1"/>
<Cov CovItemId="L28-1" Value="1"/>
<Cov CovItemId="L28-2" Value="1"/>
<Cov CovItemId="L29-1" Value="1"/>
<Cov CovItemId="L29-2" Value="2"/>
<Cov CovItemId="L30-1" Value="1"/>
<Cov CovItemId="L31-1" Value="1"/>
<Cov CovItemId="S149" Value="3"/>
<Cov CovItemId="S270" Value="1"/>
<Cov CovItemId="S271" Value="8"/>
<Cov CovItemId="S272" Value="64"/>
<Cov CovItemId="S273" Value="4"/>
<Cov CovItemId="S274" Value="1"/>
<Cov CovItemId="S275" Value="8"/>
<Cov CovItemId="S276" Value="24"/>
<Cov CovItemId="S277" Value="1"/>
<Cov CovItemId="S278" Value="1"/>
<Cov CovItemId="S279" Value="8"/>
<Cov CovItemId="S280" Value="16"/>
<Cov CovItemId="S281" Value="1"/>
<Cov CovItemId="S282" Value="6"/>
<Cov CovItemId="S283" Value="2"/>
<Cov CovItemId="S284" Value="4"/>
<Cov CovItemId="S285" Value="1"/>
<Cov CovItemId="S286" Value="3"/>
<Cov CovItemId="S287" Value="3"/>
<Cov CovItemId="S288" Value="1"/>
<Cov CovItemId="S289" Value="1"/>
<Cov CovItemId="S290" Value="1"/>
<Cov CovItemId="S291" Value="1"/>
<Cov CovItemId="S292" Value="1"/>
<Cov CovItemId="S293" Value="2"/>
<Cov CovItemId="S294" Value="2"/>
<Cov CovItemId="S295" Value="3"/>
<Cov CovItemId="S296" Value="6"/>
<Cov CovItemId="S297" Value="2"/>
<Cov CovItemId="S298" Value="2"/>
<Cov CovItemId="S299" Value="2"/>
<Cov CovItemId="S300" Value="1"/>
<Cov CovItemId="S301" Value="1"/>
<Cov CovItemId="S302" Value="1"/>
<Cov CovItemId="S303" Value="1"/>
<Cov CovItemId="S304" Value="1"/>
<Cov CovItemId="S306" Value="1"/>
<Cov CovItemId="S307" Value="1"/>
<Cov CovItemId="S308" Value="1"/>
<Cov CovItemId="S309" Value="1"/>
<Cov CovItemId="S310" Value="1"/>
<Cov CovItemId="S311" Value="1"/>
<Cov CovItemId="S313" Value="4"/>
</CovPrefix>
<CovPrefix CovItemPrefix="com.OriginalFiles.Board.java">
<Cov CovItemId="B31" Value="3"/>
<Cov CovItemId="B33" Value="1"/>
<Cov CovItemId="B34" Value="2"/>
<Cov CovItemId="B36" Value="3"/>
<Cov CovItemId="B37" Value="3"/>
<Cov CovItemId="B38" Value="2"/>
<Cov CovItemId="B79" Value="3"/>
<Cov CovItemId="B81" Value="3"/>
<Cov CovItemId="B83" Value="17"/>
<Cov CovItemId="B84" Value="44"/>
<Cov CovItemId="B85" Value="15"/>
<Cov CovItemId="B86" Value="29"/>
<Cov CovItemId="S100" Value="1"/>
<Cov CovItemId="S101" Value="2"/>
<Cov CovItemId="S102" Value="3"/>
<Cov CovItemId="S104" Value="3"/>
<Cov CovItemId="S106" Value="5"/>
<Cov CovItemId="S107" Value="5"/>
<Cov CovItemId="S108" Value="5"/>
<Cov CovItemId="S109" Value="3"/>
<Cov CovItemId="S176" Value="3"/>
<Cov CovItemId="S177" Value="3"/>
<Cov CovItemId="S178" Value="3"/>
<Cov CovItemId="S180" Value="61"/>
<Cov CovItemId="S181" Value="17"/>
<Cov CovItemId="S182" Value="44"/>
<Cov CovItemId="S183" Value="15"/>
<Cov CovItemId="S184" Value="29"/>
<Cov CovItemId="S185" Value="47"/>
<Cov CovItemId="S98" Value="3"/>
<Cov CovItemId="S99" Value="3"/>
</CovPrefix>
<CovPrefix CovItemPrefix="com.OriginalFiles.Field.java">
<Cov CovItemId="B1" Value="11"/>
<Cov CovItemId="S13" Value="71"/>
<Cov CovItemId="S5" Value="11"/>
<Cov CovItemId="S6" Value="11"/>
<Cov CovItemId="S7" Value="11"/>
<Cov CovItemId="S8" Value="30"/>
<Cov CovItemId="S9" Value="130"/>
</CovPrefix>
<CovPrefix CovItemPrefix="com.OriginalFiles.Move.java">
<Cov CovItemId="S1" Value="5"/>
<Cov CovItemId="S2" Value="5"/>
<Cov CovItemId="S3" Value="5"/>
<Cov CovItemId="S4" Value="5"/>
<Cov CovItemId="S5" Value="5"/>
<Cov CovItemId="S6" Value="5"/>
<Cov CovItemId="S7" Value="5"/>
</CovPrefix>
<CovPrefix CovItemPrefix="com.OriginalFiles.Piece.java">
<Cov CovItemId="B1" Value="2"/>
<Cov CovItemId="B10" Value="9"/>
<Cov CovItemId="B11" Value="13"/>
<Cov CovItemId="B12" Value="4"/>
<Cov CovItemId="B13" Value="2"/>
<Cov CovItemId="B14" Value="11"/>
<Cov CovItemId="B15" Value="13"/>
<Cov CovItemId="B18" Value="13"/>
<Cov CovItemId="B2" Value="15"/>
<Cov CovItemId="B33" Value="2"/>
<Cov CovItemId="B34" Value="11"/>
<Cov CovItemId="B35" Value="2"/>
<Cov CovItemId="B36" Value="11"/>
<Cov CovItemId="B37" Value="2"/>
<Cov CovItemId="B39" Value="2"/>
<Cov CovItemId="B4" Value="2"/>
<Cov CovItemId="B40" Value="11"/>
<Cov CovItemId="B5" Value="13"/>
<Cov CovItemId="B6" Value="4"/>
<Cov CovItemId="B9" Value="4"/>
<Cov CovItemId="S1" Value="6"/>
<Cov CovItemId="S10" Value="6"/>
<Cov CovItemId="S11" Value="6"/>
<Cov CovItemId="S12" Value="6"/>
<Cov CovItemId="S13" Value="6"/>
<Cov CovItemId="S14" Value="6"/>
<Cov CovItemId="S15" Value="6"/>
<Cov CovItemId="S16" Value="6"/>
<Cov CovItemId="S17" Value="6"/>
<Cov CovItemId="S18" Value="6"/>
<Cov CovItemId="S19" Value="6"/>
<Cov CovItemId="S2" Value="6"/>
<Cov CovItemId="S20" Value="6"/>
<Cov CovItemId="S21" Value="6"/>
<Cov CovItemId="S22" Value="7"/>
<Cov CovItemId="S24" Value="17"/>
<Cov CovItemId="S25" Value="17"/>
<Cov CovItemId="S26" Value="17"/>
<Cov CovItemId="S27" Value="2"/>
<Cov CovItemId="S29" Value="2"/>
<Cov CovItemId="S3" Value="6"/>
<Cov CovItemId="S30" Value="15"/>
<Cov CovItemId="S31" Value="17"/>
<Cov CovItemId="S32" Value="17"/>
<Cov CovItemId="S33" Value="13"/>
<Cov CovItemId="S34" Value="4"/>
<Cov CovItemId="S35" Value="4"/>
<Cov CovItemId="S39" Value="13"/>
<Cov CovItemId="S4" Value="6"/>
<Cov CovItemId="S40" Value="4"/>
<Cov CovItemId="S41" Value="9"/>
<Cov CovItemId="S42" Value="17"/>
<Cov CovItemId="S43" Value="17"/>
<Cov CovItemId="S44" Value="13"/>
<Cov CovItemId="S45" Value="13"/>
<Cov CovItemId="S46" Value="13"/>
<Cov CovItemId="S47" Value="2"/>
<Cov CovItemId="S48" Value="13"/>
<Cov CovItemId="S49" Value="13"/>
<Cov CovItemId="S5" Value="6"/>
<Cov CovItemId="S50" Value="13"/>
<Cov CovItemId="S6" Value="6"/>
<Cov CovItemId="S65" Value="13"/>
<Cov CovItemId="S66" Value="2"/>
<Cov CovItemId="S67" Value="13"/>
<Cov CovItemId="S68" Value="2"/>
<Cov CovItemId="S69" Value="2"/>
<Cov CovItemId="S7" Value="6"/>
<Cov CovItemId="S70" Value="2"/>
<Cov CovItemId="S71" Value="13"/>
<Cov CovItemId="S72" Value="2"/>
<Cov CovItemId="S73" Value="13"/>
<Cov CovItemId="S8" Value="6"/>
<Cov CovItemId="S9" Value="6"/>
</CovPrefix>
<CovPrefix CovItemPrefix="com.OriginalFiles.RemoteNXTFunctions.java">
<Cov CovItemId="B2" Value="5"/>
<Cov CovItemId="B4" Value="5"/>
<Cov CovItemId="L1-1" Value="5"/>
<Cov CovItemId="L2-0" Value="5"/>
<Cov CovItemId="S10" Value="5"/>
<Cov CovItemId="S12" Value="5"/>
<Cov CovItemId="S14" Value="5"/>
<Cov CovItemId="S15" Value="5"/>
<Cov CovItemId="S17" Value="5"/>
<Cov CovItemId="S18" Value="5"/>
<Cov CovItemId="S6" Value="5"/>
<Cov CovItemId="S7" Value="5"/>
<Cov CovItemId="S8" Value="5"/>
<Cov CovItemId="S9" Value="5"/>
</CovPrefix>
</CovList>
<AssgnmntList>
<AssgnmntPrefix RootTermCovItemPrefix="com.OriginalFiles.Analyze.java">
<AssgnmntListEntry Length="1" RootTermCovItemId="C100">
<MapEntry BoolAssgnmnt="1" Value="2"/>
</AssgnmntListEntry>
<AssgnmntListEntry Length="1" RootTermCovItemId="C101">
<MapEntry BoolAssgnmnt="1" Value="3"/>
</AssgnmntListEntry>
<AssgnmntListEntry Length="1" RootTermCovItemId="C102">
<MapEntry BoolAssgnmnt="0" Value="1"/>
<MapEntry BoolAssgnmnt="1" Value="6"/>
</AssgnmntListEntry>
<AssgnmntListEntry Length="2" RootTermCovItemId="C103">
<MapEntry BoolAssgnmnt="10" Value="3"/>
<MapEntry BoolAssgnmnt="02" Value="1"/>
<MapEntry BoolAssgnmnt="11" Value="2"/>
</AssgnmntListEntry>
<AssgnmntListEntry Length="1" RootTermCovItemId="C104">
<MapEntry BoolAssgnmnt="0" Value="1"/>
<MapEntry BoolAssgnmnt="1" Value="1"/>
</AssgnmntListEntry>
<AssgnmntListEntry Length="1" RootTermCovItemId="C105">
<MapEntry BoolAssgnmnt="0" Value="1"/>
</AssgnmntListEntry>
<AssgnmntListEntry Length="1" RootTermCovItemId="C106">
<MapEntry BoolAssgnmnt="1" Value="1"/>
</AssgnmntListEntry>
<AssgnmntListEntry Length="1" RootTermCovItemId="C107">
<MapEntry BoolAssgnmnt="1" Value="1"/>
</AssgnmntListEntry>
<AssgnmntListEntry Length="1" RootTermCovItemId="C108">
<MapEntry BoolAssgnmnt="0" Value="1"/>
</AssgnmntListEntry>
<AssgnmntListEntry Length="1" RootTermCovItemId="C109">
<MapEntry BoolAssgnmnt="1" Value="1"/>
</AssgnmntListEntry>
<AssgnmntListEntry Length="1" RootTermCovItemId="C49">
<MapEntry BoolAssgnmnt="0" Value="3"/>
</AssgnmntListEntry>
<AssgnmntListEntry Length="1" RootTermCovItemId="C91">
<MapEntry BoolAssgnmnt="0" Value="4"/>
<MapEntry BoolAssgnmnt="1" Value="60"/>
</AssgnmntListEntry>
<AssgnmntListEntry Length="1" RootTermCovItemId="C92">
<MapEntry BoolAssgnmnt="0" Value="1"/>
<MapEntry BoolAssgnmnt="1" Value="23"/>
</AssgnmntListEntry>
<AssgnmntListEntry Length="1" RootTermCovItemId="C93">
<MapEntry BoolAssgnmnt="0" Value="1"/>
<MapEntry BoolAssgnmnt="1" Value="15"/>
</AssgnmntListEntry>
<AssgnmntListEntry Length="1" RootTermCovItemId="C94">
<MapEntry BoolAssgnmnt="0" Value="4"/>
<MapEntry BoolAssgnmnt="1" Value="2"/>
</AssgnmntListEntry>
<AssgnmntListEntry Length="1" RootTermCovItemId="C95">
<MapEntry BoolAssgnmnt="0" Value="3"/>
<MapEntry BoolAssgnmnt="1" Value="1"/>
</AssgnmntListEntry>
<AssgnmntListEntry Length="1" RootTermCovItemId="C96">
<MapEntry BoolAssgnmnt="0" Value="2"/>
<MapEntry BoolAssgnmnt="1" Value="1"/>
</AssgnmntListEntry>
<AssgnmntListEntry Length="1" RootTermCovItemId="C97">
<MapEntry BoolAssgnmnt="1" Value="1"/>
</AssgnmntListEntry>
<AssgnmntListEntry Length="1" RootTermCovItemId="C98">
<MapEntry BoolAssgnmnt="1" Value="1"/>
</AssgnmntListEntry>
<AssgnmntListEntry Length="2" RootTermCovItemId="C99">
<MapEntry BoolAssgnmnt="11" Value="1"/>
</AssgnmntListEntry>
</AssgnmntPrefix>
<AssgnmntPrefix RootTermCovItemPrefix="com.OriginalFiles.Board.java">
<AssgnmntListEntry Length="1" RootTermCovItemId="C26">
<MapEntry BoolAssgnmnt="0" Value="3"/>
</AssgnmntListEntry>
<AssgnmntListEntry Length="1" RootTermCovItemId="C27">
<MapEntry BoolAssgnmnt="0" Value="2"/>
<MapEntry BoolAssgnmnt="1" Value="1"/>
</AssgnmntListEntry>
<AssgnmntListEntry Length="2" RootTermCovItemId="C28">
<MapEntry BoolAssgnmnt="02" Value="3"/>
</AssgnmntListEntry>
<AssgnmntListEntry Length="1" RootTermCovItemId="C29">
<MapEntry BoolAssgnmnt="0" Value="2"/>
<MapEntry BoolAssgnmnt="1" Value="3"/>
</AssgnmntListEntry>
<AssgnmntListEntry Length="1" RootTermCovItemId="C53">
<MapEntry BoolAssgnmnt="1" Value="3"/>
</AssgnmntListEntry>
<AssgnmntListEntry Length="1" RootTermCovItemId="C54">
<MapEntry BoolAssgnmnt="0" Value="3"/>
</AssgnmntListEntry>
<AssgnmntListEntry Length="3" RootTermCovItemId="C55">
<MapEntry BoolAssgnmnt="011" Value="2"/>
<MapEntry BoolAssgnmnt="010" Value="3"/>
<MapEntry BoolAssgnmnt="002" Value="26"/>
<MapEntry BoolAssgnmnt="120" Value="14"/>
<MapEntry BoolAssgnmnt="121" Value="16"/>
</AssgnmntListEntry>
<AssgnmntListEntry Length="3" RootTermCovItemId="C56">
<MapEntry BoolAssgnmnt="011" Value="3"/>
<MapEntry BoolAssgnmnt="010" Value="2"/>
<MapEntry BoolAssgnmnt="002" Value="18"/>
<MapEntry BoolAssgnmnt="120" Value="9"/>
<MapEntry BoolAssgnmnt="121" Value="12"/>
</AssgnmntListEntry>
</AssgnmntPrefix>
<AssgnmntPrefix RootTermCovItemPrefix="com.OriginalFiles.Field.java">
<AssgnmntListEntry Length="1" RootTermCovItemId="C1">
<MapEntry BoolAssgnmnt="0" Value="11"/>
</AssgnmntListEntry>
</AssgnmntPrefix>
<AssgnmntPrefix RootTermCovItemPrefix="com.OriginalFiles.Piece.java">
<AssgnmntListEntry Length="2" RootTermCovItemId="C1">
<MapEntry BoolAssgnmnt="10" Value="11"/>
<MapEntry BoolAssgnmnt="02" Value="4"/>
<MapEntry BoolAssgnmnt="11" Value="2"/>
</AssgnmntListEntry>
<AssgnmntListEntry Length="5" RootTermCovItemId="C17">
<MapEntry BoolAssgnmnt="00210" Value="4"/>
<MapEntry BoolAssgnmnt="00211" Value="2"/>
<MapEntry BoolAssgnmnt="01002" Value="5"/>
<MapEntry BoolAssgnmnt="12222" Value="2"/>
</AssgnmntListEntry>
<AssgnmntListEntry Length="5" RootTermCovItemId="C18">
<MapEntry BoolAssgnmnt="00210" Value="5"/>
<MapEntry BoolAssgnmnt="00211" Value="1"/>
<MapEntry BoolAssgnmnt="01002" Value="4"/>
<MapEntry BoolAssgnmnt="12222" Value="2"/>
<MapEntry BoolAssgnmnt="01122" Value="1"/>
</AssgnmntListEntry>
<AssgnmntListEntry Length="1" RootTermCovItemId="C19">
<MapEntry BoolAssgnmnt="1" Value="2"/>
</AssgnmntListEntry>
<AssgnmntListEntry Length="2" RootTermCovItemId="C2">
<MapEntry BoolAssgnmnt="02" Value="2"/>
</AssgnmntListEntry>
<AssgnmntListEntry Length="1" RootTermCovItemId="C20">
<MapEntry BoolAssgnmnt="0" Value="11"/>
<MapEntry BoolAssgnmnt="1" Value="2"/>
</AssgnmntListEntry>
<AssgnmntListEntry Length="1" RootTermCovItemId="C3">
<MapEntry BoolAssgnmnt="0" Value="4"/>
<MapEntry BoolAssgnmnt="1" Value="13"/>
</AssgnmntListEntry>
<AssgnmntListEntry Length="1" RootTermCovItemId="C5">
<MapEntry BoolAssgnmnt="0" Value="9"/>
<MapEntry BoolAssgnmnt="1" Value="4"/>
</AssgnmntListEntry>
<AssgnmntListEntry Length="1" RootTermCovItemId="C6">
<MapEntry BoolAssgnmnt="0" Value="4"/>
<MapEntry BoolAssgnmnt="1" Value="13"/>
</AssgnmntListEntry>
<AssgnmntListEntry Length="1" RootTermCovItemId="C7">
<MapEntry BoolAssgnmnt="0" Value="11"/>
<MapEntry BoolAssgnmnt="1" Value="2"/>
</AssgnmntListEntry>
<AssgnmntListEntry Length="1" RootTermCovItemId="C8">
<MapEntry BoolAssgnmnt="1" Value="13"/>
</AssgnmntListEntry>
<AssgnmntListEntry Length="1" RootTermCovItemId="C9">
<MapEntry BoolAssgnmnt="0" Value="13"/>
</AssgnmntListEntry>
</AssgnmntPrefix>
<AssgnmntPrefix RootTermCovItemPrefix="com.OriginalFiles.RemoteNXTFunctions.java">
<AssgnmntListEntry Length="1" RootTermCovItemId="C1">
<MapEntry BoolAssgnmnt="0" Value="5"/>
<MapEntry BoolAssgnmnt="1" Value="5"/>
</AssgnmntListEntry>
<AssgnmntListEntry Length="1" RootTermCovItemId="C2">
<MapEntry BoolAssgnmnt="0" Value="5"/>
</AssgnmntListEntry>
<AssgnmntListEntry Length="1" RootTermCovItemId="C3">
<MapEntry BoolAssgnmnt="0" Value="5"/>
</AssgnmntListEntry>
<AssgnmntListEntry Length="2" RootTermCovItemId="C4">
<MapEntry BoolAssgnmnt="10" Value="3"/>
<MapEntry BoolAssgnmnt="02" Value="2"/>
</AssgnmntListEntry>
</AssgnmntPrefix>
</AssgnmntList>
<ObjMetaDataList/>
<MetaDataList/>
</TestCase>
<TestCase Comment="" Date="1386064416947" Name="com.Testing.AnalyzeTest:testCheckForGameIsDraw">
<CovList>
<CovPrefix CovItemPrefix="com.OriginalFiles.Analyze.java">
<Cov CovItemId="B115" Value="8"/>
<Cov CovItemId="B118" Value="20"/>
<Cov CovItemId="B120" Value="56"/>
<Cov CovItemId="B121" Value="1736"/>
<Cov CovItemId="B122" Value="28"/>
<Cov CovItemId="B123" Value="28"/>
<Cov CovItemId="B124" Value="28"/>
<Cov CovItemId="B126" Value="28"/>
<Cov CovItemId="B127" Value="28"/>
<Cov CovItemId="B128" Value="28"/>
<Cov CovItemId="B131" Value="28"/>
<Cov CovItemId="B133" Value="28"/>
<Cov CovItemId="B134" Value="28"/>
<Cov CovItemId="B136" Value="28"/>
<Cov CovItemId="B138" Value="28"/>
<Cov CovItemId="B140" Value="8"/>
<Cov CovItemId="B141" Value="20"/>
<Cov CovItemId="B142" Value="12"/>
<Cov CovItemId="B143" Value="8"/>
<Cov CovItemId="B156" Value="28"/>
<Cov CovItemId="B157" Value="28"/>
<Cov CovItemId="L16-2" Value="28"/>
<Cov CovItemId="L17-2" Value="224"/>
<Cov CovItemId="S212" Value="28"/>
<Cov CovItemId="S213" Value="8"/>
<Cov CovItemId="S218" Value="20"/>
<Cov CovItemId="S219" Value="20"/>
<Cov CovItemId="S221" Value="28"/>
<Cov CovItemId="S222" Value="28"/>
<Cov CovItemId="S223" Value="28"/>
<Cov CovItemId="S224" Value="28"/>
<Cov CovItemId="S225" Value="28"/>
<Cov CovItemId="S226" Value="28"/>
<Cov CovItemId="S227" Value="224"/>
<Cov CovItemId="S228" Value="1792"/>
<Cov CovItemId="S229" Value="56"/>
<Cov CovItemId="S230" Value="28"/>
<Cov CovItemId="S231" Value="28"/>
<Cov CovItemId="S232" Value="28"/>
<Cov CovItemId="S233" Value="56"/>
<Cov CovItemId="S234" Value="28"/>
<Cov CovItemId="S235" Value="28"/>
<Cov CovItemId="S236" Value="28"/>
<Cov CovItemId="S237" Value="28"/>
<Cov CovItemId="S239" Value="28"/>
<Cov CovItemId="S241" Value="28"/>
<Cov CovItemId="S242" Value="28"/>
<Cov CovItemId="S243" Value="28"/>
<Cov CovItemId="S244" Value="28"/>
<Cov CovItemId="S245" Value="28"/>
<Cov CovItemId="S246" Value="28"/>
<Cov CovItemId="S247" Value="8"/>
<Cov CovItemId="S248" Value="20"/>
<Cov CovItemId="S249" Value="12"/>
<Cov CovItemId="S250" Value="8"/>
<Cov CovItemId="S267" Value="56"/>
<Cov CovItemId="S268" Value="28"/>
<Cov CovItemId="S269" Value="28"/>
</CovPrefix>
<CovPrefix CovItemPrefix="com.OriginalFiles.Board.java">
<Cov CovItemId="B41" Value="154"/>
<Cov CovItemId="B42" Value="28"/>
<Cov CovItemId="B43" Value="14"/>
<Cov CovItemId="B44" Value="42"/>
<Cov CovItemId="B45" Value="31"/>
<Cov CovItemId="B46" Value="11"/>
<Cov CovItemId="B47" Value="32"/>
<Cov CovItemId="B48" Value="10"/>
<Cov CovItemId="B49" Value="42"/>
<Cov CovItemId="B51" Value="30"/>
<Cov CovItemId="B52" Value="12"/>
<Cov CovItemId="B53" Value="33"/>
<Cov CovItemId="B54" Value="9"/>
<Cov CovItemId="B56" Value="198"/>
<Cov CovItemId="B57" Value="84"/>
<Cov CovItemId="B58" Value="114"/>
<Cov CovItemId="B59" Value="84"/>
<Cov CovItemId="B61" Value="14"/>
<Cov CovItemId="B62" Value="70"/>
<Cov CovItemId="B63" Value="896"/>
<Cov CovItemId="B64" Value="896"/>
<Cov CovItemId="B65" Value="56"/>
<Cov CovItemId="B66" Value="840"/>
<Cov CovItemId="B67" Value="28"/>
<Cov CovItemId="B68" Value="28"/>
<Cov CovItemId="B79" Value="252"/>
<Cov CovItemId="B81" Value="182"/>
<Cov CovItemId="B82" Value="70"/>
<Cov CovItemId="B83" Value="120"/>
<Cov CovItemId="B84" Value="274"/>
<Cov CovItemId="B85" Value="90"/>
<Cov CovItemId="B86" Value="184"/>
<Cov CovItemId="L10-2" Value="448"/>
<Cov CovItemId="L13-2" Value="28"/>
<Cov CovItemId="L14-2" Value="224"/>
<Cov CovItemId="L9-2" Value="56"/>
<Cov CovItemId="S115" Value="182"/>
<Cov CovItemId="S116" Value="154"/>
<Cov CovItemId="S117" Value="28"/>
<Cov CovItemId="S118" Value="56"/>
<Cov CovItemId="S119" Value="56"/>
<Cov CovItemId="S120" Value="14"/>
<Cov CovItemId="S121" Value="42"/>
<Cov CovItemId="S122" Value="42"/>
<Cov CovItemId="S123" Value="42"/>
<Cov CovItemId="S124" Value="42"/>
<Cov CovItemId="S125" Value="31"/>
<Cov CovItemId="S126" Value="42"/>
<Cov CovItemId="S127" Value="32"/>
<Cov CovItemId="S128" Value="42"/>
<Cov CovItemId="S129" Value="42"/>
<Cov CovItemId="S130" Value="30"/>
<Cov CovItemId="S131" Value="42"/>
<Cov CovItemId="S132" Value="33"/>
<Cov CovItemId="S133" Value="42"/>
<Cov CovItemId="S134" Value="56"/>
<Cov CovItemId="S135" Value="198"/>
<Cov CovItemId="S137" Value="198"/>
<Cov CovItemId="S138" Value="84"/>
<Cov CovItemId="S139" Value="84"/>
<Cov CovItemId="S140" Value="14"/>
<Cov CovItemId="S141" Value="184"/>
<Cov CovItemId="S142" Value="198"/>
<Cov CovItemId="S143" Value="28"/>
<Cov CovItemId="S144" Value="28"/>
<Cov CovItemId="S145" Value="224"/>
<Cov CovItemId="S146" Value="1792"/>
<Cov CovItemId="S147" Value="896"/>
<Cov CovItemId="S148" Value="56"/>
<Cov CovItemId="S149" Value="28"/>
<Cov CovItemId="S150" Value="28"/>
<Cov CovItemId="S151" Value="28"/>
<Cov CovItemId="S176" Value="252"/>
<Cov CovItemId="S177" Value="252"/>
<Cov CovItemId="S178" Value="182"/>
<Cov CovItemId="S179" Value="70"/>
<Cov CovItemId="S180" Value="394"/>
<Cov CovItemId="S181" Value="120"/>
<Cov CovItemId="S182" Value="274"/>
<Cov CovItemId="S183" Value="90"/>
<Cov CovItemId="S184" Value="184"/>
<Cov CovItemId="S185" Value="856"/>
<Cov CovItemId="S61" Value="56"/>
<Cov CovItemId="S62" Value="448"/>
<Cov CovItemId="S63" Value="3584"/>
</CovPrefix>
<CovPrefix CovItemPrefix="com.OriginalFiles.Field.java">
<Cov CovItemId="B1" Value="56"/>
<Cov CovItemId="S13" Value="1792"/>
<Cov CovItemId="S5" Value="56"/>
<Cov CovItemId="S6" Value="56"/>
<Cov CovItemId="S7" Value="56"/>
<Cov CovItemId="S8" Value="1456"/>
<Cov CovItemId="S9" Value="2254"/>
</CovPrefix>
<CovPrefix CovItemPrefix="com.OriginalFiles.Piece.java">
<Cov CovItemId="B1" Value="56"/>
<Cov CovItemId="B10" Value="48"/>
<Cov CovItemId="B11" Value="112"/>
<Cov CovItemId="B13" Value="56"/>
<Cov CovItemId="B14" Value="56"/>
<Cov CovItemId="B15" Value="112"/>
<Cov CovItemId="B18" Value="112"/>
<Cov CovItemId="B2" Value="56"/>
<Cov CovItemId="B33" Value="14"/>
<Cov CovItemId="B34" Value="98"/>
<Cov CovItemId="B35" Value="8"/>
<Cov CovItemId="B36" Value="104"/>
<Cov CovItemId="B37" Value="8"/>
<Cov CovItemId="B39" Value="56"/>
<Cov CovItemId="B4" Value="56"/>
<Cov CovItemId="B40" Value="56"/>
<Cov CovItemId="B5" Value="112"/>
<Cov CovItemId="B9" Value="64"/>
<Cov CovItemId="S1" Value="56"/>
<Cov CovItemId="S10" Value="56"/>
<Cov CovItemId="S11" Value="56"/>
<Cov CovItemId="S12" Value="56"/>
<Cov CovItemId="S13" Value="56"/>
<Cov CovItemId="S14" Value="56"/>
<Cov CovItemId="S15" Value="56"/>
<Cov CovItemId="S16" Value="56"/>
<Cov CovItemId="S17" Value="56"/>
<Cov CovItemId="S18" Value="56"/>
<Cov CovItemId="S19" Value="56"/>
<Cov CovItemId="S2" Value="56"/>
<Cov CovItemId="S20" Value="56"/>
<Cov CovItemId="S21" Value="56"/>
<Cov CovItemId="S22" Value="42"/>
<Cov CovItemId="S23" Value="178"/>
<Cov CovItemId="S24" Value="112"/>
<Cov CovItemId="S25" Value="112"/>
<Cov CovItemId="S26" Value="112"/>
<Cov CovItemId="S27" Value="56"/>
<Cov CovItemId="S29" Value="56"/>
<Cov CovItemId="S3" Value="56"/>
<Cov CovItemId="S30" Value="56"/>
<Cov CovItemId="S31" Value="112"/>
<Cov CovItemId="S32" Value="112"/>
<Cov CovItemId="S33" Value="112"/>
<Cov CovItemId="S39" Value="112"/>
<Cov CovItemId="S4" Value="56"/>
<Cov CovItemId="S40" Value="64"/>
<Cov CovItemId="S41" Value="48"/>
<Cov CovItemId="S42" Value="112"/>
<Cov CovItemId="S43" Value="112"/>
<Cov CovItemId="S44" Value="112"/>
<Cov CovItemId="S45" Value="112"/>
<Cov CovItemId="S46" Value="112"/>
<Cov CovItemId="S47" Value="56"/>
<Cov CovItemId="S48" Value="112"/>
<Cov CovItemId="S49" Value="112"/>
<Cov CovItemId="S5" Value="56"/>
<Cov CovItemId="S50" Value="112"/>
<Cov CovItemId="S6" Value="56"/>
<Cov CovItemId="S65" Value="112"/>
<Cov CovItemId="S66" Value="14"/>
<Cov CovItemId="S67" Value="112"/>
<Cov CovItemId="S68" Value="8"/>
<Cov CovItemId="S69" Value="8"/>
<Cov CovItemId="S7" Value="56"/>
<Cov CovItemId="S70" Value="8"/>
<Cov CovItemId="S71" Value="112"/>
<Cov CovItemId="S72" Value="56"/>
<Cov CovItemId="S73" Value="112"/>
<Cov CovItemId="S8" Value="56"/>
<Cov CovItemId="S9" Value="56"/>
</CovPrefix>
</CovList>
<AssgnmntList>
<AssgnmntPrefix RootTermCovItemPrefix="com.OriginalFiles.Analyze.java">
<AssgnmntListEntry Length="1" RootTermCovItemId="C70">
<MapEntry BoolAssgnmnt="0" Value="56"/>
<MapEntry BoolAssgnmnt="1" Value="1736"/>
</AssgnmntListEntry>
<AssgnmntListEntry Length="1" RootTermCovItemId="C71">
<MapEntry BoolAssgnmnt="0" Value="28"/>
<MapEntry BoolAssgnmnt="1" Value="28"/>
</AssgnmntListEntry>
<AssgnmntListEntry Length="1" RootTermCovItemId="C72">
<MapEntry BoolAssgnmnt="1" Value="28"/>
</AssgnmntListEntry>
<AssgnmntListEntry Length="1" RootTermCovItemId="C73">
<MapEntry BoolAssgnmnt="0" Value="28"/>
<MapEntry BoolAssgnmnt="1" Value="28"/>
</AssgnmntListEntry>
<AssgnmntListEntry Length="1" RootTermCovItemId="C74">
<MapEntry BoolAssgnmnt="1" Value="28"/>
</AssgnmntListEntry>
<AssgnmntListEntry Length="3" RootTermCovItemId="C75">
<MapEntry BoolAssgnmnt="012" Value="12"/>
<MapEntry BoolAssgnmnt="001" Value="16"/>
</AssgnmntListEntry>
<AssgnmntListEntry Length="3" RootTermCovItemId="C76">
<MapEntry BoolAssgnmnt="011" Value="12"/>
<MapEntry BoolAssgnmnt="002" Value="16"/>
</AssgnmntListEntry>
<AssgnmntListEntry Length="2" RootTermCovItemId="C77">
<MapEntry BoolAssgnmnt="11" Value="28"/>
</AssgnmntListEntry>
<AssgnmntListEntry Length="2" RootTermCovItemId="C78">
<MapEntry BoolAssgnmnt="11" Value="28"/>
</AssgnmntListEntry>
<AssgnmntListEntry Length="2" RootTermCovItemId="C79">
<MapEntry BoolAssgnmnt="01" Value="12"/>
<MapEntry BoolAssgnmnt="12" Value="16"/>
</AssgnmntListEntry>
<AssgnmntListEntry Length="2" RootTermCovItemId="C80">
<MapEntry BoolAssgnmnt="10" Value="8"/>
<MapEntry BoolAssgnmnt="02" Value="16"/>
<MapEntry BoolAssgnmnt="11" Value="4"/>
</AssgnmntListEntry>
<AssgnmntListEntry Length="2" RootTermCovItemId="C81">
<MapEntry BoolAssgnmnt="01" Value="4"/>
<MapEntry BoolAssgnmnt="00" Value="12"/>
<MapEntry BoolAssgnmnt="12" Value="4"/>
</AssgnmntListEntry>
<AssgnmntListEntry Length="8" RootTermCovItemId="C90">
<MapEntry BoolAssgnmnt="02100202" Value="8"/>
<MapEntry BoolAssgnmnt="02021122" Value="6"/>
<MapEntry BoolAssgnmnt="11222222" Value="8"/>
<MapEntry BoolAssgnmnt="02020202" Value="14"/>
<MapEntry BoolAssgnmnt="02020210" Value="6"/>
<MapEntry BoolAssgnmnt="02020211" Value="6"/>
<MapEntry BoolAssgnmnt="02112222" Value="8"/>
</AssgnmntListEntry>
</AssgnmntPrefix>
<AssgnmntPrefix RootTermCovItemPrefix="com.OriginalFiles.Board.java">
<AssgnmntListEntry Length="1" RootTermCovItemId="C31">
<MapEntry BoolAssgnmnt="0" Value="28"/>
<MapEntry BoolAssgnmnt="1" Value="154"/>
</AssgnmntListEntry>
<AssgnmntListEntry Length="1" RootTermCovItemId="C32">
<MapEntry BoolAssgnmnt="0" Value="42"/>
<MapEntry BoolAssgnmnt="1" Value="14"/>
</AssgnmntListEntry>
<AssgnmntListEntry Length="1" RootTermCovItemId="C33">
<MapEntry BoolAssgnmnt="0" Value="31"/>
<MapEntry BoolAssgnmnt="1" Value="11"/>
</AssgnmntListEntry>
<AssgnmntListEntry Length="1" RootTermCovItemId="C34">
<MapEntry BoolAssgnmnt="0" Value="32"/>
<MapEntry BoolAssgnmnt="1" Value="10"/>
</AssgnmntListEntry>
<AssgnmntListEntry Length="1" RootTermCovItemId="C35">
<MapEntry BoolAssgnmnt="1" Value="42"/>
</AssgnmntListEntry>
<AssgnmntListEntry Length="1" RootTermCovItemId="C36">
<MapEntry BoolAssgnmnt="0" Value="30"/>
<MapEntry BoolAssgnmnt="1" Value="12"/>
</AssgnmntListEntry>
<AssgnmntListEntry Length="1" RootTermCovItemId="C37">
<MapEntry BoolAssgnmnt="0" Value="33"/>
<MapEntry BoolAssgnmnt="1" Value="9"/>
</AssgnmntListEntry>
<AssgnmntListEntry Length="5" RootTermCovItemId="C38">
<MapEntry BoolAssgnmnt="02002" Value="52"/>
<MapEntry BoolAssgnmnt="10122" Value="48"/>
<MapEntry BoolAssgnmnt="11221" Value="54"/>
<MapEntry BoolAssgnmnt="02011" Value="44"/>
</AssgnmntListEntry>
<AssgnmntListEntry Length="1" RootTermCovItemId="C39">
<MapEntry BoolAssgnmnt="0" Value="114"/>
<MapEntry BoolAssgnmnt="1" Value="84"/>
</AssgnmntListEntry>
<AssgnmntListEntry Length="1" RootTermCovItemId="C40">
<MapEntry BoolAssgnmnt="0" Value="84"/>
</AssgnmntListEntry>
<AssgnmntListEntry Length="2" RootTermCovItemId="C41">
<MapEntry BoolAssgnmnt="10" Value="14"/>
<MapEntry BoolAssgnmnt="02" Value="70"/>
</AssgnmntListEntry>
<AssgnmntListEntry Length="1" RootTermCovItemId="C42">
<MapEntry BoolAssgnmnt="0" Value="896"/>
<MapEntry BoolAssgnmnt="1" Value="896"/>
</AssgnmntListEntry>
<AssgnmntListEntry Length="1" RootTermCovItemId="C43">
<MapEntry BoolAssgnmnt="0" Value="840"/>
<MapEntry BoolAssgnmnt="1" Value="56"/>
</AssgnmntListEntry>
<AssgnmntListEntry Length="1" RootTermCovItemId="C44">
<MapEntry BoolAssgnmnt="0" Value="28"/>
<MapEntry BoolAssgnmnt="1" Value="28"/>
</AssgnmntListEntry>
<AssgnmntListEntry Length="1" RootTermCovItemId="C53">
<MapEntry BoolAssgnmnt="1" Value="252"/>
</AssgnmntListEntry>
<AssgnmntListEntry Length="1" RootTermCovItemId="C54">
<MapEntry BoolAssgnmnt="0" Value="182"/>
<MapEntry BoolAssgnmnt="1" Value="70"/>
</AssgnmntListEntry>
<AssgnmntListEntry Length="3" RootTermCovItemId="C55">
<MapEntry BoolAssgnmnt="011" Value="84"/>
<MapEntry BoolAssgnmnt="010" Value="120"/>
<MapEntry BoolAssgnmnt="002" Value="190"/>
</AssgnmntListEntry>
<AssgnmntListEntry Length="3" RootTermCovItemId="C56">
<MapEntry BoolAssgnmnt="011" Value="90"/>
<MapEntry BoolAssgnmnt="010" Value="100"/>
<MapEntry BoolAssgnmnt="002" Value="84"/>
</AssgnmntListEntry>
</AssgnmntPrefix>
<AssgnmntPrefix RootTermCovItemPrefix="com.OriginalFiles.Field.java">
<AssgnmntListEntry Length="1" RootTermCovItemId="C1">
<MapEntry BoolAssgnmnt="0" Value="56"/>
</AssgnmntListEntry>
</AssgnmntPrefix>
<AssgnmntPrefix RootTermCovItemPrefix="com.OriginalFiles.Piece.java">
<AssgnmntListEntry Length="2" RootTermCovItemId="C1">
<MapEntry BoolAssgnmnt="10" Value="56"/>
<MapEntry BoolAssgnmnt="11" Value="56"/>
</AssgnmntListEntry>
<AssgnmntListEntry Length="5" RootTermCovItemId="C17">
<MapEntry BoolAssgnmnt="00210" Value="22"/>
<MapEntry BoolAssgnmnt="00211" Value="6"/>
<MapEntry BoolAssgnmnt="01002" Value="20"/>
<MapEntry BoolAssgnmnt="12222" Value="56"/>
<MapEntry BoolAssgnmnt="01122" Value="8"/>
</AssgnmntListEntry>
<AssgnmntListEntry Length="5" RootTermCovItemId="C18">
<MapEntry BoolAssgnmnt="00210" Value="24"/>
<MapEntry BoolAssgnmnt="00211" Value="4"/>
<MapEntry BoolAssgnmnt="01002" Value="24"/>
<MapEntry BoolAssgnmnt="12222" Value="56"/>
<MapEntry BoolAssgnmnt="01122" Value="4"/>
</AssgnmntListEntry>
<AssgnmntListEntry Length="1" RootTermCovItemId="C19">
<MapEntry BoolAssgnmnt="1" Value="8"/>
</AssgnmntListEntry>
<AssgnmntListEntry Length="2" RootTermCovItemId="C2">
<MapEntry BoolAssgnmnt="02" Value="56"/>
</AssgnmntListEntry>
<AssgnmntListEntry Length="1" RootTermCovItemId="C20">
<MapEntry BoolAssgnmnt="0" Value="56"/>
<MapEntry BoolAssgnmnt="1" Value="56"/>
</AssgnmntListEntry>
<AssgnmntListEntry Length="1" RootTermCovItemId="C3">
<MapEntry BoolAssgnmnt="1" Value="112"/>
</AssgnmntListEntry>
<AssgnmntListEntry Length="1" RootTermCovItemId="C5">
<MapEntry BoolAssgnmnt="0" Value="48"/>
<MapEntry BoolAssgnmnt="1" Value="64"/>
</AssgnmntListEntry>
<AssgnmntListEntry Length="1" RootTermCovItemId="C6">
<MapEntry BoolAssgnmnt="1" Value="112"/>
</AssgnmntListEntry>
<AssgnmntListEntry Length="1" RootTermCovItemId="C7">
<MapEntry BoolAssgnmnt="0" Value="56"/>
<MapEntry BoolAssgnmnt="1" Value="56"/>
</AssgnmntListEntry>
<AssgnmntListEntry Length="1" RootTermCovItemId="C8">
<MapEntry BoolAssgnmnt="1" Value="112"/>
</AssgnmntListEntry>
<AssgnmntListEntry Length="1" RootTermCovItemId="C9">
<MapEntry BoolAssgnmnt="0" Value="112"/>
</AssgnmntListEntry>
</AssgnmntPrefix>
</AssgnmntList>
<ObjMetaDataList/>
<MetaDataList/>
</TestCase>
<TestCase Comment="" Date="1386064416949" Name="com.Testing.AnalyzeTest:testCheckMovement">
<CovList>
<CovPrefix CovItemPrefix="com.OriginalFiles.Analyze.java">
<Cov CovItemId="B1" Value="2"/>
<Cov CovItemId="B10" Value="2"/>
<Cov CovItemId="B107" Value="32"/>
<Cov CovItemId="B108" Value="4"/>
<Cov CovItemId="B109" Value="2"/>
<Cov CovItemId="B11" Value="2"/>
<Cov CovItemId="B110" Value="2"/>
<Cov CovItemId="B112" Value="2"/>
<Cov CovItemId="B114" Value="2"/>
<Cov CovItemId="B115" Value="3"/>
<Cov CovItemId="B120" Value="9"/>
<Cov CovItemId="B121" Value="183"/>
<Cov CovItemId="B122" Value="6"/>
<Cov CovItemId="B123" Value="3"/>
<Cov CovItemId="B124" Value="6"/>
<Cov CovItemId="B126" Value="3"/>
<Cov CovItemId="B127" Value="6"/>
<Cov CovItemId="B128" Value="3"/>
<Cov CovItemId="B13" Value="2"/>
<Cov CovItemId="B131" Value="3"/>
<Cov CovItemId="B133" Value="3"/>
<Cov CovItemId="B135" Value="3"/>
<Cov CovItemId="B14" Value="1"/>
<Cov CovItemId="B15" Value="1"/>
<Cov CovItemId="B16" Value="1"/>
<Cov CovItemId="B17" Value="1"/>
<Cov CovItemId="B20" Value="1"/>
<Cov CovItemId="B25" Value="1"/>
<Cov CovItemId="B27" Value="1"/>
<Cov CovItemId="B3" Value="1"/>
<Cov CovItemId="B30" Value="1"/>
<Cov CovItemId="B6" Value="2"/>
<Cov CovItemId="B66" Value="2"/>
<Cov CovItemId="B68" Value="2"/>
<Cov CovItemId="B69" Value="1"/>
<Cov CovItemId="B7" Value="6"/>
<Cov CovItemId="B70" Value="1"/>
<Cov CovItemId="B72" Value="2"/>
<Cov CovItemId="B73" Value="1"/>
<Cov CovItemId="B74" Value="1"/>
<Cov CovItemId="B75" Value="1"/>
<Cov CovItemId="B77" Value="1"/>
<Cov CovItemId="B8" Value="122"/>
<Cov CovItemId="B80" Value="8"/>
<Cov CovItemId="B84" Value="1"/>
<Cov CovItemId="B9" Value="4"/>
<Cov CovItemId="B96" Value="1"/>
<Cov CovItemId="L1-2" Value="2"/>
<Cov CovItemId="L16-2" Value="3"/>
<Cov CovItemId="L17-2" Value="24"/>
<Cov CovItemId="L2-2" Value="16"/>
<Cov CovItemId="L3-1" Value="1"/>
<Cov CovItemId="L3-2" Value="1"/>
<Cov CovItemId="L5-1" Value="2"/>
<Cov CovItemId="L6-1" Value="1"/>
<Cov CovItemId="L7-1" Value="1"/>
<Cov CovItemId="L8-2" Value="1"/>
<Cov CovItemId="S10" Value="2"/>
<Cov CovItemId="S100" Value="2"/>
<Cov CovItemId="S101" Value="2"/>
<Cov CovItemId="S102" Value="2"/>
<Cov CovItemId="S104" Value="2"/>
<Cov CovItemId="S105" Value="2"/>
<Cov CovItemId="S107" Value="2"/>
<Cov CovItemId="S108" Value="2"/>
<Cov CovItemId="S109" Value="1"/>
<Cov CovItemId="S11" Value="1"/>
<Cov CovItemId="S110" Value="2"/>
<Cov CovItemId="S111" Value="2"/>
<Cov CovItemId="S113" Value="2"/>
<Cov CovItemId="S114" Value="1"/>
<Cov CovItemId="S115" Value="2"/>
<Cov CovItemId="S116" Value="2"/>
<Cov CovItemId="S117" Value="2"/>
<Cov CovItemId="S118" Value="1"/>
<Cov CovItemId="S119" Value="1"/>
<Cov CovItemId="S12" Value="1"/>
<Cov CovItemId="S120" Value="1"/>
<Cov CovItemId="S121" Value="1"/>
<Cov CovItemId="S122" Value="1"/>
<Cov CovItemId="S123" Value="1"/>
<Cov CovItemId="S124" Value="1"/>
<Cov CovItemId="S125" Value="1"/>
<Cov CovItemId="S126" Value="1"/>
<Cov CovItemId="S127" Value="1"/>
<Cov CovItemId="S128" Value="1"/>
<Cov CovItemId="S129" Value="1"/>
<Cov CovItemId="S13" Value="1"/>
<Cov CovItemId="S130" Value="1"/>
<Cov CovItemId="S131" Value="1"/>
<Cov CovItemId="S132" Value="1"/>
<Cov CovItemId="S133" Value="1"/>
<Cov CovItemId="S134" Value="8"/>
<Cov CovItemId="S136" Value="8"/>
<Cov CovItemId="S14" Value="1"/>
<Cov CovItemId="S147" Value="1"/>
<Cov CovItemId="S149" Value="1"/>
<Cov CovItemId="S15" Value="1"/>
<Cov CovItemId="S168" Value="1"/>
<Cov CovItemId="S17" Value="2"/>
<Cov CovItemId="S18" Value="2"/>
<Cov CovItemId="S199" Value="36"/>
<Cov CovItemId="S200" Value="36"/>
<Cov CovItemId="S201" Value="36"/>
<Cov CovItemId="S202" Value="36"/>
<Cov CovItemId="S203" Value="36"/>
<Cov CovItemId="S204" Value="32"/>
<Cov CovItemId="S205" Value="4"/>
<Cov CovItemId="S206" Value="2"/>
<Cov CovItemId="S207" Value="2"/>
<Cov CovItemId="S209" Value="2"/>
<Cov CovItemId="S21" Value="2"/>
<Cov CovItemId="S211" Value="2"/>
<Cov CovItemId="S212" Value="3"/>
<Cov CovItemId="S213" Value="3"/>
<Cov CovItemId="S22" Value="2"/>
<Cov CovItemId="S221" Value="3"/>
<Cov CovItemId="S222" Value="3"/>
<Cov CovItemId="S223" Value="3"/>
<Cov CovItemId="S224" Value="3"/>
<Cov CovItemId="S225" Value="3"/>
<Cov CovItemId="S226" Value="3"/>
<Cov CovItemId="S227" Value="24"/>
<Cov CovItemId="S228" Value="192"/>
<Cov CovItemId="S229" Value="9"/>
<Cov CovItemId="S23" Value="16"/>
<Cov CovItemId="S230" Value="6"/>
<Cov CovItemId="S231" Value="6"/>
<Cov CovItemId="S232" Value="6"/>
<Cov CovItemId="S233" Value="9"/>
<Cov CovItemId="S234" Value="3"/>
<Cov CovItemId="S235" Value="3"/>
<Cov CovItemId="S236" Value="3"/>
<Cov CovItemId="S237" Value="3"/>
<Cov CovItemId="S239" Value="3"/>
<Cov CovItemId="S24" Value="128"/>
<Cov CovItemId="S241" Value="3"/>
<Cov CovItemId="S25" Value="6"/>
<Cov CovItemId="S250" Value="3"/>
<Cov CovItemId="S26" Value="4"/>
<Cov CovItemId="S27" Value="2"/>
<Cov CovItemId="S28" Value="2"/>
<Cov CovItemId="S29" Value="2"/>
<Cov CovItemId="S30" Value="2"/>
<Cov CovItemId="S31" Value="2"/>
<Cov CovItemId="S32" Value="2"/>
<Cov CovItemId="S33" Value="2"/>
<Cov CovItemId="S34" Value="3"/>
<Cov CovItemId="S35" Value="2"/>
<Cov CovItemId="S36" Value="1"/>
<Cov CovItemId="S37" Value="1"/>
<Cov CovItemId="S38" Value="1"/>
<Cov CovItemId="S40" Value="1"/>
<Cov CovItemId="S51" Value="1"/>
<Cov CovItemId="S52" Value="1"/>
<Cov CovItemId="S53" Value="1"/>
<Cov CovItemId="S54" Value="1"/>
<Cov CovItemId="S55" Value="1"/>
<Cov CovItemId="S59" Value="1"/>
<Cov CovItemId="S6" Value="2"/>
<Cov CovItemId="S7" Value="2"/>
<Cov CovItemId="S8" Value="2"/>
<Cov CovItemId="S9" Value="2"/>
<Cov CovItemId="S99" Value="2"/>
</CovPrefix>
<CovPrefix CovItemPrefix="com.OriginalFiles.Board.java">
<Cov CovItemId="B11" Value="2"/>
<Cov CovItemId="B14" Value="2"/>
<Cov CovItemId="B16" Value="2"/>
<Cov CovItemId="B17" Value="2"/>
<Cov CovItemId="B31" Value="1"/>
<Cov CovItemId="B33" Value="1"/>
<Cov CovItemId="B36" Value="1"/>
<Cov CovItemId="B37" Value="1"/>
<Cov CovItemId="B39" Value="4"/>
<Cov CovItemId="B41" Value="19"/>
<Cov CovItemId="B42" Value="6"/>
<Cov CovItemId="B43" Value="12"/>
<Cov CovItemId="B44" Value="6"/>
<Cov CovItemId="B46" Value="6"/>
<Cov CovItemId="B47" Value="6"/>
<Cov CovItemId="B50" Value="6"/>
<Cov CovItemId="B55" Value="12"/>
<Cov CovItemId="B56" Value="56"/>
<Cov CovItemId="B57" Value="50"/>
<Cov CovItemId="B58" Value="6"/>
<Cov CovItemId="B59" Value="49"/>
<Cov CovItemId="B60" Value="1"/>
<Cov CovItemId="B61" Value="13"/>
<Cov CovItemId="B62" Value="36"/>
<Cov CovItemId="B63" Value="192"/>
<Cov CovItemId="B64" Value="192"/>
<Cov CovItemId="B65" Value="18"/>
<Cov CovItemId="B66" Value="174"/>
<Cov CovItemId="B67" Value="6"/>
<Cov CovItemId="B68" Value="12"/>
<Cov CovItemId="B79" Value="92"/>
<Cov CovItemId="B81" Value="56"/>
<Cov CovItemId="B82" Value="36"/>
<Cov CovItemId="B83" Value="42"/>
<Cov CovItemId="B84" Value="122"/>
<Cov CovItemId="B85" Value="47"/>
<Cov CovItemId="B86" Value="75"/>
<Cov CovItemId="L10-2" Value="104"/>
<Cov CovItemId="L11-2" Value="2"/>
<Cov CovItemId="L12-0" Value="2"/>
<Cov CovItemId="L12-1" Value="2"/>
<Cov CovItemId="L13-2" Value="6"/>
<Cov CovItemId="L14-2" Value="48"/>
<Cov CovItemId="L9-2" Value="13"/>
<Cov CovItemId="S100" Value="1"/>
<Cov CovItemId="S102" Value="1"/>
<Cov CovItemId="S104" Value="1"/>
<Cov CovItemId="S106" Value="1"/>
<Cov CovItemId="S107" Value="1"/>
<Cov CovItemId="S108" Value="1"/>
<Cov CovItemId="S109" Value="1"/>
<Cov CovItemId="S111" Value="4"/>
<Cov CovItemId="S112" Value="4"/>
<Cov CovItemId="S113" Value="4"/>
<Cov CovItemId="S115" Value="25"/>
<Cov CovItemId="S116" Value="19"/>
<Cov CovItemId="S117" Value="6"/>
<Cov CovItemId="S118" Value="18"/>
<Cov CovItemId="S119" Value="18"/>
<Cov CovItemId="S120" Value="12"/>
<Cov CovItemId="S121" Value="6"/>
<Cov CovItemId="S122" Value="6"/>
<Cov CovItemId="S123" Value="6"/>
<Cov CovItemId="S124" Value="6"/>
<Cov CovItemId="S126" Value="6"/>
<Cov CovItemId="S127" Value="6"/>
<Cov CovItemId="S128" Value="6"/>
<Cov CovItemId="S133" Value="6"/>
<Cov CovItemId="S134" Value="18"/>
<Cov CovItemId="S135" Value="68"/>
<Cov CovItemId="S136" Value="12"/>
<Cov CovItemId="S137" Value="56"/>
<Cov CovItemId="S138" Value="50"/>
<Cov CovItemId="S139" Value="49"/>
<Cov CovItemId="S140" Value="13"/>
<Cov CovItemId="S141" Value="43"/>
<Cov CovItemId="S142" Value="60"/>
<Cov CovItemId="S143" Value="6"/>
<Cov CovItemId="S144" Value="6"/>
<Cov CovItemId="S145" Value="48"/>
<Cov CovItemId="S146" Value="384"/>
<Cov CovItemId="S147" Value="192"/>
<Cov CovItemId="S148" Value="18"/>
<Cov CovItemId="S149" Value="6"/>
<Cov CovItemId="S150" Value="12"/>
<Cov CovItemId="S151" Value="6"/>
<Cov CovItemId="S176" Value="92"/>
<Cov CovItemId="S177" Value="92"/>
<Cov CovItemId="S178" Value="56"/>
<Cov CovItemId="S179" Value="36"/>
<Cov CovItemId="S180" Value="164"/>
<Cov CovItemId="S181" Value="42"/>
<Cov CovItemId="S182" Value="122"/>
<Cov CovItemId="S183" Value="47"/>
<Cov CovItemId="S184" Value="75"/>
<Cov CovItemId="S185" Value="256"/>
<Cov CovItemId="S61" Value="13"/>
<Cov CovItemId="S62" Value="104"/>
<Cov CovItemId="S63" Value="832"/>
<Cov CovItemId="S64" Value="2"/>
<Cov CovItemId="S65" Value="2"/>
<Cov CovItemId="S66" Value="2"/>
<Cov CovItemId="S67" Value="2"/>
<Cov CovItemId="S68" Value="4"/>
<Cov CovItemId="S69" Value="2"/>
<Cov CovItemId="S70" Value="2"/>
<Cov CovItemId="S71" Value="2"/>
<Cov CovItemId="S72" Value="2"/>
<Cov CovItemId="S73" Value="2"/>
<Cov CovItemId="S74" Value="2"/>
<Cov CovItemId="S75" Value="2"/>
<Cov CovItemId="S76" Value="4"/>
<Cov CovItemId="S77" Value="4"/>
<Cov CovItemId="S78" Value="2"/>
<Cov CovItemId="S80" Value="2"/>
<Cov CovItemId="S82" Value="2"/>
<Cov CovItemId="S83" Value="2"/>
<Cov CovItemId="S98" Value="1"/>
<Cov CovItemId="S99" Value="1"/>
</CovPrefix>
<CovPrefix CovItemPrefix="com.OriginalFiles.Field.java">
<Cov CovItemId="B1" Value="36"/>
<Cov CovItemId="B2" Value="8"/>
<Cov CovItemId="S1" Value="88"/>
<Cov CovItemId="S13" Value="129"/>
<Cov CovItemId="S2" Value="88"/>
<Cov CovItemId="S5" Value="44"/>
<Cov CovItemId="S6" Value="44"/>
<Cov CovItemId="S7" Value="36"/>
<Cov CovItemId="S8" Value="368"/>
<Cov CovItemId="S9" Value="484"/>
</CovPrefix>
<CovPrefix CovItemPrefix="com.OriginalFiles.Piece.java">
<Cov CovItemId="B1" Value="3"/>
<Cov CovItemId="B10" Value="13"/>
<Cov CovItemId="B11" Value="31"/>
<Cov CovItemId="B12" Value="8"/>
<Cov CovItemId="B13" Value="3"/>
<Cov CovItemId="B14" Value="28"/>
<Cov CovItemId="B15" Value="31"/>
<Cov CovItemId="B18" Value="31"/>
<Cov CovItemId="B2" Value="36"/>
<Cov CovItemId="B34" Value="31"/>
<Cov CovItemId="B35" Value="8"/>
<Cov CovItemId="B36" Value="23"/>
<Cov CovItemId="B37" Value="8"/>
<Cov CovItemId="B39" Value="3"/>
<Cov CovItemId="B4" Value="3"/>
<Cov CovItemId="B40" Value="28"/>
<Cov CovItemId="B5" Value="31"/>
<Cov CovItemId="B6" Value="8"/>
<Cov CovItemId="B9" Value="18"/>
<Cov CovItemId="S1" Value="35"/>
<Cov CovItemId="S10" Value="35"/>
<Cov CovItemId="S11" Value="35"/>
<Cov CovItemId="S12" Value="35"/>
<Cov CovItemId="S13" Value="35"/>
<Cov CovItemId="S14" Value="35"/>
<Cov CovItemId="S15" Value="35"/>
<Cov CovItemId="S16" Value="35"/>
<Cov CovItemId="S17" Value="35"/>
<Cov CovItemId="S18" Value="35"/>
<Cov CovItemId="S19" Value="35"/>
<Cov CovItemId="S2" Value="35"/>
<Cov CovItemId="S20" Value="35"/>
<Cov CovItemId="S21" Value="35"/>
<Cov CovItemId="S24" Value="39"/>
<Cov CovItemId="S25" Value="39"/>
<Cov CovItemId="S26" Value="39"/>
<Cov CovItemId="S27" Value="3"/>
<Cov CovItemId="S29" Value="3"/>
<Cov CovItemId="S3" Value="35"/>
<Cov CovItemId="S30" Value="36"/>
<Cov CovItemId="S31" Value="39"/>
<Cov CovItemId="S32" Value="39"/>
<Cov CovItemId="S33" Value="31"/>
<Cov CovItemId="S34" Value="8"/>
<Cov CovItemId="S35" Value="8"/>
<Cov CovItemId="S39" Value="31"/>
<Cov CovItemId="S4" Value="35"/>
<Cov CovItemId="S40" Value="18"/>
<Cov CovItemId="S41" Value="13"/>
<Cov CovItemId="S42" Value="39"/>
<Cov CovItemId="S43" Value="39"/>
<Cov CovItemId="S44" Value="31"/>
<Cov CovItemId="S45" Value="31"/>
<Cov CovItemId="S46" Value="31"/>
<Cov CovItemId="S47" Value="3"/>
<Cov CovItemId="S48" Value="31"/>
<Cov CovItemId="S49" Value="31"/>
<Cov CovItemId="S5" Value="35"/>
<Cov CovItemId="S50" Value="31"/>
<Cov CovItemId="S6" Value="35"/>
<Cov CovItemId="S65" Value="31"/>
<Cov CovItemId="S67" Value="31"/>
<Cov CovItemId="S68" Value="8"/>
<Cov CovItemId="S69" Value="8"/>
<Cov CovItemId="S7" Value="35"/>
<Cov CovItemId="S70" Value="8"/>
<Cov CovItemId="S71" Value="31"/>
<Cov CovItemId="S72" Value="3"/>
<Cov CovItemId="S73" Value="31"/>
<Cov CovItemId="S8" Value="35"/>
<Cov CovItemId="S9" Value="35"/>
</CovPrefix>
<CovPrefix CovItemPrefix="com.OriginalFiles.RemoteNXTFunctions.java">
<Cov CovItemId="B16" Value="4"/>
<Cov CovItemId="B24" Value="4"/>
<Cov CovItemId="B31" Value="2"/>
<Cov CovItemId="B32" Value="2"/>
<Cov CovItemId="B34" Value="2"/>
<Cov CovItemId="B35" Value="1"/>
<Cov CovItemId="B36" Value="1"/>
<Cov CovItemId="B37" Value="1"/>
<Cov CovItemId="B39" Value="2"/>
<Cov CovItemId="B41" Value="1"/>
<Cov CovItemId="B42" Value="1"/>
<Cov CovItemId="B44" Value="1"/>
<Cov CovItemId="B45" Value="1"/>
<Cov CovItemId="B5" Value="32"/>
<Cov CovItemId="B6" Value="4"/>
<Cov CovItemId="B7" Value="32"/>
<Cov CovItemId="S162" Value="36"/>
<Cov CovItemId="S19" Value="36"/>
<Cov CovItemId="S20" Value="36"/>
<Cov CovItemId="S21" Value="32"/>
<Cov CovItemId="S22" Value="32"/>
<Cov CovItemId="S30" Value="4"/>
<Cov CovItemId="S38" Value="4"/>
<Cov CovItemId="S46" Value="4"/>
<Cov CovItemId="S47" Value="2"/>
<Cov CovItemId="S49" Value="2"/>
<Cov CovItemId="S50" Value="1"/>
<Cov CovItemId="S51" Value="1"/>
<Cov CovItemId="S52" Value="1"/>
<Cov CovItemId="S54" Value="2"/>
<Cov CovItemId="S55" Value="2"/>
<Cov CovItemId="S56" Value="1"/>
<Cov CovItemId="S57" Value="1"/>
<Cov CovItemId="S59" Value="1"/>
<Cov CovItemId="S60" Value="1"/>
</CovPrefix>
</CovList>
<AssgnmntList>
<AssgnmntPrefix RootTermCovItemPrefix="com.OriginalFiles.Analyze.java">
<AssgnmntListEntry Length="1" RootTermCovItemId="C1">
<MapEntry BoolAssgnmnt="0" Value="2"/>
</AssgnmntListEntry>
<AssgnmntListEntry Length="1" RootTermCovItemId="C10">
<MapEntry BoolAssgnmnt="1" Value="1"/>
</AssgnmntListEntry>
<AssgnmntListEntry Length="1" RootTermCovItemId="C13">
<MapEntry BoolAssgnmnt="1" Value="1"/>
</AssgnmntListEntry>
<AssgnmntListEntry Length="1" RootTermCovItemId="C14">
<MapEntry BoolAssgnmnt="1" Value="1"/>
</AssgnmntListEntry>
<AssgnmntListEntry Length="1" RootTermCovItemId="C15">
<MapEntry BoolAssgnmnt="1" Value="1"/>
</AssgnmntListEntry>
<AssgnmntListEntry Length="1" RootTermCovItemId="C2">
<MapEntry BoolAssgnmnt="0" Value="1"/>
</AssgnmntListEntry>
<AssgnmntListEntry Length="1" RootTermCovItemId="C3">
<MapEntry BoolAssgnmnt="0" Value="2"/>
</AssgnmntListEntry>
<AssgnmntListEntry Length="1" RootTermCovItemId="C34">
<MapEntry BoolAssgnmnt="0" Value="2"/>
</AssgnmntListEntry>
<AssgnmntListEntry Length="1" RootTermCovItemId="C35">
<MapEntry BoolAssgnmnt="0" Value="2"/>
</AssgnmntListEntry>
<AssgnmntListEntry Length="1" RootTermCovItemId="C36">
<MapEntry BoolAssgnmnt="0" Value="1"/>
<MapEntry BoolAssgnmnt="1" Value="1"/>
</AssgnmntListEntry>
<AssgnmntListEntry Length="1" RootTermCovItemId="C37">
<MapEntry BoolAssgnmnt="0" Value="2"/>
</AssgnmntListEntry>
<AssgnmntListEntry Length="1" RootTermCovItemId="C38">
<MapEntry BoolAssgnmnt="0" Value="1"/>
<MapEntry BoolAssgnmnt="1" Value="1"/>
</AssgnmntListEntry>
<AssgnmntListEntry Length="1" RootTermCovItemId="C39">
<MapEntry BoolAssgnmnt="0" Value="2"/>
<MapEntry BoolAssgnmnt="1" Value="2"/>
</AssgnmntListEntry>
<AssgnmntListEntry Length="1" RootTermCovItemId="C4">
<MapEntry BoolAssgnmnt="0" Value="6"/>
<MapEntry BoolAssgnmnt="1" Value="122"/>
</AssgnmntListEntry>
<AssgnmntListEntry Length="1" RootTermCovItemId="C40">
<MapEntry BoolAssgnmnt="1" Value="1"/>
</AssgnmntListEntry>
<AssgnmntListEntry Length="1" RootTermCovItemId="C41">
<MapEntry BoolAssgnmnt="0" Value="1"/>
</AssgnmntListEntry>
<AssgnmntListEntry Length="1" RootTermCovItemId="C42">
<MapEntry BoolAssgnmnt="0" Value="1"/>
<MapEntry BoolAssgnmnt="1" Value="1"/>
</AssgnmntListEntry>
<AssgnmntListEntry Length="1" RootTermCovItemId="C43">
<MapEntry BoolAssgnmnt="1" Value="1"/>
</AssgnmntListEntry>
<AssgnmntListEntry Length="1" RootTermCovItemId="C44">
<MapEntry BoolAssgnmnt="0" Value="8"/>
<MapEntry BoolAssgnmnt="1" Value="1"/>
</AssgnmntListEntry>
<AssgnmntListEntry Length="1" RootTermCovItemId="C45">
<MapEntry BoolAssgnmnt="0" Value="8"/>
</AssgnmntListEntry>
<AssgnmntListEntry Length="1" RootTermCovItemId="C49">
<MapEntry BoolAssgnmnt="0" Value="1"/>
</AssgnmntListEntry>
<AssgnmntListEntry Length="2" RootTermCovItemId="C5">
<MapEntry BoolAssgnmnt="10" Value="2"/>
<MapEntry BoolAssgnmnt="11" Value="4"/>
</AssgnmntListEntry>
<AssgnmntListEntry Length="1" RootTermCovItemId="C56">
<MapEntry BoolAssgnmnt="0" Value="1"/>
</AssgnmntListEntry>
<AssgnmntListEntry Length="1" RootTermCovItemId="C6">
<MapEntry BoolAssgnmnt="1" Value="2"/>
</AssgnmntListEntry>
<AssgnmntListEntry Length="6" RootTermCovItemId="C66">
<MapEntry BoolAssgnmnt="110222" Value="2"/>
<MapEntry BoolAssgnmnt="022222" Value="2"/>
<MapEntry BoolAssgnmnt="111111" Value="32"/>
</AssgnmntListEntry>
<AssgnmntListEntry Length="6" RootTermCovItemId="C67">
<MapEntry BoolAssgnmnt="022222" Value="2"/>
<MapEntry BoolAssgnmnt="111111" Value="2"/>
</AssgnmntListEntry>
<AssgnmntListEntry Length="6" RootTermCovItemId="C68">
<MapEntry BoolAssgnmnt="102222" Value="2"/>
</AssgnmntListEntry>
<AssgnmntListEntry Length="6" RootTermCovItemId="C69">
<MapEntry BoolAssgnmnt="102222" Value="2"/>
</AssgnmntListEntry>
<AssgnmntListEntry Length="1" RootTermCovItemId="C7">
<MapEntry BoolAssgnmnt="0" Value="1"/>
<MapEntry BoolAssgnmnt="1" Value="2"/>
</AssgnmntListEntry>
<AssgnmntListEntry Length="1" RootTermCovItemId="C70">
<MapEntry BoolAssgnmnt="0" Value="9"/>
<MapEntry BoolAssgnmnt="1" Value="183"/>
</AssgnmntListEntry>
<AssgnmntListEntry Length="1" RootTermCovItemId="C71">
<MapEntry BoolAssgnmnt="0" Value="3"/>
<MapEntry BoolAssgnmnt="1" Value="6"/>
</AssgnmntListEntry>
<AssgnmntListEntry Length="1" RootTermCovItemId="C72">
<MapEntry BoolAssgnmnt="1" Value="6"/>
</AssgnmntListEntry>
<AssgnmntListEntry Length="1" RootTermCovItemId="C73">
<MapEntry BoolAssgnmnt="0" Value="6"/>
<MapEntry BoolAssgnmnt="1" Value="3"/>
</AssgnmntListEntry>
<AssgnmntListEntry Length="1" RootTermCovItemId="C74">
<MapEntry BoolAssgnmnt="1" Value="3"/>
</AssgnmntListEntry>
<AssgnmntListEntry Length="3" RootTermCovItemId="C75">
<MapEntry BoolAssgnmnt="012" Value="2"/>
<MapEntry BoolAssgnmnt="001" Value="1"/>
</AssgnmntListEntry>
<AssgnmntListEntry Length="3" RootTermCovItemId="C76">
<MapEntry BoolAssgnmnt="011" Value="2"/>
<MapEntry BoolAssgnmnt="002" Value="1"/>
</AssgnmntListEntry>
<AssgnmntListEntry Length="2" RootTermCovItemId="C77">
<MapEntry BoolAssgnmnt="10" Value="3"/>
</AssgnmntListEntry>
<AssgnmntListEntry Length="2" RootTermCovItemId="C8">
<MapEntry BoolAssgnmnt="10" Value="1"/>
<MapEntry BoolAssgnmnt="11" Value="1"/>
</AssgnmntListEntry>
<AssgnmntListEntry Length="1" RootTermCovItemId="C9">
<MapEntry BoolAssgnmnt="1" Value="1"/>
</AssgnmntListEntry>
</AssgnmntPrefix>
<AssgnmntPrefix RootTermCovItemPrefix="com.OriginalFiles.Board.java">
<AssgnmntListEntry Length="1" RootTermCovItemId="C14">
<MapEntry BoolAssgnmnt="0" Value="2"/>
<MapEntry BoolAssgnmnt="1" Value="4"/>
</AssgnmntListEntry>
<AssgnmntListEntry Length="1" RootTermCovItemId="C15">
<MapEntry BoolAssgnmnt="0" Value="4"/>
<MapEntry BoolAssgnmnt="1" Value="2"/>
</AssgnmntListEntry>
<AssgnmntListEntry Length="1" RootTermCovItemId="C16">
<MapEntry BoolAssgnmnt="0" Value="2"/>
</AssgnmntListEntry>
<AssgnmntListEntry Length="4" RootTermCovItemId="C17">
<MapEntry BoolAssgnmnt="0222" Value="2"/>
</AssgnmntListEntry>
<AssgnmntListEntry Length="2" RootTermCovItemId="C18">
<MapEntry BoolAssgnmnt="02" Value="2"/>
</AssgnmntListEntry>
<AssgnmntListEntry Length="2" RootTermCovItemId="C19">
<MapEntry BoolAssgnmnt="10" Value="2"/>
</AssgnmntListEntry>
<AssgnmntListEntry Length="1" RootTermCovItemId="C26">
<MapEntry BoolAssgnmnt="0" Value="1"/>
</AssgnmntListEntry>
<AssgnmntListEntry Length="1" RootTermCovItemId="C27">
<MapEntry BoolAssgnmnt="1" Value="1"/>
</AssgnmntListEntry>
<AssgnmntListEntry Length="2" RootTermCovItemId="C28">
<MapEntry BoolAssgnmnt="02" Value="1"/>
</AssgnmntListEntry>
<AssgnmntListEntry Length="1" RootTermCovItemId="C29">
<MapEntry BoolAssgnmnt="1" Value="1"/>
</AssgnmntListEntry>
<AssgnmntListEntry Length="1" RootTermCovItemId="C30">
<MapEntry BoolAssgnmnt="1" Value="4"/>
</AssgnmntListEntry>
<AssgnmntListEntry Length="1" RootTermCovItemId="C31">
<MapEntry BoolAssgnmnt="0" Value="6"/>
<MapEntry BoolAssgnmnt="1" Value="19"/>
</AssgnmntListEntry>
<AssgnmntListEntry Length="1" RootTermCovItemId="C32">
<MapEntry BoolAssgnmnt="0" Value="6"/>
<MapEntry BoolAssgnmnt="1" Value="12"/>
</AssgnmntListEntry>
<AssgnmntListEntry Length="1" RootTermCovItemId="C33">
<MapEntry BoolAssgnmnt="1" Value="6"/>
</AssgnmntListEntry>
<AssgnmntListEntry Length="1" RootTermCovItemId="C34">
<MapEntry BoolAssgnmnt="0" Value="6"/>
</AssgnmntListEntry>
<AssgnmntListEntry Length="1" RootTermCovItemId="C35">
<MapEntry BoolAssgnmnt="0" Value="6"/>
</AssgnmntListEntry>
<AssgnmntListEntry Length="5" RootTermCovItemId="C38">
<MapEntry BoolAssgnmnt="02002" Value="28"/>
<MapEntry BoolAssgnmnt="10122" Value="8"/>
<MapEntry BoolAssgnmnt="11221" Value="12"/>
<MapEntry BoolAssgnmnt="02010" Value="12"/>
<MapEntry BoolAssgnmnt="02011" Value="8"/>
</AssgnmntListEntry>
<AssgnmntListEntry Length="1" RootTermCovItemId="C39">
<MapEntry BoolAssgnmnt="0" Value="6"/>
<MapEntry BoolAssgnmnt="1" Value="50"/>
</AssgnmntListEntry>
<AssgnmntListEntry Length="1" RootTermCovItemId="C40">
<MapEntry BoolAssgnmnt="0" Value="49"/>
<MapEntry BoolAssgnmnt="1" Value="1"/>
</AssgnmntListEntry>
<AssgnmntListEntry Length="2" RootTermCovItemId="C41">
<MapEntry BoolAssgnmnt="10" Value="13"/>
<MapEntry BoolAssgnmnt="02" Value="36"/>
</AssgnmntListEntry>
<AssgnmntListEntry Length="1" RootTermCovItemId="C42">
<MapEntry BoolAssgnmnt="0" Value="192"/>
<MapEntry BoolAssgnmnt="1" Value="192"/>
</AssgnmntListEntry>
<AssgnmntListEntry Length="1" RootTermCovItemId="C43">
<MapEntry BoolAssgnmnt="0" Value="174"/>
<MapEntry BoolAssgnmnt="1" Value="18"/>
</AssgnmntListEntry>
<AssgnmntListEntry Length="1" RootTermCovItemId="C44">
<MapEntry BoolAssgnmnt="0" Value="12"/>
<MapEntry BoolAssgnmnt="1" Value="6"/>
</AssgnmntListEntry>
<AssgnmntListEntry Length="1" RootTermCovItemId="C53">
<MapEntry BoolAssgnmnt="1" Value="92"/>
</AssgnmntListEntry>
<AssgnmntListEntry Length="1" RootTermCovItemId="C54">
<MapEntry BoolAssgnmnt="0" Value="56"/>
<MapEntry BoolAssgnmnt="1" Value="36"/>
</AssgnmntListEntry>
<AssgnmntListEntry Length="3" RootTermCovItemId="C55">
<MapEntry BoolAssgnmnt="002" Value="91"/>
<MapEntry BoolAssgnmnt="120" Value="42"/>
<MapEntry BoolAssgnmnt="121" Value="31"/>
</AssgnmntListEntry>
<AssgnmntListEntry Length="3" RootTermCovItemId="C56">
<MapEntry BoolAssgnmnt="002" Value="31"/>
<MapEntry BoolAssgnmnt="120" Value="44"/>
<MapEntry BoolAssgnmnt="121" Value="47"/>
</AssgnmntListEntry>
</AssgnmntPrefix>
<AssgnmntPrefix RootTermCovItemPrefix="com.OriginalFiles.Field.java">
<AssgnmntListEntry Length="1" RootTermCovItemId="C1">
<MapEntry BoolAssgnmnt="0" Value="36"/>
<MapEntry BoolAssgnmnt="1" Value="8"/>
</AssgnmntListEntry>
</AssgnmntPrefix>
<AssgnmntPrefix RootTermCovItemPrefix="com.OriginalFiles.Piece.java">
<AssgnmntListEntry Length="2" RootTermCovItemId="C1">
<MapEntry BoolAssgnmnt="10" Value="28"/>
<MapEntry BoolAssgnmnt="02" Value="8"/>
<MapEntry BoolAssgnmnt="11" Value="3"/>
</AssgnmntListEntry>
<AssgnmntListEntry Length="5" RootTermCovItemId="C17">
<MapEntry BoolAssgnmnt="00210" Value="13"/>
<MapEntry BoolAssgnmnt="01002" Value="15"/>
<MapEntry BoolAssgnmnt="12222" Value="3"/>
</AssgnmntListEntry>
<AssgnmntListEntry Length="5" RootTermCovItemId="C18">
<MapEntry BoolAssgnmnt="00210" Value="9"/>
<MapEntry BoolAssgnmnt="00211" Value="4"/>
<MapEntry BoolAssgnmnt="01002" Value="11"/>
<MapEntry BoolAssgnmnt="12222" Value="3"/>
<MapEntry BoolAssgnmnt="01122" Value="4"/>
</AssgnmntListEntry>
<AssgnmntListEntry Length="1" RootTermCovItemId="C19">
<MapEntry BoolAssgnmnt="1" Value="8"/>
</AssgnmntListEntry>
<AssgnmntListEntry Length="2" RootTermCovItemId="C2">
<MapEntry BoolAssgnmnt="02" Value="3"/>
</AssgnmntListEntry>
<AssgnmntListEntry Length="1" RootTermCovItemId="C20">
<MapEntry BoolAssgnmnt="0" Value="28"/>
<MapEntry BoolAssgnmnt="1" Value="3"/>
</AssgnmntListEntry>
<AssgnmntListEntry Length="1" RootTermCovItemId="C3">
<MapEntry BoolAssgnmnt="0" Value="8"/>
<MapEntry BoolAssgnmnt="1" Value="31"/>
</AssgnmntListEntry>
<AssgnmntListEntry Length="1" RootTermCovItemId="C5">
<MapEntry BoolAssgnmnt="0" Value="13"/>
<MapEntry BoolAssgnmnt="1" Value="18"/>
</AssgnmntListEntry>
<AssgnmntListEntry Length="1" RootTermCovItemId="C6">
<MapEntry BoolAssgnmnt="0" Value="8"/>
<MapEntry BoolAssgnmnt="1" Value="31"/>
</AssgnmntListEntry>
<AssgnmntListEntry Length="1" RootTermCovItemId="C7">
<MapEntry BoolAssgnmnt="0" Value="28"/>
<MapEntry BoolAssgnmnt="1" Value="3"/>
</AssgnmntListEntry>
<AssgnmntListEntry Length="1" RootTermCovItemId="C8">
<MapEntry BoolAssgnmnt="1" Value="31"/>
</AssgnmntListEntry>
<AssgnmntListEntry Length="1" RootTermCovItemId="C9">
<MapEntry BoolAssgnmnt="0" Value="31"/>
</AssgnmntListEntry>
</AssgnmntPrefix>
<AssgnmntPrefix RootTermCovItemPrefix="com.OriginalFiles.RemoteNXTFunctions.java">
<AssgnmntListEntry Length="1" RootTermCovItemId="C10">
<MapEntry BoolAssgnmnt="0" Value="4"/>
</AssgnmntListEntry>
<AssgnmntListEntry Length="1" RootTermCovItemId="C14">
<MapEntry BoolAssgnmnt="0" Value="4"/>
</AssgnmntListEntry>
<AssgnmntListEntry Length="1" RootTermCovItemId="C18">
<MapEntry BoolAssgnmnt="0" Value="2"/>
<MapEntry BoolAssgnmnt="1" Value="2"/>
</AssgnmntListEntry>
<AssgnmntListEntry Length="2" RootTermCovItemId="C19">
<MapEntry BoolAssgnmnt="02" Value="2"/>
</AssgnmntListEntry>
<AssgnmntListEntry Length="2" RootTermCovItemId="C20">
<MapEntry BoolAssgnmnt="02" Value="1"/>
<MapEntry BoolAssgnmnt="11" Value="1"/>
</AssgnmntListEntry>
<AssgnmntListEntry Length="1" RootTermCovItemId="C21">
<MapEntry BoolAssgnmnt="1" Value="1"/>
</AssgnmntListEntry>
<AssgnmntListEntry Length="1" RootTermCovItemId="C22">
<MapEntry BoolAssgnmnt="1" Value="2"/>
</AssgnmntListEntry>
<AssgnmntListEntry Length="2" RootTermCovItemId="C23">
<MapEntry BoolAssgnmnt="02" Value="1"/>
<MapEntry BoolAssgnmnt="11" Value="1"/>
</AssgnmntListEntry>
<AssgnmntListEntry Length="2" RootTermCovItemId="C24">
<MapEntry BoolAssgnmnt="02" Value="1"/>
</AssgnmntListEntry>
<AssgnmntListEntry Length="2" RootTermCovItemId="C25">
<MapEntry BoolAssgnmnt="11" Value="1"/>
</AssgnmntListEntry>
<AssgnmntListEntry Length="1" RootTermCovItemId="C5">
<MapEntry BoolAssgnmnt="0" Value="4"/>
<MapEntry BoolAssgnmnt="1" Value="32"/>
</AssgnmntListEntry>
<AssgnmntListEntry Length="2" RootTermCovItemId="C6">
<MapEntry BoolAssgnmnt="11" Value="32"/>
</AssgnmntListEntry>
</AssgnmntPrefix>
</AssgnmntList>
<ObjMetaDataList/>
<MetaDataList/>
</TestCase>
<TestCase Comment="" Date="1386064416951" Name="com.Testing.AnalyzeTest:testCheckForUpgradeKing">
<CovList>
<CovPrefix CovItemPrefix="com.OriginalFiles.Analyze.java">
<Cov CovItemId="B1" Value="30"/>
<Cov CovItemId="B10" Value="30"/>
<Cov CovItemId="B101" Value="8"/>
<Cov CovItemId="B107" Value="33"/>
<Cov CovItemId="B108" Value="117"/>
<Cov CovItemId="B109" Value="11"/>
<Cov CovItemId="B11" Value="30"/>
<Cov CovItemId="B110" Value="106"/>
<Cov CovItemId="B111" Value="21"/>
<Cov CovItemId="B112" Value="85"/>
<Cov CovItemId="B113" Value="2"/>
<Cov CovItemId="B114" Value="83"/>
<Cov CovItemId="B115" Value="59"/>
<Cov CovItemId="B120" Value="132"/>
<Cov CovItemId="B121" Value="3644"/>
<Cov CovItemId="B122" Value="66"/>
<Cov CovItemId="B123" Value="66"/>
<Cov CovItemId="B124" Value="66"/>
<Cov CovItemId="B126" Value="66"/>
<Cov CovItemId="B127" Value="66"/>
<Cov CovItemId="B128" Value="66"/>
<Cov CovItemId="B13" Value="23"/>
<Cov CovItemId="B131" Value="59"/>
<Cov CovItemId="B133" Value="59"/>
<Cov CovItemId="B134" Value="52"/>
<Cov CovItemId="B135" Value="7"/>
<Cov CovItemId="B136" Value="42"/>
<Cov CovItemId="B137" Value="10"/>
<Cov CovItemId="B139" Value="42"/>
<Cov CovItemId="B14" Value="7"/>
<Cov CovItemId="B157" Value="84"/>
<Cov CovItemId="B16" Value="23"/>
<Cov CovItemId="B17" Value="22"/>
<Cov CovItemId="B19" Value="7"/>
<Cov CovItemId="B20" Value="22"/>
<Cov CovItemId="B21" Value="3"/>
<Cov CovItemId="B22" Value="4"/>
<Cov CovItemId="B23" Value="3"/>
<Cov CovItemId="B24" Value="1"/>
<Cov CovItemId="B26" Value="23"/>
<Cov CovItemId="B3" Value="29"/>
<Cov CovItemId="B31" Value="22"/>
<Cov CovItemId="B33" Value="23"/>
<Cov CovItemId="B35" Value="11"/>
<Cov CovItemId="B36" Value="12"/>
<Cov CovItemId="B37" Value="11"/>
<Cov CovItemId="B39" Value="2"/>
<Cov CovItemId="B40" Value="10"/>
<Cov CovItemId="B41" Value="2"/>
<Cov CovItemId="B43" Value="10"/>
<Cov CovItemId="B46" Value="10"/>
<Cov CovItemId="B49" Value="10"/>
<Cov CovItemId="B5" Value="2"/>
<Cov CovItemId="B51" Value="10"/>
<Cov CovItemId="B53" Value="23"/>
<Cov CovItemId="B55" Value="21"/>
<Cov CovItemId="B56" Value="2"/>
<Cov CovItemId="B57" Value="21"/>
<Cov CovItemId="B58" Value="2"/>
<Cov CovItemId="B59" Value="23"/>
<Cov CovItemId="B6" Value="28"/>
<Cov CovItemId="B61" Value="65"/>
<Cov CovItemId="B62" Value="23"/>
<Cov CovItemId="B64" Value="88"/>
<Cov CovItemId="B7" Value="60"/>
<Cov CovItemId="B8" Value="1860"/>
<Cov CovItemId="B83" Value="3"/>
<Cov CovItemId="B84" Value="30"/>
<Cov CovItemId="B85" Value="1"/>
<Cov CovItemId="B86" Value="2"/>
<Cov CovItemId="B87" Value="1"/>
<Cov CovItemId="B9" Value="30"/>
<Cov CovItemId="B90" Value="2"/>
<Cov CovItemId="B91" Value="1"/>
<Cov CovItemId="B92" Value="9"/>
<Cov CovItemId="B93" Value="1"/>
<Cov CovItemId="B94" Value="8"/>
<Cov CovItemId="B95" Value="1"/>
<Cov CovItemId="B96" Value="28"/>
<Cov CovItemId="B97" Value="1"/>
<Cov CovItemId="B99" Value="1"/>
<Cov CovItemId="L1-2" Value="30"/>
<Cov CovItemId="L11-1" Value="1"/>
<Cov CovItemId="L11-2" Value="1"/>
<Cov CovItemId="L12-1" Value="1"/>
<Cov CovItemId="L13-1" Value="1"/>
<Cov CovItemId="L14-1" Value="1"/>
<Cov CovItemId="L15-2" Value="1"/>
<Cov CovItemId="L16-2" Value="59"/>
<Cov CovItemId="L17-2" Value="472"/>
<Cov CovItemId="L2-2" Value="240"/>
<Cov CovItemId="L3-1" Value="30"/>
<Cov CovItemId="L4-2" Value="23"/>
<Cov CovItemId="S10" Value="30"/>
<Cov CovItemId="S11" Value="29"/>
<Cov CovItemId="S12" Value="29"/>
<Cov CovItemId="S13" Value="29"/>
<Cov CovItemId="S14" Value="29"/>
<Cov CovItemId="S149" Value="33"/>
<Cov CovItemId="S15" Value="29"/>
<Cov CovItemId="S150" Value="3"/>
<Cov CovItemId="S151" Value="1"/>
<Cov CovItemId="S152" Value="1"/>
<Cov CovItemId="S153" Value="1"/>
<Cov CovItemId="S154" Value="1"/>
<Cov CovItemId="S155" Value="2"/>
<Cov CovItemId="S158" Value="2"/>
<Cov CovItemId="S159" Value="2"/>
<Cov CovItemId="S160" Value="2"/>
<Cov CovItemId="S161" Value="10"/>
<Cov CovItemId="S162" Value="1"/>
<Cov CovItemId="S163" Value="9"/>
<Cov CovItemId="S164" Value="1"/>
<Cov CovItemId="S165" Value="1"/>
<Cov CovItemId="S166" Value="1"/>
<Cov CovItemId="S167" Value="9"/>
<Cov CovItemId="S168" Value="29"/>
<Cov CovItemId="S169" Value="1"/>
<Cov CovItemId="S17" Value="30"/>
<Cov CovItemId="S170" Value="1"/>
<Cov CovItemId="S171" Value="1"/>
<Cov CovItemId="S172" Value="1"/>
<Cov CovItemId="S173" Value="1"/>
<Cov CovItemId="S174" Value="1"/>
<Cov CovItemId="S175" Value="1"/>
<Cov CovItemId="S176" Value="1"/>
<Cov CovItemId="S177" Value="1"/>
<Cov CovItemId="S178" Value="1"/>
<Cov CovItemId="S179" Value="1"/>
<Cov CovItemId="S18" Value="30"/>
<Cov CovItemId="S183" Value="1"/>
<Cov CovItemId="S184" Value="1"/>
<Cov CovItemId="S185" Value="8"/>
<Cov CovItemId="S186" Value="8"/>
<Cov CovItemId="S187" Value="8"/>
<Cov CovItemId="S188" Value="1"/>
<Cov CovItemId="S19" Value="2"/>
<Cov CovItemId="S199" Value="150"/>
<Cov CovItemId="S20" Value="2"/>
<Cov CovItemId="S200" Value="150"/>
<Cov CovItemId="S201" Value="150"/>
<Cov CovItemId="S202" Value="150"/>
<Cov CovItemId="S203" Value="150"/>
<Cov CovItemId="S204" Value="33"/>
<Cov CovItemId="S205" Value="117"/>
<Cov CovItemId="S206" Value="11"/>
<Cov CovItemId="S207" Value="106"/>
<Cov CovItemId="S208" Value="21"/>
<Cov CovItemId="S209" Value="85"/>
<Cov CovItemId="S21" Value="30"/>
<Cov CovItemId="S210" Value="2"/>
<Cov CovItemId="S211" Value="83"/>
<Cov CovItemId="S212" Value="59"/>
<Cov CovItemId="S213" Value="59"/>
<Cov CovItemId="S22" Value="30"/>
<Cov CovItemId="S221" Value="59"/>
<Cov CovItemId="S222" Value="59"/>
<Cov CovItemId="S223" Value="59"/>
<Cov CovItemId="S224" Value="59"/>
<Cov CovItemId="S225" Value="59"/>
<Cov CovItemId="S226" Value="59"/>
<Cov CovItemId="S227" Value="472"/>
<Cov CovItemId="S228" Value="3776"/>
<Cov CovItemId="S229" Value="132"/>
<Cov CovItemId="S23" Value="240"/>
<Cov CovItemId="S230" Value="66"/>
<Cov CovItemId="S231" Value="66"/>
<Cov CovItemId="S232" Value="66"/>
<Cov CovItemId="S233" Value="132"/>
<Cov CovItemId="S234" Value="66"/>
<Cov CovItemId="S235" Value="66"/>
<Cov CovItemId="S236" Value="66"/>
<Cov CovItemId="S237" Value="59"/>
<Cov CovItemId="S239" Value="59"/>
<Cov CovItemId="S24" Value="1920"/>
<Cov CovItemId="S241" Value="59"/>
<Cov CovItemId="S242" Value="52"/>
<Cov CovItemId="S243" Value="42"/>
<Cov CovItemId="S244" Value="42"/>
<Cov CovItemId="S245" Value="42"/>
<Cov CovItemId="S25" Value="60"/>
<Cov CovItemId="S250" Value="59"/>
<Cov CovItemId="S26" Value="30"/>
<Cov CovItemId="S267" Value="84"/>
<Cov CovItemId="S269" Value="84"/>
<Cov CovItemId="S27" Value="30"/>
<Cov CovItemId="S28" Value="30"/>
<Cov CovItemId="S29" Value="30"/>
<Cov CovItemId="S30" Value="30"/>
<Cov CovItemId="S31" Value="30"/>
<Cov CovItemId="S32" Value="30"/>
<Cov CovItemId="S33" Value="30"/>
<Cov CovItemId="S34" Value="30"/>
<Cov CovItemId="S35" Value="23"/>
<Cov CovItemId="S37" Value="23"/>
<Cov CovItemId="S38" Value="22"/>
<Cov CovItemId="S39" Value="7"/>
<Cov CovItemId="S40" Value="29"/>
<Cov CovItemId="S41" Value="7"/>
<Cov CovItemId="S42" Value="3"/>
<Cov CovItemId="S43" Value="3"/>
<Cov CovItemId="S44" Value="3"/>
<Cov CovItemId="S45" Value="4"/>
<Cov CovItemId="S46" Value="3"/>
<Cov CovItemId="S47" Value="3"/>
<Cov CovItemId="S48" Value="3"/>
<Cov CovItemId="S49" Value="3"/>
<Cov CovItemId="S50" Value="1"/>
<Cov CovItemId="S51" Value="23"/>
<Cov CovItemId="S52" Value="23"/>
<Cov CovItemId="S57" Value="23"/>
<Cov CovItemId="S58" Value="22"/>
<Cov CovItemId="S59" Value="22"/>
<Cov CovItemId="S6" Value="30"/>
<Cov CovItemId="S60" Value="23"/>
<Cov CovItemId="S61" Value="23"/>
<Cov CovItemId="S62" Value="11"/>
<Cov CovItemId="S63" Value="11"/>
<Cov CovItemId="S64" Value="11"/>
<Cov CovItemId="S66" Value="12"/>
<Cov CovItemId="S67" Value="2"/>
<Cov CovItemId="S68" Value="2"/>
<Cov CovItemId="S69" Value="1"/>
<Cov CovItemId="S7" Value="30"/>
<Cov CovItemId="S71" Value="10"/>
<Cov CovItemId="S72" Value="10"/>
<Cov CovItemId="S77" Value="10"/>
<Cov CovItemId="S78" Value="10"/>
<Cov CovItemId="S79" Value="10"/>
<Cov CovItemId="S8" Value="30"/>
<Cov CovItemId="S80" Value="10"/>
<Cov CovItemId="S83" Value="23"/>
<Cov CovItemId="S84" Value="23"/>
<Cov CovItemId="S85" Value="23"/>
<Cov CovItemId="S86" Value="23"/>
<Cov CovItemId="S87" Value="21"/>
<Cov CovItemId="S88" Value="23"/>
<Cov CovItemId="S89" Value="21"/>
<Cov CovItemId="S9" Value="30"/>
<Cov CovItemId="S90" Value="23"/>
<Cov CovItemId="S91" Value="23"/>
<Cov CovItemId="S92" Value="23"/>
<Cov CovItemId="S93" Value="23"/>
<Cov CovItemId="S94" Value="88"/>
<Cov CovItemId="S95" Value="65"/>
<Cov CovItemId="S96" Value="88"/>
<Cov CovItemId="S98" Value="23"/>
</CovPrefix>
<CovPrefix CovItemPrefix="com.OriginalFiles.Board.java">
<Cov CovItemId="B28" Value="65"/>
<Cov CovItemId="B31" Value="33"/>
<Cov CovItemId="B33" Value="24"/>
<Cov CovItemId="B34" Value="9"/>
<Cov CovItemId="B35" Value="3"/>
<Cov CovItemId="B36" Value="30"/>
<Cov CovItemId="B37" Value="33"/>
<Cov CovItemId="B38" Value="1"/>
<Cov CovItemId="B39" Value="85"/>
<Cov CovItemId="B41" Value="912"/>
<Cov CovItemId="B42" Value="77"/>
<Cov CovItemId="B44" Value="268"/>
<Cov CovItemId="B45" Value="222"/>
<Cov CovItemId="B46" Value="46"/>
<Cov CovItemId="B47" Value="237"/>
<Cov CovItemId="B48" Value="31"/>
<Cov CovItemId="B49" Value="199"/>
<Cov CovItemId="B50" Value="69"/>
<Cov CovItemId="B51" Value="199"/>
<Cov CovItemId="B53" Value="199"/>
<Cov CovItemId="B55" Value="138"/>
<Cov CovItemId="B56" Value="934"/>
<Cov CovItemId="B57" Value="680"/>
<Cov CovItemId="B58" Value="254"/>
<Cov CovItemId="B59" Value="680"/>
<Cov CovItemId="B62" Value="680"/>
<Cov CovItemId="B63" Value="3808"/>
<Cov CovItemId="B64" Value="3808"/>
<Cov CovItemId="B65" Value="268"/>
<Cov CovItemId="B66" Value="3540"/>
<Cov CovItemId="B67" Value="134"/>
<Cov CovItemId="B68" Value="134"/>
<Cov CovItemId="B71" Value="4"/>
<Cov CovItemId="B72" Value="4"/>
<Cov CovItemId="B73" Value="16"/>
<Cov CovItemId="B74" Value="16"/>
<Cov CovItemId="B75" Value="16"/>
<Cov CovItemId="B76" Value="16"/>
<Cov CovItemId="B77" Value="28"/>
<Cov CovItemId="B78" Value="4"/>
<Cov CovItemId="B79" Value="1373"/>
<Cov CovItemId="B81" Value="628"/>
<Cov CovItemId="B82" Value="745"/>
<Cov CovItemId="B83" Value="245"/>
<Cov CovItemId="B84" Value="556"/>
<Cov CovItemId="B85" Value="168"/>
<Cov CovItemId="B86" Value="388"/>
<Cov CovItemId="L10-2" Value="1904"/>
<Cov CovItemId="L11-1" Value="30"/>
<Cov CovItemId="L12-0" Value="30"/>
<Cov CovItemId="L13-2" Value="119"/>
<Cov CovItemId="L14-2" Value="952"/>
<Cov CovItemId="L15-2" Value="1"/>
<Cov CovItemId="L16-2" Value="4"/>
<Cov CovItemId="L17-2" Value="4"/>
<Cov CovItemId="L9-2" Value="238"/>
<Cov CovItemId="S100" Value="24"/>
<Cov CovItemId="S101" Value="9"/>
<Cov CovItemId="S102" Value="33"/>
<Cov CovItemId="S103" Value="3"/>
<Cov CovItemId="S104" Value="30"/>
<Cov CovItemId="S105" Value="23"/>
<Cov CovItemId="S106" Value="34"/>
<Cov CovItemId="S107" Value="34"/>
<Cov CovItemId="S108" Value="34"/>
<Cov CovItemId="S109" Value="33"/>
<Cov CovItemId="S110" Value="55"/>
<Cov CovItemId="S111" Value="85"/>
<Cov CovItemId="S112" Value="85"/>
<Cov CovItemId="S113" Value="85"/>
<Cov CovItemId="S115" Value="989"/>
<Cov CovItemId="S116" Value="912"/>
<Cov CovItemId="S117" Value="77"/>
<Cov CovItemId="S118" Value="268"/>
<Cov CovItemId="S119" Value="268"/>
<Cov CovItemId="S121" Value="268"/>
<Cov CovItemId="S122" Value="268"/>
<Cov CovItemId="S123" Value="268"/>
<Cov CovItemId="S124" Value="268"/>
<Cov CovItemId="S125" Value="222"/>
<Cov CovItemId="S126" Value="268"/>
<Cov CovItemId="S127" Value="237"/>
<Cov CovItemId="S128" Value="268"/>
<Cov CovItemId="S129" Value="199"/>
<Cov CovItemId="S130" Value="199"/>
<Cov CovItemId="S131" Value="199"/>
<Cov CovItemId="S132" Value="199"/>
<Cov CovItemId="S133" Value="268"/>
<Cov CovItemId="S134" Value="268"/>
<Cov CovItemId="S135" Value="1072"/>
<Cov CovItemId="S136" Value="138"/>
<Cov CovItemId="S137" Value="934"/>
<Cov CovItemId="S138" Value="680"/>
<Cov CovItemId="S139" Value="680"/>
<Cov CovItemId="S141" Value="934"/>
<Cov CovItemId="S142" Value="1072"/>
<Cov CovItemId="S143" Value="119"/>
<Cov CovItemId="S144" Value="119"/>
<Cov CovItemId="S145" Value="952"/>
<Cov CovItemId="S146" Value="7616"/>
<Cov CovItemId="S147" Value="3808"/>
<Cov CovItemId="S148" Value="268"/>
<Cov CovItemId="S149" Value="134"/>
<Cov CovItemId="S150" Value="134"/>
<Cov CovItemId="S151" Value="119"/>
<Cov CovItemId="S157" Value="1"/>
<Cov CovItemId="S158" Value="1"/>
<Cov CovItemId="S159" Value="8"/>
<Cov CovItemId="S160" Value="4"/>
<Cov CovItemId="S161" Value="32"/>
<Cov CovItemId="S162" Value="16"/>
<Cov CovItemId="S163" Value="4"/>
<Cov CovItemId="S164" Value="4"/>
<Cov CovItemId="S165" Value="32"/>
<Cov CovItemId="S166" Value="16"/>
<Cov CovItemId="S167" Value="4"/>
<Cov CovItemId="S168" Value="1"/>
<Cov CovItemId="S169" Value="32"/>
<Cov CovItemId="S170" Value="32"/>
<Cov CovItemId="S171" Value="28"/>
<Cov CovItemId="S172" Value="4"/>
<Cov CovItemId="S173" Value="4"/>
<Cov CovItemId="S174" Value="4"/>
<Cov CovItemId="S175" Value="4"/>
<Cov CovItemId="S176" Value="1373"/>
<Cov CovItemId="S177" Value="1373"/>
<Cov CovItemId="S178" Value="628"/>
<Cov CovItemId="S179" Value="745"/>
<Cov CovItemId="S180" Value="801"/>
<Cov CovItemId="S181" Value="245"/>
<Cov CovItemId="S182" Value="556"/>
<Cov CovItemId="S183" Value="168"/>
<Cov CovItemId="S184" Value="388"/>
<Cov CovItemId="S185" Value="3712"/>
<Cov CovItemId="S61" Value="238"/>
<Cov CovItemId="S62" Value="1904"/>
<Cov CovItemId="S63" Value="15232"/>
<Cov CovItemId="S64" Value="30"/>
<Cov CovItemId="S65" Value="30"/>
<Cov CovItemId="S66" Value="30"/>
<Cov CovItemId="S67" Value="30"/>
<Cov CovItemId="S68" Value="30"/>
<Cov CovItemId="S76" Value="30"/>
<Cov CovItemId="S77" Value="30"/>
<Cov CovItemId="S94" Value="65"/>
<Cov CovItemId="S97" Value="65"/>
<Cov CovItemId="S98" Value="33"/>
<Cov CovItemId="S99" Value="33"/>
</CovPrefix>
<CovPrefix CovItemPrefix="com.OriginalFiles.Field.java">
<Cov CovItemId="B1" Value="80"/>
<Cov CovItemId="B2" Value="45"/>
<Cov CovItemId="S1" Value="88"/>
<Cov CovItemId="S13" Value="418"/>
<Cov CovItemId="S2" Value="88"/>
<Cov CovItemId="S5" Value="125"/>
<Cov CovItemId="S6" Value="125"/>
<Cov CovItemId="S7" Value="80"/>
<Cov CovItemId="S8" Value="6296"/>
<Cov CovItemId="S9" Value="8157"/>
</CovPrefix>
<CovPrefix CovItemPrefix="com.OriginalFiles.Move.java">
<Cov CovItemId="S1" Value="2"/>
<Cov CovItemId="S2" Value="2"/>
<Cov CovItemId="S3" Value="2"/>
<Cov CovItemId="S4" Value="2"/>
<Cov CovItemId="S5" Value="2"/>
<Cov CovItemId="S6" Value="2"/>
<Cov CovItemId="S7" Value="2"/>
</CovPrefix>
<CovPrefix CovItemPrefix="com.OriginalFiles.Piece.java">
<Cov CovItemId="B1" Value="35"/>
<Cov CovItemId="B10" Value="34"/>
<Cov CovItemId="B11" Value="81"/>
<Cov CovItemId="B12" Value="9"/>
<Cov CovItemId="B13" Value="35"/>
<Cov CovItemId="B14" Value="46"/>
<Cov CovItemId="B15" Value="81"/>
<Cov CovItemId="B18" Value="81"/>
<Cov CovItemId="B2" Value="55"/>
<Cov CovItemId="B3" Value="19"/>
<Cov CovItemId="B33" Value="13"/>
<Cov CovItemId="B34" Value="68"/>
<Cov CovItemId="B35" Value="8"/>
<Cov CovItemId="B36" Value="73"/>
<Cov CovItemId="B37" Value="8"/>
<Cov CovItemId="B39" Value="35"/>
<Cov CovItemId="B4" Value="16"/>
<Cov CovItemId="B40" Value="46"/>
<Cov CovItemId="B5" Value="81"/>
<Cov CovItemId="B6" Value="9"/>
<Cov CovItemId="B9" Value="47"/>
<Cov CovItemId="S1" Value="46"/>
<Cov CovItemId="S10" Value="46"/>
<Cov CovItemId="S11" Value="46"/>
<Cov CovItemId="S12" Value="46"/>
<Cov CovItemId="S13" Value="46"/>
<Cov CovItemId="S14" Value="46"/>
<Cov CovItemId="S15" Value="46"/>
<Cov CovItemId="S16" Value="46"/>
<Cov CovItemId="S17" Value="46"/>
<Cov CovItemId="S18" Value="46"/>
<Cov CovItemId="S19" Value="46"/>
<Cov CovItemId="S2" Value="46"/>
<Cov CovItemId="S20" Value="46"/>
<Cov CovItemId="S21" Value="46"/>
<Cov CovItemId="S23" Value="336"/>
<Cov CovItemId="S24" Value="90"/>
<Cov CovItemId="S25" Value="90"/>
<Cov CovItemId="S26" Value="90"/>
<Cov CovItemId="S27" Value="35"/>
<Cov CovItemId="S28" Value="19"/>
<Cov CovItemId="S29" Value="35"/>
<Cov CovItemId="S3" Value="46"/>
<Cov CovItemId="S30" Value="55"/>
<Cov CovItemId="S31" Value="90"/>
<Cov CovItemId="S32" Value="90"/>
<Cov CovItemId="S33" Value="81"/>
<Cov CovItemId="S34" Value="9"/>
<Cov CovItemId="S35" Value="9"/>
<Cov CovItemId="S39" Value="81"/>
<Cov CovItemId="S4" Value="46"/>
<Cov CovItemId="S40" Value="47"/>
<Cov CovItemId="S41" Value="34"/>
<Cov CovItemId="S42" Value="90"/>
<Cov CovItemId="S43" Value="90"/>
<Cov CovItemId="S44" Value="81"/>
<Cov CovItemId="S45" Value="81"/>
<Cov CovItemId="S46" Value="81"/>
<Cov CovItemId="S47" Value="35"/>
<Cov CovItemId="S48" Value="81"/>
<Cov CovItemId="S49" Value="81"/>
<Cov CovItemId="S5" Value="46"/>
<Cov CovItemId="S50" Value="81"/>
<Cov CovItemId="S6" Value="46"/>
<Cov CovItemId="S65" Value="81"/>
<Cov CovItemId="S66" Value="13"/>
<Cov CovItemId="S67" Value="81"/>
<Cov CovItemId="S68" Value="8"/>
<Cov CovItemId="S69" Value="8"/>
<Cov CovItemId="S7" Value="46"/>
<Cov CovItemId="S70" Value="8"/>
<Cov CovItemId="S71" Value="81"/>
<Cov CovItemId="S72" Value="35"/>
<Cov CovItemId="S73" Value="81"/>
<Cov CovItemId="S8" Value="46"/>
<Cov CovItemId="S9" Value="46"/>
</CovPrefix>
<CovPrefix CovItemPrefix="com.OriginalFiles.RemoteNXTFunctions.java">
<Cov CovItemId="B10" Value="38"/>
<Cov CovItemId="B104" Value="78"/>
<Cov CovItemId="B11" Value="1"/>
<Cov CovItemId="B114" Value="78"/>
<Cov CovItemId="B12" Value="37"/>
<Cov CovItemId="B124" Value="78"/>
<Cov CovItemId="B13" Value="10"/>
<Cov CovItemId="B133" Value="6"/>
<Cov CovItemId="B134" Value="72"/>
<Cov CovItemId="B135" Value="2"/>
<Cov CovItemId="B136" Value="4"/>
<Cov CovItemId="B137" Value="2"/>
<Cov CovItemId="B138" Value="2"/>
<Cov CovItemId="B14" Value="27"/>
<Cov CovItemId="B140" Value="2"/>
<Cov CovItemId="B142" Value="72"/>
<Cov CovItemId="B15" Value="22"/>
<Cov CovItemId="B16" Value="56"/>
<Cov CovItemId="B17" Value="11"/>
<Cov CovItemId="B18" Value="11"/>
<Cov CovItemId="B19" Value="11"/>
<Cov CovItemId="B2" Value="2"/>
<Cov CovItemId="B23" Value="50"/>
<Cov CovItemId="B24" Value="28"/>
<Cov CovItemId="B25" Value="10"/>
<Cov CovItemId="B26" Value="40"/>
<Cov CovItemId="B27" Value="10"/>
<Cov CovItemId="B28" Value="30"/>
<Cov CovItemId="B30" Value="30"/>
<Cov CovItemId="B32" Value="78"/>
<Cov CovItemId="B4" Value="2"/>
<Cov CovItemId="B40" Value="78"/>
<Cov CovItemId="B5" Value="72"/>
<Cov CovItemId="B50" Value="78"/>
<Cov CovItemId="B56" Value="78"/>
<Cov CovItemId="B6" Value="78"/>
<Cov CovItemId="B62" Value="78"/>
<Cov CovItemId="B7" Value="33"/>
<Cov CovItemId="B70" Value="78"/>
<Cov CovItemId="B78" Value="78"/>
<Cov CovItemId="B8" Value="39"/>
<Cov CovItemId="B86" Value="78"/>
<Cov CovItemId="B9" Value="1"/>
<Cov CovItemId="B94" Value="78"/>
<Cov CovItemId="L1-1" Value="2"/>
<Cov CovItemId="L2-0" Value="2"/>
<Cov CovItemId="S10" Value="2"/>
<Cov CovItemId="S100" Value="78"/>
<Cov CovItemId="S108" Value="78"/>
<Cov CovItemId="S118" Value="78"/>
<Cov CovItemId="S12" Value="2"/>
<Cov CovItemId="S128" Value="78"/>
<Cov CovItemId="S138" Value="78"/>
<Cov CovItemId="S14" Value="2"/>
<Cov CovItemId="S148" Value="78"/>
<Cov CovItemId="S149" Value="6"/>
<Cov CovItemId="S15" Value="2"/>
<Cov CovItemId="S150" Value="2"/>
<Cov CovItemId="S151" Value="4"/>
<Cov CovItemId="S152" Value="2"/>
<Cov CovItemId="S153" Value="2"/>
<Cov CovItemId="S155" Value="2"/>
<Cov CovItemId="S156" Value="72"/>
<Cov CovItemId="S162" Value="150"/>
<Cov CovItemId="S17" Value="2"/>
<Cov CovItemId="S18" Value="2"/>
<Cov CovItemId="S19" Value="150"/>
<Cov CovItemId="S20" Value="150"/>
<Cov CovItemId="S21" Value="72"/>
<Cov CovItemId="S22" Value="33"/>
<Cov CovItemId="S23" Value="39"/>
<Cov CovItemId="S24" Value="1"/>
<Cov CovItemId="S25" Value="38"/>
<Cov CovItemId="S26" Value="1"/>
<Cov CovItemId="S27" Value="37"/>
<Cov CovItemId="S28" Value="10"/>
<Cov CovItemId="S29" Value="27"/>
<Cov CovItemId="S30" Value="78"/>
<Cov CovItemId="S31" Value="22"/>
<Cov CovItemId="S32" Value="11"/>
<Cov CovItemId="S33" Value="11"/>
<Cov CovItemId="S34" Value="11"/>
<Cov CovItemId="S38" Value="78"/>
<Cov CovItemId="S39" Value="50"/>
<Cov CovItemId="S4" Value="5"/>
<Cov CovItemId="S40" Value="10"/>
<Cov CovItemId="S41" Value="40"/>
<Cov CovItemId="S42" Value="10"/>
<Cov CovItemId="S43" Value="30"/>
<Cov CovItemId="S45" Value="30"/>
<Cov CovItemId="S46" Value="78"/>
<Cov CovItemId="S5" Value="1"/>
<Cov CovItemId="S54" Value="78"/>
<Cov CovItemId="S6" Value="2"/>
<Cov CovItemId="S64" Value="78"/>
<Cov CovItemId="S7" Value="2"/>
<Cov CovItemId="S70" Value="78"/>
<Cov CovItemId="S76" Value="78"/>
<Cov CovItemId="S8" Value="2"/>
<Cov CovItemId="S84" Value="78"/>
<Cov CovItemId="S9" Value="2"/>
<Cov CovItemId="S92" Value="78"/>
</CovPrefix>
</CovList>
<AssgnmntList>
<AssgnmntPrefix RootTermCovItemPrefix="com.OriginalFiles.Analyze.java">
<AssgnmntListEntry Length="1" RootTermCovItemId="C1">
<MapEntry BoolAssgnmnt="0" Value="30"/>
</AssgnmntListEntry>
<AssgnmntListEntry Length="1" RootTermCovItemId="C10">
<MapEntry BoolAssgnmnt="0" Value="7"/>
<MapEntry BoolAssgnmnt="1" Value="22"/>
</AssgnmntListEntry>
<AssgnmntListEntry Length="1" RootTermCovItemId="C11">
<MapEntry BoolAssgnmnt="0" Value="4"/>
<MapEntry BoolAssgnmnt="1" Value="3"/>
</AssgnmntListEntry>
<AssgnmntListEntry Length="1" RootTermCovItemId="C12">
<MapEntry BoolAssgnmnt="0" Value="1"/>
<MapEntry BoolAssgnmnt="1" Value="3"/>
</AssgnmntListEntry>
<AssgnmntListEntry Length="1" RootTermCovItemId="C13">
<MapEntry BoolAssgnmnt="0" Value="23"/>
</AssgnmntListEntry>
<AssgnmntListEntry Length="1" RootTermCovItemId="C16">
<MapEntry BoolAssgnmnt="1" Value="22"/>
</AssgnmntListEntry>
<AssgnmntListEntry Length="1" RootTermCovItemId="C17">
<MapEntry BoolAssgnmnt="1" Value="23"/>
</AssgnmntListEntry>
<AssgnmntListEntry Length="1" RootTermCovItemId="C18">
<MapEntry BoolAssgnmnt="0" Value="12"/>
<MapEntry BoolAssgnmnt="1" Value="11"/>
</AssgnmntListEntry>
<AssgnmntListEntry Length="1" RootTermCovItemId="C19">
<MapEntry BoolAssgnmnt="1" Value="11"/>
</AssgnmntListEntry>
<AssgnmntListEntry Length="1" RootTermCovItemId="C2">
<MapEntry BoolAssgnmnt="0" Value="29"/>
</AssgnmntListEntry>
<AssgnmntListEntry Length="1" RootTermCovItemId="C20">
<MapEntry BoolAssgnmnt="0" Value="10"/>
<MapEntry BoolAssgnmnt="1" Value="2"/>
</AssgnmntListEntry>
<AssgnmntListEntry Length="1" RootTermCovItemId="C21">
<MapEntry BoolAssgnmnt="1" Value="2"/>
</AssgnmntListEntry>
<AssgnmntListEntry Length="1" RootTermCovItemId="C22">
<MapEntry BoolAssgnmnt="1" Value="10"/>
</AssgnmntListEntry>
<AssgnmntListEntry Length="1" RootTermCovItemId="C23">
<MapEntry BoolAssgnmnt="0" Value="10"/>
</AssgnmntListEntry>
<AssgnmntListEntry Length="1" RootTermCovItemId="C25">
<MapEntry BoolAssgnmnt="1" Value="10"/>
</AssgnmntListEntry>
<AssgnmntListEntry Length="1" RootTermCovItemId="C26">
<MapEntry BoolAssgnmnt="1" Value="10"/>
</AssgnmntListEntry>
<AssgnmntListEntry Length="1" RootTermCovItemId="C27">
<MapEntry BoolAssgnmnt="1" Value="23"/>
</AssgnmntListEntry>
<AssgnmntListEntry Length="1" RootTermCovItemId="C28">
<MapEntry BoolAssgnmnt="0" Value="2"/>
<MapEntry BoolAssgnmnt="1" Value="21"/>
</AssgnmntListEntry>
<AssgnmntListEntry Length="1" RootTermCovItemId="C29">
<MapEntry BoolAssgnmnt="0" Value="2"/>
<MapEntry BoolAssgnmnt="1" Value="21"/>
</AssgnmntListEntry>
<AssgnmntListEntry Length="1" RootTermCovItemId="C3">
<MapEntry BoolAssgnmnt="0" Value="28"/>
<MapEntry BoolAssgnmnt="1" Value="2"/>
</AssgnmntListEntry>
<AssgnmntListEntry Length="1" RootTermCovItemId="C30">
<MapEntry BoolAssgnmnt="1" Value="23"/>
</AssgnmntListEntry>
<AssgnmntListEntry Length="1" RootTermCovItemId="C31">
<MapEntry BoolAssgnmnt="0" Value="23"/>
<MapEntry BoolAssgnmnt="1" Value="88"/>
</AssgnmntListEntry>
<AssgnmntListEntry Length="2" RootTermCovItemId="C32">
<MapEntry BoolAssgnmnt="10" Value="21"/>
<MapEntry BoolAssgnmnt="02" Value="44"/>
<MapEntry BoolAssgnmnt="11" Value="23"/>
</AssgnmntListEntry>
<AssgnmntListEntry Length="1" RootTermCovItemId="C33">
<MapEntry BoolAssgnmnt="1" Value="88"/>
</AssgnmntListEntry>
<AssgnmntListEntry Length="1" RootTermCovItemId="C4">
<MapEntry BoolAssgnmnt="0" Value="60"/>
<MapEntry BoolAssgnmnt="1" Value="1860"/>
</AssgnmntListEntry>
<AssgnmntListEntry Length="1" RootTermCovItemId="C49">
<MapEntry BoolAssgnmnt="0" Value="30"/>
<MapEntry BoolAssgnmnt="1" Value="3"/>
</AssgnmntListEntry>
<AssgnmntListEntry Length="2" RootTermCovItemId="C5">
<MapEntry BoolAssgnmnt="10" Value="30"/>
<MapEntry BoolAssgnmnt="11" Value="30"/>
</AssgnmntListEntry>
<AssgnmntListEntry Length="1" RootTermCovItemId="C50">
<MapEntry BoolAssgnmnt="0" Value="2"/>
<MapEntry BoolAssgnmnt="1" Value="1"/>
</AssgnmntListEntry>
<AssgnmntListEntry Length="1" RootTermCovItemId="C51">
<MapEntry BoolAssgnmnt="0" Value="1"/>
</AssgnmntListEntry>
<AssgnmntListEntry Length="1" RootTermCovItemId="C52">
<MapEntry BoolAssgnmnt="0" Value="2"/>
</AssgnmntListEntry>
<AssgnmntListEntry Length="1" RootTermCovItemId="C53">
<MapEntry BoolAssgnmnt="0" Value="10"/>
<MapEntry BoolAssgnmnt="1" Value="1"/>
</AssgnmntListEntry>
<AssgnmntListEntry Length="1" RootTermCovItemId="C54">
<MapEntry BoolAssgnmnt="0" Value="9"/>
<MapEntry BoolAssgnmnt="1" Value="1"/>
</AssgnmntListEntry>
<AssgnmntListEntry Length="1" RootTermCovItemId="C55">
<MapEntry BoolAssgnmnt="0" Value="1"/>
<MapEntry BoolAssgnmnt="1" Value="8"/>
</AssgnmntListEntry>
<AssgnmntListEntry Length="1" RootTermCovItemId="C56">
<MapEntry BoolAssgnmnt="0" Value="28"/>
<MapEntry BoolAssgnmnt="1" Value="1"/>
</AssgnmntListEntry>
<AssgnmntListEntry Length="1" RootTermCovItemId="C57">
<MapEntry BoolAssgnmnt="0" Value="1"/>
<MapEntry BoolAssgnmnt="1" Value="1"/>
</AssgnmntListEntry>
<AssgnmntListEntry Length="1" RootTermCovItemId="C58">
<MapEntry BoolAssgnmnt="1" Value="1"/>
</AssgnmntListEntry>
<AssgnmntListEntry Length="1" RootTermCovItemId="C59">
<MapEntry BoolAssgnmnt="1" Value="1"/>
</AssgnmntListEntry>
<AssgnmntListEntry Length="1" RootTermCovItemId="C6">
<MapEntry BoolAssgnmnt="1" Value="30"/>
</AssgnmntListEntry>
<AssgnmntListEntry Length="1" RootTermCovItemId="C60">
<MapEntry BoolAssgnmnt="1" Value="1"/>
</AssgnmntListEntry>
<AssgnmntListEntry Length="1" RootTermCovItemId="C61">
<MapEntry BoolAssgnmnt="1" Value="1"/>
</AssgnmntListEntry>
<AssgnmntListEntry Length="1" RootTermCovItemId="C62">
<MapEntry BoolAssgnmnt="0" Value="8"/>
<MapEntry BoolAssgnmnt="1" Value="1"/>
</AssgnmntListEntry>
<AssgnmntListEntry Length="1" RootTermCovItemId="C63">
<MapEntry BoolAssgnmnt="0" Value="8"/>
</AssgnmntListEntry>
<AssgnmntListEntry Length="6" RootTermCovItemId="C66">
<MapEntry BoolAssgnmnt="110222" Value="11"/>
<MapEntry BoolAssgnmnt="022222" Value="106"/>
<MapEntry BoolAssgnmnt="111111" Value="33"/>
</AssgnmntListEntry>
<AssgnmntListEntry Length="6" RootTermCovItemId="C67">
<MapEntry BoolAssgnmnt="022222" Value="106"/>
<MapEntry BoolAssgnmnt="111111" Value="11"/>
</AssgnmntListEntry>
<AssgnmntListEntry Length="6" RootTermCovItemId="C68">
<MapEntry BoolAssgnmnt="102222" Value="85"/>
<MapEntry BoolAssgnmnt="111111" Value="21"/>
</AssgnmntListEntry>
<AssgnmntListEntry Length="6" RootTermCovItemId="C69">
<MapEntry BoolAssgnmnt="102222" Value="83"/>
<MapEntry BoolAssgnmnt="111111" Value="2"/>
</AssgnmntListEntry>
<AssgnmntListEntry Length="1" RootTermCovItemId="C7">
<MapEntry BoolAssgnmnt="0" Value="7"/>
<MapEntry BoolAssgnmnt="1" Value="23"/>
</AssgnmntListEntry>
<AssgnmntListEntry Length="1" RootTermCovItemId="C70">
<MapEntry BoolAssgnmnt="0" Value="132"/>
<MapEntry BoolAssgnmnt="1" Value="3644"/>
</AssgnmntListEntry>
<AssgnmntListEntry Length="1" RootTermCovItemId="C71">
<MapEntry BoolAssgnmnt="0" Value="66"/>
<MapEntry BoolAssgnmnt="1" Value="66"/>
</AssgnmntListEntry>
<AssgnmntListEntry Length="1" RootTermCovItemId="C72">
<MapEntry BoolAssgnmnt="1" Value="66"/>
</AssgnmntListEntry>
<AssgnmntListEntry Length="1" RootTermCovItemId="C73">
<MapEntry BoolAssgnmnt="0" Value="66"/>
<MapEntry BoolAssgnmnt="1" Value="66"/>
</AssgnmntListEntry>
<AssgnmntListEntry Length="1" RootTermCovItemId="C74">
<MapEntry BoolAssgnmnt="1" Value="66"/>
</AssgnmntListEntry>
<AssgnmntListEntry Length="3" RootTermCovItemId="C75">
<MapEntry BoolAssgnmnt="012" Value="30"/>
<MapEntry BoolAssgnmnt="001" Value="29"/>
</AssgnmntListEntry>
<AssgnmntListEntry Length="3" RootTermCovItemId="C76">
<MapEntry BoolAssgnmnt="011" Value="30"/>
<MapEntry BoolAssgnmnt="002" Value="29"/>
</AssgnmntListEntry>
<AssgnmntListEntry Length="2" RootTermCovItemId="C77">
<MapEntry BoolAssgnmnt="02" Value="7"/>
<MapEntry BoolAssgnmnt="11" Value="52"/>
</AssgnmntListEntry>
<AssgnmntListEntry Length="2" RootTermCovItemId="C78">
<MapEntry BoolAssgnmnt="10" Value="7"/>
<MapEntry BoolAssgnmnt="02" Value="3"/>
<MapEntry BoolAssgnmnt="11" Value="42"/>
</AssgnmntListEntry>
<AssgnmntListEntry Length="2" RootTermCovItemId="C79">
<MapEntry BoolAssgnmnt="00" Value="42"/>
</AssgnmntListEntry>
<AssgnmntListEntry Length="2" RootTermCovItemId="C8">
<MapEntry BoolAssgnmnt="02" Value="23"/>
</AssgnmntListEntry>
<AssgnmntListEntry Length="1" RootTermCovItemId="C9">
<MapEntry BoolAssgnmnt="1" Value="22"/>
</AssgnmntListEntry>
<AssgnmntListEntry Length="8" RootTermCovItemId="C90">
<MapEntry BoolAssgnmnt="02020202" Value="84"/>
</AssgnmntListEntry>
</AssgnmntPrefix>
<AssgnmntPrefix RootTermCovItemPrefix="com.OriginalFiles.Board.java">
<AssgnmntListEntry Length="1" RootTermCovItemId="C14">
<MapEntry BoolAssgnmnt="0" Value="30"/>
<MapEntry BoolAssgnmnt="1" Value="30"/>
</AssgnmntListEntry>
<AssgnmntListEntry Length="1" RootTermCovItemId="C15">
<MapEntry BoolAssgnmnt="0" Value="30"/>
</AssgnmntListEntry>
<AssgnmntListEntry Length="1" RootTermCovItemId="C24">
<MapEntry BoolAssgnmnt="0" Value="65"/>
</AssgnmntListEntry>
<AssgnmntListEntry Length="1" RootTermCovItemId="C26">
<MapEntry BoolAssgnmnt="0" Value="33"/>
</AssgnmntListEntry>
<AssgnmntListEntry Length="1" RootTermCovItemId="C27">
<MapEntry BoolAssgnmnt="0" Value="9"/>
<MapEntry BoolAssgnmnt="1" Value="24"/>
</AssgnmntListEntry>
<AssgnmntListEntry Length="2" RootTermCovItemId="C28">
<MapEntry BoolAssgnmnt="10" Value="3"/>
<MapEntry BoolAssgnmnt="02" Value="21"/>
<MapEntry BoolAssgnmnt="11" Value="9"/>
</AssgnmntListEntry>
<AssgnmntListEntry Length="1" RootTermCovItemId="C29">
<MapEntry BoolAssgnmnt="0" Value="1"/>
<MapEntry BoolAssgnmnt="1" Value="33"/>
</AssgnmntListEntry>
<AssgnmntListEntry Length="1" RootTermCovItemId="C30">
<MapEntry BoolAssgnmnt="1" Value="85"/>
</AssgnmntListEntry>
<AssgnmntListEntry Length="1" RootTermCovItemId="C31">
<MapEntry BoolAssgnmnt="0" Value="77"/>
<MapEntry BoolAssgnmnt="1" Value="912"/>
</AssgnmntListEntry>
<AssgnmntListEntry Length="1" RootTermCovItemId="C32">
<MapEntry BoolAssgnmnt="0" Value="268"/>
</AssgnmntListEntry>
<AssgnmntListEntry Length="1" RootTermCovItemId="C33">
<MapEntry BoolAssgnmnt="0" Value="222"/>
<MapEntry BoolAssgnmnt="1" Value="46"/>
</AssgnmntListEntry>
<AssgnmntListEntry Length="1" RootTermCovItemId="C34">
<MapEntry BoolAssgnmnt="0" Value="237"/>
<MapEntry BoolAssgnmnt="1" Value="31"/>
</AssgnmntListEntry>
<AssgnmntListEntry Length="1" RootTermCovItemId="C35">
<MapEntry BoolAssgnmnt="0" Value="69"/>
<MapEntry BoolAssgnmnt="1" Value="199"/>
</AssgnmntListEntry>
<AssgnmntListEntry Length="1" RootTermCovItemId="C36">
<MapEntry BoolAssgnmnt="0" Value="199"/>
</AssgnmntListEntry>
<AssgnmntListEntry Length="1" RootTermCovItemId="C37">
<MapEntry BoolAssgnmnt="0" Value="199"/>
</AssgnmntListEntry>
<AssgnmntListEntry Length="5" RootTermCovItemId="C38">
<MapEntry BoolAssgnmnt="02002" Value="268"/>
<MapEntry BoolAssgnmnt="10122" Value="268"/>
<MapEntry BoolAssgnmnt="11221" Value="226"/>
<MapEntry BoolAssgnmnt="11220" Value="42"/>
<MapEntry BoolAssgnmnt="02010" Value="96"/>
<MapEntry BoolAssgnmnt="02011" Value="172"/>
</AssgnmntListEntry>
<AssgnmntListEntry Length="1" RootTermCovItemId="C39">
<MapEntry BoolAssgnmnt="0" Value="254"/>
<MapEntry BoolAssgnmnt="1" Value="680"/>
</AssgnmntListEntry>
<AssgnmntListEntry Length="1" RootTermCovItemId="C40">
<MapEntry BoolAssgnmnt="0" Value="680"/>
</AssgnmntListEntry>
<AssgnmntListEntry Length="2" RootTermCovItemId="C41">
<MapEntry BoolAssgnmnt="02" Value="680"/>
</AssgnmntListEntry>
<AssgnmntListEntry Length="1" RootTermCovItemId="C42">
<MapEntry BoolAssgnmnt="0" Value="3808"/>
<MapEntry BoolAssgnmnt="1" Value="3808"/>
</AssgnmntListEntry>
<AssgnmntListEntry Length="1" RootTermCovItemId="C43">
<MapEntry BoolAssgnmnt="0" Value="3540"/>
<MapEntry BoolAssgnmnt="1" Value="268"/>
</AssgnmntListEntry>
<AssgnmntListEntry Length="1" RootTermCovItemId="C44">
<MapEntry BoolAssgnmnt="0" Value="134"/>
<MapEntry BoolAssgnmnt="1" Value="134"/>
</AssgnmntListEntry>
<AssgnmntListEntry Length="1" RootTermCovItemId="C46">
<MapEntry BoolAssgnmnt="0" Value="1"/>
<MapEntry BoolAssgnmnt="1" Value="8"/>
</AssgnmntListEntry>
<AssgnmntListEntry Length="1" RootTermCovItemId="C47">
<MapEntry BoolAssgnmnt="0" Value="4"/>
<MapEntry BoolAssgnmnt="1" Value="4"/>
</AssgnmntListEntry>
<AssgnmntListEntry Length="1" RootTermCovItemId="C48">
<MapEntry BoolAssgnmnt="0" Value="4"/>
<MapEntry BoolAssgnmnt="1" Value="32"/>
</AssgnmntListEntry>
<AssgnmntListEntry Length="1" RootTermCovItemId="C49">
<MapEntry BoolAssgnmnt="0" Value="16"/>
<MapEntry BoolAssgnmnt="1" Value="16"/>
</AssgnmntListEntry>
<AssgnmntListEntry Length="1" RootTermCovItemId="C50">
<MapEntry BoolAssgnmnt="0" Value="4"/>
<MapEntry BoolAssgnmnt="1" Value="32"/>
</AssgnmntListEntry>
<AssgnmntListEntry Length="1" RootTermCovItemId="C51">
<MapEntry BoolAssgnmnt="0" Value="16"/>
<MapEntry BoolAssgnmnt="1" Value="16"/>
</AssgnmntListEntry>
<AssgnmntListEntry Length="1" RootTermCovItemId="C52">
<MapEntry BoolAssgnmnt="0" Value="4"/>
<MapEntry BoolAssgnmnt="1" Value="28"/>
</AssgnmntListEntry>
<AssgnmntListEntry Length="1" RootTermCovItemId="C53">
<MapEntry BoolAssgnmnt="1" Value="1373"/>
</AssgnmntListEntry>
<AssgnmntListEntry Length="1" RootTermCovItemId="C54">
<MapEntry BoolAssgnmnt="0" Value="628"/>
<MapEntry BoolAssgnmnt="1" Value="745"/>
</AssgnmntListEntry>
<AssgnmntListEntry Length="3" RootTermCovItemId="C55">
<MapEntry BoolAssgnmnt="011" Value="96"/>
<MapEntry BoolAssgnmnt="010" Value="173"/>
<MapEntry BoolAssgnmnt="002" Value="407"/>
<MapEntry BoolAssgnmnt="120" Value="72"/>
<MapEntry BoolAssgnmnt="121" Value="53"/>
</AssgnmntListEntry>
<AssgnmntListEntry Length="3" RootTermCovItemId="C56">
<MapEntry BoolAssgnmnt="011" Value="90"/>
<MapEntry BoolAssgnmnt="010" Value="133"/>
<MapEntry BoolAssgnmnt="002" Value="149"/>
<MapEntry BoolAssgnmnt="120" Value="106"/>
<MapEntry BoolAssgnmnt="121" Value="78"/>
</AssgnmntListEntry>
</AssgnmntPrefix>
<AssgnmntPrefix RootTermCovItemPrefix="com.OriginalFiles.Field.java">
<AssgnmntListEntry Length="1" RootTermCovItemId="C1">
<MapEntry BoolAssgnmnt="0" Value="80"/>
<MapEntry BoolAssgnmnt="1" Value="45"/>
</AssgnmntListEntry>
</AssgnmntPrefix>
<AssgnmntPrefix RootTermCovItemPrefix="com.OriginalFiles.Piece.java">
<AssgnmntListEntry Length="2" RootTermCovItemId="C1">
<MapEntry BoolAssgnmnt="10" Value="46"/>
<MapEntry BoolAssgnmnt="02" Value="9"/>
<MapEntry BoolAssgnmnt="11" Value="35"/>
</AssgnmntListEntry>
<AssgnmntListEntry Length="5" RootTermCovItemId="C17">
<MapEntry BoolAssgnmnt="00210" Value="16"/>
<MapEntry BoolAssgnmnt="00211" Value="6"/>
<MapEntry BoolAssgnmnt="01002" Value="17"/>
<MapEntry BoolAssgnmnt="12222" Value="35"/>
<MapEntry BoolAssgnmnt="01122" Value="7"/>
</AssgnmntListEntry>
<AssgnmntListEntry Length="5" RootTermCovItemId="C18">
<MapEntry BoolAssgnmnt="00210" Value="18"/>
<MapEntry BoolAssgnmnt="00211" Value="4"/>
<MapEntry BoolAssgnmnt="01002" Value="20"/>
<MapEntry BoolAssgnmnt="12222" Value="35"/>
<MapEntry BoolAssgnmnt="01122" Value="4"/>
</AssgnmntListEntry>
<AssgnmntListEntry Length="1" RootTermCovItemId="C19">
<MapEntry BoolAssgnmnt="1" Value="8"/>
</AssgnmntListEntry>
<AssgnmntListEntry Length="2" RootTermCovItemId="C2">
<MapEntry BoolAssgnmnt="02" Value="16"/>
<MapEntry BoolAssgnmnt="11" Value="19"/>
</AssgnmntListEntry>
<AssgnmntListEntry Length="1" RootTermCovItemId="C20">
<MapEntry BoolAssgnmnt="0" Value="46"/>
<MapEntry BoolAssgnmnt="1" Value="35"/>
</AssgnmntListEntry>
<AssgnmntListEntry Length="1" RootTermCovItemId="C3">
<MapEntry BoolAssgnmnt="0" Value="9"/>
<MapEntry BoolAssgnmnt="1" Value="81"/>
</AssgnmntListEntry>
<AssgnmntListEntry Length="1" RootTermCovItemId="C5">
<MapEntry BoolAssgnmnt="0" Value="34"/>
<MapEntry BoolAssgnmnt="1" Value="47"/>
</AssgnmntListEntry>
<AssgnmntListEntry Length="1" RootTermCovItemId="C6">
<MapEntry BoolAssgnmnt="0" Value="9"/>
<MapEntry BoolAssgnmnt="1" Value="81"/>
</AssgnmntListEntry>
<AssgnmntListEntry Length="1" RootTermCovItemId="C7">
<MapEntry BoolAssgnmnt="0" Value="46"/>
<MapEntry BoolAssgnmnt="1" Value="35"/>
</AssgnmntListEntry>
<AssgnmntListEntry Length="1" RootTermCovItemId="C8">
<MapEntry BoolAssgnmnt="1" Value="81"/>
</AssgnmntListEntry>
<AssgnmntListEntry Length="1" RootTermCovItemId="C9">
<MapEntry BoolAssgnmnt="0" Value="81"/>
</AssgnmntListEntry>
</AssgnmntPrefix>
<AssgnmntPrefix RootTermCovItemPrefix="com.OriginalFiles.RemoteNXTFunctions.java">
<AssgnmntListEntry Length="1" RootTermCovItemId="C1">
<MapEntry BoolAssgnmnt="0" Value="2"/>
<MapEntry BoolAssgnmnt="1" Value="2"/>
</AssgnmntListEntry>
<AssgnmntListEntry Length="1" RootTermCovItemId="C10">
<MapEntry BoolAssgnmnt="0" Value="56"/>
<MapEntry BoolAssgnmnt="1" Value="22"/>
</AssgnmntListEntry>
<AssgnmntListEntry Length="2" RootTermCovItemId="C11">
<MapEntry BoolAssgnmnt="02" Value="11"/>
<MapEntry BoolAssgnmnt="11" Value="11"/>
</AssgnmntListEntry>
<AssgnmntListEntry Length="2" RootTermCovItemId="C12">
<MapEntry BoolAssgnmnt="11" Value="11"/>
</AssgnmntListEntry>
<AssgnmntListEntry Length="1" RootTermCovItemId="C14">
<MapEntry BoolAssgnmnt="0" Value="28"/>
<MapEntry BoolAssgnmnt="1" Value="50"/>
</AssgnmntListEntry>
<AssgnmntListEntry Length="2" RootTermCovItemId="C15">
<MapEntry BoolAssgnmnt="10" Value="10"/>
<MapEntry BoolAssgnmnt="02" Value="30"/>
<MapEntry BoolAssgnmnt="11" Value="10"/>
</AssgnmntListEntry>
<AssgnmntListEntry Length="2" RootTermCovItemId="C16">
<MapEntry BoolAssgnmnt="02" Value="30"/>
<MapEntry BoolAssgnmnt="11" Value="10"/>
</AssgnmntListEntry>
<AssgnmntListEntry Length="1" RootTermCovItemId="C17">
<MapEntry BoolAssgnmnt="0" Value="30"/>
</AssgnmntListEntry>
<AssgnmntListEntry Length="1" RootTermCovItemId="C18">
<MapEntry BoolAssgnmnt="0" Value="78"/>
</AssgnmntListEntry>
<AssgnmntListEntry Length="1" RootTermCovItemId="C2">
<MapEntry BoolAssgnmnt="0" Value="2"/>
</AssgnmntListEntry>
<AssgnmntListEntry Length="1" RootTermCovItemId="C22">
<MapEntry BoolAssgnmnt="0" Value="78"/>
</AssgnmntListEntry>
<AssgnmntListEntry Length="1" RootTermCovItemId="C27">
<MapEntry BoolAssgnmnt="0" Value="78"/>
</AssgnmntListEntry>
<AssgnmntListEntry Length="1" RootTermCovItemId="C3">
<MapEntry BoolAssgnmnt="0" Value="2"/>
</AssgnmntListEntry>
<AssgnmntListEntry Length="1" RootTermCovItemId="C30">
<MapEntry BoolAssgnmnt="0" Value="78"/>
</AssgnmntListEntry>
<AssgnmntListEntry Length="1" RootTermCovItemId="C33">
<MapEntry BoolAssgnmnt="0" Value="78"/>
</AssgnmntListEntry>
<AssgnmntListEntry Length="1" RootTermCovItemId="C37">
<MapEntry BoolAssgnmnt="0" Value="78"/>
</AssgnmntListEntry>
<AssgnmntListEntry Length="2" RootTermCovItemId="C4">
<MapEntry BoolAssgnmnt="10" Value="1"/>
<MapEntry BoolAssgnmnt="02" Value="1"/>
</AssgnmntListEntry>
<AssgnmntListEntry Length="1" RootTermCovItemId="C41">
<MapEntry BoolAssgnmnt="0" Value="78"/>
</AssgnmntListEntry>
<AssgnmntListEntry Length="1" RootTermCovItemId="C45">
<MapEntry BoolAssgnmnt="0" Value="78"/>
</AssgnmntListEntry>
<AssgnmntListEntry Length="1" RootTermCovItemId="C49">
<MapEntry BoolAssgnmnt="0" Value="78"/>
</AssgnmntListEntry>
<AssgnmntListEntry Length="1" RootTermCovItemId="C5">
<MapEntry BoolAssgnmnt="0" Value="78"/>
<MapEntry BoolAssgnmnt="1" Value="72"/>
</AssgnmntListEntry>
<AssgnmntListEntry Length="1" RootTermCovItemId="C54">
<MapEntry BoolAssgnmnt="0" Value="78"/>
</AssgnmntListEntry>
<AssgnmntListEntry Length="1" RootTermCovItemId="C59">
<MapEntry BoolAssgnmnt="0" Value="78"/>
</AssgnmntListEntry>
<AssgnmntListEntry Length="2" RootTermCovItemId="C6">
<MapEntry BoolAssgnmnt="10" Value="3"/>
<MapEntry BoolAssgnmnt="02" Value="36"/>
<MapEntry BoolAssgnmnt="11" Value="33"/>
</AssgnmntListEntry>
<AssgnmntListEntry Length="1" RootTermCovItemId="C64">
<MapEntry BoolAssgnmnt="0" Value="78"/>
</AssgnmntListEntry>
<AssgnmntListEntry Length="1" RootTermCovItemId="C69">
<MapEntry BoolAssgnmnt="0" Value="72"/>
<MapEntry BoolAssgnmnt="1" Value="6"/>
</AssgnmntListEntry>
<AssgnmntListEntry Length="2" RootTermCovItemId="C7">
<MapEntry BoolAssgnmnt="10" Value="4"/>
<MapEntry BoolAssgnmnt="02" Value="34"/>
<MapEntry BoolAssgnmnt="11" Value="1"/>
</AssgnmntListEntry>
<AssgnmntListEntry Length="2" RootTermCovItemId="C70">
<MapEntry BoolAssgnmnt="02" Value="4"/>
<MapEntry BoolAssgnmnt="11" Value="2"/>
</AssgnmntListEntry>
<AssgnmntListEntry Length="2" RootTermCovItemId="C71">
<MapEntry BoolAssgnmnt="02" Value="2"/>
<MapEntry BoolAssgnmnt="11" Value="2"/>
</AssgnmntListEntry>
<AssgnmntListEntry Length="1" RootTermCovItemId="C72">
<MapEntry BoolAssgnmnt="0" Value="2"/>
</AssgnmntListEntry>
<AssgnmntListEntry Length="1" RootTermCovItemId="C73">
<MapEntry BoolAssgnmnt="0" Value="72"/>
</AssgnmntListEntry>
<AssgnmntListEntry Length="2" RootTermCovItemId="C8">
<MapEntry BoolAssgnmnt="10" Value="3"/>
<MapEntry BoolAssgnmnt="02" Value="34"/>
<MapEntry BoolAssgnmnt="11" Value="1"/>
</AssgnmntListEntry>
<AssgnmntListEntry Length="1" RootTermCovItemId="C9">
<MapEntry BoolAssgnmnt="0" Value="27"/>
<MapEntry BoolAssgnmnt="1" Value="10"/>
</AssgnmntListEntry>
</AssgnmntPrefix>
</AssgnmntList>
<ObjMetaDataList/>
<MetaDataList/>
</TestCase>
<TestCase Comment="" Date="1386064416954" Name="com.Testing.AnalyzeTest:testAnalyzeBoard">
<CovList>
<CovPrefix CovItemPrefix="com.OriginalFiles.Analyze.java">
<Cov CovItemId="B1" Value="2"/>
<Cov CovItemId="B10" Value="42"/>
<Cov CovItemId="B107" Value="64"/>
<Cov CovItemId="B108" Value="7"/>
<Cov CovItemId="B109" Value="3"/>
<Cov CovItemId="B11" Value="2"/>
<Cov CovItemId="B110" Value="4"/>
<Cov CovItemId="B112" Value="4"/>
<Cov CovItemId="B114" Value="4"/>
<Cov CovItemId="B115" Value="3"/>
<Cov CovItemId="B116" Value="1"/>
<Cov CovItemId="B117" Value="1"/>
<Cov CovItemId="B120" Value="122"/>
<Cov CovItemId="B121" Value="198"/>
<Cov CovItemId="B122" Value="61"/>
<Cov CovItemId="B123" Value="61"/>
<Cov CovItemId="B124" Value="17"/>
<Cov CovItemId="B125" Value="44"/>
<Cov CovItemId="B126" Value="61"/>
<Cov CovItemId="B127" Value="61"/>
<Cov CovItemId="B128" Value="16"/>
<Cov CovItemId="B129" Value="45"/>
<Cov CovItemId="B13" Value="2"/>
<Cov CovItemId="B130" Value="1"/>
<Cov CovItemId="B131" Value="4"/>
<Cov CovItemId="B132" Value="1"/>
<Cov CovItemId="B133" Value="3"/>
<Cov CovItemId="B135" Value="3"/>
<Cov CovItemId="B14" Value="1"/>
<Cov CovItemId="B16" Value="2"/>
<Cov CovItemId="B17" Value="1"/>
<Cov CovItemId="B2" Value="2"/>
<Cov CovItemId="B20" Value="1"/>
<Cov CovItemId="B25" Value="1"/>
<Cov CovItemId="B26" Value="1"/>
<Cov CovItemId="B28" Value="1"/>
<Cov CovItemId="B29" Value="1"/>
<Cov CovItemId="B3" Value="1"/>
<Cov CovItemId="B31" Value="1"/>
<Cov CovItemId="B33" Value="1"/>
<Cov CovItemId="B36" Value="1"/>
<Cov CovItemId="B39" Value="1"/>
<Cov CovItemId="B41" Value="1"/>
<Cov CovItemId="B53" Value="1"/>
<Cov CovItemId="B55" Value="1"/>
<Cov CovItemId="B57" Value="1"/>
<Cov CovItemId="B59" Value="1"/>
<Cov CovItemId="B6" Value="2"/>
<Cov CovItemId="B61" Value="3"/>
<Cov CovItemId="B62" Value="1"/>
<Cov CovItemId="B64" Value="4"/>
<Cov CovItemId="B66" Value="2"/>
<Cov CovItemId="B68" Value="2"/>
<Cov CovItemId="B69" Value="1"/>
<Cov CovItemId="B7" Value="50"/>
<Cov CovItemId="B70" Value="1"/>
<Cov CovItemId="B72" Value="2"/>
<Cov CovItemId="B73" Value="1"/>
<Cov CovItemId="B74" Value="1"/>
<Cov CovItemId="B76" Value="1"/>
<Cov CovItemId="B8" Value="78"/>
<Cov CovItemId="B84" Value="1"/>
<Cov CovItemId="B9" Value="8"/>
<Cov CovItemId="B96" Value="1"/>
<Cov CovItemId="L1-2" Value="2"/>
<Cov CovItemId="L16-2" Value="5"/>
<Cov CovItemId="L17-2" Value="40"/>
<Cov CovItemId="L2-2" Value="16"/>
<Cov CovItemId="L3-1" Value="1"/>
<Cov CovItemId="L3-2" Value="1"/>
<Cov CovItemId="L4-2" Value="1"/>
<Cov CovItemId="L5-1" Value="2"/>
<Cov CovItemId="L6-1" Value="1"/>
<Cov CovItemId="S10" Value="2"/>
<Cov CovItemId="S100" Value="2"/>
<Cov CovItemId="S101" Value="2"/>
<Cov CovItemId="S102" Value="2"/>
<Cov CovItemId="S104" Value="2"/>
<Cov CovItemId="S105" Value="2"/>
<Cov CovItemId="S107" Value="2"/>
<Cov CovItemId="S108" Value="2"/>
<Cov CovItemId="S109" Value="1"/>
<Cov CovItemId="S11" Value="1"/>
<Cov CovItemId="S110" Value="2"/>
<Cov CovItemId="S111" Value="2"/>
<Cov CovItemId="S113" Value="2"/>
<Cov CovItemId="S114" Value="1"/>
<Cov CovItemId="S115" Value="2"/>
<Cov CovItemId="S116" Value="2"/>
<Cov CovItemId="S117" Value="2"/>
<Cov CovItemId="S118" Value="1"/>
<Cov CovItemId="S119" Value="1"/>
<Cov CovItemId="S12" Value="1"/>
<Cov CovItemId="S120" Value="1"/>
<Cov CovItemId="S121" Value="1"/>
<Cov CovItemId="S122" Value="1"/>
<Cov CovItemId="S123" Value="1"/>
<Cov CovItemId="S124" Value="1"/>
<Cov CovItemId="S13" Value="1"/>
<Cov CovItemId="S14" Value="1"/>
<Cov CovItemId="S148" Value="1"/>
<Cov CovItemId="S149" Value="1"/>
<Cov CovItemId="S15" Value="1"/>
<Cov CovItemId="S16" Value="2"/>
<Cov CovItemId="S168" Value="1"/>
<Cov CovItemId="S17" Value="2"/>
<Cov CovItemId="S18" Value="2"/>
<Cov CovItemId="S199" Value="71"/>
<Cov CovItemId="S200" Value="71"/>
<Cov CovItemId="S201" Value="71"/>
<Cov CovItemId="S202" Value="71"/>
<Cov CovItemId="S203" Value="71"/>
<Cov CovItemId="S204" Value="64"/>
<Cov CovItemId="S205" Value="7"/>
<Cov CovItemId="S206" Value="3"/>
<Cov CovItemId="S207" Value="4"/>
<Cov CovItemId="S209" Value="4"/>
<Cov CovItemId="S21" Value="2"/>
<Cov CovItemId="S211" Value="4"/>
<Cov CovItemId="S212" Value="5"/>
<Cov CovItemId="S213" Value="3"/>
<Cov CovItemId="S214" Value="1"/>
<Cov CovItemId="S215" Value="1"/>
<Cov CovItemId="S216" Value="1"/>
<Cov CovItemId="S217" Value="1"/>
<Cov CovItemId="S22" Value="2"/>
<Cov CovItemId="S221" Value="5"/>
<Cov CovItemId="S222" Value="5"/>
<Cov CovItemId="S223" Value="5"/>
<Cov CovItemId="S224" Value="5"/>
<Cov CovItemId="S225" Value="5"/>
<Cov CovItemId="S226" Value="5"/>
<Cov CovItemId="S227" Value="40"/>
<Cov CovItemId="S228" Value="320"/>
<Cov CovItemId="S229" Value="122"/>
<Cov CovItemId="S23" Value="16"/>
<Cov CovItemId="S230" Value="61"/>
<Cov CovItemId="S231" Value="61"/>
<Cov CovItemId="S232" Value="17"/>
<Cov CovItemId="S233" Value="122"/>
<Cov CovItemId="S234" Value="61"/>
<Cov CovItemId="S235" Value="61"/>
<Cov CovItemId="S236" Value="16"/>
<Cov CovItemId="S237" Value="5"/>
<Cov CovItemId="S238" Value="1"/>
<Cov CovItemId="S239" Value="4"/>
<Cov CovItemId="S24" Value="128"/>
<Cov CovItemId="S240" Value="1"/>
<Cov CovItemId="S241" Value="3"/>
<Cov CovItemId="S25" Value="50"/>
<Cov CovItemId="S250" Value="3"/>
<Cov CovItemId="S26" Value="8"/>
<Cov CovItemId="S27" Value="2"/>
<Cov CovItemId="S28" Value="2"/>
<Cov CovItemId="S29" Value="2"/>
<Cov CovItemId="S30" Value="2"/>
<Cov CovItemId="S31" Value="2"/>
<Cov CovItemId="S32" Value="2"/>
<Cov CovItemId="S33" Value="2"/>
<Cov CovItemId="S34" Value="3"/>
<Cov CovItemId="S35" Value="2"/>
<Cov CovItemId="S37" Value="2"/>
<Cov CovItemId="S38" Value="1"/>
<Cov CovItemId="S40" Value="1"/>
<Cov CovItemId="S51" Value="2"/>
<Cov CovItemId="S52" Value="2"/>
<Cov CovItemId="S53" Value="1"/>
<Cov CovItemId="S55" Value="1"/>
<Cov CovItemId="S56" Value="1"/>
<Cov CovItemId="S57" Value="1"/>
<Cov CovItemId="S58" Value="1"/>
<Cov CovItemId="S59" Value="1"/>
<Cov CovItemId="S6" Value="4"/>
<Cov CovItemId="S60" Value="1"/>
<Cov CovItemId="S61" Value="1"/>
<Cov CovItemId="S66" Value="1"/>
<Cov CovItemId="S67" Value="1"/>
<Cov CovItemId="S68" Value="1"/>
<Cov CovItemId="S69" Value="1"/>
<Cov CovItemId="S7" Value="2"/>
<Cov CovItemId="S8" Value="2"/>
<Cov CovItemId="S83" Value="1"/>
<Cov CovItemId="S84" Value="1"/>
<Cov CovItemId="S85" Value="1"/>
<Cov CovItemId="S86" Value="1"/>
<Cov CovItemId="S87" Value="1"/>
<Cov CovItemId="S88" Value="1"/>
<Cov CovItemId="S89" Value="1"/>
<Cov CovItemId="S9" Value="2"/>
<Cov CovItemId="S90" Value="1"/>
<Cov CovItemId="S91" Value="1"/>
<Cov CovItemId="S92" Value="1"/>
<Cov CovItemId="S93" Value="1"/>
<Cov CovItemId="S94" Value="4"/>
<Cov CovItemId="S95" Value="3"/>
<Cov CovItemId="S96" Value="4"/>
<Cov CovItemId="S98" Value="1"/>
<Cov CovItemId="S99" Value="2"/>
</CovPrefix>
<CovPrefix CovItemPrefix="com.OriginalFiles.Board.java">
<Cov CovItemId="B11" Value="3"/>
<Cov CovItemId="B12" Value="9"/>
<Cov CovItemId="B14" Value="12"/>
<Cov CovItemId="B15" Value="2"/>
<Cov CovItemId="B16" Value="10"/>
<Cov CovItemId="B17" Value="2"/>
<Cov CovItemId="B18" Value="8"/>
<Cov CovItemId="B20" Value="8"/>
<Cov CovItemId="B22" Value="8"/>
<Cov CovItemId="B23" Value="1"/>
<Cov CovItemId="B24" Value="7"/>
<Cov CovItemId="B25" Value="7"/>
<Cov CovItemId="B27" Value="1"/>
<Cov CovItemId="B28" Value="2"/>
<Cov CovItemId="B29" Value="1"/>
<Cov CovItemId="B31" Value="1"/>
<Cov CovItemId="B33" Value="1"/>
<Cov CovItemId="B36" Value="1"/>
<Cov CovItemId="B37" Value="1"/>
<Cov CovItemId="B39" Value="7"/>
<Cov CovItemId="B41" Value="335"/>
<Cov CovItemId="B42" Value="62"/>
<Cov CovItemId="B43" Value="4"/>
<Cov CovItemId="B44" Value="192"/>
<Cov CovItemId="B45" Value="49"/>
<Cov CovItemId="B46" Value="143"/>
<Cov CovItemId="B47" Value="45"/>
<Cov CovItemId="B48" Value="147"/>
<Cov CovItemId="B50" Value="192"/>
<Cov CovItemId="B55" Value="384"/>
<Cov CovItemId="B56" Value="398"/>
<Cov CovItemId="B57" Value="274"/>
<Cov CovItemId="B58" Value="124"/>
<Cov CovItemId="B59" Value="273"/>
<Cov CovItemId="B60" Value="1"/>
<Cov CovItemId="B61" Value="5"/>
<Cov CovItemId="B62" Value="268"/>
<Cov CovItemId="B63" Value="256"/>
<Cov CovItemId="B64" Value="256"/>
<Cov CovItemId="B65" Value="196"/>
<Cov CovItemId="B66" Value="60"/>
<Cov CovItemId="B67" Value="98"/>
<Cov CovItemId="B68" Value="98"/>
<Cov CovItemId="B79" Value="733"/>
<Cov CovItemId="B81" Value="654"/>
<Cov CovItemId="B82" Value="79"/>
<Cov CovItemId="B83" Value="218"/>
<Cov CovItemId="B84" Value="636"/>
<Cov CovItemId="B85" Value="127"/>
<Cov CovItemId="B86" Value="509"/>
<Cov CovItemId="L10-2" Value="136"/>
<Cov CovItemId="L11-2" Value="2"/>
<Cov CovItemId="L12-0" Value="2"/>
<Cov CovItemId="L12-1" Value="2"/>
<Cov CovItemId="L12-2" Value="4"/>
<Cov CovItemId="L13-2" Value="8"/>
<Cov CovItemId="L14-2" Value="64"/>
<Cov CovItemId="L9-2" Value="17"/>
<Cov CovItemId="S100" Value="1"/>
<Cov CovItemId="S102" Value="1"/>
<Cov CovItemId="S104" Value="1"/>
<Cov CovItemId="S105" Value="1"/>
<Cov CovItemId="S106" Value="1"/>
<Cov CovItemId="S107" Value="1"/>
<Cov CovItemId="S108" Value="1"/>
<Cov CovItemId="S109" Value="1"/>
<Cov CovItemId="S110" Value="2"/>
<Cov CovItemId="S111" Value="7"/>
<Cov CovItemId="S112" Value="7"/>
<Cov CovItemId="S113" Value="7"/>
<Cov CovItemId="S115" Value="397"/>
<Cov CovItemId="S116" Value="335"/>
<Cov CovItemId="S117" Value="62"/>
<Cov CovItemId="S118" Value="196"/>
<Cov CovItemId="S119" Value="196"/>
<Cov CovItemId="S120" Value="4"/>
<Cov CovItemId="S121" Value="192"/>
<Cov CovItemId="S122" Value="192"/>
<Cov CovItemId="S123" Value="192"/>
<Cov CovItemId="S124" Value="192"/>
<Cov CovItemId="S125" Value="49"/>
<Cov CovItemId="S126" Value="192"/>
<Cov CovItemId="S127" Value="45"/>
<Cov CovItemId="S128" Value="192"/>
<Cov CovItemId="S133" Value="192"/>
<Cov CovItemId="S134" Value="196"/>
<Cov CovItemId="S135" Value="782"/>
<Cov CovItemId="S136" Value="384"/>
<Cov CovItemId="S137" Value="398"/>
<Cov CovItemId="S138" Value="274"/>
<Cov CovItemId="S139" Value="273"/>
<Cov CovItemId="S140" Value="5"/>
<Cov CovItemId="S141" Value="393"/>
<Cov CovItemId="S142" Value="774"/>
<Cov CovItemId="S143" Value="8"/>
<Cov CovItemId="S144" Value="8"/>
<Cov CovItemId="S145" Value="64"/>
<Cov CovItemId="S146" Value="512"/>
<Cov CovItemId="S147" Value="256"/>
<Cov CovItemId="S148" Value="196"/>
<Cov CovItemId="S149" Value="98"/>
<Cov CovItemId="S150" Value="98"/>
<Cov CovItemId="S151" Value="8"/>
<Cov CovItemId="S176" Value="733"/>
<Cov CovItemId="S177" Value="733"/>
<Cov CovItemId="S178" Value="654"/>
<Cov CovItemId="S179" Value="79"/>
<Cov CovItemId="S180" Value="854"/>
<Cov CovItemId="S181" Value="218"/>
<Cov CovItemId="S182" Value="636"/>
<Cov CovItemId="S183" Value="127"/>
<Cov CovItemId="S184" Value="509"/>
<Cov CovItemId="S185" Value="1679"/>
<Cov CovItemId="S61" Value="17"/>
<Cov CovItemId="S62" Value="136"/>
<Cov CovItemId="S63" Value="1088"/>
<Cov CovItemId="S64" Value="2"/>
<Cov CovItemId="S65" Value="2"/>
<Cov CovItemId="S66" Value="2"/>
<Cov CovItemId="S67" Value="2"/>
<Cov CovItemId="S68" Value="8"/>
<Cov CovItemId="S69" Value="12"/>
<Cov CovItemId="S70" Value="3"/>
<Cov CovItemId="S71" Value="3"/>
<Cov CovItemId="S72" Value="3"/>
<Cov CovItemId="S73" Value="3"/>
<Cov CovItemId="S74" Value="3"/>
<Cov CovItemId="S75" Value="3"/>
<Cov CovItemId="S76" Value="8"/>
<Cov CovItemId="S77" Value="8"/>
<Cov CovItemId="S78" Value="12"/>
<Cov CovItemId="S80" Value="12"/>
<Cov CovItemId="S81" Value="2"/>
<Cov CovItemId="S82" Value="10"/>
<Cov CovItemId="S83" Value="2"/>
<Cov CovItemId="S84" Value="8"/>
<Cov CovItemId="S86" Value="8"/>
<Cov CovItemId="S88" Value="8"/>
<Cov CovItemId="S89" Value="1"/>
<Cov CovItemId="S90" Value="7"/>
<Cov CovItemId="S91" Value="7"/>
<Cov CovItemId="S93" Value="30"/>
<Cov CovItemId="S94" Value="3"/>
<Cov CovItemId="S95" Value="1"/>
<Cov CovItemId="S96" Value="1"/>
<Cov CovItemId="S97" Value="2"/>
<Cov CovItemId="S98" Value="1"/>
<Cov CovItemId="S99" Value="1"/>
</CovPrefix>
<CovPrefix CovItemPrefix="com.OriginalFiles.Field.java">
<Cov CovItemId="B1" Value="67"/>
<Cov CovItemId="B2" Value="16"/>
<Cov CovItemId="S1" Value="176"/>
<Cov CovItemId="S13" Value="129"/>
<Cov CovItemId="S2" Value="176"/>
<Cov CovItemId="S5" Value="83"/>
<Cov CovItemId="S6" Value="83"/>
<Cov CovItemId="S7" Value="67"/>
<Cov CovItemId="S8" Value="2451"/>
<Cov CovItemId="S9" Value="1600"/>
</CovPrefix>
<CovPrefix CovItemPrefix="com.OriginalFiles.Piece.java">
<Cov CovItemId="B1" Value="1"/>
<Cov CovItemId="B10" Value="26"/>
<Cov CovItemId="B11" Value="53"/>
<Cov CovItemId="B12" Value="16"/>
<Cov CovItemId="B13" Value="1"/>
<Cov CovItemId="B14" Value="52"/>
<Cov CovItemId="B15" Value="53"/>
<Cov CovItemId="B18" Value="53"/>
<Cov CovItemId="B2" Value="68"/>
<Cov CovItemId="B34" Value="53"/>
<Cov CovItemId="B35" Value="16"/>
<Cov CovItemId="B36" Value="37"/>
<Cov CovItemId="B37" Value="16"/>
<Cov CovItemId="B39" Value="1"/>
<Cov CovItemId="B4" Value="1"/>
<Cov CovItemId="B40" Value="52"/>
<Cov CovItemId="B5" Value="53"/>
<Cov CovItemId="B6" Value="16"/>
<Cov CovItemId="B9" Value="27"/>
<Cov CovItemId="S1" Value="66"/>
<Cov CovItemId="S10" Value="66"/>
<Cov CovItemId="S11" Value="66"/>
<Cov CovItemId="S12" Value="66"/>
<Cov CovItemId="S13" Value="66"/>
<Cov CovItemId="S14" Value="66"/>
<Cov CovItemId="S15" Value="66"/>
<Cov CovItemId="S16" Value="66"/>
<Cov CovItemId="S17" Value="66"/>
<Cov CovItemId="S18" Value="66"/>
<Cov CovItemId="S19" Value="66"/>
<Cov CovItemId="S2" Value="66"/>
<Cov CovItemId="S20" Value="66"/>
<Cov CovItemId="S21" Value="66"/>
<Cov CovItemId="S22" Value="1"/>
<Cov CovItemId="S24" Value="69"/>
<Cov CovItemId="S25" Value="69"/>
<Cov CovItemId="S26" Value="69"/>
<Cov CovItemId="S27" Value="1"/>
<Cov CovItemId="S29" Value="1"/>
<Cov CovItemId="S3" Value="66"/>
<Cov CovItemId="S30" Value="68"/>
<Cov CovItemId="S31" Value="69"/>
<Cov CovItemId="S32" Value="69"/>
<Cov CovItemId="S33" Value="53"/>
<Cov CovItemId="S34" Value="16"/>
<Cov CovItemId="S35" Value="16"/>
<Cov CovItemId="S39" Value="53"/>
<Cov CovItemId="S4" Value="66"/>
<Cov CovItemId="S40" Value="27"/>
<Cov CovItemId="S41" Value="26"/>
<Cov CovItemId="S42" Value="69"/>
<Cov CovItemId="S43" Value="69"/>
<Cov CovItemId="S44" Value="53"/>
<Cov CovItemId="S45" Value="53"/>
<Cov CovItemId="S46" Value="53"/>
<Cov CovItemId="S47" Value="1"/>
<Cov CovItemId="S48" Value="53"/>
<Cov CovItemId="S49" Value="53"/>
<Cov CovItemId="S5" Value="66"/>
<Cov CovItemId="S50" Value="53"/>
<Cov CovItemId="S6" Value="66"/>
<Cov CovItemId="S65" Value="53"/>
<Cov CovItemId="S67" Value="53"/>
<Cov CovItemId="S68" Value="16"/>
<Cov CovItemId="S69" Value="16"/>
<Cov CovItemId="S7" Value="66"/>
<Cov CovItemId="S70" Value="16"/>
<Cov CovItemId="S71" Value="53"/>
<Cov CovItemId="S72" Value="1"/>
<Cov CovItemId="S73" Value="53"/>
<Cov CovItemId="S8" Value="66"/>
<Cov CovItemId="S9" Value="66"/>
</CovPrefix>
<CovPrefix CovItemPrefix="com.OriginalFiles.RemoteNXTFunctions.java">
<Cov CovItemId="B10" Value="5"/>
<Cov CovItemId="B11" Value="1"/>
<Cov CovItemId="B12" Value="4"/>
<Cov CovItemId="B13" Value="2"/>
<Cov CovItemId="B14" Value="2"/>
<Cov CovItemId="B5" Value="71"/>
<Cov CovItemId="B7" Value="64"/>
<Cov CovItemId="B8" Value="7"/>
<Cov CovItemId="B9" Value="2"/>
<Cov CovItemId="S162" Value="71"/>
<Cov CovItemId="S19" Value="71"/>
<Cov CovItemId="S20" Value="71"/>
<Cov CovItemId="S21" Value="71"/>
<Cov CovItemId="S22" Value="64"/>
<Cov CovItemId="S23" Value="7"/>
<Cov CovItemId="S24" Value="2"/>
<Cov CovItemId="S25" Value="5"/>
<Cov CovItemId="S26" Value="1"/>
<Cov CovItemId="S27" Value="4"/>
<Cov CovItemId="S28" Value="2"/>
<Cov CovItemId="S29" Value="2"/>
</CovPrefix>
</CovList>
<AssgnmntList>
<AssgnmntPrefix RootTermCovItemPrefix="com.OriginalFiles.Analyze.java">
<AssgnmntListEntry Length="1" RootTermCovItemId="C1">
<MapEntry BoolAssgnmnt="0" Value="2"/>
<MapEntry BoolAssgnmnt="1" Value="2"/>
</AssgnmntListEntry>
<AssgnmntListEntry Length="1" RootTermCovItemId="C10">
<MapEntry BoolAssgnmnt="1" Value="1"/>
</AssgnmntListEntry>
<AssgnmntListEntry Length="1" RootTermCovItemId="C13">
<MapEntry BoolAssgnmnt="0" Value="1"/>
<MapEntry BoolAssgnmnt="1" Value="1"/>
</AssgnmntListEntry>
<AssgnmntListEntry Length="1" RootTermCovItemId="C14">
<MapEntry BoolAssgnmnt="0" Value="1"/>
</AssgnmntListEntry>
<AssgnmntListEntry Length="1" RootTermCovItemId="C15">
<MapEntry BoolAssgnmnt="0" Value="1"/>
</AssgnmntListEntry>
<AssgnmntListEntry Length="1" RootTermCovItemId="C16">
<MapEntry BoolAssgnmnt="1" Value="1"/>
</AssgnmntListEntry>
<AssgnmntListEntry Length="1" RootTermCovItemId="C17">
<MapEntry BoolAssgnmnt="1" Value="1"/>
</AssgnmntListEntry>
<AssgnmntListEntry Length="1" RootTermCovItemId="C18">
<MapEntry BoolAssgnmnt="0" Value="1"/>
</AssgnmntListEntry>
<AssgnmntListEntry Length="1" RootTermCovItemId="C2">
<MapEntry BoolAssgnmnt="0" Value="1"/>
</AssgnmntListEntry>
<AssgnmntListEntry Length="1" RootTermCovItemId="C20">
<MapEntry BoolAssgnmnt="1" Value="1"/>
</AssgnmntListEntry>
<AssgnmntListEntry Length="1" RootTermCovItemId="C21">
<MapEntry BoolAssgnmnt="1" Value="1"/>
</AssgnmntListEntry>
<AssgnmntListEntry Length="1" RootTermCovItemId="C27">
<MapEntry BoolAssgnmnt="1" Value="1"/>
</AssgnmntListEntry>
<AssgnmntListEntry Length="1" RootTermCovItemId="C28">
<MapEntry BoolAssgnmnt="1" Value="1"/>
</AssgnmntListEntry>
<AssgnmntListEntry Length="1" RootTermCovItemId="C29">
<MapEntry BoolAssgnmnt="1" Value="1"/>
</AssgnmntListEntry>
<AssgnmntListEntry Length="1" RootTermCovItemId="C3">
<MapEntry BoolAssgnmnt="0" Value="2"/>
</AssgnmntListEntry>
<AssgnmntListEntry Length="1" RootTermCovItemId="C30">
<MapEntry BoolAssgnmnt="1" Value="1"/>
</AssgnmntListEntry>
<AssgnmntListEntry Length="1" RootTermCovItemId="C31">
<MapEntry BoolAssgnmnt="0" Value="1"/>
<MapEntry BoolAssgnmnt="1" Value="4"/>
</AssgnmntListEntry>
<AssgnmntListEntry Length="2" RootTermCovItemId="C32">
<MapEntry BoolAssgnmnt="10" Value="1"/>
<MapEntry BoolAssgnmnt="02" Value="2"/>
<MapEntry BoolAssgnmnt="11" Value="1"/>
</AssgnmntListEntry>
<AssgnmntListEntry Length="1" RootTermCovItemId="C33">
<MapEntry BoolAssgnmnt="1" Value="4"/>
</AssgnmntListEntry>
<AssgnmntListEntry Length="1" RootTermCovItemId="C34">
<MapEntry BoolAssgnmnt="0" Value="2"/>
</AssgnmntListEntry>
<AssgnmntListEntry Length="1" RootTermCovItemId="C35">
<MapEntry BoolAssgnmnt="0" Value="2"/>
</AssgnmntListEntry>
<AssgnmntListEntry Length="1" RootTermCovItemId="C36">
<MapEntry BoolAssgnmnt="0" Value="1"/>
<MapEntry BoolAssgnmnt="1" Value="1"/>
</AssgnmntListEntry>
<AssgnmntListEntry Length="1" RootTermCovItemId="C37">
<MapEntry BoolAssgnmnt="0" Value="2"/>
</AssgnmntListEntry>
<AssgnmntListEntry Length="1" RootTermCovItemId="C38">
<MapEntry BoolAssgnmnt="0" Value="1"/>
<MapEntry BoolAssgnmnt="1" Value="1"/>
</AssgnmntListEntry>
<AssgnmntListEntry Length="1" RootTermCovItemId="C39">
<MapEntry BoolAssgnmnt="0" Value="2"/>
<MapEntry BoolAssgnmnt="1" Value="2"/>
</AssgnmntListEntry>
<AssgnmntListEntry Length="1" RootTermCovItemId="C4">
<MapEntry BoolAssgnmnt="0" Value="50"/>
<MapEntry BoolAssgnmnt="1" Value="78"/>
</AssgnmntListEntry>
<AssgnmntListEntry Length="1" RootTermCovItemId="C40">
<MapEntry BoolAssgnmnt="0" Value="1"/>
<MapEntry BoolAssgnmnt="1" Value="1"/>
</AssgnmntListEntry>
<AssgnmntListEntry Length="1" RootTermCovItemId="C41">
<MapEntry BoolAssgnmnt="1" Value="1"/>
</AssgnmntListEntry>
<AssgnmntListEntry Length="1" RootTermCovItemId="C49">
<MapEntry BoolAssgnmnt="0" Value="1"/>
</AssgnmntListEntry>
<AssgnmntListEntry Length="2" RootTermCovItemId="C5">
<MapEntry BoolAssgnmnt="10" Value="8"/>
<MapEntry BoolAssgnmnt="02" Value="34"/>
<MapEntry BoolAssgnmnt="11" Value="8"/>
</AssgnmntListEntry>
<AssgnmntListEntry Length="1" RootTermCovItemId="C56">
<MapEntry BoolAssgnmnt="0" Value="1"/>
</AssgnmntListEntry>
<AssgnmntListEntry Length="1" RootTermCovItemId="C6">
<MapEntry BoolAssgnmnt="1" Value="2"/>
</AssgnmntListEntry>
<AssgnmntListEntry Length="6" RootTermCovItemId="C66">
<MapEntry BoolAssgnmnt="110222" Value="3"/>
<MapEntry BoolAssgnmnt="022222" Value="4"/>
<MapEntry BoolAssgnmnt="111111" Value="64"/>
</AssgnmntListEntry>
<AssgnmntListEntry Length="6" RootTermCovItemId="C67">
<MapEntry BoolAssgnmnt="022222" Value="4"/>
<MapEntry BoolAssgnmnt="111111" Value="3"/>
</AssgnmntListEntry>
<AssgnmntListEntry Length="6" RootTermCovItemId="C68">
<MapEntry BoolAssgnmnt="102222" Value="4"/>
</AssgnmntListEntry>
<AssgnmntListEntry Length="6" RootTermCovItemId="C69">
<MapEntry BoolAssgnmnt="102222" Value="4"/>
</AssgnmntListEntry>
<AssgnmntListEntry Length="1" RootTermCovItemId="C7">
<MapEntry BoolAssgnmnt="0" Value="1"/>
<MapEntry BoolAssgnmnt="1" Value="2"/>
</AssgnmntListEntry>
<AssgnmntListEntry Length="1" RootTermCovItemId="C70">
<MapEntry BoolAssgnmnt="0" Value="122"/>
<MapEntry BoolAssgnmnt="1" Value="198"/>
</AssgnmntListEntry>
<AssgnmntListEntry Length="1" RootTermCovItemId="C71">
<MapEntry BoolAssgnmnt="0" Value="61"/>
<MapEntry BoolAssgnmnt="1" Value="61"/>
</AssgnmntListEntry>
<AssgnmntListEntry Length="1" RootTermCovItemId="C72">
<MapEntry BoolAssgnmnt="0" Value="44"/>
<MapEntry BoolAssgnmnt="1" Value="17"/>
</AssgnmntListEntry>
<AssgnmntListEntry Length="1" RootTermCovItemId="C73">
<MapEntry BoolAssgnmnt="0" Value="61"/>
<MapEntry BoolAssgnmnt="1" Value="61"/>
</AssgnmntListEntry>
<AssgnmntListEntry Length="1" RootTermCovItemId="C74">
<MapEntry BoolAssgnmnt="0" Value="45"/>
<MapEntry BoolAssgnmnt="1" Value="16"/>
</AssgnmntListEntry>
<AssgnmntListEntry Length="3" RootTermCovItemId="C75">
<MapEntry BoolAssgnmnt="012" Value="3"/>
<MapEntry BoolAssgnmnt="122" Value="1"/>
<MapEntry BoolAssgnmnt="001" Value="1"/>
</AssgnmntListEntry>
<AssgnmntListEntry Length="3" RootTermCovItemId="C76">
<MapEntry BoolAssgnmnt="011" Value="2"/>
<MapEntry BoolAssgnmnt="122" Value="1"/>
<MapEntry BoolAssgnmnt="002" Value="1"/>
</AssgnmntListEntry>
<AssgnmntListEntry Length="2" RootTermCovItemId="C77">
<MapEntry BoolAssgnmnt="02" Value="3"/>
</AssgnmntListEntry>
<AssgnmntListEntry Length="2" RootTermCovItemId="C8">
<MapEntry BoolAssgnmnt="02" Value="1"/>
<MapEntry BoolAssgnmnt="11" Value="1"/>
</AssgnmntListEntry>
<AssgnmntListEntry Length="1" RootTermCovItemId="C9">
<MapEntry BoolAssgnmnt="1" Value="1"/>
</AssgnmntListEntry>
</AssgnmntPrefix>
<AssgnmntPrefix RootTermCovItemPrefix="com.OriginalFiles.Board.java">
<AssgnmntListEntry Length="1" RootTermCovItemId="C14">
<MapEntry BoolAssgnmnt="0" Value="2"/>
<MapEntry BoolAssgnmnt="1" Value="8"/>
</AssgnmntListEntry>
<AssgnmntListEntry Length="1" RootTermCovItemId="C15">
<MapEntry BoolAssgnmnt="0" Value="8"/>
<MapEntry BoolAssgnmnt="1" Value="12"/>
</AssgnmntListEntry>
<AssgnmntListEntry Length="1" RootTermCovItemId="C16">
<MapEntry BoolAssgnmnt="0" Value="3"/>
<MapEntry BoolAssgnmnt="1" Value="9"/>
</AssgnmntListEntry>
<AssgnmntListEntry Length="4" RootTermCovItemId="C17">
<MapEntry BoolAssgnmnt="1122" Value="2"/>
<MapEntry BoolAssgnmnt="1010" Value="1"/>
<MapEntry BoolAssgnmnt="0222" Value="9"/>
</AssgnmntListEntry>
<AssgnmntListEntry Length="2" RootTermCovItemId="C18">
<MapEntry BoolAssgnmnt="10" Value="2"/>
<MapEntry BoolAssgnmnt="02" Value="9"/>
<MapEntry BoolAssgnmnt="11" Value="1"/>
</AssgnmntListEntry>
<AssgnmntListEntry Length="2" RootTermCovItemId="C19">
<MapEntry BoolAssgnmnt="10" Value="2"/>
<MapEntry BoolAssgnmnt="02" Value="7"/>
<MapEntry BoolAssgnmnt="11" Value="1"/>
</AssgnmntListEntry>
<AssgnmntListEntry Length="3" RootTermCovItemId="C20">
<MapEntry BoolAssgnmnt="022" Value="8"/>
</AssgnmntListEntry>
<AssgnmntListEntry Length="3" RootTermCovItemId="C21">
<MapEntry BoolAssgnmnt="022" Value="8"/>
</AssgnmntListEntry>
<AssgnmntListEntry Length="1" RootTermCovItemId="C22">
<MapEntry BoolAssgnmnt="0" Value="7"/>
<MapEntry BoolAssgnmnt="1" Value="1"/>
</AssgnmntListEntry>
<AssgnmntListEntry Length="1" RootTermCovItemId="C23">
<MapEntry BoolAssgnmnt="1" Value="7"/>
</AssgnmntListEntry>
<AssgnmntListEntry Length="1" RootTermCovItemId="C24">
<MapEntry BoolAssgnmnt="0" Value="2"/>
<MapEntry BoolAssgnmnt="1" Value="1"/>
</AssgnmntListEntry>
<AssgnmntListEntry Length="1" RootTermCovItemId="C25">
<MapEntry BoolAssgnmnt="1" Value="1"/>
</AssgnmntListEntry>
<AssgnmntListEntry Length="1" RootTermCovItemId="C26">
<MapEntry BoolAssgnmnt="0" Value="1"/>
</AssgnmntListEntry>
<AssgnmntListEntry Length="1" RootTermCovItemId="C27">
<MapEntry BoolAssgnmnt="1" Value="1"/>
</AssgnmntListEntry>
<AssgnmntListEntry Length="2" RootTermCovItemId="C28">
<MapEntry BoolAssgnmnt="02" Value="1"/>
</AssgnmntListEntry>
<AssgnmntListEntry Length="1" RootTermCovItemId="C29">
<MapEntry BoolAssgnmnt="1" Value="1"/>
</AssgnmntListEntry>
<AssgnmntListEntry Length="1" RootTermCovItemId="C30">
<MapEntry BoolAssgnmnt="1" Value="7"/>
</AssgnmntListEntry>
<AssgnmntListEntry Length="1" RootTermCovItemId="C31">
<MapEntry BoolAssgnmnt="0" Value="62"/>
<MapEntry BoolAssgnmnt="1" Value="335"/>
</AssgnmntListEntry>
<AssgnmntListEntry Length="1" RootTermCovItemId="C32">
<MapEntry BoolAssgnmnt="0" Value="192"/>
<MapEntry BoolAssgnmnt="1" Value="4"/>
</AssgnmntListEntry>
<AssgnmntListEntry Length="1" RootTermCovItemId="C33">
<MapEntry BoolAssgnmnt="0" Value="49"/>
<MapEntry BoolAssgnmnt="1" Value="143"/>
</AssgnmntListEntry>
<AssgnmntListEntry Length="1" RootTermCovItemId="C34">
<MapEntry BoolAssgnmnt="0" Value="45"/>
<MapEntry BoolAssgnmnt="1" Value="147"/>
</AssgnmntListEntry>
<AssgnmntListEntry Length="1" RootTermCovItemId="C35">
<MapEntry BoolAssgnmnt="0" Value="192"/>
</AssgnmntListEntry>
<AssgnmntListEntry Length="5" RootTermCovItemId="C38">
<MapEntry BoolAssgnmnt="02002" Value="198"/>
<MapEntry BoolAssgnmnt="10122" Value="196"/>
<MapEntry BoolAssgnmnt="11220" Value="196"/>
<MapEntry BoolAssgnmnt="02010" Value="188"/>
<MapEntry BoolAssgnmnt="02011" Value="4"/>
</AssgnmntListEntry>
<AssgnmntListEntry Length="1" RootTermCovItemId="C39">
<MapEntry BoolAssgnmnt="0" Value="124"/>
<MapEntry BoolAssgnmnt="1" Value="274"/>
</AssgnmntListEntry>
<AssgnmntListEntry Length="1" RootTermCovItemId="C40">
<MapEntry BoolAssgnmnt="0" Value="273"/>
<MapEntry BoolAssgnmnt="1" Value="1"/>
</AssgnmntListEntry>
<AssgnmntListEntry Length="2" RootTermCovItemId="C41">
<MapEntry BoolAssgnmnt="10" Value="5"/>
<MapEntry BoolAssgnmnt="02" Value="262"/>
<MapEntry BoolAssgnmnt="11" Value="6"/>
</AssgnmntListEntry>
<AssgnmntListEntry Length="1" RootTermCovItemId="C42">
<MapEntry BoolAssgnmnt="0" Value="256"/>
<MapEntry BoolAssgnmnt="1" Value="256"/>
</AssgnmntListEntry>
<AssgnmntListEntry Length="1" RootTermCovItemId="C43">
<MapEntry BoolAssgnmnt="0" Value="60"/>
<MapEntry BoolAssgnmnt="1" Value="196"/>
</AssgnmntListEntry>
<AssgnmntListEntry Length="1" RootTermCovItemId="C44">
<MapEntry BoolAssgnmnt="0" Value="98"/>
<MapEntry BoolAssgnmnt="1" Value="98"/>
</AssgnmntListEntry>
<AssgnmntListEntry Length="1" RootTermCovItemId="C53">
<MapEntry BoolAssgnmnt="1" Value="733"/>
</AssgnmntListEntry>
<AssgnmntListEntry Length="1" RootTermCovItemId="C54">
<MapEntry BoolAssgnmnt="0" Value="654"/>
<MapEntry BoolAssgnmnt="1" Value="79"/>
</AssgnmntListEntry>
<AssgnmntListEntry Length="3" RootTermCovItemId="C55">
<MapEntry BoolAssgnmnt="002" Value="425"/>
<MapEntry BoolAssgnmnt="120" Value="218"/>
<MapEntry BoolAssgnmnt="121" Value="211"/>
</AssgnmntListEntry>
<AssgnmntListEntry Length="3" RootTermCovItemId="C56">
<MapEntry BoolAssgnmnt="002" Value="211"/>
<MapEntry BoolAssgnmnt="120" Value="298"/>
<MapEntry BoolAssgnmnt="121" Value="127"/>
</AssgnmntListEntry>
</AssgnmntPrefix>
<AssgnmntPrefix RootTermCovItemPrefix="com.OriginalFiles.Field.java">
<AssgnmntListEntry Length="1" RootTermCovItemId="C1">
<MapEntry BoolAssgnmnt="0" Value="67"/>
<MapEntry BoolAssgnmnt="1" Value="16"/>
</AssgnmntListEntry>
</AssgnmntPrefix>
<AssgnmntPrefix RootTermCovItemPrefix="com.OriginalFiles.Piece.java">
<AssgnmntListEntry Length="2" RootTermCovItemId="C1">
<MapEntry BoolAssgnmnt="10" Value="52"/>
<MapEntry BoolAssgnmnt="02" Value="16"/>
<MapEntry BoolAssgnmnt="11" Value="1"/>
</AssgnmntListEntry>
<AssgnmntListEntry Length="5" RootTermCovItemId="C17">
<MapEntry BoolAssgnmnt="00210" Value="26"/>
<MapEntry BoolAssgnmnt="01002" Value="26"/>
<MapEntry BoolAssgnmnt="12222" Value="1"/>
</AssgnmntListEntry>
<AssgnmntListEntry Length="5" RootTermCovItemId="C18">
<MapEntry BoolAssgnmnt="00210" Value="18"/>
<MapEntry BoolAssgnmnt="00211" Value="8"/>
<MapEntry BoolAssgnmnt="01002" Value="18"/>
<MapEntry BoolAssgnmnt="12222" Value="1"/>
<MapEntry BoolAssgnmnt="01122" Value="8"/>
</AssgnmntListEntry>
<AssgnmntListEntry Length="1" RootTermCovItemId="C19">
<MapEntry BoolAssgnmnt="1" Value="16"/>
</AssgnmntListEntry>
<AssgnmntListEntry Length="2" RootTermCovItemId="C2">
<MapEntry BoolAssgnmnt="02" Value="1"/>
</AssgnmntListEntry>
<AssgnmntListEntry Length="1" RootTermCovItemId="C20">
<MapEntry BoolAssgnmnt="0" Value="52"/>
<MapEntry BoolAssgnmnt="1" Value="1"/>
</AssgnmntListEntry>
<AssgnmntListEntry Length="1" RootTermCovItemId="C3">
<MapEntry BoolAssgnmnt="0" Value="16"/>
<MapEntry BoolAssgnmnt="1" Value="53"/>
</AssgnmntListEntry>
<AssgnmntListEntry Length="1" RootTermCovItemId="C5">
<MapEntry BoolAssgnmnt="0" Value="26"/>
<MapEntry BoolAssgnmnt="1" Value="27"/>
</AssgnmntListEntry>
<AssgnmntListEntry Length="1" RootTermCovItemId="C6">
<MapEntry BoolAssgnmnt="0" Value="16"/>
<MapEntry BoolAssgnmnt="1" Value="53"/>
</AssgnmntListEntry>
<AssgnmntListEntry Length="1" RootTermCovItemId="C7">
<MapEntry BoolAssgnmnt="0" Value="52"/>
<MapEntry BoolAssgnmnt="1" Value="1"/>
</AssgnmntListEntry>
<AssgnmntListEntry Length="1" RootTermCovItemId="C8">
<MapEntry BoolAssgnmnt="1" Value="53"/>
</AssgnmntListEntry>
<AssgnmntListEntry Length="1" RootTermCovItemId="C9">
<MapEntry BoolAssgnmnt="0" Value="53"/>
</AssgnmntListEntry>
</AssgnmntPrefix>
<AssgnmntPrefix RootTermCovItemPrefix="com.OriginalFiles.RemoteNXTFunctions.java">
<AssgnmntListEntry Length="1" RootTermCovItemId="C5">
<MapEntry BoolAssgnmnt="1" Value="71"/>
</AssgnmntListEntry>
<AssgnmntListEntry Length="2" RootTermCovItemId="C6">
<MapEntry BoolAssgnmnt="10" Value="2"/>
<MapEntry BoolAssgnmnt="02" Value="5"/>
<MapEntry BoolAssgnmnt="11" Value="64"/>
</AssgnmntListEntry>
<AssgnmntListEntry Length="2" RootTermCovItemId="C7">
<MapEntry BoolAssgnmnt="02" Value="5"/>
<MapEntry BoolAssgnmnt="11" Value="2"/>
</AssgnmntListEntry>
<AssgnmntListEntry Length="2" RootTermCovItemId="C8">
<MapEntry BoolAssgnmnt="02" Value="4"/>
<MapEntry BoolAssgnmnt="11" Value="1"/>
</AssgnmntListEntry>
<AssgnmntListEntry Length="1" RootTermCovItemId="C9">
<MapEntry BoolAssgnmnt="0" Value="2"/>
<MapEntry BoolAssgnmnt="1" Value="2"/>
</AssgnmntListEntry>
</AssgnmntPrefix>
</AssgnmntList>
<ObjMetaDataList/>
<MetaDataList/>
</TestCase>
<TestCase Comment="" Date="1386064416955" Name="com.Testing.AnalyzeTest:testCheckMove">
<CovList>
<CovPrefix CovItemPrefix="com.OriginalFiles.Analyze.java">
<Cov CovItemId="B1" Value="95"/>
<Cov CovItemId="B10" Value="95"/>
<Cov CovItemId="B107" Value="32"/>
<Cov CovItemId="B108" Value="649"/>
<Cov CovItemId="B11" Value="95"/>
<Cov CovItemId="B110" Value="649"/>
<Cov CovItemId="B111" Value="167"/>
<Cov CovItemId="B112" Value="482"/>
<Cov CovItemId="B113" Value="4"/>
<Cov CovItemId="B114" Value="478"/>
<Cov CovItemId="B115" Value="190"/>
<Cov CovItemId="B120" Value="480"/>
<Cov CovItemId="B121" Value="11680"/>
<Cov CovItemId="B122" Value="290"/>
<Cov CovItemId="B123" Value="190"/>
<Cov CovItemId="B124" Value="290"/>
<Cov CovItemId="B126" Value="190"/>
<Cov CovItemId="B127" Value="290"/>
<Cov CovItemId="B128" Value="190"/>
<Cov CovItemId="B13" Value="123"/>
<Cov CovItemId="B131" Value="190"/>
<Cov CovItemId="B133" Value="190"/>
<Cov CovItemId="B134" Value="126"/>
<Cov CovItemId="B135" Value="64"/>
<Cov CovItemId="B136" Value="126"/>
<Cov CovItemId="B139" Value="126"/>
<Cov CovItemId="B14" Value="32"/>
<Cov CovItemId="B157" Value="252"/>
<Cov CovItemId="B16" Value="123"/>
<Cov CovItemId="B17" Value="67"/>
<Cov CovItemId="B18" Value="56"/>
<Cov CovItemId="B19" Value="28"/>
<Cov CovItemId="B20" Value="67"/>
<Cov CovItemId="B21" Value="12"/>
<Cov CovItemId="B22" Value="16"/>
<Cov CovItemId="B23" Value="12"/>
<Cov CovItemId="B24" Value="4"/>
<Cov CovItemId="B26" Value="123"/>
<Cov CovItemId="B3" Value="95"/>
<Cov CovItemId="B31" Value="67"/>
<Cov CovItemId="B32" Value="56"/>
<Cov CovItemId="B33" Value="123"/>
<Cov CovItemId="B35" Value="47"/>
<Cov CovItemId="B36" Value="76"/>
<Cov CovItemId="B37" Value="33"/>
<Cov CovItemId="B38" Value="14"/>
<Cov CovItemId="B39" Value="15"/>
<Cov CovItemId="B40" Value="61"/>
<Cov CovItemId="B41" Value="1"/>
<Cov CovItemId="B42" Value="14"/>
<Cov CovItemId="B43" Value="61"/>
<Cov CovItemId="B45" Value="15"/>
<Cov CovItemId="B46" Value="46"/>
<Cov CovItemId="B47" Value="1"/>
<Cov CovItemId="B48" Value="14"/>
<Cov CovItemId="B49" Value="46"/>
<Cov CovItemId="B5" Value="8"/>
<Cov CovItemId="B51" Value="32"/>
<Cov CovItemId="B52" Value="14"/>
<Cov CovItemId="B53" Value="123"/>
<Cov CovItemId="B55" Value="123"/>
<Cov CovItemId="B57" Value="123"/>
<Cov CovItemId="B59" Value="123"/>
<Cov CovItemId="B6" Value="87"/>
<Cov CovItemId="B61" Value="313"/>
<Cov CovItemId="B62" Value="95"/>
<Cov CovItemId="B63" Value="56"/>
<Cov CovItemId="B64" Value="352"/>
<Cov CovItemId="B7" Value="254"/>
<Cov CovItemId="B8" Value="5826"/>
<Cov CovItemId="B84" Value="67"/>
<Cov CovItemId="B9" Value="159"/>
<Cov CovItemId="B96" Value="95"/>
<Cov CovItemId="L1-2" Value="95"/>
<Cov CovItemId="L16-2" Value="190"/>
<Cov CovItemId="L17-2" Value="1520"/>
<Cov CovItemId="L2-2" Value="760"/>
<Cov CovItemId="L3-1" Value="63"/>
<Cov CovItemId="L3-2" Value="32"/>
<Cov CovItemId="L4-1" Value="14"/>
<Cov CovItemId="L4-2" Value="109"/>
<Cov CovItemId="S10" Value="95"/>
<Cov CovItemId="S11" Value="95"/>
<Cov CovItemId="S12" Value="95"/>
<Cov CovItemId="S13" Value="95"/>
<Cov CovItemId="S14" Value="95"/>
<Cov CovItemId="S149" Value="67"/>
<Cov CovItemId="S15" Value="95"/>
<Cov CovItemId="S168" Value="95"/>
<Cov CovItemId="S17" Value="95"/>
<Cov CovItemId="S18" Value="95"/>
<Cov CovItemId="S19" Value="8"/>
<Cov CovItemId="S199" Value="681"/>
<Cov CovItemId="S20" Value="8"/>
<Cov CovItemId="S200" Value="681"/>
<Cov CovItemId="S201" Value="681"/>
<Cov CovItemId="S202" Value="681"/>
<Cov CovItemId="S203" Value="681"/>
<Cov CovItemId="S204" Value="32"/>
<Cov CovItemId="S205" Value="649"/>
<Cov CovItemId="S207" Value="649"/>
<Cov CovItemId="S208" Value="167"/>
<Cov CovItemId="S209" Value="482"/>
<Cov CovItemId="S21" Value="95"/>
<Cov CovItemId="S210" Value="4"/>
<Cov CovItemId="S211" Value="478"/>
<Cov CovItemId="S212" Value="190"/>
<Cov CovItemId="S213" Value="190"/>
<Cov CovItemId="S22" Value="95"/>
<Cov CovItemId="S221" Value="190"/>
<Cov CovItemId="S222" Value="190"/>
<Cov CovItemId="S223" Value="190"/>
<Cov CovItemId="S224" Value="190"/>
<Cov CovItemId="S225" Value="190"/>
<Cov CovItemId="S226" Value="190"/>
<Cov CovItemId="S227" Value="1520"/>
<Cov CovItemId="S228" Value="12160"/>
<Cov CovItemId="S229" Value="480"/>
<Cov CovItemId="S23" Value="760"/>
<Cov CovItemId="S230" Value="290"/>
<Cov CovItemId="S231" Value="290"/>
<Cov CovItemId="S232" Value="290"/>
<Cov CovItemId="S233" Value="480"/>
<Cov CovItemId="S234" Value="190"/>
<Cov CovItemId="S235" Value="190"/>
<Cov CovItemId="S236" Value="190"/>
<Cov CovItemId="S237" Value="190"/>
<Cov CovItemId="S239" Value="190"/>
<Cov CovItemId="S24" Value="6080"/>
<Cov CovItemId="S241" Value="190"/>
<Cov CovItemId="S242" Value="126"/>
<Cov CovItemId="S243" Value="126"/>
<Cov CovItemId="S244" Value="126"/>
<Cov CovItemId="S245" Value="126"/>
<Cov CovItemId="S25" Value="254"/>
<Cov CovItemId="S250" Value="190"/>
<Cov CovItemId="S26" Value="159"/>
<Cov CovItemId="S267" Value="252"/>
<Cov CovItemId="S269" Value="252"/>
<Cov CovItemId="S27" Value="95"/>
<Cov CovItemId="S28" Value="95"/>
<Cov CovItemId="S29" Value="95"/>
<Cov CovItemId="S30" Value="95"/>
<Cov CovItemId="S31" Value="95"/>
<Cov CovItemId="S32" Value="95"/>
<Cov CovItemId="S33" Value="95"/>
<Cov CovItemId="S34" Value="155"/>
<Cov CovItemId="S35" Value="123"/>
<Cov CovItemId="S37" Value="123"/>
<Cov CovItemId="S38" Value="67"/>
<Cov CovItemId="S39" Value="28"/>
<Cov CovItemId="S40" Value="95"/>
<Cov CovItemId="S41" Value="28"/>
<Cov CovItemId="S42" Value="12"/>
<Cov CovItemId="S43" Value="12"/>
<Cov CovItemId="S44" Value="12"/>
<Cov CovItemId="S45" Value="16"/>
<Cov CovItemId="S46" Value="12"/>
<Cov CovItemId="S47" Value="12"/>
<Cov CovItemId="S48" Value="12"/>
<Cov CovItemId="S49" Value="12"/>
<Cov CovItemId="S50" Value="4"/>
<Cov CovItemId="S51" Value="123"/>
<Cov CovItemId="S52" Value="123"/>
<Cov CovItemId="S57" Value="123"/>
<Cov CovItemId="S58" Value="67"/>
<Cov CovItemId="S59" Value="123"/>
<Cov CovItemId="S6" Value="95"/>
<Cov CovItemId="S60" Value="123"/>
<Cov CovItemId="S61" Value="123"/>
<Cov CovItemId="S62" Value="47"/>
<Cov CovItemId="S63" Value="33"/>
<Cov CovItemId="S64" Value="33"/>
<Cov CovItemId="S65" Value="14"/>
<Cov CovItemId="S66" Value="76"/>
<Cov CovItemId="S67" Value="15"/>
<Cov CovItemId="S68" Value="1"/>
<Cov CovItemId="S69" Value="1"/>
<Cov CovItemId="S7" Value="95"/>
<Cov CovItemId="S70" Value="14"/>
<Cov CovItemId="S71" Value="61"/>
<Cov CovItemId="S72" Value="61"/>
<Cov CovItemId="S73" Value="15"/>
<Cov CovItemId="S74" Value="1"/>
<Cov CovItemId="S75" Value="1"/>
<Cov CovItemId="S76" Value="14"/>
<Cov CovItemId="S77" Value="46"/>
<Cov CovItemId="S78" Value="46"/>
<Cov CovItemId="S79" Value="32"/>
<Cov CovItemId="S8" Value="95"/>
<Cov CovItemId="S80" Value="32"/>
<Cov CovItemId="S81" Value="14"/>
<Cov CovItemId="S83" Value="123"/>
<Cov CovItemId="S84" Value="123"/>
<Cov CovItemId="S85" Value="123"/>
<Cov CovItemId="S86" Value="123"/>
<Cov CovItemId="S87" Value="123"/>
<Cov CovItemId="S88" Value="123"/>
<Cov CovItemId="S89" Value="123"/>
<Cov CovItemId="S9" Value="95"/>
<Cov CovItemId="S90" Value="123"/>
<Cov CovItemId="S91" Value="123"/>
<Cov CovItemId="S92" Value="123"/>
<Cov CovItemId="S93" Value="123"/>
<Cov CovItemId="S94" Value="408"/>
<Cov CovItemId="S95" Value="313"/>
<Cov CovItemId="S96" Value="408"/>
<Cov CovItemId="S97" Value="56"/>
<Cov CovItemId="S98" Value="67"/>
</CovPrefix>
<CovPrefix CovItemPrefix="com.OriginalFiles.Board.java">
<Cov CovItemId="B12" Value="96"/>
<Cov CovItemId="B14" Value="96"/>
<Cov CovItemId="B16" Value="96"/>
<Cov CovItemId="B18" Value="96"/>
<Cov CovItemId="B20" Value="96"/>
<Cov CovItemId="B22" Value="96"/>
<Cov CovItemId="B24" Value="96"/>
<Cov CovItemId="B25" Value="96"/>
<Cov CovItemId="B27" Value="60"/>
<Cov CovItemId="B28" Value="253"/>
<Cov CovItemId="B29" Value="60"/>
<Cov CovItemId="B31" Value="67"/>
<Cov CovItemId="B33" Value="67"/>
<Cov CovItemId="B36" Value="67"/>
<Cov CovItemId="B37" Value="67"/>
<Cov CovItemId="B39" Value="521"/>
<Cov CovItemId="B41" Value="3930"/>
<Cov CovItemId="B42" Value="264"/>
<Cov CovItemId="B44" Value="972"/>
<Cov CovItemId="B45" Value="968"/>
<Cov CovItemId="B46" Value="4"/>
<Cov CovItemId="B47" Value="968"/>
<Cov CovItemId="B48" Value="4"/>
<Cov CovItemId="B49" Value="972"/>
<Cov CovItemId="B51" Value="836"/>
<Cov CovItemId="B52" Value="136"/>
<Cov CovItemId="B53" Value="836"/>
<Cov CovItemId="B54" Value="136"/>
<Cov CovItemId="B56" Value="3888"/>
<Cov CovItemId="B57" Value="2968"/>
<Cov CovItemId="B58" Value="920"/>
<Cov CovItemId="B59" Value="2968"/>
<Cov CovItemId="B62" Value="2968"/>
<Cov CovItemId="B63" Value="12288"/>
<Cov CovItemId="B64" Value="12288"/>
<Cov CovItemId="B65" Value="972"/>
<Cov CovItemId="B66" Value="11316"/>
<Cov CovItemId="B67" Value="384"/>
<Cov CovItemId="B68" Value="588"/>
<Cov CovItemId="B71" Value="16"/>
<Cov CovItemId="B72" Value="16"/>
<Cov CovItemId="B73" Value="64"/>
<Cov CovItemId="B74" Value="64"/>
<Cov CovItemId="B75" Value="64"/>
<Cov CovItemId="B76" Value="64"/>
<Cov CovItemId="B77" Value="116"/>
<Cov CovItemId="B78" Value="12"/>
<Cov CovItemId="B79" Value="5534"/>
<Cov CovItemId="B81" Value="2329"/>
<Cov CovItemId="B82" Value="3205"/>
<Cov CovItemId="B83" Value="630"/>
<Cov CovItemId="B84" Value="1983"/>
<Cov CovItemId="B85" Value="664"/>
<Cov CovItemId="B86" Value="1319"/>
<Cov CovItemId="L10-2" Value="6144"/>
<Cov CovItemId="L11-1" Value="63"/>
<Cov CovItemId="L11-2" Value="32"/>
<Cov CovItemId="L12-0" Value="95"/>
<Cov CovItemId="L12-1" Value="32"/>
<Cov CovItemId="L12-2" Value="32"/>
<Cov CovItemId="L13-2" Value="384"/>
<Cov CovItemId="L14-2" Value="3072"/>
<Cov CovItemId="L15-2" Value="4"/>
<Cov CovItemId="L16-2" Value="16"/>
<Cov CovItemId="L17-2" Value="16"/>
<Cov CovItemId="L9-2" Value="768"/>
<Cov CovItemId="S100" Value="67"/>
<Cov CovItemId="S102" Value="67"/>
<Cov CovItemId="S104" Value="67"/>
<Cov CovItemId="S105" Value="67"/>
<Cov CovItemId="S106" Value="67"/>
<Cov CovItemId="S107" Value="67"/>
<Cov CovItemId="S108" Value="67"/>
<Cov CovItemId="S109" Value="67"/>
<Cov CovItemId="S110" Value="306"/>
<Cov CovItemId="S111" Value="521"/>
<Cov CovItemId="S112" Value="521"/>
<Cov CovItemId="S113" Value="521"/>
<Cov CovItemId="S115" Value="4194"/>
<Cov CovItemId="S116" Value="3930"/>
<Cov CovItemId="S117" Value="264"/>
<Cov CovItemId="S118" Value="972"/>
<Cov CovItemId="S119" Value="972"/>
<Cov CovItemId="S121" Value="972"/>
<Cov CovItemId="S122" Value="972"/>
<Cov CovItemId="S123" Value="972"/>
<Cov CovItemId="S124" Value="972"/>
<Cov CovItemId="S125" Value="968"/>
<Cov CovItemId="S126" Value="972"/>
<Cov CovItemId="S127" Value="968"/>
<Cov CovItemId="S128" Value="972"/>
<Cov CovItemId="S129" Value="972"/>
<Cov CovItemId="S130" Value="836"/>
<Cov CovItemId="S131" Value="972"/>
<Cov CovItemId="S132" Value="836"/>
<Cov CovItemId="S133" Value="972"/>
<Cov CovItemId="S134" Value="972"/>
<Cov CovItemId="S135" Value="3888"/>
<Cov CovItemId="S137" Value="3888"/>
<Cov CovItemId="S138" Value="2968"/>
<Cov CovItemId="S139" Value="2968"/>
<Cov CovItemId="S141" Value="3888"/>
<Cov CovItemId="S142" Value="3888"/>
<Cov CovItemId="S143" Value="384"/>
<Cov CovItemId="S144" Value="384"/>
<Cov CovItemId="S145" Value="3072"/>
<Cov CovItemId="S146" Value="24576"/>
<Cov CovItemId="S147" Value="12288"/>
<Cov CovItemId="S148" Value="972"/>
<Cov CovItemId="S149" Value="384"/>
<Cov CovItemId="S150" Value="588"/>
<Cov CovItemId="S151" Value="384"/>
<Cov CovItemId="S157" Value="4"/>
<Cov CovItemId="S158" Value="4"/>
<Cov CovItemId="S159" Value="32"/>
<Cov CovItemId="S160" Value="16"/>
<Cov CovItemId="S161" Value="128"/>
<Cov CovItemId="S162" Value="64"/>
<Cov CovItemId="S163" Value="16"/>
<Cov CovItemId="S164" Value="16"/>
<Cov CovItemId="S165" Value="128"/>
<Cov CovItemId="S166" Value="64"/>
<Cov CovItemId="S167" Value="16"/>
<Cov CovItemId="S168" Value="4"/>
<Cov CovItemId="S169" Value="128"/>
<Cov CovItemId="S170" Value="128"/>
<Cov CovItemId="S171" Value="116"/>
<Cov CovItemId="S172" Value="12"/>
<Cov CovItemId="S173" Value="12"/>
<Cov CovItemId="S174" Value="12"/>
<Cov CovItemId="S175" Value="12"/>
<Cov CovItemId="S176" Value="5534"/>
<Cov CovItemId="S177" Value="5534"/>
<Cov CovItemId="S178" Value="2329"/>
<Cov CovItemId="S179" Value="3205"/>
<Cov CovItemId="S180" Value="2613"/>
<Cov CovItemId="S181" Value="630"/>
<Cov CovItemId="S182" Value="1983"/>
<Cov CovItemId="S183" Value="664"/>
<Cov CovItemId="S184" Value="1319"/>
<Cov CovItemId="S185" Value="15233"/>
<Cov CovItemId="S61" Value="768"/>
<Cov CovItemId="S62" Value="6144"/>
<Cov CovItemId="S63" Value="49152"/>
<Cov CovItemId="S64" Value="95"/>
<Cov CovItemId="S65" Value="95"/>
<Cov CovItemId="S66" Value="95"/>
<Cov CovItemId="S67" Value="95"/>
<Cov CovItemId="S68" Value="159"/>
<Cov CovItemId="S69" Value="96"/>
<Cov CovItemId="S76" Value="159"/>
<Cov CovItemId="S77" Value="159"/>
<Cov CovItemId="S78" Value="96"/>
<Cov CovItemId="S80" Value="96"/>
<Cov CovItemId="S82" Value="96"/>
<Cov CovItemId="S84" Value="96"/>
<Cov CovItemId="S86" Value="96"/>
<Cov CovItemId="S88" Value="96"/>
<Cov CovItemId="S90" Value="96"/>
<Cov CovItemId="S91" Value="96"/>
<Cov CovItemId="S93" Value="384"/>
<Cov CovItemId="S94" Value="313"/>
<Cov CovItemId="S95" Value="60"/>
<Cov CovItemId="S96" Value="60"/>
<Cov CovItemId="S97" Value="253"/>
<Cov CovItemId="S98" Value="67"/>
<Cov CovItemId="S99" Value="67"/>
</CovPrefix>
<CovPrefix CovItemPrefix="com.OriginalFiles.Field.java">
<Cov CovItemId="B1" Value="159"/>
<Cov CovItemId="B2" Value="124"/>
<Cov CovItemId="S1" Value="88"/>
<Cov CovItemId="S13" Value="1155"/>
<Cov CovItemId="S2" Value="88"/>
<Cov CovItemId="S5" Value="283"/>
<Cov CovItemId="S6" Value="283"/>
<Cov CovItemId="S7" Value="159"/>
<Cov CovItemId="S8" Value="21812"/>
<Cov CovItemId="S9" Value="28054"/>
</CovPrefix>
<CovPrefix CovItemPrefix="com.OriginalFiles.Piece.java">
<Cov CovItemId="B1" Value="127"/>
<Cov CovItemId="B10" Value="120"/>
<Cov CovItemId="B11" Value="199"/>
<Cov CovItemId="B12" Value="8"/>
<Cov CovItemId="B13" Value="127"/>
<Cov CovItemId="B14" Value="72"/>
<Cov CovItemId="B15" Value="199"/>
<Cov CovItemId="B18" Value="199"/>
<Cov CovItemId="B2" Value="80"/>
<Cov CovItemId="B3" Value="55"/>
<Cov CovItemId="B34" Value="199"/>
<Cov CovItemId="B35" Value="16"/>
<Cov CovItemId="B36" Value="183"/>
<Cov CovItemId="B37" Value="16"/>
<Cov CovItemId="B39" Value="127"/>
<Cov CovItemId="B4" Value="72"/>
<Cov CovItemId="B40" Value="72"/>
<Cov CovItemId="B5" Value="199"/>
<Cov CovItemId="B6" Value="8"/>
<Cov CovItemId="B9" Value="79"/>
<Cov CovItemId="S1" Value="92"/>
<Cov CovItemId="S10" Value="92"/>
<Cov CovItemId="S11" Value="92"/>
<Cov CovItemId="S12" Value="92"/>
<Cov CovItemId="S13" Value="92"/>
<Cov CovItemId="S14" Value="92"/>
<Cov CovItemId="S15" Value="92"/>
<Cov CovItemId="S16" Value="92"/>
<Cov CovItemId="S17" Value="92"/>
<Cov CovItemId="S18" Value="92"/>
<Cov CovItemId="S19" Value="92"/>
<Cov CovItemId="S2" Value="92"/>
<Cov CovItemId="S20" Value="92"/>
<Cov CovItemId="S21" Value="92"/>
<Cov CovItemId="S23" Value="1008"/>
<Cov CovItemId="S24" Value="207"/>
<Cov CovItemId="S25" Value="207"/>
<Cov CovItemId="S26" Value="207"/>
<Cov CovItemId="S27" Value="127"/>
<Cov CovItemId="S28" Value="55"/>
<Cov CovItemId="S29" Value="127"/>
<Cov CovItemId="S3" Value="92"/>
<Cov CovItemId="S30" Value="80"/>
<Cov CovItemId="S31" Value="207"/>
<Cov CovItemId="S32" Value="207"/>
<Cov CovItemId="S33" Value="199"/>
<Cov CovItemId="S34" Value="8"/>
<Cov CovItemId="S35" Value="8"/>
<Cov CovItemId="S39" Value="199"/>
<Cov CovItemId="S4" Value="92"/>
<Cov CovItemId="S40" Value="79"/>
<Cov CovItemId="S41" Value="120"/>
<Cov CovItemId="S42" Value="207"/>
<Cov CovItemId="S43" Value="207"/>
<Cov CovItemId="S44" Value="199"/>
<Cov CovItemId="S45" Value="199"/>
<Cov CovItemId="S46" Value="199"/>
<Cov CovItemId="S47" Value="127"/>
<Cov CovItemId="S48" Value="199"/>
<Cov CovItemId="S49" Value="199"/>
<Cov CovItemId="S5" Value="92"/>
<Cov CovItemId="S50" Value="199"/>
<Cov CovItemId="S6" Value="92"/>
<Cov CovItemId="S65" Value="199"/>
<Cov CovItemId="S67" Value="199"/>
<Cov CovItemId="S68" Value="16"/>
<Cov CovItemId="S69" Value="16"/>
<Cov CovItemId="S7" Value="92"/>
<Cov CovItemId="S70" Value="16"/>
<Cov CovItemId="S71" Value="199"/>
<Cov CovItemId="S72" Value="127"/>
<Cov CovItemId="S73" Value="199"/>
<Cov CovItemId="S8" Value="92"/>
<Cov CovItemId="S9" Value="92"/>
</CovPrefix>
<CovPrefix CovItemPrefix="com.OriginalFiles.RemoteNXTFunctions.java">
<Cov CovItemId="B100" Value="64"/>
<Cov CovItemId="B101" Value="9"/>
<Cov CovItemId="B102" Value="55"/>
<Cov CovItemId="B103" Value="95"/>
<Cov CovItemId="B104" Value="423"/>
<Cov CovItemId="B105" Value="15"/>
<Cov CovItemId="B106" Value="80"/>
<Cov CovItemId="B107" Value="15"/>
<Cov CovItemId="B108" Value="65"/>
<Cov CovItemId="B109" Value="15"/>
<Cov CovItemId="B110" Value="50"/>
<Cov CovItemId="B111" Value="9"/>
<Cov CovItemId="B112" Value="41"/>
<Cov CovItemId="B113" Value="109"/>
<Cov CovItemId="B114" Value="314"/>
<Cov CovItemId="B115" Value="15"/>
<Cov CovItemId="B116" Value="94"/>
<Cov CovItemId="B117" Value="15"/>
<Cov CovItemId="B118" Value="79"/>
<Cov CovItemId="B119" Value="15"/>
<Cov CovItemId="B120" Value="64"/>
<Cov CovItemId="B121" Value="9"/>
<Cov CovItemId="B122" Value="55"/>
<Cov CovItemId="B123" Value="95"/>
<Cov CovItemId="B124" Value="219"/>
<Cov CovItemId="B125" Value="15"/>
<Cov CovItemId="B126" Value="80"/>
<Cov CovItemId="B127" Value="15"/>
<Cov CovItemId="B128" Value="65"/>
<Cov CovItemId="B129" Value="15"/>
<Cov CovItemId="B130" Value="50"/>
<Cov CovItemId="B131" Value="9"/>
<Cov CovItemId="B132" Value="41"/>
<Cov CovItemId="B134" Value="219"/>
<Cov CovItemId="B142" Value="219"/>
<Cov CovItemId="B15" Value="64"/>
<Cov CovItemId="B16" Value="585"/>
<Cov CovItemId="B17" Value="32"/>
<Cov CovItemId="B18" Value="32"/>
<Cov CovItemId="B19" Value="32"/>
<Cov CovItemId="B23" Value="155"/>
<Cov CovItemId="B24" Value="494"/>
<Cov CovItemId="B25" Value="31"/>
<Cov CovItemId="B26" Value="124"/>
<Cov CovItemId="B27" Value="31"/>
<Cov CovItemId="B28" Value="93"/>
<Cov CovItemId="B30" Value="93"/>
<Cov CovItemId="B32" Value="649"/>
<Cov CovItemId="B40" Value="649"/>
<Cov CovItemId="B5" Value="32"/>
<Cov CovItemId="B50" Value="649"/>
<Cov CovItemId="B56" Value="649"/>
<Cov CovItemId="B6" Value="649"/>
<Cov CovItemId="B61" Value="5"/>
<Cov CovItemId="B62" Value="644"/>
<Cov CovItemId="B63" Value="1"/>
<Cov CovItemId="B64" Value="4"/>
<Cov CovItemId="B65" Value="1"/>
<Cov CovItemId="B66" Value="3"/>
<Cov CovItemId="B67" Value="2"/>
<Cov CovItemId="B68" Value="1"/>
<Cov CovItemId="B69" Value="4"/>
<Cov CovItemId="B7" Value="32"/>
<Cov CovItemId="B70" Value="640"/>
<Cov CovItemId="B71" Value="1"/>
<Cov CovItemId="B72" Value="3"/>
<Cov CovItemId="B73" Value="1"/>
<Cov CovItemId="B74" Value="2"/>
<Cov CovItemId="B75" Value="2"/>
<Cov CovItemId="B77" Value="7"/>
<Cov CovItemId="B78" Value="633"/>
<Cov CovItemId="B79" Value="1"/>
<Cov CovItemId="B80" Value="6"/>
<Cov CovItemId="B81" Value="1"/>
<Cov CovItemId="B82" Value="5"/>
<Cov CovItemId="B83" Value="2"/>
<Cov CovItemId="B84" Value="3"/>
<Cov CovItemId="B85" Value="6"/>
<Cov CovItemId="B86" Value="627"/>
<Cov CovItemId="B87" Value="1"/>
<Cov CovItemId="B88" Value="5"/>
<Cov CovItemId="B89" Value="1"/>
<Cov CovItemId="B90" Value="4"/>
<Cov CovItemId="B91" Value="2"/>
<Cov CovItemId="B92" Value="2"/>
<Cov CovItemId="B93" Value="109"/>
<Cov CovItemId="B94" Value="518"/>
<Cov CovItemId="B95" Value="15"/>
<Cov CovItemId="B96" Value="94"/>
<Cov CovItemId="B97" Value="15"/>
<Cov CovItemId="B98" Value="79"/>
<Cov CovItemId="B99" Value="15"/>
<Cov CovItemId="S100" Value="633"/>
<Cov CovItemId="S101" Value="6"/>
<Cov CovItemId="S102" Value="1"/>
<Cov CovItemId="S103" Value="5"/>
<Cov CovItemId="S104" Value="1"/>
<Cov CovItemId="S105" Value="4"/>
<Cov CovItemId="S106" Value="2"/>
<Cov CovItemId="S107" Value="2"/>
<Cov CovItemId="S108" Value="627"/>
<Cov CovItemId="S109" Value="109"/>
<Cov CovItemId="S110" Value="15"/>
<Cov CovItemId="S111" Value="94"/>
<Cov CovItemId="S112" Value="15"/>
<Cov CovItemId="S113" Value="79"/>
<Cov CovItemId="S114" Value="15"/>
<Cov CovItemId="S115" Value="64"/>
<Cov CovItemId="S116" Value="9"/>
<Cov CovItemId="S117" Value="55"/>
<Cov CovItemId="S118" Value="518"/>
<Cov CovItemId="S119" Value="95"/>
<Cov CovItemId="S120" Value="15"/>
<Cov CovItemId="S121" Value="80"/>
<Cov CovItemId="S122" Value="15"/>
<Cov CovItemId="S123" Value="65"/>
<Cov CovItemId="S124" Value="15"/>
<Cov CovItemId="S125" Value="50"/>
<Cov CovItemId="S126" Value="9"/>
<Cov CovItemId="S127" Value="41"/>
<Cov CovItemId="S128" Value="423"/>
<Cov CovItemId="S129" Value="109"/>
<Cov CovItemId="S130" Value="15"/>
<Cov CovItemId="S131" Value="94"/>
<Cov CovItemId="S132" Value="15"/>
<Cov CovItemId="S133" Value="79"/>
<Cov CovItemId="S134" Value="15"/>
<Cov CovItemId="S135" Value="64"/>
<Cov CovItemId="S136" Value="9"/>
<Cov CovItemId="S137" Value="55"/>
<Cov CovItemId="S138" Value="314"/>
<Cov CovItemId="S139" Value="95"/>
<Cov CovItemId="S140" Value="15"/>
<Cov CovItemId="S141" Value="80"/>
<Cov CovItemId="S142" Value="15"/>
<Cov CovItemId="S143" Value="65"/>
<Cov CovItemId="S144" Value="15"/>
<Cov CovItemId="S145" Value="50"/>
<Cov CovItemId="S146" Value="9"/>
<Cov CovItemId="S147" Value="41"/>
<Cov CovItemId="S148" Value="219"/>
<Cov CovItemId="S156" Value="219"/>
<Cov CovItemId="S162" Value="681"/>
<Cov CovItemId="S19" Value="681"/>
<Cov CovItemId="S20" Value="681"/>
<Cov CovItemId="S21" Value="32"/>
<Cov CovItemId="S22" Value="32"/>
<Cov CovItemId="S30" Value="649"/>
<Cov CovItemId="S31" Value="64"/>
<Cov CovItemId="S32" Value="32"/>
<Cov CovItemId="S33" Value="32"/>
<Cov CovItemId="S34" Value="32"/>
<Cov CovItemId="S38" Value="649"/>
<Cov CovItemId="S39" Value="155"/>
<Cov CovItemId="S4" Value="20"/>
<Cov CovItemId="S40" Value="31"/>
<Cov CovItemId="S41" Value="124"/>
<Cov CovItemId="S42" Value="31"/>
<Cov CovItemId="S43" Value="93"/>
<Cov CovItemId="S45" Value="93"/>
<Cov CovItemId="S46" Value="649"/>
<Cov CovItemId="S54" Value="649"/>
<Cov CovItemId="S64" Value="649"/>
<Cov CovItemId="S70" Value="649"/>
<Cov CovItemId="S76" Value="649"/>
<Cov CovItemId="S77" Value="5"/>
<Cov CovItemId="S78" Value="1"/>
<Cov CovItemId="S79" Value="4"/>
<Cov CovItemId="S80" Value="1"/>
<Cov CovItemId="S81" Value="3"/>
<Cov CovItemId="S82" Value="2"/>
<Cov CovItemId="S83" Value="1"/>
<Cov CovItemId="S84" Value="644"/>
<Cov CovItemId="S85" Value="4"/>
<Cov CovItemId="S86" Value="1"/>
<Cov CovItemId="S87" Value="3"/>
<Cov CovItemId="S88" Value="1"/>
<Cov CovItemId="S89" Value="2"/>
<Cov CovItemId="S90" Value="2"/>
<Cov CovItemId="S92" Value="640"/>
<Cov CovItemId="S93" Value="7"/>
<Cov CovItemId="S94" Value="1"/>
<Cov CovItemId="S95" Value="6"/>
<Cov CovItemId="S96" Value="1"/>
<Cov CovItemId="S97" Value="5"/>
<Cov CovItemId="S98" Value="2"/>
<Cov CovItemId="S99" Value="3"/>
</CovPrefix>
</CovList>
<AssgnmntList>
<AssgnmntPrefix RootTermCovItemPrefix="com.OriginalFiles.Analyze.java">
<AssgnmntListEntry Length="1" RootTermCovItemId="C1">
<MapEntry BoolAssgnmnt="0" Value="95"/>
</AssgnmntListEntry>
<AssgnmntListEntry Length="1" RootTermCovItemId="C10">
<MapEntry BoolAssgnmnt="0" Value="28"/>
<MapEntry BoolAssgnmnt="1" Value="67"/>
</AssgnmntListEntry>
<AssgnmntListEntry Length="1" RootTermCovItemId="C11">
<MapEntry BoolAssgnmnt="0" Value="16"/>
<MapEntry BoolAssgnmnt="1" Value="12"/>
</AssgnmntListEntry>
<AssgnmntListEntry Length="1" RootTermCovItemId="C12">
<MapEntry BoolAssgnmnt="0" Value="4"/>
<MapEntry BoolAssgnmnt="1" Value="12"/>
</AssgnmntListEntry>
<AssgnmntListEntry Length="1" RootTermCovItemId="C13">
<MapEntry BoolAssgnmnt="0" Value="123"/>
</AssgnmntListEntry>
<AssgnmntListEntry Length="1" RootTermCovItemId="C16">
<MapEntry BoolAssgnmnt="0" Value="56"/>
<MapEntry BoolAssgnmnt="1" Value="67"/>
</AssgnmntListEntry>
<AssgnmntListEntry Length="1" RootTermCovItemId="C17">
<MapEntry BoolAssgnmnt="1" Value="123"/>
</AssgnmntListEntry>
<AssgnmntListEntry Length="1" RootTermCovItemId="C18">
<MapEntry BoolAssgnmnt="0" Value="76"/>
<MapEntry BoolAssgnmnt="1" Value="47"/>
</AssgnmntListEntry>
<AssgnmntListEntry Length="1" RootTermCovItemId="C19">
<MapEntry BoolAssgnmnt="0" Value="14"/>
<MapEntry BoolAssgnmnt="1" Value="33"/>
</AssgnmntListEntry>
<AssgnmntListEntry Length="1" RootTermCovItemId="C2">
<MapEntry BoolAssgnmnt="0" Value="95"/>
</AssgnmntListEntry>
<AssgnmntListEntry Length="1" RootTermCovItemId="C20">
<MapEntry BoolAssgnmnt="0" Value="61"/>
<MapEntry BoolAssgnmnt="1" Value="15"/>
</AssgnmntListEntry>
<AssgnmntListEntry Length="1" RootTermCovItemId="C21">
<MapEntry BoolAssgnmnt="0" Value="14"/>
<MapEntry BoolAssgnmnt="1" Value="1"/>
</AssgnmntListEntry>
<AssgnmntListEntry Length="1" RootTermCovItemId="C22">
<MapEntry BoolAssgnmnt="1" Value="61"/>
</AssgnmntListEntry>
<AssgnmntListEntry Length="1" RootTermCovItemId="C23">
<MapEntry BoolAssgnmnt="0" Value="46"/>
<MapEntry BoolAssgnmnt="1" Value="15"/>
</AssgnmntListEntry>
<AssgnmntListEntry Length="1" RootTermCovItemId="C24">
<MapEntry BoolAssgnmnt="0" Value="14"/>
<MapEntry BoolAssgnmnt="1" Value="1"/>
</AssgnmntListEntry>
<AssgnmntListEntry Length="1" RootTermCovItemId="C25">
<MapEntry BoolAssgnmnt="1" Value="46"/>
</AssgnmntListEntry>
<AssgnmntListEntry Length="1" RootTermCovItemId="C26">
<MapEntry BoolAssgnmnt="0" Value="14"/>
<MapEntry BoolAssgnmnt="1" Value="32"/>
</AssgnmntListEntry>
<AssgnmntListEntry Length="1" RootTermCovItemId="C27">
<MapEntry BoolAssgnmnt="1" Value="123"/>
</AssgnmntListEntry>
<AssgnmntListEntry Length="1" RootTermCovItemId="C28">
<MapEntry BoolAssgnmnt="1" Value="123"/>
</AssgnmntListEntry>
<AssgnmntListEntry Length="1" RootTermCovItemId="C29">
<MapEntry BoolAssgnmnt="1" Value="123"/>
</AssgnmntListEntry>
<AssgnmntListEntry Length="1" RootTermCovItemId="C3">
<MapEntry BoolAssgnmnt="0" Value="87"/>
<MapEntry BoolAssgnmnt="1" Value="8"/>
</AssgnmntListEntry>
<AssgnmntListEntry Length="1" RootTermCovItemId="C30">
<MapEntry BoolAssgnmnt="1" Value="123"/>
</AssgnmntListEntry>
<AssgnmntListEntry Length="1" RootTermCovItemId="C31">
<MapEntry BoolAssgnmnt="0" Value="67"/>
<MapEntry BoolAssgnmnt="1" Value="408"/>
</AssgnmntListEntry>
<AssgnmntListEntry Length="2" RootTermCovItemId="C32">
<MapEntry BoolAssgnmnt="10" Value="123"/>
<MapEntry BoolAssgnmnt="02" Value="190"/>
<MapEntry BoolAssgnmnt="11" Value="95"/>
</AssgnmntListEntry>
<AssgnmntListEntry Length="1" RootTermCovItemId="C33">
<MapEntry BoolAssgnmnt="0" Value="56"/>
<MapEntry BoolAssgnmnt="1" Value="352"/>
</AssgnmntListEntry>
<AssgnmntListEntry Length="1" RootTermCovItemId="C4">
<MapEntry BoolAssgnmnt="0" Value="254"/>
<MapEntry BoolAssgnmnt="1" Value="5826"/>
</AssgnmntListEntry>
<AssgnmntListEntry Length="1" RootTermCovItemId="C49">
<MapEntry BoolAssgnmnt="0" Value="67"/>
</AssgnmntListEntry>
<AssgnmntListEntry Length="2" RootTermCovItemId="C5">
<MapEntry BoolAssgnmnt="10" Value="95"/>
<MapEntry BoolAssgnmnt="11" Value="159"/>
</AssgnmntListEntry>
<AssgnmntListEntry Length="1" RootTermCovItemId="C56">
<MapEntry BoolAssgnmnt="0" Value="95"/>
</AssgnmntListEntry>
<AssgnmntListEntry Length="1" RootTermCovItemId="C6">
<MapEntry BoolAssgnmnt="1" Value="95"/>
</AssgnmntListEntry>
<AssgnmntListEntry Length="6" RootTermCovItemId="C66">
<MapEntry BoolAssgnmnt="022222" Value="649"/>
<MapEntry BoolAssgnmnt="111111" Value="32"/>
</AssgnmntListEntry>
<AssgnmntListEntry Length="6" RootTermCovItemId="C67">
<MapEntry BoolAssgnmnt="022222" Value="649"/>
</AssgnmntListEntry>
<AssgnmntListEntry Length="6" RootTermCovItemId="C68">
<MapEntry BoolAssgnmnt="102222" Value="482"/>
<MapEntry BoolAssgnmnt="111111" Value="167"/>
</AssgnmntListEntry>
<AssgnmntListEntry Length="6" RootTermCovItemId="C69">
<MapEntry BoolAssgnmnt="102222" Value="478"/>
<MapEntry BoolAssgnmnt="111111" Value="4"/>
</AssgnmntListEntry>
<AssgnmntListEntry Length="1" RootTermCovItemId="C7">
<MapEntry BoolAssgnmnt="0" Value="32"/>
<MapEntry BoolAssgnmnt="1" Value="123"/>
</AssgnmntListEntry>
<AssgnmntListEntry Length="1" RootTermCovItemId="C70">
<MapEntry BoolAssgnmnt="0" Value="480"/>
<MapEntry BoolAssgnmnt="1" Value="11680"/>
</AssgnmntListEntry>
<AssgnmntListEntry Length="1" RootTermCovItemId="C71">
<MapEntry BoolAssgnmnt="0" Value="190"/>
<MapEntry BoolAssgnmnt="1" Value="290"/>
</AssgnmntListEntry>
<AssgnmntListEntry Length="1" RootTermCovItemId="C72">
<MapEntry BoolAssgnmnt="1" Value="290"/>
</AssgnmntListEntry>
<AssgnmntListEntry Length="1" RootTermCovItemId="C73">
<MapEntry BoolAssgnmnt="0" Value="290"/>
<MapEntry BoolAssgnmnt="1" Value="190"/>
</AssgnmntListEntry>
<AssgnmntListEntry Length="1" RootTermCovItemId="C74">
<MapEntry BoolAssgnmnt="1" Value="190"/>
</AssgnmntListEntry>
<AssgnmntListEntry Length="3" RootTermCovItemId="C75">
<MapEntry BoolAssgnmnt="012" Value="95"/>
<MapEntry BoolAssgnmnt="001" Value="95"/>
</AssgnmntListEntry>
<AssgnmntListEntry Length="3" RootTermCovItemId="C76">
<MapEntry BoolAssgnmnt="011" Value="95"/>
<MapEntry BoolAssgnmnt="002" Value="95"/>
</AssgnmntListEntry>
<AssgnmntListEntry Length="2" RootTermCovItemId="C77">
<MapEntry BoolAssgnmnt="10" Value="64"/>
<MapEntry BoolAssgnmnt="11" Value="126"/>
</AssgnmntListEntry>
<AssgnmntListEntry Length="2" RootTermCovItemId="C78">
<MapEntry BoolAssgnmnt="11" Value="126"/>
</AssgnmntListEntry>
<AssgnmntListEntry Length="2" RootTermCovItemId="C79">
<MapEntry BoolAssgnmnt="00" Value="126"/>
</AssgnmntListEntry>
<AssgnmntListEntry Length="2" RootTermCovItemId="C8">
<MapEntry BoolAssgnmnt="02" Value="123"/>
</AssgnmntListEntry>
<AssgnmntListEntry Length="1" RootTermCovItemId="C9">
<MapEntry BoolAssgnmnt="0" Value="56"/>
<MapEntry BoolAssgnmnt="1" Value="67"/>
</AssgnmntListEntry>
<AssgnmntListEntry Length="8" RootTermCovItemId="C90">
<MapEntry BoolAssgnmnt="02020202" Value="252"/>
</AssgnmntListEntry>
</AssgnmntPrefix>
<AssgnmntPrefix RootTermCovItemPrefix="com.OriginalFiles.Board.java">
<AssgnmntListEntry Length="1" RootTermCovItemId="C14">
<MapEntry BoolAssgnmnt="0" Value="95"/>
<MapEntry BoolAssgnmnt="1" Value="159"/>
</AssgnmntListEntry>
<AssgnmntListEntry Length="1" RootTermCovItemId="C15">
<MapEntry BoolAssgnmnt="0" Value="159"/>
<MapEntry BoolAssgnmnt="1" Value="96"/>
</AssgnmntListEntry>
<AssgnmntListEntry Length="1" RootTermCovItemId="C16">
<MapEntry BoolAssgnmnt="1" Value="96"/>
</AssgnmntListEntry>
<AssgnmntListEntry Length="4" RootTermCovItemId="C17">
<MapEntry BoolAssgnmnt="0222" Value="96"/>
</AssgnmntListEntry>
<AssgnmntListEntry Length="2" RootTermCovItemId="C18">
<MapEntry BoolAssgnmnt="02" Value="96"/>
</AssgnmntListEntry>
<AssgnmntListEntry Length="2" RootTermCovItemId="C19">
<MapEntry BoolAssgnmnt="02" Value="96"/>
</AssgnmntListEntry>
<AssgnmntListEntry Length="3" RootTermCovItemId="C20">
<MapEntry BoolAssgnmnt="022" Value="96"/>
</AssgnmntListEntry>
<AssgnmntListEntry Length="3" RootTermCovItemId="C21">
<MapEntry BoolAssgnmnt="022" Value="96"/>
</AssgnmntListEntry>
<AssgnmntListEntry Length="1" RootTermCovItemId="C22">
<MapEntry BoolAssgnmnt="0" Value="96"/>
</AssgnmntListEntry>
<AssgnmntListEntry Length="1" RootTermCovItemId="C23">
<MapEntry BoolAssgnmnt="1" Value="96"/>
</AssgnmntListEntry>
<AssgnmntListEntry Length="1" RootTermCovItemId="C24">
<MapEntry BoolAssgnmnt="0" Value="253"/>
<MapEntry BoolAssgnmnt="1" Value="60"/>
</AssgnmntListEntry>
<AssgnmntListEntry Length="1" RootTermCovItemId="C25">
<MapEntry BoolAssgnmnt="1" Value="60"/>
</AssgnmntListEntry>
<AssgnmntListEntry Length="1" RootTermCovItemId="C26">
<MapEntry BoolAssgnmnt="0" Value="67"/>
</AssgnmntListEntry>
<AssgnmntListEntry Length="1" RootTermCovItemId="C27">
<MapEntry BoolAssgnmnt="1" Value="67"/>
</AssgnmntListEntry>
<AssgnmntListEntry Length="2" RootTermCovItemId="C28">
<MapEntry BoolAssgnmnt="02" Value="67"/>
</AssgnmntListEntry>
<AssgnmntListEntry Length="1" RootTermCovItemId="C29">
<MapEntry BoolAssgnmnt="1" Value="67"/>
</AssgnmntListEntry>
<AssgnmntListEntry Length="1" RootTermCovItemId="C30">
<MapEntry BoolAssgnmnt="1" Value="521"/>
</AssgnmntListEntry>
<AssgnmntListEntry Length="1" RootTermCovItemId="C31">
<MapEntry BoolAssgnmnt="0" Value="264"/>
<MapEntry BoolAssgnmnt="1" Value="3930"/>
</AssgnmntListEntry>
<AssgnmntListEntry Length="1" RootTermCovItemId="C32">
<MapEntry BoolAssgnmnt="0" Value="972"/>
</AssgnmntListEntry>
<AssgnmntListEntry Length="1" RootTermCovItemId="C33">
<MapEntry BoolAssgnmnt="0" Value="968"/>
<MapEntry BoolAssgnmnt="1" Value="4"/>
</AssgnmntListEntry>
<AssgnmntListEntry Length="1" RootTermCovItemId="C34">
<MapEntry BoolAssgnmnt="0" Value="968"/>
<MapEntry BoolAssgnmnt="1" Value="4"/>
</AssgnmntListEntry>
<AssgnmntListEntry Length="1" RootTermCovItemId="C35">
<MapEntry BoolAssgnmnt="1" Value="972"/>
</AssgnmntListEntry>
<AssgnmntListEntry Length="1" RootTermCovItemId="C36">
<MapEntry BoolAssgnmnt="0" Value="836"/>
<MapEntry BoolAssgnmnt="1" Value="136"/>
</AssgnmntListEntry>
<AssgnmntListEntry Length="1" RootTermCovItemId="C37">
<MapEntry BoolAssgnmnt="0" Value="836"/>
<MapEntry BoolAssgnmnt="1" Value="136"/>
</AssgnmntListEntry>
<AssgnmntListEntry Length="5" RootTermCovItemId="C38">
<MapEntry BoolAssgnmnt="02002" Value="1176"/>
<MapEntry BoolAssgnmnt="10122" Value="768"/>
<MapEntry BoolAssgnmnt="11221" Value="768"/>
<MapEntry BoolAssgnmnt="02011" Value="1176"/>
</AssgnmntListEntry>
<AssgnmntListEntry Length="1" RootTermCovItemId="C39">
<MapEntry BoolAssgnmnt="0" Value="920"/>
<MapEntry BoolAssgnmnt="1" Value="2968"/>
</AssgnmntListEntry>
<AssgnmntListEntry Length="1" RootTermCovItemId="C40">
<MapEntry BoolAssgnmnt="0" Value="2968"/>
</AssgnmntListEntry>
<AssgnmntListEntry Length="2" RootTermCovItemId="C41">
<MapEntry BoolAssgnmnt="02" Value="2968"/>
</AssgnmntListEntry>
<AssgnmntListEntry Length="1" RootTermCovItemId="C42">
<MapEntry BoolAssgnmnt="0" Value="12288"/>
<MapEntry BoolAssgnmnt="1" Value="12288"/>
</AssgnmntListEntry>
<AssgnmntListEntry Length="1" RootTermCovItemId="C43">
<MapEntry BoolAssgnmnt="0" Value="11316"/>
<MapEntry BoolAssgnmnt="1" Value="972"/>
</AssgnmntListEntry>
<AssgnmntListEntry Length="1" RootTermCovItemId="C44">
<MapEntry BoolAssgnmnt="0" Value="588"/>
<MapEntry BoolAssgnmnt="1" Value="384"/>
</AssgnmntListEntry>
<AssgnmntListEntry Length="1" RootTermCovItemId="C46">
<MapEntry BoolAssgnmnt="0" Value="4"/>
<MapEntry BoolAssgnmnt="1" Value="32"/>
</AssgnmntListEntry>
<AssgnmntListEntry Length="1" RootTermCovItemId="C47">
<MapEntry BoolAssgnmnt="0" Value="16"/>
<MapEntry BoolAssgnmnt="1" Value="16"/>
</AssgnmntListEntry>
<AssgnmntListEntry Length="1" RootTermCovItemId="C48">
<MapEntry BoolAssgnmnt="0" Value="16"/>
<MapEntry BoolAssgnmnt="1" Value="128"/>
</AssgnmntListEntry>
<AssgnmntListEntry Length="1" RootTermCovItemId="C49">
<MapEntry BoolAssgnmnt="0" Value="64"/>
<MapEntry BoolAssgnmnt="1" Value="64"/>
</AssgnmntListEntry>
<AssgnmntListEntry Length="1" RootTermCovItemId="C50">
<MapEntry BoolAssgnmnt="0" Value="16"/>
<MapEntry BoolAssgnmnt="1" Value="128"/>
</AssgnmntListEntry>
<AssgnmntListEntry Length="1" RootTermCovItemId="C51">
<MapEntry BoolAssgnmnt="0" Value="64"/>
<MapEntry BoolAssgnmnt="1" Value="64"/>
</AssgnmntListEntry>
<AssgnmntListEntry Length="1" RootTermCovItemId="C52">
<MapEntry BoolAssgnmnt="0" Value="12"/>
<MapEntry BoolAssgnmnt="1" Value="116"/>
</AssgnmntListEntry>
<AssgnmntListEntry Length="1" RootTermCovItemId="C53">
<MapEntry BoolAssgnmnt="1" Value="5534"/>
</AssgnmntListEntry>
<AssgnmntListEntry Length="1" RootTermCovItemId="C54">
<MapEntry BoolAssgnmnt="0" Value="2329"/>
<MapEntry BoolAssgnmnt="1" Value="3205"/>
</AssgnmntListEntry>
<AssgnmntListEntry Length="3" RootTermCovItemId="C55">
<MapEntry BoolAssgnmnt="011" Value="317"/>
<MapEntry BoolAssgnmnt="010" Value="606"/>
<MapEntry BoolAssgnmnt="002" Value="1642"/>
<MapEntry BoolAssgnmnt="120" Value="24"/>
<MapEntry BoolAssgnmnt="121" Value="24"/>
</AssgnmntListEntry>
<AssgnmntListEntry Length="3" RootTermCovItemId="C56">
<MapEntry BoolAssgnmnt="011" Value="640"/>
<MapEntry BoolAssgnmnt="010" Value="958"/>
<MapEntry BoolAssgnmnt="002" Value="341"/>
<MapEntry BoolAssgnmnt="120" Value="20"/>
<MapEntry BoolAssgnmnt="121" Value="24"/>
</AssgnmntListEntry>
</AssgnmntPrefix>
<AssgnmntPrefix RootTermCovItemPrefix="com.OriginalFiles.Field.java">
<AssgnmntListEntry Length="1" RootTermCovItemId="C1">
<MapEntry BoolAssgnmnt="0" Value="159"/>
<MapEntry BoolAssgnmnt="1" Value="124"/>
</AssgnmntListEntry>
</AssgnmntPrefix>
<AssgnmntPrefix RootTermCovItemPrefix="com.OriginalFiles.Piece.java">
<AssgnmntListEntry Length="2" RootTermCovItemId="C1">
<MapEntry BoolAssgnmnt="10" Value="72"/>
<MapEntry BoolAssgnmnt="02" Value="8"/>
<MapEntry BoolAssgnmnt="11" Value="127"/>
</AssgnmntListEntry>
<AssgnmntListEntry Length="5" RootTermCovItemId="C17">
<MapEntry BoolAssgnmnt="00210" Value="28"/>
<MapEntry BoolAssgnmnt="01002" Value="44"/>
<MapEntry BoolAssgnmnt="12222" Value="127"/>
</AssgnmntListEntry>
<AssgnmntListEntry Length="5" RootTermCovItemId="C18">
<MapEntry BoolAssgnmnt="00210" Value="16"/>
<MapEntry BoolAssgnmnt="00211" Value="12"/>
<MapEntry BoolAssgnmnt="01002" Value="40"/>
<MapEntry BoolAssgnmnt="12222" Value="127"/>
<MapEntry BoolAssgnmnt="01122" Value="4"/>
</AssgnmntListEntry>
<AssgnmntListEntry Length="1" RootTermCovItemId="C19">
<MapEntry BoolAssgnmnt="1" Value="16"/>
</AssgnmntListEntry>
<AssgnmntListEntry Length="2" RootTermCovItemId="C2">
<MapEntry BoolAssgnmnt="02" Value="72"/>
<MapEntry BoolAssgnmnt="11" Value="55"/>
</AssgnmntListEntry>
<AssgnmntListEntry Length="1" RootTermCovItemId="C20">
<MapEntry BoolAssgnmnt="0" Value="72"/>
<MapEntry BoolAssgnmnt="1" Value="127"/>
</AssgnmntListEntry>
<AssgnmntListEntry Length="1" RootTermCovItemId="C3">
<MapEntry BoolAssgnmnt="0" Value="8"/>
<MapEntry BoolAssgnmnt="1" Value="199"/>
</AssgnmntListEntry>
<AssgnmntListEntry Length="1" RootTermCovItemId="C5">
<MapEntry BoolAssgnmnt="0" Value="120"/>
<MapEntry BoolAssgnmnt="1" Value="79"/>
</AssgnmntListEntry>
<AssgnmntListEntry Length="1" RootTermCovItemId="C6">
<MapEntry BoolAssgnmnt="0" Value="8"/>
<MapEntry BoolAssgnmnt="1" Value="199"/>
</AssgnmntListEntry>
<AssgnmntListEntry Length="1" RootTermCovItemId="C7">
<MapEntry BoolAssgnmnt="0" Value="72"/>
<MapEntry BoolAssgnmnt="1" Value="127"/>
</AssgnmntListEntry>
<AssgnmntListEntry Length="1" RootTermCovItemId="C8">
<MapEntry BoolAssgnmnt="1" Value="199"/>
</AssgnmntListEntry>
<AssgnmntListEntry Length="1" RootTermCovItemId="C9">
<MapEntry BoolAssgnmnt="0" Value="199"/>
</AssgnmntListEntry>
</AssgnmntPrefix>
<AssgnmntPrefix RootTermCovItemPrefix="com.OriginalFiles.RemoteNXTFunctions.java">
<AssgnmntListEntry Length="1" RootTermCovItemId="C10">
<MapEntry BoolAssgnmnt="0" Value="585"/>
<MapEntry BoolAssgnmnt="1" Value="64"/>
</AssgnmntListEntry>
<AssgnmntListEntry Length="2" RootTermCovItemId="C11">
<MapEntry BoolAssgnmnt="02" Value="32"/>
<MapEntry BoolAssgnmnt="11" Value="32"/>
</AssgnmntListEntry>
<AssgnmntListEntry Length="2" RootTermCovItemId="C12">
<MapEntry BoolAssgnmnt="11" Value="32"/>
</AssgnmntListEntry>
<AssgnmntListEntry Length="1" RootTermCovItemId="C14">
<MapEntry BoolAssgnmnt="0" Value="494"/>
<MapEntry BoolAssgnmnt="1" Value="155"/>
</AssgnmntListEntry>
<AssgnmntListEntry Length="2" RootTermCovItemId="C15">
<MapEntry BoolAssgnmnt="10" Value="31"/>
<MapEntry BoolAssgnmnt="02" Value="93"/>
<MapEntry BoolAssgnmnt="11" Value="31"/>
</AssgnmntListEntry>
<AssgnmntListEntry Length="2" RootTermCovItemId="C16">
<MapEntry BoolAssgnmnt="02" Value="93"/>
<MapEntry BoolAssgnmnt="11" Value="31"/>
</AssgnmntListEntry>
<AssgnmntListEntry Length="1" RootTermCovItemId="C17">
<MapEntry BoolAssgnmnt="0" Value="93"/>
</AssgnmntListEntry>
<AssgnmntListEntry Length="1" RootTermCovItemId="C18">
<MapEntry BoolAssgnmnt="0" Value="649"/>
</AssgnmntListEntry>
<AssgnmntListEntry Length="1" RootTermCovItemId="C22">
<MapEntry BoolAssgnmnt="0" Value="649"/>
</AssgnmntListEntry>
<AssgnmntListEntry Length="1" RootTermCovItemId="C27">
<MapEntry BoolAssgnmnt="0" Value="649"/>
</AssgnmntListEntry>
<AssgnmntListEntry Length="1" RootTermCovItemId="C30">
<MapEntry BoolAssgnmnt="0" Value="649"/>
</AssgnmntListEntry>
<AssgnmntListEntry Length="1" RootTermCovItemId="C33">
<MapEntry BoolAssgnmnt="0" Value="644"/>
<MapEntry BoolAssgnmnt="1" Value="5"/>
</AssgnmntListEntry>
<AssgnmntListEntry Length="2" RootTermCovItemId="C34">
<MapEntry BoolAssgnmnt="10" Value="2"/>
<MapEntry BoolAssgnmnt="02" Value="2"/>
<MapEntry BoolAssgnmnt="11" Value="1"/>
</AssgnmntListEntry>
<AssgnmntListEntry Length="2" RootTermCovItemId="C35">
<MapEntry BoolAssgnmnt="02" Value="3"/>
<MapEntry BoolAssgnmnt="11" Value="1"/>
</AssgnmntListEntry>
<AssgnmntListEntry Length="1" RootTermCovItemId="C36">
<MapEntry BoolAssgnmnt="0" Value="1"/>
<MapEntry BoolAssgnmnt="1" Value="2"/>
</AssgnmntListEntry>
<AssgnmntListEntry Length="1" RootTermCovItemId="C37">
<MapEntry BoolAssgnmnt="0" Value="640"/>
<MapEntry BoolAssgnmnt="1" Value="4"/>
</AssgnmntListEntry>
<AssgnmntListEntry Length="2" RootTermCovItemId="C38">
<MapEntry BoolAssgnmnt="10" Value="2"/>
<MapEntry BoolAssgnmnt="02" Value="1"/>
<MapEntry BoolAssgnmnt="11" Value="1"/>
</AssgnmntListEntry>
<AssgnmntListEntry Length="2" RootTermCovItemId="C39">
<MapEntry BoolAssgnmnt="02" Value="2"/>
<MapEntry BoolAssgnmnt="11" Value="1"/>
</AssgnmntListEntry>
<AssgnmntListEntry Length="1" RootTermCovItemId="C40">
<MapEntry BoolAssgnmnt="1" Value="2"/>
</AssgnmntListEntry>
<AssgnmntListEntry Length="1" RootTermCovItemId="C41">
<MapEntry BoolAssgnmnt="0" Value="633"/>
<MapEntry BoolAssgnmnt="1" Value="7"/>
</AssgnmntListEntry>
<AssgnmntListEntry Length="2" RootTermCovItemId="C42">
<MapEntry BoolAssgnmnt="10" Value="2"/>
<MapEntry BoolAssgnmnt="02" Value="4"/>
<MapEntry BoolAssgnmnt="11" Value="1"/>
</AssgnmntListEntry>
<AssgnmntListEntry Length="2" RootTermCovItemId="C43">
<MapEntry BoolAssgnmnt="10" Value="1"/>
<MapEntry BoolAssgnmnt="02" Value="4"/>
<MapEntry BoolAssgnmnt="11" Value="1"/>
</AssgnmntListEntry>
<AssgnmntListEntry Length="1" RootTermCovItemId="C44">
<MapEntry BoolAssgnmnt="0" Value="3"/>
<MapEntry BoolAssgnmnt="1" Value="2"/>
</AssgnmntListEntry>
<AssgnmntListEntry Length="1" RootTermCovItemId="C45">
<MapEntry BoolAssgnmnt="0" Value="627"/>
<MapEntry BoolAssgnmnt="1" Value="6"/>
</AssgnmntListEntry>
<AssgnmntListEntry Length="2" RootTermCovItemId="C46">
<MapEntry BoolAssgnmnt="10" Value="2"/>
<MapEntry BoolAssgnmnt="02" Value="3"/>
<MapEntry BoolAssgnmnt="11" Value="1"/>
</AssgnmntListEntry>
<AssgnmntListEntry Length="2" RootTermCovItemId="C47">
<MapEntry BoolAssgnmnt="10" Value="1"/>
<MapEntry BoolAssgnmnt="02" Value="3"/>
<MapEntry BoolAssgnmnt="11" Value="1"/>
</AssgnmntListEntry>
<AssgnmntListEntry Length="1" RootTermCovItemId="C48">
<MapEntry BoolAssgnmnt="0" Value="2"/>
<MapEntry BoolAssgnmnt="1" Value="2"/>
</AssgnmntListEntry>
<AssgnmntListEntry Length="1" RootTermCovItemId="C49">
<MapEntry BoolAssgnmnt="0" Value="518"/>
<MapEntry BoolAssgnmnt="1" Value="109"/>
</AssgnmntListEntry>
<AssgnmntListEntry Length="1" RootTermCovItemId="C5">
<MapEntry BoolAssgnmnt="0" Value="649"/>
<MapEntry BoolAssgnmnt="1" Value="32"/>
</AssgnmntListEntry>
<AssgnmntListEntry Length="2" RootTermCovItemId="C50">
<MapEntry BoolAssgnmnt="10" Value="24"/>
<MapEntry BoolAssgnmnt="02" Value="70"/>
<MapEntry BoolAssgnmnt="11" Value="15"/>
</AssgnmntListEntry>
<AssgnmntListEntry Length="2" RootTermCovItemId="C51">
<MapEntry BoolAssgnmnt="10" Value="10"/>
<MapEntry BoolAssgnmnt="02" Value="69"/>
<MapEntry BoolAssgnmnt="11" Value="15"/>
</AssgnmntListEntry>
<AssgnmntListEntry Length="2" RootTermCovItemId="C52">
<MapEntry BoolAssgnmnt="10" Value="9"/>
<MapEntry BoolAssgnmnt="02" Value="55"/>
<MapEntry BoolAssgnmnt="11" Value="15"/>
</AssgnmntListEntry>
<AssgnmntListEntry Length="1" RootTermCovItemId="C53">
<MapEntry BoolAssgnmnt="0" Value="55"/>
<MapEntry BoolAssgnmnt="1" Value="9"/>
</AssgnmntListEntry>
<AssgnmntListEntry Length="1" RootTermCovItemId="C54">
<MapEntry BoolAssgnmnt="0" Value="423"/>
<MapEntry BoolAssgnmnt="1" Value="95"/>
</AssgnmntListEntry>
<AssgnmntListEntry Length="2" RootTermCovItemId="C55">
<MapEntry BoolAssgnmnt="10" Value="24"/>
<MapEntry BoolAssgnmnt="02" Value="56"/>
<MapEntry BoolAssgnmnt="11" Value="15"/>
</AssgnmntListEntry>
<AssgnmntListEntry Length="2" RootTermCovItemId="C56">
<MapEntry BoolAssgnmnt="10" Value="10"/>
<MapEntry BoolAssgnmnt="02" Value="55"/>
<MapEntry BoolAssgnmnt="11" Value="15"/>
</AssgnmntListEntry>
<AssgnmntListEntry Length="2" RootTermCovItemId="C57">
<MapEntry BoolAssgnmnt="10" Value="9"/>
<MapEntry BoolAssgnmnt="02" Value="41"/>
<MapEntry BoolAssgnmnt="11" Value="15"/>
</AssgnmntListEntry>
<AssgnmntListEntry Length="1" RootTermCovItemId="C58">
<MapEntry BoolAssgnmnt="0" Value="41"/>
<MapEntry BoolAssgnmnt="1" Value="9"/>
</AssgnmntListEntry>
<AssgnmntListEntry Length="1" RootTermCovItemId="C59">
<MapEntry BoolAssgnmnt="0" Value="314"/>
<MapEntry BoolAssgnmnt="1" Value="109"/>
</AssgnmntListEntry>
<AssgnmntListEntry Length="2" RootTermCovItemId="C6">
<MapEntry BoolAssgnmnt="11" Value="32"/>
</AssgnmntListEntry>
<AssgnmntListEntry Length="2" RootTermCovItemId="C60">
<MapEntry BoolAssgnmnt="10" Value="24"/>
<MapEntry BoolAssgnmnt="02" Value="70"/>
<MapEntry BoolAssgnmnt="11" Value="15"/>
</AssgnmntListEntry>
<AssgnmntListEntry Length="2" RootTermCovItemId="C61">
<MapEntry BoolAssgnmnt="10" Value="10"/>
<MapEntry BoolAssgnmnt="02" Value="69"/>
<MapEntry BoolAssgnmnt="11" Value="15"/>
</AssgnmntListEntry>
<AssgnmntListEntry Length="2" RootTermCovItemId="C62">
<MapEntry BoolAssgnmnt="10" Value="9"/>
<MapEntry BoolAssgnmnt="02" Value="55"/>
<MapEntry BoolAssgnmnt="11" Value="15"/>
</AssgnmntListEntry>
<AssgnmntListEntry Length="1" RootTermCovItemId="C63">
<MapEntry BoolAssgnmnt="0" Value="55"/>
<MapEntry BoolAssgnmnt="1" Value="9"/>
</AssgnmntListEntry>
<AssgnmntListEntry Length="1" RootTermCovItemId="C64">
<MapEntry BoolAssgnmnt="0" Value="219"/>
<MapEntry BoolAssgnmnt="1" Value="95"/>
</AssgnmntListEntry>
<AssgnmntListEntry Length="2" RootTermCovItemId="C65">
<MapEntry BoolAssgnmnt="10" Value="24"/>
<MapEntry BoolAssgnmnt="02" Value="56"/>
<MapEntry BoolAssgnmnt="11" Value="15"/>
</AssgnmntListEntry>
<AssgnmntListEntry Length="2" RootTermCovItemId="C66">
<MapEntry BoolAssgnmnt="10" Value="10"/>
<MapEntry BoolAssgnmnt="02" Value="55"/>
<MapEntry BoolAssgnmnt="11" Value="15"/>
</AssgnmntListEntry>
<AssgnmntListEntry Length="2" RootTermCovItemId="C67">
<MapEntry BoolAssgnmnt="10" Value="9"/>
<MapEntry BoolAssgnmnt="02" Value="41"/>
<MapEntry BoolAssgnmnt="11" Value="15"/>
</AssgnmntListEntry>
<AssgnmntListEntry Length="1" RootTermCovItemId="C68">
<MapEntry BoolAssgnmnt="0" Value="41"/>
<MapEntry BoolAssgnmnt="1" Value="9"/>
</AssgnmntListEntry>
<AssgnmntListEntry Length="1" RootTermCovItemId="C69">
<MapEntry BoolAssgnmnt="0" Value="219"/>
</AssgnmntListEntry>
<AssgnmntListEntry Length="1" RootTermCovItemId="C73">
<MapEntry BoolAssgnmnt="0" Value="219"/>
</AssgnmntListEntry>
</AssgnmntPrefix>
</AssgnmntList>
<ObjMetaDataList/>
<MetaDataList/>
</TestCase>
<TestCase Comment="" Date="1386064416964" Name="com.Testing.AnalyzeTest:testCountDownToPanic">
<CovList>
<CovPrefix CovItemPrefix="com.OriginalFiles.Analyze.java">
<Cov CovItemId="B1" Value="18"/>
<Cov CovItemId="B10" Value="18"/>
<Cov CovItemId="B107" Value="33"/>
<Cov CovItemId="B108" Value="75"/>
<Cov CovItemId="B109" Value="8"/>
<Cov CovItemId="B11" Value="18"/>
<Cov CovItemId="B110" Value="67"/>
<Cov CovItemId="B111" Value="11"/>
<Cov CovItemId="B112" Value="56"/>
<Cov CovItemId="B114" Value="56"/>
<Cov CovItemId="B115" Value="36"/>
<Cov CovItemId="B120" Value="72"/>
<Cov CovItemId="B121" Value="2232"/>
<Cov CovItemId="B122" Value="36"/>
<Cov CovItemId="B123" Value="36"/>
<Cov CovItemId="B124" Value="36"/>
<Cov CovItemId="B126" Value="36"/>
<Cov CovItemId="B127" Value="36"/>
<Cov CovItemId="B128" Value="36"/>
<Cov CovItemId="B13" Value="11"/>
<Cov CovItemId="B131" Value="36"/>
<Cov CovItemId="B133" Value="36"/>
<Cov CovItemId="B134" Value="36"/>
<Cov CovItemId="B136" Value="22"/>
<Cov CovItemId="B137" Value="14"/>
<Cov CovItemId="B139" Value="22"/>
<Cov CovItemId="B14" Value="7"/>
<Cov CovItemId="B157" Value="44"/>
<Cov CovItemId="B16" Value="11"/>
<Cov CovItemId="B17" Value="11"/>
<Cov CovItemId="B19" Value="7"/>
<Cov CovItemId="B20" Value="11"/>
<Cov CovItemId="B21" Value="3"/>
<Cov CovItemId="B22" Value="4"/>
<Cov CovItemId="B23" Value="3"/>
<Cov CovItemId="B24" Value="1"/>
<Cov CovItemId="B26" Value="11"/>
<Cov CovItemId="B3" Value="18"/>
<Cov CovItemId="B31" Value="11"/>
<Cov CovItemId="B33" Value="11"/>
<Cov CovItemId="B35" Value="6"/>
<Cov CovItemId="B36" Value="5"/>
<Cov CovItemId="B37" Value="6"/>
<Cov CovItemId="B40" Value="5"/>
<Cov CovItemId="B43" Value="5"/>
<Cov CovItemId="B46" Value="5"/>
<Cov CovItemId="B49" Value="5"/>
<Cov CovItemId="B5" Value="1"/>
<Cov CovItemId="B51" Value="5"/>
<Cov CovItemId="B53" Value="11"/>
<Cov CovItemId="B55" Value="11"/>
<Cov CovItemId="B57" Value="11"/>
<Cov CovItemId="B59" Value="11"/>
<Cov CovItemId="B6" Value="17"/>
<Cov CovItemId="B61" Value="33"/>
<Cov CovItemId="B62" Value="11"/>
<Cov CovItemId="B64" Value="44"/>
<Cov CovItemId="B7" Value="36"/>
<Cov CovItemId="B8" Value="1116"/>
<Cov CovItemId="B84" Value="11"/>
<Cov CovItemId="B9" Value="18"/>
<Cov CovItemId="B96" Value="18"/>
<Cov CovItemId="L1-2" Value="18"/>
<Cov CovItemId="L16-2" Value="36"/>
<Cov CovItemId="L17-2" Value="288"/>
<Cov CovItemId="L2-2" Value="144"/>
<Cov CovItemId="L3-1" Value="18"/>
<Cov CovItemId="L4-2" Value="11"/>
<Cov CovItemId="S10" Value="18"/>
<Cov CovItemId="S11" Value="18"/>
<Cov CovItemId="S12" Value="18"/>
<Cov CovItemId="S13" Value="18"/>
<Cov CovItemId="S14" Value="18"/>
<Cov CovItemId="S149" Value="11"/>
<Cov CovItemId="S15" Value="18"/>
<Cov CovItemId="S168" Value="18"/>
<Cov CovItemId="S17" Value="18"/>
<Cov CovItemId="S18" Value="18"/>
<Cov CovItemId="S19" Value="1"/>
<Cov CovItemId="S199" Value="108"/>
<Cov CovItemId="S20" Value="1"/>
<Cov CovItemId="S200" Value="108"/>
<Cov CovItemId="S201" Value="108"/>
<Cov CovItemId="S202" Value="108"/>
<Cov CovItemId="S203" Value="108"/>
<Cov CovItemId="S204" Value="33"/>
<Cov CovItemId="S205" Value="75"/>
<Cov CovItemId="S206" Value="8"/>
<Cov CovItemId="S207" Value="67"/>
<Cov CovItemId="S208" Value="11"/>
<Cov CovItemId="S209" Value="56"/>
<Cov CovItemId="S21" Value="18"/>
<Cov CovItemId="S211" Value="56"/>
<Cov CovItemId="S212" Value="36"/>
<Cov CovItemId="S213" Value="36"/>
<Cov CovItemId="S22" Value="18"/>
<Cov CovItemId="S221" Value="36"/>
<Cov CovItemId="S222" Value="36"/>
<Cov CovItemId="S223" Value="36"/>
<Cov CovItemId="S224" Value="36"/>
<Cov CovItemId="S225" Value="36"/>
<Cov CovItemId="S226" Value="36"/>
<Cov CovItemId="S227" Value="288"/>
<Cov CovItemId="S228" Value="2304"/>
<Cov CovItemId="S229" Value="72"/>
<Cov CovItemId="S23" Value="144"/>
<Cov CovItemId="S230" Value="36"/>
<Cov CovItemId="S231" Value="36"/>
<Cov CovItemId="S232" Value="36"/>
<Cov CovItemId="S233" Value="72"/>
<Cov CovItemId="S234" Value="36"/>
<Cov CovItemId="S235" Value="36"/>
<Cov CovItemId="S236" Value="36"/>
<Cov CovItemId="S237" Value="36"/>
<Cov CovItemId="S239" Value="36"/>
<Cov CovItemId="S24" Value="1152"/>
<Cov CovItemId="S241" Value="36"/>
<Cov CovItemId="S242" Value="36"/>
<Cov CovItemId="S243" Value="22"/>
<Cov CovItemId="S244" Value="22"/>
<Cov CovItemId="S245" Value="22"/>
<Cov CovItemId="S25" Value="36"/>
<Cov CovItemId="S250" Value="36"/>
<Cov CovItemId="S26" Value="18"/>
<Cov CovItemId="S267" Value="44"/>
<Cov CovItemId="S269" Value="44"/>
<Cov CovItemId="S27" Value="18"/>
<Cov CovItemId="S28" Value="18"/>
<Cov CovItemId="S29" Value="18"/>
<Cov CovItemId="S30" Value="18"/>
<Cov CovItemId="S31" Value="18"/>
<Cov CovItemId="S32" Value="18"/>
<Cov CovItemId="S33" Value="18"/>
<Cov CovItemId="S34" Value="18"/>
<Cov CovItemId="S35" Value="11"/>
<Cov CovItemId="S37" Value="11"/>
<Cov CovItemId="S38" Value="11"/>
<Cov CovItemId="S39" Value="7"/>
<Cov CovItemId="S40" Value="18"/>
<Cov CovItemId="S41" Value="7"/>
<Cov CovItemId="S42" Value="3"/>
<Cov CovItemId="S43" Value="3"/>
<Cov CovItemId="S44" Value="3"/>
<Cov CovItemId="S45" Value="4"/>
<Cov CovItemId="S46" Value="3"/>
<Cov CovItemId="S47" Value="3"/>
<Cov CovItemId="S48" Value="3"/>
<Cov CovItemId="S49" Value="3"/>
<Cov CovItemId="S50" Value="1"/>
<Cov CovItemId="S51" Value="11"/>
<Cov CovItemId="S52" Value="11"/>
<Cov CovItemId="S57" Value="11"/>
<Cov CovItemId="S58" Value="11"/>
<Cov CovItemId="S59" Value="11"/>
<Cov CovItemId="S6" Value="18"/>
<Cov CovItemId="S60" Value="11"/>
<Cov CovItemId="S61" Value="11"/>
<Cov CovItemId="S62" Value="6"/>
<Cov CovItemId="S63" Value="6"/>
<Cov CovItemId="S64" Value="6"/>
<Cov CovItemId="S66" Value="5"/>
<Cov CovItemId="S7" Value="18"/>
<Cov CovItemId="S71" Value="5"/>
<Cov CovItemId="S72" Value="5"/>
<Cov CovItemId="S77" Value="5"/>
<Cov CovItemId="S78" Value="5"/>
<Cov CovItemId="S79" Value="5"/>
<Cov CovItemId="S8" Value="18"/>
<Cov CovItemId="S80" Value="5"/>
<Cov CovItemId="S83" Value="11"/>
<Cov CovItemId="S84" Value="11"/>
<Cov CovItemId="S85" Value="11"/>
<Cov CovItemId="S86" Value="11"/>
<Cov CovItemId="S87" Value="11"/>
<Cov CovItemId="S88" Value="11"/>
<Cov CovItemId="S89" Value="11"/>
<Cov CovItemId="S9" Value="18"/>
<Cov CovItemId="S90" Value="11"/>
<Cov CovItemId="S91" Value="11"/>
<Cov CovItemId="S92" Value="11"/>
<Cov CovItemId="S93" Value="11"/>
<Cov CovItemId="S94" Value="44"/>
<Cov CovItemId="S95" Value="33"/>
<Cov CovItemId="S96" Value="44"/>
<Cov CovItemId="S98" Value="11"/>
</CovPrefix>
<CovPrefix CovItemPrefix="com.OriginalFiles.Board.java">
<Cov CovItemId="B28" Value="33"/>
<Cov CovItemId="B31" Value="11"/>
<Cov CovItemId="B33" Value="11"/>
<Cov CovItemId="B36" Value="11"/>
<Cov CovItemId="B37" Value="11"/>
<Cov CovItemId="B39" Value="44"/>
<Cov CovItemId="B41" Value="494"/>
<Cov CovItemId="B44" Value="146"/>
<Cov CovItemId="B45" Value="146"/>
<Cov CovItemId="B47" Value="146"/>
<Cov CovItemId="B49" Value="88"/>
<Cov CovItemId="B50" Value="58"/>
<Cov CovItemId="B51" Value="88"/>
<Cov CovItemId="B53" Value="88"/>
<Cov CovItemId="B55" Value="116"/>
<Cov CovItemId="B56" Value="468"/>
<Cov CovItemId="B57" Value="424"/>
<Cov CovItemId="B58" Value="44"/>
<Cov CovItemId="B59" Value="424"/>
<Cov CovItemId="B62" Value="424"/>
<Cov CovItemId="B63" Value="2336"/>
<Cov CovItemId="B64" Value="2336"/>
<Cov CovItemId="B65" Value="146"/>
<Cov CovItemId="B66" Value="2190"/>
<Cov CovItemId="B67" Value="73"/>
<Cov CovItemId="B68" Value="73"/>
<Cov CovItemId="B71" Value="4"/>
<Cov CovItemId="B72" Value="4"/>
<Cov CovItemId="B73" Value="16"/>
<Cov CovItemId="B74" Value="16"/>
<Cov CovItemId="B75" Value="16"/>
<Cov CovItemId="B76" Value="16"/>
<Cov CovItemId="B77" Value="30"/>
<Cov CovItemId="B78" Value="2"/>
<Cov CovItemId="B79" Value="794"/>
<Cov CovItemId="B81" Value="337"/>
<Cov CovItemId="B82" Value="457"/>
<Cov CovItemId="B83" Value="141"/>
<Cov CovItemId="B84" Value="320"/>
<Cov CovItemId="B85" Value="97"/>
<Cov CovItemId="B86" Value="223"/>
<Cov CovItemId="L10-2" Value="1168"/>
<Cov CovItemId="L11-1" Value="18"/>
<Cov CovItemId="L12-0" Value="18"/>
<Cov CovItemId="L13-2" Value="73"/>
<Cov CovItemId="L14-2" Value="584"/>
<Cov CovItemId="L15-2" Value="1"/>
<Cov CovItemId="L16-2" Value="4"/>
<Cov CovItemId="L17-2" Value="4"/>
<Cov CovItemId="L9-2" Value="146"/>
<Cov CovItemId="S100" Value="11"/>
<Cov CovItemId="S102" Value="11"/>
<Cov CovItemId="S104" Value="11"/>
<Cov CovItemId="S105" Value="11"/>
<Cov CovItemId="S106" Value="11"/>
<Cov CovItemId="S107" Value="11"/>
<Cov CovItemId="S108" Value="11"/>
<Cov CovItemId="S109" Value="11"/>
<Cov CovItemId="S110" Value="26"/>
<Cov CovItemId="S111" Value="44"/>
<Cov CovItemId="S112" Value="44"/>
<Cov CovItemId="S113" Value="44"/>
<Cov CovItemId="S115" Value="494"/>
<Cov CovItemId="S116" Value="494"/>
<Cov CovItemId="S118" Value="146"/>
<Cov CovItemId="S119" Value="146"/>
<Cov CovItemId="S121" Value="146"/>
<Cov CovItemId="S122" Value="146"/>
<Cov CovItemId="S123" Value="146"/>
<Cov CovItemId="S124" Value="146"/>
<Cov CovItemId="S125" Value="146"/>
<Cov CovItemId="S126" Value="146"/>
<Cov CovItemId="S127" Value="146"/>
<Cov CovItemId="S128" Value="146"/>
<Cov CovItemId="S129" Value="88"/>
<Cov CovItemId="S130" Value="88"/>
<Cov CovItemId="S131" Value="88"/>
<Cov CovItemId="S132" Value="88"/>
<Cov CovItemId="S133" Value="146"/>
<Cov CovItemId="S134" Value="146"/>
<Cov CovItemId="S135" Value="584"/>
<Cov CovItemId="S136" Value="116"/>
<Cov CovItemId="S137" Value="468"/>
<Cov CovItemId="S138" Value="424"/>
<Cov CovItemId="S139" Value="424"/>
<Cov CovItemId="S141" Value="468"/>
<Cov CovItemId="S142" Value="584"/>
<Cov CovItemId="S143" Value="73"/>
<Cov CovItemId="S144" Value="73"/>
<Cov CovItemId="S145" Value="584"/>
<Cov CovItemId="S146" Value="4672"/>
<Cov CovItemId="S147" Value="2336"/>
<Cov CovItemId="S148" Value="146"/>
<Cov CovItemId="S149" Value="73"/>
<Cov CovItemId="S150" Value="73"/>
<Cov CovItemId="S151" Value="73"/>
<Cov CovItemId="S157" Value="1"/>
<Cov CovItemId="S158" Value="1"/>
<Cov CovItemId="S159" Value="8"/>
<Cov CovItemId="S160" Value="4"/>
<Cov CovItemId="S161" Value="32"/>
<Cov CovItemId="S162" Value="16"/>
<Cov CovItemId="S163" Value="4"/>
<Cov CovItemId="S164" Value="4"/>
<Cov CovItemId="S165" Value="32"/>
<Cov CovItemId="S166" Value="16"/>
<Cov CovItemId="S167" Value="4"/>
<Cov CovItemId="S168" Value="1"/>
<Cov CovItemId="S169" Value="32"/>
<Cov CovItemId="S170" Value="32"/>
<Cov CovItemId="S171" Value="30"/>
<Cov CovItemId="S172" Value="2"/>
<Cov CovItemId="S173" Value="2"/>
<Cov CovItemId="S174" Value="2"/>
<Cov CovItemId="S175" Value="2"/>
<Cov CovItemId="S176" Value="794"/>
<Cov CovItemId="S177" Value="794"/>
<Cov CovItemId="S178" Value="337"/>
<Cov CovItemId="S179" Value="457"/>
<Cov CovItemId="S180" Value="461"/>
<Cov CovItemId="S181" Value="141"/>
<Cov CovItemId="S182" Value="320"/>
<Cov CovItemId="S183" Value="97"/>
<Cov CovItemId="S184" Value="223"/>
<Cov CovItemId="S185" Value="1972"/>
<Cov CovItemId="S61" Value="146"/>
<Cov CovItemId="S62" Value="1168"/>
<Cov CovItemId="S63" Value="9344"/>
<Cov CovItemId="S64" Value="18"/>
<Cov CovItemId="S65" Value="18"/>
<Cov CovItemId="S66" Value="18"/>
<Cov CovItemId="S67" Value="18"/>
<Cov CovItemId="S68" Value="18"/>
<Cov CovItemId="S76" Value="18"/>
<Cov CovItemId="S77" Value="18"/>
<Cov CovItemId="S94" Value="33"/>
<Cov CovItemId="S97" Value="33"/>
<Cov CovItemId="S98" Value="11"/>
<Cov CovItemId="S99" Value="11"/>
</CovPrefix>
<CovPrefix CovItemPrefix="com.OriginalFiles.Field.java">
<Cov CovItemId="B1" Value="49"/>
<Cov CovItemId="B2" Value="38"/>
<Cov CovItemId="S1" Value="88"/>
<Cov CovItemId="S13" Value="203"/>
<Cov CovItemId="S2" Value="88"/>
<Cov CovItemId="S5" Value="87"/>
<Cov CovItemId="S6" Value="87"/>
<Cov CovItemId="S7" Value="49"/>
<Cov CovItemId="S8" Value="3692"/>
<Cov CovItemId="S9" Value="4842"/>
</CovPrefix>
<CovPrefix CovItemPrefix="com.OriginalFiles.Piece.java">
<Cov CovItemId="B1" Value="13"/>
<Cov CovItemId="B10" Value="23"/>
<Cov CovItemId="B11" Value="45"/>
<Cov CovItemId="B12" Value="8"/>
<Cov CovItemId="B13" Value="13"/>
<Cov CovItemId="B14" Value="32"/>
<Cov CovItemId="B15" Value="45"/>
<Cov CovItemId="B18" Value="45"/>
<Cov CovItemId="B2" Value="40"/>
<Cov CovItemId="B3" Value="10"/>
<Cov CovItemId="B34" Value="45"/>
<Cov CovItemId="B35" Value="8"/>
<Cov CovItemId="B36" Value="37"/>
<Cov CovItemId="B37" Value="8"/>
<Cov CovItemId="B39" Value="13"/>
<Cov CovItemId="B4" Value="3"/>
<Cov CovItemId="B40" Value="32"/>
<Cov CovItemId="B5" Value="45"/>
<Cov CovItemId="B6" Value="8"/>
<Cov CovItemId="B9" Value="22"/>
<Cov CovItemId="S1" Value="38"/>
<Cov CovItemId="S10" Value="38"/>
<Cov CovItemId="S11" Value="38"/>
<Cov CovItemId="S12" Value="38"/>
<Cov CovItemId="S13" Value="38"/>
<Cov CovItemId="S14" Value="38"/>
<Cov CovItemId="S15" Value="38"/>
<Cov CovItemId="S16" Value="38"/>
<Cov CovItemId="S17" Value="38"/>
<Cov CovItemId="S18" Value="38"/>
<Cov CovItemId="S19" Value="38"/>
<Cov CovItemId="S2" Value="38"/>
<Cov CovItemId="S20" Value="38"/>
<Cov CovItemId="S21" Value="38"/>
<Cov CovItemId="S23" Value="176"/>
<Cov CovItemId="S24" Value="53"/>
<Cov CovItemId="S25" Value="53"/>
<Cov CovItemId="S26" Value="53"/>
<Cov CovItemId="S27" Value="13"/>
<Cov CovItemId="S28" Value="10"/>
<Cov CovItemId="S29" Value="13"/>
<Cov CovItemId="S3" Value="38"/>
<Cov CovItemId="S30" Value="40"/>
<Cov CovItemId="S31" Value="53"/>
<Cov CovItemId="S32" Value="53"/>
<Cov CovItemId="S33" Value="45"/>
<Cov CovItemId="S34" Value="8"/>
<Cov CovItemId="S35" Value="8"/>
<Cov CovItemId="S39" Value="45"/>
<Cov CovItemId="S4" Value="38"/>
<Cov CovItemId="S40" Value="22"/>
<Cov CovItemId="S41" Value="23"/>
<Cov CovItemId="S42" Value="53"/>
<Cov CovItemId="S43" Value="53"/>
<Cov CovItemId="S44" Value="45"/>
<Cov CovItemId="S45" Value="45"/>
<Cov CovItemId="S46" Value="45"/>
<Cov CovItemId="S47" Value="13"/>
<Cov CovItemId="S48" Value="45"/>
<Cov CovItemId="S49" Value="45"/>
<Cov CovItemId="S5" Value="38"/>
<Cov CovItemId="S50" Value="45"/>
<Cov CovItemId="S6" Value="38"/>
<Cov CovItemId="S65" Value="45"/>
<Cov CovItemId="S67" Value="45"/>
<Cov CovItemId="S68" Value="8"/>
<Cov CovItemId="S69" Value="8"/>
<Cov CovItemId="S7" Value="38"/>
<Cov CovItemId="S70" Value="8"/>
<Cov CovItemId="S71" Value="45"/>
<Cov CovItemId="S72" Value="13"/>
<Cov CovItemId="S73" Value="45"/>
<Cov CovItemId="S8" Value="38"/>
<Cov CovItemId="S9" Value="38"/>
</CovPrefix>
<CovPrefix CovItemPrefix="com.OriginalFiles.RemoteNXTFunctions.java">
<Cov CovItemId="B104" Value="37"/>
<Cov CovItemId="B114" Value="37"/>
<Cov CovItemId="B124" Value="37"/>
<Cov CovItemId="B134" Value="37"/>
<Cov CovItemId="B142" Value="37"/>
<Cov CovItemId="B15" Value="12"/>
<Cov CovItemId="B16" Value="64"/>
<Cov CovItemId="B17" Value="6"/>
<Cov CovItemId="B18" Value="6"/>
<Cov CovItemId="B19" Value="6"/>
<Cov CovItemId="B23" Value="25"/>
<Cov CovItemId="B24" Value="51"/>
<Cov CovItemId="B25" Value="5"/>
<Cov CovItemId="B26" Value="20"/>
<Cov CovItemId="B27" Value="5"/>
<Cov CovItemId="B28" Value="15"/>
<Cov CovItemId="B30" Value="15"/>
<Cov CovItemId="B32" Value="76"/>
<Cov CovItemId="B40" Value="76"/>
<Cov CovItemId="B49" Value="39"/>
<Cov CovItemId="B5" Value="32"/>
<Cov CovItemId="B50" Value="37"/>
<Cov CovItemId="B51" Value="1"/>
<Cov CovItemId="B52" Value="38"/>
<Cov CovItemId="B53" Value="9"/>
<Cov CovItemId="B54" Value="29"/>
<Cov CovItemId="B56" Value="37"/>
<Cov CovItemId="B6" Value="76"/>
<Cov CovItemId="B62" Value="37"/>
<Cov CovItemId="B7" Value="32"/>
<Cov CovItemId="B70" Value="37"/>
<Cov CovItemId="B78" Value="37"/>
<Cov CovItemId="B86" Value="37"/>
<Cov CovItemId="B94" Value="37"/>
<Cov CovItemId="S100" Value="37"/>
<Cov CovItemId="S108" Value="37"/>
<Cov CovItemId="S118" Value="37"/>
<Cov CovItemId="S128" Value="37"/>
<Cov CovItemId="S138" Value="37"/>
<Cov CovItemId="S148" Value="37"/>
<Cov CovItemId="S156" Value="37"/>
<Cov CovItemId="S162" Value="108"/>
<Cov CovItemId="S19" Value="108"/>
<Cov CovItemId="S20" Value="108"/>
<Cov CovItemId="S21" Value="32"/>
<Cov CovItemId="S22" Value="32"/>
<Cov CovItemId="S30" Value="76"/>
<Cov CovItemId="S31" Value="12"/>
<Cov CovItemId="S32" Value="6"/>
<Cov CovItemId="S33" Value="6"/>
<Cov CovItemId="S34" Value="6"/>
<Cov CovItemId="S38" Value="76"/>
<Cov CovItemId="S39" Value="25"/>
<Cov CovItemId="S4" Value="4"/>
<Cov CovItemId="S40" Value="5"/>
<Cov CovItemId="S41" Value="20"/>
<Cov CovItemId="S42" Value="5"/>
<Cov CovItemId="S43" Value="15"/>
<Cov CovItemId="S45" Value="15"/>
<Cov CovItemId="S46" Value="76"/>
<Cov CovItemId="S54" Value="76"/>
<Cov CovItemId="S64" Value="76"/>
<Cov CovItemId="S65" Value="39"/>
<Cov CovItemId="S66" Value="1"/>
<Cov CovItemId="S67" Value="38"/>
<Cov CovItemId="S68" Value="9"/>
<Cov CovItemId="S69" Value="29"/>
<Cov CovItemId="S70" Value="37"/>
<Cov CovItemId="S76" Value="37"/>
<Cov CovItemId="S84" Value="37"/>
<Cov CovItemId="S92" Value="37"/>
</CovPrefix>
</CovList>
<AssgnmntList>
<AssgnmntPrefix RootTermCovItemPrefix="com.OriginalFiles.Analyze.java">
<AssgnmntListEntry Length="1" RootTermCovItemId="C1">
<MapEntry BoolAssgnmnt="0" Value="18"/>
</AssgnmntListEntry>
<AssgnmntListEntry Length="1" RootTermCovItemId="C10">
<MapEntry BoolAssgnmnt="0" Value="7"/>
<MapEntry BoolAssgnmnt="1" Value="11"/>
</AssgnmntListEntry>
<AssgnmntListEntry Length="1" RootTermCovItemId="C11">
<MapEntry BoolAssgnmnt="0" Value="4"/>
<MapEntry BoolAssgnmnt="1" Value="3"/>
</AssgnmntListEntry>
<AssgnmntListEntry Length="1" RootTermCovItemId="C12">
<MapEntry BoolAssgnmnt="0" Value="1"/>
<MapEntry BoolAssgnmnt="1" Value="3"/>
</AssgnmntListEntry>
<AssgnmntListEntry Length="1" RootTermCovItemId="C13">
<MapEntry BoolAssgnmnt="0" Value="11"/>
</AssgnmntListEntry>
<AssgnmntListEntry Length="1" RootTermCovItemId="C16">
<MapEntry BoolAssgnmnt="1" Value="11"/>
</AssgnmntListEntry>
<AssgnmntListEntry Length="1" RootTermCovItemId="C17">
<MapEntry BoolAssgnmnt="1" Value="11"/>
</AssgnmntListEntry>
<AssgnmntListEntry Length="1" RootTermCovItemId="C18">
<MapEntry BoolAssgnmnt="0" Value="5"/>
<MapEntry BoolAssgnmnt="1" Value="6"/>
</AssgnmntListEntry>
<AssgnmntListEntry Length="1" RootTermCovItemId="C19">
<MapEntry BoolAssgnmnt="1" Value="6"/>
</AssgnmntListEntry>
<AssgnmntListEntry Length="1" RootTermCovItemId="C2">
<MapEntry BoolAssgnmnt="0" Value="18"/>
</AssgnmntListEntry>
<AssgnmntListEntry Length="1" RootTermCovItemId="C20">
<MapEntry BoolAssgnmnt="0" Value="5"/>
</AssgnmntListEntry>
<AssgnmntListEntry Length="1" RootTermCovItemId="C22">
<MapEntry BoolAssgnmnt="1" Value="5"/>
</AssgnmntListEntry>
<AssgnmntListEntry Length="1" RootTermCovItemId="C23">
<MapEntry BoolAssgnmnt="0" Value="5"/>
</AssgnmntListEntry>
<AssgnmntListEntry Length="1" RootTermCovItemId="C25">
<MapEntry BoolAssgnmnt="1" Value="5"/>
</AssgnmntListEntry>
<AssgnmntListEntry Length="1" RootTermCovItemId="C26">
<MapEntry BoolAssgnmnt="1" Value="5"/>
</AssgnmntListEntry>
<AssgnmntListEntry Length="1" RootTermCovItemId="C27">
<MapEntry BoolAssgnmnt="1" Value="11"/>
</AssgnmntListEntry>
<AssgnmntListEntry Length="1" RootTermCovItemId="C28">
<MapEntry BoolAssgnmnt="1" Value="11"/>
</AssgnmntListEntry>
<AssgnmntListEntry Length="1" RootTermCovItemId="C29">
<MapEntry BoolAssgnmnt="1" Value="11"/>
</AssgnmntListEntry>
<AssgnmntListEntry Length="1" RootTermCovItemId="C3">
<MapEntry BoolAssgnmnt="0" Value="17"/>
<MapEntry BoolAssgnmnt="1" Value="1"/>
</AssgnmntListEntry>
<AssgnmntListEntry Length="1" RootTermCovItemId="C30">
<MapEntry BoolAssgnmnt="1" Value="11"/>
</AssgnmntListEntry>
<AssgnmntListEntry Length="1" RootTermCovItemId="C31">
<MapEntry BoolAssgnmnt="0" Value="11"/>
<MapEntry BoolAssgnmnt="1" Value="44"/>
</AssgnmntListEntry>
<AssgnmntListEntry Length="2" RootTermCovItemId="C32">
<MapEntry BoolAssgnmnt="10" Value="11"/>
<MapEntry BoolAssgnmnt="02" Value="22"/>
<MapEntry BoolAssgnmnt="11" Value="11"/>
</AssgnmntListEntry>
<AssgnmntListEntry Length="1" RootTermCovItemId="C33">
<MapEntry BoolAssgnmnt="1" Value="44"/>
</AssgnmntListEntry>
<AssgnmntListEntry Length="1" RootTermCovItemId="C4">
<MapEntry BoolAssgnmnt="0" Value="36"/>
<MapEntry BoolAssgnmnt="1" Value="1116"/>
</AssgnmntListEntry>
<AssgnmntListEntry Length="1" RootTermCovItemId="C49">
<MapEntry BoolAssgnmnt="0" Value="11"/>
</AssgnmntListEntry>
<AssgnmntListEntry Length="2" RootTermCovItemId="C5">
<MapEntry BoolAssgnmnt="10" Value="18"/>
<MapEntry BoolAssgnmnt="11" Value="18"/>
</AssgnmntListEntry>
<AssgnmntListEntry Length="1" RootTermCovItemId="C56">
<MapEntry BoolAssgnmnt="0" Value="18"/>
</AssgnmntListEntry>
<AssgnmntListEntry Length="1" RootTermCovItemId="C6">
<MapEntry BoolAssgnmnt="1" Value="18"/>
</AssgnmntListEntry>
<AssgnmntListEntry Length="6" RootTermCovItemId="C66">
<MapEntry BoolAssgnmnt="110222" Value="8"/>
<MapEntry BoolAssgnmnt="022222" Value="67"/>
<MapEntry BoolAssgnmnt="111111" Value="33"/>
</AssgnmntListEntry>
<AssgnmntListEntry Length="6" RootTermCovItemId="C67">
<MapEntry BoolAssgnmnt="022222" Value="67"/>
<MapEntry BoolAssgnmnt="111111" Value="8"/>
</AssgnmntListEntry>
<AssgnmntListEntry Length="6" RootTermCovItemId="C68">
<MapEntry BoolAssgnmnt="102222" Value="56"/>
<MapEntry BoolAssgnmnt="111111" Value="11"/>
</AssgnmntListEntry>
<AssgnmntListEntry Length="6" RootTermCovItemId="C69">
<MapEntry BoolAssgnmnt="102222" Value="56"/>
</AssgnmntListEntry>
<AssgnmntListEntry Length="1" RootTermCovItemId="C7">
<MapEntry BoolAssgnmnt="0" Value="7"/>
<MapEntry BoolAssgnmnt="1" Value="11"/>
</AssgnmntListEntry>
<AssgnmntListEntry Length="1" RootTermCovItemId="C70">
<MapEntry BoolAssgnmnt="0" Value="72"/>
<MapEntry BoolAssgnmnt="1" Value="2232"/>
</AssgnmntListEntry>
<AssgnmntListEntry Length="1" RootTermCovItemId="C71">
<MapEntry BoolAssgnmnt="0" Value="36"/>
<MapEntry BoolAssgnmnt="1" Value="36"/>
</AssgnmntListEntry>
<AssgnmntListEntry Length="1" RootTermCovItemId="C72">
<MapEntry BoolAssgnmnt="1" Value="36"/>
</AssgnmntListEntry>
<AssgnmntListEntry Length="1" RootTermCovItemId="C73">
<MapEntry BoolAssgnmnt="0" Value="36"/>
<MapEntry BoolAssgnmnt="1" Value="36"/>
</AssgnmntListEntry>
<AssgnmntListEntry Length="1" RootTermCovItemId="C74">
<MapEntry BoolAssgnmnt="1" Value="36"/>
</AssgnmntListEntry>
<AssgnmntListEntry Length="3" RootTermCovItemId="C75">
<MapEntry BoolAssgnmnt="012" Value="18"/>
<MapEntry BoolAssgnmnt="001" Value="18"/>
</AssgnmntListEntry>
<AssgnmntListEntry Length="3" RootTermCovItemId="C76">
<MapEntry BoolAssgnmnt="011" Value="18"/>
<MapEntry BoolAssgnmnt="002" Value="18"/>
</AssgnmntListEntry>
<AssgnmntListEntry Length="2" RootTermCovItemId="C77">
<MapEntry BoolAssgnmnt="11" Value="36"/>
</AssgnmntListEntry>
<AssgnmntListEntry Length="2" RootTermCovItemId="C78">
<MapEntry BoolAssgnmnt="02" Value="14"/>
<MapEntry BoolAssgnmnt="11" Value="22"/>
</AssgnmntListEntry>
<AssgnmntListEntry Length="2" RootTermCovItemId="C79">
<MapEntry BoolAssgnmnt="00" Value="22"/>
</AssgnmntListEntry>
<AssgnmntListEntry Length="2" RootTermCovItemId="C8">
<MapEntry BoolAssgnmnt="02" Value="11"/>
</AssgnmntListEntry>
<AssgnmntListEntry Length="1" RootTermCovItemId="C9">
<MapEntry BoolAssgnmnt="1" Value="11"/>
</AssgnmntListEntry>
<AssgnmntListEntry Length="8" RootTermCovItemId="C90">
<MapEntry BoolAssgnmnt="02020202" Value="44"/>
</AssgnmntListEntry>
</AssgnmntPrefix>
<AssgnmntPrefix RootTermCovItemPrefix="com.OriginalFiles.Board.java">
<AssgnmntListEntry Length="1" RootTermCovItemId="C14">
<MapEntry BoolAssgnmnt="0" Value="18"/>
<MapEntry BoolAssgnmnt="1" Value="18"/>
</AssgnmntListEntry>
<AssgnmntListEntry Length="1" RootTermCovItemId="C15">
<MapEntry BoolAssgnmnt="0" Value="18"/>
</AssgnmntListEntry>
<AssgnmntListEntry Length="1" RootTermCovItemId="C24">
<MapEntry BoolAssgnmnt="0" Value="33"/>
</AssgnmntListEntry>
<AssgnmntListEntry Length="1" RootTermCovItemId="C26">
<MapEntry BoolAssgnmnt="0" Value="11"/>
</AssgnmntListEntry>
<AssgnmntListEntry Length="1" RootTermCovItemId="C27">
<MapEntry BoolAssgnmnt="1" Value="11"/>
</AssgnmntListEntry>
<AssgnmntListEntry Length="2" RootTermCovItemId="C28">
<MapEntry BoolAssgnmnt="02" Value="11"/>
</AssgnmntListEntry>
<AssgnmntListEntry Length="1" RootTermCovItemId="C29">
<MapEntry BoolAssgnmnt="1" Value="11"/>
</AssgnmntListEntry>
<AssgnmntListEntry Length="1" RootTermCovItemId="C30">
<MapEntry BoolAssgnmnt="1" Value="44"/>
</AssgnmntListEntry>
<AssgnmntListEntry Length="1" RootTermCovItemId="C31">
<MapEntry BoolAssgnmnt="1" Value="494"/>
</AssgnmntListEntry>
<AssgnmntListEntry Length="1" RootTermCovItemId="C32">
<MapEntry BoolAssgnmnt="0" Value="146"/>
</AssgnmntListEntry>
<AssgnmntListEntry Length="1" RootTermCovItemId="C33">
<MapEntry BoolAssgnmnt="0" Value="146"/>
</AssgnmntListEntry>
<AssgnmntListEntry Length="1" RootTermCovItemId="C34">
<MapEntry BoolAssgnmnt="0" Value="146"/>
</AssgnmntListEntry>
<AssgnmntListEntry Length="1" RootTermCovItemId="C35">
<MapEntry BoolAssgnmnt="0" Value="58"/>
<MapEntry BoolAssgnmnt="1" Value="88"/>
</AssgnmntListEntry>
<AssgnmntListEntry Length="1" RootTermCovItemId="C36">
<MapEntry BoolAssgnmnt="0" Value="88"/>
</AssgnmntListEntry>
<AssgnmntListEntry Length="1" RootTermCovItemId="C37">
<MapEntry BoolAssgnmnt="0" Value="88"/>
</AssgnmntListEntry>
<AssgnmntListEntry Length="5" RootTermCovItemId="C38">
<MapEntry BoolAssgnmnt="02002" Value="146"/>
<MapEntry BoolAssgnmnt="10122" Value="146"/>
<MapEntry BoolAssgnmnt="11221" Value="88"/>
<MapEntry BoolAssgnmnt="11220" Value="58"/>
<MapEntry BoolAssgnmnt="02010" Value="58"/>
<MapEntry BoolAssgnmnt="02011" Value="88"/>
</AssgnmntListEntry>
<AssgnmntListEntry Length="1" RootTermCovItemId="C39">
<MapEntry BoolAssgnmnt="0" Value="44"/>
<MapEntry BoolAssgnmnt="1" Value="424"/>
</AssgnmntListEntry>
<AssgnmntListEntry Length="1" RootTermCovItemId="C40">
<MapEntry BoolAssgnmnt="0" Value="424"/>
</AssgnmntListEntry>
<AssgnmntListEntry Length="2" RootTermCovItemId="C41">
<MapEntry BoolAssgnmnt="02" Value="424"/>
</AssgnmntListEntry>
<AssgnmntListEntry Length="1" RootTermCovItemId="C42">
<MapEntry BoolAssgnmnt="0" Value="2336"/>
<MapEntry BoolAssgnmnt="1" Value="2336"/>
</AssgnmntListEntry>
<AssgnmntListEntry Length="1" RootTermCovItemId="C43">
<MapEntry BoolAssgnmnt="0" Value="2190"/>
<MapEntry BoolAssgnmnt="1" Value="146"/>
</AssgnmntListEntry>
<AssgnmntListEntry Length="1" RootTermCovItemId="C44">
<MapEntry BoolAssgnmnt="0" Value="73"/>
<MapEntry BoolAssgnmnt="1" Value="73"/>
</AssgnmntListEntry>
<AssgnmntListEntry Length="1" RootTermCovItemId="C46">
<MapEntry BoolAssgnmnt="0" Value="1"/>
<MapEntry BoolAssgnmnt="1" Value="8"/>
</AssgnmntListEntry>
<AssgnmntListEntry Length="1" RootTermCovItemId="C47">
<MapEntry BoolAssgnmnt="0" Value="4"/>
<MapEntry BoolAssgnmnt="1" Value="4"/>
</AssgnmntListEntry>
<AssgnmntListEntry Length="1" RootTermCovItemId="C48">
<MapEntry BoolAssgnmnt="0" Value="4"/>
<MapEntry BoolAssgnmnt="1" Value="32"/>
</AssgnmntListEntry>
<AssgnmntListEntry Length="1" RootTermCovItemId="C49">
<MapEntry BoolAssgnmnt="0" Value="16"/>
<MapEntry BoolAssgnmnt="1" Value="16"/>
</AssgnmntListEntry>
<AssgnmntListEntry Length="1" RootTermCovItemId="C50">
<MapEntry BoolAssgnmnt="0" Value="4"/>
<MapEntry BoolAssgnmnt="1" Value="32"/>
</AssgnmntListEntry>
<AssgnmntListEntry Length="1" RootTermCovItemId="C51">
<MapEntry BoolAssgnmnt="0" Value="16"/>
<MapEntry BoolAssgnmnt="1" Value="16"/>
</AssgnmntListEntry>
<AssgnmntListEntry Length="1" RootTermCovItemId="C52">
<MapEntry BoolAssgnmnt="0" Value="2"/>
<MapEntry BoolAssgnmnt="1" Value="30"/>
</AssgnmntListEntry>
<AssgnmntListEntry Length="1" RootTermCovItemId="C53">
<MapEntry BoolAssgnmnt="1" Value="794"/>
</AssgnmntListEntry>
<AssgnmntListEntry Length="1" RootTermCovItemId="C54">
<MapEntry BoolAssgnmnt="0" Value="337"/>
<MapEntry BoolAssgnmnt="1" Value="457"/>
</AssgnmntListEntry>
<AssgnmntListEntry Length="3" RootTermCovItemId="C55">
<MapEntry BoolAssgnmnt="011" Value="35"/>
<MapEntry BoolAssgnmnt="010" Value="68"/>
<MapEntry BoolAssgnmnt="002" Value="234"/>
<MapEntry BoolAssgnmnt="120" Value="73"/>
<MapEntry BoolAssgnmnt="121" Value="51"/>
</AssgnmntListEntry>
<AssgnmntListEntry Length="3" RootTermCovItemId="C56">
<MapEntry BoolAssgnmnt="011" Value="46"/>
<MapEntry BoolAssgnmnt="010" Value="68"/>
<MapEntry BoolAssgnmnt="002" Value="86"/>
<MapEntry BoolAssgnmnt="120" Value="69"/>
<MapEntry BoolAssgnmnt="121" Value="51"/>
</AssgnmntListEntry>
</AssgnmntPrefix>
<AssgnmntPrefix RootTermCovItemPrefix="com.OriginalFiles.Field.java">
<AssgnmntListEntry Length="1" RootTermCovItemId="C1">
<MapEntry BoolAssgnmnt="0" Value="49"/>
<MapEntry BoolAssgnmnt="1" Value="38"/>
</AssgnmntListEntry>
</AssgnmntPrefix>
<AssgnmntPrefix RootTermCovItemPrefix="com.OriginalFiles.Piece.java">
<AssgnmntListEntry Length="2" RootTermCovItemId="C1">
<MapEntry BoolAssgnmnt="10" Value="32"/>
<MapEntry BoolAssgnmnt="02" Value="8"/>
<MapEntry BoolAssgnmnt="11" Value="13"/>
</AssgnmntListEntry>
<AssgnmntListEntry Length="5" RootTermCovItemId="C17">
<MapEntry BoolAssgnmnt="00210" Value="16"/>
<MapEntry BoolAssgnmnt="01002" Value="16"/>
<MapEntry BoolAssgnmnt="12222" Value="13"/>
</AssgnmntListEntry>
<AssgnmntListEntry Length="5" RootTermCovItemId="C18">
<MapEntry BoolAssgnmnt="00210" Value="12"/>
<MapEntry BoolAssgnmnt="00211" Value="4"/>
<MapEntry BoolAssgnmnt="01002" Value="12"/>
<MapEntry BoolAssgnmnt="12222" Value="13"/>
<MapEntry BoolAssgnmnt="01122" Value="4"/>
</AssgnmntListEntry>
<AssgnmntListEntry Length="1" RootTermCovItemId="C19">
<MapEntry BoolAssgnmnt="1" Value="8"/>
</AssgnmntListEntry>
<AssgnmntListEntry Length="2" RootTermCovItemId="C2">
<MapEntry BoolAssgnmnt="02" Value="3"/>
<MapEntry BoolAssgnmnt="11" Value="10"/>
</AssgnmntListEntry>
<AssgnmntListEntry Length="1" RootTermCovItemId="C20">
<MapEntry BoolAssgnmnt="0" Value="32"/>
<MapEntry BoolAssgnmnt="1" Value="13"/>
</AssgnmntListEntry>
<AssgnmntListEntry Length="1" RootTermCovItemId="C3">
<MapEntry BoolAssgnmnt="0" Value="8"/>
<MapEntry BoolAssgnmnt="1" Value="45"/>
</AssgnmntListEntry>
<AssgnmntListEntry Length="1" RootTermCovItemId="C5">
<MapEntry BoolAssgnmnt="0" Value="23"/>
<MapEntry BoolAssgnmnt="1" Value="22"/>
</AssgnmntListEntry>
<AssgnmntListEntry Length="1" RootTermCovItemId="C6">
<MapEntry BoolAssgnmnt="0" Value="8"/>
<MapEntry BoolAssgnmnt="1" Value="45"/>
</AssgnmntListEntry>
<AssgnmntListEntry Length="1" RootTermCovItemId="C7">
<MapEntry BoolAssgnmnt="0" Value="32"/>
<MapEntry BoolAssgnmnt="1" Value="13"/>
</AssgnmntListEntry>
<AssgnmntListEntry Length="1" RootTermCovItemId="C8">
<MapEntry BoolAssgnmnt="1" Value="45"/>
</AssgnmntListEntry>
<AssgnmntListEntry Length="1" RootTermCovItemId="C9">
<MapEntry BoolAssgnmnt="0" Value="45"/>
</AssgnmntListEntry>
</AssgnmntPrefix>
<AssgnmntPrefix RootTermCovItemPrefix="com.OriginalFiles.RemoteNXTFunctions.java">
<AssgnmntListEntry Length="1" RootTermCovItemId="C10">
<MapEntry BoolAssgnmnt="0" Value="64"/>
<MapEntry BoolAssgnmnt="1" Value="12"/>
</AssgnmntListEntry>
<AssgnmntListEntry Length="2" RootTermCovItemId="C11">
<MapEntry BoolAssgnmnt="02" Value="6"/>
<MapEntry BoolAssgnmnt="11" Value="6"/>
</AssgnmntListEntry>
<AssgnmntListEntry Length="2" RootTermCovItemId="C12">
<MapEntry BoolAssgnmnt="11" Value="6"/>
</AssgnmntListEntry>
<AssgnmntListEntry Length="1" RootTermCovItemId="C14">
<MapEntry BoolAssgnmnt="0" Value="51"/>
<MapEntry BoolAssgnmnt="1" Value="25"/>
</AssgnmntListEntry>
<AssgnmntListEntry Length="2" RootTermCovItemId="C15">
<MapEntry BoolAssgnmnt="10" Value="5"/>
<MapEntry BoolAssgnmnt="02" Value="15"/>
<MapEntry BoolAssgnmnt="11" Value="5"/>
</AssgnmntListEntry>
<AssgnmntListEntry Length="2" RootTermCovItemId="C16">
<MapEntry BoolAssgnmnt="02" Value="15"/>
<MapEntry BoolAssgnmnt="11" Value="5"/>
</AssgnmntListEntry>
<AssgnmntListEntry Length="1" RootTermCovItemId="C17">
<MapEntry BoolAssgnmnt="0" Value="15"/>
</AssgnmntListEntry>
<AssgnmntListEntry Length="1" RootTermCovItemId="C18">
<MapEntry BoolAssgnmnt="0" Value="76"/>
</AssgnmntListEntry>
<AssgnmntListEntry Length="1" RootTermCovItemId="C22">
<MapEntry BoolAssgnmnt="0" Value="76"/>
</AssgnmntListEntry>
<AssgnmntListEntry Length="1" RootTermCovItemId="C27">
<MapEntry BoolAssgnmnt="0" Value="37"/>
<MapEntry BoolAssgnmnt="1" Value="39"/>
</AssgnmntListEntry>
<AssgnmntListEntry Length="2" RootTermCovItemId="C28">
<MapEntry BoolAssgnmnt="10" Value="10"/>
<MapEntry BoolAssgnmnt="02" Value="28"/>
<MapEntry BoolAssgnmnt="11" Value="1"/>
</AssgnmntListEntry>
<AssgnmntListEntry Length="1" RootTermCovItemId="C29">
<MapEntry BoolAssgnmnt="0" Value="29"/>
<MapEntry BoolAssgnmnt="1" Value="9"/>
</AssgnmntListEntry>
<AssgnmntListEntry Length="1" RootTermCovItemId="C30">
<MapEntry BoolAssgnmnt="0" Value="37"/>
</AssgnmntListEntry>
<AssgnmntListEntry Length="1" RootTermCovItemId="C33">
<MapEntry BoolAssgnmnt="0" Value="37"/>
</AssgnmntListEntry>
<AssgnmntListEntry Length="1" RootTermCovItemId="C37">
<MapEntry BoolAssgnmnt="0" Value="37"/>
</AssgnmntListEntry>
<AssgnmntListEntry Length="1" RootTermCovItemId="C41">
<MapEntry BoolAssgnmnt="0" Value="37"/>
</AssgnmntListEntry>
<AssgnmntListEntry Length="1" RootTermCovItemId="C45">
<MapEntry BoolAssgnmnt="0" Value="37"/>
</AssgnmntListEntry>
<AssgnmntListEntry Length="1" RootTermCovItemId="C49">
<MapEntry BoolAssgnmnt="0" Value="37"/>
</AssgnmntListEntry>
<AssgnmntListEntry Length="1" RootTermCovItemId="C5">
<MapEntry BoolAssgnmnt="0" Value="76"/>
<MapEntry BoolAssgnmnt="1" Value="32"/>
</AssgnmntListEntry>
<AssgnmntListEntry Length="1" RootTermCovItemId="C54">
<MapEntry BoolAssgnmnt="0" Value="37"/>
</AssgnmntListEntry>
<AssgnmntListEntry Length="1" RootTermCovItemId="C59">
<MapEntry BoolAssgnmnt="0" Value="37"/>
</AssgnmntListEntry>
<AssgnmntListEntry Length="2" RootTermCovItemId="C6">
<MapEntry BoolAssgnmnt="11" Value="32"/>
</AssgnmntListEntry>
<AssgnmntListEntry Length="1" RootTermCovItemId="C64">
<MapEntry BoolAssgnmnt="0" Value="37"/>
</AssgnmntListEntry>
<AssgnmntListEntry Length="1" RootTermCovItemId="C69">
<MapEntry BoolAssgnmnt="0" Value="37"/>
</AssgnmntListEntry>
<AssgnmntListEntry Length="1" RootTermCovItemId="C73">
<MapEntry BoolAssgnmnt="0" Value="37"/>
</AssgnmntListEntry>
</AssgnmntPrefix>
</AssgnmntList>
<ObjMetaDataList/>
<MetaDataList/>
</TestCase>
<TestCase Comment="" Date="1386064416966" Name="com.Testing.AnalyzeTest:testGameHasEnded">
<CovList>
<CovPrefix CovItemPrefix="com.OriginalFiles.Analyze.java">
<Cov CovItemId="B107" Value="32"/>
<Cov CovItemId="B120" Value="144"/>
<Cov CovItemId="B121" Value="240"/>
<Cov CovItemId="B122" Value="72"/>
<Cov CovItemId="B123" Value="72"/>
<Cov CovItemId="B124" Value="16"/>
<Cov CovItemId="B125" Value="56"/>
<Cov CovItemId="B126" Value="72"/>
<Cov CovItemId="B127" Value="72"/>
<Cov CovItemId="B128" Value="16"/>
<Cov CovItemId="B129" Value="56"/>
<Cov CovItemId="B130" Value="2"/>
<Cov CovItemId="B131" Value="4"/>
<Cov CovItemId="B132" Value="2"/>
<Cov CovItemId="B133" Value="2"/>
<Cov CovItemId="B135" Value="2"/>
<Cov CovItemId="L16-2" Value="6"/>
<Cov CovItemId="L17-2" Value="48"/>
<Cov CovItemId="S199" Value="32"/>
<Cov CovItemId="S200" Value="32"/>
<Cov CovItemId="S201" Value="32"/>
<Cov CovItemId="S202" Value="32"/>
<Cov CovItemId="S203" Value="32"/>
<Cov CovItemId="S204" Value="32"/>
<Cov CovItemId="S221" Value="6"/>
<Cov CovItemId="S222" Value="6"/>
<Cov CovItemId="S223" Value="6"/>
<Cov CovItemId="S224" Value="6"/>
<Cov CovItemId="S225" Value="6"/>
<Cov CovItemId="S226" Value="6"/>
<Cov CovItemId="S227" Value="48"/>
<Cov CovItemId="S228" Value="384"/>
<Cov CovItemId="S229" Value="144"/>
<Cov CovItemId="S230" Value="72"/>
<Cov CovItemId="S231" Value="72"/>
<Cov CovItemId="S232" Value="16"/>
<Cov CovItemId="S233" Value="144"/>
<Cov CovItemId="S234" Value="72"/>
<Cov CovItemId="S235" Value="72"/>
<Cov CovItemId="S236" Value="16"/>
<Cov CovItemId="S237" Value="6"/>
<Cov CovItemId="S238" Value="2"/>
<Cov CovItemId="S239" Value="4"/>
<Cov CovItemId="S240" Value="2"/>
<Cov CovItemId="S241" Value="2"/>
<Cov CovItemId="S250" Value="2"/>
</CovPrefix>
<CovPrefix CovItemPrefix="com.OriginalFiles.Board.java">
<Cov CovItemId="B41" Value="224"/>
<Cov CovItemId="B42" Value="64"/>
<Cov CovItemId="B44" Value="144"/>
<Cov CovItemId="B45" Value="28"/>
<Cov CovItemId="B46" Value="116"/>
<Cov CovItemId="B47" Value="28"/>
<Cov CovItemId="B48" Value="116"/>
<Cov CovItemId="B50" Value="144"/>
<Cov CovItemId="B55" Value="288"/>
<Cov CovItemId="B56" Value="288"/>
<Cov CovItemId="B57" Value="168"/>
<Cov CovItemId="B58" Value="120"/>
<Cov CovItemId="B59" Value="168"/>
<Cov CovItemId="B62" Value="168"/>
<Cov CovItemId="B63" Value="192"/>
<Cov CovItemId="B64" Value="192"/>
<Cov CovItemId="B65" Value="144"/>
<Cov CovItemId="B66" Value="48"/>
<Cov CovItemId="B67" Value="72"/>
<Cov CovItemId="B68" Value="72"/>
<Cov CovItemId="B79" Value="600"/>
<Cov CovItemId="B81" Value="552"/>
<Cov CovItemId="B82" Value="48"/>
<Cov CovItemId="B83" Value="168"/>
<Cov CovItemId="B84" Value="476"/>
<Cov CovItemId="B85" Value="96"/>
<Cov CovItemId="B86" Value="380"/>
<Cov CovItemId="L10-2" Value="96"/>
<Cov CovItemId="L13-2" Value="6"/>
<Cov CovItemId="L14-2" Value="48"/>
<Cov CovItemId="L9-2" Value="12"/>
<Cov CovItemId="S115" Value="288"/>
<Cov CovItemId="S116" Value="224"/>
<Cov CovItemId="S117" Value="64"/>
<Cov CovItemId="S118" Value="144"/>
<Cov CovItemId="S119" Value="144"/>
<Cov CovItemId="S121" Value="144"/>
<Cov CovItemId="S122" Value="144"/>
<Cov CovItemId="S123" Value="144"/>
<Cov CovItemId="S124" Value="144"/>
<Cov CovItemId="S125" Value="28"/>
<Cov CovItemId="S126" Value="144"/>
<Cov CovItemId="S127" Value="28"/>
<Cov CovItemId="S128" Value="144"/>
<Cov CovItemId="S133" Value="144"/>
<Cov CovItemId="S134" Value="144"/>
<Cov CovItemId="S135" Value="576"/>
<Cov CovItemId="S136" Value="288"/>
<Cov CovItemId="S137" Value="288"/>
<Cov CovItemId="S138" Value="168"/>
<Cov CovItemId="S139" Value="168"/>
<Cov CovItemId="S141" Value="288"/>
<Cov CovItemId="S142" Value="576"/>
<Cov CovItemId="S143" Value="6"/>
<Cov CovItemId="S144" Value="6"/>
<Cov CovItemId="S145" Value="48"/>
<Cov CovItemId="S146" Value="384"/>
<Cov CovItemId="S147" Value="192"/>
<Cov CovItemId="S148" Value="144"/>
<Cov CovItemId="S149" Value="72"/>
<Cov CovItemId="S150" Value="72"/>
<Cov CovItemId="S151" Value="6"/>
<Cov CovItemId="S176" Value="600"/>
<Cov CovItemId="S177" Value="600"/>
<Cov CovItemId="S178" Value="552"/>
<Cov CovItemId="S179" Value="48"/>
<Cov CovItemId="S180" Value="644"/>
<Cov CovItemId="S181" Value="168"/>
<Cov CovItemId="S182" Value="476"/>
<Cov CovItemId="S183" Value="96"/>
<Cov CovItemId="S184" Value="380"/>
<Cov CovItemId="S185" Value="1240"/>
<Cov CovItemId="S61" Value="12"/>
<Cov CovItemId="S62" Value="96"/>
<Cov CovItemId="S63" Value="768"/>
</CovPrefix>
<CovPrefix CovItemPrefix="com.OriginalFiles.Field.java">
<Cov CovItemId="B1" Value="32"/>
<Cov CovItemId="B2" Value="8"/>
<Cov CovItemId="S1" Value="88"/>
<Cov CovItemId="S13" Value="64"/>
<Cov CovItemId="S2" Value="88"/>
<Cov CovItemId="S5" Value="40"/>
<Cov CovItemId="S6" Value="40"/>
<Cov CovItemId="S7" Value="32"/>
<Cov CovItemId="S8" Value="1964"/>
<Cov CovItemId="S9" Value="1248"/>
</CovPrefix>
<CovPrefix CovItemPrefix="com.OriginalFiles.Piece.java">
<Cov CovItemId="B10" Value="12"/>
<Cov CovItemId="B11" Value="24"/>
<Cov CovItemId="B12" Value="8"/>
<Cov CovItemId="B14" Value="24"/>
<Cov CovItemId="B15" Value="24"/>
<Cov CovItemId="B18" Value="24"/>
<Cov CovItemId="B2" Value="32"/>
<Cov CovItemId="B34" Value="24"/>
<Cov CovItemId="B35" Value="8"/>
<Cov CovItemId="B36" Value="16"/>
<Cov CovItemId="B37" Value="8"/>
<Cov CovItemId="B40" Value="24"/>
<Cov CovItemId="B5" Value="24"/>
<Cov CovItemId="B6" Value="8"/>
<Cov CovItemId="B9" Value="12"/>
<Cov CovItemId="S1" Value="32"/>
<Cov CovItemId="S10" Value="32"/>
<Cov CovItemId="S11" Value="32"/>
<Cov CovItemId="S12" Value="32"/>
<Cov CovItemId="S13" Value="32"/>
<Cov CovItemId="S14" Value="32"/>
<Cov CovItemId="S15" Value="32"/>
<Cov CovItemId="S16" Value="32"/>
<Cov CovItemId="S17" Value="32"/>
<Cov CovItemId="S18" Value="32"/>
<Cov CovItemId="S19" Value="32"/>
<Cov CovItemId="S2" Value="32"/>
<Cov CovItemId="S20" Value="32"/>
<Cov CovItemId="S21" Value="32"/>
<Cov CovItemId="S24" Value="32"/>
<Cov CovItemId="S25" Value="32"/>
<Cov CovItemId="S26" Value="32"/>
<Cov CovItemId="S3" Value="32"/>
<Cov CovItemId="S30" Value="32"/>
<Cov CovItemId="S31" Value="32"/>
<Cov CovItemId="S32" Value="32"/>
<Cov CovItemId="S33" Value="24"/>
<Cov CovItemId="S34" Value="8"/>
<Cov CovItemId="S35" Value="8"/>
<Cov CovItemId="S39" Value="24"/>
<Cov CovItemId="S4" Value="32"/>
<Cov CovItemId="S40" Value="12"/>
<Cov CovItemId="S41" Value="12"/>
<Cov CovItemId="S42" Value="32"/>
<Cov CovItemId="S43" Value="32"/>
<Cov CovItemId="S44" Value="24"/>
<Cov CovItemId="S45" Value="24"/>
<Cov CovItemId="S46" Value="24"/>
<Cov CovItemId="S48" Value="24"/>
<Cov CovItemId="S49" Value="24"/>
<Cov CovItemId="S5" Value="32"/>
<Cov CovItemId="S50" Value="24"/>
<Cov CovItemId="S6" Value="32"/>
<Cov CovItemId="S65" Value="24"/>
<Cov CovItemId="S67" Value="24"/>
<Cov CovItemId="S68" Value="8"/>
<Cov CovItemId="S69" Value="8"/>
<Cov CovItemId="S7" Value="32"/>
<Cov CovItemId="S70" Value="8"/>
<Cov CovItemId="S71" Value="24"/>
<Cov CovItemId="S73" Value="24"/>
<Cov CovItemId="S8" Value="32"/>
<Cov CovItemId="S9" Value="32"/>
</CovPrefix>
<CovPrefix CovItemPrefix="com.OriginalFiles.RemoteNXTFunctions.java">
<Cov CovItemId="B5" Value="32"/>
<Cov CovItemId="B7" Value="32"/>
<Cov CovItemId="S162" Value="32"/>
<Cov CovItemId="S19" Value="32"/>
<Cov CovItemId="S20" Value="32"/>
<Cov CovItemId="S21" Value="32"/>
<Cov CovItemId="S22" Value="32"/>
</CovPrefix>
</CovList>
<AssgnmntList>
<AssgnmntPrefix RootTermCovItemPrefix="com.OriginalFiles.Analyze.java">
<AssgnmntListEntry Length="6" RootTermCovItemId="C66">
<MapEntry BoolAssgnmnt="111111" Value="32"/>
</AssgnmntListEntry>
<AssgnmntListEntry Length="1" RootTermCovItemId="C70">
<MapEntry BoolAssgnmnt="0" Value="144"/>
<MapEntry BoolAssgnmnt="1" Value="240"/>
</AssgnmntListEntry>
<AssgnmntListEntry Length="1" RootTermCovItemId="C71">
<MapEntry BoolAssgnmnt="0" Value="72"/>
<MapEntry BoolAssgnmnt="1" Value="72"/>
</AssgnmntListEntry>
<AssgnmntListEntry Length="1" RootTermCovItemId="C72">
<MapEntry BoolAssgnmnt="0" Value="56"/>
<MapEntry BoolAssgnmnt="1" Value="16"/>
</AssgnmntListEntry>
<AssgnmntListEntry Length="1" RootTermCovItemId="C73">
<MapEntry BoolAssgnmnt="0" Value="72"/>
<MapEntry BoolAssgnmnt="1" Value="72"/>
</AssgnmntListEntry>
<AssgnmntListEntry Length="1" RootTermCovItemId="C74">
<MapEntry BoolAssgnmnt="0" Value="56"/>
<MapEntry BoolAssgnmnt="1" Value="16"/>
</AssgnmntListEntry>
<AssgnmntListEntry Length="3" RootTermCovItemId="C75">
<MapEntry BoolAssgnmnt="012" Value="2"/>
<MapEntry BoolAssgnmnt="122" Value="2"/>
<MapEntry BoolAssgnmnt="001" Value="2"/>
</AssgnmntListEntry>
<AssgnmntListEntry Length="3" RootTermCovItemId="C76">
<MapEntry BoolAssgnmnt="011" Value="1"/>
<MapEntry BoolAssgnmnt="122" Value="2"/>
<MapEntry BoolAssgnmnt="002" Value="1"/>
</AssgnmntListEntry>
<AssgnmntListEntry Length="2" RootTermCovItemId="C77">
<MapEntry BoolAssgnmnt="02" Value="2"/>
</AssgnmntListEntry>
</AssgnmntPrefix>
<AssgnmntPrefix RootTermCovItemPrefix="com.OriginalFiles.Board.java">
<AssgnmntListEntry Length="1" RootTermCovItemId="C31">
<MapEntry BoolAssgnmnt="0" Value="64"/>
<MapEntry BoolAssgnmnt="1" Value="224"/>
</AssgnmntListEntry>
<AssgnmntListEntry Length="1" RootTermCovItemId="C32">
<MapEntry BoolAssgnmnt="0" Value="144"/>
</AssgnmntListEntry>
<AssgnmntListEntry Length="1" RootTermCovItemId="C33">
<MapEntry BoolAssgnmnt="0" Value="28"/>
<MapEntry BoolAssgnmnt="1" Value="116"/>
</AssgnmntListEntry>
<AssgnmntListEntry Length="1" RootTermCovItemId="C34">
<MapEntry BoolAssgnmnt="0" Value="28"/>
<MapEntry BoolAssgnmnt="1" Value="116"/>
</AssgnmntListEntry>
<AssgnmntListEntry Length="1" RootTermCovItemId="C35">
<MapEntry BoolAssgnmnt="0" Value="144"/>
</AssgnmntListEntry>
<AssgnmntListEntry Length="5" RootTermCovItemId="C38">
<MapEntry BoolAssgnmnt="02002" Value="144"/>
<MapEntry BoolAssgnmnt="10122" Value="144"/>
<MapEntry BoolAssgnmnt="11220" Value="144"/>
<MapEntry BoolAssgnmnt="02010" Value="144"/>
</AssgnmntListEntry>
<AssgnmntListEntry Length="1" RootTermCovItemId="C39">
<MapEntry BoolAssgnmnt="0" Value="120"/>
<MapEntry BoolAssgnmnt="1" Value="168"/>
</AssgnmntListEntry>
<AssgnmntListEntry Length="1" RootTermCovItemId="C40">
<MapEntry BoolAssgnmnt="0" Value="168"/>
</AssgnmntListEntry>
<AssgnmntListEntry Length="2" RootTermCovItemId="C41">
<MapEntry BoolAssgnmnt="02" Value="168"/>
</AssgnmntListEntry>
<AssgnmntListEntry Length="1" RootTermCovItemId="C42">
<MapEntry BoolAssgnmnt="0" Value="192"/>
<MapEntry BoolAssgnmnt="1" Value="192"/>
</AssgnmntListEntry>
<AssgnmntListEntry Length="1" RootTermCovItemId="C43">
<MapEntry BoolAssgnmnt="0" Value="48"/>
<MapEntry BoolAssgnmnt="1" Value="144"/>
</AssgnmntListEntry>
<AssgnmntListEntry Length="1" RootTermCovItemId="C44">
<MapEntry BoolAssgnmnt="0" Value="72"/>
<MapEntry BoolAssgnmnt="1" Value="72"/>
</AssgnmntListEntry>
<AssgnmntListEntry Length="1" RootTermCovItemId="C53">
<MapEntry BoolAssgnmnt="1" Value="600"/>
</AssgnmntListEntry>
<AssgnmntListEntry Length="1" RootTermCovItemId="C54">
<MapEntry BoolAssgnmnt="0" Value="552"/>
<MapEntry BoolAssgnmnt="1" Value="48"/>
</AssgnmntListEntry>
<AssgnmntListEntry Length="3" RootTermCovItemId="C55">
<MapEntry BoolAssgnmnt="002" Value="320"/>
<MapEntry BoolAssgnmnt="120" Value="168"/>
<MapEntry BoolAssgnmnt="121" Value="156"/>
</AssgnmntListEntry>
<AssgnmntListEntry Length="3" RootTermCovItemId="C56">
<MapEntry BoolAssgnmnt="002" Value="156"/>
<MapEntry BoolAssgnmnt="120" Value="224"/>
<MapEntry BoolAssgnmnt="121" Value="96"/>
</AssgnmntListEntry>
</AssgnmntPrefix>
<AssgnmntPrefix RootTermCovItemPrefix="com.OriginalFiles.Field.java">
<AssgnmntListEntry Length="1" RootTermCovItemId="C1">
<MapEntry BoolAssgnmnt="0" Value="32"/>
<MapEntry BoolAssgnmnt="1" Value="8"/>
</AssgnmntListEntry>
</AssgnmntPrefix>
<AssgnmntPrefix RootTermCovItemPrefix="com.OriginalFiles.Piece.java">
<AssgnmntListEntry Length="2" RootTermCovItemId="C1">
<MapEntry BoolAssgnmnt="10" Value="24"/>
<MapEntry BoolAssgnmnt="02" Value="8"/>
</AssgnmntListEntry>
<AssgnmntListEntry Length="5" RootTermCovItemId="C17">
<MapEntry BoolAssgnmnt="00210" Value="12"/>
<MapEntry BoolAssgnmnt="01002" Value="12"/>
</AssgnmntListEntry>
<AssgnmntListEntry Length="5" RootTermCovItemId="C18">
<MapEntry BoolAssgnmnt="00210" Value="8"/>
<MapEntry BoolAssgnmnt="00211" Value="4"/>
<MapEntry BoolAssgnmnt="01002" Value="8"/>
<MapEntry BoolAssgnmnt="01122" Value="4"/>
</AssgnmntListEntry>
<AssgnmntListEntry Length="1" RootTermCovItemId="C19">
<MapEntry BoolAssgnmnt="1" Value="8"/>
</AssgnmntListEntry>
<AssgnmntListEntry Length="1" RootTermCovItemId="C20">
<MapEntry BoolAssgnmnt="0" Value="24"/>
</AssgnmntListEntry>
<AssgnmntListEntry Length="1" RootTermCovItemId="C3">
<MapEntry BoolAssgnmnt="0" Value="8"/>
<MapEntry BoolAssgnmnt="1" Value="24"/>
</AssgnmntListEntry>
<AssgnmntListEntry Length="1" RootTermCovItemId="C5">
<MapEntry BoolAssgnmnt="0" Value="12"/>
<MapEntry BoolAssgnmnt="1" Value="12"/>
</AssgnmntListEntry>
<AssgnmntListEntry Length="1" RootTermCovItemId="C6">
<MapEntry BoolAssgnmnt="0" Value="8"/>
<MapEntry BoolAssgnmnt="1" Value="24"/>
</AssgnmntListEntry>
<AssgnmntListEntry Length="1" RootTermCovItemId="C7">
<MapEntry BoolAssgnmnt="0" Value="24"/>
</AssgnmntListEntry>
<AssgnmntListEntry Length="1" RootTermCovItemId="C8">
<MapEntry BoolAssgnmnt="1" Value="24"/>
</AssgnmntListEntry>
<AssgnmntListEntry Length="1" RootTermCovItemId="C9">
<MapEntry BoolAssgnmnt="0" Value="24"/>
</AssgnmntListEntry>
</AssgnmntPrefix>
<AssgnmntPrefix RootTermCovItemPrefix="com.OriginalFiles.RemoteNXTFunctions.java">
<AssgnmntListEntry Length="1" RootTermCovItemId="C5">
<MapEntry BoolAssgnmnt="1" Value="32"/>
</AssgnmntListEntry>
<AssgnmntListEntry Length="2" RootTermCovItemId="C6">
<MapEntry BoolAssgnmnt="11" Value="32"/>
</AssgnmntListEntry>
</AssgnmntPrefix>
</AssgnmntList>
<ObjMetaDataList/>
<MetaDataList/>
</TestCase>
<TestCase Comment="" Date="1386064416968" Name="com.Testing.MoveTest:testAddStep">
<CovList>
<CovPrefix CovItemPrefix="com.OriginalFiles.Field.java">
<Cov CovItemId="S1" Value="3"/>
<Cov CovItemId="S2" Value="3"/>
<Cov CovItemId="S3" Value="3"/>
<Cov CovItemId="S4" Value="3"/>
</CovPrefix>
<CovPrefix CovItemPrefix="com.OriginalFiles.Move.java">
<Cov CovItemId="S1" Value="1"/>
<Cov CovItemId="S17" Value="1"/>
<Cov CovItemId="S2" Value="1"/>
<Cov CovItemId="S3" Value="1"/>
<Cov CovItemId="S4" Value="1"/>
<Cov CovItemId="S5" Value="1"/>
<Cov CovItemId="S6" Value="1"/>
<Cov CovItemId="S7" Value="1"/>
</CovPrefix>
</CovList>
<AssgnmntList/>
<ObjMetaDataList/>
<MetaDataList/>
</TestCase>
<TestCase Comment="" Date="1386064416968" Name="com.Testing.MoveTest:testMove">
<CovList>
<CovPrefix CovItemPrefix="com.OriginalFiles.Move.java">
<Cov CovItemId="B2" Value="1"/>
<Cov CovItemId="S1" Value="1"/>
<Cov CovItemId="S10" Value="1"/>
<Cov CovItemId="S11" Value="1"/>
<Cov CovItemId="S12" Value="1"/>
<Cov CovItemId="S16" Value="1"/>
<Cov CovItemId="S2" Value="1"/>
</CovPrefix>
</CovList>
<AssgnmntList>
<AssgnmntPrefix RootTermCovItemPrefix="com.OriginalFiles.Move.java">
<AssgnmntListEntry Length="1" RootTermCovItemId="C1">
<MapEntry BoolAssgnmnt="0" Value="1"/>
</AssgnmntListEntry>
</AssgnmntPrefix>
</AssgnmntList>
<ObjMetaDataList/>
<MetaDataList/>
</TestCase>
<TestCase Comment="" Date="1386064416969" Name="com.Testing.MoveTest:testMoveFieldFieldBoolean">
<CovList>
<CovPrefix CovItemPrefix="com.OriginalFiles.Field.java">
<Cov CovItemId="S1" Value="2"/>
<Cov CovItemId="S2" Value="2"/>
<Cov CovItemId="S3" Value="2"/>
<Cov CovItemId="S4" Value="2"/>
</CovPrefix>
<CovPrefix CovItemPrefix="com.OriginalFiles.Move.java">
<Cov CovItemId="B1" Value="1"/>
<Cov CovItemId="S1" Value="1"/>
<Cov CovItemId="S12" Value="1"/>
<Cov CovItemId="S13" Value="1"/>
<Cov CovItemId="S14" Value="1"/>
<Cov CovItemId="S15" Value="1"/>
<Cov CovItemId="S2" Value="1"/>
<Cov CovItemId="S3" Value="1"/>
<Cov CovItemId="S4" Value="1"/>
<Cov CovItemId="S5" Value="1"/>
<Cov CovItemId="S6" Value="1"/>
<Cov CovItemId="S7" Value="1"/>
</CovPrefix>
</CovList>
<AssgnmntList>
<AssgnmntPrefix RootTermCovItemPrefix="com.OriginalFiles.Move.java">
<AssgnmntListEntry Length="1" RootTermCovItemId="C1">
<MapEntry BoolAssgnmnt="1" Value="1"/>
</AssgnmntListEntry>
</AssgnmntPrefix>
</AssgnmntList>
<ObjMetaDataList/>
<MetaDataList/>
</TestCase>
<TestCase Comment="" Date="1386064416969" Name="com.Testing.MoveTest:testMoveListOfFieldBoolean">
<CovList>
<CovPrefix CovItemPrefix="com.OriginalFiles.Field.java">
<Cov CovItemId="S1" Value="2"/>
<Cov CovItemId="S2" Value="2"/>
<Cov CovItemId="S3" Value="2"/>
<Cov CovItemId="S4" Value="2"/>
</CovPrefix>
<CovPrefix CovItemPrefix="com.OriginalFiles.Move.java">
<Cov CovItemId="B1" Value="1"/>
<Cov CovItemId="S1" Value="1"/>
<Cov CovItemId="S12" Value="1"/>
<Cov CovItemId="S13" Value="1"/>
<Cov CovItemId="S14" Value="1"/>
<Cov CovItemId="S15" Value="1"/>
<Cov CovItemId="S2" Value="1"/>
<Cov CovItemId="S8" Value="1"/>
<Cov CovItemId="S9" Value="1"/>
</CovPrefix>
</CovList>
<AssgnmntList>
<AssgnmntPrefix RootTermCovItemPrefix="com.OriginalFiles.Move.java">
<AssgnmntListEntry Length="1" RootTermCovItemId="C1">
<MapEntry BoolAssgnmnt="1" Value="1"/>
</AssgnmntListEntry>
</AssgnmntPrefix>
</AssgnmntList>
<ObjMetaDataList/>
<MetaDataList/>
</TestCase>
<TestCase Comment="" Date="1386064416970" Name="com.Testing.MoveTest:testIsJump">
<CovList>
<CovPrefix CovItemPrefix="com.OriginalFiles.Field.java">
<Cov CovItemId="S1" Value="4"/>
<Cov CovItemId="S2" Value="4"/>
<Cov CovItemId="S3" Value="4"/>
<Cov CovItemId="S4" Value="4"/>
</CovPrefix>
<CovPrefix CovItemPrefix="com.OriginalFiles.Move.java">
<Cov CovItemId="B1" Value="2"/>
<Cov CovItemId="S1" Value="2"/>
<Cov CovItemId="S12" Value="2"/>
<Cov CovItemId="S13" Value="2"/>
<Cov CovItemId="S14" Value="2"/>
<Cov CovItemId="S15" Value="2"/>
<Cov CovItemId="S2" Value="2"/>
<Cov CovItemId="S3" Value="2"/>
<Cov CovItemId="S4" Value="2"/>
<Cov CovItemId="S5" Value="2"/>
<Cov CovItemId="S6" Value="2"/>
<Cov CovItemId="S7" Value="2"/>
</CovPrefix>
</CovList>
<AssgnmntList>
<AssgnmntPrefix RootTermCovItemPrefix="com.OriginalFiles.Move.java">
<AssgnmntListEntry Length="1" RootTermCovItemId="C1">
<MapEntry BoolAssgnmnt="1" Value="2"/>
</AssgnmntListEntry>
</AssgnmntPrefix>
</AssgnmntList>
<ObjMetaDataList/>
<MetaDataList/>
</TestCase>
<TestCase Comment="" Date="1386064416971" Name="com.Testing.FieldTest:testGetPieceOnField">
<CovList>
<CovPrefix CovItemPrefix="com.OriginalFiles.Board.java">
<Cov CovItemId="B83" Value="2"/>
<Cov CovItemId="B84" Value="2"/>
<Cov CovItemId="B86" Value="2"/>
<Cov CovItemId="S180" Value="4"/>
<Cov CovItemId="S181" Value="2"/>
<Cov CovItemId="S182" Value="2"/>
<Cov CovItemId="S184" Value="2"/>
<Cov CovItemId="S185" Value="4"/>
</CovPrefix>
<CovPrefix CovItemPrefix="com.OriginalFiles.Field.java">
<Cov CovItemId="B1" Value="1"/>
<Cov CovItemId="S1" Value="1"/>
<Cov CovItemId="S2" Value="1"/>
<Cov CovItemId="S5" Value="1"/>
<Cov CovItemId="S6" Value="1"/>
<Cov CovItemId="S7" Value="1"/>
<Cov CovItemId="S8" Value="2"/>
<Cov CovItemId="S9" Value="1"/>
</CovPrefix>
<CovPrefix CovItemPrefix="com.OriginalFiles.Piece.java">
<Cov CovItemId="B1" Value="1"/>
<Cov CovItemId="B11" Value="2"/>
<Cov CovItemId="B13" Value="1"/>
<Cov CovItemId="B14" Value="1"/>
<Cov CovItemId="B15" Value="2"/>
<Cov CovItemId="B18" Value="2"/>
<Cov CovItemId="B2" Value="1"/>
<Cov CovItemId="B34" Value="2"/>
<Cov CovItemId="B36" Value="2"/>
<Cov CovItemId="B39" Value="1"/>
<Cov CovItemId="B4" Value="1"/>
<Cov CovItemId="B40" Value="1"/>
<Cov CovItemId="B5" Value="2"/>
<Cov CovItemId="B9" Value="2"/>
<Cov CovItemId="S1" Value="1"/>
<Cov CovItemId="S10" Value="1"/>
<Cov CovItemId="S11" Value="1"/>
<Cov CovItemId="S12" Value="1"/>
<Cov CovItemId="S13" Value="1"/>
<Cov CovItemId="S14" Value="1"/>
<Cov CovItemId="S15" Value="1"/>
<Cov CovItemId="S16" Value="1"/>
<Cov CovItemId="S17" Value="1"/>
<Cov CovItemId="S18" Value="1"/>
<Cov CovItemId="S19" Value="1"/>
<Cov CovItemId="S2" Value="1"/>
<Cov CovItemId="S20" Value="1"/>
<Cov CovItemId="S21" Value="1"/>
<Cov CovItemId="S22" Value="1"/>
<Cov CovItemId="S23" Value="1"/>
<Cov CovItemId="S24" Value="2"/>
<Cov CovItemId="S25" Value="2"/>
<Cov CovItemId="S26" Value="2"/>
<Cov CovItemId="S27" Value="1"/>
<Cov CovItemId="S29" Value="1"/>
<Cov CovItemId="S3" Value="1"/>
<Cov CovItemId="S30" Value="1"/>
<Cov CovItemId="S31" Value="2"/>
<Cov CovItemId="S32" Value="2"/>
<Cov CovItemId="S33" Value="2"/>
<Cov CovItemId="S39" Value="2"/>
<Cov CovItemId="S4" Value="1"/>
<Cov CovItemId="S40" Value="2"/>
<Cov CovItemId="S42" Value="2"/>
<Cov CovItemId="S43" Value="2"/>
<Cov CovItemId="S44" Value="2"/>
<Cov CovItemId="S45" Value="2"/>
<Cov CovItemId="S46" Value="2"/>
<Cov CovItemId="S47" Value="1"/>
<Cov CovItemId="S48" Value="2"/>
<Cov CovItemId="S49" Value="2"/>
<Cov CovItemId="S5" Value="1"/>
<Cov CovItemId="S50" Value="2"/>
<Cov CovItemId="S6" Value="1"/>
<Cov CovItemId="S65" Value="2"/>
<Cov CovItemId="S67" Value="2"/>
<Cov CovItemId="S7" Value="1"/>
<Cov CovItemId="S71" Value="2"/>
<Cov CovItemId="S72" Value="1"/>
<Cov CovItemId="S73" Value="2"/>
<Cov CovItemId="S8" Value="1"/>
<Cov CovItemId="S9" Value="1"/>
</CovPrefix>
</CovList>
<AssgnmntList>
<AssgnmntPrefix RootTermCovItemPrefix="com.OriginalFiles.Board.java">
<AssgnmntListEntry Length="3" RootTermCovItemId="C55">
<MapEntry BoolAssgnmnt="120" Value="2"/>
<MapEntry BoolAssgnmnt="121" Value="2"/>
</AssgnmntListEntry>
<AssgnmntListEntry Length="3" RootTermCovItemId="C56">
<MapEntry BoolAssgnmnt="002" Value="2"/>
</AssgnmntListEntry>
</AssgnmntPrefix>
<AssgnmntPrefix RootTermCovItemPrefix="com.OriginalFiles.Field.java">
<AssgnmntListEntry Length="1" RootTermCovItemId="C1">
<MapEntry BoolAssgnmnt="0" Value="1"/>
</AssgnmntListEntry>
</AssgnmntPrefix>
<AssgnmntPrefix RootTermCovItemPrefix="com.OriginalFiles.Piece.java">
<AssgnmntListEntry Length="2" RootTermCovItemId="C1">
<MapEntry BoolAssgnmnt="10" Value="1"/>
<MapEntry BoolAssgnmnt="11" Value="1"/>
</AssgnmntListEntry>
<AssgnmntListEntry Length="5" RootTermCovItemId="C17">
<MapEntry BoolAssgnmnt="00210" Value="1"/>
<MapEntry BoolAssgnmnt="12222" Value="1"/>
</AssgnmntListEntry>
<AssgnmntListEntry Length="5" RootTermCovItemId="C18">
<MapEntry BoolAssgnmnt="00210" Value="1"/>
<MapEntry BoolAssgnmnt="12222" Value="1"/>
</AssgnmntListEntry>
<AssgnmntListEntry Length="2" RootTermCovItemId="C2">
<MapEntry BoolAssgnmnt="02" Value="1"/>
</AssgnmntListEntry>
<AssgnmntListEntry Length="1" RootTermCovItemId="C20">
<MapEntry BoolAssgnmnt="0" Value="1"/>
<MapEntry BoolAssgnmnt="1" Value="1"/>
</AssgnmntListEntry>
<AssgnmntListEntry Length="1" RootTermCovItemId="C3">
<MapEntry BoolAssgnmnt="1" Value="2"/>
</AssgnmntListEntry>
<AssgnmntListEntry Length="1" RootTermCovItemId="C5">
<MapEntry BoolAssgnmnt="1" Value="2"/>
</AssgnmntListEntry>
<AssgnmntListEntry Length="1" RootTermCovItemId="C6">
<MapEntry BoolAssgnmnt="1" Value="2"/>
</AssgnmntListEntry>
<AssgnmntListEntry Length="1" RootTermCovItemId="C7">
<MapEntry BoolAssgnmnt="0" Value="1"/>
<MapEntry BoolAssgnmnt="1" Value="1"/>
</AssgnmntListEntry>
<AssgnmntListEntry Length="1" RootTermCovItemId="C8">
<MapEntry BoolAssgnmnt="1" Value="2"/>
</AssgnmntListEntry>
<AssgnmntListEntry Length="1" RootTermCovItemId="C9">
<MapEntry BoolAssgnmnt="0" Value="2"/>
</AssgnmntListEntry>
</AssgnmntPrefix>
</AssgnmntList>
<ObjMetaDataList/>
<MetaDataList/>
</TestCase>
<TestCase Comment="" Date="1386064416971" Name="com.Testing.FieldTest:testIsPieceOfColor">
<CovList>
<CovPrefix CovItemPrefix="com.OriginalFiles.Board.java">
<Cov CovItemId="B83" Value="4"/>
<Cov CovItemId="B84" Value="4"/>
<Cov CovItemId="B86" Value="4"/>
<Cov CovItemId="S180" Value="8"/>
<Cov CovItemId="S181" Value="4"/>
<Cov CovItemId="S182" Value="4"/>
<Cov CovItemId="S184" Value="4"/>
<Cov CovItemId="S185" Value="4"/>
</CovPrefix>
<CovPrefix CovItemPrefix="com.OriginalFiles.Field.java">
<Cov CovItemId="B1" Value="1"/>
<Cov CovItemId="B4" Value="4"/>
<Cov CovItemId="S1" Value="1"/>
<Cov CovItemId="S10" Value="4"/>
<Cov CovItemId="S12" Value="4"/>
<Cov CovItemId="S2" Value="1"/>
<Cov CovItemId="S5" Value="1"/>
<Cov CovItemId="S6" Value="1"/>
<Cov CovItemId="S7" Value="1"/>
<Cov CovItemId="S8" Value="1"/>
<Cov CovItemId="S9" Value="5"/>
</CovPrefix>
<CovPrefix CovItemPrefix="com.OriginalFiles.Piece.java">
<Cov CovItemId="B11" Value="2"/>
<Cov CovItemId="B14" Value="2"/>
<Cov CovItemId="B15" Value="2"/>
<Cov CovItemId="B18" Value="2"/>
<Cov CovItemId="B2" Value="2"/>
<Cov CovItemId="B34" Value="2"/>
<Cov CovItemId="B35" Value="2"/>
<Cov CovItemId="B37" Value="2"/>
<Cov CovItemId="B40" Value="2"/>
<Cov CovItemId="B5" Value="2"/>
<Cov CovItemId="B9" Value="2"/>
<Cov CovItemId="S1" Value="1"/>
<Cov CovItemId="S10" Value="1"/>
<Cov CovItemId="S11" Value="1"/>
<Cov CovItemId="S12" Value="1"/>
<Cov CovItemId="S13" Value="1"/>
<Cov CovItemId="S14" Value="1"/>
<Cov CovItemId="S15" Value="1"/>
<Cov CovItemId="S16" Value="1"/>
<Cov CovItemId="S17" Value="1"/>
<Cov CovItemId="S18" Value="1"/>
<Cov CovItemId="S19" Value="1"/>
<Cov CovItemId="S2" Value="1"/>
<Cov CovItemId="S20" Value="1"/>
<Cov CovItemId="S21" Value="1"/>
<Cov CovItemId="S24" Value="2"/>
<Cov CovItemId="S25" Value="2"/>
<Cov CovItemId="S26" Value="2"/>
<Cov CovItemId="S3" Value="1"/>
<Cov CovItemId="S30" Value="2"/>
<Cov CovItemId="S31" Value="2"/>
<Cov CovItemId="S32" Value="2"/>
<Cov CovItemId="S33" Value="2"/>
<Cov CovItemId="S39" Value="2"/>
<Cov CovItemId="S4" Value="1"/>
<Cov CovItemId="S40" Value="2"/>
<Cov CovItemId="S42" Value="2"/>
<Cov CovItemId="S43" Value="2"/>
<Cov CovItemId="S44" Value="2"/>
<Cov CovItemId="S45" Value="2"/>
<Cov CovItemId="S46" Value="2"/>
<Cov CovItemId="S48" Value="2"/>
<Cov CovItemId="S49" Value="2"/>
<Cov CovItemId="S5" Value="1"/>
<Cov CovItemId="S50" Value="2"/>
<Cov CovItemId="S6" Value="1"/>
<Cov CovItemId="S65" Value="2"/>
<Cov CovItemId="S67" Value="2"/>
<Cov CovItemId="S68" Value="2"/>
<Cov CovItemId="S69" Value="2"/>
<Cov CovItemId="S7" Value="1"/>
<Cov CovItemId="S70" Value="2"/>
<Cov CovItemId="S71" Value="2"/>
<Cov CovItemId="S73" Value="2"/>
<Cov CovItemId="S8" Value="1"/>
<Cov CovItemId="S9" Value="1"/>
</CovPrefix>
</CovList>
<AssgnmntList>
<AssgnmntPrefix RootTermCovItemPrefix="com.OriginalFiles.Board.java">
<AssgnmntListEntry Length="3" RootTermCovItemId="C55">
<MapEntry BoolAssgnmnt="120" Value="4"/>
<MapEntry BoolAssgnmnt="121" Value="4"/>
</AssgnmntListEntry>
<AssgnmntListEntry Length="3" RootTermCovItemId="C56">
<MapEntry BoolAssgnmnt="002" Value="4"/>
</AssgnmntListEntry>
</AssgnmntPrefix>
<AssgnmntPrefix RootTermCovItemPrefix="com.OriginalFiles.Field.java">
<AssgnmntListEntry Length="1" RootTermCovItemId="C1">
<MapEntry BoolAssgnmnt="0" Value="1"/>
</AssgnmntListEntry>
<AssgnmntListEntry Length="1" RootTermCovItemId="C2">
<MapEntry BoolAssgnmnt="0" Value="4"/>
</AssgnmntListEntry>
</AssgnmntPrefix>
<AssgnmntPrefix RootTermCovItemPrefix="com.OriginalFiles.Piece.java">
<AssgnmntListEntry Length="2" RootTermCovItemId="C1">
<MapEntry BoolAssgnmnt="10" Value="2"/>
</AssgnmntListEntry>
<AssgnmntListEntry Length="5" RootTermCovItemId="C17">
<MapEntry BoolAssgnmnt="00210" Value="2"/>
</AssgnmntListEntry>
<AssgnmntListEntry Length="5" RootTermCovItemId="C18">
<MapEntry BoolAssgnmnt="00211" Value="2"/>
</AssgnmntListEntry>
<AssgnmntListEntry Length="1" RootTermCovItemId="C19">
<MapEntry BoolAssgnmnt="1" Value="2"/>
</AssgnmntListEntry>
<AssgnmntListEntry Length="1" RootTermCovItemId="C20">
<MapEntry BoolAssgnmnt="0" Value="2"/>
</AssgnmntListEntry>
<AssgnmntListEntry Length="1" RootTermCovItemId="C3">
<MapEntry BoolAssgnmnt="1" Value="2"/>
</AssgnmntListEntry>
<AssgnmntListEntry Length="1" RootTermCovItemId="C5">
<MapEntry BoolAssgnmnt="1" Value="2"/>
</AssgnmntListEntry>
<AssgnmntListEntry Length="1" RootTermCovItemId="C6">
<MapEntry BoolAssgnmnt="1" Value="2"/>
</AssgnmntListEntry>
<AssgnmntListEntry Length="1" RootTermCovItemId="C7">
<MapEntry BoolAssgnmnt="0" Value="2"/>
</AssgnmntListEntry>
<AssgnmntListEntry Length="1" RootTermCovItemId="C8">
<MapEntry BoolAssgnmnt="1" Value="2"/>
</AssgnmntListEntry>
<AssgnmntListEntry Length="1" RootTermCovItemId="C9">
<MapEntry BoolAssgnmnt="0" Value="2"/>
</AssgnmntListEntry>
</AssgnmntPrefix>
</AssgnmntList>
<ObjMetaDataList/>
<MetaDataList/>
</TestCase>
<TestCase Comment="" Date="1386064416974" Name="com.Testing.FieldTest:testField">
<CovList>
<CovPrefix CovItemPrefix="com.OriginalFiles.Board.java">
<Cov CovItemId="B84" Value="7"/>
<Cov CovItemId="B85" Value="4"/>
<Cov CovItemId="B86" Value="3"/>
<Cov CovItemId="S180" Value="7"/>
<Cov CovItemId="S182" Value="7"/>
<Cov CovItemId="S183" Value="4"/>
<Cov CovItemId="S184" Value="3"/>
<Cov CovItemId="S185" Value="4"/>
</CovPrefix>
<CovPrefix CovItemPrefix="com.OriginalFiles.Field.java">
<Cov CovItemId="B1" Value="1"/>
<Cov CovItemId="S1" Value="1"/>
<Cov CovItemId="S2" Value="1"/>
<Cov CovItemId="S5" Value="1"/>
<Cov CovItemId="S6" Value="1"/>
<Cov CovItemId="S7" Value="1"/>
<Cov CovItemId="S8" Value="2"/>
<Cov CovItemId="S9" Value="1"/>
</CovPrefix>
<CovPrefix CovItemPrefix="com.OriginalFiles.Piece.java">
<Cov CovItemId="B11" Value="2"/>
<Cov CovItemId="B14" Value="2"/>
<Cov CovItemId="B15" Value="2"/>
<Cov CovItemId="B18" Value="2"/>
<Cov CovItemId="B2" Value="2"/>
<Cov CovItemId="B33" Value="1"/>
<Cov CovItemId="B34" Value="1"/>
<Cov CovItemId="B36" Value="2"/>
<Cov CovItemId="B40" Value="2"/>
<Cov CovItemId="B5" Value="2"/>
<Cov CovItemId="B9" Value="2"/>
<Cov CovItemId="S1" Value="1"/>
<Cov CovItemId="S10" Value="1"/>
<Cov CovItemId="S11" Value="1"/>
<Cov CovItemId="S12" Value="1"/>
<Cov CovItemId="S13" Value="1"/>
<Cov CovItemId="S14" Value="1"/>
<Cov CovItemId="S15" Value="1"/>
<Cov CovItemId="S16" Value="1"/>
<Cov CovItemId="S17" Value="1"/>
<Cov CovItemId="S18" Value="1"/>
<Cov CovItemId="S19" Value="1"/>
<Cov CovItemId="S2" Value="1"/>
<Cov CovItemId="S20" Value="1"/>
<Cov CovItemId="S21" Value="1"/>
<Cov CovItemId="S24" Value="2"/>
<Cov CovItemId="S25" Value="2"/>
<Cov CovItemId="S26" Value="2"/>
<Cov CovItemId="S3" Value="1"/>
<Cov CovItemId="S30" Value="2"/>
<Cov CovItemId="S31" Value="2"/>
<Cov CovItemId="S32" Value="2"/>
<Cov CovItemId="S33" Value="2"/>
<Cov CovItemId="S39" Value="2"/>
<Cov CovItemId="S4" Value="1"/>
<Cov CovItemId="S40" Value="2"/>
<Cov CovItemId="S42" Value="2"/>
<Cov CovItemId="S43" Value="2"/>
<Cov CovItemId="S44" Value="2"/>
<Cov CovItemId="S45" Value="2"/>
<Cov CovItemId="S46" Value="2"/>
<Cov CovItemId="S48" Value="2"/>
<Cov CovItemId="S49" Value="2"/>
<Cov CovItemId="S5" Value="1"/>
<Cov CovItemId="S50" Value="2"/>
<Cov CovItemId="S6" Value="1"/>
<Cov CovItemId="S65" Value="2"/>
<Cov CovItemId="S66" Value="1"/>
<Cov CovItemId="S67" Value="2"/>
<Cov CovItemId="S7" Value="1"/>
<Cov CovItemId="S71" Value="2"/>
<Cov CovItemId="S73" Value="2"/>
<Cov CovItemId="S8" Value="1"/>
<Cov CovItemId="S9" Value="1"/>
</CovPrefix>
</CovList>
<AssgnmntList>
<AssgnmntPrefix RootTermCovItemPrefix="com.OriginalFiles.Board.java">
<AssgnmntListEntry Length="3" RootTermCovItemId="C55">
<MapEntry BoolAssgnmnt="002" Value="7"/>
</AssgnmntListEntry>
<AssgnmntListEntry Length="3" RootTermCovItemId="C56">
<MapEntry BoolAssgnmnt="120" Value="3"/>
<MapEntry BoolAssgnmnt="121" Value="4"/>
</AssgnmntListEntry>
</AssgnmntPrefix>
<AssgnmntPrefix RootTermCovItemPrefix="com.OriginalFiles.Field.java">
<AssgnmntListEntry Length="1" RootTermCovItemId="C1">
<MapEntry BoolAssgnmnt="0" Value="1"/>
</AssgnmntListEntry>
</AssgnmntPrefix>
<AssgnmntPrefix RootTermCovItemPrefix="com.OriginalFiles.Piece.java">
<AssgnmntListEntry Length="2" RootTermCovItemId="C1">
<MapEntry BoolAssgnmnt="10" Value="2"/>
</AssgnmntListEntry>
<AssgnmntListEntry Length="5" RootTermCovItemId="C17">
<MapEntry BoolAssgnmnt="01002" Value="1"/>
<MapEntry BoolAssgnmnt="01122" Value="1"/>
</AssgnmntListEntry>
<AssgnmntListEntry Length="5" RootTermCovItemId="C18">
<MapEntry BoolAssgnmnt="01002" Value="2"/>
</AssgnmntListEntry>
<AssgnmntListEntry Length="1" RootTermCovItemId="C20">
<MapEntry BoolAssgnmnt="0" Value="2"/>
</AssgnmntListEntry>
<AssgnmntListEntry Length="1" RootTermCovItemId="C3">
<MapEntry BoolAssgnmnt="1" Value="2"/>
</AssgnmntListEntry>
<AssgnmntListEntry Length="1" RootTermCovItemId="C5">
<MapEntry BoolAssgnmnt="1" Value="2"/>
</AssgnmntListEntry>
<AssgnmntListEntry Length="1" RootTermCovItemId="C6">
<MapEntry BoolAssgnmnt="1" Value="2"/>
</AssgnmntListEntry>
<AssgnmntListEntry Length="1" RootTermCovItemId="C7">
<MapEntry BoolAssgnmnt="0" Value="2"/>
</AssgnmntListEntry>
<AssgnmntListEntry Length="1" RootTermCovItemId="C8">
<MapEntry BoolAssgnmnt="1" Value="2"/>
</AssgnmntListEntry>
<AssgnmntListEntry Length="1" RootTermCovItemId="C9">
<MapEntry BoolAssgnmnt="0" Value="2"/>
</AssgnmntListEntry>
</AssgnmntPrefix>
</AssgnmntList>
<ObjMetaDataList/>
<MetaDataList/>
</TestCase>
<TestCase Comment="" Date="1386064416975" Name="com.Testing.FieldTest:testSetPieceOnField">
<CovList>
<CovPrefix CovItemPrefix="com.OriginalFiles.Board.java">
<Cov CovItemId="B83" Value="4"/>
<Cov CovItemId="B84" Value="8"/>
<Cov CovItemId="B86" Value="8"/>
<Cov CovItemId="S180" Value="12"/>
<Cov CovItemId="S181" Value="4"/>
<Cov CovItemId="S182" Value="8"/>
<Cov CovItemId="S184" Value="8"/>
<Cov CovItemId="S185" Value="10"/>
</CovPrefix>
<CovPrefix CovItemPrefix="com.OriginalFiles.Field.java">
<Cov CovItemId="B1" Value="3"/>
<Cov CovItemId="S1" Value="1"/>
<Cov CovItemId="S2" Value="1"/>
<Cov CovItemId="S5" Value="3"/>
<Cov CovItemId="S6" Value="3"/>
<Cov CovItemId="S7" Value="3"/>
<Cov CovItemId="S8" Value="4"/>
<Cov CovItemId="S9" Value="3"/>
</CovPrefix>
<CovPrefix CovItemPrefix="com.OriginalFiles.Piece.java">
<Cov CovItemId="B1" Value="2"/>
<Cov CovItemId="B11" Value="5"/>
<Cov CovItemId="B13" Value="2"/>
<Cov CovItemId="B14" Value="3"/>
<Cov CovItemId="B15" Value="5"/>
<Cov CovItemId="B18" Value="5"/>
<Cov CovItemId="B2" Value="3"/>
<Cov CovItemId="B34" Value="5"/>
<Cov CovItemId="B36" Value="5"/>
<Cov CovItemId="B39" Value="2"/>
<Cov CovItemId="B4" Value="2"/>
<Cov CovItemId="B40" Value="3"/>
<Cov CovItemId="B5" Value="5"/>
<Cov CovItemId="B9" Value="5"/>
<Cov CovItemId="S1" Value="3"/>
<Cov CovItemId="S10" Value="3"/>
<Cov CovItemId="S11" Value="3"/>
<Cov CovItemId="S12" Value="3"/>
<Cov CovItemId="S13" Value="3"/>
<Cov CovItemId="S14" Value="3"/>
<Cov CovItemId="S15" Value="3"/>
<Cov CovItemId="S16" Value="3"/>
<Cov CovItemId="S17" Value="3"/>
<Cov CovItemId="S18" Value="3"/>
<Cov CovItemId="S19" Value="3"/>
<Cov CovItemId="S2" Value="3"/>
<Cov CovItemId="S20" Value="3"/>
<Cov CovItemId="S21" Value="3"/>
<Cov CovItemId="S22" Value="3"/>
<Cov CovItemId="S23" Value="3"/>
<Cov CovItemId="S24" Value="5"/>
<Cov CovItemId="S25" Value="5"/>
<Cov CovItemId="S26" Value="5"/>
<Cov CovItemId="S27" Value="2"/>
<Cov CovItemId="S29" Value="2"/>
<Cov CovItemId="S3" Value="3"/>
<Cov CovItemId="S30" Value="3"/>
<Cov CovItemId="S31" Value="5"/>
<Cov CovItemId="S32" Value="5"/>
<Cov CovItemId="S33" Value="5"/>
<Cov CovItemId="S39" Value="5"/>
<Cov CovItemId="S4" Value="3"/>
<Cov CovItemId="S40" Value="5"/>
<Cov CovItemId="S42" Value="5"/>
<Cov CovItemId="S43" Value="5"/>
<Cov CovItemId="S44" Value="5"/>
<Cov CovItemId="S45" Value="5"/>
<Cov CovItemId="S46" Value="5"/>
<Cov CovItemId="S47" Value="2"/>
<Cov CovItemId="S48" Value="5"/>
<Cov CovItemId="S49" Value="5"/>
<Cov CovItemId="S5" Value="3"/>
<Cov CovItemId="S50" Value="5"/>
<Cov CovItemId="S6" Value="3"/>
<Cov CovItemId="S65" Value="5"/>
<Cov CovItemId="S67" Value="5"/>
<Cov CovItemId="S7" Value="3"/>
<Cov CovItemId="S71" Value="5"/>
<Cov CovItemId="S72" Value="2"/>
<Cov CovItemId="S73" Value="5"/>
<Cov CovItemId="S8" Value="3"/>
<Cov CovItemId="S9" Value="3"/>
</CovPrefix>
</CovList>
<AssgnmntList>
<AssgnmntPrefix RootTermCovItemPrefix="com.OriginalFiles.Board.java">
<AssgnmntListEntry Length="3" RootTermCovItemId="C55">
<MapEntry BoolAssgnmnt="002" Value="4"/>
<MapEntry BoolAssgnmnt="120" Value="4"/>
<MapEntry BoolAssgnmnt="121" Value="4"/>
</AssgnmntListEntry>
<AssgnmntListEntry Length="3" RootTermCovItemId="C56">
<MapEntry BoolAssgnmnt="002" Value="8"/>
</AssgnmntListEntry>
</AssgnmntPrefix>
<AssgnmntPrefix RootTermCovItemPrefix="com.OriginalFiles.Field.java">
<AssgnmntListEntry Length="1" RootTermCovItemId="C1">
<MapEntry BoolAssgnmnt="0" Value="3"/>
</AssgnmntListEntry>
</AssgnmntPrefix>
<AssgnmntPrefix RootTermCovItemPrefix="com.OriginalFiles.Piece.java">
<AssgnmntListEntry Length="2" RootTermCovItemId="C1">
<MapEntry BoolAssgnmnt="10" Value="3"/>
<MapEntry BoolAssgnmnt="11" Value="2"/>
</AssgnmntListEntry>
<AssgnmntListEntry Length="5" RootTermCovItemId="C17">
<MapEntry BoolAssgnmnt="00210" Value="2"/>
<MapEntry BoolAssgnmnt="00202" Value="1"/>
<MapEntry BoolAssgnmnt="12222" Value="2"/>
</AssgnmntListEntry>
<AssgnmntListEntry Length="5" RootTermCovItemId="C18">
<MapEntry BoolAssgnmnt="00210" Value="2"/>
<MapEntry BoolAssgnmnt="00202" Value="1"/>
<MapEntry BoolAssgnmnt="12222" Value="2"/>
</AssgnmntListEntry>
<AssgnmntListEntry Length="2" RootTermCovItemId="C2">
<MapEntry BoolAssgnmnt="02" Value="2"/>
</AssgnmntListEntry>
<AssgnmntListEntry Length="1" RootTermCovItemId="C20">
<MapEntry BoolAssgnmnt="0" Value="3"/>
<MapEntry BoolAssgnmnt="1" Value="2"/>
</AssgnmntListEntry>
<AssgnmntListEntry Length="1" RootTermCovItemId="C3">
<MapEntry BoolAssgnmnt="1" Value="5"/>
</AssgnmntListEntry>
<AssgnmntListEntry Length="1" RootTermCovItemId="C5">
<MapEntry BoolAssgnmnt="1" Value="5"/>
</AssgnmntListEntry>
<AssgnmntListEntry Length="1" RootTermCovItemId="C6">
<MapEntry BoolAssgnmnt="1" Value="5"/>
</AssgnmntListEntry>
<AssgnmntListEntry Length="1" RootTermCovItemId="C7">
<MapEntry BoolAssgnmnt="0" Value="3"/>
<MapEntry BoolAssgnmnt="1" Value="2"/>
</AssgnmntListEntry>
<AssgnmntListEntry Length="1" RootTermCovItemId="C8">
<MapEntry BoolAssgnmnt="1" Value="5"/>
</AssgnmntListEntry>
<AssgnmntListEntry Length="1" RootTermCovItemId="C9">
<MapEntry BoolAssgnmnt="0" Value="5"/>
</AssgnmntListEntry>
</AssgnmntPrefix>
</AssgnmntList>
<ObjMetaDataList/>
<MetaDataList/>
</TestCase>
<TestCase Comment="" Date="1386064416975" Name="com.Testing.FieldTest:testFieldIntInt">
<CovList>
<CovPrefix CovItemPrefix="com.OriginalFiles.Board.java">
<Cov CovItemId="B84" Value="7"/>
<Cov CovItemId="B85" Value="4"/>
<Cov CovItemId="B86" Value="3"/>
<Cov CovItemId="S180" Value="7"/>
<Cov CovItemId="S182" Value="7"/>
<Cov CovItemId="S183" Value="4"/>
<Cov CovItemId="S184" Value="3"/>
<Cov CovItemId="S185" Value="4"/>
</CovPrefix>
<CovPrefix CovItemPrefix="com.OriginalFiles.Field.java">
<Cov CovItemId="B1" Value="1"/>
<Cov CovItemId="S1" Value="1"/>
<Cov CovItemId="S2" Value="1"/>
<Cov CovItemId="S3" Value="1"/>
<Cov CovItemId="S4" Value="1"/>
<Cov CovItemId="S5" Value="1"/>
<Cov CovItemId="S6" Value="1"/>
<Cov CovItemId="S7" Value="1"/>
<Cov CovItemId="S8" Value="2"/>
<Cov CovItemId="S9" Value="1"/>
</CovPrefix>
<CovPrefix CovItemPrefix="com.OriginalFiles.Piece.java">
<Cov CovItemId="B11" Value="2"/>
<Cov CovItemId="B14" Value="2"/>
<Cov CovItemId="B15" Value="2"/>
<Cov CovItemId="B18" Value="2"/>
<Cov CovItemId="B2" Value="2"/>
<Cov CovItemId="B33" Value="1"/>
<Cov CovItemId="B34" Value="1"/>
<Cov CovItemId="B36" Value="2"/>
<Cov CovItemId="B40" Value="2"/>
<Cov CovItemId="B5" Value="2"/>
<Cov CovItemId="B9" Value="2"/>
<Cov CovItemId="S1" Value="1"/>
<Cov CovItemId="S10" Value="1"/>
<Cov CovItemId="S11" Value="1"/>
<Cov CovItemId="S12" Value="1"/>
<Cov CovItemId="S13" Value="1"/>
<Cov CovItemId="S14" Value="1"/>
<Cov CovItemId="S15" Value="1"/>
<Cov CovItemId="S16" Value="1"/>
<Cov CovItemId="S17" Value="1"/>
<Cov CovItemId="S18" Value="1"/>
<Cov CovItemId="S19" Value="1"/>
<Cov CovItemId="S2" Value="1"/>
<Cov CovItemId="S20" Value="1"/>
<Cov CovItemId="S21" Value="1"/>
<Cov CovItemId="S24" Value="2"/>
<Cov CovItemId="S25" Value="2"/>
<Cov CovItemId="S26" Value="2"/>
<Cov CovItemId="S3" Value="1"/>
<Cov CovItemId="S30" Value="2"/>
<Cov CovItemId="S31" Value="2"/>
<Cov CovItemId="S32" Value="2"/>
<Cov CovItemId="S33" Value="2"/>
<Cov CovItemId="S39" Value="2"/>
<Cov CovItemId="S4" Value="1"/>
<Cov CovItemId="S40" Value="2"/>
<Cov CovItemId="S42" Value="2"/>
<Cov CovItemId="S43" Value="2"/>
<Cov CovItemId="S44" Value="2"/>
<Cov CovItemId="S45" Value="2"/>
<Cov CovItemId="S46" Value="2"/>
<Cov CovItemId="S48" Value="2"/>
<Cov CovItemId="S49" Value="2"/>
<Cov CovItemId="S5" Value="1"/>
<Cov CovItemId="S50" Value="2"/>
<Cov CovItemId="S6" Value="1"/>
<Cov CovItemId="S65" Value="2"/>
<Cov CovItemId="S66" Value="1"/>
<Cov CovItemId="S67" Value="2"/>
<Cov CovItemId="S7" Value="1"/>
<Cov CovItemId="S71" Value="2"/>
<Cov CovItemId="S73" Value="2"/>
<Cov CovItemId="S8" Value="1"/>
<Cov CovItemId="S9" Value="1"/>
</CovPrefix>
</CovList>
<AssgnmntList>
<AssgnmntPrefix RootTermCovItemPrefix="com.OriginalFiles.Board.java">
<AssgnmntListEntry Length="3" RootTermCovItemId="C55">
<MapEntry BoolAssgnmnt="002" Value="7"/>
</AssgnmntListEntry>
<AssgnmntListEntry Length="3" RootTermCovItemId="C56">
<MapEntry BoolAssgnmnt="120" Value="3"/>
<MapEntry BoolAssgnmnt="121" Value="4"/>
</AssgnmntListEntry>
</AssgnmntPrefix>
<AssgnmntPrefix RootTermCovItemPrefix="com.OriginalFiles.Field.java">
<AssgnmntListEntry Length="1" RootTermCovItemId="C1">
<MapEntry BoolAssgnmnt="0" Value="1"/>
</AssgnmntListEntry>
</AssgnmntPrefix>
<AssgnmntPrefix RootTermCovItemPrefix="com.OriginalFiles.Piece.java">
<AssgnmntListEntry Length="2" RootTermCovItemId="C1">
<MapEntry BoolAssgnmnt="10" Value="2"/>
</AssgnmntListEntry>
<AssgnmntListEntry Length="5" RootTermCovItemId="C17">
<MapEntry BoolAssgnmnt="01002" Value="1"/>
<MapEntry BoolAssgnmnt="01122" Value="1"/>
</AssgnmntListEntry>
<AssgnmntListEntry Length="5" RootTermCovItemId="C18">
<MapEntry BoolAssgnmnt="01002" Value="2"/>
</AssgnmntListEntry>
<AssgnmntListEntry Length="1" RootTermCovItemId="C20">
<MapEntry BoolAssgnmnt="0" Value="2"/>
</AssgnmntListEntry>
<AssgnmntListEntry Length="1" RootTermCovItemId="C3">
<MapEntry BoolAssgnmnt="1" Value="2"/>
</AssgnmntListEntry>
<AssgnmntListEntry Length="1" RootTermCovItemId="C5">
<MapEntry BoolAssgnmnt="1" Value="2"/>
</AssgnmntListEntry>
<AssgnmntListEntry Length="1" RootTermCovItemId="C6">
<MapEntry BoolAssgnmnt="1" Value="2"/>
</AssgnmntListEntry>
<AssgnmntListEntry Length="1" RootTermCovItemId="C7">
<MapEntry BoolAssgnmnt="0" Value="2"/>
</AssgnmntListEntry>
<AssgnmntListEntry Length="1" RootTermCovItemId="C8">
<MapEntry BoolAssgnmnt="1" Value="2"/>
</AssgnmntListEntry>
<AssgnmntListEntry Length="1" RootTermCovItemId="C9">
<MapEntry BoolAssgnmnt="0" Value="2"/>
</AssgnmntListEntry>
</AssgnmntPrefix>
</AssgnmntList>
<ObjMetaDataList/>
<MetaDataList/>
</TestCase>
<TestCase Comment="" Date="1386064416976" Name="com.Testing.FieldTest:testEmptyThisField">
<CovList>
<CovPrefix CovItemPrefix="com.OriginalFiles.Board.java">
<Cov CovItemId="B83" Value="4"/>
<Cov CovItemId="B84" Value="4"/>
<Cov CovItemId="B86" Value="4"/>
<Cov CovItemId="S180" Value="8"/>
<Cov CovItemId="S181" Value="4"/>
<Cov CovItemId="S182" Value="4"/>
<Cov CovItemId="S184" Value="4"/>
<Cov CovItemId="S185" Value="4"/>
</CovPrefix>
<CovPrefix CovItemPrefix="com.OriginalFiles.Field.java">
<Cov CovItemId="B1" Value="1"/>
<Cov CovItemId="S1" Value="1"/>
<Cov CovItemId="S13" Value="1"/>
<Cov CovItemId="S2" Value="1"/>
<Cov CovItemId="S5" Value="1"/>
<Cov CovItemId="S6" Value="1"/>
<Cov CovItemId="S7" Value="1"/>
<Cov CovItemId="S8" Value="3"/>
<Cov CovItemId="S9" Value="1"/>
</CovPrefix>
<CovPrefix CovItemPrefix="com.OriginalFiles.Piece.java">
<Cov CovItemId="B11" Value="2"/>
<Cov CovItemId="B14" Value="2"/>
<Cov CovItemId="B15" Value="2"/>
<Cov CovItemId="B18" Value="2"/>
<Cov CovItemId="B2" Value="2"/>
<Cov CovItemId="B34" Value="2"/>
<Cov CovItemId="B35" Value="2"/>
<Cov CovItemId="B37" Value="2"/>
<Cov CovItemId="B40" Value="2"/>
<Cov CovItemId="B5" Value="2"/>
<Cov CovItemId="B9" Value="2"/>
<Cov CovItemId="S1" Value="1"/>
<Cov CovItemId="S10" Value="1"/>
<Cov CovItemId="S11" Value="1"/>
<Cov CovItemId="S12" Value="1"/>
<Cov CovItemId="S13" Value="1"/>
<Cov CovItemId="S14" Value="1"/>
<Cov CovItemId="S15" Value="1"/>
<Cov CovItemId="S16" Value="1"/>
<Cov CovItemId="S17" Value="1"/>
<Cov CovItemId="S18" Value="1"/>
<Cov CovItemId="S19" Value="1"/>
<Cov CovItemId="S2" Value="1"/>
<Cov CovItemId="S20" Value="1"/>
<Cov CovItemId="S21" Value="1"/>
<Cov CovItemId="S24" Value="2"/>
<Cov CovItemId="S25" Value="2"/>
<Cov CovItemId="S26" Value="2"/>
<Cov CovItemId="S3" Value="1"/>
<Cov CovItemId="S30" Value="2"/>
<Cov CovItemId="S31" Value="2"/>
<Cov CovItemId="S32" Value="2"/>
<Cov CovItemId="S33" Value="2"/>
<Cov CovItemId="S39" Value="2"/>
<Cov CovItemId="S4" Value="1"/>
<Cov CovItemId="S40" Value="2"/>
<Cov CovItemId="S42" Value="2"/>
<Cov CovItemId="S43" Value="2"/>
<Cov CovItemId="S44" Value="2"/>
<Cov CovItemId="S45" Value="2"/>
<Cov CovItemId="S46" Value="2"/>
<Cov CovItemId="S48" Value="2"/>
<Cov CovItemId="S49" Value="2"/>
<Cov CovItemId="S5" Value="1"/>
<Cov CovItemId="S50" Value="2"/>
<Cov CovItemId="S6" Value="1"/>
<Cov CovItemId="S65" Value="2"/>
<Cov CovItemId="S67" Value="2"/>
<Cov CovItemId="S68" Value="2"/>
<Cov CovItemId="S69" Value="2"/>
<Cov CovItemId="S7" Value="1"/>
<Cov CovItemId="S70" Value="2"/>
<Cov CovItemId="S71" Value="2"/>
<Cov CovItemId="S73" Value="2"/>
<Cov CovItemId="S8" Value="1"/>
<Cov CovItemId="S9" Value="1"/>
</CovPrefix>
</CovList>
<AssgnmntList>
<AssgnmntPrefix RootTermCovItemPrefix="com.OriginalFiles.Board.java">
<AssgnmntListEntry Length="3" RootTermCovItemId="C55">
<MapEntry BoolAssgnmnt="120" Value="4"/>
<MapEntry BoolAssgnmnt="121" Value="4"/>
</AssgnmntListEntry>
<AssgnmntListEntry Length="3" RootTermCovItemId="C56">
<MapEntry BoolAssgnmnt="002" Value="4"/>
</AssgnmntListEntry>
</AssgnmntPrefix>
<AssgnmntPrefix RootTermCovItemPrefix="com.OriginalFiles.Field.java">
<AssgnmntListEntry Length="1" RootTermCovItemId="C1">
<MapEntry BoolAssgnmnt="0" Value="1"/>
</AssgnmntListEntry>
</AssgnmntPrefix>
<AssgnmntPrefix RootTermCovItemPrefix="com.OriginalFiles.Piece.java">
<AssgnmntListEntry Length="2" RootTermCovItemId="C1">
<MapEntry BoolAssgnmnt="10" Value="2"/>
</AssgnmntListEntry>
<AssgnmntListEntry Length="5" RootTermCovItemId="C17">
<MapEntry BoolAssgnmnt="00210" Value="2"/>
</AssgnmntListEntry>
<AssgnmntListEntry Length="5" RootTermCovItemId="C18">
<MapEntry BoolAssgnmnt="00211" Value="2"/>
</AssgnmntListEntry>
<AssgnmntListEntry Length="1" RootTermCovItemId="C19">
<MapEntry BoolAssgnmnt="1" Value="2"/>
</AssgnmntListEntry>
<AssgnmntListEntry Length="1" RootTermCovItemId="C20">
<MapEntry BoolAssgnmnt="0" Value="2"/>
</AssgnmntListEntry>
<AssgnmntListEntry Length="1" RootTermCovItemId="C3">
<MapEntry BoolAssgnmnt="1" Value="2"/>
</AssgnmntListEntry>
<AssgnmntListEntry Length="1" RootTermCovItemId="C5">
<MapEntry BoolAssgnmnt="1" Value="2"/>
</AssgnmntListEntry>
<AssgnmntListEntry Length="1" RootTermCovItemId="C6">
<MapEntry BoolAssgnmnt="1" Value="2"/>
</AssgnmntListEntry>
<AssgnmntListEntry Length="1" RootTermCovItemId="C7">
<MapEntry BoolAssgnmnt="0" Value="2"/>
</AssgnmntListEntry>
<AssgnmntListEntry Length="1" RootTermCovItemId="C8">
<MapEntry BoolAssgnmnt="1" Value="2"/>
</AssgnmntListEntry>
<AssgnmntListEntry Length="1" RootTermCovItemId="C9">
<MapEntry BoolAssgnmnt="0" Value="2"/>
</AssgnmntListEntry>
</AssgnmntPrefix>
</AssgnmntList>
<ObjMetaDataList/>
<MetaDataList/>
</TestCase>
<TestCase Comment="" Date="1386064416976" Name="com.Testing.FieldTest:testIsEmpty">
<CovList>
<CovPrefix CovItemPrefix="com.OriginalFiles.Board.java">
<Cov CovItemId="B83" Value="4"/>
<Cov CovItemId="B84" Value="4"/>
<Cov CovItemId="B86" Value="4"/>
<Cov CovItemId="S180" Value="8"/>
<Cov CovItemId="S181" Value="4"/>
<Cov CovItemId="S182" Value="4"/>
<Cov CovItemId="S184" Value="4"/>
<Cov CovItemId="S185" Value="4"/>
</CovPrefix>
<CovPrefix CovItemPrefix="com.OriginalFiles.Field.java">
<Cov CovItemId="B1" Value="1"/>
<Cov CovItemId="S1" Value="1"/>
<Cov CovItemId="S13" Value="1"/>
<Cov CovItemId="S2" Value="1"/>
<Cov CovItemId="S5" Value="1"/>
<Cov CovItemId="S6" Value="1"/>
<Cov CovItemId="S7" Value="1"/>
<Cov CovItemId="S9" Value="4"/>
</CovPrefix>
<CovPrefix CovItemPrefix="com.OriginalFiles.Piece.java">
<Cov CovItemId="B11" Value="2"/>
<Cov CovItemId="B14" Value="2"/>
<Cov CovItemId="B15" Value="2"/>
<Cov CovItemId="B18" Value="2"/>
<Cov CovItemId="B2" Value="2"/>
<Cov CovItemId="B34" Value="2"/>
<Cov CovItemId="B35" Value="2"/>
<Cov CovItemId="B37" Value="2"/>
<Cov CovItemId="B40" Value="2"/>
<Cov CovItemId="B5" Value="2"/>
<Cov CovItemId="B9" Value="2"/>
<Cov CovItemId="S1" Value="1"/>
<Cov CovItemId="S10" Value="1"/>
<Cov CovItemId="S11" Value="1"/>
<Cov CovItemId="S12" Value="1"/>
<Cov CovItemId="S13" Value="1"/>
<Cov CovItemId="S14" Value="1"/>
<Cov CovItemId="S15" Value="1"/>
<Cov CovItemId="S16" Value="1"/>
<Cov CovItemId="S17" Value="1"/>
<Cov CovItemId="S18" Value="1"/>
<Cov CovItemId="S19" Value="1"/>
<Cov CovItemId="S2" Value="1"/>
<Cov CovItemId="S20" Value="1"/>
<Cov CovItemId="S21" Value="1"/>
<Cov CovItemId="S24" Value="2"/>
<Cov CovItemId="S25" Value="2"/>
<Cov CovItemId="S26" Value="2"/>
<Cov CovItemId="S3" Value="1"/>
<Cov CovItemId="S30" Value="2"/>
<Cov CovItemId="S31" Value="2"/>
<Cov CovItemId="S32" Value="2"/>
<Cov CovItemId="S33" Value="2"/>
<Cov CovItemId="S39" Value="2"/>
<Cov CovItemId="S4" Value="1"/>
<Cov CovItemId="S40" Value="2"/>
<Cov CovItemId="S42" Value="2"/>
<Cov CovItemId="S43" Value="2"/>
<Cov CovItemId="S44" Value="2"/>
<Cov CovItemId="S45" Value="2"/>
<Cov CovItemId="S46" Value="2"/>
<Cov CovItemId="S48" Value="2"/>
<Cov CovItemId="S49" Value="2"/>
<Cov CovItemId="S5" Value="1"/>
<Cov CovItemId="S50" Value="2"/>
<Cov CovItemId="S6" Value="1"/>
<Cov CovItemId="S65" Value="2"/>
<Cov CovItemId="S67" Value="2"/>
<Cov CovItemId="S68" Value="2"/>
<Cov CovItemId="S69" Value="2"/>
<Cov CovItemId="S7" Value="1"/>
<Cov CovItemId="S70" Value="2"/>
<Cov CovItemId="S71" Value="2"/>
<Cov CovItemId="S73" Value="2"/>
<Cov CovItemId="S8" Value="1"/>
<Cov CovItemId="S9" Value="1"/>
</CovPrefix>
</CovList>
<AssgnmntList>
<AssgnmntPrefix RootTermCovItemPrefix="com.OriginalFiles.Board.java">
<AssgnmntListEntry Length="3" RootTermCovItemId="C55">
<MapEntry BoolAssgnmnt="120" Value="4"/>
<MapEntry BoolAssgnmnt="121" Value="4"/>
</AssgnmntListEntry>
<AssgnmntListEntry Length="3" RootTermCovItemId="C56">
<MapEntry BoolAssgnmnt="002" Value="4"/>
</AssgnmntListEntry>
</AssgnmntPrefix>
<AssgnmntPrefix RootTermCovItemPrefix="com.OriginalFiles.Field.java">
<AssgnmntListEntry Length="1" RootTermCovItemId="C1">
<MapEntry BoolAssgnmnt="0" Value="1"/>
</AssgnmntListEntry>
</AssgnmntPrefix>
<AssgnmntPrefix RootTermCovItemPrefix="com.OriginalFiles.Piece.java">
<AssgnmntListEntry Length="2" RootTermCovItemId="C1">
<MapEntry BoolAssgnmnt="10" Value="2"/>
</AssgnmntListEntry>
<AssgnmntListEntry Length="5" RootTermCovItemId="C17">
<MapEntry BoolAssgnmnt="00210" Value="2"/>
</AssgnmntListEntry>
<AssgnmntListEntry Length="5" RootTermCovItemId="C18">
<MapEntry BoolAssgnmnt="00211" Value="2"/>
</AssgnmntListEntry>
<AssgnmntListEntry Length="1" RootTermCovItemId="C19">
<MapEntry BoolAssgnmnt="1" Value="2"/>
</AssgnmntListEntry>
<AssgnmntListEntry Length="1" RootTermCovItemId="C20">
<MapEntry BoolAssgnmnt="0" Value="2"/>
</AssgnmntListEntry>
<AssgnmntListEntry Length="1" RootTermCovItemId="C3">
<MapEntry BoolAssgnmnt="1" Value="2"/>
</AssgnmntListEntry>
<AssgnmntListEntry Length="1" RootTermCovItemId="C5">
<MapEntry BoolAssgnmnt="1" Value="2"/>
</AssgnmntListEntry>
<AssgnmntListEntry Length="1" RootTermCovItemId="C6">
<MapEntry BoolAssgnmnt="1" Value="2"/>
</AssgnmntListEntry>
<AssgnmntListEntry Length="1" RootTermCovItemId="C7">
<MapEntry BoolAssgnmnt="0" Value="2"/>
</AssgnmntListEntry>
<AssgnmntListEntry Length="1" RootTermCovItemId="C8">
<MapEntry BoolAssgnmnt="1" Value="2"/>
</AssgnmntListEntry>
<AssgnmntListEntry Length="1" RootTermCovItemId="C9">
<MapEntry BoolAssgnmnt="0" Value="2"/>
</AssgnmntListEntry>
</AssgnmntPrefix>
</AssgnmntList>
<ObjMetaDataList/>
<MetaDataList/>
</TestCase>
<TestCase Comment="" Date="1386064416978" Name="com.Testing.BoardTest:testCheckJumpDirection">
<CovList>
<CovPrefix CovItemPrefix="com.OriginalFiles.Analyze.java">
<Cov CovItemId="B107" Value="32"/>
<Cov CovItemId="S199" Value="32"/>
<Cov CovItemId="S200" Value="32"/>
<Cov CovItemId="S201" Value="32"/>
<Cov CovItemId="S202" Value="32"/>
<Cov CovItemId="S203" Value="32"/>
<Cov CovItemId="S204" Value="32"/>
</CovPrefix>
<CovPrefix CovItemPrefix="com.OriginalFiles.Board.java">
<Cov CovItemId="B41" Value="2"/>
<Cov CovItemId="B56" Value="4"/>
<Cov CovItemId="B57" Value="4"/>
<Cov CovItemId="B59" Value="4"/>
<Cov CovItemId="B61" Value="2"/>
<Cov CovItemId="B62" Value="2"/>
<Cov CovItemId="B79" Value="4"/>
<Cov CovItemId="B81" Value="2"/>
<Cov CovItemId="B82" Value="2"/>
<Cov CovItemId="B83" Value="29"/>
<Cov CovItemId="B84" Value="81"/>
<Cov CovItemId="B85" Value="29"/>
<Cov CovItemId="B86" Value="52"/>
<Cov CovItemId="S115" Value="2"/>
<Cov CovItemId="S116" Value="2"/>
<Cov CovItemId="S135" Value="4"/>
<Cov CovItemId="S137" Value="4"/>
<Cov CovItemId="S138" Value="4"/>
<Cov CovItemId="S139" Value="4"/>
<Cov CovItemId="S140" Value="2"/>
<Cov CovItemId="S141" Value="2"/>
<Cov CovItemId="S176" Value="4"/>
<Cov CovItemId="S177" Value="4"/>
<Cov CovItemId="S178" Value="2"/>
<Cov CovItemId="S179" Value="2"/>
<Cov CovItemId="S180" Value="110"/>
<Cov CovItemId="S181" Value="29"/>
<Cov CovItemId="S182" Value="81"/>
<Cov CovItemId="S183" Value="29"/>
<Cov CovItemId="S184" Value="52"/>
<Cov CovItemId="S185" Value="82"/>
</CovPrefix>
<CovPrefix CovItemPrefix="com.OriginalFiles.Field.java">
<Cov CovItemId="B1" Value="34"/>
<Cov CovItemId="B2" Value="8"/>
<Cov CovItemId="S1" Value="88"/>
<Cov CovItemId="S13" Value="65"/>
<Cov CovItemId="S2" Value="88"/>
<Cov CovItemId="S5" Value="42"/>
<Cov CovItemId="S6" Value="42"/>
<Cov CovItemId="S7" Value="34"/>
<Cov CovItemId="S8" Value="3"/>
<Cov CovItemId="S9" Value="48"/>
</CovPrefix>
<CovPrefix CovItemPrefix="com.OriginalFiles.Piece.java">
<Cov CovItemId="B10" Value="14"/>
<Cov CovItemId="B11" Value="28"/>
<Cov CovItemId="B12" Value="8"/>
<Cov CovItemId="B14" Value="28"/>
<Cov CovItemId="B15" Value="28"/>
<Cov CovItemId="B18" Value="28"/>
<Cov CovItemId="B2" Value="36"/>
<Cov CovItemId="B34" Value="28"/>
<Cov CovItemId="B35" Value="9"/>
<Cov CovItemId="B36" Value="19"/>
<Cov CovItemId="B37" Value="9"/>
<Cov CovItemId="B40" Value="28"/>
<Cov CovItemId="B5" Value="28"/>
<Cov CovItemId="B6" Value="8"/>
<Cov CovItemId="B9" Value="14"/>
<Cov CovItemId="S1" Value="34"/>
<Cov CovItemId="S10" Value="34"/>
<Cov CovItemId="S11" Value="34"/>
<Cov CovItemId="S12" Value="34"/>
<Cov CovItemId="S13" Value="34"/>
<Cov CovItemId="S14" Value="34"/>
<Cov CovItemId="S15" Value="34"/>
<Cov CovItemId="S16" Value="34"/>
<Cov CovItemId="S17" Value="34"/>
<Cov CovItemId="S18" Value="34"/>
<Cov CovItemId="S19" Value="34"/>
<Cov CovItemId="S2" Value="34"/>
<Cov CovItemId="S20" Value="34"/>
<Cov CovItemId="S21" Value="34"/>
<Cov CovItemId="S24" Value="36"/>
<Cov CovItemId="S25" Value="36"/>
<Cov CovItemId="S26" Value="36"/>
<Cov CovItemId="S3" Value="34"/>
<Cov CovItemId="S30" Value="36"/>
<Cov CovItemId="S31" Value="36"/>
<Cov CovItemId="S32" Value="36"/>
<Cov CovItemId="S33" Value="28"/>
<Cov CovItemId="S34" Value="8"/>
<Cov CovItemId="S35" Value="8"/>
<Cov CovItemId="S39" Value="28"/>
<Cov CovItemId="S4" Value="34"/>
<Cov CovItemId="S40" Value="14"/>
<Cov CovItemId="S41" Value="14"/>
<Cov CovItemId="S42" Value="36"/>
<Cov CovItemId="S43" Value="36"/>
<Cov CovItemId="S44" Value="28"/>
<Cov CovItemId="S45" Value="28"/>
<Cov CovItemId="S46" Value="28"/>
<Cov CovItemId="S48" Value="28"/>
<Cov CovItemId="S49" Value="28"/>
<Cov CovItemId="S5" Value="34"/>
<Cov CovItemId="S50" Value="28"/>
<Cov CovItemId="S6" Value="34"/>
<Cov CovItemId="S65" Value="28"/>
<Cov CovItemId="S67" Value="28"/>
<Cov CovItemId="S68" Value="9"/>
<Cov CovItemId="S69" Value="9"/>
<Cov CovItemId="S7" Value="34"/>
<Cov CovItemId="S70" Value="9"/>
<Cov CovItemId="S71" Value="28"/>
<Cov CovItemId="S73" Value="28"/>
<Cov CovItemId="S8" Value="34"/>
<Cov CovItemId="S9" Value="34"/>
</CovPrefix>
<CovPrefix CovItemPrefix="com.OriginalFiles.RemoteNXTFunctions.java">
<Cov CovItemId="B5" Value="32"/>
<Cov CovItemId="B7" Value="32"/>
<Cov CovItemId="S162" Value="32"/>
<Cov CovItemId="S19" Value="32"/>
<Cov CovItemId="S20" Value="32"/>
<Cov CovItemId="S21" Value="32"/>
<Cov CovItemId="S22" Value="32"/>
</CovPrefix>
</CovList>
<AssgnmntList>
<AssgnmntPrefix RootTermCovItemPrefix="com.OriginalFiles.Analyze.java">
<AssgnmntListEntry Length="6" RootTermCovItemId="C66">
<MapEntry BoolAssgnmnt="111111" Value="32"/>
</AssgnmntListEntry>
</AssgnmntPrefix>
<AssgnmntPrefix RootTermCovItemPrefix="com.OriginalFiles.Board.java">
<AssgnmntListEntry Length="1" RootTermCovItemId="C31">
<MapEntry BoolAssgnmnt="1" Value="2"/>
</AssgnmntListEntry>
<AssgnmntListEntry Length="5" RootTermCovItemId="C38">
<MapEntry BoolAssgnmnt="02002" Value="2"/>
<MapEntry BoolAssgnmnt="11221" Value="2"/>
</AssgnmntListEntry>
<AssgnmntListEntry Length="1" RootTermCovItemId="C39">
<MapEntry BoolAssgnmnt="1" Value="4"/>
</AssgnmntListEntry>
<AssgnmntListEntry Length="1" RootTermCovItemId="C40">
<MapEntry BoolAssgnmnt="0" Value="4"/>
</AssgnmntListEntry>
<AssgnmntListEntry Length="2" RootTermCovItemId="C41">
<MapEntry BoolAssgnmnt="10" Value="2"/>
<MapEntry BoolAssgnmnt="02" Value="2"/>
</AssgnmntListEntry>
<AssgnmntListEntry Length="1" RootTermCovItemId="C53">
<MapEntry BoolAssgnmnt="1" Value="4"/>
</AssgnmntListEntry>
<AssgnmntListEntry Length="1" RootTermCovItemId="C54">
<MapEntry BoolAssgnmnt="0" Value="2"/>
<MapEntry BoolAssgnmnt="1" Value="2"/>
</AssgnmntListEntry>
<AssgnmntListEntry Length="3" RootTermCovItemId="C55">
<MapEntry BoolAssgnmnt="002" Value="53"/>
<MapEntry BoolAssgnmnt="120" Value="29"/>
<MapEntry BoolAssgnmnt="121" Value="28"/>
</AssgnmntListEntry>
<AssgnmntListEntry Length="3" RootTermCovItemId="C56">
<MapEntry BoolAssgnmnt="002" Value="28"/>
<MapEntry BoolAssgnmnt="120" Value="24"/>
<MapEntry BoolAssgnmnt="121" Value="29"/>
</AssgnmntListEntry>
</AssgnmntPrefix>
<AssgnmntPrefix RootTermCovItemPrefix="com.OriginalFiles.Field.java">
<AssgnmntListEntry Length="1" RootTermCovItemId="C1">
<MapEntry BoolAssgnmnt="0" Value="34"/>
<MapEntry BoolAssgnmnt="1" Value="8"/>
</AssgnmntListEntry>
</AssgnmntPrefix>
<AssgnmntPrefix RootTermCovItemPrefix="com.OriginalFiles.Piece.java">
<AssgnmntListEntry Length="2" RootTermCovItemId="C1">
<MapEntry BoolAssgnmnt="10" Value="28"/>
<MapEntry BoolAssgnmnt="02" Value="8"/>
</AssgnmntListEntry>
<AssgnmntListEntry Length="5" RootTermCovItemId="C17">
<MapEntry BoolAssgnmnt="00210" Value="14"/>
<MapEntry BoolAssgnmnt="01002" Value="14"/>
</AssgnmntListEntry>
<AssgnmntListEntry Length="5" RootTermCovItemId="C18">
<MapEntry BoolAssgnmnt="00210" Value="9"/>
<MapEntry BoolAssgnmnt="00211" Value="5"/>
<MapEntry BoolAssgnmnt="01002" Value="10"/>
<MapEntry BoolAssgnmnt="01122" Value="4"/>
</AssgnmntListEntry>
<AssgnmntListEntry Length="1" RootTermCovItemId="C19">
<MapEntry BoolAssgnmnt="1" Value="9"/>
</AssgnmntListEntry>
<AssgnmntListEntry Length="1" RootTermCovItemId="C20">
<MapEntry BoolAssgnmnt="0" Value="28"/>
</AssgnmntListEntry>
<AssgnmntListEntry Length="1" RootTermCovItemId="C3">
<MapEntry BoolAssgnmnt="0" Value="8"/>
<MapEntry BoolAssgnmnt="1" Value="28"/>
</AssgnmntListEntry>
<AssgnmntListEntry Length="1" RootTermCovItemId="C5">
<MapEntry BoolAssgnmnt="0" Value="14"/>
<MapEntry BoolAssgnmnt="1" Value="14"/>
</AssgnmntListEntry>
<AssgnmntListEntry Length="1" RootTermCovItemId="C6">
<MapEntry BoolAssgnmnt="0" Value="8"/>
<MapEntry BoolAssgnmnt="1" Value="28"/>
</AssgnmntListEntry>
<AssgnmntListEntry Length="1" RootTermCovItemId="C7">
<MapEntry BoolAssgnmnt="0" Value="28"/>
</AssgnmntListEntry>
<AssgnmntListEntry Length="1" RootTermCovItemId="C8">
<MapEntry BoolAssgnmnt="1" Value="28"/>
</AssgnmntListEntry>
<AssgnmntListEntry Length="1" RootTermCovItemId="C9">
<MapEntry BoolAssgnmnt="0" Value="28"/>
</AssgnmntListEntry>
</AssgnmntPrefix>
<AssgnmntPrefix RootTermCovItemPrefix="com.OriginalFiles.RemoteNXTFunctions.java">
<AssgnmntListEntry Length="1" RootTermCovItemId="C5">
<MapEntry BoolAssgnmnt="1" Value="32"/>
</AssgnmntListEntry>
<AssgnmntListEntry Length="2" RootTermCovItemId="C6">
<MapEntry BoolAssgnmnt="11" Value="32"/>
</AssgnmntListEntry>
</AssgnmntPrefix>
</AssgnmntList>
<ObjMetaDataList/>
<MetaDataList/>
</TestCase>
<TestCase Comment="" Date="1386064416978" Name="com.Testing.BoardTest:testFieldOccupied">
<CovList>
<CovPrefix CovItemPrefix="com.OriginalFiles.Board.java">
<Cov CovItemId="B41" Value="2"/>
<Cov CovItemId="B42" Value="1"/>
<Cov CovItemId="S115" Value="3"/>
<Cov CovItemId="S116" Value="2"/>
<Cov CovItemId="S117" Value="1"/>
<Cov CovItemId="S185" Value="3"/>
</CovPrefix>
<CovPrefix CovItemPrefix="com.OriginalFiles.Field.java">
<Cov CovItemId="S9" Value="2"/>
</CovPrefix>
</CovList>
<AssgnmntList>
<AssgnmntPrefix RootTermCovItemPrefix="com.OriginalFiles.Board.java">
<AssgnmntListEntry Length="1" RootTermCovItemId="C31">
<MapEntry BoolAssgnmnt="0" Value="1"/>
<MapEntry BoolAssgnmnt="1" Value="2"/>
</AssgnmntListEntry>
</AssgnmntPrefix>
</AssgnmntList>
<ObjMetaDataList/>
<MetaDataList/>
</TestCase>
<TestCase Comment="" Date="1386064416979" Name="com.Testing.BoardTest:testBoard">
<CovList>
<CovPrefix CovItemPrefix="com.OriginalFiles.Field.java">
<Cov CovItemId="S8" Value="120"/>
</CovPrefix>
<CovPrefix CovItemPrefix="com.OriginalFiles.Piece.java">
<Cov CovItemId="S22" Value="24"/>
<Cov CovItemId="S23" Value="24"/>
</CovPrefix>
</CovList>
<AssgnmntList/>
<ObjMetaDataList/>
<MetaDataList/>
</TestCase>
<TestCase Comment="" Date="1386064416979" Name="com.Testing.BoardTest:testCheckAllegiance">
<CovList>
<CovPrefix CovItemPrefix="com.OriginalFiles.Board.java">
<Cov CovItemId="B79" Value="4"/>
<Cov CovItemId="B80" Value="2"/>
<Cov CovItemId="B81" Value="4"/>
<Cov CovItemId="B83" Value="1"/>
<Cov CovItemId="B84" Value="3"/>
<Cov CovItemId="B85" Value="1"/>
<Cov CovItemId="B86" Value="2"/>
<Cov CovItemId="S176" Value="6"/>
<Cov CovItemId="S177" Value="4"/>
<Cov CovItemId="S178" Value="4"/>
<Cov CovItemId="S179" Value="2"/>
<Cov CovItemId="S180" Value="4"/>
<Cov CovItemId="S181" Value="1"/>
<Cov CovItemId="S182" Value="3"/>
<Cov CovItemId="S183" Value="1"/>
<Cov CovItemId="S184" Value="2"/>
<Cov CovItemId="S185" Value="6"/>
</CovPrefix>
<CovPrefix CovItemPrefix="com.OriginalFiles.Field.java">
<Cov CovItemId="S1" Value="1"/>
<Cov CovItemId="S2" Value="1"/>
<Cov CovItemId="S8" Value="4"/>
<Cov CovItemId="S9" Value="4"/>
</CovPrefix>
</CovList>
<AssgnmntList>
<AssgnmntPrefix RootTermCovItemPrefix="com.OriginalFiles.Board.java">
<AssgnmntListEntry Length="1" RootTermCovItemId="C53">
<MapEntry BoolAssgnmnt="0" Value="2"/>
<MapEntry BoolAssgnmnt="1" Value="4"/>
</AssgnmntListEntry>
<AssgnmntListEntry Length="1" RootTermCovItemId="C54">
<MapEntry BoolAssgnmnt="0" Value="4"/>
</AssgnmntListEntry>
<AssgnmntListEntry Length="3" RootTermCovItemId="C55">
<MapEntry BoolAssgnmnt="002" Value="2"/>
<MapEntry BoolAssgnmnt="120" Value="1"/>
<MapEntry BoolAssgnmnt="121" Value="1"/>
</AssgnmntListEntry>
<AssgnmntListEntry Length="3" RootTermCovItemId="C56">
<MapEntry BoolAssgnmnt="002" Value="1"/>
<MapEntry BoolAssgnmnt="120" Value="1"/>
<MapEntry BoolAssgnmnt="121" Value="1"/>
</AssgnmntListEntry>
</AssgnmntPrefix>
</AssgnmntList>
<ObjMetaDataList/>
<MetaDataList/>
</TestCase>
<TestCase Comment="" Date="1386064416979" Name="com.Testing.BoardTest:testpeasentIsOnEndRow">
<CovList>
<CovPrefix CovItemPrefix="com.OriginalFiles.Board.java">
<Cov CovItemId="B31" Value="6"/>
<Cov CovItemId="B32" Value="1"/>
<Cov CovItemId="B33" Value="3"/>
<Cov CovItemId="B34" Value="3"/>
<Cov CovItemId="B35" Value="2"/>
<Cov CovItemId="B36" Value="4"/>
<Cov CovItemId="B79" Value="6"/>
<Cov CovItemId="B81" Value="6"/>
<Cov CovItemId="B84" Value="10"/>
<Cov CovItemId="B85" Value="5"/>
<Cov CovItemId="B86" Value="5"/>
<Cov CovItemId="S100" Value="3"/>
<Cov CovItemId="S101" Value="3"/>
<Cov CovItemId="S102" Value="6"/>
<Cov CovItemId="S103" Value="2"/>
<Cov CovItemId="S104" Value="5"/>
<Cov CovItemId="S176" Value="6"/>
<Cov CovItemId="S177" Value="6"/>
<Cov CovItemId="S178" Value="6"/>
<Cov CovItemId="S180" Value="10"/>
<Cov CovItemId="S182" Value="10"/>
<Cov CovItemId="S183" Value="5"/>
<Cov CovItemId="S184" Value="5"/>
<Cov CovItemId="S185" Value="8"/>
<Cov CovItemId="S98" Value="7"/>
<Cov CovItemId="S99" Value="6"/>
</CovPrefix>
<CovPrefix CovItemPrefix="com.OriginalFiles.Field.java">
<Cov CovItemId="B1" Value="1"/>
<Cov CovItemId="S1" Value="1"/>
<Cov CovItemId="S13" Value="1"/>
<Cov CovItemId="S2" Value="1"/>
<Cov CovItemId="S5" Value="1"/>
<Cov CovItemId="S6" Value="1"/>
<Cov CovItemId="S7" Value="1"/>
<Cov CovItemId="S8" Value="10"/>
<Cov CovItemId="S9" Value="14"/>
</CovPrefix>
<CovPrefix CovItemPrefix="com.OriginalFiles.Piece.java">
<Cov CovItemId="B10" Value="1"/>
<Cov CovItemId="B11" Value="1"/>
<Cov CovItemId="B14" Value="1"/>
<Cov CovItemId="B15" Value="1"/>
<Cov CovItemId="B18" Value="1"/>
<Cov CovItemId="B2" Value="1"/>
<Cov CovItemId="B34" Value="1"/>
<Cov CovItemId="B36" Value="1"/>
<Cov CovItemId="B40" Value="1"/>
<Cov CovItemId="B5" Value="1"/>
<Cov CovItemId="S1" Value="1"/>
<Cov CovItemId="S10" Value="1"/>
<Cov CovItemId="S11" Value="1"/>
<Cov CovItemId="S12" Value="1"/>
<Cov CovItemId="S13" Value="1"/>
<Cov CovItemId="S14" Value="1"/>
<Cov CovItemId="S15" Value="1"/>
<Cov CovItemId="S16" Value="1"/>
<Cov CovItemId="S17" Value="1"/>
<Cov CovItemId="S18" Value="1"/>
<Cov CovItemId="S19" Value="1"/>
<Cov CovItemId="S2" Value="1"/>
<Cov CovItemId="S20" Value="1"/>
<Cov CovItemId="S21" Value="1"/>
<Cov CovItemId="S24" Value="1"/>
<Cov CovItemId="S25" Value="1"/>
<Cov CovItemId="S26" Value="1"/>
<Cov CovItemId="S3" Value="1"/>
<Cov CovItemId="S30" Value="1"/>
<Cov CovItemId="S31" Value="1"/>
<Cov CovItemId="S32" Value="1"/>
<Cov CovItemId="S33" Value="1"/>
<Cov CovItemId="S39" Value="1"/>
<Cov CovItemId="S4" Value="1"/>
<Cov CovItemId="S41" Value="1"/>
<Cov CovItemId="S42" Value="1"/>
<Cov CovItemId="S43" Value="1"/>
<Cov CovItemId="S44" Value="1"/>
<Cov CovItemId="S45" Value="1"/>
<Cov CovItemId="S46" Value="1"/>
<Cov CovItemId="S48" Value="1"/>
<Cov CovItemId="S49" Value="1"/>
<Cov CovItemId="S5" Value="1"/>
<Cov CovItemId="S50" Value="1"/>
<Cov CovItemId="S6" Value="1"/>
<Cov CovItemId="S65" Value="1"/>
<Cov CovItemId="S67" Value="1"/>
<Cov CovItemId="S7" Value="1"/>
<Cov CovItemId="S71" Value="1"/>
<Cov CovItemId="S73" Value="1"/>
<Cov CovItemId="S8" Value="1"/>
<Cov CovItemId="S9" Value="1"/>
</CovPrefix>
</CovList>
<AssgnmntList>
<AssgnmntPrefix RootTermCovItemPrefix="com.OriginalFiles.Board.java">
<AssgnmntListEntry Length="1" RootTermCovItemId="C26">
<MapEntry BoolAssgnmnt="0" Value="6"/>
<MapEntry BoolAssgnmnt="1" Value="1"/>
</AssgnmntListEntry>
<AssgnmntListEntry Length="1" RootTermCovItemId="C27">
<MapEntry BoolAssgnmnt="0" Value="3"/>
<MapEntry BoolAssgnmnt="1" Value="3"/>
</AssgnmntListEntry>
<AssgnmntListEntry Length="2" RootTermCovItemId="C28">
<MapEntry BoolAssgnmnt="10" Value="2"/>
<MapEntry BoolAssgnmnt="02" Value="2"/>
<MapEntry BoolAssgnmnt="11" Value="2"/>
</AssgnmntListEntry>
<AssgnmntListEntry Length="1" RootTermCovItemId="C53">
<MapEntry BoolAssgnmnt="1" Value="6"/>
</AssgnmntListEntry>
<AssgnmntListEntry Length="1" RootTermCovItemId="C54">
<MapEntry BoolAssgnmnt="0" Value="6"/>
</AssgnmntListEntry>
<AssgnmntListEntry Length="3" RootTermCovItemId="C55">
<MapEntry BoolAssgnmnt="002" Value="7"/>
<MapEntry BoolAssgnmnt="121" Value="3"/>
</AssgnmntListEntry>
<AssgnmntListEntry Length="3" RootTermCovItemId="C56">
<MapEntry BoolAssgnmnt="002" Value="3"/>
<MapEntry BoolAssgnmnt="120" Value="2"/>
<MapEntry BoolAssgnmnt="121" Value="5"/>
</AssgnmntListEntry>
</AssgnmntPrefix>
<AssgnmntPrefix RootTermCovItemPrefix="com.OriginalFiles.Field.java">
<AssgnmntListEntry Length="1" RootTermCovItemId="C1">
<MapEntry BoolAssgnmnt="0" Value="1"/>
</AssgnmntListEntry>
</AssgnmntPrefix>
<AssgnmntPrefix RootTermCovItemPrefix="com.OriginalFiles.Piece.java">
<AssgnmntListEntry Length="2" RootTermCovItemId="C1">
<MapEntry BoolAssgnmnt="10" Value="1"/>
</AssgnmntListEntry>
<AssgnmntListEntry Length="5" RootTermCovItemId="C17">
<MapEntry BoolAssgnmnt="01002" Value="1"/>
</AssgnmntListEntry>
<AssgnmntListEntry Length="5" RootTermCovItemId="C18">
<MapEntry BoolAssgnmnt="01002" Value="1"/>
</AssgnmntListEntry>
<AssgnmntListEntry Length="1" RootTermCovItemId="C20">
<MapEntry BoolAssgnmnt="0" Value="1"/>
</AssgnmntListEntry>
<AssgnmntListEntry Length="1" RootTermCovItemId="C3">
<MapEntry BoolAssgnmnt="1" Value="1"/>
</AssgnmntListEntry>
<AssgnmntListEntry Length="1" RootTermCovItemId="C5">
<MapEntry BoolAssgnmnt="0" Value="1"/>
</AssgnmntListEntry>
<AssgnmntListEntry Length="1" RootTermCovItemId="C6">
<MapEntry BoolAssgnmnt="1" Value="1"/>
</AssgnmntListEntry>
<AssgnmntListEntry Length="1" RootTermCovItemId="C7">
<MapEntry BoolAssgnmnt="0" Value="1"/>
</AssgnmntListEntry>
<AssgnmntListEntry Length="1" RootTermCovItemId="C8">
<MapEntry BoolAssgnmnt="1" Value="1"/>
</AssgnmntListEntry>
<AssgnmntListEntry Length="1" RootTermCovItemId="C9">
<MapEntry BoolAssgnmnt="0" Value="1"/>
</AssgnmntListEntry>
</AssgnmntPrefix>
</AssgnmntList>
<ObjMetaDataList/>
<MetaDataList/>
</TestCase>
<TestCase Comment="" Date="1386064416980" Name="com.Testing.BoardTest:testverifyCorrectMove">
<CovList>
<CovPrefix CovItemPrefix="com.OriginalFiles.Analyze.java">
<Cov CovItemId="B108" Value="2"/>
<Cov CovItemId="B109" Value="1"/>
<Cov CovItemId="B110" Value="1"/>
<Cov CovItemId="B112" Value="1"/>
<Cov CovItemId="B114" Value="1"/>
<Cov CovItemId="S199" Value="2"/>
<Cov CovItemId="S200" Value="2"/>
<Cov CovItemId="S201" Value="2"/>
<Cov CovItemId="S202" Value="2"/>
<Cov CovItemId="S203" Value="2"/>
<Cov CovItemId="S205" Value="2"/>
<Cov CovItemId="S206" Value="1"/>
<Cov CovItemId="S207" Value="1"/>
<Cov CovItemId="S209" Value="1"/>
<Cov CovItemId="S211" Value="1"/>
</CovPrefix>
<CovPrefix CovItemPrefix="com.OriginalFiles.Board.java">
<Cov CovItemId="B27" Value="3"/>
<Cov CovItemId="B28" Value="1"/>
<Cov CovItemId="B29" Value="2"/>
<Cov CovItemId="B30" Value="1"/>
<Cov CovItemId="B39" Value="2"/>
<Cov CovItemId="B79" Value="4"/>
<Cov CovItemId="B81" Value="4"/>
<Cov CovItemId="B84" Value="8"/>
<Cov CovItemId="B85" Value="5"/>
<Cov CovItemId="B86" Value="3"/>
<Cov CovItemId="S111" Value="2"/>
<Cov CovItemId="S112" Value="2"/>
<Cov CovItemId="S113" Value="2"/>
<Cov CovItemId="S176" Value="4"/>
<Cov CovItemId="S177" Value="4"/>
<Cov CovItemId="S178" Value="4"/>
<Cov CovItemId="S180" Value="8"/>
<Cov CovItemId="S182" Value="8"/>
<Cov CovItemId="S183" Value="5"/>
<Cov CovItemId="S184" Value="3"/>
<Cov CovItemId="S185" Value="8"/>
<Cov CovItemId="S94" Value="4"/>
<Cov CovItemId="S95" Value="3"/>
<Cov CovItemId="S96" Value="2"/>
<Cov CovItemId="S97" Value="2"/>
</CovPrefix>
<CovPrefix CovItemPrefix="com.OriginalFiles.Field.java">
<Cov CovItemId="B1" Value="1"/>
<Cov CovItemId="S1" Value="1"/>
<Cov CovItemId="S2" Value="1"/>
<Cov CovItemId="S5" Value="1"/>
<Cov CovItemId="S6" Value="1"/>
<Cov CovItemId="S7" Value="1"/>
<Cov CovItemId="S8" Value="8"/>
<Cov CovItemId="S9" Value="5"/>
</CovPrefix>
<CovPrefix CovItemPrefix="com.OriginalFiles.Piece.java">
<Cov CovItemId="B11" Value="1"/>
<Cov CovItemId="B14" Value="1"/>
<Cov CovItemId="B15" Value="1"/>
<Cov CovItemId="B18" Value="1"/>
<Cov CovItemId="B2" Value="1"/>
<Cov CovItemId="B34" Value="1"/>
<Cov CovItemId="B36" Value="1"/>
<Cov CovItemId="B40" Value="1"/>
<Cov CovItemId="B5" Value="1"/>
<Cov CovItemId="B9" Value="1"/>
<Cov CovItemId="S1" Value="1"/>
<Cov CovItemId="S10" Value="1"/>
<Cov CovItemId="S11" Value="1"/>
<Cov CovItemId="S12" Value="1"/>
<Cov CovItemId="S13" Value="1"/>
<Cov CovItemId="S14" Value="1"/>
<Cov CovItemId="S15" Value="1"/>
<Cov CovItemId="S16" Value="1"/>
<Cov CovItemId="S17" Value="1"/>
<Cov CovItemId="S18" Value="1"/>
<Cov CovItemId="S19" Value="1"/>
<Cov CovItemId="S2" Value="1"/>
<Cov CovItemId="S20" Value="1"/>
<Cov CovItemId="S21" Value="1"/>
<Cov CovItemId="S24" Value="1"/>
<Cov CovItemId="S25" Value="1"/>
<Cov CovItemId="S26" Value="1"/>
<Cov CovItemId="S3" Value="1"/>
<Cov CovItemId="S30" Value="1"/>
<Cov CovItemId="S31" Value="1"/>
<Cov CovItemId="S32" Value="1"/>
<Cov CovItemId="S33" Value="1"/>
<Cov CovItemId="S39" Value="1"/>
<Cov CovItemId="S4" Value="1"/>
<Cov CovItemId="S40" Value="1"/>
<Cov CovItemId="S42" Value="1"/>
<Cov CovItemId="S43" Value="1"/>
<Cov CovItemId="S44" Value="1"/>
<Cov CovItemId="S45" Value="1"/>
<Cov CovItemId="S46" Value="1"/>
<Cov CovItemId="S48" Value="1"/>
<Cov CovItemId="S49" Value="1"/>
<Cov CovItemId="S5" Value="1"/>
<Cov CovItemId="S50" Value="1"/>
<Cov CovItemId="S6" Value="1"/>
<Cov CovItemId="S65" Value="1"/>
<Cov CovItemId="S67" Value="1"/>
<Cov CovItemId="S7" Value="1"/>
<Cov CovItemId="S71" Value="1"/>
<Cov CovItemId="S73" Value="1"/>
<Cov CovItemId="S8" Value="1"/>
<Cov CovItemId="S9" Value="1"/>
</CovPrefix>
<CovPrefix CovItemPrefix="com.OriginalFiles.RemoteNXTFunctions.java">
<Cov CovItemId="B10" Value="1"/>
<Cov CovItemId="B11" Value="1"/>
<Cov CovItemId="B5" Value="2"/>
<Cov CovItemId="B8" Value="2"/>
<Cov CovItemId="B9" Value="1"/>
<Cov CovItemId="S162" Value="2"/>
<Cov CovItemId="S19" Value="2"/>
<Cov CovItemId="S20" Value="2"/>
<Cov CovItemId="S21" Value="2"/>
<Cov CovItemId="S23" Value="2"/>
<Cov CovItemId="S24" Value="1"/>
<Cov CovItemId="S25" Value="1"/>
<Cov CovItemId="S26" Value="1"/>
</CovPrefix>
</CovList>
<AssgnmntList>
<AssgnmntPrefix RootTermCovItemPrefix="com.OriginalFiles.Analyze.java">
<AssgnmntListEntry Length="6" RootTermCovItemId="C66">
<MapEntry BoolAssgnmnt="110222" Value="1"/>
<MapEntry BoolAssgnmnt="022222" Value="1"/>
</AssgnmntListEntry>
<AssgnmntListEntry Length="6" RootTermCovItemId="C67">
<MapEntry BoolAssgnmnt="022222" Value="1"/>
<MapEntry BoolAssgnmnt="111111" Value="1"/>
</AssgnmntListEntry>
<AssgnmntListEntry Length="6" RootTermCovItemId="C68">
<MapEntry BoolAssgnmnt="102222" Value="1"/>
</AssgnmntListEntry>
<AssgnmntListEntry Length="6" RootTermCovItemId="C69">
<MapEntry BoolAssgnmnt="102222" Value="1"/>
</AssgnmntListEntry>
</AssgnmntPrefix>
<AssgnmntPrefix RootTermCovItemPrefix="com.OriginalFiles.Board.java">
<AssgnmntListEntry Length="1" RootTermCovItemId="C24">
<MapEntry BoolAssgnmnt="0" Value="1"/>
<MapEntry BoolAssgnmnt="1" Value="3"/>
</AssgnmntListEntry>
<AssgnmntListEntry Length="1" RootTermCovItemId="C25">
<MapEntry BoolAssgnmnt="0" Value="1"/>
<MapEntry BoolAssgnmnt="1" Value="2"/>
</AssgnmntListEntry>
<AssgnmntListEntry Length="1" RootTermCovItemId="C30">
<MapEntry BoolAssgnmnt="1" Value="2"/>
</AssgnmntListEntry>
<AssgnmntListEntry Length="1" RootTermCovItemId="C53">
<MapEntry BoolAssgnmnt="1" Value="4"/>
</AssgnmntListEntry>
<AssgnmntListEntry Length="1" RootTermCovItemId="C54">
<MapEntry BoolAssgnmnt="0" Value="4"/>
</AssgnmntListEntry>
<AssgnmntListEntry Length="3" RootTermCovItemId="C55">
<MapEntry BoolAssgnmnt="002" Value="7"/>
<MapEntry BoolAssgnmnt="121" Value="1"/>
</AssgnmntListEntry>
<AssgnmntListEntry Length="3" RootTermCovItemId="C56">
<MapEntry BoolAssgnmnt="002" Value="1"/>
<MapEntry BoolAssgnmnt="120" Value="2"/>
<MapEntry BoolAssgnmnt="121" Value="5"/>
</AssgnmntListEntry>
</AssgnmntPrefix>
<AssgnmntPrefix RootTermCovItemPrefix="com.OriginalFiles.Field.java">
<AssgnmntListEntry Length="1" RootTermCovItemId="C1">
<MapEntry BoolAssgnmnt="0" Value="1"/>
</AssgnmntListEntry>
</AssgnmntPrefix>
<AssgnmntPrefix RootTermCovItemPrefix="com.OriginalFiles.Piece.java">
<AssgnmntListEntry Length="2" RootTermCovItemId="C1">
<MapEntry BoolAssgnmnt="10" Value="1"/>
</AssgnmntListEntry>
<AssgnmntListEntry Length="5" RootTermCovItemId="C17">
<MapEntry BoolAssgnmnt="01002" Value="1"/>
</AssgnmntListEntry>
<AssgnmntListEntry Length="5" RootTermCovItemId="C18">
<MapEntry BoolAssgnmnt="01002" Value="1"/>
</AssgnmntListEntry>
<AssgnmntListEntry Length="1" RootTermCovItemId="C20">
<MapEntry BoolAssgnmnt="0" Value="1"/>
</AssgnmntListEntry>
<AssgnmntListEntry Length="1" RootTermCovItemId="C3">
<MapEntry BoolAssgnmnt="1" Value="1"/>
</AssgnmntListEntry>
<AssgnmntListEntry Length="1" RootTermCovItemId="C5">
<MapEntry BoolAssgnmnt="1" Value="1"/>
</AssgnmntListEntry>
<AssgnmntListEntry Length="1" RootTermCovItemId="C6">
<MapEntry BoolAssgnmnt="1" Value="1"/>
</AssgnmntListEntry>
<AssgnmntListEntry Length="1" RootTermCovItemId="C7">
<MapEntry BoolAssgnmnt="0" Value="1"/>
</AssgnmntListEntry>
<AssgnmntListEntry Length="1" RootTermCovItemId="C8">
<MapEntry BoolAssgnmnt="1" Value="1"/>
</AssgnmntListEntry>
<AssgnmntListEntry Length="1" RootTermCovItemId="C9">
<MapEntry BoolAssgnmnt="0" Value="1"/>
</AssgnmntListEntry>
</AssgnmntPrefix>
<AssgnmntPrefix RootTermCovItemPrefix="com.OriginalFiles.RemoteNXTFunctions.java">
<AssgnmntListEntry Length="1" RootTermCovItemId="C5">
<MapEntry BoolAssgnmnt="1" Value="2"/>
</AssgnmntListEntry>
<AssgnmntListEntry Length="2" RootTermCovItemId="C6">
<MapEntry BoolAssgnmnt="02" Value="2"/>
</AssgnmntListEntry>
<AssgnmntListEntry Length="2" RootTermCovItemId="C7">
<MapEntry BoolAssgnmnt="02" Value="1"/>
<MapEntry BoolAssgnmnt="11" Value="1"/>
</AssgnmntListEntry>
<AssgnmntListEntry Length="2" RootTermCovItemId="C8">
<MapEntry BoolAssgnmnt="11" Value="1"/>
</AssgnmntListEntry>
</AssgnmntPrefix>
</AssgnmntList>
<ObjMetaDataList/>
<MetaDataList/>
</TestCase>
<TestCase Comment="" Date="1386064416980" Name="com.Testing.BoardTest:testsortListOfFields">
<CovList>
<CovPrefix CovItemPrefix="com.OriginalFiles.Board.java">
<Cov CovItemId="B11" Value="1"/>
<Cov CovItemId="B14" Value="1"/>
<Cov CovItemId="B16" Value="1"/>
<Cov CovItemId="B17" Value="1"/>
<Cov CovItemId="B84" Value="4"/>
<Cov CovItemId="B85" Value="2"/>
<Cov CovItemId="B86" Value="2"/>
<Cov CovItemId="L11-2" Value="1"/>
<Cov CovItemId="L12-0" Value="1"/>
<Cov CovItemId="L12-1" Value="1"/>
<Cov CovItemId="S180" Value="4"/>
<Cov CovItemId="S182" Value="4"/>
<Cov CovItemId="S183" Value="2"/>
<Cov CovItemId="S184" Value="2"/>
<Cov CovItemId="S185" Value="4"/>
<Cov CovItemId="S64" Value="1"/>
<Cov CovItemId="S65" Value="1"/>
<Cov CovItemId="S66" Value="1"/>
<Cov CovItemId="S67" Value="1"/>
<Cov CovItemId="S68" Value="2"/>
<Cov CovItemId="S69" Value="1"/>
<Cov CovItemId="S70" Value="1"/>
<Cov CovItemId="S71" Value="1"/>
<Cov CovItemId="S72" Value="1"/>
<Cov CovItemId="S73" Value="1"/>
<Cov CovItemId="S74" Value="1"/>
<Cov CovItemId="S75" Value="1"/>
<Cov CovItemId="S76" Value="2"/>
<Cov CovItemId="S77" Value="2"/>
<Cov CovItemId="S78" Value="1"/>
<Cov CovItemId="S80" Value="1"/>
<Cov CovItemId="S82" Value="1"/>
<Cov CovItemId="S83" Value="1"/>
</CovPrefix>
<CovPrefix CovItemPrefix="com.OriginalFiles.Field.java">
<Cov CovItemId="B1" Value="2"/>
<Cov CovItemId="S1" Value="2"/>
<Cov CovItemId="S13" Value="64"/>
<Cov CovItemId="S2" Value="2"/>
<Cov CovItemId="S5" Value="2"/>
<Cov CovItemId="S6" Value="2"/>
<Cov CovItemId="S7" Value="2"/>
<Cov CovItemId="S8" Value="6"/>
<Cov CovItemId="S9" Value="2"/>
</CovPrefix>
<CovPrefix CovItemPrefix="com.OriginalFiles.Piece.java">
<Cov CovItemId="B1" Value="1"/>
<Cov CovItemId="B11" Value="2"/>
<Cov CovItemId="B13" Value="1"/>
<Cov CovItemId="B14" Value="1"/>
<Cov CovItemId="B15" Value="2"/>
<Cov CovItemId="B18" Value="2"/>
<Cov CovItemId="B2" Value="1"/>
<Cov CovItemId="B34" Value="2"/>
<Cov CovItemId="B36" Value="2"/>
<Cov CovItemId="B39" Value="1"/>
<Cov CovItemId="B4" Value="1"/>
<Cov CovItemId="B40" Value="1"/>
<Cov CovItemId="B5" Value="2"/>
<Cov CovItemId="B9" Value="2"/>
<Cov CovItemId="S1" Value="2"/>
<Cov CovItemId="S10" Value="2"/>
<Cov CovItemId="S11" Value="2"/>
<Cov CovItemId="S12" Value="2"/>
<Cov CovItemId="S13" Value="2"/>
<Cov CovItemId="S14" Value="2"/>
<Cov CovItemId="S15" Value="2"/>
<Cov CovItemId="S16" Value="2"/>
<Cov CovItemId="S17" Value="2"/>
<Cov CovItemId="S18" Value="2"/>
<Cov CovItemId="S19" Value="2"/>
<Cov CovItemId="S2" Value="2"/>
<Cov CovItemId="S20" Value="2"/>
<Cov CovItemId="S21" Value="2"/>
<Cov CovItemId="S24" Value="2"/>
<Cov CovItemId="S25" Value="2"/>
<Cov CovItemId="S26" Value="2"/>
<Cov CovItemId="S27" Value="1"/>
<Cov CovItemId="S29" Value="1"/>
<Cov CovItemId="S3" Value="2"/>
<Cov CovItemId="S30" Value="1"/>
<Cov CovItemId="S31" Value="2"/>
<Cov CovItemId="S32" Value="2"/>
<Cov CovItemId="S33" Value="2"/>
<Cov CovItemId="S39" Value="2"/>
<Cov CovItemId="S4" Value="2"/>
<Cov CovItemId="S40" Value="2"/>
<Cov CovItemId="S42" Value="2"/>
<Cov CovItemId="S43" Value="2"/>
<Cov CovItemId="S44" Value="2"/>
<Cov CovItemId="S45" Value="2"/>
<Cov CovItemId="S46" Value="2"/>
<Cov CovItemId="S47" Value="1"/>
<Cov CovItemId="S48" Value="2"/>
<Cov CovItemId="S49" Value="2"/>
<Cov CovItemId="S5" Value="2"/>
<Cov CovItemId="S50" Value="2"/>
<Cov CovItemId="S6" Value="2"/>
<Cov CovItemId="S65" Value="2"/>
<Cov CovItemId="S67" Value="2"/>
<Cov CovItemId="S7" Value="2"/>
<Cov CovItemId="S71" Value="2"/>
<Cov CovItemId="S72" Value="1"/>
<Cov CovItemId="S73" Value="2"/>
<Cov CovItemId="S8" Value="2"/>
<Cov CovItemId="S9" Value="2"/>
</CovPrefix>
</CovList>
<AssgnmntList>
<AssgnmntPrefix RootTermCovItemPrefix="com.OriginalFiles.Board.java">
<AssgnmntListEntry Length="1" RootTermCovItemId="C14">
<MapEntry BoolAssgnmnt="0" Value="1"/>
<MapEntry BoolAssgnmnt="1" Value="2"/>
</AssgnmntListEntry>
<AssgnmntListEntry Length="1" RootTermCovItemId="C15">
<MapEntry BoolAssgnmnt="0" Value="2"/>
<MapEntry BoolAssgnmnt="1" Value="1"/>
</AssgnmntListEntry>
<AssgnmntListEntry Length="1" RootTermCovItemId="C16">
<MapEntry BoolAssgnmnt="0" Value="1"/>
</AssgnmntListEntry>
<AssgnmntListEntry Length="4" RootTermCovItemId="C17">
<MapEntry BoolAssgnmnt="0222" Value="1"/>
</AssgnmntListEntry>
<AssgnmntListEntry Length="2" RootTermCovItemId="C18">
<MapEntry BoolAssgnmnt="02" Value="1"/>
</AssgnmntListEntry>
<AssgnmntListEntry Length="2" RootTermCovItemId="C19">
<MapEntry BoolAssgnmnt="10" Value="1"/>
</AssgnmntListEntry>
<AssgnmntListEntry Length="3" RootTermCovItemId="C55">
<MapEntry BoolAssgnmnt="002" Value="4"/>
</AssgnmntListEntry>
<AssgnmntListEntry Length="3" RootTermCovItemId="C56">
<MapEntry BoolAssgnmnt="120" Value="2"/>
<MapEntry BoolAssgnmnt="121" Value="2"/>
</AssgnmntListEntry>
</AssgnmntPrefix>
<AssgnmntPrefix RootTermCovItemPrefix="com.OriginalFiles.Field.java">
<AssgnmntListEntry Length="1" RootTermCovItemId="C1">
<MapEntry BoolAssgnmnt="0" Value="2"/>
</AssgnmntListEntry>
</AssgnmntPrefix>
<AssgnmntPrefix RootTermCovItemPrefix="com.OriginalFiles.Piece.java">
<AssgnmntListEntry Length="2" RootTermCovItemId="C1">
<MapEntry BoolAssgnmnt="10" Value="1"/>
<MapEntry BoolAssgnmnt="11" Value="1"/>
</AssgnmntListEntry>
<AssgnmntListEntry Length="5" RootTermCovItemId="C17">
<MapEntry BoolAssgnmnt="01002" Value="1"/>
<MapEntry BoolAssgnmnt="12222" Value="1"/>
</AssgnmntListEntry>
<AssgnmntListEntry Length="5" RootTermCovItemId="C18">
<MapEntry BoolAssgnmnt="01002" Value="1"/>
<MapEntry BoolAssgnmnt="12222" Value="1"/>
</AssgnmntListEntry>
<AssgnmntListEntry Length="2" RootTermCovItemId="C2">
<MapEntry BoolAssgnmnt="02" Value="1"/>
</AssgnmntListEntry>
<AssgnmntListEntry Length="1" RootTermCovItemId="C20">
<MapEntry BoolAssgnmnt="0" Value="1"/>
<MapEntry BoolAssgnmnt="1" Value="1"/>
</AssgnmntListEntry>
<AssgnmntListEntry Length="1" RootTermCovItemId="C3">
<MapEntry BoolAssgnmnt="1" Value="2"/>
</AssgnmntListEntry>
<AssgnmntListEntry Length="1" RootTermCovItemId="C5">
<MapEntry BoolAssgnmnt="1" Value="2"/>
</AssgnmntListEntry>
<AssgnmntListEntry Length="1" RootTermCovItemId="C6">
<MapEntry BoolAssgnmnt="1" Value="2"/>
</AssgnmntListEntry>
<AssgnmntListEntry Length="1" RootTermCovItemId="C7">
<MapEntry BoolAssgnmnt="0" Value="1"/>
<MapEntry BoolAssgnmnt="1" Value="1"/>
</AssgnmntListEntry>
<AssgnmntListEntry Length="1" RootTermCovItemId="C8">
<MapEntry BoolAssgnmnt="1" Value="2"/>
</AssgnmntListEntry>
<AssgnmntListEntry Length="1" RootTermCovItemId="C9">
<MapEntry BoolAssgnmnt="0" Value="2"/>
</AssgnmntListEntry>
</AssgnmntPrefix>
</AssgnmntList>
<ObjMetaDataList/>
<MetaDataList/>
</TestCase>
<TestCase Comment="" Date="1386064416981" Name="com.Testing.BoardTest:testCheckMoveable">
<CovList>
<CovPrefix CovItemPrefix="com.OriginalFiles.Analyze.java">
<Cov CovItemId="B107" Value="32"/>
<Cov CovItemId="S199" Value="32"/>
<Cov CovItemId="S200" Value="32"/>
<Cov CovItemId="S201" Value="32"/>
<Cov CovItemId="S202" Value="32"/>
<Cov CovItemId="S203" Value="32"/>
<Cov CovItemId="S204" Value="32"/>
</CovPrefix>
<CovPrefix CovItemPrefix="com.OriginalFiles.Board.java">
<Cov CovItemId="B41" Value="10"/>
<Cov CovItemId="B42" Value="4"/>
<Cov CovItemId="B45" Value="4"/>
<Cov CovItemId="B46" Value="1"/>
<Cov CovItemId="B47" Value="3"/>
<Cov CovItemId="B48" Value="2"/>
<Cov CovItemId="B49" Value="2"/>
<Cov CovItemId="B50" Value="3"/>
<Cov CovItemId="B52" Value="2"/>
<Cov CovItemId="B54" Value="2"/>
<Cov CovItemId="B83" Value="24"/>
<Cov CovItemId="B84" Value="68"/>
<Cov CovItemId="B85" Value="24"/>
<Cov CovItemId="B86" Value="44"/>
<Cov CovItemId="S115" Value="14"/>
<Cov CovItemId="S116" Value="10"/>
<Cov CovItemId="S117" Value="4"/>
<Cov CovItemId="S123" Value="5"/>
<Cov CovItemId="S124" Value="5"/>
<Cov CovItemId="S125" Value="4"/>
<Cov CovItemId="S126" Value="5"/>
<Cov CovItemId="S127" Value="3"/>
<Cov CovItemId="S128" Value="5"/>
<Cov CovItemId="S129" Value="2"/>
<Cov CovItemId="S131" Value="2"/>
<Cov CovItemId="S133" Value="5"/>
<Cov CovItemId="S180" Value="92"/>
<Cov CovItemId="S181" Value="24"/>
<Cov CovItemId="S182" Value="68"/>
<Cov CovItemId="S183" Value="24"/>
<Cov CovItemId="S184" Value="44"/>
<Cov CovItemId="S185" Value="78"/>
</CovPrefix>
<CovPrefix CovItemPrefix="com.OriginalFiles.Field.java">
<Cov CovItemId="B1" Value="32"/>
<Cov CovItemId="B2" Value="8"/>
<Cov CovItemId="S1" Value="88"/>
<Cov CovItemId="S13" Value="64"/>
<Cov CovItemId="S2" Value="88"/>
<Cov CovItemId="S5" Value="40"/>
<Cov CovItemId="S6" Value="40"/>
<Cov CovItemId="S7" Value="32"/>
<Cov CovItemId="S8" Value="7"/>
<Cov CovItemId="S9" Value="50"/>
</CovPrefix>
<CovPrefix CovItemPrefix="com.OriginalFiles.Piece.java">
<Cov CovItemId="B10" Value="12"/>
<Cov CovItemId="B11" Value="24"/>
<Cov CovItemId="B12" Value="8"/>
<Cov CovItemId="B14" Value="24"/>
<Cov CovItemId="B15" Value="24"/>
<Cov CovItemId="B18" Value="24"/>
<Cov CovItemId="B2" Value="32"/>
<Cov CovItemId="B34" Value="24"/>
<Cov CovItemId="B35" Value="8"/>
<Cov CovItemId="B36" Value="16"/>
<Cov CovItemId="B37" Value="8"/>
<Cov CovItemId="B40" Value="24"/>
<Cov CovItemId="B5" Value="24"/>
<Cov CovItemId="B6" Value="8"/>
<Cov CovItemId="B9" Value="12"/>
<Cov CovItemId="S1" Value="32"/>
<Cov CovItemId="S10" Value="32"/>
<Cov CovItemId="S11" Value="32"/>
<Cov CovItemId="S12" Value="32"/>
<Cov CovItemId="S13" Value="32"/>
<Cov CovItemId="S14" Value="32"/>
<Cov CovItemId="S15" Value="32"/>
<Cov CovItemId="S16" Value="32"/>
<Cov CovItemId="S17" Value="32"/>
<Cov CovItemId="S18" Value="32"/>
<Cov CovItemId="S19" Value="32"/>
<Cov CovItemId="S2" Value="32"/>
<Cov CovItemId="S20" Value="32"/>
<Cov CovItemId="S21" Value="32"/>
<Cov CovItemId="S24" Value="32"/>
<Cov CovItemId="S25" Value="32"/>
<Cov CovItemId="S26" Value="32"/>
<Cov CovItemId="S3" Value="32"/>
<Cov CovItemId="S30" Value="32"/>
<Cov CovItemId="S31" Value="32"/>
<Cov CovItemId="S32" Value="32"/>
<Cov CovItemId="S33" Value="24"/>
<Cov CovItemId="S34" Value="8"/>
<Cov CovItemId="S35" Value="8"/>
<Cov CovItemId="S39" Value="24"/>
<Cov CovItemId="S4" Value="32"/>
<Cov CovItemId="S40" Value="12"/>
<Cov CovItemId="S41" Value="12"/>
<Cov CovItemId="S42" Value="32"/>
<Cov CovItemId="S43" Value="32"/>
<Cov CovItemId="S44" Value="24"/>
<Cov CovItemId="S45" Value="24"/>
<Cov CovItemId="S46" Value="24"/>
<Cov CovItemId="S48" Value="24"/>
<Cov CovItemId="S49" Value="24"/>
<Cov CovItemId="S5" Value="32"/>
<Cov CovItemId="S50" Value="24"/>
<Cov CovItemId="S6" Value="32"/>
<Cov CovItemId="S65" Value="24"/>
<Cov CovItemId="S67" Value="24"/>
<Cov CovItemId="S68" Value="8"/>
<Cov CovItemId="S69" Value="8"/>
<Cov CovItemId="S7" Value="32"/>
<Cov CovItemId="S70" Value="8"/>
<Cov CovItemId="S71" Value="24"/>
<Cov CovItemId="S73" Value="24"/>
<Cov CovItemId="S8" Value="32"/>
<Cov CovItemId="S9" Value="32"/>
</CovPrefix>
<CovPrefix CovItemPrefix="com.OriginalFiles.RemoteNXTFunctions.java">
<Cov CovItemId="B5" Value="32"/>
<Cov CovItemId="B7" Value="32"/>
<Cov CovItemId="S162" Value="32"/>
<Cov CovItemId="S19" Value="32"/>
<Cov CovItemId="S20" Value="32"/>
<Cov CovItemId="S21" Value="32"/>
<Cov CovItemId="S22" Value="32"/>
</CovPrefix>
</CovList>
<AssgnmntList>
<AssgnmntPrefix RootTermCovItemPrefix="com.OriginalFiles.Analyze.java">
<AssgnmntListEntry Length="6" RootTermCovItemId="C66">
<MapEntry BoolAssgnmnt="111111" Value="32"/>
</AssgnmntListEntry>
</AssgnmntPrefix>
<AssgnmntPrefix RootTermCovItemPrefix="com.OriginalFiles.Board.java">
<AssgnmntListEntry Length="1" RootTermCovItemId="C31">
<MapEntry BoolAssgnmnt="0" Value="4"/>
<MapEntry BoolAssgnmnt="1" Value="10"/>
</AssgnmntListEntry>
<AssgnmntListEntry Length="1" RootTermCovItemId="C33">
<MapEntry BoolAssgnmnt="0" Value="4"/>
<MapEntry BoolAssgnmnt="1" Value="1"/>
</AssgnmntListEntry>
<AssgnmntListEntry Length="1" RootTermCovItemId="C34">
<MapEntry BoolAssgnmnt="0" Value="3"/>
<MapEntry BoolAssgnmnt="1" Value="2"/>
</AssgnmntListEntry>
<AssgnmntListEntry Length="1" RootTermCovItemId="C35">
<MapEntry BoolAssgnmnt="0" Value="3"/>
<MapEntry BoolAssgnmnt="1" Value="2"/>
</AssgnmntListEntry>
<AssgnmntListEntry Length="1" RootTermCovItemId="C36">
<MapEntry BoolAssgnmnt="1" Value="2"/>
</AssgnmntListEntry>
<AssgnmntListEntry Length="1" RootTermCovItemId="C37">
<MapEntry BoolAssgnmnt="1" Value="2"/>
</AssgnmntListEntry>
<AssgnmntListEntry Length="3" RootTermCovItemId="C55">
<MapEntry BoolAssgnmnt="002" Value="44"/>
<MapEntry BoolAssgnmnt="120" Value="24"/>
<MapEntry BoolAssgnmnt="121" Value="24"/>
</AssgnmntListEntry>
<AssgnmntListEntry Length="3" RootTermCovItemId="C56">
<MapEntry BoolAssgnmnt="002" Value="24"/>
<MapEntry BoolAssgnmnt="120" Value="20"/>
<MapEntry BoolAssgnmnt="121" Value="24"/>
</AssgnmntListEntry>
</AssgnmntPrefix>
<AssgnmntPrefix RootTermCovItemPrefix="com.OriginalFiles.Field.java">
<AssgnmntListEntry Length="1" RootTermCovItemId="C1">
<MapEntry BoolAssgnmnt="0" Value="32"/>
<MapEntry BoolAssgnmnt="1" Value="8"/>
</AssgnmntListEntry>
</AssgnmntPrefix>
<AssgnmntPrefix RootTermCovItemPrefix="com.OriginalFiles.Piece.java">
<AssgnmntListEntry Length="2" RootTermCovItemId="C1">
<MapEntry BoolAssgnmnt="10" Value="24"/>
<MapEntry BoolAssgnmnt="02" Value="8"/>
</AssgnmntListEntry>
<AssgnmntListEntry Length="5" RootTermCovItemId="C17">
<MapEntry BoolAssgnmnt="00210" Value="12"/>
<MapEntry BoolAssgnmnt="01002" Value="12"/>
</AssgnmntListEntry>
<AssgnmntListEntry Length="5" RootTermCovItemId="C18">
<MapEntry BoolAssgnmnt="00210" Value="8"/>
<MapEntry BoolAssgnmnt="00211" Value="4"/>
<MapEntry BoolAssgnmnt="01002" Value="8"/>
<MapEntry BoolAssgnmnt="01122" Value="4"/>
</AssgnmntListEntry>
<AssgnmntListEntry Length="1" RootTermCovItemId="C19">
<MapEntry BoolAssgnmnt="1" Value="8"/>
</AssgnmntListEntry>
<AssgnmntListEntry Length="1" RootTermCovItemId="C20">
<MapEntry BoolAssgnmnt="0" Value="24"/>
</AssgnmntListEntry>
<AssgnmntListEntry Length="1" RootTermCovItemId="C3">
<MapEntry BoolAssgnmnt="0" Value="8"/>
<MapEntry BoolAssgnmnt="1" Value="24"/>
</AssgnmntListEntry>
<AssgnmntListEntry Length="1" RootTermCovItemId="C5">
<MapEntry BoolAssgnmnt="0" Value="12"/>
<MapEntry BoolAssgnmnt="1" Value="12"/>
</AssgnmntListEntry>
<AssgnmntListEntry Length="1" RootTermCovItemId="C6">
<MapEntry BoolAssgnmnt="0" Value="8"/>
<MapEntry BoolAssgnmnt="1" Value="24"/>
</AssgnmntListEntry>
<AssgnmntListEntry Length="1" RootTermCovItemId="C7">
<MapEntry BoolAssgnmnt="0" Value="24"/>
</AssgnmntListEntry>
<AssgnmntListEntry Length="1" RootTermCovItemId="C8">
<MapEntry BoolAssgnmnt="1" Value="24"/>
</AssgnmntListEntry>
<AssgnmntListEntry Length="1" RootTermCovItemId="C9">
<MapEntry BoolAssgnmnt="0" Value="24"/>
</AssgnmntListEntry>
</AssgnmntPrefix>
<AssgnmntPrefix RootTermCovItemPrefix="com.OriginalFiles.RemoteNXTFunctions.java">
<AssgnmntListEntry Length="1" RootTermCovItemId="C5">
<MapEntry BoolAssgnmnt="1" Value="32"/>
</AssgnmntListEntry>
<AssgnmntListEntry Length="2" RootTermCovItemId="C6">
<MapEntry BoolAssgnmnt="11" Value="32"/>
</AssgnmntListEntry>
</AssgnmntPrefix>
</AssgnmntList>
<ObjMetaDataList/>
<MetaDataList/>
</TestCase>
<TestCase Comment="" Date="1386064416981" Name="com.Testing.BoardTest:testIsGreater">
<CovList>
<CovPrefix CovItemPrefix="com.OriginalFiles.Board.java">
<Cov CovItemId="B13" Value="1"/>
<Cov CovItemId="B14" Value="9"/>
<Cov CovItemId="B15" Value="3"/>
<Cov CovItemId="B16" Value="6"/>
<Cov CovItemId="B18" Value="6"/>
<Cov CovItemId="B19" Value="1"/>
<Cov CovItemId="B20" Value="5"/>
<Cov CovItemId="B21" Value="1"/>
<Cov CovItemId="B22" Value="4"/>
<Cov CovItemId="B24" Value="4"/>
<Cov CovItemId="B25" Value="3"/>
<Cov CovItemId="B26" Value="1"/>
<Cov CovItemId="B84" Value="18"/>
<Cov CovItemId="B85" Value="10"/>
<Cov CovItemId="B86" Value="8"/>
<Cov CovItemId="S180" Value="18"/>
<Cov CovItemId="S182" Value="18"/>
<Cov CovItemId="S183" Value="10"/>
<Cov CovItemId="S184" Value="8"/>
<Cov CovItemId="S185" Value="10"/>
<Cov CovItemId="S78" Value="10"/>
<Cov CovItemId="S79" Value="1"/>
<Cov CovItemId="S80" Value="9"/>
<Cov CovItemId="S81" Value="3"/>
<Cov CovItemId="S82" Value="6"/>
<Cov CovItemId="S84" Value="6"/>
<Cov CovItemId="S85" Value="1"/>
<Cov CovItemId="S86" Value="5"/>
<Cov CovItemId="S87" Value="1"/>
<Cov CovItemId="S88" Value="4"/>
<Cov CovItemId="S90" Value="4"/>
<Cov CovItemId="S91" Value="3"/>
<Cov CovItemId="S92" Value="1"/>
<Cov CovItemId="S93" Value="16"/>
</CovPrefix>
<CovPrefix CovItemPrefix="com.OriginalFiles.Field.java">
<Cov CovItemId="B1" Value="5"/>
<Cov CovItemId="S1" Value="2"/>
<Cov CovItemId="S13" Value="64"/>
<Cov CovItemId="S2" Value="2"/>
<Cov CovItemId="S5" Value="5"/>
<Cov CovItemId="S6" Value="5"/>
<Cov CovItemId="S7" Value="5"/>
<Cov CovItemId="S8" Value="42"/>
<Cov CovItemId="S9" Value="5"/>
</CovPrefix>
<CovPrefix CovItemPrefix="com.OriginalFiles.Piece.java">
<Cov CovItemId="B10" Value="2"/>
<Cov CovItemId="B11" Value="5"/>
<Cov CovItemId="B14" Value="5"/>
<Cov CovItemId="B15" Value="5"/>
<Cov CovItemId="B18" Value="5"/>
<Cov CovItemId="B2" Value="5"/>
<Cov CovItemId="B33" Value="2"/>
<Cov CovItemId="B34" Value="3"/>
<Cov CovItemId="B36" Value="5"/>
<Cov CovItemId="B40" Value="5"/>
<Cov CovItemId="B5" Value="5"/>
<Cov CovItemId="B9" Value="3"/>
<Cov CovItemId="S1" Value="2"/>
<Cov CovItemId="S10" Value="2"/>
<Cov CovItemId="S11" Value="2"/>
<Cov CovItemId="S12" Value="2"/>
<Cov CovItemId="S13" Value="2"/>
<Cov CovItemId="S14" Value="2"/>
<Cov CovItemId="S15" Value="2"/>
<Cov CovItemId="S16" Value="2"/>
<Cov CovItemId="S17" Value="2"/>
<Cov CovItemId="S18" Value="2"/>
<Cov CovItemId="S19" Value="2"/>
<Cov CovItemId="S2" Value="2"/>
<Cov CovItemId="S20" Value="2"/>
<Cov CovItemId="S21" Value="2"/>
<Cov CovItemId="S22" Value="2"/>
<Cov CovItemId="S24" Value="5"/>
<Cov CovItemId="S25" Value="5"/>
<Cov CovItemId="S26" Value="5"/>
<Cov CovItemId="S3" Value="2"/>
<Cov CovItemId="S30" Value="5"/>
<Cov CovItemId="S31" Value="5"/>
<Cov CovItemId="S32" Value="5"/>
<Cov CovItemId="S33" Value="5"/>
<Cov CovItemId="S39" Value="5"/>
<Cov CovItemId="S4" Value="2"/>
<Cov CovItemId="S40" Value="3"/>
<Cov CovItemId="S41" Value="2"/>
<Cov CovItemId="S42" Value="5"/>
<Cov CovItemId="S43" Value="5"/>
<Cov CovItemId="S44" Value="5"/>
<Cov CovItemId="S45" Value="5"/>
<Cov CovItemId="S46" Value="5"/>
<Cov CovItemId="S48" Value="5"/>
<Cov CovItemId="S49" Value="5"/>
<Cov CovItemId="S5" Value="2"/>
<Cov CovItemId="S50" Value="5"/>
<Cov CovItemId="S6" Value="2"/>
<Cov CovItemId="S65" Value="5"/>
<Cov CovItemId="S66" Value="2"/>
<Cov CovItemId="S67" Value="5"/>
<Cov CovItemId="S7" Value="2"/>
<Cov CovItemId="S71" Value="5"/>
<Cov CovItemId="S73" Value="5"/>
<Cov CovItemId="S8" Value="2"/>
<Cov CovItemId="S9" Value="2"/>
</CovPrefix>
</CovList>
<AssgnmntList>
<AssgnmntPrefix RootTermCovItemPrefix="com.OriginalFiles.Board.java">
<AssgnmntListEntry Length="4" RootTermCovItemId="C17">
<MapEntry BoolAssgnmnt="1002" Value="1"/>
<MapEntry BoolAssgnmnt="1122" Value="1"/>
<MapEntry BoolAssgnmnt="1010" Value="1"/>
<MapEntry BoolAssgnmnt="1011" Value="1"/>
<MapEntry BoolAssgnmnt="0222" Value="6"/>
</AssgnmntListEntry>
<AssgnmntListEntry Length="2" RootTermCovItemId="C18">
<MapEntry BoolAssgnmnt="10" Value="3"/>
<MapEntry BoolAssgnmnt="02" Value="6"/>
</AssgnmntListEntry>
<AssgnmntListEntry Length="2" RootTermCovItemId="C19">
<MapEntry BoolAssgnmnt="02" Value="6"/>
</AssgnmntListEntry>
<AssgnmntListEntry Length="3" RootTermCovItemId="C20">
<MapEntry BoolAssgnmnt="110" Value="1"/>
<MapEntry BoolAssgnmnt="102" Value="1"/>
<MapEntry BoolAssgnmnt="111" Value="1"/>
<MapEntry BoolAssgnmnt="022" Value="3"/>
</AssgnmntListEntry>
<AssgnmntListEntry Length="3" RootTermCovItemId="C21">
<MapEntry BoolAssgnmnt="110" Value="1"/>
<MapEntry BoolAssgnmnt="102" Value="1"/>
<MapEntry BoolAssgnmnt="111" Value="2"/>
<MapEntry BoolAssgnmnt="022" Value="1"/>
</AssgnmntListEntry>
<AssgnmntListEntry Length="1" RootTermCovItemId="C22">
<MapEntry BoolAssgnmnt="0" Value="4"/>
</AssgnmntListEntry>
<AssgnmntListEntry Length="1" RootTermCovItemId="C23">
<MapEntry BoolAssgnmnt="0" Value="1"/>
<MapEntry BoolAssgnmnt="1" Value="3"/>
</AssgnmntListEntry>
<AssgnmntListEntry Length="3" RootTermCovItemId="C55">
<MapEntry BoolAssgnmnt="002" Value="18"/>
</AssgnmntListEntry>
<AssgnmntListEntry Length="3" RootTermCovItemId="C56">
<MapEntry BoolAssgnmnt="120" Value="8"/>
<MapEntry BoolAssgnmnt="121" Value="10"/>
</AssgnmntListEntry>
</AssgnmntPrefix>
<AssgnmntPrefix RootTermCovItemPrefix="com.OriginalFiles.Field.java">
<AssgnmntListEntry Length="1" RootTermCovItemId="C1">
<MapEntry BoolAssgnmnt="0" Value="5"/>
</AssgnmntListEntry>
</AssgnmntPrefix>
<AssgnmntPrefix RootTermCovItemPrefix="com.OriginalFiles.Piece.java">
<AssgnmntListEntry Length="2" RootTermCovItemId="C1">
<MapEntry BoolAssgnmnt="10" Value="5"/>
</AssgnmntListEntry>
<AssgnmntListEntry Length="5" RootTermCovItemId="C17">
<MapEntry BoolAssgnmnt="01002" Value="3"/>
<MapEntry BoolAssgnmnt="01122" Value="2"/>
</AssgnmntListEntry>
<AssgnmntListEntry Length="5" RootTermCovItemId="C18">
<MapEntry BoolAssgnmnt="01002" Value="5"/>
</AssgnmntListEntry>
<AssgnmntListEntry Length="1" RootTermCovItemId="C20">
<MapEntry BoolAssgnmnt="0" Value="5"/>
</AssgnmntListEntry>
<AssgnmntListEntry Length="1" RootTermCovItemId="C3">
<MapEntry BoolAssgnmnt="1" Value="5"/>
</AssgnmntListEntry>
<AssgnmntListEntry Length="1" RootTermCovItemId="C5">
<MapEntry BoolAssgnmnt="0" Value="2"/>
<MapEntry BoolAssgnmnt="1" Value="3"/>
</AssgnmntListEntry>
<AssgnmntListEntry Length="1" RootTermCovItemId="C6">
<MapEntry BoolAssgnmnt="1" Value="5"/>
</AssgnmntListEntry>
<AssgnmntListEntry Length="1" RootTermCovItemId="C7">
<MapEntry BoolAssgnmnt="0" Value="5"/>
</AssgnmntListEntry>
<AssgnmntListEntry Length="1" RootTermCovItemId="C8">
<MapEntry BoolAssgnmnt="1" Value="5"/>
</AssgnmntListEntry>
<AssgnmntListEntry Length="1" RootTermCovItemId="C9">
<MapEntry BoolAssgnmnt="0" Value="5"/>
</AssgnmntListEntry>
</AssgnmntPrefix>
</AssgnmntList>
<ObjMetaDataList/>
<MetaDataList/>
</TestCase>
<TestCase Comment="" Date="1386064416982" Name="com.Testing.BoardTest:testResetVisited">
<CovList>
<CovPrefix CovItemPrefix="com.OriginalFiles.Board.java">
<Cov CovItemId="L10-2" Value="8"/>
<Cov CovItemId="L9-2" Value="1"/>
<Cov CovItemId="S61" Value="1"/>
<Cov CovItemId="S62" Value="8"/>
<Cov CovItemId="S63" Value="64"/>
</CovPrefix>
</CovList>
<AssgnmntList/>
<ObjMetaDataList/>
<MetaDataList/>
</TestCase>
<TestCase Comment="" Date="1386064416982" Name="com.Testing.BoardTest:testMovePiece">
<CovList>
<CovPrefix CovItemPrefix="com.OriginalFiles.Analyze.java">
<Cov CovItemId="B84" Value="1"/>
<Cov CovItemId="S149" Value="1"/>
</CovPrefix>
<CovPrefix CovItemPrefix="com.OriginalFiles.Board.java">
<Cov CovItemId="B31" Value="1"/>
<Cov CovItemId="B33" Value="1"/>
<Cov CovItemId="B36" Value="1"/>
<Cov CovItemId="B37" Value="1"/>
<Cov CovItemId="B38" Value="1"/>
<Cov CovItemId="B79" Value="1"/>
<Cov CovItemId="B81" Value="1"/>
<Cov CovItemId="B84" Value="5"/>
<Cov CovItemId="B85" Value="3"/>
<Cov CovItemId="B86" Value="2"/>
<Cov CovItemId="S100" Value="1"/>
<Cov CovItemId="S102" Value="1"/>
<Cov CovItemId="S104" Value="1"/>
<Cov CovItemId="S106" Value="2"/>
<Cov CovItemId="S107" Value="2"/>
<Cov CovItemId="S108" Value="2"/>
<Cov CovItemId="S109" Value="1"/>
<Cov CovItemId="S176" Value="1"/>
<Cov CovItemId="S177" Value="1"/>
<Cov CovItemId="S178" Value="1"/>
<Cov CovItemId="S180" Value="5"/>
<Cov CovItemId="S182" Value="5"/>
<Cov CovItemId="S183" Value="3"/>
<Cov CovItemId="S184" Value="2"/>
<Cov CovItemId="S185" Value="7"/>
<Cov CovItemId="S98" Value="1"/>
<Cov CovItemId="S99" Value="1"/>
</CovPrefix>
<CovPrefix CovItemPrefix="com.OriginalFiles.Field.java">
<Cov CovItemId="B1" Value="2"/>
<Cov CovItemId="S1" Value="1"/>
<Cov CovItemId="S13" Value="2"/>
<Cov CovItemId="S2" Value="1"/>
<Cov CovItemId="S5" Value="2"/>
<Cov CovItemId="S6" Value="2"/>
<Cov CovItemId="S7" Value="2"/>
<Cov CovItemId="S8" Value="7"/>
<Cov CovItemId="S9" Value="4"/>
</CovPrefix>
<CovPrefix CovItemPrefix="com.OriginalFiles.Piece.java">
<Cov CovItemId="B11" Value="1"/>
<Cov CovItemId="B12" Value="1"/>
<Cov CovItemId="B14" Value="1"/>
<Cov CovItemId="B15" Value="1"/>
<Cov CovItemId="B18" Value="1"/>
<Cov CovItemId="B2" Value="2"/>
<Cov CovItemId="B34" Value="1"/>
<Cov CovItemId="B36" Value="1"/>
<Cov CovItemId="B40" Value="1"/>
<Cov CovItemId="B5" Value="1"/>
<Cov CovItemId="B6" Value="1"/>
<Cov CovItemId="B9" Value="1"/>
<Cov CovItemId="S24" Value="2"/>
<Cov CovItemId="S25" Value="2"/>
<Cov CovItemId="S26" Value="2"/>
<Cov CovItemId="S30" Value="2"/>
<Cov CovItemId="S31" Value="2"/>
<Cov CovItemId="S32" Value="2"/>
<Cov CovItemId="S33" Value="1"/>
<Cov CovItemId="S34" Value="1"/>
<Cov CovItemId="S35" Value="1"/>
<Cov CovItemId="S39" Value="1"/>
<Cov CovItemId="S40" Value="1"/>
<Cov CovItemId="S42" Value="2"/>
<Cov CovItemId="S43" Value="2"/>
<Cov CovItemId="S44" Value="1"/>
<Cov CovItemId="S45" Value="1"/>
<Cov CovItemId="S46" Value="1"/>
<Cov CovItemId="S48" Value="1"/>
<Cov CovItemId="S49" Value="1"/>
<Cov CovItemId="S50" Value="1"/>
<Cov CovItemId="S65" Value="1"/>
<Cov CovItemId="S67" Value="1"/>
<Cov CovItemId="S71" Value="1"/>
<Cov CovItemId="S73" Value="1"/>
</CovPrefix>
</CovList>
<AssgnmntList>
<AssgnmntPrefix RootTermCovItemPrefix="com.OriginalFiles.Analyze.java">
<AssgnmntListEntry Length="1" RootTermCovItemId="C49">
<MapEntry BoolAssgnmnt="0" Value="1"/>
</AssgnmntListEntry>
</AssgnmntPrefix>
<AssgnmntPrefix RootTermCovItemPrefix="com.OriginalFiles.Board.java">
<AssgnmntListEntry Length="1" RootTermCovItemId="C26">
<MapEntry BoolAssgnmnt="0" Value="1"/>
</AssgnmntListEntry>
<AssgnmntListEntry Length="1" RootTermCovItemId="C27">
<MapEntry BoolAssgnmnt="1" Value="1"/>
</AssgnmntListEntry>
<AssgnmntListEntry Length="2" RootTermCovItemId="C28">
<MapEntry BoolAssgnmnt="02" Value="1"/>
</AssgnmntListEntry>
<AssgnmntListEntry Length="1" RootTermCovItemId="C29">
<MapEntry BoolAssgnmnt="0" Value="1"/>
<MapEntry BoolAssgnmnt="1" Value="1"/>
</AssgnmntListEntry>
<AssgnmntListEntry Length="1" RootTermCovItemId="C53">
<MapEntry BoolAssgnmnt="1" Value="1"/>
</AssgnmntListEntry>
<AssgnmntListEntry Length="1" RootTermCovItemId="C54">
<MapEntry BoolAssgnmnt="0" Value="1"/>
</AssgnmntListEntry>
<AssgnmntListEntry Length="3" RootTermCovItemId="C55">
<MapEntry BoolAssgnmnt="002" Value="5"/>
</AssgnmntListEntry>
<AssgnmntListEntry Length="3" RootTermCovItemId="C56">
<MapEntry BoolAssgnmnt="120" Value="2"/>
<MapEntry BoolAssgnmnt="121" Value="3"/>
</AssgnmntListEntry>
</AssgnmntPrefix>
<AssgnmntPrefix RootTermCovItemPrefix="com.OriginalFiles.Field.java">
<AssgnmntListEntry Length="1" RootTermCovItemId="C1">
<MapEntry BoolAssgnmnt="0" Value="2"/>
</AssgnmntListEntry>
</AssgnmntPrefix>
<AssgnmntPrefix RootTermCovItemPrefix="com.OriginalFiles.Piece.java">
<AssgnmntListEntry Length="2" RootTermCovItemId="C1">
<MapEntry BoolAssgnmnt="10" Value="1"/>
<MapEntry BoolAssgnmnt="02" Value="1"/>
</AssgnmntListEntry>
<AssgnmntListEntry Length="5" RootTermCovItemId="C17">
<MapEntry BoolAssgnmnt="01002" Value="1"/>
</AssgnmntListEntry>
<AssgnmntListEntry Length="5" RootTermCovItemId="C18">
<MapEntry BoolAssgnmnt="01002" Value="1"/>
</AssgnmntListEntry>
<AssgnmntListEntry Length="1" RootTermCovItemId="C20">
<MapEntry BoolAssgnmnt="0" Value="1"/>
</AssgnmntListEntry>
<AssgnmntListEntry Length="1" RootTermCovItemId="C3">
<MapEntry BoolAssgnmnt="0" Value="1"/>
<MapEntry BoolAssgnmnt="1" Value="1"/>
</AssgnmntListEntry>
<AssgnmntListEntry Length="1" RootTermCovItemId="C5">
<MapEntry BoolAssgnmnt="1" Value="1"/>
</AssgnmntListEntry>
<AssgnmntListEntry Length="1" RootTermCovItemId="C6">
<MapEntry BoolAssgnmnt="0" Value="1"/>
<MapEntry BoolAssgnmnt="1" Value="1"/>
</AssgnmntListEntry>
<AssgnmntListEntry Length="1" RootTermCovItemId="C7">
<MapEntry BoolAssgnmnt="0" Value="1"/>
</AssgnmntListEntry>
<AssgnmntListEntry Length="1" RootTermCovItemId="C8">
<MapEntry BoolAssgnmnt="1" Value="1"/>
</AssgnmntListEntry>
<AssgnmntListEntry Length="1" RootTermCovItemId="C9">
<MapEntry BoolAssgnmnt="0" Value="1"/>
</AssgnmntListEntry>
</AssgnmntPrefix>
</AssgnmntList>
<ObjMetaDataList/>
<MetaDataList/>
</TestCase>
<TestCase Comment="" Date="1386064416983" Name="com.Testing.BoardTest:testIsFieldEmptyOnBoard">
<CovList>
<CovPrefix CovItemPrefix="com.OriginalFiles.Analyze.java">
<Cov CovItemId="B107" Value="1"/>
<Cov CovItemId="B108" Value="1"/>
<Cov CovItemId="B110" Value="1"/>
<Cov CovItemId="B112" Value="1"/>
<Cov CovItemId="B114" Value="1"/>
<Cov CovItemId="S199" Value="2"/>
<Cov CovItemId="S200" Value="2"/>
<Cov CovItemId="S201" Value="2"/>
<Cov CovItemId="S202" Value="2"/>
<Cov CovItemId="S203" Value="2"/>
<Cov CovItemId="S204" Value="1"/>
<Cov CovItemId="S205" Value="1"/>
<Cov CovItemId="S207" Value="1"/>
<Cov CovItemId="S209" Value="1"/>
<Cov CovItemId="S211" Value="1"/>
</CovPrefix>
<CovPrefix CovItemPrefix="com.OriginalFiles.Board.java">
<Cov CovItemId="B39" Value="2"/>
<Cov CovItemId="B40" Value="1"/>
<Cov CovItemId="S111" Value="3"/>
<Cov CovItemId="S112" Value="2"/>
<Cov CovItemId="S113" Value="2"/>
<Cov CovItemId="S114" Value="1"/>
<Cov CovItemId="S185" Value="3"/>
</CovPrefix>
<CovPrefix CovItemPrefix="com.OriginalFiles.Field.java">
<Cov CovItemId="S1" Value="1"/>
<Cov CovItemId="S2" Value="1"/>
</CovPrefix>
<CovPrefix CovItemPrefix="com.OriginalFiles.RemoteNXTFunctions.java">
<Cov CovItemId="B5" Value="2"/>
<Cov CovItemId="B7" Value="1"/>
<Cov CovItemId="B8" Value="1"/>
<Cov CovItemId="B9" Value="1"/>
<Cov CovItemId="S162" Value="2"/>
<Cov CovItemId="S19" Value="2"/>
<Cov CovItemId="S20" Value="2"/>
<Cov CovItemId="S21" Value="2"/>
<Cov CovItemId="S22" Value="1"/>
<Cov CovItemId="S23" Value="1"/>
<Cov CovItemId="S24" Value="1"/>
</CovPrefix>
</CovList>
<AssgnmntList>
<AssgnmntPrefix RootTermCovItemPrefix="com.OriginalFiles.Analyze.java">
<AssgnmntListEntry Length="6" RootTermCovItemId="C66">
<MapEntry BoolAssgnmnt="022222" Value="1"/>
<MapEntry BoolAssgnmnt="111111" Value="1"/>
</AssgnmntListEntry>
<AssgnmntListEntry Length="6" RootTermCovItemId="C67">
<MapEntry BoolAssgnmnt="022222" Value="1"/>
</AssgnmntListEntry>
<AssgnmntListEntry Length="6" RootTermCovItemId="C68">
<MapEntry BoolAssgnmnt="102222" Value="1"/>
</AssgnmntListEntry>
<AssgnmntListEntry Length="6" RootTermCovItemId="C69">
<MapEntry BoolAssgnmnt="102222" Value="1"/>
</AssgnmntListEntry>
</AssgnmntPrefix>
<AssgnmntPrefix RootTermCovItemPrefix="com.OriginalFiles.Board.java">
<AssgnmntListEntry Length="1" RootTermCovItemId="C30">
<MapEntry BoolAssgnmnt="0" Value="1"/>
<MapEntry BoolAssgnmnt="1" Value="2"/>
</AssgnmntListEntry>
</AssgnmntPrefix>
<AssgnmntPrefix RootTermCovItemPrefix="com.OriginalFiles.RemoteNXTFunctions.java">
<AssgnmntListEntry Length="1" RootTermCovItemId="C5">
<MapEntry BoolAssgnmnt="1" Value="2"/>
</AssgnmntListEntry>
<AssgnmntListEntry Length="2" RootTermCovItemId="C6">
<MapEntry BoolAssgnmnt="02" Value="1"/>
<MapEntry BoolAssgnmnt="11" Value="1"/>
</AssgnmntListEntry>
<AssgnmntListEntry Length="2" RootTermCovItemId="C7">
<MapEntry BoolAssgnmnt="11" Value="1"/>
</AssgnmntListEntry>
</AssgnmntPrefix>
</AssgnmntList>
<ObjMetaDataList/>
<MetaDataList/>
</TestCase>
<TestCase Comment="" Date="1386064416983" Name="com.Testing.BoardTest:testFindMissingPiece">
<CovList>
<CovPrefix CovItemPrefix="com.OriginalFiles.Analyze.java">
<Cov CovItemId="B107" Value="12"/>
<Cov CovItemId="B108" Value="20"/>
<Cov CovItemId="B109" Value="12"/>
<Cov CovItemId="B110" Value="8"/>
<Cov CovItemId="B112" Value="8"/>
<Cov CovItemId="B114" Value="8"/>
<Cov CovItemId="S199" Value="32"/>
<Cov CovItemId="S200" Value="32"/>
<Cov CovItemId="S201" Value="32"/>
<Cov CovItemId="S202" Value="32"/>
<Cov CovItemId="S203" Value="32"/>
<Cov CovItemId="S204" Value="12"/>
<Cov CovItemId="S205" Value="20"/>
<Cov CovItemId="S206" Value="12"/>
<Cov CovItemId="S207" Value="8"/>
<Cov CovItemId="S209" Value="8"/>
<Cov CovItemId="S211" Value="8"/>
</CovPrefix>
<CovPrefix CovItemPrefix="com.OriginalFiles.Board.java">
<Cov CovItemId="B41" Value="42"/>
<Cov CovItemId="B42" Value="6"/>
<Cov CovItemId="B44" Value="24"/>
<Cov CovItemId="B45" Value="8"/>
<Cov CovItemId="B46" Value="16"/>
<Cov CovItemId="B47" Value="7"/>
<Cov CovItemId="B48" Value="17"/>
<Cov CovItemId="B50" Value="24"/>
<Cov CovItemId="B55" Value="48"/>
<Cov CovItemId="B56" Value="48"/>
<Cov CovItemId="B57" Value="35"/>
<Cov CovItemId="B58" Value="13"/>
<Cov CovItemId="B59" Value="35"/>
<Cov CovItemId="B62" Value="35"/>
<Cov CovItemId="B63" Value="32"/>
<Cov CovItemId="B64" Value="32"/>
<Cov CovItemId="B65" Value="24"/>
<Cov CovItemId="B66" Value="8"/>
<Cov CovItemId="B67" Value="12"/>
<Cov CovItemId="B68" Value="12"/>
<Cov CovItemId="B71" Value="4"/>
<Cov CovItemId="B72" Value="4"/>
<Cov CovItemId="B73" Value="16"/>
<Cov CovItemId="B74" Value="16"/>
<Cov CovItemId="B75" Value="16"/>
<Cov CovItemId="B76" Value="16"/>
<Cov CovItemId="B77" Value="8"/>
<Cov CovItemId="B78" Value="24"/>
<Cov CovItemId="B79" Value="59"/>
<Cov CovItemId="B81" Value="47"/>
<Cov CovItemId="B82" Value="12"/>
<Cov CovItemId="B83" Value="36"/>
<Cov CovItemId="B84" Value="103"/>
<Cov CovItemId="B85" Value="24"/>
<Cov CovItemId="B86" Value="79"/>
<Cov CovItemId="L10-2" Value="16"/>
<Cov CovItemId="L13-2" Value="1"/>
<Cov CovItemId="L14-2" Value="8"/>
<Cov CovItemId="L15-2" Value="1"/>
<Cov CovItemId="L16-2" Value="4"/>
<Cov CovItemId="L17-2" Value="4"/>
<Cov CovItemId="L9-2" Value="2"/>
<Cov CovItemId="S115" Value="48"/>
<Cov CovItemId="S116" Value="42"/>
<Cov CovItemId="S117" Value="6"/>
<Cov CovItemId="S118" Value="24"/>
<Cov CovItemId="S119" Value="24"/>
<Cov CovItemId="S121" Value="24"/>
<Cov CovItemId="S122" Value="24"/>
<Cov CovItemId="S123" Value="24"/>
<Cov CovItemId="S124" Value="24"/>
<Cov CovItemId="S125" Value="8"/>
<Cov CovItemId="S126" Value="24"/>
<Cov CovItemId="S127" Value="7"/>
<Cov CovItemId="S128" Value="24"/>
<Cov CovItemId="S133" Value="24"/>
<Cov CovItemId="S134" Value="24"/>
<Cov CovItemId="S135" Value="96"/>
<Cov CovItemId="S136" Value="48"/>
<Cov CovItemId="S137" Value="48"/>
<Cov CovItemId="S138" Value="35"/>
<Cov CovItemId="S139" Value="35"/>
<Cov CovItemId="S141" Value="48"/>
<Cov CovItemId="S142" Value="96"/>
<Cov CovItemId="S143" Value="1"/>
<Cov CovItemId="S144" Value="1"/>
<Cov CovItemId="S145" Value="8"/>
<Cov CovItemId="S146" Value="64"/>
<Cov CovItemId="S147" Value="32"/>
<Cov CovItemId="S148" Value="24"/>
<Cov CovItemId="S149" Value="12"/>
<Cov CovItemId="S150" Value="12"/>
<Cov CovItemId="S151" Value="1"/>
<Cov CovItemId="S157" Value="1"/>
<Cov CovItemId="S158" Value="1"/>
<Cov CovItemId="S159" Value="8"/>
<Cov CovItemId="S160" Value="4"/>
<Cov CovItemId="S161" Value="32"/>
<Cov CovItemId="S162" Value="16"/>
<Cov CovItemId="S163" Value="4"/>
<Cov CovItemId="S164" Value="4"/>
<Cov CovItemId="S165" Value="32"/>
<Cov CovItemId="S166" Value="16"/>
<Cov CovItemId="S167" Value="4"/>
<Cov CovItemId="S168" Value="1"/>
<Cov CovItemId="S169" Value="32"/>
<Cov CovItemId="S170" Value="32"/>
<Cov CovItemId="S171" Value="8"/>
<Cov CovItemId="S172" Value="24"/>
<Cov CovItemId="S173" Value="24"/>
<Cov CovItemId="S174" Value="24"/>
<Cov CovItemId="S175" Value="24"/>
<Cov CovItemId="S176" Value="59"/>
<Cov CovItemId="S177" Value="59"/>
<Cov CovItemId="S178" Value="47"/>
<Cov CovItemId="S179" Value="12"/>
<Cov CovItemId="S180" Value="139"/>
<Cov CovItemId="S181" Value="36"/>
<Cov CovItemId="S182" Value="103"/>
<Cov CovItemId="S183" Value="24"/>
<Cov CovItemId="S184" Value="79"/>
<Cov CovItemId="S185" Value="203"/>
<Cov CovItemId="S61" Value="2"/>
<Cov CovItemId="S62" Value="16"/>
<Cov CovItemId="S63" Value="128"/>
</CovPrefix>
<CovPrefix CovItemPrefix="com.OriginalFiles.Field.java">
<Cov CovItemId="B1" Value="24"/>
<Cov CovItemId="B2" Value="8"/>
<Cov CovItemId="S5" Value="32"/>
<Cov CovItemId="S6" Value="32"/>
<Cov CovItemId="S7" Value="24"/>
<Cov CovItemId="S8" Value="252"/>
<Cov CovItemId="S9" Value="133"/>
</CovPrefix>
<CovPrefix CovItemPrefix="com.OriginalFiles.Piece.java">
<Cov CovItemId="B10" Value="12"/>
<Cov CovItemId="B11" Value="24"/>
<Cov CovItemId="B14" Value="24"/>
<Cov CovItemId="B15" Value="24"/>
<Cov CovItemId="B18" Value="24"/>
<Cov CovItemId="B2" Value="24"/>
<Cov CovItemId="B34" Value="24"/>
<Cov CovItemId="B35" Value="8"/>
<Cov CovItemId="B36" Value="16"/>
<Cov CovItemId="B37" Value="8"/>
<Cov CovItemId="B40" Value="24"/>
<Cov CovItemId="B5" Value="24"/>
<Cov CovItemId="B9" Value="12"/>
<Cov CovItemId="S1" Value="24"/>
<Cov CovItemId="S10" Value="24"/>
<Cov CovItemId="S11" Value="24"/>
<Cov CovItemId="S12" Value="24"/>
<Cov CovItemId="S13" Value="24"/>
<Cov CovItemId="S14" Value="24"/>
<Cov CovItemId="S15" Value="24"/>
<Cov CovItemId="S16" Value="24"/>
<Cov CovItemId="S17" Value="24"/>
<Cov CovItemId="S18" Value="24"/>
<Cov CovItemId="S19" Value="24"/>
<Cov CovItemId="S2" Value="24"/>
<Cov CovItemId="S20" Value="24"/>
<Cov CovItemId="S21" Value="24"/>
<Cov CovItemId="S24" Value="24"/>
<Cov CovItemId="S25" Value="24"/>
<Cov CovItemId="S26" Value="24"/>
<Cov CovItemId="S3" Value="24"/>
<Cov CovItemId="S30" Value="24"/>
<Cov CovItemId="S31" Value="24"/>
<Cov CovItemId="S32" Value="24"/>
<Cov CovItemId="S33" Value="24"/>
<Cov CovItemId="S39" Value="24"/>
<Cov CovItemId="S4" Value="24"/>
<Cov CovItemId="S40" Value="12"/>
<Cov CovItemId="S41" Value="12"/>
<Cov CovItemId="S42" Value="24"/>
<Cov CovItemId="S43" Value="24"/>
<Cov CovItemId="S44" Value="24"/>
<Cov CovItemId="S45" Value="24"/>
<Cov CovItemId="S46" Value="24"/>
<Cov CovItemId="S48" Value="24"/>
<Cov CovItemId="S49" Value="24"/>
<Cov CovItemId="S5" Value="24"/>
<Cov CovItemId="S50" Value="24"/>
<Cov CovItemId="S6" Value="24"/>
<Cov CovItemId="S65" Value="24"/>
<Cov CovItemId="S67" Value="24"/>
<Cov CovItemId="S68" Value="8"/>
<Cov CovItemId="S69" Value="8"/>
<Cov CovItemId="S7" Value="24"/>
<Cov CovItemId="S70" Value="8"/>
<Cov CovItemId="S71" Value="24"/>
<Cov CovItemId="S73" Value="24"/>
<Cov CovItemId="S8" Value="24"/>
<Cov CovItemId="S9" Value="24"/>
</CovPrefix>
<CovPrefix CovItemPrefix="com.OriginalFiles.RemoteNXTFunctions.java">
<Cov CovItemId="B10" Value="30"/>
<Cov CovItemId="B11" Value="1"/>
<Cov CovItemId="B12" Value="29"/>
<Cov CovItemId="B13" Value="22"/>
<Cov CovItemId="B14" Value="7"/>
<Cov CovItemId="B5" Value="32"/>
<Cov CovItemId="B7" Value="1"/>
<Cov CovItemId="B8" Value="31"/>
<Cov CovItemId="B9" Value="1"/>
<Cov CovItemId="S162" Value="32"/>
<Cov CovItemId="S19" Value="32"/>
<Cov CovItemId="S20" Value="32"/>
<Cov CovItemId="S21" Value="32"/>
<Cov CovItemId="S22" Value="1"/>
<Cov CovItemId="S23" Value="31"/>
<Cov CovItemId="S24" Value="1"/>
<Cov CovItemId="S25" Value="30"/>
<Cov CovItemId="S26" Value="1"/>
<Cov CovItemId="S27" Value="29"/>
<Cov CovItemId="S28" Value="22"/>
<Cov CovItemId="S29" Value="7"/>
</CovPrefix>
</CovList>
<AssgnmntList>
<AssgnmntPrefix RootTermCovItemPrefix="com.OriginalFiles.Analyze.java">
<AssgnmntListEntry Length="6" RootTermCovItemId="C66">
<MapEntry BoolAssgnmnt="110222" Value="12"/>
<MapEntry BoolAssgnmnt="022222" Value="8"/>
<MapEntry BoolAssgnmnt="111111" Value="12"/>
</AssgnmntListEntry>
<AssgnmntListEntry Length="6" RootTermCovItemId="C67">
<MapEntry BoolAssgnmnt="022222" Value="8"/>
<MapEntry BoolAssgnmnt="111111" Value="12"/>
</AssgnmntListEntry>
<AssgnmntListEntry Length="6" RootTermCovItemId="C68">
<MapEntry BoolAssgnmnt="102222" Value="8"/>
</AssgnmntListEntry>
<AssgnmntListEntry Length="6" RootTermCovItemId="C69">
<MapEntry BoolAssgnmnt="102222" Value="8"/>
</AssgnmntListEntry>
</AssgnmntPrefix>
<AssgnmntPrefix RootTermCovItemPrefix="com.OriginalFiles.Board.java">
<AssgnmntListEntry Length="1" RootTermCovItemId="C31">
<MapEntry BoolAssgnmnt="0" Value="6"/>
<MapEntry BoolAssgnmnt="1" Value="42"/>
</AssgnmntListEntry>
<AssgnmntListEntry Length="1" RootTermCovItemId="C32">
<MapEntry BoolAssgnmnt="0" Value="24"/>
</AssgnmntListEntry>
<AssgnmntListEntry Length="1" RootTermCovItemId="C33">
<MapEntry BoolAssgnmnt="0" Value="8"/>
<MapEntry BoolAssgnmnt="1" Value="16"/>
</AssgnmntListEntry>
<AssgnmntListEntry Length="1" RootTermCovItemId="C34">
<MapEntry BoolAssgnmnt="0" Value="7"/>
<MapEntry BoolAssgnmnt="1" Value="17"/>
</AssgnmntListEntry>
<AssgnmntListEntry Length="1" RootTermCovItemId="C35">
<MapEntry BoolAssgnmnt="0" Value="24"/>
</AssgnmntListEntry>
<AssgnmntListEntry Length="5" RootTermCovItemId="C38">
<MapEntry BoolAssgnmnt="02002" Value="24"/>
<MapEntry BoolAssgnmnt="10122" Value="24"/>
<MapEntry BoolAssgnmnt="11220" Value="24"/>
<MapEntry BoolAssgnmnt="02010" Value="24"/>
</AssgnmntListEntry>
<AssgnmntListEntry Length="1" RootTermCovItemId="C39">
<MapEntry BoolAssgnmnt="0" Value="13"/>
<MapEntry BoolAssgnmnt="1" Value="35"/>
</AssgnmntListEntry>
<AssgnmntListEntry Length="1" RootTermCovItemId="C40">
<MapEntry BoolAssgnmnt="0" Value="35"/>
</AssgnmntListEntry>
<AssgnmntListEntry Length="2" RootTermCovItemId="C41">
<MapEntry BoolAssgnmnt="02" Value="35"/>
</AssgnmntListEntry>
<AssgnmntListEntry Length="1" RootTermCovItemId="C42">
<MapEntry BoolAssgnmnt="0" Value="32"/>
<MapEntry BoolAssgnmnt="1" Value="32"/>
</AssgnmntListEntry>
<AssgnmntListEntry Length="1" RootTermCovItemId="C43">
<MapEntry BoolAssgnmnt="0" Value="8"/>
<MapEntry BoolAssgnmnt="1" Value="24"/>
</AssgnmntListEntry>
<AssgnmntListEntry Length="1" RootTermCovItemId="C44">
<MapEntry BoolAssgnmnt="0" Value="12"/>
<MapEntry BoolAssgnmnt="1" Value="12"/>
</AssgnmntListEntry>
<AssgnmntListEntry Length="1" RootTermCovItemId="C46">
<MapEntry BoolAssgnmnt="0" Value="1"/>
<MapEntry BoolAssgnmnt="1" Value="8"/>
</AssgnmntListEntry>
<AssgnmntListEntry Length="1" RootTermCovItemId="C47">
<MapEntry BoolAssgnmnt="0" Value="4"/>
<MapEntry BoolAssgnmnt="1" Value="4"/>
</AssgnmntListEntry>
<AssgnmntListEntry Length="1" RootTermCovItemId="C48">
<MapEntry BoolAssgnmnt="0" Value="4"/>
<MapEntry BoolAssgnmnt="1" Value="32"/>
</AssgnmntListEntry>
<AssgnmntListEntry Length="1" RootTermCovItemId="C49">
<MapEntry BoolAssgnmnt="0" Value="16"/>
<MapEntry BoolAssgnmnt="1" Value="16"/>
</AssgnmntListEntry>
<AssgnmntListEntry Length="1" RootTermCovItemId="C50">
<MapEntry BoolAssgnmnt="0" Value="4"/>
<MapEntry BoolAssgnmnt="1" Value="32"/>
</AssgnmntListEntry>
<AssgnmntListEntry Length="1" RootTermCovItemId="C51">
<MapEntry BoolAssgnmnt="0" Value="16"/>
<MapEntry BoolAssgnmnt="1" Value="16"/>
</AssgnmntListEntry>
<AssgnmntListEntry Length="1" RootTermCovItemId="C52">
<MapEntry BoolAssgnmnt="0" Value="24"/>
<MapEntry BoolAssgnmnt="1" Value="8"/>
</AssgnmntListEntry>
<AssgnmntListEntry Length="1" RootTermCovItemId="C53">
<MapEntry BoolAssgnmnt="1" Value="59"/>
</AssgnmntListEntry>
<AssgnmntListEntry Length="1" RootTermCovItemId="C54">
<MapEntry BoolAssgnmnt="0" Value="47"/>
<MapEntry BoolAssgnmnt="1" Value="12"/>
</AssgnmntListEntry>
<AssgnmntListEntry Length="3" RootTermCovItemId="C55">
<MapEntry BoolAssgnmnt="002" Value="67"/>
<MapEntry BoolAssgnmnt="120" Value="36"/>
<MapEntry BoolAssgnmnt="121" Value="36"/>
</AssgnmntListEntry>
<AssgnmntListEntry Length="3" RootTermCovItemId="C56">
<MapEntry BoolAssgnmnt="002" Value="36"/>
<MapEntry BoolAssgnmnt="120" Value="43"/>
<MapEntry BoolAssgnmnt="121" Value="24"/>
</AssgnmntListEntry>
</AssgnmntPrefix>
<AssgnmntPrefix RootTermCovItemPrefix="com.OriginalFiles.Field.java">
<AssgnmntListEntry Length="1" RootTermCovItemId="C1">
<MapEntry BoolAssgnmnt="0" Value="24"/>
<MapEntry BoolAssgnmnt="1" Value="8"/>
</AssgnmntListEntry>
</AssgnmntPrefix>
<AssgnmntPrefix RootTermCovItemPrefix="com.OriginalFiles.Piece.java">
<AssgnmntListEntry Length="2" RootTermCovItemId="C1">
<MapEntry BoolAssgnmnt="10" Value="24"/>
</AssgnmntListEntry>
<AssgnmntListEntry Length="5" RootTermCovItemId="C17">
<MapEntry BoolAssgnmnt="00210" Value="12"/>
<MapEntry BoolAssgnmnt="01002" Value="12"/>
</AssgnmntListEntry>
<AssgnmntListEntry Length="5" RootTermCovItemId="C18">
<MapEntry BoolAssgnmnt="00210" Value="8"/>
<MapEntry BoolAssgnmnt="00211" Value="4"/>
<MapEntry BoolAssgnmnt="01002" Value="8"/>
<MapEntry BoolAssgnmnt="01122" Value="4"/>
</AssgnmntListEntry>
<AssgnmntListEntry Length="1" RootTermCovItemId="C19">
<MapEntry BoolAssgnmnt="1" Value="8"/>
</AssgnmntListEntry>
<AssgnmntListEntry Length="1" RootTermCovItemId="C20">
<MapEntry BoolAssgnmnt="0" Value="24"/>
</AssgnmntListEntry>
<AssgnmntListEntry Length="1" RootTermCovItemId="C3">
<MapEntry BoolAssgnmnt="1" Value="24"/>
</AssgnmntListEntry>
<AssgnmntListEntry Length="1" RootTermCovItemId="C5">
<MapEntry BoolAssgnmnt="0" Value="12"/>
<MapEntry BoolAssgnmnt="1" Value="12"/>
</AssgnmntListEntry>
<AssgnmntListEntry Length="1" RootTermCovItemId="C6">
<MapEntry BoolAssgnmnt="1" Value="24"/>
</AssgnmntListEntry>
<AssgnmntListEntry Length="1" RootTermCovItemId="C7">
<MapEntry BoolAssgnmnt="0" Value="24"/>
</AssgnmntListEntry>
<AssgnmntListEntry Length="1" RootTermCovItemId="C8">
<MapEntry BoolAssgnmnt="1" Value="24"/>
</AssgnmntListEntry>
<AssgnmntListEntry Length="1" RootTermCovItemId="C9">
<MapEntry BoolAssgnmnt="0" Value="24"/>
</AssgnmntListEntry>
</AssgnmntPrefix>
<AssgnmntPrefix RootTermCovItemPrefix="com.OriginalFiles.RemoteNXTFunctions.java">
<AssgnmntListEntry Length="1" RootTermCovItemId="C5">
<MapEntry BoolAssgnmnt="1" Value="32"/>
</AssgnmntListEntry>
<AssgnmntListEntry Length="2" RootTermCovItemId="C6">
<MapEntry BoolAssgnmnt="10" Value="3"/>
<MapEntry BoolAssgnmnt="02" Value="28"/>
<MapEntry BoolAssgnmnt="11" Value="1"/>
</AssgnmntListEntry>
<AssgnmntListEntry Length="2" RootTermCovItemId="C7">
<MapEntry BoolAssgnmnt="10" Value="3"/>
<MapEntry BoolAssgnmnt="02" Value="27"/>
<MapEntry BoolAssgnmnt="11" Value="1"/>
</AssgnmntListEntry>
<AssgnmntListEntry Length="2" RootTermCovItemId="C8">
<MapEntry BoolAssgnmnt="10" Value="3"/>
<MapEntry BoolAssgnmnt="02" Value="26"/>
<MapEntry BoolAssgnmnt="11" Value="1"/>
</AssgnmntListEntry>
<AssgnmntListEntry Length="1" RootTermCovItemId="C9">
<MapEntry BoolAssgnmnt="0" Value="7"/>
<MapEntry BoolAssgnmnt="1" Value="22"/>
</AssgnmntListEntry>
</AssgnmntPrefix>
</AssgnmntList>
<ObjMetaDataList/>
<MetaDataList/>
</TestCase>
<TestCase Comment="" Date="1386064416983" Name="com.Testing.BoardTest:testNewBoard">
<CovList>
<CovPrefix CovItemPrefix="com.OriginalFiles.Analyze.java">
<Cov CovItemId="B103" Value="1"/>
<Cov CovItemId="B104" Value="1"/>
<Cov CovItemId="B105" Value="1"/>
<Cov CovItemId="B107" Value="1"/>
<Cov CovItemId="B108" Value="1"/>
<Cov CovItemId="B109" Value="1"/>
<Cov CovItemId="S1" Value="2"/>
<Cov CovItemId="S191" Value="2"/>
<Cov CovItemId="S192" Value="2"/>
<Cov CovItemId="S193" Value="1"/>
<Cov CovItemId="S194" Value="1"/>
<Cov CovItemId="S195" Value="1"/>
<Cov CovItemId="S199" Value="2"/>
<Cov CovItemId="S2" Value="2"/>
<Cov CovItemId="S200" Value="2"/>
<Cov CovItemId="S201" Value="2"/>
<Cov CovItemId="S202" Value="2"/>
<Cov CovItemId="S203" Value="2"/>
<Cov CovItemId="S204" Value="1"/>
<Cov CovItemId="S205" Value="1"/>
<Cov CovItemId="S206" Value="1"/>
<Cov CovItemId="S3" Value="2"/>
<Cov CovItemId="S4" Value="2"/>
<Cov CovItemId="S5" Value="2"/>
</CovPrefix>
<CovPrefix CovItemPrefix="com.OriginalFiles.Board.java">
<Cov CovItemId="B1" Value="64"/>
<Cov CovItemId="B10" Value="16"/>
<Cov CovItemId="B2" Value="64"/>
<Cov CovItemId="B3" Value="24"/>
<Cov CovItemId="B4" Value="40"/>
<Cov CovItemId="B5" Value="8"/>
<Cov CovItemId="B6" Value="16"/>
<Cov CovItemId="B69" Value="1"/>
<Cov CovItemId="B7" Value="24"/>
<Cov CovItemId="B70" Value="1"/>
<Cov CovItemId="B8" Value="40"/>
<Cov CovItemId="B83" Value="48"/>
<Cov CovItemId="B84" Value="136"/>
<Cov CovItemId="B85" Value="48"/>
<Cov CovItemId="B86" Value="88"/>
<Cov CovItemId="B9" Value="8"/>
<Cov CovItemId="L1-2" Value="2"/>
<Cov CovItemId="L2-2" Value="16"/>
<Cov CovItemId="L3-2" Value="2"/>
<Cov CovItemId="L4-2" Value="2"/>
<Cov CovItemId="L5-2" Value="2"/>
<Cov CovItemId="L6-2" Value="6"/>
<Cov CovItemId="L7-2" Value="2"/>
<Cov CovItemId="L8-2" Value="4"/>
<Cov CovItemId="S1" Value="2"/>
<Cov CovItemId="S10" Value="2"/>
<Cov CovItemId="S11" Value="16"/>
<Cov CovItemId="S12" Value="128"/>
<Cov CovItemId="S13" Value="128"/>
<Cov CovItemId="S14" Value="128"/>
<Cov CovItemId="S15" Value="128"/>
<Cov CovItemId="S152" Value="2"/>
<Cov CovItemId="S153" Value="1"/>
<Cov CovItemId="S154" Value="1"/>
<Cov CovItemId="S155" Value="1"/>
<Cov CovItemId="S156" Value="1"/>
<Cov CovItemId="S16" Value="64"/>
<Cov CovItemId="S17" Value="64"/>
<Cov CovItemId="S18" Value="64"/>
<Cov CovItemId="S180" Value="184"/>
<Cov CovItemId="S181" Value="48"/>
<Cov CovItemId="S182" Value="136"/>
<Cov CovItemId="S183" Value="48"/>
<Cov CovItemId="S184" Value="88"/>
<Cov CovItemId="S185" Value="160"/>
<Cov CovItemId="S19" Value="24"/>
<Cov CovItemId="S2" Value="2"/>
<Cov CovItemId="S20" Value="24"/>
<Cov CovItemId="S21" Value="24"/>
<Cov CovItemId="S22" Value="8"/>
<Cov CovItemId="S23" Value="64"/>
<Cov CovItemId="S24" Value="24"/>
<Cov CovItemId="S25" Value="24"/>
<Cov CovItemId="S26" Value="24"/>
<Cov CovItemId="S27" Value="8"/>
<Cov CovItemId="S28" Value="64"/>
<Cov CovItemId="S29" Value="64"/>
<Cov CovItemId="S3" Value="2"/>
<Cov CovItemId="S30" Value="128"/>
<Cov CovItemId="S31" Value="2"/>
<Cov CovItemId="S32" Value="16"/>
<Cov CovItemId="S33" Value="16"/>
<Cov CovItemId="S34" Value="16"/>
<Cov CovItemId="S35" Value="16"/>
<Cov CovItemId="S36" Value="16"/>
<Cov CovItemId="S37" Value="16"/>
<Cov CovItemId="S38" Value="16"/>
<Cov CovItemId="S39" Value="16"/>
<Cov CovItemId="S4" Value="2"/>
<Cov CovItemId="S40" Value="2"/>
<Cov CovItemId="S41" Value="16"/>
<Cov CovItemId="S42" Value="16"/>
<Cov CovItemId="S43" Value="16"/>
<Cov CovItemId="S44" Value="16"/>
<Cov CovItemId="S45" Value="16"/>
<Cov CovItemId="S46" Value="16"/>
<Cov CovItemId="S47" Value="16"/>
<Cov CovItemId="S48" Value="16"/>
<Cov CovItemId="S49" Value="2"/>
<Cov CovItemId="S5" Value="2"/>
<Cov CovItemId="S50" Value="6"/>
<Cov CovItemId="S51" Value="48"/>
<Cov CovItemId="S52" Value="48"/>
<Cov CovItemId="S53" Value="48"/>
<Cov CovItemId="S54" Value="48"/>
<Cov CovItemId="S55" Value="2"/>
<Cov CovItemId="S56" Value="4"/>
<Cov CovItemId="S57" Value="32"/>
<Cov CovItemId="S58" Value="32"/>
<Cov CovItemId="S59" Value="32"/>
<Cov CovItemId="S6" Value="2"/>
<Cov CovItemId="S60" Value="32"/>
<Cov CovItemId="S7" Value="2"/>
<Cov CovItemId="S8" Value="2"/>
<Cov CovItemId="S9" Value="2"/>
</CovPrefix>
<CovPrefix CovItemPrefix="com.OriginalFiles.Field.java">
<Cov CovItemId="B1" Value="80"/>
<Cov CovItemId="B2" Value="16"/>
<Cov CovItemId="S1" Value="240"/>
<Cov CovItemId="S2" Value="240"/>
<Cov CovItemId="S5" Value="96"/>
<Cov CovItemId="S6" Value="96"/>
<Cov CovItemId="S7" Value="80"/>
<Cov CovItemId="S8" Value="2"/>
<Cov CovItemId="S9" Value="96"/>
</CovPrefix>
<CovPrefix CovItemPrefix="com.OriginalFiles.Piece.java">
<Cov CovItemId="B10" Value="24"/>
<Cov CovItemId="B11" Value="48"/>
<Cov CovItemId="B12" Value="32"/>
<Cov CovItemId="B14" Value="48"/>
<Cov CovItemId="B15" Value="48"/>
<Cov CovItemId="B18" Value="48"/>
<Cov CovItemId="B2" Value="80"/>
<Cov CovItemId="B34" Value="48"/>
<Cov CovItemId="B35" Value="16"/>
<Cov CovItemId="B36" Value="32"/>
<Cov CovItemId="B37" Value="16"/>
<Cov CovItemId="B40" Value="48"/>
<Cov CovItemId="B5" Value="48"/>
<Cov CovItemId="B6" Value="32"/>
<Cov CovItemId="B9" Value="24"/>
<Cov CovItemId="S1" Value="80"/>
<Cov CovItemId="S10" Value="80"/>
<Cov CovItemId="S11" Value="80"/>
<Cov CovItemId="S12" Value="80"/>
<Cov CovItemId="S13" Value="80"/>
<Cov CovItemId="S14" Value="80"/>
<Cov CovItemId="S15" Value="80"/>
<Cov CovItemId="S16" Value="80"/>
<Cov CovItemId="S17" Value="80"/>
<Cov CovItemId="S18" Value="80"/>
<Cov CovItemId="S19" Value="80"/>
<Cov CovItemId="S2" Value="80"/>
<Cov CovItemId="S20" Value="80"/>
<Cov CovItemId="S21" Value="80"/>
<Cov CovItemId="S24" Value="80"/>
<Cov CovItemId="S25" Value="80"/>
<Cov CovItemId="S26" Value="80"/>
<Cov CovItemId="S3" Value="80"/>
<Cov CovItemId="S30" Value="80"/>
<Cov CovItemId="S31" Value="80"/>
<Cov CovItemId="S32" Value="80"/>
<Cov CovItemId="S33" Value="48"/>
<Cov CovItemId="S34" Value="32"/>
<Cov CovItemId="S35" Value="32"/>
<Cov CovItemId="S39" Value="48"/>
<Cov CovItemId="S4" Value="80"/>
<Cov CovItemId="S40" Value="24"/>
<Cov CovItemId="S41" Value="24"/>
<Cov CovItemId="S42" Value="80"/>
<Cov CovItemId="S43" Value="80"/>
<Cov CovItemId="S44" Value="48"/>
<Cov CovItemId="S45" Value="48"/>
<Cov CovItemId="S46" Value="48"/>
<Cov CovItemId="S48" Value="48"/>
<Cov CovItemId="S49" Value="48"/>
<Cov CovItemId="S5" Value="80"/>
<Cov CovItemId="S50" Value="48"/>
<Cov CovItemId="S6" Value="80"/>
<Cov CovItemId="S65" Value="48"/>
<Cov CovItemId="S67" Value="48"/>
<Cov CovItemId="S68" Value="16"/>
<Cov CovItemId="S69" Value="16"/>
<Cov CovItemId="S7" Value="80"/>
<Cov CovItemId="S70" Value="16"/>
<Cov CovItemId="S71" Value="48"/>
<Cov CovItemId="S73" Value="48"/>
<Cov CovItemId="S8" Value="80"/>
<Cov CovItemId="S9" Value="80"/>
</CovPrefix>
<CovPrefix CovItemPrefix="com.OriginalFiles.RemoteNXTFunctions.java">
<Cov CovItemId="B16" Value="1"/>
<Cov CovItemId="B24" Value="1"/>
<Cov CovItemId="B32" Value="1"/>
<Cov CovItemId="B40" Value="1"/>
<Cov CovItemId="B5" Value="1"/>
<Cov CovItemId="B50" Value="1"/>
<Cov CovItemId="B55" Value="1"/>
<Cov CovItemId="B57" Value="1"/>
<Cov CovItemId="B6" Value="1"/>
<Cov CovItemId="B7" Value="1"/>
<Cov CovItemId="S1" Value="1"/>
<Cov CovItemId="S162" Value="2"/>
<Cov CovItemId="S19" Value="2"/>
<Cov CovItemId="S2" Value="1"/>
<Cov CovItemId="S20" Value="2"/>
<Cov CovItemId="S21" Value="1"/>
<Cov CovItemId="S22" Value="1"/>
<Cov CovItemId="S3" Value="1"/>
<Cov CovItemId="S30" Value="1"/>
<Cov CovItemId="S38" Value="1"/>
<Cov CovItemId="S46" Value="1"/>
<Cov CovItemId="S54" Value="1"/>
<Cov CovItemId="S64" Value="1"/>
<Cov CovItemId="S70" Value="1"/>
<Cov CovItemId="S71" Value="1"/>
<Cov CovItemId="S72" Value="1"/>
</CovPrefix>
</CovList>
<AssgnmntList>
<AssgnmntPrefix RootTermCovItemPrefix="com.OriginalFiles.Analyze.java">
<AssgnmntListEntry Length="1" RootTermCovItemId="C64">
<MapEntry BoolAssgnmnt="0" Value="1"/>
<MapEntry BoolAssgnmnt="1" Value="1"/>
</AssgnmntListEntry>
<AssgnmntListEntry Length="1" RootTermCovItemId="C65">
<MapEntry BoolAssgnmnt="1" Value="1"/>
</AssgnmntListEntry>
<AssgnmntListEntry Length="6" RootTermCovItemId="C66">
<MapEntry BoolAssgnmnt="110222" Value="1"/>
<MapEntry BoolAssgnmnt="111111" Value="1"/>
</AssgnmntListEntry>
<AssgnmntListEntry Length="6" RootTermCovItemId="C67">
<MapEntry BoolAssgnmnt="111111" Value="1"/>
</AssgnmntListEntry>
</AssgnmntPrefix>
<AssgnmntPrefix RootTermCovItemPrefix="com.OriginalFiles.Board.java">
<AssgnmntListEntry Length="1" RootTermCovItemId="C1">
<MapEntry BoolAssgnmnt="0" Value="2"/>
<MapEntry BoolAssgnmnt="1" Value="16"/>
</AssgnmntListEntry>
<AssgnmntListEntry Length="1" RootTermCovItemId="C10">
<MapEntry BoolAssgnmnt="0" Value="2"/>
<MapEntry BoolAssgnmnt="1" Value="6"/>
</AssgnmntListEntry>
<AssgnmntListEntry Length="1" RootTermCovItemId="C11">
<MapEntry BoolAssgnmnt="0" Value="6"/>
<MapEntry BoolAssgnmnt="1" Value="48"/>
</AssgnmntListEntry>
<AssgnmntListEntry Length="1" RootTermCovItemId="C12">
<MapEntry BoolAssgnmnt="0" Value="2"/>
<MapEntry BoolAssgnmnt="1" Value="4"/>
</AssgnmntListEntry>
<AssgnmntListEntry Length="1" RootTermCovItemId="C13">
<MapEntry BoolAssgnmnt="0" Value="4"/>
<MapEntry BoolAssgnmnt="1" Value="32"/>
</AssgnmntListEntry>
<AssgnmntListEntry Length="1" RootTermCovItemId="C2">
<MapEntry BoolAssgnmnt="0" Value="16"/>
<MapEntry BoolAssgnmnt="1" Value="128"/>
</AssgnmntListEntry>
<AssgnmntListEntry Length="1" RootTermCovItemId="C3">
<MapEntry BoolAssgnmnt="0" Value="64"/>
<MapEntry BoolAssgnmnt="1" Value="64"/>
</AssgnmntListEntry>
<AssgnmntListEntry Length="1" RootTermCovItemId="C4">
<MapEntry BoolAssgnmnt="0" Value="40"/>
<MapEntry BoolAssgnmnt="1" Value="24"/>
</AssgnmntListEntry>
<AssgnmntListEntry Length="1" RootTermCovItemId="C45">
<MapEntry BoolAssgnmnt="0" Value="1"/>
<MapEntry BoolAssgnmnt="1" Value="1"/>
</AssgnmntListEntry>
<AssgnmntListEntry Length="1" RootTermCovItemId="C5">
<MapEntry BoolAssgnmnt="0" Value="16"/>
<MapEntry BoolAssgnmnt="1" Value="8"/>
</AssgnmntListEntry>
<AssgnmntListEntry Length="3" RootTermCovItemId="C55">
<MapEntry BoolAssgnmnt="002" Value="88"/>
<MapEntry BoolAssgnmnt="120" Value="48"/>
<MapEntry BoolAssgnmnt="121" Value="48"/>
</AssgnmntListEntry>
<AssgnmntListEntry Length="3" RootTermCovItemId="C56">
<MapEntry BoolAssgnmnt="002" Value="48"/>
<MapEntry BoolAssgnmnt="120" Value="40"/>
<MapEntry BoolAssgnmnt="121" Value="48"/>
</AssgnmntListEntry>
<AssgnmntListEntry Length="1" RootTermCovItemId="C6">
<MapEntry BoolAssgnmnt="0" Value="40"/>
<MapEntry BoolAssgnmnt="1" Value="24"/>
</AssgnmntListEntry>
<AssgnmntListEntry Length="1" RootTermCovItemId="C7">
<MapEntry BoolAssgnmnt="0" Value="16"/>
<MapEntry BoolAssgnmnt="1" Value="8"/>
</AssgnmntListEntry>
<AssgnmntListEntry Length="1" RootTermCovItemId="C8">
<MapEntry BoolAssgnmnt="0" Value="2"/>
<MapEntry BoolAssgnmnt="1" Value="16"/>
</AssgnmntListEntry>
<AssgnmntListEntry Length="1" RootTermCovItemId="C9">
<MapEntry BoolAssgnmnt="0" Value="2"/>
<MapEntry BoolAssgnmnt="1" Value="16"/>
</AssgnmntListEntry>
</AssgnmntPrefix>
<AssgnmntPrefix RootTermCovItemPrefix="com.OriginalFiles.Field.java">
<AssgnmntListEntry Length="1" RootTermCovItemId="C1">
<MapEntry BoolAssgnmnt="0" Value="80"/>
<MapEntry BoolAssgnmnt="1" Value="16"/>
</AssgnmntListEntry>
</AssgnmntPrefix>
<AssgnmntPrefix RootTermCovItemPrefix="com.OriginalFiles.Piece.java">
<AssgnmntListEntry Length="2" RootTermCovItemId="C1">
<MapEntry BoolAssgnmnt="10" Value="48"/>
<MapEntry BoolAssgnmnt="02" Value="32"/>
</AssgnmntListEntry>
<AssgnmntListEntry Length="5" RootTermCovItemId="C17">
<MapEntry BoolAssgnmnt="00210" Value="24"/>
<MapEntry BoolAssgnmnt="01002" Value="24"/>
</AssgnmntListEntry>
<AssgnmntListEntry Length="5" RootTermCovItemId="C18">
<MapEntry BoolAssgnmnt="00210" Value="16"/>
<MapEntry BoolAssgnmnt="00211" Value="8"/>
<MapEntry BoolAssgnmnt="01002" Value="16"/>
<MapEntry BoolAssgnmnt="01122" Value="8"/>
</AssgnmntListEntry>
<AssgnmntListEntry Length="1" RootTermCovItemId="C19">
<MapEntry BoolAssgnmnt="1" Value="16"/>
</AssgnmntListEntry>
<AssgnmntListEntry Length="1" RootTermCovItemId="C20">
<MapEntry BoolAssgnmnt="0" Value="48"/>
</AssgnmntListEntry>
<AssgnmntListEntry Length="1" RootTermCovItemId="C3">
<MapEntry BoolAssgnmnt="0" Value="32"/>
<MapEntry BoolAssgnmnt="1" Value="48"/>
</AssgnmntListEntry>
<AssgnmntListEntry Length="1" RootTermCovItemId="C5">
<MapEntry BoolAssgnmnt="0" Value="24"/>
<MapEntry BoolAssgnmnt="1" Value="24"/>
</AssgnmntListEntry>
<AssgnmntListEntry Length="1" RootTermCovItemId="C6">
<MapEntry BoolAssgnmnt="0" Value="32"/>
<MapEntry BoolAssgnmnt="1" Value="48"/>
</AssgnmntListEntry>
<AssgnmntListEntry Length="1" RootTermCovItemId="C7">
<MapEntry BoolAssgnmnt="0" Value="48"/>
</AssgnmntListEntry>
<AssgnmntListEntry Length="1" RootTermCovItemId="C8">
<MapEntry BoolAssgnmnt="1" Value="48"/>
</AssgnmntListEntry>
<AssgnmntListEntry Length="1" RootTermCovItemId="C9">
<MapEntry BoolAssgnmnt="0" Value="48"/>
</AssgnmntListEntry>
</AssgnmntPrefix>
<AssgnmntPrefix RootTermCovItemPrefix="com.OriginalFiles.RemoteNXTFunctions.java">
<AssgnmntListEntry Length="1" RootTermCovItemId="C10">
<MapEntry BoolAssgnmnt="0" Value="1"/>
</AssgnmntListEntry>
<AssgnmntListEntry Length="1" RootTermCovItemId="C14">
<MapEntry BoolAssgnmnt="0" Value="1"/>
</AssgnmntListEntry>
<AssgnmntListEntry Length="1" RootTermCovItemId="C18">
<MapEntry BoolAssgnmnt="0" Value="1"/>
</AssgnmntListEntry>
<AssgnmntListEntry Length="1" RootTermCovItemId="C22">
<MapEntry BoolAssgnmnt="0" Value="1"/>
</AssgnmntListEntry>
<AssgnmntListEntry Length="1" RootTermCovItemId="C27">
<MapEntry BoolAssgnmnt="0" Value="1"/>
</AssgnmntListEntry>
<AssgnmntListEntry Length="1" RootTermCovItemId="C30">
<MapEntry BoolAssgnmnt="1" Value="1"/>
</AssgnmntListEntry>
<AssgnmntListEntry Length="2" RootTermCovItemId="C31">
<MapEntry BoolAssgnmnt="11" Value="1"/>
</AssgnmntListEntry>
<AssgnmntListEntry Length="1" RootTermCovItemId="C5">
<MapEntry BoolAssgnmnt="0" Value="1"/>
<MapEntry BoolAssgnmnt="1" Value="1"/>
</AssgnmntListEntry>
<AssgnmntListEntry Length="2" RootTermCovItemId="C6">
<MapEntry BoolAssgnmnt="11" Value="1"/>
</AssgnmntListEntry>
</AssgnmntPrefix>
</AssgnmntList>
<ObjMetaDataList/>
<MetaDataList/>
</TestCase>
<TestCase Comment="" Date="1386064416984" Name="com.Testing.PieceTest:testGetSetXY">
<CovList>
<CovPrefix CovItemPrefix="com.OriginalFiles.Board.java">
<Cov CovItemId="B84" Value="4"/>
<Cov CovItemId="B86" Value="4"/>
<Cov CovItemId="S180" Value="4"/>
<Cov CovItemId="S182" Value="4"/>
<Cov CovItemId="S184" Value="4"/>
<Cov CovItemId="S185" Value="2"/>
</CovPrefix>
<CovPrefix CovItemPrefix="com.OriginalFiles.Piece.java">
<Cov CovItemId="B10" Value="1"/>
<Cov CovItemId="B11" Value="1"/>
<Cov CovItemId="B14" Value="1"/>
<Cov CovItemId="B15" Value="1"/>
<Cov CovItemId="B18" Value="1"/>
<Cov CovItemId="B2" Value="1"/>
<Cov CovItemId="B34" Value="1"/>
<Cov CovItemId="B36" Value="1"/>
<Cov CovItemId="B40" Value="1"/>
<Cov CovItemId="B5" Value="1"/>
<Cov CovItemId="S22" Value="1"/>
<Cov CovItemId="S23" Value="1"/>
<Cov CovItemId="S24" Value="1"/>
<Cov CovItemId="S25" Value="1"/>
<Cov CovItemId="S26" Value="1"/>
<Cov CovItemId="S30" Value="1"/>
<Cov CovItemId="S31" Value="1"/>
<Cov CovItemId="S32" Value="1"/>
<Cov CovItemId="S33" Value="1"/>
<Cov CovItemId="S39" Value="1"/>
<Cov CovItemId="S41" Value="1"/>
<Cov CovItemId="S42" Value="1"/>
<Cov CovItemId="S43" Value="1"/>
<Cov CovItemId="S44" Value="1"/>
<Cov CovItemId="S45" Value="1"/>
<Cov CovItemId="S46" Value="1"/>
<Cov CovItemId="S48" Value="1"/>
<Cov CovItemId="S49" Value="1"/>
<Cov CovItemId="S50" Value="1"/>
<Cov CovItemId="S65" Value="1"/>
<Cov CovItemId="S67" Value="1"/>
<Cov CovItemId="S71" Value="1"/>
<Cov CovItemId="S73" Value="1"/>
</CovPrefix>
</CovList>
<AssgnmntList>
<AssgnmntPrefix RootTermCovItemPrefix="com.OriginalFiles.Board.java">
<AssgnmntListEntry Length="3" RootTermCovItemId="C55">
<MapEntry BoolAssgnmnt="002" Value="4"/>
</AssgnmntListEntry>
<AssgnmntListEntry Length="3" RootTermCovItemId="C56">
<MapEntry BoolAssgnmnt="002" Value="4"/>
</AssgnmntListEntry>
</AssgnmntPrefix>
<AssgnmntPrefix RootTermCovItemPrefix="com.OriginalFiles.Piece.java">
<AssgnmntListEntry Length="2" RootTermCovItemId="C1">
<MapEntry BoolAssgnmnt="10" Value="1"/>
</AssgnmntListEntry>
<AssgnmntListEntry Length="5" RootTermCovItemId="C17">
<MapEntry BoolAssgnmnt="00202" Value="1"/>
</AssgnmntListEntry>
<AssgnmntListEntry Length="5" RootTermCovItemId="C18">
<MapEntry BoolAssgnmnt="00202" Value="1"/>
</AssgnmntListEntry>
<AssgnmntListEntry Length="1" RootTermCovItemId="C20">
<MapEntry BoolAssgnmnt="0" Value="1"/>
</AssgnmntListEntry>
<AssgnmntListEntry Length="1" RootTermCovItemId="C3">
<MapEntry BoolAssgnmnt="1" Value="1"/>
</AssgnmntListEntry>
<AssgnmntListEntry Length="1" RootTermCovItemId="C5">
<MapEntry BoolAssgnmnt="0" Value="1"/>
</AssgnmntListEntry>
<AssgnmntListEntry Length="1" RootTermCovItemId="C6">
<MapEntry BoolAssgnmnt="1" Value="1"/>
</AssgnmntListEntry>
<AssgnmntListEntry Length="1" RootTermCovItemId="C7">
<MapEntry BoolAssgnmnt="0" Value="1"/>
</AssgnmntListEntry>
<AssgnmntListEntry Length="1" RootTermCovItemId="C8">
<MapEntry BoolAssgnmnt="1" Value="1"/>
</AssgnmntListEntry>
<AssgnmntListEntry Length="1" RootTermCovItemId="C9">
<MapEntry BoolAssgnmnt="0" Value="1"/>
</AssgnmntListEntry>
</AssgnmntPrefix>
</AssgnmntList>
<ObjMetaDataList/>
<MetaDataList/>
</TestCase>
<TestCase Comment="" Date="1386064416985" Name="com.Testing.PieceTest:testIsOnBoard">
<CovList>
<CovPrefix CovItemPrefix="com.OriginalFiles.Board.java">
<Cov CovItemId="B84" Value="4"/>
<Cov CovItemId="B86" Value="4"/>
<Cov CovItemId="S180" Value="4"/>
<Cov CovItemId="S182" Value="4"/>
<Cov CovItemId="S184" Value="4"/>
<Cov CovItemId="S185" Value="4"/>
</CovPrefix>
<CovPrefix CovItemPrefix="com.OriginalFiles.Piece.java">
<Cov CovItemId="B10" Value="1"/>
<Cov CovItemId="B11" Value="1"/>
<Cov CovItemId="B12" Value="1"/>
<Cov CovItemId="B14" Value="1"/>
<Cov CovItemId="B15" Value="1"/>
<Cov CovItemId="B18" Value="1"/>
<Cov CovItemId="B2" Value="2"/>
<Cov CovItemId="B34" Value="1"/>
<Cov CovItemId="B36" Value="1"/>
<Cov CovItemId="B40" Value="1"/>
<Cov CovItemId="B5" Value="1"/>
<Cov CovItemId="B6" Value="1"/>
<Cov CovItemId="B8" Value="2"/>
<Cov CovItemId="S24" Value="2"/>
<Cov CovItemId="S25" Value="2"/>
<Cov CovItemId="S26" Value="2"/>
<Cov CovItemId="S30" Value="2"/>
<Cov CovItemId="S31" Value="2"/>
<Cov CovItemId="S32" Value="2"/>
<Cov CovItemId="S33" Value="1"/>
<Cov CovItemId="S34" Value="1"/>
<Cov CovItemId="S35" Value="1"/>
<Cov CovItemId="S36" Value="2"/>
<Cov CovItemId="S38" Value="2"/>
<Cov CovItemId="S39" Value="1"/>
<Cov CovItemId="S41" Value="1"/>
<Cov CovItemId="S42" Value="2"/>
<Cov CovItemId="S43" Value="2"/>
<Cov CovItemId="S44" Value="1"/>
<Cov CovItemId="S45" Value="1"/>
<Cov CovItemId="S46" Value="1"/>
<Cov CovItemId="S48" Value="1"/>
<Cov CovItemId="S49" Value="1"/>
<Cov CovItemId="S50" Value="1"/>
<Cov CovItemId="S65" Value="1"/>
<Cov CovItemId="S67" Value="1"/>
<Cov CovItemId="S71" Value="1"/>
<Cov CovItemId="S73" Value="1"/>
</CovPrefix>
</CovList>
<AssgnmntList>
<AssgnmntPrefix RootTermCovItemPrefix="com.OriginalFiles.Board.java">
<AssgnmntListEntry Length="3" RootTermCovItemId="C55">
<MapEntry BoolAssgnmnt="002" Value="4"/>
</AssgnmntListEntry>
<AssgnmntListEntry Length="3" RootTermCovItemId="C56">
<MapEntry BoolAssgnmnt="002" Value="4"/>
</AssgnmntListEntry>
</AssgnmntPrefix>
<AssgnmntPrefix RootTermCovItemPrefix="com.OriginalFiles.Piece.java">
<AssgnmntListEntry Length="2" RootTermCovItemId="C1">
<MapEntry BoolAssgnmnt="10" Value="1"/>
<MapEntry BoolAssgnmnt="02" Value="1"/>
</AssgnmntListEntry>
<AssgnmntListEntry Length="5" RootTermCovItemId="C17">
<MapEntry BoolAssgnmnt="00202" Value="1"/>
</AssgnmntListEntry>
<AssgnmntListEntry Length="5" RootTermCovItemId="C18">
<MapEntry BoolAssgnmnt="00202" Value="1"/>
</AssgnmntListEntry>
<AssgnmntListEntry Length="1" RootTermCovItemId="C20">
<MapEntry BoolAssgnmnt="0" Value="1"/>
</AssgnmntListEntry>
<AssgnmntListEntry Length="1" RootTermCovItemId="C3">
<MapEntry BoolAssgnmnt="0" Value="1"/>
<MapEntry BoolAssgnmnt="1" Value="1"/>
</AssgnmntListEntry>
<AssgnmntListEntry Length="2" RootTermCovItemId="C4">
<MapEntry BoolAssgnmnt="00" Value="2"/>
</AssgnmntListEntry>
<AssgnmntListEntry Length="1" RootTermCovItemId="C5">
<MapEntry BoolAssgnmnt="0" Value="1"/>
</AssgnmntListEntry>
<AssgnmntListEntry Length="1" RootTermCovItemId="C6">
<MapEntry BoolAssgnmnt="0" Value="1"/>
<MapEntry BoolAssgnmnt="1" Value="1"/>
</AssgnmntListEntry>
<AssgnmntListEntry Length="1" RootTermCovItemId="C7">
<MapEntry BoolAssgnmnt="0" Value="1"/>
</AssgnmntListEntry>
<AssgnmntListEntry Length="1" RootTermCovItemId="C8">
<MapEntry BoolAssgnmnt="1" Value="1"/>
</AssgnmntListEntry>
<AssgnmntListEntry Length="1" RootTermCovItemId="C9">
<MapEntry BoolAssgnmnt="0" Value="1"/>
</AssgnmntListEntry>
</AssgnmntPrefix>
</AssgnmntList>
<ObjMetaDataList/>
<MetaDataList/>
</TestCase>
<TestCase Comment="Failure&#10;java.lang.AssertionError&#13;&#10;&#9;at org.junit.Assert.fail(Assert.java:86)&#13;&#10;&#9;at org.junit.Assert.assertTrue(Assert.java:41)&#13;&#10;&#9;at org.junit.Assert.assertTrue(Assert.java:52)&#13;&#10;&#9;at com.Testing.PieceTest.testPriceForPieceValue(PieceTest.java:78)&#13;&#10;&#9;at sun.reflect.NativeMethodAccessorImpl.invoke0(Native Method)&#13;&#10;&#9;at sun.reflect.NativeMethodAccessorImpl.invoke(Unknown Source)&#13;&#10;&#9;at sun.reflect.DelegatingMethodAccessorImpl.invoke(Unknown Source)&#13;&#10;&#9;at java.lang.reflect.Method.invoke(Unknown Source)&#13;&#10;&#9;at org.junit.runners.model.FrameworkMethod$1.runReflectiveCall(FrameworkMethod.java:47)&#13;&#10;&#9;at org.junit.internal.runners.model.ReflectiveCallable.run(ReflectiveCallable.java:12)&#13;&#10;&#9;at org.junit.runners.model.FrameworkMethod.invokeExplosively(FrameworkMethod.java:44)&#13;&#10;&#9;at org.junit.internal.runners.statements.InvokeMethod.evaluate(InvokeMethod.java:17)&#13;&#10;&#9;at org.junit.runners.ParentRunner.runLeaf(ParentRunner.java:271)&#13;&#10;&#9;at org.junit.runners.BlockJUnit4ClassRunner.runChild(BlockJUnit4ClassRunner.java:70)&#13;&#10;&#9;at org.junit.runners.BlockJUnit4ClassRunner.runChild(BlockJUnit4ClassRunner.java:50)&#13;&#10;&#9;at org.junit.runners.ParentRunner$3.run(ParentRunner.java:238)&#13;&#10;&#9;at org.junit.runners.ParentRunner$1.schedule(ParentRunner.java:63)&#13;&#10;&#9;at org.junit.runners.ParentRunner.runChildren(ParentRunner.java:236)&#13;&#10;&#9;at org.junit.runners.ParentRunner.access$000(ParentRunner.java:53)&#13;&#10;&#9;at org.junit.runners.ParentRunner$2.evaluate(ParentRunner.java:229)&#13;&#10;&#9;at org.junit.runners.ParentRunner.run(ParentRunner.java:309)&#13;&#10;&#9;at org.eclipse.jdt.internal.junit4.runner.JUnit4TestReference.run(JUnit4TestReference.java:50)&#13;&#10;&#9;at org.eclipse.jdt.internal.junit.runner.TestExecution.run(TestExecution.java:38)&#13;&#10;&#9;at org.eclipse.jdt.internal.junit.runner.RemoteTestRunner.runTests(RemoteTestRunner.java:467)&#13;&#10;&#9;at org.eclipse.jdt.internal.junit.runner.RemoteTestRunner.runTests(RemoteTestRunner.java:683)&#13;&#10;&#9;at org.eclipse.jdt.internal.junit.runner.RemoteTestRunner.run(RemoteTestRunner.java:390)&#13;&#10;&#9;at org.codecover.juniteclipse.runner.EclipseTestRunner.main(EclipseTestRunner.java:40)" Date="1386064416985" Name="com.Testing.PieceTest:testPriceForPieceValue">
<CovList>
<CovPrefix CovItemPrefix="com.OriginalFiles.Analyze.java">
<Cov CovItemId="B157" Value="4"/>
<Cov CovItemId="S267" Value="4"/>
<Cov CovItemId="S269" Value="4"/>
</CovPrefix>
<CovPrefix CovItemPrefix="com.OriginalFiles.Board.java">
<Cov CovItemId="B79" Value="993"/>
<Cov CovItemId="B81" Value="33"/>
<Cov CovItemId="B82" Value="960"/>
<Cov CovItemId="B83" Value="8"/>
<Cov CovItemId="B84" Value="1065"/>
<Cov CovItemId="B85" Value="847"/>
<Cov CovItemId="B86" Value="218"/>
<Cov CovItemId="S176" Value="993"/>
<Cov CovItemId="S177" Value="993"/>
<Cov CovItemId="S178" Value="33"/>
<Cov CovItemId="S179" Value="960"/>
<Cov CovItemId="S180" Value="1073"/>
<Cov CovItemId="S181" Value="8"/>
<Cov CovItemId="S182" Value="1065"/>
<Cov CovItemId="S183" Value="847"/>
<Cov CovItemId="S184" Value="218"/>
<Cov CovItemId="S185" Value="3163"/>
</CovPrefix>
<CovPrefix CovItemPrefix="com.OriginalFiles.Field.java">
<Cov CovItemId="B1" Value="5"/>
<Cov CovItemId="B2" Value="2"/>
<Cov CovItemId="S13" Value="128"/>
<Cov CovItemId="S5" Value="7"/>
<Cov CovItemId="S6" Value="7"/>
<Cov CovItemId="S7" Value="5"/>
<Cov CovItemId="S8" Value="42"/>
<Cov CovItemId="S9" Value="1010"/>
</CovPrefix>
<CovPrefix CovItemPrefix="com.OriginalFiles.Piece.java">
<Cov CovItemId="B1" Value="1"/>
<Cov CovItemId="B10" Value="3"/>
<Cov CovItemId="B11" Value="13"/>
<Cov CovItemId="B13" Value="1"/>
<Cov CovItemId="B14" Value="12"/>
<Cov CovItemId="B15" Value="9"/>
<Cov CovItemId="B16" Value="4"/>
<Cov CovItemId="B17" Value="4"/>
<Cov CovItemId="B18" Value="9"/>
<Cov CovItemId="B19" Value="4"/>
<Cov CovItemId="B2" Value="7"/>
<Cov CovItemId="B21" Value="3"/>
<Cov CovItemId="B22" Value="1"/>
<Cov CovItemId="B23" Value="1"/>
<Cov CovItemId="B24" Value="2"/>
<Cov CovItemId="B25" Value="4"/>
<Cov CovItemId="B28" Value="4"/>
<Cov CovItemId="B30" Value="4"/>
<Cov CovItemId="B32" Value="4"/>
<Cov CovItemId="B34" Value="13"/>
<Cov CovItemId="B36" Value="13"/>
<Cov CovItemId="B39" Value="3"/>
<Cov CovItemId="B4" Value="1"/>
<Cov CovItemId="B40" Value="10"/>
<Cov CovItemId="B42" Value="8"/>
<Cov CovItemId="B43" Value="2"/>
<Cov CovItemId="B44" Value="2"/>
<Cov CovItemId="B45" Value="1"/>
<Cov CovItemId="B46" Value="3"/>
<Cov CovItemId="B47" Value="10"/>
<Cov CovItemId="B49" Value="10"/>
<Cov CovItemId="B5" Value="13"/>
<Cov CovItemId="B51" Value="40"/>
<Cov CovItemId="B54" Value="40"/>
<Cov CovItemId="B69" Value="953"/>
<Cov CovItemId="B7" Value="5"/>
<Cov CovItemId="B70" Value="1146"/>
<Cov CovItemId="B71" Value="2"/>
<Cov CovItemId="B72" Value="951"/>
<Cov CovItemId="B8" Value="1"/>
<Cov CovItemId="B9" Value="6"/>
<Cov CovItemId="L1-1" Value="1"/>
<Cov CovItemId="L1-2" Value="3"/>
<Cov CovItemId="L2-2" Value="21"/>
<Cov CovItemId="L3-1" Value="2"/>
<Cov CovItemId="L3-2" Value="185"/>
<Cov CovItemId="S1" Value="3"/>
<Cov CovItemId="S10" Value="3"/>
<Cov CovItemId="S11" Value="3"/>
<Cov CovItemId="S118" Value="40"/>
<Cov CovItemId="S119" Value="4"/>
<Cov CovItemId="S12" Value="3"/>
<Cov CovItemId="S120" Value="4"/>
<Cov CovItemId="S121" Value="4"/>
<Cov CovItemId="S122" Value="21"/>
<Cov CovItemId="S123" Value="21"/>
<Cov CovItemId="S124" Value="187"/>
<Cov CovItemId="S125" Value="2099"/>
<Cov CovItemId="S126" Value="953"/>
<Cov CovItemId="S127" Value="2"/>
<Cov CovItemId="S128" Value="2"/>
<Cov CovItemId="S129" Value="4"/>
<Cov CovItemId="S13" Value="3"/>
<Cov CovItemId="S14" Value="3"/>
<Cov CovItemId="S15" Value="3"/>
<Cov CovItemId="S16" Value="3"/>
<Cov CovItemId="S17" Value="3"/>
<Cov CovItemId="S18" Value="3"/>
<Cov CovItemId="S19" Value="3"/>
<Cov CovItemId="S2" Value="3"/>
<Cov CovItemId="S20" Value="3"/>
<Cov CovItemId="S21" Value="3"/>
<Cov CovItemId="S22" Value="8"/>
<Cov CovItemId="S23" Value="80"/>
<Cov CovItemId="S24" Value="8"/>
<Cov CovItemId="S25" Value="8"/>
<Cov CovItemId="S26" Value="8"/>
<Cov CovItemId="S27" Value="1"/>
<Cov CovItemId="S29" Value="1"/>
<Cov CovItemId="S3" Value="3"/>
<Cov CovItemId="S30" Value="7"/>
<Cov CovItemId="S31" Value="8"/>
<Cov CovItemId="S32" Value="13"/>
<Cov CovItemId="S33" Value="13"/>
<Cov CovItemId="S36" Value="6"/>
<Cov CovItemId="S37" Value="5"/>
<Cov CovItemId="S38" Value="6"/>
<Cov CovItemId="S39" Value="9"/>
<Cov CovItemId="S4" Value="3"/>
<Cov CovItemId="S40" Value="6"/>
<Cov CovItemId="S41" Value="3"/>
<Cov CovItemId="S42" Value="8"/>
<Cov CovItemId="S43" Value="13"/>
<Cov CovItemId="S44" Value="13"/>
<Cov CovItemId="S45" Value="13"/>
<Cov CovItemId="S46" Value="13"/>
<Cov CovItemId="S47" Value="1"/>
<Cov CovItemId="S48" Value="13"/>
<Cov CovItemId="S49" Value="9"/>
<Cov CovItemId="S5" Value="3"/>
<Cov CovItemId="S50" Value="13"/>
<Cov CovItemId="S51" Value="4"/>
<Cov CovItemId="S52" Value="4"/>
<Cov CovItemId="S53" Value="4"/>
<Cov CovItemId="S54" Value="4"/>
<Cov CovItemId="S55" Value="3"/>
<Cov CovItemId="S56" Value="1"/>
<Cov CovItemId="S57" Value="2"/>
<Cov CovItemId="S58" Value="4"/>
<Cov CovItemId="S59" Value="4"/>
<Cov CovItemId="S6" Value="3"/>
<Cov CovItemId="S61" Value="4"/>
<Cov CovItemId="S63" Value="4"/>
<Cov CovItemId="S65" Value="13"/>
<Cov CovItemId="S67" Value="13"/>
<Cov CovItemId="S7" Value="3"/>
<Cov CovItemId="S71" Value="13"/>
<Cov CovItemId="S72" Value="3"/>
<Cov CovItemId="S73" Value="13"/>
<Cov CovItemId="S74" Value="8"/>
<Cov CovItemId="S76" Value="8"/>
<Cov CovItemId="S77" Value="4"/>
<Cov CovItemId="S78" Value="4"/>
<Cov CovItemId="S79" Value="4"/>
<Cov CovItemId="S8" Value="3"/>
<Cov CovItemId="S80" Value="2"/>
<Cov CovItemId="S81" Value="4"/>
<Cov CovItemId="S82" Value="4"/>
<Cov CovItemId="S83" Value="4"/>
<Cov CovItemId="S84" Value="1"/>
<Cov CovItemId="S85" Value="1"/>
<Cov CovItemId="S86" Value="4"/>
<Cov CovItemId="S87" Value="10"/>
<Cov CovItemId="S88" Value="10"/>
<Cov CovItemId="S89" Value="10"/>
<Cov CovItemId="S9" Value="3"/>
<Cov CovItemId="S90" Value="10"/>
<Cov CovItemId="S91" Value="10"/>
<Cov CovItemId="S92" Value="10"/>
<Cov CovItemId="S93" Value="10"/>
<Cov CovItemId="S94" Value="10"/>
<Cov CovItemId="S95" Value="10"/>
<Cov CovItemId="S97" Value="40"/>
<Cov CovItemId="S98" Value="40"/>
<Cov CovItemId="S99" Value="40"/>
</CovPrefix>
</CovList>
<AssgnmntList>
<AssgnmntPrefix RootTermCovItemPrefix="com.OriginalFiles.Analyze.java">
<AssgnmntListEntry Length="8" RootTermCovItemId="C90">
<MapEntry BoolAssgnmnt="02020202" Value="4"/>
</AssgnmntListEntry>
</AssgnmntPrefix>
<AssgnmntPrefix RootTermCovItemPrefix="com.OriginalFiles.Board.java">
<AssgnmntListEntry Length="1" RootTermCovItemId="C53">
<MapEntry BoolAssgnmnt="1" Value="993"/>
</AssgnmntListEntry>
<AssgnmntListEntry Length="1" RootTermCovItemId="C54">
<MapEntry BoolAssgnmnt="0" Value="33"/>
<MapEntry BoolAssgnmnt="1" Value="960"/>
</AssgnmntListEntry>
<AssgnmntListEntry Length="3" RootTermCovItemId="C55">
<MapEntry BoolAssgnmnt="002" Value="881"/>
<MapEntry BoolAssgnmnt="120" Value="8"/>
<MapEntry BoolAssgnmnt="121" Value="184"/>
</AssgnmntListEntry>
<AssgnmntListEntry Length="3" RootTermCovItemId="C56">
<MapEntry BoolAssgnmnt="002" Value="184"/>
<MapEntry BoolAssgnmnt="120" Value="34"/>
<MapEntry BoolAssgnmnt="121" Value="847"/>
</AssgnmntListEntry>
</AssgnmntPrefix>
<AssgnmntPrefix RootTermCovItemPrefix="com.OriginalFiles.Field.java">
<AssgnmntListEntry Length="1" RootTermCovItemId="C1">
<MapEntry BoolAssgnmnt="0" Value="5"/>
<MapEntry BoolAssgnmnt="1" Value="2"/>
</AssgnmntListEntry>
</AssgnmntPrefix>
<AssgnmntPrefix RootTermCovItemPrefix="com.OriginalFiles.Piece.java">
<AssgnmntListEntry Length="2" RootTermCovItemId="C1">
<MapEntry BoolAssgnmnt="10" Value="7"/>
<MapEntry BoolAssgnmnt="11" Value="1"/>
</AssgnmntListEntry>
<AssgnmntListEntry Length="1" RootTermCovItemId="C10">
<MapEntry BoolAssgnmnt="1" Value="4"/>
</AssgnmntListEntry>
<AssgnmntListEntry Length="1" RootTermCovItemId="C11">
<MapEntry BoolAssgnmnt="0" Value="3"/>
<MapEntry BoolAssgnmnt="1" Value="1"/>
</AssgnmntListEntry>
<AssgnmntListEntry Length="1" RootTermCovItemId="C12">
<MapEntry BoolAssgnmnt="0" Value="2"/>
<MapEntry BoolAssgnmnt="1" Value="1"/>
</AssgnmntListEntry>
<AssgnmntListEntry Length="1" RootTermCovItemId="C13">
<MapEntry BoolAssgnmnt="1" Value="4"/>
</AssgnmntListEntry>
<AssgnmntListEntry Length="1" RootTermCovItemId="C14">
<MapEntry BoolAssgnmnt="0" Value="4"/>
</AssgnmntListEntry>
<AssgnmntListEntry Length="2" RootTermCovItemId="C15">
<MapEntry BoolAssgnmnt="02" Value="4"/>
</AssgnmntListEntry>
<AssgnmntListEntry Length="2" RootTermCovItemId="C16">
<MapEntry BoolAssgnmnt="02" Value="4"/>
</AssgnmntListEntry>
<AssgnmntListEntry Length="5" RootTermCovItemId="C17">
<MapEntry BoolAssgnmnt="00210" Value="4"/>
<MapEntry BoolAssgnmnt="01002" Value="6"/>
<MapEntry BoolAssgnmnt="12222" Value="3"/>
</AssgnmntListEntry>
<AssgnmntListEntry Length="5" RootTermCovItemId="C18">
<MapEntry BoolAssgnmnt="00210" Value="4"/>
<MapEntry BoolAssgnmnt="01002" Value="6"/>
<MapEntry BoolAssgnmnt="12222" Value="3"/>
</AssgnmntListEntry>
<AssgnmntListEntry Length="2" RootTermCovItemId="C2">
<MapEntry BoolAssgnmnt="02" Value="1"/>
</AssgnmntListEntry>
<AssgnmntListEntry Length="1" RootTermCovItemId="C20">
<MapEntry BoolAssgnmnt="0" Value="10"/>
<MapEntry BoolAssgnmnt="1" Value="3"/>
</AssgnmntListEntry>
<AssgnmntListEntry Length="16" RootTermCovItemId="C21">
<MapEntry BoolAssgnmnt="0202020202100202" Value="8"/>
</AssgnmntListEntry>
<AssgnmntListEntry Length="1" RootTermCovItemId="C22">
<MapEntry BoolAssgnmnt="0" Value="2"/>
<MapEntry BoolAssgnmnt="1" Value="2"/>
</AssgnmntListEntry>
<AssgnmntListEntry Length="1" RootTermCovItemId="C23">
<MapEntry BoolAssgnmnt="0" Value="3"/>
<MapEntry BoolAssgnmnt="1" Value="1"/>
</AssgnmntListEntry>
<AssgnmntListEntry Length="1" RootTermCovItemId="C24">
<MapEntry BoolAssgnmnt="1" Value="10"/>
</AssgnmntListEntry>
<AssgnmntListEntry Length="1" RootTermCovItemId="C25">
<MapEntry BoolAssgnmnt="1" Value="10"/>
</AssgnmntListEntry>
<AssgnmntListEntry Length="1" RootTermCovItemId="C26">
<MapEntry BoolAssgnmnt="1" Value="40"/>
</AssgnmntListEntry>
<AssgnmntListEntry Length="1" RootTermCovItemId="C27">
<MapEntry BoolAssgnmnt="0" Value="40"/>
</AssgnmntListEntry>
<AssgnmntListEntry Length="1" RootTermCovItemId="C3">
<MapEntry BoolAssgnmnt="1" Value="13"/>
</AssgnmntListEntry>
<AssgnmntListEntry Length="2" RootTermCovItemId="C35">
<MapEntry BoolAssgnmnt="01" Value="21"/>
<MapEntry BoolAssgnmnt="00" Value="2"/>
<MapEntry BoolAssgnmnt="12" Value="2"/>
</AssgnmntListEntry>
<AssgnmntListEntry Length="1" RootTermCovItemId="C36">
<MapEntry BoolAssgnmnt="0" Value="19"/>
<MapEntry BoolAssgnmnt="1" Value="187"/>
</AssgnmntListEntry>
<AssgnmntListEntry Length="1" RootTermCovItemId="C37">
<MapEntry BoolAssgnmnt="0" Value="185"/>
<MapEntry BoolAssgnmnt="1" Value="2099"/>
</AssgnmntListEntry>
<AssgnmntListEntry Length="1" RootTermCovItemId="C38">
<MapEntry BoolAssgnmnt="0" Value="1146"/>
<MapEntry BoolAssgnmnt="1" Value="953"/>
</AssgnmntListEntry>
<AssgnmntListEntry Length="1" RootTermCovItemId="C39">
<MapEntry BoolAssgnmnt="0" Value="951"/>
<MapEntry BoolAssgnmnt="1" Value="2"/>
</AssgnmntListEntry>
<AssgnmntListEntry Length="2" RootTermCovItemId="C4">
<MapEntry BoolAssgnmnt="01" Value="2"/>
<MapEntry BoolAssgnmnt="00" Value="1"/>
<MapEntry BoolAssgnmnt="12" Value="3"/>
</AssgnmntListEntry>
<AssgnmntListEntry Length="1" RootTermCovItemId="C5">
<MapEntry BoolAssgnmnt="0" Value="3"/>
<MapEntry BoolAssgnmnt="1" Value="6"/>
</AssgnmntListEntry>
<AssgnmntListEntry Length="1" RootTermCovItemId="C6">
<MapEntry BoolAssgnmnt="1" Value="13"/>
</AssgnmntListEntry>
<AssgnmntListEntry Length="1" RootTermCovItemId="C7">
<MapEntry BoolAssgnmnt="0" Value="12"/>
<MapEntry BoolAssgnmnt="1" Value="1"/>
</AssgnmntListEntry>
<AssgnmntListEntry Length="1" RootTermCovItemId="C8">
<MapEntry BoolAssgnmnt="0" Value="4"/>
<MapEntry BoolAssgnmnt="1" Value="9"/>
</AssgnmntListEntry>
<AssgnmntListEntry Length="1" RootTermCovItemId="C9">
<MapEntry BoolAssgnmnt="0" Value="9"/>
<MapEntry BoolAssgnmnt="1" Value="4"/>
</AssgnmntListEntry>
</AssgnmntPrefix>
</AssgnmntList>
<ObjMetaDataList/>
<MetaDataList/>
</TestCase>
<TestCase Comment="" Date="1386064416991" Name="com.Testing.PieceTest:testPriceForPiece">
<CovList>
<CovPrefix CovItemPrefix="com.OriginalFiles.Analyze.java">
<Cov CovItemId="B157" Value="1"/>
<Cov CovItemId="S267" Value="1"/>
<Cov CovItemId="S269" Value="1"/>
</CovPrefix>
<CovPrefix CovItemPrefix="com.OriginalFiles.Board.java">
<Cov CovItemId="B79" Value="411"/>
<Cov CovItemId="B82" Value="411"/>
<Cov CovItemId="B84" Value="429"/>
<Cov CovItemId="B86" Value="429"/>
<Cov CovItemId="S176" Value="411"/>
<Cov CovItemId="S177" Value="411"/>
<Cov CovItemId="S179" Value="411"/>
<Cov CovItemId="S180" Value="429"/>
<Cov CovItemId="S182" Value="429"/>
<Cov CovItemId="S184" Value="429"/>
<Cov CovItemId="S185" Value="1396"/>
</CovPrefix>
<CovPrefix CovItemPrefix="com.OriginalFiles.Field.java">
<Cov CovItemId="S13" Value="64"/>
<Cov CovItemId="S9" Value="413"/>
</CovPrefix>
<CovPrefix CovItemPrefix="com.OriginalFiles.Piece.java">
<Cov CovItemId="B10" Value="3"/>
<Cov CovItemId="B11" Value="4"/>
<Cov CovItemId="B14" Value="4"/>
<Cov CovItemId="B15" Value="3"/>
<Cov CovItemId="B16" Value="1"/>
<Cov CovItemId="B17" Value="1"/>
<Cov CovItemId="B18" Value="3"/>
<Cov CovItemId="B19" Value="1"/>
<Cov CovItemId="B2" Value="3"/>
<Cov CovItemId="B21" Value="1"/>
<Cov CovItemId="B24" Value="1"/>
<Cov CovItemId="B25" Value="1"/>
<Cov CovItemId="B28" Value="1"/>
<Cov CovItemId="B30" Value="1"/>
<Cov CovItemId="B32" Value="1"/>
<Cov CovItemId="B34" Value="4"/>
<Cov CovItemId="B36" Value="4"/>
<Cov CovItemId="B40" Value="4"/>
<Cov CovItemId="B42" Value="2"/>
<Cov CovItemId="B44" Value="1"/>
<Cov CovItemId="B46" Value="1"/>
<Cov CovItemId="B47" Value="2"/>
<Cov CovItemId="B49" Value="2"/>
<Cov CovItemId="B5" Value="4"/>
<Cov CovItemId="B51" Value="8"/>
<Cov CovItemId="B54" Value="8"/>
<Cov CovItemId="B69" Value="403"/>
<Cov CovItemId="B7" Value="1"/>
<Cov CovItemId="B70" Value="565"/>
<Cov CovItemId="B72" Value="403"/>
<Cov CovItemId="B8" Value="4"/>
<Cov CovItemId="L1-2" Value="1"/>
<Cov CovItemId="L2-2" Value="8"/>
<Cov CovItemId="L3-2" Value="80"/>
<Cov CovItemId="S1" Value="1"/>
<Cov CovItemId="S10" Value="1"/>
<Cov CovItemId="S11" Value="1"/>
<Cov CovItemId="S118" Value="8"/>
<Cov CovItemId="S119" Value="1"/>
<Cov CovItemId="S12" Value="1"/>
<Cov CovItemId="S120" Value="1"/>
<Cov CovItemId="S121" Value="1"/>
<Cov CovItemId="S122" Value="8"/>
<Cov CovItemId="S123" Value="8"/>
<Cov CovItemId="S124" Value="80"/>
<Cov CovItemId="S125" Value="968"/>
<Cov CovItemId="S126" Value="403"/>
<Cov CovItemId="S129" Value="1"/>
<Cov CovItemId="S13" Value="1"/>
<Cov CovItemId="S14" Value="1"/>
<Cov CovItemId="S15" Value="1"/>
<Cov CovItemId="S16" Value="1"/>
<Cov CovItemId="S17" Value="1"/>
<Cov CovItemId="S18" Value="1"/>
<Cov CovItemId="S19" Value="1"/>
<Cov CovItemId="S2" Value="1"/>
<Cov CovItemId="S20" Value="1"/>
<Cov CovItemId="S21" Value="1"/>
<Cov CovItemId="S22" Value="2"/>
<Cov CovItemId="S23" Value="20"/>
<Cov CovItemId="S24" Value="3"/>
<Cov CovItemId="S25" Value="3"/>
<Cov CovItemId="S26" Value="3"/>
<Cov CovItemId="S3" Value="1"/>
<Cov CovItemId="S30" Value="3"/>
<Cov CovItemId="S31" Value="3"/>
<Cov CovItemId="S32" Value="4"/>
<Cov CovItemId="S33" Value="4"/>
<Cov CovItemId="S36" Value="5"/>
<Cov CovItemId="S37" Value="1"/>
<Cov CovItemId="S38" Value="5"/>
<Cov CovItemId="S39" Value="3"/>
<Cov CovItemId="S4" Value="1"/>
<Cov CovItemId="S41" Value="3"/>
<Cov CovItemId="S42" Value="3"/>
<Cov CovItemId="S43" Value="4"/>
<Cov CovItemId="S44" Value="4"/>
<Cov CovItemId="S45" Value="4"/>
<Cov CovItemId="S46" Value="4"/>
<Cov CovItemId="S48" Value="4"/>
<Cov CovItemId="S49" Value="3"/>
<Cov CovItemId="S5" Value="1"/>
<Cov CovItemId="S50" Value="4"/>
<Cov CovItemId="S51" Value="1"/>
<Cov CovItemId="S52" Value="1"/>
<Cov CovItemId="S53" Value="1"/>
<Cov CovItemId="S54" Value="1"/>
<Cov CovItemId="S55" Value="1"/>
<Cov CovItemId="S57" Value="1"/>
<Cov CovItemId="S58" Value="1"/>
<Cov CovItemId="S59" Value="1"/>
<Cov CovItemId="S6" Value="1"/>
<Cov CovItemId="S61" Value="1"/>
<Cov CovItemId="S63" Value="1"/>
<Cov CovItemId="S65" Value="4"/>
<Cov CovItemId="S67" Value="4"/>
<Cov CovItemId="S7" Value="1"/>
<Cov CovItemId="S71" Value="4"/>
<Cov CovItemId="S73" Value="4"/>
<Cov CovItemId="S74" Value="2"/>
<Cov CovItemId="S76" Value="2"/>
<Cov CovItemId="S77" Value="1"/>
<Cov CovItemId="S78" Value="1"/>
<Cov CovItemId="S79" Value="1"/>
<Cov CovItemId="S8" Value="1"/>
<Cov CovItemId="S81" Value="1"/>
<Cov CovItemId="S82" Value="1"/>
<Cov CovItemId="S83" Value="1"/>
<Cov CovItemId="S86" Value="1"/>
<Cov CovItemId="S87" Value="2"/>
<Cov CovItemId="S88" Value="2"/>
<Cov CovItemId="S89" Value="2"/>
<Cov CovItemId="S9" Value="1"/>
<Cov CovItemId="S90" Value="2"/>
<Cov CovItemId="S91" Value="2"/>
<Cov CovItemId="S92" Value="2"/>
<Cov CovItemId="S93" Value="2"/>
<Cov CovItemId="S94" Value="2"/>
<Cov CovItemId="S95" Value="2"/>
<Cov CovItemId="S97" Value="8"/>
<Cov CovItemId="S98" Value="8"/>
<Cov CovItemId="S99" Value="8"/>
</CovPrefix>
</CovList>
<AssgnmntList>
<AssgnmntPrefix RootTermCovItemPrefix="com.OriginalFiles.Analyze.java">
<AssgnmntListEntry Length="8" RootTermCovItemId="C90">
<MapEntry BoolAssgnmnt="02020202" Value="1"/>
</AssgnmntListEntry>
</AssgnmntPrefix>
<AssgnmntPrefix RootTermCovItemPrefix="com.OriginalFiles.Board.java">
<AssgnmntListEntry Length="1" RootTermCovItemId="C53">
<MapEntry BoolAssgnmnt="1" Value="411"/>
</AssgnmntListEntry>
<AssgnmntListEntry Length="1" RootTermCovItemId="C54">
<MapEntry BoolAssgnmnt="1" Value="411"/>
</AssgnmntListEntry>
<AssgnmntListEntry Length="3" RootTermCovItemId="C55">
<MapEntry BoolAssgnmnt="002" Value="429"/>
</AssgnmntListEntry>
<AssgnmntListEntry Length="3" RootTermCovItemId="C56">
<MapEntry BoolAssgnmnt="002" Value="429"/>
</AssgnmntListEntry>
</AssgnmntPrefix>
<AssgnmntPrefix RootTermCovItemPrefix="com.OriginalFiles.Piece.java">
<AssgnmntListEntry Length="2" RootTermCovItemId="C1">
<MapEntry BoolAssgnmnt="10" Value="3"/>
</AssgnmntListEntry>
<AssgnmntListEntry Length="1" RootTermCovItemId="C10">
<MapEntry BoolAssgnmnt="1" Value="1"/>
</AssgnmntListEntry>
<AssgnmntListEntry Length="1" RootTermCovItemId="C11">
<MapEntry BoolAssgnmnt="0" Value="1"/>
</AssgnmntListEntry>
<AssgnmntListEntry Length="1" RootTermCovItemId="C12">
<MapEntry BoolAssgnmnt="0" Value="1"/>
</AssgnmntListEntry>
<AssgnmntListEntry Length="1" RootTermCovItemId="C13">
<MapEntry BoolAssgnmnt="1" Value="1"/>
</AssgnmntListEntry>
<AssgnmntListEntry Length="1" RootTermCovItemId="C14">
<MapEntry BoolAssgnmnt="0" Value="1"/>
</AssgnmntListEntry>
<AssgnmntListEntry Length="2" RootTermCovItemId="C15">
<MapEntry BoolAssgnmnt="02" Value="1"/>
</AssgnmntListEntry>
<AssgnmntListEntry Length="2" RootTermCovItemId="C16">
<MapEntry BoolAssgnmnt="02" Value="1"/>
</AssgnmntListEntry>
<AssgnmntListEntry Length="5" RootTermCovItemId="C17">
<MapEntry BoolAssgnmnt="00202" Value="4"/>
</AssgnmntListEntry>
<AssgnmntListEntry Length="5" RootTermCovItemId="C18">
<MapEntry BoolAssgnmnt="00202" Value="4"/>
</AssgnmntListEntry>
<AssgnmntListEntry Length="1" RootTermCovItemId="C20">
<MapEntry BoolAssgnmnt="0" Value="4"/>
</AssgnmntListEntry>
<AssgnmntListEntry Length="16" RootTermCovItemId="C21">
<MapEntry BoolAssgnmnt="0202020202021002" Value="2"/>
</AssgnmntListEntry>
<AssgnmntListEntry Length="1" RootTermCovItemId="C22">
<MapEntry BoolAssgnmnt="0" Value="1"/>
</AssgnmntListEntry>
<AssgnmntListEntry Length="1" RootTermCovItemId="C23">
<MapEntry BoolAssgnmnt="0" Value="1"/>
</AssgnmntListEntry>
<AssgnmntListEntry Length="1" RootTermCovItemId="C24">
<MapEntry BoolAssgnmnt="1" Value="2"/>
</AssgnmntListEntry>
<AssgnmntListEntry Length="1" RootTermCovItemId="C25">
<MapEntry BoolAssgnmnt="1" Value="2"/>
</AssgnmntListEntry>
<AssgnmntListEntry Length="1" RootTermCovItemId="C26">
<MapEntry BoolAssgnmnt="1" Value="8"/>
</AssgnmntListEntry>
<AssgnmntListEntry Length="1" RootTermCovItemId="C27">
<MapEntry BoolAssgnmnt="0" Value="8"/>
</AssgnmntListEntry>
<AssgnmntListEntry Length="1" RootTermCovItemId="C3">
<MapEntry BoolAssgnmnt="1" Value="4"/>
</AssgnmntListEntry>
<AssgnmntListEntry Length="2" RootTermCovItemId="C35">
<MapEntry BoolAssgnmnt="01" Value="8"/>
<MapEntry BoolAssgnmnt="00" Value="1"/>
</AssgnmntListEntry>
<AssgnmntListEntry Length="1" RootTermCovItemId="C36">
<MapEntry BoolAssgnmnt="0" Value="8"/>
<MapEntry BoolAssgnmnt="1" Value="80"/>
</AssgnmntListEntry>
<AssgnmntListEntry Length="1" RootTermCovItemId="C37">
<MapEntry BoolAssgnmnt="0" Value="80"/>
<MapEntry BoolAssgnmnt="1" Value="968"/>
</AssgnmntListEntry>
<AssgnmntListEntry Length="1" RootTermCovItemId="C38">
<MapEntry BoolAssgnmnt="0" Value="565"/>
<MapEntry BoolAssgnmnt="1" Value="403"/>
</AssgnmntListEntry>
<AssgnmntListEntry Length="1" RootTermCovItemId="C39">
<MapEntry BoolAssgnmnt="0" Value="403"/>
</AssgnmntListEntry>
<AssgnmntListEntry Length="2" RootTermCovItemId="C4">
<MapEntry BoolAssgnmnt="00" Value="4"/>
<MapEntry BoolAssgnmnt="12" Value="1"/>
</AssgnmntListEntry>
<AssgnmntListEntry Length="1" RootTermCovItemId="C5">
<MapEntry BoolAssgnmnt="0" Value="3"/>
</AssgnmntListEntry>
<AssgnmntListEntry Length="1" RootTermCovItemId="C6">
<MapEntry BoolAssgnmnt="1" Value="4"/>
</AssgnmntListEntry>
<AssgnmntListEntry Length="1" RootTermCovItemId="C7">
<MapEntry BoolAssgnmnt="0" Value="4"/>
</AssgnmntListEntry>
<AssgnmntListEntry Length="1" RootTermCovItemId="C8">
<MapEntry BoolAssgnmnt="0" Value="1"/>
<MapEntry BoolAssgnmnt="1" Value="3"/>
</AssgnmntListEntry>
<AssgnmntListEntry Length="1" RootTermCovItemId="C9">
<MapEntry BoolAssgnmnt="0" Value="3"/>
<MapEntry BoolAssgnmnt="1" Value="1"/>
</AssgnmntListEntry>
</AssgnmntPrefix>
</AssgnmntList>
<ObjMetaDataList/>
<MetaDataList/>
</TestCase>
<MetaDataList/>
</TestSession>
<TestSession Comment="" Date="1386064449239" Name="03-12-2013 10:54:09">
<TestCase Comment="" Date="1386064449064" Name="com.Testing.MiTest:testLookForBestMove">
<CovList>
<CovPrefix CovItemPrefix="com.OriginalFiles.Analyze.java">
<Cov CovItemId="B103" Value="1"/>
<Cov CovItemId="B107" Value="1"/>
<Cov CovItemId="B120" Value="2372"/>
<Cov CovItemId="B121" Value="3964"/>
<Cov CovItemId="B122" Value="1184"/>
<Cov CovItemId="B123" Value="1188"/>
<Cov CovItemId="B124" Value="509"/>
<Cov CovItemId="B125" Value="675"/>
<Cov CovItemId="B126" Value="1188"/>
<Cov CovItemId="B127" Value="1184"/>
<Cov CovItemId="B128" Value="601"/>
<Cov CovItemId="B129" Value="587"/>
<Cov CovItemId="B131" Value="99"/>
<Cov CovItemId="B133" Value="99"/>
<Cov CovItemId="B135" Value="99"/>
<Cov CovItemId="B144" Value="68"/>
<Cov CovItemId="B145" Value="4"/>
<Cov CovItemId="B147" Value="68"/>
<Cov CovItemId="B148" Value="816"/>
<Cov CovItemId="B149" Value="1360"/>
<Cov CovItemId="B150" Value="68"/>
<Cov CovItemId="B153" Value="4"/>
<Cov CovItemId="B155" Value="4"/>
<Cov CovItemId="B65" Value="2"/>
<Cov CovItemId="B66" Value="9"/>
<Cov CovItemId="B68" Value="11"/>
<Cov CovItemId="B70" Value="11"/>
<Cov CovItemId="B71" Value="4"/>
<Cov CovItemId="B72" Value="7"/>
<Cov CovItemId="B73" Value="5"/>
<Cov CovItemId="B74" Value="6"/>
<Cov CovItemId="B84" Value="199"/>
<Cov CovItemId="L16-2" Value="99"/>
<Cov CovItemId="L17-2" Value="792"/>
<Cov CovItemId="L18-2" Value="68"/>
<Cov CovItemId="L19-2" Value="272"/>
<Cov CovItemId="L5-1" Value="11"/>
<Cov CovItemId="S1" Value="1"/>
<Cov CovItemId="S100" Value="11"/>
<Cov CovItemId="S101" Value="11"/>
<Cov CovItemId="S102" Value="11"/>
<Cov CovItemId="S103" Value="2"/>
<Cov CovItemId="S104" Value="11"/>
<Cov CovItemId="S105" Value="11"/>
<Cov CovItemId="S107" Value="11"/>
<Cov CovItemId="S108" Value="11"/>
<Cov CovItemId="S110" Value="11"/>
<Cov CovItemId="S111" Value="11"/>
<Cov CovItemId="S112" Value="4"/>
<Cov CovItemId="S113" Value="11"/>
<Cov CovItemId="S114" Value="5"/>
<Cov CovItemId="S115" Value="11"/>
<Cov CovItemId="S116" Value="11"/>
<Cov CovItemId="S117" Value="11"/>
<Cov CovItemId="S149" Value="199"/>
<Cov CovItemId="S191" Value="1"/>
<Cov CovItemId="S192" Value="1"/>
<Cov CovItemId="S193" Value="1"/>
<Cov CovItemId="S199" Value="1"/>
<Cov CovItemId="S2" Value="1"/>
<Cov CovItemId="S200" Value="1"/>
<Cov CovItemId="S201" Value="1"/>
<Cov CovItemId="S202" Value="1"/>
<Cov CovItemId="S203" Value="1"/>
<Cov CovItemId="S204" Value="1"/>
<Cov CovItemId="S221" Value="99"/>
<Cov CovItemId="S222" Value="99"/>
<Cov CovItemId="S223" Value="99"/>
<Cov CovItemId="S224" Value="99"/>
<Cov CovItemId="S225" Value="99"/>
<Cov CovItemId="S226" Value="99"/>
<Cov CovItemId="S227" Value="792"/>
<Cov CovItemId="S228" Value="6336"/>
<Cov CovItemId="S229" Value="2372"/>
<Cov CovItemId="S230" Value="1184"/>
<Cov CovItemId="S231" Value="1184"/>
<Cov CovItemId="S232" Value="509"/>
<Cov CovItemId="S233" Value="2372"/>
<Cov CovItemId="S234" Value="1188"/>
<Cov CovItemId="S235" Value="1188"/>
<Cov CovItemId="S236" Value="601"/>
<Cov CovItemId="S237" Value="99"/>
<Cov CovItemId="S239" Value="99"/>
<Cov CovItemId="S241" Value="99"/>
<Cov CovItemId="S250" Value="99"/>
<Cov CovItemId="S251" Value="72"/>
<Cov CovItemId="S252" Value="72"/>
<Cov CovItemId="S253" Value="68"/>
<Cov CovItemId="S255" Value="68"/>
<Cov CovItemId="S256" Value="68"/>
<Cov CovItemId="S257" Value="272"/>
<Cov CovItemId="S258" Value="2176"/>
<Cov CovItemId="S259" Value="816"/>
<Cov CovItemId="S260" Value="68"/>
<Cov CovItemId="S261" Value="68"/>
<Cov CovItemId="S262" Value="4"/>
<Cov CovItemId="S264" Value="4"/>
<Cov CovItemId="S266" Value="4"/>
<Cov CovItemId="S3" Value="1"/>
<Cov CovItemId="S4" Value="1"/>
<Cov CovItemId="S5" Value="1"/>
<Cov CovItemId="S99" Value="11"/>
</CovPrefix>
<CovPrefix CovItemPrefix="com.OriginalFiles.Board.java">
<Cov CovItemId="B1" Value="32"/>
<Cov CovItemId="B10" Value="8"/>
<Cov CovItemId="B2" Value="32"/>
<Cov CovItemId="B3" Value="12"/>
<Cov CovItemId="B31" Value="199"/>
<Cov CovItemId="B33" Value="41"/>
<Cov CovItemId="B34" Value="158"/>
<Cov CovItemId="B36" Value="199"/>
<Cov CovItemId="B37" Value="199"/>
<Cov CovItemId="B4" Value="20"/>
<Cov CovItemId="B41" Value="5690"/>
<Cov CovItemId="B42" Value="770"/>
<Cov CovItemId="B43" Value="61"/>
<Cov CovItemId="B44" Value="3006"/>
<Cov CovItemId="B45" Value="1056"/>
<Cov CovItemId="B46" Value="2099"/>
<Cov CovItemId="B47" Value="1045"/>
<Cov CovItemId="B48" Value="2110"/>
<Cov CovItemId="B5" Value="4"/>
<Cov CovItemId="B50" Value="3155"/>
<Cov CovItemId="B55" Value="6074"/>
<Cov CovItemId="B56" Value="6132"/>
<Cov CovItemId="B57" Value="4607"/>
<Cov CovItemId="B58" Value="1525"/>
<Cov CovItemId="B59" Value="4607"/>
<Cov CovItemId="B6" Value="8"/>
<Cov CovItemId="B61" Value="67"/>
<Cov CovItemId="B62" Value="4540"/>
<Cov CovItemId="B63" Value="4096"/>
<Cov CovItemId="B64" Value="4096"/>
<Cov CovItemId="B65" Value="3067"/>
<Cov CovItemId="B66" Value="1029"/>
<Cov CovItemId="B67" Value="1535"/>
<Cov CovItemId="B68" Value="1532"/>
<Cov CovItemId="B69" Value="1"/>
<Cov CovItemId="B7" Value="12"/>
<Cov CovItemId="B79" Value="13003"/>
<Cov CovItemId="B8" Value="20"/>
<Cov CovItemId="B81" Value="11419"/>
<Cov CovItemId="B82" Value="1584"/>
<Cov CovItemId="B83" Value="3282"/>
<Cov CovItemId="B84" Value="9049"/>
<Cov CovItemId="B85" Value="1467"/>
<Cov CovItemId="B86" Value="7582"/>
<Cov CovItemId="B9" Value="4"/>
<Cov CovItemId="L1-2" Value="1"/>
<Cov CovItemId="L10-2" Value="2048"/>
<Cov CovItemId="L13-2" Value="128"/>
<Cov CovItemId="L14-2" Value="1024"/>
<Cov CovItemId="L2-2" Value="8"/>
<Cov CovItemId="L3-2" Value="1"/>
<Cov CovItemId="L4-2" Value="1"/>
<Cov CovItemId="L5-2" Value="1"/>
<Cov CovItemId="L6-2" Value="3"/>
<Cov CovItemId="L7-2" Value="1"/>
<Cov CovItemId="L8-2" Value="2"/>
<Cov CovItemId="L9-2" Value="256"/>
<Cov CovItemId="S1" Value="1"/>
<Cov CovItemId="S10" Value="1"/>
<Cov CovItemId="S100" Value="41"/>
<Cov CovItemId="S101" Value="158"/>
<Cov CovItemId="S102" Value="199"/>
<Cov CovItemId="S104" Value="199"/>
<Cov CovItemId="S105" Value="1"/>
<Cov CovItemId="S106" Value="199"/>
<Cov CovItemId="S107" Value="199"/>
<Cov CovItemId="S108" Value="199"/>
<Cov CovItemId="S109" Value="199"/>
<Cov CovItemId="S11" Value="8"/>
<Cov CovItemId="S115" Value="6460"/>
<Cov CovItemId="S116" Value="5690"/>
<Cov CovItemId="S117" Value="770"/>
<Cov CovItemId="S118" Value="3067"/>
<Cov CovItemId="S119" Value="3067"/>
<Cov CovItemId="S12" Value="64"/>
<Cov CovItemId="S120" Value="61"/>
<Cov CovItemId="S121" Value="3006"/>
<Cov CovItemId="S122" Value="3006"/>
<Cov CovItemId="S123" Value="3155"/>
<Cov CovItemId="S124" Value="3155"/>
<Cov CovItemId="S125" Value="1056"/>
<Cov CovItemId="S126" Value="3155"/>
<Cov CovItemId="S127" Value="1045"/>
<Cov CovItemId="S128" Value="3155"/>
<Cov CovItemId="S13" Value="64"/>
<Cov CovItemId="S133" Value="3155"/>
<Cov CovItemId="S134" Value="3067"/>
<Cov CovItemId="S135" Value="12206"/>
<Cov CovItemId="S136" Value="6074"/>
<Cov CovItemId="S137" Value="6132"/>
<Cov CovItemId="S138" Value="4607"/>
<Cov CovItemId="S139" Value="4607"/>
<Cov CovItemId="S14" Value="64"/>
<Cov CovItemId="S140" Value="67"/>
<Cov CovItemId="S141" Value="6065"/>
<Cov CovItemId="S142" Value="12162"/>
<Cov CovItemId="S143" Value="128"/>
<Cov CovItemId="S144" Value="128"/>
<Cov CovItemId="S145" Value="1024"/>
<Cov CovItemId="S146" Value="8192"/>
<Cov CovItemId="S147" Value="4096"/>
<Cov CovItemId="S148" Value="3067"/>
<Cov CovItemId="S149" Value="1535"/>
<Cov CovItemId="S15" Value="64"/>
<Cov CovItemId="S150" Value="1532"/>
<Cov CovItemId="S151" Value="128"/>
<Cov CovItemId="S152" Value="1"/>
<Cov CovItemId="S153" Value="1"/>
<Cov CovItemId="S154" Value="1"/>
<Cov CovItemId="S16" Value="32"/>
<Cov CovItemId="S17" Value="32"/>
<Cov CovItemId="S176" Value="13003"/>
<Cov CovItemId="S177" Value="13003"/>
<Cov CovItemId="S178" Value="11419"/>
<Cov CovItemId="S179" Value="1584"/>
<Cov CovItemId="S18" Value="32"/>
<Cov CovItemId="S180" Value="12331"/>
<Cov CovItemId="S181" Value="3282"/>
<Cov CovItemId="S182" Value="9049"/>
<Cov CovItemId="S183" Value="1467"/>
<Cov CovItemId="S184" Value="7582"/>
<Cov CovItemId="S185" Value="26280"/>
<Cov CovItemId="S19" Value="12"/>
<Cov CovItemId="S2" Value="1"/>
<Cov CovItemId="S20" Value="12"/>
<Cov CovItemId="S21" Value="12"/>
<Cov CovItemId="S22" Value="4"/>
<Cov CovItemId="S23" Value="32"/>
<Cov CovItemId="S24" Value="12"/>
<Cov CovItemId="S25" Value="12"/>
<Cov CovItemId="S26" Value="12"/>
<Cov CovItemId="S27" Value="4"/>
<Cov CovItemId="S28" Value="32"/>
<Cov CovItemId="S29" Value="32"/>
<Cov CovItemId="S3" Value="1"/>
<Cov CovItemId="S30" Value="64"/>
<Cov CovItemId="S31" Value="1"/>
<Cov CovItemId="S32" Value="8"/>
<Cov CovItemId="S33" Value="8"/>
<Cov CovItemId="S34" Value="8"/>
<Cov CovItemId="S35" Value="8"/>
<Cov CovItemId="S36" Value="8"/>
<Cov CovItemId="S37" Value="8"/>
<Cov CovItemId="S38" Value="8"/>
<Cov CovItemId="S39" Value="8"/>
<Cov CovItemId="S4" Value="1"/>
<Cov CovItemId="S40" Value="1"/>
<Cov CovItemId="S41" Value="8"/>
<Cov CovItemId="S42" Value="8"/>
<Cov CovItemId="S43" Value="8"/>
<Cov CovItemId="S44" Value="8"/>
<Cov CovItemId="S45" Value="8"/>
<Cov CovItemId="S46" Value="8"/>
<Cov CovItemId="S47" Value="8"/>
<Cov CovItemId="S48" Value="8"/>
<Cov CovItemId="S49" Value="1"/>
<Cov CovItemId="S5" Value="1"/>
<Cov CovItemId="S50" Value="3"/>
<Cov CovItemId="S51" Value="24"/>
<Cov CovItemId="S52" Value="24"/>
<Cov CovItemId="S53" Value="24"/>
<Cov CovItemId="S54" Value="24"/>
<Cov CovItemId="S55" Value="1"/>
<Cov CovItemId="S56" Value="2"/>
<Cov CovItemId="S57" Value="16"/>
<Cov CovItemId="S58" Value="16"/>
<Cov CovItemId="S59" Value="16"/>
<Cov CovItemId="S6" Value="1"/>
<Cov CovItemId="S60" Value="16"/>
<Cov CovItemId="S61" Value="256"/>
<Cov CovItemId="S62" Value="2048"/>
<Cov CovItemId="S63" Value="16384"/>
<Cov CovItemId="S7" Value="1"/>
<Cov CovItemId="S8" Value="1"/>
<Cov CovItemId="S9" Value="1"/>
<Cov CovItemId="S98" Value="199"/>
<Cov CovItemId="S99" Value="199"/>
</CovPrefix>
<CovPrefix CovItemPrefix="com.OriginalFiles.Field.java">
<Cov CovItemId="B1" Value="243"/>
<Cov CovItemId="B2" Value="12"/>
<Cov CovItemId="S1" Value="120"/>
<Cov CovItemId="S13" Value="200"/>
<Cov CovItemId="S2" Value="120"/>
<Cov CovItemId="S5" Value="255"/>
<Cov CovItemId="S6" Value="255"/>
<Cov CovItemId="S7" Value="243"/>
<Cov CovItemId="S8" Value="37124"/>
<Cov CovItemId="S9" Value="29806"/>
</CovPrefix>
<CovPrefix CovItemPrefix="com.OriginalFiles.MI.java">
<Cov CovItemId="B1" Value="1"/>
<Cov CovItemId="B10" Value="5"/>
<Cov CovItemId="B11" Value="3"/>
<Cov CovItemId="B12" Value="2"/>
<Cov CovItemId="B13" Value="72"/>
<Cov CovItemId="B14" Value="27"/>
<Cov CovItemId="B15" Value="15"/>
<Cov CovItemId="B16" Value="77"/>
<Cov CovItemId="B17" Value="72"/>
<Cov CovItemId="B20" Value="72"/>
<Cov CovItemId="B28" Value="72"/>
<Cov CovItemId="B29" Value="72"/>
<Cov CovItemId="B3" Value="71"/>
<Cov CovItemId="B31" Value="60"/>
<Cov CovItemId="B32" Value="196"/>
<Cov CovItemId="B33" Value="99"/>
<Cov CovItemId="B35" Value="4"/>
<Cov CovItemId="B36" Value="95"/>
<Cov CovItemId="B37" Value="4"/>
<Cov CovItemId="B39" Value="99"/>
<Cov CovItemId="B4" Value="121"/>
<Cov CovItemId="B41" Value="99"/>
<Cov CovItemId="B44" Value="99"/>
<Cov CovItemId="B49" Value="4"/>
<Cov CovItemId="B5" Value="35"/>
<Cov CovItemId="B51" Value="695"/>
<Cov CovItemId="B52" Value="1161"/>
<Cov CovItemId="B53" Value="154"/>
<Cov CovItemId="B54" Value="541"/>
<Cov CovItemId="B55" Value="5"/>
<Cov CovItemId="B56" Value="149"/>
<Cov CovItemId="B57" Value="5"/>
<Cov CovItemId="B59" Value="149"/>
<Cov CovItemId="B6" Value="36"/>
<Cov CovItemId="B61" Value="5"/>
<Cov CovItemId="B62" Value="24"/>
<Cov CovItemId="B7" Value="1"/>
<Cov CovItemId="B8" Value="1"/>
<Cov CovItemId="B9" Value="2"/>
<Cov CovItemId="L1-2" Value="3"/>
<Cov CovItemId="L10-2" Value="29"/>
<Cov CovItemId="L11-2" Value="232"/>
<Cov CovItemId="L12-1" Value="5"/>
<Cov CovItemId="L13-1" Value="88"/>
<Cov CovItemId="L13-2" Value="61"/>
<Cov CovItemId="L2-2" Value="24"/>
<Cov CovItemId="L3-2" Value="1"/>
<Cov CovItemId="L4-1" Value="16"/>
<Cov CovItemId="L4-2" Value="11"/>
<Cov CovItemId="L5-2" Value="72"/>
<Cov CovItemId="L6-2" Value="72"/>
<Cov CovItemId="L7-1" Value="99"/>
<Cov CovItemId="L8-1" Value="99"/>
<Cov CovItemId="L9-0" Value="95"/>
<Cov CovItemId="L9-1" Value="4"/>
<Cov CovItemId="S1" Value="1"/>
<Cov CovItemId="S10" Value="1"/>
<Cov CovItemId="S100" Value="99"/>
<Cov CovItemId="S101" Value="99"/>
<Cov CovItemId="S102" Value="99"/>
<Cov CovItemId="S103" Value="99"/>
<Cov CovItemId="S104" Value="99"/>
<Cov CovItemId="S105" Value="99"/>
<Cov CovItemId="S106" Value="99"/>
<Cov CovItemId="S107" Value="99"/>
<Cov CovItemId="S108" Value="99"/>
<Cov CovItemId="S109" Value="99"/>
<Cov CovItemId="S11" Value="1"/>
<Cov CovItemId="S115" Value="99"/>
<Cov CovItemId="S116" Value="99"/>
<Cov CovItemId="S117" Value="99"/>
<Cov CovItemId="S118" Value="4"/>
<Cov CovItemId="S119" Value="4"/>
<Cov CovItemId="S12" Value="1"/>
<Cov CovItemId="S120" Value="4"/>
<Cov CovItemId="S122" Value="4"/>
<Cov CovItemId="S123" Value="29"/>
<Cov CovItemId="S124" Value="29"/>
<Cov CovItemId="S125" Value="29"/>
<Cov CovItemId="S126" Value="29"/>
<Cov CovItemId="S127" Value="232"/>
<Cov CovItemId="S128" Value="1856"/>
<Cov CovItemId="S129" Value="695"/>
<Cov CovItemId="S130" Value="154"/>
<Cov CovItemId="S131" Value="5"/>
<Cov CovItemId="S132" Value="5"/>
<Cov CovItemId="S133" Value="5"/>
<Cov CovItemId="S134" Value="5"/>
<Cov CovItemId="S135" Value="149"/>
<Cov CovItemId="S136" Value="149"/>
<Cov CovItemId="S137" Value="149"/>
<Cov CovItemId="S138" Value="210"/>
<Cov CovItemId="S139" Value="210"/>
<Cov CovItemId="S14" Value="1"/>
<Cov CovItemId="S140" Value="29"/>
<Cov CovItemId="S141" Value="5"/>
<Cov CovItemId="S142" Value="24"/>
<Cov CovItemId="S15" Value="1"/>
<Cov CovItemId="S16" Value="3"/>
<Cov CovItemId="S17" Value="3"/>
<Cov CovItemId="S18" Value="3"/>
<Cov CovItemId="S19" Value="24"/>
<Cov CovItemId="S2" Value="1"/>
<Cov CovItemId="S20" Value="192"/>
<Cov CovItemId="S21" Value="71"/>
<Cov CovItemId="S22" Value="35"/>
<Cov CovItemId="S23" Value="36"/>
<Cov CovItemId="S24" Value="2"/>
<Cov CovItemId="S25" Value="2"/>
<Cov CovItemId="S26" Value="2"/>
<Cov CovItemId="S27" Value="2"/>
<Cov CovItemId="S28" Value="2"/>
<Cov CovItemId="S29" Value="1"/>
<Cov CovItemId="S3" Value="1"/>
<Cov CovItemId="S30" Value="1"/>
<Cov CovItemId="S31" Value="7"/>
<Cov CovItemId="S32" Value="7"/>
<Cov CovItemId="S33" Value="7"/>
<Cov CovItemId="S34" Value="7"/>
<Cov CovItemId="S35" Value="2"/>
<Cov CovItemId="S36" Value="2"/>
<Cov CovItemId="S37" Value="2"/>
<Cov CovItemId="S38" Value="5"/>
<Cov CovItemId="S39" Value="3"/>
<Cov CovItemId="S4" Value="1"/>
<Cov CovItemId="S40" Value="1"/>
<Cov CovItemId="S41" Value="99"/>
<Cov CovItemId="S42" Value="72"/>
<Cov CovItemId="S43" Value="27"/>
<Cov CovItemId="S44" Value="27"/>
<Cov CovItemId="S45" Value="27"/>
<Cov CovItemId="S46" Value="92"/>
<Cov CovItemId="S47" Value="92"/>
<Cov CovItemId="S48" Value="92"/>
<Cov CovItemId="S49" Value="92"/>
<Cov CovItemId="S5" Value="1"/>
<Cov CovItemId="S50" Value="92"/>
<Cov CovItemId="S51" Value="92"/>
<Cov CovItemId="S52" Value="15"/>
<Cov CovItemId="S53" Value="27"/>
<Cov CovItemId="S54" Value="72"/>
<Cov CovItemId="S55" Value="72"/>
<Cov CovItemId="S56" Value="72"/>
<Cov CovItemId="S57" Value="72"/>
<Cov CovItemId="S58" Value="72"/>
<Cov CovItemId="S59" Value="72"/>
<Cov CovItemId="S6" Value="1"/>
<Cov CovItemId="S61" Value="72"/>
<Cov CovItemId="S62" Value="72"/>
<Cov CovItemId="S63" Value="72"/>
<Cov CovItemId="S64" Value="864"/>
<Cov CovItemId="S65" Value="72"/>
<Cov CovItemId="S66" Value="860"/>
<Cov CovItemId="S67" Value="72"/>
<Cov CovItemId="S68" Value="72"/>
<Cov CovItemId="S7" Value="1"/>
<Cov CovItemId="S78" Value="72"/>
<Cov CovItemId="S79" Value="72"/>
<Cov CovItemId="S8" Value="1"/>
<Cov CovItemId="S80" Value="72"/>
<Cov CovItemId="S81" Value="72"/>
<Cov CovItemId="S82" Value="72"/>
<Cov CovItemId="S84" Value="256"/>
<Cov CovItemId="S85" Value="60"/>
<Cov CovItemId="S86" Value="196"/>
<Cov CovItemId="S87" Value="99"/>
<Cov CovItemId="S88" Value="99"/>
<Cov CovItemId="S89" Value="99"/>
<Cov CovItemId="S9" Value="1"/>
<Cov CovItemId="S90" Value="99"/>
<Cov CovItemId="S91" Value="99"/>
<Cov CovItemId="S92" Value="99"/>
<Cov CovItemId="S93" Value="4"/>
<Cov CovItemId="S94" Value="4"/>
<Cov CovItemId="S95" Value="4"/>
<Cov CovItemId="S97" Value="4"/>
<Cov CovItemId="S98" Value="4"/>
<Cov CovItemId="S99" Value="99"/>
</CovPrefix>
<CovPrefix CovItemPrefix="com.OriginalFiles.Move.java">
<Cov CovItemId="B1" Value="1"/>
<Cov CovItemId="S1" Value="215"/>
<Cov CovItemId="S12" Value="1"/>
<Cov CovItemId="S13" Value="1"/>
<Cov CovItemId="S14" Value="1"/>
<Cov CovItemId="S15" Value="1"/>
<Cov CovItemId="S2" Value="215"/>
<Cov CovItemId="S3" Value="210"/>
<Cov CovItemId="S4" Value="210"/>
<Cov CovItemId="S5" Value="210"/>
<Cov CovItemId="S6" Value="210"/>
<Cov CovItemId="S7" Value="210"/>
<Cov CovItemId="S8" Value="5"/>
<Cov CovItemId="S9" Value="5"/>
</CovPrefix>
<CovPrefix CovItemPrefix="com.OriginalFiles.Piece.java">
<Cov CovItemId="B10" Value="97"/>
<Cov CovItemId="B11" Value="227"/>
<Cov CovItemId="B12" Value="16"/>
<Cov CovItemId="B14" Value="227"/>
<Cov CovItemId="B15" Value="227"/>
<Cov CovItemId="B18" Value="227"/>
<Cov CovItemId="B2" Value="243"/>
<Cov CovItemId="B34" Value="227"/>
<Cov CovItemId="B35" Value="8"/>
<Cov CovItemId="B36" Value="219"/>
<Cov CovItemId="B37" Value="8"/>
<Cov CovItemId="B40" Value="227"/>
<Cov CovItemId="B5" Value="227"/>
<Cov CovItemId="B6" Value="16"/>
<Cov CovItemId="B8" Value="1724"/>
<Cov CovItemId="B9" Value="130"/>
<Cov CovItemId="S1" Value="40"/>
<Cov CovItemId="S10" Value="40"/>
<Cov CovItemId="S11" Value="40"/>
<Cov CovItemId="S12" Value="40"/>
<Cov CovItemId="S13" Value="40"/>
<Cov CovItemId="S14" Value="40"/>
<Cov CovItemId="S15" Value="40"/>
<Cov CovItemId="S16" Value="40"/>
<Cov CovItemId="S17" Value="40"/>
<Cov CovItemId="S18" Value="40"/>
<Cov CovItemId="S19" Value="40"/>
<Cov CovItemId="S2" Value="40"/>
<Cov CovItemId="S20" Value="40"/>
<Cov CovItemId="S21" Value="40"/>
<Cov CovItemId="S22" Value="4"/>
<Cov CovItemId="S23" Value="4"/>
<Cov CovItemId="S24" Value="243"/>
<Cov CovItemId="S25" Value="243"/>
<Cov CovItemId="S26" Value="243"/>
<Cov CovItemId="S3" Value="40"/>
<Cov CovItemId="S30" Value="243"/>
<Cov CovItemId="S31" Value="243"/>
<Cov CovItemId="S32" Value="243"/>
<Cov CovItemId="S33" Value="227"/>
<Cov CovItemId="S34" Value="16"/>
<Cov CovItemId="S35" Value="16"/>
<Cov CovItemId="S36" Value="1724"/>
<Cov CovItemId="S38" Value="1724"/>
<Cov CovItemId="S39" Value="227"/>
<Cov CovItemId="S4" Value="40"/>
<Cov CovItemId="S40" Value="130"/>
<Cov CovItemId="S41" Value="97"/>
<Cov CovItemId="S42" Value="243"/>
<Cov CovItemId="S43" Value="243"/>
<Cov CovItemId="S44" Value="227"/>
<Cov CovItemId="S45" Value="227"/>
<Cov CovItemId="S46" Value="227"/>
<Cov CovItemId="S48" Value="227"/>
<Cov CovItemId="S49" Value="227"/>
<Cov CovItemId="S5" Value="40"/>
<Cov CovItemId="S50" Value="227"/>
<Cov CovItemId="S6" Value="40"/>
<Cov CovItemId="S65" Value="227"/>
<Cov CovItemId="S67" Value="227"/>
<Cov CovItemId="S68" Value="8"/>
<Cov CovItemId="S69" Value="8"/>
<Cov CovItemId="S7" Value="40"/>
<Cov CovItemId="S70" Value="8"/>
<Cov CovItemId="S71" Value="227"/>
<Cov CovItemId="S73" Value="227"/>
<Cov CovItemId="S8" Value="40"/>
<Cov CovItemId="S9" Value="40"/>
</CovPrefix>
<CovPrefix CovItemPrefix="com.OriginalFiles.RemoteNXTFunctions.java">
<Cov CovItemId="B5" Value="1"/>
<Cov CovItemId="B7" Value="1"/>
<Cov CovItemId="S1" Value="1"/>
<Cov CovItemId="S162" Value="1"/>
<Cov CovItemId="S19" Value="1"/>
<Cov CovItemId="S2" Value="1"/>
<Cov CovItemId="S20" Value="1"/>
<Cov CovItemId="S21" Value="1"/>
<Cov CovItemId="S22" Value="1"/>
<Cov CovItemId="S3" Value="1"/>
</CovPrefix>
</CovList>
<AssgnmntList>
<AssgnmntPrefix RootTermCovItemPrefix="com.OriginalFiles.Analyze.java">
<AssgnmntListEntry Length="1" RootTermCovItemId="C34">
<MapEntry BoolAssgnmnt="0" Value="9"/>
<MapEntry BoolAssgnmnt="1" Value="2"/>
</AssgnmntListEntry>
<AssgnmntListEntry Length="1" RootTermCovItemId="C35">
<MapEntry BoolAssgnmnt="0" Value="11"/>
</AssgnmntListEntry>
<AssgnmntListEntry Length="1" RootTermCovItemId="C36">
<MapEntry BoolAssgnmnt="0" Value="11"/>
</AssgnmntListEntry>
<AssgnmntListEntry Length="1" RootTermCovItemId="C37">
<MapEntry BoolAssgnmnt="0" Value="7"/>
<MapEntry BoolAssgnmnt="1" Value="4"/>
</AssgnmntListEntry>
<AssgnmntListEntry Length="1" RootTermCovItemId="C38">
<MapEntry BoolAssgnmnt="0" Value="6"/>
<MapEntry BoolAssgnmnt="1" Value="5"/>
</AssgnmntListEntry>
<AssgnmntListEntry Length="1" RootTermCovItemId="C39">
<MapEntry BoolAssgnmnt="0" Value="11"/>
<MapEntry BoolAssgnmnt="1" Value="11"/>
</AssgnmntListEntry>
<AssgnmntListEntry Length="1" RootTermCovItemId="C49">
<MapEntry BoolAssgnmnt="0" Value="199"/>
</AssgnmntListEntry>
<AssgnmntListEntry Length="1" RootTermCovItemId="C64">
<MapEntry BoolAssgnmnt="1" Value="1"/>
</AssgnmntListEntry>
<AssgnmntListEntry Length="6" RootTermCovItemId="C66">
<MapEntry BoolAssgnmnt="111111" Value="1"/>
</AssgnmntListEntry>
<AssgnmntListEntry Length="1" RootTermCovItemId="C70">
<MapEntry BoolAssgnmnt="0" Value="2372"/>
<MapEntry BoolAssgnmnt="1" Value="3964"/>
</AssgnmntListEntry>
<AssgnmntListEntry Length="1" RootTermCovItemId="C71">
<MapEntry BoolAssgnmnt="0" Value="1188"/>
<MapEntry BoolAssgnmnt="1" Value="1184"/>
</AssgnmntListEntry>
<AssgnmntListEntry Length="1" RootTermCovItemId="C72">
<MapEntry BoolAssgnmnt="0" Value="675"/>
<MapEntry BoolAssgnmnt="1" Value="509"/>
</AssgnmntListEntry>
<AssgnmntListEntry Length="1" RootTermCovItemId="C73">
<MapEntry BoolAssgnmnt="0" Value="1184"/>
<MapEntry BoolAssgnmnt="1" Value="1188"/>
</AssgnmntListEntry>
<AssgnmntListEntry Length="1" RootTermCovItemId="C74">
<MapEntry BoolAssgnmnt="0" Value="587"/>
<MapEntry BoolAssgnmnt="1" Value="601"/>
</AssgnmntListEntry>
<AssgnmntListEntry Length="3" RootTermCovItemId="C75">
<MapEntry BoolAssgnmnt="012" Value="79"/>
<MapEntry BoolAssgnmnt="001" Value="20"/>
</AssgnmntListEntry>
<AssgnmntListEntry Length="3" RootTermCovItemId="C76">
<MapEntry BoolAssgnmnt="011" Value="79"/>
<MapEntry BoolAssgnmnt="002" Value="20"/>
</AssgnmntListEntry>
<AssgnmntListEntry Length="2" RootTermCovItemId="C77">
<MapEntry BoolAssgnmnt="02" Value="99"/>
</AssgnmntListEntry>
<AssgnmntListEntry Length="1" RootTermCovItemId="C82">
<MapEntry BoolAssgnmnt="0" Value="4"/>
<MapEntry BoolAssgnmnt="1" Value="68"/>
</AssgnmntListEntry>
<AssgnmntListEntry Length="1" RootTermCovItemId="C83">
<MapEntry BoolAssgnmnt="1" Value="68"/>
</AssgnmntListEntry>
<AssgnmntListEntry Length="1" RootTermCovItemId="C84">
<MapEntry BoolAssgnmnt="0" Value="68"/>
<MapEntry BoolAssgnmnt="1" Value="272"/>
</AssgnmntListEntry>
<AssgnmntListEntry Length="1" RootTermCovItemId="C85">
<MapEntry BoolAssgnmnt="0" Value="272"/>
<MapEntry BoolAssgnmnt="1" Value="2176"/>
</AssgnmntListEntry>
<AssgnmntListEntry Length="1" RootTermCovItemId="C86">
<MapEntry BoolAssgnmnt="0" Value="816"/>
<MapEntry BoolAssgnmnt="1" Value="1360"/>
</AssgnmntListEntry>
<AssgnmntListEntry Length="1" RootTermCovItemId="C87">
<MapEntry BoolAssgnmnt="1" Value="68"/>
</AssgnmntListEntry>
<AssgnmntListEntry Length="2" RootTermCovItemId="C88">
<MapEntry BoolAssgnmnt="12" Value="4"/>
</AssgnmntListEntry>
<AssgnmntListEntry Length="2" RootTermCovItemId="C89">
<MapEntry BoolAssgnmnt="10" Value="4"/>
</AssgnmntListEntry>
</AssgnmntPrefix>
<AssgnmntPrefix RootTermCovItemPrefix="com.OriginalFiles.Board.java">
<AssgnmntListEntry Length="1" RootTermCovItemId="C1">
<MapEntry BoolAssgnmnt="0" Value="1"/>
<MapEntry BoolAssgnmnt="1" Value="8"/>
</AssgnmntListEntry>
<AssgnmntListEntry Length="1" RootTermCovItemId="C10">
<MapEntry BoolAssgnmnt="0" Value="1"/>
<MapEntry BoolAssgnmnt="1" Value="3"/>
</AssgnmntListEntry>
<AssgnmntListEntry Length="1" RootTermCovItemId="C11">
<MapEntry BoolAssgnmnt="0" Value="3"/>
<MapEntry BoolAssgnmnt="1" Value="24"/>
</AssgnmntListEntry>
<AssgnmntListEntry Length="1" RootTermCovItemId="C12">
<MapEntry BoolAssgnmnt="0" Value="1"/>
<MapEntry BoolAssgnmnt="1" Value="2"/>
</AssgnmntListEntry>
<AssgnmntListEntry Length="1" RootTermCovItemId="C13">
<MapEntry BoolAssgnmnt="0" Value="2"/>
<MapEntry BoolAssgnmnt="1" Value="16"/>
</AssgnmntListEntry>
<AssgnmntListEntry Length="1" RootTermCovItemId="C2">
<MapEntry BoolAssgnmnt="0" Value="8"/>
<MapEntry BoolAssgnmnt="1" Value="64"/>
</AssgnmntListEntry>
<AssgnmntListEntry Length="1" RootTermCovItemId="C26">
<MapEntry BoolAssgnmnt="0" Value="199"/>
</AssgnmntListEntry>
<AssgnmntListEntry Length="1" RootTermCovItemId="C27">
<MapEntry BoolAssgnmnt="0" Value="158"/>
<MapEntry BoolAssgnmnt="1" Value="41"/>
</AssgnmntListEntry>
<AssgnmntListEntry Length="2" RootTermCovItemId="C28">
<MapEntry BoolAssgnmnt="02" Value="199"/>
</AssgnmntListEntry>
<AssgnmntListEntry Length="1" RootTermCovItemId="C29">
<MapEntry BoolAssgnmnt="1" Value="199"/>
</AssgnmntListEntry>
<AssgnmntListEntry Length="1" RootTermCovItemId="C3">
<MapEntry BoolAssgnmnt="0" Value="32"/>
<MapEntry BoolAssgnmnt="1" Value="32"/>
</AssgnmntListEntry>
<AssgnmntListEntry Length="1" RootTermCovItemId="C31">
<MapEntry BoolAssgnmnt="0" Value="770"/>
<MapEntry BoolAssgnmnt="1" Value="5690"/>
</AssgnmntListEntry>
<AssgnmntListEntry Length="1" RootTermCovItemId="C32">
<MapEntry BoolAssgnmnt="0" Value="3006"/>
<MapEntry BoolAssgnmnt="1" Value="61"/>
</AssgnmntListEntry>
<AssgnmntListEntry Length="1" RootTermCovItemId="C33">
<MapEntry BoolAssgnmnt="0" Value="1056"/>
<MapEntry BoolAssgnmnt="1" Value="2099"/>
</AssgnmntListEntry>
<AssgnmntListEntry Length="1" RootTermCovItemId="C34">
<MapEntry BoolAssgnmnt="0" Value="1045"/>
<MapEntry BoolAssgnmnt="1" Value="2110"/>
</AssgnmntListEntry>
<AssgnmntListEntry Length="1" RootTermCovItemId="C35">
<MapEntry BoolAssgnmnt="0" Value="3155"/>
</AssgnmntListEntry>
<AssgnmntListEntry Length="5" RootTermCovItemId="C38">
<MapEntry BoolAssgnmnt="02002" Value="3046"/>
<MapEntry BoolAssgnmnt="10122" Value="3086"/>
<MapEntry BoolAssgnmnt="11220" Value="3092"/>
<MapEntry BoolAssgnmnt="02010" Value="2982"/>
</AssgnmntListEntry>
<AssgnmntListEntry Length="1" RootTermCovItemId="C39">
<MapEntry BoolAssgnmnt="0" Value="1525"/>
<MapEntry BoolAssgnmnt="1" Value="4607"/>
</AssgnmntListEntry>
<AssgnmntListEntry Length="1" RootTermCovItemId="C4">
<MapEntry BoolAssgnmnt="0" Value="20"/>
<MapEntry BoolAssgnmnt="1" Value="12"/>
</AssgnmntListEntry>
<AssgnmntListEntry Length="1" RootTermCovItemId="C40">
<MapEntry BoolAssgnmnt="0" Value="4607"/>
</AssgnmntListEntry>
<AssgnmntListEntry Length="2" RootTermCovItemId="C41">
<MapEntry BoolAssgnmnt="10" Value="67"/>
<MapEntry BoolAssgnmnt="02" Value="4457"/>
<MapEntry BoolAssgnmnt="11" Value="83"/>
</AssgnmntListEntry>
<AssgnmntListEntry Length="1" RootTermCovItemId="C42">
<MapEntry BoolAssgnmnt="0" Value="4096"/>
<MapEntry BoolAssgnmnt="1" Value="4096"/>
</AssgnmntListEntry>
<AssgnmntListEntry Length="1" RootTermCovItemId="C43">
<MapEntry BoolAssgnmnt="0" Value="1029"/>
<MapEntry BoolAssgnmnt="1" Value="3067"/>
</AssgnmntListEntry>
<AssgnmntListEntry Length="1" RootTermCovItemId="C44">
<MapEntry BoolAssgnmnt="0" Value="1532"/>
<MapEntry BoolAssgnmnt="1" Value="1535"/>
</AssgnmntListEntry>
<AssgnmntListEntry Length="1" RootTermCovItemId="C45">
<MapEntry BoolAssgnmnt="1" Value="1"/>
</AssgnmntListEntry>
<AssgnmntListEntry Length="1" RootTermCovItemId="C5">
<MapEntry BoolAssgnmnt="0" Value="8"/>
<MapEntry BoolAssgnmnt="1" Value="4"/>
</AssgnmntListEntry>
<AssgnmntListEntry Length="1" RootTermCovItemId="C53">
<MapEntry BoolAssgnmnt="1" Value="13003"/>
</AssgnmntListEntry>
<AssgnmntListEntry Length="1" RootTermCovItemId="C54">
<MapEntry BoolAssgnmnt="0" Value="11419"/>
<MapEntry BoolAssgnmnt="1" Value="1584"/>
</AssgnmntListEntry>
<AssgnmntListEntry Length="3" RootTermCovItemId="C55">
<MapEntry BoolAssgnmnt="002" Value="5968"/>
<MapEntry BoolAssgnmnt="120" Value="3282"/>
<MapEntry BoolAssgnmnt="121" Value="3081"/>
</AssgnmntListEntry>
<AssgnmntListEntry Length="3" RootTermCovItemId="C56">
<MapEntry BoolAssgnmnt="002" Value="3081"/>
<MapEntry BoolAssgnmnt="120" Value="4501"/>
<MapEntry BoolAssgnmnt="121" Value="1467"/>
</AssgnmntListEntry>
<AssgnmntListEntry Length="1" RootTermCovItemId="C6">
<MapEntry BoolAssgnmnt="0" Value="20"/>
<MapEntry BoolAssgnmnt="1" Value="12"/>
</AssgnmntListEntry>
<AssgnmntListEntry Length="1" RootTermCovItemId="C7">
<MapEntry BoolAssgnmnt="0" Value="8"/>
<MapEntry BoolAssgnmnt="1" Value="4"/>
</AssgnmntListEntry>
<AssgnmntListEntry Length="1" RootTermCovItemId="C8">
<MapEntry BoolAssgnmnt="0" Value="1"/>
<MapEntry BoolAssgnmnt="1" Value="8"/>
</AssgnmntListEntry>
<AssgnmntListEntry Length="1" RootTermCovItemId="C9">
<MapEntry BoolAssgnmnt="0" Value="1"/>
<MapEntry BoolAssgnmnt="1" Value="8"/>
</AssgnmntListEntry>
</AssgnmntPrefix>
<AssgnmntPrefix RootTermCovItemPrefix="com.OriginalFiles.Field.java">
<AssgnmntListEntry Length="1" RootTermCovItemId="C1">
<MapEntry BoolAssgnmnt="0" Value="243"/>
<MapEntry BoolAssgnmnt="1" Value="12"/>
</AssgnmntListEntry>
</AssgnmntPrefix>
<AssgnmntPrefix RootTermCovItemPrefix="com.OriginalFiles.MI.java">
<AssgnmntListEntry Length="1" RootTermCovItemId="C1">
<MapEntry BoolAssgnmnt="1" Value="1"/>
</AssgnmntListEntry>
<AssgnmntListEntry Length="1" RootTermCovItemId="C10">
<MapEntry BoolAssgnmnt="1" Value="72"/>
</AssgnmntListEntry>
<AssgnmntListEntry Length="1" RootTermCovItemId="C11">
<MapEntry BoolAssgnmnt="0" Value="72"/>
<MapEntry BoolAssgnmnt="1" Value="864"/>
</AssgnmntListEntry>
<AssgnmntListEntry Length="1" RootTermCovItemId="C12">
<MapEntry BoolAssgnmnt="0" Value="72"/>
<MapEntry BoolAssgnmnt="1" Value="860"/>
</AssgnmntListEntry>
<AssgnmntListEntry Length="1" RootTermCovItemId="C15">
<MapEntry BoolAssgnmnt="1" Value="72"/>
</AssgnmntListEntry>
<AssgnmntListEntry Length="1" RootTermCovItemId="C16">
<MapEntry BoolAssgnmnt="0" Value="196"/>
<MapEntry BoolAssgnmnt="1" Value="60"/>
</AssgnmntListEntry>
<AssgnmntListEntry Length="1" RootTermCovItemId="C17">
<MapEntry BoolAssgnmnt="1" Value="99"/>
</AssgnmntListEntry>
<AssgnmntListEntry Length="1" RootTermCovItemId="C18">
<MapEntry BoolAssgnmnt="0" Value="99"/>
<MapEntry BoolAssgnmnt="1" Value="99"/>
</AssgnmntListEntry>
<AssgnmntListEntry Length="1" RootTermCovItemId="C19">
<MapEntry BoolAssgnmnt="0" Value="95"/>
<MapEntry BoolAssgnmnt="1" Value="4"/>
</AssgnmntListEntry>
<AssgnmntListEntry Length="1" RootTermCovItemId="C2">
<MapEntry BoolAssgnmnt="0" Value="71"/>
<MapEntry BoolAssgnmnt="1" Value="121"/>
</AssgnmntListEntry>
<AssgnmntListEntry Length="1" RootTermCovItemId="C20">
<MapEntry BoolAssgnmnt="1" Value="4"/>
</AssgnmntListEntry>
<AssgnmntListEntry Length="1" RootTermCovItemId="C21">
<MapEntry BoolAssgnmnt="1" Value="99"/>
</AssgnmntListEntry>
<AssgnmntListEntry Length="1" RootTermCovItemId="C22">
<MapEntry BoolAssgnmnt="0" Value="99"/>
<MapEntry BoolAssgnmnt="1" Value="99"/>
</AssgnmntListEntry>
<AssgnmntListEntry Length="1" RootTermCovItemId="C23">
<MapEntry BoolAssgnmnt="0" Value="99"/>
</AssgnmntListEntry>
<AssgnmntListEntry Length="2" RootTermCovItemId="C24">
<MapEntry BoolAssgnmnt="02" Value="99"/>
</AssgnmntListEntry>
<AssgnmntListEntry Length="1" RootTermCovItemId="C27">
<MapEntry BoolAssgnmnt="0" Value="99"/>
<MapEntry BoolAssgnmnt="1" Value="4"/>
</AssgnmntListEntry>
<AssgnmntListEntry Length="1" RootTermCovItemId="C28">
<MapEntry BoolAssgnmnt="1" Value="4"/>
</AssgnmntListEntry>
<AssgnmntListEntry Length="1" RootTermCovItemId="C29">
<MapEntry BoolAssgnmnt="0" Value="695"/>
<MapEntry BoolAssgnmnt="1" Value="1161"/>
</AssgnmntListEntry>
<AssgnmntListEntry Length="1" RootTermCovItemId="C3">
<MapEntry BoolAssgnmnt="0" Value="36"/>
<MapEntry BoolAssgnmnt="1" Value="35"/>
</AssgnmntListEntry>
<AssgnmntListEntry Length="2" RootTermCovItemId="C30">
<MapEntry BoolAssgnmnt="10" Value="161"/>
<MapEntry BoolAssgnmnt="02" Value="380"/>
<MapEntry BoolAssgnmnt="11" Value="154"/>
</AssgnmntListEntry>
<AssgnmntListEntry Length="1" RootTermCovItemId="C31">
<MapEntry BoolAssgnmnt="0" Value="149"/>
<MapEntry BoolAssgnmnt="1" Value="5"/>
</AssgnmntListEntry>
<AssgnmntListEntry Length="1" RootTermCovItemId="C32">
<MapEntry BoolAssgnmnt="1" Value="5"/>
</AssgnmntListEntry>
<AssgnmntListEntry Length="1" RootTermCovItemId="C33">
<MapEntry BoolAssgnmnt="0" Value="149"/>
</AssgnmntListEntry>
<AssgnmntListEntry Length="1" RootTermCovItemId="C34">
<MapEntry BoolAssgnmnt="0" Value="24"/>
<MapEntry BoolAssgnmnt="1" Value="5"/>
</AssgnmntListEntry>
<AssgnmntListEntry Length="1" RootTermCovItemId="C4">
<MapEntry BoolAssgnmnt="0" Value="1"/>
<MapEntry BoolAssgnmnt="1" Value="1"/>
</AssgnmntListEntry>
<AssgnmntListEntry Length="1" RootTermCovItemId="C5">
<MapEntry BoolAssgnmnt="0" Value="5"/>
<MapEntry BoolAssgnmnt="1" Value="2"/>
</AssgnmntListEntry>
<AssgnmntListEntry Length="1" RootTermCovItemId="C6">
<MapEntry BoolAssgnmnt="0" Value="2"/>
<MapEntry BoolAssgnmnt="1" Value="3"/>
</AssgnmntListEntry>
<AssgnmntListEntry Length="2" RootTermCovItemId="C7">
<MapEntry BoolAssgnmnt="00" Value="27"/>
<MapEntry BoolAssgnmnt="12" Value="72"/>
</AssgnmntListEntry>
<AssgnmntListEntry Length="1" RootTermCovItemId="C8">
<MapEntry BoolAssgnmnt="0" Value="77"/>
<MapEntry BoolAssgnmnt="1" Value="15"/>
</AssgnmntListEntry>
<AssgnmntListEntry Length="1" RootTermCovItemId="C9">
<MapEntry BoolAssgnmnt="1" Value="72"/>
</AssgnmntListEntry>
</AssgnmntPrefix>
<AssgnmntPrefix RootTermCovItemPrefix="com.OriginalFiles.Move.java">
<AssgnmntListEntry Length="1" RootTermCovItemId="C1">
<MapEntry BoolAssgnmnt="1" Value="1"/>
</AssgnmntListEntry>
</AssgnmntPrefix>
<AssgnmntPrefix RootTermCovItemPrefix="com.OriginalFiles.Piece.java">
<AssgnmntListEntry Length="2" RootTermCovItemId="C1">
<MapEntry BoolAssgnmnt="10" Value="227"/>
<MapEntry BoolAssgnmnt="02" Value="16"/>
</AssgnmntListEntry>
<AssgnmntListEntry Length="5" RootTermCovItemId="C17">
<MapEntry BoolAssgnmnt="00210" Value="170"/>
<MapEntry BoolAssgnmnt="01002" Value="57"/>
</AssgnmntListEntry>
<AssgnmntListEntry Length="5" RootTermCovItemId="C18">
<MapEntry BoolAssgnmnt="00210" Value="166"/>
<MapEntry BoolAssgnmnt="00211" Value="4"/>
<MapEntry BoolAssgnmnt="01002" Value="53"/>
<MapEntry BoolAssgnmnt="01122" Value="4"/>
</AssgnmntListEntry>
<AssgnmntListEntry Length="1" RootTermCovItemId="C19">
<MapEntry BoolAssgnmnt="1" Value="8"/>
</AssgnmntListEntry>
<AssgnmntListEntry Length="1" RootTermCovItemId="C20">
<MapEntry BoolAssgnmnt="0" Value="227"/>
</AssgnmntListEntry>
<AssgnmntListEntry Length="1" RootTermCovItemId="C3">
<MapEntry BoolAssgnmnt="0" Value="16"/>
<MapEntry BoolAssgnmnt="1" Value="227"/>
</AssgnmntListEntry>
<AssgnmntListEntry Length="2" RootTermCovItemId="C4">
<MapEntry BoolAssgnmnt="00" Value="1724"/>
</AssgnmntListEntry>
<AssgnmntListEntry Length="1" RootTermCovItemId="C5">
<MapEntry BoolAssgnmnt="0" Value="97"/>
<MapEntry BoolAssgnmnt="1" Value="130"/>
</AssgnmntListEntry>
<AssgnmntListEntry Length="1" RootTermCovItemId="C6">
<MapEntry BoolAssgnmnt="0" Value="16"/>
<MapEntry BoolAssgnmnt="1" Value="227"/>
</AssgnmntListEntry>
<AssgnmntListEntry Length="1" RootTermCovItemId="C7">
<MapEntry BoolAssgnmnt="0" Value="227"/>
</AssgnmntListEntry>
<AssgnmntListEntry Length="1" RootTermCovItemId="C8">
<MapEntry BoolAssgnmnt="1" Value="227"/>
</AssgnmntListEntry>
<AssgnmntListEntry Length="1" RootTermCovItemId="C9">
<MapEntry BoolAssgnmnt="0" Value="227"/>
</AssgnmntListEntry>
</AssgnmntPrefix>
<AssgnmntPrefix RootTermCovItemPrefix="com.OriginalFiles.RemoteNXTFunctions.java">
<AssgnmntListEntry Length="1" RootTermCovItemId="C5">
<MapEntry BoolAssgnmnt="1" Value="1"/>
</AssgnmntListEntry>
<AssgnmntListEntry Length="2" RootTermCovItemId="C6">
<MapEntry BoolAssgnmnt="11" Value="1"/>
</AssgnmntListEntry>
</AssgnmntPrefix>
</AssgnmntList>
<ObjMetaDataList/>
<MetaDataList/>
</TestCase>
<TestCase Comment="" Date="1386064449113" Name="com.Testing.MiTest:testLookForBestMoveEndGame">
<CovList>
<CovPrefix CovItemPrefix="com.OriginalFiles.Analyze.java">
<Cov CovItemId="B103" Value="1"/>
<Cov CovItemId="B107" Value="1"/>
<Cov CovItemId="B120" Value="928"/>
<Cov CovItemId="B121" Value="6496"/>
<Cov CovItemId="B122" Value="464"/>
<Cov CovItemId="B123" Value="464"/>
<Cov CovItemId="B124" Value="454"/>
<Cov CovItemId="B125" Value="10"/>
<Cov CovItemId="B126" Value="464"/>
<Cov CovItemId="B127" Value="464"/>
<Cov CovItemId="B128" Value="420"/>
<Cov CovItemId="B129" Value="44"/>
<Cov CovItemId="B131" Value="116"/>
<Cov CovItemId="B133" Value="116"/>
<Cov CovItemId="B135" Value="116"/>
<Cov CovItemId="B144" Value="90"/>
<Cov CovItemId="B147" Value="90"/>
<Cov CovItemId="B148" Value="388"/>
<Cov CovItemId="B149" Value="2492"/>
<Cov CovItemId="B150" Value="90"/>
<Cov CovItemId="B84" Value="232"/>
<Cov CovItemId="L16-2" Value="116"/>
<Cov CovItemId="L17-2" Value="928"/>
<Cov CovItemId="L18-2" Value="90"/>
<Cov CovItemId="L19-2" Value="360"/>
<Cov CovItemId="S1" Value="1"/>
<Cov CovItemId="S149" Value="232"/>
<Cov CovItemId="S191" Value="1"/>
<Cov CovItemId="S192" Value="1"/>
<Cov CovItemId="S193" Value="1"/>
<Cov CovItemId="S199" Value="1"/>
<Cov CovItemId="S2" Value="1"/>
<Cov CovItemId="S200" Value="1"/>
<Cov CovItemId="S201" Value="1"/>
<Cov CovItemId="S202" Value="1"/>
<Cov CovItemId="S203" Value="1"/>
<Cov CovItemId="S204" Value="1"/>
<Cov CovItemId="S221" Value="116"/>
<Cov CovItemId="S222" Value="116"/>
<Cov CovItemId="S223" Value="116"/>
<Cov CovItemId="S224" Value="116"/>
<Cov CovItemId="S225" Value="116"/>
<Cov CovItemId="S226" Value="116"/>
<Cov CovItemId="S227" Value="928"/>
<Cov CovItemId="S228" Value="7424"/>
<Cov CovItemId="S229" Value="928"/>
<Cov CovItemId="S230" Value="464"/>
<Cov CovItemId="S231" Value="464"/>
<Cov CovItemId="S232" Value="454"/>
<Cov CovItemId="S233" Value="928"/>
<Cov CovItemId="S234" Value="464"/>
<Cov CovItemId="S235" Value="464"/>
<Cov CovItemId="S236" Value="420"/>
<Cov CovItemId="S237" Value="116"/>
<Cov CovItemId="S239" Value="116"/>
<Cov CovItemId="S241" Value="116"/>
<Cov CovItemId="S250" Value="116"/>
<Cov CovItemId="S251" Value="90"/>
<Cov CovItemId="S252" Value="90"/>
<Cov CovItemId="S253" Value="90"/>
<Cov CovItemId="S255" Value="90"/>
<Cov CovItemId="S256" Value="90"/>
<Cov CovItemId="S257" Value="360"/>
<Cov CovItemId="S258" Value="2880"/>
<Cov CovItemId="S259" Value="388"/>
<Cov CovItemId="S260" Value="90"/>
<Cov CovItemId="S261" Value="90"/>
<Cov CovItemId="S3" Value="1"/>
<Cov CovItemId="S4" Value="1"/>
<Cov CovItemId="S5" Value="1"/>
</CovPrefix>
<CovPrefix CovItemPrefix="com.OriginalFiles.Board.java">
<Cov CovItemId="B1" Value="32"/>
<Cov CovItemId="B10" Value="8"/>
<Cov CovItemId="B2" Value="32"/>
<Cov CovItemId="B3" Value="12"/>
<Cov CovItemId="B31" Value="232"/>
<Cov CovItemId="B33" Value="38"/>
<Cov CovItemId="B34" Value="194"/>
<Cov CovItemId="B36" Value="232"/>
<Cov CovItemId="B37" Value="232"/>
<Cov CovItemId="B38" Value="16"/>
<Cov CovItemId="B4" Value="20"/>
<Cov CovItemId="B41" Value="2195"/>
<Cov CovItemId="B42" Value="295"/>
<Cov CovItemId="B44" Value="1144"/>
<Cov CovItemId="B45" Value="951"/>
<Cov CovItemId="B46" Value="294"/>
<Cov CovItemId="B47" Value="1010"/>
<Cov CovItemId="B48" Value="235"/>
<Cov CovItemId="B5" Value="4"/>
<Cov CovItemId="B50" Value="1245"/>
<Cov CovItemId="B55" Value="2288"/>
<Cov CovItemId="B56" Value="2288"/>
<Cov CovItemId="B57" Value="1680"/>
<Cov CovItemId="B58" Value="608"/>
<Cov CovItemId="B59" Value="1680"/>
<Cov CovItemId="B6" Value="8"/>
<Cov CovItemId="B62" Value="1680"/>
<Cov CovItemId="B63" Value="4576"/>
<Cov CovItemId="B64" Value="4576"/>
<Cov CovItemId="B65" Value="1144"/>
<Cov CovItemId="B66" Value="3432"/>
<Cov CovItemId="B67" Value="572"/>
<Cov CovItemId="B68" Value="572"/>
<Cov CovItemId="B69" Value="1"/>
<Cov CovItemId="B7" Value="12"/>
<Cov CovItemId="B79" Value="48785"/>
<Cov CovItemId="B8" Value="20"/>
<Cov CovItemId="B81" Value="9626"/>
<Cov CovItemId="B82" Value="39159"/>
<Cov CovItemId="B83" Value="2617"/>
<Cov CovItemId="B84" Value="55587"/>
<Cov CovItemId="B85" Value="45957"/>
<Cov CovItemId="B86" Value="9630"/>
<Cov CovItemId="B9" Value="4"/>
<Cov CovItemId="L1-2" Value="1"/>
<Cov CovItemId="L10-2" Value="2288"/>
<Cov CovItemId="L13-2" Value="143"/>
<Cov CovItemId="L14-2" Value="1144"/>
<Cov CovItemId="L2-2" Value="8"/>
<Cov CovItemId="L3-2" Value="1"/>
<Cov CovItemId="L4-2" Value="1"/>
<Cov CovItemId="L5-2" Value="1"/>
<Cov CovItemId="L6-2" Value="3"/>
<Cov CovItemId="L7-2" Value="1"/>
<Cov CovItemId="L8-2" Value="2"/>
<Cov CovItemId="L9-2" Value="286"/>
<Cov CovItemId="S1" Value="1"/>
<Cov CovItemId="S10" Value="1"/>
<Cov CovItemId="S100" Value="38"/>
<Cov CovItemId="S101" Value="194"/>
<Cov CovItemId="S102" Value="232"/>
<Cov CovItemId="S104" Value="232"/>
<Cov CovItemId="S106" Value="248"/>
<Cov CovItemId="S107" Value="248"/>
<Cov CovItemId="S108" Value="248"/>
<Cov CovItemId="S109" Value="232"/>
<Cov CovItemId="S11" Value="8"/>
<Cov CovItemId="S115" Value="2490"/>
<Cov CovItemId="S116" Value="2195"/>
<Cov CovItemId="S117" Value="295"/>
<Cov CovItemId="S118" Value="1144"/>
<Cov CovItemId="S119" Value="1144"/>
<Cov CovItemId="S12" Value="64"/>
<Cov CovItemId="S121" Value="1144"/>
<Cov CovItemId="S122" Value="1144"/>
<Cov CovItemId="S123" Value="1245"/>
<Cov CovItemId="S124" Value="1245"/>
<Cov CovItemId="S125" Value="951"/>
<Cov CovItemId="S126" Value="1245"/>
<Cov CovItemId="S127" Value="1010"/>
<Cov CovItemId="S128" Value="1245"/>
<Cov CovItemId="S13" Value="64"/>
<Cov CovItemId="S133" Value="1245"/>
<Cov CovItemId="S134" Value="1144"/>
<Cov CovItemId="S135" Value="4576"/>
<Cov CovItemId="S136" Value="2288"/>
<Cov CovItemId="S137" Value="2288"/>
<Cov CovItemId="S138" Value="1680"/>
<Cov CovItemId="S139" Value="1680"/>
<Cov CovItemId="S14" Value="64"/>
<Cov CovItemId="S141" Value="2288"/>
<Cov CovItemId="S142" Value="4576"/>
<Cov CovItemId="S143" Value="143"/>
<Cov CovItemId="S144" Value="143"/>
<Cov CovItemId="S145" Value="1144"/>
<Cov CovItemId="S146" Value="9152"/>
<Cov CovItemId="S147" Value="4576"/>
<Cov CovItemId="S148" Value="1144"/>
<Cov CovItemId="S149" Value="572"/>
<Cov CovItemId="S15" Value="64"/>
<Cov CovItemId="S150" Value="572"/>
<Cov CovItemId="S151" Value="143"/>
<Cov CovItemId="S152" Value="1"/>
<Cov CovItemId="S153" Value="1"/>
<Cov CovItemId="S154" Value="1"/>
<Cov CovItemId="S16" Value="32"/>
<Cov CovItemId="S17" Value="32"/>
<Cov CovItemId="S176" Value="48785"/>
<Cov CovItemId="S177" Value="48785"/>
<Cov CovItemId="S178" Value="9626"/>
<Cov CovItemId="S179" Value="39159"/>
<Cov CovItemId="S18" Value="32"/>
<Cov CovItemId="S180" Value="58204"/>
<Cov CovItemId="S181" Value="2617"/>
<Cov CovItemId="S182" Value="55587"/>
<Cov CovItemId="S183" Value="45957"/>
<Cov CovItemId="S184" Value="9630"/>
<Cov CovItemId="S185" Value="159247"/>
<Cov CovItemId="S19" Value="12"/>
<Cov CovItemId="S2" Value="1"/>
<Cov CovItemId="S20" Value="12"/>
<Cov CovItemId="S21" Value="12"/>
<Cov CovItemId="S22" Value="4"/>
<Cov CovItemId="S23" Value="32"/>
<Cov CovItemId="S24" Value="12"/>
<Cov CovItemId="S25" Value="12"/>
<Cov CovItemId="S26" Value="12"/>
<Cov CovItemId="S27" Value="4"/>
<Cov CovItemId="S28" Value="32"/>
<Cov CovItemId="S29" Value="32"/>
<Cov CovItemId="S3" Value="1"/>
<Cov CovItemId="S30" Value="64"/>
<Cov CovItemId="S31" Value="1"/>
<Cov CovItemId="S32" Value="8"/>
<Cov CovItemId="S33" Value="8"/>
<Cov CovItemId="S34" Value="8"/>
<Cov CovItemId="S35" Value="8"/>
<Cov CovItemId="S36" Value="8"/>
<Cov CovItemId="S37" Value="8"/>
<Cov CovItemId="S38" Value="8"/>
<Cov CovItemId="S39" Value="8"/>
<Cov CovItemId="S4" Value="1"/>
<Cov CovItemId="S40" Value="1"/>
<Cov CovItemId="S41" Value="8"/>
<Cov CovItemId="S42" Value="8"/>
<Cov CovItemId="S43" Value="8"/>
<Cov CovItemId="S44" Value="8"/>
<Cov CovItemId="S45" Value="8"/>
<Cov CovItemId="S46" Value="8"/>
<Cov CovItemId="S47" Value="8"/>
<Cov CovItemId="S48" Value="8"/>
<Cov CovItemId="S49" Value="1"/>
<Cov CovItemId="S5" Value="1"/>
<Cov CovItemId="S50" Value="3"/>
<Cov CovItemId="S51" Value="24"/>
<Cov CovItemId="S52" Value="24"/>
<Cov CovItemId="S53" Value="24"/>
<Cov CovItemId="S54" Value="24"/>
<Cov CovItemId="S55" Value="1"/>
<Cov CovItemId="S56" Value="2"/>
<Cov CovItemId="S57" Value="16"/>
<Cov CovItemId="S58" Value="16"/>
<Cov CovItemId="S59" Value="16"/>
<Cov CovItemId="S6" Value="1"/>
<Cov CovItemId="S60" Value="16"/>
<Cov CovItemId="S61" Value="286"/>
<Cov CovItemId="S62" Value="2288"/>
<Cov CovItemId="S63" Value="18304"/>
<Cov CovItemId="S7" Value="1"/>
<Cov CovItemId="S8" Value="1"/>
<Cov CovItemId="S9" Value="1"/>
<Cov CovItemId="S98" Value="232"/>
<Cov CovItemId="S99" Value="232"/>
</CovPrefix>
<CovPrefix CovItemPrefix="com.OriginalFiles.Field.java">
<Cov CovItemId="B1" Value="288"/>
<Cov CovItemId="B2" Value="8"/>
<Cov CovItemId="S1" Value="121"/>
<Cov CovItemId="S13" Value="248"/>
<Cov CovItemId="S2" Value="121"/>
<Cov CovItemId="S3" Value="1"/>
<Cov CovItemId="S4" Value="1"/>
<Cov CovItemId="S5" Value="296"/>
<Cov CovItemId="S6" Value="296"/>
<Cov CovItemId="S7" Value="288"/>
<Cov CovItemId="S8" Value="22763"/>
<Cov CovItemId="S9" Value="64450"/>
</CovPrefix>
<CovPrefix CovItemPrefix="com.OriginalFiles.MI.java">
<Cov CovItemId="B1" Value="1"/>
<Cov CovItemId="B10" Value="5"/>
<Cov CovItemId="B11" Value="5"/>
<Cov CovItemId="B13" Value="90"/>
<Cov CovItemId="B14" Value="26"/>
<Cov CovItemId="B15" Value="17"/>
<Cov CovItemId="B16" Value="92"/>
<Cov CovItemId="B17" Value="90"/>
<Cov CovItemId="B20" Value="90"/>
<Cov CovItemId="B28" Value="90"/>
<Cov CovItemId="B3" Value="32"/>
<Cov CovItemId="B30" Value="90"/>
<Cov CovItemId="B31" Value="68"/>
<Cov CovItemId="B32" Value="240"/>
<Cov CovItemId="B33" Value="116"/>
<Cov CovItemId="B36" Value="116"/>
<Cov CovItemId="B39" Value="116"/>
<Cov CovItemId="B4" Value="96"/>
<Cov CovItemId="B41" Value="116"/>
<Cov CovItemId="B44" Value="116"/>
<Cov CovItemId="B5" Value="16"/>
<Cov CovItemId="B51" Value="216"/>
<Cov CovItemId="B52" Value="1512"/>
<Cov CovItemId="B53" Value="101"/>
<Cov CovItemId="B54" Value="115"/>
<Cov CovItemId="B56" Value="101"/>
<Cov CovItemId="B59" Value="101"/>
<Cov CovItemId="B6" Value="16"/>
<Cov CovItemId="B62" Value="27"/>
<Cov CovItemId="B8" Value="1"/>
<Cov CovItemId="B9" Value="2"/>
<Cov CovItemId="L1-2" Value="2"/>
<Cov CovItemId="L10-2" Value="27"/>
<Cov CovItemId="L11-2" Value="216"/>
<Cov CovItemId="L13-1" Value="31"/>
<Cov CovItemId="L13-2" Value="70"/>
<Cov CovItemId="L2-2" Value="16"/>
<Cov CovItemId="L3-2" Value="1"/>
<Cov CovItemId="L4-1" Value="6"/>
<Cov CovItemId="L4-2" Value="20"/>
<Cov CovItemId="L5-2" Value="90"/>
<Cov CovItemId="L6-2" Value="90"/>
<Cov CovItemId="L7-1" Value="116"/>
<Cov CovItemId="L8-1" Value="116"/>
<Cov CovItemId="L9-0" Value="116"/>
<Cov CovItemId="S1" Value="1"/>
<Cov CovItemId="S10" Value="1"/>
<Cov CovItemId="S100" Value="116"/>
<Cov CovItemId="S101" Value="116"/>
<Cov CovItemId="S102" Value="116"/>
<Cov CovItemId="S103" Value="116"/>
<Cov CovItemId="S104" Value="116"/>
<Cov CovItemId="S105" Value="116"/>
<Cov CovItemId="S106" Value="116"/>
<Cov CovItemId="S107" Value="116"/>
<Cov CovItemId="S108" Value="116"/>
<Cov CovItemId="S109" Value="116"/>
<Cov CovItemId="S11" Value="1"/>
<Cov CovItemId="S115" Value="116"/>
<Cov CovItemId="S116" Value="116"/>
<Cov CovItemId="S117" Value="116"/>
<Cov CovItemId="S12" Value="1"/>
<Cov CovItemId="S123" Value="27"/>
<Cov CovItemId="S124" Value="27"/>
<Cov CovItemId="S125" Value="27"/>
<Cov CovItemId="S126" Value="27"/>
<Cov CovItemId="S127" Value="216"/>
<Cov CovItemId="S128" Value="1728"/>
<Cov CovItemId="S129" Value="216"/>
<Cov CovItemId="S130" Value="101"/>
<Cov CovItemId="S135" Value="101"/>
<Cov CovItemId="S136" Value="101"/>
<Cov CovItemId="S137" Value="101"/>
<Cov CovItemId="S138" Value="171"/>
<Cov CovItemId="S139" Value="171"/>
<Cov CovItemId="S14" Value="1"/>
<Cov CovItemId="S140" Value="27"/>
<Cov CovItemId="S142" Value="27"/>
<Cov CovItemId="S15" Value="1"/>
<Cov CovItemId="S16" Value="2"/>
<Cov CovItemId="S17" Value="2"/>
<Cov CovItemId="S18" Value="2"/>
<Cov CovItemId="S19" Value="16"/>
<Cov CovItemId="S2" Value="1"/>
<Cov CovItemId="S20" Value="128"/>
<Cov CovItemId="S21" Value="32"/>
<Cov CovItemId="S22" Value="16"/>
<Cov CovItemId="S23" Value="16"/>
<Cov CovItemId="S24" Value="1"/>
<Cov CovItemId="S25" Value="1"/>
<Cov CovItemId="S26" Value="1"/>
<Cov CovItemId="S27" Value="1"/>
<Cov CovItemId="S28" Value="1"/>
<Cov CovItemId="S3" Value="1"/>
<Cov CovItemId="S30" Value="1"/>
<Cov CovItemId="S31" Value="7"/>
<Cov CovItemId="S32" Value="7"/>
<Cov CovItemId="S33" Value="7"/>
<Cov CovItemId="S34" Value="7"/>
<Cov CovItemId="S35" Value="2"/>
<Cov CovItemId="S36" Value="2"/>
<Cov CovItemId="S37" Value="2"/>
<Cov CovItemId="S38" Value="5"/>
<Cov CovItemId="S39" Value="5"/>
<Cov CovItemId="S4" Value="1"/>
<Cov CovItemId="S40" Value="1"/>
<Cov CovItemId="S41" Value="116"/>
<Cov CovItemId="S42" Value="90"/>
<Cov CovItemId="S43" Value="26"/>
<Cov CovItemId="S44" Value="26"/>
<Cov CovItemId="S45" Value="26"/>
<Cov CovItemId="S46" Value="109"/>
<Cov CovItemId="S47" Value="109"/>
<Cov CovItemId="S48" Value="109"/>
<Cov CovItemId="S49" Value="109"/>
<Cov CovItemId="S5" Value="1"/>
<Cov CovItemId="S50" Value="109"/>
<Cov CovItemId="S51" Value="109"/>
<Cov CovItemId="S52" Value="17"/>
<Cov CovItemId="S53" Value="26"/>
<Cov CovItemId="S54" Value="90"/>
<Cov CovItemId="S55" Value="90"/>
<Cov CovItemId="S56" Value="90"/>
<Cov CovItemId="S57" Value="90"/>
<Cov CovItemId="S58" Value="90"/>
<Cov CovItemId="S59" Value="90"/>
<Cov CovItemId="S6" Value="1"/>
<Cov CovItemId="S61" Value="90"/>
<Cov CovItemId="S62" Value="90"/>
<Cov CovItemId="S63" Value="90"/>
<Cov CovItemId="S64" Value="360"/>
<Cov CovItemId="S65" Value="90"/>
<Cov CovItemId="S66" Value="360"/>
<Cov CovItemId="S67" Value="90"/>
<Cov CovItemId="S68" Value="90"/>
<Cov CovItemId="S7" Value="1"/>
<Cov CovItemId="S78" Value="90"/>
<Cov CovItemId="S79" Value="90"/>
<Cov CovItemId="S8" Value="1"/>
<Cov CovItemId="S80" Value="90"/>
<Cov CovItemId="S81" Value="90"/>
<Cov CovItemId="S83" Value="90"/>
<Cov CovItemId="S84" Value="308"/>
<Cov CovItemId="S85" Value="68"/>
<Cov CovItemId="S86" Value="240"/>
<Cov CovItemId="S87" Value="116"/>
<Cov CovItemId="S88" Value="116"/>
<Cov CovItemId="S89" Value="116"/>
<Cov CovItemId="S9" Value="1"/>
<Cov CovItemId="S90" Value="116"/>
<Cov CovItemId="S91" Value="116"/>
<Cov CovItemId="S92" Value="116"/>
<Cov CovItemId="S99" Value="116"/>
</CovPrefix>
<CovPrefix CovItemPrefix="com.OriginalFiles.Move.java">
<Cov CovItemId="S1" Value="171"/>
<Cov CovItemId="S2" Value="171"/>
<Cov CovItemId="S3" Value="171"/>
<Cov CovItemId="S4" Value="171"/>
<Cov CovItemId="S5" Value="171"/>
<Cov CovItemId="S6" Value="171"/>
<Cov CovItemId="S7" Value="171"/>
</CovPrefix>
<CovPrefix CovItemPrefix="com.OriginalFiles.Piece.java">
<Cov CovItemId="B10" Value="107"/>
<Cov CovItemId="B11" Value="976"/>
<Cov CovItemId="B12" Value="32"/>
<Cov CovItemId="B14" Value="976"/>
<Cov CovItemId="B15" Value="256"/>
<Cov CovItemId="B16" Value="720"/>
<Cov CovItemId="B17" Value="720"/>
<Cov CovItemId="B18" Value="256"/>
<Cov CovItemId="B19" Value="360"/>
<Cov CovItemId="B2" Value="288"/>
<Cov CovItemId="B20" Value="360"/>
<Cov CovItemId="B21" Value="720"/>
<Cov CovItemId="B23" Value="360"/>
<Cov CovItemId="B24" Value="360"/>
<Cov CovItemId="B26" Value="720"/>
<Cov CovItemId="B34" Value="976"/>
<Cov CovItemId="B35" Value="574"/>
<Cov CovItemId="B36" Value="402"/>
<Cov CovItemId="B37" Value="93"/>
<Cov CovItemId="B38" Value="481"/>
<Cov CovItemId="B40" Value="976"/>
<Cov CovItemId="B43" Value="360"/>
<Cov CovItemId="B46" Value="360"/>
<Cov CovItemId="B47" Value="666"/>
<Cov CovItemId="B48" Value="54"/>
<Cov CovItemId="B49" Value="583"/>
<Cov CovItemId="B5" Value="976"/>
<Cov CovItemId="B50" Value="83"/>
<Cov CovItemId="B51" Value="2080"/>
<Cov CovItemId="B52" Value="252"/>
<Cov CovItemId="B54" Value="2080"/>
<Cov CovItemId="B6" Value="32"/>
<Cov CovItemId="B69" Value="41555"/>
<Cov CovItemId="B7" Value="720"/>
<Cov CovItemId="B70" Value="59533"/>
<Cov CovItemId="B71" Value="360"/>
<Cov CovItemId="B72" Value="41195"/>
<Cov CovItemId="B9" Value="149"/>
<Cov CovItemId="L1-2" Value="360"/>
<Cov CovItemId="L2-1" Value="34"/>
<Cov CovItemId="L2-2" Value="1932"/>
<Cov CovItemId="L3-1" Value="359"/>
<Cov CovItemId="L3-2" Value="12237"/>
<Cov CovItemId="S1" Value="40"/>
<Cov CovItemId="S10" Value="40"/>
<Cov CovItemId="S11" Value="40"/>
<Cov CovItemId="S118" Value="2332"/>
<Cov CovItemId="S119" Value="360"/>
<Cov CovItemId="S12" Value="40"/>
<Cov CovItemId="S120" Value="360"/>
<Cov CovItemId="S121" Value="360"/>
<Cov CovItemId="S122" Value="1966"/>
<Cov CovItemId="S123" Value="1966"/>
<Cov CovItemId="S124" Value="12596"/>
<Cov CovItemId="S125" Value="101088"/>
<Cov CovItemId="S126" Value="41555"/>
<Cov CovItemId="S127" Value="360"/>
<Cov CovItemId="S128" Value="360"/>
<Cov CovItemId="S129" Value="360"/>
<Cov CovItemId="S13" Value="40"/>
<Cov CovItemId="S14" Value="40"/>
<Cov CovItemId="S15" Value="40"/>
<Cov CovItemId="S16" Value="40"/>
<Cov CovItemId="S17" Value="40"/>
<Cov CovItemId="S18" Value="40"/>
<Cov CovItemId="S19" Value="40"/>
<Cov CovItemId="S2" Value="40"/>
<Cov CovItemId="S20" Value="40"/>
<Cov CovItemId="S21" Value="40"/>
<Cov CovItemId="S24" Value="288"/>
<Cov CovItemId="S25" Value="288"/>
<Cov CovItemId="S26" Value="288"/>
<Cov CovItemId="S3" Value="40"/>
<Cov CovItemId="S30" Value="288"/>
<Cov CovItemId="S31" Value="288"/>
<Cov CovItemId="S32" Value="1008"/>
<Cov CovItemId="S33" Value="976"/>
<Cov CovItemId="S34" Value="32"/>
<Cov CovItemId="S35" Value="32"/>
<Cov CovItemId="S36" Value="720"/>
<Cov CovItemId="S37" Value="720"/>
<Cov CovItemId="S38" Value="720"/>
<Cov CovItemId="S39" Value="256"/>
<Cov CovItemId="S4" Value="40"/>
<Cov CovItemId="S40" Value="149"/>
<Cov CovItemId="S41" Value="107"/>
<Cov CovItemId="S42" Value="288"/>
<Cov CovItemId="S43" Value="1008"/>
<Cov CovItemId="S44" Value="976"/>
<Cov CovItemId="S45" Value="976"/>
<Cov CovItemId="S46" Value="976"/>
<Cov CovItemId="S48" Value="976"/>
<Cov CovItemId="S49" Value="256"/>
<Cov CovItemId="S5" Value="40"/>
<Cov CovItemId="S50" Value="976"/>
<Cov CovItemId="S51" Value="720"/>
<Cov CovItemId="S52" Value="360"/>
<Cov CovItemId="S53" Value="360"/>
<Cov CovItemId="S54" Value="720"/>
<Cov CovItemId="S55" Value="720"/>
<Cov CovItemId="S56" Value="360"/>
<Cov CovItemId="S57" Value="360"/>
<Cov CovItemId="S58" Value="720"/>
<Cov CovItemId="S6" Value="40"/>
<Cov CovItemId="S65" Value="976"/>
<Cov CovItemId="S67" Value="976"/>
<Cov CovItemId="S68" Value="574"/>
<Cov CovItemId="S69" Value="93"/>
<Cov CovItemId="S7" Value="40"/>
<Cov CovItemId="S70" Value="574"/>
<Cov CovItemId="S71" Value="976"/>
<Cov CovItemId="S73" Value="976"/>
<Cov CovItemId="S77" Value="360"/>
<Cov CovItemId="S78" Value="360"/>
<Cov CovItemId="S79" Value="360"/>
<Cov CovItemId="S8" Value="40"/>
<Cov CovItemId="S80" Value="360"/>
<Cov CovItemId="S81" Value="360"/>
<Cov CovItemId="S82" Value="360"/>
<Cov CovItemId="S83" Value="360"/>
<Cov CovItemId="S86" Value="360"/>
<Cov CovItemId="S87" Value="720"/>
<Cov CovItemId="S88" Value="666"/>
<Cov CovItemId="S89" Value="583"/>
<Cov CovItemId="S9" Value="40"/>
<Cov CovItemId="S90" Value="583"/>
<Cov CovItemId="S91" Value="583"/>
<Cov CovItemId="S92" Value="583"/>
<Cov CovItemId="S93" Value="583"/>
<Cov CovItemId="S94" Value="583"/>
<Cov CovItemId="S95" Value="583"/>
<Cov CovItemId="S96" Value="137"/>
<Cov CovItemId="S97" Value="2332"/>
<Cov CovItemId="S98" Value="2332"/>
<Cov CovItemId="S99" Value="2080"/>
</CovPrefix>
<CovPrefix CovItemPrefix="com.OriginalFiles.RemoteNXTFunctions.java">
<Cov CovItemId="B5" Value="1"/>
<Cov CovItemId="B7" Value="1"/>
<Cov CovItemId="S1" Value="1"/>
<Cov CovItemId="S162" Value="1"/>
<Cov CovItemId="S19" Value="1"/>
<Cov CovItemId="S2" Value="1"/>
<Cov CovItemId="S20" Value="1"/>
<Cov CovItemId="S21" Value="1"/>
<Cov CovItemId="S22" Value="1"/>
<Cov CovItemId="S3" Value="1"/>
</CovPrefix>
</CovList>
<AssgnmntList>
<AssgnmntPrefix RootTermCovItemPrefix="com.OriginalFiles.Analyze.java">
<AssgnmntListEntry Length="1" RootTermCovItemId="C49">
<MapEntry BoolAssgnmnt="0" Value="232"/>
</AssgnmntListEntry>
<AssgnmntListEntry Length="1" RootTermCovItemId="C64">
<MapEntry BoolAssgnmnt="1" Value="1"/>
</AssgnmntListEntry>
<AssgnmntListEntry Length="6" RootTermCovItemId="C66">
<MapEntry BoolAssgnmnt="111111" Value="1"/>
</AssgnmntListEntry>
<AssgnmntListEntry Length="1" RootTermCovItemId="C70">
<MapEntry BoolAssgnmnt="0" Value="928"/>
<MapEntry BoolAssgnmnt="1" Value="6496"/>
</AssgnmntListEntry>
<AssgnmntListEntry Length="1" RootTermCovItemId="C71">
<MapEntry BoolAssgnmnt="0" Value="464"/>
<MapEntry BoolAssgnmnt="1" Value="464"/>
</AssgnmntListEntry>
<AssgnmntListEntry Length="1" RootTermCovItemId="C72">
<MapEntry BoolAssgnmnt="0" Value="10"/>
<MapEntry BoolAssgnmnt="1" Value="454"/>
</AssgnmntListEntry>
<AssgnmntListEntry Length="1" RootTermCovItemId="C73">
<MapEntry BoolAssgnmnt="0" Value="464"/>
<MapEntry BoolAssgnmnt="1" Value="464"/>
</AssgnmntListEntry>
<AssgnmntListEntry Length="1" RootTermCovItemId="C74">
<MapEntry BoolAssgnmnt="0" Value="44"/>
<MapEntry BoolAssgnmnt="1" Value="420"/>
</AssgnmntListEntry>
<AssgnmntListEntry Length="3" RootTermCovItemId="C75">
<MapEntry BoolAssgnmnt="012" Value="97"/>
<MapEntry BoolAssgnmnt="001" Value="19"/>
</AssgnmntListEntry>
<AssgnmntListEntry Length="3" RootTermCovItemId="C76">
<MapEntry BoolAssgnmnt="011" Value="97"/>
<MapEntry BoolAssgnmnt="002" Value="19"/>
</AssgnmntListEntry>
<AssgnmntListEntry Length="2" RootTermCovItemId="C77">
<MapEntry BoolAssgnmnt="02" Value="116"/>
</AssgnmntListEntry>
<AssgnmntListEntry Length="1" RootTermCovItemId="C82">
<MapEntry BoolAssgnmnt="1" Value="90"/>
</AssgnmntListEntry>
<AssgnmntListEntry Length="1" RootTermCovItemId="C83">
<MapEntry BoolAssgnmnt="1" Value="90"/>
</AssgnmntListEntry>
<AssgnmntListEntry Length="1" RootTermCovItemId="C84">
<MapEntry BoolAssgnmnt="0" Value="90"/>
<MapEntry BoolAssgnmnt="1" Value="360"/>
</AssgnmntListEntry>
<AssgnmntListEntry Length="1" RootTermCovItemId="C85">
<MapEntry BoolAssgnmnt="0" Value="360"/>
<MapEntry BoolAssgnmnt="1" Value="2880"/>
</AssgnmntListEntry>
<AssgnmntListEntry Length="1" RootTermCovItemId="C86">
<MapEntry BoolAssgnmnt="0" Value="388"/>
<MapEntry BoolAssgnmnt="1" Value="2492"/>
</AssgnmntListEntry>
<AssgnmntListEntry Length="1" RootTermCovItemId="C87">
<MapEntry BoolAssgnmnt="1" Value="90"/>
</AssgnmntListEntry>
</AssgnmntPrefix>
<AssgnmntPrefix RootTermCovItemPrefix="com.OriginalFiles.Board.java">
<AssgnmntListEntry Length="1" RootTermCovItemId="C1">
<MapEntry BoolAssgnmnt="0" Value="1"/>
<MapEntry BoolAssgnmnt="1" Value="8"/>
</AssgnmntListEntry>
<AssgnmntListEntry Length="1" RootTermCovItemId="C10">
<MapEntry BoolAssgnmnt="0" Value="1"/>
<MapEntry BoolAssgnmnt="1" Value="3"/>
</AssgnmntListEntry>
<AssgnmntListEntry Length="1" RootTermCovItemId="C11">
<MapEntry BoolAssgnmnt="0" Value="3"/>
<MapEntry BoolAssgnmnt="1" Value="24"/>
</AssgnmntListEntry>
<AssgnmntListEntry Length="1" RootTermCovItemId="C12">
<MapEntry BoolAssgnmnt="0" Value="1"/>
<MapEntry BoolAssgnmnt="1" Value="2"/>
</AssgnmntListEntry>
<AssgnmntListEntry Length="1" RootTermCovItemId="C13">
<MapEntry BoolAssgnmnt="0" Value="2"/>
<MapEntry BoolAssgnmnt="1" Value="16"/>
</AssgnmntListEntry>
<AssgnmntListEntry Length="1" RootTermCovItemId="C2">
<MapEntry BoolAssgnmnt="0" Value="8"/>
<MapEntry BoolAssgnmnt="1" Value="64"/>
</AssgnmntListEntry>
<AssgnmntListEntry Length="1" RootTermCovItemId="C26">
<MapEntry BoolAssgnmnt="0" Value="232"/>
</AssgnmntListEntry>
<AssgnmntListEntry Length="1" RootTermCovItemId="C27">
<MapEntry BoolAssgnmnt="0" Value="194"/>
<MapEntry BoolAssgnmnt="1" Value="38"/>
</AssgnmntListEntry>
<AssgnmntListEntry Length="2" RootTermCovItemId="C28">
<MapEntry BoolAssgnmnt="02" Value="232"/>
</AssgnmntListEntry>
<AssgnmntListEntry Length="1" RootTermCovItemId="C29">
<MapEntry BoolAssgnmnt="0" Value="16"/>
<MapEntry BoolAssgnmnt="1" Value="232"/>
</AssgnmntListEntry>
<AssgnmntListEntry Length="1" RootTermCovItemId="C3">
<MapEntry BoolAssgnmnt="0" Value="32"/>
<MapEntry BoolAssgnmnt="1" Value="32"/>
</AssgnmntListEntry>
<AssgnmntListEntry Length="1" RootTermCovItemId="C31">
<MapEntry BoolAssgnmnt="0" Value="295"/>
<MapEntry BoolAssgnmnt="1" Value="2195"/>
</AssgnmntListEntry>
<AssgnmntListEntry Length="1" RootTermCovItemId="C32">
<MapEntry BoolAssgnmnt="0" Value="1144"/>
</AssgnmntListEntry>
<AssgnmntListEntry Length="1" RootTermCovItemId="C33">
<MapEntry BoolAssgnmnt="0" Value="951"/>
<MapEntry BoolAssgnmnt="1" Value="294"/>
</AssgnmntListEntry>
<AssgnmntListEntry Length="1" RootTermCovItemId="C34">
<MapEntry BoolAssgnmnt="0" Value="1010"/>
<MapEntry BoolAssgnmnt="1" Value="235"/>
</AssgnmntListEntry>
<AssgnmntListEntry Length="1" RootTermCovItemId="C35">
<MapEntry BoolAssgnmnt="0" Value="1245"/>
</AssgnmntListEntry>
<AssgnmntListEntry Length="5" RootTermCovItemId="C38">
<MapEntry BoolAssgnmnt="02002" Value="1144"/>
<MapEntry BoolAssgnmnt="10122" Value="1144"/>
<MapEntry BoolAssgnmnt="11220" Value="1144"/>
<MapEntry BoolAssgnmnt="02010" Value="1144"/>
</AssgnmntListEntry>
<AssgnmntListEntry Length="1" RootTermCovItemId="C39">
<MapEntry BoolAssgnmnt="0" Value="608"/>
<MapEntry BoolAssgnmnt="1" Value="1680"/>
</AssgnmntListEntry>
<AssgnmntListEntry Length="1" RootTermCovItemId="C4">
<MapEntry BoolAssgnmnt="0" Value="20"/>
<MapEntry BoolAssgnmnt="1" Value="12"/>
</AssgnmntListEntry>
<AssgnmntListEntry Length="1" RootTermCovItemId="C40">
<MapEntry BoolAssgnmnt="0" Value="1680"/>
</AssgnmntListEntry>
<AssgnmntListEntry Length="2" RootTermCovItemId="C41">
<MapEntry BoolAssgnmnt="02" Value="1680"/>
</AssgnmntListEntry>
<AssgnmntListEntry Length="1" RootTermCovItemId="C42">
<MapEntry BoolAssgnmnt="0" Value="4576"/>
<MapEntry BoolAssgnmnt="1" Value="4576"/>
</AssgnmntListEntry>
<AssgnmntListEntry Length="1" RootTermCovItemId="C43">
<MapEntry BoolAssgnmnt="0" Value="3432"/>
<MapEntry BoolAssgnmnt="1" Value="1144"/>
</AssgnmntListEntry>
<AssgnmntListEntry Length="1" RootTermCovItemId="C44">
<MapEntry BoolAssgnmnt="0" Value="572"/>
<MapEntry BoolAssgnmnt="1" Value="572"/>
</AssgnmntListEntry>
<AssgnmntListEntry Length="1" RootTermCovItemId="C45">
<MapEntry BoolAssgnmnt="1" Value="1"/>
</AssgnmntListEntry>
<AssgnmntListEntry Length="1" RootTermCovItemId="C5">
<MapEntry BoolAssgnmnt="0" Value="8"/>
<MapEntry BoolAssgnmnt="1" Value="4"/>
</AssgnmntListEntry>
<AssgnmntListEntry Length="1" RootTermCovItemId="C53">
<MapEntry BoolAssgnmnt="1" Value="48785"/>
</AssgnmntListEntry>
<AssgnmntListEntry Length="1" RootTermCovItemId="C54">
<MapEntry BoolAssgnmnt="0" Value="9626"/>
<MapEntry BoolAssgnmnt="1" Value="39159"/>
</AssgnmntListEntry>
<AssgnmntListEntry Length="3" RootTermCovItemId="C55">
<MapEntry BoolAssgnmnt="002" Value="53298"/>
<MapEntry BoolAssgnmnt="120" Value="2617"/>
<MapEntry BoolAssgnmnt="121" Value="2289"/>
</AssgnmntListEntry>
<AssgnmntListEntry Length="3" RootTermCovItemId="C56">
<MapEntry BoolAssgnmnt="002" Value="2289"/>
<MapEntry BoolAssgnmnt="120" Value="7341"/>
<MapEntry BoolAssgnmnt="121" Value="45957"/>
</AssgnmntListEntry>
<AssgnmntListEntry Length="1" RootTermCovItemId="C6">
<MapEntry BoolAssgnmnt="0" Value="20"/>
<MapEntry BoolAssgnmnt="1" Value="12"/>
</AssgnmntListEntry>
<AssgnmntListEntry Length="1" RootTermCovItemId="C7">
<MapEntry BoolAssgnmnt="0" Value="8"/>
<MapEntry BoolAssgnmnt="1" Value="4"/>
</AssgnmntListEntry>
<AssgnmntListEntry Length="1" RootTermCovItemId="C8">
<MapEntry BoolAssgnmnt="0" Value="1"/>
<MapEntry BoolAssgnmnt="1" Value="8"/>
</AssgnmntListEntry>
<AssgnmntListEntry Length="1" RootTermCovItemId="C9">
<MapEntry BoolAssgnmnt="0" Value="1"/>
<MapEntry BoolAssgnmnt="1" Value="8"/>
</AssgnmntListEntry>
</AssgnmntPrefix>
<AssgnmntPrefix RootTermCovItemPrefix="com.OriginalFiles.Field.java">
<AssgnmntListEntry Length="1" RootTermCovItemId="C1">
<MapEntry BoolAssgnmnt="0" Value="288"/>
<MapEntry BoolAssgnmnt="1" Value="8"/>
</AssgnmntListEntry>
</AssgnmntPrefix>
<AssgnmntPrefix RootTermCovItemPrefix="com.OriginalFiles.MI.java">
<AssgnmntListEntry Length="1" RootTermCovItemId="C1">
<MapEntry BoolAssgnmnt="1" Value="1"/>
</AssgnmntListEntry>
<AssgnmntListEntry Length="1" RootTermCovItemId="C10">
<MapEntry BoolAssgnmnt="1" Value="90"/>
</AssgnmntListEntry>
<AssgnmntListEntry Length="1" RootTermCovItemId="C11">
<MapEntry BoolAssgnmnt="0" Value="90"/>
<MapEntry BoolAssgnmnt="1" Value="360"/>
</AssgnmntListEntry>
<AssgnmntListEntry Length="1" RootTermCovItemId="C12">
<MapEntry BoolAssgnmnt="0" Value="90"/>
<MapEntry BoolAssgnmnt="1" Value="360"/>
</AssgnmntListEntry>
<AssgnmntListEntry Length="1" RootTermCovItemId="C15">
<MapEntry BoolAssgnmnt="0" Value="90"/>
</AssgnmntListEntry>
<AssgnmntListEntry Length="1" RootTermCovItemId="C16">
<MapEntry BoolAssgnmnt="0" Value="240"/>
<MapEntry BoolAssgnmnt="1" Value="68"/>
</AssgnmntListEntry>
<AssgnmntListEntry Length="1" RootTermCovItemId="C17">
<MapEntry BoolAssgnmnt="1" Value="116"/>
</AssgnmntListEntry>
<AssgnmntListEntry Length="1" RootTermCovItemId="C18">
<MapEntry BoolAssgnmnt="0" Value="116"/>
<MapEntry BoolAssgnmnt="1" Value="116"/>
</AssgnmntListEntry>
<AssgnmntListEntry Length="1" RootTermCovItemId="C19">
<MapEntry BoolAssgnmnt="0" Value="116"/>
</AssgnmntListEntry>
<AssgnmntListEntry Length="1" RootTermCovItemId="C2">
<MapEntry BoolAssgnmnt="0" Value="32"/>
<MapEntry BoolAssgnmnt="1" Value="96"/>
</AssgnmntListEntry>
<AssgnmntListEntry Length="1" RootTermCovItemId="C21">
<MapEntry BoolAssgnmnt="1" Value="116"/>
</AssgnmntListEntry>
<AssgnmntListEntry Length="1" RootTermCovItemId="C22">
<MapEntry BoolAssgnmnt="0" Value="116"/>
<MapEntry BoolAssgnmnt="1" Value="116"/>
</AssgnmntListEntry>
<AssgnmntListEntry Length="1" RootTermCovItemId="C23">
<MapEntry BoolAssgnmnt="0" Value="116"/>
</AssgnmntListEntry>
<AssgnmntListEntry Length="2" RootTermCovItemId="C24">
<MapEntry BoolAssgnmnt="02" Value="116"/>
</AssgnmntListEntry>
<AssgnmntListEntry Length="1" RootTermCovItemId="C27">
<MapEntry BoolAssgnmnt="0" Value="116"/>
</AssgnmntListEntry>
<AssgnmntListEntry Length="1" RootTermCovItemId="C29">
<MapEntry BoolAssgnmnt="0" Value="216"/>
<MapEntry BoolAssgnmnt="1" Value="1512"/>
</AssgnmntListEntry>
<AssgnmntListEntry Length="1" RootTermCovItemId="C3">
<MapEntry BoolAssgnmnt="0" Value="16"/>
<MapEntry BoolAssgnmnt="1" Value="16"/>
</AssgnmntListEntry>
<AssgnmntListEntry Length="2" RootTermCovItemId="C30">
<MapEntry BoolAssgnmnt="10" Value="105"/>
<MapEntry BoolAssgnmnt="02" Value="10"/>
<MapEntry BoolAssgnmnt="11" Value="101"/>
</AssgnmntListEntry>
<AssgnmntListEntry Length="1" RootTermCovItemId="C31">
<MapEntry BoolAssgnmnt="0" Value="101"/>
</AssgnmntListEntry>
<AssgnmntListEntry Length="1" RootTermCovItemId="C33">
<MapEntry BoolAssgnmnt="0" Value="101"/>
</AssgnmntListEntry>
<AssgnmntListEntry Length="1" RootTermCovItemId="C34">
<MapEntry BoolAssgnmnt="0" Value="27"/>
</AssgnmntListEntry>
<AssgnmntListEntry Length="1" RootTermCovItemId="C4">
<MapEntry BoolAssgnmnt="0" Value="1"/>
</AssgnmntListEntry>
<AssgnmntListEntry Length="1" RootTermCovItemId="C5">
<MapEntry BoolAssgnmnt="0" Value="5"/>
<MapEntry BoolAssgnmnt="1" Value="2"/>
</AssgnmntListEntry>
<AssgnmntListEntry Length="1" RootTermCovItemId="C6">
<MapEntry BoolAssgnmnt="1" Value="5"/>
</AssgnmntListEntry>
<AssgnmntListEntry Length="2" RootTermCovItemId="C7">
<MapEntry BoolAssgnmnt="00" Value="26"/>
<MapEntry BoolAssgnmnt="12" Value="90"/>
</AssgnmntListEntry>
<AssgnmntListEntry Length="1" RootTermCovItemId="C8">
<MapEntry BoolAssgnmnt="0" Value="92"/>
<MapEntry BoolAssgnmnt="1" Value="17"/>
</AssgnmntListEntry>
<AssgnmntListEntry Length="1" RootTermCovItemId="C9">
<MapEntry BoolAssgnmnt="1" Value="90"/>
</AssgnmntListEntry>
</AssgnmntPrefix>
<AssgnmntPrefix RootTermCovItemPrefix="com.OriginalFiles.Piece.java">
<AssgnmntListEntry Length="2" RootTermCovItemId="C1">
<MapEntry BoolAssgnmnt="10" Value="256"/>
<MapEntry BoolAssgnmnt="02" Value="32"/>
</AssgnmntListEntry>
<AssgnmntListEntry Length="1" RootTermCovItemId="C10">
<MapEntry BoolAssgnmnt="0" Value="360"/>
<MapEntry BoolAssgnmnt="1" Value="360"/>
</AssgnmntListEntry>
<AssgnmntListEntry Length="1" RootTermCovItemId="C11">
<MapEntry BoolAssgnmnt="0" Value="720"/>
</AssgnmntListEntry>
<AssgnmntListEntry Length="1" RootTermCovItemId="C12">
<MapEntry BoolAssgnmnt="0" Value="360"/>
<MapEntry BoolAssgnmnt="1" Value="360"/>
</AssgnmntListEntry>
<AssgnmntListEntry Length="1" RootTermCovItemId="C13">
<MapEntry BoolAssgnmnt="0" Value="720"/>
</AssgnmntListEntry>
<AssgnmntListEntry Length="5" RootTermCovItemId="C17">
<MapEntry BoolAssgnmnt="00210" Value="566"/>
<MapEntry BoolAssgnmnt="01002" Value="410"/>
</AssgnmntListEntry>
<AssgnmntListEntry Length="5" RootTermCovItemId="C18">
<MapEntry BoolAssgnmnt="00210" Value="285"/>
<MapEntry BoolAssgnmnt="00211" Value="281"/>
<MapEntry BoolAssgnmnt="01002" Value="117"/>
<MapEntry BoolAssgnmnt="01122" Value="293"/>
</AssgnmntListEntry>
<AssgnmntListEntry Length="1" RootTermCovItemId="C19">
<MapEntry BoolAssgnmnt="0" Value="481"/>
<MapEntry BoolAssgnmnt="1" Value="93"/>
</AssgnmntListEntry>
<AssgnmntListEntry Length="1" RootTermCovItemId="C20">
<MapEntry BoolAssgnmnt="0" Value="976"/>
</AssgnmntListEntry>
<AssgnmntListEntry Length="1" RootTermCovItemId="C22">
<MapEntry BoolAssgnmnt="1" Value="360"/>
</AssgnmntListEntry>
<AssgnmntListEntry Length="1" RootTermCovItemId="C23">
<MapEntry BoolAssgnmnt="0" Value="360"/>
</AssgnmntListEntry>
<AssgnmntListEntry Length="1" RootTermCovItemId="C24">
<MapEntry BoolAssgnmnt="0" Value="54"/>
<MapEntry BoolAssgnmnt="1" Value="666"/>
</AssgnmntListEntry>
<AssgnmntListEntry Length="1" RootTermCovItemId="C25">
<MapEntry BoolAssgnmnt="0" Value="83"/>
<MapEntry BoolAssgnmnt="1" Value="583"/>
</AssgnmntListEntry>
<AssgnmntListEntry Length="1" RootTermCovItemId="C26">
<MapEntry BoolAssgnmnt="0" Value="252"/>
<MapEntry BoolAssgnmnt="1" Value="2080"/>
</AssgnmntListEntry>
<AssgnmntListEntry Length="1" RootTermCovItemId="C27">
<MapEntry BoolAssgnmnt="0" Value="2080"/>
</AssgnmntListEntry>
<AssgnmntListEntry Length="1" RootTermCovItemId="C3">
<MapEntry BoolAssgnmnt="0" Value="32"/>
<MapEntry BoolAssgnmnt="1" Value="976"/>
</AssgnmntListEntry>
<AssgnmntListEntry Length="2" RootTermCovItemId="C35">
<MapEntry BoolAssgnmnt="01" Value="1966"/>
<MapEntry BoolAssgnmnt="12" Value="360"/>
</AssgnmntListEntry>
<AssgnmntListEntry Length="1" RootTermCovItemId="C36">
<MapEntry BoolAssgnmnt="0" Value="1606"/>
<MapEntry BoolAssgnmnt="1" Value="12596"/>
</AssgnmntListEntry>
<AssgnmntListEntry Length="1" RootTermCovItemId="C37">
<MapEntry BoolAssgnmnt="0" Value="12236"/>
<MapEntry BoolAssgnmnt="1" Value="101088"/>
</AssgnmntListEntry>
<AssgnmntListEntry Length="1" RootTermCovItemId="C38">
<MapEntry BoolAssgnmnt="0" Value="59533"/>
<MapEntry BoolAssgnmnt="1" Value="41555"/>
</AssgnmntListEntry>
<AssgnmntListEntry Length="1" RootTermCovItemId="C39">
<MapEntry BoolAssgnmnt="0" Value="41195"/>
<MapEntry BoolAssgnmnt="1" Value="360"/>
</AssgnmntListEntry>
<AssgnmntListEntry Length="2" RootTermCovItemId="C4">
<MapEntry BoolAssgnmnt="01" Value="537"/>
<MapEntry BoolAssgnmnt="12" Value="183"/>
</AssgnmntListEntry>
<AssgnmntListEntry Length="1" RootTermCovItemId="C5">
<MapEntry BoolAssgnmnt="0" Value="107"/>
<MapEntry BoolAssgnmnt="1" Value="149"/>
</AssgnmntListEntry>
<AssgnmntListEntry Length="1" RootTermCovItemId="C6">
<MapEntry BoolAssgnmnt="0" Value="32"/>
<MapEntry BoolAssgnmnt="1" Value="976"/>
</AssgnmntListEntry>
<AssgnmntListEntry Length="1" RootTermCovItemId="C7">
<MapEntry BoolAssgnmnt="0" Value="976"/>
</AssgnmntListEntry>
<AssgnmntListEntry Length="1" RootTermCovItemId="C8">
<MapEntry BoolAssgnmnt="0" Value="720"/>
<MapEntry BoolAssgnmnt="1" Value="256"/>
</AssgnmntListEntry>
<AssgnmntListEntry Length="1" RootTermCovItemId="C9">
<MapEntry BoolAssgnmnt="0" Value="256"/>
<MapEntry BoolAssgnmnt="1" Value="720"/>
</AssgnmntListEntry>
</AssgnmntPrefix>
<AssgnmntPrefix RootTermCovItemPrefix="com.OriginalFiles.RemoteNXTFunctions.java">
<AssgnmntListEntry Length="1" RootTermCovItemId="C5">
<MapEntry BoolAssgnmnt="1" Value="1"/>
</AssgnmntListEntry>
<AssgnmntListEntry Length="2" RootTermCovItemId="C6">
<MapEntry BoolAssgnmnt="11" Value="1"/>
</AssgnmntListEntry>
</AssgnmntPrefix>
</AssgnmntList>
<ObjMetaDataList/>
<MetaDataList/>
</TestCase>
<TestCase Comment="" Date="1386064449141" Name="com.Testing.MiTest:testMI">
<CovList>
<CovPrefix CovItemPrefix="com.OriginalFiles.Analyze.java">
<Cov CovItemId="B103" Value="1"/>
<Cov CovItemId="B107" Value="1"/>
<Cov CovItemId="S1" Value="1"/>
<Cov CovItemId="S191" Value="1"/>
<Cov CovItemId="S192" Value="1"/>
<Cov CovItemId="S193" Value="1"/>
<Cov CovItemId="S199" Value="1"/>
<Cov CovItemId="S2" Value="1"/>
<Cov CovItemId="S200" Value="1"/>
<Cov CovItemId="S201" Value="1"/>
<Cov CovItemId="S202" Value="1"/>
<Cov CovItemId="S203" Value="1"/>
<Cov CovItemId="S204" Value="1"/>
<Cov CovItemId="S3" Value="1"/>
<Cov CovItemId="S4" Value="1"/>
<Cov CovItemId="S5" Value="1"/>
</CovPrefix>
<CovPrefix CovItemPrefix="com.OriginalFiles.Board.java">
<Cov CovItemId="B1" Value="32"/>
<Cov CovItemId="B10" Value="8"/>
<Cov CovItemId="B2" Value="32"/>
<Cov CovItemId="B3" Value="12"/>
<Cov CovItemId="B4" Value="20"/>
<Cov CovItemId="B5" Value="4"/>
<Cov CovItemId="B6" Value="8"/>
<Cov CovItemId="B69" Value="1"/>
<Cov CovItemId="B7" Value="12"/>
<Cov CovItemId="B79" Value="24"/>
<Cov CovItemId="B8" Value="20"/>
<Cov CovItemId="B81" Value="24"/>
<Cov CovItemId="B83" Value="36"/>
<Cov CovItemId="B84" Value="80"/>
<Cov CovItemId="B85" Value="24"/>
<Cov CovItemId="B86" Value="56"/>
<Cov CovItemId="B9" Value="4"/>
<Cov CovItemId="L1-2" Value="1"/>
<Cov CovItemId="L2-2" Value="8"/>
<Cov CovItemId="L3-2" Value="1"/>
<Cov CovItemId="L4-2" Value="1"/>
<Cov CovItemId="L5-2" Value="1"/>
<Cov CovItemId="L6-2" Value="3"/>
<Cov CovItemId="L7-2" Value="1"/>
<Cov CovItemId="L8-2" Value="2"/>
<Cov CovItemId="S1" Value="1"/>
<Cov CovItemId="S10" Value="1"/>
<Cov CovItemId="S11" Value="8"/>
<Cov CovItemId="S12" Value="64"/>
<Cov CovItemId="S13" Value="64"/>
<Cov CovItemId="S14" Value="64"/>
<Cov CovItemId="S15" Value="64"/>
<Cov CovItemId="S152" Value="1"/>
<Cov CovItemId="S153" Value="1"/>
<Cov CovItemId="S154" Value="1"/>
<Cov CovItemId="S16" Value="32"/>
<Cov CovItemId="S17" Value="32"/>
<Cov CovItemId="S176" Value="24"/>
<Cov CovItemId="S177" Value="24"/>
<Cov CovItemId="S178" Value="24"/>
<Cov CovItemId="S18" Value="32"/>
<Cov CovItemId="S180" Value="116"/>
<Cov CovItemId="S181" Value="36"/>
<Cov CovItemId="S182" Value="80"/>
<Cov CovItemId="S183" Value="24"/>
<Cov CovItemId="S184" Value="56"/>
<Cov CovItemId="S185" Value="104"/>
<Cov CovItemId="S19" Value="12"/>
<Cov CovItemId="S2" Value="1"/>
<Cov CovItemId="S20" Value="12"/>
<Cov CovItemId="S21" Value="12"/>
<Cov CovItemId="S22" Value="4"/>
<Cov CovItemId="S23" Value="32"/>
<Cov CovItemId="S24" Value="12"/>
<Cov CovItemId="S25" Value="12"/>
<Cov CovItemId="S26" Value="12"/>
<Cov CovItemId="S27" Value="4"/>
<Cov CovItemId="S28" Value="32"/>
<Cov CovItemId="S29" Value="32"/>
<Cov CovItemId="S3" Value="1"/>
<Cov CovItemId="S30" Value="64"/>
<Cov CovItemId="S31" Value="1"/>
<Cov CovItemId="S32" Value="8"/>
<Cov CovItemId="S33" Value="8"/>
<Cov CovItemId="S34" Value="8"/>
<Cov CovItemId="S35" Value="8"/>
<Cov CovItemId="S36" Value="8"/>
<Cov CovItemId="S37" Value="8"/>
<Cov CovItemId="S38" Value="8"/>
<Cov CovItemId="S39" Value="8"/>
<Cov CovItemId="S4" Value="1"/>
<Cov CovItemId="S40" Value="1"/>
<Cov CovItemId="S41" Value="8"/>
<Cov CovItemId="S42" Value="8"/>
<Cov CovItemId="S43" Value="8"/>
<Cov CovItemId="S44" Value="8"/>
<Cov CovItemId="S45" Value="8"/>
<Cov CovItemId="S46" Value="8"/>
<Cov CovItemId="S47" Value="8"/>
<Cov CovItemId="S48" Value="8"/>
<Cov CovItemId="S49" Value="1"/>
<Cov CovItemId="S5" Value="1"/>
<Cov CovItemId="S50" Value="3"/>
<Cov CovItemId="S51" Value="24"/>
<Cov CovItemId="S52" Value="24"/>
<Cov CovItemId="S53" Value="24"/>
<Cov CovItemId="S54" Value="24"/>
<Cov CovItemId="S55" Value="1"/>
<Cov CovItemId="S56" Value="2"/>
<Cov CovItemId="S57" Value="16"/>
<Cov CovItemId="S58" Value="16"/>
<Cov CovItemId="S59" Value="16"/>
<Cov CovItemId="S6" Value="1"/>
<Cov CovItemId="S60" Value="16"/>
<Cov CovItemId="S7" Value="1"/>
<Cov CovItemId="S8" Value="1"/>
<Cov CovItemId="S9" Value="1"/>
</CovPrefix>
<CovPrefix CovItemPrefix="com.OriginalFiles.Field.java">
<Cov CovItemId="B1" Value="40"/>
<Cov CovItemId="B2" Value="8"/>
<Cov CovItemId="S1" Value="120"/>
<Cov CovItemId="S2" Value="120"/>
<Cov CovItemId="S5" Value="48"/>
<Cov CovItemId="S6" Value="48"/>
<Cov CovItemId="S7" Value="40"/>
<Cov CovItemId="S8" Value="48"/>
<Cov CovItemId="S9" Value="136"/>
</CovPrefix>
<CovPrefix CovItemPrefix="com.OriginalFiles.MI.java">
<Cov CovItemId="B1" Value="1"/>
<Cov CovItemId="B3" Value="24"/>
<Cov CovItemId="B4" Value="40"/>
<Cov CovItemId="B5" Value="12"/>
<Cov CovItemId="B6" Value="12"/>
<Cov CovItemId="L1-2" Value="1"/>
<Cov CovItemId="L2-2" Value="8"/>
<Cov CovItemId="S1" Value="1"/>
<Cov CovItemId="S10" Value="1"/>
<Cov CovItemId="S11" Value="1"/>
<Cov CovItemId="S12" Value="1"/>
<Cov CovItemId="S14" Value="1"/>
<Cov CovItemId="S15" Value="1"/>
<Cov CovItemId="S16" Value="1"/>
<Cov CovItemId="S17" Value="1"/>
<Cov CovItemId="S18" Value="1"/>
<Cov CovItemId="S19" Value="8"/>
<Cov CovItemId="S2" Value="1"/>
<Cov CovItemId="S20" Value="64"/>
<Cov CovItemId="S21" Value="24"/>
<Cov CovItemId="S22" Value="12"/>
<Cov CovItemId="S23" Value="12"/>
<Cov CovItemId="S3" Value="1"/>
<Cov CovItemId="S4" Value="1"/>
<Cov CovItemId="S5" Value="1"/>
<Cov CovItemId="S6" Value="1"/>
<Cov CovItemId="S7" Value="1"/>
<Cov CovItemId="S8" Value="1"/>
<Cov CovItemId="S9" Value="1"/>
</CovPrefix>
<CovPrefix CovItemPrefix="com.OriginalFiles.Piece.java">
<Cov CovItemId="B10" Value="12"/>
<Cov CovItemId="B11" Value="24"/>
<Cov CovItemId="B12" Value="16"/>
<Cov CovItemId="B14" Value="24"/>
<Cov CovItemId="B15" Value="24"/>
<Cov CovItemId="B18" Value="24"/>
<Cov CovItemId="B2" Value="40"/>
<Cov CovItemId="B34" Value="24"/>
<Cov CovItemId="B35" Value="8"/>
<Cov CovItemId="B36" Value="16"/>
<Cov CovItemId="B37" Value="8"/>
<Cov CovItemId="B40" Value="24"/>
<Cov CovItemId="B5" Value="24"/>
<Cov CovItemId="B6" Value="16"/>
<Cov CovItemId="B9" Value="12"/>
<Cov CovItemId="S1" Value="40"/>
<Cov CovItemId="S10" Value="40"/>
<Cov CovItemId="S11" Value="40"/>
<Cov CovItemId="S12" Value="40"/>
<Cov CovItemId="S13" Value="40"/>
<Cov CovItemId="S14" Value="40"/>
<Cov CovItemId="S15" Value="40"/>
<Cov CovItemId="S16" Value="40"/>
<Cov CovItemId="S17" Value="40"/>
<Cov CovItemId="S18" Value="40"/>
<Cov CovItemId="S19" Value="40"/>
<Cov CovItemId="S2" Value="40"/>
<Cov CovItemId="S20" Value="40"/>
<Cov CovItemId="S21" Value="40"/>
<Cov CovItemId="S24" Value="40"/>
<Cov CovItemId="S25" Value="40"/>
<Cov CovItemId="S26" Value="40"/>
<Cov CovItemId="S3" Value="40"/>
<Cov CovItemId="S30" Value="40"/>
<Cov CovItemId="S31" Value="40"/>
<Cov CovItemId="S32" Value="40"/>
<Cov CovItemId="S33" Value="24"/>
<Cov CovItemId="S34" Value="16"/>
<Cov CovItemId="S35" Value="16"/>
<Cov CovItemId="S39" Value="24"/>
<Cov CovItemId="S4" Value="40"/>
<Cov CovItemId="S40" Value="12"/>
<Cov CovItemId="S41" Value="12"/>
<Cov CovItemId="S42" Value="40"/>
<Cov CovItemId="S43" Value="40"/>
<Cov CovItemId="S44" Value="24"/>
<Cov CovItemId="S45" Value="24"/>
<Cov CovItemId="S46" Value="24"/>
<Cov CovItemId="S48" Value="24"/>
<Cov CovItemId="S49" Value="24"/>
<Cov CovItemId="S5" Value="40"/>
<Cov CovItemId="S50" Value="24"/>
<Cov CovItemId="S6" Value="40"/>
<Cov CovItemId="S65" Value="24"/>
<Cov CovItemId="S67" Value="24"/>
<Cov CovItemId="S68" Value="8"/>
<Cov CovItemId="S69" Value="8"/>
<Cov CovItemId="S7" Value="40"/>
<Cov CovItemId="S70" Value="8"/>
<Cov CovItemId="S71" Value="24"/>
<Cov CovItemId="S73" Value="24"/>
<Cov CovItemId="S8" Value="40"/>
<Cov CovItemId="S9" Value="40"/>
</CovPrefix>
<CovPrefix CovItemPrefix="com.OriginalFiles.RemoteNXTFunctions.java">
<Cov CovItemId="B5" Value="1"/>
<Cov CovItemId="B7" Value="1"/>
<Cov CovItemId="S1" Value="1"/>
<Cov CovItemId="S162" Value="1"/>
<Cov CovItemId="S19" Value="1"/>
<Cov CovItemId="S2" Value="1"/>
<Cov CovItemId="S20" Value="1"/>
<Cov CovItemId="S21" Value="1"/>
<Cov CovItemId="S22" Value="1"/>
<Cov CovItemId="S3" Value="1"/>
</CovPrefix>
</CovList>
<AssgnmntList>
<AssgnmntPrefix RootTermCovItemPrefix="com.OriginalFiles.Analyze.java">
<AssgnmntListEntry Length="1" RootTermCovItemId="C64">
<MapEntry BoolAssgnmnt="1" Value="1"/>
</AssgnmntListEntry>
<AssgnmntListEntry Length="6" RootTermCovItemId="C66">
<MapEntry BoolAssgnmnt="111111" Value="1"/>
</AssgnmntListEntry>
</AssgnmntPrefix>
<AssgnmntPrefix RootTermCovItemPrefix="com.OriginalFiles.Board.java">
<AssgnmntListEntry Length="1" RootTermCovItemId="C1">
<MapEntry BoolAssgnmnt="0" Value="1"/>
<MapEntry BoolAssgnmnt="1" Value="8"/>
</AssgnmntListEntry>
<AssgnmntListEntry Length="1" RootTermCovItemId="C10">
<MapEntry BoolAssgnmnt="0" Value="1"/>
<MapEntry BoolAssgnmnt="1" Value="3"/>
</AssgnmntListEntry>
<AssgnmntListEntry Length="1" RootTermCovItemId="C11">
<MapEntry BoolAssgnmnt="0" Value="3"/>
<MapEntry BoolAssgnmnt="1" Value="24"/>
</AssgnmntListEntry>
<AssgnmntListEntry Length="1" RootTermCovItemId="C12">
<MapEntry BoolAssgnmnt="0" Value="1"/>
<MapEntry BoolAssgnmnt="1" Value="2"/>
</AssgnmntListEntry>
<AssgnmntListEntry Length="1" RootTermCovItemId="C13">
<MapEntry BoolAssgnmnt="0" Value="2"/>
<MapEntry BoolAssgnmnt="1" Value="16"/>
</AssgnmntListEntry>
<AssgnmntListEntry Length="1" RootTermCovItemId="C2">
<MapEntry BoolAssgnmnt="0" Value="8"/>
<MapEntry BoolAssgnmnt="1" Value="64"/>
</AssgnmntListEntry>
<AssgnmntListEntry Length="1" RootTermCovItemId="C3">
<MapEntry BoolAssgnmnt="0" Value="32"/>
<MapEntry BoolAssgnmnt="1" Value="32"/>
</AssgnmntListEntry>
<AssgnmntListEntry Length="1" RootTermCovItemId="C4">
<MapEntry BoolAssgnmnt="0" Value="20"/>
<MapEntry BoolAssgnmnt="1" Value="12"/>
</AssgnmntListEntry>
<AssgnmntListEntry Length="1" RootTermCovItemId="C45">
<MapEntry BoolAssgnmnt="1" Value="1"/>
</AssgnmntListEntry>
<AssgnmntListEntry Length="1" RootTermCovItemId="C5">
<MapEntry BoolAssgnmnt="0" Value="8"/>
<MapEntry BoolAssgnmnt="1" Value="4"/>
</AssgnmntListEntry>
<AssgnmntListEntry Length="1" RootTermCovItemId="C53">
<MapEntry BoolAssgnmnt="1" Value="24"/>
</AssgnmntListEntry>
<AssgnmntListEntry Length="1" RootTermCovItemId="C54">
<MapEntry BoolAssgnmnt="0" Value="24"/>
</AssgnmntListEntry>
<AssgnmntListEntry Length="3" RootTermCovItemId="C55">
<MapEntry BoolAssgnmnt="002" Value="56"/>
<MapEntry BoolAssgnmnt="120" Value="36"/>
<MapEntry BoolAssgnmnt="121" Value="24"/>
</AssgnmntListEntry>
<AssgnmntListEntry Length="3" RootTermCovItemId="C56">
<MapEntry BoolAssgnmnt="002" Value="24"/>
<MapEntry BoolAssgnmnt="120" Value="32"/>
<MapEntry BoolAssgnmnt="121" Value="24"/>
</AssgnmntListEntry>
<AssgnmntListEntry Length="1" RootTermCovItemId="C6">
<MapEntry BoolAssgnmnt="0" Value="20"/>
<MapEntry BoolAssgnmnt="1" Value="12"/>
</AssgnmntListEntry>
<AssgnmntListEntry Length="1" RootTermCovItemId="C7">
<MapEntry BoolAssgnmnt="0" Value="8"/>
<MapEntry BoolAssgnmnt="1" Value="4"/>
</AssgnmntListEntry>
<AssgnmntListEntry Length="1" RootTermCovItemId="C8">
<MapEntry BoolAssgnmnt="0" Value="1"/>
<MapEntry BoolAssgnmnt="1" Value="8"/>
</AssgnmntListEntry>
<AssgnmntListEntry Length="1" RootTermCovItemId="C9">
<MapEntry BoolAssgnmnt="0" Value="1"/>
<MapEntry BoolAssgnmnt="1" Value="8"/>
</AssgnmntListEntry>
</AssgnmntPrefix>
<AssgnmntPrefix RootTermCovItemPrefix="com.OriginalFiles.Field.java">
<AssgnmntListEntry Length="1" RootTermCovItemId="C1">
<MapEntry BoolAssgnmnt="0" Value="40"/>
<MapEntry BoolAssgnmnt="1" Value="8"/>
</AssgnmntListEntry>
</AssgnmntPrefix>
<AssgnmntPrefix RootTermCovItemPrefix="com.OriginalFiles.MI.java">
<AssgnmntListEntry Length="1" RootTermCovItemId="C1">
<MapEntry BoolAssgnmnt="1" Value="1"/>
</AssgnmntListEntry>
<AssgnmntListEntry Length="1" RootTermCovItemId="C2">
<MapEntry BoolAssgnmnt="0" Value="24"/>
<MapEntry BoolAssgnmnt="1" Value="40"/>
</AssgnmntListEntry>
<AssgnmntListEntry Length="1" RootTermCovItemId="C3">
<MapEntry BoolAssgnmnt="0" Value="12"/>
<MapEntry BoolAssgnmnt="1" Value="12"/>
</AssgnmntListEntry>
</AssgnmntPrefix>
<AssgnmntPrefix RootTermCovItemPrefix="com.OriginalFiles.Piece.java">
<AssgnmntListEntry Length="2" RootTermCovItemId="C1">
<MapEntry BoolAssgnmnt="10" Value="24"/>
<MapEntry BoolAssgnmnt="02" Value="16"/>
</AssgnmntListEntry>
<AssgnmntListEntry Length="5" RootTermCovItemId="C17">
<MapEntry BoolAssgnmnt="00210" Value="12"/>
<MapEntry BoolAssgnmnt="01002" Value="12"/>
</AssgnmntListEntry>
<AssgnmntListEntry Length="5" RootTermCovItemId="C18">
<MapEntry BoolAssgnmnt="00210" Value="8"/>
<MapEntry BoolAssgnmnt="00211" Value="4"/>
<MapEntry BoolAssgnmnt="01002" Value="8"/>
<MapEntry BoolAssgnmnt="01122" Value="4"/>
</AssgnmntListEntry>
<AssgnmntListEntry Length="1" RootTermCovItemId="C19">
<MapEntry BoolAssgnmnt="1" Value="8"/>
</AssgnmntListEntry>
<AssgnmntListEntry Length="1" RootTermCovItemId="C20">
<MapEntry BoolAssgnmnt="0" Value="24"/>
</AssgnmntListEntry>
<AssgnmntListEntry Length="1" RootTermCovItemId="C3">
<MapEntry BoolAssgnmnt="0" Value="16"/>
<MapEntry BoolAssgnmnt="1" Value="24"/>
</AssgnmntListEntry>
<AssgnmntListEntry Length="1" RootTermCovItemId="C5">
<MapEntry BoolAssgnmnt="0" Value="12"/>
<MapEntry BoolAssgnmnt="1" Value="12"/>
</AssgnmntListEntry>
<AssgnmntListEntry Length="1" RootTermCovItemId="C6">
<MapEntry BoolAssgnmnt="0" Value="16"/>
<MapEntry BoolAssgnmnt="1" Value="24"/>
</AssgnmntListEntry>
<AssgnmntListEntry Length="1" RootTermCovItemId="C7">
<MapEntry BoolAssgnmnt="0" Value="24"/>
</AssgnmntListEntry>
<AssgnmntListEntry Length="1" RootTermCovItemId="C8">
<MapEntry BoolAssgnmnt="1" Value="24"/>
</AssgnmntListEntry>
<AssgnmntListEntry Length="1" RootTermCovItemId="C9">
<MapEntry BoolAssgnmnt="0" Value="24"/>
</AssgnmntListEntry>
</AssgnmntPrefix>
<AssgnmntPrefix RootTermCovItemPrefix="com.OriginalFiles.RemoteNXTFunctions.java">
<AssgnmntListEntry Length="1" RootTermCovItemId="C5">
<MapEntry BoolAssgnmnt="1" Value="1"/>
</AssgnmntListEntry>
<AssgnmntListEntry Length="2" RootTermCovItemId="C6">
<MapEntry BoolAssgnmnt="11" Value="1"/>
</AssgnmntListEntry>
</AssgnmntPrefix>
</AssgnmntList>
<ObjMetaDataList/>
<MetaDataList/>
</TestCase>
<TestCase Comment="" Date="1386064449142" Name="com.Testing.MiTest:testLookForBestMoveSimulateKing">
<CovList>
<CovPrefix CovItemPrefix="com.OriginalFiles.Analyze.java">
<Cov CovItemId="B103" Value="1"/>
<Cov CovItemId="B107" Value="1"/>
<Cov CovItemId="B120" Value="20"/>
<Cov CovItemId="B121" Value="620"/>
<Cov CovItemId="B122" Value="10"/>
<Cov CovItemId="B123" Value="10"/>
<Cov CovItemId="B124" Value="10"/>
<Cov CovItemId="B126" Value="10"/>
<Cov CovItemId="B127" Value="10"/>
<Cov CovItemId="B128" Value="10"/>
<Cov CovItemId="B131" Value="10"/>
<Cov CovItemId="B133" Value="10"/>
<Cov CovItemId="B134" Value="10"/>
<Cov CovItemId="B136" Value="8"/>
<Cov CovItemId="B137" Value="2"/>
<Cov CovItemId="B138" Value="6"/>
<Cov CovItemId="B139" Value="2"/>
<Cov CovItemId="B141" Value="6"/>
<Cov CovItemId="B142" Value="6"/>
<Cov CovItemId="B144" Value="4"/>
<Cov CovItemId="B146" Value="3"/>
<Cov CovItemId="B147" Value="1"/>
<Cov CovItemId="B148" Value="3"/>
<Cov CovItemId="B149" Value="125"/>
<Cov CovItemId="B150" Value="3"/>
<Cov CovItemId="B151" Value="1"/>
<Cov CovItemId="B156" Value="12"/>
<Cov CovItemId="B157" Value="12"/>
<Cov CovItemId="B83" Value="6"/>
<Cov CovItemId="B84" Value="8"/>
<Cov CovItemId="B85" Value="2"/>
<Cov CovItemId="B86" Value="4"/>
<Cov CovItemId="B88" Value="2"/>
<Cov CovItemId="B89" Value="4"/>
<Cov CovItemId="L16-2" Value="10"/>
<Cov CovItemId="L17-2" Value="80"/>
<Cov CovItemId="L18-2" Value="4"/>
<Cov CovItemId="L19-2" Value="16"/>
<Cov CovItemId="S1" Value="1"/>
<Cov CovItemId="S149" Value="14"/>
<Cov CovItemId="S150" Value="6"/>
<Cov CovItemId="S151" Value="2"/>
<Cov CovItemId="S152" Value="2"/>
<Cov CovItemId="S153" Value="2"/>
<Cov CovItemId="S155" Value="4"/>
<Cov CovItemId="S156" Value="4"/>
<Cov CovItemId="S157" Value="4"/>
<Cov CovItemId="S191" Value="1"/>
<Cov CovItemId="S192" Value="1"/>
<Cov CovItemId="S193" Value="1"/>
<Cov CovItemId="S199" Value="1"/>
<Cov CovItemId="S2" Value="1"/>
<Cov CovItemId="S200" Value="1"/>
<Cov CovItemId="S201" Value="1"/>
<Cov CovItemId="S202" Value="1"/>
<Cov CovItemId="S203" Value="1"/>
<Cov CovItemId="S204" Value="1"/>
<Cov CovItemId="S221" Value="10"/>
<Cov CovItemId="S222" Value="10"/>
<Cov CovItemId="S223" Value="10"/>
<Cov CovItemId="S224" Value="10"/>
<Cov CovItemId="S225" Value="10"/>
<Cov CovItemId="S226" Value="10"/>
<Cov CovItemId="S227" Value="80"/>
<Cov CovItemId="S228" Value="640"/>
<Cov CovItemId="S229" Value="20"/>
<Cov CovItemId="S230" Value="10"/>
<Cov CovItemId="S231" Value="10"/>
<Cov CovItemId="S232" Value="10"/>
<Cov CovItemId="S233" Value="20"/>
<Cov CovItemId="S234" Value="10"/>
<Cov CovItemId="S235" Value="10"/>
<Cov CovItemId="S236" Value="10"/>
<Cov CovItemId="S237" Value="10"/>
<Cov CovItemId="S239" Value="10"/>
<Cov CovItemId="S241" Value="10"/>
<Cov CovItemId="S242" Value="10"/>
<Cov CovItemId="S243" Value="8"/>
<Cov CovItemId="S244" Value="8"/>
<Cov CovItemId="S245" Value="8"/>
<Cov CovItemId="S246" Value="6"/>
<Cov CovItemId="S248" Value="6"/>
<Cov CovItemId="S249" Value="6"/>
<Cov CovItemId="S250" Value="4"/>
<Cov CovItemId="S251" Value="4"/>
<Cov CovItemId="S252" Value="4"/>
<Cov CovItemId="S253" Value="4"/>
<Cov CovItemId="S254" Value="3"/>
<Cov CovItemId="S255" Value="4"/>
<Cov CovItemId="S256" Value="4"/>
<Cov CovItemId="S257" Value="16"/>
<Cov CovItemId="S258" Value="128"/>
<Cov CovItemId="S259" Value="3"/>
<Cov CovItemId="S260" Value="4"/>
<Cov CovItemId="S261" Value="3"/>
<Cov CovItemId="S266" Value="1"/>
<Cov CovItemId="S267" Value="24"/>
<Cov CovItemId="S268" Value="12"/>
<Cov CovItemId="S269" Value="12"/>
<Cov CovItemId="S3" Value="1"/>
<Cov CovItemId="S4" Value="1"/>
<Cov CovItemId="S5" Value="1"/>
</CovPrefix>
<CovPrefix CovItemPrefix="com.OriginalFiles.Board.java">
<Cov CovItemId="B1" Value="32"/>
<Cov CovItemId="B10" Value="8"/>
<Cov CovItemId="B2" Value="32"/>
<Cov CovItemId="B3" Value="12"/>
<Cov CovItemId="B31" Value="14"/>
<Cov CovItemId="B33" Value="8"/>
<Cov CovItemId="B34" Value="6"/>
<Cov CovItemId="B35" Value="6"/>
<Cov CovItemId="B36" Value="8"/>
<Cov CovItemId="B37" Value="14"/>
<Cov CovItemId="B4" Value="20"/>
<Cov CovItemId="B41" Value="66"/>
<Cov CovItemId="B42" Value="44"/>
<Cov CovItemId="B44" Value="28"/>
<Cov CovItemId="B45" Value="10"/>
<Cov CovItemId="B46" Value="22"/>
<Cov CovItemId="B47" Value="10"/>
<Cov CovItemId="B48" Value="22"/>
<Cov CovItemId="B49" Value="23"/>
<Cov CovItemId="B5" Value="4"/>
<Cov CovItemId="B50" Value="9"/>
<Cov CovItemId="B51" Value="23"/>
<Cov CovItemId="B53" Value="23"/>
<Cov CovItemId="B55" Value="12"/>
<Cov CovItemId="B56" Value="100"/>
<Cov CovItemId="B57" Value="34"/>
<Cov CovItemId="B58" Value="66"/>
<Cov CovItemId="B59" Value="34"/>
<Cov CovItemId="B6" Value="8"/>
<Cov CovItemId="B62" Value="34"/>
<Cov CovItemId="B63" Value="448"/>
<Cov CovItemId="B64" Value="448"/>
<Cov CovItemId="B65" Value="28"/>
<Cov CovItemId="B66" Value="420"/>
<Cov CovItemId="B67" Value="14"/>
<Cov CovItemId="B68" Value="14"/>
<Cov CovItemId="B69" Value="1"/>
<Cov CovItemId="B7" Value="12"/>
<Cov CovItemId="B79" Value="957"/>
<Cov CovItemId="B8" Value="20"/>
<Cov CovItemId="B81" Value="167"/>
<Cov CovItemId="B82" Value="790"/>
<Cov CovItemId="B83" Value="77"/>
<Cov CovItemId="B84" Value="1038"/>
<Cov CovItemId="B85" Value="70"/>
<Cov CovItemId="B86" Value="968"/>
<Cov CovItemId="B9" Value="4"/>
<Cov CovItemId="L1-2" Value="1"/>
<Cov CovItemId="L10-2" Value="224"/>
<Cov CovItemId="L13-2" Value="14"/>
<Cov CovItemId="L14-2" Value="112"/>
<Cov CovItemId="L2-2" Value="8"/>
<Cov CovItemId="L3-2" Value="1"/>
<Cov CovItemId="L4-2" Value="1"/>
<Cov CovItemId="L5-2" Value="1"/>
<Cov CovItemId="L6-2" Value="3"/>
<Cov CovItemId="L7-2" Value="1"/>
<Cov CovItemId="L8-2" Value="2"/>
<Cov CovItemId="L9-2" Value="28"/>
<Cov CovItemId="S1" Value="1"/>
<Cov CovItemId="S10" Value="1"/>
<Cov CovItemId="S100" Value="8"/>
<Cov CovItemId="S101" Value="6"/>
<Cov CovItemId="S102" Value="14"/>
<Cov CovItemId="S103" Value="6"/>
<Cov CovItemId="S104" Value="8"/>
<Cov CovItemId="S106" Value="14"/>
<Cov CovItemId="S107" Value="14"/>
<Cov CovItemId="S108" Value="14"/>
<Cov CovItemId="S109" Value="14"/>
<Cov CovItemId="S11" Value="8"/>
<Cov CovItemId="S115" Value="110"/>
<Cov CovItemId="S116" Value="66"/>
<Cov CovItemId="S117" Value="44"/>
<Cov CovItemId="S118" Value="28"/>
<Cov CovItemId="S119" Value="28"/>
<Cov CovItemId="S12" Value="64"/>
<Cov CovItemId="S121" Value="28"/>
<Cov CovItemId="S122" Value="28"/>
<Cov CovItemId="S123" Value="32"/>
<Cov CovItemId="S124" Value="32"/>
<Cov CovItemId="S125" Value="10"/>
<Cov CovItemId="S126" Value="32"/>
<Cov CovItemId="S127" Value="10"/>
<Cov CovItemId="S128" Value="32"/>
<Cov CovItemId="S129" Value="23"/>
<Cov CovItemId="S13" Value="64"/>
<Cov CovItemId="S130" Value="23"/>
<Cov CovItemId="S131" Value="23"/>
<Cov CovItemId="S132" Value="23"/>
<Cov CovItemId="S133" Value="32"/>
<Cov CovItemId="S134" Value="28"/>
<Cov CovItemId="S135" Value="112"/>
<Cov CovItemId="S136" Value="12"/>
<Cov CovItemId="S137" Value="100"/>
<Cov CovItemId="S138" Value="34"/>
<Cov CovItemId="S139" Value="34"/>
<Cov CovItemId="S14" Value="64"/>
<Cov CovItemId="S141" Value="100"/>
<Cov CovItemId="S142" Value="112"/>
<Cov CovItemId="S143" Value="14"/>
<Cov CovItemId="S144" Value="14"/>
<Cov CovItemId="S145" Value="112"/>
<Cov CovItemId="S146" Value="896"/>
<Cov CovItemId="S147" Value="448"/>
<Cov CovItemId="S148" Value="28"/>
<Cov CovItemId="S149" Value="14"/>
<Cov CovItemId="S15" Value="64"/>
<Cov CovItemId="S150" Value="14"/>
<Cov CovItemId="S151" Value="14"/>
<Cov CovItemId="S152" Value="1"/>
<Cov CovItemId="S153" Value="1"/>
<Cov CovItemId="S154" Value="1"/>
<Cov CovItemId="S16" Value="32"/>
<Cov CovItemId="S17" Value="32"/>
<Cov CovItemId="S176" Value="957"/>
<Cov CovItemId="S177" Value="957"/>
<Cov CovItemId="S178" Value="167"/>
<Cov CovItemId="S179" Value="790"/>
<Cov CovItemId="S18" Value="32"/>
<Cov CovItemId="S180" Value="1115"/>
<Cov CovItemId="S181" Value="77"/>
<Cov CovItemId="S182" Value="1038"/>
<Cov CovItemId="S183" Value="70"/>
<Cov CovItemId="S184" Value="968"/>
<Cov CovItemId="S185" Value="3236"/>
<Cov CovItemId="S19" Value="12"/>
<Cov CovItemId="S2" Value="1"/>
<Cov CovItemId="S20" Value="12"/>
<Cov CovItemId="S21" Value="12"/>
<Cov CovItemId="S22" Value="4"/>
<Cov CovItemId="S23" Value="32"/>
<Cov CovItemId="S24" Value="12"/>
<Cov CovItemId="S25" Value="12"/>
<Cov CovItemId="S26" Value="12"/>
<Cov CovItemId="S27" Value="4"/>
<Cov CovItemId="S28" Value="32"/>
<Cov CovItemId="S29" Value="32"/>
<Cov CovItemId="S3" Value="1"/>
<Cov CovItemId="S30" Value="64"/>
<Cov CovItemId="S31" Value="1"/>
<Cov CovItemId="S32" Value="8"/>
<Cov CovItemId="S33" Value="8"/>
<Cov CovItemId="S34" Value="8"/>
<Cov CovItemId="S35" Value="8"/>
<Cov CovItemId="S36" Value="8"/>
<Cov CovItemId="S37" Value="8"/>
<Cov CovItemId="S38" Value="8"/>
<Cov CovItemId="S39" Value="8"/>
<Cov CovItemId="S4" Value="1"/>
<Cov CovItemId="S40" Value="1"/>
<Cov CovItemId="S41" Value="8"/>
<Cov CovItemId="S42" Value="8"/>
<Cov CovItemId="S43" Value="8"/>
<Cov CovItemId="S44" Value="8"/>
<Cov CovItemId="S45" Value="8"/>
<Cov CovItemId="S46" Value="8"/>
<Cov CovItemId="S47" Value="8"/>
<Cov CovItemId="S48" Value="8"/>
<Cov CovItemId="S49" Value="1"/>
<Cov CovItemId="S5" Value="1"/>
<Cov CovItemId="S50" Value="3"/>
<Cov CovItemId="S51" Value="24"/>
<Cov CovItemId="S52" Value="24"/>
<Cov CovItemId="S53" Value="24"/>
<Cov CovItemId="S54" Value="24"/>
<Cov CovItemId="S55" Value="1"/>
<Cov CovItemId="S56" Value="2"/>
<Cov CovItemId="S57" Value="16"/>
<Cov CovItemId="S58" Value="16"/>
<Cov CovItemId="S59" Value="16"/>
<Cov CovItemId="S6" Value="1"/>
<Cov CovItemId="S60" Value="16"/>
<Cov CovItemId="S61" Value="28"/>
<Cov CovItemId="S62" Value="224"/>
<Cov CovItemId="S63" Value="1792"/>
<Cov CovItemId="S7" Value="1"/>
<Cov CovItemId="S8" Value="1"/>
<Cov CovItemId="S9" Value="1"/>
<Cov CovItemId="S98" Value="14"/>
<Cov CovItemId="S99" Value="14"/>
</CovPrefix>
<CovPrefix CovItemPrefix="com.OriginalFiles.Field.java">
<Cov CovItemId="B1" Value="56"/>
<Cov CovItemId="B2" Value="8"/>
<Cov CovItemId="S1" Value="120"/>
<Cov CovItemId="S13" Value="78"/>
<Cov CovItemId="S2" Value="120"/>
<Cov CovItemId="S5" Value="64"/>
<Cov CovItemId="S6" Value="64"/>
<Cov CovItemId="S7" Value="56"/>
<Cov CovItemId="S8" Value="899"/>
<Cov CovItemId="S9" Value="2270"/>
</CovPrefix>
<CovPrefix CovItemPrefix="com.OriginalFiles.MI.java">
<Cov CovItemId="B1" Value="1"/>
<Cov CovItemId="B13" Value="4"/>
<Cov CovItemId="B14" Value="3"/>
<Cov CovItemId="B15" Value="1"/>
<Cov CovItemId="B16" Value="4"/>
<Cov CovItemId="B17" Value="1"/>
<Cov CovItemId="B18" Value="3"/>
<Cov CovItemId="B19" Value="3"/>
<Cov CovItemId="B20" Value="1"/>
<Cov CovItemId="B23" Value="3"/>
<Cov CovItemId="B25" Value="3"/>
<Cov CovItemId="B27" Value="3"/>
<Cov CovItemId="B28" Value="1"/>
<Cov CovItemId="B3" Value="26"/>
<Cov CovItemId="B30" Value="4"/>
<Cov CovItemId="B31" Value="6"/>
<Cov CovItemId="B32" Value="8"/>
<Cov CovItemId="B33" Value="7"/>
<Cov CovItemId="B36" Value="7"/>
<Cov CovItemId="B39" Value="7"/>
<Cov CovItemId="B4" Value="102"/>
<Cov CovItemId="B41" Value="7"/>
<Cov CovItemId="B43" Value="6"/>
<Cov CovItemId="B44" Value="1"/>
<Cov CovItemId="B45" Value="4"/>
<Cov CovItemId="B46" Value="2"/>
<Cov CovItemId="B47" Value="2"/>
<Cov CovItemId="B5" Value="13"/>
<Cov CovItemId="B51" Value="8"/>
<Cov CovItemId="B52" Value="248"/>
<Cov CovItemId="B53" Value="4"/>
<Cov CovItemId="B54" Value="4"/>
<Cov CovItemId="B56" Value="4"/>
<Cov CovItemId="B59" Value="4"/>
<Cov CovItemId="B6" Value="13"/>
<Cov CovItemId="B62" Value="4"/>
<Cov CovItemId="B8" Value="1"/>
<Cov CovItemId="B9" Value="2"/>
<Cov CovItemId="L1-2" Value="2"/>
<Cov CovItemId="L10-2" Value="4"/>
<Cov CovItemId="L11-2" Value="32"/>
<Cov CovItemId="L13-2" Value="4"/>
<Cov CovItemId="L2-2" Value="16"/>
<Cov CovItemId="L3-2" Value="1"/>
<Cov CovItemId="L4-1" Value="1"/>
<Cov CovItemId="L4-2" Value="2"/>
<Cov CovItemId="L5-1" Value="4"/>
<Cov CovItemId="L6-1" Value="4"/>
<Cov CovItemId="L7-1" Value="7"/>
<Cov CovItemId="L8-1" Value="7"/>
<Cov CovItemId="L9-0" Value="7"/>
<Cov CovItemId="S1" Value="1"/>
<Cov CovItemId="S10" Value="1"/>
<Cov CovItemId="S100" Value="7"/>
<Cov CovItemId="S101" Value="7"/>
<Cov CovItemId="S102" Value="7"/>
<Cov CovItemId="S103" Value="7"/>
<Cov CovItemId="S104" Value="7"/>
<Cov CovItemId="S105" Value="7"/>
<Cov CovItemId="S106" Value="7"/>
<Cov CovItemId="S107" Value="7"/>
<Cov CovItemId="S108" Value="7"/>
<Cov CovItemId="S109" Value="7"/>
<Cov CovItemId="S11" Value="1"/>
<Cov CovItemId="S110" Value="6"/>
<Cov CovItemId="S111" Value="4"/>
<Cov CovItemId="S112" Value="2"/>
<Cov CovItemId="S113" Value="2"/>
<Cov CovItemId="S114" Value="6"/>
<Cov CovItemId="S115" Value="7"/>
<Cov CovItemId="S116" Value="7"/>
<Cov CovItemId="S117" Value="7"/>
<Cov CovItemId="S12" Value="1"/>
<Cov CovItemId="S123" Value="4"/>
<Cov CovItemId="S124" Value="4"/>
<Cov CovItemId="S125" Value="4"/>
<Cov CovItemId="S126" Value="4"/>
<Cov CovItemId="S127" Value="32"/>
<Cov CovItemId="S128" Value="256"/>
<Cov CovItemId="S129" Value="8"/>
<Cov CovItemId="S130" Value="4"/>
<Cov CovItemId="S135" Value="4"/>
<Cov CovItemId="S136" Value="4"/>
<Cov CovItemId="S137" Value="4"/>
<Cov CovItemId="S138" Value="8"/>
<Cov CovItemId="S139" Value="8"/>
<Cov CovItemId="S14" Value="1"/>
<Cov CovItemId="S140" Value="4"/>
<Cov CovItemId="S142" Value="4"/>
<Cov CovItemId="S15" Value="1"/>
<Cov CovItemId="S16" Value="2"/>
<Cov CovItemId="S17" Value="2"/>
<Cov CovItemId="S18" Value="2"/>
<Cov CovItemId="S19" Value="16"/>
<Cov CovItemId="S2" Value="1"/>
<Cov CovItemId="S20" Value="128"/>
<Cov CovItemId="S21" Value="26"/>
<Cov CovItemId="S22" Value="13"/>
<Cov CovItemId="S23" Value="13"/>
<Cov CovItemId="S24" Value="1"/>
<Cov CovItemId="S25" Value="1"/>
<Cov CovItemId="S26" Value="1"/>
<Cov CovItemId="S27" Value="1"/>
<Cov CovItemId="S28" Value="1"/>
<Cov CovItemId="S3" Value="1"/>
<Cov CovItemId="S30" Value="1"/>
<Cov CovItemId="S31" Value="2"/>
<Cov CovItemId="S32" Value="2"/>
<Cov CovItemId="S33" Value="2"/>
<Cov CovItemId="S34" Value="2"/>
<Cov CovItemId="S35" Value="2"/>
<Cov CovItemId="S36" Value="2"/>
<Cov CovItemId="S37" Value="2"/>
<Cov CovItemId="S4" Value="1"/>
<Cov CovItemId="S40" Value="1"/>
<Cov CovItemId="S41" Value="7"/>
<Cov CovItemId="S42" Value="4"/>
<Cov CovItemId="S43" Value="3"/>
<Cov CovItemId="S44" Value="3"/>
<Cov CovItemId="S45" Value="3"/>
<Cov CovItemId="S46" Value="5"/>
<Cov CovItemId="S47" Value="5"/>
<Cov CovItemId="S48" Value="5"/>
<Cov CovItemId="S49" Value="5"/>
<Cov CovItemId="S5" Value="1"/>
<Cov CovItemId="S50" Value="5"/>
<Cov CovItemId="S51" Value="5"/>
<Cov CovItemId="S52" Value="1"/>
<Cov CovItemId="S53" Value="3"/>
<Cov CovItemId="S54" Value="4"/>
<Cov CovItemId="S55" Value="4"/>
<Cov CovItemId="S56" Value="4"/>
<Cov CovItemId="S57" Value="4"/>
<Cov CovItemId="S58" Value="1"/>
<Cov CovItemId="S59" Value="4"/>
<Cov CovItemId="S6" Value="1"/>
<Cov CovItemId="S60" Value="3"/>
<Cov CovItemId="S61" Value="1"/>
<Cov CovItemId="S62" Value="4"/>
<Cov CovItemId="S63" Value="4"/>
<Cov CovItemId="S64" Value="4"/>
<Cov CovItemId="S65" Value="4"/>
<Cov CovItemId="S66" Value="4"/>
<Cov CovItemId="S67" Value="4"/>
<Cov CovItemId="S68" Value="4"/>
<Cov CovItemId="S7" Value="1"/>
<Cov CovItemId="S73" Value="3"/>
<Cov CovItemId="S75" Value="3"/>
<Cov CovItemId="S77" Value="3"/>
<Cov CovItemId="S78" Value="1"/>
<Cov CovItemId="S79" Value="1"/>
<Cov CovItemId="S8" Value="1"/>
<Cov CovItemId="S80" Value="4"/>
<Cov CovItemId="S81" Value="4"/>
<Cov CovItemId="S83" Value="4"/>
<Cov CovItemId="S84" Value="14"/>
<Cov CovItemId="S85" Value="6"/>
<Cov CovItemId="S86" Value="8"/>
<Cov CovItemId="S87" Value="7"/>
<Cov CovItemId="S88" Value="7"/>
<Cov CovItemId="S89" Value="7"/>
<Cov CovItemId="S9" Value="1"/>
<Cov CovItemId="S90" Value="7"/>
<Cov CovItemId="S91" Value="7"/>
<Cov CovItemId="S92" Value="7"/>
<Cov CovItemId="S99" Value="7"/>
</CovPrefix>
<CovPrefix CovItemPrefix="com.OriginalFiles.Move.java">
<Cov CovItemId="S1" Value="8"/>
<Cov CovItemId="S2" Value="8"/>
<Cov CovItemId="S3" Value="8"/>
<Cov CovItemId="S4" Value="8"/>
<Cov CovItemId="S5" Value="8"/>
<Cov CovItemId="S6" Value="8"/>
<Cov CovItemId="S7" Value="8"/>
</CovPrefix>
<CovPrefix CovItemPrefix="com.OriginalFiles.Piece.java">
<Cov CovItemId="B1" Value="2"/>
<Cov CovItemId="B10" Value="18"/>
<Cov CovItemId="B11" Value="48"/>
<Cov CovItemId="B12" Value="16"/>
<Cov CovItemId="B13" Value="3"/>
<Cov CovItemId="B14" Value="45"/>
<Cov CovItemId="B15" Value="40"/>
<Cov CovItemId="B16" Value="8"/>
<Cov CovItemId="B17" Value="8"/>
<Cov CovItemId="B18" Value="40"/>
<Cov CovItemId="B19" Value="4"/>
<Cov CovItemId="B2" Value="54"/>
<Cov CovItemId="B20" Value="4"/>
<Cov CovItemId="B22" Value="8"/>
<Cov CovItemId="B25" Value="8"/>
<Cov CovItemId="B28" Value="8"/>
<Cov CovItemId="B30" Value="8"/>
<Cov CovItemId="B31" Value="4"/>
<Cov CovItemId="B32" Value="4"/>
<Cov CovItemId="B33" Value="8"/>
<Cov CovItemId="B34" Value="40"/>
<Cov CovItemId="B35" Value="8"/>
<Cov CovItemId="B36" Value="40"/>
<Cov CovItemId="B37" Value="8"/>
<Cov CovItemId="B39" Value="10"/>
<Cov CovItemId="B4" Value="2"/>
<Cov CovItemId="B40" Value="38"/>
<Cov CovItemId="B42" Value="16"/>
<Cov CovItemId="B44" Value="4"/>
<Cov CovItemId="B45" Value="4"/>
<Cov CovItemId="B47" Value="10"/>
<Cov CovItemId="B48" Value="6"/>
<Cov CovItemId="B49" Value="10"/>
<Cov CovItemId="B5" Value="48"/>
<Cov CovItemId="B51" Value="32"/>
<Cov CovItemId="B52" Value="8"/>
<Cov CovItemId="B54" Value="32"/>
<Cov CovItemId="B6" Value="16"/>
<Cov CovItemId="B69" Value="761"/>
<Cov CovItemId="B7" Value="8"/>
<Cov CovItemId="B70" Value="1118"/>
<Cov CovItemId="B71" Value="4"/>
<Cov CovItemId="B72" Value="757"/>
<Cov CovItemId="B9" Value="22"/>
<Cov CovItemId="L1-2" Value="4"/>
<Cov CovItemId="L2-2" Value="27"/>
<Cov CovItemId="L3-1" Value="4"/>
<Cov CovItemId="L3-2" Value="195"/>
<Cov CovItemId="S1" Value="40"/>
<Cov CovItemId="S10" Value="40"/>
<Cov CovItemId="S11" Value="40"/>
<Cov CovItemId="S118" Value="40"/>
<Cov CovItemId="S119" Value="4"/>
<Cov CovItemId="S12" Value="40"/>
<Cov CovItemId="S120" Value="4"/>
<Cov CovItemId="S121" Value="4"/>
<Cov CovItemId="S122" Value="27"/>
<Cov CovItemId="S123" Value="27"/>
<Cov CovItemId="S124" Value="199"/>
<Cov CovItemId="S125" Value="1879"/>
<Cov CovItemId="S126" Value="761"/>
<Cov CovItemId="S127" Value="4"/>
<Cov CovItemId="S128" Value="4"/>
<Cov CovItemId="S129" Value="4"/>
<Cov CovItemId="S13" Value="40"/>
<Cov CovItemId="S14" Value="40"/>
<Cov CovItemId="S15" Value="40"/>
<Cov CovItemId="S16" Value="40"/>
<Cov CovItemId="S17" Value="40"/>
<Cov CovItemId="S18" Value="40"/>
<Cov CovItemId="S19" Value="40"/>
<Cov CovItemId="S2" Value="40"/>
<Cov CovItemId="S20" Value="40"/>
<Cov CovItemId="S21" Value="40"/>
<Cov CovItemId="S22" Value="28"/>
<Cov CovItemId="S23" Value="212"/>
<Cov CovItemId="S24" Value="56"/>
<Cov CovItemId="S25" Value="56"/>
<Cov CovItemId="S26" Value="56"/>
<Cov CovItemId="S27" Value="2"/>
<Cov CovItemId="S29" Value="2"/>
<Cov CovItemId="S3" Value="40"/>
<Cov CovItemId="S30" Value="54"/>
<Cov CovItemId="S31" Value="56"/>
<Cov CovItemId="S32" Value="64"/>
<Cov CovItemId="S33" Value="48"/>
<Cov CovItemId="S34" Value="16"/>
<Cov CovItemId="S35" Value="16"/>
<Cov CovItemId="S36" Value="8"/>
<Cov CovItemId="S37" Value="8"/>
<Cov CovItemId="S38" Value="8"/>
<Cov CovItemId="S39" Value="40"/>
<Cov CovItemId="S4" Value="40"/>
<Cov CovItemId="S40" Value="22"/>
<Cov CovItemId="S41" Value="18"/>
<Cov CovItemId="S42" Value="56"/>
<Cov CovItemId="S43" Value="64"/>
<Cov CovItemId="S44" Value="48"/>
<Cov CovItemId="S45" Value="48"/>
<Cov CovItemId="S46" Value="48"/>
<Cov CovItemId="S47" Value="3"/>
<Cov CovItemId="S48" Value="48"/>
<Cov CovItemId="S49" Value="40"/>
<Cov CovItemId="S5" Value="40"/>
<Cov CovItemId="S50" Value="48"/>
<Cov CovItemId="S51" Value="8"/>
<Cov CovItemId="S52" Value="4"/>
<Cov CovItemId="S53" Value="4"/>
<Cov CovItemId="S54" Value="8"/>
<Cov CovItemId="S58" Value="8"/>
<Cov CovItemId="S59" Value="8"/>
<Cov CovItemId="S6" Value="40"/>
<Cov CovItemId="S61" Value="8"/>
<Cov CovItemId="S63" Value="8"/>
<Cov CovItemId="S64" Value="4"/>
<Cov CovItemId="S65" Value="48"/>
<Cov CovItemId="S66" Value="8"/>
<Cov CovItemId="S67" Value="48"/>
<Cov CovItemId="S68" Value="8"/>
<Cov CovItemId="S69" Value="8"/>
<Cov CovItemId="S7" Value="40"/>
<Cov CovItemId="S70" Value="8"/>
<Cov CovItemId="S71" Value="48"/>
<Cov CovItemId="S72" Value="10"/>
<Cov CovItemId="S73" Value="48"/>
<Cov CovItemId="S74" Value="16"/>
<Cov CovItemId="S76" Value="16"/>
<Cov CovItemId="S77" Value="4"/>
<Cov CovItemId="S78" Value="4"/>
<Cov CovItemId="S79" Value="4"/>
<Cov CovItemId="S8" Value="40"/>
<Cov CovItemId="S81" Value="4"/>
<Cov CovItemId="S82" Value="4"/>
<Cov CovItemId="S83" Value="4"/>
<Cov CovItemId="S84" Value="4"/>
<Cov CovItemId="S85" Value="4"/>
<Cov CovItemId="S86" Value="4"/>
<Cov CovItemId="S87" Value="16"/>
<Cov CovItemId="S88" Value="10"/>
<Cov CovItemId="S89" Value="10"/>
<Cov CovItemId="S9" Value="40"/>
<Cov CovItemId="S90" Value="10"/>
<Cov CovItemId="S91" Value="10"/>
<Cov CovItemId="S92" Value="10"/>
<Cov CovItemId="S93" Value="10"/>
<Cov CovItemId="S94" Value="10"/>
<Cov CovItemId="S95" Value="10"/>
<Cov CovItemId="S96" Value="6"/>
<Cov CovItemId="S97" Value="40"/>
<Cov CovItemId="S98" Value="40"/>
<Cov CovItemId="S99" Value="32"/>
</CovPrefix>
<CovPrefix CovItemPrefix="com.OriginalFiles.RemoteNXTFunctions.java">
<Cov CovItemId="B5" Value="1"/>
<Cov CovItemId="B7" Value="1"/>
<Cov CovItemId="S1" Value="1"/>
<Cov CovItemId="S162" Value="1"/>
<Cov CovItemId="S19" Value="1"/>
<Cov CovItemId="S2" Value="1"/>
<Cov CovItemId="S20" Value="1"/>
<Cov CovItemId="S21" Value="1"/>
<Cov CovItemId="S22" Value="1"/>
<Cov CovItemId="S3" Value="1"/>
</CovPrefix>
</CovList>
<AssgnmntList>
<AssgnmntPrefix RootTermCovItemPrefix="com.OriginalFiles.Analyze.java">
<AssgnmntListEntry Length="1" RootTermCovItemId="C49">
<MapEntry BoolAssgnmnt="0" Value="8"/>
<MapEntry BoolAssgnmnt="1" Value="6"/>
</AssgnmntListEntry>
<AssgnmntListEntry Length="1" RootTermCovItemId="C50">
<MapEntry BoolAssgnmnt="0" Value="4"/>
<MapEntry BoolAssgnmnt="1" Value="2"/>
</AssgnmntListEntry>
<AssgnmntListEntry Length="1" RootTermCovItemId="C51">
<MapEntry BoolAssgnmnt="1" Value="2"/>
</AssgnmntListEntry>
<AssgnmntListEntry Length="1" RootTermCovItemId="C52">
<MapEntry BoolAssgnmnt="1" Value="4"/>
</AssgnmntListEntry>
<AssgnmntListEntry Length="1" RootTermCovItemId="C64">
<MapEntry BoolAssgnmnt="1" Value="1"/>
</AssgnmntListEntry>
<AssgnmntListEntry Length="6" RootTermCovItemId="C66">
<MapEntry BoolAssgnmnt="111111" Value="1"/>
</AssgnmntListEntry>
<AssgnmntListEntry Length="1" RootTermCovItemId="C70">
<MapEntry BoolAssgnmnt="0" Value="20"/>
<MapEntry BoolAssgnmnt="1" Value="620"/>
</AssgnmntListEntry>
<AssgnmntListEntry Length="1" RootTermCovItemId="C71">
<MapEntry BoolAssgnmnt="0" Value="10"/>
<MapEntry BoolAssgnmnt="1" Value="10"/>
</AssgnmntListEntry>
<AssgnmntListEntry Length="1" RootTermCovItemId="C72">
<MapEntry BoolAssgnmnt="1" Value="10"/>
</AssgnmntListEntry>
<AssgnmntListEntry Length="1" RootTermCovItemId="C73">
<MapEntry BoolAssgnmnt="0" Value="10"/>
<MapEntry BoolAssgnmnt="1" Value="10"/>
</AssgnmntListEntry>
<AssgnmntListEntry Length="1" RootTermCovItemId="C74">
<MapEntry BoolAssgnmnt="1" Value="10"/>
</AssgnmntListEntry>
<AssgnmntListEntry Length="3" RootTermCovItemId="C75">
<MapEntry BoolAssgnmnt="012" Value="3"/>
<MapEntry BoolAssgnmnt="001" Value="7"/>
</AssgnmntListEntry>
<AssgnmntListEntry Length="3" RootTermCovItemId="C76">
<MapEntry BoolAssgnmnt="011" Value="3"/>
<MapEntry BoolAssgnmnt="002" Value="7"/>
</AssgnmntListEntry>
<AssgnmntListEntry Length="2" RootTermCovItemId="C77">
<MapEntry BoolAssgnmnt="11" Value="10"/>
</AssgnmntListEntry>
<AssgnmntListEntry Length="2" RootTermCovItemId="C78">
<MapEntry BoolAssgnmnt="10" Value="2"/>
<MapEntry BoolAssgnmnt="11" Value="8"/>
</AssgnmntListEntry>
<AssgnmntListEntry Length="2" RootTermCovItemId="C79">
<MapEntry BoolAssgnmnt="01" Value="2"/>
<MapEntry BoolAssgnmnt="00" Value="2"/>
<MapEntry BoolAssgnmnt="12" Value="4"/>
</AssgnmntListEntry>
<AssgnmntListEntry Length="2" RootTermCovItemId="C80">
<MapEntry BoolAssgnmnt="02" Value="6"/>
</AssgnmntListEntry>
<AssgnmntListEntry Length="2" RootTermCovItemId="C81">
<MapEntry BoolAssgnmnt="00" Value="6"/>
</AssgnmntListEntry>
<AssgnmntListEntry Length="1" RootTermCovItemId="C82">
<MapEntry BoolAssgnmnt="1" Value="4"/>
</AssgnmntListEntry>
<AssgnmntListEntry Length="1" RootTermCovItemId="C83">
<MapEntry BoolAssgnmnt="0" Value="3"/>
<MapEntry BoolAssgnmnt="1" Value="1"/>
</AssgnmntListEntry>
<AssgnmntListEntry Length="1" RootTermCovItemId="C84">
<MapEntry BoolAssgnmnt="0" Value="4"/>
<MapEntry BoolAssgnmnt="1" Value="16"/>
</AssgnmntListEntry>
<AssgnmntListEntry Length="1" RootTermCovItemId="C85">
<MapEntry BoolAssgnmnt="0" Value="16"/>
<MapEntry BoolAssgnmnt="1" Value="128"/>
</AssgnmntListEntry>
<AssgnmntListEntry Length="1" RootTermCovItemId="C86">
<MapEntry BoolAssgnmnt="0" Value="3"/>
<MapEntry BoolAssgnmnt="1" Value="125"/>
</AssgnmntListEntry>
<AssgnmntListEntry Length="1" RootTermCovItemId="C87">
<MapEntry BoolAssgnmnt="0" Value="1"/>
<MapEntry BoolAssgnmnt="1" Value="3"/>
</AssgnmntListEntry>
<AssgnmntListEntry Length="8" RootTermCovItemId="C90">
<MapEntry BoolAssgnmnt="02020202" Value="12"/>
<MapEntry BoolAssgnmnt="02020211" Value="6"/>
<MapEntry BoolAssgnmnt="02112222" Value="6"/>
</AssgnmntListEntry>
</AssgnmntPrefix>
<AssgnmntPrefix RootTermCovItemPrefix="com.OriginalFiles.Board.java">
<AssgnmntListEntry Length="1" RootTermCovItemId="C1">
<MapEntry BoolAssgnmnt="0" Value="1"/>
<MapEntry BoolAssgnmnt="1" Value="8"/>
</AssgnmntListEntry>
<AssgnmntListEntry Length="1" RootTermCovItemId="C10">
<MapEntry BoolAssgnmnt="0" Value="1"/>
<MapEntry BoolAssgnmnt="1" Value="3"/>
</AssgnmntListEntry>
<AssgnmntListEntry Length="1" RootTermCovItemId="C11">
<MapEntry BoolAssgnmnt="0" Value="3"/>
<MapEntry BoolAssgnmnt="1" Value="24"/>
</AssgnmntListEntry>
<AssgnmntListEntry Length="1" RootTermCovItemId="C12">
<MapEntry BoolAssgnmnt="0" Value="1"/>
<MapEntry BoolAssgnmnt="1" Value="2"/>
</AssgnmntListEntry>
<AssgnmntListEntry Length="1" RootTermCovItemId="C13">
<MapEntry BoolAssgnmnt="0" Value="2"/>
<MapEntry BoolAssgnmnt="1" Value="16"/>
</AssgnmntListEntry>
<AssgnmntListEntry Length="1" RootTermCovItemId="C2">
<MapEntry BoolAssgnmnt="0" Value="8"/>
<MapEntry BoolAssgnmnt="1" Value="64"/>
</AssgnmntListEntry>
<AssgnmntListEntry Length="1" RootTermCovItemId="C26">
<MapEntry BoolAssgnmnt="0" Value="14"/>
</AssgnmntListEntry>
<AssgnmntListEntry Length="1" RootTermCovItemId="C27">
<MapEntry BoolAssgnmnt="0" Value="6"/>
<MapEntry BoolAssgnmnt="1" Value="8"/>
</AssgnmntListEntry>
<AssgnmntListEntry Length="2" RootTermCovItemId="C28">
<MapEntry BoolAssgnmnt="10" Value="6"/>
<MapEntry BoolAssgnmnt="02" Value="7"/>
<MapEntry BoolAssgnmnt="11" Value="1"/>
</AssgnmntListEntry>
<AssgnmntListEntry Length="1" RootTermCovItemId="C29">
<MapEntry BoolAssgnmnt="1" Value="14"/>
</AssgnmntListEntry>
<AssgnmntListEntry Length="1" RootTermCovItemId="C3">
<MapEntry BoolAssgnmnt="0" Value="32"/>
<MapEntry BoolAssgnmnt="1" Value="32"/>
</AssgnmntListEntry>
<AssgnmntListEntry Length="1" RootTermCovItemId="C31">
<MapEntry BoolAssgnmnt="0" Value="44"/>
<MapEntry BoolAssgnmnt="1" Value="66"/>
</AssgnmntListEntry>
<AssgnmntListEntry Length="1" RootTermCovItemId="C32">
<MapEntry BoolAssgnmnt="0" Value="28"/>
</AssgnmntListEntry>
<AssgnmntListEntry Length="1" RootTermCovItemId="C33">
<MapEntry BoolAssgnmnt="0" Value="10"/>
<MapEntry BoolAssgnmnt="1" Value="22"/>
</AssgnmntListEntry>
<AssgnmntListEntry Length="1" RootTermCovItemId="C34">
<MapEntry BoolAssgnmnt="0" Value="10"/>
<MapEntry BoolAssgnmnt="1" Value="22"/>
</AssgnmntListEntry>
<AssgnmntListEntry Length="1" RootTermCovItemId="C35">
<MapEntry BoolAssgnmnt="0" Value="9"/>
<MapEntry BoolAssgnmnt="1" Value="23"/>
</AssgnmntListEntry>
<AssgnmntListEntry Length="1" RootTermCovItemId="C36">
<MapEntry BoolAssgnmnt="0" Value="23"/>
</AssgnmntListEntry>
<AssgnmntListEntry Length="1" RootTermCovItemId="C37">
<MapEntry BoolAssgnmnt="0" Value="23"/>
</AssgnmntListEntry>
<AssgnmntListEntry Length="5" RootTermCovItemId="C38">
<MapEntry BoolAssgnmnt="02002" Value="28"/>
<MapEntry BoolAssgnmnt="10122" Value="28"/>
<MapEntry BoolAssgnmnt="11221" Value="26"/>
<MapEntry BoolAssgnmnt="11220" Value="2"/>
<MapEntry BoolAssgnmnt="02010" Value="10"/>
<MapEntry BoolAssgnmnt="02011" Value="18"/>
</AssgnmntListEntry>
<AssgnmntListEntry Length="1" RootTermCovItemId="C39">
<MapEntry BoolAssgnmnt="0" Value="66"/>
<MapEntry BoolAssgnmnt="1" Value="34"/>
</AssgnmntListEntry>
<AssgnmntListEntry Length="1" RootTermCovItemId="C4">
<MapEntry BoolAssgnmnt="0" Value="20"/>
<MapEntry BoolAssgnmnt="1" Value="12"/>
</AssgnmntListEntry>
<AssgnmntListEntry Length="1" RootTermCovItemId="C40">
<MapEntry BoolAssgnmnt="0" Value="34"/>
</AssgnmntListEntry>
<AssgnmntListEntry Length="2" RootTermCovItemId="C41">
<MapEntry BoolAssgnmnt="02" Value="34"/>
</AssgnmntListEntry>
<AssgnmntListEntry Length="1" RootTermCovItemId="C42">
<MapEntry BoolAssgnmnt="0" Value="448"/>
<MapEntry BoolAssgnmnt="1" Value="448"/>
</AssgnmntListEntry>
<AssgnmntListEntry Length="1" RootTermCovItemId="C43">
<MapEntry BoolAssgnmnt="0" Value="420"/>
<MapEntry BoolAssgnmnt="1" Value="28"/>
</AssgnmntListEntry>
<AssgnmntListEntry Length="1" RootTermCovItemId="C44">
<MapEntry BoolAssgnmnt="0" Value="14"/>
<MapEntry BoolAssgnmnt="1" Value="14"/>
</AssgnmntListEntry>
<AssgnmntListEntry Length="1" RootTermCovItemId="C45">
<MapEntry BoolAssgnmnt="1" Value="1"/>
</AssgnmntListEntry>
<AssgnmntListEntry Length="1" RootTermCovItemId="C5">
<MapEntry BoolAssgnmnt="0" Value="8"/>
<MapEntry BoolAssgnmnt="1" Value="4"/>
</AssgnmntListEntry>
<AssgnmntListEntry Length="1" RootTermCovItemId="C53">
<MapEntry BoolAssgnmnt="1" Value="957"/>
</AssgnmntListEntry>
<AssgnmntListEntry Length="1" RootTermCovItemId="C54">
<MapEntry BoolAssgnmnt="0" Value="167"/>
<MapEntry BoolAssgnmnt="1" Value="790"/>
</AssgnmntListEntry>
<AssgnmntListEntry Length="3" RootTermCovItemId="C55">
<MapEntry BoolAssgnmnt="011" Value="854"/>
<MapEntry BoolAssgnmnt="010" Value="26"/>
<MapEntry BoolAssgnmnt="002" Value="146"/>
<MapEntry BoolAssgnmnt="120" Value="51"/>
<MapEntry BoolAssgnmnt="121" Value="38"/>
</AssgnmntListEntry>
<AssgnmntListEntry Length="3" RootTermCovItemId="C56">
<MapEntry BoolAssgnmnt="011" Value="16"/>
<MapEntry BoolAssgnmnt="010" Value="18"/>
<MapEntry BoolAssgnmnt="002" Value="892"/>
<MapEntry BoolAssgnmnt="120" Value="58"/>
<MapEntry BoolAssgnmnt="121" Value="54"/>
</AssgnmntListEntry>
<AssgnmntListEntry Length="1" RootTermCovItemId="C6">
<MapEntry BoolAssgnmnt="0" Value="20"/>
<MapEntry BoolAssgnmnt="1" Value="12"/>
</AssgnmntListEntry>
<AssgnmntListEntry Length="1" RootTermCovItemId="C7">
<MapEntry BoolAssgnmnt="0" Value="8"/>
<MapEntry BoolAssgnmnt="1" Value="4"/>
</AssgnmntListEntry>
<AssgnmntListEntry Length="1" RootTermCovItemId="C8">
<MapEntry BoolAssgnmnt="0" Value="1"/>
<MapEntry BoolAssgnmnt="1" Value="8"/>
</AssgnmntListEntry>
<AssgnmntListEntry Length="1" RootTermCovItemId="C9">
<MapEntry BoolAssgnmnt="0" Value="1"/>
<MapEntry BoolAssgnmnt="1" Value="8"/>
</AssgnmntListEntry>
</AssgnmntPrefix>
<AssgnmntPrefix RootTermCovItemPrefix="com.OriginalFiles.Field.java">
<AssgnmntListEntry Length="1" RootTermCovItemId="C1">
<MapEntry BoolAssgnmnt="0" Value="56"/>
<MapEntry BoolAssgnmnt="1" Value="8"/>
</AssgnmntListEntry>
</AssgnmntPrefix>
<AssgnmntPrefix RootTermCovItemPrefix="com.OriginalFiles.MI.java">
<AssgnmntListEntry Length="1" RootTermCovItemId="C1">
<MapEntry BoolAssgnmnt="1" Value="1"/>
</AssgnmntListEntry>
<AssgnmntListEntry Length="1" RootTermCovItemId="C10">
<MapEntry BoolAssgnmnt="0" Value="3"/>
<MapEntry BoolAssgnmnt="1" Value="1"/>
</AssgnmntListEntry>
<AssgnmntListEntry Length="1" RootTermCovItemId="C11">
<MapEntry BoolAssgnmnt="0" Value="4"/>
<MapEntry BoolAssgnmnt="1" Value="4"/>
</AssgnmntListEntry>
<AssgnmntListEntry Length="1" RootTermCovItemId="C12">
<MapEntry BoolAssgnmnt="0" Value="4"/>
<MapEntry BoolAssgnmnt="1" Value="4"/>
</AssgnmntListEntry>
<AssgnmntListEntry Length="1" RootTermCovItemId="C13">
<MapEntry BoolAssgnmnt="0" Value="3"/>
</AssgnmntListEntry>
<AssgnmntListEntry Length="1" RootTermCovItemId="C14">
<MapEntry BoolAssgnmnt="0" Value="3"/>
</AssgnmntListEntry>
<AssgnmntListEntry Length="1" RootTermCovItemId="C15">
<MapEntry BoolAssgnmnt="0" Value="4"/>
</AssgnmntListEntry>
<AssgnmntListEntry Length="1" RootTermCovItemId="C16">
<MapEntry BoolAssgnmnt="0" Value="8"/>
<MapEntry BoolAssgnmnt="1" Value="6"/>
</AssgnmntListEntry>
<AssgnmntListEntry Length="1" RootTermCovItemId="C17">
<MapEntry BoolAssgnmnt="1" Value="7"/>
</AssgnmntListEntry>
<AssgnmntListEntry Length="1" RootTermCovItemId="C18">
<MapEntry BoolAssgnmnt="0" Value="7"/>
<MapEntry BoolAssgnmnt="1" Value="7"/>
</AssgnmntListEntry>
<AssgnmntListEntry Length="1" RootTermCovItemId="C19">
<MapEntry BoolAssgnmnt="0" Value="7"/>
</AssgnmntListEntry>
<AssgnmntListEntry Length="1" RootTermCovItemId="C2">
<MapEntry BoolAssgnmnt="0" Value="26"/>
<MapEntry BoolAssgnmnt="1" Value="102"/>
</AssgnmntListEntry>
<AssgnmntListEntry Length="1" RootTermCovItemId="C21">
<MapEntry BoolAssgnmnt="1" Value="7"/>
</AssgnmntListEntry>
<AssgnmntListEntry Length="1" RootTermCovItemId="C22">
<MapEntry BoolAssgnmnt="0" Value="7"/>
<MapEntry BoolAssgnmnt="1" Value="7"/>
</AssgnmntListEntry>
<AssgnmntListEntry Length="1" RootTermCovItemId="C23">
<MapEntry BoolAssgnmnt="0" Value="7"/>
</AssgnmntListEntry>
<AssgnmntListEntry Length="2" RootTermCovItemId="C24">
<MapEntry BoolAssgnmnt="10" Value="6"/>
<MapEntry BoolAssgnmnt="11" Value="1"/>
</AssgnmntListEntry>
<AssgnmntListEntry Length="1" RootTermCovItemId="C25">
<MapEntry BoolAssgnmnt="0" Value="2"/>
<MapEntry BoolAssgnmnt="1" Value="4"/>
</AssgnmntListEntry>
<AssgnmntListEntry Length="1" RootTermCovItemId="C26">
<MapEntry BoolAssgnmnt="1" Value="2"/>
</AssgnmntListEntry>
<AssgnmntListEntry Length="1" RootTermCovItemId="C27">
<MapEntry BoolAssgnmnt="0" Value="7"/>
</AssgnmntListEntry>
<AssgnmntListEntry Length="1" RootTermCovItemId="C29">
<MapEntry BoolAssgnmnt="0" Value="8"/>
<MapEntry BoolAssgnmnt="1" Value="248"/>
</AssgnmntListEntry>
<AssgnmntListEntry Length="1" RootTermCovItemId="C3">
<MapEntry BoolAssgnmnt="0" Value="13"/>
<MapEntry BoolAssgnmnt="1" Value="13"/>
</AssgnmntListEntry>
<AssgnmntListEntry Length="2" RootTermCovItemId="C30">
<MapEntry BoolAssgnmnt="10" Value="4"/>
<MapEntry BoolAssgnmnt="11" Value="4"/>
</AssgnmntListEntry>
<AssgnmntListEntry Length="1" RootTermCovItemId="C31">
<MapEntry BoolAssgnmnt="0" Value="4"/>
</AssgnmntListEntry>
<AssgnmntListEntry Length="1" RootTermCovItemId="C33">
<MapEntry BoolAssgnmnt="0" Value="4"/>
</AssgnmntListEntry>
<AssgnmntListEntry Length="1" RootTermCovItemId="C34">
<MapEntry BoolAssgnmnt="0" Value="4"/>
</AssgnmntListEntry>
<AssgnmntListEntry Length="1" RootTermCovItemId="C4">
<MapEntry BoolAssgnmnt="0" Value="1"/>
</AssgnmntListEntry>
<AssgnmntListEntry Length="1" RootTermCovItemId="C5">
<MapEntry BoolAssgnmnt="1" Value="2"/>
</AssgnmntListEntry>
<AssgnmntListEntry Length="2" RootTermCovItemId="C7">
<MapEntry BoolAssgnmnt="01" Value="3"/>
<MapEntry BoolAssgnmnt="00" Value="3"/>
<MapEntry BoolAssgnmnt="12" Value="1"/>
</AssgnmntListEntry>
<AssgnmntListEntry Length="1" RootTermCovItemId="C8">
<MapEntry BoolAssgnmnt="0" Value="4"/>
<MapEntry BoolAssgnmnt="1" Value="1"/>
</AssgnmntListEntry>
<AssgnmntListEntry Length="1" RootTermCovItemId="C9">
<MapEntry BoolAssgnmnt="0" Value="3"/>
<MapEntry BoolAssgnmnt="1" Value="1"/>
</AssgnmntListEntry>
</AssgnmntPrefix>
<AssgnmntPrefix RootTermCovItemPrefix="com.OriginalFiles.Piece.java">
<AssgnmntListEntry Length="2" RootTermCovItemId="C1">
<MapEntry BoolAssgnmnt="10" Value="38"/>
<MapEntry BoolAssgnmnt="02" Value="16"/>
<MapEntry BoolAssgnmnt="11" Value="2"/>
</AssgnmntListEntry>
<AssgnmntListEntry Length="1" RootTermCovItemId="C10">
<MapEntry BoolAssgnmnt="0" Value="4"/>
<MapEntry BoolAssgnmnt="1" Value="4"/>
</AssgnmntListEntry>
<AssgnmntListEntry Length="1" RootTermCovItemId="C11">
<MapEntry BoolAssgnmnt="1" Value="8"/>
</AssgnmntListEntry>
<AssgnmntListEntry Length="1" RootTermCovItemId="C13">
<MapEntry BoolAssgnmnt="1" Value="8"/>
</AssgnmntListEntry>
<AssgnmntListEntry Length="1" RootTermCovItemId="C14">
<MapEntry BoolAssgnmnt="0" Value="8"/>
</AssgnmntListEntry>
<AssgnmntListEntry Length="2" RootTermCovItemId="C15">
<MapEntry BoolAssgnmnt="02" Value="8"/>
</AssgnmntListEntry>
<AssgnmntListEntry Length="2" RootTermCovItemId="C16">
<MapEntry BoolAssgnmnt="02" Value="4"/>
<MapEntry BoolAssgnmnt="11" Value="4"/>
</AssgnmntListEntry>
<AssgnmntListEntry Length="5" RootTermCovItemId="C17">
<MapEntry BoolAssgnmnt="00210" Value="14"/>
<MapEntry BoolAssgnmnt="00211" Value="3"/>
<MapEntry BoolAssgnmnt="01002" Value="16"/>
<MapEntry BoolAssgnmnt="12222" Value="10"/>
<MapEntry BoolAssgnmnt="01122" Value="5"/>
</AssgnmntListEntry>
<AssgnmntListEntry Length="5" RootTermCovItemId="C18">
<MapEntry BoolAssgnmnt="00210" Value="13"/>
<MapEntry BoolAssgnmnt="00211" Value="4"/>
<MapEntry BoolAssgnmnt="01002" Value="17"/>
<MapEntry BoolAssgnmnt="12222" Value="10"/>
<MapEntry BoolAssgnmnt="01122" Value="4"/>
</AssgnmntListEntry>
<AssgnmntListEntry Length="1" RootTermCovItemId="C19">
<MapEntry BoolAssgnmnt="1" Value="8"/>
</AssgnmntListEntry>
<AssgnmntListEntry Length="2" RootTermCovItemId="C2">
<MapEntry BoolAssgnmnt="02" Value="2"/>
</AssgnmntListEntry>
<AssgnmntListEntry Length="1" RootTermCovItemId="C20">
<MapEntry BoolAssgnmnt="0" Value="38"/>
<MapEntry BoolAssgnmnt="1" Value="10"/>
</AssgnmntListEntry>
<AssgnmntListEntry Length="16" RootTermCovItemId="C21">
<MapEntry BoolAssgnmnt="0202100202020202" Value="4"/>
<MapEntry BoolAssgnmnt="1002020202020202" Value="4"/>
<MapEntry BoolAssgnmnt="0202020202100202" Value="6"/>
<MapEntry BoolAssgnmnt="0202020202021002" Value="2"/>
</AssgnmntListEntry>
<AssgnmntListEntry Length="1" RootTermCovItemId="C22">
<MapEntry BoolAssgnmnt="0" Value="4"/>
</AssgnmntListEntry>
<AssgnmntListEntry Length="1" RootTermCovItemId="C23">
<MapEntry BoolAssgnmnt="1" Value="4"/>
</AssgnmntListEntry>
<AssgnmntListEntry Length="1" RootTermCovItemId="C24">
<MapEntry BoolAssgnmnt="0" Value="6"/>
<MapEntry BoolAssgnmnt="1" Value="10"/>
</AssgnmntListEntry>
<AssgnmntListEntry Length="1" RootTermCovItemId="C25">
<MapEntry BoolAssgnmnt="1" Value="10"/>
</AssgnmntListEntry>
<AssgnmntListEntry Length="1" RootTermCovItemId="C26">
<MapEntry BoolAssgnmnt="0" Value="8"/>
<MapEntry BoolAssgnmnt="1" Value="32"/>
</AssgnmntListEntry>
<AssgnmntListEntry Length="1" RootTermCovItemId="C27">
<MapEntry BoolAssgnmnt="0" Value="32"/>
</AssgnmntListEntry>
<AssgnmntListEntry Length="1" RootTermCovItemId="C3">
<MapEntry BoolAssgnmnt="0" Value="16"/>
<MapEntry BoolAssgnmnt="1" Value="48"/>
</AssgnmntListEntry>
<AssgnmntListEntry Length="2" RootTermCovItemId="C35">
<MapEntry BoolAssgnmnt="01" Value="27"/>
<MapEntry BoolAssgnmnt="12" Value="4"/>
</AssgnmntListEntry>
<AssgnmntListEntry Length="1" RootTermCovItemId="C36">
<MapEntry BoolAssgnmnt="0" Value="23"/>
<MapEntry BoolAssgnmnt="1" Value="199"/>
</AssgnmntListEntry>
<AssgnmntListEntry Length="1" RootTermCovItemId="C37">
<MapEntry BoolAssgnmnt="0" Value="195"/>
<MapEntry BoolAssgnmnt="1" Value="1879"/>
</AssgnmntListEntry>
<AssgnmntListEntry Length="1" RootTermCovItemId="C38">
<MapEntry BoolAssgnmnt="0" Value="1118"/>
<MapEntry BoolAssgnmnt="1" Value="761"/>
</AssgnmntListEntry>
<AssgnmntListEntry Length="1" RootTermCovItemId="C39">
<MapEntry BoolAssgnmnt="0" Value="757"/>
<MapEntry BoolAssgnmnt="1" Value="4"/>
</AssgnmntListEntry>
<AssgnmntListEntry Length="2" RootTermCovItemId="C4">
<MapEntry BoolAssgnmnt="01" Value="1"/>
<MapEntry BoolAssgnmnt="12" Value="7"/>
</AssgnmntListEntry>
<AssgnmntListEntry Length="1" RootTermCovItemId="C5">
<MapEntry BoolAssgnmnt="0" Value="18"/>
<MapEntry BoolAssgnmnt="1" Value="22"/>
</AssgnmntListEntry>
<AssgnmntListEntry Length="1" RootTermCovItemId="C6">
<MapEntry BoolAssgnmnt="0" Value="16"/>
<MapEntry BoolAssgnmnt="1" Value="48"/>
</AssgnmntListEntry>
<AssgnmntListEntry Length="1" RootTermCovItemId="C7">
<MapEntry BoolAssgnmnt="0" Value="45"/>
<MapEntry BoolAssgnmnt="1" Value="3"/>
</AssgnmntListEntry>
<AssgnmntListEntry Length="1" RootTermCovItemId="C8">
<MapEntry BoolAssgnmnt="0" Value="8"/>
<MapEntry BoolAssgnmnt="1" Value="40"/>
</AssgnmntListEntry>
<AssgnmntListEntry Length="1" RootTermCovItemId="C9">
<MapEntry BoolAssgnmnt="0" Value="40"/>
<MapEntry BoolAssgnmnt="1" Value="8"/>
</AssgnmntListEntry>
</AssgnmntPrefix>
<AssgnmntPrefix RootTermCovItemPrefix="com.OriginalFiles.RemoteNXTFunctions.java">
<AssgnmntListEntry Length="1" RootTermCovItemId="C5">
<MapEntry BoolAssgnmnt="1" Value="1"/>
</AssgnmntListEntry>
<AssgnmntListEntry Length="2" RootTermCovItemId="C6">
<MapEntry BoolAssgnmnt="11" Value="1"/>
</AssgnmntListEntry>
</AssgnmntPrefix>
</AssgnmntList>
<ObjMetaDataList/>
<MetaDataList/>
</TestCase>
<TestCase Comment="" Date="1386064449145" Name="com.Testing.MiTest:testLookForBestMoveLoseGame">
<CovList>
<CovPrefix CovItemPrefix="com.OriginalFiles.Analyze.java">
<Cov CovItemId="B103" Value="1"/>
<Cov CovItemId="B107" Value="1"/>
<Cov CovItemId="B120" Value="8"/>
<Cov CovItemId="B121" Value="376"/>
<Cov CovItemId="B122" Value="6"/>
<Cov CovItemId="B123" Value="2"/>
<Cov CovItemId="B124" Value="6"/>
<Cov CovItemId="B126" Value="2"/>
<Cov CovItemId="B127" Value="6"/>
<Cov CovItemId="B128" Value="2"/>
<Cov CovItemId="B130" Value="4"/>
<Cov CovItemId="B131" Value="2"/>
<Cov CovItemId="B133" Value="2"/>
<Cov CovItemId="B134" Value="2"/>
<Cov CovItemId="B137" Value="2"/>
<Cov CovItemId="B145" Value="2"/>
<Cov CovItemId="B153" Value="2"/>
<Cov CovItemId="B155" Value="2"/>
<Cov CovItemId="B66" Value="4"/>
<Cov CovItemId="B67" Value="1"/>
<Cov CovItemId="B68" Value="3"/>
<Cov CovItemId="B69" Value="1"/>
<Cov CovItemId="B70" Value="3"/>
<Cov CovItemId="B72" Value="4"/>
<Cov CovItemId="B73" Value="2"/>
<Cov CovItemId="B74" Value="2"/>
<Cov CovItemId="B84" Value="8"/>
<Cov CovItemId="L16-2" Value="6"/>
<Cov CovItemId="L17-2" Value="48"/>
<Cov CovItemId="L5-1" Value="4"/>
<Cov CovItemId="S1" Value="1"/>
<Cov CovItemId="S100" Value="4"/>
<Cov CovItemId="S101" Value="4"/>
<Cov CovItemId="S102" Value="4"/>
<Cov CovItemId="S104" Value="4"/>
<Cov CovItemId="S105" Value="4"/>
<Cov CovItemId="S106" Value="1"/>
<Cov CovItemId="S107" Value="4"/>
<Cov CovItemId="S108" Value="4"/>
<Cov CovItemId="S109" Value="1"/>
<Cov CovItemId="S110" Value="4"/>
<Cov CovItemId="S111" Value="4"/>
<Cov CovItemId="S113" Value="4"/>
<Cov CovItemId="S114" Value="2"/>
<Cov CovItemId="S115" Value="4"/>
<Cov CovItemId="S116" Value="4"/>
<Cov CovItemId="S117" Value="4"/>
<Cov CovItemId="S149" Value="8"/>
<Cov CovItemId="S191" Value="1"/>
<Cov CovItemId="S192" Value="1"/>
<Cov CovItemId="S193" Value="1"/>
<Cov CovItemId="S199" Value="1"/>
<Cov CovItemId="S2" Value="1"/>
<Cov CovItemId="S200" Value="1"/>
<Cov CovItemId="S201" Value="1"/>
<Cov CovItemId="S202" Value="1"/>
<Cov CovItemId="S203" Value="1"/>
<Cov CovItemId="S204" Value="1"/>
<Cov CovItemId="S221" Value="6"/>
<Cov CovItemId="S222" Value="6"/>
<Cov CovItemId="S223" Value="6"/>
<Cov CovItemId="S224" Value="6"/>
<Cov CovItemId="S225" Value="6"/>
<Cov CovItemId="S226" Value="6"/>
<Cov CovItemId="S227" Value="48"/>
<Cov CovItemId="S228" Value="384"/>
<Cov CovItemId="S229" Value="8"/>
<Cov CovItemId="S230" Value="6"/>
<Cov CovItemId="S231" Value="6"/>
<Cov CovItemId="S232" Value="6"/>
<Cov CovItemId="S233" Value="8"/>
<Cov CovItemId="S234" Value="2"/>
<Cov CovItemId="S235" Value="2"/>
<Cov CovItemId="S236" Value="2"/>
<Cov CovItemId="S237" Value="6"/>
<Cov CovItemId="S238" Value="4"/>
<Cov CovItemId="S239" Value="2"/>
<Cov CovItemId="S241" Value="2"/>
<Cov CovItemId="S242" Value="2"/>
<Cov CovItemId="S250" Value="2"/>
<Cov CovItemId="S251" Value="2"/>
<Cov CovItemId="S252" Value="2"/>
<Cov CovItemId="S262" Value="2"/>
<Cov CovItemId="S264" Value="2"/>
<Cov CovItemId="S266" Value="2"/>
<Cov CovItemId="S3" Value="1"/>
<Cov CovItemId="S4" Value="1"/>
<Cov CovItemId="S5" Value="1"/>
<Cov CovItemId="S99" Value="4"/>
</CovPrefix>
<CovPrefix CovItemPrefix="com.OriginalFiles.Board.java">
<Cov CovItemId="B1" Value="32"/>
<Cov CovItemId="B10" Value="8"/>
<Cov CovItemId="B2" Value="32"/>
<Cov CovItemId="B3" Value="12"/>
<Cov CovItemId="B31" Value="8"/>
<Cov CovItemId="B33" Value="4"/>
<Cov CovItemId="B34" Value="4"/>
<Cov CovItemId="B36" Value="8"/>
<Cov CovItemId="B37" Value="8"/>
<Cov CovItemId="B4" Value="20"/>
<Cov CovItemId="B41" Value="26"/>
<Cov CovItemId="B42" Value="2"/>
<Cov CovItemId="B43" Value="4"/>
<Cov CovItemId="B44" Value="10"/>
<Cov CovItemId="B45" Value="7"/>
<Cov CovItemId="B46" Value="4"/>
<Cov CovItemId="B47" Value="9"/>
<Cov CovItemId="B48" Value="2"/>
<Cov CovItemId="B5" Value="4"/>
<Cov CovItemId="B50" Value="11"/>
<Cov CovItemId="B55" Value="28"/>
<Cov CovItemId="B56" Value="34"/>
<Cov CovItemId="B57" Value="23"/>
<Cov CovItemId="B58" Value="11"/>
<Cov CovItemId="B59" Value="23"/>
<Cov CovItemId="B6" Value="8"/>
<Cov CovItemId="B61" Value="6"/>
<Cov CovItemId="B62" Value="17"/>
<Cov CovItemId="B63" Value="288"/>
<Cov CovItemId="B64" Value="288"/>
<Cov CovItemId="B65" Value="14"/>
<Cov CovItemId="B66" Value="274"/>
<Cov CovItemId="B67" Value="5"/>
<Cov CovItemId="B68" Value="9"/>
<Cov CovItemId="B69" Value="1"/>
<Cov CovItemId="B7" Value="12"/>
<Cov CovItemId="B79" Value="805"/>
<Cov CovItemId="B8" Value="20"/>
<Cov CovItemId="B81" Value="95"/>
<Cov CovItemId="B82" Value="710"/>
<Cov CovItemId="B83" Value="65"/>
<Cov CovItemId="B84" Value="895"/>
<Cov CovItemId="B85" Value="766"/>
<Cov CovItemId="B86" Value="129"/>
<Cov CovItemId="B9" Value="4"/>
<Cov CovItemId="L1-2" Value="1"/>
<Cov CovItemId="L10-2" Value="144"/>
<Cov CovItemId="L13-2" Value="9"/>
<Cov CovItemId="L14-2" Value="72"/>
<Cov CovItemId="L2-2" Value="8"/>
<Cov CovItemId="L3-2" Value="1"/>
<Cov CovItemId="L4-2" Value="1"/>
<Cov CovItemId="L5-2" Value="1"/>
<Cov CovItemId="L6-2" Value="3"/>
<Cov CovItemId="L7-2" Value="1"/>
<Cov CovItemId="L8-2" Value="2"/>
<Cov CovItemId="L9-2" Value="18"/>
<Cov CovItemId="S1" Value="1"/>
<Cov CovItemId="S10" Value="1"/>
<Cov CovItemId="S100" Value="4"/>
<Cov CovItemId="S101" Value="4"/>
<Cov CovItemId="S102" Value="8"/>
<Cov CovItemId="S104" Value="8"/>
<Cov CovItemId="S106" Value="8"/>
<Cov CovItemId="S107" Value="8"/>
<Cov CovItemId="S108" Value="8"/>
<Cov CovItemId="S109" Value="8"/>
<Cov CovItemId="S11" Value="8"/>
<Cov CovItemId="S115" Value="28"/>
<Cov CovItemId="S116" Value="26"/>
<Cov CovItemId="S117" Value="2"/>
<Cov CovItemId="S118" Value="14"/>
<Cov CovItemId="S119" Value="14"/>
<Cov CovItemId="S12" Value="64"/>
<Cov CovItemId="S120" Value="4"/>
<Cov CovItemId="S121" Value="10"/>
<Cov CovItemId="S122" Value="10"/>
<Cov CovItemId="S123" Value="11"/>
<Cov CovItemId="S124" Value="11"/>
<Cov CovItemId="S125" Value="7"/>
<Cov CovItemId="S126" Value="11"/>
<Cov CovItemId="S127" Value="9"/>
<Cov CovItemId="S128" Value="11"/>
<Cov CovItemId="S13" Value="64"/>
<Cov CovItemId="S133" Value="11"/>
<Cov CovItemId="S134" Value="14"/>
<Cov CovItemId="S135" Value="62"/>
<Cov CovItemId="S136" Value="28"/>
<Cov CovItemId="S137" Value="34"/>
<Cov CovItemId="S138" Value="23"/>
<Cov CovItemId="S139" Value="23"/>
<Cov CovItemId="S14" Value="64"/>
<Cov CovItemId="S140" Value="6"/>
<Cov CovItemId="S141" Value="28"/>
<Cov CovItemId="S142" Value="46"/>
<Cov CovItemId="S143" Value="9"/>
<Cov CovItemId="S144" Value="9"/>
<Cov CovItemId="S145" Value="72"/>
<Cov CovItemId="S146" Value="576"/>
<Cov CovItemId="S147" Value="288"/>
<Cov CovItemId="S148" Value="14"/>
<Cov CovItemId="S149" Value="5"/>
<Cov CovItemId="S15" Value="64"/>
<Cov CovItemId="S150" Value="9"/>
<Cov CovItemId="S151" Value="9"/>
<Cov CovItemId="S152" Value="1"/>
<Cov CovItemId="S153" Value="1"/>
<Cov CovItemId="S154" Value="1"/>
<Cov CovItemId="S16" Value="32"/>
<Cov CovItemId="S17" Value="32"/>
<Cov CovItemId="S176" Value="805"/>
<Cov CovItemId="S177" Value="805"/>
<Cov CovItemId="S178" Value="95"/>
<Cov CovItemId="S179" Value="710"/>
<Cov CovItemId="S18" Value="32"/>
<Cov CovItemId="S180" Value="960"/>
<Cov CovItemId="S181" Value="65"/>
<Cov CovItemId="S182" Value="895"/>
<Cov CovItemId="S183" Value="766"/>
<Cov CovItemId="S184" Value="129"/>
<Cov CovItemId="S185" Value="2933"/>
<Cov CovItemId="S19" Value="12"/>
<Cov CovItemId="S2" Value="1"/>
<Cov CovItemId="S20" Value="12"/>
<Cov CovItemId="S21" Value="12"/>
<Cov CovItemId="S22" Value="4"/>
<Cov CovItemId="S23" Value="32"/>
<Cov CovItemId="S24" Value="12"/>
<Cov CovItemId="S25" Value="12"/>
<Cov CovItemId="S26" Value="12"/>
<Cov CovItemId="S27" Value="4"/>
<Cov CovItemId="S28" Value="32"/>
<Cov CovItemId="S29" Value="32"/>
<Cov CovItemId="S3" Value="1"/>
<Cov CovItemId="S30" Value="64"/>
<Cov CovItemId="S31" Value="1"/>
<Cov CovItemId="S32" Value="8"/>
<Cov CovItemId="S33" Value="8"/>
<Cov CovItemId="S34" Value="8"/>
<Cov CovItemId="S35" Value="8"/>
<Cov CovItemId="S36" Value="8"/>
<Cov CovItemId="S37" Value="8"/>
<Cov CovItemId="S38" Value="8"/>
<Cov CovItemId="S39" Value="8"/>
<Cov CovItemId="S4" Value="1"/>
<Cov CovItemId="S40" Value="1"/>
<Cov CovItemId="S41" Value="8"/>
<Cov CovItemId="S42" Value="8"/>
<Cov CovItemId="S43" Value="8"/>
<Cov CovItemId="S44" Value="8"/>
<Cov CovItemId="S45" Value="8"/>
<Cov CovItemId="S46" Value="8"/>
<Cov CovItemId="S47" Value="8"/>
<Cov CovItemId="S48" Value="8"/>
<Cov CovItemId="S49" Value="1"/>
<Cov CovItemId="S5" Value="1"/>
<Cov CovItemId="S50" Value="3"/>
<Cov CovItemId="S51" Value="24"/>
<Cov CovItemId="S52" Value="24"/>
<Cov CovItemId="S53" Value="24"/>
<Cov CovItemId="S54" Value="24"/>
<Cov CovItemId="S55" Value="1"/>
<Cov CovItemId="S56" Value="2"/>
<Cov CovItemId="S57" Value="16"/>
<Cov CovItemId="S58" Value="16"/>
<Cov CovItemId="S59" Value="16"/>
<Cov CovItemId="S6" Value="1"/>
<Cov CovItemId="S60" Value="16"/>
<Cov CovItemId="S61" Value="18"/>
<Cov CovItemId="S62" Value="144"/>
<Cov CovItemId="S63" Value="1152"/>
<Cov CovItemId="S7" Value="1"/>
<Cov CovItemId="S8" Value="1"/>
<Cov CovItemId="S9" Value="1"/>
<Cov CovItemId="S98" Value="8"/>
<Cov CovItemId="S99" Value="8"/>
</CovPrefix>
<CovPrefix CovItemPrefix="com.OriginalFiles.Field.java">
<Cov CovItemId="B1" Value="52"/>
<Cov CovItemId="B2" Value="10"/>
<Cov CovItemId="S1" Value="120"/>
<Cov CovItemId="S13" Value="72"/>
<Cov CovItemId="S2" Value="120"/>
<Cov CovItemId="S5" Value="62"/>
<Cov CovItemId="S6" Value="62"/>
<Cov CovItemId="S7" Value="52"/>
<Cov CovItemId="S8" Value="523"/>
<Cov CovItemId="S9" Value="1612"/>
</CovPrefix>
<CovPrefix CovItemPrefix="com.OriginalFiles.MI.java">
<Cov CovItemId="B1" Value="1"/>
<Cov CovItemId="B10" Value="1"/>
<Cov CovItemId="B11" Value="1"/>
<Cov CovItemId="B13" Value="2"/>
<Cov CovItemId="B14" Value="2"/>
<Cov CovItemId="B15" Value="1"/>
<Cov CovItemId="B16" Value="1"/>
<Cov CovItemId="B18" Value="2"/>
<Cov CovItemId="B19" Value="2"/>
<Cov CovItemId="B21" Value="2"/>
<Cov CovItemId="B3" Value="26"/>
<Cov CovItemId="B30" Value="2"/>
<Cov CovItemId="B31" Value="6"/>
<Cov CovItemId="B33" Value="4"/>
<Cov CovItemId="B35" Value="2"/>
<Cov CovItemId="B36" Value="2"/>
<Cov CovItemId="B38" Value="2"/>
<Cov CovItemId="B39" Value="4"/>
<Cov CovItemId="B4" Value="102"/>
<Cov CovItemId="B41" Value="4"/>
<Cov CovItemId="B44" Value="4"/>
<Cov CovItemId="B5" Value="13"/>
<Cov CovItemId="B50" Value="2"/>
<Cov CovItemId="B51" Value="6"/>
<Cov CovItemId="B52" Value="186"/>
<Cov CovItemId="B53" Value="3"/>
<Cov CovItemId="B54" Value="3"/>
<Cov CovItemId="B55" Value="2"/>
<Cov CovItemId="B56" Value="1"/>
<Cov CovItemId="B57" Value="2"/>
<Cov CovItemId="B59" Value="1"/>
<Cov CovItemId="B6" Value="13"/>
<Cov CovItemId="B61" Value="2"/>
<Cov CovItemId="B62" Value="1"/>
<Cov CovItemId="B8" Value="1"/>
<Cov CovItemId="B9" Value="1"/>
<Cov CovItemId="L1-2" Value="2"/>
<Cov CovItemId="L10-2" Value="3"/>
<Cov CovItemId="L11-2" Value="24"/>
<Cov CovItemId="L12-1" Value="2"/>
<Cov CovItemId="L13-2" Value="1"/>
<Cov CovItemId="L2-2" Value="16"/>
<Cov CovItemId="L3-2" Value="1"/>
<Cov CovItemId="L4-1" Value="2"/>
<Cov CovItemId="L5-0" Value="2"/>
<Cov CovItemId="L6-1" Value="2"/>
<Cov CovItemId="L7-1" Value="4"/>
<Cov CovItemId="L8-1" Value="4"/>
<Cov CovItemId="L9-0" Value="2"/>
<Cov CovItemId="L9-1" Value="2"/>
<Cov CovItemId="S1" Value="1"/>
<Cov CovItemId="S10" Value="1"/>
<Cov CovItemId="S100" Value="4"/>
<Cov CovItemId="S101" Value="4"/>
<Cov CovItemId="S102" Value="4"/>
<Cov CovItemId="S103" Value="4"/>
<Cov CovItemId="S104" Value="4"/>
<Cov CovItemId="S105" Value="4"/>
<Cov CovItemId="S106" Value="4"/>
<Cov CovItemId="S107" Value="4"/>
<Cov CovItemId="S108" Value="4"/>
<Cov CovItemId="S109" Value="4"/>
<Cov CovItemId="S11" Value="1"/>
<Cov CovItemId="S115" Value="4"/>
<Cov CovItemId="S116" Value="4"/>
<Cov CovItemId="S117" Value="4"/>
<Cov CovItemId="S118" Value="2"/>
<Cov CovItemId="S119" Value="2"/>
<Cov CovItemId="S12" Value="1"/>
<Cov CovItemId="S121" Value="2"/>
<Cov CovItemId="S122" Value="2"/>
<Cov CovItemId="S123" Value="3"/>
<Cov CovItemId="S124" Value="3"/>
<Cov CovItemId="S125" Value="3"/>
<Cov CovItemId="S126" Value="3"/>
<Cov CovItemId="S127" Value="24"/>
<Cov CovItemId="S128" Value="192"/>
<Cov CovItemId="S129" Value="6"/>
<Cov CovItemId="S130" Value="3"/>
<Cov CovItemId="S131" Value="2"/>
<Cov CovItemId="S132" Value="2"/>
<Cov CovItemId="S133" Value="2"/>
<Cov CovItemId="S134" Value="2"/>
<Cov CovItemId="S135" Value="1"/>
<Cov CovItemId="S136" Value="1"/>
<Cov CovItemId="S137" Value="1"/>
<Cov CovItemId="S138" Value="2"/>
<Cov CovItemId="S139" Value="2"/>
<Cov CovItemId="S14" Value="1"/>
<Cov CovItemId="S140" Value="3"/>
<Cov CovItemId="S141" Value="2"/>
<Cov CovItemId="S142" Value="1"/>
<Cov CovItemId="S15" Value="1"/>
<Cov CovItemId="S16" Value="2"/>
<Cov CovItemId="S17" Value="2"/>
<Cov CovItemId="S18" Value="2"/>
<Cov CovItemId="S19" Value="16"/>
<Cov CovItemId="S2" Value="1"/>
<Cov CovItemId="S20" Value="128"/>
<Cov CovItemId="S21" Value="26"/>
<Cov CovItemId="S22" Value="13"/>
<Cov CovItemId="S23" Value="13"/>
<Cov CovItemId="S24" Value="1"/>
<Cov CovItemId="S25" Value="1"/>
<Cov CovItemId="S26" Value="1"/>
<Cov CovItemId="S27" Value="1"/>
<Cov CovItemId="S28" Value="1"/>
<Cov CovItemId="S3" Value="1"/>
<Cov CovItemId="S30" Value="1"/>
<Cov CovItemId="S31" Value="2"/>
<Cov CovItemId="S32" Value="2"/>
<Cov CovItemId="S33" Value="2"/>
<Cov CovItemId="S34" Value="2"/>
<Cov CovItemId="S35" Value="1"/>
<Cov CovItemId="S36" Value="1"/>
<Cov CovItemId="S37" Value="1"/>
<Cov CovItemId="S38" Value="1"/>
<Cov CovItemId="S39" Value="1"/>
<Cov CovItemId="S4" Value="1"/>
<Cov CovItemId="S40" Value="1"/>
<Cov CovItemId="S41" Value="4"/>
<Cov CovItemId="S42" Value="2"/>
<Cov CovItemId="S43" Value="2"/>
<Cov CovItemId="S44" Value="2"/>
<Cov CovItemId="S45" Value="2"/>
<Cov CovItemId="S46" Value="2"/>
<Cov CovItemId="S47" Value="2"/>
<Cov CovItemId="S48" Value="2"/>
<Cov CovItemId="S49" Value="2"/>
<Cov CovItemId="S5" Value="1"/>
<Cov CovItemId="S50" Value="2"/>
<Cov CovItemId="S51" Value="2"/>
<Cov CovItemId="S52" Value="1"/>
<Cov CovItemId="S53" Value="2"/>
<Cov CovItemId="S54" Value="2"/>
<Cov CovItemId="S55" Value="2"/>
<Cov CovItemId="S56" Value="2"/>
<Cov CovItemId="S57" Value="2"/>
<Cov CovItemId="S59" Value="2"/>
<Cov CovItemId="S6" Value="1"/>
<Cov CovItemId="S60" Value="2"/>
<Cov CovItemId="S62" Value="2"/>
<Cov CovItemId="S63" Value="2"/>
<Cov CovItemId="S65" Value="2"/>
<Cov CovItemId="S66" Value="2"/>
<Cov CovItemId="S67" Value="2"/>
<Cov CovItemId="S68" Value="2"/>
<Cov CovItemId="S69" Value="2"/>
<Cov CovItemId="S7" Value="1"/>
<Cov CovItemId="S70" Value="2"/>
<Cov CovItemId="S8" Value="1"/>
<Cov CovItemId="S80" Value="2"/>
<Cov CovItemId="S81" Value="2"/>
<Cov CovItemId="S83" Value="2"/>
<Cov CovItemId="S84" Value="6"/>
<Cov CovItemId="S85" Value="6"/>
<Cov CovItemId="S87" Value="4"/>
<Cov CovItemId="S88" Value="4"/>
<Cov CovItemId="S89" Value="4"/>
<Cov CovItemId="S9" Value="1"/>
<Cov CovItemId="S90" Value="4"/>
<Cov CovItemId="S91" Value="4"/>
<Cov CovItemId="S92" Value="4"/>
<Cov CovItemId="S93" Value="2"/>
<Cov CovItemId="S94" Value="2"/>
<Cov CovItemId="S96" Value="2"/>
<Cov CovItemId="S97" Value="2"/>
<Cov CovItemId="S98" Value="2"/>
<Cov CovItemId="S99" Value="4"/>
</CovPrefix>
<CovPrefix CovItemPrefix="com.OriginalFiles.Move.java">
<Cov CovItemId="S1" Value="4"/>
<Cov CovItemId="S2" Value="4"/>
<Cov CovItemId="S3" Value="2"/>
<Cov CovItemId="S4" Value="2"/>
<Cov CovItemId="S5" Value="2"/>
<Cov CovItemId="S6" Value="2"/>
<Cov CovItemId="S7" Value="2"/>
<Cov CovItemId="S8" Value="2"/>
<Cov CovItemId="S9" Value="2"/>
</CovPrefix>
<CovPrefix CovItemPrefix="com.OriginalFiles.Piece.java">
<Cov CovItemId="B10" Value="13"/>
<Cov CovItemId="B11" Value="38"/>
<Cov CovItemId="B12" Value="16"/>
<Cov CovItemId="B14" Value="38"/>
<Cov CovItemId="B15" Value="36"/>
<Cov CovItemId="B16" Value="2"/>
<Cov CovItemId="B17" Value="2"/>
<Cov CovItemId="B18" Value="36"/>
<Cov CovItemId="B19" Value="2"/>
<Cov CovItemId="B2" Value="52"/>
<Cov CovItemId="B21" Value="2"/>
<Cov CovItemId="B23" Value="2"/>
<Cov CovItemId="B26" Value="2"/>
<Cov CovItemId="B33" Value="4"/>
<Cov CovItemId="B34" Value="34"/>
<Cov CovItemId="B35" Value="11"/>
<Cov CovItemId="B36" Value="27"/>
<Cov CovItemId="B37" Value="11"/>
<Cov CovItemId="B40" Value="38"/>
<Cov CovItemId="B43" Value="2"/>
<Cov CovItemId="B46" Value="2"/>
<Cov CovItemId="B47" Value="3"/>
<Cov CovItemId="B48" Value="1"/>
<Cov CovItemId="B49" Value="3"/>
<Cov CovItemId="B5" Value="38"/>
<Cov CovItemId="B51" Value="12"/>
<Cov CovItemId="B54" Value="12"/>
<Cov CovItemId="B6" Value="16"/>
<Cov CovItemId="B69" Value="700"/>
<Cov CovItemId="B7" Value="2"/>
<Cov CovItemId="B70" Value="1236"/>
<Cov CovItemId="B72" Value="700"/>
<Cov CovItemId="B9" Value="23"/>
<Cov CovItemId="L1-2" Value="2"/>
<Cov CovItemId="L2-2" Value="16"/>
<Cov CovItemId="L3-2" Value="160"/>
<Cov CovItemId="S1" Value="40"/>
<Cov CovItemId="S10" Value="40"/>
<Cov CovItemId="S11" Value="40"/>
<Cov CovItemId="S118" Value="12"/>
<Cov CovItemId="S119" Value="2"/>
<Cov CovItemId="S12" Value="40"/>
<Cov CovItemId="S120" Value="2"/>
<Cov CovItemId="S121" Value="2"/>
<Cov CovItemId="S122" Value="16"/>
<Cov CovItemId="S123" Value="16"/>
<Cov CovItemId="S124" Value="160"/>
<Cov CovItemId="S125" Value="1936"/>
<Cov CovItemId="S126" Value="700"/>
<Cov CovItemId="S129" Value="2"/>
<Cov CovItemId="S13" Value="40"/>
<Cov CovItemId="S14" Value="40"/>
<Cov CovItemId="S15" Value="40"/>
<Cov CovItemId="S16" Value="40"/>
<Cov CovItemId="S17" Value="40"/>
<Cov CovItemId="S18" Value="40"/>
<Cov CovItemId="S19" Value="40"/>
<Cov CovItemId="S2" Value="40"/>
<Cov CovItemId="S20" Value="40"/>
<Cov CovItemId="S21" Value="40"/>
<Cov CovItemId="S22" Value="2"/>
<Cov CovItemId="S23" Value="2"/>
<Cov CovItemId="S24" Value="52"/>
<Cov CovItemId="S25" Value="52"/>
<Cov CovItemId="S26" Value="52"/>
<Cov CovItemId="S3" Value="40"/>
<Cov CovItemId="S30" Value="52"/>
<Cov CovItemId="S31" Value="52"/>
<Cov CovItemId="S32" Value="54"/>
<Cov CovItemId="S33" Value="38"/>
<Cov CovItemId="S34" Value="16"/>
<Cov CovItemId="S35" Value="16"/>
<Cov CovItemId="S36" Value="2"/>
<Cov CovItemId="S37" Value="2"/>
<Cov CovItemId="S38" Value="2"/>
<Cov CovItemId="S39" Value="36"/>
<Cov CovItemId="S4" Value="40"/>
<Cov CovItemId="S40" Value="23"/>
<Cov CovItemId="S41" Value="13"/>
<Cov CovItemId="S42" Value="52"/>
<Cov CovItemId="S43" Value="54"/>
<Cov CovItemId="S44" Value="38"/>
<Cov CovItemId="S45" Value="38"/>
<Cov CovItemId="S46" Value="38"/>
<Cov CovItemId="S48" Value="38"/>
<Cov CovItemId="S49" Value="36"/>
<Cov CovItemId="S5" Value="40"/>
<Cov CovItemId="S50" Value="38"/>
<Cov CovItemId="S51" Value="2"/>
<Cov CovItemId="S52" Value="2"/>
<Cov CovItemId="S53" Value="2"/>
<Cov CovItemId="S54" Value="2"/>
<Cov CovItemId="S55" Value="2"/>
<Cov CovItemId="S56" Value="2"/>
<Cov CovItemId="S58" Value="2"/>
<Cov CovItemId="S6" Value="40"/>
<Cov CovItemId="S65" Value="38"/>
<Cov CovItemId="S66" Value="4"/>
<Cov CovItemId="S67" Value="38"/>
<Cov CovItemId="S68" Value="11"/>
<Cov CovItemId="S69" Value="11"/>
<Cov CovItemId="S7" Value="40"/>
<Cov CovItemId="S70" Value="11"/>
<Cov CovItemId="S71" Value="38"/>
<Cov CovItemId="S73" Value="38"/>
<Cov CovItemId="S77" Value="2"/>
<Cov CovItemId="S78" Value="2"/>
<Cov CovItemId="S79" Value="2"/>
<Cov CovItemId="S8" Value="40"/>
<Cov CovItemId="S80" Value="2"/>
<Cov CovItemId="S81" Value="2"/>
<Cov CovItemId="S82" Value="2"/>
<Cov CovItemId="S83" Value="2"/>
<Cov CovItemId="S86" Value="2"/>
<Cov CovItemId="S87" Value="4"/>
<Cov CovItemId="S88" Value="3"/>
<Cov CovItemId="S89" Value="3"/>
<Cov CovItemId="S9" Value="40"/>
<Cov CovItemId="S90" Value="3"/>
<Cov CovItemId="S91" Value="3"/>
<Cov CovItemId="S92" Value="3"/>
<Cov CovItemId="S93" Value="3"/>
<Cov CovItemId="S94" Value="3"/>
<Cov CovItemId="S95" Value="3"/>
<Cov CovItemId="S96" Value="1"/>
<Cov CovItemId="S97" Value="12"/>
<Cov CovItemId="S98" Value="12"/>
<Cov CovItemId="S99" Value="12"/>
</CovPrefix>
<CovPrefix CovItemPrefix="com.OriginalFiles.RemoteNXTFunctions.java">
<Cov CovItemId="B5" Value="1"/>
<Cov CovItemId="B7" Value="1"/>
<Cov CovItemId="S1" Value="1"/>
<Cov CovItemId="S162" Value="1"/>
<Cov CovItemId="S19" Value="1"/>
<Cov CovItemId="S2" Value="1"/>
<Cov CovItemId="S20" Value="1"/>
<Cov CovItemId="S21" Value="1"/>
<Cov CovItemId="S22" Value="1"/>
<Cov CovItemId="S3" Value="1"/>
</CovPrefix>
</CovList>
<AssgnmntList>
<AssgnmntPrefix RootTermCovItemPrefix="com.OriginalFiles.Analyze.java">
<AssgnmntListEntry Length="1" RootTermCovItemId="C34">
<MapEntry BoolAssgnmnt="0" Value="4"/>
</AssgnmntListEntry>
<AssgnmntListEntry Length="1" RootTermCovItemId="C35">
<MapEntry BoolAssgnmnt="0" Value="3"/>
<MapEntry BoolAssgnmnt="1" Value="1"/>
</AssgnmntListEntry>
<AssgnmntListEntry Length="1" RootTermCovItemId="C36">
<MapEntry BoolAssgnmnt="0" Value="3"/>
<MapEntry BoolAssgnmnt="1" Value="1"/>
</AssgnmntListEntry>
<AssgnmntListEntry Length="1" RootTermCovItemId="C37">
<MapEntry BoolAssgnmnt="0" Value="4"/>
</AssgnmntListEntry>
<AssgnmntListEntry Length="1" RootTermCovItemId="C38">
<MapEntry BoolAssgnmnt="0" Value="2"/>
<MapEntry BoolAssgnmnt="1" Value="2"/>
</AssgnmntListEntry>
<AssgnmntListEntry Length="1" RootTermCovItemId="C39">
<MapEntry BoolAssgnmnt="0" Value="4"/>
<MapEntry BoolAssgnmnt="1" Value="4"/>
</AssgnmntListEntry>
<AssgnmntListEntry Length="1" RootTermCovItemId="C49">
<MapEntry BoolAssgnmnt="0" Value="8"/>
</AssgnmntListEntry>
<AssgnmntListEntry Length="1" RootTermCovItemId="C64">
<MapEntry BoolAssgnmnt="1" Value="1"/>
</AssgnmntListEntry>
<AssgnmntListEntry Length="6" RootTermCovItemId="C66">
<MapEntry BoolAssgnmnt="111111" Value="1"/>
</AssgnmntListEntry>
<AssgnmntListEntry Length="1" RootTermCovItemId="C70">
<MapEntry BoolAssgnmnt="0" Value="8"/>
<MapEntry BoolAssgnmnt="1" Value="376"/>
</AssgnmntListEntry>
<AssgnmntListEntry Length="1" RootTermCovItemId="C71">
<MapEntry BoolAssgnmnt="0" Value="2"/>
<MapEntry BoolAssgnmnt="1" Value="6"/>
</AssgnmntListEntry>
<AssgnmntListEntry Length="1" RootTermCovItemId="C72">
<MapEntry BoolAssgnmnt="1" Value="6"/>
</AssgnmntListEntry>
<AssgnmntListEntry Length="1" RootTermCovItemId="C73">
<MapEntry BoolAssgnmnt="0" Value="6"/>
<MapEntry BoolAssgnmnt="1" Value="2"/>
</AssgnmntListEntry>
<AssgnmntListEntry Length="1" RootTermCovItemId="C74">
<MapEntry BoolAssgnmnt="1" Value="2"/>
</AssgnmntListEntry>
<AssgnmntListEntry Length="3" RootTermCovItemId="C75">
<MapEntry BoolAssgnmnt="012" Value="2"/>
<MapEntry BoolAssgnmnt="122" Value="4"/>
</AssgnmntListEntry>
<AssgnmntListEntry Length="3" RootTermCovItemId="C76">
<MapEntry BoolAssgnmnt="011" Value="2"/>
</AssgnmntListEntry>
<AssgnmntListEntry Length="2" RootTermCovItemId="C77">
<MapEntry BoolAssgnmnt="11" Value="2"/>
</AssgnmntListEntry>
<AssgnmntListEntry Length="2" RootTermCovItemId="C78">
<MapEntry BoolAssgnmnt="02" Value="2"/>
</AssgnmntListEntry>
<AssgnmntListEntry Length="1" RootTermCovItemId="C82">
<MapEntry BoolAssgnmnt="0" Value="2"/>
</AssgnmntListEntry>
<AssgnmntListEntry Length="2" RootTermCovItemId="C88">
<MapEntry BoolAssgnmnt="00" Value="2"/>
</AssgnmntListEntry>
<AssgnmntListEntry Length="2" RootTermCovItemId="C89">
<MapEntry BoolAssgnmnt="02" Value="2"/>
</AssgnmntListEntry>
</AssgnmntPrefix>
<AssgnmntPrefix RootTermCovItemPrefix="com.OriginalFiles.Board.java">
<AssgnmntListEntry Length="1" RootTermCovItemId="C1">
<MapEntry BoolAssgnmnt="0" Value="1"/>
<MapEntry BoolAssgnmnt="1" Value="8"/>
</AssgnmntListEntry>
<AssgnmntListEntry Length="1" RootTermCovItemId="C10">
<MapEntry BoolAssgnmnt="0" Value="1"/>
<MapEntry BoolAssgnmnt="1" Value="3"/>
</AssgnmntListEntry>
<AssgnmntListEntry Length="1" RootTermCovItemId="C11">
<MapEntry BoolAssgnmnt="0" Value="3"/>
<MapEntry BoolAssgnmnt="1" Value="24"/>
</AssgnmntListEntry>
<AssgnmntListEntry Length="1" RootTermCovItemId="C12">
<MapEntry BoolAssgnmnt="0" Value="1"/>
<MapEntry BoolAssgnmnt="1" Value="2"/>
</AssgnmntListEntry>
<AssgnmntListEntry Length="1" RootTermCovItemId="C13">
<MapEntry BoolAssgnmnt="0" Value="2"/>
<MapEntry BoolAssgnmnt="1" Value="16"/>
</AssgnmntListEntry>
<AssgnmntListEntry Length="1" RootTermCovItemId="C2">
<MapEntry BoolAssgnmnt="0" Value="8"/>
<MapEntry BoolAssgnmnt="1" Value="64"/>
</AssgnmntListEntry>
<AssgnmntListEntry Length="1" RootTermCovItemId="C26">
<MapEntry BoolAssgnmnt="0" Value="8"/>
</AssgnmntListEntry>
<AssgnmntListEntry Length="1" RootTermCovItemId="C27">
<MapEntry BoolAssgnmnt="0" Value="4"/>
<MapEntry BoolAssgnmnt="1" Value="4"/>
</AssgnmntListEntry>
<AssgnmntListEntry Length="2" RootTermCovItemId="C28">
<MapEntry BoolAssgnmnt="02" Value="8"/>
</AssgnmntListEntry>
<AssgnmntListEntry Length="1" RootTermCovItemId="C29">
<MapEntry BoolAssgnmnt="1" Value="8"/>
</AssgnmntListEntry>
<AssgnmntListEntry Length="1" RootTermCovItemId="C3">
<MapEntry BoolAssgnmnt="0" Value="32"/>
<MapEntry BoolAssgnmnt="1" Value="32"/>
</AssgnmntListEntry>
<AssgnmntListEntry Length="1" RootTermCovItemId="C31">
<MapEntry BoolAssgnmnt="0" Value="2"/>
<MapEntry BoolAssgnmnt="1" Value="26"/>
</AssgnmntListEntry>
<AssgnmntListEntry Length="1" RootTermCovItemId="C32">
<MapEntry BoolAssgnmnt="0" Value="10"/>
<MapEntry BoolAssgnmnt="1" Value="4"/>
</AssgnmntListEntry>
<AssgnmntListEntry Length="1" RootTermCovItemId="C33">
<MapEntry BoolAssgnmnt="0" Value="7"/>
<MapEntry BoolAssgnmnt="1" Value="4"/>
</AssgnmntListEntry>
<AssgnmntListEntry Length="1" RootTermCovItemId="C34">
<MapEntry BoolAssgnmnt="0" Value="9"/>
<MapEntry BoolAssgnmnt="1" Value="2"/>
</AssgnmntListEntry>
<AssgnmntListEntry Length="1" RootTermCovItemId="C35">
<MapEntry BoolAssgnmnt="0" Value="11"/>
</AssgnmntListEntry>
<AssgnmntListEntry Length="5" RootTermCovItemId="C38">
<MapEntry BoolAssgnmnt="02002" Value="24"/>
<MapEntry BoolAssgnmnt="10122" Value="10"/>
<MapEntry BoolAssgnmnt="11220" Value="10"/>
<MapEntry BoolAssgnmnt="02010" Value="18"/>
</AssgnmntListEntry>
<AssgnmntListEntry Length="1" RootTermCovItemId="C39">
<MapEntry BoolAssgnmnt="0" Value="11"/>
<MapEntry BoolAssgnmnt="1" Value="23"/>
</AssgnmntListEntry>
<AssgnmntListEntry Length="1" RootTermCovItemId="C4">
<MapEntry BoolAssgnmnt="0" Value="20"/>
<MapEntry BoolAssgnmnt="1" Value="12"/>
</AssgnmntListEntry>
<AssgnmntListEntry Length="1" RootTermCovItemId="C40">
<MapEntry BoolAssgnmnt="0" Value="23"/>
</AssgnmntListEntry>
<AssgnmntListEntry Length="2" RootTermCovItemId="C41">
<MapEntry BoolAssgnmnt="10" Value="6"/>
<MapEntry BoolAssgnmnt="02" Value="17"/>
</AssgnmntListEntry>
<AssgnmntListEntry Length="1" RootTermCovItemId="C42">
<MapEntry BoolAssgnmnt="0" Value="288"/>
<MapEntry BoolAssgnmnt="1" Value="288"/>
</AssgnmntListEntry>
<AssgnmntListEntry Length="1" RootTermCovItemId="C43">
<MapEntry BoolAssgnmnt="0" Value="274"/>
<MapEntry BoolAssgnmnt="1" Value="14"/>
</AssgnmntListEntry>
<AssgnmntListEntry Length="1" RootTermCovItemId="C44">
<MapEntry BoolAssgnmnt="0" Value="9"/>
<MapEntry BoolAssgnmnt="1" Value="5"/>
</AssgnmntListEntry>
<AssgnmntListEntry Length="1" RootTermCovItemId="C45">
<MapEntry BoolAssgnmnt="1" Value="1"/>
</AssgnmntListEntry>
<AssgnmntListEntry Length="1" RootTermCovItemId="C5">
<MapEntry BoolAssgnmnt="0" Value="8"/>
<MapEntry BoolAssgnmnt="1" Value="4"/>
</AssgnmntListEntry>
<AssgnmntListEntry Length="1" RootTermCovItemId="C53">
<MapEntry BoolAssgnmnt="1" Value="805"/>
</AssgnmntListEntry>
<AssgnmntListEntry Length="1" RootTermCovItemId="C54">
<MapEntry BoolAssgnmnt="0" Value="95"/>
<MapEntry BoolAssgnmnt="1" Value="710"/>
</AssgnmntListEntry>
<AssgnmntListEntry Length="3" RootTermCovItemId="C55">
<MapEntry BoolAssgnmnt="002" Value="845"/>
<MapEntry BoolAssgnmnt="120" Value="65"/>
<MapEntry BoolAssgnmnt="121" Value="50"/>
</AssgnmntListEntry>
<AssgnmntListEntry Length="3" RootTermCovItemId="C56">
<MapEntry BoolAssgnmnt="002" Value="50"/>
<MapEntry BoolAssgnmnt="120" Value="79"/>
<MapEntry BoolAssgnmnt="121" Value="766"/>
</AssgnmntListEntry>
<AssgnmntListEntry Length="1" RootTermCovItemId="C6">
<MapEntry BoolAssgnmnt="0" Value="20"/>
<MapEntry BoolAssgnmnt="1" Value="12"/>
</AssgnmntListEntry>
<AssgnmntListEntry Length="1" RootTermCovItemId="C7">
<MapEntry BoolAssgnmnt="0" Value="8"/>
<MapEntry BoolAssgnmnt="1" Value="4"/>
</AssgnmntListEntry>
<AssgnmntListEntry Length="1" RootTermCovItemId="C8">
<MapEntry BoolAssgnmnt="0" Value="1"/>
<MapEntry BoolAssgnmnt="1" Value="8"/>
</AssgnmntListEntry>
<AssgnmntListEntry Length="1" RootTermCovItemId="C9">
<MapEntry BoolAssgnmnt="0" Value="1"/>
<MapEntry BoolAssgnmnt="1" Value="8"/>
</AssgnmntListEntry>
</AssgnmntPrefix>
<AssgnmntPrefix RootTermCovItemPrefix="com.OriginalFiles.Field.java">
<AssgnmntListEntry Length="1" RootTermCovItemId="C1">
<MapEntry BoolAssgnmnt="0" Value="52"/>
<MapEntry BoolAssgnmnt="1" Value="10"/>
</AssgnmntListEntry>
</AssgnmntPrefix>
<AssgnmntPrefix RootTermCovItemPrefix="com.OriginalFiles.MI.java">
<AssgnmntListEntry Length="1" RootTermCovItemId="C1">
<MapEntry BoolAssgnmnt="1" Value="1"/>
</AssgnmntListEntry>
<AssgnmntListEntry Length="1" RootTermCovItemId="C10">
<MapEntry BoolAssgnmnt="0" Value="2"/>
</AssgnmntListEntry>
<AssgnmntListEntry Length="1" RootTermCovItemId="C11">
<MapEntry BoolAssgnmnt="0" Value="2"/>
</AssgnmntListEntry>
<AssgnmntListEntry Length="1" RootTermCovItemId="C12">
<MapEntry BoolAssgnmnt="0" Value="2"/>
<MapEntry BoolAssgnmnt="1" Value="2"/>
</AssgnmntListEntry>
<AssgnmntListEntry Length="1" RootTermCovItemId="C15">
<MapEntry BoolAssgnmnt="0" Value="2"/>
</AssgnmntListEntry>
<AssgnmntListEntry Length="1" RootTermCovItemId="C16">
<MapEntry BoolAssgnmnt="1" Value="6"/>
</AssgnmntListEntry>
<AssgnmntListEntry Length="1" RootTermCovItemId="C17">
<MapEntry BoolAssgnmnt="1" Value="4"/>
</AssgnmntListEntry>
<AssgnmntListEntry Length="1" RootTermCovItemId="C18">
<MapEntry BoolAssgnmnt="0" Value="4"/>
<MapEntry BoolAssgnmnt="1" Value="4"/>
</AssgnmntListEntry>
<AssgnmntListEntry Length="1" RootTermCovItemId="C19">
<MapEntry BoolAssgnmnt="0" Value="2"/>
<MapEntry BoolAssgnmnt="1" Value="2"/>
</AssgnmntListEntry>
<AssgnmntListEntry Length="1" RootTermCovItemId="C2">
<MapEntry BoolAssgnmnt="0" Value="26"/>
<MapEntry BoolAssgnmnt="1" Value="102"/>
</AssgnmntListEntry>
<AssgnmntListEntry Length="1" RootTermCovItemId="C20">
<MapEntry BoolAssgnmnt="0" Value="2"/>
</AssgnmntListEntry>
<AssgnmntListEntry Length="1" RootTermCovItemId="C21">
<MapEntry BoolAssgnmnt="1" Value="4"/>
</AssgnmntListEntry>
<AssgnmntListEntry Length="1" RootTermCovItemId="C22">
<MapEntry BoolAssgnmnt="0" Value="4"/>
<MapEntry BoolAssgnmnt="1" Value="4"/>
</AssgnmntListEntry>
<AssgnmntListEntry Length="1" RootTermCovItemId="C23">
<MapEntry BoolAssgnmnt="0" Value="4"/>
</AssgnmntListEntry>
<AssgnmntListEntry Length="2" RootTermCovItemId="C24">
<MapEntry BoolAssgnmnt="02" Value="4"/>
</AssgnmntListEntry>
<AssgnmntListEntry Length="1" RootTermCovItemId="C27">
<MapEntry BoolAssgnmnt="0" Value="4"/>
<MapEntry BoolAssgnmnt="1" Value="2"/>
</AssgnmntListEntry>
<AssgnmntListEntry Length="1" RootTermCovItemId="C28">
<MapEntry BoolAssgnmnt="0" Value="2"/>
</AssgnmntListEntry>
<AssgnmntListEntry Length="1" RootTermCovItemId="C29">
<MapEntry BoolAssgnmnt="0" Value="6"/>
<MapEntry BoolAssgnmnt="1" Value="186"/>
</AssgnmntListEntry>
<AssgnmntListEntry Length="1" RootTermCovItemId="C3">
<MapEntry BoolAssgnmnt="0" Value="13"/>
<MapEntry BoolAssgnmnt="1" Value="13"/>
</AssgnmntListEntry>
<AssgnmntListEntry Length="2" RootTermCovItemId="C30">
<MapEntry BoolAssgnmnt="10" Value="3"/>
<MapEntry BoolAssgnmnt="11" Value="3"/>
</AssgnmntListEntry>
<AssgnmntListEntry Length="1" RootTermCovItemId="C31">
<MapEntry BoolAssgnmnt="0" Value="1"/>
<MapEntry BoolAssgnmnt="1" Value="2"/>
</AssgnmntListEntry>
<AssgnmntListEntry Length="1" RootTermCovItemId="C32">
<MapEntry BoolAssgnmnt="1" Value="2"/>
</AssgnmntListEntry>
<AssgnmntListEntry Length="1" RootTermCovItemId="C33">
<MapEntry BoolAssgnmnt="0" Value="1"/>
</AssgnmntListEntry>
<AssgnmntListEntry Length="1" RootTermCovItemId="C34">
<MapEntry BoolAssgnmnt="0" Value="1"/>
<MapEntry BoolAssgnmnt="1" Value="2"/>
</AssgnmntListEntry>
<AssgnmntListEntry Length="1" RootTermCovItemId="C4">
<MapEntry BoolAssgnmnt="0" Value="1"/>
</AssgnmntListEntry>
<AssgnmntListEntry Length="1" RootTermCovItemId="C5">
<MapEntry BoolAssgnmnt="0" Value="1"/>
<MapEntry BoolAssgnmnt="1" Value="1"/>
</AssgnmntListEntry>
<AssgnmntListEntry Length="1" RootTermCovItemId="C6">
<MapEntry BoolAssgnmnt="1" Value="1"/>
</AssgnmntListEntry>
<AssgnmntListEntry Length="2" RootTermCovItemId="C7">
<MapEntry BoolAssgnmnt="01" Value="2"/>
<MapEntry BoolAssgnmnt="00" Value="2"/>
</AssgnmntListEntry>
<AssgnmntListEntry Length="1" RootTermCovItemId="C8">
<MapEntry BoolAssgnmnt="0" Value="1"/>
<MapEntry BoolAssgnmnt="1" Value="1"/>
</AssgnmntListEntry>
<AssgnmntListEntry Length="1" RootTermCovItemId="C9">
<MapEntry BoolAssgnmnt="0" Value="2"/>
</AssgnmntListEntry>
</AssgnmntPrefix>
<AssgnmntPrefix RootTermCovItemPrefix="com.OriginalFiles.Piece.java">
<AssgnmntListEntry Length="2" RootTermCovItemId="C1">
<MapEntry BoolAssgnmnt="10" Value="36"/>
<MapEntry BoolAssgnmnt="02" Value="16"/>
</AssgnmntListEntry>
<AssgnmntListEntry Length="1" RootTermCovItemId="C10">
<MapEntry BoolAssgnmnt="1" Value="2"/>
</AssgnmntListEntry>
<AssgnmntListEntry Length="1" RootTermCovItemId="C11">
<MapEntry BoolAssgnmnt="0" Value="2"/>
</AssgnmntListEntry>
<AssgnmntListEntry Length="1" RootTermCovItemId="C12">
<MapEntry BoolAssgnmnt="1" Value="2"/>
</AssgnmntListEntry>
<AssgnmntListEntry Length="1" RootTermCovItemId="C13">
<MapEntry BoolAssgnmnt="0" Value="2"/>
</AssgnmntListEntry>
<AssgnmntListEntry Length="5" RootTermCovItemId="C17">
<MapEntry BoolAssgnmnt="00210" Value="15"/>
<MapEntry BoolAssgnmnt="00211" Value="4"/>
<MapEntry BoolAssgnmnt="01002" Value="19"/>
</AssgnmntListEntry>
<AssgnmntListEntry Length="5" RootTermCovItemId="C18">
<MapEntry BoolAssgnmnt="00210" Value="15"/>
<MapEntry BoolAssgnmnt="00211" Value="4"/>
<MapEntry BoolAssgnmnt="01002" Value="12"/>
<MapEntry BoolAssgnmnt="01122" Value="7"/>
</AssgnmntListEntry>
<AssgnmntListEntry Length="1" RootTermCovItemId="C19">
<MapEntry BoolAssgnmnt="1" Value="11"/>
</AssgnmntListEntry>
<AssgnmntListEntry Length="1" RootTermCovItemId="C20">
<MapEntry BoolAssgnmnt="0" Value="38"/>
</AssgnmntListEntry>
<AssgnmntListEntry Length="1" RootTermCovItemId="C22">
<MapEntry BoolAssgnmnt="1" Value="2"/>
</AssgnmntListEntry>
<AssgnmntListEntry Length="1" RootTermCovItemId="C23">
<MapEntry BoolAssgnmnt="0" Value="2"/>
</AssgnmntListEntry>
<AssgnmntListEntry Length="1" RootTermCovItemId="C24">
<MapEntry BoolAssgnmnt="0" Value="1"/>
<MapEntry BoolAssgnmnt="1" Value="3"/>
</AssgnmntListEntry>
<AssgnmntListEntry Length="1" RootTermCovItemId="C25">
<MapEntry BoolAssgnmnt="1" Value="3"/>
</AssgnmntListEntry>
<AssgnmntListEntry Length="1" RootTermCovItemId="C26">
<MapEntry BoolAssgnmnt="1" Value="12"/>
</AssgnmntListEntry>
<AssgnmntListEntry Length="1" RootTermCovItemId="C27">
<MapEntry BoolAssgnmnt="0" Value="12"/>
</AssgnmntListEntry>
<AssgnmntListEntry Length="1" RootTermCovItemId="C3">
<MapEntry BoolAssgnmnt="0" Value="16"/>
<MapEntry BoolAssgnmnt="1" Value="38"/>
</AssgnmntListEntry>
<AssgnmntListEntry Length="2" RootTermCovItemId="C35">
<MapEntry BoolAssgnmnt="01" Value="16"/>
<MapEntry BoolAssgnmnt="00" Value="2"/>
</AssgnmntListEntry>
<AssgnmntListEntry Length="1" RootTermCovItemId="C36">
<MapEntry BoolAssgnmnt="0" Value="16"/>
<MapEntry BoolAssgnmnt="1" Value="160"/>
</AssgnmntListEntry>
<AssgnmntListEntry Length="1" RootTermCovItemId="C37">
<MapEntry BoolAssgnmnt="0" Value="160"/>
<MapEntry BoolAssgnmnt="1" Value="1936"/>
</AssgnmntListEntry>
<AssgnmntListEntry Length="1" RootTermCovItemId="C38">
<MapEntry BoolAssgnmnt="0" Value="1236"/>
<MapEntry BoolAssgnmnt="1" Value="700"/>
</AssgnmntListEntry>
<AssgnmntListEntry Length="1" RootTermCovItemId="C39">
<MapEntry BoolAssgnmnt="0" Value="700"/>
</AssgnmntListEntry>
<AssgnmntListEntry Length="2" RootTermCovItemId="C4">
<MapEntry BoolAssgnmnt="12" Value="2"/>
</AssgnmntListEntry>
<AssgnmntListEntry Length="1" RootTermCovItemId="C5">
<MapEntry BoolAssgnmnt="0" Value="13"/>
<MapEntry BoolAssgnmnt="1" Value="23"/>
</AssgnmntListEntry>
<AssgnmntListEntry Length="1" RootTermCovItemId="C6">
<MapEntry BoolAssgnmnt="0" Value="16"/>
<MapEntry BoolAssgnmnt="1" Value="38"/>
</AssgnmntListEntry>
<AssgnmntListEntry Length="1" RootTermCovItemId="C7">
<MapEntry BoolAssgnmnt="0" Value="38"/>
</AssgnmntListEntry>
<AssgnmntListEntry Length="1" RootTermCovItemId="C8">
<MapEntry BoolAssgnmnt="0" Value="2"/>
<MapEntry BoolAssgnmnt="1" Value="36"/>
</AssgnmntListEntry>
<AssgnmntListEntry Length="1" RootTermCovItemId="C9">
<MapEntry BoolAssgnmnt="0" Value="36"/>
<MapEntry BoolAssgnmnt="1" Value="2"/>
</AssgnmntListEntry>
</AssgnmntPrefix>
<AssgnmntPrefix RootTermCovItemPrefix="com.OriginalFiles.RemoteNXTFunctions.java">
<AssgnmntListEntry Length="1" RootTermCovItemId="C5">
<MapEntry BoolAssgnmnt="1" Value="1"/>
</AssgnmntListEntry>
<AssgnmntListEntry Length="2" RootTermCovItemId="C6">
<MapEntry BoolAssgnmnt="11" Value="1"/>
</AssgnmntListEntry>
</AssgnmntPrefix>
</AssgnmntList>
<ObjMetaDataList/>
<MetaDataList/>
</TestCase>
<TestCase Comment="" Date="1386064449147" Name="com.Testing.MiTest:testLookForBestMoveDrawGame">
<CovList>
<CovPrefix CovItemPrefix="com.OriginalFiles.Analyze.java">
<Cov CovItemId="B103" Value="1"/>
<Cov CovItemId="B107" Value="1"/>
<Cov CovItemId="B120" Value="12"/>
<Cov CovItemId="B121" Value="372"/>
<Cov CovItemId="B122" Value="6"/>
<Cov CovItemId="B123" Value="6"/>
<Cov CovItemId="B124" Value="6"/>
<Cov CovItemId="B126" Value="6"/>
<Cov CovItemId="B127" Value="6"/>
<Cov CovItemId="B128" Value="6"/>
<Cov CovItemId="B131" Value="6"/>
<Cov CovItemId="B133" Value="6"/>
<Cov CovItemId="B134" Value="6"/>
<Cov CovItemId="B136" Value="6"/>
<Cov CovItemId="B138" Value="6"/>
<Cov CovItemId="B140" Value="6"/>
<Cov CovItemId="B144" Value="3"/>
<Cov CovItemId="B147" Value="3"/>
<Cov CovItemId="B148" Value="6"/>
<Cov CovItemId="B149" Value="90"/>
<Cov CovItemId="B151" Value="3"/>
<Cov CovItemId="B156" Value="9"/>
<Cov CovItemId="B157" Value="9"/>
<Cov CovItemId="B84" Value="6"/>
<Cov CovItemId="L16-2" Value="6"/>
<Cov CovItemId="L17-2" Value="48"/>
<Cov CovItemId="L18-2" Value="3"/>
<Cov CovItemId="L19-2" Value="12"/>
<Cov CovItemId="S1" Value="1"/>
<Cov CovItemId="S149" Value="6"/>
<Cov CovItemId="S191" Value="1"/>
<Cov CovItemId="S192" Value="1"/>
<Cov CovItemId="S193" Value="1"/>
<Cov CovItemId="S199" Value="1"/>
<Cov CovItemId="S2" Value="1"/>
<Cov CovItemId="S200" Value="1"/>
<Cov CovItemId="S201" Value="1"/>
<Cov CovItemId="S202" Value="1"/>
<Cov CovItemId="S203" Value="1"/>
<Cov CovItemId="S204" Value="1"/>
<Cov CovItemId="S221" Value="6"/>
<Cov CovItemId="S222" Value="6"/>
<Cov CovItemId="S223" Value="6"/>
<Cov CovItemId="S224" Value="6"/>
<Cov CovItemId="S225" Value="6"/>
<Cov CovItemId="S226" Value="6"/>
<Cov CovItemId="S227" Value="48"/>
<Cov CovItemId="S228" Value="384"/>
<Cov CovItemId="S229" Value="12"/>
<Cov CovItemId="S230" Value="6"/>
<Cov CovItemId="S231" Value="6"/>
<Cov CovItemId="S232" Value="6"/>
<Cov CovItemId="S233" Value="12"/>
<Cov CovItemId="S234" Value="6"/>
<Cov CovItemId="S235" Value="6"/>
<Cov CovItemId="S236" Value="6"/>
<Cov CovItemId="S237" Value="6"/>
<Cov CovItemId="S239" Value="6"/>
<Cov CovItemId="S241" Value="6"/>
<Cov CovItemId="S242" Value="6"/>
<Cov CovItemId="S243" Value="6"/>
<Cov CovItemId="S244" Value="6"/>
<Cov CovItemId="S245" Value="6"/>
<Cov CovItemId="S246" Value="6"/>
<Cov CovItemId="S247" Value="6"/>
<Cov CovItemId="S251" Value="3"/>
<Cov CovItemId="S252" Value="3"/>
<Cov CovItemId="S253" Value="3"/>
<Cov CovItemId="S255" Value="3"/>
<Cov CovItemId="S256" Value="3"/>
<Cov CovItemId="S257" Value="12"/>
<Cov CovItemId="S258" Value="96"/>
<Cov CovItemId="S259" Value="6"/>
<Cov CovItemId="S260" Value="3"/>
<Cov CovItemId="S266" Value="3"/>
<Cov CovItemId="S267" Value="18"/>
<Cov CovItemId="S268" Value="9"/>
<Cov CovItemId="S269" Value="9"/>
<Cov CovItemId="S3" Value="1"/>
<Cov CovItemId="S4" Value="1"/>
<Cov CovItemId="S5" Value="1"/>
</CovPrefix>
<CovPrefix CovItemPrefix="com.OriginalFiles.Board.java">
<Cov CovItemId="B1" Value="32"/>
<Cov CovItemId="B10" Value="8"/>
<Cov CovItemId="B2" Value="32"/>
<Cov CovItemId="B3" Value="12"/>
<Cov CovItemId="B31" Value="6"/>
<Cov CovItemId="B34" Value="6"/>
<Cov CovItemId="B36" Value="6"/>
<Cov CovItemId="B37" Value="6"/>
<Cov CovItemId="B4" Value="20"/>
<Cov CovItemId="B41" Value="53"/>
<Cov CovItemId="B42" Value="24"/>
<Cov CovItemId="B43" Value="1"/>
<Cov CovItemId="B44" Value="13"/>
<Cov CovItemId="B45" Value="6"/>
<Cov CovItemId="B46" Value="8"/>
<Cov CovItemId="B47" Value="14"/>
<Cov CovItemId="B49" Value="14"/>
<Cov CovItemId="B5" Value="4"/>
<Cov CovItemId="B51" Value="4"/>
<Cov CovItemId="B52" Value="10"/>
<Cov CovItemId="B53" Value="14"/>
<Cov CovItemId="B56" Value="55"/>
<Cov CovItemId="B57" Value="25"/>
<Cov CovItemId="B58" Value="30"/>
<Cov CovItemId="B59" Value="25"/>
<Cov CovItemId="B6" Value="8"/>
<Cov CovItemId="B61" Value="1"/>
<Cov CovItemId="B62" Value="24"/>
<Cov CovItemId="B63" Value="224"/>
<Cov CovItemId="B64" Value="224"/>
<Cov CovItemId="B65" Value="14"/>
<Cov CovItemId="B66" Value="210"/>
<Cov CovItemId="B67" Value="7"/>
<Cov CovItemId="B68" Value="7"/>
<Cov CovItemId="B69" Value="1"/>
<Cov CovItemId="B7" Value="12"/>
<Cov CovItemId="B79" Value="161"/>
<Cov CovItemId="B8" Value="20"/>
<Cov CovItemId="B81" Value="93"/>
<Cov CovItemId="B82" Value="68"/>
<Cov CovItemId="B83" Value="52"/>
<Cov CovItemId="B84" Value="204"/>
<Cov CovItemId="B85" Value="37"/>
<Cov CovItemId="B86" Value="167"/>
<Cov CovItemId="B9" Value="4"/>
<Cov CovItemId="L1-2" Value="1"/>
<Cov CovItemId="L10-2" Value="112"/>
<Cov CovItemId="L13-2" Value="7"/>
<Cov CovItemId="L14-2" Value="56"/>
<Cov CovItemId="L2-2" Value="8"/>
<Cov CovItemId="L3-2" Value="1"/>
<Cov CovItemId="L4-2" Value="1"/>
<Cov CovItemId="L5-2" Value="1"/>
<Cov CovItemId="L6-2" Value="3"/>
<Cov CovItemId="L7-2" Value="1"/>
<Cov CovItemId="L8-2" Value="2"/>
<Cov CovItemId="L9-2" Value="14"/>
<Cov CovItemId="S1" Value="1"/>
<Cov CovItemId="S10" Value="1"/>
<Cov CovItemId="S101" Value="6"/>
<Cov CovItemId="S102" Value="6"/>
<Cov CovItemId="S104" Value="6"/>
<Cov CovItemId="S106" Value="6"/>
<Cov CovItemId="S107" Value="6"/>
<Cov CovItemId="S108" Value="6"/>
<Cov CovItemId="S109" Value="6"/>
<Cov CovItemId="S11" Value="8"/>
<Cov CovItemId="S115" Value="77"/>
<Cov CovItemId="S116" Value="53"/>
<Cov CovItemId="S117" Value="24"/>
<Cov CovItemId="S118" Value="14"/>
<Cov CovItemId="S119" Value="14"/>
<Cov CovItemId="S12" Value="64"/>
<Cov CovItemId="S120" Value="1"/>
<Cov CovItemId="S121" Value="13"/>
<Cov CovItemId="S122" Value="13"/>
<Cov CovItemId="S123" Value="14"/>
<Cov CovItemId="S124" Value="14"/>
<Cov CovItemId="S125" Value="6"/>
<Cov CovItemId="S126" Value="14"/>
<Cov CovItemId="S127" Value="14"/>
<Cov CovItemId="S128" Value="14"/>
<Cov CovItemId="S129" Value="14"/>
<Cov CovItemId="S13" Value="64"/>
<Cov CovItemId="S130" Value="4"/>
<Cov CovItemId="S131" Value="14"/>
<Cov CovItemId="S132" Value="14"/>
<Cov CovItemId="S133" Value="14"/>
<Cov CovItemId="S134" Value="14"/>
<Cov CovItemId="S135" Value="55"/>
<Cov CovItemId="S137" Value="55"/>
<Cov CovItemId="S138" Value="25"/>
<Cov CovItemId="S139" Value="25"/>
<Cov CovItemId="S14" Value="64"/>
<Cov CovItemId="S140" Value="1"/>
<Cov CovItemId="S141" Value="54"/>
<Cov CovItemId="S142" Value="55"/>
<Cov CovItemId="S143" Value="7"/>
<Cov CovItemId="S144" Value="7"/>
<Cov CovItemId="S145" Value="56"/>
<Cov CovItemId="S146" Value="448"/>
<Cov CovItemId="S147" Value="224"/>
<Cov CovItemId="S148" Value="14"/>
<Cov CovItemId="S149" Value="7"/>
<Cov CovItemId="S15" Value="64"/>
<Cov CovItemId="S150" Value="7"/>
<Cov CovItemId="S151" Value="7"/>
<Cov CovItemId="S152" Value="1"/>
<Cov CovItemId="S153" Value="1"/>
<Cov CovItemId="S154" Value="1"/>
<Cov CovItemId="S16" Value="32"/>
<Cov CovItemId="S17" Value="32"/>
<Cov CovItemId="S176" Value="161"/>
<Cov CovItemId="S177" Value="161"/>
<Cov CovItemId="S178" Value="93"/>
<Cov CovItemId="S179" Value="68"/>
<Cov CovItemId="S18" Value="32"/>
<Cov CovItemId="S180" Value="256"/>
<Cov CovItemId="S181" Value="52"/>
<Cov CovItemId="S182" Value="204"/>
<Cov CovItemId="S183" Value="37"/>
<Cov CovItemId="S184" Value="167"/>
<Cov CovItemId="S185" Value="495"/>
<Cov CovItemId="S19" Value="12"/>
<Cov CovItemId="S2" Value="1"/>
<Cov CovItemId="S20" Value="12"/>
<Cov CovItemId="S21" Value="12"/>
<Cov CovItemId="S22" Value="4"/>
<Cov CovItemId="S23" Value="32"/>
<Cov CovItemId="S24" Value="12"/>
<Cov CovItemId="S25" Value="12"/>
<Cov CovItemId="S26" Value="12"/>
<Cov CovItemId="S27" Value="4"/>
<Cov CovItemId="S28" Value="32"/>
<Cov CovItemId="S29" Value="32"/>
<Cov CovItemId="S3" Value="1"/>
<Cov CovItemId="S30" Value="64"/>
<Cov CovItemId="S31" Value="1"/>
<Cov CovItemId="S32" Value="8"/>
<Cov CovItemId="S33" Value="8"/>
<Cov CovItemId="S34" Value="8"/>
<Cov CovItemId="S35" Value="8"/>
<Cov CovItemId="S36" Value="8"/>
<Cov CovItemId="S37" Value="8"/>
<Cov CovItemId="S38" Value="8"/>
<Cov CovItemId="S39" Value="8"/>
<Cov CovItemId="S4" Value="1"/>
<Cov CovItemId="S40" Value="1"/>
<Cov CovItemId="S41" Value="8"/>
<Cov CovItemId="S42" Value="8"/>
<Cov CovItemId="S43" Value="8"/>
<Cov CovItemId="S44" Value="8"/>
<Cov CovItemId="S45" Value="8"/>
<Cov CovItemId="S46" Value="8"/>
<Cov CovItemId="S47" Value="8"/>
<Cov CovItemId="S48" Value="8"/>
<Cov CovItemId="S49" Value="1"/>
<Cov CovItemId="S5" Value="1"/>
<Cov CovItemId="S50" Value="3"/>
<Cov CovItemId="S51" Value="24"/>
<Cov CovItemId="S52" Value="24"/>
<Cov CovItemId="S53" Value="24"/>
<Cov CovItemId="S54" Value="24"/>
<Cov CovItemId="S55" Value="1"/>
<Cov CovItemId="S56" Value="2"/>
<Cov CovItemId="S57" Value="16"/>
<Cov CovItemId="S58" Value="16"/>
<Cov CovItemId="S59" Value="16"/>
<Cov CovItemId="S6" Value="1"/>
<Cov CovItemId="S60" Value="16"/>
<Cov CovItemId="S61" Value="14"/>
<Cov CovItemId="S62" Value="112"/>
<Cov CovItemId="S63" Value="896"/>
<Cov CovItemId="S7" Value="1"/>
<Cov CovItemId="S8" Value="1"/>
<Cov CovItemId="S9" Value="1"/>
<Cov CovItemId="S98" Value="6"/>
<Cov CovItemId="S99" Value="6"/>
</CovPrefix>
<CovPrefix CovItemPrefix="com.OriginalFiles.Field.java">
<Cov CovItemId="B1" Value="48"/>
<Cov CovItemId="B2" Value="8"/>
<Cov CovItemId="S1" Value="120"/>
<Cov CovItemId="S13" Value="70"/>
<Cov CovItemId="S2" Value="120"/>
<Cov CovItemId="S5" Value="56"/>
<Cov CovItemId="S6" Value="56"/>
<Cov CovItemId="S7" Value="48"/>
<Cov CovItemId="S8" Value="458"/>
<Cov CovItemId="S9" Value="961"/>
</CovPrefix>
<CovPrefix CovItemPrefix="com.OriginalFiles.MI.java">
<Cov CovItemId="B1" Value="1"/>
<Cov CovItemId="B13" Value="3"/>
<Cov CovItemId="B17" Value="3"/>
<Cov CovItemId="B20" Value="3"/>
<Cov CovItemId="B23" Value="3"/>
<Cov CovItemId="B25" Value="3"/>
<Cov CovItemId="B27" Value="3"/>
<Cov CovItemId="B3" Value="26"/>
<Cov CovItemId="B30" Value="3"/>
<Cov CovItemId="B32" Value="3"/>
<Cov CovItemId="B33" Value="3"/>
<Cov CovItemId="B36" Value="3"/>
<Cov CovItemId="B39" Value="3"/>
<Cov CovItemId="B4" Value="102"/>
<Cov CovItemId="B41" Value="3"/>
<Cov CovItemId="B44" Value="3"/>
<Cov CovItemId="B5" Value="13"/>
<Cov CovItemId="B51" Value="2"/>
<Cov CovItemId="B52" Value="62"/>
<Cov CovItemId="B53" Value="1"/>
<Cov CovItemId="B54" Value="1"/>
<Cov CovItemId="B56" Value="1"/>
<Cov CovItemId="B59" Value="1"/>
<Cov CovItemId="B6" Value="13"/>
<Cov CovItemId="B62" Value="1"/>
<Cov CovItemId="B8" Value="1"/>
<Cov CovItemId="B9" Value="3"/>
<Cov CovItemId="L1-2" Value="2"/>
<Cov CovItemId="L10-2" Value="1"/>
<Cov CovItemId="L11-2" Value="8"/>
<Cov CovItemId="L13-2" Value="1"/>
<Cov CovItemId="L2-2" Value="16"/>
<Cov CovItemId="L3-2" Value="1"/>
<Cov CovItemId="L5-1" Value="3"/>
<Cov CovItemId="L6-1" Value="3"/>
<Cov CovItemId="L7-1" Value="3"/>
<Cov CovItemId="L8-1" Value="3"/>
<Cov CovItemId="L9-0" Value="3"/>
<Cov CovItemId="S1" Value="1"/>
<Cov CovItemId="S10" Value="1"/>
<Cov CovItemId="S100" Value="3"/>
<Cov CovItemId="S101" Value="3"/>
<Cov CovItemId="S102" Value="3"/>
<Cov CovItemId="S103" Value="3"/>
<Cov CovItemId="S104" Value="3"/>
<Cov CovItemId="S105" Value="3"/>
<Cov CovItemId="S106" Value="3"/>
<Cov CovItemId="S107" Value="3"/>
<Cov CovItemId="S108" Value="3"/>
<Cov CovItemId="S109" Value="3"/>
<Cov CovItemId="S11" Value="1"/>
<Cov CovItemId="S115" Value="3"/>
<Cov CovItemId="S116" Value="3"/>
<Cov CovItemId="S117" Value="3"/>
<Cov CovItemId="S12" Value="1"/>
<Cov CovItemId="S123" Value="1"/>
<Cov CovItemId="S124" Value="1"/>
<Cov CovItemId="S125" Value="1"/>
<Cov CovItemId="S126" Value="1"/>
<Cov CovItemId="S127" Value="8"/>
<Cov CovItemId="S128" Value="64"/>
<Cov CovItemId="S129" Value="2"/>
<Cov CovItemId="S130" Value="1"/>
<Cov CovItemId="S135" Value="1"/>
<Cov CovItemId="S136" Value="1"/>
<Cov CovItemId="S137" Value="1"/>
<Cov CovItemId="S138" Value="3"/>
<Cov CovItemId="S139" Value="3"/>
<Cov CovItemId="S14" Value="1"/>
<Cov CovItemId="S140" Value="1"/>
<Cov CovItemId="S142" Value="1"/>
<Cov CovItemId="S15" Value="1"/>
<Cov CovItemId="S16" Value="2"/>
<Cov CovItemId="S17" Value="2"/>
<Cov CovItemId="S18" Value="2"/>
<Cov CovItemId="S19" Value="16"/>
<Cov CovItemId="S2" Value="1"/>
<Cov CovItemId="S20" Value="128"/>
<Cov CovItemId="S21" Value="26"/>
<Cov CovItemId="S22" Value="13"/>
<Cov CovItemId="S23" Value="13"/>
<Cov CovItemId="S24" Value="1"/>
<Cov CovItemId="S25" Value="1"/>
<Cov CovItemId="S26" Value="1"/>
<Cov CovItemId="S27" Value="1"/>
<Cov CovItemId="S28" Value="1"/>
<Cov CovItemId="S3" Value="1"/>
<Cov CovItemId="S30" Value="1"/>
<Cov CovItemId="S31" Value="3"/>
<Cov CovItemId="S32" Value="3"/>
<Cov CovItemId="S33" Value="3"/>
<Cov CovItemId="S34" Value="3"/>
<Cov CovItemId="S35" Value="3"/>
<Cov CovItemId="S36" Value="3"/>
<Cov CovItemId="S37" Value="3"/>
<Cov CovItemId="S4" Value="1"/>
<Cov CovItemId="S40" Value="1"/>
<Cov CovItemId="S41" Value="3"/>
<Cov CovItemId="S42" Value="3"/>
<Cov CovItemId="S5" Value="1"/>
<Cov CovItemId="S54" Value="3"/>
<Cov CovItemId="S55" Value="3"/>
<Cov CovItemId="S56" Value="3"/>
<Cov CovItemId="S57" Value="3"/>
<Cov CovItemId="S58" Value="3"/>
<Cov CovItemId="S59" Value="3"/>
<Cov CovItemId="S6" Value="1"/>
<Cov CovItemId="S61" Value="3"/>
<Cov CovItemId="S62" Value="3"/>
<Cov CovItemId="S63" Value="3"/>
<Cov CovItemId="S64" Value="3"/>
<Cov CovItemId="S65" Value="3"/>
<Cov CovItemId="S66" Value="3"/>
<Cov CovItemId="S67" Value="3"/>
<Cov CovItemId="S68" Value="3"/>
<Cov CovItemId="S7" Value="1"/>
<Cov CovItemId="S73" Value="3"/>
<Cov CovItemId="S75" Value="3"/>
<Cov CovItemId="S77" Value="3"/>
<Cov CovItemId="S8" Value="1"/>
<Cov CovItemId="S80" Value="3"/>
<Cov CovItemId="S81" Value="3"/>
<Cov CovItemId="S83" Value="3"/>
<Cov CovItemId="S84" Value="3"/>
<Cov CovItemId="S86" Value="3"/>
<Cov CovItemId="S87" Value="3"/>
<Cov CovItemId="S88" Value="3"/>
<Cov CovItemId="S89" Value="3"/>
<Cov CovItemId="S9" Value="1"/>
<Cov CovItemId="S90" Value="3"/>
<Cov CovItemId="S91" Value="3"/>
<Cov CovItemId="S92" Value="3"/>
<Cov CovItemId="S99" Value="3"/>
</CovPrefix>
<CovPrefix CovItemPrefix="com.OriginalFiles.Move.java">
<Cov CovItemId="S1" Value="3"/>
<Cov CovItemId="S2" Value="3"/>
<Cov CovItemId="S3" Value="3"/>
<Cov CovItemId="S4" Value="3"/>
<Cov CovItemId="S5" Value="3"/>
<Cov CovItemId="S6" Value="3"/>
<Cov CovItemId="S7" Value="3"/>
</CovPrefix>
<CovPrefix CovItemPrefix="com.OriginalFiles.Piece.java">
<Cov CovItemId="B1" Value="8"/>
<Cov CovItemId="B10" Value="12"/>
<Cov CovItemId="B11" Value="38"/>
<Cov CovItemId="B12" Value="16"/>
<Cov CovItemId="B13" Value="14"/>
<Cov CovItemId="B14" Value="24"/>
<Cov CovItemId="B15" Value="32"/>
<Cov CovItemId="B16" Value="6"/>
<Cov CovItemId="B17" Value="6"/>
<Cov CovItemId="B18" Value="32"/>
<Cov CovItemId="B19" Value="3"/>
<Cov CovItemId="B2" Value="40"/>
<Cov CovItemId="B20" Value="3"/>
<Cov CovItemId="B22" Value="6"/>
<Cov CovItemId="B25" Value="6"/>
<Cov CovItemId="B27" Value="2"/>
<Cov CovItemId="B28" Value="4"/>
<Cov CovItemId="B29" Value="2"/>
<Cov CovItemId="B3" Value="5"/>
<Cov CovItemId="B30" Value="4"/>
<Cov CovItemId="B31" Value="3"/>
<Cov CovItemId="B32" Value="3"/>
<Cov CovItemId="B34" Value="38"/>
<Cov CovItemId="B35" Value="8"/>
<Cov CovItemId="B36" Value="30"/>
<Cov CovItemId="B37" Value="8"/>
<Cov CovItemId="B39" Value="14"/>
<Cov CovItemId="B4" Value="3"/>
<Cov CovItemId="B40" Value="24"/>
<Cov CovItemId="B41" Value="4"/>
<Cov CovItemId="B42" Value="8"/>
<Cov CovItemId="B44" Value="3"/>
<Cov CovItemId="B45" Value="3"/>
<Cov CovItemId="B47" Value="10"/>
<Cov CovItemId="B48" Value="2"/>
<Cov CovItemId="B49" Value="10"/>
<Cov CovItemId="B5" Value="38"/>
<Cov CovItemId="B51" Value="36"/>
<Cov CovItemId="B52" Value="4"/>
<Cov CovItemId="B53" Value="4"/>
<Cov CovItemId="B54" Value="32"/>
<Cov CovItemId="B55" Value="4"/>
<Cov CovItemId="B58" Value="4"/>
<Cov CovItemId="B59" Value="4"/>
<Cov CovItemId="B6" Value="16"/>
<Cov CovItemId="B62" Value="4"/>
<Cov CovItemId="B63" Value="4"/>
<Cov CovItemId="B65" Value="4"/>
<Cov CovItemId="B68" Value="4"/>
<Cov CovItemId="B69" Value="28"/>
<Cov CovItemId="B7" Value="6"/>
<Cov CovItemId="B70" Value="14"/>
<Cov CovItemId="B71" Value="3"/>
<Cov CovItemId="B72" Value="25"/>
<Cov CovItemId="B9" Value="20"/>
<Cov CovItemId="L1-2" Value="3"/>
<Cov CovItemId="L2-1" Value="2"/>
<Cov CovItemId="L2-2" Value="4"/>
<Cov CovItemId="L3-1" Value="2"/>
<Cov CovItemId="L3-2" Value="12"/>
<Cov CovItemId="S1" Value="40"/>
<Cov CovItemId="S10" Value="40"/>
<Cov CovItemId="S100" Value="4"/>
<Cov CovItemId="S101" Value="4"/>
<Cov CovItemId="S102" Value="4"/>
<Cov CovItemId="S103" Value="4"/>
<Cov CovItemId="S104" Value="4"/>
<Cov CovItemId="S106" Value="4"/>
<Cov CovItemId="S107" Value="4"/>
<Cov CovItemId="S108" Value="4"/>
<Cov CovItemId="S109" Value="4"/>
<Cov CovItemId="S11" Value="40"/>
<Cov CovItemId="S111" Value="4"/>
<Cov CovItemId="S112" Value="4"/>
<Cov CovItemId="S113" Value="4"/>
<Cov CovItemId="S114" Value="4"/>
<Cov CovItemId="S117" Value="4"/>
<Cov CovItemId="S118" Value="36"/>
<Cov CovItemId="S119" Value="3"/>
<Cov CovItemId="S12" Value="40"/>
<Cov CovItemId="S120" Value="3"/>
<Cov CovItemId="S121" Value="3"/>
<Cov CovItemId="S122" Value="6"/>
<Cov CovItemId="S123" Value="6"/>
<Cov CovItemId="S124" Value="14"/>
<Cov CovItemId="S125" Value="42"/>
<Cov CovItemId="S126" Value="28"/>
<Cov CovItemId="S127" Value="3"/>
<Cov CovItemId="S128" Value="3"/>
<Cov CovItemId="S129" Value="3"/>
<Cov CovItemId="S13" Value="40"/>
<Cov CovItemId="S14" Value="40"/>
<Cov CovItemId="S15" Value="40"/>
<Cov CovItemId="S16" Value="40"/>
<Cov CovItemId="S17" Value="40"/>
<Cov CovItemId="S18" Value="40"/>
<Cov CovItemId="S19" Value="40"/>
<Cov CovItemId="S2" Value="40"/>
<Cov CovItemId="S20" Value="40"/>
<Cov CovItemId="S21" Value="40"/>
<Cov CovItemId="S22" Value="18"/>
<Cov CovItemId="S23" Value="123"/>
<Cov CovItemId="S24" Value="48"/>
<Cov CovItemId="S25" Value="48"/>
<Cov CovItemId="S26" Value="48"/>
<Cov CovItemId="S27" Value="8"/>
<Cov CovItemId="S28" Value="5"/>
<Cov CovItemId="S29" Value="8"/>
<Cov CovItemId="S3" Value="40"/>
<Cov CovItemId="S30" Value="40"/>
<Cov CovItemId="S31" Value="48"/>
<Cov CovItemId="S32" Value="54"/>
<Cov CovItemId="S33" Value="38"/>
<Cov CovItemId="S34" Value="16"/>
<Cov CovItemId="S35" Value="16"/>
<Cov CovItemId="S36" Value="6"/>
<Cov CovItemId="S37" Value="6"/>
<Cov CovItemId="S38" Value="6"/>
<Cov CovItemId="S39" Value="32"/>
<Cov CovItemId="S4" Value="40"/>
<Cov CovItemId="S40" Value="20"/>
<Cov CovItemId="S41" Value="12"/>
<Cov CovItemId="S42" Value="48"/>
<Cov CovItemId="S43" Value="54"/>
<Cov CovItemId="S44" Value="38"/>
<Cov CovItemId="S45" Value="38"/>
<Cov CovItemId="S46" Value="38"/>
<Cov CovItemId="S47" Value="14"/>
<Cov CovItemId="S48" Value="38"/>
<Cov CovItemId="S49" Value="32"/>
<Cov CovItemId="S5" Value="40"/>
<Cov CovItemId="S50" Value="38"/>
<Cov CovItemId="S51" Value="6"/>
<Cov CovItemId="S52" Value="3"/>
<Cov CovItemId="S53" Value="3"/>
<Cov CovItemId="S54" Value="6"/>
<Cov CovItemId="S58" Value="6"/>
<Cov CovItemId="S59" Value="6"/>
<Cov CovItemId="S6" Value="40"/>
<Cov CovItemId="S60" Value="2"/>
<Cov CovItemId="S61" Value="6"/>
<Cov CovItemId="S62" Value="2"/>
<Cov CovItemId="S63" Value="6"/>
<Cov CovItemId="S64" Value="3"/>
<Cov CovItemId="S65" Value="38"/>
<Cov CovItemId="S67" Value="38"/>
<Cov CovItemId="S68" Value="8"/>
<Cov CovItemId="S69" Value="8"/>
<Cov CovItemId="S7" Value="40"/>
<Cov CovItemId="S70" Value="8"/>
<Cov CovItemId="S71" Value="38"/>
<Cov CovItemId="S72" Value="14"/>
<Cov CovItemId="S73" Value="38"/>
<Cov CovItemId="S74" Value="12"/>
<Cov CovItemId="S75" Value="4"/>
<Cov CovItemId="S76" Value="8"/>
<Cov CovItemId="S77" Value="3"/>
<Cov CovItemId="S78" Value="3"/>
<Cov CovItemId="S79" Value="3"/>
<Cov CovItemId="S8" Value="40"/>
<Cov CovItemId="S81" Value="3"/>
<Cov CovItemId="S82" Value="3"/>
<Cov CovItemId="S83" Value="3"/>
<Cov CovItemId="S84" Value="3"/>
<Cov CovItemId="S85" Value="3"/>
<Cov CovItemId="S86" Value="3"/>
<Cov CovItemId="S87" Value="12"/>
<Cov CovItemId="S88" Value="10"/>
<Cov CovItemId="S89" Value="10"/>
<Cov CovItemId="S9" Value="40"/>
<Cov CovItemId="S90" Value="10"/>
<Cov CovItemId="S91" Value="10"/>
<Cov CovItemId="S92" Value="10"/>
<Cov CovItemId="S93" Value="10"/>
<Cov CovItemId="S94" Value="10"/>
<Cov CovItemId="S95" Value="10"/>
<Cov CovItemId="S96" Value="2"/>
<Cov CovItemId="S97" Value="40"/>
<Cov CovItemId="S98" Value="40"/>
<Cov CovItemId="S99" Value="36"/>
</CovPrefix>
<CovPrefix CovItemPrefix="com.OriginalFiles.RemoteNXTFunctions.java">
<Cov CovItemId="B5" Value="1"/>
<Cov CovItemId="B7" Value="1"/>
<Cov CovItemId="S1" Value="1"/>
<Cov CovItemId="S162" Value="1"/>
<Cov CovItemId="S19" Value="1"/>
<Cov CovItemId="S2" Value="1"/>
<Cov CovItemId="S20" Value="1"/>
<Cov CovItemId="S21" Value="1"/>
<Cov CovItemId="S22" Value="1"/>
<Cov CovItemId="S3" Value="1"/>
</CovPrefix>
</CovList>
<AssgnmntList>
<AssgnmntPrefix RootTermCovItemPrefix="com.OriginalFiles.Analyze.java">
<AssgnmntListEntry Length="1" RootTermCovItemId="C49">
<MapEntry BoolAssgnmnt="0" Value="6"/>
</AssgnmntListEntry>
<AssgnmntListEntry Length="1" RootTermCovItemId="C64">
<MapEntry BoolAssgnmnt="1" Value="1"/>
</AssgnmntListEntry>
<AssgnmntListEntry Length="6" RootTermCovItemId="C66">
<MapEntry BoolAssgnmnt="111111" Value="1"/>
</AssgnmntListEntry>
<AssgnmntListEntry Length="1" RootTermCovItemId="C70">
<MapEntry BoolAssgnmnt="0" Value="12"/>
<MapEntry BoolAssgnmnt="1" Value="372"/>
</AssgnmntListEntry>
<AssgnmntListEntry Length="1" RootTermCovItemId="C71">
<MapEntry BoolAssgnmnt="0" Value="6"/>
<MapEntry BoolAssgnmnt="1" Value="6"/>
</AssgnmntListEntry>
<AssgnmntListEntry Length="1" RootTermCovItemId="C72">
<MapEntry BoolAssgnmnt="1" Value="6"/>
</AssgnmntListEntry>
<AssgnmntListEntry Length="1" RootTermCovItemId="C73">
<MapEntry BoolAssgnmnt="0" Value="6"/>
<MapEntry BoolAssgnmnt="1" Value="6"/>
</AssgnmntListEntry>
<AssgnmntListEntry Length="1" RootTermCovItemId="C74">
<MapEntry BoolAssgnmnt="1" Value="6"/>
</AssgnmntListEntry>
<AssgnmntListEntry Length="3" RootTermCovItemId="C75">
<MapEntry BoolAssgnmnt="012" Value="6"/>
</AssgnmntListEntry>
<AssgnmntListEntry Length="3" RootTermCovItemId="C76">
<MapEntry BoolAssgnmnt="011" Value="6"/>
</AssgnmntListEntry>
<AssgnmntListEntry Length="2" RootTermCovItemId="C77">
<MapEntry BoolAssgnmnt="11" Value="6"/>
</AssgnmntListEntry>
<AssgnmntListEntry Length="2" RootTermCovItemId="C78">
<MapEntry BoolAssgnmnt="11" Value="6"/>
</AssgnmntListEntry>
<AssgnmntListEntry Length="2" RootTermCovItemId="C79">
<MapEntry BoolAssgnmnt="12" Value="6"/>
</AssgnmntListEntry>
<AssgnmntListEntry Length="2" RootTermCovItemId="C80">
<MapEntry BoolAssgnmnt="10" Value="6"/>
</AssgnmntListEntry>
<AssgnmntListEntry Length="1" RootTermCovItemId="C82">
<MapEntry BoolAssgnmnt="1" Value="3"/>
</AssgnmntListEntry>
<AssgnmntListEntry Length="1" RootTermCovItemId="C83">
<MapEntry BoolAssgnmnt="1" Value="3"/>
</AssgnmntListEntry>
<AssgnmntListEntry Length="1" RootTermCovItemId="C84">
<MapEntry BoolAssgnmnt="0" Value="3"/>
<MapEntry BoolAssgnmnt="1" Value="12"/>
</AssgnmntListEntry>
<AssgnmntListEntry Length="1" RootTermCovItemId="C85">
<MapEntry BoolAssgnmnt="0" Value="12"/>
<MapEntry BoolAssgnmnt="1" Value="96"/>
</AssgnmntListEntry>
<AssgnmntListEntry Length="1" RootTermCovItemId="C86">
<MapEntry BoolAssgnmnt="0" Value="6"/>
<MapEntry BoolAssgnmnt="1" Value="90"/>
</AssgnmntListEntry>
<AssgnmntListEntry Length="1" RootTermCovItemId="C87">
<MapEntry BoolAssgnmnt="0" Value="3"/>
</AssgnmntListEntry>
<AssgnmntListEntry Length="8" RootTermCovItemId="C90">
<MapEntry BoolAssgnmnt="11222222" Value="9"/>
<MapEntry BoolAssgnmnt="02020202" Value="6"/>
<MapEntry BoolAssgnmnt="10020202" Value="3"/>
</AssgnmntListEntry>
</AssgnmntPrefix>
<AssgnmntPrefix RootTermCovItemPrefix="com.OriginalFiles.Board.java">
<AssgnmntListEntry Length="1" RootTermCovItemId="C1">
<MapEntry BoolAssgnmnt="0" Value="1"/>
<MapEntry BoolAssgnmnt="1" Value="8"/>
</AssgnmntListEntry>
<AssgnmntListEntry Length="1" RootTermCovItemId="C10">
<MapEntry BoolAssgnmnt="0" Value="1"/>
<MapEntry BoolAssgnmnt="1" Value="3"/>
</AssgnmntListEntry>
<AssgnmntListEntry Length="1" RootTermCovItemId="C11">
<MapEntry BoolAssgnmnt="0" Value="3"/>
<MapEntry BoolAssgnmnt="1" Value="24"/>
</AssgnmntListEntry>
<AssgnmntListEntry Length="1" RootTermCovItemId="C12">
<MapEntry BoolAssgnmnt="0" Value="1"/>
<MapEntry BoolAssgnmnt="1" Value="2"/>
</AssgnmntListEntry>
<AssgnmntListEntry Length="1" RootTermCovItemId="C13">
<MapEntry BoolAssgnmnt="0" Value="2"/>
<MapEntry BoolAssgnmnt="1" Value="16"/>
</AssgnmntListEntry>
<AssgnmntListEntry Length="1" RootTermCovItemId="C2">
<MapEntry BoolAssgnmnt="0" Value="8"/>
<MapEntry BoolAssgnmnt="1" Value="64"/>
</AssgnmntListEntry>
<AssgnmntListEntry Length="1" RootTermCovItemId="C26">
<MapEntry BoolAssgnmnt="0" Value="6"/>
</AssgnmntListEntry>
<AssgnmntListEntry Length="1" RootTermCovItemId="C27">
<MapEntry BoolAssgnmnt="0" Value="6"/>
</AssgnmntListEntry>
<AssgnmntListEntry Length="2" RootTermCovItemId="C28">
<MapEntry BoolAssgnmnt="02" Value="6"/>
</AssgnmntListEntry>
<AssgnmntListEntry Length="1" RootTermCovItemId="C29">
<MapEntry BoolAssgnmnt="1" Value="6"/>
</AssgnmntListEntry>
<AssgnmntListEntry Length="1" RootTermCovItemId="C3">
<MapEntry BoolAssgnmnt="0" Value="32"/>
<MapEntry BoolAssgnmnt="1" Value="32"/>
</AssgnmntListEntry>
<AssgnmntListEntry Length="1" RootTermCovItemId="C31">
<MapEntry BoolAssgnmnt="0" Value="24"/>
<MapEntry BoolAssgnmnt="1" Value="53"/>
</AssgnmntListEntry>
<AssgnmntListEntry Length="1" RootTermCovItemId="C32">
<MapEntry BoolAssgnmnt="0" Value="13"/>
<MapEntry BoolAssgnmnt="1" Value="1"/>
</AssgnmntListEntry>
<AssgnmntListEntry Length="1" RootTermCovItemId="C33">
<MapEntry BoolAssgnmnt="0" Value="6"/>
<MapEntry BoolAssgnmnt="1" Value="8"/>
</AssgnmntListEntry>
<AssgnmntListEntry Length="1" RootTermCovItemId="C34">
<MapEntry BoolAssgnmnt="0" Value="14"/>
</AssgnmntListEntry>
<AssgnmntListEntry Length="1" RootTermCovItemId="C35">
<MapEntry BoolAssgnmnt="1" Value="14"/>
</AssgnmntListEntry>
<AssgnmntListEntry Length="1" RootTermCovItemId="C36">
<MapEntry BoolAssgnmnt="0" Value="4"/>
<MapEntry BoolAssgnmnt="1" Value="10"/>
</AssgnmntListEntry>
<AssgnmntListEntry Length="1" RootTermCovItemId="C37">
<MapEntry BoolAssgnmnt="0" Value="14"/>
</AssgnmntListEntry>
<AssgnmntListEntry Length="5" RootTermCovItemId="C38">
<MapEntry BoolAssgnmnt="02002" Value="14"/>
<MapEntry BoolAssgnmnt="10122" Value="14"/>
<MapEntry BoolAssgnmnt="11221" Value="14"/>
<MapEntry BoolAssgnmnt="02011" Value="13"/>
</AssgnmntListEntry>
<AssgnmntListEntry Length="1" RootTermCovItemId="C39">
<MapEntry BoolAssgnmnt="0" Value="30"/>
<MapEntry BoolAssgnmnt="1" Value="25"/>
</AssgnmntListEntry>
<AssgnmntListEntry Length="1" RootTermCovItemId="C4">
<MapEntry BoolAssgnmnt="0" Value="20"/>
<MapEntry BoolAssgnmnt="1" Value="12"/>
</AssgnmntListEntry>
<AssgnmntListEntry Length="1" RootTermCovItemId="C40">
<MapEntry BoolAssgnmnt="0" Value="25"/>
</AssgnmntListEntry>
<AssgnmntListEntry Length="2" RootTermCovItemId="C41">
<MapEntry BoolAssgnmnt="10" Value="1"/>
<MapEntry BoolAssgnmnt="02" Value="24"/>
</AssgnmntListEntry>
<AssgnmntListEntry Length="1" RootTermCovItemId="C42">
<MapEntry BoolAssgnmnt="0" Value="224"/>
<MapEntry BoolAssgnmnt="1" Value="224"/>
</AssgnmntListEntry>
<AssgnmntListEntry Length="1" RootTermCovItemId="C43">
<MapEntry BoolAssgnmnt="0" Value="210"/>
<MapEntry BoolAssgnmnt="1" Value="14"/>
</AssgnmntListEntry>
<AssgnmntListEntry Length="1" RootTermCovItemId="C44">
<MapEntry BoolAssgnmnt="0" Value="7"/>
<MapEntry BoolAssgnmnt="1" Value="7"/>
</AssgnmntListEntry>
<AssgnmntListEntry Length="1" RootTermCovItemId="C45">
<MapEntry BoolAssgnmnt="1" Value="1"/>
</AssgnmntListEntry>
<AssgnmntListEntry Length="1" RootTermCovItemId="C5">
<MapEntry BoolAssgnmnt="0" Value="8"/>
<MapEntry BoolAssgnmnt="1" Value="4"/>
</AssgnmntListEntry>
<AssgnmntListEntry Length="1" RootTermCovItemId="C53">
<MapEntry BoolAssgnmnt="1" Value="161"/>
</AssgnmntListEntry>
<AssgnmntListEntry Length="1" RootTermCovItemId="C54">
<MapEntry BoolAssgnmnt="0" Value="93"/>
<MapEntry BoolAssgnmnt="1" Value="68"/>
</AssgnmntListEntry>
<AssgnmntListEntry Length="3" RootTermCovItemId="C55">
<MapEntry BoolAssgnmnt="002" Value="84"/>
<MapEntry BoolAssgnmnt="120" Value="52"/>
<MapEntry BoolAssgnmnt="121" Value="120"/>
</AssgnmntListEntry>
<AssgnmntListEntry Length="3" RootTermCovItemId="C56">
<MapEntry BoolAssgnmnt="002" Value="120"/>
<MapEntry BoolAssgnmnt="120" Value="47"/>
<MapEntry BoolAssgnmnt="121" Value="37"/>
</AssgnmntListEntry>
<AssgnmntListEntry Length="1" RootTermCovItemId="C6">
<MapEntry BoolAssgnmnt="0" Value="20"/>
<MapEntry BoolAssgnmnt="1" Value="12"/>
</AssgnmntListEntry>
<AssgnmntListEntry Length="1" RootTermCovItemId="C7">
<MapEntry BoolAssgnmnt="0" Value="8"/>
<MapEntry BoolAssgnmnt="1" Value="4"/>
</AssgnmntListEntry>
<AssgnmntListEntry Length="1" RootTermCovItemId="C8">
<MapEntry BoolAssgnmnt="0" Value="1"/>
<MapEntry BoolAssgnmnt="1" Value="8"/>
</AssgnmntListEntry>
<AssgnmntListEntry Length="1" RootTermCovItemId="C9">
<MapEntry BoolAssgnmnt="0" Value="1"/>
<MapEntry BoolAssgnmnt="1" Value="8"/>
</AssgnmntListEntry>
</AssgnmntPrefix>
<AssgnmntPrefix RootTermCovItemPrefix="com.OriginalFiles.Field.java">
<AssgnmntListEntry Length="1" RootTermCovItemId="C1">
<MapEntry BoolAssgnmnt="0" Value="48"/>
<MapEntry BoolAssgnmnt="1" Value="8"/>
</AssgnmntListEntry>
</AssgnmntPrefix>
<AssgnmntPrefix RootTermCovItemPrefix="com.OriginalFiles.MI.java">
<AssgnmntListEntry Length="1" RootTermCovItemId="C1">
<MapEntry BoolAssgnmnt="1" Value="1"/>
</AssgnmntListEntry>
<AssgnmntListEntry Length="1" RootTermCovItemId="C10">
<MapEntry BoolAssgnmnt="1" Value="3"/>
</AssgnmntListEntry>
<AssgnmntListEntry Length="1" RootTermCovItemId="C11">
<MapEntry BoolAssgnmnt="0" Value="3"/>
<MapEntry BoolAssgnmnt="1" Value="3"/>
</AssgnmntListEntry>
<AssgnmntListEntry Length="1" RootTermCovItemId="C12">
<MapEntry BoolAssgnmnt="0" Value="3"/>
<MapEntry BoolAssgnmnt="1" Value="3"/>
</AssgnmntListEntry>
<AssgnmntListEntry Length="1" RootTermCovItemId="C13">
<MapEntry BoolAssgnmnt="0" Value="3"/>
</AssgnmntListEntry>
<AssgnmntListEntry Length="1" RootTermCovItemId="C14">
<MapEntry BoolAssgnmnt="0" Value="3"/>
</AssgnmntListEntry>
<AssgnmntListEntry Length="1" RootTermCovItemId="C15">
<MapEntry BoolAssgnmnt="0" Value="3"/>
</AssgnmntListEntry>
<AssgnmntListEntry Length="1" RootTermCovItemId="C16">
<MapEntry BoolAssgnmnt="0" Value="3"/>
</AssgnmntListEntry>
<AssgnmntListEntry Length="1" RootTermCovItemId="C17">
<MapEntry BoolAssgnmnt="1" Value="3"/>
</AssgnmntListEntry>
<AssgnmntListEntry Length="1" RootTermCovItemId="C18">
<MapEntry BoolAssgnmnt="0" Value="3"/>
<MapEntry BoolAssgnmnt="1" Value="3"/>
</AssgnmntListEntry>
<AssgnmntListEntry Length="1" RootTermCovItemId="C19">
<MapEntry BoolAssgnmnt="0" Value="3"/>
</AssgnmntListEntry>
<AssgnmntListEntry Length="1" RootTermCovItemId="C2">
<MapEntry BoolAssgnmnt="0" Value="26"/>
<MapEntry BoolAssgnmnt="1" Value="102"/>
</AssgnmntListEntry>
<AssgnmntListEntry Length="1" RootTermCovItemId="C21">
<MapEntry BoolAssgnmnt="1" Value="3"/>
</AssgnmntListEntry>
<AssgnmntListEntry Length="1" RootTermCovItemId="C22">
<MapEntry BoolAssgnmnt="0" Value="3"/>
<MapEntry BoolAssgnmnt="1" Value="3"/>
</AssgnmntListEntry>
<AssgnmntListEntry Length="1" RootTermCovItemId="C23">
<MapEntry BoolAssgnmnt="0" Value="3"/>
</AssgnmntListEntry>
<AssgnmntListEntry Length="2" RootTermCovItemId="C24">
<MapEntry BoolAssgnmnt="11" Value="3"/>
</AssgnmntListEntry>
<AssgnmntListEntry Length="1" RootTermCovItemId="C27">
<MapEntry BoolAssgnmnt="0" Value="3"/>
</AssgnmntListEntry>
<AssgnmntListEntry Length="1" RootTermCovItemId="C29">
<MapEntry BoolAssgnmnt="0" Value="2"/>
<MapEntry BoolAssgnmnt="1" Value="62"/>
</AssgnmntListEntry>
<AssgnmntListEntry Length="1" RootTermCovItemId="C3">
<MapEntry BoolAssgnmnt="0" Value="13"/>
<MapEntry BoolAssgnmnt="1" Value="13"/>
</AssgnmntListEntry>
<AssgnmntListEntry Length="2" RootTermCovItemId="C30">
<MapEntry BoolAssgnmnt="10" Value="1"/>
<MapEntry BoolAssgnmnt="11" Value="1"/>
</AssgnmntListEntry>
<AssgnmntListEntry Length="1" RootTermCovItemId="C31">
<MapEntry BoolAssgnmnt="0" Value="1"/>
</AssgnmntListEntry>
<AssgnmntListEntry Length="1" RootTermCovItemId="C33">
<MapEntry BoolAssgnmnt="0" Value="1"/>
</AssgnmntListEntry>
<AssgnmntListEntry Length="1" RootTermCovItemId="C34">
<MapEntry BoolAssgnmnt="0" Value="1"/>
</AssgnmntListEntry>
<AssgnmntListEntry Length="1" RootTermCovItemId="C4">
<MapEntry BoolAssgnmnt="0" Value="1"/>
</AssgnmntListEntry>
<AssgnmntListEntry Length="1" RootTermCovItemId="C5">
<MapEntry BoolAssgnmnt="1" Value="3"/>
</AssgnmntListEntry>
<AssgnmntListEntry Length="2" RootTermCovItemId="C7">
<MapEntry BoolAssgnmnt="01" Value="3"/>
</AssgnmntListEntry>
<AssgnmntListEntry Length="1" RootTermCovItemId="C9">
<MapEntry BoolAssgnmnt="1" Value="3"/>
</AssgnmntListEntry>
</AssgnmntPrefix>
<AssgnmntPrefix RootTermCovItemPrefix="com.OriginalFiles.Piece.java">
<AssgnmntListEntry Length="2" RootTermCovItemId="C1">
<MapEntry BoolAssgnmnt="10" Value="24"/>
<MapEntry BoolAssgnmnt="02" Value="16"/>
<MapEntry BoolAssgnmnt="11" Value="8"/>
</AssgnmntListEntry>
<AssgnmntListEntry Length="1" RootTermCovItemId="C10">
<MapEntry BoolAssgnmnt="0" Value="3"/>
<MapEntry BoolAssgnmnt="1" Value="3"/>
</AssgnmntListEntry>
<AssgnmntListEntry Length="1" RootTermCovItemId="C11">
<MapEntry BoolAssgnmnt="1" Value="6"/>
</AssgnmntListEntry>
<AssgnmntListEntry Length="1" RootTermCovItemId="C13">
<MapEntry BoolAssgnmnt="1" Value="6"/>
</AssgnmntListEntry>
<AssgnmntListEntry Length="1" RootTermCovItemId="C14">
<MapEntry BoolAssgnmnt="0" Value="4"/>
<MapEntry BoolAssgnmnt="1" Value="2"/>
</AssgnmntListEntry>
<AssgnmntListEntry Length="2" RootTermCovItemId="C15">
<MapEntry BoolAssgnmnt="02" Value="4"/>
<MapEntry BoolAssgnmnt="11" Value="2"/>
</AssgnmntListEntry>
<AssgnmntListEntry Length="2" RootTermCovItemId="C16">
<MapEntry BoolAssgnmnt="02" Value="3"/>
<MapEntry BoolAssgnmnt="11" Value="3"/>
</AssgnmntListEntry>
<AssgnmntListEntry Length="5" RootTermCovItemId="C17">
<MapEntry BoolAssgnmnt="00210" Value="12"/>
<MapEntry BoolAssgnmnt="01002" Value="12"/>
<MapEntry BoolAssgnmnt="12222" Value="14"/>
</AssgnmntListEntry>
<AssgnmntListEntry Length="5" RootTermCovItemId="C18">
<MapEntry BoolAssgnmnt="00210" Value="8"/>
<MapEntry BoolAssgnmnt="00211" Value="4"/>
<MapEntry BoolAssgnmnt="01002" Value="8"/>
<MapEntry BoolAssgnmnt="12222" Value="14"/>
<MapEntry BoolAssgnmnt="01122" Value="4"/>
</AssgnmntListEntry>
<AssgnmntListEntry Length="1" RootTermCovItemId="C19">
<MapEntry BoolAssgnmnt="1" Value="8"/>
</AssgnmntListEntry>
<AssgnmntListEntry Length="2" RootTermCovItemId="C2">
<MapEntry BoolAssgnmnt="02" Value="3"/>
<MapEntry BoolAssgnmnt="11" Value="5"/>
</AssgnmntListEntry>
<AssgnmntListEntry Length="1" RootTermCovItemId="C20">
<MapEntry BoolAssgnmnt="0" Value="24"/>
<MapEntry BoolAssgnmnt="1" Value="14"/>
</AssgnmntListEntry>
<AssgnmntListEntry Length="16" RootTermCovItemId="C21">
<MapEntry BoolAssgnmnt="0211222222222222" Value="2"/>
<MapEntry BoolAssgnmnt="0210020211222222" Value="2"/>
<MapEntry BoolAssgnmnt="0202020202020202" Value="8"/>
</AssgnmntListEntry>
<AssgnmntListEntry Length="1" RootTermCovItemId="C22">
<MapEntry BoolAssgnmnt="0" Value="3"/>
</AssgnmntListEntry>
<AssgnmntListEntry Length="1" RootTermCovItemId="C23">
<MapEntry BoolAssgnmnt="1" Value="3"/>
</AssgnmntListEntry>
<AssgnmntListEntry Length="1" RootTermCovItemId="C24">
<MapEntry BoolAssgnmnt="0" Value="2"/>
<MapEntry BoolAssgnmnt="1" Value="10"/>
</AssgnmntListEntry>
<AssgnmntListEntry Length="1" RootTermCovItemId="C25">
<MapEntry BoolAssgnmnt="1" Value="10"/>
</AssgnmntListEntry>
<AssgnmntListEntry Length="1" RootTermCovItemId="C26">
<MapEntry BoolAssgnmnt="0" Value="4"/>
<MapEntry BoolAssgnmnt="1" Value="36"/>
</AssgnmntListEntry>
<AssgnmntListEntry Length="1" RootTermCovItemId="C27">
<MapEntry BoolAssgnmnt="0" Value="32"/>
<MapEntry BoolAssgnmnt="1" Value="4"/>
</AssgnmntListEntry>
<AssgnmntListEntry Length="1" RootTermCovItemId="C28">
<MapEntry BoolAssgnmnt="1" Value="4"/>
</AssgnmntListEntry>
<AssgnmntListEntry Length="1" RootTermCovItemId="C29">
<MapEntry BoolAssgnmnt="0" Value="4"/>
</AssgnmntListEntry>
<AssgnmntListEntry Length="1" RootTermCovItemId="C3">
<MapEntry BoolAssgnmnt="0" Value="16"/>
<MapEntry BoolAssgnmnt="1" Value="38"/>
</AssgnmntListEntry>
<AssgnmntListEntry Length="1" RootTermCovItemId="C30">
<MapEntry BoolAssgnmnt="1" Value="4"/>
</AssgnmntListEntry>
<AssgnmntListEntry Length="1" RootTermCovItemId="C31">
<MapEntry BoolAssgnmnt="0" Value="4"/>
</AssgnmntListEntry>
<AssgnmntListEntry Length="1" RootTermCovItemId="C32">
<MapEntry BoolAssgnmnt="1" Value="4"/>
</AssgnmntListEntry>
<AssgnmntListEntry Length="1" RootTermCovItemId="C33">
<MapEntry BoolAssgnmnt="1" Value="4"/>
</AssgnmntListEntry>
<AssgnmntListEntry Length="1" RootTermCovItemId="C34">
<MapEntry BoolAssgnmnt="0" Value="4"/>
</AssgnmntListEntry>
<AssgnmntListEntry Length="2" RootTermCovItemId="C35">
<MapEntry BoolAssgnmnt="01" Value="6"/>
<MapEntry BoolAssgnmnt="12" Value="3"/>
</AssgnmntListEntry>
<AssgnmntListEntry Length="1" RootTermCovItemId="C36">
<MapEntry BoolAssgnmnt="0" Value="3"/>
<MapEntry BoolAssgnmnt="1" Value="14"/>
</AssgnmntListEntry>
<AssgnmntListEntry Length="1" RootTermCovItemId="C37">
<MapEntry BoolAssgnmnt="0" Value="11"/>
<MapEntry BoolAssgnmnt="1" Value="42"/>
</AssgnmntListEntry>
<AssgnmntListEntry Length="1" RootTermCovItemId="C38">
<MapEntry BoolAssgnmnt="0" Value="14"/>
<MapEntry BoolAssgnmnt="1" Value="28"/>
</AssgnmntListEntry>
<AssgnmntListEntry Length="1" RootTermCovItemId="C39">
<MapEntry BoolAssgnmnt="0" Value="25"/>
<MapEntry BoolAssgnmnt="1" Value="3"/>
</AssgnmntListEntry>
<AssgnmntListEntry Length="2" RootTermCovItemId="C4">
<MapEntry BoolAssgnmnt="01" Value="2"/>
<MapEntry BoolAssgnmnt="12" Value="4"/>
</AssgnmntListEntry>
<AssgnmntListEntry Length="1" RootTermCovItemId="C5">
<MapEntry BoolAssgnmnt="0" Value="12"/>
<MapEntry BoolAssgnmnt="1" Value="20"/>
</AssgnmntListEntry>
<AssgnmntListEntry Length="1" RootTermCovItemId="C6">
<MapEntry BoolAssgnmnt="0" Value="16"/>
<MapEntry BoolAssgnmnt="1" Value="38"/>
</AssgnmntListEntry>
<AssgnmntListEntry Length="1" RootTermCovItemId="C7">
<MapEntry BoolAssgnmnt="0" Value="24"/>
<MapEntry BoolAssgnmnt="1" Value="14"/>
</AssgnmntListEntry>
<AssgnmntListEntry Length="1" RootTermCovItemId="C8">
<MapEntry BoolAssgnmnt="0" Value="6"/>
<MapEntry BoolAssgnmnt="1" Value="32"/>
</AssgnmntListEntry>
<AssgnmntListEntry Length="1" RootTermCovItemId="C9">
<MapEntry BoolAssgnmnt="0" Value="32"/>
<MapEntry BoolAssgnmnt="1" Value="6"/>
</AssgnmntListEntry>
</AssgnmntPrefix>
<AssgnmntPrefix RootTermCovItemPrefix="com.OriginalFiles.RemoteNXTFunctions.java">
<AssgnmntListEntry Length="1" RootTermCovItemId="C5">
<MapEntry BoolAssgnmnt="1" Value="1"/>
</AssgnmntListEntry>
<AssgnmntListEntry Length="2" RootTermCovItemId="C6">
<MapEntry BoolAssgnmnt="11" Value="1"/>
</AssgnmntListEntry>
</AssgnmntPrefix>
</AssgnmntList>
<ObjMetaDataList/>
<MetaDataList/>
</TestCase>
<TestCase Comment="" Date="1386064449149" Name="com.Testing.MiTest:testLookForBestMoveWinGame">
<CovList>
<CovPrefix CovItemPrefix="com.OriginalFiles.Analyze.java">
<Cov CovItemId="B103" Value="1"/>
<Cov CovItemId="B107" Value="1"/>
<Cov CovItemId="B120" Value="8"/>
<Cov CovItemId="B121" Value="248"/>
<Cov CovItemId="B123" Value="8"/>
<Cov CovItemId="B126" Value="8"/>
<Cov CovItemId="B128" Value="8"/>
<Cov CovItemId="B131" Value="4"/>
<Cov CovItemId="B132" Value="4"/>
<Cov CovItemId="B145" Value="2"/>
<Cov CovItemId="B153" Value="2"/>
<Cov CovItemId="B155" Value="2"/>
<Cov CovItemId="B65" Value="1"/>
<Cov CovItemId="B66" Value="3"/>
<Cov CovItemId="B68" Value="4"/>
<Cov CovItemId="B70" Value="4"/>
<Cov CovItemId="B71" Value="1"/>
<Cov CovItemId="B72" Value="3"/>
<Cov CovItemId="B73" Value="2"/>
<Cov CovItemId="B74" Value="2"/>
<Cov CovItemId="B84" Value="4"/>
<Cov CovItemId="L16-2" Value="4"/>
<Cov CovItemId="L17-2" Value="32"/>
<Cov CovItemId="L5-1" Value="4"/>
<Cov CovItemId="S1" Value="1"/>
<Cov CovItemId="S100" Value="4"/>
<Cov CovItemId="S101" Value="4"/>
<Cov CovItemId="S102" Value="4"/>
<Cov CovItemId="S103" Value="1"/>
<Cov CovItemId="S104" Value="4"/>
<Cov CovItemId="S105" Value="4"/>
<Cov CovItemId="S107" Value="4"/>
<Cov CovItemId="S108" Value="4"/>
<Cov CovItemId="S110" Value="4"/>
<Cov CovItemId="S111" Value="4"/>
<Cov CovItemId="S112" Value="1"/>
<Cov CovItemId="S113" Value="4"/>
<Cov CovItemId="S114" Value="2"/>
<Cov CovItemId="S115" Value="4"/>
<Cov CovItemId="S116" Value="4"/>
<Cov CovItemId="S117" Value="4"/>
<Cov CovItemId="S149" Value="4"/>
<Cov CovItemId="S191" Value="1"/>
<Cov CovItemId="S192" Value="1"/>
<Cov CovItemId="S193" Value="1"/>
<Cov CovItemId="S199" Value="1"/>
<Cov CovItemId="S2" Value="1"/>
<Cov CovItemId="S200" Value="1"/>
<Cov CovItemId="S201" Value="1"/>
<Cov CovItemId="S202" Value="1"/>
<Cov CovItemId="S203" Value="1"/>
<Cov CovItemId="S204" Value="1"/>
<Cov CovItemId="S221" Value="4"/>
<Cov CovItemId="S222" Value="4"/>
<Cov CovItemId="S223" Value="4"/>
<Cov CovItemId="S224" Value="4"/>
<Cov CovItemId="S225" Value="4"/>
<Cov CovItemId="S226" Value="4"/>
<Cov CovItemId="S227" Value="32"/>
<Cov CovItemId="S228" Value="256"/>
<Cov CovItemId="S229" Value="8"/>
<Cov CovItemId="S233" Value="8"/>
<Cov CovItemId="S234" Value="8"/>
<Cov CovItemId="S235" Value="8"/>
<Cov CovItemId="S236" Value="8"/>
<Cov CovItemId="S237" Value="4"/>
<Cov CovItemId="S239" Value="4"/>
<Cov CovItemId="S240" Value="4"/>
<Cov CovItemId="S251" Value="2"/>
<Cov CovItemId="S252" Value="2"/>
<Cov CovItemId="S262" Value="2"/>
<Cov CovItemId="S264" Value="2"/>
<Cov CovItemId="S266" Value="2"/>
<Cov CovItemId="S3" Value="1"/>
<Cov CovItemId="S4" Value="1"/>
<Cov CovItemId="S5" Value="1"/>
<Cov CovItemId="S99" Value="4"/>
</CovPrefix>
<CovPrefix CovItemPrefix="com.OriginalFiles.Board.java">
<Cov CovItemId="B1" Value="32"/>
<Cov CovItemId="B10" Value="8"/>
<Cov CovItemId="B2" Value="32"/>
<Cov CovItemId="B3" Value="12"/>
<Cov CovItemId="B31" Value="4"/>
<Cov CovItemId="B34" Value="4"/>
<Cov CovItemId="B36" Value="4"/>
<Cov CovItemId="B37" Value="4"/>
<Cov CovItemId="B4" Value="20"/>
<Cov CovItemId="B41" Value="21"/>
<Cov CovItemId="B43" Value="3"/>
<Cov CovItemId="B44" Value="8"/>
<Cov CovItemId="B45" Value="8"/>
<Cov CovItemId="B47" Value="8"/>
<Cov CovItemId="B5" Value="4"/>
<Cov CovItemId="B50" Value="8"/>
<Cov CovItemId="B55" Value="28"/>
<Cov CovItemId="B56" Value="28"/>
<Cov CovItemId="B57" Value="28"/>
<Cov CovItemId="B59" Value="28"/>
<Cov CovItemId="B6" Value="8"/>
<Cov CovItemId="B61" Value="5"/>
<Cov CovItemId="B62" Value="23"/>
<Cov CovItemId="B63" Value="160"/>
<Cov CovItemId="B64" Value="160"/>
<Cov CovItemId="B65" Value="11"/>
<Cov CovItemId="B66" Value="149"/>
<Cov CovItemId="B67" Value="10"/>
<Cov CovItemId="B68" Value="1"/>
<Cov CovItemId="B69" Value="1"/>
<Cov CovItemId="B7" Value="12"/>
<Cov CovItemId="B79" Value="1675"/>
<Cov CovItemId="B8" Value="20"/>
<Cov CovItemId="B81" Value="138"/>
<Cov CovItemId="B82" Value="1537"/>
<Cov CovItemId="B83" Value="79"/>
<Cov CovItemId="B84" Value="1801"/>
<Cov CovItemId="B85" Value="38"/>
<Cov CovItemId="B86" Value="1763"/>
<Cov CovItemId="B9" Value="4"/>
<Cov CovItemId="L1-2" Value="1"/>
<Cov CovItemId="L10-2" Value="80"/>
<Cov CovItemId="L13-2" Value="5"/>
<Cov CovItemId="L14-2" Value="40"/>
<Cov CovItemId="L2-2" Value="8"/>
<Cov CovItemId="L3-2" Value="1"/>
<Cov CovItemId="L4-2" Value="1"/>
<Cov CovItemId="L5-2" Value="1"/>
<Cov CovItemId="L6-2" Value="3"/>
<Cov CovItemId="L7-2" Value="1"/>
<Cov CovItemId="L8-2" Value="2"/>
<Cov CovItemId="L9-2" Value="10"/>
<Cov CovItemId="S1" Value="1"/>
<Cov CovItemId="S10" Value="1"/>
<Cov CovItemId="S101" Value="4"/>
<Cov CovItemId="S102" Value="4"/>
<Cov CovItemId="S104" Value="4"/>
<Cov CovItemId="S106" Value="4"/>
<Cov CovItemId="S107" Value="4"/>
<Cov CovItemId="S108" Value="4"/>
<Cov CovItemId="S109" Value="4"/>
<Cov CovItemId="S11" Value="8"/>
<Cov CovItemId="S115" Value="21"/>
<Cov CovItemId="S116" Value="21"/>
<Cov CovItemId="S118" Value="11"/>
<Cov CovItemId="S119" Value="11"/>
<Cov CovItemId="S12" Value="64"/>
<Cov CovItemId="S120" Value="3"/>
<Cov CovItemId="S121" Value="8"/>
<Cov CovItemId="S122" Value="8"/>
<Cov CovItemId="S123" Value="8"/>
<Cov CovItemId="S124" Value="8"/>
<Cov CovItemId="S125" Value="8"/>
<Cov CovItemId="S126" Value="8"/>
<Cov CovItemId="S127" Value="8"/>
<Cov CovItemId="S128" Value="8"/>
<Cov CovItemId="S13" Value="64"/>
<Cov CovItemId="S133" Value="8"/>
<Cov CovItemId="S134" Value="11"/>
<Cov CovItemId="S135" Value="56"/>
<Cov CovItemId="S136" Value="28"/>
<Cov CovItemId="S137" Value="28"/>
<Cov CovItemId="S138" Value="28"/>
<Cov CovItemId="S139" Value="28"/>
<Cov CovItemId="S14" Value="64"/>
<Cov CovItemId="S140" Value="5"/>
<Cov CovItemId="S141" Value="23"/>
<Cov CovItemId="S142" Value="40"/>
<Cov CovItemId="S143" Value="5"/>
<Cov CovItemId="S144" Value="5"/>
<Cov CovItemId="S145" Value="40"/>
<Cov CovItemId="S146" Value="320"/>
<Cov CovItemId="S147" Value="160"/>
<Cov CovItemId="S148" Value="11"/>
<Cov CovItemId="S149" Value="10"/>
<Cov CovItemId="S15" Value="64"/>
<Cov CovItemId="S150" Value="1"/>
<Cov CovItemId="S151" Value="5"/>
<Cov CovItemId="S152" Value="1"/>
<Cov CovItemId="S153" Value="1"/>
<Cov CovItemId="S154" Value="1"/>
<Cov CovItemId="S16" Value="32"/>
<Cov CovItemId="S17" Value="32"/>
<Cov CovItemId="S176" Value="1675"/>
<Cov CovItemId="S177" Value="1675"/>
<Cov CovItemId="S178" Value="138"/>
<Cov CovItemId="S179" Value="1537"/>
<Cov CovItemId="S18" Value="32"/>
<Cov CovItemId="S180" Value="1880"/>
<Cov CovItemId="S181" Value="79"/>
<Cov CovItemId="S182" Value="1801"/>
<Cov CovItemId="S183" Value="38"/>
<Cov CovItemId="S184" Value="1763"/>
<Cov CovItemId="S185" Value="5742"/>
<Cov CovItemId="S19" Value="12"/>
<Cov CovItemId="S2" Value="1"/>
<Cov CovItemId="S20" Value="12"/>
<Cov CovItemId="S21" Value="12"/>
<Cov CovItemId="S22" Value="4"/>
<Cov CovItemId="S23" Value="32"/>
<Cov CovItemId="S24" Value="12"/>
<Cov CovItemId="S25" Value="12"/>
<Cov CovItemId="S26" Value="12"/>
<Cov CovItemId="S27" Value="4"/>
<Cov CovItemId="S28" Value="32"/>
<Cov CovItemId="S29" Value="32"/>
<Cov CovItemId="S3" Value="1"/>
<Cov CovItemId="S30" Value="64"/>
<Cov CovItemId="S31" Value="1"/>
<Cov CovItemId="S32" Value="8"/>
<Cov CovItemId="S33" Value="8"/>
<Cov CovItemId="S34" Value="8"/>
<Cov CovItemId="S35" Value="8"/>
<Cov CovItemId="S36" Value="8"/>
<Cov CovItemId="S37" Value="8"/>
<Cov CovItemId="S38" Value="8"/>
<Cov CovItemId="S39" Value="8"/>
<Cov CovItemId="S4" Value="1"/>
<Cov CovItemId="S40" Value="1"/>
<Cov CovItemId="S41" Value="8"/>
<Cov CovItemId="S42" Value="8"/>
<Cov CovItemId="S43" Value="8"/>
<Cov CovItemId="S44" Value="8"/>
<Cov CovItemId="S45" Value="8"/>
<Cov CovItemId="S46" Value="8"/>
<Cov CovItemId="S47" Value="8"/>
<Cov CovItemId="S48" Value="8"/>
<Cov CovItemId="S49" Value="1"/>
<Cov CovItemId="S5" Value="1"/>
<Cov CovItemId="S50" Value="3"/>
<Cov CovItemId="S51" Value="24"/>
<Cov CovItemId="S52" Value="24"/>
<Cov CovItemId="S53" Value="24"/>
<Cov CovItemId="S54" Value="24"/>
<Cov CovItemId="S55" Value="1"/>
<Cov CovItemId="S56" Value="2"/>
<Cov CovItemId="S57" Value="16"/>
<Cov CovItemId="S58" Value="16"/>
<Cov CovItemId="S59" Value="16"/>
<Cov CovItemId="S6" Value="1"/>
<Cov CovItemId="S60" Value="16"/>
<Cov CovItemId="S61" Value="10"/>
<Cov CovItemId="S62" Value="80"/>
<Cov CovItemId="S63" Value="640"/>
<Cov CovItemId="S7" Value="1"/>
<Cov CovItemId="S8" Value="1"/>
<Cov CovItemId="S9" Value="1"/>
<Cov CovItemId="S98" Value="4"/>
<Cov CovItemId="S99" Value="4"/>
</CovPrefix>
<CovPrefix CovItemPrefix="com.OriginalFiles.Field.java">
<Cov CovItemId="B1" Value="49"/>
<Cov CovItemId="B2" Value="10"/>
<Cov CovItemId="S1" Value="120"/>
<Cov CovItemId="S13" Value="68"/>
<Cov CovItemId="S2" Value="120"/>
<Cov CovItemId="S5" Value="59"/>
<Cov CovItemId="S6" Value="59"/>
<Cov CovItemId="S7" Value="49"/>
<Cov CovItemId="S8" Value="413"/>
<Cov CovItemId="S9" Value="2217"/>
</CovPrefix>
<CovPrefix CovItemPrefix="com.OriginalFiles.MI.java">
<Cov CovItemId="B1" Value="1"/>
<Cov CovItemId="B10" Value="1"/>
<Cov CovItemId="B11" Value="1"/>
<Cov CovItemId="B13" Value="2"/>
<Cov CovItemId="B17" Value="2"/>
<Cov CovItemId="B20" Value="2"/>
<Cov CovItemId="B22" Value="2"/>
<Cov CovItemId="B3" Value="27"/>
<Cov CovItemId="B30" Value="2"/>
<Cov CovItemId="B32" Value="2"/>
<Cov CovItemId="B33" Value="2"/>
<Cov CovItemId="B35" Value="2"/>
<Cov CovItemId="B37" Value="2"/>
<Cov CovItemId="B39" Value="2"/>
<Cov CovItemId="B4" Value="101"/>
<Cov CovItemId="B41" Value="2"/>
<Cov CovItemId="B44" Value="2"/>
<Cov CovItemId="B49" Value="2"/>
<Cov CovItemId="B5" Value="14"/>
<Cov CovItemId="B51" Value="3"/>
<Cov CovItemId="B52" Value="61"/>
<Cov CovItemId="B53" Value="2"/>
<Cov CovItemId="B54" Value="1"/>
<Cov CovItemId="B55" Value="2"/>
<Cov CovItemId="B57" Value="2"/>
<Cov CovItemId="B6" Value="13"/>
<Cov CovItemId="B61" Value="1"/>
<Cov CovItemId="B8" Value="1"/>
<Cov CovItemId="B9" Value="1"/>
<Cov CovItemId="L1-2" Value="2"/>
<Cov CovItemId="L10-2" Value="1"/>
<Cov CovItemId="L11-2" Value="8"/>
<Cov CovItemId="L12-1" Value="2"/>
<Cov CovItemId="L2-2" Value="16"/>
<Cov CovItemId="L3-2" Value="1"/>
<Cov CovItemId="L5-2" Value="2"/>
<Cov CovItemId="L6-0" Value="2"/>
<Cov CovItemId="L7-1" Value="2"/>
<Cov CovItemId="L8-1" Value="2"/>
<Cov CovItemId="L9-1" Value="2"/>
<Cov CovItemId="S1" Value="1"/>
<Cov CovItemId="S10" Value="1"/>
<Cov CovItemId="S100" Value="2"/>
<Cov CovItemId="S101" Value="2"/>
<Cov CovItemId="S102" Value="2"/>
<Cov CovItemId="S103" Value="2"/>
<Cov CovItemId="S104" Value="2"/>
<Cov CovItemId="S105" Value="2"/>
<Cov CovItemId="S106" Value="2"/>
<Cov CovItemId="S107" Value="2"/>
<Cov CovItemId="S108" Value="2"/>
<Cov CovItemId="S109" Value="2"/>
<Cov CovItemId="S11" Value="1"/>
<Cov CovItemId="S115" Value="2"/>
<Cov CovItemId="S116" Value="2"/>
<Cov CovItemId="S117" Value="2"/>
<Cov CovItemId="S118" Value="2"/>
<Cov CovItemId="S119" Value="2"/>
<Cov CovItemId="S12" Value="1"/>
<Cov CovItemId="S120" Value="2"/>
<Cov CovItemId="S122" Value="2"/>
<Cov CovItemId="S123" Value="1"/>
<Cov CovItemId="S124" Value="1"/>
<Cov CovItemId="S125" Value="1"/>
<Cov CovItemId="S126" Value="1"/>
<Cov CovItemId="S127" Value="8"/>
<Cov CovItemId="S128" Value="64"/>
<Cov CovItemId="S129" Value="3"/>
<Cov CovItemId="S130" Value="2"/>
<Cov CovItemId="S131" Value="2"/>
<Cov CovItemId="S132" Value="2"/>
<Cov CovItemId="S133" Value="2"/>
<Cov CovItemId="S134" Value="2"/>
<Cov CovItemId="S14" Value="1"/>
<Cov CovItemId="S140" Value="1"/>
<Cov CovItemId="S141" Value="1"/>
<Cov CovItemId="S15" Value="1"/>
<Cov CovItemId="S16" Value="2"/>
<Cov CovItemId="S17" Value="2"/>
<Cov CovItemId="S18" Value="2"/>
<Cov CovItemId="S19" Value="16"/>
<Cov CovItemId="S2" Value="1"/>
<Cov CovItemId="S20" Value="128"/>
<Cov CovItemId="S21" Value="27"/>
<Cov CovItemId="S22" Value="14"/>
<Cov CovItemId="S23" Value="13"/>
<Cov CovItemId="S24" Value="1"/>
<Cov CovItemId="S25" Value="1"/>
<Cov CovItemId="S26" Value="1"/>
<Cov CovItemId="S27" Value="1"/>
<Cov CovItemId="S28" Value="1"/>
<Cov CovItemId="S3" Value="1"/>
<Cov CovItemId="S30" Value="1"/>
<Cov CovItemId="S31" Value="2"/>
<Cov CovItemId="S32" Value="2"/>
<Cov CovItemId="S33" Value="2"/>
<Cov CovItemId="S34" Value="2"/>
<Cov CovItemId="S35" Value="1"/>
<Cov CovItemId="S36" Value="1"/>
<Cov CovItemId="S37" Value="1"/>
<Cov CovItemId="S38" Value="1"/>
<Cov CovItemId="S39" Value="1"/>
<Cov CovItemId="S4" Value="1"/>
<Cov CovItemId="S40" Value="1"/>
<Cov CovItemId="S41" Value="2"/>
<Cov CovItemId="S42" Value="2"/>
<Cov CovItemId="S5" Value="1"/>
<Cov CovItemId="S54" Value="2"/>
<Cov CovItemId="S55" Value="2"/>
<Cov CovItemId="S56" Value="2"/>
<Cov CovItemId="S57" Value="2"/>
<Cov CovItemId="S58" Value="2"/>
<Cov CovItemId="S59" Value="2"/>
<Cov CovItemId="S6" Value="1"/>
<Cov CovItemId="S61" Value="2"/>
<Cov CovItemId="S62" Value="2"/>
<Cov CovItemId="S63" Value="2"/>
<Cov CovItemId="S64" Value="4"/>
<Cov CovItemId="S65" Value="2"/>
<Cov CovItemId="S67" Value="2"/>
<Cov CovItemId="S68" Value="2"/>
<Cov CovItemId="S7" Value="1"/>
<Cov CovItemId="S71" Value="2"/>
<Cov CovItemId="S72" Value="2"/>
<Cov CovItemId="S8" Value="1"/>
<Cov CovItemId="S80" Value="2"/>
<Cov CovItemId="S81" Value="2"/>
<Cov CovItemId="S83" Value="2"/>
<Cov CovItemId="S84" Value="2"/>
<Cov CovItemId="S86" Value="2"/>
<Cov CovItemId="S87" Value="2"/>
<Cov CovItemId="S88" Value="2"/>
<Cov CovItemId="S89" Value="2"/>
<Cov CovItemId="S9" Value="1"/>
<Cov CovItemId="S90" Value="2"/>
<Cov CovItemId="S91" Value="2"/>
<Cov CovItemId="S92" Value="2"/>
<Cov CovItemId="S93" Value="2"/>
<Cov CovItemId="S94" Value="2"/>
<Cov CovItemId="S95" Value="2"/>
<Cov CovItemId="S97" Value="2"/>
<Cov CovItemId="S98" Value="2"/>
<Cov CovItemId="S99" Value="2"/>
</CovPrefix>
<CovPrefix CovItemPrefix="com.OriginalFiles.Move.java">
<Cov CovItemId="S1" Value="2"/>
<Cov CovItemId="S2" Value="2"/>
<Cov CovItemId="S8" Value="2"/>
<Cov CovItemId="S9" Value="2"/>
</CovPrefix>
<CovPrefix CovItemPrefix="com.OriginalFiles.Piece.java">
<Cov CovItemId="B10" Value="15"/>
<Cov CovItemId="B11" Value="37"/>
<Cov CovItemId="B12" Value="16"/>
<Cov CovItemId="B14" Value="37"/>
<Cov CovItemId="B15" Value="33"/>
<Cov CovItemId="B16" Value="4"/>
<Cov CovItemId="B17" Value="4"/>
<Cov CovItemId="B18" Value="33"/>
<Cov CovItemId="B19" Value="4"/>
<Cov CovItemId="B2" Value="49"/>
<Cov CovItemId="B21" Value="4"/>
<Cov CovItemId="B24" Value="4"/>
<Cov CovItemId="B26" Value="4"/>
<Cov CovItemId="B34" Value="37"/>
<Cov CovItemId="B35" Value="8"/>
<Cov CovItemId="B36" Value="29"/>
<Cov CovItemId="B37" Value="8"/>
<Cov CovItemId="B40" Value="37"/>
<Cov CovItemId="B44" Value="4"/>
<Cov CovItemId="B46" Value="4"/>
<Cov CovItemId="B47" Value="8"/>
<Cov CovItemId="B49" Value="8"/>
<Cov CovItemId="B5" Value="37"/>
<Cov CovItemId="B51" Value="32"/>
<Cov CovItemId="B54" Value="32"/>
<Cov CovItemId="B6" Value="16"/>
<Cov CovItemId="B69" Value="1554"/>
<Cov CovItemId="B7" Value="4"/>
<Cov CovItemId="B70" Value="2318"/>
<Cov CovItemId="B72" Value="1554"/>
<Cov CovItemId="B9" Value="18"/>
<Cov CovItemId="L1-2" Value="4"/>
<Cov CovItemId="L2-2" Value="32"/>
<Cov CovItemId="L3-2" Value="320"/>
<Cov CovItemId="S1" Value="40"/>
<Cov CovItemId="S10" Value="40"/>
<Cov CovItemId="S11" Value="40"/>
<Cov CovItemId="S118" Value="32"/>
<Cov CovItemId="S119" Value="4"/>
<Cov CovItemId="S12" Value="40"/>
<Cov CovItemId="S120" Value="4"/>
<Cov CovItemId="S121" Value="4"/>
<Cov CovItemId="S122" Value="32"/>
<Cov CovItemId="S123" Value="32"/>
<Cov CovItemId="S124" Value="320"/>
<Cov CovItemId="S125" Value="3872"/>
<Cov CovItemId="S126" Value="1554"/>
<Cov CovItemId="S129" Value="4"/>
<Cov CovItemId="S13" Value="40"/>
<Cov CovItemId="S14" Value="40"/>
<Cov CovItemId="S15" Value="40"/>
<Cov CovItemId="S16" Value="40"/>
<Cov CovItemId="S17" Value="40"/>
<Cov CovItemId="S18" Value="40"/>
<Cov CovItemId="S19" Value="40"/>
<Cov CovItemId="S2" Value="40"/>
<Cov CovItemId="S20" Value="40"/>
<Cov CovItemId="S21" Value="40"/>
<Cov CovItemId="S22" Value="2"/>
<Cov CovItemId="S23" Value="2"/>
<Cov CovItemId="S24" Value="49"/>
<Cov CovItemId="S25" Value="49"/>
<Cov CovItemId="S26" Value="49"/>
<Cov CovItemId="S3" Value="40"/>
<Cov CovItemId="S30" Value="49"/>
<Cov CovItemId="S31" Value="49"/>
<Cov CovItemId="S32" Value="53"/>
<Cov CovItemId="S33" Value="37"/>
<Cov CovItemId="S34" Value="16"/>
<Cov CovItemId="S35" Value="16"/>
<Cov CovItemId="S36" Value="4"/>
<Cov CovItemId="S37" Value="4"/>
<Cov CovItemId="S38" Value="4"/>
<Cov CovItemId="S39" Value="33"/>
<Cov CovItemId="S4" Value="40"/>
<Cov CovItemId="S40" Value="18"/>
<Cov CovItemId="S41" Value="15"/>
<Cov CovItemId="S42" Value="49"/>
<Cov CovItemId="S43" Value="53"/>
<Cov CovItemId="S44" Value="37"/>
<Cov CovItemId="S45" Value="37"/>
<Cov CovItemId="S46" Value="37"/>
<Cov CovItemId="S48" Value="37"/>
<Cov CovItemId="S49" Value="33"/>
<Cov CovItemId="S5" Value="40"/>
<Cov CovItemId="S50" Value="37"/>
<Cov CovItemId="S51" Value="4"/>
<Cov CovItemId="S52" Value="4"/>
<Cov CovItemId="S53" Value="4"/>
<Cov CovItemId="S54" Value="4"/>
<Cov CovItemId="S55" Value="4"/>
<Cov CovItemId="S57" Value="4"/>
<Cov CovItemId="S58" Value="4"/>
<Cov CovItemId="S6" Value="40"/>
<Cov CovItemId="S65" Value="37"/>
<Cov CovItemId="S67" Value="37"/>
<Cov CovItemId="S68" Value="8"/>
<Cov CovItemId="S69" Value="8"/>
<Cov CovItemId="S7" Value="40"/>
<Cov CovItemId="S70" Value="8"/>
<Cov CovItemId="S71" Value="37"/>
<Cov CovItemId="S73" Value="37"/>
<Cov CovItemId="S77" Value="4"/>
<Cov CovItemId="S78" Value="4"/>
<Cov CovItemId="S79" Value="4"/>
<Cov CovItemId="S8" Value="40"/>
<Cov CovItemId="S81" Value="4"/>
<Cov CovItemId="S82" Value="4"/>
<Cov CovItemId="S83" Value="4"/>
<Cov CovItemId="S86" Value="4"/>
<Cov CovItemId="S87" Value="8"/>
<Cov CovItemId="S88" Value="8"/>
<Cov CovItemId="S89" Value="8"/>
<Cov CovItemId="S9" Value="40"/>
<Cov CovItemId="S90" Value="8"/>
<Cov CovItemId="S91" Value="8"/>
<Cov CovItemId="S92" Value="8"/>
<Cov CovItemId="S93" Value="8"/>
<Cov CovItemId="S94" Value="8"/>
<Cov CovItemId="S95" Value="8"/>
<Cov CovItemId="S97" Value="32"/>
<Cov CovItemId="S98" Value="32"/>
<Cov CovItemId="S99" Value="32"/>
</CovPrefix>
<CovPrefix CovItemPrefix="com.OriginalFiles.RemoteNXTFunctions.java">
<Cov CovItemId="B5" Value="1"/>
<Cov CovItemId="B7" Value="1"/>
<Cov CovItemId="S1" Value="1"/>
<Cov CovItemId="S162" Value="1"/>
<Cov CovItemId="S19" Value="1"/>
<Cov CovItemId="S2" Value="1"/>
<Cov CovItemId="S20" Value="1"/>
<Cov CovItemId="S21" Value="1"/>
<Cov CovItemId="S22" Value="1"/>
<Cov CovItemId="S3" Value="1"/>
</CovPrefix>
</CovList>
<AssgnmntList>
<AssgnmntPrefix RootTermCovItemPrefix="com.OriginalFiles.Analyze.java">
<AssgnmntListEntry Length="1" RootTermCovItemId="C34">
<MapEntry BoolAssgnmnt="0" Value="3"/>
<MapEntry BoolAssgnmnt="1" Value="1"/>
</AssgnmntListEntry>
<AssgnmntListEntry Length="1" RootTermCovItemId="C35">
<MapEntry BoolAssgnmnt="0" Value="4"/>
</AssgnmntListEntry>
<AssgnmntListEntry Length="1" RootTermCovItemId="C36">
<MapEntry BoolAssgnmnt="0" Value="4"/>
</AssgnmntListEntry>
<AssgnmntListEntry Length="1" RootTermCovItemId="C37">
<MapEntry BoolAssgnmnt="0" Value="3"/>
<MapEntry BoolAssgnmnt="1" Value="1"/>
</AssgnmntListEntry>
<AssgnmntListEntry Length="1" RootTermCovItemId="C38">
<MapEntry BoolAssgnmnt="0" Value="2"/>
<MapEntry BoolAssgnmnt="1" Value="2"/>
</AssgnmntListEntry>
<AssgnmntListEntry Length="1" RootTermCovItemId="C39">
<MapEntry BoolAssgnmnt="0" Value="4"/>
<MapEntry BoolAssgnmnt="1" Value="4"/>
</AssgnmntListEntry>
<AssgnmntListEntry Length="1" RootTermCovItemId="C49">
<MapEntry BoolAssgnmnt="0" Value="4"/>
</AssgnmntListEntry>
<AssgnmntListEntry Length="1" RootTermCovItemId="C64">
<MapEntry BoolAssgnmnt="1" Value="1"/>
</AssgnmntListEntry>
<AssgnmntListEntry Length="6" RootTermCovItemId="C66">
<MapEntry BoolAssgnmnt="111111" Value="1"/>
</AssgnmntListEntry>
<AssgnmntListEntry Length="1" RootTermCovItemId="C70">
<MapEntry BoolAssgnmnt="0" Value="8"/>
<MapEntry BoolAssgnmnt="1" Value="248"/>
</AssgnmntListEntry>
<AssgnmntListEntry Length="1" RootTermCovItemId="C71">
<MapEntry BoolAssgnmnt="0" Value="8"/>
</AssgnmntListEntry>
<AssgnmntListEntry Length="1" RootTermCovItemId="C73">
<MapEntry BoolAssgnmnt="1" Value="8"/>
</AssgnmntListEntry>
<AssgnmntListEntry Length="1" RootTermCovItemId="C74">
<MapEntry BoolAssgnmnt="1" Value="8"/>
</AssgnmntListEntry>
<AssgnmntListEntry Length="3" RootTermCovItemId="C75">
<MapEntry BoolAssgnmnt="012" Value="4"/>
</AssgnmntListEntry>
<AssgnmntListEntry Length="3" RootTermCovItemId="C76">
<MapEntry BoolAssgnmnt="122" Value="4"/>
</AssgnmntListEntry>
<AssgnmntListEntry Length="1" RootTermCovItemId="C82">
<MapEntry BoolAssgnmnt="0" Value="2"/>
</AssgnmntListEntry>
<AssgnmntListEntry Length="2" RootTermCovItemId="C88">
<MapEntry BoolAssgnmnt="12" Value="2"/>
</AssgnmntListEntry>
<AssgnmntListEntry Length="2" RootTermCovItemId="C89">
<MapEntry BoolAssgnmnt="10" Value="2"/>
</AssgnmntListEntry>
</AssgnmntPrefix>
<AssgnmntPrefix RootTermCovItemPrefix="com.OriginalFiles.Board.java">
<AssgnmntListEntry Length="1" RootTermCovItemId="C1">
<MapEntry BoolAssgnmnt="0" Value="1"/>
<MapEntry BoolAssgnmnt="1" Value="8"/>
</AssgnmntListEntry>
<AssgnmntListEntry Length="1" RootTermCovItemId="C10">
<MapEntry BoolAssgnmnt="0" Value="1"/>
<MapEntry BoolAssgnmnt="1" Value="3"/>
</AssgnmntListEntry>
<AssgnmntListEntry Length="1" RootTermCovItemId="C11">
<MapEntry BoolAssgnmnt="0" Value="3"/>
<MapEntry BoolAssgnmnt="1" Value="24"/>
</AssgnmntListEntry>
<AssgnmntListEntry Length="1" RootTermCovItemId="C12">
<MapEntry BoolAssgnmnt="0" Value="1"/>
<MapEntry BoolAssgnmnt="1" Value="2"/>
</AssgnmntListEntry>
<AssgnmntListEntry Length="1" RootTermCovItemId="C13">
<MapEntry BoolAssgnmnt="0" Value="2"/>
<MapEntry BoolAssgnmnt="1" Value="16"/>
</AssgnmntListEntry>
<AssgnmntListEntry Length="1" RootTermCovItemId="C2">
<MapEntry BoolAssgnmnt="0" Value="8"/>
<MapEntry BoolAssgnmnt="1" Value="64"/>
</AssgnmntListEntry>
<AssgnmntListEntry Length="1" RootTermCovItemId="C26">
<MapEntry BoolAssgnmnt="0" Value="4"/>
</AssgnmntListEntry>
<AssgnmntListEntry Length="1" RootTermCovItemId="C27">
<MapEntry BoolAssgnmnt="0" Value="4"/>
</AssgnmntListEntry>
<AssgnmntListEntry Length="2" RootTermCovItemId="C28">
<MapEntry BoolAssgnmnt="02" Value="4"/>
</AssgnmntListEntry>
<AssgnmntListEntry Length="1" RootTermCovItemId="C29">
<MapEntry BoolAssgnmnt="1" Value="4"/>
</AssgnmntListEntry>
<AssgnmntListEntry Length="1" RootTermCovItemId="C3">
<MapEntry BoolAssgnmnt="0" Value="32"/>
<MapEntry BoolAssgnmnt="1" Value="32"/>
</AssgnmntListEntry>
<AssgnmntListEntry Length="1" RootTermCovItemId="C31">
<MapEntry BoolAssgnmnt="1" Value="21"/>
</AssgnmntListEntry>
<AssgnmntListEntry Length="1" RootTermCovItemId="C32">
<MapEntry BoolAssgnmnt="0" Value="8"/>
<MapEntry BoolAssgnmnt="1" Value="3"/>
</AssgnmntListEntry>
<AssgnmntListEntry Length="1" RootTermCovItemId="C33">
<MapEntry BoolAssgnmnt="0" Value="8"/>
</AssgnmntListEntry>
<AssgnmntListEntry Length="1" RootTermCovItemId="C34">
<MapEntry BoolAssgnmnt="0" Value="8"/>
</AssgnmntListEntry>
<AssgnmntListEntry Length="1" RootTermCovItemId="C35">
<MapEntry BoolAssgnmnt="0" Value="8"/>
</AssgnmntListEntry>
<AssgnmntListEntry Length="5" RootTermCovItemId="C38">
<MapEntry BoolAssgnmnt="02002" Value="1"/>
<MapEntry BoolAssgnmnt="10122" Value="27"/>
<MapEntry BoolAssgnmnt="11220" Value="28"/>
</AssgnmntListEntry>
<AssgnmntListEntry Length="1" RootTermCovItemId="C39">
<MapEntry BoolAssgnmnt="1" Value="28"/>
</AssgnmntListEntry>
<AssgnmntListEntry Length="1" RootTermCovItemId="C4">
<MapEntry BoolAssgnmnt="0" Value="20"/>
<MapEntry BoolAssgnmnt="1" Value="12"/>
</AssgnmntListEntry>
<AssgnmntListEntry Length="1" RootTermCovItemId="C40">
<MapEntry BoolAssgnmnt="0" Value="28"/>
</AssgnmntListEntry>
<AssgnmntListEntry Length="2" RootTermCovItemId="C41">
<MapEntry BoolAssgnmnt="10" Value="5"/>
<MapEntry BoolAssgnmnt="02" Value="23"/>
</AssgnmntListEntry>
<AssgnmntListEntry Length="1" RootTermCovItemId="C42">
<MapEntry BoolAssgnmnt="0" Value="160"/>
<MapEntry BoolAssgnmnt="1" Value="160"/>
</AssgnmntListEntry>
<AssgnmntListEntry Length="1" RootTermCovItemId="C43">
<MapEntry BoolAssgnmnt="0" Value="149"/>
<MapEntry BoolAssgnmnt="1" Value="11"/>
</AssgnmntListEntry>
<AssgnmntListEntry Length="1" RootTermCovItemId="C44">
<MapEntry BoolAssgnmnt="0" Value="1"/>
<MapEntry BoolAssgnmnt="1" Value="10"/>
</AssgnmntListEntry>
<AssgnmntListEntry Length="1" RootTermCovItemId="C45">
<MapEntry BoolAssgnmnt="1" Value="1"/>
</AssgnmntListEntry>
<AssgnmntListEntry Length="1" RootTermCovItemId="C5">
<MapEntry BoolAssgnmnt="0" Value="8"/>
<MapEntry BoolAssgnmnt="1" Value="4"/>
</AssgnmntListEntry>
<AssgnmntListEntry Length="1" RootTermCovItemId="C53">
<MapEntry BoolAssgnmnt="1" Value="1675"/>
</AssgnmntListEntry>
<AssgnmntListEntry Length="1" RootTermCovItemId="C54">
<MapEntry BoolAssgnmnt="0" Value="138"/>
<MapEntry BoolAssgnmnt="1" Value="1537"/>
</AssgnmntListEntry>
<AssgnmntListEntry Length="3" RootTermCovItemId="C55">
<MapEntry BoolAssgnmnt="002" Value="79"/>
<MapEntry BoolAssgnmnt="120" Value="79"/>
<MapEntry BoolAssgnmnt="121" Value="1722"/>
</AssgnmntListEntry>
<AssgnmntListEntry Length="3" RootTermCovItemId="C56">
<MapEntry BoolAssgnmnt="002" Value="1722"/>
<MapEntry BoolAssgnmnt="120" Value="41"/>
<MapEntry BoolAssgnmnt="121" Value="38"/>
</AssgnmntListEntry>
<AssgnmntListEntry Length="1" RootTermCovItemId="C6">
<MapEntry BoolAssgnmnt="0" Value="20"/>
<MapEntry BoolAssgnmnt="1" Value="12"/>
</AssgnmntListEntry>
<AssgnmntListEntry Length="1" RootTermCovItemId="C7">
<MapEntry BoolAssgnmnt="0" Value="8"/>
<MapEntry BoolAssgnmnt="1" Value="4"/>
</AssgnmntListEntry>
<AssgnmntListEntry Length="1" RootTermCovItemId="C8">
<MapEntry BoolAssgnmnt="0" Value="1"/>
<MapEntry BoolAssgnmnt="1" Value="8"/>
</AssgnmntListEntry>
<AssgnmntListEntry Length="1" RootTermCovItemId="C9">
<MapEntry BoolAssgnmnt="0" Value="1"/>
<MapEntry BoolAssgnmnt="1" Value="8"/>
</AssgnmntListEntry>
</AssgnmntPrefix>
<AssgnmntPrefix RootTermCovItemPrefix="com.OriginalFiles.Field.java">
<AssgnmntListEntry Length="1" RootTermCovItemId="C1">
<MapEntry BoolAssgnmnt="0" Value="49"/>
<MapEntry BoolAssgnmnt="1" Value="10"/>
</AssgnmntListEntry>
</AssgnmntPrefix>
<AssgnmntPrefix RootTermCovItemPrefix="com.OriginalFiles.MI.java">
<AssgnmntListEntry Length="1" RootTermCovItemId="C1">
<MapEntry BoolAssgnmnt="1" Value="1"/>
</AssgnmntListEntry>
<AssgnmntListEntry Length="1" RootTermCovItemId="C10">
<MapEntry BoolAssgnmnt="1" Value="2"/>
</AssgnmntListEntry>
<AssgnmntListEntry Length="1" RootTermCovItemId="C11">
<MapEntry BoolAssgnmnt="0" Value="2"/>
<MapEntry BoolAssgnmnt="1" Value="4"/>
</AssgnmntListEntry>
<AssgnmntListEntry Length="1" RootTermCovItemId="C12">
<MapEntry BoolAssgnmnt="0" Value="2"/>
</AssgnmntListEntry>
<AssgnmntListEntry Length="1" RootTermCovItemId="C15">
<MapEntry BoolAssgnmnt="0" Value="2"/>
</AssgnmntListEntry>
<AssgnmntListEntry Length="1" RootTermCovItemId="C16">
<MapEntry BoolAssgnmnt="0" Value="2"/>
</AssgnmntListEntry>
<AssgnmntListEntry Length="1" RootTermCovItemId="C17">
<MapEntry BoolAssgnmnt="1" Value="2"/>
</AssgnmntListEntry>
<AssgnmntListEntry Length="1" RootTermCovItemId="C18">
<MapEntry BoolAssgnmnt="0" Value="2"/>
<MapEntry BoolAssgnmnt="1" Value="2"/>
</AssgnmntListEntry>
<AssgnmntListEntry Length="1" RootTermCovItemId="C19">
<MapEntry BoolAssgnmnt="1" Value="2"/>
</AssgnmntListEntry>
<AssgnmntListEntry Length="1" RootTermCovItemId="C2">
<MapEntry BoolAssgnmnt="0" Value="27"/>
<MapEntry BoolAssgnmnt="1" Value="101"/>
</AssgnmntListEntry>
<AssgnmntListEntry Length="1" RootTermCovItemId="C20">
<MapEntry BoolAssgnmnt="1" Value="2"/>
</AssgnmntListEntry>
<AssgnmntListEntry Length="1" RootTermCovItemId="C21">
<MapEntry BoolAssgnmnt="1" Value="2"/>
</AssgnmntListEntry>
<AssgnmntListEntry Length="1" RootTermCovItemId="C22">
<MapEntry BoolAssgnmnt="0" Value="2"/>
<MapEntry BoolAssgnmnt="1" Value="2"/>
</AssgnmntListEntry>
<AssgnmntListEntry Length="1" RootTermCovItemId="C23">
<MapEntry BoolAssgnmnt="0" Value="2"/>
</AssgnmntListEntry>
<AssgnmntListEntry Length="2" RootTermCovItemId="C24">
<MapEntry BoolAssgnmnt="02" Value="2"/>
</AssgnmntListEntry>
<AssgnmntListEntry Length="1" RootTermCovItemId="C27">
<MapEntry BoolAssgnmnt="0" Value="2"/>
<MapEntry BoolAssgnmnt="1" Value="2"/>
</AssgnmntListEntry>
<AssgnmntListEntry Length="1" RootTermCovItemId="C28">
<MapEntry BoolAssgnmnt="1" Value="2"/>
</AssgnmntListEntry>
<AssgnmntListEntry Length="1" RootTermCovItemId="C29">
<MapEntry BoolAssgnmnt="0" Value="3"/>
<MapEntry BoolAssgnmnt="1" Value="61"/>
</AssgnmntListEntry>
<AssgnmntListEntry Length="1" RootTermCovItemId="C3">
<MapEntry BoolAssgnmnt="0" Value="13"/>
<MapEntry BoolAssgnmnt="1" Value="14"/>
</AssgnmntListEntry>
<AssgnmntListEntry Length="2" RootTermCovItemId="C30">
<MapEntry BoolAssgnmnt="10" Value="1"/>
<MapEntry BoolAssgnmnt="11" Value="2"/>
</AssgnmntListEntry>
<AssgnmntListEntry Length="1" RootTermCovItemId="C31">
<MapEntry BoolAssgnmnt="1" Value="2"/>
</AssgnmntListEntry>
<AssgnmntListEntry Length="1" RootTermCovItemId="C32">
<MapEntry BoolAssgnmnt="1" Value="2"/>
</AssgnmntListEntry>
<AssgnmntListEntry Length="1" RootTermCovItemId="C34">
<MapEntry BoolAssgnmnt="1" Value="1"/>
</AssgnmntListEntry>
<AssgnmntListEntry Length="1" RootTermCovItemId="C4">
<MapEntry BoolAssgnmnt="0" Value="1"/>
</AssgnmntListEntry>
<AssgnmntListEntry Length="1" RootTermCovItemId="C5">
<MapEntry BoolAssgnmnt="0" Value="1"/>
<MapEntry BoolAssgnmnt="1" Value="1"/>
</AssgnmntListEntry>
<AssgnmntListEntry Length="1" RootTermCovItemId="C6">
<MapEntry BoolAssgnmnt="1" Value="1"/>
</AssgnmntListEntry>
<AssgnmntListEntry Length="2" RootTermCovItemId="C7">
<MapEntry BoolAssgnmnt="01" Value="2"/>
</AssgnmntListEntry>
<AssgnmntListEntry Length="1" RootTermCovItemId="C9">
<MapEntry BoolAssgnmnt="1" Value="2"/>
</AssgnmntListEntry>
</AssgnmntPrefix>
<AssgnmntPrefix RootTermCovItemPrefix="com.OriginalFiles.Piece.java">
<AssgnmntListEntry Length="2" RootTermCovItemId="C1">
<MapEntry BoolAssgnmnt="10" Value="33"/>
<MapEntry BoolAssgnmnt="02" Value="16"/>
</AssgnmntListEntry>
<AssgnmntListEntry Length="1" RootTermCovItemId="C10">
<MapEntry BoolAssgnmnt="1" Value="4"/>
</AssgnmntListEntry>
<AssgnmntListEntry Length="1" RootTermCovItemId="C11">
<MapEntry BoolAssgnmnt="0" Value="4"/>
</AssgnmntListEntry>
<AssgnmntListEntry Length="1" RootTermCovItemId="C12">
<MapEntry BoolAssgnmnt="0" Value="4"/>
</AssgnmntListEntry>
<AssgnmntListEntry Length="1" RootTermCovItemId="C13">
<MapEntry BoolAssgnmnt="0" Value="4"/>
</AssgnmntListEntry>
<AssgnmntListEntry Length="5" RootTermCovItemId="C17">
<MapEntry BoolAssgnmnt="00210" Value="22"/>
<MapEntry BoolAssgnmnt="01002" Value="15"/>
</AssgnmntListEntry>
<AssgnmntListEntry Length="5" RootTermCovItemId="C18">
<MapEntry BoolAssgnmnt="00210" Value="18"/>
<MapEntry BoolAssgnmnt="00211" Value="4"/>
<MapEntry BoolAssgnmnt="01002" Value="11"/>
<MapEntry BoolAssgnmnt="01122" Value="4"/>
</AssgnmntListEntry>
<AssgnmntListEntry Length="1" RootTermCovItemId="C19">
<MapEntry BoolAssgnmnt="1" Value="8"/>
</AssgnmntListEntry>
<AssgnmntListEntry Length="1" RootTermCovItemId="C20">
<MapEntry BoolAssgnmnt="0" Value="37"/>
</AssgnmntListEntry>
<AssgnmntListEntry Length="1" RootTermCovItemId="C22">
<MapEntry BoolAssgnmnt="0" Value="4"/>
</AssgnmntListEntry>
<AssgnmntListEntry Length="1" RootTermCovItemId="C23">
<MapEntry BoolAssgnmnt="0" Value="4"/>
</AssgnmntListEntry>
<AssgnmntListEntry Length="1" RootTermCovItemId="C24">
<MapEntry BoolAssgnmnt="1" Value="8"/>
</AssgnmntListEntry>
<AssgnmntListEntry Length="1" RootTermCovItemId="C25">
<MapEntry BoolAssgnmnt="1" Value="8"/>
</AssgnmntListEntry>
<AssgnmntListEntry Length="1" RootTermCovItemId="C26">
<MapEntry BoolAssgnmnt="1" Value="32"/>
</AssgnmntListEntry>
<AssgnmntListEntry Length="1" RootTermCovItemId="C27">
<MapEntry BoolAssgnmnt="0" Value="32"/>
</AssgnmntListEntry>
<AssgnmntListEntry Length="1" RootTermCovItemId="C3">
<MapEntry BoolAssgnmnt="0" Value="16"/>
<MapEntry BoolAssgnmnt="1" Value="37"/>
</AssgnmntListEntry>
<AssgnmntListEntry Length="2" RootTermCovItemId="C35">
<MapEntry BoolAssgnmnt="01" Value="32"/>
<MapEntry BoolAssgnmnt="00" Value="4"/>
</AssgnmntListEntry>
<AssgnmntListEntry Length="1" RootTermCovItemId="C36">
<MapEntry BoolAssgnmnt="0" Value="32"/>
<MapEntry BoolAssgnmnt="1" Value="320"/>
</AssgnmntListEntry>
<AssgnmntListEntry Length="1" RootTermCovItemId="C37">
<MapEntry BoolAssgnmnt="0" Value="320"/>
<MapEntry BoolAssgnmnt="1" Value="3872"/>
</AssgnmntListEntry>
<AssgnmntListEntry Length="1" RootTermCovItemId="C38">
<MapEntry BoolAssgnmnt="0" Value="2318"/>
<MapEntry BoolAssgnmnt="1" Value="1554"/>
</AssgnmntListEntry>
<AssgnmntListEntry Length="1" RootTermCovItemId="C39">
<MapEntry BoolAssgnmnt="0" Value="1554"/>
</AssgnmntListEntry>
<AssgnmntListEntry Length="2" RootTermCovItemId="C4">
<MapEntry BoolAssgnmnt="12" Value="4"/>
</AssgnmntListEntry>
<AssgnmntListEntry Length="1" RootTermCovItemId="C5">
<MapEntry BoolAssgnmnt="0" Value="15"/>
<MapEntry BoolAssgnmnt="1" Value="18"/>
</AssgnmntListEntry>
<AssgnmntListEntry Length="1" RootTermCovItemId="C6">
<MapEntry BoolAssgnmnt="0" Value="16"/>
<MapEntry BoolAssgnmnt="1" Value="37"/>
</AssgnmntListEntry>
<AssgnmntListEntry Length="1" RootTermCovItemId="C7">
<MapEntry BoolAssgnmnt="0" Value="37"/>
</AssgnmntListEntry>
<AssgnmntListEntry Length="1" RootTermCovItemId="C8">
<MapEntry BoolAssgnmnt="0" Value="4"/>
<MapEntry BoolAssgnmnt="1" Value="33"/>
</AssgnmntListEntry>
<AssgnmntListEntry Length="1" RootTermCovItemId="C9">
<MapEntry BoolAssgnmnt="0" Value="33"/>
<MapEntry BoolAssgnmnt="1" Value="4"/>
</AssgnmntListEntry>
</AssgnmntPrefix>
<AssgnmntPrefix RootTermCovItemPrefix="com.OriginalFiles.RemoteNXTFunctions.java">
<AssgnmntListEntry Length="1" RootTermCovItemId="C5">
<MapEntry BoolAssgnmnt="1" Value="1"/>
</AssgnmntListEntry>
<AssgnmntListEntry Length="2" RootTermCovItemId="C6">
<MapEntry BoolAssgnmnt="11" Value="1"/>
</AssgnmntListEntry>
</AssgnmntPrefix>
</AssgnmntList>
<ObjMetaDataList/>
<MetaDataList/>
</TestCase>
<TestCase Comment="" Date="1386064449153" Name="com.Testing.AnalyzeTest:testCheckMotorCalibration">
<CovList>
<CovPrefix CovItemPrefix="com.OriginalFiles.Analyze.java">
<Cov CovItemId="B1" Value="32"/>
<Cov CovItemId="B10" Value="32"/>
<Cov CovItemId="B107" Value="64"/>
<Cov CovItemId="B108" Value="125"/>
<Cov CovItemId="B11" Value="32"/>
<Cov CovItemId="B110" Value="125"/>
<Cov CovItemId="B111" Value="34"/>
<Cov CovItemId="B112" Value="91"/>
<Cov CovItemId="B114" Value="91"/>
<Cov CovItemId="B115" Value="57"/>
<Cov CovItemId="B116" Value="17"/>
<Cov CovItemId="B120" Value="148"/>
<Cov CovItemId="B121" Value="4588"/>
<Cov CovItemId="B122" Value="91"/>
<Cov CovItemId="B123" Value="57"/>
<Cov CovItemId="B124" Value="91"/>
<Cov CovItemId="B126" Value="57"/>
<Cov CovItemId="B127" Value="91"/>
<Cov CovItemId="B128" Value="57"/>
<Cov CovItemId="B13" Value="25"/>
<Cov CovItemId="B130" Value="17"/>
<Cov CovItemId="B131" Value="57"/>
<Cov CovItemId="B133" Value="57"/>
<Cov CovItemId="B134" Value="57"/>
<Cov CovItemId="B136" Value="57"/>
<Cov CovItemId="B139" Value="57"/>
<Cov CovItemId="B14" Value="7"/>
<Cov CovItemId="B157" Value="114"/>
<Cov CovItemId="B16" Value="25"/>
<Cov CovItemId="B17" Value="25"/>
<Cov CovItemId="B19" Value="7"/>
<Cov CovItemId="B2" Value="10"/>
<Cov CovItemId="B20" Value="25"/>
<Cov CovItemId="B21" Value="3"/>
<Cov CovItemId="B22" Value="4"/>
<Cov CovItemId="B23" Value="3"/>
<Cov CovItemId="B24" Value="1"/>
<Cov CovItemId="B26" Value="25"/>
<Cov CovItemId="B3" Value="25"/>
<Cov CovItemId="B31" Value="25"/>
<Cov CovItemId="B33" Value="25"/>
<Cov CovItemId="B35" Value="13"/>
<Cov CovItemId="B36" Value="12"/>
<Cov CovItemId="B37" Value="13"/>
<Cov CovItemId="B4" Value="7"/>
<Cov CovItemId="B40" Value="12"/>
<Cov CovItemId="B43" Value="12"/>
<Cov CovItemId="B46" Value="12"/>
<Cov CovItemId="B49" Value="12"/>
<Cov CovItemId="B5" Value="2"/>
<Cov CovItemId="B51" Value="12"/>
<Cov CovItemId="B53" Value="25"/>
<Cov CovItemId="B55" Value="25"/>
<Cov CovItemId="B57" Value="25"/>
<Cov CovItemId="B59" Value="25"/>
<Cov CovItemId="B6" Value="30"/>
<Cov CovItemId="B61" Value="75"/>
<Cov CovItemId="B62" Value="25"/>
<Cov CovItemId="B64" Value="100"/>
<Cov CovItemId="B7" Value="64"/>
<Cov CovItemId="B8" Value="1984"/>
<Cov CovItemId="B84" Value="25"/>
<Cov CovItemId="B9" Value="32"/>
<Cov CovItemId="B96" Value="32"/>
<Cov CovItemId="L1-2" Value="32"/>
<Cov CovItemId="L16-2" Value="74"/>
<Cov CovItemId="L17-2" Value="592"/>
<Cov CovItemId="L2-2" Value="256"/>
<Cov CovItemId="L3-1" Value="32"/>
<Cov CovItemId="L4-2" Value="25"/>
<Cov CovItemId="S10" Value="32"/>
<Cov CovItemId="S11" Value="32"/>
<Cov CovItemId="S12" Value="32"/>
<Cov CovItemId="S13" Value="32"/>
<Cov CovItemId="S14" Value="32"/>
<Cov CovItemId="S149" Value="25"/>
<Cov CovItemId="S15" Value="25"/>
<Cov CovItemId="S16" Value="17"/>
<Cov CovItemId="S168" Value="32"/>
<Cov CovItemId="S17" Value="32"/>
<Cov CovItemId="S18" Value="32"/>
<Cov CovItemId="S19" Value="2"/>
<Cov CovItemId="S199" Value="189"/>
<Cov CovItemId="S20" Value="2"/>
<Cov CovItemId="S200" Value="189"/>
<Cov CovItemId="S201" Value="189"/>
<Cov CovItemId="S202" Value="189"/>
<Cov CovItemId="S203" Value="189"/>
<Cov CovItemId="S204" Value="64"/>
<Cov CovItemId="S205" Value="125"/>
<Cov CovItemId="S207" Value="125"/>
<Cov CovItemId="S208" Value="34"/>
<Cov CovItemId="S209" Value="91"/>
<Cov CovItemId="S21" Value="32"/>
<Cov CovItemId="S211" Value="91"/>
<Cov CovItemId="S212" Value="74"/>
<Cov CovItemId="S213" Value="57"/>
<Cov CovItemId="S214" Value="17"/>
<Cov CovItemId="S215" Value="17"/>
<Cov CovItemId="S22" Value="32"/>
<Cov CovItemId="S221" Value="74"/>
<Cov CovItemId="S222" Value="74"/>
<Cov CovItemId="S223" Value="74"/>
<Cov CovItemId="S224" Value="74"/>
<Cov CovItemId="S225" Value="74"/>
<Cov CovItemId="S226" Value="74"/>
<Cov CovItemId="S227" Value="592"/>
<Cov CovItemId="S228" Value="4736"/>
<Cov CovItemId="S229" Value="148"/>
<Cov CovItemId="S23" Value="256"/>
<Cov CovItemId="S230" Value="91"/>
<Cov CovItemId="S231" Value="91"/>
<Cov CovItemId="S232" Value="91"/>
<Cov CovItemId="S233" Value="148"/>
<Cov CovItemId="S234" Value="57"/>
<Cov CovItemId="S235" Value="57"/>
<Cov CovItemId="S236" Value="57"/>
<Cov CovItemId="S237" Value="74"/>
<Cov CovItemId="S238" Value="17"/>
<Cov CovItemId="S239" Value="57"/>
<Cov CovItemId="S24" Value="2048"/>
<Cov CovItemId="S241" Value="57"/>
<Cov CovItemId="S242" Value="57"/>
<Cov CovItemId="S243" Value="57"/>
<Cov CovItemId="S244" Value="57"/>
<Cov CovItemId="S245" Value="57"/>
<Cov CovItemId="S25" Value="64"/>
<Cov CovItemId="S250" Value="57"/>
<Cov CovItemId="S26" Value="32"/>
<Cov CovItemId="S267" Value="114"/>
<Cov CovItemId="S269" Value="114"/>
<Cov CovItemId="S27" Value="32"/>
<Cov CovItemId="S28" Value="32"/>
<Cov CovItemId="S29" Value="32"/>
<Cov CovItemId="S30" Value="32"/>
<Cov CovItemId="S31" Value="32"/>
<Cov CovItemId="S32" Value="32"/>
<Cov CovItemId="S33" Value="32"/>
<Cov CovItemId="S34" Value="32"/>
<Cov CovItemId="S35" Value="25"/>
<Cov CovItemId="S37" Value="25"/>
<Cov CovItemId="S38" Value="25"/>
<Cov CovItemId="S39" Value="7"/>
<Cov CovItemId="S40" Value="32"/>
<Cov CovItemId="S41" Value="7"/>
<Cov CovItemId="S42" Value="3"/>
<Cov CovItemId="S43" Value="3"/>
<Cov CovItemId="S44" Value="3"/>
<Cov CovItemId="S45" Value="4"/>
<Cov CovItemId="S46" Value="3"/>
<Cov CovItemId="S47" Value="3"/>
<Cov CovItemId="S48" Value="3"/>
<Cov CovItemId="S49" Value="3"/>
<Cov CovItemId="S50" Value="1"/>
<Cov CovItemId="S51" Value="25"/>
<Cov CovItemId="S52" Value="25"/>
<Cov CovItemId="S57" Value="25"/>
<Cov CovItemId="S58" Value="25"/>
<Cov CovItemId="S59" Value="25"/>
<Cov CovItemId="S6" Value="42"/>
<Cov CovItemId="S60" Value="25"/>
<Cov CovItemId="S61" Value="25"/>
<Cov CovItemId="S62" Value="13"/>
<Cov CovItemId="S63" Value="13"/>
<Cov CovItemId="S64" Value="13"/>
<Cov CovItemId="S66" Value="12"/>
<Cov CovItemId="S7" Value="32"/>
<Cov CovItemId="S71" Value="12"/>
<Cov CovItemId="S72" Value="12"/>
<Cov CovItemId="S77" Value="12"/>
<Cov CovItemId="S78" Value="12"/>
<Cov CovItemId="S79" Value="12"/>
<Cov CovItemId="S8" Value="32"/>
<Cov CovItemId="S80" Value="12"/>
<Cov CovItemId="S83" Value="25"/>
<Cov CovItemId="S84" Value="25"/>
<Cov CovItemId="S85" Value="25"/>
<Cov CovItemId="S86" Value="25"/>
<Cov CovItemId="S87" Value="25"/>
<Cov CovItemId="S88" Value="25"/>
<Cov CovItemId="S89" Value="25"/>
<Cov CovItemId="S9" Value="32"/>
<Cov CovItemId="S90" Value="25"/>
<Cov CovItemId="S91" Value="25"/>
<Cov CovItemId="S92" Value="25"/>
<Cov CovItemId="S93" Value="25"/>
<Cov CovItemId="S94" Value="100"/>
<Cov CovItemId="S95" Value="75"/>
<Cov CovItemId="S96" Value="100"/>
<Cov CovItemId="S98" Value="25"/>
</CovPrefix>
<CovPrefix CovItemPrefix="com.OriginalFiles.Board.java">
<Cov CovItemId="B28" Value="75"/>
<Cov CovItemId="B31" Value="25"/>
<Cov CovItemId="B33" Value="25"/>
<Cov CovItemId="B36" Value="25"/>
<Cov CovItemId="B37" Value="25"/>
<Cov CovItemId="B39" Value="93"/>
<Cov CovItemId="B41" Value="1173"/>
<Cov CovItemId="B44" Value="278"/>
<Cov CovItemId="B45" Value="278"/>
<Cov CovItemId="B47" Value="278"/>
<Cov CovItemId="B49" Value="278"/>
<Cov CovItemId="B51" Value="278"/>
<Cov CovItemId="B53" Value="278"/>
<Cov CovItemId="B56" Value="1112"/>
<Cov CovItemId="B57" Value="962"/>
<Cov CovItemId="B58" Value="150"/>
<Cov CovItemId="B59" Value="962"/>
<Cov CovItemId="B62" Value="962"/>
<Cov CovItemId="B63" Value="4448"/>
<Cov CovItemId="B64" Value="4448"/>
<Cov CovItemId="B65" Value="278"/>
<Cov CovItemId="B66" Value="4170"/>
<Cov CovItemId="B67" Value="114"/>
<Cov CovItemId="B68" Value="164"/>
<Cov CovItemId="B71" Value="4"/>
<Cov CovItemId="B72" Value="4"/>
<Cov CovItemId="B73" Value="16"/>
<Cov CovItemId="B74" Value="16"/>
<Cov CovItemId="B75" Value="16"/>
<Cov CovItemId="B76" Value="16"/>
<Cov CovItemId="B77" Value="30"/>
<Cov CovItemId="B78" Value="2"/>
<Cov CovItemId="B79" Value="1700"/>
<Cov CovItemId="B81" Value="663"/>
<Cov CovItemId="B82" Value="1037"/>
<Cov CovItemId="B83" Value="227"/>
<Cov CovItemId="B84" Value="652"/>
<Cov CovItemId="B85" Value="204"/>
<Cov CovItemId="B86" Value="448"/>
<Cov CovItemId="L10-2" Value="2224"/>
<Cov CovItemId="L11-1" Value="32"/>
<Cov CovItemId="L12-0" Value="32"/>
<Cov CovItemId="L13-2" Value="139"/>
<Cov CovItemId="L14-2" Value="1112"/>
<Cov CovItemId="L15-2" Value="1"/>
<Cov CovItemId="L16-2" Value="4"/>
<Cov CovItemId="L17-2" Value="4"/>
<Cov CovItemId="L9-2" Value="278"/>
<Cov CovItemId="S100" Value="25"/>
<Cov CovItemId="S102" Value="25"/>
<Cov CovItemId="S104" Value="25"/>
<Cov CovItemId="S105" Value="25"/>
<Cov CovItemId="S106" Value="25"/>
<Cov CovItemId="S107" Value="25"/>
<Cov CovItemId="S108" Value="25"/>
<Cov CovItemId="S109" Value="25"/>
<Cov CovItemId="S110" Value="61"/>
<Cov CovItemId="S111" Value="93"/>
<Cov CovItemId="S112" Value="93"/>
<Cov CovItemId="S113" Value="93"/>
<Cov CovItemId="S115" Value="1173"/>
<Cov CovItemId="S116" Value="1173"/>
<Cov CovItemId="S118" Value="278"/>
<Cov CovItemId="S119" Value="278"/>
<Cov CovItemId="S121" Value="278"/>
<Cov CovItemId="S122" Value="278"/>
<Cov CovItemId="S123" Value="278"/>
<Cov CovItemId="S124" Value="278"/>
<Cov CovItemId="S125" Value="278"/>
<Cov CovItemId="S126" Value="278"/>
<Cov CovItemId="S127" Value="278"/>
<Cov CovItemId="S128" Value="278"/>
<Cov CovItemId="S129" Value="278"/>
<Cov CovItemId="S130" Value="278"/>
<Cov CovItemId="S131" Value="278"/>
<Cov CovItemId="S132" Value="278"/>
<Cov CovItemId="S133" Value="278"/>
<Cov CovItemId="S134" Value="278"/>
<Cov CovItemId="S135" Value="1112"/>
<Cov CovItemId="S137" Value="1112"/>
<Cov CovItemId="S138" Value="962"/>
<Cov CovItemId="S139" Value="962"/>
<Cov CovItemId="S141" Value="1112"/>
<Cov CovItemId="S142" Value="1112"/>
<Cov CovItemId="S143" Value="139"/>
<Cov CovItemId="S144" Value="139"/>
<Cov CovItemId="S145" Value="1112"/>
<Cov CovItemId="S146" Value="8896"/>
<Cov CovItemId="S147" Value="4448"/>
<Cov CovItemId="S148" Value="278"/>
<Cov CovItemId="S149" Value="114"/>
<Cov CovItemId="S150" Value="164"/>
<Cov CovItemId="S151" Value="139"/>
<Cov CovItemId="S157" Value="1"/>
<Cov CovItemId="S158" Value="1"/>
<Cov CovItemId="S159" Value="8"/>
<Cov CovItemId="S160" Value="4"/>
<Cov CovItemId="S161" Value="32"/>
<Cov CovItemId="S162" Value="16"/>
<Cov CovItemId="S163" Value="4"/>
<Cov CovItemId="S164" Value="4"/>
<Cov CovItemId="S165" Value="32"/>
<Cov CovItemId="S166" Value="16"/>
<Cov CovItemId="S167" Value="4"/>
<Cov CovItemId="S168" Value="1"/>
<Cov CovItemId="S169" Value="32"/>
<Cov CovItemId="S170" Value="32"/>
<Cov CovItemId="S171" Value="30"/>
<Cov CovItemId="S172" Value="2"/>
<Cov CovItemId="S173" Value="2"/>
<Cov CovItemId="S174" Value="2"/>
<Cov CovItemId="S175" Value="2"/>
<Cov CovItemId="S176" Value="1700"/>
<Cov CovItemId="S177" Value="1700"/>
<Cov CovItemId="S178" Value="663"/>
<Cov CovItemId="S179" Value="1037"/>
<Cov CovItemId="S180" Value="879"/>
<Cov CovItemId="S181" Value="227"/>
<Cov CovItemId="S182" Value="652"/>
<Cov CovItemId="S183" Value="204"/>
<Cov CovItemId="S184" Value="448"/>
<Cov CovItemId="S185" Value="4442"/>
<Cov CovItemId="S61" Value="278"/>
<Cov CovItemId="S62" Value="2224"/>
<Cov CovItemId="S63" Value="17792"/>
<Cov CovItemId="S64" Value="32"/>
<Cov CovItemId="S65" Value="32"/>
<Cov CovItemId="S66" Value="32"/>
<Cov CovItemId="S67" Value="32"/>
<Cov CovItemId="S68" Value="32"/>
<Cov CovItemId="S76" Value="32"/>
<Cov CovItemId="S77" Value="32"/>
<Cov CovItemId="S94" Value="75"/>
<Cov CovItemId="S97" Value="75"/>
<Cov CovItemId="S98" Value="25"/>
<Cov CovItemId="S99" Value="25"/>
</CovPrefix>
<CovPrefix CovItemPrefix="com.OriginalFiles.Field.java">
<Cov CovItemId="B1" Value="99"/>
<Cov CovItemId="B2" Value="46"/>
<Cov CovItemId="S1" Value="176"/>
<Cov CovItemId="S13" Value="409"/>
<Cov CovItemId="S2" Value="176"/>
<Cov CovItemId="S5" Value="145"/>
<Cov CovItemId="S6" Value="145"/>
<Cov CovItemId="S7" Value="99"/>
<Cov CovItemId="S8" Value="7043"/>
<Cov CovItemId="S9" Value="9827"/>
</CovPrefix>
<CovPrefix CovItemPrefix="com.OriginalFiles.Piece.java">
<Cov CovItemId="B1" Value="35"/>
<Cov CovItemId="B10" Value="46"/>
<Cov CovItemId="B11" Value="91"/>
<Cov CovItemId="B12" Value="16"/>
<Cov CovItemId="B13" Value="35"/>
<Cov CovItemId="B14" Value="56"/>
<Cov CovItemId="B15" Value="91"/>
<Cov CovItemId="B18" Value="91"/>
<Cov CovItemId="B2" Value="72"/>
<Cov CovItemId="B3" Value="22"/>
<Cov CovItemId="B34" Value="91"/>
<Cov CovItemId="B35" Value="16"/>
<Cov CovItemId="B36" Value="75"/>
<Cov CovItemId="B37" Value="16"/>
<Cov CovItemId="B39" Value="35"/>
<Cov CovItemId="B4" Value="13"/>
<Cov CovItemId="B40" Value="56"/>
<Cov CovItemId="B5" Value="91"/>
<Cov CovItemId="B6" Value="16"/>
<Cov CovItemId="B9" Value="45"/>
<Cov CovItemId="S1" Value="74"/>
<Cov CovItemId="S10" Value="74"/>
<Cov CovItemId="S11" Value="74"/>
<Cov CovItemId="S12" Value="74"/>
<Cov CovItemId="S13" Value="74"/>
<Cov CovItemId="S14" Value="74"/>
<Cov CovItemId="S15" Value="74"/>
<Cov CovItemId="S16" Value="74"/>
<Cov CovItemId="S17" Value="74"/>
<Cov CovItemId="S18" Value="74"/>
<Cov CovItemId="S19" Value="74"/>
<Cov CovItemId="S2" Value="74"/>
<Cov CovItemId="S20" Value="74"/>
<Cov CovItemId="S21" Value="74"/>
<Cov CovItemId="S23" Value="456"/>
<Cov CovItemId="S24" Value="107"/>
<Cov CovItemId="S25" Value="107"/>
<Cov CovItemId="S26" Value="107"/>
<Cov CovItemId="S27" Value="35"/>
<Cov CovItemId="S28" Value="22"/>
<Cov CovItemId="S29" Value="35"/>
<Cov CovItemId="S3" Value="74"/>
<Cov CovItemId="S30" Value="72"/>
<Cov CovItemId="S31" Value="107"/>
<Cov CovItemId="S32" Value="107"/>
<Cov CovItemId="S33" Value="91"/>
<Cov CovItemId="S34" Value="16"/>
<Cov CovItemId="S35" Value="16"/>
<Cov CovItemId="S39" Value="91"/>
<Cov CovItemId="S4" Value="74"/>
<Cov CovItemId="S40" Value="45"/>
<Cov CovItemId="S41" Value="46"/>
<Cov CovItemId="S42" Value="107"/>
<Cov CovItemId="S43" Value="107"/>
<Cov CovItemId="S44" Value="91"/>
<Cov CovItemId="S45" Value="91"/>
<Cov CovItemId="S46" Value="91"/>
<Cov CovItemId="S47" Value="35"/>
<Cov CovItemId="S48" Value="91"/>
<Cov CovItemId="S49" Value="91"/>
<Cov CovItemId="S5" Value="74"/>
<Cov CovItemId="S50" Value="91"/>
<Cov CovItemId="S6" Value="74"/>
<Cov CovItemId="S65" Value="91"/>
<Cov CovItemId="S67" Value="91"/>
<Cov CovItemId="S68" Value="16"/>
<Cov CovItemId="S69" Value="16"/>
<Cov CovItemId="S7" Value="74"/>
<Cov CovItemId="S70" Value="16"/>
<Cov CovItemId="S71" Value="91"/>
<Cov CovItemId="S72" Value="35"/>
<Cov CovItemId="S73" Value="91"/>
<Cov CovItemId="S8" Value="74"/>
<Cov CovItemId="S9" Value="74"/>
</CovPrefix>
<CovPrefix CovItemPrefix="com.OriginalFiles.RemoteNXTFunctions.java">
<Cov CovItemId="B103" Value="39"/>
<Cov CovItemId="B104" Value="86"/>
<Cov CovItemId="B105" Value="1"/>
<Cov CovItemId="B106" Value="38"/>
<Cov CovItemId="B107" Value="1"/>
<Cov CovItemId="B108" Value="37"/>
<Cov CovItemId="B109" Value="1"/>
<Cov CovItemId="B110" Value="36"/>
<Cov CovItemId="B111" Value="8"/>
<Cov CovItemId="B112" Value="28"/>
<Cov CovItemId="B114" Value="86"/>
<Cov CovItemId="B124" Value="86"/>
<Cov CovItemId="B134" Value="86"/>
<Cov CovItemId="B142" Value="86"/>
<Cov CovItemId="B15" Value="26"/>
<Cov CovItemId="B16" Value="99"/>
<Cov CovItemId="B17" Value="13"/>
<Cov CovItemId="B18" Value="13"/>
<Cov CovItemId="B19" Value="13"/>
<Cov CovItemId="B23" Value="60"/>
<Cov CovItemId="B24" Value="65"/>
<Cov CovItemId="B25" Value="12"/>
<Cov CovItemId="B26" Value="48"/>
<Cov CovItemId="B27" Value="12"/>
<Cov CovItemId="B28" Value="36"/>
<Cov CovItemId="B30" Value="36"/>
<Cov CovItemId="B32" Value="125"/>
<Cov CovItemId="B40" Value="125"/>
<Cov CovItemId="B5" Value="64"/>
<Cov CovItemId="B50" Value="125"/>
<Cov CovItemId="B56" Value="125"/>
<Cov CovItemId="B6" Value="125"/>
<Cov CovItemId="B62" Value="125"/>
<Cov CovItemId="B7" Value="64"/>
<Cov CovItemId="B70" Value="125"/>
<Cov CovItemId="B78" Value="125"/>
<Cov CovItemId="B86" Value="125"/>
<Cov CovItemId="B94" Value="125"/>
<Cov CovItemId="S100" Value="125"/>
<Cov CovItemId="S108" Value="125"/>
<Cov CovItemId="S118" Value="125"/>
<Cov CovItemId="S119" Value="39"/>
<Cov CovItemId="S120" Value="1"/>
<Cov CovItemId="S121" Value="38"/>
<Cov CovItemId="S122" Value="1"/>
<Cov CovItemId="S123" Value="37"/>
<Cov CovItemId="S124" Value="1"/>
<Cov CovItemId="S125" Value="36"/>
<Cov CovItemId="S126" Value="8"/>
<Cov CovItemId="S127" Value="28"/>
<Cov CovItemId="S128" Value="86"/>
<Cov CovItemId="S138" Value="86"/>
<Cov CovItemId="S148" Value="86"/>
<Cov CovItemId="S156" Value="86"/>
<Cov CovItemId="S162" Value="189"/>
<Cov CovItemId="S19" Value="189"/>
<Cov CovItemId="S20" Value="189"/>
<Cov CovItemId="S21" Value="64"/>
<Cov CovItemId="S22" Value="64"/>
<Cov CovItemId="S30" Value="125"/>
<Cov CovItemId="S31" Value="26"/>
<Cov CovItemId="S32" Value="13"/>
<Cov CovItemId="S33" Value="13"/>
<Cov CovItemId="S34" Value="13"/>
<Cov CovItemId="S38" Value="125"/>
<Cov CovItemId="S39" Value="60"/>
<Cov CovItemId="S4" Value="5"/>
<Cov CovItemId="S40" Value="12"/>
<Cov CovItemId="S41" Value="48"/>
<Cov CovItemId="S42" Value="12"/>
<Cov CovItemId="S43" Value="36"/>
<Cov CovItemId="S45" Value="36"/>
<Cov CovItemId="S46" Value="125"/>
<Cov CovItemId="S54" Value="125"/>
<Cov CovItemId="S64" Value="125"/>
<Cov CovItemId="S70" Value="125"/>
<Cov CovItemId="S76" Value="125"/>
<Cov CovItemId="S84" Value="125"/>
<Cov CovItemId="S92" Value="125"/>
</CovPrefix>
</CovList>
<AssgnmntList>
<AssgnmntPrefix RootTermCovItemPrefix="com.OriginalFiles.Analyze.java">
<AssgnmntListEntry Length="1" RootTermCovItemId="C1">
<MapEntry BoolAssgnmnt="0" Value="32"/>
<MapEntry BoolAssgnmnt="1" Value="10"/>
</AssgnmntListEntry>
<AssgnmntListEntry Length="1" RootTermCovItemId="C10">
<MapEntry BoolAssgnmnt="0" Value="7"/>
<MapEntry BoolAssgnmnt="1" Value="25"/>
</AssgnmntListEntry>
<AssgnmntListEntry Length="1" RootTermCovItemId="C11">
<MapEntry BoolAssgnmnt="0" Value="4"/>
<MapEntry BoolAssgnmnt="1" Value="3"/>
</AssgnmntListEntry>
<AssgnmntListEntry Length="1" RootTermCovItemId="C12">
<MapEntry BoolAssgnmnt="0" Value="1"/>
<MapEntry BoolAssgnmnt="1" Value="3"/>
</AssgnmntListEntry>
<AssgnmntListEntry Length="1" RootTermCovItemId="C13">
<MapEntry BoolAssgnmnt="0" Value="25"/>
</AssgnmntListEntry>
<AssgnmntListEntry Length="1" RootTermCovItemId="C16">
<MapEntry BoolAssgnmnt="1" Value="25"/>
</AssgnmntListEntry>
<AssgnmntListEntry Length="1" RootTermCovItemId="C17">
<MapEntry BoolAssgnmnt="1" Value="25"/>
</AssgnmntListEntry>
<AssgnmntListEntry Length="1" RootTermCovItemId="C18">
<MapEntry BoolAssgnmnt="0" Value="12"/>
<MapEntry BoolAssgnmnt="1" Value="13"/>
</AssgnmntListEntry>
<AssgnmntListEntry Length="1" RootTermCovItemId="C19">
<MapEntry BoolAssgnmnt="1" Value="13"/>
</AssgnmntListEntry>
<AssgnmntListEntry Length="1" RootTermCovItemId="C2">
<MapEntry BoolAssgnmnt="0" Value="25"/>
<MapEntry BoolAssgnmnt="1" Value="7"/>
</AssgnmntListEntry>
<AssgnmntListEntry Length="1" RootTermCovItemId="C20">
<MapEntry BoolAssgnmnt="0" Value="12"/>
</AssgnmntListEntry>
<AssgnmntListEntry Length="1" RootTermCovItemId="C22">
<MapEntry BoolAssgnmnt="1" Value="12"/>
</AssgnmntListEntry>
<AssgnmntListEntry Length="1" RootTermCovItemId="C23">
<MapEntry BoolAssgnmnt="0" Value="12"/>
</AssgnmntListEntry>
<AssgnmntListEntry Length="1" RootTermCovItemId="C25">
<MapEntry BoolAssgnmnt="1" Value="12"/>
</AssgnmntListEntry>
<AssgnmntListEntry Length="1" RootTermCovItemId="C26">
<MapEntry BoolAssgnmnt="1" Value="12"/>
</AssgnmntListEntry>
<AssgnmntListEntry Length="1" RootTermCovItemId="C27">
<MapEntry BoolAssgnmnt="1" Value="25"/>
</AssgnmntListEntry>
<AssgnmntListEntry Length="1" RootTermCovItemId="C28">
<MapEntry BoolAssgnmnt="1" Value="25"/>
</AssgnmntListEntry>
<AssgnmntListEntry Length="1" RootTermCovItemId="C29">
<MapEntry BoolAssgnmnt="1" Value="25"/>
</AssgnmntListEntry>
<AssgnmntListEntry Length="1" RootTermCovItemId="C3">
<MapEntry BoolAssgnmnt="0" Value="30"/>
<MapEntry BoolAssgnmnt="1" Value="2"/>
</AssgnmntListEntry>
<AssgnmntListEntry Length="1" RootTermCovItemId="C30">
<MapEntry BoolAssgnmnt="1" Value="25"/>
</AssgnmntListEntry>
<AssgnmntListEntry Length="1" RootTermCovItemId="C31">
<MapEntry BoolAssgnmnt="0" Value="25"/>
<MapEntry BoolAssgnmnt="1" Value="100"/>
</AssgnmntListEntry>
<AssgnmntListEntry Length="2" RootTermCovItemId="C32">
<MapEntry BoolAssgnmnt="10" Value="25"/>
<MapEntry BoolAssgnmnt="02" Value="50"/>
<MapEntry BoolAssgnmnt="11" Value="25"/>
</AssgnmntListEntry>
<AssgnmntListEntry Length="1" RootTermCovItemId="C33">
<MapEntry BoolAssgnmnt="1" Value="100"/>
</AssgnmntListEntry>
<AssgnmntListEntry Length="1" RootTermCovItemId="C4">
<MapEntry BoolAssgnmnt="0" Value="64"/>
<MapEntry BoolAssgnmnt="1" Value="1984"/>
</AssgnmntListEntry>
<AssgnmntListEntry Length="1" RootTermCovItemId="C49">
<MapEntry BoolAssgnmnt="0" Value="25"/>
</AssgnmntListEntry>
<AssgnmntListEntry Length="2" RootTermCovItemId="C5">
<MapEntry BoolAssgnmnt="10" Value="32"/>
<MapEntry BoolAssgnmnt="11" Value="32"/>
</AssgnmntListEntry>
<AssgnmntListEntry Length="1" RootTermCovItemId="C56">
<MapEntry BoolAssgnmnt="0" Value="32"/>
</AssgnmntListEntry>
<AssgnmntListEntry Length="1" RootTermCovItemId="C6">
<MapEntry BoolAssgnmnt="1" Value="32"/>
</AssgnmntListEntry>
<AssgnmntListEntry Length="6" RootTermCovItemId="C66">
<MapEntry BoolAssgnmnt="022222" Value="125"/>
<MapEntry BoolAssgnmnt="111111" Value="64"/>
</AssgnmntListEntry>
<AssgnmntListEntry Length="6" RootTermCovItemId="C67">
<MapEntry BoolAssgnmnt="022222" Value="125"/>
</AssgnmntListEntry>
<AssgnmntListEntry Length="6" RootTermCovItemId="C68">
<MapEntry BoolAssgnmnt="102222" Value="91"/>
<MapEntry BoolAssgnmnt="111111" Value="34"/>
</AssgnmntListEntry>
<AssgnmntListEntry Length="6" RootTermCovItemId="C69">
<MapEntry BoolAssgnmnt="102222" Value="91"/>
</AssgnmntListEntry>
<AssgnmntListEntry Length="1" RootTermCovItemId="C7">
<MapEntry BoolAssgnmnt="0" Value="7"/>
<MapEntry BoolAssgnmnt="1" Value="25"/>
</AssgnmntListEntry>
<AssgnmntListEntry Length="1" RootTermCovItemId="C70">
<MapEntry BoolAssgnmnt="0" Value="148"/>
<MapEntry BoolAssgnmnt="1" Value="4588"/>
</AssgnmntListEntry>
<AssgnmntListEntry Length="1" RootTermCovItemId="C71">
<MapEntry BoolAssgnmnt="0" Value="57"/>
<MapEntry BoolAssgnmnt="1" Value="91"/>
</AssgnmntListEntry>
<AssgnmntListEntry Length="1" RootTermCovItemId="C72">
<MapEntry BoolAssgnmnt="1" Value="91"/>
</AssgnmntListEntry>
<AssgnmntListEntry Length="1" RootTermCovItemId="C73">
<MapEntry BoolAssgnmnt="0" Value="91"/>
<MapEntry BoolAssgnmnt="1" Value="57"/>
</AssgnmntListEntry>
<AssgnmntListEntry Length="1" RootTermCovItemId="C74">
<MapEntry BoolAssgnmnt="1" Value="57"/>
</AssgnmntListEntry>
<AssgnmntListEntry Length="3" RootTermCovItemId="C75">
<MapEntry BoolAssgnmnt="012" Value="32"/>
<MapEntry BoolAssgnmnt="122" Value="17"/>
<MapEntry BoolAssgnmnt="001" Value="25"/>
</AssgnmntListEntry>
<AssgnmntListEntry Length="3" RootTermCovItemId="C76">
<MapEntry BoolAssgnmnt="011" Value="32"/>
<MapEntry BoolAssgnmnt="002" Value="25"/>
</AssgnmntListEntry>
<AssgnmntListEntry Length="2" RootTermCovItemId="C77">
<MapEntry BoolAssgnmnt="11" Value="57"/>
</AssgnmntListEntry>
<AssgnmntListEntry Length="2" RootTermCovItemId="C78">
<MapEntry BoolAssgnmnt="11" Value="57"/>
</AssgnmntListEntry>
<AssgnmntListEntry Length="2" RootTermCovItemId="C79">
<MapEntry BoolAssgnmnt="00" Value="57"/>
</AssgnmntListEntry>
<AssgnmntListEntry Length="2" RootTermCovItemId="C8">
<MapEntry BoolAssgnmnt="02" Value="25"/>
</AssgnmntListEntry>
<AssgnmntListEntry Length="1" RootTermCovItemId="C9">
<MapEntry BoolAssgnmnt="1" Value="25"/>
</AssgnmntListEntry>
<AssgnmntListEntry Length="8" RootTermCovItemId="C90">
<MapEntry BoolAssgnmnt="02020202" Value="114"/>
</AssgnmntListEntry>
</AssgnmntPrefix>
<AssgnmntPrefix RootTermCovItemPrefix="com.OriginalFiles.Board.java">
<AssgnmntListEntry Length="1" RootTermCovItemId="C14">
<MapEntry BoolAssgnmnt="0" Value="32"/>
<MapEntry BoolAssgnmnt="1" Value="32"/>
</AssgnmntListEntry>
<AssgnmntListEntry Length="1" RootTermCovItemId="C15">
<MapEntry BoolAssgnmnt="0" Value="32"/>
</AssgnmntListEntry>
<AssgnmntListEntry Length="1" RootTermCovItemId="C24">
<MapEntry BoolAssgnmnt="0" Value="75"/>
</AssgnmntListEntry>
<AssgnmntListEntry Length="1" RootTermCovItemId="C26">
<MapEntry BoolAssgnmnt="0" Value="25"/>
</AssgnmntListEntry>
<AssgnmntListEntry Length="1" RootTermCovItemId="C27">
<MapEntry BoolAssgnmnt="1" Value="25"/>
</AssgnmntListEntry>
<AssgnmntListEntry Length="2" RootTermCovItemId="C28">
<MapEntry BoolAssgnmnt="02" Value="25"/>
</AssgnmntListEntry>
<AssgnmntListEntry Length="1" RootTermCovItemId="C29">
<MapEntry BoolAssgnmnt="1" Value="25"/>
</AssgnmntListEntry>
<AssgnmntListEntry Length="1" RootTermCovItemId="C30">
<MapEntry BoolAssgnmnt="1" Value="93"/>
</AssgnmntListEntry>
<AssgnmntListEntry Length="1" RootTermCovItemId="C31">
<MapEntry BoolAssgnmnt="1" Value="1173"/>
</AssgnmntListEntry>
<AssgnmntListEntry Length="1" RootTermCovItemId="C32">
<MapEntry BoolAssgnmnt="0" Value="278"/>
</AssgnmntListEntry>
<AssgnmntListEntry Length="1" RootTermCovItemId="C33">
<MapEntry BoolAssgnmnt="0" Value="278"/>
</AssgnmntListEntry>
<AssgnmntListEntry Length="1" RootTermCovItemId="C34">
<MapEntry BoolAssgnmnt="0" Value="278"/>
</AssgnmntListEntry>
<AssgnmntListEntry Length="1" RootTermCovItemId="C35">
<MapEntry BoolAssgnmnt="1" Value="278"/>
</AssgnmntListEntry>
<AssgnmntListEntry Length="1" RootTermCovItemId="C36">
<MapEntry BoolAssgnmnt="0" Value="278"/>
</AssgnmntListEntry>
<AssgnmntListEntry Length="1" RootTermCovItemId="C37">
<MapEntry BoolAssgnmnt="0" Value="278"/>
</AssgnmntListEntry>
<AssgnmntListEntry Length="5" RootTermCovItemId="C38">
<MapEntry BoolAssgnmnt="02002" Value="328"/>
<MapEntry BoolAssgnmnt="10122" Value="228"/>
<MapEntry BoolAssgnmnt="11221" Value="228"/>
<MapEntry BoolAssgnmnt="02011" Value="328"/>
</AssgnmntListEntry>
<AssgnmntListEntry Length="1" RootTermCovItemId="C39">
<MapEntry BoolAssgnmnt="0" Value="150"/>
<MapEntry BoolAssgnmnt="1" Value="962"/>
</AssgnmntListEntry>
<AssgnmntListEntry Length="1" RootTermCovItemId="C40">
<MapEntry BoolAssgnmnt="0" Value="962"/>
</AssgnmntListEntry>
<AssgnmntListEntry Length="2" RootTermCovItemId="C41">
<MapEntry BoolAssgnmnt="02" Value="962"/>
</AssgnmntListEntry>
<AssgnmntListEntry Length="1" RootTermCovItemId="C42">
<MapEntry BoolAssgnmnt="0" Value="4448"/>
<MapEntry BoolAssgnmnt="1" Value="4448"/>
</AssgnmntListEntry>
<AssgnmntListEntry Length="1" RootTermCovItemId="C43">
<MapEntry BoolAssgnmnt="0" Value="4170"/>
<MapEntry BoolAssgnmnt="1" Value="278"/>
</AssgnmntListEntry>
<AssgnmntListEntry Length="1" RootTermCovItemId="C44">
<MapEntry BoolAssgnmnt="0" Value="164"/>
<MapEntry BoolAssgnmnt="1" Value="114"/>
</AssgnmntListEntry>
<AssgnmntListEntry Length="1" RootTermCovItemId="C46">
<MapEntry BoolAssgnmnt="0" Value="1"/>
<MapEntry BoolAssgnmnt="1" Value="8"/>
</AssgnmntListEntry>
<AssgnmntListEntry Length="1" RootTermCovItemId="C47">
<MapEntry BoolAssgnmnt="0" Value="4"/>
<MapEntry BoolAssgnmnt="1" Value="4"/>
</AssgnmntListEntry>
<AssgnmntListEntry Length="1" RootTermCovItemId="C48">
<MapEntry BoolAssgnmnt="0" Value="4"/>
<MapEntry BoolAssgnmnt="1" Value="32"/>
</AssgnmntListEntry>
<AssgnmntListEntry Length="1" RootTermCovItemId="C49">
<MapEntry BoolAssgnmnt="0" Value="16"/>
<MapEntry BoolAssgnmnt="1" Value="16"/>
</AssgnmntListEntry>
<AssgnmntListEntry Length="1" RootTermCovItemId="C50">
<MapEntry BoolAssgnmnt="0" Value="4"/>
<MapEntry BoolAssgnmnt="1" Value="32"/>
</AssgnmntListEntry>
<AssgnmntListEntry Length="1" RootTermCovItemId="C51">
<MapEntry BoolAssgnmnt="0" Value="16"/>
<MapEntry BoolAssgnmnt="1" Value="16"/>
</AssgnmntListEntry>
<AssgnmntListEntry Length="1" RootTermCovItemId="C52">
<MapEntry BoolAssgnmnt="0" Value="2"/>
<MapEntry BoolAssgnmnt="1" Value="30"/>
</AssgnmntListEntry>
<AssgnmntListEntry Length="1" RootTermCovItemId="C53">
<MapEntry BoolAssgnmnt="1" Value="1700"/>
</AssgnmntListEntry>
<AssgnmntListEntry Length="1" RootTermCovItemId="C54">
<MapEntry BoolAssgnmnt="0" Value="663"/>
<MapEntry BoolAssgnmnt="1" Value="1037"/>
</AssgnmntListEntry>
<AssgnmntListEntry Length="3" RootTermCovItemId="C55">
<MapEntry BoolAssgnmnt="011" Value="97"/>
<MapEntry BoolAssgnmnt="010" Value="179"/>
<MapEntry BoolAssgnmnt="002" Value="507"/>
<MapEntry BoolAssgnmnt="120" Value="48"/>
<MapEntry BoolAssgnmnt="121" Value="48"/>
</AssgnmntListEntry>
<AssgnmntListEntry Length="3" RootTermCovItemId="C56">
<MapEntry BoolAssgnmnt="011" Value="156"/>
<MapEntry BoolAssgnmnt="010" Value="263"/>
<MapEntry BoolAssgnmnt="002" Value="145"/>
<MapEntry BoolAssgnmnt="120" Value="40"/>
<MapEntry BoolAssgnmnt="121" Value="48"/>
</AssgnmntListEntry>
</AssgnmntPrefix>
<AssgnmntPrefix RootTermCovItemPrefix="com.OriginalFiles.Field.java">
<AssgnmntListEntry Length="1" RootTermCovItemId="C1">
<MapEntry BoolAssgnmnt="0" Value="99"/>
<MapEntry BoolAssgnmnt="1" Value="46"/>
</AssgnmntListEntry>
</AssgnmntPrefix>
<AssgnmntPrefix RootTermCovItemPrefix="com.OriginalFiles.Piece.java">
<AssgnmntListEntry Length="2" RootTermCovItemId="C1">
<MapEntry BoolAssgnmnt="10" Value="56"/>
<MapEntry BoolAssgnmnt="02" Value="16"/>
<MapEntry BoolAssgnmnt="11" Value="35"/>
</AssgnmntListEntry>
<AssgnmntListEntry Length="5" RootTermCovItemId="C17">
<MapEntry BoolAssgnmnt="00210" Value="28"/>
<MapEntry BoolAssgnmnt="01002" Value="28"/>
<MapEntry BoolAssgnmnt="12222" Value="35"/>
</AssgnmntListEntry>
<AssgnmntListEntry Length="5" RootTermCovItemId="C18">
<MapEntry BoolAssgnmnt="00210" Value="20"/>
<MapEntry BoolAssgnmnt="00211" Value="8"/>
<MapEntry BoolAssgnmnt="01002" Value="20"/>
<MapEntry BoolAssgnmnt="12222" Value="35"/>
<MapEntry BoolAssgnmnt="01122" Value="8"/>
</AssgnmntListEntry>
<AssgnmntListEntry Length="1" RootTermCovItemId="C19">
<MapEntry BoolAssgnmnt="1" Value="16"/>
</AssgnmntListEntry>
<AssgnmntListEntry Length="2" RootTermCovItemId="C2">
<MapEntry BoolAssgnmnt="02" Value="13"/>
<MapEntry BoolAssgnmnt="11" Value="22"/>
</AssgnmntListEntry>
<AssgnmntListEntry Length="1" RootTermCovItemId="C20">
<MapEntry BoolAssgnmnt="0" Value="56"/>
<MapEntry BoolAssgnmnt="1" Value="35"/>
</AssgnmntListEntry>
<AssgnmntListEntry Length="1" RootTermCovItemId="C3">
<MapEntry BoolAssgnmnt="0" Value="16"/>
<MapEntry BoolAssgnmnt="1" Value="91"/>
</AssgnmntListEntry>
<AssgnmntListEntry Length="1" RootTermCovItemId="C5">
<MapEntry BoolAssgnmnt="0" Value="46"/>
<MapEntry BoolAssgnmnt="1" Value="45"/>
</AssgnmntListEntry>
<AssgnmntListEntry Length="1" RootTermCovItemId="C6">
<MapEntry BoolAssgnmnt="0" Value="16"/>
<MapEntry BoolAssgnmnt="1" Value="91"/>
</AssgnmntListEntry>
<AssgnmntListEntry Length="1" RootTermCovItemId="C7">
<MapEntry BoolAssgnmnt="0" Value="56"/>
<MapEntry BoolAssgnmnt="1" Value="35"/>
</AssgnmntListEntry>
<AssgnmntListEntry Length="1" RootTermCovItemId="C8">
<MapEntry BoolAssgnmnt="1" Value="91"/>
</AssgnmntListEntry>
<AssgnmntListEntry Length="1" RootTermCovItemId="C9">
<MapEntry BoolAssgnmnt="0" Value="91"/>
</AssgnmntListEntry>
</AssgnmntPrefix>
<AssgnmntPrefix RootTermCovItemPrefix="com.OriginalFiles.RemoteNXTFunctions.java">
<AssgnmntListEntry Length="1" RootTermCovItemId="C10">
<MapEntry BoolAssgnmnt="0" Value="99"/>
<MapEntry BoolAssgnmnt="1" Value="26"/>
</AssgnmntListEntry>
<AssgnmntListEntry Length="2" RootTermCovItemId="C11">
<MapEntry BoolAssgnmnt="02" Value="13"/>
<MapEntry BoolAssgnmnt="11" Value="13"/>
</AssgnmntListEntry>
<AssgnmntListEntry Length="2" RootTermCovItemId="C12">
<MapEntry BoolAssgnmnt="11" Value="13"/>
</AssgnmntListEntry>
<AssgnmntListEntry Length="1" RootTermCovItemId="C14">
<MapEntry BoolAssgnmnt="0" Value="65"/>
<MapEntry BoolAssgnmnt="1" Value="60"/>
</AssgnmntListEntry>
<AssgnmntListEntry Length="2" RootTermCovItemId="C15">
<MapEntry BoolAssgnmnt="10" Value="12"/>
<MapEntry BoolAssgnmnt="02" Value="36"/>
<MapEntry BoolAssgnmnt="11" Value="12"/>
</AssgnmntListEntry>
<AssgnmntListEntry Length="2" RootTermCovItemId="C16">
<MapEntry BoolAssgnmnt="02" Value="36"/>
<MapEntry BoolAssgnmnt="11" Value="12"/>
</AssgnmntListEntry>
<AssgnmntListEntry Length="1" RootTermCovItemId="C17">
<MapEntry BoolAssgnmnt="0" Value="36"/>
</AssgnmntListEntry>
<AssgnmntListEntry Length="1" RootTermCovItemId="C18">
<MapEntry BoolAssgnmnt="0" Value="125"/>
</AssgnmntListEntry>
<AssgnmntListEntry Length="1" RootTermCovItemId="C22">
<MapEntry BoolAssgnmnt="0" Value="125"/>
</AssgnmntListEntry>
<AssgnmntListEntry Length="1" RootTermCovItemId="C27">
<MapEntry BoolAssgnmnt="0" Value="125"/>
</AssgnmntListEntry>
<AssgnmntListEntry Length="1" RootTermCovItemId="C30">
<MapEntry BoolAssgnmnt="0" Value="125"/>
</AssgnmntListEntry>
<AssgnmntListEntry Length="1" RootTermCovItemId="C33">
<MapEntry BoolAssgnmnt="0" Value="125"/>
</AssgnmntListEntry>
<AssgnmntListEntry Length="1" RootTermCovItemId="C37">
<MapEntry BoolAssgnmnt="0" Value="125"/>
</AssgnmntListEntry>
<AssgnmntListEntry Length="1" RootTermCovItemId="C41">
<MapEntry BoolAssgnmnt="0" Value="125"/>
</AssgnmntListEntry>
<AssgnmntListEntry Length="1" RootTermCovItemId="C45">
<MapEntry BoolAssgnmnt="0" Value="125"/>
</AssgnmntListEntry>
<AssgnmntListEntry Length="1" RootTermCovItemId="C49">
<MapEntry BoolAssgnmnt="0" Value="125"/>
</AssgnmntListEntry>
<AssgnmntListEntry Length="1" RootTermCovItemId="C5">
<MapEntry BoolAssgnmnt="0" Value="125"/>
<MapEntry BoolAssgnmnt="1" Value="64"/>
</AssgnmntListEntry>
<AssgnmntListEntry Length="1" RootTermCovItemId="C54">
<MapEntry BoolAssgnmnt="0" Value="86"/>
<MapEntry BoolAssgnmnt="1" Value="39"/>
</AssgnmntListEntry>
<AssgnmntListEntry Length="2" RootTermCovItemId="C55">
<MapEntry BoolAssgnmnt="10" Value="3"/>
<MapEntry BoolAssgnmnt="02" Value="35"/>
<MapEntry BoolAssgnmnt="11" Value="1"/>
</AssgnmntListEntry>
<AssgnmntListEntry Length="2" RootTermCovItemId="C56">
<MapEntry BoolAssgnmnt="10" Value="3"/>
<MapEntry BoolAssgnmnt="02" Value="34"/>
<MapEntry BoolAssgnmnt="11" Value="1"/>
</AssgnmntListEntry>
<AssgnmntListEntry Length="2" RootTermCovItemId="C57">
<MapEntry BoolAssgnmnt="10" Value="2"/>
<MapEntry BoolAssgnmnt="02" Value="34"/>
<MapEntry BoolAssgnmnt="11" Value="1"/>
</AssgnmntListEntry>
<AssgnmntListEntry Length="1" RootTermCovItemId="C58">
<MapEntry BoolAssgnmnt="0" Value="28"/>
<MapEntry BoolAssgnmnt="1" Value="8"/>
</AssgnmntListEntry>
<AssgnmntListEntry Length="1" RootTermCovItemId="C59">
<MapEntry BoolAssgnmnt="0" Value="86"/>
</AssgnmntListEntry>
<AssgnmntListEntry Length="2" RootTermCovItemId="C6">
<MapEntry BoolAssgnmnt="11" Value="64"/>
</AssgnmntListEntry>
<AssgnmntListEntry Length="1" RootTermCovItemId="C64">
<MapEntry BoolAssgnmnt="0" Value="86"/>
</AssgnmntListEntry>
<AssgnmntListEntry Length="1" RootTermCovItemId="C69">
<MapEntry BoolAssgnmnt="0" Value="86"/>
</AssgnmntListEntry>
<AssgnmntListEntry Length="1" RootTermCovItemId="C73">
<MapEntry BoolAssgnmnt="0" Value="86"/>
</AssgnmntListEntry>
</AssgnmntPrefix>
</AssgnmntList>
<ObjMetaDataList/>
<MetaDataList/>
</TestCase>
<TestCase Comment="" Date="1386064449158" Name="com.Testing.AnalyzeTest:testGetColor">
<CovList>
<CovPrefix CovItemPrefix="com.OriginalFiles.Analyze.java">
<Cov CovItemId="B107" Value="33"/>
<Cov CovItemId="B108" Value="4"/>
<Cov CovItemId="B109" Value="1"/>
<Cov CovItemId="B110" Value="3"/>
<Cov CovItemId="B111" Value="1"/>
<Cov CovItemId="B112" Value="2"/>
<Cov CovItemId="B113" Value="1"/>
<Cov CovItemId="B114" Value="1"/>
<Cov CovItemId="S199" Value="37"/>
<Cov CovItemId="S200" Value="37"/>
<Cov CovItemId="S201" Value="37"/>
<Cov CovItemId="S202" Value="37"/>
<Cov CovItemId="S203" Value="37"/>
<Cov CovItemId="S204" Value="33"/>
<Cov CovItemId="S205" Value="4"/>
<Cov CovItemId="S206" Value="1"/>
<Cov CovItemId="S207" Value="3"/>
<Cov CovItemId="S208" Value="1"/>
<Cov CovItemId="S209" Value="2"/>
<Cov CovItemId="S210" Value="1"/>
<Cov CovItemId="S211" Value="1"/>
</CovPrefix>
<CovPrefix CovItemPrefix="com.OriginalFiles.Board.java">
<Cov CovItemId="B83" Value="26"/>
<Cov CovItemId="B84" Value="74"/>
<Cov CovItemId="B85" Value="26"/>
<Cov CovItemId="B86" Value="48"/>
<Cov CovItemId="S180" Value="100"/>
<Cov CovItemId="S181" Value="26"/>
<Cov CovItemId="S182" Value="74"/>
<Cov CovItemId="S183" Value="26"/>
<Cov CovItemId="S184" Value="48"/>
<Cov CovItemId="S185" Value="72"/>
</CovPrefix>
<CovPrefix CovItemPrefix="com.OriginalFiles.Field.java">
<Cov CovItemId="B1" Value="34"/>
<Cov CovItemId="B2" Value="8"/>
<Cov CovItemId="S1" Value="88"/>
<Cov CovItemId="S13" Value="64"/>
<Cov CovItemId="S2" Value="88"/>
<Cov CovItemId="S5" Value="42"/>
<Cov CovItemId="S6" Value="42"/>
<Cov CovItemId="S7" Value="34"/>
<Cov CovItemId="S8" Value="8"/>
<Cov CovItemId="S9" Value="42"/>
</CovPrefix>
<CovPrefix CovItemPrefix="com.OriginalFiles.Piece.java">
<Cov CovItemId="B1" Value="2"/>
<Cov CovItemId="B10" Value="16"/>
<Cov CovItemId="B11" Value="28"/>
<Cov CovItemId="B12" Value="8"/>
<Cov CovItemId="B13" Value="2"/>
<Cov CovItemId="B14" Value="26"/>
<Cov CovItemId="B15" Value="28"/>
<Cov CovItemId="B18" Value="28"/>
<Cov CovItemId="B2" Value="34"/>
<Cov CovItemId="B34" Value="28"/>
<Cov CovItemId="B35" Value="8"/>
<Cov CovItemId="B36" Value="20"/>
<Cov CovItemId="B37" Value="8"/>
<Cov CovItemId="B39" Value="2"/>
<Cov CovItemId="B4" Value="2"/>
<Cov CovItemId="B40" Value="26"/>
<Cov CovItemId="B5" Value="28"/>
<Cov CovItemId="B6" Value="8"/>
<Cov CovItemId="B9" Value="12"/>
<Cov CovItemId="S1" Value="34"/>
<Cov CovItemId="S10" Value="34"/>
<Cov CovItemId="S11" Value="34"/>
<Cov CovItemId="S12" Value="34"/>
<Cov CovItemId="S13" Value="34"/>
<Cov CovItemId="S14" Value="34"/>
<Cov CovItemId="S15" Value="34"/>
<Cov CovItemId="S16" Value="34"/>
<Cov CovItemId="S17" Value="34"/>
<Cov CovItemId="S18" Value="34"/>
<Cov CovItemId="S19" Value="34"/>
<Cov CovItemId="S2" Value="34"/>
<Cov CovItemId="S20" Value="34"/>
<Cov CovItemId="S21" Value="34"/>
<Cov CovItemId="S24" Value="36"/>
<Cov CovItemId="S25" Value="36"/>
<Cov CovItemId="S26" Value="36"/>
<Cov CovItemId="S27" Value="2"/>
<Cov CovItemId="S29" Value="2"/>
<Cov CovItemId="S3" Value="34"/>
<Cov CovItemId="S30" Value="34"/>
<Cov CovItemId="S31" Value="36"/>
<Cov CovItemId="S32" Value="36"/>
<Cov CovItemId="S33" Value="28"/>
<Cov CovItemId="S34" Value="8"/>
<Cov CovItemId="S35" Value="8"/>
<Cov CovItemId="S39" Value="28"/>
<Cov CovItemId="S4" Value="34"/>
<Cov CovItemId="S40" Value="12"/>
<Cov CovItemId="S41" Value="16"/>
<Cov CovItemId="S42" Value="36"/>
<Cov CovItemId="S43" Value="36"/>
<Cov CovItemId="S44" Value="28"/>
<Cov CovItemId="S45" Value="28"/>
<Cov CovItemId="S46" Value="28"/>
<Cov CovItemId="S47" Value="2"/>
<Cov CovItemId="S48" Value="28"/>
<Cov CovItemId="S49" Value="28"/>
<Cov CovItemId="S5" Value="34"/>
<Cov CovItemId="S50" Value="28"/>
<Cov CovItemId="S6" Value="34"/>
<Cov CovItemId="S65" Value="28"/>
<Cov CovItemId="S67" Value="28"/>
<Cov CovItemId="S68" Value="8"/>
<Cov CovItemId="S69" Value="8"/>
<Cov CovItemId="S7" Value="34"/>
<Cov CovItemId="S70" Value="8"/>
<Cov CovItemId="S71" Value="28"/>
<Cov CovItemId="S72" Value="2"/>
<Cov CovItemId="S73" Value="28"/>
<Cov CovItemId="S8" Value="34"/>
<Cov CovItemId="S9" Value="34"/>
</CovPrefix>
<CovPrefix CovItemPrefix="com.OriginalFiles.RemoteNXTFunctions.java">
<Cov CovItemId="B10" Value="5"/>
<Cov CovItemId="B11" Value="1"/>
<Cov CovItemId="B12" Value="4"/>
<Cov CovItemId="B13" Value="3"/>
<Cov CovItemId="B14" Value="1"/>
<Cov CovItemId="B5" Value="37"/>
<Cov CovItemId="B7" Value="32"/>
<Cov CovItemId="B8" Value="5"/>
<Cov CovItemId="S162" Value="37"/>
<Cov CovItemId="S19" Value="37"/>
<Cov CovItemId="S20" Value="37"/>
<Cov CovItemId="S21" Value="37"/>
<Cov CovItemId="S22" Value="32"/>
<Cov CovItemId="S23" Value="5"/>
<Cov CovItemId="S25" Value="5"/>
<Cov CovItemId="S26" Value="1"/>
<Cov CovItemId="S27" Value="4"/>
<Cov CovItemId="S28" Value="3"/>
<Cov CovItemId="S29" Value="1"/>
</CovPrefix>
</CovList>
<AssgnmntList>
<AssgnmntPrefix RootTermCovItemPrefix="com.OriginalFiles.Analyze.java">
<AssgnmntListEntry Length="6" RootTermCovItemId="C66">
<MapEntry BoolAssgnmnt="110222" Value="1"/>
<MapEntry BoolAssgnmnt="022222" Value="3"/>
<MapEntry BoolAssgnmnt="111111" Value="33"/>
</AssgnmntListEntry>
<AssgnmntListEntry Length="6" RootTermCovItemId="C67">
<MapEntry BoolAssgnmnt="022222" Value="3"/>
<MapEntry BoolAssgnmnt="111111" Value="1"/>
</AssgnmntListEntry>
<AssgnmntListEntry Length="6" RootTermCovItemId="C68">
<MapEntry BoolAssgnmnt="102222" Value="2"/>
<MapEntry BoolAssgnmnt="111111" Value="1"/>
</AssgnmntListEntry>
<AssgnmntListEntry Length="6" RootTermCovItemId="C69">
<MapEntry BoolAssgnmnt="102222" Value="1"/>
<MapEntry BoolAssgnmnt="111111" Value="1"/>
</AssgnmntListEntry>
</AssgnmntPrefix>
<AssgnmntPrefix RootTermCovItemPrefix="com.OriginalFiles.Board.java">
<AssgnmntListEntry Length="3" RootTermCovItemId="C55">
<MapEntry BoolAssgnmnt="011" Value="2"/>
<MapEntry BoolAssgnmnt="010" Value="2"/>
<MapEntry BoolAssgnmnt="002" Value="48"/>
<MapEntry BoolAssgnmnt="120" Value="24"/>
<MapEntry BoolAssgnmnt="121" Value="24"/>
</AssgnmntListEntry>
<AssgnmntListEntry Length="3" RootTermCovItemId="C56">
<MapEntry BoolAssgnmnt="011" Value="2"/>
<MapEntry BoolAssgnmnt="010" Value="2"/>
<MapEntry BoolAssgnmnt="002" Value="26"/>
<MapEntry BoolAssgnmnt="120" Value="20"/>
<MapEntry BoolAssgnmnt="121" Value="24"/>
</AssgnmntListEntry>
</AssgnmntPrefix>
<AssgnmntPrefix RootTermCovItemPrefix="com.OriginalFiles.Field.java">
<AssgnmntListEntry Length="1" RootTermCovItemId="C1">
<MapEntry BoolAssgnmnt="0" Value="34"/>
<MapEntry BoolAssgnmnt="1" Value="8"/>
</AssgnmntListEntry>
</AssgnmntPrefix>
<AssgnmntPrefix RootTermCovItemPrefix="com.OriginalFiles.Piece.java">
<AssgnmntListEntry Length="2" RootTermCovItemId="C1">
<MapEntry BoolAssgnmnt="10" Value="26"/>
<MapEntry BoolAssgnmnt="02" Value="8"/>
<MapEntry BoolAssgnmnt="11" Value="2"/>
</AssgnmntListEntry>
<AssgnmntListEntry Length="5" RootTermCovItemId="C17">
<MapEntry BoolAssgnmnt="00210" Value="13"/>
<MapEntry BoolAssgnmnt="01002" Value="13"/>
<MapEntry BoolAssgnmnt="12222" Value="2"/>
</AssgnmntListEntry>
<AssgnmntListEntry Length="5" RootTermCovItemId="C18">
<MapEntry BoolAssgnmnt="00210" Value="9"/>
<MapEntry BoolAssgnmnt="00211" Value="4"/>
<MapEntry BoolAssgnmnt="01002" Value="9"/>
<MapEntry BoolAssgnmnt="12222" Value="2"/>
<MapEntry BoolAssgnmnt="01122" Value="4"/>
</AssgnmntListEntry>
<AssgnmntListEntry Length="1" RootTermCovItemId="C19">
<MapEntry BoolAssgnmnt="1" Value="8"/>
</AssgnmntListEntry>
<AssgnmntListEntry Length="2" RootTermCovItemId="C2">
<MapEntry BoolAssgnmnt="02" Value="2"/>
</AssgnmntListEntry>
<AssgnmntListEntry Length="1" RootTermCovItemId="C20">
<MapEntry BoolAssgnmnt="0" Value="26"/>
<MapEntry BoolAssgnmnt="1" Value="2"/>
</AssgnmntListEntry>
<AssgnmntListEntry Length="1" RootTermCovItemId="C3">
<MapEntry BoolAssgnmnt="0" Value="8"/>
<MapEntry BoolAssgnmnt="1" Value="28"/>
</AssgnmntListEntry>
<AssgnmntListEntry Length="1" RootTermCovItemId="C5">
<MapEntry BoolAssgnmnt="0" Value="16"/>
<MapEntry BoolAssgnmnt="1" Value="12"/>
</AssgnmntListEntry>
<AssgnmntListEntry Length="1" RootTermCovItemId="C6">
<MapEntry BoolAssgnmnt="0" Value="8"/>
<MapEntry BoolAssgnmnt="1" Value="28"/>
</AssgnmntListEntry>
<AssgnmntListEntry Length="1" RootTermCovItemId="C7">
<MapEntry BoolAssgnmnt="0" Value="26"/>
<MapEntry BoolAssgnmnt="1" Value="2"/>
</AssgnmntListEntry>
<AssgnmntListEntry Length="1" RootTermCovItemId="C8">
<MapEntry BoolAssgnmnt="1" Value="28"/>
</AssgnmntListEntry>
<AssgnmntListEntry Length="1" RootTermCovItemId="C9">
<MapEntry BoolAssgnmnt="0" Value="28"/>
</AssgnmntListEntry>
</AssgnmntPrefix>
<AssgnmntPrefix RootTermCovItemPrefix="com.OriginalFiles.RemoteNXTFunctions.java">
<AssgnmntListEntry Length="1" RootTermCovItemId="C5">
<MapEntry BoolAssgnmnt="1" Value="37"/>
</AssgnmntListEntry>
<AssgnmntListEntry Length="2" RootTermCovItemId="C6">
<MapEntry BoolAssgnmnt="10" Value="1"/>
<MapEntry BoolAssgnmnt="02" Value="4"/>
<MapEntry BoolAssgnmnt="11" Value="32"/>
</AssgnmntListEntry>
<AssgnmntListEntry Length="2" RootTermCovItemId="C7">
<MapEntry BoolAssgnmnt="02" Value="5"/>
</AssgnmntListEntry>
<AssgnmntListEntry Length="2" RootTermCovItemId="C8">
<MapEntry BoolAssgnmnt="10" Value="1"/>
<MapEntry BoolAssgnmnt="02" Value="3"/>
<MapEntry BoolAssgnmnt="11" Value="1"/>
</AssgnmntListEntry>
<AssgnmntListEntry Length="1" RootTermCovItemId="C9">
<MapEntry BoolAssgnmnt="0" Value="1"/>
<MapEntry BoolAssgnmnt="1" Value="3"/>
</AssgnmntListEntry>
</AssgnmntPrefix>
</AssgnmntList>
<ObjMetaDataList/>
<MetaDataList/>
</TestCase>
<TestCase Comment="" Date="1386064449159" Name="com.Testing.AnalyzeTest:testCheckForGameHasEnded">
<CovList>
<CovPrefix CovItemPrefix="com.OriginalFiles.Analyze.java">
<Cov CovItemId="B107" Value="32"/>
<Cov CovItemId="B115" Value="2"/>
<Cov CovItemId="B116" Value="2"/>
<Cov CovItemId="B117" Value="2"/>
<Cov CovItemId="B120" Value="144"/>
<Cov CovItemId="B121" Value="240"/>
<Cov CovItemId="B122" Value="72"/>
<Cov CovItemId="B123" Value="72"/>
<Cov CovItemId="B124" Value="16"/>
<Cov CovItemId="B125" Value="56"/>
<Cov CovItemId="B126" Value="72"/>
<Cov CovItemId="B127" Value="72"/>
<Cov CovItemId="B128" Value="16"/>
<Cov CovItemId="B129" Value="56"/>
<Cov CovItemId="B130" Value="2"/>
<Cov CovItemId="B131" Value="4"/>
<Cov CovItemId="B132" Value="2"/>
<Cov CovItemId="B133" Value="2"/>
<Cov CovItemId="B135" Value="2"/>
<Cov CovItemId="L16-2" Value="6"/>
<Cov CovItemId="L17-2" Value="48"/>
<Cov CovItemId="S199" Value="32"/>
<Cov CovItemId="S200" Value="32"/>
<Cov CovItemId="S201" Value="32"/>
<Cov CovItemId="S202" Value="32"/>
<Cov CovItemId="S203" Value="32"/>
<Cov CovItemId="S204" Value="32"/>
<Cov CovItemId="S212" Value="6"/>
<Cov CovItemId="S213" Value="2"/>
<Cov CovItemId="S214" Value="2"/>
<Cov CovItemId="S215" Value="2"/>
<Cov CovItemId="S216" Value="2"/>
<Cov CovItemId="S217" Value="2"/>
<Cov CovItemId="S221" Value="6"/>
<Cov CovItemId="S222" Value="6"/>
<Cov CovItemId="S223" Value="6"/>
<Cov CovItemId="S224" Value="6"/>
<Cov CovItemId="S225" Value="6"/>
<Cov CovItemId="S226" Value="6"/>
<Cov CovItemId="S227" Value="48"/>
<Cov CovItemId="S228" Value="384"/>
<Cov CovItemId="S229" Value="144"/>
<Cov CovItemId="S230" Value="72"/>
<Cov CovItemId="S231" Value="72"/>
<Cov CovItemId="S232" Value="16"/>
<Cov CovItemId="S233" Value="144"/>
<Cov CovItemId="S234" Value="72"/>
<Cov CovItemId="S235" Value="72"/>
<Cov CovItemId="S236" Value="16"/>
<Cov CovItemId="S237" Value="6"/>
<Cov CovItemId="S238" Value="2"/>
<Cov CovItemId="S239" Value="4"/>
<Cov CovItemId="S240" Value="2"/>
<Cov CovItemId="S241" Value="2"/>
<Cov CovItemId="S250" Value="2"/>
</CovPrefix>
<CovPrefix CovItemPrefix="com.OriginalFiles.Board.java">
<Cov CovItemId="B41" Value="224"/>
<Cov CovItemId="B42" Value="64"/>
<Cov CovItemId="B44" Value="144"/>
<Cov CovItemId="B45" Value="28"/>
<Cov CovItemId="B46" Value="116"/>
<Cov CovItemId="B47" Value="28"/>
<Cov CovItemId="B48" Value="116"/>
<Cov CovItemId="B50" Value="144"/>
<Cov CovItemId="B55" Value="288"/>
<Cov CovItemId="B56" Value="288"/>
<Cov CovItemId="B57" Value="168"/>
<Cov CovItemId="B58" Value="120"/>
<Cov CovItemId="B59" Value="168"/>
<Cov CovItemId="B62" Value="168"/>
<Cov CovItemId="B63" Value="192"/>
<Cov CovItemId="B64" Value="192"/>
<Cov CovItemId="B65" Value="144"/>
<Cov CovItemId="B66" Value="48"/>
<Cov CovItemId="B67" Value="72"/>
<Cov CovItemId="B68" Value="72"/>
<Cov CovItemId="B79" Value="600"/>
<Cov CovItemId="B81" Value="552"/>
<Cov CovItemId="B82" Value="48"/>
<Cov CovItemId="B83" Value="168"/>
<Cov CovItemId="B84" Value="476"/>
<Cov CovItemId="B85" Value="96"/>
<Cov CovItemId="B86" Value="380"/>
<Cov CovItemId="L10-2" Value="96"/>
<Cov CovItemId="L13-2" Value="6"/>
<Cov CovItemId="L14-2" Value="48"/>
<Cov CovItemId="L9-2" Value="12"/>
<Cov CovItemId="S115" Value="288"/>
<Cov CovItemId="S116" Value="224"/>
<Cov CovItemId="S117" Value="64"/>
<Cov CovItemId="S118" Value="144"/>
<Cov CovItemId="S119" Value="144"/>
<Cov CovItemId="S121" Value="144"/>
<Cov CovItemId="S122" Value="144"/>
<Cov CovItemId="S123" Value="144"/>
<Cov CovItemId="S124" Value="144"/>
<Cov CovItemId="S125" Value="28"/>
<Cov CovItemId="S126" Value="144"/>
<Cov CovItemId="S127" Value="28"/>
<Cov CovItemId="S128" Value="144"/>
<Cov CovItemId="S133" Value="144"/>
<Cov CovItemId="S134" Value="144"/>
<Cov CovItemId="S135" Value="576"/>
<Cov CovItemId="S136" Value="288"/>
<Cov CovItemId="S137" Value="288"/>
<Cov CovItemId="S138" Value="168"/>
<Cov CovItemId="S139" Value="168"/>
<Cov CovItemId="S141" Value="288"/>
<Cov CovItemId="S142" Value="576"/>
<Cov CovItemId="S143" Value="6"/>
<Cov CovItemId="S144" Value="6"/>
<Cov CovItemId="S145" Value="48"/>
<Cov CovItemId="S146" Value="384"/>
<Cov CovItemId="S147" Value="192"/>
<Cov CovItemId="S148" Value="144"/>
<Cov CovItemId="S149" Value="72"/>
<Cov CovItemId="S150" Value="72"/>
<Cov CovItemId="S151" Value="6"/>
<Cov CovItemId="S176" Value="600"/>
<Cov CovItemId="S177" Value="600"/>
<Cov CovItemId="S178" Value="552"/>
<Cov CovItemId="S179" Value="48"/>
<Cov CovItemId="S180" Value="644"/>
<Cov CovItemId="S181" Value="168"/>
<Cov CovItemId="S182" Value="476"/>
<Cov CovItemId="S183" Value="96"/>
<Cov CovItemId="S184" Value="380"/>
<Cov CovItemId="S185" Value="1240"/>
<Cov CovItemId="S61" Value="12"/>
<Cov CovItemId="S62" Value="96"/>
<Cov CovItemId="S63" Value="768"/>
</CovPrefix>
<CovPrefix CovItemPrefix="com.OriginalFiles.Field.java">
<Cov CovItemId="B1" Value="32"/>
<Cov CovItemId="B2" Value="8"/>
<Cov CovItemId="S1" Value="88"/>
<Cov CovItemId="S13" Value="64"/>
<Cov CovItemId="S2" Value="88"/>
<Cov CovItemId="S5" Value="40"/>
<Cov CovItemId="S6" Value="40"/>
<Cov CovItemId="S7" Value="32"/>
<Cov CovItemId="S8" Value="1964"/>
<Cov CovItemId="S9" Value="1248"/>
</CovPrefix>
<CovPrefix CovItemPrefix="com.OriginalFiles.Piece.java">
<Cov CovItemId="B10" Value="12"/>
<Cov CovItemId="B11" Value="24"/>
<Cov CovItemId="B12" Value="8"/>
<Cov CovItemId="B14" Value="24"/>
<Cov CovItemId="B15" Value="24"/>
<Cov CovItemId="B18" Value="24"/>
<Cov CovItemId="B2" Value="32"/>
<Cov CovItemId="B34" Value="24"/>
<Cov CovItemId="B35" Value="8"/>
<Cov CovItemId="B36" Value="16"/>
<Cov CovItemId="B37" Value="8"/>
<Cov CovItemId="B40" Value="24"/>
<Cov CovItemId="B5" Value="24"/>
<Cov CovItemId="B6" Value="8"/>
<Cov CovItemId="B9" Value="12"/>
<Cov CovItemId="S1" Value="32"/>
<Cov CovItemId="S10" Value="32"/>
<Cov CovItemId="S11" Value="32"/>
<Cov CovItemId="S12" Value="32"/>
<Cov CovItemId="S13" Value="32"/>
<Cov CovItemId="S14" Value="32"/>
<Cov CovItemId="S15" Value="32"/>
<Cov CovItemId="S16" Value="32"/>
<Cov CovItemId="S17" Value="32"/>
<Cov CovItemId="S18" Value="32"/>
<Cov CovItemId="S19" Value="32"/>
<Cov CovItemId="S2" Value="32"/>
<Cov CovItemId="S20" Value="32"/>
<Cov CovItemId="S21" Value="32"/>
<Cov CovItemId="S24" Value="32"/>
<Cov CovItemId="S25" Value="32"/>
<Cov CovItemId="S26" Value="32"/>
<Cov CovItemId="S3" Value="32"/>
<Cov CovItemId="S30" Value="32"/>
<Cov CovItemId="S31" Value="32"/>
<Cov CovItemId="S32" Value="32"/>
<Cov CovItemId="S33" Value="24"/>
<Cov CovItemId="S34" Value="8"/>
<Cov CovItemId="S35" Value="8"/>
<Cov CovItemId="S39" Value="24"/>
<Cov CovItemId="S4" Value="32"/>
<Cov CovItemId="S40" Value="12"/>
<Cov CovItemId="S41" Value="12"/>
<Cov CovItemId="S42" Value="32"/>
<Cov CovItemId="S43" Value="32"/>
<Cov CovItemId="S44" Value="24"/>
<Cov CovItemId="S45" Value="24"/>
<Cov CovItemId="S46" Value="24"/>
<Cov CovItemId="S48" Value="24"/>
<Cov CovItemId="S49" Value="24"/>
<Cov CovItemId="S5" Value="32"/>
<Cov CovItemId="S50" Value="24"/>
<Cov CovItemId="S6" Value="32"/>
<Cov CovItemId="S65" Value="24"/>
<Cov CovItemId="S67" Value="24"/>
<Cov CovItemId="S68" Value="8"/>
<Cov CovItemId="S69" Value="8"/>
<Cov CovItemId="S7" Value="32"/>
<Cov CovItemId="S70" Value="8"/>
<Cov CovItemId="S71" Value="24"/>
<Cov CovItemId="S73" Value="24"/>
<Cov CovItemId="S8" Value="32"/>
<Cov CovItemId="S9" Value="32"/>
</CovPrefix>
<CovPrefix CovItemPrefix="com.OriginalFiles.RemoteNXTFunctions.java">
<Cov CovItemId="B5" Value="32"/>
<Cov CovItemId="B7" Value="32"/>
<Cov CovItemId="S162" Value="32"/>
<Cov CovItemId="S19" Value="32"/>
<Cov CovItemId="S20" Value="32"/>
<Cov CovItemId="S21" Value="32"/>
<Cov CovItemId="S22" Value="32"/>
</CovPrefix>
</CovList>
<AssgnmntList>
<AssgnmntPrefix RootTermCovItemPrefix="com.OriginalFiles.Analyze.java">
<AssgnmntListEntry Length="6" RootTermCovItemId="C66">
<MapEntry BoolAssgnmnt="111111" Value="32"/>
</AssgnmntListEntry>
<AssgnmntListEntry Length="1" RootTermCovItemId="C70">
<MapEntry BoolAssgnmnt="0" Value="144"/>
<MapEntry BoolAssgnmnt="1" Value="240"/>
</AssgnmntListEntry>
<AssgnmntListEntry Length="1" RootTermCovItemId="C71">
<MapEntry BoolAssgnmnt="0" Value="72"/>
<MapEntry BoolAssgnmnt="1" Value="72"/>
</AssgnmntListEntry>
<AssgnmntListEntry Length="1" RootTermCovItemId="C72">
<MapEntry BoolAssgnmnt="0" Value="56"/>
<MapEntry BoolAssgnmnt="1" Value="16"/>
</AssgnmntListEntry>
<AssgnmntListEntry Length="1" RootTermCovItemId="C73">
<MapEntry BoolAssgnmnt="0" Value="72"/>
<MapEntry BoolAssgnmnt="1" Value="72"/>
</AssgnmntListEntry>
<AssgnmntListEntry Length="1" RootTermCovItemId="C74">
<MapEntry BoolAssgnmnt="0" Value="56"/>
<MapEntry BoolAssgnmnt="1" Value="16"/>
</AssgnmntListEntry>
<AssgnmntListEntry Length="3" RootTermCovItemId="C75">
<MapEntry BoolAssgnmnt="012" Value="2"/>
<MapEntry BoolAssgnmnt="122" Value="2"/>
<MapEntry BoolAssgnmnt="001" Value="2"/>
</AssgnmntListEntry>
<AssgnmntListEntry Length="3" RootTermCovItemId="C76">
<MapEntry BoolAssgnmnt="011" Value="1"/>
<MapEntry BoolAssgnmnt="122" Value="2"/>
<MapEntry BoolAssgnmnt="002" Value="1"/>
</AssgnmntListEntry>
<AssgnmntListEntry Length="2" RootTermCovItemId="C77">
<MapEntry BoolAssgnmnt="02" Value="2"/>
</AssgnmntListEntry>
</AssgnmntPrefix>
<AssgnmntPrefix RootTermCovItemPrefix="com.OriginalFiles.Board.java">
<AssgnmntListEntry Length="1" RootTermCovItemId="C31">
<MapEntry BoolAssgnmnt="0" Value="64"/>
<MapEntry BoolAssgnmnt="1" Value="224"/>
</AssgnmntListEntry>
<AssgnmntListEntry Length="1" RootTermCovItemId="C32">
<MapEntry BoolAssgnmnt="0" Value="144"/>
</AssgnmntListEntry>
<AssgnmntListEntry Length="1" RootTermCovItemId="C33">
<MapEntry BoolAssgnmnt="0" Value="28"/>
<MapEntry BoolAssgnmnt="1" Value="116"/>
</AssgnmntListEntry>
<AssgnmntListEntry Length="1" RootTermCovItemId="C34">
<MapEntry BoolAssgnmnt="0" Value="28"/>
<MapEntry BoolAssgnmnt="1" Value="116"/>
</AssgnmntListEntry>
<AssgnmntListEntry Length="1" RootTermCovItemId="C35">
<MapEntry BoolAssgnmnt="0" Value="144"/>
</AssgnmntListEntry>
<AssgnmntListEntry Length="5" RootTermCovItemId="C38">
<MapEntry BoolAssgnmnt="02002" Value="144"/>
<MapEntry BoolAssgnmnt="10122" Value="144"/>
<MapEntry BoolAssgnmnt="11220" Value="144"/>
<MapEntry BoolAssgnmnt="02010" Value="144"/>
</AssgnmntListEntry>
<AssgnmntListEntry Length="1" RootTermCovItemId="C39">
<MapEntry BoolAssgnmnt="0" Value="120"/>
<MapEntry BoolAssgnmnt="1" Value="168"/>
</AssgnmntListEntry>
<AssgnmntListEntry Length="1" RootTermCovItemId="C40">
<MapEntry BoolAssgnmnt="0" Value="168"/>
</AssgnmntListEntry>
<AssgnmntListEntry Length="2" RootTermCovItemId="C41">
<MapEntry BoolAssgnmnt="02" Value="168"/>
</AssgnmntListEntry>
<AssgnmntListEntry Length="1" RootTermCovItemId="C42">
<MapEntry BoolAssgnmnt="0" Value="192"/>
<MapEntry BoolAssgnmnt="1" Value="192"/>
</AssgnmntListEntry>
<AssgnmntListEntry Length="1" RootTermCovItemId="C43">
<MapEntry BoolAssgnmnt="0" Value="48"/>
<MapEntry BoolAssgnmnt="1" Value="144"/>
</AssgnmntListEntry>
<AssgnmntListEntry Length="1" RootTermCovItemId="C44">
<MapEntry BoolAssgnmnt="0" Value="72"/>
<MapEntry BoolAssgnmnt="1" Value="72"/>
</AssgnmntListEntry>
<AssgnmntListEntry Length="1" RootTermCovItemId="C53">
<MapEntry BoolAssgnmnt="1" Value="600"/>
</AssgnmntListEntry>
<AssgnmntListEntry Length="1" RootTermCovItemId="C54">
<MapEntry BoolAssgnmnt="0" Value="552"/>
<MapEntry BoolAssgnmnt="1" Value="48"/>
</AssgnmntListEntry>
<AssgnmntListEntry Length="3" RootTermCovItemId="C55">
<MapEntry BoolAssgnmnt="002" Value="320"/>
<MapEntry BoolAssgnmnt="120" Value="168"/>
<MapEntry BoolAssgnmnt="121" Value="156"/>
</AssgnmntListEntry>
<AssgnmntListEntry Length="3" RootTermCovItemId="C56">
<MapEntry BoolAssgnmnt="002" Value="156"/>
<MapEntry BoolAssgnmnt="120" Value="224"/>
<MapEntry BoolAssgnmnt="121" Value="96"/>
</AssgnmntListEntry>
</AssgnmntPrefix>
<AssgnmntPrefix RootTermCovItemPrefix="com.OriginalFiles.Field.java">
<AssgnmntListEntry Length="1" RootTermCovItemId="C1">
<MapEntry BoolAssgnmnt="0" Value="32"/>
<MapEntry BoolAssgnmnt="1" Value="8"/>
</AssgnmntListEntry>
</AssgnmntPrefix>
<AssgnmntPrefix RootTermCovItemPrefix="com.OriginalFiles.Piece.java">
<AssgnmntListEntry Length="2" RootTermCovItemId="C1">
<MapEntry BoolAssgnmnt="10" Value="24"/>
<MapEntry BoolAssgnmnt="02" Value="8"/>
</AssgnmntListEntry>
<AssgnmntListEntry Length="5" RootTermCovItemId="C17">
<MapEntry BoolAssgnmnt="00210" Value="12"/>
<MapEntry BoolAssgnmnt="01002" Value="12"/>
</AssgnmntListEntry>
<AssgnmntListEntry Length="5" RootTermCovItemId="C18">
<MapEntry BoolAssgnmnt="00210" Value="8"/>
<MapEntry BoolAssgnmnt="00211" Value="4"/>
<MapEntry BoolAssgnmnt="01002" Value="8"/>
<MapEntry BoolAssgnmnt="01122" Value="4"/>
</AssgnmntListEntry>
<AssgnmntListEntry Length="1" RootTermCovItemId="C19">
<MapEntry BoolAssgnmnt="1" Value="8"/>
</AssgnmntListEntry>
<AssgnmntListEntry Length="1" RootTermCovItemId="C20">
<MapEntry BoolAssgnmnt="0" Value="24"/>
</AssgnmntListEntry>
<AssgnmntListEntry Length="1" RootTermCovItemId="C3">
<MapEntry BoolAssgnmnt="0" Value="8"/>
<MapEntry BoolAssgnmnt="1" Value="24"/>
</AssgnmntListEntry>
<AssgnmntListEntry Length="1" RootTermCovItemId="C5">
<MapEntry BoolAssgnmnt="0" Value="12"/>
<MapEntry BoolAssgnmnt="1" Value="12"/>
</AssgnmntListEntry>
<AssgnmntListEntry Length="1" RootTermCovItemId="C6">
<MapEntry BoolAssgnmnt="0" Value="8"/>
<MapEntry BoolAssgnmnt="1" Value="24"/>
</AssgnmntListEntry>
<AssgnmntListEntry Length="1" RootTermCovItemId="C7">
<MapEntry BoolAssgnmnt="0" Value="24"/>
</AssgnmntListEntry>
<AssgnmntListEntry Length="1" RootTermCovItemId="C8">
<MapEntry BoolAssgnmnt="1" Value="24"/>
</AssgnmntListEntry>
<AssgnmntListEntry Length="1" RootTermCovItemId="C9">
<MapEntry BoolAssgnmnt="0" Value="24"/>
</AssgnmntListEntry>
</AssgnmntPrefix>
<AssgnmntPrefix RootTermCovItemPrefix="com.OriginalFiles.RemoteNXTFunctions.java">
<AssgnmntListEntry Length="1" RootTermCovItemId="C5">
<MapEntry BoolAssgnmnt="1" Value="32"/>
</AssgnmntListEntry>
<AssgnmntListEntry Length="2" RootTermCovItemId="C6">
<MapEntry BoolAssgnmnt="11" Value="32"/>
</AssgnmntListEntry>
</AssgnmntPrefix>
</AssgnmntList>
<ObjMetaDataList/>
<MetaDataList/>
</TestCase>
<TestCase Comment="" Date="1386064449161" Name="com.Testing.AnalyzeTest:testcleanUp">
<CovList>
<CovPrefix CovItemPrefix="com.OriginalFiles.Analyze.java">
<Cov CovItemId="B158" Value="4"/>
<Cov CovItemId="B159" Value="60"/>
<Cov CovItemId="B160" Value="1"/>
<Cov CovItemId="B161" Value="23"/>
<Cov CovItemId="B162" Value="1"/>
<Cov CovItemId="B163" Value="15"/>
<Cov CovItemId="B164" Value="2"/>
<Cov CovItemId="B165" Value="4"/>
<Cov CovItemId="B166" Value="1"/>
<Cov CovItemId="B167" Value="3"/>
<Cov CovItemId="B168" Value="1"/>
<Cov CovItemId="B169" Value="2"/>
<Cov CovItemId="B170" Value="1"/>
<Cov CovItemId="B172" Value="2"/>
<Cov CovItemId="B174" Value="2"/>
<Cov CovItemId="B175" Value="4"/>
<Cov CovItemId="B176" Value="1"/>
<Cov CovItemId="B177" Value="1"/>
<Cov CovItemId="B178" Value="1"/>
<Cov CovItemId="B180" Value="1"/>
<Cov CovItemId="B182" Value="1"/>
<Cov CovItemId="B84" Value="3"/>
<Cov CovItemId="L20-2" Value="1"/>
<Cov CovItemId="L21-2" Value="8"/>
<Cov CovItemId="L22-2" Value="1"/>
<Cov CovItemId="L23-2" Value="8"/>
<Cov CovItemId="L24-2" Value="1"/>
<Cov CovItemId="L25-2" Value="8"/>
<Cov CovItemId="L26-1" Value="1"/>
<Cov CovItemId="L27-1" Value="1"/>
<Cov CovItemId="L28-1" Value="1"/>
<Cov CovItemId="L28-2" Value="1"/>
<Cov CovItemId="L29-1" Value="1"/>
<Cov CovItemId="L29-2" Value="2"/>
<Cov CovItemId="L30-1" Value="1"/>
<Cov CovItemId="L31-1" Value="1"/>
<Cov CovItemId="S149" Value="3"/>
<Cov CovItemId="S270" Value="1"/>
<Cov CovItemId="S271" Value="8"/>
<Cov CovItemId="S272" Value="64"/>
<Cov CovItemId="S273" Value="4"/>
<Cov CovItemId="S274" Value="1"/>
<Cov CovItemId="S275" Value="8"/>
<Cov CovItemId="S276" Value="24"/>
<Cov CovItemId="S277" Value="1"/>
<Cov CovItemId="S278" Value="1"/>
<Cov CovItemId="S279" Value="8"/>
<Cov CovItemId="S280" Value="16"/>
<Cov CovItemId="S281" Value="1"/>
<Cov CovItemId="S282" Value="6"/>
<Cov CovItemId="S283" Value="2"/>
<Cov CovItemId="S284" Value="4"/>
<Cov CovItemId="S285" Value="1"/>
<Cov CovItemId="S286" Value="3"/>
<Cov CovItemId="S287" Value="3"/>
<Cov CovItemId="S288" Value="1"/>
<Cov CovItemId="S289" Value="1"/>
<Cov CovItemId="S290" Value="1"/>
<Cov CovItemId="S291" Value="1"/>
<Cov CovItemId="S292" Value="1"/>
<Cov CovItemId="S293" Value="2"/>
<Cov CovItemId="S294" Value="2"/>
<Cov CovItemId="S295" Value="3"/>
<Cov CovItemId="S296" Value="6"/>
<Cov CovItemId="S297" Value="2"/>
<Cov CovItemId="S298" Value="2"/>
<Cov CovItemId="S299" Value="2"/>
<Cov CovItemId="S300" Value="1"/>
<Cov CovItemId="S301" Value="1"/>
<Cov CovItemId="S302" Value="1"/>
<Cov CovItemId="S303" Value="1"/>
<Cov CovItemId="S304" Value="1"/>
<Cov CovItemId="S306" Value="1"/>
<Cov CovItemId="S307" Value="1"/>
<Cov CovItemId="S308" Value="1"/>
<Cov CovItemId="S309" Value="1"/>
<Cov CovItemId="S310" Value="1"/>
<Cov CovItemId="S311" Value="1"/>
<Cov CovItemId="S313" Value="4"/>
</CovPrefix>
<CovPrefix CovItemPrefix="com.OriginalFiles.Board.java">
<Cov CovItemId="B31" Value="3"/>
<Cov CovItemId="B33" Value="1"/>
<Cov CovItemId="B34" Value="2"/>
<Cov CovItemId="B36" Value="3"/>
<Cov CovItemId="B37" Value="3"/>
<Cov CovItemId="B38" Value="2"/>
<Cov CovItemId="B79" Value="3"/>
<Cov CovItemId="B81" Value="3"/>
<Cov CovItemId="B83" Value="17"/>
<Cov CovItemId="B84" Value="44"/>
<Cov CovItemId="B85" Value="15"/>
<Cov CovItemId="B86" Value="29"/>
<Cov CovItemId="S100" Value="1"/>
<Cov CovItemId="S101" Value="2"/>
<Cov CovItemId="S102" Value="3"/>
<Cov CovItemId="S104" Value="3"/>
<Cov CovItemId="S106" Value="5"/>
<Cov CovItemId="S107" Value="5"/>
<Cov CovItemId="S108" Value="5"/>
<Cov CovItemId="S109" Value="3"/>
<Cov CovItemId="S176" Value="3"/>
<Cov CovItemId="S177" Value="3"/>
<Cov CovItemId="S178" Value="3"/>
<Cov CovItemId="S180" Value="61"/>
<Cov CovItemId="S181" Value="17"/>
<Cov CovItemId="S182" Value="44"/>
<Cov CovItemId="S183" Value="15"/>
<Cov CovItemId="S184" Value="29"/>
<Cov CovItemId="S185" Value="47"/>
<Cov CovItemId="S98" Value="3"/>
<Cov CovItemId="S99" Value="3"/>
</CovPrefix>
<CovPrefix CovItemPrefix="com.OriginalFiles.Field.java">
<Cov CovItemId="B1" Value="11"/>
<Cov CovItemId="S13" Value="71"/>
<Cov CovItemId="S5" Value="11"/>
<Cov CovItemId="S6" Value="11"/>
<Cov CovItemId="S7" Value="11"/>
<Cov CovItemId="S8" Value="30"/>
<Cov CovItemId="S9" Value="130"/>
</CovPrefix>
<CovPrefix CovItemPrefix="com.OriginalFiles.Move.java">
<Cov CovItemId="S1" Value="5"/>
<Cov CovItemId="S2" Value="5"/>
<Cov CovItemId="S3" Value="5"/>
<Cov CovItemId="S4" Value="5"/>
<Cov CovItemId="S5" Value="5"/>
<Cov CovItemId="S6" Value="5"/>
<Cov CovItemId="S7" Value="5"/>
</CovPrefix>
<CovPrefix CovItemPrefix="com.OriginalFiles.Piece.java">
<Cov CovItemId="B1" Value="2"/>
<Cov CovItemId="B10" Value="9"/>
<Cov CovItemId="B11" Value="13"/>
<Cov CovItemId="B12" Value="4"/>
<Cov CovItemId="B13" Value="2"/>
<Cov CovItemId="B14" Value="11"/>
<Cov CovItemId="B15" Value="13"/>
<Cov CovItemId="B18" Value="13"/>
<Cov CovItemId="B2" Value="15"/>
<Cov CovItemId="B33" Value="2"/>
<Cov CovItemId="B34" Value="11"/>
<Cov CovItemId="B35" Value="2"/>
<Cov CovItemId="B36" Value="11"/>
<Cov CovItemId="B37" Value="2"/>
<Cov CovItemId="B39" Value="2"/>
<Cov CovItemId="B4" Value="2"/>
<Cov CovItemId="B40" Value="11"/>
<Cov CovItemId="B5" Value="13"/>
<Cov CovItemId="B6" Value="4"/>
<Cov CovItemId="B9" Value="4"/>
<Cov CovItemId="S1" Value="6"/>
<Cov CovItemId="S10" Value="6"/>
<Cov CovItemId="S11" Value="6"/>
<Cov CovItemId="S12" Value="6"/>
<Cov CovItemId="S13" Value="6"/>
<Cov CovItemId="S14" Value="6"/>
<Cov CovItemId="S15" Value="6"/>
<Cov CovItemId="S16" Value="6"/>
<Cov CovItemId="S17" Value="6"/>
<Cov CovItemId="S18" Value="6"/>
<Cov CovItemId="S19" Value="6"/>
<Cov CovItemId="S2" Value="6"/>
<Cov CovItemId="S20" Value="6"/>
<Cov CovItemId="S21" Value="6"/>
<Cov CovItemId="S22" Value="7"/>
<Cov CovItemId="S24" Value="17"/>
<Cov CovItemId="S25" Value="17"/>
<Cov CovItemId="S26" Value="17"/>
<Cov CovItemId="S27" Value="2"/>
<Cov CovItemId="S29" Value="2"/>
<Cov CovItemId="S3" Value="6"/>
<Cov CovItemId="S30" Value="15"/>
<Cov CovItemId="S31" Value="17"/>
<Cov CovItemId="S32" Value="17"/>
<Cov CovItemId="S33" Value="13"/>
<Cov CovItemId="S34" Value="4"/>
<Cov CovItemId="S35" Value="4"/>
<Cov CovItemId="S39" Value="13"/>
<Cov CovItemId="S4" Value="6"/>
<Cov CovItemId="S40" Value="4"/>
<Cov CovItemId="S41" Value="9"/>
<Cov CovItemId="S42" Value="17"/>
<Cov CovItemId="S43" Value="17"/>
<Cov CovItemId="S44" Value="13"/>
<Cov CovItemId="S45" Value="13"/>
<Cov CovItemId="S46" Value="13"/>
<Cov CovItemId="S47" Value="2"/>
<Cov CovItemId="S48" Value="13"/>
<Cov CovItemId="S49" Value="13"/>
<Cov CovItemId="S5" Value="6"/>
<Cov CovItemId="S50" Value="13"/>
<Cov CovItemId="S6" Value="6"/>
<Cov CovItemId="S65" Value="13"/>
<Cov CovItemId="S66" Value="2"/>
<Cov CovItemId="S67" Value="13"/>
<Cov CovItemId="S68" Value="2"/>
<Cov CovItemId="S69" Value="2"/>
<Cov CovItemId="S7" Value="6"/>
<Cov CovItemId="S70" Value="2"/>
<Cov CovItemId="S71" Value="13"/>
<Cov CovItemId="S72" Value="2"/>
<Cov CovItemId="S73" Value="13"/>
<Cov CovItemId="S8" Value="6"/>
<Cov CovItemId="S9" Value="6"/>
</CovPrefix>
<CovPrefix CovItemPrefix="com.OriginalFiles.RemoteNXTFunctions.java">
<Cov CovItemId="B2" Value="5"/>
<Cov CovItemId="B4" Value="5"/>
<Cov CovItemId="L1-1" Value="5"/>
<Cov CovItemId="L2-0" Value="5"/>
<Cov CovItemId="S10" Value="5"/>
<Cov CovItemId="S12" Value="5"/>
<Cov CovItemId="S14" Value="5"/>
<Cov CovItemId="S15" Value="5"/>
<Cov CovItemId="S17" Value="5"/>
<Cov CovItemId="S18" Value="5"/>
<Cov CovItemId="S6" Value="5"/>
<Cov CovItemId="S7" Value="5"/>
<Cov CovItemId="S8" Value="5"/>
<Cov CovItemId="S9" Value="5"/>
</CovPrefix>
</CovList>
<AssgnmntList>
<AssgnmntPrefix RootTermCovItemPrefix="com.OriginalFiles.Analyze.java">
<AssgnmntListEntry Length="1" RootTermCovItemId="C100">
<MapEntry BoolAssgnmnt="1" Value="2"/>
</AssgnmntListEntry>
<AssgnmntListEntry Length="1" RootTermCovItemId="C101">
<MapEntry BoolAssgnmnt="1" Value="3"/>
</AssgnmntListEntry>
<AssgnmntListEntry Length="1" RootTermCovItemId="C102">
<MapEntry BoolAssgnmnt="0" Value="1"/>
<MapEntry BoolAssgnmnt="1" Value="6"/>
</AssgnmntListEntry>
<AssgnmntListEntry Length="2" RootTermCovItemId="C103">
<MapEntry BoolAssgnmnt="10" Value="3"/>
<MapEntry BoolAssgnmnt="02" Value="1"/>
<MapEntry BoolAssgnmnt="11" Value="2"/>
</AssgnmntListEntry>
<AssgnmntListEntry Length="1" RootTermCovItemId="C104">
<MapEntry BoolAssgnmnt="0" Value="1"/>
<MapEntry BoolAssgnmnt="1" Value="1"/>
</AssgnmntListEntry>
<AssgnmntListEntry Length="1" RootTermCovItemId="C105">
<MapEntry BoolAssgnmnt="0" Value="1"/>
</AssgnmntListEntry>
<AssgnmntListEntry Length="1" RootTermCovItemId="C106">
<MapEntry BoolAssgnmnt="1" Value="1"/>
</AssgnmntListEntry>
<AssgnmntListEntry Length="1" RootTermCovItemId="C107">
<MapEntry BoolAssgnmnt="1" Value="1"/>
</AssgnmntListEntry>
<AssgnmntListEntry Length="1" RootTermCovItemId="C108">
<MapEntry BoolAssgnmnt="0" Value="1"/>
</AssgnmntListEntry>
<AssgnmntListEntry Length="1" RootTermCovItemId="C109">
<MapEntry BoolAssgnmnt="1" Value="1"/>
</AssgnmntListEntry>
<AssgnmntListEntry Length="1" RootTermCovItemId="C49">
<MapEntry BoolAssgnmnt="0" Value="3"/>
</AssgnmntListEntry>
<AssgnmntListEntry Length="1" RootTermCovItemId="C91">
<MapEntry BoolAssgnmnt="0" Value="4"/>
<MapEntry BoolAssgnmnt="1" Value="60"/>
</AssgnmntListEntry>
<AssgnmntListEntry Length="1" RootTermCovItemId="C92">
<MapEntry BoolAssgnmnt="0" Value="1"/>
<MapEntry BoolAssgnmnt="1" Value="23"/>
</AssgnmntListEntry>
<AssgnmntListEntry Length="1" RootTermCovItemId="C93">
<MapEntry BoolAssgnmnt="0" Value="1"/>
<MapEntry BoolAssgnmnt="1" Value="15"/>
</AssgnmntListEntry>
<AssgnmntListEntry Length="1" RootTermCovItemId="C94">
<MapEntry BoolAssgnmnt="0" Value="4"/>
<MapEntry BoolAssgnmnt="1" Value="2"/>
</AssgnmntListEntry>
<AssgnmntListEntry Length="1" RootTermCovItemId="C95">
<MapEntry BoolAssgnmnt="0" Value="3"/>
<MapEntry BoolAssgnmnt="1" Value="1"/>
</AssgnmntListEntry>
<AssgnmntListEntry Length="1" RootTermCovItemId="C96">
<MapEntry BoolAssgnmnt="0" Value="2"/>
<MapEntry BoolAssgnmnt="1" Value="1"/>
</AssgnmntListEntry>
<AssgnmntListEntry Length="1" RootTermCovItemId="C97">
<MapEntry BoolAssgnmnt="1" Value="1"/>
</AssgnmntListEntry>
<AssgnmntListEntry Length="1" RootTermCovItemId="C98">
<MapEntry BoolAssgnmnt="1" Value="1"/>
</AssgnmntListEntry>
<AssgnmntListEntry Length="2" RootTermCovItemId="C99">
<MapEntry BoolAssgnmnt="11" Value="1"/>
</AssgnmntListEntry>
</AssgnmntPrefix>
<AssgnmntPrefix RootTermCovItemPrefix="com.OriginalFiles.Board.java">
<AssgnmntListEntry Length="1" RootTermCovItemId="C26">
<MapEntry BoolAssgnmnt="0" Value="3"/>
</AssgnmntListEntry>
<AssgnmntListEntry Length="1" RootTermCovItemId="C27">
<MapEntry BoolAssgnmnt="0" Value="2"/>
<MapEntry BoolAssgnmnt="1" Value="1"/>
</AssgnmntListEntry>
<AssgnmntListEntry Length="2" RootTermCovItemId="C28">
<MapEntry BoolAssgnmnt="02" Value="3"/>
</AssgnmntListEntry>
<AssgnmntListEntry Length="1" RootTermCovItemId="C29">
<MapEntry BoolAssgnmnt="0" Value="2"/>
<MapEntry BoolAssgnmnt="1" Value="3"/>
</AssgnmntListEntry>
<AssgnmntListEntry Length="1" RootTermCovItemId="C53">
<MapEntry BoolAssgnmnt="1" Value="3"/>
</AssgnmntListEntry>
<AssgnmntListEntry Length="1" RootTermCovItemId="C54">
<MapEntry BoolAssgnmnt="0" Value="3"/>
</AssgnmntListEntry>
<AssgnmntListEntry Length="3" RootTermCovItemId="C55">
<MapEntry BoolAssgnmnt="011" Value="2"/>
<MapEntry BoolAssgnmnt="010" Value="3"/>
<MapEntry BoolAssgnmnt="002" Value="26"/>
<MapEntry BoolAssgnmnt="120" Value="14"/>
<MapEntry BoolAssgnmnt="121" Value="16"/>
</AssgnmntListEntry>
<AssgnmntListEntry Length="3" RootTermCovItemId="C56">
<MapEntry BoolAssgnmnt="011" Value="3"/>
<MapEntry BoolAssgnmnt="010" Value="2"/>
<MapEntry BoolAssgnmnt="002" Value="18"/>
<MapEntry BoolAssgnmnt="120" Value="9"/>
<MapEntry BoolAssgnmnt="121" Value="12"/>
</AssgnmntListEntry>
</AssgnmntPrefix>
<AssgnmntPrefix RootTermCovItemPrefix="com.OriginalFiles.Field.java">
<AssgnmntListEntry Length="1" RootTermCovItemId="C1">
<MapEntry BoolAssgnmnt="0" Value="11"/>
</AssgnmntListEntry>
</AssgnmntPrefix>
<AssgnmntPrefix RootTermCovItemPrefix="com.OriginalFiles.Piece.java">
<AssgnmntListEntry Length="2" RootTermCovItemId="C1">
<MapEntry BoolAssgnmnt="10" Value="11"/>
<MapEntry BoolAssgnmnt="02" Value="4"/>
<MapEntry BoolAssgnmnt="11" Value="2"/>
</AssgnmntListEntry>
<AssgnmntListEntry Length="5" RootTermCovItemId="C17">
<MapEntry BoolAssgnmnt="00210" Value="4"/>
<MapEntry BoolAssgnmnt="00211" Value="2"/>
<MapEntry BoolAssgnmnt="01002" Value="5"/>
<MapEntry BoolAssgnmnt="12222" Value="2"/>
</AssgnmntListEntry>
<AssgnmntListEntry Length="5" RootTermCovItemId="C18">
<MapEntry BoolAssgnmnt="00210" Value="5"/>
<MapEntry BoolAssgnmnt="00211" Value="1"/>
<MapEntry BoolAssgnmnt="01002" Value="4"/>
<MapEntry BoolAssgnmnt="12222" Value="2"/>
<MapEntry BoolAssgnmnt="01122" Value="1"/>
</AssgnmntListEntry>
<AssgnmntListEntry Length="1" RootTermCovItemId="C19">
<MapEntry BoolAssgnmnt="1" Value="2"/>
</AssgnmntListEntry>
<AssgnmntListEntry Length="2" RootTermCovItemId="C2">
<MapEntry BoolAssgnmnt="02" Value="2"/>
</AssgnmntListEntry>
<AssgnmntListEntry Length="1" RootTermCovItemId="C20">
<MapEntry BoolAssgnmnt="0" Value="11"/>
<MapEntry BoolAssgnmnt="1" Value="2"/>
</AssgnmntListEntry>
<AssgnmntListEntry Length="1" RootTermCovItemId="C3">
<MapEntry BoolAssgnmnt="0" Value="4"/>
<MapEntry BoolAssgnmnt="1" Value="13"/>
</AssgnmntListEntry>
<AssgnmntListEntry Length="1" RootTermCovItemId="C5">
<MapEntry BoolAssgnmnt="0" Value="9"/>
<MapEntry BoolAssgnmnt="1" Value="4"/>
</AssgnmntListEntry>
<AssgnmntListEntry Length="1" RootTermCovItemId="C6">
<MapEntry BoolAssgnmnt="0" Value="4"/>
<MapEntry BoolAssgnmnt="1" Value="13"/>
</AssgnmntListEntry>
<AssgnmntListEntry Length="1" RootTermCovItemId="C7">
<MapEntry BoolAssgnmnt="0" Value="11"/>
<MapEntry BoolAssgnmnt="1" Value="2"/>
</AssgnmntListEntry>
<AssgnmntListEntry Length="1" RootTermCovItemId="C8">
<MapEntry BoolAssgnmnt="1" Value="13"/>
</AssgnmntListEntry>
<AssgnmntListEntry Length="1" RootTermCovItemId="C9">
<MapEntry BoolAssgnmnt="0" Value="13"/>
</AssgnmntListEntry>
</AssgnmntPrefix>
<AssgnmntPrefix RootTermCovItemPrefix="com.OriginalFiles.RemoteNXTFunctions.java">
<AssgnmntListEntry Length="1" RootTermCovItemId="C1">
<MapEntry BoolAssgnmnt="0" Value="5"/>
<MapEntry BoolAssgnmnt="1" Value="5"/>
</AssgnmntListEntry>
<AssgnmntListEntry Length="1" RootTermCovItemId="C2">
<MapEntry BoolAssgnmnt="0" Value="5"/>
</AssgnmntListEntry>
<AssgnmntListEntry Length="1" RootTermCovItemId="C3">
<MapEntry BoolAssgnmnt="0" Value="5"/>
</AssgnmntListEntry>
<AssgnmntListEntry Length="2" RootTermCovItemId="C4">
<MapEntry BoolAssgnmnt="10" Value="3"/>
<MapEntry BoolAssgnmnt="02" Value="2"/>
</AssgnmntListEntry>
</AssgnmntPrefix>
</AssgnmntList>
<ObjMetaDataList/>
<MetaDataList/>
</TestCase>
<TestCase Comment="" Date="1386064449162" Name="com.Testing.AnalyzeTest:testCheckForGameIsDraw">
<CovList>
<CovPrefix CovItemPrefix="com.OriginalFiles.Analyze.java">
<Cov CovItemId="B115" Value="8"/>
<Cov CovItemId="B118" Value="20"/>
<Cov CovItemId="B120" Value="56"/>
<Cov CovItemId="B121" Value="1736"/>
<Cov CovItemId="B122" Value="28"/>
<Cov CovItemId="B123" Value="28"/>
<Cov CovItemId="B124" Value="28"/>
<Cov CovItemId="B126" Value="28"/>
<Cov CovItemId="B127" Value="28"/>
<Cov CovItemId="B128" Value="28"/>
<Cov CovItemId="B131" Value="28"/>
<Cov CovItemId="B133" Value="28"/>
<Cov CovItemId="B134" Value="28"/>
<Cov CovItemId="B136" Value="28"/>
<Cov CovItemId="B138" Value="28"/>
<Cov CovItemId="B140" Value="8"/>
<Cov CovItemId="B141" Value="20"/>
<Cov CovItemId="B142" Value="12"/>
<Cov CovItemId="B143" Value="8"/>
<Cov CovItemId="B156" Value="28"/>
<Cov CovItemId="B157" Value="28"/>
<Cov CovItemId="L16-2" Value="28"/>
<Cov CovItemId="L17-2" Value="224"/>
<Cov CovItemId="S212" Value="28"/>
<Cov CovItemId="S213" Value="8"/>
<Cov CovItemId="S218" Value="20"/>
<Cov CovItemId="S219" Value="20"/>
<Cov CovItemId="S221" Value="28"/>
<Cov CovItemId="S222" Value="28"/>
<Cov CovItemId="S223" Value="28"/>
<Cov CovItemId="S224" Value="28"/>
<Cov CovItemId="S225" Value="28"/>
<Cov CovItemId="S226" Value="28"/>
<Cov CovItemId="S227" Value="224"/>
<Cov CovItemId="S228" Value="1792"/>
<Cov CovItemId="S229" Value="56"/>
<Cov CovItemId="S230" Value="28"/>
<Cov CovItemId="S231" Value="28"/>
<Cov CovItemId="S232" Value="28"/>
<Cov CovItemId="S233" Value="56"/>
<Cov CovItemId="S234" Value="28"/>
<Cov CovItemId="S235" Value="28"/>
<Cov CovItemId="S236" Value="28"/>
<Cov CovItemId="S237" Value="28"/>
<Cov CovItemId="S239" Value="28"/>
<Cov CovItemId="S241" Value="28"/>
<Cov CovItemId="S242" Value="28"/>
<Cov CovItemId="S243" Value="28"/>
<Cov CovItemId="S244" Value="28"/>
<Cov CovItemId="S245" Value="28"/>
<Cov CovItemId="S246" Value="28"/>
<Cov CovItemId="S247" Value="8"/>
<Cov CovItemId="S248" Value="20"/>
<Cov CovItemId="S249" Value="12"/>
<Cov CovItemId="S250" Value="8"/>
<Cov CovItemId="S267" Value="56"/>
<Cov CovItemId="S268" Value="28"/>
<Cov CovItemId="S269" Value="28"/>
</CovPrefix>
<CovPrefix CovItemPrefix="com.OriginalFiles.Board.java">
<Cov CovItemId="B41" Value="154"/>
<Cov CovItemId="B42" Value="28"/>
<Cov CovItemId="B43" Value="14"/>
<Cov CovItemId="B44" Value="42"/>
<Cov CovItemId="B45" Value="31"/>
<Cov CovItemId="B46" Value="11"/>
<Cov CovItemId="B47" Value="32"/>
<Cov CovItemId="B48" Value="10"/>
<Cov CovItemId="B49" Value="42"/>
<Cov CovItemId="B51" Value="30"/>
<Cov CovItemId="B52" Value="12"/>
<Cov CovItemId="B53" Value="33"/>
<Cov CovItemId="B54" Value="9"/>
<Cov CovItemId="B56" Value="198"/>
<Cov CovItemId="B57" Value="84"/>
<Cov CovItemId="B58" Value="114"/>
<Cov CovItemId="B59" Value="84"/>
<Cov CovItemId="B61" Value="14"/>
<Cov CovItemId="B62" Value="70"/>
<Cov CovItemId="B63" Value="896"/>
<Cov CovItemId="B64" Value="896"/>
<Cov CovItemId="B65" Value="56"/>
<Cov CovItemId="B66" Value="840"/>
<Cov CovItemId="B67" Value="28"/>
<Cov CovItemId="B68" Value="28"/>
<Cov CovItemId="B79" Value="252"/>
<Cov CovItemId="B81" Value="182"/>
<Cov CovItemId="B82" Value="70"/>
<Cov CovItemId="B83" Value="120"/>
<Cov CovItemId="B84" Value="274"/>
<Cov CovItemId="B85" Value="90"/>
<Cov CovItemId="B86" Value="184"/>
<Cov CovItemId="L10-2" Value="448"/>
<Cov CovItemId="L13-2" Value="28"/>
<Cov CovItemId="L14-2" Value="224"/>
<Cov CovItemId="L9-2" Value="56"/>
<Cov CovItemId="S115" Value="182"/>
<Cov CovItemId="S116" Value="154"/>
<Cov CovItemId="S117" Value="28"/>
<Cov CovItemId="S118" Value="56"/>
<Cov CovItemId="S119" Value="56"/>
<Cov CovItemId="S120" Value="14"/>
<Cov CovItemId="S121" Value="42"/>
<Cov CovItemId="S122" Value="42"/>
<Cov CovItemId="S123" Value="42"/>
<Cov CovItemId="S124" Value="42"/>
<Cov CovItemId="S125" Value="31"/>
<Cov CovItemId="S126" Value="42"/>
<Cov CovItemId="S127" Value="32"/>
<Cov CovItemId="S128" Value="42"/>
<Cov CovItemId="S129" Value="42"/>
<Cov CovItemId="S130" Value="30"/>
<Cov CovItemId="S131" Value="42"/>
<Cov CovItemId="S132" Value="33"/>
<Cov CovItemId="S133" Value="42"/>
<Cov CovItemId="S134" Value="56"/>
<Cov CovItemId="S135" Value="198"/>
<Cov CovItemId="S137" Value="198"/>
<Cov CovItemId="S138" Value="84"/>
<Cov CovItemId="S139" Value="84"/>
<Cov CovItemId="S140" Value="14"/>
<Cov CovItemId="S141" Value="184"/>
<Cov CovItemId="S142" Value="198"/>
<Cov CovItemId="S143" Value="28"/>
<Cov CovItemId="S144" Value="28"/>
<Cov CovItemId="S145" Value="224"/>
<Cov CovItemId="S146" Value="1792"/>
<Cov CovItemId="S147" Value="896"/>
<Cov CovItemId="S148" Value="56"/>
<Cov CovItemId="S149" Value="28"/>
<Cov CovItemId="S150" Value="28"/>
<Cov CovItemId="S151" Value="28"/>
<Cov CovItemId="S176" Value="252"/>
<Cov CovItemId="S177" Value="252"/>
<Cov CovItemId="S178" Value="182"/>
<Cov CovItemId="S179" Value="70"/>
<Cov CovItemId="S180" Value="394"/>
<Cov CovItemId="S181" Value="120"/>
<Cov CovItemId="S182" Value="274"/>
<Cov CovItemId="S183" Value="90"/>
<Cov CovItemId="S184" Value="184"/>
<Cov CovItemId="S185" Value="856"/>
<Cov CovItemId="S61" Value="56"/>
<Cov CovItemId="S62" Value="448"/>
<Cov CovItemId="S63" Value="3584"/>
</CovPrefix>
<CovPrefix CovItemPrefix="com.OriginalFiles.Field.java">
<Cov CovItemId="B1" Value="56"/>
<Cov CovItemId="S13" Value="1792"/>
<Cov CovItemId="S5" Value="56"/>
<Cov CovItemId="S6" Value="56"/>
<Cov CovItemId="S7" Value="56"/>
<Cov CovItemId="S8" Value="1456"/>
<Cov CovItemId="S9" Value="2254"/>
</CovPrefix>
<CovPrefix CovItemPrefix="com.OriginalFiles.Piece.java">
<Cov CovItemId="B1" Value="56"/>
<Cov CovItemId="B10" Value="48"/>
<Cov CovItemId="B11" Value="112"/>
<Cov CovItemId="B13" Value="56"/>
<Cov CovItemId="B14" Value="56"/>
<Cov CovItemId="B15" Value="112"/>
<Cov CovItemId="B18" Value="112"/>
<Cov CovItemId="B2" Value="56"/>
<Cov CovItemId="B33" Value="14"/>
<Cov CovItemId="B34" Value="98"/>
<Cov CovItemId="B35" Value="8"/>
<Cov CovItemId="B36" Value="104"/>
<Cov CovItemId="B37" Value="8"/>
<Cov CovItemId="B39" Value="56"/>
<Cov CovItemId="B4" Value="56"/>
<Cov CovItemId="B40" Value="56"/>
<Cov CovItemId="B5" Value="112"/>
<Cov CovItemId="B9" Value="64"/>
<Cov CovItemId="S1" Value="56"/>
<Cov CovItemId="S10" Value="56"/>
<Cov CovItemId="S11" Value="56"/>
<Cov CovItemId="S12" Value="56"/>
<Cov CovItemId="S13" Value="56"/>
<Cov CovItemId="S14" Value="56"/>
<Cov CovItemId="S15" Value="56"/>
<Cov CovItemId="S16" Value="56"/>
<Cov CovItemId="S17" Value="56"/>
<Cov CovItemId="S18" Value="56"/>
<Cov CovItemId="S19" Value="56"/>
<Cov CovItemId="S2" Value="56"/>
<Cov CovItemId="S20" Value="56"/>
<Cov CovItemId="S21" Value="56"/>
<Cov CovItemId="S22" Value="42"/>
<Cov CovItemId="S23" Value="178"/>
<Cov CovItemId="S24" Value="112"/>
<Cov CovItemId="S25" Value="112"/>
<Cov CovItemId="S26" Value="112"/>
<Cov CovItemId="S27" Value="56"/>
<Cov CovItemId="S29" Value="56"/>
<Cov CovItemId="S3" Value="56"/>
<Cov CovItemId="S30" Value="56"/>
<Cov CovItemId="S31" Value="112"/>
<Cov CovItemId="S32" Value="112"/>
<Cov CovItemId="S33" Value="112"/>
<Cov CovItemId="S39" Value="112"/>
<Cov CovItemId="S4" Value="56"/>
<Cov CovItemId="S40" Value="64"/>
<Cov CovItemId="S41" Value="48"/>
<Cov CovItemId="S42" Value="112"/>
<Cov CovItemId="S43" Value="112"/>
<Cov CovItemId="S44" Value="112"/>
<Cov CovItemId="S45" Value="112"/>
<Cov CovItemId="S46" Value="112"/>
<Cov CovItemId="S47" Value="56"/>
<Cov CovItemId="S48" Value="112"/>
<Cov CovItemId="S49" Value="112"/>
<Cov CovItemId="S5" Value="56"/>
<Cov CovItemId="S50" Value="112"/>
<Cov CovItemId="S6" Value="56"/>
<Cov CovItemId="S65" Value="112"/>
<Cov CovItemId="S66" Value="14"/>
<Cov CovItemId="S67" Value="112"/>
<Cov CovItemId="S68" Value="8"/>
<Cov CovItemId="S69" Value="8"/>
<Cov CovItemId="S7" Value="56"/>
<Cov CovItemId="S70" Value="8"/>
<Cov CovItemId="S71" Value="112"/>
<Cov CovItemId="S72" Value="56"/>
<Cov CovItemId="S73" Value="112"/>
<Cov CovItemId="S8" Value="56"/>
<Cov CovItemId="S9" Value="56"/>
</CovPrefix>
</CovList>
<AssgnmntList>
<AssgnmntPrefix RootTermCovItemPrefix="com.OriginalFiles.Analyze.java">
<AssgnmntListEntry Length="1" RootTermCovItemId="C70">
<MapEntry BoolAssgnmnt="0" Value="56"/>
<MapEntry BoolAssgnmnt="1" Value="1736"/>
</AssgnmntListEntry>
<AssgnmntListEntry Length="1" RootTermCovItemId="C71">
<MapEntry BoolAssgnmnt="0" Value="28"/>
<MapEntry BoolAssgnmnt="1" Value="28"/>
</AssgnmntListEntry>
<AssgnmntListEntry Length="1" RootTermCovItemId="C72">
<MapEntry BoolAssgnmnt="1" Value="28"/>
</AssgnmntListEntry>
<AssgnmntListEntry Length="1" RootTermCovItemId="C73">
<MapEntry BoolAssgnmnt="0" Value="28"/>
<MapEntry BoolAssgnmnt="1" Value="28"/>
</AssgnmntListEntry>
<AssgnmntListEntry Length="1" RootTermCovItemId="C74">
<MapEntry BoolAssgnmnt="1" Value="28"/>
</AssgnmntListEntry>
<AssgnmntListEntry Length="3" RootTermCovItemId="C75">
<MapEntry BoolAssgnmnt="012" Value="12"/>
<MapEntry BoolAssgnmnt="001" Value="16"/>
</AssgnmntListEntry>
<AssgnmntListEntry Length="3" RootTermCovItemId="C76">
<MapEntry BoolAssgnmnt="011" Value="12"/>
<MapEntry BoolAssgnmnt="002" Value="16"/>
</AssgnmntListEntry>
<AssgnmntListEntry Length="2" RootTermCovItemId="C77">
<MapEntry BoolAssgnmnt="11" Value="28"/>
</AssgnmntListEntry>
<AssgnmntListEntry Length="2" RootTermCovItemId="C78">
<MapEntry BoolAssgnmnt="11" Value="28"/>
</AssgnmntListEntry>
<AssgnmntListEntry Length="2" RootTermCovItemId="C79">
<MapEntry BoolAssgnmnt="01" Value="12"/>
<MapEntry BoolAssgnmnt="12" Value="16"/>
</AssgnmntListEntry>
<AssgnmntListEntry Length="2" RootTermCovItemId="C80">
<MapEntry BoolAssgnmnt="10" Value="8"/>
<MapEntry BoolAssgnmnt="02" Value="16"/>
<MapEntry BoolAssgnmnt="11" Value="4"/>
</AssgnmntListEntry>
<AssgnmntListEntry Length="2" RootTermCovItemId="C81">
<MapEntry BoolAssgnmnt="01" Value="4"/>
<MapEntry BoolAssgnmnt="00" Value="12"/>
<MapEntry BoolAssgnmnt="12" Value="4"/>
</AssgnmntListEntry>
<AssgnmntListEntry Length="8" RootTermCovItemId="C90">
<MapEntry BoolAssgnmnt="02100202" Value="8"/>
<MapEntry BoolAssgnmnt="02021122" Value="6"/>
<MapEntry BoolAssgnmnt="11222222" Value="8"/>
<MapEntry BoolAssgnmnt="02020202" Value="14"/>
<MapEntry BoolAssgnmnt="02020210" Value="6"/>
<MapEntry BoolAssgnmnt="02020211" Value="6"/>
<MapEntry BoolAssgnmnt="02112222" Value="8"/>
</AssgnmntListEntry>
</AssgnmntPrefix>
<AssgnmntPrefix RootTermCovItemPrefix="com.OriginalFiles.Board.java">
<AssgnmntListEntry Length="1" RootTermCovItemId="C31">
<MapEntry BoolAssgnmnt="0" Value="28"/>
<MapEntry BoolAssgnmnt="1" Value="154"/>
</AssgnmntListEntry>
<AssgnmntListEntry Length="1" RootTermCovItemId="C32">
<MapEntry BoolAssgnmnt="0" Value="42"/>
<MapEntry BoolAssgnmnt="1" Value="14"/>
</AssgnmntListEntry>
<AssgnmntListEntry Length="1" RootTermCovItemId="C33">
<MapEntry BoolAssgnmnt="0" Value="31"/>
<MapEntry BoolAssgnmnt="1" Value="11"/>
</AssgnmntListEntry>
<AssgnmntListEntry Length="1" RootTermCovItemId="C34">
<MapEntry BoolAssgnmnt="0" Value="32"/>
<MapEntry BoolAssgnmnt="1" Value="10"/>
</AssgnmntListEntry>
<AssgnmntListEntry Length="1" RootTermCovItemId="C35">
<MapEntry BoolAssgnmnt="1" Value="42"/>
</AssgnmntListEntry>
<AssgnmntListEntry Length="1" RootTermCovItemId="C36">
<MapEntry BoolAssgnmnt="0" Value="30"/>
<MapEntry BoolAssgnmnt="1" Value="12"/>
</AssgnmntListEntry>
<AssgnmntListEntry Length="1" RootTermCovItemId="C37">
<MapEntry BoolAssgnmnt="0" Value="33"/>
<MapEntry BoolAssgnmnt="1" Value="9"/>
</AssgnmntListEntry>
<AssgnmntListEntry Length="5" RootTermCovItemId="C38">
<MapEntry BoolAssgnmnt="02002" Value="52"/>
<MapEntry BoolAssgnmnt="10122" Value="48"/>
<MapEntry BoolAssgnmnt="11221" Value="54"/>
<MapEntry BoolAssgnmnt="02011" Value="44"/>
</AssgnmntListEntry>
<AssgnmntListEntry Length="1" RootTermCovItemId="C39">
<MapEntry BoolAssgnmnt="0" Value="114"/>
<MapEntry BoolAssgnmnt="1" Value="84"/>
</AssgnmntListEntry>
<AssgnmntListEntry Length="1" RootTermCovItemId="C40">
<MapEntry BoolAssgnmnt="0" Value="84"/>
</AssgnmntListEntry>
<AssgnmntListEntry Length="2" RootTermCovItemId="C41">
<MapEntry BoolAssgnmnt="10" Value="14"/>
<MapEntry BoolAssgnmnt="02" Value="70"/>
</AssgnmntListEntry>
<AssgnmntListEntry Length="1" RootTermCovItemId="C42">
<MapEntry BoolAssgnmnt="0" Value="896"/>
<MapEntry BoolAssgnmnt="1" Value="896"/>
</AssgnmntListEntry>
<AssgnmntListEntry Length="1" RootTermCovItemId="C43">
<MapEntry BoolAssgnmnt="0" Value="840"/>
<MapEntry BoolAssgnmnt="1" Value="56"/>
</AssgnmntListEntry>
<AssgnmntListEntry Length="1" RootTermCovItemId="C44">
<MapEntry BoolAssgnmnt="0" Value="28"/>
<MapEntry BoolAssgnmnt="1" Value="28"/>
</AssgnmntListEntry>
<AssgnmntListEntry Length="1" RootTermCovItemId="C53">
<MapEntry BoolAssgnmnt="1" Value="252"/>
</AssgnmntListEntry>
<AssgnmntListEntry Length="1" RootTermCovItemId="C54">
<MapEntry BoolAssgnmnt="0" Value="182"/>
<MapEntry BoolAssgnmnt="1" Value="70"/>
</AssgnmntListEntry>
<AssgnmntListEntry Length="3" RootTermCovItemId="C55">
<MapEntry BoolAssgnmnt="011" Value="84"/>
<MapEntry BoolAssgnmnt="010" Value="120"/>
<MapEntry BoolAssgnmnt="002" Value="190"/>
</AssgnmntListEntry>
<AssgnmntListEntry Length="3" RootTermCovItemId="C56">
<MapEntry BoolAssgnmnt="011" Value="90"/>
<MapEntry BoolAssgnmnt="010" Value="100"/>
<MapEntry BoolAssgnmnt="002" Value="84"/>
</AssgnmntListEntry>
</AssgnmntPrefix>
<AssgnmntPrefix RootTermCovItemPrefix="com.OriginalFiles.Field.java">
<AssgnmntListEntry Length="1" RootTermCovItemId="C1">
<MapEntry BoolAssgnmnt="0" Value="56"/>
</AssgnmntListEntry>
</AssgnmntPrefix>
<AssgnmntPrefix RootTermCovItemPrefix="com.OriginalFiles.Piece.java">
<AssgnmntListEntry Length="2" RootTermCovItemId="C1">
<MapEntry BoolAssgnmnt="10" Value="56"/>
<MapEntry BoolAssgnmnt="11" Value="56"/>
</AssgnmntListEntry>
<AssgnmntListEntry Length="5" RootTermCovItemId="C17">
<MapEntry BoolAssgnmnt="00210" Value="22"/>
<MapEntry BoolAssgnmnt="00211" Value="6"/>
<MapEntry BoolAssgnmnt="01002" Value="20"/>
<MapEntry BoolAssgnmnt="12222" Value="56"/>
<MapEntry BoolAssgnmnt="01122" Value="8"/>
</AssgnmntListEntry>
<AssgnmntListEntry Length="5" RootTermCovItemId="C18">
<MapEntry BoolAssgnmnt="00210" Value="24"/>
<MapEntry BoolAssgnmnt="00211" Value="4"/>
<MapEntry BoolAssgnmnt="01002" Value="24"/>
<MapEntry BoolAssgnmnt="12222" Value="56"/>
<MapEntry BoolAssgnmnt="01122" Value="4"/>
</AssgnmntListEntry>
<AssgnmntListEntry Length="1" RootTermCovItemId="C19">
<MapEntry BoolAssgnmnt="1" Value="8"/>
</AssgnmntListEntry>
<AssgnmntListEntry Length="2" RootTermCovItemId="C2">
<MapEntry BoolAssgnmnt="02" Value="56"/>
</AssgnmntListEntry>
<AssgnmntListEntry Length="1" RootTermCovItemId="C20">
<MapEntry BoolAssgnmnt="0" Value="56"/>
<MapEntry BoolAssgnmnt="1" Value="56"/>
</AssgnmntListEntry>
<AssgnmntListEntry Length="1" RootTermCovItemId="C3">
<MapEntry BoolAssgnmnt="1" Value="112"/>
</AssgnmntListEntry>
<AssgnmntListEntry Length="1" RootTermCovItemId="C5">
<MapEntry BoolAssgnmnt="0" Value="48"/>
<MapEntry BoolAssgnmnt="1" Value="64"/>
</AssgnmntListEntry>
<AssgnmntListEntry Length="1" RootTermCovItemId="C6">
<MapEntry BoolAssgnmnt="1" Value="112"/>
</AssgnmntListEntry>
<AssgnmntListEntry Length="1" RootTermCovItemId="C7">
<MapEntry BoolAssgnmnt="0" Value="56"/>
<MapEntry BoolAssgnmnt="1" Value="56"/>
</AssgnmntListEntry>
<AssgnmntListEntry Length="1" RootTermCovItemId="C8">
<MapEntry BoolAssgnmnt="1" Value="112"/>
</AssgnmntListEntry>
<AssgnmntListEntry Length="1" RootTermCovItemId="C9">
<MapEntry BoolAssgnmnt="0" Value="112"/>
</AssgnmntListEntry>
</AssgnmntPrefix>
</AssgnmntList>
<ObjMetaDataList/>
<MetaDataList/>
</TestCase>
<TestCase Comment="" Date="1386064449164" Name="com.Testing.AnalyzeTest:testCheckMovement">
<CovList>
<CovPrefix CovItemPrefix="com.OriginalFiles.Analyze.java">
<Cov CovItemId="B1" Value="2"/>
<Cov CovItemId="B10" Value="2"/>
<Cov CovItemId="B107" Value="32"/>
<Cov CovItemId="B108" Value="4"/>
<Cov CovItemId="B109" Value="2"/>
<Cov CovItemId="B11" Value="2"/>
<Cov CovItemId="B110" Value="2"/>
<Cov CovItemId="B112" Value="2"/>
<Cov CovItemId="B114" Value="2"/>
<Cov CovItemId="B115" Value="3"/>
<Cov CovItemId="B120" Value="9"/>
<Cov CovItemId="B121" Value="183"/>
<Cov CovItemId="B122" Value="6"/>
<Cov CovItemId="B123" Value="3"/>
<Cov CovItemId="B124" Value="6"/>
<Cov CovItemId="B126" Value="3"/>
<Cov CovItemId="B127" Value="6"/>
<Cov CovItemId="B128" Value="3"/>
<Cov CovItemId="B13" Value="2"/>
<Cov CovItemId="B131" Value="3"/>
<Cov CovItemId="B133" Value="3"/>
<Cov CovItemId="B135" Value="3"/>
<Cov CovItemId="B14" Value="1"/>
<Cov CovItemId="B15" Value="1"/>
<Cov CovItemId="B16" Value="1"/>
<Cov CovItemId="B17" Value="1"/>
<Cov CovItemId="B20" Value="1"/>
<Cov CovItemId="B25" Value="1"/>
<Cov CovItemId="B27" Value="1"/>
<Cov CovItemId="B3" Value="1"/>
<Cov CovItemId="B30" Value="1"/>
<Cov CovItemId="B6" Value="2"/>
<Cov CovItemId="B66" Value="2"/>
<Cov CovItemId="B68" Value="2"/>
<Cov CovItemId="B69" Value="1"/>
<Cov CovItemId="B7" Value="6"/>
<Cov CovItemId="B70" Value="1"/>
<Cov CovItemId="B72" Value="2"/>
<Cov CovItemId="B73" Value="1"/>
<Cov CovItemId="B74" Value="1"/>
<Cov CovItemId="B75" Value="1"/>
<Cov CovItemId="B77" Value="1"/>
<Cov CovItemId="B8" Value="122"/>
<Cov CovItemId="B80" Value="8"/>
<Cov CovItemId="B84" Value="1"/>
<Cov CovItemId="B9" Value="4"/>
<Cov CovItemId="B96" Value="1"/>
<Cov CovItemId="L1-2" Value="2"/>
<Cov CovItemId="L16-2" Value="3"/>
<Cov CovItemId="L17-2" Value="24"/>
<Cov CovItemId="L2-2" Value="16"/>
<Cov CovItemId="L3-1" Value="1"/>
<Cov CovItemId="L3-2" Value="1"/>
<Cov CovItemId="L5-1" Value="2"/>
<Cov CovItemId="L6-1" Value="1"/>
<Cov CovItemId="L7-1" Value="1"/>
<Cov CovItemId="L8-2" Value="1"/>
<Cov CovItemId="S10" Value="2"/>
<Cov CovItemId="S100" Value="2"/>
<Cov CovItemId="S101" Value="2"/>
<Cov CovItemId="S102" Value="2"/>
<Cov CovItemId="S104" Value="2"/>
<Cov CovItemId="S105" Value="2"/>
<Cov CovItemId="S107" Value="2"/>
<Cov CovItemId="S108" Value="2"/>
<Cov CovItemId="S109" Value="1"/>
<Cov CovItemId="S11" Value="1"/>
<Cov CovItemId="S110" Value="2"/>
<Cov CovItemId="S111" Value="2"/>
<Cov CovItemId="S113" Value="2"/>
<Cov CovItemId="S114" Value="1"/>
<Cov CovItemId="S115" Value="2"/>
<Cov CovItemId="S116" Value="2"/>
<Cov CovItemId="S117" Value="2"/>
<Cov CovItemId="S118" Value="1"/>
<Cov CovItemId="S119" Value="1"/>
<Cov CovItemId="S12" Value="1"/>
<Cov CovItemId="S120" Value="1"/>
<Cov CovItemId="S121" Value="1"/>
<Cov CovItemId="S122" Value="1"/>
<Cov CovItemId="S123" Value="1"/>
<Cov CovItemId="S124" Value="1"/>
<Cov CovItemId="S125" Value="1"/>
<Cov CovItemId="S126" Value="1"/>
<Cov CovItemId="S127" Value="1"/>
<Cov CovItemId="S128" Value="1"/>
<Cov CovItemId="S129" Value="1"/>
<Cov CovItemId="S13" Value="1"/>
<Cov CovItemId="S130" Value="1"/>
<Cov CovItemId="S131" Value="1"/>
<Cov CovItemId="S132" Value="1"/>
<Cov CovItemId="S133" Value="1"/>
<Cov CovItemId="S134" Value="8"/>
<Cov CovItemId="S136" Value="8"/>
<Cov CovItemId="S14" Value="1"/>
<Cov CovItemId="S147" Value="1"/>
<Cov CovItemId="S149" Value="1"/>
<Cov CovItemId="S15" Value="1"/>
<Cov CovItemId="S168" Value="1"/>
<Cov CovItemId="S17" Value="2"/>
<Cov CovItemId="S18" Value="2"/>
<Cov CovItemId="S199" Value="36"/>
<Cov CovItemId="S200" Value="36"/>
<Cov CovItemId="S201" Value="36"/>
<Cov CovItemId="S202" Value="36"/>
<Cov CovItemId="S203" Value="36"/>
<Cov CovItemId="S204" Value="32"/>
<Cov CovItemId="S205" Value="4"/>
<Cov CovItemId="S206" Value="2"/>
<Cov CovItemId="S207" Value="2"/>
<Cov CovItemId="S209" Value="2"/>
<Cov CovItemId="S21" Value="2"/>
<Cov CovItemId="S211" Value="2"/>
<Cov CovItemId="S212" Value="3"/>
<Cov CovItemId="S213" Value="3"/>
<Cov CovItemId="S22" Value="2"/>
<Cov CovItemId="S221" Value="3"/>
<Cov CovItemId="S222" Value="3"/>
<Cov CovItemId="S223" Value="3"/>
<Cov CovItemId="S224" Value="3"/>
<Cov CovItemId="S225" Value="3"/>
<Cov CovItemId="S226" Value="3"/>
<Cov CovItemId="S227" Value="24"/>
<Cov CovItemId="S228" Value="192"/>
<Cov CovItemId="S229" Value="9"/>
<Cov CovItemId="S23" Value="16"/>
<Cov CovItemId="S230" Value="6"/>
<Cov CovItemId="S231" Value="6"/>
<Cov CovItemId="S232" Value="6"/>
<Cov CovItemId="S233" Value="9"/>
<Cov CovItemId="S234" Value="3"/>
<Cov CovItemId="S235" Value="3"/>
<Cov CovItemId="S236" Value="3"/>
<Cov CovItemId="S237" Value="3"/>
<Cov CovItemId="S239" Value="3"/>
<Cov CovItemId="S24" Value="128"/>
<Cov CovItemId="S241" Value="3"/>
<Cov CovItemId="S25" Value="6"/>
<Cov CovItemId="S250" Value="3"/>
<Cov CovItemId="S26" Value="4"/>
<Cov CovItemId="S27" Value="2"/>
<Cov CovItemId="S28" Value="2"/>
<Cov CovItemId="S29" Value="2"/>
<Cov CovItemId="S30" Value="2"/>
<Cov CovItemId="S31" Value="2"/>
<Cov CovItemId="S32" Value="2"/>
<Cov CovItemId="S33" Value="2"/>
<Cov CovItemId="S34" Value="3"/>
<Cov CovItemId="S35" Value="2"/>
<Cov CovItemId="S36" Value="1"/>
<Cov CovItemId="S37" Value="1"/>
<Cov CovItemId="S38" Value="1"/>
<Cov CovItemId="S40" Value="1"/>
<Cov CovItemId="S51" Value="1"/>
<Cov CovItemId="S52" Value="1"/>
<Cov CovItemId="S53" Value="1"/>
<Cov CovItemId="S54" Value="1"/>
<Cov CovItemId="S55" Value="1"/>
<Cov CovItemId="S59" Value="1"/>
<Cov CovItemId="S6" Value="2"/>
<Cov CovItemId="S7" Value="2"/>
<Cov CovItemId="S8" Value="2"/>
<Cov CovItemId="S9" Value="2"/>
<Cov CovItemId="S99" Value="2"/>
</CovPrefix>
<CovPrefix CovItemPrefix="com.OriginalFiles.Board.java">
<Cov CovItemId="B11" Value="2"/>
<Cov CovItemId="B14" Value="2"/>
<Cov CovItemId="B16" Value="2"/>
<Cov CovItemId="B17" Value="2"/>
<Cov CovItemId="B31" Value="1"/>
<Cov CovItemId="B33" Value="1"/>
<Cov CovItemId="B36" Value="1"/>
<Cov CovItemId="B37" Value="1"/>
<Cov CovItemId="B39" Value="4"/>
<Cov CovItemId="B41" Value="19"/>
<Cov CovItemId="B42" Value="6"/>
<Cov CovItemId="B43" Value="12"/>
<Cov CovItemId="B44" Value="6"/>
<Cov CovItemId="B46" Value="6"/>
<Cov CovItemId="B47" Value="6"/>
<Cov CovItemId="B50" Value="6"/>
<Cov CovItemId="B55" Value="12"/>
<Cov CovItemId="B56" Value="56"/>
<Cov CovItemId="B57" Value="50"/>
<Cov CovItemId="B58" Value="6"/>
<Cov CovItemId="B59" Value="49"/>
<Cov CovItemId="B60" Value="1"/>
<Cov CovItemId="B61" Value="13"/>
<Cov CovItemId="B62" Value="36"/>
<Cov CovItemId="B63" Value="192"/>
<Cov CovItemId="B64" Value="192"/>
<Cov CovItemId="B65" Value="18"/>
<Cov CovItemId="B66" Value="174"/>
<Cov CovItemId="B67" Value="6"/>
<Cov CovItemId="B68" Value="12"/>
<Cov CovItemId="B79" Value="92"/>
<Cov CovItemId="B81" Value="56"/>
<Cov CovItemId="B82" Value="36"/>
<Cov CovItemId="B83" Value="42"/>
<Cov CovItemId="B84" Value="122"/>
<Cov CovItemId="B85" Value="47"/>
<Cov CovItemId="B86" Value="75"/>
<Cov CovItemId="L10-2" Value="104"/>
<Cov CovItemId="L11-2" Value="2"/>
<Cov CovItemId="L12-0" Value="2"/>
<Cov CovItemId="L12-1" Value="2"/>
<Cov CovItemId="L13-2" Value="6"/>
<Cov CovItemId="L14-2" Value="48"/>
<Cov CovItemId="L9-2" Value="13"/>
<Cov CovItemId="S100" Value="1"/>
<Cov CovItemId="S102" Value="1"/>
<Cov CovItemId="S104" Value="1"/>
<Cov CovItemId="S106" Value="1"/>
<Cov CovItemId="S107" Value="1"/>
<Cov CovItemId="S108" Value="1"/>
<Cov CovItemId="S109" Value="1"/>
<Cov CovItemId="S111" Value="4"/>
<Cov CovItemId="S112" Value="4"/>
<Cov CovItemId="S113" Value="4"/>
<Cov CovItemId="S115" Value="25"/>
<Cov CovItemId="S116" Value="19"/>
<Cov CovItemId="S117" Value="6"/>
<Cov CovItemId="S118" Value="18"/>
<Cov CovItemId="S119" Value="18"/>
<Cov CovItemId="S120" Value="12"/>
<Cov CovItemId="S121" Value="6"/>
<Cov CovItemId="S122" Value="6"/>
<Cov CovItemId="S123" Value="6"/>
<Cov CovItemId="S124" Value="6"/>
<Cov CovItemId="S126" Value="6"/>
<Cov CovItemId="S127" Value="6"/>
<Cov CovItemId="S128" Value="6"/>
<Cov CovItemId="S133" Value="6"/>
<Cov CovItemId="S134" Value="18"/>
<Cov CovItemId="S135" Value="68"/>
<Cov CovItemId="S136" Value="12"/>
<Cov CovItemId="S137" Value="56"/>
<Cov CovItemId="S138" Value="50"/>
<Cov CovItemId="S139" Value="49"/>
<Cov CovItemId="S140" Value="13"/>
<Cov CovItemId="S141" Value="43"/>
<Cov CovItemId="S142" Value="60"/>
<Cov CovItemId="S143" Value="6"/>
<Cov CovItemId="S144" Value="6"/>
<Cov CovItemId="S145" Value="48"/>
<Cov CovItemId="S146" Value="384"/>
<Cov CovItemId="S147" Value="192"/>
<Cov CovItemId="S148" Value="18"/>
<Cov CovItemId="S149" Value="6"/>
<Cov CovItemId="S150" Value="12"/>
<Cov CovItemId="S151" Value="6"/>
<Cov CovItemId="S176" Value="92"/>
<Cov CovItemId="S177" Value="92"/>
<Cov CovItemId="S178" Value="56"/>
<Cov CovItemId="S179" Value="36"/>
<Cov CovItemId="S180" Value="164"/>
<Cov CovItemId="S181" Value="42"/>
<Cov CovItemId="S182" Value="122"/>
<Cov CovItemId="S183" Value="47"/>
<Cov CovItemId="S184" Value="75"/>
<Cov CovItemId="S185" Value="256"/>
<Cov CovItemId="S61" Value="13"/>
<Cov CovItemId="S62" Value="104"/>
<Cov CovItemId="S63" Value="832"/>
<Cov CovItemId="S64" Value="2"/>
<Cov CovItemId="S65" Value="2"/>
<Cov CovItemId="S66" Value="2"/>
<Cov CovItemId="S67" Value="2"/>
<Cov CovItemId="S68" Value="4"/>
<Cov CovItemId="S69" Value="2"/>
<Cov CovItemId="S70" Value="2"/>
<Cov CovItemId="S71" Value="2"/>
<Cov CovItemId="S72" Value="2"/>
<Cov CovItemId="S73" Value="2"/>
<Cov CovItemId="S74" Value="2"/>
<Cov CovItemId="S75" Value="2"/>
<Cov CovItemId="S76" Value="4"/>
<Cov CovItemId="S77" Value="4"/>
<Cov CovItemId="S78" Value="2"/>
<Cov CovItemId="S80" Value="2"/>
<Cov CovItemId="S82" Value="2"/>
<Cov CovItemId="S83" Value="2"/>
<Cov CovItemId="S98" Value="1"/>
<Cov CovItemId="S99" Value="1"/>
</CovPrefix>
<CovPrefix CovItemPrefix="com.OriginalFiles.Field.java">
<Cov CovItemId="B1" Value="36"/>
<Cov CovItemId="B2" Value="8"/>
<Cov CovItemId="S1" Value="88"/>
<Cov CovItemId="S13" Value="129"/>
<Cov CovItemId="S2" Value="88"/>
<Cov CovItemId="S5" Value="44"/>
<Cov CovItemId="S6" Value="44"/>
<Cov CovItemId="S7" Value="36"/>
<Cov CovItemId="S8" Value="368"/>
<Cov CovItemId="S9" Value="484"/>
</CovPrefix>
<CovPrefix CovItemPrefix="com.OriginalFiles.Piece.java">
<Cov CovItemId="B1" Value="3"/>
<Cov CovItemId="B10" Value="13"/>
<Cov CovItemId="B11" Value="31"/>
<Cov CovItemId="B12" Value="8"/>
<Cov CovItemId="B13" Value="3"/>
<Cov CovItemId="B14" Value="28"/>
<Cov CovItemId="B15" Value="31"/>
<Cov CovItemId="B18" Value="31"/>
<Cov CovItemId="B2" Value="36"/>
<Cov CovItemId="B34" Value="31"/>
<Cov CovItemId="B35" Value="8"/>
<Cov CovItemId="B36" Value="23"/>
<Cov CovItemId="B37" Value="8"/>
<Cov CovItemId="B39" Value="3"/>
<Cov CovItemId="B4" Value="3"/>
<Cov CovItemId="B40" Value="28"/>
<Cov CovItemId="B5" Value="31"/>
<Cov CovItemId="B6" Value="8"/>
<Cov CovItemId="B9" Value="18"/>
<Cov CovItemId="S1" Value="35"/>
<Cov CovItemId="S10" Value="35"/>
<Cov CovItemId="S11" Value="35"/>
<Cov CovItemId="S12" Value="35"/>
<Cov CovItemId="S13" Value="35"/>
<Cov CovItemId="S14" Value="35"/>
<Cov CovItemId="S15" Value="35"/>
<Cov CovItemId="S16" Value="35"/>
<Cov CovItemId="S17" Value="35"/>
<Cov CovItemId="S18" Value="35"/>
<Cov CovItemId="S19" Value="35"/>
<Cov CovItemId="S2" Value="35"/>
<Cov CovItemId="S20" Value="35"/>
<Cov CovItemId="S21" Value="35"/>
<Cov CovItemId="S24" Value="39"/>
<Cov CovItemId="S25" Value="39"/>
<Cov CovItemId="S26" Value="39"/>
<Cov CovItemId="S27" Value="3"/>
<Cov CovItemId="S29" Value="3"/>
<Cov CovItemId="S3" Value="35"/>
<Cov CovItemId="S30" Value="36"/>
<Cov CovItemId="S31" Value="39"/>
<Cov CovItemId="S32" Value="39"/>
<Cov CovItemId="S33" Value="31"/>
<Cov CovItemId="S34" Value="8"/>
<Cov CovItemId="S35" Value="8"/>
<Cov CovItemId="S39" Value="31"/>
<Cov CovItemId="S4" Value="35"/>
<Cov CovItemId="S40" Value="18"/>
<Cov CovItemId="S41" Value="13"/>
<Cov CovItemId="S42" Value="39"/>
<Cov CovItemId="S43" Value="39"/>
<Cov CovItemId="S44" Value="31"/>
<Cov CovItemId="S45" Value="31"/>
<Cov CovItemId="S46" Value="31"/>
<Cov CovItemId="S47" Value="3"/>
<Cov CovItemId="S48" Value="31"/>
<Cov CovItemId="S49" Value="31"/>
<Cov CovItemId="S5" Value="35"/>
<Cov CovItemId="S50" Value="31"/>
<Cov CovItemId="S6" Value="35"/>
<Cov CovItemId="S65" Value="31"/>
<Cov CovItemId="S67" Value="31"/>
<Cov CovItemId="S68" Value="8"/>
<Cov CovItemId="S69" Value="8"/>
<Cov CovItemId="S7" Value="35"/>
<Cov CovItemId="S70" Value="8"/>
<Cov CovItemId="S71" Value="31"/>
<Cov CovItemId="S72" Value="3"/>
<Cov CovItemId="S73" Value="31"/>
<Cov CovItemId="S8" Value="35"/>
<Cov CovItemId="S9" Value="35"/>
</CovPrefix>
<CovPrefix CovItemPrefix="com.OriginalFiles.RemoteNXTFunctions.java">
<Cov CovItemId="B16" Value="4"/>
<Cov CovItemId="B24" Value="4"/>
<Cov CovItemId="B31" Value="2"/>
<Cov CovItemId="B32" Value="2"/>
<Cov CovItemId="B34" Value="2"/>
<Cov CovItemId="B35" Value="1"/>
<Cov CovItemId="B36" Value="1"/>
<Cov CovItemId="B37" Value="1"/>
<Cov CovItemId="B39" Value="2"/>
<Cov CovItemId="B41" Value="1"/>
<Cov CovItemId="B42" Value="1"/>
<Cov CovItemId="B44" Value="1"/>
<Cov CovItemId="B45" Value="1"/>
<Cov CovItemId="B5" Value="32"/>
<Cov CovItemId="B6" Value="4"/>
<Cov CovItemId="B7" Value="32"/>
<Cov CovItemId="S162" Value="36"/>
<Cov CovItemId="S19" Value="36"/>
<Cov CovItemId="S20" Value="36"/>
<Cov CovItemId="S21" Value="32"/>
<Cov CovItemId="S22" Value="32"/>
<Cov CovItemId="S30" Value="4"/>
<Cov CovItemId="S38" Value="4"/>
<Cov CovItemId="S46" Value="4"/>
<Cov CovItemId="S47" Value="2"/>
<Cov CovItemId="S49" Value="2"/>
<Cov CovItemId="S50" Value="1"/>
<Cov CovItemId="S51" Value="1"/>
<Cov CovItemId="S52" Value="1"/>
<Cov CovItemId="S54" Value="2"/>
<Cov CovItemId="S55" Value="2"/>
<Cov CovItemId="S56" Value="1"/>
<Cov CovItemId="S57" Value="1"/>
<Cov CovItemId="S59" Value="1"/>
<Cov CovItemId="S60" Value="1"/>
</CovPrefix>
</CovList>
<AssgnmntList>
<AssgnmntPrefix RootTermCovItemPrefix="com.OriginalFiles.Analyze.java">
<AssgnmntListEntry Length="1" RootTermCovItemId="C1">
<MapEntry BoolAssgnmnt="0" Value="2"/>
</AssgnmntListEntry>
<AssgnmntListEntry Length="1" RootTermCovItemId="C10">
<MapEntry BoolAssgnmnt="1" Value="1"/>
</AssgnmntListEntry>
<AssgnmntListEntry Length="1" RootTermCovItemId="C13">
<MapEntry BoolAssgnmnt="1" Value="1"/>
</AssgnmntListEntry>
<AssgnmntListEntry Length="1" RootTermCovItemId="C14">
<MapEntry BoolAssgnmnt="1" Value="1"/>
</AssgnmntListEntry>
<AssgnmntListEntry Length="1" RootTermCovItemId="C15">
<MapEntry BoolAssgnmnt="1" Value="1"/>
</AssgnmntListEntry>
<AssgnmntListEntry Length="1" RootTermCovItemId="C2">
<MapEntry BoolAssgnmnt="0" Value="1"/>
</AssgnmntListEntry>
<AssgnmntListEntry Length="1" RootTermCovItemId="C3">
<MapEntry BoolAssgnmnt="0" Value="2"/>
</AssgnmntListEntry>
<AssgnmntListEntry Length="1" RootTermCovItemId="C34">
<MapEntry BoolAssgnmnt="0" Value="2"/>
</AssgnmntListEntry>
<AssgnmntListEntry Length="1" RootTermCovItemId="C35">
<MapEntry BoolAssgnmnt="0" Value="2"/>
</AssgnmntListEntry>
<AssgnmntListEntry Length="1" RootTermCovItemId="C36">
<MapEntry BoolAssgnmnt="0" Value="1"/>
<MapEntry BoolAssgnmnt="1" Value="1"/>
</AssgnmntListEntry>
<AssgnmntListEntry Length="1" RootTermCovItemId="C37">
<MapEntry BoolAssgnmnt="0" Value="2"/>
</AssgnmntListEntry>
<AssgnmntListEntry Length="1" RootTermCovItemId="C38">
<MapEntry BoolAssgnmnt="0" Value="1"/>
<MapEntry BoolAssgnmnt="1" Value="1"/>
</AssgnmntListEntry>
<AssgnmntListEntry Length="1" RootTermCovItemId="C39">
<MapEntry BoolAssgnmnt="0" Value="2"/>
<MapEntry BoolAssgnmnt="1" Value="2"/>
</AssgnmntListEntry>
<AssgnmntListEntry Length="1" RootTermCovItemId="C4">
<MapEntry BoolAssgnmnt="0" Value="6"/>
<MapEntry BoolAssgnmnt="1" Value="122"/>
</AssgnmntListEntry>
<AssgnmntListEntry Length="1" RootTermCovItemId="C40">
<MapEntry BoolAssgnmnt="1" Value="1"/>
</AssgnmntListEntry>
<AssgnmntListEntry Length="1" RootTermCovItemId="C41">
<MapEntry BoolAssgnmnt="0" Value="1"/>
</AssgnmntListEntry>
<AssgnmntListEntry Length="1" RootTermCovItemId="C42">
<MapEntry BoolAssgnmnt="0" Value="1"/>
<MapEntry BoolAssgnmnt="1" Value="1"/>
</AssgnmntListEntry>
<AssgnmntListEntry Length="1" RootTermCovItemId="C43">
<MapEntry BoolAssgnmnt="1" Value="1"/>
</AssgnmntListEntry>
<AssgnmntListEntry Length="1" RootTermCovItemId="C44">
<MapEntry BoolAssgnmnt="0" Value="8"/>
<MapEntry BoolAssgnmnt="1" Value="1"/>
</AssgnmntListEntry>
<AssgnmntListEntry Length="1" RootTermCovItemId="C45">
<MapEntry BoolAssgnmnt="0" Value="8"/>
</AssgnmntListEntry>
<AssgnmntListEntry Length="1" RootTermCovItemId="C49">
<MapEntry BoolAssgnmnt="0" Value="1"/>
</AssgnmntListEntry>
<AssgnmntListEntry Length="2" RootTermCovItemId="C5">
<MapEntry BoolAssgnmnt="10" Value="2"/>
<MapEntry BoolAssgnmnt="11" Value="4"/>
</AssgnmntListEntry>
<AssgnmntListEntry Length="1" RootTermCovItemId="C56">
<MapEntry BoolAssgnmnt="0" Value="1"/>
</AssgnmntListEntry>
<AssgnmntListEntry Length="1" RootTermCovItemId="C6">
<MapEntry BoolAssgnmnt="1" Value="2"/>
</AssgnmntListEntry>
<AssgnmntListEntry Length="6" RootTermCovItemId="C66">
<MapEntry BoolAssgnmnt="110222" Value="2"/>
<MapEntry BoolAssgnmnt="022222" Value="2"/>
<MapEntry BoolAssgnmnt="111111" Value="32"/>
</AssgnmntListEntry>
<AssgnmntListEntry Length="6" RootTermCovItemId="C67">
<MapEntry BoolAssgnmnt="022222" Value="2"/>
<MapEntry BoolAssgnmnt="111111" Value="2"/>
</AssgnmntListEntry>
<AssgnmntListEntry Length="6" RootTermCovItemId="C68">
<MapEntry BoolAssgnmnt="102222" Value="2"/>
</AssgnmntListEntry>
<AssgnmntListEntry Length="6" RootTermCovItemId="C69">
<MapEntry BoolAssgnmnt="102222" Value="2"/>
</AssgnmntListEntry>
<AssgnmntListEntry Length="1" RootTermCovItemId="C7">
<MapEntry BoolAssgnmnt="0" Value="1"/>
<MapEntry BoolAssgnmnt="1" Value="2"/>
</AssgnmntListEntry>
<AssgnmntListEntry Length="1" RootTermCovItemId="C70">
<MapEntry BoolAssgnmnt="0" Value="9"/>
<MapEntry BoolAssgnmnt="1" Value="183"/>
</AssgnmntListEntry>
<AssgnmntListEntry Length="1" RootTermCovItemId="C71">
<MapEntry BoolAssgnmnt="0" Value="3"/>
<MapEntry BoolAssgnmnt="1" Value="6"/>
</AssgnmntListEntry>
<AssgnmntListEntry Length="1" RootTermCovItemId="C72">
<MapEntry BoolAssgnmnt="1" Value="6"/>
</AssgnmntListEntry>
<AssgnmntListEntry Length="1" RootTermCovItemId="C73">
<MapEntry BoolAssgnmnt="0" Value="6"/>
<MapEntry BoolAssgnmnt="1" Value="3"/>
</AssgnmntListEntry>
<AssgnmntListEntry Length="1" RootTermCovItemId="C74">
<MapEntry BoolAssgnmnt="1" Value="3"/>
</AssgnmntListEntry>
<AssgnmntListEntry Length="3" RootTermCovItemId="C75">
<MapEntry BoolAssgnmnt="012" Value="2"/>
<MapEntry BoolAssgnmnt="001" Value="1"/>
</AssgnmntListEntry>
<AssgnmntListEntry Length="3" RootTermCovItemId="C76">
<MapEntry BoolAssgnmnt="011" Value="2"/>
<MapEntry BoolAssgnmnt="002" Value="1"/>
</AssgnmntListEntry>
<AssgnmntListEntry Length="2" RootTermCovItemId="C77">
<MapEntry BoolAssgnmnt="10" Value="3"/>
</AssgnmntListEntry>
<AssgnmntListEntry Length="2" RootTermCovItemId="C8">
<MapEntry BoolAssgnmnt="10" Value="1"/>
<MapEntry BoolAssgnmnt="11" Value="1"/>
</AssgnmntListEntry>
<AssgnmntListEntry Length="1" RootTermCovItemId="C9">
<MapEntry BoolAssgnmnt="1" Value="1"/>
</AssgnmntListEntry>
</AssgnmntPrefix>
<AssgnmntPrefix RootTermCovItemPrefix="com.OriginalFiles.Board.java">
<AssgnmntListEntry Length="1" RootTermCovItemId="C14">
<MapEntry BoolAssgnmnt="0" Value="2"/>
<MapEntry BoolAssgnmnt="1" Value="4"/>
</AssgnmntListEntry>
<AssgnmntListEntry Length="1" RootTermCovItemId="C15">
<MapEntry BoolAssgnmnt="0" Value="4"/>
<MapEntry BoolAssgnmnt="1" Value="2"/>
</AssgnmntListEntry>
<AssgnmntListEntry Length="1" RootTermCovItemId="C16">
<MapEntry BoolAssgnmnt="0" Value="2"/>
</AssgnmntListEntry>
<AssgnmntListEntry Length="4" RootTermCovItemId="C17">
<MapEntry BoolAssgnmnt="0222" Value="2"/>
</AssgnmntListEntry>
<AssgnmntListEntry Length="2" RootTermCovItemId="C18">
<MapEntry BoolAssgnmnt="02" Value="2"/>
</AssgnmntListEntry>
<AssgnmntListEntry Length="2" RootTermCovItemId="C19">
<MapEntry BoolAssgnmnt="10" Value="2"/>
</AssgnmntListEntry>
<AssgnmntListEntry Length="1" RootTermCovItemId="C26">
<MapEntry BoolAssgnmnt="0" Value="1"/>
</AssgnmntListEntry>
<AssgnmntListEntry Length="1" RootTermCovItemId="C27">
<MapEntry BoolAssgnmnt="1" Value="1"/>
</AssgnmntListEntry>
<AssgnmntListEntry Length="2" RootTermCovItemId="C28">
<MapEntry BoolAssgnmnt="02" Value="1"/>
</AssgnmntListEntry>
<AssgnmntListEntry Length="1" RootTermCovItemId="C29">
<MapEntry BoolAssgnmnt="1" Value="1"/>
</AssgnmntListEntry>
<AssgnmntListEntry Length="1" RootTermCovItemId="C30">
<MapEntry BoolAssgnmnt="1" Value="4"/>
</AssgnmntListEntry>
<AssgnmntListEntry Length="1" RootTermCovItemId="C31">
<MapEntry BoolAssgnmnt="0" Value="6"/>
<MapEntry BoolAssgnmnt="1" Value="19"/>
</AssgnmntListEntry>
<AssgnmntListEntry Length="1" RootTermCovItemId="C32">
<MapEntry BoolAssgnmnt="0" Value="6"/>
<MapEntry BoolAssgnmnt="1" Value="12"/>
</AssgnmntListEntry>
<AssgnmntListEntry Length="1" RootTermCovItemId="C33">
<MapEntry BoolAssgnmnt="1" Value="6"/>
</AssgnmntListEntry>
<AssgnmntListEntry Length="1" RootTermCovItemId="C34">
<MapEntry BoolAssgnmnt="0" Value="6"/>
</AssgnmntListEntry>
<AssgnmntListEntry Length="1" RootTermCovItemId="C35">
<MapEntry BoolAssgnmnt="0" Value="6"/>
</AssgnmntListEntry>
<AssgnmntListEntry Length="5" RootTermCovItemId="C38">
<MapEntry BoolAssgnmnt="02002" Value="28"/>
<MapEntry BoolAssgnmnt="10122" Value="8"/>
<MapEntry BoolAssgnmnt="11221" Value="12"/>
<MapEntry BoolAssgnmnt="02010" Value="12"/>
<MapEntry BoolAssgnmnt="02011" Value="8"/>
</AssgnmntListEntry>
<AssgnmntListEntry Length="1" RootTermCovItemId="C39">
<MapEntry BoolAssgnmnt="0" Value="6"/>
<MapEntry BoolAssgnmnt="1" Value="50"/>
</AssgnmntListEntry>
<AssgnmntListEntry Length="1" RootTermCovItemId="C40">
<MapEntry BoolAssgnmnt="0" Value="49"/>
<MapEntry BoolAssgnmnt="1" Value="1"/>
</AssgnmntListEntry>
<AssgnmntListEntry Length="2" RootTermCovItemId="C41">
<MapEntry BoolAssgnmnt="10" Value="13"/>
<MapEntry BoolAssgnmnt="02" Value="36"/>
</AssgnmntListEntry>
<AssgnmntListEntry Length="1" RootTermCovItemId="C42">
<MapEntry BoolAssgnmnt="0" Value="192"/>
<MapEntry BoolAssgnmnt="1" Value="192"/>
</AssgnmntListEntry>
<AssgnmntListEntry Length="1" RootTermCovItemId="C43">
<MapEntry BoolAssgnmnt="0" Value="174"/>
<MapEntry BoolAssgnmnt="1" Value="18"/>
</AssgnmntListEntry>
<AssgnmntListEntry Length="1" RootTermCovItemId="C44">
<MapEntry BoolAssgnmnt="0" Value="12"/>
<MapEntry BoolAssgnmnt="1" Value="6"/>
</AssgnmntListEntry>
<AssgnmntListEntry Length="1" RootTermCovItemId="C53">
<MapEntry BoolAssgnmnt="1" Value="92"/>
</AssgnmntListEntry>
<AssgnmntListEntry Length="1" RootTermCovItemId="C54">
<MapEntry BoolAssgnmnt="0" Value="56"/>
<MapEntry BoolAssgnmnt="1" Value="36"/>
</AssgnmntListEntry>
<AssgnmntListEntry Length="3" RootTermCovItemId="C55">
<MapEntry BoolAssgnmnt="002" Value="91"/>
<MapEntry BoolAssgnmnt="120" Value="42"/>
<MapEntry BoolAssgnmnt="121" Value="31"/>
</AssgnmntListEntry>
<AssgnmntListEntry Length="3" RootTermCovItemId="C56">
<MapEntry BoolAssgnmnt="002" Value="31"/>
<MapEntry BoolAssgnmnt="120" Value="44"/>
<MapEntry BoolAssgnmnt="121" Value="47"/>
</AssgnmntListEntry>
</AssgnmntPrefix>
<AssgnmntPrefix RootTermCovItemPrefix="com.OriginalFiles.Field.java">
<AssgnmntListEntry Length="1" RootTermCovItemId="C1">
<MapEntry BoolAssgnmnt="0" Value="36"/>
<MapEntry BoolAssgnmnt="1" Value="8"/>
</AssgnmntListEntry>
</AssgnmntPrefix>
<AssgnmntPrefix RootTermCovItemPrefix="com.OriginalFiles.Piece.java">
<AssgnmntListEntry Length="2" RootTermCovItemId="C1">
<MapEntry BoolAssgnmnt="10" Value="28"/>
<MapEntry BoolAssgnmnt="02" Value="8"/>
<MapEntry BoolAssgnmnt="11" Value="3"/>
</AssgnmntListEntry>
<AssgnmntListEntry Length="5" RootTermCovItemId="C17">
<MapEntry BoolAssgnmnt="00210" Value="13"/>
<MapEntry BoolAssgnmnt="01002" Value="15"/>
<MapEntry BoolAssgnmnt="12222" Value="3"/>
</AssgnmntListEntry>
<AssgnmntListEntry Length="5" RootTermCovItemId="C18">
<MapEntry BoolAssgnmnt="00210" Value="9"/>
<MapEntry BoolAssgnmnt="00211" Value="4"/>
<MapEntry BoolAssgnmnt="01002" Value="11"/>
<MapEntry BoolAssgnmnt="12222" Value="3"/>
<MapEntry BoolAssgnmnt="01122" Value="4"/>
</AssgnmntListEntry>
<AssgnmntListEntry Length="1" RootTermCovItemId="C19">
<MapEntry BoolAssgnmnt="1" Value="8"/>
</AssgnmntListEntry>
<AssgnmntListEntry Length="2" RootTermCovItemId="C2">
<MapEntry BoolAssgnmnt="02" Value="3"/>
</AssgnmntListEntry>
<AssgnmntListEntry Length="1" RootTermCovItemId="C20">
<MapEntry BoolAssgnmnt="0" Value="28"/>
<MapEntry BoolAssgnmnt="1" Value="3"/>
</AssgnmntListEntry>
<AssgnmntListEntry Length="1" RootTermCovItemId="C3">
<MapEntry BoolAssgnmnt="0" Value="8"/>
<MapEntry BoolAssgnmnt="1" Value="31"/>
</AssgnmntListEntry>
<AssgnmntListEntry Length="1" RootTermCovItemId="C5">
<MapEntry BoolAssgnmnt="0" Value="13"/>
<MapEntry BoolAssgnmnt="1" Value="18"/>
</AssgnmntListEntry>
<AssgnmntListEntry Length="1" RootTermCovItemId="C6">
<MapEntry BoolAssgnmnt="0" Value="8"/>
<MapEntry BoolAssgnmnt="1" Value="31"/>
</AssgnmntListEntry>
<AssgnmntListEntry Length="1" RootTermCovItemId="C7">
<MapEntry BoolAssgnmnt="0" Value="28"/>
<MapEntry BoolAssgnmnt="1" Value="3"/>
</AssgnmntListEntry>
<AssgnmntListEntry Length="1" RootTermCovItemId="C8">
<MapEntry BoolAssgnmnt="1" Value="31"/>
</AssgnmntListEntry>
<AssgnmntListEntry Length="1" RootTermCovItemId="C9">
<MapEntry BoolAssgnmnt="0" Value="31"/>
</AssgnmntListEntry>
</AssgnmntPrefix>
<AssgnmntPrefix RootTermCovItemPrefix="com.OriginalFiles.RemoteNXTFunctions.java">
<AssgnmntListEntry Length="1" RootTermCovItemId="C10">
<MapEntry BoolAssgnmnt="0" Value="4"/>
</AssgnmntListEntry>
<AssgnmntListEntry Length="1" RootTermCovItemId="C14">
<MapEntry BoolAssgnmnt="0" Value="4"/>
</AssgnmntListEntry>
<AssgnmntListEntry Length="1" RootTermCovItemId="C18">
<MapEntry BoolAssgnmnt="0" Value="2"/>
<MapEntry BoolAssgnmnt="1" Value="2"/>
</AssgnmntListEntry>
<AssgnmntListEntry Length="2" RootTermCovItemId="C19">
<MapEntry BoolAssgnmnt="02" Value="2"/>
</AssgnmntListEntry>
<AssgnmntListEntry Length="2" RootTermCovItemId="C20">
<MapEntry BoolAssgnmnt="02" Value="1"/>
<MapEntry BoolAssgnmnt="11" Value="1"/>
</AssgnmntListEntry>
<AssgnmntListEntry Length="1" RootTermCovItemId="C21">
<MapEntry BoolAssgnmnt="1" Value="1"/>
</AssgnmntListEntry>
<AssgnmntListEntry Length="1" RootTermCovItemId="C22">
<MapEntry BoolAssgnmnt="1" Value="2"/>
</AssgnmntListEntry>
<AssgnmntListEntry Length="2" RootTermCovItemId="C23">
<MapEntry BoolAssgnmnt="02" Value="1"/>
<MapEntry BoolAssgnmnt="11" Value="1"/>
</AssgnmntListEntry>
<AssgnmntListEntry Length="2" RootTermCovItemId="C24">
<MapEntry BoolAssgnmnt="02" Value="1"/>
</AssgnmntListEntry>
<AssgnmntListEntry Length="2" RootTermCovItemId="C25">
<MapEntry BoolAssgnmnt="11" Value="1"/>
</AssgnmntListEntry>
<AssgnmntListEntry Length="1" RootTermCovItemId="C5">
<MapEntry BoolAssgnmnt="0" Value="4"/>
<MapEntry BoolAssgnmnt="1" Value="32"/>
</AssgnmntListEntry>
<AssgnmntListEntry Length="2" RootTermCovItemId="C6">
<MapEntry BoolAssgnmnt="11" Value="32"/>
</AssgnmntListEntry>
</AssgnmntPrefix>
</AssgnmntList>
<ObjMetaDataList/>
<MetaDataList/>
</TestCase>
<TestCase Comment="" Date="1386064449166" Name="com.Testing.AnalyzeTest:testCheckForUpgradeKing">
<CovList>
<CovPrefix CovItemPrefix="com.OriginalFiles.Analyze.java">
<Cov CovItemId="B1" Value="30"/>
<Cov CovItemId="B10" Value="30"/>
<Cov CovItemId="B101" Value="8"/>
<Cov CovItemId="B107" Value="33"/>
<Cov CovItemId="B108" Value="117"/>
<Cov CovItemId="B109" Value="11"/>
<Cov CovItemId="B11" Value="30"/>
<Cov CovItemId="B110" Value="106"/>
<Cov CovItemId="B111" Value="21"/>
<Cov CovItemId="B112" Value="85"/>
<Cov CovItemId="B113" Value="2"/>
<Cov CovItemId="B114" Value="83"/>
<Cov CovItemId="B115" Value="59"/>
<Cov CovItemId="B120" Value="132"/>
<Cov CovItemId="B121" Value="3644"/>
<Cov CovItemId="B122" Value="66"/>
<Cov CovItemId="B123" Value="66"/>
<Cov CovItemId="B124" Value="66"/>
<Cov CovItemId="B126" Value="66"/>
<Cov CovItemId="B127" Value="66"/>
<Cov CovItemId="B128" Value="66"/>
<Cov CovItemId="B13" Value="23"/>
<Cov CovItemId="B131" Value="59"/>
<Cov CovItemId="B133" Value="59"/>
<Cov CovItemId="B134" Value="52"/>
<Cov CovItemId="B135" Value="7"/>
<Cov CovItemId="B136" Value="42"/>
<Cov CovItemId="B137" Value="10"/>
<Cov CovItemId="B139" Value="42"/>
<Cov CovItemId="B14" Value="7"/>
<Cov CovItemId="B157" Value="84"/>
<Cov CovItemId="B16" Value="23"/>
<Cov CovItemId="B17" Value="22"/>
<Cov CovItemId="B19" Value="7"/>
<Cov CovItemId="B20" Value="22"/>
<Cov CovItemId="B21" Value="3"/>
<Cov CovItemId="B22" Value="4"/>
<Cov CovItemId="B23" Value="3"/>
<Cov CovItemId="B24" Value="1"/>
<Cov CovItemId="B26" Value="23"/>
<Cov CovItemId="B3" Value="29"/>
<Cov CovItemId="B31" Value="22"/>
<Cov CovItemId="B33" Value="23"/>
<Cov CovItemId="B35" Value="11"/>
<Cov CovItemId="B36" Value="12"/>
<Cov CovItemId="B37" Value="11"/>
<Cov CovItemId="B39" Value="2"/>
<Cov CovItemId="B40" Value="10"/>
<Cov CovItemId="B41" Value="2"/>
<Cov CovItemId="B43" Value="10"/>
<Cov CovItemId="B46" Value="10"/>
<Cov CovItemId="B49" Value="10"/>
<Cov CovItemId="B5" Value="2"/>
<Cov CovItemId="B51" Value="10"/>
<Cov CovItemId="B53" Value="23"/>
<Cov CovItemId="B55" Value="21"/>
<Cov CovItemId="B56" Value="2"/>
<Cov CovItemId="B57" Value="21"/>
<Cov CovItemId="B58" Value="2"/>
<Cov CovItemId="B59" Value="23"/>
<Cov CovItemId="B6" Value="28"/>
<Cov CovItemId="B61" Value="65"/>
<Cov CovItemId="B62" Value="23"/>
<Cov CovItemId="B64" Value="88"/>
<Cov CovItemId="B7" Value="60"/>
<Cov CovItemId="B8" Value="1860"/>
<Cov CovItemId="B83" Value="3"/>
<Cov CovItemId="B84" Value="30"/>
<Cov CovItemId="B85" Value="1"/>
<Cov CovItemId="B86" Value="2"/>
<Cov CovItemId="B87" Value="1"/>
<Cov CovItemId="B9" Value="30"/>
<Cov CovItemId="B90" Value="2"/>
<Cov CovItemId="B91" Value="1"/>
<Cov CovItemId="B92" Value="9"/>
<Cov CovItemId="B93" Value="1"/>
<Cov CovItemId="B94" Value="8"/>
<Cov CovItemId="B95" Value="1"/>
<Cov CovItemId="B96" Value="28"/>
<Cov CovItemId="B97" Value="1"/>
<Cov CovItemId="B99" Value="1"/>
<Cov CovItemId="L1-2" Value="30"/>
<Cov CovItemId="L11-1" Value="1"/>
<Cov CovItemId="L11-2" Value="1"/>
<Cov CovItemId="L12-1" Value="1"/>
<Cov CovItemId="L13-1" Value="1"/>
<Cov CovItemId="L14-1" Value="1"/>
<Cov CovItemId="L15-2" Value="1"/>
<Cov CovItemId="L16-2" Value="59"/>
<Cov CovItemId="L17-2" Value="472"/>
<Cov CovItemId="L2-2" Value="240"/>
<Cov CovItemId="L3-1" Value="30"/>
<Cov CovItemId="L4-2" Value="23"/>
<Cov CovItemId="S10" Value="30"/>
<Cov CovItemId="S11" Value="29"/>
<Cov CovItemId="S12" Value="29"/>
<Cov CovItemId="S13" Value="29"/>
<Cov CovItemId="S14" Value="29"/>
<Cov CovItemId="S149" Value="33"/>
<Cov CovItemId="S15" Value="29"/>
<Cov CovItemId="S150" Value="3"/>
<Cov CovItemId="S151" Value="1"/>
<Cov CovItemId="S152" Value="1"/>
<Cov CovItemId="S153" Value="1"/>
<Cov CovItemId="S154" Value="1"/>
<Cov CovItemId="S155" Value="2"/>
<Cov CovItemId="S158" Value="2"/>
<Cov CovItemId="S159" Value="2"/>
<Cov CovItemId="S160" Value="2"/>
<Cov CovItemId="S161" Value="10"/>
<Cov CovItemId="S162" Value="1"/>
<Cov CovItemId="S163" Value="9"/>
<Cov CovItemId="S164" Value="1"/>
<Cov CovItemId="S165" Value="1"/>
<Cov CovItemId="S166" Value="1"/>
<Cov CovItemId="S167" Value="9"/>
<Cov CovItemId="S168" Value="29"/>
<Cov CovItemId="S169" Value="1"/>
<Cov CovItemId="S17" Value="30"/>
<Cov CovItemId="S170" Value="1"/>
<Cov CovItemId="S171" Value="1"/>
<Cov CovItemId="S172" Value="1"/>
<Cov CovItemId="S173" Value="1"/>
<Cov CovItemId="S174" Value="1"/>
<Cov CovItemId="S175" Value="1"/>
<Cov CovItemId="S176" Value="1"/>
<Cov CovItemId="S177" Value="1"/>
<Cov CovItemId="S178" Value="1"/>
<Cov CovItemId="S179" Value="1"/>
<Cov CovItemId="S18" Value="30"/>
<Cov CovItemId="S183" Value="1"/>
<Cov CovItemId="S184" Value="1"/>
<Cov CovItemId="S185" Value="8"/>
<Cov CovItemId="S186" Value="8"/>
<Cov CovItemId="S187" Value="8"/>
<Cov CovItemId="S188" Value="1"/>
<Cov CovItemId="S19" Value="2"/>
<Cov CovItemId="S199" Value="150"/>
<Cov CovItemId="S20" Value="2"/>
<Cov CovItemId="S200" Value="150"/>
<Cov CovItemId="S201" Value="150"/>
<Cov CovItemId="S202" Value="150"/>
<Cov CovItemId="S203" Value="150"/>
<Cov CovItemId="S204" Value="33"/>
<Cov CovItemId="S205" Value="117"/>
<Cov CovItemId="S206" Value="11"/>
<Cov CovItemId="S207" Value="106"/>
<Cov CovItemId="S208" Value="21"/>
<Cov CovItemId="S209" Value="85"/>
<Cov CovItemId="S21" Value="30"/>
<Cov CovItemId="S210" Value="2"/>
<Cov CovItemId="S211" Value="83"/>
<Cov CovItemId="S212" Value="59"/>
<Cov CovItemId="S213" Value="59"/>
<Cov CovItemId="S22" Value="30"/>
<Cov CovItemId="S221" Value="59"/>
<Cov CovItemId="S222" Value="59"/>
<Cov CovItemId="S223" Value="59"/>
<Cov CovItemId="S224" Value="59"/>
<Cov CovItemId="S225" Value="59"/>
<Cov CovItemId="S226" Value="59"/>
<Cov CovItemId="S227" Value="472"/>
<Cov CovItemId="S228" Value="3776"/>
<Cov CovItemId="S229" Value="132"/>
<Cov CovItemId="S23" Value="240"/>
<Cov CovItemId="S230" Value="66"/>
<Cov CovItemId="S231" Value="66"/>
<Cov CovItemId="S232" Value="66"/>
<Cov CovItemId="S233" Value="132"/>
<Cov CovItemId="S234" Value="66"/>
<Cov CovItemId="S235" Value="66"/>
<Cov CovItemId="S236" Value="66"/>
<Cov CovItemId="S237" Value="59"/>
<Cov CovItemId="S239" Value="59"/>
<Cov CovItemId="S24" Value="1920"/>
<Cov CovItemId="S241" Value="59"/>
<Cov CovItemId="S242" Value="52"/>
<Cov CovItemId="S243" Value="42"/>
<Cov CovItemId="S244" Value="42"/>
<Cov CovItemId="S245" Value="42"/>
<Cov CovItemId="S25" Value="60"/>
<Cov CovItemId="S250" Value="59"/>
<Cov CovItemId="S26" Value="30"/>
<Cov CovItemId="S267" Value="84"/>
<Cov CovItemId="S269" Value="84"/>
<Cov CovItemId="S27" Value="30"/>
<Cov CovItemId="S28" Value="30"/>
<Cov CovItemId="S29" Value="30"/>
<Cov CovItemId="S30" Value="30"/>
<Cov CovItemId="S31" Value="30"/>
<Cov CovItemId="S32" Value="30"/>
<Cov CovItemId="S33" Value="30"/>
<Cov CovItemId="S34" Value="30"/>
<Cov CovItemId="S35" Value="23"/>
<Cov CovItemId="S37" Value="23"/>
<Cov CovItemId="S38" Value="22"/>
<Cov CovItemId="S39" Value="7"/>
<Cov CovItemId="S40" Value="29"/>
<Cov CovItemId="S41" Value="7"/>
<Cov CovItemId="S42" Value="3"/>
<Cov CovItemId="S43" Value="3"/>
<Cov CovItemId="S44" Value="3"/>
<Cov CovItemId="S45" Value="4"/>
<Cov CovItemId="S46" Value="3"/>
<Cov CovItemId="S47" Value="3"/>
<Cov CovItemId="S48" Value="3"/>
<Cov CovItemId="S49" Value="3"/>
<Cov CovItemId="S50" Value="1"/>
<Cov CovItemId="S51" Value="23"/>
<Cov CovItemId="S52" Value="23"/>
<Cov CovItemId="S57" Value="23"/>
<Cov CovItemId="S58" Value="22"/>
<Cov CovItemId="S59" Value="22"/>
<Cov CovItemId="S6" Value="30"/>
<Cov CovItemId="S60" Value="23"/>
<Cov CovItemId="S61" Value="23"/>
<Cov CovItemId="S62" Value="11"/>
<Cov CovItemId="S63" Value="11"/>
<Cov CovItemId="S64" Value="11"/>
<Cov CovItemId="S66" Value="12"/>
<Cov CovItemId="S67" Value="2"/>
<Cov CovItemId="S68" Value="2"/>
<Cov CovItemId="S69" Value="1"/>
<Cov CovItemId="S7" Value="30"/>
<Cov CovItemId="S71" Value="10"/>
<Cov CovItemId="S72" Value="10"/>
<Cov CovItemId="S77" Value="10"/>
<Cov CovItemId="S78" Value="10"/>
<Cov CovItemId="S79" Value="10"/>
<Cov CovItemId="S8" Value="30"/>
<Cov CovItemId="S80" Value="10"/>
<Cov CovItemId="S83" Value="23"/>
<Cov CovItemId="S84" Value="23"/>
<Cov CovItemId="S85" Value="23"/>
<Cov CovItemId="S86" Value="23"/>
<Cov CovItemId="S87" Value="21"/>
<Cov CovItemId="S88" Value="23"/>
<Cov CovItemId="S89" Value="21"/>
<Cov CovItemId="S9" Value="30"/>
<Cov CovItemId="S90" Value="23"/>
<Cov CovItemId="S91" Value="23"/>
<Cov CovItemId="S92" Value="23"/>
<Cov CovItemId="S93" Value="23"/>
<Cov CovItemId="S94" Value="88"/>
<Cov CovItemId="S95" Value="65"/>
<Cov CovItemId="S96" Value="88"/>
<Cov CovItemId="S98" Value="23"/>
</CovPrefix>
<CovPrefix CovItemPrefix="com.OriginalFiles.Board.java">
<Cov CovItemId="B28" Value="65"/>
<Cov CovItemId="B31" Value="33"/>
<Cov CovItemId="B33" Value="24"/>
<Cov CovItemId="B34" Value="9"/>
<Cov CovItemId="B35" Value="3"/>
<Cov CovItemId="B36" Value="30"/>
<Cov CovItemId="B37" Value="33"/>
<Cov CovItemId="B38" Value="1"/>
<Cov CovItemId="B39" Value="85"/>
<Cov CovItemId="B41" Value="912"/>
<Cov CovItemId="B42" Value="77"/>
<Cov CovItemId="B44" Value="268"/>
<Cov CovItemId="B45" Value="222"/>
<Cov CovItemId="B46" Value="46"/>
<Cov CovItemId="B47" Value="237"/>
<Cov CovItemId="B48" Value="31"/>
<Cov CovItemId="B49" Value="199"/>
<Cov CovItemId="B50" Value="69"/>
<Cov CovItemId="B51" Value="199"/>
<Cov CovItemId="B53" Value="199"/>
<Cov CovItemId="B55" Value="138"/>
<Cov CovItemId="B56" Value="934"/>
<Cov CovItemId="B57" Value="680"/>
<Cov CovItemId="B58" Value="254"/>
<Cov CovItemId="B59" Value="680"/>
<Cov CovItemId="B62" Value="680"/>
<Cov CovItemId="B63" Value="3808"/>
<Cov CovItemId="B64" Value="3808"/>
<Cov CovItemId="B65" Value="268"/>
<Cov CovItemId="B66" Value="3540"/>
<Cov CovItemId="B67" Value="134"/>
<Cov CovItemId="B68" Value="134"/>
<Cov CovItemId="B71" Value="4"/>
<Cov CovItemId="B72" Value="4"/>
<Cov CovItemId="B73" Value="16"/>
<Cov CovItemId="B74" Value="16"/>
<Cov CovItemId="B75" Value="16"/>
<Cov CovItemId="B76" Value="16"/>
<Cov CovItemId="B77" Value="28"/>
<Cov CovItemId="B78" Value="4"/>
<Cov CovItemId="B79" Value="1373"/>
<Cov CovItemId="B81" Value="628"/>
<Cov CovItemId="B82" Value="745"/>
<Cov CovItemId="B83" Value="245"/>
<Cov CovItemId="B84" Value="556"/>
<Cov CovItemId="B85" Value="168"/>
<Cov CovItemId="B86" Value="388"/>
<Cov CovItemId="L10-2" Value="1904"/>
<Cov CovItemId="L11-1" Value="30"/>
<Cov CovItemId="L12-0" Value="30"/>
<Cov CovItemId="L13-2" Value="119"/>
<Cov CovItemId="L14-2" Value="952"/>
<Cov CovItemId="L15-2" Value="1"/>
<Cov CovItemId="L16-2" Value="4"/>
<Cov CovItemId="L17-2" Value="4"/>
<Cov CovItemId="L9-2" Value="238"/>
<Cov CovItemId="S100" Value="24"/>
<Cov CovItemId="S101" Value="9"/>
<Cov CovItemId="S102" Value="33"/>
<Cov CovItemId="S103" Value="3"/>
<Cov CovItemId="S104" Value="30"/>
<Cov CovItemId="S105" Value="23"/>
<Cov CovItemId="S106" Value="34"/>
<Cov CovItemId="S107" Value="34"/>
<Cov CovItemId="S108" Value="34"/>
<Cov CovItemId="S109" Value="33"/>
<Cov CovItemId="S110" Value="55"/>
<Cov CovItemId="S111" Value="85"/>
<Cov CovItemId="S112" Value="85"/>
<Cov CovItemId="S113" Value="85"/>
<Cov CovItemId="S115" Value="989"/>
<Cov CovItemId="S116" Value="912"/>
<Cov CovItemId="S117" Value="77"/>
<Cov CovItemId="S118" Value="268"/>
<Cov CovItemId="S119" Value="268"/>
<Cov CovItemId="S121" Value="268"/>
<Cov CovItemId="S122" Value="268"/>
<Cov CovItemId="S123" Value="268"/>
<Cov CovItemId="S124" Value="268"/>
<Cov CovItemId="S125" Value="222"/>
<Cov CovItemId="S126" Value="268"/>
<Cov CovItemId="S127" Value="237"/>
<Cov CovItemId="S128" Value="268"/>
<Cov CovItemId="S129" Value="199"/>
<Cov CovItemId="S130" Value="199"/>
<Cov CovItemId="S131" Value="199"/>
<Cov CovItemId="S132" Value="199"/>
<Cov CovItemId="S133" Value="268"/>
<Cov CovItemId="S134" Value="268"/>
<Cov CovItemId="S135" Value="1072"/>
<Cov CovItemId="S136" Value="138"/>
<Cov CovItemId="S137" Value="934"/>
<Cov CovItemId="S138" Value="680"/>
<Cov CovItemId="S139" Value="680"/>
<Cov CovItemId="S141" Value="934"/>
<Cov CovItemId="S142" Value="1072"/>
<Cov CovItemId="S143" Value="119"/>
<Cov CovItemId="S144" Value="119"/>
<Cov CovItemId="S145" Value="952"/>
<Cov CovItemId="S146" Value="7616"/>
<Cov CovItemId="S147" Value="3808"/>
<Cov CovItemId="S148" Value="268"/>
<Cov CovItemId="S149" Value="134"/>
<Cov CovItemId="S150" Value="134"/>
<Cov CovItemId="S151" Value="119"/>
<Cov CovItemId="S157" Value="1"/>
<Cov CovItemId="S158" Value="1"/>
<Cov CovItemId="S159" Value="8"/>
<Cov CovItemId="S160" Value="4"/>
<Cov CovItemId="S161" Value="32"/>
<Cov CovItemId="S162" Value="16"/>
<Cov CovItemId="S163" Value="4"/>
<Cov CovItemId="S164" Value="4"/>
<Cov CovItemId="S165" Value="32"/>
<Cov CovItemId="S166" Value="16"/>
<Cov CovItemId="S167" Value="4"/>
<Cov CovItemId="S168" Value="1"/>
<Cov CovItemId="S169" Value="32"/>
<Cov CovItemId="S170" Value="32"/>
<Cov CovItemId="S171" Value="28"/>
<Cov CovItemId="S172" Value="4"/>
<Cov CovItemId="S173" Value="4"/>
<Cov CovItemId="S174" Value="4"/>
<Cov CovItemId="S175" Value="4"/>
<Cov CovItemId="S176" Value="1373"/>
<Cov CovItemId="S177" Value="1373"/>
<Cov CovItemId="S178" Value="628"/>
<Cov CovItemId="S179" Value="745"/>
<Cov CovItemId="S180" Value="801"/>
<Cov CovItemId="S181" Value="245"/>
<Cov CovItemId="S182" Value="556"/>
<Cov CovItemId="S183" Value="168"/>
<Cov CovItemId="S184" Value="388"/>
<Cov CovItemId="S185" Value="3712"/>
<Cov CovItemId="S61" Value="238"/>
<Cov CovItemId="S62" Value="1904"/>
<Cov CovItemId="S63" Value="15232"/>
<Cov CovItemId="S64" Value="30"/>
<Cov CovItemId="S65" Value="30"/>
<Cov CovItemId="S66" Value="30"/>
<Cov CovItemId="S67" Value="30"/>
<Cov CovItemId="S68" Value="30"/>
<Cov CovItemId="S76" Value="30"/>
<Cov CovItemId="S77" Value="30"/>
<Cov CovItemId="S94" Value="65"/>
<Cov CovItemId="S97" Value="65"/>
<Cov CovItemId="S98" Value="33"/>
<Cov CovItemId="S99" Value="33"/>
</CovPrefix>
<CovPrefix CovItemPrefix="com.OriginalFiles.Field.java">
<Cov CovItemId="B1" Value="80"/>
<Cov CovItemId="B2" Value="45"/>
<Cov CovItemId="S1" Value="88"/>
<Cov CovItemId="S13" Value="418"/>
<Cov CovItemId="S2" Value="88"/>
<Cov CovItemId="S5" Value="125"/>
<Cov CovItemId="S6" Value="125"/>
<Cov CovItemId="S7" Value="80"/>
<Cov CovItemId="S8" Value="6296"/>
<Cov CovItemId="S9" Value="8157"/>
</CovPrefix>
<CovPrefix CovItemPrefix="com.OriginalFiles.Move.java">
<Cov CovItemId="S1" Value="2"/>
<Cov CovItemId="S2" Value="2"/>
<Cov CovItemId="S3" Value="2"/>
<Cov CovItemId="S4" Value="2"/>
<Cov CovItemId="S5" Value="2"/>
<Cov CovItemId="S6" Value="2"/>
<Cov CovItemId="S7" Value="2"/>
</CovPrefix>
<CovPrefix CovItemPrefix="com.OriginalFiles.Piece.java">
<Cov CovItemId="B1" Value="35"/>
<Cov CovItemId="B10" Value="34"/>
<Cov CovItemId="B11" Value="81"/>
<Cov CovItemId="B12" Value="9"/>
<Cov CovItemId="B13" Value="35"/>
<Cov CovItemId="B14" Value="46"/>
<Cov CovItemId="B15" Value="81"/>
<Cov CovItemId="B18" Value="81"/>
<Cov CovItemId="B2" Value="55"/>
<Cov CovItemId="B3" Value="19"/>
<Cov CovItemId="B33" Value="13"/>
<Cov CovItemId="B34" Value="68"/>
<Cov CovItemId="B35" Value="8"/>
<Cov CovItemId="B36" Value="73"/>
<Cov CovItemId="B37" Value="8"/>
<Cov CovItemId="B39" Value="35"/>
<Cov CovItemId="B4" Value="16"/>
<Cov CovItemId="B40" Value="46"/>
<Cov CovItemId="B5" Value="81"/>
<Cov CovItemId="B6" Value="9"/>
<Cov CovItemId="B9" Value="47"/>
<Cov CovItemId="S1" Value="46"/>
<Cov CovItemId="S10" Value="46"/>
<Cov CovItemId="S11" Value="46"/>
<Cov CovItemId="S12" Value="46"/>
<Cov CovItemId="S13" Value="46"/>
<Cov CovItemId="S14" Value="46"/>
<Cov CovItemId="S15" Value="46"/>
<Cov CovItemId="S16" Value="46"/>
<Cov CovItemId="S17" Value="46"/>
<Cov CovItemId="S18" Value="46"/>
<Cov CovItemId="S19" Value="46"/>
<Cov CovItemId="S2" Value="46"/>
<Cov CovItemId="S20" Value="46"/>
<Cov CovItemId="S21" Value="46"/>
<Cov CovItemId="S23" Value="336"/>
<Cov CovItemId="S24" Value="90"/>
<Cov CovItemId="S25" Value="90"/>
<Cov CovItemId="S26" Value="90"/>
<Cov CovItemId="S27" Value="35"/>
<Cov CovItemId="S28" Value="19"/>
<Cov CovItemId="S29" Value="35"/>
<Cov CovItemId="S3" Value="46"/>
<Cov CovItemId="S30" Value="55"/>
<Cov CovItemId="S31" Value="90"/>
<Cov CovItemId="S32" Value="90"/>
<Cov CovItemId="S33" Value="81"/>
<Cov CovItemId="S34" Value="9"/>
<Cov CovItemId="S35" Value="9"/>
<Cov CovItemId="S39" Value="81"/>
<Cov CovItemId="S4" Value="46"/>
<Cov CovItemId="S40" Value="47"/>
<Cov CovItemId="S41" Value="34"/>
<Cov CovItemId="S42" Value="90"/>
<Cov CovItemId="S43" Value="90"/>
<Cov CovItemId="S44" Value="81"/>
<Cov CovItemId="S45" Value="81"/>
<Cov CovItemId="S46" Value="81"/>
<Cov CovItemId="S47" Value="35"/>
<Cov CovItemId="S48" Value="81"/>
<Cov CovItemId="S49" Value="81"/>
<Cov CovItemId="S5" Value="46"/>
<Cov CovItemId="S50" Value="81"/>
<Cov CovItemId="S6" Value="46"/>
<Cov CovItemId="S65" Value="81"/>
<Cov CovItemId="S66" Value="13"/>
<Cov CovItemId="S67" Value="81"/>
<Cov CovItemId="S68" Value="8"/>
<Cov CovItemId="S69" Value="8"/>
<Cov CovItemId="S7" Value="46"/>
<Cov CovItemId="S70" Value="8"/>
<Cov CovItemId="S71" Value="81"/>
<Cov CovItemId="S72" Value="35"/>
<Cov CovItemId="S73" Value="81"/>
<Cov CovItemId="S8" Value="46"/>
<Cov CovItemId="S9" Value="46"/>
</CovPrefix>
<CovPrefix CovItemPrefix="com.OriginalFiles.RemoteNXTFunctions.java">
<Cov CovItemId="B10" Value="38"/>
<Cov CovItemId="B104" Value="78"/>
<Cov CovItemId="B11" Value="1"/>
<Cov CovItemId="B114" Value="78"/>
<Cov CovItemId="B12" Value="37"/>
<Cov CovItemId="B124" Value="78"/>
<Cov CovItemId="B13" Value="10"/>
<Cov CovItemId="B133" Value="6"/>
<Cov CovItemId="B134" Value="72"/>
<Cov CovItemId="B135" Value="2"/>
<Cov CovItemId="B136" Value="4"/>
<Cov CovItemId="B137" Value="2"/>
<Cov CovItemId="B138" Value="2"/>
<Cov CovItemId="B14" Value="27"/>
<Cov CovItemId="B140" Value="2"/>
<Cov CovItemId="B142" Value="72"/>
<Cov CovItemId="B15" Value="22"/>
<Cov CovItemId="B16" Value="56"/>
<Cov CovItemId="B17" Value="11"/>
<Cov CovItemId="B18" Value="11"/>
<Cov CovItemId="B19" Value="11"/>
<Cov CovItemId="B2" Value="2"/>
<Cov CovItemId="B23" Value="50"/>
<Cov CovItemId="B24" Value="28"/>
<Cov CovItemId="B25" Value="10"/>
<Cov CovItemId="B26" Value="40"/>
<Cov CovItemId="B27" Value="10"/>
<Cov CovItemId="B28" Value="30"/>
<Cov CovItemId="B30" Value="30"/>
<Cov CovItemId="B32" Value="78"/>
<Cov CovItemId="B4" Value="2"/>
<Cov CovItemId="B40" Value="78"/>
<Cov CovItemId="B5" Value="72"/>
<Cov CovItemId="B50" Value="78"/>
<Cov CovItemId="B56" Value="78"/>
<Cov CovItemId="B6" Value="78"/>
<Cov CovItemId="B62" Value="78"/>
<Cov CovItemId="B7" Value="33"/>
<Cov CovItemId="B70" Value="78"/>
<Cov CovItemId="B78" Value="78"/>
<Cov CovItemId="B8" Value="39"/>
<Cov CovItemId="B86" Value="78"/>
<Cov CovItemId="B9" Value="1"/>
<Cov CovItemId="B94" Value="78"/>
<Cov CovItemId="L1-1" Value="2"/>
<Cov CovItemId="L2-0" Value="2"/>
<Cov CovItemId="S10" Value="2"/>
<Cov CovItemId="S100" Value="78"/>
<Cov CovItemId="S108" Value="78"/>
<Cov CovItemId="S118" Value="78"/>
<Cov CovItemId="S12" Value="2"/>
<Cov CovItemId="S128" Value="78"/>
<Cov CovItemId="S138" Value="78"/>
<Cov CovItemId="S14" Value="2"/>
<Cov CovItemId="S148" Value="78"/>
<Cov CovItemId="S149" Value="6"/>
<Cov CovItemId="S15" Value="2"/>
<Cov CovItemId="S150" Value="2"/>
<Cov CovItemId="S151" Value="4"/>
<Cov CovItemId="S152" Value="2"/>
<Cov CovItemId="S153" Value="2"/>
<Cov CovItemId="S155" Value="2"/>
<Cov CovItemId="S156" Value="72"/>
<Cov CovItemId="S162" Value="150"/>
<Cov CovItemId="S17" Value="2"/>
<Cov CovItemId="S18" Value="2"/>
<Cov CovItemId="S19" Value="150"/>
<Cov CovItemId="S20" Value="150"/>
<Cov CovItemId="S21" Value="72"/>
<Cov CovItemId="S22" Value="33"/>
<Cov CovItemId="S23" Value="39"/>
<Cov CovItemId="S24" Value="1"/>
<Cov CovItemId="S25" Value="38"/>
<Cov CovItemId="S26" Value="1"/>
<Cov CovItemId="S27" Value="37"/>
<Cov CovItemId="S28" Value="10"/>
<Cov CovItemId="S29" Value="27"/>
<Cov CovItemId="S30" Value="78"/>
<Cov CovItemId="S31" Value="22"/>
<Cov CovItemId="S32" Value="11"/>
<Cov CovItemId="S33" Value="11"/>
<Cov CovItemId="S34" Value="11"/>
<Cov CovItemId="S38" Value="78"/>
<Cov CovItemId="S39" Value="50"/>
<Cov CovItemId="S4" Value="5"/>
<Cov CovItemId="S40" Value="10"/>
<Cov CovItemId="S41" Value="40"/>
<Cov CovItemId="S42" Value="10"/>
<Cov CovItemId="S43" Value="30"/>
<Cov CovItemId="S45" Value="30"/>
<Cov CovItemId="S46" Value="78"/>
<Cov CovItemId="S5" Value="1"/>
<Cov CovItemId="S54" Value="78"/>
<Cov CovItemId="S6" Value="2"/>
<Cov CovItemId="S64" Value="78"/>
<Cov CovItemId="S7" Value="2"/>
<Cov CovItemId="S70" Value="78"/>
<Cov CovItemId="S76" Value="78"/>
<Cov CovItemId="S8" Value="2"/>
<Cov CovItemId="S84" Value="78"/>
<Cov CovItemId="S9" Value="2"/>
<Cov CovItemId="S92" Value="78"/>
</CovPrefix>
</CovList>
<AssgnmntList>
<AssgnmntPrefix RootTermCovItemPrefix="com.OriginalFiles.Analyze.java">
<AssgnmntListEntry Length="1" RootTermCovItemId="C1">
<MapEntry BoolAssgnmnt="0" Value="30"/>
</AssgnmntListEntry>
<AssgnmntListEntry Length="1" RootTermCovItemId="C10">
<MapEntry BoolAssgnmnt="0" Value="7"/>
<MapEntry BoolAssgnmnt="1" Value="22"/>
</AssgnmntListEntry>
<AssgnmntListEntry Length="1" RootTermCovItemId="C11">
<MapEntry BoolAssgnmnt="0" Value="4"/>
<MapEntry BoolAssgnmnt="1" Value="3"/>
</AssgnmntListEntry>
<AssgnmntListEntry Length="1" RootTermCovItemId="C12">
<MapEntry BoolAssgnmnt="0" Value="1"/>
<MapEntry BoolAssgnmnt="1" Value="3"/>
</AssgnmntListEntry>
<AssgnmntListEntry Length="1" RootTermCovItemId="C13">
<MapEntry BoolAssgnmnt="0" Value="23"/>
</AssgnmntListEntry>
<AssgnmntListEntry Length="1" RootTermCovItemId="C16">
<MapEntry BoolAssgnmnt="1" Value="22"/>
</AssgnmntListEntry>
<AssgnmntListEntry Length="1" RootTermCovItemId="C17">
<MapEntry BoolAssgnmnt="1" Value="23"/>
</AssgnmntListEntry>
<AssgnmntListEntry Length="1" RootTermCovItemId="C18">
<MapEntry BoolAssgnmnt="0" Value="12"/>
<MapEntry BoolAssgnmnt="1" Value="11"/>
</AssgnmntListEntry>
<AssgnmntListEntry Length="1" RootTermCovItemId="C19">
<MapEntry BoolAssgnmnt="1" Value="11"/>
</AssgnmntListEntry>
<AssgnmntListEntry Length="1" RootTermCovItemId="C2">
<MapEntry BoolAssgnmnt="0" Value="29"/>
</AssgnmntListEntry>
<AssgnmntListEntry Length="1" RootTermCovItemId="C20">
<MapEntry BoolAssgnmnt="0" Value="10"/>
<MapEntry BoolAssgnmnt="1" Value="2"/>
</AssgnmntListEntry>
<AssgnmntListEntry Length="1" RootTermCovItemId="C21">
<MapEntry BoolAssgnmnt="1" Value="2"/>
</AssgnmntListEntry>
<AssgnmntListEntry Length="1" RootTermCovItemId="C22">
<MapEntry BoolAssgnmnt="1" Value="10"/>
</AssgnmntListEntry>
<AssgnmntListEntry Length="1" RootTermCovItemId="C23">
<MapEntry BoolAssgnmnt="0" Value="10"/>
</AssgnmntListEntry>
<AssgnmntListEntry Length="1" RootTermCovItemId="C25">
<MapEntry BoolAssgnmnt="1" Value="10"/>
</AssgnmntListEntry>
<AssgnmntListEntry Length="1" RootTermCovItemId="C26">
<MapEntry BoolAssgnmnt="1" Value="10"/>
</AssgnmntListEntry>
<AssgnmntListEntry Length="1" RootTermCovItemId="C27">
<MapEntry BoolAssgnmnt="1" Value="23"/>
</AssgnmntListEntry>
<AssgnmntListEntry Length="1" RootTermCovItemId="C28">
<MapEntry BoolAssgnmnt="0" Value="2"/>
<MapEntry BoolAssgnmnt="1" Value="21"/>
</AssgnmntListEntry>
<AssgnmntListEntry Length="1" RootTermCovItemId="C29">
<MapEntry BoolAssgnmnt="0" Value="2"/>
<MapEntry BoolAssgnmnt="1" Value="21"/>
</AssgnmntListEntry>
<AssgnmntListEntry Length="1" RootTermCovItemId="C3">
<MapEntry BoolAssgnmnt="0" Value="28"/>
<MapEntry BoolAssgnmnt="1" Value="2"/>
</AssgnmntListEntry>
<AssgnmntListEntry Length="1" RootTermCovItemId="C30">
<MapEntry BoolAssgnmnt="1" Value="23"/>
</AssgnmntListEntry>
<AssgnmntListEntry Length="1" RootTermCovItemId="C31">
<MapEntry BoolAssgnmnt="0" Value="23"/>
<MapEntry BoolAssgnmnt="1" Value="88"/>
</AssgnmntListEntry>
<AssgnmntListEntry Length="2" RootTermCovItemId="C32">
<MapEntry BoolAssgnmnt="10" Value="21"/>
<MapEntry BoolAssgnmnt="02" Value="44"/>
<MapEntry BoolAssgnmnt="11" Value="23"/>
</AssgnmntListEntry>
<AssgnmntListEntry Length="1" RootTermCovItemId="C33">
<MapEntry BoolAssgnmnt="1" Value="88"/>
</AssgnmntListEntry>
<AssgnmntListEntry Length="1" RootTermCovItemId="C4">
<MapEntry BoolAssgnmnt="0" Value="60"/>
<MapEntry BoolAssgnmnt="1" Value="1860"/>
</AssgnmntListEntry>
<AssgnmntListEntry Length="1" RootTermCovItemId="C49">
<MapEntry BoolAssgnmnt="0" Value="30"/>
<MapEntry BoolAssgnmnt="1" Value="3"/>
</AssgnmntListEntry>
<AssgnmntListEntry Length="2" RootTermCovItemId="C5">
<MapEntry BoolAssgnmnt="10" Value="30"/>
<MapEntry BoolAssgnmnt="11" Value="30"/>
</AssgnmntListEntry>
<AssgnmntListEntry Length="1" RootTermCovItemId="C50">
<MapEntry BoolAssgnmnt="0" Value="2"/>
<MapEntry BoolAssgnmnt="1" Value="1"/>
</AssgnmntListEntry>
<AssgnmntListEntry Length="1" RootTermCovItemId="C51">
<MapEntry BoolAssgnmnt="0" Value="1"/>
</AssgnmntListEntry>
<AssgnmntListEntry Length="1" RootTermCovItemId="C52">
<MapEntry BoolAssgnmnt="0" Value="2"/>
</AssgnmntListEntry>
<AssgnmntListEntry Length="1" RootTermCovItemId="C53">
<MapEntry BoolAssgnmnt="0" Value="10"/>
<MapEntry BoolAssgnmnt="1" Value="1"/>
</AssgnmntListEntry>
<AssgnmntListEntry Length="1" RootTermCovItemId="C54">
<MapEntry BoolAssgnmnt="0" Value="9"/>
<MapEntry BoolAssgnmnt="1" Value="1"/>
</AssgnmntListEntry>
<AssgnmntListEntry Length="1" RootTermCovItemId="C55">
<MapEntry BoolAssgnmnt="0" Value="1"/>
<MapEntry BoolAssgnmnt="1" Value="8"/>
</AssgnmntListEntry>
<AssgnmntListEntry Length="1" RootTermCovItemId="C56">
<MapEntry BoolAssgnmnt="0" Value="28"/>
<MapEntry BoolAssgnmnt="1" Value="1"/>
</AssgnmntListEntry>
<AssgnmntListEntry Length="1" RootTermCovItemId="C57">
<MapEntry BoolAssgnmnt="0" Value="1"/>
<MapEntry BoolAssgnmnt="1" Value="1"/>
</AssgnmntListEntry>
<AssgnmntListEntry Length="1" RootTermCovItemId="C58">
<MapEntry BoolAssgnmnt="1" Value="1"/>
</AssgnmntListEntry>
<AssgnmntListEntry Length="1" RootTermCovItemId="C59">
<MapEntry BoolAssgnmnt="1" Value="1"/>
</AssgnmntListEntry>
<AssgnmntListEntry Length="1" RootTermCovItemId="C6">
<MapEntry BoolAssgnmnt="1" Value="30"/>
</AssgnmntListEntry>
<AssgnmntListEntry Length="1" RootTermCovItemId="C60">
<MapEntry BoolAssgnmnt="1" Value="1"/>
</AssgnmntListEntry>
<AssgnmntListEntry Length="1" RootTermCovItemId="C61">
<MapEntry BoolAssgnmnt="1" Value="1"/>
</AssgnmntListEntry>
<AssgnmntListEntry Length="1" RootTermCovItemId="C62">
<MapEntry BoolAssgnmnt="0" Value="8"/>
<MapEntry BoolAssgnmnt="1" Value="1"/>
</AssgnmntListEntry>
<AssgnmntListEntry Length="1" RootTermCovItemId="C63">
<MapEntry BoolAssgnmnt="0" Value="8"/>
</AssgnmntListEntry>
<AssgnmntListEntry Length="6" RootTermCovItemId="C66">
<MapEntry BoolAssgnmnt="110222" Value="11"/>
<MapEntry BoolAssgnmnt="022222" Value="106"/>
<MapEntry BoolAssgnmnt="111111" Value="33"/>
</AssgnmntListEntry>
<AssgnmntListEntry Length="6" RootTermCovItemId="C67">
<MapEntry BoolAssgnmnt="022222" Value="106"/>
<MapEntry BoolAssgnmnt="111111" Value="11"/>
</AssgnmntListEntry>
<AssgnmntListEntry Length="6" RootTermCovItemId="C68">
<MapEntry BoolAssgnmnt="102222" Value="85"/>
<MapEntry BoolAssgnmnt="111111" Value="21"/>
</AssgnmntListEntry>
<AssgnmntListEntry Length="6" RootTermCovItemId="C69">
<MapEntry BoolAssgnmnt="102222" Value="83"/>
<MapEntry BoolAssgnmnt="111111" Value="2"/>
</AssgnmntListEntry>
<AssgnmntListEntry Length="1" RootTermCovItemId="C7">
<MapEntry BoolAssgnmnt="0" Value="7"/>
<MapEntry BoolAssgnmnt="1" Value="23"/>
</AssgnmntListEntry>
<AssgnmntListEntry Length="1" RootTermCovItemId="C70">
<MapEntry BoolAssgnmnt="0" Value="132"/>
<MapEntry BoolAssgnmnt="1" Value="3644"/>
</AssgnmntListEntry>
<AssgnmntListEntry Length="1" RootTermCovItemId="C71">
<MapEntry BoolAssgnmnt="0" Value="66"/>
<MapEntry BoolAssgnmnt="1" Value="66"/>
</AssgnmntListEntry>
<AssgnmntListEntry Length="1" RootTermCovItemId="C72">
<MapEntry BoolAssgnmnt="1" Value="66"/>
</AssgnmntListEntry>
<AssgnmntListEntry Length="1" RootTermCovItemId="C73">
<MapEntry BoolAssgnmnt="0" Value="66"/>
<MapEntry BoolAssgnmnt="1" Value="66"/>
</AssgnmntListEntry>
<AssgnmntListEntry Length="1" RootTermCovItemId="C74">
<MapEntry BoolAssgnmnt="1" Value="66"/>
</AssgnmntListEntry>
<AssgnmntListEntry Length="3" RootTermCovItemId="C75">
<MapEntry BoolAssgnmnt="012" Value="30"/>
<MapEntry BoolAssgnmnt="001" Value="29"/>
</AssgnmntListEntry>
<AssgnmntListEntry Length="3" RootTermCovItemId="C76">
<MapEntry BoolAssgnmnt="011" Value="30"/>
<MapEntry BoolAssgnmnt="002" Value="29"/>
</AssgnmntListEntry>
<AssgnmntListEntry Length="2" RootTermCovItemId="C77">
<MapEntry BoolAssgnmnt="02" Value="7"/>
<MapEntry BoolAssgnmnt="11" Value="52"/>
</AssgnmntListEntry>
<AssgnmntListEntry Length="2" RootTermCovItemId="C78">
<MapEntry BoolAssgnmnt="10" Value="7"/>
<MapEntry BoolAssgnmnt="02" Value="3"/>
<MapEntry BoolAssgnmnt="11" Value="42"/>
</AssgnmntListEntry>
<AssgnmntListEntry Length="2" RootTermCovItemId="C79">
<MapEntry BoolAssgnmnt="00" Value="42"/>
</AssgnmntListEntry>
<AssgnmntListEntry Length="2" RootTermCovItemId="C8">
<MapEntry BoolAssgnmnt="02" Value="23"/>
</AssgnmntListEntry>
<AssgnmntListEntry Length="1" RootTermCovItemId="C9">
<MapEntry BoolAssgnmnt="1" Value="22"/>
</AssgnmntListEntry>
<AssgnmntListEntry Length="8" RootTermCovItemId="C90">
<MapEntry BoolAssgnmnt="02020202" Value="84"/>
</AssgnmntListEntry>
</AssgnmntPrefix>
<AssgnmntPrefix RootTermCovItemPrefix="com.OriginalFiles.Board.java">
<AssgnmntListEntry Length="1" RootTermCovItemId="C14">
<MapEntry BoolAssgnmnt="0" Value="30"/>
<MapEntry BoolAssgnmnt="1" Value="30"/>
</AssgnmntListEntry>
<AssgnmntListEntry Length="1" RootTermCovItemId="C15">
<MapEntry BoolAssgnmnt="0" Value="30"/>
</AssgnmntListEntry>
<AssgnmntListEntry Length="1" RootTermCovItemId="C24">
<MapEntry BoolAssgnmnt="0" Value="65"/>
</AssgnmntListEntry>
<AssgnmntListEntry Length="1" RootTermCovItemId="C26">
<MapEntry BoolAssgnmnt="0" Value="33"/>
</AssgnmntListEntry>
<AssgnmntListEntry Length="1" RootTermCovItemId="C27">
<MapEntry BoolAssgnmnt="0" Value="9"/>
<MapEntry BoolAssgnmnt="1" Value="24"/>
</AssgnmntListEntry>
<AssgnmntListEntry Length="2" RootTermCovItemId="C28">
<MapEntry BoolAssgnmnt="10" Value="3"/>
<MapEntry BoolAssgnmnt="02" Value="21"/>
<MapEntry BoolAssgnmnt="11" Value="9"/>
</AssgnmntListEntry>
<AssgnmntListEntry Length="1" RootTermCovItemId="C29">
<MapEntry BoolAssgnmnt="0" Value="1"/>
<MapEntry BoolAssgnmnt="1" Value="33"/>
</AssgnmntListEntry>
<AssgnmntListEntry Length="1" RootTermCovItemId="C30">
<MapEntry BoolAssgnmnt="1" Value="85"/>
</AssgnmntListEntry>
<AssgnmntListEntry Length="1" RootTermCovItemId="C31">
<MapEntry BoolAssgnmnt="0" Value="77"/>
<MapEntry BoolAssgnmnt="1" Value="912"/>
</AssgnmntListEntry>
<AssgnmntListEntry Length="1" RootTermCovItemId="C32">
<MapEntry BoolAssgnmnt="0" Value="268"/>
</AssgnmntListEntry>
<AssgnmntListEntry Length="1" RootTermCovItemId="C33">
<MapEntry BoolAssgnmnt="0" Value="222"/>
<MapEntry BoolAssgnmnt="1" Value="46"/>
</AssgnmntListEntry>
<AssgnmntListEntry Length="1" RootTermCovItemId="C34">
<MapEntry BoolAssgnmnt="0" Value="237"/>
<MapEntry BoolAssgnmnt="1" Value="31"/>
</AssgnmntListEntry>
<AssgnmntListEntry Length="1" RootTermCovItemId="C35">
<MapEntry BoolAssgnmnt="0" Value="69"/>
<MapEntry BoolAssgnmnt="1" Value="199"/>
</AssgnmntListEntry>
<AssgnmntListEntry Length="1" RootTermCovItemId="C36">
<MapEntry BoolAssgnmnt="0" Value="199"/>
</AssgnmntListEntry>
<AssgnmntListEntry Length="1" RootTermCovItemId="C37">
<MapEntry BoolAssgnmnt="0" Value="199"/>
</AssgnmntListEntry>
<AssgnmntListEntry Length="5" RootTermCovItemId="C38">
<MapEntry BoolAssgnmnt="02002" Value="268"/>
<MapEntry BoolAssgnmnt="10122" Value="268"/>
<MapEntry BoolAssgnmnt="11221" Value="226"/>
<MapEntry BoolAssgnmnt="11220" Value="42"/>
<MapEntry BoolAssgnmnt="02010" Value="96"/>
<MapEntry BoolAssgnmnt="02011" Value="172"/>
</AssgnmntListEntry>
<AssgnmntListEntry Length="1" RootTermCovItemId="C39">
<MapEntry BoolAssgnmnt="0" Value="254"/>
<MapEntry BoolAssgnmnt="1" Value="680"/>
</AssgnmntListEntry>
<AssgnmntListEntry Length="1" RootTermCovItemId="C40">
<MapEntry BoolAssgnmnt="0" Value="680"/>
</AssgnmntListEntry>
<AssgnmntListEntry Length="2" RootTermCovItemId="C41">
<MapEntry BoolAssgnmnt="02" Value="680"/>
</AssgnmntListEntry>
<AssgnmntListEntry Length="1" RootTermCovItemId="C42">
<MapEntry BoolAssgnmnt="0" Value="3808"/>
<MapEntry BoolAssgnmnt="1" Value="3808"/>
</AssgnmntListEntry>
<AssgnmntListEntry Length="1" RootTermCovItemId="C43">
<MapEntry BoolAssgnmnt="0" Value="3540"/>
<MapEntry BoolAssgnmnt="1" Value="268"/>
</AssgnmntListEntry>
<AssgnmntListEntry Length="1" RootTermCovItemId="C44">
<MapEntry BoolAssgnmnt="0" Value="134"/>
<MapEntry BoolAssgnmnt="1" Value="134"/>
</AssgnmntListEntry>
<AssgnmntListEntry Length="1" RootTermCovItemId="C46">
<MapEntry BoolAssgnmnt="0" Value="1"/>
<MapEntry BoolAssgnmnt="1" Value="8"/>
</AssgnmntListEntry>
<AssgnmntListEntry Length="1" RootTermCovItemId="C47">
<MapEntry BoolAssgnmnt="0" Value="4"/>
<MapEntry BoolAssgnmnt="1" Value="4"/>
</AssgnmntListEntry>
<AssgnmntListEntry Length="1" RootTermCovItemId="C48">
<MapEntry BoolAssgnmnt="0" Value="4"/>
<MapEntry BoolAssgnmnt="1" Value="32"/>
</AssgnmntListEntry>
<AssgnmntListEntry Length="1" RootTermCovItemId="C49">
<MapEntry BoolAssgnmnt="0" Value="16"/>
<MapEntry BoolAssgnmnt="1" Value="16"/>
</AssgnmntListEntry>
<AssgnmntListEntry Length="1" RootTermCovItemId="C50">
<MapEntry BoolAssgnmnt="0" Value="4"/>
<MapEntry BoolAssgnmnt="1" Value="32"/>
</AssgnmntListEntry>
<AssgnmntListEntry Length="1" RootTermCovItemId="C51">
<MapEntry BoolAssgnmnt="0" Value="16"/>
<MapEntry BoolAssgnmnt="1" Value="16"/>
</AssgnmntListEntry>
<AssgnmntListEntry Length="1" RootTermCovItemId="C52">
<MapEntry BoolAssgnmnt="0" Value="4"/>
<MapEntry BoolAssgnmnt="1" Value="28"/>
</AssgnmntListEntry>
<AssgnmntListEntry Length="1" RootTermCovItemId="C53">
<MapEntry BoolAssgnmnt="1" Value="1373"/>
</AssgnmntListEntry>
<AssgnmntListEntry Length="1" RootTermCovItemId="C54">
<MapEntry BoolAssgnmnt="0" Value="628"/>
<MapEntry BoolAssgnmnt="1" Value="745"/>
</AssgnmntListEntry>
<AssgnmntListEntry Length="3" RootTermCovItemId="C55">
<MapEntry BoolAssgnmnt="011" Value="96"/>
<MapEntry BoolAssgnmnt="010" Value="173"/>
<MapEntry BoolAssgnmnt="002" Value="407"/>
<MapEntry BoolAssgnmnt="120" Value="72"/>
<MapEntry BoolAssgnmnt="121" Value="53"/>
</AssgnmntListEntry>
<AssgnmntListEntry Length="3" RootTermCovItemId="C56">
<MapEntry BoolAssgnmnt="011" Value="90"/>
<MapEntry BoolAssgnmnt="010" Value="133"/>
<MapEntry BoolAssgnmnt="002" Value="149"/>
<MapEntry BoolAssgnmnt="120" Value="106"/>
<MapEntry BoolAssgnmnt="121" Value="78"/>
</AssgnmntListEntry>
</AssgnmntPrefix>
<AssgnmntPrefix RootTermCovItemPrefix="com.OriginalFiles.Field.java">
<AssgnmntListEntry Length="1" RootTermCovItemId="C1">
<MapEntry BoolAssgnmnt="0" Value="80"/>
<MapEntry BoolAssgnmnt="1" Value="45"/>
</AssgnmntListEntry>
</AssgnmntPrefix>
<AssgnmntPrefix RootTermCovItemPrefix="com.OriginalFiles.Piece.java">
<AssgnmntListEntry Length="2" RootTermCovItemId="C1">
<MapEntry BoolAssgnmnt="10" Value="46"/>
<MapEntry BoolAssgnmnt="02" Value="9"/>
<MapEntry BoolAssgnmnt="11" Value="35"/>
</AssgnmntListEntry>
<AssgnmntListEntry Length="5" RootTermCovItemId="C17">
<MapEntry BoolAssgnmnt="00210" Value="16"/>
<MapEntry BoolAssgnmnt="00211" Value="6"/>
<MapEntry BoolAssgnmnt="01002" Value="17"/>
<MapEntry BoolAssgnmnt="12222" Value="35"/>
<MapEntry BoolAssgnmnt="01122" Value="7"/>
</AssgnmntListEntry>
<AssgnmntListEntry Length="5" RootTermCovItemId="C18">
<MapEntry BoolAssgnmnt="00210" Value="18"/>
<MapEntry BoolAssgnmnt="00211" Value="4"/>
<MapEntry BoolAssgnmnt="01002" Value="20"/>
<MapEntry BoolAssgnmnt="12222" Value="35"/>
<MapEntry BoolAssgnmnt="01122" Value="4"/>
</AssgnmntListEntry>
<AssgnmntListEntry Length="1" RootTermCovItemId="C19">
<MapEntry BoolAssgnmnt="1" Value="8"/>
</AssgnmntListEntry>
<AssgnmntListEntry Length="2" RootTermCovItemId="C2">
<MapEntry BoolAssgnmnt="02" Value="16"/>
<MapEntry BoolAssgnmnt="11" Value="19"/>
</AssgnmntListEntry>
<AssgnmntListEntry Length="1" RootTermCovItemId="C20">
<MapEntry BoolAssgnmnt="0" Value="46"/>
<MapEntry BoolAssgnmnt="1" Value="35"/>
</AssgnmntListEntry>
<AssgnmntListEntry Length="1" RootTermCovItemId="C3">
<MapEntry BoolAssgnmnt="0" Value="9"/>
<MapEntry BoolAssgnmnt="1" Value="81"/>
</AssgnmntListEntry>
<AssgnmntListEntry Length="1" RootTermCovItemId="C5">
<MapEntry BoolAssgnmnt="0" Value="34"/>
<MapEntry BoolAssgnmnt="1" Value="47"/>
</AssgnmntListEntry>
<AssgnmntListEntry Length="1" RootTermCovItemId="C6">
<MapEntry BoolAssgnmnt="0" Value="9"/>
<MapEntry BoolAssgnmnt="1" Value="81"/>
</AssgnmntListEntry>
<AssgnmntListEntry Length="1" RootTermCovItemId="C7">
<MapEntry BoolAssgnmnt="0" Value="46"/>
<MapEntry BoolAssgnmnt="1" Value="35"/>
</AssgnmntListEntry>
<AssgnmntListEntry Length="1" RootTermCovItemId="C8">
<MapEntry BoolAssgnmnt="1" Value="81"/>
</AssgnmntListEntry>
<AssgnmntListEntry Length="1" RootTermCovItemId="C9">
<MapEntry BoolAssgnmnt="0" Value="81"/>
</AssgnmntListEntry>
</AssgnmntPrefix>
<AssgnmntPrefix RootTermCovItemPrefix="com.OriginalFiles.RemoteNXTFunctions.java">
<AssgnmntListEntry Length="1" RootTermCovItemId="C1">
<MapEntry BoolAssgnmnt="0" Value="2"/>
<MapEntry BoolAssgnmnt="1" Value="2"/>
</AssgnmntListEntry>
<AssgnmntListEntry Length="1" RootTermCovItemId="C10">
<MapEntry BoolAssgnmnt="0" Value="56"/>
<MapEntry BoolAssgnmnt="1" Value="22"/>
</AssgnmntListEntry>
<AssgnmntListEntry Length="2" RootTermCovItemId="C11">
<MapEntry BoolAssgnmnt="02" Value="11"/>
<MapEntry BoolAssgnmnt="11" Value="11"/>
</AssgnmntListEntry>
<AssgnmntListEntry Length="2" RootTermCovItemId="C12">
<MapEntry BoolAssgnmnt="11" Value="11"/>
</AssgnmntListEntry>
<AssgnmntListEntry Length="1" RootTermCovItemId="C14">
<MapEntry BoolAssgnmnt="0" Value="28"/>
<MapEntry BoolAssgnmnt="1" Value="50"/>
</AssgnmntListEntry>
<AssgnmntListEntry Length="2" RootTermCovItemId="C15">
<MapEntry BoolAssgnmnt="10" Value="10"/>
<MapEntry BoolAssgnmnt="02" Value="30"/>
<MapEntry BoolAssgnmnt="11" Value="10"/>
</AssgnmntListEntry>
<AssgnmntListEntry Length="2" RootTermCovItemId="C16">
<MapEntry BoolAssgnmnt="02" Value="30"/>
<MapEntry BoolAssgnmnt="11" Value="10"/>
</AssgnmntListEntry>
<AssgnmntListEntry Length="1" RootTermCovItemId="C17">
<MapEntry BoolAssgnmnt="0" Value="30"/>
</AssgnmntListEntry>
<AssgnmntListEntry Length="1" RootTermCovItemId="C18">
<MapEntry BoolAssgnmnt="0" Value="78"/>
</AssgnmntListEntry>
<AssgnmntListEntry Length="1" RootTermCovItemId="C2">
<MapEntry BoolAssgnmnt="0" Value="2"/>
</AssgnmntListEntry>
<AssgnmntListEntry Length="1" RootTermCovItemId="C22">
<MapEntry BoolAssgnmnt="0" Value="78"/>
</AssgnmntListEntry>
<AssgnmntListEntry Length="1" RootTermCovItemId="C27">
<MapEntry BoolAssgnmnt="0" Value="78"/>
</AssgnmntListEntry>
<AssgnmntListEntry Length="1" RootTermCovItemId="C3">
<MapEntry BoolAssgnmnt="0" Value="2"/>
</AssgnmntListEntry>
<AssgnmntListEntry Length="1" RootTermCovItemId="C30">
<MapEntry BoolAssgnmnt="0" Value="78"/>
</AssgnmntListEntry>
<AssgnmntListEntry Length="1" RootTermCovItemId="C33">
<MapEntry BoolAssgnmnt="0" Value="78"/>
</AssgnmntListEntry>
<AssgnmntListEntry Length="1" RootTermCovItemId="C37">
<MapEntry BoolAssgnmnt="0" Value="78"/>
</AssgnmntListEntry>
<AssgnmntListEntry Length="2" RootTermCovItemId="C4">
<MapEntry BoolAssgnmnt="10" Value="1"/>
<MapEntry BoolAssgnmnt="02" Value="1"/>
</AssgnmntListEntry>
<AssgnmntListEntry Length="1" RootTermCovItemId="C41">
<MapEntry BoolAssgnmnt="0" Value="78"/>
</AssgnmntListEntry>
<AssgnmntListEntry Length="1" RootTermCovItemId="C45">
<MapEntry BoolAssgnmnt="0" Value="78"/>
</AssgnmntListEntry>
<AssgnmntListEntry Length="1" RootTermCovItemId="C49">
<MapEntry BoolAssgnmnt="0" Value="78"/>
</AssgnmntListEntry>
<AssgnmntListEntry Length="1" RootTermCovItemId="C5">
<MapEntry BoolAssgnmnt="0" Value="78"/>
<MapEntry BoolAssgnmnt="1" Value="72"/>
</AssgnmntListEntry>
<AssgnmntListEntry Length="1" RootTermCovItemId="C54">
<MapEntry BoolAssgnmnt="0" Value="78"/>
</AssgnmntListEntry>
<AssgnmntListEntry Length="1" RootTermCovItemId="C59">
<MapEntry BoolAssgnmnt="0" Value="78"/>
</AssgnmntListEntry>
<AssgnmntListEntry Length="2" RootTermCovItemId="C6">
<MapEntry BoolAssgnmnt="10" Value="3"/>
<MapEntry BoolAssgnmnt="02" Value="36"/>
<MapEntry BoolAssgnmnt="11" Value="33"/>
</AssgnmntListEntry>
<AssgnmntListEntry Length="1" RootTermCovItemId="C64">
<MapEntry BoolAssgnmnt="0" Value="78"/>
</AssgnmntListEntry>
<AssgnmntListEntry Length="1" RootTermCovItemId="C69">
<MapEntry BoolAssgnmnt="0" Value="72"/>
<MapEntry BoolAssgnmnt="1" Value="6"/>
</AssgnmntListEntry>
<AssgnmntListEntry Length="2" RootTermCovItemId="C7">
<MapEntry BoolAssgnmnt="10" Value="4"/>
<MapEntry BoolAssgnmnt="02" Value="34"/>
<MapEntry BoolAssgnmnt="11" Value="1"/>
</AssgnmntListEntry>
<AssgnmntListEntry Length="2" RootTermCovItemId="C70">
<MapEntry BoolAssgnmnt="02" Value="4"/>
<MapEntry BoolAssgnmnt="11" Value="2"/>
</AssgnmntListEntry>
<AssgnmntListEntry Length="2" RootTermCovItemId="C71">
<MapEntry BoolAssgnmnt="02" Value="2"/>
<MapEntry BoolAssgnmnt="11" Value="2"/>
</AssgnmntListEntry>
<AssgnmntListEntry Length="1" RootTermCovItemId="C72">
<MapEntry BoolAssgnmnt="0" Value="2"/>
</AssgnmntListEntry>
<AssgnmntListEntry Length="1" RootTermCovItemId="C73">
<MapEntry BoolAssgnmnt="0" Value="72"/>
</AssgnmntListEntry>
<AssgnmntListEntry Length="2" RootTermCovItemId="C8">
<MapEntry BoolAssgnmnt="10" Value="3"/>
<MapEntry BoolAssgnmnt="02" Value="34"/>
<MapEntry BoolAssgnmnt="11" Value="1"/>
</AssgnmntListEntry>
<AssgnmntListEntry Length="1" RootTermCovItemId="C9">
<MapEntry BoolAssgnmnt="0" Value="27"/>
<MapEntry BoolAssgnmnt="1" Value="10"/>
</AssgnmntListEntry>
</AssgnmntPrefix>
</AssgnmntList>
<ObjMetaDataList/>
<MetaDataList/>
</TestCase>
<TestCase Comment="" Date="1386064449169" Name="com.Testing.AnalyzeTest:testAnalyzeBoard">
<CovList>
<CovPrefix CovItemPrefix="com.OriginalFiles.Analyze.java">
<Cov CovItemId="B1" Value="2"/>
<Cov CovItemId="B10" Value="42"/>
<Cov CovItemId="B107" Value="64"/>
<Cov CovItemId="B108" Value="7"/>
<Cov CovItemId="B109" Value="3"/>
<Cov CovItemId="B11" Value="2"/>
<Cov CovItemId="B110" Value="4"/>
<Cov CovItemId="B112" Value="4"/>
<Cov CovItemId="B114" Value="4"/>
<Cov CovItemId="B115" Value="3"/>
<Cov CovItemId="B116" Value="1"/>
<Cov CovItemId="B117" Value="1"/>
<Cov CovItemId="B120" Value="122"/>
<Cov CovItemId="B121" Value="198"/>
<Cov CovItemId="B122" Value="61"/>
<Cov CovItemId="B123" Value="61"/>
<Cov CovItemId="B124" Value="17"/>
<Cov CovItemId="B125" Value="44"/>
<Cov CovItemId="B126" Value="61"/>
<Cov CovItemId="B127" Value="61"/>
<Cov CovItemId="B128" Value="16"/>
<Cov CovItemId="B129" Value="45"/>
<Cov CovItemId="B13" Value="2"/>
<Cov CovItemId="B130" Value="1"/>
<Cov CovItemId="B131" Value="4"/>
<Cov CovItemId="B132" Value="1"/>
<Cov CovItemId="B133" Value="3"/>
<Cov CovItemId="B135" Value="3"/>
<Cov CovItemId="B14" Value="1"/>
<Cov CovItemId="B16" Value="2"/>
<Cov CovItemId="B17" Value="1"/>
<Cov CovItemId="B2" Value="2"/>
<Cov CovItemId="B20" Value="1"/>
<Cov CovItemId="B25" Value="1"/>
<Cov CovItemId="B26" Value="1"/>
<Cov CovItemId="B28" Value="1"/>
<Cov CovItemId="B29" Value="1"/>
<Cov CovItemId="B3" Value="1"/>
<Cov CovItemId="B31" Value="1"/>
<Cov CovItemId="B33" Value="1"/>
<Cov CovItemId="B36" Value="1"/>
<Cov CovItemId="B39" Value="1"/>
<Cov CovItemId="B41" Value="1"/>
<Cov CovItemId="B53" Value="1"/>
<Cov CovItemId="B55" Value="1"/>
<Cov CovItemId="B57" Value="1"/>
<Cov CovItemId="B59" Value="1"/>
<Cov CovItemId="B6" Value="2"/>
<Cov CovItemId="B61" Value="3"/>
<Cov CovItemId="B62" Value="1"/>
<Cov CovItemId="B64" Value="4"/>
<Cov CovItemId="B66" Value="2"/>
<Cov CovItemId="B68" Value="2"/>
<Cov CovItemId="B69" Value="1"/>
<Cov CovItemId="B7" Value="50"/>
<Cov CovItemId="B70" Value="1"/>
<Cov CovItemId="B72" Value="2"/>
<Cov CovItemId="B73" Value="1"/>
<Cov CovItemId="B74" Value="1"/>
<Cov CovItemId="B76" Value="1"/>
<Cov CovItemId="B8" Value="78"/>
<Cov CovItemId="B84" Value="1"/>
<Cov CovItemId="B9" Value="8"/>
<Cov CovItemId="B96" Value="1"/>
<Cov CovItemId="L1-2" Value="2"/>
<Cov CovItemId="L16-2" Value="5"/>
<Cov CovItemId="L17-2" Value="40"/>
<Cov CovItemId="L2-2" Value="16"/>
<Cov CovItemId="L3-1" Value="1"/>
<Cov CovItemId="L3-2" Value="1"/>
<Cov CovItemId="L4-2" Value="1"/>
<Cov CovItemId="L5-1" Value="2"/>
<Cov CovItemId="L6-1" Value="1"/>
<Cov CovItemId="S10" Value="2"/>
<Cov CovItemId="S100" Value="2"/>
<Cov CovItemId="S101" Value="2"/>
<Cov CovItemId="S102" Value="2"/>
<Cov CovItemId="S104" Value="2"/>
<Cov CovItemId="S105" Value="2"/>
<Cov CovItemId="S107" Value="2"/>
<Cov CovItemId="S108" Value="2"/>
<Cov CovItemId="S109" Value="1"/>
<Cov CovItemId="S11" Value="1"/>
<Cov CovItemId="S110" Value="2"/>
<Cov CovItemId="S111" Value="2"/>
<Cov CovItemId="S113" Value="2"/>
<Cov CovItemId="S114" Value="1"/>
<Cov CovItemId="S115" Value="2"/>
<Cov CovItemId="S116" Value="2"/>
<Cov CovItemId="S117" Value="2"/>
<Cov CovItemId="S118" Value="1"/>
<Cov CovItemId="S119" Value="1"/>
<Cov CovItemId="S12" Value="1"/>
<Cov CovItemId="S120" Value="1"/>
<Cov CovItemId="S121" Value="1"/>
<Cov CovItemId="S122" Value="1"/>
<Cov CovItemId="S123" Value="1"/>
<Cov CovItemId="S124" Value="1"/>
<Cov CovItemId="S13" Value="1"/>
<Cov CovItemId="S14" Value="1"/>
<Cov CovItemId="S148" Value="1"/>
<Cov CovItemId="S149" Value="1"/>
<Cov CovItemId="S15" Value="1"/>
<Cov CovItemId="S16" Value="2"/>
<Cov CovItemId="S168" Value="1"/>
<Cov CovItemId="S17" Value="2"/>
<Cov CovItemId="S18" Value="2"/>
<Cov CovItemId="S199" Value="71"/>
<Cov CovItemId="S200" Value="71"/>
<Cov CovItemId="S201" Value="71"/>
<Cov CovItemId="S202" Value="71"/>
<Cov CovItemId="S203" Value="71"/>
<Cov CovItemId="S204" Value="64"/>
<Cov CovItemId="S205" Value="7"/>
<Cov CovItemId="S206" Value="3"/>
<Cov CovItemId="S207" Value="4"/>
<Cov CovItemId="S209" Value="4"/>
<Cov CovItemId="S21" Value="2"/>
<Cov CovItemId="S211" Value="4"/>
<Cov CovItemId="S212" Value="5"/>
<Cov CovItemId="S213" Value="3"/>
<Cov CovItemId="S214" Value="1"/>
<Cov CovItemId="S215" Value="1"/>
<Cov CovItemId="S216" Value="1"/>
<Cov CovItemId="S217" Value="1"/>
<Cov CovItemId="S22" Value="2"/>
<Cov CovItemId="S221" Value="5"/>
<Cov CovItemId="S222" Value="5"/>
<Cov CovItemId="S223" Value="5"/>
<Cov CovItemId="S224" Value="5"/>
<Cov CovItemId="S225" Value="5"/>
<Cov CovItemId="S226" Value="5"/>
<Cov CovItemId="S227" Value="40"/>
<Cov CovItemId="S228" Value="320"/>
<Cov CovItemId="S229" Value="122"/>
<Cov CovItemId="S23" Value="16"/>
<Cov CovItemId="S230" Value="61"/>
<Cov CovItemId="S231" Value="61"/>
<Cov CovItemId="S232" Value="17"/>
<Cov CovItemId="S233" Value="122"/>
<Cov CovItemId="S234" Value="61"/>
<Cov CovItemId="S235" Value="61"/>
<Cov CovItemId="S236" Value="16"/>
<Cov CovItemId="S237" Value="5"/>
<Cov CovItemId="S238" Value="1"/>
<Cov CovItemId="S239" Value="4"/>
<Cov CovItemId="S24" Value="128"/>
<Cov CovItemId="S240" Value="1"/>
<Cov CovItemId="S241" Value="3"/>
<Cov CovItemId="S25" Value="50"/>
<Cov CovItemId="S250" Value="3"/>
<Cov CovItemId="S26" Value="8"/>
<Cov CovItemId="S27" Value="2"/>
<Cov CovItemId="S28" Value="2"/>
<Cov CovItemId="S29" Value="2"/>
<Cov CovItemId="S30" Value="2"/>
<Cov CovItemId="S31" Value="2"/>
<Cov CovItemId="S32" Value="2"/>
<Cov CovItemId="S33" Value="2"/>
<Cov CovItemId="S34" Value="3"/>
<Cov CovItemId="S35" Value="2"/>
<Cov CovItemId="S37" Value="2"/>
<Cov CovItemId="S38" Value="1"/>
<Cov CovItemId="S40" Value="1"/>
<Cov CovItemId="S51" Value="2"/>
<Cov CovItemId="S52" Value="2"/>
<Cov CovItemId="S53" Value="1"/>
<Cov CovItemId="S55" Value="1"/>
<Cov CovItemId="S56" Value="1"/>
<Cov CovItemId="S57" Value="1"/>
<Cov CovItemId="S58" Value="1"/>
<Cov CovItemId="S59" Value="1"/>
<Cov CovItemId="S6" Value="4"/>
<Cov CovItemId="S60" Value="1"/>
<Cov CovItemId="S61" Value="1"/>
<Cov CovItemId="S66" Value="1"/>
<Cov CovItemId="S67" Value="1"/>
<Cov CovItemId="S68" Value="1"/>
<Cov CovItemId="S69" Value="1"/>
<Cov CovItemId="S7" Value="2"/>
<Cov CovItemId="S8" Value="2"/>
<Cov CovItemId="S83" Value="1"/>
<Cov CovItemId="S84" Value="1"/>
<Cov CovItemId="S85" Value="1"/>
<Cov CovItemId="S86" Value="1"/>
<Cov CovItemId="S87" Value="1"/>
<Cov CovItemId="S88" Value="1"/>
<Cov CovItemId="S89" Value="1"/>
<Cov CovItemId="S9" Value="2"/>
<Cov CovItemId="S90" Value="1"/>
<Cov CovItemId="S91" Value="1"/>
<Cov CovItemId="S92" Value="1"/>
<Cov CovItemId="S93" Value="1"/>
<Cov CovItemId="S94" Value="4"/>
<Cov CovItemId="S95" Value="3"/>
<Cov CovItemId="S96" Value="4"/>
<Cov CovItemId="S98" Value="1"/>
<Cov CovItemId="S99" Value="2"/>
</CovPrefix>
<CovPrefix CovItemPrefix="com.OriginalFiles.Board.java">
<Cov CovItemId="B11" Value="3"/>
<Cov CovItemId="B12" Value="9"/>
<Cov CovItemId="B14" Value="12"/>
<Cov CovItemId="B15" Value="2"/>
<Cov CovItemId="B16" Value="10"/>
<Cov CovItemId="B17" Value="2"/>
<Cov CovItemId="B18" Value="8"/>
<Cov CovItemId="B20" Value="8"/>
<Cov CovItemId="B22" Value="8"/>
<Cov CovItemId="B23" Value="1"/>
<Cov CovItemId="B24" Value="7"/>
<Cov CovItemId="B25" Value="7"/>
<Cov CovItemId="B27" Value="1"/>
<Cov CovItemId="B28" Value="2"/>
<Cov CovItemId="B29" Value="1"/>
<Cov CovItemId="B31" Value="1"/>
<Cov CovItemId="B33" Value="1"/>
<Cov CovItemId="B36" Value="1"/>
<Cov CovItemId="B37" Value="1"/>
<Cov CovItemId="B39" Value="7"/>
<Cov CovItemId="B41" Value="335"/>
<Cov CovItemId="B42" Value="62"/>
<Cov CovItemId="B43" Value="4"/>
<Cov CovItemId="B44" Value="192"/>
<Cov CovItemId="B45" Value="49"/>
<Cov CovItemId="B46" Value="143"/>
<Cov CovItemId="B47" Value="45"/>
<Cov CovItemId="B48" Value="147"/>
<Cov CovItemId="B50" Value="192"/>
<Cov CovItemId="B55" Value="384"/>
<Cov CovItemId="B56" Value="398"/>
<Cov CovItemId="B57" Value="274"/>
<Cov CovItemId="B58" Value="124"/>
<Cov CovItemId="B59" Value="273"/>
<Cov CovItemId="B60" Value="1"/>
<Cov CovItemId="B61" Value="5"/>
<Cov CovItemId="B62" Value="268"/>
<Cov CovItemId="B63" Value="256"/>
<Cov CovItemId="B64" Value="256"/>
<Cov CovItemId="B65" Value="196"/>
<Cov CovItemId="B66" Value="60"/>
<Cov CovItemId="B67" Value="98"/>
<Cov CovItemId="B68" Value="98"/>
<Cov CovItemId="B79" Value="733"/>
<Cov CovItemId="B81" Value="654"/>
<Cov CovItemId="B82" Value="79"/>
<Cov CovItemId="B83" Value="218"/>
<Cov CovItemId="B84" Value="636"/>
<Cov CovItemId="B85" Value="127"/>
<Cov CovItemId="B86" Value="509"/>
<Cov CovItemId="L10-2" Value="136"/>
<Cov CovItemId="L11-2" Value="2"/>
<Cov CovItemId="L12-0" Value="2"/>
<Cov CovItemId="L12-1" Value="2"/>
<Cov CovItemId="L12-2" Value="4"/>
<Cov CovItemId="L13-2" Value="8"/>
<Cov CovItemId="L14-2" Value="64"/>
<Cov CovItemId="L9-2" Value="17"/>
<Cov CovItemId="S100" Value="1"/>
<Cov CovItemId="S102" Value="1"/>
<Cov CovItemId="S104" Value="1"/>
<Cov CovItemId="S105" Value="1"/>
<Cov CovItemId="S106" Value="1"/>
<Cov CovItemId="S107" Value="1"/>
<Cov CovItemId="S108" Value="1"/>
<Cov CovItemId="S109" Value="1"/>
<Cov CovItemId="S110" Value="2"/>
<Cov CovItemId="S111" Value="7"/>
<Cov CovItemId="S112" Value="7"/>
<Cov CovItemId="S113" Value="7"/>
<Cov CovItemId="S115" Value="397"/>
<Cov CovItemId="S116" Value="335"/>
<Cov CovItemId="S117" Value="62"/>
<Cov CovItemId="S118" Value="196"/>
<Cov CovItemId="S119" Value="196"/>
<Cov CovItemId="S120" Value="4"/>
<Cov CovItemId="S121" Value="192"/>
<Cov CovItemId="S122" Value="192"/>
<Cov CovItemId="S123" Value="192"/>
<Cov CovItemId="S124" Value="192"/>
<Cov CovItemId="S125" Value="49"/>
<Cov CovItemId="S126" Value="192"/>
<Cov CovItemId="S127" Value="45"/>
<Cov CovItemId="S128" Value="192"/>
<Cov CovItemId="S133" Value="192"/>
<Cov CovItemId="S134" Value="196"/>
<Cov CovItemId="S135" Value="782"/>
<Cov CovItemId="S136" Value="384"/>
<Cov CovItemId="S137" Value="398"/>
<Cov CovItemId="S138" Value="274"/>
<Cov CovItemId="S139" Value="273"/>
<Cov CovItemId="S140" Value="5"/>
<Cov CovItemId="S141" Value="393"/>
<Cov CovItemId="S142" Value="774"/>
<Cov CovItemId="S143" Value="8"/>
<Cov CovItemId="S144" Value="8"/>
<Cov CovItemId="S145" Value="64"/>
<Cov CovItemId="S146" Value="512"/>
<Cov CovItemId="S147" Value="256"/>
<Cov CovItemId="S148" Value="196"/>
<Cov CovItemId="S149" Value="98"/>
<Cov CovItemId="S150" Value="98"/>
<Cov CovItemId="S151" Value="8"/>
<Cov CovItemId="S176" Value="733"/>
<Cov CovItemId="S177" Value="733"/>
<Cov CovItemId="S178" Value="654"/>
<Cov CovItemId="S179" Value="79"/>
<Cov CovItemId="S180" Value="854"/>
<Cov CovItemId="S181" Value="218"/>
<Cov CovItemId="S182" Value="636"/>
<Cov CovItemId="S183" Value="127"/>
<Cov CovItemId="S184" Value="509"/>
<Cov CovItemId="S185" Value="1679"/>
<Cov CovItemId="S61" Value="17"/>
<Cov CovItemId="S62" Value="136"/>
<Cov CovItemId="S63" Value="1088"/>
<Cov CovItemId="S64" Value="2"/>
<Cov CovItemId="S65" Value="2"/>
<Cov CovItemId="S66" Value="2"/>
<Cov CovItemId="S67" Value="2"/>
<Cov CovItemId="S68" Value="8"/>
<Cov CovItemId="S69" Value="12"/>
<Cov CovItemId="S70" Value="3"/>
<Cov CovItemId="S71" Value="3"/>
<Cov CovItemId="S72" Value="3"/>
<Cov CovItemId="S73" Value="3"/>
<Cov CovItemId="S74" Value="3"/>
<Cov CovItemId="S75" Value="3"/>
<Cov CovItemId="S76" Value="8"/>
<Cov CovItemId="S77" Value="8"/>
<Cov CovItemId="S78" Value="12"/>
<Cov CovItemId="S80" Value="12"/>
<Cov CovItemId="S81" Value="2"/>
<Cov CovItemId="S82" Value="10"/>
<Cov CovItemId="S83" Value="2"/>
<Cov CovItemId="S84" Value="8"/>
<Cov CovItemId="S86" Value="8"/>
<Cov CovItemId="S88" Value="8"/>
<Cov CovItemId="S89" Value="1"/>
<Cov CovItemId="S90" Value="7"/>
<Cov CovItemId="S91" Value="7"/>
<Cov CovItemId="S93" Value="30"/>
<Cov CovItemId="S94" Value="3"/>
<Cov CovItemId="S95" Value="1"/>
<Cov CovItemId="S96" Value="1"/>
<Cov CovItemId="S97" Value="2"/>
<Cov CovItemId="S98" Value="1"/>
<Cov CovItemId="S99" Value="1"/>
</CovPrefix>
<CovPrefix CovItemPrefix="com.OriginalFiles.Field.java">
<Cov CovItemId="B1" Value="67"/>
<Cov CovItemId="B2" Value="16"/>
<Cov CovItemId="S1" Value="176"/>
<Cov CovItemId="S13" Value="129"/>
<Cov CovItemId="S2" Value="176"/>
<Cov CovItemId="S5" Value="83"/>
<Cov CovItemId="S6" Value="83"/>
<Cov CovItemId="S7" Value="67"/>
<Cov CovItemId="S8" Value="2451"/>
<Cov CovItemId="S9" Value="1600"/>
</CovPrefix>
<CovPrefix CovItemPrefix="com.OriginalFiles.Piece.java">
<Cov CovItemId="B1" Value="1"/>
<Cov CovItemId="B10" Value="26"/>
<Cov CovItemId="B11" Value="53"/>
<Cov CovItemId="B12" Value="16"/>
<Cov CovItemId="B13" Value="1"/>
<Cov CovItemId="B14" Value="52"/>
<Cov CovItemId="B15" Value="53"/>
<Cov CovItemId="B18" Value="53"/>
<Cov CovItemId="B2" Value="68"/>
<Cov CovItemId="B34" Value="53"/>
<Cov CovItemId="B35" Value="16"/>
<Cov CovItemId="B36" Value="37"/>
<Cov CovItemId="B37" Value="16"/>
<Cov CovItemId="B39" Value="1"/>
<Cov CovItemId="B4" Value="1"/>
<Cov CovItemId="B40" Value="52"/>
<Cov CovItemId="B5" Value="53"/>
<Cov CovItemId="B6" Value="16"/>
<Cov CovItemId="B9" Value="27"/>
<Cov CovItemId="S1" Value="66"/>
<Cov CovItemId="S10" Value="66"/>
<Cov CovItemId="S11" Value="66"/>
<Cov CovItemId="S12" Value="66"/>
<Cov CovItemId="S13" Value="66"/>
<Cov CovItemId="S14" Value="66"/>
<Cov CovItemId="S15" Value="66"/>
<Cov CovItemId="S16" Value="66"/>
<Cov CovItemId="S17" Value="66"/>
<Cov CovItemId="S18" Value="66"/>
<Cov CovItemId="S19" Value="66"/>
<Cov CovItemId="S2" Value="66"/>
<Cov CovItemId="S20" Value="66"/>
<Cov CovItemId="S21" Value="66"/>
<Cov CovItemId="S22" Value="1"/>
<Cov CovItemId="S24" Value="69"/>
<Cov CovItemId="S25" Value="69"/>
<Cov CovItemId="S26" Value="69"/>
<Cov CovItemId="S27" Value="1"/>
<Cov CovItemId="S29" Value="1"/>
<Cov CovItemId="S3" Value="66"/>
<Cov CovItemId="S30" Value="68"/>
<Cov CovItemId="S31" Value="69"/>
<Cov CovItemId="S32" Value="69"/>
<Cov CovItemId="S33" Value="53"/>
<Cov CovItemId="S34" Value="16"/>
<Cov CovItemId="S35" Value="16"/>
<Cov CovItemId="S39" Value="53"/>
<Cov CovItemId="S4" Value="66"/>
<Cov CovItemId="S40" Value="27"/>
<Cov CovItemId="S41" Value="26"/>
<Cov CovItemId="S42" Value="69"/>
<Cov CovItemId="S43" Value="69"/>
<Cov CovItemId="S44" Value="53"/>
<Cov CovItemId="S45" Value="53"/>
<Cov CovItemId="S46" Value="53"/>
<Cov CovItemId="S47" Value="1"/>
<Cov CovItemId="S48" Value="53"/>
<Cov CovItemId="S49" Value="53"/>
<Cov CovItemId="S5" Value="66"/>
<Cov CovItemId="S50" Value="53"/>
<Cov CovItemId="S6" Value="66"/>
<Cov CovItemId="S65" Value="53"/>
<Cov CovItemId="S67" Value="53"/>
<Cov CovItemId="S68" Value="16"/>
<Cov CovItemId="S69" Value="16"/>
<Cov CovItemId="S7" Value="66"/>
<Cov CovItemId="S70" Value="16"/>
<Cov CovItemId="S71" Value="53"/>
<Cov CovItemId="S72" Value="1"/>
<Cov CovItemId="S73" Value="53"/>
<Cov CovItemId="S8" Value="66"/>
<Cov CovItemId="S9" Value="66"/>
</CovPrefix>
<CovPrefix CovItemPrefix="com.OriginalFiles.RemoteNXTFunctions.java">
<Cov CovItemId="B10" Value="5"/>
<Cov CovItemId="B11" Value="1"/>
<Cov CovItemId="B12" Value="4"/>
<Cov CovItemId="B13" Value="2"/>
<Cov CovItemId="B14" Value="2"/>
<Cov CovItemId="B5" Value="71"/>
<Cov CovItemId="B7" Value="64"/>
<Cov CovItemId="B8" Value="7"/>
<Cov CovItemId="B9" Value="2"/>
<Cov CovItemId="S162" Value="71"/>
<Cov CovItemId="S19" Value="71"/>
<Cov CovItemId="S20" Value="71"/>
<Cov CovItemId="S21" Value="71"/>
<Cov CovItemId="S22" Value="64"/>
<Cov CovItemId="S23" Value="7"/>
<Cov CovItemId="S24" Value="2"/>
<Cov CovItemId="S25" Value="5"/>
<Cov CovItemId="S26" Value="1"/>
<Cov CovItemId="S27" Value="4"/>
<Cov CovItemId="S28" Value="2"/>
<Cov CovItemId="S29" Value="2"/>
</CovPrefix>
</CovList>
<AssgnmntList>
<AssgnmntPrefix RootTermCovItemPrefix="com.OriginalFiles.Analyze.java">
<AssgnmntListEntry Length="1" RootTermCovItemId="C1">
<MapEntry BoolAssgnmnt="0" Value="2"/>
<MapEntry BoolAssgnmnt="1" Value="2"/>
</AssgnmntListEntry>
<AssgnmntListEntry Length="1" RootTermCovItemId="C10">
<MapEntry BoolAssgnmnt="1" Value="1"/>
</AssgnmntListEntry>
<AssgnmntListEntry Length="1" RootTermCovItemId="C13">
<MapEntry BoolAssgnmnt="0" Value="1"/>
<MapEntry BoolAssgnmnt="1" Value="1"/>
</AssgnmntListEntry>
<AssgnmntListEntry Length="1" RootTermCovItemId="C14">
<MapEntry BoolAssgnmnt="0" Value="1"/>
</AssgnmntListEntry>
<AssgnmntListEntry Length="1" RootTermCovItemId="C15">
<MapEntry BoolAssgnmnt="0" Value="1"/>
</AssgnmntListEntry>
<AssgnmntListEntry Length="1" RootTermCovItemId="C16">
<MapEntry BoolAssgnmnt="1" Value="1"/>
</AssgnmntListEntry>
<AssgnmntListEntry Length="1" RootTermCovItemId="C17">
<MapEntry BoolAssgnmnt="1" Value="1"/>
</AssgnmntListEntry>
<AssgnmntListEntry Length="1" RootTermCovItemId="C18">
<MapEntry BoolAssgnmnt="0" Value="1"/>
</AssgnmntListEntry>
<AssgnmntListEntry Length="1" RootTermCovItemId="C2">
<MapEntry BoolAssgnmnt="0" Value="1"/>
</AssgnmntListEntry>
<AssgnmntListEntry Length="1" RootTermCovItemId="C20">
<MapEntry BoolAssgnmnt="1" Value="1"/>
</AssgnmntListEntry>
<AssgnmntListEntry Length="1" RootTermCovItemId="C21">
<MapEntry BoolAssgnmnt="1" Value="1"/>
</AssgnmntListEntry>
<AssgnmntListEntry Length="1" RootTermCovItemId="C27">
<MapEntry BoolAssgnmnt="1" Value="1"/>
</AssgnmntListEntry>
<AssgnmntListEntry Length="1" RootTermCovItemId="C28">
<MapEntry BoolAssgnmnt="1" Value="1"/>
</AssgnmntListEntry>
<AssgnmntListEntry Length="1" RootTermCovItemId="C29">
<MapEntry BoolAssgnmnt="1" Value="1"/>
</AssgnmntListEntry>
<AssgnmntListEntry Length="1" RootTermCovItemId="C3">
<MapEntry BoolAssgnmnt="0" Value="2"/>
</AssgnmntListEntry>
<AssgnmntListEntry Length="1" RootTermCovItemId="C30">
<MapEntry BoolAssgnmnt="1" Value="1"/>
</AssgnmntListEntry>
<AssgnmntListEntry Length="1" RootTermCovItemId="C31">
<MapEntry BoolAssgnmnt="0" Value="1"/>
<MapEntry BoolAssgnmnt="1" Value="4"/>
</AssgnmntListEntry>
<AssgnmntListEntry Length="2" RootTermCovItemId="C32">
<MapEntry BoolAssgnmnt="10" Value="1"/>
<MapEntry BoolAssgnmnt="02" Value="2"/>
<MapEntry BoolAssgnmnt="11" Value="1"/>
</AssgnmntListEntry>
<AssgnmntListEntry Length="1" RootTermCovItemId="C33">
<MapEntry BoolAssgnmnt="1" Value="4"/>
</AssgnmntListEntry>
<AssgnmntListEntry Length="1" RootTermCovItemId="C34">
<MapEntry BoolAssgnmnt="0" Value="2"/>
</AssgnmntListEntry>
<AssgnmntListEntry Length="1" RootTermCovItemId="C35">
<MapEntry BoolAssgnmnt="0" Value="2"/>
</AssgnmntListEntry>
<AssgnmntListEntry Length="1" RootTermCovItemId="C36">
<MapEntry BoolAssgnmnt="0" Value="1"/>
<MapEntry BoolAssgnmnt="1" Value="1"/>
</AssgnmntListEntry>
<AssgnmntListEntry Length="1" RootTermCovItemId="C37">
<MapEntry BoolAssgnmnt="0" Value="2"/>
</AssgnmntListEntry>
<AssgnmntListEntry Length="1" RootTermCovItemId="C38">
<MapEntry BoolAssgnmnt="0" Value="1"/>
<MapEntry BoolAssgnmnt="1" Value="1"/>
</AssgnmntListEntry>
<AssgnmntListEntry Length="1" RootTermCovItemId="C39">
<MapEntry BoolAssgnmnt="0" Value="2"/>
<MapEntry BoolAssgnmnt="1" Value="2"/>
</AssgnmntListEntry>
<AssgnmntListEntry Length="1" RootTermCovItemId="C4">
<MapEntry BoolAssgnmnt="0" Value="50"/>
<MapEntry BoolAssgnmnt="1" Value="78"/>
</AssgnmntListEntry>
<AssgnmntListEntry Length="1" RootTermCovItemId="C40">
<MapEntry BoolAssgnmnt="0" Value="1"/>
<MapEntry BoolAssgnmnt="1" Value="1"/>
</AssgnmntListEntry>
<AssgnmntListEntry Length="1" RootTermCovItemId="C41">
<MapEntry BoolAssgnmnt="1" Value="1"/>
</AssgnmntListEntry>
<AssgnmntListEntry Length="1" RootTermCovItemId="C49">
<MapEntry BoolAssgnmnt="0" Value="1"/>
</AssgnmntListEntry>
<AssgnmntListEntry Length="2" RootTermCovItemId="C5">
<MapEntry BoolAssgnmnt="10" Value="8"/>
<MapEntry BoolAssgnmnt="02" Value="34"/>
<MapEntry BoolAssgnmnt="11" Value="8"/>
</AssgnmntListEntry>
<AssgnmntListEntry Length="1" RootTermCovItemId="C56">
<MapEntry BoolAssgnmnt="0" Value="1"/>
</AssgnmntListEntry>
<AssgnmntListEntry Length="1" RootTermCovItemId="C6">
<MapEntry BoolAssgnmnt="1" Value="2"/>
</AssgnmntListEntry>
<AssgnmntListEntry Length="6" RootTermCovItemId="C66">
<MapEntry BoolAssgnmnt="110222" Value="3"/>
<MapEntry BoolAssgnmnt="022222" Value="4"/>
<MapEntry BoolAssgnmnt="111111" Value="64"/>
</AssgnmntListEntry>
<AssgnmntListEntry Length="6" RootTermCovItemId="C67">
<MapEntry BoolAssgnmnt="022222" Value="4"/>
<MapEntry BoolAssgnmnt="111111" Value="3"/>
</AssgnmntListEntry>
<AssgnmntListEntry Length="6" RootTermCovItemId="C68">
<MapEntry BoolAssgnmnt="102222" Value="4"/>
</AssgnmntListEntry>
<AssgnmntListEntry Length="6" RootTermCovItemId="C69">
<MapEntry BoolAssgnmnt="102222" Value="4"/>
</AssgnmntListEntry>
<AssgnmntListEntry Length="1" RootTermCovItemId="C7">
<MapEntry BoolAssgnmnt="0" Value="1"/>
<MapEntry BoolAssgnmnt="1" Value="2"/>
</AssgnmntListEntry>
<AssgnmntListEntry Length="1" RootTermCovItemId="C70">
<MapEntry BoolAssgnmnt="0" Value="122"/>
<MapEntry BoolAssgnmnt="1" Value="198"/>
</AssgnmntListEntry>
<AssgnmntListEntry Length="1" RootTermCovItemId="C71">
<MapEntry BoolAssgnmnt="0" Value="61"/>
<MapEntry BoolAssgnmnt="1" Value="61"/>
</AssgnmntListEntry>
<AssgnmntListEntry Length="1" RootTermCovItemId="C72">
<MapEntry BoolAssgnmnt="0" Value="44"/>
<MapEntry BoolAssgnmnt="1" Value="17"/>
</AssgnmntListEntry>
<AssgnmntListEntry Length="1" RootTermCovItemId="C73">
<MapEntry BoolAssgnmnt="0" Value="61"/>
<MapEntry BoolAssgnmnt="1" Value="61"/>
</AssgnmntListEntry>
<AssgnmntListEntry Length="1" RootTermCovItemId="C74">
<MapEntry BoolAssgnmnt="0" Value="45"/>
<MapEntry BoolAssgnmnt="1" Value="16"/>
</AssgnmntListEntry>
<AssgnmntListEntry Length="3" RootTermCovItemId="C75">
<MapEntry BoolAssgnmnt="012" Value="3"/>
<MapEntry BoolAssgnmnt="122" Value="1"/>
<MapEntry BoolAssgnmnt="001" Value="1"/>
</AssgnmntListEntry>
<AssgnmntListEntry Length="3" RootTermCovItemId="C76">
<MapEntry BoolAssgnmnt="011" Value="2"/>
<MapEntry BoolAssgnmnt="122" Value="1"/>
<MapEntry BoolAssgnmnt="002" Value="1"/>
</AssgnmntListEntry>
<AssgnmntListEntry Length="2" RootTermCovItemId="C77">
<MapEntry BoolAssgnmnt="02" Value="3"/>
</AssgnmntListEntry>
<AssgnmntListEntry Length="2" RootTermCovItemId="C8">
<MapEntry BoolAssgnmnt="02" Value="1"/>
<MapEntry BoolAssgnmnt="11" Value="1"/>
</AssgnmntListEntry>
<AssgnmntListEntry Length="1" RootTermCovItemId="C9">
<MapEntry BoolAssgnmnt="1" Value="1"/>
</AssgnmntListEntry>
</AssgnmntPrefix>
<AssgnmntPrefix RootTermCovItemPrefix="com.OriginalFiles.Board.java">
<AssgnmntListEntry Length="1" RootTermCovItemId="C14">
<MapEntry BoolAssgnmnt="0" Value="2"/>
<MapEntry BoolAssgnmnt="1" Value="8"/>
</AssgnmntListEntry>
<AssgnmntListEntry Length="1" RootTermCovItemId="C15">
<MapEntry BoolAssgnmnt="0" Value="8"/>
<MapEntry BoolAssgnmnt="1" Value="12"/>
</AssgnmntListEntry>
<AssgnmntListEntry Length="1" RootTermCovItemId="C16">
<MapEntry BoolAssgnmnt="0" Value="3"/>
<MapEntry BoolAssgnmnt="1" Value="9"/>
</AssgnmntListEntry>
<AssgnmntListEntry Length="4" RootTermCovItemId="C17">
<MapEntry BoolAssgnmnt="1122" Value="2"/>
<MapEntry BoolAssgnmnt="1010" Value="1"/>
<MapEntry BoolAssgnmnt="0222" Value="9"/>
</AssgnmntListEntry>
<AssgnmntListEntry Length="2" RootTermCovItemId="C18">
<MapEntry BoolAssgnmnt="10" Value="2"/>
<MapEntry BoolAssgnmnt="02" Value="9"/>
<MapEntry BoolAssgnmnt="11" Value="1"/>
</AssgnmntListEntry>
<AssgnmntListEntry Length="2" RootTermCovItemId="C19">
<MapEntry BoolAssgnmnt="10" Value="2"/>
<MapEntry BoolAssgnmnt="02" Value="7"/>
<MapEntry BoolAssgnmnt="11" Value="1"/>
</AssgnmntListEntry>
<AssgnmntListEntry Length="3" RootTermCovItemId="C20">
<MapEntry BoolAssgnmnt="022" Value="8"/>
</AssgnmntListEntry>
<AssgnmntListEntry Length="3" RootTermCovItemId="C21">
<MapEntry BoolAssgnmnt="022" Value="8"/>
</AssgnmntListEntry>
<AssgnmntListEntry Length="1" RootTermCovItemId="C22">
<MapEntry BoolAssgnmnt="0" Value="7"/>
<MapEntry BoolAssgnmnt="1" Value="1"/>
</AssgnmntListEntry>
<AssgnmntListEntry Length="1" RootTermCovItemId="C23">
<MapEntry BoolAssgnmnt="1" Value="7"/>
</AssgnmntListEntry>
<AssgnmntListEntry Length="1" RootTermCovItemId="C24">
<MapEntry BoolAssgnmnt="0" Value="2"/>
<MapEntry BoolAssgnmnt="1" Value="1"/>
</AssgnmntListEntry>
<AssgnmntListEntry Length="1" RootTermCovItemId="C25">
<MapEntry BoolAssgnmnt="1" Value="1"/>
</AssgnmntListEntry>
<AssgnmntListEntry Length="1" RootTermCovItemId="C26">
<MapEntry BoolAssgnmnt="0" Value="1"/>
</AssgnmntListEntry>
<AssgnmntListEntry Length="1" RootTermCovItemId="C27">
<MapEntry BoolAssgnmnt="1" Value="1"/>
</AssgnmntListEntry>
<AssgnmntListEntry Length="2" RootTermCovItemId="C28">
<MapEntry BoolAssgnmnt="02" Value="1"/>
</AssgnmntListEntry>
<AssgnmntListEntry Length="1" RootTermCovItemId="C29">
<MapEntry BoolAssgnmnt="1" Value="1"/>
</AssgnmntListEntry>
<AssgnmntListEntry Length="1" RootTermCovItemId="C30">
<MapEntry BoolAssgnmnt="1" Value="7"/>
</AssgnmntListEntry>
<AssgnmntListEntry Length="1" RootTermCovItemId="C31">
<MapEntry BoolAssgnmnt="0" Value="62"/>
<MapEntry BoolAssgnmnt="1" Value="335"/>
</AssgnmntListEntry>
<AssgnmntListEntry Length="1" RootTermCovItemId="C32">
<MapEntry BoolAssgnmnt="0" Value="192"/>
<MapEntry BoolAssgnmnt="1" Value="4"/>
</AssgnmntListEntry>
<AssgnmntListEntry Length="1" RootTermCovItemId="C33">
<MapEntry BoolAssgnmnt="0" Value="49"/>
<MapEntry BoolAssgnmnt="1" Value="143"/>
</AssgnmntListEntry>
<AssgnmntListEntry Length="1" RootTermCovItemId="C34">
<MapEntry BoolAssgnmnt="0" Value="45"/>
<MapEntry BoolAssgnmnt="1" Value="147"/>
</AssgnmntListEntry>
<AssgnmntListEntry Length="1" RootTermCovItemId="C35">
<MapEntry BoolAssgnmnt="0" Value="192"/>
</AssgnmntListEntry>
<AssgnmntListEntry Length="5" RootTermCovItemId="C38">
<MapEntry BoolAssgnmnt="02002" Value="198"/>
<MapEntry BoolAssgnmnt="10122" Value="196"/>
<MapEntry BoolAssgnmnt="11220" Value="196"/>
<MapEntry BoolAssgnmnt="02010" Value="188"/>
<MapEntry BoolAssgnmnt="02011" Value="4"/>
</AssgnmntListEntry>
<AssgnmntListEntry Length="1" RootTermCovItemId="C39">
<MapEntry BoolAssgnmnt="0" Value="124"/>
<MapEntry BoolAssgnmnt="1" Value="274"/>
</AssgnmntListEntry>
<AssgnmntListEntry Length="1" RootTermCovItemId="C40">
<MapEntry BoolAssgnmnt="0" Value="273"/>
<MapEntry BoolAssgnmnt="1" Value="1"/>
</AssgnmntListEntry>
<AssgnmntListEntry Length="2" RootTermCovItemId="C41">
<MapEntry BoolAssgnmnt="10" Value="5"/>
<MapEntry BoolAssgnmnt="02" Value="262"/>
<MapEntry BoolAssgnmnt="11" Value="6"/>
</AssgnmntListEntry>
<AssgnmntListEntry Length="1" RootTermCovItemId="C42">
<MapEntry BoolAssgnmnt="0" Value="256"/>
<MapEntry BoolAssgnmnt="1" Value="256"/>
</AssgnmntListEntry>
<AssgnmntListEntry Length="1" RootTermCovItemId="C43">
<MapEntry BoolAssgnmnt="0" Value="60"/>
<MapEntry BoolAssgnmnt="1" Value="196"/>
</AssgnmntListEntry>
<AssgnmntListEntry Length="1" RootTermCovItemId="C44">
<MapEntry BoolAssgnmnt="0" Value="98"/>
<MapEntry BoolAssgnmnt="1" Value="98"/>
</AssgnmntListEntry>
<AssgnmntListEntry Length="1" RootTermCovItemId="C53">
<MapEntry BoolAssgnmnt="1" Value="733"/>
</AssgnmntListEntry>
<AssgnmntListEntry Length="1" RootTermCovItemId="C54">
<MapEntry BoolAssgnmnt="0" Value="654"/>
<MapEntry BoolAssgnmnt="1" Value="79"/>
</AssgnmntListEntry>
<AssgnmntListEntry Length="3" RootTermCovItemId="C55">
<MapEntry BoolAssgnmnt="002" Value="425"/>
<MapEntry BoolAssgnmnt="120" Value="218"/>
<MapEntry BoolAssgnmnt="121" Value="211"/>
</AssgnmntListEntry>
<AssgnmntListEntry Length="3" RootTermCovItemId="C56">
<MapEntry BoolAssgnmnt="002" Value="211"/>
<MapEntry BoolAssgnmnt="120" Value="298"/>
<MapEntry BoolAssgnmnt="121" Value="127"/>
</AssgnmntListEntry>
</AssgnmntPrefix>
<AssgnmntPrefix RootTermCovItemPrefix="com.OriginalFiles.Field.java">
<AssgnmntListEntry Length="1" RootTermCovItemId="C1">
<MapEntry BoolAssgnmnt="0" Value="67"/>
<MapEntry BoolAssgnmnt="1" Value="16"/>
</AssgnmntListEntry>
</AssgnmntPrefix>
<AssgnmntPrefix RootTermCovItemPrefix="com.OriginalFiles.Piece.java">
<AssgnmntListEntry Length="2" RootTermCovItemId="C1">
<MapEntry BoolAssgnmnt="10" Value="52"/>
<MapEntry BoolAssgnmnt="02" Value="16"/>
<MapEntry BoolAssgnmnt="11" Value="1"/>
</AssgnmntListEntry>
<AssgnmntListEntry Length="5" RootTermCovItemId="C17">
<MapEntry BoolAssgnmnt="00210" Value="26"/>
<MapEntry BoolAssgnmnt="01002" Value="26"/>
<MapEntry BoolAssgnmnt="12222" Value="1"/>
</AssgnmntListEntry>
<AssgnmntListEntry Length="5" RootTermCovItemId="C18">
<MapEntry BoolAssgnmnt="00210" Value="18"/>
<MapEntry BoolAssgnmnt="00211" Value="8"/>
<MapEntry BoolAssgnmnt="01002" Value="18"/>
<MapEntry BoolAssgnmnt="12222" Value="1"/>
<MapEntry BoolAssgnmnt="01122" Value="8"/>
</AssgnmntListEntry>
<AssgnmntListEntry Length="1" RootTermCovItemId="C19">
<MapEntry BoolAssgnmnt="1" Value="16"/>
</AssgnmntListEntry>
<AssgnmntListEntry Length="2" RootTermCovItemId="C2">
<MapEntry BoolAssgnmnt="02" Value="1"/>
</AssgnmntListEntry>
<AssgnmntListEntry Length="1" RootTermCovItemId="C20">
<MapEntry BoolAssgnmnt="0" Value="52"/>
<MapEntry BoolAssgnmnt="1" Value="1"/>
</AssgnmntListEntry>
<AssgnmntListEntry Length="1" RootTermCovItemId="C3">
<MapEntry BoolAssgnmnt="0" Value="16"/>
<MapEntry BoolAssgnmnt="1" Value="53"/>
</AssgnmntListEntry>
<AssgnmntListEntry Length="1" RootTermCovItemId="C5">
<MapEntry BoolAssgnmnt="0" Value="26"/>
<MapEntry BoolAssgnmnt="1" Value="27"/>
</AssgnmntListEntry>
<AssgnmntListEntry Length="1" RootTermCovItemId="C6">
<MapEntry BoolAssgnmnt="0" Value="16"/>
<MapEntry BoolAssgnmnt="1" Value="53"/>
</AssgnmntListEntry>
<AssgnmntListEntry Length="1" RootTermCovItemId="C7">
<MapEntry BoolAssgnmnt="0" Value="52"/>
<MapEntry BoolAssgnmnt="1" Value="1"/>
</AssgnmntListEntry>
<AssgnmntListEntry Length="1" RootTermCovItemId="C8">
<MapEntry BoolAssgnmnt="1" Value="53"/>
</AssgnmntListEntry>
<AssgnmntListEntry Length="1" RootTermCovItemId="C9">
<MapEntry BoolAssgnmnt="0" Value="53"/>
</AssgnmntListEntry>
</AssgnmntPrefix>
<AssgnmntPrefix RootTermCovItemPrefix="com.OriginalFiles.RemoteNXTFunctions.java">
<AssgnmntListEntry Length="1" RootTermCovItemId="C5">
<MapEntry BoolAssgnmnt="1" Value="71"/>
</AssgnmntListEntry>
<AssgnmntListEntry Length="2" RootTermCovItemId="C6">
<MapEntry BoolAssgnmnt="10" Value="2"/>
<MapEntry BoolAssgnmnt="02" Value="5"/>
<MapEntry BoolAssgnmnt="11" Value="64"/>
</AssgnmntListEntry>
<AssgnmntListEntry Length="2" RootTermCovItemId="C7">
<MapEntry BoolAssgnmnt="02" Value="5"/>
<MapEntry BoolAssgnmnt="11" Value="2"/>
</AssgnmntListEntry>
<AssgnmntListEntry Length="2" RootTermCovItemId="C8">
<MapEntry BoolAssgnmnt="02" Value="4"/>
<MapEntry BoolAssgnmnt="11" Value="1"/>
</AssgnmntListEntry>
<AssgnmntListEntry Length="1" RootTermCovItemId="C9">
<MapEntry BoolAssgnmnt="0" Value="2"/>
<MapEntry BoolAssgnmnt="1" Value="2"/>
</AssgnmntListEntry>
</AssgnmntPrefix>
</AssgnmntList>
<ObjMetaDataList/>
<MetaDataList/>
</TestCase>
<TestCase Comment="" Date="1386064449170" Name="com.Testing.AnalyzeTest:testCheckMove">
<CovList>
<CovPrefix CovItemPrefix="com.OriginalFiles.Analyze.java">
<Cov CovItemId="B1" Value="95"/>
<Cov CovItemId="B10" Value="95"/>
<Cov CovItemId="B107" Value="32"/>
<Cov CovItemId="B108" Value="649"/>
<Cov CovItemId="B11" Value="95"/>
<Cov CovItemId="B110" Value="649"/>
<Cov CovItemId="B111" Value="167"/>
<Cov CovItemId="B112" Value="482"/>
<Cov CovItemId="B113" Value="4"/>
<Cov CovItemId="B114" Value="478"/>
<Cov CovItemId="B115" Value="190"/>
<Cov CovItemId="B120" Value="480"/>
<Cov CovItemId="B121" Value="11680"/>
<Cov CovItemId="B122" Value="290"/>
<Cov CovItemId="B123" Value="190"/>
<Cov CovItemId="B124" Value="290"/>
<Cov CovItemId="B126" Value="190"/>
<Cov CovItemId="B127" Value="290"/>
<Cov CovItemId="B128" Value="190"/>
<Cov CovItemId="B13" Value="123"/>
<Cov CovItemId="B131" Value="190"/>
<Cov CovItemId="B133" Value="190"/>
<Cov CovItemId="B134" Value="126"/>
<Cov CovItemId="B135" Value="64"/>
<Cov CovItemId="B136" Value="126"/>
<Cov CovItemId="B139" Value="126"/>
<Cov CovItemId="B14" Value="32"/>
<Cov CovItemId="B157" Value="252"/>
<Cov CovItemId="B16" Value="123"/>
<Cov CovItemId="B17" Value="67"/>
<Cov CovItemId="B18" Value="56"/>
<Cov CovItemId="B19" Value="28"/>
<Cov CovItemId="B20" Value="67"/>
<Cov CovItemId="B21" Value="12"/>
<Cov CovItemId="B22" Value="16"/>
<Cov CovItemId="B23" Value="12"/>
<Cov CovItemId="B24" Value="4"/>
<Cov CovItemId="B26" Value="123"/>
<Cov CovItemId="B3" Value="95"/>
<Cov CovItemId="B31" Value="67"/>
<Cov CovItemId="B32" Value="56"/>
<Cov CovItemId="B33" Value="123"/>
<Cov CovItemId="B35" Value="47"/>
<Cov CovItemId="B36" Value="76"/>
<Cov CovItemId="B37" Value="33"/>
<Cov CovItemId="B38" Value="14"/>
<Cov CovItemId="B39" Value="15"/>
<Cov CovItemId="B40" Value="61"/>
<Cov CovItemId="B41" Value="1"/>
<Cov CovItemId="B42" Value="14"/>
<Cov CovItemId="B43" Value="61"/>
<Cov CovItemId="B45" Value="15"/>
<Cov CovItemId="B46" Value="46"/>
<Cov CovItemId="B47" Value="1"/>
<Cov CovItemId="B48" Value="14"/>
<Cov CovItemId="B49" Value="46"/>
<Cov CovItemId="B5" Value="8"/>
<Cov CovItemId="B51" Value="32"/>
<Cov CovItemId="B52" Value="14"/>
<Cov CovItemId="B53" Value="123"/>
<Cov CovItemId="B55" Value="123"/>
<Cov CovItemId="B57" Value="123"/>
<Cov CovItemId="B59" Value="123"/>
<Cov CovItemId="B6" Value="87"/>
<Cov CovItemId="B61" Value="313"/>
<Cov CovItemId="B62" Value="95"/>
<Cov CovItemId="B63" Value="56"/>
<Cov CovItemId="B64" Value="352"/>
<Cov CovItemId="B7" Value="254"/>
<Cov CovItemId="B8" Value="5826"/>
<Cov CovItemId="B84" Value="67"/>
<Cov CovItemId="B9" Value="159"/>
<Cov CovItemId="B96" Value="95"/>
<Cov CovItemId="L1-2" Value="95"/>
<Cov CovItemId="L16-2" Value="190"/>
<Cov CovItemId="L17-2" Value="1520"/>
<Cov CovItemId="L2-2" Value="760"/>
<Cov CovItemId="L3-1" Value="63"/>
<Cov CovItemId="L3-2" Value="32"/>
<Cov CovItemId="L4-1" Value="14"/>
<Cov CovItemId="L4-2" Value="109"/>
<Cov CovItemId="S10" Value="95"/>
<Cov CovItemId="S11" Value="95"/>
<Cov CovItemId="S12" Value="95"/>
<Cov CovItemId="S13" Value="95"/>
<Cov CovItemId="S14" Value="95"/>
<Cov CovItemId="S149" Value="67"/>
<Cov CovItemId="S15" Value="95"/>
<Cov CovItemId="S168" Value="95"/>
<Cov CovItemId="S17" Value="95"/>
<Cov CovItemId="S18" Value="95"/>
<Cov CovItemId="S19" Value="8"/>
<Cov CovItemId="S199" Value="681"/>
<Cov CovItemId="S20" Value="8"/>
<Cov CovItemId="S200" Value="681"/>
<Cov CovItemId="S201" Value="681"/>
<Cov CovItemId="S202" Value="681"/>
<Cov CovItemId="S203" Value="681"/>
<Cov CovItemId="S204" Value="32"/>
<Cov CovItemId="S205" Value="649"/>
<Cov CovItemId="S207" Value="649"/>
<Cov CovItemId="S208" Value="167"/>
<Cov CovItemId="S209" Value="482"/>
<Cov CovItemId="S21" Value="95"/>
<Cov CovItemId="S210" Value="4"/>
<Cov CovItemId="S211" Value="478"/>
<Cov CovItemId="S212" Value="190"/>
<Cov CovItemId="S213" Value="190"/>
<Cov CovItemId="S22" Value="95"/>
<Cov CovItemId="S221" Value="190"/>
<Cov CovItemId="S222" Value="190"/>
<Cov CovItemId="S223" Value="190"/>
<Cov CovItemId="S224" Value="190"/>
<Cov CovItemId="S225" Value="190"/>
<Cov CovItemId="S226" Value="190"/>
<Cov CovItemId="S227" Value="1520"/>
<Cov CovItemId="S228" Value="12160"/>
<Cov CovItemId="S229" Value="480"/>
<Cov CovItemId="S23" Value="760"/>
<Cov CovItemId="S230" Value="290"/>
<Cov CovItemId="S231" Value="290"/>
<Cov CovItemId="S232" Value="290"/>
<Cov CovItemId="S233" Value="480"/>
<Cov CovItemId="S234" Value="190"/>
<Cov CovItemId="S235" Value="190"/>
<Cov CovItemId="S236" Value="190"/>
<Cov CovItemId="S237" Value="190"/>
<Cov CovItemId="S239" Value="190"/>
<Cov CovItemId="S24" Value="6080"/>
<Cov CovItemId="S241" Value="190"/>
<Cov CovItemId="S242" Value="126"/>
<Cov CovItemId="S243" Value="126"/>
<Cov CovItemId="S244" Value="126"/>
<Cov CovItemId="S245" Value="126"/>
<Cov CovItemId="S25" Value="254"/>
<Cov CovItemId="S250" Value="190"/>
<Cov CovItemId="S26" Value="159"/>
<Cov CovItemId="S267" Value="252"/>
<Cov CovItemId="S269" Value="252"/>
<Cov CovItemId="S27" Value="95"/>
<Cov CovItemId="S28" Value="95"/>
<Cov CovItemId="S29" Value="95"/>
<Cov CovItemId="S30" Value="95"/>
<Cov CovItemId="S31" Value="95"/>
<Cov CovItemId="S32" Value="95"/>
<Cov CovItemId="S33" Value="95"/>
<Cov CovItemId="S34" Value="155"/>
<Cov CovItemId="S35" Value="123"/>
<Cov CovItemId="S37" Value="123"/>
<Cov CovItemId="S38" Value="67"/>
<Cov CovItemId="S39" Value="28"/>
<Cov CovItemId="S40" Value="95"/>
<Cov CovItemId="S41" Value="28"/>
<Cov CovItemId="S42" Value="12"/>
<Cov CovItemId="S43" Value="12"/>
<Cov CovItemId="S44" Value="12"/>
<Cov CovItemId="S45" Value="16"/>
<Cov CovItemId="S46" Value="12"/>
<Cov CovItemId="S47" Value="12"/>
<Cov CovItemId="S48" Value="12"/>
<Cov CovItemId="S49" Value="12"/>
<Cov CovItemId="S50" Value="4"/>
<Cov CovItemId="S51" Value="123"/>
<Cov CovItemId="S52" Value="123"/>
<Cov CovItemId="S57" Value="123"/>
<Cov CovItemId="S58" Value="67"/>
<Cov CovItemId="S59" Value="123"/>
<Cov CovItemId="S6" Value="95"/>
<Cov CovItemId="S60" Value="123"/>
<Cov CovItemId="S61" Value="123"/>
<Cov CovItemId="S62" Value="47"/>
<Cov CovItemId="S63" Value="33"/>
<Cov CovItemId="S64" Value="33"/>
<Cov CovItemId="S65" Value="14"/>
<Cov CovItemId="S66" Value="76"/>
<Cov CovItemId="S67" Value="15"/>
<Cov CovItemId="S68" Value="1"/>
<Cov CovItemId="S69" Value="1"/>
<Cov CovItemId="S7" Value="95"/>
<Cov CovItemId="S70" Value="14"/>
<Cov CovItemId="S71" Value="61"/>
<Cov CovItemId="S72" Value="61"/>
<Cov CovItemId="S73" Value="15"/>
<Cov CovItemId="S74" Value="1"/>
<Cov CovItemId="S75" Value="1"/>
<Cov CovItemId="S76" Value="14"/>
<Cov CovItemId="S77" Value="46"/>
<Cov CovItemId="S78" Value="46"/>
<Cov CovItemId="S79" Value="32"/>
<Cov CovItemId="S8" Value="95"/>
<Cov CovItemId="S80" Value="32"/>
<Cov CovItemId="S81" Value="14"/>
<Cov CovItemId="S83" Value="123"/>
<Cov CovItemId="S84" Value="123"/>
<Cov CovItemId="S85" Value="123"/>
<Cov CovItemId="S86" Value="123"/>
<Cov CovItemId="S87" Value="123"/>
<Cov CovItemId="S88" Value="123"/>
<Cov CovItemId="S89" Value="123"/>
<Cov CovItemId="S9" Value="95"/>
<Cov CovItemId="S90" Value="123"/>
<Cov CovItemId="S91" Value="123"/>
<Cov CovItemId="S92" Value="123"/>
<Cov CovItemId="S93" Value="123"/>
<Cov CovItemId="S94" Value="408"/>
<Cov CovItemId="S95" Value="313"/>
<Cov CovItemId="S96" Value="408"/>
<Cov CovItemId="S97" Value="56"/>
<Cov CovItemId="S98" Value="67"/>
</CovPrefix>
<CovPrefix CovItemPrefix="com.OriginalFiles.Board.java">
<Cov CovItemId="B12" Value="96"/>
<Cov CovItemId="B14" Value="96"/>
<Cov CovItemId="B16" Value="96"/>
<Cov CovItemId="B18" Value="96"/>
<Cov CovItemId="B20" Value="96"/>
<Cov CovItemId="B22" Value="96"/>
<Cov CovItemId="B24" Value="96"/>
<Cov CovItemId="B25" Value="96"/>
<Cov CovItemId="B27" Value="60"/>
<Cov CovItemId="B28" Value="253"/>
<Cov CovItemId="B29" Value="60"/>
<Cov CovItemId="B31" Value="67"/>
<Cov CovItemId="B33" Value="67"/>
<Cov CovItemId="B36" Value="67"/>
<Cov CovItemId="B37" Value="67"/>
<Cov CovItemId="B39" Value="521"/>
<Cov CovItemId="B41" Value="3930"/>
<Cov CovItemId="B42" Value="264"/>
<Cov CovItemId="B44" Value="972"/>
<Cov CovItemId="B45" Value="968"/>
<Cov CovItemId="B46" Value="4"/>
<Cov CovItemId="B47" Value="968"/>
<Cov CovItemId="B48" Value="4"/>
<Cov CovItemId="B49" Value="972"/>
<Cov CovItemId="B51" Value="836"/>
<Cov CovItemId="B52" Value="136"/>
<Cov CovItemId="B53" Value="836"/>
<Cov CovItemId="B54" Value="136"/>
<Cov CovItemId="B56" Value="3888"/>
<Cov CovItemId="B57" Value="2968"/>
<Cov CovItemId="B58" Value="920"/>
<Cov CovItemId="B59" Value="2968"/>
<Cov CovItemId="B62" Value="2968"/>
<Cov CovItemId="B63" Value="12288"/>
<Cov CovItemId="B64" Value="12288"/>
<Cov CovItemId="B65" Value="972"/>
<Cov CovItemId="B66" Value="11316"/>
<Cov CovItemId="B67" Value="384"/>
<Cov CovItemId="B68" Value="588"/>
<Cov CovItemId="B71" Value="16"/>
<Cov CovItemId="B72" Value="16"/>
<Cov CovItemId="B73" Value="64"/>
<Cov CovItemId="B74" Value="64"/>
<Cov CovItemId="B75" Value="64"/>
<Cov CovItemId="B76" Value="64"/>
<Cov CovItemId="B77" Value="116"/>
<Cov CovItemId="B78" Value="12"/>
<Cov CovItemId="B79" Value="5534"/>
<Cov CovItemId="B81" Value="2329"/>
<Cov CovItemId="B82" Value="3205"/>
<Cov CovItemId="B83" Value="630"/>
<Cov CovItemId="B84" Value="1983"/>
<Cov CovItemId="B85" Value="664"/>
<Cov CovItemId="B86" Value="1319"/>
<Cov CovItemId="L10-2" Value="6144"/>
<Cov CovItemId="L11-1" Value="63"/>
<Cov CovItemId="L11-2" Value="32"/>
<Cov CovItemId="L12-0" Value="95"/>
<Cov CovItemId="L12-1" Value="32"/>
<Cov CovItemId="L12-2" Value="32"/>
<Cov CovItemId="L13-2" Value="384"/>
<Cov CovItemId="L14-2" Value="3072"/>
<Cov CovItemId="L15-2" Value="4"/>
<Cov CovItemId="L16-2" Value="16"/>
<Cov CovItemId="L17-2" Value="16"/>
<Cov CovItemId="L9-2" Value="768"/>
<Cov CovItemId="S100" Value="67"/>
<Cov CovItemId="S102" Value="67"/>
<Cov CovItemId="S104" Value="67"/>
<Cov CovItemId="S105" Value="67"/>
<Cov CovItemId="S106" Value="67"/>
<Cov CovItemId="S107" Value="67"/>
<Cov CovItemId="S108" Value="67"/>
<Cov CovItemId="S109" Value="67"/>
<Cov CovItemId="S110" Value="306"/>
<Cov CovItemId="S111" Value="521"/>
<Cov CovItemId="S112" Value="521"/>
<Cov CovItemId="S113" Value="521"/>
<Cov CovItemId="S115" Value="4194"/>
<Cov CovItemId="S116" Value="3930"/>
<Cov CovItemId="S117" Value="264"/>
<Cov CovItemId="S118" Value="972"/>
<Cov CovItemId="S119" Value="972"/>
<Cov CovItemId="S121" Value="972"/>
<Cov CovItemId="S122" Value="972"/>
<Cov CovItemId="S123" Value="972"/>
<Cov CovItemId="S124" Value="972"/>
<Cov CovItemId="S125" Value="968"/>
<Cov CovItemId="S126" Value="972"/>
<Cov CovItemId="S127" Value="968"/>
<Cov CovItemId="S128" Value="972"/>
<Cov CovItemId="S129" Value="972"/>
<Cov CovItemId="S130" Value="836"/>
<Cov CovItemId="S131" Value="972"/>
<Cov CovItemId="S132" Value="836"/>
<Cov CovItemId="S133" Value="972"/>
<Cov CovItemId="S134" Value="972"/>
<Cov CovItemId="S135" Value="3888"/>
<Cov CovItemId="S137" Value="3888"/>
<Cov CovItemId="S138" Value="2968"/>
<Cov CovItemId="S139" Value="2968"/>
<Cov CovItemId="S141" Value="3888"/>
<Cov CovItemId="S142" Value="3888"/>
<Cov CovItemId="S143" Value="384"/>
<Cov CovItemId="S144" Value="384"/>
<Cov CovItemId="S145" Value="3072"/>
<Cov CovItemId="S146" Value="24576"/>
<Cov CovItemId="S147" Value="12288"/>
<Cov CovItemId="S148" Value="972"/>
<Cov CovItemId="S149" Value="384"/>
<Cov CovItemId="S150" Value="588"/>
<Cov CovItemId="S151" Value="384"/>
<Cov CovItemId="S157" Value="4"/>
<Cov CovItemId="S158" Value="4"/>
<Cov CovItemId="S159" Value="32"/>
<Cov CovItemId="S160" Value="16"/>
<Cov CovItemId="S161" Value="128"/>
<Cov CovItemId="S162" Value="64"/>
<Cov CovItemId="S163" Value="16"/>
<Cov CovItemId="S164" Value="16"/>
<Cov CovItemId="S165" Value="128"/>
<Cov CovItemId="S166" Value="64"/>
<Cov CovItemId="S167" Value="16"/>
<Cov CovItemId="S168" Value="4"/>
<Cov CovItemId="S169" Value="128"/>
<Cov CovItemId="S170" Value="128"/>
<Cov CovItemId="S171" Value="116"/>
<Cov CovItemId="S172" Value="12"/>
<Cov CovItemId="S173" Value="12"/>
<Cov CovItemId="S174" Value="12"/>
<Cov CovItemId="S175" Value="12"/>
<Cov CovItemId="S176" Value="5534"/>
<Cov CovItemId="S177" Value="5534"/>
<Cov CovItemId="S178" Value="2329"/>
<Cov CovItemId="S179" Value="3205"/>
<Cov CovItemId="S180" Value="2613"/>
<Cov CovItemId="S181" Value="630"/>
<Cov CovItemId="S182" Value="1983"/>
<Cov CovItemId="S183" Value="664"/>
<Cov CovItemId="S184" Value="1319"/>
<Cov CovItemId="S185" Value="15233"/>
<Cov CovItemId="S61" Value="768"/>
<Cov CovItemId="S62" Value="6144"/>
<Cov CovItemId="S63" Value="49152"/>
<Cov CovItemId="S64" Value="95"/>
<Cov CovItemId="S65" Value="95"/>
<Cov CovItemId="S66" Value="95"/>
<Cov CovItemId="S67" Value="95"/>
<Cov CovItemId="S68" Value="159"/>
<Cov CovItemId="S69" Value="96"/>
<Cov CovItemId="S76" Value="159"/>
<Cov CovItemId="S77" Value="159"/>
<Cov CovItemId="S78" Value="96"/>
<Cov CovItemId="S80" Value="96"/>
<Cov CovItemId="S82" Value="96"/>
<Cov CovItemId="S84" Value="96"/>
<Cov CovItemId="S86" Value="96"/>
<Cov CovItemId="S88" Value="96"/>
<Cov CovItemId="S90" Value="96"/>
<Cov CovItemId="S91" Value="96"/>
<Cov CovItemId="S93" Value="384"/>
<Cov CovItemId="S94" Value="313"/>
<Cov CovItemId="S95" Value="60"/>
<Cov CovItemId="S96" Value="60"/>
<Cov CovItemId="S97" Value="253"/>
<Cov CovItemId="S98" Value="67"/>
<Cov CovItemId="S99" Value="67"/>
</CovPrefix>
<CovPrefix CovItemPrefix="com.OriginalFiles.Field.java">
<Cov CovItemId="B1" Value="159"/>
<Cov CovItemId="B2" Value="124"/>
<Cov CovItemId="S1" Value="88"/>
<Cov CovItemId="S13" Value="1155"/>
<Cov CovItemId="S2" Value="88"/>
<Cov CovItemId="S5" Value="283"/>
<Cov CovItemId="S6" Value="283"/>
<Cov CovItemId="S7" Value="159"/>
<Cov CovItemId="S8" Value="21812"/>
<Cov CovItemId="S9" Value="28054"/>
</CovPrefix>
<CovPrefix CovItemPrefix="com.OriginalFiles.Piece.java">
<Cov CovItemId="B1" Value="127"/>
<Cov CovItemId="B10" Value="120"/>
<Cov CovItemId="B11" Value="199"/>
<Cov CovItemId="B12" Value="8"/>
<Cov CovItemId="B13" Value="127"/>
<Cov CovItemId="B14" Value="72"/>
<Cov CovItemId="B15" Value="199"/>
<Cov CovItemId="B18" Value="199"/>
<Cov CovItemId="B2" Value="80"/>
<Cov CovItemId="B3" Value="55"/>
<Cov CovItemId="B34" Value="199"/>
<Cov CovItemId="B35" Value="16"/>
<Cov CovItemId="B36" Value="183"/>
<Cov CovItemId="B37" Value="16"/>
<Cov CovItemId="B39" Value="127"/>
<Cov CovItemId="B4" Value="72"/>
<Cov CovItemId="B40" Value="72"/>
<Cov CovItemId="B5" Value="199"/>
<Cov CovItemId="B6" Value="8"/>
<Cov CovItemId="B9" Value="79"/>
<Cov CovItemId="S1" Value="92"/>
<Cov CovItemId="S10" Value="92"/>
<Cov CovItemId="S11" Value="92"/>
<Cov CovItemId="S12" Value="92"/>
<Cov CovItemId="S13" Value="92"/>
<Cov CovItemId="S14" Value="92"/>
<Cov CovItemId="S15" Value="92"/>
<Cov CovItemId="S16" Value="92"/>
<Cov CovItemId="S17" Value="92"/>
<Cov CovItemId="S18" Value="92"/>
<Cov CovItemId="S19" Value="92"/>
<Cov CovItemId="S2" Value="92"/>
<Cov CovItemId="S20" Value="92"/>
<Cov CovItemId="S21" Value="92"/>
<Cov CovItemId="S23" Value="1008"/>
<Cov CovItemId="S24" Value="207"/>
<Cov CovItemId="S25" Value="207"/>
<Cov CovItemId="S26" Value="207"/>
<Cov CovItemId="S27" Value="127"/>
<Cov CovItemId="S28" Value="55"/>
<Cov CovItemId="S29" Value="127"/>
<Cov CovItemId="S3" Value="92"/>
<Cov CovItemId="S30" Value="80"/>
<Cov CovItemId="S31" Value="207"/>
<Cov CovItemId="S32" Value="207"/>
<Cov CovItemId="S33" Value="199"/>
<Cov CovItemId="S34" Value="8"/>
<Cov CovItemId="S35" Value="8"/>
<Cov CovItemId="S39" Value="199"/>
<Cov CovItemId="S4" Value="92"/>
<Cov CovItemId="S40" Value="79"/>
<Cov CovItemId="S41" Value="120"/>
<Cov CovItemId="S42" Value="207"/>
<Cov CovItemId="S43" Value="207"/>
<Cov CovItemId="S44" Value="199"/>
<Cov CovItemId="S45" Value="199"/>
<Cov CovItemId="S46" Value="199"/>
<Cov CovItemId="S47" Value="127"/>
<Cov CovItemId="S48" Value="199"/>
<Cov CovItemId="S49" Value="199"/>
<Cov CovItemId="S5" Value="92"/>
<Cov CovItemId="S50" Value="199"/>
<Cov CovItemId="S6" Value="92"/>
<Cov CovItemId="S65" Value="199"/>
<Cov CovItemId="S67" Value="199"/>
<Cov CovItemId="S68" Value="16"/>
<Cov CovItemId="S69" Value="16"/>
<Cov CovItemId="S7" Value="92"/>
<Cov CovItemId="S70" Value="16"/>
<Cov CovItemId="S71" Value="199"/>
<Cov CovItemId="S72" Value="127"/>
<Cov CovItemId="S73" Value="199"/>
<Cov CovItemId="S8" Value="92"/>
<Cov CovItemId="S9" Value="92"/>
</CovPrefix>
<CovPrefix CovItemPrefix="com.OriginalFiles.RemoteNXTFunctions.java">
<Cov CovItemId="B100" Value="64"/>
<Cov CovItemId="B101" Value="9"/>
<Cov CovItemId="B102" Value="55"/>
<Cov CovItemId="B103" Value="95"/>
<Cov CovItemId="B104" Value="423"/>
<Cov CovItemId="B105" Value="15"/>
<Cov CovItemId="B106" Value="80"/>
<Cov CovItemId="B107" Value="15"/>
<Cov CovItemId="B108" Value="65"/>
<Cov CovItemId="B109" Value="15"/>
<Cov CovItemId="B110" Value="50"/>
<Cov CovItemId="B111" Value="9"/>
<Cov CovItemId="B112" Value="41"/>
<Cov CovItemId="B113" Value="109"/>
<Cov CovItemId="B114" Value="314"/>
<Cov CovItemId="B115" Value="15"/>
<Cov CovItemId="B116" Value="94"/>
<Cov CovItemId="B117" Value="15"/>
<Cov CovItemId="B118" Value="79"/>
<Cov CovItemId="B119" Value="15"/>
<Cov CovItemId="B120" Value="64"/>
<Cov CovItemId="B121" Value="9"/>
<Cov CovItemId="B122" Value="55"/>
<Cov CovItemId="B123" Value="95"/>
<Cov CovItemId="B124" Value="219"/>
<Cov CovItemId="B125" Value="15"/>
<Cov CovItemId="B126" Value="80"/>
<Cov CovItemId="B127" Value="15"/>
<Cov CovItemId="B128" Value="65"/>
<Cov CovItemId="B129" Value="15"/>
<Cov CovItemId="B130" Value="50"/>
<Cov CovItemId="B131" Value="9"/>
<Cov CovItemId="B132" Value="41"/>
<Cov CovItemId="B134" Value="219"/>
<Cov CovItemId="B142" Value="219"/>
<Cov CovItemId="B15" Value="64"/>
<Cov CovItemId="B16" Value="585"/>
<Cov CovItemId="B17" Value="32"/>
<Cov CovItemId="B18" Value="32"/>
<Cov CovItemId="B19" Value="32"/>
<Cov CovItemId="B23" Value="155"/>
<Cov CovItemId="B24" Value="494"/>
<Cov CovItemId="B25" Value="31"/>
<Cov CovItemId="B26" Value="124"/>
<Cov CovItemId="B27" Value="31"/>
<Cov CovItemId="B28" Value="93"/>
<Cov CovItemId="B30" Value="93"/>
<Cov CovItemId="B32" Value="649"/>
<Cov CovItemId="B40" Value="649"/>
<Cov CovItemId="B5" Value="32"/>
<Cov CovItemId="B50" Value="649"/>
<Cov CovItemId="B56" Value="649"/>
<Cov CovItemId="B6" Value="649"/>
<Cov CovItemId="B61" Value="5"/>
<Cov CovItemId="B62" Value="644"/>
<Cov CovItemId="B63" Value="1"/>
<Cov CovItemId="B64" Value="4"/>
<Cov CovItemId="B65" Value="1"/>
<Cov CovItemId="B66" Value="3"/>
<Cov CovItemId="B67" Value="2"/>
<Cov CovItemId="B68" Value="1"/>
<Cov CovItemId="B69" Value="4"/>
<Cov CovItemId="B7" Value="32"/>
<Cov CovItemId="B70" Value="640"/>
<Cov CovItemId="B71" Value="1"/>
<Cov CovItemId="B72" Value="3"/>
<Cov CovItemId="B73" Value="1"/>
<Cov CovItemId="B74" Value="2"/>
<Cov CovItemId="B75" Value="2"/>
<Cov CovItemId="B77" Value="7"/>
<Cov CovItemId="B78" Value="633"/>
<Cov CovItemId="B79" Value="1"/>
<Cov CovItemId="B80" Value="6"/>
<Cov CovItemId="B81" Value="1"/>
<Cov CovItemId="B82" Value="5"/>
<Cov CovItemId="B83" Value="2"/>
<Cov CovItemId="B84" Value="3"/>
<Cov CovItemId="B85" Value="6"/>
<Cov CovItemId="B86" Value="627"/>
<Cov CovItemId="B87" Value="1"/>
<Cov CovItemId="B88" Value="5"/>
<Cov CovItemId="B89" Value="1"/>
<Cov CovItemId="B90" Value="4"/>
<Cov CovItemId="B91" Value="2"/>
<Cov CovItemId="B92" Value="2"/>
<Cov CovItemId="B93" Value="109"/>
<Cov CovItemId="B94" Value="518"/>
<Cov CovItemId="B95" Value="15"/>
<Cov CovItemId="B96" Value="94"/>
<Cov CovItemId="B97" Value="15"/>
<Cov CovItemId="B98" Value="79"/>
<Cov CovItemId="B99" Value="15"/>
<Cov CovItemId="S100" Value="633"/>
<Cov CovItemId="S101" Value="6"/>
<Cov CovItemId="S102" Value="1"/>
<Cov CovItemId="S103" Value="5"/>
<Cov CovItemId="S104" Value="1"/>
<Cov CovItemId="S105" Value="4"/>
<Cov CovItemId="S106" Value="2"/>
<Cov CovItemId="S107" Value="2"/>
<Cov CovItemId="S108" Value="627"/>
<Cov CovItemId="S109" Value="109"/>
<Cov CovItemId="S110" Value="15"/>
<Cov CovItemId="S111" Value="94"/>
<Cov CovItemId="S112" Value="15"/>
<Cov CovItemId="S113" Value="79"/>
<Cov CovItemId="S114" Value="15"/>
<Cov CovItemId="S115" Value="64"/>
<Cov CovItemId="S116" Value="9"/>
<Cov CovItemId="S117" Value="55"/>
<Cov CovItemId="S118" Value="518"/>
<Cov CovItemId="S119" Value="95"/>
<Cov CovItemId="S120" Value="15"/>
<Cov CovItemId="S121" Value="80"/>
<Cov CovItemId="S122" Value="15"/>
<Cov CovItemId="S123" Value="65"/>
<Cov CovItemId="S124" Value="15"/>
<Cov CovItemId="S125" Value="50"/>
<Cov CovItemId="S126" Value="9"/>
<Cov CovItemId="S127" Value="41"/>
<Cov CovItemId="S128" Value="423"/>
<Cov CovItemId="S129" Value="109"/>
<Cov CovItemId="S130" Value="15"/>
<Cov CovItemId="S131" Value="94"/>
<Cov CovItemId="S132" Value="15"/>
<Cov CovItemId="S133" Value="79"/>
<Cov CovItemId="S134" Value="15"/>
<Cov CovItemId="S135" Value="64"/>
<Cov CovItemId="S136" Value="9"/>
<Cov CovItemId="S137" Value="55"/>
<Cov CovItemId="S138" Value="314"/>
<Cov CovItemId="S139" Value="95"/>
<Cov CovItemId="S140" Value="15"/>
<Cov CovItemId="S141" Value="80"/>
<Cov CovItemId="S142" Value="15"/>
<Cov CovItemId="S143" Value="65"/>
<Cov CovItemId="S144" Value="15"/>
<Cov CovItemId="S145" Value="50"/>
<Cov CovItemId="S146" Value="9"/>
<Cov CovItemId="S147" Value="41"/>
<Cov CovItemId="S148" Value="219"/>
<Cov CovItemId="S156" Value="219"/>
<Cov CovItemId="S162" Value="681"/>
<Cov CovItemId="S19" Value="681"/>
<Cov CovItemId="S20" Value="681"/>
<Cov CovItemId="S21" Value="32"/>
<Cov CovItemId="S22" Value="32"/>
<Cov CovItemId="S30" Value="649"/>
<Cov CovItemId="S31" Value="64"/>
<Cov CovItemId="S32" Value="32"/>
<Cov CovItemId="S33" Value="32"/>
<Cov CovItemId="S34" Value="32"/>
<Cov CovItemId="S38" Value="649"/>
<Cov CovItemId="S39" Value="155"/>
<Cov CovItemId="S4" Value="20"/>
<Cov CovItemId="S40" Value="31"/>
<Cov CovItemId="S41" Value="124"/>
<Cov CovItemId="S42" Value="31"/>
<Cov CovItemId="S43" Value="93"/>
<Cov CovItemId="S45" Value="93"/>
<Cov CovItemId="S46" Value="649"/>
<Cov CovItemId="S54" Value="649"/>
<Cov CovItemId="S64" Value="649"/>
<Cov CovItemId="S70" Value="649"/>
<Cov CovItemId="S76" Value="649"/>
<Cov CovItemId="S77" Value="5"/>
<Cov CovItemId="S78" Value="1"/>
<Cov CovItemId="S79" Value="4"/>
<Cov CovItemId="S80" Value="1"/>
<Cov CovItemId="S81" Value="3"/>
<Cov CovItemId="S82" Value="2"/>
<Cov CovItemId="S83" Value="1"/>
<Cov CovItemId="S84" Value="644"/>
<Cov CovItemId="S85" Value="4"/>
<Cov CovItemId="S86" Value="1"/>
<Cov CovItemId="S87" Value="3"/>
<Cov CovItemId="S88" Value="1"/>
<Cov CovItemId="S89" Value="2"/>
<Cov CovItemId="S90" Value="2"/>
<Cov CovItemId="S92" Value="640"/>
<Cov CovItemId="S93" Value="7"/>
<Cov CovItemId="S94" Value="1"/>
<Cov CovItemId="S95" Value="6"/>
<Cov CovItemId="S96" Value="1"/>
<Cov CovItemId="S97" Value="5"/>
<Cov CovItemId="S98" Value="2"/>
<Cov CovItemId="S99" Value="3"/>
</CovPrefix>
</CovList>
<AssgnmntList>
<AssgnmntPrefix RootTermCovItemPrefix="com.OriginalFiles.Analyze.java">
<AssgnmntListEntry Length="1" RootTermCovItemId="C1">
<MapEntry BoolAssgnmnt="0" Value="95"/>
</AssgnmntListEntry>
<AssgnmntListEntry Length="1" RootTermCovItemId="C10">
<MapEntry BoolAssgnmnt="0" Value="28"/>
<MapEntry BoolAssgnmnt="1" Value="67"/>
</AssgnmntListEntry>
<AssgnmntListEntry Length="1" RootTermCovItemId="C11">
<MapEntry BoolAssgnmnt="0" Value="16"/>
<MapEntry BoolAssgnmnt="1" Value="12"/>
</AssgnmntListEntry>
<AssgnmntListEntry Length="1" RootTermCovItemId="C12">
<MapEntry BoolAssgnmnt="0" Value="4"/>
<MapEntry BoolAssgnmnt="1" Value="12"/>
</AssgnmntListEntry>
<AssgnmntListEntry Length="1" RootTermCovItemId="C13">
<MapEntry BoolAssgnmnt="0" Value="123"/>
</AssgnmntListEntry>
<AssgnmntListEntry Length="1" RootTermCovItemId="C16">
<MapEntry BoolAssgnmnt="0" Value="56"/>
<MapEntry BoolAssgnmnt="1" Value="67"/>
</AssgnmntListEntry>
<AssgnmntListEntry Length="1" RootTermCovItemId="C17">
<MapEntry BoolAssgnmnt="1" Value="123"/>
</AssgnmntListEntry>
<AssgnmntListEntry Length="1" RootTermCovItemId="C18">
<MapEntry BoolAssgnmnt="0" Value="76"/>
<MapEntry BoolAssgnmnt="1" Value="47"/>
</AssgnmntListEntry>
<AssgnmntListEntry Length="1" RootTermCovItemId="C19">
<MapEntry BoolAssgnmnt="0" Value="14"/>
<MapEntry BoolAssgnmnt="1" Value="33"/>
</AssgnmntListEntry>
<AssgnmntListEntry Length="1" RootTermCovItemId="C2">
<MapEntry BoolAssgnmnt="0" Value="95"/>
</AssgnmntListEntry>
<AssgnmntListEntry Length="1" RootTermCovItemId="C20">
<MapEntry BoolAssgnmnt="0" Value="61"/>
<MapEntry BoolAssgnmnt="1" Value="15"/>
</AssgnmntListEntry>
<AssgnmntListEntry Length="1" RootTermCovItemId="C21">
<MapEntry BoolAssgnmnt="0" Value="14"/>
<MapEntry BoolAssgnmnt="1" Value="1"/>
</AssgnmntListEntry>
<AssgnmntListEntry Length="1" RootTermCovItemId="C22">
<MapEntry BoolAssgnmnt="1" Value="61"/>
</AssgnmntListEntry>
<AssgnmntListEntry Length="1" RootTermCovItemId="C23">
<MapEntry BoolAssgnmnt="0" Value="46"/>
<MapEntry BoolAssgnmnt="1" Value="15"/>
</AssgnmntListEntry>
<AssgnmntListEntry Length="1" RootTermCovItemId="C24">
<MapEntry BoolAssgnmnt="0" Value="14"/>
<MapEntry BoolAssgnmnt="1" Value="1"/>
</AssgnmntListEntry>
<AssgnmntListEntry Length="1" RootTermCovItemId="C25">
<MapEntry BoolAssgnmnt="1" Value="46"/>
</AssgnmntListEntry>
<AssgnmntListEntry Length="1" RootTermCovItemId="C26">
<MapEntry BoolAssgnmnt="0" Value="14"/>
<MapEntry BoolAssgnmnt="1" Value="32"/>
</AssgnmntListEntry>
<AssgnmntListEntry Length="1" RootTermCovItemId="C27">
<MapEntry BoolAssgnmnt="1" Value="123"/>
</AssgnmntListEntry>
<AssgnmntListEntry Length="1" RootTermCovItemId="C28">
<MapEntry BoolAssgnmnt="1" Value="123"/>
</AssgnmntListEntry>
<AssgnmntListEntry Length="1" RootTermCovItemId="C29">
<MapEntry BoolAssgnmnt="1" Value="123"/>
</AssgnmntListEntry>
<AssgnmntListEntry Length="1" RootTermCovItemId="C3">
<MapEntry BoolAssgnmnt="0" Value="87"/>
<MapEntry BoolAssgnmnt="1" Value="8"/>
</AssgnmntListEntry>
<AssgnmntListEntry Length="1" RootTermCovItemId="C30">
<MapEntry BoolAssgnmnt="1" Value="123"/>
</AssgnmntListEntry>
<AssgnmntListEntry Length="1" RootTermCovItemId="C31">
<MapEntry BoolAssgnmnt="0" Value="67"/>
<MapEntry BoolAssgnmnt="1" Value="408"/>
</AssgnmntListEntry>
<AssgnmntListEntry Length="2" RootTermCovItemId="C32">
<MapEntry BoolAssgnmnt="10" Value="123"/>
<MapEntry BoolAssgnmnt="02" Value="190"/>
<MapEntry BoolAssgnmnt="11" Value="95"/>
</AssgnmntListEntry>
<AssgnmntListEntry Length="1" RootTermCovItemId="C33">
<MapEntry BoolAssgnmnt="0" Value="56"/>
<MapEntry BoolAssgnmnt="1" Value="352"/>
</AssgnmntListEntry>
<AssgnmntListEntry Length="1" RootTermCovItemId="C4">
<MapEntry BoolAssgnmnt="0" Value="254"/>
<MapEntry BoolAssgnmnt="1" Value="5826"/>
</AssgnmntListEntry>
<AssgnmntListEntry Length="1" RootTermCovItemId="C49">
<MapEntry BoolAssgnmnt="0" Value="67"/>
</AssgnmntListEntry>
<AssgnmntListEntry Length="2" RootTermCovItemId="C5">
<MapEntry BoolAssgnmnt="10" Value="95"/>
<MapEntry BoolAssgnmnt="11" Value="159"/>
</AssgnmntListEntry>
<AssgnmntListEntry Length="1" RootTermCovItemId="C56">
<MapEntry BoolAssgnmnt="0" Value="95"/>
</AssgnmntListEntry>
<AssgnmntListEntry Length="1" RootTermCovItemId="C6">
<MapEntry BoolAssgnmnt="1" Value="95"/>
</AssgnmntListEntry>
<AssgnmntListEntry Length="6" RootTermCovItemId="C66">
<MapEntry BoolAssgnmnt="022222" Value="649"/>
<MapEntry BoolAssgnmnt="111111" Value="32"/>
</AssgnmntListEntry>
<AssgnmntListEntry Length="6" RootTermCovItemId="C67">
<MapEntry BoolAssgnmnt="022222" Value="649"/>
</AssgnmntListEntry>
<AssgnmntListEntry Length="6" RootTermCovItemId="C68">
<MapEntry BoolAssgnmnt="102222" Value="482"/>
<MapEntry BoolAssgnmnt="111111" Value="167"/>
</AssgnmntListEntry>
<AssgnmntListEntry Length="6" RootTermCovItemId="C69">
<MapEntry BoolAssgnmnt="102222" Value="478"/>
<MapEntry BoolAssgnmnt="111111" Value="4"/>
</AssgnmntListEntry>
<AssgnmntListEntry Length="1" RootTermCovItemId="C7">
<MapEntry BoolAssgnmnt="0" Value="32"/>
<MapEntry BoolAssgnmnt="1" Value="123"/>
</AssgnmntListEntry>
<AssgnmntListEntry Length="1" RootTermCovItemId="C70">
<MapEntry BoolAssgnmnt="0" Value="480"/>
<MapEntry BoolAssgnmnt="1" Value="11680"/>
</AssgnmntListEntry>
<AssgnmntListEntry Length="1" RootTermCovItemId="C71">
<MapEntry BoolAssgnmnt="0" Value="190"/>
<MapEntry BoolAssgnmnt="1" Value="290"/>
</AssgnmntListEntry>
<AssgnmntListEntry Length="1" RootTermCovItemId="C72">
<MapEntry BoolAssgnmnt="1" Value="290"/>
</AssgnmntListEntry>
<AssgnmntListEntry Length="1" RootTermCovItemId="C73">
<MapEntry BoolAssgnmnt="0" Value="290"/>
<MapEntry BoolAssgnmnt="1" Value="190"/>
</AssgnmntListEntry>
<AssgnmntListEntry Length="1" RootTermCovItemId="C74">
<MapEntry BoolAssgnmnt="1" Value="190"/>
</AssgnmntListEntry>
<AssgnmntListEntry Length="3" RootTermCovItemId="C75">
<MapEntry BoolAssgnmnt="012" Value="95"/>
<MapEntry BoolAssgnmnt="001" Value="95"/>
</AssgnmntListEntry>
<AssgnmntListEntry Length="3" RootTermCovItemId="C76">
<MapEntry BoolAssgnmnt="011" Value="95"/>
<MapEntry BoolAssgnmnt="002" Value="95"/>
</AssgnmntListEntry>
<AssgnmntListEntry Length="2" RootTermCovItemId="C77">
<MapEntry BoolAssgnmnt="10" Value="64"/>
<MapEntry BoolAssgnmnt="11" Value="126"/>
</AssgnmntListEntry>
<AssgnmntListEntry Length="2" RootTermCovItemId="C78">
<MapEntry BoolAssgnmnt="11" Value="126"/>
</AssgnmntListEntry>
<AssgnmntListEntry Length="2" RootTermCovItemId="C79">
<MapEntry BoolAssgnmnt="00" Value="126"/>
</AssgnmntListEntry>
<AssgnmntListEntry Length="2" RootTermCovItemId="C8">
<MapEntry BoolAssgnmnt="02" Value="123"/>
</AssgnmntListEntry>
<AssgnmntListEntry Length="1" RootTermCovItemId="C9">
<MapEntry BoolAssgnmnt="0" Value="56"/>
<MapEntry BoolAssgnmnt="1" Value="67"/>
</AssgnmntListEntry>
<AssgnmntListEntry Length="8" RootTermCovItemId="C90">
<MapEntry BoolAssgnmnt="02020202" Value="252"/>
</AssgnmntListEntry>
</AssgnmntPrefix>
<AssgnmntPrefix RootTermCovItemPrefix="com.OriginalFiles.Board.java">
<AssgnmntListEntry Length="1" RootTermCovItemId="C14">
<MapEntry BoolAssgnmnt="0" Value="95"/>
<MapEntry BoolAssgnmnt="1" Value="159"/>
</AssgnmntListEntry>
<AssgnmntListEntry Length="1" RootTermCovItemId="C15">
<MapEntry BoolAssgnmnt="0" Value="159"/>
<MapEntry BoolAssgnmnt="1" Value="96"/>
</AssgnmntListEntry>
<AssgnmntListEntry Length="1" RootTermCovItemId="C16">
<MapEntry BoolAssgnmnt="1" Value="96"/>
</AssgnmntListEntry>
<AssgnmntListEntry Length="4" RootTermCovItemId="C17">
<MapEntry BoolAssgnmnt="0222" Value="96"/>
</AssgnmntListEntry>
<AssgnmntListEntry Length="2" RootTermCovItemId="C18">
<MapEntry BoolAssgnmnt="02" Value="96"/>
</AssgnmntListEntry>
<AssgnmntListEntry Length="2" RootTermCovItemId="C19">
<MapEntry BoolAssgnmnt="02" Value="96"/>
</AssgnmntListEntry>
<AssgnmntListEntry Length="3" RootTermCovItemId="C20">
<MapEntry BoolAssgnmnt="022" Value="96"/>
</AssgnmntListEntry>
<AssgnmntListEntry Length="3" RootTermCovItemId="C21">
<MapEntry BoolAssgnmnt="022" Value="96"/>
</AssgnmntListEntry>
<AssgnmntListEntry Length="1" RootTermCovItemId="C22">
<MapEntry BoolAssgnmnt="0" Value="96"/>
</AssgnmntListEntry>
<AssgnmntListEntry Length="1" RootTermCovItemId="C23">
<MapEntry BoolAssgnmnt="1" Value="96"/>
</AssgnmntListEntry>
<AssgnmntListEntry Length="1" RootTermCovItemId="C24">
<MapEntry BoolAssgnmnt="0" Value="253"/>
<MapEntry BoolAssgnmnt="1" Value="60"/>
</AssgnmntListEntry>
<AssgnmntListEntry Length="1" RootTermCovItemId="C25">
<MapEntry BoolAssgnmnt="1" Value="60"/>
</AssgnmntListEntry>
<AssgnmntListEntry Length="1" RootTermCovItemId="C26">
<MapEntry BoolAssgnmnt="0" Value="67"/>
</AssgnmntListEntry>
<AssgnmntListEntry Length="1" RootTermCovItemId="C27">
<MapEntry BoolAssgnmnt="1" Value="67"/>
</AssgnmntListEntry>
<AssgnmntListEntry Length="2" RootTermCovItemId="C28">
<MapEntry BoolAssgnmnt="02" Value="67"/>
</AssgnmntListEntry>
<AssgnmntListEntry Length="1" RootTermCovItemId="C29">
<MapEntry BoolAssgnmnt="1" Value="67"/>
</AssgnmntListEntry>
<AssgnmntListEntry Length="1" RootTermCovItemId="C30">
<MapEntry BoolAssgnmnt="1" Value="521"/>
</AssgnmntListEntry>
<AssgnmntListEntry Length="1" RootTermCovItemId="C31">
<MapEntry BoolAssgnmnt="0" Value="264"/>
<MapEntry BoolAssgnmnt="1" Value="3930"/>
</AssgnmntListEntry>
<AssgnmntListEntry Length="1" RootTermCovItemId="C32">
<MapEntry BoolAssgnmnt="0" Value="972"/>
</AssgnmntListEntry>
<AssgnmntListEntry Length="1" RootTermCovItemId="C33">
<MapEntry BoolAssgnmnt="0" Value="968"/>
<MapEntry BoolAssgnmnt="1" Value="4"/>
</AssgnmntListEntry>
<AssgnmntListEntry Length="1" RootTermCovItemId="C34">
<MapEntry BoolAssgnmnt="0" Value="968"/>
<MapEntry BoolAssgnmnt="1" Value="4"/>
</AssgnmntListEntry>
<AssgnmntListEntry Length="1" RootTermCovItemId="C35">
<MapEntry BoolAssgnmnt="1" Value="972"/>
</AssgnmntListEntry>
<AssgnmntListEntry Length="1" RootTermCovItemId="C36">
<MapEntry BoolAssgnmnt="0" Value="836"/>
<MapEntry BoolAssgnmnt="1" Value="136"/>
</AssgnmntListEntry>
<AssgnmntListEntry Length="1" RootTermCovItemId="C37">
<MapEntry BoolAssgnmnt="0" Value="836"/>
<MapEntry BoolAssgnmnt="1" Value="136"/>
</AssgnmntListEntry>
<AssgnmntListEntry Length="5" RootTermCovItemId="C38">
<MapEntry BoolAssgnmnt="02002" Value="1176"/>
<MapEntry BoolAssgnmnt="10122" Value="768"/>
<MapEntry BoolAssgnmnt="11221" Value="768"/>
<MapEntry BoolAssgnmnt="02011" Value="1176"/>
</AssgnmntListEntry>
<AssgnmntListEntry Length="1" RootTermCovItemId="C39">
<MapEntry BoolAssgnmnt="0" Value="920"/>
<MapEntry BoolAssgnmnt="1" Value="2968"/>
</AssgnmntListEntry>
<AssgnmntListEntry Length="1" RootTermCovItemId="C40">
<MapEntry BoolAssgnmnt="0" Value="2968"/>
</AssgnmntListEntry>
<AssgnmntListEntry Length="2" RootTermCovItemId="C41">
<MapEntry BoolAssgnmnt="02" Value="2968"/>
</AssgnmntListEntry>
<AssgnmntListEntry Length="1" RootTermCovItemId="C42">
<MapEntry BoolAssgnmnt="0" Value="12288"/>
<MapEntry BoolAssgnmnt="1" Value="12288"/>
</AssgnmntListEntry>
<AssgnmntListEntry Length="1" RootTermCovItemId="C43">
<MapEntry BoolAssgnmnt="0" Value="11316"/>
<MapEntry BoolAssgnmnt="1" Value="972"/>
</AssgnmntListEntry>
<AssgnmntListEntry Length="1" RootTermCovItemId="C44">
<MapEntry BoolAssgnmnt="0" Value="588"/>
<MapEntry BoolAssgnmnt="1" Value="384"/>
</AssgnmntListEntry>
<AssgnmntListEntry Length="1" RootTermCovItemId="C46">
<MapEntry BoolAssgnmnt="0" Value="4"/>
<MapEntry BoolAssgnmnt="1" Value="32"/>
</AssgnmntListEntry>
<AssgnmntListEntry Length="1" RootTermCovItemId="C47">
<MapEntry BoolAssgnmnt="0" Value="16"/>
<MapEntry BoolAssgnmnt="1" Value="16"/>
</AssgnmntListEntry>
<AssgnmntListEntry Length="1" RootTermCovItemId="C48">
<MapEntry BoolAssgnmnt="0" Value="16"/>
<MapEntry BoolAssgnmnt="1" Value="128"/>
</AssgnmntListEntry>
<AssgnmntListEntry Length="1" RootTermCovItemId="C49">
<MapEntry BoolAssgnmnt="0" Value="64"/>
<MapEntry BoolAssgnmnt="1" Value="64"/>
</AssgnmntListEntry>
<AssgnmntListEntry Length="1" RootTermCovItemId="C50">
<MapEntry BoolAssgnmnt="0" Value="16"/>
<MapEntry BoolAssgnmnt="1" Value="128"/>
</AssgnmntListEntry>
<AssgnmntListEntry Length="1" RootTermCovItemId="C51">
<MapEntry BoolAssgnmnt="0" Value="64"/>
<MapEntry BoolAssgnmnt="1" Value="64"/>
</AssgnmntListEntry>
<AssgnmntListEntry Length="1" RootTermCovItemId="C52">
<MapEntry BoolAssgnmnt="0" Value="12"/>
<MapEntry BoolAssgnmnt="1" Value="116"/>
</AssgnmntListEntry>
<AssgnmntListEntry Length="1" RootTermCovItemId="C53">
<MapEntry BoolAssgnmnt="1" Value="5534"/>
</AssgnmntListEntry>
<AssgnmntListEntry Length="1" RootTermCovItemId="C54">
<MapEntry BoolAssgnmnt="0" Value="2329"/>
<MapEntry BoolAssgnmnt="1" Value="3205"/>
</AssgnmntListEntry>
<AssgnmntListEntry Length="3" RootTermCovItemId="C55">
<MapEntry BoolAssgnmnt="011" Value="317"/>
<MapEntry BoolAssgnmnt="010" Value="606"/>
<MapEntry BoolAssgnmnt="002" Value="1642"/>
<MapEntry BoolAssgnmnt="120" Value="24"/>
<MapEntry BoolAssgnmnt="121" Value="24"/>
</AssgnmntListEntry>
<AssgnmntListEntry Length="3" RootTermCovItemId="C56">
<MapEntry BoolAssgnmnt="011" Value="640"/>
<MapEntry BoolAssgnmnt="010" Value="958"/>
<MapEntry BoolAssgnmnt="002" Value="341"/>
<MapEntry BoolAssgnmnt="120" Value="20"/>
<MapEntry BoolAssgnmnt="121" Value="24"/>
</AssgnmntListEntry>
</AssgnmntPrefix>
<AssgnmntPrefix RootTermCovItemPrefix="com.OriginalFiles.Field.java">
<AssgnmntListEntry Length="1" RootTermCovItemId="C1">
<MapEntry BoolAssgnmnt="0" Value="159"/>
<MapEntry BoolAssgnmnt="1" Value="124"/>
</AssgnmntListEntry>
</AssgnmntPrefix>
<AssgnmntPrefix RootTermCovItemPrefix="com.OriginalFiles.Piece.java">
<AssgnmntListEntry Length="2" RootTermCovItemId="C1">
<MapEntry BoolAssgnmnt="10" Value="72"/>
<MapEntry BoolAssgnmnt="02" Value="8"/>
<MapEntry BoolAssgnmnt="11" Value="127"/>
</AssgnmntListEntry>
<AssgnmntListEntry Length="5" RootTermCovItemId="C17">
<MapEntry BoolAssgnmnt="00210" Value="28"/>
<MapEntry BoolAssgnmnt="01002" Value="44"/>
<MapEntry BoolAssgnmnt="12222" Value="127"/>
</AssgnmntListEntry>
<AssgnmntListEntry Length="5" RootTermCovItemId="C18">
<MapEntry BoolAssgnmnt="00210" Value="16"/>
<MapEntry BoolAssgnmnt="00211" Value="12"/>
<MapEntry BoolAssgnmnt="01002" Value="40"/>
<MapEntry BoolAssgnmnt="12222" Value="127"/>
<MapEntry BoolAssgnmnt="01122" Value="4"/>
</AssgnmntListEntry>
<AssgnmntListEntry Length="1" RootTermCovItemId="C19">
<MapEntry BoolAssgnmnt="1" Value="16"/>
</AssgnmntListEntry>
<AssgnmntListEntry Length="2" RootTermCovItemId="C2">
<MapEntry BoolAssgnmnt="02" Value="72"/>
<MapEntry BoolAssgnmnt="11" Value="55"/>
</AssgnmntListEntry>
<AssgnmntListEntry Length="1" RootTermCovItemId="C20">
<MapEntry BoolAssgnmnt="0" Value="72"/>
<MapEntry BoolAssgnmnt="1" Value="127"/>
</AssgnmntListEntry>
<AssgnmntListEntry Length="1" RootTermCovItemId="C3">
<MapEntry BoolAssgnmnt="0" Value="8"/>
<MapEntry BoolAssgnmnt="1" Value="199"/>
</AssgnmntListEntry>
<AssgnmntListEntry Length="1" RootTermCovItemId="C5">
<MapEntry BoolAssgnmnt="0" Value="120"/>
<MapEntry BoolAssgnmnt="1" Value="79"/>
</AssgnmntListEntry>
<AssgnmntListEntry Length="1" RootTermCovItemId="C6">
<MapEntry BoolAssgnmnt="0" Value="8"/>
<MapEntry BoolAssgnmnt="1" Value="199"/>
</AssgnmntListEntry>
<AssgnmntListEntry Length="1" RootTermCovItemId="C7">
<MapEntry BoolAssgnmnt="0" Value="72"/>
<MapEntry BoolAssgnmnt="1" Value="127"/>
</AssgnmntListEntry>
<AssgnmntListEntry Length="1" RootTermCovItemId="C8">
<MapEntry BoolAssgnmnt="1" Value="199"/>
</AssgnmntListEntry>
<AssgnmntListEntry Length="1" RootTermCovItemId="C9">
<MapEntry BoolAssgnmnt="0" Value="199"/>
</AssgnmntListEntry>
</AssgnmntPrefix>
<AssgnmntPrefix RootTermCovItemPrefix="com.OriginalFiles.RemoteNXTFunctions.java">
<AssgnmntListEntry Length="1" RootTermCovItemId="C10">
<MapEntry BoolAssgnmnt="0" Value="585"/>
<MapEntry BoolAssgnmnt="1" Value="64"/>
</AssgnmntListEntry>
<AssgnmntListEntry Length="2" RootTermCovItemId="C11">
<MapEntry BoolAssgnmnt="02" Value="32"/>
<MapEntry BoolAssgnmnt="11" Value="32"/>
</AssgnmntListEntry>
<AssgnmntListEntry Length="2" RootTermCovItemId="C12">
<MapEntry BoolAssgnmnt="11" Value="32"/>
</AssgnmntListEntry>
<AssgnmntListEntry Length="1" RootTermCovItemId="C14">
<MapEntry BoolAssgnmnt="0" Value="494"/>
<MapEntry BoolAssgnmnt="1" Value="155"/>
</AssgnmntListEntry>
<AssgnmntListEntry Length="2" RootTermCovItemId="C15">
<MapEntry BoolAssgnmnt="10" Value="31"/>
<MapEntry BoolAssgnmnt="02" Value="93"/>
<MapEntry BoolAssgnmnt="11" Value="31"/>
</AssgnmntListEntry>
<AssgnmntListEntry Length="2" RootTermCovItemId="C16">
<MapEntry BoolAssgnmnt="02" Value="93"/>
<MapEntry BoolAssgnmnt="11" Value="31"/>
</AssgnmntListEntry>
<AssgnmntListEntry Length="1" RootTermCovItemId="C17">
<MapEntry BoolAssgnmnt="0" Value="93"/>
</AssgnmntListEntry>
<AssgnmntListEntry Length="1" RootTermCovItemId="C18">
<MapEntry BoolAssgnmnt="0" Value="649"/>
</AssgnmntListEntry>
<AssgnmntListEntry Length="1" RootTermCovItemId="C22">
<MapEntry BoolAssgnmnt="0" Value="649"/>
</AssgnmntListEntry>
<AssgnmntListEntry Length="1" RootTermCovItemId="C27">
<MapEntry BoolAssgnmnt="0" Value="649"/>
</AssgnmntListEntry>
<AssgnmntListEntry Length="1" RootTermCovItemId="C30">
<MapEntry BoolAssgnmnt="0" Value="649"/>
</AssgnmntListEntry>
<AssgnmntListEntry Length="1" RootTermCovItemId="C33">
<MapEntry BoolAssgnmnt="0" Value="644"/>
<MapEntry BoolAssgnmnt="1" Value="5"/>
</AssgnmntListEntry>
<AssgnmntListEntry Length="2" RootTermCovItemId="C34">
<MapEntry BoolAssgnmnt="10" Value="2"/>
<MapEntry BoolAssgnmnt="02" Value="2"/>
<MapEntry BoolAssgnmnt="11" Value="1"/>
</AssgnmntListEntry>
<AssgnmntListEntry Length="2" RootTermCovItemId="C35">
<MapEntry BoolAssgnmnt="02" Value="3"/>
<MapEntry BoolAssgnmnt="11" Value="1"/>
</AssgnmntListEntry>
<AssgnmntListEntry Length="1" RootTermCovItemId="C36">
<MapEntry BoolAssgnmnt="0" Value="1"/>
<MapEntry BoolAssgnmnt="1" Value="2"/>
</AssgnmntListEntry>
<AssgnmntListEntry Length="1" RootTermCovItemId="C37">
<MapEntry BoolAssgnmnt="0" Value="640"/>
<MapEntry BoolAssgnmnt="1" Value="4"/>
</AssgnmntListEntry>
<AssgnmntListEntry Length="2" RootTermCovItemId="C38">
<MapEntry BoolAssgnmnt="10" Value="2"/>
<MapEntry BoolAssgnmnt="02" Value="1"/>
<MapEntry BoolAssgnmnt="11" Value="1"/>
</AssgnmntListEntry>
<AssgnmntListEntry Length="2" RootTermCovItemId="C39">
<MapEntry BoolAssgnmnt="02" Value="2"/>
<MapEntry BoolAssgnmnt="11" Value="1"/>
</AssgnmntListEntry>
<AssgnmntListEntry Length="1" RootTermCovItemId="C40">
<MapEntry BoolAssgnmnt="1" Value="2"/>
</AssgnmntListEntry>
<AssgnmntListEntry Length="1" RootTermCovItemId="C41">
<MapEntry BoolAssgnmnt="0" Value="633"/>
<MapEntry BoolAssgnmnt="1" Value="7"/>
</AssgnmntListEntry>
<AssgnmntListEntry Length="2" RootTermCovItemId="C42">
<MapEntry BoolAssgnmnt="10" Value="2"/>
<MapEntry BoolAssgnmnt="02" Value="4"/>
<MapEntry BoolAssgnmnt="11" Value="1"/>
</AssgnmntListEntry>
<AssgnmntListEntry Length="2" RootTermCovItemId="C43">
<MapEntry BoolAssgnmnt="10" Value="1"/>
<MapEntry BoolAssgnmnt="02" Value="4"/>
<MapEntry BoolAssgnmnt="11" Value="1"/>
</AssgnmntListEntry>
<AssgnmntListEntry Length="1" RootTermCovItemId="C44">
<MapEntry BoolAssgnmnt="0" Value="3"/>
<MapEntry BoolAssgnmnt="1" Value="2"/>
</AssgnmntListEntry>
<AssgnmntListEntry Length="1" RootTermCovItemId="C45">
<MapEntry BoolAssgnmnt="0" Value="627"/>
<MapEntry BoolAssgnmnt="1" Value="6"/>
</AssgnmntListEntry>
<AssgnmntListEntry Length="2" RootTermCovItemId="C46">
<MapEntry BoolAssgnmnt="10" Value="2"/>
<MapEntry BoolAssgnmnt="02" Value="3"/>
<MapEntry BoolAssgnmnt="11" Value="1"/>
</AssgnmntListEntry>
<AssgnmntListEntry Length="2" RootTermCovItemId="C47">
<MapEntry BoolAssgnmnt="10" Value="1"/>
<MapEntry BoolAssgnmnt="02" Value="3"/>
<MapEntry BoolAssgnmnt="11" Value="1"/>
</AssgnmntListEntry>
<AssgnmntListEntry Length="1" RootTermCovItemId="C48">
<MapEntry BoolAssgnmnt="0" Value="2"/>
<MapEntry BoolAssgnmnt="1" Value="2"/>
</AssgnmntListEntry>
<AssgnmntListEntry Length="1" RootTermCovItemId="C49">
<MapEntry BoolAssgnmnt="0" Value="518"/>
<MapEntry BoolAssgnmnt="1" Value="109"/>
</AssgnmntListEntry>
<AssgnmntListEntry Length="1" RootTermCovItemId="C5">
<MapEntry BoolAssgnmnt="0" Value="649"/>
<MapEntry BoolAssgnmnt="1" Value="32"/>
</AssgnmntListEntry>
<AssgnmntListEntry Length="2" RootTermCovItemId="C50">
<MapEntry BoolAssgnmnt="10" Value="24"/>
<MapEntry BoolAssgnmnt="02" Value="70"/>
<MapEntry BoolAssgnmnt="11" Value="15"/>
</AssgnmntListEntry>
<AssgnmntListEntry Length="2" RootTermCovItemId="C51">
<MapEntry BoolAssgnmnt="10" Value="10"/>
<MapEntry BoolAssgnmnt="02" Value="69"/>
<MapEntry BoolAssgnmnt="11" Value="15"/>
</AssgnmntListEntry>
<AssgnmntListEntry Length="2" RootTermCovItemId="C52">
<MapEntry BoolAssgnmnt="10" Value="9"/>
<MapEntry BoolAssgnmnt="02" Value="55"/>
<MapEntry BoolAssgnmnt="11" Value="15"/>
</AssgnmntListEntry>
<AssgnmntListEntry Length="1" RootTermCovItemId="C53">
<MapEntry BoolAssgnmnt="0" Value="55"/>
<MapEntry BoolAssgnmnt="1" Value="9"/>
</AssgnmntListEntry>
<AssgnmntListEntry Length="1" RootTermCovItemId="C54">
<MapEntry BoolAssgnmnt="0" Value="423"/>
<MapEntry BoolAssgnmnt="1" Value="95"/>
</AssgnmntListEntry>
<AssgnmntListEntry Length="2" RootTermCovItemId="C55">
<MapEntry BoolAssgnmnt="10" Value="24"/>
<MapEntry BoolAssgnmnt="02" Value="56"/>
<MapEntry BoolAssgnmnt="11" Value="15"/>
</AssgnmntListEntry>
<AssgnmntListEntry Length="2" RootTermCovItemId="C56">
<MapEntry BoolAssgnmnt="10" Value="10"/>
<MapEntry BoolAssgnmnt="02" Value="55"/>
<MapEntry BoolAssgnmnt="11" Value="15"/>
</AssgnmntListEntry>
<AssgnmntListEntry Length="2" RootTermCovItemId="C57">
<MapEntry BoolAssgnmnt="10" Value="9"/>
<MapEntry BoolAssgnmnt="02" Value="41"/>
<MapEntry BoolAssgnmnt="11" Value="15"/>
</AssgnmntListEntry>
<AssgnmntListEntry Length="1" RootTermCovItemId="C58">
<MapEntry BoolAssgnmnt="0" Value="41"/>
<MapEntry BoolAssgnmnt="1" Value="9"/>
</AssgnmntListEntry>
<AssgnmntListEntry Length="1" RootTermCovItemId="C59">
<MapEntry BoolAssgnmnt="0" Value="314"/>
<MapEntry BoolAssgnmnt="1" Value="109"/>
</AssgnmntListEntry>
<AssgnmntListEntry Length="2" RootTermCovItemId="C6">
<MapEntry BoolAssgnmnt="11" Value="32"/>
</AssgnmntListEntry>
<AssgnmntListEntry Length="2" RootTermCovItemId="C60">
<MapEntry BoolAssgnmnt="10" Value="24"/>
<MapEntry BoolAssgnmnt="02" Value="70"/>
<MapEntry BoolAssgnmnt="11" Value="15"/>
</AssgnmntListEntry>
<AssgnmntListEntry Length="2" RootTermCovItemId="C61">
<MapEntry BoolAssgnmnt="10" Value="10"/>
<MapEntry BoolAssgnmnt="02" Value="69"/>
<MapEntry BoolAssgnmnt="11" Value="15"/>
</AssgnmntListEntry>
<AssgnmntListEntry Length="2" RootTermCovItemId="C62">
<MapEntry BoolAssgnmnt="10" Value="9"/>
<MapEntry BoolAssgnmnt="02" Value="55"/>
<MapEntry BoolAssgnmnt="11" Value="15"/>
</AssgnmntListEntry>
<AssgnmntListEntry Length="1" RootTermCovItemId="C63">
<MapEntry BoolAssgnmnt="0" Value="55"/>
<MapEntry BoolAssgnmnt="1" Value="9"/>
</AssgnmntListEntry>
<AssgnmntListEntry Length="1" RootTermCovItemId="C64">
<MapEntry BoolAssgnmnt="0" Value="219"/>
<MapEntry BoolAssgnmnt="1" Value="95"/>
</AssgnmntListEntry>
<AssgnmntListEntry Length="2" RootTermCovItemId="C65">
<MapEntry BoolAssgnmnt="10" Value="24"/>
<MapEntry BoolAssgnmnt="02" Value="56"/>
<MapEntry BoolAssgnmnt="11" Value="15"/>
</AssgnmntListEntry>
<AssgnmntListEntry Length="2" RootTermCovItemId="C66">
<MapEntry BoolAssgnmnt="10" Value="10"/>
<MapEntry BoolAssgnmnt="02" Value="55"/>
<MapEntry BoolAssgnmnt="11" Value="15"/>
</AssgnmntListEntry>
<AssgnmntListEntry Length="2" RootTermCovItemId="C67">
<MapEntry BoolAssgnmnt="10" Value="9"/>
<MapEntry BoolAssgnmnt="02" Value="41"/>
<MapEntry BoolAssgnmnt="11" Value="15"/>
</AssgnmntListEntry>
<AssgnmntListEntry Length="1" RootTermCovItemId="C68">
<MapEntry BoolAssgnmnt="0" Value="41"/>
<MapEntry BoolAssgnmnt="1" Value="9"/>
</AssgnmntListEntry>
<AssgnmntListEntry Length="1" RootTermCovItemId="C69">
<MapEntry BoolAssgnmnt="0" Value="219"/>
</AssgnmntListEntry>
<AssgnmntListEntry Length="1" RootTermCovItemId="C73">
<MapEntry BoolAssgnmnt="0" Value="219"/>
</AssgnmntListEntry>
</AssgnmntPrefix>
</AssgnmntList>
<ObjMetaDataList/>
<MetaDataList/>
</TestCase>
<TestCase Comment="" Date="1386064449179" Name="com.Testing.AnalyzeTest:testCountDownToPanic">
<CovList>
<CovPrefix CovItemPrefix="com.OriginalFiles.Analyze.java">
<Cov CovItemId="B1" Value="18"/>
<Cov CovItemId="B10" Value="18"/>
<Cov CovItemId="B107" Value="33"/>
<Cov CovItemId="B108" Value="75"/>
<Cov CovItemId="B109" Value="8"/>
<Cov CovItemId="B11" Value="18"/>
<Cov CovItemId="B110" Value="67"/>
<Cov CovItemId="B111" Value="11"/>
<Cov CovItemId="B112" Value="56"/>
<Cov CovItemId="B114" Value="56"/>
<Cov CovItemId="B115" Value="36"/>
<Cov CovItemId="B120" Value="72"/>
<Cov CovItemId="B121" Value="2232"/>
<Cov CovItemId="B122" Value="36"/>
<Cov CovItemId="B123" Value="36"/>
<Cov CovItemId="B124" Value="36"/>
<Cov CovItemId="B126" Value="36"/>
<Cov CovItemId="B127" Value="36"/>
<Cov CovItemId="B128" Value="36"/>
<Cov CovItemId="B13" Value="11"/>
<Cov CovItemId="B131" Value="36"/>
<Cov CovItemId="B133" Value="36"/>
<Cov CovItemId="B134" Value="36"/>
<Cov CovItemId="B136" Value="22"/>
<Cov CovItemId="B137" Value="14"/>
<Cov CovItemId="B139" Value="22"/>
<Cov CovItemId="B14" Value="7"/>
<Cov CovItemId="B157" Value="44"/>
<Cov CovItemId="B16" Value="11"/>
<Cov CovItemId="B17" Value="11"/>
<Cov CovItemId="B19" Value="7"/>
<Cov CovItemId="B20" Value="11"/>
<Cov CovItemId="B21" Value="3"/>
<Cov CovItemId="B22" Value="4"/>
<Cov CovItemId="B23" Value="3"/>
<Cov CovItemId="B24" Value="1"/>
<Cov CovItemId="B26" Value="11"/>
<Cov CovItemId="B3" Value="18"/>
<Cov CovItemId="B31" Value="11"/>
<Cov CovItemId="B33" Value="11"/>
<Cov CovItemId="B35" Value="6"/>
<Cov CovItemId="B36" Value="5"/>
<Cov CovItemId="B37" Value="6"/>
<Cov CovItemId="B40" Value="5"/>
<Cov CovItemId="B43" Value="5"/>
<Cov CovItemId="B46" Value="5"/>
<Cov CovItemId="B49" Value="5"/>
<Cov CovItemId="B5" Value="1"/>
<Cov CovItemId="B51" Value="5"/>
<Cov CovItemId="B53" Value="11"/>
<Cov CovItemId="B55" Value="11"/>
<Cov CovItemId="B57" Value="11"/>
<Cov CovItemId="B59" Value="11"/>
<Cov CovItemId="B6" Value="17"/>
<Cov CovItemId="B61" Value="33"/>
<Cov CovItemId="B62" Value="11"/>
<Cov CovItemId="B64" Value="44"/>
<Cov CovItemId="B7" Value="36"/>
<Cov CovItemId="B8" Value="1116"/>
<Cov CovItemId="B84" Value="11"/>
<Cov CovItemId="B9" Value="18"/>
<Cov CovItemId="B96" Value="18"/>
<Cov CovItemId="L1-2" Value="18"/>
<Cov CovItemId="L16-2" Value="36"/>
<Cov CovItemId="L17-2" Value="288"/>
<Cov CovItemId="L2-2" Value="144"/>
<Cov CovItemId="L3-1" Value="18"/>
<Cov CovItemId="L4-2" Value="11"/>
<Cov CovItemId="S10" Value="18"/>
<Cov CovItemId="S11" Value="18"/>
<Cov CovItemId="S12" Value="18"/>
<Cov CovItemId="S13" Value="18"/>
<Cov CovItemId="S14" Value="18"/>
<Cov CovItemId="S149" Value="11"/>
<Cov CovItemId="S15" Value="18"/>
<Cov CovItemId="S168" Value="18"/>
<Cov CovItemId="S17" Value="18"/>
<Cov CovItemId="S18" Value="18"/>
<Cov CovItemId="S19" Value="1"/>
<Cov CovItemId="S199" Value="108"/>
<Cov CovItemId="S20" Value="1"/>
<Cov CovItemId="S200" Value="108"/>
<Cov CovItemId="S201" Value="108"/>
<Cov CovItemId="S202" Value="108"/>
<Cov CovItemId="S203" Value="108"/>
<Cov CovItemId="S204" Value="33"/>
<Cov CovItemId="S205" Value="75"/>
<Cov CovItemId="S206" Value="8"/>
<Cov CovItemId="S207" Value="67"/>
<Cov CovItemId="S208" Value="11"/>
<Cov CovItemId="S209" Value="56"/>
<Cov CovItemId="S21" Value="18"/>
<Cov CovItemId="S211" Value="56"/>
<Cov CovItemId="S212" Value="36"/>
<Cov CovItemId="S213" Value="36"/>
<Cov CovItemId="S22" Value="18"/>
<Cov CovItemId="S221" Value="36"/>
<Cov CovItemId="S222" Value="36"/>
<Cov CovItemId="S223" Value="36"/>
<Cov CovItemId="S224" Value="36"/>
<Cov CovItemId="S225" Value="36"/>
<Cov CovItemId="S226" Value="36"/>
<Cov CovItemId="S227" Value="288"/>
<Cov CovItemId="S228" Value="2304"/>
<Cov CovItemId="S229" Value="72"/>
<Cov CovItemId="S23" Value="144"/>
<Cov CovItemId="S230" Value="36"/>
<Cov CovItemId="S231" Value="36"/>
<Cov CovItemId="S232" Value="36"/>
<Cov CovItemId="S233" Value="72"/>
<Cov CovItemId="S234" Value="36"/>
<Cov CovItemId="S235" Value="36"/>
<Cov CovItemId="S236" Value="36"/>
<Cov CovItemId="S237" Value="36"/>
<Cov CovItemId="S239" Value="36"/>
<Cov CovItemId="S24" Value="1152"/>
<Cov CovItemId="S241" Value="36"/>
<Cov CovItemId="S242" Value="36"/>
<Cov CovItemId="S243" Value="22"/>
<Cov CovItemId="S244" Value="22"/>
<Cov CovItemId="S245" Value="22"/>
<Cov CovItemId="S25" Value="36"/>
<Cov CovItemId="S250" Value="36"/>
<Cov CovItemId="S26" Value="18"/>
<Cov CovItemId="S267" Value="44"/>
<Cov CovItemId="S269" Value="44"/>
<Cov CovItemId="S27" Value="18"/>
<Cov CovItemId="S28" Value="18"/>
<Cov CovItemId="S29" Value="18"/>
<Cov CovItemId="S30" Value="18"/>
<Cov CovItemId="S31" Value="18"/>
<Cov CovItemId="S32" Value="18"/>
<Cov CovItemId="S33" Value="18"/>
<Cov CovItemId="S34" Value="18"/>
<Cov CovItemId="S35" Value="11"/>
<Cov CovItemId="S37" Value="11"/>
<Cov CovItemId="S38" Value="11"/>
<Cov CovItemId="S39" Value="7"/>
<Cov CovItemId="S40" Value="18"/>
<Cov CovItemId="S41" Value="7"/>
<Cov CovItemId="S42" Value="3"/>
<Cov CovItemId="S43" Value="3"/>
<Cov CovItemId="S44" Value="3"/>
<Cov CovItemId="S45" Value="4"/>
<Cov CovItemId="S46" Value="3"/>
<Cov CovItemId="S47" Value="3"/>
<Cov CovItemId="S48" Value="3"/>
<Cov CovItemId="S49" Value="3"/>
<Cov CovItemId="S50" Value="1"/>
<Cov CovItemId="S51" Value="11"/>
<Cov CovItemId="S52" Value="11"/>
<Cov CovItemId="S57" Value="11"/>
<Cov CovItemId="S58" Value="11"/>
<Cov CovItemId="S59" Value="11"/>
<Cov CovItemId="S6" Value="18"/>
<Cov CovItemId="S60" Value="11"/>
<Cov CovItemId="S61" Value="11"/>
<Cov CovItemId="S62" Value="6"/>
<Cov CovItemId="S63" Value="6"/>
<Cov CovItemId="S64" Value="6"/>
<Cov CovItemId="S66" Value="5"/>
<Cov CovItemId="S7" Value="18"/>
<Cov CovItemId="S71" Value="5"/>
<Cov CovItemId="S72" Value="5"/>
<Cov CovItemId="S77" Value="5"/>
<Cov CovItemId="S78" Value="5"/>
<Cov CovItemId="S79" Value="5"/>
<Cov CovItemId="S8" Value="18"/>
<Cov CovItemId="S80" Value="5"/>
<Cov CovItemId="S83" Value="11"/>
<Cov CovItemId="S84" Value="11"/>
<Cov CovItemId="S85" Value="11"/>
<Cov CovItemId="S86" Value="11"/>
<Cov CovItemId="S87" Value="11"/>
<Cov CovItemId="S88" Value="11"/>
<Cov CovItemId="S89" Value="11"/>
<Cov CovItemId="S9" Value="18"/>
<Cov CovItemId="S90" Value="11"/>
<Cov CovItemId="S91" Value="11"/>
<Cov CovItemId="S92" Value="11"/>
<Cov CovItemId="S93" Value="11"/>
<Cov CovItemId="S94" Value="44"/>
<Cov CovItemId="S95" Value="33"/>
<Cov CovItemId="S96" Value="44"/>
<Cov CovItemId="S98" Value="11"/>
</CovPrefix>
<CovPrefix CovItemPrefix="com.OriginalFiles.Board.java">
<Cov CovItemId="B28" Value="33"/>
<Cov CovItemId="B31" Value="11"/>
<Cov CovItemId="B33" Value="11"/>
<Cov CovItemId="B36" Value="11"/>
<Cov CovItemId="B37" Value="11"/>
<Cov CovItemId="B39" Value="44"/>
<Cov CovItemId="B41" Value="494"/>
<Cov CovItemId="B44" Value="146"/>
<Cov CovItemId="B45" Value="146"/>
<Cov CovItemId="B47" Value="146"/>
<Cov CovItemId="B49" Value="88"/>
<Cov CovItemId="B50" Value="58"/>
<Cov CovItemId="B51" Value="88"/>
<Cov CovItemId="B53" Value="88"/>
<Cov CovItemId="B55" Value="116"/>
<Cov CovItemId="B56" Value="468"/>
<Cov CovItemId="B57" Value="424"/>
<Cov CovItemId="B58" Value="44"/>
<Cov CovItemId="B59" Value="424"/>
<Cov CovItemId="B62" Value="424"/>
<Cov CovItemId="B63" Value="2336"/>
<Cov CovItemId="B64" Value="2336"/>
<Cov CovItemId="B65" Value="146"/>
<Cov CovItemId="B66" Value="2190"/>
<Cov CovItemId="B67" Value="73"/>
<Cov CovItemId="B68" Value="73"/>
<Cov CovItemId="B71" Value="4"/>
<Cov CovItemId="B72" Value="4"/>
<Cov CovItemId="B73" Value="16"/>
<Cov CovItemId="B74" Value="16"/>
<Cov CovItemId="B75" Value="16"/>
<Cov CovItemId="B76" Value="16"/>
<Cov CovItemId="B77" Value="30"/>
<Cov CovItemId="B78" Value="2"/>
<Cov CovItemId="B79" Value="794"/>
<Cov CovItemId="B81" Value="337"/>
<Cov CovItemId="B82" Value="457"/>
<Cov CovItemId="B83" Value="141"/>
<Cov CovItemId="B84" Value="320"/>
<Cov CovItemId="B85" Value="97"/>
<Cov CovItemId="B86" Value="223"/>
<Cov CovItemId="L10-2" Value="1168"/>
<Cov CovItemId="L11-1" Value="18"/>
<Cov CovItemId="L12-0" Value="18"/>
<Cov CovItemId="L13-2" Value="73"/>
<Cov CovItemId="L14-2" Value="584"/>
<Cov CovItemId="L15-2" Value="1"/>
<Cov CovItemId="L16-2" Value="4"/>
<Cov CovItemId="L17-2" Value="4"/>
<Cov CovItemId="L9-2" Value="146"/>
<Cov CovItemId="S100" Value="11"/>
<Cov CovItemId="S102" Value="11"/>
<Cov CovItemId="S104" Value="11"/>
<Cov CovItemId="S105" Value="11"/>
<Cov CovItemId="S106" Value="11"/>
<Cov CovItemId="S107" Value="11"/>
<Cov CovItemId="S108" Value="11"/>
<Cov CovItemId="S109" Value="11"/>
<Cov CovItemId="S110" Value="26"/>
<Cov CovItemId="S111" Value="44"/>
<Cov CovItemId="S112" Value="44"/>
<Cov CovItemId="S113" Value="44"/>
<Cov CovItemId="S115" Value="494"/>
<Cov CovItemId="S116" Value="494"/>
<Cov CovItemId="S118" Value="146"/>
<Cov CovItemId="S119" Value="146"/>
<Cov CovItemId="S121" Value="146"/>
<Cov CovItemId="S122" Value="146"/>
<Cov CovItemId="S123" Value="146"/>
<Cov CovItemId="S124" Value="146"/>
<Cov CovItemId="S125" Value="146"/>
<Cov CovItemId="S126" Value="146"/>
<Cov CovItemId="S127" Value="146"/>
<Cov CovItemId="S128" Value="146"/>
<Cov CovItemId="S129" Value="88"/>
<Cov CovItemId="S130" Value="88"/>
<Cov CovItemId="S131" Value="88"/>
<Cov CovItemId="S132" Value="88"/>
<Cov CovItemId="S133" Value="146"/>
<Cov CovItemId="S134" Value="146"/>
<Cov CovItemId="S135" Value="584"/>
<Cov CovItemId="S136" Value="116"/>
<Cov CovItemId="S137" Value="468"/>
<Cov CovItemId="S138" Value="424"/>
<Cov CovItemId="S139" Value="424"/>
<Cov CovItemId="S141" Value="468"/>
<Cov CovItemId="S142" Value="584"/>
<Cov CovItemId="S143" Value="73"/>
<Cov CovItemId="S144" Value="73"/>
<Cov CovItemId="S145" Value="584"/>
<Cov CovItemId="S146" Value="4672"/>
<Cov CovItemId="S147" Value="2336"/>
<Cov CovItemId="S148" Value="146"/>
<Cov CovItemId="S149" Value="73"/>
<Cov CovItemId="S150" Value="73"/>
<Cov CovItemId="S151" Value="73"/>
<Cov CovItemId="S157" Value="1"/>
<Cov CovItemId="S158" Value="1"/>
<Cov CovItemId="S159" Value="8"/>
<Cov CovItemId="S160" Value="4"/>
<Cov CovItemId="S161" Value="32"/>
<Cov CovItemId="S162" Value="16"/>
<Cov CovItemId="S163" Value="4"/>
<Cov CovItemId="S164" Value="4"/>
<Cov CovItemId="S165" Value="32"/>
<Cov CovItemId="S166" Value="16"/>
<Cov CovItemId="S167" Value="4"/>
<Cov CovItemId="S168" Value="1"/>
<Cov CovItemId="S169" Value="32"/>
<Cov CovItemId="S170" Value="32"/>
<Cov CovItemId="S171" Value="30"/>
<Cov CovItemId="S172" Value="2"/>
<Cov CovItemId="S173" Value="2"/>
<Cov CovItemId="S174" Value="2"/>
<Cov CovItemId="S175" Value="2"/>
<Cov CovItemId="S176" Value="794"/>
<Cov CovItemId="S177" Value="794"/>
<Cov CovItemId="S178" Value="337"/>
<Cov CovItemId="S179" Value="457"/>
<Cov CovItemId="S180" Value="461"/>
<Cov CovItemId="S181" Value="141"/>
<Cov CovItemId="S182" Value="320"/>
<Cov CovItemId="S183" Value="97"/>
<Cov CovItemId="S184" Value="223"/>
<Cov CovItemId="S185" Value="1972"/>
<Cov CovItemId="S61" Value="146"/>
<Cov CovItemId="S62" Value="1168"/>
<Cov CovItemId="S63" Value="9344"/>
<Cov CovItemId="S64" Value="18"/>
<Cov CovItemId="S65" Value="18"/>
<Cov CovItemId="S66" Value="18"/>
<Cov CovItemId="S67" Value="18"/>
<Cov CovItemId="S68" Value="18"/>
<Cov CovItemId="S76" Value="18"/>
<Cov CovItemId="S77" Value="18"/>
<Cov CovItemId="S94" Value="33"/>
<Cov CovItemId="S97" Value="33"/>
<Cov CovItemId="S98" Value="11"/>
<Cov CovItemId="S99" Value="11"/>
</CovPrefix>
<CovPrefix CovItemPrefix="com.OriginalFiles.Field.java">
<Cov CovItemId="B1" Value="49"/>
<Cov CovItemId="B2" Value="38"/>
<Cov CovItemId="S1" Value="88"/>
<Cov CovItemId="S13" Value="203"/>
<Cov CovItemId="S2" Value="88"/>
<Cov CovItemId="S5" Value="87"/>
<Cov CovItemId="S6" Value="87"/>
<Cov CovItemId="S7" Value="49"/>
<Cov CovItemId="S8" Value="3692"/>
<Cov CovItemId="S9" Value="4842"/>
</CovPrefix>
<CovPrefix CovItemPrefix="com.OriginalFiles.Piece.java">
<Cov CovItemId="B1" Value="13"/>
<Cov CovItemId="B10" Value="23"/>
<Cov CovItemId="B11" Value="45"/>
<Cov CovItemId="B12" Value="8"/>
<Cov CovItemId="B13" Value="13"/>
<Cov CovItemId="B14" Value="32"/>
<Cov CovItemId="B15" Value="45"/>
<Cov CovItemId="B18" Value="45"/>
<Cov CovItemId="B2" Value="40"/>
<Cov CovItemId="B3" Value="10"/>
<Cov CovItemId="B34" Value="45"/>
<Cov CovItemId="B35" Value="8"/>
<Cov CovItemId="B36" Value="37"/>
<Cov CovItemId="B37" Value="8"/>
<Cov CovItemId="B39" Value="13"/>
<Cov CovItemId="B4" Value="3"/>
<Cov CovItemId="B40" Value="32"/>
<Cov CovItemId="B5" Value="45"/>
<Cov CovItemId="B6" Value="8"/>
<Cov CovItemId="B9" Value="22"/>
<Cov CovItemId="S1" Value="38"/>
<Cov CovItemId="S10" Value="38"/>
<Cov CovItemId="S11" Value="38"/>
<Cov CovItemId="S12" Value="38"/>
<Cov CovItemId="S13" Value="38"/>
<Cov CovItemId="S14" Value="38"/>
<Cov CovItemId="S15" Value="38"/>
<Cov CovItemId="S16" Value="38"/>
<Cov CovItemId="S17" Value="38"/>
<Cov CovItemId="S18" Value="38"/>
<Cov CovItemId="S19" Value="38"/>
<Cov CovItemId="S2" Value="38"/>
<Cov CovItemId="S20" Value="38"/>
<Cov CovItemId="S21" Value="38"/>
<Cov CovItemId="S23" Value="176"/>
<Cov CovItemId="S24" Value="53"/>
<Cov CovItemId="S25" Value="53"/>
<Cov CovItemId="S26" Value="53"/>
<Cov CovItemId="S27" Value="13"/>
<Cov CovItemId="S28" Value="10"/>
<Cov CovItemId="S29" Value="13"/>
<Cov CovItemId="S3" Value="38"/>
<Cov CovItemId="S30" Value="40"/>
<Cov CovItemId="S31" Value="53"/>
<Cov CovItemId="S32" Value="53"/>
<Cov CovItemId="S33" Value="45"/>
<Cov CovItemId="S34" Value="8"/>
<Cov CovItemId="S35" Value="8"/>
<Cov CovItemId="S39" Value="45"/>
<Cov CovItemId="S4" Value="38"/>
<Cov CovItemId="S40" Value="22"/>
<Cov CovItemId="S41" Value="23"/>
<Cov CovItemId="S42" Value="53"/>
<Cov CovItemId="S43" Value="53"/>
<Cov CovItemId="S44" Value="45"/>
<Cov CovItemId="S45" Value="45"/>
<Cov CovItemId="S46" Value="45"/>
<Cov CovItemId="S47" Value="13"/>
<Cov CovItemId="S48" Value="45"/>
<Cov CovItemId="S49" Value="45"/>
<Cov CovItemId="S5" Value="38"/>
<Cov CovItemId="S50" Value="45"/>
<Cov CovItemId="S6" Value="38"/>
<Cov CovItemId="S65" Value="45"/>
<Cov CovItemId="S67" Value="45"/>
<Cov CovItemId="S68" Value="8"/>
<Cov CovItemId="S69" Value="8"/>
<Cov CovItemId="S7" Value="38"/>
<Cov CovItemId="S70" Value="8"/>
<Cov CovItemId="S71" Value="45"/>
<Cov CovItemId="S72" Value="13"/>
<Cov CovItemId="S73" Value="45"/>
<Cov CovItemId="S8" Value="38"/>
<Cov CovItemId="S9" Value="38"/>
</CovPrefix>
<CovPrefix CovItemPrefix="com.OriginalFiles.RemoteNXTFunctions.java">
<Cov CovItemId="B104" Value="37"/>
<Cov CovItemId="B114" Value="37"/>
<Cov CovItemId="B124" Value="37"/>
<Cov CovItemId="B134" Value="37"/>
<Cov CovItemId="B142" Value="37"/>
<Cov CovItemId="B15" Value="12"/>
<Cov CovItemId="B16" Value="64"/>
<Cov CovItemId="B17" Value="6"/>
<Cov CovItemId="B18" Value="6"/>
<Cov CovItemId="B19" Value="6"/>
<Cov CovItemId="B23" Value="25"/>
<Cov CovItemId="B24" Value="51"/>
<Cov CovItemId="B25" Value="5"/>
<Cov CovItemId="B26" Value="20"/>
<Cov CovItemId="B27" Value="5"/>
<Cov CovItemId="B28" Value="15"/>
<Cov CovItemId="B30" Value="15"/>
<Cov CovItemId="B32" Value="76"/>
<Cov CovItemId="B40" Value="76"/>
<Cov CovItemId="B49" Value="39"/>
<Cov CovItemId="B5" Value="32"/>
<Cov CovItemId="B50" Value="37"/>
<Cov CovItemId="B51" Value="1"/>
<Cov CovItemId="B52" Value="38"/>
<Cov CovItemId="B53" Value="9"/>
<Cov CovItemId="B54" Value="29"/>
<Cov CovItemId="B56" Value="37"/>
<Cov CovItemId="B6" Value="76"/>
<Cov CovItemId="B62" Value="37"/>
<Cov CovItemId="B7" Value="32"/>
<Cov CovItemId="B70" Value="37"/>
<Cov CovItemId="B78" Value="37"/>
<Cov CovItemId="B86" Value="37"/>
<Cov CovItemId="B94" Value="37"/>
<Cov CovItemId="S100" Value="37"/>
<Cov CovItemId="S108" Value="37"/>
<Cov CovItemId="S118" Value="37"/>
<Cov CovItemId="S128" Value="37"/>
<Cov CovItemId="S138" Value="37"/>
<Cov CovItemId="S148" Value="37"/>
<Cov CovItemId="S156" Value="37"/>
<Cov CovItemId="S162" Value="108"/>
<Cov CovItemId="S19" Value="108"/>
<Cov CovItemId="S20" Value="108"/>
<Cov CovItemId="S21" Value="32"/>
<Cov CovItemId="S22" Value="32"/>
<Cov CovItemId="S30" Value="76"/>
<Cov CovItemId="S31" Value="12"/>
<Cov CovItemId="S32" Value="6"/>
<Cov CovItemId="S33" Value="6"/>
<Cov CovItemId="S34" Value="6"/>
<Cov CovItemId="S38" Value="76"/>
<Cov CovItemId="S39" Value="25"/>
<Cov CovItemId="S4" Value="4"/>
<Cov CovItemId="S40" Value="5"/>
<Cov CovItemId="S41" Value="20"/>
<Cov CovItemId="S42" Value="5"/>
<Cov CovItemId="S43" Value="15"/>
<Cov CovItemId="S45" Value="15"/>
<Cov CovItemId="S46" Value="76"/>
<Cov CovItemId="S54" Value="76"/>
<Cov CovItemId="S64" Value="76"/>
<Cov CovItemId="S65" Value="39"/>
<Cov CovItemId="S66" Value="1"/>
<Cov CovItemId="S67" Value="38"/>
<Cov CovItemId="S68" Value="9"/>
<Cov CovItemId="S69" Value="29"/>
<Cov CovItemId="S70" Value="37"/>
<Cov CovItemId="S76" Value="37"/>
<Cov CovItemId="S84" Value="37"/>
<Cov CovItemId="S92" Value="37"/>
</CovPrefix>
</CovList>
<AssgnmntList>
<AssgnmntPrefix RootTermCovItemPrefix="com.OriginalFiles.Analyze.java">
<AssgnmntListEntry Length="1" RootTermCovItemId="C1">
<MapEntry BoolAssgnmnt="0" Value="18"/>
</AssgnmntListEntry>
<AssgnmntListEntry Length="1" RootTermCovItemId="C10">
<MapEntry BoolAssgnmnt="0" Value="7"/>
<MapEntry BoolAssgnmnt="1" Value="11"/>
</AssgnmntListEntry>
<AssgnmntListEntry Length="1" RootTermCovItemId="C11">
<MapEntry BoolAssgnmnt="0" Value="4"/>
<MapEntry BoolAssgnmnt="1" Value="3"/>
</AssgnmntListEntry>
<AssgnmntListEntry Length="1" RootTermCovItemId="C12">
<MapEntry BoolAssgnmnt="0" Value="1"/>
<MapEntry BoolAssgnmnt="1" Value="3"/>
</AssgnmntListEntry>
<AssgnmntListEntry Length="1" RootTermCovItemId="C13">
<MapEntry BoolAssgnmnt="0" Value="11"/>
</AssgnmntListEntry>
<AssgnmntListEntry Length="1" RootTermCovItemId="C16">
<MapEntry BoolAssgnmnt="1" Value="11"/>
</AssgnmntListEntry>
<AssgnmntListEntry Length="1" RootTermCovItemId="C17">
<MapEntry BoolAssgnmnt="1" Value="11"/>
</AssgnmntListEntry>
<AssgnmntListEntry Length="1" RootTermCovItemId="C18">
<MapEntry BoolAssgnmnt="0" Value="5"/>
<MapEntry BoolAssgnmnt="1" Value="6"/>
</AssgnmntListEntry>
<AssgnmntListEntry Length="1" RootTermCovItemId="C19">
<MapEntry BoolAssgnmnt="1" Value="6"/>
</AssgnmntListEntry>
<AssgnmntListEntry Length="1" RootTermCovItemId="C2">
<MapEntry BoolAssgnmnt="0" Value="18"/>
</AssgnmntListEntry>
<AssgnmntListEntry Length="1" RootTermCovItemId="C20">
<MapEntry BoolAssgnmnt="0" Value="5"/>
</AssgnmntListEntry>
<AssgnmntListEntry Length="1" RootTermCovItemId="C22">
<MapEntry BoolAssgnmnt="1" Value="5"/>
</AssgnmntListEntry>
<AssgnmntListEntry Length="1" RootTermCovItemId="C23">
<MapEntry BoolAssgnmnt="0" Value="5"/>
</AssgnmntListEntry>
<AssgnmntListEntry Length="1" RootTermCovItemId="C25">
<MapEntry BoolAssgnmnt="1" Value="5"/>
</AssgnmntListEntry>
<AssgnmntListEntry Length="1" RootTermCovItemId="C26">
<MapEntry BoolAssgnmnt="1" Value="5"/>
</AssgnmntListEntry>
<AssgnmntListEntry Length="1" RootTermCovItemId="C27">
<MapEntry BoolAssgnmnt="1" Value="11"/>
</AssgnmntListEntry>
<AssgnmntListEntry Length="1" RootTermCovItemId="C28">
<MapEntry BoolAssgnmnt="1" Value="11"/>
</AssgnmntListEntry>
<AssgnmntListEntry Length="1" RootTermCovItemId="C29">
<MapEntry BoolAssgnmnt="1" Value="11"/>
</AssgnmntListEntry>
<AssgnmntListEntry Length="1" RootTermCovItemId="C3">
<MapEntry BoolAssgnmnt="0" Value="17"/>
<MapEntry BoolAssgnmnt="1" Value="1"/>
</AssgnmntListEntry>
<AssgnmntListEntry Length="1" RootTermCovItemId="C30">
<MapEntry BoolAssgnmnt="1" Value="11"/>
</AssgnmntListEntry>
<AssgnmntListEntry Length="1" RootTermCovItemId="C31">
<MapEntry BoolAssgnmnt="0" Value="11"/>
<MapEntry BoolAssgnmnt="1" Value="44"/>
</AssgnmntListEntry>
<AssgnmntListEntry Length="2" RootTermCovItemId="C32">
<MapEntry BoolAssgnmnt="10" Value="11"/>
<MapEntry BoolAssgnmnt="02" Value="22"/>
<MapEntry BoolAssgnmnt="11" Value="11"/>
</AssgnmntListEntry>
<AssgnmntListEntry Length="1" RootTermCovItemId="C33">
<MapEntry BoolAssgnmnt="1" Value="44"/>
</AssgnmntListEntry>
<AssgnmntListEntry Length="1" RootTermCovItemId="C4">
<MapEntry BoolAssgnmnt="0" Value="36"/>
<MapEntry BoolAssgnmnt="1" Value="1116"/>
</AssgnmntListEntry>
<AssgnmntListEntry Length="1" RootTermCovItemId="C49">
<MapEntry BoolAssgnmnt="0" Value="11"/>
</AssgnmntListEntry>
<AssgnmntListEntry Length="2" RootTermCovItemId="C5">
<MapEntry BoolAssgnmnt="10" Value="18"/>
<MapEntry BoolAssgnmnt="11" Value="18"/>
</AssgnmntListEntry>
<AssgnmntListEntry Length="1" RootTermCovItemId="C56">
<MapEntry BoolAssgnmnt="0" Value="18"/>
</AssgnmntListEntry>
<AssgnmntListEntry Length="1" RootTermCovItemId="C6">
<MapEntry BoolAssgnmnt="1" Value="18"/>
</AssgnmntListEntry>
<AssgnmntListEntry Length="6" RootTermCovItemId="C66">
<MapEntry BoolAssgnmnt="110222" Value="8"/>
<MapEntry BoolAssgnmnt="022222" Value="67"/>
<MapEntry BoolAssgnmnt="111111" Value="33"/>
</AssgnmntListEntry>
<AssgnmntListEntry Length="6" RootTermCovItemId="C67">
<MapEntry BoolAssgnmnt="022222" Value="67"/>
<MapEntry BoolAssgnmnt="111111" Value="8"/>
</AssgnmntListEntry>
<AssgnmntListEntry Length="6" RootTermCovItemId="C68">
<MapEntry BoolAssgnmnt="102222" Value="56"/>
<MapEntry BoolAssgnmnt="111111" Value="11"/>
</AssgnmntListEntry>
<AssgnmntListEntry Length="6" RootTermCovItemId="C69">
<MapEntry BoolAssgnmnt="102222" Value="56"/>
</AssgnmntListEntry>
<AssgnmntListEntry Length="1" RootTermCovItemId="C7">
<MapEntry BoolAssgnmnt="0" Value="7"/>
<MapEntry BoolAssgnmnt="1" Value="11"/>
</AssgnmntListEntry>
<AssgnmntListEntry Length="1" RootTermCovItemId="C70">
<MapEntry BoolAssgnmnt="0" Value="72"/>
<MapEntry BoolAssgnmnt="1" Value="2232"/>
</AssgnmntListEntry>
<AssgnmntListEntry Length="1" RootTermCovItemId="C71">
<MapEntry BoolAssgnmnt="0" Value="36"/>
<MapEntry BoolAssgnmnt="1" Value="36"/>
</AssgnmntListEntry>
<AssgnmntListEntry Length="1" RootTermCovItemId="C72">
<MapEntry BoolAssgnmnt="1" Value="36"/>
</AssgnmntListEntry>
<AssgnmntListEntry Length="1" RootTermCovItemId="C73">
<MapEntry BoolAssgnmnt="0" Value="36"/>
<MapEntry BoolAssgnmnt="1" Value="36"/>
</AssgnmntListEntry>
<AssgnmntListEntry Length="1" RootTermCovItemId="C74">
<MapEntry BoolAssgnmnt="1" Value="36"/>
</AssgnmntListEntry>
<AssgnmntListEntry Length="3" RootTermCovItemId="C75">
<MapEntry BoolAssgnmnt="012" Value="18"/>
<MapEntry BoolAssgnmnt="001" Value="18"/>
</AssgnmntListEntry>
<AssgnmntListEntry Length="3" RootTermCovItemId="C76">
<MapEntry BoolAssgnmnt="011" Value="18"/>
<MapEntry BoolAssgnmnt="002" Value="18"/>
</AssgnmntListEntry>
<AssgnmntListEntry Length="2" RootTermCovItemId="C77">
<MapEntry BoolAssgnmnt="11" Value="36"/>
</AssgnmntListEntry>
<AssgnmntListEntry Length="2" RootTermCovItemId="C78">
<MapEntry BoolAssgnmnt="02" Value="14"/>
<MapEntry BoolAssgnmnt="11" Value="22"/>
</AssgnmntListEntry>
<AssgnmntListEntry Length="2" RootTermCovItemId="C79">
<MapEntry BoolAssgnmnt="00" Value="22"/>
</AssgnmntListEntry>
<AssgnmntListEntry Length="2" RootTermCovItemId="C8">
<MapEntry BoolAssgnmnt="02" Value="11"/>
</AssgnmntListEntry>
<AssgnmntListEntry Length="1" RootTermCovItemId="C9">
<MapEntry BoolAssgnmnt="1" Value="11"/>
</AssgnmntListEntry>
<AssgnmntListEntry Length="8" RootTermCovItemId="C90">
<MapEntry BoolAssgnmnt="02020202" Value="44"/>
</AssgnmntListEntry>
</AssgnmntPrefix>
<AssgnmntPrefix RootTermCovItemPrefix="com.OriginalFiles.Board.java">
<AssgnmntListEntry Length="1" RootTermCovItemId="C14">
<MapEntry BoolAssgnmnt="0" Value="18"/>
<MapEntry BoolAssgnmnt="1" Value="18"/>
</AssgnmntListEntry>
<AssgnmntListEntry Length="1" RootTermCovItemId="C15">
<MapEntry BoolAssgnmnt="0" Value="18"/>
</AssgnmntListEntry>
<AssgnmntListEntry Length="1" RootTermCovItemId="C24">
<MapEntry BoolAssgnmnt="0" Value="33"/>
</AssgnmntListEntry>
<AssgnmntListEntry Length="1" RootTermCovItemId="C26">
<MapEntry BoolAssgnmnt="0" Value="11"/>
</AssgnmntListEntry>
<AssgnmntListEntry Length="1" RootTermCovItemId="C27">
<MapEntry BoolAssgnmnt="1" Value="11"/>
</AssgnmntListEntry>
<AssgnmntListEntry Length="2" RootTermCovItemId="C28">
<MapEntry BoolAssgnmnt="02" Value="11"/>
</AssgnmntListEntry>
<AssgnmntListEntry Length="1" RootTermCovItemId="C29">
<MapEntry BoolAssgnmnt="1" Value="11"/>
</AssgnmntListEntry>
<AssgnmntListEntry Length="1" RootTermCovItemId="C30">
<MapEntry BoolAssgnmnt="1" Value="44"/>
</AssgnmntListEntry>
<AssgnmntListEntry Length="1" RootTermCovItemId="C31">
<MapEntry BoolAssgnmnt="1" Value="494"/>
</AssgnmntListEntry>
<AssgnmntListEntry Length="1" RootTermCovItemId="C32">
<MapEntry BoolAssgnmnt="0" Value="146"/>
</AssgnmntListEntry>
<AssgnmntListEntry Length="1" RootTermCovItemId="C33">
<MapEntry BoolAssgnmnt="0" Value="146"/>
</AssgnmntListEntry>
<AssgnmntListEntry Length="1" RootTermCovItemId="C34">
<MapEntry BoolAssgnmnt="0" Value="146"/>
</AssgnmntListEntry>
<AssgnmntListEntry Length="1" RootTermCovItemId="C35">
<MapEntry BoolAssgnmnt="0" Value="58"/>
<MapEntry BoolAssgnmnt="1" Value="88"/>
</AssgnmntListEntry>
<AssgnmntListEntry Length="1" RootTermCovItemId="C36">
<MapEntry BoolAssgnmnt="0" Value="88"/>
</AssgnmntListEntry>
<AssgnmntListEntry Length="1" RootTermCovItemId="C37">
<MapEntry BoolAssgnmnt="0" Value="88"/>
</AssgnmntListEntry>
<AssgnmntListEntry Length="5" RootTermCovItemId="C38">
<MapEntry BoolAssgnmnt="02002" Value="146"/>
<MapEntry BoolAssgnmnt="10122" Value="146"/>
<MapEntry BoolAssgnmnt="11221" Value="88"/>
<MapEntry BoolAssgnmnt="11220" Value="58"/>
<MapEntry BoolAssgnmnt="02010" Value="58"/>
<MapEntry BoolAssgnmnt="02011" Value="88"/>
</AssgnmntListEntry>
<AssgnmntListEntry Length="1" RootTermCovItemId="C39">
<MapEntry BoolAssgnmnt="0" Value="44"/>
<MapEntry BoolAssgnmnt="1" Value="424"/>
</AssgnmntListEntry>
<AssgnmntListEntry Length="1" RootTermCovItemId="C40">
<MapEntry BoolAssgnmnt="0" Value="424"/>
</AssgnmntListEntry>
<AssgnmntListEntry Length="2" RootTermCovItemId="C41">
<MapEntry BoolAssgnmnt="02" Value="424"/>
</AssgnmntListEntry>
<AssgnmntListEntry Length="1" RootTermCovItemId="C42">
<MapEntry BoolAssgnmnt="0" Value="2336"/>
<MapEntry BoolAssgnmnt="1" Value="2336"/>
</AssgnmntListEntry>
<AssgnmntListEntry Length="1" RootTermCovItemId="C43">
<MapEntry BoolAssgnmnt="0" Value="2190"/>
<MapEntry BoolAssgnmnt="1" Value="146"/>
</AssgnmntListEntry>
<AssgnmntListEntry Length="1" RootTermCovItemId="C44">
<MapEntry BoolAssgnmnt="0" Value="73"/>
<MapEntry BoolAssgnmnt="1" Value="73"/>
</AssgnmntListEntry>
<AssgnmntListEntry Length="1" RootTermCovItemId="C46">
<MapEntry BoolAssgnmnt="0" Value="1"/>
<MapEntry BoolAssgnmnt="1" Value="8"/>
</AssgnmntListEntry>
<AssgnmntListEntry Length="1" RootTermCovItemId="C47">
<MapEntry BoolAssgnmnt="0" Value="4"/>
<MapEntry BoolAssgnmnt="1" Value="4"/>
</AssgnmntListEntry>
<AssgnmntListEntry Length="1" RootTermCovItemId="C48">
<MapEntry BoolAssgnmnt="0" Value="4"/>
<MapEntry BoolAssgnmnt="1" Value="32"/>
</AssgnmntListEntry>
<AssgnmntListEntry Length="1" RootTermCovItemId="C49">
<MapEntry BoolAssgnmnt="0" Value="16"/>
<MapEntry BoolAssgnmnt="1" Value="16"/>
</AssgnmntListEntry>
<AssgnmntListEntry Length="1" RootTermCovItemId="C50">
<MapEntry BoolAssgnmnt="0" Value="4"/>
<MapEntry BoolAssgnmnt="1" Value="32"/>
</AssgnmntListEntry>
<AssgnmntListEntry Length="1" RootTermCovItemId="C51">
<MapEntry BoolAssgnmnt="0" Value="16"/>
<MapEntry BoolAssgnmnt="1" Value="16"/>
</AssgnmntListEntry>
<AssgnmntListEntry Length="1" RootTermCovItemId="C52">
<MapEntry BoolAssgnmnt="0" Value="2"/>
<MapEntry BoolAssgnmnt="1" Value="30"/>
</AssgnmntListEntry>
<AssgnmntListEntry Length="1" RootTermCovItemId="C53">
<MapEntry BoolAssgnmnt="1" Value="794"/>
</AssgnmntListEntry>
<AssgnmntListEntry Length="1" RootTermCovItemId="C54">
<MapEntry BoolAssgnmnt="0" Value="337"/>
<MapEntry BoolAssgnmnt="1" Value="457"/>
</AssgnmntListEntry>
<AssgnmntListEntry Length="3" RootTermCovItemId="C55">
<MapEntry BoolAssgnmnt="011" Value="35"/>
<MapEntry BoolAssgnmnt="010" Value="68"/>
<MapEntry BoolAssgnmnt="002" Value="234"/>
<MapEntry BoolAssgnmnt="120" Value="73"/>
<MapEntry BoolAssgnmnt="121" Value="51"/>
</AssgnmntListEntry>
<AssgnmntListEntry Length="3" RootTermCovItemId="C56">
<MapEntry BoolAssgnmnt="011" Value="46"/>
<MapEntry BoolAssgnmnt="010" Value="68"/>
<MapEntry BoolAssgnmnt="002" Value="86"/>
<MapEntry BoolAssgnmnt="120" Value="69"/>
<MapEntry BoolAssgnmnt="121" Value="51"/>
</AssgnmntListEntry>
</AssgnmntPrefix>
<AssgnmntPrefix RootTermCovItemPrefix="com.OriginalFiles.Field.java">
<AssgnmntListEntry Length="1" RootTermCovItemId="C1">
<MapEntry BoolAssgnmnt="0" Value="49"/>
<MapEntry BoolAssgnmnt="1" Value="38"/>
</AssgnmntListEntry>
</AssgnmntPrefix>
<AssgnmntPrefix RootTermCovItemPrefix="com.OriginalFiles.Piece.java">
<AssgnmntListEntry Length="2" RootTermCovItemId="C1">
<MapEntry BoolAssgnmnt="10" Value="32"/>
<MapEntry BoolAssgnmnt="02" Value="8"/>
<MapEntry BoolAssgnmnt="11" Value="13"/>
</AssgnmntListEntry>
<AssgnmntListEntry Length="5" RootTermCovItemId="C17">
<MapEntry BoolAssgnmnt="00210" Value="16"/>
<MapEntry BoolAssgnmnt="01002" Value="16"/>
<MapEntry BoolAssgnmnt="12222" Value="13"/>
</AssgnmntListEntry>
<AssgnmntListEntry Length="5" RootTermCovItemId="C18">
<MapEntry BoolAssgnmnt="00210" Value="12"/>
<MapEntry BoolAssgnmnt="00211" Value="4"/>
<MapEntry BoolAssgnmnt="01002" Value="12"/>
<MapEntry BoolAssgnmnt="12222" Value="13"/>
<MapEntry BoolAssgnmnt="01122" Value="4"/>
</AssgnmntListEntry>
<AssgnmntListEntry Length="1" RootTermCovItemId="C19">
<MapEntry BoolAssgnmnt="1" Value="8"/>
</AssgnmntListEntry>
<AssgnmntListEntry Length="2" RootTermCovItemId="C2">
<MapEntry BoolAssgnmnt="02" Value="3"/>
<MapEntry BoolAssgnmnt="11" Value="10"/>
</AssgnmntListEntry>
<AssgnmntListEntry Length="1" RootTermCovItemId="C20">
<MapEntry BoolAssgnmnt="0" Value="32"/>
<MapEntry BoolAssgnmnt="1" Value="13"/>
</AssgnmntListEntry>
<AssgnmntListEntry Length="1" RootTermCovItemId="C3">
<MapEntry BoolAssgnmnt="0" Value="8"/>
<MapEntry BoolAssgnmnt="1" Value="45"/>
</AssgnmntListEntry>
<AssgnmntListEntry Length="1" RootTermCovItemId="C5">
<MapEntry BoolAssgnmnt="0" Value="23"/>
<MapEntry BoolAssgnmnt="1" Value="22"/>
</AssgnmntListEntry>
<AssgnmntListEntry Length="1" RootTermCovItemId="C6">
<MapEntry BoolAssgnmnt="0" Value="8"/>
<MapEntry BoolAssgnmnt="1" Value="45"/>
</AssgnmntListEntry>
<AssgnmntListEntry Length="1" RootTermCovItemId="C7">
<MapEntry BoolAssgnmnt="0" Value="32"/>
<MapEntry BoolAssgnmnt="1" Value="13"/>
</AssgnmntListEntry>
<AssgnmntListEntry Length="1" RootTermCovItemId="C8">
<MapEntry BoolAssgnmnt="1" Value="45"/>
</AssgnmntListEntry>
<AssgnmntListEntry Length="1" RootTermCovItemId="C9">
<MapEntry BoolAssgnmnt="0" Value="45"/>
</AssgnmntListEntry>
</AssgnmntPrefix>
<AssgnmntPrefix RootTermCovItemPrefix="com.OriginalFiles.RemoteNXTFunctions.java">
<AssgnmntListEntry Length="1" RootTermCovItemId="C10">
<MapEntry BoolAssgnmnt="0" Value="64"/>
<MapEntry BoolAssgnmnt="1" Value="12"/>
</AssgnmntListEntry>
<AssgnmntListEntry Length="2" RootTermCovItemId="C11">
<MapEntry BoolAssgnmnt="02" Value="6"/>
<MapEntry BoolAssgnmnt="11" Value="6"/>
</AssgnmntListEntry>
<AssgnmntListEntry Length="2" RootTermCovItemId="C12">
<MapEntry BoolAssgnmnt="11" Value="6"/>
</AssgnmntListEntry>
<AssgnmntListEntry Length="1" RootTermCovItemId="C14">
<MapEntry BoolAssgnmnt="0" Value="51"/>
<MapEntry BoolAssgnmnt="1" Value="25"/>
</AssgnmntListEntry>
<AssgnmntListEntry Length="2" RootTermCovItemId="C15">
<MapEntry BoolAssgnmnt="10" Value="5"/>
<MapEntry BoolAssgnmnt="02" Value="15"/>
<MapEntry BoolAssgnmnt="11" Value="5"/>
</AssgnmntListEntry>
<AssgnmntListEntry Length="2" RootTermCovItemId="C16">
<MapEntry BoolAssgnmnt="02" Value="15"/>
<MapEntry BoolAssgnmnt="11" Value="5"/>
</AssgnmntListEntry>
<AssgnmntListEntry Length="1" RootTermCovItemId="C17">
<MapEntry BoolAssgnmnt="0" Value="15"/>
</AssgnmntListEntry>
<AssgnmntListEntry Length="1" RootTermCovItemId="C18">
<MapEntry BoolAssgnmnt="0" Value="76"/>
</AssgnmntListEntry>
<AssgnmntListEntry Length="1" RootTermCovItemId="C22">
<MapEntry BoolAssgnmnt="0" Value="76"/>
</AssgnmntListEntry>
<AssgnmntListEntry Length="1" RootTermCovItemId="C27">
<MapEntry BoolAssgnmnt="0" Value="37"/>
<MapEntry BoolAssgnmnt="1" Value="39"/>
</AssgnmntListEntry>
<AssgnmntListEntry Length="2" RootTermCovItemId="C28">
<MapEntry BoolAssgnmnt="10" Value="10"/>
<MapEntry BoolAssgnmnt="02" Value="28"/>
<MapEntry BoolAssgnmnt="11" Value="1"/>
</AssgnmntListEntry>
<AssgnmntListEntry Length="1" RootTermCovItemId="C29">
<MapEntry BoolAssgnmnt="0" Value="29"/>
<MapEntry BoolAssgnmnt="1" Value="9"/>
</AssgnmntListEntry>
<AssgnmntListEntry Length="1" RootTermCovItemId="C30">
<MapEntry BoolAssgnmnt="0" Value="37"/>
</AssgnmntListEntry>
<AssgnmntListEntry Length="1" RootTermCovItemId="C33">
<MapEntry BoolAssgnmnt="0" Value="37"/>
</AssgnmntListEntry>
<AssgnmntListEntry Length="1" RootTermCovItemId="C37">
<MapEntry BoolAssgnmnt="0" Value="37"/>
</AssgnmntListEntry>
<AssgnmntListEntry Length="1" RootTermCovItemId="C41">
<MapEntry BoolAssgnmnt="0" Value="37"/>
</AssgnmntListEntry>
<AssgnmntListEntry Length="1" RootTermCovItemId="C45">
<MapEntry BoolAssgnmnt="0" Value="37"/>
</AssgnmntListEntry>
<AssgnmntListEntry Length="1" RootTermCovItemId="C49">
<MapEntry BoolAssgnmnt="0" Value="37"/>
</AssgnmntListEntry>
<AssgnmntListEntry Length="1" RootTermCovItemId="C5">
<MapEntry BoolAssgnmnt="0" Value="76"/>
<MapEntry BoolAssgnmnt="1" Value="32"/>
</AssgnmntListEntry>
<AssgnmntListEntry Length="1" RootTermCovItemId="C54">
<MapEntry BoolAssgnmnt="0" Value="37"/>
</AssgnmntListEntry>
<AssgnmntListEntry Length="1" RootTermCovItemId="C59">
<MapEntry BoolAssgnmnt="0" Value="37"/>
</AssgnmntListEntry>
<AssgnmntListEntry Length="2" RootTermCovItemId="C6">
<MapEntry BoolAssgnmnt="11" Value="32"/>
</AssgnmntListEntry>
<AssgnmntListEntry Length="1" RootTermCovItemId="C64">
<MapEntry BoolAssgnmnt="0" Value="37"/>
</AssgnmntListEntry>
<AssgnmntListEntry Length="1" RootTermCovItemId="C69">
<MapEntry BoolAssgnmnt="0" Value="37"/>
</AssgnmntListEntry>
<AssgnmntListEntry Length="1" RootTermCovItemId="C73">
<MapEntry BoolAssgnmnt="0" Value="37"/>
</AssgnmntListEntry>
</AssgnmntPrefix>
</AssgnmntList>
<ObjMetaDataList/>
<MetaDataList/>
</TestCase>
<TestCase Comment="" Date="1386064449181" Name="com.Testing.AnalyzeTest:testGameHasEnded">
<CovList>
<CovPrefix CovItemPrefix="com.OriginalFiles.Analyze.java">
<Cov CovItemId="B107" Value="32"/>
<Cov CovItemId="B120" Value="144"/>
<Cov CovItemId="B121" Value="240"/>
<Cov CovItemId="B122" Value="72"/>
<Cov CovItemId="B123" Value="72"/>
<Cov CovItemId="B124" Value="16"/>
<Cov CovItemId="B125" Value="56"/>
<Cov CovItemId="B126" Value="72"/>
<Cov CovItemId="B127" Value="72"/>
<Cov CovItemId="B128" Value="16"/>
<Cov CovItemId="B129" Value="56"/>
<Cov CovItemId="B130" Value="2"/>
<Cov CovItemId="B131" Value="4"/>
<Cov CovItemId="B132" Value="2"/>
<Cov CovItemId="B133" Value="2"/>
<Cov CovItemId="B135" Value="2"/>
<Cov CovItemId="L16-2" Value="6"/>
<Cov CovItemId="L17-2" Value="48"/>
<Cov CovItemId="S199" Value="32"/>
<Cov CovItemId="S200" Value="32"/>
<Cov CovItemId="S201" Value="32"/>
<Cov CovItemId="S202" Value="32"/>
<Cov CovItemId="S203" Value="32"/>
<Cov CovItemId="S204" Value="32"/>
<Cov CovItemId="S221" Value="6"/>
<Cov CovItemId="S222" Value="6"/>
<Cov CovItemId="S223" Value="6"/>
<Cov CovItemId="S224" Value="6"/>
<Cov CovItemId="S225" Value="6"/>
<Cov CovItemId="S226" Value="6"/>
<Cov CovItemId="S227" Value="48"/>
<Cov CovItemId="S228" Value="384"/>
<Cov CovItemId="S229" Value="144"/>
<Cov CovItemId="S230" Value="72"/>
<Cov CovItemId="S231" Value="72"/>
<Cov CovItemId="S232" Value="16"/>
<Cov CovItemId="S233" Value="144"/>
<Cov CovItemId="S234" Value="72"/>
<Cov CovItemId="S235" Value="72"/>
<Cov CovItemId="S236" Value="16"/>
<Cov CovItemId="S237" Value="6"/>
<Cov CovItemId="S238" Value="2"/>
<Cov CovItemId="S239" Value="4"/>
<Cov CovItemId="S240" Value="2"/>
<Cov CovItemId="S241" Value="2"/>
<Cov CovItemId="S250" Value="2"/>
</CovPrefix>
<CovPrefix CovItemPrefix="com.OriginalFiles.Board.java">
<Cov CovItemId="B41" Value="224"/>
<Cov CovItemId="B42" Value="64"/>
<Cov CovItemId="B44" Value="144"/>
<Cov CovItemId="B45" Value="28"/>
<Cov CovItemId="B46" Value="116"/>
<Cov CovItemId="B47" Value="28"/>
<Cov CovItemId="B48" Value="116"/>
<Cov CovItemId="B50" Value="144"/>
<Cov CovItemId="B55" Value="288"/>
<Cov CovItemId="B56" Value="288"/>
<Cov CovItemId="B57" Value="168"/>
<Cov CovItemId="B58" Value="120"/>
<Cov CovItemId="B59" Value="168"/>
<Cov CovItemId="B62" Value="168"/>
<Cov CovItemId="B63" Value="192"/>
<Cov CovItemId="B64" Value="192"/>
<Cov CovItemId="B65" Value="144"/>
<Cov CovItemId="B66" Value="48"/>
<Cov CovItemId="B67" Value="72"/>
<Cov CovItemId="B68" Value="72"/>
<Cov CovItemId="B79" Value="600"/>
<Cov CovItemId="B81" Value="552"/>
<Cov CovItemId="B82" Value="48"/>
<Cov CovItemId="B83" Value="168"/>
<Cov CovItemId="B84" Value="476"/>
<Cov CovItemId="B85" Value="96"/>
<Cov CovItemId="B86" Value="380"/>
<Cov CovItemId="L10-2" Value="96"/>
<Cov CovItemId="L13-2" Value="6"/>
<Cov CovItemId="L14-2" Value="48"/>
<Cov CovItemId="L9-2" Value="12"/>
<Cov CovItemId="S115" Value="288"/>
<Cov CovItemId="S116" Value="224"/>
<Cov CovItemId="S117" Value="64"/>
<Cov CovItemId="S118" Value="144"/>
<Cov CovItemId="S119" Value="144"/>
<Cov CovItemId="S121" Value="144"/>
<Cov CovItemId="S122" Value="144"/>
<Cov CovItemId="S123" Value="144"/>
<Cov CovItemId="S124" Value="144"/>
<Cov CovItemId="S125" Value="28"/>
<Cov CovItemId="S126" Value="144"/>
<Cov CovItemId="S127" Value="28"/>
<Cov CovItemId="S128" Value="144"/>
<Cov CovItemId="S133" Value="144"/>
<Cov CovItemId="S134" Value="144"/>
<Cov CovItemId="S135" Value="576"/>
<Cov CovItemId="S136" Value="288"/>
<Cov CovItemId="S137" Value="288"/>
<Cov CovItemId="S138" Value="168"/>
<Cov CovItemId="S139" Value="168"/>
<Cov CovItemId="S141" Value="288"/>
<Cov CovItemId="S142" Value="576"/>
<Cov CovItemId="S143" Value="6"/>
<Cov CovItemId="S144" Value="6"/>
<Cov CovItemId="S145" Value="48"/>
<Cov CovItemId="S146" Value="384"/>
<Cov CovItemId="S147" Value="192"/>
<Cov CovItemId="S148" Value="144"/>
<Cov CovItemId="S149" Value="72"/>
<Cov CovItemId="S150" Value="72"/>
<Cov CovItemId="S151" Value="6"/>
<Cov CovItemId="S176" Value="600"/>
<Cov CovItemId="S177" Value="600"/>
<Cov CovItemId="S178" Value="552"/>
<Cov CovItemId="S179" Value="48"/>
<Cov CovItemId="S180" Value="644"/>
<Cov CovItemId="S181" Value="168"/>
<Cov CovItemId="S182" Value="476"/>
<Cov CovItemId="S183" Value="96"/>
<Cov CovItemId="S184" Value="380"/>
<Cov CovItemId="S185" Value="1240"/>
<Cov CovItemId="S61" Value="12"/>
<Cov CovItemId="S62" Value="96"/>
<Cov CovItemId="S63" Value="768"/>
</CovPrefix>
<CovPrefix CovItemPrefix="com.OriginalFiles.Field.java">
<Cov CovItemId="B1" Value="32"/>
<Cov CovItemId="B2" Value="8"/>
<Cov CovItemId="S1" Value="88"/>
<Cov CovItemId="S13" Value="64"/>
<Cov CovItemId="S2" Value="88"/>
<Cov CovItemId="S5" Value="40"/>
<Cov CovItemId="S6" Value="40"/>
<Cov CovItemId="S7" Value="32"/>
<Cov CovItemId="S8" Value="1964"/>
<Cov CovItemId="S9" Value="1248"/>
</CovPrefix>
<CovPrefix CovItemPrefix="com.OriginalFiles.Piece.java">
<Cov CovItemId="B10" Value="12"/>
<Cov CovItemId="B11" Value="24"/>
<Cov CovItemId="B12" Value="8"/>
<Cov CovItemId="B14" Value="24"/>
<Cov CovItemId="B15" Value="24"/>
<Cov CovItemId="B18" Value="24"/>
<Cov CovItemId="B2" Value="32"/>
<Cov CovItemId="B34" Value="24"/>
<Cov CovItemId="B35" Value="8"/>
<Cov CovItemId="B36" Value="16"/>
<Cov CovItemId="B37" Value="8"/>
<Cov CovItemId="B40" Value="24"/>
<Cov CovItemId="B5" Value="24"/>
<Cov CovItemId="B6" Value="8"/>
<Cov CovItemId="B9" Value="12"/>
<Cov CovItemId="S1" Value="32"/>
<Cov CovItemId="S10" Value="32"/>
<Cov CovItemId="S11" Value="32"/>
<Cov CovItemId="S12" Value="32"/>
<Cov CovItemId="S13" Value="32"/>
<Cov CovItemId="S14" Value="32"/>
<Cov CovItemId="S15" Value="32"/>
<Cov CovItemId="S16" Value="32"/>
<Cov CovItemId="S17" Value="32"/>
<Cov CovItemId="S18" Value="32"/>
<Cov CovItemId="S19" Value="32"/>
<Cov CovItemId="S2" Value="32"/>
<Cov CovItemId="S20" Value="32"/>
<Cov CovItemId="S21" Value="32"/>
<Cov CovItemId="S24" Value="32"/>
<Cov CovItemId="S25" Value="32"/>
<Cov CovItemId="S26" Value="32"/>
<Cov CovItemId="S3" Value="32"/>
<Cov CovItemId="S30" Value="32"/>
<Cov CovItemId="S31" Value="32"/>
<Cov CovItemId="S32" Value="32"/>
<Cov CovItemId="S33" Value="24"/>
<Cov CovItemId="S34" Value="8"/>
<Cov CovItemId="S35" Value="8"/>
<Cov CovItemId="S39" Value="24"/>
<Cov CovItemId="S4" Value="32"/>
<Cov CovItemId="S40" Value="12"/>
<Cov CovItemId="S41" Value="12"/>
<Cov CovItemId="S42" Value="32"/>
<Cov CovItemId="S43" Value="32"/>
<Cov CovItemId="S44" Value="24"/>
<Cov CovItemId="S45" Value="24"/>
<Cov CovItemId="S46" Value="24"/>
<Cov CovItemId="S48" Value="24"/>
<Cov CovItemId="S49" Value="24"/>
<Cov CovItemId="S5" Value="32"/>
<Cov CovItemId="S50" Value="24"/>
<Cov CovItemId="S6" Value="32"/>
<Cov CovItemId="S65" Value="24"/>
<Cov CovItemId="S67" Value="24"/>
<Cov CovItemId="S68" Value="8"/>
<Cov CovItemId="S69" Value="8"/>
<Cov CovItemId="S7" Value="32"/>
<Cov CovItemId="S70" Value="8"/>
<Cov CovItemId="S71" Value="24"/>
<Cov CovItemId="S73" Value="24"/>
<Cov CovItemId="S8" Value="32"/>
<Cov CovItemId="S9" Value="32"/>
</CovPrefix>
<CovPrefix CovItemPrefix="com.OriginalFiles.RemoteNXTFunctions.java">
<Cov CovItemId="B5" Value="32"/>
<Cov CovItemId="B7" Value="32"/>
<Cov CovItemId="S162" Value="32"/>
<Cov CovItemId="S19" Value="32"/>
<Cov CovItemId="S20" Value="32"/>
<Cov CovItemId="S21" Value="32"/>
<Cov CovItemId="S22" Value="32"/>
</CovPrefix>
</CovList>
<AssgnmntList>
<AssgnmntPrefix RootTermCovItemPrefix="com.OriginalFiles.Analyze.java">
<AssgnmntListEntry Length="6" RootTermCovItemId="C66">
<MapEntry BoolAssgnmnt="111111" Value="32"/>
</AssgnmntListEntry>
<AssgnmntListEntry Length="1" RootTermCovItemId="C70">
<MapEntry BoolAssgnmnt="0" Value="144"/>
<MapEntry BoolAssgnmnt="1" Value="240"/>
</AssgnmntListEntry>
<AssgnmntListEntry Length="1" RootTermCovItemId="C71">
<MapEntry BoolAssgnmnt="0" Value="72"/>
<MapEntry BoolAssgnmnt="1" Value="72"/>
</AssgnmntListEntry>
<AssgnmntListEntry Length="1" RootTermCovItemId="C72">
<MapEntry BoolAssgnmnt="0" Value="56"/>
<MapEntry BoolAssgnmnt="1" Value="16"/>
</AssgnmntListEntry>
<AssgnmntListEntry Length="1" RootTermCovItemId="C73">
<MapEntry BoolAssgnmnt="0" Value="72"/>
<MapEntry BoolAssgnmnt="1" Value="72"/>
</AssgnmntListEntry>
<AssgnmntListEntry Length="1" RootTermCovItemId="C74">
<MapEntry BoolAssgnmnt="0" Value="56"/>
<MapEntry BoolAssgnmnt="1" Value="16"/>
</AssgnmntListEntry>
<AssgnmntListEntry Length="3" RootTermCovItemId="C75">
<MapEntry BoolAssgnmnt="012" Value="2"/>
<MapEntry BoolAssgnmnt="122" Value="2"/>
<MapEntry BoolAssgnmnt="001" Value="2"/>
</AssgnmntListEntry>
<AssgnmntListEntry Length="3" RootTermCovItemId="C76">
<MapEntry BoolAssgnmnt="011" Value="1"/>
<MapEntry BoolAssgnmnt="122" Value="2"/>
<MapEntry BoolAssgnmnt="002" Value="1"/>
</AssgnmntListEntry>
<AssgnmntListEntry Length="2" RootTermCovItemId="C77">
<MapEntry BoolAssgnmnt="02" Value="2"/>
</AssgnmntListEntry>
</AssgnmntPrefix>
<AssgnmntPrefix RootTermCovItemPrefix="com.OriginalFiles.Board.java">
<AssgnmntListEntry Length="1" RootTermCovItemId="C31">
<MapEntry BoolAssgnmnt="0" Value="64"/>
<MapEntry BoolAssgnmnt="1" Value="224"/>
</AssgnmntListEntry>
<AssgnmntListEntry Length="1" RootTermCovItemId="C32">
<MapEntry BoolAssgnmnt="0" Value="144"/>
</AssgnmntListEntry>
<AssgnmntListEntry Length="1" RootTermCovItemId="C33">
<MapEntry BoolAssgnmnt="0" Value="28"/>
<MapEntry BoolAssgnmnt="1" Value="116"/>
</AssgnmntListEntry>
<AssgnmntListEntry Length="1" RootTermCovItemId="C34">
<MapEntry BoolAssgnmnt="0" Value="28"/>
<MapEntry BoolAssgnmnt="1" Value="116"/>
</AssgnmntListEntry>
<AssgnmntListEntry Length="1" RootTermCovItemId="C35">
<MapEntry BoolAssgnmnt="0" Value="144"/>
</AssgnmntListEntry>
<AssgnmntListEntry Length="5" RootTermCovItemId="C38">
<MapEntry BoolAssgnmnt="02002" Value="144"/>
<MapEntry BoolAssgnmnt="10122" Value="144"/>
<MapEntry BoolAssgnmnt="11220" Value="144"/>
<MapEntry BoolAssgnmnt="02010" Value="144"/>
</AssgnmntListEntry>
<AssgnmntListEntry Length="1" RootTermCovItemId="C39">
<MapEntry BoolAssgnmnt="0" Value="120"/>
<MapEntry BoolAssgnmnt="1" Value="168"/>
</AssgnmntListEntry>
<AssgnmntListEntry Length="1" RootTermCovItemId="C40">
<MapEntry BoolAssgnmnt="0" Value="168"/>
</AssgnmntListEntry>
<AssgnmntListEntry Length="2" RootTermCovItemId="C41">
<MapEntry BoolAssgnmnt="02" Value="168"/>
</AssgnmntListEntry>
<AssgnmntListEntry Length="1" RootTermCovItemId="C42">
<MapEntry BoolAssgnmnt="0" Value="192"/>
<MapEntry BoolAssgnmnt="1" Value="192"/>
</AssgnmntListEntry>
<AssgnmntListEntry Length="1" RootTermCovItemId="C43">
<MapEntry BoolAssgnmnt="0" Value="48"/>
<MapEntry BoolAssgnmnt="1" Value="144"/>
</AssgnmntListEntry>
<AssgnmntListEntry Length="1" RootTermCovItemId="C44">
<MapEntry BoolAssgnmnt="0" Value="72"/>
<MapEntry BoolAssgnmnt="1" Value="72"/>
</AssgnmntListEntry>
<AssgnmntListEntry Length="1" RootTermCovItemId="C53">
<MapEntry BoolAssgnmnt="1" Value="600"/>
</AssgnmntListEntry>
<AssgnmntListEntry Length="1" RootTermCovItemId="C54">
<MapEntry BoolAssgnmnt="0" Value="552"/>
<MapEntry BoolAssgnmnt="1" Value="48"/>
</AssgnmntListEntry>
<AssgnmntListEntry Length="3" RootTermCovItemId="C55">
<MapEntry BoolAssgnmnt="002" Value="320"/>
<MapEntry BoolAssgnmnt="120" Value="168"/>
<MapEntry BoolAssgnmnt="121" Value="156"/>
</AssgnmntListEntry>
<AssgnmntListEntry Length="3" RootTermCovItemId="C56">
<MapEntry BoolAssgnmnt="002" Value="156"/>
<MapEntry BoolAssgnmnt="120" Value="224"/>
<MapEntry BoolAssgnmnt="121" Value="96"/>
</AssgnmntListEntry>
</AssgnmntPrefix>
<AssgnmntPrefix RootTermCovItemPrefix="com.OriginalFiles.Field.java">
<AssgnmntListEntry Length="1" RootTermCovItemId="C1">
<MapEntry BoolAssgnmnt="0" Value="32"/>
<MapEntry BoolAssgnmnt="1" Value="8"/>
</AssgnmntListEntry>
</AssgnmntPrefix>
<AssgnmntPrefix RootTermCovItemPrefix="com.OriginalFiles.Piece.java">
<AssgnmntListEntry Length="2" RootTermCovItemId="C1">
<MapEntry BoolAssgnmnt="10" Value="24"/>
<MapEntry BoolAssgnmnt="02" Value="8"/>
</AssgnmntListEntry>
<AssgnmntListEntry Length="5" RootTermCovItemId="C17">
<MapEntry BoolAssgnmnt="00210" Value="12"/>
<MapEntry BoolAssgnmnt="01002" Value="12"/>
</AssgnmntListEntry>
<AssgnmntListEntry Length="5" RootTermCovItemId="C18">
<MapEntry BoolAssgnmnt="00210" Value="8"/>
<MapEntry BoolAssgnmnt="00211" Value="4"/>
<MapEntry BoolAssgnmnt="01002" Value="8"/>
<MapEntry BoolAssgnmnt="01122" Value="4"/>
</AssgnmntListEntry>
<AssgnmntListEntry Length="1" RootTermCovItemId="C19">
<MapEntry BoolAssgnmnt="1" Value="8"/>
</AssgnmntListEntry>
<AssgnmntListEntry Length="1" RootTermCovItemId="C20">
<MapEntry BoolAssgnmnt="0" Value="24"/>
</AssgnmntListEntry>
<AssgnmntListEntry Length="1" RootTermCovItemId="C3">
<MapEntry BoolAssgnmnt="0" Value="8"/>
<MapEntry BoolAssgnmnt="1" Value="24"/>
</AssgnmntListEntry>
<AssgnmntListEntry Length="1" RootTermCovItemId="C5">
<MapEntry BoolAssgnmnt="0" Value="12"/>
<MapEntry BoolAssgnmnt="1" Value="12"/>
</AssgnmntListEntry>
<AssgnmntListEntry Length="1" RootTermCovItemId="C6">
<MapEntry BoolAssgnmnt="0" Value="8"/>
<MapEntry BoolAssgnmnt="1" Value="24"/>
</AssgnmntListEntry>
<AssgnmntListEntry Length="1" RootTermCovItemId="C7">
<MapEntry BoolAssgnmnt="0" Value="24"/>
</AssgnmntListEntry>
<AssgnmntListEntry Length="1" RootTermCovItemId="C8">
<MapEntry BoolAssgnmnt="1" Value="24"/>
</AssgnmntListEntry>
<AssgnmntListEntry Length="1" RootTermCovItemId="C9">
<MapEntry BoolAssgnmnt="0" Value="24"/>
</AssgnmntListEntry>
</AssgnmntPrefix>
<AssgnmntPrefix RootTermCovItemPrefix="com.OriginalFiles.RemoteNXTFunctions.java">
<AssgnmntListEntry Length="1" RootTermCovItemId="C5">
<MapEntry BoolAssgnmnt="1" Value="32"/>
</AssgnmntListEntry>
<AssgnmntListEntry Length="2" RootTermCovItemId="C6">
<MapEntry BoolAssgnmnt="11" Value="32"/>
</AssgnmntListEntry>
</AssgnmntPrefix>
</AssgnmntList>
<ObjMetaDataList/>
<MetaDataList/>
</TestCase>
<TestCase Comment="" Date="1386064449182" Name="com.Testing.MoveTest:testAddStep">
<CovList>
<CovPrefix CovItemPrefix="com.OriginalFiles.Field.java">
<Cov CovItemId="S1" Value="3"/>
<Cov CovItemId="S2" Value="3"/>
<Cov CovItemId="S3" Value="3"/>
<Cov CovItemId="S4" Value="3"/>
</CovPrefix>
<CovPrefix CovItemPrefix="com.OriginalFiles.Move.java">
<Cov CovItemId="S1" Value="1"/>
<Cov CovItemId="S17" Value="1"/>
<Cov CovItemId="S2" Value="1"/>
<Cov CovItemId="S3" Value="1"/>
<Cov CovItemId="S4" Value="1"/>
<Cov CovItemId="S5" Value="1"/>
<Cov CovItemId="S6" Value="1"/>
<Cov CovItemId="S7" Value="1"/>
</CovPrefix>
</CovList>
<AssgnmntList/>
<ObjMetaDataList/>
<MetaDataList/>
</TestCase>
<TestCase Comment="" Date="1386064449183" Name="com.Testing.MoveTest:testMove">
<CovList>
<CovPrefix CovItemPrefix="com.OriginalFiles.Move.java">
<Cov CovItemId="B2" Value="1"/>
<Cov CovItemId="S1" Value="1"/>
<Cov CovItemId="S10" Value="1"/>
<Cov CovItemId="S11" Value="1"/>
<Cov CovItemId="S12" Value="1"/>
<Cov CovItemId="S16" Value="1"/>
<Cov CovItemId="S2" Value="1"/>
</CovPrefix>
</CovList>
<AssgnmntList>
<AssgnmntPrefix RootTermCovItemPrefix="com.OriginalFiles.Move.java">
<AssgnmntListEntry Length="1" RootTermCovItemId="C1">
<MapEntry BoolAssgnmnt="0" Value="1"/>
</AssgnmntListEntry>
</AssgnmntPrefix>
</AssgnmntList>
<ObjMetaDataList/>
<MetaDataList/>
</TestCase>
<TestCase Comment="" Date="1386064449183" Name="com.Testing.MoveTest:testMoveFieldFieldBoolean">
<CovList>
<CovPrefix CovItemPrefix="com.OriginalFiles.Field.java">
<Cov CovItemId="S1" Value="2"/>
<Cov CovItemId="S2" Value="2"/>
<Cov CovItemId="S3" Value="2"/>
<Cov CovItemId="S4" Value="2"/>
</CovPrefix>
<CovPrefix CovItemPrefix="com.OriginalFiles.Move.java">
<Cov CovItemId="B1" Value="1"/>
<Cov CovItemId="S1" Value="1"/>
<Cov CovItemId="S12" Value="1"/>
<Cov CovItemId="S13" Value="1"/>
<Cov CovItemId="S14" Value="1"/>
<Cov CovItemId="S15" Value="1"/>
<Cov CovItemId="S2" Value="1"/>
<Cov CovItemId="S3" Value="1"/>
<Cov CovItemId="S4" Value="1"/>
<Cov CovItemId="S5" Value="1"/>
<Cov CovItemId="S6" Value="1"/>
<Cov CovItemId="S7" Value="1"/>
</CovPrefix>
</CovList>
<AssgnmntList>
<AssgnmntPrefix RootTermCovItemPrefix="com.OriginalFiles.Move.java">
<AssgnmntListEntry Length="1" RootTermCovItemId="C1">
<MapEntry BoolAssgnmnt="1" Value="1"/>
</AssgnmntListEntry>
</AssgnmntPrefix>
</AssgnmntList>
<ObjMetaDataList/>
<MetaDataList/>
</TestCase>
<TestCase Comment="" Date="1386064449184" Name="com.Testing.MoveTest:testMoveListOfFieldBoolean">
<CovList>
<CovPrefix CovItemPrefix="com.OriginalFiles.Field.java">
<Cov CovItemId="S1" Value="2"/>
<Cov CovItemId="S2" Value="2"/>
<Cov CovItemId="S3" Value="2"/>
<Cov CovItemId="S4" Value="2"/>
</CovPrefix>
<CovPrefix CovItemPrefix="com.OriginalFiles.Move.java">
<Cov CovItemId="B1" Value="1"/>
<Cov CovItemId="S1" Value="1"/>
<Cov CovItemId="S12" Value="1"/>
<Cov CovItemId="S13" Value="1"/>
<Cov CovItemId="S14" Value="1"/>
<Cov CovItemId="S15" Value="1"/>
<Cov CovItemId="S2" Value="1"/>
<Cov CovItemId="S8" Value="1"/>
<Cov CovItemId="S9" Value="1"/>
</CovPrefix>
</CovList>
<AssgnmntList>
<AssgnmntPrefix RootTermCovItemPrefix="com.OriginalFiles.Move.java">
<AssgnmntListEntry Length="1" RootTermCovItemId="C1">
<MapEntry BoolAssgnmnt="1" Value="1"/>
</AssgnmntListEntry>
</AssgnmntPrefix>
</AssgnmntList>
<ObjMetaDataList/>
<MetaDataList/>
</TestCase>
<TestCase Comment="" Date="1386064449184" Name="com.Testing.MoveTest:testIsJump">
<CovList>
<CovPrefix CovItemPrefix="com.OriginalFiles.Field.java">
<Cov CovItemId="S1" Value="4"/>
<Cov CovItemId="S2" Value="4"/>
<Cov CovItemId="S3" Value="4"/>
<Cov CovItemId="S4" Value="4"/>
</CovPrefix>
<CovPrefix CovItemPrefix="com.OriginalFiles.Move.java">
<Cov CovItemId="B1" Value="2"/>
<Cov CovItemId="S1" Value="2"/>
<Cov CovItemId="S12" Value="2"/>
<Cov CovItemId="S13" Value="2"/>
<Cov CovItemId="S14" Value="2"/>
<Cov CovItemId="S15" Value="2"/>
<Cov CovItemId="S2" Value="2"/>
<Cov CovItemId="S3" Value="2"/>
<Cov CovItemId="S4" Value="2"/>
<Cov CovItemId="S5" Value="2"/>
<Cov CovItemId="S6" Value="2"/>
<Cov CovItemId="S7" Value="2"/>
</CovPrefix>
</CovList>
<AssgnmntList>
<AssgnmntPrefix RootTermCovItemPrefix="com.OriginalFiles.Move.java">
<AssgnmntListEntry Length="1" RootTermCovItemId="C1">
<MapEntry BoolAssgnmnt="1" Value="2"/>
</AssgnmntListEntry>
</AssgnmntPrefix>
</AssgnmntList>
<ObjMetaDataList/>
<MetaDataList/>
</TestCase>
<TestCase Comment="" Date="1386064449185" Name="com.Testing.FieldTest:testGetPieceOnField">
<CovList>
<CovPrefix CovItemPrefix="com.OriginalFiles.Board.java">
<Cov CovItemId="B83" Value="2"/>
<Cov CovItemId="B84" Value="2"/>
<Cov CovItemId="B86" Value="2"/>
<Cov CovItemId="S180" Value="4"/>
<Cov CovItemId="S181" Value="2"/>
<Cov CovItemId="S182" Value="2"/>
<Cov CovItemId="S184" Value="2"/>
<Cov CovItemId="S185" Value="4"/>
</CovPrefix>
<CovPrefix CovItemPrefix="com.OriginalFiles.Field.java">
<Cov CovItemId="B1" Value="1"/>
<Cov CovItemId="S1" Value="1"/>
<Cov CovItemId="S2" Value="1"/>
<Cov CovItemId="S5" Value="1"/>
<Cov CovItemId="S6" Value="1"/>
<Cov CovItemId="S7" Value="1"/>
<Cov CovItemId="S8" Value="2"/>
<Cov CovItemId="S9" Value="1"/>
</CovPrefix>
<CovPrefix CovItemPrefix="com.OriginalFiles.Piece.java">
<Cov CovItemId="B1" Value="1"/>
<Cov CovItemId="B11" Value="2"/>
<Cov CovItemId="B13" Value="1"/>
<Cov CovItemId="B14" Value="1"/>
<Cov CovItemId="B15" Value="2"/>
<Cov CovItemId="B18" Value="2"/>
<Cov CovItemId="B2" Value="1"/>
<Cov CovItemId="B34" Value="2"/>
<Cov CovItemId="B36" Value="2"/>
<Cov CovItemId="B39" Value="1"/>
<Cov CovItemId="B4" Value="1"/>
<Cov CovItemId="B40" Value="1"/>
<Cov CovItemId="B5" Value="2"/>
<Cov CovItemId="B9" Value="2"/>
<Cov CovItemId="S1" Value="1"/>
<Cov CovItemId="S10" Value="1"/>
<Cov CovItemId="S11" Value="1"/>
<Cov CovItemId="S12" Value="1"/>
<Cov CovItemId="S13" Value="1"/>
<Cov CovItemId="S14" Value="1"/>
<Cov CovItemId="S15" Value="1"/>
<Cov CovItemId="S16" Value="1"/>
<Cov CovItemId="S17" Value="1"/>
<Cov CovItemId="S18" Value="1"/>
<Cov CovItemId="S19" Value="1"/>
<Cov CovItemId="S2" Value="1"/>
<Cov CovItemId="S20" Value="1"/>
<Cov CovItemId="S21" Value="1"/>
<Cov CovItemId="S22" Value="1"/>
<Cov CovItemId="S23" Value="1"/>
<Cov CovItemId="S24" Value="2"/>
<Cov CovItemId="S25" Value="2"/>
<Cov CovItemId="S26" Value="2"/>
<Cov CovItemId="S27" Value="1"/>
<Cov CovItemId="S29" Value="1"/>
<Cov CovItemId="S3" Value="1"/>
<Cov CovItemId="S30" Value="1"/>
<Cov CovItemId="S31" Value="2"/>
<Cov CovItemId="S32" Value="2"/>
<Cov CovItemId="S33" Value="2"/>
<Cov CovItemId="S39" Value="2"/>
<Cov CovItemId="S4" Value="1"/>
<Cov CovItemId="S40" Value="2"/>
<Cov CovItemId="S42" Value="2"/>
<Cov CovItemId="S43" Value="2"/>
<Cov CovItemId="S44" Value="2"/>
<Cov CovItemId="S45" Value="2"/>
<Cov CovItemId="S46" Value="2"/>
<Cov CovItemId="S47" Value="1"/>
<Cov CovItemId="S48" Value="2"/>
<Cov CovItemId="S49" Value="2"/>
<Cov CovItemId="S5" Value="1"/>
<Cov CovItemId="S50" Value="2"/>
<Cov CovItemId="S6" Value="1"/>
<Cov CovItemId="S65" Value="2"/>
<Cov CovItemId="S67" Value="2"/>
<Cov CovItemId="S7" Value="1"/>
<Cov CovItemId="S71" Value="2"/>
<Cov CovItemId="S72" Value="1"/>
<Cov CovItemId="S73" Value="2"/>
<Cov CovItemId="S8" Value="1"/>
<Cov CovItemId="S9" Value="1"/>
</CovPrefix>
</CovList>
<AssgnmntList>
<AssgnmntPrefix RootTermCovItemPrefix="com.OriginalFiles.Board.java">
<AssgnmntListEntry Length="3" RootTermCovItemId="C55">
<MapEntry BoolAssgnmnt="120" Value="2"/>
<MapEntry BoolAssgnmnt="121" Value="2"/>
</AssgnmntListEntry>
<AssgnmntListEntry Length="3" RootTermCovItemId="C56">
<MapEntry BoolAssgnmnt="002" Value="2"/>
</AssgnmntListEntry>
</AssgnmntPrefix>
<AssgnmntPrefix RootTermCovItemPrefix="com.OriginalFiles.Field.java">
<AssgnmntListEntry Length="1" RootTermCovItemId="C1">
<MapEntry BoolAssgnmnt="0" Value="1"/>
</AssgnmntListEntry>
</AssgnmntPrefix>
<AssgnmntPrefix RootTermCovItemPrefix="com.OriginalFiles.Piece.java">
<AssgnmntListEntry Length="2" RootTermCovItemId="C1">
<MapEntry BoolAssgnmnt="10" Value="1"/>
<MapEntry BoolAssgnmnt="11" Value="1"/>
</AssgnmntListEntry>
<AssgnmntListEntry Length="5" RootTermCovItemId="C17">
<MapEntry BoolAssgnmnt="00210" Value="1"/>
<MapEntry BoolAssgnmnt="12222" Value="1"/>
</AssgnmntListEntry>
<AssgnmntListEntry Length="5" RootTermCovItemId="C18">
<MapEntry BoolAssgnmnt="00210" Value="1"/>
<MapEntry BoolAssgnmnt="12222" Value="1"/>
</AssgnmntListEntry>
<AssgnmntListEntry Length="2" RootTermCovItemId="C2">
<MapEntry BoolAssgnmnt="02" Value="1"/>
</AssgnmntListEntry>
<AssgnmntListEntry Length="1" RootTermCovItemId="C20">
<MapEntry BoolAssgnmnt="0" Value="1"/>
<MapEntry BoolAssgnmnt="1" Value="1"/>
</AssgnmntListEntry>
<AssgnmntListEntry Length="1" RootTermCovItemId="C3">
<MapEntry BoolAssgnmnt="1" Value="2"/>
</AssgnmntListEntry>
<AssgnmntListEntry Length="1" RootTermCovItemId="C5">
<MapEntry BoolAssgnmnt="1" Value="2"/>
</AssgnmntListEntry>
<AssgnmntListEntry Length="1" RootTermCovItemId="C6">
<MapEntry BoolAssgnmnt="1" Value="2"/>
</AssgnmntListEntry>
<AssgnmntListEntry Length="1" RootTermCovItemId="C7">
<MapEntry BoolAssgnmnt="0" Value="1"/>
<MapEntry BoolAssgnmnt="1" Value="1"/>
</AssgnmntListEntry>
<AssgnmntListEntry Length="1" RootTermCovItemId="C8">
<MapEntry BoolAssgnmnt="1" Value="2"/>
</AssgnmntListEntry>
<AssgnmntListEntry Length="1" RootTermCovItemId="C9">
<MapEntry BoolAssgnmnt="0" Value="2"/>
</AssgnmntListEntry>
</AssgnmntPrefix>
</AssgnmntList>
<ObjMetaDataList/>
<MetaDataList/>
</TestCase>
<TestCase Comment="" Date="1386064449186" Name="com.Testing.FieldTest:testIsPieceOfColor">
<CovList>
<CovPrefix CovItemPrefix="com.OriginalFiles.Board.java">
<Cov CovItemId="B83" Value="4"/>
<Cov CovItemId="B84" Value="4"/>
<Cov CovItemId="B86" Value="4"/>
<Cov CovItemId="S180" Value="8"/>
<Cov CovItemId="S181" Value="4"/>
<Cov CovItemId="S182" Value="4"/>
<Cov CovItemId="S184" Value="4"/>
<Cov CovItemId="S185" Value="4"/>
</CovPrefix>
<CovPrefix CovItemPrefix="com.OriginalFiles.Field.java">
<Cov CovItemId="B1" Value="1"/>
<Cov CovItemId="B4" Value="4"/>
<Cov CovItemId="S1" Value="1"/>
<Cov CovItemId="S10" Value="4"/>
<Cov CovItemId="S12" Value="4"/>
<Cov CovItemId="S2" Value="1"/>
<Cov CovItemId="S5" Value="1"/>
<Cov CovItemId="S6" Value="1"/>
<Cov CovItemId="S7" Value="1"/>
<Cov CovItemId="S8" Value="1"/>
<Cov CovItemId="S9" Value="5"/>
</CovPrefix>
<CovPrefix CovItemPrefix="com.OriginalFiles.Piece.java">
<Cov CovItemId="B11" Value="2"/>
<Cov CovItemId="B14" Value="2"/>
<Cov CovItemId="B15" Value="2"/>
<Cov CovItemId="B18" Value="2"/>
<Cov CovItemId="B2" Value="2"/>
<Cov CovItemId="B34" Value="2"/>
<Cov CovItemId="B35" Value="2"/>
<Cov CovItemId="B37" Value="2"/>
<Cov CovItemId="B40" Value="2"/>
<Cov CovItemId="B5" Value="2"/>
<Cov CovItemId="B9" Value="2"/>
<Cov CovItemId="S1" Value="1"/>
<Cov CovItemId="S10" Value="1"/>
<Cov CovItemId="S11" Value="1"/>
<Cov CovItemId="S12" Value="1"/>
<Cov CovItemId="S13" Value="1"/>
<Cov CovItemId="S14" Value="1"/>
<Cov CovItemId="S15" Value="1"/>
<Cov CovItemId="S16" Value="1"/>
<Cov CovItemId="S17" Value="1"/>
<Cov CovItemId="S18" Value="1"/>
<Cov CovItemId="S19" Value="1"/>
<Cov CovItemId="S2" Value="1"/>
<Cov CovItemId="S20" Value="1"/>
<Cov CovItemId="S21" Value="1"/>
<Cov CovItemId="S24" Value="2"/>
<Cov CovItemId="S25" Value="2"/>
<Cov CovItemId="S26" Value="2"/>
<Cov CovItemId="S3" Value="1"/>
<Cov CovItemId="S30" Value="2"/>
<Cov CovItemId="S31" Value="2"/>
<Cov CovItemId="S32" Value="2"/>
<Cov CovItemId="S33" Value="2"/>
<Cov CovItemId="S39" Value="2"/>
<Cov CovItemId="S4" Value="1"/>
<Cov CovItemId="S40" Value="2"/>
<Cov CovItemId="S42" Value="2"/>
<Cov CovItemId="S43" Value="2"/>
<Cov CovItemId="S44" Value="2"/>
<Cov CovItemId="S45" Value="2"/>
<Cov CovItemId="S46" Value="2"/>
<Cov CovItemId="S48" Value="2"/>
<Cov CovItemId="S49" Value="2"/>
<Cov CovItemId="S5" Value="1"/>
<Cov CovItemId="S50" Value="2"/>
<Cov CovItemId="S6" Value="1"/>
<Cov CovItemId="S65" Value="2"/>
<Cov CovItemId="S67" Value="2"/>
<Cov CovItemId="S68" Value="2"/>
<Cov CovItemId="S69" Value="2"/>
<Cov CovItemId="S7" Value="1"/>
<Cov CovItemId="S70" Value="2"/>
<Cov CovItemId="S71" Value="2"/>
<Cov CovItemId="S73" Value="2"/>
<Cov CovItemId="S8" Value="1"/>
<Cov CovItemId="S9" Value="1"/>
</CovPrefix>
</CovList>
<AssgnmntList>
<AssgnmntPrefix RootTermCovItemPrefix="com.OriginalFiles.Board.java">
<AssgnmntListEntry Length="3" RootTermCovItemId="C55">
<MapEntry BoolAssgnmnt="120" Value="4"/>
<MapEntry BoolAssgnmnt="121" Value="4"/>
</AssgnmntListEntry>
<AssgnmntListEntry Length="3" RootTermCovItemId="C56">
<MapEntry BoolAssgnmnt="002" Value="4"/>
</AssgnmntListEntry>
</AssgnmntPrefix>
<AssgnmntPrefix RootTermCovItemPrefix="com.OriginalFiles.Field.java">
<AssgnmntListEntry Length="1" RootTermCovItemId="C1">
<MapEntry BoolAssgnmnt="0" Value="1"/>
</AssgnmntListEntry>
<AssgnmntListEntry Length="1" RootTermCovItemId="C2">
<MapEntry BoolAssgnmnt="0" Value="4"/>
</AssgnmntListEntry>
</AssgnmntPrefix>
<AssgnmntPrefix RootTermCovItemPrefix="com.OriginalFiles.Piece.java">
<AssgnmntListEntry Length="2" RootTermCovItemId="C1">
<MapEntry BoolAssgnmnt="10" Value="2"/>
</AssgnmntListEntry>
<AssgnmntListEntry Length="5" RootTermCovItemId="C17">
<MapEntry BoolAssgnmnt="00210" Value="2"/>
</AssgnmntListEntry>
<AssgnmntListEntry Length="5" RootTermCovItemId="C18">
<MapEntry BoolAssgnmnt="00211" Value="2"/>
</AssgnmntListEntry>
<AssgnmntListEntry Length="1" RootTermCovItemId="C19">
<MapEntry BoolAssgnmnt="1" Value="2"/>
</AssgnmntListEntry>
<AssgnmntListEntry Length="1" RootTermCovItemId="C20">
<MapEntry BoolAssgnmnt="0" Value="2"/>
</AssgnmntListEntry>
<AssgnmntListEntry Length="1" RootTermCovItemId="C3">
<MapEntry BoolAssgnmnt="1" Value="2"/>
</AssgnmntListEntry>
<AssgnmntListEntry Length="1" RootTermCovItemId="C5">
<MapEntry BoolAssgnmnt="1" Value="2"/>
</AssgnmntListEntry>
<AssgnmntListEntry Length="1" RootTermCovItemId="C6">
<MapEntry BoolAssgnmnt="1" Value="2"/>
</AssgnmntListEntry>
<AssgnmntListEntry Length="1" RootTermCovItemId="C7">
<MapEntry BoolAssgnmnt="0" Value="2"/>
</AssgnmntListEntry>
<AssgnmntListEntry Length="1" RootTermCovItemId="C8">
<MapEntry BoolAssgnmnt="1" Value="2"/>
</AssgnmntListEntry>
<AssgnmntListEntry Length="1" RootTermCovItemId="C9">
<MapEntry BoolAssgnmnt="0" Value="2"/>
</AssgnmntListEntry>
</AssgnmntPrefix>
</AssgnmntList>
<ObjMetaDataList/>
<MetaDataList/>
</TestCase>
<TestCase Comment="" Date="1386064449189" Name="com.Testing.FieldTest:testField">
<CovList>
<CovPrefix CovItemPrefix="com.OriginalFiles.Board.java">
<Cov CovItemId="B84" Value="7"/>
<Cov CovItemId="B85" Value="4"/>
<Cov CovItemId="B86" Value="3"/>
<Cov CovItemId="S180" Value="7"/>
<Cov CovItemId="S182" Value="7"/>
<Cov CovItemId="S183" Value="4"/>
<Cov CovItemId="S184" Value="3"/>
<Cov CovItemId="S185" Value="4"/>
</CovPrefix>
<CovPrefix CovItemPrefix="com.OriginalFiles.Field.java">
<Cov CovItemId="B1" Value="1"/>
<Cov CovItemId="S1" Value="1"/>
<Cov CovItemId="S2" Value="1"/>
<Cov CovItemId="S5" Value="1"/>
<Cov CovItemId="S6" Value="1"/>
<Cov CovItemId="S7" Value="1"/>
<Cov CovItemId="S8" Value="2"/>
<Cov CovItemId="S9" Value="1"/>
</CovPrefix>
<CovPrefix CovItemPrefix="com.OriginalFiles.Piece.java">
<Cov CovItemId="B11" Value="2"/>
<Cov CovItemId="B14" Value="2"/>
<Cov CovItemId="B15" Value="2"/>
<Cov CovItemId="B18" Value="2"/>
<Cov CovItemId="B2" Value="2"/>
<Cov CovItemId="B33" Value="1"/>
<Cov CovItemId="B34" Value="1"/>
<Cov CovItemId="B36" Value="2"/>
<Cov CovItemId="B40" Value="2"/>
<Cov CovItemId="B5" Value="2"/>
<Cov CovItemId="B9" Value="2"/>
<Cov CovItemId="S1" Value="1"/>
<Cov CovItemId="S10" Value="1"/>
<Cov CovItemId="S11" Value="1"/>
<Cov CovItemId="S12" Value="1"/>
<Cov CovItemId="S13" Value="1"/>
<Cov CovItemId="S14" Value="1"/>
<Cov CovItemId="S15" Value="1"/>
<Cov CovItemId="S16" Value="1"/>
<Cov CovItemId="S17" Value="1"/>
<Cov CovItemId="S18" Value="1"/>
<Cov CovItemId="S19" Value="1"/>
<Cov CovItemId="S2" Value="1"/>
<Cov CovItemId="S20" Value="1"/>
<Cov CovItemId="S21" Value="1"/>
<Cov CovItemId="S24" Value="2"/>
<Cov CovItemId="S25" Value="2"/>
<Cov CovItemId="S26" Value="2"/>
<Cov CovItemId="S3" Value="1"/>
<Cov CovItemId="S30" Value="2"/>
<Cov CovItemId="S31" Value="2"/>
<Cov CovItemId="S32" Value="2"/>
<Cov CovItemId="S33" Value="2"/>
<Cov CovItemId="S39" Value="2"/>
<Cov CovItemId="S4" Value="1"/>
<Cov CovItemId="S40" Value="2"/>
<Cov CovItemId="S42" Value="2"/>
<Cov CovItemId="S43" Value="2"/>
<Cov CovItemId="S44" Value="2"/>
<Cov CovItemId="S45" Value="2"/>
<Cov CovItemId="S46" Value="2"/>
<Cov CovItemId="S48" Value="2"/>
<Cov CovItemId="S49" Value="2"/>
<Cov CovItemId="S5" Value="1"/>
<Cov CovItemId="S50" Value="2"/>
<Cov CovItemId="S6" Value="1"/>
<Cov CovItemId="S65" Value="2"/>
<Cov CovItemId="S66" Value="1"/>
<Cov CovItemId="S67" Value="2"/>
<Cov CovItemId="S7" Value="1"/>
<Cov CovItemId="S71" Value="2"/>
<Cov CovItemId="S73" Value="2"/>
<Cov CovItemId="S8" Value="1"/>
<Cov CovItemId="S9" Value="1"/>
</CovPrefix>
</CovList>
<AssgnmntList>
<AssgnmntPrefix RootTermCovItemPrefix="com.OriginalFiles.Board.java">
<AssgnmntListEntry Length="3" RootTermCovItemId="C55">
<MapEntry BoolAssgnmnt="002" Value="7"/>
</AssgnmntListEntry>
<AssgnmntListEntry Length="3" RootTermCovItemId="C56">
<MapEntry BoolAssgnmnt="120" Value="3"/>
<MapEntry BoolAssgnmnt="121" Value="4"/>
</AssgnmntListEntry>
</AssgnmntPrefix>
<AssgnmntPrefix RootTermCovItemPrefix="com.OriginalFiles.Field.java">
<AssgnmntListEntry Length="1" RootTermCovItemId="C1">
<MapEntry BoolAssgnmnt="0" Value="1"/>
</AssgnmntListEntry>
</AssgnmntPrefix>
<AssgnmntPrefix RootTermCovItemPrefix="com.OriginalFiles.Piece.java">
<AssgnmntListEntry Length="2" RootTermCovItemId="C1">
<MapEntry BoolAssgnmnt="10" Value="2"/>
</AssgnmntListEntry>
<AssgnmntListEntry Length="5" RootTermCovItemId="C17">
<MapEntry BoolAssgnmnt="01002" Value="1"/>
<MapEntry BoolAssgnmnt="01122" Value="1"/>
</AssgnmntListEntry>
<AssgnmntListEntry Length="5" RootTermCovItemId="C18">
<MapEntry BoolAssgnmnt="01002" Value="2"/>
</AssgnmntListEntry>
<AssgnmntListEntry Length="1" RootTermCovItemId="C20">
<MapEntry BoolAssgnmnt="0" Value="2"/>
</AssgnmntListEntry>
<AssgnmntListEntry Length="1" RootTermCovItemId="C3">
<MapEntry BoolAssgnmnt="1" Value="2"/>
</AssgnmntListEntry>
<AssgnmntListEntry Length="1" RootTermCovItemId="C5">
<MapEntry BoolAssgnmnt="1" Value="2"/>
</AssgnmntListEntry>
<AssgnmntListEntry Length="1" RootTermCovItemId="C6">
<MapEntry BoolAssgnmnt="1" Value="2"/>
</AssgnmntListEntry>
<AssgnmntListEntry Length="1" RootTermCovItemId="C7">
<MapEntry BoolAssgnmnt="0" Value="2"/>
</AssgnmntListEntry>
<AssgnmntListEntry Length="1" RootTermCovItemId="C8">
<MapEntry BoolAssgnmnt="1" Value="2"/>
</AssgnmntListEntry>
<AssgnmntListEntry Length="1" RootTermCovItemId="C9">
<MapEntry BoolAssgnmnt="0" Value="2"/>
</AssgnmntListEntry>
</AssgnmntPrefix>
</AssgnmntList>
<ObjMetaDataList/>
<MetaDataList/>
</TestCase>
<TestCase Comment="" Date="1386064449189" Name="com.Testing.FieldTest:testSetPieceOnField">
<CovList>
<CovPrefix CovItemPrefix="com.OriginalFiles.Board.java">
<Cov CovItemId="B83" Value="4"/>
<Cov CovItemId="B84" Value="8"/>
<Cov CovItemId="B86" Value="8"/>
<Cov CovItemId="S180" Value="12"/>
<Cov CovItemId="S181" Value="4"/>
<Cov CovItemId="S182" Value="8"/>
<Cov CovItemId="S184" Value="8"/>
<Cov CovItemId="S185" Value="10"/>
</CovPrefix>
<CovPrefix CovItemPrefix="com.OriginalFiles.Field.java">
<Cov CovItemId="B1" Value="3"/>
<Cov CovItemId="S1" Value="1"/>
<Cov CovItemId="S2" Value="1"/>
<Cov CovItemId="S5" Value="3"/>
<Cov CovItemId="S6" Value="3"/>
<Cov CovItemId="S7" Value="3"/>
<Cov CovItemId="S8" Value="4"/>
<Cov CovItemId="S9" Value="3"/>
</CovPrefix>
<CovPrefix CovItemPrefix="com.OriginalFiles.Piece.java">
<Cov CovItemId="B1" Value="2"/>
<Cov CovItemId="B11" Value="5"/>
<Cov CovItemId="B13" Value="2"/>
<Cov CovItemId="B14" Value="3"/>
<Cov CovItemId="B15" Value="5"/>
<Cov CovItemId="B18" Value="5"/>
<Cov CovItemId="B2" Value="3"/>
<Cov CovItemId="B34" Value="5"/>
<Cov CovItemId="B36" Value="5"/>
<Cov CovItemId="B39" Value="2"/>
<Cov CovItemId="B4" Value="2"/>
<Cov CovItemId="B40" Value="3"/>
<Cov CovItemId="B5" Value="5"/>
<Cov CovItemId="B9" Value="5"/>
<Cov CovItemId="S1" Value="3"/>
<Cov CovItemId="S10" Value="3"/>
<Cov CovItemId="S11" Value="3"/>
<Cov CovItemId="S12" Value="3"/>
<Cov CovItemId="S13" Value="3"/>
<Cov CovItemId="S14" Value="3"/>
<Cov CovItemId="S15" Value="3"/>
<Cov CovItemId="S16" Value="3"/>
<Cov CovItemId="S17" Value="3"/>
<Cov CovItemId="S18" Value="3"/>
<Cov CovItemId="S19" Value="3"/>
<Cov CovItemId="S2" Value="3"/>
<Cov CovItemId="S20" Value="3"/>
<Cov CovItemId="S21" Value="3"/>
<Cov CovItemId="S22" Value="3"/>
<Cov CovItemId="S23" Value="3"/>
<Cov CovItemId="S24" Value="5"/>
<Cov CovItemId="S25" Value="5"/>
<Cov CovItemId="S26" Value="5"/>
<Cov CovItemId="S27" Value="2"/>
<Cov CovItemId="S29" Value="2"/>
<Cov CovItemId="S3" Value="3"/>
<Cov CovItemId="S30" Value="3"/>
<Cov CovItemId="S31" Value="5"/>
<Cov CovItemId="S32" Value="5"/>
<Cov CovItemId="S33" Value="5"/>
<Cov CovItemId="S39" Value="5"/>
<Cov CovItemId="S4" Value="3"/>
<Cov CovItemId="S40" Value="5"/>
<Cov CovItemId="S42" Value="5"/>
<Cov CovItemId="S43" Value="5"/>
<Cov CovItemId="S44" Value="5"/>
<Cov CovItemId="S45" Value="5"/>
<Cov CovItemId="S46" Value="5"/>
<Cov CovItemId="S47" Value="2"/>
<Cov CovItemId="S48" Value="5"/>
<Cov CovItemId="S49" Value="5"/>
<Cov CovItemId="S5" Value="3"/>
<Cov CovItemId="S50" Value="5"/>
<Cov CovItemId="S6" Value="3"/>
<Cov CovItemId="S65" Value="5"/>
<Cov CovItemId="S67" Value="5"/>
<Cov CovItemId="S7" Value="3"/>
<Cov CovItemId="S71" Value="5"/>
<Cov CovItemId="S72" Value="2"/>
<Cov CovItemId="S73" Value="5"/>
<Cov CovItemId="S8" Value="3"/>
<Cov CovItemId="S9" Value="3"/>
</CovPrefix>
</CovList>
<AssgnmntList>
<AssgnmntPrefix RootTermCovItemPrefix="com.OriginalFiles.Board.java">
<AssgnmntListEntry Length="3" RootTermCovItemId="C55">
<MapEntry BoolAssgnmnt="002" Value="4"/>
<MapEntry BoolAssgnmnt="120" Value="4"/>
<MapEntry BoolAssgnmnt="121" Value="4"/>
</AssgnmntListEntry>
<AssgnmntListEntry Length="3" RootTermCovItemId="C56">
<MapEntry BoolAssgnmnt="002" Value="8"/>
</AssgnmntListEntry>
</AssgnmntPrefix>
<AssgnmntPrefix RootTermCovItemPrefix="com.OriginalFiles.Field.java">
<AssgnmntListEntry Length="1" RootTermCovItemId="C1">
<MapEntry BoolAssgnmnt="0" Value="3"/>
</AssgnmntListEntry>
</AssgnmntPrefix>
<AssgnmntPrefix RootTermCovItemPrefix="com.OriginalFiles.Piece.java">
<AssgnmntListEntry Length="2" RootTermCovItemId="C1">
<MapEntry BoolAssgnmnt="10" Value="3"/>
<MapEntry BoolAssgnmnt="11" Value="2"/>
</AssgnmntListEntry>
<AssgnmntListEntry Length="5" RootTermCovItemId="C17">
<MapEntry BoolAssgnmnt="00210" Value="2"/>
<MapEntry BoolAssgnmnt="00202" Value="1"/>
<MapEntry BoolAssgnmnt="12222" Value="2"/>
</AssgnmntListEntry>
<AssgnmntListEntry Length="5" RootTermCovItemId="C18">
<MapEntry BoolAssgnmnt="00210" Value="2"/>
<MapEntry BoolAssgnmnt="00202" Value="1"/>
<MapEntry BoolAssgnmnt="12222" Value="2"/>
</AssgnmntListEntry>
<AssgnmntListEntry Length="2" RootTermCovItemId="C2">
<MapEntry BoolAssgnmnt="02" Value="2"/>
</AssgnmntListEntry>
<AssgnmntListEntry Length="1" RootTermCovItemId="C20">
<MapEntry BoolAssgnmnt="0" Value="3"/>
<MapEntry BoolAssgnmnt="1" Value="2"/>
</AssgnmntListEntry>
<AssgnmntListEntry Length="1" RootTermCovItemId="C3">
<MapEntry BoolAssgnmnt="1" Value="5"/>
</AssgnmntListEntry>
<AssgnmntListEntry Length="1" RootTermCovItemId="C5">
<MapEntry BoolAssgnmnt="1" Value="5"/>
</AssgnmntListEntry>
<AssgnmntListEntry Length="1" RootTermCovItemId="C6">
<MapEntry BoolAssgnmnt="1" Value="5"/>
</AssgnmntListEntry>
<AssgnmntListEntry Length="1" RootTermCovItemId="C7">
<MapEntry BoolAssgnmnt="0" Value="3"/>
<MapEntry BoolAssgnmnt="1" Value="2"/>
</AssgnmntListEntry>
<AssgnmntListEntry Length="1" RootTermCovItemId="C8">
<MapEntry BoolAssgnmnt="1" Value="5"/>
</AssgnmntListEntry>
<AssgnmntListEntry Length="1" RootTermCovItemId="C9">
<MapEntry BoolAssgnmnt="0" Value="5"/>
</AssgnmntListEntry>
</AssgnmntPrefix>
</AssgnmntList>
<ObjMetaDataList/>
<MetaDataList/>
</TestCase>
<TestCase Comment="" Date="1386064449190" Name="com.Testing.FieldTest:testFieldIntInt">
<CovList>
<CovPrefix CovItemPrefix="com.OriginalFiles.Board.java">
<Cov CovItemId="B84" Value="7"/>
<Cov CovItemId="B85" Value="4"/>
<Cov CovItemId="B86" Value="3"/>
<Cov CovItemId="S180" Value="7"/>
<Cov CovItemId="S182" Value="7"/>
<Cov CovItemId="S183" Value="4"/>
<Cov CovItemId="S184" Value="3"/>
<Cov CovItemId="S185" Value="4"/>
</CovPrefix>
<CovPrefix CovItemPrefix="com.OriginalFiles.Field.java">
<Cov CovItemId="B1" Value="1"/>
<Cov CovItemId="S1" Value="1"/>
<Cov CovItemId="S2" Value="1"/>
<Cov CovItemId="S3" Value="1"/>
<Cov CovItemId="S4" Value="1"/>
<Cov CovItemId="S5" Value="1"/>
<Cov CovItemId="S6" Value="1"/>
<Cov CovItemId="S7" Value="1"/>
<Cov CovItemId="S8" Value="2"/>
<Cov CovItemId="S9" Value="1"/>
</CovPrefix>
<CovPrefix CovItemPrefix="com.OriginalFiles.Piece.java">
<Cov CovItemId="B11" Value="2"/>
<Cov CovItemId="B14" Value="2"/>
<Cov CovItemId="B15" Value="2"/>
<Cov CovItemId="B18" Value="2"/>
<Cov CovItemId="B2" Value="2"/>
<Cov CovItemId="B33" Value="1"/>
<Cov CovItemId="B34" Value="1"/>
<Cov CovItemId="B36" Value="2"/>
<Cov CovItemId="B40" Value="2"/>
<Cov CovItemId="B5" Value="2"/>
<Cov CovItemId="B9" Value="2"/>
<Cov CovItemId="S1" Value="1"/>
<Cov CovItemId="S10" Value="1"/>
<Cov CovItemId="S11" Value="1"/>
<Cov CovItemId="S12" Value="1"/>
<Cov CovItemId="S13" Value="1"/>
<Cov CovItemId="S14" Value="1"/>
<Cov CovItemId="S15" Value="1"/>
<Cov CovItemId="S16" Value="1"/>
<Cov CovItemId="S17" Value="1"/>
<Cov CovItemId="S18" Value="1"/>
<Cov CovItemId="S19" Value="1"/>
<Cov CovItemId="S2" Value="1"/>
<Cov CovItemId="S20" Value="1"/>
<Cov CovItemId="S21" Value="1"/>
<Cov CovItemId="S24" Value="2"/>
<Cov CovItemId="S25" Value="2"/>
<Cov CovItemId="S26" Value="2"/>
<Cov CovItemId="S3" Value="1"/>
<Cov CovItemId="S30" Value="2"/>
<Cov CovItemId="S31" Value="2"/>
<Cov CovItemId="S32" Value="2"/>
<Cov CovItemId="S33" Value="2"/>
<Cov CovItemId="S39" Value="2"/>
<Cov CovItemId="S4" Value="1"/>
<Cov CovItemId="S40" Value="2"/>
<Cov CovItemId="S42" Value="2"/>
<Cov CovItemId="S43" Value="2"/>
<Cov CovItemId="S44" Value="2"/>
<Cov CovItemId="S45" Value="2"/>
<Cov CovItemId="S46" Value="2"/>
<Cov CovItemId="S48" Value="2"/>
<Cov CovItemId="S49" Value="2"/>
<Cov CovItemId="S5" Value="1"/>
<Cov CovItemId="S50" Value="2"/>
<Cov CovItemId="S6" Value="1"/>
<Cov CovItemId="S65" Value="2"/>
<Cov CovItemId="S66" Value="1"/>
<Cov CovItemId="S67" Value="2"/>
<Cov CovItemId="S7" Value="1"/>
<Cov CovItemId="S71" Value="2"/>
<Cov CovItemId="S73" Value="2"/>
<Cov CovItemId="S8" Value="1"/>
<Cov CovItemId="S9" Value="1"/>
</CovPrefix>
</CovList>
<AssgnmntList>
<AssgnmntPrefix RootTermCovItemPrefix="com.OriginalFiles.Board.java">
<AssgnmntListEntry Length="3" RootTermCovItemId="C55">
<MapEntry BoolAssgnmnt="002" Value="7"/>
</AssgnmntListEntry>
<AssgnmntListEntry Length="3" RootTermCovItemId="C56">
<MapEntry BoolAssgnmnt="120" Value="3"/>
<MapEntry BoolAssgnmnt="121" Value="4"/>
</AssgnmntListEntry>
</AssgnmntPrefix>
<AssgnmntPrefix RootTermCovItemPrefix="com.OriginalFiles.Field.java">
<AssgnmntListEntry Length="1" RootTermCovItemId="C1">
<MapEntry BoolAssgnmnt="0" Value="1"/>
</AssgnmntListEntry>
</AssgnmntPrefix>
<AssgnmntPrefix RootTermCovItemPrefix="com.OriginalFiles.Piece.java">
<AssgnmntListEntry Length="2" RootTermCovItemId="C1">
<MapEntry BoolAssgnmnt="10" Value="2"/>
</AssgnmntListEntry>
<AssgnmntListEntry Length="5" RootTermCovItemId="C17">
<MapEntry BoolAssgnmnt="01002" Value="1"/>
<MapEntry BoolAssgnmnt="01122" Value="1"/>
</AssgnmntListEntry>
<AssgnmntListEntry Length="5" RootTermCovItemId="C18">
<MapEntry BoolAssgnmnt="01002" Value="2"/>
</AssgnmntListEntry>
<AssgnmntListEntry Length="1" RootTermCovItemId="C20">
<MapEntry BoolAssgnmnt="0" Value="2"/>
</AssgnmntListEntry>
<AssgnmntListEntry Length="1" RootTermCovItemId="C3">
<MapEntry BoolAssgnmnt="1" Value="2"/>
</AssgnmntListEntry>
<AssgnmntListEntry Length="1" RootTermCovItemId="C5">
<MapEntry BoolAssgnmnt="1" Value="2"/>
</AssgnmntListEntry>
<AssgnmntListEntry Length="1" RootTermCovItemId="C6">
<MapEntry BoolAssgnmnt="1" Value="2"/>
</AssgnmntListEntry>
<AssgnmntListEntry Length="1" RootTermCovItemId="C7">
<MapEntry BoolAssgnmnt="0" Value="2"/>
</AssgnmntListEntry>
<AssgnmntListEntry Length="1" RootTermCovItemId="C8">
<MapEntry BoolAssgnmnt="1" Value="2"/>
</AssgnmntListEntry>
<AssgnmntListEntry Length="1" RootTermCovItemId="C9">
<MapEntry BoolAssgnmnt="0" Value="2"/>
</AssgnmntListEntry>
</AssgnmntPrefix>
</AssgnmntList>
<ObjMetaDataList/>
<MetaDataList/>
</TestCase>
<TestCase Comment="" Date="1386064449190" Name="com.Testing.FieldTest:testEmptyThisField">
<CovList>
<CovPrefix CovItemPrefix="com.OriginalFiles.Board.java">
<Cov CovItemId="B83" Value="4"/>
<Cov CovItemId="B84" Value="4"/>
<Cov CovItemId="B86" Value="4"/>
<Cov CovItemId="S180" Value="8"/>
<Cov CovItemId="S181" Value="4"/>
<Cov CovItemId="S182" Value="4"/>
<Cov CovItemId="S184" Value="4"/>
<Cov CovItemId="S185" Value="4"/>
</CovPrefix>
<CovPrefix CovItemPrefix="com.OriginalFiles.Field.java">
<Cov CovItemId="B1" Value="1"/>
<Cov CovItemId="S1" Value="1"/>
<Cov CovItemId="S13" Value="1"/>
<Cov CovItemId="S2" Value="1"/>
<Cov CovItemId="S5" Value="1"/>
<Cov CovItemId="S6" Value="1"/>
<Cov CovItemId="S7" Value="1"/>
<Cov CovItemId="S8" Value="3"/>
<Cov CovItemId="S9" Value="1"/>
</CovPrefix>
<CovPrefix CovItemPrefix="com.OriginalFiles.Piece.java">
<Cov CovItemId="B11" Value="2"/>
<Cov CovItemId="B14" Value="2"/>
<Cov CovItemId="B15" Value="2"/>
<Cov CovItemId="B18" Value="2"/>
<Cov CovItemId="B2" Value="2"/>
<Cov CovItemId="B34" Value="2"/>
<Cov CovItemId="B35" Value="2"/>
<Cov CovItemId="B37" Value="2"/>
<Cov CovItemId="B40" Value="2"/>
<Cov CovItemId="B5" Value="2"/>
<Cov CovItemId="B9" Value="2"/>
<Cov CovItemId="S1" Value="1"/>
<Cov CovItemId="S10" Value="1"/>
<Cov CovItemId="S11" Value="1"/>
<Cov CovItemId="S12" Value="1"/>
<Cov CovItemId="S13" Value="1"/>
<Cov CovItemId="S14" Value="1"/>
<Cov CovItemId="S15" Value="1"/>
<Cov CovItemId="S16" Value="1"/>
<Cov CovItemId="S17" Value="1"/>
<Cov CovItemId="S18" Value="1"/>
<Cov CovItemId="S19" Value="1"/>
<Cov CovItemId="S2" Value="1"/>
<Cov CovItemId="S20" Value="1"/>
<Cov CovItemId="S21" Value="1"/>
<Cov CovItemId="S24" Value="2"/>
<Cov CovItemId="S25" Value="2"/>
<Cov CovItemId="S26" Value="2"/>
<Cov CovItemId="S3" Value="1"/>
<Cov CovItemId="S30" Value="2"/>
<Cov CovItemId="S31" Value="2"/>
<Cov CovItemId="S32" Value="2"/>
<Cov CovItemId="S33" Value="2"/>
<Cov CovItemId="S39" Value="2"/>
<Cov CovItemId="S4" Value="1"/>
<Cov CovItemId="S40" Value="2"/>
<Cov CovItemId="S42" Value="2"/>
<Cov CovItemId="S43" Value="2"/>
<Cov CovItemId="S44" Value="2"/>
<Cov CovItemId="S45" Value="2"/>
<Cov CovItemId="S46" Value="2"/>
<Cov CovItemId="S48" Value="2"/>
<Cov CovItemId="S49" Value="2"/>
<Cov CovItemId="S5" Value="1"/>
<Cov CovItemId="S50" Value="2"/>
<Cov CovItemId="S6" Value="1"/>
<Cov CovItemId="S65" Value="2"/>
<Cov CovItemId="S67" Value="2"/>
<Cov CovItemId="S68" Value="2"/>
<Cov CovItemId="S69" Value="2"/>
<Cov CovItemId="S7" Value="1"/>
<Cov CovItemId="S70" Value="2"/>
<Cov CovItemId="S71" Value="2"/>
<Cov CovItemId="S73" Value="2"/>
<Cov CovItemId="S8" Value="1"/>
<Cov CovItemId="S9" Value="1"/>
</CovPrefix>
</CovList>
<AssgnmntList>
<AssgnmntPrefix RootTermCovItemPrefix="com.OriginalFiles.Board.java">
<AssgnmntListEntry Length="3" RootTermCovItemId="C55">
<MapEntry BoolAssgnmnt="120" Value="4"/>
<MapEntry BoolAssgnmnt="121" Value="4"/>
</AssgnmntListEntry>
<AssgnmntListEntry Length="3" RootTermCovItemId="C56">
<MapEntry BoolAssgnmnt="002" Value="4"/>
</AssgnmntListEntry>
</AssgnmntPrefix>
<AssgnmntPrefix RootTermCovItemPrefix="com.OriginalFiles.Field.java">
<AssgnmntListEntry Length="1" RootTermCovItemId="C1">
<MapEntry BoolAssgnmnt="0" Value="1"/>
</AssgnmntListEntry>
</AssgnmntPrefix>
<AssgnmntPrefix RootTermCovItemPrefix="com.OriginalFiles.Piece.java">
<AssgnmntListEntry Length="2" RootTermCovItemId="C1">
<MapEntry BoolAssgnmnt="10" Value="2"/>
</AssgnmntListEntry>
<AssgnmntListEntry Length="5" RootTermCovItemId="C17">
<MapEntry BoolAssgnmnt="00210" Value="2"/>
</AssgnmntListEntry>
<AssgnmntListEntry Length="5" RootTermCovItemId="C18">
<MapEntry BoolAssgnmnt="00211" Value="2"/>
</AssgnmntListEntry>
<AssgnmntListEntry Length="1" RootTermCovItemId="C19">
<MapEntry BoolAssgnmnt="1" Value="2"/>
</AssgnmntListEntry>
<AssgnmntListEntry Length="1" RootTermCovItemId="C20">
<MapEntry BoolAssgnmnt="0" Value="2"/>
</AssgnmntListEntry>
<AssgnmntListEntry Length="1" RootTermCovItemId="C3">
<MapEntry BoolAssgnmnt="1" Value="2"/>
</AssgnmntListEntry>
<AssgnmntListEntry Length="1" RootTermCovItemId="C5">
<MapEntry BoolAssgnmnt="1" Value="2"/>
</AssgnmntListEntry>
<AssgnmntListEntry Length="1" RootTermCovItemId="C6">
<MapEntry BoolAssgnmnt="1" Value="2"/>
</AssgnmntListEntry>
<AssgnmntListEntry Length="1" RootTermCovItemId="C7">
<MapEntry BoolAssgnmnt="0" Value="2"/>
</AssgnmntListEntry>
<AssgnmntListEntry Length="1" RootTermCovItemId="C8">
<MapEntry BoolAssgnmnt="1" Value="2"/>
</AssgnmntListEntry>
<AssgnmntListEntry Length="1" RootTermCovItemId="C9">
<MapEntry BoolAssgnmnt="0" Value="2"/>
</AssgnmntListEntry>
</AssgnmntPrefix>
</AssgnmntList>
<ObjMetaDataList/>
<MetaDataList/>
</TestCase>
<TestCase Comment="" Date="1386064449191" Name="com.Testing.FieldTest:testIsEmpty">
<CovList>
<CovPrefix CovItemPrefix="com.OriginalFiles.Board.java">
<Cov CovItemId="B83" Value="4"/>
<Cov CovItemId="B84" Value="4"/>
<Cov CovItemId="B86" Value="4"/>
<Cov CovItemId="S180" Value="8"/>
<Cov CovItemId="S181" Value="4"/>
<Cov CovItemId="S182" Value="4"/>
<Cov CovItemId="S184" Value="4"/>
<Cov CovItemId="S185" Value="4"/>
</CovPrefix>
<CovPrefix CovItemPrefix="com.OriginalFiles.Field.java">
<Cov CovItemId="B1" Value="1"/>
<Cov CovItemId="S1" Value="1"/>
<Cov CovItemId="S13" Value="1"/>
<Cov CovItemId="S2" Value="1"/>
<Cov CovItemId="S5" Value="1"/>
<Cov CovItemId="S6" Value="1"/>
<Cov CovItemId="S7" Value="1"/>
<Cov CovItemId="S9" Value="4"/>
</CovPrefix>
<CovPrefix CovItemPrefix="com.OriginalFiles.Piece.java">
<Cov CovItemId="B11" Value="2"/>
<Cov CovItemId="B14" Value="2"/>
<Cov CovItemId="B15" Value="2"/>
<Cov CovItemId="B18" Value="2"/>
<Cov CovItemId="B2" Value="2"/>
<Cov CovItemId="B34" Value="2"/>
<Cov CovItemId="B35" Value="2"/>
<Cov CovItemId="B37" Value="2"/>
<Cov CovItemId="B40" Value="2"/>
<Cov CovItemId="B5" Value="2"/>
<Cov CovItemId="B9" Value="2"/>
<Cov CovItemId="S1" Value="1"/>
<Cov CovItemId="S10" Value="1"/>
<Cov CovItemId="S11" Value="1"/>
<Cov CovItemId="S12" Value="1"/>
<Cov CovItemId="S13" Value="1"/>
<Cov CovItemId="S14" Value="1"/>
<Cov CovItemId="S15" Value="1"/>
<Cov CovItemId="S16" Value="1"/>
<Cov CovItemId="S17" Value="1"/>
<Cov CovItemId="S18" Value="1"/>
<Cov CovItemId="S19" Value="1"/>
<Cov CovItemId="S2" Value="1"/>
<Cov CovItemId="S20" Value="1"/>
<Cov CovItemId="S21" Value="1"/>
<Cov CovItemId="S24" Value="2"/>
<Cov CovItemId="S25" Value="2"/>
<Cov CovItemId="S26" Value="2"/>
<Cov CovItemId="S3" Value="1"/>
<Cov CovItemId="S30" Value="2"/>
<Cov CovItemId="S31" Value="2"/>
<Cov CovItemId="S32" Value="2"/>
<Cov CovItemId="S33" Value="2"/>
<Cov CovItemId="S39" Value="2"/>
<Cov CovItemId="S4" Value="1"/>
<Cov CovItemId="S40" Value="2"/>
<Cov CovItemId="S42" Value="2"/>
<Cov CovItemId="S43" Value="2"/>
<Cov CovItemId="S44" Value="2"/>
<Cov CovItemId="S45" Value="2"/>
<Cov CovItemId="S46" Value="2"/>
<Cov CovItemId="S48" Value="2"/>
<Cov CovItemId="S49" Value="2"/>
<Cov CovItemId="S5" Value="1"/>
<Cov CovItemId="S50" Value="2"/>
<Cov CovItemId="S6" Value="1"/>
<Cov CovItemId="S65" Value="2"/>
<Cov CovItemId="S67" Value="2"/>
<Cov CovItemId="S68" Value="2"/>
<Cov CovItemId="S69" Value="2"/>
<Cov CovItemId="S7" Value="1"/>
<Cov CovItemId="S70" Value="2"/>
<Cov CovItemId="S71" Value="2"/>
<Cov CovItemId="S73" Value="2"/>
<Cov CovItemId="S8" Value="1"/>
<Cov CovItemId="S9" Value="1"/>
</CovPrefix>
</CovList>
<AssgnmntList>
<AssgnmntPrefix RootTermCovItemPrefix="com.OriginalFiles.Board.java">
<AssgnmntListEntry Length="3" RootTermCovItemId="C55">
<MapEntry BoolAssgnmnt="120" Value="4"/>
<MapEntry BoolAssgnmnt="121" Value="4"/>
</AssgnmntListEntry>
<AssgnmntListEntry Length="3" RootTermCovItemId="C56">
<MapEntry BoolAssgnmnt="002" Value="4"/>
</AssgnmntListEntry>
</AssgnmntPrefix>
<AssgnmntPrefix RootTermCovItemPrefix="com.OriginalFiles.Field.java">
<AssgnmntListEntry Length="1" RootTermCovItemId="C1">
<MapEntry BoolAssgnmnt="0" Value="1"/>
</AssgnmntListEntry>
</AssgnmntPrefix>
<AssgnmntPrefix RootTermCovItemPrefix="com.OriginalFiles.Piece.java">
<AssgnmntListEntry Length="2" RootTermCovItemId="C1">
<MapEntry BoolAssgnmnt="10" Value="2"/>
</AssgnmntListEntry>
<AssgnmntListEntry Length="5" RootTermCovItemId="C17">
<MapEntry BoolAssgnmnt="00210" Value="2"/>
</AssgnmntListEntry>
<AssgnmntListEntry Length="5" RootTermCovItemId="C18">
<MapEntry BoolAssgnmnt="00211" Value="2"/>
</AssgnmntListEntry>
<AssgnmntListEntry Length="1" RootTermCovItemId="C19">
<MapEntry BoolAssgnmnt="1" Value="2"/>
</AssgnmntListEntry>
<AssgnmntListEntry Length="1" RootTermCovItemId="C20">
<MapEntry BoolAssgnmnt="0" Value="2"/>
</AssgnmntListEntry>
<AssgnmntListEntry Length="1" RootTermCovItemId="C3">
<MapEntry BoolAssgnmnt="1" Value="2"/>
</AssgnmntListEntry>
<AssgnmntListEntry Length="1" RootTermCovItemId="C5">
<MapEntry BoolAssgnmnt="1" Value="2"/>
</AssgnmntListEntry>
<AssgnmntListEntry Length="1" RootTermCovItemId="C6">
<MapEntry BoolAssgnmnt="1" Value="2"/>
</AssgnmntListEntry>
<AssgnmntListEntry Length="1" RootTermCovItemId="C7">
<MapEntry BoolAssgnmnt="0" Value="2"/>
</AssgnmntListEntry>
<AssgnmntListEntry Length="1" RootTermCovItemId="C8">
<MapEntry BoolAssgnmnt="1" Value="2"/>
</AssgnmntListEntry>
<AssgnmntListEntry Length="1" RootTermCovItemId="C9">
<MapEntry BoolAssgnmnt="0" Value="2"/>
</AssgnmntListEntry>
</AssgnmntPrefix>
</AssgnmntList>
<ObjMetaDataList/>
<MetaDataList/>
</TestCase>
<TestCase Comment="" Date="1386064449192" Name="com.Testing.BoardTest:testCheckJumpDirection">
<CovList>
<CovPrefix CovItemPrefix="com.OriginalFiles.Analyze.java">
<Cov CovItemId="B107" Value="32"/>
<Cov CovItemId="S199" Value="32"/>
<Cov CovItemId="S200" Value="32"/>
<Cov CovItemId="S201" Value="32"/>
<Cov CovItemId="S202" Value="32"/>
<Cov CovItemId="S203" Value="32"/>
<Cov CovItemId="S204" Value="32"/>
</CovPrefix>
<CovPrefix CovItemPrefix="com.OriginalFiles.Board.java">
<Cov CovItemId="B41" Value="2"/>
<Cov CovItemId="B56" Value="4"/>
<Cov CovItemId="B57" Value="4"/>
<Cov CovItemId="B59" Value="4"/>
<Cov CovItemId="B61" Value="2"/>
<Cov CovItemId="B62" Value="2"/>
<Cov CovItemId="B79" Value="4"/>
<Cov CovItemId="B81" Value="2"/>
<Cov CovItemId="B82" Value="2"/>
<Cov CovItemId="B83" Value="29"/>
<Cov CovItemId="B84" Value="81"/>
<Cov CovItemId="B85" Value="29"/>
<Cov CovItemId="B86" Value="52"/>
<Cov CovItemId="S115" Value="2"/>
<Cov CovItemId="S116" Value="2"/>
<Cov CovItemId="S135" Value="4"/>
<Cov CovItemId="S137" Value="4"/>
<Cov CovItemId="S138" Value="4"/>
<Cov CovItemId="S139" Value="4"/>
<Cov CovItemId="S140" Value="2"/>
<Cov CovItemId="S141" Value="2"/>
<Cov CovItemId="S176" Value="4"/>
<Cov CovItemId="S177" Value="4"/>
<Cov CovItemId="S178" Value="2"/>
<Cov CovItemId="S179" Value="2"/>
<Cov CovItemId="S180" Value="110"/>
<Cov CovItemId="S181" Value="29"/>
<Cov CovItemId="S182" Value="81"/>
<Cov CovItemId="S183" Value="29"/>
<Cov CovItemId="S184" Value="52"/>
<Cov CovItemId="S185" Value="82"/>
</CovPrefix>
<CovPrefix CovItemPrefix="com.OriginalFiles.Field.java">
<Cov CovItemId="B1" Value="34"/>
<Cov CovItemId="B2" Value="8"/>
<Cov CovItemId="S1" Value="88"/>
<Cov CovItemId="S13" Value="65"/>
<Cov CovItemId="S2" Value="88"/>
<Cov CovItemId="S5" Value="42"/>
<Cov CovItemId="S6" Value="42"/>
<Cov CovItemId="S7" Value="34"/>
<Cov CovItemId="S8" Value="3"/>
<Cov CovItemId="S9" Value="48"/>
</CovPrefix>
<CovPrefix CovItemPrefix="com.OriginalFiles.Piece.java">
<Cov CovItemId="B10" Value="14"/>
<Cov CovItemId="B11" Value="28"/>
<Cov CovItemId="B12" Value="8"/>
<Cov CovItemId="B14" Value="28"/>
<Cov CovItemId="B15" Value="28"/>
<Cov CovItemId="B18" Value="28"/>
<Cov CovItemId="B2" Value="36"/>
<Cov CovItemId="B34" Value="28"/>
<Cov CovItemId="B35" Value="9"/>
<Cov CovItemId="B36" Value="19"/>
<Cov CovItemId="B37" Value="9"/>
<Cov CovItemId="B40" Value="28"/>
<Cov CovItemId="B5" Value="28"/>
<Cov CovItemId="B6" Value="8"/>
<Cov CovItemId="B9" Value="14"/>
<Cov CovItemId="S1" Value="34"/>
<Cov CovItemId="S10" Value="34"/>
<Cov CovItemId="S11" Value="34"/>
<Cov CovItemId="S12" Value="34"/>
<Cov CovItemId="S13" Value="34"/>
<Cov CovItemId="S14" Value="34"/>
<Cov CovItemId="S15" Value="34"/>
<Cov CovItemId="S16" Value="34"/>
<Cov CovItemId="S17" Value="34"/>
<Cov CovItemId="S18" Value="34"/>
<Cov CovItemId="S19" Value="34"/>
<Cov CovItemId="S2" Value="34"/>
<Cov CovItemId="S20" Value="34"/>
<Cov CovItemId="S21" Value="34"/>
<Cov CovItemId="S24" Value="36"/>
<Cov CovItemId="S25" Value="36"/>
<Cov CovItemId="S26" Value="36"/>
<Cov CovItemId="S3" Value="34"/>
<Cov CovItemId="S30" Value="36"/>
<Cov CovItemId="S31" Value="36"/>
<Cov CovItemId="S32" Value="36"/>
<Cov CovItemId="S33" Value="28"/>
<Cov CovItemId="S34" Value="8"/>
<Cov CovItemId="S35" Value="8"/>
<Cov CovItemId="S39" Value="28"/>
<Cov CovItemId="S4" Value="34"/>
<Cov CovItemId="S40" Value="14"/>
<Cov CovItemId="S41" Value="14"/>
<Cov CovItemId="S42" Value="36"/>
<Cov CovItemId="S43" Value="36"/>
<Cov CovItemId="S44" Value="28"/>
<Cov CovItemId="S45" Value="28"/>
<Cov CovItemId="S46" Value="28"/>
<Cov CovItemId="S48" Value="28"/>
<Cov CovItemId="S49" Value="28"/>
<Cov CovItemId="S5" Value="34"/>
<Cov CovItemId="S50" Value="28"/>
<Cov CovItemId="S6" Value="34"/>
<Cov CovItemId="S65" Value="28"/>
<Cov CovItemId="S67" Value="28"/>
<Cov CovItemId="S68" Value="9"/>
<Cov CovItemId="S69" Value="9"/>
<Cov CovItemId="S7" Value="34"/>
<Cov CovItemId="S70" Value="9"/>
<Cov CovItemId="S71" Value="28"/>
<Cov CovItemId="S73" Value="28"/>
<Cov CovItemId="S8" Value="34"/>
<Cov CovItemId="S9" Value="34"/>
</CovPrefix>
<CovPrefix CovItemPrefix="com.OriginalFiles.RemoteNXTFunctions.java">
<Cov CovItemId="B5" Value="32"/>
<Cov CovItemId="B7" Value="32"/>
<Cov CovItemId="S162" Value="32"/>
<Cov CovItemId="S19" Value="32"/>
<Cov CovItemId="S20" Value="32"/>
<Cov CovItemId="S21" Value="32"/>
<Cov CovItemId="S22" Value="32"/>
</CovPrefix>
</CovList>
<AssgnmntList>
<AssgnmntPrefix RootTermCovItemPrefix="com.OriginalFiles.Analyze.java">
<AssgnmntListEntry Length="6" RootTermCovItemId="C66">
<MapEntry BoolAssgnmnt="111111" Value="32"/>
</AssgnmntListEntry>
</AssgnmntPrefix>
<AssgnmntPrefix RootTermCovItemPrefix="com.OriginalFiles.Board.java">
<AssgnmntListEntry Length="1" RootTermCovItemId="C31">
<MapEntry BoolAssgnmnt="1" Value="2"/>
</AssgnmntListEntry>
<AssgnmntListEntry Length="5" RootTermCovItemId="C38">
<MapEntry BoolAssgnmnt="02002" Value="2"/>
<MapEntry BoolAssgnmnt="11221" Value="2"/>
</AssgnmntListEntry>
<AssgnmntListEntry Length="1" RootTermCovItemId="C39">
<MapEntry BoolAssgnmnt="1" Value="4"/>
</AssgnmntListEntry>
<AssgnmntListEntry Length="1" RootTermCovItemId="C40">
<MapEntry BoolAssgnmnt="0" Value="4"/>
</AssgnmntListEntry>
<AssgnmntListEntry Length="2" RootTermCovItemId="C41">
<MapEntry BoolAssgnmnt="10" Value="2"/>
<MapEntry BoolAssgnmnt="02" Value="2"/>
</AssgnmntListEntry>
<AssgnmntListEntry Length="1" RootTermCovItemId="C53">
<MapEntry BoolAssgnmnt="1" Value="4"/>
</AssgnmntListEntry>
<AssgnmntListEntry Length="1" RootTermCovItemId="C54">
<MapEntry BoolAssgnmnt="0" Value="2"/>
<MapEntry BoolAssgnmnt="1" Value="2"/>
</AssgnmntListEntry>
<AssgnmntListEntry Length="3" RootTermCovItemId="C55">
<MapEntry BoolAssgnmnt="002" Value="53"/>
<MapEntry BoolAssgnmnt="120" Value="29"/>
<MapEntry BoolAssgnmnt="121" Value="28"/>
</AssgnmntListEntry>
<AssgnmntListEntry Length="3" RootTermCovItemId="C56">
<MapEntry BoolAssgnmnt="002" Value="28"/>
<MapEntry BoolAssgnmnt="120" Value="24"/>
<MapEntry BoolAssgnmnt="121" Value="29"/>
</AssgnmntListEntry>
</AssgnmntPrefix>
<AssgnmntPrefix RootTermCovItemPrefix="com.OriginalFiles.Field.java">
<AssgnmntListEntry Length="1" RootTermCovItemId="C1">
<MapEntry BoolAssgnmnt="0" Value="34"/>
<MapEntry BoolAssgnmnt="1" Value="8"/>
</AssgnmntListEntry>
</AssgnmntPrefix>
<AssgnmntPrefix RootTermCovItemPrefix="com.OriginalFiles.Piece.java">
<AssgnmntListEntry Length="2" RootTermCovItemId="C1">
<MapEntry BoolAssgnmnt="10" Value="28"/>
<MapEntry BoolAssgnmnt="02" Value="8"/>
</AssgnmntListEntry>
<AssgnmntListEntry Length="5" RootTermCovItemId="C17">
<MapEntry BoolAssgnmnt="00210" Value="14"/>
<MapEntry BoolAssgnmnt="01002" Value="14"/>
</AssgnmntListEntry>
<AssgnmntListEntry Length="5" RootTermCovItemId="C18">
<MapEntry BoolAssgnmnt="00210" Value="9"/>
<MapEntry BoolAssgnmnt="00211" Value="5"/>
<MapEntry BoolAssgnmnt="01002" Value="10"/>
<MapEntry BoolAssgnmnt="01122" Value="4"/>
</AssgnmntListEntry>
<AssgnmntListEntry Length="1" RootTermCovItemId="C19">
<MapEntry BoolAssgnmnt="1" Value="9"/>
</AssgnmntListEntry>
<AssgnmntListEntry Length="1" RootTermCovItemId="C20">
<MapEntry BoolAssgnmnt="0" Value="28"/>
</AssgnmntListEntry>
<AssgnmntListEntry Length="1" RootTermCovItemId="C3">
<MapEntry BoolAssgnmnt="0" Value="8"/>
<MapEntry BoolAssgnmnt="1" Value="28"/>
</AssgnmntListEntry>
<AssgnmntListEntry Length="1" RootTermCovItemId="C5">
<MapEntry BoolAssgnmnt="0" Value="14"/>
<MapEntry BoolAssgnmnt="1" Value="14"/>
</AssgnmntListEntry>
<AssgnmntListEntry Length="1" RootTermCovItemId="C6">
<MapEntry BoolAssgnmnt="0" Value="8"/>
<MapEntry BoolAssgnmnt="1" Value="28"/>
</AssgnmntListEntry>
<AssgnmntListEntry Length="1" RootTermCovItemId="C7">
<MapEntry BoolAssgnmnt="0" Value="28"/>
</AssgnmntListEntry>
<AssgnmntListEntry Length="1" RootTermCovItemId="C8">
<MapEntry BoolAssgnmnt="1" Value="28"/>
</AssgnmntListEntry>
<AssgnmntListEntry Length="1" RootTermCovItemId="C9">
<MapEntry BoolAssgnmnt="0" Value="28"/>
</AssgnmntListEntry>
</AssgnmntPrefix>
<AssgnmntPrefix RootTermCovItemPrefix="com.OriginalFiles.RemoteNXTFunctions.java">
<AssgnmntListEntry Length="1" RootTermCovItemId="C5">
<MapEntry BoolAssgnmnt="1" Value="32"/>
</AssgnmntListEntry>
<AssgnmntListEntry Length="2" RootTermCovItemId="C6">
<MapEntry BoolAssgnmnt="11" Value="32"/>
</AssgnmntListEntry>
</AssgnmntPrefix>
</AssgnmntList>
<ObjMetaDataList/>
<MetaDataList/>
</TestCase>
<TestCase Comment="" Date="1386064449193" Name="com.Testing.BoardTest:testFieldOccupied">
<CovList>
<CovPrefix CovItemPrefix="com.OriginalFiles.Board.java">
<Cov CovItemId="B41" Value="2"/>
<Cov CovItemId="B42" Value="1"/>
<Cov CovItemId="S115" Value="3"/>
<Cov CovItemId="S116" Value="2"/>
<Cov CovItemId="S117" Value="1"/>
<Cov CovItemId="S185" Value="3"/>
</CovPrefix>
<CovPrefix CovItemPrefix="com.OriginalFiles.Field.java">
<Cov CovItemId="S9" Value="2"/>
</CovPrefix>
</CovList>
<AssgnmntList>
<AssgnmntPrefix RootTermCovItemPrefix="com.OriginalFiles.Board.java">
<AssgnmntListEntry Length="1" RootTermCovItemId="C31">
<MapEntry BoolAssgnmnt="0" Value="1"/>
<MapEntry BoolAssgnmnt="1" Value="2"/>
</AssgnmntListEntry>
</AssgnmntPrefix>
</AssgnmntList>
<ObjMetaDataList/>
<MetaDataList/>
</TestCase>
<TestCase Comment="" Date="1386064449193" Name="com.Testing.BoardTest:testBoard">
<CovList>
<CovPrefix CovItemPrefix="com.OriginalFiles.Field.java">
<Cov CovItemId="S8" Value="120"/>
</CovPrefix>
<CovPrefix CovItemPrefix="com.OriginalFiles.Piece.java">
<Cov CovItemId="S22" Value="24"/>
<Cov CovItemId="S23" Value="24"/>
</CovPrefix>
</CovList>
<AssgnmntList/>
<ObjMetaDataList/>
<MetaDataList/>
</TestCase>
<TestCase Comment="" Date="1386064449193" Name="com.Testing.BoardTest:testCheckAllegiance">
<CovList>
<CovPrefix CovItemPrefix="com.OriginalFiles.Board.java">
<Cov CovItemId="B79" Value="4"/>
<Cov CovItemId="B80" Value="2"/>
<Cov CovItemId="B81" Value="4"/>
<Cov CovItemId="B83" Value="1"/>
<Cov CovItemId="B84" Value="3"/>
<Cov CovItemId="B85" Value="1"/>
<Cov CovItemId="B86" Value="2"/>
<Cov CovItemId="S176" Value="6"/>
<Cov CovItemId="S177" Value="4"/>
<Cov CovItemId="S178" Value="4"/>
<Cov CovItemId="S179" Value="2"/>
<Cov CovItemId="S180" Value="4"/>
<Cov CovItemId="S181" Value="1"/>
<Cov CovItemId="S182" Value="3"/>
<Cov CovItemId="S183" Value="1"/>
<Cov CovItemId="S184" Value="2"/>
<Cov CovItemId="S185" Value="6"/>
</CovPrefix>
<CovPrefix CovItemPrefix="com.OriginalFiles.Field.java">
<Cov CovItemId="S1" Value="1"/>
<Cov CovItemId="S2" Value="1"/>
<Cov CovItemId="S8" Value="4"/>
<Cov CovItemId="S9" Value="4"/>
</CovPrefix>
</CovList>
<AssgnmntList>
<AssgnmntPrefix RootTermCovItemPrefix="com.OriginalFiles.Board.java">
<AssgnmntListEntry Length="1" RootTermCovItemId="C53">
<MapEntry BoolAssgnmnt="0" Value="2"/>
<MapEntry BoolAssgnmnt="1" Value="4"/>
</AssgnmntListEntry>
<AssgnmntListEntry Length="1" RootTermCovItemId="C54">
<MapEntry BoolAssgnmnt="0" Value="4"/>
</AssgnmntListEntry>
<AssgnmntListEntry Length="3" RootTermCovItemId="C55">
<MapEntry BoolAssgnmnt="002" Value="2"/>
<MapEntry BoolAssgnmnt="120" Value="1"/>
<MapEntry BoolAssgnmnt="121" Value="1"/>
</AssgnmntListEntry>
<AssgnmntListEntry Length="3" RootTermCovItemId="C56">
<MapEntry BoolAssgnmnt="002" Value="1"/>
<MapEntry BoolAssgnmnt="120" Value="1"/>
<MapEntry BoolAssgnmnt="121" Value="1"/>
</AssgnmntListEntry>
</AssgnmntPrefix>
</AssgnmntList>
<ObjMetaDataList/>
<MetaDataList/>
</TestCase>
<TestCase Comment="" Date="1386064449194" Name="com.Testing.BoardTest:testpeasentIsOnEndRow">
<CovList>
<CovPrefix CovItemPrefix="com.OriginalFiles.Board.java">
<Cov CovItemId="B31" Value="6"/>
<Cov CovItemId="B32" Value="1"/>
<Cov CovItemId="B33" Value="3"/>
<Cov CovItemId="B34" Value="3"/>
<Cov CovItemId="B35" Value="2"/>
<Cov CovItemId="B36" Value="4"/>
<Cov CovItemId="B79" Value="6"/>
<Cov CovItemId="B81" Value="6"/>
<Cov CovItemId="B84" Value="10"/>
<Cov CovItemId="B85" Value="5"/>
<Cov CovItemId="B86" Value="5"/>
<Cov CovItemId="S100" Value="3"/>
<Cov CovItemId="S101" Value="3"/>
<Cov CovItemId="S102" Value="6"/>
<Cov CovItemId="S103" Value="2"/>
<Cov CovItemId="S104" Value="5"/>
<Cov CovItemId="S176" Value="6"/>
<Cov CovItemId="S177" Value="6"/>
<Cov CovItemId="S178" Value="6"/>
<Cov CovItemId="S180" Value="10"/>
<Cov CovItemId="S182" Value="10"/>
<Cov CovItemId="S183" Value="5"/>
<Cov CovItemId="S184" Value="5"/>
<Cov CovItemId="S185" Value="8"/>
<Cov CovItemId="S98" Value="7"/>
<Cov CovItemId="S99" Value="6"/>
</CovPrefix>
<CovPrefix CovItemPrefix="com.OriginalFiles.Field.java">
<Cov CovItemId="B1" Value="1"/>
<Cov CovItemId="S1" Value="1"/>
<Cov CovItemId="S13" Value="1"/>
<Cov CovItemId="S2" Value="1"/>
<Cov CovItemId="S5" Value="1"/>
<Cov CovItemId="S6" Value="1"/>
<Cov CovItemId="S7" Value="1"/>
<Cov CovItemId="S8" Value="10"/>
<Cov CovItemId="S9" Value="14"/>
</CovPrefix>
<CovPrefix CovItemPrefix="com.OriginalFiles.Piece.java">
<Cov CovItemId="B10" Value="1"/>
<Cov CovItemId="B11" Value="1"/>
<Cov CovItemId="B14" Value="1"/>
<Cov CovItemId="B15" Value="1"/>
<Cov CovItemId="B18" Value="1"/>
<Cov CovItemId="B2" Value="1"/>
<Cov CovItemId="B34" Value="1"/>
<Cov CovItemId="B36" Value="1"/>
<Cov CovItemId="B40" Value="1"/>
<Cov CovItemId="B5" Value="1"/>
<Cov CovItemId="S1" Value="1"/>
<Cov CovItemId="S10" Value="1"/>
<Cov CovItemId="S11" Value="1"/>
<Cov CovItemId="S12" Value="1"/>
<Cov CovItemId="S13" Value="1"/>
<Cov CovItemId="S14" Value="1"/>
<Cov CovItemId="S15" Value="1"/>
<Cov CovItemId="S16" Value="1"/>
<Cov CovItemId="S17" Value="1"/>
<Cov CovItemId="S18" Value="1"/>
<Cov CovItemId="S19" Value="1"/>
<Cov CovItemId="S2" Value="1"/>
<Cov CovItemId="S20" Value="1"/>
<Cov CovItemId="S21" Value="1"/>
<Cov CovItemId="S24" Value="1"/>
<Cov CovItemId="S25" Value="1"/>
<Cov CovItemId="S26" Value="1"/>
<Cov CovItemId="S3" Value="1"/>
<Cov CovItemId="S30" Value="1"/>
<Cov CovItemId="S31" Value="1"/>
<Cov CovItemId="S32" Value="1"/>
<Cov CovItemId="S33" Value="1"/>
<Cov CovItemId="S39" Value="1"/>
<Cov CovItemId="S4" Value="1"/>
<Cov CovItemId="S41" Value="1"/>
<Cov CovItemId="S42" Value="1"/>
<Cov CovItemId="S43" Value="1"/>
<Cov CovItemId="S44" Value="1"/>
<Cov CovItemId="S45" Value="1"/>
<Cov CovItemId="S46" Value="1"/>
<Cov CovItemId="S48" Value="1"/>
<Cov CovItemId="S49" Value="1"/>
<Cov CovItemId="S5" Value="1"/>
<Cov CovItemId="S50" Value="1"/>
<Cov CovItemId="S6" Value="1"/>
<Cov CovItemId="S65" Value="1"/>
<Cov CovItemId="S67" Value="1"/>
<Cov CovItemId="S7" Value="1"/>
<Cov CovItemId="S71" Value="1"/>
<Cov CovItemId="S73" Value="1"/>
<Cov CovItemId="S8" Value="1"/>
<Cov CovItemId="S9" Value="1"/>
</CovPrefix>
</CovList>
<AssgnmntList>
<AssgnmntPrefix RootTermCovItemPrefix="com.OriginalFiles.Board.java">
<AssgnmntListEntry Length="1" RootTermCovItemId="C26">
<MapEntry BoolAssgnmnt="0" Value="6"/>
<MapEntry BoolAssgnmnt="1" Value="1"/>
</AssgnmntListEntry>
<AssgnmntListEntry Length="1" RootTermCovItemId="C27">
<MapEntry BoolAssgnmnt="0" Value="3"/>
<MapEntry BoolAssgnmnt="1" Value="3"/>
</AssgnmntListEntry>
<AssgnmntListEntry Length="2" RootTermCovItemId="C28">
<MapEntry BoolAssgnmnt="10" Value="2"/>
<MapEntry BoolAssgnmnt="02" Value="2"/>
<MapEntry BoolAssgnmnt="11" Value="2"/>
</AssgnmntListEntry>
<AssgnmntListEntry Length="1" RootTermCovItemId="C53">
<MapEntry BoolAssgnmnt="1" Value="6"/>
</AssgnmntListEntry>
<AssgnmntListEntry Length="1" RootTermCovItemId="C54">
<MapEntry BoolAssgnmnt="0" Value="6"/>
</AssgnmntListEntry>
<AssgnmntListEntry Length="3" RootTermCovItemId="C55">
<MapEntry BoolAssgnmnt="002" Value="7"/>
<MapEntry BoolAssgnmnt="121" Value="3"/>
</AssgnmntListEntry>
<AssgnmntListEntry Length="3" RootTermCovItemId="C56">
<MapEntry BoolAssgnmnt="002" Value="3"/>
<MapEntry BoolAssgnmnt="120" Value="2"/>
<MapEntry BoolAssgnmnt="121" Value="5"/>
</AssgnmntListEntry>
</AssgnmntPrefix>
<AssgnmntPrefix RootTermCovItemPrefix="com.OriginalFiles.Field.java">
<AssgnmntListEntry Length="1" RootTermCovItemId="C1">
<MapEntry BoolAssgnmnt="0" Value="1"/>
</AssgnmntListEntry>
</AssgnmntPrefix>
<AssgnmntPrefix RootTermCovItemPrefix="com.OriginalFiles.Piece.java">
<AssgnmntListEntry Length="2" RootTermCovItemId="C1">
<MapEntry BoolAssgnmnt="10" Value="1"/>
</AssgnmntListEntry>
<AssgnmntListEntry Length="5" RootTermCovItemId="C17">
<MapEntry BoolAssgnmnt="01002" Value="1"/>
</AssgnmntListEntry>
<AssgnmntListEntry Length="5" RootTermCovItemId="C18">
<MapEntry BoolAssgnmnt="01002" Value="1"/>
</AssgnmntListEntry>
<AssgnmntListEntry Length="1" RootTermCovItemId="C20">
<MapEntry BoolAssgnmnt="0" Value="1"/>
</AssgnmntListEntry>
<AssgnmntListEntry Length="1" RootTermCovItemId="C3">
<MapEntry BoolAssgnmnt="1" Value="1"/>
</AssgnmntListEntry>
<AssgnmntListEntry Length="1" RootTermCovItemId="C5">
<MapEntry BoolAssgnmnt="0" Value="1"/>
</AssgnmntListEntry>
<AssgnmntListEntry Length="1" RootTermCovItemId="C6">
<MapEntry BoolAssgnmnt="1" Value="1"/>
</AssgnmntListEntry>
<AssgnmntListEntry Length="1" RootTermCovItemId="C7">
<MapEntry BoolAssgnmnt="0" Value="1"/>
</AssgnmntListEntry>
<AssgnmntListEntry Length="1" RootTermCovItemId="C8">
<MapEntry BoolAssgnmnt="1" Value="1"/>
</AssgnmntListEntry>
<AssgnmntListEntry Length="1" RootTermCovItemId="C9">
<MapEntry BoolAssgnmnt="0" Value="1"/>
</AssgnmntListEntry>
</AssgnmntPrefix>
</AssgnmntList>
<ObjMetaDataList/>
<MetaDataList/>
</TestCase>
<TestCase Comment="" Date="1386064449194" Name="com.Testing.BoardTest:testverifyCorrectMove">
<CovList>
<CovPrefix CovItemPrefix="com.OriginalFiles.Analyze.java">
<Cov CovItemId="B108" Value="2"/>
<Cov CovItemId="B109" Value="1"/>
<Cov CovItemId="B110" Value="1"/>
<Cov CovItemId="B112" Value="1"/>
<Cov CovItemId="B114" Value="1"/>
<Cov CovItemId="S199" Value="2"/>
<Cov CovItemId="S200" Value="2"/>
<Cov CovItemId="S201" Value="2"/>
<Cov CovItemId="S202" Value="2"/>
<Cov CovItemId="S203" Value="2"/>
<Cov CovItemId="S205" Value="2"/>
<Cov CovItemId="S206" Value="1"/>
<Cov CovItemId="S207" Value="1"/>
<Cov CovItemId="S209" Value="1"/>
<Cov CovItemId="S211" Value="1"/>
</CovPrefix>
<CovPrefix CovItemPrefix="com.OriginalFiles.Board.java">
<Cov CovItemId="B27" Value="3"/>
<Cov CovItemId="B28" Value="1"/>
<Cov CovItemId="B29" Value="2"/>
<Cov CovItemId="B30" Value="1"/>
<Cov CovItemId="B39" Value="2"/>
<Cov CovItemId="B79" Value="4"/>
<Cov CovItemId="B81" Value="4"/>
<Cov CovItemId="B84" Value="8"/>
<Cov CovItemId="B85" Value="5"/>
<Cov CovItemId="B86" Value="3"/>
<Cov CovItemId="S111" Value="2"/>
<Cov CovItemId="S112" Value="2"/>
<Cov CovItemId="S113" Value="2"/>
<Cov CovItemId="S176" Value="4"/>
<Cov CovItemId="S177" Value="4"/>
<Cov CovItemId="S178" Value="4"/>
<Cov CovItemId="S180" Value="8"/>
<Cov CovItemId="S182" Value="8"/>
<Cov CovItemId="S183" Value="5"/>
<Cov CovItemId="S184" Value="3"/>
<Cov CovItemId="S185" Value="8"/>
<Cov CovItemId="S94" Value="4"/>
<Cov CovItemId="S95" Value="3"/>
<Cov CovItemId="S96" Value="2"/>
<Cov CovItemId="S97" Value="2"/>
</CovPrefix>
<CovPrefix CovItemPrefix="com.OriginalFiles.Field.java">
<Cov CovItemId="B1" Value="1"/>
<Cov CovItemId="S1" Value="1"/>
<Cov CovItemId="S2" Value="1"/>
<Cov CovItemId="S5" Value="1"/>
<Cov CovItemId="S6" Value="1"/>
<Cov CovItemId="S7" Value="1"/>
<Cov CovItemId="S8" Value="8"/>
<Cov CovItemId="S9" Value="5"/>
</CovPrefix>
<CovPrefix CovItemPrefix="com.OriginalFiles.Piece.java">
<Cov CovItemId="B11" Value="1"/>
<Cov CovItemId="B14" Value="1"/>
<Cov CovItemId="B15" Value="1"/>
<Cov CovItemId="B18" Value="1"/>
<Cov CovItemId="B2" Value="1"/>
<Cov CovItemId="B34" Value="1"/>
<Cov CovItemId="B36" Value="1"/>
<Cov CovItemId="B40" Value="1"/>
<Cov CovItemId="B5" Value="1"/>
<Cov CovItemId="B9" Value="1"/>
<Cov CovItemId="S1" Value="1"/>
<Cov CovItemId="S10" Value="1"/>
<Cov CovItemId="S11" Value="1"/>
<Cov CovItemId="S12" Value="1"/>
<Cov CovItemId="S13" Value="1"/>
<Cov CovItemId="S14" Value="1"/>
<Cov CovItemId="S15" Value="1"/>
<Cov CovItemId="S16" Value="1"/>
<Cov CovItemId="S17" Value="1"/>
<Cov CovItemId="S18" Value="1"/>
<Cov CovItemId="S19" Value="1"/>
<Cov CovItemId="S2" Value="1"/>
<Cov CovItemId="S20" Value="1"/>
<Cov CovItemId="S21" Value="1"/>
<Cov CovItemId="S24" Value="1"/>
<Cov CovItemId="S25" Value="1"/>
<Cov CovItemId="S26" Value="1"/>
<Cov CovItemId="S3" Value="1"/>
<Cov CovItemId="S30" Value="1"/>
<Cov CovItemId="S31" Value="1"/>
<Cov CovItemId="S32" Value="1"/>
<Cov CovItemId="S33" Value="1"/>
<Cov CovItemId="S39" Value="1"/>
<Cov CovItemId="S4" Value="1"/>
<Cov CovItemId="S40" Value="1"/>
<Cov CovItemId="S42" Value="1"/>
<Cov CovItemId="S43" Value="1"/>
<Cov CovItemId="S44" Value="1"/>
<Cov CovItemId="S45" Value="1"/>
<Cov CovItemId="S46" Value="1"/>
<Cov CovItemId="S48" Value="1"/>
<Cov CovItemId="S49" Value="1"/>
<Cov CovItemId="S5" Value="1"/>
<Cov CovItemId="S50" Value="1"/>
<Cov CovItemId="S6" Value="1"/>
<Cov CovItemId="S65" Value="1"/>
<Cov CovItemId="S67" Value="1"/>
<Cov CovItemId="S7" Value="1"/>
<Cov CovItemId="S71" Value="1"/>
<Cov CovItemId="S73" Value="1"/>
<Cov CovItemId="S8" Value="1"/>
<Cov CovItemId="S9" Value="1"/>
</CovPrefix>
<CovPrefix CovItemPrefix="com.OriginalFiles.RemoteNXTFunctions.java">
<Cov CovItemId="B10" Value="1"/>
<Cov CovItemId="B11" Value="1"/>
<Cov CovItemId="B5" Value="2"/>
<Cov CovItemId="B8" Value="2"/>
<Cov CovItemId="B9" Value="1"/>
<Cov CovItemId="S162" Value="2"/>
<Cov CovItemId="S19" Value="2"/>
<Cov CovItemId="S20" Value="2"/>
<Cov CovItemId="S21" Value="2"/>
<Cov CovItemId="S23" Value="2"/>
<Cov CovItemId="S24" Value="1"/>
<Cov CovItemId="S25" Value="1"/>
<Cov CovItemId="S26" Value="1"/>
</CovPrefix>
</CovList>
<AssgnmntList>
<AssgnmntPrefix RootTermCovItemPrefix="com.OriginalFiles.Analyze.java">
<AssgnmntListEntry Length="6" RootTermCovItemId="C66">
<MapEntry BoolAssgnmnt="110222" Value="1"/>
<MapEntry BoolAssgnmnt="022222" Value="1"/>
</AssgnmntListEntry>
<AssgnmntListEntry Length="6" RootTermCovItemId="C67">
<MapEntry BoolAssgnmnt="022222" Value="1"/>
<MapEntry BoolAssgnmnt="111111" Value="1"/>
</AssgnmntListEntry>
<AssgnmntListEntry Length="6" RootTermCovItemId="C68">
<MapEntry BoolAssgnmnt="102222" Value="1"/>
</AssgnmntListEntry>
<AssgnmntListEntry Length="6" RootTermCovItemId="C69">
<MapEntry BoolAssgnmnt="102222" Value="1"/>
</AssgnmntListEntry>
</AssgnmntPrefix>
<AssgnmntPrefix RootTermCovItemPrefix="com.OriginalFiles.Board.java">
<AssgnmntListEntry Length="1" RootTermCovItemId="C24">
<MapEntry BoolAssgnmnt="0" Value="1"/>
<MapEntry BoolAssgnmnt="1" Value="3"/>
</AssgnmntListEntry>
<AssgnmntListEntry Length="1" RootTermCovItemId="C25">
<MapEntry BoolAssgnmnt="0" Value="1"/>
<MapEntry BoolAssgnmnt="1" Value="2"/>
</AssgnmntListEntry>
<AssgnmntListEntry Length="1" RootTermCovItemId="C30">
<MapEntry BoolAssgnmnt="1" Value="2"/>
</AssgnmntListEntry>
<AssgnmntListEntry Length="1" RootTermCovItemId="C53">
<MapEntry BoolAssgnmnt="1" Value="4"/>
</AssgnmntListEntry>
<AssgnmntListEntry Length="1" RootTermCovItemId="C54">
<MapEntry BoolAssgnmnt="0" Value="4"/>
</AssgnmntListEntry>
<AssgnmntListEntry Length="3" RootTermCovItemId="C55">
<MapEntry BoolAssgnmnt="002" Value="7"/>
<MapEntry BoolAssgnmnt="121" Value="1"/>
</AssgnmntListEntry>
<AssgnmntListEntry Length="3" RootTermCovItemId="C56">
<MapEntry BoolAssgnmnt="002" Value="1"/>
<MapEntry BoolAssgnmnt="120" Value="2"/>
<MapEntry BoolAssgnmnt="121" Value="5"/>
</AssgnmntListEntry>
</AssgnmntPrefix>
<AssgnmntPrefix RootTermCovItemPrefix="com.OriginalFiles.Field.java">
<AssgnmntListEntry Length="1" RootTermCovItemId="C1">
<MapEntry BoolAssgnmnt="0" Value="1"/>
</AssgnmntListEntry>
</AssgnmntPrefix>
<AssgnmntPrefix RootTermCovItemPrefix="com.OriginalFiles.Piece.java">
<AssgnmntListEntry Length="2" RootTermCovItemId="C1">
<MapEntry BoolAssgnmnt="10" Value="1"/>
</AssgnmntListEntry>
<AssgnmntListEntry Length="5" RootTermCovItemId="C17">
<MapEntry BoolAssgnmnt="01002" Value="1"/>
</AssgnmntListEntry>
<AssgnmntListEntry Length="5" RootTermCovItemId="C18">
<MapEntry BoolAssgnmnt="01002" Value="1"/>
</AssgnmntListEntry>
<AssgnmntListEntry Length="1" RootTermCovItemId="C20">
<MapEntry BoolAssgnmnt="0" Value="1"/>
</AssgnmntListEntry>
<AssgnmntListEntry Length="1" RootTermCovItemId="C3">
<MapEntry BoolAssgnmnt="1" Value="1"/>
</AssgnmntListEntry>
<AssgnmntListEntry Length="1" RootTermCovItemId="C5">
<MapEntry BoolAssgnmnt="1" Value="1"/>
</AssgnmntListEntry>
<AssgnmntListEntry Length="1" RootTermCovItemId="C6">
<MapEntry BoolAssgnmnt="1" Value="1"/>
</AssgnmntListEntry>
<AssgnmntListEntry Length="1" RootTermCovItemId="C7">
<MapEntry BoolAssgnmnt="0" Value="1"/>
</AssgnmntListEntry>
<AssgnmntListEntry Length="1" RootTermCovItemId="C8">
<MapEntry BoolAssgnmnt="1" Value="1"/>
</AssgnmntListEntry>
<AssgnmntListEntry Length="1" RootTermCovItemId="C9">
<MapEntry BoolAssgnmnt="0" Value="1"/>
</AssgnmntListEntry>
</AssgnmntPrefix>
<AssgnmntPrefix RootTermCovItemPrefix="com.OriginalFiles.RemoteNXTFunctions.java">
<AssgnmntListEntry Length="1" RootTermCovItemId="C5">
<MapEntry BoolAssgnmnt="1" Value="2"/>
</AssgnmntListEntry>
<AssgnmntListEntry Length="2" RootTermCovItemId="C6">
<MapEntry BoolAssgnmnt="02" Value="2"/>
</AssgnmntListEntry>
<AssgnmntListEntry Length="2" RootTermCovItemId="C7">
<MapEntry BoolAssgnmnt="02" Value="1"/>
<MapEntry BoolAssgnmnt="11" Value="1"/>
</AssgnmntListEntry>
<AssgnmntListEntry Length="2" RootTermCovItemId="C8">
<MapEntry BoolAssgnmnt="11" Value="1"/>
</AssgnmntListEntry>
</AssgnmntPrefix>
</AssgnmntList>
<ObjMetaDataList/>
<MetaDataList/>
</TestCase>
<TestCase Comment="" Date="1386064449195" Name="com.Testing.BoardTest:testsortListOfFields">
<CovList>
<CovPrefix CovItemPrefix="com.OriginalFiles.Board.java">
<Cov CovItemId="B11" Value="1"/>
<Cov CovItemId="B14" Value="1"/>
<Cov CovItemId="B16" Value="1"/>
<Cov CovItemId="B17" Value="1"/>
<Cov CovItemId="B84" Value="4"/>
<Cov CovItemId="B85" Value="2"/>
<Cov CovItemId="B86" Value="2"/>
<Cov CovItemId="L11-2" Value="1"/>
<Cov CovItemId="L12-0" Value="1"/>
<Cov CovItemId="L12-1" Value="1"/>
<Cov CovItemId="S180" Value="4"/>
<Cov CovItemId="S182" Value="4"/>
<Cov CovItemId="S183" Value="2"/>
<Cov CovItemId="S184" Value="2"/>
<Cov CovItemId="S185" Value="4"/>
<Cov CovItemId="S64" Value="1"/>
<Cov CovItemId="S65" Value="1"/>
<Cov CovItemId="S66" Value="1"/>
<Cov CovItemId="S67" Value="1"/>
<Cov CovItemId="S68" Value="2"/>
<Cov CovItemId="S69" Value="1"/>
<Cov CovItemId="S70" Value="1"/>
<Cov CovItemId="S71" Value="1"/>
<Cov CovItemId="S72" Value="1"/>
<Cov CovItemId="S73" Value="1"/>
<Cov CovItemId="S74" Value="1"/>
<Cov CovItemId="S75" Value="1"/>
<Cov CovItemId="S76" Value="2"/>
<Cov CovItemId="S77" Value="2"/>
<Cov CovItemId="S78" Value="1"/>
<Cov CovItemId="S80" Value="1"/>
<Cov CovItemId="S82" Value="1"/>
<Cov CovItemId="S83" Value="1"/>
</CovPrefix>
<CovPrefix CovItemPrefix="com.OriginalFiles.Field.java">
<Cov CovItemId="B1" Value="2"/>
<Cov CovItemId="S1" Value="2"/>
<Cov CovItemId="S13" Value="64"/>
<Cov CovItemId="S2" Value="2"/>
<Cov CovItemId="S5" Value="2"/>
<Cov CovItemId="S6" Value="2"/>
<Cov CovItemId="S7" Value="2"/>
<Cov CovItemId="S8" Value="6"/>
<Cov CovItemId="S9" Value="2"/>
</CovPrefix>
<CovPrefix CovItemPrefix="com.OriginalFiles.Piece.java">
<Cov CovItemId="B1" Value="1"/>
<Cov CovItemId="B11" Value="2"/>
<Cov CovItemId="B13" Value="1"/>
<Cov CovItemId="B14" Value="1"/>
<Cov CovItemId="B15" Value="2"/>
<Cov CovItemId="B18" Value="2"/>
<Cov CovItemId="B2" Value="1"/>
<Cov CovItemId="B34" Value="2"/>
<Cov CovItemId="B36" Value="2"/>
<Cov CovItemId="B39" Value="1"/>
<Cov CovItemId="B4" Value="1"/>
<Cov CovItemId="B40" Value="1"/>
<Cov CovItemId="B5" Value="2"/>
<Cov CovItemId="B9" Value="2"/>
<Cov CovItemId="S1" Value="2"/>
<Cov CovItemId="S10" Value="2"/>
<Cov CovItemId="S11" Value="2"/>
<Cov CovItemId="S12" Value="2"/>
<Cov CovItemId="S13" Value="2"/>
<Cov CovItemId="S14" Value="2"/>
<Cov CovItemId="S15" Value="2"/>
<Cov CovItemId="S16" Value="2"/>
<Cov CovItemId="S17" Value="2"/>
<Cov CovItemId="S18" Value="2"/>
<Cov CovItemId="S19" Value="2"/>
<Cov CovItemId="S2" Value="2"/>
<Cov CovItemId="S20" Value="2"/>
<Cov CovItemId="S21" Value="2"/>
<Cov CovItemId="S24" Value="2"/>
<Cov CovItemId="S25" Value="2"/>
<Cov CovItemId="S26" Value="2"/>
<Cov CovItemId="S27" Value="1"/>
<Cov CovItemId="S29" Value="1"/>
<Cov CovItemId="S3" Value="2"/>
<Cov CovItemId="S30" Value="1"/>
<Cov CovItemId="S31" Value="2"/>
<Cov CovItemId="S32" Value="2"/>
<Cov CovItemId="S33" Value="2"/>
<Cov CovItemId="S39" Value="2"/>
<Cov CovItemId="S4" Value="2"/>
<Cov CovItemId="S40" Value="2"/>
<Cov CovItemId="S42" Value="2"/>
<Cov CovItemId="S43" Value="2"/>
<Cov CovItemId="S44" Value="2"/>
<Cov CovItemId="S45" Value="2"/>
<Cov CovItemId="S46" Value="2"/>
<Cov CovItemId="S47" Value="1"/>
<Cov CovItemId="S48" Value="2"/>
<Cov CovItemId="S49" Value="2"/>
<Cov CovItemId="S5" Value="2"/>
<Cov CovItemId="S50" Value="2"/>
<Cov CovItemId="S6" Value="2"/>
<Cov CovItemId="S65" Value="2"/>
<Cov CovItemId="S67" Value="2"/>
<Cov CovItemId="S7" Value="2"/>
<Cov CovItemId="S71" Value="2"/>
<Cov CovItemId="S72" Value="1"/>
<Cov CovItemId="S73" Value="2"/>
<Cov CovItemId="S8" Value="2"/>
<Cov CovItemId="S9" Value="2"/>
</CovPrefix>
</CovList>
<AssgnmntList>
<AssgnmntPrefix RootTermCovItemPrefix="com.OriginalFiles.Board.java">
<AssgnmntListEntry Length="1" RootTermCovItemId="C14">
<MapEntry BoolAssgnmnt="0" Value="1"/>
<MapEntry BoolAssgnmnt="1" Value="2"/>
</AssgnmntListEntry>
<AssgnmntListEntry Length="1" RootTermCovItemId="C15">
<MapEntry BoolAssgnmnt="0" Value="2"/>
<MapEntry BoolAssgnmnt="1" Value="1"/>
</AssgnmntListEntry>
<AssgnmntListEntry Length="1" RootTermCovItemId="C16">
<MapEntry BoolAssgnmnt="0" Value="1"/>
</AssgnmntListEntry>
<AssgnmntListEntry Length="4" RootTermCovItemId="C17">
<MapEntry BoolAssgnmnt="0222" Value="1"/>
</AssgnmntListEntry>
<AssgnmntListEntry Length="2" RootTermCovItemId="C18">
<MapEntry BoolAssgnmnt="02" Value="1"/>
</AssgnmntListEntry>
<AssgnmntListEntry Length="2" RootTermCovItemId="C19">
<MapEntry BoolAssgnmnt="10" Value="1"/>
</AssgnmntListEntry>
<AssgnmntListEntry Length="3" RootTermCovItemId="C55">
<MapEntry BoolAssgnmnt="002" Value="4"/>
</AssgnmntListEntry>
<AssgnmntListEntry Length="3" RootTermCovItemId="C56">
<MapEntry BoolAssgnmnt="120" Value="2"/>
<MapEntry BoolAssgnmnt="121" Value="2"/>
</AssgnmntListEntry>
</AssgnmntPrefix>
<AssgnmntPrefix RootTermCovItemPrefix="com.OriginalFiles.Field.java">
<AssgnmntListEntry Length="1" RootTermCovItemId="C1">
<MapEntry BoolAssgnmnt="0" Value="2"/>
</AssgnmntListEntry>
</AssgnmntPrefix>
<AssgnmntPrefix RootTermCovItemPrefix="com.OriginalFiles.Piece.java">
<AssgnmntListEntry Length="2" RootTermCovItemId="C1">
<MapEntry BoolAssgnmnt="10" Value="1"/>
<MapEntry BoolAssgnmnt="11" Value="1"/>
</AssgnmntListEntry>
<AssgnmntListEntry Length="5" RootTermCovItemId="C17">
<MapEntry BoolAssgnmnt="01002" Value="1"/>
<MapEntry BoolAssgnmnt="12222" Value="1"/>
</AssgnmntListEntry>
<AssgnmntListEntry Length="5" RootTermCovItemId="C18">
<MapEntry BoolAssgnmnt="01002" Value="1"/>
<MapEntry BoolAssgnmnt="12222" Value="1"/>
</AssgnmntListEntry>
<AssgnmntListEntry Length="2" RootTermCovItemId="C2">
<MapEntry BoolAssgnmnt="02" Value="1"/>
</AssgnmntListEntry>
<AssgnmntListEntry Length="1" RootTermCovItemId="C20">
<MapEntry BoolAssgnmnt="0" Value="1"/>
<MapEntry BoolAssgnmnt="1" Value="1"/>
</AssgnmntListEntry>
<AssgnmntListEntry Length="1" RootTermCovItemId="C3">
<MapEntry BoolAssgnmnt="1" Value="2"/>
</AssgnmntListEntry>
<AssgnmntListEntry Length="1" RootTermCovItemId="C5">
<MapEntry BoolAssgnmnt="1" Value="2"/>
</AssgnmntListEntry>
<AssgnmntListEntry Length="1" RootTermCovItemId="C6">
<MapEntry BoolAssgnmnt="1" Value="2"/>
</AssgnmntListEntry>
<AssgnmntListEntry Length="1" RootTermCovItemId="C7">
<MapEntry BoolAssgnmnt="0" Value="1"/>
<MapEntry BoolAssgnmnt="1" Value="1"/>
</AssgnmntListEntry>
<AssgnmntListEntry Length="1" RootTermCovItemId="C8">
<MapEntry BoolAssgnmnt="1" Value="2"/>
</AssgnmntListEntry>
<AssgnmntListEntry Length="1" RootTermCovItemId="C9">
<MapEntry BoolAssgnmnt="0" Value="2"/>
</AssgnmntListEntry>
</AssgnmntPrefix>
</AssgnmntList>
<ObjMetaDataList/>
<MetaDataList/>
</TestCase>
<TestCase Comment="" Date="1386064449195" Name="com.Testing.BoardTest:testCheckMoveable">
<CovList>
<CovPrefix CovItemPrefix="com.OriginalFiles.Analyze.java">
<Cov CovItemId="B107" Value="32"/>
<Cov CovItemId="S199" Value="32"/>
<Cov CovItemId="S200" Value="32"/>
<Cov CovItemId="S201" Value="32"/>
<Cov CovItemId="S202" Value="32"/>
<Cov CovItemId="S203" Value="32"/>
<Cov CovItemId="S204" Value="32"/>
</CovPrefix>
<CovPrefix CovItemPrefix="com.OriginalFiles.Board.java">
<Cov CovItemId="B41" Value="10"/>
<Cov CovItemId="B42" Value="4"/>
<Cov CovItemId="B45" Value="4"/>
<Cov CovItemId="B46" Value="1"/>
<Cov CovItemId="B47" Value="3"/>
<Cov CovItemId="B48" Value="2"/>
<Cov CovItemId="B49" Value="2"/>
<Cov CovItemId="B50" Value="3"/>
<Cov CovItemId="B52" Value="2"/>
<Cov CovItemId="B54" Value="2"/>
<Cov CovItemId="B83" Value="24"/>
<Cov CovItemId="B84" Value="68"/>
<Cov CovItemId="B85" Value="24"/>
<Cov CovItemId="B86" Value="44"/>
<Cov CovItemId="S115" Value="14"/>
<Cov CovItemId="S116" Value="10"/>
<Cov CovItemId="S117" Value="4"/>
<Cov CovItemId="S123" Value="5"/>
<Cov CovItemId="S124" Value="5"/>
<Cov CovItemId="S125" Value="4"/>
<Cov CovItemId="S126" Value="5"/>
<Cov CovItemId="S127" Value="3"/>
<Cov CovItemId="S128" Value="5"/>
<Cov CovItemId="S129" Value="2"/>
<Cov CovItemId="S131" Value="2"/>
<Cov CovItemId="S133" Value="5"/>
<Cov CovItemId="S180" Value="92"/>
<Cov CovItemId="S181" Value="24"/>
<Cov CovItemId="S182" Value="68"/>
<Cov CovItemId="S183" Value="24"/>
<Cov CovItemId="S184" Value="44"/>
<Cov CovItemId="S185" Value="78"/>
</CovPrefix>
<CovPrefix CovItemPrefix="com.OriginalFiles.Field.java">
<Cov CovItemId="B1" Value="32"/>
<Cov CovItemId="B2" Value="8"/>
<Cov CovItemId="S1" Value="88"/>
<Cov CovItemId="S13" Value="64"/>
<Cov CovItemId="S2" Value="88"/>
<Cov CovItemId="S5" Value="40"/>
<Cov CovItemId="S6" Value="40"/>
<Cov CovItemId="S7" Value="32"/>
<Cov CovItemId="S8" Value="7"/>
<Cov CovItemId="S9" Value="50"/>
</CovPrefix>
<CovPrefix CovItemPrefix="com.OriginalFiles.Piece.java">
<Cov CovItemId="B10" Value="12"/>
<Cov CovItemId="B11" Value="24"/>
<Cov CovItemId="B12" Value="8"/>
<Cov CovItemId="B14" Value="24"/>
<Cov CovItemId="B15" Value="24"/>
<Cov CovItemId="B18" Value="24"/>
<Cov CovItemId="B2" Value="32"/>
<Cov CovItemId="B34" Value="24"/>
<Cov CovItemId="B35" Value="8"/>
<Cov CovItemId="B36" Value="16"/>
<Cov CovItemId="B37" Value="8"/>
<Cov CovItemId="B40" Value="24"/>
<Cov CovItemId="B5" Value="24"/>
<Cov CovItemId="B6" Value="8"/>
<Cov CovItemId="B9" Value="12"/>
<Cov CovItemId="S1" Value="32"/>
<Cov CovItemId="S10" Value="32"/>
<Cov CovItemId="S11" Value="32"/>
<Cov CovItemId="S12" Value="32"/>
<Cov CovItemId="S13" Value="32"/>
<Cov CovItemId="S14" Value="32"/>
<Cov CovItemId="S15" Value="32"/>
<Cov CovItemId="S16" Value="32"/>
<Cov CovItemId="S17" Value="32"/>
<Cov CovItemId="S18" Value="32"/>
<Cov CovItemId="S19" Value="32"/>
<Cov CovItemId="S2" Value="32"/>
<Cov CovItemId="S20" Value="32"/>
<Cov CovItemId="S21" Value="32"/>
<Cov CovItemId="S24" Value="32"/>
<Cov CovItemId="S25" Value="32"/>
<Cov CovItemId="S26" Value="32"/>
<Cov CovItemId="S3" Value="32"/>
<Cov CovItemId="S30" Value="32"/>
<Cov CovItemId="S31" Value="32"/>
<Cov CovItemId="S32" Value="32"/>
<Cov CovItemId="S33" Value="24"/>
<Cov CovItemId="S34" Value="8"/>
<Cov CovItemId="S35" Value="8"/>
<Cov CovItemId="S39" Value="24"/>
<Cov CovItemId="S4" Value="32"/>
<Cov CovItemId="S40" Value="12"/>
<Cov CovItemId="S41" Value="12"/>
<Cov CovItemId="S42" Value="32"/>
<Cov CovItemId="S43" Value="32"/>
<Cov CovItemId="S44" Value="24"/>
<Cov CovItemId="S45" Value="24"/>
<Cov CovItemId="S46" Value="24"/>
<Cov CovItemId="S48" Value="24"/>
<Cov CovItemId="S49" Value="24"/>
<Cov CovItemId="S5" Value="32"/>
<Cov CovItemId="S50" Value="24"/>
<Cov CovItemId="S6" Value="32"/>
<Cov CovItemId="S65" Value="24"/>
<Cov CovItemId="S67" Value="24"/>
<Cov CovItemId="S68" Value="8"/>
<Cov CovItemId="S69" Value="8"/>
<Cov CovItemId="S7" Value="32"/>
<Cov CovItemId="S70" Value="8"/>
<Cov CovItemId="S71" Value="24"/>
<Cov CovItemId="S73" Value="24"/>
<Cov CovItemId="S8" Value="32"/>
<Cov CovItemId="S9" Value="32"/>
</CovPrefix>
<CovPrefix CovItemPrefix="com.OriginalFiles.RemoteNXTFunctions.java">
<Cov CovItemId="B5" Value="32"/>
<Cov CovItemId="B7" Value="32"/>
<Cov CovItemId="S162" Value="32"/>
<Cov CovItemId="S19" Value="32"/>
<Cov CovItemId="S20" Value="32"/>
<Cov CovItemId="S21" Value="32"/>
<Cov CovItemId="S22" Value="32"/>
</CovPrefix>
</CovList>
<AssgnmntList>
<AssgnmntPrefix RootTermCovItemPrefix="com.OriginalFiles.Analyze.java">
<AssgnmntListEntry Length="6" RootTermCovItemId="C66">
<MapEntry BoolAssgnmnt="111111" Value="32"/>
</AssgnmntListEntry>
</AssgnmntPrefix>
<AssgnmntPrefix RootTermCovItemPrefix="com.OriginalFiles.Board.java">
<AssgnmntListEntry Length="1" RootTermCovItemId="C31">
<MapEntry BoolAssgnmnt="0" Value="4"/>
<MapEntry BoolAssgnmnt="1" Value="10"/>
</AssgnmntListEntry>
<AssgnmntListEntry Length="1" RootTermCovItemId="C33">
<MapEntry BoolAssgnmnt="0" Value="4"/>
<MapEntry BoolAssgnmnt="1" Value="1"/>
</AssgnmntListEntry>
<AssgnmntListEntry Length="1" RootTermCovItemId="C34">
<MapEntry BoolAssgnmnt="0" Value="3"/>
<MapEntry BoolAssgnmnt="1" Value="2"/>
</AssgnmntListEntry>
<AssgnmntListEntry Length="1" RootTermCovItemId="C35">
<MapEntry BoolAssgnmnt="0" Value="3"/>
<MapEntry BoolAssgnmnt="1" Value="2"/>
</AssgnmntListEntry>
<AssgnmntListEntry Length="1" RootTermCovItemId="C36">
<MapEntry BoolAssgnmnt="1" Value="2"/>
</AssgnmntListEntry>
<AssgnmntListEntry Length="1" RootTermCovItemId="C37">
<MapEntry BoolAssgnmnt="1" Value="2"/>
</AssgnmntListEntry>
<AssgnmntListEntry Length="3" RootTermCovItemId="C55">
<MapEntry BoolAssgnmnt="002" Value="44"/>
<MapEntry BoolAssgnmnt="120" Value="24"/>
<MapEntry BoolAssgnmnt="121" Value="24"/>
</AssgnmntListEntry>
<AssgnmntListEntry Length="3" RootTermCovItemId="C56">
<MapEntry BoolAssgnmnt="002" Value="24"/>
<MapEntry BoolAssgnmnt="120" Value="20"/>
<MapEntry BoolAssgnmnt="121" Value="24"/>
</AssgnmntListEntry>
</AssgnmntPrefix>
<AssgnmntPrefix RootTermCovItemPrefix="com.OriginalFiles.Field.java">
<AssgnmntListEntry Length="1" RootTermCovItemId="C1">
<MapEntry BoolAssgnmnt="0" Value="32"/>
<MapEntry BoolAssgnmnt="1" Value="8"/>
</AssgnmntListEntry>
</AssgnmntPrefix>
<AssgnmntPrefix RootTermCovItemPrefix="com.OriginalFiles.Piece.java">
<AssgnmntListEntry Length="2" RootTermCovItemId="C1">
<MapEntry BoolAssgnmnt="10" Value="24"/>
<MapEntry BoolAssgnmnt="02" Value="8"/>
</AssgnmntListEntry>
<AssgnmntListEntry Length="5" RootTermCovItemId="C17">
<MapEntry BoolAssgnmnt="00210" Value="12"/>
<MapEntry BoolAssgnmnt="01002" Value="12"/>
</AssgnmntListEntry>
<AssgnmntListEntry Length="5" RootTermCovItemId="C18">
<MapEntry BoolAssgnmnt="00210" Value="8"/>
<MapEntry BoolAssgnmnt="00211" Value="4"/>
<MapEntry BoolAssgnmnt="01002" Value="8"/>
<MapEntry BoolAssgnmnt="01122" Value="4"/>
</AssgnmntListEntry>
<AssgnmntListEntry Length="1" RootTermCovItemId="C19">
<MapEntry BoolAssgnmnt="1" Value="8"/>
</AssgnmntListEntry>
<AssgnmntListEntry Length="1" RootTermCovItemId="C20">
<MapEntry BoolAssgnmnt="0" Value="24"/>
</AssgnmntListEntry>
<AssgnmntListEntry Length="1" RootTermCovItemId="C3">
<MapEntry BoolAssgnmnt="0" Value="8"/>
<MapEntry BoolAssgnmnt="1" Value="24"/>
</AssgnmntListEntry>
<AssgnmntListEntry Length="1" RootTermCovItemId="C5">
<MapEntry BoolAssgnmnt="0" Value="12"/>
<MapEntry BoolAssgnmnt="1" Value="12"/>
</AssgnmntListEntry>
<AssgnmntListEntry Length="1" RootTermCovItemId="C6">
<MapEntry BoolAssgnmnt="0" Value="8"/>
<MapEntry BoolAssgnmnt="1" Value="24"/>
</AssgnmntListEntry>
<AssgnmntListEntry Length="1" RootTermCovItemId="C7">
<MapEntry BoolAssgnmnt="0" Value="24"/>
</AssgnmntListEntry>
<AssgnmntListEntry Length="1" RootTermCovItemId="C8">
<MapEntry BoolAssgnmnt="1" Value="24"/>
</AssgnmntListEntry>
<AssgnmntListEntry Length="1" RootTermCovItemId="C9">
<MapEntry BoolAssgnmnt="0" Value="24"/>
</AssgnmntListEntry>
</AssgnmntPrefix>
<AssgnmntPrefix RootTermCovItemPrefix="com.OriginalFiles.RemoteNXTFunctions.java">
<AssgnmntListEntry Length="1" RootTermCovItemId="C5">
<MapEntry BoolAssgnmnt="1" Value="32"/>
</AssgnmntListEntry>
<AssgnmntListEntry Length="2" RootTermCovItemId="C6">
<MapEntry BoolAssgnmnt="11" Value="32"/>
</AssgnmntListEntry>
</AssgnmntPrefix>
</AssgnmntList>
<ObjMetaDataList/>
<MetaDataList/>
</TestCase>
<TestCase Comment="" Date="1386064449196" Name="com.Testing.BoardTest:testIsGreater">
<CovList>
<CovPrefix CovItemPrefix="com.OriginalFiles.Board.java">
<Cov CovItemId="B13" Value="1"/>
<Cov CovItemId="B14" Value="9"/>
<Cov CovItemId="B15" Value="3"/>
<Cov CovItemId="B16" Value="6"/>
<Cov CovItemId="B18" Value="6"/>
<Cov CovItemId="B19" Value="1"/>
<Cov CovItemId="B20" Value="5"/>
<Cov CovItemId="B21" Value="1"/>
<Cov CovItemId="B22" Value="4"/>
<Cov CovItemId="B24" Value="4"/>
<Cov CovItemId="B25" Value="3"/>
<Cov CovItemId="B26" Value="1"/>
<Cov CovItemId="B84" Value="18"/>
<Cov CovItemId="B85" Value="10"/>
<Cov CovItemId="B86" Value="8"/>
<Cov CovItemId="S180" Value="18"/>
<Cov CovItemId="S182" Value="18"/>
<Cov CovItemId="S183" Value="10"/>
<Cov CovItemId="S184" Value="8"/>
<Cov CovItemId="S185" Value="10"/>
<Cov CovItemId="S78" Value="10"/>
<Cov CovItemId="S79" Value="1"/>
<Cov CovItemId="S80" Value="9"/>
<Cov CovItemId="S81" Value="3"/>
<Cov CovItemId="S82" Value="6"/>
<Cov CovItemId="S84" Value="6"/>
<Cov CovItemId="S85" Value="1"/>
<Cov CovItemId="S86" Value="5"/>
<Cov CovItemId="S87" Value="1"/>
<Cov CovItemId="S88" Value="4"/>
<Cov CovItemId="S90" Value="4"/>
<Cov CovItemId="S91" Value="3"/>
<Cov CovItemId="S92" Value="1"/>
<Cov CovItemId="S93" Value="16"/>
</CovPrefix>
<CovPrefix CovItemPrefix="com.OriginalFiles.Field.java">
<Cov CovItemId="B1" Value="5"/>
<Cov CovItemId="S1" Value="2"/>
<Cov CovItemId="S13" Value="64"/>
<Cov CovItemId="S2" Value="2"/>
<Cov CovItemId="S5" Value="5"/>
<Cov CovItemId="S6" Value="5"/>
<Cov CovItemId="S7" Value="5"/>
<Cov CovItemId="S8" Value="42"/>
<Cov CovItemId="S9" Value="5"/>
</CovPrefix>
<CovPrefix CovItemPrefix="com.OriginalFiles.Piece.java">
<Cov CovItemId="B10" Value="2"/>
<Cov CovItemId="B11" Value="5"/>
<Cov CovItemId="B14" Value="5"/>
<Cov CovItemId="B15" Value="5"/>
<Cov CovItemId="B18" Value="5"/>
<Cov CovItemId="B2" Value="5"/>
<Cov CovItemId="B33" Value="2"/>
<Cov CovItemId="B34" Value="3"/>
<Cov CovItemId="B36" Value="5"/>
<Cov CovItemId="B40" Value="5"/>
<Cov CovItemId="B5" Value="5"/>
<Cov CovItemId="B9" Value="3"/>
<Cov CovItemId="S1" Value="2"/>
<Cov CovItemId="S10" Value="2"/>
<Cov CovItemId="S11" Value="2"/>
<Cov CovItemId="S12" Value="2"/>
<Cov CovItemId="S13" Value="2"/>
<Cov CovItemId="S14" Value="2"/>
<Cov CovItemId="S15" Value="2"/>
<Cov CovItemId="S16" Value="2"/>
<Cov CovItemId="S17" Value="2"/>
<Cov CovItemId="S18" Value="2"/>
<Cov CovItemId="S19" Value="2"/>
<Cov CovItemId="S2" Value="2"/>
<Cov CovItemId="S20" Value="2"/>
<Cov CovItemId="S21" Value="2"/>
<Cov CovItemId="S22" Value="2"/>
<Cov CovItemId="S24" Value="5"/>
<Cov CovItemId="S25" Value="5"/>
<Cov CovItemId="S26" Value="5"/>
<Cov CovItemId="S3" Value="2"/>
<Cov CovItemId="S30" Value="5"/>
<Cov CovItemId="S31" Value="5"/>
<Cov CovItemId="S32" Value="5"/>
<Cov CovItemId="S33" Value="5"/>
<Cov CovItemId="S39" Value="5"/>
<Cov CovItemId="S4" Value="2"/>
<Cov CovItemId="S40" Value="3"/>
<Cov CovItemId="S41" Value="2"/>
<Cov CovItemId="S42" Value="5"/>
<Cov CovItemId="S43" Value="5"/>
<Cov CovItemId="S44" Value="5"/>
<Cov CovItemId="S45" Value="5"/>
<Cov CovItemId="S46" Value="5"/>
<Cov CovItemId="S48" Value="5"/>
<Cov CovItemId="S49" Value="5"/>
<Cov CovItemId="S5" Value="2"/>
<Cov CovItemId="S50" Value="5"/>
<Cov CovItemId="S6" Value="2"/>
<Cov CovItemId="S65" Value="5"/>
<Cov CovItemId="S66" Value="2"/>
<Cov CovItemId="S67" Value="5"/>
<Cov CovItemId="S7" Value="2"/>
<Cov CovItemId="S71" Value="5"/>
<Cov CovItemId="S73" Value="5"/>
<Cov CovItemId="S8" Value="2"/>
<Cov CovItemId="S9" Value="2"/>
</CovPrefix>
</CovList>
<AssgnmntList>
<AssgnmntPrefix RootTermCovItemPrefix="com.OriginalFiles.Board.java">
<AssgnmntListEntry Length="4" RootTermCovItemId="C17">
<MapEntry BoolAssgnmnt="1002" Value="1"/>
<MapEntry BoolAssgnmnt="1122" Value="1"/>
<MapEntry BoolAssgnmnt="1010" Value="1"/>
<MapEntry BoolAssgnmnt="1011" Value="1"/>
<MapEntry BoolAssgnmnt="0222" Value="6"/>
</AssgnmntListEntry>
<AssgnmntListEntry Length="2" RootTermCovItemId="C18">
<MapEntry BoolAssgnmnt="10" Value="3"/>
<MapEntry BoolAssgnmnt="02" Value="6"/>
</AssgnmntListEntry>
<AssgnmntListEntry Length="2" RootTermCovItemId="C19">
<MapEntry BoolAssgnmnt="02" Value="6"/>
</AssgnmntListEntry>
<AssgnmntListEntry Length="3" RootTermCovItemId="C20">
<MapEntry BoolAssgnmnt="110" Value="1"/>
<MapEntry BoolAssgnmnt="102" Value="1"/>
<MapEntry BoolAssgnmnt="111" Value="1"/>
<MapEntry BoolAssgnmnt="022" Value="3"/>
</AssgnmntListEntry>
<AssgnmntListEntry Length="3" RootTermCovItemId="C21">
<MapEntry BoolAssgnmnt="110" Value="1"/>
<MapEntry BoolAssgnmnt="102" Value="1"/>
<MapEntry BoolAssgnmnt="111" Value="2"/>
<MapEntry BoolAssgnmnt="022" Value="1"/>
</AssgnmntListEntry>
<AssgnmntListEntry Length="1" RootTermCovItemId="C22">
<MapEntry BoolAssgnmnt="0" Value="4"/>
</AssgnmntListEntry>
<AssgnmntListEntry Length="1" RootTermCovItemId="C23">
<MapEntry BoolAssgnmnt="0" Value="1"/>
<MapEntry BoolAssgnmnt="1" Value="3"/>
</AssgnmntListEntry>
<AssgnmntListEntry Length="3" RootTermCovItemId="C55">
<MapEntry BoolAssgnmnt="002" Value="18"/>
</AssgnmntListEntry>
<AssgnmntListEntry Length="3" RootTermCovItemId="C56">
<MapEntry BoolAssgnmnt="120" Value="8"/>
<MapEntry BoolAssgnmnt="121" Value="10"/>
</AssgnmntListEntry>
</AssgnmntPrefix>
<AssgnmntPrefix RootTermCovItemPrefix="com.OriginalFiles.Field.java">
<AssgnmntListEntry Length="1" RootTermCovItemId="C1">
<MapEntry BoolAssgnmnt="0" Value="5"/>
</AssgnmntListEntry>
</AssgnmntPrefix>
<AssgnmntPrefix RootTermCovItemPrefix="com.OriginalFiles.Piece.java">
<AssgnmntListEntry Length="2" RootTermCovItemId="C1">
<MapEntry BoolAssgnmnt="10" Value="5"/>
</AssgnmntListEntry>
<AssgnmntListEntry Length="5" RootTermCovItemId="C17">
<MapEntry BoolAssgnmnt="01002" Value="3"/>
<MapEntry BoolAssgnmnt="01122" Value="2"/>
</AssgnmntListEntry>
<AssgnmntListEntry Length="5" RootTermCovItemId="C18">
<MapEntry BoolAssgnmnt="01002" Value="5"/>
</AssgnmntListEntry>
<AssgnmntListEntry Length="1" RootTermCovItemId="C20">
<MapEntry BoolAssgnmnt="0" Value="5"/>
</AssgnmntListEntry>
<AssgnmntListEntry Length="1" RootTermCovItemId="C3">
<MapEntry BoolAssgnmnt="1" Value="5"/>
</AssgnmntListEntry>
<AssgnmntListEntry Length="1" RootTermCovItemId="C5">
<MapEntry BoolAssgnmnt="0" Value="2"/>
<MapEntry BoolAssgnmnt="1" Value="3"/>
</AssgnmntListEntry>
<AssgnmntListEntry Length="1" RootTermCovItemId="C6">
<MapEntry BoolAssgnmnt="1" Value="5"/>
</AssgnmntListEntry>
<AssgnmntListEntry Length="1" RootTermCovItemId="C7">
<MapEntry BoolAssgnmnt="0" Value="5"/>
</AssgnmntListEntry>
<AssgnmntListEntry Length="1" RootTermCovItemId="C8">
<MapEntry BoolAssgnmnt="1" Value="5"/>
</AssgnmntListEntry>
<AssgnmntListEntry Length="1" RootTermCovItemId="C9">
<MapEntry BoolAssgnmnt="0" Value="5"/>
</AssgnmntListEntry>
</AssgnmntPrefix>
</AssgnmntList>
<ObjMetaDataList/>
<MetaDataList/>
</TestCase>
<TestCase Comment="" Date="1386064449196" Name="com.Testing.BoardTest:testResetVisited">
<CovList>
<CovPrefix CovItemPrefix="com.OriginalFiles.Board.java">
<Cov CovItemId="L10-2" Value="8"/>
<Cov CovItemId="L9-2" Value="1"/>
<Cov CovItemId="S61" Value="1"/>
<Cov CovItemId="S62" Value="8"/>
<Cov CovItemId="S63" Value="64"/>
</CovPrefix>
</CovList>
<AssgnmntList/>
<ObjMetaDataList/>
<MetaDataList/>
</TestCase>
<TestCase Comment="" Date="1386064449197" Name="com.Testing.BoardTest:testMovePiece">
<CovList>
<CovPrefix CovItemPrefix="com.OriginalFiles.Analyze.java">
<Cov CovItemId="B84" Value="1"/>
<Cov CovItemId="S149" Value="1"/>
</CovPrefix>
<CovPrefix CovItemPrefix="com.OriginalFiles.Board.java">
<Cov CovItemId="B31" Value="1"/>
<Cov CovItemId="B33" Value="1"/>
<Cov CovItemId="B36" Value="1"/>
<Cov CovItemId="B37" Value="1"/>
<Cov CovItemId="B38" Value="1"/>
<Cov CovItemId="B79" Value="1"/>
<Cov CovItemId="B81" Value="1"/>
<Cov CovItemId="B84" Value="5"/>
<Cov CovItemId="B85" Value="3"/>
<Cov CovItemId="B86" Value="2"/>
<Cov CovItemId="S100" Value="1"/>
<Cov CovItemId="S102" Value="1"/>
<Cov CovItemId="S104" Value="1"/>
<Cov CovItemId="S106" Value="2"/>
<Cov CovItemId="S107" Value="2"/>
<Cov CovItemId="S108" Value="2"/>
<Cov CovItemId="S109" Value="1"/>
<Cov CovItemId="S176" Value="1"/>
<Cov CovItemId="S177" Value="1"/>
<Cov CovItemId="S178" Value="1"/>
<Cov CovItemId="S180" Value="5"/>
<Cov CovItemId="S182" Value="5"/>
<Cov CovItemId="S183" Value="3"/>
<Cov CovItemId="S184" Value="2"/>
<Cov CovItemId="S185" Value="7"/>
<Cov CovItemId="S98" Value="1"/>
<Cov CovItemId="S99" Value="1"/>
</CovPrefix>
<CovPrefix CovItemPrefix="com.OriginalFiles.Field.java">
<Cov CovItemId="B1" Value="2"/>
<Cov CovItemId="S1" Value="1"/>
<Cov CovItemId="S13" Value="2"/>
<Cov CovItemId="S2" Value="1"/>
<Cov CovItemId="S5" Value="2"/>
<Cov CovItemId="S6" Value="2"/>
<Cov CovItemId="S7" Value="2"/>
<Cov CovItemId="S8" Value="7"/>
<Cov CovItemId="S9" Value="4"/>
</CovPrefix>
<CovPrefix CovItemPrefix="com.OriginalFiles.Piece.java">
<Cov CovItemId="B11" Value="1"/>
<Cov CovItemId="B12" Value="1"/>
<Cov CovItemId="B14" Value="1"/>
<Cov CovItemId="B15" Value="1"/>
<Cov CovItemId="B18" Value="1"/>
<Cov CovItemId="B2" Value="2"/>
<Cov CovItemId="B34" Value="1"/>
<Cov CovItemId="B36" Value="1"/>
<Cov CovItemId="B40" Value="1"/>
<Cov CovItemId="B5" Value="1"/>
<Cov CovItemId="B6" Value="1"/>
<Cov CovItemId="B9" Value="1"/>
<Cov CovItemId="S24" Value="2"/>
<Cov CovItemId="S25" Value="2"/>
<Cov CovItemId="S26" Value="2"/>
<Cov CovItemId="S30" Value="2"/>
<Cov CovItemId="S31" Value="2"/>
<Cov CovItemId="S32" Value="2"/>
<Cov CovItemId="S33" Value="1"/>
<Cov CovItemId="S34" Value="1"/>
<Cov CovItemId="S35" Value="1"/>
<Cov CovItemId="S39" Value="1"/>
<Cov CovItemId="S40" Value="1"/>
<Cov CovItemId="S42" Value="2"/>
<Cov CovItemId="S43" Value="2"/>
<Cov CovItemId="S44" Value="1"/>
<Cov CovItemId="S45" Value="1"/>
<Cov CovItemId="S46" Value="1"/>
<Cov CovItemId="S48" Value="1"/>
<Cov CovItemId="S49" Value="1"/>
<Cov CovItemId="S50" Value="1"/>
<Cov CovItemId="S65" Value="1"/>
<Cov CovItemId="S67" Value="1"/>
<Cov CovItemId="S71" Value="1"/>
<Cov CovItemId="S73" Value="1"/>
</CovPrefix>
</CovList>
<AssgnmntList>
<AssgnmntPrefix RootTermCovItemPrefix="com.OriginalFiles.Analyze.java">
<AssgnmntListEntry Length="1" RootTermCovItemId="C49">
<MapEntry BoolAssgnmnt="0" Value="1"/>
</AssgnmntListEntry>
</AssgnmntPrefix>
<AssgnmntPrefix RootTermCovItemPrefix="com.OriginalFiles.Board.java">
<AssgnmntListEntry Length="1" RootTermCovItemId="C26">
<MapEntry BoolAssgnmnt="0" Value="1"/>
</AssgnmntListEntry>
<AssgnmntListEntry Length="1" RootTermCovItemId="C27">
<MapEntry BoolAssgnmnt="1" Value="1"/>
</AssgnmntListEntry>
<AssgnmntListEntry Length="2" RootTermCovItemId="C28">
<MapEntry BoolAssgnmnt="02" Value="1"/>
</AssgnmntListEntry>
<AssgnmntListEntry Length="1" RootTermCovItemId="C29">
<MapEntry BoolAssgnmnt="0" Value="1"/>
<MapEntry BoolAssgnmnt="1" Value="1"/>
</AssgnmntListEntry>
<AssgnmntListEntry Length="1" RootTermCovItemId="C53">
<MapEntry BoolAssgnmnt="1" Value="1"/>
</AssgnmntListEntry>
<AssgnmntListEntry Length="1" RootTermCovItemId="C54">
<MapEntry BoolAssgnmnt="0" Value="1"/>
</AssgnmntListEntry>
<AssgnmntListEntry Length="3" RootTermCovItemId="C55">
<MapEntry BoolAssgnmnt="002" Value="5"/>
</AssgnmntListEntry>
<AssgnmntListEntry Length="3" RootTermCovItemId="C56">
<MapEntry BoolAssgnmnt="120" Value="2"/>
<MapEntry BoolAssgnmnt="121" Value="3"/>
</AssgnmntListEntry>
</AssgnmntPrefix>
<AssgnmntPrefix RootTermCovItemPrefix="com.OriginalFiles.Field.java">
<AssgnmntListEntry Length="1" RootTermCovItemId="C1">
<MapEntry BoolAssgnmnt="0" Value="2"/>
</AssgnmntListEntry>
</AssgnmntPrefix>
<AssgnmntPrefix RootTermCovItemPrefix="com.OriginalFiles.Piece.java">
<AssgnmntListEntry Length="2" RootTermCovItemId="C1">
<MapEntry BoolAssgnmnt="10" Value="1"/>
<MapEntry BoolAssgnmnt="02" Value="1"/>
</AssgnmntListEntry>
<AssgnmntListEntry Length="5" RootTermCovItemId="C17">
<MapEntry BoolAssgnmnt="01002" Value="1"/>
</AssgnmntListEntry>
<AssgnmntListEntry Length="5" RootTermCovItemId="C18">
<MapEntry BoolAssgnmnt="01002" Value="1"/>
</AssgnmntListEntry>
<AssgnmntListEntry Length="1" RootTermCovItemId="C20">
<MapEntry BoolAssgnmnt="0" Value="1"/>
</AssgnmntListEntry>
<AssgnmntListEntry Length="1" RootTermCovItemId="C3">
<MapEntry BoolAssgnmnt="0" Value="1"/>
<MapEntry BoolAssgnmnt="1" Value="1"/>
</AssgnmntListEntry>
<AssgnmntListEntry Length="1" RootTermCovItemId="C5">
<MapEntry BoolAssgnmnt="1" Value="1"/>
</AssgnmntListEntry>
<AssgnmntListEntry Length="1" RootTermCovItemId="C6">
<MapEntry BoolAssgnmnt="0" Value="1"/>
<MapEntry BoolAssgnmnt="1" Value="1"/>
</AssgnmntListEntry>
<AssgnmntListEntry Length="1" RootTermCovItemId="C7">
<MapEntry BoolAssgnmnt="0" Value="1"/>
</AssgnmntListEntry>
<AssgnmntListEntry Length="1" RootTermCovItemId="C8">
<MapEntry BoolAssgnmnt="1" Value="1"/>
</AssgnmntListEntry>
<AssgnmntListEntry Length="1" RootTermCovItemId="C9">
<MapEntry BoolAssgnmnt="0" Value="1"/>
</AssgnmntListEntry>
</AssgnmntPrefix>
</AssgnmntList>
<ObjMetaDataList/>
<MetaDataList/>
</TestCase>
<TestCase Comment="" Date="1386064449197" Name="com.Testing.BoardTest:testIsFieldEmptyOnBoard">
<CovList>
<CovPrefix CovItemPrefix="com.OriginalFiles.Analyze.java">
<Cov CovItemId="B107" Value="1"/>
<Cov CovItemId="B108" Value="1"/>
<Cov CovItemId="B110" Value="1"/>
<Cov CovItemId="B112" Value="1"/>
<Cov CovItemId="B114" Value="1"/>
<Cov CovItemId="S199" Value="2"/>
<Cov CovItemId="S200" Value="2"/>
<Cov CovItemId="S201" Value="2"/>
<Cov CovItemId="S202" Value="2"/>
<Cov CovItemId="S203" Value="2"/>
<Cov CovItemId="S204" Value="1"/>
<Cov CovItemId="S205" Value="1"/>
<Cov CovItemId="S207" Value="1"/>
<Cov CovItemId="S209" Value="1"/>
<Cov CovItemId="S211" Value="1"/>
</CovPrefix>
<CovPrefix CovItemPrefix="com.OriginalFiles.Board.java">
<Cov CovItemId="B39" Value="2"/>
<Cov CovItemId="B40" Value="1"/>
<Cov CovItemId="S111" Value="3"/>
<Cov CovItemId="S112" Value="2"/>
<Cov CovItemId="S113" Value="2"/>
<Cov CovItemId="S114" Value="1"/>
<Cov CovItemId="S185" Value="3"/>
</CovPrefix>
<CovPrefix CovItemPrefix="com.OriginalFiles.Field.java">
<Cov CovItemId="S1" Value="1"/>
<Cov CovItemId="S2" Value="1"/>
</CovPrefix>
<CovPrefix CovItemPrefix="com.OriginalFiles.RemoteNXTFunctions.java">
<Cov CovItemId="B5" Value="2"/>
<Cov CovItemId="B7" Value="1"/>
<Cov CovItemId="B8" Value="1"/>
<Cov CovItemId="B9" Value="1"/>
<Cov CovItemId="S162" Value="2"/>
<Cov CovItemId="S19" Value="2"/>
<Cov CovItemId="S20" Value="2"/>
<Cov CovItemId="S21" Value="2"/>
<Cov CovItemId="S22" Value="1"/>
<Cov CovItemId="S23" Value="1"/>
<Cov CovItemId="S24" Value="1"/>
</CovPrefix>
</CovList>
<AssgnmntList>
<AssgnmntPrefix RootTermCovItemPrefix="com.OriginalFiles.Analyze.java">
<AssgnmntListEntry Length="6" RootTermCovItemId="C66">
<MapEntry BoolAssgnmnt="022222" Value="1"/>
<MapEntry BoolAssgnmnt="111111" Value="1"/>
</AssgnmntListEntry>
<AssgnmntListEntry Length="6" RootTermCovItemId="C67">
<MapEntry BoolAssgnmnt="022222" Value="1"/>
</AssgnmntListEntry>
<AssgnmntListEntry Length="6" RootTermCovItemId="C68">
<MapEntry BoolAssgnmnt="102222" Value="1"/>
</AssgnmntListEntry>
<AssgnmntListEntry Length="6" RootTermCovItemId="C69">
<MapEntry BoolAssgnmnt="102222" Value="1"/>
</AssgnmntListEntry>
</AssgnmntPrefix>
<AssgnmntPrefix RootTermCovItemPrefix="com.OriginalFiles.Board.java">
<AssgnmntListEntry Length="1" RootTermCovItemId="C30">
<MapEntry BoolAssgnmnt="0" Value="1"/>
<MapEntry BoolAssgnmnt="1" Value="2"/>
</AssgnmntListEntry>
</AssgnmntPrefix>
<AssgnmntPrefix RootTermCovItemPrefix="com.OriginalFiles.RemoteNXTFunctions.java">
<AssgnmntListEntry Length="1" RootTermCovItemId="C5">
<MapEntry BoolAssgnmnt="1" Value="2"/>
</AssgnmntListEntry>
<AssgnmntListEntry Length="2" RootTermCovItemId="C6">
<MapEntry BoolAssgnmnt="02" Value="1"/>
<MapEntry BoolAssgnmnt="11" Value="1"/>
</AssgnmntListEntry>
<AssgnmntListEntry Length="2" RootTermCovItemId="C7">
<MapEntry BoolAssgnmnt="11" Value="1"/>
</AssgnmntListEntry>
</AssgnmntPrefix>
</AssgnmntList>
<ObjMetaDataList/>
<MetaDataList/>
</TestCase>
<TestCase Comment="" Date="1386064449197" Name="com.Testing.BoardTest:testFindMissingPiece">
<CovList>
<CovPrefix CovItemPrefix="com.OriginalFiles.Analyze.java">
<Cov CovItemId="B107" Value="12"/>
<Cov CovItemId="B108" Value="20"/>
<Cov CovItemId="B109" Value="12"/>
<Cov CovItemId="B110" Value="8"/>
<Cov CovItemId="B112" Value="8"/>
<Cov CovItemId="B114" Value="8"/>
<Cov CovItemId="S199" Value="32"/>
<Cov CovItemId="S200" Value="32"/>
<Cov CovItemId="S201" Value="32"/>
<Cov CovItemId="S202" Value="32"/>
<Cov CovItemId="S203" Value="32"/>
<Cov CovItemId="S204" Value="12"/>
<Cov CovItemId="S205" Value="20"/>
<Cov CovItemId="S206" Value="12"/>
<Cov CovItemId="S207" Value="8"/>
<Cov CovItemId="S209" Value="8"/>
<Cov CovItemId="S211" Value="8"/>
</CovPrefix>
<CovPrefix CovItemPrefix="com.OriginalFiles.Board.java">
<Cov CovItemId="B41" Value="42"/>
<Cov CovItemId="B42" Value="6"/>
<Cov CovItemId="B44" Value="24"/>
<Cov CovItemId="B45" Value="8"/>
<Cov CovItemId="B46" Value="16"/>
<Cov CovItemId="B47" Value="7"/>
<Cov CovItemId="B48" Value="17"/>
<Cov CovItemId="B50" Value="24"/>
<Cov CovItemId="B55" Value="48"/>
<Cov CovItemId="B56" Value="48"/>
<Cov CovItemId="B57" Value="35"/>
<Cov CovItemId="B58" Value="13"/>
<Cov CovItemId="B59" Value="35"/>
<Cov CovItemId="B62" Value="35"/>
<Cov CovItemId="B63" Value="32"/>
<Cov CovItemId="B64" Value="32"/>
<Cov CovItemId="B65" Value="24"/>
<Cov CovItemId="B66" Value="8"/>
<Cov CovItemId="B67" Value="12"/>
<Cov CovItemId="B68" Value="12"/>
<Cov CovItemId="B71" Value="4"/>
<Cov CovItemId="B72" Value="4"/>
<Cov CovItemId="B73" Value="16"/>
<Cov CovItemId="B74" Value="16"/>
<Cov CovItemId="B75" Value="16"/>
<Cov CovItemId="B76" Value="16"/>
<Cov CovItemId="B77" Value="8"/>
<Cov CovItemId="B78" Value="24"/>
<Cov CovItemId="B79" Value="59"/>
<Cov CovItemId="B81" Value="47"/>
<Cov CovItemId="B82" Value="12"/>
<Cov CovItemId="B83" Value="36"/>
<Cov CovItemId="B84" Value="103"/>
<Cov CovItemId="B85" Value="24"/>
<Cov CovItemId="B86" Value="79"/>
<Cov CovItemId="L10-2" Value="16"/>
<Cov CovItemId="L13-2" Value="1"/>
<Cov CovItemId="L14-2" Value="8"/>
<Cov CovItemId="L15-2" Value="1"/>
<Cov CovItemId="L16-2" Value="4"/>
<Cov CovItemId="L17-2" Value="4"/>
<Cov CovItemId="L9-2" Value="2"/>
<Cov CovItemId="S115" Value="48"/>
<Cov CovItemId="S116" Value="42"/>
<Cov CovItemId="S117" Value="6"/>
<Cov CovItemId="S118" Value="24"/>
<Cov CovItemId="S119" Value="24"/>
<Cov CovItemId="S121" Value="24"/>
<Cov CovItemId="S122" Value="24"/>
<Cov CovItemId="S123" Value="24"/>
<Cov CovItemId="S124" Value="24"/>
<Cov CovItemId="S125" Value="8"/>
<Cov CovItemId="S126" Value="24"/>
<Cov CovItemId="S127" Value="7"/>
<Cov CovItemId="S128" Value="24"/>
<Cov CovItemId="S133" Value="24"/>
<Cov CovItemId="S134" Value="24"/>
<Cov CovItemId="S135" Value="96"/>
<Cov CovItemId="S136" Value="48"/>
<Cov CovItemId="S137" Value="48"/>
<Cov CovItemId="S138" Value="35"/>
<Cov CovItemId="S139" Value="35"/>
<Cov CovItemId="S141" Value="48"/>
<Cov CovItemId="S142" Value="96"/>
<Cov CovItemId="S143" Value="1"/>
<Cov CovItemId="S144" Value="1"/>
<Cov CovItemId="S145" Value="8"/>
<Cov CovItemId="S146" Value="64"/>
<Cov CovItemId="S147" Value="32"/>
<Cov CovItemId="S148" Value="24"/>
<Cov CovItemId="S149" Value="12"/>
<Cov CovItemId="S150" Value="12"/>
<Cov CovItemId="S151" Value="1"/>
<Cov CovItemId="S157" Value="1"/>
<Cov CovItemId="S158" Value="1"/>
<Cov CovItemId="S159" Value="8"/>
<Cov CovItemId="S160" Value="4"/>
<Cov CovItemId="S161" Value="32"/>
<Cov CovItemId="S162" Value="16"/>
<Cov CovItemId="S163" Value="4"/>
<Cov CovItemId="S164" Value="4"/>
<Cov CovItemId="S165" Value="32"/>
<Cov CovItemId="S166" Value="16"/>
<Cov CovItemId="S167" Value="4"/>
<Cov CovItemId="S168" Value="1"/>
<Cov CovItemId="S169" Value="32"/>
<Cov CovItemId="S170" Value="32"/>
<Cov CovItemId="S171" Value="8"/>
<Cov CovItemId="S172" Value="24"/>
<Cov CovItemId="S173" Value="24"/>
<Cov CovItemId="S174" Value="24"/>
<Cov CovItemId="S175" Value="24"/>
<Cov CovItemId="S176" Value="59"/>
<Cov CovItemId="S177" Value="59"/>
<Cov CovItemId="S178" Value="47"/>
<Cov CovItemId="S179" Value="12"/>
<Cov CovItemId="S180" Value="139"/>
<Cov CovItemId="S181" Value="36"/>
<Cov CovItemId="S182" Value="103"/>
<Cov CovItemId="S183" Value="24"/>
<Cov CovItemId="S184" Value="79"/>
<Cov CovItemId="S185" Value="203"/>
<Cov CovItemId="S61" Value="2"/>
<Cov CovItemId="S62" Value="16"/>
<Cov CovItemId="S63" Value="128"/>
</CovPrefix>
<CovPrefix CovItemPrefix="com.OriginalFiles.Field.java">
<Cov CovItemId="B1" Value="24"/>
<Cov CovItemId="B2" Value="8"/>
<Cov CovItemId="S5" Value="32"/>
<Cov CovItemId="S6" Value="32"/>
<Cov CovItemId="S7" Value="24"/>
<Cov CovItemId="S8" Value="252"/>
<Cov CovItemId="S9" Value="133"/>
</CovPrefix>
<CovPrefix CovItemPrefix="com.OriginalFiles.Piece.java">
<Cov CovItemId="B10" Value="12"/>
<Cov CovItemId="B11" Value="24"/>
<Cov CovItemId="B14" Value="24"/>
<Cov CovItemId="B15" Value="24"/>
<Cov CovItemId="B18" Value="24"/>
<Cov CovItemId="B2" Value="24"/>
<Cov CovItemId="B34" Value="24"/>
<Cov CovItemId="B35" Value="8"/>
<Cov CovItemId="B36" Value="16"/>
<Cov CovItemId="B37" Value="8"/>
<Cov CovItemId="B40" Value="24"/>
<Cov CovItemId="B5" Value="24"/>
<Cov CovItemId="B9" Value="12"/>
<Cov CovItemId="S1" Value="24"/>
<Cov CovItemId="S10" Value="24"/>
<Cov CovItemId="S11" Value="24"/>
<Cov CovItemId="S12" Value="24"/>
<Cov CovItemId="S13" Value="24"/>
<Cov CovItemId="S14" Value="24"/>
<Cov CovItemId="S15" Value="24"/>
<Cov CovItemId="S16" Value="24"/>
<Cov CovItemId="S17" Value="24"/>
<Cov CovItemId="S18" Value="24"/>
<Cov CovItemId="S19" Value="24"/>
<Cov CovItemId="S2" Value="24"/>
<Cov CovItemId="S20" Value="24"/>
<Cov CovItemId="S21" Value="24"/>
<Cov CovItemId="S24" Value="24"/>
<Cov CovItemId="S25" Value="24"/>
<Cov CovItemId="S26" Value="24"/>
<Cov CovItemId="S3" Value="24"/>
<Cov CovItemId="S30" Value="24"/>
<Cov CovItemId="S31" Value="24"/>
<Cov CovItemId="S32" Value="24"/>
<Cov CovItemId="S33" Value="24"/>
<Cov CovItemId="S39" Value="24"/>
<Cov CovItemId="S4" Value="24"/>
<Cov CovItemId="S40" Value="12"/>
<Cov CovItemId="S41" Value="12"/>
<Cov CovItemId="S42" Value="24"/>
<Cov CovItemId="S43" Value="24"/>
<Cov CovItemId="S44" Value="24"/>
<Cov CovItemId="S45" Value="24"/>
<Cov CovItemId="S46" Value="24"/>
<Cov CovItemId="S48" Value="24"/>
<Cov CovItemId="S49" Value="24"/>
<Cov CovItemId="S5" Value="24"/>
<Cov CovItemId="S50" Value="24"/>
<Cov CovItemId="S6" Value="24"/>
<Cov CovItemId="S65" Value="24"/>
<Cov CovItemId="S67" Value="24"/>
<Cov CovItemId="S68" Value="8"/>
<Cov CovItemId="S69" Value="8"/>
<Cov CovItemId="S7" Value="24"/>
<Cov CovItemId="S70" Value="8"/>
<Cov CovItemId="S71" Value="24"/>
<Cov CovItemId="S73" Value="24"/>
<Cov CovItemId="S8" Value="24"/>
<Cov CovItemId="S9" Value="24"/>
</CovPrefix>
<CovPrefix CovItemPrefix="com.OriginalFiles.RemoteNXTFunctions.java">
<Cov CovItemId="B10" Value="30"/>
<Cov CovItemId="B11" Value="1"/>
<Cov CovItemId="B12" Value="29"/>
<Cov CovItemId="B13" Value="22"/>
<Cov CovItemId="B14" Value="7"/>
<Cov CovItemId="B5" Value="32"/>
<Cov CovItemId="B7" Value="1"/>
<Cov CovItemId="B8" Value="31"/>
<Cov CovItemId="B9" Value="1"/>
<Cov CovItemId="S162" Value="32"/>
<Cov CovItemId="S19" Value="32"/>
<Cov CovItemId="S20" Value="32"/>
<Cov CovItemId="S21" Value="32"/>
<Cov CovItemId="S22" Value="1"/>
<Cov CovItemId="S23" Value="31"/>
<Cov CovItemId="S24" Value="1"/>
<Cov CovItemId="S25" Value="30"/>
<Cov CovItemId="S26" Value="1"/>
<Cov CovItemId="S27" Value="29"/>
<Cov CovItemId="S28" Value="22"/>
<Cov CovItemId="S29" Value="7"/>
</CovPrefix>
</CovList>
<AssgnmntList>
<AssgnmntPrefix RootTermCovItemPrefix="com.OriginalFiles.Analyze.java">
<AssgnmntListEntry Length="6" RootTermCovItemId="C66">
<MapEntry BoolAssgnmnt="110222" Value="12"/>
<MapEntry BoolAssgnmnt="022222" Value="8"/>
<MapEntry BoolAssgnmnt="111111" Value="12"/>
</AssgnmntListEntry>
<AssgnmntListEntry Length="6" RootTermCovItemId="C67">
<MapEntry BoolAssgnmnt="022222" Value="8"/>
<MapEntry BoolAssgnmnt="111111" Value="12"/>
</AssgnmntListEntry>
<AssgnmntListEntry Length="6" RootTermCovItemId="C68">
<MapEntry BoolAssgnmnt="102222" Value="8"/>
</AssgnmntListEntry>
<AssgnmntListEntry Length="6" RootTermCovItemId="C69">
<MapEntry BoolAssgnmnt="102222" Value="8"/>
</AssgnmntListEntry>
</AssgnmntPrefix>
<AssgnmntPrefix RootTermCovItemPrefix="com.OriginalFiles.Board.java">
<AssgnmntListEntry Length="1" RootTermCovItemId="C31">
<MapEntry BoolAssgnmnt="0" Value="6"/>
<MapEntry BoolAssgnmnt="1" Value="42"/>
</AssgnmntListEntry>
<AssgnmntListEntry Length="1" RootTermCovItemId="C32">
<MapEntry BoolAssgnmnt="0" Value="24"/>
</AssgnmntListEntry>
<AssgnmntListEntry Length="1" RootTermCovItemId="C33">
<MapEntry BoolAssgnmnt="0" Value="8"/>
<MapEntry BoolAssgnmnt="1" Value="16"/>
</AssgnmntListEntry>
<AssgnmntListEntry Length="1" RootTermCovItemId="C34">
<MapEntry BoolAssgnmnt="0" Value="7"/>
<MapEntry BoolAssgnmnt="1" Value="17"/>
</AssgnmntListEntry>
<AssgnmntListEntry Length="1" RootTermCovItemId="C35">
<MapEntry BoolAssgnmnt="0" Value="24"/>
</AssgnmntListEntry>
<AssgnmntListEntry Length="5" RootTermCovItemId="C38">
<MapEntry BoolAssgnmnt="02002" Value="24"/>
<MapEntry BoolAssgnmnt="10122" Value="24"/>
<MapEntry BoolAssgnmnt="11220" Value="24"/>
<MapEntry BoolAssgnmnt="02010" Value="24"/>
</AssgnmntListEntry>
<AssgnmntListEntry Length="1" RootTermCovItemId="C39">
<MapEntry BoolAssgnmnt="0" Value="13"/>
<MapEntry BoolAssgnmnt="1" Value="35"/>
</AssgnmntListEntry>
<AssgnmntListEntry Length="1" RootTermCovItemId="C40">
<MapEntry BoolAssgnmnt="0" Value="35"/>
</AssgnmntListEntry>
<AssgnmntListEntry Length="2" RootTermCovItemId="C41">
<MapEntry BoolAssgnmnt="02" Value="35"/>
</AssgnmntListEntry>
<AssgnmntListEntry Length="1" RootTermCovItemId="C42">
<MapEntry BoolAssgnmnt="0" Value="32"/>
<MapEntry BoolAssgnmnt="1" Value="32"/>
</AssgnmntListEntry>
<AssgnmntListEntry Length="1" RootTermCovItemId="C43">
<MapEntry BoolAssgnmnt="0" Value="8"/>
<MapEntry BoolAssgnmnt="1" Value="24"/>
</AssgnmntListEntry>
<AssgnmntListEntry Length="1" RootTermCovItemId="C44">
<MapEntry BoolAssgnmnt="0" Value="12"/>
<MapEntry BoolAssgnmnt="1" Value="12"/>
</AssgnmntListEntry>
<AssgnmntListEntry Length="1" RootTermCovItemId="C46">
<MapEntry BoolAssgnmnt="0" Value="1"/>
<MapEntry BoolAssgnmnt="1" Value="8"/>
</AssgnmntListEntry>
<AssgnmntListEntry Length="1" RootTermCovItemId="C47">
<MapEntry BoolAssgnmnt="0" Value="4"/>
<MapEntry BoolAssgnmnt="1" Value="4"/>
</AssgnmntListEntry>
<AssgnmntListEntry Length="1" RootTermCovItemId="C48">
<MapEntry BoolAssgnmnt="0" Value="4"/>
<MapEntry BoolAssgnmnt="1" Value="32"/>
</AssgnmntListEntry>
<AssgnmntListEntry Length="1" RootTermCovItemId="C49">
<MapEntry BoolAssgnmnt="0" Value="16"/>
<MapEntry BoolAssgnmnt="1" Value="16"/>
</AssgnmntListEntry>
<AssgnmntListEntry Length="1" RootTermCovItemId="C50">
<MapEntry BoolAssgnmnt="0" Value="4"/>
<MapEntry BoolAssgnmnt="1" Value="32"/>
</AssgnmntListEntry>
<AssgnmntListEntry Length="1" RootTermCovItemId="C51">
<MapEntry BoolAssgnmnt="0" Value="16"/>
<MapEntry BoolAssgnmnt="1" Value="16"/>
</AssgnmntListEntry>
<AssgnmntListEntry Length="1" RootTermCovItemId="C52">
<MapEntry BoolAssgnmnt="0" Value="24"/>
<MapEntry BoolAssgnmnt="1" Value="8"/>
</AssgnmntListEntry>
<AssgnmntListEntry Length="1" RootTermCovItemId="C53">
<MapEntry BoolAssgnmnt="1" Value="59"/>
</AssgnmntListEntry>
<AssgnmntListEntry Length="1" RootTermCovItemId="C54">
<MapEntry BoolAssgnmnt="0" Value="47"/>
<MapEntry BoolAssgnmnt="1" Value="12"/>
</AssgnmntListEntry>
<AssgnmntListEntry Length="3" RootTermCovItemId="C55">
<MapEntry BoolAssgnmnt="002" Value="67"/>
<MapEntry BoolAssgnmnt="120" Value="36"/>
<MapEntry BoolAssgnmnt="121" Value="36"/>
</AssgnmntListEntry>
<AssgnmntListEntry Length="3" RootTermCovItemId="C56">
<MapEntry BoolAssgnmnt="002" Value="36"/>
<MapEntry BoolAssgnmnt="120" Value="43"/>
<MapEntry BoolAssgnmnt="121" Value="24"/>
</AssgnmntListEntry>
</AssgnmntPrefix>
<AssgnmntPrefix RootTermCovItemPrefix="com.OriginalFiles.Field.java">
<AssgnmntListEntry Length="1" RootTermCovItemId="C1">
<MapEntry BoolAssgnmnt="0" Value="24"/>
<MapEntry BoolAssgnmnt="1" Value="8"/>
</AssgnmntListEntry>
</AssgnmntPrefix>
<AssgnmntPrefix RootTermCovItemPrefix="com.OriginalFiles.Piece.java">
<AssgnmntListEntry Length="2" RootTermCovItemId="C1">
<MapEntry BoolAssgnmnt="10" Value="24"/>
</AssgnmntListEntry>
<AssgnmntListEntry Length="5" RootTermCovItemId="C17">
<MapEntry BoolAssgnmnt="00210" Value="12"/>
<MapEntry BoolAssgnmnt="01002" Value="12"/>
</AssgnmntListEntry>
<AssgnmntListEntry Length="5" RootTermCovItemId="C18">
<MapEntry BoolAssgnmnt="00210" Value="8"/>
<MapEntry BoolAssgnmnt="00211" Value="4"/>
<MapEntry BoolAssgnmnt="01002" Value="8"/>
<MapEntry BoolAssgnmnt="01122" Value="4"/>
</AssgnmntListEntry>
<AssgnmntListEntry Length="1" RootTermCovItemId="C19">
<MapEntry BoolAssgnmnt="1" Value="8"/>
</AssgnmntListEntry>
<AssgnmntListEntry Length="1" RootTermCovItemId="C20">
<MapEntry BoolAssgnmnt="0" Value="24"/>
</AssgnmntListEntry>
<AssgnmntListEntry Length="1" RootTermCovItemId="C3">
<MapEntry BoolAssgnmnt="1" Value="24"/>
</AssgnmntListEntry>
<AssgnmntListEntry Length="1" RootTermCovItemId="C5">
<MapEntry BoolAssgnmnt="0" Value="12"/>
<MapEntry BoolAssgnmnt="1" Value="12"/>
</AssgnmntListEntry>
<AssgnmntListEntry Length="1" RootTermCovItemId="C6">
<MapEntry BoolAssgnmnt="1" Value="24"/>
</AssgnmntListEntry>
<AssgnmntListEntry Length="1" RootTermCovItemId="C7">
<MapEntry BoolAssgnmnt="0" Value="24"/>
</AssgnmntListEntry>
<AssgnmntListEntry Length="1" RootTermCovItemId="C8">
<MapEntry BoolAssgnmnt="1" Value="24"/>
</AssgnmntListEntry>
<AssgnmntListEntry Length="1" RootTermCovItemId="C9">
<MapEntry BoolAssgnmnt="0" Value="24"/>
</AssgnmntListEntry>
</AssgnmntPrefix>
<AssgnmntPrefix RootTermCovItemPrefix="com.OriginalFiles.RemoteNXTFunctions.java">
<AssgnmntListEntry Length="1" RootTermCovItemId="C5">
<MapEntry BoolAssgnmnt="1" Value="32"/>
</AssgnmntListEntry>
<AssgnmntListEntry Length="2" RootTermCovItemId="C6">
<MapEntry BoolAssgnmnt="10" Value="3"/>
<MapEntry BoolAssgnmnt="02" Value="28"/>
<MapEntry BoolAssgnmnt="11" Value="1"/>
</AssgnmntListEntry>
<AssgnmntListEntry Length="2" RootTermCovItemId="C7">
<MapEntry BoolAssgnmnt="10" Value="3"/>
<MapEntry BoolAssgnmnt="02" Value="27"/>
<MapEntry BoolAssgnmnt="11" Value="1"/>
</AssgnmntListEntry>
<AssgnmntListEntry Length="2" RootTermCovItemId="C8">
<MapEntry BoolAssgnmnt="10" Value="3"/>
<MapEntry BoolAssgnmnt="02" Value="26"/>
<MapEntry BoolAssgnmnt="11" Value="1"/>
</AssgnmntListEntry>
<AssgnmntListEntry Length="1" RootTermCovItemId="C9">
<MapEntry BoolAssgnmnt="0" Value="7"/>
<MapEntry BoolAssgnmnt="1" Value="22"/>
</AssgnmntListEntry>
</AssgnmntPrefix>
</AssgnmntList>
<ObjMetaDataList/>
<MetaDataList/>
</TestCase>
<TestCase Comment="" Date="1386064449198" Name="com.Testing.BoardTest:testNewBoard">
<CovList>
<CovPrefix CovItemPrefix="com.OriginalFiles.Analyze.java">
<Cov CovItemId="B103" Value="1"/>
<Cov CovItemId="B104" Value="1"/>
<Cov CovItemId="B105" Value="1"/>
<Cov CovItemId="B107" Value="1"/>
<Cov CovItemId="B108" Value="1"/>
<Cov CovItemId="B109" Value="1"/>
<Cov CovItemId="S1" Value="2"/>
<Cov CovItemId="S191" Value="2"/>
<Cov CovItemId="S192" Value="2"/>
<Cov CovItemId="S193" Value="1"/>
<Cov CovItemId="S194" Value="1"/>
<Cov CovItemId="S195" Value="1"/>
<Cov CovItemId="S199" Value="2"/>
<Cov CovItemId="S2" Value="2"/>
<Cov CovItemId="S200" Value="2"/>
<Cov CovItemId="S201" Value="2"/>
<Cov CovItemId="S202" Value="2"/>
<Cov CovItemId="S203" Value="2"/>
<Cov CovItemId="S204" Value="1"/>
<Cov CovItemId="S205" Value="1"/>
<Cov CovItemId="S206" Value="1"/>
<Cov CovItemId="S3" Value="2"/>
<Cov CovItemId="S4" Value="2"/>
<Cov CovItemId="S5" Value="2"/>
</CovPrefix>
<CovPrefix CovItemPrefix="com.OriginalFiles.Board.java">
<Cov CovItemId="B1" Value="64"/>
<Cov CovItemId="B10" Value="16"/>
<Cov CovItemId="B2" Value="64"/>
<Cov CovItemId="B3" Value="24"/>
<Cov CovItemId="B4" Value="40"/>
<Cov CovItemId="B5" Value="8"/>
<Cov CovItemId="B6" Value="16"/>
<Cov CovItemId="B69" Value="1"/>
<Cov CovItemId="B7" Value="24"/>
<Cov CovItemId="B70" Value="1"/>
<Cov CovItemId="B8" Value="40"/>
<Cov CovItemId="B83" Value="48"/>
<Cov CovItemId="B84" Value="136"/>
<Cov CovItemId="B85" Value="48"/>
<Cov CovItemId="B86" Value="88"/>
<Cov CovItemId="B9" Value="8"/>
<Cov CovItemId="L1-2" Value="2"/>
<Cov CovItemId="L2-2" Value="16"/>
<Cov CovItemId="L3-2" Value="2"/>
<Cov CovItemId="L4-2" Value="2"/>
<Cov CovItemId="L5-2" Value="2"/>
<Cov CovItemId="L6-2" Value="6"/>
<Cov CovItemId="L7-2" Value="2"/>
<Cov CovItemId="L8-2" Value="4"/>
<Cov CovItemId="S1" Value="2"/>
<Cov CovItemId="S10" Value="2"/>
<Cov CovItemId="S11" Value="16"/>
<Cov CovItemId="S12" Value="128"/>
<Cov CovItemId="S13" Value="128"/>
<Cov CovItemId="S14" Value="128"/>
<Cov CovItemId="S15" Value="128"/>
<Cov CovItemId="S152" Value="2"/>
<Cov CovItemId="S153" Value="1"/>
<Cov CovItemId="S154" Value="1"/>
<Cov CovItemId="S155" Value="1"/>
<Cov CovItemId="S156" Value="1"/>
<Cov CovItemId="S16" Value="64"/>
<Cov CovItemId="S17" Value="64"/>
<Cov CovItemId="S18" Value="64"/>
<Cov CovItemId="S180" Value="184"/>
<Cov CovItemId="S181" Value="48"/>
<Cov CovItemId="S182" Value="136"/>
<Cov CovItemId="S183" Value="48"/>
<Cov CovItemId="S184" Value="88"/>
<Cov CovItemId="S185" Value="160"/>
<Cov CovItemId="S19" Value="24"/>
<Cov CovItemId="S2" Value="2"/>
<Cov CovItemId="S20" Value="24"/>
<Cov CovItemId="S21" Value="24"/>
<Cov CovItemId="S22" Value="8"/>
<Cov CovItemId="S23" Value="64"/>
<Cov CovItemId="S24" Value="24"/>
<Cov CovItemId="S25" Value="24"/>
<Cov CovItemId="S26" Value="24"/>
<Cov CovItemId="S27" Value="8"/>
<Cov CovItemId="S28" Value="64"/>
<Cov CovItemId="S29" Value="64"/>
<Cov CovItemId="S3" Value="2"/>
<Cov CovItemId="S30" Value="128"/>
<Cov CovItemId="S31" Value="2"/>
<Cov CovItemId="S32" Value="16"/>
<Cov CovItemId="S33" Value="16"/>
<Cov CovItemId="S34" Value="16"/>
<Cov CovItemId="S35" Value="16"/>
<Cov CovItemId="S36" Value="16"/>
<Cov CovItemId="S37" Value="16"/>
<Cov CovItemId="S38" Value="16"/>
<Cov CovItemId="S39" Value="16"/>
<Cov CovItemId="S4" Value="2"/>
<Cov CovItemId="S40" Value="2"/>
<Cov CovItemId="S41" Value="16"/>
<Cov CovItemId="S42" Value="16"/>
<Cov CovItemId="S43" Value="16"/>
<Cov CovItemId="S44" Value="16"/>
<Cov CovItemId="S45" Value="16"/>
<Cov CovItemId="S46" Value="16"/>
<Cov CovItemId="S47" Value="16"/>
<Cov CovItemId="S48" Value="16"/>
<Cov CovItemId="S49" Value="2"/>
<Cov CovItemId="S5" Value="2"/>
<Cov CovItemId="S50" Value="6"/>
<Cov CovItemId="S51" Value="48"/>
<Cov CovItemId="S52" Value="48"/>
<Cov CovItemId="S53" Value="48"/>
<Cov CovItemId="S54" Value="48"/>
<Cov CovItemId="S55" Value="2"/>
<Cov CovItemId="S56" Value="4"/>
<Cov CovItemId="S57" Value="32"/>
<Cov CovItemId="S58" Value="32"/>
<Cov CovItemId="S59" Value="32"/>
<Cov CovItemId="S6" Value="2"/>
<Cov CovItemId="S60" Value="32"/>
<Cov CovItemId="S7" Value="2"/>
<Cov CovItemId="S8" Value="2"/>
<Cov CovItemId="S9" Value="2"/>
</CovPrefix>
<CovPrefix CovItemPrefix="com.OriginalFiles.Field.java">
<Cov CovItemId="B1" Value="80"/>
<Cov CovItemId="B2" Value="16"/>
<Cov CovItemId="S1" Value="240"/>
<Cov CovItemId="S2" Value="240"/>
<Cov CovItemId="S5" Value="96"/>
<Cov CovItemId="S6" Value="96"/>
<Cov CovItemId="S7" Value="80"/>
<Cov CovItemId="S8" Value="2"/>
<Cov CovItemId="S9" Value="96"/>
</CovPrefix>
<CovPrefix CovItemPrefix="com.OriginalFiles.Piece.java">
<Cov CovItemId="B10" Value="24"/>
<Cov CovItemId="B11" Value="48"/>
<Cov CovItemId="B12" Value="32"/>
<Cov CovItemId="B14" Value="48"/>
<Cov CovItemId="B15" Value="48"/>
<Cov CovItemId="B18" Value="48"/>
<Cov CovItemId="B2" Value="80"/>
<Cov CovItemId="B34" Value="48"/>
<Cov CovItemId="B35" Value="16"/>
<Cov CovItemId="B36" Value="32"/>
<Cov CovItemId="B37" Value="16"/>
<Cov CovItemId="B40" Value="48"/>
<Cov CovItemId="B5" Value="48"/>
<Cov CovItemId="B6" Value="32"/>
<Cov CovItemId="B9" Value="24"/>
<Cov CovItemId="S1" Value="80"/>
<Cov CovItemId="S10" Value="80"/>
<Cov CovItemId="S11" Value="80"/>
<Cov CovItemId="S12" Value="80"/>
<Cov CovItemId="S13" Value="80"/>
<Cov CovItemId="S14" Value="80"/>
<Cov CovItemId="S15" Value="80"/>
<Cov CovItemId="S16" Value="80"/>
<Cov CovItemId="S17" Value="80"/>
<Cov CovItemId="S18" Value="80"/>
<Cov CovItemId="S19" Value="80"/>
<Cov CovItemId="S2" Value="80"/>
<Cov CovItemId="S20" Value="80"/>
<Cov CovItemId="S21" Value="80"/>
<Cov CovItemId="S24" Value="80"/>
<Cov CovItemId="S25" Value="80"/>
<Cov CovItemId="S26" Value="80"/>
<Cov CovItemId="S3" Value="80"/>
<Cov CovItemId="S30" Value="80"/>
<Cov CovItemId="S31" Value="80"/>
<Cov CovItemId="S32" Value="80"/>
<Cov CovItemId="S33" Value="48"/>
<Cov CovItemId="S34" Value="32"/>
<Cov CovItemId="S35" Value="32"/>
<Cov CovItemId="S39" Value="48"/>
<Cov CovItemId="S4" Value="80"/>
<Cov CovItemId="S40" Value="24"/>
<Cov CovItemId="S41" Value="24"/>
<Cov CovItemId="S42" Value="80"/>
<Cov CovItemId="S43" Value="80"/>
<Cov CovItemId="S44" Value="48"/>
<Cov CovItemId="S45" Value="48"/>
<Cov CovItemId="S46" Value="48"/>
<Cov CovItemId="S48" Value="48"/>
<Cov CovItemId="S49" Value="48"/>
<Cov CovItemId="S5" Value="80"/>
<Cov CovItemId="S50" Value="48"/>
<Cov CovItemId="S6" Value="80"/>
<Cov CovItemId="S65" Value="48"/>
<Cov CovItemId="S67" Value="48"/>
<Cov CovItemId="S68" Value="16"/>
<Cov CovItemId="S69" Value="16"/>
<Cov CovItemId="S7" Value="80"/>
<Cov CovItemId="S70" Value="16"/>
<Cov CovItemId="S71" Value="48"/>
<Cov CovItemId="S73" Value="48"/>
<Cov CovItemId="S8" Value="80"/>
<Cov CovItemId="S9" Value="80"/>
</CovPrefix>
<CovPrefix CovItemPrefix="com.OriginalFiles.RemoteNXTFunctions.java">
<Cov CovItemId="B16" Value="1"/>
<Cov CovItemId="B24" Value="1"/>
<Cov CovItemId="B32" Value="1"/>
<Cov CovItemId="B40" Value="1"/>
<Cov CovItemId="B5" Value="1"/>
<Cov CovItemId="B50" Value="1"/>
<Cov CovItemId="B55" Value="1"/>
<Cov CovItemId="B57" Value="1"/>
<Cov CovItemId="B6" Value="1"/>
<Cov CovItemId="B7" Value="1"/>
<Cov CovItemId="S1" Value="1"/>
<Cov CovItemId="S162" Value="2"/>
<Cov CovItemId="S19" Value="2"/>
<Cov CovItemId="S2" Value="1"/>
<Cov CovItemId="S20" Value="2"/>
<Cov CovItemId="S21" Value="1"/>
<Cov CovItemId="S22" Value="1"/>
<Cov CovItemId="S3" Value="1"/>
<Cov CovItemId="S30" Value="1"/>
<Cov CovItemId="S38" Value="1"/>
<Cov CovItemId="S46" Value="1"/>
<Cov CovItemId="S54" Value="1"/>
<Cov CovItemId="S64" Value="1"/>
<Cov CovItemId="S70" Value="1"/>
<Cov CovItemId="S71" Value="1"/>
<Cov CovItemId="S72" Value="1"/>
</CovPrefix>
</CovList>
<AssgnmntList>
<AssgnmntPrefix RootTermCovItemPrefix="com.OriginalFiles.Analyze.java">
<AssgnmntListEntry Length="1" RootTermCovItemId="C64">
<MapEntry BoolAssgnmnt="0" Value="1"/>
<MapEntry BoolAssgnmnt="1" Value="1"/>
</AssgnmntListEntry>
<AssgnmntListEntry Length="1" RootTermCovItemId="C65">
<MapEntry BoolAssgnmnt="1" Value="1"/>
</AssgnmntListEntry>
<AssgnmntListEntry Length="6" RootTermCovItemId="C66">
<MapEntry BoolAssgnmnt="110222" Value="1"/>
<MapEntry BoolAssgnmnt="111111" Value="1"/>
</AssgnmntListEntry>
<AssgnmntListEntry Length="6" RootTermCovItemId="C67">
<MapEntry BoolAssgnmnt="111111" Value="1"/>
</AssgnmntListEntry>
</AssgnmntPrefix>
<AssgnmntPrefix RootTermCovItemPrefix="com.OriginalFiles.Board.java">
<AssgnmntListEntry Length="1" RootTermCovItemId="C1">
<MapEntry BoolAssgnmnt="0" Value="2"/>
<MapEntry BoolAssgnmnt="1" Value="16"/>
</AssgnmntListEntry>
<AssgnmntListEntry Length="1" RootTermCovItemId="C10">
<MapEntry BoolAssgnmnt="0" Value="2"/>
<MapEntry BoolAssgnmnt="1" Value="6"/>
</AssgnmntListEntry>
<AssgnmntListEntry Length="1" RootTermCovItemId="C11">
<MapEntry BoolAssgnmnt="0" Value="6"/>
<MapEntry BoolAssgnmnt="1" Value="48"/>
</AssgnmntListEntry>
<AssgnmntListEntry Length="1" RootTermCovItemId="C12">
<MapEntry BoolAssgnmnt="0" Value="2"/>
<MapEntry BoolAssgnmnt="1" Value="4"/>
</AssgnmntListEntry>
<AssgnmntListEntry Length="1" RootTermCovItemId="C13">
<MapEntry BoolAssgnmnt="0" Value="4"/>
<MapEntry BoolAssgnmnt="1" Value="32"/>
</AssgnmntListEntry>
<AssgnmntListEntry Length="1" RootTermCovItemId="C2">
<MapEntry BoolAssgnmnt="0" Value="16"/>
<MapEntry BoolAssgnmnt="1" Value="128"/>
</AssgnmntListEntry>
<AssgnmntListEntry Length="1" RootTermCovItemId="C3">
<MapEntry BoolAssgnmnt="0" Value="64"/>
<MapEntry BoolAssgnmnt="1" Value="64"/>
</AssgnmntListEntry>
<AssgnmntListEntry Length="1" RootTermCovItemId="C4">
<MapEntry BoolAssgnmnt="0" Value="40"/>
<MapEntry BoolAssgnmnt="1" Value="24"/>
</AssgnmntListEntry>
<AssgnmntListEntry Length="1" RootTermCovItemId="C45">
<MapEntry BoolAssgnmnt="0" Value="1"/>
<MapEntry BoolAssgnmnt="1" Value="1"/>
</AssgnmntListEntry>
<AssgnmntListEntry Length="1" RootTermCovItemId="C5">
<MapEntry BoolAssgnmnt="0" Value="16"/>
<MapEntry BoolAssgnmnt="1" Value="8"/>
</AssgnmntListEntry>
<AssgnmntListEntry Length="3" RootTermCovItemId="C55">
<MapEntry BoolAssgnmnt="002" Value="88"/>
<MapEntry BoolAssgnmnt="120" Value="48"/>
<MapEntry BoolAssgnmnt="121" Value="48"/>
</AssgnmntListEntry>
<AssgnmntListEntry Length="3" RootTermCovItemId="C56">
<MapEntry BoolAssgnmnt="002" Value="48"/>
<MapEntry BoolAssgnmnt="120" Value="40"/>
<MapEntry BoolAssgnmnt="121" Value="48"/>
</AssgnmntListEntry>
<AssgnmntListEntry Length="1" RootTermCovItemId="C6">
<MapEntry BoolAssgnmnt="0" Value="40"/>
<MapEntry BoolAssgnmnt="1" Value="24"/>
</AssgnmntListEntry>
<AssgnmntListEntry Length="1" RootTermCovItemId="C7">
<MapEntry BoolAssgnmnt="0" Value="16"/>
<MapEntry BoolAssgnmnt="1" Value="8"/>
</AssgnmntListEntry>
<AssgnmntListEntry Length="1" RootTermCovItemId="C8">
<MapEntry BoolAssgnmnt="0" Value="2"/>
<MapEntry BoolAssgnmnt="1" Value="16"/>
</AssgnmntListEntry>
<AssgnmntListEntry Length="1" RootTermCovItemId="C9">
<MapEntry BoolAssgnmnt="0" Value="2"/>
<MapEntry BoolAssgnmnt="1" Value="16"/>
</AssgnmntListEntry>
</AssgnmntPrefix>
<AssgnmntPrefix RootTermCovItemPrefix="com.OriginalFiles.Field.java">
<AssgnmntListEntry Length="1" RootTermCovItemId="C1">
<MapEntry BoolAssgnmnt="0" Value="80"/>
<MapEntry BoolAssgnmnt="1" Value="16"/>
</AssgnmntListEntry>
</AssgnmntPrefix>
<AssgnmntPrefix RootTermCovItemPrefix="com.OriginalFiles.Piece.java">
<AssgnmntListEntry Length="2" RootTermCovItemId="C1">
<MapEntry BoolAssgnmnt="10" Value="48"/>
<MapEntry BoolAssgnmnt="02" Value="32"/>
</AssgnmntListEntry>
<AssgnmntListEntry Length="5" RootTermCovItemId="C17">
<MapEntry BoolAssgnmnt="00210" Value="24"/>
<MapEntry BoolAssgnmnt="01002" Value="24"/>
</AssgnmntListEntry>
<AssgnmntListEntry Length="5" RootTermCovItemId="C18">
<MapEntry BoolAssgnmnt="00210" Value="16"/>
<MapEntry BoolAssgnmnt="00211" Value="8"/>
<MapEntry BoolAssgnmnt="01002" Value="16"/>
<MapEntry BoolAssgnmnt="01122" Value="8"/>
</AssgnmntListEntry>
<AssgnmntListEntry Length="1" RootTermCovItemId="C19">
<MapEntry BoolAssgnmnt="1" Value="16"/>
</AssgnmntListEntry>
<AssgnmntListEntry Length="1" RootTermCovItemId="C20">
<MapEntry BoolAssgnmnt="0" Value="48"/>
</AssgnmntListEntry>
<AssgnmntListEntry Length="1" RootTermCovItemId="C3">
<MapEntry BoolAssgnmnt="0" Value="32"/>
<MapEntry BoolAssgnmnt="1" Value="48"/>
</AssgnmntListEntry>
<AssgnmntListEntry Length="1" RootTermCovItemId="C5">
<MapEntry BoolAssgnmnt="0" Value="24"/>
<MapEntry BoolAssgnmnt="1" Value="24"/>
</AssgnmntListEntry>
<AssgnmntListEntry Length="1" RootTermCovItemId="C6">
<MapEntry BoolAssgnmnt="0" Value="32"/>
<MapEntry BoolAssgnmnt="1" Value="48"/>
</AssgnmntListEntry>
<AssgnmntListEntry Length="1" RootTermCovItemId="C7">
<MapEntry BoolAssgnmnt="0" Value="48"/>
</AssgnmntListEntry>
<AssgnmntListEntry Length="1" RootTermCovItemId="C8">
<MapEntry BoolAssgnmnt="1" Value="48"/>
</AssgnmntListEntry>
<AssgnmntListEntry Length="1" RootTermCovItemId="C9">
<MapEntry BoolAssgnmnt="0" Value="48"/>
</AssgnmntListEntry>
</AssgnmntPrefix>
<AssgnmntPrefix RootTermCovItemPrefix="com.OriginalFiles.RemoteNXTFunctions.java">
<AssgnmntListEntry Length="1" RootTermCovItemId="C10">
<MapEntry BoolAssgnmnt="0" Value="1"/>
</AssgnmntListEntry>
<AssgnmntListEntry Length="1" RootTermCovItemId="C14">
<MapEntry BoolAssgnmnt="0" Value="1"/>
</AssgnmntListEntry>
<AssgnmntListEntry Length="1" RootTermCovItemId="C18">
<MapEntry BoolAssgnmnt="0" Value="1"/>
</AssgnmntListEntry>
<AssgnmntListEntry Length="1" RootTermCovItemId="C22">
<MapEntry BoolAssgnmnt="0" Value="1"/>
</AssgnmntListEntry>
<AssgnmntListEntry Length="1" RootTermCovItemId="C27">
<MapEntry BoolAssgnmnt="0" Value="1"/>
</AssgnmntListEntry>
<AssgnmntListEntry Length="1" RootTermCovItemId="C30">
<MapEntry BoolAssgnmnt="1" Value="1"/>
</AssgnmntListEntry>
<AssgnmntListEntry Length="2" RootTermCovItemId="C31">
<MapEntry BoolAssgnmnt="11" Value="1"/>
</AssgnmntListEntry>
<AssgnmntListEntry Length="1" RootTermCovItemId="C5">
<MapEntry BoolAssgnmnt="0" Value="1"/>
<MapEntry BoolAssgnmnt="1" Value="1"/>
</AssgnmntListEntry>
<AssgnmntListEntry Length="2" RootTermCovItemId="C6">
<MapEntry BoolAssgnmnt="11" Value="1"/>
</AssgnmntListEntry>
</AssgnmntPrefix>
</AssgnmntList>
<ObjMetaDataList/>
<MetaDataList/>
</TestCase>
<TestCase Comment="" Date="1386064449199" Name="com.Testing.PieceTest:testGetSetXY">
<CovList>
<CovPrefix CovItemPrefix="com.OriginalFiles.Board.java">
<Cov CovItemId="B84" Value="4"/>
<Cov CovItemId="B86" Value="4"/>
<Cov CovItemId="S180" Value="4"/>
<Cov CovItemId="S182" Value="4"/>
<Cov CovItemId="S184" Value="4"/>
<Cov CovItemId="S185" Value="2"/>
</CovPrefix>
<CovPrefix CovItemPrefix="com.OriginalFiles.Piece.java">
<Cov CovItemId="B10" Value="1"/>
<Cov CovItemId="B11" Value="1"/>
<Cov CovItemId="B14" Value="1"/>
<Cov CovItemId="B15" Value="1"/>
<Cov CovItemId="B18" Value="1"/>
<Cov CovItemId="B2" Value="1"/>
<Cov CovItemId="B34" Value="1"/>
<Cov CovItemId="B36" Value="1"/>
<Cov CovItemId="B40" Value="1"/>
<Cov CovItemId="B5" Value="1"/>
<Cov CovItemId="S22" Value="1"/>
<Cov CovItemId="S23" Value="1"/>
<Cov CovItemId="S24" Value="1"/>
<Cov CovItemId="S25" Value="1"/>
<Cov CovItemId="S26" Value="1"/>
<Cov CovItemId="S30" Value="1"/>
<Cov CovItemId="S31" Value="1"/>
<Cov CovItemId="S32" Value="1"/>
<Cov CovItemId="S33" Value="1"/>
<Cov CovItemId="S39" Value="1"/>
<Cov CovItemId="S41" Value="1"/>
<Cov CovItemId="S42" Value="1"/>
<Cov CovItemId="S43" Value="1"/>
<Cov CovItemId="S44" Value="1"/>
<Cov CovItemId="S45" Value="1"/>
<Cov CovItemId="S46" Value="1"/>
<Cov CovItemId="S48" Value="1"/>
<Cov CovItemId="S49" Value="1"/>
<Cov CovItemId="S50" Value="1"/>
<Cov CovItemId="S65" Value="1"/>
<Cov CovItemId="S67" Value="1"/>
<Cov CovItemId="S71" Value="1"/>
<Cov CovItemId="S73" Value="1"/>
</CovPrefix>
</CovList>
<AssgnmntList>
<AssgnmntPrefix RootTermCovItemPrefix="com.OriginalFiles.Board.java">
<AssgnmntListEntry Length="3" RootTermCovItemId="C55">
<MapEntry BoolAssgnmnt="002" Value="4"/>
</AssgnmntListEntry>
<AssgnmntListEntry Length="3" RootTermCovItemId="C56">
<MapEntry BoolAssgnmnt="002" Value="4"/>
</AssgnmntListEntry>
</AssgnmntPrefix>
<AssgnmntPrefix RootTermCovItemPrefix="com.OriginalFiles.Piece.java">
<AssgnmntListEntry Length="2" RootTermCovItemId="C1">
<MapEntry BoolAssgnmnt="10" Value="1"/>
</AssgnmntListEntry>
<AssgnmntListEntry Length="5" RootTermCovItemId="C17">
<MapEntry BoolAssgnmnt="00202" Value="1"/>
</AssgnmntListEntry>
<AssgnmntListEntry Length="5" RootTermCovItemId="C18">
<MapEntry BoolAssgnmnt="00202" Value="1"/>
</AssgnmntListEntry>
<AssgnmntListEntry Length="1" RootTermCovItemId="C20">
<MapEntry BoolAssgnmnt="0" Value="1"/>
</AssgnmntListEntry>
<AssgnmntListEntry Length="1" RootTermCovItemId="C3">
<MapEntry BoolAssgnmnt="1" Value="1"/>
</AssgnmntListEntry>
<AssgnmntListEntry Length="1" RootTermCovItemId="C5">
<MapEntry BoolAssgnmnt="0" Value="1"/>
</AssgnmntListEntry>
<AssgnmntListEntry Length="1" RootTermCovItemId="C6">
<MapEntry BoolAssgnmnt="1" Value="1"/>
</AssgnmntListEntry>
<AssgnmntListEntry Length="1" RootTermCovItemId="C7">
<MapEntry BoolAssgnmnt="0" Value="1"/>
</AssgnmntListEntry>
<AssgnmntListEntry Length="1" RootTermCovItemId="C8">
<MapEntry BoolAssgnmnt="1" Value="1"/>
</AssgnmntListEntry>
<AssgnmntListEntry Length="1" RootTermCovItemId="C9">
<MapEntry BoolAssgnmnt="0" Value="1"/>
</AssgnmntListEntry>
</AssgnmntPrefix>
</AssgnmntList>
<ObjMetaDataList/>
<MetaDataList/>
</TestCase>
<TestCase Comment="" Date="1386064449199" Name="com.Testing.PieceTest:testIsOnBoard">
<CovList>
<CovPrefix CovItemPrefix="com.OriginalFiles.Board.java">
<Cov CovItemId="B84" Value="4"/>
<Cov CovItemId="B86" Value="4"/>
<Cov CovItemId="S180" Value="4"/>
<Cov CovItemId="S182" Value="4"/>
<Cov CovItemId="S184" Value="4"/>
<Cov CovItemId="S185" Value="4"/>
</CovPrefix>
<CovPrefix CovItemPrefix="com.OriginalFiles.Piece.java">
<Cov CovItemId="B10" Value="1"/>
<Cov CovItemId="B11" Value="1"/>
<Cov CovItemId="B12" Value="1"/>
<Cov CovItemId="B14" Value="1"/>
<Cov CovItemId="B15" Value="1"/>
<Cov CovItemId="B18" Value="1"/>
<Cov CovItemId="B2" Value="2"/>
<Cov CovItemId="B34" Value="1"/>
<Cov CovItemId="B36" Value="1"/>
<Cov CovItemId="B40" Value="1"/>
<Cov CovItemId="B5" Value="1"/>
<Cov CovItemId="B6" Value="1"/>
<Cov CovItemId="B8" Value="2"/>
<Cov CovItemId="S24" Value="2"/>
<Cov CovItemId="S25" Value="2"/>
<Cov CovItemId="S26" Value="2"/>
<Cov CovItemId="S30" Value="2"/>
<Cov CovItemId="S31" Value="2"/>
<Cov CovItemId="S32" Value="2"/>
<Cov CovItemId="S33" Value="1"/>
<Cov CovItemId="S34" Value="1"/>
<Cov CovItemId="S35" Value="1"/>
<Cov CovItemId="S36" Value="2"/>
<Cov CovItemId="S38" Value="2"/>
<Cov CovItemId="S39" Value="1"/>
<Cov CovItemId="S41" Value="1"/>
<Cov CovItemId="S42" Value="2"/>
<Cov CovItemId="S43" Value="2"/>
<Cov CovItemId="S44" Value="1"/>
<Cov CovItemId="S45" Value="1"/>
<Cov CovItemId="S46" Value="1"/>
<Cov CovItemId="S48" Value="1"/>
<Cov CovItemId="S49" Value="1"/>
<Cov CovItemId="S50" Value="1"/>
<Cov CovItemId="S65" Value="1"/>
<Cov CovItemId="S67" Value="1"/>
<Cov CovItemId="S71" Value="1"/>
<Cov CovItemId="S73" Value="1"/>
</CovPrefix>
</CovList>
<AssgnmntList>
<AssgnmntPrefix RootTermCovItemPrefix="com.OriginalFiles.Board.java">
<AssgnmntListEntry Length="3" RootTermCovItemId="C55">
<MapEntry BoolAssgnmnt="002" Value="4"/>
</AssgnmntListEntry>
<AssgnmntListEntry Length="3" RootTermCovItemId="C56">
<MapEntry BoolAssgnmnt="002" Value="4"/>
</AssgnmntListEntry>
</AssgnmntPrefix>
<AssgnmntPrefix RootTermCovItemPrefix="com.OriginalFiles.Piece.java">
<AssgnmntListEntry Length="2" RootTermCovItemId="C1">
<MapEntry BoolAssgnmnt="10" Value="1"/>
<MapEntry BoolAssgnmnt="02" Value="1"/>
</AssgnmntListEntry>
<AssgnmntListEntry Length="5" RootTermCovItemId="C17">
<MapEntry BoolAssgnmnt="00202" Value="1"/>
</AssgnmntListEntry>
<AssgnmntListEntry Length="5" RootTermCovItemId="C18">
<MapEntry BoolAssgnmnt="00202" Value="1"/>
</AssgnmntListEntry>
<AssgnmntListEntry Length="1" RootTermCovItemId="C20">
<MapEntry BoolAssgnmnt="0" Value="1"/>
</AssgnmntListEntry>
<AssgnmntListEntry Length="1" RootTermCovItemId="C3">
<MapEntry BoolAssgnmnt="0" Value="1"/>
<MapEntry BoolAssgnmnt="1" Value="1"/>
</AssgnmntListEntry>
<AssgnmntListEntry Length="2" RootTermCovItemId="C4">
<MapEntry BoolAssgnmnt="00" Value="2"/>
</AssgnmntListEntry>
<AssgnmntListEntry Length="1" RootTermCovItemId="C5">
<MapEntry BoolAssgnmnt="0" Value="1"/>
</AssgnmntListEntry>
<AssgnmntListEntry Length="1" RootTermCovItemId="C6">
<MapEntry BoolAssgnmnt="0" Value="1"/>
<MapEntry BoolAssgnmnt="1" Value="1"/>
</AssgnmntListEntry>
<AssgnmntListEntry Length="1" RootTermCovItemId="C7">
<MapEntry BoolAssgnmnt="0" Value="1"/>
</AssgnmntListEntry>
<AssgnmntListEntry Length="1" RootTermCovItemId="C8">
<MapEntry BoolAssgnmnt="1" Value="1"/>
</AssgnmntListEntry>
<AssgnmntListEntry Length="1" RootTermCovItemId="C9">
<MapEntry BoolAssgnmnt="0" Value="1"/>
</AssgnmntListEntry>
</AssgnmntPrefix>
</AssgnmntList>
<ObjMetaDataList/>
<MetaDataList/>
</TestCase>
<TestCase Comment="Failure&#10;java.lang.AssertionError&#13;&#10;&#9;at org.junit.Assert.fail(Assert.java:86)&#13;&#10;&#9;at org.junit.Assert.assertTrue(Assert.java:41)&#13;&#10;&#9;at org.junit.Assert.assertTrue(Assert.java:52)&#13;&#10;&#9;at com.Testing.PieceTest.testPriceForPieceValue(PieceTest.java:78)&#13;&#10;&#9;at sun.reflect.NativeMethodAccessorImpl.invoke0(Native Method)&#13;&#10;&#9;at sun.reflect.NativeMethodAccessorImpl.invoke(Unknown Source)&#13;&#10;&#9;at sun.reflect.DelegatingMethodAccessorImpl.invoke(Unknown Source)&#13;&#10;&#9;at java.lang.reflect.Method.invoke(Unknown Source)&#13;&#10;&#9;at org.junit.runners.model.FrameworkMethod$1.runReflectiveCall(FrameworkMethod.java:47)&#13;&#10;&#9;at org.junit.internal.runners.model.ReflectiveCallable.run(ReflectiveCallable.java:12)&#13;&#10;&#9;at org.junit.runners.model.FrameworkMethod.invokeExplosively(FrameworkMethod.java:44)&#13;&#10;&#9;at org.junit.internal.runners.statements.InvokeMethod.evaluate(InvokeMethod.java:17)&#13;&#10;&#9;at org.junit.runners.ParentRunner.runLeaf(ParentRunner.java:271)&#13;&#10;&#9;at org.junit.runners.BlockJUnit4ClassRunner.runChild(BlockJUnit4ClassRunner.java:70)&#13;&#10;&#9;at org.junit.runners.BlockJUnit4ClassRunner.runChild(BlockJUnit4ClassRunner.java:50)&#13;&#10;&#9;at org.junit.runners.ParentRunner$3.run(ParentRunner.java:238)&#13;&#10;&#9;at org.junit.runners.ParentRunner$1.schedule(ParentRunner.java:63)&#13;&#10;&#9;at org.junit.runners.ParentRunner.runChildren(ParentRunner.java:236)&#13;&#10;&#9;at org.junit.runners.ParentRunner.access$000(ParentRunner.java:53)&#13;&#10;&#9;at org.junit.runners.ParentRunner$2.evaluate(ParentRunner.java:229)&#13;&#10;&#9;at org.junit.runners.ParentRunner.run(ParentRunner.java:309)&#13;&#10;&#9;at org.eclipse.jdt.internal.junit4.runner.JUnit4TestReference.run(JUnit4TestReference.java:50)&#13;&#10;&#9;at org.eclipse.jdt.internal.junit.runner.TestExecution.run(TestExecution.java:38)&#13;&#10;&#9;at org.eclipse.jdt.internal.junit.runner.RemoteTestRunner.runTests(RemoteTestRunner.java:467)&#13;&#10;&#9;at org.eclipse.jdt.internal.junit.runner.RemoteTestRunner.runTests(RemoteTestRunner.java:683)&#13;&#10;&#9;at org.eclipse.jdt.internal.junit.runner.RemoteTestRunner.run(RemoteTestRunner.java:390)&#13;&#10;&#9;at org.codecover.juniteclipse.runner.EclipseTestRunner.main(EclipseTestRunner.java:40)" Date="1386064449199" Name="com.Testing.PieceTest:testPriceForPieceValue">
<CovList>
<CovPrefix CovItemPrefix="com.OriginalFiles.Analyze.java">
<Cov CovItemId="B157" Value="4"/>
<Cov CovItemId="S267" Value="4"/>
<Cov CovItemId="S269" Value="4"/>
</CovPrefix>
<CovPrefix CovItemPrefix="com.OriginalFiles.Board.java">
<Cov CovItemId="B79" Value="993"/>
<Cov CovItemId="B81" Value="33"/>
<Cov CovItemId="B82" Value="960"/>
<Cov CovItemId="B83" Value="8"/>
<Cov CovItemId="B84" Value="1065"/>
<Cov CovItemId="B85" Value="847"/>
<Cov CovItemId="B86" Value="218"/>
<Cov CovItemId="S176" Value="993"/>
<Cov CovItemId="S177" Value="993"/>
<Cov CovItemId="S178" Value="33"/>
<Cov CovItemId="S179" Value="960"/>
<Cov CovItemId="S180" Value="1073"/>
<Cov CovItemId="S181" Value="8"/>
<Cov CovItemId="S182" Value="1065"/>
<Cov CovItemId="S183" Value="847"/>
<Cov CovItemId="S184" Value="218"/>
<Cov CovItemId="S185" Value="3163"/>
</CovPrefix>
<CovPrefix CovItemPrefix="com.OriginalFiles.Field.java">
<Cov CovItemId="B1" Value="5"/>
<Cov CovItemId="B2" Value="2"/>
<Cov CovItemId="S13" Value="128"/>
<Cov CovItemId="S5" Value="7"/>
<Cov CovItemId="S6" Value="7"/>
<Cov CovItemId="S7" Value="5"/>
<Cov CovItemId="S8" Value="42"/>
<Cov CovItemId="S9" Value="1010"/>
</CovPrefix>
<CovPrefix CovItemPrefix="com.OriginalFiles.Piece.java">
<Cov CovItemId="B1" Value="1"/>
<Cov CovItemId="B10" Value="3"/>
<Cov CovItemId="B11" Value="13"/>
<Cov CovItemId="B13" Value="1"/>
<Cov CovItemId="B14" Value="12"/>
<Cov CovItemId="B15" Value="9"/>
<Cov CovItemId="B16" Value="4"/>
<Cov CovItemId="B17" Value="4"/>
<Cov CovItemId="B18" Value="9"/>
<Cov CovItemId="B19" Value="4"/>
<Cov CovItemId="B2" Value="7"/>
<Cov CovItemId="B21" Value="3"/>
<Cov CovItemId="B22" Value="1"/>
<Cov CovItemId="B23" Value="1"/>
<Cov CovItemId="B24" Value="2"/>
<Cov CovItemId="B25" Value="4"/>
<Cov CovItemId="B28" Value="4"/>
<Cov CovItemId="B30" Value="4"/>
<Cov CovItemId="B32" Value="4"/>
<Cov CovItemId="B34" Value="13"/>
<Cov CovItemId="B36" Value="13"/>
<Cov CovItemId="B39" Value="3"/>
<Cov CovItemId="B4" Value="1"/>
<Cov CovItemId="B40" Value="10"/>
<Cov CovItemId="B42" Value="8"/>
<Cov CovItemId="B43" Value="2"/>
<Cov CovItemId="B44" Value="2"/>
<Cov CovItemId="B45" Value="1"/>
<Cov CovItemId="B46" Value="3"/>
<Cov CovItemId="B47" Value="10"/>
<Cov CovItemId="B49" Value="10"/>
<Cov CovItemId="B5" Value="13"/>
<Cov CovItemId="B51" Value="40"/>
<Cov CovItemId="B54" Value="40"/>
<Cov CovItemId="B69" Value="953"/>
<Cov CovItemId="B7" Value="5"/>
<Cov CovItemId="B70" Value="1146"/>
<Cov CovItemId="B71" Value="2"/>
<Cov CovItemId="B72" Value="951"/>
<Cov CovItemId="B8" Value="1"/>
<Cov CovItemId="B9" Value="6"/>
<Cov CovItemId="L1-1" Value="1"/>
<Cov CovItemId="L1-2" Value="3"/>
<Cov CovItemId="L2-2" Value="21"/>
<Cov CovItemId="L3-1" Value="2"/>
<Cov CovItemId="L3-2" Value="185"/>
<Cov CovItemId="S1" Value="3"/>
<Cov CovItemId="S10" Value="3"/>
<Cov CovItemId="S11" Value="3"/>
<Cov CovItemId="S118" Value="40"/>
<Cov CovItemId="S119" Value="4"/>
<Cov CovItemId="S12" Value="3"/>
<Cov CovItemId="S120" Value="4"/>
<Cov CovItemId="S121" Value="4"/>
<Cov CovItemId="S122" Value="21"/>
<Cov CovItemId="S123" Value="21"/>
<Cov CovItemId="S124" Value="187"/>
<Cov CovItemId="S125" Value="2099"/>
<Cov CovItemId="S126" Value="953"/>
<Cov CovItemId="S127" Value="2"/>
<Cov CovItemId="S128" Value="2"/>
<Cov CovItemId="S129" Value="4"/>
<Cov CovItemId="S13" Value="3"/>
<Cov CovItemId="S14" Value="3"/>
<Cov CovItemId="S15" Value="3"/>
<Cov CovItemId="S16" Value="3"/>
<Cov CovItemId="S17" Value="3"/>
<Cov CovItemId="S18" Value="3"/>
<Cov CovItemId="S19" Value="3"/>
<Cov CovItemId="S2" Value="3"/>
<Cov CovItemId="S20" Value="3"/>
<Cov CovItemId="S21" Value="3"/>
<Cov CovItemId="S22" Value="8"/>
<Cov CovItemId="S23" Value="80"/>
<Cov CovItemId="S24" Value="8"/>
<Cov CovItemId="S25" Value="8"/>
<Cov CovItemId="S26" Value="8"/>
<Cov CovItemId="S27" Value="1"/>
<Cov CovItemId="S29" Value="1"/>
<Cov CovItemId="S3" Value="3"/>
<Cov CovItemId="S30" Value="7"/>
<Cov CovItemId="S31" Value="8"/>
<Cov CovItemId="S32" Value="13"/>
<Cov CovItemId="S33" Value="13"/>
<Cov CovItemId="S36" Value="6"/>
<Cov CovItemId="S37" Value="5"/>
<Cov CovItemId="S38" Value="6"/>
<Cov CovItemId="S39" Value="9"/>
<Cov CovItemId="S4" Value="3"/>
<Cov CovItemId="S40" Value="6"/>
<Cov CovItemId="S41" Value="3"/>
<Cov CovItemId="S42" Value="8"/>
<Cov CovItemId="S43" Value="13"/>
<Cov CovItemId="S44" Value="13"/>
<Cov CovItemId="S45" Value="13"/>
<Cov CovItemId="S46" Value="13"/>
<Cov CovItemId="S47" Value="1"/>
<Cov CovItemId="S48" Value="13"/>
<Cov CovItemId="S49" Value="9"/>
<Cov CovItemId="S5" Value="3"/>
<Cov CovItemId="S50" Value="13"/>
<Cov CovItemId="S51" Value="4"/>
<Cov CovItemId="S52" Value="4"/>
<Cov CovItemId="S53" Value="4"/>
<Cov CovItemId="S54" Value="4"/>
<Cov CovItemId="S55" Value="3"/>
<Cov CovItemId="S56" Value="1"/>
<Cov CovItemId="S57" Value="2"/>
<Cov CovItemId="S58" Value="4"/>
<Cov CovItemId="S59" Value="4"/>
<Cov CovItemId="S6" Value="3"/>
<Cov CovItemId="S61" Value="4"/>
<Cov CovItemId="S63" Value="4"/>
<Cov CovItemId="S65" Value="13"/>
<Cov CovItemId="S67" Value="13"/>
<Cov CovItemId="S7" Value="3"/>
<Cov CovItemId="S71" Value="13"/>
<Cov CovItemId="S72" Value="3"/>
<Cov CovItemId="S73" Value="13"/>
<Cov CovItemId="S74" Value="8"/>
<Cov CovItemId="S76" Value="8"/>
<Cov CovItemId="S77" Value="4"/>
<Cov CovItemId="S78" Value="4"/>
<Cov CovItemId="S79" Value="4"/>
<Cov CovItemId="S8" Value="3"/>
<Cov CovItemId="S80" Value="2"/>
<Cov CovItemId="S81" Value="4"/>
<Cov CovItemId="S82" Value="4"/>
<Cov CovItemId="S83" Value="4"/>
<Cov CovItemId="S84" Value="1"/>
<Cov CovItemId="S85" Value="1"/>
<Cov CovItemId="S86" Value="4"/>
<Cov CovItemId="S87" Value="10"/>
<Cov CovItemId="S88" Value="10"/>
<Cov CovItemId="S89" Value="10"/>
<Cov CovItemId="S9" Value="3"/>
<Cov CovItemId="S90" Value="10"/>
<Cov CovItemId="S91" Value="10"/>
<Cov CovItemId="S92" Value="10"/>
<Cov CovItemId="S93" Value="10"/>
<Cov CovItemId="S94" Value="10"/>
<Cov CovItemId="S95" Value="10"/>
<Cov CovItemId="S97" Value="40"/>
<Cov CovItemId="S98" Value="40"/>
<Cov CovItemId="S99" Value="40"/>
</CovPrefix>
</CovList>
<AssgnmntList>
<AssgnmntPrefix RootTermCovItemPrefix="com.OriginalFiles.Analyze.java">
<AssgnmntListEntry Length="8" RootTermCovItemId="C90">
<MapEntry BoolAssgnmnt="02020202" Value="4"/>
</AssgnmntListEntry>
</AssgnmntPrefix>
<AssgnmntPrefix RootTermCovItemPrefix="com.OriginalFiles.Board.java">
<AssgnmntListEntry Length="1" RootTermCovItemId="C53">
<MapEntry BoolAssgnmnt="1" Value="993"/>
</AssgnmntListEntry>
<AssgnmntListEntry Length="1" RootTermCovItemId="C54">
<MapEntry BoolAssgnmnt="0" Value="33"/>
<MapEntry BoolAssgnmnt="1" Value="960"/>
</AssgnmntListEntry>
<AssgnmntListEntry Length="3" RootTermCovItemId="C55">
<MapEntry BoolAssgnmnt="002" Value="881"/>
<MapEntry BoolAssgnmnt="120" Value="8"/>
<MapEntry BoolAssgnmnt="121" Value="184"/>
</AssgnmntListEntry>
<AssgnmntListEntry Length="3" RootTermCovItemId="C56">
<MapEntry BoolAssgnmnt="002" Value="184"/>
<MapEntry BoolAssgnmnt="120" Value="34"/>
<MapEntry BoolAssgnmnt="121" Value="847"/>
</AssgnmntListEntry>
</AssgnmntPrefix>
<AssgnmntPrefix RootTermCovItemPrefix="com.OriginalFiles.Field.java">
<AssgnmntListEntry Length="1" RootTermCovItemId="C1">
<MapEntry BoolAssgnmnt="0" Value="5"/>
<MapEntry BoolAssgnmnt="1" Value="2"/>
</AssgnmntListEntry>
</AssgnmntPrefix>
<AssgnmntPrefix RootTermCovItemPrefix="com.OriginalFiles.Piece.java">
<AssgnmntListEntry Length="2" RootTermCovItemId="C1">
<MapEntry BoolAssgnmnt="10" Value="7"/>
<MapEntry BoolAssgnmnt="11" Value="1"/>
</AssgnmntListEntry>
<AssgnmntListEntry Length="1" RootTermCovItemId="C10">
<MapEntry BoolAssgnmnt="1" Value="4"/>
</AssgnmntListEntry>
<AssgnmntListEntry Length="1" RootTermCovItemId="C11">
<MapEntry BoolAssgnmnt="0" Value="3"/>
<MapEntry BoolAssgnmnt="1" Value="1"/>
</AssgnmntListEntry>
<AssgnmntListEntry Length="1" RootTermCovItemId="C12">
<MapEntry BoolAssgnmnt="0" Value="2"/>
<MapEntry BoolAssgnmnt="1" Value="1"/>
</AssgnmntListEntry>
<AssgnmntListEntry Length="1" RootTermCovItemId="C13">
<MapEntry BoolAssgnmnt="1" Value="4"/>
</AssgnmntListEntry>
<AssgnmntListEntry Length="1" RootTermCovItemId="C14">
<MapEntry BoolAssgnmnt="0" Value="4"/>
</AssgnmntListEntry>
<AssgnmntListEntry Length="2" RootTermCovItemId="C15">
<MapEntry BoolAssgnmnt="02" Value="4"/>
</AssgnmntListEntry>
<AssgnmntListEntry Length="2" RootTermCovItemId="C16">
<MapEntry BoolAssgnmnt="02" Value="4"/>
</AssgnmntListEntry>
<AssgnmntListEntry Length="5" RootTermCovItemId="C17">
<MapEntry BoolAssgnmnt="00210" Value="4"/>
<MapEntry BoolAssgnmnt="01002" Value="6"/>
<MapEntry BoolAssgnmnt="12222" Value="3"/>
</AssgnmntListEntry>
<AssgnmntListEntry Length="5" RootTermCovItemId="C18">
<MapEntry BoolAssgnmnt="00210" Value="4"/>
<MapEntry BoolAssgnmnt="01002" Value="6"/>
<MapEntry BoolAssgnmnt="12222" Value="3"/>
</AssgnmntListEntry>
<AssgnmntListEntry Length="2" RootTermCovItemId="C2">
<MapEntry BoolAssgnmnt="02" Value="1"/>
</AssgnmntListEntry>
<AssgnmntListEntry Length="1" RootTermCovItemId="C20">
<MapEntry BoolAssgnmnt="0" Value="10"/>
<MapEntry BoolAssgnmnt="1" Value="3"/>
</AssgnmntListEntry>
<AssgnmntListEntry Length="16" RootTermCovItemId="C21">
<MapEntry BoolAssgnmnt="0202020202100202" Value="8"/>
</AssgnmntListEntry>
<AssgnmntListEntry Length="1" RootTermCovItemId="C22">
<MapEntry BoolAssgnmnt="0" Value="2"/>
<MapEntry BoolAssgnmnt="1" Value="2"/>
</AssgnmntListEntry>
<AssgnmntListEntry Length="1" RootTermCovItemId="C23">
<MapEntry BoolAssgnmnt="0" Value="3"/>
<MapEntry BoolAssgnmnt="1" Value="1"/>
</AssgnmntListEntry>
<AssgnmntListEntry Length="1" RootTermCovItemId="C24">
<MapEntry BoolAssgnmnt="1" Value="10"/>
</AssgnmntListEntry>
<AssgnmntListEntry Length="1" RootTermCovItemId="C25">
<MapEntry BoolAssgnmnt="1" Value="10"/>
</AssgnmntListEntry>
<AssgnmntListEntry Length="1" RootTermCovItemId="C26">
<MapEntry BoolAssgnmnt="1" Value="40"/>
</AssgnmntListEntry>
<AssgnmntListEntry Length="1" RootTermCovItemId="C27">
<MapEntry BoolAssgnmnt="0" Value="40"/>
</AssgnmntListEntry>
<AssgnmntListEntry Length="1" RootTermCovItemId="C3">
<MapEntry BoolAssgnmnt="1" Value="13"/>
</AssgnmntListEntry>
<AssgnmntListEntry Length="2" RootTermCovItemId="C35">
<MapEntry BoolAssgnmnt="01" Value="21"/>
<MapEntry BoolAssgnmnt="00" Value="2"/>
<MapEntry BoolAssgnmnt="12" Value="2"/>
</AssgnmntListEntry>
<AssgnmntListEntry Length="1" RootTermCovItemId="C36">
<MapEntry BoolAssgnmnt="0" Value="19"/>
<MapEntry BoolAssgnmnt="1" Value="187"/>
</AssgnmntListEntry>
<AssgnmntListEntry Length="1" RootTermCovItemId="C37">
<MapEntry BoolAssgnmnt="0" Value="185"/>
<MapEntry BoolAssgnmnt="1" Value="2099"/>
</AssgnmntListEntry>
<AssgnmntListEntry Length="1" RootTermCovItemId="C38">
<MapEntry BoolAssgnmnt="0" Value="1146"/>
<MapEntry BoolAssgnmnt="1" Value="953"/>
</AssgnmntListEntry>
<AssgnmntListEntry Length="1" RootTermCovItemId="C39">
<MapEntry BoolAssgnmnt="0" Value="951"/>
<MapEntry BoolAssgnmnt="1" Value="2"/>
</AssgnmntListEntry>
<AssgnmntListEntry Length="2" RootTermCovItemId="C4">
<MapEntry BoolAssgnmnt="01" Value="2"/>
<MapEntry BoolAssgnmnt="00" Value="1"/>
<MapEntry BoolAssgnmnt="12" Value="3"/>
</AssgnmntListEntry>
<AssgnmntListEntry Length="1" RootTermCovItemId="C5">
<MapEntry BoolAssgnmnt="0" Value="3"/>
<MapEntry BoolAssgnmnt="1" Value="6"/>
</AssgnmntListEntry>
<AssgnmntListEntry Length="1" RootTermCovItemId="C6">
<MapEntry BoolAssgnmnt="1" Value="13"/>
</AssgnmntListEntry>
<AssgnmntListEntry Length="1" RootTermCovItemId="C7">
<MapEntry BoolAssgnmnt="0" Value="12"/>
<MapEntry BoolAssgnmnt="1" Value="1"/>
</AssgnmntListEntry>
<AssgnmntListEntry Length="1" RootTermCovItemId="C8">
<MapEntry BoolAssgnmnt="0" Value="4"/>
<MapEntry BoolAssgnmnt="1" Value="9"/>
</AssgnmntListEntry>
<AssgnmntListEntry Length="1" RootTermCovItemId="C9">
<MapEntry BoolAssgnmnt="0" Value="9"/>
<MapEntry BoolAssgnmnt="1" Value="4"/>
</AssgnmntListEntry>
</AssgnmntPrefix>
</AssgnmntList>
<ObjMetaDataList/>
<MetaDataList/>
</TestCase>
<TestCase Comment="" Date="1386064449205" Name="com.Testing.PieceTest:testPriceForPiece">
<CovList>
<CovPrefix CovItemPrefix="com.OriginalFiles.Analyze.java">
<Cov CovItemId="B157" Value="1"/>
<Cov CovItemId="S267" Value="1"/>
<Cov CovItemId="S269" Value="1"/>
</CovPrefix>
<CovPrefix CovItemPrefix="com.OriginalFiles.Board.java">
<Cov CovItemId="B79" Value="411"/>
<Cov CovItemId="B82" Value="411"/>
<Cov CovItemId="B84" Value="429"/>
<Cov CovItemId="B86" Value="429"/>
<Cov CovItemId="S176" Value="411"/>
<Cov CovItemId="S177" Value="411"/>
<Cov CovItemId="S179" Value="411"/>
<Cov CovItemId="S180" Value="429"/>
<Cov CovItemId="S182" Value="429"/>
<Cov CovItemId="S184" Value="429"/>
<Cov CovItemId="S185" Value="1396"/>
</CovPrefix>
<CovPrefix CovItemPrefix="com.OriginalFiles.Field.java">
<Cov CovItemId="S13" Value="64"/>
<Cov CovItemId="S9" Value="413"/>
</CovPrefix>
<CovPrefix CovItemPrefix="com.OriginalFiles.Piece.java">
<Cov CovItemId="B10" Value="3"/>
<Cov CovItemId="B11" Value="4"/>
<Cov CovItemId="B14" Value="4"/>
<Cov CovItemId="B15" Value="3"/>
<Cov CovItemId="B16" Value="1"/>
<Cov CovItemId="B17" Value="1"/>
<Cov CovItemId="B18" Value="3"/>
<Cov CovItemId="B19" Value="1"/>
<Cov CovItemId="B2" Value="3"/>
<Cov CovItemId="B21" Value="1"/>
<Cov CovItemId="B24" Value="1"/>
<Cov CovItemId="B25" Value="1"/>
<Cov CovItemId="B28" Value="1"/>
<Cov CovItemId="B30" Value="1"/>
<Cov CovItemId="B32" Value="1"/>
<Cov CovItemId="B34" Value="4"/>
<Cov CovItemId="B36" Value="4"/>
<Cov CovItemId="B40" Value="4"/>
<Cov CovItemId="B42" Value="2"/>
<Cov CovItemId="B44" Value="1"/>
<Cov CovItemId="B46" Value="1"/>
<Cov CovItemId="B47" Value="2"/>
<Cov CovItemId="B49" Value="2"/>
<Cov CovItemId="B5" Value="4"/>
<Cov CovItemId="B51" Value="8"/>
<Cov CovItemId="B54" Value="8"/>
<Cov CovItemId="B69" Value="403"/>
<Cov CovItemId="B7" Value="1"/>
<Cov CovItemId="B70" Value="565"/>
<Cov CovItemId="B72" Value="403"/>
<Cov CovItemId="B8" Value="4"/>
<Cov CovItemId="L1-2" Value="1"/>
<Cov CovItemId="L2-2" Value="8"/>
<Cov CovItemId="L3-2" Value="80"/>
<Cov CovItemId="S1" Value="1"/>
<Cov CovItemId="S10" Value="1"/>
<Cov CovItemId="S11" Value="1"/>
<Cov CovItemId="S118" Value="8"/>
<Cov CovItemId="S119" Value="1"/>
<Cov CovItemId="S12" Value="1"/>
<Cov CovItemId="S120" Value="1"/>
<Cov CovItemId="S121" Value="1"/>
<Cov CovItemId="S122" Value="8"/>
<Cov CovItemId="S123" Value="8"/>
<Cov CovItemId="S124" Value="80"/>
<Cov CovItemId="S125" Value="968"/>
<Cov CovItemId="S126" Value="403"/>
<Cov CovItemId="S129" Value="1"/>
<Cov CovItemId="S13" Value="1"/>
<Cov CovItemId="S14" Value="1"/>
<Cov CovItemId="S15" Value="1"/>
<Cov CovItemId="S16" Value="1"/>
<Cov CovItemId="S17" Value="1"/>
<Cov CovItemId="S18" Value="1"/>
<Cov CovItemId="S19" Value="1"/>
<Cov CovItemId="S2" Value="1"/>
<Cov CovItemId="S20" Value="1"/>
<Cov CovItemId="S21" Value="1"/>
<Cov CovItemId="S22" Value="2"/>
<Cov CovItemId="S23" Value="20"/>
<Cov CovItemId="S24" Value="3"/>
<Cov CovItemId="S25" Value="3"/>
<Cov CovItemId="S26" Value="3"/>
<Cov CovItemId="S3" Value="1"/>
<Cov CovItemId="S30" Value="3"/>
<Cov CovItemId="S31" Value="3"/>
<Cov CovItemId="S32" Value="4"/>
<Cov CovItemId="S33" Value="4"/>
<Cov CovItemId="S36" Value="5"/>
<Cov CovItemId="S37" Value="1"/>
<Cov CovItemId="S38" Value="5"/>
<Cov CovItemId="S39" Value="3"/>
<Cov CovItemId="S4" Value="1"/>
<Cov CovItemId="S41" Value="3"/>
<Cov CovItemId="S42" Value="3"/>
<Cov CovItemId="S43" Value="4"/>
<Cov CovItemId="S44" Value="4"/>
<Cov CovItemId="S45" Value="4"/>
<Cov CovItemId="S46" Value="4"/>
<Cov CovItemId="S48" Value="4"/>
<Cov CovItemId="S49" Value="3"/>
<Cov CovItemId="S5" Value="1"/>
<Cov CovItemId="S50" Value="4"/>
<Cov CovItemId="S51" Value="1"/>
<Cov CovItemId="S52" Value="1"/>
<Cov CovItemId="S53" Value="1"/>
<Cov CovItemId="S54" Value="1"/>
<Cov CovItemId="S55" Value="1"/>
<Cov CovItemId="S57" Value="1"/>
<Cov CovItemId="S58" Value="1"/>
<Cov CovItemId="S59" Value="1"/>
<Cov CovItemId="S6" Value="1"/>
<Cov CovItemId="S61" Value="1"/>
<Cov CovItemId="S63" Value="1"/>
<Cov CovItemId="S65" Value="4"/>
<Cov CovItemId="S67" Value="4"/>
<Cov CovItemId="S7" Value="1"/>
<Cov CovItemId="S71" Value="4"/>
<Cov CovItemId="S73" Value="4"/>
<Cov CovItemId="S74" Value="2"/>
<Cov CovItemId="S76" Value="2"/>
<Cov CovItemId="S77" Value="1"/>
<Cov CovItemId="S78" Value="1"/>
<Cov CovItemId="S79" Value="1"/>
<Cov CovItemId="S8" Value="1"/>
<Cov CovItemId="S81" Value="1"/>
<Cov CovItemId="S82" Value="1"/>
<Cov CovItemId="S83" Value="1"/>
<Cov CovItemId="S86" Value="1"/>
<Cov CovItemId="S87" Value="2"/>
<Cov CovItemId="S88" Value="2"/>
<Cov CovItemId="S89" Value="2"/>
<Cov CovItemId="S9" Value="1"/>
<Cov CovItemId="S90" Value="2"/>
<Cov CovItemId="S91" Value="2"/>
<Cov CovItemId="S92" Value="2"/>
<Cov CovItemId="S93" Value="2"/>
<Cov CovItemId="S94" Value="2"/>
<Cov CovItemId="S95" Value="2"/>
<Cov CovItemId="S97" Value="8"/>
<Cov CovItemId="S98" Value="8"/>
<Cov CovItemId="S99" Value="8"/>
</CovPrefix>
</CovList>
<AssgnmntList>
<AssgnmntPrefix RootTermCovItemPrefix="com.OriginalFiles.Analyze.java">
<AssgnmntListEntry Length="8" RootTermCovItemId="C90">
<MapEntry BoolAssgnmnt="02020202" Value="1"/>
</AssgnmntListEntry>
</AssgnmntPrefix>
<AssgnmntPrefix RootTermCovItemPrefix="com.OriginalFiles.Board.java">
<AssgnmntListEntry Length="1" RootTermCovItemId="C53">
<MapEntry BoolAssgnmnt="1" Value="411"/>
</AssgnmntListEntry>
<AssgnmntListEntry Length="1" RootTermCovItemId="C54">
<MapEntry BoolAssgnmnt="1" Value="411"/>
</AssgnmntListEntry>
<AssgnmntListEntry Length="3" RootTermCovItemId="C55">
<MapEntry BoolAssgnmnt="002" Value="429"/>
</AssgnmntListEntry>
<AssgnmntListEntry Length="3" RootTermCovItemId="C56">
<MapEntry BoolAssgnmnt="002" Value="429"/>
</AssgnmntListEntry>
</AssgnmntPrefix>
<AssgnmntPrefix RootTermCovItemPrefix="com.OriginalFiles.Piece.java">
<AssgnmntListEntry Length="2" RootTermCovItemId="C1">
<MapEntry BoolAssgnmnt="10" Value="3"/>
</AssgnmntListEntry>
<AssgnmntListEntry Length="1" RootTermCovItemId="C10">
<MapEntry BoolAssgnmnt="1" Value="1"/>
</AssgnmntListEntry>
<AssgnmntListEntry Length="1" RootTermCovItemId="C11">
<MapEntry BoolAssgnmnt="0" Value="1"/>
</AssgnmntListEntry>
<AssgnmntListEntry Length="1" RootTermCovItemId="C12">
<MapEntry BoolAssgnmnt="0" Value="1"/>
</AssgnmntListEntry>
<AssgnmntListEntry Length="1" RootTermCovItemId="C13">
<MapEntry BoolAssgnmnt="1" Value="1"/>
</AssgnmntListEntry>
<AssgnmntListEntry Length="1" RootTermCovItemId="C14">
<MapEntry BoolAssgnmnt="0" Value="1"/>
</AssgnmntListEntry>
<AssgnmntListEntry Length="2" RootTermCovItemId="C15">
<MapEntry BoolAssgnmnt="02" Value="1"/>
</AssgnmntListEntry>
<AssgnmntListEntry Length="2" RootTermCovItemId="C16">
<MapEntry BoolAssgnmnt="02" Value="1"/>
</AssgnmntListEntry>
<AssgnmntListEntry Length="5" RootTermCovItemId="C17">
<MapEntry BoolAssgnmnt="00202" Value="4"/>
</AssgnmntListEntry>
<AssgnmntListEntry Length="5" RootTermCovItemId="C18">
<MapEntry BoolAssgnmnt="00202" Value="4"/>
</AssgnmntListEntry>
<AssgnmntListEntry Length="1" RootTermCovItemId="C20">
<MapEntry BoolAssgnmnt="0" Value="4"/>
</AssgnmntListEntry>
<AssgnmntListEntry Length="16" RootTermCovItemId="C21">
<MapEntry BoolAssgnmnt="0202020202021002" Value="2"/>
</AssgnmntListEntry>
<AssgnmntListEntry Length="1" RootTermCovItemId="C22">
<MapEntry BoolAssgnmnt="0" Value="1"/>
</AssgnmntListEntry>
<AssgnmntListEntry Length="1" RootTermCovItemId="C23">
<MapEntry BoolAssgnmnt="0" Value="1"/>
</AssgnmntListEntry>
<AssgnmntListEntry Length="1" RootTermCovItemId="C24">
<MapEntry BoolAssgnmnt="1" Value="2"/>
</AssgnmntListEntry>
<AssgnmntListEntry Length="1" RootTermCovItemId="C25">
<MapEntry BoolAssgnmnt="1" Value="2"/>
</AssgnmntListEntry>
<AssgnmntListEntry Length="1" RootTermCovItemId="C26">
<MapEntry BoolAssgnmnt="1" Value="8"/>
</AssgnmntListEntry>
<AssgnmntListEntry Length="1" RootTermCovItemId="C27">
<MapEntry BoolAssgnmnt="0" Value="8"/>
</AssgnmntListEntry>
<AssgnmntListEntry Length="1" RootTermCovItemId="C3">
<MapEntry BoolAssgnmnt="1" Value="4"/>
</AssgnmntListEntry>
<AssgnmntListEntry Length="2" RootTermCovItemId="C35">
<MapEntry BoolAssgnmnt="01" Value="8"/>
<MapEntry BoolAssgnmnt="00" Value="1"/>
</AssgnmntListEntry>
<AssgnmntListEntry Length="1" RootTermCovItemId="C36">
<MapEntry BoolAssgnmnt="0" Value="8"/>
<MapEntry BoolAssgnmnt="1" Value="80"/>
</AssgnmntListEntry>
<AssgnmntListEntry Length="1" RootTermCovItemId="C37">
<MapEntry BoolAssgnmnt="0" Value="80"/>
<MapEntry BoolAssgnmnt="1" Value="968"/>
</AssgnmntListEntry>
<AssgnmntListEntry Length="1" RootTermCovItemId="C38">
<MapEntry BoolAssgnmnt="0" Value="565"/>
<MapEntry BoolAssgnmnt="1" Value="403"/>
</AssgnmntListEntry>
<AssgnmntListEntry Length="1" RootTermCovItemId="C39">
<MapEntry BoolAssgnmnt="0" Value="403"/>
</AssgnmntListEntry>
<AssgnmntListEntry Length="2" RootTermCovItemId="C4">
<MapEntry BoolAssgnmnt="00" Value="4"/>
<MapEntry BoolAssgnmnt="12" Value="1"/>
</AssgnmntListEntry>
<AssgnmntListEntry Length="1" RootTermCovItemId="C5">
<MapEntry BoolAssgnmnt="0" Value="3"/>
</AssgnmntListEntry>
<AssgnmntListEntry Length="1" RootTermCovItemId="C6">
<MapEntry BoolAssgnmnt="1" Value="4"/>
</AssgnmntListEntry>
<AssgnmntListEntry Length="1" RootTermCovItemId="C7">
<MapEntry BoolAssgnmnt="0" Value="4"/>
</AssgnmntListEntry>
<AssgnmntListEntry Length="1" RootTermCovItemId="C8">
<MapEntry BoolAssgnmnt="0" Value="1"/>
<MapEntry BoolAssgnmnt="1" Value="3"/>
</AssgnmntListEntry>
<AssgnmntListEntry Length="1" RootTermCovItemId="C9">
<MapEntry BoolAssgnmnt="0" Value="3"/>
<MapEntry BoolAssgnmnt="1" Value="1"/>
</AssgnmntListEntry>
</AssgnmntPrefix>
</AssgnmntList>
<ObjMetaDataList/>
<MetaDataList/>
</TestCase>
<MetaDataList/>
</TestSession>
</TestSessionContainer>
