<?xml version="1.0" encoding="UTF-8"?><TestSessionContainer xmlns="http://www.codecover.org/xml/testsession-container" Date="1386245481478" TestSessionContainerId="0a75dd76-3e21-491b-8b6d-4698998722fc" version="1.0">
<SrcFileList>
<SrcFile Content="package com.OriginalFiles;&#13;&#10;&#13;&#10;import java.util.ArrayList;&#13;&#10;import java.util.List;&#13;&#10;&#13;&#10;public class Piece {&#13;&#10;    //latex start Piececode&#13;&#10;    private int x = -1, y = -1;&#13;&#10;    public char color;&#13;&#10;    public boolean isMoveable = false;&#13;&#10;    public boolean canJump = false;&#13;&#10;    public boolean isCrowned = false;&#13;&#10;    private double currentValue = 0;&#13;&#10;    private int calculatedGameState = 0;&#13;&#10;    private final int isMidGame = 1;&#13;&#10;    private final int isEndGame = 2;&#13;&#10;    private Board checkersBoard;&#13;&#10;    private final int numberOfPastFieldsToCheck = 1;&#13;&#10;    private Field presentField = null;&#13;&#10;&#13;&#10;    private final int hasBeenOnField = 7;&#13;&#10;    private final int valueOfPiece = 100;&#13;&#10;    private final int middleBonus = 3;&#13;&#10;    private final int closeBonus = 4;&#13;&#10;    private final int backlineBonus = 7;&#13;&#10;    private final int kingBonus = 150;&#13;&#10;    private final int crownAble = 70;&#13;&#10;    private final int nearDoubleBonus = 5;&#13;&#10;    private final int doubleCornerBonus = 8;&#13;&#10;    private final int blockBonus = 10;&#13;&#10;    //latex end&#13;&#10;    private List&lt;Field&gt; pastFields = new ArrayList&lt;Field&gt;();&#13;&#10;&#13;&#10;    public Piece(Board input) {&#13;&#10;        checkersBoard = input;&#13;&#10;    }&#13;&#10;&#13;&#10;    public final int getY() {&#13;&#10;        return y;&#13;&#10;    }&#13;&#10;&#13;&#10;    public final int getX() {&#13;&#10;        return x;&#13;&#10;    }&#13;&#10;&#13;&#10;    public final void setXY(int inputX, int inputY) {&#13;&#10;        x = inputX;&#13;&#10;        y = inputY;&#13;&#10;        if (checkersBoard.checkBounds(x, y) &amp;&amp; isCrowned) {&#13;&#10;            if (pastFields.size() &gt; numberOfPastFieldsToCheck&#13;&#10;                    &amp;&amp; pastFields.size() != 0) {&#13;&#10;                pastFields.remove(0);&#13;&#10;            }&#13;&#10;            if (presentField != null) {&#13;&#10;                pastFields.add(presentField);&#13;&#10;            }&#13;&#10;&#13;&#10;            presentField = checkersBoard.myBoard[x][y];&#13;&#10;        } else {&#13;&#10;            pastFields.clear();&#13;&#10;        }&#13;&#10;        updatePriceMidgame();&#13;&#10;    }&#13;&#10;&#13;&#10;    private boolean isOnBoard() {&#13;&#10;        if (checkersBoard.checkBounds(x, y)) {&#13;&#10;            return true;&#13;&#10;        } else {&#13;&#10;            currentValue = 0;&#13;&#10;            return false;&#13;&#10;        }&#13;&#10;    }&#13;&#10;&#13;&#10;    public final double priceForPiece(int gameState, int ownPieceCount,&#13;&#10;            int oppPieceCount, int turn, boolean hasMove) {&#13;&#10;        if (calculatedGameState != gameState || gameState == isEndGame) {&#13;&#10;            updatePrice(gameState, ownPieceCount, oppPieceCount, turn, hasMove);&#13;&#10;        }&#13;&#10;        return currentValue;&#13;&#10;    }&#13;&#10;&#13;&#10;    private int min(int a, int b) {&#13;&#10;        if (a &lt; b) {&#13;&#10;            return a;&#13;&#10;        }&#13;&#10;        return b;&#13;&#10;    }&#13;&#10;&#13;&#10;    private void updatePriceMidgame() {&#13;&#10;        updatePrice(isMidGame, 100, 100, 0, false);&#13;&#10;    }&#13;&#10;&#13;&#10;    private void updatePrice(int gameState, int ownPieceCount,&#13;&#10;            int oppPieceCount, int turn, boolean hasMove) {&#13;&#10;        if (isOnBoard()) {&#13;&#10;            calculatedGameState = gameState;&#13;&#10;            int returnValue = valueOfPiece;&#13;&#10;            if (pastFields.contains(checkersBoard.myBoard[x][y])) {&#13;&#10;                returnValue -= hasBeenOnField;&#13;&#10;            }&#13;&#10;            if (gameState == isMidGame) {&#13;&#10;                returnValue += middleBonus&#13;&#10;                        - min(Math.abs(3 - x), Math.abs(4 - x));&#13;&#10;            }&#13;&#10;            if (gameState == isEndGame) {&#13;&#10;                if (hasMove) {&#13;&#10;                    returnValue += blockValue();&#13;&#10;                    returnValue += closeBonus - closestPiece();&#13;&#10;                }&#13;&#10;                if (!this.isCrowned) {&#13;&#10;                    if (checkersBoard.checkAllegiance(this, true)) {&#13;&#10;                        returnValue += 7 - y;&#13;&#10;                    } else {&#13;&#10;                        returnValue += y;&#13;&#10;                    }&#13;&#10;                }&#13;&#10;&#13;&#10;                if (ownPieceCount == 1) {&#13;&#10;                    if (isNearDoubleCorners()) {&#13;&#10;                        returnValue += nearDoubleBonus;&#13;&#10;                    }&#13;&#10;                    if (isNearDoubleCorners() &amp;&amp; this.isCrowned) {&#13;&#10;                        returnValue += nearDoubleBonus;&#13;&#10;                    }&#13;&#10;&#13;&#10;                    if (checkersBoard.analyzeFunctions.&#13;&#10;                            isOnDoubleCorners(this) &amp;&amp; this.isCrowned) {&#13;&#10;                        returnValue += doubleCornerBonus;&#13;&#10;                    }&#13;&#10;                }&#13;&#10;&#13;&#10;            }&#13;&#10;            if (!isCrowned&#13;&#10;                    &amp;&amp; ((checkersBoard.checkAllegiance(this, true)&#13;&#10;                            &amp;&amp; y == 1)&#13;&#10;                            || (checkersBoard.checkAllegiance(this, false)&#13;&#10;                                    &amp;&amp; y == 6))) {&#13;&#10;                returnValue += crownAble;&#13;&#10;            }&#13;&#10;&#13;&#10;            if (!isCrowned&#13;&#10;                    &amp;&amp; ((checkersBoard.checkAllegiance(this, true)&#13;&#10;                            &amp;&amp; y == 7)&#13;&#10;                            || (checkersBoard.checkAllegiance(this, false)&#13;&#10;                                    &amp;&amp; y == 0))) {&#13;&#10;                returnValue += backlineBonus / 2;&#13;&#10;                if(gameState == isMidGame) {&#13;&#10;                    returnValue += backlineBonus / 2; &#13;&#10;                }&#13;&#10;            }&#13;&#10;            if (isCrowned) {&#13;&#10;                returnValue += kingBonus;&#13;&#10;            }&#13;&#10;            currentValue = returnValue;&#13;&#10;        }&#13;&#10;    }&#13;&#10;&#13;&#10;    private boolean isNearDoubleCorners() {&#13;&#10;        if ((this.getX() == 1 &amp;&amp; this.getY() == 2)&#13;&#10;                || (this.getX() == 2 &amp;&amp; this.getY() == 1)&#13;&#10;                || (this.getX() == 6 &amp;&amp; this.getY() == 5)&#13;&#10;                || (this.getX() == 5 &amp;&amp; this.getY() == 6)&#13;&#10;                || (this.getX() == 2 &amp;&amp; this.getY() == 3)&#13;&#10;                || (this.getX() == 3 &amp;&amp; this.getY() == 2)&#13;&#10;                || (this.getX() == 4 &amp;&amp; this.getY() == 5)&#13;&#10;                || (this.getX() == 5 &amp;&amp; this.getY() == 4)) {&#13;&#10;            return true;&#13;&#10;        }&#13;&#10;        return false;&#13;&#10;    }&#13;&#10;&#13;&#10;    private int blockValue() {&#13;&#10;        int returnValue = 0;&#13;&#10;        int diff = 1;&#13;&#10;        if (checkersBoard.checkAllegiance(this, true)) {&#13;&#10;            diff = -1;&#13;&#10;        }&#13;&#10;        returnValue += blockFields(this.x - 1, this.y + diff);&#13;&#10;        returnValue += blockFields(this.x + 1, this.y + diff);&#13;&#10;        if (this.isCrowned) {&#13;&#10;            returnValue += blockFields(this.x - 1, this.y - diff);&#13;&#10;            returnValue += blockFields(this.x + 1, this.y - diff);&#13;&#10;        }&#13;&#10;        return (returnValue / 100) * blockBonus;&#13;&#10;    }&#13;&#10;&#13;&#10;    private int blockFields(int xToCheck, int yToCheck) {&#13;&#10;        if (checkersBoard.checkBounds(xToCheck, yToCheck)) {&#13;&#10;            if (checkersBoard.myBoard[xToCheck][yToCheck].isEmpty()) {&#13;&#10;                int returnValue = 0;&#13;&#10;                Field thisField = checkersBoard.myBoard[xToCheck][yToCheck];&#13;&#10;                returnValue += checkBlockade(xToCheck - 1,&#13;&#10;                        yToCheck - 1, thisField);&#13;&#10;                returnValue += checkBlockade(xToCheck - 1,&#13;&#10;                        yToCheck + 1, thisField);&#13;&#10;                returnValue += checkBlockade(xToCheck + 1,&#13;&#10;                        yToCheck - 1, thisField);&#13;&#10;                returnValue += checkBlockade(xToCheck + 1,&#13;&#10;                        yToCheck + 1, thisField);&#13;&#10;                return returnValue;&#13;&#10;            }&#13;&#10;        }&#13;&#10;&#13;&#10;        return 0;&#13;&#10;    }&#13;&#10;&#13;&#10;    private int checkBlockade(int xToCheck, int yToCheck, Field blockField) {&#13;&#10;        boolean checkForOpponent = !checkersBoard.checkAllegiance(this, true);&#13;&#10;        if (checkersBoard.checkBounds(xToCheck, yToCheck)) {&#13;&#10;            if (checkersBoard.checkAllegiance(checkersBoard.&#13;&#10;                    myBoard[xToCheck][yToCheck], checkForOpponent)) {&#13;&#10;                int diff = 1;&#13;&#10;                if (checkForOpponent) {&#13;&#10;                    diff = -1;&#13;&#10;                }&#13;&#10;                int procentBlocked = 0;&#13;&#10;                procentBlocked += 25;&#13;&#10;                if (checkersBoard.fieldOccupied(xToCheck - 1,&#13;&#10;                        yToCheck + diff)) {&#13;&#10;                    procentBlocked += 25;&#13;&#10;                }&#13;&#10;                if (checkersBoard.fieldOccupied(xToCheck + 1,&#13;&#10;                        yToCheck + diff)) {&#13;&#10;                    procentBlocked += 25;&#13;&#10;                }&#13;&#10;&#13;&#10;                if (checkersBoard.myBoard[xToCheck][yToCheck].&#13;&#10;                        getPieceOnField().isCrowned) {&#13;&#10;                    if (checkersBoard.fieldOccupied(xToCheck - 1,&#13;&#10;                            yToCheck - diff)) {&#13;&#10;                        procentBlocked += 25;&#13;&#10;                    }&#13;&#10;                    if (checkersBoard.fieldOccupied(xToCheck + 1,&#13;&#10;                            yToCheck - diff)) {&#13;&#10;                        procentBlocked += 25;&#13;&#10;                    }&#13;&#10;                } else {&#13;&#10;                    procentBlocked += 50;&#13;&#10;                }&#13;&#10;                return procentBlocked;&#13;&#10;            }&#13;&#10;        }&#13;&#10;        return 0;&#13;&#10;    }&#13;&#10;&#13;&#10;    private int closestPiece() {&#13;&#10;        boolean found = false;&#13;&#10;        int distance = 0;&#13;&#10;        while (!found &amp;&amp; distance &lt; 8) {&#13;&#10;            distance += 1;&#13;&#10;            OUTERMOST: for (int i = -distance; i &lt; 1 + distance; i++) {&#13;&#10;                for (int j = -distance; j &lt; 1 + distance; j++) {&#13;&#10;                    if (checkersBoard.&#13;&#10;                            checkBounds(x + i, y + j)) {&#13;&#10;                        if (checkersBoard.checkAllegiance(&#13;&#10;                                checkersBoard.&#13;&#10;                                myBoard[x + i][y + j],&#13;&#10;                                !checkersBoard.checkAllegiance(this, true))) {&#13;&#10;                            found = true;&#13;&#10;                            break OUTERMOST;&#13;&#10;                        }&#13;&#10;                    }&#13;&#10;                }&#13;&#10;            }&#13;&#10;        }&#13;&#10;        return distance;&#13;&#10;    }&#13;&#10;}&#13;&#10;" Filename="Piece.java" Intrnl_Id="1"/>
<SrcFile Content="package com.OriginalFiles;&#13;&#10;&#13;&#10;import java.util.ArrayList;&#13;&#10;import java.util.List;&#13;&#10;&#13;&#10;public class Move {&#13;&#10;    public List&lt;Field&gt; moves;&#13;&#10;    //public boolean isJump;&#13;&#10;    public List&lt;Piece&gt; takenPieces = new ArrayList&lt;Piece&gt;();&#13;&#10;    public boolean wasKingBefore = false;&#13;&#10;&#13;&#10;    public Move(Field movefrom, Field moveto, boolean wasKing) {&#13;&#10;        List&lt;Field&gt; moveToList = new ArrayList&lt;Field&gt;();&#13;&#10;        moveToList.add(movefrom);&#13;&#10;        moveToList.add(moveto);&#13;&#10;        this.moves = moveToList;&#13;&#10;        this.wasKingBefore = wasKing;&#13;&#10;    }&#13;&#10;&#13;&#10;    public Move(List&lt;Field&gt; moveToList, boolean wasKing) {&#13;&#10;        this.moves = moveToList;&#13;&#10;        this.wasKingBefore = wasKing;&#13;&#10;    }&#13;&#10;&#13;&#10;    public Move() {&#13;&#10;        List&lt;Field&gt; moveToList = new ArrayList&lt;Field&gt;();&#13;&#10;        this.moves = moveToList;&#13;&#10;    }&#13;&#10;&#13;&#10;    public final boolean isJump() {&#13;&#10;        if (moves.size() &gt;= 2) {&#13;&#10;            Field to = moves.get(1);&#13;&#10;            Field from  = moves.get(0);&#13;&#10;&#13;&#10;            return Math.abs(from.x - to.x) == 2 &amp;&amp; Math.abs(from.y - to.y) == 2;&#13;&#10;        } else {&#13;&#10;            return false;&#13;&#10;        }&#13;&#10;    }&#13;&#10;&#13;&#10;    public final void addStep(Field step) {&#13;&#10;        this.moves.add(step);&#13;&#10;    }&#13;&#10;}&#13;&#10;&#13;&#10;" Filename="Move.java" Intrnl_Id="2"/>
<SrcFile Content="package com.OriginalFiles;&#13;&#10;&#13;&#10;import java.io.IOException;&#13;&#10;import java.util.ArrayList;&#13;&#10;import java.util.List;&#13;&#10;import custom.Exceptions.NoKingLeft;&#13;&#10;&#13;&#10;public class MI {&#13;&#10;    public RemoteNXTFunctions remoteNXT;&#13;&#10;    private final double inf = 100000.0;&#13;&#10;    private List&lt;Move&gt; simulatedMoves = new ArrayList&lt;Move&gt;();&#13;&#10;    private int side;&#13;&#10;&#13;&#10;    /* how much the AI/MI looks forward */&#13;&#10;    private int numberofmovelook;&#13;&#10;&#13;&#10;    /* how glad the MI/AI are for the result of the game */&#13;&#10;    private double gameIsWon = inf / 2;&#13;&#10;    private final int gameIsDraw = 200;&#13;&#10;&#13;&#10;    private final int isMidGame = 1;&#13;&#10;    private final int isEndgame = 2;&#13;&#10;    private final int midGameEndMax = 7;&#13;&#10;    private final int midGameEndMin = 4;&#13;&#10;&#13;&#10;    public MI(RemoteNXTFunctions inputRemoteNXT,&#13;&#10;            boolean isRobot, int hardness) {&#13;&#10;        remoteNXT = inputRemoteNXT;&#13;&#10;        numberofmovelook = hardness;&#13;&#10;        updatePieceList();&#13;&#10;        if (isRobot) {&#13;&#10;            side = 1;&#13;&#10;        } else {&#13;&#10;            side = -1;&#13;&#10;        }&#13;&#10;    }&#13;&#10;&#13;&#10;    List&lt;Piece&gt; ownPieces = new ArrayList&lt;Piece&gt;();&#13;&#10;    List&lt;Piece&gt; oppPieces = new ArrayList&lt;Piece&gt;();&#13;&#10;&#13;&#10;    private void updatePieceList() {&#13;&#10;        ownPieces.clear();&#13;&#10;        oppPieces.clear();&#13;&#10;        for (Field[] f: remoteNXT.checkersBoard.myBoard) {&#13;&#10;            for (Field q: f) {&#13;&#10;                if (!q.isEmpty()) {&#13;&#10;                    if (remoteNXT.checkersBoard.checkAllegiance(q, false)) {&#13;&#10;                        ownPieces.add(q.getPieceOnField());&#13;&#10;                    } else {&#13;&#10;                        oppPieces.add(q.getPieceOnField());&#13;&#10;                    }&#13;&#10;                }&#13;&#10;            }&#13;&#10;        }&#13;&#10;    }&#13;&#10;&#13;&#10;    /* ------------------------------------------------------------------  *&#13;&#10;    /* MI starts */&#13;&#10;&#13;&#10;    public final Move lookForBestMove() throws NoKingLeft, IOException,&#13;&#10;                                         InterruptedException {&#13;&#10;        updatePieceList();&#13;&#10;        List&lt;Move&gt; posMoves = possibleMoves(side);&#13;&#10;        List&lt;Move&gt; bestMoves = new ArrayList&lt;Move&gt;();&#13;&#10;        double price = -inf;&#13;&#10;        double tempPrice;&#13;&#10;&#13;&#10;        if (posMoves.size() == 1) {&#13;&#10;            return posMoves.get(0);&#13;&#10;        }&#13;&#10;&#13;&#10;        for (Move move : posMoves) {&#13;&#10;            simulateMove(move);&#13;&#10;&#13;&#10;            tempPrice =  -negaMax(numberofmovelook, -side, -inf, -price);&#13;&#10;            revertMove();&#13;&#10;&#13;&#10;            if (tempPrice &gt; price) {&#13;&#10;                price = tempPrice;&#13;&#10;                bestMoves.clear();&#13;&#10;                bestMoves.add(move);&#13;&#10;            } else if (tempPrice == price) {&#13;&#10;                bestMoves.add(move);&#13;&#10;            }&#13;&#10;        }&#13;&#10;        return bestMoves.get((int) (Math.random() * (bestMoves.size() - 1)));&#13;&#10;    }&#13;&#10;&#13;&#10;&#13;&#10;    private double negaMax(int depth, int turn, double alpha, double beta)&#13;&#10;            throws NoKingLeft, IOException, InterruptedException {&#13;&#10;      //latex start negaMax&#13;&#10;        if (depth == 0&#13;&#10;                || remoteNXT.checkersBoard.analyzeFunctions.&#13;&#10;                gameHasEnded(-1 == turn) != 0) {&#13;&#10;            return turn * evaluation(turn);&#13;&#10;        }&#13;&#10;        List&lt;Move&gt; moves;&#13;&#10;        moves = possibleMoves(turn);&#13;&#10;&#13;&#10;        double bestValue = -inf;&#13;&#10;        for (Move move : moves) {&#13;&#10;            simulateMove(move);&#13;&#10;            double newPrice = -negaMax(depth - 1, -turn, -beta, -alpha);&#13;&#10;            revertMove();&#13;&#10;&#13;&#10;            bestValue = max(bestValue, newPrice);&#13;&#10;            alpha = max(alpha, newPrice);&#13;&#10;            if (alpha &gt;= beta) {&#13;&#10;                break;&#13;&#10;            }&#13;&#10;        }&#13;&#10;        //latex end&#13;&#10;        return bestValue;&#13;&#10;    }&#13;&#10;&#13;&#10;    private double evaluation(int turn) {&#13;&#10;        double valueOfBoard = 0;&#13;&#10;        boolean robotHasTheMove = false;&#13;&#10;        boolean humanTurn = false;&#13;&#10;&#13;&#10;        if (turn == -1) {&#13;&#10;            humanTurn = true;&#13;&#10;        }&#13;&#10;        if (!humanTurn) {&#13;&#10;            robotHasTheMove = remoteNXT.checkersBoard.analyzeFunctions.&#13;&#10;                    hasTheMove(humanTurn, ownPieces.size(), oppPieces.size());&#13;&#10;        } else {&#13;&#10;            robotHasTheMove = !remoteNXT.checkersBoard.analyzeFunctions.&#13;&#10;                    hasTheMove(humanTurn, ownPieces.size(), oppPieces.size());&#13;&#10;        }&#13;&#10;        int state = gameState();&#13;&#10;&#13;&#10;        for (int i = 0; i &lt; ownPieces.size(); i++) {&#13;&#10;            valueOfBoard += ownPieces.get(i).priceForPiece(state,&#13;&#10;                    ownPieces.size(), oppPieces.size(), turn, robotHasTheMove);&#13;&#10;        }&#13;&#10;&#13;&#10;        for (int i = 0; i &lt; oppPieces.size(); i++) {&#13;&#10;            valueOfBoard -= oppPieces.get(i).priceForPiece(state,&#13;&#10;                    ownPieces.size(), oppPieces.size(), turn, !robotHasTheMove);&#13;&#10;        }&#13;&#10;&#13;&#10;        boolean isHuman = (turn == -1);&#13;&#10;&#13;&#10;        switch (remoteNXT.checkersBoard.&#13;&#10;                analyzeFunctions.gameHasEnded(isHuman)) {&#13;&#10;        case 1:&#13;&#10;            valueOfBoard -= gameIsWon;&#13;&#10;            break;&#13;&#10;        case 2:&#13;&#10;            valueOfBoard += gameIsWon;&#13;&#10;            break;&#13;&#10;        case 3:&#13;&#10;                valueOfBoard += gameIsDraw;&#13;&#10;            break;&#13;&#10;        default:&#13;&#10;            valueOfBoard +=  242 + (ownPieces.size() - oppPieces.size())&#13;&#10;                          * ((24 - ownPieces.size() - oppPieces.size()) * 2);&#13;&#10;            break;&#13;&#10;        }&#13;&#10;&#13;&#10;        return valueOfBoard;&#13;&#10;    }&#13;&#10;&#13;&#10;    private int gameState() {&#13;&#10;        if (min(ownPieces.size(), oppPieces.size()) &gt;= midGameEndMin&#13;&#10;                &amp;&amp; max(ownPieces.size(), oppPieces.size()) &gt;= midGameEndMax) {&#13;&#10;            return isMidGame;&#13;&#10;        }&#13;&#10;        return isEndgame;&#13;&#10;    }&#13;&#10;&#13;&#10;    private double max(double x, double y) {&#13;&#10;        if (x &lt; y) {&#13;&#10;            return y;&#13;&#10;        }&#13;&#10;        return x;&#13;&#10;    }&#13;&#10;    private double min(double x, double y) {&#13;&#10;        if (x &lt; y) {&#13;&#10;            return x;&#13;&#10;        }&#13;&#10;        return y;&#13;&#10;    }&#13;&#10;&#13;&#10;&#13;&#10;    /* MI stops */&#13;&#10;    /* ---------------------------------------------------------------------  */&#13;&#10;&#13;&#10;    private void simulateMove(Move move) throws NoKingLeft, IOException {&#13;&#10;        if (move.moves.size() &gt;= 2) {&#13;&#10;            int stop = move.moves.size() - 1;&#13;&#10;            for (int i = 0; i &lt; stop; i++) {&#13;&#10;                Field from = move.moves.get(i);&#13;&#10;                Field to = move.moves.get(i + 1);&#13;&#10;&#13;&#10;                if (Math.abs(from.x - to.x) == 2) {&#13;&#10;                    Piece takenPiece = remoteNXT.checkersBoard.myBoard&#13;&#10;                            [(from.x + to.x) / 2]&#13;&#10;                            [(from.y + to.y) / 2].getPieceOnField();&#13;&#10;                    if (remoteNXT.checkersBoard.&#13;&#10;                            checkAllegiance(takenPiece, true)) {&#13;&#10;                        oppPieces.remove(takenPiece);&#13;&#10;                    } else {&#13;&#10;                        ownPieces.remove(takenPiece);&#13;&#10;                    }&#13;&#10;                    move.takenPieces.add(takenPiece);&#13;&#10;                    remoteNXT.checkersBoard.myBoard&#13;&#10;                            [(from.x + to.x) / 2]&#13;&#10;                            [(from.y + to.y) / 2].setPieceOnField(null);&#13;&#10;                }&#13;&#10;                remoteNXT.checkersBoard.&#13;&#10;                    movePieceInRepresentation(from, to, true);&#13;&#10;            }&#13;&#10;            simulatedMoves.add(move);&#13;&#10;        }&#13;&#10;    }&#13;&#10;&#13;&#10;    private void revertMove() throws NoKingLeft, IOException {&#13;&#10;&#13;&#10;        if (simulatedMoves.size() != 0) {&#13;&#10;            Move temp = simulatedMoves.get(simulatedMoves.size() - 1);&#13;&#10;            simulatedMoves.remove(simulatedMoves.size() - 1);&#13;&#10;&#13;&#10;            int stop = temp.moves.size() - 1;&#13;&#10;            Field tempMove = null;&#13;&#10;&#13;&#10;            for (int j = stop; j &gt;= 1; j--) {&#13;&#10;                tempMove = temp.moves.get(j);&#13;&#10;                if (!tempMove.isEmpty()) {&#13;&#10;                    if (tempMove.getPieceOnField().isCrowned&#13;&#10;                            &amp;&amp; !temp.wasKingBefore) {&#13;&#10;                        if (remoteNXT.checkersBoard.&#13;&#10;                                checkAllegiance(tempMove, true)) {&#13;&#10;                            tempMove.getPieceOnField().color =&#13;&#10;                                   remoteNXT.checkersBoard.opponentPeasentColor;&#13;&#10;                        } else if (remoteNXT.checkersBoard.&#13;&#10;                                checkAllegiance(tempMove, false)) {&#13;&#10;                            tempMove.getPieceOnField().color =&#13;&#10;                                    remoteNXT.checkersBoard.myPeasentColor;&#13;&#10;                        }&#13;&#10;                        tempMove.getPieceOnField().isCrowned = false;&#13;&#10;                    }&#13;&#10;                }&#13;&#10;                remoteNXT.checkersBoard.movePieceInRepresentation(&#13;&#10;                        tempMove, temp.moves.get(j - 1), true);&#13;&#10;            }&#13;&#10;&#13;&#10;            stop = temp.takenPieces.size();&#13;&#10;&#13;&#10;            for (int i = 0; i &lt; stop; i++) {&#13;&#10;                Piece tempPiece = temp.takenPieces.get(i);&#13;&#10;                if (remoteNXT.checkersBoard.checkAllegiance(tempPiece, true)) {&#13;&#10;                    oppPieces.add(tempPiece);&#13;&#10;                } else {&#13;&#10;                    ownPieces.add(tempPiece);&#13;&#10;                }&#13;&#10;                remoteNXT.checkersBoard.myBoard&#13;&#10;                    [tempPiece.getX()][tempPiece.getY()].&#13;&#10;                    setPieceOnField(tempPiece);&#13;&#10;            }&#13;&#10;        }&#13;&#10;    }&#13;&#10;&#13;&#10;    //-1 = human, 1 = robot&#13;&#10;    private List&lt;Move&gt; possibleMoves(int moveForSide) throws&#13;&#10;                    InterruptedException, IOException, NoKingLeft {&#13;&#10;        List&lt;Move&gt; jumpMovements = new ArrayList&lt;Move&gt;();&#13;&#10;        List&lt;Move&gt; movements = new ArrayList&lt;Move&gt;();&#13;&#10;        remoteNXT.checkersBoard.updateMoveables();&#13;&#10;        for (Field[] f : remoteNXT.checkersBoard.myBoard) {&#13;&#10;            for (Field field : f) {&#13;&#10;                if (!field.isEmpty()) {&#13;&#10;                    if (field.getPieceOnField().isMoveable&#13;&#10;                            &amp;&amp; remoteNXT.checkersBoard.&#13;&#10;                            checkAllegiance(field, moveForSide == -1)) {&#13;&#10;                        //Jumps&#13;&#10;                        if (field.getPieceOnField().canJump) {&#13;&#10;                            List&lt;List&lt;Field&gt;&gt; listOfMoves =&#13;&#10;                                    remoteNXT.checkersBoard.&#13;&#10;                                    analyzeFunctions.jumpSequence(&#13;&#10;                                            field, moveForSide == 1,&#13;&#10;                                            field.getPieceOnField().isCrowned);&#13;&#10;&#13;&#10;                            for (List&lt;Field&gt; stackOfFields : listOfMoves) {&#13;&#10;                                if (stackOfFields.size() &gt;= 2) {&#13;&#10;                                    jumpMovements.add(new Move(stackOfFields,&#13;&#10;                                            field.getPieceOnField().isCrowned));&#13;&#10;                                }&#13;&#10;                            }&#13;&#10;                        } else {  // Moves&#13;&#10;                            List&lt;Field&gt; possibleMoves =&#13;&#10;                                    remoteNXT.checkersBoard.&#13;&#10;                                    checkMoveable(field, moveForSide);&#13;&#10;                            //Simple moves&#13;&#10;                            if (!possibleMoves.isEmpty()) {&#13;&#10;                                for (Field posField : possibleMoves) {&#13;&#10;                                    Move movement = new Move(field, posField,&#13;&#10;                                            field.getPieceOnField().isCrowned);&#13;&#10;                                    movements.add(movement);&#13;&#10;                                }&#13;&#10;                            }&#13;&#10;                        }&#13;&#10;                    }&#13;&#10;                }&#13;&#10;            }&#13;&#10;        }&#13;&#10;&#13;&#10;        if (jumpMovements.size() != 0) {&#13;&#10;            return jumpMovements;&#13;&#10;        } else {&#13;&#10;            return movements;&#13;&#10;        }&#13;&#10;    }&#13;&#10;}&#13;&#10;" Filename="MI.java" Intrnl_Id="3"/>
<SrcFile Content="package com.OriginalFiles;&#13;&#10;&#13;&#10;public class Field {&#13;&#10;    //allowedField determines if is an allowed field to play on (a black field)&#13;&#10;    public boolean allowedField;&#13;&#10;    public boolean visited = false;&#13;&#10;    public int x;&#13;&#10;    public int y;&#13;&#10;    private Piece pieceOnField = null;&#13;&#10;    public Field() { };&#13;&#10;    public Field(int inputx, int inputy) {&#13;&#10;        x = inputx;&#13;&#10;        y = inputy;&#13;&#10;    }&#13;&#10;&#13;&#10;    //Get and Set to access to private variable pieceOnField.&#13;&#10;    //Updates the coordinates of an piece when assigned to a field.&#13;&#10;    public final void setPieceOnField(Piece inputPiece) {&#13;&#10;        pieceOnField = inputPiece;&#13;&#10;        if (!isEmpty()) {&#13;&#10;            pieceOnField.setXY(x, y);&#13;&#10;        }&#13;&#10;    }&#13;&#10;&#13;&#10;    public final Piece getPieceOnField() {&#13;&#10;        return pieceOnField;&#13;&#10;    }&#13;&#10;&#13;&#10;    //A field is empty, if no piece is assigned to it.&#13;&#10;    public final boolean isEmpty() {&#13;&#10;        return (pieceOnField == null);&#13;&#10;    }&#13;&#10;&#13;&#10;    //Returns true if there is a piece on the field,&#13;&#10;    //and the piece is of the given color.&#13;&#10;    public final boolean isPieceOfColor(char input) {&#13;&#10;        if (isEmpty()) {&#13;&#10;            return false;&#13;&#10;        } else {&#13;&#10;            return (pieceOnField.color == input);&#13;&#10;        }&#13;&#10;    }&#13;&#10;&#13;&#10;    //Empty the field, by un-assigning the piece of the field.&#13;&#10;    public final void emptyThisField() {&#13;&#10;        pieceOnField = null;&#13;&#10;    }&#13;&#10;}&#13;&#10;" Filename="Field.java" Intrnl_Id="4"/>
<SrcFile Content="package com.OriginalFiles;&#13;&#10;&#13;&#10;public class Communication {&#13;&#10;&#13;&#10;    public Communication(RemoteNXTFunctions remoteFunc) {&#13;&#10;        // TODO Auto-generated constructor stub&#13;&#10;    }&#13;&#10;&#13;&#10;    public void myKingNotPlaced() {&#13;&#10;        // TODO Auto-generated method stub&#13;&#10;        &#13;&#10;    }&#13;&#10;&#13;&#10;    public void humanWon() {&#13;&#10;        // TODO Auto-generated method stub&#13;&#10;        &#13;&#10;    }&#13;&#10;&#13;&#10;    public void robotWon() {&#13;&#10;        // TODO Auto-generated method stub&#13;&#10;        &#13;&#10;    }&#13;&#10;&#13;&#10;    public void draw() {&#13;&#10;        // TODO Auto-generated method stub&#13;&#10;        &#13;&#10;    }&#13;&#10;&#13;&#10;}&#13;&#10;" Filename="Communication.java" Intrnl_Id="5"/>
<SrcFile Content="package com.OriginalFiles;&#13;&#10;&#13;&#10;import java.io.IOException;&#13;&#10;import java.util.ArrayList;&#13;&#10;import java.util.List;&#13;&#10;import custom.Exceptions.NoKingLeft;&#13;&#10;&#13;&#10;public class Board {&#13;&#10;&#13;&#10;    public Field[][] myBoard = new Field[8][8];&#13;&#10;    public Field[] kingPlace = new Field[8];&#13;&#10;    public Field[] oppKingPlace = new Field[8];&#13;&#10;    public Field[][] trashPlace = new Field[8][3];&#13;&#10;    public Field[][] oppTrashPlace = new Field[8][2];&#13;&#10;    public Analyze analyzeFunctions;&#13;&#10;&#13;&#10;    public Communication informer;&#13;&#10;&#13;&#10;    char myPeasentColor, myKingColor, opponentPeasentColor, opponentKingColor;&#13;&#10;&#13;&#10;    public Board(RemoteNXTFunctions remoteFunc)&#13;&#10;            throws InterruptedException, IOException {&#13;&#10;        informer = new Communication(remoteFunc);&#13;&#10;        analyzeFunctions = new Analyze(this, remoteFunc);&#13;&#10;        analyzeFunctions.findMyColors();&#13;&#10;        findOpponentColors();&#13;&#10;&#13;&#10;        int x, y;&#13;&#10;&#13;&#10;        //Create the 8 times 8 board&#13;&#10;        for (x = 0; x &lt; 8; x++) {&#13;&#10;            for (y = 0; y &lt; 8; y++) {&#13;&#10;                Field temp = new Field();&#13;&#10;                temp.x = x;&#13;&#10;                temp.y = y;&#13;&#10;&#13;&#10;                //Every second field is an allowed field&#13;&#10;                //latex start ConstructorLoop&#13;&#10;                if ((x + y) % 2 == 1) {&#13;&#10;                    temp.allowedField = true;&#13;&#10;                    Piece pieceOnBoard = null;&#13;&#10;                    if (y &lt; 3) {&#13;&#10;                        pieceOnBoard = new Piece(this);&#13;&#10;                        pieceOnBoard.color = myPeasentColor;&#13;&#10;&#13;&#10;                        //Every piece on the front line of each player&#13;&#10;                        //is moveable from the start&#13;&#10;                        if (y == 2) {&#13;&#10;                            pieceOnBoard.isMoveable = true;&#13;&#10;                        }&#13;&#10;                    }&#13;&#10;                    //latex end&#13;&#10;&#13;&#10;                    if (y &gt; 4) {&#13;&#10;                        pieceOnBoard = new Piece(this);&#13;&#10;                        pieceOnBoard.color = opponentPeasentColor;&#13;&#10;                        if (y == 5) {&#13;&#10;                            pieceOnBoard.isMoveable = true;&#13;&#10;                        }&#13;&#10;                    }&#13;&#10;                    temp.setPieceOnField(pieceOnBoard);&#13;&#10;                } else {&#13;&#10;                    temp.allowedField = false;&#13;&#10;                }&#13;&#10;                myBoard[x][y] = temp;&#13;&#10;            }&#13;&#10;        }&#13;&#10;&#13;&#10;        //Set the location of the human players king pieces&#13;&#10;        //And Trashfield&#13;&#10;        //latex start ConstructorKing&#13;&#10;        for (int i = 0; i &lt; 8; i++) {&#13;&#10;            Field temp = new Field();&#13;&#10;            temp.x = i;&#13;&#10;            temp.y = -2;&#13;&#10;            Piece tempPiece = new Piece(this);&#13;&#10;            tempPiece.color = opponentKingColor;&#13;&#10;            tempPiece.isCrowned = true;&#13;&#10;            temp.setPieceOnField(tempPiece);&#13;&#10;            kingPlace[i] = temp;&#13;&#10;        }&#13;&#10;        for (int i = 0; i &lt; 8; i++) {&#13;&#10;            Field temp = new Field();&#13;&#10;            temp.x = i;&#13;&#10;            temp.y = 9;&#13;&#10;            Piece tempPiece = new Piece(this);&#13;&#10;            tempPiece.color = myKingColor;&#13;&#10;            tempPiece.isCrowned = true;&#13;&#10;            temp.setPieceOnField(tempPiece);&#13;&#10;            oppKingPlace[i] = temp;&#13;&#10;        }&#13;&#10;        //latex end&#13;&#10;        for (int j = 0; j &lt; 3; j++) {&#13;&#10;            for (int i = 0; i &lt; 8; i++) {&#13;&#10;                Field temp = new Field();&#13;&#10;                temp.x = i;&#13;&#10;                temp.y = -3 - j;&#13;&#10;                trashPlace[i][j] = temp;&#13;&#10;            }&#13;&#10;        }&#13;&#10;&#13;&#10;        for (int j = 0; j &lt; 2; j++) {&#13;&#10;            for (int i = 0; i &lt; 8; i++) {&#13;&#10;                Field temp = new Field();&#13;&#10;                temp.x = i;&#13;&#10;                temp.y = 10 + j;&#13;&#10;                oppTrashPlace[i][j] = temp;&#13;&#10;            }&#13;&#10;        }&#13;&#10;    }&#13;&#10;&#13;&#10;    public final void resetVisited() {&#13;&#10;        for (Field[] f : myBoard) {&#13;&#10;            for (Field field : f) {&#13;&#10;                field.visited = false;&#13;&#10;            }&#13;&#10;        }&#13;&#10;    }&#13;&#10;&#13;&#10;    //Sorts the list of fields to search to minimize robot movement&#13;&#10;    public final void sortListOfFields(List&lt;Field&gt; listOfFields) {&#13;&#10;        int x = 0;&#13;&#10;        int y = 0;&#13;&#10;        int sizeOflistOfFields = listOfFields.size();&#13;&#10;        for (int i = 0; i &lt; sizeOflistOfFields; i++) {&#13;&#10;            for (int n = i + 1; n &lt; sizeOflistOfFields; n++) {&#13;&#10;                if (!isGreater(listOfFields.get(i),&#13;&#10;                        listOfFields.get(n), x, y)) {&#13;&#10;                    Field temp1 = listOfFields.get(i);&#13;&#10;                    Field temp2 = listOfFields.get(n);&#13;&#10;                    listOfFields.remove(n);&#13;&#10;                    listOfFields.remove(i);&#13;&#10;                    listOfFields.add(i, temp2);&#13;&#10;                    listOfFields.add(n, temp1);&#13;&#10;                }&#13;&#10;            }&#13;&#10;            x = listOfFields.get(i).x;&#13;&#10;            y = listOfFields.get(i).y;&#13;&#10;        }&#13;&#10;    }&#13;&#10;&#13;&#10;    //Method to used in sorting the list of places to move the robot&#13;&#10;    public final boolean isGreater(Field inputField,&#13;&#10;            Field fieldToCompare, int compX, int compY) {&#13;&#10;        //Check jumps to be crowned first&#13;&#10;        if (inputField.getPieceOnField().canJump&#13;&#10;                &amp;&amp; !inputField.getPieceOnField().isCrowned&#13;&#10;                &amp;&amp; inputField.getPieceOnField().color == opponentPeasentColor&#13;&#10;                &amp;&amp; inputField.getPieceOnField().getY() == 2) {&#13;&#10;            return true;&#13;&#10;        } else if (inputField.getPieceOnField().canJump&#13;&#10;                &amp;&amp; !fieldToCompare.getPieceOnField().canJump) {&#13;&#10;            return true;&#13;&#10;        } else if (fieldToCompare.getPieceOnField().canJump&#13;&#10;                &amp;&amp; !inputField.getPieceOnField().canJump) {&#13;&#10;            return false;&#13;&#10;        } else {&#13;&#10;            if (inputField.y == 1 &amp;&amp; fieldToCompare.y != 1&#13;&#10;                    &amp;&amp; !inputField.getPieceOnField().isCrowned) {&#13;&#10;                return true;&#13;&#10;            } else if (fieldToCompare.y == 1 &amp;&amp; inputField.y != 1&#13;&#10;                    &amp;&amp; !fieldToCompare.getPieceOnField().isCrowned) {&#13;&#10;                return false;&#13;&#10;            } else {&#13;&#10;                if (distance(inputField, compX, compY)&#13;&#10;                    &gt; distance(fieldToCompare, compX, compY)) {&#13;&#10;                    return false;&#13;&#10;                } else if (distance(inputField, compX, compY)&#13;&#10;                           &lt; distance(fieldToCompare, compX, compY)) {&#13;&#10;                    return true;&#13;&#10;                } else {&#13;&#10;                    return (inputField.y &lt; fieldToCompare.y);&#13;&#10;                }&#13;&#10;            }&#13;&#10;        }&#13;&#10;    }&#13;&#10;&#13;&#10;    private int distance(Field inputField, int x, int y) {&#13;&#10;        return Math.abs(inputField.x - x) + Math.abs(inputField.y - y);&#13;&#10;    }&#13;&#10;&#13;&#10;    public final boolean verifyCorrectMove(Field field) throws&#13;&#10;    InterruptedException, IOException {&#13;&#10;        if (checkAllegiance(field, true)) {&#13;&#10;            if (field.getPieceOnField().isMoveable) {&#13;&#10;                return !(isFieldEmptyOnBoard(field.x, field.y));&#13;&#10;            }&#13;&#10;        }&#13;&#10;        return true;&#13;&#10;    }&#13;&#10;&#13;&#10;    public final boolean peasentIsOnEndRow(Field field) {&#13;&#10;        if (!field.isEmpty()) {&#13;&#10;            int checkRow;&#13;&#10;            if (checkAllegiance(field, true)) {&#13;&#10;                checkRow = 0;&#13;&#10;            } else {&#13;&#10;                checkRow = 7;&#13;&#10;            }&#13;&#10;&#13;&#10;            if (field.y == checkRow &amp;&amp; !field.getPieceOnField().isCrowned) {&#13;&#10;                return true;&#13;&#10;            }&#13;&#10;        }&#13;&#10;        return false;&#13;&#10;    }&#13;&#10;&#13;&#10;    //Moves a piece in the board representation&#13;&#10;    public final void movePieceInRepresentation(Field fromField, int toFieldX,&#13;&#10;            int toFieldY, boolean isSimulated) throws NoKingLeft, IOException {&#13;&#10;        movePieceInRepresentation(fromField,&#13;&#10;                myBoard[toFieldX][toFieldY], isSimulated);&#13;&#10;    }&#13;&#10;    //latex start movePieceInRepresentation&#13;&#10;    public final void movePieceInRepresentation(Field fromField,&#13;&#10;            Field toField, boolean isSimulated) throws NoKingLeft, IOException {&#13;&#10;        toField.setPieceOnField(fromField.getPieceOnField());&#13;&#10;        fromField.emptyThisField();&#13;&#10;        if (checkBounds(toField.x, toField.y)) {&#13;&#10;            analyzeFunctions.checkForUpgradeKing(&#13;&#10;                    toField, isSimulated);&#13;&#10;        }&#13;&#10;        //latex end&#13;&#10;    }&#13;&#10;&#13;&#10;    //Check if field has been occupied&#13;&#10;    public final boolean checkMoveDirection(Field field,&#13;&#10;            int directX, int directY) throws InterruptedException, IOException {&#13;&#10;        return (!fieldOccupied(field.x + directX, field.y + directY)&#13;&#10;            &amp;&amp; !this.isFieldEmptyOnBoard(field.x + directX, field.y + directY));&#13;&#10;    }&#13;&#10;&#13;&#10;    public final boolean isFieldEmptyOnBoard(int x, int y)&#13;&#10;            throws InterruptedException, IOException {&#13;&#10;        if (checkBounds(x, y)) {&#13;&#10;            char color = analyzeFunctions.getColor(x, y);&#13;&#10;&#13;&#10;            return color == ' ';&#13;&#10;        } else {&#13;&#10;            return false;&#13;&#10;        }&#13;&#10;    }&#13;&#10;&#13;&#10;    public final boolean fieldOccupied(int x, int y) {&#13;&#10;        if (checkBounds(x, y)) {&#13;&#10;            return !myBoard[x][y].isEmpty();&#13;&#10;        } else {&#13;&#10;            return true;&#13;&#10;        }&#13;&#10;    }&#13;&#10;&#13;&#10;    //Check if a piece can move and is jumpable&#13;&#10;    //latex start checkPiece&#13;&#10;    private void checkPiece(Field field, int dify, boolean checkForOpponent) {&#13;&#10;        field.getPieceOnField().canJump = checkJump(field,&#13;&#10;                checkForOpponent, field.getPieceOnField().isCrowned);&#13;&#10;&#13;&#10;        if (field.getPieceOnField().canJump) {&#13;&#10;            field.getPieceOnField().isMoveable = true;&#13;&#10;        } else {&#13;&#10;            field.getPieceOnField().isMoveable =&#13;&#10;                    checkMoveableBoolean(field, dify);&#13;&#10;        }&#13;&#10;    }&#13;&#10;    //latex end&#13;&#10;&#13;&#10;    private boolean checkMoveableBoolean(Field field, int dif) {&#13;&#10;        return !checkMoveable(field, dif).isEmpty();&#13;&#10;    }&#13;&#10;&#13;&#10;    //Checks if a given field is movable&#13;&#10;    public final List&lt;Field&gt; checkMoveable(Field field, int dif) {&#13;&#10;        List&lt;Field&gt; possibleMoves = new ArrayList&lt;Field&gt;();&#13;&#10;&#13;&#10;        //Check forward&#13;&#10;        if (!this.fieldOccupied(field.x - 1, field.y + dif)) {&#13;&#10;            possibleMoves.add(myBoard[field.x - 1][field.y + dif]);&#13;&#10;        }&#13;&#10;        if (!this.fieldOccupied(field.x + 1, field.y + dif)) {&#13;&#10;            possibleMoves.add(myBoard[field.x + 1][field.y + dif]);&#13;&#10;        }&#13;&#10;        //if king, check backwards also&#13;&#10;        if (field.getPieceOnField().isCrowned) {&#13;&#10;            if (!this.fieldOccupied(field.x - 1, field.y - dif)) {&#13;&#10;                possibleMoves.add(myBoard[field.x - 1][field.y - dif]);&#13;&#10;            }&#13;&#10;            if (!this.fieldOccupied(field.x + 1, field.y - dif)) {&#13;&#10;                possibleMoves.add(myBoard[field.x + 1][field.y - dif]);&#13;&#10;            }&#13;&#10;        }&#13;&#10;        return possibleMoves;&#13;&#10;    }&#13;&#10;&#13;&#10;    //Check if a given field can jump&#13;&#10;    //latex start checkJump&#13;&#10;    private boolean checkJump(Field field,&#13;&#10;            boolean checkForOpponent, boolean isCrowned) {&#13;&#10;        return (checkJumpDirectionBoolean(field, -1, -1,&#13;&#10;                        checkForOpponent, isCrowned)&#13;&#10;                || checkJumpDirectionBoolean(field, 1, -1,&#13;&#10;                        checkForOpponent, isCrowned)&#13;&#10;                || checkJumpDirectionBoolean(field, 1, 1,&#13;&#10;                        checkForOpponent, isCrowned)&#13;&#10;                || checkJumpDirectionBoolean(field, -1, 1,&#13;&#10;                        checkForOpponent, isCrowned));&#13;&#10;    }&#13;&#10;    //latex end&#13;&#10;&#13;&#10;    //Checks jumps&#13;&#10;    //latex start jumpDirection&#13;&#10;    public final Field checkJumpDirection(Field field, int difx, int dify,&#13;&#10;            boolean checkForOpponent, boolean isCrowned) {&#13;&#10;        if (((checkForOpponent &amp;&amp; dify == -1)&#13;&#10;                || (!checkForOpponent &amp;&amp; dify == 1)) &amp;&amp; !isCrowned) {&#13;&#10;            return null;&#13;&#10;        }&#13;&#10;&#13;&#10;        if (checkBounds(field.x + 2 * difx, field.y + 2 * dify)) {&#13;&#10;            if (!myBoard[field.x + 2 * difx][field.y + 2 * dify].visited) {&#13;&#10;                if (checkAllegiance(&#13;&#10;                      myBoard[field.x + difx][field.y + dify], checkForOpponent)&#13;&#10;                      &amp;&amp; !this.fieldOccupied(&#13;&#10;                      field.x + 2 * difx, field.y + 2 * dify)) {&#13;&#10;                    return myBoard[field.x + 2 * difx][field.y + 2 * dify];&#13;&#10;                }&#13;&#10;            }&#13;&#10;        }&#13;&#10;        return null;&#13;&#10;    }&#13;&#10;    //latex end&#13;&#10;&#13;&#10;    private boolean checkJumpDirectionBoolean(Field field,&#13;&#10;            int difx, int dify, boolean checkForOpponent, boolean isCrowned) {&#13;&#10;        return !(checkJumpDirection(field, difx, dify,&#13;&#10;                checkForOpponent, isCrowned) == null);&#13;&#10;    }&#13;&#10;&#13;&#10;    //Updates the movable property on each piece&#13;&#10;    public final void updateMoveables() {&#13;&#10;        resetVisited();&#13;&#10;        for (Field[] f : myBoard) {&#13;&#10;            for (Field field : f) {&#13;&#10;                if (field.allowedField) {&#13;&#10;                    if (field.getPieceOnField() != null) {&#13;&#10;                        //Check movable for robot&#13;&#10;                        if (checkAllegiance(field, false)) {&#13;&#10;                            checkPiece(field, 1, true);&#13;&#10;&#13;&#10;                        //Check movable for human&#13;&#10;                        } else {&#13;&#10;                            checkPiece(field, -1, false);&#13;&#10;                        }&#13;&#10;                    }&#13;&#10;                }&#13;&#10;            }&#13;&#10;        }&#13;&#10;        resetVisited();&#13;&#10;    }&#13;&#10;&#13;&#10;    //Sets the colors of the human players pieces&#13;&#10;    private void findOpponentColors() {&#13;&#10;        if (myPeasentColor == 'r') {&#13;&#10;            opponentPeasentColor = 'w';&#13;&#10;            opponentKingColor = 'g';&#13;&#10;        } else {&#13;&#10;            opponentPeasentColor = 'r';&#13;&#10;            opponentKingColor = 'b';&#13;&#10;        }&#13;&#10;    }&#13;&#10;&#13;&#10;&#13;&#10;    //if a piece is missing, scan whole board&#13;&#10;    public final void findMissingPiece()&#13;&#10;            throws InterruptedException, IOException {&#13;&#10;        int i, j;&#13;&#10;        boolean changer = true;&#13;&#10;&#13;&#10;        for (i = 0; i &lt; 8; i++) {&#13;&#10;            //Change direction of the robot, to minimize robot movement&#13;&#10;            if (changer) {&#13;&#10;                for (j = 0; j &lt; 8; j++) {&#13;&#10;                    if ((i + j) % 2 == 1) {&#13;&#10;                        myBoard[i][j].setPieceOnField(getPiece(i, j));&#13;&#10;                    }&#13;&#10;                }&#13;&#10;                changer = false;&#13;&#10;            } else {&#13;&#10;                for (j = 7; j &gt;= 0; j--) {&#13;&#10;                    if ((i + j) % 2 == 1) {&#13;&#10;                        myBoard[i][j].setPieceOnField(getPiece(i, j));&#13;&#10;                    }&#13;&#10;                }&#13;&#10;                changer = true;&#13;&#10;            }&#13;&#10;        }&#13;&#10;&#13;&#10;        this.updateMoveables();&#13;&#10;    }&#13;&#10;&#13;&#10;    //Get piece on given position&#13;&#10;    private Piece getPiece(int x, int y) throws IOException {&#13;&#10;        char color = analyzeFunctions.getColor(x, y);&#13;&#10;        if (color == ' ') {&#13;&#10;            return null;&#13;&#10;        } else {&#13;&#10;            Piece temp = new Piece(this);&#13;&#10;            temp.color = color;&#13;&#10;            temp.isCrowned = (color == 'g' || color == 'b');&#13;&#10;            return temp;&#13;&#10;        }&#13;&#10;    }&#13;&#10;&#13;&#10;    //Check if a given piece is the robots or the opponents&#13;&#10;   /*public final boolean checkAllegiance(Field input, boolean checkForOpponent)&#13;&#10;    {&#13;&#10;        if (checkBounds(input.x, input.y)) {&#13;&#10;                if ((input.isPieceOfColor(myPeasentColor)&#13;&#10;                    || input.isPieceOfColor(myKingColor))&amp;&amp; !checkForOpponent) {&#13;&#10;                     return true;&#13;&#10;                 }&#13;&#10;                 if ((input.isPieceOfColor(opponentPeasentColor)&#13;&#10;                         || input.isPieceOfColor(opponentKingColor))&#13;&#10;                         &amp;&amp; checkForOpponent) {&#13;&#10;                     return true;&#13;&#10;                 }&#13;&#10;                 return false;&#13;&#10;                 }&#13;&#10;        return false;&#13;&#10;    }*/&#13;&#10;    public final boolean checkAllegiance(Field input, boolean checkForOpponent)&#13;&#10;    {&#13;&#10;        if (checkBounds(input.x, input.y)) {&#13;&#10;            if (!input.isEmpty()) {&#13;&#10;                return checkAllegiance(input.getPieceOnField(),&#13;&#10;                        checkForOpponent);&#13;&#10;            }&#13;&#10;        }&#13;&#10;        return false;&#13;&#10;    }&#13;&#10;&#13;&#10;    public final boolean checkAllegiance(Piece input, boolean checkForOpponent)&#13;&#10;    {&#13;&#10;        if ((input.color == myPeasentColor&#13;&#10;                || input.color == myKingColor) &amp;&amp; !checkForOpponent) {&#13;&#10;             return true;&#13;&#10;         }&#13;&#10;         if ((input.color == opponentPeasentColor&#13;&#10;                 || input.color == opponentKingColor)&#13;&#10;                 &amp;&amp; checkForOpponent) {&#13;&#10;             return true;&#13;&#10;         }&#13;&#10;         return false;&#13;&#10;    }&#13;&#10;&#13;&#10;    //Return true if the given position is inbounds&#13;&#10;    public final boolean checkBounds(int x, int y) {&#13;&#10;        return x &gt;= 0 &amp;&amp; x &lt;= 7 &amp;&amp; y &gt;= 0 &amp;&amp; y &lt;= 7;&#13;&#10;    }&#13;&#10;}&#13;&#10;" Filename="Board.java" Intrnl_Id="6"/>
<SrcFile Content="package com.OriginalFiles;&#13;&#10;&#13;&#10;import java.io.IOException;&#13;&#10;import java.util.ArrayList;&#13;&#10;import java.util.List;&#13;&#10;&#13;&#10;import com.CustomClasses.Color;&#13;&#10;&#13;&#10;import custom.Exceptions.IllegalMove;&#13;&#10;import custom.Exceptions.NoKingLeft;&#13;&#10;&#13;&#10;public class Analyze {&#13;&#10;    private Board checkersBoard;&#13;&#10;&#13;&#10;    private Field fieldToCheck;&#13;&#10;    private int analyzeBoardRepeatNumber = 0;&#13;&#10;    private int totalAnalyzeRuns = 0;&#13;&#10;    private final int analyzeRunsBeforeReset = 10;&#13;&#10;    private RemoteNXTFunctions remoteFunctions;&#13;&#10;    private boolean pieceFound;&#13;&#10;    private boolean mustJump;&#13;&#10;&#13;&#10;    public Analyze(Board input, RemoteNXTFunctions remoteInput) {&#13;&#10;        checkersBoard = input;&#13;&#10;        remoteFunctions = remoteInput;&#13;&#10;    }&#13;&#10;&#13;&#10;    //Analyzes the current board setup&#13;&#10;    //latex start analyzeBoard&#13;&#10;    public final boolean analyzeBoard() throws InterruptedException,&#13;&#10;    IOException, NoKingLeft, IllegalMove {&#13;&#10;        if (!checkForGameHasEnded(true)) {&#13;&#10;            checkMotorCalibration();&#13;&#10;&#13;&#10;            List&lt;Field&gt; moveableList = new ArrayList&lt;Field&gt;();&#13;&#10;            moveableList = makeListOfMoveables(moveableList);&#13;&#10;            pieceFound = checkMovement(moveableList);&#13;&#10;            countDownToPanic();&#13;&#10;&#13;&#10;            //Find the pieces that are currently movable&#13;&#10;            checkersBoard.updateMoveables();&#13;&#10;            checkRobotPieceReplaced();&#13;&#10;            if (!checkForGameHasEnded(false)) {&#13;&#10;                return true;&#13;&#10;            }&#13;&#10;        }&#13;&#10;        return false;&#13;&#10;    }&#13;&#10;    //latex end&#13;&#10;&#13;&#10;    private void checkMotorCalibration() {&#13;&#10;        totalAnalyzeRuns += 1;&#13;&#10;&#13;&#10;        if (totalAnalyzeRuns &gt; analyzeRunsBeforeReset) {&#13;&#10;            totalAnalyzeRuns = 0;&#13;&#10;            remoteFunctions.resetMotors();&#13;&#10;        }&#13;&#10;    }&#13;&#10;&#13;&#10;    private List&lt;Field&gt; makeListOfMoveables(List&lt;Field&gt; moveableList) {&#13;&#10;        //Find the pieces that are currently movable&#13;&#10;        checkersBoard.updateMoveables();&#13;&#10;        for (Field[] f : checkersBoard.myBoard) {&#13;&#10;            for (Field field : f) {&#13;&#10;                if (!field.isEmpty()) {&#13;&#10;                    if (field.getPieceOnField().isMoveable&#13;&#10;                            &amp;&amp; checkersBoard.checkAllegiance(field, true)) {&#13;&#10;                        moveableList.add(field);&#13;&#10;                    }&#13;&#10;                }&#13;&#10;            }&#13;&#10;        }&#13;&#10;        checkersBoard.sortListOfFields(moveableList);&#13;&#10;        pieceFound = false;&#13;&#10;        mustJump = false;&#13;&#10;        if (moveableList.size() != 0) {&#13;&#10;            mustJump = moveableList.get(0).getPieceOnField().canJump;&#13;&#10;        }&#13;&#10;        return moveableList;&#13;&#10;    }&#13;&#10;    //latex start checkMovement&#13;&#10;    private boolean checkMovement(List&lt;Field&gt; moveableList)&#13;&#10;            throws IllegalMove, InterruptedException, IOException, NoKingLeft {&#13;&#10;        for (Field field : moveableList) {&#13;&#10;            if (checkersBoard.isFieldEmptyOnBoard(field.x, field.y)) {&#13;&#10;                if (mustJump &amp;&amp; !field.getPieceOnField().canJump) {&#13;&#10;                    throw new custom.Exceptions.IllegalMove();&#13;&#10;                }&#13;&#10;                if (this.trackMovement(field)) {&#13;&#10;                    return true;&#13;&#10;                }&#13;&#10;            }&#13;&#10;        }&#13;&#10;        return false;&#13;&#10;    }&#13;&#10;    //latex end&#13;&#10;    //latex start countDownToPanic&#13;&#10;    private void countDownToPanic()&#13;&#10;            throws InterruptedException, IOException, NoKingLeft, IllegalMove {&#13;&#10;        if (!pieceFound) {&#13;&#10;            if (analyzeBoardRepeatNumber &lt; 3) {&#13;&#10;                analyzeBoardRepeatNumber++;&#13;&#10;                analyzeBoard();&#13;&#10;                analyzeBoardRepeatNumber = 0;&#13;&#10;            } else if (analyzeBoardRepeatNumber &lt; 6) {&#13;&#10;                remoteFunctions.resetMotors();&#13;&#10;                analyzeBoardRepeatNumber++;&#13;&#10;                analyzeBoard();&#13;&#10;                analyzeBoardRepeatNumber = 0;&#13;&#10;            } else {&#13;&#10;                checkersBoard.findMissingPiece();&#13;&#10;            }&#13;&#10;        }&#13;&#10;    }&#13;&#10;    //latex end&#13;&#10;&#13;&#10;    //Try to find the piece that have been moved&#13;&#10;    private boolean trackMovement(Field field) throws IllegalMove,&#13;&#10;    InterruptedException, IOException, NoKingLeft {&#13;&#10;        boolean foundPiece = false;&#13;&#10;        if (field.getPieceOnField().canJump) {&#13;&#10;            if (findJumpPiece(field)) {&#13;&#10;                foundPiece = true;&#13;&#10;            }&#13;&#10;            if (!foundPiece) {&#13;&#10;                throw new custom.Exceptions.IllegalMove();&#13;&#10;            }&#13;&#10;        } else if (checkMove(field, -1)) {&#13;&#10;            foundPiece = true;&#13;&#10;        }&#13;&#10;&#13;&#10;        return foundPiece;&#13;&#10;    }&#13;&#10;&#13;&#10;    //Determine simple move&#13;&#10;    private boolean checkMove(Field field, int directY) throws&#13;&#10;    InterruptedException, IOException, NoKingLeft {&#13;&#10;            //Check the first direction&#13;&#10;            if (checkersBoard.checkMoveDirection(field, 1, directY)) {&#13;&#10;                if (validateMove(checkersBoard.&#13;&#10;                        myBoard[field.x + 1][field.y + directY], field)) {&#13;&#10;                    checkersBoard.movePieceInRepresentation(field,&#13;&#10;                            field.x + 1, field.y + directY, false);&#13;&#10;                    return true;&#13;&#10;                } else {&#13;&#10;                    return false;&#13;&#10;                }&#13;&#10;                //Second direction&#13;&#10;            } else if (checkersBoard.checkMoveDirection(field, -1, directY)) {&#13;&#10;                if (validateMove(checkersBoard.&#13;&#10;                        myBoard[field.x - 1][field.y + directY], field)) {&#13;&#10;                    checkersBoard.movePieceInRepresentation(field,&#13;&#10;                            field.x - 1, field.y + directY, false);&#13;&#10;                    return true;&#13;&#10;                } else {&#13;&#10;                    return false;&#13;&#10;                }&#13;&#10;                //If king, also check backwards&#13;&#10;            } else if (field.getPieceOnField().isCrowned) {&#13;&#10;                if (checkersBoard.checkMoveDirection(field, 1, -directY)) {&#13;&#10;                    if (validateMove(checkersBoard.&#13;&#10;                            myBoard[field.x + 1][field.y - directY], field)) {&#13;&#10;                        checkersBoard.movePieceInRepresentation(field,&#13;&#10;                                field.x + 1, field.y - directY, false);&#13;&#10;                        return true;&#13;&#10;                    } else {&#13;&#10;                        return false;&#13;&#10;                    }&#13;&#10;                } else if (checkersBoard.checkMoveDirection(&#13;&#10;                        field, -1, -directY)) {&#13;&#10;                    if (validateMove(checkersBoard.&#13;&#10;                            myBoard[field.x - 1][field.y - directY], field)) {&#13;&#10;                        checkersBoard.movePieceInRepresentation(field,&#13;&#10;                                field.x - 1, field.y - directY, false);&#13;&#10;                        return true;&#13;&#10;                    } else {&#13;&#10;                        return false;&#13;&#10;                    }&#13;&#10;                }&#13;&#10;            }&#13;&#10;        return false;&#13;&#10;    }&#13;&#10;&#13;&#10;    //Checks if it could have been another piece that moved&#13;&#10;    private boolean validateMove(Field field, Field fromField) throws&#13;&#10;    InterruptedException, IOException {&#13;&#10;&#13;&#10;        List&lt;Field&gt; checkArray = new ArrayList&lt;Field&gt;();&#13;&#10;        if (checkersBoard.checkBounds(field.x + 1, field.y + 1)) {&#13;&#10;            checkArray.add(checkersBoard.myBoard[field.x + 1][field.y + 1]);&#13;&#10;        }&#13;&#10;        if (checkersBoard.checkBounds(field.x + 1, field.y - 1)) {&#13;&#10;            checkArray.add(checkersBoard.myBoard[field.x + 1][field.y - 1]);&#13;&#10;        }&#13;&#10;        if (checkersBoard.checkBounds(field.x - 1, field.y - 1)) {&#13;&#10;            checkArray.add(checkersBoard.myBoard[field.x - 1][field.y - 1]);&#13;&#10;        }&#13;&#10;        if (checkersBoard.checkBounds(field.x - 1, field.y + 1)) {&#13;&#10;            checkArray.add(checkersBoard.myBoard[field.x - 1][field.y + 1]);&#13;&#10;        }&#13;&#10;        boolean returnValue = true;&#13;&#10;        for (int i = 0; i &lt; checkArray.size(); i++) {&#13;&#10;            if (!(checkArray.get(i).x == fromField.x&#13;&#10;                    &amp;&amp; checkArray.get(i).y == fromField.y)) {&#13;&#10;                returnValue = checkersBoard.verifyCorrectMove(&#13;&#10;                        checkArray.get(i));&#13;&#10;            }&#13;&#10;            if (!returnValue) {&#13;&#10;                return returnValue;&#13;&#10;            }&#13;&#10;        }&#13;&#10;        return returnValue;&#13;&#10;    }&#13;&#10;&#13;&#10;    public final List&lt;List&lt;Field&gt;&gt; jumpSequence(Field input,&#13;&#10;            boolean checkForOpponent, boolean isCrowned) throws&#13;&#10;            InterruptedException, IOException, NoKingLeft {&#13;&#10;        input.visited = true;&#13;&#10;        List&lt;List&lt;Field&gt;&gt; returnList = new ArrayList&lt;List&lt;Field&gt;&gt;();&#13;&#10;        Field tempField = checkersBoard.checkJumpDirection(input,&#13;&#10;                -1, 1, checkForOpponent, isCrowned);&#13;&#10;        if (tempField != null) {&#13;&#10;            returnList.addAll(jumpSequence(tempField, checkForOpponent,&#13;&#10;                    isCrowned));&#13;&#10;        }&#13;&#10;        tempField = checkersBoard.checkJumpDirection(input,&#13;&#10;                -1, -1, checkForOpponent, isCrowned);&#13;&#10;        if (tempField != null) {&#13;&#10;            returnList.addAll(jumpSequence(tempField, checkForOpponent,&#13;&#10;                    isCrowned));&#13;&#10;        }&#13;&#10;        tempField = checkersBoard.checkJumpDirection(input,&#13;&#10;                1, -1, checkForOpponent, isCrowned);&#13;&#10;        if (tempField != null) {&#13;&#10;            returnList.addAll(jumpSequence(tempField, checkForOpponent,&#13;&#10;                    isCrowned));&#13;&#10;        }&#13;&#10;        tempField = checkersBoard.checkJumpDirection(input, 1, 1,&#13;&#10;                checkForOpponent, isCrowned);&#13;&#10;        if (tempField != null) {&#13;&#10;            returnList.addAll(jumpSequence(tempField, checkForOpponent,&#13;&#10;                    isCrowned));&#13;&#10;        }&#13;&#10;&#13;&#10;        if (returnList.size() == 0) {&#13;&#10;            returnList.add(new ArrayList&lt;Field&gt;());&#13;&#10;        }&#13;&#10;&#13;&#10;        for (int i = 0; i &lt; returnList.size(); i++) {&#13;&#10;            returnList.get(i).add(0, input);&#13;&#10;        }&#13;&#10;        return returnList;&#13;&#10;    }&#13;&#10;&#13;&#10;    private boolean findJumpPiece(Field field) throws&#13;&#10;    InterruptedException, IOException, NoKingLeft {&#13;&#10;        List&lt;List&lt;Field&gt;&gt; jumpList = new ArrayList&lt;List&lt;Field&gt;&gt;();&#13;&#10;        jumpList = jumpSequence(field, false,&#13;&#10;                field.getPieceOnField().isCrowned);&#13;&#10;        checkersBoard.resetVisited();&#13;&#10;        for (int i = 0; i &lt; jumpList.size(); i++) {&#13;&#10;            List&lt;Field&gt; tempList = jumpList.get(i);&#13;&#10;            Field desField = tempList.get(tempList.size() - 1);&#13;&#10;            if (!checkersBoard.isFieldEmptyOnBoard(desField.x, desField.y)) {&#13;&#10;                checkersBoard.movePieceInRepresentation(field, desField, false);&#13;&#10;                int stopj = tempList.size() - 1;&#13;&#10;                for (int j = 0; j &lt; stopj; j++) {&#13;&#10;                    Field tempfield = tempList.get(j);&#13;&#10;                    Field tempfield2 = tempList.get(j + 1);&#13;&#10;                    Field takenField = checkersBoard.myBoard&#13;&#10;                            [(tempfield.x + tempfield2.x) / 2]&#13;&#10;                                    [(tempfield.y + tempfield2.y) / 2];&#13;&#10;                    if (takenField.getPieceOnField().isCrowned) {&#13;&#10;                        int k = 7;&#13;&#10;                        while (!(k &lt; 0)) {&#13;&#10;                            if (checkersBoard.oppKingPlace[k].isEmpty()) {&#13;&#10;                                //Insert king at location&#13;&#10;                                checkersBoard.movePieceInRepresentation(&#13;&#10;                                        takenField,&#13;&#10;                                        checkersBoard.oppKingPlace[k], true);&#13;&#10;                            }&#13;&#10;                            k--;&#13;&#10;                        }&#13;&#10;                    } else {&#13;&#10;                        int l = 0;&#13;&#10;                        int h = 0;&#13;&#10;                        OUTER: while (h &lt;= checkersBoard.&#13;&#10;                                oppTrashPlace[0].length - 1) {&#13;&#10;                            while (l &lt;= checkersBoard.&#13;&#10;                                    oppTrashPlace.length - 1) {&#13;&#10;                                if (checkersBoard.&#13;&#10;                                        oppTrashPlace[l][h].isEmpty()) {&#13;&#10;                                    break OUTER;&#13;&#10;                                }&#13;&#10;                                l++;&#13;&#10;                            }&#13;&#10;                            h++;&#13;&#10;                            l = 0;&#13;&#10;                        }&#13;&#10;                        checkersBoard.movePieceInRepresentation(takenField,&#13;&#10;                                checkersBoard.oppTrashPlace[l][h], false);&#13;&#10;                    }&#13;&#10;                }&#13;&#10;                return true;&#13;&#10;            }&#13;&#10;        }&#13;&#10;        return false;&#13;&#10;    }&#13;&#10;&#13;&#10;    public final void checkForUpgradeKing(Field field, boolean isSimulated)&#13;&#10;            throws NoKingLeft, IOException {&#13;&#10;        if (checkersBoard.peasentIsOnEndRow(field)) {&#13;&#10;            if (checkersBoard.checkAllegiance(field, false)) {&#13;&#10;                if (isSimulated) {&#13;&#10;                    field.getPieceOnField().color = checkersBoard.myKingColor;&#13;&#10;                    field.getPieceOnField().isCrowned = true;&#13;&#10;                } else {&#13;&#10;                    replaceRobotKing(field);&#13;&#10;                    fieldToCheck = field;&#13;&#10;                }&#13;&#10;            } else {&#13;&#10;                if (isSimulated) {&#13;&#10;                    field.getPieceOnField().color =&#13;&#10;                            checkersBoard.opponentKingColor;&#13;&#10;                    field.getPieceOnField().isCrowned = true;&#13;&#10;                } else {&#13;&#10;                    boolean foundOne = false;&#13;&#10;                    int i = 0;&#13;&#10;                    while (!foundOne) {&#13;&#10;                        if (i &gt; 7) {&#13;&#10;                            throw new custom.Exceptions.NoKingLeft();&#13;&#10;                        }&#13;&#10;                        if (!checkersBoard.kingPlace[i].isEmpty()) {&#13;&#10;                            //Move old piece to trash&#13;&#10;                            remoteFunctions.trashPieceOnField(field);&#13;&#10;                            //Insert king at location&#13;&#10;                            remoteFunctions.doMove(new Move(&#13;&#10;                                    checkersBoard.kingPlace[i], field, true));&#13;&#10;                            foundOne = true;&#13;&#10;                        }&#13;&#10;                        i++;&#13;&#10;                    }&#13;&#10;                }&#13;&#10;            }&#13;&#10;        }&#13;&#10;    }&#13;&#10;&#13;&#10;    private void replaceRobotKing(Field toKingField)&#13;&#10;            throws NoKingLeft, IOException {&#13;&#10;        int i = 0;&#13;&#10;        int l = 0;&#13;&#10;        int h = 0;&#13;&#10;&#13;&#10;        OUTER: while (h &lt;= checkersBoard.&#13;&#10;                oppTrashPlace[0].length - 1) {&#13;&#10;&#13;&#10;            while (l &lt;= checkersBoard.&#13;&#10;                    oppTrashPlace.length - 1) {&#13;&#10;&#13;&#10;                if (checkersBoard.&#13;&#10;                        oppTrashPlace[l][h].isEmpty()) {&#13;&#10;                    break OUTER;&#13;&#10;                }&#13;&#10;                l++;&#13;&#10;            }&#13;&#10;            h++;&#13;&#10;            l = 0;&#13;&#10;        }&#13;&#10;        checkersBoard.movePieceInRepresentation(toKingField,&#13;&#10;                checkersBoard.oppTrashPlace[l][h], false);&#13;&#10;        OUTER: while (!(i &gt; 7)) {&#13;&#10;            if (!checkersBoard.oppKingPlace[i].isEmpty()) {&#13;&#10;                //Insert king at location&#13;&#10;                checkersBoard.movePieceInRepresentation(&#13;&#10;                        checkersBoard.oppKingPlace[i],&#13;&#10;                        toKingField, true);&#13;&#10;                break OUTER;&#13;&#10;            } else {&#13;&#10;                i++;&#13;&#10;            }&#13;&#10;        }&#13;&#10;&#13;&#10;        if (i &gt; 7) {&#13;&#10;           throw new custom.Exceptions.NoKingLeft();&#13;&#10;        }&#13;&#10;    }&#13;&#10;&#13;&#10;    //Function to check if user have replaced the&#13;&#10;    //robots peasant piece with a king piece&#13;&#10;    public final void checkRobotPieceReplaced() throws IOException, NoKingLeft {&#13;&#10;        if (fieldToCheck != null) {&#13;&#10;            boolean checkCondition = true;&#13;&#10;            while (checkCondition) {&#13;&#10;                if (getColor(fieldToCheck.x, fieldToCheck.y)&#13;&#10;                        == checkersBoard.myKingColor) {&#13;&#10;                    checkCondition = false;&#13;&#10;&#13;&#10;                    fieldToCheck = null;&#13;&#10;                } else {&#13;&#10;                    checkersBoard.informer.myKingNotPlaced();&#13;&#10;                    remoteFunctions.waitForRedButton();&#13;&#10;                }&#13;&#10;            }&#13;&#10;        }&#13;&#10;    }&#13;&#10;&#13;&#10;    //Sets the colors of the pieces of the robot&#13;&#10;    public final void findMyColors() throws InterruptedException, IOException {&#13;&#10;        checkersBoard.myPeasentColor = getColor(0, 1);&#13;&#10;        if (checkersBoard.myPeasentColor == 'r') {&#13;&#10;            checkersBoard.myKingColor = 'b';&#13;&#10;        } else if (checkersBoard.myPeasentColor == 'w') {&#13;&#10;            checkersBoard.myKingColor = 'g';&#13;&#10;        } else {&#13;&#10;            remoteFunctions.resetMotors();&#13;&#10;            remoteFunctions.initColorSensor();&#13;&#10;            findMyColors();&#13;&#10;        }&#13;&#10;    }&#13;&#10;&#13;&#10;    //Returns the color on the given position&#13;&#10;    public final char getColor(int x, int y) throws IOException {&#13;&#10;        Color colorResult = remoteFunctions.getColorOnField(x, y);&#13;&#10;&#13;&#10;        int red = colorResult.getRed();&#13;&#10;        int green = colorResult.getGreen();&#13;&#10;        int blue = colorResult.getBlue();&#13;&#10;        if (red &gt; 230 &amp;&amp; red &lt; 290 &amp;&amp; green &lt; 130 &amp;&amp; green &gt; 60&#13;&#10;                &amp;&amp; blue &lt; 140 &amp;&amp; blue &gt; 60) {&#13;&#10;            return 'r';&#13;&#10;        } else if (red &gt; 230 &amp;&amp; red &lt; 285 &amp;&amp; green &gt; 235 &amp;&amp; green &lt; 285&#13;&#10;                &amp;&amp; blue &gt; 230 &amp;&amp; blue &lt; 280) {&#13;&#10;            return 'w';&#13;&#10;        } else if (red &lt; 230 &amp;&amp; red &gt; 170 &amp;&amp; green &gt; 210 &amp;&amp; green &lt; 290&#13;&#10;                &amp;&amp; blue &lt; 230 &amp;&amp; blue &gt; 170) {&#13;&#10;            return 'g';&#13;&#10;        } else if (red &lt; 170 &amp;&amp; red &gt; 110 &amp;&amp; green &lt; 240 &amp;&amp; green &gt; 180&#13;&#10;                &amp;&amp; blue &gt; 210 &amp;&amp; blue &lt; 270) {&#13;&#10;            return 'b';&#13;&#10;        } else {&#13;&#10;            return ' ';&#13;&#10;        }&#13;&#10;    }&#13;&#10;&#13;&#10;    public final boolean checkForGameHasEnded(boolean isHumansTurn)&#13;&#10;            throws IOException, NoKingLeft {&#13;&#10;        switch (gameHasEnded(isHumansTurn)) {&#13;&#10;        case 1:&#13;&#10;            checkersBoard.informer.humanWon();&#13;&#10;            return true;&#13;&#10;        case 2:&#13;&#10;            checkersBoard.informer.robotWon();&#13;&#10;            return true;&#13;&#10;        case 3:&#13;&#10;            checkersBoard.informer.draw();&#13;&#10;            return true;&#13;&#10;        default:&#13;&#10;            return false;&#13;&#10;        }&#13;&#10;    }&#13;&#10;&#13;&#10;    /*returns 0 if game has not ended, 1 if the human won,&#13;&#10;     * 2 if the robot won and 3 if it was a draw*/&#13;&#10;    public final int gameHasEnded(boolean humanTurn) {&#13;&#10;        checkersBoard.updateMoveables();&#13;&#10;&#13;&#10;        List&lt;Piece&gt; humanPieceList = new ArrayList&lt;Piece&gt;();&#13;&#10;        List&lt;Piece&gt; robotPieceList = new ArrayList&lt;Piece&gt;();&#13;&#10;        boolean robotHasMovable = false;&#13;&#10;        boolean humanHasMovable = false;&#13;&#10;&#13;&#10;        for (Field[] f : checkersBoard.myBoard) {&#13;&#10;            for (Field field : f) {&#13;&#10;                if (!field.isEmpty()) {&#13;&#10;                    if (checkersBoard.checkAllegiance(field, true)) {&#13;&#10;                        humanPieceList.add(field.getPieceOnField());&#13;&#10;                        if (field.getPieceOnField().isMoveable) {&#13;&#10;                            humanHasMovable = true;&#13;&#10;                        }&#13;&#10;                    }&#13;&#10;                    if (checkersBoard.checkAllegiance(field, false)) {&#13;&#10;                        robotPieceList.add(field.getPieceOnField());&#13;&#10;                        if (field.getPieceOnField().isMoveable) {&#13;&#10;                            robotHasMovable = true;&#13;&#10;                        }&#13;&#10;                    }&#13;&#10;                }&#13;&#10;            }&#13;&#10;        }&#13;&#10;&#13;&#10;        if (robotPieceList.size() == 0 || (!humanTurn &amp;&amp; !robotHasMovable)) {&#13;&#10;            return 1;&#13;&#10;        }&#13;&#10;        if (humanPieceList.size() == 0 || (humanTurn &amp;&amp; !humanHasMovable)) {&#13;&#10;            return 2;&#13;&#10;        }&#13;&#10;        if (robotPieceList.size() == 1 &amp;&amp; humanPieceList.size() == 1) {&#13;&#10;            if (robotPieceList.get(0).isCrowned&#13;&#10;                    &amp;&amp; humanPieceList.get(0).isCrowned) {&#13;&#10;                boolean humanisInConer =&#13;&#10;                        isOnDoubleCorners(humanPieceList.get(0));&#13;&#10;                boolean robotisInConer =&#13;&#10;                        isOnDoubleCorners(robotPieceList.get(0));&#13;&#10;                if (humanisInConer || robotisInConer) {&#13;&#10;                    if (humanTurn &amp;&amp; !humanPieceList.get(0).canJump) {&#13;&#10;                        return 3;&#13;&#10;                    } else if (!humanTurn &amp;&amp; !robotPieceList.get(0).canJump) {&#13;&#10;                        return 3;&#13;&#10;                    }&#13;&#10;                }&#13;&#10;            }&#13;&#10;        }&#13;&#10;        return 0;&#13;&#10;    }&#13;&#10;&#13;&#10;    public final boolean hasTheMove(boolean humansTurn,&#13;&#10;            int ownPieces, int oppPieces) {&#13;&#10;        int rowToCheck = 0;&#13;&#10;        if (ownPieces - oppPieces == 0) {&#13;&#10;            if (!humansTurn) {&#13;&#10;                rowToCheck = 1;&#13;&#10;            }&#13;&#10;&#13;&#10;            int pieceCount = 0;&#13;&#10;&#13;&#10;            for (int i = rowToCheck; i &lt; 8; i += 2) {&#13;&#10;                for (int j = 0; j &lt; 8; j++) {&#13;&#10;                    if (!checkersBoard.myBoard[i][j].isEmpty()) {&#13;&#10;                        pieceCount++;&#13;&#10;                    }&#13;&#10;                }&#13;&#10;            }&#13;&#10;&#13;&#10;            if (pieceCount % 2 == 1) {&#13;&#10;                return true;&#13;&#10;            }&#13;&#10;        } else if (!humansTurn &amp;&amp; ownPieces &gt; oppPieces) {&#13;&#10;            return true;&#13;&#10;        } else if (humansTurn &amp;&amp; ownPieces &lt; oppPieces) {&#13;&#10;            return true;&#13;&#10;        }&#13;&#10;        return false;&#13;&#10;    }&#13;&#10;&#13;&#10;    public final boolean isOnDoubleCorners(Piece piece) {&#13;&#10;        if ((piece.getX() == 0 &amp;&amp; piece.getY() == 1)&#13;&#10;                || (piece.getX() == 1 &amp;&amp; piece.getY() == 0)&#13;&#10;                || (piece.getX() == 7 &amp;&amp; piece.getY() == 6)&#13;&#10;                || (piece.getX() == 6 &amp;&amp; piece.getY() == 7)) {&#13;&#10;            return true;&#13;&#10;        }&#13;&#10;        return false;&#13;&#10;    }&#13;&#10;&#13;&#10;    public final void cleanUp() throws IOException, NoKingLeft {&#13;&#10;        for (Field[] fa : checkersBoard.myBoard) {&#13;&#10;            for (Field f : fa) {&#13;&#10;                if (!f.isEmpty()) {&#13;&#10;                    placePiece(f);&#13;&#10;                }&#13;&#10;            }&#13;&#10;        }&#13;&#10;&#13;&#10;        for (Field[] fa : checkersBoard.trashPlace) {&#13;&#10;            for (Field f : fa) {&#13;&#10;                if (!f.isEmpty()) {&#13;&#10;                    placePiece(f);&#13;&#10;                }&#13;&#10;            }&#13;&#10;        }&#13;&#10;&#13;&#10;        for (Field[] fa : checkersBoard.oppTrashPlace) {&#13;&#10;            for (Field f : fa) {&#13;&#10;                if (!f.isEmpty()) {&#13;&#10;                    placePiece(f);&#13;&#10;                }&#13;&#10;            }&#13;&#10;        }&#13;&#10;    }&#13;&#10;&#13;&#10;    private void placePiece(Field fieldToMove) throws IOException, NoKingLeft {&#13;&#10;        if (fieldToMove.getPieceOnField().isCrowned) {&#13;&#10;            moveToKingRow(fieldToMove);&#13;&#10;        } else {&#13;&#10;            if (isInCorrectEnd(fieldToMove.getPieceOnField())) {&#13;&#10;                return;&#13;&#10;            } else {&#13;&#10;                movePeasent(fieldToMove);&#13;&#10;            }&#13;&#10;        }&#13;&#10;    }&#13;&#10;&#13;&#10;    private void movePeasent(Field fieldToMove) throws IOException, NoKingLeft {&#13;&#10;        if (checkersBoard.checkAllegiance(&#13;&#10;                fieldToMove.getPieceOnField(), true)) {&#13;&#10;            OUTERMOST: for (int i = 0; i &lt;= 7; i++) {&#13;&#10;                for (int j = 5; j &lt;= 7; j++) {&#13;&#10;                    if (checkersBoard.myBoard[i][j].isEmpty()&#13;&#10;                            &amp;&amp; checkersBoard.myBoard[i][j].allowedField) {&#13;&#10;                        remoteFunctions.doMove(new Move(fieldToMove,&#13;&#10;                                checkersBoard.myBoard[i][j], false));&#13;&#10;                        break OUTERMOST;&#13;&#10;                    }&#13;&#10;                }&#13;&#10;            }&#13;&#10;        } else if (checkersBoard.checkAllegiance(&#13;&#10;                fieldToMove.getPieceOnField(), false)) {&#13;&#10;            OUTERMOST: for (int i = 0; i &lt;= 7; i++) {&#13;&#10;                for (int j = 0; j &lt;= 2; j++) {&#13;&#10;                    if (checkersBoard.myBoard[i][j].isEmpty()&#13;&#10;                            &amp;&amp; checkersBoard.myBoard[i][j].allowedField) {&#13;&#10;                        remoteFunctions.doMove(new Move(fieldToMove,&#13;&#10;                                checkersBoard.myBoard[i][j], false));&#13;&#10;                        break OUTERMOST;&#13;&#10;                    }&#13;&#10;                }&#13;&#10;            }&#13;&#10;        }&#13;&#10;    }&#13;&#10;&#13;&#10;    private void moveToKingRow(Field fieldToMove)&#13;&#10;            throws IOException, NoKingLeft {&#13;&#10;        if (checkersBoard.checkAllegiance(&#13;&#10;                fieldToMove.getPieceOnField(), false)) {&#13;&#10;            int i = 0;&#13;&#10;            while (!(i &gt; 7)) {&#13;&#10;                if (checkersBoard.oppKingPlace[i].isEmpty()) {&#13;&#10;                    //Insert king at location&#13;&#10;                    remoteFunctions.doMove(new Move(fieldToMove,&#13;&#10;                            checkersBoard.oppKingPlace[i], true));&#13;&#10;                    return;&#13;&#10;                }&#13;&#10;                i++;&#13;&#10;            }&#13;&#10;        } else if (checkersBoard.checkAllegiance(&#13;&#10;                fieldToMove.getPieceOnField(), true)) {&#13;&#10;            int i = 0;&#13;&#10;            while (!(i &gt; 7)) {&#13;&#10;                if (checkersBoard.kingPlace[i].isEmpty()) {&#13;&#10;                    //Insert king at location&#13;&#10;                    remoteFunctions.doMove(new Move(fieldToMove,&#13;&#10;                            checkersBoard.kingPlace[i], true));&#13;&#10;                    return;&#13;&#10;                }&#13;&#10;                i++;&#13;&#10;            }&#13;&#10;        }&#13;&#10;    }&#13;&#10;&#13;&#10;    private boolean isInCorrectEnd(Piece pieceToCheck) {&#13;&#10;        return (checkersBoard.checkAllegiance(pieceToCheck, true)&#13;&#10;                &amp;&amp; (pieceToCheck.getY() &gt;= 5 &amp;&amp; pieceToCheck.getY() &lt;= 7))&#13;&#10;                || (checkersBoard.checkAllegiance(pieceToCheck, false)&#13;&#10;                &amp;&amp; (pieceToCheck.getY() &gt;= 0 &amp;&amp; pieceToCheck.getY() &lt;= 2));&#13;&#10;    }&#13;&#10;}&#13;&#10;" Filename="Analyze.java" Intrnl_Id="7"/>
</SrcFileList>
<CritList>
<CritListEntry Name="org.codecover.model.utils.criteria.LoopCoverage" PluginName="org.codecover"/>
<CritListEntry Name="org.codecover.model.utils.criteria.BranchCoverage" PluginName="org.codecover"/>
<CritListEntry Name="org.codecover.model.utils.criteria.ConditionCoverage" PluginName="org.codecover"/>
<CritListEntry Name="org.codecover.model.utils.criteria.SynchronizedStatementCoverage" PluginName="org.codecover"/>
<CritListEntry Name="org.codecover.model.utils.criteria.QMOCoverage" PluginName="org.codecover"/>
<CritListEntry Name="org.codecover.model.utils.criteria.StatementCoverage" PluginName="org.codecover"/>
</CritList>
<BoolOpList>
<BoolOp Arity="1" Intrnl_Id="8" Name="not (!)">
<BoolAssgnmntBoolMapList>
<MapEntry BoolAssgnmnt="0" Value="true"/>
<MapEntry BoolAssgnmnt="1" Value="false"/>
</BoolAssgnmntBoolMapList>
</BoolOp>
<BoolOp Arity="2" Intrnl_Id="9" Name="conditional and (&amp;&amp;)">
<BoolAssgnmntBoolMapList>
<MapEntry BoolAssgnmnt="10" Value="false"/>
<MapEntry BoolAssgnmnt="02" Value="false"/>
<MapEntry BoolAssgnmnt="11" Value="true"/>
</BoolAssgnmntBoolMapList>
</BoolOp>
<BoolOp Arity="2" Intrnl_Id="10" Name="conditional or (||)">
<BoolAssgnmntBoolMapList>
<MapEntry BoolAssgnmnt="01" Value="true"/>
<MapEntry BoolAssgnmnt="00" Value="false"/>
<MapEntry BoolAssgnmnt="12" Value="true"/>
</BoolAssgnmntBoolMapList>
</BoolOp>
</BoolOpList>
<HierarchyLvlTypeList>
<HierarchyLvlType EnglishName="package" IntrnlName="package" Intrnl_Id="11"/>
<HierarchyLvlType EnglishName="class" IntrnlName="class" Intrnl_Id="12"/>
<HierarchyLvlType EnglishName="method" IntrnlName="method" Intrnl_Id="13"/>
<HierarchyLvlType EnglishName="default package" IntrnlName="default package" Intrnl_Id="14"/>
</HierarchyLvlTypeList>
<MASTRoot>
<HierarchyLvl HierarchyLvlId="326" HierarchyLvlTypeId="14" Intrnl_Id="15" Name="default package">
<Header/>
<LocList/>
<HierarchyLvl HierarchyLvlId="325" HierarchyLvlTypeId="11" Intrnl_Id="16" Name="com">
<Header/>
<LocList/>
<HierarchyLvl HierarchyLvlId="324" HierarchyLvlTypeId="11" Intrnl_Id="17" Name="OriginalFiles">
<Header/>
<LocList/>
<HierarchyLvl HierarchyLvlId="239" HierarchyLvlTypeId="12" Intrnl_Id="18" Name="Piece">
<Header>
<Loc EndOffset="103" SrcFileId="1" StartOffset="85"/>
</Header>
<LocList>
<Loc EndOffset="9572" SrcFileId="1" StartOffset="85"/>
</LocList>
<StmntSeq Intrnl_Id="19">
<LocList>
<Loc EndOffset="167" SrcFileId="1" StartOffset="140"/>
<Loc EndOffset="231" SrcFileId="1" StartOffset="197"/>
<Loc EndOffset="268" SrcFileId="1" StartOffset="237"/>
<Loc EndOffset="307" SrcFileId="1" StartOffset="274"/>
<Loc EndOffset="345" SrcFileId="1" StartOffset="313"/>
<Loc EndOffset="387" SrcFileId="1" StartOffset="351"/>
<Loc EndOffset="425" SrcFileId="1" StartOffset="393"/>
<Loc EndOffset="463" SrcFileId="1" StartOffset="431"/>
<Loc EndOffset="551" SrcFileId="1" StartOffset="503"/>
<Loc EndOffset="591" SrcFileId="1" StartOffset="557"/>
<Loc EndOffset="636" SrcFileId="1" StartOffset="599"/>
<Loc EndOffset="679" SrcFileId="1" StartOffset="642"/>
<Loc EndOffset="719" SrcFileId="1" StartOffset="685"/>
<Loc EndOffset="758" SrcFileId="1" StartOffset="725"/>
<Loc EndOffset="800" SrcFileId="1" StartOffset="764"/>
<Loc EndOffset="840" SrcFileId="1" StartOffset="806"/>
<Loc EndOffset="879" SrcFileId="1" StartOffset="846"/>
<Loc EndOffset="923" SrcFileId="1" StartOffset="885"/>
<Loc EndOffset="969" SrcFileId="1" StartOffset="929"/>
<Loc EndOffset="1009" SrcFileId="1" StartOffset="975"/>
<Loc EndOffset="1088" SrcFileId="1" StartOffset="1032"/>
</LocList>
<BasicStmnt CovItemId="S1" CovItemPrefix="com.OriginalFiles.Piece.java" Intrnl_Id="20">
<LocList>
<Loc EndOffset="167" SrcFileId="1" StartOffset="140"/>
</LocList>
</BasicStmnt>
<BasicStmnt CovItemId="S2" CovItemPrefix="com.OriginalFiles.Piece.java" Intrnl_Id="21">
<LocList>
<Loc EndOffset="231" SrcFileId="1" StartOffset="197"/>
</LocList>
</BasicStmnt>
<BasicStmnt CovItemId="S3" CovItemPrefix="com.OriginalFiles.Piece.java" Intrnl_Id="22">
<LocList>
<Loc EndOffset="268" SrcFileId="1" StartOffset="237"/>
</LocList>
</BasicStmnt>
<BasicStmnt CovItemId="S4" CovItemPrefix="com.OriginalFiles.Piece.java" Intrnl_Id="23">
<LocList>
<Loc EndOffset="307" SrcFileId="1" StartOffset="274"/>
</LocList>
</BasicStmnt>
<BasicStmnt CovItemId="S5" CovItemPrefix="com.OriginalFiles.Piece.java" Intrnl_Id="24">
<LocList>
<Loc EndOffset="345" SrcFileId="1" StartOffset="313"/>
</LocList>
</BasicStmnt>
<BasicStmnt CovItemId="S6" CovItemPrefix="com.OriginalFiles.Piece.java" Intrnl_Id="25">
<LocList>
<Loc EndOffset="387" SrcFileId="1" StartOffset="351"/>
</LocList>
</BasicStmnt>
<BasicStmnt CovItemId="S7" CovItemPrefix="com.OriginalFiles.Piece.java" Intrnl_Id="26">
<LocList>
<Loc EndOffset="425" SrcFileId="1" StartOffset="393"/>
</LocList>
</BasicStmnt>
<BasicStmnt CovItemId="S8" CovItemPrefix="com.OriginalFiles.Piece.java" Intrnl_Id="27">
<LocList>
<Loc EndOffset="463" SrcFileId="1" StartOffset="431"/>
</LocList>
</BasicStmnt>
<BasicStmnt CovItemId="S9" CovItemPrefix="com.OriginalFiles.Piece.java" Intrnl_Id="28">
<LocList>
<Loc EndOffset="551" SrcFileId="1" StartOffset="503"/>
</LocList>
</BasicStmnt>
<BasicStmnt CovItemId="S10" CovItemPrefix="com.OriginalFiles.Piece.java" Intrnl_Id="29">
<LocList>
<Loc EndOffset="591" SrcFileId="1" StartOffset="557"/>
</LocList>
</BasicStmnt>
<BasicStmnt CovItemId="S11" CovItemPrefix="com.OriginalFiles.Piece.java" Intrnl_Id="30">
<LocList>
<Loc EndOffset="636" SrcFileId="1" StartOffset="599"/>
</LocList>
</BasicStmnt>
<BasicStmnt CovItemId="S12" CovItemPrefix="com.OriginalFiles.Piece.java" Intrnl_Id="31">
<LocList>
<Loc EndOffset="679" SrcFileId="1" StartOffset="642"/>
</LocList>
</BasicStmnt>
<BasicStmnt CovItemId="S13" CovItemPrefix="com.OriginalFiles.Piece.java" Intrnl_Id="32">
<LocList>
<Loc EndOffset="719" SrcFileId="1" StartOffset="685"/>
</LocList>
</BasicStmnt>
<BasicStmnt CovItemId="S14" CovItemPrefix="com.OriginalFiles.Piece.java" Intrnl_Id="33">
<LocList>
<Loc EndOffset="758" SrcFileId="1" StartOffset="725"/>
</LocList>
</BasicStmnt>
<BasicStmnt CovItemId="S15" CovItemPrefix="com.OriginalFiles.Piece.java" Intrnl_Id="34">
<LocList>
<Loc EndOffset="800" SrcFileId="1" StartOffset="764"/>
</LocList>
</BasicStmnt>
<BasicStmnt CovItemId="S16" CovItemPrefix="com.OriginalFiles.Piece.java" Intrnl_Id="35">
<LocList>
<Loc EndOffset="840" SrcFileId="1" StartOffset="806"/>
</LocList>
</BasicStmnt>
<BasicStmnt CovItemId="S17" CovItemPrefix="com.OriginalFiles.Piece.java" Intrnl_Id="36">
<LocList>
<Loc EndOffset="879" SrcFileId="1" StartOffset="846"/>
</LocList>
</BasicStmnt>
<BasicStmnt CovItemId="S18" CovItemPrefix="com.OriginalFiles.Piece.java" Intrnl_Id="37">
<LocList>
<Loc EndOffset="923" SrcFileId="1" StartOffset="885"/>
</LocList>
</BasicStmnt>
<BasicStmnt CovItemId="S19" CovItemPrefix="com.OriginalFiles.Piece.java" Intrnl_Id="38">
<LocList>
<Loc EndOffset="969" SrcFileId="1" StartOffset="929"/>
</LocList>
</BasicStmnt>
<BasicStmnt CovItemId="S20" CovItemPrefix="com.OriginalFiles.Piece.java" Intrnl_Id="39">
<LocList>
<Loc EndOffset="1009" SrcFileId="1" StartOffset="975"/>
</LocList>
</BasicStmnt>
<BasicStmnt CovItemId="S21" CovItemPrefix="com.OriginalFiles.Piece.java" Intrnl_Id="40">
<LocList>
<Loc EndOffset="1088" SrcFileId="1" StartOffset="1032"/>
</LocList>
</BasicStmnt>
</StmntSeq>
<HierarchyLvl HierarchyLvlId="225" HierarchyLvlTypeId="13" Intrnl_Id="41" Name="Piece">
<Header>
<Loc EndOffset="1121" SrcFileId="1" StartOffset="1096"/>
</Header>
<LocList>
<Loc EndOffset="1162" SrcFileId="1" StartOffset="1096"/>
</LocList>
<StmntSeq Intrnl_Id="42">
<LocList>
<Loc EndOffset="1155" SrcFileId="1" StartOffset="1133"/>
</LocList>
<BasicStmnt CovItemId="S22" CovItemPrefix="com.OriginalFiles.Piece.java" Intrnl_Id="43">
<LocList>
<Loc EndOffset="1155" SrcFileId="1" StartOffset="1133"/>
</LocList>
</BasicStmnt>
</StmntSeq>
</HierarchyLvl>
<HierarchyLvl HierarchyLvlId="226" HierarchyLvlTypeId="13" Intrnl_Id="44" Name="getY">
<Header>
<Loc EndOffset="1193" SrcFileId="1" StartOffset="1170"/>
</Header>
<LocList>
<Loc EndOffset="1221" SrcFileId="1" StartOffset="1170"/>
</LocList>
<StmntSeq Intrnl_Id="45">
<LocList>
<Loc EndOffset="1214" SrcFileId="1" StartOffset="1205"/>
</LocList>
<BasicStmnt CovItemId="S23" CovItemPrefix="com.OriginalFiles.Piece.java" Intrnl_Id="46">
<LocList>
<Loc EndOffset="1214" SrcFileId="1" StartOffset="1205"/>
</LocList>
</BasicStmnt>
</StmntSeq>
</HierarchyLvl>
<HierarchyLvl HierarchyLvlId="227" HierarchyLvlTypeId="13" Intrnl_Id="47" Name="getX">
<Header>
<Loc EndOffset="1252" SrcFileId="1" StartOffset="1229"/>
</Header>
<LocList>
<Loc EndOffset="1280" SrcFileId="1" StartOffset="1229"/>
</LocList>
<StmntSeq Intrnl_Id="48">
<LocList>
<Loc EndOffset="1273" SrcFileId="1" StartOffset="1264"/>
</LocList>
<BasicStmnt CovItemId="S24" CovItemPrefix="com.OriginalFiles.Piece.java" Intrnl_Id="49">
<LocList>
<Loc EndOffset="1273" SrcFileId="1" StartOffset="1264"/>
</LocList>
</BasicStmnt>
</StmntSeq>
</HierarchyLvl>
<HierarchyLvl HierarchyLvlId="228" HierarchyLvlTypeId="13" Intrnl_Id="50" Name="setXY">
<Header>
<Loc EndOffset="1335" SrcFileId="1" StartOffset="1288"/>
</Header>
<LocList>
<Loc EndOffset="1869" SrcFileId="1" StartOffset="1288"/>
</LocList>
<StmntSeq Intrnl_Id="51">
<LocList>
<Loc EndOffset="1358" SrcFileId="1" StartOffset="1347"/>
<Loc EndOffset="1379" SrcFileId="1" StartOffset="1368"/>
<Loc EndOffset="1831" SrcFileId="1" StartOffset="1389"/>
<Loc EndOffset="1862" SrcFileId="1" StartOffset="1841"/>
</LocList>
<BasicStmnt CovItemId="S25" CovItemPrefix="com.OriginalFiles.Piece.java" Intrnl_Id="52">
<LocList>
<Loc EndOffset="1358" SrcFileId="1" StartOffset="1347"/>
</LocList>
</BasicStmnt>
<BasicStmnt CovItemId="S26" CovItemPrefix="com.OriginalFiles.Piece.java" Intrnl_Id="53">
<LocList>
<Loc EndOffset="1379" SrcFileId="1" StartOffset="1368"/>
</LocList>
</BasicStmnt>
<CondStmnt CovItemId="S27" CovItemPrefix="com.OriginalFiles.Piece.java" Intrnl_Id="54">
<Branch CovItemId="B1" CovItemPrefix="com.OriginalFiles.Piece.java" Implct="false" Intrnl_Id="55">
<Cond/>
<LocList>
<Loc EndOffset="1780" SrcFileId="1" StartOffset="1439"/>
</LocList>
<StmntSeq Intrnl_Id="56">
<LocList>
<Loc EndOffset="1607" SrcFileId="1" StartOffset="1454"/>
<Loc EndOffset="1710" SrcFileId="1" StartOffset="1621"/>
<Loc EndOffset="1769" SrcFileId="1" StartOffset="1726"/>
</LocList>
<CondStmnt CovItemId="S28" CovItemPrefix="com.OriginalFiles.Piece.java" Intrnl_Id="57">
<Branch CovItemId="B3" CovItemPrefix="com.OriginalFiles.Piece.java" Implct="false" Intrnl_Id="58">
<Cond/>
<LocList>
<Loc EndOffset="1607" SrcFileId="1" StartOffset="1552"/>
</LocList>
<StmntSeq Intrnl_Id="59">
<LocList>
<Loc EndOffset="1592" SrcFileId="1" StartOffset="1571"/>
</LocList>
<BasicStmnt CovItemId="S29" CovItemPrefix="com.OriginalFiles.Piece.java" Intrnl_Id="60">
<LocList>
<Loc EndOffset="1592" SrcFileId="1" StartOffset="1571"/>
</LocList>
</BasicStmnt>
</StmntSeq>
</Branch>
<Branch CovItemId="B4" CovItemPrefix="com.OriginalFiles.Piece.java" Implct="true" Intrnl_Id="61">
<Cond/>
<LocList/>
<StmntSeq Intrnl_Id="62">
<LocList/>
</StmntSeq>
</Branch>
<Keyword EndOffset="1456" SrcFileId="1" StartOffset="1454"/>
<LocList>
<Loc EndOffset="1607" SrcFileId="1" StartOffset="1454"/>
</LocList>
<RootTerm CovItemId="C2" CovItemPrefix="com.OriginalFiles.Piece.java" Intrnl_Id="63">
<OpTerm BooleanOpId="9" Intrnl_Id="64">
<BasicBoolTerm Intrnl_Id="65">
<LocList>
<Loc EndOffset="1503" SrcFileId="1" StartOffset="1458"/>
</LocList>
</BasicBoolTerm>
<BasicBoolTerm Intrnl_Id="66">
<LocList>
<Loc EndOffset="1550" SrcFileId="1" StartOffset="1528"/>
</LocList>
</BasicBoolTerm>
<LocList>
<Loc EndOffset="1527" SrcFileId="1" StartOffset="1525"/>
</LocList>
</OpTerm>
</RootTerm>
</CondStmnt>
<CondStmnt CovItemId="S30" CovItemPrefix="com.OriginalFiles.Piece.java" Intrnl_Id="67">
<Branch CovItemId="B5" CovItemPrefix="com.OriginalFiles.Piece.java" Implct="false" Intrnl_Id="68">
<Cond/>
<LocList>
<Loc EndOffset="1710" SrcFileId="1" StartOffset="1647"/>
</LocList>
<StmntSeq Intrnl_Id="69">
<LocList>
<Loc EndOffset="1695" SrcFileId="1" StartOffset="1666"/>
</LocList>
<BasicStmnt CovItemId="S31" CovItemPrefix="com.OriginalFiles.Piece.java" Intrnl_Id="70">
<LocList>
<Loc EndOffset="1695" SrcFileId="1" StartOffset="1666"/>
</LocList>
</BasicStmnt>
</StmntSeq>
</Branch>
<Branch CovItemId="B6" CovItemPrefix="com.OriginalFiles.Piece.java" Implct="true" Intrnl_Id="71">
<Cond/>
<LocList/>
<StmntSeq Intrnl_Id="72">
<LocList/>
</StmntSeq>
</Branch>
<Keyword EndOffset="1623" SrcFileId="1" StartOffset="1621"/>
<LocList>
<Loc EndOffset="1710" SrcFileId="1" StartOffset="1621"/>
</LocList>
<RootTerm CovItemId="C3" CovItemPrefix="com.OriginalFiles.Piece.java" Intrnl_Id="73">
<BasicBoolTerm Intrnl_Id="74">
<LocList>
<Loc EndOffset="1645" SrcFileId="1" StartOffset="1625"/>
</LocList>
</BasicBoolTerm>
</RootTerm>
</CondStmnt>
<BasicStmnt CovItemId="S32" CovItemPrefix="com.OriginalFiles.Piece.java" Intrnl_Id="75">
<LocList>
<Loc EndOffset="1769" SrcFileId="1" StartOffset="1726"/>
</LocList>
</BasicStmnt>
</StmntSeq>
</Branch>
<Branch CovItemId="B2" CovItemPrefix="com.OriginalFiles.Piece.java" Implct="false" Intrnl_Id="76">
<Cond>
<Loc EndOffset="1785" SrcFileId="1" StartOffset="1781"/>
</Cond>
<LocList>
<Loc EndOffset="1831" SrcFileId="1" StartOffset="1786"/>
</LocList>
<StmntSeq Intrnl_Id="77">
<LocList>
<Loc EndOffset="1820" SrcFileId="1" StartOffset="1801"/>
</LocList>
<BasicStmnt CovItemId="S33" CovItemPrefix="com.OriginalFiles.Piece.java" Intrnl_Id="78">
<LocList>
<Loc EndOffset="1820" SrcFileId="1" StartOffset="1801"/>
</LocList>
</BasicStmnt>
</StmntSeq>
</Branch>
<Keyword EndOffset="1391" SrcFileId="1" StartOffset="1389"/>
<LocList>
<Loc EndOffset="1831" SrcFileId="1" StartOffset="1389"/>
</LocList>
<RootTerm CovItemId="C1" CovItemPrefix="com.OriginalFiles.Piece.java" Intrnl_Id="79">
<OpTerm BooleanOpId="9" Intrnl_Id="80">
<BasicBoolTerm Intrnl_Id="81">
<LocList>
<Loc EndOffset="1424" SrcFileId="1" StartOffset="1393"/>
</LocList>
</BasicBoolTerm>
<BasicBoolTerm Intrnl_Id="82">
<LocList>
<Loc EndOffset="1437" SrcFileId="1" StartOffset="1428"/>
</LocList>
</BasicBoolTerm>
<LocList>
<Loc EndOffset="1427" SrcFileId="1" StartOffset="1425"/>
</LocList>
</OpTerm>
</RootTerm>
</CondStmnt>
<BasicStmnt CovItemId="S34" CovItemPrefix="com.OriginalFiles.Piece.java" Intrnl_Id="83">
<LocList>
<Loc EndOffset="1862" SrcFileId="1" StartOffset="1841"/>
</LocList>
</BasicStmnt>
</StmntSeq>
</HierarchyLvl>
<HierarchyLvl HierarchyLvlId="229" HierarchyLvlTypeId="13" Intrnl_Id="84" Name="isOnBoard">
<Header>
<Loc EndOffset="1904" SrcFileId="1" StartOffset="1877"/>
</Header>
<LocList>
<Loc EndOffset="2074" SrcFileId="1" StartOffset="1877"/>
</LocList>
<StmntSeq Intrnl_Id="85">
<LocList>
<Loc EndOffset="2067" SrcFileId="1" StartOffset="1916"/>
</LocList>
<CondStmnt CovItemId="S35" CovItemPrefix="com.OriginalFiles.Piece.java" Intrnl_Id="86">
<Branch CovItemId="B7" CovItemPrefix="com.OriginalFiles.Piece.java" Implct="false" Intrnl_Id="87">
<Cond/>
<LocList>
<Loc EndOffset="1991" SrcFileId="1" StartOffset="1953"/>
</LocList>
<StmntSeq Intrnl_Id="88">
<LocList>
<Loc EndOffset="1980" SrcFileId="1" StartOffset="1968"/>
</LocList>
<BasicStmnt CovItemId="S36" CovItemPrefix="com.OriginalFiles.Piece.java" Intrnl_Id="89">
<LocList>
<Loc EndOffset="1980" SrcFileId="1" StartOffset="1968"/>
</LocList>
</BasicStmnt>
</StmntSeq>
</Branch>
<Branch CovItemId="B8" CovItemPrefix="com.OriginalFiles.Piece.java" Implct="false" Intrnl_Id="90">
<Cond>
<Loc EndOffset="1996" SrcFileId="1" StartOffset="1992"/>
</Cond>
<LocList>
<Loc EndOffset="2067" SrcFileId="1" StartOffset="1997"/>
</LocList>
<StmntSeq Intrnl_Id="91">
<LocList>
<Loc EndOffset="2029" SrcFileId="1" StartOffset="2012"/>
<Loc EndOffset="2056" SrcFileId="1" StartOffset="2043"/>
</LocList>
<BasicStmnt CovItemId="S37" CovItemPrefix="com.OriginalFiles.Piece.java" Intrnl_Id="92">
<LocList>
<Loc EndOffset="2029" SrcFileId="1" StartOffset="2012"/>
</LocList>
</BasicStmnt>
<BasicStmnt CovItemId="S38" CovItemPrefix="com.OriginalFiles.Piece.java" Intrnl_Id="93">
<LocList>
<Loc EndOffset="2056" SrcFileId="1" StartOffset="2043"/>
</LocList>
</BasicStmnt>
</StmntSeq>
</Branch>
<Keyword EndOffset="1918" SrcFileId="1" StartOffset="1916"/>
<LocList>
<Loc EndOffset="2067" SrcFileId="1" StartOffset="1916"/>
</LocList>
<RootTerm CovItemId="C4" CovItemPrefix="com.OriginalFiles.Piece.java" Intrnl_Id="94">
<BasicBoolTerm Intrnl_Id="95">
<LocList>
<Loc EndOffset="1951" SrcFileId="1" StartOffset="1920"/>
</LocList>
</BasicBoolTerm>
</RootTerm>
</CondStmnt>
</StmntSeq>
</HierarchyLvl>
<HierarchyLvl HierarchyLvlId="230" HierarchyLvlTypeId="13" Intrnl_Id="96" Name="priceForPiece">
<Header>
<Loc EndOffset="2208" SrcFileId="1" StartOffset="2082"/>
</Header>
<LocList>
<Loc EndOffset="2415" SrcFileId="1" StartOffset="2082"/>
</LocList>
<StmntSeq Intrnl_Id="97">
<LocList>
<Loc EndOffset="2378" SrcFileId="1" StartOffset="2220"/>
<Loc EndOffset="2408" SrcFileId="1" StartOffset="2388"/>
</LocList>
<CondStmnt CovItemId="S39" CovItemPrefix="com.OriginalFiles.Piece.java" Intrnl_Id="98">
<Branch CovItemId="B9" CovItemPrefix="com.OriginalFiles.Piece.java" Implct="false" Intrnl_Id="99">
<Cond/>
<LocList>
<Loc EndOffset="2378" SrcFileId="1" StartOffset="2284"/>
</LocList>
<StmntSeq Intrnl_Id="100">
<LocList>
<Loc EndOffset="2367" SrcFileId="1" StartOffset="2299"/>
</LocList>
<BasicStmnt CovItemId="S40" CovItemPrefix="com.OriginalFiles.Piece.java" Intrnl_Id="101">
<LocList>
<Loc EndOffset="2367" SrcFileId="1" StartOffset="2299"/>
</LocList>
</BasicStmnt>
</StmntSeq>
</Branch>
<Branch CovItemId="B10" CovItemPrefix="com.OriginalFiles.Piece.java" Implct="true" Intrnl_Id="102">
<Cond/>
<LocList/>
<StmntSeq Intrnl_Id="103">
<LocList/>
</StmntSeq>
</Branch>
<Keyword EndOffset="2222" SrcFileId="1" StartOffset="2220"/>
<LocList>
<Loc EndOffset="2378" SrcFileId="1" StartOffset="2220"/>
</LocList>
<RootTerm CovItemId="C5" CovItemPrefix="com.OriginalFiles.Piece.java" Intrnl_Id="104">
<OpTerm BooleanOpId="10" Intrnl_Id="105">
<BasicBoolTerm Intrnl_Id="106">
<LocList>
<Loc EndOffset="2256" SrcFileId="1" StartOffset="2224"/>
</LocList>
</BasicBoolTerm>
<BasicBoolTerm Intrnl_Id="107">
<LocList>
<Loc EndOffset="2282" SrcFileId="1" StartOffset="2260"/>
</LocList>
</BasicBoolTerm>
<LocList>
<Loc EndOffset="2259" SrcFileId="1" StartOffset="2257"/>
</LocList>
</OpTerm>
</RootTerm>
</CondStmnt>
<BasicStmnt CovItemId="S41" CovItemPrefix="com.OriginalFiles.Piece.java" Intrnl_Id="108">
<LocList>
<Loc EndOffset="2408" SrcFileId="1" StartOffset="2388"/>
</LocList>
</BasicStmnt>
</StmntSeq>
</HierarchyLvl>
<HierarchyLvl HierarchyLvlId="231" HierarchyLvlTypeId="13" Intrnl_Id="109" Name="min">
<Header>
<Loc EndOffset="2452" SrcFileId="1" StartOffset="2423"/>
</Header>
<LocList>
<Loc EndOffset="2536" SrcFileId="1" StartOffset="2423"/>
</LocList>
<StmntSeq Intrnl_Id="110">
<LocList>
<Loc EndOffset="2510" SrcFileId="1" StartOffset="2464"/>
<Loc EndOffset="2529" SrcFileId="1" StartOffset="2520"/>
</LocList>
<CondStmnt CovItemId="S42" CovItemPrefix="com.OriginalFiles.Piece.java" Intrnl_Id="111">
<Branch CovItemId="B11" CovItemPrefix="com.OriginalFiles.Piece.java" Implct="false" Intrnl_Id="112">
<Cond/>
<LocList>
<Loc EndOffset="2510" SrcFileId="1" StartOffset="2475"/>
</LocList>
<StmntSeq Intrnl_Id="113">
<LocList>
<Loc EndOffset="2499" SrcFileId="1" StartOffset="2490"/>
</LocList>
<BasicStmnt CovItemId="S43" CovItemPrefix="com.OriginalFiles.Piece.java" Intrnl_Id="114">
<LocList>
<Loc EndOffset="2499" SrcFileId="1" StartOffset="2490"/>
</LocList>
</BasicStmnt>
</StmntSeq>
</Branch>
<Branch CovItemId="B12" CovItemPrefix="com.OriginalFiles.Piece.java" Implct="true" Intrnl_Id="115">
<Cond/>
<LocList/>
<StmntSeq Intrnl_Id="116">
<LocList/>
</StmntSeq>
</Branch>
<Keyword EndOffset="2466" SrcFileId="1" StartOffset="2464"/>
<LocList>
<Loc EndOffset="2510" SrcFileId="1" StartOffset="2464"/>
</LocList>
<RootTerm CovItemId="C6" CovItemPrefix="com.OriginalFiles.Piece.java" Intrnl_Id="117">
<BasicBoolTerm Intrnl_Id="118">
<LocList>
<Loc EndOffset="2473" SrcFileId="1" StartOffset="2468"/>
</LocList>
</BasicBoolTerm>
</RootTerm>
</CondStmnt>
<BasicStmnt CovItemId="S44" CovItemPrefix="com.OriginalFiles.Piece.java" Intrnl_Id="119">
<LocList>
<Loc EndOffset="2529" SrcFileId="1" StartOffset="2520"/>
</LocList>
</BasicStmnt>
</StmntSeq>
</HierarchyLvl>
<HierarchyLvl HierarchyLvlId="232" HierarchyLvlTypeId="13" Intrnl_Id="120" Name="updatePriceMidgame">
<Header>
<Loc EndOffset="2577" SrcFileId="1" StartOffset="2544"/>
</Header>
<LocList>
<Loc EndOffset="2639" SrcFileId="1" StartOffset="2544"/>
</LocList>
<StmntSeq Intrnl_Id="121">
<LocList>
<Loc EndOffset="2632" SrcFileId="1" StartOffset="2589"/>
</LocList>
<BasicStmnt CovItemId="S45" CovItemPrefix="com.OriginalFiles.Piece.java" Intrnl_Id="122">
<LocList>
<Loc EndOffset="2632" SrcFileId="1" StartOffset="2589"/>
</LocList>
</BasicStmnt>
</StmntSeq>
</HierarchyLvl>
<HierarchyLvl HierarchyLvlId="233" HierarchyLvlTypeId="13" Intrnl_Id="123" Name="updatePrice">
<Header>
<Loc EndOffset="2764" SrcFileId="1" StartOffset="2647"/>
</Header>
<LocList>
<Loc EndOffset="5162" SrcFileId="1" StartOffset="2647"/>
</LocList>
<StmntSeq Intrnl_Id="124">
<LocList>
<Loc EndOffset="5155" SrcFileId="1" StartOffset="2776"/>
</LocList>
<CondStmnt CovItemId="S46" CovItemPrefix="com.OriginalFiles.Piece.java" Intrnl_Id="125">
<Branch CovItemId="B13" CovItemPrefix="com.OriginalFiles.Piece.java" Implct="false" Intrnl_Id="126">
<Cond/>
<LocList>
<Loc EndOffset="5155" SrcFileId="1" StartOffset="2793"/>
</LocList>
<StmntSeq Intrnl_Id="127">
<LocList>
<Loc EndOffset="2840" SrcFileId="1" StartOffset="2808"/>
<Loc EndOffset="2885" SrcFileId="1" StartOffset="2854"/>
<Loc EndOffset="3017" SrcFileId="1" StartOffset="2899"/>
<Loc EndOffset="3185" SrcFileId="1" StartOffset="3031"/>
<Loc EndOffset="4240" SrcFileId="1" StartOffset="3199"/>
<Loc EndOffset="4562" SrcFileId="1" StartOffset="4254"/>
<Loc EndOffset="5015" SrcFileId="1" StartOffset="4578"/>
<Loc EndOffset="5103" SrcFileId="1" StartOffset="5029"/>
<Loc EndOffset="5144" SrcFileId="1" StartOffset="5117"/>
</LocList>
<BasicStmnt CovItemId="S47" CovItemPrefix="com.OriginalFiles.Piece.java" Intrnl_Id="128">
<LocList>
<Loc EndOffset="2840" SrcFileId="1" StartOffset="2808"/>
</LocList>
</BasicStmnt>
<BasicStmnt CovItemId="S48" CovItemPrefix="com.OriginalFiles.Piece.java" Intrnl_Id="129">
<LocList>
<Loc EndOffset="2885" SrcFileId="1" StartOffset="2854"/>
</LocList>
</BasicStmnt>
<CondStmnt CovItemId="S49" CovItemPrefix="com.OriginalFiles.Piece.java" Intrnl_Id="130">
<Branch CovItemId="B15" CovItemPrefix="com.OriginalFiles.Piece.java" Implct="false" Intrnl_Id="131">
<Cond/>
<LocList>
<Loc EndOffset="3017" SrcFileId="1" StartOffset="2953"/>
</LocList>
<StmntSeq Intrnl_Id="132">
<LocList>
<Loc EndOffset="3002" SrcFileId="1" StartOffset="2972"/>
</LocList>
<BasicStmnt CovItemId="S50" CovItemPrefix="com.OriginalFiles.Piece.java" Intrnl_Id="133">
<LocList>
<Loc EndOffset="3002" SrcFileId="1" StartOffset="2972"/>
</LocList>
</BasicStmnt>
</StmntSeq>
</Branch>
<Branch CovItemId="B16" CovItemPrefix="com.OriginalFiles.Piece.java" Implct="true" Intrnl_Id="134">
<Cond/>
<LocList/>
<StmntSeq Intrnl_Id="135">
<LocList/>
</StmntSeq>
</Branch>
<Keyword EndOffset="2901" SrcFileId="1" StartOffset="2899"/>
<LocList>
<Loc EndOffset="3017" SrcFileId="1" StartOffset="2899"/>
</LocList>
<RootTerm CovItemId="C8" CovItemPrefix="com.OriginalFiles.Piece.java" Intrnl_Id="136">
<BasicBoolTerm Intrnl_Id="137">
<LocList>
<Loc EndOffset="2951" SrcFileId="1" StartOffset="2903"/>
</LocList>
</BasicBoolTerm>
</RootTerm>
</CondStmnt>
<CondStmnt CovItemId="S51" CovItemPrefix="com.OriginalFiles.Piece.java" Intrnl_Id="138">
<Branch CovItemId="B17" CovItemPrefix="com.OriginalFiles.Piece.java" Implct="false" Intrnl_Id="139">
<Cond/>
<LocList>
<Loc EndOffset="3185" SrcFileId="1" StartOffset="3059"/>
</LocList>
<StmntSeq Intrnl_Id="140">
<LocList>
<Loc EndOffset="3170" SrcFileId="1" StartOffset="3078"/>
</LocList>
<BasicStmnt CovItemId="S52" CovItemPrefix="com.OriginalFiles.Piece.java" Intrnl_Id="141">
<LocList>
<Loc EndOffset="3170" SrcFileId="1" StartOffset="3078"/>
</LocList>
</BasicStmnt>
</StmntSeq>
</Branch>
<Branch CovItemId="B18" CovItemPrefix="com.OriginalFiles.Piece.java" Implct="true" Intrnl_Id="142">
<Cond/>
<LocList/>
<StmntSeq Intrnl_Id="143">
<LocList/>
</StmntSeq>
</Branch>
<Keyword EndOffset="3033" SrcFileId="1" StartOffset="3031"/>
<LocList>
<Loc EndOffset="3185" SrcFileId="1" StartOffset="3031"/>
</LocList>
<RootTerm CovItemId="C9" CovItemPrefix="com.OriginalFiles.Piece.java" Intrnl_Id="144">
<BasicBoolTerm Intrnl_Id="145">
<LocList>
<Loc EndOffset="3057" SrcFileId="1" StartOffset="3035"/>
</LocList>
</BasicBoolTerm>
</RootTerm>
</CondStmnt>
<CondStmnt CovItemId="S53" CovItemPrefix="com.OriginalFiles.Piece.java" Intrnl_Id="146">
<Branch CovItemId="B19" CovItemPrefix="com.OriginalFiles.Piece.java" Implct="false" Intrnl_Id="147">
<Cond/>
<LocList>
<Loc EndOffset="4240" SrcFileId="1" StartOffset="3227"/>
</LocList>
<StmntSeq Intrnl_Id="148">
<LocList>
<Loc EndOffset="3394" SrcFileId="1" StartOffset="3246"/>
<Loc EndOffset="3666" SrcFileId="1" StartOffset="3412"/>
<Loc EndOffset="4223" SrcFileId="1" StartOffset="3686"/>
</LocList>
<CondStmnt CovItemId="S54" CovItemPrefix="com.OriginalFiles.Piece.java" Intrnl_Id="149">
<Branch CovItemId="B21" CovItemPrefix="com.OriginalFiles.Piece.java" Implct="false" Intrnl_Id="150">
<Cond/>
<LocList>
<Loc EndOffset="3394" SrcFileId="1" StartOffset="3259"/>
</LocList>
<StmntSeq Intrnl_Id="151">
<LocList>
<Loc EndOffset="3310" SrcFileId="1" StartOffset="3282"/>
<Loc EndOffset="3375" SrcFileId="1" StartOffset="3332"/>
</LocList>
<BasicStmnt CovItemId="S55" CovItemPrefix="com.OriginalFiles.Piece.java" Intrnl_Id="152">
<LocList>
<Loc EndOffset="3310" SrcFileId="1" StartOffset="3282"/>
</LocList>
</BasicStmnt>
<BasicStmnt CovItemId="S56" CovItemPrefix="com.OriginalFiles.Piece.java" Intrnl_Id="153">
<LocList>
<Loc EndOffset="3375" SrcFileId="1" StartOffset="3332"/>
</LocList>
</BasicStmnt>
</StmntSeq>
</Branch>
<Branch CovItemId="B22" CovItemPrefix="com.OriginalFiles.Piece.java" Implct="true" Intrnl_Id="154">
<Cond/>
<LocList/>
<StmntSeq Intrnl_Id="155">
<LocList/>
</StmntSeq>
</Branch>
<Keyword EndOffset="3248" SrcFileId="1" StartOffset="3246"/>
<LocList>
<Loc EndOffset="3394" SrcFileId="1" StartOffset="3246"/>
</LocList>
<RootTerm CovItemId="C11" CovItemPrefix="com.OriginalFiles.Piece.java" Intrnl_Id="156">
<BasicBoolTerm Intrnl_Id="157">
<LocList>
<Loc EndOffset="3257" SrcFileId="1" StartOffset="3250"/>
</LocList>
</BasicBoolTerm>
</RootTerm>
</CondStmnt>
<CondStmnt CovItemId="S57" CovItemPrefix="com.OriginalFiles.Piece.java" Intrnl_Id="158">
<Branch CovItemId="B23" CovItemPrefix="com.OriginalFiles.Piece.java" Implct="false" Intrnl_Id="159">
<Cond/>
<LocList>
<Loc EndOffset="3666" SrcFileId="1" StartOffset="3433"/>
</LocList>
<StmntSeq Intrnl_Id="160">
<LocList>
<Loc EndOffset="3647" SrcFileId="1" StartOffset="3456"/>
</LocList>
<CondStmnt CovItemId="S58" CovItemPrefix="com.OriginalFiles.Piece.java" Intrnl_Id="161">
<Branch CovItemId="B25" CovItemPrefix="com.OriginalFiles.Piece.java" Implct="false" Intrnl_Id="162">
<Cond/>
<LocList>
<Loc EndOffset="3574" SrcFileId="1" StartOffset="3503"/>
</LocList>
<StmntSeq Intrnl_Id="163">
<LocList>
<Loc EndOffset="3551" SrcFileId="1" StartOffset="3530"/>
</LocList>
<BasicStmnt CovItemId="S59" CovItemPrefix="com.OriginalFiles.Piece.java" Intrnl_Id="164">
<LocList>
<Loc EndOffset="3551" SrcFileId="1" StartOffset="3530"/>
</LocList>
</BasicStmnt>
</StmntSeq>
</Branch>
<Branch CovItemId="B26" CovItemPrefix="com.OriginalFiles.Piece.java" Implct="false" Intrnl_Id="165">
<Cond>
<Loc EndOffset="3579" SrcFileId="1" StartOffset="3575"/>
</Cond>
<LocList>
<Loc EndOffset="3647" SrcFileId="1" StartOffset="3580"/>
</LocList>
<StmntSeq Intrnl_Id="166">
<LocList>
<Loc EndOffset="3624" SrcFileId="1" StartOffset="3607"/>
</LocList>
<BasicStmnt CovItemId="S60" CovItemPrefix="com.OriginalFiles.Piece.java" Intrnl_Id="167">
<LocList>
<Loc EndOffset="3624" SrcFileId="1" StartOffset="3607"/>
</LocList>
</BasicStmnt>
</StmntSeq>
</Branch>
<Keyword EndOffset="3458" SrcFileId="1" StartOffset="3456"/>
<LocList>
<Loc EndOffset="3647" SrcFileId="1" StartOffset="3456"/>
</LocList>
<RootTerm CovItemId="C13" CovItemPrefix="com.OriginalFiles.Piece.java" Intrnl_Id="168">
<BasicBoolTerm Intrnl_Id="169">
<LocList>
<Loc EndOffset="3501" SrcFileId="1" StartOffset="3460"/>
</LocList>
</BasicBoolTerm>
</RootTerm>
</CondStmnt>
</StmntSeq>
</Branch>
<Branch CovItemId="B24" CovItemPrefix="com.OriginalFiles.Piece.java" Implct="true" Intrnl_Id="170">
<Cond/>
<LocList/>
<StmntSeq Intrnl_Id="171">
<LocList/>
</StmntSeq>
</Branch>
<Keyword EndOffset="3414" SrcFileId="1" StartOffset="3412"/>
<LocList>
<Loc EndOffset="3666" SrcFileId="1" StartOffset="3412"/>
</LocList>
<RootTerm CovItemId="C12" CovItemPrefix="com.OriginalFiles.Piece.java" Intrnl_Id="172">
<OpTerm BooleanOpId="8" Intrnl_Id="173">
<BasicBoolTerm Intrnl_Id="174">
<LocList>
<Loc EndOffset="3431" SrcFileId="1" StartOffset="3417"/>
</LocList>
</BasicBoolTerm>
<LocList>
<Loc EndOffset="3417" SrcFileId="1" StartOffset="3416"/>
</LocList>
</OpTerm>
</RootTerm>
</CondStmnt>
<CondStmnt CovItemId="S61" CovItemPrefix="com.OriginalFiles.Piece.java" Intrnl_Id="175">
<Branch CovItemId="B27" CovItemPrefix="com.OriginalFiles.Piece.java" Implct="false" Intrnl_Id="176">
<Cond/>
<LocList>
<Loc EndOffset="4223" SrcFileId="1" StartOffset="3710"/>
</LocList>
<StmntSeq Intrnl_Id="177">
<LocList>
<Loc EndOffset="3841" SrcFileId="1" StartOffset="3733"/>
<Loc EndOffset="3989" SrcFileId="1" StartOffset="3863"/>
<Loc EndOffset="4204" SrcFileId="1" StartOffset="4013"/>
</LocList>
<CondStmnt CovItemId="S62" CovItemPrefix="com.OriginalFiles.Piece.java" Intrnl_Id="178">
<Branch CovItemId="B29" CovItemPrefix="com.OriginalFiles.Piece.java" Implct="false" Intrnl_Id="179">
<Cond/>
<LocList>
<Loc EndOffset="3841" SrcFileId="1" StartOffset="3760"/>
</LocList>
<StmntSeq Intrnl_Id="180">
<LocList>
<Loc EndOffset="3818" SrcFileId="1" StartOffset="3787"/>
</LocList>
<BasicStmnt CovItemId="S63" CovItemPrefix="com.OriginalFiles.Piece.java" Intrnl_Id="181">
<LocList>
<Loc EndOffset="3818" SrcFileId="1" StartOffset="3787"/>
</LocList>
</BasicStmnt>
</StmntSeq>
</Branch>
<Branch CovItemId="B30" CovItemPrefix="com.OriginalFiles.Piece.java" Implct="true" Intrnl_Id="182">
<Cond/>
<LocList/>
<StmntSeq Intrnl_Id="183">
<LocList/>
</StmntSeq>
</Branch>
<Keyword EndOffset="3735" SrcFileId="1" StartOffset="3733"/>
<LocList>
<Loc EndOffset="3841" SrcFileId="1" StartOffset="3733"/>
</LocList>
<RootTerm CovItemId="C15" CovItemPrefix="com.OriginalFiles.Piece.java" Intrnl_Id="184">
<BasicBoolTerm Intrnl_Id="185">
<LocList>
<Loc EndOffset="3758" SrcFileId="1" StartOffset="3737"/>
</LocList>
</BasicBoolTerm>
</RootTerm>
</CondStmnt>
<CondStmnt CovItemId="S64" CovItemPrefix="com.OriginalFiles.Piece.java" Intrnl_Id="186">
<Branch CovItemId="B31" CovItemPrefix="com.OriginalFiles.Piece.java" Implct="false" Intrnl_Id="187">
<Cond/>
<LocList>
<Loc EndOffset="3989" SrcFileId="1" StartOffset="3908"/>
</LocList>
<StmntSeq Intrnl_Id="188">
<LocList>
<Loc EndOffset="3966" SrcFileId="1" StartOffset="3935"/>
</LocList>
<BasicStmnt CovItemId="S65" CovItemPrefix="com.OriginalFiles.Piece.java" Intrnl_Id="189">
<LocList>
<Loc EndOffset="3966" SrcFileId="1" StartOffset="3935"/>
</LocList>
</BasicStmnt>
</StmntSeq>
</Branch>
<Branch CovItemId="B32" CovItemPrefix="com.OriginalFiles.Piece.java" Implct="true" Intrnl_Id="190">
<Cond/>
<LocList/>
<StmntSeq Intrnl_Id="191">
<LocList/>
</StmntSeq>
</Branch>
<Keyword EndOffset="3865" SrcFileId="1" StartOffset="3863"/>
<LocList>
<Loc EndOffset="3989" SrcFileId="1" StartOffset="3863"/>
</LocList>
<RootTerm CovItemId="C16" CovItemPrefix="com.OriginalFiles.Piece.java" Intrnl_Id="192">
<OpTerm BooleanOpId="9" Intrnl_Id="193">
<BasicBoolTerm Intrnl_Id="194">
<LocList>
<Loc EndOffset="3888" SrcFileId="1" StartOffset="3867"/>
</LocList>
</BasicBoolTerm>
<BasicBoolTerm Intrnl_Id="195">
<LocList>
<Loc EndOffset="3906" SrcFileId="1" StartOffset="3892"/>
</LocList>
</BasicBoolTerm>
<LocList>
<Loc EndOffset="3891" SrcFileId="1" StartOffset="3889"/>
</LocList>
</OpTerm>
</RootTerm>
</CondStmnt>
<CondStmnt CovItemId="S66" CovItemPrefix="com.OriginalFiles.Piece.java" Intrnl_Id="196">
<Branch CovItemId="B33" CovItemPrefix="com.OriginalFiles.Piece.java" Implct="false" Intrnl_Id="197">
<Cond/>
<LocList>
<Loc EndOffset="4204" SrcFileId="1" StartOffset="4121"/>
</LocList>
<StmntSeq Intrnl_Id="198">
<LocList>
<Loc EndOffset="4181" SrcFileId="1" StartOffset="4148"/>
</LocList>
<BasicStmnt CovItemId="S67" CovItemPrefix="com.OriginalFiles.Piece.java" Intrnl_Id="199">
<LocList>
<Loc EndOffset="4181" SrcFileId="1" StartOffset="4148"/>
</LocList>
</BasicStmnt>
</StmntSeq>
</Branch>
<Branch CovItemId="B34" CovItemPrefix="com.OriginalFiles.Piece.java" Implct="true" Intrnl_Id="200">
<Cond/>
<LocList/>
<StmntSeq Intrnl_Id="201">
<LocList/>
</StmntSeq>
</Branch>
<Keyword EndOffset="4015" SrcFileId="1" StartOffset="4013"/>
<LocList>
<Loc EndOffset="4204" SrcFileId="1" StartOffset="4013"/>
</LocList>
<RootTerm CovItemId="C17" CovItemPrefix="com.OriginalFiles.Piece.java" Intrnl_Id="202">
<OpTerm BooleanOpId="9" Intrnl_Id="203">
<BasicBoolTerm Intrnl_Id="204">
<LocList>
<Loc EndOffset="4101" SrcFileId="1" StartOffset="4017"/>
</LocList>
</BasicBoolTerm>
<BasicBoolTerm Intrnl_Id="205">
<LocList>
<Loc EndOffset="4119" SrcFileId="1" StartOffset="4105"/>
</LocList>
</BasicBoolTerm>
<LocList>
<Loc EndOffset="4104" SrcFileId="1" StartOffset="4102"/>
</LocList>
</OpTerm>
</RootTerm>
</CondStmnt>
</StmntSeq>
</Branch>
<Branch CovItemId="B28" CovItemPrefix="com.OriginalFiles.Piece.java" Implct="true" Intrnl_Id="206">
<Cond/>
<LocList/>
<StmntSeq Intrnl_Id="207">
<LocList/>
</StmntSeq>
</Branch>
<Keyword EndOffset="3688" SrcFileId="1" StartOffset="3686"/>
<LocList>
<Loc EndOffset="4223" SrcFileId="1" StartOffset="3686"/>
</LocList>
<RootTerm CovItemId="C14" CovItemPrefix="com.OriginalFiles.Piece.java" Intrnl_Id="208">
<BasicBoolTerm Intrnl_Id="209">
<LocList>
<Loc EndOffset="3708" SrcFileId="1" StartOffset="3690"/>
</LocList>
</BasicBoolTerm>
</RootTerm>
</CondStmnt>
</StmntSeq>
</Branch>
<Branch CovItemId="B20" CovItemPrefix="com.OriginalFiles.Piece.java" Implct="true" Intrnl_Id="210">
<Cond/>
<LocList/>
<StmntSeq Intrnl_Id="211">
<LocList/>
</StmntSeq>
</Branch>
<Keyword EndOffset="3201" SrcFileId="1" StartOffset="3199"/>
<LocList>
<Loc EndOffset="4240" SrcFileId="1" StartOffset="3199"/>
</LocList>
<RootTerm CovItemId="C10" CovItemPrefix="com.OriginalFiles.Piece.java" Intrnl_Id="212">
<BasicBoolTerm Intrnl_Id="213">
<LocList>
<Loc EndOffset="3225" SrcFileId="1" StartOffset="3203"/>
</LocList>
</BasicBoolTerm>
</RootTerm>
</CondStmnt>
<CondStmnt CovItemId="S68" CovItemPrefix="com.OriginalFiles.Piece.java" Intrnl_Id="214">
<Branch CovItemId="B35" CovItemPrefix="com.OriginalFiles.Piece.java" Implct="false" Intrnl_Id="215">
<Cond/>
<LocList>
<Loc EndOffset="4562" SrcFileId="1" StartOffset="4503"/>
</LocList>
<StmntSeq Intrnl_Id="216">
<LocList>
<Loc EndOffset="4547" SrcFileId="1" StartOffset="4522"/>
</LocList>
<BasicStmnt CovItemId="S69" CovItemPrefix="com.OriginalFiles.Piece.java" Intrnl_Id="217">
<LocList>
<Loc EndOffset="4547" SrcFileId="1" StartOffset="4522"/>
</LocList>
</BasicStmnt>
</StmntSeq>
</Branch>
<Branch CovItemId="B36" CovItemPrefix="com.OriginalFiles.Piece.java" Implct="true" Intrnl_Id="218">
<Cond/>
<LocList/>
<StmntSeq Intrnl_Id="219">
<LocList/>
</StmntSeq>
</Branch>
<Keyword EndOffset="4256" SrcFileId="1" StartOffset="4254"/>
<LocList>
<Loc EndOffset="4562" SrcFileId="1" StartOffset="4254"/>
</LocList>
<RootTerm CovItemId="C18" CovItemPrefix="com.OriginalFiles.Piece.java" Intrnl_Id="220">
<OpTerm BooleanOpId="9" Intrnl_Id="221">
<OpTerm BooleanOpId="8" Intrnl_Id="222">
<BasicBoolTerm Intrnl_Id="223">
<LocList>
<Loc EndOffset="4268" SrcFileId="1" StartOffset="4259"/>
</LocList>
</BasicBoolTerm>
<LocList>
<Loc EndOffset="4259" SrcFileId="1" StartOffset="4258"/>
</LocList>
</OpTerm>
<OpTerm BooleanOpId="10" Intrnl_Id="224">
<OpTerm BooleanOpId="9" Intrnl_Id="225">
<BasicBoolTerm Intrnl_Id="226">
<LocList>
<Loc EndOffset="4336" SrcFileId="1" StartOffset="4295"/>
</LocList>
</BasicBoolTerm>
<BasicBoolTerm Intrnl_Id="227">
<LocList>
<Loc EndOffset="4375" SrcFileId="1" StartOffset="4369"/>
</LocList>
</BasicBoolTerm>
<LocList>
<Loc EndOffset="4368" SrcFileId="1" StartOffset="4366"/>
</LocList>
</OpTerm>
<OpTerm BooleanOpId="9" Intrnl_Id="228">
<BasicBoolTerm Intrnl_Id="229">
<LocList>
<Loc EndOffset="4452" SrcFileId="1" StartOffset="4410"/>
</LocList>
</BasicBoolTerm>
<BasicBoolTerm Intrnl_Id="230">
<LocList>
<Loc EndOffset="4499" SrcFileId="1" StartOffset="4493"/>
</LocList>
</BasicBoolTerm>
<LocList>
<Loc EndOffset="4492" SrcFileId="1" StartOffset="4490"/>
</LocList>
</OpTerm>
<LocList>
<Loc EndOffset="4408" SrcFileId="1" StartOffset="4406"/>
</LocList>
</OpTerm>
<LocList>
<Loc EndOffset="4292" SrcFileId="1" StartOffset="4290"/>
</LocList>
</OpTerm>
</RootTerm>
</CondStmnt>
<CondStmnt CovItemId="S70" CovItemPrefix="com.OriginalFiles.Piece.java" Intrnl_Id="231">
<Branch CovItemId="B37" CovItemPrefix="com.OriginalFiles.Piece.java" Implct="false" Intrnl_Id="232">
<Cond/>
<LocList>
<Loc EndOffset="5015" SrcFileId="1" StartOffset="4827"/>
</LocList>
<StmntSeq Intrnl_Id="233">
<LocList>
<Loc EndOffset="4879" SrcFileId="1" StartOffset="4846"/>
<Loc EndOffset="5000" SrcFileId="1" StartOffset="4897"/>
</LocList>
<BasicStmnt CovItemId="S71" CovItemPrefix="com.OriginalFiles.Piece.java" Intrnl_Id="234">
<LocList>
<Loc EndOffset="4879" SrcFileId="1" StartOffset="4846"/>
</LocList>
</BasicStmnt>
<CondStmnt CovItemId="S72" CovItemPrefix="com.OriginalFiles.Piece.java" Intrnl_Id="235">
<Branch CovItemId="B39" CovItemPrefix="com.OriginalFiles.Piece.java" Implct="false" Intrnl_Id="236">
<Cond/>
<LocList>
<Loc EndOffset="5000" SrcFileId="1" StartOffset="4924"/>
</LocList>
<StmntSeq Intrnl_Id="237">
<LocList>
<Loc EndOffset="4980" SrcFileId="1" StartOffset="4947"/>
</LocList>
<BasicStmnt CovItemId="S73" CovItemPrefix="com.OriginalFiles.Piece.java" Intrnl_Id="238">
<LocList>
<Loc EndOffset="4980" SrcFileId="1" StartOffset="4947"/>
</LocList>
</BasicStmnt>
</StmntSeq>
</Branch>
<Branch CovItemId="B40" CovItemPrefix="com.OriginalFiles.Piece.java" Implct="true" Intrnl_Id="239">
<Cond/>
<LocList/>
<StmntSeq Intrnl_Id="240">
<LocList/>
</StmntSeq>
</Branch>
<Keyword EndOffset="4899" SrcFileId="1" StartOffset="4897"/>
<LocList>
<Loc EndOffset="5000" SrcFileId="1" StartOffset="4897"/>
</LocList>
<RootTerm CovItemId="C20" CovItemPrefix="com.OriginalFiles.Piece.java" Intrnl_Id="241">
<BasicBoolTerm Intrnl_Id="242">
<LocList>
<Loc EndOffset="4922" SrcFileId="1" StartOffset="4900"/>
</LocList>
</BasicBoolTerm>
</RootTerm>
</CondStmnt>
</StmntSeq>
</Branch>
<Branch CovItemId="B38" CovItemPrefix="com.OriginalFiles.Piece.java" Implct="true" Intrnl_Id="243">
<Cond/>
<LocList/>
<StmntSeq Intrnl_Id="244">
<LocList/>
</StmntSeq>
</Branch>
<Keyword EndOffset="4580" SrcFileId="1" StartOffset="4578"/>
<LocList>
<Loc EndOffset="5015" SrcFileId="1" StartOffset="4578"/>
</LocList>
<RootTerm CovItemId="C19" CovItemPrefix="com.OriginalFiles.Piece.java" Intrnl_Id="245">
<OpTerm BooleanOpId="9" Intrnl_Id="246">
<OpTerm BooleanOpId="8" Intrnl_Id="247">
<BasicBoolTerm Intrnl_Id="248">
<LocList>
<Loc EndOffset="4592" SrcFileId="1" StartOffset="4583"/>
</LocList>
</BasicBoolTerm>
<LocList>
<Loc EndOffset="4583" SrcFileId="1" StartOffset="4582"/>
</LocList>
</OpTerm>
<OpTerm BooleanOpId="10" Intrnl_Id="249">
<OpTerm BooleanOpId="9" Intrnl_Id="250">
<BasicBoolTerm Intrnl_Id="251">
<LocList>
<Loc EndOffset="4660" SrcFileId="1" StartOffset="4619"/>
</LocList>
</BasicBoolTerm>
<BasicBoolTerm Intrnl_Id="252">
<LocList>
<Loc EndOffset="4699" SrcFileId="1" StartOffset="4693"/>
</LocList>
</BasicBoolTerm>
<LocList>
<Loc EndOffset="4692" SrcFileId="1" StartOffset="4690"/>
</LocList>
</OpTerm>
<OpTerm BooleanOpId="9" Intrnl_Id="253">
<BasicBoolTerm Intrnl_Id="254">
<LocList>
<Loc EndOffset="4776" SrcFileId="1" StartOffset="4734"/>
</LocList>
</BasicBoolTerm>
<BasicBoolTerm Intrnl_Id="255">
<LocList>
<Loc EndOffset="4823" SrcFileId="1" StartOffset="4817"/>
</LocList>
</BasicBoolTerm>
<LocList>
<Loc EndOffset="4816" SrcFileId="1" StartOffset="4814"/>
</LocList>
</OpTerm>
<LocList>
<Loc EndOffset="4732" SrcFileId="1" StartOffset="4730"/>
</LocList>
</OpTerm>
<LocList>
<Loc EndOffset="4616" SrcFileId="1" StartOffset="4614"/>
</LocList>
</OpTerm>
</RootTerm>
</CondStmnt>
<CondStmnt CovItemId="S74" CovItemPrefix="com.OriginalFiles.Piece.java" Intrnl_Id="256">
<Branch CovItemId="B41" CovItemPrefix="com.OriginalFiles.Piece.java" Implct="false" Intrnl_Id="257">
<Cond/>
<LocList>
<Loc EndOffset="5103" SrcFileId="1" StartOffset="5044"/>
</LocList>
<StmntSeq Intrnl_Id="258">
<LocList>
<Loc EndOffset="5088" SrcFileId="1" StartOffset="5063"/>
</LocList>
<BasicStmnt CovItemId="S75" CovItemPrefix="com.OriginalFiles.Piece.java" Intrnl_Id="259">
<LocList>
<Loc EndOffset="5088" SrcFileId="1" StartOffset="5063"/>
</LocList>
</BasicStmnt>
</StmntSeq>
</Branch>
<Branch CovItemId="B42" CovItemPrefix="com.OriginalFiles.Piece.java" Implct="true" Intrnl_Id="260">
<Cond/>
<LocList/>
<StmntSeq Intrnl_Id="261">
<LocList/>
</StmntSeq>
</Branch>
<Keyword EndOffset="5031" SrcFileId="1" StartOffset="5029"/>
<LocList>
<Loc EndOffset="5103" SrcFileId="1" StartOffset="5029"/>
</LocList>
<RootTerm CovItemId="C21" CovItemPrefix="com.OriginalFiles.Piece.java" Intrnl_Id="262">
<BasicBoolTerm Intrnl_Id="263">
<LocList>
<Loc EndOffset="5042" SrcFileId="1" StartOffset="5033"/>
</LocList>
</BasicBoolTerm>
</RootTerm>
</CondStmnt>
<BasicStmnt CovItemId="S76" CovItemPrefix="com.OriginalFiles.Piece.java" Intrnl_Id="264">
<LocList>
<Loc EndOffset="5144" SrcFileId="1" StartOffset="5117"/>
</LocList>
</BasicStmnt>
</StmntSeq>
</Branch>
<Branch CovItemId="B14" CovItemPrefix="com.OriginalFiles.Piece.java" Implct="true" Intrnl_Id="265">
<Cond/>
<LocList/>
<StmntSeq Intrnl_Id="266">
<LocList/>
</StmntSeq>
</Branch>
<Keyword EndOffset="2778" SrcFileId="1" StartOffset="2776"/>
<LocList>
<Loc EndOffset="5155" SrcFileId="1" StartOffset="2776"/>
</LocList>
<RootTerm CovItemId="C7" CovItemPrefix="com.OriginalFiles.Piece.java" Intrnl_Id="267">
<BasicBoolTerm Intrnl_Id="268">
<LocList>
<Loc EndOffset="2791" SrcFileId="1" StartOffset="2780"/>
</LocList>
</BasicBoolTerm>
</RootTerm>
</CondStmnt>
</StmntSeq>
</HierarchyLvl>
<HierarchyLvl HierarchyLvlId="234" HierarchyLvlTypeId="13" Intrnl_Id="269" Name="isNearDoubleCorners">
<Header>
<Loc EndOffset="5207" SrcFileId="1" StartOffset="5170"/>
</Header>
<LocList>
<Loc EndOffset="5744" SrcFileId="1" StartOffset="5170"/>
</LocList>
<StmntSeq Intrnl_Id="270">
<LocList>
<Loc EndOffset="5714" SrcFileId="1" StartOffset="5219"/>
<Loc EndOffset="5737" SrcFileId="1" StartOffset="5724"/>
</LocList>
<CondStmnt CovItemId="S77" CovItemPrefix="com.OriginalFiles.Piece.java" Intrnl_Id="271">
<Branch CovItemId="B43" CovItemPrefix="com.OriginalFiles.Piece.java" Implct="false" Intrnl_Id="272">
<Cond/>
<LocList>
<Loc EndOffset="5714" SrcFileId="1" StartOffset="5676"/>
</LocList>
<StmntSeq Intrnl_Id="273">
<LocList>
<Loc EndOffset="5703" SrcFileId="1" StartOffset="5691"/>
</LocList>
<BasicStmnt CovItemId="S78" CovItemPrefix="com.OriginalFiles.Piece.java" Intrnl_Id="274">
<LocList>
<Loc EndOffset="5703" SrcFileId="1" StartOffset="5691"/>
</LocList>
</BasicStmnt>
</StmntSeq>
</Branch>
<Branch CovItemId="B44" CovItemPrefix="com.OriginalFiles.Piece.java" Implct="true" Intrnl_Id="275">
<Cond/>
<LocList/>
<StmntSeq Intrnl_Id="276">
<LocList/>
</StmntSeq>
</Branch>
<Keyword EndOffset="5221" SrcFileId="1" StartOffset="5219"/>
<LocList>
<Loc EndOffset="5714" SrcFileId="1" StartOffset="5219"/>
</LocList>
<RootTerm CovItemId="C22" CovItemPrefix="com.OriginalFiles.Piece.java" Intrnl_Id="277">
<OpTerm BooleanOpId="10" Intrnl_Id="278">
<OpTerm BooleanOpId="10" Intrnl_Id="279">
<OpTerm BooleanOpId="10" Intrnl_Id="280">
<OpTerm BooleanOpId="10" Intrnl_Id="281">
<OpTerm BooleanOpId="10" Intrnl_Id="282">
<OpTerm BooleanOpId="10" Intrnl_Id="283">
<OpTerm BooleanOpId="10" Intrnl_Id="284">
<OpTerm BooleanOpId="9" Intrnl_Id="285">
<BasicBoolTerm Intrnl_Id="286">
<LocList>
<Loc EndOffset="5240" SrcFileId="1" StartOffset="5224"/>
</LocList>
</BasicBoolTerm>
<BasicBoolTerm Intrnl_Id="287">
<LocList>
<Loc EndOffset="5260" SrcFileId="1" StartOffset="5244"/>
</LocList>
</BasicBoolTerm>
<LocList>
<Loc EndOffset="5243" SrcFileId="1" StartOffset="5241"/>
</LocList>
</OpTerm>
<OpTerm BooleanOpId="9" Intrnl_Id="288">
<BasicBoolTerm Intrnl_Id="289">
<LocList>
<Loc EndOffset="5299" SrcFileId="1" StartOffset="5283"/>
</LocList>
</BasicBoolTerm>
<BasicBoolTerm Intrnl_Id="290">
<LocList>
<Loc EndOffset="5319" SrcFileId="1" StartOffset="5303"/>
</LocList>
</BasicBoolTerm>
<LocList>
<Loc EndOffset="5302" SrcFileId="1" StartOffset="5300"/>
</LocList>
</OpTerm>
<LocList>
<Loc EndOffset="5281" SrcFileId="1" StartOffset="5279"/>
</LocList>
</OpTerm>
<OpTerm BooleanOpId="9" Intrnl_Id="291">
<BasicBoolTerm Intrnl_Id="292">
<LocList>
<Loc EndOffset="5358" SrcFileId="1" StartOffset="5342"/>
</LocList>
</BasicBoolTerm>
<BasicBoolTerm Intrnl_Id="293">
<LocList>
<Loc EndOffset="5378" SrcFileId="1" StartOffset="5362"/>
</LocList>
</BasicBoolTerm>
<LocList>
<Loc EndOffset="5361" SrcFileId="1" StartOffset="5359"/>
</LocList>
</OpTerm>
<LocList>
<Loc EndOffset="5340" SrcFileId="1" StartOffset="5338"/>
</LocList>
</OpTerm>
<OpTerm BooleanOpId="9" Intrnl_Id="294">
<BasicBoolTerm Intrnl_Id="295">
<LocList>
<Loc EndOffset="5417" SrcFileId="1" StartOffset="5401"/>
</LocList>
</BasicBoolTerm>
<BasicBoolTerm Intrnl_Id="296">
<LocList>
<Loc EndOffset="5437" SrcFileId="1" StartOffset="5421"/>
</LocList>
</BasicBoolTerm>
<LocList>
<Loc EndOffset="5420" SrcFileId="1" StartOffset="5418"/>
</LocList>
</OpTerm>
<LocList>
<Loc EndOffset="5399" SrcFileId="1" StartOffset="5397"/>
</LocList>
</OpTerm>
<OpTerm BooleanOpId="9" Intrnl_Id="297">
<BasicBoolTerm Intrnl_Id="298">
<LocList>
<Loc EndOffset="5476" SrcFileId="1" StartOffset="5460"/>
</LocList>
</BasicBoolTerm>
<BasicBoolTerm Intrnl_Id="299">
<LocList>
<Loc EndOffset="5496" SrcFileId="1" StartOffset="5480"/>
</LocList>
</BasicBoolTerm>
<LocList>
<Loc EndOffset="5479" SrcFileId="1" StartOffset="5477"/>
</LocList>
</OpTerm>
<LocList>
<Loc EndOffset="5458" SrcFileId="1" StartOffset="5456"/>
</LocList>
</OpTerm>
<OpTerm BooleanOpId="9" Intrnl_Id="300">
<BasicBoolTerm Intrnl_Id="301">
<LocList>
<Loc EndOffset="5535" SrcFileId="1" StartOffset="5519"/>
</LocList>
</BasicBoolTerm>
<BasicBoolTerm Intrnl_Id="302">
<LocList>
<Loc EndOffset="5555" SrcFileId="1" StartOffset="5539"/>
</LocList>
</BasicBoolTerm>
<LocList>
<Loc EndOffset="5538" SrcFileId="1" StartOffset="5536"/>
</LocList>
</OpTerm>
<LocList>
<Loc EndOffset="5517" SrcFileId="1" StartOffset="5515"/>
</LocList>
</OpTerm>
<OpTerm BooleanOpId="9" Intrnl_Id="303">
<BasicBoolTerm Intrnl_Id="304">
<LocList>
<Loc EndOffset="5594" SrcFileId="1" StartOffset="5578"/>
</LocList>
</BasicBoolTerm>
<BasicBoolTerm Intrnl_Id="305">
<LocList>
<Loc EndOffset="5614" SrcFileId="1" StartOffset="5598"/>
</LocList>
</BasicBoolTerm>
<LocList>
<Loc EndOffset="5597" SrcFileId="1" StartOffset="5595"/>
</LocList>
</OpTerm>
<LocList>
<Loc EndOffset="5576" SrcFileId="1" StartOffset="5574"/>
</LocList>
</OpTerm>
<OpTerm BooleanOpId="9" Intrnl_Id="306">
<BasicBoolTerm Intrnl_Id="307">
<LocList>
<Loc EndOffset="5653" SrcFileId="1" StartOffset="5637"/>
</LocList>
</BasicBoolTerm>
<BasicBoolTerm Intrnl_Id="308">
<LocList>
<Loc EndOffset="5673" SrcFileId="1" StartOffset="5657"/>
</LocList>
</BasicBoolTerm>
<LocList>
<Loc EndOffset="5656" SrcFileId="1" StartOffset="5654"/>
</LocList>
</OpTerm>
<LocList>
<Loc EndOffset="5635" SrcFileId="1" StartOffset="5633"/>
</LocList>
</OpTerm>
</RootTerm>
</CondStmnt>
<BasicStmnt CovItemId="S79" CovItemPrefix="com.OriginalFiles.Piece.java" Intrnl_Id="309">
<LocList>
<Loc EndOffset="5737" SrcFileId="1" StartOffset="5724"/>
</LocList>
</BasicStmnt>
</StmntSeq>
</HierarchyLvl>
<HierarchyLvl HierarchyLvlId="235" HierarchyLvlTypeId="13" Intrnl_Id="310" Name="blockValue">
<Header>
<Loc EndOffset="5776" SrcFileId="1" StartOffset="5752"/>
</Header>
<LocList>
<Loc EndOffset="6287" SrcFileId="1" StartOffset="5752"/>
</LocList>
<StmntSeq Intrnl_Id="311">
<LocList>
<Loc EndOffset="5808" SrcFileId="1" StartOffset="5788"/>
<Loc EndOffset="5831" SrcFileId="1" StartOffset="5818"/>
<Loc EndOffset="5924" SrcFileId="1" StartOffset="5841"/>
<Loc EndOffset="5988" SrcFileId="1" StartOffset="5934"/>
<Loc EndOffset="6052" SrcFileId="1" StartOffset="5998"/>
<Loc EndOffset="6230" SrcFileId="1" StartOffset="6062"/>
<Loc EndOffset="6280" SrcFileId="1" StartOffset="6240"/>
</LocList>
<BasicStmnt CovItemId="S80" CovItemPrefix="com.OriginalFiles.Piece.java" Intrnl_Id="312">
<LocList>
<Loc EndOffset="5808" SrcFileId="1" StartOffset="5788"/>
</LocList>
</BasicStmnt>
<BasicStmnt CovItemId="S81" CovItemPrefix="com.OriginalFiles.Piece.java" Intrnl_Id="313">
<LocList>
<Loc EndOffset="5831" SrcFileId="1" StartOffset="5818"/>
</LocList>
</BasicStmnt>
<CondStmnt CovItemId="S82" CovItemPrefix="com.OriginalFiles.Piece.java" Intrnl_Id="314">
<Branch CovItemId="B45" CovItemPrefix="com.OriginalFiles.Piece.java" Implct="false" Intrnl_Id="315">
<Cond/>
<LocList>
<Loc EndOffset="5924" SrcFileId="1" StartOffset="5888"/>
</LocList>
<StmntSeq Intrnl_Id="316">
<LocList>
<Loc EndOffset="5913" SrcFileId="1" StartOffset="5903"/>
</LocList>
<BasicStmnt CovItemId="S83" CovItemPrefix="com.OriginalFiles.Piece.java" Intrnl_Id="317">
<LocList>
<Loc EndOffset="5913" SrcFileId="1" StartOffset="5903"/>
</LocList>
</BasicStmnt>
</StmntSeq>
</Branch>
<Branch CovItemId="B46" CovItemPrefix="com.OriginalFiles.Piece.java" Implct="true" Intrnl_Id="318">
<Cond/>
<LocList/>
<StmntSeq Intrnl_Id="319">
<LocList/>
</StmntSeq>
</Branch>
<Keyword EndOffset="5843" SrcFileId="1" StartOffset="5841"/>
<LocList>
<Loc EndOffset="5924" SrcFileId="1" StartOffset="5841"/>
</LocList>
<RootTerm CovItemId="C23" CovItemPrefix="com.OriginalFiles.Piece.java" Intrnl_Id="320">
<BasicBoolTerm Intrnl_Id="321">
<LocList>
<Loc EndOffset="5886" SrcFileId="1" StartOffset="5845"/>
</LocList>
</BasicBoolTerm>
</RootTerm>
</CondStmnt>
<BasicStmnt CovItemId="S84" CovItemPrefix="com.OriginalFiles.Piece.java" Intrnl_Id="322">
<LocList>
<Loc EndOffset="5988" SrcFileId="1" StartOffset="5934"/>
</LocList>
</BasicStmnt>
<BasicStmnt CovItemId="S85" CovItemPrefix="com.OriginalFiles.Piece.java" Intrnl_Id="323">
<LocList>
<Loc EndOffset="6052" SrcFileId="1" StartOffset="5998"/>
</LocList>
</BasicStmnt>
<CondStmnt CovItemId="S86" CovItemPrefix="com.OriginalFiles.Piece.java" Intrnl_Id="324">
<Branch CovItemId="B47" CovItemPrefix="com.OriginalFiles.Piece.java" Implct="false" Intrnl_Id="325">
<Cond/>
<LocList>
<Loc EndOffset="6230" SrcFileId="1" StartOffset="6082"/>
</LocList>
<StmntSeq Intrnl_Id="326">
<LocList>
<Loc EndOffset="6151" SrcFileId="1" StartOffset="6097"/>
<Loc EndOffset="6219" SrcFileId="1" StartOffset="6165"/>
</LocList>
<BasicStmnt CovItemId="S87" CovItemPrefix="com.OriginalFiles.Piece.java" Intrnl_Id="327">
<LocList>
<Loc EndOffset="6151" SrcFileId="1" StartOffset="6097"/>
</LocList>
</BasicStmnt>
<BasicStmnt CovItemId="S88" CovItemPrefix="com.OriginalFiles.Piece.java" Intrnl_Id="328">
<LocList>
<Loc EndOffset="6219" SrcFileId="1" StartOffset="6165"/>
</LocList>
</BasicStmnt>
</StmntSeq>
</Branch>
<Branch CovItemId="B48" CovItemPrefix="com.OriginalFiles.Piece.java" Implct="true" Intrnl_Id="329">
<Cond/>
<LocList/>
<StmntSeq Intrnl_Id="330">
<LocList/>
</StmntSeq>
</Branch>
<Keyword EndOffset="6064" SrcFileId="1" StartOffset="6062"/>
<LocList>
<Loc EndOffset="6230" SrcFileId="1" StartOffset="6062"/>
</LocList>
<RootTerm CovItemId="C24" CovItemPrefix="com.OriginalFiles.Piece.java" Intrnl_Id="331">
<BasicBoolTerm Intrnl_Id="332">
<LocList>
<Loc EndOffset="6080" SrcFileId="1" StartOffset="6066"/>
</LocList>
</BasicBoolTerm>
</RootTerm>
</CondStmnt>
<BasicStmnt CovItemId="S89" CovItemPrefix="com.OriginalFiles.Piece.java" Intrnl_Id="333">
<LocList>
<Loc EndOffset="6280" SrcFileId="1" StartOffset="6240"/>
</LocList>
</BasicStmnt>
</StmntSeq>
</HierarchyLvl>
<HierarchyLvl HierarchyLvlId="236" HierarchyLvlTypeId="13" Intrnl_Id="334" Name="blockFields">
<Header>
<Loc EndOffset="6346" SrcFileId="1" StartOffset="6295"/>
</Header>
<LocList>
<Loc EndOffset="7133" SrcFileId="1" StartOffset="6295"/>
</LocList>
<StmntSeq Intrnl_Id="335">
<LocList>
<Loc EndOffset="7105" SrcFileId="1" StartOffset="6358"/>
<Loc EndOffset="7126" SrcFileId="1" StartOffset="7117"/>
</LocList>
<CondStmnt CovItemId="S90" CovItemPrefix="com.OriginalFiles.Piece.java" Intrnl_Id="336">
<Branch CovItemId="B49" CovItemPrefix="com.OriginalFiles.Piece.java" Implct="false" Intrnl_Id="337">
<Cond/>
<LocList>
<Loc EndOffset="7105" SrcFileId="1" StartOffset="6409"/>
</LocList>
<StmntSeq Intrnl_Id="338">
<LocList>
<Loc EndOffset="7094" SrcFileId="1" StartOffset="6424"/>
</LocList>
<CondStmnt CovItemId="S91" CovItemPrefix="com.OriginalFiles.Piece.java" Intrnl_Id="339">
<Branch CovItemId="B51" CovItemPrefix="com.OriginalFiles.Piece.java" Implct="false" Intrnl_Id="340">
<Cond/>
<LocList>
<Loc EndOffset="7094" SrcFileId="1" StartOffset="6481"/>
</LocList>
<StmntSeq Intrnl_Id="341">
<LocList>
<Loc EndOffset="6520" SrcFileId="1" StartOffset="6500"/>
<Loc EndOffset="6598" SrcFileId="1" StartOffset="6538"/>
<Loc EndOffset="6709" SrcFileId="1" StartOffset="6616"/>
<Loc EndOffset="6820" SrcFileId="1" StartOffset="6727"/>
<Loc EndOffset="6931" SrcFileId="1" StartOffset="6838"/>
<Loc EndOffset="7042" SrcFileId="1" StartOffset="6949"/>
<Loc EndOffset="7079" SrcFileId="1" StartOffset="7060"/>
</LocList>
<BasicStmnt CovItemId="S92" CovItemPrefix="com.OriginalFiles.Piece.java" Intrnl_Id="342">
<LocList>
<Loc EndOffset="6520" SrcFileId="1" StartOffset="6500"/>
</LocList>
</BasicStmnt>
<BasicStmnt CovItemId="S93" CovItemPrefix="com.OriginalFiles.Piece.java" Intrnl_Id="343">
<LocList>
<Loc EndOffset="6598" SrcFileId="1" StartOffset="6538"/>
</LocList>
</BasicStmnt>
<BasicStmnt CovItemId="S94" CovItemPrefix="com.OriginalFiles.Piece.java" Intrnl_Id="344">
<LocList>
<Loc EndOffset="6709" SrcFileId="1" StartOffset="6616"/>
</LocList>
</BasicStmnt>
<BasicStmnt CovItemId="S95" CovItemPrefix="com.OriginalFiles.Piece.java" Intrnl_Id="345">
<LocList>
<Loc EndOffset="6820" SrcFileId="1" StartOffset="6727"/>
</LocList>
</BasicStmnt>
<BasicStmnt CovItemId="S96" CovItemPrefix="com.OriginalFiles.Piece.java" Intrnl_Id="346">
<LocList>
<Loc EndOffset="6931" SrcFileId="1" StartOffset="6838"/>
</LocList>
</BasicStmnt>
<BasicStmnt CovItemId="S97" CovItemPrefix="com.OriginalFiles.Piece.java" Intrnl_Id="347">
<LocList>
<Loc EndOffset="7042" SrcFileId="1" StartOffset="6949"/>
</LocList>
</BasicStmnt>
<BasicStmnt CovItemId="S98" CovItemPrefix="com.OriginalFiles.Piece.java" Intrnl_Id="348">
<LocList>
<Loc EndOffset="7079" SrcFileId="1" StartOffset="7060"/>
</LocList>
</BasicStmnt>
</StmntSeq>
</Branch>
<Branch CovItemId="B52" CovItemPrefix="com.OriginalFiles.Piece.java" Implct="true" Intrnl_Id="349">
<Cond/>
<LocList/>
<StmntSeq Intrnl_Id="350">
<LocList/>
</StmntSeq>
</Branch>
<Keyword EndOffset="6426" SrcFileId="1" StartOffset="6424"/>
<LocList>
<Loc EndOffset="7094" SrcFileId="1" StartOffset="6424"/>
</LocList>
<RootTerm CovItemId="C26" CovItemPrefix="com.OriginalFiles.Piece.java" Intrnl_Id="351">
<BasicBoolTerm Intrnl_Id="352">
<LocList>
<Loc EndOffset="6479" SrcFileId="1" StartOffset="6428"/>
</LocList>
</BasicBoolTerm>
</RootTerm>
</CondStmnt>
</StmntSeq>
</Branch>
<Branch CovItemId="B50" CovItemPrefix="com.OriginalFiles.Piece.java" Implct="true" Intrnl_Id="353">
<Cond/>
<LocList/>
<StmntSeq Intrnl_Id="354">
<LocList/>
</StmntSeq>
</Branch>
<Keyword EndOffset="6360" SrcFileId="1" StartOffset="6358"/>
<LocList>
<Loc EndOffset="7105" SrcFileId="1" StartOffset="6358"/>
</LocList>
<RootTerm CovItemId="C25" CovItemPrefix="com.OriginalFiles.Piece.java" Intrnl_Id="355">
<BasicBoolTerm Intrnl_Id="356">
<LocList>
<Loc EndOffset="6407" SrcFileId="1" StartOffset="6362"/>
</LocList>
</BasicBoolTerm>
</RootTerm>
</CondStmnt>
<BasicStmnt CovItemId="S99" CovItemPrefix="com.OriginalFiles.Piece.java" Intrnl_Id="357">
<LocList>
<Loc EndOffset="7126" SrcFileId="1" StartOffset="7117"/>
</LocList>
</BasicStmnt>
</StmntSeq>
</HierarchyLvl>
<HierarchyLvl HierarchyLvlId="237" HierarchyLvlTypeId="13" Intrnl_Id="358" Name="checkBlockade">
<Header>
<Loc EndOffset="7212" SrcFileId="1" StartOffset="7141"/>
</Header>
<LocList>
<Loc EndOffset="8706" SrcFileId="1" StartOffset="7141"/>
</LocList>
<StmntSeq Intrnl_Id="359">
<LocList>
<Loc EndOffset="7294" SrcFileId="1" StartOffset="7224"/>
<Loc EndOffset="8680" SrcFileId="1" StartOffset="7304"/>
<Loc EndOffset="8699" SrcFileId="1" StartOffset="8690"/>
</LocList>
<BasicStmnt CovItemId="S100" CovItemPrefix="com.OriginalFiles.Piece.java" Intrnl_Id="360">
<LocList>
<Loc EndOffset="7294" SrcFileId="1" StartOffset="7224"/>
</LocList>
</BasicStmnt>
<CondStmnt CovItemId="S101" CovItemPrefix="com.OriginalFiles.Piece.java" Intrnl_Id="361">
<Branch CovItemId="B53" CovItemPrefix="com.OriginalFiles.Piece.java" Implct="false" Intrnl_Id="362">
<Cond/>
<LocList>
<Loc EndOffset="8680" SrcFileId="1" StartOffset="7355"/>
</LocList>
<StmntSeq Intrnl_Id="363">
<LocList>
<Loc EndOffset="8669" SrcFileId="1" StartOffset="7370"/>
</LocList>
<CondStmnt CovItemId="S102" CovItemPrefix="com.OriginalFiles.Piece.java" Intrnl_Id="364">
<Branch CovItemId="B55" CovItemPrefix="com.OriginalFiles.Piece.java" Implct="false" Intrnl_Id="365">
<Cond/>
<LocList>
<Loc EndOffset="8669" SrcFileId="1" StartOffset="7488"/>
</LocList>
<StmntSeq Intrnl_Id="366">
<LocList>
<Loc EndOffset="7520" SrcFileId="1" StartOffset="7507"/>
<Loc EndOffset="7612" SrcFileId="1" StartOffset="7538"/>
<Loc EndOffset="7653" SrcFileId="1" StartOffset="7630"/>
<Loc EndOffset="7692" SrcFileId="1" StartOffset="7671"/>
<Loc EndOffset="7862" SrcFileId="1" StartOffset="7710"/>
<Loc EndOffset="8032" SrcFileId="1" StartOffset="7880"/>
<Loc EndOffset="8614" SrcFileId="1" StartOffset="8052"/>
<Loc EndOffset="8654" SrcFileId="1" StartOffset="8632"/>
</LocList>
<BasicStmnt CovItemId="S103" CovItemPrefix="com.OriginalFiles.Piece.java" Intrnl_Id="367">
<LocList>
<Loc EndOffset="7520" SrcFileId="1" StartOffset="7507"/>
</LocList>
</BasicStmnt>
<CondStmnt CovItemId="S104" CovItemPrefix="com.OriginalFiles.Piece.java" Intrnl_Id="368">
<Branch CovItemId="B57" CovItemPrefix="com.OriginalFiles.Piece.java" Implct="false" Intrnl_Id="369">
<Cond/>
<LocList>
<Loc EndOffset="7612" SrcFileId="1" StartOffset="7560"/>
</LocList>
<StmntSeq Intrnl_Id="370">
<LocList>
<Loc EndOffset="7593" SrcFileId="1" StartOffset="7583"/>
</LocList>
<BasicStmnt CovItemId="S105" CovItemPrefix="com.OriginalFiles.Piece.java" Intrnl_Id="371">
<LocList>
<Loc EndOffset="7593" SrcFileId="1" StartOffset="7583"/>
</LocList>
</BasicStmnt>
</StmntSeq>
</Branch>
<Branch CovItemId="B58" CovItemPrefix="com.OriginalFiles.Piece.java" Implct="true" Intrnl_Id="372">
<Cond/>
<LocList/>
<StmntSeq Intrnl_Id="373">
<LocList/>
</StmntSeq>
</Branch>
<Keyword EndOffset="7540" SrcFileId="1" StartOffset="7538"/>
<LocList>
<Loc EndOffset="7612" SrcFileId="1" StartOffset="7538"/>
</LocList>
<RootTerm CovItemId="C29" CovItemPrefix="com.OriginalFiles.Piece.java" Intrnl_Id="374">
<BasicBoolTerm Intrnl_Id="375">
<LocList>
<Loc EndOffset="7558" SrcFileId="1" StartOffset="7542"/>
</LocList>
</BasicBoolTerm>
</RootTerm>
</CondStmnt>
<BasicStmnt CovItemId="S106" CovItemPrefix="com.OriginalFiles.Piece.java" Intrnl_Id="376">
<LocList>
<Loc EndOffset="7653" SrcFileId="1" StartOffset="7630"/>
</LocList>
</BasicStmnt>
<BasicStmnt CovItemId="S107" CovItemPrefix="com.OriginalFiles.Piece.java" Intrnl_Id="377">
<LocList>
<Loc EndOffset="7692" SrcFileId="1" StartOffset="7671"/>
</LocList>
</BasicStmnt>
<CondStmnt CovItemId="S108" CovItemPrefix="com.OriginalFiles.Piece.java" Intrnl_Id="378">
<Branch CovItemId="B59" CovItemPrefix="com.OriginalFiles.Piece.java" Implct="false" Intrnl_Id="379">
<Cond/>
<LocList>
<Loc EndOffset="7862" SrcFileId="1" StartOffset="7799"/>
</LocList>
<StmntSeq Intrnl_Id="380">
<LocList>
<Loc EndOffset="7843" SrcFileId="1" StartOffset="7822"/>
</LocList>
<BasicStmnt CovItemId="S109" CovItemPrefix="com.OriginalFiles.Piece.java" Intrnl_Id="381">
<LocList>
<Loc EndOffset="7843" SrcFileId="1" StartOffset="7822"/>
</LocList>
</BasicStmnt>
</StmntSeq>
</Branch>
<Branch CovItemId="B60" CovItemPrefix="com.OriginalFiles.Piece.java" Implct="true" Intrnl_Id="382">
<Cond/>
<LocList/>
<StmntSeq Intrnl_Id="383">
<LocList/>
</StmntSeq>
</Branch>
<Keyword EndOffset="7712" SrcFileId="1" StartOffset="7710"/>
<LocList>
<Loc EndOffset="7862" SrcFileId="1" StartOffset="7710"/>
</LocList>
<RootTerm CovItemId="C30" CovItemPrefix="com.OriginalFiles.Piece.java" Intrnl_Id="384">
<BasicBoolTerm Intrnl_Id="385">
<LocList>
<Loc EndOffset="7797" SrcFileId="1" StartOffset="7714"/>
</LocList>
</BasicBoolTerm>
</RootTerm>
</CondStmnt>
<CondStmnt CovItemId="S110" CovItemPrefix="com.OriginalFiles.Piece.java" Intrnl_Id="386">
<Branch CovItemId="B61" CovItemPrefix="com.OriginalFiles.Piece.java" Implct="false" Intrnl_Id="387">
<Cond/>
<LocList>
<Loc EndOffset="8032" SrcFileId="1" StartOffset="7969"/>
</LocList>
<StmntSeq Intrnl_Id="388">
<LocList>
<Loc EndOffset="8013" SrcFileId="1" StartOffset="7992"/>
</LocList>
<BasicStmnt CovItemId="S111" CovItemPrefix="com.OriginalFiles.Piece.java" Intrnl_Id="389">
<LocList>
<Loc EndOffset="8013" SrcFileId="1" StartOffset="7992"/>
</LocList>
</BasicStmnt>
</StmntSeq>
</Branch>
<Branch CovItemId="B62" CovItemPrefix="com.OriginalFiles.Piece.java" Implct="true" Intrnl_Id="390">
<Cond/>
<LocList/>
<StmntSeq Intrnl_Id="391">
<LocList/>
</StmntSeq>
</Branch>
<Keyword EndOffset="7882" SrcFileId="1" StartOffset="7880"/>
<LocList>
<Loc EndOffset="8032" SrcFileId="1" StartOffset="7880"/>
</LocList>
<RootTerm CovItemId="C31" CovItemPrefix="com.OriginalFiles.Piece.java" Intrnl_Id="392">
<BasicBoolTerm Intrnl_Id="393">
<LocList>
<Loc EndOffset="7967" SrcFileId="1" StartOffset="7884"/>
</LocList>
</BasicBoolTerm>
</RootTerm>
</CondStmnt>
<CondStmnt CovItemId="S112" CovItemPrefix="com.OriginalFiles.Piece.java" Intrnl_Id="394">
<Branch CovItemId="B63" CovItemPrefix="com.OriginalFiles.Piece.java" Implct="false" Intrnl_Id="395">
<Cond/>
<LocList>
<Loc EndOffset="8545" SrcFileId="1" StartOffset="8153"/>
</LocList>
<StmntSeq Intrnl_Id="396">
<LocList>
<Loc EndOffset="8340" SrcFileId="1" StartOffset="8176"/>
<Loc EndOffset="8526" SrcFileId="1" StartOffset="8362"/>
</LocList>
<CondStmnt CovItemId="S113" CovItemPrefix="com.OriginalFiles.Piece.java" Intrnl_Id="397">
<Branch CovItemId="B65" CovItemPrefix="com.OriginalFiles.Piece.java" Implct="false" Intrnl_Id="398">
<Cond/>
<LocList>
<Loc EndOffset="8340" SrcFileId="1" StartOffset="8269"/>
</LocList>
<StmntSeq Intrnl_Id="399">
<LocList>
<Loc EndOffset="8317" SrcFileId="1" StartOffset="8296"/>
</LocList>
<BasicStmnt CovItemId="S114" CovItemPrefix="com.OriginalFiles.Piece.java" Intrnl_Id="400">
<LocList>
<Loc EndOffset="8317" SrcFileId="1" StartOffset="8296"/>
</LocList>
</BasicStmnt>
</StmntSeq>
</Branch>
<Branch CovItemId="B66" CovItemPrefix="com.OriginalFiles.Piece.java" Implct="true" Intrnl_Id="401">
<Cond/>
<LocList/>
<StmntSeq Intrnl_Id="402">
<LocList/>
</StmntSeq>
</Branch>
<Keyword EndOffset="8178" SrcFileId="1" StartOffset="8176"/>
<LocList>
<Loc EndOffset="8340" SrcFileId="1" StartOffset="8176"/>
</LocList>
<RootTerm CovItemId="C33" CovItemPrefix="com.OriginalFiles.Piece.java" Intrnl_Id="403">
<BasicBoolTerm Intrnl_Id="404">
<LocList>
<Loc EndOffset="8267" SrcFileId="1" StartOffset="8180"/>
</LocList>
</BasicBoolTerm>
</RootTerm>
</CondStmnt>
<CondStmnt CovItemId="S115" CovItemPrefix="com.OriginalFiles.Piece.java" Intrnl_Id="405">
<Branch CovItemId="B67" CovItemPrefix="com.OriginalFiles.Piece.java" Implct="false" Intrnl_Id="406">
<Cond/>
<LocList>
<Loc EndOffset="8526" SrcFileId="1" StartOffset="8455"/>
</LocList>
<StmntSeq Intrnl_Id="407">
<LocList>
<Loc EndOffset="8503" SrcFileId="1" StartOffset="8482"/>
</LocList>
<BasicStmnt CovItemId="S116" CovItemPrefix="com.OriginalFiles.Piece.java" Intrnl_Id="408">
<LocList>
<Loc EndOffset="8503" SrcFileId="1" StartOffset="8482"/>
</LocList>
</BasicStmnt>
</StmntSeq>
</Branch>
<Branch CovItemId="B68" CovItemPrefix="com.OriginalFiles.Piece.java" Implct="true" Intrnl_Id="409">
<Cond/>
<LocList/>
<StmntSeq Intrnl_Id="410">
<LocList/>
</StmntSeq>
</Branch>
<Keyword EndOffset="8364" SrcFileId="1" StartOffset="8362"/>
<LocList>
<Loc EndOffset="8526" SrcFileId="1" StartOffset="8362"/>
</LocList>
<RootTerm CovItemId="C34" CovItemPrefix="com.OriginalFiles.Piece.java" Intrnl_Id="411">
<BasicBoolTerm Intrnl_Id="412">
<LocList>
<Loc EndOffset="8453" SrcFileId="1" StartOffset="8366"/>
</LocList>
</BasicBoolTerm>
</RootTerm>
</CondStmnt>
</StmntSeq>
</Branch>
<Branch CovItemId="B64" CovItemPrefix="com.OriginalFiles.Piece.java" Implct="false" Intrnl_Id="413">
<Cond>
<Loc EndOffset="8550" SrcFileId="1" StartOffset="8546"/>
</Cond>
<LocList>
<Loc EndOffset="8614" SrcFileId="1" StartOffset="8551"/>
</LocList>
<StmntSeq Intrnl_Id="414">
<LocList>
<Loc EndOffset="8595" SrcFileId="1" StartOffset="8574"/>
</LocList>
<BasicStmnt CovItemId="S117" CovItemPrefix="com.OriginalFiles.Piece.java" Intrnl_Id="415">
<LocList>
<Loc EndOffset="8595" SrcFileId="1" StartOffset="8574"/>
</LocList>
</BasicStmnt>
</StmntSeq>
</Branch>
<Keyword EndOffset="8054" SrcFileId="1" StartOffset="8052"/>
<LocList>
<Loc EndOffset="8614" SrcFileId="1" StartOffset="8052"/>
</LocList>
<RootTerm CovItemId="C32" CovItemPrefix="com.OriginalFiles.Piece.java" Intrnl_Id="416">
<BasicBoolTerm Intrnl_Id="417">
<LocList>
<Loc EndOffset="8151" SrcFileId="1" StartOffset="8056"/>
</LocList>
</BasicBoolTerm>
</RootTerm>
</CondStmnt>
<BasicStmnt CovItemId="S118" CovItemPrefix="com.OriginalFiles.Piece.java" Intrnl_Id="418">
<LocList>
<Loc EndOffset="8654" SrcFileId="1" StartOffset="8632"/>
</LocList>
</BasicStmnt>
</StmntSeq>
</Branch>
<Branch CovItemId="B56" CovItemPrefix="com.OriginalFiles.Piece.java" Implct="true" Intrnl_Id="419">
<Cond/>
<LocList/>
<StmntSeq Intrnl_Id="420">
<LocList/>
</StmntSeq>
</Branch>
<Keyword EndOffset="7372" SrcFileId="1" StartOffset="7370"/>
<LocList>
<Loc EndOffset="8669" SrcFileId="1" StartOffset="7370"/>
</LocList>
<RootTerm CovItemId="C28" CovItemPrefix="com.OriginalFiles.Piece.java" Intrnl_Id="421">
<BasicBoolTerm Intrnl_Id="422">
<LocList>
<Loc EndOffset="7486" SrcFileId="1" StartOffset="7374"/>
</LocList>
</BasicBoolTerm>
</RootTerm>
</CondStmnt>
</StmntSeq>
</Branch>
<Branch CovItemId="B54" CovItemPrefix="com.OriginalFiles.Piece.java" Implct="true" Intrnl_Id="423">
<Cond/>
<LocList/>
<StmntSeq Intrnl_Id="424">
<LocList/>
</StmntSeq>
</Branch>
<Keyword EndOffset="7306" SrcFileId="1" StartOffset="7304"/>
<LocList>
<Loc EndOffset="8680" SrcFileId="1" StartOffset="7304"/>
</LocList>
<RootTerm CovItemId="C27" CovItemPrefix="com.OriginalFiles.Piece.java" Intrnl_Id="425">
<BasicBoolTerm Intrnl_Id="426">
<LocList>
<Loc EndOffset="7353" SrcFileId="1" StartOffset="7308"/>
</LocList>
</BasicBoolTerm>
</RootTerm>
</CondStmnt>
<BasicStmnt CovItemId="S119" CovItemPrefix="com.OriginalFiles.Piece.java" Intrnl_Id="427">
<LocList>
<Loc EndOffset="8699" SrcFileId="1" StartOffset="8690"/>
</LocList>
</BasicStmnt>
</StmntSeq>
</HierarchyLvl>
<HierarchyLvl HierarchyLvlId="238" HierarchyLvlTypeId="13" Intrnl_Id="428" Name="closestPiece">
<Header>
<Loc EndOffset="8740" SrcFileId="1" StartOffset="8714"/>
</Header>
<LocList>
<Loc EndOffset="9569" SrcFileId="1" StartOffset="8714"/>
</LocList>
<StmntSeq Intrnl_Id="429">
<LocList>
<Loc EndOffset="8774" SrcFileId="1" StartOffset="8752"/>
<Loc EndOffset="8801" SrcFileId="1" StartOffset="8784"/>
<Loc EndOffset="9536" SrcFileId="1" StartOffset="8811"/>
<Loc EndOffset="9562" SrcFileId="1" StartOffset="9546"/>
</LocList>
<BasicStmnt CovItemId="S120" CovItemPrefix="com.OriginalFiles.Piece.java" Intrnl_Id="430">
<LocList>
<Loc EndOffset="8774" SrcFileId="1" StartOffset="8752"/>
</LocList>
</BasicStmnt>
<BasicStmnt CovItemId="S121" CovItemPrefix="com.OriginalFiles.Piece.java" Intrnl_Id="431">
<LocList>
<Loc EndOffset="8801" SrcFileId="1" StartOffset="8784"/>
</LocList>
</BasicStmnt>
<LoopStmnt CovItemId="S122" CovItemPrefix="com.OriginalFiles.Piece.java" Intrnl_Id="432" MltplExecId="L1-2" MltplExecPrefix="com.OriginalFiles.Piece.java" NvrExecId="L1-0" NvrExecPrefix="com.OriginalFiles.Piece.java" OnceExecutedId="L1-1" OnceExecutedPrefix="com.OriginalFiles.Piece.java" OptBodyExec="true">
<StmntSeq Intrnl_Id="433">
<LocList>
<Loc EndOffset="8871" SrcFileId="1" StartOffset="8857"/>
<Loc EndOffset="9525" SrcFileId="1" StartOffset="8885"/>
</LocList>
<BasicStmnt CovItemId="S123" CovItemPrefix="com.OriginalFiles.Piece.java" Intrnl_Id="434">
<LocList>
<Loc EndOffset="8871" SrcFileId="1" StartOffset="8857"/>
</LocList>
</BasicStmnt>
<LoopStmnt CovItemId="S124" CovItemPrefix="com.OriginalFiles.Piece.java" Intrnl_Id="435" MltplExecId="L2-2" MltplExecPrefix="com.OriginalFiles.Piece.java" NvrExecId="L2-0" NvrExecPrefix="com.OriginalFiles.Piece.java" OnceExecutedId="L2-1" OnceExecutedPrefix="com.OriginalFiles.Piece.java" OptBodyExec="true">
<StmntSeq Intrnl_Id="436">
<LocList>
<Loc EndOffset="9510" SrcFileId="1" StartOffset="8962"/>
</LocList>
<LoopStmnt CovItemId="S125" CovItemPrefix="com.OriginalFiles.Piece.java" Intrnl_Id="437" MltplExecId="L3-2" MltplExecPrefix="com.OriginalFiles.Piece.java" NvrExecId="L3-0" NvrExecPrefix="com.OriginalFiles.Piece.java" OnceExecutedId="L3-1" OnceExecutedPrefix="com.OriginalFiles.Piece.java" OptBodyExec="true">
<StmntSeq Intrnl_Id="438">
<LocList>
<Loc EndOffset="9491" SrcFileId="1" StartOffset="9032"/>
</LocList>
<CondStmnt CovItemId="S126" CovItemPrefix="com.OriginalFiles.Piece.java" Intrnl_Id="439">
<Branch CovItemId="B69" CovItemPrefix="com.OriginalFiles.Piece.java" Implct="false" Intrnl_Id="440">
<Cond/>
<LocList>
<Loc EndOffset="9491" SrcFileId="1" StartOffset="9107"/>
</LocList>
<StmntSeq Intrnl_Id="441">
<LocList>
<Loc EndOffset="9468" SrcFileId="1" StartOffset="9134"/>
</LocList>
<CondStmnt CovItemId="S127" CovItemPrefix="com.OriginalFiles.Piece.java" Intrnl_Id="442">
<Branch CovItemId="B71" CovItemPrefix="com.OriginalFiles.Piece.java" Implct="false" Intrnl_Id="443">
<Cond/>
<LocList>
<Loc EndOffset="9468" SrcFileId="1" StartOffset="9351"/>
</LocList>
<StmntSeq Intrnl_Id="444">
<LocList>
<Loc EndOffset="9395" SrcFileId="1" StartOffset="9382"/>
<Loc EndOffset="9441" SrcFileId="1" StartOffset="9425"/>
</LocList>
<BasicStmnt CovItemId="S128" CovItemPrefix="com.OriginalFiles.Piece.java" Intrnl_Id="445">
<LocList>
<Loc EndOffset="9395" SrcFileId="1" StartOffset="9382"/>
</LocList>
</BasicStmnt>
<BasicStmnt CovItemId="S129" CovItemPrefix="com.OriginalFiles.Piece.java" Intrnl_Id="446">
<LocList>
<Loc EndOffset="9441" SrcFileId="1" StartOffset="9425"/>
</LocList>
</BasicStmnt>
</StmntSeq>
</Branch>
<Branch CovItemId="B72" CovItemPrefix="com.OriginalFiles.Piece.java" Implct="true" Intrnl_Id="447">
<Cond/>
<LocList/>
<StmntSeq Intrnl_Id="448">
<LocList/>
</StmntSeq>
</Branch>
<Keyword EndOffset="9136" SrcFileId="1" StartOffset="9134"/>
<LocList>
<Loc EndOffset="9468" SrcFileId="1" StartOffset="9134"/>
</LocList>
<RootTerm CovItemId="C39" CovItemPrefix="com.OriginalFiles.Piece.java" Intrnl_Id="449">
<BasicBoolTerm Intrnl_Id="450">
<LocList>
<Loc EndOffset="9349" SrcFileId="1" StartOffset="9138"/>
</LocList>
</BasicBoolTerm>
</RootTerm>
</CondStmnt>
</StmntSeq>
</Branch>
<Branch CovItemId="B70" CovItemPrefix="com.OriginalFiles.Piece.java" Implct="true" Intrnl_Id="451">
<Cond/>
<LocList/>
<StmntSeq Intrnl_Id="452">
<LocList/>
</StmntSeq>
</Branch>
<Keyword EndOffset="9034" SrcFileId="1" StartOffset="9032"/>
<LocList>
<Loc EndOffset="9491" SrcFileId="1" StartOffset="9032"/>
</LocList>
<RootTerm CovItemId="C38" CovItemPrefix="com.OriginalFiles.Piece.java" Intrnl_Id="453">
<BasicBoolTerm Intrnl_Id="454">
<LocList>
<Loc EndOffset="9105" SrcFileId="1" StartOffset="9036"/>
</LocList>
</BasicBoolTerm>
</RootTerm>
</CondStmnt>
</StmntSeq>
<Keyword EndOffset="8965" SrcFileId="1" StartOffset="8962"/>
<LocList>
<Loc EndOffset="9510" SrcFileId="1" StartOffset="8962"/>
</LocList>
<RootTerm CovItemId="C37" CovItemPrefix="com.OriginalFiles.Piece.java" Intrnl_Id="455">
<BasicBoolTerm Intrnl_Id="456">
<LocList>
<Loc EndOffset="9002" SrcFileId="1" StartOffset="8986"/>
</LocList>
</BasicBoolTerm>
</RootTerm>
</LoopStmnt>
</StmntSeq>
<Keyword EndOffset="8899" SrcFileId="1" StartOffset="8896"/>
<LocList>
<Loc EndOffset="9525" SrcFileId="1" StartOffset="8885"/>
</LocList>
<RootTerm CovItemId="C36" CovItemPrefix="com.OriginalFiles.Piece.java" Intrnl_Id="457">
<BasicBoolTerm Intrnl_Id="458">
<LocList>
<Loc EndOffset="8936" SrcFileId="1" StartOffset="8920"/>
</LocList>
</BasicBoolTerm>
</RootTerm>
</LoopStmnt>
</StmntSeq>
<Keyword EndOffset="8816" SrcFileId="1" StartOffset="8811"/>
<LocList>
<Loc EndOffset="9536" SrcFileId="1" StartOffset="8811"/>
</LocList>
<RootTerm CovItemId="C35" CovItemPrefix="com.OriginalFiles.Piece.java" Intrnl_Id="459">
<OpTerm BooleanOpId="9" Intrnl_Id="460">
<OpTerm BooleanOpId="8" Intrnl_Id="461">
<BasicBoolTerm Intrnl_Id="462">
<LocList>
<Loc EndOffset="8824" SrcFileId="1" StartOffset="8819"/>
</LocList>
</BasicBoolTerm>
<LocList>
<Loc EndOffset="8819" SrcFileId="1" StartOffset="8818"/>
</LocList>
</OpTerm>
<BasicBoolTerm Intrnl_Id="463">
<LocList>
<Loc EndOffset="8840" SrcFileId="1" StartOffset="8828"/>
</LocList>
</BasicBoolTerm>
<LocList>
<Loc EndOffset="8827" SrcFileId="1" StartOffset="8825"/>
</LocList>
</OpTerm>
</RootTerm>
</LoopStmnt>
<BasicStmnt CovItemId="S130" CovItemPrefix="com.OriginalFiles.Piece.java" Intrnl_Id="464">
<LocList>
<Loc EndOffset="9562" SrcFileId="1" StartOffset="9546"/>
</LocList>
</BasicStmnt>
</StmntSeq>
</HierarchyLvl>
</HierarchyLvl>
<HierarchyLvl HierarchyLvlId="245" HierarchyLvlTypeId="12" Intrnl_Id="465" Name="Move">
<Header>
<Loc EndOffset="102" SrcFileId="2" StartOffset="85"/>
</Header>
<LocList>
<Loc EndOffset="1195" SrcFileId="2" StartOffset="85"/>
</LocList>
<StmntSeq Intrnl_Id="466">
<LocList>
<Loc EndOffset="227" SrcFileId="2" StartOffset="171"/>
<Loc EndOffset="270" SrcFileId="2" StartOffset="233"/>
</LocList>
<BasicStmnt CovItemId="S1" CovItemPrefix="com.OriginalFiles.Move.java" Intrnl_Id="467">
<LocList>
<Loc EndOffset="227" SrcFileId="2" StartOffset="171"/>
</LocList>
</BasicStmnt>
<BasicStmnt CovItemId="S2" CovItemPrefix="com.OriginalFiles.Move.java" Intrnl_Id="468">
<LocList>
<Loc EndOffset="270" SrcFileId="2" StartOffset="233"/>
</LocList>
</BasicStmnt>
</StmntSeq>
<HierarchyLvl HierarchyLvlId="240" HierarchyLvlTypeId="13" Intrnl_Id="469" Name="Move">
<Header>
<Loc EndOffset="336" SrcFileId="2" StartOffset="278"/>
</Header>
<LocList>
<Loc EndOffset="544" SrcFileId="2" StartOffset="278"/>
</LocList>
<StmntSeq Intrnl_Id="470">
<LocList>
<Loc EndOffset="396" SrcFileId="2" StartOffset="348"/>
<Loc EndOffset="431" SrcFileId="2" StartOffset="406"/>
<Loc EndOffset="464" SrcFileId="2" StartOffset="441"/>
<Loc EndOffset="498" SrcFileId="2" StartOffset="474"/>
<Loc EndOffset="537" SrcFileId="2" StartOffset="508"/>
</LocList>
<BasicStmnt CovItemId="S3" CovItemPrefix="com.OriginalFiles.Move.java" Intrnl_Id="471">
<LocList>
<Loc EndOffset="396" SrcFileId="2" StartOffset="348"/>
</LocList>
</BasicStmnt>
<BasicStmnt CovItemId="S4" CovItemPrefix="com.OriginalFiles.Move.java" Intrnl_Id="472">
<LocList>
<Loc EndOffset="431" SrcFileId="2" StartOffset="406"/>
</LocList>
</BasicStmnt>
<BasicStmnt CovItemId="S5" CovItemPrefix="com.OriginalFiles.Move.java" Intrnl_Id="473">
<LocList>
<Loc EndOffset="464" SrcFileId="2" StartOffset="441"/>
</LocList>
</BasicStmnt>
<BasicStmnt CovItemId="S6" CovItemPrefix="com.OriginalFiles.Move.java" Intrnl_Id="474">
<LocList>
<Loc EndOffset="498" SrcFileId="2" StartOffset="474"/>
</LocList>
</BasicStmnt>
<BasicStmnt CovItemId="S7" CovItemPrefix="com.OriginalFiles.Move.java" Intrnl_Id="475">
<LocList>
<Loc EndOffset="537" SrcFileId="2" StartOffset="508"/>
</LocList>
</BasicStmnt>
</StmntSeq>
</HierarchyLvl>
<HierarchyLvl HierarchyLvlId="241" HierarchyLvlTypeId="13" Intrnl_Id="476" Name="Move">
<Header>
<Loc EndOffset="604" SrcFileId="2" StartOffset="552"/>
</Header>
<LocList>
<Loc EndOffset="686" SrcFileId="2" StartOffset="552"/>
</LocList>
<StmntSeq Intrnl_Id="477">
<LocList>
<Loc EndOffset="640" SrcFileId="2" StartOffset="616"/>
<Loc EndOffset="679" SrcFileId="2" StartOffset="650"/>
</LocList>
<BasicStmnt CovItemId="S8" CovItemPrefix="com.OriginalFiles.Move.java" Intrnl_Id="478">
<LocList>
<Loc EndOffset="640" SrcFileId="2" StartOffset="616"/>
</LocList>
</BasicStmnt>
<BasicStmnt CovItemId="S9" CovItemPrefix="com.OriginalFiles.Move.java" Intrnl_Id="479">
<LocList>
<Loc EndOffset="679" SrcFileId="2" StartOffset="650"/>
</LocList>
</BasicStmnt>
</StmntSeq>
</HierarchyLvl>
<HierarchyLvl HierarchyLvlId="242" HierarchyLvlTypeId="13" Intrnl_Id="480" Name="Move">
<Header>
<Loc EndOffset="707" SrcFileId="2" StartOffset="694"/>
</Header>
<LocList>
<Loc EndOffset="808" SrcFileId="2" StartOffset="694"/>
</LocList>
<StmntSeq Intrnl_Id="481">
<LocList>
<Loc EndOffset="767" SrcFileId="2" StartOffset="719"/>
<Loc EndOffset="801" SrcFileId="2" StartOffset="777"/>
</LocList>
<BasicStmnt CovItemId="S10" CovItemPrefix="com.OriginalFiles.Move.java" Intrnl_Id="482">
<LocList>
<Loc EndOffset="767" SrcFileId="2" StartOffset="719"/>
</LocList>
</BasicStmnt>
<BasicStmnt CovItemId="S11" CovItemPrefix="com.OriginalFiles.Move.java" Intrnl_Id="483">
<LocList>
<Loc EndOffset="801" SrcFileId="2" StartOffset="777"/>
</LocList>
</BasicStmnt>
</StmntSeq>
</HierarchyLvl>
<HierarchyLvl HierarchyLvlId="243" HierarchyLvlTypeId="13" Intrnl_Id="484" Name="isJump">
<Header>
<Loc EndOffset="845" SrcFileId="2" StartOffset="816"/>
</Header>
<LocList>
<Loc EndOffset="1107" SrcFileId="2" StartOffset="816"/>
</LocList>
<StmntSeq Intrnl_Id="485">
<LocList>
<Loc EndOffset="1100" SrcFileId="2" StartOffset="857"/>
</LocList>
<CondStmnt CovItemId="S12" CovItemPrefix="com.OriginalFiles.Move.java" Intrnl_Id="486">
<Branch CovItemId="B1" CovItemPrefix="com.OriginalFiles.Move.java" Implct="false" Intrnl_Id="487">
<Cond/>
<LocList>
<Loc EndOffset="1055" SrcFileId="2" StartOffset="880"/>
</LocList>
<StmntSeq Intrnl_Id="488">
<LocList>
<Loc EndOffset="919" SrcFileId="2" StartOffset="895"/>
<Loc EndOffset="960" SrcFileId="2" StartOffset="933"/>
<Loc EndOffset="1044" SrcFileId="2" StartOffset="976"/>
</LocList>
<BasicStmnt CovItemId="S13" CovItemPrefix="com.OriginalFiles.Move.java" Intrnl_Id="489">
<LocList>
<Loc EndOffset="919" SrcFileId="2" StartOffset="895"/>
</LocList>
</BasicStmnt>
<BasicStmnt CovItemId="S14" CovItemPrefix="com.OriginalFiles.Move.java" Intrnl_Id="490">
<LocList>
<Loc EndOffset="960" SrcFileId="2" StartOffset="933"/>
</LocList>
</BasicStmnt>
<BasicStmnt CovItemId="S15" CovItemPrefix="com.OriginalFiles.Move.java" Intrnl_Id="491">
<LocList>
<Loc EndOffset="1044" SrcFileId="2" StartOffset="976"/>
</LocList>
</BasicStmnt>
</StmntSeq>
</Branch>
<Branch CovItemId="B2" CovItemPrefix="com.OriginalFiles.Move.java" Implct="false" Intrnl_Id="492">
<Cond>
<Loc EndOffset="1060" SrcFileId="2" StartOffset="1056"/>
</Cond>
<LocList>
<Loc EndOffset="1100" SrcFileId="2" StartOffset="1061"/>
</LocList>
<StmntSeq Intrnl_Id="493">
<LocList>
<Loc EndOffset="1089" SrcFileId="2" StartOffset="1076"/>
</LocList>
<BasicStmnt CovItemId="S16" CovItemPrefix="com.OriginalFiles.Move.java" Intrnl_Id="494">
<LocList>
<Loc EndOffset="1089" SrcFileId="2" StartOffset="1076"/>
</LocList>
</BasicStmnt>
</StmntSeq>
</Branch>
<Keyword EndOffset="859" SrcFileId="2" StartOffset="857"/>
<LocList>
<Loc EndOffset="1100" SrcFileId="2" StartOffset="857"/>
</LocList>
<RootTerm CovItemId="C1" CovItemPrefix="com.OriginalFiles.Move.java" Intrnl_Id="495">
<BasicBoolTerm Intrnl_Id="496">
<LocList>
<Loc EndOffset="878" SrcFileId="2" StartOffset="861"/>
</LocList>
</BasicBoolTerm>
</RootTerm>
</CondStmnt>
</StmntSeq>
</HierarchyLvl>
<HierarchyLvl HierarchyLvlId="244" HierarchyLvlTypeId="13" Intrnl_Id="497" Name="addStep">
<Header>
<Loc EndOffset="1152" SrcFileId="2" StartOffset="1115"/>
</Header>
<LocList>
<Loc EndOffset="1192" SrcFileId="2" StartOffset="1115"/>
</LocList>
<StmntSeq Intrnl_Id="498">
<LocList>
<Loc EndOffset="1185" SrcFileId="2" StartOffset="1164"/>
</LocList>
<BasicStmnt CovItemId="S17" CovItemPrefix="com.OriginalFiles.Move.java" Intrnl_Id="499">
<LocList>
<Loc EndOffset="1185" SrcFileId="2" StartOffset="1164"/>
</LocList>
</BasicStmnt>
</StmntSeq>
</HierarchyLvl>
</HierarchyLvl>
<HierarchyLvl HierarchyLvlId="257" HierarchyLvlTypeId="12" Intrnl_Id="500" Name="MI">
<Header>
<Loc EndOffset="167" SrcFileId="3" StartOffset="152"/>
</Header>
<LocList>
<Loc EndOffset="11552" SrcFileId="3" StartOffset="152"/>
</LocList>
<StmntSeq Intrnl_Id="501">
<LocList>
<Loc EndOffset="253" SrcFileId="3" StartOffset="217"/>
<Loc EndOffset="317" SrcFileId="3" StartOffset="259"/>
<Loc EndOffset="525" SrcFileId="3" StartOffset="490"/>
<Loc EndOffset="566" SrcFileId="3" StartOffset="531"/>
<Loc EndOffset="606" SrcFileId="3" StartOffset="574"/>
<Loc EndOffset="644" SrcFileId="3" StartOffset="612"/>
<Loc EndOffset="686" SrcFileId="3" StartOffset="650"/>
<Loc EndOffset="728" SrcFileId="3" StartOffset="692"/>
<Loc EndOffset="1091" SrcFileId="3" StartOffset="1044"/>
<Loc EndOffset="1144" SrcFileId="3" StartOffset="1097"/>
</LocList>
<BasicStmnt CovItemId="S1" CovItemPrefix="com.OriginalFiles.MI.java" Intrnl_Id="502">
<LocList>
<Loc EndOffset="253" SrcFileId="3" StartOffset="217"/>
</LocList>
</BasicStmnt>
<BasicStmnt CovItemId="S2" CovItemPrefix="com.OriginalFiles.MI.java" Intrnl_Id="503">
<LocList>
<Loc EndOffset="317" SrcFileId="3" StartOffset="259"/>
</LocList>
</BasicStmnt>
<BasicStmnt CovItemId="S3" CovItemPrefix="com.OriginalFiles.MI.java" Intrnl_Id="504">
<LocList>
<Loc EndOffset="525" SrcFileId="3" StartOffset="490"/>
</LocList>
</BasicStmnt>
<BasicStmnt CovItemId="S4" CovItemPrefix="com.OriginalFiles.MI.java" Intrnl_Id="505">
<LocList>
<Loc EndOffset="566" SrcFileId="3" StartOffset="531"/>
</LocList>
</BasicStmnt>
<BasicStmnt CovItemId="S5" CovItemPrefix="com.OriginalFiles.MI.java" Intrnl_Id="506">
<LocList>
<Loc EndOffset="606" SrcFileId="3" StartOffset="574"/>
</LocList>
</BasicStmnt>
<BasicStmnt CovItemId="S6" CovItemPrefix="com.OriginalFiles.MI.java" Intrnl_Id="507">
<LocList>
<Loc EndOffset="644" SrcFileId="3" StartOffset="612"/>
</LocList>
</BasicStmnt>
<BasicStmnt CovItemId="S7" CovItemPrefix="com.OriginalFiles.MI.java" Intrnl_Id="508">
<LocList>
<Loc EndOffset="686" SrcFileId="3" StartOffset="650"/>
</LocList>
</BasicStmnt>
<BasicStmnt CovItemId="S8" CovItemPrefix="com.OriginalFiles.MI.java" Intrnl_Id="509">
<LocList>
<Loc EndOffset="728" SrcFileId="3" StartOffset="692"/>
</LocList>
</BasicStmnt>
<BasicStmnt CovItemId="S15" CovItemPrefix="com.OriginalFiles.MI.java" Intrnl_Id="510">
<LocList>
<Loc EndOffset="1091" SrcFileId="3" StartOffset="1044"/>
</LocList>
</BasicStmnt>
<BasicStmnt CovItemId="S16" CovItemPrefix="com.OriginalFiles.MI.java" Intrnl_Id="511">
<LocList>
<Loc EndOffset="1144" SrcFileId="3" StartOffset="1097"/>
</LocList>
</BasicStmnt>
</StmntSeq>
<HierarchyLvl HierarchyLvlId="246" HierarchyLvlTypeId="13" Intrnl_Id="512" Name="MI">
<Header>
<Loc EndOffset="824" SrcFileId="3" StartOffset="736"/>
</Header>
<LocList>
<Loc EndOffset="1036" SrcFileId="3" StartOffset="736"/>
</LocList>
<StmntSeq Intrnl_Id="513">
<LocList>
<Loc EndOffset="863" SrcFileId="3" StartOffset="836"/>
<Loc EndOffset="901" SrcFileId="3" StartOffset="873"/>
<Loc EndOffset="929" SrcFileId="3" StartOffset="911"/>
<Loc EndOffset="1029" SrcFileId="3" StartOffset="939"/>
</LocList>
<BasicStmnt CovItemId="S9" CovItemPrefix="com.OriginalFiles.MI.java" Intrnl_Id="514">
<LocList>
<Loc EndOffset="863" SrcFileId="3" StartOffset="836"/>
</LocList>
</BasicStmnt>
<BasicStmnt CovItemId="S10" CovItemPrefix="com.OriginalFiles.MI.java" Intrnl_Id="515">
<LocList>
<Loc EndOffset="901" SrcFileId="3" StartOffset="873"/>
</LocList>
</BasicStmnt>
<BasicStmnt CovItemId="S11" CovItemPrefix="com.OriginalFiles.MI.java" Intrnl_Id="516">
<LocList>
<Loc EndOffset="929" SrcFileId="3" StartOffset="911"/>
</LocList>
</BasicStmnt>
<CondStmnt CovItemId="S12" CovItemPrefix="com.OriginalFiles.MI.java" Intrnl_Id="517">
<Branch CovItemId="B1" CovItemPrefix="com.OriginalFiles.MI.java" Implct="false" Intrnl_Id="518">
<Cond/>
<LocList>
<Loc EndOffset="987" SrcFileId="3" StartOffset="952"/>
</LocList>
<StmntSeq Intrnl_Id="519">
<LocList>
<Loc EndOffset="976" SrcFileId="3" StartOffset="967"/>
</LocList>
<BasicStmnt CovItemId="S13" CovItemPrefix="com.OriginalFiles.MI.java" Intrnl_Id="520">
<LocList>
<Loc EndOffset="976" SrcFileId="3" StartOffset="967"/>
</LocList>
</BasicStmnt>
</StmntSeq>
</Branch>
<Branch CovItemId="B2" CovItemPrefix="com.OriginalFiles.MI.java" Implct="false" Intrnl_Id="521">
<Cond>
<Loc EndOffset="992" SrcFileId="3" StartOffset="988"/>
</Cond>
<LocList>
<Loc EndOffset="1029" SrcFileId="3" StartOffset="993"/>
</LocList>
<StmntSeq Intrnl_Id="522">
<LocList>
<Loc EndOffset="1018" SrcFileId="3" StartOffset="1008"/>
</LocList>
<BasicStmnt CovItemId="S14" CovItemPrefix="com.OriginalFiles.MI.java" Intrnl_Id="523">
<LocList>
<Loc EndOffset="1018" SrcFileId="3" StartOffset="1008"/>
</LocList>
</BasicStmnt>
</StmntSeq>
</Branch>
<Keyword EndOffset="941" SrcFileId="3" StartOffset="939"/>
<LocList>
<Loc EndOffset="1029" SrcFileId="3" StartOffset="939"/>
</LocList>
<RootTerm CovItemId="C1" CovItemPrefix="com.OriginalFiles.MI.java" Intrnl_Id="524">
<BasicBoolTerm Intrnl_Id="525">
<LocList>
<Loc EndOffset="950" SrcFileId="3" StartOffset="943"/>
</LocList>
</BasicBoolTerm>
</RootTerm>
</CondStmnt>
</StmntSeq>
</HierarchyLvl>
<HierarchyLvl HierarchyLvlId="247" HierarchyLvlTypeId="13" Intrnl_Id="526" Name="updatePieceList">
<Header>
<Loc EndOffset="1182" SrcFileId="3" StartOffset="1152"/>
</Header>
<LocList>
<Loc EndOffset="1674" SrcFileId="3" StartOffset="1152"/>
</LocList>
<StmntSeq Intrnl_Id="527">
<LocList>
<Loc EndOffset="1212" SrcFileId="3" StartOffset="1194"/>
<Loc EndOffset="1240" SrcFileId="3" StartOffset="1222"/>
<Loc EndOffset="1667" SrcFileId="3" StartOffset="1250"/>
</LocList>
<BasicStmnt CovItemId="S17" CovItemPrefix="com.OriginalFiles.MI.java" Intrnl_Id="528">
<LocList>
<Loc EndOffset="1212" SrcFileId="3" StartOffset="1194"/>
</LocList>
</BasicStmnt>
<BasicStmnt CovItemId="S18" CovItemPrefix="com.OriginalFiles.MI.java" Intrnl_Id="529">
<LocList>
<Loc EndOffset="1240" SrcFileId="3" StartOffset="1222"/>
</LocList>
</BasicStmnt>
<LoopStmnt CovItemId="S19" CovItemPrefix="com.OriginalFiles.MI.java" Intrnl_Id="530" MltplExecId="L1-2" MltplExecPrefix="com.OriginalFiles.MI.java" NvrExecId="L1-0" NvrExecPrefix="com.OriginalFiles.MI.java" OnceExecutedId="L1-1" OnceExecutedPrefix="com.OriginalFiles.MI.java" OptBodyExec="true">
<StmntSeq Intrnl_Id="531">
<LocList>
<Loc EndOffset="1656" SrcFileId="3" StartOffset="1314"/>
</LocList>
<LoopStmnt CovItemId="S20" CovItemPrefix="com.OriginalFiles.MI.java" Intrnl_Id="532" MltplExecId="L2-2" MltplExecPrefix="com.OriginalFiles.MI.java" NvrExecId="L2-0" NvrExecPrefix="com.OriginalFiles.MI.java" OnceExecutedId="L2-1" OnceExecutedPrefix="com.OriginalFiles.MI.java" OptBodyExec="true">
<StmntSeq Intrnl_Id="533">
<LocList>
<Loc EndOffset="1641" SrcFileId="3" StartOffset="1350"/>
</LocList>
<CondStmnt CovItemId="S21" CovItemPrefix="com.OriginalFiles.MI.java" Intrnl_Id="534">
<Branch CovItemId="B3" CovItemPrefix="com.OriginalFiles.MI.java" Implct="false" Intrnl_Id="535">
<Cond/>
<LocList>
<Loc EndOffset="1641" SrcFileId="3" StartOffset="1368"/>
</LocList>
<StmntSeq Intrnl_Id="536">
<LocList>
<Loc EndOffset="1622" SrcFileId="3" StartOffset="1391"/>
</LocList>
<CondStmnt CovItemId="S22" CovItemPrefix="com.OriginalFiles.MI.java" Intrnl_Id="537">
<Branch CovItemId="B5" CovItemPrefix="com.OriginalFiles.MI.java" Implct="false" Intrnl_Id="538">
<Cond/>
<LocList>
<Loc EndOffset="1531" SrcFileId="3" StartOffset="1446"/>
</LocList>
<StmntSeq Intrnl_Id="539">
<LocList>
<Loc EndOffset="1508" SrcFileId="3" StartOffset="1473"/>
</LocList>
<BasicStmnt CovItemId="S23" CovItemPrefix="com.OriginalFiles.MI.java" Intrnl_Id="540">
<LocList>
<Loc EndOffset="1508" SrcFileId="3" StartOffset="1473"/>
</LocList>
</BasicStmnt>
</StmntSeq>
</Branch>
<Branch CovItemId="B6" CovItemPrefix="com.OriginalFiles.MI.java" Implct="false" Intrnl_Id="541">
<Cond>
<Loc EndOffset="1536" SrcFileId="3" StartOffset="1532"/>
</Cond>
<LocList>
<Loc EndOffset="1622" SrcFileId="3" StartOffset="1537"/>
</LocList>
<StmntSeq Intrnl_Id="542">
<LocList>
<Loc EndOffset="1599" SrcFileId="3" StartOffset="1564"/>
</LocList>
<BasicStmnt CovItemId="S24" CovItemPrefix="com.OriginalFiles.MI.java" Intrnl_Id="543">
<LocList>
<Loc EndOffset="1599" SrcFileId="3" StartOffset="1564"/>
</LocList>
</BasicStmnt>
</StmntSeq>
</Branch>
<Keyword EndOffset="1393" SrcFileId="3" StartOffset="1391"/>
<LocList>
<Loc EndOffset="1622" SrcFileId="3" StartOffset="1391"/>
</LocList>
<RootTerm CovItemId="C3" CovItemPrefix="com.OriginalFiles.MI.java" Intrnl_Id="544">
<BasicBoolTerm Intrnl_Id="545">
<LocList>
<Loc EndOffset="1444" SrcFileId="3" StartOffset="1395"/>
</LocList>
</BasicBoolTerm>
</RootTerm>
</CondStmnt>
</StmntSeq>
</Branch>
<Branch CovItemId="B4" CovItemPrefix="com.OriginalFiles.MI.java" Implct="true" Intrnl_Id="546">
<Cond/>
<LocList/>
<StmntSeq Intrnl_Id="547">
<LocList/>
</StmntSeq>
</Branch>
<Keyword EndOffset="1352" SrcFileId="3" StartOffset="1350"/>
<LocList>
<Loc EndOffset="1641" SrcFileId="3" StartOffset="1350"/>
</LocList>
<RootTerm CovItemId="C2" CovItemPrefix="com.OriginalFiles.MI.java" Intrnl_Id="548">
<OpTerm BooleanOpId="8" Intrnl_Id="549">
<BasicBoolTerm Intrnl_Id="550">
<LocList>
<Loc EndOffset="1366" SrcFileId="3" StartOffset="1355"/>
</LocList>
</BasicBoolTerm>
<LocList>
<Loc EndOffset="1355" SrcFileId="3" StartOffset="1354"/>
</LocList>
</OpTerm>
</RootTerm>
</CondStmnt>
</StmntSeq>
<Keyword EndOffset="1317" SrcFileId="3" StartOffset="1314"/>
<LocList>
<Loc EndOffset="1656" SrcFileId="3" StartOffset="1314"/>
</LocList>
</LoopStmnt>
</StmntSeq>
<Keyword EndOffset="1253" SrcFileId="3" StartOffset="1250"/>
<LocList>
<Loc EndOffset="1667" SrcFileId="3" StartOffset="1250"/>
</LocList>
</LoopStmnt>
</StmntSeq>
</HierarchyLvl>
<HierarchyLvl HierarchyLvlId="248" HierarchyLvlTypeId="13" Intrnl_Id="551" Name="lookForBestMove">
<Header>
<Loc EndOffset="1913" SrcFileId="3" StartOffset="1783"/>
</Header>
<LocList>
<Loc EndOffset="2717" SrcFileId="3" StartOffset="1783"/>
</LocList>
<StmntSeq Intrnl_Id="552">
<LocList>
<Loc EndOffset="1943" SrcFileId="3" StartOffset="1925"/>
<Loc EndOffset="1995" SrcFileId="3" StartOffset="1953"/>
<Loc EndOffset="2050" SrcFileId="3" StartOffset="2005"/>
<Loc EndOffset="2080" SrcFileId="3" StartOffset="2060"/>
<Loc EndOffset="2194" SrcFileId="3" StartOffset="2119"/>
<Loc EndOffset="2631" SrcFileId="3" StartOffset="2206"/>
<Loc EndOffset="2710" SrcFileId="3" StartOffset="2641"/>
</LocList>
<BasicStmnt CovItemId="S25" CovItemPrefix="com.OriginalFiles.MI.java" Intrnl_Id="553">
<LocList>
<Loc EndOffset="1943" SrcFileId="3" StartOffset="1925"/>
</LocList>
</BasicStmnt>
<BasicStmnt CovItemId="S26" CovItemPrefix="com.OriginalFiles.MI.java" Intrnl_Id="554">
<LocList>
<Loc EndOffset="1995" SrcFileId="3" StartOffset="1953"/>
</LocList>
</BasicStmnt>
<BasicStmnt CovItemId="S27" CovItemPrefix="com.OriginalFiles.MI.java" Intrnl_Id="555">
<LocList>
<Loc EndOffset="2050" SrcFileId="3" StartOffset="2005"/>
</LocList>
</BasicStmnt>
<BasicStmnt CovItemId="S28" CovItemPrefix="com.OriginalFiles.MI.java" Intrnl_Id="556">
<LocList>
<Loc EndOffset="2080" SrcFileId="3" StartOffset="2060"/>
</LocList>
</BasicStmnt>
<CondStmnt CovItemId="S29" CovItemPrefix="com.OriginalFiles.MI.java" Intrnl_Id="557">
<Branch CovItemId="B7" CovItemPrefix="com.OriginalFiles.MI.java" Implct="false" Intrnl_Id="558">
<Cond/>
<LocList>
<Loc EndOffset="2194" SrcFileId="3" StartOffset="2145"/>
</LocList>
<StmntSeq Intrnl_Id="559">
<LocList>
<Loc EndOffset="2183" SrcFileId="3" StartOffset="2160"/>
</LocList>
<BasicStmnt CovItemId="S30" CovItemPrefix="com.OriginalFiles.MI.java" Intrnl_Id="560">
<LocList>
<Loc EndOffset="2183" SrcFileId="3" StartOffset="2160"/>
</LocList>
</BasicStmnt>
</StmntSeq>
</Branch>
<Branch CovItemId="B8" CovItemPrefix="com.OriginalFiles.MI.java" Implct="true" Intrnl_Id="561">
<Cond/>
<LocList/>
<StmntSeq Intrnl_Id="562">
<LocList/>
</StmntSeq>
</Branch>
<Keyword EndOffset="2121" SrcFileId="3" StartOffset="2119"/>
<LocList>
<Loc EndOffset="2194" SrcFileId="3" StartOffset="2119"/>
</LocList>
<RootTerm CovItemId="C4" CovItemPrefix="com.OriginalFiles.MI.java" Intrnl_Id="563">
<BasicBoolTerm Intrnl_Id="564">
<LocList>
<Loc EndOffset="2143" SrcFileId="3" StartOffset="2123"/>
</LocList>
</BasicBoolTerm>
</RootTerm>
</CondStmnt>
<LoopStmnt CovItemId="S31" CovItemPrefix="com.OriginalFiles.MI.java" Intrnl_Id="565" MltplExecId="L3-2" MltplExecPrefix="com.OriginalFiles.MI.java" NvrExecId="L3-0" NvrExecPrefix="com.OriginalFiles.MI.java" OnceExecutedId="L3-1" OnceExecutedPrefix="com.OriginalFiles.MI.java" OptBodyExec="true">
<StmntSeq Intrnl_Id="566">
<LocList>
<Loc EndOffset="2267" SrcFileId="3" StartOffset="2248"/>
<Loc EndOffset="2344" SrcFileId="3" StartOffset="2283"/>
<Loc EndOffset="2371" SrcFileId="3" StartOffset="2358"/>
<Loc EndOffset="2620" SrcFileId="3" StartOffset="2387"/>
</LocList>
<BasicStmnt CovItemId="S32" CovItemPrefix="com.OriginalFiles.MI.java" Intrnl_Id="567">
<LocList>
<Loc EndOffset="2267" SrcFileId="3" StartOffset="2248"/>
</LocList>
</BasicStmnt>
<BasicStmnt CovItemId="S33" CovItemPrefix="com.OriginalFiles.MI.java" Intrnl_Id="568">
<LocList>
<Loc EndOffset="2344" SrcFileId="3" StartOffset="2283"/>
</LocList>
</BasicStmnt>
<BasicStmnt CovItemId="S34" CovItemPrefix="com.OriginalFiles.MI.java" Intrnl_Id="569">
<LocList>
<Loc EndOffset="2371" SrcFileId="3" StartOffset="2358"/>
</LocList>
</BasicStmnt>
<CondStmnt CovItemId="S35" CovItemPrefix="com.OriginalFiles.MI.java" Intrnl_Id="570">
<Branch CovItemId="B9" CovItemPrefix="com.OriginalFiles.MI.java" Implct="false" Intrnl_Id="571">
<Cond/>
<LocList>
<Loc EndOffset="2536" SrcFileId="3" StartOffset="2410"/>
</LocList>
<StmntSeq Intrnl_Id="572">
<LocList>
<Loc EndOffset="2447" SrcFileId="3" StartOffset="2429"/>
<Loc EndOffset="2483" SrcFileId="3" StartOffset="2465"/>
<Loc EndOffset="2521" SrcFileId="3" StartOffset="2501"/>
</LocList>
<BasicStmnt CovItemId="S36" CovItemPrefix="com.OriginalFiles.MI.java" Intrnl_Id="573">
<LocList>
<Loc EndOffset="2447" SrcFileId="3" StartOffset="2429"/>
</LocList>
</BasicStmnt>
<BasicStmnt CovItemId="S37" CovItemPrefix="com.OriginalFiles.MI.java" Intrnl_Id="574">
<LocList>
<Loc EndOffset="2483" SrcFileId="3" StartOffset="2465"/>
</LocList>
</BasicStmnt>
<BasicStmnt CovItemId="S38" CovItemPrefix="com.OriginalFiles.MI.java" Intrnl_Id="575">
<LocList>
<Loc EndOffset="2521" SrcFileId="3" StartOffset="2501"/>
</LocList>
</BasicStmnt>
</StmntSeq>
</Branch>
<Branch CovItemId="B10" CovItemPrefix="com.OriginalFiles.MI.java" Implct="false" Intrnl_Id="576">
<Cond>
<Loc EndOffset="2541" SrcFileId="3" StartOffset="2537"/>
</Cond>
<LocList>
<Loc EndOffset="2620" SrcFileId="3" StartOffset="2542"/>
</LocList>
<StmntSeq Intrnl_Id="577">
<LocList>
<Loc EndOffset="2620" SrcFileId="3" StartOffset="2542"/>
</LocList>
<CondStmnt CovItemId="S39" CovItemPrefix="com.OriginalFiles.MI.java" Intrnl_Id="578">
<Branch CovItemId="B11" CovItemPrefix="com.OriginalFiles.MI.java" Implct="false" Intrnl_Id="579">
<Cond/>
<LocList>
<Loc EndOffset="2620" SrcFileId="3" StartOffset="2566"/>
</LocList>
<StmntSeq Intrnl_Id="580">
<LocList>
<Loc EndOffset="2605" SrcFileId="3" StartOffset="2585"/>
</LocList>
<BasicStmnt CovItemId="S40" CovItemPrefix="com.OriginalFiles.MI.java" Intrnl_Id="581">
<LocList>
<Loc EndOffset="2605" SrcFileId="3" StartOffset="2585"/>
</LocList>
</BasicStmnt>
</StmntSeq>
</Branch>
<Branch CovItemId="B12" CovItemPrefix="com.OriginalFiles.MI.java" Implct="true" Intrnl_Id="582">
<Cond/>
<LocList/>
<StmntSeq Intrnl_Id="583">
<LocList/>
</StmntSeq>
</Branch>
<Keyword EndOffset="2544" SrcFileId="3" StartOffset="2542"/>
<LocList>
<Loc EndOffset="2620" SrcFileId="3" StartOffset="2542"/>
</LocList>
<RootTerm CovItemId="C6" CovItemPrefix="com.OriginalFiles.MI.java" Intrnl_Id="584">
<BasicBoolTerm Intrnl_Id="585">
<LocList>
<Loc EndOffset="2564" SrcFileId="3" StartOffset="2546"/>
</LocList>
</BasicBoolTerm>
</RootTerm>
</CondStmnt>
</StmntSeq>
</Branch>
<Keyword EndOffset="2389" SrcFileId="3" StartOffset="2387"/>
<LocList>
<Loc EndOffset="2620" SrcFileId="3" StartOffset="2387"/>
</LocList>
<RootTerm CovItemId="C5" CovItemPrefix="com.OriginalFiles.MI.java" Intrnl_Id="586">
<BasicBoolTerm Intrnl_Id="587">
<LocList>
<Loc EndOffset="2408" SrcFileId="3" StartOffset="2391"/>
</LocList>
</BasicBoolTerm>
</RootTerm>
</CondStmnt>
</StmntSeq>
<Keyword EndOffset="2209" SrcFileId="3" StartOffset="2206"/>
<LocList>
<Loc EndOffset="2631" SrcFileId="3" StartOffset="2206"/>
</LocList>
</LoopStmnt>
<BasicStmnt CovItemId="S41" CovItemPrefix="com.OriginalFiles.MI.java" Intrnl_Id="588">
<LocList>
<Loc EndOffset="2710" SrcFileId="3" StartOffset="2641"/>
</LocList>
</BasicStmnt>
</StmntSeq>
</HierarchyLvl>
<HierarchyLvl HierarchyLvlId="249" HierarchyLvlTypeId="13" Intrnl_Id="589" Name="negaMax">
<Header>
<Loc EndOffset="2863" SrcFileId="3" StartOffset="2727"/>
</Header>
<LocList>
<Loc EndOffset="3591" SrcFileId="3" StartOffset="2727"/>
</LocList>
<StmntSeq Intrnl_Id="590">
<LocList>
<Loc EndOffset="3086" SrcFileId="3" StartOffset="2904"/>
<Loc EndOffset="3151" SrcFileId="3" StartOffset="3123"/>
<Loc EndOffset="3187" SrcFileId="3" StartOffset="3163"/>
<Loc EndOffset="3536" SrcFileId="3" StartOffset="3197"/>
<Loc EndOffset="3584" SrcFileId="3" StartOffset="3567"/>
</LocList>
<CondStmnt CovItemId="S42" CovItemPrefix="com.OriginalFiles.MI.java" Intrnl_Id="591">
<Branch CovItemId="B13" CovItemPrefix="com.OriginalFiles.MI.java" Implct="false" Intrnl_Id="592">
<Cond/>
<LocList>
<Loc EndOffset="3086" SrcFileId="3" StartOffset="3029"/>
</LocList>
<StmntSeq Intrnl_Id="593">
<LocList>
<Loc EndOffset="3075" SrcFileId="3" StartOffset="3044"/>
</LocList>
<BasicStmnt CovItemId="S43" CovItemPrefix="com.OriginalFiles.MI.java" Intrnl_Id="594">
<LocList>
<Loc EndOffset="3075" SrcFileId="3" StartOffset="3044"/>
</LocList>
</BasicStmnt>
</StmntSeq>
</Branch>
<Branch CovItemId="B14" CovItemPrefix="com.OriginalFiles.MI.java" Implct="true" Intrnl_Id="595">
<Cond/>
<LocList/>
<StmntSeq Intrnl_Id="596">
<LocList/>
</StmntSeq>
</Branch>
<Keyword EndOffset="2906" SrcFileId="3" StartOffset="2904"/>
<LocList>
<Loc EndOffset="3086" SrcFileId="3" StartOffset="2904"/>
</LocList>
<RootTerm CovItemId="C7" CovItemPrefix="com.OriginalFiles.MI.java" Intrnl_Id="597">
<OpTerm BooleanOpId="10" Intrnl_Id="598">
<BasicBoolTerm Intrnl_Id="599">
<LocList>
<Loc EndOffset="2918" SrcFileId="3" StartOffset="2908"/>
</LocList>
</BasicBoolTerm>
<BasicBoolTerm Intrnl_Id="600">
<LocList>
<Loc EndOffset="3027" SrcFileId="3" StartOffset="2939"/>
</LocList>
</BasicBoolTerm>
<LocList>
<Loc EndOffset="2938" SrcFileId="3" StartOffset="2936"/>
</LocList>
</OpTerm>
</RootTerm>
</CondStmnt>
<BasicStmnt CovItemId="S44" CovItemPrefix="com.OriginalFiles.MI.java" Intrnl_Id="601">
<LocList>
<Loc EndOffset="3151" SrcFileId="3" StartOffset="3123"/>
</LocList>
</BasicStmnt>
<BasicStmnt CovItemId="S45" CovItemPrefix="com.OriginalFiles.MI.java" Intrnl_Id="602">
<LocList>
<Loc EndOffset="3187" SrcFileId="3" StartOffset="3163"/>
</LocList>
</BasicStmnt>
<LoopStmnt CovItemId="S46" CovItemPrefix="com.OriginalFiles.MI.java" Intrnl_Id="603" MltplExecId="L4-2" MltplExecPrefix="com.OriginalFiles.MI.java" NvrExecId="L4-0" NvrExecPrefix="com.OriginalFiles.MI.java" OnceExecutedId="L4-1" OnceExecutedPrefix="com.OriginalFiles.MI.java" OptBodyExec="true">
<StmntSeq Intrnl_Id="604">
<LocList>
<Loc EndOffset="3255" SrcFileId="3" StartOffset="3236"/>
<Loc EndOffset="3329" SrcFileId="3" StartOffset="3269"/>
<Loc EndOffset="3356" SrcFileId="3" StartOffset="3343"/>
<Loc EndOffset="3409" SrcFileId="3" StartOffset="3372"/>
<Loc EndOffset="3452" SrcFileId="3" StartOffset="3423"/>
<Loc EndOffset="3525" SrcFileId="3" StartOffset="3466"/>
</LocList>
<BasicStmnt CovItemId="S47" CovItemPrefix="com.OriginalFiles.MI.java" Intrnl_Id="605">
<LocList>
<Loc EndOffset="3255" SrcFileId="3" StartOffset="3236"/>
</LocList>
</BasicStmnt>
<BasicStmnt CovItemId="S48" CovItemPrefix="com.OriginalFiles.MI.java" Intrnl_Id="606">
<LocList>
<Loc EndOffset="3329" SrcFileId="3" StartOffset="3269"/>
</LocList>
</BasicStmnt>
<BasicStmnt CovItemId="S49" CovItemPrefix="com.OriginalFiles.MI.java" Intrnl_Id="607">
<LocList>
<Loc EndOffset="3356" SrcFileId="3" StartOffset="3343"/>
</LocList>
</BasicStmnt>
<BasicStmnt CovItemId="S50" CovItemPrefix="com.OriginalFiles.MI.java" Intrnl_Id="608">
<LocList>
<Loc EndOffset="3409" SrcFileId="3" StartOffset="3372"/>
</LocList>
</BasicStmnt>
<BasicStmnt CovItemId="S51" CovItemPrefix="com.OriginalFiles.MI.java" Intrnl_Id="609">
<LocList>
<Loc EndOffset="3452" SrcFileId="3" StartOffset="3423"/>
</LocList>
</BasicStmnt>
<CondStmnt CovItemId="S52" CovItemPrefix="com.OriginalFiles.MI.java" Intrnl_Id="610">
<Branch CovItemId="B15" CovItemPrefix="com.OriginalFiles.MI.java" Implct="false" Intrnl_Id="611">
<Cond/>
<LocList>
<Loc EndOffset="3525" SrcFileId="3" StartOffset="3485"/>
</LocList>
<StmntSeq Intrnl_Id="612">
<LocList>
<Loc EndOffset="3510" SrcFileId="3" StartOffset="3504"/>
</LocList>
<BasicStmnt CovItemId="S53" CovItemPrefix="com.OriginalFiles.MI.java" Intrnl_Id="613">
<LocList>
<Loc EndOffset="3510" SrcFileId="3" StartOffset="3504"/>
</LocList>
</BasicStmnt>
</StmntSeq>
</Branch>
<Branch CovItemId="B16" CovItemPrefix="com.OriginalFiles.MI.java" Implct="true" Intrnl_Id="614">
<Cond/>
<LocList/>
<StmntSeq Intrnl_Id="615">
<LocList/>
</StmntSeq>
</Branch>
<Keyword EndOffset="3468" SrcFileId="3" StartOffset="3466"/>
<LocList>
<Loc EndOffset="3525" SrcFileId="3" StartOffset="3466"/>
</LocList>
<RootTerm CovItemId="C8" CovItemPrefix="com.OriginalFiles.MI.java" Intrnl_Id="616">
<BasicBoolTerm Intrnl_Id="617">
<LocList>
<Loc EndOffset="3483" SrcFileId="3" StartOffset="3470"/>
</LocList>
</BasicBoolTerm>
</RootTerm>
</CondStmnt>
</StmntSeq>
<Keyword EndOffset="3200" SrcFileId="3" StartOffset="3197"/>
<LocList>
<Loc EndOffset="3536" SrcFileId="3" StartOffset="3197"/>
</LocList>
</LoopStmnt>
<BasicStmnt CovItemId="S54" CovItemPrefix="com.OriginalFiles.MI.java" Intrnl_Id="618">
<LocList>
<Loc EndOffset="3584" SrcFileId="3" StartOffset="3567"/>
</LocList>
</BasicStmnt>
</StmntSeq>
</HierarchyLvl>
<HierarchyLvl HierarchyLvlId="250" HierarchyLvlTypeId="13" Intrnl_Id="619" Name="evaluation">
<Header>
<Loc EndOffset="3634" SrcFileId="3" StartOffset="3599"/>
</Header>
<LocList>
<Loc EndOffset="5270" SrcFileId="3" StartOffset="3599"/>
</LocList>
<StmntSeq Intrnl_Id="620">
<LocList>
<Loc EndOffset="3670" SrcFileId="3" StartOffset="3646"/>
<Loc EndOffset="3712" SrcFileId="3" StartOffset="3680"/>
<Loc EndOffset="3748" SrcFileId="3" StartOffset="3722"/>
<Loc EndOffset="3819" SrcFileId="3" StartOffset="3760"/>
<Loc EndOffset="4182" SrcFileId="3" StartOffset="3829"/>
<Loc EndOffset="4216" SrcFileId="3" StartOffset="4192"/>
<Loc EndOffset="4431" SrcFileId="3" StartOffset="4228"/>
<Loc EndOffset="4647" SrcFileId="3" StartOffset="4443"/>
<Loc EndOffset="4690" SrcFileId="3" StartOffset="4659"/>
<Loc EndOffset="5231" SrcFileId="3" StartOffset="4702"/>
<Loc EndOffset="5263" SrcFileId="3" StartOffset="5243"/>
</LocList>
<BasicStmnt CovItemId="S55" CovItemPrefix="com.OriginalFiles.MI.java" Intrnl_Id="621">
<LocList>
<Loc EndOffset="3670" SrcFileId="3" StartOffset="3646"/>
</LocList>
</BasicStmnt>
<BasicStmnt CovItemId="S56" CovItemPrefix="com.OriginalFiles.MI.java" Intrnl_Id="622">
<LocList>
<Loc EndOffset="3712" SrcFileId="3" StartOffset="3680"/>
</LocList>
</BasicStmnt>
<BasicStmnt CovItemId="S57" CovItemPrefix="com.OriginalFiles.MI.java" Intrnl_Id="623">
<LocList>
<Loc EndOffset="3748" SrcFileId="3" StartOffset="3722"/>
</LocList>
</BasicStmnt>
<CondStmnt CovItemId="S58" CovItemPrefix="com.OriginalFiles.MI.java" Intrnl_Id="624">
<Branch CovItemId="B17" CovItemPrefix="com.OriginalFiles.MI.java" Implct="false" Intrnl_Id="625">
<Cond/>
<LocList>
<Loc EndOffset="3819" SrcFileId="3" StartOffset="3776"/>
</LocList>
<StmntSeq Intrnl_Id="626">
<LocList>
<Loc EndOffset="3808" SrcFileId="3" StartOffset="3791"/>
</LocList>
<BasicStmnt CovItemId="S59" CovItemPrefix="com.OriginalFiles.MI.java" Intrnl_Id="627">
<LocList>
<Loc EndOffset="3808" SrcFileId="3" StartOffset="3791"/>
</LocList>
</BasicStmnt>
</StmntSeq>
</Branch>
<Branch CovItemId="B18" CovItemPrefix="com.OriginalFiles.MI.java" Implct="true" Intrnl_Id="628">
<Cond/>
<LocList/>
<StmntSeq Intrnl_Id="629">
<LocList/>
</StmntSeq>
</Branch>
<Keyword EndOffset="3762" SrcFileId="3" StartOffset="3760"/>
<LocList>
<Loc EndOffset="3819" SrcFileId="3" StartOffset="3760"/>
</LocList>
<RootTerm CovItemId="C9" CovItemPrefix="com.OriginalFiles.MI.java" Intrnl_Id="630">
<BasicBoolTerm Intrnl_Id="631">
<LocList>
<Loc EndOffset="3774" SrcFileId="3" StartOffset="3764"/>
</LocList>
</BasicBoolTerm>
</RootTerm>
</CondStmnt>
<CondStmnt CovItemId="S60" CovItemPrefix="com.OriginalFiles.MI.java" Intrnl_Id="632">
<Branch CovItemId="B19" CovItemPrefix="com.OriginalFiles.MI.java" Implct="false" Intrnl_Id="633">
<Cond/>
<LocList>
<Loc EndOffset="4010" SrcFileId="3" StartOffset="3845"/>
</LocList>
<StmntSeq Intrnl_Id="634">
<LocList>
<Loc EndOffset="3999" SrcFileId="3" StartOffset="3860"/>
</LocList>
<BasicStmnt CovItemId="S61" CovItemPrefix="com.OriginalFiles.MI.java" Intrnl_Id="635">
<LocList>
<Loc EndOffset="3999" SrcFileId="3" StartOffset="3860"/>
</LocList>
</BasicStmnt>
</StmntSeq>
</Branch>
<Branch CovItemId="B20" CovItemPrefix="com.OriginalFiles.MI.java" Implct="false" Intrnl_Id="636">
<Cond>
<Loc EndOffset="4015" SrcFileId="3" StartOffset="4011"/>
</Cond>
<LocList>
<Loc EndOffset="4182" SrcFileId="3" StartOffset="4016"/>
</LocList>
<StmntSeq Intrnl_Id="637">
<LocList>
<Loc EndOffset="4171" SrcFileId="3" StartOffset="4031"/>
</LocList>
<BasicStmnt CovItemId="S62" CovItemPrefix="com.OriginalFiles.MI.java" Intrnl_Id="638">
<LocList>
<Loc EndOffset="4171" SrcFileId="3" StartOffset="4031"/>
</LocList>
</BasicStmnt>
</StmntSeq>
</Branch>
<Keyword EndOffset="3831" SrcFileId="3" StartOffset="3829"/>
<LocList>
<Loc EndOffset="4182" SrcFileId="3" StartOffset="3829"/>
</LocList>
<RootTerm CovItemId="C10" CovItemPrefix="com.OriginalFiles.MI.java" Intrnl_Id="639">
<OpTerm BooleanOpId="8" Intrnl_Id="640">
<BasicBoolTerm Intrnl_Id="641">
<LocList>
<Loc EndOffset="3843" SrcFileId="3" StartOffset="3834"/>
</LocList>
</BasicBoolTerm>
<LocList>
<Loc EndOffset="3834" SrcFileId="3" StartOffset="3833"/>
</LocList>
</OpTerm>
</RootTerm>
</CondStmnt>
<BasicStmnt CovItemId="S63" CovItemPrefix="com.OriginalFiles.MI.java" Intrnl_Id="642">
<LocList>
<Loc EndOffset="4216" SrcFileId="3" StartOffset="4192"/>
</LocList>
</BasicStmnt>
<LoopStmnt CovItemId="S64" CovItemPrefix="com.OriginalFiles.MI.java" Intrnl_Id="643" MltplExecId="L5-2" MltplExecPrefix="com.OriginalFiles.MI.java" NvrExecId="L5-0" NvrExecPrefix="com.OriginalFiles.MI.java" OnceExecutedId="L5-1" OnceExecutedPrefix="com.OriginalFiles.MI.java" OptBodyExec="true">
<StmntSeq Intrnl_Id="644">
<LocList>
<Loc EndOffset="4420" SrcFileId="3" StartOffset="4286"/>
</LocList>
<BasicStmnt CovItemId="S65" CovItemPrefix="com.OriginalFiles.MI.java" Intrnl_Id="645">
<LocList>
<Loc EndOffset="4420" SrcFileId="3" StartOffset="4286"/>
</LocList>
</BasicStmnt>
</StmntSeq>
<Keyword EndOffset="4231" SrcFileId="3" StartOffset="4228"/>
<LocList>
<Loc EndOffset="4431" SrcFileId="3" StartOffset="4228"/>
</LocList>
<RootTerm CovItemId="C11" CovItemPrefix="com.OriginalFiles.MI.java" Intrnl_Id="646">
<BasicBoolTerm Intrnl_Id="647">
<LocList>
<Loc EndOffset="4264" SrcFileId="3" StartOffset="4244"/>
</LocList>
</BasicBoolTerm>
</RootTerm>
</LoopStmnt>
<LoopStmnt CovItemId="S66" CovItemPrefix="com.OriginalFiles.MI.java" Intrnl_Id="648" MltplExecId="L6-2" MltplExecPrefix="com.OriginalFiles.MI.java" NvrExecId="L6-0" NvrExecPrefix="com.OriginalFiles.MI.java" OnceExecutedId="L6-1" OnceExecutedPrefix="com.OriginalFiles.MI.java" OptBodyExec="true">
<StmntSeq Intrnl_Id="649">
<LocList>
<Loc EndOffset="4636" SrcFileId="3" StartOffset="4501"/>
</LocList>
<BasicStmnt CovItemId="S67" CovItemPrefix="com.OriginalFiles.MI.java" Intrnl_Id="650">
<LocList>
<Loc EndOffset="4636" SrcFileId="3" StartOffset="4501"/>
</LocList>
</BasicStmnt>
</StmntSeq>
<Keyword EndOffset="4446" SrcFileId="3" StartOffset="4443"/>
<LocList>
<Loc EndOffset="4647" SrcFileId="3" StartOffset="4443"/>
</LocList>
<RootTerm CovItemId="C12" CovItemPrefix="com.OriginalFiles.MI.java" Intrnl_Id="651">
<BasicBoolTerm Intrnl_Id="652">
<LocList>
<Loc EndOffset="4479" SrcFileId="3" StartOffset="4459"/>
</LocList>
</BasicBoolTerm>
</RootTerm>
</LoopStmnt>
<BasicStmnt CovItemId="S68" CovItemPrefix="com.OriginalFiles.MI.java" Intrnl_Id="653">
<LocList>
<Loc EndOffset="4690" SrcFileId="3" StartOffset="4659"/>
</LocList>
</BasicStmnt>
<CondStmnt CovItemId="S69" CovItemPrefix="com.OriginalFiles.MI.java" Intrnl_Id="654">
<Branch CovItemId="B21" CovItemPrefix="com.OriginalFiles.MI.java" Implct="false" Intrnl_Id="655">
<Cond>
<Loc EndOffset="4809" SrcFileId="3" StartOffset="4803"/>
</Cond>
<LocList>
<Loc EndOffset="4870" SrcFileId="3" StartOffset="4824"/>
</LocList>
<StmntSeq Intrnl_Id="656">
<LocList>
<Loc EndOffset="4850" SrcFileId="3" StartOffset="4824"/>
<Loc EndOffset="4870" SrcFileId="3" StartOffset="4864"/>
</LocList>
<BasicStmnt CovItemId="S70" CovItemPrefix="com.OriginalFiles.MI.java" Intrnl_Id="657">
<LocList>
<Loc EndOffset="4850" SrcFileId="3" StartOffset="4824"/>
</LocList>
</BasicStmnt>
<BasicStmnt CovItemId="S71" CovItemPrefix="com.OriginalFiles.MI.java" Intrnl_Id="658">
<LocList>
<Loc EndOffset="4870" SrcFileId="3" StartOffset="4864"/>
</LocList>
</BasicStmnt>
</StmntSeq>
</Branch>
<Branch CovItemId="B22" CovItemPrefix="com.OriginalFiles.MI.java" Implct="false" Intrnl_Id="659">
<Cond>
<Loc EndOffset="4886" SrcFileId="3" StartOffset="4880"/>
</Cond>
<LocList>
<Loc EndOffset="4947" SrcFileId="3" StartOffset="4901"/>
</LocList>
<StmntSeq Intrnl_Id="660">
<LocList>
<Loc EndOffset="4927" SrcFileId="3" StartOffset="4901"/>
<Loc EndOffset="4947" SrcFileId="3" StartOffset="4941"/>
</LocList>
<BasicStmnt CovItemId="S72" CovItemPrefix="com.OriginalFiles.MI.java" Intrnl_Id="661">
<LocList>
<Loc EndOffset="4927" SrcFileId="3" StartOffset="4901"/>
</LocList>
</BasicStmnt>
<BasicStmnt CovItemId="S73" CovItemPrefix="com.OriginalFiles.MI.java" Intrnl_Id="662">
<LocList>
<Loc EndOffset="4947" SrcFileId="3" StartOffset="4941"/>
</LocList>
</BasicStmnt>
</StmntSeq>
</Branch>
<Branch CovItemId="B23" CovItemPrefix="com.OriginalFiles.MI.java" Implct="false" Intrnl_Id="663">
<Cond>
<Loc EndOffset="4963" SrcFileId="3" StartOffset="4957"/>
</Cond>
<LocList>
<Loc EndOffset="5029" SrcFileId="3" StartOffset="4982"/>
</LocList>
<StmntSeq Intrnl_Id="664">
<LocList>
<Loc EndOffset="5009" SrcFileId="3" StartOffset="4982"/>
<Loc EndOffset="5029" SrcFileId="3" StartOffset="5023"/>
</LocList>
<BasicStmnt CovItemId="S74" CovItemPrefix="com.OriginalFiles.MI.java" Intrnl_Id="665">
<LocList>
<Loc EndOffset="5009" SrcFileId="3" StartOffset="4982"/>
</LocList>
</BasicStmnt>
<BasicStmnt CovItemId="S75" CovItemPrefix="com.OriginalFiles.MI.java" Intrnl_Id="666">
<LocList>
<Loc EndOffset="5029" SrcFileId="3" StartOffset="5023"/>
</LocList>
</BasicStmnt>
</StmntSeq>
</Branch>
<Branch CovItemId="B24" CovItemPrefix="com.OriginalFiles.MI.java" Implct="false" Intrnl_Id="667">
<Cond>
<Loc EndOffset="5046" SrcFileId="3" StartOffset="5039"/>
</Cond>
<LocList>
<Loc EndOffset="5220" SrcFileId="3" StartOffset="5061"/>
</LocList>
<StmntSeq Intrnl_Id="668">
<LocList>
<Loc EndOffset="5200" SrcFileId="3" StartOffset="5061"/>
<Loc EndOffset="5220" SrcFileId="3" StartOffset="5214"/>
</LocList>
<BasicStmnt CovItemId="S76" CovItemPrefix="com.OriginalFiles.MI.java" Intrnl_Id="669">
<LocList>
<Loc EndOffset="5200" SrcFileId="3" StartOffset="5061"/>
</LocList>
</BasicStmnt>
<BasicStmnt CovItemId="S77" CovItemPrefix="com.OriginalFiles.MI.java" Intrnl_Id="670">
<LocList>
<Loc EndOffset="5220" SrcFileId="3" StartOffset="5214"/>
</LocList>
</BasicStmnt>
</StmntSeq>
</Branch>
<Keyword EndOffset="4708" SrcFileId="3" StartOffset="4702"/>
<LocList>
<Loc EndOffset="5231" SrcFileId="3" StartOffset="4702"/>
</LocList>
</CondStmnt>
<BasicStmnt CovItemId="S78" CovItemPrefix="com.OriginalFiles.MI.java" Intrnl_Id="671">
<LocList>
<Loc EndOffset="5263" SrcFileId="3" StartOffset="5243"/>
</LocList>
</BasicStmnt>
</StmntSeq>
</HierarchyLvl>
<HierarchyLvl HierarchyLvlId="251" HierarchyLvlTypeId="13" Intrnl_Id="672" Name="gameState">
<Header>
<Loc EndOffset="5301" SrcFileId="3" StartOffset="5278"/>
</Header>
<LocList>
<Loc EndOffset="5529" SrcFileId="3" StartOffset="5278"/>
</LocList>
<StmntSeq Intrnl_Id="673">
<LocList>
<Loc EndOffset="5495" SrcFileId="3" StartOffset="5313"/>
<Loc EndOffset="5522" SrcFileId="3" StartOffset="5505"/>
</LocList>
<CondStmnt CovItemId="S79" CovItemPrefix="com.OriginalFiles.MI.java" Intrnl_Id="674">
<Branch CovItemId="B25" CovItemPrefix="com.OriginalFiles.MI.java" Implct="false" Intrnl_Id="675">
<Cond/>
<LocList>
<Loc EndOffset="5495" SrcFileId="3" StartOffset="5452"/>
</LocList>
<StmntSeq Intrnl_Id="676">
<LocList>
<Loc EndOffset="5484" SrcFileId="3" StartOffset="5467"/>
</LocList>
<BasicStmnt CovItemId="S80" CovItemPrefix="com.OriginalFiles.MI.java" Intrnl_Id="677">
<LocList>
<Loc EndOffset="5484" SrcFileId="3" StartOffset="5467"/>
</LocList>
</BasicStmnt>
</StmntSeq>
</Branch>
<Branch CovItemId="B26" CovItemPrefix="com.OriginalFiles.MI.java" Implct="true" Intrnl_Id="678">
<Cond/>
<LocList/>
<StmntSeq Intrnl_Id="679">
<LocList/>
</StmntSeq>
</Branch>
<Keyword EndOffset="5315" SrcFileId="3" StartOffset="5313"/>
<LocList>
<Loc EndOffset="5495" SrcFileId="3" StartOffset="5313"/>
</LocList>
<RootTerm CovItemId="C13" CovItemPrefix="com.OriginalFiles.MI.java" Intrnl_Id="680">
<OpTerm BooleanOpId="9" Intrnl_Id="681">
<BasicBoolTerm Intrnl_Id="682">
<LocList>
<Loc EndOffset="5373" SrcFileId="3" StartOffset="5317"/>
</LocList>
</BasicBoolTerm>
<BasicBoolTerm Intrnl_Id="683">
<LocList>
<Loc EndOffset="5450" SrcFileId="3" StartOffset="5394"/>
</LocList>
</BasicBoolTerm>
<LocList>
<Loc EndOffset="5393" SrcFileId="3" StartOffset="5391"/>
</LocList>
</OpTerm>
</RootTerm>
</CondStmnt>
<BasicStmnt CovItemId="S81" CovItemPrefix="com.OriginalFiles.MI.java" Intrnl_Id="684">
<LocList>
<Loc EndOffset="5522" SrcFileId="3" StartOffset="5505"/>
</LocList>
</BasicStmnt>
</StmntSeq>
</HierarchyLvl>
<HierarchyLvl HierarchyLvlId="252" HierarchyLvlTypeId="13" Intrnl_Id="685" Name="max">
<Header>
<Loc EndOffset="5575" SrcFileId="3" StartOffset="5537"/>
</Header>
<LocList>
<Loc EndOffset="5659" SrcFileId="3" StartOffset="5537"/>
</LocList>
<StmntSeq Intrnl_Id="686">
<LocList>
<Loc EndOffset="5633" SrcFileId="3" StartOffset="5587"/>
<Loc EndOffset="5652" SrcFileId="3" StartOffset="5643"/>
</LocList>
<CondStmnt CovItemId="S82" CovItemPrefix="com.OriginalFiles.MI.java" Intrnl_Id="687">
<Branch CovItemId="B27" CovItemPrefix="com.OriginalFiles.MI.java" Implct="false" Intrnl_Id="688">
<Cond/>
<LocList>
<Loc EndOffset="5633" SrcFileId="3" StartOffset="5598"/>
</LocList>
<StmntSeq Intrnl_Id="689">
<LocList>
<Loc EndOffset="5622" SrcFileId="3" StartOffset="5613"/>
</LocList>
<BasicStmnt CovItemId="S83" CovItemPrefix="com.OriginalFiles.MI.java" Intrnl_Id="690">
<LocList>
<Loc EndOffset="5622" SrcFileId="3" StartOffset="5613"/>
</LocList>
</BasicStmnt>
</StmntSeq>
</Branch>
<Branch CovItemId="B28" CovItemPrefix="com.OriginalFiles.MI.java" Implct="true" Intrnl_Id="691">
<Cond/>
<LocList/>
<StmntSeq Intrnl_Id="692">
<LocList/>
</StmntSeq>
</Branch>
<Keyword EndOffset="5589" SrcFileId="3" StartOffset="5587"/>
<LocList>
<Loc EndOffset="5633" SrcFileId="3" StartOffset="5587"/>
</LocList>
<RootTerm CovItemId="C14" CovItemPrefix="com.OriginalFiles.MI.java" Intrnl_Id="693">
<BasicBoolTerm Intrnl_Id="694">
<LocList>
<Loc EndOffset="5596" SrcFileId="3" StartOffset="5591"/>
</LocList>
</BasicBoolTerm>
</RootTerm>
</CondStmnt>
<BasicStmnt CovItemId="S84" CovItemPrefix="com.OriginalFiles.MI.java" Intrnl_Id="695">
<LocList>
<Loc EndOffset="5652" SrcFileId="3" StartOffset="5643"/>
</LocList>
</BasicStmnt>
</StmntSeq>
</HierarchyLvl>
<HierarchyLvl HierarchyLvlId="253" HierarchyLvlTypeId="13" Intrnl_Id="696" Name="min">
<Header>
<Loc EndOffset="5703" SrcFileId="3" StartOffset="5665"/>
</Header>
<LocList>
<Loc EndOffset="5787" SrcFileId="3" StartOffset="5665"/>
</LocList>
<StmntSeq Intrnl_Id="697">
<LocList>
<Loc EndOffset="5761" SrcFileId="3" StartOffset="5715"/>
<Loc EndOffset="5780" SrcFileId="3" StartOffset="5771"/>
</LocList>
<CondStmnt CovItemId="S85" CovItemPrefix="com.OriginalFiles.MI.java" Intrnl_Id="698">
<Branch CovItemId="B29" CovItemPrefix="com.OriginalFiles.MI.java" Implct="false" Intrnl_Id="699">
<Cond/>
<LocList>
<Loc EndOffset="5761" SrcFileId="3" StartOffset="5726"/>
</LocList>
<StmntSeq Intrnl_Id="700">
<LocList>
<Loc EndOffset="5750" SrcFileId="3" StartOffset="5741"/>
</LocList>
<BasicStmnt CovItemId="S86" CovItemPrefix="com.OriginalFiles.MI.java" Intrnl_Id="701">
<LocList>
<Loc EndOffset="5750" SrcFileId="3" StartOffset="5741"/>
</LocList>
</BasicStmnt>
</StmntSeq>
</Branch>
<Branch CovItemId="B30" CovItemPrefix="com.OriginalFiles.MI.java" Implct="true" Intrnl_Id="702">
<Cond/>
<LocList/>
<StmntSeq Intrnl_Id="703">
<LocList/>
</StmntSeq>
</Branch>
<Keyword EndOffset="5717" SrcFileId="3" StartOffset="5715"/>
<LocList>
<Loc EndOffset="5761" SrcFileId="3" StartOffset="5715"/>
</LocList>
<RootTerm CovItemId="C15" CovItemPrefix="com.OriginalFiles.MI.java" Intrnl_Id="704">
<BasicBoolTerm Intrnl_Id="705">
<LocList>
<Loc EndOffset="5724" SrcFileId="3" StartOffset="5719"/>
</LocList>
</BasicBoolTerm>
</RootTerm>
</CondStmnt>
<BasicStmnt CovItemId="S87" CovItemPrefix="com.OriginalFiles.MI.java" Intrnl_Id="706">
<LocList>
<Loc EndOffset="5780" SrcFileId="3" StartOffset="5771"/>
</LocList>
</BasicStmnt>
</StmntSeq>
</HierarchyLvl>
<HierarchyLvl HierarchyLvlId="254" HierarchyLvlTypeId="13" Intrnl_Id="707" Name="simulateMove">
<Header>
<Loc EndOffset="5968" SrcFileId="3" StartOffset="5901"/>
</Header>
<LocList>
<Loc EndOffset="7159" SrcFileId="3" StartOffset="5901"/>
</LocList>
<StmntSeq Intrnl_Id="708">
<LocList>
<Loc EndOffset="7152" SrcFileId="3" StartOffset="5980"/>
</LocList>
<CondStmnt CovItemId="S88" CovItemPrefix="com.OriginalFiles.MI.java" Intrnl_Id="709">
<Branch CovItemId="B31" CovItemPrefix="com.OriginalFiles.MI.java" Implct="false" Intrnl_Id="710">
<Cond/>
<LocList>
<Loc EndOffset="7152" SrcFileId="3" StartOffset="6008"/>
</LocList>
<StmntSeq Intrnl_Id="711">
<LocList>
<Loc EndOffset="6056" SrcFileId="3" StartOffset="6023"/>
<Loc EndOffset="7102" SrcFileId="3" StartOffset="6070"/>
<Loc EndOffset="7141" SrcFileId="3" StartOffset="7116"/>
</LocList>
<BasicStmnt CovItemId="S89" CovItemPrefix="com.OriginalFiles.MI.java" Intrnl_Id="712">
<LocList>
<Loc EndOffset="6056" SrcFileId="3" StartOffset="6023"/>
</LocList>
</BasicStmnt>
<LoopStmnt CovItemId="S90" CovItemPrefix="com.OriginalFiles.MI.java" Intrnl_Id="713" MltplExecId="L7-2" MltplExecPrefix="com.OriginalFiles.MI.java" NvrExecId="L7-0" NvrExecPrefix="com.OriginalFiles.MI.java" OnceExecutedId="L7-1" OnceExecutedPrefix="com.OriginalFiles.MI.java" OptBodyExec="true">
<StmntSeq Intrnl_Id="714">
<LocList>
<Loc EndOffset="6151" SrcFileId="3" StartOffset="6120"/>
<Loc EndOffset="6202" SrcFileId="3" StartOffset="6169"/>
<Loc EndOffset="6981" SrcFileId="3" StartOffset="6222"/>
<Loc EndOffset="7087" SrcFileId="3" StartOffset="6999"/>
</LocList>
<BasicStmnt CovItemId="S91" CovItemPrefix="com.OriginalFiles.MI.java" Intrnl_Id="715">
<LocList>
<Loc EndOffset="6151" SrcFileId="3" StartOffset="6120"/>
</LocList>
</BasicStmnt>
<BasicStmnt CovItemId="S92" CovItemPrefix="com.OriginalFiles.MI.java" Intrnl_Id="716">
<LocList>
<Loc EndOffset="6202" SrcFileId="3" StartOffset="6169"/>
</LocList>
</BasicStmnt>
<CondStmnt CovItemId="S93" CovItemPrefix="com.OriginalFiles.MI.java" Intrnl_Id="717">
<Branch CovItemId="B33" CovItemPrefix="com.OriginalFiles.MI.java" Implct="false" Intrnl_Id="718">
<Cond/>
<LocList>
<Loc EndOffset="6981" SrcFileId="3" StartOffset="6256"/>
</LocList>
<StmntSeq Intrnl_Id="719">
<LocList>
<Loc EndOffset="6450" SrcFileId="3" StartOffset="6279"/>
<Loc EndOffset="6729" SrcFileId="3" StartOffset="6472"/>
<Loc EndOffset="6784" SrcFileId="3" StartOffset="6751"/>
<Loc EndOffset="6962" SrcFileId="3" StartOffset="6806"/>
</LocList>
<BasicStmnt CovItemId="S94" CovItemPrefix="com.OriginalFiles.MI.java" Intrnl_Id="720">
<LocList>
<Loc EndOffset="6450" SrcFileId="3" StartOffset="6279"/>
</LocList>
</BasicStmnt>
<CondStmnt CovItemId="S95" CovItemPrefix="com.OriginalFiles.MI.java" Intrnl_Id="721">
<Branch CovItemId="B35" CovItemPrefix="com.OriginalFiles.MI.java" Implct="false" Intrnl_Id="722">
<Cond/>
<LocList>
<Loc EndOffset="6644" SrcFileId="3" StartOffset="6565"/>
</LocList>
<StmntSeq Intrnl_Id="723">
<LocList>
<Loc EndOffset="6621" SrcFileId="3" StartOffset="6592"/>
</LocList>
<BasicStmnt CovItemId="S96" CovItemPrefix="com.OriginalFiles.MI.java" Intrnl_Id="724">
<LocList>
<Loc EndOffset="6621" SrcFileId="3" StartOffset="6592"/>
</LocList>
</BasicStmnt>
</StmntSeq>
</Branch>
<Branch CovItemId="B36" CovItemPrefix="com.OriginalFiles.MI.java" Implct="false" Intrnl_Id="725">
<Cond>
<Loc EndOffset="6649" SrcFileId="3" StartOffset="6645"/>
</Cond>
<LocList>
<Loc EndOffset="6729" SrcFileId="3" StartOffset="6650"/>
</LocList>
<StmntSeq Intrnl_Id="726">
<LocList>
<Loc EndOffset="6706" SrcFileId="3" StartOffset="6677"/>
</LocList>
<BasicStmnt CovItemId="S97" CovItemPrefix="com.OriginalFiles.MI.java" Intrnl_Id="727">
<LocList>
<Loc EndOffset="6706" SrcFileId="3" StartOffset="6677"/>
</LocList>
</BasicStmnt>
</StmntSeq>
</Branch>
<Keyword EndOffset="6474" SrcFileId="3" StartOffset="6472"/>
<LocList>
<Loc EndOffset="6729" SrcFileId="3" StartOffset="6472"/>
</LocList>
<RootTerm CovItemId="C19" CovItemPrefix="com.OriginalFiles.MI.java" Intrnl_Id="728">
<BasicBoolTerm Intrnl_Id="729">
<LocList>
<Loc EndOffset="6563" SrcFileId="3" StartOffset="6476"/>
</LocList>
</BasicBoolTerm>
</RootTerm>
</CondStmnt>
<BasicStmnt CovItemId="S98" CovItemPrefix="com.OriginalFiles.MI.java" Intrnl_Id="730">
<LocList>
<Loc EndOffset="6784" SrcFileId="3" StartOffset="6751"/>
</LocList>
</BasicStmnt>
<BasicStmnt CovItemId="S99" CovItemPrefix="com.OriginalFiles.MI.java" Intrnl_Id="731">
<LocList>
<Loc EndOffset="6962" SrcFileId="3" StartOffset="6806"/>
</LocList>
</BasicStmnt>
</StmntSeq>
</Branch>
<Branch CovItemId="B34" CovItemPrefix="com.OriginalFiles.MI.java" Implct="true" Intrnl_Id="732">
<Cond/>
<LocList/>
<StmntSeq Intrnl_Id="733">
<LocList/>
</StmntSeq>
</Branch>
<Keyword EndOffset="6224" SrcFileId="3" StartOffset="6222"/>
<LocList>
<Loc EndOffset="6981" SrcFileId="3" StartOffset="6222"/>
</LocList>
<RootTerm CovItemId="C18" CovItemPrefix="com.OriginalFiles.MI.java" Intrnl_Id="734">
<BasicBoolTerm Intrnl_Id="735">
<LocList>
<Loc EndOffset="6254" SrcFileId="3" StartOffset="6226"/>
</LocList>
</BasicBoolTerm>
</RootTerm>
</CondStmnt>
<BasicStmnt CovItemId="S100" CovItemPrefix="com.OriginalFiles.MI.java" Intrnl_Id="736">
<LocList>
<Loc EndOffset="7087" SrcFileId="3" StartOffset="6999"/>
</LocList>
</BasicStmnt>
</StmntSeq>
<Keyword EndOffset="6073" SrcFileId="3" StartOffset="6070"/>
<LocList>
<Loc EndOffset="7102" SrcFileId="3" StartOffset="6070"/>
</LocList>
<RootTerm CovItemId="C17" CovItemPrefix="com.OriginalFiles.MI.java" Intrnl_Id="737">
<BasicBoolTerm Intrnl_Id="738">
<LocList>
<Loc EndOffset="6094" SrcFileId="3" StartOffset="6086"/>
</LocList>
</BasicBoolTerm>
</RootTerm>
</LoopStmnt>
<BasicStmnt CovItemId="S101" CovItemPrefix="com.OriginalFiles.MI.java" Intrnl_Id="739">
<LocList>
<Loc EndOffset="7141" SrcFileId="3" StartOffset="7116"/>
</LocList>
</BasicStmnt>
</StmntSeq>
</Branch>
<Branch CovItemId="B32" CovItemPrefix="com.OriginalFiles.MI.java" Implct="true" Intrnl_Id="740">
<Cond/>
<LocList/>
<StmntSeq Intrnl_Id="741">
<LocList/>
</StmntSeq>
</Branch>
<Keyword EndOffset="5982" SrcFileId="3" StartOffset="5980"/>
<LocList>
<Loc EndOffset="7152" SrcFileId="3" StartOffset="5980"/>
</LocList>
<RootTerm CovItemId="C16" CovItemPrefix="com.OriginalFiles.MI.java" Intrnl_Id="742">
<BasicBoolTerm Intrnl_Id="743">
<LocList>
<Loc EndOffset="6006" SrcFileId="3" StartOffset="5984"/>
</LocList>
</BasicBoolTerm>
</RootTerm>
</CondStmnt>
</StmntSeq>
</HierarchyLvl>
<HierarchyLvl HierarchyLvlId="255" HierarchyLvlTypeId="13" Intrnl_Id="744" Name="revertMove">
<Header>
<Loc EndOffset="7223" SrcFileId="3" StartOffset="7167"/>
</Header>
<LocList>
<Loc EndOffset="9139" SrcFileId="3" StartOffset="7167"/>
</LocList>
<StmntSeq Intrnl_Id="745">
<LocList>
<Loc EndOffset="9132" SrcFileId="3" StartOffset="7237"/>
</LocList>
<CondStmnt CovItemId="S102" CovItemPrefix="com.OriginalFiles.MI.java" Intrnl_Id="746">
<Branch CovItemId="B37" CovItemPrefix="com.OriginalFiles.MI.java" Implct="false" Intrnl_Id="747">
<Cond/>
<LocList>
<Loc EndOffset="9132" SrcFileId="3" StartOffset="7269"/>
</LocList>
<StmntSeq Intrnl_Id="748">
<LocList>
<Loc EndOffset="7342" SrcFileId="3" StartOffset="7284"/>
<Loc EndOffset="7405" SrcFileId="3" StartOffset="7356"/>
<Loc EndOffset="7454" SrcFileId="3" StartOffset="7421"/>
<Loc EndOffset="7490" SrcFileId="3" StartOffset="7468"/>
<Loc EndOffset="8574" SrcFileId="3" StartOffset="7506"/>
<Loc EndOffset="8621" SrcFileId="3" StartOffset="8590"/>
<Loc EndOffset="9121" SrcFileId="3" StartOffset="8637"/>
</LocList>
<BasicStmnt CovItemId="S103" CovItemPrefix="com.OriginalFiles.MI.java" Intrnl_Id="749">
<LocList>
<Loc EndOffset="7342" SrcFileId="3" StartOffset="7284"/>
</LocList>
</BasicStmnt>
<BasicStmnt CovItemId="S104" CovItemPrefix="com.OriginalFiles.MI.java" Intrnl_Id="750">
<LocList>
<Loc EndOffset="7405" SrcFileId="3" StartOffset="7356"/>
</LocList>
</BasicStmnt>
<BasicStmnt CovItemId="S105" CovItemPrefix="com.OriginalFiles.MI.java" Intrnl_Id="751">
<LocList>
<Loc EndOffset="7454" SrcFileId="3" StartOffset="7421"/>
</LocList>
</BasicStmnt>
<BasicStmnt CovItemId="S106" CovItemPrefix="com.OriginalFiles.MI.java" Intrnl_Id="752">
<LocList>
<Loc EndOffset="7490" SrcFileId="3" StartOffset="7468"/>
</LocList>
</BasicStmnt>
<LoopStmnt CovItemId="S107" CovItemPrefix="com.OriginalFiles.MI.java" Intrnl_Id="753" MltplExecId="L8-2" MltplExecPrefix="com.OriginalFiles.MI.java" NvrExecId="L8-0" NvrExecPrefix="com.OriginalFiles.MI.java" OnceExecutedId="L8-1" OnceExecutedPrefix="com.OriginalFiles.MI.java" OptBodyExec="true">
<StmntSeq Intrnl_Id="754">
<LocList>
<Loc EndOffset="7586" SrcFileId="3" StartOffset="7557"/>
<Loc EndOffset="8426" SrcFileId="3" StartOffset="7604"/>
<Loc EndOffset="8559" SrcFileId="3" StartOffset="8444"/>
</LocList>
<BasicStmnt CovItemId="S108" CovItemPrefix="com.OriginalFiles.MI.java" Intrnl_Id="755">
<LocList>
<Loc EndOffset="7586" SrcFileId="3" StartOffset="7557"/>
</LocList>
</BasicStmnt>
<CondStmnt CovItemId="S109" CovItemPrefix="com.OriginalFiles.MI.java" Intrnl_Id="756">
<Branch CovItemId="B39" CovItemPrefix="com.OriginalFiles.MI.java" Implct="false" Intrnl_Id="757">
<Cond/>
<LocList>
<Loc EndOffset="8426" SrcFileId="3" StartOffset="7629"/>
</LocList>
<StmntSeq Intrnl_Id="758">
<LocList>
<Loc EndOffset="8407" SrcFileId="3" StartOffset="7652"/>
</LocList>
<CondStmnt CovItemId="S110" CovItemPrefix="com.OriginalFiles.MI.java" Intrnl_Id="759">
<Branch CovItemId="B41" CovItemPrefix="com.OriginalFiles.MI.java" Implct="false" Intrnl_Id="760">
<Cond/>
<LocList>
<Loc EndOffset="8407" SrcFileId="3" StartOffset="7746"/>
</LocList>
<StmntSeq Intrnl_Id="761">
<LocList>
<Loc EndOffset="8313" SrcFileId="3" StartOffset="7773"/>
<Loc EndOffset="8384" SrcFileId="3" StartOffset="8339"/>
</LocList>
<CondStmnt CovItemId="S111" CovItemPrefix="com.OriginalFiles.MI.java" Intrnl_Id="762">
<Branch CovItemId="B43" CovItemPrefix="com.OriginalFiles.MI.java" Implct="false" Intrnl_Id="763">
<Cond/>
<LocList>
<Loc EndOffset="8042" SrcFileId="3" StartOffset="7868"/>
</LocList>
<StmntSeq Intrnl_Id="764">
<LocList>
<Loc EndOffset="8015" SrcFileId="3" StartOffset="7899"/>
</LocList>
<BasicStmnt CovItemId="S112" CovItemPrefix="com.OriginalFiles.MI.java" Intrnl_Id="765">
<LocList>
<Loc EndOffset="8015" SrcFileId="3" StartOffset="7899"/>
</LocList>
</BasicStmnt>
</StmntSeq>
</Branch>
<Branch CovItemId="B44" CovItemPrefix="com.OriginalFiles.MI.java" Implct="false" Intrnl_Id="766">
<Cond>
<Loc EndOffset="8047" SrcFileId="3" StartOffset="8043"/>
</Cond>
<LocList>
<Loc EndOffset="8313" SrcFileId="3" StartOffset="8048"/>
</LocList>
<StmntSeq Intrnl_Id="767">
<LocList>
<Loc EndOffset="8313" SrcFileId="3" StartOffset="8048"/>
</LocList>
<CondStmnt CovItemId="S113" CovItemPrefix="com.OriginalFiles.MI.java" Intrnl_Id="768">
<Branch CovItemId="B45" CovItemPrefix="com.OriginalFiles.MI.java" Implct="false" Intrnl_Id="769">
<Cond/>
<LocList>
<Loc EndOffset="8313" SrcFileId="3" StartOffset="8144"/>
</LocList>
<StmntSeq Intrnl_Id="770">
<LocList>
<Loc EndOffset="8286" SrcFileId="3" StartOffset="8175"/>
</LocList>
<BasicStmnt CovItemId="S114" CovItemPrefix="com.OriginalFiles.MI.java" Intrnl_Id="771">
<LocList>
<Loc EndOffset="8286" SrcFileId="3" StartOffset="8175"/>
</LocList>
</BasicStmnt>
</StmntSeq>
</Branch>
<Branch CovItemId="B46" CovItemPrefix="com.OriginalFiles.MI.java" Implct="true" Intrnl_Id="772">
<Cond/>
<LocList/>
<StmntSeq Intrnl_Id="773">
<LocList/>
</StmntSeq>
</Branch>
<Keyword EndOffset="8050" SrcFileId="3" StartOffset="8048"/>
<LocList>
<Loc EndOffset="8313" SrcFileId="3" StartOffset="8048"/>
</LocList>
<RootTerm CovItemId="C25" CovItemPrefix="com.OriginalFiles.MI.java" Intrnl_Id="774">
<BasicBoolTerm Intrnl_Id="775">
<LocList>
<Loc EndOffset="8142" SrcFileId="3" StartOffset="8052"/>
</LocList>
</BasicBoolTerm>
</RootTerm>
</CondStmnt>
</StmntSeq>
</Branch>
<Keyword EndOffset="7775" SrcFileId="3" StartOffset="7773"/>
<LocList>
<Loc EndOffset="8313" SrcFileId="3" StartOffset="7773"/>
</LocList>
<RootTerm CovItemId="C24" CovItemPrefix="com.OriginalFiles.MI.java" Intrnl_Id="776">
<BasicBoolTerm Intrnl_Id="777">
<LocList>
<Loc EndOffset="7866" SrcFileId="3" StartOffset="7777"/>
</LocList>
</BasicBoolTerm>
</RootTerm>
</CondStmnt>
<BasicStmnt CovItemId="S115" CovItemPrefix="com.OriginalFiles.MI.java" Intrnl_Id="778">
<LocList>
<Loc EndOffset="8384" SrcFileId="3" StartOffset="8339"/>
</LocList>
</BasicStmnt>
</StmntSeq>
</Branch>
<Branch CovItemId="B42" CovItemPrefix="com.OriginalFiles.MI.java" Implct="true" Intrnl_Id="779">
<Cond/>
<LocList/>
<StmntSeq Intrnl_Id="780">
<LocList/>
</StmntSeq>
</Branch>
<Keyword EndOffset="7654" SrcFileId="3" StartOffset="7652"/>
<LocList>
<Loc EndOffset="8407" SrcFileId="3" StartOffset="7652"/>
</LocList>
<RootTerm CovItemId="C23" CovItemPrefix="com.OriginalFiles.MI.java" Intrnl_Id="781">
<OpTerm BooleanOpId="9" Intrnl_Id="782">
<BasicBoolTerm Intrnl_Id="783">
<LocList>
<Loc EndOffset="7692" SrcFileId="3" StartOffset="7656"/>
</LocList>
</BasicBoolTerm>
<OpTerm BooleanOpId="8" Intrnl_Id="784">
<BasicBoolTerm Intrnl_Id="785">
<LocList>
<Loc EndOffset="7744" SrcFileId="3" StartOffset="7726"/>
</LocList>
</BasicBoolTerm>
<LocList>
<Loc EndOffset="7726" SrcFileId="3" StartOffset="7725"/>
</LocList>
</OpTerm>
<LocList>
<Loc EndOffset="7724" SrcFileId="3" StartOffset="7722"/>
</LocList>
</OpTerm>
</RootTerm>
</CondStmnt>
</StmntSeq>
</Branch>
<Branch CovItemId="B40" CovItemPrefix="com.OriginalFiles.MI.java" Implct="true" Intrnl_Id="786">
<Cond/>
<LocList/>
<StmntSeq Intrnl_Id="787">
<LocList/>
</StmntSeq>
</Branch>
<Keyword EndOffset="7606" SrcFileId="3" StartOffset="7604"/>
<LocList>
<Loc EndOffset="8426" SrcFileId="3" StartOffset="7604"/>
</LocList>
<RootTerm CovItemId="C22" CovItemPrefix="com.OriginalFiles.MI.java" Intrnl_Id="788">
<OpTerm BooleanOpId="8" Intrnl_Id="789">
<BasicBoolTerm Intrnl_Id="790">
<LocList>
<Loc EndOffset="7627" SrcFileId="3" StartOffset="7609"/>
</LocList>
</BasicBoolTerm>
<LocList>
<Loc EndOffset="7609" SrcFileId="3" StartOffset="7608"/>
</LocList>
</OpTerm>
</RootTerm>
</CondStmnt>
<BasicStmnt CovItemId="S116" CovItemPrefix="com.OriginalFiles.MI.java" Intrnl_Id="791">
<LocList>
<Loc EndOffset="8559" SrcFileId="3" StartOffset="8444"/>
</LocList>
</BasicStmnt>
</StmntSeq>
<Keyword EndOffset="7509" SrcFileId="3" StartOffset="7506"/>
<LocList>
<Loc EndOffset="8574" SrcFileId="3" StartOffset="7506"/>
</LocList>
<RootTerm CovItemId="C21" CovItemPrefix="com.OriginalFiles.MI.java" Intrnl_Id="792">
<BasicBoolTerm Intrnl_Id="793">
<LocList>
<Loc EndOffset="7531" SrcFileId="3" StartOffset="7525"/>
</LocList>
</BasicBoolTerm>
</RootTerm>
</LoopStmnt>
<BasicStmnt CovItemId="S117" CovItemPrefix="com.OriginalFiles.MI.java" Intrnl_Id="794">
<LocList>
<Loc EndOffset="8621" SrcFileId="3" StartOffset="8590"/>
</LocList>
</BasicStmnt>
<LoopStmnt CovItemId="S118" CovItemPrefix="com.OriginalFiles.MI.java" Intrnl_Id="795" MltplExecId="L9-2" MltplExecPrefix="com.OriginalFiles.MI.java" NvrExecId="L9-0" NvrExecPrefix="com.OriginalFiles.MI.java" OnceExecutedId="L9-1" OnceExecutedPrefix="com.OriginalFiles.MI.java" OptBodyExec="true">
<StmntSeq Intrnl_Id="796">
<LocList>
<Loc EndOffset="8729" SrcFileId="3" StartOffset="8687"/>
<Loc EndOffset="8949" SrcFileId="3" StartOffset="8747"/>
<Loc EndOffset="9106" SrcFileId="3" StartOffset="8967"/>
</LocList>
<BasicStmnt CovItemId="S119" CovItemPrefix="com.OriginalFiles.MI.java" Intrnl_Id="797">
<LocList>
<Loc EndOffset="8729" SrcFileId="3" StartOffset="8687"/>
</LocList>
</BasicStmnt>
<CondStmnt CovItemId="S120" CovItemPrefix="com.OriginalFiles.MI.java" Intrnl_Id="798">
<Branch CovItemId="B47" CovItemPrefix="com.OriginalFiles.MI.java" Implct="false" Intrnl_Id="799">
<Cond/>
<LocList>
<Loc EndOffset="8876" SrcFileId="3" StartOffset="8809"/>
</LocList>
<StmntSeq Intrnl_Id="800">
<LocList>
<Loc EndOffset="8857" SrcFileId="3" StartOffset="8832"/>
</LocList>
<BasicStmnt CovItemId="S121" CovItemPrefix="com.OriginalFiles.MI.java" Intrnl_Id="801">
<LocList>
<Loc EndOffset="8857" SrcFileId="3" StartOffset="8832"/>
</LocList>
</BasicStmnt>
</StmntSeq>
</Branch>
<Branch CovItemId="B48" CovItemPrefix="com.OriginalFiles.MI.java" Implct="false" Intrnl_Id="802">
<Cond>
<Loc EndOffset="8881" SrcFileId="3" StartOffset="8877"/>
</Cond>
<LocList>
<Loc EndOffset="8949" SrcFileId="3" StartOffset="8882"/>
</LocList>
<StmntSeq Intrnl_Id="803">
<LocList>
<Loc EndOffset="8930" SrcFileId="3" StartOffset="8905"/>
</LocList>
<BasicStmnt CovItemId="S122" CovItemPrefix="com.OriginalFiles.MI.java" Intrnl_Id="804">
<LocList>
<Loc EndOffset="8930" SrcFileId="3" StartOffset="8905"/>
</LocList>
</BasicStmnt>
</StmntSeq>
</Branch>
<Keyword EndOffset="8749" SrcFileId="3" StartOffset="8747"/>
<LocList>
<Loc EndOffset="8949" SrcFileId="3" StartOffset="8747"/>
</LocList>
<RootTerm CovItemId="C27" CovItemPrefix="com.OriginalFiles.MI.java" Intrnl_Id="805">
<BasicBoolTerm Intrnl_Id="806">
<LocList>
<Loc EndOffset="8807" SrcFileId="3" StartOffset="8751"/>
</LocList>
</BasicBoolTerm>
</RootTerm>
</CondStmnt>
<BasicStmnt CovItemId="S123" CovItemPrefix="com.OriginalFiles.MI.java" Intrnl_Id="807">
<LocList>
<Loc EndOffset="9106" SrcFileId="3" StartOffset="8967"/>
</LocList>
</BasicStmnt>
</StmntSeq>
<Keyword EndOffset="8640" SrcFileId="3" StartOffset="8637"/>
<LocList>
<Loc EndOffset="9121" SrcFileId="3" StartOffset="8637"/>
</LocList>
<RootTerm CovItemId="C26" CovItemPrefix="com.OriginalFiles.MI.java" Intrnl_Id="808">
<BasicBoolTerm Intrnl_Id="809">
<LocList>
<Loc EndOffset="8661" SrcFileId="3" StartOffset="8653"/>
</LocList>
</BasicBoolTerm>
</RootTerm>
</LoopStmnt>
</StmntSeq>
</Branch>
<Branch CovItemId="B38" CovItemPrefix="com.OriginalFiles.MI.java" Implct="true" Intrnl_Id="810">
<Cond/>
<LocList/>
<StmntSeq Intrnl_Id="811">
<LocList/>
</StmntSeq>
</Branch>
<Keyword EndOffset="7239" SrcFileId="3" StartOffset="7237"/>
<LocList>
<Loc EndOffset="9132" SrcFileId="3" StartOffset="7237"/>
</LocList>
<RootTerm CovItemId="C20" CovItemPrefix="com.OriginalFiles.MI.java" Intrnl_Id="812">
<BasicBoolTerm Intrnl_Id="813">
<LocList>
<Loc EndOffset="7267" SrcFileId="3" StartOffset="7241"/>
</LocList>
</BasicBoolTerm>
</RootTerm>
</CondStmnt>
</StmntSeq>
</HierarchyLvl>
<HierarchyLvl HierarchyLvlId="256" HierarchyLvlTypeId="13" Intrnl_Id="814" Name="possibleMoves">
<Header>
<Loc EndOffset="9299" SrcFileId="3" StartOffset="9176"/>
</Header>
<LocList>
<Loc EndOffset="11549" SrcFileId="3" StartOffset="9176"/>
</LocList>
<StmntSeq Intrnl_Id="815">
<LocList>
<Loc EndOffset="9360" SrcFileId="3" StartOffset="9311"/>
<Loc EndOffset="9415" SrcFileId="3" StartOffset="9370"/>
<Loc EndOffset="9467" SrcFileId="3" StartOffset="9425"/>
<Loc EndOffset="11403" SrcFileId="3" StartOffset="9477"/>
<Loc EndOffset="11542" SrcFileId="3" StartOffset="11415"/>
</LocList>
<BasicStmnt CovItemId="S124" CovItemPrefix="com.OriginalFiles.MI.java" Intrnl_Id="816">
<LocList>
<Loc EndOffset="9360" SrcFileId="3" StartOffset="9311"/>
</LocList>
</BasicStmnt>
<BasicStmnt CovItemId="S125" CovItemPrefix="com.OriginalFiles.MI.java" Intrnl_Id="817">
<LocList>
<Loc EndOffset="9415" SrcFileId="3" StartOffset="9370"/>
</LocList>
</BasicStmnt>
<BasicStmnt CovItemId="S126" CovItemPrefix="com.OriginalFiles.MI.java" Intrnl_Id="818">
<LocList>
<Loc EndOffset="9467" SrcFileId="3" StartOffset="9425"/>
</LocList>
</BasicStmnt>
<LoopStmnt CovItemId="S127" CovItemPrefix="com.OriginalFiles.MI.java" Intrnl_Id="819" MltplExecId="L10-2" MltplExecPrefix="com.OriginalFiles.MI.java" NvrExecId="L10-0" NvrExecPrefix="com.OriginalFiles.MI.java" OnceExecutedId="L10-1" OnceExecutedPrefix="com.OriginalFiles.MI.java" OptBodyExec="true">
<StmntSeq Intrnl_Id="820">
<LocList>
<Loc EndOffset="11392" SrcFileId="3" StartOffset="9542"/>
</LocList>
<LoopStmnt CovItemId="S128" CovItemPrefix="com.OriginalFiles.MI.java" Intrnl_Id="821" MltplExecId="L11-2" MltplExecPrefix="com.OriginalFiles.MI.java" NvrExecId="L11-0" NvrExecPrefix="com.OriginalFiles.MI.java" OnceExecutedId="L11-1" OnceExecutedPrefix="com.OriginalFiles.MI.java" OptBodyExec="true">
<StmntSeq Intrnl_Id="822">
<LocList>
<Loc EndOffset="11377" SrcFileId="3" StartOffset="9583"/>
</LocList>
<CondStmnt CovItemId="S129" CovItemPrefix="com.OriginalFiles.MI.java" Intrnl_Id="823">
<Branch CovItemId="B49" CovItemPrefix="com.OriginalFiles.MI.java" Implct="false" Intrnl_Id="824">
<Cond/>
<LocList>
<Loc EndOffset="11377" SrcFileId="3" StartOffset="9605"/>
</LocList>
<StmntSeq Intrnl_Id="825">
<LocList>
<Loc EndOffset="11358" SrcFileId="3" StartOffset="9628"/>
</LocList>
<CondStmnt CovItemId="S130" CovItemPrefix="com.OriginalFiles.MI.java" Intrnl_Id="826">
<Branch CovItemId="B51" CovItemPrefix="com.OriginalFiles.MI.java" Implct="false" Intrnl_Id="827">
<Cond/>
<LocList>
<Loc EndOffset="11358" SrcFileId="3" StartOffset="9796"/>
</LocList>
<StmntSeq Intrnl_Id="828">
<LocList>
<Loc EndOffset="11335" SrcFileId="3" StartOffset="9856"/>
</LocList>
<CondStmnt CovItemId="S131" CovItemPrefix="com.OriginalFiles.MI.java" Intrnl_Id="829">
<Branch CovItemId="B53" CovItemPrefix="com.OriginalFiles.MI.java" Implct="false" Intrnl_Id="830">
<Cond/>
<LocList>
<Loc EndOffset="10635" SrcFileId="3" StartOffset="9893"/>
</LocList>
<StmntSeq Intrnl_Id="831">
<LocList>
<Loc EndOffset="10236" SrcFileId="3" StartOffset="9924"/>
<Loc EndOffset="10608" SrcFileId="3" StartOffset="10268"/>
</LocList>
<BasicStmnt CovItemId="S132" CovItemPrefix="com.OriginalFiles.MI.java" Intrnl_Id="832">
<LocList>
<Loc EndOffset="10236" SrcFileId="3" StartOffset="9924"/>
</LocList>
</BasicStmnt>
<LoopStmnt CovItemId="S133" CovItemPrefix="com.OriginalFiles.MI.java" Intrnl_Id="833" MltplExecId="L12-2" MltplExecPrefix="com.OriginalFiles.MI.java" NvrExecId="L12-0" NvrExecPrefix="com.OriginalFiles.MI.java" OnceExecutedId="L12-1" OnceExecutedPrefix="com.OriginalFiles.MI.java" OptBodyExec="true">
<StmntSeq Intrnl_Id="834">
<LocList>
<Loc EndOffset="10577" SrcFileId="3" StartOffset="10349"/>
</LocList>
<CondStmnt CovItemId="S134" CovItemPrefix="com.OriginalFiles.MI.java" Intrnl_Id="835">
<Branch CovItemId="B55" CovItemPrefix="com.OriginalFiles.MI.java" Implct="false" Intrnl_Id="836">
<Cond/>
<LocList>
<Loc EndOffset="10577" SrcFileId="3" StartOffset="10380"/>
</LocList>
<StmntSeq Intrnl_Id="837">
<LocList>
<Loc EndOffset="10542" SrcFileId="3" StartOffset="10419"/>
</LocList>
<BasicStmnt CovItemId="S135" CovItemPrefix="com.OriginalFiles.MI.java" Intrnl_Id="838">
<LocList>
<Loc EndOffset="10542" SrcFileId="3" StartOffset="10419"/>
</LocList>
</BasicStmnt>
</StmntSeq>
</Branch>
<Branch CovItemId="B56" CovItemPrefix="com.OriginalFiles.MI.java" Implct="true" Intrnl_Id="839">
<Cond/>
<LocList/>
<StmntSeq Intrnl_Id="840">
<LocList/>
</StmntSeq>
</Branch>
<Keyword EndOffset="10351" SrcFileId="3" StartOffset="10349"/>
<LocList>
<Loc EndOffset="10577" SrcFileId="3" StartOffset="10349"/>
</LocList>
<RootTerm CovItemId="C31" CovItemPrefix="com.OriginalFiles.MI.java" Intrnl_Id="841">
<BasicBoolTerm Intrnl_Id="842">
<LocList>
<Loc EndOffset="10378" SrcFileId="3" StartOffset="10353"/>
</LocList>
</BasicBoolTerm>
</RootTerm>
</CondStmnt>
</StmntSeq>
<Keyword EndOffset="10271" SrcFileId="3" StartOffset="10268"/>
<LocList>
<Loc EndOffset="10608" SrcFileId="3" StartOffset="10268"/>
</LocList>
</LoopStmnt>
</StmntSeq>
</Branch>
<Branch CovItemId="B54" CovItemPrefix="com.OriginalFiles.MI.java" Implct="false" Intrnl_Id="843">
<Cond>
<Loc EndOffset="10640" SrcFileId="3" StartOffset="10636"/>
</Cond>
<LocList>
<Loc EndOffset="11335" SrcFileId="3" StartOffset="10641"/>
</LocList>
<StmntSeq Intrnl_Id="844">
<LocList>
<Loc EndOffset="10843" SrcFileId="3" StartOffset="10682"/>
<Loc EndOffset="11308" SrcFileId="3" StartOffset="10917"/>
</LocList>
<BasicStmnt CovItemId="S136" CovItemPrefix="com.OriginalFiles.MI.java" Intrnl_Id="845">
<LocList>
<Loc EndOffset="10843" SrcFileId="3" StartOffset="10682"/>
</LocList>
</BasicStmnt>
<CondStmnt CovItemId="S137" CovItemPrefix="com.OriginalFiles.MI.java" Intrnl_Id="846">
<Branch CovItemId="B57" CovItemPrefix="com.OriginalFiles.MI.java" Implct="false" Intrnl_Id="847">
<Cond/>
<LocList>
<Loc EndOffset="11308" SrcFileId="3" StartOffset="10947"/>
</LocList>
<StmntSeq Intrnl_Id="848">
<LocList>
<Loc EndOffset="11277" SrcFileId="3" StartOffset="10982"/>
</LocList>
<LoopStmnt CovItemId="S138" CovItemPrefix="com.OriginalFiles.MI.java" Intrnl_Id="849" MltplExecId="L13-2" MltplExecPrefix="com.OriginalFiles.MI.java" NvrExecId="L13-0" NvrExecPrefix="com.OriginalFiles.MI.java" OnceExecutedId="L13-1" OnceExecutedPrefix="com.OriginalFiles.MI.java" OptBodyExec="true">
<StmntSeq Intrnl_Id="850">
<LocList>
<Loc EndOffset="11180" SrcFileId="3" StartOffset="11058"/>
<Loc EndOffset="11242" SrcFileId="3" StartOffset="11218"/>
</LocList>
<BasicStmnt CovItemId="S139" CovItemPrefix="com.OriginalFiles.MI.java" Intrnl_Id="851">
<LocList>
<Loc EndOffset="11180" SrcFileId="3" StartOffset="11058"/>
</LocList>
</BasicStmnt>
<BasicStmnt CovItemId="S140" CovItemPrefix="com.OriginalFiles.MI.java" Intrnl_Id="852">
<LocList>
<Loc EndOffset="11242" SrcFileId="3" StartOffset="11218"/>
</LocList>
</BasicStmnt>
</StmntSeq>
<Keyword EndOffset="10985" SrcFileId="3" StartOffset="10982"/>
<LocList>
<Loc EndOffset="11277" SrcFileId="3" StartOffset="10982"/>
</LocList>
</LoopStmnt>
</StmntSeq>
</Branch>
<Branch CovItemId="B58" CovItemPrefix="com.OriginalFiles.MI.java" Implct="true" Intrnl_Id="853">
<Cond/>
<LocList/>
<StmntSeq Intrnl_Id="854">
<LocList/>
</StmntSeq>
</Branch>
<Keyword EndOffset="10919" SrcFileId="3" StartOffset="10917"/>
<LocList>
<Loc EndOffset="11308" SrcFileId="3" StartOffset="10917"/>
</LocList>
<RootTerm CovItemId="C32" CovItemPrefix="com.OriginalFiles.MI.java" Intrnl_Id="855">
<OpTerm BooleanOpId="8" Intrnl_Id="856">
<BasicBoolTerm Intrnl_Id="857">
<LocList>
<Loc EndOffset="10945" SrcFileId="3" StartOffset="10922"/>
</LocList>
</BasicBoolTerm>
<LocList>
<Loc EndOffset="10922" SrcFileId="3" StartOffset="10921"/>
</LocList>
</OpTerm>
</RootTerm>
</CondStmnt>
</StmntSeq>
</Branch>
<Keyword EndOffset="9858" SrcFileId="3" StartOffset="9856"/>
<LocList>
<Loc EndOffset="11335" SrcFileId="3" StartOffset="9856"/>
</LocList>
<RootTerm CovItemId="C30" CovItemPrefix="com.OriginalFiles.MI.java" Intrnl_Id="858">
<BasicBoolTerm Intrnl_Id="859">
<LocList>
<Loc EndOffset="9891" SrcFileId="3" StartOffset="9860"/>
</LocList>
</BasicBoolTerm>
</RootTerm>
</CondStmnt>
</StmntSeq>
</Branch>
<Branch CovItemId="B52" CovItemPrefix="com.OriginalFiles.MI.java" Implct="true" Intrnl_Id="860">
<Cond/>
<LocList/>
<StmntSeq Intrnl_Id="861">
<LocList/>
</StmntSeq>
</Branch>
<Keyword EndOffset="9630" SrcFileId="3" StartOffset="9628"/>
<LocList>
<Loc EndOffset="11358" SrcFileId="3" StartOffset="9628"/>
</LocList>
<RootTerm CovItemId="C29" CovItemPrefix="com.OriginalFiles.MI.java" Intrnl_Id="862">
<OpTerm BooleanOpId="9" Intrnl_Id="863">
<BasicBoolTerm Intrnl_Id="864">
<LocList>
<Loc EndOffset="9666" SrcFileId="3" StartOffset="9632"/>
</LocList>
</BasicBoolTerm>
<BasicBoolTerm Intrnl_Id="865">
<LocList>
<Loc EndOffset="9794" SrcFileId="3" StartOffset="9699"/>
</LocList>
</BasicBoolTerm>
<LocList>
<Loc EndOffset="9698" SrcFileId="3" StartOffset="9696"/>
</LocList>
</OpTerm>
</RootTerm>
</CondStmnt>
</StmntSeq>
</Branch>
<Branch CovItemId="B50" CovItemPrefix="com.OriginalFiles.MI.java" Implct="true" Intrnl_Id="866">
<Cond/>
<LocList/>
<StmntSeq Intrnl_Id="867">
<LocList/>
</StmntSeq>
</Branch>
<Keyword EndOffset="9585" SrcFileId="3" StartOffset="9583"/>
<LocList>
<Loc EndOffset="11377" SrcFileId="3" StartOffset="9583"/>
</LocList>
<RootTerm CovItemId="C28" CovItemPrefix="com.OriginalFiles.MI.java" Intrnl_Id="868">
<OpTerm BooleanOpId="8" Intrnl_Id="869">
<BasicBoolTerm Intrnl_Id="870">
<LocList>
<Loc EndOffset="9603" SrcFileId="3" StartOffset="9588"/>
</LocList>
</BasicBoolTerm>
<LocList>
<Loc EndOffset="9588" SrcFileId="3" StartOffset="9587"/>
</LocList>
</OpTerm>
</RootTerm>
</CondStmnt>
</StmntSeq>
<Keyword EndOffset="9545" SrcFileId="3" StartOffset="9542"/>
<LocList>
<Loc EndOffset="11392" SrcFileId="3" StartOffset="9542"/>
</LocList>
</LoopStmnt>
</StmntSeq>
<Keyword EndOffset="9480" SrcFileId="3" StartOffset="9477"/>
<LocList>
<Loc EndOffset="11403" SrcFileId="3" StartOffset="9477"/>
</LocList>
</LoopStmnt>
<CondStmnt CovItemId="S141" CovItemPrefix="com.OriginalFiles.MI.java" Intrnl_Id="871">
<Branch CovItemId="B59" CovItemPrefix="com.OriginalFiles.MI.java" Implct="false" Intrnl_Id="872">
<Cond/>
<LocList>
<Loc EndOffset="11493" SrcFileId="3" StartOffset="11446"/>
</LocList>
<StmntSeq Intrnl_Id="873">
<LocList>
<Loc EndOffset="11482" SrcFileId="3" StartOffset="11461"/>
</LocList>
<BasicStmnt CovItemId="S142" CovItemPrefix="com.OriginalFiles.MI.java" Intrnl_Id="874">
<LocList>
<Loc EndOffset="11482" SrcFileId="3" StartOffset="11461"/>
</LocList>
</BasicStmnt>
</StmntSeq>
</Branch>
<Branch CovItemId="B60" CovItemPrefix="com.OriginalFiles.MI.java" Implct="false" Intrnl_Id="875">
<Cond>
<Loc EndOffset="11498" SrcFileId="3" StartOffset="11494"/>
</Cond>
<LocList>
<Loc EndOffset="11542" SrcFileId="3" StartOffset="11499"/>
</LocList>
<StmntSeq Intrnl_Id="876">
<LocList>
<Loc EndOffset="11531" SrcFileId="3" StartOffset="11514"/>
</LocList>
<BasicStmnt CovItemId="S143" CovItemPrefix="com.OriginalFiles.MI.java" Intrnl_Id="877">
<LocList>
<Loc EndOffset="11531" SrcFileId="3" StartOffset="11514"/>
</LocList>
</BasicStmnt>
</StmntSeq>
</Branch>
<Keyword EndOffset="11417" SrcFileId="3" StartOffset="11415"/>
<LocList>
<Loc EndOffset="11542" SrcFileId="3" StartOffset="11415"/>
</LocList>
<RootTerm CovItemId="C33" CovItemPrefix="com.OriginalFiles.MI.java" Intrnl_Id="878">
<BasicBoolTerm Intrnl_Id="879">
<LocList>
<Loc EndOffset="11444" SrcFileId="3" StartOffset="11419"/>
</LocList>
</BasicBoolTerm>
</RootTerm>
</CondStmnt>
</StmntSeq>
</HierarchyLvl>
</HierarchyLvl>
<HierarchyLvl HierarchyLvlId="265" HierarchyLvlTypeId="12" Intrnl_Id="880" Name="Field">
<Header>
<Loc EndOffset="48" SrcFileId="4" StartOffset="30"/>
</Header>
<LocList>
<Loc EndOffset="1380" SrcFileId="4" StartOffset="30"/>
</LocList>
<StmntSeq Intrnl_Id="881">
<LocList>
<Loc EndOffset="202" SrcFileId="4" StartOffset="171"/>
<Loc EndOffset="280" SrcFileId="4" StartOffset="246"/>
</LocList>
<BasicStmnt CovItemId="S1" CovItemPrefix="com.OriginalFiles.Field.java" Intrnl_Id="882">
<LocList>
<Loc EndOffset="202" SrcFileId="4" StartOffset="171"/>
</LocList>
</BasicStmnt>
<BasicStmnt CovItemId="S2" CovItemPrefix="com.OriginalFiles.Field.java" Intrnl_Id="883">
<LocList>
<Loc EndOffset="280" SrcFileId="4" StartOffset="246"/>
</LocList>
</BasicStmnt>
</StmntSeq>
<HierarchyLvl HierarchyLvlId="258" HierarchyLvlTypeId="13" Intrnl_Id="884" Name="Field">
<Header>
<Loc EndOffset="300" SrcFileId="4" StartOffset="286"/>
</Header>
<LocList>
<Loc EndOffset="304" SrcFileId="4" StartOffset="286"/>
</LocList>
</HierarchyLvl>
<HierarchyLvl HierarchyLvlId="259" HierarchyLvlTypeId="13" Intrnl_Id="885" Name="Field">
<Header>
<Loc EndOffset="347" SrcFileId="4" StartOffset="311"/>
</Header>
<LocList>
<Loc EndOffset="398" SrcFileId="4" StartOffset="311"/>
</LocList>
<StmntSeq Intrnl_Id="886">
<LocList>
<Loc EndOffset="370" SrcFileId="4" StartOffset="359"/>
<Loc EndOffset="391" SrcFileId="4" StartOffset="380"/>
</LocList>
<BasicStmnt CovItemId="S3" CovItemPrefix="com.OriginalFiles.Field.java" Intrnl_Id="887">
<LocList>
<Loc EndOffset="370" SrcFileId="4" StartOffset="359"/>
</LocList>
</BasicStmnt>
<BasicStmnt CovItemId="S4" CovItemPrefix="com.OriginalFiles.Field.java" Intrnl_Id="888">
<LocList>
<Loc EndOffset="391" SrcFileId="4" StartOffset="380"/>
</LocList>
</BasicStmnt>
</StmntSeq>
</HierarchyLvl>
<HierarchyLvl HierarchyLvlId="260" HierarchyLvlTypeId="13" Intrnl_Id="889" Name="setPieceOnField">
<Header>
<Loc EndOffset="589" SrcFileId="4" StartOffset="538"/>
</Header>
<LocList>
<Loc EndOffset="711" SrcFileId="4" StartOffset="538"/>
</LocList>
<StmntSeq Intrnl_Id="890">
<LocList>
<Loc EndOffset="627" SrcFileId="4" StartOffset="601"/>
<Loc EndOffset="704" SrcFileId="4" StartOffset="637"/>
</LocList>
<BasicStmnt CovItemId="S5" CovItemPrefix="com.OriginalFiles.Field.java" Intrnl_Id="891">
<LocList>
<Loc EndOffset="627" SrcFileId="4" StartOffset="601"/>
</LocList>
</BasicStmnt>
<CondStmnt CovItemId="S6" CovItemPrefix="com.OriginalFiles.Field.java" Intrnl_Id="892">
<Branch CovItemId="B1" CovItemPrefix="com.OriginalFiles.Field.java" Implct="false" Intrnl_Id="893">
<Cond/>
<LocList>
<Loc EndOffset="704" SrcFileId="4" StartOffset="653"/>
</LocList>
<StmntSeq Intrnl_Id="894">
<LocList>
<Loc EndOffset="693" SrcFileId="4" StartOffset="668"/>
</LocList>
<BasicStmnt CovItemId="S7" CovItemPrefix="com.OriginalFiles.Field.java" Intrnl_Id="895">
<LocList>
<Loc EndOffset="693" SrcFileId="4" StartOffset="668"/>
</LocList>
</BasicStmnt>
</StmntSeq>
</Branch>
<Branch CovItemId="B2" CovItemPrefix="com.OriginalFiles.Field.java" Implct="true" Intrnl_Id="896">
<Cond/>
<LocList/>
<StmntSeq Intrnl_Id="897">
<LocList/>
</StmntSeq>
</Branch>
<Keyword EndOffset="639" SrcFileId="4" StartOffset="637"/>
<LocList>
<Loc EndOffset="704" SrcFileId="4" StartOffset="637"/>
</LocList>
<RootTerm CovItemId="C1" CovItemPrefix="com.OriginalFiles.Field.java" Intrnl_Id="898">
<OpTerm BooleanOpId="8" Intrnl_Id="899">
<BasicBoolTerm Intrnl_Id="900">
<LocList>
<Loc EndOffset="651" SrcFileId="4" StartOffset="642"/>
</LocList>
</BasicBoolTerm>
<LocList>
<Loc EndOffset="642" SrcFileId="4" StartOffset="641"/>
</LocList>
</OpTerm>
</RootTerm>
</CondStmnt>
</StmntSeq>
</HierarchyLvl>
<HierarchyLvl HierarchyLvlId="261" HierarchyLvlTypeId="13" Intrnl_Id="901" Name="getPieceOnField">
<Header>
<Loc EndOffset="755" SrcFileId="4" StartOffset="719"/>
</Header>
<LocList>
<Loc EndOffset="794" SrcFileId="4" StartOffset="719"/>
</LocList>
<StmntSeq Intrnl_Id="902">
<LocList>
<Loc EndOffset="787" SrcFileId="4" StartOffset="767"/>
</LocList>
<BasicStmnt CovItemId="S8" CovItemPrefix="com.OriginalFiles.Field.java" Intrnl_Id="903">
<LocList>
<Loc EndOffset="787" SrcFileId="4" StartOffset="767"/>
</LocList>
</BasicStmnt>
</StmntSeq>
</HierarchyLvl>
<HierarchyLvl HierarchyLvlId="262" HierarchyLvlTypeId="13" Intrnl_Id="904" Name="isEmpty">
<Header>
<Loc EndOffset="888" SrcFileId="4" StartOffset="858"/>
</Header>
<LocList>
<Loc EndOffset="937" SrcFileId="4" StartOffset="858"/>
</LocList>
<StmntSeq Intrnl_Id="905">
<LocList>
<Loc EndOffset="930" SrcFileId="4" StartOffset="900"/>
</LocList>
<BasicStmnt CovItemId="S9" CovItemPrefix="com.OriginalFiles.Field.java" Intrnl_Id="906">
<LocList>
<Loc EndOffset="930" SrcFileId="4" StartOffset="900"/>
</LocList>
</BasicStmnt>
</StmntSeq>
</HierarchyLvl>
<HierarchyLvl HierarchyLvlId="263" HierarchyLvlTypeId="13" Intrnl_Id="907" Name="isPieceOfColor">
<Header>
<Loc EndOffset="1090" SrcFileId="4" StartOffset="1043"/>
</Header>
<LocList>
<Loc EndOffset="1232" SrcFileId="4" StartOffset="1043"/>
</LocList>
<StmntSeq Intrnl_Id="908">
<LocList>
<Loc EndOffset="1225" SrcFileId="4" StartOffset="1102"/>
</LocList>
<CondStmnt CovItemId="S10" CovItemPrefix="com.OriginalFiles.Field.java" Intrnl_Id="909">
<Branch CovItemId="B3" CovItemPrefix="com.OriginalFiles.Field.java" Implct="false" Intrnl_Id="910">
<Cond/>
<LocList>
<Loc EndOffset="1156" SrcFileId="4" StartOffset="1117"/>
</LocList>
<StmntSeq Intrnl_Id="911">
<LocList>
<Loc EndOffset="1145" SrcFileId="4" StartOffset="1132"/>
</LocList>
<BasicStmnt CovItemId="S11" CovItemPrefix="com.OriginalFiles.Field.java" Intrnl_Id="912">
<LocList>
<Loc EndOffset="1145" SrcFileId="4" StartOffset="1132"/>
</LocList>
</BasicStmnt>
</StmntSeq>
</Branch>
<Branch CovItemId="B4" CovItemPrefix="com.OriginalFiles.Field.java" Implct="false" Intrnl_Id="913">
<Cond>
<Loc EndOffset="1161" SrcFileId="4" StartOffset="1157"/>
</Cond>
<LocList>
<Loc EndOffset="1225" SrcFileId="4" StartOffset="1162"/>
</LocList>
<StmntSeq Intrnl_Id="914">
<LocList>
<Loc EndOffset="1214" SrcFileId="4" StartOffset="1177"/>
</LocList>
<BasicStmnt CovItemId="S12" CovItemPrefix="com.OriginalFiles.Field.java" Intrnl_Id="915">
<LocList>
<Loc EndOffset="1214" SrcFileId="4" StartOffset="1177"/>
</LocList>
</BasicStmnt>
</StmntSeq>
</Branch>
<Keyword EndOffset="1104" SrcFileId="4" StartOffset="1102"/>
<LocList>
<Loc EndOffset="1225" SrcFileId="4" StartOffset="1102"/>
</LocList>
<RootTerm CovItemId="C2" CovItemPrefix="com.OriginalFiles.Field.java" Intrnl_Id="916">
<BasicBoolTerm Intrnl_Id="917">
<LocList>
<Loc EndOffset="1115" SrcFileId="4" StartOffset="1106"/>
</LocList>
</BasicBoolTerm>
</RootTerm>
</CondStmnt>
</StmntSeq>
</HierarchyLvl>
<HierarchyLvl HierarchyLvlId="264" HierarchyLvlTypeId="13" Intrnl_Id="918" Name="emptyThisField">
<Header>
<Loc EndOffset="1338" SrcFileId="4" StartOffset="1304"/>
</Header>
<LocList>
<Loc EndOffset="1377" SrcFileId="4" StartOffset="1304"/>
</LocList>
<StmntSeq Intrnl_Id="919">
<LocList>
<Loc EndOffset="1370" SrcFileId="4" StartOffset="1350"/>
</LocList>
<BasicStmnt CovItemId="S13" CovItemPrefix="com.OriginalFiles.Field.java" Intrnl_Id="920">
<LocList>
<Loc EndOffset="1370" SrcFileId="4" StartOffset="1350"/>
</LocList>
</BasicStmnt>
</StmntSeq>
</HierarchyLvl>
</HierarchyLvl>
<HierarchyLvl HierarchyLvlId="271" HierarchyLvlTypeId="12" Intrnl_Id="921" Name="Communication">
<Header>
<Loc EndOffset="56" SrcFileId="5" StartOffset="30"/>
</Header>
<LocList>
<Loc EndOffset="555" SrcFileId="5" StartOffset="30"/>
</LocList>
<HierarchyLvl HierarchyLvlId="266" HierarchyLvlTypeId="13" Intrnl_Id="922" Name="Communication">
<Header>
<Loc EndOffset="117" SrcFileId="5" StartOffset="66"/>
</Header>
<LocList>
<Loc EndOffset="175" SrcFileId="5" StartOffset="66"/>
</LocList>
</HierarchyLvl>
<HierarchyLvl HierarchyLvlId="267" HierarchyLvlTypeId="13" Intrnl_Id="923" Name="myKingNotPlaced">
<Header>
<Loc EndOffset="212" SrcFileId="5" StartOffset="183"/>
</Header>
<LocList>
<Loc EndOffset="275" SrcFileId="5" StartOffset="183"/>
</LocList>
</HierarchyLvl>
<HierarchyLvl HierarchyLvlId="268" HierarchyLvlTypeId="13" Intrnl_Id="924" Name="humanWon">
<Header>
<Loc EndOffset="305" SrcFileId="5" StartOffset="283"/>
</Header>
<LocList>
<Loc EndOffset="368" SrcFileId="5" StartOffset="283"/>
</LocList>
</HierarchyLvl>
<HierarchyLvl HierarchyLvlId="269" HierarchyLvlTypeId="13" Intrnl_Id="925" Name="robotWon">
<Header>
<Loc EndOffset="398" SrcFileId="5" StartOffset="376"/>
</Header>
<LocList>
<Loc EndOffset="461" SrcFileId="5" StartOffset="376"/>
</LocList>
</HierarchyLvl>
<HierarchyLvl HierarchyLvlId="270" HierarchyLvlTypeId="13" Intrnl_Id="926" Name="draw">
<Header>
<Loc EndOffset="487" SrcFileId="5" StartOffset="469"/>
</Header>
<LocList>
<Loc EndOffset="550" SrcFileId="5" StartOffset="469"/>
</LocList>
</HierarchyLvl>
</HierarchyLvl>
<HierarchyLvl HierarchyLvlId="297" HierarchyLvlTypeId="12" Intrnl_Id="927" Name="Board">
<Header>
<Loc EndOffset="170" SrcFileId="6" StartOffset="152"/>
</Header>
<LocList>
<Loc EndOffset="16506" SrcFileId="6" StartOffset="152"/>
</LocList>
<StmntSeq Intrnl_Id="928">
<LocList>
<Loc EndOffset="223" SrcFileId="6" StartOffset="180"/>
<Loc EndOffset="269" SrcFileId="6" StartOffset="229"/>
<Loc EndOffset="318" SrcFileId="6" StartOffset="275"/>
<Loc EndOffset="370" SrcFileId="6" StartOffset="324"/>
<Loc EndOffset="425" SrcFileId="6" StartOffset="376"/>
</LocList>
<BasicStmnt CovItemId="S1" CovItemPrefix="com.OriginalFiles.Board.java" Intrnl_Id="929">
<LocList>
<Loc EndOffset="223" SrcFileId="6" StartOffset="180"/>
</LocList>
</BasicStmnt>
<BasicStmnt CovItemId="S2" CovItemPrefix="com.OriginalFiles.Board.java" Intrnl_Id="930">
<LocList>
<Loc EndOffset="269" SrcFileId="6" StartOffset="229"/>
</LocList>
</BasicStmnt>
<BasicStmnt CovItemId="S3" CovItemPrefix="com.OriginalFiles.Board.java" Intrnl_Id="931">
<LocList>
<Loc EndOffset="318" SrcFileId="6" StartOffset="275"/>
</LocList>
</BasicStmnt>
<BasicStmnt CovItemId="S4" CovItemPrefix="com.OriginalFiles.Board.java" Intrnl_Id="932">
<LocList>
<Loc EndOffset="370" SrcFileId="6" StartOffset="324"/>
</LocList>
</BasicStmnt>
<BasicStmnt CovItemId="S5" CovItemPrefix="com.OriginalFiles.Board.java" Intrnl_Id="933">
<LocList>
<Loc EndOffset="425" SrcFileId="6" StartOffset="376"/>
</LocList>
</BasicStmnt>
</StmntSeq>
<HierarchyLvl HierarchyLvlId="272" HierarchyLvlTypeId="13" Intrnl_Id="934" Name="Board">
<Header>
<Loc EndOffset="688" SrcFileId="6" StartOffset="591"/>
</Header>
<LocList>
<Loc EndOffset="3729" SrcFileId="6" StartOffset="591"/>
</LocList>
<StmntSeq Intrnl_Id="935">
<LocList>
<Loc EndOffset="741" SrcFileId="6" StartOffset="700"/>
<Loc EndOffset="800" SrcFileId="6" StartOffset="751"/>
<Loc EndOffset="842" SrcFileId="6" StartOffset="810"/>
<Loc EndOffset="873" SrcFileId="6" StartOffset="852"/>
<Loc EndOffset="2342" SrcFileId="6" StartOffset="944"/>
<Loc EndOffset="2829" SrcFileId="6" StartOffset="2480"/>
<Loc EndOffset="3184" SrcFileId="6" StartOffset="2839"/>
<Loc EndOffset="3461" SrcFileId="6" StartOffset="3215"/>
<Loc EndOffset="3722" SrcFileId="6" StartOffset="3473"/>
</LocList>
<BasicStmnt CovItemId="S6" CovItemPrefix="com.OriginalFiles.Board.java" Intrnl_Id="936">
<LocList>
<Loc EndOffset="741" SrcFileId="6" StartOffset="700"/>
</LocList>
</BasicStmnt>
<BasicStmnt CovItemId="S7" CovItemPrefix="com.OriginalFiles.Board.java" Intrnl_Id="937">
<LocList>
<Loc EndOffset="800" SrcFileId="6" StartOffset="751"/>
</LocList>
</BasicStmnt>
<BasicStmnt CovItemId="S8" CovItemPrefix="com.OriginalFiles.Board.java" Intrnl_Id="938">
<LocList>
<Loc EndOffset="842" SrcFileId="6" StartOffset="810"/>
</LocList>
</BasicStmnt>
<BasicStmnt CovItemId="S9" CovItemPrefix="com.OriginalFiles.Board.java" Intrnl_Id="939">
<LocList>
<Loc EndOffset="873" SrcFileId="6" StartOffset="852"/>
</LocList>
</BasicStmnt>
<LoopStmnt CovItemId="S10" CovItemPrefix="com.OriginalFiles.Board.java" Intrnl_Id="940" MltplExecId="L1-2" MltplExecPrefix="com.OriginalFiles.Board.java" NvrExecId="L1-0" NvrExecPrefix="com.OriginalFiles.Board.java" OnceExecutedId="L1-1" OnceExecutedPrefix="com.OriginalFiles.Board.java" OptBodyExec="true">
<StmntSeq Intrnl_Id="941">
<LocList>
<Loc EndOffset="2331" SrcFileId="6" StartOffset="983"/>
</LocList>
<LoopStmnt CovItemId="S11" CovItemPrefix="com.OriginalFiles.Board.java" Intrnl_Id="942" MltplExecId="L2-2" MltplExecPrefix="com.OriginalFiles.Board.java" NvrExecId="L2-0" NvrExecPrefix="com.OriginalFiles.Board.java" OnceExecutedId="L2-1" OnceExecutedPrefix="com.OriginalFiles.Board.java" OptBodyExec="true">
<StmntSeq Intrnl_Id="943">
<LocList>
<Loc EndOffset="1051" SrcFileId="6" StartOffset="1026"/>
<Loc EndOffset="1080" SrcFileId="6" StartOffset="1069"/>
<Loc EndOffset="1109" SrcFileId="6" StartOffset="1098"/>
<Loc EndOffset="2277" SrcFileId="6" StartOffset="1234"/>
<Loc EndOffset="2316" SrcFileId="6" StartOffset="2295"/>
</LocList>
<BasicStmnt CovItemId="S12" CovItemPrefix="com.OriginalFiles.Board.java" Intrnl_Id="944">
<LocList>
<Loc EndOffset="1051" SrcFileId="6" StartOffset="1026"/>
</LocList>
</BasicStmnt>
<BasicStmnt CovItemId="S13" CovItemPrefix="com.OriginalFiles.Board.java" Intrnl_Id="945">
<LocList>
<Loc EndOffset="1080" SrcFileId="6" StartOffset="1069"/>
</LocList>
</BasicStmnt>
<BasicStmnt CovItemId="S14" CovItemPrefix="com.OriginalFiles.Board.java" Intrnl_Id="946">
<LocList>
<Loc EndOffset="1109" SrcFileId="6" StartOffset="1098"/>
</LocList>
</BasicStmnt>
<CondStmnt CovItemId="S15" CovItemPrefix="com.OriginalFiles.Board.java" Intrnl_Id="947">
<Branch CovItemId="B1" CovItemPrefix="com.OriginalFiles.Board.java" Implct="false" Intrnl_Id="948">
<Cond/>
<LocList>
<Loc EndOffset="2203" SrcFileId="6" StartOffset="1256"/>
</LocList>
<StmntSeq Intrnl_Id="949">
<LocList>
<Loc EndOffset="1304" SrcFileId="6" StartOffset="1279"/>
<Loc EndOffset="1352" SrcFileId="6" StartOffset="1326"/>
<Loc EndOffset="1783" SrcFileId="6" StartOffset="1374"/>
<Loc EndOffset="2127" SrcFileId="6" StartOffset="1840"/>
<Loc EndOffset="2184" SrcFileId="6" StartOffset="2149"/>
</LocList>
<BasicStmnt CovItemId="S16" CovItemPrefix="com.OriginalFiles.Board.java" Intrnl_Id="950">
<LocList>
<Loc EndOffset="1304" SrcFileId="6" StartOffset="1279"/>
</LocList>
</BasicStmnt>
<BasicStmnt CovItemId="S17" CovItemPrefix="com.OriginalFiles.Board.java" Intrnl_Id="951">
<LocList>
<Loc EndOffset="1352" SrcFileId="6" StartOffset="1326"/>
</LocList>
</BasicStmnt>
<CondStmnt CovItemId="S18" CovItemPrefix="com.OriginalFiles.Board.java" Intrnl_Id="952">
<Branch CovItemId="B3" CovItemPrefix="com.OriginalFiles.Board.java" Implct="false" Intrnl_Id="953">
<Cond/>
<LocList>
<Loc EndOffset="1783" SrcFileId="6" StartOffset="1385"/>
</LocList>
<StmntSeq Intrnl_Id="954">
<LocList>
<Loc EndOffset="1443" SrcFileId="6" StartOffset="1412"/>
<Loc EndOffset="1505" SrcFileId="6" StartOffset="1469"/>
<Loc EndOffset="1760" SrcFileId="6" StartOffset="1659"/>
</LocList>
<BasicStmnt CovItemId="S19" CovItemPrefix="com.OriginalFiles.Board.java" Intrnl_Id="955">
<LocList>
<Loc EndOffset="1443" SrcFileId="6" StartOffset="1412"/>
</LocList>
</BasicStmnt>
<BasicStmnt CovItemId="S20" CovItemPrefix="com.OriginalFiles.Board.java" Intrnl_Id="956">
<LocList>
<Loc EndOffset="1505" SrcFileId="6" StartOffset="1469"/>
</LocList>
</BasicStmnt>
<CondStmnt CovItemId="S21" CovItemPrefix="com.OriginalFiles.Board.java" Intrnl_Id="957">
<Branch CovItemId="B5" CovItemPrefix="com.OriginalFiles.Board.java" Implct="false" Intrnl_Id="958">
<Cond/>
<LocList>
<Loc EndOffset="1760" SrcFileId="6" StartOffset="1671"/>
</LocList>
<StmntSeq Intrnl_Id="959">
<LocList>
<Loc EndOffset="1733" SrcFileId="6" StartOffset="1702"/>
</LocList>
<BasicStmnt CovItemId="S22" CovItemPrefix="com.OriginalFiles.Board.java" Intrnl_Id="960">
<LocList>
<Loc EndOffset="1733" SrcFileId="6" StartOffset="1702"/>
</LocList>
</BasicStmnt>
</StmntSeq>
</Branch>
<Branch CovItemId="B6" CovItemPrefix="com.OriginalFiles.Board.java" Implct="true" Intrnl_Id="961">
<Cond/>
<LocList/>
<StmntSeq Intrnl_Id="962">
<LocList/>
</StmntSeq>
</Branch>
<Keyword EndOffset="1661" SrcFileId="6" StartOffset="1659"/>
<LocList>
<Loc EndOffset="1760" SrcFileId="6" StartOffset="1659"/>
</LocList>
<RootTerm CovItemId="C5" CovItemPrefix="com.OriginalFiles.Board.java" Intrnl_Id="963">
<BasicBoolTerm Intrnl_Id="964">
<LocList>
<Loc EndOffset="1669" SrcFileId="6" StartOffset="1663"/>
</LocList>
</BasicBoolTerm>
</RootTerm>
</CondStmnt>
</StmntSeq>
</Branch>
<Branch CovItemId="B4" CovItemPrefix="com.OriginalFiles.Board.java" Implct="true" Intrnl_Id="965">
<Cond/>
<LocList/>
<StmntSeq Intrnl_Id="966">
<LocList/>
</StmntSeq>
</Branch>
<Keyword EndOffset="1376" SrcFileId="6" StartOffset="1374"/>
<LocList>
<Loc EndOffset="1783" SrcFileId="6" StartOffset="1374"/>
</LocList>
<RootTerm CovItemId="C4" CovItemPrefix="com.OriginalFiles.Board.java" Intrnl_Id="967">
<BasicBoolTerm Intrnl_Id="968">
<LocList>
<Loc EndOffset="1383" SrcFileId="6" StartOffset="1378"/>
</LocList>
</BasicBoolTerm>
</RootTerm>
</CondStmnt>
<CondStmnt CovItemId="S23" CovItemPrefix="com.OriginalFiles.Board.java" Intrnl_Id="969">
<Branch CovItemId="B7" CovItemPrefix="com.OriginalFiles.Board.java" Implct="false" Intrnl_Id="970">
<Cond/>
<LocList>
<Loc EndOffset="2127" SrcFileId="6" StartOffset="1851"/>
</LocList>
<StmntSeq Intrnl_Id="971">
<LocList>
<Loc EndOffset="1909" SrcFileId="6" StartOffset="1878"/>
<Loc EndOffset="1977" SrcFileId="6" StartOffset="1935"/>
<Loc EndOffset="2104" SrcFileId="6" StartOffset="2003"/>
</LocList>
<BasicStmnt CovItemId="S24" CovItemPrefix="com.OriginalFiles.Board.java" Intrnl_Id="972">
<LocList>
<Loc EndOffset="1909" SrcFileId="6" StartOffset="1878"/>
</LocList>
</BasicStmnt>
<BasicStmnt CovItemId="S25" CovItemPrefix="com.OriginalFiles.Board.java" Intrnl_Id="973">
<LocList>
<Loc EndOffset="1977" SrcFileId="6" StartOffset="1935"/>
</LocList>
</BasicStmnt>
<CondStmnt CovItemId="S26" CovItemPrefix="com.OriginalFiles.Board.java" Intrnl_Id="974">
<Branch CovItemId="B9" CovItemPrefix="com.OriginalFiles.Board.java" Implct="false" Intrnl_Id="975">
<Cond/>
<LocList>
<Loc EndOffset="2104" SrcFileId="6" StartOffset="2015"/>
</LocList>
<StmntSeq Intrnl_Id="976">
<LocList>
<Loc EndOffset="2077" SrcFileId="6" StartOffset="2046"/>
</LocList>
<BasicStmnt CovItemId="S27" CovItemPrefix="com.OriginalFiles.Board.java" Intrnl_Id="977">
<LocList>
<Loc EndOffset="2077" SrcFileId="6" StartOffset="2046"/>
</LocList>
</BasicStmnt>
</StmntSeq>
</Branch>
<Branch CovItemId="B10" CovItemPrefix="com.OriginalFiles.Board.java" Implct="true" Intrnl_Id="978">
<Cond/>
<LocList/>
<StmntSeq Intrnl_Id="979">
<LocList/>
</StmntSeq>
</Branch>
<Keyword EndOffset="2005" SrcFileId="6" StartOffset="2003"/>
<LocList>
<Loc EndOffset="2104" SrcFileId="6" StartOffset="2003"/>
</LocList>
<RootTerm CovItemId="C7" CovItemPrefix="com.OriginalFiles.Board.java" Intrnl_Id="980">
<BasicBoolTerm Intrnl_Id="981">
<LocList>
<Loc EndOffset="2013" SrcFileId="6" StartOffset="2007"/>
</LocList>
</BasicBoolTerm>
</RootTerm>
</CondStmnt>
</StmntSeq>
</Branch>
<Branch CovItemId="B8" CovItemPrefix="com.OriginalFiles.Board.java" Implct="true" Intrnl_Id="982">
<Cond/>
<LocList/>
<StmntSeq Intrnl_Id="983">
<LocList/>
</StmntSeq>
</Branch>
<Keyword EndOffset="1842" SrcFileId="6" StartOffset="1840"/>
<LocList>
<Loc EndOffset="2127" SrcFileId="6" StartOffset="1840"/>
</LocList>
<RootTerm CovItemId="C6" CovItemPrefix="com.OriginalFiles.Board.java" Intrnl_Id="984">
<BasicBoolTerm Intrnl_Id="985">
<LocList>
<Loc EndOffset="1849" SrcFileId="6" StartOffset="1844"/>
</LocList>
</BasicBoolTerm>
</RootTerm>
</CondStmnt>
<BasicStmnt CovItemId="S28" CovItemPrefix="com.OriginalFiles.Board.java" Intrnl_Id="986">
<LocList>
<Loc EndOffset="2184" SrcFileId="6" StartOffset="2149"/>
</LocList>
</BasicStmnt>
</StmntSeq>
</Branch>
<Branch CovItemId="B2" CovItemPrefix="com.OriginalFiles.Board.java" Implct="false" Intrnl_Id="987">
<Cond>
<Loc EndOffset="2208" SrcFileId="6" StartOffset="2204"/>
</Cond>
<LocList>
<Loc EndOffset="2277" SrcFileId="6" StartOffset="2209"/>
</LocList>
<StmntSeq Intrnl_Id="988">
<LocList>
<Loc EndOffset="2258" SrcFileId="6" StartOffset="2232"/>
</LocList>
<BasicStmnt CovItemId="S29" CovItemPrefix="com.OriginalFiles.Board.java" Intrnl_Id="989">
<LocList>
<Loc EndOffset="2258" SrcFileId="6" StartOffset="2232"/>
</LocList>
</BasicStmnt>
</StmntSeq>
</Branch>
<Keyword EndOffset="1236" SrcFileId="6" StartOffset="1234"/>
<LocList>
<Loc EndOffset="2277" SrcFileId="6" StartOffset="1234"/>
</LocList>
<RootTerm CovItemId="C3" CovItemPrefix="com.OriginalFiles.Board.java" Intrnl_Id="990">
<BasicBoolTerm Intrnl_Id="991">
<LocList>
<Loc EndOffset="1254" SrcFileId="6" StartOffset="1238"/>
</LocList>
</BasicBoolTerm>
</RootTerm>
</CondStmnt>
<BasicStmnt CovItemId="S30" CovItemPrefix="com.OriginalFiles.Board.java" Intrnl_Id="992">
<LocList>
<Loc EndOffset="2316" SrcFileId="6" StartOffset="2295"/>
</LocList>
</BasicStmnt>
</StmntSeq>
<Keyword EndOffset="986" SrcFileId="6" StartOffset="983"/>
<LocList>
<Loc EndOffset="2331" SrcFileId="6" StartOffset="983"/>
</LocList>
<RootTerm CovItemId="C2" CovItemPrefix="com.OriginalFiles.Board.java" Intrnl_Id="993">
<BasicBoolTerm Intrnl_Id="994">
<LocList>
<Loc EndOffset="1000" SrcFileId="6" StartOffset="995"/>
</LocList>
</BasicBoolTerm>
</RootTerm>
</LoopStmnt>
</StmntSeq>
<Keyword EndOffset="947" SrcFileId="6" StartOffset="944"/>
<LocList>
<Loc EndOffset="2342" SrcFileId="6" StartOffset="944"/>
</LocList>
<RootTerm CovItemId="C1" CovItemPrefix="com.OriginalFiles.Board.java" Intrnl_Id="995">
<BasicBoolTerm Intrnl_Id="996">
<LocList>
<Loc EndOffset="961" SrcFileId="6" StartOffset="956"/>
</LocList>
</BasicBoolTerm>
</RootTerm>
</LoopStmnt>
<LoopStmnt CovItemId="S31" CovItemPrefix="com.OriginalFiles.Board.java" Intrnl_Id="997" MltplExecId="L3-2" MltplExecPrefix="com.OriginalFiles.Board.java" NvrExecId="L3-0" NvrExecPrefix="com.OriginalFiles.Board.java" OnceExecutedId="L3-1" OnceExecutedPrefix="com.OriginalFiles.Board.java" OptBodyExec="true">
<StmntSeq Intrnl_Id="998">
<LocList>
<Loc EndOffset="2548" SrcFileId="6" StartOffset="2523"/>
<Loc EndOffset="2573" SrcFileId="6" StartOffset="2562"/>
<Loc EndOffset="2599" SrcFileId="6" StartOffset="2587"/>
<Loc EndOffset="2647" SrcFileId="6" StartOffset="2613"/>
<Loc EndOffset="2697" SrcFileId="6" StartOffset="2661"/>
<Loc EndOffset="2738" SrcFileId="6" StartOffset="2711"/>
<Loc EndOffset="2784" SrcFileId="6" StartOffset="2752"/>
<Loc EndOffset="2818" SrcFileId="6" StartOffset="2798"/>
</LocList>
<BasicStmnt CovItemId="S32" CovItemPrefix="com.OriginalFiles.Board.java" Intrnl_Id="999">
<LocList>
<Loc EndOffset="2548" SrcFileId="6" StartOffset="2523"/>
</LocList>
</BasicStmnt>
<BasicStmnt CovItemId="S33" CovItemPrefix="com.OriginalFiles.Board.java" Intrnl_Id="1000">
<LocList>
<Loc EndOffset="2573" SrcFileId="6" StartOffset="2562"/>
</LocList>
</BasicStmnt>
<BasicStmnt CovItemId="S34" CovItemPrefix="com.OriginalFiles.Board.java" Intrnl_Id="1001">
<LocList>
<Loc EndOffset="2599" SrcFileId="6" StartOffset="2587"/>
</LocList>
</BasicStmnt>
<BasicStmnt CovItemId="S35" CovItemPrefix="com.OriginalFiles.Board.java" Intrnl_Id="1002">
<LocList>
<Loc EndOffset="2647" SrcFileId="6" StartOffset="2613"/>
</LocList>
</BasicStmnt>
<BasicStmnt CovItemId="S36" CovItemPrefix="com.OriginalFiles.Board.java" Intrnl_Id="1003">
<LocList>
<Loc EndOffset="2697" SrcFileId="6" StartOffset="2661"/>
</LocList>
</BasicStmnt>
<BasicStmnt CovItemId="S37" CovItemPrefix="com.OriginalFiles.Board.java" Intrnl_Id="1004">
<LocList>
<Loc EndOffset="2738" SrcFileId="6" StartOffset="2711"/>
</LocList>
</BasicStmnt>
<BasicStmnt CovItemId="S38" CovItemPrefix="com.OriginalFiles.Board.java" Intrnl_Id="1005">
<LocList>
<Loc EndOffset="2784" SrcFileId="6" StartOffset="2752"/>
</LocList>
</BasicStmnt>
<BasicStmnt CovItemId="S39" CovItemPrefix="com.OriginalFiles.Board.java" Intrnl_Id="1006">
<LocList>
<Loc EndOffset="2818" SrcFileId="6" StartOffset="2798"/>
</LocList>
</BasicStmnt>
</StmntSeq>
<Keyword EndOffset="2483" SrcFileId="6" StartOffset="2480"/>
<LocList>
<Loc EndOffset="2829" SrcFileId="6" StartOffset="2480"/>
</LocList>
<RootTerm CovItemId="C8" CovItemPrefix="com.OriginalFiles.Board.java" Intrnl_Id="1007">
<BasicBoolTerm Intrnl_Id="1008">
<LocList>
<Loc EndOffset="2501" SrcFileId="6" StartOffset="2496"/>
</LocList>
</BasicBoolTerm>
</RootTerm>
</LoopStmnt>
<LoopStmnt CovItemId="S40" CovItemPrefix="com.OriginalFiles.Board.java" Intrnl_Id="1009" MltplExecId="L4-2" MltplExecPrefix="com.OriginalFiles.Board.java" NvrExecId="L4-0" NvrExecPrefix="com.OriginalFiles.Board.java" OnceExecutedId="L4-1" OnceExecutedPrefix="com.OriginalFiles.Board.java" OptBodyExec="true">
<StmntSeq Intrnl_Id="1010">
<LocList>
<Loc EndOffset="2907" SrcFileId="6" StartOffset="2882"/>
<Loc EndOffset="2932" SrcFileId="6" StartOffset="2921"/>
<Loc EndOffset="2957" SrcFileId="6" StartOffset="2946"/>
<Loc EndOffset="3005" SrcFileId="6" StartOffset="2971"/>
<Loc EndOffset="3049" SrcFileId="6" StartOffset="3019"/>
<Loc EndOffset="3090" SrcFileId="6" StartOffset="3063"/>
<Loc EndOffset="3136" SrcFileId="6" StartOffset="3104"/>
<Loc EndOffset="3173" SrcFileId="6" StartOffset="3150"/>
</LocList>
<BasicStmnt CovItemId="S41" CovItemPrefix="com.OriginalFiles.Board.java" Intrnl_Id="1011">
<LocList>
<Loc EndOffset="2907" SrcFileId="6" StartOffset="2882"/>
</LocList>
</BasicStmnt>
<BasicStmnt CovItemId="S42" CovItemPrefix="com.OriginalFiles.Board.java" Intrnl_Id="1012">
<LocList>
<Loc EndOffset="2932" SrcFileId="6" StartOffset="2921"/>
</LocList>
</BasicStmnt>
<BasicStmnt CovItemId="S43" CovItemPrefix="com.OriginalFiles.Board.java" Intrnl_Id="1013">
<LocList>
<Loc EndOffset="2957" SrcFileId="6" StartOffset="2946"/>
</LocList>
</BasicStmnt>
<BasicStmnt CovItemId="S44" CovItemPrefix="com.OriginalFiles.Board.java" Intrnl_Id="1014">
<LocList>
<Loc EndOffset="3005" SrcFileId="6" StartOffset="2971"/>
</LocList>
</BasicStmnt>
<BasicStmnt CovItemId="S45" CovItemPrefix="com.OriginalFiles.Board.java" Intrnl_Id="1015">
<LocList>
<Loc EndOffset="3049" SrcFileId="6" StartOffset="3019"/>
</LocList>
</BasicStmnt>
<BasicStmnt CovItemId="S46" CovItemPrefix="com.OriginalFiles.Board.java" Intrnl_Id="1016">
<LocList>
<Loc EndOffset="3090" SrcFileId="6" StartOffset="3063"/>
</LocList>
</BasicStmnt>
<BasicStmnt CovItemId="S47" CovItemPrefix="com.OriginalFiles.Board.java" Intrnl_Id="1017">
<LocList>
<Loc EndOffset="3136" SrcFileId="6" StartOffset="3104"/>
</LocList>
</BasicStmnt>
<BasicStmnt CovItemId="S48" CovItemPrefix="com.OriginalFiles.Board.java" Intrnl_Id="1018">
<LocList>
<Loc EndOffset="3173" SrcFileId="6" StartOffset="3150"/>
</LocList>
</BasicStmnt>
</StmntSeq>
<Keyword EndOffset="2842" SrcFileId="6" StartOffset="2839"/>
<LocList>
<Loc EndOffset="3184" SrcFileId="6" StartOffset="2839"/>
</LocList>
<RootTerm CovItemId="C9" CovItemPrefix="com.OriginalFiles.Board.java" Intrnl_Id="1019">
<BasicBoolTerm Intrnl_Id="1020">
<LocList>
<Loc EndOffset="2860" SrcFileId="6" StartOffset="2855"/>
</LocList>
</BasicBoolTerm>
</RootTerm>
</LoopStmnt>
<LoopStmnt CovItemId="S49" CovItemPrefix="com.OriginalFiles.Board.java" Intrnl_Id="1021" MltplExecId="L5-2" MltplExecPrefix="com.OriginalFiles.Board.java" NvrExecId="L5-0" NvrExecPrefix="com.OriginalFiles.Board.java" OnceExecutedId="L5-1" OnceExecutedPrefix="com.OriginalFiles.Board.java" OptBodyExec="true">
<StmntSeq Intrnl_Id="1022">
<LocList>
<Loc EndOffset="3450" SrcFileId="6" StartOffset="3258"/>
</LocList>
<LoopStmnt CovItemId="S50" CovItemPrefix="com.OriginalFiles.Board.java" Intrnl_Id="1023" MltplExecId="L6-2" MltplExecPrefix="com.OriginalFiles.Board.java" NvrExecId="L6-0" NvrExecPrefix="com.OriginalFiles.Board.java" OnceExecutedId="L6-1" OnceExecutedPrefix="com.OriginalFiles.Board.java" OptBodyExec="true">
<StmntSeq Intrnl_Id="1024">
<LocList>
<Loc EndOffset="3330" SrcFileId="6" StartOffset="3305"/>
<Loc EndOffset="3359" SrcFileId="6" StartOffset="3348"/>
<Loc EndOffset="3393" SrcFileId="6" StartOffset="3377"/>
<Loc EndOffset="3435" SrcFileId="6" StartOffset="3411"/>
</LocList>
<BasicStmnt CovItemId="S51" CovItemPrefix="com.OriginalFiles.Board.java" Intrnl_Id="1025">
<LocList>
<Loc EndOffset="3330" SrcFileId="6" StartOffset="3305"/>
</LocList>
</BasicStmnt>
<BasicStmnt CovItemId="S52" CovItemPrefix="com.OriginalFiles.Board.java" Intrnl_Id="1026">
<LocList>
<Loc EndOffset="3359" SrcFileId="6" StartOffset="3348"/>
</LocList>
</BasicStmnt>
<BasicStmnt CovItemId="S53" CovItemPrefix="com.OriginalFiles.Board.java" Intrnl_Id="1027">
<LocList>
<Loc EndOffset="3393" SrcFileId="6" StartOffset="3377"/>
</LocList>
</BasicStmnt>
<BasicStmnt CovItemId="S54" CovItemPrefix="com.OriginalFiles.Board.java" Intrnl_Id="1028">
<LocList>
<Loc EndOffset="3435" SrcFileId="6" StartOffset="3411"/>
</LocList>
</BasicStmnt>
</StmntSeq>
<Keyword EndOffset="3261" SrcFileId="6" StartOffset="3258"/>
<LocList>
<Loc EndOffset="3450" SrcFileId="6" StartOffset="3258"/>
</LocList>
<RootTerm CovItemId="C11" CovItemPrefix="com.OriginalFiles.Board.java" Intrnl_Id="1029">
<BasicBoolTerm Intrnl_Id="1030">
<LocList>
<Loc EndOffset="3279" SrcFileId="6" StartOffset="3274"/>
</LocList>
</BasicBoolTerm>
</RootTerm>
</LoopStmnt>
</StmntSeq>
<Keyword EndOffset="3218" SrcFileId="6" StartOffset="3215"/>
<LocList>
<Loc EndOffset="3461" SrcFileId="6" StartOffset="3215"/>
</LocList>
<RootTerm CovItemId="C10" CovItemPrefix="com.OriginalFiles.Board.java" Intrnl_Id="1031">
<BasicBoolTerm Intrnl_Id="1032">
<LocList>
<Loc EndOffset="3236" SrcFileId="6" StartOffset="3231"/>
</LocList>
</BasicBoolTerm>
</RootTerm>
</LoopStmnt>
<LoopStmnt CovItemId="S55" CovItemPrefix="com.OriginalFiles.Board.java" Intrnl_Id="1033" MltplExecId="L7-2" MltplExecPrefix="com.OriginalFiles.Board.java" NvrExecId="L7-0" NvrExecPrefix="com.OriginalFiles.Board.java" OnceExecutedId="L7-1" OnceExecutedPrefix="com.OriginalFiles.Board.java" OptBodyExec="true">
<StmntSeq Intrnl_Id="1034">
<LocList>
<Loc EndOffset="3711" SrcFileId="6" StartOffset="3516"/>
</LocList>
<LoopStmnt CovItemId="S56" CovItemPrefix="com.OriginalFiles.Board.java" Intrnl_Id="1035" MltplExecId="L8-2" MltplExecPrefix="com.OriginalFiles.Board.java" NvrExecId="L8-0" NvrExecPrefix="com.OriginalFiles.Board.java" OnceExecutedId="L8-1" OnceExecutedPrefix="com.OriginalFiles.Board.java" OptBodyExec="true">
<StmntSeq Intrnl_Id="1036">
<LocList>
<Loc EndOffset="3588" SrcFileId="6" StartOffset="3563"/>
<Loc EndOffset="3617" SrcFileId="6" StartOffset="3606"/>
<Loc EndOffset="3651" SrcFileId="6" StartOffset="3635"/>
<Loc EndOffset="3696" SrcFileId="6" StartOffset="3669"/>
</LocList>
<BasicStmnt CovItemId="S57" CovItemPrefix="com.OriginalFiles.Board.java" Intrnl_Id="1037">
<LocList>
<Loc EndOffset="3588" SrcFileId="6" StartOffset="3563"/>
</LocList>
</BasicStmnt>
<BasicStmnt CovItemId="S58" CovItemPrefix="com.OriginalFiles.Board.java" Intrnl_Id="1038">
<LocList>
<Loc EndOffset="3617" SrcFileId="6" StartOffset="3606"/>
</LocList>
</BasicStmnt>
<BasicStmnt CovItemId="S59" CovItemPrefix="com.OriginalFiles.Board.java" Intrnl_Id="1039">
<LocList>
<Loc EndOffset="3651" SrcFileId="6" StartOffset="3635"/>
</LocList>
</BasicStmnt>
<BasicStmnt CovItemId="S60" CovItemPrefix="com.OriginalFiles.Board.java" Intrnl_Id="1040">
<LocList>
<Loc EndOffset="3696" SrcFileId="6" StartOffset="3669"/>
</LocList>
</BasicStmnt>
</StmntSeq>
<Keyword EndOffset="3519" SrcFileId="6" StartOffset="3516"/>
<LocList>
<Loc EndOffset="3711" SrcFileId="6" StartOffset="3516"/>
</LocList>
<RootTerm CovItemId="C13" CovItemPrefix="com.OriginalFiles.Board.java" Intrnl_Id="1041">
<BasicBoolTerm Intrnl_Id="1042">
<LocList>
<Loc EndOffset="3537" SrcFileId="6" StartOffset="3532"/>
</LocList>
</BasicBoolTerm>
</RootTerm>
</LoopStmnt>
</StmntSeq>
<Keyword EndOffset="3476" SrcFileId="6" StartOffset="3473"/>
<LocList>
<Loc EndOffset="3722" SrcFileId="6" StartOffset="3473"/>
</LocList>
<RootTerm CovItemId="C12" CovItemPrefix="com.OriginalFiles.Board.java" Intrnl_Id="1043">
<BasicBoolTerm Intrnl_Id="1044">
<LocList>
<Loc EndOffset="3494" SrcFileId="6" StartOffset="3489"/>
</LocList>
</BasicBoolTerm>
</RootTerm>
</LoopStmnt>
</StmntSeq>
</HierarchyLvl>
<HierarchyLvl HierarchyLvlId="273" HierarchyLvlTypeId="13" Intrnl_Id="1045" Name="resetVisited">
<Header>
<Loc EndOffset="3769" SrcFileId="6" StartOffset="3737"/>
</Header>
<LocList>
<Loc EndOffset="3918" SrcFileId="6" StartOffset="3737"/>
</LocList>
<StmntSeq Intrnl_Id="1046">
<LocList>
<Loc EndOffset="3911" SrcFileId="6" StartOffset="3781"/>
</LocList>
<LoopStmnt CovItemId="S61" CovItemPrefix="com.OriginalFiles.Board.java" Intrnl_Id="1047" MltplExecId="L9-2" MltplExecPrefix="com.OriginalFiles.Board.java" NvrExecId="L9-0" NvrExecPrefix="com.OriginalFiles.Board.java" OnceExecutedId="L9-1" OnceExecutedPrefix="com.OriginalFiles.Board.java" OptBodyExec="true">
<StmntSeq Intrnl_Id="1048">
<LocList>
<Loc EndOffset="3900" SrcFileId="6" StartOffset="3822"/>
</LocList>
<LoopStmnt CovItemId="S62" CovItemPrefix="com.OriginalFiles.Board.java" Intrnl_Id="1049" MltplExecId="L10-2" MltplExecPrefix="com.OriginalFiles.Board.java" NvrExecId="L10-0" NvrExecPrefix="com.OriginalFiles.Board.java" OnceExecutedId="L10-1" OnceExecutedPrefix="com.OriginalFiles.Board.java" OptBodyExec="true">
<StmntSeq Intrnl_Id="1050">
<LocList>
<Loc EndOffset="3885" SrcFileId="6" StartOffset="3863"/>
</LocList>
<BasicStmnt CovItemId="S63" CovItemPrefix="com.OriginalFiles.Board.java" Intrnl_Id="1051">
<LocList>
<Loc EndOffset="3885" SrcFileId="6" StartOffset="3863"/>
</LocList>
</BasicStmnt>
</StmntSeq>
<Keyword EndOffset="3825" SrcFileId="6" StartOffset="3822"/>
<LocList>
<Loc EndOffset="3900" SrcFileId="6" StartOffset="3822"/>
</LocList>
</LoopStmnt>
</StmntSeq>
<Keyword EndOffset="3784" SrcFileId="6" StartOffset="3781"/>
<LocList>
<Loc EndOffset="3911" SrcFileId="6" StartOffset="3781"/>
</LocList>
</LoopStmnt>
</StmntSeq>
</HierarchyLvl>
<HierarchyLvl HierarchyLvlId="274" HierarchyLvlTypeId="13" Intrnl_Id="1052" Name="sortListOfFields">
<Header>
<Loc EndOffset="4055" SrcFileId="6" StartOffset="3995"/>
</Header>
<LocList>
<Loc EndOffset="4812" SrcFileId="6" StartOffset="3995"/>
</LocList>
<StmntSeq Intrnl_Id="1053">
<LocList>
<Loc EndOffset="4077" SrcFileId="6" StartOffset="4067"/>
<Loc EndOffset="4097" SrcFileId="6" StartOffset="4087"/>
<Loc EndOffset="4152" SrcFileId="6" StartOffset="4107"/>
<Loc EndOffset="4805" SrcFileId="6" StartOffset="4162"/>
</LocList>
<BasicStmnt CovItemId="S64" CovItemPrefix="com.OriginalFiles.Board.java" Intrnl_Id="1054">
<LocList>
<Loc EndOffset="4077" SrcFileId="6" StartOffset="4067"/>
</LocList>
</BasicStmnt>
<BasicStmnt CovItemId="S65" CovItemPrefix="com.OriginalFiles.Board.java" Intrnl_Id="1055">
<LocList>
<Loc EndOffset="4097" SrcFileId="6" StartOffset="4087"/>
</LocList>
</BasicStmnt>
<BasicStmnt CovItemId="S66" CovItemPrefix="com.OriginalFiles.Board.java" Intrnl_Id="1056">
<LocList>
<Loc EndOffset="4152" SrcFileId="6" StartOffset="4107"/>
</LocList>
</BasicStmnt>
<LoopStmnt CovItemId="S67" CovItemPrefix="com.OriginalFiles.Board.java" Intrnl_Id="1057" MltplExecId="L11-2" MltplExecPrefix="com.OriginalFiles.Board.java" NvrExecId="L11-0" NvrExecPrefix="com.OriginalFiles.Board.java" OnceExecutedId="L11-1" OnceExecutedPrefix="com.OriginalFiles.Board.java" OptBodyExec="true">
<StmntSeq Intrnl_Id="1058">
<LocList>
<Loc EndOffset="4714" SrcFileId="6" StartOffset="4222"/>
<Loc EndOffset="4754" SrcFileId="6" StartOffset="4728"/>
<Loc EndOffset="4794" SrcFileId="6" StartOffset="4768"/>
</LocList>
<LoopStmnt CovItemId="S68" CovItemPrefix="com.OriginalFiles.Board.java" Intrnl_Id="1059" MltplExecId="L12-2" MltplExecPrefix="com.OriginalFiles.Board.java" NvrExecId="L12-0" NvrExecPrefix="com.OriginalFiles.Board.java" OnceExecutedId="L12-1" OnceExecutedPrefix="com.OriginalFiles.Board.java" OptBodyExec="true">
<StmntSeq Intrnl_Id="1060">
<LocList>
<Loc EndOffset="4699" SrcFileId="6" StartOffset="4290"/>
</LocList>
<CondStmnt CovItemId="S69" CovItemPrefix="com.OriginalFiles.Board.java" Intrnl_Id="1061">
<Branch CovItemId="B11" CovItemPrefix="com.OriginalFiles.Board.java" Implct="false" Intrnl_Id="1062">
<Cond/>
<LocList>
<Loc EndOffset="4699" SrcFileId="6" StartOffset="4379"/>
</LocList>
<StmntSeq Intrnl_Id="1063">
<LocList>
<Loc EndOffset="4436" SrcFileId="6" StartOffset="4402"/>
<Loc EndOffset="4492" SrcFileId="6" StartOffset="4458"/>
<Loc EndOffset="4537" SrcFileId="6" StartOffset="4514"/>
<Loc EndOffset="4582" SrcFileId="6" StartOffset="4559"/>
<Loc EndOffset="4631" SrcFileId="6" StartOffset="4604"/>
<Loc EndOffset="4680" SrcFileId="6" StartOffset="4653"/>
</LocList>
<BasicStmnt CovItemId="S70" CovItemPrefix="com.OriginalFiles.Board.java" Intrnl_Id="1064">
<LocList>
<Loc EndOffset="4436" SrcFileId="6" StartOffset="4402"/>
</LocList>
</BasicStmnt>
<BasicStmnt CovItemId="S71" CovItemPrefix="com.OriginalFiles.Board.java" Intrnl_Id="1065">
<LocList>
<Loc EndOffset="4492" SrcFileId="6" StartOffset="4458"/>
</LocList>
</BasicStmnt>
<BasicStmnt CovItemId="S72" CovItemPrefix="com.OriginalFiles.Board.java" Intrnl_Id="1066">
<LocList>
<Loc EndOffset="4537" SrcFileId="6" StartOffset="4514"/>
</LocList>
</BasicStmnt>
<BasicStmnt CovItemId="S73" CovItemPrefix="com.OriginalFiles.Board.java" Intrnl_Id="1067">
<LocList>
<Loc EndOffset="4582" SrcFileId="6" StartOffset="4559"/>
</LocList>
</BasicStmnt>
<BasicStmnt CovItemId="S74" CovItemPrefix="com.OriginalFiles.Board.java" Intrnl_Id="1068">
<LocList>
<Loc EndOffset="4631" SrcFileId="6" StartOffset="4604"/>
</LocList>
</BasicStmnt>
<BasicStmnt CovItemId="S75" CovItemPrefix="com.OriginalFiles.Board.java" Intrnl_Id="1069">
<LocList>
<Loc EndOffset="4680" SrcFileId="6" StartOffset="4653"/>
</LocList>
</BasicStmnt>
</StmntSeq>
</Branch>
<Branch CovItemId="B12" CovItemPrefix="com.OriginalFiles.Board.java" Implct="true" Intrnl_Id="1070">
<Cond/>
<LocList/>
<StmntSeq Intrnl_Id="1071">
<LocList/>
</StmntSeq>
</Branch>
<Keyword EndOffset="4292" SrcFileId="6" StartOffset="4290"/>
<LocList>
<Loc EndOffset="4699" SrcFileId="6" StartOffset="4290"/>
</LocList>
<RootTerm CovItemId="C16" CovItemPrefix="com.OriginalFiles.Board.java" Intrnl_Id="1072">
<OpTerm BooleanOpId="8" Intrnl_Id="1073">
<BasicBoolTerm Intrnl_Id="1074">
<LocList>
<Loc EndOffset="4377" SrcFileId="6" StartOffset="4295"/>
</LocList>
</BasicBoolTerm>
<LocList>
<Loc EndOffset="4295" SrcFileId="6" StartOffset="4294"/>
</LocList>
</OpTerm>
</RootTerm>
</CondStmnt>
</StmntSeq>
<Keyword EndOffset="4225" SrcFileId="6" StartOffset="4222"/>
<LocList>
<Loc EndOffset="4714" SrcFileId="6" StartOffset="4222"/>
</LocList>
<RootTerm CovItemId="C15" CovItemPrefix="com.OriginalFiles.Board.java" Intrnl_Id="1075">
<BasicBoolTerm Intrnl_Id="1076">
<LocList>
<Loc EndOffset="4264" SrcFileId="6" StartOffset="4242"/>
</LocList>
</BasicBoolTerm>
</RootTerm>
</LoopStmnt>
<BasicStmnt CovItemId="S76" CovItemPrefix="com.OriginalFiles.Board.java" Intrnl_Id="1077">
<LocList>
<Loc EndOffset="4754" SrcFileId="6" StartOffset="4728"/>
</LocList>
</BasicStmnt>
<BasicStmnt CovItemId="S77" CovItemPrefix="com.OriginalFiles.Board.java" Intrnl_Id="1078">
<LocList>
<Loc EndOffset="4794" SrcFileId="6" StartOffset="4768"/>
</LocList>
</BasicStmnt>
</StmntSeq>
<Keyword EndOffset="4165" SrcFileId="6" StartOffset="4162"/>
<LocList>
<Loc EndOffset="4805" SrcFileId="6" StartOffset="4162"/>
</LocList>
<RootTerm CovItemId="C14" CovItemPrefix="com.OriginalFiles.Board.java" Intrnl_Id="1079">
<BasicBoolTerm Intrnl_Id="1080">
<LocList>
<Loc EndOffset="4200" SrcFileId="6" StartOffset="4178"/>
</LocList>
</BasicBoolTerm>
</RootTerm>
</LoopStmnt>
</StmntSeq>
</HierarchyLvl>
<HierarchyLvl HierarchyLvlId="275" HierarchyLvlTypeId="13" Intrnl_Id="1081" Name="isGreater">
<Header>
<Loc EndOffset="4995" SrcFileId="6" StartOffset="4890"/>
</Header>
<LocList>
<Loc EndOffset="6448" SrcFileId="6" StartOffset="4890"/>
</LocList>
<StmntSeq Intrnl_Id="1082">
<LocList>
<Loc EndOffset="6441" SrcFileId="6" StartOffset="5050"/>
</LocList>
<CondStmnt CovItemId="S78" CovItemPrefix="com.OriginalFiles.Board.java" Intrnl_Id="1083">
<Branch CovItemId="B13" CovItemPrefix="com.OriginalFiles.Board.java" Implct="false" Intrnl_Id="1084">
<Cond/>
<LocList>
<Loc EndOffset="5330" SrcFileId="6" StartOffset="5292"/>
</LocList>
<StmntSeq Intrnl_Id="1085">
<LocList>
<Loc EndOffset="5319" SrcFileId="6" StartOffset="5307"/>
</LocList>
<BasicStmnt CovItemId="S79" CovItemPrefix="com.OriginalFiles.Board.java" Intrnl_Id="1086">
<LocList>
<Loc EndOffset="5319" SrcFileId="6" StartOffset="5307"/>
</LocList>
</BasicStmnt>
</StmntSeq>
</Branch>
<Branch CovItemId="B14" CovItemPrefix="com.OriginalFiles.Board.java" Implct="false" Intrnl_Id="1087">
<Cond>
<Loc EndOffset="5335" SrcFileId="6" StartOffset="5331"/>
</Cond>
<LocList>
<Loc EndOffset="6441" SrcFileId="6" StartOffset="5336"/>
</LocList>
<StmntSeq Intrnl_Id="1088">
<LocList>
<Loc EndOffset="6441" SrcFileId="6" StartOffset="5336"/>
</LocList>
<CondStmnt CovItemId="S80" CovItemPrefix="com.OriginalFiles.Board.java" Intrnl_Id="1089">
<Branch CovItemId="B15" CovItemPrefix="com.OriginalFiles.Board.java" Implct="false" Intrnl_Id="1090">
<Cond/>
<LocList>
<Loc EndOffset="5478" SrcFileId="6" StartOffset="5440"/>
</LocList>
<StmntSeq Intrnl_Id="1091">
<LocList>
<Loc EndOffset="5467" SrcFileId="6" StartOffset="5455"/>
</LocList>
<BasicStmnt CovItemId="S81" CovItemPrefix="com.OriginalFiles.Board.java" Intrnl_Id="1092">
<LocList>
<Loc EndOffset="5467" SrcFileId="6" StartOffset="5455"/>
</LocList>
</BasicStmnt>
</StmntSeq>
</Branch>
<Branch CovItemId="B16" CovItemPrefix="com.OriginalFiles.Board.java" Implct="false" Intrnl_Id="1093">
<Cond>
<Loc EndOffset="5483" SrcFileId="6" StartOffset="5479"/>
</Cond>
<LocList>
<Loc EndOffset="6441" SrcFileId="6" StartOffset="5484"/>
</LocList>
<StmntSeq Intrnl_Id="1094">
<LocList>
<Loc EndOffset="6441" SrcFileId="6" StartOffset="5484"/>
</LocList>
<CondStmnt CovItemId="S82" CovItemPrefix="com.OriginalFiles.Board.java" Intrnl_Id="1095">
<Branch CovItemId="B17" CovItemPrefix="com.OriginalFiles.Board.java" Implct="false" Intrnl_Id="1096">
<Cond/>
<LocList>
<Loc EndOffset="5627" SrcFileId="6" StartOffset="5588"/>
</LocList>
<StmntSeq Intrnl_Id="1097">
<LocList>
<Loc EndOffset="5616" SrcFileId="6" StartOffset="5603"/>
</LocList>
<BasicStmnt CovItemId="S83" CovItemPrefix="com.OriginalFiles.Board.java" Intrnl_Id="1098">
<LocList>
<Loc EndOffset="5616" SrcFileId="6" StartOffset="5603"/>
</LocList>
</BasicStmnt>
</StmntSeq>
</Branch>
<Branch CovItemId="B18" CovItemPrefix="com.OriginalFiles.Board.java" Implct="false" Intrnl_Id="1099">
<Cond>
<Loc EndOffset="5632" SrcFileId="6" StartOffset="5628"/>
</Cond>
<LocList>
<Loc EndOffset="6441" SrcFileId="6" StartOffset="5633"/>
</LocList>
<StmntSeq Intrnl_Id="1100">
<LocList>
<Loc EndOffset="6430" SrcFileId="6" StartOffset="5648"/>
</LocList>
<CondStmnt CovItemId="S84" CovItemPrefix="com.OriginalFiles.Board.java" Intrnl_Id="1101">
<Branch CovItemId="B19" CovItemPrefix="com.OriginalFiles.Board.java" Implct="false" Intrnl_Id="1102">
<Cond/>
<LocList>
<Loc EndOffset="5806" SrcFileId="6" StartOffset="5760"/>
</LocList>
<StmntSeq Intrnl_Id="1103">
<LocList>
<Loc EndOffset="5791" SrcFileId="6" StartOffset="5779"/>
</LocList>
<BasicStmnt CovItemId="S85" CovItemPrefix="com.OriginalFiles.Board.java" Intrnl_Id="1104">
<LocList>
<Loc EndOffset="5791" SrcFileId="6" StartOffset="5779"/>
</LocList>
</BasicStmnt>
</StmntSeq>
</Branch>
<Branch CovItemId="B20" CovItemPrefix="com.OriginalFiles.Board.java" Implct="false" Intrnl_Id="1105">
<Cond>
<Loc EndOffset="5811" SrcFileId="6" StartOffset="5807"/>
</Cond>
<LocList>
<Loc EndOffset="6430" SrcFileId="6" StartOffset="5812"/>
</LocList>
<StmntSeq Intrnl_Id="1106">
<LocList>
<Loc EndOffset="6430" SrcFileId="6" StartOffset="5812"/>
</LocList>
<CondStmnt CovItemId="S86" CovItemPrefix="com.OriginalFiles.Board.java" Intrnl_Id="1107">
<Branch CovItemId="B21" CovItemPrefix="com.OriginalFiles.Board.java" Implct="false" Intrnl_Id="1108">
<Cond/>
<LocList>
<Loc EndOffset="5975" SrcFileId="6" StartOffset="5928"/>
</LocList>
<StmntSeq Intrnl_Id="1109">
<LocList>
<Loc EndOffset="5960" SrcFileId="6" StartOffset="5947"/>
</LocList>
<BasicStmnt CovItemId="S87" CovItemPrefix="com.OriginalFiles.Board.java" Intrnl_Id="1110">
<LocList>
<Loc EndOffset="5960" SrcFileId="6" StartOffset="5947"/>
</LocList>
</BasicStmnt>
</StmntSeq>
</Branch>
<Branch CovItemId="B22" CovItemPrefix="com.OriginalFiles.Board.java" Implct="false" Intrnl_Id="1111">
<Cond>
<Loc EndOffset="5980" SrcFileId="6" StartOffset="5976"/>
</Cond>
<LocList>
<Loc EndOffset="6430" SrcFileId="6" StartOffset="5981"/>
</LocList>
<StmntSeq Intrnl_Id="1112">
<LocList>
<Loc EndOffset="6415" SrcFileId="6" StartOffset="6000"/>
</LocList>
<CondStmnt CovItemId="S88" CovItemPrefix="com.OriginalFiles.Board.java" Intrnl_Id="1113">
<Branch CovItemId="B23" CovItemPrefix="com.OriginalFiles.Board.java" Implct="false" Intrnl_Id="1114">
<Cond/>
<LocList>
<Loc EndOffset="6157" SrcFileId="6" StartOffset="6102"/>
</LocList>
<StmntSeq Intrnl_Id="1115">
<LocList>
<Loc EndOffset="6138" SrcFileId="6" StartOffset="6125"/>
</LocList>
<BasicStmnt CovItemId="S89" CovItemPrefix="com.OriginalFiles.Board.java" Intrnl_Id="1116">
<LocList>
<Loc EndOffset="6138" SrcFileId="6" StartOffset="6125"/>
</LocList>
</BasicStmnt>
</StmntSeq>
</Branch>
<Branch CovItemId="B24" CovItemPrefix="com.OriginalFiles.Board.java" Implct="false" Intrnl_Id="1117">
<Cond>
<Loc EndOffset="6162" SrcFileId="6" StartOffset="6158"/>
</Cond>
<LocList>
<Loc EndOffset="6415" SrcFileId="6" StartOffset="6163"/>
</LocList>
<StmntSeq Intrnl_Id="1118">
<LocList>
<Loc EndOffset="6415" SrcFileId="6" StartOffset="6163"/>
</LocList>
<CondStmnt CovItemId="S90" CovItemPrefix="com.OriginalFiles.Board.java" Intrnl_Id="1119">
<Branch CovItemId="B25" CovItemPrefix="com.OriginalFiles.Board.java" Implct="false" Intrnl_Id="1120">
<Cond/>
<LocList>
<Loc EndOffset="6326" SrcFileId="6" StartOffset="6272"/>
</LocList>
<StmntSeq Intrnl_Id="1121">
<LocList>
<Loc EndOffset="6307" SrcFileId="6" StartOffset="6295"/>
</LocList>
<BasicStmnt CovItemId="S91" CovItemPrefix="com.OriginalFiles.Board.java" Intrnl_Id="1122">
<LocList>
<Loc EndOffset="6307" SrcFileId="6" StartOffset="6295"/>
</LocList>
</BasicStmnt>
</StmntSeq>
</Branch>
<Branch CovItemId="B26" CovItemPrefix="com.OriginalFiles.Board.java" Implct="false" Intrnl_Id="1123">
<Cond>
<Loc EndOffset="6331" SrcFileId="6" StartOffset="6327"/>
</Cond>
<LocList>
<Loc EndOffset="6415" SrcFileId="6" StartOffset="6332"/>
</LocList>
<StmntSeq Intrnl_Id="1124">
<LocList>
<Loc EndOffset="6396" SrcFileId="6" StartOffset="6355"/>
</LocList>
<BasicStmnt CovItemId="S92" CovItemPrefix="com.OriginalFiles.Board.java" Intrnl_Id="1125">
<LocList>
<Loc EndOffset="6396" SrcFileId="6" StartOffset="6355"/>
</LocList>
</BasicStmnt>
</StmntSeq>
</Branch>
<Keyword EndOffset="6165" SrcFileId="6" StartOffset="6163"/>
<LocList>
<Loc EndOffset="6415" SrcFileId="6" StartOffset="6163"/>
</LocList>
<RootTerm CovItemId="C23" CovItemPrefix="com.OriginalFiles.Board.java" Intrnl_Id="1126">
<BasicBoolTerm Intrnl_Id="1127">
<LocList>
<Loc EndOffset="6270" SrcFileId="6" StartOffset="6167"/>
</LocList>
</BasicBoolTerm>
</RootTerm>
</CondStmnt>
</StmntSeq>
</Branch>
<Keyword EndOffset="6002" SrcFileId="6" StartOffset="6000"/>
<LocList>
<Loc EndOffset="6415" SrcFileId="6" StartOffset="6000"/>
</LocList>
<RootTerm CovItemId="C22" CovItemPrefix="com.OriginalFiles.Board.java" Intrnl_Id="1128">
<BasicBoolTerm Intrnl_Id="1129">
<LocList>
<Loc EndOffset="6100" SrcFileId="6" StartOffset="6004"/>
</LocList>
</BasicBoolTerm>
</RootTerm>
</CondStmnt>
</StmntSeq>
</Branch>
<Keyword EndOffset="5814" SrcFileId="6" StartOffset="5812"/>
<LocList>
<Loc EndOffset="6430" SrcFileId="6" StartOffset="5812"/>
</LocList>
<RootTerm CovItemId="C21" CovItemPrefix="com.OriginalFiles.Board.java" Intrnl_Id="1130">
<OpTerm BooleanOpId="9" Intrnl_Id="1131">
<OpTerm BooleanOpId="9" Intrnl_Id="1132">
<BasicBoolTerm Intrnl_Id="1133">
<LocList>
<Loc EndOffset="5837" SrcFileId="6" StartOffset="5816"/>
</LocList>
</BasicBoolTerm>
<BasicBoolTerm Intrnl_Id="1134">
<LocList>
<Loc EndOffset="5858" SrcFileId="6" StartOffset="5841"/>
</LocList>
</BasicBoolTerm>
<LocList>
<Loc EndOffset="5840" SrcFileId="6" StartOffset="5838"/>
</LocList>
</OpTerm>
<OpTerm BooleanOpId="8" Intrnl_Id="1135">
<BasicBoolTerm Intrnl_Id="1136">
<LocList>
<Loc EndOffset="5926" SrcFileId="6" StartOffset="5884"/>
</LocList>
</BasicBoolTerm>
<LocList>
<Loc EndOffset="5884" SrcFileId="6" StartOffset="5883"/>
</LocList>
</OpTerm>
<LocList>
<Loc EndOffset="5882" SrcFileId="6" StartOffset="5880"/>
</LocList>
</OpTerm>
</RootTerm>
</CondStmnt>
</StmntSeq>
</Branch>
<Keyword EndOffset="5650" SrcFileId="6" StartOffset="5648"/>
<LocList>
<Loc EndOffset="6430" SrcFileId="6" StartOffset="5648"/>
</LocList>
<RootTerm CovItemId="C20" CovItemPrefix="com.OriginalFiles.Board.java" Intrnl_Id="1137">
<OpTerm BooleanOpId="9" Intrnl_Id="1138">
<OpTerm BooleanOpId="9" Intrnl_Id="1139">
<BasicBoolTerm Intrnl_Id="1140">
<LocList>
<Loc EndOffset="5669" SrcFileId="6" StartOffset="5652"/>
</LocList>
</BasicBoolTerm>
<BasicBoolTerm Intrnl_Id="1141">
<LocList>
<Loc EndOffset="5694" SrcFileId="6" StartOffset="5673"/>
</LocList>
</BasicBoolTerm>
<LocList>
<Loc EndOffset="5672" SrcFileId="6" StartOffset="5670"/>
</LocList>
</OpTerm>
<OpTerm BooleanOpId="8" Intrnl_Id="1142">
<BasicBoolTerm Intrnl_Id="1143">
<LocList>
<Loc EndOffset="5758" SrcFileId="6" StartOffset="5720"/>
</LocList>
</BasicBoolTerm>
<LocList>
<Loc EndOffset="5720" SrcFileId="6" StartOffset="5719"/>
</LocList>
</OpTerm>
<LocList>
<Loc EndOffset="5718" SrcFileId="6" StartOffset="5716"/>
</LocList>
</OpTerm>
</RootTerm>
</CondStmnt>
</StmntSeq>
</Branch>
<Keyword EndOffset="5486" SrcFileId="6" StartOffset="5484"/>
<LocList>
<Loc EndOffset="6441" SrcFileId="6" StartOffset="5484"/>
</LocList>
<RootTerm CovItemId="C19" CovItemPrefix="com.OriginalFiles.Board.java" Intrnl_Id="1144">
<OpTerm BooleanOpId="9" Intrnl_Id="1145">
<BasicBoolTerm Intrnl_Id="1146">
<LocList>
<Loc EndOffset="5528" SrcFileId="6" StartOffset="5488"/>
</LocList>
</BasicBoolTerm>
<OpTerm BooleanOpId="8" Intrnl_Id="1147">
<BasicBoolTerm Intrnl_Id="1148">
<LocList>
<Loc EndOffset="5586" SrcFileId="6" StartOffset="5550"/>
</LocList>
</BasicBoolTerm>
<LocList>
<Loc EndOffset="5550" SrcFileId="6" StartOffset="5549"/>
</LocList>
</OpTerm>
<LocList>
<Loc EndOffset="5548" SrcFileId="6" StartOffset="5546"/>
</LocList>
</OpTerm>
</RootTerm>
</CondStmnt>
</StmntSeq>
</Branch>
<Keyword EndOffset="5338" SrcFileId="6" StartOffset="5336"/>
<LocList>
<Loc EndOffset="6441" SrcFileId="6" StartOffset="5336"/>
</LocList>
<RootTerm CovItemId="C18" CovItemPrefix="com.OriginalFiles.Board.java" Intrnl_Id="1149">
<OpTerm BooleanOpId="9" Intrnl_Id="1150">
<BasicBoolTerm Intrnl_Id="1151">
<LocList>
<Loc EndOffset="5376" SrcFileId="6" StartOffset="5340"/>
</LocList>
</BasicBoolTerm>
<OpTerm BooleanOpId="8" Intrnl_Id="1152">
<BasicBoolTerm Intrnl_Id="1153">
<LocList>
<Loc EndOffset="5438" SrcFileId="6" StartOffset="5398"/>
</LocList>
</BasicBoolTerm>
<LocList>
<Loc EndOffset="5398" SrcFileId="6" StartOffset="5397"/>
</LocList>
</OpTerm>
<LocList>
<Loc EndOffset="5396" SrcFileId="6" StartOffset="5394"/>
</LocList>
</OpTerm>
</RootTerm>
</CondStmnt>
</StmntSeq>
</Branch>
<Keyword EndOffset="5052" SrcFileId="6" StartOffset="5050"/>
<LocList>
<Loc EndOffset="6441" SrcFileId="6" StartOffset="5050"/>
</LocList>
<RootTerm CovItemId="C17" CovItemPrefix="com.OriginalFiles.Board.java" Intrnl_Id="1154">
<OpTerm BooleanOpId="9" Intrnl_Id="1155">
<OpTerm BooleanOpId="9" Intrnl_Id="1156">
<OpTerm BooleanOpId="9" Intrnl_Id="1157">
<BasicBoolTerm Intrnl_Id="1158">
<LocList>
<Loc EndOffset="5090" SrcFileId="6" StartOffset="5054"/>
</LocList>
</BasicBoolTerm>
<OpTerm BooleanOpId="8" Intrnl_Id="1159">
<BasicBoolTerm Intrnl_Id="1160">
<LocList>
<Loc EndOffset="5150" SrcFileId="6" StartOffset="5112"/>
</LocList>
</BasicBoolTerm>
<LocList>
<Loc EndOffset="5112" SrcFileId="6" StartOffset="5111"/>
</LocList>
</OpTerm>
<LocList>
<Loc EndOffset="5110" SrcFileId="6" StartOffset="5108"/>
</LocList>
</OpTerm>
<BasicBoolTerm Intrnl_Id="1161">
<LocList>
<Loc EndOffset="5229" SrcFileId="6" StartOffset="5171"/>
</LocList>
</BasicBoolTerm>
<LocList>
<Loc EndOffset="5170" SrcFileId="6" StartOffset="5168"/>
</LocList>
</OpTerm>
<BasicBoolTerm Intrnl_Id="1162">
<LocList>
<Loc EndOffset="5290" SrcFileId="6" StartOffset="5250"/>
</LocList>
</BasicBoolTerm>
<LocList>
<Loc EndOffset="5249" SrcFileId="6" StartOffset="5247"/>
</LocList>
</OpTerm>
</RootTerm>
</CondStmnt>
</StmntSeq>
</HierarchyLvl>
<HierarchyLvl HierarchyLvlId="276" HierarchyLvlTypeId="13" Intrnl_Id="1163" Name="distance">
<Header>
<Loc EndOffset="6508" SrcFileId="6" StartOffset="6456"/>
</Header>
<LocList>
<Loc EndOffset="6590" SrcFileId="6" StartOffset="6456"/>
</LocList>
<StmntSeq Intrnl_Id="1164">
<LocList>
<Loc EndOffset="6583" SrcFileId="6" StartOffset="6520"/>
</LocList>
<BasicStmnt CovItemId="S93" CovItemPrefix="com.OriginalFiles.Board.java" Intrnl_Id="1165">
<LocList>
<Loc EndOffset="6583" SrcFileId="6" StartOffset="6520"/>
</LocList>
</BasicStmnt>
</StmntSeq>
</HierarchyLvl>
<HierarchyLvl HierarchyLvlId="277" HierarchyLvlTypeId="13" Intrnl_Id="1166" Name="verifyCorrectMove">
<Header>
<Loc EndOffset="6695" SrcFileId="6" StartOffset="6598"/>
</Header>
<LocList>
<Loc EndOffset="6918" SrcFileId="6" StartOffset="6598"/>
</LocList>
<StmntSeq Intrnl_Id="1167">
<LocList>
<Loc EndOffset="6889" SrcFileId="6" StartOffset="6707"/>
<Loc EndOffset="6911" SrcFileId="6" StartOffset="6899"/>
</LocList>
<CondStmnt CovItemId="S94" CovItemPrefix="com.OriginalFiles.Board.java" Intrnl_Id="1168">
<Branch CovItemId="B27" CovItemPrefix="com.OriginalFiles.Board.java" Implct="false" Intrnl_Id="1169">
<Cond/>
<LocList>
<Loc EndOffset="6889" SrcFileId="6" StartOffset="6741"/>
</LocList>
<StmntSeq Intrnl_Id="1170">
<LocList>
<Loc EndOffset="6878" SrcFileId="6" StartOffset="6756"/>
</LocList>
<CondStmnt CovItemId="S95" CovItemPrefix="com.OriginalFiles.Board.java" Intrnl_Id="1171">
<Branch CovItemId="B29" CovItemPrefix="com.OriginalFiles.Board.java" Implct="false" Intrnl_Id="1172">
<Cond/>
<LocList>
<Loc EndOffset="6878" SrcFileId="6" StartOffset="6796"/>
</LocList>
<StmntSeq Intrnl_Id="1173">
<LocList>
<Loc EndOffset="6863" SrcFileId="6" StartOffset="6815"/>
</LocList>
<BasicStmnt CovItemId="S96" CovItemPrefix="com.OriginalFiles.Board.java" Intrnl_Id="1174">
<LocList>
<Loc EndOffset="6863" SrcFileId="6" StartOffset="6815"/>
</LocList>
</BasicStmnt>
</StmntSeq>
</Branch>
<Branch CovItemId="B30" CovItemPrefix="com.OriginalFiles.Board.java" Implct="true" Intrnl_Id="1175">
<Cond/>
<LocList/>
<StmntSeq Intrnl_Id="1176">
<LocList/>
</StmntSeq>
</Branch>
<Keyword EndOffset="6758" SrcFileId="6" StartOffset="6756"/>
<LocList>
<Loc EndOffset="6878" SrcFileId="6" StartOffset="6756"/>
</LocList>
<RootTerm CovItemId="C25" CovItemPrefix="com.OriginalFiles.Board.java" Intrnl_Id="1177">
<BasicBoolTerm Intrnl_Id="1178">
<LocList>
<Loc EndOffset="6794" SrcFileId="6" StartOffset="6760"/>
</LocList>
</BasicBoolTerm>
</RootTerm>
</CondStmnt>
</StmntSeq>
</Branch>
<Branch CovItemId="B28" CovItemPrefix="com.OriginalFiles.Board.java" Implct="true" Intrnl_Id="1179">
<Cond/>
<LocList/>
<StmntSeq Intrnl_Id="1180">
<LocList/>
</StmntSeq>
</Branch>
<Keyword EndOffset="6709" SrcFileId="6" StartOffset="6707"/>
<LocList>
<Loc EndOffset="6889" SrcFileId="6" StartOffset="6707"/>
</LocList>
<RootTerm CovItemId="C24" CovItemPrefix="com.OriginalFiles.Board.java" Intrnl_Id="1181">
<BasicBoolTerm Intrnl_Id="1182">
<LocList>
<Loc EndOffset="6739" SrcFileId="6" StartOffset="6711"/>
</LocList>
</BasicBoolTerm>
</RootTerm>
</CondStmnt>
<BasicStmnt CovItemId="S97" CovItemPrefix="com.OriginalFiles.Board.java" Intrnl_Id="1183">
<LocList>
<Loc EndOffset="6911" SrcFileId="6" StartOffset="6899"/>
</LocList>
</BasicStmnt>
</StmntSeq>
</HierarchyLvl>
<HierarchyLvl HierarchyLvlId="278" HierarchyLvlTypeId="13" Intrnl_Id="1184" Name="peasentIsOnEndRow">
<Header>
<Loc EndOffset="6977" SrcFileId="6" StartOffset="6926"/>
</Header>
<LocList>
<Loc EndOffset="7353" SrcFileId="6" StartOffset="6926"/>
</LocList>
<StmntSeq Intrnl_Id="1185">
<LocList>
<Loc EndOffset="7323" SrcFileId="6" StartOffset="6989"/>
<Loc EndOffset="7346" SrcFileId="6" StartOffset="7333"/>
</LocList>
<CondStmnt CovItemId="S98" CovItemPrefix="com.OriginalFiles.Board.java" Intrnl_Id="1186">
<Branch CovItemId="B31" CovItemPrefix="com.OriginalFiles.Board.java" Implct="false" Intrnl_Id="1187">
<Cond/>
<LocList>
<Loc EndOffset="7323" SrcFileId="6" StartOffset="7011"/>
</LocList>
<StmntSeq Intrnl_Id="1188">
<LocList>
<Loc EndOffset="7187" SrcFileId="6" StartOffset="7053"/>
<Loc EndOffset="7312" SrcFileId="6" StartOffset="7203"/>
</LocList>
<CondStmnt CovItemId="S99" CovItemPrefix="com.OriginalFiles.Board.java" Intrnl_Id="1189">
<Branch CovItemId="B33" CovItemPrefix="com.OriginalFiles.Board.java" Implct="false" Intrnl_Id="1190">
<Cond/>
<LocList>
<Loc EndOffset="7134" SrcFileId="6" StartOffset="7087"/>
</LocList>
<StmntSeq Intrnl_Id="1191">
<LocList>
<Loc EndOffset="7119" SrcFileId="6" StartOffset="7106"/>
</LocList>
<BasicStmnt CovItemId="S100" CovItemPrefix="com.OriginalFiles.Board.java" Intrnl_Id="1192">
<LocList>
<Loc EndOffset="7119" SrcFileId="6" StartOffset="7106"/>
</LocList>
</BasicStmnt>
</StmntSeq>
</Branch>
<Branch CovItemId="B34" CovItemPrefix="com.OriginalFiles.Board.java" Implct="false" Intrnl_Id="1193">
<Cond>
<Loc EndOffset="7139" SrcFileId="6" StartOffset="7135"/>
</Cond>
<LocList>
<Loc EndOffset="7187" SrcFileId="6" StartOffset="7140"/>
</LocList>
<StmntSeq Intrnl_Id="1194">
<LocList>
<Loc EndOffset="7172" SrcFileId="6" StartOffset="7159"/>
</LocList>
<BasicStmnt CovItemId="S101" CovItemPrefix="com.OriginalFiles.Board.java" Intrnl_Id="1195">
<LocList>
<Loc EndOffset="7172" SrcFileId="6" StartOffset="7159"/>
</LocList>
</BasicStmnt>
</StmntSeq>
</Branch>
<Keyword EndOffset="7055" SrcFileId="6" StartOffset="7053"/>
<LocList>
<Loc EndOffset="7187" SrcFileId="6" StartOffset="7053"/>
</LocList>
<RootTerm CovItemId="C27" CovItemPrefix="com.OriginalFiles.Board.java" Intrnl_Id="1196">
<BasicBoolTerm Intrnl_Id="1197">
<LocList>
<Loc EndOffset="7085" SrcFileId="6" StartOffset="7057"/>
</LocList>
</BasicBoolTerm>
</RootTerm>
</CondStmnt>
<CondStmnt CovItemId="S102" CovItemPrefix="com.OriginalFiles.Board.java" Intrnl_Id="1198">
<Branch CovItemId="B35" CovItemPrefix="com.OriginalFiles.Board.java" Implct="false" Intrnl_Id="1199">
<Cond/>
<LocList>
<Loc EndOffset="7312" SrcFileId="6" StartOffset="7266"/>
</LocList>
<StmntSeq Intrnl_Id="1200">
<LocList>
<Loc EndOffset="7297" SrcFileId="6" StartOffset="7285"/>
</LocList>
<BasicStmnt CovItemId="S103" CovItemPrefix="com.OriginalFiles.Board.java" Intrnl_Id="1201">
<LocList>
<Loc EndOffset="7297" SrcFileId="6" StartOffset="7285"/>
</LocList>
</BasicStmnt>
</StmntSeq>
</Branch>
<Branch CovItemId="B36" CovItemPrefix="com.OriginalFiles.Board.java" Implct="true" Intrnl_Id="1202">
<Cond/>
<LocList/>
<StmntSeq Intrnl_Id="1203">
<LocList/>
</StmntSeq>
</Branch>
<Keyword EndOffset="7205" SrcFileId="6" StartOffset="7203"/>
<LocList>
<Loc EndOffset="7312" SrcFileId="6" StartOffset="7203"/>
</LocList>
<RootTerm CovItemId="C28" CovItemPrefix="com.OriginalFiles.Board.java" Intrnl_Id="1204">
<OpTerm BooleanOpId="9" Intrnl_Id="1205">
<BasicBoolTerm Intrnl_Id="1206">
<LocList>
<Loc EndOffset="7226" SrcFileId="6" StartOffset="7207"/>
</LocList>
</BasicBoolTerm>
<OpTerm BooleanOpId="8" Intrnl_Id="1207">
<BasicBoolTerm Intrnl_Id="1208">
<LocList>
<Loc EndOffset="7264" SrcFileId="6" StartOffset="7231"/>
</LocList>
</BasicBoolTerm>
<LocList>
<Loc EndOffset="7231" SrcFileId="6" StartOffset="7230"/>
</LocList>
</OpTerm>
<LocList>
<Loc EndOffset="7229" SrcFileId="6" StartOffset="7227"/>
</LocList>
</OpTerm>
</RootTerm>
</CondStmnt>
</StmntSeq>
</Branch>
<Branch CovItemId="B32" CovItemPrefix="com.OriginalFiles.Board.java" Implct="true" Intrnl_Id="1209">
<Cond/>
<LocList/>
<StmntSeq Intrnl_Id="1210">
<LocList/>
</StmntSeq>
</Branch>
<Keyword EndOffset="6991" SrcFileId="6" StartOffset="6989"/>
<LocList>
<Loc EndOffset="7323" SrcFileId="6" StartOffset="6989"/>
</LocList>
<RootTerm CovItemId="C26" CovItemPrefix="com.OriginalFiles.Board.java" Intrnl_Id="1211">
<OpTerm BooleanOpId="8" Intrnl_Id="1212">
<BasicBoolTerm Intrnl_Id="1213">
<LocList>
<Loc EndOffset="7009" SrcFileId="6" StartOffset="6994"/>
</LocList>
</BasicBoolTerm>
<LocList>
<Loc EndOffset="6994" SrcFileId="6" StartOffset="6993"/>
</LocList>
</OpTerm>
</RootTerm>
</CondStmnt>
<BasicStmnt CovItemId="S104" CovItemPrefix="com.OriginalFiles.Board.java" Intrnl_Id="1214">
<LocList>
<Loc EndOffset="7346" SrcFileId="6" StartOffset="7333"/>
</LocList>
</BasicStmnt>
</StmntSeq>
</HierarchyLvl>
<HierarchyLvl HierarchyLvlId="279" HierarchyLvlTypeId="13" Intrnl_Id="1215" Name="movePieceInRepresentation">
<Header>
<Loc EndOffset="7563" SrcFileId="6" StartOffset="7410"/>
</Header>
<LocList>
<Loc EndOffset="7678" SrcFileId="6" StartOffset="7410"/>
</LocList>
<StmntSeq Intrnl_Id="1216">
<LocList>
<Loc EndOffset="7671" SrcFileId="6" StartOffset="7575"/>
</LocList>
<BasicStmnt CovItemId="S105" CovItemPrefix="com.OriginalFiles.Board.java" Intrnl_Id="1217">
<LocList>
<Loc EndOffset="7671" SrcFileId="6" StartOffset="7575"/>
</LocList>
</BasicStmnt>
</StmntSeq>
</HierarchyLvl>
<HierarchyLvl HierarchyLvlId="280" HierarchyLvlTypeId="13" Intrnl_Id="1218" Name="movePieceInRepresentation">
<Header>
<Loc EndOffset="7869" SrcFileId="6" StartOffset="7729"/>
</Header>
<LocList>
<Loc EndOffset="8155" SrcFileId="6" StartOffset="7729"/>
</LocList>
<StmntSeq Intrnl_Id="1219">
<LocList>
<Loc EndOffset="7934" SrcFileId="6" StartOffset="7881"/>
<Loc EndOffset="7971" SrcFileId="6" StartOffset="7944"/>
<Loc EndOffset="8127" SrcFileId="6" StartOffset="7981"/>
</LocList>
<BasicStmnt CovItemId="S106" CovItemPrefix="com.OriginalFiles.Board.java" Intrnl_Id="1220">
<LocList>
<Loc EndOffset="7934" SrcFileId="6" StartOffset="7881"/>
</LocList>
</BasicStmnt>
<BasicStmnt CovItemId="S107" CovItemPrefix="com.OriginalFiles.Board.java" Intrnl_Id="1221">
<LocList>
<Loc EndOffset="7971" SrcFileId="6" StartOffset="7944"/>
</LocList>
</BasicStmnt>
<CondStmnt CovItemId="S108" CovItemPrefix="com.OriginalFiles.Board.java" Intrnl_Id="1222">
<Branch CovItemId="B37" CovItemPrefix="com.OriginalFiles.Board.java" Implct="false" Intrnl_Id="1223">
<Cond/>
<LocList>
<Loc EndOffset="8127" SrcFileId="6" StartOffset="8020"/>
</LocList>
<StmntSeq Intrnl_Id="1224">
<LocList>
<Loc EndOffset="8116" SrcFileId="6" StartOffset="8035"/>
</LocList>
<BasicStmnt CovItemId="S109" CovItemPrefix="com.OriginalFiles.Board.java" Intrnl_Id="1225">
<LocList>
<Loc EndOffset="8116" SrcFileId="6" StartOffset="8035"/>
</LocList>
</BasicStmnt>
</StmntSeq>
</Branch>
<Branch CovItemId="B38" CovItemPrefix="com.OriginalFiles.Board.java" Implct="true" Intrnl_Id="1226">
<Cond/>
<LocList/>
<StmntSeq Intrnl_Id="1227">
<LocList/>
</StmntSeq>
</Branch>
<Keyword EndOffset="7983" SrcFileId="6" StartOffset="7981"/>
<LocList>
<Loc EndOffset="8127" SrcFileId="6" StartOffset="7981"/>
</LocList>
<RootTerm CovItemId="C29" CovItemPrefix="com.OriginalFiles.Board.java" Intrnl_Id="1228">
<BasicBoolTerm Intrnl_Id="1229">
<LocList>
<Loc EndOffset="8018" SrcFileId="6" StartOffset="7985"/>
</LocList>
</BasicBoolTerm>
</RootTerm>
</CondStmnt>
</StmntSeq>
</HierarchyLvl>
<HierarchyLvl HierarchyLvlId="281" HierarchyLvlTypeId="13" Intrnl_Id="1230" Name="checkMoveDirection">
<Header>
<Loc EndOffset="8335" SrcFileId="6" StartOffset="8203"/>
</Header>
<LocList>
<Loc EndOffset="8496" SrcFileId="6" StartOffset="8203"/>
</LocList>
<StmntSeq Intrnl_Id="1231">
<LocList>
<Loc EndOffset="8489" SrcFileId="6" StartOffset="8347"/>
</LocList>
<BasicStmnt CovItemId="S110" CovItemPrefix="com.OriginalFiles.Board.java" Intrnl_Id="1232">
<LocList>
<Loc EndOffset="8489" SrcFileId="6" StartOffset="8347"/>
</LocList>
</BasicStmnt>
</StmntSeq>
</HierarchyLvl>
<HierarchyLvl HierarchyLvlId="282" HierarchyLvlTypeId="13" Intrnl_Id="1233" Name="isFieldEmptyOnBoard">
<Header>
<Loc EndOffset="8612" SrcFileId="6" StartOffset="8504"/>
</Header>
<LocList>
<Loc EndOffset="8806" SrcFileId="6" StartOffset="8504"/>
</LocList>
<StmntSeq Intrnl_Id="1234">
<LocList>
<Loc EndOffset="8799" SrcFileId="6" StartOffset="8624"/>
</LocList>
<CondStmnt CovItemId="S111" CovItemPrefix="com.OriginalFiles.Board.java" Intrnl_Id="1235">
<Branch CovItemId="B39" CovItemPrefix="com.OriginalFiles.Board.java" Implct="false" Intrnl_Id="1236">
<Cond/>
<LocList>
<Loc EndOffset="8754" SrcFileId="6" StartOffset="8647"/>
</LocList>
<StmntSeq Intrnl_Id="1237">
<LocList>
<Loc EndOffset="8707" SrcFileId="6" StartOffset="8662"/>
<Loc EndOffset="8743" SrcFileId="6" StartOffset="8723"/>
</LocList>
<BasicStmnt CovItemId="S112" CovItemPrefix="com.OriginalFiles.Board.java" Intrnl_Id="1238">
<LocList>
<Loc EndOffset="8707" SrcFileId="6" StartOffset="8662"/>
</LocList>
</BasicStmnt>
<BasicStmnt CovItemId="S113" CovItemPrefix="com.OriginalFiles.Board.java" Intrnl_Id="1239">
<LocList>
<Loc EndOffset="8743" SrcFileId="6" StartOffset="8723"/>
</LocList>
</BasicStmnt>
</StmntSeq>
</Branch>
<Branch CovItemId="B40" CovItemPrefix="com.OriginalFiles.Board.java" Implct="false" Intrnl_Id="1240">
<Cond>
<Loc EndOffset="8759" SrcFileId="6" StartOffset="8755"/>
</Cond>
<LocList>
<Loc EndOffset="8799" SrcFileId="6" StartOffset="8760"/>
</LocList>
<StmntSeq Intrnl_Id="1241">
<LocList>
<Loc EndOffset="8788" SrcFileId="6" StartOffset="8775"/>
</LocList>
<BasicStmnt CovItemId="S114" CovItemPrefix="com.OriginalFiles.Board.java" Intrnl_Id="1242">
<LocList>
<Loc EndOffset="8788" SrcFileId="6" StartOffset="8775"/>
</LocList>
</BasicStmnt>
</StmntSeq>
</Branch>
<Keyword EndOffset="8626" SrcFileId="6" StartOffset="8624"/>
<LocList>
<Loc EndOffset="8799" SrcFileId="6" StartOffset="8624"/>
</LocList>
<RootTerm CovItemId="C30" CovItemPrefix="com.OriginalFiles.Board.java" Intrnl_Id="1243">
<BasicBoolTerm Intrnl_Id="1244">
<LocList>
<Loc EndOffset="8645" SrcFileId="6" StartOffset="8628"/>
</LocList>
</BasicBoolTerm>
</RootTerm>
</CondStmnt>
</StmntSeq>
</HierarchyLvl>
<HierarchyLvl HierarchyLvlId="283" HierarchyLvlTypeId="13" Intrnl_Id="1245" Name="fieldOccupied">
<Header>
<Loc EndOffset="8862" SrcFileId="6" StartOffset="8814"/>
</Header>
<LocList>
<Loc EndOffset="9006" SrcFileId="6" StartOffset="8814"/>
</LocList>
<StmntSeq Intrnl_Id="1246">
<LocList>
<Loc EndOffset="8999" SrcFileId="6" StartOffset="8874"/>
</LocList>
<CondStmnt CovItemId="S115" CovItemPrefix="com.OriginalFiles.Board.java" Intrnl_Id="1247">
<Branch CovItemId="B41" CovItemPrefix="com.OriginalFiles.Board.java" Implct="false" Intrnl_Id="1248">
<Cond/>
<LocList>
<Loc EndOffset="8955" SrcFileId="6" StartOffset="8897"/>
</LocList>
<StmntSeq Intrnl_Id="1249">
<LocList>
<Loc EndOffset="8944" SrcFileId="6" StartOffset="8912"/>
</LocList>
<BasicStmnt CovItemId="S116" CovItemPrefix="com.OriginalFiles.Board.java" Intrnl_Id="1250">
<LocList>
<Loc EndOffset="8944" SrcFileId="6" StartOffset="8912"/>
</LocList>
</BasicStmnt>
</StmntSeq>
</Branch>
<Branch CovItemId="B42" CovItemPrefix="com.OriginalFiles.Board.java" Implct="false" Intrnl_Id="1251">
<Cond>
<Loc EndOffset="8960" SrcFileId="6" StartOffset="8956"/>
</Cond>
<LocList>
<Loc EndOffset="8999" SrcFileId="6" StartOffset="8961"/>
</LocList>
<StmntSeq Intrnl_Id="1252">
<LocList>
<Loc EndOffset="8988" SrcFileId="6" StartOffset="8976"/>
</LocList>
<BasicStmnt CovItemId="S117" CovItemPrefix="com.OriginalFiles.Board.java" Intrnl_Id="1253">
<LocList>
<Loc EndOffset="8988" SrcFileId="6" StartOffset="8976"/>
</LocList>
</BasicStmnt>
</StmntSeq>
</Branch>
<Keyword EndOffset="8876" SrcFileId="6" StartOffset="8874"/>
<LocList>
<Loc EndOffset="8999" SrcFileId="6" StartOffset="8874"/>
</LocList>
<RootTerm CovItemId="C31" CovItemPrefix="com.OriginalFiles.Board.java" Intrnl_Id="1254">
<BasicBoolTerm Intrnl_Id="1255">
<LocList>
<Loc EndOffset="8895" SrcFileId="6" StartOffset="8878"/>
</LocList>
</BasicBoolTerm>
</RootTerm>
</CondStmnt>
</StmntSeq>
</HierarchyLvl>
<HierarchyLvl HierarchyLvlId="284" HierarchyLvlTypeId="13" Intrnl_Id="1256" Name="checkPiece">
<Header>
<Loc EndOffset="9165" SrcFileId="6" StartOffset="9093"/>
</Header>
<LocList>
<Loc EndOffset="9546" SrcFileId="6" StartOffset="9093"/>
</LocList>
<StmntSeq Intrnl_Id="1257">
<LocList>
<Loc EndOffset="9298" SrcFileId="6" StartOffset="9177"/>
<Loc EndOffset="9539" SrcFileId="6" StartOffset="9310"/>
</LocList>
<BasicStmnt CovItemId="S118" CovItemPrefix="com.OriginalFiles.Board.java" Intrnl_Id="1258">
<LocList>
<Loc EndOffset="9298" SrcFileId="6" StartOffset="9177"/>
</LocList>
</BasicStmnt>
<CondStmnt CovItemId="S119" CovItemPrefix="com.OriginalFiles.Board.java" Intrnl_Id="1259">
<Branch CovItemId="B43" CovItemPrefix="com.OriginalFiles.Board.java" Implct="false" Intrnl_Id="1260">
<Cond/>
<LocList>
<Loc EndOffset="9415" SrcFileId="6" StartOffset="9347"/>
</LocList>
<StmntSeq Intrnl_Id="1261">
<LocList>
<Loc EndOffset="9404" SrcFileId="6" StartOffset="9362"/>
</LocList>
<BasicStmnt CovItemId="S120" CovItemPrefix="com.OriginalFiles.Board.java" Intrnl_Id="1262">
<LocList>
<Loc EndOffset="9404" SrcFileId="6" StartOffset="9362"/>
</LocList>
</BasicStmnt>
</StmntSeq>
</Branch>
<Branch CovItemId="B44" CovItemPrefix="com.OriginalFiles.Board.java" Implct="false" Intrnl_Id="1263">
<Cond>
<Loc EndOffset="9420" SrcFileId="6" StartOffset="9416"/>
</Cond>
<LocList>
<Loc EndOffset="9539" SrcFileId="6" StartOffset="9421"/>
</LocList>
<StmntSeq Intrnl_Id="1264">
<LocList>
<Loc EndOffset="9528" SrcFileId="6" StartOffset="9436"/>
</LocList>
<BasicStmnt CovItemId="S121" CovItemPrefix="com.OriginalFiles.Board.java" Intrnl_Id="1265">
<LocList>
<Loc EndOffset="9528" SrcFileId="6" StartOffset="9436"/>
</LocList>
</BasicStmnt>
</StmntSeq>
</Branch>
<Keyword EndOffset="9312" SrcFileId="6" StartOffset="9310"/>
<LocList>
<Loc EndOffset="9539" SrcFileId="6" StartOffset="9310"/>
</LocList>
<RootTerm CovItemId="C32" CovItemPrefix="com.OriginalFiles.Board.java" Intrnl_Id="1266">
<BasicBoolTerm Intrnl_Id="1267">
<LocList>
<Loc EndOffset="9345" SrcFileId="6" StartOffset="9314"/>
</LocList>
</BasicBoolTerm>
</RootTerm>
</CondStmnt>
</StmntSeq>
</HierarchyLvl>
<HierarchyLvl HierarchyLvlId="285" HierarchyLvlTypeId="13" Intrnl_Id="1268" Name="checkMoveableBoolean">
<Header>
<Loc EndOffset="9629" SrcFileId="6" StartOffset="9571"/>
</Header>
<LocList>
<Loc EndOffset="9692" SrcFileId="6" StartOffset="9571"/>
</LocList>
<StmntSeq Intrnl_Id="1269">
<LocList>
<Loc EndOffset="9685" SrcFileId="6" StartOffset="9641"/>
</LocList>
<BasicStmnt CovItemId="S122" CovItemPrefix="com.OriginalFiles.Board.java" Intrnl_Id="1270">
<LocList>
<Loc EndOffset="9685" SrcFileId="6" StartOffset="9641"/>
</LocList>
</BasicStmnt>
</StmntSeq>
</HierarchyLvl>
<HierarchyLvl HierarchyLvlId="286" HierarchyLvlTypeId="13" Intrnl_Id="1271" Name="checkMoveable">
<Header>
<Loc EndOffset="9802" SrcFileId="6" StartOffset="9742"/>
</Header>
<LocList>
<Loc EndOffset="10632" SrcFileId="6" StartOffset="9742"/>
</LocList>
<StmntSeq Intrnl_Id="1272">
<LocList>
<Loc EndOffset="9865" SrcFileId="6" StartOffset="9814"/>
<Loc EndOffset="10036" SrcFileId="6" StartOffset="9902"/>
<Loc EndOffset="10180" SrcFileId="6" StartOffset="10046"/>
<Loc EndOffset="10594" SrcFileId="6" StartOffset="10231"/>
<Loc EndOffset="10625" SrcFileId="6" StartOffset="10604"/>
</LocList>
<BasicStmnt CovItemId="S123" CovItemPrefix="com.OriginalFiles.Board.java" Intrnl_Id="1273">
<LocList>
<Loc EndOffset="9865" SrcFileId="6" StartOffset="9814"/>
</LocList>
</BasicStmnt>
<CondStmnt CovItemId="S124" CovItemPrefix="com.OriginalFiles.Board.java" Intrnl_Id="1274">
<Branch CovItemId="B45" CovItemPrefix="com.OriginalFiles.Board.java" Implct="false" Intrnl_Id="1275">
<Cond/>
<LocList>
<Loc EndOffset="10036" SrcFileId="6" StartOffset="9955"/>
</LocList>
<StmntSeq Intrnl_Id="1276">
<LocList>
<Loc EndOffset="10025" SrcFileId="6" StartOffset="9970"/>
</LocList>
<BasicStmnt CovItemId="S125" CovItemPrefix="com.OriginalFiles.Board.java" Intrnl_Id="1277">
<LocList>
<Loc EndOffset="10025" SrcFileId="6" StartOffset="9970"/>
</LocList>
</BasicStmnt>
</StmntSeq>
</Branch>
<Branch CovItemId="B46" CovItemPrefix="com.OriginalFiles.Board.java" Implct="true" Intrnl_Id="1278">
<Cond/>
<LocList/>
<StmntSeq Intrnl_Id="1279">
<LocList/>
</StmntSeq>
</Branch>
<Keyword EndOffset="9904" SrcFileId="6" StartOffset="9902"/>
<LocList>
<Loc EndOffset="10036" SrcFileId="6" StartOffset="9902"/>
</LocList>
<RootTerm CovItemId="C33" CovItemPrefix="com.OriginalFiles.Board.java" Intrnl_Id="1280">
<OpTerm BooleanOpId="8" Intrnl_Id="1281">
<BasicBoolTerm Intrnl_Id="1282">
<LocList>
<Loc EndOffset="9953" SrcFileId="6" StartOffset="9907"/>
</LocList>
</BasicBoolTerm>
<LocList>
<Loc EndOffset="9907" SrcFileId="6" StartOffset="9906"/>
</LocList>
</OpTerm>
</RootTerm>
</CondStmnt>
<CondStmnt CovItemId="S126" CovItemPrefix="com.OriginalFiles.Board.java" Intrnl_Id="1283">
<Branch CovItemId="B47" CovItemPrefix="com.OriginalFiles.Board.java" Implct="false" Intrnl_Id="1284">
<Cond/>
<LocList>
<Loc EndOffset="10180" SrcFileId="6" StartOffset="10099"/>
</LocList>
<StmntSeq Intrnl_Id="1285">
<LocList>
<Loc EndOffset="10169" SrcFileId="6" StartOffset="10114"/>
</LocList>
<BasicStmnt CovItemId="S127" CovItemPrefix="com.OriginalFiles.Board.java" Intrnl_Id="1286">
<LocList>
<Loc EndOffset="10169" SrcFileId="6" StartOffset="10114"/>
</LocList>
</BasicStmnt>
</StmntSeq>
</Branch>
<Branch CovItemId="B48" CovItemPrefix="com.OriginalFiles.Board.java" Implct="true" Intrnl_Id="1287">
<Cond/>
<LocList/>
<StmntSeq Intrnl_Id="1288">
<LocList/>
</StmntSeq>
</Branch>
<Keyword EndOffset="10048" SrcFileId="6" StartOffset="10046"/>
<LocList>
<Loc EndOffset="10180" SrcFileId="6" StartOffset="10046"/>
</LocList>
<RootTerm CovItemId="C34" CovItemPrefix="com.OriginalFiles.Board.java" Intrnl_Id="1289">
<OpTerm BooleanOpId="8" Intrnl_Id="1290">
<BasicBoolTerm Intrnl_Id="1291">
<LocList>
<Loc EndOffset="10097" SrcFileId="6" StartOffset="10051"/>
</LocList>
</BasicBoolTerm>
<LocList>
<Loc EndOffset="10051" SrcFileId="6" StartOffset="10050"/>
</LocList>
</OpTerm>
</RootTerm>
</CondStmnt>
<CondStmnt CovItemId="S128" CovItemPrefix="com.OriginalFiles.Board.java" Intrnl_Id="1292">
<Branch CovItemId="B49" CovItemPrefix="com.OriginalFiles.Board.java" Implct="false" Intrnl_Id="1293">
<Cond/>
<LocList>
<Loc EndOffset="10594" SrcFileId="6" StartOffset="10270"/>
</LocList>
<StmntSeq Intrnl_Id="1294">
<LocList>
<Loc EndOffset="10427" SrcFileId="6" StartOffset="10285"/>
<Loc EndOffset="10583" SrcFileId="6" StartOffset="10441"/>
</LocList>
<CondStmnt CovItemId="S129" CovItemPrefix="com.OriginalFiles.Board.java" Intrnl_Id="1295">
<Branch CovItemId="B51" CovItemPrefix="com.OriginalFiles.Board.java" Implct="false" Intrnl_Id="1296">
<Cond/>
<LocList>
<Loc EndOffset="10427" SrcFileId="6" StartOffset="10338"/>
</LocList>
<StmntSeq Intrnl_Id="1297">
<LocList>
<Loc EndOffset="10412" SrcFileId="6" StartOffset="10357"/>
</LocList>
<BasicStmnt CovItemId="S130" CovItemPrefix="com.OriginalFiles.Board.java" Intrnl_Id="1298">
<LocList>
<Loc EndOffset="10412" SrcFileId="6" StartOffset="10357"/>
</LocList>
</BasicStmnt>
</StmntSeq>
</Branch>
<Branch CovItemId="B52" CovItemPrefix="com.OriginalFiles.Board.java" Implct="true" Intrnl_Id="1299">
<Cond/>
<LocList/>
<StmntSeq Intrnl_Id="1300">
<LocList/>
</StmntSeq>
</Branch>
<Keyword EndOffset="10287" SrcFileId="6" StartOffset="10285"/>
<LocList>
<Loc EndOffset="10427" SrcFileId="6" StartOffset="10285"/>
</LocList>
<RootTerm CovItemId="C36" CovItemPrefix="com.OriginalFiles.Board.java" Intrnl_Id="1301">
<OpTerm BooleanOpId="8" Intrnl_Id="1302">
<BasicBoolTerm Intrnl_Id="1303">
<LocList>
<Loc EndOffset="10336" SrcFileId="6" StartOffset="10290"/>
</LocList>
</BasicBoolTerm>
<LocList>
<Loc EndOffset="10290" SrcFileId="6" StartOffset="10289"/>
</LocList>
</OpTerm>
</RootTerm>
</CondStmnt>
<CondStmnt CovItemId="S131" CovItemPrefix="com.OriginalFiles.Board.java" Intrnl_Id="1304">
<Branch CovItemId="B53" CovItemPrefix="com.OriginalFiles.Board.java" Implct="false" Intrnl_Id="1305">
<Cond/>
<LocList>
<Loc EndOffset="10583" SrcFileId="6" StartOffset="10494"/>
</LocList>
<StmntSeq Intrnl_Id="1306">
<LocList>
<Loc EndOffset="10568" SrcFileId="6" StartOffset="10513"/>
</LocList>
<BasicStmnt CovItemId="S132" CovItemPrefix="com.OriginalFiles.Board.java" Intrnl_Id="1307">
<LocList>
<Loc EndOffset="10568" SrcFileId="6" StartOffset="10513"/>
</LocList>
</BasicStmnt>
</StmntSeq>
</Branch>
<Branch CovItemId="B54" CovItemPrefix="com.OriginalFiles.Board.java" Implct="true" Intrnl_Id="1308">
<Cond/>
<LocList/>
<StmntSeq Intrnl_Id="1309">
<LocList/>
</StmntSeq>
</Branch>
<Keyword EndOffset="10443" SrcFileId="6" StartOffset="10441"/>
<LocList>
<Loc EndOffset="10583" SrcFileId="6" StartOffset="10441"/>
</LocList>
<RootTerm CovItemId="C37" CovItemPrefix="com.OriginalFiles.Board.java" Intrnl_Id="1310">
<OpTerm BooleanOpId="8" Intrnl_Id="1311">
<BasicBoolTerm Intrnl_Id="1312">
<LocList>
<Loc EndOffset="10492" SrcFileId="6" StartOffset="10446"/>
</LocList>
</BasicBoolTerm>
<LocList>
<Loc EndOffset="10446" SrcFileId="6" StartOffset="10445"/>
</LocList>
</OpTerm>
</RootTerm>
</CondStmnt>
</StmntSeq>
</Branch>
<Branch CovItemId="B50" CovItemPrefix="com.OriginalFiles.Board.java" Implct="true" Intrnl_Id="1313">
<Cond/>
<LocList/>
<StmntSeq Intrnl_Id="1314">
<LocList/>
</StmntSeq>
</Branch>
<Keyword EndOffset="10233" SrcFileId="6" StartOffset="10231"/>
<LocList>
<Loc EndOffset="10594" SrcFileId="6" StartOffset="10231"/>
</LocList>
<RootTerm CovItemId="C35" CovItemPrefix="com.OriginalFiles.Board.java" Intrnl_Id="1315">
<BasicBoolTerm Intrnl_Id="1316">
<LocList>
<Loc EndOffset="10268" SrcFileId="6" StartOffset="10235"/>
</LocList>
</BasicBoolTerm>
</RootTerm>
</CondStmnt>
<BasicStmnt CovItemId="S133" CovItemPrefix="com.OriginalFiles.Board.java" Intrnl_Id="1317">
<LocList>
<Loc EndOffset="10625" SrcFileId="6" StartOffset="10604"/>
</LocList>
</BasicStmnt>
</StmntSeq>
</HierarchyLvl>
<HierarchyLvl HierarchyLvlId="287" HierarchyLvlTypeId="13" Intrnl_Id="1318" Name="checkJump">
<Header>
<Loc EndOffset="10804" SrcFileId="6" StartOffset="10708"/>
</Header>
<LocList>
<Loc EndOffset="11268" SrcFileId="6" StartOffset="10708"/>
</LocList>
<StmntSeq Intrnl_Id="1319">
<LocList>
<Loc EndOffset="11261" SrcFileId="6" StartOffset="10816"/>
</LocList>
<BasicStmnt CovItemId="S134" CovItemPrefix="com.OriginalFiles.Board.java" Intrnl_Id="1320">
<LocList>
<Loc EndOffset="11261" SrcFileId="6" StartOffset="10816"/>
</LocList>
</BasicStmnt>
</StmntSeq>
</HierarchyLvl>
<HierarchyLvl HierarchyLvlId="288" HierarchyLvlTypeId="13" Intrnl_Id="1321" Name="checkJumpDirection">
<Header>
<Loc EndOffset="11474" SrcFileId="6" StartOffset="11346"/>
</Header>
<LocList>
<Loc EndOffset="12162" SrcFileId="6" StartOffset="11346"/>
</LocList>
<StmntSeq Intrnl_Id="1322">
<LocList>
<Loc EndOffset="11631" SrcFileId="6" StartOffset="11486"/>
<Loc EndOffset="12133" SrcFileId="6" StartOffset="11643"/>
<Loc EndOffset="12155" SrcFileId="6" StartOffset="12143"/>
</LocList>
<CondStmnt CovItemId="S135" CovItemPrefix="com.OriginalFiles.Board.java" Intrnl_Id="1323">
<Branch CovItemId="B55" CovItemPrefix="com.OriginalFiles.Board.java" Implct="false" Intrnl_Id="1324">
<Cond/>
<LocList>
<Loc EndOffset="11631" SrcFileId="6" StartOffset="11593"/>
</LocList>
<StmntSeq Intrnl_Id="1325">
<LocList>
<Loc EndOffset="11620" SrcFileId="6" StartOffset="11608"/>
</LocList>
<BasicStmnt CovItemId="S136" CovItemPrefix="com.OriginalFiles.Board.java" Intrnl_Id="1326">
<LocList>
<Loc EndOffset="11620" SrcFileId="6" StartOffset="11608"/>
</LocList>
</BasicStmnt>
</StmntSeq>
</Branch>
<Branch CovItemId="B56" CovItemPrefix="com.OriginalFiles.Board.java" Implct="true" Intrnl_Id="1327">
<Cond/>
<LocList/>
<StmntSeq Intrnl_Id="1328">
<LocList/>
</StmntSeq>
</Branch>
<Keyword EndOffset="11488" SrcFileId="6" StartOffset="11486"/>
<LocList>
<Loc EndOffset="11631" SrcFileId="6" StartOffset="11486"/>
</LocList>
<RootTerm CovItemId="C38" CovItemPrefix="com.OriginalFiles.Board.java" Intrnl_Id="1329">
<OpTerm BooleanOpId="9" Intrnl_Id="1330">
<OpTerm BooleanOpId="10" Intrnl_Id="1331">
<OpTerm BooleanOpId="9" Intrnl_Id="1332">
<BasicBoolTerm Intrnl_Id="1333">
<LocList>
<Loc EndOffset="11508" SrcFileId="6" StartOffset="11492"/>
</LocList>
</BasicBoolTerm>
<BasicBoolTerm Intrnl_Id="1334">
<LocList>
<Loc EndOffset="11522" SrcFileId="6" StartOffset="11512"/>
</LocList>
</BasicBoolTerm>
<LocList>
<Loc EndOffset="11511" SrcFileId="6" StartOffset="11509"/>
</LocList>
</OpTerm>
<OpTerm BooleanOpId="9" Intrnl_Id="1335">
<OpTerm BooleanOpId="8" Intrnl_Id="1336">
<BasicBoolTerm Intrnl_Id="1337">
<LocList>
<Loc EndOffset="11562" SrcFileId="6" StartOffset="11546"/>
</LocList>
</BasicBoolTerm>
<LocList>
<Loc EndOffset="11546" SrcFileId="6" StartOffset="11545"/>
</LocList>
</OpTerm>
<BasicBoolTerm Intrnl_Id="1338">
<LocList>
<Loc EndOffset="11575" SrcFileId="6" StartOffset="11566"/>
</LocList>
</BasicBoolTerm>
<LocList>
<Loc EndOffset="11565" SrcFileId="6" StartOffset="11563"/>
</LocList>
</OpTerm>
<LocList>
<Loc EndOffset="11543" SrcFileId="6" StartOffset="11541"/>
</LocList>
</OpTerm>
<OpTerm BooleanOpId="8" Intrnl_Id="1339">
<BasicBoolTerm Intrnl_Id="1340">
<LocList>
<Loc EndOffset="11591" SrcFileId="6" StartOffset="11582"/>
</LocList>
</BasicBoolTerm>
<LocList>
<Loc EndOffset="11582" SrcFileId="6" StartOffset="11581"/>
</LocList>
</OpTerm>
<LocList>
<Loc EndOffset="11580" SrcFileId="6" StartOffset="11578"/>
</LocList>
</OpTerm>
</RootTerm>
</CondStmnt>
<CondStmnt CovItemId="S137" CovItemPrefix="com.OriginalFiles.Board.java" Intrnl_Id="1341">
<Branch CovItemId="B57" CovItemPrefix="com.OriginalFiles.Board.java" Implct="false" Intrnl_Id="1342">
<Cond/>
<LocList>
<Loc EndOffset="12133" SrcFileId="6" StartOffset="11700"/>
</LocList>
<StmntSeq Intrnl_Id="1343">
<LocList>
<Loc EndOffset="12122" SrcFileId="6" StartOffset="11715"/>
</LocList>
<CondStmnt CovItemId="S138" CovItemPrefix="com.OriginalFiles.Board.java" Intrnl_Id="1344">
<Branch CovItemId="B59" CovItemPrefix="com.OriginalFiles.Board.java" Implct="false" Intrnl_Id="1345">
<Cond/>
<LocList>
<Loc EndOffset="12122" SrcFileId="6" StartOffset="11777"/>
</LocList>
<StmntSeq Intrnl_Id="1346">
<LocList>
<Loc EndOffset="12107" SrcFileId="6" StartOffset="11796"/>
</LocList>
<CondStmnt CovItemId="S139" CovItemPrefix="com.OriginalFiles.Board.java" Intrnl_Id="1347">
<Branch CovItemId="B61" CovItemPrefix="com.OriginalFiles.Board.java" Implct="false" Intrnl_Id="1348">
<Cond/>
<LocList>
<Loc EndOffset="12107" SrcFileId="6" StartOffset="12010"/>
</LocList>
<StmntSeq Intrnl_Id="1349">
<LocList>
<Loc EndOffset="12088" SrcFileId="6" StartOffset="12033"/>
</LocList>
<BasicStmnt CovItemId="S140" CovItemPrefix="com.OriginalFiles.Board.java" Intrnl_Id="1350">
<LocList>
<Loc EndOffset="12088" SrcFileId="6" StartOffset="12033"/>
</LocList>
</BasicStmnt>
</StmntSeq>
</Branch>
<Branch CovItemId="B62" CovItemPrefix="com.OriginalFiles.Board.java" Implct="true" Intrnl_Id="1351">
<Cond/>
<LocList/>
<StmntSeq Intrnl_Id="1352">
<LocList/>
</StmntSeq>
</Branch>
<Keyword EndOffset="11798" SrcFileId="6" StartOffset="11796"/>
<LocList>
<Loc EndOffset="12107" SrcFileId="6" StartOffset="11796"/>
</LocList>
<RootTerm CovItemId="C41" CovItemPrefix="com.OriginalFiles.Board.java" Intrnl_Id="1353">
<OpTerm BooleanOpId="9" Intrnl_Id="1354">
<BasicBoolTerm Intrnl_Id="1355">
<LocList>
<Loc EndOffset="11898" SrcFileId="6" StartOffset="11800"/>
</LocList>
</BasicBoolTerm>
<OpTerm BooleanOpId="8" Intrnl_Id="1356">
<BasicBoolTerm Intrnl_Id="1357">
<LocList>
<Loc EndOffset="12008" SrcFileId="6" StartOffset="11926"/>
</LocList>
</BasicBoolTerm>
<LocList>
<Loc EndOffset="11926" SrcFileId="6" StartOffset="11925"/>
</LocList>
</OpTerm>
<LocList>
<Loc EndOffset="11924" SrcFileId="6" StartOffset="11922"/>
</LocList>
</OpTerm>
</RootTerm>
</CondStmnt>
</StmntSeq>
</Branch>
<Branch CovItemId="B60" CovItemPrefix="com.OriginalFiles.Board.java" Implct="true" Intrnl_Id="1358">
<Cond/>
<LocList/>
<StmntSeq Intrnl_Id="1359">
<LocList/>
</StmntSeq>
</Branch>
<Keyword EndOffset="11717" SrcFileId="6" StartOffset="11715"/>
<LocList>
<Loc EndOffset="12122" SrcFileId="6" StartOffset="11715"/>
</LocList>
<RootTerm CovItemId="C40" CovItemPrefix="com.OriginalFiles.Board.java" Intrnl_Id="1360">
<OpTerm BooleanOpId="8" Intrnl_Id="1361">
<BasicBoolTerm Intrnl_Id="1362">
<LocList>
<Loc EndOffset="11775" SrcFileId="6" StartOffset="11720"/>
</LocList>
</BasicBoolTerm>
<LocList>
<Loc EndOffset="11720" SrcFileId="6" StartOffset="11719"/>
</LocList>
</OpTerm>
</RootTerm>
</CondStmnt>
</StmntSeq>
</Branch>
<Branch CovItemId="B58" CovItemPrefix="com.OriginalFiles.Board.java" Implct="true" Intrnl_Id="1363">
<Cond/>
<LocList/>
<StmntSeq Intrnl_Id="1364">
<LocList/>
</StmntSeq>
</Branch>
<Keyword EndOffset="11645" SrcFileId="6" StartOffset="11643"/>
<LocList>
<Loc EndOffset="12133" SrcFileId="6" StartOffset="11643"/>
</LocList>
<RootTerm CovItemId="C39" CovItemPrefix="com.OriginalFiles.Board.java" Intrnl_Id="1365">
<BasicBoolTerm Intrnl_Id="1366">
<LocList>
<Loc EndOffset="11698" SrcFileId="6" StartOffset="11647"/>
</LocList>
</BasicBoolTerm>
</RootTerm>
</CondStmnt>
<BasicStmnt CovItemId="S141" CovItemPrefix="com.OriginalFiles.Board.java" Intrnl_Id="1367">
<LocList>
<Loc EndOffset="12155" SrcFileId="6" StartOffset="12143"/>
</LocList>
</BasicStmnt>
</StmntSeq>
</HierarchyLvl>
<HierarchyLvl HierarchyLvlId="289" HierarchyLvlTypeId="13" Intrnl_Id="1368" Name="checkJumpDirectionBoolean">
<Header>
<Loc EndOffset="12319" SrcFileId="6" StartOffset="12187"/>
</Header>
<LocList>
<Loc EndOffset="12440" SrcFileId="6" StartOffset="12187"/>
</LocList>
<StmntSeq Intrnl_Id="1369">
<LocList>
<Loc EndOffset="12433" SrcFileId="6" StartOffset="12331"/>
</LocList>
<BasicStmnt CovItemId="S142" CovItemPrefix="com.OriginalFiles.Board.java" Intrnl_Id="1370">
<LocList>
<Loc EndOffset="12433" SrcFileId="6" StartOffset="12331"/>
</LocList>
</BasicStmnt>
</StmntSeq>
</HierarchyLvl>
<HierarchyLvl HierarchyLvlId="290" HierarchyLvlTypeId="13" Intrnl_Id="1371" Name="updateMoveables">
<Header>
<Loc EndOffset="12533" SrcFileId="6" StartOffset="12498"/>
</Header>
<LocList>
<Loc EndOffset="13180" SrcFileId="6" StartOffset="12498"/>
</LocList>
<StmntSeq Intrnl_Id="1372">
<LocList>
<Loc EndOffset="12560" SrcFileId="6" StartOffset="12545"/>
<Loc EndOffset="13148" SrcFileId="6" StartOffset="12570"/>
<Loc EndOffset="13173" SrcFileId="6" StartOffset="13158"/>
</LocList>
<BasicStmnt CovItemId="S143" CovItemPrefix="com.OriginalFiles.Board.java" Intrnl_Id="1373">
<LocList>
<Loc EndOffset="12560" SrcFileId="6" StartOffset="12545"/>
</LocList>
</BasicStmnt>
<LoopStmnt CovItemId="S144" CovItemPrefix="com.OriginalFiles.Board.java" Intrnl_Id="1374" MltplExecId="L13-2" MltplExecPrefix="com.OriginalFiles.Board.java" NvrExecId="L13-0" NvrExecPrefix="com.OriginalFiles.Board.java" OnceExecutedId="L13-1" OnceExecutedPrefix="com.OriginalFiles.Board.java" OptBodyExec="true">
<StmntSeq Intrnl_Id="1375">
<LocList>
<Loc EndOffset="13137" SrcFileId="6" StartOffset="12611"/>
</LocList>
<LoopStmnt CovItemId="S145" CovItemPrefix="com.OriginalFiles.Board.java" Intrnl_Id="1376" MltplExecId="L14-2" MltplExecPrefix="com.OriginalFiles.Board.java" NvrExecId="L14-0" NvrExecPrefix="com.OriginalFiles.Board.java" OnceExecutedId="L14-1" OnceExecutedPrefix="com.OriginalFiles.Board.java" OptBodyExec="true">
<StmntSeq Intrnl_Id="1377">
<LocList>
<Loc EndOffset="13122" SrcFileId="6" StartOffset="12652"/>
</LocList>
<CondStmnt CovItemId="S146" CovItemPrefix="com.OriginalFiles.Board.java" Intrnl_Id="1378">
<Branch CovItemId="B63" CovItemPrefix="com.OriginalFiles.Board.java" Implct="false" Intrnl_Id="1379">
<Cond/>
<LocList>
<Loc EndOffset="13122" SrcFileId="6" StartOffset="12676"/>
</LocList>
<StmntSeq Intrnl_Id="1380">
<LocList>
<Loc EndOffset="13103" SrcFileId="6" StartOffset="12699"/>
</LocList>
<CondStmnt CovItemId="S147" CovItemPrefix="com.OriginalFiles.Board.java" Intrnl_Id="1381">
<Branch CovItemId="B65" CovItemPrefix="com.OriginalFiles.Board.java" Implct="false" Intrnl_Id="1382">
<Cond/>
<LocList>
<Loc EndOffset="13103" SrcFileId="6" StartOffset="12736"/>
</LocList>
<StmntSeq Intrnl_Id="1383">
<LocList>
<Loc EndOffset="13080" SrcFileId="6" StartOffset="12814"/>
</LocList>
<CondStmnt CovItemId="S148" CovItemPrefix="com.OriginalFiles.Board.java" Intrnl_Id="1384">
<Branch CovItemId="B67" CovItemPrefix="com.OriginalFiles.Board.java" Implct="false" Intrnl_Id="1385">
<Cond/>
<LocList>
<Loc EndOffset="12987" SrcFileId="6" StartOffset="12849"/>
</LocList>
<StmntSeq Intrnl_Id="1386">
<LocList>
<Loc EndOffset="12907" SrcFileId="6" StartOffset="12880"/>
</LocList>
<BasicStmnt CovItemId="S149" CovItemPrefix="com.OriginalFiles.Board.java" Intrnl_Id="1387">
<LocList>
<Loc EndOffset="12907" SrcFileId="6" StartOffset="12880"/>
</LocList>
</BasicStmnt>
</StmntSeq>
</Branch>
<Branch CovItemId="B68" CovItemPrefix="com.OriginalFiles.Board.java" Implct="false" Intrnl_Id="1388">
<Cond>
<Loc EndOffset="12992" SrcFileId="6" StartOffset="12988"/>
</Cond>
<LocList>
<Loc EndOffset="13080" SrcFileId="6" StartOffset="12993"/>
</LocList>
<StmntSeq Intrnl_Id="1389">
<LocList>
<Loc EndOffset="13053" SrcFileId="6" StartOffset="13024"/>
</LocList>
<BasicStmnt CovItemId="S150" CovItemPrefix="com.OriginalFiles.Board.java" Intrnl_Id="1390">
<LocList>
<Loc EndOffset="13053" SrcFileId="6" StartOffset="13024"/>
</LocList>
</BasicStmnt>
</StmntSeq>
</Branch>
<Keyword EndOffset="12816" SrcFileId="6" StartOffset="12814"/>
<LocList>
<Loc EndOffset="13080" SrcFileId="6" StartOffset="12814"/>
</LocList>
<RootTerm CovItemId="C44" CovItemPrefix="com.OriginalFiles.Board.java" Intrnl_Id="1391">
<BasicBoolTerm Intrnl_Id="1392">
<LocList>
<Loc EndOffset="12847" SrcFileId="6" StartOffset="12818"/>
</LocList>
</BasicBoolTerm>
</RootTerm>
</CondStmnt>
</StmntSeq>
</Branch>
<Branch CovItemId="B66" CovItemPrefix="com.OriginalFiles.Board.java" Implct="true" Intrnl_Id="1393">
<Cond/>
<LocList/>
<StmntSeq Intrnl_Id="1394">
<LocList/>
</StmntSeq>
</Branch>
<Keyword EndOffset="12701" SrcFileId="6" StartOffset="12699"/>
<LocList>
<Loc EndOffset="13103" SrcFileId="6" StartOffset="12699"/>
</LocList>
<RootTerm CovItemId="C43" CovItemPrefix="com.OriginalFiles.Board.java" Intrnl_Id="1395">
<BasicBoolTerm Intrnl_Id="1396">
<LocList>
<Loc EndOffset="12734" SrcFileId="6" StartOffset="12703"/>
</LocList>
</BasicBoolTerm>
</RootTerm>
</CondStmnt>
</StmntSeq>
</Branch>
<Branch CovItemId="B64" CovItemPrefix="com.OriginalFiles.Board.java" Implct="true" Intrnl_Id="1397">
<Cond/>
<LocList/>
<StmntSeq Intrnl_Id="1398">
<LocList/>
</StmntSeq>
</Branch>
<Keyword EndOffset="12654" SrcFileId="6" StartOffset="12652"/>
<LocList>
<Loc EndOffset="13122" SrcFileId="6" StartOffset="12652"/>
</LocList>
<RootTerm CovItemId="C42" CovItemPrefix="com.OriginalFiles.Board.java" Intrnl_Id="1399">
<BasicBoolTerm Intrnl_Id="1400">
<LocList>
<Loc EndOffset="12674" SrcFileId="6" StartOffset="12656"/>
</LocList>
</BasicBoolTerm>
</RootTerm>
</CondStmnt>
</StmntSeq>
<Keyword EndOffset="12614" SrcFileId="6" StartOffset="12611"/>
<LocList>
<Loc EndOffset="13137" SrcFileId="6" StartOffset="12611"/>
</LocList>
</LoopStmnt>
</StmntSeq>
<Keyword EndOffset="12573" SrcFileId="6" StartOffset="12570"/>
<LocList>
<Loc EndOffset="13148" SrcFileId="6" StartOffset="12570"/>
</LocList>
</LoopStmnt>
<BasicStmnt CovItemId="S151" CovItemPrefix="com.OriginalFiles.Board.java" Intrnl_Id="1401">
<LocList>
<Loc EndOffset="13173" SrcFileId="6" StartOffset="13158"/>
</LocList>
</BasicStmnt>
</StmntSeq>
</HierarchyLvl>
<HierarchyLvl HierarchyLvlId="291" HierarchyLvlTypeId="13" Intrnl_Id="1402" Name="findOpponentColors">
<Header>
<Loc EndOffset="13272" SrcFileId="6" StartOffset="13239"/>
</Header>
<LocList>
<Loc EndOffset="13506" SrcFileId="6" StartOffset="13239"/>
</LocList>
<StmntSeq Intrnl_Id="1403">
<LocList>
<Loc EndOffset="13499" SrcFileId="6" StartOffset="13284"/>
</LocList>
<CondStmnt CovItemId="S152" CovItemPrefix="com.OriginalFiles.Board.java" Intrnl_Id="1404">
<Branch CovItemId="B69" CovItemPrefix="com.OriginalFiles.Board.java" Implct="false" Intrnl_Id="1405">
<Cond/>
<LocList>
<Loc EndOffset="13402" SrcFileId="6" StartOffset="13311"/>
</LocList>
<StmntSeq Intrnl_Id="1406">
<LocList>
<Loc EndOffset="13353" SrcFileId="6" StartOffset="13326"/>
<Loc EndOffset="13391" SrcFileId="6" StartOffset="13367"/>
</LocList>
<BasicStmnt CovItemId="S153" CovItemPrefix="com.OriginalFiles.Board.java" Intrnl_Id="1407">
<LocList>
<Loc EndOffset="13353" SrcFileId="6" StartOffset="13326"/>
</LocList>
</BasicStmnt>
<BasicStmnt CovItemId="S154" CovItemPrefix="com.OriginalFiles.Board.java" Intrnl_Id="1408">
<LocList>
<Loc EndOffset="13391" SrcFileId="6" StartOffset="13367"/>
</LocList>
</BasicStmnt>
</StmntSeq>
</Branch>
<Branch CovItemId="B70" CovItemPrefix="com.OriginalFiles.Board.java" Implct="false" Intrnl_Id="1409">
<Cond>
<Loc EndOffset="13407" SrcFileId="6" StartOffset="13403"/>
</Cond>
<LocList>
<Loc EndOffset="13499" SrcFileId="6" StartOffset="13408"/>
</LocList>
<StmntSeq Intrnl_Id="1410">
<LocList>
<Loc EndOffset="13450" SrcFileId="6" StartOffset="13423"/>
<Loc EndOffset="13488" SrcFileId="6" StartOffset="13464"/>
</LocList>
<BasicStmnt CovItemId="S155" CovItemPrefix="com.OriginalFiles.Board.java" Intrnl_Id="1411">
<LocList>
<Loc EndOffset="13450" SrcFileId="6" StartOffset="13423"/>
</LocList>
</BasicStmnt>
<BasicStmnt CovItemId="S156" CovItemPrefix="com.OriginalFiles.Board.java" Intrnl_Id="1412">
<LocList>
<Loc EndOffset="13488" SrcFileId="6" StartOffset="13464"/>
</LocList>
</BasicStmnt>
</StmntSeq>
</Branch>
<Keyword EndOffset="13286" SrcFileId="6" StartOffset="13284"/>
<LocList>
<Loc EndOffset="13499" SrcFileId="6" StartOffset="13284"/>
</LocList>
<RootTerm CovItemId="C45" CovItemPrefix="com.OriginalFiles.Board.java" Intrnl_Id="1413">
<BasicBoolTerm Intrnl_Id="1414">
<LocList>
<Loc EndOffset="13309" SrcFileId="6" StartOffset="13288"/>
</LocList>
</BasicBoolTerm>
</RootTerm>
</CondStmnt>
</StmntSeq>
</HierarchyLvl>
<HierarchyLvl HierarchyLvlId="292" HierarchyLvlTypeId="13" Intrnl_Id="1415" Name="findMissingPiece">
<Header>
<Loc EndOffset="13653" SrcFileId="6" StartOffset="13563"/>
</Header>
<LocList>
<Loc EndOffset="14407" SrcFileId="6" StartOffset="13563"/>
</LocList>
<StmntSeq Intrnl_Id="1416">
<LocList>
<Loc EndOffset="13707" SrcFileId="6" StartOffset="13684"/>
<Loc EndOffset="14365" SrcFileId="6" StartOffset="13719"/>
<Loc EndOffset="14400" SrcFileId="6" StartOffset="14377"/>
</LocList>
<BasicStmnt CovItemId="S157" CovItemPrefix="com.OriginalFiles.Board.java" Intrnl_Id="1417">
<LocList>
<Loc EndOffset="13707" SrcFileId="6" StartOffset="13684"/>
</LocList>
</BasicStmnt>
<LoopStmnt CovItemId="S158" CovItemPrefix="com.OriginalFiles.Board.java" Intrnl_Id="1418" MltplExecId="L15-2" MltplExecPrefix="com.OriginalFiles.Board.java" NvrExecId="L15-0" NvrExecPrefix="com.OriginalFiles.Board.java" OnceExecutedId="L15-1" OnceExecutedPrefix="com.OriginalFiles.Board.java" OptBodyExec="true">
<StmntSeq Intrnl_Id="1419">
<LocList>
<Loc EndOffset="14354" SrcFileId="6" StartOffset="13831"/>
</LocList>
<CondStmnt CovItemId="S159" CovItemPrefix="com.OriginalFiles.Board.java" Intrnl_Id="1420">
<Branch CovItemId="B71" CovItemPrefix="com.OriginalFiles.Board.java" Implct="false" Intrnl_Id="1421">
<Cond/>
<LocList>
<Loc EndOffset="14096" SrcFileId="6" StartOffset="13844"/>
</LocList>
<StmntSeq Intrnl_Id="1422">
<LocList>
<Loc EndOffset="14047" SrcFileId="6" StartOffset="13863"/>
<Loc EndOffset="14081" SrcFileId="6" StartOffset="14065"/>
</LocList>
<LoopStmnt CovItemId="S160" CovItemPrefix="com.OriginalFiles.Board.java" Intrnl_Id="1423" MltplExecId="L16-2" MltplExecPrefix="com.OriginalFiles.Board.java" NvrExecId="L16-0" NvrExecPrefix="com.OriginalFiles.Board.java" OnceExecutedId="L16-1" OnceExecutedPrefix="com.OriginalFiles.Board.java" OptBodyExec="true">
<StmntSeq Intrnl_Id="1424">
<LocList>
<Loc EndOffset="14028" SrcFileId="6" StartOffset="13910"/>
</LocList>
<CondStmnt CovItemId="S161" CovItemPrefix="com.OriginalFiles.Board.java" Intrnl_Id="1425">
<Branch CovItemId="B73" CovItemPrefix="com.OriginalFiles.Board.java" Implct="false" Intrnl_Id="1426">
<Cond/>
<LocList>
<Loc EndOffset="14028" SrcFileId="6" StartOffset="13932"/>
</LocList>
<StmntSeq Intrnl_Id="1427">
<LocList>
<Loc EndOffset="14005" SrcFileId="6" StartOffset="13959"/>
</LocList>
<BasicStmnt CovItemId="S162" CovItemPrefix="com.OriginalFiles.Board.java" Intrnl_Id="1428">
<LocList>
<Loc EndOffset="14005" SrcFileId="6" StartOffset="13959"/>
</LocList>
</BasicStmnt>
</StmntSeq>
</Branch>
<Branch CovItemId="B74" CovItemPrefix="com.OriginalFiles.Board.java" Implct="true" Intrnl_Id="1429">
<Cond/>
<LocList/>
<StmntSeq Intrnl_Id="1430">
<LocList/>
</StmntSeq>
</Branch>
<Keyword EndOffset="13912" SrcFileId="6" StartOffset="13910"/>
<LocList>
<Loc EndOffset="14028" SrcFileId="6" StartOffset="13910"/>
</LocList>
<RootTerm CovItemId="C49" CovItemPrefix="com.OriginalFiles.Board.java" Intrnl_Id="1431">
<BasicBoolTerm Intrnl_Id="1432">
<LocList>
<Loc EndOffset="13930" SrcFileId="6" StartOffset="13914"/>
</LocList>
</BasicBoolTerm>
</RootTerm>
</CondStmnt>
</StmntSeq>
<Keyword EndOffset="13866" SrcFileId="6" StartOffset="13863"/>
<LocList>
<Loc EndOffset="14047" SrcFileId="6" StartOffset="13863"/>
</LocList>
<RootTerm CovItemId="C48" CovItemPrefix="com.OriginalFiles.Board.java" Intrnl_Id="1433">
<BasicBoolTerm Intrnl_Id="1434">
<LocList>
<Loc EndOffset="13880" SrcFileId="6" StartOffset="13875"/>
</LocList>
</BasicBoolTerm>
</RootTerm>
</LoopStmnt>
<BasicStmnt CovItemId="S163" CovItemPrefix="com.OriginalFiles.Board.java" Intrnl_Id="1435">
<LocList>
<Loc EndOffset="14081" SrcFileId="6" StartOffset="14065"/>
</LocList>
</BasicStmnt>
</StmntSeq>
</Branch>
<Branch CovItemId="B72" CovItemPrefix="com.OriginalFiles.Board.java" Implct="false" Intrnl_Id="1436">
<Cond>
<Loc EndOffset="14101" SrcFileId="6" StartOffset="14097"/>
</Cond>
<LocList>
<Loc EndOffset="14354" SrcFileId="6" StartOffset="14102"/>
</LocList>
<StmntSeq Intrnl_Id="1437">
<LocList>
<Loc EndOffset="14306" SrcFileId="6" StartOffset="14121"/>
<Loc EndOffset="14339" SrcFileId="6" StartOffset="14324"/>
</LocList>
<LoopStmnt CovItemId="S164" CovItemPrefix="com.OriginalFiles.Board.java" Intrnl_Id="1438" MltplExecId="L17-2" MltplExecPrefix="com.OriginalFiles.Board.java" NvrExecId="L17-0" NvrExecPrefix="com.OriginalFiles.Board.java" OnceExecutedId="L17-1" OnceExecutedPrefix="com.OriginalFiles.Board.java" OptBodyExec="true">
<StmntSeq Intrnl_Id="1439">
<LocList>
<Loc EndOffset="14287" SrcFileId="6" StartOffset="14169"/>
</LocList>
<CondStmnt CovItemId="S165" CovItemPrefix="com.OriginalFiles.Board.java" Intrnl_Id="1440">
<Branch CovItemId="B75" CovItemPrefix="com.OriginalFiles.Board.java" Implct="false" Intrnl_Id="1441">
<Cond/>
<LocList>
<Loc EndOffset="14287" SrcFileId="6" StartOffset="14191"/>
</LocList>
<StmntSeq Intrnl_Id="1442">
<LocList>
<Loc EndOffset="14264" SrcFileId="6" StartOffset="14218"/>
</LocList>
<BasicStmnt CovItemId="S166" CovItemPrefix="com.OriginalFiles.Board.java" Intrnl_Id="1443">
<LocList>
<Loc EndOffset="14264" SrcFileId="6" StartOffset="14218"/>
</LocList>
</BasicStmnt>
</StmntSeq>
</Branch>
<Branch CovItemId="B76" CovItemPrefix="com.OriginalFiles.Board.java" Implct="true" Intrnl_Id="1444">
<Cond/>
<LocList/>
<StmntSeq Intrnl_Id="1445">
<LocList/>
</StmntSeq>
</Branch>
<Keyword EndOffset="14171" SrcFileId="6" StartOffset="14169"/>
<LocList>
<Loc EndOffset="14287" SrcFileId="6" StartOffset="14169"/>
</LocList>
<RootTerm CovItemId="C51" CovItemPrefix="com.OriginalFiles.Board.java" Intrnl_Id="1446">
<BasicBoolTerm Intrnl_Id="1447">
<LocList>
<Loc EndOffset="14189" SrcFileId="6" StartOffset="14173"/>
</LocList>
</BasicBoolTerm>
</RootTerm>
</CondStmnt>
</StmntSeq>
<Keyword EndOffset="14124" SrcFileId="6" StartOffset="14121"/>
<LocList>
<Loc EndOffset="14306" SrcFileId="6" StartOffset="14121"/>
</LocList>
<RootTerm CovItemId="C50" CovItemPrefix="com.OriginalFiles.Board.java" Intrnl_Id="1448">
<BasicBoolTerm Intrnl_Id="1449">
<LocList>
<Loc EndOffset="14139" SrcFileId="6" StartOffset="14133"/>
</LocList>
</BasicBoolTerm>
</RootTerm>
</LoopStmnt>
<BasicStmnt CovItemId="S167" CovItemPrefix="com.OriginalFiles.Board.java" Intrnl_Id="1450">
<LocList>
<Loc EndOffset="14339" SrcFileId="6" StartOffset="14324"/>
</LocList>
</BasicStmnt>
</StmntSeq>
</Branch>
<Keyword EndOffset="13833" SrcFileId="6" StartOffset="13831"/>
<LocList>
<Loc EndOffset="14354" SrcFileId="6" StartOffset="13831"/>
</LocList>
<RootTerm CovItemId="C47" CovItemPrefix="com.OriginalFiles.Board.java" Intrnl_Id="1451">
<BasicBoolTerm Intrnl_Id="1452">
<LocList>
<Loc EndOffset="13842" SrcFileId="6" StartOffset="13835"/>
</LocList>
</BasicBoolTerm>
</RootTerm>
</CondStmnt>
</StmntSeq>
<Keyword EndOffset="13722" SrcFileId="6" StartOffset="13719"/>
<LocList>
<Loc EndOffset="14365" SrcFileId="6" StartOffset="13719"/>
</LocList>
<RootTerm CovItemId="C46" CovItemPrefix="com.OriginalFiles.Board.java" Intrnl_Id="1453">
<BasicBoolTerm Intrnl_Id="1454">
<LocList>
<Loc EndOffset="13736" SrcFileId="6" StartOffset="13731"/>
</LocList>
</BasicBoolTerm>
</RootTerm>
</LoopStmnt>
<BasicStmnt CovItemId="S168" CovItemPrefix="com.OriginalFiles.Board.java" Intrnl_Id="1455">
<LocList>
<Loc EndOffset="14400" SrcFileId="6" StartOffset="14377"/>
</LocList>
</BasicStmnt>
</StmntSeq>
</HierarchyLvl>
<HierarchyLvl HierarchyLvlId="293" HierarchyLvlTypeId="13" Intrnl_Id="1456" Name="getPiece">
<Header>
<Loc EndOffset="14505" SrcFileId="6" StartOffset="14450"/>
</Header>
<LocList>
<Loc EndOffset="14817" SrcFileId="6" StartOffset="14450"/>
</LocList>
<StmntSeq Intrnl_Id="1457">
<LocList>
<Loc EndOffset="14562" SrcFileId="6" StartOffset="14517"/>
<Loc EndOffset="14810" SrcFileId="6" StartOffset="14572"/>
</LocList>
<BasicStmnt CovItemId="S169" CovItemPrefix="com.OriginalFiles.Board.java" Intrnl_Id="1458">
<LocList>
<Loc EndOffset="14562" SrcFileId="6" StartOffset="14517"/>
</LocList>
</BasicStmnt>
<CondStmnt CovItemId="S170" CovItemPrefix="com.OriginalFiles.Board.java" Intrnl_Id="1459">
<Branch CovItemId="B77" CovItemPrefix="com.OriginalFiles.Board.java" Implct="false" Intrnl_Id="1460">
<Cond/>
<LocList>
<Loc EndOffset="14628" SrcFileId="6" StartOffset="14590"/>
</LocList>
<StmntSeq Intrnl_Id="1461">
<LocList>
<Loc EndOffset="14617" SrcFileId="6" StartOffset="14605"/>
</LocList>
<BasicStmnt CovItemId="S171" CovItemPrefix="com.OriginalFiles.Board.java" Intrnl_Id="1462">
<LocList>
<Loc EndOffset="14617" SrcFileId="6" StartOffset="14605"/>
</LocList>
</BasicStmnt>
</StmntSeq>
</Branch>
<Branch CovItemId="B78" CovItemPrefix="com.OriginalFiles.Board.java" Implct="false" Intrnl_Id="1463">
<Cond>
<Loc EndOffset="14633" SrcFileId="6" StartOffset="14629"/>
</Cond>
<LocList>
<Loc EndOffset="14810" SrcFileId="6" StartOffset="14634"/>
</LocList>
<StmntSeq Intrnl_Id="1464">
<LocList>
<Loc EndOffset="14678" SrcFileId="6" StartOffset="14649"/>
<Loc EndOffset="14711" SrcFileId="6" StartOffset="14692"/>
<Loc EndOffset="14773" SrcFileId="6" StartOffset="14725"/>
<Loc EndOffset="14799" SrcFileId="6" StartOffset="14787"/>
</LocList>
<BasicStmnt CovItemId="S172" CovItemPrefix="com.OriginalFiles.Board.java" Intrnl_Id="1465">
<LocList>
<Loc EndOffset="14678" SrcFileId="6" StartOffset="14649"/>
</LocList>
</BasicStmnt>
<BasicStmnt CovItemId="S173" CovItemPrefix="com.OriginalFiles.Board.java" Intrnl_Id="1466">
<LocList>
<Loc EndOffset="14711" SrcFileId="6" StartOffset="14692"/>
</LocList>
</BasicStmnt>
<BasicStmnt CovItemId="S174" CovItemPrefix="com.OriginalFiles.Board.java" Intrnl_Id="1467">
<LocList>
<Loc EndOffset="14773" SrcFileId="6" StartOffset="14725"/>
</LocList>
</BasicStmnt>
<BasicStmnt CovItemId="S175" CovItemPrefix="com.OriginalFiles.Board.java" Intrnl_Id="1468">
<LocList>
<Loc EndOffset="14799" SrcFileId="6" StartOffset="14787"/>
</LocList>
</BasicStmnt>
</StmntSeq>
</Branch>
<Keyword EndOffset="14574" SrcFileId="6" StartOffset="14572"/>
<LocList>
<Loc EndOffset="14810" SrcFileId="6" StartOffset="14572"/>
</LocList>
<RootTerm CovItemId="C52" CovItemPrefix="com.OriginalFiles.Board.java" Intrnl_Id="1469">
<BasicBoolTerm Intrnl_Id="1470">
<LocList>
<Loc EndOffset="14588" SrcFileId="6" StartOffset="14576"/>
</LocList>
</BasicBoolTerm>
</RootTerm>
</CondStmnt>
</StmntSeq>
</HierarchyLvl>
<HierarchyLvl HierarchyLvlId="294" HierarchyLvlTypeId="13" Intrnl_Id="1471" Name="checkAllegiance">
<Header>
<Loc EndOffset="15616" SrcFileId="6" StartOffset="15541"/>
</Header>
<LocList>
<Loc EndOffset="15871" SrcFileId="6" StartOffset="15541"/>
</LocList>
<StmntSeq Intrnl_Id="1472">
<LocList>
<Loc EndOffset="15841" SrcFileId="6" StartOffset="15633"/>
<Loc EndOffset="15864" SrcFileId="6" StartOffset="15851"/>
</LocList>
<CondStmnt CovItemId="S176" CovItemPrefix="com.OriginalFiles.Board.java" Intrnl_Id="1473">
<Branch CovItemId="B79" CovItemPrefix="com.OriginalFiles.Board.java" Implct="false" Intrnl_Id="1474">
<Cond/>
<LocList>
<Loc EndOffset="15841" SrcFileId="6" StartOffset="15668"/>
</LocList>
<StmntSeq Intrnl_Id="1475">
<LocList>
<Loc EndOffset="15830" SrcFileId="6" StartOffset="15683"/>
</LocList>
<CondStmnt CovItemId="S177" CovItemPrefix="com.OriginalFiles.Board.java" Intrnl_Id="1476">
<Branch CovItemId="B81" CovItemPrefix="com.OriginalFiles.Board.java" Implct="false" Intrnl_Id="1477">
<Cond/>
<LocList>
<Loc EndOffset="15830" SrcFileId="6" StartOffset="15705"/>
</LocList>
<StmntSeq Intrnl_Id="1478">
<LocList>
<Loc EndOffset="15815" SrcFileId="6" StartOffset="15724"/>
</LocList>
<BasicStmnt CovItemId="S178" CovItemPrefix="com.OriginalFiles.Board.java" Intrnl_Id="1479">
<LocList>
<Loc EndOffset="15815" SrcFileId="6" StartOffset="15724"/>
</LocList>
</BasicStmnt>
</StmntSeq>
</Branch>
<Branch CovItemId="B82" CovItemPrefix="com.OriginalFiles.Board.java" Implct="true" Intrnl_Id="1480">
<Cond/>
<LocList/>
<StmntSeq Intrnl_Id="1481">
<LocList/>
</StmntSeq>
</Branch>
<Keyword EndOffset="15685" SrcFileId="6" StartOffset="15683"/>
<LocList>
<Loc EndOffset="15830" SrcFileId="6" StartOffset="15683"/>
</LocList>
<RootTerm CovItemId="C54" CovItemPrefix="com.OriginalFiles.Board.java" Intrnl_Id="1482">
<OpTerm BooleanOpId="8" Intrnl_Id="1483">
<BasicBoolTerm Intrnl_Id="1484">
<LocList>
<Loc EndOffset="15703" SrcFileId="6" StartOffset="15688"/>
</LocList>
</BasicBoolTerm>
<LocList>
<Loc EndOffset="15688" SrcFileId="6" StartOffset="15687"/>
</LocList>
</OpTerm>
</RootTerm>
</CondStmnt>
</StmntSeq>
</Branch>
<Branch CovItemId="B80" CovItemPrefix="com.OriginalFiles.Board.java" Implct="true" Intrnl_Id="1485">
<Cond/>
<LocList/>
<StmntSeq Intrnl_Id="1486">
<LocList/>
</StmntSeq>
</Branch>
<Keyword EndOffset="15635" SrcFileId="6" StartOffset="15633"/>
<LocList>
<Loc EndOffset="15841" SrcFileId="6" StartOffset="15633"/>
</LocList>
<RootTerm CovItemId="C53" CovItemPrefix="com.OriginalFiles.Board.java" Intrnl_Id="1487">
<BasicBoolTerm Intrnl_Id="1488">
<LocList>
<Loc EndOffset="15666" SrcFileId="6" StartOffset="15637"/>
</LocList>
</BasicBoolTerm>
</RootTerm>
</CondStmnt>
<BasicStmnt CovItemId="S179" CovItemPrefix="com.OriginalFiles.Board.java" Intrnl_Id="1489">
<LocList>
<Loc EndOffset="15864" SrcFileId="6" StartOffset="15851"/>
</LocList>
</BasicStmnt>
</StmntSeq>
</HierarchyLvl>
<HierarchyLvl HierarchyLvlId="295" HierarchyLvlTypeId="13" Intrnl_Id="1490" Name="checkAllegiance">
<Header>
<Loc EndOffset="15954" SrcFileId="6" StartOffset="15879"/>
</Header>
<LocList>
<Loc EndOffset="16333" SrcFileId="6" StartOffset="15879"/>
</LocList>
<StmntSeq Intrnl_Id="1491">
<LocList>
<Loc EndOffset="16116" SrcFileId="6" StartOffset="15971"/>
<Loc EndOffset="16302" SrcFileId="6" StartOffset="16127"/>
<Loc EndOffset="16326" SrcFileId="6" StartOffset="16313"/>
</LocList>
<CondStmnt CovItemId="S180" CovItemPrefix="com.OriginalFiles.Board.java" Intrnl_Id="1492">
<Branch CovItemId="B83" CovItemPrefix="com.OriginalFiles.Board.java" Implct="false" Intrnl_Id="1493">
<Cond/>
<LocList>
<Loc EndOffset="16116" SrcFileId="6" StartOffset="16076"/>
</LocList>
<StmntSeq Intrnl_Id="1494">
<LocList>
<Loc EndOffset="16104" SrcFileId="6" StartOffset="16092"/>
</LocList>
<BasicStmnt CovItemId="S181" CovItemPrefix="com.OriginalFiles.Board.java" Intrnl_Id="1495">
<LocList>
<Loc EndOffset="16104" SrcFileId="6" StartOffset="16092"/>
</LocList>
</BasicStmnt>
</StmntSeq>
</Branch>
<Branch CovItemId="B84" CovItemPrefix="com.OriginalFiles.Board.java" Implct="true" Intrnl_Id="1496">
<Cond/>
<LocList/>
<StmntSeq Intrnl_Id="1497">
<LocList/>
</StmntSeq>
</Branch>
<Keyword EndOffset="15973" SrcFileId="6" StartOffset="15971"/>
<LocList>
<Loc EndOffset="16116" SrcFileId="6" StartOffset="15971"/>
</LocList>
<RootTerm CovItemId="C55" CovItemPrefix="com.OriginalFiles.Board.java" Intrnl_Id="1498">
<OpTerm BooleanOpId="9" Intrnl_Id="1499">
<OpTerm BooleanOpId="10" Intrnl_Id="1500">
<BasicBoolTerm Intrnl_Id="1501">
<LocList>
<Loc EndOffset="16005" SrcFileId="6" StartOffset="15976"/>
</LocList>
</BasicBoolTerm>
<BasicBoolTerm Intrnl_Id="1502">
<LocList>
<Loc EndOffset="16052" SrcFileId="6" StartOffset="16026"/>
</LocList>
</BasicBoolTerm>
<LocList>
<Loc EndOffset="16025" SrcFileId="6" StartOffset="16023"/>
</LocList>
</OpTerm>
<OpTerm BooleanOpId="8" Intrnl_Id="1503">
<BasicBoolTerm Intrnl_Id="1504">
<LocList>
<Loc EndOffset="16074" SrcFileId="6" StartOffset="16058"/>
</LocList>
</BasicBoolTerm>
<LocList>
<Loc EndOffset="16058" SrcFileId="6" StartOffset="16057"/>
</LocList>
</OpTerm>
<LocList>
<Loc EndOffset="16056" SrcFileId="6" StartOffset="16054"/>
</LocList>
</OpTerm>
</RootTerm>
</CondStmnt>
<CondStmnt CovItemId="S182" CovItemPrefix="com.OriginalFiles.Board.java" Intrnl_Id="1505">
<Branch CovItemId="B85" CovItemPrefix="com.OriginalFiles.Board.java" Implct="false" Intrnl_Id="1506">
<Cond/>
<LocList>
<Loc EndOffset="16302" SrcFileId="6" StartOffset="16262"/>
</LocList>
<StmntSeq Intrnl_Id="1507">
<LocList>
<Loc EndOffset="16290" SrcFileId="6" StartOffset="16278"/>
</LocList>
<BasicStmnt CovItemId="S183" CovItemPrefix="com.OriginalFiles.Board.java" Intrnl_Id="1508">
<LocList>
<Loc EndOffset="16290" SrcFileId="6" StartOffset="16278"/>
</LocList>
</BasicStmnt>
</StmntSeq>
</Branch>
<Branch CovItemId="B86" CovItemPrefix="com.OriginalFiles.Board.java" Implct="true" Intrnl_Id="1509">
<Cond/>
<LocList/>
<StmntSeq Intrnl_Id="1510">
<LocList/>
</StmntSeq>
</Branch>
<Keyword EndOffset="16129" SrcFileId="6" StartOffset="16127"/>
<LocList>
<Loc EndOffset="16302" SrcFileId="6" StartOffset="16127"/>
</LocList>
<RootTerm CovItemId="C56" CovItemPrefix="com.OriginalFiles.Board.java" Intrnl_Id="1511">
<OpTerm BooleanOpId="9" Intrnl_Id="1512">
<OpTerm BooleanOpId="10" Intrnl_Id="1513">
<BasicBoolTerm Intrnl_Id="1514">
<LocList>
<Loc EndOffset="16167" SrcFileId="6" StartOffset="16132"/>
</LocList>
</BasicBoolTerm>
<BasicBoolTerm Intrnl_Id="1515">
<LocList>
<Loc EndOffset="16221" SrcFileId="6" StartOffset="16189"/>
</LocList>
</BasicBoolTerm>
<LocList>
<Loc EndOffset="16188" SrcFileId="6" StartOffset="16186"/>
</LocList>
</OpTerm>
<BasicBoolTerm Intrnl_Id="1516">
<LocList>
<Loc EndOffset="16260" SrcFileId="6" StartOffset="16244"/>
</LocList>
</BasicBoolTerm>
<LocList>
<Loc EndOffset="16243" SrcFileId="6" StartOffset="16241"/>
</LocList>
</OpTerm>
</RootTerm>
</CondStmnt>
<BasicStmnt CovItemId="S184" CovItemPrefix="com.OriginalFiles.Board.java" Intrnl_Id="1517">
<LocList>
<Loc EndOffset="16326" SrcFileId="6" StartOffset="16313"/>
</LocList>
</BasicStmnt>
</StmntSeq>
</HierarchyLvl>
<HierarchyLvl HierarchyLvlId="296" HierarchyLvlTypeId="13" Intrnl_Id="1518" Name="checkBounds">
<Header>
<Loc EndOffset="16440" SrcFileId="6" StartOffset="16394"/>
</Header>
<LocList>
<Loc EndOffset="16503" SrcFileId="6" StartOffset="16394"/>
</LocList>
<StmntSeq Intrnl_Id="1519">
<LocList>
<Loc EndOffset="16496" SrcFileId="6" StartOffset="16452"/>
</LocList>
<BasicStmnt CovItemId="S185" CovItemPrefix="com.OriginalFiles.Board.java" Intrnl_Id="1520">
<LocList>
<Loc EndOffset="16496" SrcFileId="6" StartOffset="16452"/>
</LocList>
</BasicStmnt>
</StmntSeq>
</HierarchyLvl>
</HierarchyLvl>
<HierarchyLvl HierarchyLvlId="323" HierarchyLvlTypeId="12" Intrnl_Id="1521" Name="Analyze">
<Header>
<Loc EndOffset="248" SrcFileId="7" StartOffset="228"/>
</Header>
<LocList>
<Loc EndOffset="25185" SrcFileId="7" StartOffset="228"/>
</LocList>
<StmntSeq Intrnl_Id="1522">
<LocList>
<Loc EndOffset="366" SrcFileId="7" StartOffset="325"/>
<Loc EndOffset="405" SrcFileId="7" StartOffset="372"/>
<Loc EndOffset="457" SrcFileId="7" StartOffset="411"/>
</LocList>
<BasicStmnt CovItemId="S1" CovItemPrefix="com.OriginalFiles.Analyze.java" Intrnl_Id="1523">
<LocList>
<Loc EndOffset="366" SrcFileId="7" StartOffset="325"/>
</LocList>
</BasicStmnt>
<BasicStmnt CovItemId="S2" CovItemPrefix="com.OriginalFiles.Analyze.java" Intrnl_Id="1524">
<LocList>
<Loc EndOffset="405" SrcFileId="7" StartOffset="372"/>
</LocList>
</BasicStmnt>
<BasicStmnt CovItemId="S3" CovItemPrefix="com.OriginalFiles.Analyze.java" Intrnl_Id="1525">
<LocList>
<Loc EndOffset="457" SrcFileId="7" StartOffset="411"/>
</LocList>
</BasicStmnt>
</StmntSeq>
<HierarchyLvl HierarchyLvlId="298" HierarchyLvlTypeId="13" Intrnl_Id="1526" Name="Analyze">
<Header>
<Loc EndOffset="637" SrcFileId="7" StartOffset="578"/>
</Header>
<LocList>
<Loc EndOffset="718" SrcFileId="7" StartOffset="578"/>
</LocList>
<StmntSeq Intrnl_Id="1527">
<LocList>
<Loc EndOffset="671" SrcFileId="7" StartOffset="649"/>
<Loc EndOffset="711" SrcFileId="7" StartOffset="681"/>
</LocList>
<BasicStmnt CovItemId="S4" CovItemPrefix="com.OriginalFiles.Analyze.java" Intrnl_Id="1528">
<LocList>
<Loc EndOffset="671" SrcFileId="7" StartOffset="649"/>
</LocList>
</BasicStmnt>
<BasicStmnt CovItemId="S5" CovItemPrefix="com.OriginalFiles.Analyze.java" Intrnl_Id="1529">
<LocList>
<Loc EndOffset="711" SrcFileId="7" StartOffset="681"/>
</LocList>
</BasicStmnt>
</StmntSeq>
</HierarchyLvl>
<HierarchyLvl HierarchyLvlId="299" HierarchyLvlTypeId="13" Intrnl_Id="1530" Name="analyzeBoard">
<Header>
<Loc EndOffset="904" SrcFileId="7" StartOffset="798"/>
</Header>
<LocList>
<Loc EndOffset="1486" SrcFileId="7" StartOffset="798"/>
</LocList>
<StmntSeq Intrnl_Id="1531">
<LocList>
<Loc EndOffset="1456" SrcFileId="7" StartOffset="916"/>
<Loc EndOffset="1479" SrcFileId="7" StartOffset="1466"/>
</LocList>
<CondStmnt CovItemId="S6" CovItemPrefix="com.OriginalFiles.Analyze.java" Intrnl_Id="1532">
<Branch CovItemId="B1" CovItemPrefix="com.OriginalFiles.Analyze.java" Implct="false" Intrnl_Id="1533">
<Cond/>
<LocList>
<Loc EndOffset="1456" SrcFileId="7" StartOffset="949"/>
</LocList>
<StmntSeq Intrnl_Id="1534">
<LocList>
<Loc EndOffset="988" SrcFileId="7" StartOffset="964"/>
<Loc EndOffset="1054" SrcFileId="7" StartOffset="1004"/>
<Loc EndOffset="1117" SrcFileId="7" StartOffset="1068"/>
<Loc EndOffset="1172" SrcFileId="7" StartOffset="1131"/>
<Loc EndOffset="1205" SrcFileId="7" StartOffset="1186"/>
<Loc EndOffset="1311" SrcFileId="7" StartOffset="1279"/>
<Loc EndOffset="1351" SrcFileId="7" StartOffset="1325"/>
<Loc EndOffset="1445" SrcFileId="7" StartOffset="1365"/>
</LocList>
<BasicStmnt CovItemId="S7" CovItemPrefix="com.OriginalFiles.Analyze.java" Intrnl_Id="1535">
<LocList>
<Loc EndOffset="988" SrcFileId="7" StartOffset="964"/>
</LocList>
</BasicStmnt>
<BasicStmnt CovItemId="S8" CovItemPrefix="com.OriginalFiles.Analyze.java" Intrnl_Id="1536">
<LocList>
<Loc EndOffset="1054" SrcFileId="7" StartOffset="1004"/>
</LocList>
</BasicStmnt>
<BasicStmnt CovItemId="S9" CovItemPrefix="com.OriginalFiles.Analyze.java" Intrnl_Id="1537">
<LocList>
<Loc EndOffset="1117" SrcFileId="7" StartOffset="1068"/>
</LocList>
</BasicStmnt>
<BasicStmnt CovItemId="S10" CovItemPrefix="com.OriginalFiles.Analyze.java" Intrnl_Id="1538">
<LocList>
<Loc EndOffset="1172" SrcFileId="7" StartOffset="1131"/>
</LocList>
</BasicStmnt>
<BasicStmnt CovItemId="S11" CovItemPrefix="com.OriginalFiles.Analyze.java" Intrnl_Id="1539">
<LocList>
<Loc EndOffset="1205" SrcFileId="7" StartOffset="1186"/>
</LocList>
</BasicStmnt>
<BasicStmnt CovItemId="S12" CovItemPrefix="com.OriginalFiles.Analyze.java" Intrnl_Id="1540">
<LocList>
<Loc EndOffset="1311" SrcFileId="7" StartOffset="1279"/>
</LocList>
</BasicStmnt>
<BasicStmnt CovItemId="S13" CovItemPrefix="com.OriginalFiles.Analyze.java" Intrnl_Id="1541">
<LocList>
<Loc EndOffset="1351" SrcFileId="7" StartOffset="1325"/>
</LocList>
</BasicStmnt>
<CondStmnt CovItemId="S14" CovItemPrefix="com.OriginalFiles.Analyze.java" Intrnl_Id="1542">
<Branch CovItemId="B3" CovItemPrefix="com.OriginalFiles.Analyze.java" Implct="false" Intrnl_Id="1543">
<Cond/>
<LocList>
<Loc EndOffset="1445" SrcFileId="7" StartOffset="1399"/>
</LocList>
<StmntSeq Intrnl_Id="1544">
<LocList>
<Loc EndOffset="1430" SrcFileId="7" StartOffset="1418"/>
</LocList>
<BasicStmnt CovItemId="S15" CovItemPrefix="com.OriginalFiles.Analyze.java" Intrnl_Id="1545">
<LocList>
<Loc EndOffset="1430" SrcFileId="7" StartOffset="1418"/>
</LocList>
</BasicStmnt>
</StmntSeq>
</Branch>
<Branch CovItemId="B4" CovItemPrefix="com.OriginalFiles.Analyze.java" Implct="true" Intrnl_Id="1546">
<Cond/>
<LocList/>
<StmntSeq Intrnl_Id="1547">
<LocList/>
</StmntSeq>
</Branch>
<Keyword EndOffset="1367" SrcFileId="7" StartOffset="1365"/>
<LocList>
<Loc EndOffset="1445" SrcFileId="7" StartOffset="1365"/>
</LocList>
<RootTerm CovItemId="C2" CovItemPrefix="com.OriginalFiles.Analyze.java" Intrnl_Id="1548">
<OpTerm BooleanOpId="8" Intrnl_Id="1549">
<BasicBoolTerm Intrnl_Id="1550">
<LocList>
<Loc EndOffset="1397" SrcFileId="7" StartOffset="1370"/>
</LocList>
</BasicBoolTerm>
<LocList>
<Loc EndOffset="1370" SrcFileId="7" StartOffset="1369"/>
</LocList>
</OpTerm>
</RootTerm>
</CondStmnt>
</StmntSeq>
</Branch>
<Branch CovItemId="B2" CovItemPrefix="com.OriginalFiles.Analyze.java" Implct="true" Intrnl_Id="1551">
<Cond/>
<LocList/>
<StmntSeq Intrnl_Id="1552">
<LocList/>
</StmntSeq>
</Branch>
<Keyword EndOffset="918" SrcFileId="7" StartOffset="916"/>
<LocList>
<Loc EndOffset="1456" SrcFileId="7" StartOffset="916"/>
</LocList>
<RootTerm CovItemId="C1" CovItemPrefix="com.OriginalFiles.Analyze.java" Intrnl_Id="1553">
<OpTerm BooleanOpId="8" Intrnl_Id="1554">
<BasicBoolTerm Intrnl_Id="1555">
<LocList>
<Loc EndOffset="947" SrcFileId="7" StartOffset="921"/>
</LocList>
</BasicBoolTerm>
<LocList>
<Loc EndOffset="921" SrcFileId="7" StartOffset="920"/>
</LocList>
</OpTerm>
</RootTerm>
</CondStmnt>
<BasicStmnt CovItemId="S16" CovItemPrefix="com.OriginalFiles.Analyze.java" Intrnl_Id="1556">
<LocList>
<Loc EndOffset="1479" SrcFileId="7" StartOffset="1466"/>
</LocList>
</BasicStmnt>
</StmntSeq>
</HierarchyLvl>
<HierarchyLvl HierarchyLvlId="300" HierarchyLvlTypeId="13" Intrnl_Id="1557" Name="checkMotorCalibration">
<Header>
<Loc EndOffset="1547" SrcFileId="7" StartOffset="1511"/>
</Header>
<LocList>
<Loc EndOffset="1738" SrcFileId="7" StartOffset="1511"/>
</LocList>
<StmntSeq Intrnl_Id="1558">
<LocList>
<Loc EndOffset="1581" SrcFileId="7" StartOffset="1559"/>
<Loc EndOffset="1731" SrcFileId="7" StartOffset="1593"/>
</LocList>
<BasicStmnt CovItemId="S17" CovItemPrefix="com.OriginalFiles.Analyze.java" Intrnl_Id="1559">
<LocList>
<Loc EndOffset="1581" SrcFileId="7" StartOffset="1559"/>
</LocList>
</BasicStmnt>
<CondStmnt CovItemId="S18" CovItemPrefix="com.OriginalFiles.Analyze.java" Intrnl_Id="1560">
<Branch CovItemId="B5" CovItemPrefix="com.OriginalFiles.Analyze.java" Implct="false" Intrnl_Id="1561">
<Cond/>
<LocList>
<Loc EndOffset="1731" SrcFileId="7" StartOffset="1640"/>
</LocList>
<StmntSeq Intrnl_Id="1562">
<LocList>
<Loc EndOffset="1676" SrcFileId="7" StartOffset="1655"/>
<Loc EndOffset="1720" SrcFileId="7" StartOffset="1690"/>
</LocList>
<BasicStmnt CovItemId="S19" CovItemPrefix="com.OriginalFiles.Analyze.java" Intrnl_Id="1563">
<LocList>
<Loc EndOffset="1676" SrcFileId="7" StartOffset="1655"/>
</LocList>
</BasicStmnt>
<BasicStmnt CovItemId="S20" CovItemPrefix="com.OriginalFiles.Analyze.java" Intrnl_Id="1564">
<LocList>
<Loc EndOffset="1720" SrcFileId="7" StartOffset="1690"/>
</LocList>
</BasicStmnt>
</StmntSeq>
</Branch>
<Branch CovItemId="B6" CovItemPrefix="com.OriginalFiles.Analyze.java" Implct="true" Intrnl_Id="1565">
<Cond/>
<LocList/>
<StmntSeq Intrnl_Id="1566">
<LocList/>
</StmntSeq>
</Branch>
<Keyword EndOffset="1595" SrcFileId="7" StartOffset="1593"/>
<LocList>
<Loc EndOffset="1731" SrcFileId="7" StartOffset="1593"/>
</LocList>
<RootTerm CovItemId="C3" CovItemPrefix="com.OriginalFiles.Analyze.java" Intrnl_Id="1567">
<BasicBoolTerm Intrnl_Id="1568">
<LocList>
<Loc EndOffset="1638" SrcFileId="7" StartOffset="1597"/>
</LocList>
</BasicBoolTerm>
</RootTerm>
</CondStmnt>
</StmntSeq>
</HierarchyLvl>
<HierarchyLvl HierarchyLvlId="301" HierarchyLvlTypeId="13" Intrnl_Id="1569" Name="makeListOfMoveables">
<Header>
<Loc EndOffset="1811" SrcFileId="7" StartOffset="1746"/>
</Header>
<LocList>
<Loc EndOffset="2565" SrcFileId="7" StartOffset="1746"/>
</LocList>
<StmntSeq Intrnl_Id="1570">
<LocList>
<Loc EndOffset="1909" SrcFileId="7" StartOffset="1877"/>
<Loc EndOffset="2294" SrcFileId="7" StartOffset="1919"/>
<Loc EndOffset="2349" SrcFileId="7" StartOffset="2304"/>
<Loc EndOffset="2378" SrcFileId="7" StartOffset="2359"/>
<Loc EndOffset="2405" SrcFileId="7" StartOffset="2388"/>
<Loc EndOffset="2528" SrcFileId="7" StartOffset="2415"/>
<Loc EndOffset="2558" SrcFileId="7" StartOffset="2538"/>
</LocList>
<BasicStmnt CovItemId="S21" CovItemPrefix="com.OriginalFiles.Analyze.java" Intrnl_Id="1571">
<LocList>
<Loc EndOffset="1909" SrcFileId="7" StartOffset="1877"/>
</LocList>
</BasicStmnt>
<LoopStmnt CovItemId="S22" CovItemPrefix="com.OriginalFiles.Analyze.java" Intrnl_Id="1572" MltplExecId="L1-2" MltplExecPrefix="com.OriginalFiles.Analyze.java" NvrExecId="L1-0" NvrExecPrefix="com.OriginalFiles.Analyze.java" OnceExecutedId="L1-1" OnceExecutedPrefix="com.OriginalFiles.Analyze.java" OptBodyExec="true">
<StmntSeq Intrnl_Id="1573">
<LocList>
<Loc EndOffset="2283" SrcFileId="7" StartOffset="1974"/>
</LocList>
<LoopStmnt CovItemId="S23" CovItemPrefix="com.OriginalFiles.Analyze.java" Intrnl_Id="1574" MltplExecId="L2-2" MltplExecPrefix="com.OriginalFiles.Analyze.java" NvrExecId="L2-0" NvrExecPrefix="com.OriginalFiles.Analyze.java" OnceExecutedId="L2-1" OnceExecutedPrefix="com.OriginalFiles.Analyze.java" OptBodyExec="true">
<StmntSeq Intrnl_Id="1575">
<LocList>
<Loc EndOffset="2268" SrcFileId="7" StartOffset="2015"/>
</LocList>
<CondStmnt CovItemId="S24" CovItemPrefix="com.OriginalFiles.Analyze.java" Intrnl_Id="1576">
<Branch CovItemId="B7" CovItemPrefix="com.OriginalFiles.Analyze.java" Implct="false" Intrnl_Id="1577">
<Cond/>
<LocList>
<Loc EndOffset="2268" SrcFileId="7" StartOffset="2037"/>
</LocList>
<StmntSeq Intrnl_Id="1578">
<LocList>
<Loc EndOffset="2249" SrcFileId="7" StartOffset="2060"/>
</LocList>
<CondStmnt CovItemId="S25" CovItemPrefix="com.OriginalFiles.Analyze.java" Intrnl_Id="1579">
<Branch CovItemId="B9" CovItemPrefix="com.OriginalFiles.Analyze.java" Implct="false" Intrnl_Id="1580">
<Cond/>
<LocList>
<Loc EndOffset="2249" SrcFileId="7" StartOffset="2175"/>
</LocList>
<StmntSeq Intrnl_Id="1581">
<LocList>
<Loc EndOffset="2226" SrcFileId="7" StartOffset="2202"/>
</LocList>
<BasicStmnt CovItemId="S26" CovItemPrefix="com.OriginalFiles.Analyze.java" Intrnl_Id="1582">
<LocList>
<Loc EndOffset="2226" SrcFileId="7" StartOffset="2202"/>
</LocList>
</BasicStmnt>
</StmntSeq>
</Branch>
<Branch CovItemId="B10" CovItemPrefix="com.OriginalFiles.Analyze.java" Implct="true" Intrnl_Id="1583">
<Cond/>
<LocList/>
<StmntSeq Intrnl_Id="1584">
<LocList/>
</StmntSeq>
</Branch>
<Keyword EndOffset="2062" SrcFileId="7" StartOffset="2060"/>
<LocList>
<Loc EndOffset="2249" SrcFileId="7" StartOffset="2060"/>
</LocList>
<RootTerm CovItemId="C5" CovItemPrefix="com.OriginalFiles.Analyze.java" Intrnl_Id="1585">
<OpTerm BooleanOpId="9" Intrnl_Id="1586">
<BasicBoolTerm Intrnl_Id="1587">
<LocList>
<Loc EndOffset="2098" SrcFileId="7" StartOffset="2064"/>
</LocList>
</BasicBoolTerm>
<BasicBoolTerm Intrnl_Id="1588">
<LocList>
<Loc EndOffset="2173" SrcFileId="7" StartOffset="2131"/>
</LocList>
</BasicBoolTerm>
<LocList>
<Loc EndOffset="2130" SrcFileId="7" StartOffset="2128"/>
</LocList>
</OpTerm>
</RootTerm>
</CondStmnt>
</StmntSeq>
</Branch>
<Branch CovItemId="B8" CovItemPrefix="com.OriginalFiles.Analyze.java" Implct="true" Intrnl_Id="1589">
<Cond/>
<LocList/>
<StmntSeq Intrnl_Id="1590">
<LocList/>
</StmntSeq>
</Branch>
<Keyword EndOffset="2017" SrcFileId="7" StartOffset="2015"/>
<LocList>
<Loc EndOffset="2268" SrcFileId="7" StartOffset="2015"/>
</LocList>
<RootTerm CovItemId="C4" CovItemPrefix="com.OriginalFiles.Analyze.java" Intrnl_Id="1591">
<OpTerm BooleanOpId="8" Intrnl_Id="1592">
<BasicBoolTerm Intrnl_Id="1593">
<LocList>
<Loc EndOffset="2035" SrcFileId="7" StartOffset="2020"/>
</LocList>
</BasicBoolTerm>
<LocList>
<Loc EndOffset="2020" SrcFileId="7" StartOffset="2019"/>
</LocList>
</OpTerm>
</RootTerm>
</CondStmnt>
</StmntSeq>
<Keyword EndOffset="1977" SrcFileId="7" StartOffset="1974"/>
<LocList>
<Loc EndOffset="2283" SrcFileId="7" StartOffset="1974"/>
</LocList>
</LoopStmnt>
</StmntSeq>
<Keyword EndOffset="1922" SrcFileId="7" StartOffset="1919"/>
<LocList>
<Loc EndOffset="2294" SrcFileId="7" StartOffset="1919"/>
</LocList>
</LoopStmnt>
<BasicStmnt CovItemId="S27" CovItemPrefix="com.OriginalFiles.Analyze.java" Intrnl_Id="1594">
<LocList>
<Loc EndOffset="2349" SrcFileId="7" StartOffset="2304"/>
</LocList>
</BasicStmnt>
<BasicStmnt CovItemId="S28" CovItemPrefix="com.OriginalFiles.Analyze.java" Intrnl_Id="1595">
<LocList>
<Loc EndOffset="2378" SrcFileId="7" StartOffset="2359"/>
</LocList>
</BasicStmnt>
<BasicStmnt CovItemId="S29" CovItemPrefix="com.OriginalFiles.Analyze.java" Intrnl_Id="1596">
<LocList>
<Loc EndOffset="2405" SrcFileId="7" StartOffset="2388"/>
</LocList>
</BasicStmnt>
<CondStmnt CovItemId="S30" CovItemPrefix="com.OriginalFiles.Analyze.java" Intrnl_Id="1597">
<Branch CovItemId="B11" CovItemPrefix="com.OriginalFiles.Analyze.java" Implct="false" Intrnl_Id="1598">
<Cond/>
<LocList>
<Loc EndOffset="2528" SrcFileId="7" StartOffset="2445"/>
</LocList>
<StmntSeq Intrnl_Id="1599">
<LocList>
<Loc EndOffset="2517" SrcFileId="7" StartOffset="2460"/>
</LocList>
<BasicStmnt CovItemId="S31" CovItemPrefix="com.OriginalFiles.Analyze.java" Intrnl_Id="1600">
<LocList>
<Loc EndOffset="2517" SrcFileId="7" StartOffset="2460"/>
</LocList>
</BasicStmnt>
</StmntSeq>
</Branch>
<Branch CovItemId="B12" CovItemPrefix="com.OriginalFiles.Analyze.java" Implct="true" Intrnl_Id="1601">
<Cond/>
<LocList/>
<StmntSeq Intrnl_Id="1602">
<LocList/>
</StmntSeq>
</Branch>
<Keyword EndOffset="2417" SrcFileId="7" StartOffset="2415"/>
<LocList>
<Loc EndOffset="2528" SrcFileId="7" StartOffset="2415"/>
</LocList>
<RootTerm CovItemId="C6" CovItemPrefix="com.OriginalFiles.Analyze.java" Intrnl_Id="1603">
<BasicBoolTerm Intrnl_Id="1604">
<LocList>
<Loc EndOffset="2443" SrcFileId="7" StartOffset="2419"/>
</LocList>
</BasicBoolTerm>
</RootTerm>
</CondStmnt>
<BasicStmnt CovItemId="S32" CovItemPrefix="com.OriginalFiles.Analyze.java" Intrnl_Id="1605">
<LocList>
<Loc EndOffset="2558" SrcFileId="7" StartOffset="2538"/>
</LocList>
</BasicStmnt>
</StmntSeq>
</HierarchyLvl>
<HierarchyLvl HierarchyLvlId="302" HierarchyLvlTypeId="13" Intrnl_Id="1606" Name="checkMovement">
<Header>
<Loc EndOffset="2738" SrcFileId="7" StartOffset="2604"/>
</Header>
<LocList>
<Loc EndOffset="3167" SrcFileId="7" StartOffset="2604"/>
</LocList>
<StmntSeq Intrnl_Id="1607">
<LocList>
<Loc EndOffset="3137" SrcFileId="7" StartOffset="2750"/>
<Loc EndOffset="3160" SrcFileId="7" StartOffset="3147"/>
</LocList>
<LoopStmnt CovItemId="S33" CovItemPrefix="com.OriginalFiles.Analyze.java" Intrnl_Id="1608" MltplExecId="L3-2" MltplExecPrefix="com.OriginalFiles.Analyze.java" NvrExecId="L3-0" NvrExecPrefix="com.OriginalFiles.Analyze.java" OnceExecutedId="L3-1" OnceExecutedPrefix="com.OriginalFiles.Analyze.java" OptBodyExec="true">
<StmntSeq Intrnl_Id="1609">
<LocList>
<Loc EndOffset="3126" SrcFileId="7" StartOffset="2798"/>
</LocList>
<CondStmnt CovItemId="S34" CovItemPrefix="com.OriginalFiles.Analyze.java" Intrnl_Id="1610">
<Branch CovItemId="B13" CovItemPrefix="com.OriginalFiles.Analyze.java" Implct="false" Intrnl_Id="1611">
<Cond/>
<LocList>
<Loc EndOffset="3126" SrcFileId="7" StartOffset="2855"/>
</LocList>
<StmntSeq Intrnl_Id="1612">
<LocList>
<Loc EndOffset="3008" SrcFileId="7" StartOffset="2874"/>
<Loc EndOffset="3111" SrcFileId="7" StartOffset="3026"/>
</LocList>
<CondStmnt CovItemId="S35" CovItemPrefix="com.OriginalFiles.Analyze.java" Intrnl_Id="1613">
<Branch CovItemId="B15" CovItemPrefix="com.OriginalFiles.Analyze.java" Implct="false" Intrnl_Id="1614">
<Cond/>
<LocList>
<Loc EndOffset="3008" SrcFileId="7" StartOffset="2924"/>
</LocList>
<StmntSeq Intrnl_Id="1615">
<LocList>
<Loc EndOffset="2989" SrcFileId="7" StartOffset="2947"/>
</LocList>
<BasicStmnt CovItemId="S36" CovItemPrefix="com.OriginalFiles.Analyze.java" Intrnl_Id="1616">
<LocList>
<Loc EndOffset="2989" SrcFileId="7" StartOffset="2947"/>
</LocList>
</BasicStmnt>
</StmntSeq>
</Branch>
<Branch CovItemId="B16" CovItemPrefix="com.OriginalFiles.Analyze.java" Implct="true" Intrnl_Id="1617">
<Cond/>
<LocList/>
<StmntSeq Intrnl_Id="1618">
<LocList/>
</StmntSeq>
</Branch>
<Keyword EndOffset="2876" SrcFileId="7" StartOffset="2874"/>
<LocList>
<Loc EndOffset="3008" SrcFileId="7" StartOffset="2874"/>
</LocList>
<RootTerm CovItemId="C8" CovItemPrefix="com.OriginalFiles.Analyze.java" Intrnl_Id="1619">
<OpTerm BooleanOpId="9" Intrnl_Id="1620">
<BasicBoolTerm Intrnl_Id="1621">
<LocList>
<Loc EndOffset="2886" SrcFileId="7" StartOffset="2878"/>
</LocList>
</BasicBoolTerm>
<OpTerm BooleanOpId="8" Intrnl_Id="1622">
<BasicBoolTerm Intrnl_Id="1623">
<LocList>
<Loc EndOffset="2922" SrcFileId="7" StartOffset="2891"/>
</LocList>
</BasicBoolTerm>
<LocList>
<Loc EndOffset="2891" SrcFileId="7" StartOffset="2890"/>
</LocList>
</OpTerm>
<LocList>
<Loc EndOffset="2889" SrcFileId="7" StartOffset="2887"/>
</LocList>
</OpTerm>
</RootTerm>
</CondStmnt>
<CondStmnt CovItemId="S37" CovItemPrefix="com.OriginalFiles.Analyze.java" Intrnl_Id="1624">
<Branch CovItemId="B17" CovItemPrefix="com.OriginalFiles.Analyze.java" Implct="false" Intrnl_Id="1625">
<Cond/>
<LocList>
<Loc EndOffset="3111" SrcFileId="7" StartOffset="3057"/>
</LocList>
<StmntSeq Intrnl_Id="1626">
<LocList>
<Loc EndOffset="3092" SrcFileId="7" StartOffset="3080"/>
</LocList>
<BasicStmnt CovItemId="S38" CovItemPrefix="com.OriginalFiles.Analyze.java" Intrnl_Id="1627">
<LocList>
<Loc EndOffset="3092" SrcFileId="7" StartOffset="3080"/>
</LocList>
</BasicStmnt>
</StmntSeq>
</Branch>
<Branch CovItemId="B18" CovItemPrefix="com.OriginalFiles.Analyze.java" Implct="true" Intrnl_Id="1628">
<Cond/>
<LocList/>
<StmntSeq Intrnl_Id="1629">
<LocList/>
</StmntSeq>
</Branch>
<Keyword EndOffset="3028" SrcFileId="7" StartOffset="3026"/>
<LocList>
<Loc EndOffset="3111" SrcFileId="7" StartOffset="3026"/>
</LocList>
<RootTerm CovItemId="C9" CovItemPrefix="com.OriginalFiles.Analyze.java" Intrnl_Id="1630">
<BasicBoolTerm Intrnl_Id="1631">
<LocList>
<Loc EndOffset="3055" SrcFileId="7" StartOffset="3030"/>
</LocList>
</BasicBoolTerm>
</RootTerm>
</CondStmnt>
</StmntSeq>
</Branch>
<Branch CovItemId="B14" CovItemPrefix="com.OriginalFiles.Analyze.java" Implct="true" Intrnl_Id="1632">
<Cond/>
<LocList/>
<StmntSeq Intrnl_Id="1633">
<LocList/>
</StmntSeq>
</Branch>
<Keyword EndOffset="2800" SrcFileId="7" StartOffset="2798"/>
<LocList>
<Loc EndOffset="3126" SrcFileId="7" StartOffset="2798"/>
</LocList>
<RootTerm CovItemId="C7" CovItemPrefix="com.OriginalFiles.Analyze.java" Intrnl_Id="1634">
<BasicBoolTerm Intrnl_Id="1635">
<LocList>
<Loc EndOffset="2853" SrcFileId="7" StartOffset="2802"/>
</LocList>
</BasicBoolTerm>
</RootTerm>
</CondStmnt>
</StmntSeq>
<Keyword EndOffset="2753" SrcFileId="7" StartOffset="2750"/>
<LocList>
<Loc EndOffset="3137" SrcFileId="7" StartOffset="2750"/>
</LocList>
</LoopStmnt>
<BasicStmnt CovItemId="S39" CovItemPrefix="com.OriginalFiles.Analyze.java" Intrnl_Id="1636">
<LocList>
<Loc EndOffset="3160" SrcFileId="7" StartOffset="3147"/>
</LocList>
</BasicStmnt>
</StmntSeq>
</HierarchyLvl>
<HierarchyLvl HierarchyLvlId="303" HierarchyLvlTypeId="13" Intrnl_Id="1637" Name="countDownToPanic">
<Header>
<Loc EndOffset="3336" SrcFileId="7" StartOffset="3226"/>
</Header>
<LocList>
<Loc EndOffset="3875" SrcFileId="7" StartOffset="3226"/>
</LocList>
<StmntSeq Intrnl_Id="1638">
<LocList>
<Loc EndOffset="3868" SrcFileId="7" StartOffset="3348"/>
</LocList>
<CondStmnt CovItemId="S40" CovItemPrefix="com.OriginalFiles.Analyze.java" Intrnl_Id="1639">
<Branch CovItemId="B19" CovItemPrefix="com.OriginalFiles.Analyze.java" Implct="false" Intrnl_Id="1640">
<Cond/>
<LocList>
<Loc EndOffset="3868" SrcFileId="7" StartOffset="3365"/>
</LocList>
<StmntSeq Intrnl_Id="1641">
<LocList>
<Loc EndOffset="3857" SrcFileId="7" StartOffset="3380"/>
</LocList>
<CondStmnt CovItemId="S41" CovItemPrefix="com.OriginalFiles.Analyze.java" Intrnl_Id="1642">
<Branch CovItemId="B21" CovItemPrefix="com.OriginalFiles.Analyze.java" Implct="false" Intrnl_Id="1643">
<Cond/>
<LocList>
<Loc EndOffset="3555" SrcFileId="7" StartOffset="3414"/>
</LocList>
<StmntSeq Intrnl_Id="1644">
<LocList>
<Loc EndOffset="3460" SrcFileId="7" StartOffset="3433"/>
<Loc EndOffset="3493" SrcFileId="7" StartOffset="3478"/>
<Loc EndOffset="3540" SrcFileId="7" StartOffset="3511"/>
</LocList>
<BasicStmnt CovItemId="S42" CovItemPrefix="com.OriginalFiles.Analyze.java" Intrnl_Id="1645">
<LocList>
<Loc EndOffset="3460" SrcFileId="7" StartOffset="3433"/>
</LocList>
</BasicStmnt>
<BasicStmnt CovItemId="S43" CovItemPrefix="com.OriginalFiles.Analyze.java" Intrnl_Id="1646">
<LocList>
<Loc EndOffset="3493" SrcFileId="7" StartOffset="3478"/>
</LocList>
</BasicStmnt>
<BasicStmnt CovItemId="S44" CovItemPrefix="com.OriginalFiles.Analyze.java" Intrnl_Id="1647">
<LocList>
<Loc EndOffset="3540" SrcFileId="7" StartOffset="3511"/>
</LocList>
</BasicStmnt>
</StmntSeq>
</Branch>
<Branch CovItemId="B22" CovItemPrefix="com.OriginalFiles.Analyze.java" Implct="false" Intrnl_Id="1648">
<Cond>
<Loc EndOffset="3560" SrcFileId="7" StartOffset="3556"/>
</Cond>
<LocList>
<Loc EndOffset="3857" SrcFileId="7" StartOffset="3561"/>
</LocList>
<StmntSeq Intrnl_Id="1649">
<LocList>
<Loc EndOffset="3857" SrcFileId="7" StartOffset="3561"/>
</LocList>
<CondStmnt CovItemId="S45" CovItemPrefix="com.OriginalFiles.Analyze.java" Intrnl_Id="1650">
<Branch CovItemId="B23" CovItemPrefix="com.OriginalFiles.Analyze.java" Implct="false" Intrnl_Id="1651">
<Cond/>
<LocList>
<Loc EndOffset="3784" SrcFileId="7" StartOffset="3595"/>
</LocList>
<StmntSeq Intrnl_Id="1652">
<LocList>
<Loc EndOffset="3644" SrcFileId="7" StartOffset="3614"/>
<Loc EndOffset="3689" SrcFileId="7" StartOffset="3662"/>
<Loc EndOffset="3722" SrcFileId="7" StartOffset="3707"/>
<Loc EndOffset="3769" SrcFileId="7" StartOffset="3740"/>
</LocList>
<BasicStmnt CovItemId="S46" CovItemPrefix="com.OriginalFiles.Analyze.java" Intrnl_Id="1653">
<LocList>
<Loc EndOffset="3644" SrcFileId="7" StartOffset="3614"/>
</LocList>
</BasicStmnt>
<BasicStmnt CovItemId="S47" CovItemPrefix="com.OriginalFiles.Analyze.java" Intrnl_Id="1654">
<LocList>
<Loc EndOffset="3689" SrcFileId="7" StartOffset="3662"/>
</LocList>
</BasicStmnt>
<BasicStmnt CovItemId="S48" CovItemPrefix="com.OriginalFiles.Analyze.java" Intrnl_Id="1655">
<LocList>
<Loc EndOffset="3722" SrcFileId="7" StartOffset="3707"/>
</LocList>
</BasicStmnt>
<BasicStmnt CovItemId="S49" CovItemPrefix="com.OriginalFiles.Analyze.java" Intrnl_Id="1656">
<LocList>
<Loc EndOffset="3769" SrcFileId="7" StartOffset="3740"/>
</LocList>
</BasicStmnt>
</StmntSeq>
</Branch>
<Branch CovItemId="B24" CovItemPrefix="com.OriginalFiles.Analyze.java" Implct="false" Intrnl_Id="1657">
<Cond>
<Loc EndOffset="3789" SrcFileId="7" StartOffset="3785"/>
</Cond>
<LocList>
<Loc EndOffset="3857" SrcFileId="7" StartOffset="3790"/>
</LocList>
<StmntSeq Intrnl_Id="1658">
<LocList>
<Loc EndOffset="3842" SrcFileId="7" StartOffset="3809"/>
</LocList>
<BasicStmnt CovItemId="S50" CovItemPrefix="com.OriginalFiles.Analyze.java" Intrnl_Id="1659">
<LocList>
<Loc EndOffset="3842" SrcFileId="7" StartOffset="3809"/>
</LocList>
</BasicStmnt>
</StmntSeq>
</Branch>
<Keyword EndOffset="3563" SrcFileId="7" StartOffset="3561"/>
<LocList>
<Loc EndOffset="3857" SrcFileId="7" StartOffset="3561"/>
</LocList>
<RootTerm CovItemId="C12" CovItemPrefix="com.OriginalFiles.Analyze.java" Intrnl_Id="1660">
<BasicBoolTerm Intrnl_Id="1661">
<LocList>
<Loc EndOffset="3593" SrcFileId="7" StartOffset="3565"/>
</LocList>
</BasicBoolTerm>
</RootTerm>
</CondStmnt>
</StmntSeq>
</Branch>
<Keyword EndOffset="3382" SrcFileId="7" StartOffset="3380"/>
<LocList>
<Loc EndOffset="3857" SrcFileId="7" StartOffset="3380"/>
</LocList>
<RootTerm CovItemId="C11" CovItemPrefix="com.OriginalFiles.Analyze.java" Intrnl_Id="1662">
<BasicBoolTerm Intrnl_Id="1663">
<LocList>
<Loc EndOffset="3412" SrcFileId="7" StartOffset="3384"/>
</LocList>
</BasicBoolTerm>
</RootTerm>
</CondStmnt>
</StmntSeq>
</Branch>
<Branch CovItemId="B20" CovItemPrefix="com.OriginalFiles.Analyze.java" Implct="true" Intrnl_Id="1664">
<Cond/>
<LocList/>
<StmntSeq Intrnl_Id="1665">
<LocList/>
</StmntSeq>
</Branch>
<Keyword EndOffset="3350" SrcFileId="7" StartOffset="3348"/>
<LocList>
<Loc EndOffset="3868" SrcFileId="7" StartOffset="3348"/>
</LocList>
<RootTerm CovItemId="C10" CovItemPrefix="com.OriginalFiles.Analyze.java" Intrnl_Id="1666">
<OpTerm BooleanOpId="8" Intrnl_Id="1667">
<BasicBoolTerm Intrnl_Id="1668">
<LocList>
<Loc EndOffset="3363" SrcFileId="7" StartOffset="3353"/>
</LocList>
</BasicBoolTerm>
<LocList>
<Loc EndOffset="3353" SrcFileId="7" StartOffset="3352"/>
</LocList>
</OpTerm>
</RootTerm>
</CondStmnt>
</StmntSeq>
</HierarchyLvl>
<HierarchyLvl HierarchyLvlId="304" HierarchyLvlTypeId="13" Intrnl_Id="1669" Name="trackMovement">
<Header>
<Loc EndOffset="4063" SrcFileId="7" StartOffset="3950"/>
</Header>
<LocList>
<Loc EndOffset="4473" SrcFileId="7" StartOffset="3950"/>
</LocList>
<StmntSeq Intrnl_Id="1670">
<LocList>
<Loc EndOffset="4102" SrcFileId="7" StartOffset="4075"/>
<Loc EndOffset="4436" SrcFileId="7" StartOffset="4112"/>
<Loc EndOffset="4466" SrcFileId="7" StartOffset="4448"/>
</LocList>
<BasicStmnt CovItemId="S51" CovItemPrefix="com.OriginalFiles.Analyze.java" Intrnl_Id="1671">
<LocList>
<Loc EndOffset="4102" SrcFileId="7" StartOffset="4075"/>
</LocList>
</BasicStmnt>
<CondStmnt CovItemId="S52" CovItemPrefix="com.OriginalFiles.Analyze.java" Intrnl_Id="1672">
<Branch CovItemId="B25" CovItemPrefix="com.OriginalFiles.Analyze.java" Implct="false" Intrnl_Id="1673">
<Cond/>
<LocList>
<Loc EndOffset="4360" SrcFileId="7" StartOffset="4149"/>
</LocList>
<StmntSeq Intrnl_Id="1674">
<LocList>
<Loc EndOffset="4242" SrcFileId="7" StartOffset="4164"/>
<Loc EndOffset="4349" SrcFileId="7" StartOffset="4256"/>
</LocList>
<CondStmnt CovItemId="S53" CovItemPrefix="com.OriginalFiles.Analyze.java" Intrnl_Id="1675">
<Branch CovItemId="B27" CovItemPrefix="com.OriginalFiles.Analyze.java" Implct="false" Intrnl_Id="1676">
<Cond/>
<LocList>
<Loc EndOffset="4242" SrcFileId="7" StartOffset="4190"/>
</LocList>
<StmntSeq Intrnl_Id="1677">
<LocList>
<Loc EndOffset="4227" SrcFileId="7" StartOffset="4209"/>
</LocList>
<BasicStmnt CovItemId="S54" CovItemPrefix="com.OriginalFiles.Analyze.java" Intrnl_Id="1678">
<LocList>
<Loc EndOffset="4227" SrcFileId="7" StartOffset="4209"/>
</LocList>
</BasicStmnt>
</StmntSeq>
</Branch>
<Branch CovItemId="B28" CovItemPrefix="com.OriginalFiles.Analyze.java" Implct="true" Intrnl_Id="1679">
<Cond/>
<LocList/>
<StmntSeq Intrnl_Id="1680">
<LocList/>
</StmntSeq>
</Branch>
<Keyword EndOffset="4166" SrcFileId="7" StartOffset="4164"/>
<LocList>
<Loc EndOffset="4242" SrcFileId="7" StartOffset="4164"/>
</LocList>
<RootTerm CovItemId="C14" CovItemPrefix="com.OriginalFiles.Analyze.java" Intrnl_Id="1681">
<BasicBoolTerm Intrnl_Id="1682">
<LocList>
<Loc EndOffset="4188" SrcFileId="7" StartOffset="4168"/>
</LocList>
</BasicBoolTerm>
</RootTerm>
</CondStmnt>
<CondStmnt CovItemId="S55" CovItemPrefix="com.OriginalFiles.Analyze.java" Intrnl_Id="1683">
<Branch CovItemId="B29" CovItemPrefix="com.OriginalFiles.Analyze.java" Implct="false" Intrnl_Id="1684">
<Cond/>
<LocList>
<Loc EndOffset="4349" SrcFileId="7" StartOffset="4273"/>
</LocList>
<StmntSeq Intrnl_Id="1685">
<LocList>
<Loc EndOffset="4334" SrcFileId="7" StartOffset="4292"/>
</LocList>
<BasicStmnt CovItemId="S56" CovItemPrefix="com.OriginalFiles.Analyze.java" Intrnl_Id="1686">
<LocList>
<Loc EndOffset="4334" SrcFileId="7" StartOffset="4292"/>
</LocList>
</BasicStmnt>
</StmntSeq>
</Branch>
<Branch CovItemId="B30" CovItemPrefix="com.OriginalFiles.Analyze.java" Implct="true" Intrnl_Id="1687">
<Cond/>
<LocList/>
<StmntSeq Intrnl_Id="1688">
<LocList/>
</StmntSeq>
</Branch>
<Keyword EndOffset="4258" SrcFileId="7" StartOffset="4256"/>
<LocList>
<Loc EndOffset="4349" SrcFileId="7" StartOffset="4256"/>
</LocList>
<RootTerm CovItemId="C15" CovItemPrefix="com.OriginalFiles.Analyze.java" Intrnl_Id="1689">
<OpTerm BooleanOpId="8" Intrnl_Id="1690">
<BasicBoolTerm Intrnl_Id="1691">
<LocList>
<Loc EndOffset="4271" SrcFileId="7" StartOffset="4261"/>
</LocList>
</BasicBoolTerm>
<LocList>
<Loc EndOffset="4261" SrcFileId="7" StartOffset="4260"/>
</LocList>
</OpTerm>
</RootTerm>
</CondStmnt>
</StmntSeq>
</Branch>
<Branch CovItemId="B26" CovItemPrefix="com.OriginalFiles.Analyze.java" Implct="false" Intrnl_Id="1692">
<Cond>
<Loc EndOffset="4365" SrcFileId="7" StartOffset="4361"/>
</Cond>
<LocList>
<Loc EndOffset="4436" SrcFileId="7" StartOffset="4366"/>
</LocList>
<StmntSeq Intrnl_Id="1693">
<LocList>
<Loc EndOffset="4436" SrcFileId="7" StartOffset="4366"/>
</LocList>
<CondStmnt CovItemId="S57" CovItemPrefix="com.OriginalFiles.Analyze.java" Intrnl_Id="1694">
<Branch CovItemId="B31" CovItemPrefix="com.OriginalFiles.Analyze.java" Implct="false" Intrnl_Id="1695">
<Cond/>
<LocList>
<Loc EndOffset="4436" SrcFileId="7" StartOffset="4392"/>
</LocList>
<StmntSeq Intrnl_Id="1696">
<LocList>
<Loc EndOffset="4425" SrcFileId="7" StartOffset="4407"/>
</LocList>
<BasicStmnt CovItemId="S58" CovItemPrefix="com.OriginalFiles.Analyze.java" Intrnl_Id="1697">
<LocList>
<Loc EndOffset="4425" SrcFileId="7" StartOffset="4407"/>
</LocList>
</BasicStmnt>
</StmntSeq>
</Branch>
<Branch CovItemId="B32" CovItemPrefix="com.OriginalFiles.Analyze.java" Implct="true" Intrnl_Id="1698">
<Cond/>
<LocList/>
<StmntSeq Intrnl_Id="1699">
<LocList/>
</StmntSeq>
</Branch>
<Keyword EndOffset="4368" SrcFileId="7" StartOffset="4366"/>
<LocList>
<Loc EndOffset="4436" SrcFileId="7" StartOffset="4366"/>
</LocList>
<RootTerm CovItemId="C16" CovItemPrefix="com.OriginalFiles.Analyze.java" Intrnl_Id="1700">
<BasicBoolTerm Intrnl_Id="1701">
<LocList>
<Loc EndOffset="4390" SrcFileId="7" StartOffset="4370"/>
</LocList>
</BasicBoolTerm>
</RootTerm>
</CondStmnt>
</StmntSeq>
</Branch>
<Keyword EndOffset="4114" SrcFileId="7" StartOffset="4112"/>
<LocList>
<Loc EndOffset="4436" SrcFileId="7" StartOffset="4112"/>
</LocList>
<RootTerm CovItemId="C13" CovItemPrefix="com.OriginalFiles.Analyze.java" Intrnl_Id="1702">
<BasicBoolTerm Intrnl_Id="1703">
<LocList>
<Loc EndOffset="4147" SrcFileId="7" StartOffset="4116"/>
</LocList>
</BasicBoolTerm>
</RootTerm>
</CondStmnt>
<BasicStmnt CovItemId="S59" CovItemPrefix="com.OriginalFiles.Analyze.java" Intrnl_Id="1704">
<LocList>
<Loc EndOffset="4466" SrcFileId="7" StartOffset="4448"/>
</LocList>
</BasicStmnt>
</StmntSeq>
</HierarchyLvl>
<HierarchyLvl HierarchyLvlId="305" HierarchyLvlTypeId="13" Intrnl_Id="1705" Name="checkMove">
<Header>
<Loc EndOffset="4619" SrcFileId="7" StartOffset="4510"/>
</Header>
<LocList>
<Loc EndOffset="6780" SrcFileId="7" StartOffset="4510"/>
</LocList>
<StmntSeq Intrnl_Id="1706">
<LocList>
<Loc EndOffset="6750" SrcFileId="7" StartOffset="4676"/>
<Loc EndOffset="6773" SrcFileId="7" StartOffset="6760"/>
</LocList>
<CondStmnt CovItemId="S60" CovItemPrefix="com.OriginalFiles.Analyze.java" Intrnl_Id="1707">
<Branch CovItemId="B33" CovItemPrefix="com.OriginalFiles.Analyze.java" Implct="false" Intrnl_Id="1708">
<Cond/>
<LocList>
<Loc EndOffset="5161" SrcFileId="7" StartOffset="4733"/>
</LocList>
<StmntSeq Intrnl_Id="1709">
<LocList>
<Loc EndOffset="5110" SrcFileId="7" StartOffset="4752"/>
</LocList>
<CondStmnt CovItemId="S61" CovItemPrefix="com.OriginalFiles.Analyze.java" Intrnl_Id="1710">
<Branch CovItemId="B35" CovItemPrefix="com.OriginalFiles.Analyze.java" Implct="false" Intrnl_Id="1711">
<Cond/>
<LocList>
<Loc EndOffset="5049" SrcFileId="7" StartOffset="4858"/>
</LocList>
<StmntSeq Intrnl_Id="1712">
<LocList>
<Loc EndOffset="4996" SrcFileId="7" StartOffset="4881"/>
<Loc EndOffset="5030" SrcFileId="7" StartOffset="5018"/>
</LocList>
<BasicStmnt CovItemId="S62" CovItemPrefix="com.OriginalFiles.Analyze.java" Intrnl_Id="1713">
<LocList>
<Loc EndOffset="4996" SrcFileId="7" StartOffset="4881"/>
</LocList>
</BasicStmnt>
<BasicStmnt CovItemId="S63" CovItemPrefix="com.OriginalFiles.Analyze.java" Intrnl_Id="1714">
<LocList>
<Loc EndOffset="5030" SrcFileId="7" StartOffset="5018"/>
</LocList>
</BasicStmnt>
</StmntSeq>
</Branch>
<Branch CovItemId="B36" CovItemPrefix="com.OriginalFiles.Analyze.java" Implct="false" Intrnl_Id="1715">
<Cond>
<Loc EndOffset="5054" SrcFileId="7" StartOffset="5050"/>
</Cond>
<LocList>
<Loc EndOffset="5110" SrcFileId="7" StartOffset="5055"/>
</LocList>
<StmntSeq Intrnl_Id="1716">
<LocList>
<Loc EndOffset="5091" SrcFileId="7" StartOffset="5078"/>
</LocList>
<BasicStmnt CovItemId="S64" CovItemPrefix="com.OriginalFiles.Analyze.java" Intrnl_Id="1717">
<LocList>
<Loc EndOffset="5091" SrcFileId="7" StartOffset="5078"/>
</LocList>
</BasicStmnt>
</StmntSeq>
</Branch>
<Keyword EndOffset="4754" SrcFileId="7" StartOffset="4752"/>
<LocList>
<Loc EndOffset="5110" SrcFileId="7" StartOffset="4752"/>
</LocList>
<RootTerm CovItemId="C18" CovItemPrefix="com.OriginalFiles.Analyze.java" Intrnl_Id="1718">
<BasicBoolTerm Intrnl_Id="1719">
<LocList>
<Loc EndOffset="4856" SrcFileId="7" StartOffset="4756"/>
</LocList>
</BasicBoolTerm>
</RootTerm>
</CondStmnt>
</StmntSeq>
</Branch>
<Branch CovItemId="B34" CovItemPrefix="com.OriginalFiles.Analyze.java" Implct="false" Intrnl_Id="1720">
<Cond>
<Loc EndOffset="5166" SrcFileId="7" StartOffset="5162"/>
</Cond>
<LocList>
<Loc EndOffset="6750" SrcFileId="7" StartOffset="5167"/>
</LocList>
<StmntSeq Intrnl_Id="1721">
<LocList>
<Loc EndOffset="6750" SrcFileId="7" StartOffset="5167"/>
</LocList>
<CondStmnt CovItemId="S65" CovItemPrefix="com.OriginalFiles.Analyze.java" Intrnl_Id="1722">
<Branch CovItemId="B37" CovItemPrefix="com.OriginalFiles.Analyze.java" Implct="false" Intrnl_Id="1723">
<Cond/>
<LocList>
<Loc EndOffset="5666" SrcFileId="7" StartOffset="5225"/>
</LocList>
<StmntSeq Intrnl_Id="1724">
<LocList>
<Loc EndOffset="5602" SrcFileId="7" StartOffset="5244"/>
</LocList>
<CondStmnt CovItemId="S66" CovItemPrefix="com.OriginalFiles.Analyze.java" Intrnl_Id="1725">
<Branch CovItemId="B39" CovItemPrefix="com.OriginalFiles.Analyze.java" Implct="false" Intrnl_Id="1726">
<Cond/>
<LocList>
<Loc EndOffset="5541" SrcFileId="7" StartOffset="5350"/>
</LocList>
<StmntSeq Intrnl_Id="1727">
<LocList>
<Loc EndOffset="5488" SrcFileId="7" StartOffset="5373"/>
<Loc EndOffset="5522" SrcFileId="7" StartOffset="5510"/>
</LocList>
<BasicStmnt CovItemId="S67" CovItemPrefix="com.OriginalFiles.Analyze.java" Intrnl_Id="1728">
<LocList>
<Loc EndOffset="5488" SrcFileId="7" StartOffset="5373"/>
</LocList>
</BasicStmnt>
<BasicStmnt CovItemId="S68" CovItemPrefix="com.OriginalFiles.Analyze.java" Intrnl_Id="1729">
<LocList>
<Loc EndOffset="5522" SrcFileId="7" StartOffset="5510"/>
</LocList>
</BasicStmnt>
</StmntSeq>
</Branch>
<Branch CovItemId="B40" CovItemPrefix="com.OriginalFiles.Analyze.java" Implct="false" Intrnl_Id="1730">
<Cond>
<Loc EndOffset="5546" SrcFileId="7" StartOffset="5542"/>
</Cond>
<LocList>
<Loc EndOffset="5602" SrcFileId="7" StartOffset="5547"/>
</LocList>
<StmntSeq Intrnl_Id="1731">
<LocList>
<Loc EndOffset="5583" SrcFileId="7" StartOffset="5570"/>
</LocList>
<BasicStmnt CovItemId="S69" CovItemPrefix="com.OriginalFiles.Analyze.java" Intrnl_Id="1732">
<LocList>
<Loc EndOffset="5583" SrcFileId="7" StartOffset="5570"/>
</LocList>
</BasicStmnt>
</StmntSeq>
</Branch>
<Keyword EndOffset="5246" SrcFileId="7" StartOffset="5244"/>
<LocList>
<Loc EndOffset="5602" SrcFileId="7" StartOffset="5244"/>
</LocList>
<RootTerm CovItemId="C20" CovItemPrefix="com.OriginalFiles.Analyze.java" Intrnl_Id="1733">
<BasicBoolTerm Intrnl_Id="1734">
<LocList>
<Loc EndOffset="5348" SrcFileId="7" StartOffset="5248"/>
</LocList>
</BasicBoolTerm>
</RootTerm>
</CondStmnt>
</StmntSeq>
</Branch>
<Branch CovItemId="B38" CovItemPrefix="com.OriginalFiles.Analyze.java" Implct="false" Intrnl_Id="1735">
<Cond>
<Loc EndOffset="5671" SrcFileId="7" StartOffset="5667"/>
</Cond>
<LocList>
<Loc EndOffset="6750" SrcFileId="7" StartOffset="5672"/>
</LocList>
<StmntSeq Intrnl_Id="1736">
<LocList>
<Loc EndOffset="6750" SrcFileId="7" StartOffset="5672"/>
</LocList>
<CondStmnt CovItemId="S70" CovItemPrefix="com.OriginalFiles.Analyze.java" Intrnl_Id="1737">
<Branch CovItemId="B41" CovItemPrefix="com.OriginalFiles.Analyze.java" Implct="false" Intrnl_Id="1738">
<Cond/>
<LocList>
<Loc EndOffset="6750" SrcFileId="7" StartOffset="5711"/>
</LocList>
<StmntSeq Intrnl_Id="1739">
<LocList>
<Loc EndOffset="6735" SrcFileId="7" StartOffset="5730"/>
</LocList>
<CondStmnt CovItemId="S71" CovItemPrefix="com.OriginalFiles.Analyze.java" Intrnl_Id="1740">
<Branch CovItemId="B43" CovItemPrefix="com.OriginalFiles.Analyze.java" Implct="false" Intrnl_Id="1741">
<Cond/>
<LocList>
<Loc EndOffset="6216" SrcFileId="7" StartOffset="5788"/>
</LocList>
<StmntSeq Intrnl_Id="1742">
<LocList>
<Loc EndOffset="6197" SrcFileId="7" StartOffset="5811"/>
</LocList>
<CondStmnt CovItemId="S72" CovItemPrefix="com.OriginalFiles.Analyze.java" Intrnl_Id="1743">
<Branch CovItemId="B45" CovItemPrefix="com.OriginalFiles.Analyze.java" Implct="false" Intrnl_Id="1744">
<Cond/>
<LocList>
<Loc EndOffset="6128" SrcFileId="7" StartOffset="5921"/>
</LocList>
<StmntSeq Intrnl_Id="1745">
<LocList>
<Loc EndOffset="6067" SrcFileId="7" StartOffset="5948"/>
<Loc EndOffset="6105" SrcFileId="7" StartOffset="6093"/>
</LocList>
<BasicStmnt CovItemId="S73" CovItemPrefix="com.OriginalFiles.Analyze.java" Intrnl_Id="1746">
<LocList>
<Loc EndOffset="6067" SrcFileId="7" StartOffset="5948"/>
</LocList>
</BasicStmnt>
<BasicStmnt CovItemId="S74" CovItemPrefix="com.OriginalFiles.Analyze.java" Intrnl_Id="1747">
<LocList>
<Loc EndOffset="6105" SrcFileId="7" StartOffset="6093"/>
</LocList>
</BasicStmnt>
</StmntSeq>
</Branch>
<Branch CovItemId="B46" CovItemPrefix="com.OriginalFiles.Analyze.java" Implct="false" Intrnl_Id="1748">
<Cond>
<Loc EndOffset="6133" SrcFileId="7" StartOffset="6129"/>
</Cond>
<LocList>
<Loc EndOffset="6197" SrcFileId="7" StartOffset="6134"/>
</LocList>
<StmntSeq Intrnl_Id="1749">
<LocList>
<Loc EndOffset="6174" SrcFileId="7" StartOffset="6161"/>
</LocList>
<BasicStmnt CovItemId="S75" CovItemPrefix="com.OriginalFiles.Analyze.java" Intrnl_Id="1750">
<LocList>
<Loc EndOffset="6174" SrcFileId="7" StartOffset="6161"/>
</LocList>
</BasicStmnt>
</StmntSeq>
</Branch>
<Keyword EndOffset="5813" SrcFileId="7" StartOffset="5811"/>
<LocList>
<Loc EndOffset="6197" SrcFileId="7" StartOffset="5811"/>
</LocList>
<RootTerm CovItemId="C23" CovItemPrefix="com.OriginalFiles.Analyze.java" Intrnl_Id="1751">
<BasicBoolTerm Intrnl_Id="1752">
<LocList>
<Loc EndOffset="5919" SrcFileId="7" StartOffset="5815"/>
</LocList>
</BasicBoolTerm>
</RootTerm>
</CondStmnt>
</StmntSeq>
</Branch>
<Branch CovItemId="B44" CovItemPrefix="com.OriginalFiles.Analyze.java" Implct="false" Intrnl_Id="1753">
<Cond>
<Loc EndOffset="6221" SrcFileId="7" StartOffset="6217"/>
</Cond>
<LocList>
<Loc EndOffset="6735" SrcFileId="7" StartOffset="6222"/>
</LocList>
<StmntSeq Intrnl_Id="1754">
<LocList>
<Loc EndOffset="6735" SrcFileId="7" StartOffset="6222"/>
</LocList>
<CondStmnt CovItemId="S76" CovItemPrefix="com.OriginalFiles.Analyze.java" Intrnl_Id="1755">
<Branch CovItemId="B47" CovItemPrefix="com.OriginalFiles.Analyze.java" Implct="false" Intrnl_Id="1756">
<Cond/>
<LocList>
<Loc EndOffset="6735" SrcFileId="7" StartOffset="6307"/>
</LocList>
<StmntSeq Intrnl_Id="1757">
<LocList>
<Loc EndOffset="6716" SrcFileId="7" StartOffset="6330"/>
</LocList>
<CondStmnt CovItemId="S77" CovItemPrefix="com.OriginalFiles.Analyze.java" Intrnl_Id="1758">
<Branch CovItemId="B49" CovItemPrefix="com.OriginalFiles.Analyze.java" Implct="false" Intrnl_Id="1759">
<Cond/>
<LocList>
<Loc EndOffset="6647" SrcFileId="7" StartOffset="6440"/>
</LocList>
<StmntSeq Intrnl_Id="1760">
<LocList>
<Loc EndOffset="6586" SrcFileId="7" StartOffset="6467"/>
<Loc EndOffset="6624" SrcFileId="7" StartOffset="6612"/>
</LocList>
<BasicStmnt CovItemId="S78" CovItemPrefix="com.OriginalFiles.Analyze.java" Intrnl_Id="1761">
<LocList>
<Loc EndOffset="6586" SrcFileId="7" StartOffset="6467"/>
</LocList>
</BasicStmnt>
<BasicStmnt CovItemId="S79" CovItemPrefix="com.OriginalFiles.Analyze.java" Intrnl_Id="1762">
<LocList>
<Loc EndOffset="6624" SrcFileId="7" StartOffset="6612"/>
</LocList>
</BasicStmnt>
</StmntSeq>
</Branch>
<Branch CovItemId="B50" CovItemPrefix="com.OriginalFiles.Analyze.java" Implct="false" Intrnl_Id="1763">
<Cond>
<Loc EndOffset="6652" SrcFileId="7" StartOffset="6648"/>
</Cond>
<LocList>
<Loc EndOffset="6716" SrcFileId="7" StartOffset="6653"/>
</LocList>
<StmntSeq Intrnl_Id="1764">
<LocList>
<Loc EndOffset="6693" SrcFileId="7" StartOffset="6680"/>
</LocList>
<BasicStmnt CovItemId="S80" CovItemPrefix="com.OriginalFiles.Analyze.java" Intrnl_Id="1765">
<LocList>
<Loc EndOffset="6693" SrcFileId="7" StartOffset="6680"/>
</LocList>
</BasicStmnt>
</StmntSeq>
</Branch>
<Keyword EndOffset="6332" SrcFileId="7" StartOffset="6330"/>
<LocList>
<Loc EndOffset="6716" SrcFileId="7" StartOffset="6330"/>
</LocList>
<RootTerm CovItemId="C25" CovItemPrefix="com.OriginalFiles.Analyze.java" Intrnl_Id="1766">
<BasicBoolTerm Intrnl_Id="1767">
<LocList>
<Loc EndOffset="6438" SrcFileId="7" StartOffset="6334"/>
</LocList>
</BasicBoolTerm>
</RootTerm>
</CondStmnt>
</StmntSeq>
</Branch>
<Branch CovItemId="B48" CovItemPrefix="com.OriginalFiles.Analyze.java" Implct="true" Intrnl_Id="1768">
<Cond/>
<LocList/>
<StmntSeq Intrnl_Id="1769">
<LocList/>
</StmntSeq>
</Branch>
<Keyword EndOffset="6224" SrcFileId="7" StartOffset="6222"/>
<LocList>
<Loc EndOffset="6735" SrcFileId="7" StartOffset="6222"/>
</LocList>
<RootTerm CovItemId="C24" CovItemPrefix="com.OriginalFiles.Analyze.java" Intrnl_Id="1770">
<BasicBoolTerm Intrnl_Id="1771">
<LocList>
<Loc EndOffset="6305" SrcFileId="7" StartOffset="6226"/>
</LocList>
</BasicBoolTerm>
</RootTerm>
</CondStmnt>
</StmntSeq>
</Branch>
<Keyword EndOffset="5732" SrcFileId="7" StartOffset="5730"/>
<LocList>
<Loc EndOffset="6735" SrcFileId="7" StartOffset="5730"/>
</LocList>
<RootTerm CovItemId="C22" CovItemPrefix="com.OriginalFiles.Analyze.java" Intrnl_Id="1772">
<BasicBoolTerm Intrnl_Id="1773">
<LocList>
<Loc EndOffset="5786" SrcFileId="7" StartOffset="5734"/>
</LocList>
</BasicBoolTerm>
</RootTerm>
</CondStmnt>
</StmntSeq>
</Branch>
<Branch CovItemId="B42" CovItemPrefix="com.OriginalFiles.Analyze.java" Implct="true" Intrnl_Id="1774">
<Cond/>
<LocList/>
<StmntSeq Intrnl_Id="1775">
<LocList/>
</StmntSeq>
</Branch>
<Keyword EndOffset="5674" SrcFileId="7" StartOffset="5672"/>
<LocList>
<Loc EndOffset="6750" SrcFileId="7" StartOffset="5672"/>
</LocList>
<RootTerm CovItemId="C21" CovItemPrefix="com.OriginalFiles.Analyze.java" Intrnl_Id="1776">
<BasicBoolTerm Intrnl_Id="1777">
<LocList>
<Loc EndOffset="5709" SrcFileId="7" StartOffset="5676"/>
</LocList>
</BasicBoolTerm>
</RootTerm>
</CondStmnt>
</StmntSeq>
</Branch>
<Keyword EndOffset="5169" SrcFileId="7" StartOffset="5167"/>
<LocList>
<Loc EndOffset="6750" SrcFileId="7" StartOffset="5167"/>
</LocList>
<RootTerm CovItemId="C19" CovItemPrefix="com.OriginalFiles.Analyze.java" Intrnl_Id="1778">
<BasicBoolTerm Intrnl_Id="1779">
<LocList>
<Loc EndOffset="5223" SrcFileId="7" StartOffset="5171"/>
</LocList>
</BasicBoolTerm>
</RootTerm>
</CondStmnt>
</StmntSeq>
</Branch>
<Keyword EndOffset="4678" SrcFileId="7" StartOffset="4676"/>
<LocList>
<Loc EndOffset="6750" SrcFileId="7" StartOffset="4676"/>
</LocList>
<RootTerm CovItemId="C17" CovItemPrefix="com.OriginalFiles.Analyze.java" Intrnl_Id="1780">
<BasicBoolTerm Intrnl_Id="1781">
<LocList>
<Loc EndOffset="4731" SrcFileId="7" StartOffset="4680"/>
</LocList>
</BasicBoolTerm>
</RootTerm>
</CondStmnt>
<BasicStmnt CovItemId="S81" CovItemPrefix="com.OriginalFiles.Analyze.java" Intrnl_Id="1782">
<LocList>
<Loc EndOffset="6773" SrcFileId="7" StartOffset="6760"/>
</LocList>
</BasicStmnt>
</StmntSeq>
</HierarchyLvl>
<HierarchyLvl HierarchyLvlId="306" HierarchyLvlTypeId="13" Intrnl_Id="1783" Name="validateMove">
<Header>
<Loc EndOffset="6953" SrcFileId="7" StartOffset="6849"/>
</Header>
<LocList>
<Loc EndOffset="8108" SrcFileId="7" StartOffset="6849"/>
</LocList>
<StmntSeq Intrnl_Id="1784">
<LocList>
<Loc EndOffset="7015" SrcFileId="7" StartOffset="6967"/>
<Loc EndOffset="7172" SrcFileId="7" StartOffset="7025"/>
<Loc EndOffset="7329" SrcFileId="7" StartOffset="7182"/>
<Loc EndOffset="7486" SrcFileId="7" StartOffset="7339"/>
<Loc EndOffset="7643" SrcFileId="7" StartOffset="7496"/>
<Loc EndOffset="7680" SrcFileId="7" StartOffset="7653"/>
<Loc EndOffset="8072" SrcFileId="7" StartOffset="7690"/>
<Loc EndOffset="8101" SrcFileId="7" StartOffset="8082"/>
</LocList>
<BasicStmnt CovItemId="S82" CovItemPrefix="com.OriginalFiles.Analyze.java" Intrnl_Id="1785">
<LocList>
<Loc EndOffset="7015" SrcFileId="7" StartOffset="6967"/>
</LocList>
</BasicStmnt>
<CondStmnt CovItemId="S83" CovItemPrefix="com.OriginalFiles.Analyze.java" Intrnl_Id="1786">
<Branch CovItemId="B51" CovItemPrefix="com.OriginalFiles.Analyze.java" Implct="false" Intrnl_Id="1787">
<Cond/>
<LocList>
<Loc EndOffset="7172" SrcFileId="7" StartOffset="7082"/>
</LocList>
<StmntSeq Intrnl_Id="1788">
<LocList>
<Loc EndOffset="7161" SrcFileId="7" StartOffset="7097"/>
</LocList>
<BasicStmnt CovItemId="S84" CovItemPrefix="com.OriginalFiles.Analyze.java" Intrnl_Id="1789">
<LocList>
<Loc EndOffset="7161" SrcFileId="7" StartOffset="7097"/>
</LocList>
</BasicStmnt>
</StmntSeq>
</Branch>
<Branch CovItemId="B52" CovItemPrefix="com.OriginalFiles.Analyze.java" Implct="true" Intrnl_Id="1790">
<Cond/>
<LocList/>
<StmntSeq Intrnl_Id="1791">
<LocList/>
</StmntSeq>
</Branch>
<Keyword EndOffset="7027" SrcFileId="7" StartOffset="7025"/>
<LocList>
<Loc EndOffset="7172" SrcFileId="7" StartOffset="7025"/>
</LocList>
<RootTerm CovItemId="C26" CovItemPrefix="com.OriginalFiles.Analyze.java" Intrnl_Id="1792">
<BasicBoolTerm Intrnl_Id="1793">
<LocList>
<Loc EndOffset="7080" SrcFileId="7" StartOffset="7029"/>
</LocList>
</BasicBoolTerm>
</RootTerm>
</CondStmnt>
<CondStmnt CovItemId="S85" CovItemPrefix="com.OriginalFiles.Analyze.java" Intrnl_Id="1794">
<Branch CovItemId="B53" CovItemPrefix="com.OriginalFiles.Analyze.java" Implct="false" Intrnl_Id="1795">
<Cond/>
<LocList>
<Loc EndOffset="7329" SrcFileId="7" StartOffset="7239"/>
</LocList>
<StmntSeq Intrnl_Id="1796">
<LocList>
<Loc EndOffset="7318" SrcFileId="7" StartOffset="7254"/>
</LocList>
<BasicStmnt CovItemId="S86" CovItemPrefix="com.OriginalFiles.Analyze.java" Intrnl_Id="1797">
<LocList>
<Loc EndOffset="7318" SrcFileId="7" StartOffset="7254"/>
</LocList>
</BasicStmnt>
</StmntSeq>
</Branch>
<Branch CovItemId="B54" CovItemPrefix="com.OriginalFiles.Analyze.java" Implct="true" Intrnl_Id="1798">
<Cond/>
<LocList/>
<StmntSeq Intrnl_Id="1799">
<LocList/>
</StmntSeq>
</Branch>
<Keyword EndOffset="7184" SrcFileId="7" StartOffset="7182"/>
<LocList>
<Loc EndOffset="7329" SrcFileId="7" StartOffset="7182"/>
</LocList>
<RootTerm CovItemId="C27" CovItemPrefix="com.OriginalFiles.Analyze.java" Intrnl_Id="1800">
<BasicBoolTerm Intrnl_Id="1801">
<LocList>
<Loc EndOffset="7237" SrcFileId="7" StartOffset="7186"/>
</LocList>
</BasicBoolTerm>
</RootTerm>
</CondStmnt>
<CondStmnt CovItemId="S87" CovItemPrefix="com.OriginalFiles.Analyze.java" Intrnl_Id="1802">
<Branch CovItemId="B55" CovItemPrefix="com.OriginalFiles.Analyze.java" Implct="false" Intrnl_Id="1803">
<Cond/>
<LocList>
<Loc EndOffset="7486" SrcFileId="7" StartOffset="7396"/>
</LocList>
<StmntSeq Intrnl_Id="1804">
<LocList>
<Loc EndOffset="7475" SrcFileId="7" StartOffset="7411"/>
</LocList>
<BasicStmnt CovItemId="S88" CovItemPrefix="com.OriginalFiles.Analyze.java" Intrnl_Id="1805">
<LocList>
<Loc EndOffset="7475" SrcFileId="7" StartOffset="7411"/>
</LocList>
</BasicStmnt>
</StmntSeq>
</Branch>
<Branch CovItemId="B56" CovItemPrefix="com.OriginalFiles.Analyze.java" Implct="true" Intrnl_Id="1806">
<Cond/>
<LocList/>
<StmntSeq Intrnl_Id="1807">
<LocList/>
</StmntSeq>
</Branch>
<Keyword EndOffset="7341" SrcFileId="7" StartOffset="7339"/>
<LocList>
<Loc EndOffset="7486" SrcFileId="7" StartOffset="7339"/>
</LocList>
<RootTerm CovItemId="C28" CovItemPrefix="com.OriginalFiles.Analyze.java" Intrnl_Id="1808">
<BasicBoolTerm Intrnl_Id="1809">
<LocList>
<Loc EndOffset="7394" SrcFileId="7" StartOffset="7343"/>
</LocList>
</BasicBoolTerm>
</RootTerm>
</CondStmnt>
<CondStmnt CovItemId="S89" CovItemPrefix="com.OriginalFiles.Analyze.java" Intrnl_Id="1810">
<Branch CovItemId="B57" CovItemPrefix="com.OriginalFiles.Analyze.java" Implct="false" Intrnl_Id="1811">
<Cond/>
<LocList>
<Loc EndOffset="7643" SrcFileId="7" StartOffset="7553"/>
</LocList>
<StmntSeq Intrnl_Id="1812">
<LocList>
<Loc EndOffset="7632" SrcFileId="7" StartOffset="7568"/>
</LocList>
<BasicStmnt CovItemId="S90" CovItemPrefix="com.OriginalFiles.Analyze.java" Intrnl_Id="1813">
<LocList>
<Loc EndOffset="7632" SrcFileId="7" StartOffset="7568"/>
</LocList>
</BasicStmnt>
</StmntSeq>
</Branch>
<Branch CovItemId="B58" CovItemPrefix="com.OriginalFiles.Analyze.java" Implct="true" Intrnl_Id="1814">
<Cond/>
<LocList/>
<StmntSeq Intrnl_Id="1815">
<LocList/>
</StmntSeq>
</Branch>
<Keyword EndOffset="7498" SrcFileId="7" StartOffset="7496"/>
<LocList>
<Loc EndOffset="7643" SrcFileId="7" StartOffset="7496"/>
</LocList>
<RootTerm CovItemId="C29" CovItemPrefix="com.OriginalFiles.Analyze.java" Intrnl_Id="1816">
<BasicBoolTerm Intrnl_Id="1817">
<LocList>
<Loc EndOffset="7551" SrcFileId="7" StartOffset="7500"/>
</LocList>
</BasicBoolTerm>
</RootTerm>
</CondStmnt>
<BasicStmnt CovItemId="S91" CovItemPrefix="com.OriginalFiles.Analyze.java" Intrnl_Id="1818">
<LocList>
<Loc EndOffset="7680" SrcFileId="7" StartOffset="7653"/>
</LocList>
</BasicStmnt>
<LoopStmnt CovItemId="S92" CovItemPrefix="com.OriginalFiles.Analyze.java" Intrnl_Id="1819" MltplExecId="L4-2" MltplExecPrefix="com.OriginalFiles.Analyze.java" NvrExecId="L4-0" NvrExecPrefix="com.OriginalFiles.Analyze.java" OnceExecutedId="L4-1" OnceExecutedPrefix="com.OriginalFiles.Analyze.java" OptBodyExec="true">
<StmntSeq Intrnl_Id="1820">
<LocList>
<Loc EndOffset="7976" SrcFileId="7" StartOffset="7749"/>
<Loc EndOffset="8061" SrcFileId="7" StartOffset="7990"/>
</LocList>
<CondStmnt CovItemId="S93" CovItemPrefix="com.OriginalFiles.Analyze.java" Intrnl_Id="1821">
<Branch CovItemId="B59" CovItemPrefix="com.OriginalFiles.Analyze.java" Implct="false" Intrnl_Id="1822">
<Cond/>
<LocList>
<Loc EndOffset="7976" SrcFileId="7" StartOffset="7851"/>
</LocList>
<StmntSeq Intrnl_Id="1823">
<LocList>
<Loc EndOffset="7961" SrcFileId="7" StartOffset="7870"/>
</LocList>
<BasicStmnt CovItemId="S94" CovItemPrefix="com.OriginalFiles.Analyze.java" Intrnl_Id="1824">
<LocList>
<Loc EndOffset="7961" SrcFileId="7" StartOffset="7870"/>
</LocList>
</BasicStmnt>
</StmntSeq>
</Branch>
<Branch CovItemId="B60" CovItemPrefix="com.OriginalFiles.Analyze.java" Implct="true" Intrnl_Id="1825">
<Cond/>
<LocList/>
<StmntSeq Intrnl_Id="1826">
<LocList/>
</StmntSeq>
</Branch>
<Keyword EndOffset="7751" SrcFileId="7" StartOffset="7749"/>
<LocList>
<Loc EndOffset="7976" SrcFileId="7" StartOffset="7749"/>
</LocList>
<RootTerm CovItemId="C31" CovItemPrefix="com.OriginalFiles.Analyze.java" Intrnl_Id="1827">
<OpTerm BooleanOpId="8" Intrnl_Id="1828">
<OpTerm BooleanOpId="9" Intrnl_Id="1829">
<BasicBoolTerm Intrnl_Id="1830">
<LocList>
<Loc EndOffset="7789" SrcFileId="7" StartOffset="7755"/>
</LocList>
</BasicBoolTerm>
<BasicBoolTerm Intrnl_Id="1831">
<LocList>
<Loc EndOffset="7848" SrcFileId="7" StartOffset="7814"/>
</LocList>
</BasicBoolTerm>
<LocList>
<Loc EndOffset="7813" SrcFileId="7" StartOffset="7811"/>
</LocList>
</OpTerm>
<LocList>
<Loc EndOffset="7754" SrcFileId="7" StartOffset="7753"/>
</LocList>
</OpTerm>
</RootTerm>
</CondStmnt>
<CondStmnt CovItemId="S95" CovItemPrefix="com.OriginalFiles.Analyze.java" Intrnl_Id="1832">
<Branch CovItemId="B61" CovItemPrefix="com.OriginalFiles.Analyze.java" Implct="false" Intrnl_Id="1833">
<Cond/>
<LocList>
<Loc EndOffset="8061" SrcFileId="7" StartOffset="8008"/>
</LocList>
<StmntSeq Intrnl_Id="1834">
<LocList>
<Loc EndOffset="8046" SrcFileId="7" StartOffset="8027"/>
</LocList>
<BasicStmnt CovItemId="S96" CovItemPrefix="com.OriginalFiles.Analyze.java" Intrnl_Id="1835">
<LocList>
<Loc EndOffset="8046" SrcFileId="7" StartOffset="8027"/>
</LocList>
</BasicStmnt>
</StmntSeq>
</Branch>
<Branch CovItemId="B62" CovItemPrefix="com.OriginalFiles.Analyze.java" Implct="true" Intrnl_Id="1836">
<Cond/>
<LocList/>
<StmntSeq Intrnl_Id="1837">
<LocList/>
</StmntSeq>
</Branch>
<Keyword EndOffset="7992" SrcFileId="7" StartOffset="7990"/>
<LocList>
<Loc EndOffset="8061" SrcFileId="7" StartOffset="7990"/>
</LocList>
<RootTerm CovItemId="C32" CovItemPrefix="com.OriginalFiles.Analyze.java" Intrnl_Id="1838">
<OpTerm BooleanOpId="8" Intrnl_Id="1839">
<BasicBoolTerm Intrnl_Id="1840">
<LocList>
<Loc EndOffset="8006" SrcFileId="7" StartOffset="7995"/>
</LocList>
</BasicBoolTerm>
<LocList>
<Loc EndOffset="7995" SrcFileId="7" StartOffset="7994"/>
</LocList>
</OpTerm>
</RootTerm>
</CondStmnt>
</StmntSeq>
<Keyword EndOffset="7693" SrcFileId="7" StartOffset="7690"/>
<LocList>
<Loc EndOffset="8072" SrcFileId="7" StartOffset="7690"/>
</LocList>
<RootTerm CovItemId="C30" CovItemPrefix="com.OriginalFiles.Analyze.java" Intrnl_Id="1841">
<BasicBoolTerm Intrnl_Id="1842">
<LocList>
<Loc EndOffset="7727" SrcFileId="7" StartOffset="7706"/>
</LocList>
</BasicBoolTerm>
</RootTerm>
</LoopStmnt>
<BasicStmnt CovItemId="S97" CovItemPrefix="com.OriginalFiles.Analyze.java" Intrnl_Id="1843">
<LocList>
<Loc EndOffset="8101" SrcFileId="7" StartOffset="8082"/>
</LocList>
</BasicStmnt>
</StmntSeq>
</HierarchyLvl>
<HierarchyLvl HierarchyLvlId="307" HierarchyLvlTypeId="13" Intrnl_Id="1844" Name="jumpSequence">
<Header>
<Loc EndOffset="8296" SrcFileId="7" StartOffset="8116"/>
</Header>
<LocList>
<Loc EndOffset="9727" SrcFileId="7" StartOffset="8116"/>
</LocList>
<StmntSeq Intrnl_Id="1845">
<LocList>
<Loc EndOffset="8329" SrcFileId="7" StartOffset="8308"/>
<Loc EndOffset="8399" SrcFileId="7" StartOffset="8339"/>
<Loc EndOffset="8520" SrcFileId="7" StartOffset="8409"/>
<Loc EndOffset="8672" SrcFileId="7" StartOffset="8530"/>
<Loc EndOffset="8788" SrcFileId="7" StartOffset="8682"/>
<Loc EndOffset="8940" SrcFileId="7" StartOffset="8798"/>
<Loc EndOffset="9055" SrcFileId="7" StartOffset="8950"/>
<Loc EndOffset="9207" SrcFileId="7" StartOffset="9065"/>
<Loc EndOffset="9321" SrcFileId="7" StartOffset="9217"/>
<Loc EndOffset="9473" SrcFileId="7" StartOffset="9331"/>
<Loc EndOffset="9578" SrcFileId="7" StartOffset="9485"/>
<Loc EndOffset="9692" SrcFileId="7" StartOffset="9590"/>
<Loc EndOffset="9720" SrcFileId="7" StartOffset="9702"/>
</LocList>
<BasicStmnt CovItemId="S98" CovItemPrefix="com.OriginalFiles.Analyze.java" Intrnl_Id="1846">
<LocList>
<Loc EndOffset="8329" SrcFileId="7" StartOffset="8308"/>
</LocList>
</BasicStmnt>
<BasicStmnt CovItemId="S99" CovItemPrefix="com.OriginalFiles.Analyze.java" Intrnl_Id="1847">
<LocList>
<Loc EndOffset="8399" SrcFileId="7" StartOffset="8339"/>
</LocList>
</BasicStmnt>
<BasicStmnt CovItemId="S100" CovItemPrefix="com.OriginalFiles.Analyze.java" Intrnl_Id="1848">
<LocList>
<Loc EndOffset="8520" SrcFileId="7" StartOffset="8409"/>
</LocList>
</BasicStmnt>
<CondStmnt CovItemId="S101" CovItemPrefix="com.OriginalFiles.Analyze.java" Intrnl_Id="1849">
<Branch CovItemId="B63" CovItemPrefix="com.OriginalFiles.Analyze.java" Implct="false" Intrnl_Id="1850">
<Cond/>
<LocList>
<Loc EndOffset="8672" SrcFileId="7" StartOffset="8553"/>
</LocList>
<StmntSeq Intrnl_Id="1851">
<LocList>
<Loc EndOffset="8661" SrcFileId="7" StartOffset="8568"/>
</LocList>
<BasicStmnt CovItemId="S102" CovItemPrefix="com.OriginalFiles.Analyze.java" Intrnl_Id="1852">
<LocList>
<Loc EndOffset="8661" SrcFileId="7" StartOffset="8568"/>
</LocList>
</BasicStmnt>
</StmntSeq>
</Branch>
<Branch CovItemId="B64" CovItemPrefix="com.OriginalFiles.Analyze.java" Implct="true" Intrnl_Id="1853">
<Cond/>
<LocList/>
<StmntSeq Intrnl_Id="1854">
<LocList/>
</StmntSeq>
</Branch>
<Keyword EndOffset="8532" SrcFileId="7" StartOffset="8530"/>
<LocList>
<Loc EndOffset="8672" SrcFileId="7" StartOffset="8530"/>
</LocList>
<RootTerm CovItemId="C33" CovItemPrefix="com.OriginalFiles.Analyze.java" Intrnl_Id="1855">
<BasicBoolTerm Intrnl_Id="1856">
<LocList>
<Loc EndOffset="8551" SrcFileId="7" StartOffset="8534"/>
</LocList>
</BasicBoolTerm>
</RootTerm>
</CondStmnt>
<BasicStmnt CovItemId="S103" CovItemPrefix="com.OriginalFiles.Analyze.java" Intrnl_Id="1857">
<LocList>
<Loc EndOffset="8788" SrcFileId="7" StartOffset="8682"/>
</LocList>
</BasicStmnt>
<CondStmnt CovItemId="S104" CovItemPrefix="com.OriginalFiles.Analyze.java" Intrnl_Id="1858">
<Branch CovItemId="B65" CovItemPrefix="com.OriginalFiles.Analyze.java" Implct="false" Intrnl_Id="1859">
<Cond/>
<LocList>
<Loc EndOffset="8940" SrcFileId="7" StartOffset="8821"/>
</LocList>
<StmntSeq Intrnl_Id="1860">
<LocList>
<Loc EndOffset="8929" SrcFileId="7" StartOffset="8836"/>
</LocList>
<BasicStmnt CovItemId="S105" CovItemPrefix="com.OriginalFiles.Analyze.java" Intrnl_Id="1861">
<LocList>
<Loc EndOffset="8929" SrcFileId="7" StartOffset="8836"/>
</LocList>
</BasicStmnt>
</StmntSeq>
</Branch>
<Branch CovItemId="B66" CovItemPrefix="com.OriginalFiles.Analyze.java" Implct="true" Intrnl_Id="1862">
<Cond/>
<LocList/>
<StmntSeq Intrnl_Id="1863">
<LocList/>
</StmntSeq>
</Branch>
<Keyword EndOffset="8800" SrcFileId="7" StartOffset="8798"/>
<LocList>
<Loc EndOffset="8940" SrcFileId="7" StartOffset="8798"/>
</LocList>
<RootTerm CovItemId="C34" CovItemPrefix="com.OriginalFiles.Analyze.java" Intrnl_Id="1864">
<BasicBoolTerm Intrnl_Id="1865">
<LocList>
<Loc EndOffset="8819" SrcFileId="7" StartOffset="8802"/>
</LocList>
</BasicBoolTerm>
</RootTerm>
</CondStmnt>
<BasicStmnt CovItemId="S106" CovItemPrefix="com.OriginalFiles.Analyze.java" Intrnl_Id="1866">
<LocList>
<Loc EndOffset="9055" SrcFileId="7" StartOffset="8950"/>
</LocList>
</BasicStmnt>
<CondStmnt CovItemId="S107" CovItemPrefix="com.OriginalFiles.Analyze.java" Intrnl_Id="1867">
<Branch CovItemId="B67" CovItemPrefix="com.OriginalFiles.Analyze.java" Implct="false" Intrnl_Id="1868">
<Cond/>
<LocList>
<Loc EndOffset="9207" SrcFileId="7" StartOffset="9088"/>
</LocList>
<StmntSeq Intrnl_Id="1869">
<LocList>
<Loc EndOffset="9196" SrcFileId="7" StartOffset="9103"/>
</LocList>
<BasicStmnt CovItemId="S108" CovItemPrefix="com.OriginalFiles.Analyze.java" Intrnl_Id="1870">
<LocList>
<Loc EndOffset="9196" SrcFileId="7" StartOffset="9103"/>
</LocList>
</BasicStmnt>
</StmntSeq>
</Branch>
<Branch CovItemId="B68" CovItemPrefix="com.OriginalFiles.Analyze.java" Implct="true" Intrnl_Id="1871">
<Cond/>
<LocList/>
<StmntSeq Intrnl_Id="1872">
<LocList/>
</StmntSeq>
</Branch>
<Keyword EndOffset="9067" SrcFileId="7" StartOffset="9065"/>
<LocList>
<Loc EndOffset="9207" SrcFileId="7" StartOffset="9065"/>
</LocList>
<RootTerm CovItemId="C35" CovItemPrefix="com.OriginalFiles.Analyze.java" Intrnl_Id="1873">
<BasicBoolTerm Intrnl_Id="1874">
<LocList>
<Loc EndOffset="9086" SrcFileId="7" StartOffset="9069"/>
</LocList>
</BasicBoolTerm>
</RootTerm>
</CondStmnt>
<BasicStmnt CovItemId="S109" CovItemPrefix="com.OriginalFiles.Analyze.java" Intrnl_Id="1875">
<LocList>
<Loc EndOffset="9321" SrcFileId="7" StartOffset="9217"/>
</LocList>
</BasicStmnt>
<CondStmnt CovItemId="S110" CovItemPrefix="com.OriginalFiles.Analyze.java" Intrnl_Id="1876">
<Branch CovItemId="B69" CovItemPrefix="com.OriginalFiles.Analyze.java" Implct="false" Intrnl_Id="1877">
<Cond/>
<LocList>
<Loc EndOffset="9473" SrcFileId="7" StartOffset="9354"/>
</LocList>
<StmntSeq Intrnl_Id="1878">
<LocList>
<Loc EndOffset="9462" SrcFileId="7" StartOffset="9369"/>
</LocList>
<BasicStmnt CovItemId="S111" CovItemPrefix="com.OriginalFiles.Analyze.java" Intrnl_Id="1879">
<LocList>
<Loc EndOffset="9462" SrcFileId="7" StartOffset="9369"/>
</LocList>
</BasicStmnt>
</StmntSeq>
</Branch>
<Branch CovItemId="B70" CovItemPrefix="com.OriginalFiles.Analyze.java" Implct="true" Intrnl_Id="1880">
<Cond/>
<LocList/>
<StmntSeq Intrnl_Id="1881">
<LocList/>
</StmntSeq>
</Branch>
<Keyword EndOffset="9333" SrcFileId="7" StartOffset="9331"/>
<LocList>
<Loc EndOffset="9473" SrcFileId="7" StartOffset="9331"/>
</LocList>
<RootTerm CovItemId="C36" CovItemPrefix="com.OriginalFiles.Analyze.java" Intrnl_Id="1882">
<BasicBoolTerm Intrnl_Id="1883">
<LocList>
<Loc EndOffset="9352" SrcFileId="7" StartOffset="9335"/>
</LocList>
</BasicBoolTerm>
</RootTerm>
</CondStmnt>
<CondStmnt CovItemId="S112" CovItemPrefix="com.OriginalFiles.Analyze.java" Intrnl_Id="1884">
<Branch CovItemId="B71" CovItemPrefix="com.OriginalFiles.Analyze.java" Implct="false" Intrnl_Id="1885">
<Cond/>
<LocList>
<Loc EndOffset="9578" SrcFileId="7" StartOffset="9513"/>
</LocList>
<StmntSeq Intrnl_Id="1886">
<LocList>
<Loc EndOffset="9567" SrcFileId="7" StartOffset="9528"/>
</LocList>
<BasicStmnt CovItemId="S113" CovItemPrefix="com.OriginalFiles.Analyze.java" Intrnl_Id="1887">
<LocList>
<Loc EndOffset="9567" SrcFileId="7" StartOffset="9528"/>
</LocList>
</BasicStmnt>
</StmntSeq>
</Branch>
<Branch CovItemId="B72" CovItemPrefix="com.OriginalFiles.Analyze.java" Implct="true" Intrnl_Id="1888">
<Cond/>
<LocList/>
<StmntSeq Intrnl_Id="1889">
<LocList/>
</StmntSeq>
</Branch>
<Keyword EndOffset="9487" SrcFileId="7" StartOffset="9485"/>
<LocList>
<Loc EndOffset="9578" SrcFileId="7" StartOffset="9485"/>
</LocList>
<RootTerm CovItemId="C37" CovItemPrefix="com.OriginalFiles.Analyze.java" Intrnl_Id="1890">
<BasicBoolTerm Intrnl_Id="1891">
<LocList>
<Loc EndOffset="9511" SrcFileId="7" StartOffset="9489"/>
</LocList>
</BasicBoolTerm>
</RootTerm>
</CondStmnt>
<LoopStmnt CovItemId="S114" CovItemPrefix="com.OriginalFiles.Analyze.java" Intrnl_Id="1892" MltplExecId="L5-2" MltplExecPrefix="com.OriginalFiles.Analyze.java" NvrExecId="L5-0" NvrExecPrefix="com.OriginalFiles.Analyze.java" OnceExecutedId="L5-1" OnceExecutedPrefix="com.OriginalFiles.Analyze.java" OptBodyExec="true">
<StmntSeq Intrnl_Id="1893">
<LocList>
<Loc EndOffset="9681" SrcFileId="7" StartOffset="9649"/>
</LocList>
<BasicStmnt CovItemId="S115" CovItemPrefix="com.OriginalFiles.Analyze.java" Intrnl_Id="1894">
<LocList>
<Loc EndOffset="9681" SrcFileId="7" StartOffset="9649"/>
</LocList>
</BasicStmnt>
</StmntSeq>
<Keyword EndOffset="9593" SrcFileId="7" StartOffset="9590"/>
<LocList>
<Loc EndOffset="9692" SrcFileId="7" StartOffset="9590"/>
</LocList>
<RootTerm CovItemId="C38" CovItemPrefix="com.OriginalFiles.Analyze.java" Intrnl_Id="1895">
<BasicBoolTerm Intrnl_Id="1896">
<LocList>
<Loc EndOffset="9627" SrcFileId="7" StartOffset="9606"/>
</LocList>
</BasicBoolTerm>
</RootTerm>
</LoopStmnt>
<BasicStmnt CovItemId="S116" CovItemPrefix="com.OriginalFiles.Analyze.java" Intrnl_Id="1897">
<LocList>
<Loc EndOffset="9720" SrcFileId="7" StartOffset="9702"/>
</LocList>
</BasicStmnt>
</StmntSeq>
</HierarchyLvl>
<HierarchyLvl HierarchyLvlId="308" HierarchyLvlTypeId="13" Intrnl_Id="1898" Name="findJumpPiece">
<Header>
<Loc EndOffset="9835" SrcFileId="7" StartOffset="9735"/>
</Header>
<LocList>
<Loc EndOffset="12377" SrcFileId="7" StartOffset="9735"/>
</LocList>
<StmntSeq Intrnl_Id="1899">
<LocList>
<Loc EndOffset="9905" SrcFileId="7" StartOffset="9847"/>
<Loc EndOffset="10005" SrcFileId="7" StartOffset="9915"/>
<Loc EndOffset="10044" SrcFileId="7" StartOffset="10015"/>
<Loc EndOffset="12347" SrcFileId="7" StartOffset="10054"/>
<Loc EndOffset="12370" SrcFileId="7" StartOffset="12357"/>
</LocList>
<BasicStmnt CovItemId="S117" CovItemPrefix="com.OriginalFiles.Analyze.java" Intrnl_Id="1900">
<LocList>
<Loc EndOffset="9905" SrcFileId="7" StartOffset="9847"/>
</LocList>
</BasicStmnt>
<BasicStmnt CovItemId="S118" CovItemPrefix="com.OriginalFiles.Analyze.java" Intrnl_Id="1901">
<LocList>
<Loc EndOffset="10005" SrcFileId="7" StartOffset="9915"/>
</LocList>
</BasicStmnt>
<BasicStmnt CovItemId="S119" CovItemPrefix="com.OriginalFiles.Analyze.java" Intrnl_Id="1902">
<LocList>
<Loc EndOffset="10044" SrcFileId="7" StartOffset="10015"/>
</LocList>
</BasicStmnt>
<LoopStmnt CovItemId="S120" CovItemPrefix="com.OriginalFiles.Analyze.java" Intrnl_Id="1903" MltplExecId="L6-2" MltplExecPrefix="com.OriginalFiles.Analyze.java" NvrExecId="L6-0" NvrExecPrefix="com.OriginalFiles.Analyze.java" OnceExecutedId="L6-1" OnceExecutedPrefix="com.OriginalFiles.Analyze.java" OptBodyExec="true">
<StmntSeq Intrnl_Id="1904">
<LocList>
<Loc EndOffset="10150" SrcFileId="7" StartOffset="10111"/>
<Loc EndOffset="10215" SrcFileId="7" StartOffset="10164"/>
<Loc EndOffset="12336" SrcFileId="7" StartOffset="10229"/>
</LocList>
<BasicStmnt CovItemId="S121" CovItemPrefix="com.OriginalFiles.Analyze.java" Intrnl_Id="1905">
<LocList>
<Loc EndOffset="10150" SrcFileId="7" StartOffset="10111"/>
</LocList>
</BasicStmnt>
<BasicStmnt CovItemId="S122" CovItemPrefix="com.OriginalFiles.Analyze.java" Intrnl_Id="1906">
<LocList>
<Loc EndOffset="10215" SrcFileId="7" StartOffset="10164"/>
</LocList>
</BasicStmnt>
<CondStmnt CovItemId="S123" CovItemPrefix="com.OriginalFiles.Analyze.java" Intrnl_Id="1907">
<Branch CovItemId="B73" CovItemPrefix="com.OriginalFiles.Analyze.java" Implct="false" Intrnl_Id="1908">
<Cond/>
<LocList>
<Loc EndOffset="12336" SrcFileId="7" StartOffset="10293"/>
</LocList>
<StmntSeq Intrnl_Id="1909">
<LocList>
<Loc EndOffset="10376" SrcFileId="7" StartOffset="10312"/>
<Loc EndOffset="10426" SrcFileId="7" StartOffset="10394"/>
<Loc EndOffset="12291" SrcFileId="7" StartOffset="10444"/>
<Loc EndOffset="12321" SrcFileId="7" StartOffset="12309"/>
</LocList>
<BasicStmnt CovItemId="S124" CovItemPrefix="com.OriginalFiles.Analyze.java" Intrnl_Id="1910">
<LocList>
<Loc EndOffset="10376" SrcFileId="7" StartOffset="10312"/>
</LocList>
</BasicStmnt>
<BasicStmnt CovItemId="S125" CovItemPrefix="com.OriginalFiles.Analyze.java" Intrnl_Id="1911">
<LocList>
<Loc EndOffset="10426" SrcFileId="7" StartOffset="10394"/>
</LocList>
</BasicStmnt>
<LoopStmnt CovItemId="S126" CovItemPrefix="com.OriginalFiles.Analyze.java" Intrnl_Id="1912" MltplExecId="L7-2" MltplExecPrefix="com.OriginalFiles.Analyze.java" NvrExecId="L7-0" NvrExecPrefix="com.OriginalFiles.Analyze.java" OnceExecutedId="L7-1" OnceExecutedPrefix="com.OriginalFiles.Analyze.java" OptBodyExec="true">
<StmntSeq Intrnl_Id="1913">
<LocList>
<Loc EndOffset="10533" SrcFileId="7" StartOffset="10499"/>
<Loc EndOffset="10594" SrcFileId="7" StartOffset="10555"/>
<Loc EndOffset="10793" SrcFileId="7" StartOffset="10616"/>
<Loc EndOffset="12272" SrcFileId="7" StartOffset="10815"/>
</LocList>
<BasicStmnt CovItemId="S127" CovItemPrefix="com.OriginalFiles.Analyze.java" Intrnl_Id="1914">
<LocList>
<Loc EndOffset="10533" SrcFileId="7" StartOffset="10499"/>
</LocList>
</BasicStmnt>
<BasicStmnt CovItemId="S128" CovItemPrefix="com.OriginalFiles.Analyze.java" Intrnl_Id="1915">
<LocList>
<Loc EndOffset="10594" SrcFileId="7" StartOffset="10555"/>
</LocList>
</BasicStmnt>
<BasicStmnt CovItemId="S129" CovItemPrefix="com.OriginalFiles.Analyze.java" Intrnl_Id="1916">
<LocList>
<Loc EndOffset="10793" SrcFileId="7" StartOffset="10616"/>
</LocList>
</BasicStmnt>
<CondStmnt CovItemId="S130" CovItemPrefix="com.OriginalFiles.Analyze.java" Intrnl_Id="1917">
<Branch CovItemId="B75" CovItemPrefix="com.OriginalFiles.Analyze.java" Implct="false" Intrnl_Id="1918">
<Cond/>
<LocList>
<Loc EndOffset="11396" SrcFileId="7" StartOffset="10859"/>
</LocList>
<StmntSeq Intrnl_Id="1919">
<LocList>
<Loc EndOffset="10896" SrcFileId="7" StartOffset="10886"/>
<Loc EndOffset="11373" SrcFileId="7" StartOffset="10922"/>
</LocList>
<BasicStmnt CovItemId="S131" CovItemPrefix="com.OriginalFiles.Analyze.java" Intrnl_Id="1920">
<LocList>
<Loc EndOffset="10896" SrcFileId="7" StartOffset="10886"/>
</LocList>
</BasicStmnt>
<LoopStmnt CovItemId="S132" CovItemPrefix="com.OriginalFiles.Analyze.java" Intrnl_Id="1921" MltplExecId="L8-2" MltplExecPrefix="com.OriginalFiles.Analyze.java" NvrExecId="L8-0" NvrExecPrefix="com.OriginalFiles.Analyze.java" OnceExecutedId="L8-1" OnceExecutedPrefix="com.OriginalFiles.Analyze.java" OptBodyExec="true">
<StmntSeq Intrnl_Id="1922">
<LocList>
<Loc EndOffset="11312" SrcFileId="7" StartOffset="10970"/>
<Loc EndOffset="11346" SrcFileId="7" StartOffset="11342"/>
</LocList>
<CondStmnt CovItemId="S133" CovItemPrefix="com.OriginalFiles.Analyze.java" Intrnl_Id="1923">
<Branch CovItemId="B77" CovItemPrefix="com.OriginalFiles.Analyze.java" Implct="false" Intrnl_Id="1924">
<Cond/>
<LocList>
<Loc EndOffset="11312" SrcFileId="7" StartOffset="11015"/>
</LocList>
<StmntSeq Intrnl_Id="1925">
<LocList>
<Loc EndOffset="11281" SrcFileId="7" StartOffset="11109"/>
</LocList>
<BasicStmnt CovItemId="S134" CovItemPrefix="com.OriginalFiles.Analyze.java" Intrnl_Id="1926">
<LocList>
<Loc EndOffset="11281" SrcFileId="7" StartOffset="11109"/>
</LocList>
</BasicStmnt>
</StmntSeq>
</Branch>
<Branch CovItemId="B78" CovItemPrefix="com.OriginalFiles.Analyze.java" Implct="true" Intrnl_Id="1927">
<Cond/>
<LocList/>
<StmntSeq Intrnl_Id="1928">
<LocList/>
</StmntSeq>
</Branch>
<Keyword EndOffset="10972" SrcFileId="7" StartOffset="10970"/>
<LocList>
<Loc EndOffset="11312" SrcFileId="7" StartOffset="10970"/>
</LocList>
<RootTerm CovItemId="C44" CovItemPrefix="com.OriginalFiles.Analyze.java" Intrnl_Id="1929">
<BasicBoolTerm Intrnl_Id="1930">
<LocList>
<Loc EndOffset="11013" SrcFileId="7" StartOffset="10974"/>
</LocList>
</BasicBoolTerm>
</RootTerm>
</CondStmnt>
<BasicStmnt CovItemId="S135" CovItemPrefix="com.OriginalFiles.Analyze.java" Intrnl_Id="1931">
<LocList>
<Loc EndOffset="11346" SrcFileId="7" StartOffset="11342"/>
</LocList>
</BasicStmnt>
</StmntSeq>
<Keyword EndOffset="10927" SrcFileId="7" StartOffset="10922"/>
<LocList>
<Loc EndOffset="11373" SrcFileId="7" StartOffset="10922"/>
</LocList>
<RootTerm CovItemId="C43" CovItemPrefix="com.OriginalFiles.Analyze.java" Intrnl_Id="1932">
<OpTerm BooleanOpId="8" Intrnl_Id="1933">
<BasicBoolTerm Intrnl_Id="1934">
<LocList>
<Loc EndOffset="10936" SrcFileId="7" StartOffset="10931"/>
</LocList>
</BasicBoolTerm>
<LocList>
<Loc EndOffset="10930" SrcFileId="7" StartOffset="10929"/>
</LocList>
</OpTerm>
</RootTerm>
</LoopStmnt>
</StmntSeq>
</Branch>
<Branch CovItemId="B76" CovItemPrefix="com.OriginalFiles.Analyze.java" Implct="false" Intrnl_Id="1935">
<Cond>
<Loc EndOffset="11401" SrcFileId="7" StartOffset="11397"/>
</Cond>
<LocList>
<Loc EndOffset="12272" SrcFileId="7" StartOffset="11402"/>
</LocList>
<StmntSeq Intrnl_Id="1936">
<LocList>
<Loc EndOffset="11439" SrcFileId="7" StartOffset="11429"/>
<Loc EndOffset="11475" SrcFileId="7" StartOffset="11465"/>
<Loc EndOffset="12096" SrcFileId="7" StartOffset="11501"/>
<Loc EndOffset="12249" SrcFileId="7" StartOffset="12122"/>
</LocList>
<BasicStmnt CovItemId="S136" CovItemPrefix="com.OriginalFiles.Analyze.java" Intrnl_Id="1937">
<LocList>
<Loc EndOffset="11439" SrcFileId="7" StartOffset="11429"/>
</LocList>
</BasicStmnt>
<BasicStmnt CovItemId="S137" CovItemPrefix="com.OriginalFiles.Analyze.java" Intrnl_Id="1938">
<LocList>
<Loc EndOffset="11475" SrcFileId="7" StartOffset="11465"/>
</LocList>
</BasicStmnt>
<LoopStmnt CovItemId="S138" CovItemPrefix="com.OriginalFiles.Analyze.java" Intrnl_Id="1939" MltplExecId="L9-2" MltplExecPrefix="com.OriginalFiles.Analyze.java" NvrExecId="L9-0" NvrExecPrefix="com.OriginalFiles.Analyze.java" OnceExecutedId="L9-1" OnceExecutedPrefix="com.OriginalFiles.Analyze.java" OptBodyExec="true">
<StmntSeq Intrnl_Id="1940">
<LocList>
<Loc EndOffset="11999" SrcFileId="7" StartOffset="11628"/>
<Loc EndOffset="12033" SrcFileId="7" StartOffset="12029"/>
<Loc EndOffset="12069" SrcFileId="7" StartOffset="12063"/>
</LocList>
<LoopStmnt CovItemId="S139" CovItemPrefix="com.OriginalFiles.Analyze.java" Intrnl_Id="1941" MltplExecId="L10-2" MltplExecPrefix="com.OriginalFiles.Analyze.java" NvrExecId="L10-0" NvrExecPrefix="com.OriginalFiles.Analyze.java" OnceExecutedId="L10-1" OnceExecutedPrefix="com.OriginalFiles.Analyze.java" OptBodyExec="true">
<StmntSeq Intrnl_Id="1942">
<LocList>
<Loc EndOffset="11930" SrcFileId="7" StartOffset="11753"/>
<Loc EndOffset="11968" SrcFileId="7" StartOffset="11964"/>
</LocList>
<CondStmnt CovItemId="S140" CovItemPrefix="com.OriginalFiles.Analyze.java" Intrnl_Id="1943">
<Branch CovItemId="B79" CovItemPrefix="com.OriginalFiles.Analyze.java" Implct="false" Intrnl_Id="1944">
<Cond/>
<LocList>
<Loc EndOffset="11930" SrcFileId="7" StartOffset="11844"/>
</LocList>
<StmntSeq Intrnl_Id="1945">
<LocList>
<Loc EndOffset="11895" SrcFileId="7" StartOffset="11883"/>
</LocList>
<BasicStmnt CovItemId="S141" CovItemPrefix="com.OriginalFiles.Analyze.java" Intrnl_Id="1946">
<LocList>
<Loc EndOffset="11895" SrcFileId="7" StartOffset="11883"/>
</LocList>
</BasicStmnt>
</StmntSeq>
</Branch>
<Branch CovItemId="B80" CovItemPrefix="com.OriginalFiles.Analyze.java" Implct="true" Intrnl_Id="1947">
<Cond/>
<LocList/>
<StmntSeq Intrnl_Id="1948">
<LocList/>
</StmntSeq>
</Branch>
<Keyword EndOffset="11755" SrcFileId="7" StartOffset="11753"/>
<LocList>
<Loc EndOffset="11930" SrcFileId="7" StartOffset="11753"/>
</LocList>
<RootTerm CovItemId="C47" CovItemPrefix="com.OriginalFiles.Analyze.java" Intrnl_Id="1949">
<BasicBoolTerm Intrnl_Id="1950">
<LocList>
<Loc EndOffset="11842" SrcFileId="7" StartOffset="11757"/>
</LocList>
</BasicBoolTerm>
</RootTerm>
</CondStmnt>
<BasicStmnt CovItemId="S142" CovItemPrefix="com.OriginalFiles.Analyze.java" Intrnl_Id="1951">
<LocList>
<Loc EndOffset="11968" SrcFileId="7" StartOffset="11964"/>
</LocList>
</BasicStmnt>
</StmntSeq>
<Keyword EndOffset="11633" SrcFileId="7" StartOffset="11628"/>
<LocList>
<Loc EndOffset="11999" SrcFileId="7" StartOffset="11628"/>
</LocList>
<RootTerm CovItemId="C46" CovItemPrefix="com.OriginalFiles.Analyze.java" Intrnl_Id="1952">
<BasicBoolTerm Intrnl_Id="1953">
<LocList>
<Loc EndOffset="11716" SrcFileId="7" StartOffset="11635"/>
</LocList>
</BasicBoolTerm>
</RootTerm>
</LoopStmnt>
<BasicStmnt CovItemId="S143" CovItemPrefix="com.OriginalFiles.Analyze.java" Intrnl_Id="1954">
<LocList>
<Loc EndOffset="12033" SrcFileId="7" StartOffset="12029"/>
</LocList>
</BasicStmnt>
<BasicStmnt CovItemId="S144" CovItemPrefix="com.OriginalFiles.Analyze.java" Intrnl_Id="1955">
<LocList>
<Loc EndOffset="12069" SrcFileId="7" StartOffset="12063"/>
</LocList>
</BasicStmnt>
</StmntSeq>
<Keyword EndOffset="11513" SrcFileId="7" StartOffset="11508"/>
<LocList>
<Loc EndOffset="12096" SrcFileId="7" StartOffset="11501"/>
</LocList>
<RootTerm CovItemId="C45" CovItemPrefix="com.OriginalFiles.Analyze.java" Intrnl_Id="1956">
<BasicBoolTerm Intrnl_Id="1957">
<LocList>
<Loc EndOffset="11595" SrcFileId="7" StartOffset="11515"/>
</LocList>
</BasicBoolTerm>
</RootTerm>
</LoopStmnt>
<BasicStmnt CovItemId="S145" CovItemPrefix="com.OriginalFiles.Analyze.java" Intrnl_Id="1958">
<LocList>
<Loc EndOffset="12249" SrcFileId="7" StartOffset="12122"/>
</LocList>
</BasicStmnt>
</StmntSeq>
</Branch>
<Keyword EndOffset="10817" SrcFileId="7" StartOffset="10815"/>
<LocList>
<Loc EndOffset="12272" SrcFileId="7" StartOffset="10815"/>
</LocList>
<RootTerm CovItemId="C42" CovItemPrefix="com.OriginalFiles.Analyze.java" Intrnl_Id="1959">
<BasicBoolTerm Intrnl_Id="1960">
<LocList>
<Loc EndOffset="10857" SrcFileId="7" StartOffset="10819"/>
</LocList>
</BasicBoolTerm>
</RootTerm>
</CondStmnt>
</StmntSeq>
<Keyword EndOffset="10447" SrcFileId="7" StartOffset="10444"/>
<LocList>
<Loc EndOffset="12291" SrcFileId="7" StartOffset="10444"/>
</LocList>
<RootTerm CovItemId="C41" CovItemPrefix="com.OriginalFiles.Analyze.java" Intrnl_Id="1961">
<BasicBoolTerm Intrnl_Id="1962">
<LocList>
<Loc EndOffset="10469" SrcFileId="7" StartOffset="10460"/>
</LocList>
</BasicBoolTerm>
</RootTerm>
</LoopStmnt>
<BasicStmnt CovItemId="S146" CovItemPrefix="com.OriginalFiles.Analyze.java" Intrnl_Id="1963">
<LocList>
<Loc EndOffset="12321" SrcFileId="7" StartOffset="12309"/>
</LocList>
</BasicStmnt>
</StmntSeq>
</Branch>
<Branch CovItemId="B74" CovItemPrefix="com.OriginalFiles.Analyze.java" Implct="true" Intrnl_Id="1964">
<Cond/>
<LocList/>
<StmntSeq Intrnl_Id="1965">
<LocList/>
</StmntSeq>
</Branch>
<Keyword EndOffset="10231" SrcFileId="7" StartOffset="10229"/>
<LocList>
<Loc EndOffset="12336" SrcFileId="7" StartOffset="10229"/>
</LocList>
<RootTerm CovItemId="C40" CovItemPrefix="com.OriginalFiles.Analyze.java" Intrnl_Id="1966">
<OpTerm BooleanOpId="8" Intrnl_Id="1967">
<BasicBoolTerm Intrnl_Id="1968">
<LocList>
<Loc EndOffset="10291" SrcFileId="7" StartOffset="10234"/>
</LocList>
</BasicBoolTerm>
<LocList>
<Loc EndOffset="10234" SrcFileId="7" StartOffset="10233"/>
</LocList>
</OpTerm>
</RootTerm>
</CondStmnt>
</StmntSeq>
<Keyword EndOffset="10057" SrcFileId="7" StartOffset="10054"/>
<LocList>
<Loc EndOffset="12347" SrcFileId="7" StartOffset="10054"/>
</LocList>
<RootTerm CovItemId="C39" CovItemPrefix="com.OriginalFiles.Analyze.java" Intrnl_Id="1969">
<BasicBoolTerm Intrnl_Id="1970">
<LocList>
<Loc EndOffset="10089" SrcFileId="7" StartOffset="10070"/>
</LocList>
</BasicBoolTerm>
</RootTerm>
</LoopStmnt>
<BasicStmnt CovItemId="S147" CovItemPrefix="com.OriginalFiles.Analyze.java" Intrnl_Id="1971">
<LocList>
<Loc EndOffset="12370" SrcFileId="7" StartOffset="12357"/>
</LocList>
</BasicStmnt>
</StmntSeq>
</HierarchyLvl>
<HierarchyLvl HierarchyLvlId="309" HierarchyLvlTypeId="13" Intrnl_Id="1972" Name="checkForUpgradeKing">
<Header>
<Loc EndOffset="12500" SrcFileId="7" StartOffset="12385"/>
</Header>
<LocList>
<Loc EndOffset="14023" SrcFileId="7" StartOffset="12385"/>
</LocList>
<StmntSeq Intrnl_Id="1973">
<LocList>
<Loc EndOffset="14016" SrcFileId="7" StartOffset="12512"/>
</LocList>
<CondStmnt CovItemId="S148" CovItemPrefix="com.OriginalFiles.Analyze.java" Intrnl_Id="1974">
<Branch CovItemId="B81" CovItemPrefix="com.OriginalFiles.Analyze.java" Implct="false" Intrnl_Id="1975">
<Cond/>
<LocList>
<Loc EndOffset="14016" SrcFileId="7" StartOffset="12556"/>
</LocList>
<StmntSeq Intrnl_Id="1976">
<LocList>
<Loc EndOffset="14005" SrcFileId="7" StartOffset="12571"/>
</LocList>
<CondStmnt CovItemId="S149" CovItemPrefix="com.OriginalFiles.Analyze.java" Intrnl_Id="1977">
<Branch CovItemId="B83" CovItemPrefix="com.OriginalFiles.Analyze.java" Implct="false" Intrnl_Id="1978">
<Cond/>
<LocList>
<Loc EndOffset="12949" SrcFileId="7" StartOffset="12620"/>
</LocList>
<StmntSeq Intrnl_Id="1979">
<LocList>
<Loc EndOffset="12934" SrcFileId="7" StartOffset="12639"/>
</LocList>
<CondStmnt CovItemId="S150" CovItemPrefix="com.OriginalFiles.Analyze.java" Intrnl_Id="1980">
<Branch CovItemId="B85" CovItemPrefix="com.OriginalFiles.Analyze.java" Implct="false" Intrnl_Id="1981">
<Cond/>
<LocList>
<Loc EndOffset="12819" SrcFileId="7" StartOffset="12656"/>
</LocList>
<StmntSeq Intrnl_Id="1982">
<LocList>
<Loc EndOffset="12737" SrcFileId="7" StartOffset="12679"/>
<Loc EndOffset="12800" SrcFileId="7" StartOffset="12759"/>
</LocList>
<BasicStmnt CovItemId="S151" CovItemPrefix="com.OriginalFiles.Analyze.java" Intrnl_Id="1983">
<LocList>
<Loc EndOffset="12737" SrcFileId="7" StartOffset="12679"/>
</LocList>
</BasicStmnt>
<BasicStmnt CovItemId="S152" CovItemPrefix="com.OriginalFiles.Analyze.java" Intrnl_Id="1984">
<LocList>
<Loc EndOffset="12800" SrcFileId="7" StartOffset="12759"/>
</LocList>
</BasicStmnt>
</StmntSeq>
</Branch>
<Branch CovItemId="B86" CovItemPrefix="com.OriginalFiles.Analyze.java" Implct="false" Intrnl_Id="1985">
<Cond>
<Loc EndOffset="12824" SrcFileId="7" StartOffset="12820"/>
</Cond>
<LocList>
<Loc EndOffset="12934" SrcFileId="7" StartOffset="12825"/>
</LocList>
<StmntSeq Intrnl_Id="1986">
<LocList>
<Loc EndOffset="12872" SrcFileId="7" StartOffset="12848"/>
<Loc EndOffset="12915" SrcFileId="7" StartOffset="12894"/>
</LocList>
<BasicStmnt CovItemId="S153" CovItemPrefix="com.OriginalFiles.Analyze.java" Intrnl_Id="1987">
<LocList>
<Loc EndOffset="12872" SrcFileId="7" StartOffset="12848"/>
</LocList>
</BasicStmnt>
<BasicStmnt CovItemId="S154" CovItemPrefix="com.OriginalFiles.Analyze.java" Intrnl_Id="1988">
<LocList>
<Loc EndOffset="12915" SrcFileId="7" StartOffset="12894"/>
</LocList>
</BasicStmnt>
</StmntSeq>
</Branch>
<Keyword EndOffset="12641" SrcFileId="7" StartOffset="12639"/>
<LocList>
<Loc EndOffset="12934" SrcFileId="7" StartOffset="12639"/>
</LocList>
<RootTerm CovItemId="C50" CovItemPrefix="com.OriginalFiles.Analyze.java" Intrnl_Id="1989">
<BasicBoolTerm Intrnl_Id="1990">
<LocList>
<Loc EndOffset="12654" SrcFileId="7" StartOffset="12643"/>
</LocList>
</BasicBoolTerm>
</RootTerm>
</CondStmnt>
</StmntSeq>
</Branch>
<Branch CovItemId="B84" CovItemPrefix="com.OriginalFiles.Analyze.java" Implct="false" Intrnl_Id="1991">
<Cond>
<Loc EndOffset="12954" SrcFileId="7" StartOffset="12950"/>
</Cond>
<LocList>
<Loc EndOffset="14005" SrcFileId="7" StartOffset="12955"/>
</LocList>
<StmntSeq Intrnl_Id="1992">
<LocList>
<Loc EndOffset="13990" SrcFileId="7" StartOffset="12974"/>
</LocList>
<CondStmnt CovItemId="S155" CovItemPrefix="com.OriginalFiles.Analyze.java" Intrnl_Id="1993">
<Branch CovItemId="B87" CovItemPrefix="com.OriginalFiles.Analyze.java" Implct="false" Intrnl_Id="1994">
<Cond/>
<LocList>
<Loc EndOffset="13189" SrcFileId="7" StartOffset="12991"/>
</LocList>
<StmntSeq Intrnl_Id="1995">
<LocList>
<Loc EndOffset="13107" SrcFileId="7" StartOffset="13014"/>
<Loc EndOffset="13170" SrcFileId="7" StartOffset="13129"/>
</LocList>
<BasicStmnt CovItemId="S156" CovItemPrefix="com.OriginalFiles.Analyze.java" Intrnl_Id="1996">
<LocList>
<Loc EndOffset="13107" SrcFileId="7" StartOffset="13014"/>
</LocList>
</BasicStmnt>
<BasicStmnt CovItemId="S157" CovItemPrefix="com.OriginalFiles.Analyze.java" Intrnl_Id="1997">
<LocList>
<Loc EndOffset="13170" SrcFileId="7" StartOffset="13129"/>
</LocList>
</BasicStmnt>
</StmntSeq>
</Branch>
<Branch CovItemId="B88" CovItemPrefix="com.OriginalFiles.Analyze.java" Implct="false" Intrnl_Id="1998">
<Cond>
<Loc EndOffset="13194" SrcFileId="7" StartOffset="13190"/>
</Cond>
<LocList>
<Loc EndOffset="13990" SrcFileId="7" StartOffset="13195"/>
</LocList>
<StmntSeq Intrnl_Id="1999">
<LocList>
<Loc EndOffset="13243" SrcFileId="7" StartOffset="13218"/>
<Loc EndOffset="13275" SrcFileId="7" StartOffset="13265"/>
<Loc EndOffset="13971" SrcFileId="7" StartOffset="13297"/>
</LocList>
<BasicStmnt CovItemId="S158" CovItemPrefix="com.OriginalFiles.Analyze.java" Intrnl_Id="2000">
<LocList>
<Loc EndOffset="13243" SrcFileId="7" StartOffset="13218"/>
</LocList>
</BasicStmnt>
<BasicStmnt CovItemId="S159" CovItemPrefix="com.OriginalFiles.Analyze.java" Intrnl_Id="2001">
<LocList>
<Loc EndOffset="13275" SrcFileId="7" StartOffset="13265"/>
</LocList>
</BasicStmnt>
<LoopStmnt CovItemId="S160" CovItemPrefix="com.OriginalFiles.Analyze.java" Intrnl_Id="2002" MltplExecId="L11-2" MltplExecPrefix="com.OriginalFiles.Analyze.java" NvrExecId="L11-0" NvrExecPrefix="com.OriginalFiles.Analyze.java" OnceExecutedId="L11-1" OnceExecutedPrefix="com.OriginalFiles.Analyze.java" OptBodyExec="true">
<StmntSeq Intrnl_Id="2003">
<LocList>
<Loc EndOffset="13452" SrcFileId="7" StartOffset="13342"/>
<Loc EndOffset="13918" SrcFileId="7" StartOffset="13478"/>
<Loc EndOffset="13948" SrcFileId="7" StartOffset="13944"/>
</LocList>
<CondStmnt CovItemId="S161" CovItemPrefix="com.OriginalFiles.Analyze.java" Intrnl_Id="2004">
<Branch CovItemId="B89" CovItemPrefix="com.OriginalFiles.Analyze.java" Implct="false" Intrnl_Id="2005">
<Cond/>
<LocList>
<Loc EndOffset="13452" SrcFileId="7" StartOffset="13353"/>
</LocList>
<StmntSeq Intrnl_Id="2006">
<LocList>
<Loc EndOffset="13425" SrcFileId="7" StartOffset="13384"/>
</LocList>
<BasicStmnt CovItemId="S162" CovItemPrefix="com.OriginalFiles.Analyze.java" Intrnl_Id="2007">
<LocList>
<Loc EndOffset="13425" SrcFileId="7" StartOffset="13384"/>
</LocList>
</BasicStmnt>
</StmntSeq>
</Branch>
<Branch CovItemId="B90" CovItemPrefix="com.OriginalFiles.Analyze.java" Implct="true" Intrnl_Id="2008">
<Cond/>
<LocList/>
<StmntSeq Intrnl_Id="2009">
<LocList/>
</StmntSeq>
</Branch>
<Keyword EndOffset="13344" SrcFileId="7" StartOffset="13342"/>
<LocList>
<Loc EndOffset="13452" SrcFileId="7" StartOffset="13342"/>
</LocList>
<RootTerm CovItemId="C53" CovItemPrefix="com.OriginalFiles.Analyze.java" Intrnl_Id="2010">
<BasicBoolTerm Intrnl_Id="2011">
<LocList>
<Loc EndOffset="13351" SrcFileId="7" StartOffset="13346"/>
</LocList>
</BasicBoolTerm>
</RootTerm>
</CondStmnt>
<CondStmnt CovItemId="S163" CovItemPrefix="com.OriginalFiles.Analyze.java" Intrnl_Id="2012">
<Branch CovItemId="B91" CovItemPrefix="com.OriginalFiles.Analyze.java" Implct="false" Intrnl_Id="2013">
<Cond/>
<LocList>
<Loc EndOffset="13918" SrcFileId="7" StartOffset="13521"/>
</LocList>
<StmntSeq Intrnl_Id="2014">
<LocList>
<Loc EndOffset="13648" SrcFileId="7" StartOffset="13607"/>
<Loc EndOffset="13845" SrcFileId="7" StartOffset="13733"/>
<Loc EndOffset="13891" SrcFileId="7" StartOffset="13875"/>
</LocList>
<BasicStmnt CovItemId="S164" CovItemPrefix="com.OriginalFiles.Analyze.java" Intrnl_Id="2015">
<LocList>
<Loc EndOffset="13648" SrcFileId="7" StartOffset="13607"/>
</LocList>
</BasicStmnt>
<BasicStmnt CovItemId="S165" CovItemPrefix="com.OriginalFiles.Analyze.java" Intrnl_Id="2016">
<LocList>
<Loc EndOffset="13845" SrcFileId="7" StartOffset="13733"/>
</LocList>
</BasicStmnt>
<BasicStmnt CovItemId="S166" CovItemPrefix="com.OriginalFiles.Analyze.java" Intrnl_Id="2017">
<LocList>
<Loc EndOffset="13891" SrcFileId="7" StartOffset="13875"/>
</LocList>
</BasicStmnt>
</StmntSeq>
</Branch>
<Branch CovItemId="B92" CovItemPrefix="com.OriginalFiles.Analyze.java" Implct="true" Intrnl_Id="2018">
<Cond/>
<LocList/>
<StmntSeq Intrnl_Id="2019">
<LocList/>
</StmntSeq>
</Branch>
<Keyword EndOffset="13480" SrcFileId="7" StartOffset="13478"/>
<LocList>
<Loc EndOffset="13918" SrcFileId="7" StartOffset="13478"/>
</LocList>
<RootTerm CovItemId="C54" CovItemPrefix="com.OriginalFiles.Analyze.java" Intrnl_Id="2020">
<OpTerm BooleanOpId="8" Intrnl_Id="2021">
<BasicBoolTerm Intrnl_Id="2022">
<LocList>
<Loc EndOffset="13519" SrcFileId="7" StartOffset="13483"/>
</LocList>
</BasicBoolTerm>
<LocList>
<Loc EndOffset="13483" SrcFileId="7" StartOffset="13482"/>
</LocList>
</OpTerm>
</RootTerm>
</CondStmnt>
<BasicStmnt CovItemId="S167" CovItemPrefix="com.OriginalFiles.Analyze.java" Intrnl_Id="2023">
<LocList>
<Loc EndOffset="13948" SrcFileId="7" StartOffset="13944"/>
</LocList>
</BasicStmnt>
</StmntSeq>
<Keyword EndOffset="13302" SrcFileId="7" StartOffset="13297"/>
<LocList>
<Loc EndOffset="13971" SrcFileId="7" StartOffset="13297"/>
</LocList>
<RootTerm CovItemId="C52" CovItemPrefix="com.OriginalFiles.Analyze.java" Intrnl_Id="2024">
<OpTerm BooleanOpId="8" Intrnl_Id="2025">
<BasicBoolTerm Intrnl_Id="2026">
<LocList>
<Loc EndOffset="13313" SrcFileId="7" StartOffset="13305"/>
</LocList>
</BasicBoolTerm>
<LocList>
<Loc EndOffset="13305" SrcFileId="7" StartOffset="13304"/>
</LocList>
</OpTerm>
</RootTerm>
</LoopStmnt>
</StmntSeq>
</Branch>
<Keyword EndOffset="12976" SrcFileId="7" StartOffset="12974"/>
<LocList>
<Loc EndOffset="13990" SrcFileId="7" StartOffset="12974"/>
</LocList>
<RootTerm CovItemId="C51" CovItemPrefix="com.OriginalFiles.Analyze.java" Intrnl_Id="2027">
<BasicBoolTerm Intrnl_Id="2028">
<LocList>
<Loc EndOffset="12989" SrcFileId="7" StartOffset="12978"/>
</LocList>
</BasicBoolTerm>
</RootTerm>
</CondStmnt>
</StmntSeq>
</Branch>
<Keyword EndOffset="12573" SrcFileId="7" StartOffset="12571"/>
<LocList>
<Loc EndOffset="14005" SrcFileId="7" StartOffset="12571"/>
</LocList>
<RootTerm CovItemId="C49" CovItemPrefix="com.OriginalFiles.Analyze.java" Intrnl_Id="2029">
<BasicBoolTerm Intrnl_Id="2030">
<LocList>
<Loc EndOffset="12618" SrcFileId="7" StartOffset="12575"/>
</LocList>
</BasicBoolTerm>
</RootTerm>
</CondStmnt>
</StmntSeq>
</Branch>
<Branch CovItemId="B82" CovItemPrefix="com.OriginalFiles.Analyze.java" Implct="true" Intrnl_Id="2031">
<Cond/>
<LocList/>
<StmntSeq Intrnl_Id="2032">
<LocList/>
</StmntSeq>
</Branch>
<Keyword EndOffset="12514" SrcFileId="7" StartOffset="12512"/>
<LocList>
<Loc EndOffset="14016" SrcFileId="7" StartOffset="12512"/>
</LocList>
<RootTerm CovItemId="C48" CovItemPrefix="com.OriginalFiles.Analyze.java" Intrnl_Id="2033">
<BasicBoolTerm Intrnl_Id="2034">
<LocList>
<Loc EndOffset="12554" SrcFileId="7" StartOffset="12516"/>
</LocList>
</BasicBoolTerm>
</RootTerm>
</CondStmnt>
</StmntSeq>
</HierarchyLvl>
<HierarchyLvl HierarchyLvlId="310" HierarchyLvlTypeId="13" Intrnl_Id="2035" Name="replaceRobotKing">
<Header>
<Loc EndOffset="14123" SrcFileId="7" StartOffset="14031"/>
</Header>
<LocList>
<Loc EndOffset="15220" SrcFileId="7" StartOffset="14031"/>
</LocList>
<StmntSeq Intrnl_Id="2036">
<LocList>
<Loc EndOffset="14145" SrcFileId="7" StartOffset="14135"/>
<Loc EndOffset="14165" SrcFileId="7" StartOffset="14155"/>
<Loc EndOffset="14185" SrcFileId="7" StartOffset="14175"/>
<Loc EndOffset="14604" SrcFileId="7" StartOffset="14197"/>
<Loc EndOffset="14726" SrcFileId="7" StartOffset="14614"/>
<Loc EndOffset="15124" SrcFileId="7" StartOffset="14736"/>
<Loc EndOffset="15213" SrcFileId="7" StartOffset="15136"/>
</LocList>
<BasicStmnt CovItemId="S168" CovItemPrefix="com.OriginalFiles.Analyze.java" Intrnl_Id="2037">
<LocList>
<Loc EndOffset="14145" SrcFileId="7" StartOffset="14135"/>
</LocList>
</BasicStmnt>
<BasicStmnt CovItemId="S169" CovItemPrefix="com.OriginalFiles.Analyze.java" Intrnl_Id="2038">
<LocList>
<Loc EndOffset="14165" SrcFileId="7" StartOffset="14155"/>
</LocList>
</BasicStmnt>
<BasicStmnt CovItemId="S170" CovItemPrefix="com.OriginalFiles.Analyze.java" Intrnl_Id="2039">
<LocList>
<Loc EndOffset="14185" SrcFileId="7" StartOffset="14175"/>
</LocList>
</BasicStmnt>
<LoopStmnt CovItemId="S171" CovItemPrefix="com.OriginalFiles.Analyze.java" Intrnl_Id="2040" MltplExecId="L12-2" MltplExecPrefix="com.OriginalFiles.Analyze.java" NvrExecId="L12-0" NvrExecPrefix="com.OriginalFiles.Analyze.java" OnceExecutedId="L12-1" OnceExecutedPrefix="com.OriginalFiles.Analyze.java" OptBodyExec="true">
<StmntSeq Intrnl_Id="2041">
<LocList>
<Loc EndOffset="14555" SrcFileId="7" StartOffset="14294"/>
<Loc EndOffset="14573" SrcFileId="7" StartOffset="14569"/>
<Loc EndOffset="14593" SrcFileId="7" StartOffset="14587"/>
</LocList>
<LoopStmnt CovItemId="S172" CovItemPrefix="com.OriginalFiles.Analyze.java" Intrnl_Id="2042" MltplExecId="L13-2" MltplExecPrefix="com.OriginalFiles.Analyze.java" NvrExecId="L13-0" NvrExecPrefix="com.OriginalFiles.Analyze.java" OnceExecutedId="L13-1" OnceExecutedPrefix="com.OriginalFiles.Analyze.java" OptBodyExec="true">
<StmntSeq Intrnl_Id="2043">
<LocList>
<Loc EndOffset="14518" SrcFileId="7" StartOffset="14389"/>
<Loc EndOffset="14540" SrcFileId="7" StartOffset="14536"/>
</LocList>
<CondStmnt CovItemId="S173" CovItemPrefix="com.OriginalFiles.Analyze.java" Intrnl_Id="2044">
<Branch CovItemId="B93" CovItemPrefix="com.OriginalFiles.Analyze.java" Implct="false" Intrnl_Id="2045">
<Cond/>
<LocList>
<Loc EndOffset="14518" SrcFileId="7" StartOffset="14464"/>
</LocList>
<StmntSeq Intrnl_Id="2046">
<LocList>
<Loc EndOffset="14499" SrcFileId="7" StartOffset="14487"/>
</LocList>
<BasicStmnt CovItemId="S174" CovItemPrefix="com.OriginalFiles.Analyze.java" Intrnl_Id="2047">
<LocList>
<Loc EndOffset="14499" SrcFileId="7" StartOffset="14487"/>
</LocList>
</BasicStmnt>
</StmntSeq>
</Branch>
<Branch CovItemId="B94" CovItemPrefix="com.OriginalFiles.Analyze.java" Implct="true" Intrnl_Id="2048">
<Cond/>
<LocList/>
<StmntSeq Intrnl_Id="2049">
<LocList/>
</StmntSeq>
</Branch>
<Keyword EndOffset="14391" SrcFileId="7" StartOffset="14389"/>
<LocList>
<Loc EndOffset="14518" SrcFileId="7" StartOffset="14389"/>
</LocList>
<RootTerm CovItemId="C57" CovItemPrefix="com.OriginalFiles.Analyze.java" Intrnl_Id="2050">
<BasicBoolTerm Intrnl_Id="2051">
<LocList>
<Loc EndOffset="14462" SrcFileId="7" StartOffset="14393"/>
</LocList>
</BasicBoolTerm>
</RootTerm>
</CondStmnt>
<BasicStmnt CovItemId="S175" CovItemPrefix="com.OriginalFiles.Analyze.java" Intrnl_Id="2052">
<LocList>
<Loc EndOffset="14540" SrcFileId="7" StartOffset="14536"/>
</LocList>
</BasicStmnt>
</StmntSeq>
<Keyword EndOffset="14299" SrcFileId="7" StartOffset="14294"/>
<LocList>
<Loc EndOffset="14555" SrcFileId="7" StartOffset="14294"/>
</LocList>
<RootTerm CovItemId="C56" CovItemPrefix="com.OriginalFiles.Analyze.java" Intrnl_Id="2053">
<BasicBoolTerm Intrnl_Id="2054">
<LocList>
<Loc EndOffset="14366" SrcFileId="7" StartOffset="14301"/>
</LocList>
</BasicBoolTerm>
</RootTerm>
</LoopStmnt>
<BasicStmnt CovItemId="S176" CovItemPrefix="com.OriginalFiles.Analyze.java" Intrnl_Id="2055">
<LocList>
<Loc EndOffset="14573" SrcFileId="7" StartOffset="14569"/>
</LocList>
</BasicStmnt>
<BasicStmnt CovItemId="S177" CovItemPrefix="com.OriginalFiles.Analyze.java" Intrnl_Id="2056">
<LocList>
<Loc EndOffset="14593" SrcFileId="7" StartOffset="14587"/>
</LocList>
</BasicStmnt>
</StmntSeq>
<Keyword EndOffset="14209" SrcFileId="7" StartOffset="14204"/>
<LocList>
<Loc EndOffset="14604" SrcFileId="7" StartOffset="14197"/>
</LocList>
<RootTerm CovItemId="C55" CovItemPrefix="com.OriginalFiles.Analyze.java" Intrnl_Id="2057">
<BasicBoolTerm Intrnl_Id="2058">
<LocList>
<Loc EndOffset="14275" SrcFileId="7" StartOffset="14211"/>
</LocList>
</BasicBoolTerm>
</RootTerm>
</LoopStmnt>
<BasicStmnt CovItemId="S178" CovItemPrefix="com.OriginalFiles.Analyze.java" Intrnl_Id="2059">
<LocList>
<Loc EndOffset="14726" SrcFileId="7" StartOffset="14614"/>
</LocList>
</BasicStmnt>
<LoopStmnt CovItemId="S179" CovItemPrefix="com.OriginalFiles.Analyze.java" Intrnl_Id="2060" MltplExecId="L14-2" MltplExecPrefix="com.OriginalFiles.Analyze.java" NvrExecId="L14-0" NvrExecPrefix="com.OriginalFiles.Analyze.java" OnceExecutedId="L14-1" OnceExecutedPrefix="com.OriginalFiles.Analyze.java" OptBodyExec="true">
<StmntSeq Intrnl_Id="2061">
<LocList>
<Loc EndOffset="15113" SrcFileId="7" StartOffset="14775"/>
</LocList>
<CondStmnt CovItemId="S180" CovItemPrefix="com.OriginalFiles.Analyze.java" Intrnl_Id="2062">
<Branch CovItemId="B95" CovItemPrefix="com.OriginalFiles.Analyze.java" Implct="false" Intrnl_Id="2063">
<Cond/>
<LocList>
<Loc EndOffset="15069" SrcFileId="7" StartOffset="14821"/>
</LocList>
<StmntSeq Intrnl_Id="2064">
<LocList>
<Loc EndOffset="15024" SrcFileId="7" StartOffset="14883"/>
<Loc EndOffset="15054" SrcFileId="7" StartOffset="15042"/>
</LocList>
<BasicStmnt CovItemId="S181" CovItemPrefix="com.OriginalFiles.Analyze.java" Intrnl_Id="2065">
<LocList>
<Loc EndOffset="15024" SrcFileId="7" StartOffset="14883"/>
</LocList>
</BasicStmnt>
<BasicStmnt CovItemId="S182" CovItemPrefix="com.OriginalFiles.Analyze.java" Intrnl_Id="2066">
<LocList>
<Loc EndOffset="15054" SrcFileId="7" StartOffset="15042"/>
</LocList>
</BasicStmnt>
</StmntSeq>
</Branch>
<Branch CovItemId="B96" CovItemPrefix="com.OriginalFiles.Analyze.java" Implct="false" Intrnl_Id="2067">
<Cond>
<Loc EndOffset="15074" SrcFileId="7" StartOffset="15070"/>
</Cond>
<LocList>
<Loc EndOffset="15113" SrcFileId="7" StartOffset="15075"/>
</LocList>
<StmntSeq Intrnl_Id="2068">
<LocList>
<Loc EndOffset="15098" SrcFileId="7" StartOffset="15094"/>
</LocList>
<BasicStmnt CovItemId="S183" CovItemPrefix="com.OriginalFiles.Analyze.java" Intrnl_Id="2069">
<LocList>
<Loc EndOffset="15098" SrcFileId="7" StartOffset="15094"/>
</LocList>
</BasicStmnt>
</StmntSeq>
</Branch>
<Keyword EndOffset="14777" SrcFileId="7" StartOffset="14775"/>
<LocList>
<Loc EndOffset="15113" SrcFileId="7" StartOffset="14775"/>
</LocList>
<RootTerm CovItemId="C59" CovItemPrefix="com.OriginalFiles.Analyze.java" Intrnl_Id="2070">
<OpTerm BooleanOpId="8" Intrnl_Id="2071">
<BasicBoolTerm Intrnl_Id="2072">
<LocList>
<Loc EndOffset="14819" SrcFileId="7" StartOffset="14780"/>
</LocList>
</BasicBoolTerm>
<LocList>
<Loc EndOffset="14780" SrcFileId="7" StartOffset="14779"/>
</LocList>
</OpTerm>
</RootTerm>
</CondStmnt>
</StmntSeq>
<Keyword EndOffset="14748" SrcFileId="7" StartOffset="14743"/>
<LocList>
<Loc EndOffset="15124" SrcFileId="7" StartOffset="14736"/>
</LocList>
<RootTerm CovItemId="C58" CovItemPrefix="com.OriginalFiles.Analyze.java" Intrnl_Id="2073">
<OpTerm BooleanOpId="8" Intrnl_Id="2074">
<BasicBoolTerm Intrnl_Id="2075">
<LocList>
<Loc EndOffset="14757" SrcFileId="7" StartOffset="14752"/>
</LocList>
</BasicBoolTerm>
<LocList>
<Loc EndOffset="14751" SrcFileId="7" StartOffset="14750"/>
</LocList>
</OpTerm>
</RootTerm>
</LoopStmnt>
<CondStmnt CovItemId="S184" CovItemPrefix="com.OriginalFiles.Analyze.java" Intrnl_Id="2076">
<Branch CovItemId="B97" CovItemPrefix="com.OriginalFiles.Analyze.java" Implct="false" Intrnl_Id="2077">
<Cond/>
<LocList>
<Loc EndOffset="15213" SrcFileId="7" StartOffset="15147"/>
</LocList>
<StmntSeq Intrnl_Id="2078">
<LocList>
<Loc EndOffset="15202" SrcFileId="7" StartOffset="15161"/>
</LocList>
<BasicStmnt CovItemId="S185" CovItemPrefix="com.OriginalFiles.Analyze.java" Intrnl_Id="2079">
<LocList>
<Loc EndOffset="15202" SrcFileId="7" StartOffset="15161"/>
</LocList>
</BasicStmnt>
</StmntSeq>
</Branch>
<Branch CovItemId="B98" CovItemPrefix="com.OriginalFiles.Analyze.java" Implct="true" Intrnl_Id="2080">
<Cond/>
<LocList/>
<StmntSeq Intrnl_Id="2081">
<LocList/>
</StmntSeq>
</Branch>
<Keyword EndOffset="15138" SrcFileId="7" StartOffset="15136"/>
<LocList>
<Loc EndOffset="15213" SrcFileId="7" StartOffset="15136"/>
</LocList>
<RootTerm CovItemId="C60" CovItemPrefix="com.OriginalFiles.Analyze.java" Intrnl_Id="2082">
<BasicBoolTerm Intrnl_Id="2083">
<LocList>
<Loc EndOffset="15145" SrcFileId="7" StartOffset="15140"/>
</LocList>
</BasicBoolTerm>
</RootTerm>
</CondStmnt>
</StmntSeq>
</HierarchyLvl>
<HierarchyLvl HierarchyLvlId="311" HierarchyLvlTypeId="13" Intrnl_Id="2084" Name="checkRobotPieceReplaced">
<Header>
<Loc EndOffset="15399" SrcFileId="7" StartOffset="15325"/>
</Header>
<LocList>
<Loc EndOffset="15926" SrcFileId="7" StartOffset="15325"/>
</LocList>
<StmntSeq Intrnl_Id="2085">
<LocList>
<Loc EndOffset="15919" SrcFileId="7" StartOffset="15411"/>
</LocList>
<CondStmnt CovItemId="S186" CovItemPrefix="com.OriginalFiles.Analyze.java" Intrnl_Id="2086">
<Branch CovItemId="B99" CovItemPrefix="com.OriginalFiles.Analyze.java" Implct="false" Intrnl_Id="2087">
<Cond/>
<LocList>
<Loc EndOffset="15919" SrcFileId="7" StartOffset="15437"/>
</LocList>
<StmntSeq Intrnl_Id="2088">
<LocList>
<Loc EndOffset="15482" SrcFileId="7" StartOffset="15452"/>
<Loc EndOffset="15908" SrcFileId="7" StartOffset="15496"/>
</LocList>
<BasicStmnt CovItemId="S187" CovItemPrefix="com.OriginalFiles.Analyze.java" Intrnl_Id="2089">
<LocList>
<Loc EndOffset="15482" SrcFileId="7" StartOffset="15452"/>
</LocList>
</BasicStmnt>
<LoopStmnt CovItemId="S188" CovItemPrefix="com.OriginalFiles.Analyze.java" Intrnl_Id="2090" MltplExecId="L15-2" MltplExecPrefix="com.OriginalFiles.Analyze.java" NvrExecId="L15-0" NvrExecPrefix="com.OriginalFiles.Analyze.java" OnceExecutedId="L15-1" OnceExecutedPrefix="com.OriginalFiles.Analyze.java" OptBodyExec="true">
<StmntSeq Intrnl_Id="2091">
<LocList>
<Loc EndOffset="15893" SrcFileId="7" StartOffset="15538"/>
</LocList>
<CondStmnt CovItemId="S189" CovItemPrefix="com.OriginalFiles.Analyze.java" Intrnl_Id="2092">
<Branch CovItemId="B101" CovItemPrefix="com.OriginalFiles.Analyze.java" Implct="false" Intrnl_Id="2093">
<Cond/>
<LocList>
<Loc EndOffset="15747" SrcFileId="7" StartOffset="15638"/>
</LocList>
<StmntSeq Intrnl_Id="2094">
<LocList>
<Loc EndOffset="15684" SrcFileId="7" StartOffset="15661"/>
<Loc EndOffset="15728" SrcFileId="7" StartOffset="15708"/>
</LocList>
<BasicStmnt CovItemId="S190" CovItemPrefix="com.OriginalFiles.Analyze.java" Intrnl_Id="2095">
<LocList>
<Loc EndOffset="15684" SrcFileId="7" StartOffset="15661"/>
</LocList>
</BasicStmnt>
<BasicStmnt CovItemId="S191" CovItemPrefix="com.OriginalFiles.Analyze.java" Intrnl_Id="2096">
<LocList>
<Loc EndOffset="15728" SrcFileId="7" StartOffset="15708"/>
</LocList>
</BasicStmnt>
</StmntSeq>
</Branch>
<Branch CovItemId="B102" CovItemPrefix="com.OriginalFiles.Analyze.java" Implct="false" Intrnl_Id="2097">
<Cond>
<Loc EndOffset="15752" SrcFileId="7" StartOffset="15748"/>
</Cond>
<LocList>
<Loc EndOffset="15893" SrcFileId="7" StartOffset="15753"/>
</LocList>
<StmntSeq Intrnl_Id="2098">
<LocList>
<Loc EndOffset="15817" SrcFileId="7" StartOffset="15776"/>
<Loc EndOffset="15874" SrcFileId="7" StartOffset="15839"/>
</LocList>
<BasicStmnt CovItemId="S192" CovItemPrefix="com.OriginalFiles.Analyze.java" Intrnl_Id="2099">
<LocList>
<Loc EndOffset="15817" SrcFileId="7" StartOffset="15776"/>
</LocList>
</BasicStmnt>
<BasicStmnt CovItemId="S193" CovItemPrefix="com.OriginalFiles.Analyze.java" Intrnl_Id="2100">
<LocList>
<Loc EndOffset="15874" SrcFileId="7" StartOffset="15839"/>
</LocList>
</BasicStmnt>
</StmntSeq>
</Branch>
<Keyword EndOffset="15540" SrcFileId="7" StartOffset="15538"/>
<LocList>
<Loc EndOffset="15893" SrcFileId="7" StartOffset="15538"/>
</LocList>
<RootTerm CovItemId="C63" CovItemPrefix="com.OriginalFiles.Analyze.java" Intrnl_Id="2101">
<BasicBoolTerm Intrnl_Id="2102">
<LocList>
<Loc EndOffset="15636" SrcFileId="7" StartOffset="15542"/>
</LocList>
</BasicBoolTerm>
</RootTerm>
</CondStmnt>
</StmntSeq>
<Keyword EndOffset="15501" SrcFileId="7" StartOffset="15496"/>
<LocList>
<Loc EndOffset="15908" SrcFileId="7" StartOffset="15496"/>
</LocList>
<RootTerm CovItemId="C62" CovItemPrefix="com.OriginalFiles.Analyze.java" Intrnl_Id="2103">
<BasicBoolTerm Intrnl_Id="2104">
<LocList>
<Loc EndOffset="15517" SrcFileId="7" StartOffset="15503"/>
</LocList>
</BasicBoolTerm>
</RootTerm>
</LoopStmnt>
</StmntSeq>
</Branch>
<Branch CovItemId="B100" CovItemPrefix="com.OriginalFiles.Analyze.java" Implct="true" Intrnl_Id="2105">
<Cond/>
<LocList/>
<StmntSeq Intrnl_Id="2106">
<LocList/>
</StmntSeq>
</Branch>
<Keyword EndOffset="15413" SrcFileId="7" StartOffset="15411"/>
<LocList>
<Loc EndOffset="15919" SrcFileId="7" StartOffset="15411"/>
</LocList>
<RootTerm CovItemId="C61" CovItemPrefix="com.OriginalFiles.Analyze.java" Intrnl_Id="2107">
<BasicBoolTerm Intrnl_Id="2108">
<LocList>
<Loc EndOffset="15435" SrcFileId="7" StartOffset="15415"/>
</LocList>
</BasicBoolTerm>
</RootTerm>
</CondStmnt>
</StmntSeq>
</HierarchyLvl>
<HierarchyLvl HierarchyLvlId="312" HierarchyLvlTypeId="13" Intrnl_Id="2109" Name="findMyColors">
<Header>
<Loc EndOffset="16057" SrcFileId="7" StartOffset="15984"/>
</Header>
<LocList>
<Loc EndOffset="16475" SrcFileId="7" StartOffset="15984"/>
</LocList>
<StmntSeq Intrnl_Id="2110">
<LocList>
<Loc EndOffset="16115" SrcFileId="7" StartOffset="16069"/>
<Loc EndOffset="16468" SrcFileId="7" StartOffset="16125"/>
</LocList>
<BasicStmnt CovItemId="S194" CovItemPrefix="com.OriginalFiles.Analyze.java" Intrnl_Id="2111">
<LocList>
<Loc EndOffset="16115" SrcFileId="7" StartOffset="16069"/>
</LocList>
</BasicStmnt>
<CondStmnt CovItemId="S195" CovItemPrefix="com.OriginalFiles.Analyze.java" Intrnl_Id="2112">
<Branch CovItemId="B103" CovItemPrefix="com.OriginalFiles.Analyze.java" Implct="false" Intrnl_Id="2113">
<Cond/>
<LocList>
<Loc EndOffset="16224" SrcFileId="7" StartOffset="16166"/>
</LocList>
<StmntSeq Intrnl_Id="2114">
<LocList>
<Loc EndOffset="16213" SrcFileId="7" StartOffset="16181"/>
</LocList>
<BasicStmnt CovItemId="S196" CovItemPrefix="com.OriginalFiles.Analyze.java" Intrnl_Id="2115">
<LocList>
<Loc EndOffset="16213" SrcFileId="7" StartOffset="16181"/>
</LocList>
</BasicStmnt>
</StmntSeq>
</Branch>
<Branch CovItemId="B104" CovItemPrefix="com.OriginalFiles.Analyze.java" Implct="false" Intrnl_Id="2116">
<Cond>
<Loc EndOffset="16229" SrcFileId="7" StartOffset="16225"/>
</Cond>
<LocList>
<Loc EndOffset="16468" SrcFileId="7" StartOffset="16230"/>
</LocList>
<StmntSeq Intrnl_Id="2117">
<LocList>
<Loc EndOffset="16468" SrcFileId="7" StartOffset="16230"/>
</LocList>
<CondStmnt CovItemId="S197" CovItemPrefix="com.OriginalFiles.Analyze.java" Intrnl_Id="2118">
<Branch CovItemId="B105" CovItemPrefix="com.OriginalFiles.Analyze.java" Implct="false" Intrnl_Id="2119">
<Cond/>
<LocList>
<Loc EndOffset="16329" SrcFileId="7" StartOffset="16271"/>
</LocList>
<StmntSeq Intrnl_Id="2120">
<LocList>
<Loc EndOffset="16318" SrcFileId="7" StartOffset="16286"/>
</LocList>
<BasicStmnt CovItemId="S198" CovItemPrefix="com.OriginalFiles.Analyze.java" Intrnl_Id="2121">
<LocList>
<Loc EndOffset="16318" SrcFileId="7" StartOffset="16286"/>
</LocList>
</BasicStmnt>
</StmntSeq>
</Branch>
<Branch CovItemId="B106" CovItemPrefix="com.OriginalFiles.Analyze.java" Implct="false" Intrnl_Id="2122">
<Cond>
<Loc EndOffset="16334" SrcFileId="7" StartOffset="16330"/>
</Cond>
<LocList>
<Loc EndOffset="16468" SrcFileId="7" StartOffset="16335"/>
</LocList>
<StmntSeq Intrnl_Id="2123">
<LocList>
<Loc EndOffset="16380" SrcFileId="7" StartOffset="16350"/>
<Loc EndOffset="16428" SrcFileId="7" StartOffset="16394"/>
<Loc EndOffset="16457" SrcFileId="7" StartOffset="16442"/>
</LocList>
<BasicStmnt CovItemId="S199" CovItemPrefix="com.OriginalFiles.Analyze.java" Intrnl_Id="2124">
<LocList>
<Loc EndOffset="16380" SrcFileId="7" StartOffset="16350"/>
</LocList>
</BasicStmnt>
<BasicStmnt CovItemId="S200" CovItemPrefix="com.OriginalFiles.Analyze.java" Intrnl_Id="2125">
<LocList>
<Loc EndOffset="16428" SrcFileId="7" StartOffset="16394"/>
</LocList>
</BasicStmnt>
<BasicStmnt CovItemId="S201" CovItemPrefix="com.OriginalFiles.Analyze.java" Intrnl_Id="2126">
<LocList>
<Loc EndOffset="16457" SrcFileId="7" StartOffset="16442"/>
</LocList>
</BasicStmnt>
</StmntSeq>
</Branch>
<Keyword EndOffset="16232" SrcFileId="7" StartOffset="16230"/>
<LocList>
<Loc EndOffset="16468" SrcFileId="7" StartOffset="16230"/>
</LocList>
<RootTerm CovItemId="C65" CovItemPrefix="com.OriginalFiles.Analyze.java" Intrnl_Id="2127">
<BasicBoolTerm Intrnl_Id="2128">
<LocList>
<Loc EndOffset="16269" SrcFileId="7" StartOffset="16234"/>
</LocList>
</BasicBoolTerm>
</RootTerm>
</CondStmnt>
</StmntSeq>
</Branch>
<Keyword EndOffset="16127" SrcFileId="7" StartOffset="16125"/>
<LocList>
<Loc EndOffset="16468" SrcFileId="7" StartOffset="16125"/>
</LocList>
<RootTerm CovItemId="C64" CovItemPrefix="com.OriginalFiles.Analyze.java" Intrnl_Id="2129">
<BasicBoolTerm Intrnl_Id="2130">
<LocList>
<Loc EndOffset="16164" SrcFileId="7" StartOffset="16129"/>
</LocList>
</BasicBoolTerm>
</RootTerm>
</CondStmnt>
</StmntSeq>
</HierarchyLvl>
<HierarchyLvl HierarchyLvlId="313" HierarchyLvlTypeId="13" Intrnl_Id="2131" Name="getColor">
<Header>
<Loc EndOffset="16589" SrcFileId="7" StartOffset="16530"/>
</Header>
<LocList>
<Loc EndOffset="17426" SrcFileId="7" StartOffset="16530"/>
</LocList>
<StmntSeq Intrnl_Id="2132">
<LocList>
<Loc EndOffset="16659" SrcFileId="7" StartOffset="16601"/>
<Loc EndOffset="16702" SrcFileId="7" StartOffset="16671"/>
<Loc EndOffset="16747" SrcFileId="7" StartOffset="16712"/>
<Loc EndOffset="16790" SrcFileId="7" StartOffset="16757"/>
<Loc EndOffset="17419" SrcFileId="7" StartOffset="16800"/>
</LocList>
<BasicStmnt CovItemId="S202" CovItemPrefix="com.OriginalFiles.Analyze.java" Intrnl_Id="2133">
<LocList>
<Loc EndOffset="16659" SrcFileId="7" StartOffset="16601"/>
</LocList>
</BasicStmnt>
<BasicStmnt CovItemId="S203" CovItemPrefix="com.OriginalFiles.Analyze.java" Intrnl_Id="2134">
<LocList>
<Loc EndOffset="16702" SrcFileId="7" StartOffset="16671"/>
</LocList>
</BasicStmnt>
<BasicStmnt CovItemId="S204" CovItemPrefix="com.OriginalFiles.Analyze.java" Intrnl_Id="2135">
<LocList>
<Loc EndOffset="16747" SrcFileId="7" StartOffset="16712"/>
</LocList>
</BasicStmnt>
<BasicStmnt CovItemId="S205" CovItemPrefix="com.OriginalFiles.Analyze.java" Intrnl_Id="2136">
<LocList>
<Loc EndOffset="16790" SrcFileId="7" StartOffset="16757"/>
</LocList>
</BasicStmnt>
<CondStmnt CovItemId="S206" CovItemPrefix="com.OriginalFiles.Analyze.java" Intrnl_Id="2137">
<Branch CovItemId="B107" CovItemPrefix="com.OriginalFiles.Analyze.java" Implct="false" Intrnl_Id="2138">
<Cond/>
<LocList>
<Loc EndOffset="16938" SrcFileId="7" StartOffset="16901"/>
</LocList>
<StmntSeq Intrnl_Id="2139">
<LocList>
<Loc EndOffset="16927" SrcFileId="7" StartOffset="16916"/>
</LocList>
<BasicStmnt CovItemId="S207" CovItemPrefix="com.OriginalFiles.Analyze.java" Intrnl_Id="2140">
<LocList>
<Loc EndOffset="16927" SrcFileId="7" StartOffset="16916"/>
</LocList>
</BasicStmnt>
</StmntSeq>
</Branch>
<Branch CovItemId="B108" CovItemPrefix="com.OriginalFiles.Analyze.java" Implct="false" Intrnl_Id="2141">
<Cond>
<Loc EndOffset="16943" SrcFileId="7" StartOffset="16939"/>
</Cond>
<LocList>
<Loc EndOffset="17419" SrcFileId="7" StartOffset="16944"/>
</LocList>
<StmntSeq Intrnl_Id="2142">
<LocList>
<Loc EndOffset="17419" SrcFileId="7" StartOffset="16944"/>
</LocList>
<CondStmnt CovItemId="S208" CovItemPrefix="com.OriginalFiles.Analyze.java" Intrnl_Id="2143">
<Branch CovItemId="B109" CovItemPrefix="com.OriginalFiles.Analyze.java" Implct="false" Intrnl_Id="2144">
<Cond/>
<LocList>
<Loc EndOffset="17084" SrcFileId="7" StartOffset="17047"/>
</LocList>
<StmntSeq Intrnl_Id="2145">
<LocList>
<Loc EndOffset="17073" SrcFileId="7" StartOffset="17062"/>
</LocList>
<BasicStmnt CovItemId="S209" CovItemPrefix="com.OriginalFiles.Analyze.java" Intrnl_Id="2146">
<LocList>
<Loc EndOffset="17073" SrcFileId="7" StartOffset="17062"/>
</LocList>
</BasicStmnt>
</StmntSeq>
</Branch>
<Branch CovItemId="B110" CovItemPrefix="com.OriginalFiles.Analyze.java" Implct="false" Intrnl_Id="2147">
<Cond>
<Loc EndOffset="17089" SrcFileId="7" StartOffset="17085"/>
</Cond>
<LocList>
<Loc EndOffset="17419" SrcFileId="7" StartOffset="17090"/>
</LocList>
<StmntSeq Intrnl_Id="2148">
<LocList>
<Loc EndOffset="17419" SrcFileId="7" StartOffset="17090"/>
</LocList>
<CondStmnt CovItemId="S210" CovItemPrefix="com.OriginalFiles.Analyze.java" Intrnl_Id="2149">
<Branch CovItemId="B111" CovItemPrefix="com.OriginalFiles.Analyze.java" Implct="false" Intrnl_Id="2150">
<Cond/>
<LocList>
<Loc EndOffset="17230" SrcFileId="7" StartOffset="17193"/>
</LocList>
<StmntSeq Intrnl_Id="2151">
<LocList>
<Loc EndOffset="17219" SrcFileId="7" StartOffset="17208"/>
</LocList>
<BasicStmnt CovItemId="S211" CovItemPrefix="com.OriginalFiles.Analyze.java" Intrnl_Id="2152">
<LocList>
<Loc EndOffset="17219" SrcFileId="7" StartOffset="17208"/>
</LocList>
</BasicStmnt>
</StmntSeq>
</Branch>
<Branch CovItemId="B112" CovItemPrefix="com.OriginalFiles.Analyze.java" Implct="false" Intrnl_Id="2153">
<Cond>
<Loc EndOffset="17235" SrcFileId="7" StartOffset="17231"/>
</Cond>
<LocList>
<Loc EndOffset="17419" SrcFileId="7" StartOffset="17236"/>
</LocList>
<StmntSeq Intrnl_Id="2154">
<LocList>
<Loc EndOffset="17419" SrcFileId="7" StartOffset="17236"/>
</LocList>
<CondStmnt CovItemId="S212" CovItemPrefix="com.OriginalFiles.Analyze.java" Intrnl_Id="2155">
<Branch CovItemId="B113" CovItemPrefix="com.OriginalFiles.Analyze.java" Implct="false" Intrnl_Id="2156">
<Cond/>
<LocList>
<Loc EndOffset="17376" SrcFileId="7" StartOffset="17339"/>
</LocList>
<StmntSeq Intrnl_Id="2157">
<LocList>
<Loc EndOffset="17365" SrcFileId="7" StartOffset="17354"/>
</LocList>
<BasicStmnt CovItemId="S213" CovItemPrefix="com.OriginalFiles.Analyze.java" Intrnl_Id="2158">
<LocList>
<Loc EndOffset="17365" SrcFileId="7" StartOffset="17354"/>
</LocList>
</BasicStmnt>
</StmntSeq>
</Branch>
<Branch CovItemId="B114" CovItemPrefix="com.OriginalFiles.Analyze.java" Implct="false" Intrnl_Id="2159">
<Cond>
<Loc EndOffset="17381" SrcFileId="7" StartOffset="17377"/>
</Cond>
<LocList>
<Loc EndOffset="17419" SrcFileId="7" StartOffset="17382"/>
</LocList>
<StmntSeq Intrnl_Id="2160">
<LocList>
<Loc EndOffset="17408" SrcFileId="7" StartOffset="17397"/>
</LocList>
<BasicStmnt CovItemId="S214" CovItemPrefix="com.OriginalFiles.Analyze.java" Intrnl_Id="2161">
<LocList>
<Loc EndOffset="17408" SrcFileId="7" StartOffset="17397"/>
</LocList>
</BasicStmnt>
</StmntSeq>
</Branch>
<Keyword EndOffset="17238" SrcFileId="7" StartOffset="17236"/>
<LocList>
<Loc EndOffset="17419" SrcFileId="7" StartOffset="17236"/>
</LocList>
<RootTerm CovItemId="C69" CovItemPrefix="com.OriginalFiles.Analyze.java" Intrnl_Id="2162">
<OpTerm BooleanOpId="9" Intrnl_Id="2163">
<OpTerm BooleanOpId="9" Intrnl_Id="2164">
<OpTerm BooleanOpId="9" Intrnl_Id="2165">
<OpTerm BooleanOpId="9" Intrnl_Id="2166">
<OpTerm BooleanOpId="9" Intrnl_Id="2167">
<BasicBoolTerm Intrnl_Id="2168">
<LocList>
<Loc EndOffset="17249" SrcFileId="7" StartOffset="17240"/>
</LocList>
</BasicBoolTerm>
<BasicBoolTerm Intrnl_Id="2169">
<LocList>
<Loc EndOffset="17262" SrcFileId="7" StartOffset="17253"/>
</LocList>
</BasicBoolTerm>
<LocList>
<Loc EndOffset="17252" SrcFileId="7" StartOffset="17250"/>
</LocList>
</OpTerm>
<BasicBoolTerm Intrnl_Id="2170">
<LocList>
<Loc EndOffset="17277" SrcFileId="7" StartOffset="17266"/>
</LocList>
</BasicBoolTerm>
<LocList>
<Loc EndOffset="17265" SrcFileId="7" StartOffset="17263"/>
</LocList>
</OpTerm>
<BasicBoolTerm Intrnl_Id="2171">
<LocList>
<Loc EndOffset="17292" SrcFileId="7" StartOffset="17281"/>
</LocList>
</BasicBoolTerm>
<LocList>
<Loc EndOffset="17280" SrcFileId="7" StartOffset="17278"/>
</LocList>
</OpTerm>
<BasicBoolTerm Intrnl_Id="2172">
<LocList>
<Loc EndOffset="17323" SrcFileId="7" StartOffset="17313"/>
</LocList>
</BasicBoolTerm>
<LocList>
<Loc EndOffset="17312" SrcFileId="7" StartOffset="17310"/>
</LocList>
</OpTerm>
<BasicBoolTerm Intrnl_Id="2173">
<LocList>
<Loc EndOffset="17337" SrcFileId="7" StartOffset="17327"/>
</LocList>
</BasicBoolTerm>
<LocList>
<Loc EndOffset="17326" SrcFileId="7" StartOffset="17324"/>
</LocList>
</OpTerm>
</RootTerm>
</CondStmnt>
</StmntSeq>
</Branch>
<Keyword EndOffset="17092" SrcFileId="7" StartOffset="17090"/>
<LocList>
<Loc EndOffset="17419" SrcFileId="7" StartOffset="17090"/>
</LocList>
<RootTerm CovItemId="C68" CovItemPrefix="com.OriginalFiles.Analyze.java" Intrnl_Id="2174">
<OpTerm BooleanOpId="9" Intrnl_Id="2175">
<OpTerm BooleanOpId="9" Intrnl_Id="2176">
<OpTerm BooleanOpId="9" Intrnl_Id="2177">
<OpTerm BooleanOpId="9" Intrnl_Id="2178">
<OpTerm BooleanOpId="9" Intrnl_Id="2179">
<BasicBoolTerm Intrnl_Id="2180">
<LocList>
<Loc EndOffset="17103" SrcFileId="7" StartOffset="17094"/>
</LocList>
</BasicBoolTerm>
<BasicBoolTerm Intrnl_Id="2181">
<LocList>
<Loc EndOffset="17116" SrcFileId="7" StartOffset="17107"/>
</LocList>
</BasicBoolTerm>
<LocList>
<Loc EndOffset="17106" SrcFileId="7" StartOffset="17104"/>
</LocList>
</OpTerm>
<BasicBoolTerm Intrnl_Id="2182">
<LocList>
<Loc EndOffset="17131" SrcFileId="7" StartOffset="17120"/>
</LocList>
</BasicBoolTerm>
<LocList>
<Loc EndOffset="17119" SrcFileId="7" StartOffset="17117"/>
</LocList>
</OpTerm>
<BasicBoolTerm Intrnl_Id="2183">
<LocList>
<Loc EndOffset="17146" SrcFileId="7" StartOffset="17135"/>
</LocList>
</BasicBoolTerm>
<LocList>
<Loc EndOffset="17134" SrcFileId="7" StartOffset="17132"/>
</LocList>
</OpTerm>
<BasicBoolTerm Intrnl_Id="2184">
<LocList>
<Loc EndOffset="17177" SrcFileId="7" StartOffset="17167"/>
</LocList>
</BasicBoolTerm>
<LocList>
<Loc EndOffset="17166" SrcFileId="7" StartOffset="17164"/>
</LocList>
</OpTerm>
<BasicBoolTerm Intrnl_Id="2185">
<LocList>
<Loc EndOffset="17191" SrcFileId="7" StartOffset="17181"/>
</LocList>
</BasicBoolTerm>
<LocList>
<Loc EndOffset="17180" SrcFileId="7" StartOffset="17178"/>
</LocList>
</OpTerm>
</RootTerm>
</CondStmnt>
</StmntSeq>
</Branch>
<Keyword EndOffset="16946" SrcFileId="7" StartOffset="16944"/>
<LocList>
<Loc EndOffset="17419" SrcFileId="7" StartOffset="16944"/>
</LocList>
<RootTerm CovItemId="C67" CovItemPrefix="com.OriginalFiles.Analyze.java" Intrnl_Id="2186">
<OpTerm BooleanOpId="9" Intrnl_Id="2187">
<OpTerm BooleanOpId="9" Intrnl_Id="2188">
<OpTerm BooleanOpId="9" Intrnl_Id="2189">
<OpTerm BooleanOpId="9" Intrnl_Id="2190">
<OpTerm BooleanOpId="9" Intrnl_Id="2191">
<BasicBoolTerm Intrnl_Id="2192">
<LocList>
<Loc EndOffset="16957" SrcFileId="7" StartOffset="16948"/>
</LocList>
</BasicBoolTerm>
<BasicBoolTerm Intrnl_Id="2193">
<LocList>
<Loc EndOffset="16970" SrcFileId="7" StartOffset="16961"/>
</LocList>
</BasicBoolTerm>
<LocList>
<Loc EndOffset="16960" SrcFileId="7" StartOffset="16958"/>
</LocList>
</OpTerm>
<BasicBoolTerm Intrnl_Id="2194">
<LocList>
<Loc EndOffset="16985" SrcFileId="7" StartOffset="16974"/>
</LocList>
</BasicBoolTerm>
<LocList>
<Loc EndOffset="16973" SrcFileId="7" StartOffset="16971"/>
</LocList>
</OpTerm>
<BasicBoolTerm Intrnl_Id="2195">
<LocList>
<Loc EndOffset="17000" SrcFileId="7" StartOffset="16989"/>
</LocList>
</BasicBoolTerm>
<LocList>
<Loc EndOffset="16988" SrcFileId="7" StartOffset="16986"/>
</LocList>
</OpTerm>
<BasicBoolTerm Intrnl_Id="2196">
<LocList>
<Loc EndOffset="17031" SrcFileId="7" StartOffset="17021"/>
</LocList>
</BasicBoolTerm>
<LocList>
<Loc EndOffset="17020" SrcFileId="7" StartOffset="17018"/>
</LocList>
</OpTerm>
<BasicBoolTerm Intrnl_Id="2197">
<LocList>
<Loc EndOffset="17045" SrcFileId="7" StartOffset="17035"/>
</LocList>
</BasicBoolTerm>
<LocList>
<Loc EndOffset="17034" SrcFileId="7" StartOffset="17032"/>
</LocList>
</OpTerm>
</RootTerm>
</CondStmnt>
</StmntSeq>
</Branch>
<Keyword EndOffset="16802" SrcFileId="7" StartOffset="16800"/>
<LocList>
<Loc EndOffset="17419" SrcFileId="7" StartOffset="16800"/>
</LocList>
<RootTerm CovItemId="C66" CovItemPrefix="com.OriginalFiles.Analyze.java" Intrnl_Id="2198">
<OpTerm BooleanOpId="9" Intrnl_Id="2199">
<OpTerm BooleanOpId="9" Intrnl_Id="2200">
<OpTerm BooleanOpId="9" Intrnl_Id="2201">
<OpTerm BooleanOpId="9" Intrnl_Id="2202">
<OpTerm BooleanOpId="9" Intrnl_Id="2203">
<BasicBoolTerm Intrnl_Id="2204">
<LocList>
<Loc EndOffset="16813" SrcFileId="7" StartOffset="16804"/>
</LocList>
</BasicBoolTerm>
<BasicBoolTerm Intrnl_Id="2205">
<LocList>
<Loc EndOffset="16826" SrcFileId="7" StartOffset="16817"/>
</LocList>
</BasicBoolTerm>
<LocList>
<Loc EndOffset="16816" SrcFileId="7" StartOffset="16814"/>
</LocList>
</OpTerm>
<BasicBoolTerm Intrnl_Id="2206">
<LocList>
<Loc EndOffset="16841" SrcFileId="7" StartOffset="16830"/>
</LocList>
</BasicBoolTerm>
<LocList>
<Loc EndOffset="16829" SrcFileId="7" StartOffset="16827"/>
</LocList>
</OpTerm>
<BasicBoolTerm Intrnl_Id="2207">
<LocList>
<Loc EndOffset="16855" SrcFileId="7" StartOffset="16845"/>
</LocList>
</BasicBoolTerm>
<LocList>
<Loc EndOffset="16844" SrcFileId="7" StartOffset="16842"/>
</LocList>
</OpTerm>
<BasicBoolTerm Intrnl_Id="2208">
<LocList>
<Loc EndOffset="16886" SrcFileId="7" StartOffset="16876"/>
</LocList>
</BasicBoolTerm>
<LocList>
<Loc EndOffset="16875" SrcFileId="7" StartOffset="16873"/>
</LocList>
</OpTerm>
<BasicBoolTerm Intrnl_Id="2209">
<LocList>
<Loc EndOffset="16899" SrcFileId="7" StartOffset="16890"/>
</LocList>
</BasicBoolTerm>
<LocList>
<Loc EndOffset="16889" SrcFileId="7" StartOffset="16887"/>
</LocList>
</OpTerm>
</RootTerm>
</CondStmnt>
</StmntSeq>
</HierarchyLvl>
<HierarchyLvl HierarchyLvlId="314" HierarchyLvlTypeId="13" Intrnl_Id="2210" Name="checkForGameHasEnded">
<Header>
<Loc EndOffset="17541" SrcFileId="7" StartOffset="17434"/>
</Header>
<LocList>
<Loc EndOffset="17922" SrcFileId="7" StartOffset="17434"/>
</LocList>
<StmntSeq Intrnl_Id="2211">
<LocList>
<Loc EndOffset="17915" SrcFileId="7" StartOffset="17553"/>
</LocList>
<CondStmnt CovItemId="S215" CovItemPrefix="com.OriginalFiles.Analyze.java" Intrnl_Id="2212">
<Branch CovItemId="B115" CovItemPrefix="com.OriginalFiles.Analyze.java" Implct="false" Intrnl_Id="2213">
<Cond>
<Loc EndOffset="17606" SrcFileId="7" StartOffset="17600"/>
</Cond>
<LocList>
<Loc EndOffset="17681" SrcFileId="7" StartOffset="17621"/>
</LocList>
<StmntSeq Intrnl_Id="2214">
<LocList>
<Loc EndOffset="17655" SrcFileId="7" StartOffset="17621"/>
<Loc EndOffset="17681" SrcFileId="7" StartOffset="17669"/>
</LocList>
<BasicStmnt CovItemId="S216" CovItemPrefix="com.OriginalFiles.Analyze.java" Intrnl_Id="2215">
<LocList>
<Loc EndOffset="17655" SrcFileId="7" StartOffset="17621"/>
</LocList>
</BasicStmnt>
<BasicStmnt CovItemId="S217" CovItemPrefix="com.OriginalFiles.Analyze.java" Intrnl_Id="2216">
<LocList>
<Loc EndOffset="17681" SrcFileId="7" StartOffset="17669"/>
</LocList>
</BasicStmnt>
</StmntSeq>
</Branch>
<Branch CovItemId="B116" CovItemPrefix="com.OriginalFiles.Analyze.java" Implct="false" Intrnl_Id="2217">
<Cond>
<Loc EndOffset="17697" SrcFileId="7" StartOffset="17691"/>
</Cond>
<LocList>
<Loc EndOffset="17772" SrcFileId="7" StartOffset="17712"/>
</LocList>
<StmntSeq Intrnl_Id="2218">
<LocList>
<Loc EndOffset="17746" SrcFileId="7" StartOffset="17712"/>
<Loc EndOffset="17772" SrcFileId="7" StartOffset="17760"/>
</LocList>
<BasicStmnt CovItemId="S218" CovItemPrefix="com.OriginalFiles.Analyze.java" Intrnl_Id="2219">
<LocList>
<Loc EndOffset="17746" SrcFileId="7" StartOffset="17712"/>
</LocList>
</BasicStmnt>
<BasicStmnt CovItemId="S219" CovItemPrefix="com.OriginalFiles.Analyze.java" Intrnl_Id="2220">
<LocList>
<Loc EndOffset="17772" SrcFileId="7" StartOffset="17760"/>
</LocList>
</BasicStmnt>
</StmntSeq>
</Branch>
<Branch CovItemId="B117" CovItemPrefix="com.OriginalFiles.Analyze.java" Implct="false" Intrnl_Id="2221">
<Cond>
<Loc EndOffset="17788" SrcFileId="7" StartOffset="17782"/>
</Cond>
<LocList>
<Loc EndOffset="17859" SrcFileId="7" StartOffset="17803"/>
</LocList>
<StmntSeq Intrnl_Id="2222">
<LocList>
<Loc EndOffset="17833" SrcFileId="7" StartOffset="17803"/>
<Loc EndOffset="17859" SrcFileId="7" StartOffset="17847"/>
</LocList>
<BasicStmnt CovItemId="S220" CovItemPrefix="com.OriginalFiles.Analyze.java" Intrnl_Id="2223">
<LocList>
<Loc EndOffset="17833" SrcFileId="7" StartOffset="17803"/>
</LocList>
</BasicStmnt>
<BasicStmnt CovItemId="S221" CovItemPrefix="com.OriginalFiles.Analyze.java" Intrnl_Id="2224">
<LocList>
<Loc EndOffset="17859" SrcFileId="7" StartOffset="17847"/>
</LocList>
</BasicStmnt>
</StmntSeq>
</Branch>
<Branch CovItemId="B118" CovItemPrefix="com.OriginalFiles.Analyze.java" Implct="false" Intrnl_Id="2225">
<Cond>
<Loc EndOffset="17876" SrcFileId="7" StartOffset="17869"/>
</Cond>
<LocList>
<Loc EndOffset="17904" SrcFileId="7" StartOffset="17891"/>
</LocList>
<StmntSeq Intrnl_Id="2226">
<LocList>
<Loc EndOffset="17904" SrcFileId="7" StartOffset="17891"/>
</LocList>
<BasicStmnt CovItemId="S222" CovItemPrefix="com.OriginalFiles.Analyze.java" Intrnl_Id="2227">
<LocList>
<Loc EndOffset="17904" SrcFileId="7" StartOffset="17891"/>
</LocList>
</BasicStmnt>
</StmntSeq>
</Branch>
<Keyword EndOffset="17559" SrcFileId="7" StartOffset="17553"/>
<LocList>
<Loc EndOffset="17915" SrcFileId="7" StartOffset="17553"/>
</LocList>
</CondStmnt>
</StmntSeq>
</HierarchyLvl>
<HierarchyLvl HierarchyLvlId="315" HierarchyLvlTypeId="13" Intrnl_Id="2228" Name="gameHasEnded">
<Header>
<Loc EndOffset="18090" SrcFileId="7" StartOffset="18042"/>
</Header>
<LocList>
<Loc EndOffset="20142" SrcFileId="7" StartOffset="18042"/>
</LocList>
<StmntSeq Intrnl_Id="2229">
<LocList>
<Loc EndOffset="18134" SrcFileId="7" StartOffset="18102"/>
<Loc EndOffset="18198" SrcFileId="7" StartOffset="18146"/>
<Loc EndOffset="18260" SrcFileId="7" StartOffset="18208"/>
<Loc EndOffset="18302" SrcFileId="7" StartOffset="18270"/>
<Loc EndOffset="18344" SrcFileId="7" StartOffset="18312"/>
<Loc EndOffset="19143" SrcFileId="7" StartOffset="18356"/>
<Loc EndOffset="19258" SrcFileId="7" StartOffset="19155"/>
<Loc EndOffset="19370" SrcFileId="7" StartOffset="19268"/>
<Loc EndOffset="20116" SrcFileId="7" StartOffset="19380"/>
<Loc EndOffset="20135" SrcFileId="7" StartOffset="20126"/>
</LocList>
<BasicStmnt CovItemId="S223" CovItemPrefix="com.OriginalFiles.Analyze.java" Intrnl_Id="2230">
<LocList>
<Loc EndOffset="18134" SrcFileId="7" StartOffset="18102"/>
</LocList>
</BasicStmnt>
<BasicStmnt CovItemId="S224" CovItemPrefix="com.OriginalFiles.Analyze.java" Intrnl_Id="2231">
<LocList>
<Loc EndOffset="18198" SrcFileId="7" StartOffset="18146"/>
</LocList>
</BasicStmnt>
<BasicStmnt CovItemId="S225" CovItemPrefix="com.OriginalFiles.Analyze.java" Intrnl_Id="2232">
<LocList>
<Loc EndOffset="18260" SrcFileId="7" StartOffset="18208"/>
</LocList>
</BasicStmnt>
<BasicStmnt CovItemId="S226" CovItemPrefix="com.OriginalFiles.Analyze.java" Intrnl_Id="2233">
<LocList>
<Loc EndOffset="18302" SrcFileId="7" StartOffset="18270"/>
</LocList>
</BasicStmnt>
<BasicStmnt CovItemId="S227" CovItemPrefix="com.OriginalFiles.Analyze.java" Intrnl_Id="2234">
<LocList>
<Loc EndOffset="18344" SrcFileId="7" StartOffset="18312"/>
</LocList>
</BasicStmnt>
<LoopStmnt CovItemId="S228" CovItemPrefix="com.OriginalFiles.Analyze.java" Intrnl_Id="2235" MltplExecId="L16-2" MltplExecPrefix="com.OriginalFiles.Analyze.java" NvrExecId="L16-0" NvrExecPrefix="com.OriginalFiles.Analyze.java" OnceExecutedId="L16-1" OnceExecutedPrefix="com.OriginalFiles.Analyze.java" OptBodyExec="true">
<StmntSeq Intrnl_Id="2236">
<LocList>
<Loc EndOffset="19132" SrcFileId="7" StartOffset="18411"/>
</LocList>
<LoopStmnt CovItemId="S229" CovItemPrefix="com.OriginalFiles.Analyze.java" Intrnl_Id="2237" MltplExecId="L17-2" MltplExecPrefix="com.OriginalFiles.Analyze.java" NvrExecId="L17-0" NvrExecPrefix="com.OriginalFiles.Analyze.java" OnceExecutedId="L17-1" OnceExecutedPrefix="com.OriginalFiles.Analyze.java" OptBodyExec="true">
<StmntSeq Intrnl_Id="2238">
<LocList>
<Loc EndOffset="19117" SrcFileId="7" StartOffset="18452"/>
</LocList>
<CondStmnt CovItemId="S230" CovItemPrefix="com.OriginalFiles.Analyze.java" Intrnl_Id="2239">
<Branch CovItemId="B119" CovItemPrefix="com.OriginalFiles.Analyze.java" Implct="false" Intrnl_Id="2240">
<Cond/>
<LocList>
<Loc EndOffset="19117" SrcFileId="7" StartOffset="18474"/>
</LocList>
<StmntSeq Intrnl_Id="2241">
<LocList>
<Loc EndOffset="18786" SrcFileId="7" StartOffset="18497"/>
<Loc EndOffset="19098" SrcFileId="7" StartOffset="18808"/>
</LocList>
<CondStmnt CovItemId="S231" CovItemPrefix="com.OriginalFiles.Analyze.java" Intrnl_Id="2242">
<Branch CovItemId="B121" CovItemPrefix="com.OriginalFiles.Analyze.java" Implct="false" Intrnl_Id="2243">
<Cond/>
<LocList>
<Loc EndOffset="18786" SrcFileId="7" StartOffset="18545"/>
</LocList>
<StmntSeq Intrnl_Id="2244">
<LocList>
<Loc EndOffset="18616" SrcFileId="7" StartOffset="18572"/>
<Loc EndOffset="18763" SrcFileId="7" StartOffset="18642"/>
</LocList>
<BasicStmnt CovItemId="S232" CovItemPrefix="com.OriginalFiles.Analyze.java" Intrnl_Id="2245">
<LocList>
<Loc EndOffset="18616" SrcFileId="7" StartOffset="18572"/>
</LocList>
</BasicStmnt>
<CondStmnt CovItemId="S233" CovItemPrefix="com.OriginalFiles.Analyze.java" Intrnl_Id="2246">
<Branch CovItemId="B123" CovItemPrefix="com.OriginalFiles.Analyze.java" Implct="false" Intrnl_Id="2247">
<Cond/>
<LocList>
<Loc EndOffset="18763" SrcFileId="7" StartOffset="18682"/>
</LocList>
<StmntSeq Intrnl_Id="2248">
<LocList>
<Loc EndOffset="18736" SrcFileId="7" StartOffset="18713"/>
</LocList>
<BasicStmnt CovItemId="S234" CovItemPrefix="com.OriginalFiles.Analyze.java" Intrnl_Id="2249">
<LocList>
<Loc EndOffset="18736" SrcFileId="7" StartOffset="18713"/>
</LocList>
</BasicStmnt>
</StmntSeq>
</Branch>
<Branch CovItemId="B124" CovItemPrefix="com.OriginalFiles.Analyze.java" Implct="true" Intrnl_Id="2250">
<Cond/>
<LocList/>
<StmntSeq Intrnl_Id="2251">
<LocList/>
</StmntSeq>
</Branch>
<Keyword EndOffset="18644" SrcFileId="7" StartOffset="18642"/>
<LocList>
<Loc EndOffset="18763" SrcFileId="7" StartOffset="18642"/>
</LocList>
<RootTerm CovItemId="C72" CovItemPrefix="com.OriginalFiles.Analyze.java" Intrnl_Id="2252">
<BasicBoolTerm Intrnl_Id="2253">
<LocList>
<Loc EndOffset="18680" SrcFileId="7" StartOffset="18646"/>
</LocList>
</BasicBoolTerm>
</RootTerm>
</CondStmnt>
</StmntSeq>
</Branch>
<Branch CovItemId="B122" CovItemPrefix="com.OriginalFiles.Analyze.java" Implct="true" Intrnl_Id="2254">
<Cond/>
<LocList/>
<StmntSeq Intrnl_Id="2255">
<LocList/>
</StmntSeq>
</Branch>
<Keyword EndOffset="18499" SrcFileId="7" StartOffset="18497"/>
<LocList>
<Loc EndOffset="18786" SrcFileId="7" StartOffset="18497"/>
</LocList>
<RootTerm CovItemId="C71" CovItemPrefix="com.OriginalFiles.Analyze.java" Intrnl_Id="2256">
<BasicBoolTerm Intrnl_Id="2257">
<LocList>
<Loc EndOffset="18543" SrcFileId="7" StartOffset="18501"/>
</LocList>
</BasicBoolTerm>
</RootTerm>
</CondStmnt>
<CondStmnt CovItemId="S235" CovItemPrefix="com.OriginalFiles.Analyze.java" Intrnl_Id="2258">
<Branch CovItemId="B125" CovItemPrefix="com.OriginalFiles.Analyze.java" Implct="false" Intrnl_Id="2259">
<Cond/>
<LocList>
<Loc EndOffset="19098" SrcFileId="7" StartOffset="18857"/>
</LocList>
<StmntSeq Intrnl_Id="2260">
<LocList>
<Loc EndOffset="18928" SrcFileId="7" StartOffset="18884"/>
<Loc EndOffset="19075" SrcFileId="7" StartOffset="18954"/>
</LocList>
<BasicStmnt CovItemId="S236" CovItemPrefix="com.OriginalFiles.Analyze.java" Intrnl_Id="2261">
<LocList>
<Loc EndOffset="18928" SrcFileId="7" StartOffset="18884"/>
</LocList>
</BasicStmnt>
<CondStmnt CovItemId="S237" CovItemPrefix="com.OriginalFiles.Analyze.java" Intrnl_Id="2262">
<Branch CovItemId="B127" CovItemPrefix="com.OriginalFiles.Analyze.java" Implct="false" Intrnl_Id="2263">
<Cond/>
<LocList>
<Loc EndOffset="19075" SrcFileId="7" StartOffset="18994"/>
</LocList>
<StmntSeq Intrnl_Id="2264">
<LocList>
<Loc EndOffset="19048" SrcFileId="7" StartOffset="19025"/>
</LocList>
<BasicStmnt CovItemId="S238" CovItemPrefix="com.OriginalFiles.Analyze.java" Intrnl_Id="2265">
<LocList>
<Loc EndOffset="19048" SrcFileId="7" StartOffset="19025"/>
</LocList>
</BasicStmnt>
</StmntSeq>
</Branch>
<Branch CovItemId="B128" CovItemPrefix="com.OriginalFiles.Analyze.java" Implct="true" Intrnl_Id="2266">
<Cond/>
<LocList/>
<StmntSeq Intrnl_Id="2267">
<LocList/>
</StmntSeq>
</Branch>
<Keyword EndOffset="18956" SrcFileId="7" StartOffset="18954"/>
<LocList>
<Loc EndOffset="19075" SrcFileId="7" StartOffset="18954"/>
</LocList>
<RootTerm CovItemId="C74" CovItemPrefix="com.OriginalFiles.Analyze.java" Intrnl_Id="2268">
<BasicBoolTerm Intrnl_Id="2269">
<LocList>
<Loc EndOffset="18992" SrcFileId="7" StartOffset="18958"/>
</LocList>
</BasicBoolTerm>
</RootTerm>
</CondStmnt>
</StmntSeq>
</Branch>
<Branch CovItemId="B126" CovItemPrefix="com.OriginalFiles.Analyze.java" Implct="true" Intrnl_Id="2270">
<Cond/>
<LocList/>
<StmntSeq Intrnl_Id="2271">
<LocList/>
</StmntSeq>
</Branch>
<Keyword EndOffset="18810" SrcFileId="7" StartOffset="18808"/>
<LocList>
<Loc EndOffset="19098" SrcFileId="7" StartOffset="18808"/>
</LocList>
<RootTerm CovItemId="C73" CovItemPrefix="com.OriginalFiles.Analyze.java" Intrnl_Id="2272">
<BasicBoolTerm Intrnl_Id="2273">
<LocList>
<Loc EndOffset="18855" SrcFileId="7" StartOffset="18812"/>
</LocList>
</BasicBoolTerm>
</RootTerm>
</CondStmnt>
</StmntSeq>
</Branch>
<Branch CovItemId="B120" CovItemPrefix="com.OriginalFiles.Analyze.java" Implct="true" Intrnl_Id="2274">
<Cond/>
<LocList/>
<StmntSeq Intrnl_Id="2275">
<LocList/>
</StmntSeq>
</Branch>
<Keyword EndOffset="18454" SrcFileId="7" StartOffset="18452"/>
<LocList>
<Loc EndOffset="19117" SrcFileId="7" StartOffset="18452"/>
</LocList>
<RootTerm CovItemId="C70" CovItemPrefix="com.OriginalFiles.Analyze.java" Intrnl_Id="2276">
<OpTerm BooleanOpId="8" Intrnl_Id="2277">
<BasicBoolTerm Intrnl_Id="2278">
<LocList>
<Loc EndOffset="18472" SrcFileId="7" StartOffset="18457"/>
</LocList>
</BasicBoolTerm>
<LocList>
<Loc EndOffset="18457" SrcFileId="7" StartOffset="18456"/>
</LocList>
</OpTerm>
</RootTerm>
</CondStmnt>
</StmntSeq>
<Keyword EndOffset="18414" SrcFileId="7" StartOffset="18411"/>
<LocList>
<Loc EndOffset="19132" SrcFileId="7" StartOffset="18411"/>
</LocList>
</LoopStmnt>
</StmntSeq>
<Keyword EndOffset="18359" SrcFileId="7" StartOffset="18356"/>
<LocList>
<Loc EndOffset="19143" SrcFileId="7" StartOffset="18356"/>
</LocList>
</LoopStmnt>
<CondStmnt CovItemId="S239" CovItemPrefix="com.OriginalFiles.Analyze.java" Intrnl_Id="2279">
<Branch CovItemId="B129" CovItemPrefix="com.OriginalFiles.Analyze.java" Implct="false" Intrnl_Id="2280">
<Cond/>
<LocList>
<Loc EndOffset="19258" SrcFileId="7" StartOffset="19223"/>
</LocList>
<StmntSeq Intrnl_Id="2281">
<LocList>
<Loc EndOffset="19247" SrcFileId="7" StartOffset="19238"/>
</LocList>
<BasicStmnt CovItemId="S240" CovItemPrefix="com.OriginalFiles.Analyze.java" Intrnl_Id="2282">
<LocList>
<Loc EndOffset="19247" SrcFileId="7" StartOffset="19238"/>
</LocList>
</BasicStmnt>
</StmntSeq>
</Branch>
<Branch CovItemId="B130" CovItemPrefix="com.OriginalFiles.Analyze.java" Implct="true" Intrnl_Id="2283">
<Cond/>
<LocList/>
<StmntSeq Intrnl_Id="2284">
<LocList/>
</StmntSeq>
</Branch>
<Keyword EndOffset="19157" SrcFileId="7" StartOffset="19155"/>
<LocList>
<Loc EndOffset="19258" SrcFileId="7" StartOffset="19155"/>
</LocList>
<RootTerm CovItemId="C75" CovItemPrefix="com.OriginalFiles.Analyze.java" Intrnl_Id="2285">
<OpTerm BooleanOpId="10" Intrnl_Id="2286">
<BasicBoolTerm Intrnl_Id="2287">
<LocList>
<Loc EndOffset="19185" SrcFileId="7" StartOffset="19159"/>
</LocList>
</BasicBoolTerm>
<OpTerm BooleanOpId="9" Intrnl_Id="2288">
<OpTerm BooleanOpId="8" Intrnl_Id="2289">
<BasicBoolTerm Intrnl_Id="2290">
<LocList>
<Loc EndOffset="19200" SrcFileId="7" StartOffset="19191"/>
</LocList>
</BasicBoolTerm>
<LocList>
<Loc EndOffset="19191" SrcFileId="7" StartOffset="19190"/>
</LocList>
</OpTerm>
<OpTerm BooleanOpId="8" Intrnl_Id="2291">
<BasicBoolTerm Intrnl_Id="2292">
<LocList>
<Loc EndOffset="19220" SrcFileId="7" StartOffset="19205"/>
</LocList>
</BasicBoolTerm>
<LocList>
<Loc EndOffset="19205" SrcFileId="7" StartOffset="19204"/>
</LocList>
</OpTerm>
<LocList>
<Loc EndOffset="19203" SrcFileId="7" StartOffset="19201"/>
</LocList>
</OpTerm>
<LocList>
<Loc EndOffset="19188" SrcFileId="7" StartOffset="19186"/>
</LocList>
</OpTerm>
</RootTerm>
</CondStmnt>
<CondStmnt CovItemId="S241" CovItemPrefix="com.OriginalFiles.Analyze.java" Intrnl_Id="2293">
<Branch CovItemId="B131" CovItemPrefix="com.OriginalFiles.Analyze.java" Implct="false" Intrnl_Id="2294">
<Cond/>
<LocList>
<Loc EndOffset="19370" SrcFileId="7" StartOffset="19335"/>
</LocList>
<StmntSeq Intrnl_Id="2295">
<LocList>
<Loc EndOffset="19359" SrcFileId="7" StartOffset="19350"/>
</LocList>
<BasicStmnt CovItemId="S242" CovItemPrefix="com.OriginalFiles.Analyze.java" Intrnl_Id="2296">
<LocList>
<Loc EndOffset="19359" SrcFileId="7" StartOffset="19350"/>
</LocList>
</BasicStmnt>
</StmntSeq>
</Branch>
<Branch CovItemId="B132" CovItemPrefix="com.OriginalFiles.Analyze.java" Implct="true" Intrnl_Id="2297">
<Cond/>
<LocList/>
<StmntSeq Intrnl_Id="2298">
<LocList/>
</StmntSeq>
</Branch>
<Keyword EndOffset="19270" SrcFileId="7" StartOffset="19268"/>
<LocList>
<Loc EndOffset="19370" SrcFileId="7" StartOffset="19268"/>
</LocList>
<RootTerm CovItemId="C76" CovItemPrefix="com.OriginalFiles.Analyze.java" Intrnl_Id="2299">
<OpTerm BooleanOpId="10" Intrnl_Id="2300">
<BasicBoolTerm Intrnl_Id="2301">
<LocList>
<Loc EndOffset="19298" SrcFileId="7" StartOffset="19272"/>
</LocList>
</BasicBoolTerm>
<OpTerm BooleanOpId="9" Intrnl_Id="2302">
<BasicBoolTerm Intrnl_Id="2303">
<LocList>
<Loc EndOffset="19312" SrcFileId="7" StartOffset="19303"/>
</LocList>
</BasicBoolTerm>
<OpTerm BooleanOpId="8" Intrnl_Id="2304">
<BasicBoolTerm Intrnl_Id="2305">
<LocList>
<Loc EndOffset="19332" SrcFileId="7" StartOffset="19317"/>
</LocList>
</BasicBoolTerm>
<LocList>
<Loc EndOffset="19317" SrcFileId="7" StartOffset="19316"/>
</LocList>
</OpTerm>
<LocList>
<Loc EndOffset="19315" SrcFileId="7" StartOffset="19313"/>
</LocList>
</OpTerm>
<LocList>
<Loc EndOffset="19301" SrcFileId="7" StartOffset="19299"/>
</LocList>
</OpTerm>
</RootTerm>
</CondStmnt>
<CondStmnt CovItemId="S243" CovItemPrefix="com.OriginalFiles.Analyze.java" Intrnl_Id="2306">
<Branch CovItemId="B133" CovItemPrefix="com.OriginalFiles.Analyze.java" Implct="false" Intrnl_Id="2307">
<Cond/>
<LocList>
<Loc EndOffset="20116" SrcFileId="7" StartOffset="19442"/>
</LocList>
<StmntSeq Intrnl_Id="2308">
<LocList>
<Loc EndOffset="20105" SrcFileId="7" StartOffset="19457"/>
</LocList>
<CondStmnt CovItemId="S244" CovItemPrefix="com.OriginalFiles.Analyze.java" Intrnl_Id="2309">
<Branch CovItemId="B135" CovItemPrefix="com.OriginalFiles.Analyze.java" Implct="false" Intrnl_Id="2310">
<Cond/>
<LocList>
<Loc EndOffset="20105" SrcFileId="7" StartOffset="19550"/>
</LocList>
<StmntSeq Intrnl_Id="2311">
<LocList>
<Loc EndOffset="19660" SrcFileId="7" StartOffset="19569"/>
<Loc EndOffset="19769" SrcFileId="7" StartOffset="19678"/>
<Loc EndOffset="20090" SrcFileId="7" StartOffset="19787"/>
</LocList>
<BasicStmnt CovItemId="S245" CovItemPrefix="com.OriginalFiles.Analyze.java" Intrnl_Id="2312">
<LocList>
<Loc EndOffset="19660" SrcFileId="7" StartOffset="19569"/>
</LocList>
</BasicStmnt>
<BasicStmnt CovItemId="S246" CovItemPrefix="com.OriginalFiles.Analyze.java" Intrnl_Id="2313">
<LocList>
<Loc EndOffset="19769" SrcFileId="7" StartOffset="19678"/>
</LocList>
</BasicStmnt>
<CondStmnt CovItemId="S247" CovItemPrefix="com.OriginalFiles.Analyze.java" Intrnl_Id="2314">
<Branch CovItemId="B137" CovItemPrefix="com.OriginalFiles.Analyze.java" Implct="false" Intrnl_Id="2315">
<Cond/>
<LocList>
<Loc EndOffset="20090" SrcFileId="7" StartOffset="19825"/>
</LocList>
<StmntSeq Intrnl_Id="2316">
<LocList>
<Loc EndOffset="20071" SrcFileId="7" StartOffset="19848"/>
</LocList>
<CondStmnt CovItemId="S248" CovItemPrefix="com.OriginalFiles.Analyze.java" Intrnl_Id="2317">
<Branch CovItemId="B139" CovItemPrefix="com.OriginalFiles.Analyze.java" Implct="false" Intrnl_Id="2318">
<Cond/>
<LocList>
<Loc EndOffset="19956" SrcFileId="7" StartOffset="19897"/>
</LocList>
<StmntSeq Intrnl_Id="2319">
<LocList>
<Loc EndOffset="19933" SrcFileId="7" StartOffset="19924"/>
</LocList>
<BasicStmnt CovItemId="S249" CovItemPrefix="com.OriginalFiles.Analyze.java" Intrnl_Id="2320">
<LocList>
<Loc EndOffset="19933" SrcFileId="7" StartOffset="19924"/>
</LocList>
</BasicStmnt>
</StmntSeq>
</Branch>
<Branch CovItemId="B140" CovItemPrefix="com.OriginalFiles.Analyze.java" Implct="false" Intrnl_Id="2321">
<Cond>
<Loc EndOffset="19961" SrcFileId="7" StartOffset="19957"/>
</Cond>
<LocList>
<Loc EndOffset="20071" SrcFileId="7" StartOffset="19962"/>
</LocList>
<StmntSeq Intrnl_Id="2322">
<LocList>
<Loc EndOffset="20071" SrcFileId="7" StartOffset="19962"/>
</LocList>
<CondStmnt CovItemId="S250" CovItemPrefix="com.OriginalFiles.Analyze.java" Intrnl_Id="2323">
<Branch CovItemId="B141" CovItemPrefix="com.OriginalFiles.Analyze.java" Implct="false" Intrnl_Id="2324">
<Cond/>
<LocList>
<Loc EndOffset="20071" SrcFileId="7" StartOffset="20012"/>
</LocList>
<StmntSeq Intrnl_Id="2325">
<LocList>
<Loc EndOffset="20048" SrcFileId="7" StartOffset="20039"/>
</LocList>
<BasicStmnt CovItemId="S251" CovItemPrefix="com.OriginalFiles.Analyze.java" Intrnl_Id="2326">
<LocList>
<Loc EndOffset="20048" SrcFileId="7" StartOffset="20039"/>
</LocList>
</BasicStmnt>
</StmntSeq>
</Branch>
<Branch CovItemId="B142" CovItemPrefix="com.OriginalFiles.Analyze.java" Implct="true" Intrnl_Id="2327">
<Cond/>
<LocList/>
<StmntSeq Intrnl_Id="2328">
<LocList/>
</StmntSeq>
</Branch>
<Keyword EndOffset="19964" SrcFileId="7" StartOffset="19962"/>
<LocList>
<Loc EndOffset="20071" SrcFileId="7" StartOffset="19962"/>
</LocList>
<RootTerm CovItemId="C81" CovItemPrefix="com.OriginalFiles.Analyze.java" Intrnl_Id="2329">
<OpTerm BooleanOpId="9" Intrnl_Id="2330">
<OpTerm BooleanOpId="8" Intrnl_Id="2331">
<BasicBoolTerm Intrnl_Id="2332">
<LocList>
<Loc EndOffset="19976" SrcFileId="7" StartOffset="19967"/>
</LocList>
</BasicBoolTerm>
<LocList>
<Loc EndOffset="19967" SrcFileId="7" StartOffset="19966"/>
</LocList>
</OpTerm>
<OpTerm BooleanOpId="8" Intrnl_Id="2333">
<BasicBoolTerm Intrnl_Id="2334">
<LocList>
<Loc EndOffset="20010" SrcFileId="7" StartOffset="19981"/>
</LocList>
</BasicBoolTerm>
<LocList>
<Loc EndOffset="19981" SrcFileId="7" StartOffset="19980"/>
</LocList>
</OpTerm>
<LocList>
<Loc EndOffset="19979" SrcFileId="7" StartOffset="19977"/>
</LocList>
</OpTerm>
</RootTerm>
</CondStmnt>
</StmntSeq>
</Branch>
<Keyword EndOffset="19850" SrcFileId="7" StartOffset="19848"/>
<LocList>
<Loc EndOffset="20071" SrcFileId="7" StartOffset="19848"/>
</LocList>
<RootTerm CovItemId="C80" CovItemPrefix="com.OriginalFiles.Analyze.java" Intrnl_Id="2335">
<OpTerm BooleanOpId="9" Intrnl_Id="2336">
<BasicBoolTerm Intrnl_Id="2337">
<LocList>
<Loc EndOffset="19861" SrcFileId="7" StartOffset="19852"/>
</LocList>
</BasicBoolTerm>
<OpTerm BooleanOpId="8" Intrnl_Id="2338">
<BasicBoolTerm Intrnl_Id="2339">
<LocList>
<Loc EndOffset="19895" SrcFileId="7" StartOffset="19866"/>
</LocList>
</BasicBoolTerm>
<LocList>
<Loc EndOffset="19866" SrcFileId="7" StartOffset="19865"/>
</LocList>
</OpTerm>
<LocList>
<Loc EndOffset="19864" SrcFileId="7" StartOffset="19862"/>
</LocList>
</OpTerm>
</RootTerm>
</CondStmnt>
</StmntSeq>
</Branch>
<Branch CovItemId="B138" CovItemPrefix="com.OriginalFiles.Analyze.java" Implct="true" Intrnl_Id="2340">
<Cond/>
<LocList/>
<StmntSeq Intrnl_Id="2341">
<LocList/>
</StmntSeq>
</Branch>
<Keyword EndOffset="19789" SrcFileId="7" StartOffset="19787"/>
<LocList>
<Loc EndOffset="20090" SrcFileId="7" StartOffset="19787"/>
</LocList>
<RootTerm CovItemId="C79" CovItemPrefix="com.OriginalFiles.Analyze.java" Intrnl_Id="2342">
<OpTerm BooleanOpId="10" Intrnl_Id="2343">
<BasicBoolTerm Intrnl_Id="2344">
<LocList>
<Loc EndOffset="19805" SrcFileId="7" StartOffset="19791"/>
</LocList>
</BasicBoolTerm>
<BasicBoolTerm Intrnl_Id="2345">
<LocList>
<Loc EndOffset="19823" SrcFileId="7" StartOffset="19809"/>
</LocList>
</BasicBoolTerm>
<LocList>
<Loc EndOffset="19808" SrcFileId="7" StartOffset="19806"/>
</LocList>
</OpTerm>
</RootTerm>
</CondStmnt>
</StmntSeq>
</Branch>
<Branch CovItemId="B136" CovItemPrefix="com.OriginalFiles.Analyze.java" Implct="true" Intrnl_Id="2346">
<Cond/>
<LocList/>
<StmntSeq Intrnl_Id="2347">
<LocList/>
</StmntSeq>
</Branch>
<Keyword EndOffset="19459" SrcFileId="7" StartOffset="19457"/>
<LocList>
<Loc EndOffset="20105" SrcFileId="7" StartOffset="19457"/>
</LocList>
<RootTerm CovItemId="C78" CovItemPrefix="com.OriginalFiles.Analyze.java" Intrnl_Id="2348">
<OpTerm BooleanOpId="9" Intrnl_Id="2349">
<BasicBoolTerm Intrnl_Id="2350">
<LocList>
<Loc EndOffset="19492" SrcFileId="7" StartOffset="19461"/>
</LocList>
</BasicBoolTerm>
<BasicBoolTerm Intrnl_Id="2351">
<LocList>
<Loc EndOffset="19548" SrcFileId="7" StartOffset="19517"/>
</LocList>
</BasicBoolTerm>
<LocList>
<Loc EndOffset="19516" SrcFileId="7" StartOffset="19514"/>
</LocList>
</OpTerm>
</RootTerm>
</CondStmnt>
</StmntSeq>
</Branch>
<Branch CovItemId="B134" CovItemPrefix="com.OriginalFiles.Analyze.java" Implct="true" Intrnl_Id="2352">
<Cond/>
<LocList/>
<StmntSeq Intrnl_Id="2353">
<LocList/>
</StmntSeq>
</Branch>
<Keyword EndOffset="19382" SrcFileId="7" StartOffset="19380"/>
<LocList>
<Loc EndOffset="20116" SrcFileId="7" StartOffset="19380"/>
</LocList>
<RootTerm CovItemId="C77" CovItemPrefix="com.OriginalFiles.Analyze.java" Intrnl_Id="2354">
<OpTerm BooleanOpId="9" Intrnl_Id="2355">
<BasicBoolTerm Intrnl_Id="2356">
<LocList>
<Loc EndOffset="19410" SrcFileId="7" StartOffset="19384"/>
</LocList>
</BasicBoolTerm>
<BasicBoolTerm Intrnl_Id="2357">
<LocList>
<Loc EndOffset="19440" SrcFileId="7" StartOffset="19414"/>
</LocList>
</BasicBoolTerm>
<LocList>
<Loc EndOffset="19413" SrcFileId="7" StartOffset="19411"/>
</LocList>
</OpTerm>
</RootTerm>
</CondStmnt>
<BasicStmnt CovItemId="S252" CovItemPrefix="com.OriginalFiles.Analyze.java" Intrnl_Id="2358">
<LocList>
<Loc EndOffset="20135" SrcFileId="7" StartOffset="20126"/>
</LocList>
</BasicStmnt>
</StmntSeq>
</HierarchyLvl>
<HierarchyLvl HierarchyLvlId="316" HierarchyLvlTypeId="13" Intrnl_Id="2359" Name="hasTheMove">
<Header>
<Loc EndOffset="20244" SrcFileId="7" StartOffset="20150"/>
</Header>
<LocList>
<Loc EndOffset="20999" SrcFileId="7" StartOffset="20150"/>
</LocList>
<StmntSeq Intrnl_Id="2360">
<LocList>
<Loc EndOffset="20275" SrcFileId="7" StartOffset="20256"/>
<Loc EndOffset="20969" SrcFileId="7" StartOffset="20285"/>
<Loc EndOffset="20992" SrcFileId="7" StartOffset="20979"/>
</LocList>
<BasicStmnt CovItemId="S253" CovItemPrefix="com.OriginalFiles.Analyze.java" Intrnl_Id="2361">
<LocList>
<Loc EndOffset="20275" SrcFileId="7" StartOffset="20256"/>
</LocList>
</BasicStmnt>
<CondStmnt CovItemId="S254" CovItemPrefix="com.OriginalFiles.Analyze.java" Intrnl_Id="2362">
<Branch CovItemId="B143" CovItemPrefix="com.OriginalFiles.Analyze.java" Implct="false" Intrnl_Id="2363">
<Cond/>
<LocList>
<Loc EndOffset="20798" SrcFileId="7" StartOffset="20317"/>
</LocList>
<StmntSeq Intrnl_Id="2364">
<LocList>
<Loc EndOffset="20398" SrcFileId="7" StartOffset="20332"/>
<Loc EndOffset="20433" SrcFileId="7" StartOffset="20414"/>
<Loc EndOffset="20700" SrcFileId="7" StartOffset="20449"/>
<Loc EndOffset="20787" SrcFileId="7" StartOffset="20716"/>
</LocList>
<CondStmnt CovItemId="S255" CovItemPrefix="com.OriginalFiles.Analyze.java" Intrnl_Id="2365">
<Branch CovItemId="B145" CovItemPrefix="com.OriginalFiles.Analyze.java" Implct="false" Intrnl_Id="2366">
<Cond/>
<LocList>
<Loc EndOffset="20398" SrcFileId="7" StartOffset="20349"/>
</LocList>
<StmntSeq Intrnl_Id="2367">
<LocList>
<Loc EndOffset="20383" SrcFileId="7" StartOffset="20368"/>
</LocList>
<BasicStmnt CovItemId="S256" CovItemPrefix="com.OriginalFiles.Analyze.java" Intrnl_Id="2368">
<LocList>
<Loc EndOffset="20383" SrcFileId="7" StartOffset="20368"/>
</LocList>
</BasicStmnt>
</StmntSeq>
</Branch>
<Branch CovItemId="B146" CovItemPrefix="com.OriginalFiles.Analyze.java" Implct="true" Intrnl_Id="2369">
<Cond/>
<LocList/>
<StmntSeq Intrnl_Id="2370">
<LocList/>
</StmntSeq>
</Branch>
<Keyword EndOffset="20334" SrcFileId="7" StartOffset="20332"/>
<LocList>
<Loc EndOffset="20398" SrcFileId="7" StartOffset="20332"/>
</LocList>
<RootTerm CovItemId="C83" CovItemPrefix="com.OriginalFiles.Analyze.java" Intrnl_Id="2371">
<OpTerm BooleanOpId="8" Intrnl_Id="2372">
<BasicBoolTerm Intrnl_Id="2373">
<LocList>
<Loc EndOffset="20347" SrcFileId="7" StartOffset="20337"/>
</LocList>
</BasicBoolTerm>
<LocList>
<Loc EndOffset="20337" SrcFileId="7" StartOffset="20336"/>
</LocList>
</OpTerm>
</RootTerm>
</CondStmnt>
<BasicStmnt CovItemId="S257" CovItemPrefix="com.OriginalFiles.Analyze.java" Intrnl_Id="2374">
<LocList>
<Loc EndOffset="20433" SrcFileId="7" StartOffset="20414"/>
</LocList>
</BasicStmnt>
<LoopStmnt CovItemId="S258" CovItemPrefix="com.OriginalFiles.Analyze.java" Intrnl_Id="2375" MltplExecId="L18-2" MltplExecPrefix="com.OriginalFiles.Analyze.java" NvrExecId="L18-0" NvrExecPrefix="com.OriginalFiles.Analyze.java" OnceExecutedId="L18-1" OnceExecutedPrefix="com.OriginalFiles.Analyze.java" OptBodyExec="true">
<StmntSeq Intrnl_Id="2376">
<LocList>
<Loc EndOffset="20685" SrcFileId="7" StartOffset="20508"/>
</LocList>
<LoopStmnt CovItemId="S259" CovItemPrefix="com.OriginalFiles.Analyze.java" Intrnl_Id="2377" MltplExecId="L19-2" MltplExecPrefix="com.OriginalFiles.Analyze.java" NvrExecId="L19-0" NvrExecPrefix="com.OriginalFiles.Analyze.java" OnceExecutedId="L19-1" OnceExecutedPrefix="com.OriginalFiles.Analyze.java" OptBodyExec="true">
<StmntSeq Intrnl_Id="2378">
<LocList>
<Loc EndOffset="20666" SrcFileId="7" StartOffset="20559"/>
</LocList>
<CondStmnt CovItemId="S260" CovItemPrefix="com.OriginalFiles.Analyze.java" Intrnl_Id="2379">
<Branch CovItemId="B147" CovItemPrefix="com.OriginalFiles.Analyze.java" Implct="false" Intrnl_Id="2380">
<Cond/>
<LocList>
<Loc EndOffset="20666" SrcFileId="7" StartOffset="20603"/>
</LocList>
<StmntSeq Intrnl_Id="2381">
<LocList>
<Loc EndOffset="20643" SrcFileId="7" StartOffset="20630"/>
</LocList>
<BasicStmnt CovItemId="S261" CovItemPrefix="com.OriginalFiles.Analyze.java" Intrnl_Id="2382">
<LocList>
<Loc EndOffset="20643" SrcFileId="7" StartOffset="20630"/>
</LocList>
</BasicStmnt>
</StmntSeq>
</Branch>
<Branch CovItemId="B148" CovItemPrefix="com.OriginalFiles.Analyze.java" Implct="true" Intrnl_Id="2383">
<Cond/>
<LocList/>
<StmntSeq Intrnl_Id="2384">
<LocList/>
</StmntSeq>
</Branch>
<Keyword EndOffset="20561" SrcFileId="7" StartOffset="20559"/>
<LocList>
<Loc EndOffset="20666" SrcFileId="7" StartOffset="20559"/>
</LocList>
<RootTerm CovItemId="C86" CovItemPrefix="com.OriginalFiles.Analyze.java" Intrnl_Id="2385">
<OpTerm BooleanOpId="8" Intrnl_Id="2386">
<BasicBoolTerm Intrnl_Id="2387">
<LocList>
<Loc EndOffset="20601" SrcFileId="7" StartOffset="20564"/>
</LocList>
</BasicBoolTerm>
<LocList>
<Loc EndOffset="20564" SrcFileId="7" StartOffset="20563"/>
</LocList>
</OpTerm>
</RootTerm>
</CondStmnt>
</StmntSeq>
<Keyword EndOffset="20511" SrcFileId="7" StartOffset="20508"/>
<LocList>
<Loc EndOffset="20685" SrcFileId="7" StartOffset="20508"/>
</LocList>
<RootTerm CovItemId="C85" CovItemPrefix="com.OriginalFiles.Analyze.java" Intrnl_Id="2388">
<BasicBoolTerm Intrnl_Id="2389">
<LocList>
<Loc EndOffset="20529" SrcFileId="7" StartOffset="20524"/>
</LocList>
</BasicBoolTerm>
</RootTerm>
</LoopStmnt>
</StmntSeq>
<Keyword EndOffset="20452" SrcFileId="7" StartOffset="20449"/>
<LocList>
<Loc EndOffset="20700" SrcFileId="7" StartOffset="20449"/>
</LocList>
<RootTerm CovItemId="C84" CovItemPrefix="com.OriginalFiles.Analyze.java" Intrnl_Id="2390">
<BasicBoolTerm Intrnl_Id="2391">
<LocList>
<Loc EndOffset="20479" SrcFileId="7" StartOffset="20474"/>
</LocList>
</BasicBoolTerm>
</RootTerm>
</LoopStmnt>
<CondStmnt CovItemId="S262" CovItemPrefix="com.OriginalFiles.Analyze.java" Intrnl_Id="2392">
<Branch CovItemId="B149" CovItemPrefix="com.OriginalFiles.Analyze.java" Implct="false" Intrnl_Id="2393">
<Cond/>
<LocList>
<Loc EndOffset="20787" SrcFileId="7" StartOffset="20741"/>
</LocList>
<StmntSeq Intrnl_Id="2394">
<LocList>
<Loc EndOffset="20772" SrcFileId="7" StartOffset="20760"/>
</LocList>
<BasicStmnt CovItemId="S263" CovItemPrefix="com.OriginalFiles.Analyze.java" Intrnl_Id="2395">
<LocList>
<Loc EndOffset="20772" SrcFileId="7" StartOffset="20760"/>
</LocList>
</BasicStmnt>
</StmntSeq>
</Branch>
<Branch CovItemId="B150" CovItemPrefix="com.OriginalFiles.Analyze.java" Implct="true" Intrnl_Id="2396">
<Cond/>
<LocList/>
<StmntSeq Intrnl_Id="2397">
<LocList/>
</StmntSeq>
</Branch>
<Keyword EndOffset="20718" SrcFileId="7" StartOffset="20716"/>
<LocList>
<Loc EndOffset="20787" SrcFileId="7" StartOffset="20716"/>
</LocList>
<RootTerm CovItemId="C87" CovItemPrefix="com.OriginalFiles.Analyze.java" Intrnl_Id="2398">
<BasicBoolTerm Intrnl_Id="2399">
<LocList>
<Loc EndOffset="20739" SrcFileId="7" StartOffset="20720"/>
</LocList>
</BasicBoolTerm>
</RootTerm>
</CondStmnt>
</StmntSeq>
</Branch>
<Branch CovItemId="B144" CovItemPrefix="com.OriginalFiles.Analyze.java" Implct="false" Intrnl_Id="2400">
<Cond>
<Loc EndOffset="20803" SrcFileId="7" StartOffset="20799"/>
</Cond>
<LocList>
<Loc EndOffset="20969" SrcFileId="7" StartOffset="20804"/>
</LocList>
<StmntSeq Intrnl_Id="2401">
<LocList>
<Loc EndOffset="20969" SrcFileId="7" StartOffset="20804"/>
</LocList>
<CondStmnt CovItemId="S264" CovItemPrefix="com.OriginalFiles.Analyze.java" Intrnl_Id="2402">
<Branch CovItemId="B151" CovItemPrefix="com.OriginalFiles.Analyze.java" Implct="false" Intrnl_Id="2403">
<Cond/>
<LocList>
<Loc EndOffset="20884" SrcFileId="7" StartOffset="20846"/>
</LocList>
<StmntSeq Intrnl_Id="2404">
<LocList>
<Loc EndOffset="20873" SrcFileId="7" StartOffset="20861"/>
</LocList>
<BasicStmnt CovItemId="S265" CovItemPrefix="com.OriginalFiles.Analyze.java" Intrnl_Id="2405">
<LocList>
<Loc EndOffset="20873" SrcFileId="7" StartOffset="20861"/>
</LocList>
</BasicStmnt>
</StmntSeq>
</Branch>
<Branch CovItemId="B152" CovItemPrefix="com.OriginalFiles.Analyze.java" Implct="false" Intrnl_Id="2406">
<Cond>
<Loc EndOffset="20889" SrcFileId="7" StartOffset="20885"/>
</Cond>
<LocList>
<Loc EndOffset="20969" SrcFileId="7" StartOffset="20890"/>
</LocList>
<StmntSeq Intrnl_Id="2407">
<LocList>
<Loc EndOffset="20969" SrcFileId="7" StartOffset="20890"/>
</LocList>
<CondStmnt CovItemId="S266" CovItemPrefix="com.OriginalFiles.Analyze.java" Intrnl_Id="2408">
<Branch CovItemId="B153" CovItemPrefix="com.OriginalFiles.Analyze.java" Implct="false" Intrnl_Id="2409">
<Cond/>
<LocList>
<Loc EndOffset="20969" SrcFileId="7" StartOffset="20931"/>
</LocList>
<StmntSeq Intrnl_Id="2410">
<LocList>
<Loc EndOffset="20958" SrcFileId="7" StartOffset="20946"/>
</LocList>
<BasicStmnt CovItemId="S267" CovItemPrefix="com.OriginalFiles.Analyze.java" Intrnl_Id="2411">
<LocList>
<Loc EndOffset="20958" SrcFileId="7" StartOffset="20946"/>
</LocList>
</BasicStmnt>
</StmntSeq>
</Branch>
<Branch CovItemId="B154" CovItemPrefix="com.OriginalFiles.Analyze.java" Implct="true" Intrnl_Id="2412">
<Cond/>
<LocList/>
<StmntSeq Intrnl_Id="2413">
<LocList/>
</StmntSeq>
</Branch>
<Keyword EndOffset="20892" SrcFileId="7" StartOffset="20890"/>
<LocList>
<Loc EndOffset="20969" SrcFileId="7" StartOffset="20890"/>
</LocList>
<RootTerm CovItemId="C89" CovItemPrefix="com.OriginalFiles.Analyze.java" Intrnl_Id="2414">
<OpTerm BooleanOpId="9" Intrnl_Id="2415">
<BasicBoolTerm Intrnl_Id="2416">
<LocList>
<Loc EndOffset="20904" SrcFileId="7" StartOffset="20894"/>
</LocList>
</BasicBoolTerm>
<BasicBoolTerm Intrnl_Id="2417">
<LocList>
<Loc EndOffset="20929" SrcFileId="7" StartOffset="20908"/>
</LocList>
</BasicBoolTerm>
<LocList>
<Loc EndOffset="20907" SrcFileId="7" StartOffset="20905"/>
</LocList>
</OpTerm>
</RootTerm>
</CondStmnt>
</StmntSeq>
</Branch>
<Keyword EndOffset="20806" SrcFileId="7" StartOffset="20804"/>
<LocList>
<Loc EndOffset="20969" SrcFileId="7" StartOffset="20804"/>
</LocList>
<RootTerm CovItemId="C88" CovItemPrefix="com.OriginalFiles.Analyze.java" Intrnl_Id="2418">
<OpTerm BooleanOpId="9" Intrnl_Id="2419">
<OpTerm BooleanOpId="8" Intrnl_Id="2420">
<BasicBoolTerm Intrnl_Id="2421">
<LocList>
<Loc EndOffset="20819" SrcFileId="7" StartOffset="20809"/>
</LocList>
</BasicBoolTerm>
<LocList>
<Loc EndOffset="20809" SrcFileId="7" StartOffset="20808"/>
</LocList>
</OpTerm>
<BasicBoolTerm Intrnl_Id="2422">
<LocList>
<Loc EndOffset="20844" SrcFileId="7" StartOffset="20823"/>
</LocList>
</BasicBoolTerm>
<LocList>
<Loc EndOffset="20822" SrcFileId="7" StartOffset="20820"/>
</LocList>
</OpTerm>
</RootTerm>
</CondStmnt>
</StmntSeq>
</Branch>
<Keyword EndOffset="20287" SrcFileId="7" StartOffset="20285"/>
<LocList>
<Loc EndOffset="20969" SrcFileId="7" StartOffset="20285"/>
</LocList>
<RootTerm CovItemId="C82" CovItemPrefix="com.OriginalFiles.Analyze.java" Intrnl_Id="2423">
<BasicBoolTerm Intrnl_Id="2424">
<LocList>
<Loc EndOffset="20315" SrcFileId="7" StartOffset="20289"/>
</LocList>
</BasicBoolTerm>
</RootTerm>
</CondStmnt>
<BasicStmnt CovItemId="S268" CovItemPrefix="com.OriginalFiles.Analyze.java" Intrnl_Id="2425">
<LocList>
<Loc EndOffset="20992" SrcFileId="7" StartOffset="20979"/>
</LocList>
</BasicStmnt>
</StmntSeq>
</HierarchyLvl>
<HierarchyLvl HierarchyLvlId="317" HierarchyLvlTypeId="13" Intrnl_Id="2426" Name="isOnDoubleCorners">
<Header>
<Loc EndOffset="21058" SrcFileId="7" StartOffset="21007"/>
</Header>
<LocList>
<Loc EndOffset="21367" SrcFileId="7" StartOffset="21007"/>
</LocList>
<StmntSeq Intrnl_Id="2427">
<LocList>
<Loc EndOffset="21337" SrcFileId="7" StartOffset="21070"/>
<Loc EndOffset="21360" SrcFileId="7" StartOffset="21347"/>
</LocList>
<CondStmnt CovItemId="S269" CovItemPrefix="com.OriginalFiles.Analyze.java" Intrnl_Id="2428">
<Branch CovItemId="B155" CovItemPrefix="com.OriginalFiles.Analyze.java" Implct="false" Intrnl_Id="2429">
<Cond/>
<LocList>
<Loc EndOffset="21337" SrcFileId="7" StartOffset="21299"/>
</LocList>
<StmntSeq Intrnl_Id="2430">
<LocList>
<Loc EndOffset="21326" SrcFileId="7" StartOffset="21314"/>
</LocList>
<BasicStmnt CovItemId="S270" CovItemPrefix="com.OriginalFiles.Analyze.java" Intrnl_Id="2431">
<LocList>
<Loc EndOffset="21326" SrcFileId="7" StartOffset="21314"/>
</LocList>
</BasicStmnt>
</StmntSeq>
</Branch>
<Branch CovItemId="B156" CovItemPrefix="com.OriginalFiles.Analyze.java" Implct="true" Intrnl_Id="2432">
<Cond/>
<LocList/>
<StmntSeq Intrnl_Id="2433">
<LocList/>
</StmntSeq>
</Branch>
<Keyword EndOffset="21072" SrcFileId="7" StartOffset="21070"/>
<LocList>
<Loc EndOffset="21337" SrcFileId="7" StartOffset="21070"/>
</LocList>
<RootTerm CovItemId="C90" CovItemPrefix="com.OriginalFiles.Analyze.java" Intrnl_Id="2434">
<OpTerm BooleanOpId="10" Intrnl_Id="2435">
<OpTerm BooleanOpId="10" Intrnl_Id="2436">
<OpTerm BooleanOpId="10" Intrnl_Id="2437">
<OpTerm BooleanOpId="9" Intrnl_Id="2438">
<BasicBoolTerm Intrnl_Id="2439">
<LocList>
<Loc EndOffset="21092" SrcFileId="7" StartOffset="21075"/>
</LocList>
</BasicBoolTerm>
<BasicBoolTerm Intrnl_Id="2440">
<LocList>
<Loc EndOffset="21113" SrcFileId="7" StartOffset="21096"/>
</LocList>
</BasicBoolTerm>
<LocList>
<Loc EndOffset="21095" SrcFileId="7" StartOffset="21093"/>
</LocList>
</OpTerm>
<OpTerm BooleanOpId="9" Intrnl_Id="2441">
<BasicBoolTerm Intrnl_Id="2442">
<LocList>
<Loc EndOffset="21153" SrcFileId="7" StartOffset="21136"/>
</LocList>
</BasicBoolTerm>
<BasicBoolTerm Intrnl_Id="2443">
<LocList>
<Loc EndOffset="21174" SrcFileId="7" StartOffset="21157"/>
</LocList>
</BasicBoolTerm>
<LocList>
<Loc EndOffset="21156" SrcFileId="7" StartOffset="21154"/>
</LocList>
</OpTerm>
<LocList>
<Loc EndOffset="21134" SrcFileId="7" StartOffset="21132"/>
</LocList>
</OpTerm>
<OpTerm BooleanOpId="9" Intrnl_Id="2444">
<BasicBoolTerm Intrnl_Id="2445">
<LocList>
<Loc EndOffset="21214" SrcFileId="7" StartOffset="21197"/>
</LocList>
</BasicBoolTerm>
<BasicBoolTerm Intrnl_Id="2446">
<LocList>
<Loc EndOffset="21235" SrcFileId="7" StartOffset="21218"/>
</LocList>
</BasicBoolTerm>
<LocList>
<Loc EndOffset="21217" SrcFileId="7" StartOffset="21215"/>
</LocList>
</OpTerm>
<LocList>
<Loc EndOffset="21195" SrcFileId="7" StartOffset="21193"/>
</LocList>
</OpTerm>
<OpTerm BooleanOpId="9" Intrnl_Id="2447">
<BasicBoolTerm Intrnl_Id="2448">
<LocList>
<Loc EndOffset="21275" SrcFileId="7" StartOffset="21258"/>
</LocList>
</BasicBoolTerm>
<BasicBoolTerm Intrnl_Id="2449">
<LocList>
<Loc EndOffset="21296" SrcFileId="7" StartOffset="21279"/>
</LocList>
</BasicBoolTerm>
<LocList>
<Loc EndOffset="21278" SrcFileId="7" StartOffset="21276"/>
</LocList>
</OpTerm>
<LocList>
<Loc EndOffset="21256" SrcFileId="7" StartOffset="21254"/>
</LocList>
</OpTerm>
</RootTerm>
</CondStmnt>
<BasicStmnt CovItemId="S271" CovItemPrefix="com.OriginalFiles.Analyze.java" Intrnl_Id="2450">
<LocList>
<Loc EndOffset="21360" SrcFileId="7" StartOffset="21347"/>
</LocList>
</BasicStmnt>
</StmntSeq>
</HierarchyLvl>
<HierarchyLvl HierarchyLvlId="318" HierarchyLvlTypeId="13" Intrnl_Id="2451" Name="cleanUp">
<Header>
<Loc EndOffset="21433" SrcFileId="7" StartOffset="21375"/>
</Header>
<LocList>
<Loc EndOffset="22067" SrcFileId="7" StartOffset="21375"/>
</LocList>
<StmntSeq Intrnl_Id="2452">
<LocList>
<Loc EndOffset="21639" SrcFileId="7" StartOffset="21445"/>
<Loc EndOffset="21848" SrcFileId="7" StartOffset="21651"/>
<Loc EndOffset="22060" SrcFileId="7" StartOffset="21860"/>
</LocList>
<LoopStmnt CovItemId="S272" CovItemPrefix="com.OriginalFiles.Analyze.java" Intrnl_Id="2453" MltplExecId="L20-2" MltplExecPrefix="com.OriginalFiles.Analyze.java" NvrExecId="L20-0" NvrExecPrefix="com.OriginalFiles.Analyze.java" OnceExecutedId="L20-1" OnceExecutedPrefix="com.OriginalFiles.Analyze.java" OptBodyExec="true">
<StmntSeq Intrnl_Id="2454">
<LocList>
<Loc EndOffset="21628" SrcFileId="7" StartOffset="21501"/>
</LocList>
<LoopStmnt CovItemId="S273" CovItemPrefix="com.OriginalFiles.Analyze.java" Intrnl_Id="2455" MltplExecId="L21-2" MltplExecPrefix="com.OriginalFiles.Analyze.java" NvrExecId="L21-0" NvrExecPrefix="com.OriginalFiles.Analyze.java" OnceExecutedId="L21-1" OnceExecutedPrefix="com.OriginalFiles.Analyze.java" OptBodyExec="true">
<StmntSeq Intrnl_Id="2456">
<LocList>
<Loc EndOffset="21613" SrcFileId="7" StartOffset="21539"/>
</LocList>
<CondStmnt CovItemId="S274" CovItemPrefix="com.OriginalFiles.Analyze.java" Intrnl_Id="2457">
<Branch CovItemId="B157" CovItemPrefix="com.OriginalFiles.Analyze.java" Implct="false" Intrnl_Id="2458">
<Cond/>
<LocList>
<Loc EndOffset="21613" SrcFileId="7" StartOffset="21557"/>
</LocList>
<StmntSeq Intrnl_Id="2459">
<LocList>
<Loc EndOffset="21594" SrcFileId="7" StartOffset="21580"/>
</LocList>
<BasicStmnt CovItemId="S275" CovItemPrefix="com.OriginalFiles.Analyze.java" Intrnl_Id="2460">
<LocList>
<Loc EndOffset="21594" SrcFileId="7" StartOffset="21580"/>
</LocList>
</BasicStmnt>
</StmntSeq>
</Branch>
<Branch CovItemId="B158" CovItemPrefix="com.OriginalFiles.Analyze.java" Implct="true" Intrnl_Id="2461">
<Cond/>
<LocList/>
<StmntSeq Intrnl_Id="2462">
<LocList/>
</StmntSeq>
</Branch>
<Keyword EndOffset="21541" SrcFileId="7" StartOffset="21539"/>
<LocList>
<Loc EndOffset="21613" SrcFileId="7" StartOffset="21539"/>
</LocList>
<RootTerm CovItemId="C91" CovItemPrefix="com.OriginalFiles.Analyze.java" Intrnl_Id="2463">
<OpTerm BooleanOpId="8" Intrnl_Id="2464">
<BasicBoolTerm Intrnl_Id="2465">
<LocList>
<Loc EndOffset="21555" SrcFileId="7" StartOffset="21544"/>
</LocList>
</BasicBoolTerm>
<LocList>
<Loc EndOffset="21544" SrcFileId="7" StartOffset="21543"/>
</LocList>
</OpTerm>
</RootTerm>
</CondStmnt>
</StmntSeq>
<Keyword EndOffset="21504" SrcFileId="7" StartOffset="21501"/>
<LocList>
<Loc EndOffset="21628" SrcFileId="7" StartOffset="21501"/>
</LocList>
</LoopStmnt>
</StmntSeq>
<Keyword EndOffset="21448" SrcFileId="7" StartOffset="21445"/>
<LocList>
<Loc EndOffset="21639" SrcFileId="7" StartOffset="21445"/>
</LocList>
</LoopStmnt>
<LoopStmnt CovItemId="S276" CovItemPrefix="com.OriginalFiles.Analyze.java" Intrnl_Id="2466" MltplExecId="L22-2" MltplExecPrefix="com.OriginalFiles.Analyze.java" NvrExecId="L22-0" NvrExecPrefix="com.OriginalFiles.Analyze.java" OnceExecutedId="L22-1" OnceExecutedPrefix="com.OriginalFiles.Analyze.java" OptBodyExec="true">
<StmntSeq Intrnl_Id="2467">
<LocList>
<Loc EndOffset="21837" SrcFileId="7" StartOffset="21710"/>
</LocList>
<LoopStmnt CovItemId="S277" CovItemPrefix="com.OriginalFiles.Analyze.java" Intrnl_Id="2468" MltplExecId="L23-2" MltplExecPrefix="com.OriginalFiles.Analyze.java" NvrExecId="L23-0" NvrExecPrefix="com.OriginalFiles.Analyze.java" OnceExecutedId="L23-1" OnceExecutedPrefix="com.OriginalFiles.Analyze.java" OptBodyExec="true">
<StmntSeq Intrnl_Id="2469">
<LocList>
<Loc EndOffset="21822" SrcFileId="7" StartOffset="21748"/>
</LocList>
<CondStmnt CovItemId="S278" CovItemPrefix="com.OriginalFiles.Analyze.java" Intrnl_Id="2470">
<Branch CovItemId="B159" CovItemPrefix="com.OriginalFiles.Analyze.java" Implct="false" Intrnl_Id="2471">
<Cond/>
<LocList>
<Loc EndOffset="21822" SrcFileId="7" StartOffset="21766"/>
</LocList>
<StmntSeq Intrnl_Id="2472">
<LocList>
<Loc EndOffset="21803" SrcFileId="7" StartOffset="21789"/>
</LocList>
<BasicStmnt CovItemId="S279" CovItemPrefix="com.OriginalFiles.Analyze.java" Intrnl_Id="2473">
<LocList>
<Loc EndOffset="21803" SrcFileId="7" StartOffset="21789"/>
</LocList>
</BasicStmnt>
</StmntSeq>
</Branch>
<Branch CovItemId="B160" CovItemPrefix="com.OriginalFiles.Analyze.java" Implct="true" Intrnl_Id="2474">
<Cond/>
<LocList/>
<StmntSeq Intrnl_Id="2475">
<LocList/>
</StmntSeq>
</Branch>
<Keyword EndOffset="21750" SrcFileId="7" StartOffset="21748"/>
<LocList>
<Loc EndOffset="21822" SrcFileId="7" StartOffset="21748"/>
</LocList>
<RootTerm CovItemId="C92" CovItemPrefix="com.OriginalFiles.Analyze.java" Intrnl_Id="2476">
<OpTerm BooleanOpId="8" Intrnl_Id="2477">
<BasicBoolTerm Intrnl_Id="2478">
<LocList>
<Loc EndOffset="21764" SrcFileId="7" StartOffset="21753"/>
</LocList>
</BasicBoolTerm>
<LocList>
<Loc EndOffset="21753" SrcFileId="7" StartOffset="21752"/>
</LocList>
</OpTerm>
</RootTerm>
</CondStmnt>
</StmntSeq>
<Keyword EndOffset="21713" SrcFileId="7" StartOffset="21710"/>
<LocList>
<Loc EndOffset="21837" SrcFileId="7" StartOffset="21710"/>
</LocList>
</LoopStmnt>
</StmntSeq>
<Keyword EndOffset="21654" SrcFileId="7" StartOffset="21651"/>
<LocList>
<Loc EndOffset="21848" SrcFileId="7" StartOffset="21651"/>
</LocList>
</LoopStmnt>
<LoopStmnt CovItemId="S280" CovItemPrefix="com.OriginalFiles.Analyze.java" Intrnl_Id="2479" MltplExecId="L24-2" MltplExecPrefix="com.OriginalFiles.Analyze.java" NvrExecId="L24-0" NvrExecPrefix="com.OriginalFiles.Analyze.java" OnceExecutedId="L24-1" OnceExecutedPrefix="com.OriginalFiles.Analyze.java" OptBodyExec="true">
<StmntSeq Intrnl_Id="2480">
<LocList>
<Loc EndOffset="22049" SrcFileId="7" StartOffset="21922"/>
</LocList>
<LoopStmnt CovItemId="S281" CovItemPrefix="com.OriginalFiles.Analyze.java" Intrnl_Id="2481" MltplExecId="L25-2" MltplExecPrefix="com.OriginalFiles.Analyze.java" NvrExecId="L25-0" NvrExecPrefix="com.OriginalFiles.Analyze.java" OnceExecutedId="L25-1" OnceExecutedPrefix="com.OriginalFiles.Analyze.java" OptBodyExec="true">
<StmntSeq Intrnl_Id="2482">
<LocList>
<Loc EndOffset="22034" SrcFileId="7" StartOffset="21960"/>
</LocList>
<CondStmnt CovItemId="S282" CovItemPrefix="com.OriginalFiles.Analyze.java" Intrnl_Id="2483">
<Branch CovItemId="B161" CovItemPrefix="com.OriginalFiles.Analyze.java" Implct="false" Intrnl_Id="2484">
<Cond/>
<LocList>
<Loc EndOffset="22034" SrcFileId="7" StartOffset="21978"/>
</LocList>
<StmntSeq Intrnl_Id="2485">
<LocList>
<Loc EndOffset="22015" SrcFileId="7" StartOffset="22001"/>
</LocList>
<BasicStmnt CovItemId="S283" CovItemPrefix="com.OriginalFiles.Analyze.java" Intrnl_Id="2486">
<LocList>
<Loc EndOffset="22015" SrcFileId="7" StartOffset="22001"/>
</LocList>
</BasicStmnt>
</StmntSeq>
</Branch>
<Branch CovItemId="B162" CovItemPrefix="com.OriginalFiles.Analyze.java" Implct="true" Intrnl_Id="2487">
<Cond/>
<LocList/>
<StmntSeq Intrnl_Id="2488">
<LocList/>
</StmntSeq>
</Branch>
<Keyword EndOffset="21962" SrcFileId="7" StartOffset="21960"/>
<LocList>
<Loc EndOffset="22034" SrcFileId="7" StartOffset="21960"/>
</LocList>
<RootTerm CovItemId="C93" CovItemPrefix="com.OriginalFiles.Analyze.java" Intrnl_Id="2489">
<OpTerm BooleanOpId="8" Intrnl_Id="2490">
<BasicBoolTerm Intrnl_Id="2491">
<LocList>
<Loc EndOffset="21976" SrcFileId="7" StartOffset="21965"/>
</LocList>
</BasicBoolTerm>
<LocList>
<Loc EndOffset="21965" SrcFileId="7" StartOffset="21964"/>
</LocList>
</OpTerm>
</RootTerm>
</CondStmnt>
</StmntSeq>
<Keyword EndOffset="21925" SrcFileId="7" StartOffset="21922"/>
<LocList>
<Loc EndOffset="22049" SrcFileId="7" StartOffset="21922"/>
</LocList>
</LoopStmnt>
</StmntSeq>
<Keyword EndOffset="21863" SrcFileId="7" StartOffset="21860"/>
<LocList>
<Loc EndOffset="22060" SrcFileId="7" StartOffset="21860"/>
</LocList>
</LoopStmnt>
</StmntSeq>
</HierarchyLvl>
<HierarchyLvl HierarchyLvlId="319" HierarchyLvlTypeId="13" Intrnl_Id="2492" Name="placePiece">
<Header>
<Loc EndOffset="22148" SrcFileId="7" StartOffset="22075"/>
</Header>
<LocList>
<Loc EndOffset="22454" SrcFileId="7" StartOffset="22075"/>
</LocList>
<StmntSeq Intrnl_Id="2493">
<LocList>
<Loc EndOffset="22447" SrcFileId="7" StartOffset="22160"/>
</LocList>
<CondStmnt CovItemId="S284" CovItemPrefix="com.OriginalFiles.Analyze.java" Intrnl_Id="2494">
<Branch CovItemId="B163" CovItemPrefix="com.OriginalFiles.Analyze.java" Implct="false" Intrnl_Id="2495">
<Cond/>
<LocList>
<Loc EndOffset="22258" SrcFileId="7" StartOffset="22205"/>
</LocList>
<StmntSeq Intrnl_Id="2496">
<LocList>
<Loc EndOffset="22247" SrcFileId="7" StartOffset="22220"/>
</LocList>
<BasicStmnt CovItemId="S285" CovItemPrefix="com.OriginalFiles.Analyze.java" Intrnl_Id="2497">
<LocList>
<Loc EndOffset="22247" SrcFileId="7" StartOffset="22220"/>
</LocList>
</BasicStmnt>
</StmntSeq>
</Branch>
<Branch CovItemId="B164" CovItemPrefix="com.OriginalFiles.Analyze.java" Implct="false" Intrnl_Id="2498">
<Cond>
<Loc EndOffset="22263" SrcFileId="7" StartOffset="22259"/>
</Cond>
<LocList>
<Loc EndOffset="22447" SrcFileId="7" StartOffset="22264"/>
</LocList>
<StmntSeq Intrnl_Id="2499">
<LocList>
<Loc EndOffset="22436" SrcFileId="7" StartOffset="22279"/>
</LocList>
<CondStmnt CovItemId="S286" CovItemPrefix="com.OriginalFiles.Analyze.java" Intrnl_Id="2500">
<Branch CovItemId="B165" CovItemPrefix="com.OriginalFiles.Analyze.java" Implct="false" Intrnl_Id="2501">
<Cond/>
<LocList>
<Loc EndOffset="22371" SrcFileId="7" StartOffset="22330"/>
</LocList>
<StmntSeq Intrnl_Id="2502">
<LocList>
<Loc EndOffset="22356" SrcFileId="7" StartOffset="22349"/>
</LocList>
<BasicStmnt CovItemId="S287" CovItemPrefix="com.OriginalFiles.Analyze.java" Intrnl_Id="2503">
<LocList>
<Loc EndOffset="22356" SrcFileId="7" StartOffset="22349"/>
</LocList>
</BasicStmnt>
</StmntSeq>
</Branch>
<Branch CovItemId="B166" CovItemPrefix="com.OriginalFiles.Analyze.java" Implct="false" Intrnl_Id="2504">
<Cond>
<Loc EndOffset="22376" SrcFileId="7" StartOffset="22372"/>
</Cond>
<LocList>
<Loc EndOffset="22436" SrcFileId="7" StartOffset="22377"/>
</LocList>
<StmntSeq Intrnl_Id="2505">
<LocList>
<Loc EndOffset="22421" SrcFileId="7" StartOffset="22396"/>
</LocList>
<BasicStmnt CovItemId="S288" CovItemPrefix="com.OriginalFiles.Analyze.java" Intrnl_Id="2506">
<LocList>
<Loc EndOffset="22421" SrcFileId="7" StartOffset="22396"/>
</LocList>
</BasicStmnt>
</StmntSeq>
</Branch>
<Keyword EndOffset="22281" SrcFileId="7" StartOffset="22279"/>
<LocList>
<Loc EndOffset="22436" SrcFileId="7" StartOffset="22279"/>
</LocList>
<RootTerm CovItemId="C95" CovItemPrefix="com.OriginalFiles.Analyze.java" Intrnl_Id="2507">
<BasicBoolTerm Intrnl_Id="2508">
<LocList>
<Loc EndOffset="22328" SrcFileId="7" StartOffset="22283"/>
</LocList>
</BasicBoolTerm>
</RootTerm>
</CondStmnt>
</StmntSeq>
</Branch>
<Keyword EndOffset="22162" SrcFileId="7" StartOffset="22160"/>
<LocList>
<Loc EndOffset="22447" SrcFileId="7" StartOffset="22160"/>
</LocList>
<RootTerm CovItemId="C94" CovItemPrefix="com.OriginalFiles.Analyze.java" Intrnl_Id="2509">
<BasicBoolTerm Intrnl_Id="2510">
<LocList>
<Loc EndOffset="22203" SrcFileId="7" StartOffset="22164"/>
</LocList>
</BasicBoolTerm>
</RootTerm>
</CondStmnt>
</StmntSeq>
</HierarchyLvl>
<HierarchyLvl HierarchyLvlId="320" HierarchyLvlTypeId="13" Intrnl_Id="2511" Name="movePeasent">
<Header>
<Loc EndOffset="22536" SrcFileId="7" StartOffset="22462"/>
</Header>
<LocList>
<Loc EndOffset="23730" SrcFileId="7" StartOffset="22462"/>
</LocList>
<StmntSeq Intrnl_Id="2512">
<LocList>
<Loc EndOffset="23723" SrcFileId="7" StartOffset="22548"/>
</LocList>
<CondStmnt CovItemId="S289" CovItemPrefix="com.OriginalFiles.Analyze.java" Intrnl_Id="2513">
<Branch CovItemId="B167" CovItemPrefix="com.OriginalFiles.Analyze.java" Implct="false" Intrnl_Id="2514">
<Cond/>
<LocList>
<Loc EndOffset="23132" SrcFileId="7" StartOffset="22638"/>
</LocList>
<StmntSeq Intrnl_Id="2515">
<LocList>
<Loc EndOffset="23121" SrcFileId="7" StartOffset="22653"/>
</LocList>
<LoopStmnt CovItemId="S290" CovItemPrefix="com.OriginalFiles.Analyze.java" Intrnl_Id="2516" MltplExecId="L26-2" MltplExecPrefix="com.OriginalFiles.Analyze.java" NvrExecId="L26-0" NvrExecPrefix="com.OriginalFiles.Analyze.java" OnceExecutedId="L26-1" OnceExecutedPrefix="com.OriginalFiles.Analyze.java" OptBodyExec="true">
<StmntSeq Intrnl_Id="2517">
<LocList>
<Loc EndOffset="23106" SrcFileId="7" StartOffset="22712"/>
</LocList>
<LoopStmnt CovItemId="S291" CovItemPrefix="com.OriginalFiles.Analyze.java" Intrnl_Id="2518" MltplExecId="L27-2" MltplExecPrefix="com.OriginalFiles.Analyze.java" NvrExecId="L27-0" NvrExecPrefix="com.OriginalFiles.Analyze.java" OnceExecutedId="L27-1" OnceExecutedPrefix="com.OriginalFiles.Analyze.java" OptBodyExec="true">
<StmntSeq Intrnl_Id="2519">
<LocList>
<Loc EndOffset="23087" SrcFileId="7" StartOffset="22764"/>
</LocList>
<CondStmnt CovItemId="S292" CovItemPrefix="com.OriginalFiles.Analyze.java" Intrnl_Id="2520">
<Branch CovItemId="B169" CovItemPrefix="com.OriginalFiles.Analyze.java" Implct="false" Intrnl_Id="2521">
<Cond/>
<LocList>
<Loc EndOffset="23087" SrcFileId="7" StartOffset="22880"/>
</LocList>
<StmntSeq Intrnl_Id="2522">
<LocList>
<Loc EndOffset="23022" SrcFileId="7" StartOffset="22907"/>
<Loc EndOffset="23064" SrcFileId="7" StartOffset="23048"/>
</LocList>
<BasicStmnt CovItemId="S293" CovItemPrefix="com.OriginalFiles.Analyze.java" Intrnl_Id="2523">
<LocList>
<Loc EndOffset="23022" SrcFileId="7" StartOffset="22907"/>
</LocList>
</BasicStmnt>
<BasicStmnt CovItemId="S294" CovItemPrefix="com.OriginalFiles.Analyze.java" Intrnl_Id="2524">
<LocList>
<Loc EndOffset="23064" SrcFileId="7" StartOffset="23048"/>
</LocList>
</BasicStmnt>
</StmntSeq>
</Branch>
<Branch CovItemId="B170" CovItemPrefix="com.OriginalFiles.Analyze.java" Implct="true" Intrnl_Id="2525">
<Cond/>
<LocList/>
<StmntSeq Intrnl_Id="2526">
<LocList/>
</StmntSeq>
</Branch>
<Keyword EndOffset="22766" SrcFileId="7" StartOffset="22764"/>
<LocList>
<Loc EndOffset="23087" SrcFileId="7" StartOffset="22764"/>
</LocList>
<RootTerm CovItemId="C99" CovItemPrefix="com.OriginalFiles.Analyze.java" Intrnl_Id="2527">
<OpTerm BooleanOpId="9" Intrnl_Id="2528">
<BasicBoolTerm Intrnl_Id="2529">
<LocList>
<Loc EndOffset="22805" SrcFileId="7" StartOffset="22768"/>
</LocList>
</BasicBoolTerm>
<BasicBoolTerm Intrnl_Id="2530">
<LocList>
<Loc EndOffset="22878" SrcFileId="7" StartOffset="22838"/>
</LocList>
</BasicBoolTerm>
<LocList>
<Loc EndOffset="22837" SrcFileId="7" StartOffset="22835"/>
</LocList>
</OpTerm>
</RootTerm>
</CondStmnt>
</StmntSeq>
<Keyword EndOffset="22715" SrcFileId="7" StartOffset="22712"/>
<LocList>
<Loc EndOffset="23106" SrcFileId="7" StartOffset="22712"/>
</LocList>
<RootTerm CovItemId="C98" CovItemPrefix="com.OriginalFiles.Analyze.java" Intrnl_Id="2531">
<BasicBoolTerm Intrnl_Id="2532">
<LocList>
<Loc EndOffset="22734" SrcFileId="7" StartOffset="22728"/>
</LocList>
</BasicBoolTerm>
</RootTerm>
</LoopStmnt>
</StmntSeq>
<Keyword EndOffset="22667" SrcFileId="7" StartOffset="22664"/>
<LocList>
<Loc EndOffset="23121" SrcFileId="7" StartOffset="22653"/>
</LocList>
<RootTerm CovItemId="C97" CovItemPrefix="com.OriginalFiles.Analyze.java" Intrnl_Id="2533">
<BasicBoolTerm Intrnl_Id="2534">
<LocList>
<Loc EndOffset="22686" SrcFileId="7" StartOffset="22680"/>
</LocList>
</BasicBoolTerm>
</RootTerm>
</LoopStmnt>
</StmntSeq>
</Branch>
<Branch CovItemId="B168" CovItemPrefix="com.OriginalFiles.Analyze.java" Implct="false" Intrnl_Id="2535">
<Cond>
<Loc EndOffset="23137" SrcFileId="7" StartOffset="23133"/>
</Cond>
<LocList>
<Loc EndOffset="23723" SrcFileId="7" StartOffset="23138"/>
</LocList>
<StmntSeq Intrnl_Id="2536">
<LocList>
<Loc EndOffset="23723" SrcFileId="7" StartOffset="23138"/>
</LocList>
<CondStmnt CovItemId="S295" CovItemPrefix="com.OriginalFiles.Analyze.java" Intrnl_Id="2537">
<Branch CovItemId="B171" CovItemPrefix="com.OriginalFiles.Analyze.java" Implct="false" Intrnl_Id="2538">
<Cond/>
<LocList>
<Loc EndOffset="23723" SrcFileId="7" StartOffset="23229"/>
</LocList>
<StmntSeq Intrnl_Id="2539">
<LocList>
<Loc EndOffset="23712" SrcFileId="7" StartOffset="23244"/>
</LocList>
<LoopStmnt CovItemId="S296" CovItemPrefix="com.OriginalFiles.Analyze.java" Intrnl_Id="2540" MltplExecId="L28-2" MltplExecPrefix="com.OriginalFiles.Analyze.java" NvrExecId="L28-0" NvrExecPrefix="com.OriginalFiles.Analyze.java" OnceExecutedId="L28-1" OnceExecutedPrefix="com.OriginalFiles.Analyze.java" OptBodyExec="true">
<StmntSeq Intrnl_Id="2541">
<LocList>
<Loc EndOffset="23697" SrcFileId="7" StartOffset="23303"/>
</LocList>
<LoopStmnt CovItemId="S297" CovItemPrefix="com.OriginalFiles.Analyze.java" Intrnl_Id="2542" MltplExecId="L29-2" MltplExecPrefix="com.OriginalFiles.Analyze.java" NvrExecId="L29-0" NvrExecPrefix="com.OriginalFiles.Analyze.java" OnceExecutedId="L29-1" OnceExecutedPrefix="com.OriginalFiles.Analyze.java" OptBodyExec="true">
<StmntSeq Intrnl_Id="2543">
<LocList>
<Loc EndOffset="23678" SrcFileId="7" StartOffset="23355"/>
</LocList>
<CondStmnt CovItemId="S298" CovItemPrefix="com.OriginalFiles.Analyze.java" Intrnl_Id="2544">
<Branch CovItemId="B173" CovItemPrefix="com.OriginalFiles.Analyze.java" Implct="false" Intrnl_Id="2545">
<Cond/>
<LocList>
<Loc EndOffset="23678" SrcFileId="7" StartOffset="23471"/>
</LocList>
<StmntSeq Intrnl_Id="2546">
<LocList>
<Loc EndOffset="23613" SrcFileId="7" StartOffset="23498"/>
<Loc EndOffset="23655" SrcFileId="7" StartOffset="23639"/>
</LocList>
<BasicStmnt CovItemId="S299" CovItemPrefix="com.OriginalFiles.Analyze.java" Intrnl_Id="2547">
<LocList>
<Loc EndOffset="23613" SrcFileId="7" StartOffset="23498"/>
</LocList>
</BasicStmnt>
<BasicStmnt CovItemId="S300" CovItemPrefix="com.OriginalFiles.Analyze.java" Intrnl_Id="2548">
<LocList>
<Loc EndOffset="23655" SrcFileId="7" StartOffset="23639"/>
</LocList>
</BasicStmnt>
</StmntSeq>
</Branch>
<Branch CovItemId="B174" CovItemPrefix="com.OriginalFiles.Analyze.java" Implct="true" Intrnl_Id="2549">
<Cond/>
<LocList/>
<StmntSeq Intrnl_Id="2550">
<LocList/>
</StmntSeq>
</Branch>
<Keyword EndOffset="23357" SrcFileId="7" StartOffset="23355"/>
<LocList>
<Loc EndOffset="23678" SrcFileId="7" StartOffset="23355"/>
</LocList>
<RootTerm CovItemId="C103" CovItemPrefix="com.OriginalFiles.Analyze.java" Intrnl_Id="2551">
<OpTerm BooleanOpId="9" Intrnl_Id="2552">
<BasicBoolTerm Intrnl_Id="2553">
<LocList>
<Loc EndOffset="23396" SrcFileId="7" StartOffset="23359"/>
</LocList>
</BasicBoolTerm>
<BasicBoolTerm Intrnl_Id="2554">
<LocList>
<Loc EndOffset="23469" SrcFileId="7" StartOffset="23429"/>
</LocList>
</BasicBoolTerm>
<LocList>
<Loc EndOffset="23428" SrcFileId="7" StartOffset="23426"/>
</LocList>
</OpTerm>
</RootTerm>
</CondStmnt>
</StmntSeq>
<Keyword EndOffset="23306" SrcFileId="7" StartOffset="23303"/>
<LocList>
<Loc EndOffset="23697" SrcFileId="7" StartOffset="23303"/>
</LocList>
<RootTerm CovItemId="C102" CovItemPrefix="com.OriginalFiles.Analyze.java" Intrnl_Id="2555">
<BasicBoolTerm Intrnl_Id="2556">
<LocList>
<Loc EndOffset="23325" SrcFileId="7" StartOffset="23319"/>
</LocList>
</BasicBoolTerm>
</RootTerm>
</LoopStmnt>
</StmntSeq>
<Keyword EndOffset="23258" SrcFileId="7" StartOffset="23255"/>
<LocList>
<Loc EndOffset="23712" SrcFileId="7" StartOffset="23244"/>
</LocList>
<RootTerm CovItemId="C101" CovItemPrefix="com.OriginalFiles.Analyze.java" Intrnl_Id="2557">
<BasicBoolTerm Intrnl_Id="2558">
<LocList>
<Loc EndOffset="23277" SrcFileId="7" StartOffset="23271"/>
</LocList>
</BasicBoolTerm>
</RootTerm>
</LoopStmnt>
</StmntSeq>
</Branch>
<Branch CovItemId="B172" CovItemPrefix="com.OriginalFiles.Analyze.java" Implct="true" Intrnl_Id="2559">
<Cond/>
<LocList/>
<StmntSeq Intrnl_Id="2560">
<LocList/>
</StmntSeq>
</Branch>
<Keyword EndOffset="23140" SrcFileId="7" StartOffset="23138"/>
<LocList>
<Loc EndOffset="23723" SrcFileId="7" StartOffset="23138"/>
</LocList>
<RootTerm CovItemId="C100" CovItemPrefix="com.OriginalFiles.Analyze.java" Intrnl_Id="2561">
<BasicBoolTerm Intrnl_Id="2562">
<LocList>
<Loc EndOffset="23227" SrcFileId="7" StartOffset="23142"/>
</LocList>
</BasicBoolTerm>
</RootTerm>
</CondStmnt>
</StmntSeq>
</Branch>
<Keyword EndOffset="22550" SrcFileId="7" StartOffset="22548"/>
<LocList>
<Loc EndOffset="23723" SrcFileId="7" StartOffset="22548"/>
</LocList>
<RootTerm CovItemId="C96" CovItemPrefix="com.OriginalFiles.Analyze.java" Intrnl_Id="2563">
<BasicBoolTerm Intrnl_Id="2564">
<LocList>
<Loc EndOffset="22636" SrcFileId="7" StartOffset="22552"/>
</LocList>
</BasicBoolTerm>
</RootTerm>
</CondStmnt>
</StmntSeq>
</HierarchyLvl>
<HierarchyLvl HierarchyLvlId="321" HierarchyLvlTypeId="13" Intrnl_Id="2565" Name="moveToKingRow">
<Header>
<Loc EndOffset="23827" SrcFileId="7" StartOffset="23738"/>
</Header>
<LocList>
<Loc EndOffset="24823" SrcFileId="7" StartOffset="23738"/>
</LocList>
<StmntSeq Intrnl_Id="2566">
<LocList>
<Loc EndOffset="24816" SrcFileId="7" StartOffset="23839"/>
</LocList>
<CondStmnt CovItemId="S301" CovItemPrefix="com.OriginalFiles.Analyze.java" Intrnl_Id="2567">
<Branch CovItemId="B175" CovItemPrefix="com.OriginalFiles.Analyze.java" Implct="false" Intrnl_Id="2568">
<Cond/>
<LocList>
<Loc EndOffset="24328" SrcFileId="7" StartOffset="23930"/>
</LocList>
<StmntSeq Intrnl_Id="2569">
<LocList>
<Loc EndOffset="23955" SrcFileId="7" StartOffset="23945"/>
<Loc EndOffset="24317" SrcFileId="7" StartOffset="23969"/>
</LocList>
<BasicStmnt CovItemId="S302" CovItemPrefix="com.OriginalFiles.Analyze.java" Intrnl_Id="2570">
<LocList>
<Loc EndOffset="23955" SrcFileId="7" StartOffset="23945"/>
</LocList>
</BasicStmnt>
<LoopStmnt CovItemId="S303" CovItemPrefix="com.OriginalFiles.Analyze.java" Intrnl_Id="2571" MltplExecId="L30-2" MltplExecPrefix="com.OriginalFiles.Analyze.java" NvrExecId="L30-0" NvrExecPrefix="com.OriginalFiles.Analyze.java" OnceExecutedId="L30-1" OnceExecutedPrefix="com.OriginalFiles.Analyze.java" OptBodyExec="true">
<StmntSeq Intrnl_Id="2572">
<LocList>
<Loc EndOffset="24280" SrcFileId="7" StartOffset="24005"/>
<Loc EndOffset="24302" SrcFileId="7" StartOffset="24298"/>
</LocList>
<CondStmnt CovItemId="S304" CovItemPrefix="com.OriginalFiles.Analyze.java" Intrnl_Id="2573">
<Branch CovItemId="B177" CovItemPrefix="com.OriginalFiles.Analyze.java" Implct="false" Intrnl_Id="2574">
<Cond/>
<LocList>
<Loc EndOffset="24280" SrcFileId="7" StartOffset="24050"/>
</LocList>
<StmntSeq Intrnl_Id="2575">
<LocList>
<Loc EndOffset="24232" SrcFileId="7" StartOffset="24120"/>
<Loc EndOffset="24261" SrcFileId="7" StartOffset="24254"/>
</LocList>
<BasicStmnt CovItemId="S305" CovItemPrefix="com.OriginalFiles.Analyze.java" Intrnl_Id="2576">
<LocList>
<Loc EndOffset="24232" SrcFileId="7" StartOffset="24120"/>
</LocList>
</BasicStmnt>
<BasicStmnt CovItemId="S306" CovItemPrefix="com.OriginalFiles.Analyze.java" Intrnl_Id="2577">
<LocList>
<Loc EndOffset="24261" SrcFileId="7" StartOffset="24254"/>
</LocList>
</BasicStmnt>
</StmntSeq>
</Branch>
<Branch CovItemId="B178" CovItemPrefix="com.OriginalFiles.Analyze.java" Implct="true" Intrnl_Id="2578">
<Cond/>
<LocList/>
<StmntSeq Intrnl_Id="2579">
<LocList/>
</StmntSeq>
</Branch>
<Keyword EndOffset="24007" SrcFileId="7" StartOffset="24005"/>
<LocList>
<Loc EndOffset="24280" SrcFileId="7" StartOffset="24005"/>
</LocList>
<RootTerm CovItemId="C106" CovItemPrefix="com.OriginalFiles.Analyze.java" Intrnl_Id="2580">
<BasicBoolTerm Intrnl_Id="2581">
<LocList>
<Loc EndOffset="24048" SrcFileId="7" StartOffset="24009"/>
</LocList>
</BasicBoolTerm>
</RootTerm>
</CondStmnt>
<BasicStmnt CovItemId="S307" CovItemPrefix="com.OriginalFiles.Analyze.java" Intrnl_Id="2582">
<LocList>
<Loc EndOffset="24302" SrcFileId="7" StartOffset="24298"/>
</LocList>
</BasicStmnt>
</StmntSeq>
<Keyword EndOffset="23974" SrcFileId="7" StartOffset="23969"/>
<LocList>
<Loc EndOffset="24317" SrcFileId="7" StartOffset="23969"/>
</LocList>
<RootTerm CovItemId="C105" CovItemPrefix="com.OriginalFiles.Analyze.java" Intrnl_Id="2583">
<OpTerm BooleanOpId="8" Intrnl_Id="2584">
<BasicBoolTerm Intrnl_Id="2585">
<LocList>
<Loc EndOffset="23983" SrcFileId="7" StartOffset="23978"/>
</LocList>
</BasicBoolTerm>
<LocList>
<Loc EndOffset="23977" SrcFileId="7" StartOffset="23976"/>
</LocList>
</OpTerm>
</RootTerm>
</LoopStmnt>
</StmntSeq>
</Branch>
<Branch CovItemId="B176" CovItemPrefix="com.OriginalFiles.Analyze.java" Implct="false" Intrnl_Id="2586">
<Cond>
<Loc EndOffset="24333" SrcFileId="7" StartOffset="24329"/>
</Cond>
<LocList>
<Loc EndOffset="24816" SrcFileId="7" StartOffset="24334"/>
</LocList>
<StmntSeq Intrnl_Id="2587">
<LocList>
<Loc EndOffset="24816" SrcFileId="7" StartOffset="24334"/>
</LocList>
<CondStmnt CovItemId="S308" CovItemPrefix="com.OriginalFiles.Analyze.java" Intrnl_Id="2588">
<Branch CovItemId="B179" CovItemPrefix="com.OriginalFiles.Analyze.java" Implct="false" Intrnl_Id="2589">
<Cond/>
<LocList>
<Loc EndOffset="24816" SrcFileId="7" StartOffset="24424"/>
</LocList>
<StmntSeq Intrnl_Id="2590">
<LocList>
<Loc EndOffset="24449" SrcFileId="7" StartOffset="24439"/>
<Loc EndOffset="24805" SrcFileId="7" StartOffset="24463"/>
</LocList>
<BasicStmnt CovItemId="S309" CovItemPrefix="com.OriginalFiles.Analyze.java" Intrnl_Id="2591">
<LocList>
<Loc EndOffset="24449" SrcFileId="7" StartOffset="24439"/>
</LocList>
</BasicStmnt>
<LoopStmnt CovItemId="S310" CovItemPrefix="com.OriginalFiles.Analyze.java" Intrnl_Id="2592" MltplExecId="L31-2" MltplExecPrefix="com.OriginalFiles.Analyze.java" NvrExecId="L31-0" NvrExecPrefix="com.OriginalFiles.Analyze.java" OnceExecutedId="L31-1" OnceExecutedPrefix="com.OriginalFiles.Analyze.java" OptBodyExec="true">
<StmntSeq Intrnl_Id="2593">
<LocList>
<Loc EndOffset="24768" SrcFileId="7" StartOffset="24499"/>
<Loc EndOffset="24790" SrcFileId="7" StartOffset="24786"/>
</LocList>
<CondStmnt CovItemId="S311" CovItemPrefix="com.OriginalFiles.Analyze.java" Intrnl_Id="2594">
<Branch CovItemId="B181" CovItemPrefix="com.OriginalFiles.Analyze.java" Implct="false" Intrnl_Id="2595">
<Cond/>
<LocList>
<Loc EndOffset="24768" SrcFileId="7" StartOffset="24541"/>
</LocList>
<StmntSeq Intrnl_Id="2596">
<LocList>
<Loc EndOffset="24720" SrcFileId="7" StartOffset="24611"/>
<Loc EndOffset="24749" SrcFileId="7" StartOffset="24742"/>
</LocList>
<BasicStmnt CovItemId="S312" CovItemPrefix="com.OriginalFiles.Analyze.java" Intrnl_Id="2597">
<LocList>
<Loc EndOffset="24720" SrcFileId="7" StartOffset="24611"/>
</LocList>
</BasicStmnt>
<BasicStmnt CovItemId="S313" CovItemPrefix="com.OriginalFiles.Analyze.java" Intrnl_Id="2598">
<LocList>
<Loc EndOffset="24749" SrcFileId="7" StartOffset="24742"/>
</LocList>
</BasicStmnt>
</StmntSeq>
</Branch>
<Branch CovItemId="B182" CovItemPrefix="com.OriginalFiles.Analyze.java" Implct="true" Intrnl_Id="2599">
<Cond/>
<LocList/>
<StmntSeq Intrnl_Id="2600">
<LocList/>
</StmntSeq>
</Branch>
<Keyword EndOffset="24501" SrcFileId="7" StartOffset="24499"/>
<LocList>
<Loc EndOffset="24768" SrcFileId="7" StartOffset="24499"/>
</LocList>
<RootTerm CovItemId="C109" CovItemPrefix="com.OriginalFiles.Analyze.java" Intrnl_Id="2601">
<BasicBoolTerm Intrnl_Id="2602">
<LocList>
<Loc EndOffset="24539" SrcFileId="7" StartOffset="24503"/>
</LocList>
</BasicBoolTerm>
</RootTerm>
</CondStmnt>
<BasicStmnt CovItemId="S314" CovItemPrefix="com.OriginalFiles.Analyze.java" Intrnl_Id="2603">
<LocList>
<Loc EndOffset="24790" SrcFileId="7" StartOffset="24786"/>
</LocList>
</BasicStmnt>
</StmntSeq>
<Keyword EndOffset="24468" SrcFileId="7" StartOffset="24463"/>
<LocList>
<Loc EndOffset="24805" SrcFileId="7" StartOffset="24463"/>
</LocList>
<RootTerm CovItemId="C108" CovItemPrefix="com.OriginalFiles.Analyze.java" Intrnl_Id="2604">
<OpTerm BooleanOpId="8" Intrnl_Id="2605">
<BasicBoolTerm Intrnl_Id="2606">
<LocList>
<Loc EndOffset="24477" SrcFileId="7" StartOffset="24472"/>
</LocList>
</BasicBoolTerm>
<LocList>
<Loc EndOffset="24471" SrcFileId="7" StartOffset="24470"/>
</LocList>
</OpTerm>
</RootTerm>
</LoopStmnt>
</StmntSeq>
</Branch>
<Branch CovItemId="B180" CovItemPrefix="com.OriginalFiles.Analyze.java" Implct="true" Intrnl_Id="2607">
<Cond/>
<LocList/>
<StmntSeq Intrnl_Id="2608">
<LocList/>
</StmntSeq>
</Branch>
<Keyword EndOffset="24336" SrcFileId="7" StartOffset="24334"/>
<LocList>
<Loc EndOffset="24816" SrcFileId="7" StartOffset="24334"/>
</LocList>
<RootTerm CovItemId="C107" CovItemPrefix="com.OriginalFiles.Analyze.java" Intrnl_Id="2609">
<BasicBoolTerm Intrnl_Id="2610">
<LocList>
<Loc EndOffset="24422" SrcFileId="7" StartOffset="24338"/>
</LocList>
</BasicBoolTerm>
</RootTerm>
</CondStmnt>
</StmntSeq>
</Branch>
<Keyword EndOffset="23841" SrcFileId="7" StartOffset="23839"/>
<LocList>
<Loc EndOffset="24816" SrcFileId="7" StartOffset="23839"/>
</LocList>
<RootTerm CovItemId="C104" CovItemPrefix="com.OriginalFiles.Analyze.java" Intrnl_Id="2611">
<BasicBoolTerm Intrnl_Id="2612">
<LocList>
<Loc EndOffset="23928" SrcFileId="7" StartOffset="23843"/>
</LocList>
</BasicBoolTerm>
</RootTerm>
</CondStmnt>
</StmntSeq>
</HierarchyLvl>
<HierarchyLvl HierarchyLvlId="322" HierarchyLvlTypeId="13" Intrnl_Id="2613" Name="isInCorrectEnd">
<Header>
<Loc EndOffset="24881" SrcFileId="7" StartOffset="24831"/>
</Header>
<LocList>
<Loc EndOffset="25182" SrcFileId="7" StartOffset="24831"/>
</LocList>
<StmntSeq Intrnl_Id="2614">
<LocList>
<Loc EndOffset="25175" SrcFileId="7" StartOffset="24893"/>
</LocList>
<BasicStmnt CovItemId="S315" CovItemPrefix="com.OriginalFiles.Analyze.java" Intrnl_Id="2615">
<LocList>
<Loc EndOffset="25175" SrcFileId="7" StartOffset="24893"/>
</LocList>
</BasicStmnt>
</StmntSeq>
</HierarchyLvl>
</HierarchyLvl>
</HierarchyLvl>
</HierarchyLvl>
</HierarchyLvl>
</MASTRoot>
</TestSessionContainer>
