<?xml version="1.0" encoding="UTF-8"?><TestSessionContainer xmlns="http://www.codecover.org/xml/testsession-container" Date="1384527576542" TestSessionContainerId="b56737c4-3ecb-4125-8bec-15bf1b8056de" version="1.0">
<SrcFileList>
<SrcFile Content="package com.Testing;&#10;&#10;import static org.junit.Assert.*;&#10;&#10;import java.io.IOException;&#10;import java.util.ArrayList;&#10;import java.util.List;&#10;&#10;import org.junit.Test;&#10;&#10;import com.CustomClasses.FunktionForTesting;&#10;import com.OriginalFiles.Field;&#10;import com.OriginalFiles.Move;&#10;&#10;public class MoveTest extends FunktionForTesting {&#10;&#10;    public MoveTest() throws InterruptedException, IOException {&#10;        super();&#10;        // TODO Auto-generated constructor stub&#10;    }&#10;&#10;    @Test&#10;    public final void testMoveFieldFieldBoolean() {&#10;        Field fromField = new Field(5, 4);&#10;        Field toField = new Field(6, 5);&#10;&#10;        Move myMove = new Move(fromField, toField, false);&#10;&#10;        assertFalse(myMove.wasKingBefore);&#10;        assertEquals(myMove.moves.get(0), fromField);&#10;        assertEquals(myMove.moves.get(1), toField);&#10;        assertEquals(myMove.takenPieces.size(), 0);&#10;        assertFalse(myMove.isJump());&#10;    }&#10;&#10;    @Test&#10;    public final void testMoveListOfFieldBoolean() {&#10;        List&lt;Field&gt; listOfFields = new ArrayList&lt;Field&gt;();&#10;&#10;        Field fromField = new Field(1, 0);&#10;        Field toField = new Field(2, 1);&#10;&#10;        listOfFields.add(fromField);&#10;        listOfFields.add(toField);&#10;&#10;        Move myMove = new Move(listOfFields, false);&#10;&#10;        assertFalse(myMove.wasKingBefore);&#10;        assertEquals(myMove.moves, listOfFields);&#10;        assertFalse(myMove.isJump());&#10;&#10;       assertEquals(myMove.takenPieces.size(), 0);&#10;    }&#10;&#10;    @Test&#10;    public final void testMove() {&#10;        Move myMove = new Move();&#10;&#10;        assertEquals(myMove.moves.size(), 0);&#10;        assertFalse(myMove.wasKingBefore);&#10;        assertFalse(myMove.isJump());&#10;    }&#10;&#10;    @Test&#10;    public final void testIsJump() {&#10;        Field fromField = new Field(5, 4);&#10;        Field toField = new Field(6, 5);&#10;&#10;        Move myMove = new Move(fromField, toField, false);&#10;&#10;        assertFalse(myMove.isJump());&#10;&#10;        fromField = new Field(5, 4);&#10;        toField = new Field(7, 6);&#10;&#10;        myMove = new Move(fromField, toField, false);&#10;&#10;        assertTrue(myMove.isJump());&#10;    }&#10;&#10;    @Test&#10;    public final void testAddStep() {&#10;        Field fromField = new Field(3, 4);&#10;        Field toField = new Field(4, 5);&#10;&#10;        Move myMove = new Move(fromField, toField, false);&#10;&#10;        assertEquals(myMove.moves.size(), 2);&#10;&#10;        Field newStep = new Field(5, 6);&#10;&#10;        myMove.addStep(newStep);&#10;&#10;        assertEquals(myMove.moves.size(), 3);&#10;    }&#10;}&#10;" Filename="MoveTest.java" Intrnl_Id="1"/>
<SrcFile Content="package com.Testing;&#13;&#10;&#13;&#10;import static org.junit.Assert.*;&#13;&#10;&#13;&#10;import java.io.IOException;&#13;&#10;&#13;&#10;import org.junit.Test;&#13;&#10;&#13;&#10;import com.CustomClasses.FunktionForTesting;&#13;&#10;import com.OriginalFiles.Field;&#13;&#10;import com.OriginalFiles.Piece;&#13;&#10;&#13;&#10;public class FieldTest extends FunktionForTesting{&#13;&#10;    public FieldTest() throws InterruptedException, IOException {&#13;&#10;        super();&#13;&#10;        // TODO Auto-generated constructor stub&#13;&#10;    }&#13;&#10;&#13;&#10;    Field testField;&#13;&#10;    @Test&#13;&#10;    public void testField() {&#13;&#10;        testField = new Field();&#13;&#10;        testConstructor(testField, 0, 0);&#13;&#10;    }&#13;&#10;&#13;&#10;    @Test&#13;&#10;    public void testFieldIntInt() {&#13;&#10;        testField = new Field(1, 2);&#13;&#10;        testConstructor(testField, 1, 2);&#13;&#10;    }&#13;&#10;&#13;&#10;    private void testConstructor(Field field, int x, int y){&#13;&#10;        assertEquals(x, field.x);&#13;&#10;        assertEquals(y, field.y);&#13;&#10;        field.x = 2;&#13;&#10;        field.y = 1;&#13;&#10;        assertEquals(2, field.x);&#13;&#10;        assertEquals(1, field.y);&#13;&#10;&#13;&#10;        assertFalse(field.allowedField);&#13;&#10;        field.allowedField = true;&#13;&#10;        assertTrue(field.allowedField);&#13;&#10;&#13;&#10;        assertNull(field.getPieceOnField());&#13;&#10;        field.setPieceOnField(producePiece(x, y, 'w', false));&#13;&#10;        assertNotNull(field.getPieceOnField());&#13;&#10;&#13;&#10;        assertFalse(field.visited);&#13;&#10;        field.visited = true;&#13;&#10;        assertTrue(field.visited);&#13;&#10;    }&#13;&#10;&#13;&#10;    @Test&#13;&#10;    public void testSetPieceOnField() {&#13;&#10;        testField = new Field();&#13;&#10;        assertNull(testField.getPieceOnField());&#13;&#10;        testField.setPieceOnField(new Piece(checkersBoard));&#13;&#10;        testFieldsPieceEqPiece(testField, false);&#13;&#10;&#13;&#10;        testField.setPieceOnField(producePiece(1, 2, 'r', true));&#13;&#10;&#13;&#10;        testFieldsPieceEqPiece(testField, true);&#13;&#10;&#13;&#10;        testField.x = 1;&#13;&#10;        testField.y = 2;&#13;&#10;        testField.setPieceOnField(producePiece(1, 2, 'r', true));&#13;&#10;        testFieldsPieceEqPiece(testField, true);&#13;&#10;    }&#13;&#10;&#13;&#10;    private void testFieldsPieceEqPiece(Field PieceField, boolean testForTrue){&#13;&#10;        Piece tempPiece = PieceField.getPieceOnField();&#13;&#10;&#13;&#10;        assertEquals(PieceField.x, tempPiece.getX());&#13;&#10;        assertEquals(PieceField.y, tempPiece.getY());&#13;&#10;&#13;&#10;        if (testForTrue) {&#13;&#10;            assertTrue(tempPiece.isCrowned);&#13;&#10;            assertTrue(tempPiece.isMoveable);&#13;&#10;            assertTrue(tempPiece.canJump);&#13;&#10;        } else {&#13;&#10;            assertFalse(tempPiece.isCrowned);&#13;&#10;            assertFalse(tempPiece.isMoveable);&#13;&#10;            assertFalse(tempPiece.canJump);&#13;&#10;        }&#13;&#10;    }&#13;&#10;&#13;&#10;    @Test&#13;&#10;    public void testGetPieceOnField() {&#13;&#10;        testField = new Field();&#13;&#10;        assertNull(testField.getPieceOnField());&#13;&#10;        testField.setPieceOnField(producePiece(1, 2, 'r', true));&#13;&#10;        testFieldsPieceEqPiece(testField, true);&#13;&#10;    }&#13;&#10;&#13;&#10;    @Test&#13;&#10;    public void testIsEmpty() {&#13;&#10;        testField = new Field();&#13;&#10;        assertTrue(testField.isEmpty());&#13;&#10;&#13;&#10;        testField.setPieceOnField(producePiece(0, 0, 'r', false));&#13;&#10;        assertFalse(testField.isEmpty());&#13;&#10;&#13;&#10;        testField.emptyThisField();&#13;&#10;        assertTrue(testField.isEmpty());&#13;&#10;    }&#13;&#10;&#13;&#10;    @Test&#13;&#10;    public void testIsPieceOfColor() {&#13;&#10;        testField = new Field();&#13;&#10;        testField.setPieceOnField(producePiece(0, 0, 'r', false));&#13;&#10;        assertTrue(testField.isPieceOfColor('r'));&#13;&#10;        assertFalse(testField.isPieceOfColor('w'));&#13;&#10;&#13;&#10;        testField.getPieceOnField().color = 'g';&#13;&#10;        assertFalse(testField.isPieceOfColor('b'));&#13;&#10;        assertTrue(testField.isPieceOfColor('g'));&#13;&#10;    }&#13;&#10;&#13;&#10;    @Test&#13;&#10;    public void testEmptyThisField() {&#13;&#10;        testField = new Field();&#13;&#10;        assertNull(testField.getPieceOnField());&#13;&#10;&#13;&#10;        testField.setPieceOnField(producePiece(0, 0, 'r', false));&#13;&#10;        assertNotNull(testField.getPieceOnField());&#13;&#10;&#13;&#10;        testField.emptyThisField();&#13;&#10;        assertNull(testField.getPieceOnField());&#13;&#10;    }&#13;&#10;&#13;&#10;}&#13;&#10;" Filename="FieldTest.java" Intrnl_Id="2"/>
<SrcFile Content="package com.Testing;&#13;&#10;&#13;&#10;import static org.junit.Assert.*;&#13;&#10;&#13;&#10;import java.io.IOException;&#13;&#10;import java.util.ArrayList;&#13;&#10;import java.util.List;&#13;&#10;&#13;&#10;import org.junit.Test;&#13;&#10;&#13;&#10;&#13;&#10;import com.CustomClasses.FunktionForTesting;&#13;&#10;//Remember that myBoard in board should be public and all properties in Piece should also be public&#13;&#10;import com.OriginalFiles.*;&#13;&#10;&#13;&#10;import custom.Exceptions.IllegalMove;&#13;&#10;import custom.Exceptions.NoKingLeft;&#13;&#10;&#13;&#10;public class BoardTest extends FunktionForTesting {&#13;&#10;&#9;&#13;&#10;&#9;public BoardTest () throws InterruptedException, IOException&#13;&#10;&#9;{&#13;&#10;&#9;    super();&#13;&#10;&#9;}&#13;&#10;&#9;&#13;&#10;&#9;@Test&#13;&#10;&#9;//test for the Board class' constructor&#13;&#10;&#9;public void testBoard(){&#13;&#10;&#9;&#9;for(int x = 0; x &lt; 8; x++){&#13;&#10;&#9;&#9;&#9;for(int y = 0; y &lt; 8; y++){&#13;&#10;&#9;&#9;&#9;&#9;Field temp = checkersBoard.myBoard[x][y];&#13;&#10;&#9;&#9;&#9;&#9;if((x+y)%2 == 1)&#13;&#10;&#9;&#9;&#9;&#9;{&#13;&#10;&#9;&#9;&#9;&#9;&#9;assertTrue(temp.x == x);&#13;&#10;&#9;&#9;&#9;&#9;&#9;assertTrue(temp.y == y);&#13;&#10;&#9;&#9;&#9;&#9;&#9;assertTrue(temp.allowedField);&#13;&#10;&#9;&#9;&#9;&#9;&#9;&#13;&#10;&#9;&#9;&#9;&#9;&#9;//test if the robots piece is piece and have the right values&#13;&#10;&#9;&#9;&#9;&#9;&#9;if(y &lt; 3)&#13;&#10;&#9;&#9;&#9;&#9;&#9;{&#13;&#10;&#9;&#9;&#9;&#9;&#9;&#9;assertNotNull(temp.getPieceOnField());&#13;&#10;&#9;&#9;&#9;&#9;&#9;&#9;assertTrue(temp.getPieceOnField().getX() == x);&#13;&#10;&#9;&#9;&#9;&#9;&#9;&#9;assertTrue(temp.getPieceOnField().getY() == y);&#13;&#10;&#9;&#9;&#9;&#9;&#9;&#9;assertEquals('r',temp.getPieceOnField().color);&#13;&#10;&#13;&#10;&#9;&#9;&#9;&#9;&#9;&#9;if(y == 2)&#13;&#10;&#9;&#9;&#9;&#9;&#9;&#9;{&#13;&#10;&#9;&#9;&#9;&#9;&#9;&#9;&#9;//test if the robots first row is movable and not kings&#13;&#10;&#9;&#9;&#9;&#9;&#9;&#9;&#9;assertTrue(temp.getPieceOnField().isMoveable);&#13;&#10;&#9;&#9;&#9;&#9;&#9;&#9;&#9;assertFalse(temp.getPieceOnField().isCrowned);&#13;&#10;&#9;&#9;&#9;&#9;&#9;&#9;}&#13;&#10;&#9;&#9;&#9;&#9;&#9;}&#13;&#10;&#13;&#10;&#9;&#9;&#9;&#9;&#9;//Same procedure for the human players pieces&#13;&#10;&#9;&#9;&#9;&#9;&#9;if(y &gt; 4)&#13;&#10;&#9;&#9;&#9;&#9;&#9;{&#13;&#10;&#9;&#9;&#9;&#9;&#9;&#9;assertNotNull(temp.getPieceOnField());&#13;&#10;&#9;&#9;&#9;&#9;&#9;&#9;assertTrue(temp.getPieceOnField().getX() == x);&#13;&#10;&#9;&#9;&#9;&#9;&#9;&#9;assertTrue(temp.getPieceOnField().getY() == y);&#13;&#10;&#9;&#9;&#9;&#9;&#9;&#9;assertEquals('w',temp.getPieceOnField().color);&#13;&#10;&#9;&#9;&#9;&#9;&#9;&#9;&#13;&#10;&#9;&#9;&#9;&#9;&#9;&#9;if(y==5)&#13;&#10;&#9;&#9;&#9;&#9;&#9;&#9;{&#13;&#10;&#9;&#9;&#9;&#9;&#9;&#9;&#9;assertTrue(temp.getPieceOnField().isMoveable);&#13;&#10;&#9;&#9;&#9;&#9;&#9;&#9;&#9;assertFalse(temp.getPieceOnField().isCrowned);&#13;&#10;&#9;&#9;&#9;&#9;&#9;&#9;}&#13;&#10;&#9;&#9;&#9;&#9;&#9;}&#13;&#10;&#9;&#9;&#9;&#9;&#9;&#13;&#10;&#9;&#9;&#9;&#9;&#9;if(y &gt;= 3 &amp;&amp; y &lt;= 4){&#13;&#10;&#9;&#9;&#9;&#9;&#9;&#9;assertNull(temp.getPieceOnField());&#13;&#10;&#9;&#9;&#9;&#9;&#9;}&#13;&#10;&#9;&#9;&#9;&#9;}&#13;&#10;&#9;&#9;&#9;&#9;else&#13;&#10;&#9;&#9;&#9;&#9;{&#13;&#10;&#9;&#9;&#9;&#9;&#9;//test if the all the white fields are not allowed to move on&#13;&#10;&#9;&#9;&#9;&#9;&#9;assertFalse(temp.allowedField);&#13;&#10;&#9;&#9;&#9;&#9;}&#13;&#10;&#9;&#9;&#9;}&#13;&#10;&#9;&#9;}&#13;&#10;&#9;}&#13;&#10;&#9;&#13;&#10;&#9;&#13;&#10;&#13;&#10;&#9;@Test&#13;&#10;&#9;public void testMovePiece() throws NoKingLeft, IOException, custom.Exceptions.NoKingLeft {&#13;&#10;&#9;&#9;Piece temp = checkersBoard.myBoard[2][5].getPieceOnField();&#13;&#10;&#9;&#9;&#13;&#10;&#9;&#9;//test if the representation is updated probably&#13;&#10;&#9;&#9;checkersBoard.movePieceInRepresentation(checkersBoard.myBoard[2][5], checkersBoard.myBoard[3][2], false);&#13;&#10;&#13;&#10;&#9;&#9;assertEquals(temp, checkersBoard.myBoard[3][2].getPieceOnField());&#13;&#10;&#9;&#9;assertNull(checkersBoard.myBoard[2][5].getPieceOnField());&#13;&#10;&#9;&#9;&#13;&#10;&#9;&#9;checkersBoard.movePieceInRepresentation(checkersBoard.myBoard[1][2], produceField(8,8), false);&#13;&#10;&#9;&#9;&#13;&#10;&#9;&#9;assertNull(checkersBoard.myBoard[1][2].getPieceOnField());&#13;&#10;&#9;}&#13;&#10;&#13;&#10;&#9;@Test&#13;&#10;&#9;public void testFieldOccupied() {&#13;&#10;&#9;&#9;//test to see whether this function return is occupied if the field has a piece or if it is outside the board&#13;&#10;&#9;&#9;assertTrue(checkersBoard.fieldOccupied(1, 0));&#13;&#10;&#9;&#9;assertFalse(checkersBoard.fieldOccupied(2, 3));&#13;&#10;&#9;&#9;assertTrue(checkersBoard.fieldOccupied(9, 9));&#13;&#10;&#9;}&#13;&#10;&#9;&#13;&#10;&#9;//function to produce a list of fields which are used for testing check moveable function&#13;&#10;&#9;private List&lt;Field&gt; produceList(Field field, int direction){&#13;&#10;&#9;&#9;List&lt;Field&gt; result = new ArrayList&lt;Field&gt;();&#13;&#10;&#9;&#9;&#13;&#10;&#9;&#9;if(field.y +direction &lt;= 7 &amp;&amp; field.y +direction &gt;= 0){&#13;&#10;&#9;&#9;&#9;if(field.x == 0){&#13;&#10;&#9;&#9;&#9;&#9;result.add(checkersBoard.myBoard[field.x+1][field.y+direction]);&#13;&#10;&#9;&#9;&#9;}&#13;&#10;&#9;&#9;&#9;else if(field.x == 7){&#13;&#10;&#9;&#9;&#9;&#9;result.add(checkersBoard.myBoard[field.x-1][field.y+direction]);&#13;&#10;&#9;&#9;&#9;}&#13;&#10;&#9;&#9;&#9;else{&#13;&#10;&#9;&#9;&#9;&#9;result.add(checkersBoard.myBoard[field.x-1][field.y+direction]);&#13;&#10;&#9;&#9;&#9;&#9;result.add(checkersBoard.myBoard[field.x+1][field.y+direction]);&#13;&#10;&#9;&#9;&#9;}&#13;&#10;&#9;&#9;}&#13;&#10;&#9;&#9;&#13;&#10;&#9;&#9;return result;&#13;&#10;&#9;}&#9;&#13;&#10;&#9;&#13;&#10;&#9;@Test&#13;&#10;&#9;public void testCheckMoveable() throws InterruptedException, IOException {&#13;&#10;&#9;&#9;//test whether this function results lists corresponding the to the valid moves&#13;&#10;&#9;&#9;List&lt;Field&gt; tempList = produceList(checkersBoard.myBoard[2][5],-1);&#13;&#10;&#9;&#9;&#13;&#10;&#9;&#9;assertEquals(checkersBoard.checkMoveable(checkersBoard.myBoard[2][5], -1),tempList);&#13;&#10;&#9;&#9;&#13;&#10;&#9;&#9;checkersBoard.myBoard[2][5].getPieceOnField().isCrowned = true;&#13;&#10;&#9;&#9;&#13;&#10;&#9;&#9;assertEquals(checkersBoard.checkMoveable(checkersBoard.myBoard[2][5], -1),tempList);&#13;&#10;&#9;&#9;&#13;&#10;&#9;&#9;tempList = produceList(checkersBoard.myBoard[0][5],-1);&#13;&#10;&#9;&#9;&#13;&#10;&#9;&#9;assertEquals(checkersBoard.checkMoveable(checkersBoard.myBoard[0][5], -1),tempList);&#13;&#10;&#9;&#9;&#13;&#10;&#9;&#9;tempList = produceList(checkersBoard.myBoard[7][2],1);&#13;&#10;&#9;&#9;&#13;&#10;&#9;&#9;assertEquals(checkersBoard.checkMoveable(checkersBoard.myBoard[7][2], 1),tempList);&#13;&#10;&#9;&#9;&#13;&#10;&#9;&#9;checkersBoard.myBoard[7][2].getPieceOnField().isCrowned = true;&#13;&#10;&#9;&#9;&#13;&#10;&#9;&#9;assertEquals(checkersBoard.checkMoveable(checkersBoard.myBoard[7][2], 1),tempList);&#13;&#10;&#9;&#9;&#13;&#10;&#9;&#9;resetBoard();&#13;&#10;&#9;}&#13;&#10;&#9;&#13;&#10;&#9;@Test&#13;&#10;&#9;public void testCheckJumpDirection() throws InterruptedException, IOException {&#13;&#10;&#9;&#9;//test if this function returns the fields allowed for a piece to jump too&#13;&#10;&#9;    checkersBoard.myBoard[3][4].setPieceOnField(producePiece(0,0,'r',false));&#13;&#10;&#9;&#9;&#13;&#10;&#9;&#9;assertEquals(checkersBoard.checkJumpDirection(checkersBoard.myBoard[4][5], -1, -1, false, false), checkersBoard.myBoard[2][3]);&#13;&#10;&#9;&#9;assertNull(checkersBoard.checkJumpDirection(checkersBoard.myBoard[4][5], 1, -1, false, false));&#13;&#10;&#9;&#9;&#13;&#10;&#9;&#9;checkersBoard.myBoard[3][4].getPieceOnField().isCrowned = true;&#13;&#10;&#9;&#9;checkersBoard.myBoard[4][3].setPieceOnField(producePiece(4, 3,'w',false));&#13;&#10;&#9;&#9;checkersBoard.myBoard[5][2].emptyThisField();&#13;&#10;&#9;&#9;&#13;&#10;&#9;&#9;assertEquals(checkersBoard.checkJumpDirection(checkersBoard.myBoard[3][4], 1, -1, true, true), checkersBoard.myBoard[5][2]);&#13;&#10;&#9;&#9;assertNull(checkersBoard.checkJumpDirection(checkersBoard.myBoard[3][4], -1, -1, true, true));&#13;&#10;&#9;&#9;&#13;&#10;&#9;&#9;resetBoard();&#13;&#10;&#9;}&#13;&#10;&#13;&#10;&#9;@Test&#13;&#10;&#9;public void testCheckAllegiance() {&#13;&#10;&#9;&#9;//Test for humans pieces&#13;&#10;&#9;&#9;assertTrue(checkersBoard.checkAllegiance(checkersBoard.myBoard[4][5], true));&#13;&#10;&#9;&#9;assertFalse(checkersBoard.checkAllegiance(checkersBoard.myBoard[4][5], false));&#13;&#10;&#9;&#9;&#13;&#10;&#9;&#9;//Test for robots pieces&#13;&#10;&#9;&#9;assertTrue(checkersBoard.checkAllegiance(checkersBoard.myBoard[2][1], false));&#13;&#10;&#9;&#9;assertFalse(checkersBoard.checkAllegiance(checkersBoard.myBoard[2][1], true));&#13;&#10;&#9;&#9;&#13;&#10;&#9;&#9;Field checkField = produceField(9,9);&#13;&#10;&#9;&#9;&#13;&#10;&#9;&#9;//Test for out for bounds&#13;&#10;&#9;&#9;assertFalse(checkersBoard.checkAllegiance(checkField,true));&#13;&#10;&#9;&#9;assertFalse(checkersBoard.checkAllegiance(checkField,false));&#13;&#10;&#9;}&#13;&#10;&#13;&#10;}&#13;&#10;" Filename="BoardTest.java" Intrnl_Id="3"/>
<SrcFile Content="package com.Testing;&#13;&#10;&#13;&#10;import static org.junit.Assert.*;&#13;&#10;import java.io.IOException;&#13;&#10;import org.junit.Test;&#13;&#10;import com.CustomClasses.FunktionForTesting;&#13;&#10;import custom.Exceptions.IllegalMove;&#13;&#10;import custom.Exceptions.NoKingLeft;&#13;&#10;&#13;&#10;public class AnalyzeTest extends FunktionForTesting {&#13;&#10;    com.OriginalFiles.Analyze analyzeForTest;&#13;&#10;    public AnalyzeTest() throws InterruptedException, IOException {&#13;&#10;        super();&#13;&#10;        analyzeForTest = checkersBoard.analyzeFunctions;&#13;&#10;        // TODO Auto-generated constructor stub&#13;&#10;    }&#13;&#10;&#13;&#10;    @Test&#13;&#10;    public final void testGameHasEnded() throws InterruptedException, IOException {&#13;&#10;        //test if the game is not ended with start positioning&#13;&#10;        assertEquals(0, analyzeForTest.gameHasEnded(true));&#13;&#10;        assertEquals(0, analyzeForTest.gameHasEnded(false));&#13;&#10;&#13;&#10;        constructWinCase(true);&#13;&#10;        //test if the game registers that the human have won independent of whos turn it is&#13;&#10;        assertEquals(1, analyzeForTest.gameHasEnded(true));&#13;&#10;        assertEquals(1, analyzeForTest.gameHasEnded(false));&#13;&#10;        &#13;&#10;        constructWinCase(false);&#13;&#10;        //test if the game registers that the robot have won independent of whos turn it is&#13;&#10;        assertEquals(2, analyzeForTest.gameHasEnded(true));&#13;&#10;        assertEquals(2, analyzeForTest.gameHasEnded(false));&#13;&#10;        &#13;&#10;        emptyBoard();&#13;&#10;        &#13;&#10;        //test if the game ended when it is a draw when it is humans turn&#13;&#10;        //test if the game is not ended when it is the robots turn&#13;&#10;        checkersBoard.myBoard[4][5].setPieceOnField(producePiece(4, 5, 'b', true));&#13;&#10;        checkersBoard.myBoard[6][7].setPieceOnField(producePiece(4, 5, 'g', true));&#13;&#10;        &#13;&#10;        assertEquals(3, analyzeForTest.gameHasEnded(true));&#13;&#10;        assertNotEquals(3, analyzeForTest.gameHasEnded(false));&#13;&#10;        &#13;&#10;        emptyBoard();&#13;&#10;        &#13;&#10;        //test if the game ended when it is a draw when it is robots turn&#13;&#10;        //test if the game is not ended when it is the human turn&#13;&#10;        checkersBoard.myBoard[1][0].setPieceOnField(producePiece(4, 5, 'b',true));&#13;&#10;        checkersBoard.myBoard[1][2].setPieceOnField(producePiece(4, 5, 'g',true));&#13;&#10;        &#13;&#10;        assertEquals(3, analyzeForTest.gameHasEnded(false));&#13;&#10;        assertNotEquals(3, analyzeForTest.gameHasEnded(true));&#13;&#10;        &#13;&#10;        resetBoard();&#13;&#10;    }&#13;&#10;&#13;&#10;    &#13;&#10;&#13;&#10;    &#13;&#10;&#13;&#10;    @Test&#13;&#10;    public final void testCheckForGameHasEnded() throws InterruptedException, IOException {&#13;&#10;        &#13;&#10;        //test if the games ends in the different scenarios&#13;&#10;        assertFalse(analyzeForTest.checkForGameHasEnded(true));&#13;&#10;        assertFalse(analyzeForTest.checkForGameHasEnded(false));&#13;&#10;        &#13;&#10;        constructWinCase(true);&#13;&#10;        &#13;&#10;        assertTrue(analyzeForTest.checkForGameHasEnded(true));&#13;&#10;        assertTrue(analyzeForTest.checkForGameHasEnded(false));&#13;&#10;        &#13;&#10;        constructWinCase(false);&#13;&#10;        &#13;&#10;        assertTrue(analyzeForTest.checkForGameHasEnded(true));&#13;&#10;        assertTrue(analyzeForTest.checkForGameHasEnded(false));&#13;&#10;        &#13;&#10;        emptyBoard();&#13;&#10;        &#13;&#10;        //draw case if humans turn&#13;&#10;        checkersBoard.myBoard[4][5].setPieceOnField(producePiece(4, 5, 'b',true));&#13;&#10;        checkersBoard.myBoard[6][7].setPieceOnField(producePiece(6, 7, 'g',true));&#13;&#10;        &#13;&#10;        assertTrue(analyzeForTest.checkForGameHasEnded(true));&#13;&#10;        assertFalse(analyzeForTest.checkForGameHasEnded(false));&#13;&#10;        &#13;&#10;        emptyBoard();&#13;&#10;        &#13;&#10;        //draw case if robots turn&#13;&#10;        checkersBoard.myBoard[1][0].setPieceOnField(producePiece(1, 0, 'b',true));&#13;&#10;        checkersBoard.myBoard[1][2].setPieceOnField(producePiece(1, 2, 'g',true));&#13;&#10;        &#13;&#10;        assertTrue(analyzeForTest.checkForGameHasEnded(false));&#13;&#10;        assertFalse(analyzeForTest.checkForGameHasEnded(true));&#13;&#10;        &#13;&#10;        resetBoard();&#13;&#10;    }&#13;&#10;    &#13;&#10;    @Test&#13;&#10;    public final void testAnalyzeBoard() throws InterruptedException, IOException, NoKingLeft, IllegalMove, custom.Exceptions.NoKingLeft, custom.Exceptions.IllegalMove{&#13;&#10;        boolean testException = false;&#13;&#10;        &#13;&#10;        //test if analyzeboard works when moving a piece&#13;&#10;        assertTrue(analyzeForTest.analyzeBoard());&#13;&#10;        &#13;&#10;        //production of an illegal move&#13;&#10;        checkersBoard.myBoard[3][4].setPieceOnField(producePiece(4, 5, 'r',false));&#13;&#10;        checkersBoard.myBoard[2][5].setPieceOnField(producePiece(4, 5, 'w',true));&#13;&#10;        &#13;&#10;        //test that analyzeBoard finds and reports the illegal move&#13;&#10;        try {&#13;&#10;            analyzeForTest.analyzeBoard();&#13;&#10;        }&#13;&#10;        catch (IllegalMove e) {&#13;&#10;            testException = true;&#13;&#10;        }&#13;&#10;        &#13;&#10;        assertTrue(testException);&#13;&#10;        &#13;&#10;        resetBoard();&#13;&#10;    }&#13;&#10;    &#13;&#10;    &#13;&#10;    //Test not that valid for the real GetColor function&#13;&#10;    @Test&#13;&#10;    public final void testGetColor() throws IOException {&#13;&#10;        assertEquals(checkersBoard.myBoard[1][0].getPieceOnField().color, analyzeForTest.getColor(1, 0));&#13;&#10;        assertEquals(' ', analyzeForTest.getColor(0, 3));&#13;&#10;        assertEquals('w', analyzeForTest.getColor(1,4));&#13;&#10;    }&#13;&#10;}&#13;&#10;" Filename="AnalyzeTest.java" Intrnl_Id="4"/>
<SrcFile Content="package com.OriginalFiles;&#13;&#10;&#13;&#10;import com.CustomClasses.Color;&#13;&#10;import java.io.IOException;&#13;&#10;&#13;&#10;public class RemoteNXTFunctions {&#13;&#10;    public Board checkersBoard;&#13;&#10;&#13;&#10;    public RemoteNXTFunctions() throws InterruptedException, IOException {&#13;&#10;        checkersBoard = new Board(this);&#13;&#10;    }&#13;&#10;    public void resetMotors() {&#13;&#10;        // TODO Auto-generated method stub&#13;&#10;        &#13;&#10;    }&#13;&#10;&#13;&#10;    public void trashPieceOnField(Field field) {&#13;&#10;        // TODO Auto-generated method stub&#13;&#10;        &#13;&#10;    }&#13;&#10;&#13;&#10;    public void doMove(Move move) {&#13;&#10;        // TODO Auto-generated method stub&#13;&#10;        &#13;&#10;    }&#13;&#10;&#13;&#10;    public void waitForRedButton() {&#13;&#10;        // TODO Auto-generated method stub&#13;&#10;&#13;&#10;    }&#13;&#10;&#13;&#10;    public void initColorSensor() {&#13;&#10;        // TODO Auto-generated method stub&#13;&#10;&#13;&#10;    }&#13;&#10;&#13;&#10;    public final Color getColorOnField(int x, int y) {&#13;&#10;        Color output = new Color();&#13;&#10;        if(x == 0 &amp;&amp; y == 1)&#13;&#10;        {&#13;&#10;            output.setColor('r');&#13;&#10;        } else if (x == 2 &amp;&amp; y == 5) {&#13;&#10;            output.setColor(' ');&#13;&#10;        } else if (x == 1 &amp;&amp; y == 4) {&#13;&#10;            output.setColor('w');&#13;&#10;        } else if (checkersBoard.myBoard[x][y].getPieceOnField() != null) {&#13;&#10;           output.setColor(checkersBoard.myBoard[x][y].getPieceOnField().color);&#13;&#10;        } else {&#13;&#10;            output.setColor(' ');&#13;&#10;        }&#13;&#10;&#13;&#10;        return output;&#13;&#10;    }&#13;&#10;&#13;&#10;}&#13;&#10;" Filename="RemoteNXTFunctions.java" Intrnl_Id="5"/>
<SrcFile Content="package com.OriginalFiles;&#13;&#10;&#13;&#10;public class Piece {&#13;&#10;    private int x = -1, y = -1;&#13;&#10;    public char color;&#13;&#10;    public boolean isMoveable = false;&#13;&#10;    public boolean canJump = false;&#13;&#10;    public boolean isCrowned = false;&#13;&#10;    private double currentValue = 0;&#13;&#10;    private int calculatedGameState = 0;&#13;&#10;    private final int isMidgame = 1;&#13;&#10;    private final int isEndgame = 2;&#13;&#10;    private Board checkersBoard;&#13;&#10;&#13;&#10;    private final int valueOfPiece = 10;&#13;&#10;    private final int middleBonus = 3;&#13;&#10;    private final int closeBonus = 4;&#13;&#10;    private final int backlineBonus = 7;&#13;&#10;    private final int kingBonus = 15;&#13;&#10;&#13;&#10;    public Piece(Board input) {&#13;&#10;        checkersBoard = input;&#13;&#10;    }&#13;&#10;&#13;&#10;    public final int getY() {&#13;&#10;        return y;&#13;&#10;    }&#13;&#10;&#13;&#10;    public final int getX() {&#13;&#10;        return x;&#13;&#10;    }&#13;&#10;&#13;&#10;    public final void setXY(int inputX, int inputY) {&#13;&#10;        x = inputX;&#13;&#10;        y = inputY;&#13;&#10;        updatePriceMidgame();&#13;&#10;    }&#13;&#10;&#13;&#10;    private boolean isOnBoard() {&#13;&#10;        if (checkersBoard.checkBounds(x, y)) {&#13;&#10;            return true;&#13;&#10;        } else {&#13;&#10;            currentValue = 0;&#13;&#10;            return false;&#13;&#10;        }&#13;&#10;    }&#13;&#10;&#13;&#10;    public final double priceForPiece(int gameState) {&#13;&#10;        if (calculatedGameState != gameState || gameState == isEndgame) {&#13;&#10;                updatePrice(gameState);&#13;&#10;        }&#13;&#10;        return currentValue;&#13;&#10;    }&#13;&#10;&#13;&#10;    private int min(int a, int b) {&#13;&#10;        if (a &lt; b) {&#13;&#10;            return a;&#13;&#10;        }&#13;&#10;        return b;&#13;&#10;    }&#13;&#10;&#13;&#10;    private void updatePriceMidgame() {&#13;&#10;        updatePrice(isMidgame);&#13;&#10;    }&#13;&#10;&#13;&#10;    private void updatePrice(int gameState) {&#13;&#10;        if (isOnBoard()) {&#13;&#10;            calculatedGameState = gameState;&#13;&#10;            int returnValue = valueOfPiece;&#13;&#10;            if (gameState == isMidgame) {&#13;&#10;                returnValue += middleBonus&#13;&#10;                        - min(Math.abs(3 - x), Math.abs(4 - x));&#13;&#10;            }&#13;&#10;            if (gameState == isEndgame) {&#13;&#10;                returnValue += closeBonus - closestPiece();&#13;&#10;            }&#13;&#10;&#13;&#10;            if (!isCrowned&#13;&#10;                    &amp;&amp; ((checkersBoard.checkAllegiance(this, true)&#13;&#10;                            &amp;&amp; y == 7)&#13;&#10;                    || (checkersBoard.checkAllegiance(this, false)&#13;&#10;                            &amp;&amp; y == 0))) {&#13;&#10;                if (gameState == isMidgame) {&#13;&#10;                    returnValue += backlineBonus / 2;&#13;&#10;                }&#13;&#10;                returnValue += backlineBonus / 2;&#13;&#10;            }&#13;&#10;            if (isCrowned) {&#13;&#10;                returnValue += kingBonus;&#13;&#10;            }&#13;&#10;            currentValue = returnValue;&#13;&#10;        }&#13;&#10;    }&#13;&#10;&#13;&#10;    private int closestPiece() {&#13;&#10;        boolean found = false;&#13;&#10;        int distance = 0;&#13;&#10;        while (!found &amp;&amp; distance &lt; 8) {&#13;&#10;            distance += 1;&#13;&#10;            OUTERMOST: for (int i = -distance; i &lt; 1 + distance; i++) {&#13;&#10;                for (int j = -distance; j &lt; 1 + distance; j++) {&#13;&#10;                    if (checkersBoard.&#13;&#10;                            checkBounds(x + i, y + j)) {&#13;&#10;                        if (checkersBoard.checkAllegiance(&#13;&#10;                                checkersBoard.&#13;&#10;                                myBoard[x + i][y + j], true)) {&#13;&#10;                            found = true;&#13;&#10;                            break OUTERMOST;&#13;&#10;                        }&#13;&#10;                    }&#13;&#10;                }&#13;&#10;            }&#13;&#10;        }&#13;&#10;        return distance;&#13;&#10;    }&#13;&#10;}" Filename="Piece.java" Intrnl_Id="6"/>
<SrcFile Content="package com.OriginalFiles;&#13;&#10;&#13;&#10;import java.util.ArrayList;&#13;&#10;import java.util.List;&#13;&#10;&#13;&#10;public class Move {&#13;&#10;    public List&lt;Field&gt; moves;&#13;&#10;    //public boolean isJump;&#13;&#10;    public List&lt;Piece&gt; takenPieces = new ArrayList&lt;Piece&gt;();&#13;&#10;    public boolean wasKingBefore = false;&#13;&#10;&#13;&#10;    public Move(Field movefrom, Field moveto, boolean wasKing) {&#13;&#10;        List&lt;Field&gt; moveToList = new ArrayList&lt;Field&gt;();&#13;&#10;        moveToList.add(movefrom);&#13;&#10;        moveToList.add(moveto);&#13;&#10;        this.moves = moveToList;&#13;&#10;        this.wasKingBefore = wasKing;&#13;&#10;    }&#13;&#10;&#13;&#10;    public Move(List&lt;Field&gt; moveToList, boolean wasKing) {&#13;&#10;        this.moves = moveToList;&#13;&#10;        this.wasKingBefore = wasKing;&#13;&#10;    }&#13;&#10;&#13;&#10;    public Move() {&#13;&#10;        List&lt;Field&gt; moveToList = new ArrayList&lt;Field&gt;();&#13;&#10;        this.moves = moveToList;&#13;&#10;    }&#13;&#10;&#13;&#10;    public final boolean isJump() {&#13;&#10;        if (moves.size() &gt;= 2) {&#13;&#10;            Field to = moves.get(1);&#13;&#10;            Field from  = moves.get(0);&#13;&#10;&#13;&#10;            return Math.abs(from.x - to.x) == 2 &amp;&amp; Math.abs(from.y - to.y) == 2;&#13;&#10;        } else {&#13;&#10;            return false;&#13;&#10;        }&#13;&#10;    }&#13;&#10;&#13;&#10;    public final void addStep(Field step) {&#13;&#10;        this.moves.add(step);&#13;&#10;    }&#13;&#10;}&#13;&#10;&#13;&#10;" Filename="Move.java" Intrnl_Id="7"/>
<SrcFile Content="package com.OriginalFiles;&#13;&#10;&#13;&#10;public class Field {&#13;&#10;    //allowedField determines if is an allowed field to play on (a black field)&#13;&#10;    public boolean allowedField;&#13;&#10;    public boolean visited = false;&#13;&#10;    public int x;&#13;&#10;    public int y;&#13;&#10;    private Piece pieceOnField = null;&#13;&#10;    public Field() { };&#13;&#10;    public Field(int inputx, int inputy) {&#13;&#10;        x = inputx;&#13;&#10;        y = inputy;&#13;&#10;    }&#13;&#10;&#13;&#10;    //Get and Set to access to private variable pieceOnField.&#13;&#10;    //Updates the coordinates of an piece when assigned to a field.&#13;&#10;    public final void setPieceOnField(Piece inputPiece) {&#13;&#10;        pieceOnField = inputPiece;&#13;&#10;        if (!isEmpty()) {&#13;&#10;            pieceOnField.setXY(x, y);&#13;&#10;        }&#13;&#10;    }&#13;&#10;&#13;&#10;    public final Piece getPieceOnField() {&#13;&#10;        return pieceOnField;&#13;&#10;    }&#13;&#10;&#13;&#10;    //A field is empty, if no piece is assigned to it.&#13;&#10;    public final boolean isEmpty() {&#13;&#10;        return (pieceOnField == null);&#13;&#10;    }&#13;&#10;&#13;&#10;    //Returns true if there is a piece on the field,&#13;&#10;    //and the piece is of the given color.&#13;&#10;    public final boolean isPieceOfColor(char input) {&#13;&#10;        if (isEmpty()) {&#13;&#10;            return false;&#13;&#10;        } else {&#13;&#10;            return (pieceOnField.color == input);&#13;&#10;        }&#13;&#10;    }&#13;&#10;&#13;&#10;    //Empty the field, by un-assigning the piece of the field.&#13;&#10;    public final void emptyThisField() {&#13;&#10;        pieceOnField = null;&#13;&#10;    }&#13;&#10;}&#13;&#10;" Filename="Field.java" Intrnl_Id="8"/>
<SrcFile Content="package com.OriginalFiles;&#13;&#10;&#13;&#10;public class Communication {&#13;&#10;&#13;&#10;    public Communication(RemoteNXTFunctions remoteFunc) {&#13;&#10;        // TODO Auto-generated constructor stub&#13;&#10;    }&#13;&#10;&#13;&#10;    public void myKingNotPlaced() {&#13;&#10;        // TODO Auto-generated method stub&#13;&#10;        &#13;&#10;    }&#13;&#10;&#13;&#10;    public void humanWon() {&#13;&#10;        // TODO Auto-generated method stub&#13;&#10;        &#13;&#10;    }&#13;&#10;&#13;&#10;    public void robotWon() {&#13;&#10;        // TODO Auto-generated method stub&#13;&#10;        &#13;&#10;    }&#13;&#10;&#13;&#10;    public void draw() {&#13;&#10;        // TODO Auto-generated method stub&#13;&#10;        &#13;&#10;    }&#13;&#10;&#13;&#10;}&#13;&#10;" Filename="Communication.java" Intrnl_Id="9"/>
<SrcFile Content="package com.OriginalFiles;&#13;&#10;&#13;&#10;import java.io.IOException;&#13;&#10;import java.util.ArrayList;&#13;&#10;import java.util.List;&#13;&#10;import custom.Exceptions.NoKingLeft;&#13;&#10;&#13;&#10;public class Board {&#13;&#10;&#13;&#10;    public Field[][] myBoard = new Field[8][8];&#13;&#10;    public Field[] kingPlace = new Field[8];&#13;&#10;    public Field[][] trashPlace = new Field[8][2];&#13;&#10;    public Analyze analyzeFunctions;&#13;&#10;&#13;&#10;    public Communication informer;&#13;&#10;&#13;&#10;    char myPeasentColor, myKingColor, opponentPeasentColor, opponentKingColor;&#13;&#10;&#13;&#10;    public Board(RemoteNXTFunctions remoteFunc)&#13;&#10;            throws InterruptedException, IOException {&#13;&#10;        informer = new Communication(remoteFunc);&#13;&#10;        analyzeFunctions = new Analyze(this, remoteFunc);&#13;&#10;        analyzeFunctions.findMyColors();&#13;&#10;        findOpponentColors();&#13;&#10;&#13;&#10;        int x, y;&#13;&#10;&#13;&#10;        //Create the 8 times 8 board&#13;&#10;        for (x = 0; x &lt; 8; x++) {&#13;&#10;            for (y = 0; y &lt; 8; y++) {&#13;&#10;                Field temp = new Field();&#13;&#10;                temp.x = x;&#13;&#10;                temp.y = y;&#13;&#10;&#13;&#10;                //Every second field is an allowed field&#13;&#10;                //latex start ConstructorLoop&#13;&#10;                if ((x + y) % 2 == 1) {&#13;&#10;                    temp.allowedField = true;&#13;&#10;                    Piece pieceOnBoard = null;&#13;&#10;                    if (y &lt; 3) {&#13;&#10;                        pieceOnBoard = new Piece(this);&#13;&#10;                        pieceOnBoard.color = myPeasentColor;&#13;&#10;&#13;&#10;                        //Every piece on the front line of each player&#13;&#10;                        //is moveable from the start&#13;&#10;                        if (y == 2) {&#13;&#10;                            pieceOnBoard.isMoveable = true;&#13;&#10;                        }&#13;&#10;                    }&#13;&#10;                    //latex end&#13;&#10;&#13;&#10;                    if (y &gt; 4) {&#13;&#10;                        pieceOnBoard = new Piece(this);&#13;&#10;                        pieceOnBoard.color = opponentPeasentColor;&#13;&#10;                        if (y == 5) {&#13;&#10;                            pieceOnBoard.isMoveable = true;&#13;&#10;                        }&#13;&#10;                    }&#13;&#10;                    temp.setPieceOnField(pieceOnBoard);&#13;&#10;                } else {&#13;&#10;                    temp.allowedField = false;&#13;&#10;                }&#13;&#10;                myBoard[x][y] = temp;&#13;&#10;            }&#13;&#10;        }&#13;&#10;&#13;&#10;        //Set the location of the human players king pieces&#13;&#10;        //And Trashfield&#13;&#10;        //latex start ConstructorKing&#13;&#10;        for (int i = 0; i &lt; 8; i++) {&#13;&#10;            Field temp = new Field();&#13;&#10;            temp.x = i;&#13;&#10;            temp.y = -2;&#13;&#10;            Piece tempPiece = new Piece(this);&#13;&#10;            tempPiece.color = opponentKingColor;&#13;&#10;            tempPiece.isCrowned = true;&#13;&#10;            temp.setPieceOnField(tempPiece);&#13;&#10;            kingPlace[i] = temp;&#13;&#10;        }&#13;&#10;        //latex end&#13;&#10;        for (int j = 0; j &lt; 2; j++) {&#13;&#10;        for (int i = 0; i &lt; 8; i++) {&#13;&#10;            Field temp = new Field();&#13;&#10;            temp.x = i;&#13;&#10;            temp.y = -3 - j;&#13;&#10;            trashPlace[i][j] = temp;&#13;&#10;        }&#13;&#10;        }&#13;&#10;    }&#13;&#10;&#13;&#10;    public final void resetVisited() {&#13;&#10;        for (Field[] f : myBoard) {&#13;&#10;            for (Field field : f) {&#13;&#10;                field.visited = false;&#13;&#10;            }&#13;&#10;        }&#13;&#10;    }&#13;&#10;&#13;&#10;    //Sorts the list of fields to search to minimize robot movement&#13;&#10;    public final void sortListOfFields(List&lt;Field&gt; listOfFields) {&#13;&#10;        int x = 0;&#13;&#10;        int y = 0;&#13;&#10;        int sizeOflistOfFields = listOfFields.size();&#13;&#10;        for (int i = 0; i &lt; sizeOflistOfFields; i++) {&#13;&#10;            for (int n = i + 1; n &lt; sizeOflistOfFields; n++) {&#13;&#10;                if (!isGreater(listOfFields.get(i),&#13;&#10;                        listOfFields.get(n), x, y)) {&#13;&#10;                    Field temp1 = listOfFields.get(i);&#13;&#10;                    Field temp2 = listOfFields.get(n);&#13;&#10;                    listOfFields.remove(n);&#13;&#10;                    listOfFields.remove(i);&#13;&#10;                    listOfFields.add(i, temp2);&#13;&#10;                    listOfFields.add(n, temp1);&#13;&#10;                }&#13;&#10;            }&#13;&#10;            x = listOfFields.get(i).x;&#13;&#10;            y = listOfFields.get(i).y;&#13;&#10;        }&#13;&#10;    }&#13;&#10;&#13;&#10;    //Sorts the list of fields to search to minimize robot movement&#13;&#10;        public final void sortListOfMoves(List&lt;Move&gt; listOfMoves) {&#13;&#10;            int x = 0;&#13;&#10;            int y = 0;&#13;&#10;            for (int i = 0; i &lt; listOfMoves.size(); i++) {&#13;&#10;                for (int n = i + 1; n &lt; listOfMoves.size(); n++) {&#13;&#10;                    if (!isGreater(listOfMoves.get(i).moves.get(&#13;&#10;                        listOfMoves.get(i).moves.size() - 1),&#13;&#10;                            listOfMoves.get(n).moves.get(&#13;&#10;                                listOfMoves.get(n).moves.size() - 1), x, y)) {&#13;&#10;                        Move temp1 = listOfMoves.get(i);&#13;&#10;                        Move temp2 = listOfMoves.get(n);&#13;&#10;                        listOfMoves.remove(n);&#13;&#10;                        listOfMoves.remove(i);&#13;&#10;                        listOfMoves.add(i, temp2);&#13;&#10;                        listOfMoves.add(n, temp1);&#13;&#10;                    }&#13;&#10;                }&#13;&#10;                x = listOfMoves.get(i).moves.get(&#13;&#10;                        listOfMoves.get(i).moves.size() - 1).x;&#13;&#10;                y = listOfMoves.get(i).moves.get(&#13;&#10;                        listOfMoves.get(i).moves.size() - 1).y;&#13;&#10;            }&#13;&#10;        }&#13;&#10;    //Method to used in sorting the list of places to move the robot&#13;&#10;    public final boolean isGreater(Field inputField,&#13;&#10;            Field fieldToCompare, int compX, int compY) {&#13;&#10;        //Check jumps to be crowned first&#13;&#10;        if (inputField.getPieceOnField().canJump&#13;&#10;                &amp;&amp; !inputField.getPieceOnField().isCrowned&#13;&#10;                &amp;&amp; inputField.getPieceOnField().color == opponentPeasentColor&#13;&#10;                &amp;&amp; inputField.getPieceOnField().getY() == 2) {&#13;&#10;            return true;&#13;&#10;        } else if (inputField.getPieceOnField().canJump&#13;&#10;                &amp;&amp; !fieldToCompare.getPieceOnField().canJump) {&#13;&#10;            return true;&#13;&#10;        } else if (fieldToCompare.getPieceOnField().canJump&#13;&#10;                &amp;&amp; !inputField.getPieceOnField().canJump) {&#13;&#10;            return false;&#13;&#10;        } else {&#13;&#10;            if (inputField.y == 1 &amp;&amp; fieldToCompare.y != 1&#13;&#10;                    &amp;&amp; !inputField.getPieceOnField().isCrowned) {&#13;&#10;                return true;&#13;&#10;            } else if (fieldToCompare.y == 1 &amp;&amp; inputField.y != 1&#13;&#10;                    &amp;&amp; !fieldToCompare.getPieceOnField().isCrowned) {&#13;&#10;                return false;&#13;&#10;            } else {&#13;&#10;                if (weight(inputField, compX, compY)&#13;&#10;                    &gt; weight(fieldToCompare, compX, compY)) {&#13;&#10;                    return false;&#13;&#10;                } else if (weight(inputField, compX, compY)&#13;&#10;                           &lt; weight(fieldToCompare, compX, compY)) {&#13;&#10;                    return true;&#13;&#10;                } else {&#13;&#10;                    return (inputField.y &lt; fieldToCompare.y);&#13;&#10;                }&#13;&#10;            }&#13;&#10;        }&#13;&#10;    }&#13;&#10;&#13;&#10;    private int weight(Field inputField, int x, int y) {&#13;&#10;        return Math.abs(inputField.x - x) + Math.abs(inputField.y - y);&#13;&#10;    }&#13;&#10;&#13;&#10;    public final boolean verifyOpPieceIsOnField(Field field) throws&#13;&#10;    InterruptedException, IOException {&#13;&#10;        if (checkAllegiance(field, true)) {&#13;&#10;            if (field.getPieceOnField().isMoveable) {&#13;&#10;                return !(isFieldEmptyOnBoard(field.x, field.y));&#13;&#10;            }&#13;&#10;        }&#13;&#10;        return true;&#13;&#10;    }&#13;&#10;&#13;&#10;    public final boolean peasentIsOnEndRow(Field field) {&#13;&#10;        if (!field.isEmpty()) {&#13;&#10;            int checkRow;&#13;&#10;            if (checkAllegiance(field, true)) {&#13;&#10;                checkRow = 0;&#13;&#10;            } else {&#13;&#10;                checkRow = 7;&#13;&#10;            }&#13;&#10;&#13;&#10;            if (field.y == checkRow &amp;&amp; !field.getPieceOnField().isCrowned) {&#13;&#10;                return true;&#13;&#10;            }&#13;&#10;        }&#13;&#10;        return false;&#13;&#10;    }&#13;&#10;&#13;&#10;    //Moves a piece in the board representation&#13;&#10;    public final void movePieceInRepresentation(Field fromField, int toFieldX,&#13;&#10;            int toFieldY, boolean isSimulated) throws NoKingLeft, IOException {&#13;&#10;        movePieceInRepresentation(fromField,&#13;&#10;                myBoard[toFieldX][toFieldY], isSimulated);&#13;&#10;    }&#13;&#10;    //latex start movePieceInRepresentation&#13;&#10;    public final void movePieceInRepresentation(Field fromField,&#13;&#10;            Field toField, boolean isSimulated) throws NoKingLeft, IOException {&#13;&#10;        toField.setPieceOnField(fromField.getPieceOnField());&#13;&#10;        fromField.emptyThisField();&#13;&#10;        if (checkBounds(toField.x, toField.y)) {&#13;&#10;            analyzeFunctions.checkForUpgradeKing(&#13;&#10;                    toField, isSimulated);&#13;&#10;        }&#13;&#10;        //latex end&#13;&#10;    }&#13;&#10;&#13;&#10;    //Check if field has been occupied&#13;&#10;    public final boolean checkMoveDirection(Field field,&#13;&#10;            int directX, int directY) throws InterruptedException, IOException {&#13;&#10;        return (!fieldOccupied(field.x + directX, field.y + directY)&#13;&#10;            &amp;&amp; !this.isFieldEmptyOnBoard(field.x + directX, field.y + directY));&#13;&#10;    }&#13;&#10;&#13;&#10;    public final boolean isFieldEmptyOnBoard(int x, int y)&#13;&#10;            throws InterruptedException, IOException {&#13;&#10;        if (checkBounds(x, y)) {&#13;&#10;            char color = analyzeFunctions.getColor(x, y);&#13;&#10;&#13;&#10;            return color == ' ';&#13;&#10;        } else {&#13;&#10;            return false;&#13;&#10;        }&#13;&#10;    }&#13;&#10;&#13;&#10;    public final boolean fieldOccupied(int x, int y) {&#13;&#10;        if (checkBounds(x, y)) {&#13;&#10;            return !myBoard[x][y].isEmpty();&#13;&#10;        } else {&#13;&#10;            return true;&#13;&#10;        }&#13;&#10;    }&#13;&#10;&#13;&#10;    //Check if a piece can move and is jumpable&#13;&#10;    //latex start checkPiece&#13;&#10;    private void checkPiece(Field field, int dify, boolean checkForOpponent) {&#13;&#10;        field.getPieceOnField().canJump = checkJump(field,&#13;&#10;                checkForOpponent, field.getPieceOnField().isCrowned);&#13;&#10;&#13;&#10;        if (field.getPieceOnField().canJump) {&#13;&#10;            field.getPieceOnField().isMoveable = true;&#13;&#10;        } else {&#13;&#10;            field.getPieceOnField().isMoveable =&#13;&#10;                    checkMoveableBoolean(field, dify);&#13;&#10;        }&#13;&#10;    }&#13;&#10;    //latex end&#13;&#10;&#13;&#10;    private boolean checkMoveableBoolean(Field field, int dif) {&#13;&#10;        return !checkMoveable(field, dif).isEmpty();&#13;&#10;    }&#13;&#10;&#13;&#10;    //Checks if a given field is movable&#13;&#10;    public final List&lt;Field&gt; checkMoveable(Field field, int dif) {&#13;&#10;        List&lt;Field&gt; possibleMoves = new ArrayList&lt;Field&gt;();&#13;&#10;&#13;&#10;        //Check forward&#13;&#10;        if (!this.fieldOccupied(field.x - 1, field.y + dif)) {&#13;&#10;            possibleMoves.add(myBoard[field.x - 1][field.y + dif]);&#13;&#10;        }&#13;&#10;        if (!this.fieldOccupied(field.x + 1, field.y + dif)) {&#13;&#10;            possibleMoves.add(myBoard[field.x + 1][field.y + dif]);&#13;&#10;        }&#13;&#10;        //if king, check backwards also&#13;&#10;        if (field.getPieceOnField().isCrowned) {&#13;&#10;            if (!this.fieldOccupied(field.x - 1, field.y - dif)) {&#13;&#10;                possibleMoves.add(myBoard[field.x - 1][field.y - dif]);&#13;&#10;            }&#13;&#10;            if (!this.fieldOccupied(field.x + 1, field.y - dif)) {&#13;&#10;                possibleMoves.add(myBoard[field.x + 1][field.y - dif]);&#13;&#10;            }&#13;&#10;        }&#13;&#10;        return possibleMoves;&#13;&#10;    }&#13;&#10;&#13;&#10;    //Check if a given field can jump&#13;&#10;    //latex start checkJump&#13;&#10;    private boolean checkJump(Field field,&#13;&#10;            boolean checkForOpponent, boolean isCrowned) {&#13;&#10;        return (checkJumpDirectionBoolean(field, -1, -1,&#13;&#10;                        checkForOpponent, isCrowned)&#13;&#10;                || checkJumpDirectionBoolean(field, 1, -1,&#13;&#10;                        checkForOpponent, isCrowned)&#13;&#10;                || checkJumpDirectionBoolean(field, 1, 1,&#13;&#10;                        checkForOpponent, isCrowned)&#13;&#10;                || checkJumpDirectionBoolean(field, -1, 1,&#13;&#10;                        checkForOpponent, isCrowned));&#13;&#10;    }&#13;&#10;    //latex end&#13;&#10;&#13;&#10;    //Checks jumps&#13;&#10;    //latex start jumpDirection&#13;&#10;    public final Field checkJumpDirection(Field field, int difx, int dify,&#13;&#10;            boolean checkForOpponent, boolean isCrowned) {&#13;&#10;        if (((checkForOpponent &amp;&amp; dify == -1)&#13;&#10;                || (!checkForOpponent &amp;&amp; dify == 1)) &amp;&amp; !isCrowned) {&#13;&#10;            return null;&#13;&#10;        }&#13;&#10;&#13;&#10;        if (checkBounds(field.x + 2 * difx, field.y + 2 * dify)) {&#13;&#10;            if (!myBoard[field.x + 2 * difx][field.y + 2 * dify].visited) {&#13;&#10;                if (checkAllegiance(&#13;&#10;                      myBoard[field.x + difx][field.y + dify], checkForOpponent)&#13;&#10;                      &amp;&amp; !this.fieldOccupied(&#13;&#10;                      field.x + 2 * difx, field.y + 2 * dify)) {&#13;&#10;                    return myBoard[field.x + 2 * difx][field.y + 2 * dify];&#13;&#10;                }&#13;&#10;            }&#13;&#10;        }&#13;&#10;        return null;&#13;&#10;    }&#13;&#10;    //latex end&#13;&#10;&#13;&#10;    private boolean checkJumpDirectionBoolean(Field field,&#13;&#10;            int difx, int dify, boolean checkForOpponent, boolean isCrowned) {&#13;&#10;        return !(checkJumpDirection(field, difx, dify,&#13;&#10;                checkForOpponent, isCrowned) == null);&#13;&#10;    }&#13;&#10;&#13;&#10;    //Updates the movable property on each piece&#13;&#10;    public final void updateMoveables() {&#13;&#10;        resetVisited();&#13;&#10;        for (Field[] f : myBoard) {&#13;&#10;            for (Field field : f) {&#13;&#10;                if (field.allowedField) {&#13;&#10;                    if (field.getPieceOnField() != null) {&#13;&#10;                        //Check movable for robot&#13;&#10;                        if (checkAllegiance(field, false)) {&#13;&#10;                            checkPiece(field, 1, true);&#13;&#10;&#13;&#10;                        //Check movable for human&#13;&#10;                        } else if (checkAllegiance(field, true)) {&#13;&#10;                            checkPiece(field, -1, false);&#13;&#10;                        }&#13;&#10;                    }&#13;&#10;                }&#13;&#10;            }&#13;&#10;        }&#13;&#10;        resetVisited();&#13;&#10;    }&#13;&#10;&#13;&#10;    //Sets the colors of the human players pieces&#13;&#10;    private void findOpponentColors() {&#13;&#10;        if (myPeasentColor == 'r') {&#13;&#10;            opponentPeasentColor = 'w';&#13;&#10;            opponentKingColor = 'g';&#13;&#10;        } else {&#13;&#10;            opponentPeasentColor = 'r';&#13;&#10;            opponentKingColor = 'b';&#13;&#10;        }&#13;&#10;    }&#13;&#10;&#13;&#10;&#13;&#10;    //if a piece is missing, scan whole board&#13;&#10;    public final void findMissingPiece()&#13;&#10;            throws InterruptedException, IOException {&#13;&#10;        int i, j;&#13;&#10;        boolean changer = true;&#13;&#10;&#13;&#10;        for (i = 0; i &lt; 8; i++) {&#13;&#10;            //Change direction of the robot, to minimize robot movement&#13;&#10;            if (changer) {&#13;&#10;                for (j = 0; j &lt; 8; j++) {&#13;&#10;                    if ((i + j) % 2 == 1) {&#13;&#10;                        myBoard[i][j].setPieceOnField(getPiece(i, j));&#13;&#10;                    }&#13;&#10;                }&#13;&#10;                changer = false;&#13;&#10;            } else {&#13;&#10;                for (j = 7; j &gt;= 0; j--) {&#13;&#10;                    if ((i + j) % 2 == 1) {&#13;&#10;                        myBoard[i][j].setPieceOnField(getPiece(i, j));&#13;&#10;                    }&#13;&#10;                }&#13;&#10;                changer = true;&#13;&#10;            }&#13;&#10;        }&#13;&#10;&#13;&#10;        this.updateMoveables();&#13;&#10;    }&#13;&#10;&#13;&#10;    //Get piece on given position&#13;&#10;    private Piece getPiece(int x, int y) throws IOException {&#13;&#10;        char color = analyzeFunctions.getColor(x, y);&#13;&#10;        if (color == ' ') {&#13;&#10;            return null;&#13;&#10;        } else {&#13;&#10;            Piece temp = new Piece(this);&#13;&#10;            temp.color = color;&#13;&#10;            temp.isCrowned = (color == 'g' || color == 'b');&#13;&#10;            return temp;&#13;&#10;        }&#13;&#10;    }&#13;&#10;&#13;&#10;    //Check if a given piece is the robots or the opponents&#13;&#10;   /*public final boolean checkAllegiance(Field input, boolean checkForOpponent)&#13;&#10;    {&#13;&#10;        if (checkBounds(input.x, input.y)) {&#13;&#10;                if ((input.isPieceOfColor(myPeasentColor)&#13;&#10;                    || input.isPieceOfColor(myKingColor))&amp;&amp; !checkForOpponent) {&#13;&#10;                     return true;&#13;&#10;                 }&#13;&#10;                 if ((input.isPieceOfColor(opponentPeasentColor)&#13;&#10;                         || input.isPieceOfColor(opponentKingColor))&#13;&#10;                         &amp;&amp; checkForOpponent) {&#13;&#10;                     return true;&#13;&#10;                 }&#13;&#10;                 return false;&#13;&#10;                 }&#13;&#10;        return false;&#13;&#10;    }*/&#13;&#10;    public final boolean checkAllegiance(Field input, boolean checkForOpponent)&#13;&#10;    {&#13;&#10;        if (checkBounds(input.x, input.y)) {&#13;&#10;            if (!input.isEmpty()) {&#13;&#10;                return checkAllegiance(input.getPieceOnField(),&#13;&#10;                        checkForOpponent);&#13;&#10;            }&#13;&#10;        }&#13;&#10;        return false;&#13;&#10;    }&#13;&#10;&#13;&#10;    public final boolean checkAllegiance(Piece input, boolean checkForOpponent)&#13;&#10;    {&#13;&#10;        if ((input.color == myPeasentColor&#13;&#10;                || input.color == myKingColor) &amp;&amp; !checkForOpponent) {&#13;&#10;             return true;&#13;&#10;         }&#13;&#10;         if ((input.color == opponentPeasentColor&#13;&#10;                 || input.color == opponentKingColor)&#13;&#10;                 &amp;&amp; checkForOpponent) {&#13;&#10;             return true;&#13;&#10;         }&#13;&#10;         return false;&#13;&#10;    }&#13;&#10;&#13;&#10;    //Return true if the given position is inbounds&#13;&#10;    public final boolean checkBounds(int x, int y) {&#13;&#10;        return x &gt;= 0 &amp;&amp; x &lt;= 7 &amp;&amp; y &gt;= 0 &amp;&amp; y &lt;= 7;&#13;&#10;    }&#13;&#10;}&#13;&#10;" Filename="Board.java" Intrnl_Id="10"/>
<SrcFile Content="package com.OriginalFiles;&#13;&#10;&#13;&#10;import java.awt.Color;&#13;&#10;import java.io.IOException;&#13;&#10;import java.util.ArrayList;&#13;&#10;import java.util.List;&#13;&#10;&#13;&#10;import custom.Exceptions.IllegalMove;&#13;&#10;import custom.Exceptions.NoKingLeft;&#13;&#10;&#13;&#10;public class Analyze {&#13;&#10;    private Board checkersBoard;&#13;&#10;&#13;&#10;    private Field fieldToCheck;&#13;&#10;    private int analyzeBoardRepeatNumber = 0;&#13;&#10;    private int totalAnalyzeRuns = 0;&#13;&#10;    private final int analyzeRunsBeforeReset = 10;&#13;&#10;    private RemoteNXTFunctions remoteFunctions;&#13;&#10;    private Field trashField = new Field(3, -6);&#13;&#10;    private boolean pieceFound;&#13;&#10;    private boolean mustJump;&#13;&#10;&#13;&#10;    public Analyze(Board input, RemoteNXTFunctions remoteInput) {&#13;&#10;        checkersBoard = input;&#13;&#10;        remoteFunctions = remoteInput;&#13;&#10;    }&#13;&#10;&#13;&#10;    //Analyzes the current board setup&#13;&#10;    //latex start analyseBoard&#13;&#10;    public final boolean analyzeBoard() throws InterruptedException,&#13;&#10;    IOException, NoKingLeft, IllegalMove {&#13;&#10;        if (!checkForGameHasEnded(true)) {&#13;&#10;            checkMotorCalibration();&#13;&#10;&#13;&#10;            List&lt;Field&gt; moveableList = new ArrayList&lt;Field&gt;();&#13;&#10;            moveableList = makeListOfMoveables(moveableList);&#13;&#10;            pieceFound = checkMovement(moveableList);&#13;&#10;            countDownToPanic();&#13;&#10;&#13;&#10;            //Find the pieces that are currently movable&#13;&#10;            checkersBoard.updateMoveables();&#13;&#10;            checkRobotPieceReplaced();&#13;&#10;            if (!checkForGameHasEnded(false)) {&#13;&#10;                return true;&#13;&#10;            }&#13;&#10;        }&#13;&#10;        return false;&#13;&#10;    }&#13;&#10;    //latex end&#13;&#10;&#13;&#10;    private void checkMotorCalibration() {&#13;&#10;        totalAnalyzeRuns += 1;&#13;&#10;&#13;&#10;        if (totalAnalyzeRuns &gt; analyzeRunsBeforeReset) {&#13;&#10;            totalAnalyzeRuns = 0;&#13;&#10;            remoteFunctions.resetMotors();&#13;&#10;        }&#13;&#10;    }&#13;&#10;&#13;&#10;    private List&lt;Field&gt; makeListOfMoveables(List&lt;Field&gt; moveableList) {&#13;&#10;        //Find the pieces that are currently movable&#13;&#10;        checkersBoard.updateMoveables();&#13;&#10;        for (Field[] f : checkersBoard.myBoard) {&#13;&#10;            for (Field field : f) {&#13;&#10;                if (!field.isEmpty()) {&#13;&#10;                    if (field.getPieceOnField().isMoveable&#13;&#10;                            &amp;&amp; checkersBoard.checkAllegiance(field, true)) {&#13;&#10;                        moveableList.add(field);&#13;&#10;                    }&#13;&#10;                }&#13;&#10;            }&#13;&#10;        }&#13;&#10;        checkersBoard.sortListOfFields(moveableList);&#13;&#10;        pieceFound = false;&#13;&#10;        mustJump = false;&#13;&#10;        if (moveableList.size() != 0) {&#13;&#10;            mustJump = moveableList.get(0).getPieceOnField().canJump;&#13;&#10;        }&#13;&#10;        return moveableList;&#13;&#10;    }&#13;&#10;    //latex start checkMovement&#13;&#10;    private boolean checkMovement(List&lt;Field&gt; moveableList)&#13;&#10;            throws IllegalMove, InterruptedException, IOException, NoKingLeft {&#13;&#10;        for (Field field : moveableList) {&#13;&#10;            if (checkersBoard.isFieldEmptyOnBoard(field.x, field.y)) {&#13;&#10;                if (mustJump &amp;&amp; !field.getPieceOnField().canJump) {&#13;&#10;                    throw new custom.Exceptions.IllegalMove();&#13;&#10;                }&#13;&#10;                if (this.trackMovement(field)) {&#13;&#10;                    return true;&#13;&#10;                }&#13;&#10;            }&#13;&#10;        }&#13;&#10;        return false;&#13;&#10;    }&#13;&#10;    //latex end&#13;&#10;    //latex start countDownToPanic&#13;&#10;    private void countDownToPanic()&#13;&#10;            throws InterruptedException, IOException, NoKingLeft, IllegalMove {&#13;&#10;        if (!pieceFound) {&#13;&#10;            if (analyzeBoardRepeatNumber &lt; 3) {&#13;&#10;                analyzeBoardRepeatNumber++;&#13;&#10;                analyzeBoard();&#13;&#10;                analyzeBoardRepeatNumber = 0;&#13;&#10;            } else if (analyzeBoardRepeatNumber &lt; 6) {&#13;&#10;                remoteFunctions.resetMotors();&#13;&#10;                analyzeBoardRepeatNumber++;&#13;&#10;                analyzeBoard();&#13;&#10;                analyzeBoardRepeatNumber = 0;&#13;&#10;            } else {&#13;&#10;                checkersBoard.findMissingPiece();&#13;&#10;            }&#13;&#10;        }&#13;&#10;    }&#13;&#10;    //latex end&#13;&#10;&#13;&#10;    //Try to find the piece that have been moved&#13;&#10;    private boolean trackMovement(Field field) throws IllegalMove,&#13;&#10;    InterruptedException, IOException, NoKingLeft {&#13;&#10;        boolean foundPiece = false;&#13;&#10;        if (field.getPieceOnField().canJump) {&#13;&#10;            if (findJumpPiece(field)) {&#13;&#10;                foundPiece = true;&#13;&#10;            }&#13;&#10;            if (!foundPiece) {&#13;&#10;                throw new custom.Exceptions.IllegalMove();&#13;&#10;            }&#13;&#10;        } else if (checkMove(field, -1)) {&#13;&#10;            foundPiece = true;&#13;&#10;        }&#13;&#10;&#13;&#10;        return foundPiece;&#13;&#10;    }&#13;&#10;&#13;&#10;    //Determine simple move&#13;&#10;    private boolean checkMove(Field field, int directY) throws&#13;&#10;    InterruptedException, IOException, NoKingLeft {&#13;&#10;        //Verify that the given field is inbound&#13;&#10;        if (checkersBoard.checkBounds(field.x, field.y)) {&#13;&#10;            //Check the first direction&#13;&#10;            if (checkersBoard.checkMoveDirection(field, 1, directY)) {&#13;&#10;                if (validateMove(checkersBoard.&#13;&#10;                        myBoard[field.x + 1][field.y + directY], field)) {&#13;&#10;                    checkersBoard.movePieceInRepresentation(field,&#13;&#10;                            field.x + 1, field.y + directY, false);&#13;&#10;                    return true;&#13;&#10;                } else {&#13;&#10;                    return false;&#13;&#10;                }&#13;&#10;                //Second direction&#13;&#10;            } else if (checkersBoard.checkMoveDirection(field, -1, directY)) {&#13;&#10;                if (validateMove(checkersBoard.&#13;&#10;                        myBoard[field.x - 1][field.y + directY], field)) {&#13;&#10;                    checkersBoard.movePieceInRepresentation(field,&#13;&#10;                            field.x - 1, field.y + directY, false);&#13;&#10;                    return true;&#13;&#10;                } else {&#13;&#10;                    return false;&#13;&#10;                }&#13;&#10;                //If king, also check backwards&#13;&#10;            } else if (field.getPieceOnField().isCrowned) {&#13;&#10;                if (checkersBoard.checkMoveDirection(field, 1, -directY)) {&#13;&#10;                    if (validateMove(checkersBoard.&#13;&#10;                            myBoard[field.x + 1][field.y - directY], field)) {&#13;&#10;                        checkersBoard.movePieceInRepresentation(field,&#13;&#10;                                field.x + 1, field.y - directY, false);&#13;&#10;                        return true;&#13;&#10;                    } else {&#13;&#10;                        return false;&#13;&#10;                    }&#13;&#10;                } else if (checkersBoard.checkMoveDirection(&#13;&#10;                        field, -1, -directY)) {&#13;&#10;                    if (validateMove(checkersBoard.&#13;&#10;                            myBoard[field.x - 1][field.y - directY], field)) {&#13;&#10;                        checkersBoard.movePieceInRepresentation(field,&#13;&#10;                                field.x - 1, field.y - directY, false);&#13;&#10;                        return true;&#13;&#10;                    } else {&#13;&#10;                        return false;&#13;&#10;                    }&#13;&#10;                }&#13;&#10;            }&#13;&#10;        }&#13;&#10;        return false;&#13;&#10;    }&#13;&#10;&#13;&#10;    //Checks if it could have been another piece that moved&#13;&#10;    private boolean validateMove(Field field, Field fromField) throws&#13;&#10;    InterruptedException, IOException {&#13;&#10;&#13;&#10;        List&lt;Field&gt; checkArray = new ArrayList&lt;Field&gt;();&#13;&#10;        if (checkersBoard.checkBounds(field.x + 1, field.y + 1)) {&#13;&#10;            checkArray.add(checkersBoard.myBoard[field.x + 1][field.y + 1]);&#13;&#10;        }&#13;&#10;        if (checkersBoard.checkBounds(field.x + 1, field.y - 1)) {&#13;&#10;            checkArray.add(checkersBoard.myBoard[field.x + 1][field.y - 1]);&#13;&#10;        }&#13;&#10;        if (checkersBoard.checkBounds(field.x - 1, field.y - 1)) {&#13;&#10;            checkArray.add(checkersBoard.myBoard[field.x - 1][field.y - 1]);&#13;&#10;        }&#13;&#10;        if (checkersBoard.checkBounds(field.x - 1, field.y + 1)) {&#13;&#10;            checkArray.add(checkersBoard.myBoard[field.x - 1][field.y + 1]);&#13;&#10;        }&#13;&#10;        boolean returnValue = true;&#13;&#10;        for (int i = 0; i &lt; checkArray.size(); i++) {&#13;&#10;            if (!(checkArray.get(i).x == fromField.x&#13;&#10;                    &amp;&amp; checkArray.get(i).y == fromField.y)) {&#13;&#10;                returnValue = checkersBoard.verifyOpPieceIsOnField(&#13;&#10;                        checkArray.get(i));&#13;&#10;            }&#13;&#10;            if (!returnValue) {&#13;&#10;                return returnValue;&#13;&#10;            }&#13;&#10;        }&#13;&#10;        return returnValue;&#13;&#10;    }&#13;&#10;&#13;&#10;    public final List&lt;List&lt;Field&gt;&gt; jumpSequence(Field input,&#13;&#10;            boolean checkForOpponent, boolean isCrowned) throws&#13;&#10;            InterruptedException, IOException, NoKingLeft {&#13;&#10;        input.visited = true;&#13;&#10;        List&lt;List&lt;Field&gt;&gt; returnList = new ArrayList&lt;List&lt;Field&gt;&gt;();&#13;&#10;        Field tempField = checkersBoard.checkJumpDirection(input,&#13;&#10;                -1, 1, checkForOpponent, isCrowned);&#13;&#10;        if (tempField != null) {&#13;&#10;            returnList.addAll(jumpSequence(tempField, checkForOpponent,&#13;&#10;                    isCrowned));&#13;&#10;        }&#13;&#10;        tempField = checkersBoard.checkJumpDirection(input,&#13;&#10;                -1, -1, checkForOpponent, isCrowned);&#13;&#10;        if (tempField != null) {&#13;&#10;            returnList.addAll(jumpSequence(tempField, checkForOpponent,&#13;&#10;                    isCrowned));&#13;&#10;        }&#13;&#10;        tempField = checkersBoard.checkJumpDirection(input,&#13;&#10;                1, -1, checkForOpponent, isCrowned);&#13;&#10;        if (tempField != null) {&#13;&#10;            returnList.addAll(jumpSequence(tempField, checkForOpponent,&#13;&#10;                    isCrowned));&#13;&#10;        }&#13;&#10;        tempField = checkersBoard.checkJumpDirection(input, 1, 1,&#13;&#10;                checkForOpponent, isCrowned);&#13;&#10;        if (tempField != null) {&#13;&#10;            returnList.addAll(jumpSequence(tempField, checkForOpponent,&#13;&#10;                    isCrowned));&#13;&#10;        }&#13;&#10;&#13;&#10;        if (returnList.size() == 0) {&#13;&#10;            returnList.add(new ArrayList&lt;Field&gt;());&#13;&#10;        }&#13;&#10;&#13;&#10;        for (int i = 0; i &lt; returnList.size(); i++) {&#13;&#10;            returnList.get(i).add(0, input);&#13;&#10;        }&#13;&#10;        return returnList;&#13;&#10;    }&#13;&#10;&#13;&#10;    private boolean findJumpPiece(Field field) throws&#13;&#10;    InterruptedException, IOException, NoKingLeft {&#13;&#10;        List&lt;List&lt;Field&gt;&gt; jumpList = new ArrayList&lt;List&lt;Field&gt;&gt;();&#13;&#10;        jumpList = jumpSequence(field, false,&#13;&#10;                field.getPieceOnField().isCrowned);&#13;&#10;        checkersBoard.resetVisited();&#13;&#10;        for (int i = 0; i &lt; jumpList.size(); i++) {&#13;&#10;            List&lt;Field&gt; tempList = jumpList.get(i);&#13;&#10;            Field desField = tempList.get(tempList.size() - 1);&#13;&#10;            if (!checkersBoard.isFieldEmptyOnBoard(desField.x, desField.y)) {&#13;&#10;                checkersBoard.movePieceInRepresentation(field, desField, false);&#13;&#10;                int stopj = tempList.size() - 1;&#13;&#10;                for (int j = 0; j &lt; stopj; j++) {&#13;&#10;                    Field tempfield = tempList.get(j);&#13;&#10;                    Field tempfield2 = tempList.get(j + 1);&#13;&#10;                    Field takenField = checkersBoard.myBoard&#13;&#10;                            [(tempfield.x + tempfield2.x) / 2]&#13;&#10;                                    [(tempfield.y + tempfield2.y) / 2];&#13;&#10;                    checkersBoard.movePieceInRepresentation(takenField,&#13;&#10;                            trashField, false);&#13;&#10;                }&#13;&#10;                return true;&#13;&#10;            }&#13;&#10;        }&#13;&#10;        return false;&#13;&#10;    }&#13;&#10;&#13;&#10;    public final void checkForUpgradeKing(Field field, boolean isSimulated)&#13;&#10;            throws NoKingLeft, IOException {&#13;&#10;        if (checkersBoard.peasentIsOnEndRow(field)) {&#13;&#10;            if (checkersBoard.checkAllegiance(field, false)) {&#13;&#10;                field.getPieceOnField().color = checkersBoard.myKingColor;&#13;&#10;                field.getPieceOnField().isCrowned = true;&#13;&#10;                if (!isSimulated) {&#13;&#10;                    fieldToCheck = field;&#13;&#10;                }&#13;&#10;            } else {&#13;&#10;                if (isSimulated) {&#13;&#10;                    field.getPieceOnField().color =&#13;&#10;                            checkersBoard.opponentKingColor;&#13;&#10;                    field.getPieceOnField().isCrowned = true;&#13;&#10;                } else {&#13;&#10;                    boolean foundOne = false;&#13;&#10;                    int i = 0;&#13;&#10;                    while (!foundOne) {&#13;&#10;                        if (i &gt; 7) {&#13;&#10;                            throw new custom.Exceptions.NoKingLeft();&#13;&#10;                        }&#13;&#10;                        if (!checkersBoard.kingPlace[i].isEmpty()) {&#13;&#10;                            //Move old piece to trash&#13;&#10;                            remoteFunctions.trashPieceOnField(field);&#13;&#10;                            //Insert king at location&#13;&#10;                            remoteFunctions.doMove(new Move(&#13;&#10;                                    checkersBoard.kingPlace[i], field, true));&#13;&#10;                            foundOne = true;&#13;&#10;                        }&#13;&#10;                        i++;&#13;&#10;                    }&#13;&#10;                }&#13;&#10;            }&#13;&#10;        }&#13;&#10;    }&#13;&#10;&#13;&#10;    //Function to check if user have replaced the&#13;&#10;    //robots peasant piece with a king piece&#13;&#10;    public final void checkRobotPieceReplaced() throws IOException {&#13;&#10;        if (fieldToCheck != null) {&#13;&#10;            boolean checkCondition = true;&#13;&#10;            while (checkCondition) {&#13;&#10;                if (getColor(fieldToCheck.x, fieldToCheck.y)&#13;&#10;                        == checkersBoard.myKingColor) {&#13;&#10;                    checkCondition = false;&#13;&#10;                    fieldToCheck = null;&#13;&#10;                } else {&#13;&#10;                    checkersBoard.informer.myKingNotPlaced();&#13;&#10;                    remoteFunctions.waitForRedButton();&#13;&#10;                }&#13;&#10;            }&#13;&#10;        }&#13;&#10;    }&#13;&#10;&#13;&#10;    //Sets the colors of the pieces of the robot&#13;&#10;    public final void findMyColors() throws InterruptedException, IOException {&#13;&#10;        char test = getColor(0, 1);&#13;&#10;        checkersBoard.myPeasentColor = getColor(0, 1);&#13;&#10;        if (checkersBoard.myPeasentColor == 'r') {&#13;&#10;            checkersBoard.myKingColor = 'b';&#13;&#10;        } else if (checkersBoard.myPeasentColor == 'w') {&#13;&#10;            checkersBoard.myKingColor = 'g';&#13;&#10;        } else {&#13;&#10;            remoteFunctions.resetMotors();&#13;&#10;            remoteFunctions.initColorSensor();&#13;&#10;            findMyColors();&#13;&#10;        }&#13;&#10;    }&#13;&#10;&#13;&#10;    //Returns the color on the given position&#13;&#10;    public final char getColor(int x, int y) throws IOException {&#13;&#10;        com.CustomClasses.Color colorResult = remoteFunctions.getColorOnField(x, y);&#13;&#10;&#13;&#10;        int red = colorResult.getRed();&#13;&#10;        int green = colorResult.getGreen();&#13;&#10;        int blue = colorResult.getBlue();&#13;&#10;        if (red &gt; 230 &amp;&amp; red &lt; 290 &amp;&amp; green &lt; 130 &amp;&amp; green &gt; 60&#13;&#10;                &amp;&amp; blue &lt; 140 &amp;&amp; blue &gt; 60) {&#13;&#10;            return 'r';&#13;&#10;         } else if (red &gt; 230 &amp;&amp; red &lt; 285 &amp;&amp; green &gt; 235 &amp;&amp; green &lt; 285&#13;&#10;                &amp;&amp; blue &gt; 230 &amp;&amp; blue &lt; 280) {&#13;&#10;            return 'w';&#13;&#10;        } else if (red &lt; 230 &amp;&amp; red &gt; 170 &amp;&amp; green &gt; 210 &amp;&amp; green &lt; 290&#13;&#10;                &amp;&amp; blue &lt; 230 &amp;&amp; blue &gt; 170) {&#13;&#10;            return 'g';&#13;&#10;        } else if (red &lt; 170 &amp;&amp; red &gt; 110 &amp;&amp; green &lt; 240 &amp;&amp; green &gt; 180&#13;&#10;                &amp;&amp; blue &gt; 210 &amp;&amp; blue &lt; 270) {&#13;&#10;            return 'b';&#13;&#10;        } else {&#13;&#10;            return ' ';&#13;&#10;        }&#13;&#10;    }&#13;&#10;&#13;&#10;    public final boolean checkForGameHasEnded(boolean isHumansTurn) {&#13;&#10;        switch (gameHasEnded(isHumansTurn)) {&#13;&#10;        case 0:&#13;&#10;            return false;&#13;&#10;        case 1:&#13;&#10;            checkersBoard.informer.humanWon();&#13;&#10;            return true;&#13;&#10;        case 2:&#13;&#10;            checkersBoard.informer.robotWon();&#13;&#10;            return true;&#13;&#10;        case 3:&#13;&#10;            checkersBoard.informer.draw();&#13;&#10;            return true;&#13;&#10;        default:&#13;&#10;            return false;&#13;&#10;        }&#13;&#10;    }&#13;&#10;&#13;&#10;    /*returns 0 if game has not ended, 1 if the human won,&#13;&#10;     * 2 if the robot won and 3 if it was a draw*/&#13;&#10;    public final int gameHasEnded(boolean humanTurn) {&#13;&#10;        checkersBoard.updateMoveables();&#13;&#10;&#13;&#10;        List&lt;Piece&gt; humanPieceList = new ArrayList&lt;Piece&gt;();&#13;&#10;        List&lt;Piece&gt; robotPieceList = new ArrayList&lt;Piece&gt;();&#13;&#10;        boolean robotHasMovable = false;&#13;&#10;        boolean humanHasMovable = false;&#13;&#10;&#13;&#10;        for (Field[] f : checkersBoard.myBoard) {&#13;&#10;            for (Field field : f) {&#13;&#10;                if (!field.isEmpty()) {&#13;&#10;                    if (checkersBoard.checkAllegiance(field, true)) {&#13;&#10;                        humanPieceList.add(field.getPieceOnField());&#13;&#10;                        if (field.getPieceOnField().isMoveable) {&#13;&#10;                            humanHasMovable = true;&#13;&#10;                        }&#13;&#10;                    }&#13;&#10;                    if (checkersBoard.checkAllegiance(field, false)) {&#13;&#10;                        robotPieceList.add(field.getPieceOnField());&#13;&#10;                        if (field.getPieceOnField().isMoveable) {&#13;&#10;                            robotHasMovable = true;&#13;&#10;                        }&#13;&#10;                    }&#13;&#10;                }&#13;&#10;            }&#13;&#10;        }&#13;&#10;&#13;&#10;        if (robotPieceList.size() == 0 || (!humanTurn &amp;&amp; !robotHasMovable)) {&#13;&#10;            return 1;&#13;&#10;        }&#13;&#10;        if (humanPieceList.size() == 0 || (humanTurn &amp;&amp; !humanHasMovable)) {&#13;&#10;            return 2;&#13;&#10;        }&#13;&#10;        if (robotPieceList.size() == 1 &amp;&amp; humanPieceList.size() == 1) {&#13;&#10;            if (robotPieceList.get(0).isCrowned&#13;&#10;                    &amp;&amp; humanPieceList.get(0).isCrowned) {&#13;&#10;                if (humanTurn) {&#13;&#10;                    if (isOnDoubleCorners(humanPieceList.get(0))&#13;&#10;                            &amp;&amp; isNearDoubleCorners(robotPieceList.get(0))&#13;&#10;                            &amp;&amp; !hasTheMove(true)) {&#13;&#10;                        return 3;&#13;&#10;                    }&#13;&#10;                } else {&#13;&#10;                    if (isOnDoubleCorners(robotPieceList.get(0))&#13;&#10;                            &amp;&amp; isNearDoubleCorners(humanPieceList.get(0))&#13;&#10;                            &amp;&amp; !hasTheMove(false)) {&#13;&#10;                        return 3;&#13;&#10;                    }&#13;&#10;                }&#13;&#10;            }&#13;&#10;        }&#13;&#10;        return 0;&#13;&#10;    }&#13;&#10;&#13;&#10;    private boolean hasTheMove(boolean humansTurn) {&#13;&#10;        int rowToCheck = 0;&#13;&#10;&#13;&#10;        if (!humansTurn) {&#13;&#10;            rowToCheck = 1;&#13;&#10;        }&#13;&#10;&#13;&#10;        int pieceCount = 0;&#13;&#10;&#13;&#10;        for (int i = rowToCheck; i &lt; 8; i += 2) {&#13;&#10;            for (int j = 0; j &lt; 8; j++) {&#13;&#10;                if (!checkersBoard.myBoard[i][j].isEmpty()) {&#13;&#10;                    pieceCount++;&#13;&#10;                }&#13;&#10;            }&#13;&#10;        }&#13;&#10;&#13;&#10;        if (pieceCount % 2 == 1) {&#13;&#10;            return true;&#13;&#10;        }&#13;&#10;        return false;&#13;&#10;    }&#13;&#10;&#13;&#10;    private boolean isOnDoubleCorners(Piece piece) {&#13;&#10;        if ((piece.getX() == 0 &amp;&amp; piece.getY() == 1)&#13;&#10;                || (piece.getX() == 1 &amp;&amp; piece.getY() == 0)&#13;&#10;                || (piece.getX() == 7 &amp;&amp; piece.getY() == 6)&#13;&#10;                || (piece.getX() == 6 &amp;&amp; piece.getY() == 7)) {&#13;&#10;            return true;&#13;&#10;        }&#13;&#10;        return false;&#13;&#10;    }&#13;&#10;&#13;&#10;    private boolean isNearDoubleCorners(Piece piece) {&#13;&#10;        if ((piece.getX() == 1 &amp;&amp; piece.getY() == 2)&#13;&#10;                || (piece.getX() == 2 &amp;&amp; piece.getY() == 1)&#13;&#10;                || (piece.getX() == 6 &amp;&amp; piece.getY() == 5)&#13;&#10;                || (piece.getX() == 5 &amp;&amp; piece.getY() == 6)&#13;&#10;                || (piece.getX() == 2 &amp;&amp; piece.getY() == 3)&#13;&#10;                || (piece.getX() == 3 &amp;&amp; piece.getY() == 2)&#13;&#10;                || (piece.getX() == 4 &amp;&amp; piece.getY() == 5)&#13;&#10;                || (piece.getX() == 5 &amp;&amp; piece.getY() == 4)) {&#13;&#10;            return true;&#13;&#10;        }&#13;&#10;        return false;&#13;&#10;    }&#13;&#10;&#13;&#10;}" Filename="Analyze.java" Intrnl_Id="11"/>
</SrcFileList>
<CritList>
<CritListEntry Name="org.codecover.model.utils.criteria.LoopCoverage" PluginName="org.codecover"/>
<CritListEntry Name="org.codecover.model.utils.criteria.BranchCoverage" PluginName="org.codecover"/>
<CritListEntry Name="org.codecover.model.utils.criteria.ConditionCoverage" PluginName="org.codecover"/>
<CritListEntry Name="org.codecover.model.utils.criteria.SynchronizedStatementCoverage" PluginName="org.codecover"/>
<CritListEntry Name="org.codecover.model.utils.criteria.QMOCoverage" PluginName="org.codecover"/>
<CritListEntry Name="org.codecover.model.utils.criteria.StatementCoverage" PluginName="org.codecover"/>
</CritList>
<BoolOpList>
<BoolOp Arity="1" Intrnl_Id="12" Name="not (!)">
<BoolAssgnmntBoolMapList>
<MapEntry BoolAssgnmnt="0" Value="true"/>
<MapEntry BoolAssgnmnt="1" Value="false"/>
</BoolAssgnmntBoolMapList>
</BoolOp>
<BoolOp Arity="2" Intrnl_Id="13" Name="conditional and (&amp;&amp;)">
<BoolAssgnmntBoolMapList>
<MapEntry BoolAssgnmnt="10" Value="false"/>
<MapEntry BoolAssgnmnt="02" Value="false"/>
<MapEntry BoolAssgnmnt="11" Value="true"/>
</BoolAssgnmntBoolMapList>
</BoolOp>
<BoolOp Arity="2" Intrnl_Id="14" Name="conditional or (||)">
<BoolAssgnmntBoolMapList>
<MapEntry BoolAssgnmnt="01" Value="true"/>
<MapEntry BoolAssgnmnt="00" Value="false"/>
<MapEntry BoolAssgnmnt="12" Value="true"/>
</BoolAssgnmntBoolMapList>
</BoolOp>
</BoolOpList>
<HierarchyLvlTypeList>
<HierarchyLvlType EnglishName="package" IntrnlName="package" Intrnl_Id="15"/>
<HierarchyLvlType EnglishName="class" IntrnlName="class" Intrnl_Id="16"/>
<HierarchyLvlType EnglishName="method" IntrnlName="method" Intrnl_Id="17"/>
<HierarchyLvlType EnglishName="default package" IntrnlName="default package" Intrnl_Id="18"/>
</HierarchyLvlTypeList>
<MASTRoot>
<HierarchyLvl HierarchyLvlId="482" HierarchyLvlTypeId="18" Intrnl_Id="19" Name="default package">
<Header/>
<LocList/>
<HierarchyLvl HierarchyLvlId="481" HierarchyLvlTypeId="15" Intrnl_Id="20" Name="com">
<Header/>
<LocList/>
<HierarchyLvl HierarchyLvlId="479" HierarchyLvlTypeId="15" Intrnl_Id="21" Name="Testing">
<Header/>
<LocList/>
<HierarchyLvl HierarchyLvlId="365" HierarchyLvlTypeId="16" Intrnl_Id="22" Name="MoveTest">
<Header>
<Loc EndOffset="318" SrcFileId="1" StartOffset="270"/>
</Header>
<LocList>
<Loc EndOffset="2423" SrcFileId="1" StartOffset="270"/>
</LocList>
<HierarchyLvl HierarchyLvlId="359" HierarchyLvlTypeId="17" Intrnl_Id="23" Name="MoveTest">
<Header>
<Loc EndOffset="384" SrcFileId="1" StartOffset="326"/>
</Header>
<LocList>
<Loc EndOffset="457" SrcFileId="1" StartOffset="326"/>
</LocList>
<StmntSeq Intrnl_Id="24">
<LocList>
<Loc EndOffset="403" SrcFileId="1" StartOffset="395"/>
</LocList>
<BasicStmnt CovItemId="S1" CovItemPrefix="com.Testing.MoveTest.java" Intrnl_Id="25">
<LocList>
<Loc EndOffset="403" SrcFileId="1" StartOffset="395"/>
</LocList>
</BasicStmnt>
</StmntSeq>
</HierarchyLvl>
<HierarchyLvl HierarchyLvlId="360" HierarchyLvlTypeId="17" Intrnl_Id="26" Name="testMoveFieldFieldBoolean">
<Header>
<Loc EndOffset="518" SrcFileId="1" StartOffset="463"/>
</Header>
<LocList>
<Loc EndOffset="910" SrcFileId="1" StartOffset="463"/>
</LocList>
<StmntSeq Intrnl_Id="27">
<LocList>
<Loc EndOffset="563" SrcFileId="1" StartOffset="529"/>
<Loc EndOffset="604" SrcFileId="1" StartOffset="572"/>
<Loc EndOffset="664" SrcFileId="1" StartOffset="614"/>
<Loc EndOffset="708" SrcFileId="1" StartOffset="674"/>
<Loc EndOffset="762" SrcFileId="1" StartOffset="717"/>
<Loc EndOffset="814" SrcFileId="1" StartOffset="771"/>
<Loc EndOffset="866" SrcFileId="1" StartOffset="823"/>
<Loc EndOffset="904" SrcFileId="1" StartOffset="875"/>
</LocList>
<BasicStmnt CovItemId="S2" CovItemPrefix="com.Testing.MoveTest.java" Intrnl_Id="28">
<LocList>
<Loc EndOffset="563" SrcFileId="1" StartOffset="529"/>
</LocList>
</BasicStmnt>
<BasicStmnt CovItemId="S3" CovItemPrefix="com.Testing.MoveTest.java" Intrnl_Id="29">
<LocList>
<Loc EndOffset="604" SrcFileId="1" StartOffset="572"/>
</LocList>
</BasicStmnt>
<BasicStmnt CovItemId="S4" CovItemPrefix="com.Testing.MoveTest.java" Intrnl_Id="30">
<LocList>
<Loc EndOffset="664" SrcFileId="1" StartOffset="614"/>
</LocList>
</BasicStmnt>
<BasicStmnt CovItemId="S5" CovItemPrefix="com.Testing.MoveTest.java" Intrnl_Id="31">
<LocList>
<Loc EndOffset="708" SrcFileId="1" StartOffset="674"/>
</LocList>
</BasicStmnt>
<BasicStmnt CovItemId="S6" CovItemPrefix="com.Testing.MoveTest.java" Intrnl_Id="32">
<LocList>
<Loc EndOffset="762" SrcFileId="1" StartOffset="717"/>
</LocList>
</BasicStmnt>
<BasicStmnt CovItemId="S7" CovItemPrefix="com.Testing.MoveTest.java" Intrnl_Id="33">
<LocList>
<Loc EndOffset="814" SrcFileId="1" StartOffset="771"/>
</LocList>
</BasicStmnt>
<BasicStmnt CovItemId="S8" CovItemPrefix="com.Testing.MoveTest.java" Intrnl_Id="34">
<LocList>
<Loc EndOffset="866" SrcFileId="1" StartOffset="823"/>
</LocList>
</BasicStmnt>
<BasicStmnt CovItemId="S9" CovItemPrefix="com.Testing.MoveTest.java" Intrnl_Id="35">
<LocList>
<Loc EndOffset="904" SrcFileId="1" StartOffset="875"/>
</LocList>
</BasicStmnt>
</StmntSeq>
</HierarchyLvl>
<HierarchyLvl HierarchyLvlId="361" HierarchyLvlTypeId="17" Intrnl_Id="36" Name="testMoveListOfFieldBoolean">
<Header>
<Loc EndOffset="972" SrcFileId="1" StartOffset="916"/>
</Header>
<LocList>
<Loc EndOffset="1435" SrcFileId="1" StartOffset="916"/>
</LocList>
<StmntSeq Intrnl_Id="37">
<LocList>
<Loc EndOffset="1033" SrcFileId="1" StartOffset="983"/>
<Loc EndOffset="1077" SrcFileId="1" StartOffset="1043"/>
<Loc EndOffset="1118" SrcFileId="1" StartOffset="1086"/>
<Loc EndOffset="1156" SrcFileId="1" StartOffset="1128"/>
<Loc EndOffset="1191" SrcFileId="1" StartOffset="1165"/>
<Loc EndOffset="1245" SrcFileId="1" StartOffset="1201"/>
<Loc EndOffset="1289" SrcFileId="1" StartOffset="1255"/>
<Loc EndOffset="1339" SrcFileId="1" StartOffset="1298"/>
<Loc EndOffset="1377" SrcFileId="1" StartOffset="1348"/>
<Loc EndOffset="1429" SrcFileId="1" StartOffset="1386"/>
</LocList>
<BasicStmnt CovItemId="S10" CovItemPrefix="com.Testing.MoveTest.java" Intrnl_Id="38">
<LocList>
<Loc EndOffset="1033" SrcFileId="1" StartOffset="983"/>
</LocList>
</BasicStmnt>
<BasicStmnt CovItemId="S11" CovItemPrefix="com.Testing.MoveTest.java" Intrnl_Id="39">
<LocList>
<Loc EndOffset="1077" SrcFileId="1" StartOffset="1043"/>
</LocList>
</BasicStmnt>
<BasicStmnt CovItemId="S12" CovItemPrefix="com.Testing.MoveTest.java" Intrnl_Id="40">
<LocList>
<Loc EndOffset="1118" SrcFileId="1" StartOffset="1086"/>
</LocList>
</BasicStmnt>
<BasicStmnt CovItemId="S13" CovItemPrefix="com.Testing.MoveTest.java" Intrnl_Id="41">
<LocList>
<Loc EndOffset="1156" SrcFileId="1" StartOffset="1128"/>
</LocList>
</BasicStmnt>
<BasicStmnt CovItemId="S14" CovItemPrefix="com.Testing.MoveTest.java" Intrnl_Id="42">
<LocList>
<Loc EndOffset="1191" SrcFileId="1" StartOffset="1165"/>
</LocList>
</BasicStmnt>
<BasicStmnt CovItemId="S15" CovItemPrefix="com.Testing.MoveTest.java" Intrnl_Id="43">
<LocList>
<Loc EndOffset="1245" SrcFileId="1" StartOffset="1201"/>
</LocList>
</BasicStmnt>
<BasicStmnt CovItemId="S16" CovItemPrefix="com.Testing.MoveTest.java" Intrnl_Id="44">
<LocList>
<Loc EndOffset="1289" SrcFileId="1" StartOffset="1255"/>
</LocList>
</BasicStmnt>
<BasicStmnt CovItemId="S17" CovItemPrefix="com.Testing.MoveTest.java" Intrnl_Id="45">
<LocList>
<Loc EndOffset="1339" SrcFileId="1" StartOffset="1298"/>
</LocList>
</BasicStmnt>
<BasicStmnt CovItemId="S18" CovItemPrefix="com.Testing.MoveTest.java" Intrnl_Id="46">
<LocList>
<Loc EndOffset="1377" SrcFileId="1" StartOffset="1348"/>
</LocList>
</BasicStmnt>
<BasicStmnt CovItemId="S19" CovItemPrefix="com.Testing.MoveTest.java" Intrnl_Id="47">
<LocList>
<Loc EndOffset="1429" SrcFileId="1" StartOffset="1386"/>
</LocList>
</BasicStmnt>
</StmntSeq>
</HierarchyLvl>
<HierarchyLvl HierarchyLvlId="362" HierarchyLvlTypeId="17" Intrnl_Id="48" Name="testMove">
<Header>
<Loc EndOffset="1479" SrcFileId="1" StartOffset="1441"/>
</Header>
<LocList>
<Loc EndOffset="1649" SrcFileId="1" StartOffset="1441"/>
</LocList>
<StmntSeq Intrnl_Id="49">
<LocList>
<Loc EndOffset="1515" SrcFileId="1" StartOffset="1490"/>
<Loc EndOffset="1562" SrcFileId="1" StartOffset="1525"/>
<Loc EndOffset="1605" SrcFileId="1" StartOffset="1571"/>
<Loc EndOffset="1643" SrcFileId="1" StartOffset="1614"/>
</LocList>
<BasicStmnt CovItemId="S20" CovItemPrefix="com.Testing.MoveTest.java" Intrnl_Id="50">
<LocList>
<Loc EndOffset="1515" SrcFileId="1" StartOffset="1490"/>
</LocList>
</BasicStmnt>
<BasicStmnt CovItemId="S21" CovItemPrefix="com.Testing.MoveTest.java" Intrnl_Id="51">
<LocList>
<Loc EndOffset="1562" SrcFileId="1" StartOffset="1525"/>
</LocList>
</BasicStmnt>
<BasicStmnt CovItemId="S22" CovItemPrefix="com.Testing.MoveTest.java" Intrnl_Id="52">
<LocList>
<Loc EndOffset="1605" SrcFileId="1" StartOffset="1571"/>
</LocList>
</BasicStmnt>
<BasicStmnt CovItemId="S23" CovItemPrefix="com.Testing.MoveTest.java" Intrnl_Id="53">
<LocList>
<Loc EndOffset="1643" SrcFileId="1" StartOffset="1614"/>
</LocList>
</BasicStmnt>
</StmntSeq>
</HierarchyLvl>
<HierarchyLvl HierarchyLvlId="363" HierarchyLvlTypeId="17" Intrnl_Id="54" Name="testIsJump">
<Header>
<Loc EndOffset="1695" SrcFileId="1" StartOffset="1655"/>
</Header>
<LocList>
<Loc EndOffset="2052" SrcFileId="1" StartOffset="1655"/>
</LocList>
<StmntSeq Intrnl_Id="55">
<LocList>
<Loc EndOffset="1740" SrcFileId="1" StartOffset="1706"/>
<Loc EndOffset="1781" SrcFileId="1" StartOffset="1749"/>
<Loc EndOffset="1841" SrcFileId="1" StartOffset="1791"/>
<Loc EndOffset="1880" SrcFileId="1" StartOffset="1851"/>
<Loc EndOffset="1918" SrcFileId="1" StartOffset="1890"/>
<Loc EndOffset="1953" SrcFileId="1" StartOffset="1927"/>
<Loc EndOffset="2008" SrcFileId="1" StartOffset="1963"/>
<Loc EndOffset="2046" SrcFileId="1" StartOffset="2018"/>
</LocList>
<BasicStmnt CovItemId="S24" CovItemPrefix="com.Testing.MoveTest.java" Intrnl_Id="56">
<LocList>
<Loc EndOffset="1740" SrcFileId="1" StartOffset="1706"/>
</LocList>
</BasicStmnt>
<BasicStmnt CovItemId="S25" CovItemPrefix="com.Testing.MoveTest.java" Intrnl_Id="57">
<LocList>
<Loc EndOffset="1781" SrcFileId="1" StartOffset="1749"/>
</LocList>
</BasicStmnt>
<BasicStmnt CovItemId="S26" CovItemPrefix="com.Testing.MoveTest.java" Intrnl_Id="58">
<LocList>
<Loc EndOffset="1841" SrcFileId="1" StartOffset="1791"/>
</LocList>
</BasicStmnt>
<BasicStmnt CovItemId="S27" CovItemPrefix="com.Testing.MoveTest.java" Intrnl_Id="59">
<LocList>
<Loc EndOffset="1880" SrcFileId="1" StartOffset="1851"/>
</LocList>
</BasicStmnt>
<BasicStmnt CovItemId="S28" CovItemPrefix="com.Testing.MoveTest.java" Intrnl_Id="60">
<LocList>
<Loc EndOffset="1918" SrcFileId="1" StartOffset="1890"/>
</LocList>
</BasicStmnt>
<BasicStmnt CovItemId="S29" CovItemPrefix="com.Testing.MoveTest.java" Intrnl_Id="61">
<LocList>
<Loc EndOffset="1953" SrcFileId="1" StartOffset="1927"/>
</LocList>
</BasicStmnt>
<BasicStmnt CovItemId="S30" CovItemPrefix="com.Testing.MoveTest.java" Intrnl_Id="62">
<LocList>
<Loc EndOffset="2008" SrcFileId="1" StartOffset="1963"/>
</LocList>
</BasicStmnt>
<BasicStmnt CovItemId="S31" CovItemPrefix="com.Testing.MoveTest.java" Intrnl_Id="63">
<LocList>
<Loc EndOffset="2046" SrcFileId="1" StartOffset="2018"/>
</LocList>
</BasicStmnt>
</StmntSeq>
</HierarchyLvl>
<HierarchyLvl HierarchyLvlId="364" HierarchyLvlTypeId="17" Intrnl_Id="64" Name="testAddStep">
<Header>
<Loc EndOffset="2099" SrcFileId="1" StartOffset="2058"/>
</Header>
<LocList>
<Loc EndOffset="2421" SrcFileId="1" StartOffset="2058"/>
</LocList>
<StmntSeq Intrnl_Id="65">
<LocList>
<Loc EndOffset="2144" SrcFileId="1" StartOffset="2110"/>
<Loc EndOffset="2185" SrcFileId="1" StartOffset="2153"/>
<Loc EndOffset="2245" SrcFileId="1" StartOffset="2195"/>
<Loc EndOffset="2292" SrcFileId="1" StartOffset="2255"/>
<Loc EndOffset="2334" SrcFileId="1" StartOffset="2302"/>
<Loc EndOffset="2368" SrcFileId="1" StartOffset="2344"/>
<Loc EndOffset="2415" SrcFileId="1" StartOffset="2378"/>
</LocList>
<BasicStmnt CovItemId="S32" CovItemPrefix="com.Testing.MoveTest.java" Intrnl_Id="66">
<LocList>
<Loc EndOffset="2144" SrcFileId="1" StartOffset="2110"/>
</LocList>
</BasicStmnt>
<BasicStmnt CovItemId="S33" CovItemPrefix="com.Testing.MoveTest.java" Intrnl_Id="67">
<LocList>
<Loc EndOffset="2185" SrcFileId="1" StartOffset="2153"/>
</LocList>
</BasicStmnt>
<BasicStmnt CovItemId="S34" CovItemPrefix="com.Testing.MoveTest.java" Intrnl_Id="68">
<LocList>
<Loc EndOffset="2245" SrcFileId="1" StartOffset="2195"/>
</LocList>
</BasicStmnt>
<BasicStmnt CovItemId="S35" CovItemPrefix="com.Testing.MoveTest.java" Intrnl_Id="69">
<LocList>
<Loc EndOffset="2292" SrcFileId="1" StartOffset="2255"/>
</LocList>
</BasicStmnt>
<BasicStmnt CovItemId="S36" CovItemPrefix="com.Testing.MoveTest.java" Intrnl_Id="70">
<LocList>
<Loc EndOffset="2334" SrcFileId="1" StartOffset="2302"/>
</LocList>
</BasicStmnt>
<BasicStmnt CovItemId="S37" CovItemPrefix="com.Testing.MoveTest.java" Intrnl_Id="71">
<LocList>
<Loc EndOffset="2368" SrcFileId="1" StartOffset="2344"/>
</LocList>
</BasicStmnt>
<BasicStmnt CovItemId="S38" CovItemPrefix="com.Testing.MoveTest.java" Intrnl_Id="72">
<LocList>
<Loc EndOffset="2415" SrcFileId="1" StartOffset="2378"/>
</LocList>
</BasicStmnt>
</StmntSeq>
</HierarchyLvl>
</HierarchyLvl>
<HierarchyLvl HierarchyLvlId="376" HierarchyLvlTypeId="16" Intrnl_Id="73" Name="FieldTest">
<Header>
<Loc EndOffset="281" SrcFileId="2" StartOffset="232"/>
</Header>
<LocList>
<Loc EndOffset="3869" SrcFileId="2" StartOffset="232"/>
</LocList>
<HierarchyLvl HierarchyLvlId="366" HierarchyLvlTypeId="17" Intrnl_Id="74" Name="FieldTest">
<Header>
<Loc EndOffset="347" SrcFileId="2" StartOffset="288"/>
</Header>
<LocList>
<Loc EndOffset="423" SrcFileId="2" StartOffset="288"/>
</LocList>
<StmntSeq Intrnl_Id="75">
<LocList>
<Loc EndOffset="367" SrcFileId="2" StartOffset="359"/>
</LocList>
<BasicStmnt CovItemId="S1" CovItemPrefix="com.Testing.FieldTest.java" Intrnl_Id="76">
<LocList>
<Loc EndOffset="367" SrcFileId="2" StartOffset="359"/>
</LocList>
</BasicStmnt>
</StmntSeq>
</HierarchyLvl>
<HierarchyLvl HierarchyLvlId="367" HierarchyLvlTypeId="17" Intrnl_Id="77" Name="testField">
<Header>
<Loc EndOffset="487" SrcFileId="2" StartOffset="453"/>
</Header>
<LocList>
<Loc EndOffset="573" SrcFileId="2" StartOffset="453"/>
</LocList>
<StmntSeq Intrnl_Id="78">
<LocList>
<Loc EndOffset="523" SrcFileId="2" StartOffset="499"/>
<Loc EndOffset="566" SrcFileId="2" StartOffset="533"/>
</LocList>
<BasicStmnt CovItemId="S2" CovItemPrefix="com.Testing.FieldTest.java" Intrnl_Id="79">
<LocList>
<Loc EndOffset="523" SrcFileId="2" StartOffset="499"/>
</LocList>
</BasicStmnt>
<BasicStmnt CovItemId="S3" CovItemPrefix="com.Testing.FieldTest.java" Intrnl_Id="80">
<LocList>
<Loc EndOffset="566" SrcFileId="2" StartOffset="533"/>
</LocList>
</BasicStmnt>
</StmntSeq>
</HierarchyLvl>
<HierarchyLvl HierarchyLvlId="368" HierarchyLvlTypeId="17" Intrnl_Id="81" Name="testFieldIntInt">
<Header>
<Loc EndOffset="621" SrcFileId="2" StartOffset="581"/>
</Header>
<LocList>
<Loc EndOffset="711" SrcFileId="2" StartOffset="581"/>
</LocList>
<StmntSeq Intrnl_Id="82">
<LocList>
<Loc EndOffset="661" SrcFileId="2" StartOffset="633"/>
<Loc EndOffset="704" SrcFileId="2" StartOffset="671"/>
</LocList>
<BasicStmnt CovItemId="S4" CovItemPrefix="com.Testing.FieldTest.java" Intrnl_Id="83">
<LocList>
<Loc EndOffset="661" SrcFileId="2" StartOffset="633"/>
</LocList>
</BasicStmnt>
<BasicStmnt CovItemId="S5" CovItemPrefix="com.Testing.FieldTest.java" Intrnl_Id="84">
<LocList>
<Loc EndOffset="704" SrcFileId="2" StartOffset="671"/>
</LocList>
</BasicStmnt>
</StmntSeq>
</HierarchyLvl>
<HierarchyLvl HierarchyLvlId="369" HierarchyLvlTypeId="17" Intrnl_Id="85" Name="testConstructor">
<Header>
<Loc EndOffset="774" SrcFileId="2" StartOffset="719"/>
</Header>
<LocList>
<Loc EndOffset="1354" SrcFileId="2" StartOffset="719"/>
</LocList>
<StmntSeq Intrnl_Id="86">
<LocList>
<Loc EndOffset="810" SrcFileId="2" StartOffset="785"/>
<Loc EndOffset="845" SrcFileId="2" StartOffset="820"/>
<Loc EndOffset="867" SrcFileId="2" StartOffset="855"/>
<Loc EndOffset="889" SrcFileId="2" StartOffset="877"/>
<Loc EndOffset="924" SrcFileId="2" StartOffset="899"/>
<Loc EndOffset="959" SrcFileId="2" StartOffset="934"/>
<Loc EndOffset="1003" SrcFileId="2" StartOffset="971"/>
<Loc EndOffset="1039" SrcFileId="2" StartOffset="1013"/>
<Loc EndOffset="1080" SrcFileId="2" StartOffset="1049"/>
<Loc EndOffset="1128" SrcFileId="2" StartOffset="1092"/>
<Loc EndOffset="1192" SrcFileId="2" StartOffset="1138"/>
<Loc EndOffset="1241" SrcFileId="2" StartOffset="1202"/>
<Loc EndOffset="1280" SrcFileId="2" StartOffset="1253"/>
<Loc EndOffset="1311" SrcFileId="2" StartOffset="1290"/>
<Loc EndOffset="1347" SrcFileId="2" StartOffset="1321"/>
</LocList>
<BasicStmnt CovItemId="S6" CovItemPrefix="com.Testing.FieldTest.java" Intrnl_Id="87">
<LocList>
<Loc EndOffset="810" SrcFileId="2" StartOffset="785"/>
</LocList>
</BasicStmnt>
<BasicStmnt CovItemId="S7" CovItemPrefix="com.Testing.FieldTest.java" Intrnl_Id="88">
<LocList>
<Loc EndOffset="845" SrcFileId="2" StartOffset="820"/>
</LocList>
</BasicStmnt>
<BasicStmnt CovItemId="S8" CovItemPrefix="com.Testing.FieldTest.java" Intrnl_Id="89">
<LocList>
<Loc EndOffset="867" SrcFileId="2" StartOffset="855"/>
</LocList>
</BasicStmnt>
<BasicStmnt CovItemId="S9" CovItemPrefix="com.Testing.FieldTest.java" Intrnl_Id="90">
<LocList>
<Loc EndOffset="889" SrcFileId="2" StartOffset="877"/>
</LocList>
</BasicStmnt>
<BasicStmnt CovItemId="S10" CovItemPrefix="com.Testing.FieldTest.java" Intrnl_Id="91">
<LocList>
<Loc EndOffset="924" SrcFileId="2" StartOffset="899"/>
</LocList>
</BasicStmnt>
<BasicStmnt CovItemId="S11" CovItemPrefix="com.Testing.FieldTest.java" Intrnl_Id="92">
<LocList>
<Loc EndOffset="959" SrcFileId="2" StartOffset="934"/>
</LocList>
</BasicStmnt>
<BasicStmnt CovItemId="S12" CovItemPrefix="com.Testing.FieldTest.java" Intrnl_Id="93">
<LocList>
<Loc EndOffset="1003" SrcFileId="2" StartOffset="971"/>
</LocList>
</BasicStmnt>
<BasicStmnt CovItemId="S13" CovItemPrefix="com.Testing.FieldTest.java" Intrnl_Id="94">
<LocList>
<Loc EndOffset="1039" SrcFileId="2" StartOffset="1013"/>
</LocList>
</BasicStmnt>
<BasicStmnt CovItemId="S14" CovItemPrefix="com.Testing.FieldTest.java" Intrnl_Id="95">
<LocList>
<Loc EndOffset="1080" SrcFileId="2" StartOffset="1049"/>
</LocList>
</BasicStmnt>
<BasicStmnt CovItemId="S15" CovItemPrefix="com.Testing.FieldTest.java" Intrnl_Id="96">
<LocList>
<Loc EndOffset="1128" SrcFileId="2" StartOffset="1092"/>
</LocList>
</BasicStmnt>
<BasicStmnt CovItemId="S16" CovItemPrefix="com.Testing.FieldTest.java" Intrnl_Id="97">
<LocList>
<Loc EndOffset="1192" SrcFileId="2" StartOffset="1138"/>
</LocList>
</BasicStmnt>
<BasicStmnt CovItemId="S17" CovItemPrefix="com.Testing.FieldTest.java" Intrnl_Id="98">
<LocList>
<Loc EndOffset="1241" SrcFileId="2" StartOffset="1202"/>
</LocList>
</BasicStmnt>
<BasicStmnt CovItemId="S18" CovItemPrefix="com.Testing.FieldTest.java" Intrnl_Id="99">
<LocList>
<Loc EndOffset="1280" SrcFileId="2" StartOffset="1253"/>
</LocList>
</BasicStmnt>
<BasicStmnt CovItemId="S19" CovItemPrefix="com.Testing.FieldTest.java" Intrnl_Id="100">
<LocList>
<Loc EndOffset="1311" SrcFileId="2" StartOffset="1290"/>
</LocList>
</BasicStmnt>
<BasicStmnt CovItemId="S20" CovItemPrefix="com.Testing.FieldTest.java" Intrnl_Id="101">
<LocList>
<Loc EndOffset="1347" SrcFileId="2" StartOffset="1321"/>
</LocList>
</BasicStmnt>
</StmntSeq>
</HierarchyLvl>
<HierarchyLvl HierarchyLvlId="370" HierarchyLvlTypeId="17" Intrnl_Id="102" Name="testSetPieceOnField">
<Header>
<Loc EndOffset="1406" SrcFileId="2" StartOffset="1362"/>
</Header>
<LocList>
<Loc EndOffset="1904" SrcFileId="2" StartOffset="1362"/>
</LocList>
<StmntSeq Intrnl_Id="103">
<LocList>
<Loc EndOffset="1442" SrcFileId="2" StartOffset="1418"/>
<Loc EndOffset="1492" SrcFileId="2" StartOffset="1452"/>
<Loc EndOffset="1554" SrcFileId="2" StartOffset="1502"/>
<Loc EndOffset="1605" SrcFileId="2" StartOffset="1564"/>
<Loc EndOffset="1674" SrcFileId="2" StartOffset="1617"/>
<Loc EndOffset="1726" SrcFileId="2" StartOffset="1686"/>
<Loc EndOffset="1754" SrcFileId="2" StartOffset="1738"/>
<Loc EndOffset="1780" SrcFileId="2" StartOffset="1764"/>
<Loc EndOffset="1847" SrcFileId="2" StartOffset="1790"/>
<Loc EndOffset="1897" SrcFileId="2" StartOffset="1857"/>
</LocList>
<BasicStmnt CovItemId="S21" CovItemPrefix="com.Testing.FieldTest.java" Intrnl_Id="104">
<LocList>
<Loc EndOffset="1442" SrcFileId="2" StartOffset="1418"/>
</LocList>
</BasicStmnt>
<BasicStmnt CovItemId="S22" CovItemPrefix="com.Testing.FieldTest.java" Intrnl_Id="105">
<LocList>
<Loc EndOffset="1492" SrcFileId="2" StartOffset="1452"/>
</LocList>
</BasicStmnt>
<BasicStmnt CovItemId="S23" CovItemPrefix="com.Testing.FieldTest.java" Intrnl_Id="106">
<LocList>
<Loc EndOffset="1554" SrcFileId="2" StartOffset="1502"/>
</LocList>
</BasicStmnt>
<BasicStmnt CovItemId="S24" CovItemPrefix="com.Testing.FieldTest.java" Intrnl_Id="107">
<LocList>
<Loc EndOffset="1605" SrcFileId="2" StartOffset="1564"/>
</LocList>
</BasicStmnt>
<BasicStmnt CovItemId="S25" CovItemPrefix="com.Testing.FieldTest.java" Intrnl_Id="108">
<LocList>
<Loc EndOffset="1674" SrcFileId="2" StartOffset="1617"/>
</LocList>
</BasicStmnt>
<BasicStmnt CovItemId="S26" CovItemPrefix="com.Testing.FieldTest.java" Intrnl_Id="109">
<LocList>
<Loc EndOffset="1726" SrcFileId="2" StartOffset="1686"/>
</LocList>
</BasicStmnt>
<BasicStmnt CovItemId="S27" CovItemPrefix="com.Testing.FieldTest.java" Intrnl_Id="110">
<LocList>
<Loc EndOffset="1754" SrcFileId="2" StartOffset="1738"/>
</LocList>
</BasicStmnt>
<BasicStmnt CovItemId="S28" CovItemPrefix="com.Testing.FieldTest.java" Intrnl_Id="111">
<LocList>
<Loc EndOffset="1780" SrcFileId="2" StartOffset="1764"/>
</LocList>
</BasicStmnt>
<BasicStmnt CovItemId="S29" CovItemPrefix="com.Testing.FieldTest.java" Intrnl_Id="112">
<LocList>
<Loc EndOffset="1847" SrcFileId="2" StartOffset="1790"/>
</LocList>
</BasicStmnt>
<BasicStmnt CovItemId="S30" CovItemPrefix="com.Testing.FieldTest.java" Intrnl_Id="113">
<LocList>
<Loc EndOffset="1897" SrcFileId="2" StartOffset="1857"/>
</LocList>
</BasicStmnt>
</StmntSeq>
</HierarchyLvl>
<HierarchyLvl HierarchyLvlId="371" HierarchyLvlTypeId="17" Intrnl_Id="114" Name="testFieldsPieceEqPiece">
<Header>
<Loc EndOffset="1986" SrcFileId="2" StartOffset="1912"/>
</Header>
<LocList>
<Loc EndOffset="2499" SrcFileId="2" StartOffset="1912"/>
</LocList>
<StmntSeq Intrnl_Id="115">
<LocList>
<Loc EndOffset="2044" SrcFileId="2" StartOffset="1997"/>
<Loc EndOffset="2101" SrcFileId="2" StartOffset="2056"/>
<Loc EndOffset="2156" SrcFileId="2" StartOffset="2111"/>
<Loc EndOffset="2492" SrcFileId="2" StartOffset="2168"/>
</LocList>
<BasicStmnt CovItemId="S31" CovItemPrefix="com.Testing.FieldTest.java" Intrnl_Id="116">
<LocList>
<Loc EndOffset="2044" SrcFileId="2" StartOffset="1997"/>
</LocList>
</BasicStmnt>
<BasicStmnt CovItemId="S32" CovItemPrefix="com.Testing.FieldTest.java" Intrnl_Id="117">
<LocList>
<Loc EndOffset="2101" SrcFileId="2" StartOffset="2056"/>
</LocList>
</BasicStmnt>
<BasicStmnt CovItemId="S33" CovItemPrefix="com.Testing.FieldTest.java" Intrnl_Id="118">
<LocList>
<Loc EndOffset="2156" SrcFileId="2" StartOffset="2111"/>
</LocList>
</BasicStmnt>
<CondStmnt CovItemId="S34" CovItemPrefix="com.Testing.FieldTest.java" Intrnl_Id="119">
<Branch CovItemId="B1" CovItemPrefix="com.Testing.FieldTest.java" Implct="false" Intrnl_Id="120">
<Cond/>
<LocList>
<Loc EndOffset="2334" SrcFileId="2" StartOffset="2185"/>
</LocList>
<StmntSeq Intrnl_Id="121">
<LocList>
<Loc EndOffset="2232" SrcFileId="2" StartOffset="2200"/>
<Loc EndOffset="2279" SrcFileId="2" StartOffset="2246"/>
<Loc EndOffset="2323" SrcFileId="2" StartOffset="2293"/>
</LocList>
<BasicStmnt CovItemId="S35" CovItemPrefix="com.Testing.FieldTest.java" Intrnl_Id="122">
<LocList>
<Loc EndOffset="2232" SrcFileId="2" StartOffset="2200"/>
</LocList>
</BasicStmnt>
<BasicStmnt CovItemId="S36" CovItemPrefix="com.Testing.FieldTest.java" Intrnl_Id="123">
<LocList>
<Loc EndOffset="2279" SrcFileId="2" StartOffset="2246"/>
</LocList>
</BasicStmnt>
<BasicStmnt CovItemId="S37" CovItemPrefix="com.Testing.FieldTest.java" Intrnl_Id="124">
<LocList>
<Loc EndOffset="2323" SrcFileId="2" StartOffset="2293"/>
</LocList>
</BasicStmnt>
</StmntSeq>
</Branch>
<Branch CovItemId="B2" CovItemPrefix="com.Testing.FieldTest.java" Implct="false" Intrnl_Id="125">
<Cond>
<Loc EndOffset="2339" SrcFileId="2" StartOffset="2335"/>
</Cond>
<LocList>
<Loc EndOffset="2492" SrcFileId="2" StartOffset="2340"/>
</LocList>
<StmntSeq Intrnl_Id="126">
<LocList>
<Loc EndOffset="2388" SrcFileId="2" StartOffset="2355"/>
<Loc EndOffset="2436" SrcFileId="2" StartOffset="2402"/>
<Loc EndOffset="2481" SrcFileId="2" StartOffset="2450"/>
</LocList>
<BasicStmnt CovItemId="S38" CovItemPrefix="com.Testing.FieldTest.java" Intrnl_Id="127">
<LocList>
<Loc EndOffset="2388" SrcFileId="2" StartOffset="2355"/>
</LocList>
</BasicStmnt>
<BasicStmnt CovItemId="S39" CovItemPrefix="com.Testing.FieldTest.java" Intrnl_Id="128">
<LocList>
<Loc EndOffset="2436" SrcFileId="2" StartOffset="2402"/>
</LocList>
</BasicStmnt>
<BasicStmnt CovItemId="S40" CovItemPrefix="com.Testing.FieldTest.java" Intrnl_Id="129">
<LocList>
<Loc EndOffset="2481" SrcFileId="2" StartOffset="2450"/>
</LocList>
</BasicStmnt>
</StmntSeq>
</Branch>
<Keyword EndOffset="2170" SrcFileId="2" StartOffset="2168"/>
<LocList>
<Loc EndOffset="2492" SrcFileId="2" StartOffset="2168"/>
</LocList>
<RootTerm CovItemId="C1" CovItemPrefix="com.Testing.FieldTest.java" Intrnl_Id="130">
<BasicBoolTerm Intrnl_Id="131">
<LocList>
<Loc EndOffset="2183" SrcFileId="2" StartOffset="2172"/>
</LocList>
</BasicBoolTerm>
</RootTerm>
</CondStmnt>
</StmntSeq>
</HierarchyLvl>
<HierarchyLvl HierarchyLvlId="372" HierarchyLvlTypeId="17" Intrnl_Id="132" Name="testGetPieceOnField">
<Header>
<Loc EndOffset="2551" SrcFileId="2" StartOffset="2507"/>
</Header>
<LocList>
<Loc EndOffset="2761" SrcFileId="2" StartOffset="2507"/>
</LocList>
<StmntSeq Intrnl_Id="133">
<LocList>
<Loc EndOffset="2587" SrcFileId="2" StartOffset="2563"/>
<Loc EndOffset="2637" SrcFileId="2" StartOffset="2597"/>
<Loc EndOffset="2704" SrcFileId="2" StartOffset="2647"/>
<Loc EndOffset="2754" SrcFileId="2" StartOffset="2714"/>
</LocList>
<BasicStmnt CovItemId="S41" CovItemPrefix="com.Testing.FieldTest.java" Intrnl_Id="134">
<LocList>
<Loc EndOffset="2587" SrcFileId="2" StartOffset="2563"/>
</LocList>
</BasicStmnt>
<BasicStmnt CovItemId="S42" CovItemPrefix="com.Testing.FieldTest.java" Intrnl_Id="135">
<LocList>
<Loc EndOffset="2637" SrcFileId="2" StartOffset="2597"/>
</LocList>
</BasicStmnt>
<BasicStmnt CovItemId="S43" CovItemPrefix="com.Testing.FieldTest.java" Intrnl_Id="136">
<LocList>
<Loc EndOffset="2704" SrcFileId="2" StartOffset="2647"/>
</LocList>
</BasicStmnt>
<BasicStmnt CovItemId="S44" CovItemPrefix="com.Testing.FieldTest.java" Intrnl_Id="137">
<LocList>
<Loc EndOffset="2754" SrcFileId="2" StartOffset="2714"/>
</LocList>
</BasicStmnt>
</StmntSeq>
</HierarchyLvl>
<HierarchyLvl HierarchyLvlId="373" HierarchyLvlTypeId="17" Intrnl_Id="138" Name="testIsEmpty">
<Header>
<Loc EndOffset="2805" SrcFileId="2" StartOffset="2769"/>
</Header>
<LocList>
<Loc EndOffset="3084" SrcFileId="2" StartOffset="2769"/>
</LocList>
<StmntSeq Intrnl_Id="139">
<LocList>
<Loc EndOffset="2841" SrcFileId="2" StartOffset="2817"/>
<Loc EndOffset="2883" SrcFileId="2" StartOffset="2851"/>
<Loc EndOffset="2953" SrcFileId="2" StartOffset="2895"/>
<Loc EndOffset="2996" SrcFileId="2" StartOffset="2963"/>
<Loc EndOffset="3035" SrcFileId="2" StartOffset="3008"/>
<Loc EndOffset="3077" SrcFileId="2" StartOffset="3045"/>
</LocList>
<BasicStmnt CovItemId="S45" CovItemPrefix="com.Testing.FieldTest.java" Intrnl_Id="140">
<LocList>
<Loc EndOffset="2841" SrcFileId="2" StartOffset="2817"/>
</LocList>
</BasicStmnt>
<BasicStmnt CovItemId="S46" CovItemPrefix="com.Testing.FieldTest.java" Intrnl_Id="141">
<LocList>
<Loc EndOffset="2883" SrcFileId="2" StartOffset="2851"/>
</LocList>
</BasicStmnt>
<BasicStmnt CovItemId="S47" CovItemPrefix="com.Testing.FieldTest.java" Intrnl_Id="142">
<LocList>
<Loc EndOffset="2953" SrcFileId="2" StartOffset="2895"/>
</LocList>
</BasicStmnt>
<BasicStmnt CovItemId="S48" CovItemPrefix="com.Testing.FieldTest.java" Intrnl_Id="143">
<LocList>
<Loc EndOffset="2996" SrcFileId="2" StartOffset="2963"/>
</LocList>
</BasicStmnt>
<BasicStmnt CovItemId="S49" CovItemPrefix="com.Testing.FieldTest.java" Intrnl_Id="144">
<LocList>
<Loc EndOffset="3035" SrcFileId="2" StartOffset="3008"/>
</LocList>
</BasicStmnt>
<BasicStmnt CovItemId="S50" CovItemPrefix="com.Testing.FieldTest.java" Intrnl_Id="145">
<LocList>
<Loc EndOffset="3077" SrcFileId="2" StartOffset="3045"/>
</LocList>
</BasicStmnt>
</StmntSeq>
</HierarchyLvl>
<HierarchyLvl HierarchyLvlId="374" HierarchyLvlTypeId="17" Intrnl_Id="146" Name="testIsPieceOfColor">
<Header>
<Loc EndOffset="3135" SrcFileId="2" StartOffset="3092"/>
</Header>
<LocList>
<Loc EndOffset="3508" SrcFileId="2" StartOffset="3092"/>
</LocList>
<StmntSeq Intrnl_Id="147">
<LocList>
<Loc EndOffset="3171" SrcFileId="2" StartOffset="3147"/>
<Loc EndOffset="3239" SrcFileId="2" StartOffset="3181"/>
<Loc EndOffset="3291" SrcFileId="2" StartOffset="3249"/>
<Loc EndOffset="3344" SrcFileId="2" StartOffset="3301"/>
<Loc EndOffset="3396" SrcFileId="2" StartOffset="3356"/>
<Loc EndOffset="3449" SrcFileId="2" StartOffset="3406"/>
<Loc EndOffset="3501" SrcFileId="2" StartOffset="3459"/>
</LocList>
<BasicStmnt CovItemId="S51" CovItemPrefix="com.Testing.FieldTest.java" Intrnl_Id="148">
<LocList>
<Loc EndOffset="3171" SrcFileId="2" StartOffset="3147"/>
</LocList>
</BasicStmnt>
<BasicStmnt CovItemId="S52" CovItemPrefix="com.Testing.FieldTest.java" Intrnl_Id="149">
<LocList>
<Loc EndOffset="3239" SrcFileId="2" StartOffset="3181"/>
</LocList>
</BasicStmnt>
<BasicStmnt CovItemId="S53" CovItemPrefix="com.Testing.FieldTest.java" Intrnl_Id="150">
<LocList>
<Loc EndOffset="3291" SrcFileId="2" StartOffset="3249"/>
</LocList>
</BasicStmnt>
<BasicStmnt CovItemId="S54" CovItemPrefix="com.Testing.FieldTest.java" Intrnl_Id="151">
<LocList>
<Loc EndOffset="3344" SrcFileId="2" StartOffset="3301"/>
</LocList>
</BasicStmnt>
<BasicStmnt CovItemId="S55" CovItemPrefix="com.Testing.FieldTest.java" Intrnl_Id="152">
<LocList>
<Loc EndOffset="3396" SrcFileId="2" StartOffset="3356"/>
</LocList>
</BasicStmnt>
<BasicStmnt CovItemId="S56" CovItemPrefix="com.Testing.FieldTest.java" Intrnl_Id="153">
<LocList>
<Loc EndOffset="3449" SrcFileId="2" StartOffset="3406"/>
</LocList>
</BasicStmnt>
<BasicStmnt CovItemId="S57" CovItemPrefix="com.Testing.FieldTest.java" Intrnl_Id="154">
<LocList>
<Loc EndOffset="3501" SrcFileId="2" StartOffset="3459"/>
</LocList>
</BasicStmnt>
</StmntSeq>
</HierarchyLvl>
<HierarchyLvl HierarchyLvlId="375" HierarchyLvlTypeId="17" Intrnl_Id="155" Name="testEmptyThisField">
<Header>
<Loc EndOffset="3559" SrcFileId="2" StartOffset="3516"/>
</Header>
<LocList>
<Loc EndOffset="3864" SrcFileId="2" StartOffset="3516"/>
</LocList>
<StmntSeq Intrnl_Id="156">
<LocList>
<Loc EndOffset="3595" SrcFileId="2" StartOffset="3571"/>
<Loc EndOffset="3645" SrcFileId="2" StartOffset="3605"/>
<Loc EndOffset="3715" SrcFileId="2" StartOffset="3657"/>
<Loc EndOffset="3768" SrcFileId="2" StartOffset="3725"/>
<Loc EndOffset="3807" SrcFileId="2" StartOffset="3780"/>
<Loc EndOffset="3857" SrcFileId="2" StartOffset="3817"/>
</LocList>
<BasicStmnt CovItemId="S58" CovItemPrefix="com.Testing.FieldTest.java" Intrnl_Id="157">
<LocList>
<Loc EndOffset="3595" SrcFileId="2" StartOffset="3571"/>
</LocList>
</BasicStmnt>
<BasicStmnt CovItemId="S59" CovItemPrefix="com.Testing.FieldTest.java" Intrnl_Id="158">
<LocList>
<Loc EndOffset="3645" SrcFileId="2" StartOffset="3605"/>
</LocList>
</BasicStmnt>
<BasicStmnt CovItemId="S60" CovItemPrefix="com.Testing.FieldTest.java" Intrnl_Id="159">
<LocList>
<Loc EndOffset="3715" SrcFileId="2" StartOffset="3657"/>
</LocList>
</BasicStmnt>
<BasicStmnt CovItemId="S61" CovItemPrefix="com.Testing.FieldTest.java" Intrnl_Id="160">
<LocList>
<Loc EndOffset="3768" SrcFileId="2" StartOffset="3725"/>
</LocList>
</BasicStmnt>
<BasicStmnt CovItemId="S62" CovItemPrefix="com.Testing.FieldTest.java" Intrnl_Id="161">
<LocList>
<Loc EndOffset="3807" SrcFileId="2" StartOffset="3780"/>
</LocList>
</BasicStmnt>
<BasicStmnt CovItemId="S63" CovItemPrefix="com.Testing.FieldTest.java" Intrnl_Id="162">
<LocList>
<Loc EndOffset="3857" SrcFileId="2" StartOffset="3817"/>
</LocList>
</BasicStmnt>
</StmntSeq>
</HierarchyLvl>
</HierarchyLvl>
<HierarchyLvl HierarchyLvlId="385" HierarchyLvlTypeId="16" Intrnl_Id="163" Name="BoardTest">
<Header>
<Loc EndOffset="479" SrcFileId="3" StartOffset="430"/>
</Header>
<LocList>
<Loc EndOffset="6303" SrcFileId="3" StartOffset="430"/>
</LocList>
<HierarchyLvl HierarchyLvlId="377" HierarchyLvlTypeId="17" Intrnl_Id="164" Name="BoardTest">
<Header>
<Loc EndOffset="547" SrcFileId="3" StartOffset="487"/>
</Header>
<LocList>
<Loc EndOffset="570" SrcFileId="3" StartOffset="487"/>
</LocList>
<StmntSeq Intrnl_Id="165">
<LocList>
<Loc EndOffset="566" SrcFileId="3" StartOffset="558"/>
</LocList>
<BasicStmnt CovItemId="S1" CovItemPrefix="com.Testing.BoardTest.java" Intrnl_Id="166">
<LocList>
<Loc EndOffset="566" SrcFileId="3" StartOffset="558"/>
</LocList>
</BasicStmnt>
</StmntSeq>
</HierarchyLvl>
<HierarchyLvl HierarchyLvlId="378" HierarchyLvlTypeId="17" Intrnl_Id="167" Name="testBoard">
<Header>
<Loc EndOffset="649" SrcFileId="3" StartOffset="576"/>
</Header>
<LocList>
<Loc EndOffset="2105" SrcFileId="3" StartOffset="576"/>
</LocList>
<StmntSeq Intrnl_Id="168">
<LocList>
<Loc EndOffset="2101" SrcFileId="3" StartOffset="654"/>
</LocList>
<LoopStmnt CovItemId="S2" CovItemPrefix="com.Testing.BoardTest.java" Intrnl_Id="169" MltplExecId="L1-2" MltplExecPrefix="com.Testing.BoardTest.java" NvrExecId="L1-0" NvrExecPrefix="com.Testing.BoardTest.java" OnceExecutedId="L1-1" OnceExecutedPrefix="com.Testing.BoardTest.java" OptBodyExec="true">
<StmntSeq Intrnl_Id="170">
<LocList>
<Loc EndOffset="2096" SrcFileId="3" StartOffset="686"/>
</LocList>
<LoopStmnt CovItemId="S3" CovItemPrefix="com.Testing.BoardTest.java" Intrnl_Id="171" MltplExecId="L2-2" MltplExecPrefix="com.Testing.BoardTest.java" NvrExecId="L2-0" NvrExecPrefix="com.Testing.BoardTest.java" OnceExecutedId="L2-1" OnceExecutedPrefix="com.Testing.BoardTest.java" OptBodyExec="true">
<StmntSeq Intrnl_Id="172">
<LocList>
<Loc EndOffset="760" SrcFileId="3" StartOffset="719"/>
<Loc EndOffset="2090" SrcFileId="3" StartOffset="766"/>
</LocList>
<BasicStmnt CovItemId="S4" CovItemPrefix="com.Testing.BoardTest.java" Intrnl_Id="173">
<LocList>
<Loc EndOffset="760" SrcFileId="3" StartOffset="719"/>
</LocList>
</BasicStmnt>
<CondStmnt CovItemId="S5" CovItemPrefix="com.Testing.BoardTest.java" Intrnl_Id="174">
<Branch CovItemId="B1" CovItemPrefix="com.Testing.BoardTest.java" Implct="false" Intrnl_Id="175">
<Cond/>
<LocList>
<Loc EndOffset="1960" SrcFileId="3" StartOffset="788"/>
</LocList>
<StmntSeq Intrnl_Id="176">
<LocList>
<Loc EndOffset="820" SrcFileId="3" StartOffset="796"/>
<Loc EndOffset="851" SrcFileId="3" StartOffset="827"/>
<Loc EndOffset="888" SrcFileId="3" StartOffset="858"/>
<Loc EndOffset="1418" SrcFileId="3" StartOffset="970"/>
<Loc EndOffset="1867" SrcFileId="3" StartOffset="1479"/>
<Loc EndOffset="1953" SrcFileId="3" StartOffset="1881"/>
</LocList>
<BasicStmnt CovItemId="S6" CovItemPrefix="com.Testing.BoardTest.java" Intrnl_Id="177">
<LocList>
<Loc EndOffset="820" SrcFileId="3" StartOffset="796"/>
</LocList>
</BasicStmnt>
<BasicStmnt CovItemId="S7" CovItemPrefix="com.Testing.BoardTest.java" Intrnl_Id="178">
<LocList>
<Loc EndOffset="851" SrcFileId="3" StartOffset="827"/>
</LocList>
</BasicStmnt>
<BasicStmnt CovItemId="S8" CovItemPrefix="com.Testing.BoardTest.java" Intrnl_Id="179">
<LocList>
<Loc EndOffset="888" SrcFileId="3" StartOffset="858"/>
</LocList>
</BasicStmnt>
<CondStmnt CovItemId="S9" CovItemPrefix="com.Testing.BoardTest.java" Intrnl_Id="180">
<Branch CovItemId="B3" CovItemPrefix="com.Testing.BoardTest.java" Implct="false" Intrnl_Id="181">
<Cond/>
<LocList>
<Loc EndOffset="1418" SrcFileId="3" StartOffset="986"/>
</LocList>
<StmntSeq Intrnl_Id="182">
<LocList>
<Loc EndOffset="1033" SrcFileId="3" StartOffset="995"/>
<Loc EndOffset="1088" SrcFileId="3" StartOffset="1041"/>
<Loc EndOffset="1143" SrcFileId="3" StartOffset="1096"/>
<Loc EndOffset="1198" SrcFileId="3" StartOffset="1151"/>
<Loc EndOffset="1410" SrcFileId="3" StartOffset="1208"/>
</LocList>
<BasicStmnt CovItemId="S10" CovItemPrefix="com.Testing.BoardTest.java" Intrnl_Id="183">
<LocList>
<Loc EndOffset="1033" SrcFileId="3" StartOffset="995"/>
</LocList>
</BasicStmnt>
<BasicStmnt CovItemId="S11" CovItemPrefix="com.Testing.BoardTest.java" Intrnl_Id="184">
<LocList>
<Loc EndOffset="1088" SrcFileId="3" StartOffset="1041"/>
</LocList>
</BasicStmnt>
<BasicStmnt CovItemId="S12" CovItemPrefix="com.Testing.BoardTest.java" Intrnl_Id="185">
<LocList>
<Loc EndOffset="1143" SrcFileId="3" StartOffset="1096"/>
</LocList>
</BasicStmnt>
<BasicStmnt CovItemId="S13" CovItemPrefix="com.Testing.BoardTest.java" Intrnl_Id="186">
<LocList>
<Loc EndOffset="1198" SrcFileId="3" StartOffset="1151"/>
</LocList>
</BasicStmnt>
<CondStmnt CovItemId="S14" CovItemPrefix="com.Testing.BoardTest.java" Intrnl_Id="187">
<Branch CovItemId="B5" CovItemPrefix="com.Testing.BoardTest.java" Implct="false" Intrnl_Id="188">
<Cond/>
<LocList>
<Loc EndOffset="1410" SrcFileId="3" StartOffset="1226"/>
</LocList>
<StmntSeq Intrnl_Id="189">
<LocList>
<Loc EndOffset="1346" SrcFileId="3" StartOffset="1300"/>
<Loc EndOffset="1401" SrcFileId="3" StartOffset="1355"/>
</LocList>
<BasicStmnt CovItemId="S15" CovItemPrefix="com.Testing.BoardTest.java" Intrnl_Id="190">
<LocList>
<Loc EndOffset="1346" SrcFileId="3" StartOffset="1300"/>
</LocList>
</BasicStmnt>
<BasicStmnt CovItemId="S16" CovItemPrefix="com.Testing.BoardTest.java" Intrnl_Id="191">
<LocList>
<Loc EndOffset="1401" SrcFileId="3" StartOffset="1355"/>
</LocList>
</BasicStmnt>
</StmntSeq>
</Branch>
<Branch CovItemId="B6" CovItemPrefix="com.Testing.BoardTest.java" Implct="true" Intrnl_Id="192">
<Cond/>
<LocList/>
<StmntSeq Intrnl_Id="193">
<LocList/>
</StmntSeq>
</Branch>
<Keyword EndOffset="1210" SrcFileId="3" StartOffset="1208"/>
<LocList>
<Loc EndOffset="1410" SrcFileId="3" StartOffset="1208"/>
</LocList>
<RootTerm CovItemId="C5" CovItemPrefix="com.Testing.BoardTest.java" Intrnl_Id="194">
<BasicBoolTerm Intrnl_Id="195">
<LocList>
<Loc EndOffset="1217" SrcFileId="3" StartOffset="1211"/>
</LocList>
</BasicBoolTerm>
</RootTerm>
</CondStmnt>
</StmntSeq>
</Branch>
<Branch CovItemId="B4" CovItemPrefix="com.Testing.BoardTest.java" Implct="true" Intrnl_Id="196">
<Cond/>
<LocList/>
<StmntSeq Intrnl_Id="197">
<LocList/>
</StmntSeq>
</Branch>
<Keyword EndOffset="972" SrcFileId="3" StartOffset="970"/>
<LocList>
<Loc EndOffset="1418" SrcFileId="3" StartOffset="970"/>
</LocList>
<RootTerm CovItemId="C4" CovItemPrefix="com.Testing.BoardTest.java" Intrnl_Id="198">
<BasicBoolTerm Intrnl_Id="199">
<LocList>
<Loc EndOffset="978" SrcFileId="3" StartOffset="973"/>
</LocList>
</BasicBoolTerm>
</RootTerm>
</CondStmnt>
<CondStmnt CovItemId="S17" CovItemPrefix="com.Testing.BoardTest.java" Intrnl_Id="200">
<Branch CovItemId="B7" CovItemPrefix="com.Testing.BoardTest.java" Implct="false" Intrnl_Id="201">
<Cond/>
<LocList>
<Loc EndOffset="1867" SrcFileId="3" StartOffset="1495"/>
</LocList>
<StmntSeq Intrnl_Id="202">
<LocList>
<Loc EndOffset="1542" SrcFileId="3" StartOffset="1504"/>
<Loc EndOffset="1597" SrcFileId="3" StartOffset="1550"/>
<Loc EndOffset="1652" SrcFileId="3" StartOffset="1605"/>
<Loc EndOffset="1707" SrcFileId="3" StartOffset="1660"/>
<Loc EndOffset="1859" SrcFileId="3" StartOffset="1723"/>
</LocList>
<BasicStmnt CovItemId="S18" CovItemPrefix="com.Testing.BoardTest.java" Intrnl_Id="203">
<LocList>
<Loc EndOffset="1542" SrcFileId="3" StartOffset="1504"/>
</LocList>
</BasicStmnt>
<BasicStmnt CovItemId="S19" CovItemPrefix="com.Testing.BoardTest.java" Intrnl_Id="204">
<LocList>
<Loc EndOffset="1597" SrcFileId="3" StartOffset="1550"/>
</LocList>
</BasicStmnt>
<BasicStmnt CovItemId="S20" CovItemPrefix="com.Testing.BoardTest.java" Intrnl_Id="205">
<LocList>
<Loc EndOffset="1652" SrcFileId="3" StartOffset="1605"/>
</LocList>
</BasicStmnt>
<BasicStmnt CovItemId="S21" CovItemPrefix="com.Testing.BoardTest.java" Intrnl_Id="206">
<LocList>
<Loc EndOffset="1707" SrcFileId="3" StartOffset="1660"/>
</LocList>
</BasicStmnt>
<CondStmnt CovItemId="S22" CovItemPrefix="com.Testing.BoardTest.java" Intrnl_Id="207">
<Branch CovItemId="B9" CovItemPrefix="com.Testing.BoardTest.java" Implct="false" Intrnl_Id="208">
<Cond/>
<LocList>
<Loc EndOffset="1859" SrcFileId="3" StartOffset="1739"/>
</LocList>
<StmntSeq Intrnl_Id="209">
<LocList>
<Loc EndOffset="1795" SrcFileId="3" StartOffset="1749"/>
<Loc EndOffset="1850" SrcFileId="3" StartOffset="1804"/>
</LocList>
<BasicStmnt CovItemId="S23" CovItemPrefix="com.Testing.BoardTest.java" Intrnl_Id="210">
<LocList>
<Loc EndOffset="1795" SrcFileId="3" StartOffset="1749"/>
</LocList>
</BasicStmnt>
<BasicStmnt CovItemId="S24" CovItemPrefix="com.Testing.BoardTest.java" Intrnl_Id="211">
<LocList>
<Loc EndOffset="1850" SrcFileId="3" StartOffset="1804"/>
</LocList>
</BasicStmnt>
</StmntSeq>
</Branch>
<Branch CovItemId="B10" CovItemPrefix="com.Testing.BoardTest.java" Implct="true" Intrnl_Id="212">
<Cond/>
<LocList/>
<StmntSeq Intrnl_Id="213">
<LocList/>
</StmntSeq>
</Branch>
<Keyword EndOffset="1725" SrcFileId="3" StartOffset="1723"/>
<LocList>
<Loc EndOffset="1859" SrcFileId="3" StartOffset="1723"/>
</LocList>
<RootTerm CovItemId="C7" CovItemPrefix="com.Testing.BoardTest.java" Intrnl_Id="214">
<BasicBoolTerm Intrnl_Id="215">
<LocList>
<Loc EndOffset="1730" SrcFileId="3" StartOffset="1726"/>
</LocList>
</BasicBoolTerm>
</RootTerm>
</CondStmnt>
</StmntSeq>
</Branch>
<Branch CovItemId="B8" CovItemPrefix="com.Testing.BoardTest.java" Implct="true" Intrnl_Id="216">
<Cond/>
<LocList/>
<StmntSeq Intrnl_Id="217">
<LocList/>
</StmntSeq>
</Branch>
<Keyword EndOffset="1481" SrcFileId="3" StartOffset="1479"/>
<LocList>
<Loc EndOffset="1867" SrcFileId="3" StartOffset="1479"/>
</LocList>
<RootTerm CovItemId="C6" CovItemPrefix="com.Testing.BoardTest.java" Intrnl_Id="218">
<BasicBoolTerm Intrnl_Id="219">
<LocList>
<Loc EndOffset="1487" SrcFileId="3" StartOffset="1482"/>
</LocList>
</BasicBoolTerm>
</RootTerm>
</CondStmnt>
<CondStmnt CovItemId="S25" CovItemPrefix="com.Testing.BoardTest.java" Intrnl_Id="220">
<Branch CovItemId="B11" CovItemPrefix="com.Testing.BoardTest.java" Implct="false" Intrnl_Id="221">
<Cond/>
<LocList>
<Loc EndOffset="1953" SrcFileId="3" StartOffset="1901"/>
</LocList>
<StmntSeq Intrnl_Id="222">
<LocList>
<Loc EndOffset="1945" SrcFileId="3" StartOffset="1910"/>
</LocList>
<BasicStmnt CovItemId="S26" CovItemPrefix="com.Testing.BoardTest.java" Intrnl_Id="223">
<LocList>
<Loc EndOffset="1945" SrcFileId="3" StartOffset="1910"/>
</LocList>
</BasicStmnt>
</StmntSeq>
</Branch>
<Branch CovItemId="B12" CovItemPrefix="com.Testing.BoardTest.java" Implct="true" Intrnl_Id="224">
<Cond/>
<LocList/>
<StmntSeq Intrnl_Id="225">
<LocList/>
</StmntSeq>
</Branch>
<Keyword EndOffset="1883" SrcFileId="3" StartOffset="1881"/>
<LocList>
<Loc EndOffset="1953" SrcFileId="3" StartOffset="1881"/>
</LocList>
<RootTerm CovItemId="C8" CovItemPrefix="com.Testing.BoardTest.java" Intrnl_Id="226">
<OpTerm BooleanOpId="13" Intrnl_Id="227">
<BasicBoolTerm Intrnl_Id="228">
<LocList>
<Loc EndOffset="1890" SrcFileId="3" StartOffset="1884"/>
</LocList>
</BasicBoolTerm>
<BasicBoolTerm Intrnl_Id="229">
<LocList>
<Loc EndOffset="1900" SrcFileId="3" StartOffset="1894"/>
</LocList>
</BasicBoolTerm>
<LocList>
<Loc EndOffset="1893" SrcFileId="3" StartOffset="1891"/>
</LocList>
</OpTerm>
</RootTerm>
</CondStmnt>
</StmntSeq>
</Branch>
<Branch CovItemId="B2" CovItemPrefix="com.Testing.BoardTest.java" Implct="false" Intrnl_Id="230">
<Cond>
<Loc EndOffset="1970" SrcFileId="3" StartOffset="1966"/>
</Cond>
<LocList>
<Loc EndOffset="2090" SrcFileId="3" StartOffset="1976"/>
</LocList>
<StmntSeq Intrnl_Id="231">
<LocList>
<Loc EndOffset="2083" SrcFileId="3" StartOffset="2052"/>
</LocList>
<BasicStmnt CovItemId="S27" CovItemPrefix="com.Testing.BoardTest.java" Intrnl_Id="232">
<LocList>
<Loc EndOffset="2083" SrcFileId="3" StartOffset="2052"/>
</LocList>
</BasicStmnt>
</StmntSeq>
</Branch>
<Keyword EndOffset="768" SrcFileId="3" StartOffset="766"/>
<LocList>
<Loc EndOffset="2090" SrcFileId="3" StartOffset="766"/>
</LocList>
<RootTerm CovItemId="C3" CovItemPrefix="com.Testing.BoardTest.java" Intrnl_Id="233">
<BasicBoolTerm Intrnl_Id="234">
<LocList>
<Loc EndOffset="781" SrcFileId="3" StartOffset="769"/>
</LocList>
</BasicBoolTerm>
</RootTerm>
</CondStmnt>
</StmntSeq>
<Keyword EndOffset="689" SrcFileId="3" StartOffset="686"/>
<LocList>
<Loc EndOffset="2096" SrcFileId="3" StartOffset="686"/>
</LocList>
<RootTerm CovItemId="C2" CovItemPrefix="com.Testing.BoardTest.java" Intrnl_Id="235">
<BasicBoolTerm Intrnl_Id="236">
<LocList>
<Loc EndOffset="706" SrcFileId="3" StartOffset="701"/>
</LocList>
</BasicBoolTerm>
</RootTerm>
</LoopStmnt>
</StmntSeq>
<Keyword EndOffset="657" SrcFileId="3" StartOffset="654"/>
<LocList>
<Loc EndOffset="2101" SrcFileId="3" StartOffset="654"/>
</LocList>
<RootTerm CovItemId="C1" CovItemPrefix="com.Testing.BoardTest.java" Intrnl_Id="237">
<BasicBoolTerm Intrnl_Id="238">
<LocList>
<Loc EndOffset="674" SrcFileId="3" StartOffset="669"/>
</LocList>
</BasicBoolTerm>
</RootTerm>
</LoopStmnt>
</StmntSeq>
</HierarchyLvl>
<HierarchyLvl HierarchyLvlId="379" HierarchyLvlTypeId="17" Intrnl_Id="239" Name="testMovePiece">
<Header>
<Loc EndOffset="2212" SrcFileId="3" StartOffset="2116"/>
</Header>
<LocList>
<Loc EndOffset="2749" SrcFileId="3" StartOffset="2116"/>
</LocList>
<StmntSeq Intrnl_Id="240">
<LocList>
<Loc EndOffset="2277" SrcFileId="3" StartOffset="2218"/>
<Loc EndOffset="2442" SrcFileId="3" StartOffset="2337"/>
<Loc EndOffset="2514" SrcFileId="3" StartOffset="2448"/>
<Loc EndOffset="2576" SrcFileId="3" StartOffset="2518"/>
<Loc EndOffset="2679" SrcFileId="3" StartOffset="2584"/>
<Loc EndOffset="2745" SrcFileId="3" StartOffset="2687"/>
</LocList>
<BasicStmnt CovItemId="S28" CovItemPrefix="com.Testing.BoardTest.java" Intrnl_Id="241">
<LocList>
<Loc EndOffset="2277" SrcFileId="3" StartOffset="2218"/>
</LocList>
</BasicStmnt>
<BasicStmnt CovItemId="S29" CovItemPrefix="com.Testing.BoardTest.java" Intrnl_Id="242">
<LocList>
<Loc EndOffset="2442" SrcFileId="3" StartOffset="2337"/>
</LocList>
</BasicStmnt>
<BasicStmnt CovItemId="S30" CovItemPrefix="com.Testing.BoardTest.java" Intrnl_Id="243">
<LocList>
<Loc EndOffset="2514" SrcFileId="3" StartOffset="2448"/>
</LocList>
</BasicStmnt>
<BasicStmnt CovItemId="S31" CovItemPrefix="com.Testing.BoardTest.java" Intrnl_Id="244">
<LocList>
<Loc EndOffset="2576" SrcFileId="3" StartOffset="2518"/>
</LocList>
</BasicStmnt>
<BasicStmnt CovItemId="S32" CovItemPrefix="com.Testing.BoardTest.java" Intrnl_Id="245">
<LocList>
<Loc EndOffset="2679" SrcFileId="3" StartOffset="2584"/>
</LocList>
</BasicStmnt>
<BasicStmnt CovItemId="S33" CovItemPrefix="com.Testing.BoardTest.java" Intrnl_Id="246">
<LocList>
<Loc EndOffset="2745" SrcFileId="3" StartOffset="2687"/>
</LocList>
</BasicStmnt>
</StmntSeq>
</HierarchyLvl>
<HierarchyLvl HierarchyLvlId="380" HierarchyLvlTypeId="17" Intrnl_Id="247" Name="testFieldOccupied">
<Header>
<Loc EndOffset="2793" SrcFileId="3" StartOffset="2754"/>
</Header>
<LocList>
<Loc EndOffset="3063" SrcFileId="3" StartOffset="2754"/>
</LocList>
<StmntSeq Intrnl_Id="248">
<LocList>
<Loc EndOffset="2958" SrcFileId="3" StartOffset="2912"/>
<Loc EndOffset="3009" SrcFileId="3" StartOffset="2962"/>
<Loc EndOffset="3059" SrcFileId="3" StartOffset="3013"/>
</LocList>
<BasicStmnt CovItemId="S34" CovItemPrefix="com.Testing.BoardTest.java" Intrnl_Id="249">
<LocList>
<Loc EndOffset="2958" SrcFileId="3" StartOffset="2912"/>
</LocList>
</BasicStmnt>
<BasicStmnt CovItemId="S35" CovItemPrefix="com.Testing.BoardTest.java" Intrnl_Id="250">
<LocList>
<Loc EndOffset="3009" SrcFileId="3" StartOffset="2962"/>
</LocList>
</BasicStmnt>
<BasicStmnt CovItemId="S36" CovItemPrefix="com.Testing.BoardTest.java" Intrnl_Id="251">
<LocList>
<Loc EndOffset="3059" SrcFileId="3" StartOffset="3013"/>
</LocList>
</BasicStmnt>
</StmntSeq>
</HierarchyLvl>
<HierarchyLvl HierarchyLvlId="381" HierarchyLvlTypeId="17" Intrnl_Id="252" Name="produceList">
<Header>
<Loc EndOffset="3220" SrcFileId="3" StartOffset="3161"/>
</Header>
<LocList>
<Loc EndOffset="3720" SrcFileId="3" StartOffset="3161"/>
</LocList>
<StmntSeq Intrnl_Id="253">
<LocList>
<Loc EndOffset="3269" SrcFileId="3" StartOffset="3225"/>
<Loc EndOffset="3694" SrcFileId="3" StartOffset="3277"/>
<Loc EndOffset="3716" SrcFileId="3" StartOffset="3702"/>
</LocList>
<BasicStmnt CovItemId="S37" CovItemPrefix="com.Testing.BoardTest.java" Intrnl_Id="254">
<LocList>
<Loc EndOffset="3269" SrcFileId="3" StartOffset="3225"/>
</LocList>
</BasicStmnt>
<CondStmnt CovItemId="S38" CovItemPrefix="com.Testing.BoardTest.java" Intrnl_Id="255">
<Branch CovItemId="B13" CovItemPrefix="com.Testing.BoardTest.java" Implct="false" Intrnl_Id="256">
<Cond/>
<LocList>
<Loc EndOffset="3694" SrcFileId="3" StartOffset="3331"/>
</LocList>
<StmntSeq Intrnl_Id="257">
<LocList>
<Loc EndOffset="3689" SrcFileId="3" StartOffset="3337"/>
</LocList>
<CondStmnt CovItemId="S39" CovItemPrefix="com.Testing.BoardTest.java" Intrnl_Id="258">
<Branch CovItemId="B15" CovItemPrefix="com.Testing.BoardTest.java" Implct="false" Intrnl_Id="259">
<Cond/>
<LocList>
<Loc EndOffset="3430" SrcFileId="3" StartOffset="3353"/>
</LocList>
<StmntSeq Intrnl_Id="260">
<LocList>
<Loc EndOffset="3424" SrcFileId="3" StartOffset="3360"/>
</LocList>
<BasicStmnt CovItemId="S40" CovItemPrefix="com.Testing.BoardTest.java" Intrnl_Id="261">
<LocList>
<Loc EndOffset="3424" SrcFileId="3" StartOffset="3360"/>
</LocList>
</BasicStmnt>
</StmntSeq>
</Branch>
<Branch CovItemId="B16" CovItemPrefix="com.Testing.BoardTest.java" Implct="false" Intrnl_Id="262">
<Cond>
<Loc EndOffset="3439" SrcFileId="3" StartOffset="3435"/>
</Cond>
<LocList>
<Loc EndOffset="3689" SrcFileId="3" StartOffset="3440"/>
</LocList>
<StmntSeq Intrnl_Id="263">
<LocList>
<Loc EndOffset="3689" SrcFileId="3" StartOffset="3440"/>
</LocList>
<CondStmnt CovItemId="S41" CovItemPrefix="com.Testing.BoardTest.java" Intrnl_Id="264">
<Branch CovItemId="B17" CovItemPrefix="com.Testing.BoardTest.java" Implct="false" Intrnl_Id="265">
<Cond/>
<LocList>
<Loc EndOffset="3533" SrcFileId="3" StartOffset="3456"/>
</LocList>
<StmntSeq Intrnl_Id="266">
<LocList>
<Loc EndOffset="3527" SrcFileId="3" StartOffset="3463"/>
</LocList>
<BasicStmnt CovItemId="S42" CovItemPrefix="com.Testing.BoardTest.java" Intrnl_Id="267">
<LocList>
<Loc EndOffset="3527" SrcFileId="3" StartOffset="3463"/>
</LocList>
</BasicStmnt>
</StmntSeq>
</Branch>
<Branch CovItemId="B18" CovItemPrefix="com.Testing.BoardTest.java" Implct="false" Intrnl_Id="268">
<Cond>
<Loc EndOffset="3542" SrcFileId="3" StartOffset="3538"/>
</Cond>
<LocList>
<Loc EndOffset="3689" SrcFileId="3" StartOffset="3542"/>
</LocList>
<StmntSeq Intrnl_Id="269">
<LocList>
<Loc EndOffset="3613" SrcFileId="3" StartOffset="3549"/>
<Loc EndOffset="3683" SrcFileId="3" StartOffset="3619"/>
</LocList>
<BasicStmnt CovItemId="S43" CovItemPrefix="com.Testing.BoardTest.java" Intrnl_Id="270">
<LocList>
<Loc EndOffset="3613" SrcFileId="3" StartOffset="3549"/>
</LocList>
</BasicStmnt>
<BasicStmnt CovItemId="S44" CovItemPrefix="com.Testing.BoardTest.java" Intrnl_Id="271">
<LocList>
<Loc EndOffset="3683" SrcFileId="3" StartOffset="3619"/>
</LocList>
</BasicStmnt>
</StmntSeq>
</Branch>
<Keyword EndOffset="3442" SrcFileId="3" StartOffset="3440"/>
<LocList>
<Loc EndOffset="3689" SrcFileId="3" StartOffset="3440"/>
</LocList>
<RootTerm CovItemId="C11" CovItemPrefix="com.Testing.BoardTest.java" Intrnl_Id="272">
<BasicBoolTerm Intrnl_Id="273">
<LocList>
<Loc EndOffset="3455" SrcFileId="3" StartOffset="3443"/>
</LocList>
</BasicBoolTerm>
</RootTerm>
</CondStmnt>
</StmntSeq>
</Branch>
<Keyword EndOffset="3339" SrcFileId="3" StartOffset="3337"/>
<LocList>
<Loc EndOffset="3689" SrcFileId="3" StartOffset="3337"/>
</LocList>
<RootTerm CovItemId="C10" CovItemPrefix="com.Testing.BoardTest.java" Intrnl_Id="274">
<BasicBoolTerm Intrnl_Id="275">
<LocList>
<Loc EndOffset="3352" SrcFileId="3" StartOffset="3340"/>
</LocList>
</BasicBoolTerm>
</RootTerm>
</CondStmnt>
</StmntSeq>
</Branch>
<Branch CovItemId="B14" CovItemPrefix="com.Testing.BoardTest.java" Implct="true" Intrnl_Id="276">
<Cond/>
<LocList/>
<StmntSeq Intrnl_Id="277">
<LocList/>
</StmntSeq>
</Branch>
<Keyword EndOffset="3279" SrcFileId="3" StartOffset="3277"/>
<LocList>
<Loc EndOffset="3694" SrcFileId="3" StartOffset="3277"/>
</LocList>
<RootTerm CovItemId="C9" CovItemPrefix="com.Testing.BoardTest.java" Intrnl_Id="278">
<OpTerm BooleanOpId="13" Intrnl_Id="279">
<BasicBoolTerm Intrnl_Id="280">
<LocList>
<Loc EndOffset="3303" SrcFileId="3" StartOffset="3280"/>
</LocList>
</BasicBoolTerm>
<BasicBoolTerm Intrnl_Id="281">
<LocList>
<Loc EndOffset="3330" SrcFileId="3" StartOffset="3307"/>
</LocList>
</BasicBoolTerm>
<LocList>
<Loc EndOffset="3306" SrcFileId="3" StartOffset="3304"/>
</LocList>
</OpTerm>
</RootTerm>
</CondStmnt>
<BasicStmnt CovItemId="S45" CovItemPrefix="com.Testing.BoardTest.java" Intrnl_Id="282">
<LocList>
<Loc EndOffset="3716" SrcFileId="3" StartOffset="3702"/>
</LocList>
</BasicStmnt>
</StmntSeq>
</HierarchyLvl>
<HierarchyLvl HierarchyLvlId="382" HierarchyLvlTypeId="17" Intrnl_Id="283" Name="testCheckMoveable">
<Header>
<Loc EndOffset="3807" SrcFileId="3" StartOffset="3727"/>
</Header>
<LocList>
<Loc EndOffset="4713" SrcFileId="3" StartOffset="3727"/>
</LocList>
<StmntSeq Intrnl_Id="284">
<LocList>
<Loc EndOffset="3963" SrcFileId="3" StartOffset="3896"/>
<Loc EndOffset="4055" SrcFileId="3" StartOffset="3971"/>
<Loc EndOffset="4126" SrcFileId="3" StartOffset="4063"/>
<Loc EndOffset="4218" SrcFileId="3" StartOffset="4134"/>
<Loc EndOffset="4281" SrcFileId="3" StartOffset="4226"/>
<Loc EndOffset="4373" SrcFileId="3" StartOffset="4289"/>
<Loc EndOffset="4435" SrcFileId="3" StartOffset="4381"/>
<Loc EndOffset="4526" SrcFileId="3" StartOffset="4443"/>
<Loc EndOffset="4597" SrcFileId="3" StartOffset="4534"/>
<Loc EndOffset="4688" SrcFileId="3" StartOffset="4605"/>
<Loc EndOffset="4709" SrcFileId="3" StartOffset="4696"/>
</LocList>
<BasicStmnt CovItemId="S46" CovItemPrefix="com.Testing.BoardTest.java" Intrnl_Id="285">
<LocList>
<Loc EndOffset="3963" SrcFileId="3" StartOffset="3896"/>
</LocList>
</BasicStmnt>
<BasicStmnt CovItemId="S47" CovItemPrefix="com.Testing.BoardTest.java" Intrnl_Id="286">
<LocList>
<Loc EndOffset="4055" SrcFileId="3" StartOffset="3971"/>
</LocList>
</BasicStmnt>
<BasicStmnt CovItemId="S48" CovItemPrefix="com.Testing.BoardTest.java" Intrnl_Id="287">
<LocList>
<Loc EndOffset="4126" SrcFileId="3" StartOffset="4063"/>
</LocList>
</BasicStmnt>
<BasicStmnt CovItemId="S49" CovItemPrefix="com.Testing.BoardTest.java" Intrnl_Id="288">
<LocList>
<Loc EndOffset="4218" SrcFileId="3" StartOffset="4134"/>
</LocList>
</BasicStmnt>
<BasicStmnt CovItemId="S50" CovItemPrefix="com.Testing.BoardTest.java" Intrnl_Id="289">
<LocList>
<Loc EndOffset="4281" SrcFileId="3" StartOffset="4226"/>
</LocList>
</BasicStmnt>
<BasicStmnt CovItemId="S51" CovItemPrefix="com.Testing.BoardTest.java" Intrnl_Id="290">
<LocList>
<Loc EndOffset="4373" SrcFileId="3" StartOffset="4289"/>
</LocList>
</BasicStmnt>
<BasicStmnt CovItemId="S52" CovItemPrefix="com.Testing.BoardTest.java" Intrnl_Id="291">
<LocList>
<Loc EndOffset="4435" SrcFileId="3" StartOffset="4381"/>
</LocList>
</BasicStmnt>
<BasicStmnt CovItemId="S53" CovItemPrefix="com.Testing.BoardTest.java" Intrnl_Id="292">
<LocList>
<Loc EndOffset="4526" SrcFileId="3" StartOffset="4443"/>
</LocList>
</BasicStmnt>
<BasicStmnt CovItemId="S54" CovItemPrefix="com.Testing.BoardTest.java" Intrnl_Id="293">
<LocList>
<Loc EndOffset="4597" SrcFileId="3" StartOffset="4534"/>
</LocList>
</BasicStmnt>
<BasicStmnt CovItemId="S55" CovItemPrefix="com.Testing.BoardTest.java" Intrnl_Id="294">
<LocList>
<Loc EndOffset="4688" SrcFileId="3" StartOffset="4605"/>
</LocList>
</BasicStmnt>
<BasicStmnt CovItemId="S56" CovItemPrefix="com.Testing.BoardTest.java" Intrnl_Id="295">
<LocList>
<Loc EndOffset="4709" SrcFileId="3" StartOffset="4696"/>
</LocList>
</BasicStmnt>
</StmntSeq>
</HierarchyLvl>
<HierarchyLvl HierarchyLvlId="383" HierarchyLvlTypeId="17" Intrnl_Id="296" Name="testCheckJumpDirection">
<Header>
<Loc EndOffset="4804" SrcFileId="3" StartOffset="4719"/>
</Header>
<LocList>
<Loc EndOffset="5651" SrcFileId="3" StartOffset="4719"/>
</LocList>
<StmntSeq Intrnl_Id="297">
<LocList>
<Loc EndOffset="4964" SrcFileId="3" StartOffset="4891"/>
<Loc EndOffset="5099" SrcFileId="3" StartOffset="4972"/>
<Loc EndOffset="5198" SrcFileId="3" StartOffset="5103"/>
<Loc EndOffset="5269" SrcFileId="3" StartOffset="5206"/>
<Loc EndOffset="5347" SrcFileId="3" StartOffset="5273"/>
<Loc EndOffset="5396" SrcFileId="3" StartOffset="5351"/>
<Loc EndOffset="5528" SrcFileId="3" StartOffset="5404"/>
<Loc EndOffset="5626" SrcFileId="3" StartOffset="5532"/>
<Loc EndOffset="5647" SrcFileId="3" StartOffset="5634"/>
</LocList>
<BasicStmnt CovItemId="S57" CovItemPrefix="com.Testing.BoardTest.java" Intrnl_Id="298">
<LocList>
<Loc EndOffset="4964" SrcFileId="3" StartOffset="4891"/>
</LocList>
</BasicStmnt>
<BasicStmnt CovItemId="S58" CovItemPrefix="com.Testing.BoardTest.java" Intrnl_Id="299">
<LocList>
<Loc EndOffset="5099" SrcFileId="3" StartOffset="4972"/>
</LocList>
</BasicStmnt>
<BasicStmnt CovItemId="S59" CovItemPrefix="com.Testing.BoardTest.java" Intrnl_Id="300">
<LocList>
<Loc EndOffset="5198" SrcFileId="3" StartOffset="5103"/>
</LocList>
</BasicStmnt>
<BasicStmnt CovItemId="S60" CovItemPrefix="com.Testing.BoardTest.java" Intrnl_Id="301">
<LocList>
<Loc EndOffset="5269" SrcFileId="3" StartOffset="5206"/>
</LocList>
</BasicStmnt>
<BasicStmnt CovItemId="S61" CovItemPrefix="com.Testing.BoardTest.java" Intrnl_Id="302">
<LocList>
<Loc EndOffset="5347" SrcFileId="3" StartOffset="5273"/>
</LocList>
</BasicStmnt>
<BasicStmnt CovItemId="S62" CovItemPrefix="com.Testing.BoardTest.java" Intrnl_Id="303">
<LocList>
<Loc EndOffset="5396" SrcFileId="3" StartOffset="5351"/>
</LocList>
</BasicStmnt>
<BasicStmnt CovItemId="S63" CovItemPrefix="com.Testing.BoardTest.java" Intrnl_Id="304">
<LocList>
<Loc EndOffset="5528" SrcFileId="3" StartOffset="5404"/>
</LocList>
</BasicStmnt>
<BasicStmnt CovItemId="S64" CovItemPrefix="com.Testing.BoardTest.java" Intrnl_Id="305">
<LocList>
<Loc EndOffset="5626" SrcFileId="3" StartOffset="5532"/>
</LocList>
</BasicStmnt>
<BasicStmnt CovItemId="S65" CovItemPrefix="com.Testing.BoardTest.java" Intrnl_Id="306">
<LocList>
<Loc EndOffset="5647" SrcFileId="3" StartOffset="5634"/>
</LocList>
</BasicStmnt>
</StmntSeq>
</HierarchyLvl>
<HierarchyLvl HierarchyLvlId="384" HierarchyLvlTypeId="17" Intrnl_Id="307" Name="testCheckAllegiance">
<Header>
<Loc EndOffset="5697" SrcFileId="3" StartOffset="5656"/>
</Header>
<LocList>
<Loc EndOffset="6298" SrcFileId="3" StartOffset="5656"/>
</LocList>
<StmntSeq Intrnl_Id="308">
<LocList>
<Loc EndOffset="5808" SrcFileId="3" StartOffset="5731"/>
<Loc EndOffset="5891" SrcFileId="3" StartOffset="5812"/>
<Loc EndOffset="6005" SrcFileId="3" StartOffset="5927"/>
<Loc EndOffset="6087" SrcFileId="3" StartOffset="6009"/>
<Loc EndOffset="6132" SrcFileId="3" StartOffset="6095"/>
<Loc EndOffset="6229" SrcFileId="3" StartOffset="6169"/>
<Loc EndOffset="6294" SrcFileId="3" StartOffset="6233"/>
</LocList>
<BasicStmnt CovItemId="S66" CovItemPrefix="com.Testing.BoardTest.java" Intrnl_Id="309">
<LocList>
<Loc EndOffset="5808" SrcFileId="3" StartOffset="5731"/>
</LocList>
</BasicStmnt>
<BasicStmnt CovItemId="S67" CovItemPrefix="com.Testing.BoardTest.java" Intrnl_Id="310">
<LocList>
<Loc EndOffset="5891" SrcFileId="3" StartOffset="5812"/>
</LocList>
</BasicStmnt>
<BasicStmnt CovItemId="S68" CovItemPrefix="com.Testing.BoardTest.java" Intrnl_Id="311">
<LocList>
<Loc EndOffset="6005" SrcFileId="3" StartOffset="5927"/>
</LocList>
</BasicStmnt>
<BasicStmnt CovItemId="S69" CovItemPrefix="com.Testing.BoardTest.java" Intrnl_Id="312">
<LocList>
<Loc EndOffset="6087" SrcFileId="3" StartOffset="6009"/>
</LocList>
</BasicStmnt>
<BasicStmnt CovItemId="S70" CovItemPrefix="com.Testing.BoardTest.java" Intrnl_Id="313">
<LocList>
<Loc EndOffset="6132" SrcFileId="3" StartOffset="6095"/>
</LocList>
</BasicStmnt>
<BasicStmnt CovItemId="S71" CovItemPrefix="com.Testing.BoardTest.java" Intrnl_Id="314">
<LocList>
<Loc EndOffset="6229" SrcFileId="3" StartOffset="6169"/>
</LocList>
</BasicStmnt>
<BasicStmnt CovItemId="S72" CovItemPrefix="com.Testing.BoardTest.java" Intrnl_Id="315">
<LocList>
<Loc EndOffset="6294" SrcFileId="3" StartOffset="6233"/>
</LocList>
</BasicStmnt>
</StmntSeq>
</HierarchyLvl>
</HierarchyLvl>
<HierarchyLvl HierarchyLvlId="391" HierarchyLvlTypeId="16" Intrnl_Id="316" Name="AnalyzeTest">
<Header>
<Loc EndOffset="288" SrcFileId="4" StartOffset="237"/>
</Header>
<LocList>
<Loc EndOffset="5113" SrcFileId="4" StartOffset="237"/>
</LocList>
<HierarchyLvl HierarchyLvlId="386" HierarchyLvlTypeId="17" Intrnl_Id="317" Name="AnalyzeTest">
<Header>
<Loc EndOffset="404" SrcFileId="4" StartOffset="343"/>
</Header>
<LocList>
<Loc EndOffset="538" SrcFileId="4" StartOffset="343"/>
</LocList>
<StmntSeq Intrnl_Id="318">
<LocList>
<Loc EndOffset="424" SrcFileId="4" StartOffset="416"/>
<Loc EndOffset="482" SrcFileId="4" StartOffset="434"/>
</LocList>
<BasicStmnt CovItemId="S1" CovItemPrefix="com.Testing.AnalyzeTest.java" Intrnl_Id="319">
<LocList>
<Loc EndOffset="424" SrcFileId="4" StartOffset="416"/>
</LocList>
</BasicStmnt>
<BasicStmnt CovItemId="S2" CovItemPrefix="com.Testing.AnalyzeTest.java" Intrnl_Id="320">
<LocList>
<Loc EndOffset="482" SrcFileId="4" StartOffset="434"/>
</LocList>
</BasicStmnt>
</StmntSeq>
</HierarchyLvl>
<HierarchyLvl HierarchyLvlId="387" HierarchyLvlTypeId="17" Intrnl_Id="321" Name="testGameHasEnded">
<Header>
<Loc EndOffset="634" SrcFileId="4" StartOffset="546"/>
</Header>
<LocList>
<Loc EndOffset="2355" SrcFileId="4" StartOffset="546"/>
</LocList>
<StmntSeq Intrnl_Id="322">
<LocList>
<Loc EndOffset="761" SrcFileId="4" StartOffset="710"/>
<Loc EndOffset="823" SrcFileId="4" StartOffset="771"/>
<Loc EndOffset="858" SrcFileId="4" StartOffset="835"/>
<Loc EndOffset="1012" SrcFileId="4" StartOffset="961"/>
<Loc EndOffset="1074" SrcFileId="4" StartOffset="1022"/>
<Loc EndOffset="1118" SrcFileId="4" StartOffset="1094"/>
<Loc EndOffset="1272" SrcFileId="4" StartOffset="1221"/>
<Loc EndOffset="1334" SrcFileId="4" StartOffset="1282"/>
<Loc EndOffset="1367" SrcFileId="4" StartOffset="1354"/>
<Loc EndOffset="1605" SrcFileId="4" StartOffset="1530"/>
<Loc EndOffset="1690" SrcFileId="4" StartOffset="1615"/>
<Loc EndOffset="1761" SrcFileId="4" StartOffset="1710"/>
<Loc EndOffset="1826" SrcFileId="4" StartOffset="1771"/>
<Loc EndOffset="1859" SrcFileId="4" StartOffset="1846"/>
<Loc EndOffset="2095" SrcFileId="4" StartOffset="2021"/>
<Loc EndOffset="2179" SrcFileId="4" StartOffset="2105"/>
<Loc EndOffset="2251" SrcFileId="4" StartOffset="2199"/>
<Loc EndOffset="2315" SrcFileId="4" StartOffset="2261"/>
<Loc EndOffset="2348" SrcFileId="4" StartOffset="2335"/>
</LocList>
<BasicStmnt CovItemId="S3" CovItemPrefix="com.Testing.AnalyzeTest.java" Intrnl_Id="323">
<LocList>
<Loc EndOffset="761" SrcFileId="4" StartOffset="710"/>
</LocList>
</BasicStmnt>
<BasicStmnt CovItemId="S4" CovItemPrefix="com.Testing.AnalyzeTest.java" Intrnl_Id="324">
<LocList>
<Loc EndOffset="823" SrcFileId="4" StartOffset="771"/>
</LocList>
</BasicStmnt>
<BasicStmnt CovItemId="S5" CovItemPrefix="com.Testing.AnalyzeTest.java" Intrnl_Id="325">
<LocList>
<Loc EndOffset="858" SrcFileId="4" StartOffset="835"/>
</LocList>
</BasicStmnt>
<BasicStmnt CovItemId="S6" CovItemPrefix="com.Testing.AnalyzeTest.java" Intrnl_Id="326">
<LocList>
<Loc EndOffset="1012" SrcFileId="4" StartOffset="961"/>
</LocList>
</BasicStmnt>
<BasicStmnt CovItemId="S7" CovItemPrefix="com.Testing.AnalyzeTest.java" Intrnl_Id="327">
<LocList>
<Loc EndOffset="1074" SrcFileId="4" StartOffset="1022"/>
</LocList>
</BasicStmnt>
<BasicStmnt CovItemId="S8" CovItemPrefix="com.Testing.AnalyzeTest.java" Intrnl_Id="328">
<LocList>
<Loc EndOffset="1118" SrcFileId="4" StartOffset="1094"/>
</LocList>
</BasicStmnt>
<BasicStmnt CovItemId="S9" CovItemPrefix="com.Testing.AnalyzeTest.java" Intrnl_Id="329">
<LocList>
<Loc EndOffset="1272" SrcFileId="4" StartOffset="1221"/>
</LocList>
</BasicStmnt>
<BasicStmnt CovItemId="S10" CovItemPrefix="com.Testing.AnalyzeTest.java" Intrnl_Id="330">
<LocList>
<Loc EndOffset="1334" SrcFileId="4" StartOffset="1282"/>
</LocList>
</BasicStmnt>
<BasicStmnt CovItemId="S11" CovItemPrefix="com.Testing.AnalyzeTest.java" Intrnl_Id="331">
<LocList>
<Loc EndOffset="1367" SrcFileId="4" StartOffset="1354"/>
</LocList>
</BasicStmnt>
<BasicStmnt CovItemId="S12" CovItemPrefix="com.Testing.AnalyzeTest.java" Intrnl_Id="332">
<LocList>
<Loc EndOffset="1605" SrcFileId="4" StartOffset="1530"/>
</LocList>
</BasicStmnt>
<BasicStmnt CovItemId="S13" CovItemPrefix="com.Testing.AnalyzeTest.java" Intrnl_Id="333">
<LocList>
<Loc EndOffset="1690" SrcFileId="4" StartOffset="1615"/>
</LocList>
</BasicStmnt>
<BasicStmnt CovItemId="S14" CovItemPrefix="com.Testing.AnalyzeTest.java" Intrnl_Id="334">
<LocList>
<Loc EndOffset="1761" SrcFileId="4" StartOffset="1710"/>
</LocList>
</BasicStmnt>
<BasicStmnt CovItemId="S15" CovItemPrefix="com.Testing.AnalyzeTest.java" Intrnl_Id="335">
<LocList>
<Loc EndOffset="1826" SrcFileId="4" StartOffset="1771"/>
</LocList>
</BasicStmnt>
<BasicStmnt CovItemId="S16" CovItemPrefix="com.Testing.AnalyzeTest.java" Intrnl_Id="336">
<LocList>
<Loc EndOffset="1859" SrcFileId="4" StartOffset="1846"/>
</LocList>
</BasicStmnt>
<BasicStmnt CovItemId="S17" CovItemPrefix="com.Testing.AnalyzeTest.java" Intrnl_Id="337">
<LocList>
<Loc EndOffset="2095" SrcFileId="4" StartOffset="2021"/>
</LocList>
</BasicStmnt>
<BasicStmnt CovItemId="S18" CovItemPrefix="com.Testing.AnalyzeTest.java" Intrnl_Id="338">
<LocList>
<Loc EndOffset="2179" SrcFileId="4" StartOffset="2105"/>
</LocList>
</BasicStmnt>
<BasicStmnt CovItemId="S19" CovItemPrefix="com.Testing.AnalyzeTest.java" Intrnl_Id="339">
<LocList>
<Loc EndOffset="2251" SrcFileId="4" StartOffset="2199"/>
</LocList>
</BasicStmnt>
<BasicStmnt CovItemId="S20" CovItemPrefix="com.Testing.AnalyzeTest.java" Intrnl_Id="340">
<LocList>
<Loc EndOffset="2315" SrcFileId="4" StartOffset="2261"/>
</LocList>
</BasicStmnt>
<BasicStmnt CovItemId="S21" CovItemPrefix="com.Testing.AnalyzeTest.java" Intrnl_Id="341">
<LocList>
<Loc EndOffset="2348" SrcFileId="4" StartOffset="2335"/>
</LocList>
</BasicStmnt>
</StmntSeq>
</HierarchyLvl>
<HierarchyLvl HierarchyLvlId="388" HierarchyLvlTypeId="17" Intrnl_Id="342" Name="testCheckForGameHasEnded">
<Header>
<Loc EndOffset="2475" SrcFileId="4" StartOffset="2379"/>
</Header>
<LocList>
<Loc EndOffset="3858" SrcFileId="4" StartOffset="2379"/>
</LocList>
<StmntSeq Intrnl_Id="343">
<LocList>
<Loc EndOffset="2613" SrcFileId="4" StartOffset="2558"/>
<Loc EndOffset="2679" SrcFileId="4" StartOffset="2623"/>
<Loc EndOffset="2722" SrcFileId="4" StartOffset="2699"/>
<Loc EndOffset="2796" SrcFileId="4" StartOffset="2742"/>
<Loc EndOffset="2861" SrcFileId="4" StartOffset="2806"/>
<Loc EndOffset="2905" SrcFileId="4" StartOffset="2881"/>
<Loc EndOffset="2979" SrcFileId="4" StartOffset="2925"/>
<Loc EndOffset="3044" SrcFileId="4" StartOffset="2989"/>
<Loc EndOffset="3077" SrcFileId="4" StartOffset="3064"/>
<Loc EndOffset="3207" SrcFileId="4" StartOffset="3133"/>
<Loc EndOffset="3291" SrcFileId="4" StartOffset="3217"/>
<Loc EndOffset="3365" SrcFileId="4" StartOffset="3311"/>
<Loc EndOffset="3431" SrcFileId="4" StartOffset="3375"/>
<Loc EndOffset="3464" SrcFileId="4" StartOffset="3451"/>
<Loc EndOffset="3594" SrcFileId="4" StartOffset="3520"/>
<Loc EndOffset="3678" SrcFileId="4" StartOffset="3604"/>
<Loc EndOffset="3753" SrcFileId="4" StartOffset="3698"/>
<Loc EndOffset="3818" SrcFileId="4" StartOffset="3763"/>
<Loc EndOffset="3851" SrcFileId="4" StartOffset="3838"/>
</LocList>
<BasicStmnt CovItemId="S22" CovItemPrefix="com.Testing.AnalyzeTest.java" Intrnl_Id="344">
<LocList>
<Loc EndOffset="2613" SrcFileId="4" StartOffset="2558"/>
</LocList>
</BasicStmnt>
<BasicStmnt CovItemId="S23" CovItemPrefix="com.Testing.AnalyzeTest.java" Intrnl_Id="345">
<LocList>
<Loc EndOffset="2679" SrcFileId="4" StartOffset="2623"/>
</LocList>
</BasicStmnt>
<BasicStmnt CovItemId="S24" CovItemPrefix="com.Testing.AnalyzeTest.java" Intrnl_Id="346">
<LocList>
<Loc EndOffset="2722" SrcFileId="4" StartOffset="2699"/>
</LocList>
</BasicStmnt>
<BasicStmnt CovItemId="S25" CovItemPrefix="com.Testing.AnalyzeTest.java" Intrnl_Id="347">
<LocList>
<Loc EndOffset="2796" SrcFileId="4" StartOffset="2742"/>
</LocList>
</BasicStmnt>
<BasicStmnt CovItemId="S26" CovItemPrefix="com.Testing.AnalyzeTest.java" Intrnl_Id="348">
<LocList>
<Loc EndOffset="2861" SrcFileId="4" StartOffset="2806"/>
</LocList>
</BasicStmnt>
<BasicStmnt CovItemId="S27" CovItemPrefix="com.Testing.AnalyzeTest.java" Intrnl_Id="349">
<LocList>
<Loc EndOffset="2905" SrcFileId="4" StartOffset="2881"/>
</LocList>
</BasicStmnt>
<BasicStmnt CovItemId="S28" CovItemPrefix="com.Testing.AnalyzeTest.java" Intrnl_Id="350">
<LocList>
<Loc EndOffset="2979" SrcFileId="4" StartOffset="2925"/>
</LocList>
</BasicStmnt>
<BasicStmnt CovItemId="S29" CovItemPrefix="com.Testing.AnalyzeTest.java" Intrnl_Id="351">
<LocList>
<Loc EndOffset="3044" SrcFileId="4" StartOffset="2989"/>
</LocList>
</BasicStmnt>
<BasicStmnt CovItemId="S30" CovItemPrefix="com.Testing.AnalyzeTest.java" Intrnl_Id="352">
<LocList>
<Loc EndOffset="3077" SrcFileId="4" StartOffset="3064"/>
</LocList>
</BasicStmnt>
<BasicStmnt CovItemId="S31" CovItemPrefix="com.Testing.AnalyzeTest.java" Intrnl_Id="353">
<LocList>
<Loc EndOffset="3207" SrcFileId="4" StartOffset="3133"/>
</LocList>
</BasicStmnt>
<BasicStmnt CovItemId="S32" CovItemPrefix="com.Testing.AnalyzeTest.java" Intrnl_Id="354">
<LocList>
<Loc EndOffset="3291" SrcFileId="4" StartOffset="3217"/>
</LocList>
</BasicStmnt>
<BasicStmnt CovItemId="S33" CovItemPrefix="com.Testing.AnalyzeTest.java" Intrnl_Id="355">
<LocList>
<Loc EndOffset="3365" SrcFileId="4" StartOffset="3311"/>
</LocList>
</BasicStmnt>
<BasicStmnt CovItemId="S34" CovItemPrefix="com.Testing.AnalyzeTest.java" Intrnl_Id="356">
<LocList>
<Loc EndOffset="3431" SrcFileId="4" StartOffset="3375"/>
</LocList>
</BasicStmnt>
<BasicStmnt CovItemId="S35" CovItemPrefix="com.Testing.AnalyzeTest.java" Intrnl_Id="357">
<LocList>
<Loc EndOffset="3464" SrcFileId="4" StartOffset="3451"/>
</LocList>
</BasicStmnt>
<BasicStmnt CovItemId="S36" CovItemPrefix="com.Testing.AnalyzeTest.java" Intrnl_Id="358">
<LocList>
<Loc EndOffset="3594" SrcFileId="4" StartOffset="3520"/>
</LocList>
</BasicStmnt>
<BasicStmnt CovItemId="S37" CovItemPrefix="com.Testing.AnalyzeTest.java" Intrnl_Id="359">
<LocList>
<Loc EndOffset="3678" SrcFileId="4" StartOffset="3604"/>
</LocList>
</BasicStmnt>
<BasicStmnt CovItemId="S38" CovItemPrefix="com.Testing.AnalyzeTest.java" Intrnl_Id="360">
<LocList>
<Loc EndOffset="3753" SrcFileId="4" StartOffset="3698"/>
</LocList>
</BasicStmnt>
<BasicStmnt CovItemId="S39" CovItemPrefix="com.Testing.AnalyzeTest.java" Intrnl_Id="361">
<LocList>
<Loc EndOffset="3818" SrcFileId="4" StartOffset="3763"/>
</LocList>
</BasicStmnt>
<BasicStmnt CovItemId="S40" CovItemPrefix="com.Testing.AnalyzeTest.java" Intrnl_Id="362">
<LocList>
<Loc EndOffset="3851" SrcFileId="4" StartOffset="3838"/>
</LocList>
</BasicStmnt>
</StmntSeq>
</HierarchyLvl>
<HierarchyLvl HierarchyLvlId="389" HierarchyLvlTypeId="17" Intrnl_Id="363" Name="testAnalyzeBoard">
<Header>
<Loc EndOffset="4044" SrcFileId="4" StartOffset="3870"/>
</Header>
<LocList>
<Loc EndOffset="4739" SrcFileId="4" StartOffset="3870"/>
</LocList>
<StmntSeq Intrnl_Id="364">
<LocList>
<Loc EndOffset="4085" SrcFileId="4" StartOffset="4055"/>
<Loc EndOffset="4205" SrcFileId="4" StartOffset="4163"/>
<Loc EndOffset="4341" SrcFileId="4" StartOffset="4266"/>
<Loc EndOffset="4425" SrcFileId="4" StartOffset="4351"/>
<Loc EndOffset="4563" SrcFileId="4" StartOffset="4533"/>
<Loc EndOffset="4653" SrcFileId="4" StartOffset="4514"/>
<Loc EndOffset="4699" SrcFileId="4" StartOffset="4673"/>
<Loc EndOffset="4732" SrcFileId="4" StartOffset="4719"/>
</LocList>
<BasicStmnt CovItemId="S41" CovItemPrefix="com.Testing.AnalyzeTest.java" Intrnl_Id="365">
<LocList>
<Loc EndOffset="4085" SrcFileId="4" StartOffset="4055"/>
</LocList>
</BasicStmnt>
<BasicStmnt CovItemId="S42" CovItemPrefix="com.Testing.AnalyzeTest.java" Intrnl_Id="366">
<LocList>
<Loc EndOffset="4205" SrcFileId="4" StartOffset="4163"/>
</LocList>
</BasicStmnt>
<BasicStmnt CovItemId="S43" CovItemPrefix="com.Testing.AnalyzeTest.java" Intrnl_Id="367">
<LocList>
<Loc EndOffset="4341" SrcFileId="4" StartOffset="4266"/>
</LocList>
</BasicStmnt>
<BasicStmnt CovItemId="S44" CovItemPrefix="com.Testing.AnalyzeTest.java" Intrnl_Id="368">
<LocList>
<Loc EndOffset="4425" SrcFileId="4" StartOffset="4351"/>
</LocList>
</BasicStmnt>
<BasicStmnt CovItemId="S46" CovItemPrefix="com.Testing.AnalyzeTest.java" Intrnl_Id="369">
<LocList>
<Loc EndOffset="4563" SrcFileId="4" StartOffset="4533"/>
</LocList>
</BasicStmnt>
<CondStmnt CovItemId="S45" CovItemPrefix="com.Testing.AnalyzeTest.java" Intrnl_Id="370">
<Branch CovItemId="B1" CovItemPrefix="com.Testing.AnalyzeTest.java" Implct="true" Intrnl_Id="371">
<Cond/>
<LocList/>
<StmntSeq Intrnl_Id="372">
<LocList/>
</StmntSeq>
</Branch>
<Branch CovItemId="B2" CovItemPrefix="com.Testing.AnalyzeTest.java" Implct="false" Intrnl_Id="373">
<Cond>
<Loc EndOffset="4605" SrcFileId="4" StartOffset="4584"/>
</Cond>
<LocList>
<Loc EndOffset="4653" SrcFileId="4" StartOffset="4606"/>
</LocList>
<StmntSeq Intrnl_Id="374">
<LocList>
<Loc EndOffset="4642" SrcFileId="4" StartOffset="4621"/>
</LocList>
<BasicStmnt CovItemId="S47" CovItemPrefix="com.Testing.AnalyzeTest.java" Intrnl_Id="375">
<LocList>
<Loc EndOffset="4642" SrcFileId="4" StartOffset="4621"/>
</LocList>
</BasicStmnt>
</StmntSeq>
</Branch>
<Keyword EndOffset="4517" SrcFileId="4" StartOffset="4514"/>
<LocList>
<Loc EndOffset="4653" SrcFileId="4" StartOffset="4514"/>
</LocList>
</CondStmnt>
<BasicStmnt CovItemId="S48" CovItemPrefix="com.Testing.AnalyzeTest.java" Intrnl_Id="376">
<LocList>
<Loc EndOffset="4699" SrcFileId="4" StartOffset="4673"/>
</LocList>
</BasicStmnt>
<BasicStmnt CovItemId="S49" CovItemPrefix="com.Testing.AnalyzeTest.java" Intrnl_Id="377">
<LocList>
<Loc EndOffset="4732" SrcFileId="4" StartOffset="4719"/>
</LocList>
</BasicStmnt>
</StmntSeq>
</HierarchyLvl>
<HierarchyLvl HierarchyLvlId="390" HierarchyLvlTypeId="17" Intrnl_Id="378" Name="testGetColor">
<Header>
<Loc EndOffset="4877" SrcFileId="4" StartOffset="4815"/>
</Header>
<LocList>
<Loc EndOffset="5110" SrcFileId="4" StartOffset="4815"/>
</LocList>
<StmntSeq Intrnl_Id="379">
<LocList>
<Loc EndOffset="4986" SrcFileId="4" StartOffset="4889"/>
<Loc EndOffset="5045" SrcFileId="4" StartOffset="4996"/>
<Loc EndOffset="5103" SrcFileId="4" StartOffset="5055"/>
</LocList>
<BasicStmnt CovItemId="S50" CovItemPrefix="com.Testing.AnalyzeTest.java" Intrnl_Id="380">
<LocList>
<Loc EndOffset="4986" SrcFileId="4" StartOffset="4889"/>
</LocList>
</BasicStmnt>
<BasicStmnt CovItemId="S51" CovItemPrefix="com.Testing.AnalyzeTest.java" Intrnl_Id="381">
<LocList>
<Loc EndOffset="5045" SrcFileId="4" StartOffset="4996"/>
</LocList>
</BasicStmnt>
<BasicStmnt CovItemId="S52" CovItemPrefix="com.Testing.AnalyzeTest.java" Intrnl_Id="382">
<LocList>
<Loc EndOffset="5103" SrcFileId="4" StartOffset="5055"/>
</LocList>
</BasicStmnt>
</StmntSeq>
</HierarchyLvl>
</HierarchyLvl>
</HierarchyLvl>
<HierarchyLvl HierarchyLvlId="480" HierarchyLvlTypeId="15" Intrnl_Id="383" Name="OriginalFiles">
<Header/>
<LocList/>
<HierarchyLvl HierarchyLvlId="399" HierarchyLvlTypeId="16" Intrnl_Id="384" Name="RemoteNXTFunctions">
<Header>
<Loc EndOffset="125" SrcFileId="5" StartOffset="94"/>
</Header>
<LocList>
<Loc EndOffset="1361" SrcFileId="5" StartOffset="94"/>
</LocList>
<HierarchyLvl HierarchyLvlId="392" HierarchyLvlTypeId="17" Intrnl_Id="385" Name="RemoteNXTFunctions">
<Header>
<Loc EndOffset="236" SrcFileId="5" StartOffset="168"/>
</Header>
<LocList>
<Loc EndOffset="287" SrcFileId="5" StartOffset="168"/>
</LocList>
<StmntSeq Intrnl_Id="386">
<LocList>
<Loc EndOffset="280" SrcFileId="5" StartOffset="248"/>
</LocList>
<BasicStmnt CovItemId="S1" CovItemPrefix="com.OriginalFiles.RemoteNXTFunctions.java" Intrnl_Id="387">
<LocList>
<Loc EndOffset="280" SrcFileId="5" StartOffset="248"/>
</LocList>
</BasicStmnt>
</StmntSeq>
</HierarchyLvl>
<HierarchyLvl HierarchyLvlId="393" HierarchyLvlTypeId="17" Intrnl_Id="388" Name="resetMotors">
<Header>
<Loc EndOffset="318" SrcFileId="5" StartOffset="293"/>
</Header>
<LocList>
<Loc EndOffset="381" SrcFileId="5" StartOffset="293"/>
</LocList>
</HierarchyLvl>
<HierarchyLvl HierarchyLvlId="394" HierarchyLvlTypeId="17" Intrnl_Id="389" Name="trashPieceOnField">
<Header>
<Loc EndOffset="431" SrcFileId="5" StartOffset="389"/>
</Header>
<LocList>
<Loc EndOffset="494" SrcFileId="5" StartOffset="389"/>
</LocList>
</HierarchyLvl>
<HierarchyLvl HierarchyLvlId="395" HierarchyLvlTypeId="17" Intrnl_Id="390" Name="doMove">
<Header>
<Loc EndOffset="531" SrcFileId="5" StartOffset="502"/>
</Header>
<LocList>
<Loc EndOffset="594" SrcFileId="5" StartOffset="502"/>
</LocList>
</HierarchyLvl>
<HierarchyLvl HierarchyLvlId="396" HierarchyLvlTypeId="17" Intrnl_Id="391" Name="waitForRedButton">
<Header>
<Loc EndOffset="632" SrcFileId="5" StartOffset="602"/>
</Header>
<LocList>
<Loc EndOffset="687" SrcFileId="5" StartOffset="602"/>
</LocList>
</HierarchyLvl>
<HierarchyLvl HierarchyLvlId="397" HierarchyLvlTypeId="17" Intrnl_Id="392" Name="initColorSensor">
<Header>
<Loc EndOffset="724" SrcFileId="5" StartOffset="695"/>
</Header>
<LocList>
<Loc EndOffset="779" SrcFileId="5" StartOffset="695"/>
</LocList>
</HierarchyLvl>
<HierarchyLvl HierarchyLvlId="398" HierarchyLvlTypeId="17" Intrnl_Id="393" Name="getColorOnField">
<Header>
<Loc EndOffset="835" SrcFileId="5" StartOffset="787"/>
</Header>
<LocList>
<Loc EndOffset="1356" SrcFileId="5" StartOffset="787"/>
</LocList>
<StmntSeq Intrnl_Id="394">
<LocList>
<Loc EndOffset="874" SrcFileId="5" StartOffset="847"/>
<Loc EndOffset="1323" SrcFileId="5" StartOffset="884"/>
<Loc EndOffset="1349" SrcFileId="5" StartOffset="1335"/>
</LocList>
<BasicStmnt CovItemId="S2" CovItemPrefix="com.OriginalFiles.RemoteNXTFunctions.java" Intrnl_Id="395">
<LocList>
<Loc EndOffset="874" SrcFileId="5" StartOffset="847"/>
</LocList>
</BasicStmnt>
<CondStmnt CovItemId="S3" CovItemPrefix="com.OriginalFiles.RemoteNXTFunctions.java" Intrnl_Id="396">
<Branch CovItemId="B1" CovItemPrefix="com.OriginalFiles.RemoteNXTFunctions.java" Implct="false" Intrnl_Id="397">
<Cond/>
<LocList>
<Loc EndOffset="961" SrcFileId="5" StartOffset="914"/>
</LocList>
<StmntSeq Intrnl_Id="398">
<LocList>
<Loc EndOffset="950" SrcFileId="5" StartOffset="929"/>
</LocList>
<BasicStmnt CovItemId="S4" CovItemPrefix="com.OriginalFiles.RemoteNXTFunctions.java" Intrnl_Id="399">
<LocList>
<Loc EndOffset="950" SrcFileId="5" StartOffset="929"/>
</LocList>
</BasicStmnt>
</StmntSeq>
</Branch>
<Branch CovItemId="B2" CovItemPrefix="com.OriginalFiles.RemoteNXTFunctions.java" Implct="false" Intrnl_Id="400">
<Cond>
<Loc EndOffset="966" SrcFileId="5" StartOffset="962"/>
</Cond>
<LocList>
<Loc EndOffset="1323" SrcFileId="5" StartOffset="967"/>
</LocList>
<StmntSeq Intrnl_Id="401">
<LocList>
<Loc EndOffset="1323" SrcFileId="5" StartOffset="967"/>
</LocList>
<CondStmnt CovItemId="S5" CovItemPrefix="com.OriginalFiles.RemoteNXTFunctions.java" Intrnl_Id="402">
<Branch CovItemId="B3" CovItemPrefix="com.OriginalFiles.RemoteNXTFunctions.java" Implct="false" Intrnl_Id="403">
<Cond/>
<LocList>
<Loc EndOffset="1036" SrcFileId="5" StartOffset="989"/>
</LocList>
<StmntSeq Intrnl_Id="404">
<LocList>
<Loc EndOffset="1025" SrcFileId="5" StartOffset="1004"/>
</LocList>
<BasicStmnt CovItemId="S6" CovItemPrefix="com.OriginalFiles.RemoteNXTFunctions.java" Intrnl_Id="405">
<LocList>
<Loc EndOffset="1025" SrcFileId="5" StartOffset="1004"/>
</LocList>
</BasicStmnt>
</StmntSeq>
</Branch>
<Branch CovItemId="B4" CovItemPrefix="com.OriginalFiles.RemoteNXTFunctions.java" Implct="false" Intrnl_Id="406">
<Cond>
<Loc EndOffset="1041" SrcFileId="5" StartOffset="1037"/>
</Cond>
<LocList>
<Loc EndOffset="1323" SrcFileId="5" StartOffset="1042"/>
</LocList>
<StmntSeq Intrnl_Id="407">
<LocList>
<Loc EndOffset="1323" SrcFileId="5" StartOffset="1042"/>
</LocList>
<CondStmnt CovItemId="S7" CovItemPrefix="com.OriginalFiles.RemoteNXTFunctions.java" Intrnl_Id="408">
<Branch CovItemId="B5" CovItemPrefix="com.OriginalFiles.RemoteNXTFunctions.java" Implct="false" Intrnl_Id="409">
<Cond/>
<LocList>
<Loc EndOffset="1111" SrcFileId="5" StartOffset="1064"/>
</LocList>
<StmntSeq Intrnl_Id="410">
<LocList>
<Loc EndOffset="1100" SrcFileId="5" StartOffset="1079"/>
</LocList>
<BasicStmnt CovItemId="S8" CovItemPrefix="com.OriginalFiles.RemoteNXTFunctions.java" Intrnl_Id="411">
<LocList>
<Loc EndOffset="1100" SrcFileId="5" StartOffset="1079"/>
</LocList>
</BasicStmnt>
</StmntSeq>
</Branch>
<Branch CovItemId="B6" CovItemPrefix="com.OriginalFiles.RemoteNXTFunctions.java" Implct="false" Intrnl_Id="412">
<Cond>
<Loc EndOffset="1116" SrcFileId="5" StartOffset="1112"/>
</Cond>
<LocList>
<Loc EndOffset="1323" SrcFileId="5" StartOffset="1117"/>
</LocList>
<StmntSeq Intrnl_Id="413">
<LocList>
<Loc EndOffset="1323" SrcFileId="5" StartOffset="1117"/>
</LocList>
<CondStmnt CovItemId="S9" CovItemPrefix="com.OriginalFiles.RemoteNXTFunctions.java" Intrnl_Id="414">
<Branch CovItemId="B7" CovItemPrefix="com.OriginalFiles.RemoteNXTFunctions.java" Implct="false" Intrnl_Id="415">
<Cond/>
<LocList>
<Loc EndOffset="1270" SrcFileId="5" StartOffset="1176"/>
</LocList>
<StmntSeq Intrnl_Id="416">
<LocList>
<Loc EndOffset="1259" SrcFileId="5" StartOffset="1190"/>
</LocList>
<BasicStmnt CovItemId="S10" CovItemPrefix="com.OriginalFiles.RemoteNXTFunctions.java" Intrnl_Id="417">
<LocList>
<Loc EndOffset="1259" SrcFileId="5" StartOffset="1190"/>
</LocList>
</BasicStmnt>
</StmntSeq>
</Branch>
<Branch CovItemId="B8" CovItemPrefix="com.OriginalFiles.RemoteNXTFunctions.java" Implct="false" Intrnl_Id="418">
<Cond>
<Loc EndOffset="1275" SrcFileId="5" StartOffset="1271"/>
</Cond>
<LocList>
<Loc EndOffset="1323" SrcFileId="5" StartOffset="1276"/>
</LocList>
<StmntSeq Intrnl_Id="419">
<LocList>
<Loc EndOffset="1312" SrcFileId="5" StartOffset="1291"/>
</LocList>
<BasicStmnt CovItemId="S11" CovItemPrefix="com.OriginalFiles.RemoteNXTFunctions.java" Intrnl_Id="420">
<LocList>
<Loc EndOffset="1312" SrcFileId="5" StartOffset="1291"/>
</LocList>
</BasicStmnt>
</StmntSeq>
</Branch>
<Keyword EndOffset="1119" SrcFileId="5" StartOffset="1117"/>
<LocList>
<Loc EndOffset="1323" SrcFileId="5" StartOffset="1117"/>
</LocList>
<RootTerm CovItemId="C4" CovItemPrefix="com.OriginalFiles.RemoteNXTFunctions.java" Intrnl_Id="421">
<BasicBoolTerm Intrnl_Id="422">
<LocList>
<Loc EndOffset="1174" SrcFileId="5" StartOffset="1121"/>
</LocList>
</BasicBoolTerm>
</RootTerm>
</CondStmnt>
</StmntSeq>
</Branch>
<Keyword EndOffset="1044" SrcFileId="5" StartOffset="1042"/>
<LocList>
<Loc EndOffset="1323" SrcFileId="5" StartOffset="1042"/>
</LocList>
<RootTerm CovItemId="C3" CovItemPrefix="com.OriginalFiles.RemoteNXTFunctions.java" Intrnl_Id="423">
<OpTerm BooleanOpId="13" Intrnl_Id="424">
<BasicBoolTerm Intrnl_Id="425">
<LocList>
<Loc EndOffset="1052" SrcFileId="5" StartOffset="1046"/>
</LocList>
</BasicBoolTerm>
<BasicBoolTerm Intrnl_Id="426">
<LocList>
<Loc EndOffset="1062" SrcFileId="5" StartOffset="1056"/>
</LocList>
</BasicBoolTerm>
<LocList>
<Loc EndOffset="1055" SrcFileId="5" StartOffset="1053"/>
</LocList>
</OpTerm>
</RootTerm>
</CondStmnt>
</StmntSeq>
</Branch>
<Keyword EndOffset="969" SrcFileId="5" StartOffset="967"/>
<LocList>
<Loc EndOffset="1323" SrcFileId="5" StartOffset="967"/>
</LocList>
<RootTerm CovItemId="C2" CovItemPrefix="com.OriginalFiles.RemoteNXTFunctions.java" Intrnl_Id="427">
<OpTerm BooleanOpId="13" Intrnl_Id="428">
<BasicBoolTerm Intrnl_Id="429">
<LocList>
<Loc EndOffset="977" SrcFileId="5" StartOffset="971"/>
</LocList>
</BasicBoolTerm>
<BasicBoolTerm Intrnl_Id="430">
<LocList>
<Loc EndOffset="987" SrcFileId="5" StartOffset="981"/>
</LocList>
</BasicBoolTerm>
<LocList>
<Loc EndOffset="980" SrcFileId="5" StartOffset="978"/>
</LocList>
</OpTerm>
</RootTerm>
</CondStmnt>
</StmntSeq>
</Branch>
<Keyword EndOffset="886" SrcFileId="5" StartOffset="884"/>
<LocList>
<Loc EndOffset="1323" SrcFileId="5" StartOffset="884"/>
</LocList>
<RootTerm CovItemId="C1" CovItemPrefix="com.OriginalFiles.RemoteNXTFunctions.java" Intrnl_Id="431">
<OpTerm BooleanOpId="13" Intrnl_Id="432">
<BasicBoolTerm Intrnl_Id="433">
<LocList>
<Loc EndOffset="893" SrcFileId="5" StartOffset="887"/>
</LocList>
</BasicBoolTerm>
<BasicBoolTerm Intrnl_Id="434">
<LocList>
<Loc EndOffset="903" SrcFileId="5" StartOffset="897"/>
</LocList>
</BasicBoolTerm>
<LocList>
<Loc EndOffset="896" SrcFileId="5" StartOffset="894"/>
</LocList>
</OpTerm>
</RootTerm>
</CondStmnt>
<BasicStmnt CovItemId="S12" CovItemPrefix="com.OriginalFiles.RemoteNXTFunctions.java" Intrnl_Id="435">
<LocList>
<Loc EndOffset="1349" SrcFileId="5" StartOffset="1335"/>
</LocList>
</BasicStmnt>
</StmntSeq>
</HierarchyLvl>
</HierarchyLvl>
<HierarchyLvl HierarchyLvlId="410" HierarchyLvlTypeId="16" Intrnl_Id="436" Name="Piece">
<Header>
<Loc EndOffset="48" SrcFileId="6" StartOffset="30"/>
</Header>
<LocList>
<Loc EndOffset="3411" SrcFileId="6" StartOffset="30"/>
</LocList>
<StmntSeq Intrnl_Id="437">
<LocList>
<Loc EndOffset="83" SrcFileId="6" StartOffset="56"/>
<Loc EndOffset="147" SrcFileId="6" StartOffset="113"/>
<Loc EndOffset="184" SrcFileId="6" StartOffset="153"/>
<Loc EndOffset="223" SrcFileId="6" StartOffset="190"/>
<Loc EndOffset="261" SrcFileId="6" StartOffset="229"/>
<Loc EndOffset="303" SrcFileId="6" StartOffset="267"/>
<Loc EndOffset="341" SrcFileId="6" StartOffset="309"/>
<Loc EndOffset="379" SrcFileId="6" StartOffset="347"/>
<Loc EndOffset="457" SrcFileId="6" StartOffset="421"/>
<Loc EndOffset="497" SrcFileId="6" StartOffset="463"/>
<Loc EndOffset="536" SrcFileId="6" StartOffset="503"/>
<Loc EndOffset="578" SrcFileId="6" StartOffset="542"/>
<Loc EndOffset="617" SrcFileId="6" StartOffset="584"/>
</LocList>
<BasicStmnt CovItemId="S1" CovItemPrefix="com.OriginalFiles.Piece.java" Intrnl_Id="438">
<LocList>
<Loc EndOffset="83" SrcFileId="6" StartOffset="56"/>
</LocList>
</BasicStmnt>
<BasicStmnt CovItemId="S2" CovItemPrefix="com.OriginalFiles.Piece.java" Intrnl_Id="439">
<LocList>
<Loc EndOffset="147" SrcFileId="6" StartOffset="113"/>
</LocList>
</BasicStmnt>
<BasicStmnt CovItemId="S3" CovItemPrefix="com.OriginalFiles.Piece.java" Intrnl_Id="440">
<LocList>
<Loc EndOffset="184" SrcFileId="6" StartOffset="153"/>
</LocList>
</BasicStmnt>
<BasicStmnt CovItemId="S4" CovItemPrefix="com.OriginalFiles.Piece.java" Intrnl_Id="441">
<LocList>
<Loc EndOffset="223" SrcFileId="6" StartOffset="190"/>
</LocList>
</BasicStmnt>
<BasicStmnt CovItemId="S5" CovItemPrefix="com.OriginalFiles.Piece.java" Intrnl_Id="442">
<LocList>
<Loc EndOffset="261" SrcFileId="6" StartOffset="229"/>
</LocList>
</BasicStmnt>
<BasicStmnt CovItemId="S6" CovItemPrefix="com.OriginalFiles.Piece.java" Intrnl_Id="443">
<LocList>
<Loc EndOffset="303" SrcFileId="6" StartOffset="267"/>
</LocList>
</BasicStmnt>
<BasicStmnt CovItemId="S7" CovItemPrefix="com.OriginalFiles.Piece.java" Intrnl_Id="444">
<LocList>
<Loc EndOffset="341" SrcFileId="6" StartOffset="309"/>
</LocList>
</BasicStmnt>
<BasicStmnt CovItemId="S8" CovItemPrefix="com.OriginalFiles.Piece.java" Intrnl_Id="445">
<LocList>
<Loc EndOffset="379" SrcFileId="6" StartOffset="347"/>
</LocList>
</BasicStmnt>
<BasicStmnt CovItemId="S9" CovItemPrefix="com.OriginalFiles.Piece.java" Intrnl_Id="446">
<LocList>
<Loc EndOffset="457" SrcFileId="6" StartOffset="421"/>
</LocList>
</BasicStmnt>
<BasicStmnt CovItemId="S10" CovItemPrefix="com.OriginalFiles.Piece.java" Intrnl_Id="447">
<LocList>
<Loc EndOffset="497" SrcFileId="6" StartOffset="463"/>
</LocList>
</BasicStmnt>
<BasicStmnt CovItemId="S11" CovItemPrefix="com.OriginalFiles.Piece.java" Intrnl_Id="448">
<LocList>
<Loc EndOffset="536" SrcFileId="6" StartOffset="503"/>
</LocList>
</BasicStmnt>
<BasicStmnt CovItemId="S12" CovItemPrefix="com.OriginalFiles.Piece.java" Intrnl_Id="449">
<LocList>
<Loc EndOffset="578" SrcFileId="6" StartOffset="542"/>
</LocList>
</BasicStmnt>
<BasicStmnt CovItemId="S13" CovItemPrefix="com.OriginalFiles.Piece.java" Intrnl_Id="450">
<LocList>
<Loc EndOffset="617" SrcFileId="6" StartOffset="584"/>
</LocList>
</BasicStmnt>
</StmntSeq>
<HierarchyLvl HierarchyLvlId="400" HierarchyLvlTypeId="17" Intrnl_Id="451" Name="Piece">
<Header>
<Loc EndOffset="650" SrcFileId="6" StartOffset="625"/>
</Header>
<LocList>
<Loc EndOffset="691" SrcFileId="6" StartOffset="625"/>
</LocList>
<StmntSeq Intrnl_Id="452">
<LocList>
<Loc EndOffset="684" SrcFileId="6" StartOffset="662"/>
</LocList>
<BasicStmnt CovItemId="S14" CovItemPrefix="com.OriginalFiles.Piece.java" Intrnl_Id="453">
<LocList>
<Loc EndOffset="684" SrcFileId="6" StartOffset="662"/>
</LocList>
</BasicStmnt>
</StmntSeq>
</HierarchyLvl>
<HierarchyLvl HierarchyLvlId="401" HierarchyLvlTypeId="17" Intrnl_Id="454" Name="getY">
<Header>
<Loc EndOffset="722" SrcFileId="6" StartOffset="699"/>
</Header>
<LocList>
<Loc EndOffset="750" SrcFileId="6" StartOffset="699"/>
</LocList>
<StmntSeq Intrnl_Id="455">
<LocList>
<Loc EndOffset="743" SrcFileId="6" StartOffset="734"/>
</LocList>
<BasicStmnt CovItemId="S15" CovItemPrefix="com.OriginalFiles.Piece.java" Intrnl_Id="456">
<LocList>
<Loc EndOffset="743" SrcFileId="6" StartOffset="734"/>
</LocList>
</BasicStmnt>
</StmntSeq>
</HierarchyLvl>
<HierarchyLvl HierarchyLvlId="402" HierarchyLvlTypeId="17" Intrnl_Id="457" Name="getX">
<Header>
<Loc EndOffset="781" SrcFileId="6" StartOffset="758"/>
</Header>
<LocList>
<Loc EndOffset="809" SrcFileId="6" StartOffset="758"/>
</LocList>
<StmntSeq Intrnl_Id="458">
<LocList>
<Loc EndOffset="802" SrcFileId="6" StartOffset="793"/>
</LocList>
<BasicStmnt CovItemId="S16" CovItemPrefix="com.OriginalFiles.Piece.java" Intrnl_Id="459">
<LocList>
<Loc EndOffset="802" SrcFileId="6" StartOffset="793"/>
</LocList>
</BasicStmnt>
</StmntSeq>
</HierarchyLvl>
<HierarchyLvl HierarchyLvlId="403" HierarchyLvlTypeId="17" Intrnl_Id="460" Name="setXY">
<Header>
<Loc EndOffset="864" SrcFileId="6" StartOffset="817"/>
</Header>
<LocList>
<Loc EndOffset="946" SrcFileId="6" StartOffset="817"/>
</LocList>
<StmntSeq Intrnl_Id="461">
<LocList>
<Loc EndOffset="887" SrcFileId="6" StartOffset="876"/>
<Loc EndOffset="908" SrcFileId="6" StartOffset="897"/>
<Loc EndOffset="939" SrcFileId="6" StartOffset="918"/>
</LocList>
<BasicStmnt CovItemId="S17" CovItemPrefix="com.OriginalFiles.Piece.java" Intrnl_Id="462">
<LocList>
<Loc EndOffset="887" SrcFileId="6" StartOffset="876"/>
</LocList>
</BasicStmnt>
<BasicStmnt CovItemId="S18" CovItemPrefix="com.OriginalFiles.Piece.java" Intrnl_Id="463">
<LocList>
<Loc EndOffset="908" SrcFileId="6" StartOffset="897"/>
</LocList>
</BasicStmnt>
<BasicStmnt CovItemId="S19" CovItemPrefix="com.OriginalFiles.Piece.java" Intrnl_Id="464">
<LocList>
<Loc EndOffset="939" SrcFileId="6" StartOffset="918"/>
</LocList>
</BasicStmnt>
</StmntSeq>
</HierarchyLvl>
<HierarchyLvl HierarchyLvlId="404" HierarchyLvlTypeId="17" Intrnl_Id="465" Name="isOnBoard">
<Header>
<Loc EndOffset="981" SrcFileId="6" StartOffset="954"/>
</Header>
<LocList>
<Loc EndOffset="1151" SrcFileId="6" StartOffset="954"/>
</LocList>
<StmntSeq Intrnl_Id="466">
<LocList>
<Loc EndOffset="1144" SrcFileId="6" StartOffset="993"/>
</LocList>
<CondStmnt CovItemId="S20" CovItemPrefix="com.OriginalFiles.Piece.java" Intrnl_Id="467">
<Branch CovItemId="B1" CovItemPrefix="com.OriginalFiles.Piece.java" Implct="false" Intrnl_Id="468">
<Cond/>
<LocList>
<Loc EndOffset="1068" SrcFileId="6" StartOffset="1030"/>
</LocList>
<StmntSeq Intrnl_Id="469">
<LocList>
<Loc EndOffset="1057" SrcFileId="6" StartOffset="1045"/>
</LocList>
<BasicStmnt CovItemId="S21" CovItemPrefix="com.OriginalFiles.Piece.java" Intrnl_Id="470">
<LocList>
<Loc EndOffset="1057" SrcFileId="6" StartOffset="1045"/>
</LocList>
</BasicStmnt>
</StmntSeq>
</Branch>
<Branch CovItemId="B2" CovItemPrefix="com.OriginalFiles.Piece.java" Implct="false" Intrnl_Id="471">
<Cond>
<Loc EndOffset="1073" SrcFileId="6" StartOffset="1069"/>
</Cond>
<LocList>
<Loc EndOffset="1144" SrcFileId="6" StartOffset="1074"/>
</LocList>
<StmntSeq Intrnl_Id="472">
<LocList>
<Loc EndOffset="1106" SrcFileId="6" StartOffset="1089"/>
<Loc EndOffset="1133" SrcFileId="6" StartOffset="1120"/>
</LocList>
<BasicStmnt CovItemId="S22" CovItemPrefix="com.OriginalFiles.Piece.java" Intrnl_Id="473">
<LocList>
<Loc EndOffset="1106" SrcFileId="6" StartOffset="1089"/>
</LocList>
</BasicStmnt>
<BasicStmnt CovItemId="S23" CovItemPrefix="com.OriginalFiles.Piece.java" Intrnl_Id="474">
<LocList>
<Loc EndOffset="1133" SrcFileId="6" StartOffset="1120"/>
</LocList>
</BasicStmnt>
</StmntSeq>
</Branch>
<Keyword EndOffset="995" SrcFileId="6" StartOffset="993"/>
<LocList>
<Loc EndOffset="1144" SrcFileId="6" StartOffset="993"/>
</LocList>
<RootTerm CovItemId="C1" CovItemPrefix="com.OriginalFiles.Piece.java" Intrnl_Id="475">
<BasicBoolTerm Intrnl_Id="476">
<LocList>
<Loc EndOffset="1028" SrcFileId="6" StartOffset="997"/>
</LocList>
</BasicBoolTerm>
</RootTerm>
</CondStmnt>
</StmntSeq>
</HierarchyLvl>
<HierarchyLvl HierarchyLvlId="405" HierarchyLvlTypeId="17" Intrnl_Id="477" Name="priceForPiece">
<Header>
<Loc EndOffset="1207" SrcFileId="6" StartOffset="1159"/>
</Header>
<LocList>
<Loc EndOffset="1373" SrcFileId="6" StartOffset="1159"/>
</LocList>
<StmntSeq Intrnl_Id="478">
<LocList>
<Loc EndOffset="1336" SrcFileId="6" StartOffset="1219"/>
<Loc EndOffset="1366" SrcFileId="6" StartOffset="1346"/>
</LocList>
<CondStmnt CovItemId="S24" CovItemPrefix="com.OriginalFiles.Piece.java" Intrnl_Id="479">
<Branch CovItemId="B3" CovItemPrefix="com.OriginalFiles.Piece.java" Implct="false" Intrnl_Id="480">
<Cond/>
<LocList>
<Loc EndOffset="1336" SrcFileId="6" StartOffset="1283"/>
</LocList>
<StmntSeq Intrnl_Id="481">
<LocList>
<Loc EndOffset="1325" SrcFileId="6" StartOffset="1302"/>
</LocList>
<BasicStmnt CovItemId="S25" CovItemPrefix="com.OriginalFiles.Piece.java" Intrnl_Id="482">
<LocList>
<Loc EndOffset="1325" SrcFileId="6" StartOffset="1302"/>
</LocList>
</BasicStmnt>
</StmntSeq>
</Branch>
<Branch CovItemId="B4" CovItemPrefix="com.OriginalFiles.Piece.java" Implct="true" Intrnl_Id="483">
<Cond/>
<LocList/>
<StmntSeq Intrnl_Id="484">
<LocList/>
</StmntSeq>
</Branch>
<Keyword EndOffset="1221" SrcFileId="6" StartOffset="1219"/>
<LocList>
<Loc EndOffset="1336" SrcFileId="6" StartOffset="1219"/>
</LocList>
<RootTerm CovItemId="C2" CovItemPrefix="com.OriginalFiles.Piece.java" Intrnl_Id="485">
<OpTerm BooleanOpId="14" Intrnl_Id="486">
<BasicBoolTerm Intrnl_Id="487">
<LocList>
<Loc EndOffset="1255" SrcFileId="6" StartOffset="1223"/>
</LocList>
</BasicBoolTerm>
<BasicBoolTerm Intrnl_Id="488">
<LocList>
<Loc EndOffset="1281" SrcFileId="6" StartOffset="1259"/>
</LocList>
</BasicBoolTerm>
<LocList>
<Loc EndOffset="1258" SrcFileId="6" StartOffset="1256"/>
</LocList>
</OpTerm>
</RootTerm>
</CondStmnt>
<BasicStmnt CovItemId="S26" CovItemPrefix="com.OriginalFiles.Piece.java" Intrnl_Id="489">
<LocList>
<Loc EndOffset="1366" SrcFileId="6" StartOffset="1346"/>
</LocList>
</BasicStmnt>
</StmntSeq>
</HierarchyLvl>
<HierarchyLvl HierarchyLvlId="406" HierarchyLvlTypeId="17" Intrnl_Id="490" Name="min">
<Header>
<Loc EndOffset="1410" SrcFileId="6" StartOffset="1381"/>
</Header>
<LocList>
<Loc EndOffset="1494" SrcFileId="6" StartOffset="1381"/>
</LocList>
<StmntSeq Intrnl_Id="491">
<LocList>
<Loc EndOffset="1468" SrcFileId="6" StartOffset="1422"/>
<Loc EndOffset="1487" SrcFileId="6" StartOffset="1478"/>
</LocList>
<CondStmnt CovItemId="S27" CovItemPrefix="com.OriginalFiles.Piece.java" Intrnl_Id="492">
<Branch CovItemId="B5" CovItemPrefix="com.OriginalFiles.Piece.java" Implct="false" Intrnl_Id="493">
<Cond/>
<LocList>
<Loc EndOffset="1468" SrcFileId="6" StartOffset="1433"/>
</LocList>
<StmntSeq Intrnl_Id="494">
<LocList>
<Loc EndOffset="1457" SrcFileId="6" StartOffset="1448"/>
</LocList>
<BasicStmnt CovItemId="S28" CovItemPrefix="com.OriginalFiles.Piece.java" Intrnl_Id="495">
<LocList>
<Loc EndOffset="1457" SrcFileId="6" StartOffset="1448"/>
</LocList>
</BasicStmnt>
</StmntSeq>
</Branch>
<Branch CovItemId="B6" CovItemPrefix="com.OriginalFiles.Piece.java" Implct="true" Intrnl_Id="496">
<Cond/>
<LocList/>
<StmntSeq Intrnl_Id="497">
<LocList/>
</StmntSeq>
</Branch>
<Keyword EndOffset="1424" SrcFileId="6" StartOffset="1422"/>
<LocList>
<Loc EndOffset="1468" SrcFileId="6" StartOffset="1422"/>
</LocList>
<RootTerm CovItemId="C3" CovItemPrefix="com.OriginalFiles.Piece.java" Intrnl_Id="498">
<BasicBoolTerm Intrnl_Id="499">
<LocList>
<Loc EndOffset="1431" SrcFileId="6" StartOffset="1426"/>
</LocList>
</BasicBoolTerm>
</RootTerm>
</CondStmnt>
<BasicStmnt CovItemId="S29" CovItemPrefix="com.OriginalFiles.Piece.java" Intrnl_Id="500">
<LocList>
<Loc EndOffset="1487" SrcFileId="6" StartOffset="1478"/>
</LocList>
</BasicStmnt>
</StmntSeq>
</HierarchyLvl>
<HierarchyLvl HierarchyLvlId="407" HierarchyLvlTypeId="17" Intrnl_Id="501" Name="updatePriceMidgame">
<Header>
<Loc EndOffset="1535" SrcFileId="6" StartOffset="1502"/>
</Header>
<LocList>
<Loc EndOffset="1577" SrcFileId="6" StartOffset="1502"/>
</LocList>
<StmntSeq Intrnl_Id="502">
<LocList>
<Loc EndOffset="1570" SrcFileId="6" StartOffset="1547"/>
</LocList>
<BasicStmnt CovItemId="S30" CovItemPrefix="com.OriginalFiles.Piece.java" Intrnl_Id="503">
<LocList>
<Loc EndOffset="1570" SrcFileId="6" StartOffset="1547"/>
</LocList>
</BasicStmnt>
</StmntSeq>
</HierarchyLvl>
<HierarchyLvl HierarchyLvlId="408" HierarchyLvlTypeId="17" Intrnl_Id="504" Name="updatePrice">
<Header>
<Loc EndOffset="1624" SrcFileId="6" StartOffset="1585"/>
</Header>
<LocList>
<Loc EndOffset="2616" SrcFileId="6" StartOffset="1585"/>
</LocList>
<StmntSeq Intrnl_Id="505">
<LocList>
<Loc EndOffset="2609" SrcFileId="6" StartOffset="1636"/>
</LocList>
<CondStmnt CovItemId="S31" CovItemPrefix="com.OriginalFiles.Piece.java" Intrnl_Id="506">
<Branch CovItemId="B7" CovItemPrefix="com.OriginalFiles.Piece.java" Implct="false" Intrnl_Id="507">
<Cond/>
<LocList>
<Loc EndOffset="2609" SrcFileId="6" StartOffset="1653"/>
</LocList>
<StmntSeq Intrnl_Id="508">
<LocList>
<Loc EndOffset="1700" SrcFileId="6" StartOffset="1668"/>
<Loc EndOffset="1745" SrcFileId="6" StartOffset="1714"/>
<Loc EndOffset="1913" SrcFileId="6" StartOffset="1759"/>
<Loc EndOffset="2032" SrcFileId="6" StartOffset="1927"/>
<Loc EndOffset="2469" SrcFileId="6" StartOffset="2048"/>
<Loc EndOffset="2557" SrcFileId="6" StartOffset="2483"/>
<Loc EndOffset="2598" SrcFileId="6" StartOffset="2571"/>
</LocList>
<BasicStmnt CovItemId="S32" CovItemPrefix="com.OriginalFiles.Piece.java" Intrnl_Id="509">
<LocList>
<Loc EndOffset="1700" SrcFileId="6" StartOffset="1668"/>
</LocList>
</BasicStmnt>
<BasicStmnt CovItemId="S33" CovItemPrefix="com.OriginalFiles.Piece.java" Intrnl_Id="510">
<LocList>
<Loc EndOffset="1745" SrcFileId="6" StartOffset="1714"/>
</LocList>
</BasicStmnt>
<CondStmnt CovItemId="S34" CovItemPrefix="com.OriginalFiles.Piece.java" Intrnl_Id="511">
<Branch CovItemId="B9" CovItemPrefix="com.OriginalFiles.Piece.java" Implct="false" Intrnl_Id="512">
<Cond/>
<LocList>
<Loc EndOffset="1913" SrcFileId="6" StartOffset="1787"/>
</LocList>
<StmntSeq Intrnl_Id="513">
<LocList>
<Loc EndOffset="1898" SrcFileId="6" StartOffset="1806"/>
</LocList>
<BasicStmnt CovItemId="S35" CovItemPrefix="com.OriginalFiles.Piece.java" Intrnl_Id="514">
<LocList>
<Loc EndOffset="1898" SrcFileId="6" StartOffset="1806"/>
</LocList>
</BasicStmnt>
</StmntSeq>
</Branch>
<Branch CovItemId="B10" CovItemPrefix="com.OriginalFiles.Piece.java" Implct="true" Intrnl_Id="515">
<Cond/>
<LocList/>
<StmntSeq Intrnl_Id="516">
<LocList/>
</StmntSeq>
</Branch>
<Keyword EndOffset="1761" SrcFileId="6" StartOffset="1759"/>
<LocList>
<Loc EndOffset="1913" SrcFileId="6" StartOffset="1759"/>
</LocList>
<RootTerm CovItemId="C5" CovItemPrefix="com.OriginalFiles.Piece.java" Intrnl_Id="517">
<BasicBoolTerm Intrnl_Id="518">
<LocList>
<Loc EndOffset="1785" SrcFileId="6" StartOffset="1763"/>
</LocList>
</BasicBoolTerm>
</RootTerm>
</CondStmnt>
<CondStmnt CovItemId="S36" CovItemPrefix="com.OriginalFiles.Piece.java" Intrnl_Id="519">
<Branch CovItemId="B11" CovItemPrefix="com.OriginalFiles.Piece.java" Implct="false" Intrnl_Id="520">
<Cond/>
<LocList>
<Loc EndOffset="2032" SrcFileId="6" StartOffset="1955"/>
</LocList>
<StmntSeq Intrnl_Id="521">
<LocList>
<Loc EndOffset="2017" SrcFileId="6" StartOffset="1974"/>
</LocList>
<BasicStmnt CovItemId="S37" CovItemPrefix="com.OriginalFiles.Piece.java" Intrnl_Id="522">
<LocList>
<Loc EndOffset="2017" SrcFileId="6" StartOffset="1974"/>
</LocList>
</BasicStmnt>
</StmntSeq>
</Branch>
<Branch CovItemId="B12" CovItemPrefix="com.OriginalFiles.Piece.java" Implct="true" Intrnl_Id="523">
<Cond/>
<LocList/>
<StmntSeq Intrnl_Id="524">
<LocList/>
</StmntSeq>
</Branch>
<Keyword EndOffset="1929" SrcFileId="6" StartOffset="1927"/>
<LocList>
<Loc EndOffset="2032" SrcFileId="6" StartOffset="1927"/>
</LocList>
<RootTerm CovItemId="C6" CovItemPrefix="com.OriginalFiles.Piece.java" Intrnl_Id="525">
<BasicBoolTerm Intrnl_Id="526">
<LocList>
<Loc EndOffset="1953" SrcFileId="6" StartOffset="1931"/>
</LocList>
</BasicBoolTerm>
</RootTerm>
</CondStmnt>
<CondStmnt CovItemId="S38" CovItemPrefix="com.OriginalFiles.Piece.java" Intrnl_Id="527">
<Branch CovItemId="B13" CovItemPrefix="com.OriginalFiles.Piece.java" Implct="false" Intrnl_Id="528">
<Cond/>
<LocList>
<Loc EndOffset="2469" SrcFileId="6" StartOffset="2281"/>
</LocList>
<StmntSeq Intrnl_Id="529">
<LocList>
<Loc EndOffset="2403" SrcFileId="6" StartOffset="2300"/>
<Loc EndOffset="2454" SrcFileId="6" StartOffset="2421"/>
</LocList>
<CondStmnt CovItemId="S39" CovItemPrefix="com.OriginalFiles.Piece.java" Intrnl_Id="530">
<Branch CovItemId="B15" CovItemPrefix="com.OriginalFiles.Piece.java" Implct="false" Intrnl_Id="531">
<Cond/>
<LocList>
<Loc EndOffset="2403" SrcFileId="6" StartOffset="2328"/>
</LocList>
<StmntSeq Intrnl_Id="532">
<LocList>
<Loc EndOffset="2384" SrcFileId="6" StartOffset="2351"/>
</LocList>
<BasicStmnt CovItemId="S40" CovItemPrefix="com.OriginalFiles.Piece.java" Intrnl_Id="533">
<LocList>
<Loc EndOffset="2384" SrcFileId="6" StartOffset="2351"/>
</LocList>
</BasicStmnt>
</StmntSeq>
</Branch>
<Branch CovItemId="B16" CovItemPrefix="com.OriginalFiles.Piece.java" Implct="true" Intrnl_Id="534">
<Cond/>
<LocList/>
<StmntSeq Intrnl_Id="535">
<LocList/>
</StmntSeq>
</Branch>
<Keyword EndOffset="2302" SrcFileId="6" StartOffset="2300"/>
<LocList>
<Loc EndOffset="2403" SrcFileId="6" StartOffset="2300"/>
</LocList>
<RootTerm CovItemId="C8" CovItemPrefix="com.OriginalFiles.Piece.java" Intrnl_Id="536">
<BasicBoolTerm Intrnl_Id="537">
<LocList>
<Loc EndOffset="2326" SrcFileId="6" StartOffset="2304"/>
</LocList>
</BasicBoolTerm>
</RootTerm>
</CondStmnt>
<BasicStmnt CovItemId="S41" CovItemPrefix="com.OriginalFiles.Piece.java" Intrnl_Id="538">
<LocList>
<Loc EndOffset="2454" SrcFileId="6" StartOffset="2421"/>
</LocList>
</BasicStmnt>
</StmntSeq>
</Branch>
<Branch CovItemId="B14" CovItemPrefix="com.OriginalFiles.Piece.java" Implct="true" Intrnl_Id="539">
<Cond/>
<LocList/>
<StmntSeq Intrnl_Id="540">
<LocList/>
</StmntSeq>
</Branch>
<Keyword EndOffset="2050" SrcFileId="6" StartOffset="2048"/>
<LocList>
<Loc EndOffset="2469" SrcFileId="6" StartOffset="2048"/>
</LocList>
<RootTerm CovItemId="C7" CovItemPrefix="com.OriginalFiles.Piece.java" Intrnl_Id="541">
<OpTerm BooleanOpId="13" Intrnl_Id="542">
<OpTerm BooleanOpId="12" Intrnl_Id="543">
<BasicBoolTerm Intrnl_Id="544">
<LocList>
<Loc EndOffset="2062" SrcFileId="6" StartOffset="2053"/>
</LocList>
</BasicBoolTerm>
<LocList>
<Loc EndOffset="2053" SrcFileId="6" StartOffset="2052"/>
</LocList>
</OpTerm>
<OpTerm BooleanOpId="14" Intrnl_Id="545">
<OpTerm BooleanOpId="13" Intrnl_Id="546">
<BasicBoolTerm Intrnl_Id="547">
<LocList>
<Loc EndOffset="2130" SrcFileId="6" StartOffset="2089"/>
</LocList>
</BasicBoolTerm>
<BasicBoolTerm Intrnl_Id="548">
<LocList>
<Loc EndOffset="2169" SrcFileId="6" StartOffset="2163"/>
</LocList>
</BasicBoolTerm>
<LocList>
<Loc EndOffset="2162" SrcFileId="6" StartOffset="2160"/>
</LocList>
</OpTerm>
<OpTerm BooleanOpId="13" Intrnl_Id="549">
<BasicBoolTerm Intrnl_Id="550">
<LocList>
<Loc EndOffset="2238" SrcFileId="6" StartOffset="2196"/>
</LocList>
</BasicBoolTerm>
<BasicBoolTerm Intrnl_Id="551">
<LocList>
<Loc EndOffset="2277" SrcFileId="6" StartOffset="2271"/>
</LocList>
</BasicBoolTerm>
<LocList>
<Loc EndOffset="2270" SrcFileId="6" StartOffset="2268"/>
</LocList>
</OpTerm>
<LocList>
<Loc EndOffset="2194" SrcFileId="6" StartOffset="2192"/>
</LocList>
</OpTerm>
<LocList>
<Loc EndOffset="2086" SrcFileId="6" StartOffset="2084"/>
</LocList>
</OpTerm>
</RootTerm>
</CondStmnt>
<CondStmnt CovItemId="S42" CovItemPrefix="com.OriginalFiles.Piece.java" Intrnl_Id="552">
<Branch CovItemId="B17" CovItemPrefix="com.OriginalFiles.Piece.java" Implct="false" Intrnl_Id="553">
<Cond/>
<LocList>
<Loc EndOffset="2557" SrcFileId="6" StartOffset="2498"/>
</LocList>
<StmntSeq Intrnl_Id="554">
<LocList>
<Loc EndOffset="2542" SrcFileId="6" StartOffset="2517"/>
</LocList>
<BasicStmnt CovItemId="S43" CovItemPrefix="com.OriginalFiles.Piece.java" Intrnl_Id="555">
<LocList>
<Loc EndOffset="2542" SrcFileId="6" StartOffset="2517"/>
</LocList>
</BasicStmnt>
</StmntSeq>
</Branch>
<Branch CovItemId="B18" CovItemPrefix="com.OriginalFiles.Piece.java" Implct="true" Intrnl_Id="556">
<Cond/>
<LocList/>
<StmntSeq Intrnl_Id="557">
<LocList/>
</StmntSeq>
</Branch>
<Keyword EndOffset="2485" SrcFileId="6" StartOffset="2483"/>
<LocList>
<Loc EndOffset="2557" SrcFileId="6" StartOffset="2483"/>
</LocList>
<RootTerm CovItemId="C9" CovItemPrefix="com.OriginalFiles.Piece.java" Intrnl_Id="558">
<BasicBoolTerm Intrnl_Id="559">
<LocList>
<Loc EndOffset="2496" SrcFileId="6" StartOffset="2487"/>
</LocList>
</BasicBoolTerm>
</RootTerm>
</CondStmnt>
<BasicStmnt CovItemId="S44" CovItemPrefix="com.OriginalFiles.Piece.java" Intrnl_Id="560">
<LocList>
<Loc EndOffset="2598" SrcFileId="6" StartOffset="2571"/>
</LocList>
</BasicStmnt>
</StmntSeq>
</Branch>
<Branch CovItemId="B8" CovItemPrefix="com.OriginalFiles.Piece.java" Implct="true" Intrnl_Id="561">
<Cond/>
<LocList/>
<StmntSeq Intrnl_Id="562">
<LocList/>
</StmntSeq>
</Branch>
<Keyword EndOffset="1638" SrcFileId="6" StartOffset="1636"/>
<LocList>
<Loc EndOffset="2609" SrcFileId="6" StartOffset="1636"/>
</LocList>
<RootTerm CovItemId="C4" CovItemPrefix="com.OriginalFiles.Piece.java" Intrnl_Id="563">
<BasicBoolTerm Intrnl_Id="564">
<LocList>
<Loc EndOffset="1651" SrcFileId="6" StartOffset="1640"/>
</LocList>
</BasicBoolTerm>
</RootTerm>
</CondStmnt>
</StmntSeq>
</HierarchyLvl>
<HierarchyLvl HierarchyLvlId="409" HierarchyLvlTypeId="17" Intrnl_Id="565" Name="closestPiece">
<Header>
<Loc EndOffset="2650" SrcFileId="6" StartOffset="2624"/>
</Header>
<LocList>
<Loc EndOffset="3408" SrcFileId="6" StartOffset="2624"/>
</LocList>
<StmntSeq Intrnl_Id="566">
<LocList>
<Loc EndOffset="2684" SrcFileId="6" StartOffset="2662"/>
<Loc EndOffset="2711" SrcFileId="6" StartOffset="2694"/>
<Loc EndOffset="3375" SrcFileId="6" StartOffset="2721"/>
<Loc EndOffset="3401" SrcFileId="6" StartOffset="3385"/>
</LocList>
<BasicStmnt CovItemId="S45" CovItemPrefix="com.OriginalFiles.Piece.java" Intrnl_Id="567">
<LocList>
<Loc EndOffset="2684" SrcFileId="6" StartOffset="2662"/>
</LocList>
</BasicStmnt>
<BasicStmnt CovItemId="S46" CovItemPrefix="com.OriginalFiles.Piece.java" Intrnl_Id="568">
<LocList>
<Loc EndOffset="2711" SrcFileId="6" StartOffset="2694"/>
</LocList>
</BasicStmnt>
<LoopStmnt CovItemId="S47" CovItemPrefix="com.OriginalFiles.Piece.java" Intrnl_Id="569" MltplExecId="L1-2" MltplExecPrefix="com.OriginalFiles.Piece.java" NvrExecId="L1-0" NvrExecPrefix="com.OriginalFiles.Piece.java" OnceExecutedId="L1-1" OnceExecutedPrefix="com.OriginalFiles.Piece.java" OptBodyExec="true">
<StmntSeq Intrnl_Id="570">
<LocList>
<Loc EndOffset="2781" SrcFileId="6" StartOffset="2767"/>
<Loc EndOffset="3364" SrcFileId="6" StartOffset="2795"/>
</LocList>
<BasicStmnt CovItemId="S48" CovItemPrefix="com.OriginalFiles.Piece.java" Intrnl_Id="571">
<LocList>
<Loc EndOffset="2781" SrcFileId="6" StartOffset="2767"/>
</LocList>
</BasicStmnt>
<LoopStmnt CovItemId="S49" CovItemPrefix="com.OriginalFiles.Piece.java" Intrnl_Id="572" MltplExecId="L2-2" MltplExecPrefix="com.OriginalFiles.Piece.java" NvrExecId="L2-0" NvrExecPrefix="com.OriginalFiles.Piece.java" OnceExecutedId="L2-1" OnceExecutedPrefix="com.OriginalFiles.Piece.java" OptBodyExec="true">
<StmntSeq Intrnl_Id="573">
<LocList>
<Loc EndOffset="3349" SrcFileId="6" StartOffset="2872"/>
</LocList>
<LoopStmnt CovItemId="S50" CovItemPrefix="com.OriginalFiles.Piece.java" Intrnl_Id="574" MltplExecId="L3-2" MltplExecPrefix="com.OriginalFiles.Piece.java" NvrExecId="L3-0" NvrExecPrefix="com.OriginalFiles.Piece.java" OnceExecutedId="L3-1" OnceExecutedPrefix="com.OriginalFiles.Piece.java" OptBodyExec="true">
<StmntSeq Intrnl_Id="575">
<LocList>
<Loc EndOffset="3330" SrcFileId="6" StartOffset="2942"/>
</LocList>
<CondStmnt CovItemId="S51" CovItemPrefix="com.OriginalFiles.Piece.java" Intrnl_Id="576">
<Branch CovItemId="B19" CovItemPrefix="com.OriginalFiles.Piece.java" Implct="false" Intrnl_Id="577">
<Cond/>
<LocList>
<Loc EndOffset="3330" SrcFileId="6" StartOffset="3017"/>
</LocList>
<StmntSeq Intrnl_Id="578">
<LocList>
<Loc EndOffset="3307" SrcFileId="6" StartOffset="3044"/>
</LocList>
<CondStmnt CovItemId="S52" CovItemPrefix="com.OriginalFiles.Piece.java" Intrnl_Id="579">
<Branch CovItemId="B21" CovItemPrefix="com.OriginalFiles.Piece.java" Implct="false" Intrnl_Id="580">
<Cond/>
<LocList>
<Loc EndOffset="3307" SrcFileId="6" StartOffset="3190"/>
</LocList>
<StmntSeq Intrnl_Id="581">
<LocList>
<Loc EndOffset="3234" SrcFileId="6" StartOffset="3221"/>
<Loc EndOffset="3280" SrcFileId="6" StartOffset="3264"/>
</LocList>
<BasicStmnt CovItemId="S53" CovItemPrefix="com.OriginalFiles.Piece.java" Intrnl_Id="582">
<LocList>
<Loc EndOffset="3234" SrcFileId="6" StartOffset="3221"/>
</LocList>
</BasicStmnt>
<BasicStmnt CovItemId="S54" CovItemPrefix="com.OriginalFiles.Piece.java" Intrnl_Id="583">
<LocList>
<Loc EndOffset="3280" SrcFileId="6" StartOffset="3264"/>
</LocList>
</BasicStmnt>
</StmntSeq>
</Branch>
<Branch CovItemId="B22" CovItemPrefix="com.OriginalFiles.Piece.java" Implct="true" Intrnl_Id="584">
<Cond/>
<LocList/>
<StmntSeq Intrnl_Id="585">
<LocList/>
</StmntSeq>
</Branch>
<Keyword EndOffset="3046" SrcFileId="6" StartOffset="3044"/>
<LocList>
<Loc EndOffset="3307" SrcFileId="6" StartOffset="3044"/>
</LocList>
<RootTerm CovItemId="C14" CovItemPrefix="com.OriginalFiles.Piece.java" Intrnl_Id="586">
<BasicBoolTerm Intrnl_Id="587">
<LocList>
<Loc EndOffset="3188" SrcFileId="6" StartOffset="3048"/>
</LocList>
</BasicBoolTerm>
</RootTerm>
</CondStmnt>
</StmntSeq>
</Branch>
<Branch CovItemId="B20" CovItemPrefix="com.OriginalFiles.Piece.java" Implct="true" Intrnl_Id="588">
<Cond/>
<LocList/>
<StmntSeq Intrnl_Id="589">
<LocList/>
</StmntSeq>
</Branch>
<Keyword EndOffset="2944" SrcFileId="6" StartOffset="2942"/>
<LocList>
<Loc EndOffset="3330" SrcFileId="6" StartOffset="2942"/>
</LocList>
<RootTerm CovItemId="C13" CovItemPrefix="com.OriginalFiles.Piece.java" Intrnl_Id="590">
<BasicBoolTerm Intrnl_Id="591">
<LocList>
<Loc EndOffset="3015" SrcFileId="6" StartOffset="2946"/>
</LocList>
</BasicBoolTerm>
</RootTerm>
</CondStmnt>
</StmntSeq>
<Keyword EndOffset="2875" SrcFileId="6" StartOffset="2872"/>
<LocList>
<Loc EndOffset="3349" SrcFileId="6" StartOffset="2872"/>
</LocList>
<RootTerm CovItemId="C12" CovItemPrefix="com.OriginalFiles.Piece.java" Intrnl_Id="592">
<BasicBoolTerm Intrnl_Id="593">
<LocList>
<Loc EndOffset="2912" SrcFileId="6" StartOffset="2896"/>
</LocList>
</BasicBoolTerm>
</RootTerm>
</LoopStmnt>
</StmntSeq>
<Keyword EndOffset="2809" SrcFileId="6" StartOffset="2806"/>
<LocList>
<Loc EndOffset="3364" SrcFileId="6" StartOffset="2795"/>
</LocList>
<RootTerm CovItemId="C11" CovItemPrefix="com.OriginalFiles.Piece.java" Intrnl_Id="594">
<BasicBoolTerm Intrnl_Id="595">
<LocList>
<Loc EndOffset="2846" SrcFileId="6" StartOffset="2830"/>
</LocList>
</BasicBoolTerm>
</RootTerm>
</LoopStmnt>
</StmntSeq>
<Keyword EndOffset="2726" SrcFileId="6" StartOffset="2721"/>
<LocList>
<Loc EndOffset="3375" SrcFileId="6" StartOffset="2721"/>
</LocList>
<RootTerm CovItemId="C10" CovItemPrefix="com.OriginalFiles.Piece.java" Intrnl_Id="596">
<OpTerm BooleanOpId="13" Intrnl_Id="597">
<OpTerm BooleanOpId="12" Intrnl_Id="598">
<BasicBoolTerm Intrnl_Id="599">
<LocList>
<Loc EndOffset="2734" SrcFileId="6" StartOffset="2729"/>
</LocList>
</BasicBoolTerm>
<LocList>
<Loc EndOffset="2729" SrcFileId="6" StartOffset="2728"/>
</LocList>
</OpTerm>
<BasicBoolTerm Intrnl_Id="600">
<LocList>
<Loc EndOffset="2750" SrcFileId="6" StartOffset="2738"/>
</LocList>
</BasicBoolTerm>
<LocList>
<Loc EndOffset="2737" SrcFileId="6" StartOffset="2735"/>
</LocList>
</OpTerm>
</RootTerm>
</LoopStmnt>
<BasicStmnt CovItemId="S55" CovItemPrefix="com.OriginalFiles.Piece.java" Intrnl_Id="601">
<LocList>
<Loc EndOffset="3401" SrcFileId="6" StartOffset="3385"/>
</LocList>
</BasicStmnt>
</StmntSeq>
</HierarchyLvl>
</HierarchyLvl>
<HierarchyLvl HierarchyLvlId="416" HierarchyLvlTypeId="16" Intrnl_Id="602" Name="Move">
<Header>
<Loc EndOffset="102" SrcFileId="7" StartOffset="85"/>
</Header>
<LocList>
<Loc EndOffset="1195" SrcFileId="7" StartOffset="85"/>
</LocList>
<StmntSeq Intrnl_Id="603">
<LocList>
<Loc EndOffset="227" SrcFileId="7" StartOffset="171"/>
<Loc EndOffset="270" SrcFileId="7" StartOffset="233"/>
</LocList>
<BasicStmnt CovItemId="S1" CovItemPrefix="com.OriginalFiles.Move.java" Intrnl_Id="604">
<LocList>
<Loc EndOffset="227" SrcFileId="7" StartOffset="171"/>
</LocList>
</BasicStmnt>
<BasicStmnt CovItemId="S2" CovItemPrefix="com.OriginalFiles.Move.java" Intrnl_Id="605">
<LocList>
<Loc EndOffset="270" SrcFileId="7" StartOffset="233"/>
</LocList>
</BasicStmnt>
</StmntSeq>
<HierarchyLvl HierarchyLvlId="411" HierarchyLvlTypeId="17" Intrnl_Id="606" Name="Move">
<Header>
<Loc EndOffset="336" SrcFileId="7" StartOffset="278"/>
</Header>
<LocList>
<Loc EndOffset="544" SrcFileId="7" StartOffset="278"/>
</LocList>
<StmntSeq Intrnl_Id="607">
<LocList>
<Loc EndOffset="396" SrcFileId="7" StartOffset="348"/>
<Loc EndOffset="431" SrcFileId="7" StartOffset="406"/>
<Loc EndOffset="464" SrcFileId="7" StartOffset="441"/>
<Loc EndOffset="498" SrcFileId="7" StartOffset="474"/>
<Loc EndOffset="537" SrcFileId="7" StartOffset="508"/>
</LocList>
<BasicStmnt CovItemId="S3" CovItemPrefix="com.OriginalFiles.Move.java" Intrnl_Id="608">
<LocList>
<Loc EndOffset="396" SrcFileId="7" StartOffset="348"/>
</LocList>
</BasicStmnt>
<BasicStmnt CovItemId="S4" CovItemPrefix="com.OriginalFiles.Move.java" Intrnl_Id="609">
<LocList>
<Loc EndOffset="431" SrcFileId="7" StartOffset="406"/>
</LocList>
</BasicStmnt>
<BasicStmnt CovItemId="S5" CovItemPrefix="com.OriginalFiles.Move.java" Intrnl_Id="610">
<LocList>
<Loc EndOffset="464" SrcFileId="7" StartOffset="441"/>
</LocList>
</BasicStmnt>
<BasicStmnt CovItemId="S6" CovItemPrefix="com.OriginalFiles.Move.java" Intrnl_Id="611">
<LocList>
<Loc EndOffset="498" SrcFileId="7" StartOffset="474"/>
</LocList>
</BasicStmnt>
<BasicStmnt CovItemId="S7" CovItemPrefix="com.OriginalFiles.Move.java" Intrnl_Id="612">
<LocList>
<Loc EndOffset="537" SrcFileId="7" StartOffset="508"/>
</LocList>
</BasicStmnt>
</StmntSeq>
</HierarchyLvl>
<HierarchyLvl HierarchyLvlId="412" HierarchyLvlTypeId="17" Intrnl_Id="613" Name="Move">
<Header>
<Loc EndOffset="604" SrcFileId="7" StartOffset="552"/>
</Header>
<LocList>
<Loc EndOffset="686" SrcFileId="7" StartOffset="552"/>
</LocList>
<StmntSeq Intrnl_Id="614">
<LocList>
<Loc EndOffset="640" SrcFileId="7" StartOffset="616"/>
<Loc EndOffset="679" SrcFileId="7" StartOffset="650"/>
</LocList>
<BasicStmnt CovItemId="S8" CovItemPrefix="com.OriginalFiles.Move.java" Intrnl_Id="615">
<LocList>
<Loc EndOffset="640" SrcFileId="7" StartOffset="616"/>
</LocList>
</BasicStmnt>
<BasicStmnt CovItemId="S9" CovItemPrefix="com.OriginalFiles.Move.java" Intrnl_Id="616">
<LocList>
<Loc EndOffset="679" SrcFileId="7" StartOffset="650"/>
</LocList>
</BasicStmnt>
</StmntSeq>
</HierarchyLvl>
<HierarchyLvl HierarchyLvlId="413" HierarchyLvlTypeId="17" Intrnl_Id="617" Name="Move">
<Header>
<Loc EndOffset="707" SrcFileId="7" StartOffset="694"/>
</Header>
<LocList>
<Loc EndOffset="808" SrcFileId="7" StartOffset="694"/>
</LocList>
<StmntSeq Intrnl_Id="618">
<LocList>
<Loc EndOffset="767" SrcFileId="7" StartOffset="719"/>
<Loc EndOffset="801" SrcFileId="7" StartOffset="777"/>
</LocList>
<BasicStmnt CovItemId="S10" CovItemPrefix="com.OriginalFiles.Move.java" Intrnl_Id="619">
<LocList>
<Loc EndOffset="767" SrcFileId="7" StartOffset="719"/>
</LocList>
</BasicStmnt>
<BasicStmnt CovItemId="S11" CovItemPrefix="com.OriginalFiles.Move.java" Intrnl_Id="620">
<LocList>
<Loc EndOffset="801" SrcFileId="7" StartOffset="777"/>
</LocList>
</BasicStmnt>
</StmntSeq>
</HierarchyLvl>
<HierarchyLvl HierarchyLvlId="414" HierarchyLvlTypeId="17" Intrnl_Id="621" Name="isJump">
<Header>
<Loc EndOffset="845" SrcFileId="7" StartOffset="816"/>
</Header>
<LocList>
<Loc EndOffset="1107" SrcFileId="7" StartOffset="816"/>
</LocList>
<StmntSeq Intrnl_Id="622">
<LocList>
<Loc EndOffset="1100" SrcFileId="7" StartOffset="857"/>
</LocList>
<CondStmnt CovItemId="S12" CovItemPrefix="com.OriginalFiles.Move.java" Intrnl_Id="623">
<Branch CovItemId="B1" CovItemPrefix="com.OriginalFiles.Move.java" Implct="false" Intrnl_Id="624">
<Cond/>
<LocList>
<Loc EndOffset="1055" SrcFileId="7" StartOffset="880"/>
</LocList>
<StmntSeq Intrnl_Id="625">
<LocList>
<Loc EndOffset="919" SrcFileId="7" StartOffset="895"/>
<Loc EndOffset="960" SrcFileId="7" StartOffset="933"/>
<Loc EndOffset="1044" SrcFileId="7" StartOffset="976"/>
</LocList>
<BasicStmnt CovItemId="S13" CovItemPrefix="com.OriginalFiles.Move.java" Intrnl_Id="626">
<LocList>
<Loc EndOffset="919" SrcFileId="7" StartOffset="895"/>
</LocList>
</BasicStmnt>
<BasicStmnt CovItemId="S14" CovItemPrefix="com.OriginalFiles.Move.java" Intrnl_Id="627">
<LocList>
<Loc EndOffset="960" SrcFileId="7" StartOffset="933"/>
</LocList>
</BasicStmnt>
<BasicStmnt CovItemId="S15" CovItemPrefix="com.OriginalFiles.Move.java" Intrnl_Id="628">
<LocList>
<Loc EndOffset="1044" SrcFileId="7" StartOffset="976"/>
</LocList>
</BasicStmnt>
</StmntSeq>
</Branch>
<Branch CovItemId="B2" CovItemPrefix="com.OriginalFiles.Move.java" Implct="false" Intrnl_Id="629">
<Cond>
<Loc EndOffset="1060" SrcFileId="7" StartOffset="1056"/>
</Cond>
<LocList>
<Loc EndOffset="1100" SrcFileId="7" StartOffset="1061"/>
</LocList>
<StmntSeq Intrnl_Id="630">
<LocList>
<Loc EndOffset="1089" SrcFileId="7" StartOffset="1076"/>
</LocList>
<BasicStmnt CovItemId="S16" CovItemPrefix="com.OriginalFiles.Move.java" Intrnl_Id="631">
<LocList>
<Loc EndOffset="1089" SrcFileId="7" StartOffset="1076"/>
</LocList>
</BasicStmnt>
</StmntSeq>
</Branch>
<Keyword EndOffset="859" SrcFileId="7" StartOffset="857"/>
<LocList>
<Loc EndOffset="1100" SrcFileId="7" StartOffset="857"/>
</LocList>
<RootTerm CovItemId="C1" CovItemPrefix="com.OriginalFiles.Move.java" Intrnl_Id="632">
<BasicBoolTerm Intrnl_Id="633">
<LocList>
<Loc EndOffset="878" SrcFileId="7" StartOffset="861"/>
</LocList>
</BasicBoolTerm>
</RootTerm>
</CondStmnt>
</StmntSeq>
</HierarchyLvl>
<HierarchyLvl HierarchyLvlId="415" HierarchyLvlTypeId="17" Intrnl_Id="634" Name="addStep">
<Header>
<Loc EndOffset="1152" SrcFileId="7" StartOffset="1115"/>
</Header>
<LocList>
<Loc EndOffset="1192" SrcFileId="7" StartOffset="1115"/>
</LocList>
<StmntSeq Intrnl_Id="635">
<LocList>
<Loc EndOffset="1185" SrcFileId="7" StartOffset="1164"/>
</LocList>
<BasicStmnt CovItemId="S17" CovItemPrefix="com.OriginalFiles.Move.java" Intrnl_Id="636">
<LocList>
<Loc EndOffset="1185" SrcFileId="7" StartOffset="1164"/>
</LocList>
</BasicStmnt>
</StmntSeq>
</HierarchyLvl>
</HierarchyLvl>
<HierarchyLvl HierarchyLvlId="424" HierarchyLvlTypeId="16" Intrnl_Id="637" Name="Field">
<Header>
<Loc EndOffset="48" SrcFileId="8" StartOffset="30"/>
</Header>
<LocList>
<Loc EndOffset="1380" SrcFileId="8" StartOffset="30"/>
</LocList>
<StmntSeq Intrnl_Id="638">
<LocList>
<Loc EndOffset="202" SrcFileId="8" StartOffset="171"/>
<Loc EndOffset="280" SrcFileId="8" StartOffset="246"/>
</LocList>
<BasicStmnt CovItemId="S1" CovItemPrefix="com.OriginalFiles.Field.java" Intrnl_Id="639">
<LocList>
<Loc EndOffset="202" SrcFileId="8" StartOffset="171"/>
</LocList>
</BasicStmnt>
<BasicStmnt CovItemId="S2" CovItemPrefix="com.OriginalFiles.Field.java" Intrnl_Id="640">
<LocList>
<Loc EndOffset="280" SrcFileId="8" StartOffset="246"/>
</LocList>
</BasicStmnt>
</StmntSeq>
<HierarchyLvl HierarchyLvlId="417" HierarchyLvlTypeId="17" Intrnl_Id="641" Name="Field">
<Header>
<Loc EndOffset="300" SrcFileId="8" StartOffset="286"/>
</Header>
<LocList>
<Loc EndOffset="304" SrcFileId="8" StartOffset="286"/>
</LocList>
</HierarchyLvl>
<HierarchyLvl HierarchyLvlId="418" HierarchyLvlTypeId="17" Intrnl_Id="642" Name="Field">
<Header>
<Loc EndOffset="347" SrcFileId="8" StartOffset="311"/>
</Header>
<LocList>
<Loc EndOffset="398" SrcFileId="8" StartOffset="311"/>
</LocList>
<StmntSeq Intrnl_Id="643">
<LocList>
<Loc EndOffset="370" SrcFileId="8" StartOffset="359"/>
<Loc EndOffset="391" SrcFileId="8" StartOffset="380"/>
</LocList>
<BasicStmnt CovItemId="S3" CovItemPrefix="com.OriginalFiles.Field.java" Intrnl_Id="644">
<LocList>
<Loc EndOffset="370" SrcFileId="8" StartOffset="359"/>
</LocList>
</BasicStmnt>
<BasicStmnt CovItemId="S4" CovItemPrefix="com.OriginalFiles.Field.java" Intrnl_Id="645">
<LocList>
<Loc EndOffset="391" SrcFileId="8" StartOffset="380"/>
</LocList>
</BasicStmnt>
</StmntSeq>
</HierarchyLvl>
<HierarchyLvl HierarchyLvlId="419" HierarchyLvlTypeId="17" Intrnl_Id="646" Name="setPieceOnField">
<Header>
<Loc EndOffset="589" SrcFileId="8" StartOffset="538"/>
</Header>
<LocList>
<Loc EndOffset="711" SrcFileId="8" StartOffset="538"/>
</LocList>
<StmntSeq Intrnl_Id="647">
<LocList>
<Loc EndOffset="627" SrcFileId="8" StartOffset="601"/>
<Loc EndOffset="704" SrcFileId="8" StartOffset="637"/>
</LocList>
<BasicStmnt CovItemId="S5" CovItemPrefix="com.OriginalFiles.Field.java" Intrnl_Id="648">
<LocList>
<Loc EndOffset="627" SrcFileId="8" StartOffset="601"/>
</LocList>
</BasicStmnt>
<CondStmnt CovItemId="S6" CovItemPrefix="com.OriginalFiles.Field.java" Intrnl_Id="649">
<Branch CovItemId="B1" CovItemPrefix="com.OriginalFiles.Field.java" Implct="false" Intrnl_Id="650">
<Cond/>
<LocList>
<Loc EndOffset="704" SrcFileId="8" StartOffset="653"/>
</LocList>
<StmntSeq Intrnl_Id="651">
<LocList>
<Loc EndOffset="693" SrcFileId="8" StartOffset="668"/>
</LocList>
<BasicStmnt CovItemId="S7" CovItemPrefix="com.OriginalFiles.Field.java" Intrnl_Id="652">
<LocList>
<Loc EndOffset="693" SrcFileId="8" StartOffset="668"/>
</LocList>
</BasicStmnt>
</StmntSeq>
</Branch>
<Branch CovItemId="B2" CovItemPrefix="com.OriginalFiles.Field.java" Implct="true" Intrnl_Id="653">
<Cond/>
<LocList/>
<StmntSeq Intrnl_Id="654">
<LocList/>
</StmntSeq>
</Branch>
<Keyword EndOffset="639" SrcFileId="8" StartOffset="637"/>
<LocList>
<Loc EndOffset="704" SrcFileId="8" StartOffset="637"/>
</LocList>
<RootTerm CovItemId="C1" CovItemPrefix="com.OriginalFiles.Field.java" Intrnl_Id="655">
<OpTerm BooleanOpId="12" Intrnl_Id="656">
<BasicBoolTerm Intrnl_Id="657">
<LocList>
<Loc EndOffset="651" SrcFileId="8" StartOffset="642"/>
</LocList>
</BasicBoolTerm>
<LocList>
<Loc EndOffset="642" SrcFileId="8" StartOffset="641"/>
</LocList>
</OpTerm>
</RootTerm>
</CondStmnt>
</StmntSeq>
</HierarchyLvl>
<HierarchyLvl HierarchyLvlId="420" HierarchyLvlTypeId="17" Intrnl_Id="658" Name="getPieceOnField">
<Header>
<Loc EndOffset="755" SrcFileId="8" StartOffset="719"/>
</Header>
<LocList>
<Loc EndOffset="794" SrcFileId="8" StartOffset="719"/>
</LocList>
<StmntSeq Intrnl_Id="659">
<LocList>
<Loc EndOffset="787" SrcFileId="8" StartOffset="767"/>
</LocList>
<BasicStmnt CovItemId="S8" CovItemPrefix="com.OriginalFiles.Field.java" Intrnl_Id="660">
<LocList>
<Loc EndOffset="787" SrcFileId="8" StartOffset="767"/>
</LocList>
</BasicStmnt>
</StmntSeq>
</HierarchyLvl>
<HierarchyLvl HierarchyLvlId="421" HierarchyLvlTypeId="17" Intrnl_Id="661" Name="isEmpty">
<Header>
<Loc EndOffset="888" SrcFileId="8" StartOffset="858"/>
</Header>
<LocList>
<Loc EndOffset="937" SrcFileId="8" StartOffset="858"/>
</LocList>
<StmntSeq Intrnl_Id="662">
<LocList>
<Loc EndOffset="930" SrcFileId="8" StartOffset="900"/>
</LocList>
<BasicStmnt CovItemId="S9" CovItemPrefix="com.OriginalFiles.Field.java" Intrnl_Id="663">
<LocList>
<Loc EndOffset="930" SrcFileId="8" StartOffset="900"/>
</LocList>
</BasicStmnt>
</StmntSeq>
</HierarchyLvl>
<HierarchyLvl HierarchyLvlId="422" HierarchyLvlTypeId="17" Intrnl_Id="664" Name="isPieceOfColor">
<Header>
<Loc EndOffset="1090" SrcFileId="8" StartOffset="1043"/>
</Header>
<LocList>
<Loc EndOffset="1232" SrcFileId="8" StartOffset="1043"/>
</LocList>
<StmntSeq Intrnl_Id="665">
<LocList>
<Loc EndOffset="1225" SrcFileId="8" StartOffset="1102"/>
</LocList>
<CondStmnt CovItemId="S10" CovItemPrefix="com.OriginalFiles.Field.java" Intrnl_Id="666">
<Branch CovItemId="B3" CovItemPrefix="com.OriginalFiles.Field.java" Implct="false" Intrnl_Id="667">
<Cond/>
<LocList>
<Loc EndOffset="1156" SrcFileId="8" StartOffset="1117"/>
</LocList>
<StmntSeq Intrnl_Id="668">
<LocList>
<Loc EndOffset="1145" SrcFileId="8" StartOffset="1132"/>
</LocList>
<BasicStmnt CovItemId="S11" CovItemPrefix="com.OriginalFiles.Field.java" Intrnl_Id="669">
<LocList>
<Loc EndOffset="1145" SrcFileId="8" StartOffset="1132"/>
</LocList>
</BasicStmnt>
</StmntSeq>
</Branch>
<Branch CovItemId="B4" CovItemPrefix="com.OriginalFiles.Field.java" Implct="false" Intrnl_Id="670">
<Cond>
<Loc EndOffset="1161" SrcFileId="8" StartOffset="1157"/>
</Cond>
<LocList>
<Loc EndOffset="1225" SrcFileId="8" StartOffset="1162"/>
</LocList>
<StmntSeq Intrnl_Id="671">
<LocList>
<Loc EndOffset="1214" SrcFileId="8" StartOffset="1177"/>
</LocList>
<BasicStmnt CovItemId="S12" CovItemPrefix="com.OriginalFiles.Field.java" Intrnl_Id="672">
<LocList>
<Loc EndOffset="1214" SrcFileId="8" StartOffset="1177"/>
</LocList>
</BasicStmnt>
</StmntSeq>
</Branch>
<Keyword EndOffset="1104" SrcFileId="8" StartOffset="1102"/>
<LocList>
<Loc EndOffset="1225" SrcFileId="8" StartOffset="1102"/>
</LocList>
<RootTerm CovItemId="C2" CovItemPrefix="com.OriginalFiles.Field.java" Intrnl_Id="673">
<BasicBoolTerm Intrnl_Id="674">
<LocList>
<Loc EndOffset="1115" SrcFileId="8" StartOffset="1106"/>
</LocList>
</BasicBoolTerm>
</RootTerm>
</CondStmnt>
</StmntSeq>
</HierarchyLvl>
<HierarchyLvl HierarchyLvlId="423" HierarchyLvlTypeId="17" Intrnl_Id="675" Name="emptyThisField">
<Header>
<Loc EndOffset="1338" SrcFileId="8" StartOffset="1304"/>
</Header>
<LocList>
<Loc EndOffset="1377" SrcFileId="8" StartOffset="1304"/>
</LocList>
<StmntSeq Intrnl_Id="676">
<LocList>
<Loc EndOffset="1370" SrcFileId="8" StartOffset="1350"/>
</LocList>
<BasicStmnt CovItemId="S13" CovItemPrefix="com.OriginalFiles.Field.java" Intrnl_Id="677">
<LocList>
<Loc EndOffset="1370" SrcFileId="8" StartOffset="1350"/>
</LocList>
</BasicStmnt>
</StmntSeq>
</HierarchyLvl>
</HierarchyLvl>
<HierarchyLvl HierarchyLvlId="430" HierarchyLvlTypeId="16" Intrnl_Id="678" Name="Communication">
<Header>
<Loc EndOffset="56" SrcFileId="9" StartOffset="30"/>
</Header>
<LocList>
<Loc EndOffset="555" SrcFileId="9" StartOffset="30"/>
</LocList>
<HierarchyLvl HierarchyLvlId="425" HierarchyLvlTypeId="17" Intrnl_Id="679" Name="Communication">
<Header>
<Loc EndOffset="117" SrcFileId="9" StartOffset="66"/>
</Header>
<LocList>
<Loc EndOffset="175" SrcFileId="9" StartOffset="66"/>
</LocList>
</HierarchyLvl>
<HierarchyLvl HierarchyLvlId="426" HierarchyLvlTypeId="17" Intrnl_Id="680" Name="myKingNotPlaced">
<Header>
<Loc EndOffset="212" SrcFileId="9" StartOffset="183"/>
</Header>
<LocList>
<Loc EndOffset="275" SrcFileId="9" StartOffset="183"/>
</LocList>
</HierarchyLvl>
<HierarchyLvl HierarchyLvlId="427" HierarchyLvlTypeId="17" Intrnl_Id="681" Name="humanWon">
<Header>
<Loc EndOffset="305" SrcFileId="9" StartOffset="283"/>
</Header>
<LocList>
<Loc EndOffset="368" SrcFileId="9" StartOffset="283"/>
</LocList>
</HierarchyLvl>
<HierarchyLvl HierarchyLvlId="428" HierarchyLvlTypeId="17" Intrnl_Id="682" Name="robotWon">
<Header>
<Loc EndOffset="398" SrcFileId="9" StartOffset="376"/>
</Header>
<LocList>
<Loc EndOffset="461" SrcFileId="9" StartOffset="376"/>
</LocList>
</HierarchyLvl>
<HierarchyLvl HierarchyLvlId="429" HierarchyLvlTypeId="17" Intrnl_Id="683" Name="draw">
<Header>
<Loc EndOffset="487" SrcFileId="9" StartOffset="469"/>
</Header>
<LocList>
<Loc EndOffset="550" SrcFileId="9" StartOffset="469"/>
</LocList>
</HierarchyLvl>
</HierarchyLvl>
<HierarchyLvl HierarchyLvlId="457" HierarchyLvlTypeId="16" Intrnl_Id="684" Name="Board">
<Header>
<Loc EndOffset="170" SrcFileId="10" StartOffset="152"/>
</Header>
<LocList>
<Loc EndOffset="16989" SrcFileId="10" StartOffset="152"/>
</LocList>
<StmntSeq Intrnl_Id="685">
<LocList>
<Loc EndOffset="223" SrcFileId="10" StartOffset="180"/>
<Loc EndOffset="269" SrcFileId="10" StartOffset="229"/>
<Loc EndOffset="321" SrcFileId="10" StartOffset="275"/>
</LocList>
<BasicStmnt CovItemId="S1" CovItemPrefix="com.OriginalFiles.Board.java" Intrnl_Id="686">
<LocList>
<Loc EndOffset="223" SrcFileId="10" StartOffset="180"/>
</LocList>
</BasicStmnt>
<BasicStmnt CovItemId="S2" CovItemPrefix="com.OriginalFiles.Board.java" Intrnl_Id="687">
<LocList>
<Loc EndOffset="269" SrcFileId="10" StartOffset="229"/>
</LocList>
</BasicStmnt>
<BasicStmnt CovItemId="S3" CovItemPrefix="com.OriginalFiles.Board.java" Intrnl_Id="688">
<LocList>
<Loc EndOffset="321" SrcFileId="10" StartOffset="275"/>
</LocList>
</BasicStmnt>
</StmntSeq>
<HierarchyLvl HierarchyLvlId="431" HierarchyLvlTypeId="17" Intrnl_Id="689" Name="Board">
<Header>
<Loc EndOffset="584" SrcFileId="10" StartOffset="487"/>
</Header>
<LocList>
<Loc EndOffset="2985" SrcFileId="10" StartOffset="487"/>
</LocList>
<StmntSeq Intrnl_Id="690">
<LocList>
<Loc EndOffset="637" SrcFileId="10" StartOffset="596"/>
<Loc EndOffset="696" SrcFileId="10" StartOffset="647"/>
<Loc EndOffset="738" SrcFileId="10" StartOffset="706"/>
<Loc EndOffset="769" SrcFileId="10" StartOffset="748"/>
<Loc EndOffset="2238" SrcFileId="10" StartOffset="840"/>
<Loc EndOffset="2725" SrcFileId="10" StartOffset="2376"/>
<Loc EndOffset="2978" SrcFileId="10" StartOffset="2756"/>
</LocList>
<BasicStmnt CovItemId="S4" CovItemPrefix="com.OriginalFiles.Board.java" Intrnl_Id="691">
<LocList>
<Loc EndOffset="637" SrcFileId="10" StartOffset="596"/>
</LocList>
</BasicStmnt>
<BasicStmnt CovItemId="S5" CovItemPrefix="com.OriginalFiles.Board.java" Intrnl_Id="692">
<LocList>
<Loc EndOffset="696" SrcFileId="10" StartOffset="647"/>
</LocList>
</BasicStmnt>
<BasicStmnt CovItemId="S6" CovItemPrefix="com.OriginalFiles.Board.java" Intrnl_Id="693">
<LocList>
<Loc EndOffset="738" SrcFileId="10" StartOffset="706"/>
</LocList>
</BasicStmnt>
<BasicStmnt CovItemId="S7" CovItemPrefix="com.OriginalFiles.Board.java" Intrnl_Id="694">
<LocList>
<Loc EndOffset="769" SrcFileId="10" StartOffset="748"/>
</LocList>
</BasicStmnt>
<LoopStmnt CovItemId="S8" CovItemPrefix="com.OriginalFiles.Board.java" Intrnl_Id="695" MltplExecId="L1-2" MltplExecPrefix="com.OriginalFiles.Board.java" NvrExecId="L1-0" NvrExecPrefix="com.OriginalFiles.Board.java" OnceExecutedId="L1-1" OnceExecutedPrefix="com.OriginalFiles.Board.java" OptBodyExec="true">
<StmntSeq Intrnl_Id="696">
<LocList>
<Loc EndOffset="2227" SrcFileId="10" StartOffset="879"/>
</LocList>
<LoopStmnt CovItemId="S9" CovItemPrefix="com.OriginalFiles.Board.java" Intrnl_Id="697" MltplExecId="L2-2" MltplExecPrefix="com.OriginalFiles.Board.java" NvrExecId="L2-0" NvrExecPrefix="com.OriginalFiles.Board.java" OnceExecutedId="L2-1" OnceExecutedPrefix="com.OriginalFiles.Board.java" OptBodyExec="true">
<StmntSeq Intrnl_Id="698">
<LocList>
<Loc EndOffset="947" SrcFileId="10" StartOffset="922"/>
<Loc EndOffset="976" SrcFileId="10" StartOffset="965"/>
<Loc EndOffset="1005" SrcFileId="10" StartOffset="994"/>
<Loc EndOffset="2173" SrcFileId="10" StartOffset="1130"/>
<Loc EndOffset="2212" SrcFileId="10" StartOffset="2191"/>
</LocList>
<BasicStmnt CovItemId="S10" CovItemPrefix="com.OriginalFiles.Board.java" Intrnl_Id="699">
<LocList>
<Loc EndOffset="947" SrcFileId="10" StartOffset="922"/>
</LocList>
</BasicStmnt>
<BasicStmnt CovItemId="S11" CovItemPrefix="com.OriginalFiles.Board.java" Intrnl_Id="700">
<LocList>
<Loc EndOffset="976" SrcFileId="10" StartOffset="965"/>
</LocList>
</BasicStmnt>
<BasicStmnt CovItemId="S12" CovItemPrefix="com.OriginalFiles.Board.java" Intrnl_Id="701">
<LocList>
<Loc EndOffset="1005" SrcFileId="10" StartOffset="994"/>
</LocList>
</BasicStmnt>
<CondStmnt CovItemId="S13" CovItemPrefix="com.OriginalFiles.Board.java" Intrnl_Id="702">
<Branch CovItemId="B1" CovItemPrefix="com.OriginalFiles.Board.java" Implct="false" Intrnl_Id="703">
<Cond/>
<LocList>
<Loc EndOffset="2099" SrcFileId="10" StartOffset="1152"/>
</LocList>
<StmntSeq Intrnl_Id="704">
<LocList>
<Loc EndOffset="1200" SrcFileId="10" StartOffset="1175"/>
<Loc EndOffset="1248" SrcFileId="10" StartOffset="1222"/>
<Loc EndOffset="1679" SrcFileId="10" StartOffset="1270"/>
<Loc EndOffset="2023" SrcFileId="10" StartOffset="1736"/>
<Loc EndOffset="2080" SrcFileId="10" StartOffset="2045"/>
</LocList>
<BasicStmnt CovItemId="S14" CovItemPrefix="com.OriginalFiles.Board.java" Intrnl_Id="705">
<LocList>
<Loc EndOffset="1200" SrcFileId="10" StartOffset="1175"/>
</LocList>
</BasicStmnt>
<BasicStmnt CovItemId="S15" CovItemPrefix="com.OriginalFiles.Board.java" Intrnl_Id="706">
<LocList>
<Loc EndOffset="1248" SrcFileId="10" StartOffset="1222"/>
</LocList>
</BasicStmnt>
<CondStmnt CovItemId="S16" CovItemPrefix="com.OriginalFiles.Board.java" Intrnl_Id="707">
<Branch CovItemId="B3" CovItemPrefix="com.OriginalFiles.Board.java" Implct="false" Intrnl_Id="708">
<Cond/>
<LocList>
<Loc EndOffset="1679" SrcFileId="10" StartOffset="1281"/>
</LocList>
<StmntSeq Intrnl_Id="709">
<LocList>
<Loc EndOffset="1339" SrcFileId="10" StartOffset="1308"/>
<Loc EndOffset="1401" SrcFileId="10" StartOffset="1365"/>
<Loc EndOffset="1656" SrcFileId="10" StartOffset="1555"/>
</LocList>
<BasicStmnt CovItemId="S17" CovItemPrefix="com.OriginalFiles.Board.java" Intrnl_Id="710">
<LocList>
<Loc EndOffset="1339" SrcFileId="10" StartOffset="1308"/>
</LocList>
</BasicStmnt>
<BasicStmnt CovItemId="S18" CovItemPrefix="com.OriginalFiles.Board.java" Intrnl_Id="711">
<LocList>
<Loc EndOffset="1401" SrcFileId="10" StartOffset="1365"/>
</LocList>
</BasicStmnt>
<CondStmnt CovItemId="S19" CovItemPrefix="com.OriginalFiles.Board.java" Intrnl_Id="712">
<Branch CovItemId="B5" CovItemPrefix="com.OriginalFiles.Board.java" Implct="false" Intrnl_Id="713">
<Cond/>
<LocList>
<Loc EndOffset="1656" SrcFileId="10" StartOffset="1567"/>
</LocList>
<StmntSeq Intrnl_Id="714">
<LocList>
<Loc EndOffset="1629" SrcFileId="10" StartOffset="1598"/>
</LocList>
<BasicStmnt CovItemId="S20" CovItemPrefix="com.OriginalFiles.Board.java" Intrnl_Id="715">
<LocList>
<Loc EndOffset="1629" SrcFileId="10" StartOffset="1598"/>
</LocList>
</BasicStmnt>
</StmntSeq>
</Branch>
<Branch CovItemId="B6" CovItemPrefix="com.OriginalFiles.Board.java" Implct="true" Intrnl_Id="716">
<Cond/>
<LocList/>
<StmntSeq Intrnl_Id="717">
<LocList/>
</StmntSeq>
</Branch>
<Keyword EndOffset="1557" SrcFileId="10" StartOffset="1555"/>
<LocList>
<Loc EndOffset="1656" SrcFileId="10" StartOffset="1555"/>
</LocList>
<RootTerm CovItemId="C5" CovItemPrefix="com.OriginalFiles.Board.java" Intrnl_Id="718">
<BasicBoolTerm Intrnl_Id="719">
<LocList>
<Loc EndOffset="1565" SrcFileId="10" StartOffset="1559"/>
</LocList>
</BasicBoolTerm>
</RootTerm>
</CondStmnt>
</StmntSeq>
</Branch>
<Branch CovItemId="B4" CovItemPrefix="com.OriginalFiles.Board.java" Implct="true" Intrnl_Id="720">
<Cond/>
<LocList/>
<StmntSeq Intrnl_Id="721">
<LocList/>
</StmntSeq>
</Branch>
<Keyword EndOffset="1272" SrcFileId="10" StartOffset="1270"/>
<LocList>
<Loc EndOffset="1679" SrcFileId="10" StartOffset="1270"/>
</LocList>
<RootTerm CovItemId="C4" CovItemPrefix="com.OriginalFiles.Board.java" Intrnl_Id="722">
<BasicBoolTerm Intrnl_Id="723">
<LocList>
<Loc EndOffset="1279" SrcFileId="10" StartOffset="1274"/>
</LocList>
</BasicBoolTerm>
</RootTerm>
</CondStmnt>
<CondStmnt CovItemId="S21" CovItemPrefix="com.OriginalFiles.Board.java" Intrnl_Id="724">
<Branch CovItemId="B7" CovItemPrefix="com.OriginalFiles.Board.java" Implct="false" Intrnl_Id="725">
<Cond/>
<LocList>
<Loc EndOffset="2023" SrcFileId="10" StartOffset="1747"/>
</LocList>
<StmntSeq Intrnl_Id="726">
<LocList>
<Loc EndOffset="1805" SrcFileId="10" StartOffset="1774"/>
<Loc EndOffset="1873" SrcFileId="10" StartOffset="1831"/>
<Loc EndOffset="2000" SrcFileId="10" StartOffset="1899"/>
</LocList>
<BasicStmnt CovItemId="S22" CovItemPrefix="com.OriginalFiles.Board.java" Intrnl_Id="727">
<LocList>
<Loc EndOffset="1805" SrcFileId="10" StartOffset="1774"/>
</LocList>
</BasicStmnt>
<BasicStmnt CovItemId="S23" CovItemPrefix="com.OriginalFiles.Board.java" Intrnl_Id="728">
<LocList>
<Loc EndOffset="1873" SrcFileId="10" StartOffset="1831"/>
</LocList>
</BasicStmnt>
<CondStmnt CovItemId="S24" CovItemPrefix="com.OriginalFiles.Board.java" Intrnl_Id="729">
<Branch CovItemId="B9" CovItemPrefix="com.OriginalFiles.Board.java" Implct="false" Intrnl_Id="730">
<Cond/>
<LocList>
<Loc EndOffset="2000" SrcFileId="10" StartOffset="1911"/>
</LocList>
<StmntSeq Intrnl_Id="731">
<LocList>
<Loc EndOffset="1973" SrcFileId="10" StartOffset="1942"/>
</LocList>
<BasicStmnt CovItemId="S25" CovItemPrefix="com.OriginalFiles.Board.java" Intrnl_Id="732">
<LocList>
<Loc EndOffset="1973" SrcFileId="10" StartOffset="1942"/>
</LocList>
</BasicStmnt>
</StmntSeq>
</Branch>
<Branch CovItemId="B10" CovItemPrefix="com.OriginalFiles.Board.java" Implct="true" Intrnl_Id="733">
<Cond/>
<LocList/>
<StmntSeq Intrnl_Id="734">
<LocList/>
</StmntSeq>
</Branch>
<Keyword EndOffset="1901" SrcFileId="10" StartOffset="1899"/>
<LocList>
<Loc EndOffset="2000" SrcFileId="10" StartOffset="1899"/>
</LocList>
<RootTerm CovItemId="C7" CovItemPrefix="com.OriginalFiles.Board.java" Intrnl_Id="735">
<BasicBoolTerm Intrnl_Id="736">
<LocList>
<Loc EndOffset="1909" SrcFileId="10" StartOffset="1903"/>
</LocList>
</BasicBoolTerm>
</RootTerm>
</CondStmnt>
</StmntSeq>
</Branch>
<Branch CovItemId="B8" CovItemPrefix="com.OriginalFiles.Board.java" Implct="true" Intrnl_Id="737">
<Cond/>
<LocList/>
<StmntSeq Intrnl_Id="738">
<LocList/>
</StmntSeq>
</Branch>
<Keyword EndOffset="1738" SrcFileId="10" StartOffset="1736"/>
<LocList>
<Loc EndOffset="2023" SrcFileId="10" StartOffset="1736"/>
</LocList>
<RootTerm CovItemId="C6" CovItemPrefix="com.OriginalFiles.Board.java" Intrnl_Id="739">
<BasicBoolTerm Intrnl_Id="740">
<LocList>
<Loc EndOffset="1745" SrcFileId="10" StartOffset="1740"/>
</LocList>
</BasicBoolTerm>
</RootTerm>
</CondStmnt>
<BasicStmnt CovItemId="S26" CovItemPrefix="com.OriginalFiles.Board.java" Intrnl_Id="741">
<LocList>
<Loc EndOffset="2080" SrcFileId="10" StartOffset="2045"/>
</LocList>
</BasicStmnt>
</StmntSeq>
</Branch>
<Branch CovItemId="B2" CovItemPrefix="com.OriginalFiles.Board.java" Implct="false" Intrnl_Id="742">
<Cond>
<Loc EndOffset="2104" SrcFileId="10" StartOffset="2100"/>
</Cond>
<LocList>
<Loc EndOffset="2173" SrcFileId="10" StartOffset="2105"/>
</LocList>
<StmntSeq Intrnl_Id="743">
<LocList>
<Loc EndOffset="2154" SrcFileId="10" StartOffset="2128"/>
</LocList>
<BasicStmnt CovItemId="S27" CovItemPrefix="com.OriginalFiles.Board.java" Intrnl_Id="744">
<LocList>
<Loc EndOffset="2154" SrcFileId="10" StartOffset="2128"/>
</LocList>
</BasicStmnt>
</StmntSeq>
</Branch>
<Keyword EndOffset="1132" SrcFileId="10" StartOffset="1130"/>
<LocList>
<Loc EndOffset="2173" SrcFileId="10" StartOffset="1130"/>
</LocList>
<RootTerm CovItemId="C3" CovItemPrefix="com.OriginalFiles.Board.java" Intrnl_Id="745">
<BasicBoolTerm Intrnl_Id="746">
<LocList>
<Loc EndOffset="1150" SrcFileId="10" StartOffset="1134"/>
</LocList>
</BasicBoolTerm>
</RootTerm>
</CondStmnt>
<BasicStmnt CovItemId="S28" CovItemPrefix="com.OriginalFiles.Board.java" Intrnl_Id="747">
<LocList>
<Loc EndOffset="2212" SrcFileId="10" StartOffset="2191"/>
</LocList>
</BasicStmnt>
</StmntSeq>
<Keyword EndOffset="882" SrcFileId="10" StartOffset="879"/>
<LocList>
<Loc EndOffset="2227" SrcFileId="10" StartOffset="879"/>
</LocList>
<RootTerm CovItemId="C2" CovItemPrefix="com.OriginalFiles.Board.java" Intrnl_Id="748">
<BasicBoolTerm Intrnl_Id="749">
<LocList>
<Loc EndOffset="896" SrcFileId="10" StartOffset="891"/>
</LocList>
</BasicBoolTerm>
</RootTerm>
</LoopStmnt>
</StmntSeq>
<Keyword EndOffset="843" SrcFileId="10" StartOffset="840"/>
<LocList>
<Loc EndOffset="2238" SrcFileId="10" StartOffset="840"/>
</LocList>
<RootTerm CovItemId="C1" CovItemPrefix="com.OriginalFiles.Board.java" Intrnl_Id="750">
<BasicBoolTerm Intrnl_Id="751">
<LocList>
<Loc EndOffset="857" SrcFileId="10" StartOffset="852"/>
</LocList>
</BasicBoolTerm>
</RootTerm>
</LoopStmnt>
<LoopStmnt CovItemId="S29" CovItemPrefix="com.OriginalFiles.Board.java" Intrnl_Id="752" MltplExecId="L3-2" MltplExecPrefix="com.OriginalFiles.Board.java" NvrExecId="L3-0" NvrExecPrefix="com.OriginalFiles.Board.java" OnceExecutedId="L3-1" OnceExecutedPrefix="com.OriginalFiles.Board.java" OptBodyExec="true">
<StmntSeq Intrnl_Id="753">
<LocList>
<Loc EndOffset="2444" SrcFileId="10" StartOffset="2419"/>
<Loc EndOffset="2469" SrcFileId="10" StartOffset="2458"/>
<Loc EndOffset="2495" SrcFileId="10" StartOffset="2483"/>
<Loc EndOffset="2543" SrcFileId="10" StartOffset="2509"/>
<Loc EndOffset="2593" SrcFileId="10" StartOffset="2557"/>
<Loc EndOffset="2634" SrcFileId="10" StartOffset="2607"/>
<Loc EndOffset="2680" SrcFileId="10" StartOffset="2648"/>
<Loc EndOffset="2714" SrcFileId="10" StartOffset="2694"/>
</LocList>
<BasicStmnt CovItemId="S30" CovItemPrefix="com.OriginalFiles.Board.java" Intrnl_Id="754">
<LocList>
<Loc EndOffset="2444" SrcFileId="10" StartOffset="2419"/>
</LocList>
</BasicStmnt>
<BasicStmnt CovItemId="S31" CovItemPrefix="com.OriginalFiles.Board.java" Intrnl_Id="755">
<LocList>
<Loc EndOffset="2469" SrcFileId="10" StartOffset="2458"/>
</LocList>
</BasicStmnt>
<BasicStmnt CovItemId="S32" CovItemPrefix="com.OriginalFiles.Board.java" Intrnl_Id="756">
<LocList>
<Loc EndOffset="2495" SrcFileId="10" StartOffset="2483"/>
</LocList>
</BasicStmnt>
<BasicStmnt CovItemId="S33" CovItemPrefix="com.OriginalFiles.Board.java" Intrnl_Id="757">
<LocList>
<Loc EndOffset="2543" SrcFileId="10" StartOffset="2509"/>
</LocList>
</BasicStmnt>
<BasicStmnt CovItemId="S34" CovItemPrefix="com.OriginalFiles.Board.java" Intrnl_Id="758">
<LocList>
<Loc EndOffset="2593" SrcFileId="10" StartOffset="2557"/>
</LocList>
</BasicStmnt>
<BasicStmnt CovItemId="S35" CovItemPrefix="com.OriginalFiles.Board.java" Intrnl_Id="759">
<LocList>
<Loc EndOffset="2634" SrcFileId="10" StartOffset="2607"/>
</LocList>
</BasicStmnt>
<BasicStmnt CovItemId="S36" CovItemPrefix="com.OriginalFiles.Board.java" Intrnl_Id="760">
<LocList>
<Loc EndOffset="2680" SrcFileId="10" StartOffset="2648"/>
</LocList>
</BasicStmnt>
<BasicStmnt CovItemId="S37" CovItemPrefix="com.OriginalFiles.Board.java" Intrnl_Id="761">
<LocList>
<Loc EndOffset="2714" SrcFileId="10" StartOffset="2694"/>
</LocList>
</BasicStmnt>
</StmntSeq>
<Keyword EndOffset="2379" SrcFileId="10" StartOffset="2376"/>
<LocList>
<Loc EndOffset="2725" SrcFileId="10" StartOffset="2376"/>
</LocList>
<RootTerm CovItemId="C8" CovItemPrefix="com.OriginalFiles.Board.java" Intrnl_Id="762">
<BasicBoolTerm Intrnl_Id="763">
<LocList>
<Loc EndOffset="2397" SrcFileId="10" StartOffset="2392"/>
</LocList>
</BasicBoolTerm>
</RootTerm>
</LoopStmnt>
<LoopStmnt CovItemId="S38" CovItemPrefix="com.OriginalFiles.Board.java" Intrnl_Id="764" MltplExecId="L4-2" MltplExecPrefix="com.OriginalFiles.Board.java" NvrExecId="L4-0" NvrExecPrefix="com.OriginalFiles.Board.java" OnceExecutedId="L4-1" OnceExecutedPrefix="com.OriginalFiles.Board.java" OptBodyExec="true">
<StmntSeq Intrnl_Id="765">
<LocList>
<Loc EndOffset="2967" SrcFileId="10" StartOffset="2795"/>
</LocList>
<LoopStmnt CovItemId="S39" CovItemPrefix="com.OriginalFiles.Board.java" Intrnl_Id="766" MltplExecId="L5-2" MltplExecPrefix="com.OriginalFiles.Board.java" NvrExecId="L5-0" NvrExecPrefix="com.OriginalFiles.Board.java" OnceExecutedId="L5-1" OnceExecutedPrefix="com.OriginalFiles.Board.java" OptBodyExec="true">
<StmntSeq Intrnl_Id="767">
<LocList>
<Loc EndOffset="2863" SrcFileId="10" StartOffset="2838"/>
<Loc EndOffset="2888" SrcFileId="10" StartOffset="2877"/>
<Loc EndOffset="2918" SrcFileId="10" StartOffset="2902"/>
<Loc EndOffset="2956" SrcFileId="10" StartOffset="2932"/>
</LocList>
<BasicStmnt CovItemId="S40" CovItemPrefix="com.OriginalFiles.Board.java" Intrnl_Id="768">
<LocList>
<Loc EndOffset="2863" SrcFileId="10" StartOffset="2838"/>
</LocList>
</BasicStmnt>
<BasicStmnt CovItemId="S41" CovItemPrefix="com.OriginalFiles.Board.java" Intrnl_Id="769">
<LocList>
<Loc EndOffset="2888" SrcFileId="10" StartOffset="2877"/>
</LocList>
</BasicStmnt>
<BasicStmnt CovItemId="S42" CovItemPrefix="com.OriginalFiles.Board.java" Intrnl_Id="770">
<LocList>
<Loc EndOffset="2918" SrcFileId="10" StartOffset="2902"/>
</LocList>
</BasicStmnt>
<BasicStmnt CovItemId="S43" CovItemPrefix="com.OriginalFiles.Board.java" Intrnl_Id="771">
<LocList>
<Loc EndOffset="2956" SrcFileId="10" StartOffset="2932"/>
</LocList>
</BasicStmnt>
</StmntSeq>
<Keyword EndOffset="2798" SrcFileId="10" StartOffset="2795"/>
<LocList>
<Loc EndOffset="2967" SrcFileId="10" StartOffset="2795"/>
</LocList>
<RootTerm CovItemId="C10" CovItemPrefix="com.OriginalFiles.Board.java" Intrnl_Id="772">
<BasicBoolTerm Intrnl_Id="773">
<LocList>
<Loc EndOffset="2816" SrcFileId="10" StartOffset="2811"/>
</LocList>
</BasicBoolTerm>
</RootTerm>
</LoopStmnt>
</StmntSeq>
<Keyword EndOffset="2759" SrcFileId="10" StartOffset="2756"/>
<LocList>
<Loc EndOffset="2978" SrcFileId="10" StartOffset="2756"/>
</LocList>
<RootTerm CovItemId="C9" CovItemPrefix="com.OriginalFiles.Board.java" Intrnl_Id="774">
<BasicBoolTerm Intrnl_Id="775">
<LocList>
<Loc EndOffset="2777" SrcFileId="10" StartOffset="2772"/>
</LocList>
</BasicBoolTerm>
</RootTerm>
</LoopStmnt>
</StmntSeq>
</HierarchyLvl>
<HierarchyLvl HierarchyLvlId="432" HierarchyLvlTypeId="17" Intrnl_Id="776" Name="resetVisited">
<Header>
<Loc EndOffset="3025" SrcFileId="10" StartOffset="2993"/>
</Header>
<LocList>
<Loc EndOffset="3174" SrcFileId="10" StartOffset="2993"/>
</LocList>
<StmntSeq Intrnl_Id="777">
<LocList>
<Loc EndOffset="3167" SrcFileId="10" StartOffset="3037"/>
</LocList>
<LoopStmnt CovItemId="S44" CovItemPrefix="com.OriginalFiles.Board.java" Intrnl_Id="778" MltplExecId="L6-2" MltplExecPrefix="com.OriginalFiles.Board.java" NvrExecId="L6-0" NvrExecPrefix="com.OriginalFiles.Board.java" OnceExecutedId="L6-1" OnceExecutedPrefix="com.OriginalFiles.Board.java" OptBodyExec="true">
<StmntSeq Intrnl_Id="779">
<LocList>
<Loc EndOffset="3156" SrcFileId="10" StartOffset="3078"/>
</LocList>
<LoopStmnt CovItemId="S45" CovItemPrefix="com.OriginalFiles.Board.java" Intrnl_Id="780" MltplExecId="L7-2" MltplExecPrefix="com.OriginalFiles.Board.java" NvrExecId="L7-0" NvrExecPrefix="com.OriginalFiles.Board.java" OnceExecutedId="L7-1" OnceExecutedPrefix="com.OriginalFiles.Board.java" OptBodyExec="true">
<StmntSeq Intrnl_Id="781">
<LocList>
<Loc EndOffset="3141" SrcFileId="10" StartOffset="3119"/>
</LocList>
<BasicStmnt CovItemId="S46" CovItemPrefix="com.OriginalFiles.Board.java" Intrnl_Id="782">
<LocList>
<Loc EndOffset="3141" SrcFileId="10" StartOffset="3119"/>
</LocList>
</BasicStmnt>
</StmntSeq>
<Keyword EndOffset="3081" SrcFileId="10" StartOffset="3078"/>
<LocList>
<Loc EndOffset="3156" SrcFileId="10" StartOffset="3078"/>
</LocList>
</LoopStmnt>
</StmntSeq>
<Keyword EndOffset="3040" SrcFileId="10" StartOffset="3037"/>
<LocList>
<Loc EndOffset="3167" SrcFileId="10" StartOffset="3037"/>
</LocList>
</LoopStmnt>
</StmntSeq>
</HierarchyLvl>
<HierarchyLvl HierarchyLvlId="433" HierarchyLvlTypeId="17" Intrnl_Id="783" Name="sortListOfFields">
<Header>
<Loc EndOffset="3311" SrcFileId="10" StartOffset="3251"/>
</Header>
<LocList>
<Loc EndOffset="4068" SrcFileId="10" StartOffset="3251"/>
</LocList>
<StmntSeq Intrnl_Id="784">
<LocList>
<Loc EndOffset="3333" SrcFileId="10" StartOffset="3323"/>
<Loc EndOffset="3353" SrcFileId="10" StartOffset="3343"/>
<Loc EndOffset="3408" SrcFileId="10" StartOffset="3363"/>
<Loc EndOffset="4061" SrcFileId="10" StartOffset="3418"/>
</LocList>
<BasicStmnt CovItemId="S47" CovItemPrefix="com.OriginalFiles.Board.java" Intrnl_Id="785">
<LocList>
<Loc EndOffset="3333" SrcFileId="10" StartOffset="3323"/>
</LocList>
</BasicStmnt>
<BasicStmnt CovItemId="S48" CovItemPrefix="com.OriginalFiles.Board.java" Intrnl_Id="786">
<LocList>
<Loc EndOffset="3353" SrcFileId="10" StartOffset="3343"/>
</LocList>
</BasicStmnt>
<BasicStmnt CovItemId="S49" CovItemPrefix="com.OriginalFiles.Board.java" Intrnl_Id="787">
<LocList>
<Loc EndOffset="3408" SrcFileId="10" StartOffset="3363"/>
</LocList>
</BasicStmnt>
<LoopStmnt CovItemId="S50" CovItemPrefix="com.OriginalFiles.Board.java" Intrnl_Id="788" MltplExecId="L8-2" MltplExecPrefix="com.OriginalFiles.Board.java" NvrExecId="L8-0" NvrExecPrefix="com.OriginalFiles.Board.java" OnceExecutedId="L8-1" OnceExecutedPrefix="com.OriginalFiles.Board.java" OptBodyExec="true">
<StmntSeq Intrnl_Id="789">
<LocList>
<Loc EndOffset="3970" SrcFileId="10" StartOffset="3478"/>
<Loc EndOffset="4010" SrcFileId="10" StartOffset="3984"/>
<Loc EndOffset="4050" SrcFileId="10" StartOffset="4024"/>
</LocList>
<LoopStmnt CovItemId="S51" CovItemPrefix="com.OriginalFiles.Board.java" Intrnl_Id="790" MltplExecId="L9-2" MltplExecPrefix="com.OriginalFiles.Board.java" NvrExecId="L9-0" NvrExecPrefix="com.OriginalFiles.Board.java" OnceExecutedId="L9-1" OnceExecutedPrefix="com.OriginalFiles.Board.java" OptBodyExec="true">
<StmntSeq Intrnl_Id="791">
<LocList>
<Loc EndOffset="3955" SrcFileId="10" StartOffset="3546"/>
</LocList>
<CondStmnt CovItemId="S52" CovItemPrefix="com.OriginalFiles.Board.java" Intrnl_Id="792">
<Branch CovItemId="B11" CovItemPrefix="com.OriginalFiles.Board.java" Implct="false" Intrnl_Id="793">
<Cond/>
<LocList>
<Loc EndOffset="3955" SrcFileId="10" StartOffset="3635"/>
</LocList>
<StmntSeq Intrnl_Id="794">
<LocList>
<Loc EndOffset="3692" SrcFileId="10" StartOffset="3658"/>
<Loc EndOffset="3748" SrcFileId="10" StartOffset="3714"/>
<Loc EndOffset="3793" SrcFileId="10" StartOffset="3770"/>
<Loc EndOffset="3838" SrcFileId="10" StartOffset="3815"/>
<Loc EndOffset="3887" SrcFileId="10" StartOffset="3860"/>
<Loc EndOffset="3936" SrcFileId="10" StartOffset="3909"/>
</LocList>
<BasicStmnt CovItemId="S53" CovItemPrefix="com.OriginalFiles.Board.java" Intrnl_Id="795">
<LocList>
<Loc EndOffset="3692" SrcFileId="10" StartOffset="3658"/>
</LocList>
</BasicStmnt>
<BasicStmnt CovItemId="S54" CovItemPrefix="com.OriginalFiles.Board.java" Intrnl_Id="796">
<LocList>
<Loc EndOffset="3748" SrcFileId="10" StartOffset="3714"/>
</LocList>
</BasicStmnt>
<BasicStmnt CovItemId="S55" CovItemPrefix="com.OriginalFiles.Board.java" Intrnl_Id="797">
<LocList>
<Loc EndOffset="3793" SrcFileId="10" StartOffset="3770"/>
</LocList>
</BasicStmnt>
<BasicStmnt CovItemId="S56" CovItemPrefix="com.OriginalFiles.Board.java" Intrnl_Id="798">
<LocList>
<Loc EndOffset="3838" SrcFileId="10" StartOffset="3815"/>
</LocList>
</BasicStmnt>
<BasicStmnt CovItemId="S57" CovItemPrefix="com.OriginalFiles.Board.java" Intrnl_Id="799">
<LocList>
<Loc EndOffset="3887" SrcFileId="10" StartOffset="3860"/>
</LocList>
</BasicStmnt>
<BasicStmnt CovItemId="S58" CovItemPrefix="com.OriginalFiles.Board.java" Intrnl_Id="800">
<LocList>
<Loc EndOffset="3936" SrcFileId="10" StartOffset="3909"/>
</LocList>
</BasicStmnt>
</StmntSeq>
</Branch>
<Branch CovItemId="B12" CovItemPrefix="com.OriginalFiles.Board.java" Implct="true" Intrnl_Id="801">
<Cond/>
<LocList/>
<StmntSeq Intrnl_Id="802">
<LocList/>
</StmntSeq>
</Branch>
<Keyword EndOffset="3548" SrcFileId="10" StartOffset="3546"/>
<LocList>
<Loc EndOffset="3955" SrcFileId="10" StartOffset="3546"/>
</LocList>
<RootTerm CovItemId="C13" CovItemPrefix="com.OriginalFiles.Board.java" Intrnl_Id="803">
<OpTerm BooleanOpId="12" Intrnl_Id="804">
<BasicBoolTerm Intrnl_Id="805">
<LocList>
<Loc EndOffset="3633" SrcFileId="10" StartOffset="3551"/>
</LocList>
</BasicBoolTerm>
<LocList>
<Loc EndOffset="3551" SrcFileId="10" StartOffset="3550"/>
</LocList>
</OpTerm>
</RootTerm>
</CondStmnt>
</StmntSeq>
<Keyword EndOffset="3481" SrcFileId="10" StartOffset="3478"/>
<LocList>
<Loc EndOffset="3970" SrcFileId="10" StartOffset="3478"/>
</LocList>
<RootTerm CovItemId="C12" CovItemPrefix="com.OriginalFiles.Board.java" Intrnl_Id="806">
<BasicBoolTerm Intrnl_Id="807">
<LocList>
<Loc EndOffset="3520" SrcFileId="10" StartOffset="3498"/>
</LocList>
</BasicBoolTerm>
</RootTerm>
</LoopStmnt>
<BasicStmnt CovItemId="S59" CovItemPrefix="com.OriginalFiles.Board.java" Intrnl_Id="808">
<LocList>
<Loc EndOffset="4010" SrcFileId="10" StartOffset="3984"/>
</LocList>
</BasicStmnt>
<BasicStmnt CovItemId="S60" CovItemPrefix="com.OriginalFiles.Board.java" Intrnl_Id="809">
<LocList>
<Loc EndOffset="4050" SrcFileId="10" StartOffset="4024"/>
</LocList>
</BasicStmnt>
</StmntSeq>
<Keyword EndOffset="3421" SrcFileId="10" StartOffset="3418"/>
<LocList>
<Loc EndOffset="4061" SrcFileId="10" StartOffset="3418"/>
</LocList>
<RootTerm CovItemId="C11" CovItemPrefix="com.OriginalFiles.Board.java" Intrnl_Id="810">
<BasicBoolTerm Intrnl_Id="811">
<LocList>
<Loc EndOffset="3456" SrcFileId="10" StartOffset="3434"/>
</LocList>
</BasicBoolTerm>
</RootTerm>
</LoopStmnt>
</StmntSeq>
</HierarchyLvl>
<HierarchyLvl HierarchyLvlId="434" HierarchyLvlTypeId="17" Intrnl_Id="812" Name="sortListOfMoves">
<Header>
<Loc EndOffset="4206" SrcFileId="10" StartOffset="4149"/>
</Header>
<LocList>
<Loc EndOffset="5268" SrcFileId="10" StartOffset="4149"/>
</LocList>
<StmntSeq Intrnl_Id="813">
<LocList>
<Loc EndOffset="4232" SrcFileId="10" StartOffset="4222"/>
<Loc EndOffset="4256" SrcFileId="10" StartOffset="4246"/>
<Loc EndOffset="5257" SrcFileId="10" StartOffset="4270"/>
</LocList>
<BasicStmnt CovItemId="S61" CovItemPrefix="com.OriginalFiles.Board.java" Intrnl_Id="814">
<LocList>
<Loc EndOffset="4232" SrcFileId="10" StartOffset="4222"/>
</LocList>
</BasicStmnt>
<BasicStmnt CovItemId="S62" CovItemPrefix="com.OriginalFiles.Board.java" Intrnl_Id="815">
<LocList>
<Loc EndOffset="4256" SrcFileId="10" StartOffset="4246"/>
</LocList>
</BasicStmnt>
<LoopStmnt CovItemId="S63" CovItemPrefix="com.OriginalFiles.Board.java" Intrnl_Id="816" MltplExecId="L10-2" MltplExecPrefix="com.OriginalFiles.Board.java" NvrExecId="L10-0" NvrExecPrefix="com.OriginalFiles.Board.java" OnceExecutedId="L10-1" OnceExecutedPrefix="com.OriginalFiles.Board.java" OptBodyExec="true">
<StmntSeq Intrnl_Id="817">
<LocList>
<Loc EndOffset="5010" SrcFileId="10" StartOffset="4334"/>
<Loc EndOffset="5126" SrcFileId="10" StartOffset="5028"/>
<Loc EndOffset="5242" SrcFileId="10" StartOffset="5144"/>
</LocList>
<LoopStmnt CovItemId="S64" CovItemPrefix="com.OriginalFiles.Board.java" Intrnl_Id="818" MltplExecId="L11-2" MltplExecPrefix="com.OriginalFiles.Board.java" NvrExecId="L11-0" NvrExecPrefix="com.OriginalFiles.Board.java" OnceExecutedId="L11-1" OnceExecutedPrefix="com.OriginalFiles.Board.java" OptBodyExec="true">
<StmntSeq Intrnl_Id="819">
<LocList>
<Loc EndOffset="4991" SrcFileId="10" StartOffset="4406"/>
</LocList>
<CondStmnt CovItemId="S65" CovItemPrefix="com.OriginalFiles.Board.java" Intrnl_Id="820">
<Branch CovItemId="B13" CovItemPrefix="com.OriginalFiles.Board.java" Implct="false" Intrnl_Id="821">
<Cond/>
<LocList>
<Loc EndOffset="4991" SrcFileId="10" StartOffset="4651"/>
</LocList>
<StmntSeq Intrnl_Id="822">
<LocList>
<Loc EndOffset="4710" SrcFileId="10" StartOffset="4678"/>
<Loc EndOffset="4768" SrcFileId="10" StartOffset="4736"/>
<Loc EndOffset="4816" SrcFileId="10" StartOffset="4794"/>
<Loc EndOffset="4864" SrcFileId="10" StartOffset="4842"/>
<Loc EndOffset="4916" SrcFileId="10" StartOffset="4890"/>
<Loc EndOffset="4968" SrcFileId="10" StartOffset="4942"/>
</LocList>
<BasicStmnt CovItemId="S66" CovItemPrefix="com.OriginalFiles.Board.java" Intrnl_Id="823">
<LocList>
<Loc EndOffset="4710" SrcFileId="10" StartOffset="4678"/>
</LocList>
</BasicStmnt>
<BasicStmnt CovItemId="S67" CovItemPrefix="com.OriginalFiles.Board.java" Intrnl_Id="824">
<LocList>
<Loc EndOffset="4768" SrcFileId="10" StartOffset="4736"/>
</LocList>
</BasicStmnt>
<BasicStmnt CovItemId="S68" CovItemPrefix="com.OriginalFiles.Board.java" Intrnl_Id="825">
<LocList>
<Loc EndOffset="4816" SrcFileId="10" StartOffset="4794"/>
</LocList>
</BasicStmnt>
<BasicStmnt CovItemId="S69" CovItemPrefix="com.OriginalFiles.Board.java" Intrnl_Id="826">
<LocList>
<Loc EndOffset="4864" SrcFileId="10" StartOffset="4842"/>
</LocList>
</BasicStmnt>
<BasicStmnt CovItemId="S70" CovItemPrefix="com.OriginalFiles.Board.java" Intrnl_Id="827">
<LocList>
<Loc EndOffset="4916" SrcFileId="10" StartOffset="4890"/>
</LocList>
</BasicStmnt>
<BasicStmnt CovItemId="S71" CovItemPrefix="com.OriginalFiles.Board.java" Intrnl_Id="828">
<LocList>
<Loc EndOffset="4968" SrcFileId="10" StartOffset="4942"/>
</LocList>
</BasicStmnt>
</StmntSeq>
</Branch>
<Branch CovItemId="B14" CovItemPrefix="com.OriginalFiles.Board.java" Implct="true" Intrnl_Id="829">
<Cond/>
<LocList/>
<StmntSeq Intrnl_Id="830">
<LocList/>
</StmntSeq>
</Branch>
<Keyword EndOffset="4408" SrcFileId="10" StartOffset="4406"/>
<LocList>
<Loc EndOffset="4991" SrcFileId="10" StartOffset="4406"/>
</LocList>
<RootTerm CovItemId="C16" CovItemPrefix="com.OriginalFiles.Board.java" Intrnl_Id="831">
<OpTerm BooleanOpId="12" Intrnl_Id="832">
<BasicBoolTerm Intrnl_Id="833">
<LocList>
<Loc EndOffset="4649" SrcFileId="10" StartOffset="4411"/>
</LocList>
</BasicBoolTerm>
<LocList>
<Loc EndOffset="4411" SrcFileId="10" StartOffset="4410"/>
</LocList>
</OpTerm>
</RootTerm>
</CondStmnt>
</StmntSeq>
<Keyword EndOffset="4337" SrcFileId="10" StartOffset="4334"/>
<LocList>
<Loc EndOffset="5010" SrcFileId="10" StartOffset="4334"/>
</LocList>
<RootTerm CovItemId="C15" CovItemPrefix="com.OriginalFiles.Board.java" Intrnl_Id="834">
<BasicBoolTerm Intrnl_Id="835">
<LocList>
<Loc EndOffset="4376" SrcFileId="10" StartOffset="4354"/>
</LocList>
</BasicBoolTerm>
</RootTerm>
</LoopStmnt>
<BasicStmnt CovItemId="S72" CovItemPrefix="com.OriginalFiles.Board.java" Intrnl_Id="836">
<LocList>
<Loc EndOffset="5126" SrcFileId="10" StartOffset="5028"/>
</LocList>
</BasicStmnt>
<BasicStmnt CovItemId="S73" CovItemPrefix="com.OriginalFiles.Board.java" Intrnl_Id="837">
<LocList>
<Loc EndOffset="5242" SrcFileId="10" StartOffset="5144"/>
</LocList>
</BasicStmnt>
</StmntSeq>
<Keyword EndOffset="4273" SrcFileId="10" StartOffset="4270"/>
<LocList>
<Loc EndOffset="5257" SrcFileId="10" StartOffset="4270"/>
</LocList>
<RootTerm CovItemId="C14" CovItemPrefix="com.OriginalFiles.Board.java" Intrnl_Id="838">
<BasicBoolTerm Intrnl_Id="839">
<LocList>
<Loc EndOffset="4308" SrcFileId="10" StartOffset="4286"/>
</LocList>
</BasicBoolTerm>
</RootTerm>
</LoopStmnt>
</StmntSeq>
</HierarchyLvl>
<HierarchyLvl HierarchyLvlId="435" HierarchyLvlTypeId="17" Intrnl_Id="840" Name="isGreater">
<Header>
<Loc EndOffset="5449" SrcFileId="10" StartOffset="5344"/>
</Header>
<LocList>
<Loc EndOffset="6894" SrcFileId="10" StartOffset="5344"/>
</LocList>
<StmntSeq Intrnl_Id="841">
<LocList>
<Loc EndOffset="6887" SrcFileId="10" StartOffset="5504"/>
</LocList>
<CondStmnt CovItemId="S74" CovItemPrefix="com.OriginalFiles.Board.java" Intrnl_Id="842">
<Branch CovItemId="B15" CovItemPrefix="com.OriginalFiles.Board.java" Implct="false" Intrnl_Id="843">
<Cond/>
<LocList>
<Loc EndOffset="5784" SrcFileId="10" StartOffset="5746"/>
</LocList>
<StmntSeq Intrnl_Id="844">
<LocList>
<Loc EndOffset="5773" SrcFileId="10" StartOffset="5761"/>
</LocList>
<BasicStmnt CovItemId="S75" CovItemPrefix="com.OriginalFiles.Board.java" Intrnl_Id="845">
<LocList>
<Loc EndOffset="5773" SrcFileId="10" StartOffset="5761"/>
</LocList>
</BasicStmnt>
</StmntSeq>
</Branch>
<Branch CovItemId="B16" CovItemPrefix="com.OriginalFiles.Board.java" Implct="false" Intrnl_Id="846">
<Cond>
<Loc EndOffset="5789" SrcFileId="10" StartOffset="5785"/>
</Cond>
<LocList>
<Loc EndOffset="6887" SrcFileId="10" StartOffset="5790"/>
</LocList>
<StmntSeq Intrnl_Id="847">
<LocList>
<Loc EndOffset="6887" SrcFileId="10" StartOffset="5790"/>
</LocList>
<CondStmnt CovItemId="S76" CovItemPrefix="com.OriginalFiles.Board.java" Intrnl_Id="848">
<Branch CovItemId="B17" CovItemPrefix="com.OriginalFiles.Board.java" Implct="false" Intrnl_Id="849">
<Cond/>
<LocList>
<Loc EndOffset="5932" SrcFileId="10" StartOffset="5894"/>
</LocList>
<StmntSeq Intrnl_Id="850">
<LocList>
<Loc EndOffset="5921" SrcFileId="10" StartOffset="5909"/>
</LocList>
<BasicStmnt CovItemId="S77" CovItemPrefix="com.OriginalFiles.Board.java" Intrnl_Id="851">
<LocList>
<Loc EndOffset="5921" SrcFileId="10" StartOffset="5909"/>
</LocList>
</BasicStmnt>
</StmntSeq>
</Branch>
<Branch CovItemId="B18" CovItemPrefix="com.OriginalFiles.Board.java" Implct="false" Intrnl_Id="852">
<Cond>
<Loc EndOffset="5937" SrcFileId="10" StartOffset="5933"/>
</Cond>
<LocList>
<Loc EndOffset="6887" SrcFileId="10" StartOffset="5938"/>
</LocList>
<StmntSeq Intrnl_Id="853">
<LocList>
<Loc EndOffset="6887" SrcFileId="10" StartOffset="5938"/>
</LocList>
<CondStmnt CovItemId="S78" CovItemPrefix="com.OriginalFiles.Board.java" Intrnl_Id="854">
<Branch CovItemId="B19" CovItemPrefix="com.OriginalFiles.Board.java" Implct="false" Intrnl_Id="855">
<Cond/>
<LocList>
<Loc EndOffset="6081" SrcFileId="10" StartOffset="6042"/>
</LocList>
<StmntSeq Intrnl_Id="856">
<LocList>
<Loc EndOffset="6070" SrcFileId="10" StartOffset="6057"/>
</LocList>
<BasicStmnt CovItemId="S79" CovItemPrefix="com.OriginalFiles.Board.java" Intrnl_Id="857">
<LocList>
<Loc EndOffset="6070" SrcFileId="10" StartOffset="6057"/>
</LocList>
</BasicStmnt>
</StmntSeq>
</Branch>
<Branch CovItemId="B20" CovItemPrefix="com.OriginalFiles.Board.java" Implct="false" Intrnl_Id="858">
<Cond>
<Loc EndOffset="6086" SrcFileId="10" StartOffset="6082"/>
</Cond>
<LocList>
<Loc EndOffset="6887" SrcFileId="10" StartOffset="6087"/>
</LocList>
<StmntSeq Intrnl_Id="859">
<LocList>
<Loc EndOffset="6876" SrcFileId="10" StartOffset="6102"/>
</LocList>
<CondStmnt CovItemId="S80" CovItemPrefix="com.OriginalFiles.Board.java" Intrnl_Id="860">
<Branch CovItemId="B21" CovItemPrefix="com.OriginalFiles.Board.java" Implct="false" Intrnl_Id="861">
<Cond/>
<LocList>
<Loc EndOffset="6260" SrcFileId="10" StartOffset="6214"/>
</LocList>
<StmntSeq Intrnl_Id="862">
<LocList>
<Loc EndOffset="6245" SrcFileId="10" StartOffset="6233"/>
</LocList>
<BasicStmnt CovItemId="S81" CovItemPrefix="com.OriginalFiles.Board.java" Intrnl_Id="863">
<LocList>
<Loc EndOffset="6245" SrcFileId="10" StartOffset="6233"/>
</LocList>
</BasicStmnt>
</StmntSeq>
</Branch>
<Branch CovItemId="B22" CovItemPrefix="com.OriginalFiles.Board.java" Implct="false" Intrnl_Id="864">
<Cond>
<Loc EndOffset="6265" SrcFileId="10" StartOffset="6261"/>
</Cond>
<LocList>
<Loc EndOffset="6876" SrcFileId="10" StartOffset="6266"/>
</LocList>
<StmntSeq Intrnl_Id="865">
<LocList>
<Loc EndOffset="6876" SrcFileId="10" StartOffset="6266"/>
</LocList>
<CondStmnt CovItemId="S82" CovItemPrefix="com.OriginalFiles.Board.java" Intrnl_Id="866">
<Branch CovItemId="B23" CovItemPrefix="com.OriginalFiles.Board.java" Implct="false" Intrnl_Id="867">
<Cond/>
<LocList>
<Loc EndOffset="6429" SrcFileId="10" StartOffset="6382"/>
</LocList>
<StmntSeq Intrnl_Id="868">
<LocList>
<Loc EndOffset="6414" SrcFileId="10" StartOffset="6401"/>
</LocList>
<BasicStmnt CovItemId="S83" CovItemPrefix="com.OriginalFiles.Board.java" Intrnl_Id="869">
<LocList>
<Loc EndOffset="6414" SrcFileId="10" StartOffset="6401"/>
</LocList>
</BasicStmnt>
</StmntSeq>
</Branch>
<Branch CovItemId="B24" CovItemPrefix="com.OriginalFiles.Board.java" Implct="false" Intrnl_Id="870">
<Cond>
<Loc EndOffset="6434" SrcFileId="10" StartOffset="6430"/>
</Cond>
<LocList>
<Loc EndOffset="6876" SrcFileId="10" StartOffset="6435"/>
</LocList>
<StmntSeq Intrnl_Id="871">
<LocList>
<Loc EndOffset="6861" SrcFileId="10" StartOffset="6454"/>
</LocList>
<CondStmnt CovItemId="S84" CovItemPrefix="com.OriginalFiles.Board.java" Intrnl_Id="872">
<Branch CovItemId="B25" CovItemPrefix="com.OriginalFiles.Board.java" Implct="false" Intrnl_Id="873">
<Cond/>
<LocList>
<Loc EndOffset="6607" SrcFileId="10" StartOffset="6552"/>
</LocList>
<StmntSeq Intrnl_Id="874">
<LocList>
<Loc EndOffset="6588" SrcFileId="10" StartOffset="6575"/>
</LocList>
<BasicStmnt CovItemId="S85" CovItemPrefix="com.OriginalFiles.Board.java" Intrnl_Id="875">
<LocList>
<Loc EndOffset="6588" SrcFileId="10" StartOffset="6575"/>
</LocList>
</BasicStmnt>
</StmntSeq>
</Branch>
<Branch CovItemId="B26" CovItemPrefix="com.OriginalFiles.Board.java" Implct="false" Intrnl_Id="876">
<Cond>
<Loc EndOffset="6612" SrcFileId="10" StartOffset="6608"/>
</Cond>
<LocList>
<Loc EndOffset="6861" SrcFileId="10" StartOffset="6613"/>
</LocList>
<StmntSeq Intrnl_Id="877">
<LocList>
<Loc EndOffset="6861" SrcFileId="10" StartOffset="6613"/>
</LocList>
<CondStmnt CovItemId="S86" CovItemPrefix="com.OriginalFiles.Board.java" Intrnl_Id="878">
<Branch CovItemId="B27" CovItemPrefix="com.OriginalFiles.Board.java" Implct="false" Intrnl_Id="879">
<Cond/>
<LocList>
<Loc EndOffset="6772" SrcFileId="10" StartOffset="6718"/>
</LocList>
<StmntSeq Intrnl_Id="880">
<LocList>
<Loc EndOffset="6753" SrcFileId="10" StartOffset="6741"/>
</LocList>
<BasicStmnt CovItemId="S87" CovItemPrefix="com.OriginalFiles.Board.java" Intrnl_Id="881">
<LocList>
<Loc EndOffset="6753" SrcFileId="10" StartOffset="6741"/>
</LocList>
</BasicStmnt>
</StmntSeq>
</Branch>
<Branch CovItemId="B28" CovItemPrefix="com.OriginalFiles.Board.java" Implct="false" Intrnl_Id="882">
<Cond>
<Loc EndOffset="6777" SrcFileId="10" StartOffset="6773"/>
</Cond>
<LocList>
<Loc EndOffset="6861" SrcFileId="10" StartOffset="6778"/>
</LocList>
<StmntSeq Intrnl_Id="883">
<LocList>
<Loc EndOffset="6842" SrcFileId="10" StartOffset="6801"/>
</LocList>
<BasicStmnt CovItemId="S88" CovItemPrefix="com.OriginalFiles.Board.java" Intrnl_Id="884">
<LocList>
<Loc EndOffset="6842" SrcFileId="10" StartOffset="6801"/>
</LocList>
</BasicStmnt>
</StmntSeq>
</Branch>
<Keyword EndOffset="6615" SrcFileId="10" StartOffset="6613"/>
<LocList>
<Loc EndOffset="6861" SrcFileId="10" StartOffset="6613"/>
</LocList>
<RootTerm CovItemId="C23" CovItemPrefix="com.OriginalFiles.Board.java" Intrnl_Id="885">
<BasicBoolTerm Intrnl_Id="886">
<LocList>
<Loc EndOffset="6716" SrcFileId="10" StartOffset="6617"/>
</LocList>
</BasicBoolTerm>
</RootTerm>
</CondStmnt>
</StmntSeq>
</Branch>
<Keyword EndOffset="6456" SrcFileId="10" StartOffset="6454"/>
<LocList>
<Loc EndOffset="6861" SrcFileId="10" StartOffset="6454"/>
</LocList>
<RootTerm CovItemId="C22" CovItemPrefix="com.OriginalFiles.Board.java" Intrnl_Id="887">
<BasicBoolTerm Intrnl_Id="888">
<LocList>
<Loc EndOffset="6550" SrcFileId="10" StartOffset="6458"/>
</LocList>
</BasicBoolTerm>
</RootTerm>
</CondStmnt>
</StmntSeq>
</Branch>
<Keyword EndOffset="6268" SrcFileId="10" StartOffset="6266"/>
<LocList>
<Loc EndOffset="6876" SrcFileId="10" StartOffset="6266"/>
</LocList>
<RootTerm CovItemId="C21" CovItemPrefix="com.OriginalFiles.Board.java" Intrnl_Id="889">
<OpTerm BooleanOpId="13" Intrnl_Id="890">
<OpTerm BooleanOpId="13" Intrnl_Id="891">
<BasicBoolTerm Intrnl_Id="892">
<LocList>
<Loc EndOffset="6291" SrcFileId="10" StartOffset="6270"/>
</LocList>
</BasicBoolTerm>
<BasicBoolTerm Intrnl_Id="893">
<LocList>
<Loc EndOffset="6312" SrcFileId="10" StartOffset="6295"/>
</LocList>
</BasicBoolTerm>
<LocList>
<Loc EndOffset="6294" SrcFileId="10" StartOffset="6292"/>
</LocList>
</OpTerm>
<OpTerm BooleanOpId="12" Intrnl_Id="894">
<BasicBoolTerm Intrnl_Id="895">
<LocList>
<Loc EndOffset="6380" SrcFileId="10" StartOffset="6338"/>
</LocList>
</BasicBoolTerm>
<LocList>
<Loc EndOffset="6338" SrcFileId="10" StartOffset="6337"/>
</LocList>
</OpTerm>
<LocList>
<Loc EndOffset="6336" SrcFileId="10" StartOffset="6334"/>
</LocList>
</OpTerm>
</RootTerm>
</CondStmnt>
</StmntSeq>
</Branch>
<Keyword EndOffset="6104" SrcFileId="10" StartOffset="6102"/>
<LocList>
<Loc EndOffset="6876" SrcFileId="10" StartOffset="6102"/>
</LocList>
<RootTerm CovItemId="C20" CovItemPrefix="com.OriginalFiles.Board.java" Intrnl_Id="896">
<OpTerm BooleanOpId="13" Intrnl_Id="897">
<OpTerm BooleanOpId="13" Intrnl_Id="898">
<BasicBoolTerm Intrnl_Id="899">
<LocList>
<Loc EndOffset="6123" SrcFileId="10" StartOffset="6106"/>
</LocList>
</BasicBoolTerm>
<BasicBoolTerm Intrnl_Id="900">
<LocList>
<Loc EndOffset="6148" SrcFileId="10" StartOffset="6127"/>
</LocList>
</BasicBoolTerm>
<LocList>
<Loc EndOffset="6126" SrcFileId="10" StartOffset="6124"/>
</LocList>
</OpTerm>
<OpTerm BooleanOpId="12" Intrnl_Id="901">
<BasicBoolTerm Intrnl_Id="902">
<LocList>
<Loc EndOffset="6212" SrcFileId="10" StartOffset="6174"/>
</LocList>
</BasicBoolTerm>
<LocList>
<Loc EndOffset="6174" SrcFileId="10" StartOffset="6173"/>
</LocList>
</OpTerm>
<LocList>
<Loc EndOffset="6172" SrcFileId="10" StartOffset="6170"/>
</LocList>
</OpTerm>
</RootTerm>
</CondStmnt>
</StmntSeq>
</Branch>
<Keyword EndOffset="5940" SrcFileId="10" StartOffset="5938"/>
<LocList>
<Loc EndOffset="6887" SrcFileId="10" StartOffset="5938"/>
</LocList>
<RootTerm CovItemId="C19" CovItemPrefix="com.OriginalFiles.Board.java" Intrnl_Id="903">
<OpTerm BooleanOpId="13" Intrnl_Id="904">
<BasicBoolTerm Intrnl_Id="905">
<LocList>
<Loc EndOffset="5982" SrcFileId="10" StartOffset="5942"/>
</LocList>
</BasicBoolTerm>
<OpTerm BooleanOpId="12" Intrnl_Id="906">
<BasicBoolTerm Intrnl_Id="907">
<LocList>
<Loc EndOffset="6040" SrcFileId="10" StartOffset="6004"/>
</LocList>
</BasicBoolTerm>
<LocList>
<Loc EndOffset="6004" SrcFileId="10" StartOffset="6003"/>
</LocList>
</OpTerm>
<LocList>
<Loc EndOffset="6002" SrcFileId="10" StartOffset="6000"/>
</LocList>
</OpTerm>
</RootTerm>
</CondStmnt>
</StmntSeq>
</Branch>
<Keyword EndOffset="5792" SrcFileId="10" StartOffset="5790"/>
<LocList>
<Loc EndOffset="6887" SrcFileId="10" StartOffset="5790"/>
</LocList>
<RootTerm CovItemId="C18" CovItemPrefix="com.OriginalFiles.Board.java" Intrnl_Id="908">
<OpTerm BooleanOpId="13" Intrnl_Id="909">
<BasicBoolTerm Intrnl_Id="910">
<LocList>
<Loc EndOffset="5830" SrcFileId="10" StartOffset="5794"/>
</LocList>
</BasicBoolTerm>
<OpTerm BooleanOpId="12" Intrnl_Id="911">
<BasicBoolTerm Intrnl_Id="912">
<LocList>
<Loc EndOffset="5892" SrcFileId="10" StartOffset="5852"/>
</LocList>
</BasicBoolTerm>
<LocList>
<Loc EndOffset="5852" SrcFileId="10" StartOffset="5851"/>
</LocList>
</OpTerm>
<LocList>
<Loc EndOffset="5850" SrcFileId="10" StartOffset="5848"/>
</LocList>
</OpTerm>
</RootTerm>
</CondStmnt>
</StmntSeq>
</Branch>
<Keyword EndOffset="5506" SrcFileId="10" StartOffset="5504"/>
<LocList>
<Loc EndOffset="6887" SrcFileId="10" StartOffset="5504"/>
</LocList>
<RootTerm CovItemId="C17" CovItemPrefix="com.OriginalFiles.Board.java" Intrnl_Id="913">
<OpTerm BooleanOpId="13" Intrnl_Id="914">
<OpTerm BooleanOpId="13" Intrnl_Id="915">
<OpTerm BooleanOpId="13" Intrnl_Id="916">
<BasicBoolTerm Intrnl_Id="917">
<LocList>
<Loc EndOffset="5544" SrcFileId="10" StartOffset="5508"/>
</LocList>
</BasicBoolTerm>
<OpTerm BooleanOpId="12" Intrnl_Id="918">
<BasicBoolTerm Intrnl_Id="919">
<LocList>
<Loc EndOffset="5604" SrcFileId="10" StartOffset="5566"/>
</LocList>
</BasicBoolTerm>
<LocList>
<Loc EndOffset="5566" SrcFileId="10" StartOffset="5565"/>
</LocList>
</OpTerm>
<LocList>
<Loc EndOffset="5564" SrcFileId="10" StartOffset="5562"/>
</LocList>
</OpTerm>
<BasicBoolTerm Intrnl_Id="920">
<LocList>
<Loc EndOffset="5683" SrcFileId="10" StartOffset="5625"/>
</LocList>
</BasicBoolTerm>
<LocList>
<Loc EndOffset="5624" SrcFileId="10" StartOffset="5622"/>
</LocList>
</OpTerm>
<BasicBoolTerm Intrnl_Id="921">
<LocList>
<Loc EndOffset="5744" SrcFileId="10" StartOffset="5704"/>
</LocList>
</BasicBoolTerm>
<LocList>
<Loc EndOffset="5703" SrcFileId="10" StartOffset="5701"/>
</LocList>
</OpTerm>
</RootTerm>
</CondStmnt>
</StmntSeq>
</HierarchyLvl>
<HierarchyLvl HierarchyLvlId="436" HierarchyLvlTypeId="17" Intrnl_Id="922" Name="weight">
<Header>
<Loc EndOffset="6952" SrcFileId="10" StartOffset="6902"/>
</Header>
<LocList>
<Loc EndOffset="7034" SrcFileId="10" StartOffset="6902"/>
</LocList>
<StmntSeq Intrnl_Id="923">
<LocList>
<Loc EndOffset="7027" SrcFileId="10" StartOffset="6964"/>
</LocList>
<BasicStmnt CovItemId="S89" CovItemPrefix="com.OriginalFiles.Board.java" Intrnl_Id="924">
<LocList>
<Loc EndOffset="7027" SrcFileId="10" StartOffset="6964"/>
</LocList>
</BasicStmnt>
</StmntSeq>
</HierarchyLvl>
<HierarchyLvl HierarchyLvlId="437" HierarchyLvlTypeId="17" Intrnl_Id="925" Name="verifyOpPieceIsOnField">
<Header>
<Loc EndOffset="7144" SrcFileId="10" StartOffset="7042"/>
</Header>
<LocList>
<Loc EndOffset="7367" SrcFileId="10" StartOffset="7042"/>
</LocList>
<StmntSeq Intrnl_Id="926">
<LocList>
<Loc EndOffset="7338" SrcFileId="10" StartOffset="7156"/>
<Loc EndOffset="7360" SrcFileId="10" StartOffset="7348"/>
</LocList>
<CondStmnt CovItemId="S90" CovItemPrefix="com.OriginalFiles.Board.java" Intrnl_Id="927">
<Branch CovItemId="B29" CovItemPrefix="com.OriginalFiles.Board.java" Implct="false" Intrnl_Id="928">
<Cond/>
<LocList>
<Loc EndOffset="7338" SrcFileId="10" StartOffset="7190"/>
</LocList>
<StmntSeq Intrnl_Id="929">
<LocList>
<Loc EndOffset="7327" SrcFileId="10" StartOffset="7205"/>
</LocList>
<CondStmnt CovItemId="S91" CovItemPrefix="com.OriginalFiles.Board.java" Intrnl_Id="930">
<Branch CovItemId="B31" CovItemPrefix="com.OriginalFiles.Board.java" Implct="false" Intrnl_Id="931">
<Cond/>
<LocList>
<Loc EndOffset="7327" SrcFileId="10" StartOffset="7245"/>
</LocList>
<StmntSeq Intrnl_Id="932">
<LocList>
<Loc EndOffset="7312" SrcFileId="10" StartOffset="7264"/>
</LocList>
<BasicStmnt CovItemId="S92" CovItemPrefix="com.OriginalFiles.Board.java" Intrnl_Id="933">
<LocList>
<Loc EndOffset="7312" SrcFileId="10" StartOffset="7264"/>
</LocList>
</BasicStmnt>
</StmntSeq>
</Branch>
<Branch CovItemId="B32" CovItemPrefix="com.OriginalFiles.Board.java" Implct="true" Intrnl_Id="934">
<Cond/>
<LocList/>
<StmntSeq Intrnl_Id="935">
<LocList/>
</StmntSeq>
</Branch>
<Keyword EndOffset="7207" SrcFileId="10" StartOffset="7205"/>
<LocList>
<Loc EndOffset="7327" SrcFileId="10" StartOffset="7205"/>
</LocList>
<RootTerm CovItemId="C25" CovItemPrefix="com.OriginalFiles.Board.java" Intrnl_Id="936">
<BasicBoolTerm Intrnl_Id="937">
<LocList>
<Loc EndOffset="7243" SrcFileId="10" StartOffset="7209"/>
</LocList>
</BasicBoolTerm>
</RootTerm>
</CondStmnt>
</StmntSeq>
</Branch>
<Branch CovItemId="B30" CovItemPrefix="com.OriginalFiles.Board.java" Implct="true" Intrnl_Id="938">
<Cond/>
<LocList/>
<StmntSeq Intrnl_Id="939">
<LocList/>
</StmntSeq>
</Branch>
<Keyword EndOffset="7158" SrcFileId="10" StartOffset="7156"/>
<LocList>
<Loc EndOffset="7338" SrcFileId="10" StartOffset="7156"/>
</LocList>
<RootTerm CovItemId="C24" CovItemPrefix="com.OriginalFiles.Board.java" Intrnl_Id="940">
<BasicBoolTerm Intrnl_Id="941">
<LocList>
<Loc EndOffset="7188" SrcFileId="10" StartOffset="7160"/>
</LocList>
</BasicBoolTerm>
</RootTerm>
</CondStmnt>
<BasicStmnt CovItemId="S93" CovItemPrefix="com.OriginalFiles.Board.java" Intrnl_Id="942">
<LocList>
<Loc EndOffset="7360" SrcFileId="10" StartOffset="7348"/>
</LocList>
</BasicStmnt>
</StmntSeq>
</HierarchyLvl>
<HierarchyLvl HierarchyLvlId="438" HierarchyLvlTypeId="17" Intrnl_Id="943" Name="peasentIsOnEndRow">
<Header>
<Loc EndOffset="7426" SrcFileId="10" StartOffset="7375"/>
</Header>
<LocList>
<Loc EndOffset="7802" SrcFileId="10" StartOffset="7375"/>
</LocList>
<StmntSeq Intrnl_Id="944">
<LocList>
<Loc EndOffset="7772" SrcFileId="10" StartOffset="7438"/>
<Loc EndOffset="7795" SrcFileId="10" StartOffset="7782"/>
</LocList>
<CondStmnt CovItemId="S94" CovItemPrefix="com.OriginalFiles.Board.java" Intrnl_Id="945">
<Branch CovItemId="B33" CovItemPrefix="com.OriginalFiles.Board.java" Implct="false" Intrnl_Id="946">
<Cond/>
<LocList>
<Loc EndOffset="7772" SrcFileId="10" StartOffset="7460"/>
</LocList>
<StmntSeq Intrnl_Id="947">
<LocList>
<Loc EndOffset="7636" SrcFileId="10" StartOffset="7502"/>
<Loc EndOffset="7761" SrcFileId="10" StartOffset="7652"/>
</LocList>
<CondStmnt CovItemId="S95" CovItemPrefix="com.OriginalFiles.Board.java" Intrnl_Id="948">
<Branch CovItemId="B35" CovItemPrefix="com.OriginalFiles.Board.java" Implct="false" Intrnl_Id="949">
<Cond/>
<LocList>
<Loc EndOffset="7583" SrcFileId="10" StartOffset="7536"/>
</LocList>
<StmntSeq Intrnl_Id="950">
<LocList>
<Loc EndOffset="7568" SrcFileId="10" StartOffset="7555"/>
</LocList>
<BasicStmnt CovItemId="S96" CovItemPrefix="com.OriginalFiles.Board.java" Intrnl_Id="951">
<LocList>
<Loc EndOffset="7568" SrcFileId="10" StartOffset="7555"/>
</LocList>
</BasicStmnt>
</StmntSeq>
</Branch>
<Branch CovItemId="B36" CovItemPrefix="com.OriginalFiles.Board.java" Implct="false" Intrnl_Id="952">
<Cond>
<Loc EndOffset="7588" SrcFileId="10" StartOffset="7584"/>
</Cond>
<LocList>
<Loc EndOffset="7636" SrcFileId="10" StartOffset="7589"/>
</LocList>
<StmntSeq Intrnl_Id="953">
<LocList>
<Loc EndOffset="7621" SrcFileId="10" StartOffset="7608"/>
</LocList>
<BasicStmnt CovItemId="S97" CovItemPrefix="com.OriginalFiles.Board.java" Intrnl_Id="954">
<LocList>
<Loc EndOffset="7621" SrcFileId="10" StartOffset="7608"/>
</LocList>
</BasicStmnt>
</StmntSeq>
</Branch>
<Keyword EndOffset="7504" SrcFileId="10" StartOffset="7502"/>
<LocList>
<Loc EndOffset="7636" SrcFileId="10" StartOffset="7502"/>
</LocList>
<RootTerm CovItemId="C27" CovItemPrefix="com.OriginalFiles.Board.java" Intrnl_Id="955">
<BasicBoolTerm Intrnl_Id="956">
<LocList>
<Loc EndOffset="7534" SrcFileId="10" StartOffset="7506"/>
</LocList>
</BasicBoolTerm>
</RootTerm>
</CondStmnt>
<CondStmnt CovItemId="S98" CovItemPrefix="com.OriginalFiles.Board.java" Intrnl_Id="957">
<Branch CovItemId="B37" CovItemPrefix="com.OriginalFiles.Board.java" Implct="false" Intrnl_Id="958">
<Cond/>
<LocList>
<Loc EndOffset="7761" SrcFileId="10" StartOffset="7715"/>
</LocList>
<StmntSeq Intrnl_Id="959">
<LocList>
<Loc EndOffset="7746" SrcFileId="10" StartOffset="7734"/>
</LocList>
<BasicStmnt CovItemId="S99" CovItemPrefix="com.OriginalFiles.Board.java" Intrnl_Id="960">
<LocList>
<Loc EndOffset="7746" SrcFileId="10" StartOffset="7734"/>
</LocList>
</BasicStmnt>
</StmntSeq>
</Branch>
<Branch CovItemId="B38" CovItemPrefix="com.OriginalFiles.Board.java" Implct="true" Intrnl_Id="961">
<Cond/>
<LocList/>
<StmntSeq Intrnl_Id="962">
<LocList/>
</StmntSeq>
</Branch>
<Keyword EndOffset="7654" SrcFileId="10" StartOffset="7652"/>
<LocList>
<Loc EndOffset="7761" SrcFileId="10" StartOffset="7652"/>
</LocList>
<RootTerm CovItemId="C28" CovItemPrefix="com.OriginalFiles.Board.java" Intrnl_Id="963">
<OpTerm BooleanOpId="13" Intrnl_Id="964">
<BasicBoolTerm Intrnl_Id="965">
<LocList>
<Loc EndOffset="7675" SrcFileId="10" StartOffset="7656"/>
</LocList>
</BasicBoolTerm>
<OpTerm BooleanOpId="12" Intrnl_Id="966">
<BasicBoolTerm Intrnl_Id="967">
<LocList>
<Loc EndOffset="7713" SrcFileId="10" StartOffset="7680"/>
</LocList>
</BasicBoolTerm>
<LocList>
<Loc EndOffset="7680" SrcFileId="10" StartOffset="7679"/>
</LocList>
</OpTerm>
<LocList>
<Loc EndOffset="7678" SrcFileId="10" StartOffset="7676"/>
</LocList>
</OpTerm>
</RootTerm>
</CondStmnt>
</StmntSeq>
</Branch>
<Branch CovItemId="B34" CovItemPrefix="com.OriginalFiles.Board.java" Implct="true" Intrnl_Id="968">
<Cond/>
<LocList/>
<StmntSeq Intrnl_Id="969">
<LocList/>
</StmntSeq>
</Branch>
<Keyword EndOffset="7440" SrcFileId="10" StartOffset="7438"/>
<LocList>
<Loc EndOffset="7772" SrcFileId="10" StartOffset="7438"/>
</LocList>
<RootTerm CovItemId="C26" CovItemPrefix="com.OriginalFiles.Board.java" Intrnl_Id="970">
<OpTerm BooleanOpId="12" Intrnl_Id="971">
<BasicBoolTerm Intrnl_Id="972">
<LocList>
<Loc EndOffset="7458" SrcFileId="10" StartOffset="7443"/>
</LocList>
</BasicBoolTerm>
<LocList>
<Loc EndOffset="7443" SrcFileId="10" StartOffset="7442"/>
</LocList>
</OpTerm>
</RootTerm>
</CondStmnt>
<BasicStmnt CovItemId="S100" CovItemPrefix="com.OriginalFiles.Board.java" Intrnl_Id="973">
<LocList>
<Loc EndOffset="7795" SrcFileId="10" StartOffset="7782"/>
</LocList>
</BasicStmnt>
</StmntSeq>
</HierarchyLvl>
<HierarchyLvl HierarchyLvlId="439" HierarchyLvlTypeId="17" Intrnl_Id="974" Name="movePieceInRepresentation">
<Header>
<Loc EndOffset="8012" SrcFileId="10" StartOffset="7859"/>
</Header>
<LocList>
<Loc EndOffset="8127" SrcFileId="10" StartOffset="7859"/>
</LocList>
<StmntSeq Intrnl_Id="975">
<LocList>
<Loc EndOffset="8120" SrcFileId="10" StartOffset="8024"/>
</LocList>
<BasicStmnt CovItemId="S101" CovItemPrefix="com.OriginalFiles.Board.java" Intrnl_Id="976">
<LocList>
<Loc EndOffset="8120" SrcFileId="10" StartOffset="8024"/>
</LocList>
</BasicStmnt>
</StmntSeq>
</HierarchyLvl>
<HierarchyLvl HierarchyLvlId="440" HierarchyLvlTypeId="17" Intrnl_Id="977" Name="movePieceInRepresentation">
<Header>
<Loc EndOffset="8318" SrcFileId="10" StartOffset="8178"/>
</Header>
<LocList>
<Loc EndOffset="8604" SrcFileId="10" StartOffset="8178"/>
</LocList>
<StmntSeq Intrnl_Id="978">
<LocList>
<Loc EndOffset="8383" SrcFileId="10" StartOffset="8330"/>
<Loc EndOffset="8420" SrcFileId="10" StartOffset="8393"/>
<Loc EndOffset="8576" SrcFileId="10" StartOffset="8430"/>
</LocList>
<BasicStmnt CovItemId="S102" CovItemPrefix="com.OriginalFiles.Board.java" Intrnl_Id="979">
<LocList>
<Loc EndOffset="8383" SrcFileId="10" StartOffset="8330"/>
</LocList>
</BasicStmnt>
<BasicStmnt CovItemId="S103" CovItemPrefix="com.OriginalFiles.Board.java" Intrnl_Id="980">
<LocList>
<Loc EndOffset="8420" SrcFileId="10" StartOffset="8393"/>
</LocList>
</BasicStmnt>
<CondStmnt CovItemId="S104" CovItemPrefix="com.OriginalFiles.Board.java" Intrnl_Id="981">
<Branch CovItemId="B39" CovItemPrefix="com.OriginalFiles.Board.java" Implct="false" Intrnl_Id="982">
<Cond/>
<LocList>
<Loc EndOffset="8576" SrcFileId="10" StartOffset="8469"/>
</LocList>
<StmntSeq Intrnl_Id="983">
<LocList>
<Loc EndOffset="8565" SrcFileId="10" StartOffset="8484"/>
</LocList>
<BasicStmnt CovItemId="S105" CovItemPrefix="com.OriginalFiles.Board.java" Intrnl_Id="984">
<LocList>
<Loc EndOffset="8565" SrcFileId="10" StartOffset="8484"/>
</LocList>
</BasicStmnt>
</StmntSeq>
</Branch>
<Branch CovItemId="B40" CovItemPrefix="com.OriginalFiles.Board.java" Implct="true" Intrnl_Id="985">
<Cond/>
<LocList/>
<StmntSeq Intrnl_Id="986">
<LocList/>
</StmntSeq>
</Branch>
<Keyword EndOffset="8432" SrcFileId="10" StartOffset="8430"/>
<LocList>
<Loc EndOffset="8576" SrcFileId="10" StartOffset="8430"/>
</LocList>
<RootTerm CovItemId="C29" CovItemPrefix="com.OriginalFiles.Board.java" Intrnl_Id="987">
<BasicBoolTerm Intrnl_Id="988">
<LocList>
<Loc EndOffset="8467" SrcFileId="10" StartOffset="8434"/>
</LocList>
</BasicBoolTerm>
</RootTerm>
</CondStmnt>
</StmntSeq>
</HierarchyLvl>
<HierarchyLvl HierarchyLvlId="441" HierarchyLvlTypeId="17" Intrnl_Id="989" Name="checkMoveDirection">
<Header>
<Loc EndOffset="8784" SrcFileId="10" StartOffset="8652"/>
</Header>
<LocList>
<Loc EndOffset="8945" SrcFileId="10" StartOffset="8652"/>
</LocList>
<StmntSeq Intrnl_Id="990">
<LocList>
<Loc EndOffset="8938" SrcFileId="10" StartOffset="8796"/>
</LocList>
<BasicStmnt CovItemId="S106" CovItemPrefix="com.OriginalFiles.Board.java" Intrnl_Id="991">
<LocList>
<Loc EndOffset="8938" SrcFileId="10" StartOffset="8796"/>
</LocList>
</BasicStmnt>
</StmntSeq>
</HierarchyLvl>
<HierarchyLvl HierarchyLvlId="442" HierarchyLvlTypeId="17" Intrnl_Id="992" Name="isFieldEmptyOnBoard">
<Header>
<Loc EndOffset="9061" SrcFileId="10" StartOffset="8953"/>
</Header>
<LocList>
<Loc EndOffset="9255" SrcFileId="10" StartOffset="8953"/>
</LocList>
<StmntSeq Intrnl_Id="993">
<LocList>
<Loc EndOffset="9248" SrcFileId="10" StartOffset="9073"/>
</LocList>
<CondStmnt CovItemId="S107" CovItemPrefix="com.OriginalFiles.Board.java" Intrnl_Id="994">
<Branch CovItemId="B41" CovItemPrefix="com.OriginalFiles.Board.java" Implct="false" Intrnl_Id="995">
<Cond/>
<LocList>
<Loc EndOffset="9203" SrcFileId="10" StartOffset="9096"/>
</LocList>
<StmntSeq Intrnl_Id="996">
<LocList>
<Loc EndOffset="9156" SrcFileId="10" StartOffset="9111"/>
<Loc EndOffset="9192" SrcFileId="10" StartOffset="9172"/>
</LocList>
<BasicStmnt CovItemId="S108" CovItemPrefix="com.OriginalFiles.Board.java" Intrnl_Id="997">
<LocList>
<Loc EndOffset="9156" SrcFileId="10" StartOffset="9111"/>
</LocList>
</BasicStmnt>
<BasicStmnt CovItemId="S109" CovItemPrefix="com.OriginalFiles.Board.java" Intrnl_Id="998">
<LocList>
<Loc EndOffset="9192" SrcFileId="10" StartOffset="9172"/>
</LocList>
</BasicStmnt>
</StmntSeq>
</Branch>
<Branch CovItemId="B42" CovItemPrefix="com.OriginalFiles.Board.java" Implct="false" Intrnl_Id="999">
<Cond>
<Loc EndOffset="9208" SrcFileId="10" StartOffset="9204"/>
</Cond>
<LocList>
<Loc EndOffset="9248" SrcFileId="10" StartOffset="9209"/>
</LocList>
<StmntSeq Intrnl_Id="1000">
<LocList>
<Loc EndOffset="9237" SrcFileId="10" StartOffset="9224"/>
</LocList>
<BasicStmnt CovItemId="S110" CovItemPrefix="com.OriginalFiles.Board.java" Intrnl_Id="1001">
<LocList>
<Loc EndOffset="9237" SrcFileId="10" StartOffset="9224"/>
</LocList>
</BasicStmnt>
</StmntSeq>
</Branch>
<Keyword EndOffset="9075" SrcFileId="10" StartOffset="9073"/>
<LocList>
<Loc EndOffset="9248" SrcFileId="10" StartOffset="9073"/>
</LocList>
<RootTerm CovItemId="C30" CovItemPrefix="com.OriginalFiles.Board.java" Intrnl_Id="1002">
<BasicBoolTerm Intrnl_Id="1003">
<LocList>
<Loc EndOffset="9094" SrcFileId="10" StartOffset="9077"/>
</LocList>
</BasicBoolTerm>
</RootTerm>
</CondStmnt>
</StmntSeq>
</HierarchyLvl>
<HierarchyLvl HierarchyLvlId="443" HierarchyLvlTypeId="17" Intrnl_Id="1004" Name="fieldOccupied">
<Header>
<Loc EndOffset="9311" SrcFileId="10" StartOffset="9263"/>
</Header>
<LocList>
<Loc EndOffset="9455" SrcFileId="10" StartOffset="9263"/>
</LocList>
<StmntSeq Intrnl_Id="1005">
<LocList>
<Loc EndOffset="9448" SrcFileId="10" StartOffset="9323"/>
</LocList>
<CondStmnt CovItemId="S111" CovItemPrefix="com.OriginalFiles.Board.java" Intrnl_Id="1006">
<Branch CovItemId="B43" CovItemPrefix="com.OriginalFiles.Board.java" Implct="false" Intrnl_Id="1007">
<Cond/>
<LocList>
<Loc EndOffset="9404" SrcFileId="10" StartOffset="9346"/>
</LocList>
<StmntSeq Intrnl_Id="1008">
<LocList>
<Loc EndOffset="9393" SrcFileId="10" StartOffset="9361"/>
</LocList>
<BasicStmnt CovItemId="S112" CovItemPrefix="com.OriginalFiles.Board.java" Intrnl_Id="1009">
<LocList>
<Loc EndOffset="9393" SrcFileId="10" StartOffset="9361"/>
</LocList>
</BasicStmnt>
</StmntSeq>
</Branch>
<Branch CovItemId="B44" CovItemPrefix="com.OriginalFiles.Board.java" Implct="false" Intrnl_Id="1010">
<Cond>
<Loc EndOffset="9409" SrcFileId="10" StartOffset="9405"/>
</Cond>
<LocList>
<Loc EndOffset="9448" SrcFileId="10" StartOffset="9410"/>
</LocList>
<StmntSeq Intrnl_Id="1011">
<LocList>
<Loc EndOffset="9437" SrcFileId="10" StartOffset="9425"/>
</LocList>
<BasicStmnt CovItemId="S113" CovItemPrefix="com.OriginalFiles.Board.java" Intrnl_Id="1012">
<LocList>
<Loc EndOffset="9437" SrcFileId="10" StartOffset="9425"/>
</LocList>
</BasicStmnt>
</StmntSeq>
</Branch>
<Keyword EndOffset="9325" SrcFileId="10" StartOffset="9323"/>
<LocList>
<Loc EndOffset="9448" SrcFileId="10" StartOffset="9323"/>
</LocList>
<RootTerm CovItemId="C31" CovItemPrefix="com.OriginalFiles.Board.java" Intrnl_Id="1013">
<BasicBoolTerm Intrnl_Id="1014">
<LocList>
<Loc EndOffset="9344" SrcFileId="10" StartOffset="9327"/>
</LocList>
</BasicBoolTerm>
</RootTerm>
</CondStmnt>
</StmntSeq>
</HierarchyLvl>
<HierarchyLvl HierarchyLvlId="444" HierarchyLvlTypeId="17" Intrnl_Id="1015" Name="checkPiece">
<Header>
<Loc EndOffset="9614" SrcFileId="10" StartOffset="9542"/>
</Header>
<LocList>
<Loc EndOffset="9995" SrcFileId="10" StartOffset="9542"/>
</LocList>
<StmntSeq Intrnl_Id="1016">
<LocList>
<Loc EndOffset="9747" SrcFileId="10" StartOffset="9626"/>
<Loc EndOffset="9988" SrcFileId="10" StartOffset="9759"/>
</LocList>
<BasicStmnt CovItemId="S114" CovItemPrefix="com.OriginalFiles.Board.java" Intrnl_Id="1017">
<LocList>
<Loc EndOffset="9747" SrcFileId="10" StartOffset="9626"/>
</LocList>
</BasicStmnt>
<CondStmnt CovItemId="S115" CovItemPrefix="com.OriginalFiles.Board.java" Intrnl_Id="1018">
<Branch CovItemId="B45" CovItemPrefix="com.OriginalFiles.Board.java" Implct="false" Intrnl_Id="1019">
<Cond/>
<LocList>
<Loc EndOffset="9864" SrcFileId="10" StartOffset="9796"/>
</LocList>
<StmntSeq Intrnl_Id="1020">
<LocList>
<Loc EndOffset="9853" SrcFileId="10" StartOffset="9811"/>
</LocList>
<BasicStmnt CovItemId="S116" CovItemPrefix="com.OriginalFiles.Board.java" Intrnl_Id="1021">
<LocList>
<Loc EndOffset="9853" SrcFileId="10" StartOffset="9811"/>
</LocList>
</BasicStmnt>
</StmntSeq>
</Branch>
<Branch CovItemId="B46" CovItemPrefix="com.OriginalFiles.Board.java" Implct="false" Intrnl_Id="1022">
<Cond>
<Loc EndOffset="9869" SrcFileId="10" StartOffset="9865"/>
</Cond>
<LocList>
<Loc EndOffset="9988" SrcFileId="10" StartOffset="9870"/>
</LocList>
<StmntSeq Intrnl_Id="1023">
<LocList>
<Loc EndOffset="9977" SrcFileId="10" StartOffset="9885"/>
</LocList>
<BasicStmnt CovItemId="S117" CovItemPrefix="com.OriginalFiles.Board.java" Intrnl_Id="1024">
<LocList>
<Loc EndOffset="9977" SrcFileId="10" StartOffset="9885"/>
</LocList>
</BasicStmnt>
</StmntSeq>
</Branch>
<Keyword EndOffset="9761" SrcFileId="10" StartOffset="9759"/>
<LocList>
<Loc EndOffset="9988" SrcFileId="10" StartOffset="9759"/>
</LocList>
<RootTerm CovItemId="C32" CovItemPrefix="com.OriginalFiles.Board.java" Intrnl_Id="1025">
<BasicBoolTerm Intrnl_Id="1026">
<LocList>
<Loc EndOffset="9794" SrcFileId="10" StartOffset="9763"/>
</LocList>
</BasicBoolTerm>
</RootTerm>
</CondStmnt>
</StmntSeq>
</HierarchyLvl>
<HierarchyLvl HierarchyLvlId="445" HierarchyLvlTypeId="17" Intrnl_Id="1027" Name="checkMoveableBoolean">
<Header>
<Loc EndOffset="10078" SrcFileId="10" StartOffset="10020"/>
</Header>
<LocList>
<Loc EndOffset="10141" SrcFileId="10" StartOffset="10020"/>
</LocList>
<StmntSeq Intrnl_Id="1028">
<LocList>
<Loc EndOffset="10134" SrcFileId="10" StartOffset="10090"/>
</LocList>
<BasicStmnt CovItemId="S118" CovItemPrefix="com.OriginalFiles.Board.java" Intrnl_Id="1029">
<LocList>
<Loc EndOffset="10134" SrcFileId="10" StartOffset="10090"/>
</LocList>
</BasicStmnt>
</StmntSeq>
</HierarchyLvl>
<HierarchyLvl HierarchyLvlId="446" HierarchyLvlTypeId="17" Intrnl_Id="1030" Name="checkMoveable">
<Header>
<Loc EndOffset="10251" SrcFileId="10" StartOffset="10191"/>
</Header>
<LocList>
<Loc EndOffset="11081" SrcFileId="10" StartOffset="10191"/>
</LocList>
<StmntSeq Intrnl_Id="1031">
<LocList>
<Loc EndOffset="10314" SrcFileId="10" StartOffset="10263"/>
<Loc EndOffset="10485" SrcFileId="10" StartOffset="10351"/>
<Loc EndOffset="10629" SrcFileId="10" StartOffset="10495"/>
<Loc EndOffset="11043" SrcFileId="10" StartOffset="10680"/>
<Loc EndOffset="11074" SrcFileId="10" StartOffset="11053"/>
</LocList>
<BasicStmnt CovItemId="S119" CovItemPrefix="com.OriginalFiles.Board.java" Intrnl_Id="1032">
<LocList>
<Loc EndOffset="10314" SrcFileId="10" StartOffset="10263"/>
</LocList>
</BasicStmnt>
<CondStmnt CovItemId="S120" CovItemPrefix="com.OriginalFiles.Board.java" Intrnl_Id="1033">
<Branch CovItemId="B47" CovItemPrefix="com.OriginalFiles.Board.java" Implct="false" Intrnl_Id="1034">
<Cond/>
<LocList>
<Loc EndOffset="10485" SrcFileId="10" StartOffset="10404"/>
</LocList>
<StmntSeq Intrnl_Id="1035">
<LocList>
<Loc EndOffset="10474" SrcFileId="10" StartOffset="10419"/>
</LocList>
<BasicStmnt CovItemId="S121" CovItemPrefix="com.OriginalFiles.Board.java" Intrnl_Id="1036">
<LocList>
<Loc EndOffset="10474" SrcFileId="10" StartOffset="10419"/>
</LocList>
</BasicStmnt>
</StmntSeq>
</Branch>
<Branch CovItemId="B48" CovItemPrefix="com.OriginalFiles.Board.java" Implct="true" Intrnl_Id="1037">
<Cond/>
<LocList/>
<StmntSeq Intrnl_Id="1038">
<LocList/>
</StmntSeq>
</Branch>
<Keyword EndOffset="10353" SrcFileId="10" StartOffset="10351"/>
<LocList>
<Loc EndOffset="10485" SrcFileId="10" StartOffset="10351"/>
</LocList>
<RootTerm CovItemId="C33" CovItemPrefix="com.OriginalFiles.Board.java" Intrnl_Id="1039">
<OpTerm BooleanOpId="12" Intrnl_Id="1040">
<BasicBoolTerm Intrnl_Id="1041">
<LocList>
<Loc EndOffset="10402" SrcFileId="10" StartOffset="10356"/>
</LocList>
</BasicBoolTerm>
<LocList>
<Loc EndOffset="10356" SrcFileId="10" StartOffset="10355"/>
</LocList>
</OpTerm>
</RootTerm>
</CondStmnt>
<CondStmnt CovItemId="S122" CovItemPrefix="com.OriginalFiles.Board.java" Intrnl_Id="1042">
<Branch CovItemId="B49" CovItemPrefix="com.OriginalFiles.Board.java" Implct="false" Intrnl_Id="1043">
<Cond/>
<LocList>
<Loc EndOffset="10629" SrcFileId="10" StartOffset="10548"/>
</LocList>
<StmntSeq Intrnl_Id="1044">
<LocList>
<Loc EndOffset="10618" SrcFileId="10" StartOffset="10563"/>
</LocList>
<BasicStmnt CovItemId="S123" CovItemPrefix="com.OriginalFiles.Board.java" Intrnl_Id="1045">
<LocList>
<Loc EndOffset="10618" SrcFileId="10" StartOffset="10563"/>
</LocList>
</BasicStmnt>
</StmntSeq>
</Branch>
<Branch CovItemId="B50" CovItemPrefix="com.OriginalFiles.Board.java" Implct="true" Intrnl_Id="1046">
<Cond/>
<LocList/>
<StmntSeq Intrnl_Id="1047">
<LocList/>
</StmntSeq>
</Branch>
<Keyword EndOffset="10497" SrcFileId="10" StartOffset="10495"/>
<LocList>
<Loc EndOffset="10629" SrcFileId="10" StartOffset="10495"/>
</LocList>
<RootTerm CovItemId="C34" CovItemPrefix="com.OriginalFiles.Board.java" Intrnl_Id="1048">
<OpTerm BooleanOpId="12" Intrnl_Id="1049">
<BasicBoolTerm Intrnl_Id="1050">
<LocList>
<Loc EndOffset="10546" SrcFileId="10" StartOffset="10500"/>
</LocList>
</BasicBoolTerm>
<LocList>
<Loc EndOffset="10500" SrcFileId="10" StartOffset="10499"/>
</LocList>
</OpTerm>
</RootTerm>
</CondStmnt>
<CondStmnt CovItemId="S124" CovItemPrefix="com.OriginalFiles.Board.java" Intrnl_Id="1051">
<Branch CovItemId="B51" CovItemPrefix="com.OriginalFiles.Board.java" Implct="false" Intrnl_Id="1052">
<Cond/>
<LocList>
<Loc EndOffset="11043" SrcFileId="10" StartOffset="10719"/>
</LocList>
<StmntSeq Intrnl_Id="1053">
<LocList>
<Loc EndOffset="10876" SrcFileId="10" StartOffset="10734"/>
<Loc EndOffset="11032" SrcFileId="10" StartOffset="10890"/>
</LocList>
<CondStmnt CovItemId="S125" CovItemPrefix="com.OriginalFiles.Board.java" Intrnl_Id="1054">
<Branch CovItemId="B53" CovItemPrefix="com.OriginalFiles.Board.java" Implct="false" Intrnl_Id="1055">
<Cond/>
<LocList>
<Loc EndOffset="10876" SrcFileId="10" StartOffset="10787"/>
</LocList>
<StmntSeq Intrnl_Id="1056">
<LocList>
<Loc EndOffset="10861" SrcFileId="10" StartOffset="10806"/>
</LocList>
<BasicStmnt CovItemId="S126" CovItemPrefix="com.OriginalFiles.Board.java" Intrnl_Id="1057">
<LocList>
<Loc EndOffset="10861" SrcFileId="10" StartOffset="10806"/>
</LocList>
</BasicStmnt>
</StmntSeq>
</Branch>
<Branch CovItemId="B54" CovItemPrefix="com.OriginalFiles.Board.java" Implct="true" Intrnl_Id="1058">
<Cond/>
<LocList/>
<StmntSeq Intrnl_Id="1059">
<LocList/>
</StmntSeq>
</Branch>
<Keyword EndOffset="10736" SrcFileId="10" StartOffset="10734"/>
<LocList>
<Loc EndOffset="10876" SrcFileId="10" StartOffset="10734"/>
</LocList>
<RootTerm CovItemId="C36" CovItemPrefix="com.OriginalFiles.Board.java" Intrnl_Id="1060">
<OpTerm BooleanOpId="12" Intrnl_Id="1061">
<BasicBoolTerm Intrnl_Id="1062">
<LocList>
<Loc EndOffset="10785" SrcFileId="10" StartOffset="10739"/>
</LocList>
</BasicBoolTerm>
<LocList>
<Loc EndOffset="10739" SrcFileId="10" StartOffset="10738"/>
</LocList>
</OpTerm>
</RootTerm>
</CondStmnt>
<CondStmnt CovItemId="S127" CovItemPrefix="com.OriginalFiles.Board.java" Intrnl_Id="1063">
<Branch CovItemId="B55" CovItemPrefix="com.OriginalFiles.Board.java" Implct="false" Intrnl_Id="1064">
<Cond/>
<LocList>
<Loc EndOffset="11032" SrcFileId="10" StartOffset="10943"/>
</LocList>
<StmntSeq Intrnl_Id="1065">
<LocList>
<Loc EndOffset="11017" SrcFileId="10" StartOffset="10962"/>
</LocList>
<BasicStmnt CovItemId="S128" CovItemPrefix="com.OriginalFiles.Board.java" Intrnl_Id="1066">
<LocList>
<Loc EndOffset="11017" SrcFileId="10" StartOffset="10962"/>
</LocList>
</BasicStmnt>
</StmntSeq>
</Branch>
<Branch CovItemId="B56" CovItemPrefix="com.OriginalFiles.Board.java" Implct="true" Intrnl_Id="1067">
<Cond/>
<LocList/>
<StmntSeq Intrnl_Id="1068">
<LocList/>
</StmntSeq>
</Branch>
<Keyword EndOffset="10892" SrcFileId="10" StartOffset="10890"/>
<LocList>
<Loc EndOffset="11032" SrcFileId="10" StartOffset="10890"/>
</LocList>
<RootTerm CovItemId="C37" CovItemPrefix="com.OriginalFiles.Board.java" Intrnl_Id="1069">
<OpTerm BooleanOpId="12" Intrnl_Id="1070">
<BasicBoolTerm Intrnl_Id="1071">
<LocList>
<Loc EndOffset="10941" SrcFileId="10" StartOffset="10895"/>
</LocList>
</BasicBoolTerm>
<LocList>
<Loc EndOffset="10895" SrcFileId="10" StartOffset="10894"/>
</LocList>
</OpTerm>
</RootTerm>
</CondStmnt>
</StmntSeq>
</Branch>
<Branch CovItemId="B52" CovItemPrefix="com.OriginalFiles.Board.java" Implct="true" Intrnl_Id="1072">
<Cond/>
<LocList/>
<StmntSeq Intrnl_Id="1073">
<LocList/>
</StmntSeq>
</Branch>
<Keyword EndOffset="10682" SrcFileId="10" StartOffset="10680"/>
<LocList>
<Loc EndOffset="11043" SrcFileId="10" StartOffset="10680"/>
</LocList>
<RootTerm CovItemId="C35" CovItemPrefix="com.OriginalFiles.Board.java" Intrnl_Id="1074">
<BasicBoolTerm Intrnl_Id="1075">
<LocList>
<Loc EndOffset="10717" SrcFileId="10" StartOffset="10684"/>
</LocList>
</BasicBoolTerm>
</RootTerm>
</CondStmnt>
<BasicStmnt CovItemId="S129" CovItemPrefix="com.OriginalFiles.Board.java" Intrnl_Id="1076">
<LocList>
<Loc EndOffset="11074" SrcFileId="10" StartOffset="11053"/>
</LocList>
</BasicStmnt>
</StmntSeq>
</HierarchyLvl>
<HierarchyLvl HierarchyLvlId="447" HierarchyLvlTypeId="17" Intrnl_Id="1077" Name="checkJump">
<Header>
<Loc EndOffset="11253" SrcFileId="10" StartOffset="11157"/>
</Header>
<LocList>
<Loc EndOffset="11717" SrcFileId="10" StartOffset="11157"/>
</LocList>
<StmntSeq Intrnl_Id="1078">
<LocList>
<Loc EndOffset="11710" SrcFileId="10" StartOffset="11265"/>
</LocList>
<BasicStmnt CovItemId="S130" CovItemPrefix="com.OriginalFiles.Board.java" Intrnl_Id="1079">
<LocList>
<Loc EndOffset="11710" SrcFileId="10" StartOffset="11265"/>
</LocList>
</BasicStmnt>
</StmntSeq>
</HierarchyLvl>
<HierarchyLvl HierarchyLvlId="448" HierarchyLvlTypeId="17" Intrnl_Id="1080" Name="checkJumpDirection">
<Header>
<Loc EndOffset="11923" SrcFileId="10" StartOffset="11795"/>
</Header>
<LocList>
<Loc EndOffset="12611" SrcFileId="10" StartOffset="11795"/>
</LocList>
<StmntSeq Intrnl_Id="1081">
<LocList>
<Loc EndOffset="12080" SrcFileId="10" StartOffset="11935"/>
<Loc EndOffset="12582" SrcFileId="10" StartOffset="12092"/>
<Loc EndOffset="12604" SrcFileId="10" StartOffset="12592"/>
</LocList>
<CondStmnt CovItemId="S131" CovItemPrefix="com.OriginalFiles.Board.java" Intrnl_Id="1082">
<Branch CovItemId="B57" CovItemPrefix="com.OriginalFiles.Board.java" Implct="false" Intrnl_Id="1083">
<Cond/>
<LocList>
<Loc EndOffset="12080" SrcFileId="10" StartOffset="12042"/>
</LocList>
<StmntSeq Intrnl_Id="1084">
<LocList>
<Loc EndOffset="12069" SrcFileId="10" StartOffset="12057"/>
</LocList>
<BasicStmnt CovItemId="S132" CovItemPrefix="com.OriginalFiles.Board.java" Intrnl_Id="1085">
<LocList>
<Loc EndOffset="12069" SrcFileId="10" StartOffset="12057"/>
</LocList>
</BasicStmnt>
</StmntSeq>
</Branch>
<Branch CovItemId="B58" CovItemPrefix="com.OriginalFiles.Board.java" Implct="true" Intrnl_Id="1086">
<Cond/>
<LocList/>
<StmntSeq Intrnl_Id="1087">
<LocList/>
</StmntSeq>
</Branch>
<Keyword EndOffset="11937" SrcFileId="10" StartOffset="11935"/>
<LocList>
<Loc EndOffset="12080" SrcFileId="10" StartOffset="11935"/>
</LocList>
<RootTerm CovItemId="C38" CovItemPrefix="com.OriginalFiles.Board.java" Intrnl_Id="1088">
<OpTerm BooleanOpId="13" Intrnl_Id="1089">
<OpTerm BooleanOpId="14" Intrnl_Id="1090">
<OpTerm BooleanOpId="13" Intrnl_Id="1091">
<BasicBoolTerm Intrnl_Id="1092">
<LocList>
<Loc EndOffset="11957" SrcFileId="10" StartOffset="11941"/>
</LocList>
</BasicBoolTerm>
<BasicBoolTerm Intrnl_Id="1093">
<LocList>
<Loc EndOffset="11971" SrcFileId="10" StartOffset="11961"/>
</LocList>
</BasicBoolTerm>
<LocList>
<Loc EndOffset="11960" SrcFileId="10" StartOffset="11958"/>
</LocList>
</OpTerm>
<OpTerm BooleanOpId="13" Intrnl_Id="1094">
<OpTerm BooleanOpId="12" Intrnl_Id="1095">
<BasicBoolTerm Intrnl_Id="1096">
<LocList>
<Loc EndOffset="12011" SrcFileId="10" StartOffset="11995"/>
</LocList>
</BasicBoolTerm>
<LocList>
<Loc EndOffset="11995" SrcFileId="10" StartOffset="11994"/>
</LocList>
</OpTerm>
<BasicBoolTerm Intrnl_Id="1097">
<LocList>
<Loc EndOffset="12024" SrcFileId="10" StartOffset="12015"/>
</LocList>
</BasicBoolTerm>
<LocList>
<Loc EndOffset="12014" SrcFileId="10" StartOffset="12012"/>
</LocList>
</OpTerm>
<LocList>
<Loc EndOffset="11992" SrcFileId="10" StartOffset="11990"/>
</LocList>
</OpTerm>
<OpTerm BooleanOpId="12" Intrnl_Id="1098">
<BasicBoolTerm Intrnl_Id="1099">
<LocList>
<Loc EndOffset="12040" SrcFileId="10" StartOffset="12031"/>
</LocList>
</BasicBoolTerm>
<LocList>
<Loc EndOffset="12031" SrcFileId="10" StartOffset="12030"/>
</LocList>
</OpTerm>
<LocList>
<Loc EndOffset="12029" SrcFileId="10" StartOffset="12027"/>
</LocList>
</OpTerm>
</RootTerm>
</CondStmnt>
<CondStmnt CovItemId="S133" CovItemPrefix="com.OriginalFiles.Board.java" Intrnl_Id="1100">
<Branch CovItemId="B59" CovItemPrefix="com.OriginalFiles.Board.java" Implct="false" Intrnl_Id="1101">
<Cond/>
<LocList>
<Loc EndOffset="12582" SrcFileId="10" StartOffset="12149"/>
</LocList>
<StmntSeq Intrnl_Id="1102">
<LocList>
<Loc EndOffset="12571" SrcFileId="10" StartOffset="12164"/>
</LocList>
<CondStmnt CovItemId="S134" CovItemPrefix="com.OriginalFiles.Board.java" Intrnl_Id="1103">
<Branch CovItemId="B61" CovItemPrefix="com.OriginalFiles.Board.java" Implct="false" Intrnl_Id="1104">
<Cond/>
<LocList>
<Loc EndOffset="12571" SrcFileId="10" StartOffset="12226"/>
</LocList>
<StmntSeq Intrnl_Id="1105">
<LocList>
<Loc EndOffset="12556" SrcFileId="10" StartOffset="12245"/>
</LocList>
<CondStmnt CovItemId="S135" CovItemPrefix="com.OriginalFiles.Board.java" Intrnl_Id="1106">
<Branch CovItemId="B63" CovItemPrefix="com.OriginalFiles.Board.java" Implct="false" Intrnl_Id="1107">
<Cond/>
<LocList>
<Loc EndOffset="12556" SrcFileId="10" StartOffset="12459"/>
</LocList>
<StmntSeq Intrnl_Id="1108">
<LocList>
<Loc EndOffset="12537" SrcFileId="10" StartOffset="12482"/>
</LocList>
<BasicStmnt CovItemId="S136" CovItemPrefix="com.OriginalFiles.Board.java" Intrnl_Id="1109">
<LocList>
<Loc EndOffset="12537" SrcFileId="10" StartOffset="12482"/>
</LocList>
</BasicStmnt>
</StmntSeq>
</Branch>
<Branch CovItemId="B64" CovItemPrefix="com.OriginalFiles.Board.java" Implct="true" Intrnl_Id="1110">
<Cond/>
<LocList/>
<StmntSeq Intrnl_Id="1111">
<LocList/>
</StmntSeq>
</Branch>
<Keyword EndOffset="12247" SrcFileId="10" StartOffset="12245"/>
<LocList>
<Loc EndOffset="12556" SrcFileId="10" StartOffset="12245"/>
</LocList>
<RootTerm CovItemId="C41" CovItemPrefix="com.OriginalFiles.Board.java" Intrnl_Id="1112">
<OpTerm BooleanOpId="13" Intrnl_Id="1113">
<BasicBoolTerm Intrnl_Id="1114">
<LocList>
<Loc EndOffset="12347" SrcFileId="10" StartOffset="12249"/>
</LocList>
</BasicBoolTerm>
<OpTerm BooleanOpId="12" Intrnl_Id="1115">
<BasicBoolTerm Intrnl_Id="1116">
<LocList>
<Loc EndOffset="12457" SrcFileId="10" StartOffset="12375"/>
</LocList>
</BasicBoolTerm>
<LocList>
<Loc EndOffset="12375" SrcFileId="10" StartOffset="12374"/>
</LocList>
</OpTerm>
<LocList>
<Loc EndOffset="12373" SrcFileId="10" StartOffset="12371"/>
</LocList>
</OpTerm>
</RootTerm>
</CondStmnt>
</StmntSeq>
</Branch>
<Branch CovItemId="B62" CovItemPrefix="com.OriginalFiles.Board.java" Implct="true" Intrnl_Id="1117">
<Cond/>
<LocList/>
<StmntSeq Intrnl_Id="1118">
<LocList/>
</StmntSeq>
</Branch>
<Keyword EndOffset="12166" SrcFileId="10" StartOffset="12164"/>
<LocList>
<Loc EndOffset="12571" SrcFileId="10" StartOffset="12164"/>
</LocList>
<RootTerm CovItemId="C40" CovItemPrefix="com.OriginalFiles.Board.java" Intrnl_Id="1119">
<OpTerm BooleanOpId="12" Intrnl_Id="1120">
<BasicBoolTerm Intrnl_Id="1121">
<LocList>
<Loc EndOffset="12224" SrcFileId="10" StartOffset="12169"/>
</LocList>
</BasicBoolTerm>
<LocList>
<Loc EndOffset="12169" SrcFileId="10" StartOffset="12168"/>
</LocList>
</OpTerm>
</RootTerm>
</CondStmnt>
</StmntSeq>
</Branch>
<Branch CovItemId="B60" CovItemPrefix="com.OriginalFiles.Board.java" Implct="true" Intrnl_Id="1122">
<Cond/>
<LocList/>
<StmntSeq Intrnl_Id="1123">
<LocList/>
</StmntSeq>
</Branch>
<Keyword EndOffset="12094" SrcFileId="10" StartOffset="12092"/>
<LocList>
<Loc EndOffset="12582" SrcFileId="10" StartOffset="12092"/>
</LocList>
<RootTerm CovItemId="C39" CovItemPrefix="com.OriginalFiles.Board.java" Intrnl_Id="1124">
<BasicBoolTerm Intrnl_Id="1125">
<LocList>
<Loc EndOffset="12147" SrcFileId="10" StartOffset="12096"/>
</LocList>
</BasicBoolTerm>
</RootTerm>
</CondStmnt>
<BasicStmnt CovItemId="S137" CovItemPrefix="com.OriginalFiles.Board.java" Intrnl_Id="1126">
<LocList>
<Loc EndOffset="12604" SrcFileId="10" StartOffset="12592"/>
</LocList>
</BasicStmnt>
</StmntSeq>
</HierarchyLvl>
<HierarchyLvl HierarchyLvlId="449" HierarchyLvlTypeId="17" Intrnl_Id="1127" Name="checkJumpDirectionBoolean">
<Header>
<Loc EndOffset="12768" SrcFileId="10" StartOffset="12636"/>
</Header>
<LocList>
<Loc EndOffset="12889" SrcFileId="10" StartOffset="12636"/>
</LocList>
<StmntSeq Intrnl_Id="1128">
<LocList>
<Loc EndOffset="12882" SrcFileId="10" StartOffset="12780"/>
</LocList>
<BasicStmnt CovItemId="S138" CovItemPrefix="com.OriginalFiles.Board.java" Intrnl_Id="1129">
<LocList>
<Loc EndOffset="12882" SrcFileId="10" StartOffset="12780"/>
</LocList>
</BasicStmnt>
</StmntSeq>
</HierarchyLvl>
<HierarchyLvl HierarchyLvlId="450" HierarchyLvlTypeId="17" Intrnl_Id="1130" Name="updateMoveables">
<Header>
<Loc EndOffset="12982" SrcFileId="10" StartOffset="12947"/>
</Header>
<LocList>
<Loc EndOffset="13663" SrcFileId="10" StartOffset="12947"/>
</LocList>
<StmntSeq Intrnl_Id="1131">
<LocList>
<Loc EndOffset="13009" SrcFileId="10" StartOffset="12994"/>
<Loc EndOffset="13631" SrcFileId="10" StartOffset="13019"/>
<Loc EndOffset="13656" SrcFileId="10" StartOffset="13641"/>
</LocList>
<BasicStmnt CovItemId="S139" CovItemPrefix="com.OriginalFiles.Board.java" Intrnl_Id="1132">
<LocList>
<Loc EndOffset="13009" SrcFileId="10" StartOffset="12994"/>
</LocList>
</BasicStmnt>
<LoopStmnt CovItemId="S140" CovItemPrefix="com.OriginalFiles.Board.java" Intrnl_Id="1133" MltplExecId="L12-2" MltplExecPrefix="com.OriginalFiles.Board.java" NvrExecId="L12-0" NvrExecPrefix="com.OriginalFiles.Board.java" OnceExecutedId="L12-1" OnceExecutedPrefix="com.OriginalFiles.Board.java" OptBodyExec="true">
<StmntSeq Intrnl_Id="1134">
<LocList>
<Loc EndOffset="13620" SrcFileId="10" StartOffset="13060"/>
</LocList>
<LoopStmnt CovItemId="S141" CovItemPrefix="com.OriginalFiles.Board.java" Intrnl_Id="1135" MltplExecId="L13-2" MltplExecPrefix="com.OriginalFiles.Board.java" NvrExecId="L13-0" NvrExecPrefix="com.OriginalFiles.Board.java" OnceExecutedId="L13-1" OnceExecutedPrefix="com.OriginalFiles.Board.java" OptBodyExec="true">
<StmntSeq Intrnl_Id="1136">
<LocList>
<Loc EndOffset="13605" SrcFileId="10" StartOffset="13101"/>
</LocList>
<CondStmnt CovItemId="S142" CovItemPrefix="com.OriginalFiles.Board.java" Intrnl_Id="1137">
<Branch CovItemId="B65" CovItemPrefix="com.OriginalFiles.Board.java" Implct="false" Intrnl_Id="1138">
<Cond/>
<LocList>
<Loc EndOffset="13605" SrcFileId="10" StartOffset="13125"/>
</LocList>
<StmntSeq Intrnl_Id="1139">
<LocList>
<Loc EndOffset="13586" SrcFileId="10" StartOffset="13148"/>
</LocList>
<CondStmnt CovItemId="S143" CovItemPrefix="com.OriginalFiles.Board.java" Intrnl_Id="1140">
<Branch CovItemId="B67" CovItemPrefix="com.OriginalFiles.Board.java" Implct="false" Intrnl_Id="1141">
<Cond/>
<LocList>
<Loc EndOffset="13586" SrcFileId="10" StartOffset="13185"/>
</LocList>
<StmntSeq Intrnl_Id="1142">
<LocList>
<Loc EndOffset="13563" SrcFileId="10" StartOffset="13263"/>
</LocList>
<CondStmnt CovItemId="S144" CovItemPrefix="com.OriginalFiles.Board.java" Intrnl_Id="1143">
<Branch CovItemId="B69" CovItemPrefix="com.OriginalFiles.Board.java" Implct="false" Intrnl_Id="1144">
<Cond/>
<LocList>
<Loc EndOffset="13436" SrcFileId="10" StartOffset="13298"/>
</LocList>
<StmntSeq Intrnl_Id="1145">
<LocList>
<Loc EndOffset="13356" SrcFileId="10" StartOffset="13329"/>
</LocList>
<BasicStmnt CovItemId="S145" CovItemPrefix="com.OriginalFiles.Board.java" Intrnl_Id="1146">
<LocList>
<Loc EndOffset="13356" SrcFileId="10" StartOffset="13329"/>
</LocList>
</BasicStmnt>
</StmntSeq>
</Branch>
<Branch CovItemId="B70" CovItemPrefix="com.OriginalFiles.Board.java" Implct="false" Intrnl_Id="1147">
<Cond>
<Loc EndOffset="13441" SrcFileId="10" StartOffset="13437"/>
</Cond>
<LocList>
<Loc EndOffset="13563" SrcFileId="10" StartOffset="13442"/>
</LocList>
<StmntSeq Intrnl_Id="1148">
<LocList>
<Loc EndOffset="13563" SrcFileId="10" StartOffset="13442"/>
</LocList>
<CondStmnt CovItemId="S146" CovItemPrefix="com.OriginalFiles.Board.java" Intrnl_Id="1149">
<Branch CovItemId="B71" CovItemPrefix="com.OriginalFiles.Board.java" Implct="false" Intrnl_Id="1150">
<Cond/>
<LocList>
<Loc EndOffset="13563" SrcFileId="10" StartOffset="13476"/>
</LocList>
<StmntSeq Intrnl_Id="1151">
<LocList>
<Loc EndOffset="13536" SrcFileId="10" StartOffset="13507"/>
</LocList>
<BasicStmnt CovItemId="S147" CovItemPrefix="com.OriginalFiles.Board.java" Intrnl_Id="1152">
<LocList>
<Loc EndOffset="13536" SrcFileId="10" StartOffset="13507"/>
</LocList>
</BasicStmnt>
</StmntSeq>
</Branch>
<Branch CovItemId="B72" CovItemPrefix="com.OriginalFiles.Board.java" Implct="true" Intrnl_Id="1153">
<Cond/>
<LocList/>
<StmntSeq Intrnl_Id="1154">
<LocList/>
</StmntSeq>
</Branch>
<Keyword EndOffset="13444" SrcFileId="10" StartOffset="13442"/>
<LocList>
<Loc EndOffset="13563" SrcFileId="10" StartOffset="13442"/>
</LocList>
<RootTerm CovItemId="C45" CovItemPrefix="com.OriginalFiles.Board.java" Intrnl_Id="1155">
<BasicBoolTerm Intrnl_Id="1156">
<LocList>
<Loc EndOffset="13474" SrcFileId="10" StartOffset="13446"/>
</LocList>
</BasicBoolTerm>
</RootTerm>
</CondStmnt>
</StmntSeq>
</Branch>
<Keyword EndOffset="13265" SrcFileId="10" StartOffset="13263"/>
<LocList>
<Loc EndOffset="13563" SrcFileId="10" StartOffset="13263"/>
</LocList>
<RootTerm CovItemId="C44" CovItemPrefix="com.OriginalFiles.Board.java" Intrnl_Id="1157">
<BasicBoolTerm Intrnl_Id="1158">
<LocList>
<Loc EndOffset="13296" SrcFileId="10" StartOffset="13267"/>
</LocList>
</BasicBoolTerm>
</RootTerm>
</CondStmnt>
</StmntSeq>
</Branch>
<Branch CovItemId="B68" CovItemPrefix="com.OriginalFiles.Board.java" Implct="true" Intrnl_Id="1159">
<Cond/>
<LocList/>
<StmntSeq Intrnl_Id="1160">
<LocList/>
</StmntSeq>
</Branch>
<Keyword EndOffset="13150" SrcFileId="10" StartOffset="13148"/>
<LocList>
<Loc EndOffset="13586" SrcFileId="10" StartOffset="13148"/>
</LocList>
<RootTerm CovItemId="C43" CovItemPrefix="com.OriginalFiles.Board.java" Intrnl_Id="1161">
<BasicBoolTerm Intrnl_Id="1162">
<LocList>
<Loc EndOffset="13183" SrcFileId="10" StartOffset="13152"/>
</LocList>
</BasicBoolTerm>
</RootTerm>
</CondStmnt>
</StmntSeq>
</Branch>
<Branch CovItemId="B66" CovItemPrefix="com.OriginalFiles.Board.java" Implct="true" Intrnl_Id="1163">
<Cond/>
<LocList/>
<StmntSeq Intrnl_Id="1164">
<LocList/>
</StmntSeq>
</Branch>
<Keyword EndOffset="13103" SrcFileId="10" StartOffset="13101"/>
<LocList>
<Loc EndOffset="13605" SrcFileId="10" StartOffset="13101"/>
</LocList>
<RootTerm CovItemId="C42" CovItemPrefix="com.OriginalFiles.Board.java" Intrnl_Id="1165">
<BasicBoolTerm Intrnl_Id="1166">
<LocList>
<Loc EndOffset="13123" SrcFileId="10" StartOffset="13105"/>
</LocList>
</BasicBoolTerm>
</RootTerm>
</CondStmnt>
</StmntSeq>
<Keyword EndOffset="13063" SrcFileId="10" StartOffset="13060"/>
<LocList>
<Loc EndOffset="13620" SrcFileId="10" StartOffset="13060"/>
</LocList>
</LoopStmnt>
</StmntSeq>
<Keyword EndOffset="13022" SrcFileId="10" StartOffset="13019"/>
<LocList>
<Loc EndOffset="13631" SrcFileId="10" StartOffset="13019"/>
</LocList>
</LoopStmnt>
<BasicStmnt CovItemId="S148" CovItemPrefix="com.OriginalFiles.Board.java" Intrnl_Id="1167">
<LocList>
<Loc EndOffset="13656" SrcFileId="10" StartOffset="13641"/>
</LocList>
</BasicStmnt>
</StmntSeq>
</HierarchyLvl>
<HierarchyLvl HierarchyLvlId="451" HierarchyLvlTypeId="17" Intrnl_Id="1168" Name="findOpponentColors">
<Header>
<Loc EndOffset="13755" SrcFileId="10" StartOffset="13722"/>
</Header>
<LocList>
<Loc EndOffset="13989" SrcFileId="10" StartOffset="13722"/>
</LocList>
<StmntSeq Intrnl_Id="1169">
<LocList>
<Loc EndOffset="13982" SrcFileId="10" StartOffset="13767"/>
</LocList>
<CondStmnt CovItemId="S149" CovItemPrefix="com.OriginalFiles.Board.java" Intrnl_Id="1170">
<Branch CovItemId="B73" CovItemPrefix="com.OriginalFiles.Board.java" Implct="false" Intrnl_Id="1171">
<Cond/>
<LocList>
<Loc EndOffset="13885" SrcFileId="10" StartOffset="13794"/>
</LocList>
<StmntSeq Intrnl_Id="1172">
<LocList>
<Loc EndOffset="13836" SrcFileId="10" StartOffset="13809"/>
<Loc EndOffset="13874" SrcFileId="10" StartOffset="13850"/>
</LocList>
<BasicStmnt CovItemId="S150" CovItemPrefix="com.OriginalFiles.Board.java" Intrnl_Id="1173">
<LocList>
<Loc EndOffset="13836" SrcFileId="10" StartOffset="13809"/>
</LocList>
</BasicStmnt>
<BasicStmnt CovItemId="S151" CovItemPrefix="com.OriginalFiles.Board.java" Intrnl_Id="1174">
<LocList>
<Loc EndOffset="13874" SrcFileId="10" StartOffset="13850"/>
</LocList>
</BasicStmnt>
</StmntSeq>
</Branch>
<Branch CovItemId="B74" CovItemPrefix="com.OriginalFiles.Board.java" Implct="false" Intrnl_Id="1175">
<Cond>
<Loc EndOffset="13890" SrcFileId="10" StartOffset="13886"/>
</Cond>
<LocList>
<Loc EndOffset="13982" SrcFileId="10" StartOffset="13891"/>
</LocList>
<StmntSeq Intrnl_Id="1176">
<LocList>
<Loc EndOffset="13933" SrcFileId="10" StartOffset="13906"/>
<Loc EndOffset="13971" SrcFileId="10" StartOffset="13947"/>
</LocList>
<BasicStmnt CovItemId="S152" CovItemPrefix="com.OriginalFiles.Board.java" Intrnl_Id="1177">
<LocList>
<Loc EndOffset="13933" SrcFileId="10" StartOffset="13906"/>
</LocList>
</BasicStmnt>
<BasicStmnt CovItemId="S153" CovItemPrefix="com.OriginalFiles.Board.java" Intrnl_Id="1178">
<LocList>
<Loc EndOffset="13971" SrcFileId="10" StartOffset="13947"/>
</LocList>
</BasicStmnt>
</StmntSeq>
</Branch>
<Keyword EndOffset="13769" SrcFileId="10" StartOffset="13767"/>
<LocList>
<Loc EndOffset="13982" SrcFileId="10" StartOffset="13767"/>
</LocList>
<RootTerm CovItemId="C46" CovItemPrefix="com.OriginalFiles.Board.java" Intrnl_Id="1179">
<BasicBoolTerm Intrnl_Id="1180">
<LocList>
<Loc EndOffset="13792" SrcFileId="10" StartOffset="13771"/>
</LocList>
</BasicBoolTerm>
</RootTerm>
</CondStmnt>
</StmntSeq>
</HierarchyLvl>
<HierarchyLvl HierarchyLvlId="452" HierarchyLvlTypeId="17" Intrnl_Id="1181" Name="findMissingPiece">
<Header>
<Loc EndOffset="14136" SrcFileId="10" StartOffset="14046"/>
</Header>
<LocList>
<Loc EndOffset="14890" SrcFileId="10" StartOffset="14046"/>
</LocList>
<StmntSeq Intrnl_Id="1182">
<LocList>
<Loc EndOffset="14190" SrcFileId="10" StartOffset="14167"/>
<Loc EndOffset="14848" SrcFileId="10" StartOffset="14202"/>
<Loc EndOffset="14883" SrcFileId="10" StartOffset="14860"/>
</LocList>
<BasicStmnt CovItemId="S154" CovItemPrefix="com.OriginalFiles.Board.java" Intrnl_Id="1183">
<LocList>
<Loc EndOffset="14190" SrcFileId="10" StartOffset="14167"/>
</LocList>
</BasicStmnt>
<LoopStmnt CovItemId="S155" CovItemPrefix="com.OriginalFiles.Board.java" Intrnl_Id="1184" MltplExecId="L14-2" MltplExecPrefix="com.OriginalFiles.Board.java" NvrExecId="L14-0" NvrExecPrefix="com.OriginalFiles.Board.java" OnceExecutedId="L14-1" OnceExecutedPrefix="com.OriginalFiles.Board.java" OptBodyExec="true">
<StmntSeq Intrnl_Id="1185">
<LocList>
<Loc EndOffset="14837" SrcFileId="10" StartOffset="14314"/>
</LocList>
<CondStmnt CovItemId="S156" CovItemPrefix="com.OriginalFiles.Board.java" Intrnl_Id="1186">
<Branch CovItemId="B75" CovItemPrefix="com.OriginalFiles.Board.java" Implct="false" Intrnl_Id="1187">
<Cond/>
<LocList>
<Loc EndOffset="14579" SrcFileId="10" StartOffset="14327"/>
</LocList>
<StmntSeq Intrnl_Id="1188">
<LocList>
<Loc EndOffset="14530" SrcFileId="10" StartOffset="14346"/>
<Loc EndOffset="14564" SrcFileId="10" StartOffset="14548"/>
</LocList>
<LoopStmnt CovItemId="S157" CovItemPrefix="com.OriginalFiles.Board.java" Intrnl_Id="1189" MltplExecId="L15-2" MltplExecPrefix="com.OriginalFiles.Board.java" NvrExecId="L15-0" NvrExecPrefix="com.OriginalFiles.Board.java" OnceExecutedId="L15-1" OnceExecutedPrefix="com.OriginalFiles.Board.java" OptBodyExec="true">
<StmntSeq Intrnl_Id="1190">
<LocList>
<Loc EndOffset="14511" SrcFileId="10" StartOffset="14393"/>
</LocList>
<CondStmnt CovItemId="S158" CovItemPrefix="com.OriginalFiles.Board.java" Intrnl_Id="1191">
<Branch CovItemId="B77" CovItemPrefix="com.OriginalFiles.Board.java" Implct="false" Intrnl_Id="1192">
<Cond/>
<LocList>
<Loc EndOffset="14511" SrcFileId="10" StartOffset="14415"/>
</LocList>
<StmntSeq Intrnl_Id="1193">
<LocList>
<Loc EndOffset="14488" SrcFileId="10" StartOffset="14442"/>
</LocList>
<BasicStmnt CovItemId="S159" CovItemPrefix="com.OriginalFiles.Board.java" Intrnl_Id="1194">
<LocList>
<Loc EndOffset="14488" SrcFileId="10" StartOffset="14442"/>
</LocList>
</BasicStmnt>
</StmntSeq>
</Branch>
<Branch CovItemId="B78" CovItemPrefix="com.OriginalFiles.Board.java" Implct="true" Intrnl_Id="1195">
<Cond/>
<LocList/>
<StmntSeq Intrnl_Id="1196">
<LocList/>
</StmntSeq>
</Branch>
<Keyword EndOffset="14395" SrcFileId="10" StartOffset="14393"/>
<LocList>
<Loc EndOffset="14511" SrcFileId="10" StartOffset="14393"/>
</LocList>
<RootTerm CovItemId="C50" CovItemPrefix="com.OriginalFiles.Board.java" Intrnl_Id="1197">
<BasicBoolTerm Intrnl_Id="1198">
<LocList>
<Loc EndOffset="14413" SrcFileId="10" StartOffset="14397"/>
</LocList>
</BasicBoolTerm>
</RootTerm>
</CondStmnt>
</StmntSeq>
<Keyword EndOffset="14349" SrcFileId="10" StartOffset="14346"/>
<LocList>
<Loc EndOffset="14530" SrcFileId="10" StartOffset="14346"/>
</LocList>
<RootTerm CovItemId="C49" CovItemPrefix="com.OriginalFiles.Board.java" Intrnl_Id="1199">
<BasicBoolTerm Intrnl_Id="1200">
<LocList>
<Loc EndOffset="14363" SrcFileId="10" StartOffset="14358"/>
</LocList>
</BasicBoolTerm>
</RootTerm>
</LoopStmnt>
<BasicStmnt CovItemId="S160" CovItemPrefix="com.OriginalFiles.Board.java" Intrnl_Id="1201">
<LocList>
<Loc EndOffset="14564" SrcFileId="10" StartOffset="14548"/>
</LocList>
</BasicStmnt>
</StmntSeq>
</Branch>
<Branch CovItemId="B76" CovItemPrefix="com.OriginalFiles.Board.java" Implct="false" Intrnl_Id="1202">
<Cond>
<Loc EndOffset="14584" SrcFileId="10" StartOffset="14580"/>
</Cond>
<LocList>
<Loc EndOffset="14837" SrcFileId="10" StartOffset="14585"/>
</LocList>
<StmntSeq Intrnl_Id="1203">
<LocList>
<Loc EndOffset="14789" SrcFileId="10" StartOffset="14604"/>
<Loc EndOffset="14822" SrcFileId="10" StartOffset="14807"/>
</LocList>
<LoopStmnt CovItemId="S161" CovItemPrefix="com.OriginalFiles.Board.java" Intrnl_Id="1204" MltplExecId="L16-2" MltplExecPrefix="com.OriginalFiles.Board.java" NvrExecId="L16-0" NvrExecPrefix="com.OriginalFiles.Board.java" OnceExecutedId="L16-1" OnceExecutedPrefix="com.OriginalFiles.Board.java" OptBodyExec="true">
<StmntSeq Intrnl_Id="1205">
<LocList>
<Loc EndOffset="14770" SrcFileId="10" StartOffset="14652"/>
</LocList>
<CondStmnt CovItemId="S162" CovItemPrefix="com.OriginalFiles.Board.java" Intrnl_Id="1206">
<Branch CovItemId="B79" CovItemPrefix="com.OriginalFiles.Board.java" Implct="false" Intrnl_Id="1207">
<Cond/>
<LocList>
<Loc EndOffset="14770" SrcFileId="10" StartOffset="14674"/>
</LocList>
<StmntSeq Intrnl_Id="1208">
<LocList>
<Loc EndOffset="14747" SrcFileId="10" StartOffset="14701"/>
</LocList>
<BasicStmnt CovItemId="S163" CovItemPrefix="com.OriginalFiles.Board.java" Intrnl_Id="1209">
<LocList>
<Loc EndOffset="14747" SrcFileId="10" StartOffset="14701"/>
</LocList>
</BasicStmnt>
</StmntSeq>
</Branch>
<Branch CovItemId="B80" CovItemPrefix="com.OriginalFiles.Board.java" Implct="true" Intrnl_Id="1210">
<Cond/>
<LocList/>
<StmntSeq Intrnl_Id="1211">
<LocList/>
</StmntSeq>
</Branch>
<Keyword EndOffset="14654" SrcFileId="10" StartOffset="14652"/>
<LocList>
<Loc EndOffset="14770" SrcFileId="10" StartOffset="14652"/>
</LocList>
<RootTerm CovItemId="C52" CovItemPrefix="com.OriginalFiles.Board.java" Intrnl_Id="1212">
<BasicBoolTerm Intrnl_Id="1213">
<LocList>
<Loc EndOffset="14672" SrcFileId="10" StartOffset="14656"/>
</LocList>
</BasicBoolTerm>
</RootTerm>
</CondStmnt>
</StmntSeq>
<Keyword EndOffset="14607" SrcFileId="10" StartOffset="14604"/>
<LocList>
<Loc EndOffset="14789" SrcFileId="10" StartOffset="14604"/>
</LocList>
<RootTerm CovItemId="C51" CovItemPrefix="com.OriginalFiles.Board.java" Intrnl_Id="1214">
<BasicBoolTerm Intrnl_Id="1215">
<LocList>
<Loc EndOffset="14622" SrcFileId="10" StartOffset="14616"/>
</LocList>
</BasicBoolTerm>
</RootTerm>
</LoopStmnt>
<BasicStmnt CovItemId="S164" CovItemPrefix="com.OriginalFiles.Board.java" Intrnl_Id="1216">
<LocList>
<Loc EndOffset="14822" SrcFileId="10" StartOffset="14807"/>
</LocList>
</BasicStmnt>
</StmntSeq>
</Branch>
<Keyword EndOffset="14316" SrcFileId="10" StartOffset="14314"/>
<LocList>
<Loc EndOffset="14837" SrcFileId="10" StartOffset="14314"/>
</LocList>
<RootTerm CovItemId="C48" CovItemPrefix="com.OriginalFiles.Board.java" Intrnl_Id="1217">
<BasicBoolTerm Intrnl_Id="1218">
<LocList>
<Loc EndOffset="14325" SrcFileId="10" StartOffset="14318"/>
</LocList>
</BasicBoolTerm>
</RootTerm>
</CondStmnt>
</StmntSeq>
<Keyword EndOffset="14205" SrcFileId="10" StartOffset="14202"/>
<LocList>
<Loc EndOffset="14848" SrcFileId="10" StartOffset="14202"/>
</LocList>
<RootTerm CovItemId="C47" CovItemPrefix="com.OriginalFiles.Board.java" Intrnl_Id="1219">
<BasicBoolTerm Intrnl_Id="1220">
<LocList>
<Loc EndOffset="14219" SrcFileId="10" StartOffset="14214"/>
</LocList>
</BasicBoolTerm>
</RootTerm>
</LoopStmnt>
<BasicStmnt CovItemId="S165" CovItemPrefix="com.OriginalFiles.Board.java" Intrnl_Id="1221">
<LocList>
<Loc EndOffset="14883" SrcFileId="10" StartOffset="14860"/>
</LocList>
</BasicStmnt>
</StmntSeq>
</HierarchyLvl>
<HierarchyLvl HierarchyLvlId="453" HierarchyLvlTypeId="17" Intrnl_Id="1222" Name="getPiece">
<Header>
<Loc EndOffset="14988" SrcFileId="10" StartOffset="14933"/>
</Header>
<LocList>
<Loc EndOffset="15300" SrcFileId="10" StartOffset="14933"/>
</LocList>
<StmntSeq Intrnl_Id="1223">
<LocList>
<Loc EndOffset="15045" SrcFileId="10" StartOffset="15000"/>
<Loc EndOffset="15293" SrcFileId="10" StartOffset="15055"/>
</LocList>
<BasicStmnt CovItemId="S166" CovItemPrefix="com.OriginalFiles.Board.java" Intrnl_Id="1224">
<LocList>
<Loc EndOffset="15045" SrcFileId="10" StartOffset="15000"/>
</LocList>
</BasicStmnt>
<CondStmnt CovItemId="S167" CovItemPrefix="com.OriginalFiles.Board.java" Intrnl_Id="1225">
<Branch CovItemId="B81" CovItemPrefix="com.OriginalFiles.Board.java" Implct="false" Intrnl_Id="1226">
<Cond/>
<LocList>
<Loc EndOffset="15111" SrcFileId="10" StartOffset="15073"/>
</LocList>
<StmntSeq Intrnl_Id="1227">
<LocList>
<Loc EndOffset="15100" SrcFileId="10" StartOffset="15088"/>
</LocList>
<BasicStmnt CovItemId="S168" CovItemPrefix="com.OriginalFiles.Board.java" Intrnl_Id="1228">
<LocList>
<Loc EndOffset="15100" SrcFileId="10" StartOffset="15088"/>
</LocList>
</BasicStmnt>
</StmntSeq>
</Branch>
<Branch CovItemId="B82" CovItemPrefix="com.OriginalFiles.Board.java" Implct="false" Intrnl_Id="1229">
<Cond>
<Loc EndOffset="15116" SrcFileId="10" StartOffset="15112"/>
</Cond>
<LocList>
<Loc EndOffset="15293" SrcFileId="10" StartOffset="15117"/>
</LocList>
<StmntSeq Intrnl_Id="1230">
<LocList>
<Loc EndOffset="15161" SrcFileId="10" StartOffset="15132"/>
<Loc EndOffset="15194" SrcFileId="10" StartOffset="15175"/>
<Loc EndOffset="15256" SrcFileId="10" StartOffset="15208"/>
<Loc EndOffset="15282" SrcFileId="10" StartOffset="15270"/>
</LocList>
<BasicStmnt CovItemId="S169" CovItemPrefix="com.OriginalFiles.Board.java" Intrnl_Id="1231">
<LocList>
<Loc EndOffset="15161" SrcFileId="10" StartOffset="15132"/>
</LocList>
</BasicStmnt>
<BasicStmnt CovItemId="S170" CovItemPrefix="com.OriginalFiles.Board.java" Intrnl_Id="1232">
<LocList>
<Loc EndOffset="15194" SrcFileId="10" StartOffset="15175"/>
</LocList>
</BasicStmnt>
<BasicStmnt CovItemId="S171" CovItemPrefix="com.OriginalFiles.Board.java" Intrnl_Id="1233">
<LocList>
<Loc EndOffset="15256" SrcFileId="10" StartOffset="15208"/>
</LocList>
</BasicStmnt>
<BasicStmnt CovItemId="S172" CovItemPrefix="com.OriginalFiles.Board.java" Intrnl_Id="1234">
<LocList>
<Loc EndOffset="15282" SrcFileId="10" StartOffset="15270"/>
</LocList>
</BasicStmnt>
</StmntSeq>
</Branch>
<Keyword EndOffset="15057" SrcFileId="10" StartOffset="15055"/>
<LocList>
<Loc EndOffset="15293" SrcFileId="10" StartOffset="15055"/>
</LocList>
<RootTerm CovItemId="C53" CovItemPrefix="com.OriginalFiles.Board.java" Intrnl_Id="1235">
<BasicBoolTerm Intrnl_Id="1236">
<LocList>
<Loc EndOffset="15071" SrcFileId="10" StartOffset="15059"/>
</LocList>
</BasicBoolTerm>
</RootTerm>
</CondStmnt>
</StmntSeq>
</HierarchyLvl>
<HierarchyLvl HierarchyLvlId="454" HierarchyLvlTypeId="17" Intrnl_Id="1237" Name="checkAllegiance">
<Header>
<Loc EndOffset="16099" SrcFileId="10" StartOffset="16024"/>
</Header>
<LocList>
<Loc EndOffset="16354" SrcFileId="10" StartOffset="16024"/>
</LocList>
<StmntSeq Intrnl_Id="1238">
<LocList>
<Loc EndOffset="16324" SrcFileId="10" StartOffset="16116"/>
<Loc EndOffset="16347" SrcFileId="10" StartOffset="16334"/>
</LocList>
<CondStmnt CovItemId="S173" CovItemPrefix="com.OriginalFiles.Board.java" Intrnl_Id="1239">
<Branch CovItemId="B83" CovItemPrefix="com.OriginalFiles.Board.java" Implct="false" Intrnl_Id="1240">
<Cond/>
<LocList>
<Loc EndOffset="16324" SrcFileId="10" StartOffset="16151"/>
</LocList>
<StmntSeq Intrnl_Id="1241">
<LocList>
<Loc EndOffset="16313" SrcFileId="10" StartOffset="16166"/>
</LocList>
<CondStmnt CovItemId="S174" CovItemPrefix="com.OriginalFiles.Board.java" Intrnl_Id="1242">
<Branch CovItemId="B85" CovItemPrefix="com.OriginalFiles.Board.java" Implct="false" Intrnl_Id="1243">
<Cond/>
<LocList>
<Loc EndOffset="16313" SrcFileId="10" StartOffset="16188"/>
</LocList>
<StmntSeq Intrnl_Id="1244">
<LocList>
<Loc EndOffset="16298" SrcFileId="10" StartOffset="16207"/>
</LocList>
<BasicStmnt CovItemId="S175" CovItemPrefix="com.OriginalFiles.Board.java" Intrnl_Id="1245">
<LocList>
<Loc EndOffset="16298" SrcFileId="10" StartOffset="16207"/>
</LocList>
</BasicStmnt>
</StmntSeq>
</Branch>
<Branch CovItemId="B86" CovItemPrefix="com.OriginalFiles.Board.java" Implct="true" Intrnl_Id="1246">
<Cond/>
<LocList/>
<StmntSeq Intrnl_Id="1247">
<LocList/>
</StmntSeq>
</Branch>
<Keyword EndOffset="16168" SrcFileId="10" StartOffset="16166"/>
<LocList>
<Loc EndOffset="16313" SrcFileId="10" StartOffset="16166"/>
</LocList>
<RootTerm CovItemId="C55" CovItemPrefix="com.OriginalFiles.Board.java" Intrnl_Id="1248">
<OpTerm BooleanOpId="12" Intrnl_Id="1249">
<BasicBoolTerm Intrnl_Id="1250">
<LocList>
<Loc EndOffset="16186" SrcFileId="10" StartOffset="16171"/>
</LocList>
</BasicBoolTerm>
<LocList>
<Loc EndOffset="16171" SrcFileId="10" StartOffset="16170"/>
</LocList>
</OpTerm>
</RootTerm>
</CondStmnt>
</StmntSeq>
</Branch>
<Branch CovItemId="B84" CovItemPrefix="com.OriginalFiles.Board.java" Implct="true" Intrnl_Id="1251">
<Cond/>
<LocList/>
<StmntSeq Intrnl_Id="1252">
<LocList/>
</StmntSeq>
</Branch>
<Keyword EndOffset="16118" SrcFileId="10" StartOffset="16116"/>
<LocList>
<Loc EndOffset="16324" SrcFileId="10" StartOffset="16116"/>
</LocList>
<RootTerm CovItemId="C54" CovItemPrefix="com.OriginalFiles.Board.java" Intrnl_Id="1253">
<BasicBoolTerm Intrnl_Id="1254">
<LocList>
<Loc EndOffset="16149" SrcFileId="10" StartOffset="16120"/>
</LocList>
</BasicBoolTerm>
</RootTerm>
</CondStmnt>
<BasicStmnt CovItemId="S176" CovItemPrefix="com.OriginalFiles.Board.java" Intrnl_Id="1255">
<LocList>
<Loc EndOffset="16347" SrcFileId="10" StartOffset="16334"/>
</LocList>
</BasicStmnt>
</StmntSeq>
</HierarchyLvl>
<HierarchyLvl HierarchyLvlId="455" HierarchyLvlTypeId="17" Intrnl_Id="1256" Name="checkAllegiance">
<Header>
<Loc EndOffset="16437" SrcFileId="10" StartOffset="16362"/>
</Header>
<LocList>
<Loc EndOffset="16816" SrcFileId="10" StartOffset="16362"/>
</LocList>
<StmntSeq Intrnl_Id="1257">
<LocList>
<Loc EndOffset="16599" SrcFileId="10" StartOffset="16454"/>
<Loc EndOffset="16785" SrcFileId="10" StartOffset="16610"/>
<Loc EndOffset="16809" SrcFileId="10" StartOffset="16796"/>
</LocList>
<CondStmnt CovItemId="S177" CovItemPrefix="com.OriginalFiles.Board.java" Intrnl_Id="1258">
<Branch CovItemId="B87" CovItemPrefix="com.OriginalFiles.Board.java" Implct="false" Intrnl_Id="1259">
<Cond/>
<LocList>
<Loc EndOffset="16599" SrcFileId="10" StartOffset="16559"/>
</LocList>
<StmntSeq Intrnl_Id="1260">
<LocList>
<Loc EndOffset="16587" SrcFileId="10" StartOffset="16575"/>
</LocList>
<BasicStmnt CovItemId="S178" CovItemPrefix="com.OriginalFiles.Board.java" Intrnl_Id="1261">
<LocList>
<Loc EndOffset="16587" SrcFileId="10" StartOffset="16575"/>
</LocList>
</BasicStmnt>
</StmntSeq>
</Branch>
<Branch CovItemId="B88" CovItemPrefix="com.OriginalFiles.Board.java" Implct="true" Intrnl_Id="1262">
<Cond/>
<LocList/>
<StmntSeq Intrnl_Id="1263">
<LocList/>
</StmntSeq>
</Branch>
<Keyword EndOffset="16456" SrcFileId="10" StartOffset="16454"/>
<LocList>
<Loc EndOffset="16599" SrcFileId="10" StartOffset="16454"/>
</LocList>
<RootTerm CovItemId="C56" CovItemPrefix="com.OriginalFiles.Board.java" Intrnl_Id="1264">
<OpTerm BooleanOpId="13" Intrnl_Id="1265">
<OpTerm BooleanOpId="14" Intrnl_Id="1266">
<BasicBoolTerm Intrnl_Id="1267">
<LocList>
<Loc EndOffset="16488" SrcFileId="10" StartOffset="16459"/>
</LocList>
</BasicBoolTerm>
<BasicBoolTerm Intrnl_Id="1268">
<LocList>
<Loc EndOffset="16535" SrcFileId="10" StartOffset="16509"/>
</LocList>
</BasicBoolTerm>
<LocList>
<Loc EndOffset="16508" SrcFileId="10" StartOffset="16506"/>
</LocList>
</OpTerm>
<OpTerm BooleanOpId="12" Intrnl_Id="1269">
<BasicBoolTerm Intrnl_Id="1270">
<LocList>
<Loc EndOffset="16557" SrcFileId="10" StartOffset="16541"/>
</LocList>
</BasicBoolTerm>
<LocList>
<Loc EndOffset="16541" SrcFileId="10" StartOffset="16540"/>
</LocList>
</OpTerm>
<LocList>
<Loc EndOffset="16539" SrcFileId="10" StartOffset="16537"/>
</LocList>
</OpTerm>
</RootTerm>
</CondStmnt>
<CondStmnt CovItemId="S179" CovItemPrefix="com.OriginalFiles.Board.java" Intrnl_Id="1271">
<Branch CovItemId="B89" CovItemPrefix="com.OriginalFiles.Board.java" Implct="false" Intrnl_Id="1272">
<Cond/>
<LocList>
<Loc EndOffset="16785" SrcFileId="10" StartOffset="16745"/>
</LocList>
<StmntSeq Intrnl_Id="1273">
<LocList>
<Loc EndOffset="16773" SrcFileId="10" StartOffset="16761"/>
</LocList>
<BasicStmnt CovItemId="S180" CovItemPrefix="com.OriginalFiles.Board.java" Intrnl_Id="1274">
<LocList>
<Loc EndOffset="16773" SrcFileId="10" StartOffset="16761"/>
</LocList>
</BasicStmnt>
</StmntSeq>
</Branch>
<Branch CovItemId="B90" CovItemPrefix="com.OriginalFiles.Board.java" Implct="true" Intrnl_Id="1275">
<Cond/>
<LocList/>
<StmntSeq Intrnl_Id="1276">
<LocList/>
</StmntSeq>
</Branch>
<Keyword EndOffset="16612" SrcFileId="10" StartOffset="16610"/>
<LocList>
<Loc EndOffset="16785" SrcFileId="10" StartOffset="16610"/>
</LocList>
<RootTerm CovItemId="C57" CovItemPrefix="com.OriginalFiles.Board.java" Intrnl_Id="1277">
<OpTerm BooleanOpId="13" Intrnl_Id="1278">
<OpTerm BooleanOpId="14" Intrnl_Id="1279">
<BasicBoolTerm Intrnl_Id="1280">
<LocList>
<Loc EndOffset="16650" SrcFileId="10" StartOffset="16615"/>
</LocList>
</BasicBoolTerm>
<BasicBoolTerm Intrnl_Id="1281">
<LocList>
<Loc EndOffset="16704" SrcFileId="10" StartOffset="16672"/>
</LocList>
</BasicBoolTerm>
<LocList>
<Loc EndOffset="16671" SrcFileId="10" StartOffset="16669"/>
</LocList>
</OpTerm>
<BasicBoolTerm Intrnl_Id="1282">
<LocList>
<Loc EndOffset="16743" SrcFileId="10" StartOffset="16727"/>
</LocList>
</BasicBoolTerm>
<LocList>
<Loc EndOffset="16726" SrcFileId="10" StartOffset="16724"/>
</LocList>
</OpTerm>
</RootTerm>
</CondStmnt>
<BasicStmnt CovItemId="S181" CovItemPrefix="com.OriginalFiles.Board.java" Intrnl_Id="1283">
<LocList>
<Loc EndOffset="16809" SrcFileId="10" StartOffset="16796"/>
</LocList>
</BasicStmnt>
</StmntSeq>
</HierarchyLvl>
<HierarchyLvl HierarchyLvlId="456" HierarchyLvlTypeId="17" Intrnl_Id="1284" Name="checkBounds">
<Header>
<Loc EndOffset="16923" SrcFileId="10" StartOffset="16877"/>
</Header>
<LocList>
<Loc EndOffset="16986" SrcFileId="10" StartOffset="16877"/>
</LocList>
<StmntSeq Intrnl_Id="1285">
<LocList>
<Loc EndOffset="16979" SrcFileId="10" StartOffset="16935"/>
</LocList>
<BasicStmnt CovItemId="S182" CovItemPrefix="com.OriginalFiles.Board.java" Intrnl_Id="1286">
<LocList>
<Loc EndOffset="16979" SrcFileId="10" StartOffset="16935"/>
</LocList>
</BasicStmnt>
</StmntSeq>
</HierarchyLvl>
</HierarchyLvl>
<HierarchyLvl HierarchyLvlId="478" HierarchyLvlTypeId="16" Intrnl_Id="1287" Name="Analyze">
<Header>
<Loc EndOffset="237" SrcFileId="11" StartOffset="217"/>
</Header>
<LocList>
<Loc EndOffset="19268" SrcFileId="11" StartOffset="217"/>
</LocList>
<StmntSeq Intrnl_Id="1288">
<LocList>
<Loc EndOffset="355" SrcFileId="11" StartOffset="314"/>
<Loc EndOffset="394" SrcFileId="11" StartOffset="361"/>
<Loc EndOffset="446" SrcFileId="11" StartOffset="400"/>
<Loc EndOffset="545" SrcFileId="11" StartOffset="501"/>
</LocList>
<BasicStmnt CovItemId="S1" CovItemPrefix="com.OriginalFiles.Analyze.java" Intrnl_Id="1289">
<LocList>
<Loc EndOffset="355" SrcFileId="11" StartOffset="314"/>
</LocList>
</BasicStmnt>
<BasicStmnt CovItemId="S2" CovItemPrefix="com.OriginalFiles.Analyze.java" Intrnl_Id="1290">
<LocList>
<Loc EndOffset="394" SrcFileId="11" StartOffset="361"/>
</LocList>
</BasicStmnt>
<BasicStmnt CovItemId="S3" CovItemPrefix="com.OriginalFiles.Analyze.java" Intrnl_Id="1291">
<LocList>
<Loc EndOffset="446" SrcFileId="11" StartOffset="400"/>
</LocList>
</BasicStmnt>
<BasicStmnt CovItemId="S4" CovItemPrefix="com.OriginalFiles.Analyze.java" Intrnl_Id="1292">
<LocList>
<Loc EndOffset="545" SrcFileId="11" StartOffset="501"/>
</LocList>
</BasicStmnt>
</StmntSeq>
<HierarchyLvl HierarchyLvlId="458" HierarchyLvlTypeId="17" Intrnl_Id="1293" Name="Analyze">
<Header>
<Loc EndOffset="676" SrcFileId="11" StartOffset="617"/>
</Header>
<LocList>
<Loc EndOffset="757" SrcFileId="11" StartOffset="617"/>
</LocList>
<StmntSeq Intrnl_Id="1294">
<LocList>
<Loc EndOffset="710" SrcFileId="11" StartOffset="688"/>
<Loc EndOffset="750" SrcFileId="11" StartOffset="720"/>
</LocList>
<BasicStmnt CovItemId="S5" CovItemPrefix="com.OriginalFiles.Analyze.java" Intrnl_Id="1295">
<LocList>
<Loc EndOffset="710" SrcFileId="11" StartOffset="688"/>
</LocList>
</BasicStmnt>
<BasicStmnt CovItemId="S6" CovItemPrefix="com.OriginalFiles.Analyze.java" Intrnl_Id="1296">
<LocList>
<Loc EndOffset="750" SrcFileId="11" StartOffset="720"/>
</LocList>
</BasicStmnt>
</StmntSeq>
</HierarchyLvl>
<HierarchyLvl HierarchyLvlId="459" HierarchyLvlTypeId="17" Intrnl_Id="1297" Name="analyzeBoard">
<Header>
<Loc EndOffset="943" SrcFileId="11" StartOffset="837"/>
</Header>
<LocList>
<Loc EndOffset="1525" SrcFileId="11" StartOffset="837"/>
</LocList>
<StmntSeq Intrnl_Id="1298">
<LocList>
<Loc EndOffset="1495" SrcFileId="11" StartOffset="955"/>
<Loc EndOffset="1518" SrcFileId="11" StartOffset="1505"/>
</LocList>
<CondStmnt CovItemId="S7" CovItemPrefix="com.OriginalFiles.Analyze.java" Intrnl_Id="1299">
<Branch CovItemId="B1" CovItemPrefix="com.OriginalFiles.Analyze.java" Implct="false" Intrnl_Id="1300">
<Cond/>
<LocList>
<Loc EndOffset="1495" SrcFileId="11" StartOffset="988"/>
</LocList>
<StmntSeq Intrnl_Id="1301">
<LocList>
<Loc EndOffset="1027" SrcFileId="11" StartOffset="1003"/>
<Loc EndOffset="1093" SrcFileId="11" StartOffset="1043"/>
<Loc EndOffset="1156" SrcFileId="11" StartOffset="1107"/>
<Loc EndOffset="1211" SrcFileId="11" StartOffset="1170"/>
<Loc EndOffset="1244" SrcFileId="11" StartOffset="1225"/>
<Loc EndOffset="1350" SrcFileId="11" StartOffset="1318"/>
<Loc EndOffset="1390" SrcFileId="11" StartOffset="1364"/>
<Loc EndOffset="1484" SrcFileId="11" StartOffset="1404"/>
</LocList>
<BasicStmnt CovItemId="S8" CovItemPrefix="com.OriginalFiles.Analyze.java" Intrnl_Id="1302">
<LocList>
<Loc EndOffset="1027" SrcFileId="11" StartOffset="1003"/>
</LocList>
</BasicStmnt>
<BasicStmnt CovItemId="S9" CovItemPrefix="com.OriginalFiles.Analyze.java" Intrnl_Id="1303">
<LocList>
<Loc EndOffset="1093" SrcFileId="11" StartOffset="1043"/>
</LocList>
</BasicStmnt>
<BasicStmnt CovItemId="S10" CovItemPrefix="com.OriginalFiles.Analyze.java" Intrnl_Id="1304">
<LocList>
<Loc EndOffset="1156" SrcFileId="11" StartOffset="1107"/>
</LocList>
</BasicStmnt>
<BasicStmnt CovItemId="S11" CovItemPrefix="com.OriginalFiles.Analyze.java" Intrnl_Id="1305">
<LocList>
<Loc EndOffset="1211" SrcFileId="11" StartOffset="1170"/>
</LocList>
</BasicStmnt>
<BasicStmnt CovItemId="S12" CovItemPrefix="com.OriginalFiles.Analyze.java" Intrnl_Id="1306">
<LocList>
<Loc EndOffset="1244" SrcFileId="11" StartOffset="1225"/>
</LocList>
</BasicStmnt>
<BasicStmnt CovItemId="S13" CovItemPrefix="com.OriginalFiles.Analyze.java" Intrnl_Id="1307">
<LocList>
<Loc EndOffset="1350" SrcFileId="11" StartOffset="1318"/>
</LocList>
</BasicStmnt>
<BasicStmnt CovItemId="S14" CovItemPrefix="com.OriginalFiles.Analyze.java" Intrnl_Id="1308">
<LocList>
<Loc EndOffset="1390" SrcFileId="11" StartOffset="1364"/>
</LocList>
</BasicStmnt>
<CondStmnt CovItemId="S15" CovItemPrefix="com.OriginalFiles.Analyze.java" Intrnl_Id="1309">
<Branch CovItemId="B3" CovItemPrefix="com.OriginalFiles.Analyze.java" Implct="false" Intrnl_Id="1310">
<Cond/>
<LocList>
<Loc EndOffset="1484" SrcFileId="11" StartOffset="1438"/>
</LocList>
<StmntSeq Intrnl_Id="1311">
<LocList>
<Loc EndOffset="1469" SrcFileId="11" StartOffset="1457"/>
</LocList>
<BasicStmnt CovItemId="S16" CovItemPrefix="com.OriginalFiles.Analyze.java" Intrnl_Id="1312">
<LocList>
<Loc EndOffset="1469" SrcFileId="11" StartOffset="1457"/>
</LocList>
</BasicStmnt>
</StmntSeq>
</Branch>
<Branch CovItemId="B4" CovItemPrefix="com.OriginalFiles.Analyze.java" Implct="true" Intrnl_Id="1313">
<Cond/>
<LocList/>
<StmntSeq Intrnl_Id="1314">
<LocList/>
</StmntSeq>
</Branch>
<Keyword EndOffset="1406" SrcFileId="11" StartOffset="1404"/>
<LocList>
<Loc EndOffset="1484" SrcFileId="11" StartOffset="1404"/>
</LocList>
<RootTerm CovItemId="C2" CovItemPrefix="com.OriginalFiles.Analyze.java" Intrnl_Id="1315">
<OpTerm BooleanOpId="12" Intrnl_Id="1316">
<BasicBoolTerm Intrnl_Id="1317">
<LocList>
<Loc EndOffset="1436" SrcFileId="11" StartOffset="1409"/>
</LocList>
</BasicBoolTerm>
<LocList>
<Loc EndOffset="1409" SrcFileId="11" StartOffset="1408"/>
</LocList>
</OpTerm>
</RootTerm>
</CondStmnt>
</StmntSeq>
</Branch>
<Branch CovItemId="B2" CovItemPrefix="com.OriginalFiles.Analyze.java" Implct="true" Intrnl_Id="1318">
<Cond/>
<LocList/>
<StmntSeq Intrnl_Id="1319">
<LocList/>
</StmntSeq>
</Branch>
<Keyword EndOffset="957" SrcFileId="11" StartOffset="955"/>
<LocList>
<Loc EndOffset="1495" SrcFileId="11" StartOffset="955"/>
</LocList>
<RootTerm CovItemId="C1" CovItemPrefix="com.OriginalFiles.Analyze.java" Intrnl_Id="1320">
<OpTerm BooleanOpId="12" Intrnl_Id="1321">
<BasicBoolTerm Intrnl_Id="1322">
<LocList>
<Loc EndOffset="986" SrcFileId="11" StartOffset="960"/>
</LocList>
</BasicBoolTerm>
<LocList>
<Loc EndOffset="960" SrcFileId="11" StartOffset="959"/>
</LocList>
</OpTerm>
</RootTerm>
</CondStmnt>
<BasicStmnt CovItemId="S17" CovItemPrefix="com.OriginalFiles.Analyze.java" Intrnl_Id="1323">
<LocList>
<Loc EndOffset="1518" SrcFileId="11" StartOffset="1505"/>
</LocList>
</BasicStmnt>
</StmntSeq>
</HierarchyLvl>
<HierarchyLvl HierarchyLvlId="460" HierarchyLvlTypeId="17" Intrnl_Id="1324" Name="checkMotorCalibration">
<Header>
<Loc EndOffset="1586" SrcFileId="11" StartOffset="1550"/>
</Header>
<LocList>
<Loc EndOffset="1777" SrcFileId="11" StartOffset="1550"/>
</LocList>
<StmntSeq Intrnl_Id="1325">
<LocList>
<Loc EndOffset="1620" SrcFileId="11" StartOffset="1598"/>
<Loc EndOffset="1770" SrcFileId="11" StartOffset="1632"/>
</LocList>
<BasicStmnt CovItemId="S18" CovItemPrefix="com.OriginalFiles.Analyze.java" Intrnl_Id="1326">
<LocList>
<Loc EndOffset="1620" SrcFileId="11" StartOffset="1598"/>
</LocList>
</BasicStmnt>
<CondStmnt CovItemId="S19" CovItemPrefix="com.OriginalFiles.Analyze.java" Intrnl_Id="1327">
<Branch CovItemId="B5" CovItemPrefix="com.OriginalFiles.Analyze.java" Implct="false" Intrnl_Id="1328">
<Cond/>
<LocList>
<Loc EndOffset="1770" SrcFileId="11" StartOffset="1679"/>
</LocList>
<StmntSeq Intrnl_Id="1329">
<LocList>
<Loc EndOffset="1715" SrcFileId="11" StartOffset="1694"/>
<Loc EndOffset="1759" SrcFileId="11" StartOffset="1729"/>
</LocList>
<BasicStmnt CovItemId="S20" CovItemPrefix="com.OriginalFiles.Analyze.java" Intrnl_Id="1330">
<LocList>
<Loc EndOffset="1715" SrcFileId="11" StartOffset="1694"/>
</LocList>
</BasicStmnt>
<BasicStmnt CovItemId="S21" CovItemPrefix="com.OriginalFiles.Analyze.java" Intrnl_Id="1331">
<LocList>
<Loc EndOffset="1759" SrcFileId="11" StartOffset="1729"/>
</LocList>
</BasicStmnt>
</StmntSeq>
</Branch>
<Branch CovItemId="B6" CovItemPrefix="com.OriginalFiles.Analyze.java" Implct="true" Intrnl_Id="1332">
<Cond/>
<LocList/>
<StmntSeq Intrnl_Id="1333">
<LocList/>
</StmntSeq>
</Branch>
<Keyword EndOffset="1634" SrcFileId="11" StartOffset="1632"/>
<LocList>
<Loc EndOffset="1770" SrcFileId="11" StartOffset="1632"/>
</LocList>
<RootTerm CovItemId="C3" CovItemPrefix="com.OriginalFiles.Analyze.java" Intrnl_Id="1334">
<BasicBoolTerm Intrnl_Id="1335">
<LocList>
<Loc EndOffset="1677" SrcFileId="11" StartOffset="1636"/>
</LocList>
</BasicBoolTerm>
</RootTerm>
</CondStmnt>
</StmntSeq>
</HierarchyLvl>
<HierarchyLvl HierarchyLvlId="461" HierarchyLvlTypeId="17" Intrnl_Id="1336" Name="makeListOfMoveables">
<Header>
<Loc EndOffset="1850" SrcFileId="11" StartOffset="1785"/>
</Header>
<LocList>
<Loc EndOffset="2604" SrcFileId="11" StartOffset="1785"/>
</LocList>
<StmntSeq Intrnl_Id="1337">
<LocList>
<Loc EndOffset="1948" SrcFileId="11" StartOffset="1916"/>
<Loc EndOffset="2333" SrcFileId="11" StartOffset="1958"/>
<Loc EndOffset="2388" SrcFileId="11" StartOffset="2343"/>
<Loc EndOffset="2417" SrcFileId="11" StartOffset="2398"/>
<Loc EndOffset="2444" SrcFileId="11" StartOffset="2427"/>
<Loc EndOffset="2567" SrcFileId="11" StartOffset="2454"/>
<Loc EndOffset="2597" SrcFileId="11" StartOffset="2577"/>
</LocList>
<BasicStmnt CovItemId="S22" CovItemPrefix="com.OriginalFiles.Analyze.java" Intrnl_Id="1338">
<LocList>
<Loc EndOffset="1948" SrcFileId="11" StartOffset="1916"/>
</LocList>
</BasicStmnt>
<LoopStmnt CovItemId="S23" CovItemPrefix="com.OriginalFiles.Analyze.java" Intrnl_Id="1339" MltplExecId="L1-2" MltplExecPrefix="com.OriginalFiles.Analyze.java" NvrExecId="L1-0" NvrExecPrefix="com.OriginalFiles.Analyze.java" OnceExecutedId="L1-1" OnceExecutedPrefix="com.OriginalFiles.Analyze.java" OptBodyExec="true">
<StmntSeq Intrnl_Id="1340">
<LocList>
<Loc EndOffset="2322" SrcFileId="11" StartOffset="2013"/>
</LocList>
<LoopStmnt CovItemId="S24" CovItemPrefix="com.OriginalFiles.Analyze.java" Intrnl_Id="1341" MltplExecId="L2-2" MltplExecPrefix="com.OriginalFiles.Analyze.java" NvrExecId="L2-0" NvrExecPrefix="com.OriginalFiles.Analyze.java" OnceExecutedId="L2-1" OnceExecutedPrefix="com.OriginalFiles.Analyze.java" OptBodyExec="true">
<StmntSeq Intrnl_Id="1342">
<LocList>
<Loc EndOffset="2307" SrcFileId="11" StartOffset="2054"/>
</LocList>
<CondStmnt CovItemId="S25" CovItemPrefix="com.OriginalFiles.Analyze.java" Intrnl_Id="1343">
<Branch CovItemId="B7" CovItemPrefix="com.OriginalFiles.Analyze.java" Implct="false" Intrnl_Id="1344">
<Cond/>
<LocList>
<Loc EndOffset="2307" SrcFileId="11" StartOffset="2076"/>
</LocList>
<StmntSeq Intrnl_Id="1345">
<LocList>
<Loc EndOffset="2288" SrcFileId="11" StartOffset="2099"/>
</LocList>
<CondStmnt CovItemId="S26" CovItemPrefix="com.OriginalFiles.Analyze.java" Intrnl_Id="1346">
<Branch CovItemId="B9" CovItemPrefix="com.OriginalFiles.Analyze.java" Implct="false" Intrnl_Id="1347">
<Cond/>
<LocList>
<Loc EndOffset="2288" SrcFileId="11" StartOffset="2214"/>
</LocList>
<StmntSeq Intrnl_Id="1348">
<LocList>
<Loc EndOffset="2265" SrcFileId="11" StartOffset="2241"/>
</LocList>
<BasicStmnt CovItemId="S27" CovItemPrefix="com.OriginalFiles.Analyze.java" Intrnl_Id="1349">
<LocList>
<Loc EndOffset="2265" SrcFileId="11" StartOffset="2241"/>
</LocList>
</BasicStmnt>
</StmntSeq>
</Branch>
<Branch CovItemId="B10" CovItemPrefix="com.OriginalFiles.Analyze.java" Implct="true" Intrnl_Id="1350">
<Cond/>
<LocList/>
<StmntSeq Intrnl_Id="1351">
<LocList/>
</StmntSeq>
</Branch>
<Keyword EndOffset="2101" SrcFileId="11" StartOffset="2099"/>
<LocList>
<Loc EndOffset="2288" SrcFileId="11" StartOffset="2099"/>
</LocList>
<RootTerm CovItemId="C5" CovItemPrefix="com.OriginalFiles.Analyze.java" Intrnl_Id="1352">
<OpTerm BooleanOpId="13" Intrnl_Id="1353">
<BasicBoolTerm Intrnl_Id="1354">
<LocList>
<Loc EndOffset="2137" SrcFileId="11" StartOffset="2103"/>
</LocList>
</BasicBoolTerm>
<BasicBoolTerm Intrnl_Id="1355">
<LocList>
<Loc EndOffset="2212" SrcFileId="11" StartOffset="2170"/>
</LocList>
</BasicBoolTerm>
<LocList>
<Loc EndOffset="2169" SrcFileId="11" StartOffset="2167"/>
</LocList>
</OpTerm>
</RootTerm>
</CondStmnt>
</StmntSeq>
</Branch>
<Branch CovItemId="B8" CovItemPrefix="com.OriginalFiles.Analyze.java" Implct="true" Intrnl_Id="1356">
<Cond/>
<LocList/>
<StmntSeq Intrnl_Id="1357">
<LocList/>
</StmntSeq>
</Branch>
<Keyword EndOffset="2056" SrcFileId="11" StartOffset="2054"/>
<LocList>
<Loc EndOffset="2307" SrcFileId="11" StartOffset="2054"/>
</LocList>
<RootTerm CovItemId="C4" CovItemPrefix="com.OriginalFiles.Analyze.java" Intrnl_Id="1358">
<OpTerm BooleanOpId="12" Intrnl_Id="1359">
<BasicBoolTerm Intrnl_Id="1360">
<LocList>
<Loc EndOffset="2074" SrcFileId="11" StartOffset="2059"/>
</LocList>
</BasicBoolTerm>
<LocList>
<Loc EndOffset="2059" SrcFileId="11" StartOffset="2058"/>
</LocList>
</OpTerm>
</RootTerm>
</CondStmnt>
</StmntSeq>
<Keyword EndOffset="2016" SrcFileId="11" StartOffset="2013"/>
<LocList>
<Loc EndOffset="2322" SrcFileId="11" StartOffset="2013"/>
</LocList>
</LoopStmnt>
</StmntSeq>
<Keyword EndOffset="1961" SrcFileId="11" StartOffset="1958"/>
<LocList>
<Loc EndOffset="2333" SrcFileId="11" StartOffset="1958"/>
</LocList>
</LoopStmnt>
<BasicStmnt CovItemId="S28" CovItemPrefix="com.OriginalFiles.Analyze.java" Intrnl_Id="1361">
<LocList>
<Loc EndOffset="2388" SrcFileId="11" StartOffset="2343"/>
</LocList>
</BasicStmnt>
<BasicStmnt CovItemId="S29" CovItemPrefix="com.OriginalFiles.Analyze.java" Intrnl_Id="1362">
<LocList>
<Loc EndOffset="2417" SrcFileId="11" StartOffset="2398"/>
</LocList>
</BasicStmnt>
<BasicStmnt CovItemId="S30" CovItemPrefix="com.OriginalFiles.Analyze.java" Intrnl_Id="1363">
<LocList>
<Loc EndOffset="2444" SrcFileId="11" StartOffset="2427"/>
</LocList>
</BasicStmnt>
<CondStmnt CovItemId="S31" CovItemPrefix="com.OriginalFiles.Analyze.java" Intrnl_Id="1364">
<Branch CovItemId="B11" CovItemPrefix="com.OriginalFiles.Analyze.java" Implct="false" Intrnl_Id="1365">
<Cond/>
<LocList>
<Loc EndOffset="2567" SrcFileId="11" StartOffset="2484"/>
</LocList>
<StmntSeq Intrnl_Id="1366">
<LocList>
<Loc EndOffset="2556" SrcFileId="11" StartOffset="2499"/>
</LocList>
<BasicStmnt CovItemId="S32" CovItemPrefix="com.OriginalFiles.Analyze.java" Intrnl_Id="1367">
<LocList>
<Loc EndOffset="2556" SrcFileId="11" StartOffset="2499"/>
</LocList>
</BasicStmnt>
</StmntSeq>
</Branch>
<Branch CovItemId="B12" CovItemPrefix="com.OriginalFiles.Analyze.java" Implct="true" Intrnl_Id="1368">
<Cond/>
<LocList/>
<StmntSeq Intrnl_Id="1369">
<LocList/>
</StmntSeq>
</Branch>
<Keyword EndOffset="2456" SrcFileId="11" StartOffset="2454"/>
<LocList>
<Loc EndOffset="2567" SrcFileId="11" StartOffset="2454"/>
</LocList>
<RootTerm CovItemId="C6" CovItemPrefix="com.OriginalFiles.Analyze.java" Intrnl_Id="1370">
<BasicBoolTerm Intrnl_Id="1371">
<LocList>
<Loc EndOffset="2482" SrcFileId="11" StartOffset="2458"/>
</LocList>
</BasicBoolTerm>
</RootTerm>
</CondStmnt>
<BasicStmnt CovItemId="S33" CovItemPrefix="com.OriginalFiles.Analyze.java" Intrnl_Id="1372">
<LocList>
<Loc EndOffset="2597" SrcFileId="11" StartOffset="2577"/>
</LocList>
</BasicStmnt>
</StmntSeq>
</HierarchyLvl>
<HierarchyLvl HierarchyLvlId="462" HierarchyLvlTypeId="17" Intrnl_Id="1373" Name="checkMovement">
<Header>
<Loc EndOffset="2777" SrcFileId="11" StartOffset="2643"/>
</Header>
<LocList>
<Loc EndOffset="3206" SrcFileId="11" StartOffset="2643"/>
</LocList>
<StmntSeq Intrnl_Id="1374">
<LocList>
<Loc EndOffset="3176" SrcFileId="11" StartOffset="2789"/>
<Loc EndOffset="3199" SrcFileId="11" StartOffset="3186"/>
</LocList>
<LoopStmnt CovItemId="S34" CovItemPrefix="com.OriginalFiles.Analyze.java" Intrnl_Id="1375" MltplExecId="L3-2" MltplExecPrefix="com.OriginalFiles.Analyze.java" NvrExecId="L3-0" NvrExecPrefix="com.OriginalFiles.Analyze.java" OnceExecutedId="L3-1" OnceExecutedPrefix="com.OriginalFiles.Analyze.java" OptBodyExec="true">
<StmntSeq Intrnl_Id="1376">
<LocList>
<Loc EndOffset="3165" SrcFileId="11" StartOffset="2837"/>
</LocList>
<CondStmnt CovItemId="S35" CovItemPrefix="com.OriginalFiles.Analyze.java" Intrnl_Id="1377">
<Branch CovItemId="B13" CovItemPrefix="com.OriginalFiles.Analyze.java" Implct="false" Intrnl_Id="1378">
<Cond/>
<LocList>
<Loc EndOffset="3165" SrcFileId="11" StartOffset="2894"/>
</LocList>
<StmntSeq Intrnl_Id="1379">
<LocList>
<Loc EndOffset="3047" SrcFileId="11" StartOffset="2913"/>
<Loc EndOffset="3150" SrcFileId="11" StartOffset="3065"/>
</LocList>
<CondStmnt CovItemId="S36" CovItemPrefix="com.OriginalFiles.Analyze.java" Intrnl_Id="1380">
<Branch CovItemId="B15" CovItemPrefix="com.OriginalFiles.Analyze.java" Implct="false" Intrnl_Id="1381">
<Cond/>
<LocList>
<Loc EndOffset="3047" SrcFileId="11" StartOffset="2963"/>
</LocList>
<StmntSeq Intrnl_Id="1382">
<LocList>
<Loc EndOffset="3028" SrcFileId="11" StartOffset="2986"/>
</LocList>
<BasicStmnt CovItemId="S37" CovItemPrefix="com.OriginalFiles.Analyze.java" Intrnl_Id="1383">
<LocList>
<Loc EndOffset="3028" SrcFileId="11" StartOffset="2986"/>
</LocList>
</BasicStmnt>
</StmntSeq>
</Branch>
<Branch CovItemId="B16" CovItemPrefix="com.OriginalFiles.Analyze.java" Implct="true" Intrnl_Id="1384">
<Cond/>
<LocList/>
<StmntSeq Intrnl_Id="1385">
<LocList/>
</StmntSeq>
</Branch>
<Keyword EndOffset="2915" SrcFileId="11" StartOffset="2913"/>
<LocList>
<Loc EndOffset="3047" SrcFileId="11" StartOffset="2913"/>
</LocList>
<RootTerm CovItemId="C8" CovItemPrefix="com.OriginalFiles.Analyze.java" Intrnl_Id="1386">
<OpTerm BooleanOpId="13" Intrnl_Id="1387">
<BasicBoolTerm Intrnl_Id="1388">
<LocList>
<Loc EndOffset="2925" SrcFileId="11" StartOffset="2917"/>
</LocList>
</BasicBoolTerm>
<OpTerm BooleanOpId="12" Intrnl_Id="1389">
<BasicBoolTerm Intrnl_Id="1390">
<LocList>
<Loc EndOffset="2961" SrcFileId="11" StartOffset="2930"/>
</LocList>
</BasicBoolTerm>
<LocList>
<Loc EndOffset="2930" SrcFileId="11" StartOffset="2929"/>
</LocList>
</OpTerm>
<LocList>
<Loc EndOffset="2928" SrcFileId="11" StartOffset="2926"/>
</LocList>
</OpTerm>
</RootTerm>
</CondStmnt>
<CondStmnt CovItemId="S38" CovItemPrefix="com.OriginalFiles.Analyze.java" Intrnl_Id="1391">
<Branch CovItemId="B17" CovItemPrefix="com.OriginalFiles.Analyze.java" Implct="false" Intrnl_Id="1392">
<Cond/>
<LocList>
<Loc EndOffset="3150" SrcFileId="11" StartOffset="3096"/>
</LocList>
<StmntSeq Intrnl_Id="1393">
<LocList>
<Loc EndOffset="3131" SrcFileId="11" StartOffset="3119"/>
</LocList>
<BasicStmnt CovItemId="S39" CovItemPrefix="com.OriginalFiles.Analyze.java" Intrnl_Id="1394">
<LocList>
<Loc EndOffset="3131" SrcFileId="11" StartOffset="3119"/>
</LocList>
</BasicStmnt>
</StmntSeq>
</Branch>
<Branch CovItemId="B18" CovItemPrefix="com.OriginalFiles.Analyze.java" Implct="true" Intrnl_Id="1395">
<Cond/>
<LocList/>
<StmntSeq Intrnl_Id="1396">
<LocList/>
</StmntSeq>
</Branch>
<Keyword EndOffset="3067" SrcFileId="11" StartOffset="3065"/>
<LocList>
<Loc EndOffset="3150" SrcFileId="11" StartOffset="3065"/>
</LocList>
<RootTerm CovItemId="C9" CovItemPrefix="com.OriginalFiles.Analyze.java" Intrnl_Id="1397">
<BasicBoolTerm Intrnl_Id="1398">
<LocList>
<Loc EndOffset="3094" SrcFileId="11" StartOffset="3069"/>
</LocList>
</BasicBoolTerm>
</RootTerm>
</CondStmnt>
</StmntSeq>
</Branch>
<Branch CovItemId="B14" CovItemPrefix="com.OriginalFiles.Analyze.java" Implct="true" Intrnl_Id="1399">
<Cond/>
<LocList/>
<StmntSeq Intrnl_Id="1400">
<LocList/>
</StmntSeq>
</Branch>
<Keyword EndOffset="2839" SrcFileId="11" StartOffset="2837"/>
<LocList>
<Loc EndOffset="3165" SrcFileId="11" StartOffset="2837"/>
</LocList>
<RootTerm CovItemId="C7" CovItemPrefix="com.OriginalFiles.Analyze.java" Intrnl_Id="1401">
<BasicBoolTerm Intrnl_Id="1402">
<LocList>
<Loc EndOffset="2892" SrcFileId="11" StartOffset="2841"/>
</LocList>
</BasicBoolTerm>
</RootTerm>
</CondStmnt>
</StmntSeq>
<Keyword EndOffset="2792" SrcFileId="11" StartOffset="2789"/>
<LocList>
<Loc EndOffset="3176" SrcFileId="11" StartOffset="2789"/>
</LocList>
</LoopStmnt>
<BasicStmnt CovItemId="S40" CovItemPrefix="com.OriginalFiles.Analyze.java" Intrnl_Id="1403">
<LocList>
<Loc EndOffset="3199" SrcFileId="11" StartOffset="3186"/>
</LocList>
</BasicStmnt>
</StmntSeq>
</HierarchyLvl>
<HierarchyLvl HierarchyLvlId="463" HierarchyLvlTypeId="17" Intrnl_Id="1404" Name="countDownToPanic">
<Header>
<Loc EndOffset="3375" SrcFileId="11" StartOffset="3265"/>
</Header>
<LocList>
<Loc EndOffset="3914" SrcFileId="11" StartOffset="3265"/>
</LocList>
<StmntSeq Intrnl_Id="1405">
<LocList>
<Loc EndOffset="3907" SrcFileId="11" StartOffset="3387"/>
</LocList>
<CondStmnt CovItemId="S41" CovItemPrefix="com.OriginalFiles.Analyze.java" Intrnl_Id="1406">
<Branch CovItemId="B19" CovItemPrefix="com.OriginalFiles.Analyze.java" Implct="false" Intrnl_Id="1407">
<Cond/>
<LocList>
<Loc EndOffset="3907" SrcFileId="11" StartOffset="3404"/>
</LocList>
<StmntSeq Intrnl_Id="1408">
<LocList>
<Loc EndOffset="3896" SrcFileId="11" StartOffset="3419"/>
</LocList>
<CondStmnt CovItemId="S42" CovItemPrefix="com.OriginalFiles.Analyze.java" Intrnl_Id="1409">
<Branch CovItemId="B21" CovItemPrefix="com.OriginalFiles.Analyze.java" Implct="false" Intrnl_Id="1410">
<Cond/>
<LocList>
<Loc EndOffset="3594" SrcFileId="11" StartOffset="3453"/>
</LocList>
<StmntSeq Intrnl_Id="1411">
<LocList>
<Loc EndOffset="3499" SrcFileId="11" StartOffset="3472"/>
<Loc EndOffset="3532" SrcFileId="11" StartOffset="3517"/>
<Loc EndOffset="3579" SrcFileId="11" StartOffset="3550"/>
</LocList>
<BasicStmnt CovItemId="S43" CovItemPrefix="com.OriginalFiles.Analyze.java" Intrnl_Id="1412">
<LocList>
<Loc EndOffset="3499" SrcFileId="11" StartOffset="3472"/>
</LocList>
</BasicStmnt>
<BasicStmnt CovItemId="S44" CovItemPrefix="com.OriginalFiles.Analyze.java" Intrnl_Id="1413">
<LocList>
<Loc EndOffset="3532" SrcFileId="11" StartOffset="3517"/>
</LocList>
</BasicStmnt>
<BasicStmnt CovItemId="S45" CovItemPrefix="com.OriginalFiles.Analyze.java" Intrnl_Id="1414">
<LocList>
<Loc EndOffset="3579" SrcFileId="11" StartOffset="3550"/>
</LocList>
</BasicStmnt>
</StmntSeq>
</Branch>
<Branch CovItemId="B22" CovItemPrefix="com.OriginalFiles.Analyze.java" Implct="false" Intrnl_Id="1415">
<Cond>
<Loc EndOffset="3599" SrcFileId="11" StartOffset="3595"/>
</Cond>
<LocList>
<Loc EndOffset="3896" SrcFileId="11" StartOffset="3600"/>
</LocList>
<StmntSeq Intrnl_Id="1416">
<LocList>
<Loc EndOffset="3896" SrcFileId="11" StartOffset="3600"/>
</LocList>
<CondStmnt CovItemId="S46" CovItemPrefix="com.OriginalFiles.Analyze.java" Intrnl_Id="1417">
<Branch CovItemId="B23" CovItemPrefix="com.OriginalFiles.Analyze.java" Implct="false" Intrnl_Id="1418">
<Cond/>
<LocList>
<Loc EndOffset="3823" SrcFileId="11" StartOffset="3634"/>
</LocList>
<StmntSeq Intrnl_Id="1419">
<LocList>
<Loc EndOffset="3683" SrcFileId="11" StartOffset="3653"/>
<Loc EndOffset="3728" SrcFileId="11" StartOffset="3701"/>
<Loc EndOffset="3761" SrcFileId="11" StartOffset="3746"/>
<Loc EndOffset="3808" SrcFileId="11" StartOffset="3779"/>
</LocList>
<BasicStmnt CovItemId="S47" CovItemPrefix="com.OriginalFiles.Analyze.java" Intrnl_Id="1420">
<LocList>
<Loc EndOffset="3683" SrcFileId="11" StartOffset="3653"/>
</LocList>
</BasicStmnt>
<BasicStmnt CovItemId="S48" CovItemPrefix="com.OriginalFiles.Analyze.java" Intrnl_Id="1421">
<LocList>
<Loc EndOffset="3728" SrcFileId="11" StartOffset="3701"/>
</LocList>
</BasicStmnt>
<BasicStmnt CovItemId="S49" CovItemPrefix="com.OriginalFiles.Analyze.java" Intrnl_Id="1422">
<LocList>
<Loc EndOffset="3761" SrcFileId="11" StartOffset="3746"/>
</LocList>
</BasicStmnt>
<BasicStmnt CovItemId="S50" CovItemPrefix="com.OriginalFiles.Analyze.java" Intrnl_Id="1423">
<LocList>
<Loc EndOffset="3808" SrcFileId="11" StartOffset="3779"/>
</LocList>
</BasicStmnt>
</StmntSeq>
</Branch>
<Branch CovItemId="B24" CovItemPrefix="com.OriginalFiles.Analyze.java" Implct="false" Intrnl_Id="1424">
<Cond>
<Loc EndOffset="3828" SrcFileId="11" StartOffset="3824"/>
</Cond>
<LocList>
<Loc EndOffset="3896" SrcFileId="11" StartOffset="3829"/>
</LocList>
<StmntSeq Intrnl_Id="1425">
<LocList>
<Loc EndOffset="3881" SrcFileId="11" StartOffset="3848"/>
</LocList>
<BasicStmnt CovItemId="S51" CovItemPrefix="com.OriginalFiles.Analyze.java" Intrnl_Id="1426">
<LocList>
<Loc EndOffset="3881" SrcFileId="11" StartOffset="3848"/>
</LocList>
</BasicStmnt>
</StmntSeq>
</Branch>
<Keyword EndOffset="3602" SrcFileId="11" StartOffset="3600"/>
<LocList>
<Loc EndOffset="3896" SrcFileId="11" StartOffset="3600"/>
</LocList>
<RootTerm CovItemId="C12" CovItemPrefix="com.OriginalFiles.Analyze.java" Intrnl_Id="1427">
<BasicBoolTerm Intrnl_Id="1428">
<LocList>
<Loc EndOffset="3632" SrcFileId="11" StartOffset="3604"/>
</LocList>
</BasicBoolTerm>
</RootTerm>
</CondStmnt>
</StmntSeq>
</Branch>
<Keyword EndOffset="3421" SrcFileId="11" StartOffset="3419"/>
<LocList>
<Loc EndOffset="3896" SrcFileId="11" StartOffset="3419"/>
</LocList>
<RootTerm CovItemId="C11" CovItemPrefix="com.OriginalFiles.Analyze.java" Intrnl_Id="1429">
<BasicBoolTerm Intrnl_Id="1430">
<LocList>
<Loc EndOffset="3451" SrcFileId="11" StartOffset="3423"/>
</LocList>
</BasicBoolTerm>
</RootTerm>
</CondStmnt>
</StmntSeq>
</Branch>
<Branch CovItemId="B20" CovItemPrefix="com.OriginalFiles.Analyze.java" Implct="true" Intrnl_Id="1431">
<Cond/>
<LocList/>
<StmntSeq Intrnl_Id="1432">
<LocList/>
</StmntSeq>
</Branch>
<Keyword EndOffset="3389" SrcFileId="11" StartOffset="3387"/>
<LocList>
<Loc EndOffset="3907" SrcFileId="11" StartOffset="3387"/>
</LocList>
<RootTerm CovItemId="C10" CovItemPrefix="com.OriginalFiles.Analyze.java" Intrnl_Id="1433">
<OpTerm BooleanOpId="12" Intrnl_Id="1434">
<BasicBoolTerm Intrnl_Id="1435">
<LocList>
<Loc EndOffset="3402" SrcFileId="11" StartOffset="3392"/>
</LocList>
</BasicBoolTerm>
<LocList>
<Loc EndOffset="3392" SrcFileId="11" StartOffset="3391"/>
</LocList>
</OpTerm>
</RootTerm>
</CondStmnt>
</StmntSeq>
</HierarchyLvl>
<HierarchyLvl HierarchyLvlId="464" HierarchyLvlTypeId="17" Intrnl_Id="1436" Name="trackMovement">
<Header>
<Loc EndOffset="4102" SrcFileId="11" StartOffset="3989"/>
</Header>
<LocList>
<Loc EndOffset="4512" SrcFileId="11" StartOffset="3989"/>
</LocList>
<StmntSeq Intrnl_Id="1437">
<LocList>
<Loc EndOffset="4141" SrcFileId="11" StartOffset="4114"/>
<Loc EndOffset="4475" SrcFileId="11" StartOffset="4151"/>
<Loc EndOffset="4505" SrcFileId="11" StartOffset="4487"/>
</LocList>
<BasicStmnt CovItemId="S52" CovItemPrefix="com.OriginalFiles.Analyze.java" Intrnl_Id="1438">
<LocList>
<Loc EndOffset="4141" SrcFileId="11" StartOffset="4114"/>
</LocList>
</BasicStmnt>
<CondStmnt CovItemId="S53" CovItemPrefix="com.OriginalFiles.Analyze.java" Intrnl_Id="1439">
<Branch CovItemId="B25" CovItemPrefix="com.OriginalFiles.Analyze.java" Implct="false" Intrnl_Id="1440">
<Cond/>
<LocList>
<Loc EndOffset="4399" SrcFileId="11" StartOffset="4188"/>
</LocList>
<StmntSeq Intrnl_Id="1441">
<LocList>
<Loc EndOffset="4281" SrcFileId="11" StartOffset="4203"/>
<Loc EndOffset="4388" SrcFileId="11" StartOffset="4295"/>
</LocList>
<CondStmnt CovItemId="S54" CovItemPrefix="com.OriginalFiles.Analyze.java" Intrnl_Id="1442">
<Branch CovItemId="B27" CovItemPrefix="com.OriginalFiles.Analyze.java" Implct="false" Intrnl_Id="1443">
<Cond/>
<LocList>
<Loc EndOffset="4281" SrcFileId="11" StartOffset="4229"/>
</LocList>
<StmntSeq Intrnl_Id="1444">
<LocList>
<Loc EndOffset="4266" SrcFileId="11" StartOffset="4248"/>
</LocList>
<BasicStmnt CovItemId="S55" CovItemPrefix="com.OriginalFiles.Analyze.java" Intrnl_Id="1445">
<LocList>
<Loc EndOffset="4266" SrcFileId="11" StartOffset="4248"/>
</LocList>
</BasicStmnt>
</StmntSeq>
</Branch>
<Branch CovItemId="B28" CovItemPrefix="com.OriginalFiles.Analyze.java" Implct="true" Intrnl_Id="1446">
<Cond/>
<LocList/>
<StmntSeq Intrnl_Id="1447">
<LocList/>
</StmntSeq>
</Branch>
<Keyword EndOffset="4205" SrcFileId="11" StartOffset="4203"/>
<LocList>
<Loc EndOffset="4281" SrcFileId="11" StartOffset="4203"/>
</LocList>
<RootTerm CovItemId="C14" CovItemPrefix="com.OriginalFiles.Analyze.java" Intrnl_Id="1448">
<BasicBoolTerm Intrnl_Id="1449">
<LocList>
<Loc EndOffset="4227" SrcFileId="11" StartOffset="4207"/>
</LocList>
</BasicBoolTerm>
</RootTerm>
</CondStmnt>
<CondStmnt CovItemId="S56" CovItemPrefix="com.OriginalFiles.Analyze.java" Intrnl_Id="1450">
<Branch CovItemId="B29" CovItemPrefix="com.OriginalFiles.Analyze.java" Implct="false" Intrnl_Id="1451">
<Cond/>
<LocList>
<Loc EndOffset="4388" SrcFileId="11" StartOffset="4312"/>
</LocList>
<StmntSeq Intrnl_Id="1452">
<LocList>
<Loc EndOffset="4373" SrcFileId="11" StartOffset="4331"/>
</LocList>
<BasicStmnt CovItemId="S57" CovItemPrefix="com.OriginalFiles.Analyze.java" Intrnl_Id="1453">
<LocList>
<Loc EndOffset="4373" SrcFileId="11" StartOffset="4331"/>
</LocList>
</BasicStmnt>
</StmntSeq>
</Branch>
<Branch CovItemId="B30" CovItemPrefix="com.OriginalFiles.Analyze.java" Implct="true" Intrnl_Id="1454">
<Cond/>
<LocList/>
<StmntSeq Intrnl_Id="1455">
<LocList/>
</StmntSeq>
</Branch>
<Keyword EndOffset="4297" SrcFileId="11" StartOffset="4295"/>
<LocList>
<Loc EndOffset="4388" SrcFileId="11" StartOffset="4295"/>
</LocList>
<RootTerm CovItemId="C15" CovItemPrefix="com.OriginalFiles.Analyze.java" Intrnl_Id="1456">
<OpTerm BooleanOpId="12" Intrnl_Id="1457">
<BasicBoolTerm Intrnl_Id="1458">
<LocList>
<Loc EndOffset="4310" SrcFileId="11" StartOffset="4300"/>
</LocList>
</BasicBoolTerm>
<LocList>
<Loc EndOffset="4300" SrcFileId="11" StartOffset="4299"/>
</LocList>
</OpTerm>
</RootTerm>
</CondStmnt>
</StmntSeq>
</Branch>
<Branch CovItemId="B26" CovItemPrefix="com.OriginalFiles.Analyze.java" Implct="false" Intrnl_Id="1459">
<Cond>
<Loc EndOffset="4404" SrcFileId="11" StartOffset="4400"/>
</Cond>
<LocList>
<Loc EndOffset="4475" SrcFileId="11" StartOffset="4405"/>
</LocList>
<StmntSeq Intrnl_Id="1460">
<LocList>
<Loc EndOffset="4475" SrcFileId="11" StartOffset="4405"/>
</LocList>
<CondStmnt CovItemId="S58" CovItemPrefix="com.OriginalFiles.Analyze.java" Intrnl_Id="1461">
<Branch CovItemId="B31" CovItemPrefix="com.OriginalFiles.Analyze.java" Implct="false" Intrnl_Id="1462">
<Cond/>
<LocList>
<Loc EndOffset="4475" SrcFileId="11" StartOffset="4431"/>
</LocList>
<StmntSeq Intrnl_Id="1463">
<LocList>
<Loc EndOffset="4464" SrcFileId="11" StartOffset="4446"/>
</LocList>
<BasicStmnt CovItemId="S59" CovItemPrefix="com.OriginalFiles.Analyze.java" Intrnl_Id="1464">
<LocList>
<Loc EndOffset="4464" SrcFileId="11" StartOffset="4446"/>
</LocList>
</BasicStmnt>
</StmntSeq>
</Branch>
<Branch CovItemId="B32" CovItemPrefix="com.OriginalFiles.Analyze.java" Implct="true" Intrnl_Id="1465">
<Cond/>
<LocList/>
<StmntSeq Intrnl_Id="1466">
<LocList/>
</StmntSeq>
</Branch>
<Keyword EndOffset="4407" SrcFileId="11" StartOffset="4405"/>
<LocList>
<Loc EndOffset="4475" SrcFileId="11" StartOffset="4405"/>
</LocList>
<RootTerm CovItemId="C16" CovItemPrefix="com.OriginalFiles.Analyze.java" Intrnl_Id="1467">
<BasicBoolTerm Intrnl_Id="1468">
<LocList>
<Loc EndOffset="4429" SrcFileId="11" StartOffset="4409"/>
</LocList>
</BasicBoolTerm>
</RootTerm>
</CondStmnt>
</StmntSeq>
</Branch>
<Keyword EndOffset="4153" SrcFileId="11" StartOffset="4151"/>
<LocList>
<Loc EndOffset="4475" SrcFileId="11" StartOffset="4151"/>
</LocList>
<RootTerm CovItemId="C13" CovItemPrefix="com.OriginalFiles.Analyze.java" Intrnl_Id="1469">
<BasicBoolTerm Intrnl_Id="1470">
<LocList>
<Loc EndOffset="4186" SrcFileId="11" StartOffset="4155"/>
</LocList>
</BasicBoolTerm>
</RootTerm>
</CondStmnt>
<BasicStmnt CovItemId="S60" CovItemPrefix="com.OriginalFiles.Analyze.java" Intrnl_Id="1471">
<LocList>
<Loc EndOffset="4505" SrcFileId="11" StartOffset="4487"/>
</LocList>
</BasicStmnt>
</StmntSeq>
</HierarchyLvl>
<HierarchyLvl HierarchyLvlId="465" HierarchyLvlTypeId="17" Intrnl_Id="1472" Name="checkMove">
<Header>
<Loc EndOffset="4658" SrcFileId="11" StartOffset="4549"/>
</Header>
<LocList>
<Loc EndOffset="6940" SrcFileId="11" StartOffset="4549"/>
</LocList>
<StmntSeq Intrnl_Id="1473">
<LocList>
<Loc EndOffset="6910" SrcFileId="11" StartOffset="4720"/>
<Loc EndOffset="6933" SrcFileId="11" StartOffset="6920"/>
</LocList>
<CondStmnt CovItemId="S61" CovItemPrefix="com.OriginalFiles.Analyze.java" Intrnl_Id="1474">
<Branch CovItemId="B33" CovItemPrefix="com.OriginalFiles.Analyze.java" Implct="false" Intrnl_Id="1475">
<Cond/>
<LocList>
<Loc EndOffset="6910" SrcFileId="11" StartOffset="4769"/>
</LocList>
<StmntSeq Intrnl_Id="1476">
<LocList>
<Loc EndOffset="6899" SrcFileId="11" StartOffset="4825"/>
</LocList>
<CondStmnt CovItemId="S62" CovItemPrefix="com.OriginalFiles.Analyze.java" Intrnl_Id="1477">
<Branch CovItemId="B35" CovItemPrefix="com.OriginalFiles.Analyze.java" Implct="false" Intrnl_Id="1478">
<Cond/>
<LocList>
<Loc EndOffset="5310" SrcFileId="11" StartOffset="4882"/>
</LocList>
<StmntSeq Intrnl_Id="1479">
<LocList>
<Loc EndOffset="5259" SrcFileId="11" StartOffset="4901"/>
</LocList>
<CondStmnt CovItemId="S63" CovItemPrefix="com.OriginalFiles.Analyze.java" Intrnl_Id="1480">
<Branch CovItemId="B37" CovItemPrefix="com.OriginalFiles.Analyze.java" Implct="false" Intrnl_Id="1481">
<Cond/>
<LocList>
<Loc EndOffset="5198" SrcFileId="11" StartOffset="5007"/>
</LocList>
<StmntSeq Intrnl_Id="1482">
<LocList>
<Loc EndOffset="5145" SrcFileId="11" StartOffset="5030"/>
<Loc EndOffset="5179" SrcFileId="11" StartOffset="5167"/>
</LocList>
<BasicStmnt CovItemId="S64" CovItemPrefix="com.OriginalFiles.Analyze.java" Intrnl_Id="1483">
<LocList>
<Loc EndOffset="5145" SrcFileId="11" StartOffset="5030"/>
</LocList>
</BasicStmnt>
<BasicStmnt CovItemId="S65" CovItemPrefix="com.OriginalFiles.Analyze.java" Intrnl_Id="1484">
<LocList>
<Loc EndOffset="5179" SrcFileId="11" StartOffset="5167"/>
</LocList>
</BasicStmnt>
</StmntSeq>
</Branch>
<Branch CovItemId="B38" CovItemPrefix="com.OriginalFiles.Analyze.java" Implct="false" Intrnl_Id="1485">
<Cond>
<Loc EndOffset="5203" SrcFileId="11" StartOffset="5199"/>
</Cond>
<LocList>
<Loc EndOffset="5259" SrcFileId="11" StartOffset="5204"/>
</LocList>
<StmntSeq Intrnl_Id="1486">
<LocList>
<Loc EndOffset="5240" SrcFileId="11" StartOffset="5227"/>
</LocList>
<BasicStmnt CovItemId="S66" CovItemPrefix="com.OriginalFiles.Analyze.java" Intrnl_Id="1487">
<LocList>
<Loc EndOffset="5240" SrcFileId="11" StartOffset="5227"/>
</LocList>
</BasicStmnt>
</StmntSeq>
</Branch>
<Keyword EndOffset="4903" SrcFileId="11" StartOffset="4901"/>
<LocList>
<Loc EndOffset="5259" SrcFileId="11" StartOffset="4901"/>
</LocList>
<RootTerm CovItemId="C19" CovItemPrefix="com.OriginalFiles.Analyze.java" Intrnl_Id="1488">
<BasicBoolTerm Intrnl_Id="1489">
<LocList>
<Loc EndOffset="5005" SrcFileId="11" StartOffset="4905"/>
</LocList>
</BasicBoolTerm>
</RootTerm>
</CondStmnt>
</StmntSeq>
</Branch>
<Branch CovItemId="B36" CovItemPrefix="com.OriginalFiles.Analyze.java" Implct="false" Intrnl_Id="1490">
<Cond>
<Loc EndOffset="5315" SrcFileId="11" StartOffset="5311"/>
</Cond>
<LocList>
<Loc EndOffset="6899" SrcFileId="11" StartOffset="5316"/>
</LocList>
<StmntSeq Intrnl_Id="1491">
<LocList>
<Loc EndOffset="6899" SrcFileId="11" StartOffset="5316"/>
</LocList>
<CondStmnt CovItemId="S67" CovItemPrefix="com.OriginalFiles.Analyze.java" Intrnl_Id="1492">
<Branch CovItemId="B39" CovItemPrefix="com.OriginalFiles.Analyze.java" Implct="false" Intrnl_Id="1493">
<Cond/>
<LocList>
<Loc EndOffset="5815" SrcFileId="11" StartOffset="5374"/>
</LocList>
<StmntSeq Intrnl_Id="1494">
<LocList>
<Loc EndOffset="5751" SrcFileId="11" StartOffset="5393"/>
</LocList>
<CondStmnt CovItemId="S68" CovItemPrefix="com.OriginalFiles.Analyze.java" Intrnl_Id="1495">
<Branch CovItemId="B41" CovItemPrefix="com.OriginalFiles.Analyze.java" Implct="false" Intrnl_Id="1496">
<Cond/>
<LocList>
<Loc EndOffset="5690" SrcFileId="11" StartOffset="5499"/>
</LocList>
<StmntSeq Intrnl_Id="1497">
<LocList>
<Loc EndOffset="5637" SrcFileId="11" StartOffset="5522"/>
<Loc EndOffset="5671" SrcFileId="11" StartOffset="5659"/>
</LocList>
<BasicStmnt CovItemId="S69" CovItemPrefix="com.OriginalFiles.Analyze.java" Intrnl_Id="1498">
<LocList>
<Loc EndOffset="5637" SrcFileId="11" StartOffset="5522"/>
</LocList>
</BasicStmnt>
<BasicStmnt CovItemId="S70" CovItemPrefix="com.OriginalFiles.Analyze.java" Intrnl_Id="1499">
<LocList>
<Loc EndOffset="5671" SrcFileId="11" StartOffset="5659"/>
</LocList>
</BasicStmnt>
</StmntSeq>
</Branch>
<Branch CovItemId="B42" CovItemPrefix="com.OriginalFiles.Analyze.java" Implct="false" Intrnl_Id="1500">
<Cond>
<Loc EndOffset="5695" SrcFileId="11" StartOffset="5691"/>
</Cond>
<LocList>
<Loc EndOffset="5751" SrcFileId="11" StartOffset="5696"/>
</LocList>
<StmntSeq Intrnl_Id="1501">
<LocList>
<Loc EndOffset="5732" SrcFileId="11" StartOffset="5719"/>
</LocList>
<BasicStmnt CovItemId="S71" CovItemPrefix="com.OriginalFiles.Analyze.java" Intrnl_Id="1502">
<LocList>
<Loc EndOffset="5732" SrcFileId="11" StartOffset="5719"/>
</LocList>
</BasicStmnt>
</StmntSeq>
</Branch>
<Keyword EndOffset="5395" SrcFileId="11" StartOffset="5393"/>
<LocList>
<Loc EndOffset="5751" SrcFileId="11" StartOffset="5393"/>
</LocList>
<RootTerm CovItemId="C21" CovItemPrefix="com.OriginalFiles.Analyze.java" Intrnl_Id="1503">
<BasicBoolTerm Intrnl_Id="1504">
<LocList>
<Loc EndOffset="5497" SrcFileId="11" StartOffset="5397"/>
</LocList>
</BasicBoolTerm>
</RootTerm>
</CondStmnt>
</StmntSeq>
</Branch>
<Branch CovItemId="B40" CovItemPrefix="com.OriginalFiles.Analyze.java" Implct="false" Intrnl_Id="1505">
<Cond>
<Loc EndOffset="5820" SrcFileId="11" StartOffset="5816"/>
</Cond>
<LocList>
<Loc EndOffset="6899" SrcFileId="11" StartOffset="5821"/>
</LocList>
<StmntSeq Intrnl_Id="1506">
<LocList>
<Loc EndOffset="6899" SrcFileId="11" StartOffset="5821"/>
</LocList>
<CondStmnt CovItemId="S72" CovItemPrefix="com.OriginalFiles.Analyze.java" Intrnl_Id="1507">
<Branch CovItemId="B43" CovItemPrefix="com.OriginalFiles.Analyze.java" Implct="false" Intrnl_Id="1508">
<Cond/>
<LocList>
<Loc EndOffset="6899" SrcFileId="11" StartOffset="5860"/>
</LocList>
<StmntSeq Intrnl_Id="1509">
<LocList>
<Loc EndOffset="6884" SrcFileId="11" StartOffset="5879"/>
</LocList>
<CondStmnt CovItemId="S73" CovItemPrefix="com.OriginalFiles.Analyze.java" Intrnl_Id="1510">
<Branch CovItemId="B45" CovItemPrefix="com.OriginalFiles.Analyze.java" Implct="false" Intrnl_Id="1511">
<Cond/>
<LocList>
<Loc EndOffset="6365" SrcFileId="11" StartOffset="5937"/>
</LocList>
<StmntSeq Intrnl_Id="1512">
<LocList>
<Loc EndOffset="6346" SrcFileId="11" StartOffset="5960"/>
</LocList>
<CondStmnt CovItemId="S74" CovItemPrefix="com.OriginalFiles.Analyze.java" Intrnl_Id="1513">
<Branch CovItemId="B47" CovItemPrefix="com.OriginalFiles.Analyze.java" Implct="false" Intrnl_Id="1514">
<Cond/>
<LocList>
<Loc EndOffset="6277" SrcFileId="11" StartOffset="6070"/>
</LocList>
<StmntSeq Intrnl_Id="1515">
<LocList>
<Loc EndOffset="6216" SrcFileId="11" StartOffset="6097"/>
<Loc EndOffset="6254" SrcFileId="11" StartOffset="6242"/>
</LocList>
<BasicStmnt CovItemId="S75" CovItemPrefix="com.OriginalFiles.Analyze.java" Intrnl_Id="1516">
<LocList>
<Loc EndOffset="6216" SrcFileId="11" StartOffset="6097"/>
</LocList>
</BasicStmnt>
<BasicStmnt CovItemId="S76" CovItemPrefix="com.OriginalFiles.Analyze.java" Intrnl_Id="1517">
<LocList>
<Loc EndOffset="6254" SrcFileId="11" StartOffset="6242"/>
</LocList>
</BasicStmnt>
</StmntSeq>
</Branch>
<Branch CovItemId="B48" CovItemPrefix="com.OriginalFiles.Analyze.java" Implct="false" Intrnl_Id="1518">
<Cond>
<Loc EndOffset="6282" SrcFileId="11" StartOffset="6278"/>
</Cond>
<LocList>
<Loc EndOffset="6346" SrcFileId="11" StartOffset="6283"/>
</LocList>
<StmntSeq Intrnl_Id="1519">
<LocList>
<Loc EndOffset="6323" SrcFileId="11" StartOffset="6310"/>
</LocList>
<BasicStmnt CovItemId="S77" CovItemPrefix="com.OriginalFiles.Analyze.java" Intrnl_Id="1520">
<LocList>
<Loc EndOffset="6323" SrcFileId="11" StartOffset="6310"/>
</LocList>
</BasicStmnt>
</StmntSeq>
</Branch>
<Keyword EndOffset="5962" SrcFileId="11" StartOffset="5960"/>
<LocList>
<Loc EndOffset="6346" SrcFileId="11" StartOffset="5960"/>
</LocList>
<RootTerm CovItemId="C24" CovItemPrefix="com.OriginalFiles.Analyze.java" Intrnl_Id="1521">
<BasicBoolTerm Intrnl_Id="1522">
<LocList>
<Loc EndOffset="6068" SrcFileId="11" StartOffset="5964"/>
</LocList>
</BasicBoolTerm>
</RootTerm>
</CondStmnt>
</StmntSeq>
</Branch>
<Branch CovItemId="B46" CovItemPrefix="com.OriginalFiles.Analyze.java" Implct="false" Intrnl_Id="1523">
<Cond>
<Loc EndOffset="6370" SrcFileId="11" StartOffset="6366"/>
</Cond>
<LocList>
<Loc EndOffset="6884" SrcFileId="11" StartOffset="6371"/>
</LocList>
<StmntSeq Intrnl_Id="1524">
<LocList>
<Loc EndOffset="6884" SrcFileId="11" StartOffset="6371"/>
</LocList>
<CondStmnt CovItemId="S78" CovItemPrefix="com.OriginalFiles.Analyze.java" Intrnl_Id="1525">
<Branch CovItemId="B49" CovItemPrefix="com.OriginalFiles.Analyze.java" Implct="false" Intrnl_Id="1526">
<Cond/>
<LocList>
<Loc EndOffset="6884" SrcFileId="11" StartOffset="6456"/>
</LocList>
<StmntSeq Intrnl_Id="1527">
<LocList>
<Loc EndOffset="6865" SrcFileId="11" StartOffset="6479"/>
</LocList>
<CondStmnt CovItemId="S79" CovItemPrefix="com.OriginalFiles.Analyze.java" Intrnl_Id="1528">
<Branch CovItemId="B51" CovItemPrefix="com.OriginalFiles.Analyze.java" Implct="false" Intrnl_Id="1529">
<Cond/>
<LocList>
<Loc EndOffset="6796" SrcFileId="11" StartOffset="6589"/>
</LocList>
<StmntSeq Intrnl_Id="1530">
<LocList>
<Loc EndOffset="6735" SrcFileId="11" StartOffset="6616"/>
<Loc EndOffset="6773" SrcFileId="11" StartOffset="6761"/>
</LocList>
<BasicStmnt CovItemId="S80" CovItemPrefix="com.OriginalFiles.Analyze.java" Intrnl_Id="1531">
<LocList>
<Loc EndOffset="6735" SrcFileId="11" StartOffset="6616"/>
</LocList>
</BasicStmnt>
<BasicStmnt CovItemId="S81" CovItemPrefix="com.OriginalFiles.Analyze.java" Intrnl_Id="1532">
<LocList>
<Loc EndOffset="6773" SrcFileId="11" StartOffset="6761"/>
</LocList>
</BasicStmnt>
</StmntSeq>
</Branch>
<Branch CovItemId="B52" CovItemPrefix="com.OriginalFiles.Analyze.java" Implct="false" Intrnl_Id="1533">
<Cond>
<Loc EndOffset="6801" SrcFileId="11" StartOffset="6797"/>
</Cond>
<LocList>
<Loc EndOffset="6865" SrcFileId="11" StartOffset="6802"/>
</LocList>
<StmntSeq Intrnl_Id="1534">
<LocList>
<Loc EndOffset="6842" SrcFileId="11" StartOffset="6829"/>
</LocList>
<BasicStmnt CovItemId="S82" CovItemPrefix="com.OriginalFiles.Analyze.java" Intrnl_Id="1535">
<LocList>
<Loc EndOffset="6842" SrcFileId="11" StartOffset="6829"/>
</LocList>
</BasicStmnt>
</StmntSeq>
</Branch>
<Keyword EndOffset="6481" SrcFileId="11" StartOffset="6479"/>
<LocList>
<Loc EndOffset="6865" SrcFileId="11" StartOffset="6479"/>
</LocList>
<RootTerm CovItemId="C26" CovItemPrefix="com.OriginalFiles.Analyze.java" Intrnl_Id="1536">
<BasicBoolTerm Intrnl_Id="1537">
<LocList>
<Loc EndOffset="6587" SrcFileId="11" StartOffset="6483"/>
</LocList>
</BasicBoolTerm>
</RootTerm>
</CondStmnt>
</StmntSeq>
</Branch>
<Branch CovItemId="B50" CovItemPrefix="com.OriginalFiles.Analyze.java" Implct="true" Intrnl_Id="1538">
<Cond/>
<LocList/>
<StmntSeq Intrnl_Id="1539">
<LocList/>
</StmntSeq>
</Branch>
<Keyword EndOffset="6373" SrcFileId="11" StartOffset="6371"/>
<LocList>
<Loc EndOffset="6884" SrcFileId="11" StartOffset="6371"/>
</LocList>
<RootTerm CovItemId="C25" CovItemPrefix="com.OriginalFiles.Analyze.java" Intrnl_Id="1540">
<BasicBoolTerm Intrnl_Id="1541">
<LocList>
<Loc EndOffset="6454" SrcFileId="11" StartOffset="6375"/>
</LocList>
</BasicBoolTerm>
</RootTerm>
</CondStmnt>
</StmntSeq>
</Branch>
<Keyword EndOffset="5881" SrcFileId="11" StartOffset="5879"/>
<LocList>
<Loc EndOffset="6884" SrcFileId="11" StartOffset="5879"/>
</LocList>
<RootTerm CovItemId="C23" CovItemPrefix="com.OriginalFiles.Analyze.java" Intrnl_Id="1542">
<BasicBoolTerm Intrnl_Id="1543">
<LocList>
<Loc EndOffset="5935" SrcFileId="11" StartOffset="5883"/>
</LocList>
</BasicBoolTerm>
</RootTerm>
</CondStmnt>
</StmntSeq>
</Branch>
<Branch CovItemId="B44" CovItemPrefix="com.OriginalFiles.Analyze.java" Implct="true" Intrnl_Id="1544">
<Cond/>
<LocList/>
<StmntSeq Intrnl_Id="1545">
<LocList/>
</StmntSeq>
</Branch>
<Keyword EndOffset="5823" SrcFileId="11" StartOffset="5821"/>
<LocList>
<Loc EndOffset="6899" SrcFileId="11" StartOffset="5821"/>
</LocList>
<RootTerm CovItemId="C22" CovItemPrefix="com.OriginalFiles.Analyze.java" Intrnl_Id="1546">
<BasicBoolTerm Intrnl_Id="1547">
<LocList>
<Loc EndOffset="5858" SrcFileId="11" StartOffset="5825"/>
</LocList>
</BasicBoolTerm>
</RootTerm>
</CondStmnt>
</StmntSeq>
</Branch>
<Keyword EndOffset="5318" SrcFileId="11" StartOffset="5316"/>
<LocList>
<Loc EndOffset="6899" SrcFileId="11" StartOffset="5316"/>
</LocList>
<RootTerm CovItemId="C20" CovItemPrefix="com.OriginalFiles.Analyze.java" Intrnl_Id="1548">
<BasicBoolTerm Intrnl_Id="1549">
<LocList>
<Loc EndOffset="5372" SrcFileId="11" StartOffset="5320"/>
</LocList>
</BasicBoolTerm>
</RootTerm>
</CondStmnt>
</StmntSeq>
</Branch>
<Keyword EndOffset="4827" SrcFileId="11" StartOffset="4825"/>
<LocList>
<Loc EndOffset="6899" SrcFileId="11" StartOffset="4825"/>
</LocList>
<RootTerm CovItemId="C18" CovItemPrefix="com.OriginalFiles.Analyze.java" Intrnl_Id="1550">
<BasicBoolTerm Intrnl_Id="1551">
<LocList>
<Loc EndOffset="4880" SrcFileId="11" StartOffset="4829"/>
</LocList>
</BasicBoolTerm>
</RootTerm>
</CondStmnt>
</StmntSeq>
</Branch>
<Branch CovItemId="B34" CovItemPrefix="com.OriginalFiles.Analyze.java" Implct="true" Intrnl_Id="1552">
<Cond/>
<LocList/>
<StmntSeq Intrnl_Id="1553">
<LocList/>
</StmntSeq>
</Branch>
<Keyword EndOffset="4722" SrcFileId="11" StartOffset="4720"/>
<LocList>
<Loc EndOffset="6910" SrcFileId="11" StartOffset="4720"/>
</LocList>
<RootTerm CovItemId="C17" CovItemPrefix="com.OriginalFiles.Analyze.java" Intrnl_Id="1554">
<BasicBoolTerm Intrnl_Id="1555">
<LocList>
<Loc EndOffset="4767" SrcFileId="11" StartOffset="4724"/>
</LocList>
</BasicBoolTerm>
</RootTerm>
</CondStmnt>
<BasicStmnt CovItemId="S83" CovItemPrefix="com.OriginalFiles.Analyze.java" Intrnl_Id="1556">
<LocList>
<Loc EndOffset="6933" SrcFileId="11" StartOffset="6920"/>
</LocList>
</BasicStmnt>
</StmntSeq>
</HierarchyLvl>
<HierarchyLvl HierarchyLvlId="466" HierarchyLvlTypeId="17" Intrnl_Id="1557" Name="validateMove">
<Header>
<Loc EndOffset="7113" SrcFileId="11" StartOffset="7009"/>
</Header>
<LocList>
<Loc EndOffset="8273" SrcFileId="11" StartOffset="7009"/>
</LocList>
<StmntSeq Intrnl_Id="1558">
<LocList>
<Loc EndOffset="7175" SrcFileId="11" StartOffset="7127"/>
<Loc EndOffset="7332" SrcFileId="11" StartOffset="7185"/>
<Loc EndOffset="7489" SrcFileId="11" StartOffset="7342"/>
<Loc EndOffset="7646" SrcFileId="11" StartOffset="7499"/>
<Loc EndOffset="7803" SrcFileId="11" StartOffset="7656"/>
<Loc EndOffset="7840" SrcFileId="11" StartOffset="7813"/>
<Loc EndOffset="8237" SrcFileId="11" StartOffset="7850"/>
<Loc EndOffset="8266" SrcFileId="11" StartOffset="8247"/>
</LocList>
<BasicStmnt CovItemId="S84" CovItemPrefix="com.OriginalFiles.Analyze.java" Intrnl_Id="1559">
<LocList>
<Loc EndOffset="7175" SrcFileId="11" StartOffset="7127"/>
</LocList>
</BasicStmnt>
<CondStmnt CovItemId="S85" CovItemPrefix="com.OriginalFiles.Analyze.java" Intrnl_Id="1560">
<Branch CovItemId="B53" CovItemPrefix="com.OriginalFiles.Analyze.java" Implct="false" Intrnl_Id="1561">
<Cond/>
<LocList>
<Loc EndOffset="7332" SrcFileId="11" StartOffset="7242"/>
</LocList>
<StmntSeq Intrnl_Id="1562">
<LocList>
<Loc EndOffset="7321" SrcFileId="11" StartOffset="7257"/>
</LocList>
<BasicStmnt CovItemId="S86" CovItemPrefix="com.OriginalFiles.Analyze.java" Intrnl_Id="1563">
<LocList>
<Loc EndOffset="7321" SrcFileId="11" StartOffset="7257"/>
</LocList>
</BasicStmnt>
</StmntSeq>
</Branch>
<Branch CovItemId="B54" CovItemPrefix="com.OriginalFiles.Analyze.java" Implct="true" Intrnl_Id="1564">
<Cond/>
<LocList/>
<StmntSeq Intrnl_Id="1565">
<LocList/>
</StmntSeq>
</Branch>
<Keyword EndOffset="7187" SrcFileId="11" StartOffset="7185"/>
<LocList>
<Loc EndOffset="7332" SrcFileId="11" StartOffset="7185"/>
</LocList>
<RootTerm CovItemId="C27" CovItemPrefix="com.OriginalFiles.Analyze.java" Intrnl_Id="1566">
<BasicBoolTerm Intrnl_Id="1567">
<LocList>
<Loc EndOffset="7240" SrcFileId="11" StartOffset="7189"/>
</LocList>
</BasicBoolTerm>
</RootTerm>
</CondStmnt>
<CondStmnt CovItemId="S87" CovItemPrefix="com.OriginalFiles.Analyze.java" Intrnl_Id="1568">
<Branch CovItemId="B55" CovItemPrefix="com.OriginalFiles.Analyze.java" Implct="false" Intrnl_Id="1569">
<Cond/>
<LocList>
<Loc EndOffset="7489" SrcFileId="11" StartOffset="7399"/>
</LocList>
<StmntSeq Intrnl_Id="1570">
<LocList>
<Loc EndOffset="7478" SrcFileId="11" StartOffset="7414"/>
</LocList>
<BasicStmnt CovItemId="S88" CovItemPrefix="com.OriginalFiles.Analyze.java" Intrnl_Id="1571">
<LocList>
<Loc EndOffset="7478" SrcFileId="11" StartOffset="7414"/>
</LocList>
</BasicStmnt>
</StmntSeq>
</Branch>
<Branch CovItemId="B56" CovItemPrefix="com.OriginalFiles.Analyze.java" Implct="true" Intrnl_Id="1572">
<Cond/>
<LocList/>
<StmntSeq Intrnl_Id="1573">
<LocList/>
</StmntSeq>
</Branch>
<Keyword EndOffset="7344" SrcFileId="11" StartOffset="7342"/>
<LocList>
<Loc EndOffset="7489" SrcFileId="11" StartOffset="7342"/>
</LocList>
<RootTerm CovItemId="C28" CovItemPrefix="com.OriginalFiles.Analyze.java" Intrnl_Id="1574">
<BasicBoolTerm Intrnl_Id="1575">
<LocList>
<Loc EndOffset="7397" SrcFileId="11" StartOffset="7346"/>
</LocList>
</BasicBoolTerm>
</RootTerm>
</CondStmnt>
<CondStmnt CovItemId="S89" CovItemPrefix="com.OriginalFiles.Analyze.java" Intrnl_Id="1576">
<Branch CovItemId="B57" CovItemPrefix="com.OriginalFiles.Analyze.java" Implct="false" Intrnl_Id="1577">
<Cond/>
<LocList>
<Loc EndOffset="7646" SrcFileId="11" StartOffset="7556"/>
</LocList>
<StmntSeq Intrnl_Id="1578">
<LocList>
<Loc EndOffset="7635" SrcFileId="11" StartOffset="7571"/>
</LocList>
<BasicStmnt CovItemId="S90" CovItemPrefix="com.OriginalFiles.Analyze.java" Intrnl_Id="1579">
<LocList>
<Loc EndOffset="7635" SrcFileId="11" StartOffset="7571"/>
</LocList>
</BasicStmnt>
</StmntSeq>
</Branch>
<Branch CovItemId="B58" CovItemPrefix="com.OriginalFiles.Analyze.java" Implct="true" Intrnl_Id="1580">
<Cond/>
<LocList/>
<StmntSeq Intrnl_Id="1581">
<LocList/>
</StmntSeq>
</Branch>
<Keyword EndOffset="7501" SrcFileId="11" StartOffset="7499"/>
<LocList>
<Loc EndOffset="7646" SrcFileId="11" StartOffset="7499"/>
</LocList>
<RootTerm CovItemId="C29" CovItemPrefix="com.OriginalFiles.Analyze.java" Intrnl_Id="1582">
<BasicBoolTerm Intrnl_Id="1583">
<LocList>
<Loc EndOffset="7554" SrcFileId="11" StartOffset="7503"/>
</LocList>
</BasicBoolTerm>
</RootTerm>
</CondStmnt>
<CondStmnt CovItemId="S91" CovItemPrefix="com.OriginalFiles.Analyze.java" Intrnl_Id="1584">
<Branch CovItemId="B59" CovItemPrefix="com.OriginalFiles.Analyze.java" Implct="false" Intrnl_Id="1585">
<Cond/>
<LocList>
<Loc EndOffset="7803" SrcFileId="11" StartOffset="7713"/>
</LocList>
<StmntSeq Intrnl_Id="1586">
<LocList>
<Loc EndOffset="7792" SrcFileId="11" StartOffset="7728"/>
</LocList>
<BasicStmnt CovItemId="S92" CovItemPrefix="com.OriginalFiles.Analyze.java" Intrnl_Id="1587">
<LocList>
<Loc EndOffset="7792" SrcFileId="11" StartOffset="7728"/>
</LocList>
</BasicStmnt>
</StmntSeq>
</Branch>
<Branch CovItemId="B60" CovItemPrefix="com.OriginalFiles.Analyze.java" Implct="true" Intrnl_Id="1588">
<Cond/>
<LocList/>
<StmntSeq Intrnl_Id="1589">
<LocList/>
</StmntSeq>
</Branch>
<Keyword EndOffset="7658" SrcFileId="11" StartOffset="7656"/>
<LocList>
<Loc EndOffset="7803" SrcFileId="11" StartOffset="7656"/>
</LocList>
<RootTerm CovItemId="C30" CovItemPrefix="com.OriginalFiles.Analyze.java" Intrnl_Id="1590">
<BasicBoolTerm Intrnl_Id="1591">
<LocList>
<Loc EndOffset="7711" SrcFileId="11" StartOffset="7660"/>
</LocList>
</BasicBoolTerm>
</RootTerm>
</CondStmnt>
<BasicStmnt CovItemId="S93" CovItemPrefix="com.OriginalFiles.Analyze.java" Intrnl_Id="1592">
<LocList>
<Loc EndOffset="7840" SrcFileId="11" StartOffset="7813"/>
</LocList>
</BasicStmnt>
<LoopStmnt CovItemId="S94" CovItemPrefix="com.OriginalFiles.Analyze.java" Intrnl_Id="1593" MltplExecId="L4-2" MltplExecPrefix="com.OriginalFiles.Analyze.java" NvrExecId="L4-0" NvrExecPrefix="com.OriginalFiles.Analyze.java" OnceExecutedId="L4-1" OnceExecutedPrefix="com.OriginalFiles.Analyze.java" OptBodyExec="true">
<StmntSeq Intrnl_Id="1594">
<LocList>
<Loc EndOffset="8141" SrcFileId="11" StartOffset="7909"/>
<Loc EndOffset="8226" SrcFileId="11" StartOffset="8155"/>
</LocList>
<CondStmnt CovItemId="S95" CovItemPrefix="com.OriginalFiles.Analyze.java" Intrnl_Id="1595">
<Branch CovItemId="B61" CovItemPrefix="com.OriginalFiles.Analyze.java" Implct="false" Intrnl_Id="1596">
<Cond/>
<LocList>
<Loc EndOffset="8141" SrcFileId="11" StartOffset="8011"/>
</LocList>
<StmntSeq Intrnl_Id="1597">
<LocList>
<Loc EndOffset="8126" SrcFileId="11" StartOffset="8030"/>
</LocList>
<BasicStmnt CovItemId="S96" CovItemPrefix="com.OriginalFiles.Analyze.java" Intrnl_Id="1598">
<LocList>
<Loc EndOffset="8126" SrcFileId="11" StartOffset="8030"/>
</LocList>
</BasicStmnt>
</StmntSeq>
</Branch>
<Branch CovItemId="B62" CovItemPrefix="com.OriginalFiles.Analyze.java" Implct="true" Intrnl_Id="1599">
<Cond/>
<LocList/>
<StmntSeq Intrnl_Id="1600">
<LocList/>
</StmntSeq>
</Branch>
<Keyword EndOffset="7911" SrcFileId="11" StartOffset="7909"/>
<LocList>
<Loc EndOffset="8141" SrcFileId="11" StartOffset="7909"/>
</LocList>
<RootTerm CovItemId="C32" CovItemPrefix="com.OriginalFiles.Analyze.java" Intrnl_Id="1601">
<OpTerm BooleanOpId="12" Intrnl_Id="1602">
<OpTerm BooleanOpId="13" Intrnl_Id="1603">
<BasicBoolTerm Intrnl_Id="1604">
<LocList>
<Loc EndOffset="7949" SrcFileId="11" StartOffset="7915"/>
</LocList>
</BasicBoolTerm>
<BasicBoolTerm Intrnl_Id="1605">
<LocList>
<Loc EndOffset="8008" SrcFileId="11" StartOffset="7974"/>
</LocList>
</BasicBoolTerm>
<LocList>
<Loc EndOffset="7973" SrcFileId="11" StartOffset="7971"/>
</LocList>
</OpTerm>
<LocList>
<Loc EndOffset="7914" SrcFileId="11" StartOffset="7913"/>
</LocList>
</OpTerm>
</RootTerm>
</CondStmnt>
<CondStmnt CovItemId="S97" CovItemPrefix="com.OriginalFiles.Analyze.java" Intrnl_Id="1606">
<Branch CovItemId="B63" CovItemPrefix="com.OriginalFiles.Analyze.java" Implct="false" Intrnl_Id="1607">
<Cond/>
<LocList>
<Loc EndOffset="8226" SrcFileId="11" StartOffset="8173"/>
</LocList>
<StmntSeq Intrnl_Id="1608">
<LocList>
<Loc EndOffset="8211" SrcFileId="11" StartOffset="8192"/>
</LocList>
<BasicStmnt CovItemId="S98" CovItemPrefix="com.OriginalFiles.Analyze.java" Intrnl_Id="1609">
<LocList>
<Loc EndOffset="8211" SrcFileId="11" StartOffset="8192"/>
</LocList>
</BasicStmnt>
</StmntSeq>
</Branch>
<Branch CovItemId="B64" CovItemPrefix="com.OriginalFiles.Analyze.java" Implct="true" Intrnl_Id="1610">
<Cond/>
<LocList/>
<StmntSeq Intrnl_Id="1611">
<LocList/>
</StmntSeq>
</Branch>
<Keyword EndOffset="8157" SrcFileId="11" StartOffset="8155"/>
<LocList>
<Loc EndOffset="8226" SrcFileId="11" StartOffset="8155"/>
</LocList>
<RootTerm CovItemId="C33" CovItemPrefix="com.OriginalFiles.Analyze.java" Intrnl_Id="1612">
<OpTerm BooleanOpId="12" Intrnl_Id="1613">
<BasicBoolTerm Intrnl_Id="1614">
<LocList>
<Loc EndOffset="8171" SrcFileId="11" StartOffset="8160"/>
</LocList>
</BasicBoolTerm>
<LocList>
<Loc EndOffset="8160" SrcFileId="11" StartOffset="8159"/>
</LocList>
</OpTerm>
</RootTerm>
</CondStmnt>
</StmntSeq>
<Keyword EndOffset="7853" SrcFileId="11" StartOffset="7850"/>
<LocList>
<Loc EndOffset="8237" SrcFileId="11" StartOffset="7850"/>
</LocList>
<RootTerm CovItemId="C31" CovItemPrefix="com.OriginalFiles.Analyze.java" Intrnl_Id="1615">
<BasicBoolTerm Intrnl_Id="1616">
<LocList>
<Loc EndOffset="7887" SrcFileId="11" StartOffset="7866"/>
</LocList>
</BasicBoolTerm>
</RootTerm>
</LoopStmnt>
<BasicStmnt CovItemId="S99" CovItemPrefix="com.OriginalFiles.Analyze.java" Intrnl_Id="1617">
<LocList>
<Loc EndOffset="8266" SrcFileId="11" StartOffset="8247"/>
</LocList>
</BasicStmnt>
</StmntSeq>
</HierarchyLvl>
<HierarchyLvl HierarchyLvlId="467" HierarchyLvlTypeId="17" Intrnl_Id="1618" Name="jumpSequence">
<Header>
<Loc EndOffset="8461" SrcFileId="11" StartOffset="8281"/>
</Header>
<LocList>
<Loc EndOffset="9892" SrcFileId="11" StartOffset="8281"/>
</LocList>
<StmntSeq Intrnl_Id="1619">
<LocList>
<Loc EndOffset="8494" SrcFileId="11" StartOffset="8473"/>
<Loc EndOffset="8564" SrcFileId="11" StartOffset="8504"/>
<Loc EndOffset="8685" SrcFileId="11" StartOffset="8574"/>
<Loc EndOffset="8837" SrcFileId="11" StartOffset="8695"/>
<Loc EndOffset="8953" SrcFileId="11" StartOffset="8847"/>
<Loc EndOffset="9105" SrcFileId="11" StartOffset="8963"/>
<Loc EndOffset="9220" SrcFileId="11" StartOffset="9115"/>
<Loc EndOffset="9372" SrcFileId="11" StartOffset="9230"/>
<Loc EndOffset="9486" SrcFileId="11" StartOffset="9382"/>
<Loc EndOffset="9638" SrcFileId="11" StartOffset="9496"/>
<Loc EndOffset="9743" SrcFileId="11" StartOffset="9650"/>
<Loc EndOffset="9857" SrcFileId="11" StartOffset="9755"/>
<Loc EndOffset="9885" SrcFileId="11" StartOffset="9867"/>
</LocList>
<BasicStmnt CovItemId="S100" CovItemPrefix="com.OriginalFiles.Analyze.java" Intrnl_Id="1620">
<LocList>
<Loc EndOffset="8494" SrcFileId="11" StartOffset="8473"/>
</LocList>
</BasicStmnt>
<BasicStmnt CovItemId="S101" CovItemPrefix="com.OriginalFiles.Analyze.java" Intrnl_Id="1621">
<LocList>
<Loc EndOffset="8564" SrcFileId="11" StartOffset="8504"/>
</LocList>
</BasicStmnt>
<BasicStmnt CovItemId="S102" CovItemPrefix="com.OriginalFiles.Analyze.java" Intrnl_Id="1622">
<LocList>
<Loc EndOffset="8685" SrcFileId="11" StartOffset="8574"/>
</LocList>
</BasicStmnt>
<CondStmnt CovItemId="S103" CovItemPrefix="com.OriginalFiles.Analyze.java" Intrnl_Id="1623">
<Branch CovItemId="B65" CovItemPrefix="com.OriginalFiles.Analyze.java" Implct="false" Intrnl_Id="1624">
<Cond/>
<LocList>
<Loc EndOffset="8837" SrcFileId="11" StartOffset="8718"/>
</LocList>
<StmntSeq Intrnl_Id="1625">
<LocList>
<Loc EndOffset="8826" SrcFileId="11" StartOffset="8733"/>
</LocList>
<BasicStmnt CovItemId="S104" CovItemPrefix="com.OriginalFiles.Analyze.java" Intrnl_Id="1626">
<LocList>
<Loc EndOffset="8826" SrcFileId="11" StartOffset="8733"/>
</LocList>
</BasicStmnt>
</StmntSeq>
</Branch>
<Branch CovItemId="B66" CovItemPrefix="com.OriginalFiles.Analyze.java" Implct="true" Intrnl_Id="1627">
<Cond/>
<LocList/>
<StmntSeq Intrnl_Id="1628">
<LocList/>
</StmntSeq>
</Branch>
<Keyword EndOffset="8697" SrcFileId="11" StartOffset="8695"/>
<LocList>
<Loc EndOffset="8837" SrcFileId="11" StartOffset="8695"/>
</LocList>
<RootTerm CovItemId="C34" CovItemPrefix="com.OriginalFiles.Analyze.java" Intrnl_Id="1629">
<BasicBoolTerm Intrnl_Id="1630">
<LocList>
<Loc EndOffset="8716" SrcFileId="11" StartOffset="8699"/>
</LocList>
</BasicBoolTerm>
</RootTerm>
</CondStmnt>
<BasicStmnt CovItemId="S105" CovItemPrefix="com.OriginalFiles.Analyze.java" Intrnl_Id="1631">
<LocList>
<Loc EndOffset="8953" SrcFileId="11" StartOffset="8847"/>
</LocList>
</BasicStmnt>
<CondStmnt CovItemId="S106" CovItemPrefix="com.OriginalFiles.Analyze.java" Intrnl_Id="1632">
<Branch CovItemId="B67" CovItemPrefix="com.OriginalFiles.Analyze.java" Implct="false" Intrnl_Id="1633">
<Cond/>
<LocList>
<Loc EndOffset="9105" SrcFileId="11" StartOffset="8986"/>
</LocList>
<StmntSeq Intrnl_Id="1634">
<LocList>
<Loc EndOffset="9094" SrcFileId="11" StartOffset="9001"/>
</LocList>
<BasicStmnt CovItemId="S107" CovItemPrefix="com.OriginalFiles.Analyze.java" Intrnl_Id="1635">
<LocList>
<Loc EndOffset="9094" SrcFileId="11" StartOffset="9001"/>
</LocList>
</BasicStmnt>
</StmntSeq>
</Branch>
<Branch CovItemId="B68" CovItemPrefix="com.OriginalFiles.Analyze.java" Implct="true" Intrnl_Id="1636">
<Cond/>
<LocList/>
<StmntSeq Intrnl_Id="1637">
<LocList/>
</StmntSeq>
</Branch>
<Keyword EndOffset="8965" SrcFileId="11" StartOffset="8963"/>
<LocList>
<Loc EndOffset="9105" SrcFileId="11" StartOffset="8963"/>
</LocList>
<RootTerm CovItemId="C35" CovItemPrefix="com.OriginalFiles.Analyze.java" Intrnl_Id="1638">
<BasicBoolTerm Intrnl_Id="1639">
<LocList>
<Loc EndOffset="8984" SrcFileId="11" StartOffset="8967"/>
</LocList>
</BasicBoolTerm>
</RootTerm>
</CondStmnt>
<BasicStmnt CovItemId="S108" CovItemPrefix="com.OriginalFiles.Analyze.java" Intrnl_Id="1640">
<LocList>
<Loc EndOffset="9220" SrcFileId="11" StartOffset="9115"/>
</LocList>
</BasicStmnt>
<CondStmnt CovItemId="S109" CovItemPrefix="com.OriginalFiles.Analyze.java" Intrnl_Id="1641">
<Branch CovItemId="B69" CovItemPrefix="com.OriginalFiles.Analyze.java" Implct="false" Intrnl_Id="1642">
<Cond/>
<LocList>
<Loc EndOffset="9372" SrcFileId="11" StartOffset="9253"/>
</LocList>
<StmntSeq Intrnl_Id="1643">
<LocList>
<Loc EndOffset="9361" SrcFileId="11" StartOffset="9268"/>
</LocList>
<BasicStmnt CovItemId="S110" CovItemPrefix="com.OriginalFiles.Analyze.java" Intrnl_Id="1644">
<LocList>
<Loc EndOffset="9361" SrcFileId="11" StartOffset="9268"/>
</LocList>
</BasicStmnt>
</StmntSeq>
</Branch>
<Branch CovItemId="B70" CovItemPrefix="com.OriginalFiles.Analyze.java" Implct="true" Intrnl_Id="1645">
<Cond/>
<LocList/>
<StmntSeq Intrnl_Id="1646">
<LocList/>
</StmntSeq>
</Branch>
<Keyword EndOffset="9232" SrcFileId="11" StartOffset="9230"/>
<LocList>
<Loc EndOffset="9372" SrcFileId="11" StartOffset="9230"/>
</LocList>
<RootTerm CovItemId="C36" CovItemPrefix="com.OriginalFiles.Analyze.java" Intrnl_Id="1647">
<BasicBoolTerm Intrnl_Id="1648">
<LocList>
<Loc EndOffset="9251" SrcFileId="11" StartOffset="9234"/>
</LocList>
</BasicBoolTerm>
</RootTerm>
</CondStmnt>
<BasicStmnt CovItemId="S111" CovItemPrefix="com.OriginalFiles.Analyze.java" Intrnl_Id="1649">
<LocList>
<Loc EndOffset="9486" SrcFileId="11" StartOffset="9382"/>
</LocList>
</BasicStmnt>
<CondStmnt CovItemId="S112" CovItemPrefix="com.OriginalFiles.Analyze.java" Intrnl_Id="1650">
<Branch CovItemId="B71" CovItemPrefix="com.OriginalFiles.Analyze.java" Implct="false" Intrnl_Id="1651">
<Cond/>
<LocList>
<Loc EndOffset="9638" SrcFileId="11" StartOffset="9519"/>
</LocList>
<StmntSeq Intrnl_Id="1652">
<LocList>
<Loc EndOffset="9627" SrcFileId="11" StartOffset="9534"/>
</LocList>
<BasicStmnt CovItemId="S113" CovItemPrefix="com.OriginalFiles.Analyze.java" Intrnl_Id="1653">
<LocList>
<Loc EndOffset="9627" SrcFileId="11" StartOffset="9534"/>
</LocList>
</BasicStmnt>
</StmntSeq>
</Branch>
<Branch CovItemId="B72" CovItemPrefix="com.OriginalFiles.Analyze.java" Implct="true" Intrnl_Id="1654">
<Cond/>
<LocList/>
<StmntSeq Intrnl_Id="1655">
<LocList/>
</StmntSeq>
</Branch>
<Keyword EndOffset="9498" SrcFileId="11" StartOffset="9496"/>
<LocList>
<Loc EndOffset="9638" SrcFileId="11" StartOffset="9496"/>
</LocList>
<RootTerm CovItemId="C37" CovItemPrefix="com.OriginalFiles.Analyze.java" Intrnl_Id="1656">
<BasicBoolTerm Intrnl_Id="1657">
<LocList>
<Loc EndOffset="9517" SrcFileId="11" StartOffset="9500"/>
</LocList>
</BasicBoolTerm>
</RootTerm>
</CondStmnt>
<CondStmnt CovItemId="S114" CovItemPrefix="com.OriginalFiles.Analyze.java" Intrnl_Id="1658">
<Branch CovItemId="B73" CovItemPrefix="com.OriginalFiles.Analyze.java" Implct="false" Intrnl_Id="1659">
<Cond/>
<LocList>
<Loc EndOffset="9743" SrcFileId="11" StartOffset="9678"/>
</LocList>
<StmntSeq Intrnl_Id="1660">
<LocList>
<Loc EndOffset="9732" SrcFileId="11" StartOffset="9693"/>
</LocList>
<BasicStmnt CovItemId="S115" CovItemPrefix="com.OriginalFiles.Analyze.java" Intrnl_Id="1661">
<LocList>
<Loc EndOffset="9732" SrcFileId="11" StartOffset="9693"/>
</LocList>
</BasicStmnt>
</StmntSeq>
</Branch>
<Branch CovItemId="B74" CovItemPrefix="com.OriginalFiles.Analyze.java" Implct="true" Intrnl_Id="1662">
<Cond/>
<LocList/>
<StmntSeq Intrnl_Id="1663">
<LocList/>
</StmntSeq>
</Branch>
<Keyword EndOffset="9652" SrcFileId="11" StartOffset="9650"/>
<LocList>
<Loc EndOffset="9743" SrcFileId="11" StartOffset="9650"/>
</LocList>
<RootTerm CovItemId="C38" CovItemPrefix="com.OriginalFiles.Analyze.java" Intrnl_Id="1664">
<BasicBoolTerm Intrnl_Id="1665">
<LocList>
<Loc EndOffset="9676" SrcFileId="11" StartOffset="9654"/>
</LocList>
</BasicBoolTerm>
</RootTerm>
</CondStmnt>
<LoopStmnt CovItemId="S116" CovItemPrefix="com.OriginalFiles.Analyze.java" Intrnl_Id="1666" MltplExecId="L5-2" MltplExecPrefix="com.OriginalFiles.Analyze.java" NvrExecId="L5-0" NvrExecPrefix="com.OriginalFiles.Analyze.java" OnceExecutedId="L5-1" OnceExecutedPrefix="com.OriginalFiles.Analyze.java" OptBodyExec="true">
<StmntSeq Intrnl_Id="1667">
<LocList>
<Loc EndOffset="9846" SrcFileId="11" StartOffset="9814"/>
</LocList>
<BasicStmnt CovItemId="S117" CovItemPrefix="com.OriginalFiles.Analyze.java" Intrnl_Id="1668">
<LocList>
<Loc EndOffset="9846" SrcFileId="11" StartOffset="9814"/>
</LocList>
</BasicStmnt>
</StmntSeq>
<Keyword EndOffset="9758" SrcFileId="11" StartOffset="9755"/>
<LocList>
<Loc EndOffset="9857" SrcFileId="11" StartOffset="9755"/>
</LocList>
<RootTerm CovItemId="C39" CovItemPrefix="com.OriginalFiles.Analyze.java" Intrnl_Id="1669">
<BasicBoolTerm Intrnl_Id="1670">
<LocList>
<Loc EndOffset="9792" SrcFileId="11" StartOffset="9771"/>
</LocList>
</BasicBoolTerm>
</RootTerm>
</LoopStmnt>
<BasicStmnt CovItemId="S118" CovItemPrefix="com.OriginalFiles.Analyze.java" Intrnl_Id="1671">
<LocList>
<Loc EndOffset="9885" SrcFileId="11" StartOffset="9867"/>
</LocList>
</BasicStmnt>
</StmntSeq>
</HierarchyLvl>
<HierarchyLvl HierarchyLvlId="468" HierarchyLvlTypeId="17" Intrnl_Id="1672" Name="findJumpPiece">
<Header>
<Loc EndOffset="10000" SrcFileId="11" StartOffset="9900"/>
</Header>
<LocList>
<Loc EndOffset="11185" SrcFileId="11" StartOffset="9900"/>
</LocList>
<StmntSeq Intrnl_Id="1673">
<LocList>
<Loc EndOffset="10070" SrcFileId="11" StartOffset="10012"/>
<Loc EndOffset="10170" SrcFileId="11" StartOffset="10080"/>
<Loc EndOffset="10209" SrcFileId="11" StartOffset="10180"/>
<Loc EndOffset="11155" SrcFileId="11" StartOffset="10219"/>
<Loc EndOffset="11178" SrcFileId="11" StartOffset="11165"/>
</LocList>
<BasicStmnt CovItemId="S119" CovItemPrefix="com.OriginalFiles.Analyze.java" Intrnl_Id="1674">
<LocList>
<Loc EndOffset="10070" SrcFileId="11" StartOffset="10012"/>
</LocList>
</BasicStmnt>
<BasicStmnt CovItemId="S120" CovItemPrefix="com.OriginalFiles.Analyze.java" Intrnl_Id="1675">
<LocList>
<Loc EndOffset="10170" SrcFileId="11" StartOffset="10080"/>
</LocList>
</BasicStmnt>
<BasicStmnt CovItemId="S121" CovItemPrefix="com.OriginalFiles.Analyze.java" Intrnl_Id="1676">
<LocList>
<Loc EndOffset="10209" SrcFileId="11" StartOffset="10180"/>
</LocList>
</BasicStmnt>
<LoopStmnt CovItemId="S122" CovItemPrefix="com.OriginalFiles.Analyze.java" Intrnl_Id="1677" MltplExecId="L6-2" MltplExecPrefix="com.OriginalFiles.Analyze.java" NvrExecId="L6-0" NvrExecPrefix="com.OriginalFiles.Analyze.java" OnceExecutedId="L6-1" OnceExecutedPrefix="com.OriginalFiles.Analyze.java" OptBodyExec="true">
<StmntSeq Intrnl_Id="1678">
<LocList>
<Loc EndOffset="10315" SrcFileId="11" StartOffset="10276"/>
<Loc EndOffset="10380" SrcFileId="11" StartOffset="10329"/>
<Loc EndOffset="11144" SrcFileId="11" StartOffset="10394"/>
</LocList>
<BasicStmnt CovItemId="S123" CovItemPrefix="com.OriginalFiles.Analyze.java" Intrnl_Id="1679">
<LocList>
<Loc EndOffset="10315" SrcFileId="11" StartOffset="10276"/>
</LocList>
</BasicStmnt>
<BasicStmnt CovItemId="S124" CovItemPrefix="com.OriginalFiles.Analyze.java" Intrnl_Id="1680">
<LocList>
<Loc EndOffset="10380" SrcFileId="11" StartOffset="10329"/>
</LocList>
</BasicStmnt>
<CondStmnt CovItemId="S125" CovItemPrefix="com.OriginalFiles.Analyze.java" Intrnl_Id="1681">
<Branch CovItemId="B75" CovItemPrefix="com.OriginalFiles.Analyze.java" Implct="false" Intrnl_Id="1682">
<Cond/>
<LocList>
<Loc EndOffset="11144" SrcFileId="11" StartOffset="10458"/>
</LocList>
<StmntSeq Intrnl_Id="1683">
<LocList>
<Loc EndOffset="10541" SrcFileId="11" StartOffset="10477"/>
<Loc EndOffset="10591" SrcFileId="11" StartOffset="10559"/>
<Loc EndOffset="11099" SrcFileId="11" StartOffset="10609"/>
<Loc EndOffset="11129" SrcFileId="11" StartOffset="11117"/>
</LocList>
<BasicStmnt CovItemId="S126" CovItemPrefix="com.OriginalFiles.Analyze.java" Intrnl_Id="1684">
<LocList>
<Loc EndOffset="10541" SrcFileId="11" StartOffset="10477"/>
</LocList>
</BasicStmnt>
<BasicStmnt CovItemId="S127" CovItemPrefix="com.OriginalFiles.Analyze.java" Intrnl_Id="1685">
<LocList>
<Loc EndOffset="10591" SrcFileId="11" StartOffset="10559"/>
</LocList>
</BasicStmnt>
<LoopStmnt CovItemId="S128" CovItemPrefix="com.OriginalFiles.Analyze.java" Intrnl_Id="1686" MltplExecId="L7-2" MltplExecPrefix="com.OriginalFiles.Analyze.java" NvrExecId="L7-0" NvrExecPrefix="com.OriginalFiles.Analyze.java" OnceExecutedId="L7-1" OnceExecutedPrefix="com.OriginalFiles.Analyze.java" OptBodyExec="true">
<StmntSeq Intrnl_Id="1687">
<LocList>
<Loc EndOffset="10698" SrcFileId="11" StartOffset="10664"/>
<Loc EndOffset="10759" SrcFileId="11" StartOffset="10720"/>
<Loc EndOffset="10958" SrcFileId="11" StartOffset="10781"/>
<Loc EndOffset="11080" SrcFileId="11" StartOffset="10980"/>
</LocList>
<BasicStmnt CovItemId="S129" CovItemPrefix="com.OriginalFiles.Analyze.java" Intrnl_Id="1688">
<LocList>
<Loc EndOffset="10698" SrcFileId="11" StartOffset="10664"/>
</LocList>
</BasicStmnt>
<BasicStmnt CovItemId="S130" CovItemPrefix="com.OriginalFiles.Analyze.java" Intrnl_Id="1689">
<LocList>
<Loc EndOffset="10759" SrcFileId="11" StartOffset="10720"/>
</LocList>
</BasicStmnt>
<BasicStmnt CovItemId="S131" CovItemPrefix="com.OriginalFiles.Analyze.java" Intrnl_Id="1690">
<LocList>
<Loc EndOffset="10958" SrcFileId="11" StartOffset="10781"/>
</LocList>
</BasicStmnt>
<BasicStmnt CovItemId="S132" CovItemPrefix="com.OriginalFiles.Analyze.java" Intrnl_Id="1691">
<LocList>
<Loc EndOffset="11080" SrcFileId="11" StartOffset="10980"/>
</LocList>
</BasicStmnt>
</StmntSeq>
<Keyword EndOffset="10612" SrcFileId="11" StartOffset="10609"/>
<LocList>
<Loc EndOffset="11099" SrcFileId="11" StartOffset="10609"/>
</LocList>
<RootTerm CovItemId="C42" CovItemPrefix="com.OriginalFiles.Analyze.java" Intrnl_Id="1692">
<BasicBoolTerm Intrnl_Id="1693">
<LocList>
<Loc EndOffset="10634" SrcFileId="11" StartOffset="10625"/>
</LocList>
</BasicBoolTerm>
</RootTerm>
</LoopStmnt>
<BasicStmnt CovItemId="S133" CovItemPrefix="com.OriginalFiles.Analyze.java" Intrnl_Id="1694">
<LocList>
<Loc EndOffset="11129" SrcFileId="11" StartOffset="11117"/>
</LocList>
</BasicStmnt>
</StmntSeq>
</Branch>
<Branch CovItemId="B76" CovItemPrefix="com.OriginalFiles.Analyze.java" Implct="true" Intrnl_Id="1695">
<Cond/>
<LocList/>
<StmntSeq Intrnl_Id="1696">
<LocList/>
</StmntSeq>
</Branch>
<Keyword EndOffset="10396" SrcFileId="11" StartOffset="10394"/>
<LocList>
<Loc EndOffset="11144" SrcFileId="11" StartOffset="10394"/>
</LocList>
<RootTerm CovItemId="C41" CovItemPrefix="com.OriginalFiles.Analyze.java" Intrnl_Id="1697">
<OpTerm BooleanOpId="12" Intrnl_Id="1698">
<BasicBoolTerm Intrnl_Id="1699">
<LocList>
<Loc EndOffset="10456" SrcFileId="11" StartOffset="10399"/>
</LocList>
</BasicBoolTerm>
<LocList>
<Loc EndOffset="10399" SrcFileId="11" StartOffset="10398"/>
</LocList>
</OpTerm>
</RootTerm>
</CondStmnt>
</StmntSeq>
<Keyword EndOffset="10222" SrcFileId="11" StartOffset="10219"/>
<LocList>
<Loc EndOffset="11155" SrcFileId="11" StartOffset="10219"/>
</LocList>
<RootTerm CovItemId="C40" CovItemPrefix="com.OriginalFiles.Analyze.java" Intrnl_Id="1700">
<BasicBoolTerm Intrnl_Id="1701">
<LocList>
<Loc EndOffset="10254" SrcFileId="11" StartOffset="10235"/>
</LocList>
</BasicBoolTerm>
</RootTerm>
</LoopStmnt>
<BasicStmnt CovItemId="S134" CovItemPrefix="com.OriginalFiles.Analyze.java" Intrnl_Id="1702">
<LocList>
<Loc EndOffset="11178" SrcFileId="11" StartOffset="11165"/>
</LocList>
</BasicStmnt>
</StmntSeq>
</HierarchyLvl>
<HierarchyLvl HierarchyLvlId="469" HierarchyLvlTypeId="17" Intrnl_Id="1703" Name="checkForUpgradeKing">
<Header>
<Loc EndOffset="11308" SrcFileId="11" StartOffset="11193"/>
</Header>
<LocList>
<Loc EndOffset="12752" SrcFileId="11" StartOffset="11193"/>
</LocList>
<StmntSeq Intrnl_Id="1704">
<LocList>
<Loc EndOffset="12745" SrcFileId="11" StartOffset="11320"/>
</LocList>
<CondStmnt CovItemId="S135" CovItemPrefix="com.OriginalFiles.Analyze.java" Intrnl_Id="1705">
<Branch CovItemId="B77" CovItemPrefix="com.OriginalFiles.Analyze.java" Implct="false" Intrnl_Id="1706">
<Cond/>
<LocList>
<Loc EndOffset="12745" SrcFileId="11" StartOffset="11364"/>
</LocList>
<StmntSeq Intrnl_Id="1707">
<LocList>
<Loc EndOffset="12734" SrcFileId="11" StartOffset="11379"/>
</LocList>
<CondStmnt CovItemId="S136" CovItemPrefix="com.OriginalFiles.Analyze.java" Intrnl_Id="1708">
<Branch CovItemId="B79" CovItemPrefix="com.OriginalFiles.Analyze.java" Implct="false" Intrnl_Id="1709">
<Cond/>
<LocList>
<Loc EndOffset="11678" SrcFileId="11" StartOffset="11428"/>
</LocList>
<StmntSeq Intrnl_Id="1710">
<LocList>
<Loc EndOffset="11505" SrcFileId="11" StartOffset="11447"/>
<Loc EndOffset="11564" SrcFileId="11" StartOffset="11523"/>
<Loc EndOffset="11663" SrcFileId="11" StartOffset="11582"/>
</LocList>
<BasicStmnt CovItemId="S137" CovItemPrefix="com.OriginalFiles.Analyze.java" Intrnl_Id="1711">
<LocList>
<Loc EndOffset="11505" SrcFileId="11" StartOffset="11447"/>
</LocList>
</BasicStmnt>
<BasicStmnt CovItemId="S138" CovItemPrefix="com.OriginalFiles.Analyze.java" Intrnl_Id="1712">
<LocList>
<Loc EndOffset="11564" SrcFileId="11" StartOffset="11523"/>
</LocList>
</BasicStmnt>
<CondStmnt CovItemId="S139" CovItemPrefix="com.OriginalFiles.Analyze.java" Intrnl_Id="1713">
<Branch CovItemId="B81" CovItemPrefix="com.OriginalFiles.Analyze.java" Implct="false" Intrnl_Id="1714">
<Cond/>
<LocList>
<Loc EndOffset="11663" SrcFileId="11" StartOffset="11600"/>
</LocList>
<StmntSeq Intrnl_Id="1715">
<LocList>
<Loc EndOffset="11644" SrcFileId="11" StartOffset="11623"/>
</LocList>
<BasicStmnt CovItemId="S140" CovItemPrefix="com.OriginalFiles.Analyze.java" Intrnl_Id="1716">
<LocList>
<Loc EndOffset="11644" SrcFileId="11" StartOffset="11623"/>
</LocList>
</BasicStmnt>
</StmntSeq>
</Branch>
<Branch CovItemId="B82" CovItemPrefix="com.OriginalFiles.Analyze.java" Implct="true" Intrnl_Id="1717">
<Cond/>
<LocList/>
<StmntSeq Intrnl_Id="1718">
<LocList/>
</StmntSeq>
</Branch>
<Keyword EndOffset="11584" SrcFileId="11" StartOffset="11582"/>
<LocList>
<Loc EndOffset="11663" SrcFileId="11" StartOffset="11582"/>
</LocList>
<RootTerm CovItemId="C45" CovItemPrefix="com.OriginalFiles.Analyze.java" Intrnl_Id="1719">
<OpTerm BooleanOpId="12" Intrnl_Id="1720">
<BasicBoolTerm Intrnl_Id="1721">
<LocList>
<Loc EndOffset="11598" SrcFileId="11" StartOffset="11587"/>
</LocList>
</BasicBoolTerm>
<LocList>
<Loc EndOffset="11587" SrcFileId="11" StartOffset="11586"/>
</LocList>
</OpTerm>
</RootTerm>
</CondStmnt>
</StmntSeq>
</Branch>
<Branch CovItemId="B80" CovItemPrefix="com.OriginalFiles.Analyze.java" Implct="false" Intrnl_Id="1722">
<Cond>
<Loc EndOffset="11683" SrcFileId="11" StartOffset="11679"/>
</Cond>
<LocList>
<Loc EndOffset="12734" SrcFileId="11" StartOffset="11684"/>
</LocList>
<StmntSeq Intrnl_Id="1723">
<LocList>
<Loc EndOffset="12719" SrcFileId="11" StartOffset="11703"/>
</LocList>
<CondStmnt CovItemId="S141" CovItemPrefix="com.OriginalFiles.Analyze.java" Intrnl_Id="1724">
<Branch CovItemId="B83" CovItemPrefix="com.OriginalFiles.Analyze.java" Implct="false" Intrnl_Id="1725">
<Cond/>
<LocList>
<Loc EndOffset="11918" SrcFileId="11" StartOffset="11720"/>
</LocList>
<StmntSeq Intrnl_Id="1726">
<LocList>
<Loc EndOffset="11836" SrcFileId="11" StartOffset="11743"/>
<Loc EndOffset="11899" SrcFileId="11" StartOffset="11858"/>
</LocList>
<BasicStmnt CovItemId="S142" CovItemPrefix="com.OriginalFiles.Analyze.java" Intrnl_Id="1727">
<LocList>
<Loc EndOffset="11836" SrcFileId="11" StartOffset="11743"/>
</LocList>
</BasicStmnt>
<BasicStmnt CovItemId="S143" CovItemPrefix="com.OriginalFiles.Analyze.java" Intrnl_Id="1728">
<LocList>
<Loc EndOffset="11899" SrcFileId="11" StartOffset="11858"/>
</LocList>
</BasicStmnt>
</StmntSeq>
</Branch>
<Branch CovItemId="B84" CovItemPrefix="com.OriginalFiles.Analyze.java" Implct="false" Intrnl_Id="1729">
<Cond>
<Loc EndOffset="11923" SrcFileId="11" StartOffset="11919"/>
</Cond>
<LocList>
<Loc EndOffset="12719" SrcFileId="11" StartOffset="11924"/>
</LocList>
<StmntSeq Intrnl_Id="1730">
<LocList>
<Loc EndOffset="11972" SrcFileId="11" StartOffset="11947"/>
<Loc EndOffset="12004" SrcFileId="11" StartOffset="11994"/>
<Loc EndOffset="12700" SrcFileId="11" StartOffset="12026"/>
</LocList>
<BasicStmnt CovItemId="S144" CovItemPrefix="com.OriginalFiles.Analyze.java" Intrnl_Id="1731">
<LocList>
<Loc EndOffset="11972" SrcFileId="11" StartOffset="11947"/>
</LocList>
</BasicStmnt>
<BasicStmnt CovItemId="S145" CovItemPrefix="com.OriginalFiles.Analyze.java" Intrnl_Id="1732">
<LocList>
<Loc EndOffset="12004" SrcFileId="11" StartOffset="11994"/>
</LocList>
</BasicStmnt>
<LoopStmnt CovItemId="S146" CovItemPrefix="com.OriginalFiles.Analyze.java" Intrnl_Id="1733" MltplExecId="L8-2" MltplExecPrefix="com.OriginalFiles.Analyze.java" NvrExecId="L8-0" NvrExecPrefix="com.OriginalFiles.Analyze.java" OnceExecutedId="L8-1" OnceExecutedPrefix="com.OriginalFiles.Analyze.java" OptBodyExec="true">
<StmntSeq Intrnl_Id="1734">
<LocList>
<Loc EndOffset="12181" SrcFileId="11" StartOffset="12071"/>
<Loc EndOffset="12647" SrcFileId="11" StartOffset="12207"/>
<Loc EndOffset="12677" SrcFileId="11" StartOffset="12673"/>
</LocList>
<CondStmnt CovItemId="S147" CovItemPrefix="com.OriginalFiles.Analyze.java" Intrnl_Id="1735">
<Branch CovItemId="B85" CovItemPrefix="com.OriginalFiles.Analyze.java" Implct="false" Intrnl_Id="1736">
<Cond/>
<LocList>
<Loc EndOffset="12181" SrcFileId="11" StartOffset="12082"/>
</LocList>
<StmntSeq Intrnl_Id="1737">
<LocList>
<Loc EndOffset="12154" SrcFileId="11" StartOffset="12113"/>
</LocList>
<BasicStmnt CovItemId="S148" CovItemPrefix="com.OriginalFiles.Analyze.java" Intrnl_Id="1738">
<LocList>
<Loc EndOffset="12154" SrcFileId="11" StartOffset="12113"/>
</LocList>
</BasicStmnt>
</StmntSeq>
</Branch>
<Branch CovItemId="B86" CovItemPrefix="com.OriginalFiles.Analyze.java" Implct="true" Intrnl_Id="1739">
<Cond/>
<LocList/>
<StmntSeq Intrnl_Id="1740">
<LocList/>
</StmntSeq>
</Branch>
<Keyword EndOffset="12073" SrcFileId="11" StartOffset="12071"/>
<LocList>
<Loc EndOffset="12181" SrcFileId="11" StartOffset="12071"/>
</LocList>
<RootTerm CovItemId="C48" CovItemPrefix="com.OriginalFiles.Analyze.java" Intrnl_Id="1741">
<BasicBoolTerm Intrnl_Id="1742">
<LocList>
<Loc EndOffset="12080" SrcFileId="11" StartOffset="12075"/>
</LocList>
</BasicBoolTerm>
</RootTerm>
</CondStmnt>
<CondStmnt CovItemId="S149" CovItemPrefix="com.OriginalFiles.Analyze.java" Intrnl_Id="1743">
<Branch CovItemId="B87" CovItemPrefix="com.OriginalFiles.Analyze.java" Implct="false" Intrnl_Id="1744">
<Cond/>
<LocList>
<Loc EndOffset="12647" SrcFileId="11" StartOffset="12250"/>
</LocList>
<StmntSeq Intrnl_Id="1745">
<LocList>
<Loc EndOffset="12377" SrcFileId="11" StartOffset="12336"/>
<Loc EndOffset="12574" SrcFileId="11" StartOffset="12462"/>
<Loc EndOffset="12620" SrcFileId="11" StartOffset="12604"/>
</LocList>
<BasicStmnt CovItemId="S150" CovItemPrefix="com.OriginalFiles.Analyze.java" Intrnl_Id="1746">
<LocList>
<Loc EndOffset="12377" SrcFileId="11" StartOffset="12336"/>
</LocList>
</BasicStmnt>
<BasicStmnt CovItemId="S151" CovItemPrefix="com.OriginalFiles.Analyze.java" Intrnl_Id="1747">
<LocList>
<Loc EndOffset="12574" SrcFileId="11" StartOffset="12462"/>
</LocList>
</BasicStmnt>
<BasicStmnt CovItemId="S152" CovItemPrefix="com.OriginalFiles.Analyze.java" Intrnl_Id="1748">
<LocList>
<Loc EndOffset="12620" SrcFileId="11" StartOffset="12604"/>
</LocList>
</BasicStmnt>
</StmntSeq>
</Branch>
<Branch CovItemId="B88" CovItemPrefix="com.OriginalFiles.Analyze.java" Implct="true" Intrnl_Id="1749">
<Cond/>
<LocList/>
<StmntSeq Intrnl_Id="1750">
<LocList/>
</StmntSeq>
</Branch>
<Keyword EndOffset="12209" SrcFileId="11" StartOffset="12207"/>
<LocList>
<Loc EndOffset="12647" SrcFileId="11" StartOffset="12207"/>
</LocList>
<RootTerm CovItemId="C49" CovItemPrefix="com.OriginalFiles.Analyze.java" Intrnl_Id="1751">
<OpTerm BooleanOpId="12" Intrnl_Id="1752">
<BasicBoolTerm Intrnl_Id="1753">
<LocList>
<Loc EndOffset="12248" SrcFileId="11" StartOffset="12212"/>
</LocList>
</BasicBoolTerm>
<LocList>
<Loc EndOffset="12212" SrcFileId="11" StartOffset="12211"/>
</LocList>
</OpTerm>
</RootTerm>
</CondStmnt>
<BasicStmnt CovItemId="S153" CovItemPrefix="com.OriginalFiles.Analyze.java" Intrnl_Id="1754">
<LocList>
<Loc EndOffset="12677" SrcFileId="11" StartOffset="12673"/>
</LocList>
</BasicStmnt>
</StmntSeq>
<Keyword EndOffset="12031" SrcFileId="11" StartOffset="12026"/>
<LocList>
<Loc EndOffset="12700" SrcFileId="11" StartOffset="12026"/>
</LocList>
<RootTerm CovItemId="C47" CovItemPrefix="com.OriginalFiles.Analyze.java" Intrnl_Id="1755">
<OpTerm BooleanOpId="12" Intrnl_Id="1756">
<BasicBoolTerm Intrnl_Id="1757">
<LocList>
<Loc EndOffset="12042" SrcFileId="11" StartOffset="12034"/>
</LocList>
</BasicBoolTerm>
<LocList>
<Loc EndOffset="12034" SrcFileId="11" StartOffset="12033"/>
</LocList>
</OpTerm>
</RootTerm>
</LoopStmnt>
</StmntSeq>
</Branch>
<Keyword EndOffset="11705" SrcFileId="11" StartOffset="11703"/>
<LocList>
<Loc EndOffset="12719" SrcFileId="11" StartOffset="11703"/>
</LocList>
<RootTerm CovItemId="C46" CovItemPrefix="com.OriginalFiles.Analyze.java" Intrnl_Id="1758">
<BasicBoolTerm Intrnl_Id="1759">
<LocList>
<Loc EndOffset="11718" SrcFileId="11" StartOffset="11707"/>
</LocList>
</BasicBoolTerm>
</RootTerm>
</CondStmnt>
</StmntSeq>
</Branch>
<Keyword EndOffset="11381" SrcFileId="11" StartOffset="11379"/>
<LocList>
<Loc EndOffset="12734" SrcFileId="11" StartOffset="11379"/>
</LocList>
<RootTerm CovItemId="C44" CovItemPrefix="com.OriginalFiles.Analyze.java" Intrnl_Id="1760">
<BasicBoolTerm Intrnl_Id="1761">
<LocList>
<Loc EndOffset="11426" SrcFileId="11" StartOffset="11383"/>
</LocList>
</BasicBoolTerm>
</RootTerm>
</CondStmnt>
</StmntSeq>
</Branch>
<Branch CovItemId="B78" CovItemPrefix="com.OriginalFiles.Analyze.java" Implct="true" Intrnl_Id="1762">
<Cond/>
<LocList/>
<StmntSeq Intrnl_Id="1763">
<LocList/>
</StmntSeq>
</Branch>
<Keyword EndOffset="11322" SrcFileId="11" StartOffset="11320"/>
<LocList>
<Loc EndOffset="12745" SrcFileId="11" StartOffset="11320"/>
</LocList>
<RootTerm CovItemId="C43" CovItemPrefix="com.OriginalFiles.Analyze.java" Intrnl_Id="1764">
<BasicBoolTerm Intrnl_Id="1765">
<LocList>
<Loc EndOffset="11362" SrcFileId="11" StartOffset="11324"/>
</LocList>
</BasicBoolTerm>
</RootTerm>
</CondStmnt>
</StmntSeq>
</HierarchyLvl>
<HierarchyLvl HierarchyLvlId="470" HierarchyLvlTypeId="17" Intrnl_Id="1766" Name="checkRobotPieceReplaced">
<Header>
<Loc EndOffset="12919" SrcFileId="11" StartOffset="12857"/>
</Header>
<LocList>
<Loc EndOffset="13444" SrcFileId="11" StartOffset="12857"/>
</LocList>
<StmntSeq Intrnl_Id="1767">
<LocList>
<Loc EndOffset="13437" SrcFileId="11" StartOffset="12931"/>
</LocList>
<CondStmnt CovItemId="S154" CovItemPrefix="com.OriginalFiles.Analyze.java" Intrnl_Id="1768">
<Branch CovItemId="B89" CovItemPrefix="com.OriginalFiles.Analyze.java" Implct="false" Intrnl_Id="1769">
<Cond/>
<LocList>
<Loc EndOffset="13437" SrcFileId="11" StartOffset="12957"/>
</LocList>
<StmntSeq Intrnl_Id="1770">
<LocList>
<Loc EndOffset="13002" SrcFileId="11" StartOffset="12972"/>
<Loc EndOffset="13426" SrcFileId="11" StartOffset="13016"/>
</LocList>
<BasicStmnt CovItemId="S155" CovItemPrefix="com.OriginalFiles.Analyze.java" Intrnl_Id="1771">
<LocList>
<Loc EndOffset="13002" SrcFileId="11" StartOffset="12972"/>
</LocList>
</BasicStmnt>
<LoopStmnt CovItemId="S156" CovItemPrefix="com.OriginalFiles.Analyze.java" Intrnl_Id="1772" MltplExecId="L9-2" MltplExecPrefix="com.OriginalFiles.Analyze.java" NvrExecId="L9-0" NvrExecPrefix="com.OriginalFiles.Analyze.java" OnceExecutedId="L9-1" OnceExecutedPrefix="com.OriginalFiles.Analyze.java" OptBodyExec="true">
<StmntSeq Intrnl_Id="1773">
<LocList>
<Loc EndOffset="13411" SrcFileId="11" StartOffset="13058"/>
</LocList>
<CondStmnt CovItemId="S157" CovItemPrefix="com.OriginalFiles.Analyze.java" Intrnl_Id="1774">
<Branch CovItemId="B91" CovItemPrefix="com.OriginalFiles.Analyze.java" Implct="false" Intrnl_Id="1775">
<Cond/>
<LocList>
<Loc EndOffset="13265" SrcFileId="11" StartOffset="13158"/>
</LocList>
<StmntSeq Intrnl_Id="1776">
<LocList>
<Loc EndOffset="13204" SrcFileId="11" StartOffset="13181"/>
<Loc EndOffset="13246" SrcFileId="11" StartOffset="13226"/>
</LocList>
<BasicStmnt CovItemId="S158" CovItemPrefix="com.OriginalFiles.Analyze.java" Intrnl_Id="1777">
<LocList>
<Loc EndOffset="13204" SrcFileId="11" StartOffset="13181"/>
</LocList>
</BasicStmnt>
<BasicStmnt CovItemId="S159" CovItemPrefix="com.OriginalFiles.Analyze.java" Intrnl_Id="1778">
<LocList>
<Loc EndOffset="13246" SrcFileId="11" StartOffset="13226"/>
</LocList>
</BasicStmnt>
</StmntSeq>
</Branch>
<Branch CovItemId="B92" CovItemPrefix="com.OriginalFiles.Analyze.java" Implct="false" Intrnl_Id="1779">
<Cond>
<Loc EndOffset="13270" SrcFileId="11" StartOffset="13266"/>
</Cond>
<LocList>
<Loc EndOffset="13411" SrcFileId="11" StartOffset="13271"/>
</LocList>
<StmntSeq Intrnl_Id="1780">
<LocList>
<Loc EndOffset="13335" SrcFileId="11" StartOffset="13294"/>
<Loc EndOffset="13392" SrcFileId="11" StartOffset="13357"/>
</LocList>
<BasicStmnt CovItemId="S160" CovItemPrefix="com.OriginalFiles.Analyze.java" Intrnl_Id="1781">
<LocList>
<Loc EndOffset="13335" SrcFileId="11" StartOffset="13294"/>
</LocList>
</BasicStmnt>
<BasicStmnt CovItemId="S161" CovItemPrefix="com.OriginalFiles.Analyze.java" Intrnl_Id="1782">
<LocList>
<Loc EndOffset="13392" SrcFileId="11" StartOffset="13357"/>
</LocList>
</BasicStmnt>
</StmntSeq>
</Branch>
<Keyword EndOffset="13060" SrcFileId="11" StartOffset="13058"/>
<LocList>
<Loc EndOffset="13411" SrcFileId="11" StartOffset="13058"/>
</LocList>
<RootTerm CovItemId="C52" CovItemPrefix="com.OriginalFiles.Analyze.java" Intrnl_Id="1783">
<BasicBoolTerm Intrnl_Id="1784">
<LocList>
<Loc EndOffset="13156" SrcFileId="11" StartOffset="13062"/>
</LocList>
</BasicBoolTerm>
</RootTerm>
</CondStmnt>
</StmntSeq>
<Keyword EndOffset="13021" SrcFileId="11" StartOffset="13016"/>
<LocList>
<Loc EndOffset="13426" SrcFileId="11" StartOffset="13016"/>
</LocList>
<RootTerm CovItemId="C51" CovItemPrefix="com.OriginalFiles.Analyze.java" Intrnl_Id="1785">
<BasicBoolTerm Intrnl_Id="1786">
<LocList>
<Loc EndOffset="13037" SrcFileId="11" StartOffset="13023"/>
</LocList>
</BasicBoolTerm>
</RootTerm>
</LoopStmnt>
</StmntSeq>
</Branch>
<Branch CovItemId="B90" CovItemPrefix="com.OriginalFiles.Analyze.java" Implct="true" Intrnl_Id="1787">
<Cond/>
<LocList/>
<StmntSeq Intrnl_Id="1788">
<LocList/>
</StmntSeq>
</Branch>
<Keyword EndOffset="12933" SrcFileId="11" StartOffset="12931"/>
<LocList>
<Loc EndOffset="13437" SrcFileId="11" StartOffset="12931"/>
</LocList>
<RootTerm CovItemId="C50" CovItemPrefix="com.OriginalFiles.Analyze.java" Intrnl_Id="1789">
<BasicBoolTerm Intrnl_Id="1790">
<LocList>
<Loc EndOffset="12955" SrcFileId="11" StartOffset="12935"/>
</LocList>
</BasicBoolTerm>
</RootTerm>
</CondStmnt>
</StmntSeq>
</HierarchyLvl>
<HierarchyLvl HierarchyLvlId="471" HierarchyLvlTypeId="17" Intrnl_Id="1791" Name="findMyColors">
<Header>
<Loc EndOffset="13575" SrcFileId="11" StartOffset="13502"/>
</Header>
<LocList>
<Loc EndOffset="14030" SrcFileId="11" StartOffset="13502"/>
</LocList>
<StmntSeq Intrnl_Id="1792">
<LocList>
<Loc EndOffset="13614" SrcFileId="11" StartOffset="13587"/>
<Loc EndOffset="13670" SrcFileId="11" StartOffset="13624"/>
<Loc EndOffset="14023" SrcFileId="11" StartOffset="13680"/>
</LocList>
<BasicStmnt CovItemId="S162" CovItemPrefix="com.OriginalFiles.Analyze.java" Intrnl_Id="1793">
<LocList>
<Loc EndOffset="13614" SrcFileId="11" StartOffset="13587"/>
</LocList>
</BasicStmnt>
<BasicStmnt CovItemId="S163" CovItemPrefix="com.OriginalFiles.Analyze.java" Intrnl_Id="1794">
<LocList>
<Loc EndOffset="13670" SrcFileId="11" StartOffset="13624"/>
</LocList>
</BasicStmnt>
<CondStmnt CovItemId="S164" CovItemPrefix="com.OriginalFiles.Analyze.java" Intrnl_Id="1795">
<Branch CovItemId="B93" CovItemPrefix="com.OriginalFiles.Analyze.java" Implct="false" Intrnl_Id="1796">
<Cond/>
<LocList>
<Loc EndOffset="13779" SrcFileId="11" StartOffset="13721"/>
</LocList>
<StmntSeq Intrnl_Id="1797">
<LocList>
<Loc EndOffset="13768" SrcFileId="11" StartOffset="13736"/>
</LocList>
<BasicStmnt CovItemId="S165" CovItemPrefix="com.OriginalFiles.Analyze.java" Intrnl_Id="1798">
<LocList>
<Loc EndOffset="13768" SrcFileId="11" StartOffset="13736"/>
</LocList>
</BasicStmnt>
</StmntSeq>
</Branch>
<Branch CovItemId="B94" CovItemPrefix="com.OriginalFiles.Analyze.java" Implct="false" Intrnl_Id="1799">
<Cond>
<Loc EndOffset="13784" SrcFileId="11" StartOffset="13780"/>
</Cond>
<LocList>
<Loc EndOffset="14023" SrcFileId="11" StartOffset="13785"/>
</LocList>
<StmntSeq Intrnl_Id="1800">
<LocList>
<Loc EndOffset="14023" SrcFileId="11" StartOffset="13785"/>
</LocList>
<CondStmnt CovItemId="S166" CovItemPrefix="com.OriginalFiles.Analyze.java" Intrnl_Id="1801">
<Branch CovItemId="B95" CovItemPrefix="com.OriginalFiles.Analyze.java" Implct="false" Intrnl_Id="1802">
<Cond/>
<LocList>
<Loc EndOffset="13884" SrcFileId="11" StartOffset="13826"/>
</LocList>
<StmntSeq Intrnl_Id="1803">
<LocList>
<Loc EndOffset="13873" SrcFileId="11" StartOffset="13841"/>
</LocList>
<BasicStmnt CovItemId="S167" CovItemPrefix="com.OriginalFiles.Analyze.java" Intrnl_Id="1804">
<LocList>
<Loc EndOffset="13873" SrcFileId="11" StartOffset="13841"/>
</LocList>
</BasicStmnt>
</StmntSeq>
</Branch>
<Branch CovItemId="B96" CovItemPrefix="com.OriginalFiles.Analyze.java" Implct="false" Intrnl_Id="1805">
<Cond>
<Loc EndOffset="13889" SrcFileId="11" StartOffset="13885"/>
</Cond>
<LocList>
<Loc EndOffset="14023" SrcFileId="11" StartOffset="13890"/>
</LocList>
<StmntSeq Intrnl_Id="1806">
<LocList>
<Loc EndOffset="13935" SrcFileId="11" StartOffset="13905"/>
<Loc EndOffset="13983" SrcFileId="11" StartOffset="13949"/>
<Loc EndOffset="14012" SrcFileId="11" StartOffset="13997"/>
</LocList>
<BasicStmnt CovItemId="S168" CovItemPrefix="com.OriginalFiles.Analyze.java" Intrnl_Id="1807">
<LocList>
<Loc EndOffset="13935" SrcFileId="11" StartOffset="13905"/>
</LocList>
</BasicStmnt>
<BasicStmnt CovItemId="S169" CovItemPrefix="com.OriginalFiles.Analyze.java" Intrnl_Id="1808">
<LocList>
<Loc EndOffset="13983" SrcFileId="11" StartOffset="13949"/>
</LocList>
</BasicStmnt>
<BasicStmnt CovItemId="S170" CovItemPrefix="com.OriginalFiles.Analyze.java" Intrnl_Id="1809">
<LocList>
<Loc EndOffset="14012" SrcFileId="11" StartOffset="13997"/>
</LocList>
</BasicStmnt>
</StmntSeq>
</Branch>
<Keyword EndOffset="13787" SrcFileId="11" StartOffset="13785"/>
<LocList>
<Loc EndOffset="14023" SrcFileId="11" StartOffset="13785"/>
</LocList>
<RootTerm CovItemId="C54" CovItemPrefix="com.OriginalFiles.Analyze.java" Intrnl_Id="1810">
<BasicBoolTerm Intrnl_Id="1811">
<LocList>
<Loc EndOffset="13824" SrcFileId="11" StartOffset="13789"/>
</LocList>
</BasicBoolTerm>
</RootTerm>
</CondStmnt>
</StmntSeq>
</Branch>
<Keyword EndOffset="13682" SrcFileId="11" StartOffset="13680"/>
<LocList>
<Loc EndOffset="14023" SrcFileId="11" StartOffset="13680"/>
</LocList>
<RootTerm CovItemId="C53" CovItemPrefix="com.OriginalFiles.Analyze.java" Intrnl_Id="1812">
<BasicBoolTerm Intrnl_Id="1813">
<LocList>
<Loc EndOffset="13719" SrcFileId="11" StartOffset="13684"/>
</LocList>
</BasicBoolTerm>
</RootTerm>
</CondStmnt>
</StmntSeq>
</HierarchyLvl>
<HierarchyLvl HierarchyLvlId="472" HierarchyLvlTypeId="17" Intrnl_Id="1814" Name="getColor">
<Header>
<Loc EndOffset="14144" SrcFileId="11" StartOffset="14085"/>
</Header>
<LocList>
<Loc EndOffset="15000" SrcFileId="11" StartOffset="14085"/>
</LocList>
<StmntSeq Intrnl_Id="1815">
<LocList>
<Loc EndOffset="14232" SrcFileId="11" StartOffset="14156"/>
<Loc EndOffset="14275" SrcFileId="11" StartOffset="14244"/>
<Loc EndOffset="14320" SrcFileId="11" StartOffset="14285"/>
<Loc EndOffset="14363" SrcFileId="11" StartOffset="14330"/>
<Loc EndOffset="14993" SrcFileId="11" StartOffset="14373"/>
</LocList>
<BasicStmnt CovItemId="S171" CovItemPrefix="com.OriginalFiles.Analyze.java" Intrnl_Id="1816">
<LocList>
<Loc EndOffset="14232" SrcFileId="11" StartOffset="14156"/>
</LocList>
</BasicStmnt>
<BasicStmnt CovItemId="S172" CovItemPrefix="com.OriginalFiles.Analyze.java" Intrnl_Id="1817">
<LocList>
<Loc EndOffset="14275" SrcFileId="11" StartOffset="14244"/>
</LocList>
</BasicStmnt>
<BasicStmnt CovItemId="S173" CovItemPrefix="com.OriginalFiles.Analyze.java" Intrnl_Id="1818">
<LocList>
<Loc EndOffset="14320" SrcFileId="11" StartOffset="14285"/>
</LocList>
</BasicStmnt>
<BasicStmnt CovItemId="S174" CovItemPrefix="com.OriginalFiles.Analyze.java" Intrnl_Id="1819">
<LocList>
<Loc EndOffset="14363" SrcFileId="11" StartOffset="14330"/>
</LocList>
</BasicStmnt>
<CondStmnt CovItemId="S175" CovItemPrefix="com.OriginalFiles.Analyze.java" Intrnl_Id="1820">
<Branch CovItemId="B97" CovItemPrefix="com.OriginalFiles.Analyze.java" Implct="false" Intrnl_Id="1821">
<Cond/>
<LocList>
<Loc EndOffset="14512" SrcFileId="11" StartOffset="14474"/>
</LocList>
<StmntSeq Intrnl_Id="1822">
<LocList>
<Loc EndOffset="14500" SrcFileId="11" StartOffset="14489"/>
</LocList>
<BasicStmnt CovItemId="S176" CovItemPrefix="com.OriginalFiles.Analyze.java" Intrnl_Id="1823">
<LocList>
<Loc EndOffset="14500" SrcFileId="11" StartOffset="14489"/>
</LocList>
</BasicStmnt>
</StmntSeq>
</Branch>
<Branch CovItemId="B98" CovItemPrefix="com.OriginalFiles.Analyze.java" Implct="false" Intrnl_Id="1824">
<Cond>
<Loc EndOffset="14517" SrcFileId="11" StartOffset="14513"/>
</Cond>
<LocList>
<Loc EndOffset="14993" SrcFileId="11" StartOffset="14518"/>
</LocList>
<StmntSeq Intrnl_Id="1825">
<LocList>
<Loc EndOffset="14993" SrcFileId="11" StartOffset="14518"/>
</LocList>
<CondStmnt CovItemId="S177" CovItemPrefix="com.OriginalFiles.Analyze.java" Intrnl_Id="1826">
<Branch CovItemId="B99" CovItemPrefix="com.OriginalFiles.Analyze.java" Implct="false" Intrnl_Id="1827">
<Cond/>
<LocList>
<Loc EndOffset="14658" SrcFileId="11" StartOffset="14621"/>
</LocList>
<StmntSeq Intrnl_Id="1828">
<LocList>
<Loc EndOffset="14647" SrcFileId="11" StartOffset="14636"/>
</LocList>
<BasicStmnt CovItemId="S178" CovItemPrefix="com.OriginalFiles.Analyze.java" Intrnl_Id="1829">
<LocList>
<Loc EndOffset="14647" SrcFileId="11" StartOffset="14636"/>
</LocList>
</BasicStmnt>
</StmntSeq>
</Branch>
<Branch CovItemId="B100" CovItemPrefix="com.OriginalFiles.Analyze.java" Implct="false" Intrnl_Id="1830">
<Cond>
<Loc EndOffset="14663" SrcFileId="11" StartOffset="14659"/>
</Cond>
<LocList>
<Loc EndOffset="14993" SrcFileId="11" StartOffset="14664"/>
</LocList>
<StmntSeq Intrnl_Id="1831">
<LocList>
<Loc EndOffset="14993" SrcFileId="11" StartOffset="14664"/>
</LocList>
<CondStmnt CovItemId="S179" CovItemPrefix="com.OriginalFiles.Analyze.java" Intrnl_Id="1832">
<Branch CovItemId="B101" CovItemPrefix="com.OriginalFiles.Analyze.java" Implct="false" Intrnl_Id="1833">
<Cond/>
<LocList>
<Loc EndOffset="14804" SrcFileId="11" StartOffset="14767"/>
</LocList>
<StmntSeq Intrnl_Id="1834">
<LocList>
<Loc EndOffset="14793" SrcFileId="11" StartOffset="14782"/>
</LocList>
<BasicStmnt CovItemId="S180" CovItemPrefix="com.OriginalFiles.Analyze.java" Intrnl_Id="1835">
<LocList>
<Loc EndOffset="14793" SrcFileId="11" StartOffset="14782"/>
</LocList>
</BasicStmnt>
</StmntSeq>
</Branch>
<Branch CovItemId="B102" CovItemPrefix="com.OriginalFiles.Analyze.java" Implct="false" Intrnl_Id="1836">
<Cond>
<Loc EndOffset="14809" SrcFileId="11" StartOffset="14805"/>
</Cond>
<LocList>
<Loc EndOffset="14993" SrcFileId="11" StartOffset="14810"/>
</LocList>
<StmntSeq Intrnl_Id="1837">
<LocList>
<Loc EndOffset="14993" SrcFileId="11" StartOffset="14810"/>
</LocList>
<CondStmnt CovItemId="S181" CovItemPrefix="com.OriginalFiles.Analyze.java" Intrnl_Id="1838">
<Branch CovItemId="B103" CovItemPrefix="com.OriginalFiles.Analyze.java" Implct="false" Intrnl_Id="1839">
<Cond/>
<LocList>
<Loc EndOffset="14950" SrcFileId="11" StartOffset="14913"/>
</LocList>
<StmntSeq Intrnl_Id="1840">
<LocList>
<Loc EndOffset="14939" SrcFileId="11" StartOffset="14928"/>
</LocList>
<BasicStmnt CovItemId="S182" CovItemPrefix="com.OriginalFiles.Analyze.java" Intrnl_Id="1841">
<LocList>
<Loc EndOffset="14939" SrcFileId="11" StartOffset="14928"/>
</LocList>
</BasicStmnt>
</StmntSeq>
</Branch>
<Branch CovItemId="B104" CovItemPrefix="com.OriginalFiles.Analyze.java" Implct="false" Intrnl_Id="1842">
<Cond>
<Loc EndOffset="14955" SrcFileId="11" StartOffset="14951"/>
</Cond>
<LocList>
<Loc EndOffset="14993" SrcFileId="11" StartOffset="14956"/>
</LocList>
<StmntSeq Intrnl_Id="1843">
<LocList>
<Loc EndOffset="14982" SrcFileId="11" StartOffset="14971"/>
</LocList>
<BasicStmnt CovItemId="S183" CovItemPrefix="com.OriginalFiles.Analyze.java" Intrnl_Id="1844">
<LocList>
<Loc EndOffset="14982" SrcFileId="11" StartOffset="14971"/>
</LocList>
</BasicStmnt>
</StmntSeq>
</Branch>
<Keyword EndOffset="14812" SrcFileId="11" StartOffset="14810"/>
<LocList>
<Loc EndOffset="14993" SrcFileId="11" StartOffset="14810"/>
</LocList>
<RootTerm CovItemId="C58" CovItemPrefix="com.OriginalFiles.Analyze.java" Intrnl_Id="1845">
<OpTerm BooleanOpId="13" Intrnl_Id="1846">
<OpTerm BooleanOpId="13" Intrnl_Id="1847">
<OpTerm BooleanOpId="13" Intrnl_Id="1848">
<OpTerm BooleanOpId="13" Intrnl_Id="1849">
<OpTerm BooleanOpId="13" Intrnl_Id="1850">
<BasicBoolTerm Intrnl_Id="1851">
<LocList>
<Loc EndOffset="14823" SrcFileId="11" StartOffset="14814"/>
</LocList>
</BasicBoolTerm>
<BasicBoolTerm Intrnl_Id="1852">
<LocList>
<Loc EndOffset="14836" SrcFileId="11" StartOffset="14827"/>
</LocList>
</BasicBoolTerm>
<LocList>
<Loc EndOffset="14826" SrcFileId="11" StartOffset="14824"/>
</LocList>
</OpTerm>
<BasicBoolTerm Intrnl_Id="1853">
<LocList>
<Loc EndOffset="14851" SrcFileId="11" StartOffset="14840"/>
</LocList>
</BasicBoolTerm>
<LocList>
<Loc EndOffset="14839" SrcFileId="11" StartOffset="14837"/>
</LocList>
</OpTerm>
<BasicBoolTerm Intrnl_Id="1854">
<LocList>
<Loc EndOffset="14866" SrcFileId="11" StartOffset="14855"/>
</LocList>
</BasicBoolTerm>
<LocList>
<Loc EndOffset="14854" SrcFileId="11" StartOffset="14852"/>
</LocList>
</OpTerm>
<BasicBoolTerm Intrnl_Id="1855">
<LocList>
<Loc EndOffset="14897" SrcFileId="11" StartOffset="14887"/>
</LocList>
</BasicBoolTerm>
<LocList>
<Loc EndOffset="14886" SrcFileId="11" StartOffset="14884"/>
</LocList>
</OpTerm>
<BasicBoolTerm Intrnl_Id="1856">
<LocList>
<Loc EndOffset="14911" SrcFileId="11" StartOffset="14901"/>
</LocList>
</BasicBoolTerm>
<LocList>
<Loc EndOffset="14900" SrcFileId="11" StartOffset="14898"/>
</LocList>
</OpTerm>
</RootTerm>
</CondStmnt>
</StmntSeq>
</Branch>
<Keyword EndOffset="14666" SrcFileId="11" StartOffset="14664"/>
<LocList>
<Loc EndOffset="14993" SrcFileId="11" StartOffset="14664"/>
</LocList>
<RootTerm CovItemId="C57" CovItemPrefix="com.OriginalFiles.Analyze.java" Intrnl_Id="1857">
<OpTerm BooleanOpId="13" Intrnl_Id="1858">
<OpTerm BooleanOpId="13" Intrnl_Id="1859">
<OpTerm BooleanOpId="13" Intrnl_Id="1860">
<OpTerm BooleanOpId="13" Intrnl_Id="1861">
<OpTerm BooleanOpId="13" Intrnl_Id="1862">
<BasicBoolTerm Intrnl_Id="1863">
<LocList>
<Loc EndOffset="14677" SrcFileId="11" StartOffset="14668"/>
</LocList>
</BasicBoolTerm>
<BasicBoolTerm Intrnl_Id="1864">
<LocList>
<Loc EndOffset="14690" SrcFileId="11" StartOffset="14681"/>
</LocList>
</BasicBoolTerm>
<LocList>
<Loc EndOffset="14680" SrcFileId="11" StartOffset="14678"/>
</LocList>
</OpTerm>
<BasicBoolTerm Intrnl_Id="1865">
<LocList>
<Loc EndOffset="14705" SrcFileId="11" StartOffset="14694"/>
</LocList>
</BasicBoolTerm>
<LocList>
<Loc EndOffset="14693" SrcFileId="11" StartOffset="14691"/>
</LocList>
</OpTerm>
<BasicBoolTerm Intrnl_Id="1866">
<LocList>
<Loc EndOffset="14720" SrcFileId="11" StartOffset="14709"/>
</LocList>
</BasicBoolTerm>
<LocList>
<Loc EndOffset="14708" SrcFileId="11" StartOffset="14706"/>
</LocList>
</OpTerm>
<BasicBoolTerm Intrnl_Id="1867">
<LocList>
<Loc EndOffset="14751" SrcFileId="11" StartOffset="14741"/>
</LocList>
</BasicBoolTerm>
<LocList>
<Loc EndOffset="14740" SrcFileId="11" StartOffset="14738"/>
</LocList>
</OpTerm>
<BasicBoolTerm Intrnl_Id="1868">
<LocList>
<Loc EndOffset="14765" SrcFileId="11" StartOffset="14755"/>
</LocList>
</BasicBoolTerm>
<LocList>
<Loc EndOffset="14754" SrcFileId="11" StartOffset="14752"/>
</LocList>
</OpTerm>
</RootTerm>
</CondStmnt>
</StmntSeq>
</Branch>
<Keyword EndOffset="14520" SrcFileId="11" StartOffset="14518"/>
<LocList>
<Loc EndOffset="14993" SrcFileId="11" StartOffset="14518"/>
</LocList>
<RootTerm CovItemId="C56" CovItemPrefix="com.OriginalFiles.Analyze.java" Intrnl_Id="1869">
<OpTerm BooleanOpId="13" Intrnl_Id="1870">
<OpTerm BooleanOpId="13" Intrnl_Id="1871">
<OpTerm BooleanOpId="13" Intrnl_Id="1872">
<OpTerm BooleanOpId="13" Intrnl_Id="1873">
<OpTerm BooleanOpId="13" Intrnl_Id="1874">
<BasicBoolTerm Intrnl_Id="1875">
<LocList>
<Loc EndOffset="14531" SrcFileId="11" StartOffset="14522"/>
</LocList>
</BasicBoolTerm>
<BasicBoolTerm Intrnl_Id="1876">
<LocList>
<Loc EndOffset="14544" SrcFileId="11" StartOffset="14535"/>
</LocList>
</BasicBoolTerm>
<LocList>
<Loc EndOffset="14534" SrcFileId="11" StartOffset="14532"/>
</LocList>
</OpTerm>
<BasicBoolTerm Intrnl_Id="1877">
<LocList>
<Loc EndOffset="14559" SrcFileId="11" StartOffset="14548"/>
</LocList>
</BasicBoolTerm>
<LocList>
<Loc EndOffset="14547" SrcFileId="11" StartOffset="14545"/>
</LocList>
</OpTerm>
<BasicBoolTerm Intrnl_Id="1878">
<LocList>
<Loc EndOffset="14574" SrcFileId="11" StartOffset="14563"/>
</LocList>
</BasicBoolTerm>
<LocList>
<Loc EndOffset="14562" SrcFileId="11" StartOffset="14560"/>
</LocList>
</OpTerm>
<BasicBoolTerm Intrnl_Id="1879">
<LocList>
<Loc EndOffset="14605" SrcFileId="11" StartOffset="14595"/>
</LocList>
</BasicBoolTerm>
<LocList>
<Loc EndOffset="14594" SrcFileId="11" StartOffset="14592"/>
</LocList>
</OpTerm>
<BasicBoolTerm Intrnl_Id="1880">
<LocList>
<Loc EndOffset="14619" SrcFileId="11" StartOffset="14609"/>
</LocList>
</BasicBoolTerm>
<LocList>
<Loc EndOffset="14608" SrcFileId="11" StartOffset="14606"/>
</LocList>
</OpTerm>
</RootTerm>
</CondStmnt>
</StmntSeq>
</Branch>
<Keyword EndOffset="14375" SrcFileId="11" StartOffset="14373"/>
<LocList>
<Loc EndOffset="14993" SrcFileId="11" StartOffset="14373"/>
</LocList>
<RootTerm CovItemId="C55" CovItemPrefix="com.OriginalFiles.Analyze.java" Intrnl_Id="1881">
<OpTerm BooleanOpId="13" Intrnl_Id="1882">
<OpTerm BooleanOpId="13" Intrnl_Id="1883">
<OpTerm BooleanOpId="13" Intrnl_Id="1884">
<OpTerm BooleanOpId="13" Intrnl_Id="1885">
<OpTerm BooleanOpId="13" Intrnl_Id="1886">
<BasicBoolTerm Intrnl_Id="1887">
<LocList>
<Loc EndOffset="14386" SrcFileId="11" StartOffset="14377"/>
</LocList>
</BasicBoolTerm>
<BasicBoolTerm Intrnl_Id="1888">
<LocList>
<Loc EndOffset="14399" SrcFileId="11" StartOffset="14390"/>
</LocList>
</BasicBoolTerm>
<LocList>
<Loc EndOffset="14389" SrcFileId="11" StartOffset="14387"/>
</LocList>
</OpTerm>
<BasicBoolTerm Intrnl_Id="1889">
<LocList>
<Loc EndOffset="14414" SrcFileId="11" StartOffset="14403"/>
</LocList>
</BasicBoolTerm>
<LocList>
<Loc EndOffset="14402" SrcFileId="11" StartOffset="14400"/>
</LocList>
</OpTerm>
<BasicBoolTerm Intrnl_Id="1890">
<LocList>
<Loc EndOffset="14428" SrcFileId="11" StartOffset="14418"/>
</LocList>
</BasicBoolTerm>
<LocList>
<Loc EndOffset="14417" SrcFileId="11" StartOffset="14415"/>
</LocList>
</OpTerm>
<BasicBoolTerm Intrnl_Id="1891">
<LocList>
<Loc EndOffset="14459" SrcFileId="11" StartOffset="14449"/>
</LocList>
</BasicBoolTerm>
<LocList>
<Loc EndOffset="14448" SrcFileId="11" StartOffset="14446"/>
</LocList>
</OpTerm>
<BasicBoolTerm Intrnl_Id="1892">
<LocList>
<Loc EndOffset="14472" SrcFileId="11" StartOffset="14463"/>
</LocList>
</BasicBoolTerm>
<LocList>
<Loc EndOffset="14462" SrcFileId="11" StartOffset="14460"/>
</LocList>
</OpTerm>
</RootTerm>
</CondStmnt>
</StmntSeq>
</HierarchyLvl>
<HierarchyLvl HierarchyLvlId="473" HierarchyLvlTypeId="17" Intrnl_Id="1893" Name="checkForGameHasEnded">
<Header>
<Loc EndOffset="15071" SrcFileId="11" StartOffset="15008"/>
</Header>
<LocList>
<Loc EndOffset="15496" SrcFileId="11" StartOffset="15008"/>
</LocList>
<StmntSeq Intrnl_Id="1894">
<LocList>
<Loc EndOffset="15489" SrcFileId="11" StartOffset="15083"/>
</LocList>
<CondStmnt CovItemId="S184" CovItemPrefix="com.OriginalFiles.Analyze.java" Intrnl_Id="1895">
<Branch CovItemId="B105" CovItemPrefix="com.OriginalFiles.Analyze.java" Implct="false" Intrnl_Id="1896">
<Cond>
<Loc EndOffset="15136" SrcFileId="11" StartOffset="15130"/>
</Cond>
<LocList>
<Loc EndOffset="15164" SrcFileId="11" StartOffset="15151"/>
</LocList>
<StmntSeq Intrnl_Id="1897">
<LocList>
<Loc EndOffset="15164" SrcFileId="11" StartOffset="15151"/>
</LocList>
<BasicStmnt CovItemId="S185" CovItemPrefix="com.OriginalFiles.Analyze.java" Intrnl_Id="1898">
<LocList>
<Loc EndOffset="15164" SrcFileId="11" StartOffset="15151"/>
</LocList>
</BasicStmnt>
</StmntSeq>
</Branch>
<Branch CovItemId="B106" CovItemPrefix="com.OriginalFiles.Analyze.java" Implct="false" Intrnl_Id="1899">
<Cond>
<Loc EndOffset="15180" SrcFileId="11" StartOffset="15174"/>
</Cond>
<LocList>
<Loc EndOffset="15255" SrcFileId="11" StartOffset="15195"/>
</LocList>
<StmntSeq Intrnl_Id="1900">
<LocList>
<Loc EndOffset="15229" SrcFileId="11" StartOffset="15195"/>
<Loc EndOffset="15255" SrcFileId="11" StartOffset="15243"/>
</LocList>
<BasicStmnt CovItemId="S186" CovItemPrefix="com.OriginalFiles.Analyze.java" Intrnl_Id="1901">
<LocList>
<Loc EndOffset="15229" SrcFileId="11" StartOffset="15195"/>
</LocList>
</BasicStmnt>
<BasicStmnt CovItemId="S187" CovItemPrefix="com.OriginalFiles.Analyze.java" Intrnl_Id="1902">
<LocList>
<Loc EndOffset="15255" SrcFileId="11" StartOffset="15243"/>
</LocList>
</BasicStmnt>
</StmntSeq>
</Branch>
<Branch CovItemId="B107" CovItemPrefix="com.OriginalFiles.Analyze.java" Implct="false" Intrnl_Id="1903">
<Cond>
<Loc EndOffset="15271" SrcFileId="11" StartOffset="15265"/>
</Cond>
<LocList>
<Loc EndOffset="15346" SrcFileId="11" StartOffset="15286"/>
</LocList>
<StmntSeq Intrnl_Id="1904">
<LocList>
<Loc EndOffset="15320" SrcFileId="11" StartOffset="15286"/>
<Loc EndOffset="15346" SrcFileId="11" StartOffset="15334"/>
</LocList>
<BasicStmnt CovItemId="S188" CovItemPrefix="com.OriginalFiles.Analyze.java" Intrnl_Id="1905">
<LocList>
<Loc EndOffset="15320" SrcFileId="11" StartOffset="15286"/>
</LocList>
</BasicStmnt>
<BasicStmnt CovItemId="S189" CovItemPrefix="com.OriginalFiles.Analyze.java" Intrnl_Id="1906">
<LocList>
<Loc EndOffset="15346" SrcFileId="11" StartOffset="15334"/>
</LocList>
</BasicStmnt>
</StmntSeq>
</Branch>
<Branch CovItemId="B108" CovItemPrefix="com.OriginalFiles.Analyze.java" Implct="false" Intrnl_Id="1907">
<Cond>
<Loc EndOffset="15362" SrcFileId="11" StartOffset="15356"/>
</Cond>
<LocList>
<Loc EndOffset="15433" SrcFileId="11" StartOffset="15377"/>
</LocList>
<StmntSeq Intrnl_Id="1908">
<LocList>
<Loc EndOffset="15407" SrcFileId="11" StartOffset="15377"/>
<Loc EndOffset="15433" SrcFileId="11" StartOffset="15421"/>
</LocList>
<BasicStmnt CovItemId="S190" CovItemPrefix="com.OriginalFiles.Analyze.java" Intrnl_Id="1909">
<LocList>
<Loc EndOffset="15407" SrcFileId="11" StartOffset="15377"/>
</LocList>
</BasicStmnt>
<BasicStmnt CovItemId="S191" CovItemPrefix="com.OriginalFiles.Analyze.java" Intrnl_Id="1910">
<LocList>
<Loc EndOffset="15433" SrcFileId="11" StartOffset="15421"/>
</LocList>
</BasicStmnt>
</StmntSeq>
</Branch>
<Branch CovItemId="B109" CovItemPrefix="com.OriginalFiles.Analyze.java" Implct="false" Intrnl_Id="1911">
<Cond>
<Loc EndOffset="15450" SrcFileId="11" StartOffset="15443"/>
</Cond>
<LocList>
<Loc EndOffset="15478" SrcFileId="11" StartOffset="15465"/>
</LocList>
<StmntSeq Intrnl_Id="1912">
<LocList>
<Loc EndOffset="15478" SrcFileId="11" StartOffset="15465"/>
</LocList>
<BasicStmnt CovItemId="S192" CovItemPrefix="com.OriginalFiles.Analyze.java" Intrnl_Id="1913">
<LocList>
<Loc EndOffset="15478" SrcFileId="11" StartOffset="15465"/>
</LocList>
</BasicStmnt>
</StmntSeq>
</Branch>
<Keyword EndOffset="15089" SrcFileId="11" StartOffset="15083"/>
<LocList>
<Loc EndOffset="15489" SrcFileId="11" StartOffset="15083"/>
</LocList>
</CondStmnt>
</StmntSeq>
</HierarchyLvl>
<HierarchyLvl HierarchyLvlId="474" HierarchyLvlTypeId="17" Intrnl_Id="1914" Name="gameHasEnded">
<Header>
<Loc EndOffset="15664" SrcFileId="11" StartOffset="15616"/>
</Header>
<LocList>
<Loc EndOffset="17761" SrcFileId="11" StartOffset="15616"/>
</LocList>
<StmntSeq Intrnl_Id="1915">
<LocList>
<Loc EndOffset="15708" SrcFileId="11" StartOffset="15676"/>
<Loc EndOffset="15772" SrcFileId="11" StartOffset="15720"/>
<Loc EndOffset="15834" SrcFileId="11" StartOffset="15782"/>
<Loc EndOffset="15876" SrcFileId="11" StartOffset="15844"/>
<Loc EndOffset="15918" SrcFileId="11" StartOffset="15886"/>
<Loc EndOffset="16717" SrcFileId="11" StartOffset="15930"/>
<Loc EndOffset="16832" SrcFileId="11" StartOffset="16729"/>
<Loc EndOffset="16944" SrcFileId="11" StartOffset="16842"/>
<Loc EndOffset="17735" SrcFileId="11" StartOffset="16954"/>
<Loc EndOffset="17754" SrcFileId="11" StartOffset="17745"/>
</LocList>
<BasicStmnt CovItemId="S193" CovItemPrefix="com.OriginalFiles.Analyze.java" Intrnl_Id="1916">
<LocList>
<Loc EndOffset="15708" SrcFileId="11" StartOffset="15676"/>
</LocList>
</BasicStmnt>
<BasicStmnt CovItemId="S194" CovItemPrefix="com.OriginalFiles.Analyze.java" Intrnl_Id="1917">
<LocList>
<Loc EndOffset="15772" SrcFileId="11" StartOffset="15720"/>
</LocList>
</BasicStmnt>
<BasicStmnt CovItemId="S195" CovItemPrefix="com.OriginalFiles.Analyze.java" Intrnl_Id="1918">
<LocList>
<Loc EndOffset="15834" SrcFileId="11" StartOffset="15782"/>
</LocList>
</BasicStmnt>
<BasicStmnt CovItemId="S196" CovItemPrefix="com.OriginalFiles.Analyze.java" Intrnl_Id="1919">
<LocList>
<Loc EndOffset="15876" SrcFileId="11" StartOffset="15844"/>
</LocList>
</BasicStmnt>
<BasicStmnt CovItemId="S197" CovItemPrefix="com.OriginalFiles.Analyze.java" Intrnl_Id="1920">
<LocList>
<Loc EndOffset="15918" SrcFileId="11" StartOffset="15886"/>
</LocList>
</BasicStmnt>
<LoopStmnt CovItemId="S198" CovItemPrefix="com.OriginalFiles.Analyze.java" Intrnl_Id="1921" MltplExecId="L10-2" MltplExecPrefix="com.OriginalFiles.Analyze.java" NvrExecId="L10-0" NvrExecPrefix="com.OriginalFiles.Analyze.java" OnceExecutedId="L10-1" OnceExecutedPrefix="com.OriginalFiles.Analyze.java" OptBodyExec="true">
<StmntSeq Intrnl_Id="1922">
<LocList>
<Loc EndOffset="16706" SrcFileId="11" StartOffset="15985"/>
</LocList>
<LoopStmnt CovItemId="S199" CovItemPrefix="com.OriginalFiles.Analyze.java" Intrnl_Id="1923" MltplExecId="L11-2" MltplExecPrefix="com.OriginalFiles.Analyze.java" NvrExecId="L11-0" NvrExecPrefix="com.OriginalFiles.Analyze.java" OnceExecutedId="L11-1" OnceExecutedPrefix="com.OriginalFiles.Analyze.java" OptBodyExec="true">
<StmntSeq Intrnl_Id="1924">
<LocList>
<Loc EndOffset="16691" SrcFileId="11" StartOffset="16026"/>
</LocList>
<CondStmnt CovItemId="S200" CovItemPrefix="com.OriginalFiles.Analyze.java" Intrnl_Id="1925">
<Branch CovItemId="B110" CovItemPrefix="com.OriginalFiles.Analyze.java" Implct="false" Intrnl_Id="1926">
<Cond/>
<LocList>
<Loc EndOffset="16691" SrcFileId="11" StartOffset="16048"/>
</LocList>
<StmntSeq Intrnl_Id="1927">
<LocList>
<Loc EndOffset="16360" SrcFileId="11" StartOffset="16071"/>
<Loc EndOffset="16672" SrcFileId="11" StartOffset="16382"/>
</LocList>
<CondStmnt CovItemId="S201" CovItemPrefix="com.OriginalFiles.Analyze.java" Intrnl_Id="1928">
<Branch CovItemId="B112" CovItemPrefix="com.OriginalFiles.Analyze.java" Implct="false" Intrnl_Id="1929">
<Cond/>
<LocList>
<Loc EndOffset="16360" SrcFileId="11" StartOffset="16119"/>
</LocList>
<StmntSeq Intrnl_Id="1930">
<LocList>
<Loc EndOffset="16190" SrcFileId="11" StartOffset="16146"/>
<Loc EndOffset="16337" SrcFileId="11" StartOffset="16216"/>
</LocList>
<BasicStmnt CovItemId="S202" CovItemPrefix="com.OriginalFiles.Analyze.java" Intrnl_Id="1931">
<LocList>
<Loc EndOffset="16190" SrcFileId="11" StartOffset="16146"/>
</LocList>
</BasicStmnt>
<CondStmnt CovItemId="S203" CovItemPrefix="com.OriginalFiles.Analyze.java" Intrnl_Id="1932">
<Branch CovItemId="B114" CovItemPrefix="com.OriginalFiles.Analyze.java" Implct="false" Intrnl_Id="1933">
<Cond/>
<LocList>
<Loc EndOffset="16337" SrcFileId="11" StartOffset="16256"/>
</LocList>
<StmntSeq Intrnl_Id="1934">
<LocList>
<Loc EndOffset="16310" SrcFileId="11" StartOffset="16287"/>
</LocList>
<BasicStmnt CovItemId="S204" CovItemPrefix="com.OriginalFiles.Analyze.java" Intrnl_Id="1935">
<LocList>
<Loc EndOffset="16310" SrcFileId="11" StartOffset="16287"/>
</LocList>
</BasicStmnt>
</StmntSeq>
</Branch>
<Branch CovItemId="B115" CovItemPrefix="com.OriginalFiles.Analyze.java" Implct="true" Intrnl_Id="1936">
<Cond/>
<LocList/>
<StmntSeq Intrnl_Id="1937">
<LocList/>
</StmntSeq>
</Branch>
<Keyword EndOffset="16218" SrcFileId="11" StartOffset="16216"/>
<LocList>
<Loc EndOffset="16337" SrcFileId="11" StartOffset="16216"/>
</LocList>
<RootTerm CovItemId="C61" CovItemPrefix="com.OriginalFiles.Analyze.java" Intrnl_Id="1938">
<BasicBoolTerm Intrnl_Id="1939">
<LocList>
<Loc EndOffset="16254" SrcFileId="11" StartOffset="16220"/>
</LocList>
</BasicBoolTerm>
</RootTerm>
</CondStmnt>
</StmntSeq>
</Branch>
<Branch CovItemId="B113" CovItemPrefix="com.OriginalFiles.Analyze.java" Implct="true" Intrnl_Id="1940">
<Cond/>
<LocList/>
<StmntSeq Intrnl_Id="1941">
<LocList/>
</StmntSeq>
</Branch>
<Keyword EndOffset="16073" SrcFileId="11" StartOffset="16071"/>
<LocList>
<Loc EndOffset="16360" SrcFileId="11" StartOffset="16071"/>
</LocList>
<RootTerm CovItemId="C60" CovItemPrefix="com.OriginalFiles.Analyze.java" Intrnl_Id="1942">
<BasicBoolTerm Intrnl_Id="1943">
<LocList>
<Loc EndOffset="16117" SrcFileId="11" StartOffset="16075"/>
</LocList>
</BasicBoolTerm>
</RootTerm>
</CondStmnt>
<CondStmnt CovItemId="S205" CovItemPrefix="com.OriginalFiles.Analyze.java" Intrnl_Id="1944">
<Branch CovItemId="B116" CovItemPrefix="com.OriginalFiles.Analyze.java" Implct="false" Intrnl_Id="1945">
<Cond/>
<LocList>
<Loc EndOffset="16672" SrcFileId="11" StartOffset="16431"/>
</LocList>
<StmntSeq Intrnl_Id="1946">
<LocList>
<Loc EndOffset="16502" SrcFileId="11" StartOffset="16458"/>
<Loc EndOffset="16649" SrcFileId="11" StartOffset="16528"/>
</LocList>
<BasicStmnt CovItemId="S206" CovItemPrefix="com.OriginalFiles.Analyze.java" Intrnl_Id="1947">
<LocList>
<Loc EndOffset="16502" SrcFileId="11" StartOffset="16458"/>
</LocList>
</BasicStmnt>
<CondStmnt CovItemId="S207" CovItemPrefix="com.OriginalFiles.Analyze.java" Intrnl_Id="1948">
<Branch CovItemId="B118" CovItemPrefix="com.OriginalFiles.Analyze.java" Implct="false" Intrnl_Id="1949">
<Cond/>
<LocList>
<Loc EndOffset="16649" SrcFileId="11" StartOffset="16568"/>
</LocList>
<StmntSeq Intrnl_Id="1950">
<LocList>
<Loc EndOffset="16622" SrcFileId="11" StartOffset="16599"/>
</LocList>
<BasicStmnt CovItemId="S208" CovItemPrefix="com.OriginalFiles.Analyze.java" Intrnl_Id="1951">
<LocList>
<Loc EndOffset="16622" SrcFileId="11" StartOffset="16599"/>
</LocList>
</BasicStmnt>
</StmntSeq>
</Branch>
<Branch CovItemId="B119" CovItemPrefix="com.OriginalFiles.Analyze.java" Implct="true" Intrnl_Id="1952">
<Cond/>
<LocList/>
<StmntSeq Intrnl_Id="1953">
<LocList/>
</StmntSeq>
</Branch>
<Keyword EndOffset="16530" SrcFileId="11" StartOffset="16528"/>
<LocList>
<Loc EndOffset="16649" SrcFileId="11" StartOffset="16528"/>
</LocList>
<RootTerm CovItemId="C63" CovItemPrefix="com.OriginalFiles.Analyze.java" Intrnl_Id="1954">
<BasicBoolTerm Intrnl_Id="1955">
<LocList>
<Loc EndOffset="16566" SrcFileId="11" StartOffset="16532"/>
</LocList>
</BasicBoolTerm>
</RootTerm>
</CondStmnt>
</StmntSeq>
</Branch>
<Branch CovItemId="B117" CovItemPrefix="com.OriginalFiles.Analyze.java" Implct="true" Intrnl_Id="1956">
<Cond/>
<LocList/>
<StmntSeq Intrnl_Id="1957">
<LocList/>
</StmntSeq>
</Branch>
<Keyword EndOffset="16384" SrcFileId="11" StartOffset="16382"/>
<LocList>
<Loc EndOffset="16672" SrcFileId="11" StartOffset="16382"/>
</LocList>
<RootTerm CovItemId="C62" CovItemPrefix="com.OriginalFiles.Analyze.java" Intrnl_Id="1958">
<BasicBoolTerm Intrnl_Id="1959">
<LocList>
<Loc EndOffset="16429" SrcFileId="11" StartOffset="16386"/>
</LocList>
</BasicBoolTerm>
</RootTerm>
</CondStmnt>
</StmntSeq>
</Branch>
<Branch CovItemId="B111" CovItemPrefix="com.OriginalFiles.Analyze.java" Implct="true" Intrnl_Id="1960">
<Cond/>
<LocList/>
<StmntSeq Intrnl_Id="1961">
<LocList/>
</StmntSeq>
</Branch>
<Keyword EndOffset="16028" SrcFileId="11" StartOffset="16026"/>
<LocList>
<Loc EndOffset="16691" SrcFileId="11" StartOffset="16026"/>
</LocList>
<RootTerm CovItemId="C59" CovItemPrefix="com.OriginalFiles.Analyze.java" Intrnl_Id="1962">
<OpTerm BooleanOpId="12" Intrnl_Id="1963">
<BasicBoolTerm Intrnl_Id="1964">
<LocList>
<Loc EndOffset="16046" SrcFileId="11" StartOffset="16031"/>
</LocList>
</BasicBoolTerm>
<LocList>
<Loc EndOffset="16031" SrcFileId="11" StartOffset="16030"/>
</LocList>
</OpTerm>
</RootTerm>
</CondStmnt>
</StmntSeq>
<Keyword EndOffset="15988" SrcFileId="11" StartOffset="15985"/>
<LocList>
<Loc EndOffset="16706" SrcFileId="11" StartOffset="15985"/>
</LocList>
</LoopStmnt>
</StmntSeq>
<Keyword EndOffset="15933" SrcFileId="11" StartOffset="15930"/>
<LocList>
<Loc EndOffset="16717" SrcFileId="11" StartOffset="15930"/>
</LocList>
</LoopStmnt>
<CondStmnt CovItemId="S209" CovItemPrefix="com.OriginalFiles.Analyze.java" Intrnl_Id="1965">
<Branch CovItemId="B120" CovItemPrefix="com.OriginalFiles.Analyze.java" Implct="false" Intrnl_Id="1966">
<Cond/>
<LocList>
<Loc EndOffset="16832" SrcFileId="11" StartOffset="16797"/>
</LocList>
<StmntSeq Intrnl_Id="1967">
<LocList>
<Loc EndOffset="16821" SrcFileId="11" StartOffset="16812"/>
</LocList>
<BasicStmnt CovItemId="S210" CovItemPrefix="com.OriginalFiles.Analyze.java" Intrnl_Id="1968">
<LocList>
<Loc EndOffset="16821" SrcFileId="11" StartOffset="16812"/>
</LocList>
</BasicStmnt>
</StmntSeq>
</Branch>
<Branch CovItemId="B121" CovItemPrefix="com.OriginalFiles.Analyze.java" Implct="true" Intrnl_Id="1969">
<Cond/>
<LocList/>
<StmntSeq Intrnl_Id="1970">
<LocList/>
</StmntSeq>
</Branch>
<Keyword EndOffset="16731" SrcFileId="11" StartOffset="16729"/>
<LocList>
<Loc EndOffset="16832" SrcFileId="11" StartOffset="16729"/>
</LocList>
<RootTerm CovItemId="C64" CovItemPrefix="com.OriginalFiles.Analyze.java" Intrnl_Id="1971">
<OpTerm BooleanOpId="14" Intrnl_Id="1972">
<BasicBoolTerm Intrnl_Id="1973">
<LocList>
<Loc EndOffset="16759" SrcFileId="11" StartOffset="16733"/>
</LocList>
</BasicBoolTerm>
<OpTerm BooleanOpId="13" Intrnl_Id="1974">
<OpTerm BooleanOpId="12" Intrnl_Id="1975">
<BasicBoolTerm Intrnl_Id="1976">
<LocList>
<Loc EndOffset="16774" SrcFileId="11" StartOffset="16765"/>
</LocList>
</BasicBoolTerm>
<LocList>
<Loc EndOffset="16765" SrcFileId="11" StartOffset="16764"/>
</LocList>
</OpTerm>
<OpTerm BooleanOpId="12" Intrnl_Id="1977">
<BasicBoolTerm Intrnl_Id="1978">
<LocList>
<Loc EndOffset="16794" SrcFileId="11" StartOffset="16779"/>
</LocList>
</BasicBoolTerm>
<LocList>
<Loc EndOffset="16779" SrcFileId="11" StartOffset="16778"/>
</LocList>
</OpTerm>
<LocList>
<Loc EndOffset="16777" SrcFileId="11" StartOffset="16775"/>
</LocList>
</OpTerm>
<LocList>
<Loc EndOffset="16762" SrcFileId="11" StartOffset="16760"/>
</LocList>
</OpTerm>
</RootTerm>
</CondStmnt>
<CondStmnt CovItemId="S211" CovItemPrefix="com.OriginalFiles.Analyze.java" Intrnl_Id="1979">
<Branch CovItemId="B122" CovItemPrefix="com.OriginalFiles.Analyze.java" Implct="false" Intrnl_Id="1980">
<Cond/>
<LocList>
<Loc EndOffset="16944" SrcFileId="11" StartOffset="16909"/>
</LocList>
<StmntSeq Intrnl_Id="1981">
<LocList>
<Loc EndOffset="16933" SrcFileId="11" StartOffset="16924"/>
</LocList>
<BasicStmnt CovItemId="S212" CovItemPrefix="com.OriginalFiles.Analyze.java" Intrnl_Id="1982">
<LocList>
<Loc EndOffset="16933" SrcFileId="11" StartOffset="16924"/>
</LocList>
</BasicStmnt>
</StmntSeq>
</Branch>
<Branch CovItemId="B123" CovItemPrefix="com.OriginalFiles.Analyze.java" Implct="true" Intrnl_Id="1983">
<Cond/>
<LocList/>
<StmntSeq Intrnl_Id="1984">
<LocList/>
</StmntSeq>
</Branch>
<Keyword EndOffset="16844" SrcFileId="11" StartOffset="16842"/>
<LocList>
<Loc EndOffset="16944" SrcFileId="11" StartOffset="16842"/>
</LocList>
<RootTerm CovItemId="C65" CovItemPrefix="com.OriginalFiles.Analyze.java" Intrnl_Id="1985">
<OpTerm BooleanOpId="14" Intrnl_Id="1986">
<BasicBoolTerm Intrnl_Id="1987">
<LocList>
<Loc EndOffset="16872" SrcFileId="11" StartOffset="16846"/>
</LocList>
</BasicBoolTerm>
<OpTerm BooleanOpId="13" Intrnl_Id="1988">
<BasicBoolTerm Intrnl_Id="1989">
<LocList>
<Loc EndOffset="16886" SrcFileId="11" StartOffset="16877"/>
</LocList>
</BasicBoolTerm>
<OpTerm BooleanOpId="12" Intrnl_Id="1990">
<BasicBoolTerm Intrnl_Id="1991">
<LocList>
<Loc EndOffset="16906" SrcFileId="11" StartOffset="16891"/>
</LocList>
</BasicBoolTerm>
<LocList>
<Loc EndOffset="16891" SrcFileId="11" StartOffset="16890"/>
</LocList>
</OpTerm>
<LocList>
<Loc EndOffset="16889" SrcFileId="11" StartOffset="16887"/>
</LocList>
</OpTerm>
<LocList>
<Loc EndOffset="16875" SrcFileId="11" StartOffset="16873"/>
</LocList>
</OpTerm>
</RootTerm>
</CondStmnt>
<CondStmnt CovItemId="S213" CovItemPrefix="com.OriginalFiles.Analyze.java" Intrnl_Id="1992">
<Branch CovItemId="B124" CovItemPrefix="com.OriginalFiles.Analyze.java" Implct="false" Intrnl_Id="1993">
<Cond/>
<LocList>
<Loc EndOffset="17735" SrcFileId="11" StartOffset="17016"/>
</LocList>
<StmntSeq Intrnl_Id="1994">
<LocList>
<Loc EndOffset="17724" SrcFileId="11" StartOffset="17031"/>
</LocList>
<CondStmnt CovItemId="S214" CovItemPrefix="com.OriginalFiles.Analyze.java" Intrnl_Id="1995">
<Branch CovItemId="B126" CovItemPrefix="com.OriginalFiles.Analyze.java" Implct="false" Intrnl_Id="1996">
<Cond/>
<LocList>
<Loc EndOffset="17724" SrcFileId="11" StartOffset="17124"/>
</LocList>
<StmntSeq Intrnl_Id="1997">
<LocList>
<Loc EndOffset="17709" SrcFileId="11" StartOffset="17143"/>
</LocList>
<CondStmnt CovItemId="S215" CovItemPrefix="com.OriginalFiles.Analyze.java" Intrnl_Id="1998">
<Branch CovItemId="B128" CovItemPrefix="com.OriginalFiles.Analyze.java" Implct="false" Intrnl_Id="1999">
<Cond/>
<LocList>
<Loc EndOffset="17430" SrcFileId="11" StartOffset="17158"/>
</LocList>
<StmntSeq Intrnl_Id="2000">
<LocList>
<Loc EndOffset="17411" SrcFileId="11" StartOffset="17181"/>
</LocList>
<CondStmnt CovItemId="S216" CovItemPrefix="com.OriginalFiles.Analyze.java" Intrnl_Id="2001">
<Branch CovItemId="B130" CovItemPrefix="com.OriginalFiles.Analyze.java" Implct="false" Intrnl_Id="2002">
<Cond/>
<LocList>
<Loc EndOffset="17411" SrcFileId="11" StartOffset="17352"/>
</LocList>
<StmntSeq Intrnl_Id="2003">
<LocList>
<Loc EndOffset="17388" SrcFileId="11" StartOffset="17379"/>
</LocList>
<BasicStmnt CovItemId="S217" CovItemPrefix="com.OriginalFiles.Analyze.java" Intrnl_Id="2004">
<LocList>
<Loc EndOffset="17388" SrcFileId="11" StartOffset="17379"/>
</LocList>
</BasicStmnt>
</StmntSeq>
</Branch>
<Branch CovItemId="B131" CovItemPrefix="com.OriginalFiles.Analyze.java" Implct="true" Intrnl_Id="2005">
<Cond/>
<LocList/>
<StmntSeq Intrnl_Id="2006">
<LocList/>
</StmntSeq>
</Branch>
<Keyword EndOffset="17183" SrcFileId="11" StartOffset="17181"/>
<LocList>
<Loc EndOffset="17411" SrcFileId="11" StartOffset="17181"/>
</LocList>
<RootTerm CovItemId="C69" CovItemPrefix="com.OriginalFiles.Analyze.java" Intrnl_Id="2007">
<OpTerm BooleanOpId="13" Intrnl_Id="2008">
<OpTerm BooleanOpId="13" Intrnl_Id="2009">
<BasicBoolTerm Intrnl_Id="2010">
<LocList>
<Loc EndOffset="17225" SrcFileId="11" StartOffset="17185"/>
</LocList>
</BasicBoolTerm>
<BasicBoolTerm Intrnl_Id="2011">
<LocList>
<Loc EndOffset="17300" SrcFileId="11" StartOffset="17258"/>
</LocList>
</BasicBoolTerm>
<LocList>
<Loc EndOffset="17257" SrcFileId="11" StartOffset="17255"/>
</LocList>
</OpTerm>
<OpTerm BooleanOpId="12" Intrnl_Id="2012">
<BasicBoolTerm Intrnl_Id="2013">
<LocList>
<Loc EndOffset="17350" SrcFileId="11" StartOffset="17334"/>
</LocList>
</BasicBoolTerm>
<LocList>
<Loc EndOffset="17334" SrcFileId="11" StartOffset="17333"/>
</LocList>
</OpTerm>
<LocList>
<Loc EndOffset="17332" SrcFileId="11" StartOffset="17330"/>
</LocList>
</OpTerm>
</RootTerm>
</CondStmnt>
</StmntSeq>
</Branch>
<Branch CovItemId="B129" CovItemPrefix="com.OriginalFiles.Analyze.java" Implct="false" Intrnl_Id="2014">
<Cond>
<Loc EndOffset="17435" SrcFileId="11" StartOffset="17431"/>
</Cond>
<LocList>
<Loc EndOffset="17709" SrcFileId="11" StartOffset="17436"/>
</LocList>
<StmntSeq Intrnl_Id="2015">
<LocList>
<Loc EndOffset="17690" SrcFileId="11" StartOffset="17459"/>
</LocList>
<CondStmnt CovItemId="S218" CovItemPrefix="com.OriginalFiles.Analyze.java" Intrnl_Id="2016">
<Branch CovItemId="B132" CovItemPrefix="com.OriginalFiles.Analyze.java" Implct="false" Intrnl_Id="2017">
<Cond/>
<LocList>
<Loc EndOffset="17690" SrcFileId="11" StartOffset="17631"/>
</LocList>
<StmntSeq Intrnl_Id="2018">
<LocList>
<Loc EndOffset="17667" SrcFileId="11" StartOffset="17658"/>
</LocList>
<BasicStmnt CovItemId="S219" CovItemPrefix="com.OriginalFiles.Analyze.java" Intrnl_Id="2019">
<LocList>
<Loc EndOffset="17667" SrcFileId="11" StartOffset="17658"/>
</LocList>
</BasicStmnt>
</StmntSeq>
</Branch>
<Branch CovItemId="B133" CovItemPrefix="com.OriginalFiles.Analyze.java" Implct="true" Intrnl_Id="2020">
<Cond/>
<LocList/>
<StmntSeq Intrnl_Id="2021">
<LocList/>
</StmntSeq>
</Branch>
<Keyword EndOffset="17461" SrcFileId="11" StartOffset="17459"/>
<LocList>
<Loc EndOffset="17690" SrcFileId="11" StartOffset="17459"/>
</LocList>
<RootTerm CovItemId="C70" CovItemPrefix="com.OriginalFiles.Analyze.java" Intrnl_Id="2022">
<OpTerm BooleanOpId="13" Intrnl_Id="2023">
<OpTerm BooleanOpId="13" Intrnl_Id="2024">
<BasicBoolTerm Intrnl_Id="2025">
<LocList>
<Loc EndOffset="17503" SrcFileId="11" StartOffset="17463"/>
</LocList>
</BasicBoolTerm>
<BasicBoolTerm Intrnl_Id="2026">
<LocList>
<Loc EndOffset="17578" SrcFileId="11" StartOffset="17536"/>
</LocList>
</BasicBoolTerm>
<LocList>
<Loc EndOffset="17535" SrcFileId="11" StartOffset="17533"/>
</LocList>
</OpTerm>
<OpTerm BooleanOpId="12" Intrnl_Id="2027">
<BasicBoolTerm Intrnl_Id="2028">
<LocList>
<Loc EndOffset="17629" SrcFileId="11" StartOffset="17612"/>
</LocList>
</BasicBoolTerm>
<LocList>
<Loc EndOffset="17612" SrcFileId="11" StartOffset="17611"/>
</LocList>
</OpTerm>
<LocList>
<Loc EndOffset="17610" SrcFileId="11" StartOffset="17608"/>
</LocList>
</OpTerm>
</RootTerm>
</CondStmnt>
</StmntSeq>
</Branch>
<Keyword EndOffset="17145" SrcFileId="11" StartOffset="17143"/>
<LocList>
<Loc EndOffset="17709" SrcFileId="11" StartOffset="17143"/>
</LocList>
<RootTerm CovItemId="C68" CovItemPrefix="com.OriginalFiles.Analyze.java" Intrnl_Id="2029">
<BasicBoolTerm Intrnl_Id="2030">
<LocList>
<Loc EndOffset="17156" SrcFileId="11" StartOffset="17147"/>
</LocList>
</BasicBoolTerm>
</RootTerm>
</CondStmnt>
</StmntSeq>
</Branch>
<Branch CovItemId="B127" CovItemPrefix="com.OriginalFiles.Analyze.java" Implct="true" Intrnl_Id="2031">
<Cond/>
<LocList/>
<StmntSeq Intrnl_Id="2032">
<LocList/>
</StmntSeq>
</Branch>
<Keyword EndOffset="17033" SrcFileId="11" StartOffset="17031"/>
<LocList>
<Loc EndOffset="17724" SrcFileId="11" StartOffset="17031"/>
</LocList>
<RootTerm CovItemId="C67" CovItemPrefix="com.OriginalFiles.Analyze.java" Intrnl_Id="2033">
<OpTerm BooleanOpId="13" Intrnl_Id="2034">
<BasicBoolTerm Intrnl_Id="2035">
<LocList>
<Loc EndOffset="17066" SrcFileId="11" StartOffset="17035"/>
</LocList>
</BasicBoolTerm>
<BasicBoolTerm Intrnl_Id="2036">
<LocList>
<Loc EndOffset="17122" SrcFileId="11" StartOffset="17091"/>
</LocList>
</BasicBoolTerm>
<LocList>
<Loc EndOffset="17090" SrcFileId="11" StartOffset="17088"/>
</LocList>
</OpTerm>
</RootTerm>
</CondStmnt>
</StmntSeq>
</Branch>
<Branch CovItemId="B125" CovItemPrefix="com.OriginalFiles.Analyze.java" Implct="true" Intrnl_Id="2037">
<Cond/>
<LocList/>
<StmntSeq Intrnl_Id="2038">
<LocList/>
</StmntSeq>
</Branch>
<Keyword EndOffset="16956" SrcFileId="11" StartOffset="16954"/>
<LocList>
<Loc EndOffset="17735" SrcFileId="11" StartOffset="16954"/>
</LocList>
<RootTerm CovItemId="C66" CovItemPrefix="com.OriginalFiles.Analyze.java" Intrnl_Id="2039">
<OpTerm BooleanOpId="13" Intrnl_Id="2040">
<BasicBoolTerm Intrnl_Id="2041">
<LocList>
<Loc EndOffset="16984" SrcFileId="11" StartOffset="16958"/>
</LocList>
</BasicBoolTerm>
<BasicBoolTerm Intrnl_Id="2042">
<LocList>
<Loc EndOffset="17014" SrcFileId="11" StartOffset="16988"/>
</LocList>
</BasicBoolTerm>
<LocList>
<Loc EndOffset="16987" SrcFileId="11" StartOffset="16985"/>
</LocList>
</OpTerm>
</RootTerm>
</CondStmnt>
<BasicStmnt CovItemId="S220" CovItemPrefix="com.OriginalFiles.Analyze.java" Intrnl_Id="2043">
<LocList>
<Loc EndOffset="17754" SrcFileId="11" StartOffset="17745"/>
</LocList>
</BasicStmnt>
</StmntSeq>
</HierarchyLvl>
<HierarchyLvl HierarchyLvlId="475" HierarchyLvlTypeId="17" Intrnl_Id="2044" Name="hasTheMove">
<Header>
<Loc EndOffset="17815" SrcFileId="11" StartOffset="17769"/>
</Header>
<LocList>
<Loc EndOffset="18291" SrcFileId="11" StartOffset="17769"/>
</LocList>
<StmntSeq Intrnl_Id="2045">
<LocList>
<Loc EndOffset="17846" SrcFileId="11" StartOffset="17827"/>
<Loc EndOffset="17916" SrcFileId="11" StartOffset="17858"/>
<Loc EndOffset="17947" SrcFileId="11" StartOffset="17928"/>
<Loc EndOffset="18186" SrcFileId="11" StartOffset="17959"/>
<Loc EndOffset="18261" SrcFileId="11" StartOffset="18198"/>
<Loc EndOffset="18284" SrcFileId="11" StartOffset="18271"/>
</LocList>
<BasicStmnt CovItemId="S221" CovItemPrefix="com.OriginalFiles.Analyze.java" Intrnl_Id="2046">
<LocList>
<Loc EndOffset="17846" SrcFileId="11" StartOffset="17827"/>
</LocList>
</BasicStmnt>
<CondStmnt CovItemId="S222" CovItemPrefix="com.OriginalFiles.Analyze.java" Intrnl_Id="2047">
<Branch CovItemId="B134" CovItemPrefix="com.OriginalFiles.Analyze.java" Implct="false" Intrnl_Id="2048">
<Cond/>
<LocList>
<Loc EndOffset="17916" SrcFileId="11" StartOffset="17875"/>
</LocList>
<StmntSeq Intrnl_Id="2049">
<LocList>
<Loc EndOffset="17905" SrcFileId="11" StartOffset="17890"/>
</LocList>
<BasicStmnt CovItemId="S223" CovItemPrefix="com.OriginalFiles.Analyze.java" Intrnl_Id="2050">
<LocList>
<Loc EndOffset="17905" SrcFileId="11" StartOffset="17890"/>
</LocList>
</BasicStmnt>
</StmntSeq>
</Branch>
<Branch CovItemId="B135" CovItemPrefix="com.OriginalFiles.Analyze.java" Implct="true" Intrnl_Id="2051">
<Cond/>
<LocList/>
<StmntSeq Intrnl_Id="2052">
<LocList/>
</StmntSeq>
</Branch>
<Keyword EndOffset="17860" SrcFileId="11" StartOffset="17858"/>
<LocList>
<Loc EndOffset="17916" SrcFileId="11" StartOffset="17858"/>
</LocList>
<RootTerm CovItemId="C71" CovItemPrefix="com.OriginalFiles.Analyze.java" Intrnl_Id="2053">
<OpTerm BooleanOpId="12" Intrnl_Id="2054">
<BasicBoolTerm Intrnl_Id="2055">
<LocList>
<Loc EndOffset="17873" SrcFileId="11" StartOffset="17863"/>
</LocList>
</BasicBoolTerm>
<LocList>
<Loc EndOffset="17863" SrcFileId="11" StartOffset="17862"/>
</LocList>
</OpTerm>
</RootTerm>
</CondStmnt>
<BasicStmnt CovItemId="S224" CovItemPrefix="com.OriginalFiles.Analyze.java" Intrnl_Id="2056">
<LocList>
<Loc EndOffset="17947" SrcFileId="11" StartOffset="17928"/>
</LocList>
</BasicStmnt>
<LoopStmnt CovItemId="S225" CovItemPrefix="com.OriginalFiles.Analyze.java" Intrnl_Id="2057" MltplExecId="L12-2" MltplExecPrefix="com.OriginalFiles.Analyze.java" NvrExecId="L12-0" NvrExecPrefix="com.OriginalFiles.Analyze.java" OnceExecutedId="L12-1" OnceExecutedPrefix="com.OriginalFiles.Analyze.java" OptBodyExec="true">
<StmntSeq Intrnl_Id="2058">
<LocList>
<Loc EndOffset="18175" SrcFileId="11" StartOffset="18014"/>
</LocList>
<LoopStmnt CovItemId="S226" CovItemPrefix="com.OriginalFiles.Analyze.java" Intrnl_Id="2059" MltplExecId="L13-2" MltplExecPrefix="com.OriginalFiles.Analyze.java" NvrExecId="L13-0" NvrExecPrefix="com.OriginalFiles.Analyze.java" OnceExecutedId="L13-1" OnceExecutedPrefix="com.OriginalFiles.Analyze.java" OptBodyExec="true">
<StmntSeq Intrnl_Id="2060">
<LocList>
<Loc EndOffset="18160" SrcFileId="11" StartOffset="18061"/>
</LocList>
<CondStmnt CovItemId="S227" CovItemPrefix="com.OriginalFiles.Analyze.java" Intrnl_Id="2061">
<Branch CovItemId="B136" CovItemPrefix="com.OriginalFiles.Analyze.java" Implct="false" Intrnl_Id="2062">
<Cond/>
<LocList>
<Loc EndOffset="18160" SrcFileId="11" StartOffset="18105"/>
</LocList>
<StmntSeq Intrnl_Id="2063">
<LocList>
<Loc EndOffset="18141" SrcFileId="11" StartOffset="18128"/>
</LocList>
<BasicStmnt CovItemId="S228" CovItemPrefix="com.OriginalFiles.Analyze.java" Intrnl_Id="2064">
<LocList>
<Loc EndOffset="18141" SrcFileId="11" StartOffset="18128"/>
</LocList>
</BasicStmnt>
</StmntSeq>
</Branch>
<Branch CovItemId="B137" CovItemPrefix="com.OriginalFiles.Analyze.java" Implct="true" Intrnl_Id="2065">
<Cond/>
<LocList/>
<StmntSeq Intrnl_Id="2066">
<LocList/>
</StmntSeq>
</Branch>
<Keyword EndOffset="18063" SrcFileId="11" StartOffset="18061"/>
<LocList>
<Loc EndOffset="18160" SrcFileId="11" StartOffset="18061"/>
</LocList>
<RootTerm CovItemId="C74" CovItemPrefix="com.OriginalFiles.Analyze.java" Intrnl_Id="2067">
<OpTerm BooleanOpId="12" Intrnl_Id="2068">
<BasicBoolTerm Intrnl_Id="2069">
<LocList>
<Loc EndOffset="18103" SrcFileId="11" StartOffset="18066"/>
</LocList>
</BasicBoolTerm>
<LocList>
<Loc EndOffset="18066" SrcFileId="11" StartOffset="18065"/>
</LocList>
</OpTerm>
</RootTerm>
</CondStmnt>
</StmntSeq>
<Keyword EndOffset="18017" SrcFileId="11" StartOffset="18014"/>
<LocList>
<Loc EndOffset="18175" SrcFileId="11" StartOffset="18014"/>
</LocList>
<RootTerm CovItemId="C73" CovItemPrefix="com.OriginalFiles.Analyze.java" Intrnl_Id="2070">
<BasicBoolTerm Intrnl_Id="2071">
<LocList>
<Loc EndOffset="18035" SrcFileId="11" StartOffset="18030"/>
</LocList>
</BasicBoolTerm>
</RootTerm>
</LoopStmnt>
</StmntSeq>
<Keyword EndOffset="17962" SrcFileId="11" StartOffset="17959"/>
<LocList>
<Loc EndOffset="18186" SrcFileId="11" StartOffset="17959"/>
</LocList>
<RootTerm CovItemId="C72" CovItemPrefix="com.OriginalFiles.Analyze.java" Intrnl_Id="2072">
<BasicBoolTerm Intrnl_Id="2073">
<LocList>
<Loc EndOffset="17989" SrcFileId="11" StartOffset="17984"/>
</LocList>
</BasicBoolTerm>
</RootTerm>
</LoopStmnt>
<CondStmnt CovItemId="S229" CovItemPrefix="com.OriginalFiles.Analyze.java" Intrnl_Id="2074">
<Branch CovItemId="B138" CovItemPrefix="com.OriginalFiles.Analyze.java" Implct="false" Intrnl_Id="2075">
<Cond/>
<LocList>
<Loc EndOffset="18261" SrcFileId="11" StartOffset="18223"/>
</LocList>
<StmntSeq Intrnl_Id="2076">
<LocList>
<Loc EndOffset="18250" SrcFileId="11" StartOffset="18238"/>
</LocList>
<BasicStmnt CovItemId="S230" CovItemPrefix="com.OriginalFiles.Analyze.java" Intrnl_Id="2077">
<LocList>
<Loc EndOffset="18250" SrcFileId="11" StartOffset="18238"/>
</LocList>
</BasicStmnt>
</StmntSeq>
</Branch>
<Branch CovItemId="B139" CovItemPrefix="com.OriginalFiles.Analyze.java" Implct="true" Intrnl_Id="2078">
<Cond/>
<LocList/>
<StmntSeq Intrnl_Id="2079">
<LocList/>
</StmntSeq>
</Branch>
<Keyword EndOffset="18200" SrcFileId="11" StartOffset="18198"/>
<LocList>
<Loc EndOffset="18261" SrcFileId="11" StartOffset="18198"/>
</LocList>
<RootTerm CovItemId="C75" CovItemPrefix="com.OriginalFiles.Analyze.java" Intrnl_Id="2080">
<BasicBoolTerm Intrnl_Id="2081">
<LocList>
<Loc EndOffset="18221" SrcFileId="11" StartOffset="18202"/>
</LocList>
</BasicBoolTerm>
</RootTerm>
</CondStmnt>
<BasicStmnt CovItemId="S231" CovItemPrefix="com.OriginalFiles.Analyze.java" Intrnl_Id="2082">
<LocList>
<Loc EndOffset="18284" SrcFileId="11" StartOffset="18271"/>
</LocList>
</BasicStmnt>
</StmntSeq>
</HierarchyLvl>
<HierarchyLvl HierarchyLvlId="476" HierarchyLvlTypeId="17" Intrnl_Id="2083" Name="isOnDoubleCorners">
<Header>
<Loc EndOffset="18345" SrcFileId="11" StartOffset="18299"/>
</Header>
<LocList>
<Loc EndOffset="18654" SrcFileId="11" StartOffset="18299"/>
</LocList>
<StmntSeq Intrnl_Id="2084">
<LocList>
<Loc EndOffset="18624" SrcFileId="11" StartOffset="18357"/>
<Loc EndOffset="18647" SrcFileId="11" StartOffset="18634"/>
</LocList>
<CondStmnt CovItemId="S232" CovItemPrefix="com.OriginalFiles.Analyze.java" Intrnl_Id="2085">
<Branch CovItemId="B140" CovItemPrefix="com.OriginalFiles.Analyze.java" Implct="false" Intrnl_Id="2086">
<Cond/>
<LocList>
<Loc EndOffset="18624" SrcFileId="11" StartOffset="18586"/>
</LocList>
<StmntSeq Intrnl_Id="2087">
<LocList>
<Loc EndOffset="18613" SrcFileId="11" StartOffset="18601"/>
</LocList>
<BasicStmnt CovItemId="S233" CovItemPrefix="com.OriginalFiles.Analyze.java" Intrnl_Id="2088">
<LocList>
<Loc EndOffset="18613" SrcFileId="11" StartOffset="18601"/>
</LocList>
</BasicStmnt>
</StmntSeq>
</Branch>
<Branch CovItemId="B141" CovItemPrefix="com.OriginalFiles.Analyze.java" Implct="true" Intrnl_Id="2089">
<Cond/>
<LocList/>
<StmntSeq Intrnl_Id="2090">
<LocList/>
</StmntSeq>
</Branch>
<Keyword EndOffset="18359" SrcFileId="11" StartOffset="18357"/>
<LocList>
<Loc EndOffset="18624" SrcFileId="11" StartOffset="18357"/>
</LocList>
<RootTerm CovItemId="C76" CovItemPrefix="com.OriginalFiles.Analyze.java" Intrnl_Id="2091">
<OpTerm BooleanOpId="14" Intrnl_Id="2092">
<OpTerm BooleanOpId="14" Intrnl_Id="2093">
<OpTerm BooleanOpId="14" Intrnl_Id="2094">
<OpTerm BooleanOpId="13" Intrnl_Id="2095">
<BasicBoolTerm Intrnl_Id="2096">
<LocList>
<Loc EndOffset="18379" SrcFileId="11" StartOffset="18362"/>
</LocList>
</BasicBoolTerm>
<BasicBoolTerm Intrnl_Id="2097">
<LocList>
<Loc EndOffset="18400" SrcFileId="11" StartOffset="18383"/>
</LocList>
</BasicBoolTerm>
<LocList>
<Loc EndOffset="18382" SrcFileId="11" StartOffset="18380"/>
</LocList>
</OpTerm>
<OpTerm BooleanOpId="13" Intrnl_Id="2098">
<BasicBoolTerm Intrnl_Id="2099">
<LocList>
<Loc EndOffset="18440" SrcFileId="11" StartOffset="18423"/>
</LocList>
</BasicBoolTerm>
<BasicBoolTerm Intrnl_Id="2100">
<LocList>
<Loc EndOffset="18461" SrcFileId="11" StartOffset="18444"/>
</LocList>
</BasicBoolTerm>
<LocList>
<Loc EndOffset="18443" SrcFileId="11" StartOffset="18441"/>
</LocList>
</OpTerm>
<LocList>
<Loc EndOffset="18421" SrcFileId="11" StartOffset="18419"/>
</LocList>
</OpTerm>
<OpTerm BooleanOpId="13" Intrnl_Id="2101">
<BasicBoolTerm Intrnl_Id="2102">
<LocList>
<Loc EndOffset="18501" SrcFileId="11" StartOffset="18484"/>
</LocList>
</BasicBoolTerm>
<BasicBoolTerm Intrnl_Id="2103">
<LocList>
<Loc EndOffset="18522" SrcFileId="11" StartOffset="18505"/>
</LocList>
</BasicBoolTerm>
<LocList>
<Loc EndOffset="18504" SrcFileId="11" StartOffset="18502"/>
</LocList>
</OpTerm>
<LocList>
<Loc EndOffset="18482" SrcFileId="11" StartOffset="18480"/>
</LocList>
</OpTerm>
<OpTerm BooleanOpId="13" Intrnl_Id="2104">
<BasicBoolTerm Intrnl_Id="2105">
<LocList>
<Loc EndOffset="18562" SrcFileId="11" StartOffset="18545"/>
</LocList>
</BasicBoolTerm>
<BasicBoolTerm Intrnl_Id="2106">
<LocList>
<Loc EndOffset="18583" SrcFileId="11" StartOffset="18566"/>
</LocList>
</BasicBoolTerm>
<LocList>
<Loc EndOffset="18565" SrcFileId="11" StartOffset="18563"/>
</LocList>
</OpTerm>
<LocList>
<Loc EndOffset="18543" SrcFileId="11" StartOffset="18541"/>
</LocList>
</OpTerm>
</RootTerm>
</CondStmnt>
<BasicStmnt CovItemId="S234" CovItemPrefix="com.OriginalFiles.Analyze.java" Intrnl_Id="2107">
<LocList>
<Loc EndOffset="18647" SrcFileId="11" StartOffset="18634"/>
</LocList>
</BasicStmnt>
</StmntSeq>
</HierarchyLvl>
<HierarchyLvl HierarchyLvlId="477" HierarchyLvlTypeId="17" Intrnl_Id="2108" Name="isNearDoubleCorners">
<Header>
<Loc EndOffset="18710" SrcFileId="11" StartOffset="18662"/>
</Header>
<LocList>
<Loc EndOffset="19263" SrcFileId="11" StartOffset="18662"/>
</LocList>
<StmntSeq Intrnl_Id="2109">
<LocList>
<Loc EndOffset="19233" SrcFileId="11" StartOffset="18722"/>
<Loc EndOffset="19256" SrcFileId="11" StartOffset="19243"/>
</LocList>
<CondStmnt CovItemId="S235" CovItemPrefix="com.OriginalFiles.Analyze.java" Intrnl_Id="2110">
<Branch CovItemId="B142" CovItemPrefix="com.OriginalFiles.Analyze.java" Implct="false" Intrnl_Id="2111">
<Cond/>
<LocList>
<Loc EndOffset="19233" SrcFileId="11" StartOffset="19195"/>
</LocList>
<StmntSeq Intrnl_Id="2112">
<LocList>
<Loc EndOffset="19222" SrcFileId="11" StartOffset="19210"/>
</LocList>
<BasicStmnt CovItemId="S236" CovItemPrefix="com.OriginalFiles.Analyze.java" Intrnl_Id="2113">
<LocList>
<Loc EndOffset="19222" SrcFileId="11" StartOffset="19210"/>
</LocList>
</BasicStmnt>
</StmntSeq>
</Branch>
<Branch CovItemId="B143" CovItemPrefix="com.OriginalFiles.Analyze.java" Implct="true" Intrnl_Id="2114">
<Cond/>
<LocList/>
<StmntSeq Intrnl_Id="2115">
<LocList/>
</StmntSeq>
</Branch>
<Keyword EndOffset="18724" SrcFileId="11" StartOffset="18722"/>
<LocList>
<Loc EndOffset="19233" SrcFileId="11" StartOffset="18722"/>
</LocList>
<RootTerm CovItemId="C77" CovItemPrefix="com.OriginalFiles.Analyze.java" Intrnl_Id="2116">
<OpTerm BooleanOpId="14" Intrnl_Id="2117">
<OpTerm BooleanOpId="14" Intrnl_Id="2118">
<OpTerm BooleanOpId="14" Intrnl_Id="2119">
<OpTerm BooleanOpId="14" Intrnl_Id="2120">
<OpTerm BooleanOpId="14" Intrnl_Id="2121">
<OpTerm BooleanOpId="14" Intrnl_Id="2122">
<OpTerm BooleanOpId="14" Intrnl_Id="2123">
<OpTerm BooleanOpId="13" Intrnl_Id="2124">
<BasicBoolTerm Intrnl_Id="2125">
<LocList>
<Loc EndOffset="18744" SrcFileId="11" StartOffset="18727"/>
</LocList>
</BasicBoolTerm>
<BasicBoolTerm Intrnl_Id="2126">
<LocList>
<Loc EndOffset="18765" SrcFileId="11" StartOffset="18748"/>
</LocList>
</BasicBoolTerm>
<LocList>
<Loc EndOffset="18747" SrcFileId="11" StartOffset="18745"/>
</LocList>
</OpTerm>
<OpTerm BooleanOpId="13" Intrnl_Id="2127">
<BasicBoolTerm Intrnl_Id="2128">
<LocList>
<Loc EndOffset="18805" SrcFileId="11" StartOffset="18788"/>
</LocList>
</BasicBoolTerm>
<BasicBoolTerm Intrnl_Id="2129">
<LocList>
<Loc EndOffset="18826" SrcFileId="11" StartOffset="18809"/>
</LocList>
</BasicBoolTerm>
<LocList>
<Loc EndOffset="18808" SrcFileId="11" StartOffset="18806"/>
</LocList>
</OpTerm>
<LocList>
<Loc EndOffset="18786" SrcFileId="11" StartOffset="18784"/>
</LocList>
</OpTerm>
<OpTerm BooleanOpId="13" Intrnl_Id="2130">
<BasicBoolTerm Intrnl_Id="2131">
<LocList>
<Loc EndOffset="18866" SrcFileId="11" StartOffset="18849"/>
</LocList>
</BasicBoolTerm>
<BasicBoolTerm Intrnl_Id="2132">
<LocList>
<Loc EndOffset="18887" SrcFileId="11" StartOffset="18870"/>
</LocList>
</BasicBoolTerm>
<LocList>
<Loc EndOffset="18869" SrcFileId="11" StartOffset="18867"/>
</LocList>
</OpTerm>
<LocList>
<Loc EndOffset="18847" SrcFileId="11" StartOffset="18845"/>
</LocList>
</OpTerm>
<OpTerm BooleanOpId="13" Intrnl_Id="2133">
<BasicBoolTerm Intrnl_Id="2134">
<LocList>
<Loc EndOffset="18927" SrcFileId="11" StartOffset="18910"/>
</LocList>
</BasicBoolTerm>
<BasicBoolTerm Intrnl_Id="2135">
<LocList>
<Loc EndOffset="18948" SrcFileId="11" StartOffset="18931"/>
</LocList>
</BasicBoolTerm>
<LocList>
<Loc EndOffset="18930" SrcFileId="11" StartOffset="18928"/>
</LocList>
</OpTerm>
<LocList>
<Loc EndOffset="18908" SrcFileId="11" StartOffset="18906"/>
</LocList>
</OpTerm>
<OpTerm BooleanOpId="13" Intrnl_Id="2136">
<BasicBoolTerm Intrnl_Id="2137">
<LocList>
<Loc EndOffset="18988" SrcFileId="11" StartOffset="18971"/>
</LocList>
</BasicBoolTerm>
<BasicBoolTerm Intrnl_Id="2138">
<LocList>
<Loc EndOffset="19009" SrcFileId="11" StartOffset="18992"/>
</LocList>
</BasicBoolTerm>
<LocList>
<Loc EndOffset="18991" SrcFileId="11" StartOffset="18989"/>
</LocList>
</OpTerm>
<LocList>
<Loc EndOffset="18969" SrcFileId="11" StartOffset="18967"/>
</LocList>
</OpTerm>
<OpTerm BooleanOpId="13" Intrnl_Id="2139">
<BasicBoolTerm Intrnl_Id="2140">
<LocList>
<Loc EndOffset="19049" SrcFileId="11" StartOffset="19032"/>
</LocList>
</BasicBoolTerm>
<BasicBoolTerm Intrnl_Id="2141">
<LocList>
<Loc EndOffset="19070" SrcFileId="11" StartOffset="19053"/>
</LocList>
</BasicBoolTerm>
<LocList>
<Loc EndOffset="19052" SrcFileId="11" StartOffset="19050"/>
</LocList>
</OpTerm>
<LocList>
<Loc EndOffset="19030" SrcFileId="11" StartOffset="19028"/>
</LocList>
</OpTerm>
<OpTerm BooleanOpId="13" Intrnl_Id="2142">
<BasicBoolTerm Intrnl_Id="2143">
<LocList>
<Loc EndOffset="19110" SrcFileId="11" StartOffset="19093"/>
</LocList>
</BasicBoolTerm>
<BasicBoolTerm Intrnl_Id="2144">
<LocList>
<Loc EndOffset="19131" SrcFileId="11" StartOffset="19114"/>
</LocList>
</BasicBoolTerm>
<LocList>
<Loc EndOffset="19113" SrcFileId="11" StartOffset="19111"/>
</LocList>
</OpTerm>
<LocList>
<Loc EndOffset="19091" SrcFileId="11" StartOffset="19089"/>
</LocList>
</OpTerm>
<OpTerm BooleanOpId="13" Intrnl_Id="2145">
<BasicBoolTerm Intrnl_Id="2146">
<LocList>
<Loc EndOffset="19171" SrcFileId="11" StartOffset="19154"/>
</LocList>
</BasicBoolTerm>
<BasicBoolTerm Intrnl_Id="2147">
<LocList>
<Loc EndOffset="19192" SrcFileId="11" StartOffset="19175"/>
</LocList>
</BasicBoolTerm>
<LocList>
<Loc EndOffset="19174" SrcFileId="11" StartOffset="19172"/>
</LocList>
</OpTerm>
<LocList>
<Loc EndOffset="19152" SrcFileId="11" StartOffset="19150"/>
</LocList>
</OpTerm>
</RootTerm>
</CondStmnt>
<BasicStmnt CovItemId="S237" CovItemPrefix="com.OriginalFiles.Analyze.java" Intrnl_Id="2148">
<LocList>
<Loc EndOffset="19256" SrcFileId="11" StartOffset="19243"/>
</LocList>
</BasicStmnt>
</StmntSeq>
</HierarchyLvl>
</HierarchyLvl>
</HierarchyLvl>
</HierarchyLvl>
</HierarchyLvl>
</MASTRoot>
</TestSessionContainer>
