<?xml version="1.0" encoding="UTF-8"?><TestSessionContainer xmlns="http://www.codecover.org/xml/testsession-container" Date="1386063621739" TestSessionContainerId="56fae3a8-544d-4003-82c9-0cc8260d1513" version="1.0">
<SrcFileList>
<SrcFile Content="package com.OriginalFiles;&#13;&#10;&#13;&#10;import com.CustomClasses.Color;&#13;&#10;&#13;&#10;import custom.Exceptions.NoKingLeft;&#13;&#10;&#13;&#10;import java.io.IOException;&#13;&#10;import java.util.ArrayList;&#13;&#10;import java.util.List;&#13;&#10;&#13;&#10;public class RemoteNXTFunctions {&#13;&#10;    public Board checkersBoard;&#13;&#10;    public int analyzeTestVariable = 0;&#13;&#10;    public boolean analyzeresetMotorsTestVariable = false;&#13;&#10;&#13;&#10;    public RemoteNXTFunctions() throws InterruptedException, IOException {&#13;&#10;        checkersBoard = new Board(this);&#13;&#10;    }&#13;&#10;    public void resetMotors() {&#13;&#10;        analyzeresetMotorsTestVariable = true;&#13;&#10;    }&#13;&#10;&#13;&#10;    public void trashPieceOnField(Field field) {&#13;&#10;        field.setPieceOnField(null);&#13;&#10;        &#13;&#10;    }&#13;&#10;&#13;&#10;    public void doMove(Move move) throws IOException, NoKingLeft {&#13;&#10;        List&lt;Field&gt; takenPieces = new ArrayList&lt;Field&gt;();&#13;&#10;&#13;&#10;        int stop = move.moves.size() - 1;&#13;&#10;        for (int i = 0; i &lt; stop; i++) {&#13;&#10;            Field jumpedField = movePieceOverField(move.moves.get(i),&#13;&#10;                                                   move.moves.get(i + 1));&#13;&#10;            if (jumpedField != null) {&#13;&#10;                takenPieces.add(jumpedField);&#13;&#10;            }&#13;&#10;        }&#13;&#10;&#13;&#10;        for (int i = 0; i &lt; takenPieces.size(); i++) {&#13;&#10;            trashPieceOnField(takenPieces.get(i));&#13;&#10;        }&#13;&#10;        &#13;&#10;    }&#13;&#10;    private Field movePieceOverField(Field fromField, Field toField)&#13;&#10;            throws IOException, NoKingLeft {&#13;&#10;        movePiece(fromField, toField);&#13;&#10;&#13;&#10;        if (checkersBoard.checkBounds(fromField.x, fromField.y)&#13;&#10;                &amp;&amp; Math.abs(fromField.x - toField.x) == 2) {&#13;&#10;            return checkersBoard.myBoard[(fromField.x + toField.x) / 2]&#13;&#10;                                        [(fromField.y + toField.y) / 2];&#13;&#10;        } else {&#13;&#10;            return null;&#13;&#10;        }&#13;&#10;    }&#13;&#10;    private void movePiece(Field fromField, Field toField)&#13;&#10;            throws IOException, NoKingLeft {&#13;&#10;        checkersBoard.movePieceInRepresentation(fromField, toField, false);&#13;&#10;    }&#13;&#10;&#13;&#10;    public void waitForRedButton() {&#13;&#10;        // TODO Auto-generated method stub&#13;&#10;&#13;&#10;    }&#13;&#10;&#13;&#10;    public void initColorSensor() {&#13;&#10;        // TODO Auto-generated method stub&#13;&#10;&#13;&#10;    }&#13;&#10;&#13;&#10;    public final Color getColorOnField(int x, int y) {&#13;&#10;        Color output = new Color();&#13;&#10;        &#13;&#10;        if(analyzeTestVariable == 0) {&#13;&#10;            if(x == 0 &amp;&amp; y == 1)&#13;&#10;            {&#13;&#10;                output.setColor('r');&#13;&#10;            } else if (x == 2 &amp;&amp; y == 5) {&#13;&#10;                output.setColor(' ');&#13;&#10;            } else if (x == 1 &amp;&amp; y == 4) {&#13;&#10;                output.setColor('w');&#13;&#10;            } else if (checkersBoard.myBoard[x][y].getPieceOnField() != null) {&#13;&#10;                output.setColor(checkersBoard.myBoard[x][y].getPieceOnField().color);&#13;&#10;            } else {&#13;&#10;                output.setColor(' ');&#13;&#10;            }&#13;&#10;        }&#13;&#10;        else {&#13;&#10;            // made to reset totalAnalyzeRuns&#13;&#10;            if(analyzeTestVariable == 100) {&#13;&#10;                if(x == 3 &amp;&amp; y == 2)&#13;&#10;                {&#13;&#10;                    output.setColor(' ');&#13;&#10;                }&#13;&#10;                else if(x == 4 &amp;&amp; y == 1)&#13;&#10;                {&#13;&#10;                    output.setColor('g');&#13;&#10;                } else if (checkersBoard.myBoard[x][y].getPieceOnField() != null) {&#13;&#10;                    output.setColor(checkersBoard.myBoard[x][y].getPieceOnField().color);&#13;&#10;                } else {&#13;&#10;                    output.setColor(' ');&#13;&#10;                }&#13;&#10;            }&#13;&#10;            // made to reset totalAnalyzeRuns&#13;&#10;            if(analyzeTestVariable == 101) {&#13;&#10;                if(x == 3 &amp;&amp; y == 2)&#13;&#10;                {&#13;&#10;                    output.setColor('g');&#13;&#10;                }&#13;&#10;                else if(x == 4 &amp;&amp; y == 1)&#13;&#10;                {&#13;&#10;                    output.setColor(' ');&#13;&#10;                } else if (checkersBoard.myBoard[x][y].getPieceOnField() != null) {&#13;&#10;                    output.setColor(checkersBoard.myBoard[x][y].getPieceOnField().color);&#13;&#10;                } else {&#13;&#10;                    output.setColor(' ');&#13;&#10;                }&#13;&#10;            }&#13;&#10;&#13;&#10;            if(analyzeTestVariable == 1) {&#13;&#10;                if(x == 1 &amp;&amp; y == 4)&#13;&#10;                {&#13;&#10;                    output.setColor('w');&#13;&#10;                }&#13;&#10;                else if(x == 0 &amp;&amp; y == 5)&#13;&#10;                {&#13;&#10;                    output.setColor(' ');&#13;&#10;                } else if (checkersBoard.myBoard[x][y].getPieceOnField() != null) {&#13;&#10;                    output.setColor(checkersBoard.myBoard[x][y].getPieceOnField().color);&#13;&#10;                } else {&#13;&#10;                    output.setColor(' ');&#13;&#10;                }&#13;&#10;            }&#13;&#10;            else if (analyzeTestVariable == 2) {&#13;&#10;                if(x == 2 &amp;&amp; y == 5)&#13;&#10;                {&#13;&#10;                    output.setColor(' ');&#13;&#10;                }&#13;&#10;                else if(x == 3 &amp;&amp; y == 4) {&#13;&#10;                    output.setColor(' ');&#13;&#10;                }&#13;&#10;                else if(x == 4 &amp;&amp; y == 3)&#13;&#10;                {&#13;&#10;                    output.setColor('w');&#13;&#10;                } else if (checkersBoard.myBoard[x][y].getPieceOnField() != null) {&#13;&#10;                    output.setColor(checkersBoard.myBoard[x][y].getPieceOnField().color);&#13;&#10;                } else {&#13;&#10;                    output.setColor(' ');&#13;&#10;                }&#13;&#10;            }&#13;&#10;            else if (analyzeTestVariable == 3) {&#13;&#10;                if(x == 2 &amp;&amp; y == 3) {&#13;&#10;                    output.setColor(' ');&#13;&#10;                } else if (checkersBoard.myBoard[x][y].getPieceOnField() != null) {&#13;&#10;                    output.setColor(checkersBoard.myBoard[x][y].getPieceOnField().color);&#13;&#10;                } else {&#13;&#10;                    output.setColor(' ');&#13;&#10;                }&#13;&#10;            }&#13;&#10;            else if (analyzeTestVariable == 4) {&#13;&#10;                if(x == 0 &amp;&amp; y == 1) {&#13;&#10;                    output.setColor('w');&#13;&#10;                } else if (checkersBoard.myBoard[x][y].getPieceOnField() != null) {&#13;&#10;                    output.setColor(checkersBoard.myBoard[x][y].getPieceOnField().color);&#13;&#10;                } else {&#13;&#10;                    output.setColor(' ');&#13;&#10;                }&#13;&#10;            }&#13;&#10;            else if (analyzeTestVariable == 5) {&#13;&#10;                if(x == 5 &amp;&amp; y == 4) {&#13;&#10;                    output.setColor(' ');&#13;&#10;                } else if(x == 4 &amp;&amp; y == 3) {&#13;&#10;                    output.setColor('g');&#13;&#10;                } else if (checkersBoard.myBoard[x][y].getPieceOnField() != null) {&#13;&#10;                    output.setColor(checkersBoard.myBoard[x][y].getPieceOnField().color);&#13;&#10;                } else {&#13;&#10;                    output.setColor(' ');&#13;&#10;                }&#13;&#10;            }&#13;&#10;            else if (analyzeTestVariable == 6) {&#13;&#10;                if(x == 5 &amp;&amp; y == 4) {&#13;&#10;                    output.setColor(' ');&#13;&#10;                } else if(x == 6 &amp;&amp; y == 3) {&#13;&#10;                    output.setColor('g');&#13;&#10;                } else if (checkersBoard.myBoard[x][y].getPieceOnField() != null) {&#13;&#10;                    output.setColor(checkersBoard.myBoard[x][y].getPieceOnField().color);&#13;&#10;                } else {&#13;&#10;                    output.setColor(' ');&#13;&#10;                }&#13;&#10;            }&#13;&#10;            else if (analyzeTestVariable == 7) {&#13;&#10;                if(x == 5 &amp;&amp; y == 4) {&#13;&#10;                    output.setColor(' ');&#13;&#10;                } else if(x == 4 &amp;&amp; y == 5) {&#13;&#10;                    output.setColor('g');&#13;&#10;                } else if (checkersBoard.myBoard[x][y].getPieceOnField() != null) {&#13;&#10;                    output.setColor(checkersBoard.myBoard[x][y].getPieceOnField().color);&#13;&#10;                } else {&#13;&#10;                    output.setColor(' ');&#13;&#10;                }&#13;&#10;            }&#13;&#10;            else if (analyzeTestVariable == 8) {&#13;&#10;                if(x == 5 &amp;&amp; y == 4) {&#13;&#10;                    output.setColor(' ');&#13;&#10;                } else if(x == 6 &amp;&amp; y == 5) {&#13;&#10;                    output.setColor('g');&#13;&#10;                } else if (checkersBoard.myBoard[x][y].getPieceOnField() != null) {&#13;&#10;                    output.setColor(checkersBoard.myBoard[x][y].getPieceOnField().color);&#13;&#10;                } else {&#13;&#10;                    output.setColor(' ');&#13;&#10;                }&#13;&#10;            }&#13;&#10;            else if (analyzeTestVariable == 9) {&#13;&#10;                if(x == 5 &amp;&amp; y == 4) {&#13;&#10;                    output.setColor(' ');&#13;&#10;                } else if(x == 4 &amp;&amp; y == 3) {&#13;&#10;                    output.setColor('g');&#13;&#10;                } else if(x == 5 &amp;&amp; y == 2) {&#13;&#10;                    output.setColor(' ');&#13;&#10;                } else if (checkersBoard.myBoard[x][y].getPieceOnField() != null) {&#13;&#10;                    output.setColor(checkersBoard.myBoard[x][y].getPieceOnField().color);&#13;&#10;                } else {&#13;&#10;                    output.setColor(' ');&#13;&#10;                }&#13;&#10;            } else if (analyzeTestVariable == 10) {&#13;&#10;                if(x == 5 &amp;&amp; y == 4) {&#13;&#10;                    output.setColor(' ');&#13;&#10;                } else if(x == 6 &amp;&amp; y == 3) {&#13;&#10;                    output.setColor('g');&#13;&#10;                } else if(x == 5 &amp;&amp; y == 2) {&#13;&#10;                    output.setColor(' ');&#13;&#10;                } else if (checkersBoard.myBoard[x][y].getPieceOnField() != null) {&#13;&#10;                    output.setColor(checkersBoard.myBoard[x][y].getPieceOnField().color);&#13;&#10;                } else {&#13;&#10;                    output.setColor(' ');&#13;&#10;                }&#13;&#10;            } else if (analyzeTestVariable == 11) {&#13;&#10;                if(x == 5 &amp;&amp; y == 4) {&#13;&#10;                    output.setColor(' ');&#13;&#10;                } else if(x == 4 &amp;&amp; y == 5) {&#13;&#10;                    output.setColor('g');&#13;&#10;                } else if(x == 5 &amp;&amp; y == 6) {&#13;&#10;                    output.setColor(' ');&#13;&#10;                } else if (checkersBoard.myBoard[x][y].getPieceOnField() != null) {&#13;&#10;                    output.setColor(checkersBoard.myBoard[x][y].getPieceOnField().color);&#13;&#10;                } else {&#13;&#10;                    output.setColor(' ');&#13;&#10;                }&#13;&#10;            } else if (analyzeTestVariable == 12) {&#13;&#10;                if(x == 5 &amp;&amp; y == 4) {&#13;&#10;                    output.setColor(' ');&#13;&#10;                } else if(x == 6 &amp;&amp; y == 5) {&#13;&#10;                    output.setColor('g');&#13;&#10;                } else if(x == 5 &amp;&amp; y == 6) {&#13;&#10;                    output.setColor(' ');&#13;&#10;                } else if (checkersBoard.myBoard[x][y].getPieceOnField() != null) {&#13;&#10;                    output.setColor(checkersBoard.myBoard[x][y].getPieceOnField().color);&#13;&#10;                } else {&#13;&#10;                    output.setColor(' ');&#13;&#10;                }&#13;&#10;            } else if (analyzeTestVariable == 13) {&#13;&#10;                if(x == 4 &amp;&amp; y == 1) {&#13;&#10;                    output.setColor(' ');&#13;&#10;                } else if(x == 3 &amp;&amp; y == 0) {&#13;&#10;                    output.setColor('w');&#13;&#10;                } else if (checkersBoard.myBoard[x][y].getPieceOnField() != null) {&#13;&#10;                    output.setColor(checkersBoard.myBoard[x][y].getPieceOnField().color);&#13;&#10;                } else {&#13;&#10;                    output.setColor(' ');&#13;&#10;                }&#13;&#10;            } else if (analyzeTestVariable == 14) {&#13;&#10;                if(x == 2 &amp;&amp; y == 7) {&#13;&#10;                    output.setColor('b');&#13;&#10;                } else if (checkersBoard.myBoard[x][y].getPieceOnField() != null) {&#13;&#10;                    output.setColor(checkersBoard.myBoard[x][y].getPieceOnField().color);&#13;&#10;                } else {&#13;&#10;                    output.setColor(' ');&#13;&#10;                }&#13;&#10;            }&#13;&#10;        }&#13;&#10;        &#13;&#10;        return output;&#13;&#10;    }&#13;&#10;&#13;&#10;}&#13;&#10;" Filename="RemoteNXTFunctions.java" Intrnl_Id="1"/>
<SrcFile Content="package com.OriginalFiles;&#13;&#10;&#13;&#10;public class Piece {&#13;&#10;    private int x = -1, y = -1;&#13;&#10;    public char color;&#13;&#10;    public boolean isMoveable = false;&#13;&#10;    public boolean canJump = false;&#13;&#10;    public boolean isCrowned = false;&#13;&#10;    private double currentValue = 0;&#13;&#10;    private int calculatedGameState = 0;&#13;&#10;    private final int isMidgame = 1;&#13;&#10;    private final int isEndgame = 2;&#13;&#10;    private Board checkersBoard;&#13;&#10;&#13;&#10;    private final int valueOfPiece = 10;&#13;&#10;    private final int middleBonus = 3;&#13;&#10;    private final int closeBonus = 4;&#13;&#10;    private final int backlineBonus = 7;&#13;&#10;    private final int kingBonus = 15;&#13;&#10;&#13;&#10;    public Piece(Board input) {&#13;&#10;        checkersBoard = input;&#13;&#10;    }&#13;&#10;&#13;&#10;    public final int getY() {&#13;&#10;        return y;&#13;&#10;    }&#13;&#10;&#13;&#10;    public final int getX() {&#13;&#10;        return x;&#13;&#10;    }&#13;&#10;&#13;&#10;    public final void setXY(int inputX, int inputY) {&#13;&#10;        x = inputX;&#13;&#10;        y = inputY;&#13;&#10;        updatePriceMidgame();&#13;&#10;    }&#13;&#10;&#13;&#10;    private boolean isOnBoard() {&#13;&#10;        if (checkersBoard.checkBounds(x, y)) {&#13;&#10;            return true;&#13;&#10;        } else {&#13;&#10;            currentValue = 0;&#13;&#10;            return false;&#13;&#10;        }&#13;&#10;    }&#13;&#10;&#13;&#10;    public final double priceForPiece(int gameState) {&#13;&#10;        if (calculatedGameState != gameState || gameState == isEndgame) {&#13;&#10;                updatePrice(gameState);&#13;&#10;        }&#13;&#10;        return currentValue;&#13;&#10;    }&#13;&#10;&#13;&#10;    private int min(int a, int b) {&#13;&#10;        if (a &lt; b) {&#13;&#10;            return a;&#13;&#10;        }&#13;&#10;        return b;&#13;&#10;    }&#13;&#10;&#13;&#10;    private void updatePriceMidgame() {&#13;&#10;        updatePrice(isMidgame);&#13;&#10;    }&#13;&#10;&#13;&#10;    private void updatePrice(int gameState) {&#13;&#10;        if (isOnBoard()) {&#13;&#10;            calculatedGameState = gameState;&#13;&#10;            int returnValue = valueOfPiece;&#13;&#10;            if (gameState == isMidgame) {&#13;&#10;                returnValue += middleBonus&#13;&#10;                        - min(Math.abs(3 - x), Math.abs(4 - x));&#13;&#10;            }&#13;&#10;            if (gameState == isEndgame) {&#13;&#10;                returnValue += closeBonus - closestPiece();&#13;&#10;            }&#13;&#10;&#13;&#10;            if (!isCrowned&#13;&#10;                    &amp;&amp; ((checkersBoard.checkAllegiance(this, true)&#13;&#10;                            &amp;&amp; y == 7)&#13;&#10;                    || (checkersBoard.checkAllegiance(this, false)&#13;&#10;                            &amp;&amp; y == 0))) {&#13;&#10;                if (gameState == isMidgame) {&#13;&#10;                    returnValue += backlineBonus / 2;&#13;&#10;                }&#13;&#10;                returnValue += backlineBonus / 2;&#13;&#10;            }&#13;&#10;            if (isCrowned) {&#13;&#10;                returnValue += kingBonus;&#13;&#10;            }&#13;&#10;            currentValue = returnValue;&#13;&#10;        }&#13;&#10;    }&#13;&#10;&#13;&#10;    private int closestPiece() {&#13;&#10;        boolean found = false;&#13;&#10;        int distance = 0;&#13;&#10;        while (!found &amp;&amp; distance &lt; 8) {&#13;&#10;            distance += 1;&#13;&#10;            OUTERMOST: for (int i = -distance; i &lt; 1 + distance; i++) {&#13;&#10;                for (int j = -distance; j &lt; 1 + distance; j++) {&#13;&#10;                    if (checkersBoard.&#13;&#10;                            checkBounds(x + i, y + j)) {&#13;&#10;                        if (checkersBoard.checkAllegiance(&#13;&#10;                                checkersBoard.&#13;&#10;                                myBoard[x + i][y + j], true)) {&#13;&#10;                            found = true;&#13;&#10;                            break OUTERMOST;&#13;&#10;                        }&#13;&#10;                    }&#13;&#10;                }&#13;&#10;            }&#13;&#10;        }&#13;&#10;        return distance;&#13;&#10;    }&#13;&#10;}" Filename="Piece.java" Intrnl_Id="2"/>
<SrcFile Content="package com.OriginalFiles;&#13;&#10;&#13;&#10;import java.util.ArrayList;&#13;&#10;import java.util.List;&#13;&#10;&#13;&#10;public class Move {&#13;&#10;    public List&lt;Field&gt; moves;&#13;&#10;    //public boolean isJump;&#13;&#10;    public List&lt;Piece&gt; takenPieces = new ArrayList&lt;Piece&gt;();&#13;&#10;    public boolean wasKingBefore = false;&#13;&#10;&#13;&#10;    public Move(Field movefrom, Field moveto, boolean wasKing) {&#13;&#10;        List&lt;Field&gt; moveToList = new ArrayList&lt;Field&gt;();&#13;&#10;        moveToList.add(movefrom);&#13;&#10;        moveToList.add(moveto);&#13;&#10;        this.moves = moveToList;&#13;&#10;        this.wasKingBefore = wasKing;&#13;&#10;    }&#13;&#10;&#13;&#10;    public Move(List&lt;Field&gt; moveToList, boolean wasKing) {&#13;&#10;        this.moves = moveToList;&#13;&#10;        this.wasKingBefore = wasKing;&#13;&#10;    }&#13;&#10;&#13;&#10;    public Move() {&#13;&#10;        List&lt;Field&gt; moveToList = new ArrayList&lt;Field&gt;();&#13;&#10;        this.moves = moveToList;&#13;&#10;    }&#13;&#10;&#13;&#10;    public final boolean isJump() {&#13;&#10;        if (moves.size() &gt;= 2) {&#13;&#10;            Field to = moves.get(1);&#13;&#10;            Field from  = moves.get(0);&#13;&#10;&#13;&#10;            return Math.abs(from.x - to.x) == 2 &amp;&amp; Math.abs(from.y - to.y) == 2;&#13;&#10;        } else {&#13;&#10;            return false;&#13;&#10;        }&#13;&#10;    }&#13;&#10;&#13;&#10;    public final void addStep(Field step) {&#13;&#10;        this.moves.add(step);&#13;&#10;    }&#13;&#10;}&#13;&#10;&#13;&#10;" Filename="Move.java" Intrnl_Id="3"/>
<SrcFile Content="package com.OriginalFiles;&#13;&#10;&#13;&#10;import java.io.IOException;&#13;&#10;import java.util.ArrayList;&#13;&#10;import java.util.List;&#13;&#10;import custom.Exceptions.NoKingLeft;&#13;&#10;&#13;&#10;public class MI {&#13;&#10;    public RemoteNXTFunctions remoteNXT;&#13;&#10;    private final double inf = 100000.0;&#13;&#10;    private List&lt;Move&gt; simulatedMoves = new ArrayList&lt;Move&gt;();&#13;&#10;    public MI(RemoteNXTFunctions inputRemoteNXT) {&#13;&#10;        remoteNXT = inputRemoteNXT;&#13;&#10;        updatePieceList();&#13;&#10;&#13;&#10;    }&#13;&#10;&#13;&#10;    List&lt;Piece&gt; ownPieces = new ArrayList&lt;Piece&gt;();&#13;&#10;    List&lt;Piece&gt; oppPieces = new ArrayList&lt;Piece&gt;();&#13;&#10;&#13;&#10;    private void updatePieceList() {&#13;&#10;        ownPieces.clear();&#13;&#10;        oppPieces.clear();&#13;&#10;        for (Field[] f: remoteNXT.checkersBoard.myBoard) {&#13;&#10;            for (Field q: f) {&#13;&#10;                if (!q.isEmpty()) {&#13;&#10;                    if (remoteNXT.checkersBoard.checkAllegiance(q, false)) {&#13;&#10;                        ownPieces.add(q.getPieceOnField());&#13;&#10;                    } else {&#13;&#10;                        oppPieces.add(q.getPieceOnField());&#13;&#10;                    }&#13;&#10;                }&#13;&#10;            }&#13;&#10;        }&#13;&#10;    }&#13;&#10;&#13;&#10;    /* ------------------------------------------------------------------  *&#13;&#10;    /* MI brain starts */&#13;&#10;&#13;&#10;    public final Move lookForBestMove() throws NoKingLeft, IOException,&#13;&#10;                                         InterruptedException {&#13;&#10;        updatePieceList();&#13;&#10;        List&lt;Move&gt; posMoves = possibleMoves(1);&#13;&#10;        List&lt;Move&gt; bestMoves = new ArrayList&lt;Move&gt;();&#13;&#10;        double price = -inf;&#13;&#10;        double tempPrice;&#13;&#10;&#13;&#10;        if (posMoves.size() == 1) {&#13;&#10;            return posMoves.get(0);&#13;&#10;        }&#13;&#10;&#13;&#10;        for (Move move : posMoves) {&#13;&#10;            simulateMove(move);&#13;&#10;&#13;&#10;            tempPrice =  -negaMax(numberofmovelook, -1, -inf, -price);&#13;&#10;            revertMove();&#13;&#10;&#13;&#10;            if (tempPrice &gt; price) {&#13;&#10;                price = tempPrice;&#13;&#10;                bestMoves.clear();&#13;&#10;                bestMoves.add(move);&#13;&#10;            } else if (tempPrice == price) {&#13;&#10;                bestMoves.add(move);&#13;&#10;            }&#13;&#10;        }&#13;&#10;        return bestMoves.get((int) (Math.random() * (bestMoves.size() - 1)));&#13;&#10;    }&#13;&#10;&#13;&#10;&#13;&#10;    private double negaMax(int depth, int turn, double alpha, double beta)&#13;&#10;            throws NoKingLeft, IOException, InterruptedException {&#13;&#10;      //latex start negaMax&#13;&#10;        if (depth == 0&#13;&#10;                || remoteNXT.checkersBoard.analyzeFunctions.&#13;&#10;                gameHasEnded(-1 == turn) != 0) {&#13;&#10;            return turn * evaluation(turn);&#13;&#10;        }&#13;&#10;        List&lt;Move&gt; moves;&#13;&#10;        moves = possibleMoves(turn);&#13;&#10;&#13;&#10;        double bestValue = -inf;&#13;&#10;        for (Move move : moves) {&#13;&#10;            simulateMove(move);&#13;&#10;            double newPrice = -negaMax(depth - 1, -turn, -beta, -alpha);&#13;&#10;            revertMove();&#13;&#10;&#13;&#10;            bestValue = max(bestValue, newPrice);&#13;&#10;            alpha = max(alpha, newPrice);&#13;&#10;            if (alpha &gt;= beta) {&#13;&#10;                break;&#13;&#10;            }&#13;&#10;        }&#13;&#10;        //latex end&#13;&#10;        return bestValue;&#13;&#10;    }&#13;&#10;    /* how much the AI/MI looks forward */&#13;&#10;    private int numberofmovelook = 2;&#13;&#10;&#13;&#10;    /* how glad the MI/AI are for the result of the game */&#13;&#10;    private double gameIsWon = inf / 2;&#13;&#10;    private final int gameIsDraw = 50;&#13;&#10;&#13;&#10;    private final int pieceDifferenceFactor = 4;&#13;&#10;&#13;&#10;    private final int isMidgame = 1;&#13;&#10;    private final int isEndgame = 2;&#13;&#10;    private final int midgameEnd = 7;&#13;&#10;&#13;&#10;    private double evaluation(int turn) {&#13;&#10;        double valueOfBoard = 0;&#13;&#10;&#13;&#10;        int state = gameState();&#13;&#10;&#13;&#10;        for (int i = 0; i &lt; ownPieces.size(); i++) {&#13;&#10;            valueOfBoard += ownPieces.get(i).priceForPiece(state);&#13;&#10;        }&#13;&#10;        for (int i = 0; i &lt; oppPieces.size(); i++) {&#13;&#10;            valueOfBoard -= oppPieces.get(i).priceForPiece(state);&#13;&#10;        }&#13;&#10;&#13;&#10;        boolean isHuman = (turn == -1);&#13;&#10;&#13;&#10;        switch (remoteNXT.checkersBoard.&#13;&#10;                analyzeFunctions.gameHasEnded(isHuman)) {&#13;&#10;        case 1:&#13;&#10;            valueOfBoard -= gameIsWon;&#13;&#10;            break;&#13;&#10;        case 2:&#13;&#10;            valueOfBoard += gameIsWon;&#13;&#10;            break;&#13;&#10;        case 3:&#13;&#10;            valueOfBoard += gameIsDraw;&#13;&#10;            break;&#13;&#10;        default:&#13;&#10;            valueOfBoard +=  pieceDifferenceFactor&#13;&#10;            * ((ownPieces.size() / oppPieces.size()) - 1);&#13;&#10;            break;&#13;&#10;        }&#13;&#10;&#13;&#10;        return valueOfBoard;&#13;&#10;    }&#13;&#10;&#13;&#10;    private int gameState() {&#13;&#10;        if (max(ownPieces.size(), oppPieces.size()) &gt;= midgameEnd) {&#13;&#10;            return isMidgame;&#13;&#10;        }&#13;&#10;        return isEndgame;&#13;&#10;    }&#13;&#10;&#13;&#10;    private double max(double x, double y) {&#13;&#10;        if (x &lt; y) {&#13;&#10;            return y;&#13;&#10;        }&#13;&#10;        return x;&#13;&#10;    }&#13;&#10;&#13;&#10;&#13;&#10;    /* MI brain stops */&#13;&#10;    /* ---------------------------------------------------------------------  */&#13;&#10;&#13;&#10;    private void simulateMove(Move move) throws NoKingLeft, IOException {&#13;&#10;        if (move.moves.size() &gt;= 2) {&#13;&#10;            int stop = move.moves.size() - 1;&#13;&#10;            for (int i = 0; i &lt; stop; i++) {&#13;&#10;                Field from = move.moves.get(i);&#13;&#10;                Field to = move.moves.get(i + 1);&#13;&#10;&#13;&#10;                if (Math.abs(from.x - to.x) == 2) {&#13;&#10;                    Piece takenPiece = remoteNXT.checkersBoard.myBoard&#13;&#10;                            [(from.x + to.x) / 2]&#13;&#10;                            [(from.y + to.y) / 2].getPieceOnField();&#13;&#10;                    if (remoteNXT.checkersBoard.&#13;&#10;                            checkAllegiance(takenPiece, true)) {&#13;&#10;                        oppPieces.remove(takenPiece);&#13;&#10;                    } else {&#13;&#10;                        ownPieces.remove(takenPiece);&#13;&#10;                    }&#13;&#10;                    move.takenPieces.add(takenPiece);&#13;&#10;                    remoteNXT.checkersBoard.myBoard&#13;&#10;                            [(from.x + to.x) / 2]&#13;&#10;                            [(from.y + to.y) / 2].setPieceOnField(null);&#13;&#10;                }&#13;&#10;                remoteNXT.checkersBoard.&#13;&#10;                    movePieceInRepresentation(from, to, true);&#13;&#10;            }&#13;&#10;            simulatedMoves.add(move);&#13;&#10;        }&#13;&#10;    }&#13;&#10;&#13;&#10;    private void revertMove() throws NoKingLeft, IOException {&#13;&#10;&#13;&#10;        if (simulatedMoves.size() != 0) {&#13;&#10;            Move temp = simulatedMoves.get(simulatedMoves.size() - 1);&#13;&#10;            simulatedMoves.remove(simulatedMoves.size() - 1);&#13;&#10;&#13;&#10;            int stop = temp.moves.size() - 1;&#13;&#10;            Field tempMove = null;&#13;&#10;&#13;&#10;            for (int j = stop; j &gt;= 1; j--) {&#13;&#10;                tempMove = temp.moves.get(j);&#13;&#10;                if (!tempMove.isEmpty()) {&#13;&#10;                    if (tempMove.getPieceOnField().isCrowned&#13;&#10;                            &amp;&amp; !temp.wasKingBefore) {&#13;&#10;                        if (remoteNXT.checkersBoard.&#13;&#10;                                checkAllegiance(tempMove, true)) {&#13;&#10;                            tempMove.getPieceOnField().color =&#13;&#10;                                   remoteNXT.checkersBoard.opponentPeasentColor;&#13;&#10;                        } else if (remoteNXT.checkersBoard.&#13;&#10;                                checkAllegiance(tempMove, false)) {&#13;&#10;                            tempMove.getPieceOnField().color =&#13;&#10;                                    remoteNXT.checkersBoard.myPeasentColor;&#13;&#10;                        }&#13;&#10;                        tempMove.getPieceOnField().isCrowned = false;&#13;&#10;                    }&#13;&#10;                }&#13;&#10;                remoteNXT.checkersBoard.movePieceInRepresentation(&#13;&#10;                        tempMove, temp.moves.get(j - 1), true);&#13;&#10;            }&#13;&#10;&#13;&#10;            stop = temp.takenPieces.size();&#13;&#10;&#13;&#10;            for (int i = 0; i &lt; stop; i++) {&#13;&#10;                Piece tempPiece = temp.takenPieces.get(i);&#13;&#10;                if (remoteNXT.checkersBoard.checkAllegiance(tempPiece, true)) {&#13;&#10;                    oppPieces.add(tempPiece);&#13;&#10;                } else {&#13;&#10;                    ownPieces.add(tempPiece);&#13;&#10;                }&#13;&#10;                remoteNXT.checkersBoard.myBoard&#13;&#10;                    [tempPiece.getX()][tempPiece.getY()].&#13;&#10;                    setPieceOnField(tempPiece);&#13;&#10;            }&#13;&#10;        }&#13;&#10;    }&#13;&#10;&#13;&#10;    //-1 = human, 1 = robot&#13;&#10;    private List&lt;Move&gt; possibleMoves(int moveForSide) throws&#13;&#10;                    InterruptedException, IOException, NoKingLeft {&#13;&#10;        List&lt;Move&gt; jumpMovements = new ArrayList&lt;Move&gt;();&#13;&#10;        List&lt;Move&gt; movements = new ArrayList&lt;Move&gt;();&#13;&#10;        remoteNXT.checkersBoard.updateMoveables();&#13;&#10;        for (Field[] f : remoteNXT.checkersBoard.myBoard) {&#13;&#10;            for (Field field : f) {&#13;&#10;                if (!field.isEmpty()) {&#13;&#10;                    if (field.getPieceOnField().isMoveable&#13;&#10;                            &amp;&amp; remoteNXT.checkersBoard.&#13;&#10;                            checkAllegiance(field, moveForSide == -1)) {&#13;&#10;                        //Jumps&#13;&#10;                        if (field.getPieceOnField().canJump) {&#13;&#10;                            List&lt;List&lt;Field&gt;&gt; listOfMoves =&#13;&#10;                                    remoteNXT.checkersBoard.&#13;&#10;                                    analyzeFunctions.jumpSequence(&#13;&#10;                                            field, moveForSide == 1,&#13;&#10;                                            field.getPieceOnField().isCrowned);&#13;&#10;&#13;&#10;                            for (List&lt;Field&gt; stackOfFields : listOfMoves) {&#13;&#10;                                if (stackOfFields.size() &gt;= 2) {&#13;&#10;                                    jumpMovements.add(new Move(stackOfFields,&#13;&#10;                                            field.getPieceOnField().isCrowned));&#13;&#10;                                }&#13;&#10;                            }&#13;&#10;                        } else {  // Moves&#13;&#10;                            List&lt;Field&gt; possibleMoves =&#13;&#10;                                    remoteNXT.checkersBoard.&#13;&#10;                                    checkMoveable(field, moveForSide);&#13;&#10;                            //Simple moves&#13;&#10;                            if (!possibleMoves.isEmpty()) {&#13;&#10;                                for (Field posField : possibleMoves) {&#13;&#10;                                    Move movement = new Move(field, posField,&#13;&#10;                                            field.getPieceOnField().isCrowned);&#13;&#10;                                    movements.add(movement);&#13;&#10;                                }&#13;&#10;                            }&#13;&#10;                        }&#13;&#10;                    }&#13;&#10;                }&#13;&#10;            }&#13;&#10;        }&#13;&#10;&#13;&#10;        if (jumpMovements.size() != 0) {&#13;&#10;            return jumpMovements;&#13;&#10;        } else {&#13;&#10;            return movements;&#13;&#10;        }&#13;&#10;    }&#13;&#10;}&#13;&#10;" Filename="MI.java" Intrnl_Id="4"/>
<SrcFile Content="package com.OriginalFiles;&#13;&#10;&#13;&#10;public class Field {&#13;&#10;    //allowedField determines if is an allowed field to play on (a black field)&#13;&#10;    public boolean allowedField;&#13;&#10;    public boolean visited = false;&#13;&#10;    public int x;&#13;&#10;    public int y;&#13;&#10;    private Piece pieceOnField = null;&#13;&#10;    public Field() { };&#13;&#10;    public Field(int inputx, int inputy) {&#13;&#10;        x = inputx;&#13;&#10;        y = inputy;&#13;&#10;    }&#13;&#10;&#13;&#10;    //Get and Set to access to private variable pieceOnField.&#13;&#10;    //Updates the coordinates of an piece when assigned to a field.&#13;&#10;    public final void setPieceOnField(Piece inputPiece) {&#13;&#10;        pieceOnField = inputPiece;&#13;&#10;        if (!isEmpty()) {&#13;&#10;            pieceOnField.setXY(x, y);&#13;&#10;        }&#13;&#10;    }&#13;&#10;&#13;&#10;    public final Piece getPieceOnField() {&#13;&#10;        return pieceOnField;&#13;&#10;    }&#13;&#10;&#13;&#10;    //A field is empty, if no piece is assigned to it.&#13;&#10;    public final boolean isEmpty() {&#13;&#10;        return (pieceOnField == null);&#13;&#10;    }&#13;&#10;&#13;&#10;    //Returns true if there is a piece on the field,&#13;&#10;    //and the piece is of the given color.&#13;&#10;    public final boolean isPieceOfColor(char input) {&#13;&#10;        if (isEmpty()) {&#13;&#10;            return false;&#13;&#10;        } else {&#13;&#10;            return (pieceOnField.color == input);&#13;&#10;        }&#13;&#10;    }&#13;&#10;&#13;&#10;    //Empty the field, by un-assigning the piece of the field.&#13;&#10;    public final void emptyThisField() {&#13;&#10;        pieceOnField = null;&#13;&#10;    }&#13;&#10;}&#13;&#10;" Filename="Field.java" Intrnl_Id="5"/>
<SrcFile Content="package com.OriginalFiles;&#13;&#10;&#13;&#10;public class Communication {&#13;&#10;&#13;&#10;    public Communication(RemoteNXTFunctions remoteFunc) {&#13;&#10;        // TODO Auto-generated constructor stub&#13;&#10;    }&#13;&#10;&#13;&#10;    public void myKingNotPlaced() {&#13;&#10;        // TODO Auto-generated method stub&#13;&#10;        &#13;&#10;    }&#13;&#10;&#13;&#10;    public void humanWon() {&#13;&#10;        // TODO Auto-generated method stub&#13;&#10;        &#13;&#10;    }&#13;&#10;&#13;&#10;    public void robotWon() {&#13;&#10;        // TODO Auto-generated method stub&#13;&#10;        &#13;&#10;    }&#13;&#10;&#13;&#10;    public void draw() {&#13;&#10;        // TODO Auto-generated method stub&#13;&#10;        &#13;&#10;    }&#13;&#10;&#13;&#10;}&#13;&#10;" Filename="Communication.java" Intrnl_Id="6"/>
<SrcFile Content="package com.OriginalFiles;&#13;&#10;&#13;&#10;import java.io.IOException;&#13;&#10;import java.util.ArrayList;&#13;&#10;import java.util.List;&#13;&#10;import custom.Exceptions.NoKingLeft;&#13;&#10;&#13;&#10;public class Board {&#13;&#10;&#13;&#10;    public Field[][] myBoard = new Field[8][8];&#13;&#10;    public Field[] kingPlace = new Field[8];&#13;&#10;    public Field[] oppKingPlace = new Field[8];&#13;&#10;    public Field[][] trashPlace = new Field[8][3];&#13;&#10;    public Field[][] oppTrashPlace = new Field[8][2];&#13;&#10;    public Analyze analyzeFunctions;&#13;&#10;&#13;&#10;    public Communication informer;&#13;&#10;&#13;&#10;    char myPeasentColor, myKingColor, opponentPeasentColor, opponentKingColor;&#13;&#10;&#13;&#10;    public Board(RemoteNXTFunctions remoteFunc)&#13;&#10;            throws InterruptedException, IOException {&#13;&#10;        informer = new Communication(remoteFunc);&#13;&#10;        analyzeFunctions = new Analyze(this, remoteFunc);&#13;&#10;        analyzeFunctions.findMyColors();&#13;&#10;        findOpponentColors();&#13;&#10;&#13;&#10;        int x, y;&#13;&#10;&#13;&#10;        //Create the 8 times 8 board&#13;&#10;        for (x = 0; x &lt; 8; x++) {&#13;&#10;            for (y = 0; y &lt; 8; y++) {&#13;&#10;                Field temp = new Field();&#13;&#10;                temp.x = x;&#13;&#10;                temp.y = y;&#13;&#10;&#13;&#10;                //Every second field is an allowed field&#13;&#10;                //latex start ConstructorLoop&#13;&#10;                if ((x + y) % 2 == 1) {&#13;&#10;                    temp.allowedField = true;&#13;&#10;                    Piece pieceOnBoard = null;&#13;&#10;                    if (y &lt; 3) {&#13;&#10;                        pieceOnBoard = new Piece(this);&#13;&#10;                        pieceOnBoard.color = myPeasentColor;&#13;&#10;&#13;&#10;                        //Every piece on the front line of each player&#13;&#10;                        //is moveable from the start&#13;&#10;                        if (y == 2) {&#13;&#10;                            pieceOnBoard.isMoveable = true;&#13;&#10;                        }&#13;&#10;                    }&#13;&#10;                    //latex end&#13;&#10;&#13;&#10;                    if (y &gt; 4) {&#13;&#10;                        pieceOnBoard = new Piece(this);&#13;&#10;                        pieceOnBoard.color = opponentPeasentColor;&#13;&#10;                        if (y == 5) {&#13;&#10;                            pieceOnBoard.isMoveable = true;&#13;&#10;                        }&#13;&#10;                    }&#13;&#10;                    temp.setPieceOnField(pieceOnBoard);&#13;&#10;                } else {&#13;&#10;                    temp.allowedField = false;&#13;&#10;                }&#13;&#10;                myBoard[x][y] = temp;&#13;&#10;            }&#13;&#10;        }&#13;&#10;&#13;&#10;        //Set the location of the human players king pieces&#13;&#10;        //And Trashfield&#13;&#10;        //latex start ConstructorKing&#13;&#10;        for (int i = 0; i &lt; 8; i++) {&#13;&#10;            Field temp = new Field();&#13;&#10;            temp.x = i;&#13;&#10;            temp.y = -2;&#13;&#10;            Piece tempPiece = new Piece(this);&#13;&#10;            tempPiece.color = opponentKingColor;&#13;&#10;            tempPiece.isCrowned = true;&#13;&#10;            temp.setPieceOnField(tempPiece);&#13;&#10;            kingPlace[i] = temp;&#13;&#10;        }&#13;&#10;        for (int i = 0; i &lt; 8; i++) {&#13;&#10;            Field temp = new Field();&#13;&#10;            temp.x = i;&#13;&#10;            temp.y = 9;&#13;&#10;            Piece tempPiece = new Piece(this);&#13;&#10;            tempPiece.color = myKingColor;&#13;&#10;            tempPiece.isCrowned = true;&#13;&#10;            temp.setPieceOnField(tempPiece);&#13;&#10;            oppKingPlace[i] = temp;&#13;&#10;        }&#13;&#10;        //latex end&#13;&#10;        for (int j = 0; j &lt; 3; j++) {&#13;&#10;            for (int i = 0; i &lt; 8; i++) {&#13;&#10;                Field temp = new Field();&#13;&#10;                temp.x = i;&#13;&#10;                temp.y = -3 - j;&#13;&#10;                trashPlace[i][j] = temp;&#13;&#10;            }&#13;&#10;        }&#13;&#10;&#13;&#10;        for (int j = 0; j &lt; 2; j++) {&#13;&#10;            for (int i = 0; i &lt; 8; i++) {&#13;&#10;                Field temp = new Field();&#13;&#10;                temp.x = i;&#13;&#10;                temp.y = 10 + j;&#13;&#10;                oppTrashPlace[i][j] = temp;&#13;&#10;            }&#13;&#10;        }&#13;&#10;    }&#13;&#10;&#13;&#10;    public final void resetVisited() {&#13;&#10;        for (Field[] f : myBoard) {&#13;&#10;            for (Field field : f) {&#13;&#10;                field.visited = false;&#13;&#10;            }&#13;&#10;        }&#13;&#10;    }&#13;&#10;&#13;&#10;    //Sorts the list of fields to search to minimize robot movement&#13;&#10;    public final void sortListOfFields(List&lt;Field&gt; listOfFields) {&#13;&#10;        int x = 0;&#13;&#10;        int y = 0;&#13;&#10;        int sizeOflistOfFields = listOfFields.size();&#13;&#10;        for (int i = 0; i &lt; sizeOflistOfFields; i++) {&#13;&#10;            for (int n = i + 1; n &lt; sizeOflistOfFields; n++) {&#13;&#10;                if (!isGreater(listOfFields.get(i),&#13;&#10;                        listOfFields.get(n), x, y)) {&#13;&#10;                    Field temp1 = listOfFields.get(i);&#13;&#10;                    Field temp2 = listOfFields.get(n);&#13;&#10;                    listOfFields.remove(n);&#13;&#10;                    listOfFields.remove(i);&#13;&#10;                    listOfFields.add(i, temp2);&#13;&#10;                    listOfFields.add(n, temp1);&#13;&#10;                }&#13;&#10;            }&#13;&#10;            x = listOfFields.get(i).x;&#13;&#10;            y = listOfFields.get(i).y;&#13;&#10;        }&#13;&#10;    }&#13;&#10;&#13;&#10;    //Method to used in sorting the list of places to move the robot&#13;&#10;    public final boolean isGreater(Field inputField,&#13;&#10;            Field fieldToCompare, int compX, int compY) {&#13;&#10;        //Check jumps to be crowned first&#13;&#10;        if (inputField.getPieceOnField().canJump&#13;&#10;                &amp;&amp; !inputField.getPieceOnField().isCrowned&#13;&#10;                &amp;&amp; inputField.getPieceOnField().color == opponentPeasentColor&#13;&#10;                &amp;&amp; inputField.getPieceOnField().getY() == 2) {&#13;&#10;            return true;&#13;&#10;        } else if (inputField.getPieceOnField().canJump&#13;&#10;                &amp;&amp; !fieldToCompare.getPieceOnField().canJump) {&#13;&#10;            return true;&#13;&#10;        } else if (fieldToCompare.getPieceOnField().canJump&#13;&#10;                &amp;&amp; !inputField.getPieceOnField().canJump) {&#13;&#10;            return false;&#13;&#10;        } else {&#13;&#10;            if (inputField.y == 1 &amp;&amp; fieldToCompare.y != 1&#13;&#10;                    &amp;&amp; !inputField.getPieceOnField().isCrowned) {&#13;&#10;                return true;&#13;&#10;            } else if (fieldToCompare.y == 1 &amp;&amp; inputField.y != 1&#13;&#10;                    &amp;&amp; !fieldToCompare.getPieceOnField().isCrowned) {&#13;&#10;                return false;&#13;&#10;            } else {&#13;&#10;                if (distance(inputField, compX, compY)&#13;&#10;                    &gt; distance(fieldToCompare, compX, compY)) {&#13;&#10;                    return false;&#13;&#10;                } else if (distance(inputField, compX, compY)&#13;&#10;                           &lt; distance(fieldToCompare, compX, compY)) {&#13;&#10;                    return true;&#13;&#10;                } else {&#13;&#10;                    return (inputField.y &lt; fieldToCompare.y);&#13;&#10;                }&#13;&#10;            }&#13;&#10;        }&#13;&#10;    }&#13;&#10;&#13;&#10;    private int distance(Field inputField, int x, int y) {&#13;&#10;        return Math.abs(inputField.x - x) + Math.abs(inputField.y - y);&#13;&#10;    }&#13;&#10;&#13;&#10;    public final boolean verifyCorrectMove(Field field) throws&#13;&#10;    InterruptedException, IOException {&#13;&#10;        if (checkAllegiance(field, true)) {&#13;&#10;            if (field.getPieceOnField().isMoveable) {&#13;&#10;                return !(isFieldEmptyOnBoard(field.x, field.y));&#13;&#10;            }&#13;&#10;        }&#13;&#10;        return true;&#13;&#10;    }&#13;&#10;&#13;&#10;    public final boolean peasentIsOnEndRow(Field field) {&#13;&#10;        if (!field.isEmpty()) {&#13;&#10;            int checkRow;&#13;&#10;            if (checkAllegiance(field, true)) {&#13;&#10;                checkRow = 0;&#13;&#10;            } else {&#13;&#10;                checkRow = 7;&#13;&#10;            }&#13;&#10;&#13;&#10;            if (field.y == checkRow &amp;&amp; !field.getPieceOnField().isCrowned) {&#13;&#10;                return true;&#13;&#10;            }&#13;&#10;        }&#13;&#10;        return false;&#13;&#10;    }&#13;&#10;&#13;&#10;    //Moves a piece in the board representation&#13;&#10;    public final void movePieceInRepresentation(Field fromField, int toFieldX,&#13;&#10;            int toFieldY, boolean isSimulated) throws NoKingLeft, IOException {&#13;&#10;        movePieceInRepresentation(fromField,&#13;&#10;                myBoard[toFieldX][toFieldY], isSimulated);&#13;&#10;    }&#13;&#10;    //latex start movePieceInRepresentation&#13;&#10;    public final void movePieceInRepresentation(Field fromField,&#13;&#10;            Field toField, boolean isSimulated) throws NoKingLeft, IOException {&#13;&#10;        toField.setPieceOnField(fromField.getPieceOnField());&#13;&#10;        fromField.emptyThisField();&#13;&#10;        if (checkBounds(toField.x, toField.y)) {&#13;&#10;            analyzeFunctions.checkForUpgradeKing(&#13;&#10;                    toField, isSimulated);&#13;&#10;        }&#13;&#10;        //latex end&#13;&#10;    }&#13;&#10;&#13;&#10;    //Check if field has been occupied&#13;&#10;    public final boolean checkMoveDirection(Field field,&#13;&#10;            int directX, int directY) throws InterruptedException, IOException {&#13;&#10;        return (!fieldOccupied(field.x + directX, field.y + directY)&#13;&#10;            &amp;&amp; !this.isFieldEmptyOnBoard(field.x + directX, field.y + directY));&#13;&#10;    }&#13;&#10;&#13;&#10;    public final boolean isFieldEmptyOnBoard(int x, int y)&#13;&#10;            throws InterruptedException, IOException {&#13;&#10;        if (checkBounds(x, y)) {&#13;&#10;            char color = analyzeFunctions.getColor(x, y);&#13;&#10;&#13;&#10;            return color == ' ';&#13;&#10;        } else {&#13;&#10;            return false;&#13;&#10;        }&#13;&#10;    }&#13;&#10;&#13;&#10;    public final boolean fieldOccupied(int x, int y) {&#13;&#10;        if (checkBounds(x, y)) {&#13;&#10;            return !myBoard[x][y].isEmpty();&#13;&#10;        } else {&#13;&#10;            return true;&#13;&#10;        }&#13;&#10;    }&#13;&#10;&#13;&#10;    //Check if a piece can move and is jumpable&#13;&#10;    //latex start checkPiece&#13;&#10;    private void checkPiece(Field field, int dify, boolean checkForOpponent) {&#13;&#10;        field.getPieceOnField().canJump = checkJump(field,&#13;&#10;                checkForOpponent, field.getPieceOnField().isCrowned);&#13;&#10;&#13;&#10;        if (field.getPieceOnField().canJump) {&#13;&#10;            field.getPieceOnField().isMoveable = true;&#13;&#10;        } else {&#13;&#10;            field.getPieceOnField().isMoveable =&#13;&#10;                    checkMoveableBoolean(field, dify);&#13;&#10;        }&#13;&#10;    }&#13;&#10;    //latex end&#13;&#10;&#13;&#10;    private boolean checkMoveableBoolean(Field field, int dif) {&#13;&#10;        return !checkMoveable(field, dif).isEmpty();&#13;&#10;    }&#13;&#10;&#13;&#10;    //Checks if a given field is movable&#13;&#10;    public final List&lt;Field&gt; checkMoveable(Field field, int dif) {&#13;&#10;        List&lt;Field&gt; possibleMoves = new ArrayList&lt;Field&gt;();&#13;&#10;&#13;&#10;        //Check forward&#13;&#10;        if (!this.fieldOccupied(field.x - 1, field.y + dif)) {&#13;&#10;            possibleMoves.add(myBoard[field.x - 1][field.y + dif]);&#13;&#10;        }&#13;&#10;        if (!this.fieldOccupied(field.x + 1, field.y + dif)) {&#13;&#10;            possibleMoves.add(myBoard[field.x + 1][field.y + dif]);&#13;&#10;        }&#13;&#10;        //if king, check backwards also&#13;&#10;        if (field.getPieceOnField().isCrowned) {&#13;&#10;            if (!this.fieldOccupied(field.x - 1, field.y - dif)) {&#13;&#10;                possibleMoves.add(myBoard[field.x - 1][field.y - dif]);&#13;&#10;            }&#13;&#10;            if (!this.fieldOccupied(field.x + 1, field.y - dif)) {&#13;&#10;                possibleMoves.add(myBoard[field.x + 1][field.y - dif]);&#13;&#10;            }&#13;&#10;        }&#13;&#10;        return possibleMoves;&#13;&#10;    }&#13;&#10;&#13;&#10;    //Check if a given field can jump&#13;&#10;    //latex start checkJump&#13;&#10;    private boolean checkJump(Field field,&#13;&#10;            boolean checkForOpponent, boolean isCrowned) {&#13;&#10;        return (checkJumpDirectionBoolean(field, -1, -1,&#13;&#10;                        checkForOpponent, isCrowned)&#13;&#10;                || checkJumpDirectionBoolean(field, 1, -1,&#13;&#10;                        checkForOpponent, isCrowned)&#13;&#10;                || checkJumpDirectionBoolean(field, 1, 1,&#13;&#10;                        checkForOpponent, isCrowned)&#13;&#10;                || checkJumpDirectionBoolean(field, -1, 1,&#13;&#10;                        checkForOpponent, isCrowned));&#13;&#10;    }&#13;&#10;    //latex end&#13;&#10;&#13;&#10;    //Checks jumps&#13;&#10;    //latex start jumpDirection&#13;&#10;    public final Field checkJumpDirection(Field field, int difx, int dify,&#13;&#10;            boolean checkForOpponent, boolean isCrowned) {&#13;&#10;        if (((checkForOpponent &amp;&amp; dify == -1)&#13;&#10;                || (!checkForOpponent &amp;&amp; dify == 1)) &amp;&amp; !isCrowned) {&#13;&#10;            return null;&#13;&#10;        }&#13;&#10;&#13;&#10;        if (checkBounds(field.x + 2 * difx, field.y + 2 * dify)) {&#13;&#10;            if (!myBoard[field.x + 2 * difx][field.y + 2 * dify].visited) {&#13;&#10;                if (checkAllegiance(&#13;&#10;                      myBoard[field.x + difx][field.y + dify], checkForOpponent)&#13;&#10;                      &amp;&amp; !this.fieldOccupied(&#13;&#10;                      field.x + 2 * difx, field.y + 2 * dify)) {&#13;&#10;                    return myBoard[field.x + 2 * difx][field.y + 2 * dify];&#13;&#10;                }&#13;&#10;            }&#13;&#10;        }&#13;&#10;        return null;&#13;&#10;    }&#13;&#10;    //latex end&#13;&#10;&#13;&#10;    private boolean checkJumpDirectionBoolean(Field field,&#13;&#10;            int difx, int dify, boolean checkForOpponent, boolean isCrowned) {&#13;&#10;        return !(checkJumpDirection(field, difx, dify,&#13;&#10;                checkForOpponent, isCrowned) == null);&#13;&#10;    }&#13;&#10;&#13;&#10;    //Updates the movable property on each piece&#13;&#10;    public final void updateMoveables() {&#13;&#10;        resetVisited();&#13;&#10;        for (Field[] f : myBoard) {&#13;&#10;            for (Field field : f) {&#13;&#10;                if (field.allowedField) {&#13;&#10;                    if (field.getPieceOnField() != null) {&#13;&#10;                        //Check movable for robot&#13;&#10;                        if (checkAllegiance(field, false)) {&#13;&#10;                            checkPiece(field, 1, true);&#13;&#10;&#13;&#10;                        //Check movable for human&#13;&#10;                        } else {&#13;&#10;                            checkPiece(field, -1, false);&#13;&#10;                        }&#13;&#10;                    }&#13;&#10;                }&#13;&#10;            }&#13;&#10;        }&#13;&#10;        resetVisited();&#13;&#10;    }&#13;&#10;&#13;&#10;    //Sets the colors of the human players pieces&#13;&#10;    private void findOpponentColors() {&#13;&#10;        if (myPeasentColor == 'r') {&#13;&#10;            opponentPeasentColor = 'w';&#13;&#10;            opponentKingColor = 'g';&#13;&#10;        } else {&#13;&#10;            opponentPeasentColor = 'r';&#13;&#10;            opponentKingColor = 'b';&#13;&#10;        }&#13;&#10;    }&#13;&#10;&#13;&#10;&#13;&#10;    //if a piece is missing, scan whole board&#13;&#10;    public final void findMissingPiece()&#13;&#10;            throws InterruptedException, IOException {&#13;&#10;        int i, j;&#13;&#10;        boolean changer = true;&#13;&#10;&#13;&#10;        for (i = 0; i &lt; 8; i++) {&#13;&#10;            //Change direction of the robot, to minimize robot movement&#13;&#10;            if (changer) {&#13;&#10;                for (j = 0; j &lt; 8; j++) {&#13;&#10;                    if ((i + j) % 2 == 1) {&#13;&#10;                        myBoard[i][j].setPieceOnField(getPiece(i, j));&#13;&#10;                    }&#13;&#10;                }&#13;&#10;                changer = false;&#13;&#10;            } else {&#13;&#10;                for (j = 7; j &gt;= 0; j--) {&#13;&#10;                    if ((i + j) % 2 == 1) {&#13;&#10;                        myBoard[i][j].setPieceOnField(getPiece(i, j));&#13;&#10;                    }&#13;&#10;                }&#13;&#10;                changer = true;&#13;&#10;            }&#13;&#10;        }&#13;&#10;&#13;&#10;        this.updateMoveables();&#13;&#10;    }&#13;&#10;&#13;&#10;    //Get piece on given position&#13;&#10;    private Piece getPiece(int x, int y) throws IOException {&#13;&#10;        char color = analyzeFunctions.getColor(x, y);&#13;&#10;        if (color == ' ') {&#13;&#10;            return null;&#13;&#10;        } else {&#13;&#10;            Piece temp = new Piece(this);&#13;&#10;            temp.color = color;&#13;&#10;            temp.isCrowned = (color == 'g' || color == 'b');&#13;&#10;            return temp;&#13;&#10;        }&#13;&#10;    }&#13;&#10;&#13;&#10;    //Check if a given piece is the robots or the opponents&#13;&#10;   /*public final boolean checkAllegiance(Field input, boolean checkForOpponent)&#13;&#10;    {&#13;&#10;        if (checkBounds(input.x, input.y)) {&#13;&#10;                if ((input.isPieceOfColor(myPeasentColor)&#13;&#10;                    || input.isPieceOfColor(myKingColor))&amp;&amp; !checkForOpponent) {&#13;&#10;                     return true;&#13;&#10;                 }&#13;&#10;                 if ((input.isPieceOfColor(opponentPeasentColor)&#13;&#10;                         || input.isPieceOfColor(opponentKingColor))&#13;&#10;                         &amp;&amp; checkForOpponent) {&#13;&#10;                     return true;&#13;&#10;                 }&#13;&#10;                 return false;&#13;&#10;                 }&#13;&#10;        return false;&#13;&#10;    }*/&#13;&#10;    public final boolean checkAllegiance(Field input, boolean checkForOpponent)&#13;&#10;    {&#13;&#10;        if (checkBounds(input.x, input.y)) {&#13;&#10;            if (!input.isEmpty()) {&#13;&#10;                return checkAllegiance(input.getPieceOnField(),&#13;&#10;                        checkForOpponent);&#13;&#10;            }&#13;&#10;        }&#13;&#10;        return false;&#13;&#10;    }&#13;&#10;&#13;&#10;    public final boolean checkAllegiance(Piece input, boolean checkForOpponent)&#13;&#10;    {&#13;&#10;        if ((input.color == myPeasentColor&#13;&#10;                || input.color == myKingColor) &amp;&amp; !checkForOpponent) {&#13;&#10;             return true;&#13;&#10;         }&#13;&#10;         if ((input.color == opponentPeasentColor&#13;&#10;                 || input.color == opponentKingColor)&#13;&#10;                 &amp;&amp; checkForOpponent) {&#13;&#10;             return true;&#13;&#10;         }&#13;&#10;         return false;&#13;&#10;    }&#13;&#10;&#13;&#10;    //Return true if the given position is inbounds&#13;&#10;    public final boolean checkBounds(int x, int y) {&#13;&#10;        return x &gt;= 0 &amp;&amp; x &lt;= 7 &amp;&amp; y &gt;= 0 &amp;&amp; y &lt;= 7;&#13;&#10;    }&#13;&#10;}&#13;&#10;" Filename="Board.java" Intrnl_Id="7"/>
<SrcFile Content="package com.OriginalFiles;&#13;&#10;import com.CustomClasses.Color;&#13;&#10;import java.io.IOException;&#13;&#10;import java.util.ArrayList;&#13;&#10;import java.util.List;&#13;&#10;import custom.Exceptions.IllegalMove;&#13;&#10;import custom.Exceptions.NoKingLeft;&#13;&#10;&#13;&#10;public class Analyze {&#13;&#10;    private Board checkersBoard;&#13;&#10;&#13;&#10;    private Field fieldToCheck;&#13;&#10;    private int analyzeBoardRepeatNumber = 0;&#13;&#10;    private int totalAnalyzeRuns = 0;&#13;&#10;    private final int analyzeRunsBeforeReset = 10;&#13;&#10;    private RemoteNXTFunctions remoteFunctions;&#13;&#10;    private boolean pieceFound;&#13;&#10;    private boolean mustJump;&#13;&#10;&#13;&#10;    public Analyze(Board input, RemoteNXTFunctions remoteInput) {&#13;&#10;        checkersBoard = input;&#13;&#10;        remoteFunctions = remoteInput;&#13;&#10;    }&#13;&#10;&#13;&#10;    //Analyzes the current board setup&#13;&#10;    //latex start analyzeBoard&#13;&#10;    public final boolean analyzeBoard() throws InterruptedException,&#13;&#10;    IOException, NoKingLeft, IllegalMove {&#13;&#10;        if (!checkForGameHasEnded(true)) {&#13;&#10;            checkMotorCalibration();&#13;&#10;&#13;&#10;            List&lt;Field&gt; moveableList = new ArrayList&lt;Field&gt;();&#13;&#10;            moveableList = makeListOfMoveables(moveableList);&#13;&#10;            pieceFound = checkMovement(moveableList);&#13;&#10;            countDownToPanic();&#13;&#10;&#13;&#10;            //Find the pieces that are currently movable&#13;&#10;            checkersBoard.updateMoveables();&#13;&#10;            checkRobotPieceReplaced();&#13;&#10;            if (!checkForGameHasEnded(false)) {&#13;&#10;                return true;&#13;&#10;            }&#13;&#10;        }&#13;&#10;        return false;&#13;&#10;    }&#13;&#10;    //latex end&#13;&#10;&#13;&#10;    private void checkMotorCalibration() {&#13;&#10;        totalAnalyzeRuns += 1;&#13;&#10;&#13;&#10;        if (totalAnalyzeRuns &gt; analyzeRunsBeforeReset) {&#13;&#10;            totalAnalyzeRuns = 0;&#13;&#10;            remoteFunctions.resetMotors();&#13;&#10;        }&#13;&#10;    }&#13;&#10;&#13;&#10;    private List&lt;Field&gt; makeListOfMoveables(List&lt;Field&gt; moveableList) {&#13;&#10;        //Find the pieces that are currently movable&#13;&#10;        checkersBoard.updateMoveables();&#13;&#10;        for (Field[] f : checkersBoard.myBoard) {&#13;&#10;            for (Field field : f) {&#13;&#10;                if (!field.isEmpty()) {&#13;&#10;                    if (field.getPieceOnField().isMoveable&#13;&#10;                            &amp;&amp; checkersBoard.checkAllegiance(field, true)) {&#13;&#10;                        moveableList.add(field);&#13;&#10;                    }&#13;&#10;                }&#13;&#10;            }&#13;&#10;        }&#13;&#10;        checkersBoard.sortListOfFields(moveableList);&#13;&#10;        pieceFound = false;&#13;&#10;        mustJump = false;&#13;&#10;        if (moveableList.size() != 0) {&#13;&#10;            mustJump = moveableList.get(0).getPieceOnField().canJump;&#13;&#10;        }&#13;&#10;        return moveableList;&#13;&#10;    }&#13;&#10;    //latex start checkMovement&#13;&#10;    private boolean checkMovement(List&lt;Field&gt; moveableList)&#13;&#10;            throws IllegalMove, InterruptedException, IOException, NoKingLeft {&#13;&#10;        for (Field field : moveableList) {&#13;&#10;            if (checkersBoard.isFieldEmptyOnBoard(field.x, field.y)) {&#13;&#10;                if (mustJump &amp;&amp; !field.getPieceOnField().canJump) {&#13;&#10;                    throw new custom.Exceptions.IllegalMove();&#13;&#10;                }&#13;&#10;                if (this.trackMovement(field)) {&#13;&#10;                    return true;&#13;&#10;                }&#13;&#10;            }&#13;&#10;        }&#13;&#10;        return false;&#13;&#10;    }&#13;&#10;    //latex end&#13;&#10;    //latex start countDownToPanic&#13;&#10;    private void countDownToPanic()&#13;&#10;            throws InterruptedException, IOException, NoKingLeft, IllegalMove {&#13;&#10;        if (!pieceFound) {&#13;&#10;            if (analyzeBoardRepeatNumber &lt; 3) {&#13;&#10;                analyzeBoardRepeatNumber++;&#13;&#10;                analyzeBoard();&#13;&#10;                analyzeBoardRepeatNumber = 0;&#13;&#10;            } else if (analyzeBoardRepeatNumber &lt; 6) {&#13;&#10;                remoteFunctions.resetMotors();&#13;&#10;                analyzeBoardRepeatNumber++;&#13;&#10;                analyzeBoard();&#13;&#10;                analyzeBoardRepeatNumber = 0;&#13;&#10;            } else {&#13;&#10;                checkersBoard.findMissingPiece();&#13;&#10;            }&#13;&#10;        }&#13;&#10;    }&#13;&#10;    //latex end&#13;&#10;&#13;&#10;    //Try to find the piece that have been moved&#13;&#10;    private boolean trackMovement(Field field) throws IllegalMove,&#13;&#10;    InterruptedException, IOException, NoKingLeft {&#13;&#10;        boolean foundPiece = false;&#13;&#10;        if (field.getPieceOnField().canJump) {&#13;&#10;            if (findJumpPiece(field)) {&#13;&#10;                foundPiece = true;&#13;&#10;            }&#13;&#10;            if (!foundPiece) {&#13;&#10;                throw new custom.Exceptions.IllegalMove();&#13;&#10;            }&#13;&#10;        } else if (checkMove(field, -1)) {&#13;&#10;            foundPiece = true;&#13;&#10;        }&#13;&#10;&#13;&#10;        return foundPiece;&#13;&#10;    }&#13;&#10;&#13;&#10;    //Determine simple move&#13;&#10;    private boolean checkMove(Field field, int directY) throws&#13;&#10;    InterruptedException, IOException, NoKingLeft {&#13;&#10;        //Verify that the given field is inbound&#13;&#10;        if (checkersBoard.checkBounds(field.x, field.y)) {&#13;&#10;            //Check the first direction&#13;&#10;            if (checkersBoard.checkMoveDirection(field, 1, directY)) {&#13;&#10;                if (validateMove(checkersBoard.&#13;&#10;                        myBoard[field.x + 1][field.y + directY], field)) {&#13;&#10;                    checkersBoard.movePieceInRepresentation(field,&#13;&#10;                            field.x + 1, field.y + directY, false);&#13;&#10;                    return true;&#13;&#10;                } else {&#13;&#10;                    return false;&#13;&#10;                }&#13;&#10;                //Second direction&#13;&#10;            } else if (checkersBoard.checkMoveDirection(field, -1, directY)) {&#13;&#10;                if (validateMove(checkersBoard.&#13;&#10;                        myBoard[field.x - 1][field.y + directY], field)) {&#13;&#10;                    checkersBoard.movePieceInRepresentation(field,&#13;&#10;                            field.x - 1, field.y + directY, false);&#13;&#10;                    return true;&#13;&#10;                } else {&#13;&#10;                    return false;&#13;&#10;                }&#13;&#10;                //If king, also check backwards&#13;&#10;            } else if (field.getPieceOnField().isCrowned) {&#13;&#10;                if (checkersBoard.checkMoveDirection(field, 1, -directY)) {&#13;&#10;                    if (validateMove(checkersBoard.&#13;&#10;                            myBoard[field.x + 1][field.y - directY], field)) {&#13;&#10;                        checkersBoard.movePieceInRepresentation(field,&#13;&#10;                                field.x + 1, field.y - directY, false);&#13;&#10;                        return true;&#13;&#10;                    } else {&#13;&#10;                        return false;&#13;&#10;                    }&#13;&#10;                } else if (checkersBoard.checkMoveDirection(&#13;&#10;                        field, -1, -directY)) {&#13;&#10;                    if (validateMove(checkersBoard.&#13;&#10;                            myBoard[field.x - 1][field.y - directY], field)) {&#13;&#10;                        checkersBoard.movePieceInRepresentation(field,&#13;&#10;                                field.x - 1, field.y - directY, false);&#13;&#10;                        return true;&#13;&#10;                    } else {&#13;&#10;                        return false;&#13;&#10;                    }&#13;&#10;                }&#13;&#10;            }&#13;&#10;        }&#13;&#10;        return false;&#13;&#10;    }&#13;&#10;&#13;&#10;    //Checks if it could have been another piece that moved&#13;&#10;    private boolean validateMove(Field field, Field fromField) throws&#13;&#10;    InterruptedException, IOException {&#13;&#10;&#13;&#10;        List&lt;Field&gt; checkArray = new ArrayList&lt;Field&gt;();&#13;&#10;        if (checkersBoard.checkBounds(field.x + 1, field.y + 1)) {&#13;&#10;            checkArray.add(checkersBoard.myBoard[field.x + 1][field.y + 1]);&#13;&#10;        }&#13;&#10;        if (checkersBoard.checkBounds(field.x + 1, field.y - 1)) {&#13;&#10;            checkArray.add(checkersBoard.myBoard[field.x + 1][field.y - 1]);&#13;&#10;        }&#13;&#10;        if (checkersBoard.checkBounds(field.x - 1, field.y - 1)) {&#13;&#10;            checkArray.add(checkersBoard.myBoard[field.x - 1][field.y - 1]);&#13;&#10;        }&#13;&#10;        if (checkersBoard.checkBounds(field.x - 1, field.y + 1)) {&#13;&#10;            checkArray.add(checkersBoard.myBoard[field.x - 1][field.y + 1]);&#13;&#10;        }&#13;&#10;        boolean returnValue = true;&#13;&#10;        for (int i = 0; i &lt; checkArray.size(); i++) {&#13;&#10;            if (!(checkArray.get(i).x == fromField.x&#13;&#10;                    &amp;&amp; checkArray.get(i).y == fromField.y)) {&#13;&#10;                returnValue = checkersBoard.verifyCorrectMove(&#13;&#10;                        checkArray.get(i));&#13;&#10;            }&#13;&#10;            if (!returnValue) {&#13;&#10;                return returnValue;&#13;&#10;            }&#13;&#10;        }&#13;&#10;        return returnValue;&#13;&#10;    }&#13;&#10;&#13;&#10;    public final List&lt;List&lt;Field&gt;&gt; jumpSequence(Field input,&#13;&#10;            boolean checkForOpponent, boolean isCrowned) throws&#13;&#10;            InterruptedException, IOException, NoKingLeft {&#13;&#10;        input.visited = true;&#13;&#10;        List&lt;List&lt;Field&gt;&gt; returnList = new ArrayList&lt;List&lt;Field&gt;&gt;();&#13;&#10;        Field tempField = checkersBoard.checkJumpDirection(input,&#13;&#10;                -1, 1, checkForOpponent, isCrowned);&#13;&#10;        if (tempField != null) {&#13;&#10;            returnList.addAll(jumpSequence(tempField, checkForOpponent,&#13;&#10;                    isCrowned));&#13;&#10;        }&#13;&#10;        tempField = checkersBoard.checkJumpDirection(input,&#13;&#10;                -1, -1, checkForOpponent, isCrowned);&#13;&#10;        if (tempField != null) {&#13;&#10;            returnList.addAll(jumpSequence(tempField, checkForOpponent,&#13;&#10;                    isCrowned));&#13;&#10;        }&#13;&#10;        tempField = checkersBoard.checkJumpDirection(input,&#13;&#10;                1, -1, checkForOpponent, isCrowned);&#13;&#10;        if (tempField != null) {&#13;&#10;            returnList.addAll(jumpSequence(tempField, checkForOpponent,&#13;&#10;                    isCrowned));&#13;&#10;        }&#13;&#10;        tempField = checkersBoard.checkJumpDirection(input, 1, 1,&#13;&#10;                checkForOpponent, isCrowned);&#13;&#10;        if (tempField != null) {&#13;&#10;            returnList.addAll(jumpSequence(tempField, checkForOpponent,&#13;&#10;                    isCrowned));&#13;&#10;        }&#13;&#10;&#13;&#10;        if (returnList.size() == 0) {&#13;&#10;            returnList.add(new ArrayList&lt;Field&gt;());&#13;&#10;        }&#13;&#10;&#13;&#10;        for (int i = 0; i &lt; returnList.size(); i++) {&#13;&#10;            returnList.get(i).add(0, input);&#13;&#10;        }&#13;&#10;        return returnList;&#13;&#10;    }&#13;&#10;&#13;&#10;    private boolean findJumpPiece(Field field) throws&#13;&#10;    InterruptedException, IOException, NoKingLeft {&#13;&#10;        List&lt;List&lt;Field&gt;&gt; jumpList = new ArrayList&lt;List&lt;Field&gt;&gt;();&#13;&#10;        jumpList = jumpSequence(field, false,&#13;&#10;                field.getPieceOnField().isCrowned);&#13;&#10;        checkersBoard.resetVisited();&#13;&#10;        for (int i = 0; i &lt; jumpList.size(); i++) {&#13;&#10;            List&lt;Field&gt; tempList = jumpList.get(i);&#13;&#10;            Field desField = tempList.get(tempList.size() - 1);&#13;&#10;            if (!checkersBoard.isFieldEmptyOnBoard(desField.x, desField.y)) {&#13;&#10;                checkersBoard.movePieceInRepresentation(field, desField, false);&#13;&#10;                int stopj = tempList.size() - 1;&#13;&#10;                for (int j = 0; j &lt; stopj; j++) {&#13;&#10;                    Field tempfield = tempList.get(j);&#13;&#10;                    Field tempfield2 = tempList.get(j + 1);&#13;&#10;                    Field takenField = checkersBoard.myBoard&#13;&#10;                            [(tempfield.x + tempfield2.x) / 2]&#13;&#10;                                    [(tempfield.y + tempfield2.y) / 2];&#13;&#10;                    if (takenField.getPieceOnField().isCrowned) {&#13;&#10;                        int k = 7;&#13;&#10;                        while (!(k &lt; 0)) {&#13;&#10;                            if (checkersBoard.oppKingPlace[k].isEmpty()) {&#13;&#10;                                //Insert king at location&#13;&#10;                                checkersBoard.movePieceInRepresentation(&#13;&#10;                                        takenField,&#13;&#10;                                        checkersBoard.oppKingPlace[k], true);&#13;&#10;                            }&#13;&#10;                            k--;&#13;&#10;                        }&#13;&#10;                    } else {&#13;&#10;                        int l = 0;&#13;&#10;                        int h = 0;&#13;&#10;                        OUTER: while (h &lt;= checkersBoard.&#13;&#10;                                oppTrashPlace[0].length - 1) {&#13;&#10;                            while (l &lt;= checkersBoard.&#13;&#10;                                    oppTrashPlace.length - 1) {&#13;&#10;                                if (checkersBoard.&#13;&#10;                                        oppTrashPlace[l][h].isEmpty()) {&#13;&#10;                                    break OUTER;&#13;&#10;                                }&#13;&#10;                                l++;&#13;&#10;                            }&#13;&#10;                            h++;&#13;&#10;                            l = 0;&#13;&#10;                        }&#13;&#10;                        checkersBoard.movePieceInRepresentation(takenField,&#13;&#10;                                checkersBoard.oppTrashPlace[l][h], false);&#13;&#10;                    }&#13;&#10;                }&#13;&#10;                return true;&#13;&#10;            }&#13;&#10;        }&#13;&#10;        return false;&#13;&#10;    }&#13;&#10;&#13;&#10;    public final void checkForUpgradeKing(Field field, boolean isSimulated)&#13;&#10;            throws NoKingLeft, IOException {&#13;&#10;        if (checkersBoard.peasentIsOnEndRow(field)) {&#13;&#10;            if (checkersBoard.checkAllegiance(field, false)) {&#13;&#10;                field.getPieceOnField().color = checkersBoard.myKingColor;&#13;&#10;                field.getPieceOnField().isCrowned = true;&#13;&#10;                if (!isSimulated) {&#13;&#10;                    fieldToCheck = field;&#13;&#10;                }&#13;&#10;            } else {&#13;&#10;                if (isSimulated) {&#13;&#10;                    field.getPieceOnField().color =&#13;&#10;                            checkersBoard.opponentKingColor;&#13;&#10;                    field.getPieceOnField().isCrowned = true;&#13;&#10;                } else {&#13;&#10;                    boolean foundOne = false;&#13;&#10;                    int i = 0;&#13;&#10;                    while (!foundOne) {&#13;&#10;                        if (i &gt; 7) {&#13;&#10;                            throw new custom.Exceptions.NoKingLeft();&#13;&#10;                        }&#13;&#10;                        if (!checkersBoard.kingPlace[i].isEmpty()) {&#13;&#10;                            //Move old piece to trash&#13;&#10;                            remoteFunctions.trashPieceOnField(field);&#13;&#10;                            //Insert king at location&#13;&#10;                            remoteFunctions.doMove(new Move(&#13;&#10;                                    checkersBoard.kingPlace[i], field, true));&#13;&#10;                            foundOne = true;&#13;&#10;                        }&#13;&#10;                        i++;&#13;&#10;                    }&#13;&#10;                }&#13;&#10;            }&#13;&#10;        }&#13;&#10;    }&#13;&#10;&#13;&#10;    //Function to check if user have replaced the&#13;&#10;    //robots peasant piece with a king piece&#13;&#10;    public final void checkRobotPieceReplaced() throws IOException, NoKingLeft {&#13;&#10;        if (fieldToCheck != null) {&#13;&#10;            boolean checkCondition = true;&#13;&#10;            while (checkCondition) {&#13;&#10;                if (getColor(fieldToCheck.x, fieldToCheck.y)&#13;&#10;                        == checkersBoard.myKingColor) {&#13;&#10;                    checkCondition = false;&#13;&#10;&#13;&#10;                    int i = 0;&#13;&#10;                    int l = 0;&#13;&#10;                    int h = 0;&#13;&#10;&#13;&#10;                    OUTER: while (h &lt;= checkersBoard.&#13;&#10;                            oppTrashPlace[0].length - 1) {&#13;&#10;&#13;&#10;                        while (l &lt;= checkersBoard.&#13;&#10;                                oppTrashPlace.length - 1) {&#13;&#10;&#13;&#10;                            if (checkersBoard.&#13;&#10;                                    oppTrashPlace[l][h].isEmpty()) {&#13;&#10;                                break OUTER;&#13;&#10;                            }&#13;&#10;                            l++;&#13;&#10;                        }&#13;&#10;                        h++;&#13;&#10;                        l = 0;&#13;&#10;                    }&#13;&#10;                    checkersBoard.movePieceInRepresentation(fieldToCheck,&#13;&#10;                            checkersBoard.oppTrashPlace[l][h], false);&#13;&#10;                    while (!(i &gt; 7)) {&#13;&#10;                        if (!checkersBoard.oppKingPlace[i].isEmpty()) {&#13;&#10;                            //Insert king at location&#13;&#10;                            checkersBoard.movePieceInRepresentation(&#13;&#10;                                    checkersBoard.oppKingPlace[i],&#13;&#10;                                    fieldToCheck, true);&#13;&#10;                        }&#13;&#10;                        i++;&#13;&#10;                    }&#13;&#10;                    fieldToCheck = null;&#13;&#10;                } else {&#13;&#10;                    checkersBoard.informer.myKingNotPlaced();&#13;&#10;                    remoteFunctions.waitForRedButton();&#13;&#10;                }&#13;&#10;            }&#13;&#10;        }&#13;&#10;    }&#13;&#10;&#13;&#10;    //Sets the colors of the pieces of the robot&#13;&#10;    public final void findMyColors() throws InterruptedException, IOException {&#13;&#10;        checkersBoard.myPeasentColor = getColor(0, 1);&#13;&#10;        if (checkersBoard.myPeasentColor == 'r') {&#13;&#10;            checkersBoard.myKingColor = 'b';&#13;&#10;        } else if (checkersBoard.myPeasentColor == 'w') {&#13;&#10;            checkersBoard.myKingColor = 'g';&#13;&#10;        } else {&#13;&#10;            remoteFunctions.resetMotors();&#13;&#10;            remoteFunctions.initColorSensor();&#13;&#10;            findMyColors();&#13;&#10;        }&#13;&#10;    }&#13;&#10;&#13;&#10;    //Returns the color on the given position&#13;&#10;    public final char getColor(int x, int y) throws IOException {&#13;&#10;        Color colorResult = remoteFunctions.getColorOnField(x, y);&#13;&#10;&#13;&#10;        int red = colorResult.getRed();&#13;&#10;        int green = colorResult.getGreen();&#13;&#10;        int blue = colorResult.getBlue();&#13;&#10;        if (red &gt; 230 &amp;&amp; red &lt; 290 &amp;&amp; green &lt; 130 &amp;&amp; green &gt; 60&#13;&#10;                &amp;&amp; blue &lt; 140 &amp;&amp; blue &gt; 60) {&#13;&#10;            return 'r';&#13;&#10;        } else if (red &gt; 230 &amp;&amp; red &lt; 285 &amp;&amp; green &gt; 235 &amp;&amp; green &lt; 285&#13;&#10;                &amp;&amp; blue &gt; 230 &amp;&amp; blue &lt; 280) {&#13;&#10;            return 'w';&#13;&#10;        } else if (red &lt; 230 &amp;&amp; red &gt; 170 &amp;&amp; green &gt; 210 &amp;&amp; green &lt; 290&#13;&#10;                &amp;&amp; blue &lt; 230 &amp;&amp; blue &gt; 170) {&#13;&#10;            return 'g';&#13;&#10;        } else if (red &lt; 170 &amp;&amp; red &gt; 110 &amp;&amp; green &lt; 240 &amp;&amp; green &gt; 180&#13;&#10;                &amp;&amp; blue &gt; 210 &amp;&amp; blue &lt; 270) {&#13;&#10;            return 'b';&#13;&#10;        } else {&#13;&#10;            return ' ';&#13;&#10;        }&#13;&#10;    }&#13;&#10;&#13;&#10;    public final boolean checkForGameHasEnded(boolean isHumansTurn)&#13;&#10;            throws IOException, NoKingLeft {&#13;&#10;        switch (gameHasEnded(isHumansTurn)) {&#13;&#10;        case 0:&#13;&#10;            return false;&#13;&#10;        case 1:&#13;&#10;            checkersBoard.informer.humanWon();&#13;&#10;            return true;&#13;&#10;        case 2:&#13;&#10;            checkersBoard.informer.robotWon();&#13;&#10;            return true;&#13;&#10;        case 3:&#13;&#10;            checkersBoard.informer.draw();&#13;&#10;            return true;&#13;&#10;        default:&#13;&#10;            return false;&#13;&#10;        }&#13;&#10;    }&#13;&#10;&#13;&#10;    /*returns 0 if game has not ended, 1 if the human won,&#13;&#10;     * 2 if the robot won and 3 if it was a draw*/&#13;&#10;    public final int gameHasEnded(boolean humanTurn) {&#13;&#10;        checkersBoard.updateMoveables();&#13;&#10;&#13;&#10;        List&lt;Piece&gt; humanPieceList = new ArrayList&lt;Piece&gt;();&#13;&#10;        List&lt;Piece&gt; robotPieceList = new ArrayList&lt;Piece&gt;();&#13;&#10;        boolean robotHasMovable = false;&#13;&#10;        boolean humanHasMovable = false;&#13;&#10;&#13;&#10;        for (Field[] f : checkersBoard.myBoard) {&#13;&#10;            for (Field field : f) {&#13;&#10;                if (!field.isEmpty()) {&#13;&#10;                    if (checkersBoard.checkAllegiance(field, true)) {&#13;&#10;                        humanPieceList.add(field.getPieceOnField());&#13;&#10;                        if (field.getPieceOnField().isMoveable) {&#13;&#10;                            humanHasMovable = true;&#13;&#10;                        }&#13;&#10;                    }&#13;&#10;                    if (checkersBoard.checkAllegiance(field, false)) {&#13;&#10;                        robotPieceList.add(field.getPieceOnField());&#13;&#10;                        if (field.getPieceOnField().isMoveable) {&#13;&#10;                            robotHasMovable = true;&#13;&#10;                        }&#13;&#10;                    }&#13;&#10;                }&#13;&#10;            }&#13;&#10;        }&#13;&#10;&#13;&#10;        if (robotPieceList.size() == 0 || (!humanTurn &amp;&amp; !robotHasMovable)) {&#13;&#10;            return 1;&#13;&#10;        }&#13;&#10;        if (humanPieceList.size() == 0 || (humanTurn &amp;&amp; !humanHasMovable)) {&#13;&#10;            return 2;&#13;&#10;        }&#13;&#10;        if (robotPieceList.size() == 1 &amp;&amp; humanPieceList.size() == 1) {&#13;&#10;            if (robotPieceList.get(0).isCrowned&#13;&#10;                    &amp;&amp; humanPieceList.get(0).isCrowned) {&#13;&#10;                boolean humanisInConer =&#13;&#10;                        isOnDoubleCorners(humanPieceList.get(0));&#13;&#10;                boolean robotisInConer =&#13;&#10;                        isOnDoubleCorners(robotPieceList.get(0));&#13;&#10;                if (humanisInConer || robotisInConer) {&#13;&#10;                    if (humanTurn &amp;&amp; !humanPieceList.get(0).canJump) {&#13;&#10;                        return 3;&#13;&#10;                    } else if (!humanTurn &amp;&amp; !robotPieceList.get(0).canJump) {&#13;&#10;                        return 3;&#13;&#10;                    }&#13;&#10;                }&#13;&#10;            }&#13;&#10;        }&#13;&#10;        return 0;&#13;&#10;    }&#13;&#10;&#13;&#10;    public final boolean hasTheMove(boolean humansTurn,&#13;&#10;            int ownPieces, int oppPieces) {&#13;&#10;        int rowToCheck = 0;&#13;&#10;        if (ownPieces - oppPieces == 0) {&#13;&#10;            if (!humansTurn) {&#13;&#10;                rowToCheck = 1;&#13;&#10;            }&#13;&#10;&#13;&#10;            int pieceCount = 0;&#13;&#10;&#13;&#10;            for (int i = rowToCheck; i &lt; 8; i += 2) {&#13;&#10;                for (int j = 0; j &lt; 8; j++) {&#13;&#10;                    if (!checkersBoard.myBoard[i][j].isEmpty()) {&#13;&#10;                        pieceCount++;&#13;&#10;                    }&#13;&#10;                }&#13;&#10;            }&#13;&#10;&#13;&#10;            if (pieceCount % 2 == 1) {&#13;&#10;                return true;&#13;&#10;            }&#13;&#10;        } else if (!humansTurn &amp;&amp; ownPieces &gt; oppPieces) {&#13;&#10;            return true;&#13;&#10;        } else if (humansTurn &amp;&amp; ownPieces &lt; oppPieces) {&#13;&#10;            return true;&#13;&#10;        }&#13;&#10;        return false;&#13;&#10;    }&#13;&#10;&#13;&#10;    public final boolean isOnDoubleCorners(Piece piece) {&#13;&#10;        if ((piece.getX() == 0 &amp;&amp; piece.getY() == 1)&#13;&#10;                || (piece.getX() == 1 &amp;&amp; piece.getY() == 0)&#13;&#10;                || (piece.getX() == 7 &amp;&amp; piece.getY() == 6)&#13;&#10;                || (piece.getX() == 6 &amp;&amp; piece.getY() == 7)) {&#13;&#10;            return true;&#13;&#10;        }&#13;&#10;        return false;&#13;&#10;    }&#13;&#10;&#13;&#10;    public final void cleanUp() throws IOException, NoKingLeft {&#13;&#10;        for (Field[] fa : checkersBoard.myBoard) {&#13;&#10;            for (Field f : fa) {&#13;&#10;                if (!f.isEmpty()) {&#13;&#10;                    placePiece(f);&#13;&#10;                }&#13;&#10;            }&#13;&#10;        }&#13;&#10;&#13;&#10;        for (Field[] fa : checkersBoard.trashPlace) {&#13;&#10;            for (Field f : fa) {&#13;&#10;                if (!f.isEmpty()) {&#13;&#10;                    placePiece(f);&#13;&#10;                }&#13;&#10;            }&#13;&#10;        }&#13;&#10;&#13;&#10;        for (Field[] fa : checkersBoard.oppTrashPlace) {&#13;&#10;            for (Field f : fa) {&#13;&#10;                if (!f.isEmpty()) {&#13;&#10;                    placePiece(f);&#13;&#10;                }&#13;&#10;            }&#13;&#10;        }&#13;&#10;    }&#13;&#10;&#13;&#10;    private void placePiece(Field fieldToMove) throws IOException, NoKingLeft {&#13;&#10;        if (fieldToMove.getPieceOnField().isCrowned) {&#13;&#10;            moveToKingRow(fieldToMove);&#13;&#10;        } else {&#13;&#10;            if (isInCorrectEnd(fieldToMove.getPieceOnField())) {&#13;&#10;                return;&#13;&#10;            } else {&#13;&#10;                movePeasent(fieldToMove);&#13;&#10;            }&#13;&#10;        }&#13;&#10;    }&#13;&#10;&#13;&#10;    private void movePeasent(Field fieldToMove) throws IOException, NoKingLeft {&#13;&#10;        if (checkersBoard.checkAllegiance(&#13;&#10;                fieldToMove.getPieceOnField(), true)) {&#13;&#10;            OUTERMOST: for (int i = 0; i &lt;= 7; i++) {&#13;&#10;                for (int j = 5; j &lt;= 7; j++) {&#13;&#10;                    if (checkersBoard.myBoard[i][j].isEmpty()&#13;&#10;                            &amp;&amp; checkersBoard.myBoard[i][j].allowedField) {&#13;&#10;                        remoteFunctions.doMove(new Move(fieldToMove,&#13;&#10;                                checkersBoard.myBoard[i][j], false));&#13;&#10;                        break OUTERMOST;&#13;&#10;                    }&#13;&#10;                }&#13;&#10;            }&#13;&#10;        } else if (checkersBoard.checkAllegiance(&#13;&#10;                fieldToMove.getPieceOnField(), false)) {&#13;&#10;            OUTERMOST: for (int i = 0; i &lt;= 7; i++) {&#13;&#10;                for (int j = 0; j &lt;= 2; j++) {&#13;&#10;                    if (checkersBoard.myBoard[i][j].isEmpty()&#13;&#10;                            &amp;&amp; checkersBoard.myBoard[i][j].allowedField) {&#13;&#10;                        remoteFunctions.doMove(new Move(fieldToMove,&#13;&#10;                                checkersBoard.myBoard[i][j], false));&#13;&#10;                        break OUTERMOST;&#13;&#10;                    }&#13;&#10;                }&#13;&#10;            }&#13;&#10;        }&#13;&#10;    }&#13;&#10;&#13;&#10;    private void moveToKingRow(Field fieldToMove)&#13;&#10;            throws IOException, NoKingLeft {&#13;&#10;        if (checkersBoard.checkAllegiance(&#13;&#10;                fieldToMove.getPieceOnField(), false)) {&#13;&#10;            int i = 0;&#13;&#10;            while (!(i &gt; 7)) {&#13;&#10;                if (checkersBoard.oppKingPlace[i].isEmpty()) {&#13;&#10;                    //Insert king at location&#13;&#10;                    remoteFunctions.doMove(new Move(fieldToMove,&#13;&#10;                            checkersBoard.oppKingPlace[i], true));&#13;&#10;                    return;&#13;&#10;                }&#13;&#10;                i++;&#13;&#10;            }&#13;&#10;        } else if (checkersBoard.checkAllegiance(&#13;&#10;                fieldToMove.getPieceOnField(), true)) {&#13;&#10;            int i = 0;&#13;&#10;            while (!(i &gt; 7)) {&#13;&#10;                if (checkersBoard.kingPlace[i].isEmpty()) {&#13;&#10;                    //Insert king at location&#13;&#10;                    remoteFunctions.doMove(new Move(fieldToMove,&#13;&#10;                            checkersBoard.kingPlace[i], true));&#13;&#10;                    return;&#13;&#10;                }&#13;&#10;                i++;&#13;&#10;            }&#13;&#10;        }&#13;&#10;    }&#13;&#10;&#13;&#10;    private boolean isInCorrectEnd(Piece pieceToCheck) {&#13;&#10;        return (checkersBoard.checkAllegiance(pieceToCheck, true)&#13;&#10;                &amp;&amp; (pieceToCheck.getY() &gt;= 5 &amp;&amp; pieceToCheck.getY() &lt;= 7))&#13;&#10;                || (checkersBoard.checkAllegiance(pieceToCheck, false)&#13;&#10;                &amp;&amp; (pieceToCheck.getY() &gt;= 0 &amp;&amp; pieceToCheck.getY() &lt;= 2));&#13;&#10;    }&#13;&#10;}&#13;&#10;" Filename="Analyze.java" Intrnl_Id="8"/>
</SrcFileList>
<CritList>
<CritListEntry Name="org.codecover.model.utils.criteria.LoopCoverage" PluginName="org.codecover"/>
<CritListEntry Name="org.codecover.model.utils.criteria.BranchCoverage" PluginName="org.codecover"/>
<CritListEntry Name="org.codecover.model.utils.criteria.ConditionCoverage" PluginName="org.codecover"/>
<CritListEntry Name="org.codecover.model.utils.criteria.SynchronizedStatementCoverage" PluginName="org.codecover"/>
<CritListEntry Name="org.codecover.model.utils.criteria.QMOCoverage" PluginName="org.codecover"/>
<CritListEntry Name="org.codecover.model.utils.criteria.StatementCoverage" PluginName="org.codecover"/>
</CritList>
<BoolOpList>
<BoolOp Arity="1" Intrnl_Id="9" Name="not (!)">
<BoolAssgnmntBoolMapList>
<MapEntry BoolAssgnmnt="0" Value="true"/>
<MapEntry BoolAssgnmnt="1" Value="false"/>
</BoolAssgnmntBoolMapList>
</BoolOp>
<BoolOp Arity="2" Intrnl_Id="10" Name="conditional and (&amp;&amp;)">
<BoolAssgnmntBoolMapList>
<MapEntry BoolAssgnmnt="10" Value="false"/>
<MapEntry BoolAssgnmnt="02" Value="false"/>
<MapEntry BoolAssgnmnt="11" Value="true"/>
</BoolAssgnmntBoolMapList>
</BoolOp>
<BoolOp Arity="2" Intrnl_Id="11" Name="conditional or (||)">
<BoolAssgnmntBoolMapList>
<MapEntry BoolAssgnmnt="01" Value="true"/>
<MapEntry BoolAssgnmnt="00" Value="false"/>
<MapEntry BoolAssgnmnt="12" Value="true"/>
</BoolAssgnmntBoolMapList>
</BoolOp>
</BoolOpList>
<HierarchyLvlTypeList>
<HierarchyLvlType EnglishName="package" IntrnlName="package" Intrnl_Id="12"/>
<HierarchyLvlType EnglishName="class" IntrnlName="class" Intrnl_Id="13"/>
<HierarchyLvlType EnglishName="method" IntrnlName="method" Intrnl_Id="14"/>
<HierarchyLvlType EnglishName="default package" IntrnlName="default package" Intrnl_Id="15"/>
</HierarchyLvlTypeList>
<MASTRoot>
<HierarchyLvl HierarchyLvlId="750" HierarchyLvlTypeId="15" Intrnl_Id="16" Name="default package">
<Header/>
<LocList/>
<HierarchyLvl HierarchyLvlId="749" HierarchyLvlTypeId="12" Intrnl_Id="17" Name="com">
<Header/>
<LocList/>
<HierarchyLvl HierarchyLvlId="748" HierarchyLvlTypeId="12" Intrnl_Id="18" Name="OriginalFiles">
<Header/>
<LocList/>
<HierarchyLvl HierarchyLvlId="654" HierarchyLvlTypeId="13" Intrnl_Id="19" Name="RemoteNXTFunctions">
<Header>
<Loc EndOffset="220" SrcFileId="1" StartOffset="189"/>
</Header>
<LocList>
<Loc EndOffset="11343" SrcFileId="1" StartOffset="189"/>
</LocList>
<StmntSeq Intrnl_Id="20">
<LocList>
<Loc EndOffset="296" SrcFileId="1" StartOffset="261"/>
<Loc EndOffset="356" SrcFileId="1" StartOffset="302"/>
</LocList>
<BasicStmnt CovItemId="S1" CovItemPrefix="com.OriginalFiles.RemoteNXTFunctions.java" Intrnl_Id="21">
<LocList>
<Loc EndOffset="296" SrcFileId="1" StartOffset="261"/>
</LocList>
</BasicStmnt>
<BasicStmnt CovItemId="S2" CovItemPrefix="com.OriginalFiles.RemoteNXTFunctions.java" Intrnl_Id="22">
<LocList>
<Loc EndOffset="356" SrcFileId="1" StartOffset="302"/>
</LocList>
</BasicStmnt>
</StmntSeq>
<HierarchyLvl HierarchyLvlId="645" HierarchyLvlTypeId="14" Intrnl_Id="23" Name="RemoteNXTFunctions">
<Header>
<Loc EndOffset="432" SrcFileId="1" StartOffset="364"/>
</Header>
<LocList>
<Loc EndOffset="483" SrcFileId="1" StartOffset="364"/>
</LocList>
<StmntSeq Intrnl_Id="24">
<LocList>
<Loc EndOffset="476" SrcFileId="1" StartOffset="444"/>
</LocList>
<BasicStmnt CovItemId="S3" CovItemPrefix="com.OriginalFiles.RemoteNXTFunctions.java" Intrnl_Id="25">
<LocList>
<Loc EndOffset="476" SrcFileId="1" StartOffset="444"/>
</LocList>
</BasicStmnt>
</StmntSeq>
</HierarchyLvl>
<HierarchyLvl HierarchyLvlId="646" HierarchyLvlTypeId="14" Intrnl_Id="26" Name="resetMotors">
<Header>
<Loc EndOffset="514" SrcFileId="1" StartOffset="489"/>
</Header>
<LocList>
<Loc EndOffset="571" SrcFileId="1" StartOffset="489"/>
</LocList>
<StmntSeq Intrnl_Id="27">
<LocList>
<Loc EndOffset="564" SrcFileId="1" StartOffset="526"/>
</LocList>
<BasicStmnt CovItemId="S4" CovItemPrefix="com.OriginalFiles.RemoteNXTFunctions.java" Intrnl_Id="28">
<LocList>
<Loc EndOffset="564" SrcFileId="1" StartOffset="526"/>
</LocList>
</BasicStmnt>
</StmntSeq>
</HierarchyLvl>
<HierarchyLvl HierarchyLvlId="647" HierarchyLvlTypeId="14" Intrnl_Id="29" Name="trashPieceOnField">
<Header>
<Loc EndOffset="621" SrcFileId="1" StartOffset="579"/>
</Header>
<LocList>
<Loc EndOffset="678" SrcFileId="1" StartOffset="579"/>
</LocList>
<StmntSeq Intrnl_Id="30">
<LocList>
<Loc EndOffset="661" SrcFileId="1" StartOffset="633"/>
</LocList>
<BasicStmnt CovItemId="S5" CovItemPrefix="com.OriginalFiles.RemoteNXTFunctions.java" Intrnl_Id="31">
<LocList>
<Loc EndOffset="661" SrcFileId="1" StartOffset="633"/>
</LocList>
</BasicStmnt>
</StmntSeq>
</HierarchyLvl>
<HierarchyLvl HierarchyLvlId="648" HierarchyLvlTypeId="14" Intrnl_Id="32" Name="doMove">
<Header>
<Loc EndOffset="746" SrcFileId="1" StartOffset="686"/>
</Header>
<LocList>
<Loc EndOffset="1292" SrcFileId="1" StartOffset="686"/>
</LocList>
<StmntSeq Intrnl_Id="33">
<LocList>
<Loc EndOffset="807" SrcFileId="1" StartOffset="758"/>
<Loc EndOffset="852" SrcFileId="1" StartOffset="819"/>
<Loc EndOffset="1154" SrcFileId="1" StartOffset="862"/>
<Loc EndOffset="1275" SrcFileId="1" StartOffset="1166"/>
</LocList>
<BasicStmnt CovItemId="S6" CovItemPrefix="com.OriginalFiles.RemoteNXTFunctions.java" Intrnl_Id="34">
<LocList>
<Loc EndOffset="807" SrcFileId="1" StartOffset="758"/>
</LocList>
</BasicStmnt>
<BasicStmnt CovItemId="S7" CovItemPrefix="com.OriginalFiles.RemoteNXTFunctions.java" Intrnl_Id="35">
<LocList>
<Loc EndOffset="852" SrcFileId="1" StartOffset="819"/>
</LocList>
</BasicStmnt>
<LoopStmnt CovItemId="S8" CovItemPrefix="com.OriginalFiles.RemoteNXTFunctions.java" Intrnl_Id="36" MltplExecId="L1-2" MltplExecPrefix="com.OriginalFiles.RemoteNXTFunctions.java" NvrExecId="L1-0" NvrExecPrefix="com.OriginalFiles.RemoteNXTFunctions.java" OnceExecutedId="L1-1" OnceExecutedPrefix="com.OriginalFiles.RemoteNXTFunctions.java" OptBodyExec="true">
<StmntSeq Intrnl_Id="37">
<LocList>
<Loc EndOffset="1041" SrcFileId="1" StartOffset="908"/>
<Loc EndOffset="1143" SrcFileId="1" StartOffset="1055"/>
</LocList>
<BasicStmnt CovItemId="S9" CovItemPrefix="com.OriginalFiles.RemoteNXTFunctions.java" Intrnl_Id="38">
<LocList>
<Loc EndOffset="1041" SrcFileId="1" StartOffset="908"/>
</LocList>
</BasicStmnt>
<CondStmnt CovItemId="S10" CovItemPrefix="com.OriginalFiles.RemoteNXTFunctions.java" Intrnl_Id="39">
<Branch CovItemId="B1" CovItemPrefix="com.OriginalFiles.RemoteNXTFunctions.java" Implct="false" Intrnl_Id="40">
<Cond/>
<LocList>
<Loc EndOffset="1143" SrcFileId="1" StartOffset="1080"/>
</LocList>
<StmntSeq Intrnl_Id="41">
<LocList>
<Loc EndOffset="1128" SrcFileId="1" StartOffset="1099"/>
</LocList>
<BasicStmnt CovItemId="S11" CovItemPrefix="com.OriginalFiles.RemoteNXTFunctions.java" Intrnl_Id="42">
<LocList>
<Loc EndOffset="1128" SrcFileId="1" StartOffset="1099"/>
</LocList>
</BasicStmnt>
</StmntSeq>
</Branch>
<Branch CovItemId="B2" CovItemPrefix="com.OriginalFiles.RemoteNXTFunctions.java" Implct="true" Intrnl_Id="43">
<Cond/>
<LocList/>
<StmntSeq Intrnl_Id="44">
<LocList/>
</StmntSeq>
</Branch>
<Keyword EndOffset="1057" SrcFileId="1" StartOffset="1055"/>
<LocList>
<Loc EndOffset="1143" SrcFileId="1" StartOffset="1055"/>
</LocList>
<RootTerm CovItemId="C2" CovItemPrefix="com.OriginalFiles.RemoteNXTFunctions.java" Intrnl_Id="45">
<BasicBoolTerm Intrnl_Id="46">
<LocList>
<Loc EndOffset="1078" SrcFileId="1" StartOffset="1059"/>
</LocList>
</BasicBoolTerm>
</RootTerm>
</CondStmnt>
</StmntSeq>
<Keyword EndOffset="865" SrcFileId="1" StartOffset="862"/>
<LocList>
<Loc EndOffset="1154" SrcFileId="1" StartOffset="862"/>
</LocList>
<RootTerm CovItemId="C1" CovItemPrefix="com.OriginalFiles.RemoteNXTFunctions.java" Intrnl_Id="47">
<BasicBoolTerm Intrnl_Id="48">
<LocList>
<Loc EndOffset="886" SrcFileId="1" StartOffset="878"/>
</LocList>
</BasicBoolTerm>
</RootTerm>
</LoopStmnt>
<LoopStmnt CovItemId="S12" CovItemPrefix="com.OriginalFiles.RemoteNXTFunctions.java" Intrnl_Id="49" MltplExecId="L2-2" MltplExecPrefix="com.OriginalFiles.RemoteNXTFunctions.java" NvrExecId="L2-0" NvrExecPrefix="com.OriginalFiles.RemoteNXTFunctions.java" OnceExecutedId="L2-1" OnceExecutedPrefix="com.OriginalFiles.RemoteNXTFunctions.java" OptBodyExec="true">
<StmntSeq Intrnl_Id="50">
<LocList>
<Loc EndOffset="1264" SrcFileId="1" StartOffset="1226"/>
</LocList>
<BasicStmnt CovItemId="S13" CovItemPrefix="com.OriginalFiles.RemoteNXTFunctions.java" Intrnl_Id="51">
<LocList>
<Loc EndOffset="1264" SrcFileId="1" StartOffset="1226"/>
</LocList>
</BasicStmnt>
</StmntSeq>
<Keyword EndOffset="1169" SrcFileId="1" StartOffset="1166"/>
<LocList>
<Loc EndOffset="1275" SrcFileId="1" StartOffset="1166"/>
</LocList>
<RootTerm CovItemId="C3" CovItemPrefix="com.OriginalFiles.RemoteNXTFunctions.java" Intrnl_Id="52">
<BasicBoolTerm Intrnl_Id="53">
<LocList>
<Loc EndOffset="1204" SrcFileId="1" StartOffset="1182"/>
</LocList>
</BasicBoolTerm>
</RootTerm>
</LoopStmnt>
</StmntSeq>
</HierarchyLvl>
<HierarchyLvl HierarchyLvlId="649" HierarchyLvlTypeId="14" Intrnl_Id="54" Name="movePieceOverField">
<Header>
<Loc EndOffset="1406" SrcFileId="1" StartOffset="1298"/>
</Header>
<LocList>
<Loc EndOffset="1786" SrcFileId="1" StartOffset="1298"/>
</LocList>
<StmntSeq Intrnl_Id="55">
<LocList>
<Loc EndOffset="1448" SrcFileId="1" StartOffset="1418"/>
<Loc EndOffset="1779" SrcFileId="1" StartOffset="1460"/>
</LocList>
<BasicStmnt CovItemId="S14" CovItemPrefix="com.OriginalFiles.RemoteNXTFunctions.java" Intrnl_Id="56">
<LocList>
<Loc EndOffset="1448" SrcFileId="1" StartOffset="1418"/>
</LocList>
</BasicStmnt>
<CondStmnt CovItemId="S15" CovItemPrefix="com.OriginalFiles.RemoteNXTFunctions.java" Intrnl_Id="57">
<Branch CovItemId="B3" CovItemPrefix="com.OriginalFiles.RemoteNXTFunctions.java" Implct="false" Intrnl_Id="58">
<Cond/>
<LocList>
<Loc EndOffset="1735" SrcFileId="1" StartOffset="1576"/>
</LocList>
<StmntSeq Intrnl_Id="59">
<LocList>
<Loc EndOffset="1724" SrcFileId="1" StartOffset="1591"/>
</LocList>
<BasicStmnt CovItemId="S16" CovItemPrefix="com.OriginalFiles.RemoteNXTFunctions.java" Intrnl_Id="60">
<LocList>
<Loc EndOffset="1724" SrcFileId="1" StartOffset="1591"/>
</LocList>
</BasicStmnt>
</StmntSeq>
</Branch>
<Branch CovItemId="B4" CovItemPrefix="com.OriginalFiles.RemoteNXTFunctions.java" Implct="false" Intrnl_Id="61">
<Cond>
<Loc EndOffset="1740" SrcFileId="1" StartOffset="1736"/>
</Cond>
<LocList>
<Loc EndOffset="1779" SrcFileId="1" StartOffset="1741"/>
</LocList>
<StmntSeq Intrnl_Id="62">
<LocList>
<Loc EndOffset="1768" SrcFileId="1" StartOffset="1756"/>
</LocList>
<BasicStmnt CovItemId="S17" CovItemPrefix="com.OriginalFiles.RemoteNXTFunctions.java" Intrnl_Id="63">
<LocList>
<Loc EndOffset="1768" SrcFileId="1" StartOffset="1756"/>
</LocList>
</BasicStmnt>
</StmntSeq>
</Branch>
<Keyword EndOffset="1462" SrcFileId="1" StartOffset="1460"/>
<LocList>
<Loc EndOffset="1779" SrcFileId="1" StartOffset="1460"/>
</LocList>
<RootTerm CovItemId="C4" CovItemPrefix="com.OriginalFiles.RemoteNXTFunctions.java" Intrnl_Id="64">
<OpTerm BooleanOpId="10" Intrnl_Id="65">
<BasicBoolTerm Intrnl_Id="66">
<LocList>
<Loc EndOffset="1515" SrcFileId="1" StartOffset="1464"/>
</LocList>
</BasicBoolTerm>
<BasicBoolTerm Intrnl_Id="67">
<LocList>
<Loc EndOffset="1574" SrcFileId="1" StartOffset="1536"/>
</LocList>
</BasicBoolTerm>
<LocList>
<Loc EndOffset="1535" SrcFileId="1" StartOffset="1533"/>
</LocList>
</OpTerm>
</RootTerm>
</CondStmnt>
</StmntSeq>
</HierarchyLvl>
<HierarchyLvl HierarchyLvlId="650" HierarchyLvlTypeId="14" Intrnl_Id="68" Name="movePiece">
<Header>
<Loc EndOffset="1890" SrcFileId="1" StartOffset="1792"/>
</Header>
<LocList>
<Loc EndOffset="1976" SrcFileId="1" StartOffset="1792"/>
</LocList>
<StmntSeq Intrnl_Id="69">
<LocList>
<Loc EndOffset="1969" SrcFileId="1" StartOffset="1902"/>
</LocList>
<BasicStmnt CovItemId="S18" CovItemPrefix="com.OriginalFiles.RemoteNXTFunctions.java" Intrnl_Id="70">
<LocList>
<Loc EndOffset="1969" SrcFileId="1" StartOffset="1902"/>
</LocList>
</BasicStmnt>
</StmntSeq>
</HierarchyLvl>
<HierarchyLvl HierarchyLvlId="651" HierarchyLvlTypeId="14" Intrnl_Id="71" Name="waitForRedButton">
<Header>
<Loc EndOffset="2014" SrcFileId="1" StartOffset="1984"/>
</Header>
<LocList>
<Loc EndOffset="2069" SrcFileId="1" StartOffset="1984"/>
</LocList>
</HierarchyLvl>
<HierarchyLvl HierarchyLvlId="652" HierarchyLvlTypeId="14" Intrnl_Id="72" Name="initColorSensor">
<Header>
<Loc EndOffset="2106" SrcFileId="1" StartOffset="2077"/>
</Header>
<LocList>
<Loc EndOffset="2161" SrcFileId="1" StartOffset="2077"/>
</LocList>
</HierarchyLvl>
<HierarchyLvl HierarchyLvlId="653" HierarchyLvlTypeId="14" Intrnl_Id="73" Name="getColorOnField">
<Header>
<Loc EndOffset="2217" SrcFileId="1" StartOffset="2169"/>
</Header>
<LocList>
<Loc EndOffset="11338" SrcFileId="1" StartOffset="2169"/>
</LocList>
<StmntSeq Intrnl_Id="74">
<LocList>
<Loc EndOffset="2256" SrcFileId="1" StartOffset="2229"/>
<Loc EndOffset="11297" SrcFileId="1" StartOffset="2276"/>
<Loc EndOffset="11331" SrcFileId="1" StartOffset="11317"/>
</LocList>
<BasicStmnt CovItemId="S19" CovItemPrefix="com.OriginalFiles.RemoteNXTFunctions.java" Intrnl_Id="75">
<LocList>
<Loc EndOffset="2256" SrcFileId="1" StartOffset="2229"/>
</LocList>
</BasicStmnt>
<CondStmnt CovItemId="S20" CovItemPrefix="com.OriginalFiles.RemoteNXTFunctions.java" Intrnl_Id="76">
<Branch CovItemId="B5" CovItemPrefix="com.OriginalFiles.RemoteNXTFunctions.java" Implct="false" Intrnl_Id="77">
<Cond/>
<LocList>
<Loc EndOffset="2815" SrcFileId="1" StartOffset="2305"/>
</LocList>
<StmntSeq Intrnl_Id="78">
<LocList>
<Loc EndOffset="2804" SrcFileId="1" StartOffset="2320"/>
</LocList>
<CondStmnt CovItemId="S21" CovItemPrefix="com.OriginalFiles.RemoteNXTFunctions.java" Intrnl_Id="79">
<Branch CovItemId="B7" CovItemPrefix="com.OriginalFiles.RemoteNXTFunctions.java" Implct="false" Intrnl_Id="80">
<Cond/>
<LocList>
<Loc EndOffset="2409" SrcFileId="1" StartOffset="2354"/>
</LocList>
<StmntSeq Intrnl_Id="81">
<LocList>
<Loc EndOffset="2394" SrcFileId="1" StartOffset="2373"/>
</LocList>
<BasicStmnt CovItemId="S22" CovItemPrefix="com.OriginalFiles.RemoteNXTFunctions.java" Intrnl_Id="82">
<LocList>
<Loc EndOffset="2394" SrcFileId="1" StartOffset="2373"/>
</LocList>
</BasicStmnt>
</StmntSeq>
</Branch>
<Branch CovItemId="B8" CovItemPrefix="com.OriginalFiles.RemoteNXTFunctions.java" Implct="false" Intrnl_Id="83">
<Cond>
<Loc EndOffset="2414" SrcFileId="1" StartOffset="2410"/>
</Cond>
<LocList>
<Loc EndOffset="2804" SrcFileId="1" StartOffset="2415"/>
</LocList>
<StmntSeq Intrnl_Id="84">
<LocList>
<Loc EndOffset="2804" SrcFileId="1" StartOffset="2415"/>
</LocList>
<CondStmnt CovItemId="S23" CovItemPrefix="com.OriginalFiles.RemoteNXTFunctions.java" Intrnl_Id="85">
<Branch CovItemId="B9" CovItemPrefix="com.OriginalFiles.RemoteNXTFunctions.java" Implct="false" Intrnl_Id="86">
<Cond/>
<LocList>
<Loc EndOffset="2492" SrcFileId="1" StartOffset="2437"/>
</LocList>
<StmntSeq Intrnl_Id="87">
<LocList>
<Loc EndOffset="2477" SrcFileId="1" StartOffset="2456"/>
</LocList>
<BasicStmnt CovItemId="S24" CovItemPrefix="com.OriginalFiles.RemoteNXTFunctions.java" Intrnl_Id="88">
<LocList>
<Loc EndOffset="2477" SrcFileId="1" StartOffset="2456"/>
</LocList>
</BasicStmnt>
</StmntSeq>
</Branch>
<Branch CovItemId="B10" CovItemPrefix="com.OriginalFiles.RemoteNXTFunctions.java" Implct="false" Intrnl_Id="89">
<Cond>
<Loc EndOffset="2497" SrcFileId="1" StartOffset="2493"/>
</Cond>
<LocList>
<Loc EndOffset="2804" SrcFileId="1" StartOffset="2498"/>
</LocList>
<StmntSeq Intrnl_Id="90">
<LocList>
<Loc EndOffset="2804" SrcFileId="1" StartOffset="2498"/>
</LocList>
<CondStmnt CovItemId="S25" CovItemPrefix="com.OriginalFiles.RemoteNXTFunctions.java" Intrnl_Id="91">
<Branch CovItemId="B11" CovItemPrefix="com.OriginalFiles.RemoteNXTFunctions.java" Implct="false" Intrnl_Id="92">
<Cond/>
<LocList>
<Loc EndOffset="2575" SrcFileId="1" StartOffset="2520"/>
</LocList>
<StmntSeq Intrnl_Id="93">
<LocList>
<Loc EndOffset="2560" SrcFileId="1" StartOffset="2539"/>
</LocList>
<BasicStmnt CovItemId="S26" CovItemPrefix="com.OriginalFiles.RemoteNXTFunctions.java" Intrnl_Id="94">
<LocList>
<Loc EndOffset="2560" SrcFileId="1" StartOffset="2539"/>
</LocList>
</BasicStmnt>
</StmntSeq>
</Branch>
<Branch CovItemId="B12" CovItemPrefix="com.OriginalFiles.RemoteNXTFunctions.java" Implct="false" Intrnl_Id="95">
<Cond>
<Loc EndOffset="2580" SrcFileId="1" StartOffset="2576"/>
</Cond>
<LocList>
<Loc EndOffset="2804" SrcFileId="1" StartOffset="2581"/>
</LocList>
<StmntSeq Intrnl_Id="96">
<LocList>
<Loc EndOffset="2804" SrcFileId="1" StartOffset="2581"/>
</LocList>
<CondStmnt CovItemId="S27" CovItemPrefix="com.OriginalFiles.RemoteNXTFunctions.java" Intrnl_Id="97">
<Branch CovItemId="B13" CovItemPrefix="com.OriginalFiles.RemoteNXTFunctions.java" Implct="false" Intrnl_Id="98">
<Cond/>
<LocList>
<Loc EndOffset="2743" SrcFileId="1" StartOffset="2640"/>
</LocList>
<StmntSeq Intrnl_Id="99">
<LocList>
<Loc EndOffset="2728" SrcFileId="1" StartOffset="2659"/>
</LocList>
<BasicStmnt CovItemId="S28" CovItemPrefix="com.OriginalFiles.RemoteNXTFunctions.java" Intrnl_Id="100">
<LocList>
<Loc EndOffset="2728" SrcFileId="1" StartOffset="2659"/>
</LocList>
</BasicStmnt>
</StmntSeq>
</Branch>
<Branch CovItemId="B14" CovItemPrefix="com.OriginalFiles.RemoteNXTFunctions.java" Implct="false" Intrnl_Id="101">
<Cond>
<Loc EndOffset="2748" SrcFileId="1" StartOffset="2744"/>
</Cond>
<LocList>
<Loc EndOffset="2804" SrcFileId="1" StartOffset="2749"/>
</LocList>
<StmntSeq Intrnl_Id="102">
<LocList>
<Loc EndOffset="2789" SrcFileId="1" StartOffset="2768"/>
</LocList>
<BasicStmnt CovItemId="S29" CovItemPrefix="com.OriginalFiles.RemoteNXTFunctions.java" Intrnl_Id="103">
<LocList>
<Loc EndOffset="2789" SrcFileId="1" StartOffset="2768"/>
</LocList>
</BasicStmnt>
</StmntSeq>
</Branch>
<Keyword EndOffset="2583" SrcFileId="1" StartOffset="2581"/>
<LocList>
<Loc EndOffset="2804" SrcFileId="1" StartOffset="2581"/>
</LocList>
<RootTerm CovItemId="C9" CovItemPrefix="com.OriginalFiles.RemoteNXTFunctions.java" Intrnl_Id="104">
<BasicBoolTerm Intrnl_Id="105">
<LocList>
<Loc EndOffset="2638" SrcFileId="1" StartOffset="2585"/>
</LocList>
</BasicBoolTerm>
</RootTerm>
</CondStmnt>
</StmntSeq>
</Branch>
<Keyword EndOffset="2500" SrcFileId="1" StartOffset="2498"/>
<LocList>
<Loc EndOffset="2804" SrcFileId="1" StartOffset="2498"/>
</LocList>
<RootTerm CovItemId="C8" CovItemPrefix="com.OriginalFiles.RemoteNXTFunctions.java" Intrnl_Id="106">
<OpTerm BooleanOpId="10" Intrnl_Id="107">
<BasicBoolTerm Intrnl_Id="108">
<LocList>
<Loc EndOffset="2508" SrcFileId="1" StartOffset="2502"/>
</LocList>
</BasicBoolTerm>
<BasicBoolTerm Intrnl_Id="109">
<LocList>
<Loc EndOffset="2518" SrcFileId="1" StartOffset="2512"/>
</LocList>
</BasicBoolTerm>
<LocList>
<Loc EndOffset="2511" SrcFileId="1" StartOffset="2509"/>
</LocList>
</OpTerm>
</RootTerm>
</CondStmnt>
</StmntSeq>
</Branch>
<Keyword EndOffset="2417" SrcFileId="1" StartOffset="2415"/>
<LocList>
<Loc EndOffset="2804" SrcFileId="1" StartOffset="2415"/>
</LocList>
<RootTerm CovItemId="C7" CovItemPrefix="com.OriginalFiles.RemoteNXTFunctions.java" Intrnl_Id="110">
<OpTerm BooleanOpId="10" Intrnl_Id="111">
<BasicBoolTerm Intrnl_Id="112">
<LocList>
<Loc EndOffset="2425" SrcFileId="1" StartOffset="2419"/>
</LocList>
</BasicBoolTerm>
<BasicBoolTerm Intrnl_Id="113">
<LocList>
<Loc EndOffset="2435" SrcFileId="1" StartOffset="2429"/>
</LocList>
</BasicBoolTerm>
<LocList>
<Loc EndOffset="2428" SrcFileId="1" StartOffset="2426"/>
</LocList>
</OpTerm>
</RootTerm>
</CondStmnt>
</StmntSeq>
</Branch>
<Keyword EndOffset="2322" SrcFileId="1" StartOffset="2320"/>
<LocList>
<Loc EndOffset="2804" SrcFileId="1" StartOffset="2320"/>
</LocList>
<RootTerm CovItemId="C6" CovItemPrefix="com.OriginalFiles.RemoteNXTFunctions.java" Intrnl_Id="114">
<OpTerm BooleanOpId="10" Intrnl_Id="115">
<BasicBoolTerm Intrnl_Id="116">
<LocList>
<Loc EndOffset="2329" SrcFileId="1" StartOffset="2323"/>
</LocList>
</BasicBoolTerm>
<BasicBoolTerm Intrnl_Id="117">
<LocList>
<Loc EndOffset="2339" SrcFileId="1" StartOffset="2333"/>
</LocList>
</BasicBoolTerm>
<LocList>
<Loc EndOffset="2332" SrcFileId="1" StartOffset="2330"/>
</LocList>
</OpTerm>
</RootTerm>
</CondStmnt>
</StmntSeq>
</Branch>
<Branch CovItemId="B6" CovItemPrefix="com.OriginalFiles.RemoteNXTFunctions.java" Implct="false" Intrnl_Id="118">
<Cond>
<Loc EndOffset="2829" SrcFileId="1" StartOffset="2825"/>
</Cond>
<LocList>
<Loc EndOffset="11297" SrcFileId="1" StartOffset="2830"/>
</LocList>
<StmntSeq Intrnl_Id="119">
<LocList>
<Loc EndOffset="3427" SrcFileId="1" StartOffset="2892"/>
<Loc EndOffset="4023" SrcFileId="1" StartOffset="3488"/>
<Loc EndOffset="11286" SrcFileId="1" StartOffset="4039"/>
</LocList>
<CondStmnt CovItemId="S30" CovItemPrefix="com.OriginalFiles.RemoteNXTFunctions.java" Intrnl_Id="120">
<Branch CovItemId="B15" CovItemPrefix="com.OriginalFiles.RemoteNXTFunctions.java" Implct="false" Intrnl_Id="121">
<Cond/>
<LocList>
<Loc EndOffset="3427" SrcFileId="1" StartOffset="2923"/>
</LocList>
<StmntSeq Intrnl_Id="122">
<LocList>
<Loc EndOffset="3412" SrcFileId="1" StartOffset="2942"/>
</LocList>
<CondStmnt CovItemId="S31" CovItemPrefix="com.OriginalFiles.RemoteNXTFunctions.java" Intrnl_Id="123">
<Branch CovItemId="B17" CovItemPrefix="com.OriginalFiles.RemoteNXTFunctions.java" Implct="false" Intrnl_Id="124">
<Cond/>
<LocList>
<Loc EndOffset="3043" SrcFileId="1" StartOffset="2980"/>
</LocList>
<StmntSeq Intrnl_Id="125">
<LocList>
<Loc EndOffset="3024" SrcFileId="1" StartOffset="3003"/>
</LocList>
<BasicStmnt CovItemId="S32" CovItemPrefix="com.OriginalFiles.RemoteNXTFunctions.java" Intrnl_Id="126">
<LocList>
<Loc EndOffset="3024" SrcFileId="1" StartOffset="3003"/>
</LocList>
</BasicStmnt>
</StmntSeq>
</Branch>
<Branch CovItemId="B18" CovItemPrefix="com.OriginalFiles.RemoteNXTFunctions.java" Implct="false" Intrnl_Id="127">
<Cond>
<Loc EndOffset="3065" SrcFileId="1" StartOffset="3061"/>
</Cond>
<LocList>
<Loc EndOffset="3412" SrcFileId="1" StartOffset="3066"/>
</LocList>
<StmntSeq Intrnl_Id="128">
<LocList>
<Loc EndOffset="3412" SrcFileId="1" StartOffset="3066"/>
</LocList>
<CondStmnt CovItemId="S33" CovItemPrefix="com.OriginalFiles.RemoteNXTFunctions.java" Intrnl_Id="129">
<Branch CovItemId="B19" CovItemPrefix="com.OriginalFiles.RemoteNXTFunctions.java" Implct="false" Intrnl_Id="130">
<Cond/>
<LocList>
<Loc EndOffset="3167" SrcFileId="1" StartOffset="3104"/>
</LocList>
<StmntSeq Intrnl_Id="131">
<LocList>
<Loc EndOffset="3148" SrcFileId="1" StartOffset="3127"/>
</LocList>
<BasicStmnt CovItemId="S34" CovItemPrefix="com.OriginalFiles.RemoteNXTFunctions.java" Intrnl_Id="132">
<LocList>
<Loc EndOffset="3148" SrcFileId="1" StartOffset="3127"/>
</LocList>
</BasicStmnt>
</StmntSeq>
</Branch>
<Branch CovItemId="B20" CovItemPrefix="com.OriginalFiles.RemoteNXTFunctions.java" Implct="false" Intrnl_Id="133">
<Cond>
<Loc EndOffset="3172" SrcFileId="1" StartOffset="3168"/>
</Cond>
<LocList>
<Loc EndOffset="3412" SrcFileId="1" StartOffset="3173"/>
</LocList>
<StmntSeq Intrnl_Id="134">
<LocList>
<Loc EndOffset="3412" SrcFileId="1" StartOffset="3173"/>
</LocList>
<CondStmnt CovItemId="S35" CovItemPrefix="com.OriginalFiles.RemoteNXTFunctions.java" Intrnl_Id="135">
<Branch CovItemId="B21" CovItemPrefix="com.OriginalFiles.RemoteNXTFunctions.java" Implct="false" Intrnl_Id="136">
<Cond/>
<LocList>
<Loc EndOffset="3343" SrcFileId="1" StartOffset="3232"/>
</LocList>
<StmntSeq Intrnl_Id="137">
<LocList>
<Loc EndOffset="3324" SrcFileId="1" StartOffset="3255"/>
</LocList>
<BasicStmnt CovItemId="S36" CovItemPrefix="com.OriginalFiles.RemoteNXTFunctions.java" Intrnl_Id="138">
<LocList>
<Loc EndOffset="3324" SrcFileId="1" StartOffset="3255"/>
</LocList>
</BasicStmnt>
</StmntSeq>
</Branch>
<Branch CovItemId="B22" CovItemPrefix="com.OriginalFiles.RemoteNXTFunctions.java" Implct="false" Intrnl_Id="139">
<Cond>
<Loc EndOffset="3348" SrcFileId="1" StartOffset="3344"/>
</Cond>
<LocList>
<Loc EndOffset="3412" SrcFileId="1" StartOffset="3349"/>
</LocList>
<StmntSeq Intrnl_Id="140">
<LocList>
<Loc EndOffset="3393" SrcFileId="1" StartOffset="3372"/>
</LocList>
<BasicStmnt CovItemId="S37" CovItemPrefix="com.OriginalFiles.RemoteNXTFunctions.java" Intrnl_Id="141">
<LocList>
<Loc EndOffset="3393" SrcFileId="1" StartOffset="3372"/>
</LocList>
</BasicStmnt>
</StmntSeq>
</Branch>
<Keyword EndOffset="3175" SrcFileId="1" StartOffset="3173"/>
<LocList>
<Loc EndOffset="3412" SrcFileId="1" StartOffset="3173"/>
</LocList>
<RootTerm CovItemId="C13" CovItemPrefix="com.OriginalFiles.RemoteNXTFunctions.java" Intrnl_Id="142">
<BasicBoolTerm Intrnl_Id="143">
<LocList>
<Loc EndOffset="3230" SrcFileId="1" StartOffset="3177"/>
</LocList>
</BasicBoolTerm>
</RootTerm>
</CondStmnt>
</StmntSeq>
</Branch>
<Keyword EndOffset="3068" SrcFileId="1" StartOffset="3066"/>
<LocList>
<Loc EndOffset="3412" SrcFileId="1" StartOffset="3066"/>
</LocList>
<RootTerm CovItemId="C12" CovItemPrefix="com.OriginalFiles.RemoteNXTFunctions.java" Intrnl_Id="144">
<OpTerm BooleanOpId="10" Intrnl_Id="145">
<BasicBoolTerm Intrnl_Id="146">
<LocList>
<Loc EndOffset="3075" SrcFileId="1" StartOffset="3069"/>
</LocList>
</BasicBoolTerm>
<BasicBoolTerm Intrnl_Id="147">
<LocList>
<Loc EndOffset="3085" SrcFileId="1" StartOffset="3079"/>
</LocList>
</BasicBoolTerm>
<LocList>
<Loc EndOffset="3078" SrcFileId="1" StartOffset="3076"/>
</LocList>
</OpTerm>
</RootTerm>
</CondStmnt>
</StmntSeq>
</Branch>
<Keyword EndOffset="2944" SrcFileId="1" StartOffset="2942"/>
<LocList>
<Loc EndOffset="3412" SrcFileId="1" StartOffset="2942"/>
</LocList>
<RootTerm CovItemId="C11" CovItemPrefix="com.OriginalFiles.RemoteNXTFunctions.java" Intrnl_Id="148">
<OpTerm BooleanOpId="10" Intrnl_Id="149">
<BasicBoolTerm Intrnl_Id="150">
<LocList>
<Loc EndOffset="2951" SrcFileId="1" StartOffset="2945"/>
</LocList>
</BasicBoolTerm>
<BasicBoolTerm Intrnl_Id="151">
<LocList>
<Loc EndOffset="2961" SrcFileId="1" StartOffset="2955"/>
</LocList>
</BasicBoolTerm>
<LocList>
<Loc EndOffset="2954" SrcFileId="1" StartOffset="2952"/>
</LocList>
</OpTerm>
</RootTerm>
</CondStmnt>
</StmntSeq>
</Branch>
<Branch CovItemId="B16" CovItemPrefix="com.OriginalFiles.RemoteNXTFunctions.java" Implct="true" Intrnl_Id="152">
<Cond/>
<LocList/>
<StmntSeq Intrnl_Id="153">
<LocList/>
</StmntSeq>
</Branch>
<Keyword EndOffset="2894" SrcFileId="1" StartOffset="2892"/>
<LocList>
<Loc EndOffset="3427" SrcFileId="1" StartOffset="2892"/>
</LocList>
<RootTerm CovItemId="C10" CovItemPrefix="com.OriginalFiles.RemoteNXTFunctions.java" Intrnl_Id="154">
<BasicBoolTerm Intrnl_Id="155">
<LocList>
<Loc EndOffset="2921" SrcFileId="1" StartOffset="2895"/>
</LocList>
</BasicBoolTerm>
</RootTerm>
</CondStmnt>
<CondStmnt CovItemId="S38" CovItemPrefix="com.OriginalFiles.RemoteNXTFunctions.java" Intrnl_Id="156">
<Branch CovItemId="B23" CovItemPrefix="com.OriginalFiles.RemoteNXTFunctions.java" Implct="false" Intrnl_Id="157">
<Cond/>
<LocList>
<Loc EndOffset="4023" SrcFileId="1" StartOffset="3519"/>
</LocList>
<StmntSeq Intrnl_Id="158">
<LocList>
<Loc EndOffset="4008" SrcFileId="1" StartOffset="3538"/>
</LocList>
<CondStmnt CovItemId="S39" CovItemPrefix="com.OriginalFiles.RemoteNXTFunctions.java" Intrnl_Id="159">
<Branch CovItemId="B25" CovItemPrefix="com.OriginalFiles.RemoteNXTFunctions.java" Implct="false" Intrnl_Id="160">
<Cond/>
<LocList>
<Loc EndOffset="3639" SrcFileId="1" StartOffset="3576"/>
</LocList>
<StmntSeq Intrnl_Id="161">
<LocList>
<Loc EndOffset="3620" SrcFileId="1" StartOffset="3599"/>
</LocList>
<BasicStmnt CovItemId="S40" CovItemPrefix="com.OriginalFiles.RemoteNXTFunctions.java" Intrnl_Id="162">
<LocList>
<Loc EndOffset="3620" SrcFileId="1" StartOffset="3599"/>
</LocList>
</BasicStmnt>
</StmntSeq>
</Branch>
<Branch CovItemId="B26" CovItemPrefix="com.OriginalFiles.RemoteNXTFunctions.java" Implct="false" Intrnl_Id="163">
<Cond>
<Loc EndOffset="3661" SrcFileId="1" StartOffset="3657"/>
</Cond>
<LocList>
<Loc EndOffset="4008" SrcFileId="1" StartOffset="3662"/>
</LocList>
<StmntSeq Intrnl_Id="164">
<LocList>
<Loc EndOffset="4008" SrcFileId="1" StartOffset="3662"/>
</LocList>
<CondStmnt CovItemId="S41" CovItemPrefix="com.OriginalFiles.RemoteNXTFunctions.java" Intrnl_Id="165">
<Branch CovItemId="B27" CovItemPrefix="com.OriginalFiles.RemoteNXTFunctions.java" Implct="false" Intrnl_Id="166">
<Cond/>
<LocList>
<Loc EndOffset="3763" SrcFileId="1" StartOffset="3700"/>
</LocList>
<StmntSeq Intrnl_Id="167">
<LocList>
<Loc EndOffset="3744" SrcFileId="1" StartOffset="3723"/>
</LocList>
<BasicStmnt CovItemId="S42" CovItemPrefix="com.OriginalFiles.RemoteNXTFunctions.java" Intrnl_Id="168">
<LocList>
<Loc EndOffset="3744" SrcFileId="1" StartOffset="3723"/>
</LocList>
</BasicStmnt>
</StmntSeq>
</Branch>
<Branch CovItemId="B28" CovItemPrefix="com.OriginalFiles.RemoteNXTFunctions.java" Implct="false" Intrnl_Id="169">
<Cond>
<Loc EndOffset="3768" SrcFileId="1" StartOffset="3764"/>
</Cond>
<LocList>
<Loc EndOffset="4008" SrcFileId="1" StartOffset="3769"/>
</LocList>
<StmntSeq Intrnl_Id="170">
<LocList>
<Loc EndOffset="4008" SrcFileId="1" StartOffset="3769"/>
</LocList>
<CondStmnt CovItemId="S43" CovItemPrefix="com.OriginalFiles.RemoteNXTFunctions.java" Intrnl_Id="171">
<Branch CovItemId="B29" CovItemPrefix="com.OriginalFiles.RemoteNXTFunctions.java" Implct="false" Intrnl_Id="172">
<Cond/>
<LocList>
<Loc EndOffset="3939" SrcFileId="1" StartOffset="3828"/>
</LocList>
<StmntSeq Intrnl_Id="173">
<LocList>
<Loc EndOffset="3920" SrcFileId="1" StartOffset="3851"/>
</LocList>
<BasicStmnt CovItemId="S44" CovItemPrefix="com.OriginalFiles.RemoteNXTFunctions.java" Intrnl_Id="174">
<LocList>
<Loc EndOffset="3920" SrcFileId="1" StartOffset="3851"/>
</LocList>
</BasicStmnt>
</StmntSeq>
</Branch>
<Branch CovItemId="B30" CovItemPrefix="com.OriginalFiles.RemoteNXTFunctions.java" Implct="false" Intrnl_Id="175">
<Cond>
<Loc EndOffset="3944" SrcFileId="1" StartOffset="3940"/>
</Cond>
<LocList>
<Loc EndOffset="4008" SrcFileId="1" StartOffset="3945"/>
</LocList>
<StmntSeq Intrnl_Id="176">
<LocList>
<Loc EndOffset="3989" SrcFileId="1" StartOffset="3968"/>
</LocList>
<BasicStmnt CovItemId="S45" CovItemPrefix="com.OriginalFiles.RemoteNXTFunctions.java" Intrnl_Id="177">
<LocList>
<Loc EndOffset="3989" SrcFileId="1" StartOffset="3968"/>
</LocList>
</BasicStmnt>
</StmntSeq>
</Branch>
<Keyword EndOffset="3771" SrcFileId="1" StartOffset="3769"/>
<LocList>
<Loc EndOffset="4008" SrcFileId="1" StartOffset="3769"/>
</LocList>
<RootTerm CovItemId="C17" CovItemPrefix="com.OriginalFiles.RemoteNXTFunctions.java" Intrnl_Id="178">
<BasicBoolTerm Intrnl_Id="179">
<LocList>
<Loc EndOffset="3826" SrcFileId="1" StartOffset="3773"/>
</LocList>
</BasicBoolTerm>
</RootTerm>
</CondStmnt>
</StmntSeq>
</Branch>
<Keyword EndOffset="3664" SrcFileId="1" StartOffset="3662"/>
<LocList>
<Loc EndOffset="4008" SrcFileId="1" StartOffset="3662"/>
</LocList>
<RootTerm CovItemId="C16" CovItemPrefix="com.OriginalFiles.RemoteNXTFunctions.java" Intrnl_Id="180">
<OpTerm BooleanOpId="10" Intrnl_Id="181">
<BasicBoolTerm Intrnl_Id="182">
<LocList>
<Loc EndOffset="3671" SrcFileId="1" StartOffset="3665"/>
</LocList>
</BasicBoolTerm>
<BasicBoolTerm Intrnl_Id="183">
<LocList>
<Loc EndOffset="3681" SrcFileId="1" StartOffset="3675"/>
</LocList>
</BasicBoolTerm>
<LocList>
<Loc EndOffset="3674" SrcFileId="1" StartOffset="3672"/>
</LocList>
</OpTerm>
</RootTerm>
</CondStmnt>
</StmntSeq>
</Branch>
<Keyword EndOffset="3540" SrcFileId="1" StartOffset="3538"/>
<LocList>
<Loc EndOffset="4008" SrcFileId="1" StartOffset="3538"/>
</LocList>
<RootTerm CovItemId="C15" CovItemPrefix="com.OriginalFiles.RemoteNXTFunctions.java" Intrnl_Id="184">
<OpTerm BooleanOpId="10" Intrnl_Id="185">
<BasicBoolTerm Intrnl_Id="186">
<LocList>
<Loc EndOffset="3547" SrcFileId="1" StartOffset="3541"/>
</LocList>
</BasicBoolTerm>
<BasicBoolTerm Intrnl_Id="187">
<LocList>
<Loc EndOffset="3557" SrcFileId="1" StartOffset="3551"/>
</LocList>
</BasicBoolTerm>
<LocList>
<Loc EndOffset="3550" SrcFileId="1" StartOffset="3548"/>
</LocList>
</OpTerm>
</RootTerm>
</CondStmnt>
</StmntSeq>
</Branch>
<Branch CovItemId="B24" CovItemPrefix="com.OriginalFiles.RemoteNXTFunctions.java" Implct="true" Intrnl_Id="188">
<Cond/>
<LocList/>
<StmntSeq Intrnl_Id="189">
<LocList/>
</StmntSeq>
</Branch>
<Keyword EndOffset="3490" SrcFileId="1" StartOffset="3488"/>
<LocList>
<Loc EndOffset="4023" SrcFileId="1" StartOffset="3488"/>
</LocList>
<RootTerm CovItemId="C14" CovItemPrefix="com.OriginalFiles.RemoteNXTFunctions.java" Intrnl_Id="190">
<BasicBoolTerm Intrnl_Id="191">
<LocList>
<Loc EndOffset="3517" SrcFileId="1" StartOffset="3491"/>
</LocList>
</BasicBoolTerm>
</RootTerm>
</CondStmnt>
<CondStmnt CovItemId="S46" CovItemPrefix="com.OriginalFiles.RemoteNXTFunctions.java" Intrnl_Id="192">
<Branch CovItemId="B31" CovItemPrefix="com.OriginalFiles.RemoteNXTFunctions.java" Implct="false" Intrnl_Id="193">
<Cond/>
<LocList>
<Loc EndOffset="4572" SrcFileId="1" StartOffset="4068"/>
</LocList>
<StmntSeq Intrnl_Id="194">
<LocList>
<Loc EndOffset="4557" SrcFileId="1" StartOffset="4087"/>
</LocList>
<CondStmnt CovItemId="S47" CovItemPrefix="com.OriginalFiles.RemoteNXTFunctions.java" Intrnl_Id="195">
<Branch CovItemId="B33" CovItemPrefix="com.OriginalFiles.RemoteNXTFunctions.java" Implct="false" Intrnl_Id="196">
<Cond/>
<LocList>
<Loc EndOffset="4188" SrcFileId="1" StartOffset="4125"/>
</LocList>
<StmntSeq Intrnl_Id="197">
<LocList>
<Loc EndOffset="4169" SrcFileId="1" StartOffset="4148"/>
</LocList>
<BasicStmnt CovItemId="S48" CovItemPrefix="com.OriginalFiles.RemoteNXTFunctions.java" Intrnl_Id="198">
<LocList>
<Loc EndOffset="4169" SrcFileId="1" StartOffset="4148"/>
</LocList>
</BasicStmnt>
</StmntSeq>
</Branch>
<Branch CovItemId="B34" CovItemPrefix="com.OriginalFiles.RemoteNXTFunctions.java" Implct="false" Intrnl_Id="199">
<Cond>
<Loc EndOffset="4210" SrcFileId="1" StartOffset="4206"/>
</Cond>
<LocList>
<Loc EndOffset="4557" SrcFileId="1" StartOffset="4211"/>
</LocList>
<StmntSeq Intrnl_Id="200">
<LocList>
<Loc EndOffset="4557" SrcFileId="1" StartOffset="4211"/>
</LocList>
<CondStmnt CovItemId="S49" CovItemPrefix="com.OriginalFiles.RemoteNXTFunctions.java" Intrnl_Id="201">
<Branch CovItemId="B35" CovItemPrefix="com.OriginalFiles.RemoteNXTFunctions.java" Implct="false" Intrnl_Id="202">
<Cond/>
<LocList>
<Loc EndOffset="4312" SrcFileId="1" StartOffset="4249"/>
</LocList>
<StmntSeq Intrnl_Id="203">
<LocList>
<Loc EndOffset="4293" SrcFileId="1" StartOffset="4272"/>
</LocList>
<BasicStmnt CovItemId="S50" CovItemPrefix="com.OriginalFiles.RemoteNXTFunctions.java" Intrnl_Id="204">
<LocList>
<Loc EndOffset="4293" SrcFileId="1" StartOffset="4272"/>
</LocList>
</BasicStmnt>
</StmntSeq>
</Branch>
<Branch CovItemId="B36" CovItemPrefix="com.OriginalFiles.RemoteNXTFunctions.java" Implct="false" Intrnl_Id="205">
<Cond>
<Loc EndOffset="4317" SrcFileId="1" StartOffset="4313"/>
</Cond>
<LocList>
<Loc EndOffset="4557" SrcFileId="1" StartOffset="4318"/>
</LocList>
<StmntSeq Intrnl_Id="206">
<LocList>
<Loc EndOffset="4557" SrcFileId="1" StartOffset="4318"/>
</LocList>
<CondStmnt CovItemId="S51" CovItemPrefix="com.OriginalFiles.RemoteNXTFunctions.java" Intrnl_Id="207">
<Branch CovItemId="B37" CovItemPrefix="com.OriginalFiles.RemoteNXTFunctions.java" Implct="false" Intrnl_Id="208">
<Cond/>
<LocList>
<Loc EndOffset="4488" SrcFileId="1" StartOffset="4377"/>
</LocList>
<StmntSeq Intrnl_Id="209">
<LocList>
<Loc EndOffset="4469" SrcFileId="1" StartOffset="4400"/>
</LocList>
<BasicStmnt CovItemId="S52" CovItemPrefix="com.OriginalFiles.RemoteNXTFunctions.java" Intrnl_Id="210">
<LocList>
<Loc EndOffset="4469" SrcFileId="1" StartOffset="4400"/>
</LocList>
</BasicStmnt>
</StmntSeq>
</Branch>
<Branch CovItemId="B38" CovItemPrefix="com.OriginalFiles.RemoteNXTFunctions.java" Implct="false" Intrnl_Id="211">
<Cond>
<Loc EndOffset="4493" SrcFileId="1" StartOffset="4489"/>
</Cond>
<LocList>
<Loc EndOffset="4557" SrcFileId="1" StartOffset="4494"/>
</LocList>
<StmntSeq Intrnl_Id="212">
<LocList>
<Loc EndOffset="4538" SrcFileId="1" StartOffset="4517"/>
</LocList>
<BasicStmnt CovItemId="S53" CovItemPrefix="com.OriginalFiles.RemoteNXTFunctions.java" Intrnl_Id="213">
<LocList>
<Loc EndOffset="4538" SrcFileId="1" StartOffset="4517"/>
</LocList>
</BasicStmnt>
</StmntSeq>
</Branch>
<Keyword EndOffset="4320" SrcFileId="1" StartOffset="4318"/>
<LocList>
<Loc EndOffset="4557" SrcFileId="1" StartOffset="4318"/>
</LocList>
<RootTerm CovItemId="C21" CovItemPrefix="com.OriginalFiles.RemoteNXTFunctions.java" Intrnl_Id="214">
<BasicBoolTerm Intrnl_Id="215">
<LocList>
<Loc EndOffset="4375" SrcFileId="1" StartOffset="4322"/>
</LocList>
</BasicBoolTerm>
</RootTerm>
</CondStmnt>
</StmntSeq>
</Branch>
<Keyword EndOffset="4213" SrcFileId="1" StartOffset="4211"/>
<LocList>
<Loc EndOffset="4557" SrcFileId="1" StartOffset="4211"/>
</LocList>
<RootTerm CovItemId="C20" CovItemPrefix="com.OriginalFiles.RemoteNXTFunctions.java" Intrnl_Id="216">
<OpTerm BooleanOpId="10" Intrnl_Id="217">
<BasicBoolTerm Intrnl_Id="218">
<LocList>
<Loc EndOffset="4220" SrcFileId="1" StartOffset="4214"/>
</LocList>
</BasicBoolTerm>
<BasicBoolTerm Intrnl_Id="219">
<LocList>
<Loc EndOffset="4230" SrcFileId="1" StartOffset="4224"/>
</LocList>
</BasicBoolTerm>
<LocList>
<Loc EndOffset="4223" SrcFileId="1" StartOffset="4221"/>
</LocList>
</OpTerm>
</RootTerm>
</CondStmnt>
</StmntSeq>
</Branch>
<Keyword EndOffset="4089" SrcFileId="1" StartOffset="4087"/>
<LocList>
<Loc EndOffset="4557" SrcFileId="1" StartOffset="4087"/>
</LocList>
<RootTerm CovItemId="C19" CovItemPrefix="com.OriginalFiles.RemoteNXTFunctions.java" Intrnl_Id="220">
<OpTerm BooleanOpId="10" Intrnl_Id="221">
<BasicBoolTerm Intrnl_Id="222">
<LocList>
<Loc EndOffset="4096" SrcFileId="1" StartOffset="4090"/>
</LocList>
</BasicBoolTerm>
<BasicBoolTerm Intrnl_Id="223">
<LocList>
<Loc EndOffset="4106" SrcFileId="1" StartOffset="4100"/>
</LocList>
</BasicBoolTerm>
<LocList>
<Loc EndOffset="4099" SrcFileId="1" StartOffset="4097"/>
</LocList>
</OpTerm>
</RootTerm>
</CondStmnt>
</StmntSeq>
</Branch>
<Branch CovItemId="B32" CovItemPrefix="com.OriginalFiles.RemoteNXTFunctions.java" Implct="false" Intrnl_Id="224">
<Cond>
<Loc EndOffset="4590" SrcFileId="1" StartOffset="4586"/>
</Cond>
<LocList>
<Loc EndOffset="11286" SrcFileId="1" StartOffset="4591"/>
</LocList>
<StmntSeq Intrnl_Id="225">
<LocList>
<Loc EndOffset="11286" SrcFileId="1" StartOffset="4591"/>
</LocList>
<CondStmnt CovItemId="S54" CovItemPrefix="com.OriginalFiles.RemoteNXTFunctions.java" Intrnl_Id="226">
<Branch CovItemId="B39" CovItemPrefix="com.OriginalFiles.RemoteNXTFunctions.java" Implct="false" Intrnl_Id="227">
<Cond/>
<LocList>
<Loc EndOffset="5232" SrcFileId="1" StartOffset="4621"/>
</LocList>
<StmntSeq Intrnl_Id="228">
<LocList>
<Loc EndOffset="5217" SrcFileId="1" StartOffset="4640"/>
</LocList>
<CondStmnt CovItemId="S55" CovItemPrefix="com.OriginalFiles.RemoteNXTFunctions.java" Intrnl_Id="229">
<Branch CovItemId="B41" CovItemPrefix="com.OriginalFiles.RemoteNXTFunctions.java" Implct="false" Intrnl_Id="230">
<Cond/>
<LocList>
<Loc EndOffset="4741" SrcFileId="1" StartOffset="4678"/>
</LocList>
<StmntSeq Intrnl_Id="231">
<LocList>
<Loc EndOffset="4722" SrcFileId="1" StartOffset="4701"/>
</LocList>
<BasicStmnt CovItemId="S56" CovItemPrefix="com.OriginalFiles.RemoteNXTFunctions.java" Intrnl_Id="232">
<LocList>
<Loc EndOffset="4722" SrcFileId="1" StartOffset="4701"/>
</LocList>
</BasicStmnt>
</StmntSeq>
</Branch>
<Branch CovItemId="B42" CovItemPrefix="com.OriginalFiles.RemoteNXTFunctions.java" Implct="false" Intrnl_Id="233">
<Cond>
<Loc EndOffset="4763" SrcFileId="1" StartOffset="4759"/>
</Cond>
<LocList>
<Loc EndOffset="5217" SrcFileId="1" StartOffset="4764"/>
</LocList>
<StmntSeq Intrnl_Id="234">
<LocList>
<Loc EndOffset="5217" SrcFileId="1" StartOffset="4764"/>
</LocList>
<CondStmnt CovItemId="S57" CovItemPrefix="com.OriginalFiles.RemoteNXTFunctions.java" Intrnl_Id="235">
<Branch CovItemId="B43" CovItemPrefix="com.OriginalFiles.RemoteNXTFunctions.java" Implct="false" Intrnl_Id="236">
<Cond/>
<LocList>
<Loc EndOffset="4848" SrcFileId="1" StartOffset="4785"/>
</LocList>
<StmntSeq Intrnl_Id="237">
<LocList>
<Loc EndOffset="4829" SrcFileId="1" StartOffset="4808"/>
</LocList>
<BasicStmnt CovItemId="S58" CovItemPrefix="com.OriginalFiles.RemoteNXTFunctions.java" Intrnl_Id="238">
<LocList>
<Loc EndOffset="4829" SrcFileId="1" StartOffset="4808"/>
</LocList>
</BasicStmnt>
</StmntSeq>
</Branch>
<Branch CovItemId="B44" CovItemPrefix="com.OriginalFiles.RemoteNXTFunctions.java" Implct="false" Intrnl_Id="239">
<Cond>
<Loc EndOffset="4870" SrcFileId="1" StartOffset="4866"/>
</Cond>
<LocList>
<Loc EndOffset="5217" SrcFileId="1" StartOffset="4871"/>
</LocList>
<StmntSeq Intrnl_Id="240">
<LocList>
<Loc EndOffset="5217" SrcFileId="1" StartOffset="4871"/>
</LocList>
<CondStmnt CovItemId="S59" CovItemPrefix="com.OriginalFiles.RemoteNXTFunctions.java" Intrnl_Id="241">
<Branch CovItemId="B45" CovItemPrefix="com.OriginalFiles.RemoteNXTFunctions.java" Implct="false" Intrnl_Id="242">
<Cond/>
<LocList>
<Loc EndOffset="4972" SrcFileId="1" StartOffset="4909"/>
</LocList>
<StmntSeq Intrnl_Id="243">
<LocList>
<Loc EndOffset="4953" SrcFileId="1" StartOffset="4932"/>
</LocList>
<BasicStmnt CovItemId="S60" CovItemPrefix="com.OriginalFiles.RemoteNXTFunctions.java" Intrnl_Id="244">
<LocList>
<Loc EndOffset="4953" SrcFileId="1" StartOffset="4932"/>
</LocList>
</BasicStmnt>
</StmntSeq>
</Branch>
<Branch CovItemId="B46" CovItemPrefix="com.OriginalFiles.RemoteNXTFunctions.java" Implct="false" Intrnl_Id="245">
<Cond>
<Loc EndOffset="4977" SrcFileId="1" StartOffset="4973"/>
</Cond>
<LocList>
<Loc EndOffset="5217" SrcFileId="1" StartOffset="4978"/>
</LocList>
<StmntSeq Intrnl_Id="246">
<LocList>
<Loc EndOffset="5217" SrcFileId="1" StartOffset="4978"/>
</LocList>
<CondStmnt CovItemId="S61" CovItemPrefix="com.OriginalFiles.RemoteNXTFunctions.java" Intrnl_Id="247">
<Branch CovItemId="B47" CovItemPrefix="com.OriginalFiles.RemoteNXTFunctions.java" Implct="false" Intrnl_Id="248">
<Cond/>
<LocList>
<Loc EndOffset="5148" SrcFileId="1" StartOffset="5037"/>
</LocList>
<StmntSeq Intrnl_Id="249">
<LocList>
<Loc EndOffset="5129" SrcFileId="1" StartOffset="5060"/>
</LocList>
<BasicStmnt CovItemId="S62" CovItemPrefix="com.OriginalFiles.RemoteNXTFunctions.java" Intrnl_Id="250">
<LocList>
<Loc EndOffset="5129" SrcFileId="1" StartOffset="5060"/>
</LocList>
</BasicStmnt>
</StmntSeq>
</Branch>
<Branch CovItemId="B48" CovItemPrefix="com.OriginalFiles.RemoteNXTFunctions.java" Implct="false" Intrnl_Id="251">
<Cond>
<Loc EndOffset="5153" SrcFileId="1" StartOffset="5149"/>
</Cond>
<LocList>
<Loc EndOffset="5217" SrcFileId="1" StartOffset="5154"/>
</LocList>
<StmntSeq Intrnl_Id="252">
<LocList>
<Loc EndOffset="5198" SrcFileId="1" StartOffset="5177"/>
</LocList>
<BasicStmnt CovItemId="S63" CovItemPrefix="com.OriginalFiles.RemoteNXTFunctions.java" Intrnl_Id="253">
<LocList>
<Loc EndOffset="5198" SrcFileId="1" StartOffset="5177"/>
</LocList>
</BasicStmnt>
</StmntSeq>
</Branch>
<Keyword EndOffset="4980" SrcFileId="1" StartOffset="4978"/>
<LocList>
<Loc EndOffset="5217" SrcFileId="1" StartOffset="4978"/>
</LocList>
<RootTerm CovItemId="C26" CovItemPrefix="com.OriginalFiles.RemoteNXTFunctions.java" Intrnl_Id="254">
<BasicBoolTerm Intrnl_Id="255">
<LocList>
<Loc EndOffset="5035" SrcFileId="1" StartOffset="4982"/>
</LocList>
</BasicBoolTerm>
</RootTerm>
</CondStmnt>
</StmntSeq>
</Branch>
<Keyword EndOffset="4873" SrcFileId="1" StartOffset="4871"/>
<LocList>
<Loc EndOffset="5217" SrcFileId="1" StartOffset="4871"/>
</LocList>
<RootTerm CovItemId="C25" CovItemPrefix="com.OriginalFiles.RemoteNXTFunctions.java" Intrnl_Id="256">
<OpTerm BooleanOpId="10" Intrnl_Id="257">
<BasicBoolTerm Intrnl_Id="258">
<LocList>
<Loc EndOffset="4880" SrcFileId="1" StartOffset="4874"/>
</LocList>
</BasicBoolTerm>
<BasicBoolTerm Intrnl_Id="259">
<LocList>
<Loc EndOffset="4890" SrcFileId="1" StartOffset="4884"/>
</LocList>
</BasicBoolTerm>
<LocList>
<Loc EndOffset="4883" SrcFileId="1" StartOffset="4881"/>
</LocList>
</OpTerm>
</RootTerm>
</CondStmnt>
</StmntSeq>
</Branch>
<Keyword EndOffset="4766" SrcFileId="1" StartOffset="4764"/>
<LocList>
<Loc EndOffset="5217" SrcFileId="1" StartOffset="4764"/>
</LocList>
<RootTerm CovItemId="C24" CovItemPrefix="com.OriginalFiles.RemoteNXTFunctions.java" Intrnl_Id="260">
<OpTerm BooleanOpId="10" Intrnl_Id="261">
<BasicBoolTerm Intrnl_Id="262">
<LocList>
<Loc EndOffset="4773" SrcFileId="1" StartOffset="4767"/>
</LocList>
</BasicBoolTerm>
<BasicBoolTerm Intrnl_Id="263">
<LocList>
<Loc EndOffset="4783" SrcFileId="1" StartOffset="4777"/>
</LocList>
</BasicBoolTerm>
<LocList>
<Loc EndOffset="4776" SrcFileId="1" StartOffset="4774"/>
</LocList>
</OpTerm>
</RootTerm>
</CondStmnt>
</StmntSeq>
</Branch>
<Keyword EndOffset="4642" SrcFileId="1" StartOffset="4640"/>
<LocList>
<Loc EndOffset="5217" SrcFileId="1" StartOffset="4640"/>
</LocList>
<RootTerm CovItemId="C23" CovItemPrefix="com.OriginalFiles.RemoteNXTFunctions.java" Intrnl_Id="264">
<OpTerm BooleanOpId="10" Intrnl_Id="265">
<BasicBoolTerm Intrnl_Id="266">
<LocList>
<Loc EndOffset="4649" SrcFileId="1" StartOffset="4643"/>
</LocList>
</BasicBoolTerm>
<BasicBoolTerm Intrnl_Id="267">
<LocList>
<Loc EndOffset="4659" SrcFileId="1" StartOffset="4653"/>
</LocList>
</BasicBoolTerm>
<LocList>
<Loc EndOffset="4652" SrcFileId="1" StartOffset="4650"/>
</LocList>
</OpTerm>
</RootTerm>
</CondStmnt>
</StmntSeq>
</Branch>
<Branch CovItemId="B40" CovItemPrefix="com.OriginalFiles.RemoteNXTFunctions.java" Implct="false" Intrnl_Id="268">
<Cond>
<Loc EndOffset="5250" SrcFileId="1" StartOffset="5246"/>
</Cond>
<LocList>
<Loc EndOffset="11286" SrcFileId="1" StartOffset="5251"/>
</LocList>
<StmntSeq Intrnl_Id="269">
<LocList>
<Loc EndOffset="11286" SrcFileId="1" StartOffset="5251"/>
</LocList>
<CondStmnt CovItemId="S64" CovItemPrefix="com.OriginalFiles.RemoteNXTFunctions.java" Intrnl_Id="270">
<Branch CovItemId="B49" CovItemPrefix="com.OriginalFiles.RemoteNXTFunctions.java" Implct="false" Intrnl_Id="271">
<Cond/>
<LocList>
<Loc EndOffset="5644" SrcFileId="1" StartOffset="5281"/>
</LocList>
<StmntSeq Intrnl_Id="272">
<LocList>
<Loc EndOffset="5629" SrcFileId="1" StartOffset="5300"/>
</LocList>
<CondStmnt CovItemId="S65" CovItemPrefix="com.OriginalFiles.RemoteNXTFunctions.java" Intrnl_Id="273">
<Branch CovItemId="B51" CovItemPrefix="com.OriginalFiles.RemoteNXTFunctions.java" Implct="false" Intrnl_Id="274">
<Cond/>
<LocList>
<Loc EndOffset="5384" SrcFileId="1" StartOffset="5321"/>
</LocList>
<StmntSeq Intrnl_Id="275">
<LocList>
<Loc EndOffset="5365" SrcFileId="1" StartOffset="5344"/>
</LocList>
<BasicStmnt CovItemId="S66" CovItemPrefix="com.OriginalFiles.RemoteNXTFunctions.java" Intrnl_Id="276">
<LocList>
<Loc EndOffset="5365" SrcFileId="1" StartOffset="5344"/>
</LocList>
</BasicStmnt>
</StmntSeq>
</Branch>
<Branch CovItemId="B52" CovItemPrefix="com.OriginalFiles.RemoteNXTFunctions.java" Implct="false" Intrnl_Id="277">
<Cond>
<Loc EndOffset="5389" SrcFileId="1" StartOffset="5385"/>
</Cond>
<LocList>
<Loc EndOffset="5629" SrcFileId="1" StartOffset="5390"/>
</LocList>
<StmntSeq Intrnl_Id="278">
<LocList>
<Loc EndOffset="5629" SrcFileId="1" StartOffset="5390"/>
</LocList>
<CondStmnt CovItemId="S67" CovItemPrefix="com.OriginalFiles.RemoteNXTFunctions.java" Intrnl_Id="279">
<Branch CovItemId="B53" CovItemPrefix="com.OriginalFiles.RemoteNXTFunctions.java" Implct="false" Intrnl_Id="280">
<Cond/>
<LocList>
<Loc EndOffset="5560" SrcFileId="1" StartOffset="5449"/>
</LocList>
<StmntSeq Intrnl_Id="281">
<LocList>
<Loc EndOffset="5541" SrcFileId="1" StartOffset="5472"/>
</LocList>
<BasicStmnt CovItemId="S68" CovItemPrefix="com.OriginalFiles.RemoteNXTFunctions.java" Intrnl_Id="282">
<LocList>
<Loc EndOffset="5541" SrcFileId="1" StartOffset="5472"/>
</LocList>
</BasicStmnt>
</StmntSeq>
</Branch>
<Branch CovItemId="B54" CovItemPrefix="com.OriginalFiles.RemoteNXTFunctions.java" Implct="false" Intrnl_Id="283">
<Cond>
<Loc EndOffset="5565" SrcFileId="1" StartOffset="5561"/>
</Cond>
<LocList>
<Loc EndOffset="5629" SrcFileId="1" StartOffset="5566"/>
</LocList>
<StmntSeq Intrnl_Id="284">
<LocList>
<Loc EndOffset="5610" SrcFileId="1" StartOffset="5589"/>
</LocList>
<BasicStmnt CovItemId="S69" CovItemPrefix="com.OriginalFiles.RemoteNXTFunctions.java" Intrnl_Id="285">
<LocList>
<Loc EndOffset="5610" SrcFileId="1" StartOffset="5589"/>
</LocList>
</BasicStmnt>
</StmntSeq>
</Branch>
<Keyword EndOffset="5392" SrcFileId="1" StartOffset="5390"/>
<LocList>
<Loc EndOffset="5629" SrcFileId="1" StartOffset="5390"/>
</LocList>
<RootTerm CovItemId="C29" CovItemPrefix="com.OriginalFiles.RemoteNXTFunctions.java" Intrnl_Id="286">
<BasicBoolTerm Intrnl_Id="287">
<LocList>
<Loc EndOffset="5447" SrcFileId="1" StartOffset="5394"/>
</LocList>
</BasicBoolTerm>
</RootTerm>
</CondStmnt>
</StmntSeq>
</Branch>
<Keyword EndOffset="5302" SrcFileId="1" StartOffset="5300"/>
<LocList>
<Loc EndOffset="5629" SrcFileId="1" StartOffset="5300"/>
</LocList>
<RootTerm CovItemId="C28" CovItemPrefix="com.OriginalFiles.RemoteNXTFunctions.java" Intrnl_Id="288">
<OpTerm BooleanOpId="10" Intrnl_Id="289">
<BasicBoolTerm Intrnl_Id="290">
<LocList>
<Loc EndOffset="5309" SrcFileId="1" StartOffset="5303"/>
</LocList>
</BasicBoolTerm>
<BasicBoolTerm Intrnl_Id="291">
<LocList>
<Loc EndOffset="5319" SrcFileId="1" StartOffset="5313"/>
</LocList>
</BasicBoolTerm>
<LocList>
<Loc EndOffset="5312" SrcFileId="1" StartOffset="5310"/>
</LocList>
</OpTerm>
</RootTerm>
</CondStmnt>
</StmntSeq>
</Branch>
<Branch CovItemId="B50" CovItemPrefix="com.OriginalFiles.RemoteNXTFunctions.java" Implct="false" Intrnl_Id="292">
<Cond>
<Loc EndOffset="5662" SrcFileId="1" StartOffset="5658"/>
</Cond>
<LocList>
<Loc EndOffset="11286" SrcFileId="1" StartOffset="5663"/>
</LocList>
<StmntSeq Intrnl_Id="293">
<LocList>
<Loc EndOffset="11286" SrcFileId="1" StartOffset="5663"/>
</LocList>
<CondStmnt CovItemId="S70" CovItemPrefix="com.OriginalFiles.RemoteNXTFunctions.java" Intrnl_Id="294">
<Branch CovItemId="B55" CovItemPrefix="com.OriginalFiles.RemoteNXTFunctions.java" Implct="false" Intrnl_Id="295">
<Cond/>
<LocList>
<Loc EndOffset="6056" SrcFileId="1" StartOffset="5693"/>
</LocList>
<StmntSeq Intrnl_Id="296">
<LocList>
<Loc EndOffset="6041" SrcFileId="1" StartOffset="5712"/>
</LocList>
<CondStmnt CovItemId="S71" CovItemPrefix="com.OriginalFiles.RemoteNXTFunctions.java" Intrnl_Id="297">
<Branch CovItemId="B57" CovItemPrefix="com.OriginalFiles.RemoteNXTFunctions.java" Implct="false" Intrnl_Id="298">
<Cond/>
<LocList>
<Loc EndOffset="5796" SrcFileId="1" StartOffset="5733"/>
</LocList>
<StmntSeq Intrnl_Id="299">
<LocList>
<Loc EndOffset="5777" SrcFileId="1" StartOffset="5756"/>
</LocList>
<BasicStmnt CovItemId="S72" CovItemPrefix="com.OriginalFiles.RemoteNXTFunctions.java" Intrnl_Id="300">
<LocList>
<Loc EndOffset="5777" SrcFileId="1" StartOffset="5756"/>
</LocList>
</BasicStmnt>
</StmntSeq>
</Branch>
<Branch CovItemId="B58" CovItemPrefix="com.OriginalFiles.RemoteNXTFunctions.java" Implct="false" Intrnl_Id="301">
<Cond>
<Loc EndOffset="5801" SrcFileId="1" StartOffset="5797"/>
</Cond>
<LocList>
<Loc EndOffset="6041" SrcFileId="1" StartOffset="5802"/>
</LocList>
<StmntSeq Intrnl_Id="302">
<LocList>
<Loc EndOffset="6041" SrcFileId="1" StartOffset="5802"/>
</LocList>
<CondStmnt CovItemId="S73" CovItemPrefix="com.OriginalFiles.RemoteNXTFunctions.java" Intrnl_Id="303">
<Branch CovItemId="B59" CovItemPrefix="com.OriginalFiles.RemoteNXTFunctions.java" Implct="false" Intrnl_Id="304">
<Cond/>
<LocList>
<Loc EndOffset="5972" SrcFileId="1" StartOffset="5861"/>
</LocList>
<StmntSeq Intrnl_Id="305">
<LocList>
<Loc EndOffset="5953" SrcFileId="1" StartOffset="5884"/>
</LocList>
<BasicStmnt CovItemId="S74" CovItemPrefix="com.OriginalFiles.RemoteNXTFunctions.java" Intrnl_Id="306">
<LocList>
<Loc EndOffset="5953" SrcFileId="1" StartOffset="5884"/>
</LocList>
</BasicStmnt>
</StmntSeq>
</Branch>
<Branch CovItemId="B60" CovItemPrefix="com.OriginalFiles.RemoteNXTFunctions.java" Implct="false" Intrnl_Id="307">
<Cond>
<Loc EndOffset="5977" SrcFileId="1" StartOffset="5973"/>
</Cond>
<LocList>
<Loc EndOffset="6041" SrcFileId="1" StartOffset="5978"/>
</LocList>
<StmntSeq Intrnl_Id="308">
<LocList>
<Loc EndOffset="6022" SrcFileId="1" StartOffset="6001"/>
</LocList>
<BasicStmnt CovItemId="S75" CovItemPrefix="com.OriginalFiles.RemoteNXTFunctions.java" Intrnl_Id="309">
<LocList>
<Loc EndOffset="6022" SrcFileId="1" StartOffset="6001"/>
</LocList>
</BasicStmnt>
</StmntSeq>
</Branch>
<Keyword EndOffset="5804" SrcFileId="1" StartOffset="5802"/>
<LocList>
<Loc EndOffset="6041" SrcFileId="1" StartOffset="5802"/>
</LocList>
<RootTerm CovItemId="C32" CovItemPrefix="com.OriginalFiles.RemoteNXTFunctions.java" Intrnl_Id="310">
<BasicBoolTerm Intrnl_Id="311">
<LocList>
<Loc EndOffset="5859" SrcFileId="1" StartOffset="5806"/>
</LocList>
</BasicBoolTerm>
</RootTerm>
</CondStmnt>
</StmntSeq>
</Branch>
<Keyword EndOffset="5714" SrcFileId="1" StartOffset="5712"/>
<LocList>
<Loc EndOffset="6041" SrcFileId="1" StartOffset="5712"/>
</LocList>
<RootTerm CovItemId="C31" CovItemPrefix="com.OriginalFiles.RemoteNXTFunctions.java" Intrnl_Id="312">
<OpTerm BooleanOpId="10" Intrnl_Id="313">
<BasicBoolTerm Intrnl_Id="314">
<LocList>
<Loc EndOffset="5721" SrcFileId="1" StartOffset="5715"/>
</LocList>
</BasicBoolTerm>
<BasicBoolTerm Intrnl_Id="315">
<LocList>
<Loc EndOffset="5731" SrcFileId="1" StartOffset="5725"/>
</LocList>
</BasicBoolTerm>
<LocList>
<Loc EndOffset="5724" SrcFileId="1" StartOffset="5722"/>
</LocList>
</OpTerm>
</RootTerm>
</CondStmnt>
</StmntSeq>
</Branch>
<Branch CovItemId="B56" CovItemPrefix="com.OriginalFiles.RemoteNXTFunctions.java" Implct="false" Intrnl_Id="316">
<Cond>
<Loc EndOffset="6074" SrcFileId="1" StartOffset="6070"/>
</Cond>
<LocList>
<Loc EndOffset="11286" SrcFileId="1" StartOffset="6075"/>
</LocList>
<StmntSeq Intrnl_Id="317">
<LocList>
<Loc EndOffset="11286" SrcFileId="1" StartOffset="6075"/>
</LocList>
<CondStmnt CovItemId="S76" CovItemPrefix="com.OriginalFiles.RemoteNXTFunctions.java" Intrnl_Id="318">
<Branch CovItemId="B61" CovItemPrefix="com.OriginalFiles.RemoteNXTFunctions.java" Implct="false" Intrnl_Id="319">
<Cond/>
<LocList>
<Loc EndOffset="6558" SrcFileId="1" StartOffset="6105"/>
</LocList>
<StmntSeq Intrnl_Id="320">
<LocList>
<Loc EndOffset="6543" SrcFileId="1" StartOffset="6124"/>
</LocList>
<CondStmnt CovItemId="S77" CovItemPrefix="com.OriginalFiles.RemoteNXTFunctions.java" Intrnl_Id="321">
<Branch CovItemId="B63" CovItemPrefix="com.OriginalFiles.RemoteNXTFunctions.java" Implct="false" Intrnl_Id="322">
<Cond/>
<LocList>
<Loc EndOffset="6208" SrcFileId="1" StartOffset="6145"/>
</LocList>
<StmntSeq Intrnl_Id="323">
<LocList>
<Loc EndOffset="6189" SrcFileId="1" StartOffset="6168"/>
</LocList>
<BasicStmnt CovItemId="S78" CovItemPrefix="com.OriginalFiles.RemoteNXTFunctions.java" Intrnl_Id="324">
<LocList>
<Loc EndOffset="6189" SrcFileId="1" StartOffset="6168"/>
</LocList>
</BasicStmnt>
</StmntSeq>
</Branch>
<Branch CovItemId="B64" CovItemPrefix="com.OriginalFiles.RemoteNXTFunctions.java" Implct="false" Intrnl_Id="325">
<Cond>
<Loc EndOffset="6213" SrcFileId="1" StartOffset="6209"/>
</Cond>
<LocList>
<Loc EndOffset="6543" SrcFileId="1" StartOffset="6214"/>
</LocList>
<StmntSeq Intrnl_Id="326">
<LocList>
<Loc EndOffset="6543" SrcFileId="1" StartOffset="6214"/>
</LocList>
<CondStmnt CovItemId="S79" CovItemPrefix="com.OriginalFiles.RemoteNXTFunctions.java" Intrnl_Id="327">
<Branch CovItemId="B65" CovItemPrefix="com.OriginalFiles.RemoteNXTFunctions.java" Implct="false" Intrnl_Id="328">
<Cond/>
<LocList>
<Loc EndOffset="6298" SrcFileId="1" StartOffset="6235"/>
</LocList>
<StmntSeq Intrnl_Id="329">
<LocList>
<Loc EndOffset="6279" SrcFileId="1" StartOffset="6258"/>
</LocList>
<BasicStmnt CovItemId="S80" CovItemPrefix="com.OriginalFiles.RemoteNXTFunctions.java" Intrnl_Id="330">
<LocList>
<Loc EndOffset="6279" SrcFileId="1" StartOffset="6258"/>
</LocList>
</BasicStmnt>
</StmntSeq>
</Branch>
<Branch CovItemId="B66" CovItemPrefix="com.OriginalFiles.RemoteNXTFunctions.java" Implct="false" Intrnl_Id="331">
<Cond>
<Loc EndOffset="6303" SrcFileId="1" StartOffset="6299"/>
</Cond>
<LocList>
<Loc EndOffset="6543" SrcFileId="1" StartOffset="6304"/>
</LocList>
<StmntSeq Intrnl_Id="332">
<LocList>
<Loc EndOffset="6543" SrcFileId="1" StartOffset="6304"/>
</LocList>
<CondStmnt CovItemId="S81" CovItemPrefix="com.OriginalFiles.RemoteNXTFunctions.java" Intrnl_Id="333">
<Branch CovItemId="B67" CovItemPrefix="com.OriginalFiles.RemoteNXTFunctions.java" Implct="false" Intrnl_Id="334">
<Cond/>
<LocList>
<Loc EndOffset="6474" SrcFileId="1" StartOffset="6363"/>
</LocList>
<StmntSeq Intrnl_Id="335">
<LocList>
<Loc EndOffset="6455" SrcFileId="1" StartOffset="6386"/>
</LocList>
<BasicStmnt CovItemId="S82" CovItemPrefix="com.OriginalFiles.RemoteNXTFunctions.java" Intrnl_Id="336">
<LocList>
<Loc EndOffset="6455" SrcFileId="1" StartOffset="6386"/>
</LocList>
</BasicStmnt>
</StmntSeq>
</Branch>
<Branch CovItemId="B68" CovItemPrefix="com.OriginalFiles.RemoteNXTFunctions.java" Implct="false" Intrnl_Id="337">
<Cond>
<Loc EndOffset="6479" SrcFileId="1" StartOffset="6475"/>
</Cond>
<LocList>
<Loc EndOffset="6543" SrcFileId="1" StartOffset="6480"/>
</LocList>
<StmntSeq Intrnl_Id="338">
<LocList>
<Loc EndOffset="6524" SrcFileId="1" StartOffset="6503"/>
</LocList>
<BasicStmnt CovItemId="S83" CovItemPrefix="com.OriginalFiles.RemoteNXTFunctions.java" Intrnl_Id="339">
<LocList>
<Loc EndOffset="6524" SrcFileId="1" StartOffset="6503"/>
</LocList>
</BasicStmnt>
</StmntSeq>
</Branch>
<Keyword EndOffset="6306" SrcFileId="1" StartOffset="6304"/>
<LocList>
<Loc EndOffset="6543" SrcFileId="1" StartOffset="6304"/>
</LocList>
<RootTerm CovItemId="C36" CovItemPrefix="com.OriginalFiles.RemoteNXTFunctions.java" Intrnl_Id="340">
<BasicBoolTerm Intrnl_Id="341">
<LocList>
<Loc EndOffset="6361" SrcFileId="1" StartOffset="6308"/>
</LocList>
</BasicBoolTerm>
</RootTerm>
</CondStmnt>
</StmntSeq>
</Branch>
<Keyword EndOffset="6216" SrcFileId="1" StartOffset="6214"/>
<LocList>
<Loc EndOffset="6543" SrcFileId="1" StartOffset="6214"/>
</LocList>
<RootTerm CovItemId="C35" CovItemPrefix="com.OriginalFiles.RemoteNXTFunctions.java" Intrnl_Id="342">
<OpTerm BooleanOpId="10" Intrnl_Id="343">
<BasicBoolTerm Intrnl_Id="344">
<LocList>
<Loc EndOffset="6223" SrcFileId="1" StartOffset="6217"/>
</LocList>
</BasicBoolTerm>
<BasicBoolTerm Intrnl_Id="345">
<LocList>
<Loc EndOffset="6233" SrcFileId="1" StartOffset="6227"/>
</LocList>
</BasicBoolTerm>
<LocList>
<Loc EndOffset="6226" SrcFileId="1" StartOffset="6224"/>
</LocList>
</OpTerm>
</RootTerm>
</CondStmnt>
</StmntSeq>
</Branch>
<Keyword EndOffset="6126" SrcFileId="1" StartOffset="6124"/>
<LocList>
<Loc EndOffset="6543" SrcFileId="1" StartOffset="6124"/>
</LocList>
<RootTerm CovItemId="C34" CovItemPrefix="com.OriginalFiles.RemoteNXTFunctions.java" Intrnl_Id="346">
<OpTerm BooleanOpId="10" Intrnl_Id="347">
<BasicBoolTerm Intrnl_Id="348">
<LocList>
<Loc EndOffset="6133" SrcFileId="1" StartOffset="6127"/>
</LocList>
</BasicBoolTerm>
<BasicBoolTerm Intrnl_Id="349">
<LocList>
<Loc EndOffset="6143" SrcFileId="1" StartOffset="6137"/>
</LocList>
</BasicBoolTerm>
<LocList>
<Loc EndOffset="6136" SrcFileId="1" StartOffset="6134"/>
</LocList>
</OpTerm>
</RootTerm>
</CondStmnt>
</StmntSeq>
</Branch>
<Branch CovItemId="B62" CovItemPrefix="com.OriginalFiles.RemoteNXTFunctions.java" Implct="false" Intrnl_Id="350">
<Cond>
<Loc EndOffset="6576" SrcFileId="1" StartOffset="6572"/>
</Cond>
<LocList>
<Loc EndOffset="11286" SrcFileId="1" StartOffset="6577"/>
</LocList>
<StmntSeq Intrnl_Id="351">
<LocList>
<Loc EndOffset="11286" SrcFileId="1" StartOffset="6577"/>
</LocList>
<CondStmnt CovItemId="S84" CovItemPrefix="com.OriginalFiles.RemoteNXTFunctions.java" Intrnl_Id="352">
<Branch CovItemId="B69" CovItemPrefix="com.OriginalFiles.RemoteNXTFunctions.java" Implct="false" Intrnl_Id="353">
<Cond/>
<LocList>
<Loc EndOffset="7060" SrcFileId="1" StartOffset="6607"/>
</LocList>
<StmntSeq Intrnl_Id="354">
<LocList>
<Loc EndOffset="7045" SrcFileId="1" StartOffset="6626"/>
</LocList>
<CondStmnt CovItemId="S85" CovItemPrefix="com.OriginalFiles.RemoteNXTFunctions.java" Intrnl_Id="355">
<Branch CovItemId="B71" CovItemPrefix="com.OriginalFiles.RemoteNXTFunctions.java" Implct="false" Intrnl_Id="356">
<Cond/>
<LocList>
<Loc EndOffset="6710" SrcFileId="1" StartOffset="6647"/>
</LocList>
<StmntSeq Intrnl_Id="357">
<LocList>
<Loc EndOffset="6691" SrcFileId="1" StartOffset="6670"/>
</LocList>
<BasicStmnt CovItemId="S86" CovItemPrefix="com.OriginalFiles.RemoteNXTFunctions.java" Intrnl_Id="358">
<LocList>
<Loc EndOffset="6691" SrcFileId="1" StartOffset="6670"/>
</LocList>
</BasicStmnt>
</StmntSeq>
</Branch>
<Branch CovItemId="B72" CovItemPrefix="com.OriginalFiles.RemoteNXTFunctions.java" Implct="false" Intrnl_Id="359">
<Cond>
<Loc EndOffset="6715" SrcFileId="1" StartOffset="6711"/>
</Cond>
<LocList>
<Loc EndOffset="7045" SrcFileId="1" StartOffset="6716"/>
</LocList>
<StmntSeq Intrnl_Id="360">
<LocList>
<Loc EndOffset="7045" SrcFileId="1" StartOffset="6716"/>
</LocList>
<CondStmnt CovItemId="S87" CovItemPrefix="com.OriginalFiles.RemoteNXTFunctions.java" Intrnl_Id="361">
<Branch CovItemId="B73" CovItemPrefix="com.OriginalFiles.RemoteNXTFunctions.java" Implct="false" Intrnl_Id="362">
<Cond/>
<LocList>
<Loc EndOffset="6800" SrcFileId="1" StartOffset="6737"/>
</LocList>
<StmntSeq Intrnl_Id="363">
<LocList>
<Loc EndOffset="6781" SrcFileId="1" StartOffset="6760"/>
</LocList>
<BasicStmnt CovItemId="S88" CovItemPrefix="com.OriginalFiles.RemoteNXTFunctions.java" Intrnl_Id="364">
<LocList>
<Loc EndOffset="6781" SrcFileId="1" StartOffset="6760"/>
</LocList>
</BasicStmnt>
</StmntSeq>
</Branch>
<Branch CovItemId="B74" CovItemPrefix="com.OriginalFiles.RemoteNXTFunctions.java" Implct="false" Intrnl_Id="365">
<Cond>
<Loc EndOffset="6805" SrcFileId="1" StartOffset="6801"/>
</Cond>
<LocList>
<Loc EndOffset="7045" SrcFileId="1" StartOffset="6806"/>
</LocList>
<StmntSeq Intrnl_Id="366">
<LocList>
<Loc EndOffset="7045" SrcFileId="1" StartOffset="6806"/>
</LocList>
<CondStmnt CovItemId="S89" CovItemPrefix="com.OriginalFiles.RemoteNXTFunctions.java" Intrnl_Id="367">
<Branch CovItemId="B75" CovItemPrefix="com.OriginalFiles.RemoteNXTFunctions.java" Implct="false" Intrnl_Id="368">
<Cond/>
<LocList>
<Loc EndOffset="6976" SrcFileId="1" StartOffset="6865"/>
</LocList>
<StmntSeq Intrnl_Id="369">
<LocList>
<Loc EndOffset="6957" SrcFileId="1" StartOffset="6888"/>
</LocList>
<BasicStmnt CovItemId="S90" CovItemPrefix="com.OriginalFiles.RemoteNXTFunctions.java" Intrnl_Id="370">
<LocList>
<Loc EndOffset="6957" SrcFileId="1" StartOffset="6888"/>
</LocList>
</BasicStmnt>
</StmntSeq>
</Branch>
<Branch CovItemId="B76" CovItemPrefix="com.OriginalFiles.RemoteNXTFunctions.java" Implct="false" Intrnl_Id="371">
<Cond>
<Loc EndOffset="6981" SrcFileId="1" StartOffset="6977"/>
</Cond>
<LocList>
<Loc EndOffset="7045" SrcFileId="1" StartOffset="6982"/>
</LocList>
<StmntSeq Intrnl_Id="372">
<LocList>
<Loc EndOffset="7026" SrcFileId="1" StartOffset="7005"/>
</LocList>
<BasicStmnt CovItemId="S91" CovItemPrefix="com.OriginalFiles.RemoteNXTFunctions.java" Intrnl_Id="373">
<LocList>
<Loc EndOffset="7026" SrcFileId="1" StartOffset="7005"/>
</LocList>
</BasicStmnt>
</StmntSeq>
</Branch>
<Keyword EndOffset="6808" SrcFileId="1" StartOffset="6806"/>
<LocList>
<Loc EndOffset="7045" SrcFileId="1" StartOffset="6806"/>
</LocList>
<RootTerm CovItemId="C40" CovItemPrefix="com.OriginalFiles.RemoteNXTFunctions.java" Intrnl_Id="374">
<BasicBoolTerm Intrnl_Id="375">
<LocList>
<Loc EndOffset="6863" SrcFileId="1" StartOffset="6810"/>
</LocList>
</BasicBoolTerm>
</RootTerm>
</CondStmnt>
</StmntSeq>
</Branch>
<Keyword EndOffset="6718" SrcFileId="1" StartOffset="6716"/>
<LocList>
<Loc EndOffset="7045" SrcFileId="1" StartOffset="6716"/>
</LocList>
<RootTerm CovItemId="C39" CovItemPrefix="com.OriginalFiles.RemoteNXTFunctions.java" Intrnl_Id="376">
<OpTerm BooleanOpId="10" Intrnl_Id="377">
<BasicBoolTerm Intrnl_Id="378">
<LocList>
<Loc EndOffset="6725" SrcFileId="1" StartOffset="6719"/>
</LocList>
</BasicBoolTerm>
<BasicBoolTerm Intrnl_Id="379">
<LocList>
<Loc EndOffset="6735" SrcFileId="1" StartOffset="6729"/>
</LocList>
</BasicBoolTerm>
<LocList>
<Loc EndOffset="6728" SrcFileId="1" StartOffset="6726"/>
</LocList>
</OpTerm>
</RootTerm>
</CondStmnt>
</StmntSeq>
</Branch>
<Keyword EndOffset="6628" SrcFileId="1" StartOffset="6626"/>
<LocList>
<Loc EndOffset="7045" SrcFileId="1" StartOffset="6626"/>
</LocList>
<RootTerm CovItemId="C38" CovItemPrefix="com.OriginalFiles.RemoteNXTFunctions.java" Intrnl_Id="380">
<OpTerm BooleanOpId="10" Intrnl_Id="381">
<BasicBoolTerm Intrnl_Id="382">
<LocList>
<Loc EndOffset="6635" SrcFileId="1" StartOffset="6629"/>
</LocList>
</BasicBoolTerm>
<BasicBoolTerm Intrnl_Id="383">
<LocList>
<Loc EndOffset="6645" SrcFileId="1" StartOffset="6639"/>
</LocList>
</BasicBoolTerm>
<LocList>
<Loc EndOffset="6638" SrcFileId="1" StartOffset="6636"/>
</LocList>
</OpTerm>
</RootTerm>
</CondStmnt>
</StmntSeq>
</Branch>
<Branch CovItemId="B70" CovItemPrefix="com.OriginalFiles.RemoteNXTFunctions.java" Implct="false" Intrnl_Id="384">
<Cond>
<Loc EndOffset="7078" SrcFileId="1" StartOffset="7074"/>
</Cond>
<LocList>
<Loc EndOffset="11286" SrcFileId="1" StartOffset="7079"/>
</LocList>
<StmntSeq Intrnl_Id="385">
<LocList>
<Loc EndOffset="11286" SrcFileId="1" StartOffset="7079"/>
</LocList>
<CondStmnt CovItemId="S92" CovItemPrefix="com.OriginalFiles.RemoteNXTFunctions.java" Intrnl_Id="386">
<Branch CovItemId="B77" CovItemPrefix="com.OriginalFiles.RemoteNXTFunctions.java" Implct="false" Intrnl_Id="387">
<Cond/>
<LocList>
<Loc EndOffset="7562" SrcFileId="1" StartOffset="7109"/>
</LocList>
<StmntSeq Intrnl_Id="388">
<LocList>
<Loc EndOffset="7547" SrcFileId="1" StartOffset="7128"/>
</LocList>
<CondStmnt CovItemId="S93" CovItemPrefix="com.OriginalFiles.RemoteNXTFunctions.java" Intrnl_Id="389">
<Branch CovItemId="B79" CovItemPrefix="com.OriginalFiles.RemoteNXTFunctions.java" Implct="false" Intrnl_Id="390">
<Cond/>
<LocList>
<Loc EndOffset="7212" SrcFileId="1" StartOffset="7149"/>
</LocList>
<StmntSeq Intrnl_Id="391">
<LocList>
<Loc EndOffset="7193" SrcFileId="1" StartOffset="7172"/>
</LocList>
<BasicStmnt CovItemId="S94" CovItemPrefix="com.OriginalFiles.RemoteNXTFunctions.java" Intrnl_Id="392">
<LocList>
<Loc EndOffset="7193" SrcFileId="1" StartOffset="7172"/>
</LocList>
</BasicStmnt>
</StmntSeq>
</Branch>
<Branch CovItemId="B80" CovItemPrefix="com.OriginalFiles.RemoteNXTFunctions.java" Implct="false" Intrnl_Id="393">
<Cond>
<Loc EndOffset="7217" SrcFileId="1" StartOffset="7213"/>
</Cond>
<LocList>
<Loc EndOffset="7547" SrcFileId="1" StartOffset="7218"/>
</LocList>
<StmntSeq Intrnl_Id="394">
<LocList>
<Loc EndOffset="7547" SrcFileId="1" StartOffset="7218"/>
</LocList>
<CondStmnt CovItemId="S95" CovItemPrefix="com.OriginalFiles.RemoteNXTFunctions.java" Intrnl_Id="395">
<Branch CovItemId="B81" CovItemPrefix="com.OriginalFiles.RemoteNXTFunctions.java" Implct="false" Intrnl_Id="396">
<Cond/>
<LocList>
<Loc EndOffset="7302" SrcFileId="1" StartOffset="7239"/>
</LocList>
<StmntSeq Intrnl_Id="397">
<LocList>
<Loc EndOffset="7283" SrcFileId="1" StartOffset="7262"/>
</LocList>
<BasicStmnt CovItemId="S96" CovItemPrefix="com.OriginalFiles.RemoteNXTFunctions.java" Intrnl_Id="398">
<LocList>
<Loc EndOffset="7283" SrcFileId="1" StartOffset="7262"/>
</LocList>
</BasicStmnt>
</StmntSeq>
</Branch>
<Branch CovItemId="B82" CovItemPrefix="com.OriginalFiles.RemoteNXTFunctions.java" Implct="false" Intrnl_Id="399">
<Cond>
<Loc EndOffset="7307" SrcFileId="1" StartOffset="7303"/>
</Cond>
<LocList>
<Loc EndOffset="7547" SrcFileId="1" StartOffset="7308"/>
</LocList>
<StmntSeq Intrnl_Id="400">
<LocList>
<Loc EndOffset="7547" SrcFileId="1" StartOffset="7308"/>
</LocList>
<CondStmnt CovItemId="S97" CovItemPrefix="com.OriginalFiles.RemoteNXTFunctions.java" Intrnl_Id="401">
<Branch CovItemId="B83" CovItemPrefix="com.OriginalFiles.RemoteNXTFunctions.java" Implct="false" Intrnl_Id="402">
<Cond/>
<LocList>
<Loc EndOffset="7478" SrcFileId="1" StartOffset="7367"/>
</LocList>
<StmntSeq Intrnl_Id="403">
<LocList>
<Loc EndOffset="7459" SrcFileId="1" StartOffset="7390"/>
</LocList>
<BasicStmnt CovItemId="S98" CovItemPrefix="com.OriginalFiles.RemoteNXTFunctions.java" Intrnl_Id="404">
<LocList>
<Loc EndOffset="7459" SrcFileId="1" StartOffset="7390"/>
</LocList>
</BasicStmnt>
</StmntSeq>
</Branch>
<Branch CovItemId="B84" CovItemPrefix="com.OriginalFiles.RemoteNXTFunctions.java" Implct="false" Intrnl_Id="405">
<Cond>
<Loc EndOffset="7483" SrcFileId="1" StartOffset="7479"/>
</Cond>
<LocList>
<Loc EndOffset="7547" SrcFileId="1" StartOffset="7484"/>
</LocList>
<StmntSeq Intrnl_Id="406">
<LocList>
<Loc EndOffset="7528" SrcFileId="1" StartOffset="7507"/>
</LocList>
<BasicStmnt CovItemId="S99" CovItemPrefix="com.OriginalFiles.RemoteNXTFunctions.java" Intrnl_Id="407">
<LocList>
<Loc EndOffset="7528" SrcFileId="1" StartOffset="7507"/>
</LocList>
</BasicStmnt>
</StmntSeq>
</Branch>
<Keyword EndOffset="7310" SrcFileId="1" StartOffset="7308"/>
<LocList>
<Loc EndOffset="7547" SrcFileId="1" StartOffset="7308"/>
</LocList>
<RootTerm CovItemId="C44" CovItemPrefix="com.OriginalFiles.RemoteNXTFunctions.java" Intrnl_Id="408">
<BasicBoolTerm Intrnl_Id="409">
<LocList>
<Loc EndOffset="7365" SrcFileId="1" StartOffset="7312"/>
</LocList>
</BasicBoolTerm>
</RootTerm>
</CondStmnt>
</StmntSeq>
</Branch>
<Keyword EndOffset="7220" SrcFileId="1" StartOffset="7218"/>
<LocList>
<Loc EndOffset="7547" SrcFileId="1" StartOffset="7218"/>
</LocList>
<RootTerm CovItemId="C43" CovItemPrefix="com.OriginalFiles.RemoteNXTFunctions.java" Intrnl_Id="410">
<OpTerm BooleanOpId="10" Intrnl_Id="411">
<BasicBoolTerm Intrnl_Id="412">
<LocList>
<Loc EndOffset="7227" SrcFileId="1" StartOffset="7221"/>
</LocList>
</BasicBoolTerm>
<BasicBoolTerm Intrnl_Id="413">
<LocList>
<Loc EndOffset="7237" SrcFileId="1" StartOffset="7231"/>
</LocList>
</BasicBoolTerm>
<LocList>
<Loc EndOffset="7230" SrcFileId="1" StartOffset="7228"/>
</LocList>
</OpTerm>
</RootTerm>
</CondStmnt>
</StmntSeq>
</Branch>
<Keyword EndOffset="7130" SrcFileId="1" StartOffset="7128"/>
<LocList>
<Loc EndOffset="7547" SrcFileId="1" StartOffset="7128"/>
</LocList>
<RootTerm CovItemId="C42" CovItemPrefix="com.OriginalFiles.RemoteNXTFunctions.java" Intrnl_Id="414">
<OpTerm BooleanOpId="10" Intrnl_Id="415">
<BasicBoolTerm Intrnl_Id="416">
<LocList>
<Loc EndOffset="7137" SrcFileId="1" StartOffset="7131"/>
</LocList>
</BasicBoolTerm>
<BasicBoolTerm Intrnl_Id="417">
<LocList>
<Loc EndOffset="7147" SrcFileId="1" StartOffset="7141"/>
</LocList>
</BasicBoolTerm>
<LocList>
<Loc EndOffset="7140" SrcFileId="1" StartOffset="7138"/>
</LocList>
</OpTerm>
</RootTerm>
</CondStmnt>
</StmntSeq>
</Branch>
<Branch CovItemId="B78" CovItemPrefix="com.OriginalFiles.RemoteNXTFunctions.java" Implct="false" Intrnl_Id="418">
<Cond>
<Loc EndOffset="7580" SrcFileId="1" StartOffset="7576"/>
</Cond>
<LocList>
<Loc EndOffset="11286" SrcFileId="1" StartOffset="7581"/>
</LocList>
<StmntSeq Intrnl_Id="419">
<LocList>
<Loc EndOffset="11286" SrcFileId="1" StartOffset="7581"/>
</LocList>
<CondStmnt CovItemId="S100" CovItemPrefix="com.OriginalFiles.RemoteNXTFunctions.java" Intrnl_Id="420">
<Branch CovItemId="B85" CovItemPrefix="com.OriginalFiles.RemoteNXTFunctions.java" Implct="false" Intrnl_Id="421">
<Cond/>
<LocList>
<Loc EndOffset="8064" SrcFileId="1" StartOffset="7611"/>
</LocList>
<StmntSeq Intrnl_Id="422">
<LocList>
<Loc EndOffset="8049" SrcFileId="1" StartOffset="7630"/>
</LocList>
<CondStmnt CovItemId="S101" CovItemPrefix="com.OriginalFiles.RemoteNXTFunctions.java" Intrnl_Id="423">
<Branch CovItemId="B87" CovItemPrefix="com.OriginalFiles.RemoteNXTFunctions.java" Implct="false" Intrnl_Id="424">
<Cond/>
<LocList>
<Loc EndOffset="7714" SrcFileId="1" StartOffset="7651"/>
</LocList>
<StmntSeq Intrnl_Id="425">
<LocList>
<Loc EndOffset="7695" SrcFileId="1" StartOffset="7674"/>
</LocList>
<BasicStmnt CovItemId="S102" CovItemPrefix="com.OriginalFiles.RemoteNXTFunctions.java" Intrnl_Id="426">
<LocList>
<Loc EndOffset="7695" SrcFileId="1" StartOffset="7674"/>
</LocList>
</BasicStmnt>
</StmntSeq>
</Branch>
<Branch CovItemId="B88" CovItemPrefix="com.OriginalFiles.RemoteNXTFunctions.java" Implct="false" Intrnl_Id="427">
<Cond>
<Loc EndOffset="7719" SrcFileId="1" StartOffset="7715"/>
</Cond>
<LocList>
<Loc EndOffset="8049" SrcFileId="1" StartOffset="7720"/>
</LocList>
<StmntSeq Intrnl_Id="428">
<LocList>
<Loc EndOffset="8049" SrcFileId="1" StartOffset="7720"/>
</LocList>
<CondStmnt CovItemId="S103" CovItemPrefix="com.OriginalFiles.RemoteNXTFunctions.java" Intrnl_Id="429">
<Branch CovItemId="B89" CovItemPrefix="com.OriginalFiles.RemoteNXTFunctions.java" Implct="false" Intrnl_Id="430">
<Cond/>
<LocList>
<Loc EndOffset="7804" SrcFileId="1" StartOffset="7741"/>
</LocList>
<StmntSeq Intrnl_Id="431">
<LocList>
<Loc EndOffset="7785" SrcFileId="1" StartOffset="7764"/>
</LocList>
<BasicStmnt CovItemId="S104" CovItemPrefix="com.OriginalFiles.RemoteNXTFunctions.java" Intrnl_Id="432">
<LocList>
<Loc EndOffset="7785" SrcFileId="1" StartOffset="7764"/>
</LocList>
</BasicStmnt>
</StmntSeq>
</Branch>
<Branch CovItemId="B90" CovItemPrefix="com.OriginalFiles.RemoteNXTFunctions.java" Implct="false" Intrnl_Id="433">
<Cond>
<Loc EndOffset="7809" SrcFileId="1" StartOffset="7805"/>
</Cond>
<LocList>
<Loc EndOffset="8049" SrcFileId="1" StartOffset="7810"/>
</LocList>
<StmntSeq Intrnl_Id="434">
<LocList>
<Loc EndOffset="8049" SrcFileId="1" StartOffset="7810"/>
</LocList>
<CondStmnt CovItemId="S105" CovItemPrefix="com.OriginalFiles.RemoteNXTFunctions.java" Intrnl_Id="435">
<Branch CovItemId="B91" CovItemPrefix="com.OriginalFiles.RemoteNXTFunctions.java" Implct="false" Intrnl_Id="436">
<Cond/>
<LocList>
<Loc EndOffset="7980" SrcFileId="1" StartOffset="7869"/>
</LocList>
<StmntSeq Intrnl_Id="437">
<LocList>
<Loc EndOffset="7961" SrcFileId="1" StartOffset="7892"/>
</LocList>
<BasicStmnt CovItemId="S106" CovItemPrefix="com.OriginalFiles.RemoteNXTFunctions.java" Intrnl_Id="438">
<LocList>
<Loc EndOffset="7961" SrcFileId="1" StartOffset="7892"/>
</LocList>
</BasicStmnt>
</StmntSeq>
</Branch>
<Branch CovItemId="B92" CovItemPrefix="com.OriginalFiles.RemoteNXTFunctions.java" Implct="false" Intrnl_Id="439">
<Cond>
<Loc EndOffset="7985" SrcFileId="1" StartOffset="7981"/>
</Cond>
<LocList>
<Loc EndOffset="8049" SrcFileId="1" StartOffset="7986"/>
</LocList>
<StmntSeq Intrnl_Id="440">
<LocList>
<Loc EndOffset="8030" SrcFileId="1" StartOffset="8009"/>
</LocList>
<BasicStmnt CovItemId="S107" CovItemPrefix="com.OriginalFiles.RemoteNXTFunctions.java" Intrnl_Id="441">
<LocList>
<Loc EndOffset="8030" SrcFileId="1" StartOffset="8009"/>
</LocList>
</BasicStmnt>
</StmntSeq>
</Branch>
<Keyword EndOffset="7812" SrcFileId="1" StartOffset="7810"/>
<LocList>
<Loc EndOffset="8049" SrcFileId="1" StartOffset="7810"/>
</LocList>
<RootTerm CovItemId="C48" CovItemPrefix="com.OriginalFiles.RemoteNXTFunctions.java" Intrnl_Id="442">
<BasicBoolTerm Intrnl_Id="443">
<LocList>
<Loc EndOffset="7867" SrcFileId="1" StartOffset="7814"/>
</LocList>
</BasicBoolTerm>
</RootTerm>
</CondStmnt>
</StmntSeq>
</Branch>
<Keyword EndOffset="7722" SrcFileId="1" StartOffset="7720"/>
<LocList>
<Loc EndOffset="8049" SrcFileId="1" StartOffset="7720"/>
</LocList>
<RootTerm CovItemId="C47" CovItemPrefix="com.OriginalFiles.RemoteNXTFunctions.java" Intrnl_Id="444">
<OpTerm BooleanOpId="10" Intrnl_Id="445">
<BasicBoolTerm Intrnl_Id="446">
<LocList>
<Loc EndOffset="7729" SrcFileId="1" StartOffset="7723"/>
</LocList>
</BasicBoolTerm>
<BasicBoolTerm Intrnl_Id="447">
<LocList>
<Loc EndOffset="7739" SrcFileId="1" StartOffset="7733"/>
</LocList>
</BasicBoolTerm>
<LocList>
<Loc EndOffset="7732" SrcFileId="1" StartOffset="7730"/>
</LocList>
</OpTerm>
</RootTerm>
</CondStmnt>
</StmntSeq>
</Branch>
<Keyword EndOffset="7632" SrcFileId="1" StartOffset="7630"/>
<LocList>
<Loc EndOffset="8049" SrcFileId="1" StartOffset="7630"/>
</LocList>
<RootTerm CovItemId="C46" CovItemPrefix="com.OriginalFiles.RemoteNXTFunctions.java" Intrnl_Id="448">
<OpTerm BooleanOpId="10" Intrnl_Id="449">
<BasicBoolTerm Intrnl_Id="450">
<LocList>
<Loc EndOffset="7639" SrcFileId="1" StartOffset="7633"/>
</LocList>
</BasicBoolTerm>
<BasicBoolTerm Intrnl_Id="451">
<LocList>
<Loc EndOffset="7649" SrcFileId="1" StartOffset="7643"/>
</LocList>
</BasicBoolTerm>
<LocList>
<Loc EndOffset="7642" SrcFileId="1" StartOffset="7640"/>
</LocList>
</OpTerm>
</RootTerm>
</CondStmnt>
</StmntSeq>
</Branch>
<Branch CovItemId="B86" CovItemPrefix="com.OriginalFiles.RemoteNXTFunctions.java" Implct="false" Intrnl_Id="452">
<Cond>
<Loc EndOffset="8082" SrcFileId="1" StartOffset="8078"/>
</Cond>
<LocList>
<Loc EndOffset="11286" SrcFileId="1" StartOffset="8083"/>
</LocList>
<StmntSeq Intrnl_Id="453">
<LocList>
<Loc EndOffset="11286" SrcFileId="1" StartOffset="8083"/>
</LocList>
<CondStmnt CovItemId="S108" CovItemPrefix="com.OriginalFiles.RemoteNXTFunctions.java" Intrnl_Id="454">
<Branch CovItemId="B93" CovItemPrefix="com.OriginalFiles.RemoteNXTFunctions.java" Implct="false" Intrnl_Id="455">
<Cond/>
<LocList>
<Loc EndOffset="8656" SrcFileId="1" StartOffset="8113"/>
</LocList>
<StmntSeq Intrnl_Id="456">
<LocList>
<Loc EndOffset="8641" SrcFileId="1" StartOffset="8132"/>
</LocList>
<CondStmnt CovItemId="S109" CovItemPrefix="com.OriginalFiles.RemoteNXTFunctions.java" Intrnl_Id="457">
<Branch CovItemId="B95" CovItemPrefix="com.OriginalFiles.RemoteNXTFunctions.java" Implct="false" Intrnl_Id="458">
<Cond/>
<LocList>
<Loc EndOffset="8216" SrcFileId="1" StartOffset="8153"/>
</LocList>
<StmntSeq Intrnl_Id="459">
<LocList>
<Loc EndOffset="8197" SrcFileId="1" StartOffset="8176"/>
</LocList>
<BasicStmnt CovItemId="S110" CovItemPrefix="com.OriginalFiles.RemoteNXTFunctions.java" Intrnl_Id="460">
<LocList>
<Loc EndOffset="8197" SrcFileId="1" StartOffset="8176"/>
</LocList>
</BasicStmnt>
</StmntSeq>
</Branch>
<Branch CovItemId="B96" CovItemPrefix="com.OriginalFiles.RemoteNXTFunctions.java" Implct="false" Intrnl_Id="461">
<Cond>
<Loc EndOffset="8221" SrcFileId="1" StartOffset="8217"/>
</Cond>
<LocList>
<Loc EndOffset="8641" SrcFileId="1" StartOffset="8222"/>
</LocList>
<StmntSeq Intrnl_Id="462">
<LocList>
<Loc EndOffset="8641" SrcFileId="1" StartOffset="8222"/>
</LocList>
<CondStmnt CovItemId="S111" CovItemPrefix="com.OriginalFiles.RemoteNXTFunctions.java" Intrnl_Id="463">
<Branch CovItemId="B97" CovItemPrefix="com.OriginalFiles.RemoteNXTFunctions.java" Implct="false" Intrnl_Id="464">
<Cond/>
<LocList>
<Loc EndOffset="8306" SrcFileId="1" StartOffset="8243"/>
</LocList>
<StmntSeq Intrnl_Id="465">
<LocList>
<Loc EndOffset="8287" SrcFileId="1" StartOffset="8266"/>
</LocList>
<BasicStmnt CovItemId="S112" CovItemPrefix="com.OriginalFiles.RemoteNXTFunctions.java" Intrnl_Id="466">
<LocList>
<Loc EndOffset="8287" SrcFileId="1" StartOffset="8266"/>
</LocList>
</BasicStmnt>
</StmntSeq>
</Branch>
<Branch CovItemId="B98" CovItemPrefix="com.OriginalFiles.RemoteNXTFunctions.java" Implct="false" Intrnl_Id="467">
<Cond>
<Loc EndOffset="8311" SrcFileId="1" StartOffset="8307"/>
</Cond>
<LocList>
<Loc EndOffset="8641" SrcFileId="1" StartOffset="8312"/>
</LocList>
<StmntSeq Intrnl_Id="468">
<LocList>
<Loc EndOffset="8641" SrcFileId="1" StartOffset="8312"/>
</LocList>
<CondStmnt CovItemId="S113" CovItemPrefix="com.OriginalFiles.RemoteNXTFunctions.java" Intrnl_Id="469">
<Branch CovItemId="B99" CovItemPrefix="com.OriginalFiles.RemoteNXTFunctions.java" Implct="false" Intrnl_Id="470">
<Cond/>
<LocList>
<Loc EndOffset="8396" SrcFileId="1" StartOffset="8333"/>
</LocList>
<StmntSeq Intrnl_Id="471">
<LocList>
<Loc EndOffset="8377" SrcFileId="1" StartOffset="8356"/>
</LocList>
<BasicStmnt CovItemId="S114" CovItemPrefix="com.OriginalFiles.RemoteNXTFunctions.java" Intrnl_Id="472">
<LocList>
<Loc EndOffset="8377" SrcFileId="1" StartOffset="8356"/>
</LocList>
</BasicStmnt>
</StmntSeq>
</Branch>
<Branch CovItemId="B100" CovItemPrefix="com.OriginalFiles.RemoteNXTFunctions.java" Implct="false" Intrnl_Id="473">
<Cond>
<Loc EndOffset="8401" SrcFileId="1" StartOffset="8397"/>
</Cond>
<LocList>
<Loc EndOffset="8641" SrcFileId="1" StartOffset="8402"/>
</LocList>
<StmntSeq Intrnl_Id="474">
<LocList>
<Loc EndOffset="8641" SrcFileId="1" StartOffset="8402"/>
</LocList>
<CondStmnt CovItemId="S115" CovItemPrefix="com.OriginalFiles.RemoteNXTFunctions.java" Intrnl_Id="475">
<Branch CovItemId="B101" CovItemPrefix="com.OriginalFiles.RemoteNXTFunctions.java" Implct="false" Intrnl_Id="476">
<Cond/>
<LocList>
<Loc EndOffset="8572" SrcFileId="1" StartOffset="8461"/>
</LocList>
<StmntSeq Intrnl_Id="477">
<LocList>
<Loc EndOffset="8553" SrcFileId="1" StartOffset="8484"/>
</LocList>
<BasicStmnt CovItemId="S116" CovItemPrefix="com.OriginalFiles.RemoteNXTFunctions.java" Intrnl_Id="478">
<LocList>
<Loc EndOffset="8553" SrcFileId="1" StartOffset="8484"/>
</LocList>
</BasicStmnt>
</StmntSeq>
</Branch>
<Branch CovItemId="B102" CovItemPrefix="com.OriginalFiles.RemoteNXTFunctions.java" Implct="false" Intrnl_Id="479">
<Cond>
<Loc EndOffset="8577" SrcFileId="1" StartOffset="8573"/>
</Cond>
<LocList>
<Loc EndOffset="8641" SrcFileId="1" StartOffset="8578"/>
</LocList>
<StmntSeq Intrnl_Id="480">
<LocList>
<Loc EndOffset="8622" SrcFileId="1" StartOffset="8601"/>
</LocList>
<BasicStmnt CovItemId="S117" CovItemPrefix="com.OriginalFiles.RemoteNXTFunctions.java" Intrnl_Id="481">
<LocList>
<Loc EndOffset="8622" SrcFileId="1" StartOffset="8601"/>
</LocList>
</BasicStmnt>
</StmntSeq>
</Branch>
<Keyword EndOffset="8404" SrcFileId="1" StartOffset="8402"/>
<LocList>
<Loc EndOffset="8641" SrcFileId="1" StartOffset="8402"/>
</LocList>
<RootTerm CovItemId="C53" CovItemPrefix="com.OriginalFiles.RemoteNXTFunctions.java" Intrnl_Id="482">
<BasicBoolTerm Intrnl_Id="483">
<LocList>
<Loc EndOffset="8459" SrcFileId="1" StartOffset="8406"/>
</LocList>
</BasicBoolTerm>
</RootTerm>
</CondStmnt>
</StmntSeq>
</Branch>
<Keyword EndOffset="8314" SrcFileId="1" StartOffset="8312"/>
<LocList>
<Loc EndOffset="8641" SrcFileId="1" StartOffset="8312"/>
</LocList>
<RootTerm CovItemId="C52" CovItemPrefix="com.OriginalFiles.RemoteNXTFunctions.java" Intrnl_Id="484">
<OpTerm BooleanOpId="10" Intrnl_Id="485">
<BasicBoolTerm Intrnl_Id="486">
<LocList>
<Loc EndOffset="8321" SrcFileId="1" StartOffset="8315"/>
</LocList>
</BasicBoolTerm>
<BasicBoolTerm Intrnl_Id="487">
<LocList>
<Loc EndOffset="8331" SrcFileId="1" StartOffset="8325"/>
</LocList>
</BasicBoolTerm>
<LocList>
<Loc EndOffset="8324" SrcFileId="1" StartOffset="8322"/>
</LocList>
</OpTerm>
</RootTerm>
</CondStmnt>
</StmntSeq>
</Branch>
<Keyword EndOffset="8224" SrcFileId="1" StartOffset="8222"/>
<LocList>
<Loc EndOffset="8641" SrcFileId="1" StartOffset="8222"/>
</LocList>
<RootTerm CovItemId="C51" CovItemPrefix="com.OriginalFiles.RemoteNXTFunctions.java" Intrnl_Id="488">
<OpTerm BooleanOpId="10" Intrnl_Id="489">
<BasicBoolTerm Intrnl_Id="490">
<LocList>
<Loc EndOffset="8231" SrcFileId="1" StartOffset="8225"/>
</LocList>
</BasicBoolTerm>
<BasicBoolTerm Intrnl_Id="491">
<LocList>
<Loc EndOffset="8241" SrcFileId="1" StartOffset="8235"/>
</LocList>
</BasicBoolTerm>
<LocList>
<Loc EndOffset="8234" SrcFileId="1" StartOffset="8232"/>
</LocList>
</OpTerm>
</RootTerm>
</CondStmnt>
</StmntSeq>
</Branch>
<Keyword EndOffset="8134" SrcFileId="1" StartOffset="8132"/>
<LocList>
<Loc EndOffset="8641" SrcFileId="1" StartOffset="8132"/>
</LocList>
<RootTerm CovItemId="C50" CovItemPrefix="com.OriginalFiles.RemoteNXTFunctions.java" Intrnl_Id="492">
<OpTerm BooleanOpId="10" Intrnl_Id="493">
<BasicBoolTerm Intrnl_Id="494">
<LocList>
<Loc EndOffset="8141" SrcFileId="1" StartOffset="8135"/>
</LocList>
</BasicBoolTerm>
<BasicBoolTerm Intrnl_Id="495">
<LocList>
<Loc EndOffset="8151" SrcFileId="1" StartOffset="8145"/>
</LocList>
</BasicBoolTerm>
<LocList>
<Loc EndOffset="8144" SrcFileId="1" StartOffset="8142"/>
</LocList>
</OpTerm>
</RootTerm>
</CondStmnt>
</StmntSeq>
</Branch>
<Branch CovItemId="B94" CovItemPrefix="com.OriginalFiles.RemoteNXTFunctions.java" Implct="false" Intrnl_Id="496">
<Cond>
<Loc EndOffset="8661" SrcFileId="1" StartOffset="8657"/>
</Cond>
<LocList>
<Loc EndOffset="11286" SrcFileId="1" StartOffset="8662"/>
</LocList>
<StmntSeq Intrnl_Id="497">
<LocList>
<Loc EndOffset="11286" SrcFileId="1" StartOffset="8662"/>
</LocList>
<CondStmnt CovItemId="S118" CovItemPrefix="com.OriginalFiles.RemoteNXTFunctions.java" Intrnl_Id="498">
<Branch CovItemId="B103" CovItemPrefix="com.OriginalFiles.RemoteNXTFunctions.java" Implct="false" Intrnl_Id="499">
<Cond/>
<LocList>
<Loc EndOffset="9236" SrcFileId="1" StartOffset="8693"/>
</LocList>
<StmntSeq Intrnl_Id="500">
<LocList>
<Loc EndOffset="9221" SrcFileId="1" StartOffset="8712"/>
</LocList>
<CondStmnt CovItemId="S119" CovItemPrefix="com.OriginalFiles.RemoteNXTFunctions.java" Intrnl_Id="501">
<Branch CovItemId="B105" CovItemPrefix="com.OriginalFiles.RemoteNXTFunctions.java" Implct="false" Intrnl_Id="502">
<Cond/>
<LocList>
<Loc EndOffset="8796" SrcFileId="1" StartOffset="8733"/>
</LocList>
<StmntSeq Intrnl_Id="503">
<LocList>
<Loc EndOffset="8777" SrcFileId="1" StartOffset="8756"/>
</LocList>
<BasicStmnt CovItemId="S120" CovItemPrefix="com.OriginalFiles.RemoteNXTFunctions.java" Intrnl_Id="504">
<LocList>
<Loc EndOffset="8777" SrcFileId="1" StartOffset="8756"/>
</LocList>
</BasicStmnt>
</StmntSeq>
</Branch>
<Branch CovItemId="B106" CovItemPrefix="com.OriginalFiles.RemoteNXTFunctions.java" Implct="false" Intrnl_Id="505">
<Cond>
<Loc EndOffset="8801" SrcFileId="1" StartOffset="8797"/>
</Cond>
<LocList>
<Loc EndOffset="9221" SrcFileId="1" StartOffset="8802"/>
</LocList>
<StmntSeq Intrnl_Id="506">
<LocList>
<Loc EndOffset="9221" SrcFileId="1" StartOffset="8802"/>
</LocList>
<CondStmnt CovItemId="S121" CovItemPrefix="com.OriginalFiles.RemoteNXTFunctions.java" Intrnl_Id="507">
<Branch CovItemId="B107" CovItemPrefix="com.OriginalFiles.RemoteNXTFunctions.java" Implct="false" Intrnl_Id="508">
<Cond/>
<LocList>
<Loc EndOffset="8886" SrcFileId="1" StartOffset="8823"/>
</LocList>
<StmntSeq Intrnl_Id="509">
<LocList>
<Loc EndOffset="8867" SrcFileId="1" StartOffset="8846"/>
</LocList>
<BasicStmnt CovItemId="S122" CovItemPrefix="com.OriginalFiles.RemoteNXTFunctions.java" Intrnl_Id="510">
<LocList>
<Loc EndOffset="8867" SrcFileId="1" StartOffset="8846"/>
</LocList>
</BasicStmnt>
</StmntSeq>
</Branch>
<Branch CovItemId="B108" CovItemPrefix="com.OriginalFiles.RemoteNXTFunctions.java" Implct="false" Intrnl_Id="511">
<Cond>
<Loc EndOffset="8891" SrcFileId="1" StartOffset="8887"/>
</Cond>
<LocList>
<Loc EndOffset="9221" SrcFileId="1" StartOffset="8892"/>
</LocList>
<StmntSeq Intrnl_Id="512">
<LocList>
<Loc EndOffset="9221" SrcFileId="1" StartOffset="8892"/>
</LocList>
<CondStmnt CovItemId="S123" CovItemPrefix="com.OriginalFiles.RemoteNXTFunctions.java" Intrnl_Id="513">
<Branch CovItemId="B109" CovItemPrefix="com.OriginalFiles.RemoteNXTFunctions.java" Implct="false" Intrnl_Id="514">
<Cond/>
<LocList>
<Loc EndOffset="8976" SrcFileId="1" StartOffset="8913"/>
</LocList>
<StmntSeq Intrnl_Id="515">
<LocList>
<Loc EndOffset="8957" SrcFileId="1" StartOffset="8936"/>
</LocList>
<BasicStmnt CovItemId="S124" CovItemPrefix="com.OriginalFiles.RemoteNXTFunctions.java" Intrnl_Id="516">
<LocList>
<Loc EndOffset="8957" SrcFileId="1" StartOffset="8936"/>
</LocList>
</BasicStmnt>
</StmntSeq>
</Branch>
<Branch CovItemId="B110" CovItemPrefix="com.OriginalFiles.RemoteNXTFunctions.java" Implct="false" Intrnl_Id="517">
<Cond>
<Loc EndOffset="8981" SrcFileId="1" StartOffset="8977"/>
</Cond>
<LocList>
<Loc EndOffset="9221" SrcFileId="1" StartOffset="8982"/>
</LocList>
<StmntSeq Intrnl_Id="518">
<LocList>
<Loc EndOffset="9221" SrcFileId="1" StartOffset="8982"/>
</LocList>
<CondStmnt CovItemId="S125" CovItemPrefix="com.OriginalFiles.RemoteNXTFunctions.java" Intrnl_Id="519">
<Branch CovItemId="B111" CovItemPrefix="com.OriginalFiles.RemoteNXTFunctions.java" Implct="false" Intrnl_Id="520">
<Cond/>
<LocList>
<Loc EndOffset="9152" SrcFileId="1" StartOffset="9041"/>
</LocList>
<StmntSeq Intrnl_Id="521">
<LocList>
<Loc EndOffset="9133" SrcFileId="1" StartOffset="9064"/>
</LocList>
<BasicStmnt CovItemId="S126" CovItemPrefix="com.OriginalFiles.RemoteNXTFunctions.java" Intrnl_Id="522">
<LocList>
<Loc EndOffset="9133" SrcFileId="1" StartOffset="9064"/>
</LocList>
</BasicStmnt>
</StmntSeq>
</Branch>
<Branch CovItemId="B112" CovItemPrefix="com.OriginalFiles.RemoteNXTFunctions.java" Implct="false" Intrnl_Id="523">
<Cond>
<Loc EndOffset="9157" SrcFileId="1" StartOffset="9153"/>
</Cond>
<LocList>
<Loc EndOffset="9221" SrcFileId="1" StartOffset="9158"/>
</LocList>
<StmntSeq Intrnl_Id="524">
<LocList>
<Loc EndOffset="9202" SrcFileId="1" StartOffset="9181"/>
</LocList>
<BasicStmnt CovItemId="S127" CovItemPrefix="com.OriginalFiles.RemoteNXTFunctions.java" Intrnl_Id="525">
<LocList>
<Loc EndOffset="9202" SrcFileId="1" StartOffset="9181"/>
</LocList>
</BasicStmnt>
</StmntSeq>
</Branch>
<Keyword EndOffset="8984" SrcFileId="1" StartOffset="8982"/>
<LocList>
<Loc EndOffset="9221" SrcFileId="1" StartOffset="8982"/>
</LocList>
<RootTerm CovItemId="C58" CovItemPrefix="com.OriginalFiles.RemoteNXTFunctions.java" Intrnl_Id="526">
<BasicBoolTerm Intrnl_Id="527">
<LocList>
<Loc EndOffset="9039" SrcFileId="1" StartOffset="8986"/>
</LocList>
</BasicBoolTerm>
</RootTerm>
</CondStmnt>
</StmntSeq>
</Branch>
<Keyword EndOffset="8894" SrcFileId="1" StartOffset="8892"/>
<LocList>
<Loc EndOffset="9221" SrcFileId="1" StartOffset="8892"/>
</LocList>
<RootTerm CovItemId="C57" CovItemPrefix="com.OriginalFiles.RemoteNXTFunctions.java" Intrnl_Id="528">
<OpTerm BooleanOpId="10" Intrnl_Id="529">
<BasicBoolTerm Intrnl_Id="530">
<LocList>
<Loc EndOffset="8901" SrcFileId="1" StartOffset="8895"/>
</LocList>
</BasicBoolTerm>
<BasicBoolTerm Intrnl_Id="531">
<LocList>
<Loc EndOffset="8911" SrcFileId="1" StartOffset="8905"/>
</LocList>
</BasicBoolTerm>
<LocList>
<Loc EndOffset="8904" SrcFileId="1" StartOffset="8902"/>
</LocList>
</OpTerm>
</RootTerm>
</CondStmnt>
</StmntSeq>
</Branch>
<Keyword EndOffset="8804" SrcFileId="1" StartOffset="8802"/>
<LocList>
<Loc EndOffset="9221" SrcFileId="1" StartOffset="8802"/>
</LocList>
<RootTerm CovItemId="C56" CovItemPrefix="com.OriginalFiles.RemoteNXTFunctions.java" Intrnl_Id="532">
<OpTerm BooleanOpId="10" Intrnl_Id="533">
<BasicBoolTerm Intrnl_Id="534">
<LocList>
<Loc EndOffset="8811" SrcFileId="1" StartOffset="8805"/>
</LocList>
</BasicBoolTerm>
<BasicBoolTerm Intrnl_Id="535">
<LocList>
<Loc EndOffset="8821" SrcFileId="1" StartOffset="8815"/>
</LocList>
</BasicBoolTerm>
<LocList>
<Loc EndOffset="8814" SrcFileId="1" StartOffset="8812"/>
</LocList>
</OpTerm>
</RootTerm>
</CondStmnt>
</StmntSeq>
</Branch>
<Keyword EndOffset="8714" SrcFileId="1" StartOffset="8712"/>
<LocList>
<Loc EndOffset="9221" SrcFileId="1" StartOffset="8712"/>
</LocList>
<RootTerm CovItemId="C55" CovItemPrefix="com.OriginalFiles.RemoteNXTFunctions.java" Intrnl_Id="536">
<OpTerm BooleanOpId="10" Intrnl_Id="537">
<BasicBoolTerm Intrnl_Id="538">
<LocList>
<Loc EndOffset="8721" SrcFileId="1" StartOffset="8715"/>
</LocList>
</BasicBoolTerm>
<BasicBoolTerm Intrnl_Id="539">
<LocList>
<Loc EndOffset="8731" SrcFileId="1" StartOffset="8725"/>
</LocList>
</BasicBoolTerm>
<LocList>
<Loc EndOffset="8724" SrcFileId="1" StartOffset="8722"/>
</LocList>
</OpTerm>
</RootTerm>
</CondStmnt>
</StmntSeq>
</Branch>
<Branch CovItemId="B104" CovItemPrefix="com.OriginalFiles.RemoteNXTFunctions.java" Implct="false" Intrnl_Id="540">
<Cond>
<Loc EndOffset="9241" SrcFileId="1" StartOffset="9237"/>
</Cond>
<LocList>
<Loc EndOffset="11286" SrcFileId="1" StartOffset="9242"/>
</LocList>
<StmntSeq Intrnl_Id="541">
<LocList>
<Loc EndOffset="11286" SrcFileId="1" StartOffset="9242"/>
</LocList>
<CondStmnt CovItemId="S128" CovItemPrefix="com.OriginalFiles.RemoteNXTFunctions.java" Intrnl_Id="542">
<Branch CovItemId="B113" CovItemPrefix="com.OriginalFiles.RemoteNXTFunctions.java" Implct="false" Intrnl_Id="543">
<Cond/>
<LocList>
<Loc EndOffset="9816" SrcFileId="1" StartOffset="9273"/>
</LocList>
<StmntSeq Intrnl_Id="544">
<LocList>
<Loc EndOffset="9801" SrcFileId="1" StartOffset="9292"/>
</LocList>
<CondStmnt CovItemId="S129" CovItemPrefix="com.OriginalFiles.RemoteNXTFunctions.java" Intrnl_Id="545">
<Branch CovItemId="B115" CovItemPrefix="com.OriginalFiles.RemoteNXTFunctions.java" Implct="false" Intrnl_Id="546">
<Cond/>
<LocList>
<Loc EndOffset="9376" SrcFileId="1" StartOffset="9313"/>
</LocList>
<StmntSeq Intrnl_Id="547">
<LocList>
<Loc EndOffset="9357" SrcFileId="1" StartOffset="9336"/>
</LocList>
<BasicStmnt CovItemId="S130" CovItemPrefix="com.OriginalFiles.RemoteNXTFunctions.java" Intrnl_Id="548">
<LocList>
<Loc EndOffset="9357" SrcFileId="1" StartOffset="9336"/>
</LocList>
</BasicStmnt>
</StmntSeq>
</Branch>
<Branch CovItemId="B116" CovItemPrefix="com.OriginalFiles.RemoteNXTFunctions.java" Implct="false" Intrnl_Id="549">
<Cond>
<Loc EndOffset="9381" SrcFileId="1" StartOffset="9377"/>
</Cond>
<LocList>
<Loc EndOffset="9801" SrcFileId="1" StartOffset="9382"/>
</LocList>
<StmntSeq Intrnl_Id="550">
<LocList>
<Loc EndOffset="9801" SrcFileId="1" StartOffset="9382"/>
</LocList>
<CondStmnt CovItemId="S131" CovItemPrefix="com.OriginalFiles.RemoteNXTFunctions.java" Intrnl_Id="551">
<Branch CovItemId="B117" CovItemPrefix="com.OriginalFiles.RemoteNXTFunctions.java" Implct="false" Intrnl_Id="552">
<Cond/>
<LocList>
<Loc EndOffset="9466" SrcFileId="1" StartOffset="9403"/>
</LocList>
<StmntSeq Intrnl_Id="553">
<LocList>
<Loc EndOffset="9447" SrcFileId="1" StartOffset="9426"/>
</LocList>
<BasicStmnt CovItemId="S132" CovItemPrefix="com.OriginalFiles.RemoteNXTFunctions.java" Intrnl_Id="554">
<LocList>
<Loc EndOffset="9447" SrcFileId="1" StartOffset="9426"/>
</LocList>
</BasicStmnt>
</StmntSeq>
</Branch>
<Branch CovItemId="B118" CovItemPrefix="com.OriginalFiles.RemoteNXTFunctions.java" Implct="false" Intrnl_Id="555">
<Cond>
<Loc EndOffset="9471" SrcFileId="1" StartOffset="9467"/>
</Cond>
<LocList>
<Loc EndOffset="9801" SrcFileId="1" StartOffset="9472"/>
</LocList>
<StmntSeq Intrnl_Id="556">
<LocList>
<Loc EndOffset="9801" SrcFileId="1" StartOffset="9472"/>
</LocList>
<CondStmnt CovItemId="S133" CovItemPrefix="com.OriginalFiles.RemoteNXTFunctions.java" Intrnl_Id="557">
<Branch CovItemId="B119" CovItemPrefix="com.OriginalFiles.RemoteNXTFunctions.java" Implct="false" Intrnl_Id="558">
<Cond/>
<LocList>
<Loc EndOffset="9556" SrcFileId="1" StartOffset="9493"/>
</LocList>
<StmntSeq Intrnl_Id="559">
<LocList>
<Loc EndOffset="9537" SrcFileId="1" StartOffset="9516"/>
</LocList>
<BasicStmnt CovItemId="S134" CovItemPrefix="com.OriginalFiles.RemoteNXTFunctions.java" Intrnl_Id="560">
<LocList>
<Loc EndOffset="9537" SrcFileId="1" StartOffset="9516"/>
</LocList>
</BasicStmnt>
</StmntSeq>
</Branch>
<Branch CovItemId="B120" CovItemPrefix="com.OriginalFiles.RemoteNXTFunctions.java" Implct="false" Intrnl_Id="561">
<Cond>
<Loc EndOffset="9561" SrcFileId="1" StartOffset="9557"/>
</Cond>
<LocList>
<Loc EndOffset="9801" SrcFileId="1" StartOffset="9562"/>
</LocList>
<StmntSeq Intrnl_Id="562">
<LocList>
<Loc EndOffset="9801" SrcFileId="1" StartOffset="9562"/>
</LocList>
<CondStmnt CovItemId="S135" CovItemPrefix="com.OriginalFiles.RemoteNXTFunctions.java" Intrnl_Id="563">
<Branch CovItemId="B121" CovItemPrefix="com.OriginalFiles.RemoteNXTFunctions.java" Implct="false" Intrnl_Id="564">
<Cond/>
<LocList>
<Loc EndOffset="9732" SrcFileId="1" StartOffset="9621"/>
</LocList>
<StmntSeq Intrnl_Id="565">
<LocList>
<Loc EndOffset="9713" SrcFileId="1" StartOffset="9644"/>
</LocList>
<BasicStmnt CovItemId="S136" CovItemPrefix="com.OriginalFiles.RemoteNXTFunctions.java" Intrnl_Id="566">
<LocList>
<Loc EndOffset="9713" SrcFileId="1" StartOffset="9644"/>
</LocList>
</BasicStmnt>
</StmntSeq>
</Branch>
<Branch CovItemId="B122" CovItemPrefix="com.OriginalFiles.RemoteNXTFunctions.java" Implct="false" Intrnl_Id="567">
<Cond>
<Loc EndOffset="9737" SrcFileId="1" StartOffset="9733"/>
</Cond>
<LocList>
<Loc EndOffset="9801" SrcFileId="1" StartOffset="9738"/>
</LocList>
<StmntSeq Intrnl_Id="568">
<LocList>
<Loc EndOffset="9782" SrcFileId="1" StartOffset="9761"/>
</LocList>
<BasicStmnt CovItemId="S137" CovItemPrefix="com.OriginalFiles.RemoteNXTFunctions.java" Intrnl_Id="569">
<LocList>
<Loc EndOffset="9782" SrcFileId="1" StartOffset="9761"/>
</LocList>
</BasicStmnt>
</StmntSeq>
</Branch>
<Keyword EndOffset="9564" SrcFileId="1" StartOffset="9562"/>
<LocList>
<Loc EndOffset="9801" SrcFileId="1" StartOffset="9562"/>
</LocList>
<RootTerm CovItemId="C63" CovItemPrefix="com.OriginalFiles.RemoteNXTFunctions.java" Intrnl_Id="570">
<BasicBoolTerm Intrnl_Id="571">
<LocList>
<Loc EndOffset="9619" SrcFileId="1" StartOffset="9566"/>
</LocList>
</BasicBoolTerm>
</RootTerm>
</CondStmnt>
</StmntSeq>
</Branch>
<Keyword EndOffset="9474" SrcFileId="1" StartOffset="9472"/>
<LocList>
<Loc EndOffset="9801" SrcFileId="1" StartOffset="9472"/>
</LocList>
<RootTerm CovItemId="C62" CovItemPrefix="com.OriginalFiles.RemoteNXTFunctions.java" Intrnl_Id="572">
<OpTerm BooleanOpId="10" Intrnl_Id="573">
<BasicBoolTerm Intrnl_Id="574">
<LocList>
<Loc EndOffset="9481" SrcFileId="1" StartOffset="9475"/>
</LocList>
</BasicBoolTerm>
<BasicBoolTerm Intrnl_Id="575">
<LocList>
<Loc EndOffset="9491" SrcFileId="1" StartOffset="9485"/>
</LocList>
</BasicBoolTerm>
<LocList>
<Loc EndOffset="9484" SrcFileId="1" StartOffset="9482"/>
</LocList>
</OpTerm>
</RootTerm>
</CondStmnt>
</StmntSeq>
</Branch>
<Keyword EndOffset="9384" SrcFileId="1" StartOffset="9382"/>
<LocList>
<Loc EndOffset="9801" SrcFileId="1" StartOffset="9382"/>
</LocList>
<RootTerm CovItemId="C61" CovItemPrefix="com.OriginalFiles.RemoteNXTFunctions.java" Intrnl_Id="576">
<OpTerm BooleanOpId="10" Intrnl_Id="577">
<BasicBoolTerm Intrnl_Id="578">
<LocList>
<Loc EndOffset="9391" SrcFileId="1" StartOffset="9385"/>
</LocList>
</BasicBoolTerm>
<BasicBoolTerm Intrnl_Id="579">
<LocList>
<Loc EndOffset="9401" SrcFileId="1" StartOffset="9395"/>
</LocList>
</BasicBoolTerm>
<LocList>
<Loc EndOffset="9394" SrcFileId="1" StartOffset="9392"/>
</LocList>
</OpTerm>
</RootTerm>
</CondStmnt>
</StmntSeq>
</Branch>
<Keyword EndOffset="9294" SrcFileId="1" StartOffset="9292"/>
<LocList>
<Loc EndOffset="9801" SrcFileId="1" StartOffset="9292"/>
</LocList>
<RootTerm CovItemId="C60" CovItemPrefix="com.OriginalFiles.RemoteNXTFunctions.java" Intrnl_Id="580">
<OpTerm BooleanOpId="10" Intrnl_Id="581">
<BasicBoolTerm Intrnl_Id="582">
<LocList>
<Loc EndOffset="9301" SrcFileId="1" StartOffset="9295"/>
</LocList>
</BasicBoolTerm>
<BasicBoolTerm Intrnl_Id="583">
<LocList>
<Loc EndOffset="9311" SrcFileId="1" StartOffset="9305"/>
</LocList>
</BasicBoolTerm>
<LocList>
<Loc EndOffset="9304" SrcFileId="1" StartOffset="9302"/>
</LocList>
</OpTerm>
</RootTerm>
</CondStmnt>
</StmntSeq>
</Branch>
<Branch CovItemId="B114" CovItemPrefix="com.OriginalFiles.RemoteNXTFunctions.java" Implct="false" Intrnl_Id="584">
<Cond>
<Loc EndOffset="9821" SrcFileId="1" StartOffset="9817"/>
</Cond>
<LocList>
<Loc EndOffset="11286" SrcFileId="1" StartOffset="9822"/>
</LocList>
<StmntSeq Intrnl_Id="585">
<LocList>
<Loc EndOffset="11286" SrcFileId="1" StartOffset="9822"/>
</LocList>
<CondStmnt CovItemId="S138" CovItemPrefix="com.OriginalFiles.RemoteNXTFunctions.java" Intrnl_Id="586">
<Branch CovItemId="B123" CovItemPrefix="com.OriginalFiles.RemoteNXTFunctions.java" Implct="false" Intrnl_Id="587">
<Cond/>
<LocList>
<Loc EndOffset="10396" SrcFileId="1" StartOffset="9853"/>
</LocList>
<StmntSeq Intrnl_Id="588">
<LocList>
<Loc EndOffset="10381" SrcFileId="1" StartOffset="9872"/>
</LocList>
<CondStmnt CovItemId="S139" CovItemPrefix="com.OriginalFiles.RemoteNXTFunctions.java" Intrnl_Id="589">
<Branch CovItemId="B125" CovItemPrefix="com.OriginalFiles.RemoteNXTFunctions.java" Implct="false" Intrnl_Id="590">
<Cond/>
<LocList>
<Loc EndOffset="9956" SrcFileId="1" StartOffset="9893"/>
</LocList>
<StmntSeq Intrnl_Id="591">
<LocList>
<Loc EndOffset="9937" SrcFileId="1" StartOffset="9916"/>
</LocList>
<BasicStmnt CovItemId="S140" CovItemPrefix="com.OriginalFiles.RemoteNXTFunctions.java" Intrnl_Id="592">
<LocList>
<Loc EndOffset="9937" SrcFileId="1" StartOffset="9916"/>
</LocList>
</BasicStmnt>
</StmntSeq>
</Branch>
<Branch CovItemId="B126" CovItemPrefix="com.OriginalFiles.RemoteNXTFunctions.java" Implct="false" Intrnl_Id="593">
<Cond>
<Loc EndOffset="9961" SrcFileId="1" StartOffset="9957"/>
</Cond>
<LocList>
<Loc EndOffset="10381" SrcFileId="1" StartOffset="9962"/>
</LocList>
<StmntSeq Intrnl_Id="594">
<LocList>
<Loc EndOffset="10381" SrcFileId="1" StartOffset="9962"/>
</LocList>
<CondStmnt CovItemId="S141" CovItemPrefix="com.OriginalFiles.RemoteNXTFunctions.java" Intrnl_Id="595">
<Branch CovItemId="B127" CovItemPrefix="com.OriginalFiles.RemoteNXTFunctions.java" Implct="false" Intrnl_Id="596">
<Cond/>
<LocList>
<Loc EndOffset="10046" SrcFileId="1" StartOffset="9983"/>
</LocList>
<StmntSeq Intrnl_Id="597">
<LocList>
<Loc EndOffset="10027" SrcFileId="1" StartOffset="10006"/>
</LocList>
<BasicStmnt CovItemId="S142" CovItemPrefix="com.OriginalFiles.RemoteNXTFunctions.java" Intrnl_Id="598">
<LocList>
<Loc EndOffset="10027" SrcFileId="1" StartOffset="10006"/>
</LocList>
</BasicStmnt>
</StmntSeq>
</Branch>
<Branch CovItemId="B128" CovItemPrefix="com.OriginalFiles.RemoteNXTFunctions.java" Implct="false" Intrnl_Id="599">
<Cond>
<Loc EndOffset="10051" SrcFileId="1" StartOffset="10047"/>
</Cond>
<LocList>
<Loc EndOffset="10381" SrcFileId="1" StartOffset="10052"/>
</LocList>
<StmntSeq Intrnl_Id="600">
<LocList>
<Loc EndOffset="10381" SrcFileId="1" StartOffset="10052"/>
</LocList>
<CondStmnt CovItemId="S143" CovItemPrefix="com.OriginalFiles.RemoteNXTFunctions.java" Intrnl_Id="601">
<Branch CovItemId="B129" CovItemPrefix="com.OriginalFiles.RemoteNXTFunctions.java" Implct="false" Intrnl_Id="602">
<Cond/>
<LocList>
<Loc EndOffset="10136" SrcFileId="1" StartOffset="10073"/>
</LocList>
<StmntSeq Intrnl_Id="603">
<LocList>
<Loc EndOffset="10117" SrcFileId="1" StartOffset="10096"/>
</LocList>
<BasicStmnt CovItemId="S144" CovItemPrefix="com.OriginalFiles.RemoteNXTFunctions.java" Intrnl_Id="604">
<LocList>
<Loc EndOffset="10117" SrcFileId="1" StartOffset="10096"/>
</LocList>
</BasicStmnt>
</StmntSeq>
</Branch>
<Branch CovItemId="B130" CovItemPrefix="com.OriginalFiles.RemoteNXTFunctions.java" Implct="false" Intrnl_Id="605">
<Cond>
<Loc EndOffset="10141" SrcFileId="1" StartOffset="10137"/>
</Cond>
<LocList>
<Loc EndOffset="10381" SrcFileId="1" StartOffset="10142"/>
</LocList>
<StmntSeq Intrnl_Id="606">
<LocList>
<Loc EndOffset="10381" SrcFileId="1" StartOffset="10142"/>
</LocList>
<CondStmnt CovItemId="S145" CovItemPrefix="com.OriginalFiles.RemoteNXTFunctions.java" Intrnl_Id="607">
<Branch CovItemId="B131" CovItemPrefix="com.OriginalFiles.RemoteNXTFunctions.java" Implct="false" Intrnl_Id="608">
<Cond/>
<LocList>
<Loc EndOffset="10312" SrcFileId="1" StartOffset="10201"/>
</LocList>
<StmntSeq Intrnl_Id="609">
<LocList>
<Loc EndOffset="10293" SrcFileId="1" StartOffset="10224"/>
</LocList>
<BasicStmnt CovItemId="S146" CovItemPrefix="com.OriginalFiles.RemoteNXTFunctions.java" Intrnl_Id="610">
<LocList>
<Loc EndOffset="10293" SrcFileId="1" StartOffset="10224"/>
</LocList>
</BasicStmnt>
</StmntSeq>
</Branch>
<Branch CovItemId="B132" CovItemPrefix="com.OriginalFiles.RemoteNXTFunctions.java" Implct="false" Intrnl_Id="611">
<Cond>
<Loc EndOffset="10317" SrcFileId="1" StartOffset="10313"/>
</Cond>
<LocList>
<Loc EndOffset="10381" SrcFileId="1" StartOffset="10318"/>
</LocList>
<StmntSeq Intrnl_Id="612">
<LocList>
<Loc EndOffset="10362" SrcFileId="1" StartOffset="10341"/>
</LocList>
<BasicStmnt CovItemId="S147" CovItemPrefix="com.OriginalFiles.RemoteNXTFunctions.java" Intrnl_Id="613">
<LocList>
<Loc EndOffset="10362" SrcFileId="1" StartOffset="10341"/>
</LocList>
</BasicStmnt>
</StmntSeq>
</Branch>
<Keyword EndOffset="10144" SrcFileId="1" StartOffset="10142"/>
<LocList>
<Loc EndOffset="10381" SrcFileId="1" StartOffset="10142"/>
</LocList>
<RootTerm CovItemId="C68" CovItemPrefix="com.OriginalFiles.RemoteNXTFunctions.java" Intrnl_Id="614">
<BasicBoolTerm Intrnl_Id="615">
<LocList>
<Loc EndOffset="10199" SrcFileId="1" StartOffset="10146"/>
</LocList>
</BasicBoolTerm>
</RootTerm>
</CondStmnt>
</StmntSeq>
</Branch>
<Keyword EndOffset="10054" SrcFileId="1" StartOffset="10052"/>
<LocList>
<Loc EndOffset="10381" SrcFileId="1" StartOffset="10052"/>
</LocList>
<RootTerm CovItemId="C67" CovItemPrefix="com.OriginalFiles.RemoteNXTFunctions.java" Intrnl_Id="616">
<OpTerm BooleanOpId="10" Intrnl_Id="617">
<BasicBoolTerm Intrnl_Id="618">
<LocList>
<Loc EndOffset="10061" SrcFileId="1" StartOffset="10055"/>
</LocList>
</BasicBoolTerm>
<BasicBoolTerm Intrnl_Id="619">
<LocList>
<Loc EndOffset="10071" SrcFileId="1" StartOffset="10065"/>
</LocList>
</BasicBoolTerm>
<LocList>
<Loc EndOffset="10064" SrcFileId="1" StartOffset="10062"/>
</LocList>
</OpTerm>
</RootTerm>
</CondStmnt>
</StmntSeq>
</Branch>
<Keyword EndOffset="9964" SrcFileId="1" StartOffset="9962"/>
<LocList>
<Loc EndOffset="10381" SrcFileId="1" StartOffset="9962"/>
</LocList>
<RootTerm CovItemId="C66" CovItemPrefix="com.OriginalFiles.RemoteNXTFunctions.java" Intrnl_Id="620">
<OpTerm BooleanOpId="10" Intrnl_Id="621">
<BasicBoolTerm Intrnl_Id="622">
<LocList>
<Loc EndOffset="9971" SrcFileId="1" StartOffset="9965"/>
</LocList>
</BasicBoolTerm>
<BasicBoolTerm Intrnl_Id="623">
<LocList>
<Loc EndOffset="9981" SrcFileId="1" StartOffset="9975"/>
</LocList>
</BasicBoolTerm>
<LocList>
<Loc EndOffset="9974" SrcFileId="1" StartOffset="9972"/>
</LocList>
</OpTerm>
</RootTerm>
</CondStmnt>
</StmntSeq>
</Branch>
<Keyword EndOffset="9874" SrcFileId="1" StartOffset="9872"/>
<LocList>
<Loc EndOffset="10381" SrcFileId="1" StartOffset="9872"/>
</LocList>
<RootTerm CovItemId="C65" CovItemPrefix="com.OriginalFiles.RemoteNXTFunctions.java" Intrnl_Id="624">
<OpTerm BooleanOpId="10" Intrnl_Id="625">
<BasicBoolTerm Intrnl_Id="626">
<LocList>
<Loc EndOffset="9881" SrcFileId="1" StartOffset="9875"/>
</LocList>
</BasicBoolTerm>
<BasicBoolTerm Intrnl_Id="627">
<LocList>
<Loc EndOffset="9891" SrcFileId="1" StartOffset="9885"/>
</LocList>
</BasicBoolTerm>
<LocList>
<Loc EndOffset="9884" SrcFileId="1" StartOffset="9882"/>
</LocList>
</OpTerm>
</RootTerm>
</CondStmnt>
</StmntSeq>
</Branch>
<Branch CovItemId="B124" CovItemPrefix="com.OriginalFiles.RemoteNXTFunctions.java" Implct="false" Intrnl_Id="628">
<Cond>
<Loc EndOffset="10401" SrcFileId="1" StartOffset="10397"/>
</Cond>
<LocList>
<Loc EndOffset="11286" SrcFileId="1" StartOffset="10402"/>
</LocList>
<StmntSeq Intrnl_Id="629">
<LocList>
<Loc EndOffset="11286" SrcFileId="1" StartOffset="10402"/>
</LocList>
<CondStmnt CovItemId="S148" CovItemPrefix="com.OriginalFiles.RemoteNXTFunctions.java" Intrnl_Id="630">
<Branch CovItemId="B133" CovItemPrefix="com.OriginalFiles.RemoteNXTFunctions.java" Implct="false" Intrnl_Id="631">
<Cond/>
<LocList>
<Loc EndOffset="10886" SrcFileId="1" StartOffset="10433"/>
</LocList>
<StmntSeq Intrnl_Id="632">
<LocList>
<Loc EndOffset="10871" SrcFileId="1" StartOffset="10452"/>
</LocList>
<CondStmnt CovItemId="S149" CovItemPrefix="com.OriginalFiles.RemoteNXTFunctions.java" Intrnl_Id="633">
<Branch CovItemId="B135" CovItemPrefix="com.OriginalFiles.RemoteNXTFunctions.java" Implct="false" Intrnl_Id="634">
<Cond/>
<LocList>
<Loc EndOffset="10536" SrcFileId="1" StartOffset="10473"/>
</LocList>
<StmntSeq Intrnl_Id="635">
<LocList>
<Loc EndOffset="10517" SrcFileId="1" StartOffset="10496"/>
</LocList>
<BasicStmnt CovItemId="S150" CovItemPrefix="com.OriginalFiles.RemoteNXTFunctions.java" Intrnl_Id="636">
<LocList>
<Loc EndOffset="10517" SrcFileId="1" StartOffset="10496"/>
</LocList>
</BasicStmnt>
</StmntSeq>
</Branch>
<Branch CovItemId="B136" CovItemPrefix="com.OriginalFiles.RemoteNXTFunctions.java" Implct="false" Intrnl_Id="637">
<Cond>
<Loc EndOffset="10541" SrcFileId="1" StartOffset="10537"/>
</Cond>
<LocList>
<Loc EndOffset="10871" SrcFileId="1" StartOffset="10542"/>
</LocList>
<StmntSeq Intrnl_Id="638">
<LocList>
<Loc EndOffset="10871" SrcFileId="1" StartOffset="10542"/>
</LocList>
<CondStmnt CovItemId="S151" CovItemPrefix="com.OriginalFiles.RemoteNXTFunctions.java" Intrnl_Id="639">
<Branch CovItemId="B137" CovItemPrefix="com.OriginalFiles.RemoteNXTFunctions.java" Implct="false" Intrnl_Id="640">
<Cond/>
<LocList>
<Loc EndOffset="10626" SrcFileId="1" StartOffset="10563"/>
</LocList>
<StmntSeq Intrnl_Id="641">
<LocList>
<Loc EndOffset="10607" SrcFileId="1" StartOffset="10586"/>
</LocList>
<BasicStmnt CovItemId="S152" CovItemPrefix="com.OriginalFiles.RemoteNXTFunctions.java" Intrnl_Id="642">
<LocList>
<Loc EndOffset="10607" SrcFileId="1" StartOffset="10586"/>
</LocList>
</BasicStmnt>
</StmntSeq>
</Branch>
<Branch CovItemId="B138" CovItemPrefix="com.OriginalFiles.RemoteNXTFunctions.java" Implct="false" Intrnl_Id="643">
<Cond>
<Loc EndOffset="10631" SrcFileId="1" StartOffset="10627"/>
</Cond>
<LocList>
<Loc EndOffset="10871" SrcFileId="1" StartOffset="10632"/>
</LocList>
<StmntSeq Intrnl_Id="644">
<LocList>
<Loc EndOffset="10871" SrcFileId="1" StartOffset="10632"/>
</LocList>
<CondStmnt CovItemId="S153" CovItemPrefix="com.OriginalFiles.RemoteNXTFunctions.java" Intrnl_Id="645">
<Branch CovItemId="B139" CovItemPrefix="com.OriginalFiles.RemoteNXTFunctions.java" Implct="false" Intrnl_Id="646">
<Cond/>
<LocList>
<Loc EndOffset="10802" SrcFileId="1" StartOffset="10691"/>
</LocList>
<StmntSeq Intrnl_Id="647">
<LocList>
<Loc EndOffset="10783" SrcFileId="1" StartOffset="10714"/>
</LocList>
<BasicStmnt CovItemId="S154" CovItemPrefix="com.OriginalFiles.RemoteNXTFunctions.java" Intrnl_Id="648">
<LocList>
<Loc EndOffset="10783" SrcFileId="1" StartOffset="10714"/>
</LocList>
</BasicStmnt>
</StmntSeq>
</Branch>
<Branch CovItemId="B140" CovItemPrefix="com.OriginalFiles.RemoteNXTFunctions.java" Implct="false" Intrnl_Id="649">
<Cond>
<Loc EndOffset="10807" SrcFileId="1" StartOffset="10803"/>
</Cond>
<LocList>
<Loc EndOffset="10871" SrcFileId="1" StartOffset="10808"/>
</LocList>
<StmntSeq Intrnl_Id="650">
<LocList>
<Loc EndOffset="10852" SrcFileId="1" StartOffset="10831"/>
</LocList>
<BasicStmnt CovItemId="S155" CovItemPrefix="com.OriginalFiles.RemoteNXTFunctions.java" Intrnl_Id="651">
<LocList>
<Loc EndOffset="10852" SrcFileId="1" StartOffset="10831"/>
</LocList>
</BasicStmnt>
</StmntSeq>
</Branch>
<Keyword EndOffset="10634" SrcFileId="1" StartOffset="10632"/>
<LocList>
<Loc EndOffset="10871" SrcFileId="1" StartOffset="10632"/>
</LocList>
<RootTerm CovItemId="C72" CovItemPrefix="com.OriginalFiles.RemoteNXTFunctions.java" Intrnl_Id="652">
<BasicBoolTerm Intrnl_Id="653">
<LocList>
<Loc EndOffset="10689" SrcFileId="1" StartOffset="10636"/>
</LocList>
</BasicBoolTerm>
</RootTerm>
</CondStmnt>
</StmntSeq>
</Branch>
<Keyword EndOffset="10544" SrcFileId="1" StartOffset="10542"/>
<LocList>
<Loc EndOffset="10871" SrcFileId="1" StartOffset="10542"/>
</LocList>
<RootTerm CovItemId="C71" CovItemPrefix="com.OriginalFiles.RemoteNXTFunctions.java" Intrnl_Id="654">
<OpTerm BooleanOpId="10" Intrnl_Id="655">
<BasicBoolTerm Intrnl_Id="656">
<LocList>
<Loc EndOffset="10551" SrcFileId="1" StartOffset="10545"/>
</LocList>
</BasicBoolTerm>
<BasicBoolTerm Intrnl_Id="657">
<LocList>
<Loc EndOffset="10561" SrcFileId="1" StartOffset="10555"/>
</LocList>
</BasicBoolTerm>
<LocList>
<Loc EndOffset="10554" SrcFileId="1" StartOffset="10552"/>
</LocList>
</OpTerm>
</RootTerm>
</CondStmnt>
</StmntSeq>
</Branch>
<Keyword EndOffset="10454" SrcFileId="1" StartOffset="10452"/>
<LocList>
<Loc EndOffset="10871" SrcFileId="1" StartOffset="10452"/>
</LocList>
<RootTerm CovItemId="C70" CovItemPrefix="com.OriginalFiles.RemoteNXTFunctions.java" Intrnl_Id="658">
<OpTerm BooleanOpId="10" Intrnl_Id="659">
<BasicBoolTerm Intrnl_Id="660">
<LocList>
<Loc EndOffset="10461" SrcFileId="1" StartOffset="10455"/>
</LocList>
</BasicBoolTerm>
<BasicBoolTerm Intrnl_Id="661">
<LocList>
<Loc EndOffset="10471" SrcFileId="1" StartOffset="10465"/>
</LocList>
</BasicBoolTerm>
<LocList>
<Loc EndOffset="10464" SrcFileId="1" StartOffset="10462"/>
</LocList>
</OpTerm>
</RootTerm>
</CondStmnt>
</StmntSeq>
</Branch>
<Branch CovItemId="B134" CovItemPrefix="com.OriginalFiles.RemoteNXTFunctions.java" Implct="false" Intrnl_Id="662">
<Cond>
<Loc EndOffset="10891" SrcFileId="1" StartOffset="10887"/>
</Cond>
<LocList>
<Loc EndOffset="11286" SrcFileId="1" StartOffset="10892"/>
</LocList>
<StmntSeq Intrnl_Id="663">
<LocList>
<Loc EndOffset="11286" SrcFileId="1" StartOffset="10892"/>
</LocList>
<CondStmnt CovItemId="S156" CovItemPrefix="com.OriginalFiles.RemoteNXTFunctions.java" Intrnl_Id="664">
<Branch CovItemId="B141" CovItemPrefix="com.OriginalFiles.RemoteNXTFunctions.java" Implct="false" Intrnl_Id="665">
<Cond/>
<LocList>
<Loc EndOffset="11286" SrcFileId="1" StartOffset="10923"/>
</LocList>
<StmntSeq Intrnl_Id="666">
<LocList>
<Loc EndOffset="11271" SrcFileId="1" StartOffset="10942"/>
</LocList>
<CondStmnt CovItemId="S157" CovItemPrefix="com.OriginalFiles.RemoteNXTFunctions.java" Intrnl_Id="667">
<Branch CovItemId="B143" CovItemPrefix="com.OriginalFiles.RemoteNXTFunctions.java" Implct="false" Intrnl_Id="668">
<Cond/>
<LocList>
<Loc EndOffset="11026" SrcFileId="1" StartOffset="10963"/>
</LocList>
<StmntSeq Intrnl_Id="669">
<LocList>
<Loc EndOffset="11007" SrcFileId="1" StartOffset="10986"/>
</LocList>
<BasicStmnt CovItemId="S158" CovItemPrefix="com.OriginalFiles.RemoteNXTFunctions.java" Intrnl_Id="670">
<LocList>
<Loc EndOffset="11007" SrcFileId="1" StartOffset="10986"/>
</LocList>
</BasicStmnt>
</StmntSeq>
</Branch>
<Branch CovItemId="B144" CovItemPrefix="com.OriginalFiles.RemoteNXTFunctions.java" Implct="false" Intrnl_Id="671">
<Cond>
<Loc EndOffset="11031" SrcFileId="1" StartOffset="11027"/>
</Cond>
<LocList>
<Loc EndOffset="11271" SrcFileId="1" StartOffset="11032"/>
</LocList>
<StmntSeq Intrnl_Id="672">
<LocList>
<Loc EndOffset="11271" SrcFileId="1" StartOffset="11032"/>
</LocList>
<CondStmnt CovItemId="S159" CovItemPrefix="com.OriginalFiles.RemoteNXTFunctions.java" Intrnl_Id="673">
<Branch CovItemId="B145" CovItemPrefix="com.OriginalFiles.RemoteNXTFunctions.java" Implct="false" Intrnl_Id="674">
<Cond/>
<LocList>
<Loc EndOffset="11202" SrcFileId="1" StartOffset="11091"/>
</LocList>
<StmntSeq Intrnl_Id="675">
<LocList>
<Loc EndOffset="11183" SrcFileId="1" StartOffset="11114"/>
</LocList>
<BasicStmnt CovItemId="S160" CovItemPrefix="com.OriginalFiles.RemoteNXTFunctions.java" Intrnl_Id="676">
<LocList>
<Loc EndOffset="11183" SrcFileId="1" StartOffset="11114"/>
</LocList>
</BasicStmnt>
</StmntSeq>
</Branch>
<Branch CovItemId="B146" CovItemPrefix="com.OriginalFiles.RemoteNXTFunctions.java" Implct="false" Intrnl_Id="677">
<Cond>
<Loc EndOffset="11207" SrcFileId="1" StartOffset="11203"/>
</Cond>
<LocList>
<Loc EndOffset="11271" SrcFileId="1" StartOffset="11208"/>
</LocList>
<StmntSeq Intrnl_Id="678">
<LocList>
<Loc EndOffset="11252" SrcFileId="1" StartOffset="11231"/>
</LocList>
<BasicStmnt CovItemId="S161" CovItemPrefix="com.OriginalFiles.RemoteNXTFunctions.java" Intrnl_Id="679">
<LocList>
<Loc EndOffset="11252" SrcFileId="1" StartOffset="11231"/>
</LocList>
</BasicStmnt>
</StmntSeq>
</Branch>
<Keyword EndOffset="11034" SrcFileId="1" StartOffset="11032"/>
<LocList>
<Loc EndOffset="11271" SrcFileId="1" StartOffset="11032"/>
</LocList>
<RootTerm CovItemId="C75" CovItemPrefix="com.OriginalFiles.RemoteNXTFunctions.java" Intrnl_Id="680">
<BasicBoolTerm Intrnl_Id="681">
<LocList>
<Loc EndOffset="11089" SrcFileId="1" StartOffset="11036"/>
</LocList>
</BasicBoolTerm>
</RootTerm>
</CondStmnt>
</StmntSeq>
</Branch>
<Keyword EndOffset="10944" SrcFileId="1" StartOffset="10942"/>
<LocList>
<Loc EndOffset="11271" SrcFileId="1" StartOffset="10942"/>
</LocList>
<RootTerm CovItemId="C74" CovItemPrefix="com.OriginalFiles.RemoteNXTFunctions.java" Intrnl_Id="682">
<OpTerm BooleanOpId="10" Intrnl_Id="683">
<BasicBoolTerm Intrnl_Id="684">
<LocList>
<Loc EndOffset="10951" SrcFileId="1" StartOffset="10945"/>
</LocList>
</BasicBoolTerm>
<BasicBoolTerm Intrnl_Id="685">
<LocList>
<Loc EndOffset="10961" SrcFileId="1" StartOffset="10955"/>
</LocList>
</BasicBoolTerm>
<LocList>
<Loc EndOffset="10954" SrcFileId="1" StartOffset="10952"/>
</LocList>
</OpTerm>
</RootTerm>
</CondStmnt>
</StmntSeq>
</Branch>
<Branch CovItemId="B142" CovItemPrefix="com.OriginalFiles.RemoteNXTFunctions.java" Implct="true" Intrnl_Id="686">
<Cond/>
<LocList/>
<StmntSeq Intrnl_Id="687">
<LocList/>
</StmntSeq>
</Branch>
<Keyword EndOffset="10894" SrcFileId="1" StartOffset="10892"/>
<LocList>
<Loc EndOffset="11286" SrcFileId="1" StartOffset="10892"/>
</LocList>
<RootTerm CovItemId="C73" CovItemPrefix="com.OriginalFiles.RemoteNXTFunctions.java" Intrnl_Id="688">
<BasicBoolTerm Intrnl_Id="689">
<LocList>
<Loc EndOffset="10921" SrcFileId="1" StartOffset="10896"/>
</LocList>
</BasicBoolTerm>
</RootTerm>
</CondStmnt>
</StmntSeq>
</Branch>
<Keyword EndOffset="10404" SrcFileId="1" StartOffset="10402"/>
<LocList>
<Loc EndOffset="11286" SrcFileId="1" StartOffset="10402"/>
</LocList>
<RootTerm CovItemId="C69" CovItemPrefix="com.OriginalFiles.RemoteNXTFunctions.java" Intrnl_Id="690">
<BasicBoolTerm Intrnl_Id="691">
<LocList>
<Loc EndOffset="10431" SrcFileId="1" StartOffset="10406"/>
</LocList>
</BasicBoolTerm>
</RootTerm>
</CondStmnt>
</StmntSeq>
</Branch>
<Keyword EndOffset="9824" SrcFileId="1" StartOffset="9822"/>
<LocList>
<Loc EndOffset="11286" SrcFileId="1" StartOffset="9822"/>
</LocList>
<RootTerm CovItemId="C64" CovItemPrefix="com.OriginalFiles.RemoteNXTFunctions.java" Intrnl_Id="692">
<BasicBoolTerm Intrnl_Id="693">
<LocList>
<Loc EndOffset="9851" SrcFileId="1" StartOffset="9826"/>
</LocList>
</BasicBoolTerm>
</RootTerm>
</CondStmnt>
</StmntSeq>
</Branch>
<Keyword EndOffset="9244" SrcFileId="1" StartOffset="9242"/>
<LocList>
<Loc EndOffset="11286" SrcFileId="1" StartOffset="9242"/>
</LocList>
<RootTerm CovItemId="C59" CovItemPrefix="com.OriginalFiles.RemoteNXTFunctions.java" Intrnl_Id="694">
<BasicBoolTerm Intrnl_Id="695">
<LocList>
<Loc EndOffset="9271" SrcFileId="1" StartOffset="9246"/>
</LocList>
</BasicBoolTerm>
</RootTerm>
</CondStmnt>
</StmntSeq>
</Branch>
<Keyword EndOffset="8664" SrcFileId="1" StartOffset="8662"/>
<LocList>
<Loc EndOffset="11286" SrcFileId="1" StartOffset="8662"/>
</LocList>
<RootTerm CovItemId="C54" CovItemPrefix="com.OriginalFiles.RemoteNXTFunctions.java" Intrnl_Id="696">
<BasicBoolTerm Intrnl_Id="697">
<LocList>
<Loc EndOffset="8691" SrcFileId="1" StartOffset="8666"/>
</LocList>
</BasicBoolTerm>
</RootTerm>
</CondStmnt>
</StmntSeq>
</Branch>
<Keyword EndOffset="8085" SrcFileId="1" StartOffset="8083"/>
<LocList>
<Loc EndOffset="11286" SrcFileId="1" StartOffset="8083"/>
</LocList>
<RootTerm CovItemId="C49" CovItemPrefix="com.OriginalFiles.RemoteNXTFunctions.java" Intrnl_Id="698">
<BasicBoolTerm Intrnl_Id="699">
<LocList>
<Loc EndOffset="8111" SrcFileId="1" StartOffset="8087"/>
</LocList>
</BasicBoolTerm>
</RootTerm>
</CondStmnt>
</StmntSeq>
</Branch>
<Keyword EndOffset="7583" SrcFileId="1" StartOffset="7581"/>
<LocList>
<Loc EndOffset="11286" SrcFileId="1" StartOffset="7581"/>
</LocList>
<RootTerm CovItemId="C45" CovItemPrefix="com.OriginalFiles.RemoteNXTFunctions.java" Intrnl_Id="700">
<BasicBoolTerm Intrnl_Id="701">
<LocList>
<Loc EndOffset="7609" SrcFileId="1" StartOffset="7585"/>
</LocList>
</BasicBoolTerm>
</RootTerm>
</CondStmnt>
</StmntSeq>
</Branch>
<Keyword EndOffset="7081" SrcFileId="1" StartOffset="7079"/>
<LocList>
<Loc EndOffset="11286" SrcFileId="1" StartOffset="7079"/>
</LocList>
<RootTerm CovItemId="C41" CovItemPrefix="com.OriginalFiles.RemoteNXTFunctions.java" Intrnl_Id="702">
<BasicBoolTerm Intrnl_Id="703">
<LocList>
<Loc EndOffset="7107" SrcFileId="1" StartOffset="7083"/>
</LocList>
</BasicBoolTerm>
</RootTerm>
</CondStmnt>
</StmntSeq>
</Branch>
<Keyword EndOffset="6579" SrcFileId="1" StartOffset="6577"/>
<LocList>
<Loc EndOffset="11286" SrcFileId="1" StartOffset="6577"/>
</LocList>
<RootTerm CovItemId="C37" CovItemPrefix="com.OriginalFiles.RemoteNXTFunctions.java" Intrnl_Id="704">
<BasicBoolTerm Intrnl_Id="705">
<LocList>
<Loc EndOffset="6605" SrcFileId="1" StartOffset="6581"/>
</LocList>
</BasicBoolTerm>
</RootTerm>
</CondStmnt>
</StmntSeq>
</Branch>
<Keyword EndOffset="6077" SrcFileId="1" StartOffset="6075"/>
<LocList>
<Loc EndOffset="11286" SrcFileId="1" StartOffset="6075"/>
</LocList>
<RootTerm CovItemId="C33" CovItemPrefix="com.OriginalFiles.RemoteNXTFunctions.java" Intrnl_Id="706">
<BasicBoolTerm Intrnl_Id="707">
<LocList>
<Loc EndOffset="6103" SrcFileId="1" StartOffset="6079"/>
</LocList>
</BasicBoolTerm>
</RootTerm>
</CondStmnt>
</StmntSeq>
</Branch>
<Keyword EndOffset="5665" SrcFileId="1" StartOffset="5663"/>
<LocList>
<Loc EndOffset="11286" SrcFileId="1" StartOffset="5663"/>
</LocList>
<RootTerm CovItemId="C30" CovItemPrefix="com.OriginalFiles.RemoteNXTFunctions.java" Intrnl_Id="708">
<BasicBoolTerm Intrnl_Id="709">
<LocList>
<Loc EndOffset="5691" SrcFileId="1" StartOffset="5667"/>
</LocList>
</BasicBoolTerm>
</RootTerm>
</CondStmnt>
</StmntSeq>
</Branch>
<Keyword EndOffset="5253" SrcFileId="1" StartOffset="5251"/>
<LocList>
<Loc EndOffset="11286" SrcFileId="1" StartOffset="5251"/>
</LocList>
<RootTerm CovItemId="C27" CovItemPrefix="com.OriginalFiles.RemoteNXTFunctions.java" Intrnl_Id="710">
<BasicBoolTerm Intrnl_Id="711">
<LocList>
<Loc EndOffset="5279" SrcFileId="1" StartOffset="5255"/>
</LocList>
</BasicBoolTerm>
</RootTerm>
</CondStmnt>
</StmntSeq>
</Branch>
<Keyword EndOffset="4593" SrcFileId="1" StartOffset="4591"/>
<LocList>
<Loc EndOffset="11286" SrcFileId="1" StartOffset="4591"/>
</LocList>
<RootTerm CovItemId="C22" CovItemPrefix="com.OriginalFiles.RemoteNXTFunctions.java" Intrnl_Id="712">
<BasicBoolTerm Intrnl_Id="713">
<LocList>
<Loc EndOffset="4619" SrcFileId="1" StartOffset="4595"/>
</LocList>
</BasicBoolTerm>
</RootTerm>
</CondStmnt>
</StmntSeq>
</Branch>
<Keyword EndOffset="4041" SrcFileId="1" StartOffset="4039"/>
<LocList>
<Loc EndOffset="11286" SrcFileId="1" StartOffset="4039"/>
</LocList>
<RootTerm CovItemId="C18" CovItemPrefix="com.OriginalFiles.RemoteNXTFunctions.java" Intrnl_Id="714">
<BasicBoolTerm Intrnl_Id="715">
<LocList>
<Loc EndOffset="4066" SrcFileId="1" StartOffset="4042"/>
</LocList>
</BasicBoolTerm>
</RootTerm>
</CondStmnt>
</StmntSeq>
</Branch>
<Keyword EndOffset="2278" SrcFileId="1" StartOffset="2276"/>
<LocList>
<Loc EndOffset="11297" SrcFileId="1" StartOffset="2276"/>
</LocList>
<RootTerm CovItemId="C5" CovItemPrefix="com.OriginalFiles.RemoteNXTFunctions.java" Intrnl_Id="716">
<BasicBoolTerm Intrnl_Id="717">
<LocList>
<Loc EndOffset="2303" SrcFileId="1" StartOffset="2279"/>
</LocList>
</BasicBoolTerm>
</RootTerm>
</CondStmnt>
<BasicStmnt CovItemId="S162" CovItemPrefix="com.OriginalFiles.RemoteNXTFunctions.java" Intrnl_Id="718">
<LocList>
<Loc EndOffset="11331" SrcFileId="1" StartOffset="11317"/>
</LocList>
</BasicStmnt>
</StmntSeq>
</HierarchyLvl>
</HierarchyLvl>
<HierarchyLvl HierarchyLvlId="665" HierarchyLvlTypeId="13" Intrnl_Id="719" Name="Piece">
<Header>
<Loc EndOffset="48" SrcFileId="2" StartOffset="30"/>
</Header>
<LocList>
<Loc EndOffset="3411" SrcFileId="2" StartOffset="30"/>
</LocList>
<StmntSeq Intrnl_Id="720">
<LocList>
<Loc EndOffset="83" SrcFileId="2" StartOffset="56"/>
<Loc EndOffset="147" SrcFileId="2" StartOffset="113"/>
<Loc EndOffset="184" SrcFileId="2" StartOffset="153"/>
<Loc EndOffset="223" SrcFileId="2" StartOffset="190"/>
<Loc EndOffset="261" SrcFileId="2" StartOffset="229"/>
<Loc EndOffset="303" SrcFileId="2" StartOffset="267"/>
<Loc EndOffset="341" SrcFileId="2" StartOffset="309"/>
<Loc EndOffset="379" SrcFileId="2" StartOffset="347"/>
<Loc EndOffset="457" SrcFileId="2" StartOffset="421"/>
<Loc EndOffset="497" SrcFileId="2" StartOffset="463"/>
<Loc EndOffset="536" SrcFileId="2" StartOffset="503"/>
<Loc EndOffset="578" SrcFileId="2" StartOffset="542"/>
<Loc EndOffset="617" SrcFileId="2" StartOffset="584"/>
</LocList>
<BasicStmnt CovItemId="S1" CovItemPrefix="com.OriginalFiles.Piece.java" Intrnl_Id="721">
<LocList>
<Loc EndOffset="83" SrcFileId="2" StartOffset="56"/>
</LocList>
</BasicStmnt>
<BasicStmnt CovItemId="S2" CovItemPrefix="com.OriginalFiles.Piece.java" Intrnl_Id="722">
<LocList>
<Loc EndOffset="147" SrcFileId="2" StartOffset="113"/>
</LocList>
</BasicStmnt>
<BasicStmnt CovItemId="S3" CovItemPrefix="com.OriginalFiles.Piece.java" Intrnl_Id="723">
<LocList>
<Loc EndOffset="184" SrcFileId="2" StartOffset="153"/>
</LocList>
</BasicStmnt>
<BasicStmnt CovItemId="S4" CovItemPrefix="com.OriginalFiles.Piece.java" Intrnl_Id="724">
<LocList>
<Loc EndOffset="223" SrcFileId="2" StartOffset="190"/>
</LocList>
</BasicStmnt>
<BasicStmnt CovItemId="S5" CovItemPrefix="com.OriginalFiles.Piece.java" Intrnl_Id="725">
<LocList>
<Loc EndOffset="261" SrcFileId="2" StartOffset="229"/>
</LocList>
</BasicStmnt>
<BasicStmnt CovItemId="S6" CovItemPrefix="com.OriginalFiles.Piece.java" Intrnl_Id="726">
<LocList>
<Loc EndOffset="303" SrcFileId="2" StartOffset="267"/>
</LocList>
</BasicStmnt>
<BasicStmnt CovItemId="S7" CovItemPrefix="com.OriginalFiles.Piece.java" Intrnl_Id="727">
<LocList>
<Loc EndOffset="341" SrcFileId="2" StartOffset="309"/>
</LocList>
</BasicStmnt>
<BasicStmnt CovItemId="S8" CovItemPrefix="com.OriginalFiles.Piece.java" Intrnl_Id="728">
<LocList>
<Loc EndOffset="379" SrcFileId="2" StartOffset="347"/>
</LocList>
</BasicStmnt>
<BasicStmnt CovItemId="S9" CovItemPrefix="com.OriginalFiles.Piece.java" Intrnl_Id="729">
<LocList>
<Loc EndOffset="457" SrcFileId="2" StartOffset="421"/>
</LocList>
</BasicStmnt>
<BasicStmnt CovItemId="S10" CovItemPrefix="com.OriginalFiles.Piece.java" Intrnl_Id="730">
<LocList>
<Loc EndOffset="497" SrcFileId="2" StartOffset="463"/>
</LocList>
</BasicStmnt>
<BasicStmnt CovItemId="S11" CovItemPrefix="com.OriginalFiles.Piece.java" Intrnl_Id="731">
<LocList>
<Loc EndOffset="536" SrcFileId="2" StartOffset="503"/>
</LocList>
</BasicStmnt>
<BasicStmnt CovItemId="S12" CovItemPrefix="com.OriginalFiles.Piece.java" Intrnl_Id="732">
<LocList>
<Loc EndOffset="578" SrcFileId="2" StartOffset="542"/>
</LocList>
</BasicStmnt>
<BasicStmnt CovItemId="S13" CovItemPrefix="com.OriginalFiles.Piece.java" Intrnl_Id="733">
<LocList>
<Loc EndOffset="617" SrcFileId="2" StartOffset="584"/>
</LocList>
</BasicStmnt>
</StmntSeq>
<HierarchyLvl HierarchyLvlId="655" HierarchyLvlTypeId="14" Intrnl_Id="734" Name="Piece">
<Header>
<Loc EndOffset="650" SrcFileId="2" StartOffset="625"/>
</Header>
<LocList>
<Loc EndOffset="691" SrcFileId="2" StartOffset="625"/>
</LocList>
<StmntSeq Intrnl_Id="735">
<LocList>
<Loc EndOffset="684" SrcFileId="2" StartOffset="662"/>
</LocList>
<BasicStmnt CovItemId="S14" CovItemPrefix="com.OriginalFiles.Piece.java" Intrnl_Id="736">
<LocList>
<Loc EndOffset="684" SrcFileId="2" StartOffset="662"/>
</LocList>
</BasicStmnt>
</StmntSeq>
</HierarchyLvl>
<HierarchyLvl HierarchyLvlId="656" HierarchyLvlTypeId="14" Intrnl_Id="737" Name="getY">
<Header>
<Loc EndOffset="722" SrcFileId="2" StartOffset="699"/>
</Header>
<LocList>
<Loc EndOffset="750" SrcFileId="2" StartOffset="699"/>
</LocList>
<StmntSeq Intrnl_Id="738">
<LocList>
<Loc EndOffset="743" SrcFileId="2" StartOffset="734"/>
</LocList>
<BasicStmnt CovItemId="S15" CovItemPrefix="com.OriginalFiles.Piece.java" Intrnl_Id="739">
<LocList>
<Loc EndOffset="743" SrcFileId="2" StartOffset="734"/>
</LocList>
</BasicStmnt>
</StmntSeq>
</HierarchyLvl>
<HierarchyLvl HierarchyLvlId="657" HierarchyLvlTypeId="14" Intrnl_Id="740" Name="getX">
<Header>
<Loc EndOffset="781" SrcFileId="2" StartOffset="758"/>
</Header>
<LocList>
<Loc EndOffset="809" SrcFileId="2" StartOffset="758"/>
</LocList>
<StmntSeq Intrnl_Id="741">
<LocList>
<Loc EndOffset="802" SrcFileId="2" StartOffset="793"/>
</LocList>
<BasicStmnt CovItemId="S16" CovItemPrefix="com.OriginalFiles.Piece.java" Intrnl_Id="742">
<LocList>
<Loc EndOffset="802" SrcFileId="2" StartOffset="793"/>
</LocList>
</BasicStmnt>
</StmntSeq>
</HierarchyLvl>
<HierarchyLvl HierarchyLvlId="658" HierarchyLvlTypeId="14" Intrnl_Id="743" Name="setXY">
<Header>
<Loc EndOffset="864" SrcFileId="2" StartOffset="817"/>
</Header>
<LocList>
<Loc EndOffset="946" SrcFileId="2" StartOffset="817"/>
</LocList>
<StmntSeq Intrnl_Id="744">
<LocList>
<Loc EndOffset="887" SrcFileId="2" StartOffset="876"/>
<Loc EndOffset="908" SrcFileId="2" StartOffset="897"/>
<Loc EndOffset="939" SrcFileId="2" StartOffset="918"/>
</LocList>
<BasicStmnt CovItemId="S17" CovItemPrefix="com.OriginalFiles.Piece.java" Intrnl_Id="745">
<LocList>
<Loc EndOffset="887" SrcFileId="2" StartOffset="876"/>
</LocList>
</BasicStmnt>
<BasicStmnt CovItemId="S18" CovItemPrefix="com.OriginalFiles.Piece.java" Intrnl_Id="746">
<LocList>
<Loc EndOffset="908" SrcFileId="2" StartOffset="897"/>
</LocList>
</BasicStmnt>
<BasicStmnt CovItemId="S19" CovItemPrefix="com.OriginalFiles.Piece.java" Intrnl_Id="747">
<LocList>
<Loc EndOffset="939" SrcFileId="2" StartOffset="918"/>
</LocList>
</BasicStmnt>
</StmntSeq>
</HierarchyLvl>
<HierarchyLvl HierarchyLvlId="659" HierarchyLvlTypeId="14" Intrnl_Id="748" Name="isOnBoard">
<Header>
<Loc EndOffset="981" SrcFileId="2" StartOffset="954"/>
</Header>
<LocList>
<Loc EndOffset="1151" SrcFileId="2" StartOffset="954"/>
</LocList>
<StmntSeq Intrnl_Id="749">
<LocList>
<Loc EndOffset="1144" SrcFileId="2" StartOffset="993"/>
</LocList>
<CondStmnt CovItemId="S20" CovItemPrefix="com.OriginalFiles.Piece.java" Intrnl_Id="750">
<Branch CovItemId="B1" CovItemPrefix="com.OriginalFiles.Piece.java" Implct="false" Intrnl_Id="751">
<Cond/>
<LocList>
<Loc EndOffset="1068" SrcFileId="2" StartOffset="1030"/>
</LocList>
<StmntSeq Intrnl_Id="752">
<LocList>
<Loc EndOffset="1057" SrcFileId="2" StartOffset="1045"/>
</LocList>
<BasicStmnt CovItemId="S21" CovItemPrefix="com.OriginalFiles.Piece.java" Intrnl_Id="753">
<LocList>
<Loc EndOffset="1057" SrcFileId="2" StartOffset="1045"/>
</LocList>
</BasicStmnt>
</StmntSeq>
</Branch>
<Branch CovItemId="B2" CovItemPrefix="com.OriginalFiles.Piece.java" Implct="false" Intrnl_Id="754">
<Cond>
<Loc EndOffset="1073" SrcFileId="2" StartOffset="1069"/>
</Cond>
<LocList>
<Loc EndOffset="1144" SrcFileId="2" StartOffset="1074"/>
</LocList>
<StmntSeq Intrnl_Id="755">
<LocList>
<Loc EndOffset="1106" SrcFileId="2" StartOffset="1089"/>
<Loc EndOffset="1133" SrcFileId="2" StartOffset="1120"/>
</LocList>
<BasicStmnt CovItemId="S22" CovItemPrefix="com.OriginalFiles.Piece.java" Intrnl_Id="756">
<LocList>
<Loc EndOffset="1106" SrcFileId="2" StartOffset="1089"/>
</LocList>
</BasicStmnt>
<BasicStmnt CovItemId="S23" CovItemPrefix="com.OriginalFiles.Piece.java" Intrnl_Id="757">
<LocList>
<Loc EndOffset="1133" SrcFileId="2" StartOffset="1120"/>
</LocList>
</BasicStmnt>
</StmntSeq>
</Branch>
<Keyword EndOffset="995" SrcFileId="2" StartOffset="993"/>
<LocList>
<Loc EndOffset="1144" SrcFileId="2" StartOffset="993"/>
</LocList>
<RootTerm CovItemId="C1" CovItemPrefix="com.OriginalFiles.Piece.java" Intrnl_Id="758">
<BasicBoolTerm Intrnl_Id="759">
<LocList>
<Loc EndOffset="1028" SrcFileId="2" StartOffset="997"/>
</LocList>
</BasicBoolTerm>
</RootTerm>
</CondStmnt>
</StmntSeq>
</HierarchyLvl>
<HierarchyLvl HierarchyLvlId="660" HierarchyLvlTypeId="14" Intrnl_Id="760" Name="priceForPiece">
<Header>
<Loc EndOffset="1207" SrcFileId="2" StartOffset="1159"/>
</Header>
<LocList>
<Loc EndOffset="1373" SrcFileId="2" StartOffset="1159"/>
</LocList>
<StmntSeq Intrnl_Id="761">
<LocList>
<Loc EndOffset="1336" SrcFileId="2" StartOffset="1219"/>
<Loc EndOffset="1366" SrcFileId="2" StartOffset="1346"/>
</LocList>
<CondStmnt CovItemId="S24" CovItemPrefix="com.OriginalFiles.Piece.java" Intrnl_Id="762">
<Branch CovItemId="B3" CovItemPrefix="com.OriginalFiles.Piece.java" Implct="false" Intrnl_Id="763">
<Cond/>
<LocList>
<Loc EndOffset="1336" SrcFileId="2" StartOffset="1283"/>
</LocList>
<StmntSeq Intrnl_Id="764">
<LocList>
<Loc EndOffset="1325" SrcFileId="2" StartOffset="1302"/>
</LocList>
<BasicStmnt CovItemId="S25" CovItemPrefix="com.OriginalFiles.Piece.java" Intrnl_Id="765">
<LocList>
<Loc EndOffset="1325" SrcFileId="2" StartOffset="1302"/>
</LocList>
</BasicStmnt>
</StmntSeq>
</Branch>
<Branch CovItemId="B4" CovItemPrefix="com.OriginalFiles.Piece.java" Implct="true" Intrnl_Id="766">
<Cond/>
<LocList/>
<StmntSeq Intrnl_Id="767">
<LocList/>
</StmntSeq>
</Branch>
<Keyword EndOffset="1221" SrcFileId="2" StartOffset="1219"/>
<LocList>
<Loc EndOffset="1336" SrcFileId="2" StartOffset="1219"/>
</LocList>
<RootTerm CovItemId="C2" CovItemPrefix="com.OriginalFiles.Piece.java" Intrnl_Id="768">
<OpTerm BooleanOpId="11" Intrnl_Id="769">
<BasicBoolTerm Intrnl_Id="770">
<LocList>
<Loc EndOffset="1255" SrcFileId="2" StartOffset="1223"/>
</LocList>
</BasicBoolTerm>
<BasicBoolTerm Intrnl_Id="771">
<LocList>
<Loc EndOffset="1281" SrcFileId="2" StartOffset="1259"/>
</LocList>
</BasicBoolTerm>
<LocList>
<Loc EndOffset="1258" SrcFileId="2" StartOffset="1256"/>
</LocList>
</OpTerm>
</RootTerm>
</CondStmnt>
<BasicStmnt CovItemId="S26" CovItemPrefix="com.OriginalFiles.Piece.java" Intrnl_Id="772">
<LocList>
<Loc EndOffset="1366" SrcFileId="2" StartOffset="1346"/>
</LocList>
</BasicStmnt>
</StmntSeq>
</HierarchyLvl>
<HierarchyLvl HierarchyLvlId="661" HierarchyLvlTypeId="14" Intrnl_Id="773" Name="min">
<Header>
<Loc EndOffset="1410" SrcFileId="2" StartOffset="1381"/>
</Header>
<LocList>
<Loc EndOffset="1494" SrcFileId="2" StartOffset="1381"/>
</LocList>
<StmntSeq Intrnl_Id="774">
<LocList>
<Loc EndOffset="1468" SrcFileId="2" StartOffset="1422"/>
<Loc EndOffset="1487" SrcFileId="2" StartOffset="1478"/>
</LocList>
<CondStmnt CovItemId="S27" CovItemPrefix="com.OriginalFiles.Piece.java" Intrnl_Id="775">
<Branch CovItemId="B5" CovItemPrefix="com.OriginalFiles.Piece.java" Implct="false" Intrnl_Id="776">
<Cond/>
<LocList>
<Loc EndOffset="1468" SrcFileId="2" StartOffset="1433"/>
</LocList>
<StmntSeq Intrnl_Id="777">
<LocList>
<Loc EndOffset="1457" SrcFileId="2" StartOffset="1448"/>
</LocList>
<BasicStmnt CovItemId="S28" CovItemPrefix="com.OriginalFiles.Piece.java" Intrnl_Id="778">
<LocList>
<Loc EndOffset="1457" SrcFileId="2" StartOffset="1448"/>
</LocList>
</BasicStmnt>
</StmntSeq>
</Branch>
<Branch CovItemId="B6" CovItemPrefix="com.OriginalFiles.Piece.java" Implct="true" Intrnl_Id="779">
<Cond/>
<LocList/>
<StmntSeq Intrnl_Id="780">
<LocList/>
</StmntSeq>
</Branch>
<Keyword EndOffset="1424" SrcFileId="2" StartOffset="1422"/>
<LocList>
<Loc EndOffset="1468" SrcFileId="2" StartOffset="1422"/>
</LocList>
<RootTerm CovItemId="C3" CovItemPrefix="com.OriginalFiles.Piece.java" Intrnl_Id="781">
<BasicBoolTerm Intrnl_Id="782">
<LocList>
<Loc EndOffset="1431" SrcFileId="2" StartOffset="1426"/>
</LocList>
</BasicBoolTerm>
</RootTerm>
</CondStmnt>
<BasicStmnt CovItemId="S29" CovItemPrefix="com.OriginalFiles.Piece.java" Intrnl_Id="783">
<LocList>
<Loc EndOffset="1487" SrcFileId="2" StartOffset="1478"/>
</LocList>
</BasicStmnt>
</StmntSeq>
</HierarchyLvl>
<HierarchyLvl HierarchyLvlId="662" HierarchyLvlTypeId="14" Intrnl_Id="784" Name="updatePriceMidgame">
<Header>
<Loc EndOffset="1535" SrcFileId="2" StartOffset="1502"/>
</Header>
<LocList>
<Loc EndOffset="1577" SrcFileId="2" StartOffset="1502"/>
</LocList>
<StmntSeq Intrnl_Id="785">
<LocList>
<Loc EndOffset="1570" SrcFileId="2" StartOffset="1547"/>
</LocList>
<BasicStmnt CovItemId="S30" CovItemPrefix="com.OriginalFiles.Piece.java" Intrnl_Id="786">
<LocList>
<Loc EndOffset="1570" SrcFileId="2" StartOffset="1547"/>
</LocList>
</BasicStmnt>
</StmntSeq>
</HierarchyLvl>
<HierarchyLvl HierarchyLvlId="663" HierarchyLvlTypeId="14" Intrnl_Id="787" Name="updatePrice">
<Header>
<Loc EndOffset="1624" SrcFileId="2" StartOffset="1585"/>
</Header>
<LocList>
<Loc EndOffset="2616" SrcFileId="2" StartOffset="1585"/>
</LocList>
<StmntSeq Intrnl_Id="788">
<LocList>
<Loc EndOffset="2609" SrcFileId="2" StartOffset="1636"/>
</LocList>
<CondStmnt CovItemId="S31" CovItemPrefix="com.OriginalFiles.Piece.java" Intrnl_Id="789">
<Branch CovItemId="B7" CovItemPrefix="com.OriginalFiles.Piece.java" Implct="false" Intrnl_Id="790">
<Cond/>
<LocList>
<Loc EndOffset="2609" SrcFileId="2" StartOffset="1653"/>
</LocList>
<StmntSeq Intrnl_Id="791">
<LocList>
<Loc EndOffset="1700" SrcFileId="2" StartOffset="1668"/>
<Loc EndOffset="1745" SrcFileId="2" StartOffset="1714"/>
<Loc EndOffset="1913" SrcFileId="2" StartOffset="1759"/>
<Loc EndOffset="2032" SrcFileId="2" StartOffset="1927"/>
<Loc EndOffset="2469" SrcFileId="2" StartOffset="2048"/>
<Loc EndOffset="2557" SrcFileId="2" StartOffset="2483"/>
<Loc EndOffset="2598" SrcFileId="2" StartOffset="2571"/>
</LocList>
<BasicStmnt CovItemId="S32" CovItemPrefix="com.OriginalFiles.Piece.java" Intrnl_Id="792">
<LocList>
<Loc EndOffset="1700" SrcFileId="2" StartOffset="1668"/>
</LocList>
</BasicStmnt>
<BasicStmnt CovItemId="S33" CovItemPrefix="com.OriginalFiles.Piece.java" Intrnl_Id="793">
<LocList>
<Loc EndOffset="1745" SrcFileId="2" StartOffset="1714"/>
</LocList>
</BasicStmnt>
<CondStmnt CovItemId="S34" CovItemPrefix="com.OriginalFiles.Piece.java" Intrnl_Id="794">
<Branch CovItemId="B9" CovItemPrefix="com.OriginalFiles.Piece.java" Implct="false" Intrnl_Id="795">
<Cond/>
<LocList>
<Loc EndOffset="1913" SrcFileId="2" StartOffset="1787"/>
</LocList>
<StmntSeq Intrnl_Id="796">
<LocList>
<Loc EndOffset="1898" SrcFileId="2" StartOffset="1806"/>
</LocList>
<BasicStmnt CovItemId="S35" CovItemPrefix="com.OriginalFiles.Piece.java" Intrnl_Id="797">
<LocList>
<Loc EndOffset="1898" SrcFileId="2" StartOffset="1806"/>
</LocList>
</BasicStmnt>
</StmntSeq>
</Branch>
<Branch CovItemId="B10" CovItemPrefix="com.OriginalFiles.Piece.java" Implct="true" Intrnl_Id="798">
<Cond/>
<LocList/>
<StmntSeq Intrnl_Id="799">
<LocList/>
</StmntSeq>
</Branch>
<Keyword EndOffset="1761" SrcFileId="2" StartOffset="1759"/>
<LocList>
<Loc EndOffset="1913" SrcFileId="2" StartOffset="1759"/>
</LocList>
<RootTerm CovItemId="C5" CovItemPrefix="com.OriginalFiles.Piece.java" Intrnl_Id="800">
<BasicBoolTerm Intrnl_Id="801">
<LocList>
<Loc EndOffset="1785" SrcFileId="2" StartOffset="1763"/>
</LocList>
</BasicBoolTerm>
</RootTerm>
</CondStmnt>
<CondStmnt CovItemId="S36" CovItemPrefix="com.OriginalFiles.Piece.java" Intrnl_Id="802">
<Branch CovItemId="B11" CovItemPrefix="com.OriginalFiles.Piece.java" Implct="false" Intrnl_Id="803">
<Cond/>
<LocList>
<Loc EndOffset="2032" SrcFileId="2" StartOffset="1955"/>
</LocList>
<StmntSeq Intrnl_Id="804">
<LocList>
<Loc EndOffset="2017" SrcFileId="2" StartOffset="1974"/>
</LocList>
<BasicStmnt CovItemId="S37" CovItemPrefix="com.OriginalFiles.Piece.java" Intrnl_Id="805">
<LocList>
<Loc EndOffset="2017" SrcFileId="2" StartOffset="1974"/>
</LocList>
</BasicStmnt>
</StmntSeq>
</Branch>
<Branch CovItemId="B12" CovItemPrefix="com.OriginalFiles.Piece.java" Implct="true" Intrnl_Id="806">
<Cond/>
<LocList/>
<StmntSeq Intrnl_Id="807">
<LocList/>
</StmntSeq>
</Branch>
<Keyword EndOffset="1929" SrcFileId="2" StartOffset="1927"/>
<LocList>
<Loc EndOffset="2032" SrcFileId="2" StartOffset="1927"/>
</LocList>
<RootTerm CovItemId="C6" CovItemPrefix="com.OriginalFiles.Piece.java" Intrnl_Id="808">
<BasicBoolTerm Intrnl_Id="809">
<LocList>
<Loc EndOffset="1953" SrcFileId="2" StartOffset="1931"/>
</LocList>
</BasicBoolTerm>
</RootTerm>
</CondStmnt>
<CondStmnt CovItemId="S38" CovItemPrefix="com.OriginalFiles.Piece.java" Intrnl_Id="810">
<Branch CovItemId="B13" CovItemPrefix="com.OriginalFiles.Piece.java" Implct="false" Intrnl_Id="811">
<Cond/>
<LocList>
<Loc EndOffset="2469" SrcFileId="2" StartOffset="2281"/>
</LocList>
<StmntSeq Intrnl_Id="812">
<LocList>
<Loc EndOffset="2403" SrcFileId="2" StartOffset="2300"/>
<Loc EndOffset="2454" SrcFileId="2" StartOffset="2421"/>
</LocList>
<CondStmnt CovItemId="S39" CovItemPrefix="com.OriginalFiles.Piece.java" Intrnl_Id="813">
<Branch CovItemId="B15" CovItemPrefix="com.OriginalFiles.Piece.java" Implct="false" Intrnl_Id="814">
<Cond/>
<LocList>
<Loc EndOffset="2403" SrcFileId="2" StartOffset="2328"/>
</LocList>
<StmntSeq Intrnl_Id="815">
<LocList>
<Loc EndOffset="2384" SrcFileId="2" StartOffset="2351"/>
</LocList>
<BasicStmnt CovItemId="S40" CovItemPrefix="com.OriginalFiles.Piece.java" Intrnl_Id="816">
<LocList>
<Loc EndOffset="2384" SrcFileId="2" StartOffset="2351"/>
</LocList>
</BasicStmnt>
</StmntSeq>
</Branch>
<Branch CovItemId="B16" CovItemPrefix="com.OriginalFiles.Piece.java" Implct="true" Intrnl_Id="817">
<Cond/>
<LocList/>
<StmntSeq Intrnl_Id="818">
<LocList/>
</StmntSeq>
</Branch>
<Keyword EndOffset="2302" SrcFileId="2" StartOffset="2300"/>
<LocList>
<Loc EndOffset="2403" SrcFileId="2" StartOffset="2300"/>
</LocList>
<RootTerm CovItemId="C8" CovItemPrefix="com.OriginalFiles.Piece.java" Intrnl_Id="819">
<BasicBoolTerm Intrnl_Id="820">
<LocList>
<Loc EndOffset="2326" SrcFileId="2" StartOffset="2304"/>
</LocList>
</BasicBoolTerm>
</RootTerm>
</CondStmnt>
<BasicStmnt CovItemId="S41" CovItemPrefix="com.OriginalFiles.Piece.java" Intrnl_Id="821">
<LocList>
<Loc EndOffset="2454" SrcFileId="2" StartOffset="2421"/>
</LocList>
</BasicStmnt>
</StmntSeq>
</Branch>
<Branch CovItemId="B14" CovItemPrefix="com.OriginalFiles.Piece.java" Implct="true" Intrnl_Id="822">
<Cond/>
<LocList/>
<StmntSeq Intrnl_Id="823">
<LocList/>
</StmntSeq>
</Branch>
<Keyword EndOffset="2050" SrcFileId="2" StartOffset="2048"/>
<LocList>
<Loc EndOffset="2469" SrcFileId="2" StartOffset="2048"/>
</LocList>
<RootTerm CovItemId="C7" CovItemPrefix="com.OriginalFiles.Piece.java" Intrnl_Id="824">
<OpTerm BooleanOpId="10" Intrnl_Id="825">
<OpTerm BooleanOpId="9" Intrnl_Id="826">
<BasicBoolTerm Intrnl_Id="827">
<LocList>
<Loc EndOffset="2062" SrcFileId="2" StartOffset="2053"/>
</LocList>
</BasicBoolTerm>
<LocList>
<Loc EndOffset="2053" SrcFileId="2" StartOffset="2052"/>
</LocList>
</OpTerm>
<OpTerm BooleanOpId="11" Intrnl_Id="828">
<OpTerm BooleanOpId="10" Intrnl_Id="829">
<BasicBoolTerm Intrnl_Id="830">
<LocList>
<Loc EndOffset="2130" SrcFileId="2" StartOffset="2089"/>
</LocList>
</BasicBoolTerm>
<BasicBoolTerm Intrnl_Id="831">
<LocList>
<Loc EndOffset="2169" SrcFileId="2" StartOffset="2163"/>
</LocList>
</BasicBoolTerm>
<LocList>
<Loc EndOffset="2162" SrcFileId="2" StartOffset="2160"/>
</LocList>
</OpTerm>
<OpTerm BooleanOpId="10" Intrnl_Id="832">
<BasicBoolTerm Intrnl_Id="833">
<LocList>
<Loc EndOffset="2238" SrcFileId="2" StartOffset="2196"/>
</LocList>
</BasicBoolTerm>
<BasicBoolTerm Intrnl_Id="834">
<LocList>
<Loc EndOffset="2277" SrcFileId="2" StartOffset="2271"/>
</LocList>
</BasicBoolTerm>
<LocList>
<Loc EndOffset="2270" SrcFileId="2" StartOffset="2268"/>
</LocList>
</OpTerm>
<LocList>
<Loc EndOffset="2194" SrcFileId="2" StartOffset="2192"/>
</LocList>
</OpTerm>
<LocList>
<Loc EndOffset="2086" SrcFileId="2" StartOffset="2084"/>
</LocList>
</OpTerm>
</RootTerm>
</CondStmnt>
<CondStmnt CovItemId="S42" CovItemPrefix="com.OriginalFiles.Piece.java" Intrnl_Id="835">
<Branch CovItemId="B17" CovItemPrefix="com.OriginalFiles.Piece.java" Implct="false" Intrnl_Id="836">
<Cond/>
<LocList>
<Loc EndOffset="2557" SrcFileId="2" StartOffset="2498"/>
</LocList>
<StmntSeq Intrnl_Id="837">
<LocList>
<Loc EndOffset="2542" SrcFileId="2" StartOffset="2517"/>
</LocList>
<BasicStmnt CovItemId="S43" CovItemPrefix="com.OriginalFiles.Piece.java" Intrnl_Id="838">
<LocList>
<Loc EndOffset="2542" SrcFileId="2" StartOffset="2517"/>
</LocList>
</BasicStmnt>
</StmntSeq>
</Branch>
<Branch CovItemId="B18" CovItemPrefix="com.OriginalFiles.Piece.java" Implct="true" Intrnl_Id="839">
<Cond/>
<LocList/>
<StmntSeq Intrnl_Id="840">
<LocList/>
</StmntSeq>
</Branch>
<Keyword EndOffset="2485" SrcFileId="2" StartOffset="2483"/>
<LocList>
<Loc EndOffset="2557" SrcFileId="2" StartOffset="2483"/>
</LocList>
<RootTerm CovItemId="C9" CovItemPrefix="com.OriginalFiles.Piece.java" Intrnl_Id="841">
<BasicBoolTerm Intrnl_Id="842">
<LocList>
<Loc EndOffset="2496" SrcFileId="2" StartOffset="2487"/>
</LocList>
</BasicBoolTerm>
</RootTerm>
</CondStmnt>
<BasicStmnt CovItemId="S44" CovItemPrefix="com.OriginalFiles.Piece.java" Intrnl_Id="843">
<LocList>
<Loc EndOffset="2598" SrcFileId="2" StartOffset="2571"/>
</LocList>
</BasicStmnt>
</StmntSeq>
</Branch>
<Branch CovItemId="B8" CovItemPrefix="com.OriginalFiles.Piece.java" Implct="true" Intrnl_Id="844">
<Cond/>
<LocList/>
<StmntSeq Intrnl_Id="845">
<LocList/>
</StmntSeq>
</Branch>
<Keyword EndOffset="1638" SrcFileId="2" StartOffset="1636"/>
<LocList>
<Loc EndOffset="2609" SrcFileId="2" StartOffset="1636"/>
</LocList>
<RootTerm CovItemId="C4" CovItemPrefix="com.OriginalFiles.Piece.java" Intrnl_Id="846">
<BasicBoolTerm Intrnl_Id="847">
<LocList>
<Loc EndOffset="1651" SrcFileId="2" StartOffset="1640"/>
</LocList>
</BasicBoolTerm>
</RootTerm>
</CondStmnt>
</StmntSeq>
</HierarchyLvl>
<HierarchyLvl HierarchyLvlId="664" HierarchyLvlTypeId="14" Intrnl_Id="848" Name="closestPiece">
<Header>
<Loc EndOffset="2650" SrcFileId="2" StartOffset="2624"/>
</Header>
<LocList>
<Loc EndOffset="3408" SrcFileId="2" StartOffset="2624"/>
</LocList>
<StmntSeq Intrnl_Id="849">
<LocList>
<Loc EndOffset="2684" SrcFileId="2" StartOffset="2662"/>
<Loc EndOffset="2711" SrcFileId="2" StartOffset="2694"/>
<Loc EndOffset="3375" SrcFileId="2" StartOffset="2721"/>
<Loc EndOffset="3401" SrcFileId="2" StartOffset="3385"/>
</LocList>
<BasicStmnt CovItemId="S45" CovItemPrefix="com.OriginalFiles.Piece.java" Intrnl_Id="850">
<LocList>
<Loc EndOffset="2684" SrcFileId="2" StartOffset="2662"/>
</LocList>
</BasicStmnt>
<BasicStmnt CovItemId="S46" CovItemPrefix="com.OriginalFiles.Piece.java" Intrnl_Id="851">
<LocList>
<Loc EndOffset="2711" SrcFileId="2" StartOffset="2694"/>
</LocList>
</BasicStmnt>
<LoopStmnt CovItemId="S47" CovItemPrefix="com.OriginalFiles.Piece.java" Intrnl_Id="852" MltplExecId="L1-2" MltplExecPrefix="com.OriginalFiles.Piece.java" NvrExecId="L1-0" NvrExecPrefix="com.OriginalFiles.Piece.java" OnceExecutedId="L1-1" OnceExecutedPrefix="com.OriginalFiles.Piece.java" OptBodyExec="true">
<StmntSeq Intrnl_Id="853">
<LocList>
<Loc EndOffset="2781" SrcFileId="2" StartOffset="2767"/>
<Loc EndOffset="3364" SrcFileId="2" StartOffset="2795"/>
</LocList>
<BasicStmnt CovItemId="S48" CovItemPrefix="com.OriginalFiles.Piece.java" Intrnl_Id="854">
<LocList>
<Loc EndOffset="2781" SrcFileId="2" StartOffset="2767"/>
</LocList>
</BasicStmnt>
<LoopStmnt CovItemId="S49" CovItemPrefix="com.OriginalFiles.Piece.java" Intrnl_Id="855" MltplExecId="L2-2" MltplExecPrefix="com.OriginalFiles.Piece.java" NvrExecId="L2-0" NvrExecPrefix="com.OriginalFiles.Piece.java" OnceExecutedId="L2-1" OnceExecutedPrefix="com.OriginalFiles.Piece.java" OptBodyExec="true">
<StmntSeq Intrnl_Id="856">
<LocList>
<Loc EndOffset="3349" SrcFileId="2" StartOffset="2872"/>
</LocList>
<LoopStmnt CovItemId="S50" CovItemPrefix="com.OriginalFiles.Piece.java" Intrnl_Id="857" MltplExecId="L3-2" MltplExecPrefix="com.OriginalFiles.Piece.java" NvrExecId="L3-0" NvrExecPrefix="com.OriginalFiles.Piece.java" OnceExecutedId="L3-1" OnceExecutedPrefix="com.OriginalFiles.Piece.java" OptBodyExec="true">
<StmntSeq Intrnl_Id="858">
<LocList>
<Loc EndOffset="3330" SrcFileId="2" StartOffset="2942"/>
</LocList>
<CondStmnt CovItemId="S51" CovItemPrefix="com.OriginalFiles.Piece.java" Intrnl_Id="859">
<Branch CovItemId="B19" CovItemPrefix="com.OriginalFiles.Piece.java" Implct="false" Intrnl_Id="860">
<Cond/>
<LocList>
<Loc EndOffset="3330" SrcFileId="2" StartOffset="3017"/>
</LocList>
<StmntSeq Intrnl_Id="861">
<LocList>
<Loc EndOffset="3307" SrcFileId="2" StartOffset="3044"/>
</LocList>
<CondStmnt CovItemId="S52" CovItemPrefix="com.OriginalFiles.Piece.java" Intrnl_Id="862">
<Branch CovItemId="B21" CovItemPrefix="com.OriginalFiles.Piece.java" Implct="false" Intrnl_Id="863">
<Cond/>
<LocList>
<Loc EndOffset="3307" SrcFileId="2" StartOffset="3190"/>
</LocList>
<StmntSeq Intrnl_Id="864">
<LocList>
<Loc EndOffset="3234" SrcFileId="2" StartOffset="3221"/>
<Loc EndOffset="3280" SrcFileId="2" StartOffset="3264"/>
</LocList>
<BasicStmnt CovItemId="S53" CovItemPrefix="com.OriginalFiles.Piece.java" Intrnl_Id="865">
<LocList>
<Loc EndOffset="3234" SrcFileId="2" StartOffset="3221"/>
</LocList>
</BasicStmnt>
<BasicStmnt CovItemId="S54" CovItemPrefix="com.OriginalFiles.Piece.java" Intrnl_Id="866">
<LocList>
<Loc EndOffset="3280" SrcFileId="2" StartOffset="3264"/>
</LocList>
</BasicStmnt>
</StmntSeq>
</Branch>
<Branch CovItemId="B22" CovItemPrefix="com.OriginalFiles.Piece.java" Implct="true" Intrnl_Id="867">
<Cond/>
<LocList/>
<StmntSeq Intrnl_Id="868">
<LocList/>
</StmntSeq>
</Branch>
<Keyword EndOffset="3046" SrcFileId="2" StartOffset="3044"/>
<LocList>
<Loc EndOffset="3307" SrcFileId="2" StartOffset="3044"/>
</LocList>
<RootTerm CovItemId="C14" CovItemPrefix="com.OriginalFiles.Piece.java" Intrnl_Id="869">
<BasicBoolTerm Intrnl_Id="870">
<LocList>
<Loc EndOffset="3188" SrcFileId="2" StartOffset="3048"/>
</LocList>
</BasicBoolTerm>
</RootTerm>
</CondStmnt>
</StmntSeq>
</Branch>
<Branch CovItemId="B20" CovItemPrefix="com.OriginalFiles.Piece.java" Implct="true" Intrnl_Id="871">
<Cond/>
<LocList/>
<StmntSeq Intrnl_Id="872">
<LocList/>
</StmntSeq>
</Branch>
<Keyword EndOffset="2944" SrcFileId="2" StartOffset="2942"/>
<LocList>
<Loc EndOffset="3330" SrcFileId="2" StartOffset="2942"/>
</LocList>
<RootTerm CovItemId="C13" CovItemPrefix="com.OriginalFiles.Piece.java" Intrnl_Id="873">
<BasicBoolTerm Intrnl_Id="874">
<LocList>
<Loc EndOffset="3015" SrcFileId="2" StartOffset="2946"/>
</LocList>
</BasicBoolTerm>
</RootTerm>
</CondStmnt>
</StmntSeq>
<Keyword EndOffset="2875" SrcFileId="2" StartOffset="2872"/>
<LocList>
<Loc EndOffset="3349" SrcFileId="2" StartOffset="2872"/>
</LocList>
<RootTerm CovItemId="C12" CovItemPrefix="com.OriginalFiles.Piece.java" Intrnl_Id="875">
<BasicBoolTerm Intrnl_Id="876">
<LocList>
<Loc EndOffset="2912" SrcFileId="2" StartOffset="2896"/>
</LocList>
</BasicBoolTerm>
</RootTerm>
</LoopStmnt>
</StmntSeq>
<Keyword EndOffset="2809" SrcFileId="2" StartOffset="2806"/>
<LocList>
<Loc EndOffset="3364" SrcFileId="2" StartOffset="2795"/>
</LocList>
<RootTerm CovItemId="C11" CovItemPrefix="com.OriginalFiles.Piece.java" Intrnl_Id="877">
<BasicBoolTerm Intrnl_Id="878">
<LocList>
<Loc EndOffset="2846" SrcFileId="2" StartOffset="2830"/>
</LocList>
</BasicBoolTerm>
</RootTerm>
</LoopStmnt>
</StmntSeq>
<Keyword EndOffset="2726" SrcFileId="2" StartOffset="2721"/>
<LocList>
<Loc EndOffset="3375" SrcFileId="2" StartOffset="2721"/>
</LocList>
<RootTerm CovItemId="C10" CovItemPrefix="com.OriginalFiles.Piece.java" Intrnl_Id="879">
<OpTerm BooleanOpId="10" Intrnl_Id="880">
<OpTerm BooleanOpId="9" Intrnl_Id="881">
<BasicBoolTerm Intrnl_Id="882">
<LocList>
<Loc EndOffset="2734" SrcFileId="2" StartOffset="2729"/>
</LocList>
</BasicBoolTerm>
<LocList>
<Loc EndOffset="2729" SrcFileId="2" StartOffset="2728"/>
</LocList>
</OpTerm>
<BasicBoolTerm Intrnl_Id="883">
<LocList>
<Loc EndOffset="2750" SrcFileId="2" StartOffset="2738"/>
</LocList>
</BasicBoolTerm>
<LocList>
<Loc EndOffset="2737" SrcFileId="2" StartOffset="2735"/>
</LocList>
</OpTerm>
</RootTerm>
</LoopStmnt>
<BasicStmnt CovItemId="S55" CovItemPrefix="com.OriginalFiles.Piece.java" Intrnl_Id="884">
<LocList>
<Loc EndOffset="3401" SrcFileId="2" StartOffset="3385"/>
</LocList>
</BasicStmnt>
</StmntSeq>
</HierarchyLvl>
</HierarchyLvl>
<HierarchyLvl HierarchyLvlId="671" HierarchyLvlTypeId="13" Intrnl_Id="885" Name="Move">
<Header>
<Loc EndOffset="102" SrcFileId="3" StartOffset="85"/>
</Header>
<LocList>
<Loc EndOffset="1195" SrcFileId="3" StartOffset="85"/>
</LocList>
<StmntSeq Intrnl_Id="886">
<LocList>
<Loc EndOffset="227" SrcFileId="3" StartOffset="171"/>
<Loc EndOffset="270" SrcFileId="3" StartOffset="233"/>
</LocList>
<BasicStmnt CovItemId="S1" CovItemPrefix="com.OriginalFiles.Move.java" Intrnl_Id="887">
<LocList>
<Loc EndOffset="227" SrcFileId="3" StartOffset="171"/>
</LocList>
</BasicStmnt>
<BasicStmnt CovItemId="S2" CovItemPrefix="com.OriginalFiles.Move.java" Intrnl_Id="888">
<LocList>
<Loc EndOffset="270" SrcFileId="3" StartOffset="233"/>
</LocList>
</BasicStmnt>
</StmntSeq>
<HierarchyLvl HierarchyLvlId="666" HierarchyLvlTypeId="14" Intrnl_Id="889" Name="Move">
<Header>
<Loc EndOffset="336" SrcFileId="3" StartOffset="278"/>
</Header>
<LocList>
<Loc EndOffset="544" SrcFileId="3" StartOffset="278"/>
</LocList>
<StmntSeq Intrnl_Id="890">
<LocList>
<Loc EndOffset="396" SrcFileId="3" StartOffset="348"/>
<Loc EndOffset="431" SrcFileId="3" StartOffset="406"/>
<Loc EndOffset="464" SrcFileId="3" StartOffset="441"/>
<Loc EndOffset="498" SrcFileId="3" StartOffset="474"/>
<Loc EndOffset="537" SrcFileId="3" StartOffset="508"/>
</LocList>
<BasicStmnt CovItemId="S3" CovItemPrefix="com.OriginalFiles.Move.java" Intrnl_Id="891">
<LocList>
<Loc EndOffset="396" SrcFileId="3" StartOffset="348"/>
</LocList>
</BasicStmnt>
<BasicStmnt CovItemId="S4" CovItemPrefix="com.OriginalFiles.Move.java" Intrnl_Id="892">
<LocList>
<Loc EndOffset="431" SrcFileId="3" StartOffset="406"/>
</LocList>
</BasicStmnt>
<BasicStmnt CovItemId="S5" CovItemPrefix="com.OriginalFiles.Move.java" Intrnl_Id="893">
<LocList>
<Loc EndOffset="464" SrcFileId="3" StartOffset="441"/>
</LocList>
</BasicStmnt>
<BasicStmnt CovItemId="S6" CovItemPrefix="com.OriginalFiles.Move.java" Intrnl_Id="894">
<LocList>
<Loc EndOffset="498" SrcFileId="3" StartOffset="474"/>
</LocList>
</BasicStmnt>
<BasicStmnt CovItemId="S7" CovItemPrefix="com.OriginalFiles.Move.java" Intrnl_Id="895">
<LocList>
<Loc EndOffset="537" SrcFileId="3" StartOffset="508"/>
</LocList>
</BasicStmnt>
</StmntSeq>
</HierarchyLvl>
<HierarchyLvl HierarchyLvlId="667" HierarchyLvlTypeId="14" Intrnl_Id="896" Name="Move">
<Header>
<Loc EndOffset="604" SrcFileId="3" StartOffset="552"/>
</Header>
<LocList>
<Loc EndOffset="686" SrcFileId="3" StartOffset="552"/>
</LocList>
<StmntSeq Intrnl_Id="897">
<LocList>
<Loc EndOffset="640" SrcFileId="3" StartOffset="616"/>
<Loc EndOffset="679" SrcFileId="3" StartOffset="650"/>
</LocList>
<BasicStmnt CovItemId="S8" CovItemPrefix="com.OriginalFiles.Move.java" Intrnl_Id="898">
<LocList>
<Loc EndOffset="640" SrcFileId="3" StartOffset="616"/>
</LocList>
</BasicStmnt>
<BasicStmnt CovItemId="S9" CovItemPrefix="com.OriginalFiles.Move.java" Intrnl_Id="899">
<LocList>
<Loc EndOffset="679" SrcFileId="3" StartOffset="650"/>
</LocList>
</BasicStmnt>
</StmntSeq>
</HierarchyLvl>
<HierarchyLvl HierarchyLvlId="668" HierarchyLvlTypeId="14" Intrnl_Id="900" Name="Move">
<Header>
<Loc EndOffset="707" SrcFileId="3" StartOffset="694"/>
</Header>
<LocList>
<Loc EndOffset="808" SrcFileId="3" StartOffset="694"/>
</LocList>
<StmntSeq Intrnl_Id="901">
<LocList>
<Loc EndOffset="767" SrcFileId="3" StartOffset="719"/>
<Loc EndOffset="801" SrcFileId="3" StartOffset="777"/>
</LocList>
<BasicStmnt CovItemId="S10" CovItemPrefix="com.OriginalFiles.Move.java" Intrnl_Id="902">
<LocList>
<Loc EndOffset="767" SrcFileId="3" StartOffset="719"/>
</LocList>
</BasicStmnt>
<BasicStmnt CovItemId="S11" CovItemPrefix="com.OriginalFiles.Move.java" Intrnl_Id="903">
<LocList>
<Loc EndOffset="801" SrcFileId="3" StartOffset="777"/>
</LocList>
</BasicStmnt>
</StmntSeq>
</HierarchyLvl>
<HierarchyLvl HierarchyLvlId="669" HierarchyLvlTypeId="14" Intrnl_Id="904" Name="isJump">
<Header>
<Loc EndOffset="845" SrcFileId="3" StartOffset="816"/>
</Header>
<LocList>
<Loc EndOffset="1107" SrcFileId="3" StartOffset="816"/>
</LocList>
<StmntSeq Intrnl_Id="905">
<LocList>
<Loc EndOffset="1100" SrcFileId="3" StartOffset="857"/>
</LocList>
<CondStmnt CovItemId="S12" CovItemPrefix="com.OriginalFiles.Move.java" Intrnl_Id="906">
<Branch CovItemId="B1" CovItemPrefix="com.OriginalFiles.Move.java" Implct="false" Intrnl_Id="907">
<Cond/>
<LocList>
<Loc EndOffset="1055" SrcFileId="3" StartOffset="880"/>
</LocList>
<StmntSeq Intrnl_Id="908">
<LocList>
<Loc EndOffset="919" SrcFileId="3" StartOffset="895"/>
<Loc EndOffset="960" SrcFileId="3" StartOffset="933"/>
<Loc EndOffset="1044" SrcFileId="3" StartOffset="976"/>
</LocList>
<BasicStmnt CovItemId="S13" CovItemPrefix="com.OriginalFiles.Move.java" Intrnl_Id="909">
<LocList>
<Loc EndOffset="919" SrcFileId="3" StartOffset="895"/>
</LocList>
</BasicStmnt>
<BasicStmnt CovItemId="S14" CovItemPrefix="com.OriginalFiles.Move.java" Intrnl_Id="910">
<LocList>
<Loc EndOffset="960" SrcFileId="3" StartOffset="933"/>
</LocList>
</BasicStmnt>
<BasicStmnt CovItemId="S15" CovItemPrefix="com.OriginalFiles.Move.java" Intrnl_Id="911">
<LocList>
<Loc EndOffset="1044" SrcFileId="3" StartOffset="976"/>
</LocList>
</BasicStmnt>
</StmntSeq>
</Branch>
<Branch CovItemId="B2" CovItemPrefix="com.OriginalFiles.Move.java" Implct="false" Intrnl_Id="912">
<Cond>
<Loc EndOffset="1060" SrcFileId="3" StartOffset="1056"/>
</Cond>
<LocList>
<Loc EndOffset="1100" SrcFileId="3" StartOffset="1061"/>
</LocList>
<StmntSeq Intrnl_Id="913">
<LocList>
<Loc EndOffset="1089" SrcFileId="3" StartOffset="1076"/>
</LocList>
<BasicStmnt CovItemId="S16" CovItemPrefix="com.OriginalFiles.Move.java" Intrnl_Id="914">
<LocList>
<Loc EndOffset="1089" SrcFileId="3" StartOffset="1076"/>
</LocList>
</BasicStmnt>
</StmntSeq>
</Branch>
<Keyword EndOffset="859" SrcFileId="3" StartOffset="857"/>
<LocList>
<Loc EndOffset="1100" SrcFileId="3" StartOffset="857"/>
</LocList>
<RootTerm CovItemId="C1" CovItemPrefix="com.OriginalFiles.Move.java" Intrnl_Id="915">
<BasicBoolTerm Intrnl_Id="916">
<LocList>
<Loc EndOffset="878" SrcFileId="3" StartOffset="861"/>
</LocList>
</BasicBoolTerm>
</RootTerm>
</CondStmnt>
</StmntSeq>
</HierarchyLvl>
<HierarchyLvl HierarchyLvlId="670" HierarchyLvlTypeId="14" Intrnl_Id="917" Name="addStep">
<Header>
<Loc EndOffset="1152" SrcFileId="3" StartOffset="1115"/>
</Header>
<LocList>
<Loc EndOffset="1192" SrcFileId="3" StartOffset="1115"/>
</LocList>
<StmntSeq Intrnl_Id="918">
<LocList>
<Loc EndOffset="1185" SrcFileId="3" StartOffset="1164"/>
</LocList>
<BasicStmnt CovItemId="S17" CovItemPrefix="com.OriginalFiles.Move.java" Intrnl_Id="919">
<LocList>
<Loc EndOffset="1185" SrcFileId="3" StartOffset="1164"/>
</LocList>
</BasicStmnt>
</StmntSeq>
</HierarchyLvl>
</HierarchyLvl>
<HierarchyLvl HierarchyLvlId="682" HierarchyLvlTypeId="13" Intrnl_Id="920" Name="MI">
<Header>
<Loc EndOffset="167" SrcFileId="4" StartOffset="152"/>
</Header>
<LocList>
<Loc EndOffset="10435" SrcFileId="4" StartOffset="152"/>
</LocList>
<StmntSeq Intrnl_Id="921">
<LocList>
<Loc EndOffset="253" SrcFileId="4" StartOffset="217"/>
<Loc EndOffset="317" SrcFileId="4" StartOffset="259"/>
<Loc EndOffset="498" SrcFileId="4" StartOffset="451"/>
<Loc EndOffset="551" SrcFileId="4" StartOffset="504"/>
<Loc EndOffset="3081" SrcFileId="4" StartOffset="3048"/>
<Loc EndOffset="3185" SrcFileId="4" StartOffset="3150"/>
<Loc EndOffset="3225" SrcFileId="4" StartOffset="3191"/>
<Loc EndOffset="3277" SrcFileId="4" StartOffset="3233"/>
<Loc EndOffset="3317" SrcFileId="4" StartOffset="3285"/>
<Loc EndOffset="3355" SrcFileId="4" StartOffset="3323"/>
<Loc EndOffset="3394" SrcFileId="4" StartOffset="3361"/>
</LocList>
<BasicStmnt CovItemId="S1" CovItemPrefix="com.OriginalFiles.MI.java" Intrnl_Id="922">
<LocList>
<Loc EndOffset="253" SrcFileId="4" StartOffset="217"/>
</LocList>
</BasicStmnt>
<BasicStmnt CovItemId="S2" CovItemPrefix="com.OriginalFiles.MI.java" Intrnl_Id="923">
<LocList>
<Loc EndOffset="317" SrcFileId="4" StartOffset="259"/>
</LocList>
</BasicStmnt>
<BasicStmnt CovItemId="S5" CovItemPrefix="com.OriginalFiles.MI.java" Intrnl_Id="924">
<LocList>
<Loc EndOffset="498" SrcFileId="4" StartOffset="451"/>
</LocList>
</BasicStmnt>
<BasicStmnt CovItemId="S6" CovItemPrefix="com.OriginalFiles.MI.java" Intrnl_Id="925">
<LocList>
<Loc EndOffset="551" SrcFileId="4" StartOffset="504"/>
</LocList>
</BasicStmnt>
<BasicStmnt CovItemId="S45" CovItemPrefix="com.OriginalFiles.MI.java" Intrnl_Id="926">
<LocList>
<Loc EndOffset="3081" SrcFileId="4" StartOffset="3048"/>
</LocList>
</BasicStmnt>
<BasicStmnt CovItemId="S46" CovItemPrefix="com.OriginalFiles.MI.java" Intrnl_Id="927">
<LocList>
<Loc EndOffset="3185" SrcFileId="4" StartOffset="3150"/>
</LocList>
</BasicStmnt>
<BasicStmnt CovItemId="S47" CovItemPrefix="com.OriginalFiles.MI.java" Intrnl_Id="928">
<LocList>
<Loc EndOffset="3225" SrcFileId="4" StartOffset="3191"/>
</LocList>
</BasicStmnt>
<BasicStmnt CovItemId="S48" CovItemPrefix="com.OriginalFiles.MI.java" Intrnl_Id="929">
<LocList>
<Loc EndOffset="3277" SrcFileId="4" StartOffset="3233"/>
</LocList>
</BasicStmnt>
<BasicStmnt CovItemId="S49" CovItemPrefix="com.OriginalFiles.MI.java" Intrnl_Id="930">
<LocList>
<Loc EndOffset="3317" SrcFileId="4" StartOffset="3285"/>
</LocList>
</BasicStmnt>
<BasicStmnt CovItemId="S50" CovItemPrefix="com.OriginalFiles.MI.java" Intrnl_Id="931">
<LocList>
<Loc EndOffset="3355" SrcFileId="4" StartOffset="3323"/>
</LocList>
</BasicStmnt>
<BasicStmnt CovItemId="S51" CovItemPrefix="com.OriginalFiles.MI.java" Intrnl_Id="932">
<LocList>
<Loc EndOffset="3394" SrcFileId="4" StartOffset="3361"/>
</LocList>
</BasicStmnt>
</StmntSeq>
<HierarchyLvl HierarchyLvlId="672" HierarchyLvlTypeId="14" Intrnl_Id="933" Name="MI">
<Header>
<Loc EndOffset="367" SrcFileId="4" StartOffset="323"/>
</Header>
<LocList>
<Loc EndOffset="443" SrcFileId="4" StartOffset="323"/>
</LocList>
<StmntSeq Intrnl_Id="934">
<LocList>
<Loc EndOffset="406" SrcFileId="4" StartOffset="379"/>
<Loc EndOffset="434" SrcFileId="4" StartOffset="416"/>
</LocList>
<BasicStmnt CovItemId="S3" CovItemPrefix="com.OriginalFiles.MI.java" Intrnl_Id="935">
<LocList>
<Loc EndOffset="406" SrcFileId="4" StartOffset="379"/>
</LocList>
</BasicStmnt>
<BasicStmnt CovItemId="S4" CovItemPrefix="com.OriginalFiles.MI.java" Intrnl_Id="936">
<LocList>
<Loc EndOffset="434" SrcFileId="4" StartOffset="416"/>
</LocList>
</BasicStmnt>
</StmntSeq>
</HierarchyLvl>
<HierarchyLvl HierarchyLvlId="673" HierarchyLvlTypeId="14" Intrnl_Id="937" Name="updatePieceList">
<Header>
<Loc EndOffset="589" SrcFileId="4" StartOffset="559"/>
</Header>
<LocList>
<Loc EndOffset="1081" SrcFileId="4" StartOffset="559"/>
</LocList>
<StmntSeq Intrnl_Id="938">
<LocList>
<Loc EndOffset="619" SrcFileId="4" StartOffset="601"/>
<Loc EndOffset="647" SrcFileId="4" StartOffset="629"/>
<Loc EndOffset="1074" SrcFileId="4" StartOffset="657"/>
</LocList>
<BasicStmnt CovItemId="S7" CovItemPrefix="com.OriginalFiles.MI.java" Intrnl_Id="939">
<LocList>
<Loc EndOffset="619" SrcFileId="4" StartOffset="601"/>
</LocList>
</BasicStmnt>
<BasicStmnt CovItemId="S8" CovItemPrefix="com.OriginalFiles.MI.java" Intrnl_Id="940">
<LocList>
<Loc EndOffset="647" SrcFileId="4" StartOffset="629"/>
</LocList>
</BasicStmnt>
<LoopStmnt CovItemId="S9" CovItemPrefix="com.OriginalFiles.MI.java" Intrnl_Id="941" MltplExecId="L1-2" MltplExecPrefix="com.OriginalFiles.MI.java" NvrExecId="L1-0" NvrExecPrefix="com.OriginalFiles.MI.java" OnceExecutedId="L1-1" OnceExecutedPrefix="com.OriginalFiles.MI.java" OptBodyExec="true">
<StmntSeq Intrnl_Id="942">
<LocList>
<Loc EndOffset="1063" SrcFileId="4" StartOffset="721"/>
</LocList>
<LoopStmnt CovItemId="S10" CovItemPrefix="com.OriginalFiles.MI.java" Intrnl_Id="943" MltplExecId="L2-2" MltplExecPrefix="com.OriginalFiles.MI.java" NvrExecId="L2-0" NvrExecPrefix="com.OriginalFiles.MI.java" OnceExecutedId="L2-1" OnceExecutedPrefix="com.OriginalFiles.MI.java" OptBodyExec="true">
<StmntSeq Intrnl_Id="944">
<LocList>
<Loc EndOffset="1048" SrcFileId="4" StartOffset="757"/>
</LocList>
<CondStmnt CovItemId="S11" CovItemPrefix="com.OriginalFiles.MI.java" Intrnl_Id="945">
<Branch CovItemId="B1" CovItemPrefix="com.OriginalFiles.MI.java" Implct="false" Intrnl_Id="946">
<Cond/>
<LocList>
<Loc EndOffset="1048" SrcFileId="4" StartOffset="775"/>
</LocList>
<StmntSeq Intrnl_Id="947">
<LocList>
<Loc EndOffset="1029" SrcFileId="4" StartOffset="798"/>
</LocList>
<CondStmnt CovItemId="S12" CovItemPrefix="com.OriginalFiles.MI.java" Intrnl_Id="948">
<Branch CovItemId="B3" CovItemPrefix="com.OriginalFiles.MI.java" Implct="false" Intrnl_Id="949">
<Cond/>
<LocList>
<Loc EndOffset="938" SrcFileId="4" StartOffset="853"/>
</LocList>
<StmntSeq Intrnl_Id="950">
<LocList>
<Loc EndOffset="915" SrcFileId="4" StartOffset="880"/>
</LocList>
<BasicStmnt CovItemId="S13" CovItemPrefix="com.OriginalFiles.MI.java" Intrnl_Id="951">
<LocList>
<Loc EndOffset="915" SrcFileId="4" StartOffset="880"/>
</LocList>
</BasicStmnt>
</StmntSeq>
</Branch>
<Branch CovItemId="B4" CovItemPrefix="com.OriginalFiles.MI.java" Implct="false" Intrnl_Id="952">
<Cond>
<Loc EndOffset="943" SrcFileId="4" StartOffset="939"/>
</Cond>
<LocList>
<Loc EndOffset="1029" SrcFileId="4" StartOffset="944"/>
</LocList>
<StmntSeq Intrnl_Id="953">
<LocList>
<Loc EndOffset="1006" SrcFileId="4" StartOffset="971"/>
</LocList>
<BasicStmnt CovItemId="S14" CovItemPrefix="com.OriginalFiles.MI.java" Intrnl_Id="954">
<LocList>
<Loc EndOffset="1006" SrcFileId="4" StartOffset="971"/>
</LocList>
</BasicStmnt>
</StmntSeq>
</Branch>
<Keyword EndOffset="800" SrcFileId="4" StartOffset="798"/>
<LocList>
<Loc EndOffset="1029" SrcFileId="4" StartOffset="798"/>
</LocList>
<RootTerm CovItemId="C2" CovItemPrefix="com.OriginalFiles.MI.java" Intrnl_Id="955">
<BasicBoolTerm Intrnl_Id="956">
<LocList>
<Loc EndOffset="851" SrcFileId="4" StartOffset="802"/>
</LocList>
</BasicBoolTerm>
</RootTerm>
</CondStmnt>
</StmntSeq>
</Branch>
<Branch CovItemId="B2" CovItemPrefix="com.OriginalFiles.MI.java" Implct="true" Intrnl_Id="957">
<Cond/>
<LocList/>
<StmntSeq Intrnl_Id="958">
<LocList/>
</StmntSeq>
</Branch>
<Keyword EndOffset="759" SrcFileId="4" StartOffset="757"/>
<LocList>
<Loc EndOffset="1048" SrcFileId="4" StartOffset="757"/>
</LocList>
<RootTerm CovItemId="C1" CovItemPrefix="com.OriginalFiles.MI.java" Intrnl_Id="959">
<OpTerm BooleanOpId="9" Intrnl_Id="960">
<BasicBoolTerm Intrnl_Id="961">
<LocList>
<Loc EndOffset="773" SrcFileId="4" StartOffset="762"/>
</LocList>
</BasicBoolTerm>
<LocList>
<Loc EndOffset="762" SrcFileId="4" StartOffset="761"/>
</LocList>
</OpTerm>
</RootTerm>
</CondStmnt>
</StmntSeq>
<Keyword EndOffset="724" SrcFileId="4" StartOffset="721"/>
<LocList>
<Loc EndOffset="1063" SrcFileId="4" StartOffset="721"/>
</LocList>
</LoopStmnt>
</StmntSeq>
<Keyword EndOffset="660" SrcFileId="4" StartOffset="657"/>
<LocList>
<Loc EndOffset="1074" SrcFileId="4" StartOffset="657"/>
</LocList>
</LoopStmnt>
</StmntSeq>
</HierarchyLvl>
<HierarchyLvl HierarchyLvlId="674" HierarchyLvlTypeId="14" Intrnl_Id="962" Name="lookForBestMove">
<Header>
<Loc EndOffset="1326" SrcFileId="4" StartOffset="1196"/>
</Header>
<LocList>
<Loc EndOffset="2124" SrcFileId="4" StartOffset="1196"/>
</LocList>
<StmntSeq Intrnl_Id="963">
<LocList>
<Loc EndOffset="1356" SrcFileId="4" StartOffset="1338"/>
<Loc EndOffset="1405" SrcFileId="4" StartOffset="1366"/>
<Loc EndOffset="1460" SrcFileId="4" StartOffset="1415"/>
<Loc EndOffset="1490" SrcFileId="4" StartOffset="1470"/>
<Loc EndOffset="1604" SrcFileId="4" StartOffset="1529"/>
<Loc EndOffset="2038" SrcFileId="4" StartOffset="1616"/>
<Loc EndOffset="2117" SrcFileId="4" StartOffset="2048"/>
</LocList>
<BasicStmnt CovItemId="S15" CovItemPrefix="com.OriginalFiles.MI.java" Intrnl_Id="964">
<LocList>
<Loc EndOffset="1356" SrcFileId="4" StartOffset="1338"/>
</LocList>
</BasicStmnt>
<BasicStmnt CovItemId="S16" CovItemPrefix="com.OriginalFiles.MI.java" Intrnl_Id="965">
<LocList>
<Loc EndOffset="1405" SrcFileId="4" StartOffset="1366"/>
</LocList>
</BasicStmnt>
<BasicStmnt CovItemId="S17" CovItemPrefix="com.OriginalFiles.MI.java" Intrnl_Id="966">
<LocList>
<Loc EndOffset="1460" SrcFileId="4" StartOffset="1415"/>
</LocList>
</BasicStmnt>
<BasicStmnt CovItemId="S18" CovItemPrefix="com.OriginalFiles.MI.java" Intrnl_Id="967">
<LocList>
<Loc EndOffset="1490" SrcFileId="4" StartOffset="1470"/>
</LocList>
</BasicStmnt>
<CondStmnt CovItemId="S19" CovItemPrefix="com.OriginalFiles.MI.java" Intrnl_Id="968">
<Branch CovItemId="B5" CovItemPrefix="com.OriginalFiles.MI.java" Implct="false" Intrnl_Id="969">
<Cond/>
<LocList>
<Loc EndOffset="1604" SrcFileId="4" StartOffset="1555"/>
</LocList>
<StmntSeq Intrnl_Id="970">
<LocList>
<Loc EndOffset="1593" SrcFileId="4" StartOffset="1570"/>
</LocList>
<BasicStmnt CovItemId="S20" CovItemPrefix="com.OriginalFiles.MI.java" Intrnl_Id="971">
<LocList>
<Loc EndOffset="1593" SrcFileId="4" StartOffset="1570"/>
</LocList>
</BasicStmnt>
</StmntSeq>
</Branch>
<Branch CovItemId="B6" CovItemPrefix="com.OriginalFiles.MI.java" Implct="true" Intrnl_Id="972">
<Cond/>
<LocList/>
<StmntSeq Intrnl_Id="973">
<LocList/>
</StmntSeq>
</Branch>
<Keyword EndOffset="1531" SrcFileId="4" StartOffset="1529"/>
<LocList>
<Loc EndOffset="1604" SrcFileId="4" StartOffset="1529"/>
</LocList>
<RootTerm CovItemId="C3" CovItemPrefix="com.OriginalFiles.MI.java" Intrnl_Id="974">
<BasicBoolTerm Intrnl_Id="975">
<LocList>
<Loc EndOffset="1553" SrcFileId="4" StartOffset="1533"/>
</LocList>
</BasicBoolTerm>
</RootTerm>
</CondStmnt>
<LoopStmnt CovItemId="S21" CovItemPrefix="com.OriginalFiles.MI.java" Intrnl_Id="976" MltplExecId="L3-2" MltplExecPrefix="com.OriginalFiles.MI.java" NvrExecId="L3-0" NvrExecPrefix="com.OriginalFiles.MI.java" OnceExecutedId="L3-1" OnceExecutedPrefix="com.OriginalFiles.MI.java" OptBodyExec="true">
<StmntSeq Intrnl_Id="977">
<LocList>
<Loc EndOffset="1677" SrcFileId="4" StartOffset="1658"/>
<Loc EndOffset="1751" SrcFileId="4" StartOffset="1693"/>
<Loc EndOffset="1778" SrcFileId="4" StartOffset="1765"/>
<Loc EndOffset="2027" SrcFileId="4" StartOffset="1794"/>
</LocList>
<BasicStmnt CovItemId="S22" CovItemPrefix="com.OriginalFiles.MI.java" Intrnl_Id="978">
<LocList>
<Loc EndOffset="1677" SrcFileId="4" StartOffset="1658"/>
</LocList>
</BasicStmnt>
<BasicStmnt CovItemId="S23" CovItemPrefix="com.OriginalFiles.MI.java" Intrnl_Id="979">
<LocList>
<Loc EndOffset="1751" SrcFileId="4" StartOffset="1693"/>
</LocList>
</BasicStmnt>
<BasicStmnt CovItemId="S24" CovItemPrefix="com.OriginalFiles.MI.java" Intrnl_Id="980">
<LocList>
<Loc EndOffset="1778" SrcFileId="4" StartOffset="1765"/>
</LocList>
</BasicStmnt>
<CondStmnt CovItemId="S25" CovItemPrefix="com.OriginalFiles.MI.java" Intrnl_Id="981">
<Branch CovItemId="B7" CovItemPrefix="com.OriginalFiles.MI.java" Implct="false" Intrnl_Id="982">
<Cond/>
<LocList>
<Loc EndOffset="1943" SrcFileId="4" StartOffset="1817"/>
</LocList>
<StmntSeq Intrnl_Id="983">
<LocList>
<Loc EndOffset="1854" SrcFileId="4" StartOffset="1836"/>
<Loc EndOffset="1890" SrcFileId="4" StartOffset="1872"/>
<Loc EndOffset="1928" SrcFileId="4" StartOffset="1908"/>
</LocList>
<BasicStmnt CovItemId="S26" CovItemPrefix="com.OriginalFiles.MI.java" Intrnl_Id="984">
<LocList>
<Loc EndOffset="1854" SrcFileId="4" StartOffset="1836"/>
</LocList>
</BasicStmnt>
<BasicStmnt CovItemId="S27" CovItemPrefix="com.OriginalFiles.MI.java" Intrnl_Id="985">
<LocList>
<Loc EndOffset="1890" SrcFileId="4" StartOffset="1872"/>
</LocList>
</BasicStmnt>
<BasicStmnt CovItemId="S28" CovItemPrefix="com.OriginalFiles.MI.java" Intrnl_Id="986">
<LocList>
<Loc EndOffset="1928" SrcFileId="4" StartOffset="1908"/>
</LocList>
</BasicStmnt>
</StmntSeq>
</Branch>
<Branch CovItemId="B8" CovItemPrefix="com.OriginalFiles.MI.java" Implct="false" Intrnl_Id="987">
<Cond>
<Loc EndOffset="1948" SrcFileId="4" StartOffset="1944"/>
</Cond>
<LocList>
<Loc EndOffset="2027" SrcFileId="4" StartOffset="1949"/>
</LocList>
<StmntSeq Intrnl_Id="988">
<LocList>
<Loc EndOffset="2027" SrcFileId="4" StartOffset="1949"/>
</LocList>
<CondStmnt CovItemId="S29" CovItemPrefix="com.OriginalFiles.MI.java" Intrnl_Id="989">
<Branch CovItemId="B9" CovItemPrefix="com.OriginalFiles.MI.java" Implct="false" Intrnl_Id="990">
<Cond/>
<LocList>
<Loc EndOffset="2027" SrcFileId="4" StartOffset="1973"/>
</LocList>
<StmntSeq Intrnl_Id="991">
<LocList>
<Loc EndOffset="2012" SrcFileId="4" StartOffset="1992"/>
</LocList>
<BasicStmnt CovItemId="S30" CovItemPrefix="com.OriginalFiles.MI.java" Intrnl_Id="992">
<LocList>
<Loc EndOffset="2012" SrcFileId="4" StartOffset="1992"/>
</LocList>
</BasicStmnt>
</StmntSeq>
</Branch>
<Branch CovItemId="B10" CovItemPrefix="com.OriginalFiles.MI.java" Implct="true" Intrnl_Id="993">
<Cond/>
<LocList/>
<StmntSeq Intrnl_Id="994">
<LocList/>
</StmntSeq>
</Branch>
<Keyword EndOffset="1951" SrcFileId="4" StartOffset="1949"/>
<LocList>
<Loc EndOffset="2027" SrcFileId="4" StartOffset="1949"/>
</LocList>
<RootTerm CovItemId="C5" CovItemPrefix="com.OriginalFiles.MI.java" Intrnl_Id="995">
<BasicBoolTerm Intrnl_Id="996">
<LocList>
<Loc EndOffset="1971" SrcFileId="4" StartOffset="1953"/>
</LocList>
</BasicBoolTerm>
</RootTerm>
</CondStmnt>
</StmntSeq>
</Branch>
<Keyword EndOffset="1796" SrcFileId="4" StartOffset="1794"/>
<LocList>
<Loc EndOffset="2027" SrcFileId="4" StartOffset="1794"/>
</LocList>
<RootTerm CovItemId="C4" CovItemPrefix="com.OriginalFiles.MI.java" Intrnl_Id="997">
<BasicBoolTerm Intrnl_Id="998">
<LocList>
<Loc EndOffset="1815" SrcFileId="4" StartOffset="1798"/>
</LocList>
</BasicBoolTerm>
</RootTerm>
</CondStmnt>
</StmntSeq>
<Keyword EndOffset="1619" SrcFileId="4" StartOffset="1616"/>
<LocList>
<Loc EndOffset="2038" SrcFileId="4" StartOffset="1616"/>
</LocList>
</LoopStmnt>
<BasicStmnt CovItemId="S31" CovItemPrefix="com.OriginalFiles.MI.java" Intrnl_Id="999">
<LocList>
<Loc EndOffset="2117" SrcFileId="4" StartOffset="2048"/>
</LocList>
</BasicStmnt>
</StmntSeq>
</HierarchyLvl>
<HierarchyLvl HierarchyLvlId="675" HierarchyLvlTypeId="14" Intrnl_Id="1000" Name="negaMax">
<Header>
<Loc EndOffset="2270" SrcFileId="4" StartOffset="2134"/>
</Header>
<LocList>
<Loc EndOffset="2998" SrcFileId="4" StartOffset="2134"/>
</LocList>
<StmntSeq Intrnl_Id="1001">
<LocList>
<Loc EndOffset="2493" SrcFileId="4" StartOffset="2311"/>
<Loc EndOffset="2558" SrcFileId="4" StartOffset="2530"/>
<Loc EndOffset="2594" SrcFileId="4" StartOffset="2570"/>
<Loc EndOffset="2943" SrcFileId="4" StartOffset="2604"/>
<Loc EndOffset="2991" SrcFileId="4" StartOffset="2974"/>
</LocList>
<CondStmnt CovItemId="S32" CovItemPrefix="com.OriginalFiles.MI.java" Intrnl_Id="1002">
<Branch CovItemId="B11" CovItemPrefix="com.OriginalFiles.MI.java" Implct="false" Intrnl_Id="1003">
<Cond/>
<LocList>
<Loc EndOffset="2493" SrcFileId="4" StartOffset="2436"/>
</LocList>
<StmntSeq Intrnl_Id="1004">
<LocList>
<Loc EndOffset="2482" SrcFileId="4" StartOffset="2451"/>
</LocList>
<BasicStmnt CovItemId="S33" CovItemPrefix="com.OriginalFiles.MI.java" Intrnl_Id="1005">
<LocList>
<Loc EndOffset="2482" SrcFileId="4" StartOffset="2451"/>
</LocList>
</BasicStmnt>
</StmntSeq>
</Branch>
<Branch CovItemId="B12" CovItemPrefix="com.OriginalFiles.MI.java" Implct="true" Intrnl_Id="1006">
<Cond/>
<LocList/>
<StmntSeq Intrnl_Id="1007">
<LocList/>
</StmntSeq>
</Branch>
<Keyword EndOffset="2313" SrcFileId="4" StartOffset="2311"/>
<LocList>
<Loc EndOffset="2493" SrcFileId="4" StartOffset="2311"/>
</LocList>
<RootTerm CovItemId="C6" CovItemPrefix="com.OriginalFiles.MI.java" Intrnl_Id="1008">
<OpTerm BooleanOpId="11" Intrnl_Id="1009">
<BasicBoolTerm Intrnl_Id="1010">
<LocList>
<Loc EndOffset="2325" SrcFileId="4" StartOffset="2315"/>
</LocList>
</BasicBoolTerm>
<BasicBoolTerm Intrnl_Id="1011">
<LocList>
<Loc EndOffset="2434" SrcFileId="4" StartOffset="2346"/>
</LocList>
</BasicBoolTerm>
<LocList>
<Loc EndOffset="2345" SrcFileId="4" StartOffset="2343"/>
</LocList>
</OpTerm>
</RootTerm>
</CondStmnt>
<BasicStmnt CovItemId="S34" CovItemPrefix="com.OriginalFiles.MI.java" Intrnl_Id="1012">
<LocList>
<Loc EndOffset="2558" SrcFileId="4" StartOffset="2530"/>
</LocList>
</BasicStmnt>
<BasicStmnt CovItemId="S35" CovItemPrefix="com.OriginalFiles.MI.java" Intrnl_Id="1013">
<LocList>
<Loc EndOffset="2594" SrcFileId="4" StartOffset="2570"/>
</LocList>
</BasicStmnt>
<LoopStmnt CovItemId="S36" CovItemPrefix="com.OriginalFiles.MI.java" Intrnl_Id="1014" MltplExecId="L4-2" MltplExecPrefix="com.OriginalFiles.MI.java" NvrExecId="L4-0" NvrExecPrefix="com.OriginalFiles.MI.java" OnceExecutedId="L4-1" OnceExecutedPrefix="com.OriginalFiles.MI.java" OptBodyExec="true">
<StmntSeq Intrnl_Id="1015">
<LocList>
<Loc EndOffset="2662" SrcFileId="4" StartOffset="2643"/>
<Loc EndOffset="2736" SrcFileId="4" StartOffset="2676"/>
<Loc EndOffset="2763" SrcFileId="4" StartOffset="2750"/>
<Loc EndOffset="2816" SrcFileId="4" StartOffset="2779"/>
<Loc EndOffset="2859" SrcFileId="4" StartOffset="2830"/>
<Loc EndOffset="2932" SrcFileId="4" StartOffset="2873"/>
</LocList>
<BasicStmnt CovItemId="S37" CovItemPrefix="com.OriginalFiles.MI.java" Intrnl_Id="1016">
<LocList>
<Loc EndOffset="2662" SrcFileId="4" StartOffset="2643"/>
</LocList>
</BasicStmnt>
<BasicStmnt CovItemId="S38" CovItemPrefix="com.OriginalFiles.MI.java" Intrnl_Id="1017">
<LocList>
<Loc EndOffset="2736" SrcFileId="4" StartOffset="2676"/>
</LocList>
</BasicStmnt>
<BasicStmnt CovItemId="S39" CovItemPrefix="com.OriginalFiles.MI.java" Intrnl_Id="1018">
<LocList>
<Loc EndOffset="2763" SrcFileId="4" StartOffset="2750"/>
</LocList>
</BasicStmnt>
<BasicStmnt CovItemId="S40" CovItemPrefix="com.OriginalFiles.MI.java" Intrnl_Id="1019">
<LocList>
<Loc EndOffset="2816" SrcFileId="4" StartOffset="2779"/>
</LocList>
</BasicStmnt>
<BasicStmnt CovItemId="S41" CovItemPrefix="com.OriginalFiles.MI.java" Intrnl_Id="1020">
<LocList>
<Loc EndOffset="2859" SrcFileId="4" StartOffset="2830"/>
</LocList>
</BasicStmnt>
<CondStmnt CovItemId="S42" CovItemPrefix="com.OriginalFiles.MI.java" Intrnl_Id="1021">
<Branch CovItemId="B13" CovItemPrefix="com.OriginalFiles.MI.java" Implct="false" Intrnl_Id="1022">
<Cond/>
<LocList>
<Loc EndOffset="2932" SrcFileId="4" StartOffset="2892"/>
</LocList>
<StmntSeq Intrnl_Id="1023">
<LocList>
<Loc EndOffset="2917" SrcFileId="4" StartOffset="2911"/>
</LocList>
<BasicStmnt CovItemId="S43" CovItemPrefix="com.OriginalFiles.MI.java" Intrnl_Id="1024">
<LocList>
<Loc EndOffset="2917" SrcFileId="4" StartOffset="2911"/>
</LocList>
</BasicStmnt>
</StmntSeq>
</Branch>
<Branch CovItemId="B14" CovItemPrefix="com.OriginalFiles.MI.java" Implct="true" Intrnl_Id="1025">
<Cond/>
<LocList/>
<StmntSeq Intrnl_Id="1026">
<LocList/>
</StmntSeq>
</Branch>
<Keyword EndOffset="2875" SrcFileId="4" StartOffset="2873"/>
<LocList>
<Loc EndOffset="2932" SrcFileId="4" StartOffset="2873"/>
</LocList>
<RootTerm CovItemId="C7" CovItemPrefix="com.OriginalFiles.MI.java" Intrnl_Id="1027">
<BasicBoolTerm Intrnl_Id="1028">
<LocList>
<Loc EndOffset="2890" SrcFileId="4" StartOffset="2877"/>
</LocList>
</BasicBoolTerm>
</RootTerm>
</CondStmnt>
</StmntSeq>
<Keyword EndOffset="2607" SrcFileId="4" StartOffset="2604"/>
<LocList>
<Loc EndOffset="2943" SrcFileId="4" StartOffset="2604"/>
</LocList>
</LoopStmnt>
<BasicStmnt CovItemId="S44" CovItemPrefix="com.OriginalFiles.MI.java" Intrnl_Id="1029">
<LocList>
<Loc EndOffset="2991" SrcFileId="4" StartOffset="2974"/>
</LocList>
</BasicStmnt>
</StmntSeq>
</HierarchyLvl>
<HierarchyLvl HierarchyLvlId="676" HierarchyLvlTypeId="14" Intrnl_Id="1030" Name="evaluation">
<Header>
<Loc EndOffset="3437" SrcFileId="4" StartOffset="3402"/>
</Header>
<LocList>
<Loc EndOffset="4355" SrcFileId="4" StartOffset="3402"/>
</LocList>
<StmntSeq Intrnl_Id="1031">
<LocList>
<Loc EndOffset="3473" SrcFileId="4" StartOffset="3449"/>
<Loc EndOffset="3509" SrcFileId="4" StartOffset="3485"/>
<Loc EndOffset="3644" SrcFileId="4" StartOffset="3521"/>
<Loc EndOffset="3777" SrcFileId="4" StartOffset="3654"/>
<Loc EndOffset="3820" SrcFileId="4" StartOffset="3789"/>
<Loc EndOffset="4316" SrcFileId="4" StartOffset="3832"/>
<Loc EndOffset="4348" SrcFileId="4" StartOffset="4328"/>
</LocList>
<BasicStmnt CovItemId="S52" CovItemPrefix="com.OriginalFiles.MI.java" Intrnl_Id="1032">
<LocList>
<Loc EndOffset="3473" SrcFileId="4" StartOffset="3449"/>
</LocList>
</BasicStmnt>
<BasicStmnt CovItemId="S53" CovItemPrefix="com.OriginalFiles.MI.java" Intrnl_Id="1033">
<LocList>
<Loc EndOffset="3509" SrcFileId="4" StartOffset="3485"/>
</LocList>
</BasicStmnt>
<LoopStmnt CovItemId="S54" CovItemPrefix="com.OriginalFiles.MI.java" Intrnl_Id="1034" MltplExecId="L5-2" MltplExecPrefix="com.OriginalFiles.MI.java" NvrExecId="L5-0" NvrExecPrefix="com.OriginalFiles.MI.java" OnceExecutedId="L5-1" OnceExecutedPrefix="com.OriginalFiles.MI.java" OptBodyExec="true">
<StmntSeq Intrnl_Id="1035">
<LocList>
<Loc EndOffset="3633" SrcFileId="4" StartOffset="3579"/>
</LocList>
<BasicStmnt CovItemId="S55" CovItemPrefix="com.OriginalFiles.MI.java" Intrnl_Id="1036">
<LocList>
<Loc EndOffset="3633" SrcFileId="4" StartOffset="3579"/>
</LocList>
</BasicStmnt>
</StmntSeq>
<Keyword EndOffset="3524" SrcFileId="4" StartOffset="3521"/>
<LocList>
<Loc EndOffset="3644" SrcFileId="4" StartOffset="3521"/>
</LocList>
<RootTerm CovItemId="C8" CovItemPrefix="com.OriginalFiles.MI.java" Intrnl_Id="1037">
<BasicBoolTerm Intrnl_Id="1038">
<LocList>
<Loc EndOffset="3557" SrcFileId="4" StartOffset="3537"/>
</LocList>
</BasicBoolTerm>
</RootTerm>
</LoopStmnt>
<LoopStmnt CovItemId="S56" CovItemPrefix="com.OriginalFiles.MI.java" Intrnl_Id="1039" MltplExecId="L6-2" MltplExecPrefix="com.OriginalFiles.MI.java" NvrExecId="L6-0" NvrExecPrefix="com.OriginalFiles.MI.java" OnceExecutedId="L6-1" OnceExecutedPrefix="com.OriginalFiles.MI.java" OptBodyExec="true">
<StmntSeq Intrnl_Id="1040">
<LocList>
<Loc EndOffset="3766" SrcFileId="4" StartOffset="3712"/>
</LocList>
<BasicStmnt CovItemId="S57" CovItemPrefix="com.OriginalFiles.MI.java" Intrnl_Id="1041">
<LocList>
<Loc EndOffset="3766" SrcFileId="4" StartOffset="3712"/>
</LocList>
</BasicStmnt>
</StmntSeq>
<Keyword EndOffset="3657" SrcFileId="4" StartOffset="3654"/>
<LocList>
<Loc EndOffset="3777" SrcFileId="4" StartOffset="3654"/>
</LocList>
<RootTerm CovItemId="C9" CovItemPrefix="com.OriginalFiles.MI.java" Intrnl_Id="1042">
<BasicBoolTerm Intrnl_Id="1043">
<LocList>
<Loc EndOffset="3690" SrcFileId="4" StartOffset="3670"/>
</LocList>
</BasicBoolTerm>
</RootTerm>
</LoopStmnt>
<BasicStmnt CovItemId="S58" CovItemPrefix="com.OriginalFiles.MI.java" Intrnl_Id="1044">
<LocList>
<Loc EndOffset="3820" SrcFileId="4" StartOffset="3789"/>
</LocList>
</BasicStmnt>
<CondStmnt CovItemId="S59" CovItemPrefix="com.OriginalFiles.MI.java" Intrnl_Id="1045">
<Branch CovItemId="B15" CovItemPrefix="com.OriginalFiles.MI.java" Implct="false" Intrnl_Id="1046">
<Cond>
<Loc EndOffset="3939" SrcFileId="4" StartOffset="3933"/>
</Cond>
<LocList>
<Loc EndOffset="4000" SrcFileId="4" StartOffset="3954"/>
</LocList>
<StmntSeq Intrnl_Id="1047">
<LocList>
<Loc EndOffset="3980" SrcFileId="4" StartOffset="3954"/>
<Loc EndOffset="4000" SrcFileId="4" StartOffset="3994"/>
</LocList>
<BasicStmnt CovItemId="S60" CovItemPrefix="com.OriginalFiles.MI.java" Intrnl_Id="1048">
<LocList>
<Loc EndOffset="3980" SrcFileId="4" StartOffset="3954"/>
</LocList>
</BasicStmnt>
<BasicStmnt CovItemId="S61" CovItemPrefix="com.OriginalFiles.MI.java" Intrnl_Id="1049">
<LocList>
<Loc EndOffset="4000" SrcFileId="4" StartOffset="3994"/>
</LocList>
</BasicStmnt>
</StmntSeq>
</Branch>
<Branch CovItemId="B16" CovItemPrefix="com.OriginalFiles.MI.java" Implct="false" Intrnl_Id="1050">
<Cond>
<Loc EndOffset="4016" SrcFileId="4" StartOffset="4010"/>
</Cond>
<LocList>
<Loc EndOffset="4077" SrcFileId="4" StartOffset="4031"/>
</LocList>
<StmntSeq Intrnl_Id="1051">
<LocList>
<Loc EndOffset="4057" SrcFileId="4" StartOffset="4031"/>
<Loc EndOffset="4077" SrcFileId="4" StartOffset="4071"/>
</LocList>
<BasicStmnt CovItemId="S62" CovItemPrefix="com.OriginalFiles.MI.java" Intrnl_Id="1052">
<LocList>
<Loc EndOffset="4057" SrcFileId="4" StartOffset="4031"/>
</LocList>
</BasicStmnt>
<BasicStmnt CovItemId="S63" CovItemPrefix="com.OriginalFiles.MI.java" Intrnl_Id="1053">
<LocList>
<Loc EndOffset="4077" SrcFileId="4" StartOffset="4071"/>
</LocList>
</BasicStmnt>
</StmntSeq>
</Branch>
<Branch CovItemId="B17" CovItemPrefix="com.OriginalFiles.MI.java" Implct="false" Intrnl_Id="1054">
<Cond>
<Loc EndOffset="4093" SrcFileId="4" StartOffset="4087"/>
</Cond>
<LocList>
<Loc EndOffset="4155" SrcFileId="4" StartOffset="4108"/>
</LocList>
<StmntSeq Intrnl_Id="1055">
<LocList>
<Loc EndOffset="4135" SrcFileId="4" StartOffset="4108"/>
<Loc EndOffset="4155" SrcFileId="4" StartOffset="4149"/>
</LocList>
<BasicStmnt CovItemId="S64" CovItemPrefix="com.OriginalFiles.MI.java" Intrnl_Id="1056">
<LocList>
<Loc EndOffset="4135" SrcFileId="4" StartOffset="4108"/>
</LocList>
</BasicStmnt>
<BasicStmnt CovItemId="S65" CovItemPrefix="com.OriginalFiles.MI.java" Intrnl_Id="1057">
<LocList>
<Loc EndOffset="4155" SrcFileId="4" StartOffset="4149"/>
</LocList>
</BasicStmnt>
</StmntSeq>
</Branch>
<Branch CovItemId="B18" CovItemPrefix="com.OriginalFiles.MI.java" Implct="false" Intrnl_Id="1058">
<Cond>
<Loc EndOffset="4172" SrcFileId="4" StartOffset="4165"/>
</Cond>
<LocList>
<Loc EndOffset="4305" SrcFileId="4" StartOffset="4187"/>
</LocList>
<StmntSeq Intrnl_Id="1059">
<LocList>
<Loc EndOffset="4285" SrcFileId="4" StartOffset="4187"/>
<Loc EndOffset="4305" SrcFileId="4" StartOffset="4299"/>
</LocList>
<BasicStmnt CovItemId="S66" CovItemPrefix="com.OriginalFiles.MI.java" Intrnl_Id="1060">
<LocList>
<Loc EndOffset="4285" SrcFileId="4" StartOffset="4187"/>
</LocList>
</BasicStmnt>
<BasicStmnt CovItemId="S67" CovItemPrefix="com.OriginalFiles.MI.java" Intrnl_Id="1061">
<LocList>
<Loc EndOffset="4305" SrcFileId="4" StartOffset="4299"/>
</LocList>
</BasicStmnt>
</StmntSeq>
</Branch>
<Keyword EndOffset="3838" SrcFileId="4" StartOffset="3832"/>
<LocList>
<Loc EndOffset="4316" SrcFileId="4" StartOffset="3832"/>
</LocList>
</CondStmnt>
<BasicStmnt CovItemId="S68" CovItemPrefix="com.OriginalFiles.MI.java" Intrnl_Id="1062">
<LocList>
<Loc EndOffset="4348" SrcFileId="4" StartOffset="4328"/>
</LocList>
</BasicStmnt>
</StmntSeq>
</HierarchyLvl>
<HierarchyLvl HierarchyLvlId="677" HierarchyLvlTypeId="14" Intrnl_Id="1063" Name="gameState">
<Header>
<Loc EndOffset="4386" SrcFileId="4" StartOffset="4363"/>
</Header>
<LocList>
<Loc EndOffset="4534" SrcFileId="4" StartOffset="4363"/>
</LocList>
<StmntSeq Intrnl_Id="1064">
<LocList>
<Loc EndOffset="4500" SrcFileId="4" StartOffset="4398"/>
<Loc EndOffset="4527" SrcFileId="4" StartOffset="4510"/>
</LocList>
<CondStmnt CovItemId="S69" CovItemPrefix="com.OriginalFiles.MI.java" Intrnl_Id="1065">
<Branch CovItemId="B19" CovItemPrefix="com.OriginalFiles.MI.java" Implct="false" Intrnl_Id="1066">
<Cond/>
<LocList>
<Loc EndOffset="4500" SrcFileId="4" StartOffset="4457"/>
</LocList>
<StmntSeq Intrnl_Id="1067">
<LocList>
<Loc EndOffset="4489" SrcFileId="4" StartOffset="4472"/>
</LocList>
<BasicStmnt CovItemId="S70" CovItemPrefix="com.OriginalFiles.MI.java" Intrnl_Id="1068">
<LocList>
<Loc EndOffset="4489" SrcFileId="4" StartOffset="4472"/>
</LocList>
</BasicStmnt>
</StmntSeq>
</Branch>
<Branch CovItemId="B20" CovItemPrefix="com.OriginalFiles.MI.java" Implct="true" Intrnl_Id="1069">
<Cond/>
<LocList/>
<StmntSeq Intrnl_Id="1070">
<LocList/>
</StmntSeq>
</Branch>
<Keyword EndOffset="4400" SrcFileId="4" StartOffset="4398"/>
<LocList>
<Loc EndOffset="4500" SrcFileId="4" StartOffset="4398"/>
</LocList>
<RootTerm CovItemId="C10" CovItemPrefix="com.OriginalFiles.MI.java" Intrnl_Id="1071">
<BasicBoolTerm Intrnl_Id="1072">
<LocList>
<Loc EndOffset="4455" SrcFileId="4" StartOffset="4402"/>
</LocList>
</BasicBoolTerm>
</RootTerm>
</CondStmnt>
<BasicStmnt CovItemId="S71" CovItemPrefix="com.OriginalFiles.MI.java" Intrnl_Id="1073">
<LocList>
<Loc EndOffset="4527" SrcFileId="4" StartOffset="4510"/>
</LocList>
</BasicStmnt>
</StmntSeq>
</HierarchyLvl>
<HierarchyLvl HierarchyLvlId="678" HierarchyLvlTypeId="14" Intrnl_Id="1074" Name="max">
<Header>
<Loc EndOffset="4580" SrcFileId="4" StartOffset="4542"/>
</Header>
<LocList>
<Loc EndOffset="4664" SrcFileId="4" StartOffset="4542"/>
</LocList>
<StmntSeq Intrnl_Id="1075">
<LocList>
<Loc EndOffset="4638" SrcFileId="4" StartOffset="4592"/>
<Loc EndOffset="4657" SrcFileId="4" StartOffset="4648"/>
</LocList>
<CondStmnt CovItemId="S72" CovItemPrefix="com.OriginalFiles.MI.java" Intrnl_Id="1076">
<Branch CovItemId="B21" CovItemPrefix="com.OriginalFiles.MI.java" Implct="false" Intrnl_Id="1077">
<Cond/>
<LocList>
<Loc EndOffset="4638" SrcFileId="4" StartOffset="4603"/>
</LocList>
<StmntSeq Intrnl_Id="1078">
<LocList>
<Loc EndOffset="4627" SrcFileId="4" StartOffset="4618"/>
</LocList>
<BasicStmnt CovItemId="S73" CovItemPrefix="com.OriginalFiles.MI.java" Intrnl_Id="1079">
<LocList>
<Loc EndOffset="4627" SrcFileId="4" StartOffset="4618"/>
</LocList>
</BasicStmnt>
</StmntSeq>
</Branch>
<Branch CovItemId="B22" CovItemPrefix="com.OriginalFiles.MI.java" Implct="true" Intrnl_Id="1080">
<Cond/>
<LocList/>
<StmntSeq Intrnl_Id="1081">
<LocList/>
</StmntSeq>
</Branch>
<Keyword EndOffset="4594" SrcFileId="4" StartOffset="4592"/>
<LocList>
<Loc EndOffset="4638" SrcFileId="4" StartOffset="4592"/>
</LocList>
<RootTerm CovItemId="C11" CovItemPrefix="com.OriginalFiles.MI.java" Intrnl_Id="1082">
<BasicBoolTerm Intrnl_Id="1083">
<LocList>
<Loc EndOffset="4601" SrcFileId="4" StartOffset="4596"/>
</LocList>
</BasicBoolTerm>
</RootTerm>
</CondStmnt>
<BasicStmnt CovItemId="S74" CovItemPrefix="com.OriginalFiles.MI.java" Intrnl_Id="1084">
<LocList>
<Loc EndOffset="4657" SrcFileId="4" StartOffset="4648"/>
</LocList>
</BasicStmnt>
</StmntSeq>
</HierarchyLvl>
<HierarchyLvl HierarchyLvlId="679" HierarchyLvlTypeId="14" Intrnl_Id="1085" Name="simulateMove">
<Header>
<Loc EndOffset="4851" SrcFileId="4" StartOffset="4784"/>
</Header>
<LocList>
<Loc EndOffset="6042" SrcFileId="4" StartOffset="4784"/>
</LocList>
<StmntSeq Intrnl_Id="1086">
<LocList>
<Loc EndOffset="6035" SrcFileId="4" StartOffset="4863"/>
</LocList>
<CondStmnt CovItemId="S75" CovItemPrefix="com.OriginalFiles.MI.java" Intrnl_Id="1087">
<Branch CovItemId="B23" CovItemPrefix="com.OriginalFiles.MI.java" Implct="false" Intrnl_Id="1088">
<Cond/>
<LocList>
<Loc EndOffset="6035" SrcFileId="4" StartOffset="4891"/>
</LocList>
<StmntSeq Intrnl_Id="1089">
<LocList>
<Loc EndOffset="4939" SrcFileId="4" StartOffset="4906"/>
<Loc EndOffset="5985" SrcFileId="4" StartOffset="4953"/>
<Loc EndOffset="6024" SrcFileId="4" StartOffset="5999"/>
</LocList>
<BasicStmnt CovItemId="S76" CovItemPrefix="com.OriginalFiles.MI.java" Intrnl_Id="1090">
<LocList>
<Loc EndOffset="4939" SrcFileId="4" StartOffset="4906"/>
</LocList>
</BasicStmnt>
<LoopStmnt CovItemId="S77" CovItemPrefix="com.OriginalFiles.MI.java" Intrnl_Id="1091" MltplExecId="L7-2" MltplExecPrefix="com.OriginalFiles.MI.java" NvrExecId="L7-0" NvrExecPrefix="com.OriginalFiles.MI.java" OnceExecutedId="L7-1" OnceExecutedPrefix="com.OriginalFiles.MI.java" OptBodyExec="true">
<StmntSeq Intrnl_Id="1092">
<LocList>
<Loc EndOffset="5034" SrcFileId="4" StartOffset="5003"/>
<Loc EndOffset="5085" SrcFileId="4" StartOffset="5052"/>
<Loc EndOffset="5864" SrcFileId="4" StartOffset="5105"/>
<Loc EndOffset="5970" SrcFileId="4" StartOffset="5882"/>
</LocList>
<BasicStmnt CovItemId="S78" CovItemPrefix="com.OriginalFiles.MI.java" Intrnl_Id="1093">
<LocList>
<Loc EndOffset="5034" SrcFileId="4" StartOffset="5003"/>
</LocList>
</BasicStmnt>
<BasicStmnt CovItemId="S79" CovItemPrefix="com.OriginalFiles.MI.java" Intrnl_Id="1094">
<LocList>
<Loc EndOffset="5085" SrcFileId="4" StartOffset="5052"/>
</LocList>
</BasicStmnt>
<CondStmnt CovItemId="S80" CovItemPrefix="com.OriginalFiles.MI.java" Intrnl_Id="1095">
<Branch CovItemId="B25" CovItemPrefix="com.OriginalFiles.MI.java" Implct="false" Intrnl_Id="1096">
<Cond/>
<LocList>
<Loc EndOffset="5864" SrcFileId="4" StartOffset="5139"/>
</LocList>
<StmntSeq Intrnl_Id="1097">
<LocList>
<Loc EndOffset="5333" SrcFileId="4" StartOffset="5162"/>
<Loc EndOffset="5612" SrcFileId="4" StartOffset="5355"/>
<Loc EndOffset="5667" SrcFileId="4" StartOffset="5634"/>
<Loc EndOffset="5845" SrcFileId="4" StartOffset="5689"/>
</LocList>
<BasicStmnt CovItemId="S81" CovItemPrefix="com.OriginalFiles.MI.java" Intrnl_Id="1098">
<LocList>
<Loc EndOffset="5333" SrcFileId="4" StartOffset="5162"/>
</LocList>
</BasicStmnt>
<CondStmnt CovItemId="S82" CovItemPrefix="com.OriginalFiles.MI.java" Intrnl_Id="1099">
<Branch CovItemId="B27" CovItemPrefix="com.OriginalFiles.MI.java" Implct="false" Intrnl_Id="1100">
<Cond/>
<LocList>
<Loc EndOffset="5527" SrcFileId="4" StartOffset="5448"/>
</LocList>
<StmntSeq Intrnl_Id="1101">
<LocList>
<Loc EndOffset="5504" SrcFileId="4" StartOffset="5475"/>
</LocList>
<BasicStmnt CovItemId="S83" CovItemPrefix="com.OriginalFiles.MI.java" Intrnl_Id="1102">
<LocList>
<Loc EndOffset="5504" SrcFileId="4" StartOffset="5475"/>
</LocList>
</BasicStmnt>
</StmntSeq>
</Branch>
<Branch CovItemId="B28" CovItemPrefix="com.OriginalFiles.MI.java" Implct="false" Intrnl_Id="1103">
<Cond>
<Loc EndOffset="5532" SrcFileId="4" StartOffset="5528"/>
</Cond>
<LocList>
<Loc EndOffset="5612" SrcFileId="4" StartOffset="5533"/>
</LocList>
<StmntSeq Intrnl_Id="1104">
<LocList>
<Loc EndOffset="5589" SrcFileId="4" StartOffset="5560"/>
</LocList>
<BasicStmnt CovItemId="S84" CovItemPrefix="com.OriginalFiles.MI.java" Intrnl_Id="1105">
<LocList>
<Loc EndOffset="5589" SrcFileId="4" StartOffset="5560"/>
</LocList>
</BasicStmnt>
</StmntSeq>
</Branch>
<Keyword EndOffset="5357" SrcFileId="4" StartOffset="5355"/>
<LocList>
<Loc EndOffset="5612" SrcFileId="4" StartOffset="5355"/>
</LocList>
<RootTerm CovItemId="C15" CovItemPrefix="com.OriginalFiles.MI.java" Intrnl_Id="1106">
<BasicBoolTerm Intrnl_Id="1107">
<LocList>
<Loc EndOffset="5446" SrcFileId="4" StartOffset="5359"/>
</LocList>
</BasicBoolTerm>
</RootTerm>
</CondStmnt>
<BasicStmnt CovItemId="S85" CovItemPrefix="com.OriginalFiles.MI.java" Intrnl_Id="1108">
<LocList>
<Loc EndOffset="5667" SrcFileId="4" StartOffset="5634"/>
</LocList>
</BasicStmnt>
<BasicStmnt CovItemId="S86" CovItemPrefix="com.OriginalFiles.MI.java" Intrnl_Id="1109">
<LocList>
<Loc EndOffset="5845" SrcFileId="4" StartOffset="5689"/>
</LocList>
</BasicStmnt>
</StmntSeq>
</Branch>
<Branch CovItemId="B26" CovItemPrefix="com.OriginalFiles.MI.java" Implct="true" Intrnl_Id="1110">
<Cond/>
<LocList/>
<StmntSeq Intrnl_Id="1111">
<LocList/>
</StmntSeq>
</Branch>
<Keyword EndOffset="5107" SrcFileId="4" StartOffset="5105"/>
<LocList>
<Loc EndOffset="5864" SrcFileId="4" StartOffset="5105"/>
</LocList>
<RootTerm CovItemId="C14" CovItemPrefix="com.OriginalFiles.MI.java" Intrnl_Id="1112">
<BasicBoolTerm Intrnl_Id="1113">
<LocList>
<Loc EndOffset="5137" SrcFileId="4" StartOffset="5109"/>
</LocList>
</BasicBoolTerm>
</RootTerm>
</CondStmnt>
<BasicStmnt CovItemId="S87" CovItemPrefix="com.OriginalFiles.MI.java" Intrnl_Id="1114">
<LocList>
<Loc EndOffset="5970" SrcFileId="4" StartOffset="5882"/>
</LocList>
</BasicStmnt>
</StmntSeq>
<Keyword EndOffset="4956" SrcFileId="4" StartOffset="4953"/>
<LocList>
<Loc EndOffset="5985" SrcFileId="4" StartOffset="4953"/>
</LocList>
<RootTerm CovItemId="C13" CovItemPrefix="com.OriginalFiles.MI.java" Intrnl_Id="1115">
<BasicBoolTerm Intrnl_Id="1116">
<LocList>
<Loc EndOffset="4977" SrcFileId="4" StartOffset="4969"/>
</LocList>
</BasicBoolTerm>
</RootTerm>
</LoopStmnt>
<BasicStmnt CovItemId="S88" CovItemPrefix="com.OriginalFiles.MI.java" Intrnl_Id="1117">
<LocList>
<Loc EndOffset="6024" SrcFileId="4" StartOffset="5999"/>
</LocList>
</BasicStmnt>
</StmntSeq>
</Branch>
<Branch CovItemId="B24" CovItemPrefix="com.OriginalFiles.MI.java" Implct="true" Intrnl_Id="1118">
<Cond/>
<LocList/>
<StmntSeq Intrnl_Id="1119">
<LocList/>
</StmntSeq>
</Branch>
<Keyword EndOffset="4865" SrcFileId="4" StartOffset="4863"/>
<LocList>
<Loc EndOffset="6035" SrcFileId="4" StartOffset="4863"/>
</LocList>
<RootTerm CovItemId="C12" CovItemPrefix="com.OriginalFiles.MI.java" Intrnl_Id="1120">
<BasicBoolTerm Intrnl_Id="1121">
<LocList>
<Loc EndOffset="4889" SrcFileId="4" StartOffset="4867"/>
</LocList>
</BasicBoolTerm>
</RootTerm>
</CondStmnt>
</StmntSeq>
</HierarchyLvl>
<HierarchyLvl HierarchyLvlId="680" HierarchyLvlTypeId="14" Intrnl_Id="1122" Name="revertMove">
<Header>
<Loc EndOffset="6106" SrcFileId="4" StartOffset="6050"/>
</Header>
<LocList>
<Loc EndOffset="8022" SrcFileId="4" StartOffset="6050"/>
</LocList>
<StmntSeq Intrnl_Id="1123">
<LocList>
<Loc EndOffset="8015" SrcFileId="4" StartOffset="6120"/>
</LocList>
<CondStmnt CovItemId="S89" CovItemPrefix="com.OriginalFiles.MI.java" Intrnl_Id="1124">
<Branch CovItemId="B29" CovItemPrefix="com.OriginalFiles.MI.java" Implct="false" Intrnl_Id="1125">
<Cond/>
<LocList>
<Loc EndOffset="8015" SrcFileId="4" StartOffset="6152"/>
</LocList>
<StmntSeq Intrnl_Id="1126">
<LocList>
<Loc EndOffset="6225" SrcFileId="4" StartOffset="6167"/>
<Loc EndOffset="6288" SrcFileId="4" StartOffset="6239"/>
<Loc EndOffset="6337" SrcFileId="4" StartOffset="6304"/>
<Loc EndOffset="6373" SrcFileId="4" StartOffset="6351"/>
<Loc EndOffset="7457" SrcFileId="4" StartOffset="6389"/>
<Loc EndOffset="7504" SrcFileId="4" StartOffset="7473"/>
<Loc EndOffset="8004" SrcFileId="4" StartOffset="7520"/>
</LocList>
<BasicStmnt CovItemId="S90" CovItemPrefix="com.OriginalFiles.MI.java" Intrnl_Id="1127">
<LocList>
<Loc EndOffset="6225" SrcFileId="4" StartOffset="6167"/>
</LocList>
</BasicStmnt>
<BasicStmnt CovItemId="S91" CovItemPrefix="com.OriginalFiles.MI.java" Intrnl_Id="1128">
<LocList>
<Loc EndOffset="6288" SrcFileId="4" StartOffset="6239"/>
</LocList>
</BasicStmnt>
<BasicStmnt CovItemId="S92" CovItemPrefix="com.OriginalFiles.MI.java" Intrnl_Id="1129">
<LocList>
<Loc EndOffset="6337" SrcFileId="4" StartOffset="6304"/>
</LocList>
</BasicStmnt>
<BasicStmnt CovItemId="S93" CovItemPrefix="com.OriginalFiles.MI.java" Intrnl_Id="1130">
<LocList>
<Loc EndOffset="6373" SrcFileId="4" StartOffset="6351"/>
</LocList>
</BasicStmnt>
<LoopStmnt CovItemId="S94" CovItemPrefix="com.OriginalFiles.MI.java" Intrnl_Id="1131" MltplExecId="L8-2" MltplExecPrefix="com.OriginalFiles.MI.java" NvrExecId="L8-0" NvrExecPrefix="com.OriginalFiles.MI.java" OnceExecutedId="L8-1" OnceExecutedPrefix="com.OriginalFiles.MI.java" OptBodyExec="true">
<StmntSeq Intrnl_Id="1132">
<LocList>
<Loc EndOffset="6469" SrcFileId="4" StartOffset="6440"/>
<Loc EndOffset="7309" SrcFileId="4" StartOffset="6487"/>
<Loc EndOffset="7442" SrcFileId="4" StartOffset="7327"/>
</LocList>
<BasicStmnt CovItemId="S95" CovItemPrefix="com.OriginalFiles.MI.java" Intrnl_Id="1133">
<LocList>
<Loc EndOffset="6469" SrcFileId="4" StartOffset="6440"/>
</LocList>
</BasicStmnt>
<CondStmnt CovItemId="S96" CovItemPrefix="com.OriginalFiles.MI.java" Intrnl_Id="1134">
<Branch CovItemId="B31" CovItemPrefix="com.OriginalFiles.MI.java" Implct="false" Intrnl_Id="1135">
<Cond/>
<LocList>
<Loc EndOffset="7309" SrcFileId="4" StartOffset="6512"/>
</LocList>
<StmntSeq Intrnl_Id="1136">
<LocList>
<Loc EndOffset="7290" SrcFileId="4" StartOffset="6535"/>
</LocList>
<CondStmnt CovItemId="S97" CovItemPrefix="com.OriginalFiles.MI.java" Intrnl_Id="1137">
<Branch CovItemId="B33" CovItemPrefix="com.OriginalFiles.MI.java" Implct="false" Intrnl_Id="1138">
<Cond/>
<LocList>
<Loc EndOffset="7290" SrcFileId="4" StartOffset="6629"/>
</LocList>
<StmntSeq Intrnl_Id="1139">
<LocList>
<Loc EndOffset="7196" SrcFileId="4" StartOffset="6656"/>
<Loc EndOffset="7267" SrcFileId="4" StartOffset="7222"/>
</LocList>
<CondStmnt CovItemId="S98" CovItemPrefix="com.OriginalFiles.MI.java" Intrnl_Id="1140">
<Branch CovItemId="B35" CovItemPrefix="com.OriginalFiles.MI.java" Implct="false" Intrnl_Id="1141">
<Cond/>
<LocList>
<Loc EndOffset="6925" SrcFileId="4" StartOffset="6751"/>
</LocList>
<StmntSeq Intrnl_Id="1142">
<LocList>
<Loc EndOffset="6898" SrcFileId="4" StartOffset="6782"/>
</LocList>
<BasicStmnt CovItemId="S99" CovItemPrefix="com.OriginalFiles.MI.java" Intrnl_Id="1143">
<LocList>
<Loc EndOffset="6898" SrcFileId="4" StartOffset="6782"/>
</LocList>
</BasicStmnt>
</StmntSeq>
</Branch>
<Branch CovItemId="B36" CovItemPrefix="com.OriginalFiles.MI.java" Implct="false" Intrnl_Id="1144">
<Cond>
<Loc EndOffset="6930" SrcFileId="4" StartOffset="6926"/>
</Cond>
<LocList>
<Loc EndOffset="7196" SrcFileId="4" StartOffset="6931"/>
</LocList>
<StmntSeq Intrnl_Id="1145">
<LocList>
<Loc EndOffset="7196" SrcFileId="4" StartOffset="6931"/>
</LocList>
<CondStmnt CovItemId="S100" CovItemPrefix="com.OriginalFiles.MI.java" Intrnl_Id="1146">
<Branch CovItemId="B37" CovItemPrefix="com.OriginalFiles.MI.java" Implct="false" Intrnl_Id="1147">
<Cond/>
<LocList>
<Loc EndOffset="7196" SrcFileId="4" StartOffset="7027"/>
</LocList>
<StmntSeq Intrnl_Id="1148">
<LocList>
<Loc EndOffset="7169" SrcFileId="4" StartOffset="7058"/>
</LocList>
<BasicStmnt CovItemId="S101" CovItemPrefix="com.OriginalFiles.MI.java" Intrnl_Id="1149">
<LocList>
<Loc EndOffset="7169" SrcFileId="4" StartOffset="7058"/>
</LocList>
</BasicStmnt>
</StmntSeq>
</Branch>
<Branch CovItemId="B38" CovItemPrefix="com.OriginalFiles.MI.java" Implct="true" Intrnl_Id="1150">
<Cond/>
<LocList/>
<StmntSeq Intrnl_Id="1151">
<LocList/>
</StmntSeq>
</Branch>
<Keyword EndOffset="6933" SrcFileId="4" StartOffset="6931"/>
<LocList>
<Loc EndOffset="7196" SrcFileId="4" StartOffset="6931"/>
</LocList>
<RootTerm CovItemId="C21" CovItemPrefix="com.OriginalFiles.MI.java" Intrnl_Id="1152">
<BasicBoolTerm Intrnl_Id="1153">
<LocList>
<Loc EndOffset="7025" SrcFileId="4" StartOffset="6935"/>
</LocList>
</BasicBoolTerm>
</RootTerm>
</CondStmnt>
</StmntSeq>
</Branch>
<Keyword EndOffset="6658" SrcFileId="4" StartOffset="6656"/>
<LocList>
<Loc EndOffset="7196" SrcFileId="4" StartOffset="6656"/>
</LocList>
<RootTerm CovItemId="C20" CovItemPrefix="com.OriginalFiles.MI.java" Intrnl_Id="1154">
<BasicBoolTerm Intrnl_Id="1155">
<LocList>
<Loc EndOffset="6749" SrcFileId="4" StartOffset="6660"/>
</LocList>
</BasicBoolTerm>
</RootTerm>
</CondStmnt>
<BasicStmnt CovItemId="S102" CovItemPrefix="com.OriginalFiles.MI.java" Intrnl_Id="1156">
<LocList>
<Loc EndOffset="7267" SrcFileId="4" StartOffset="7222"/>
</LocList>
</BasicStmnt>
</StmntSeq>
</Branch>
<Branch CovItemId="B34" CovItemPrefix="com.OriginalFiles.MI.java" Implct="true" Intrnl_Id="1157">
<Cond/>
<LocList/>
<StmntSeq Intrnl_Id="1158">
<LocList/>
</StmntSeq>
</Branch>
<Keyword EndOffset="6537" SrcFileId="4" StartOffset="6535"/>
<LocList>
<Loc EndOffset="7290" SrcFileId="4" StartOffset="6535"/>
</LocList>
<RootTerm CovItemId="C19" CovItemPrefix="com.OriginalFiles.MI.java" Intrnl_Id="1159">
<OpTerm BooleanOpId="10" Intrnl_Id="1160">
<BasicBoolTerm Intrnl_Id="1161">
<LocList>
<Loc EndOffset="6575" SrcFileId="4" StartOffset="6539"/>
</LocList>
</BasicBoolTerm>
<OpTerm BooleanOpId="9" Intrnl_Id="1162">
<BasicBoolTerm Intrnl_Id="1163">
<LocList>
<Loc EndOffset="6627" SrcFileId="4" StartOffset="6609"/>
</LocList>
</BasicBoolTerm>
<LocList>
<Loc EndOffset="6609" SrcFileId="4" StartOffset="6608"/>
</LocList>
</OpTerm>
<LocList>
<Loc EndOffset="6607" SrcFileId="4" StartOffset="6605"/>
</LocList>
</OpTerm>
</RootTerm>
</CondStmnt>
</StmntSeq>
</Branch>
<Branch CovItemId="B32" CovItemPrefix="com.OriginalFiles.MI.java" Implct="true" Intrnl_Id="1164">
<Cond/>
<LocList/>
<StmntSeq Intrnl_Id="1165">
<LocList/>
</StmntSeq>
</Branch>
<Keyword EndOffset="6489" SrcFileId="4" StartOffset="6487"/>
<LocList>
<Loc EndOffset="7309" SrcFileId="4" StartOffset="6487"/>
</LocList>
<RootTerm CovItemId="C18" CovItemPrefix="com.OriginalFiles.MI.java" Intrnl_Id="1166">
<OpTerm BooleanOpId="9" Intrnl_Id="1167">
<BasicBoolTerm Intrnl_Id="1168">
<LocList>
<Loc EndOffset="6510" SrcFileId="4" StartOffset="6492"/>
</LocList>
</BasicBoolTerm>
<LocList>
<Loc EndOffset="6492" SrcFileId="4" StartOffset="6491"/>
</LocList>
</OpTerm>
</RootTerm>
</CondStmnt>
<BasicStmnt CovItemId="S103" CovItemPrefix="com.OriginalFiles.MI.java" Intrnl_Id="1169">
<LocList>
<Loc EndOffset="7442" SrcFileId="4" StartOffset="7327"/>
</LocList>
</BasicStmnt>
</StmntSeq>
<Keyword EndOffset="6392" SrcFileId="4" StartOffset="6389"/>
<LocList>
<Loc EndOffset="7457" SrcFileId="4" StartOffset="6389"/>
</LocList>
<RootTerm CovItemId="C17" CovItemPrefix="com.OriginalFiles.MI.java" Intrnl_Id="1170">
<BasicBoolTerm Intrnl_Id="1171">
<LocList>
<Loc EndOffset="6414" SrcFileId="4" StartOffset="6408"/>
</LocList>
</BasicBoolTerm>
</RootTerm>
</LoopStmnt>
<BasicStmnt CovItemId="S104" CovItemPrefix="com.OriginalFiles.MI.java" Intrnl_Id="1172">
<LocList>
<Loc EndOffset="7504" SrcFileId="4" StartOffset="7473"/>
</LocList>
</BasicStmnt>
<LoopStmnt CovItemId="S105" CovItemPrefix="com.OriginalFiles.MI.java" Intrnl_Id="1173" MltplExecId="L9-2" MltplExecPrefix="com.OriginalFiles.MI.java" NvrExecId="L9-0" NvrExecPrefix="com.OriginalFiles.MI.java" OnceExecutedId="L9-1" OnceExecutedPrefix="com.OriginalFiles.MI.java" OptBodyExec="true">
<StmntSeq Intrnl_Id="1174">
<LocList>
<Loc EndOffset="7612" SrcFileId="4" StartOffset="7570"/>
<Loc EndOffset="7832" SrcFileId="4" StartOffset="7630"/>
<Loc EndOffset="7989" SrcFileId="4" StartOffset="7850"/>
</LocList>
<BasicStmnt CovItemId="S106" CovItemPrefix="com.OriginalFiles.MI.java" Intrnl_Id="1175">
<LocList>
<Loc EndOffset="7612" SrcFileId="4" StartOffset="7570"/>
</LocList>
</BasicStmnt>
<CondStmnt CovItemId="S107" CovItemPrefix="com.OriginalFiles.MI.java" Intrnl_Id="1176">
<Branch CovItemId="B39" CovItemPrefix="com.OriginalFiles.MI.java" Implct="false" Intrnl_Id="1177">
<Cond/>
<LocList>
<Loc EndOffset="7759" SrcFileId="4" StartOffset="7692"/>
</LocList>
<StmntSeq Intrnl_Id="1178">
<LocList>
<Loc EndOffset="7740" SrcFileId="4" StartOffset="7715"/>
</LocList>
<BasicStmnt CovItemId="S108" CovItemPrefix="com.OriginalFiles.MI.java" Intrnl_Id="1179">
<LocList>
<Loc EndOffset="7740" SrcFileId="4" StartOffset="7715"/>
</LocList>
</BasicStmnt>
</StmntSeq>
</Branch>
<Branch CovItemId="B40" CovItemPrefix="com.OriginalFiles.MI.java" Implct="false" Intrnl_Id="1180">
<Cond>
<Loc EndOffset="7764" SrcFileId="4" StartOffset="7760"/>
</Cond>
<LocList>
<Loc EndOffset="7832" SrcFileId="4" StartOffset="7765"/>
</LocList>
<StmntSeq Intrnl_Id="1181">
<LocList>
<Loc EndOffset="7813" SrcFileId="4" StartOffset="7788"/>
</LocList>
<BasicStmnt CovItemId="S109" CovItemPrefix="com.OriginalFiles.MI.java" Intrnl_Id="1182">
<LocList>
<Loc EndOffset="7813" SrcFileId="4" StartOffset="7788"/>
</LocList>
</BasicStmnt>
</StmntSeq>
</Branch>
<Keyword EndOffset="7632" SrcFileId="4" StartOffset="7630"/>
<LocList>
<Loc EndOffset="7832" SrcFileId="4" StartOffset="7630"/>
</LocList>
<RootTerm CovItemId="C23" CovItemPrefix="com.OriginalFiles.MI.java" Intrnl_Id="1183">
<BasicBoolTerm Intrnl_Id="1184">
<LocList>
<Loc EndOffset="7690" SrcFileId="4" StartOffset="7634"/>
</LocList>
</BasicBoolTerm>
</RootTerm>
</CondStmnt>
<BasicStmnt CovItemId="S110" CovItemPrefix="com.OriginalFiles.MI.java" Intrnl_Id="1185">
<LocList>
<Loc EndOffset="7989" SrcFileId="4" StartOffset="7850"/>
</LocList>
</BasicStmnt>
</StmntSeq>
<Keyword EndOffset="7523" SrcFileId="4" StartOffset="7520"/>
<LocList>
<Loc EndOffset="8004" SrcFileId="4" StartOffset="7520"/>
</LocList>
<RootTerm CovItemId="C22" CovItemPrefix="com.OriginalFiles.MI.java" Intrnl_Id="1186">
<BasicBoolTerm Intrnl_Id="1187">
<LocList>
<Loc EndOffset="7544" SrcFileId="4" StartOffset="7536"/>
</LocList>
</BasicBoolTerm>
</RootTerm>
</LoopStmnt>
</StmntSeq>
</Branch>
<Branch CovItemId="B30" CovItemPrefix="com.OriginalFiles.MI.java" Implct="true" Intrnl_Id="1188">
<Cond/>
<LocList/>
<StmntSeq Intrnl_Id="1189">
<LocList/>
</StmntSeq>
</Branch>
<Keyword EndOffset="6122" SrcFileId="4" StartOffset="6120"/>
<LocList>
<Loc EndOffset="8015" SrcFileId="4" StartOffset="6120"/>
</LocList>
<RootTerm CovItemId="C16" CovItemPrefix="com.OriginalFiles.MI.java" Intrnl_Id="1190">
<BasicBoolTerm Intrnl_Id="1191">
<LocList>
<Loc EndOffset="6150" SrcFileId="4" StartOffset="6124"/>
</LocList>
</BasicBoolTerm>
</RootTerm>
</CondStmnt>
</StmntSeq>
</HierarchyLvl>
<HierarchyLvl HierarchyLvlId="681" HierarchyLvlTypeId="14" Intrnl_Id="1192" Name="possibleMoves">
<Header>
<Loc EndOffset="8182" SrcFileId="4" StartOffset="8059"/>
</Header>
<LocList>
<Loc EndOffset="10432" SrcFileId="4" StartOffset="8059"/>
</LocList>
<StmntSeq Intrnl_Id="1193">
<LocList>
<Loc EndOffset="8243" SrcFileId="4" StartOffset="8194"/>
<Loc EndOffset="8298" SrcFileId="4" StartOffset="8253"/>
<Loc EndOffset="8350" SrcFileId="4" StartOffset="8308"/>
<Loc EndOffset="10286" SrcFileId="4" StartOffset="8360"/>
<Loc EndOffset="10425" SrcFileId="4" StartOffset="10298"/>
</LocList>
<BasicStmnt CovItemId="S111" CovItemPrefix="com.OriginalFiles.MI.java" Intrnl_Id="1194">
<LocList>
<Loc EndOffset="8243" SrcFileId="4" StartOffset="8194"/>
</LocList>
</BasicStmnt>
<BasicStmnt CovItemId="S112" CovItemPrefix="com.OriginalFiles.MI.java" Intrnl_Id="1195">
<LocList>
<Loc EndOffset="8298" SrcFileId="4" StartOffset="8253"/>
</LocList>
</BasicStmnt>
<BasicStmnt CovItemId="S113" CovItemPrefix="com.OriginalFiles.MI.java" Intrnl_Id="1196">
<LocList>
<Loc EndOffset="8350" SrcFileId="4" StartOffset="8308"/>
</LocList>
</BasicStmnt>
<LoopStmnt CovItemId="S114" CovItemPrefix="com.OriginalFiles.MI.java" Intrnl_Id="1197" MltplExecId="L10-2" MltplExecPrefix="com.OriginalFiles.MI.java" NvrExecId="L10-0" NvrExecPrefix="com.OriginalFiles.MI.java" OnceExecutedId="L10-1" OnceExecutedPrefix="com.OriginalFiles.MI.java" OptBodyExec="true">
<StmntSeq Intrnl_Id="1198">
<LocList>
<Loc EndOffset="10275" SrcFileId="4" StartOffset="8425"/>
</LocList>
<LoopStmnt CovItemId="S115" CovItemPrefix="com.OriginalFiles.MI.java" Intrnl_Id="1199" MltplExecId="L11-2" MltplExecPrefix="com.OriginalFiles.MI.java" NvrExecId="L11-0" NvrExecPrefix="com.OriginalFiles.MI.java" OnceExecutedId="L11-1" OnceExecutedPrefix="com.OriginalFiles.MI.java" OptBodyExec="true">
<StmntSeq Intrnl_Id="1200">
<LocList>
<Loc EndOffset="10260" SrcFileId="4" StartOffset="8466"/>
</LocList>
<CondStmnt CovItemId="S116" CovItemPrefix="com.OriginalFiles.MI.java" Intrnl_Id="1201">
<Branch CovItemId="B41" CovItemPrefix="com.OriginalFiles.MI.java" Implct="false" Intrnl_Id="1202">
<Cond/>
<LocList>
<Loc EndOffset="10260" SrcFileId="4" StartOffset="8488"/>
</LocList>
<StmntSeq Intrnl_Id="1203">
<LocList>
<Loc EndOffset="10241" SrcFileId="4" StartOffset="8511"/>
</LocList>
<CondStmnt CovItemId="S117" CovItemPrefix="com.OriginalFiles.MI.java" Intrnl_Id="1204">
<Branch CovItemId="B43" CovItemPrefix="com.OriginalFiles.MI.java" Implct="false" Intrnl_Id="1205">
<Cond/>
<LocList>
<Loc EndOffset="10241" SrcFileId="4" StartOffset="8679"/>
</LocList>
<StmntSeq Intrnl_Id="1206">
<LocList>
<Loc EndOffset="10218" SrcFileId="4" StartOffset="8739"/>
</LocList>
<CondStmnt CovItemId="S118" CovItemPrefix="com.OriginalFiles.MI.java" Intrnl_Id="1207">
<Branch CovItemId="B45" CovItemPrefix="com.OriginalFiles.MI.java" Implct="false" Intrnl_Id="1208">
<Cond/>
<LocList>
<Loc EndOffset="9518" SrcFileId="4" StartOffset="8776"/>
</LocList>
<StmntSeq Intrnl_Id="1209">
<LocList>
<Loc EndOffset="9119" SrcFileId="4" StartOffset="8807"/>
<Loc EndOffset="9491" SrcFileId="4" StartOffset="9151"/>
</LocList>
<BasicStmnt CovItemId="S119" CovItemPrefix="com.OriginalFiles.MI.java" Intrnl_Id="1210">
<LocList>
<Loc EndOffset="9119" SrcFileId="4" StartOffset="8807"/>
</LocList>
</BasicStmnt>
<LoopStmnt CovItemId="S120" CovItemPrefix="com.OriginalFiles.MI.java" Intrnl_Id="1211" MltplExecId="L12-2" MltplExecPrefix="com.OriginalFiles.MI.java" NvrExecId="L12-0" NvrExecPrefix="com.OriginalFiles.MI.java" OnceExecutedId="L12-1" OnceExecutedPrefix="com.OriginalFiles.MI.java" OptBodyExec="true">
<StmntSeq Intrnl_Id="1212">
<LocList>
<Loc EndOffset="9460" SrcFileId="4" StartOffset="9232"/>
</LocList>
<CondStmnt CovItemId="S121" CovItemPrefix="com.OriginalFiles.MI.java" Intrnl_Id="1213">
<Branch CovItemId="B47" CovItemPrefix="com.OriginalFiles.MI.java" Implct="false" Intrnl_Id="1214">
<Cond/>
<LocList>
<Loc EndOffset="9460" SrcFileId="4" StartOffset="9263"/>
</LocList>
<StmntSeq Intrnl_Id="1215">
<LocList>
<Loc EndOffset="9425" SrcFileId="4" StartOffset="9302"/>
</LocList>
<BasicStmnt CovItemId="S122" CovItemPrefix="com.OriginalFiles.MI.java" Intrnl_Id="1216">
<LocList>
<Loc EndOffset="9425" SrcFileId="4" StartOffset="9302"/>
</LocList>
</BasicStmnt>
</StmntSeq>
</Branch>
<Branch CovItemId="B48" CovItemPrefix="com.OriginalFiles.MI.java" Implct="true" Intrnl_Id="1217">
<Cond/>
<LocList/>
<StmntSeq Intrnl_Id="1218">
<LocList/>
</StmntSeq>
</Branch>
<Keyword EndOffset="9234" SrcFileId="4" StartOffset="9232"/>
<LocList>
<Loc EndOffset="9460" SrcFileId="4" StartOffset="9232"/>
</LocList>
<RootTerm CovItemId="C27" CovItemPrefix="com.OriginalFiles.MI.java" Intrnl_Id="1219">
<BasicBoolTerm Intrnl_Id="1220">
<LocList>
<Loc EndOffset="9261" SrcFileId="4" StartOffset="9236"/>
</LocList>
</BasicBoolTerm>
</RootTerm>
</CondStmnt>
</StmntSeq>
<Keyword EndOffset="9154" SrcFileId="4" StartOffset="9151"/>
<LocList>
<Loc EndOffset="9491" SrcFileId="4" StartOffset="9151"/>
</LocList>
</LoopStmnt>
</StmntSeq>
</Branch>
<Branch CovItemId="B46" CovItemPrefix="com.OriginalFiles.MI.java" Implct="false" Intrnl_Id="1221">
<Cond>
<Loc EndOffset="9523" SrcFileId="4" StartOffset="9519"/>
</Cond>
<LocList>
<Loc EndOffset="10218" SrcFileId="4" StartOffset="9524"/>
</LocList>
<StmntSeq Intrnl_Id="1222">
<LocList>
<Loc EndOffset="9726" SrcFileId="4" StartOffset="9565"/>
<Loc EndOffset="10191" SrcFileId="4" StartOffset="9800"/>
</LocList>
<BasicStmnt CovItemId="S123" CovItemPrefix="com.OriginalFiles.MI.java" Intrnl_Id="1223">
<LocList>
<Loc EndOffset="9726" SrcFileId="4" StartOffset="9565"/>
</LocList>
</BasicStmnt>
<CondStmnt CovItemId="S124" CovItemPrefix="com.OriginalFiles.MI.java" Intrnl_Id="1224">
<Branch CovItemId="B49" CovItemPrefix="com.OriginalFiles.MI.java" Implct="false" Intrnl_Id="1225">
<Cond/>
<LocList>
<Loc EndOffset="10191" SrcFileId="4" StartOffset="9830"/>
</LocList>
<StmntSeq Intrnl_Id="1226">
<LocList>
<Loc EndOffset="10160" SrcFileId="4" StartOffset="9865"/>
</LocList>
<LoopStmnt CovItemId="S125" CovItemPrefix="com.OriginalFiles.MI.java" Intrnl_Id="1227" MltplExecId="L13-2" MltplExecPrefix="com.OriginalFiles.MI.java" NvrExecId="L13-0" NvrExecPrefix="com.OriginalFiles.MI.java" OnceExecutedId="L13-1" OnceExecutedPrefix="com.OriginalFiles.MI.java" OptBodyExec="true">
<StmntSeq Intrnl_Id="1228">
<LocList>
<Loc EndOffset="10063" SrcFileId="4" StartOffset="9941"/>
<Loc EndOffset="10125" SrcFileId="4" StartOffset="10101"/>
</LocList>
<BasicStmnt CovItemId="S126" CovItemPrefix="com.OriginalFiles.MI.java" Intrnl_Id="1229">
<LocList>
<Loc EndOffset="10063" SrcFileId="4" StartOffset="9941"/>
</LocList>
</BasicStmnt>
<BasicStmnt CovItemId="S127" CovItemPrefix="com.OriginalFiles.MI.java" Intrnl_Id="1230">
<LocList>
<Loc EndOffset="10125" SrcFileId="4" StartOffset="10101"/>
</LocList>
</BasicStmnt>
</StmntSeq>
<Keyword EndOffset="9868" SrcFileId="4" StartOffset="9865"/>
<LocList>
<Loc EndOffset="10160" SrcFileId="4" StartOffset="9865"/>
</LocList>
</LoopStmnt>
</StmntSeq>
</Branch>
<Branch CovItemId="B50" CovItemPrefix="com.OriginalFiles.MI.java" Implct="true" Intrnl_Id="1231">
<Cond/>
<LocList/>
<StmntSeq Intrnl_Id="1232">
<LocList/>
</StmntSeq>
</Branch>
<Keyword EndOffset="9802" SrcFileId="4" StartOffset="9800"/>
<LocList>
<Loc EndOffset="10191" SrcFileId="4" StartOffset="9800"/>
</LocList>
<RootTerm CovItemId="C28" CovItemPrefix="com.OriginalFiles.MI.java" Intrnl_Id="1233">
<OpTerm BooleanOpId="9" Intrnl_Id="1234">
<BasicBoolTerm Intrnl_Id="1235">
<LocList>
<Loc EndOffset="9828" SrcFileId="4" StartOffset="9805"/>
</LocList>
</BasicBoolTerm>
<LocList>
<Loc EndOffset="9805" SrcFileId="4" StartOffset="9804"/>
</LocList>
</OpTerm>
</RootTerm>
</CondStmnt>
</StmntSeq>
</Branch>
<Keyword EndOffset="8741" SrcFileId="4" StartOffset="8739"/>
<LocList>
<Loc EndOffset="10218" SrcFileId="4" StartOffset="8739"/>
</LocList>
<RootTerm CovItemId="C26" CovItemPrefix="com.OriginalFiles.MI.java" Intrnl_Id="1236">
<BasicBoolTerm Intrnl_Id="1237">
<LocList>
<Loc EndOffset="8774" SrcFileId="4" StartOffset="8743"/>
</LocList>
</BasicBoolTerm>
</RootTerm>
</CondStmnt>
</StmntSeq>
</Branch>
<Branch CovItemId="B44" CovItemPrefix="com.OriginalFiles.MI.java" Implct="true" Intrnl_Id="1238">
<Cond/>
<LocList/>
<StmntSeq Intrnl_Id="1239">
<LocList/>
</StmntSeq>
</Branch>
<Keyword EndOffset="8513" SrcFileId="4" StartOffset="8511"/>
<LocList>
<Loc EndOffset="10241" SrcFileId="4" StartOffset="8511"/>
</LocList>
<RootTerm CovItemId="C25" CovItemPrefix="com.OriginalFiles.MI.java" Intrnl_Id="1240">
<OpTerm BooleanOpId="10" Intrnl_Id="1241">
<BasicBoolTerm Intrnl_Id="1242">
<LocList>
<Loc EndOffset="8549" SrcFileId="4" StartOffset="8515"/>
</LocList>
</BasicBoolTerm>
<BasicBoolTerm Intrnl_Id="1243">
<LocList>
<Loc EndOffset="8677" SrcFileId="4" StartOffset="8582"/>
</LocList>
</BasicBoolTerm>
<LocList>
<Loc EndOffset="8581" SrcFileId="4" StartOffset="8579"/>
</LocList>
</OpTerm>
</RootTerm>
</CondStmnt>
</StmntSeq>
</Branch>
<Branch CovItemId="B42" CovItemPrefix="com.OriginalFiles.MI.java" Implct="true" Intrnl_Id="1244">
<Cond/>
<LocList/>
<StmntSeq Intrnl_Id="1245">
<LocList/>
</StmntSeq>
</Branch>
<Keyword EndOffset="8468" SrcFileId="4" StartOffset="8466"/>
<LocList>
<Loc EndOffset="10260" SrcFileId="4" StartOffset="8466"/>
</LocList>
<RootTerm CovItemId="C24" CovItemPrefix="com.OriginalFiles.MI.java" Intrnl_Id="1246">
<OpTerm BooleanOpId="9" Intrnl_Id="1247">
<BasicBoolTerm Intrnl_Id="1248">
<LocList>
<Loc EndOffset="8486" SrcFileId="4" StartOffset="8471"/>
</LocList>
</BasicBoolTerm>
<LocList>
<Loc EndOffset="8471" SrcFileId="4" StartOffset="8470"/>
</LocList>
</OpTerm>
</RootTerm>
</CondStmnt>
</StmntSeq>
<Keyword EndOffset="8428" SrcFileId="4" StartOffset="8425"/>
<LocList>
<Loc EndOffset="10275" SrcFileId="4" StartOffset="8425"/>
</LocList>
</LoopStmnt>
</StmntSeq>
<Keyword EndOffset="8363" SrcFileId="4" StartOffset="8360"/>
<LocList>
<Loc EndOffset="10286" SrcFileId="4" StartOffset="8360"/>
</LocList>
</LoopStmnt>
<CondStmnt CovItemId="S128" CovItemPrefix="com.OriginalFiles.MI.java" Intrnl_Id="1249">
<Branch CovItemId="B51" CovItemPrefix="com.OriginalFiles.MI.java" Implct="false" Intrnl_Id="1250">
<Cond/>
<LocList>
<Loc EndOffset="10376" SrcFileId="4" StartOffset="10329"/>
</LocList>
<StmntSeq Intrnl_Id="1251">
<LocList>
<Loc EndOffset="10365" SrcFileId="4" StartOffset="10344"/>
</LocList>
<BasicStmnt CovItemId="S129" CovItemPrefix="com.OriginalFiles.MI.java" Intrnl_Id="1252">
<LocList>
<Loc EndOffset="10365" SrcFileId="4" StartOffset="10344"/>
</LocList>
</BasicStmnt>
</StmntSeq>
</Branch>
<Branch CovItemId="B52" CovItemPrefix="com.OriginalFiles.MI.java" Implct="false" Intrnl_Id="1253">
<Cond>
<Loc EndOffset="10381" SrcFileId="4" StartOffset="10377"/>
</Cond>
<LocList>
<Loc EndOffset="10425" SrcFileId="4" StartOffset="10382"/>
</LocList>
<StmntSeq Intrnl_Id="1254">
<LocList>
<Loc EndOffset="10414" SrcFileId="4" StartOffset="10397"/>
</LocList>
<BasicStmnt CovItemId="S130" CovItemPrefix="com.OriginalFiles.MI.java" Intrnl_Id="1255">
<LocList>
<Loc EndOffset="10414" SrcFileId="4" StartOffset="10397"/>
</LocList>
</BasicStmnt>
</StmntSeq>
</Branch>
<Keyword EndOffset="10300" SrcFileId="4" StartOffset="10298"/>
<LocList>
<Loc EndOffset="10425" SrcFileId="4" StartOffset="10298"/>
</LocList>
<RootTerm CovItemId="C29" CovItemPrefix="com.OriginalFiles.MI.java" Intrnl_Id="1256">
<BasicBoolTerm Intrnl_Id="1257">
<LocList>
<Loc EndOffset="10327" SrcFileId="4" StartOffset="10302"/>
</LocList>
</BasicBoolTerm>
</RootTerm>
</CondStmnt>
</StmntSeq>
</HierarchyLvl>
</HierarchyLvl>
<HierarchyLvl HierarchyLvlId="690" HierarchyLvlTypeId="13" Intrnl_Id="1258" Name="Field">
<Header>
<Loc EndOffset="48" SrcFileId="5" StartOffset="30"/>
</Header>
<LocList>
<Loc EndOffset="1380" SrcFileId="5" StartOffset="30"/>
</LocList>
<StmntSeq Intrnl_Id="1259">
<LocList>
<Loc EndOffset="202" SrcFileId="5" StartOffset="171"/>
<Loc EndOffset="280" SrcFileId="5" StartOffset="246"/>
</LocList>
<BasicStmnt CovItemId="S1" CovItemPrefix="com.OriginalFiles.Field.java" Intrnl_Id="1260">
<LocList>
<Loc EndOffset="202" SrcFileId="5" StartOffset="171"/>
</LocList>
</BasicStmnt>
<BasicStmnt CovItemId="S2" CovItemPrefix="com.OriginalFiles.Field.java" Intrnl_Id="1261">
<LocList>
<Loc EndOffset="280" SrcFileId="5" StartOffset="246"/>
</LocList>
</BasicStmnt>
</StmntSeq>
<HierarchyLvl HierarchyLvlId="683" HierarchyLvlTypeId="14" Intrnl_Id="1262" Name="Field">
<Header>
<Loc EndOffset="300" SrcFileId="5" StartOffset="286"/>
</Header>
<LocList>
<Loc EndOffset="304" SrcFileId="5" StartOffset="286"/>
</LocList>
</HierarchyLvl>
<HierarchyLvl HierarchyLvlId="684" HierarchyLvlTypeId="14" Intrnl_Id="1263" Name="Field">
<Header>
<Loc EndOffset="347" SrcFileId="5" StartOffset="311"/>
</Header>
<LocList>
<Loc EndOffset="398" SrcFileId="5" StartOffset="311"/>
</LocList>
<StmntSeq Intrnl_Id="1264">
<LocList>
<Loc EndOffset="370" SrcFileId="5" StartOffset="359"/>
<Loc EndOffset="391" SrcFileId="5" StartOffset="380"/>
</LocList>
<BasicStmnt CovItemId="S3" CovItemPrefix="com.OriginalFiles.Field.java" Intrnl_Id="1265">
<LocList>
<Loc EndOffset="370" SrcFileId="5" StartOffset="359"/>
</LocList>
</BasicStmnt>
<BasicStmnt CovItemId="S4" CovItemPrefix="com.OriginalFiles.Field.java" Intrnl_Id="1266">
<LocList>
<Loc EndOffset="391" SrcFileId="5" StartOffset="380"/>
</LocList>
</BasicStmnt>
</StmntSeq>
</HierarchyLvl>
<HierarchyLvl HierarchyLvlId="685" HierarchyLvlTypeId="14" Intrnl_Id="1267" Name="setPieceOnField">
<Header>
<Loc EndOffset="589" SrcFileId="5" StartOffset="538"/>
</Header>
<LocList>
<Loc EndOffset="711" SrcFileId="5" StartOffset="538"/>
</LocList>
<StmntSeq Intrnl_Id="1268">
<LocList>
<Loc EndOffset="627" SrcFileId="5" StartOffset="601"/>
<Loc EndOffset="704" SrcFileId="5" StartOffset="637"/>
</LocList>
<BasicStmnt CovItemId="S5" CovItemPrefix="com.OriginalFiles.Field.java" Intrnl_Id="1269">
<LocList>
<Loc EndOffset="627" SrcFileId="5" StartOffset="601"/>
</LocList>
</BasicStmnt>
<CondStmnt CovItemId="S6" CovItemPrefix="com.OriginalFiles.Field.java" Intrnl_Id="1270">
<Branch CovItemId="B1" CovItemPrefix="com.OriginalFiles.Field.java" Implct="false" Intrnl_Id="1271">
<Cond/>
<LocList>
<Loc EndOffset="704" SrcFileId="5" StartOffset="653"/>
</LocList>
<StmntSeq Intrnl_Id="1272">
<LocList>
<Loc EndOffset="693" SrcFileId="5" StartOffset="668"/>
</LocList>
<BasicStmnt CovItemId="S7" CovItemPrefix="com.OriginalFiles.Field.java" Intrnl_Id="1273">
<LocList>
<Loc EndOffset="693" SrcFileId="5" StartOffset="668"/>
</LocList>
</BasicStmnt>
</StmntSeq>
</Branch>
<Branch CovItemId="B2" CovItemPrefix="com.OriginalFiles.Field.java" Implct="true" Intrnl_Id="1274">
<Cond/>
<LocList/>
<StmntSeq Intrnl_Id="1275">
<LocList/>
</StmntSeq>
</Branch>
<Keyword EndOffset="639" SrcFileId="5" StartOffset="637"/>
<LocList>
<Loc EndOffset="704" SrcFileId="5" StartOffset="637"/>
</LocList>
<RootTerm CovItemId="C1" CovItemPrefix="com.OriginalFiles.Field.java" Intrnl_Id="1276">
<OpTerm BooleanOpId="9" Intrnl_Id="1277">
<BasicBoolTerm Intrnl_Id="1278">
<LocList>
<Loc EndOffset="651" SrcFileId="5" StartOffset="642"/>
</LocList>
</BasicBoolTerm>
<LocList>
<Loc EndOffset="642" SrcFileId="5" StartOffset="641"/>
</LocList>
</OpTerm>
</RootTerm>
</CondStmnt>
</StmntSeq>
</HierarchyLvl>
<HierarchyLvl HierarchyLvlId="686" HierarchyLvlTypeId="14" Intrnl_Id="1279" Name="getPieceOnField">
<Header>
<Loc EndOffset="755" SrcFileId="5" StartOffset="719"/>
</Header>
<LocList>
<Loc EndOffset="794" SrcFileId="5" StartOffset="719"/>
</LocList>
<StmntSeq Intrnl_Id="1280">
<LocList>
<Loc EndOffset="787" SrcFileId="5" StartOffset="767"/>
</LocList>
<BasicStmnt CovItemId="S8" CovItemPrefix="com.OriginalFiles.Field.java" Intrnl_Id="1281">
<LocList>
<Loc EndOffset="787" SrcFileId="5" StartOffset="767"/>
</LocList>
</BasicStmnt>
</StmntSeq>
</HierarchyLvl>
<HierarchyLvl HierarchyLvlId="687" HierarchyLvlTypeId="14" Intrnl_Id="1282" Name="isEmpty">
<Header>
<Loc EndOffset="888" SrcFileId="5" StartOffset="858"/>
</Header>
<LocList>
<Loc EndOffset="937" SrcFileId="5" StartOffset="858"/>
</LocList>
<StmntSeq Intrnl_Id="1283">
<LocList>
<Loc EndOffset="930" SrcFileId="5" StartOffset="900"/>
</LocList>
<BasicStmnt CovItemId="S9" CovItemPrefix="com.OriginalFiles.Field.java" Intrnl_Id="1284">
<LocList>
<Loc EndOffset="930" SrcFileId="5" StartOffset="900"/>
</LocList>
</BasicStmnt>
</StmntSeq>
</HierarchyLvl>
<HierarchyLvl HierarchyLvlId="688" HierarchyLvlTypeId="14" Intrnl_Id="1285" Name="isPieceOfColor">
<Header>
<Loc EndOffset="1090" SrcFileId="5" StartOffset="1043"/>
</Header>
<LocList>
<Loc EndOffset="1232" SrcFileId="5" StartOffset="1043"/>
</LocList>
<StmntSeq Intrnl_Id="1286">
<LocList>
<Loc EndOffset="1225" SrcFileId="5" StartOffset="1102"/>
</LocList>
<CondStmnt CovItemId="S10" CovItemPrefix="com.OriginalFiles.Field.java" Intrnl_Id="1287">
<Branch CovItemId="B3" CovItemPrefix="com.OriginalFiles.Field.java" Implct="false" Intrnl_Id="1288">
<Cond/>
<LocList>
<Loc EndOffset="1156" SrcFileId="5" StartOffset="1117"/>
</LocList>
<StmntSeq Intrnl_Id="1289">
<LocList>
<Loc EndOffset="1145" SrcFileId="5" StartOffset="1132"/>
</LocList>
<BasicStmnt CovItemId="S11" CovItemPrefix="com.OriginalFiles.Field.java" Intrnl_Id="1290">
<LocList>
<Loc EndOffset="1145" SrcFileId="5" StartOffset="1132"/>
</LocList>
</BasicStmnt>
</StmntSeq>
</Branch>
<Branch CovItemId="B4" CovItemPrefix="com.OriginalFiles.Field.java" Implct="false" Intrnl_Id="1291">
<Cond>
<Loc EndOffset="1161" SrcFileId="5" StartOffset="1157"/>
</Cond>
<LocList>
<Loc EndOffset="1225" SrcFileId="5" StartOffset="1162"/>
</LocList>
<StmntSeq Intrnl_Id="1292">
<LocList>
<Loc EndOffset="1214" SrcFileId="5" StartOffset="1177"/>
</LocList>
<BasicStmnt CovItemId="S12" CovItemPrefix="com.OriginalFiles.Field.java" Intrnl_Id="1293">
<LocList>
<Loc EndOffset="1214" SrcFileId="5" StartOffset="1177"/>
</LocList>
</BasicStmnt>
</StmntSeq>
</Branch>
<Keyword EndOffset="1104" SrcFileId="5" StartOffset="1102"/>
<LocList>
<Loc EndOffset="1225" SrcFileId="5" StartOffset="1102"/>
</LocList>
<RootTerm CovItemId="C2" CovItemPrefix="com.OriginalFiles.Field.java" Intrnl_Id="1294">
<BasicBoolTerm Intrnl_Id="1295">
<LocList>
<Loc EndOffset="1115" SrcFileId="5" StartOffset="1106"/>
</LocList>
</BasicBoolTerm>
</RootTerm>
</CondStmnt>
</StmntSeq>
</HierarchyLvl>
<HierarchyLvl HierarchyLvlId="689" HierarchyLvlTypeId="14" Intrnl_Id="1296" Name="emptyThisField">
<Header>
<Loc EndOffset="1338" SrcFileId="5" StartOffset="1304"/>
</Header>
<LocList>
<Loc EndOffset="1377" SrcFileId="5" StartOffset="1304"/>
</LocList>
<StmntSeq Intrnl_Id="1297">
<LocList>
<Loc EndOffset="1370" SrcFileId="5" StartOffset="1350"/>
</LocList>
<BasicStmnt CovItemId="S13" CovItemPrefix="com.OriginalFiles.Field.java" Intrnl_Id="1298">
<LocList>
<Loc EndOffset="1370" SrcFileId="5" StartOffset="1350"/>
</LocList>
</BasicStmnt>
</StmntSeq>
</HierarchyLvl>
</HierarchyLvl>
<HierarchyLvl HierarchyLvlId="696" HierarchyLvlTypeId="13" Intrnl_Id="1299" Name="Communication">
<Header>
<Loc EndOffset="56" SrcFileId="6" StartOffset="30"/>
</Header>
<LocList>
<Loc EndOffset="555" SrcFileId="6" StartOffset="30"/>
</LocList>
<HierarchyLvl HierarchyLvlId="691" HierarchyLvlTypeId="14" Intrnl_Id="1300" Name="Communication">
<Header>
<Loc EndOffset="117" SrcFileId="6" StartOffset="66"/>
</Header>
<LocList>
<Loc EndOffset="175" SrcFileId="6" StartOffset="66"/>
</LocList>
</HierarchyLvl>
<HierarchyLvl HierarchyLvlId="692" HierarchyLvlTypeId="14" Intrnl_Id="1301" Name="myKingNotPlaced">
<Header>
<Loc EndOffset="212" SrcFileId="6" StartOffset="183"/>
</Header>
<LocList>
<Loc EndOffset="275" SrcFileId="6" StartOffset="183"/>
</LocList>
</HierarchyLvl>
<HierarchyLvl HierarchyLvlId="693" HierarchyLvlTypeId="14" Intrnl_Id="1302" Name="humanWon">
<Header>
<Loc EndOffset="305" SrcFileId="6" StartOffset="283"/>
</Header>
<LocList>
<Loc EndOffset="368" SrcFileId="6" StartOffset="283"/>
</LocList>
</HierarchyLvl>
<HierarchyLvl HierarchyLvlId="694" HierarchyLvlTypeId="14" Intrnl_Id="1303" Name="robotWon">
<Header>
<Loc EndOffset="398" SrcFileId="6" StartOffset="376"/>
</Header>
<LocList>
<Loc EndOffset="461" SrcFileId="6" StartOffset="376"/>
</LocList>
</HierarchyLvl>
<HierarchyLvl HierarchyLvlId="695" HierarchyLvlTypeId="14" Intrnl_Id="1304" Name="draw">
<Header>
<Loc EndOffset="487" SrcFileId="6" StartOffset="469"/>
</Header>
<LocList>
<Loc EndOffset="550" SrcFileId="6" StartOffset="469"/>
</LocList>
</HierarchyLvl>
</HierarchyLvl>
<HierarchyLvl HierarchyLvlId="722" HierarchyLvlTypeId="13" Intrnl_Id="1305" Name="Board">
<Header>
<Loc EndOffset="170" SrcFileId="7" StartOffset="152"/>
</Header>
<LocList>
<Loc EndOffset="16506" SrcFileId="7" StartOffset="152"/>
</LocList>
<StmntSeq Intrnl_Id="1306">
<LocList>
<Loc EndOffset="223" SrcFileId="7" StartOffset="180"/>
<Loc EndOffset="269" SrcFileId="7" StartOffset="229"/>
<Loc EndOffset="318" SrcFileId="7" StartOffset="275"/>
<Loc EndOffset="370" SrcFileId="7" StartOffset="324"/>
<Loc EndOffset="425" SrcFileId="7" StartOffset="376"/>
</LocList>
<BasicStmnt CovItemId="S1" CovItemPrefix="com.OriginalFiles.Board.java" Intrnl_Id="1307">
<LocList>
<Loc EndOffset="223" SrcFileId="7" StartOffset="180"/>
</LocList>
</BasicStmnt>
<BasicStmnt CovItemId="S2" CovItemPrefix="com.OriginalFiles.Board.java" Intrnl_Id="1308">
<LocList>
<Loc EndOffset="269" SrcFileId="7" StartOffset="229"/>
</LocList>
</BasicStmnt>
<BasicStmnt CovItemId="S3" CovItemPrefix="com.OriginalFiles.Board.java" Intrnl_Id="1309">
<LocList>
<Loc EndOffset="318" SrcFileId="7" StartOffset="275"/>
</LocList>
</BasicStmnt>
<BasicStmnt CovItemId="S4" CovItemPrefix="com.OriginalFiles.Board.java" Intrnl_Id="1310">
<LocList>
<Loc EndOffset="370" SrcFileId="7" StartOffset="324"/>
</LocList>
</BasicStmnt>
<BasicStmnt CovItemId="S5" CovItemPrefix="com.OriginalFiles.Board.java" Intrnl_Id="1311">
<LocList>
<Loc EndOffset="425" SrcFileId="7" StartOffset="376"/>
</LocList>
</BasicStmnt>
</StmntSeq>
<HierarchyLvl HierarchyLvlId="697" HierarchyLvlTypeId="14" Intrnl_Id="1312" Name="Board">
<Header>
<Loc EndOffset="688" SrcFileId="7" StartOffset="591"/>
</Header>
<LocList>
<Loc EndOffset="3729" SrcFileId="7" StartOffset="591"/>
</LocList>
<StmntSeq Intrnl_Id="1313">
<LocList>
<Loc EndOffset="741" SrcFileId="7" StartOffset="700"/>
<Loc EndOffset="800" SrcFileId="7" StartOffset="751"/>
<Loc EndOffset="842" SrcFileId="7" StartOffset="810"/>
<Loc EndOffset="873" SrcFileId="7" StartOffset="852"/>
<Loc EndOffset="2342" SrcFileId="7" StartOffset="944"/>
<Loc EndOffset="2829" SrcFileId="7" StartOffset="2480"/>
<Loc EndOffset="3184" SrcFileId="7" StartOffset="2839"/>
<Loc EndOffset="3461" SrcFileId="7" StartOffset="3215"/>
<Loc EndOffset="3722" SrcFileId="7" StartOffset="3473"/>
</LocList>
<BasicStmnt CovItemId="S6" CovItemPrefix="com.OriginalFiles.Board.java" Intrnl_Id="1314">
<LocList>
<Loc EndOffset="741" SrcFileId="7" StartOffset="700"/>
</LocList>
</BasicStmnt>
<BasicStmnt CovItemId="S7" CovItemPrefix="com.OriginalFiles.Board.java" Intrnl_Id="1315">
<LocList>
<Loc EndOffset="800" SrcFileId="7" StartOffset="751"/>
</LocList>
</BasicStmnt>
<BasicStmnt CovItemId="S8" CovItemPrefix="com.OriginalFiles.Board.java" Intrnl_Id="1316">
<LocList>
<Loc EndOffset="842" SrcFileId="7" StartOffset="810"/>
</LocList>
</BasicStmnt>
<BasicStmnt CovItemId="S9" CovItemPrefix="com.OriginalFiles.Board.java" Intrnl_Id="1317">
<LocList>
<Loc EndOffset="873" SrcFileId="7" StartOffset="852"/>
</LocList>
</BasicStmnt>
<LoopStmnt CovItemId="S10" CovItemPrefix="com.OriginalFiles.Board.java" Intrnl_Id="1318" MltplExecId="L1-2" MltplExecPrefix="com.OriginalFiles.Board.java" NvrExecId="L1-0" NvrExecPrefix="com.OriginalFiles.Board.java" OnceExecutedId="L1-1" OnceExecutedPrefix="com.OriginalFiles.Board.java" OptBodyExec="true">
<StmntSeq Intrnl_Id="1319">
<LocList>
<Loc EndOffset="2331" SrcFileId="7" StartOffset="983"/>
</LocList>
<LoopStmnt CovItemId="S11" CovItemPrefix="com.OriginalFiles.Board.java" Intrnl_Id="1320" MltplExecId="L2-2" MltplExecPrefix="com.OriginalFiles.Board.java" NvrExecId="L2-0" NvrExecPrefix="com.OriginalFiles.Board.java" OnceExecutedId="L2-1" OnceExecutedPrefix="com.OriginalFiles.Board.java" OptBodyExec="true">
<StmntSeq Intrnl_Id="1321">
<LocList>
<Loc EndOffset="1051" SrcFileId="7" StartOffset="1026"/>
<Loc EndOffset="1080" SrcFileId="7" StartOffset="1069"/>
<Loc EndOffset="1109" SrcFileId="7" StartOffset="1098"/>
<Loc EndOffset="2277" SrcFileId="7" StartOffset="1234"/>
<Loc EndOffset="2316" SrcFileId="7" StartOffset="2295"/>
</LocList>
<BasicStmnt CovItemId="S12" CovItemPrefix="com.OriginalFiles.Board.java" Intrnl_Id="1322">
<LocList>
<Loc EndOffset="1051" SrcFileId="7" StartOffset="1026"/>
</LocList>
</BasicStmnt>
<BasicStmnt CovItemId="S13" CovItemPrefix="com.OriginalFiles.Board.java" Intrnl_Id="1323">
<LocList>
<Loc EndOffset="1080" SrcFileId="7" StartOffset="1069"/>
</LocList>
</BasicStmnt>
<BasicStmnt CovItemId="S14" CovItemPrefix="com.OriginalFiles.Board.java" Intrnl_Id="1324">
<LocList>
<Loc EndOffset="1109" SrcFileId="7" StartOffset="1098"/>
</LocList>
</BasicStmnt>
<CondStmnt CovItemId="S15" CovItemPrefix="com.OriginalFiles.Board.java" Intrnl_Id="1325">
<Branch CovItemId="B1" CovItemPrefix="com.OriginalFiles.Board.java" Implct="false" Intrnl_Id="1326">
<Cond/>
<LocList>
<Loc EndOffset="2203" SrcFileId="7" StartOffset="1256"/>
</LocList>
<StmntSeq Intrnl_Id="1327">
<LocList>
<Loc EndOffset="1304" SrcFileId="7" StartOffset="1279"/>
<Loc EndOffset="1352" SrcFileId="7" StartOffset="1326"/>
<Loc EndOffset="1783" SrcFileId="7" StartOffset="1374"/>
<Loc EndOffset="2127" SrcFileId="7" StartOffset="1840"/>
<Loc EndOffset="2184" SrcFileId="7" StartOffset="2149"/>
</LocList>
<BasicStmnt CovItemId="S16" CovItemPrefix="com.OriginalFiles.Board.java" Intrnl_Id="1328">
<LocList>
<Loc EndOffset="1304" SrcFileId="7" StartOffset="1279"/>
</LocList>
</BasicStmnt>
<BasicStmnt CovItemId="S17" CovItemPrefix="com.OriginalFiles.Board.java" Intrnl_Id="1329">
<LocList>
<Loc EndOffset="1352" SrcFileId="7" StartOffset="1326"/>
</LocList>
</BasicStmnt>
<CondStmnt CovItemId="S18" CovItemPrefix="com.OriginalFiles.Board.java" Intrnl_Id="1330">
<Branch CovItemId="B3" CovItemPrefix="com.OriginalFiles.Board.java" Implct="false" Intrnl_Id="1331">
<Cond/>
<LocList>
<Loc EndOffset="1783" SrcFileId="7" StartOffset="1385"/>
</LocList>
<StmntSeq Intrnl_Id="1332">
<LocList>
<Loc EndOffset="1443" SrcFileId="7" StartOffset="1412"/>
<Loc EndOffset="1505" SrcFileId="7" StartOffset="1469"/>
<Loc EndOffset="1760" SrcFileId="7" StartOffset="1659"/>
</LocList>
<BasicStmnt CovItemId="S19" CovItemPrefix="com.OriginalFiles.Board.java" Intrnl_Id="1333">
<LocList>
<Loc EndOffset="1443" SrcFileId="7" StartOffset="1412"/>
</LocList>
</BasicStmnt>
<BasicStmnt CovItemId="S20" CovItemPrefix="com.OriginalFiles.Board.java" Intrnl_Id="1334">
<LocList>
<Loc EndOffset="1505" SrcFileId="7" StartOffset="1469"/>
</LocList>
</BasicStmnt>
<CondStmnt CovItemId="S21" CovItemPrefix="com.OriginalFiles.Board.java" Intrnl_Id="1335">
<Branch CovItemId="B5" CovItemPrefix="com.OriginalFiles.Board.java" Implct="false" Intrnl_Id="1336">
<Cond/>
<LocList>
<Loc EndOffset="1760" SrcFileId="7" StartOffset="1671"/>
</LocList>
<StmntSeq Intrnl_Id="1337">
<LocList>
<Loc EndOffset="1733" SrcFileId="7" StartOffset="1702"/>
</LocList>
<BasicStmnt CovItemId="S22" CovItemPrefix="com.OriginalFiles.Board.java" Intrnl_Id="1338">
<LocList>
<Loc EndOffset="1733" SrcFileId="7" StartOffset="1702"/>
</LocList>
</BasicStmnt>
</StmntSeq>
</Branch>
<Branch CovItemId="B6" CovItemPrefix="com.OriginalFiles.Board.java" Implct="true" Intrnl_Id="1339">
<Cond/>
<LocList/>
<StmntSeq Intrnl_Id="1340">
<LocList/>
</StmntSeq>
</Branch>
<Keyword EndOffset="1661" SrcFileId="7" StartOffset="1659"/>
<LocList>
<Loc EndOffset="1760" SrcFileId="7" StartOffset="1659"/>
</LocList>
<RootTerm CovItemId="C5" CovItemPrefix="com.OriginalFiles.Board.java" Intrnl_Id="1341">
<BasicBoolTerm Intrnl_Id="1342">
<LocList>
<Loc EndOffset="1669" SrcFileId="7" StartOffset="1663"/>
</LocList>
</BasicBoolTerm>
</RootTerm>
</CondStmnt>
</StmntSeq>
</Branch>
<Branch CovItemId="B4" CovItemPrefix="com.OriginalFiles.Board.java" Implct="true" Intrnl_Id="1343">
<Cond/>
<LocList/>
<StmntSeq Intrnl_Id="1344">
<LocList/>
</StmntSeq>
</Branch>
<Keyword EndOffset="1376" SrcFileId="7" StartOffset="1374"/>
<LocList>
<Loc EndOffset="1783" SrcFileId="7" StartOffset="1374"/>
</LocList>
<RootTerm CovItemId="C4" CovItemPrefix="com.OriginalFiles.Board.java" Intrnl_Id="1345">
<BasicBoolTerm Intrnl_Id="1346">
<LocList>
<Loc EndOffset="1383" SrcFileId="7" StartOffset="1378"/>
</LocList>
</BasicBoolTerm>
</RootTerm>
</CondStmnt>
<CondStmnt CovItemId="S23" CovItemPrefix="com.OriginalFiles.Board.java" Intrnl_Id="1347">
<Branch CovItemId="B7" CovItemPrefix="com.OriginalFiles.Board.java" Implct="false" Intrnl_Id="1348">
<Cond/>
<LocList>
<Loc EndOffset="2127" SrcFileId="7" StartOffset="1851"/>
</LocList>
<StmntSeq Intrnl_Id="1349">
<LocList>
<Loc EndOffset="1909" SrcFileId="7" StartOffset="1878"/>
<Loc EndOffset="1977" SrcFileId="7" StartOffset="1935"/>
<Loc EndOffset="2104" SrcFileId="7" StartOffset="2003"/>
</LocList>
<BasicStmnt CovItemId="S24" CovItemPrefix="com.OriginalFiles.Board.java" Intrnl_Id="1350">
<LocList>
<Loc EndOffset="1909" SrcFileId="7" StartOffset="1878"/>
</LocList>
</BasicStmnt>
<BasicStmnt CovItemId="S25" CovItemPrefix="com.OriginalFiles.Board.java" Intrnl_Id="1351">
<LocList>
<Loc EndOffset="1977" SrcFileId="7" StartOffset="1935"/>
</LocList>
</BasicStmnt>
<CondStmnt CovItemId="S26" CovItemPrefix="com.OriginalFiles.Board.java" Intrnl_Id="1352">
<Branch CovItemId="B9" CovItemPrefix="com.OriginalFiles.Board.java" Implct="false" Intrnl_Id="1353">
<Cond/>
<LocList>
<Loc EndOffset="2104" SrcFileId="7" StartOffset="2015"/>
</LocList>
<StmntSeq Intrnl_Id="1354">
<LocList>
<Loc EndOffset="2077" SrcFileId="7" StartOffset="2046"/>
</LocList>
<BasicStmnt CovItemId="S27" CovItemPrefix="com.OriginalFiles.Board.java" Intrnl_Id="1355">
<LocList>
<Loc EndOffset="2077" SrcFileId="7" StartOffset="2046"/>
</LocList>
</BasicStmnt>
</StmntSeq>
</Branch>
<Branch CovItemId="B10" CovItemPrefix="com.OriginalFiles.Board.java" Implct="true" Intrnl_Id="1356">
<Cond/>
<LocList/>
<StmntSeq Intrnl_Id="1357">
<LocList/>
</StmntSeq>
</Branch>
<Keyword EndOffset="2005" SrcFileId="7" StartOffset="2003"/>
<LocList>
<Loc EndOffset="2104" SrcFileId="7" StartOffset="2003"/>
</LocList>
<RootTerm CovItemId="C7" CovItemPrefix="com.OriginalFiles.Board.java" Intrnl_Id="1358">
<BasicBoolTerm Intrnl_Id="1359">
<LocList>
<Loc EndOffset="2013" SrcFileId="7" StartOffset="2007"/>
</LocList>
</BasicBoolTerm>
</RootTerm>
</CondStmnt>
</StmntSeq>
</Branch>
<Branch CovItemId="B8" CovItemPrefix="com.OriginalFiles.Board.java" Implct="true" Intrnl_Id="1360">
<Cond/>
<LocList/>
<StmntSeq Intrnl_Id="1361">
<LocList/>
</StmntSeq>
</Branch>
<Keyword EndOffset="1842" SrcFileId="7" StartOffset="1840"/>
<LocList>
<Loc EndOffset="2127" SrcFileId="7" StartOffset="1840"/>
</LocList>
<RootTerm CovItemId="C6" CovItemPrefix="com.OriginalFiles.Board.java" Intrnl_Id="1362">
<BasicBoolTerm Intrnl_Id="1363">
<LocList>
<Loc EndOffset="1849" SrcFileId="7" StartOffset="1844"/>
</LocList>
</BasicBoolTerm>
</RootTerm>
</CondStmnt>
<BasicStmnt CovItemId="S28" CovItemPrefix="com.OriginalFiles.Board.java" Intrnl_Id="1364">
<LocList>
<Loc EndOffset="2184" SrcFileId="7" StartOffset="2149"/>
</LocList>
</BasicStmnt>
</StmntSeq>
</Branch>
<Branch CovItemId="B2" CovItemPrefix="com.OriginalFiles.Board.java" Implct="false" Intrnl_Id="1365">
<Cond>
<Loc EndOffset="2208" SrcFileId="7" StartOffset="2204"/>
</Cond>
<LocList>
<Loc EndOffset="2277" SrcFileId="7" StartOffset="2209"/>
</LocList>
<StmntSeq Intrnl_Id="1366">
<LocList>
<Loc EndOffset="2258" SrcFileId="7" StartOffset="2232"/>
</LocList>
<BasicStmnt CovItemId="S29" CovItemPrefix="com.OriginalFiles.Board.java" Intrnl_Id="1367">
<LocList>
<Loc EndOffset="2258" SrcFileId="7" StartOffset="2232"/>
</LocList>
</BasicStmnt>
</StmntSeq>
</Branch>
<Keyword EndOffset="1236" SrcFileId="7" StartOffset="1234"/>
<LocList>
<Loc EndOffset="2277" SrcFileId="7" StartOffset="1234"/>
</LocList>
<RootTerm CovItemId="C3" CovItemPrefix="com.OriginalFiles.Board.java" Intrnl_Id="1368">
<BasicBoolTerm Intrnl_Id="1369">
<LocList>
<Loc EndOffset="1254" SrcFileId="7" StartOffset="1238"/>
</LocList>
</BasicBoolTerm>
</RootTerm>
</CondStmnt>
<BasicStmnt CovItemId="S30" CovItemPrefix="com.OriginalFiles.Board.java" Intrnl_Id="1370">
<LocList>
<Loc EndOffset="2316" SrcFileId="7" StartOffset="2295"/>
</LocList>
</BasicStmnt>
</StmntSeq>
<Keyword EndOffset="986" SrcFileId="7" StartOffset="983"/>
<LocList>
<Loc EndOffset="2331" SrcFileId="7" StartOffset="983"/>
</LocList>
<RootTerm CovItemId="C2" CovItemPrefix="com.OriginalFiles.Board.java" Intrnl_Id="1371">
<BasicBoolTerm Intrnl_Id="1372">
<LocList>
<Loc EndOffset="1000" SrcFileId="7" StartOffset="995"/>
</LocList>
</BasicBoolTerm>
</RootTerm>
</LoopStmnt>
</StmntSeq>
<Keyword EndOffset="947" SrcFileId="7" StartOffset="944"/>
<LocList>
<Loc EndOffset="2342" SrcFileId="7" StartOffset="944"/>
</LocList>
<RootTerm CovItemId="C1" CovItemPrefix="com.OriginalFiles.Board.java" Intrnl_Id="1373">
<BasicBoolTerm Intrnl_Id="1374">
<LocList>
<Loc EndOffset="961" SrcFileId="7" StartOffset="956"/>
</LocList>
</BasicBoolTerm>
</RootTerm>
</LoopStmnt>
<LoopStmnt CovItemId="S31" CovItemPrefix="com.OriginalFiles.Board.java" Intrnl_Id="1375" MltplExecId="L3-2" MltplExecPrefix="com.OriginalFiles.Board.java" NvrExecId="L3-0" NvrExecPrefix="com.OriginalFiles.Board.java" OnceExecutedId="L3-1" OnceExecutedPrefix="com.OriginalFiles.Board.java" OptBodyExec="true">
<StmntSeq Intrnl_Id="1376">
<LocList>
<Loc EndOffset="2548" SrcFileId="7" StartOffset="2523"/>
<Loc EndOffset="2573" SrcFileId="7" StartOffset="2562"/>
<Loc EndOffset="2599" SrcFileId="7" StartOffset="2587"/>
<Loc EndOffset="2647" SrcFileId="7" StartOffset="2613"/>
<Loc EndOffset="2697" SrcFileId="7" StartOffset="2661"/>
<Loc EndOffset="2738" SrcFileId="7" StartOffset="2711"/>
<Loc EndOffset="2784" SrcFileId="7" StartOffset="2752"/>
<Loc EndOffset="2818" SrcFileId="7" StartOffset="2798"/>
</LocList>
<BasicStmnt CovItemId="S32" CovItemPrefix="com.OriginalFiles.Board.java" Intrnl_Id="1377">
<LocList>
<Loc EndOffset="2548" SrcFileId="7" StartOffset="2523"/>
</LocList>
</BasicStmnt>
<BasicStmnt CovItemId="S33" CovItemPrefix="com.OriginalFiles.Board.java" Intrnl_Id="1378">
<LocList>
<Loc EndOffset="2573" SrcFileId="7" StartOffset="2562"/>
</LocList>
</BasicStmnt>
<BasicStmnt CovItemId="S34" CovItemPrefix="com.OriginalFiles.Board.java" Intrnl_Id="1379">
<LocList>
<Loc EndOffset="2599" SrcFileId="7" StartOffset="2587"/>
</LocList>
</BasicStmnt>
<BasicStmnt CovItemId="S35" CovItemPrefix="com.OriginalFiles.Board.java" Intrnl_Id="1380">
<LocList>
<Loc EndOffset="2647" SrcFileId="7" StartOffset="2613"/>
</LocList>
</BasicStmnt>
<BasicStmnt CovItemId="S36" CovItemPrefix="com.OriginalFiles.Board.java" Intrnl_Id="1381">
<LocList>
<Loc EndOffset="2697" SrcFileId="7" StartOffset="2661"/>
</LocList>
</BasicStmnt>
<BasicStmnt CovItemId="S37" CovItemPrefix="com.OriginalFiles.Board.java" Intrnl_Id="1382">
<LocList>
<Loc EndOffset="2738" SrcFileId="7" StartOffset="2711"/>
</LocList>
</BasicStmnt>
<BasicStmnt CovItemId="S38" CovItemPrefix="com.OriginalFiles.Board.java" Intrnl_Id="1383">
<LocList>
<Loc EndOffset="2784" SrcFileId="7" StartOffset="2752"/>
</LocList>
</BasicStmnt>
<BasicStmnt CovItemId="S39" CovItemPrefix="com.OriginalFiles.Board.java" Intrnl_Id="1384">
<LocList>
<Loc EndOffset="2818" SrcFileId="7" StartOffset="2798"/>
</LocList>
</BasicStmnt>
</StmntSeq>
<Keyword EndOffset="2483" SrcFileId="7" StartOffset="2480"/>
<LocList>
<Loc EndOffset="2829" SrcFileId="7" StartOffset="2480"/>
</LocList>
<RootTerm CovItemId="C8" CovItemPrefix="com.OriginalFiles.Board.java" Intrnl_Id="1385">
<BasicBoolTerm Intrnl_Id="1386">
<LocList>
<Loc EndOffset="2501" SrcFileId="7" StartOffset="2496"/>
</LocList>
</BasicBoolTerm>
</RootTerm>
</LoopStmnt>
<LoopStmnt CovItemId="S40" CovItemPrefix="com.OriginalFiles.Board.java" Intrnl_Id="1387" MltplExecId="L4-2" MltplExecPrefix="com.OriginalFiles.Board.java" NvrExecId="L4-0" NvrExecPrefix="com.OriginalFiles.Board.java" OnceExecutedId="L4-1" OnceExecutedPrefix="com.OriginalFiles.Board.java" OptBodyExec="true">
<StmntSeq Intrnl_Id="1388">
<LocList>
<Loc EndOffset="2907" SrcFileId="7" StartOffset="2882"/>
<Loc EndOffset="2932" SrcFileId="7" StartOffset="2921"/>
<Loc EndOffset="2957" SrcFileId="7" StartOffset="2946"/>
<Loc EndOffset="3005" SrcFileId="7" StartOffset="2971"/>
<Loc EndOffset="3049" SrcFileId="7" StartOffset="3019"/>
<Loc EndOffset="3090" SrcFileId="7" StartOffset="3063"/>
<Loc EndOffset="3136" SrcFileId="7" StartOffset="3104"/>
<Loc EndOffset="3173" SrcFileId="7" StartOffset="3150"/>
</LocList>
<BasicStmnt CovItemId="S41" CovItemPrefix="com.OriginalFiles.Board.java" Intrnl_Id="1389">
<LocList>
<Loc EndOffset="2907" SrcFileId="7" StartOffset="2882"/>
</LocList>
</BasicStmnt>
<BasicStmnt CovItemId="S42" CovItemPrefix="com.OriginalFiles.Board.java" Intrnl_Id="1390">
<LocList>
<Loc EndOffset="2932" SrcFileId="7" StartOffset="2921"/>
</LocList>
</BasicStmnt>
<BasicStmnt CovItemId="S43" CovItemPrefix="com.OriginalFiles.Board.java" Intrnl_Id="1391">
<LocList>
<Loc EndOffset="2957" SrcFileId="7" StartOffset="2946"/>
</LocList>
</BasicStmnt>
<BasicStmnt CovItemId="S44" CovItemPrefix="com.OriginalFiles.Board.java" Intrnl_Id="1392">
<LocList>
<Loc EndOffset="3005" SrcFileId="7" StartOffset="2971"/>
</LocList>
</BasicStmnt>
<BasicStmnt CovItemId="S45" CovItemPrefix="com.OriginalFiles.Board.java" Intrnl_Id="1393">
<LocList>
<Loc EndOffset="3049" SrcFileId="7" StartOffset="3019"/>
</LocList>
</BasicStmnt>
<BasicStmnt CovItemId="S46" CovItemPrefix="com.OriginalFiles.Board.java" Intrnl_Id="1394">
<LocList>
<Loc EndOffset="3090" SrcFileId="7" StartOffset="3063"/>
</LocList>
</BasicStmnt>
<BasicStmnt CovItemId="S47" CovItemPrefix="com.OriginalFiles.Board.java" Intrnl_Id="1395">
<LocList>
<Loc EndOffset="3136" SrcFileId="7" StartOffset="3104"/>
</LocList>
</BasicStmnt>
<BasicStmnt CovItemId="S48" CovItemPrefix="com.OriginalFiles.Board.java" Intrnl_Id="1396">
<LocList>
<Loc EndOffset="3173" SrcFileId="7" StartOffset="3150"/>
</LocList>
</BasicStmnt>
</StmntSeq>
<Keyword EndOffset="2842" SrcFileId="7" StartOffset="2839"/>
<LocList>
<Loc EndOffset="3184" SrcFileId="7" StartOffset="2839"/>
</LocList>
<RootTerm CovItemId="C9" CovItemPrefix="com.OriginalFiles.Board.java" Intrnl_Id="1397">
<BasicBoolTerm Intrnl_Id="1398">
<LocList>
<Loc EndOffset="2860" SrcFileId="7" StartOffset="2855"/>
</LocList>
</BasicBoolTerm>
</RootTerm>
</LoopStmnt>
<LoopStmnt CovItemId="S49" CovItemPrefix="com.OriginalFiles.Board.java" Intrnl_Id="1399" MltplExecId="L5-2" MltplExecPrefix="com.OriginalFiles.Board.java" NvrExecId="L5-0" NvrExecPrefix="com.OriginalFiles.Board.java" OnceExecutedId="L5-1" OnceExecutedPrefix="com.OriginalFiles.Board.java" OptBodyExec="true">
<StmntSeq Intrnl_Id="1400">
<LocList>
<Loc EndOffset="3450" SrcFileId="7" StartOffset="3258"/>
</LocList>
<LoopStmnt CovItemId="S50" CovItemPrefix="com.OriginalFiles.Board.java" Intrnl_Id="1401" MltplExecId="L6-2" MltplExecPrefix="com.OriginalFiles.Board.java" NvrExecId="L6-0" NvrExecPrefix="com.OriginalFiles.Board.java" OnceExecutedId="L6-1" OnceExecutedPrefix="com.OriginalFiles.Board.java" OptBodyExec="true">
<StmntSeq Intrnl_Id="1402">
<LocList>
<Loc EndOffset="3330" SrcFileId="7" StartOffset="3305"/>
<Loc EndOffset="3359" SrcFileId="7" StartOffset="3348"/>
<Loc EndOffset="3393" SrcFileId="7" StartOffset="3377"/>
<Loc EndOffset="3435" SrcFileId="7" StartOffset="3411"/>
</LocList>
<BasicStmnt CovItemId="S51" CovItemPrefix="com.OriginalFiles.Board.java" Intrnl_Id="1403">
<LocList>
<Loc EndOffset="3330" SrcFileId="7" StartOffset="3305"/>
</LocList>
</BasicStmnt>
<BasicStmnt CovItemId="S52" CovItemPrefix="com.OriginalFiles.Board.java" Intrnl_Id="1404">
<LocList>
<Loc EndOffset="3359" SrcFileId="7" StartOffset="3348"/>
</LocList>
</BasicStmnt>
<BasicStmnt CovItemId="S53" CovItemPrefix="com.OriginalFiles.Board.java" Intrnl_Id="1405">
<LocList>
<Loc EndOffset="3393" SrcFileId="7" StartOffset="3377"/>
</LocList>
</BasicStmnt>
<BasicStmnt CovItemId="S54" CovItemPrefix="com.OriginalFiles.Board.java" Intrnl_Id="1406">
<LocList>
<Loc EndOffset="3435" SrcFileId="7" StartOffset="3411"/>
</LocList>
</BasicStmnt>
</StmntSeq>
<Keyword EndOffset="3261" SrcFileId="7" StartOffset="3258"/>
<LocList>
<Loc EndOffset="3450" SrcFileId="7" StartOffset="3258"/>
</LocList>
<RootTerm CovItemId="C11" CovItemPrefix="com.OriginalFiles.Board.java" Intrnl_Id="1407">
<BasicBoolTerm Intrnl_Id="1408">
<LocList>
<Loc EndOffset="3279" SrcFileId="7" StartOffset="3274"/>
</LocList>
</BasicBoolTerm>
</RootTerm>
</LoopStmnt>
</StmntSeq>
<Keyword EndOffset="3218" SrcFileId="7" StartOffset="3215"/>
<LocList>
<Loc EndOffset="3461" SrcFileId="7" StartOffset="3215"/>
</LocList>
<RootTerm CovItemId="C10" CovItemPrefix="com.OriginalFiles.Board.java" Intrnl_Id="1409">
<BasicBoolTerm Intrnl_Id="1410">
<LocList>
<Loc EndOffset="3236" SrcFileId="7" StartOffset="3231"/>
</LocList>
</BasicBoolTerm>
</RootTerm>
</LoopStmnt>
<LoopStmnt CovItemId="S55" CovItemPrefix="com.OriginalFiles.Board.java" Intrnl_Id="1411" MltplExecId="L7-2" MltplExecPrefix="com.OriginalFiles.Board.java" NvrExecId="L7-0" NvrExecPrefix="com.OriginalFiles.Board.java" OnceExecutedId="L7-1" OnceExecutedPrefix="com.OriginalFiles.Board.java" OptBodyExec="true">
<StmntSeq Intrnl_Id="1412">
<LocList>
<Loc EndOffset="3711" SrcFileId="7" StartOffset="3516"/>
</LocList>
<LoopStmnt CovItemId="S56" CovItemPrefix="com.OriginalFiles.Board.java" Intrnl_Id="1413" MltplExecId="L8-2" MltplExecPrefix="com.OriginalFiles.Board.java" NvrExecId="L8-0" NvrExecPrefix="com.OriginalFiles.Board.java" OnceExecutedId="L8-1" OnceExecutedPrefix="com.OriginalFiles.Board.java" OptBodyExec="true">
<StmntSeq Intrnl_Id="1414">
<LocList>
<Loc EndOffset="3588" SrcFileId="7" StartOffset="3563"/>
<Loc EndOffset="3617" SrcFileId="7" StartOffset="3606"/>
<Loc EndOffset="3651" SrcFileId="7" StartOffset="3635"/>
<Loc EndOffset="3696" SrcFileId="7" StartOffset="3669"/>
</LocList>
<BasicStmnt CovItemId="S57" CovItemPrefix="com.OriginalFiles.Board.java" Intrnl_Id="1415">
<LocList>
<Loc EndOffset="3588" SrcFileId="7" StartOffset="3563"/>
</LocList>
</BasicStmnt>
<BasicStmnt CovItemId="S58" CovItemPrefix="com.OriginalFiles.Board.java" Intrnl_Id="1416">
<LocList>
<Loc EndOffset="3617" SrcFileId="7" StartOffset="3606"/>
</LocList>
</BasicStmnt>
<BasicStmnt CovItemId="S59" CovItemPrefix="com.OriginalFiles.Board.java" Intrnl_Id="1417">
<LocList>
<Loc EndOffset="3651" SrcFileId="7" StartOffset="3635"/>
</LocList>
</BasicStmnt>
<BasicStmnt CovItemId="S60" CovItemPrefix="com.OriginalFiles.Board.java" Intrnl_Id="1418">
<LocList>
<Loc EndOffset="3696" SrcFileId="7" StartOffset="3669"/>
</LocList>
</BasicStmnt>
</StmntSeq>
<Keyword EndOffset="3519" SrcFileId="7" StartOffset="3516"/>
<LocList>
<Loc EndOffset="3711" SrcFileId="7" StartOffset="3516"/>
</LocList>
<RootTerm CovItemId="C13" CovItemPrefix="com.OriginalFiles.Board.java" Intrnl_Id="1419">
<BasicBoolTerm Intrnl_Id="1420">
<LocList>
<Loc EndOffset="3537" SrcFileId="7" StartOffset="3532"/>
</LocList>
</BasicBoolTerm>
</RootTerm>
</LoopStmnt>
</StmntSeq>
<Keyword EndOffset="3476" SrcFileId="7" StartOffset="3473"/>
<LocList>
<Loc EndOffset="3722" SrcFileId="7" StartOffset="3473"/>
</LocList>
<RootTerm CovItemId="C12" CovItemPrefix="com.OriginalFiles.Board.java" Intrnl_Id="1421">
<BasicBoolTerm Intrnl_Id="1422">
<LocList>
<Loc EndOffset="3494" SrcFileId="7" StartOffset="3489"/>
</LocList>
</BasicBoolTerm>
</RootTerm>
</LoopStmnt>
</StmntSeq>
</HierarchyLvl>
<HierarchyLvl HierarchyLvlId="698" HierarchyLvlTypeId="14" Intrnl_Id="1423" Name="resetVisited">
<Header>
<Loc EndOffset="3769" SrcFileId="7" StartOffset="3737"/>
</Header>
<LocList>
<Loc EndOffset="3918" SrcFileId="7" StartOffset="3737"/>
</LocList>
<StmntSeq Intrnl_Id="1424">
<LocList>
<Loc EndOffset="3911" SrcFileId="7" StartOffset="3781"/>
</LocList>
<LoopStmnt CovItemId="S61" CovItemPrefix="com.OriginalFiles.Board.java" Intrnl_Id="1425" MltplExecId="L9-2" MltplExecPrefix="com.OriginalFiles.Board.java" NvrExecId="L9-0" NvrExecPrefix="com.OriginalFiles.Board.java" OnceExecutedId="L9-1" OnceExecutedPrefix="com.OriginalFiles.Board.java" OptBodyExec="true">
<StmntSeq Intrnl_Id="1426">
<LocList>
<Loc EndOffset="3900" SrcFileId="7" StartOffset="3822"/>
</LocList>
<LoopStmnt CovItemId="S62" CovItemPrefix="com.OriginalFiles.Board.java" Intrnl_Id="1427" MltplExecId="L10-2" MltplExecPrefix="com.OriginalFiles.Board.java" NvrExecId="L10-0" NvrExecPrefix="com.OriginalFiles.Board.java" OnceExecutedId="L10-1" OnceExecutedPrefix="com.OriginalFiles.Board.java" OptBodyExec="true">
<StmntSeq Intrnl_Id="1428">
<LocList>
<Loc EndOffset="3885" SrcFileId="7" StartOffset="3863"/>
</LocList>
<BasicStmnt CovItemId="S63" CovItemPrefix="com.OriginalFiles.Board.java" Intrnl_Id="1429">
<LocList>
<Loc EndOffset="3885" SrcFileId="7" StartOffset="3863"/>
</LocList>
</BasicStmnt>
</StmntSeq>
<Keyword EndOffset="3825" SrcFileId="7" StartOffset="3822"/>
<LocList>
<Loc EndOffset="3900" SrcFileId="7" StartOffset="3822"/>
</LocList>
</LoopStmnt>
</StmntSeq>
<Keyword EndOffset="3784" SrcFileId="7" StartOffset="3781"/>
<LocList>
<Loc EndOffset="3911" SrcFileId="7" StartOffset="3781"/>
</LocList>
</LoopStmnt>
</StmntSeq>
</HierarchyLvl>
<HierarchyLvl HierarchyLvlId="699" HierarchyLvlTypeId="14" Intrnl_Id="1430" Name="sortListOfFields">
<Header>
<Loc EndOffset="4055" SrcFileId="7" StartOffset="3995"/>
</Header>
<LocList>
<Loc EndOffset="4812" SrcFileId="7" StartOffset="3995"/>
</LocList>
<StmntSeq Intrnl_Id="1431">
<LocList>
<Loc EndOffset="4077" SrcFileId="7" StartOffset="4067"/>
<Loc EndOffset="4097" SrcFileId="7" StartOffset="4087"/>
<Loc EndOffset="4152" SrcFileId="7" StartOffset="4107"/>
<Loc EndOffset="4805" SrcFileId="7" StartOffset="4162"/>
</LocList>
<BasicStmnt CovItemId="S64" CovItemPrefix="com.OriginalFiles.Board.java" Intrnl_Id="1432">
<LocList>
<Loc EndOffset="4077" SrcFileId="7" StartOffset="4067"/>
</LocList>
</BasicStmnt>
<BasicStmnt CovItemId="S65" CovItemPrefix="com.OriginalFiles.Board.java" Intrnl_Id="1433">
<LocList>
<Loc EndOffset="4097" SrcFileId="7" StartOffset="4087"/>
</LocList>
</BasicStmnt>
<BasicStmnt CovItemId="S66" CovItemPrefix="com.OriginalFiles.Board.java" Intrnl_Id="1434">
<LocList>
<Loc EndOffset="4152" SrcFileId="7" StartOffset="4107"/>
</LocList>
</BasicStmnt>
<LoopStmnt CovItemId="S67" CovItemPrefix="com.OriginalFiles.Board.java" Intrnl_Id="1435" MltplExecId="L11-2" MltplExecPrefix="com.OriginalFiles.Board.java" NvrExecId="L11-0" NvrExecPrefix="com.OriginalFiles.Board.java" OnceExecutedId="L11-1" OnceExecutedPrefix="com.OriginalFiles.Board.java" OptBodyExec="true">
<StmntSeq Intrnl_Id="1436">
<LocList>
<Loc EndOffset="4714" SrcFileId="7" StartOffset="4222"/>
<Loc EndOffset="4754" SrcFileId="7" StartOffset="4728"/>
<Loc EndOffset="4794" SrcFileId="7" StartOffset="4768"/>
</LocList>
<LoopStmnt CovItemId="S68" CovItemPrefix="com.OriginalFiles.Board.java" Intrnl_Id="1437" MltplExecId="L12-2" MltplExecPrefix="com.OriginalFiles.Board.java" NvrExecId="L12-0" NvrExecPrefix="com.OriginalFiles.Board.java" OnceExecutedId="L12-1" OnceExecutedPrefix="com.OriginalFiles.Board.java" OptBodyExec="true">
<StmntSeq Intrnl_Id="1438">
<LocList>
<Loc EndOffset="4699" SrcFileId="7" StartOffset="4290"/>
</LocList>
<CondStmnt CovItemId="S69" CovItemPrefix="com.OriginalFiles.Board.java" Intrnl_Id="1439">
<Branch CovItemId="B11" CovItemPrefix="com.OriginalFiles.Board.java" Implct="false" Intrnl_Id="1440">
<Cond/>
<LocList>
<Loc EndOffset="4699" SrcFileId="7" StartOffset="4379"/>
</LocList>
<StmntSeq Intrnl_Id="1441">
<LocList>
<Loc EndOffset="4436" SrcFileId="7" StartOffset="4402"/>
<Loc EndOffset="4492" SrcFileId="7" StartOffset="4458"/>
<Loc EndOffset="4537" SrcFileId="7" StartOffset="4514"/>
<Loc EndOffset="4582" SrcFileId="7" StartOffset="4559"/>
<Loc EndOffset="4631" SrcFileId="7" StartOffset="4604"/>
<Loc EndOffset="4680" SrcFileId="7" StartOffset="4653"/>
</LocList>
<BasicStmnt CovItemId="S70" CovItemPrefix="com.OriginalFiles.Board.java" Intrnl_Id="1442">
<LocList>
<Loc EndOffset="4436" SrcFileId="7" StartOffset="4402"/>
</LocList>
</BasicStmnt>
<BasicStmnt CovItemId="S71" CovItemPrefix="com.OriginalFiles.Board.java" Intrnl_Id="1443">
<LocList>
<Loc EndOffset="4492" SrcFileId="7" StartOffset="4458"/>
</LocList>
</BasicStmnt>
<BasicStmnt CovItemId="S72" CovItemPrefix="com.OriginalFiles.Board.java" Intrnl_Id="1444">
<LocList>
<Loc EndOffset="4537" SrcFileId="7" StartOffset="4514"/>
</LocList>
</BasicStmnt>
<BasicStmnt CovItemId="S73" CovItemPrefix="com.OriginalFiles.Board.java" Intrnl_Id="1445">
<LocList>
<Loc EndOffset="4582" SrcFileId="7" StartOffset="4559"/>
</LocList>
</BasicStmnt>
<BasicStmnt CovItemId="S74" CovItemPrefix="com.OriginalFiles.Board.java" Intrnl_Id="1446">
<LocList>
<Loc EndOffset="4631" SrcFileId="7" StartOffset="4604"/>
</LocList>
</BasicStmnt>
<BasicStmnt CovItemId="S75" CovItemPrefix="com.OriginalFiles.Board.java" Intrnl_Id="1447">
<LocList>
<Loc EndOffset="4680" SrcFileId="7" StartOffset="4653"/>
</LocList>
</BasicStmnt>
</StmntSeq>
</Branch>
<Branch CovItemId="B12" CovItemPrefix="com.OriginalFiles.Board.java" Implct="true" Intrnl_Id="1448">
<Cond/>
<LocList/>
<StmntSeq Intrnl_Id="1449">
<LocList/>
</StmntSeq>
</Branch>
<Keyword EndOffset="4292" SrcFileId="7" StartOffset="4290"/>
<LocList>
<Loc EndOffset="4699" SrcFileId="7" StartOffset="4290"/>
</LocList>
<RootTerm CovItemId="C16" CovItemPrefix="com.OriginalFiles.Board.java" Intrnl_Id="1450">
<OpTerm BooleanOpId="9" Intrnl_Id="1451">
<BasicBoolTerm Intrnl_Id="1452">
<LocList>
<Loc EndOffset="4377" SrcFileId="7" StartOffset="4295"/>
</LocList>
</BasicBoolTerm>
<LocList>
<Loc EndOffset="4295" SrcFileId="7" StartOffset="4294"/>
</LocList>
</OpTerm>
</RootTerm>
</CondStmnt>
</StmntSeq>
<Keyword EndOffset="4225" SrcFileId="7" StartOffset="4222"/>
<LocList>
<Loc EndOffset="4714" SrcFileId="7" StartOffset="4222"/>
</LocList>
<RootTerm CovItemId="C15" CovItemPrefix="com.OriginalFiles.Board.java" Intrnl_Id="1453">
<BasicBoolTerm Intrnl_Id="1454">
<LocList>
<Loc EndOffset="4264" SrcFileId="7" StartOffset="4242"/>
</LocList>
</BasicBoolTerm>
</RootTerm>
</LoopStmnt>
<BasicStmnt CovItemId="S76" CovItemPrefix="com.OriginalFiles.Board.java" Intrnl_Id="1455">
<LocList>
<Loc EndOffset="4754" SrcFileId="7" StartOffset="4728"/>
</LocList>
</BasicStmnt>
<BasicStmnt CovItemId="S77" CovItemPrefix="com.OriginalFiles.Board.java" Intrnl_Id="1456">
<LocList>
<Loc EndOffset="4794" SrcFileId="7" StartOffset="4768"/>
</LocList>
</BasicStmnt>
</StmntSeq>
<Keyword EndOffset="4165" SrcFileId="7" StartOffset="4162"/>
<LocList>
<Loc EndOffset="4805" SrcFileId="7" StartOffset="4162"/>
</LocList>
<RootTerm CovItemId="C14" CovItemPrefix="com.OriginalFiles.Board.java" Intrnl_Id="1457">
<BasicBoolTerm Intrnl_Id="1458">
<LocList>
<Loc EndOffset="4200" SrcFileId="7" StartOffset="4178"/>
</LocList>
</BasicBoolTerm>
</RootTerm>
</LoopStmnt>
</StmntSeq>
</HierarchyLvl>
<HierarchyLvl HierarchyLvlId="700" HierarchyLvlTypeId="14" Intrnl_Id="1459" Name="isGreater">
<Header>
<Loc EndOffset="4995" SrcFileId="7" StartOffset="4890"/>
</Header>
<LocList>
<Loc EndOffset="6448" SrcFileId="7" StartOffset="4890"/>
</LocList>
<StmntSeq Intrnl_Id="1460">
<LocList>
<Loc EndOffset="6441" SrcFileId="7" StartOffset="5050"/>
</LocList>
<CondStmnt CovItemId="S78" CovItemPrefix="com.OriginalFiles.Board.java" Intrnl_Id="1461">
<Branch CovItemId="B13" CovItemPrefix="com.OriginalFiles.Board.java" Implct="false" Intrnl_Id="1462">
<Cond/>
<LocList>
<Loc EndOffset="5330" SrcFileId="7" StartOffset="5292"/>
</LocList>
<StmntSeq Intrnl_Id="1463">
<LocList>
<Loc EndOffset="5319" SrcFileId="7" StartOffset="5307"/>
</LocList>
<BasicStmnt CovItemId="S79" CovItemPrefix="com.OriginalFiles.Board.java" Intrnl_Id="1464">
<LocList>
<Loc EndOffset="5319" SrcFileId="7" StartOffset="5307"/>
</LocList>
</BasicStmnt>
</StmntSeq>
</Branch>
<Branch CovItemId="B14" CovItemPrefix="com.OriginalFiles.Board.java" Implct="false" Intrnl_Id="1465">
<Cond>
<Loc EndOffset="5335" SrcFileId="7" StartOffset="5331"/>
</Cond>
<LocList>
<Loc EndOffset="6441" SrcFileId="7" StartOffset="5336"/>
</LocList>
<StmntSeq Intrnl_Id="1466">
<LocList>
<Loc EndOffset="6441" SrcFileId="7" StartOffset="5336"/>
</LocList>
<CondStmnt CovItemId="S80" CovItemPrefix="com.OriginalFiles.Board.java" Intrnl_Id="1467">
<Branch CovItemId="B15" CovItemPrefix="com.OriginalFiles.Board.java" Implct="false" Intrnl_Id="1468">
<Cond/>
<LocList>
<Loc EndOffset="5478" SrcFileId="7" StartOffset="5440"/>
</LocList>
<StmntSeq Intrnl_Id="1469">
<LocList>
<Loc EndOffset="5467" SrcFileId="7" StartOffset="5455"/>
</LocList>
<BasicStmnt CovItemId="S81" CovItemPrefix="com.OriginalFiles.Board.java" Intrnl_Id="1470">
<LocList>
<Loc EndOffset="5467" SrcFileId="7" StartOffset="5455"/>
</LocList>
</BasicStmnt>
</StmntSeq>
</Branch>
<Branch CovItemId="B16" CovItemPrefix="com.OriginalFiles.Board.java" Implct="false" Intrnl_Id="1471">
<Cond>
<Loc EndOffset="5483" SrcFileId="7" StartOffset="5479"/>
</Cond>
<LocList>
<Loc EndOffset="6441" SrcFileId="7" StartOffset="5484"/>
</LocList>
<StmntSeq Intrnl_Id="1472">
<LocList>
<Loc EndOffset="6441" SrcFileId="7" StartOffset="5484"/>
</LocList>
<CondStmnt CovItemId="S82" CovItemPrefix="com.OriginalFiles.Board.java" Intrnl_Id="1473">
<Branch CovItemId="B17" CovItemPrefix="com.OriginalFiles.Board.java" Implct="false" Intrnl_Id="1474">
<Cond/>
<LocList>
<Loc EndOffset="5627" SrcFileId="7" StartOffset="5588"/>
</LocList>
<StmntSeq Intrnl_Id="1475">
<LocList>
<Loc EndOffset="5616" SrcFileId="7" StartOffset="5603"/>
</LocList>
<BasicStmnt CovItemId="S83" CovItemPrefix="com.OriginalFiles.Board.java" Intrnl_Id="1476">
<LocList>
<Loc EndOffset="5616" SrcFileId="7" StartOffset="5603"/>
</LocList>
</BasicStmnt>
</StmntSeq>
</Branch>
<Branch CovItemId="B18" CovItemPrefix="com.OriginalFiles.Board.java" Implct="false" Intrnl_Id="1477">
<Cond>
<Loc EndOffset="5632" SrcFileId="7" StartOffset="5628"/>
</Cond>
<LocList>
<Loc EndOffset="6441" SrcFileId="7" StartOffset="5633"/>
</LocList>
<StmntSeq Intrnl_Id="1478">
<LocList>
<Loc EndOffset="6430" SrcFileId="7" StartOffset="5648"/>
</LocList>
<CondStmnt CovItemId="S84" CovItemPrefix="com.OriginalFiles.Board.java" Intrnl_Id="1479">
<Branch CovItemId="B19" CovItemPrefix="com.OriginalFiles.Board.java" Implct="false" Intrnl_Id="1480">
<Cond/>
<LocList>
<Loc EndOffset="5806" SrcFileId="7" StartOffset="5760"/>
</LocList>
<StmntSeq Intrnl_Id="1481">
<LocList>
<Loc EndOffset="5791" SrcFileId="7" StartOffset="5779"/>
</LocList>
<BasicStmnt CovItemId="S85" CovItemPrefix="com.OriginalFiles.Board.java" Intrnl_Id="1482">
<LocList>
<Loc EndOffset="5791" SrcFileId="7" StartOffset="5779"/>
</LocList>
</BasicStmnt>
</StmntSeq>
</Branch>
<Branch CovItemId="B20" CovItemPrefix="com.OriginalFiles.Board.java" Implct="false" Intrnl_Id="1483">
<Cond>
<Loc EndOffset="5811" SrcFileId="7" StartOffset="5807"/>
</Cond>
<LocList>
<Loc EndOffset="6430" SrcFileId="7" StartOffset="5812"/>
</LocList>
<StmntSeq Intrnl_Id="1484">
<LocList>
<Loc EndOffset="6430" SrcFileId="7" StartOffset="5812"/>
</LocList>
<CondStmnt CovItemId="S86" CovItemPrefix="com.OriginalFiles.Board.java" Intrnl_Id="1485">
<Branch CovItemId="B21" CovItemPrefix="com.OriginalFiles.Board.java" Implct="false" Intrnl_Id="1486">
<Cond/>
<LocList>
<Loc EndOffset="5975" SrcFileId="7" StartOffset="5928"/>
</LocList>
<StmntSeq Intrnl_Id="1487">
<LocList>
<Loc EndOffset="5960" SrcFileId="7" StartOffset="5947"/>
</LocList>
<BasicStmnt CovItemId="S87" CovItemPrefix="com.OriginalFiles.Board.java" Intrnl_Id="1488">
<LocList>
<Loc EndOffset="5960" SrcFileId="7" StartOffset="5947"/>
</LocList>
</BasicStmnt>
</StmntSeq>
</Branch>
<Branch CovItemId="B22" CovItemPrefix="com.OriginalFiles.Board.java" Implct="false" Intrnl_Id="1489">
<Cond>
<Loc EndOffset="5980" SrcFileId="7" StartOffset="5976"/>
</Cond>
<LocList>
<Loc EndOffset="6430" SrcFileId="7" StartOffset="5981"/>
</LocList>
<StmntSeq Intrnl_Id="1490">
<LocList>
<Loc EndOffset="6415" SrcFileId="7" StartOffset="6000"/>
</LocList>
<CondStmnt CovItemId="S88" CovItemPrefix="com.OriginalFiles.Board.java" Intrnl_Id="1491">
<Branch CovItemId="B23" CovItemPrefix="com.OriginalFiles.Board.java" Implct="false" Intrnl_Id="1492">
<Cond/>
<LocList>
<Loc EndOffset="6157" SrcFileId="7" StartOffset="6102"/>
</LocList>
<StmntSeq Intrnl_Id="1493">
<LocList>
<Loc EndOffset="6138" SrcFileId="7" StartOffset="6125"/>
</LocList>
<BasicStmnt CovItemId="S89" CovItemPrefix="com.OriginalFiles.Board.java" Intrnl_Id="1494">
<LocList>
<Loc EndOffset="6138" SrcFileId="7" StartOffset="6125"/>
</LocList>
</BasicStmnt>
</StmntSeq>
</Branch>
<Branch CovItemId="B24" CovItemPrefix="com.OriginalFiles.Board.java" Implct="false" Intrnl_Id="1495">
<Cond>
<Loc EndOffset="6162" SrcFileId="7" StartOffset="6158"/>
</Cond>
<LocList>
<Loc EndOffset="6415" SrcFileId="7" StartOffset="6163"/>
</LocList>
<StmntSeq Intrnl_Id="1496">
<LocList>
<Loc EndOffset="6415" SrcFileId="7" StartOffset="6163"/>
</LocList>
<CondStmnt CovItemId="S90" CovItemPrefix="com.OriginalFiles.Board.java" Intrnl_Id="1497">
<Branch CovItemId="B25" CovItemPrefix="com.OriginalFiles.Board.java" Implct="false" Intrnl_Id="1498">
<Cond/>
<LocList>
<Loc EndOffset="6326" SrcFileId="7" StartOffset="6272"/>
</LocList>
<StmntSeq Intrnl_Id="1499">
<LocList>
<Loc EndOffset="6307" SrcFileId="7" StartOffset="6295"/>
</LocList>
<BasicStmnt CovItemId="S91" CovItemPrefix="com.OriginalFiles.Board.java" Intrnl_Id="1500">
<LocList>
<Loc EndOffset="6307" SrcFileId="7" StartOffset="6295"/>
</LocList>
</BasicStmnt>
</StmntSeq>
</Branch>
<Branch CovItemId="B26" CovItemPrefix="com.OriginalFiles.Board.java" Implct="false" Intrnl_Id="1501">
<Cond>
<Loc EndOffset="6331" SrcFileId="7" StartOffset="6327"/>
</Cond>
<LocList>
<Loc EndOffset="6415" SrcFileId="7" StartOffset="6332"/>
</LocList>
<StmntSeq Intrnl_Id="1502">
<LocList>
<Loc EndOffset="6396" SrcFileId="7" StartOffset="6355"/>
</LocList>
<BasicStmnt CovItemId="S92" CovItemPrefix="com.OriginalFiles.Board.java" Intrnl_Id="1503">
<LocList>
<Loc EndOffset="6396" SrcFileId="7" StartOffset="6355"/>
</LocList>
</BasicStmnt>
</StmntSeq>
</Branch>
<Keyword EndOffset="6165" SrcFileId="7" StartOffset="6163"/>
<LocList>
<Loc EndOffset="6415" SrcFileId="7" StartOffset="6163"/>
</LocList>
<RootTerm CovItemId="C23" CovItemPrefix="com.OriginalFiles.Board.java" Intrnl_Id="1504">
<BasicBoolTerm Intrnl_Id="1505">
<LocList>
<Loc EndOffset="6270" SrcFileId="7" StartOffset="6167"/>
</LocList>
</BasicBoolTerm>
</RootTerm>
</CondStmnt>
</StmntSeq>
</Branch>
<Keyword EndOffset="6002" SrcFileId="7" StartOffset="6000"/>
<LocList>
<Loc EndOffset="6415" SrcFileId="7" StartOffset="6000"/>
</LocList>
<RootTerm CovItemId="C22" CovItemPrefix="com.OriginalFiles.Board.java" Intrnl_Id="1506">
<BasicBoolTerm Intrnl_Id="1507">
<LocList>
<Loc EndOffset="6100" SrcFileId="7" StartOffset="6004"/>
</LocList>
</BasicBoolTerm>
</RootTerm>
</CondStmnt>
</StmntSeq>
</Branch>
<Keyword EndOffset="5814" SrcFileId="7" StartOffset="5812"/>
<LocList>
<Loc EndOffset="6430" SrcFileId="7" StartOffset="5812"/>
</LocList>
<RootTerm CovItemId="C21" CovItemPrefix="com.OriginalFiles.Board.java" Intrnl_Id="1508">
<OpTerm BooleanOpId="10" Intrnl_Id="1509">
<OpTerm BooleanOpId="10" Intrnl_Id="1510">
<BasicBoolTerm Intrnl_Id="1511">
<LocList>
<Loc EndOffset="5837" SrcFileId="7" StartOffset="5816"/>
</LocList>
</BasicBoolTerm>
<BasicBoolTerm Intrnl_Id="1512">
<LocList>
<Loc EndOffset="5858" SrcFileId="7" StartOffset="5841"/>
</LocList>
</BasicBoolTerm>
<LocList>
<Loc EndOffset="5840" SrcFileId="7" StartOffset="5838"/>
</LocList>
</OpTerm>
<OpTerm BooleanOpId="9" Intrnl_Id="1513">
<BasicBoolTerm Intrnl_Id="1514">
<LocList>
<Loc EndOffset="5926" SrcFileId="7" StartOffset="5884"/>
</LocList>
</BasicBoolTerm>
<LocList>
<Loc EndOffset="5884" SrcFileId="7" StartOffset="5883"/>
</LocList>
</OpTerm>
<LocList>
<Loc EndOffset="5882" SrcFileId="7" StartOffset="5880"/>
</LocList>
</OpTerm>
</RootTerm>
</CondStmnt>
</StmntSeq>
</Branch>
<Keyword EndOffset="5650" SrcFileId="7" StartOffset="5648"/>
<LocList>
<Loc EndOffset="6430" SrcFileId="7" StartOffset="5648"/>
</LocList>
<RootTerm CovItemId="C20" CovItemPrefix="com.OriginalFiles.Board.java" Intrnl_Id="1515">
<OpTerm BooleanOpId="10" Intrnl_Id="1516">
<OpTerm BooleanOpId="10" Intrnl_Id="1517">
<BasicBoolTerm Intrnl_Id="1518">
<LocList>
<Loc EndOffset="5669" SrcFileId="7" StartOffset="5652"/>
</LocList>
</BasicBoolTerm>
<BasicBoolTerm Intrnl_Id="1519">
<LocList>
<Loc EndOffset="5694" SrcFileId="7" StartOffset="5673"/>
</LocList>
</BasicBoolTerm>
<LocList>
<Loc EndOffset="5672" SrcFileId="7" StartOffset="5670"/>
</LocList>
</OpTerm>
<OpTerm BooleanOpId="9" Intrnl_Id="1520">
<BasicBoolTerm Intrnl_Id="1521">
<LocList>
<Loc EndOffset="5758" SrcFileId="7" StartOffset="5720"/>
</LocList>
</BasicBoolTerm>
<LocList>
<Loc EndOffset="5720" SrcFileId="7" StartOffset="5719"/>
</LocList>
</OpTerm>
<LocList>
<Loc EndOffset="5718" SrcFileId="7" StartOffset="5716"/>
</LocList>
</OpTerm>
</RootTerm>
</CondStmnt>
</StmntSeq>
</Branch>
<Keyword EndOffset="5486" SrcFileId="7" StartOffset="5484"/>
<LocList>
<Loc EndOffset="6441" SrcFileId="7" StartOffset="5484"/>
</LocList>
<RootTerm CovItemId="C19" CovItemPrefix="com.OriginalFiles.Board.java" Intrnl_Id="1522">
<OpTerm BooleanOpId="10" Intrnl_Id="1523">
<BasicBoolTerm Intrnl_Id="1524">
<LocList>
<Loc EndOffset="5528" SrcFileId="7" StartOffset="5488"/>
</LocList>
</BasicBoolTerm>
<OpTerm BooleanOpId="9" Intrnl_Id="1525">
<BasicBoolTerm Intrnl_Id="1526">
<LocList>
<Loc EndOffset="5586" SrcFileId="7" StartOffset="5550"/>
</LocList>
</BasicBoolTerm>
<LocList>
<Loc EndOffset="5550" SrcFileId="7" StartOffset="5549"/>
</LocList>
</OpTerm>
<LocList>
<Loc EndOffset="5548" SrcFileId="7" StartOffset="5546"/>
</LocList>
</OpTerm>
</RootTerm>
</CondStmnt>
</StmntSeq>
</Branch>
<Keyword EndOffset="5338" SrcFileId="7" StartOffset="5336"/>
<LocList>
<Loc EndOffset="6441" SrcFileId="7" StartOffset="5336"/>
</LocList>
<RootTerm CovItemId="C18" CovItemPrefix="com.OriginalFiles.Board.java" Intrnl_Id="1527">
<OpTerm BooleanOpId="10" Intrnl_Id="1528">
<BasicBoolTerm Intrnl_Id="1529">
<LocList>
<Loc EndOffset="5376" SrcFileId="7" StartOffset="5340"/>
</LocList>
</BasicBoolTerm>
<OpTerm BooleanOpId="9" Intrnl_Id="1530">
<BasicBoolTerm Intrnl_Id="1531">
<LocList>
<Loc EndOffset="5438" SrcFileId="7" StartOffset="5398"/>
</LocList>
</BasicBoolTerm>
<LocList>
<Loc EndOffset="5398" SrcFileId="7" StartOffset="5397"/>
</LocList>
</OpTerm>
<LocList>
<Loc EndOffset="5396" SrcFileId="7" StartOffset="5394"/>
</LocList>
</OpTerm>
</RootTerm>
</CondStmnt>
</StmntSeq>
</Branch>
<Keyword EndOffset="5052" SrcFileId="7" StartOffset="5050"/>
<LocList>
<Loc EndOffset="6441" SrcFileId="7" StartOffset="5050"/>
</LocList>
<RootTerm CovItemId="C17" CovItemPrefix="com.OriginalFiles.Board.java" Intrnl_Id="1532">
<OpTerm BooleanOpId="10" Intrnl_Id="1533">
<OpTerm BooleanOpId="10" Intrnl_Id="1534">
<OpTerm BooleanOpId="10" Intrnl_Id="1535">
<BasicBoolTerm Intrnl_Id="1536">
<LocList>
<Loc EndOffset="5090" SrcFileId="7" StartOffset="5054"/>
</LocList>
</BasicBoolTerm>
<OpTerm BooleanOpId="9" Intrnl_Id="1537">
<BasicBoolTerm Intrnl_Id="1538">
<LocList>
<Loc EndOffset="5150" SrcFileId="7" StartOffset="5112"/>
</LocList>
</BasicBoolTerm>
<LocList>
<Loc EndOffset="5112" SrcFileId="7" StartOffset="5111"/>
</LocList>
</OpTerm>
<LocList>
<Loc EndOffset="5110" SrcFileId="7" StartOffset="5108"/>
</LocList>
</OpTerm>
<BasicBoolTerm Intrnl_Id="1539">
<LocList>
<Loc EndOffset="5229" SrcFileId="7" StartOffset="5171"/>
</LocList>
</BasicBoolTerm>
<LocList>
<Loc EndOffset="5170" SrcFileId="7" StartOffset="5168"/>
</LocList>
</OpTerm>
<BasicBoolTerm Intrnl_Id="1540">
<LocList>
<Loc EndOffset="5290" SrcFileId="7" StartOffset="5250"/>
</LocList>
</BasicBoolTerm>
<LocList>
<Loc EndOffset="5249" SrcFileId="7" StartOffset="5247"/>
</LocList>
</OpTerm>
</RootTerm>
</CondStmnt>
</StmntSeq>
</HierarchyLvl>
<HierarchyLvl HierarchyLvlId="701" HierarchyLvlTypeId="14" Intrnl_Id="1541" Name="distance">
<Header>
<Loc EndOffset="6508" SrcFileId="7" StartOffset="6456"/>
</Header>
<LocList>
<Loc EndOffset="6590" SrcFileId="7" StartOffset="6456"/>
</LocList>
<StmntSeq Intrnl_Id="1542">
<LocList>
<Loc EndOffset="6583" SrcFileId="7" StartOffset="6520"/>
</LocList>
<BasicStmnt CovItemId="S93" CovItemPrefix="com.OriginalFiles.Board.java" Intrnl_Id="1543">
<LocList>
<Loc EndOffset="6583" SrcFileId="7" StartOffset="6520"/>
</LocList>
</BasicStmnt>
</StmntSeq>
</HierarchyLvl>
<HierarchyLvl HierarchyLvlId="702" HierarchyLvlTypeId="14" Intrnl_Id="1544" Name="verifyCorrectMove">
<Header>
<Loc EndOffset="6695" SrcFileId="7" StartOffset="6598"/>
</Header>
<LocList>
<Loc EndOffset="6918" SrcFileId="7" StartOffset="6598"/>
</LocList>
<StmntSeq Intrnl_Id="1545">
<LocList>
<Loc EndOffset="6889" SrcFileId="7" StartOffset="6707"/>
<Loc EndOffset="6911" SrcFileId="7" StartOffset="6899"/>
</LocList>
<CondStmnt CovItemId="S94" CovItemPrefix="com.OriginalFiles.Board.java" Intrnl_Id="1546">
<Branch CovItemId="B27" CovItemPrefix="com.OriginalFiles.Board.java" Implct="false" Intrnl_Id="1547">
<Cond/>
<LocList>
<Loc EndOffset="6889" SrcFileId="7" StartOffset="6741"/>
</LocList>
<StmntSeq Intrnl_Id="1548">
<LocList>
<Loc EndOffset="6878" SrcFileId="7" StartOffset="6756"/>
</LocList>
<CondStmnt CovItemId="S95" CovItemPrefix="com.OriginalFiles.Board.java" Intrnl_Id="1549">
<Branch CovItemId="B29" CovItemPrefix="com.OriginalFiles.Board.java" Implct="false" Intrnl_Id="1550">
<Cond/>
<LocList>
<Loc EndOffset="6878" SrcFileId="7" StartOffset="6796"/>
</LocList>
<StmntSeq Intrnl_Id="1551">
<LocList>
<Loc EndOffset="6863" SrcFileId="7" StartOffset="6815"/>
</LocList>
<BasicStmnt CovItemId="S96" CovItemPrefix="com.OriginalFiles.Board.java" Intrnl_Id="1552">
<LocList>
<Loc EndOffset="6863" SrcFileId="7" StartOffset="6815"/>
</LocList>
</BasicStmnt>
</StmntSeq>
</Branch>
<Branch CovItemId="B30" CovItemPrefix="com.OriginalFiles.Board.java" Implct="true" Intrnl_Id="1553">
<Cond/>
<LocList/>
<StmntSeq Intrnl_Id="1554">
<LocList/>
</StmntSeq>
</Branch>
<Keyword EndOffset="6758" SrcFileId="7" StartOffset="6756"/>
<LocList>
<Loc EndOffset="6878" SrcFileId="7" StartOffset="6756"/>
</LocList>
<RootTerm CovItemId="C25" CovItemPrefix="com.OriginalFiles.Board.java" Intrnl_Id="1555">
<BasicBoolTerm Intrnl_Id="1556">
<LocList>
<Loc EndOffset="6794" SrcFileId="7" StartOffset="6760"/>
</LocList>
</BasicBoolTerm>
</RootTerm>
</CondStmnt>
</StmntSeq>
</Branch>
<Branch CovItemId="B28" CovItemPrefix="com.OriginalFiles.Board.java" Implct="true" Intrnl_Id="1557">
<Cond/>
<LocList/>
<StmntSeq Intrnl_Id="1558">
<LocList/>
</StmntSeq>
</Branch>
<Keyword EndOffset="6709" SrcFileId="7" StartOffset="6707"/>
<LocList>
<Loc EndOffset="6889" SrcFileId="7" StartOffset="6707"/>
</LocList>
<RootTerm CovItemId="C24" CovItemPrefix="com.OriginalFiles.Board.java" Intrnl_Id="1559">
<BasicBoolTerm Intrnl_Id="1560">
<LocList>
<Loc EndOffset="6739" SrcFileId="7" StartOffset="6711"/>
</LocList>
</BasicBoolTerm>
</RootTerm>
</CondStmnt>
<BasicStmnt CovItemId="S97" CovItemPrefix="com.OriginalFiles.Board.java" Intrnl_Id="1561">
<LocList>
<Loc EndOffset="6911" SrcFileId="7" StartOffset="6899"/>
</LocList>
</BasicStmnt>
</StmntSeq>
</HierarchyLvl>
<HierarchyLvl HierarchyLvlId="703" HierarchyLvlTypeId="14" Intrnl_Id="1562" Name="peasentIsOnEndRow">
<Header>
<Loc EndOffset="6977" SrcFileId="7" StartOffset="6926"/>
</Header>
<LocList>
<Loc EndOffset="7353" SrcFileId="7" StartOffset="6926"/>
</LocList>
<StmntSeq Intrnl_Id="1563">
<LocList>
<Loc EndOffset="7323" SrcFileId="7" StartOffset="6989"/>
<Loc EndOffset="7346" SrcFileId="7" StartOffset="7333"/>
</LocList>
<CondStmnt CovItemId="S98" CovItemPrefix="com.OriginalFiles.Board.java" Intrnl_Id="1564">
<Branch CovItemId="B31" CovItemPrefix="com.OriginalFiles.Board.java" Implct="false" Intrnl_Id="1565">
<Cond/>
<LocList>
<Loc EndOffset="7323" SrcFileId="7" StartOffset="7011"/>
</LocList>
<StmntSeq Intrnl_Id="1566">
<LocList>
<Loc EndOffset="7187" SrcFileId="7" StartOffset="7053"/>
<Loc EndOffset="7312" SrcFileId="7" StartOffset="7203"/>
</LocList>
<CondStmnt CovItemId="S99" CovItemPrefix="com.OriginalFiles.Board.java" Intrnl_Id="1567">
<Branch CovItemId="B33" CovItemPrefix="com.OriginalFiles.Board.java" Implct="false" Intrnl_Id="1568">
<Cond/>
<LocList>
<Loc EndOffset="7134" SrcFileId="7" StartOffset="7087"/>
</LocList>
<StmntSeq Intrnl_Id="1569">
<LocList>
<Loc EndOffset="7119" SrcFileId="7" StartOffset="7106"/>
</LocList>
<BasicStmnt CovItemId="S100" CovItemPrefix="com.OriginalFiles.Board.java" Intrnl_Id="1570">
<LocList>
<Loc EndOffset="7119" SrcFileId="7" StartOffset="7106"/>
</LocList>
</BasicStmnt>
</StmntSeq>
</Branch>
<Branch CovItemId="B34" CovItemPrefix="com.OriginalFiles.Board.java" Implct="false" Intrnl_Id="1571">
<Cond>
<Loc EndOffset="7139" SrcFileId="7" StartOffset="7135"/>
</Cond>
<LocList>
<Loc EndOffset="7187" SrcFileId="7" StartOffset="7140"/>
</LocList>
<StmntSeq Intrnl_Id="1572">
<LocList>
<Loc EndOffset="7172" SrcFileId="7" StartOffset="7159"/>
</LocList>
<BasicStmnt CovItemId="S101" CovItemPrefix="com.OriginalFiles.Board.java" Intrnl_Id="1573">
<LocList>
<Loc EndOffset="7172" SrcFileId="7" StartOffset="7159"/>
</LocList>
</BasicStmnt>
</StmntSeq>
</Branch>
<Keyword EndOffset="7055" SrcFileId="7" StartOffset="7053"/>
<LocList>
<Loc EndOffset="7187" SrcFileId="7" StartOffset="7053"/>
</LocList>
<RootTerm CovItemId="C27" CovItemPrefix="com.OriginalFiles.Board.java" Intrnl_Id="1574">
<BasicBoolTerm Intrnl_Id="1575">
<LocList>
<Loc EndOffset="7085" SrcFileId="7" StartOffset="7057"/>
</LocList>
</BasicBoolTerm>
</RootTerm>
</CondStmnt>
<CondStmnt CovItemId="S102" CovItemPrefix="com.OriginalFiles.Board.java" Intrnl_Id="1576">
<Branch CovItemId="B35" CovItemPrefix="com.OriginalFiles.Board.java" Implct="false" Intrnl_Id="1577">
<Cond/>
<LocList>
<Loc EndOffset="7312" SrcFileId="7" StartOffset="7266"/>
</LocList>
<StmntSeq Intrnl_Id="1578">
<LocList>
<Loc EndOffset="7297" SrcFileId="7" StartOffset="7285"/>
</LocList>
<BasicStmnt CovItemId="S103" CovItemPrefix="com.OriginalFiles.Board.java" Intrnl_Id="1579">
<LocList>
<Loc EndOffset="7297" SrcFileId="7" StartOffset="7285"/>
</LocList>
</BasicStmnt>
</StmntSeq>
</Branch>
<Branch CovItemId="B36" CovItemPrefix="com.OriginalFiles.Board.java" Implct="true" Intrnl_Id="1580">
<Cond/>
<LocList/>
<StmntSeq Intrnl_Id="1581">
<LocList/>
</StmntSeq>
</Branch>
<Keyword EndOffset="7205" SrcFileId="7" StartOffset="7203"/>
<LocList>
<Loc EndOffset="7312" SrcFileId="7" StartOffset="7203"/>
</LocList>
<RootTerm CovItemId="C28" CovItemPrefix="com.OriginalFiles.Board.java" Intrnl_Id="1582">
<OpTerm BooleanOpId="10" Intrnl_Id="1583">
<BasicBoolTerm Intrnl_Id="1584">
<LocList>
<Loc EndOffset="7226" SrcFileId="7" StartOffset="7207"/>
</LocList>
</BasicBoolTerm>
<OpTerm BooleanOpId="9" Intrnl_Id="1585">
<BasicBoolTerm Intrnl_Id="1586">
<LocList>
<Loc EndOffset="7264" SrcFileId="7" StartOffset="7231"/>
</LocList>
</BasicBoolTerm>
<LocList>
<Loc EndOffset="7231" SrcFileId="7" StartOffset="7230"/>
</LocList>
</OpTerm>
<LocList>
<Loc EndOffset="7229" SrcFileId="7" StartOffset="7227"/>
</LocList>
</OpTerm>
</RootTerm>
</CondStmnt>
</StmntSeq>
</Branch>
<Branch CovItemId="B32" CovItemPrefix="com.OriginalFiles.Board.java" Implct="true" Intrnl_Id="1587">
<Cond/>
<LocList/>
<StmntSeq Intrnl_Id="1588">
<LocList/>
</StmntSeq>
</Branch>
<Keyword EndOffset="6991" SrcFileId="7" StartOffset="6989"/>
<LocList>
<Loc EndOffset="7323" SrcFileId="7" StartOffset="6989"/>
</LocList>
<RootTerm CovItemId="C26" CovItemPrefix="com.OriginalFiles.Board.java" Intrnl_Id="1589">
<OpTerm BooleanOpId="9" Intrnl_Id="1590">
<BasicBoolTerm Intrnl_Id="1591">
<LocList>
<Loc EndOffset="7009" SrcFileId="7" StartOffset="6994"/>
</LocList>
</BasicBoolTerm>
<LocList>
<Loc EndOffset="6994" SrcFileId="7" StartOffset="6993"/>
</LocList>
</OpTerm>
</RootTerm>
</CondStmnt>
<BasicStmnt CovItemId="S104" CovItemPrefix="com.OriginalFiles.Board.java" Intrnl_Id="1592">
<LocList>
<Loc EndOffset="7346" SrcFileId="7" StartOffset="7333"/>
</LocList>
</BasicStmnt>
</StmntSeq>
</HierarchyLvl>
<HierarchyLvl HierarchyLvlId="704" HierarchyLvlTypeId="14" Intrnl_Id="1593" Name="movePieceInRepresentation">
<Header>
<Loc EndOffset="7563" SrcFileId="7" StartOffset="7410"/>
</Header>
<LocList>
<Loc EndOffset="7678" SrcFileId="7" StartOffset="7410"/>
</LocList>
<StmntSeq Intrnl_Id="1594">
<LocList>
<Loc EndOffset="7671" SrcFileId="7" StartOffset="7575"/>
</LocList>
<BasicStmnt CovItemId="S105" CovItemPrefix="com.OriginalFiles.Board.java" Intrnl_Id="1595">
<LocList>
<Loc EndOffset="7671" SrcFileId="7" StartOffset="7575"/>
</LocList>
</BasicStmnt>
</StmntSeq>
</HierarchyLvl>
<HierarchyLvl HierarchyLvlId="705" HierarchyLvlTypeId="14" Intrnl_Id="1596" Name="movePieceInRepresentation">
<Header>
<Loc EndOffset="7869" SrcFileId="7" StartOffset="7729"/>
</Header>
<LocList>
<Loc EndOffset="8155" SrcFileId="7" StartOffset="7729"/>
</LocList>
<StmntSeq Intrnl_Id="1597">
<LocList>
<Loc EndOffset="7934" SrcFileId="7" StartOffset="7881"/>
<Loc EndOffset="7971" SrcFileId="7" StartOffset="7944"/>
<Loc EndOffset="8127" SrcFileId="7" StartOffset="7981"/>
</LocList>
<BasicStmnt CovItemId="S106" CovItemPrefix="com.OriginalFiles.Board.java" Intrnl_Id="1598">
<LocList>
<Loc EndOffset="7934" SrcFileId="7" StartOffset="7881"/>
</LocList>
</BasicStmnt>
<BasicStmnt CovItemId="S107" CovItemPrefix="com.OriginalFiles.Board.java" Intrnl_Id="1599">
<LocList>
<Loc EndOffset="7971" SrcFileId="7" StartOffset="7944"/>
</LocList>
</BasicStmnt>
<CondStmnt CovItemId="S108" CovItemPrefix="com.OriginalFiles.Board.java" Intrnl_Id="1600">
<Branch CovItemId="B37" CovItemPrefix="com.OriginalFiles.Board.java" Implct="false" Intrnl_Id="1601">
<Cond/>
<LocList>
<Loc EndOffset="8127" SrcFileId="7" StartOffset="8020"/>
</LocList>
<StmntSeq Intrnl_Id="1602">
<LocList>
<Loc EndOffset="8116" SrcFileId="7" StartOffset="8035"/>
</LocList>
<BasicStmnt CovItemId="S109" CovItemPrefix="com.OriginalFiles.Board.java" Intrnl_Id="1603">
<LocList>
<Loc EndOffset="8116" SrcFileId="7" StartOffset="8035"/>
</LocList>
</BasicStmnt>
</StmntSeq>
</Branch>
<Branch CovItemId="B38" CovItemPrefix="com.OriginalFiles.Board.java" Implct="true" Intrnl_Id="1604">
<Cond/>
<LocList/>
<StmntSeq Intrnl_Id="1605">
<LocList/>
</StmntSeq>
</Branch>
<Keyword EndOffset="7983" SrcFileId="7" StartOffset="7981"/>
<LocList>
<Loc EndOffset="8127" SrcFileId="7" StartOffset="7981"/>
</LocList>
<RootTerm CovItemId="C29" CovItemPrefix="com.OriginalFiles.Board.java" Intrnl_Id="1606">
<BasicBoolTerm Intrnl_Id="1607">
<LocList>
<Loc EndOffset="8018" SrcFileId="7" StartOffset="7985"/>
</LocList>
</BasicBoolTerm>
</RootTerm>
</CondStmnt>
</StmntSeq>
</HierarchyLvl>
<HierarchyLvl HierarchyLvlId="706" HierarchyLvlTypeId="14" Intrnl_Id="1608" Name="checkMoveDirection">
<Header>
<Loc EndOffset="8335" SrcFileId="7" StartOffset="8203"/>
</Header>
<LocList>
<Loc EndOffset="8496" SrcFileId="7" StartOffset="8203"/>
</LocList>
<StmntSeq Intrnl_Id="1609">
<LocList>
<Loc EndOffset="8489" SrcFileId="7" StartOffset="8347"/>
</LocList>
<BasicStmnt CovItemId="S110" CovItemPrefix="com.OriginalFiles.Board.java" Intrnl_Id="1610">
<LocList>
<Loc EndOffset="8489" SrcFileId="7" StartOffset="8347"/>
</LocList>
</BasicStmnt>
</StmntSeq>
</HierarchyLvl>
<HierarchyLvl HierarchyLvlId="707" HierarchyLvlTypeId="14" Intrnl_Id="1611" Name="isFieldEmptyOnBoard">
<Header>
<Loc EndOffset="8612" SrcFileId="7" StartOffset="8504"/>
</Header>
<LocList>
<Loc EndOffset="8806" SrcFileId="7" StartOffset="8504"/>
</LocList>
<StmntSeq Intrnl_Id="1612">
<LocList>
<Loc EndOffset="8799" SrcFileId="7" StartOffset="8624"/>
</LocList>
<CondStmnt CovItemId="S111" CovItemPrefix="com.OriginalFiles.Board.java" Intrnl_Id="1613">
<Branch CovItemId="B39" CovItemPrefix="com.OriginalFiles.Board.java" Implct="false" Intrnl_Id="1614">
<Cond/>
<LocList>
<Loc EndOffset="8754" SrcFileId="7" StartOffset="8647"/>
</LocList>
<StmntSeq Intrnl_Id="1615">
<LocList>
<Loc EndOffset="8707" SrcFileId="7" StartOffset="8662"/>
<Loc EndOffset="8743" SrcFileId="7" StartOffset="8723"/>
</LocList>
<BasicStmnt CovItemId="S112" CovItemPrefix="com.OriginalFiles.Board.java" Intrnl_Id="1616">
<LocList>
<Loc EndOffset="8707" SrcFileId="7" StartOffset="8662"/>
</LocList>
</BasicStmnt>
<BasicStmnt CovItemId="S113" CovItemPrefix="com.OriginalFiles.Board.java" Intrnl_Id="1617">
<LocList>
<Loc EndOffset="8743" SrcFileId="7" StartOffset="8723"/>
</LocList>
</BasicStmnt>
</StmntSeq>
</Branch>
<Branch CovItemId="B40" CovItemPrefix="com.OriginalFiles.Board.java" Implct="false" Intrnl_Id="1618">
<Cond>
<Loc EndOffset="8759" SrcFileId="7" StartOffset="8755"/>
</Cond>
<LocList>
<Loc EndOffset="8799" SrcFileId="7" StartOffset="8760"/>
</LocList>
<StmntSeq Intrnl_Id="1619">
<LocList>
<Loc EndOffset="8788" SrcFileId="7" StartOffset="8775"/>
</LocList>
<BasicStmnt CovItemId="S114" CovItemPrefix="com.OriginalFiles.Board.java" Intrnl_Id="1620">
<LocList>
<Loc EndOffset="8788" SrcFileId="7" StartOffset="8775"/>
</LocList>
</BasicStmnt>
</StmntSeq>
</Branch>
<Keyword EndOffset="8626" SrcFileId="7" StartOffset="8624"/>
<LocList>
<Loc EndOffset="8799" SrcFileId="7" StartOffset="8624"/>
</LocList>
<RootTerm CovItemId="C30" CovItemPrefix="com.OriginalFiles.Board.java" Intrnl_Id="1621">
<BasicBoolTerm Intrnl_Id="1622">
<LocList>
<Loc EndOffset="8645" SrcFileId="7" StartOffset="8628"/>
</LocList>
</BasicBoolTerm>
</RootTerm>
</CondStmnt>
</StmntSeq>
</HierarchyLvl>
<HierarchyLvl HierarchyLvlId="708" HierarchyLvlTypeId="14" Intrnl_Id="1623" Name="fieldOccupied">
<Header>
<Loc EndOffset="8862" SrcFileId="7" StartOffset="8814"/>
</Header>
<LocList>
<Loc EndOffset="9006" SrcFileId="7" StartOffset="8814"/>
</LocList>
<StmntSeq Intrnl_Id="1624">
<LocList>
<Loc EndOffset="8999" SrcFileId="7" StartOffset="8874"/>
</LocList>
<CondStmnt CovItemId="S115" CovItemPrefix="com.OriginalFiles.Board.java" Intrnl_Id="1625">
<Branch CovItemId="B41" CovItemPrefix="com.OriginalFiles.Board.java" Implct="false" Intrnl_Id="1626">
<Cond/>
<LocList>
<Loc EndOffset="8955" SrcFileId="7" StartOffset="8897"/>
</LocList>
<StmntSeq Intrnl_Id="1627">
<LocList>
<Loc EndOffset="8944" SrcFileId="7" StartOffset="8912"/>
</LocList>
<BasicStmnt CovItemId="S116" CovItemPrefix="com.OriginalFiles.Board.java" Intrnl_Id="1628">
<LocList>
<Loc EndOffset="8944" SrcFileId="7" StartOffset="8912"/>
</LocList>
</BasicStmnt>
</StmntSeq>
</Branch>
<Branch CovItemId="B42" CovItemPrefix="com.OriginalFiles.Board.java" Implct="false" Intrnl_Id="1629">
<Cond>
<Loc EndOffset="8960" SrcFileId="7" StartOffset="8956"/>
</Cond>
<LocList>
<Loc EndOffset="8999" SrcFileId="7" StartOffset="8961"/>
</LocList>
<StmntSeq Intrnl_Id="1630">
<LocList>
<Loc EndOffset="8988" SrcFileId="7" StartOffset="8976"/>
</LocList>
<BasicStmnt CovItemId="S117" CovItemPrefix="com.OriginalFiles.Board.java" Intrnl_Id="1631">
<LocList>
<Loc EndOffset="8988" SrcFileId="7" StartOffset="8976"/>
</LocList>
</BasicStmnt>
</StmntSeq>
</Branch>
<Keyword EndOffset="8876" SrcFileId="7" StartOffset="8874"/>
<LocList>
<Loc EndOffset="8999" SrcFileId="7" StartOffset="8874"/>
</LocList>
<RootTerm CovItemId="C31" CovItemPrefix="com.OriginalFiles.Board.java" Intrnl_Id="1632">
<BasicBoolTerm Intrnl_Id="1633">
<LocList>
<Loc EndOffset="8895" SrcFileId="7" StartOffset="8878"/>
</LocList>
</BasicBoolTerm>
</RootTerm>
</CondStmnt>
</StmntSeq>
</HierarchyLvl>
<HierarchyLvl HierarchyLvlId="709" HierarchyLvlTypeId="14" Intrnl_Id="1634" Name="checkPiece">
<Header>
<Loc EndOffset="9165" SrcFileId="7" StartOffset="9093"/>
</Header>
<LocList>
<Loc EndOffset="9546" SrcFileId="7" StartOffset="9093"/>
</LocList>
<StmntSeq Intrnl_Id="1635">
<LocList>
<Loc EndOffset="9298" SrcFileId="7" StartOffset="9177"/>
<Loc EndOffset="9539" SrcFileId="7" StartOffset="9310"/>
</LocList>
<BasicStmnt CovItemId="S118" CovItemPrefix="com.OriginalFiles.Board.java" Intrnl_Id="1636">
<LocList>
<Loc EndOffset="9298" SrcFileId="7" StartOffset="9177"/>
</LocList>
</BasicStmnt>
<CondStmnt CovItemId="S119" CovItemPrefix="com.OriginalFiles.Board.java" Intrnl_Id="1637">
<Branch CovItemId="B43" CovItemPrefix="com.OriginalFiles.Board.java" Implct="false" Intrnl_Id="1638">
<Cond/>
<LocList>
<Loc EndOffset="9415" SrcFileId="7" StartOffset="9347"/>
</LocList>
<StmntSeq Intrnl_Id="1639">
<LocList>
<Loc EndOffset="9404" SrcFileId="7" StartOffset="9362"/>
</LocList>
<BasicStmnt CovItemId="S120" CovItemPrefix="com.OriginalFiles.Board.java" Intrnl_Id="1640">
<LocList>
<Loc EndOffset="9404" SrcFileId="7" StartOffset="9362"/>
</LocList>
</BasicStmnt>
</StmntSeq>
</Branch>
<Branch CovItemId="B44" CovItemPrefix="com.OriginalFiles.Board.java" Implct="false" Intrnl_Id="1641">
<Cond>
<Loc EndOffset="9420" SrcFileId="7" StartOffset="9416"/>
</Cond>
<LocList>
<Loc EndOffset="9539" SrcFileId="7" StartOffset="9421"/>
</LocList>
<StmntSeq Intrnl_Id="1642">
<LocList>
<Loc EndOffset="9528" SrcFileId="7" StartOffset="9436"/>
</LocList>
<BasicStmnt CovItemId="S121" CovItemPrefix="com.OriginalFiles.Board.java" Intrnl_Id="1643">
<LocList>
<Loc EndOffset="9528" SrcFileId="7" StartOffset="9436"/>
</LocList>
</BasicStmnt>
</StmntSeq>
</Branch>
<Keyword EndOffset="9312" SrcFileId="7" StartOffset="9310"/>
<LocList>
<Loc EndOffset="9539" SrcFileId="7" StartOffset="9310"/>
</LocList>
<RootTerm CovItemId="C32" CovItemPrefix="com.OriginalFiles.Board.java" Intrnl_Id="1644">
<BasicBoolTerm Intrnl_Id="1645">
<LocList>
<Loc EndOffset="9345" SrcFileId="7" StartOffset="9314"/>
</LocList>
</BasicBoolTerm>
</RootTerm>
</CondStmnt>
</StmntSeq>
</HierarchyLvl>
<HierarchyLvl HierarchyLvlId="710" HierarchyLvlTypeId="14" Intrnl_Id="1646" Name="checkMoveableBoolean">
<Header>
<Loc EndOffset="9629" SrcFileId="7" StartOffset="9571"/>
</Header>
<LocList>
<Loc EndOffset="9692" SrcFileId="7" StartOffset="9571"/>
</LocList>
<StmntSeq Intrnl_Id="1647">
<LocList>
<Loc EndOffset="9685" SrcFileId="7" StartOffset="9641"/>
</LocList>
<BasicStmnt CovItemId="S122" CovItemPrefix="com.OriginalFiles.Board.java" Intrnl_Id="1648">
<LocList>
<Loc EndOffset="9685" SrcFileId="7" StartOffset="9641"/>
</LocList>
</BasicStmnt>
</StmntSeq>
</HierarchyLvl>
<HierarchyLvl HierarchyLvlId="711" HierarchyLvlTypeId="14" Intrnl_Id="1649" Name="checkMoveable">
<Header>
<Loc EndOffset="9802" SrcFileId="7" StartOffset="9742"/>
</Header>
<LocList>
<Loc EndOffset="10632" SrcFileId="7" StartOffset="9742"/>
</LocList>
<StmntSeq Intrnl_Id="1650">
<LocList>
<Loc EndOffset="9865" SrcFileId="7" StartOffset="9814"/>
<Loc EndOffset="10036" SrcFileId="7" StartOffset="9902"/>
<Loc EndOffset="10180" SrcFileId="7" StartOffset="10046"/>
<Loc EndOffset="10594" SrcFileId="7" StartOffset="10231"/>
<Loc EndOffset="10625" SrcFileId="7" StartOffset="10604"/>
</LocList>
<BasicStmnt CovItemId="S123" CovItemPrefix="com.OriginalFiles.Board.java" Intrnl_Id="1651">
<LocList>
<Loc EndOffset="9865" SrcFileId="7" StartOffset="9814"/>
</LocList>
</BasicStmnt>
<CondStmnt CovItemId="S124" CovItemPrefix="com.OriginalFiles.Board.java" Intrnl_Id="1652">
<Branch CovItemId="B45" CovItemPrefix="com.OriginalFiles.Board.java" Implct="false" Intrnl_Id="1653">
<Cond/>
<LocList>
<Loc EndOffset="10036" SrcFileId="7" StartOffset="9955"/>
</LocList>
<StmntSeq Intrnl_Id="1654">
<LocList>
<Loc EndOffset="10025" SrcFileId="7" StartOffset="9970"/>
</LocList>
<BasicStmnt CovItemId="S125" CovItemPrefix="com.OriginalFiles.Board.java" Intrnl_Id="1655">
<LocList>
<Loc EndOffset="10025" SrcFileId="7" StartOffset="9970"/>
</LocList>
</BasicStmnt>
</StmntSeq>
</Branch>
<Branch CovItemId="B46" CovItemPrefix="com.OriginalFiles.Board.java" Implct="true" Intrnl_Id="1656">
<Cond/>
<LocList/>
<StmntSeq Intrnl_Id="1657">
<LocList/>
</StmntSeq>
</Branch>
<Keyword EndOffset="9904" SrcFileId="7" StartOffset="9902"/>
<LocList>
<Loc EndOffset="10036" SrcFileId="7" StartOffset="9902"/>
</LocList>
<RootTerm CovItemId="C33" CovItemPrefix="com.OriginalFiles.Board.java" Intrnl_Id="1658">
<OpTerm BooleanOpId="9" Intrnl_Id="1659">
<BasicBoolTerm Intrnl_Id="1660">
<LocList>
<Loc EndOffset="9953" SrcFileId="7" StartOffset="9907"/>
</LocList>
</BasicBoolTerm>
<LocList>
<Loc EndOffset="9907" SrcFileId="7" StartOffset="9906"/>
</LocList>
</OpTerm>
</RootTerm>
</CondStmnt>
<CondStmnt CovItemId="S126" CovItemPrefix="com.OriginalFiles.Board.java" Intrnl_Id="1661">
<Branch CovItemId="B47" CovItemPrefix="com.OriginalFiles.Board.java" Implct="false" Intrnl_Id="1662">
<Cond/>
<LocList>
<Loc EndOffset="10180" SrcFileId="7" StartOffset="10099"/>
</LocList>
<StmntSeq Intrnl_Id="1663">
<LocList>
<Loc EndOffset="10169" SrcFileId="7" StartOffset="10114"/>
</LocList>
<BasicStmnt CovItemId="S127" CovItemPrefix="com.OriginalFiles.Board.java" Intrnl_Id="1664">
<LocList>
<Loc EndOffset="10169" SrcFileId="7" StartOffset="10114"/>
</LocList>
</BasicStmnt>
</StmntSeq>
</Branch>
<Branch CovItemId="B48" CovItemPrefix="com.OriginalFiles.Board.java" Implct="true" Intrnl_Id="1665">
<Cond/>
<LocList/>
<StmntSeq Intrnl_Id="1666">
<LocList/>
</StmntSeq>
</Branch>
<Keyword EndOffset="10048" SrcFileId="7" StartOffset="10046"/>
<LocList>
<Loc EndOffset="10180" SrcFileId="7" StartOffset="10046"/>
</LocList>
<RootTerm CovItemId="C34" CovItemPrefix="com.OriginalFiles.Board.java" Intrnl_Id="1667">
<OpTerm BooleanOpId="9" Intrnl_Id="1668">
<BasicBoolTerm Intrnl_Id="1669">
<LocList>
<Loc EndOffset="10097" SrcFileId="7" StartOffset="10051"/>
</LocList>
</BasicBoolTerm>
<LocList>
<Loc EndOffset="10051" SrcFileId="7" StartOffset="10050"/>
</LocList>
</OpTerm>
</RootTerm>
</CondStmnt>
<CondStmnt CovItemId="S128" CovItemPrefix="com.OriginalFiles.Board.java" Intrnl_Id="1670">
<Branch CovItemId="B49" CovItemPrefix="com.OriginalFiles.Board.java" Implct="false" Intrnl_Id="1671">
<Cond/>
<LocList>
<Loc EndOffset="10594" SrcFileId="7" StartOffset="10270"/>
</LocList>
<StmntSeq Intrnl_Id="1672">
<LocList>
<Loc EndOffset="10427" SrcFileId="7" StartOffset="10285"/>
<Loc EndOffset="10583" SrcFileId="7" StartOffset="10441"/>
</LocList>
<CondStmnt CovItemId="S129" CovItemPrefix="com.OriginalFiles.Board.java" Intrnl_Id="1673">
<Branch CovItemId="B51" CovItemPrefix="com.OriginalFiles.Board.java" Implct="false" Intrnl_Id="1674">
<Cond/>
<LocList>
<Loc EndOffset="10427" SrcFileId="7" StartOffset="10338"/>
</LocList>
<StmntSeq Intrnl_Id="1675">
<LocList>
<Loc EndOffset="10412" SrcFileId="7" StartOffset="10357"/>
</LocList>
<BasicStmnt CovItemId="S130" CovItemPrefix="com.OriginalFiles.Board.java" Intrnl_Id="1676">
<LocList>
<Loc EndOffset="10412" SrcFileId="7" StartOffset="10357"/>
</LocList>
</BasicStmnt>
</StmntSeq>
</Branch>
<Branch CovItemId="B52" CovItemPrefix="com.OriginalFiles.Board.java" Implct="true" Intrnl_Id="1677">
<Cond/>
<LocList/>
<StmntSeq Intrnl_Id="1678">
<LocList/>
</StmntSeq>
</Branch>
<Keyword EndOffset="10287" SrcFileId="7" StartOffset="10285"/>
<LocList>
<Loc EndOffset="10427" SrcFileId="7" StartOffset="10285"/>
</LocList>
<RootTerm CovItemId="C36" CovItemPrefix="com.OriginalFiles.Board.java" Intrnl_Id="1679">
<OpTerm BooleanOpId="9" Intrnl_Id="1680">
<BasicBoolTerm Intrnl_Id="1681">
<LocList>
<Loc EndOffset="10336" SrcFileId="7" StartOffset="10290"/>
</LocList>
</BasicBoolTerm>
<LocList>
<Loc EndOffset="10290" SrcFileId="7" StartOffset="10289"/>
</LocList>
</OpTerm>
</RootTerm>
</CondStmnt>
<CondStmnt CovItemId="S131" CovItemPrefix="com.OriginalFiles.Board.java" Intrnl_Id="1682">
<Branch CovItemId="B53" CovItemPrefix="com.OriginalFiles.Board.java" Implct="false" Intrnl_Id="1683">
<Cond/>
<LocList>
<Loc EndOffset="10583" SrcFileId="7" StartOffset="10494"/>
</LocList>
<StmntSeq Intrnl_Id="1684">
<LocList>
<Loc EndOffset="10568" SrcFileId="7" StartOffset="10513"/>
</LocList>
<BasicStmnt CovItemId="S132" CovItemPrefix="com.OriginalFiles.Board.java" Intrnl_Id="1685">
<LocList>
<Loc EndOffset="10568" SrcFileId="7" StartOffset="10513"/>
</LocList>
</BasicStmnt>
</StmntSeq>
</Branch>
<Branch CovItemId="B54" CovItemPrefix="com.OriginalFiles.Board.java" Implct="true" Intrnl_Id="1686">
<Cond/>
<LocList/>
<StmntSeq Intrnl_Id="1687">
<LocList/>
</StmntSeq>
</Branch>
<Keyword EndOffset="10443" SrcFileId="7" StartOffset="10441"/>
<LocList>
<Loc EndOffset="10583" SrcFileId="7" StartOffset="10441"/>
</LocList>
<RootTerm CovItemId="C37" CovItemPrefix="com.OriginalFiles.Board.java" Intrnl_Id="1688">
<OpTerm BooleanOpId="9" Intrnl_Id="1689">
<BasicBoolTerm Intrnl_Id="1690">
<LocList>
<Loc EndOffset="10492" SrcFileId="7" StartOffset="10446"/>
</LocList>
</BasicBoolTerm>
<LocList>
<Loc EndOffset="10446" SrcFileId="7" StartOffset="10445"/>
</LocList>
</OpTerm>
</RootTerm>
</CondStmnt>
</StmntSeq>
</Branch>
<Branch CovItemId="B50" CovItemPrefix="com.OriginalFiles.Board.java" Implct="true" Intrnl_Id="1691">
<Cond/>
<LocList/>
<StmntSeq Intrnl_Id="1692">
<LocList/>
</StmntSeq>
</Branch>
<Keyword EndOffset="10233" SrcFileId="7" StartOffset="10231"/>
<LocList>
<Loc EndOffset="10594" SrcFileId="7" StartOffset="10231"/>
</LocList>
<RootTerm CovItemId="C35" CovItemPrefix="com.OriginalFiles.Board.java" Intrnl_Id="1693">
<BasicBoolTerm Intrnl_Id="1694">
<LocList>
<Loc EndOffset="10268" SrcFileId="7" StartOffset="10235"/>
</LocList>
</BasicBoolTerm>
</RootTerm>
</CondStmnt>
<BasicStmnt CovItemId="S133" CovItemPrefix="com.OriginalFiles.Board.java" Intrnl_Id="1695">
<LocList>
<Loc EndOffset="10625" SrcFileId="7" StartOffset="10604"/>
</LocList>
</BasicStmnt>
</StmntSeq>
</HierarchyLvl>
<HierarchyLvl HierarchyLvlId="712" HierarchyLvlTypeId="14" Intrnl_Id="1696" Name="checkJump">
<Header>
<Loc EndOffset="10804" SrcFileId="7" StartOffset="10708"/>
</Header>
<LocList>
<Loc EndOffset="11268" SrcFileId="7" StartOffset="10708"/>
</LocList>
<StmntSeq Intrnl_Id="1697">
<LocList>
<Loc EndOffset="11261" SrcFileId="7" StartOffset="10816"/>
</LocList>
<BasicStmnt CovItemId="S134" CovItemPrefix="com.OriginalFiles.Board.java" Intrnl_Id="1698">
<LocList>
<Loc EndOffset="11261" SrcFileId="7" StartOffset="10816"/>
</LocList>
</BasicStmnt>
</StmntSeq>
</HierarchyLvl>
<HierarchyLvl HierarchyLvlId="713" HierarchyLvlTypeId="14" Intrnl_Id="1699" Name="checkJumpDirection">
<Header>
<Loc EndOffset="11474" SrcFileId="7" StartOffset="11346"/>
</Header>
<LocList>
<Loc EndOffset="12162" SrcFileId="7" StartOffset="11346"/>
</LocList>
<StmntSeq Intrnl_Id="1700">
<LocList>
<Loc EndOffset="11631" SrcFileId="7" StartOffset="11486"/>
<Loc EndOffset="12133" SrcFileId="7" StartOffset="11643"/>
<Loc EndOffset="12155" SrcFileId="7" StartOffset="12143"/>
</LocList>
<CondStmnt CovItemId="S135" CovItemPrefix="com.OriginalFiles.Board.java" Intrnl_Id="1701">
<Branch CovItemId="B55" CovItemPrefix="com.OriginalFiles.Board.java" Implct="false" Intrnl_Id="1702">
<Cond/>
<LocList>
<Loc EndOffset="11631" SrcFileId="7" StartOffset="11593"/>
</LocList>
<StmntSeq Intrnl_Id="1703">
<LocList>
<Loc EndOffset="11620" SrcFileId="7" StartOffset="11608"/>
</LocList>
<BasicStmnt CovItemId="S136" CovItemPrefix="com.OriginalFiles.Board.java" Intrnl_Id="1704">
<LocList>
<Loc EndOffset="11620" SrcFileId="7" StartOffset="11608"/>
</LocList>
</BasicStmnt>
</StmntSeq>
</Branch>
<Branch CovItemId="B56" CovItemPrefix="com.OriginalFiles.Board.java" Implct="true" Intrnl_Id="1705">
<Cond/>
<LocList/>
<StmntSeq Intrnl_Id="1706">
<LocList/>
</StmntSeq>
</Branch>
<Keyword EndOffset="11488" SrcFileId="7" StartOffset="11486"/>
<LocList>
<Loc EndOffset="11631" SrcFileId="7" StartOffset="11486"/>
</LocList>
<RootTerm CovItemId="C38" CovItemPrefix="com.OriginalFiles.Board.java" Intrnl_Id="1707">
<OpTerm BooleanOpId="10" Intrnl_Id="1708">
<OpTerm BooleanOpId="11" Intrnl_Id="1709">
<OpTerm BooleanOpId="10" Intrnl_Id="1710">
<BasicBoolTerm Intrnl_Id="1711">
<LocList>
<Loc EndOffset="11508" SrcFileId="7" StartOffset="11492"/>
</LocList>
</BasicBoolTerm>
<BasicBoolTerm Intrnl_Id="1712">
<LocList>
<Loc EndOffset="11522" SrcFileId="7" StartOffset="11512"/>
</LocList>
</BasicBoolTerm>
<LocList>
<Loc EndOffset="11511" SrcFileId="7" StartOffset="11509"/>
</LocList>
</OpTerm>
<OpTerm BooleanOpId="10" Intrnl_Id="1713">
<OpTerm BooleanOpId="9" Intrnl_Id="1714">
<BasicBoolTerm Intrnl_Id="1715">
<LocList>
<Loc EndOffset="11562" SrcFileId="7" StartOffset="11546"/>
</LocList>
</BasicBoolTerm>
<LocList>
<Loc EndOffset="11546" SrcFileId="7" StartOffset="11545"/>
</LocList>
</OpTerm>
<BasicBoolTerm Intrnl_Id="1716">
<LocList>
<Loc EndOffset="11575" SrcFileId="7" StartOffset="11566"/>
</LocList>
</BasicBoolTerm>
<LocList>
<Loc EndOffset="11565" SrcFileId="7" StartOffset="11563"/>
</LocList>
</OpTerm>
<LocList>
<Loc EndOffset="11543" SrcFileId="7" StartOffset="11541"/>
</LocList>
</OpTerm>
<OpTerm BooleanOpId="9" Intrnl_Id="1717">
<BasicBoolTerm Intrnl_Id="1718">
<LocList>
<Loc EndOffset="11591" SrcFileId="7" StartOffset="11582"/>
</LocList>
</BasicBoolTerm>
<LocList>
<Loc EndOffset="11582" SrcFileId="7" StartOffset="11581"/>
</LocList>
</OpTerm>
<LocList>
<Loc EndOffset="11580" SrcFileId="7" StartOffset="11578"/>
</LocList>
</OpTerm>
</RootTerm>
</CondStmnt>
<CondStmnt CovItemId="S137" CovItemPrefix="com.OriginalFiles.Board.java" Intrnl_Id="1719">
<Branch CovItemId="B57" CovItemPrefix="com.OriginalFiles.Board.java" Implct="false" Intrnl_Id="1720">
<Cond/>
<LocList>
<Loc EndOffset="12133" SrcFileId="7" StartOffset="11700"/>
</LocList>
<StmntSeq Intrnl_Id="1721">
<LocList>
<Loc EndOffset="12122" SrcFileId="7" StartOffset="11715"/>
</LocList>
<CondStmnt CovItemId="S138" CovItemPrefix="com.OriginalFiles.Board.java" Intrnl_Id="1722">
<Branch CovItemId="B59" CovItemPrefix="com.OriginalFiles.Board.java" Implct="false" Intrnl_Id="1723">
<Cond/>
<LocList>
<Loc EndOffset="12122" SrcFileId="7" StartOffset="11777"/>
</LocList>
<StmntSeq Intrnl_Id="1724">
<LocList>
<Loc EndOffset="12107" SrcFileId="7" StartOffset="11796"/>
</LocList>
<CondStmnt CovItemId="S139" CovItemPrefix="com.OriginalFiles.Board.java" Intrnl_Id="1725">
<Branch CovItemId="B61" CovItemPrefix="com.OriginalFiles.Board.java" Implct="false" Intrnl_Id="1726">
<Cond/>
<LocList>
<Loc EndOffset="12107" SrcFileId="7" StartOffset="12010"/>
</LocList>
<StmntSeq Intrnl_Id="1727">
<LocList>
<Loc EndOffset="12088" SrcFileId="7" StartOffset="12033"/>
</LocList>
<BasicStmnt CovItemId="S140" CovItemPrefix="com.OriginalFiles.Board.java" Intrnl_Id="1728">
<LocList>
<Loc EndOffset="12088" SrcFileId="7" StartOffset="12033"/>
</LocList>
</BasicStmnt>
</StmntSeq>
</Branch>
<Branch CovItemId="B62" CovItemPrefix="com.OriginalFiles.Board.java" Implct="true" Intrnl_Id="1729">
<Cond/>
<LocList/>
<StmntSeq Intrnl_Id="1730">
<LocList/>
</StmntSeq>
</Branch>
<Keyword EndOffset="11798" SrcFileId="7" StartOffset="11796"/>
<LocList>
<Loc EndOffset="12107" SrcFileId="7" StartOffset="11796"/>
</LocList>
<RootTerm CovItemId="C41" CovItemPrefix="com.OriginalFiles.Board.java" Intrnl_Id="1731">
<OpTerm BooleanOpId="10" Intrnl_Id="1732">
<BasicBoolTerm Intrnl_Id="1733">
<LocList>
<Loc EndOffset="11898" SrcFileId="7" StartOffset="11800"/>
</LocList>
</BasicBoolTerm>
<OpTerm BooleanOpId="9" Intrnl_Id="1734">
<BasicBoolTerm Intrnl_Id="1735">
<LocList>
<Loc EndOffset="12008" SrcFileId="7" StartOffset="11926"/>
</LocList>
</BasicBoolTerm>
<LocList>
<Loc EndOffset="11926" SrcFileId="7" StartOffset="11925"/>
</LocList>
</OpTerm>
<LocList>
<Loc EndOffset="11924" SrcFileId="7" StartOffset="11922"/>
</LocList>
</OpTerm>
</RootTerm>
</CondStmnt>
</StmntSeq>
</Branch>
<Branch CovItemId="B60" CovItemPrefix="com.OriginalFiles.Board.java" Implct="true" Intrnl_Id="1736">
<Cond/>
<LocList/>
<StmntSeq Intrnl_Id="1737">
<LocList/>
</StmntSeq>
</Branch>
<Keyword EndOffset="11717" SrcFileId="7" StartOffset="11715"/>
<LocList>
<Loc EndOffset="12122" SrcFileId="7" StartOffset="11715"/>
</LocList>
<RootTerm CovItemId="C40" CovItemPrefix="com.OriginalFiles.Board.java" Intrnl_Id="1738">
<OpTerm BooleanOpId="9" Intrnl_Id="1739">
<BasicBoolTerm Intrnl_Id="1740">
<LocList>
<Loc EndOffset="11775" SrcFileId="7" StartOffset="11720"/>
</LocList>
</BasicBoolTerm>
<LocList>
<Loc EndOffset="11720" SrcFileId="7" StartOffset="11719"/>
</LocList>
</OpTerm>
</RootTerm>
</CondStmnt>
</StmntSeq>
</Branch>
<Branch CovItemId="B58" CovItemPrefix="com.OriginalFiles.Board.java" Implct="true" Intrnl_Id="1741">
<Cond/>
<LocList/>
<StmntSeq Intrnl_Id="1742">
<LocList/>
</StmntSeq>
</Branch>
<Keyword EndOffset="11645" SrcFileId="7" StartOffset="11643"/>
<LocList>
<Loc EndOffset="12133" SrcFileId="7" StartOffset="11643"/>
</LocList>
<RootTerm CovItemId="C39" CovItemPrefix="com.OriginalFiles.Board.java" Intrnl_Id="1743">
<BasicBoolTerm Intrnl_Id="1744">
<LocList>
<Loc EndOffset="11698" SrcFileId="7" StartOffset="11647"/>
</LocList>
</BasicBoolTerm>
</RootTerm>
</CondStmnt>
<BasicStmnt CovItemId="S141" CovItemPrefix="com.OriginalFiles.Board.java" Intrnl_Id="1745">
<LocList>
<Loc EndOffset="12155" SrcFileId="7" StartOffset="12143"/>
</LocList>
</BasicStmnt>
</StmntSeq>
</HierarchyLvl>
<HierarchyLvl HierarchyLvlId="714" HierarchyLvlTypeId="14" Intrnl_Id="1746" Name="checkJumpDirectionBoolean">
<Header>
<Loc EndOffset="12319" SrcFileId="7" StartOffset="12187"/>
</Header>
<LocList>
<Loc EndOffset="12440" SrcFileId="7" StartOffset="12187"/>
</LocList>
<StmntSeq Intrnl_Id="1747">
<LocList>
<Loc EndOffset="12433" SrcFileId="7" StartOffset="12331"/>
</LocList>
<BasicStmnt CovItemId="S142" CovItemPrefix="com.OriginalFiles.Board.java" Intrnl_Id="1748">
<LocList>
<Loc EndOffset="12433" SrcFileId="7" StartOffset="12331"/>
</LocList>
</BasicStmnt>
</StmntSeq>
</HierarchyLvl>
<HierarchyLvl HierarchyLvlId="715" HierarchyLvlTypeId="14" Intrnl_Id="1749" Name="updateMoveables">
<Header>
<Loc EndOffset="12533" SrcFileId="7" StartOffset="12498"/>
</Header>
<LocList>
<Loc EndOffset="13180" SrcFileId="7" StartOffset="12498"/>
</LocList>
<StmntSeq Intrnl_Id="1750">
<LocList>
<Loc EndOffset="12560" SrcFileId="7" StartOffset="12545"/>
<Loc EndOffset="13148" SrcFileId="7" StartOffset="12570"/>
<Loc EndOffset="13173" SrcFileId="7" StartOffset="13158"/>
</LocList>
<BasicStmnt CovItemId="S143" CovItemPrefix="com.OriginalFiles.Board.java" Intrnl_Id="1751">
<LocList>
<Loc EndOffset="12560" SrcFileId="7" StartOffset="12545"/>
</LocList>
</BasicStmnt>
<LoopStmnt CovItemId="S144" CovItemPrefix="com.OriginalFiles.Board.java" Intrnl_Id="1752" MltplExecId="L13-2" MltplExecPrefix="com.OriginalFiles.Board.java" NvrExecId="L13-0" NvrExecPrefix="com.OriginalFiles.Board.java" OnceExecutedId="L13-1" OnceExecutedPrefix="com.OriginalFiles.Board.java" OptBodyExec="true">
<StmntSeq Intrnl_Id="1753">
<LocList>
<Loc EndOffset="13137" SrcFileId="7" StartOffset="12611"/>
</LocList>
<LoopStmnt CovItemId="S145" CovItemPrefix="com.OriginalFiles.Board.java" Intrnl_Id="1754" MltplExecId="L14-2" MltplExecPrefix="com.OriginalFiles.Board.java" NvrExecId="L14-0" NvrExecPrefix="com.OriginalFiles.Board.java" OnceExecutedId="L14-1" OnceExecutedPrefix="com.OriginalFiles.Board.java" OptBodyExec="true">
<StmntSeq Intrnl_Id="1755">
<LocList>
<Loc EndOffset="13122" SrcFileId="7" StartOffset="12652"/>
</LocList>
<CondStmnt CovItemId="S146" CovItemPrefix="com.OriginalFiles.Board.java" Intrnl_Id="1756">
<Branch CovItemId="B63" CovItemPrefix="com.OriginalFiles.Board.java" Implct="false" Intrnl_Id="1757">
<Cond/>
<LocList>
<Loc EndOffset="13122" SrcFileId="7" StartOffset="12676"/>
</LocList>
<StmntSeq Intrnl_Id="1758">
<LocList>
<Loc EndOffset="13103" SrcFileId="7" StartOffset="12699"/>
</LocList>
<CondStmnt CovItemId="S147" CovItemPrefix="com.OriginalFiles.Board.java" Intrnl_Id="1759">
<Branch CovItemId="B65" CovItemPrefix="com.OriginalFiles.Board.java" Implct="false" Intrnl_Id="1760">
<Cond/>
<LocList>
<Loc EndOffset="13103" SrcFileId="7" StartOffset="12736"/>
</LocList>
<StmntSeq Intrnl_Id="1761">
<LocList>
<Loc EndOffset="13080" SrcFileId="7" StartOffset="12814"/>
</LocList>
<CondStmnt CovItemId="S148" CovItemPrefix="com.OriginalFiles.Board.java" Intrnl_Id="1762">
<Branch CovItemId="B67" CovItemPrefix="com.OriginalFiles.Board.java" Implct="false" Intrnl_Id="1763">
<Cond/>
<LocList>
<Loc EndOffset="12987" SrcFileId="7" StartOffset="12849"/>
</LocList>
<StmntSeq Intrnl_Id="1764">
<LocList>
<Loc EndOffset="12907" SrcFileId="7" StartOffset="12880"/>
</LocList>
<BasicStmnt CovItemId="S149" CovItemPrefix="com.OriginalFiles.Board.java" Intrnl_Id="1765">
<LocList>
<Loc EndOffset="12907" SrcFileId="7" StartOffset="12880"/>
</LocList>
</BasicStmnt>
</StmntSeq>
</Branch>
<Branch CovItemId="B68" CovItemPrefix="com.OriginalFiles.Board.java" Implct="false" Intrnl_Id="1766">
<Cond>
<Loc EndOffset="12992" SrcFileId="7" StartOffset="12988"/>
</Cond>
<LocList>
<Loc EndOffset="13080" SrcFileId="7" StartOffset="12993"/>
</LocList>
<StmntSeq Intrnl_Id="1767">
<LocList>
<Loc EndOffset="13053" SrcFileId="7" StartOffset="13024"/>
</LocList>
<BasicStmnt CovItemId="S150" CovItemPrefix="com.OriginalFiles.Board.java" Intrnl_Id="1768">
<LocList>
<Loc EndOffset="13053" SrcFileId="7" StartOffset="13024"/>
</LocList>
</BasicStmnt>
</StmntSeq>
</Branch>
<Keyword EndOffset="12816" SrcFileId="7" StartOffset="12814"/>
<LocList>
<Loc EndOffset="13080" SrcFileId="7" StartOffset="12814"/>
</LocList>
<RootTerm CovItemId="C44" CovItemPrefix="com.OriginalFiles.Board.java" Intrnl_Id="1769">
<BasicBoolTerm Intrnl_Id="1770">
<LocList>
<Loc EndOffset="12847" SrcFileId="7" StartOffset="12818"/>
</LocList>
</BasicBoolTerm>
</RootTerm>
</CondStmnt>
</StmntSeq>
</Branch>
<Branch CovItemId="B66" CovItemPrefix="com.OriginalFiles.Board.java" Implct="true" Intrnl_Id="1771">
<Cond/>
<LocList/>
<StmntSeq Intrnl_Id="1772">
<LocList/>
</StmntSeq>
</Branch>
<Keyword EndOffset="12701" SrcFileId="7" StartOffset="12699"/>
<LocList>
<Loc EndOffset="13103" SrcFileId="7" StartOffset="12699"/>
</LocList>
<RootTerm CovItemId="C43" CovItemPrefix="com.OriginalFiles.Board.java" Intrnl_Id="1773">
<BasicBoolTerm Intrnl_Id="1774">
<LocList>
<Loc EndOffset="12734" SrcFileId="7" StartOffset="12703"/>
</LocList>
</BasicBoolTerm>
</RootTerm>
</CondStmnt>
</StmntSeq>
</Branch>
<Branch CovItemId="B64" CovItemPrefix="com.OriginalFiles.Board.java" Implct="true" Intrnl_Id="1775">
<Cond/>
<LocList/>
<StmntSeq Intrnl_Id="1776">
<LocList/>
</StmntSeq>
</Branch>
<Keyword EndOffset="12654" SrcFileId="7" StartOffset="12652"/>
<LocList>
<Loc EndOffset="13122" SrcFileId="7" StartOffset="12652"/>
</LocList>
<RootTerm CovItemId="C42" CovItemPrefix="com.OriginalFiles.Board.java" Intrnl_Id="1777">
<BasicBoolTerm Intrnl_Id="1778">
<LocList>
<Loc EndOffset="12674" SrcFileId="7" StartOffset="12656"/>
</LocList>
</BasicBoolTerm>
</RootTerm>
</CondStmnt>
</StmntSeq>
<Keyword EndOffset="12614" SrcFileId="7" StartOffset="12611"/>
<LocList>
<Loc EndOffset="13137" SrcFileId="7" StartOffset="12611"/>
</LocList>
</LoopStmnt>
</StmntSeq>
<Keyword EndOffset="12573" SrcFileId="7" StartOffset="12570"/>
<LocList>
<Loc EndOffset="13148" SrcFileId="7" StartOffset="12570"/>
</LocList>
</LoopStmnt>
<BasicStmnt CovItemId="S151" CovItemPrefix="com.OriginalFiles.Board.java" Intrnl_Id="1779">
<LocList>
<Loc EndOffset="13173" SrcFileId="7" StartOffset="13158"/>
</LocList>
</BasicStmnt>
</StmntSeq>
</HierarchyLvl>
<HierarchyLvl HierarchyLvlId="716" HierarchyLvlTypeId="14" Intrnl_Id="1780" Name="findOpponentColors">
<Header>
<Loc EndOffset="13272" SrcFileId="7" StartOffset="13239"/>
</Header>
<LocList>
<Loc EndOffset="13506" SrcFileId="7" StartOffset="13239"/>
</LocList>
<StmntSeq Intrnl_Id="1781">
<LocList>
<Loc EndOffset="13499" SrcFileId="7" StartOffset="13284"/>
</LocList>
<CondStmnt CovItemId="S152" CovItemPrefix="com.OriginalFiles.Board.java" Intrnl_Id="1782">
<Branch CovItemId="B69" CovItemPrefix="com.OriginalFiles.Board.java" Implct="false" Intrnl_Id="1783">
<Cond/>
<LocList>
<Loc EndOffset="13402" SrcFileId="7" StartOffset="13311"/>
</LocList>
<StmntSeq Intrnl_Id="1784">
<LocList>
<Loc EndOffset="13353" SrcFileId="7" StartOffset="13326"/>
<Loc EndOffset="13391" SrcFileId="7" StartOffset="13367"/>
</LocList>
<BasicStmnt CovItemId="S153" CovItemPrefix="com.OriginalFiles.Board.java" Intrnl_Id="1785">
<LocList>
<Loc EndOffset="13353" SrcFileId="7" StartOffset="13326"/>
</LocList>
</BasicStmnt>
<BasicStmnt CovItemId="S154" CovItemPrefix="com.OriginalFiles.Board.java" Intrnl_Id="1786">
<LocList>
<Loc EndOffset="13391" SrcFileId="7" StartOffset="13367"/>
</LocList>
</BasicStmnt>
</StmntSeq>
</Branch>
<Branch CovItemId="B70" CovItemPrefix="com.OriginalFiles.Board.java" Implct="false" Intrnl_Id="1787">
<Cond>
<Loc EndOffset="13407" SrcFileId="7" StartOffset="13403"/>
</Cond>
<LocList>
<Loc EndOffset="13499" SrcFileId="7" StartOffset="13408"/>
</LocList>
<StmntSeq Intrnl_Id="1788">
<LocList>
<Loc EndOffset="13450" SrcFileId="7" StartOffset="13423"/>
<Loc EndOffset="13488" SrcFileId="7" StartOffset="13464"/>
</LocList>
<BasicStmnt CovItemId="S155" CovItemPrefix="com.OriginalFiles.Board.java" Intrnl_Id="1789">
<LocList>
<Loc EndOffset="13450" SrcFileId="7" StartOffset="13423"/>
</LocList>
</BasicStmnt>
<BasicStmnt CovItemId="S156" CovItemPrefix="com.OriginalFiles.Board.java" Intrnl_Id="1790">
<LocList>
<Loc EndOffset="13488" SrcFileId="7" StartOffset="13464"/>
</LocList>
</BasicStmnt>
</StmntSeq>
</Branch>
<Keyword EndOffset="13286" SrcFileId="7" StartOffset="13284"/>
<LocList>
<Loc EndOffset="13499" SrcFileId="7" StartOffset="13284"/>
</LocList>
<RootTerm CovItemId="C45" CovItemPrefix="com.OriginalFiles.Board.java" Intrnl_Id="1791">
<BasicBoolTerm Intrnl_Id="1792">
<LocList>
<Loc EndOffset="13309" SrcFileId="7" StartOffset="13288"/>
</LocList>
</BasicBoolTerm>
</RootTerm>
</CondStmnt>
</StmntSeq>
</HierarchyLvl>
<HierarchyLvl HierarchyLvlId="717" HierarchyLvlTypeId="14" Intrnl_Id="1793" Name="findMissingPiece">
<Header>
<Loc EndOffset="13653" SrcFileId="7" StartOffset="13563"/>
</Header>
<LocList>
<Loc EndOffset="14407" SrcFileId="7" StartOffset="13563"/>
</LocList>
<StmntSeq Intrnl_Id="1794">
<LocList>
<Loc EndOffset="13707" SrcFileId="7" StartOffset="13684"/>
<Loc EndOffset="14365" SrcFileId="7" StartOffset="13719"/>
<Loc EndOffset="14400" SrcFileId="7" StartOffset="14377"/>
</LocList>
<BasicStmnt CovItemId="S157" CovItemPrefix="com.OriginalFiles.Board.java" Intrnl_Id="1795">
<LocList>
<Loc EndOffset="13707" SrcFileId="7" StartOffset="13684"/>
</LocList>
</BasicStmnt>
<LoopStmnt CovItemId="S158" CovItemPrefix="com.OriginalFiles.Board.java" Intrnl_Id="1796" MltplExecId="L15-2" MltplExecPrefix="com.OriginalFiles.Board.java" NvrExecId="L15-0" NvrExecPrefix="com.OriginalFiles.Board.java" OnceExecutedId="L15-1" OnceExecutedPrefix="com.OriginalFiles.Board.java" OptBodyExec="true">
<StmntSeq Intrnl_Id="1797">
<LocList>
<Loc EndOffset="14354" SrcFileId="7" StartOffset="13831"/>
</LocList>
<CondStmnt CovItemId="S159" CovItemPrefix="com.OriginalFiles.Board.java" Intrnl_Id="1798">
<Branch CovItemId="B71" CovItemPrefix="com.OriginalFiles.Board.java" Implct="false" Intrnl_Id="1799">
<Cond/>
<LocList>
<Loc EndOffset="14096" SrcFileId="7" StartOffset="13844"/>
</LocList>
<StmntSeq Intrnl_Id="1800">
<LocList>
<Loc EndOffset="14047" SrcFileId="7" StartOffset="13863"/>
<Loc EndOffset="14081" SrcFileId="7" StartOffset="14065"/>
</LocList>
<LoopStmnt CovItemId="S160" CovItemPrefix="com.OriginalFiles.Board.java" Intrnl_Id="1801" MltplExecId="L16-2" MltplExecPrefix="com.OriginalFiles.Board.java" NvrExecId="L16-0" NvrExecPrefix="com.OriginalFiles.Board.java" OnceExecutedId="L16-1" OnceExecutedPrefix="com.OriginalFiles.Board.java" OptBodyExec="true">
<StmntSeq Intrnl_Id="1802">
<LocList>
<Loc EndOffset="14028" SrcFileId="7" StartOffset="13910"/>
</LocList>
<CondStmnt CovItemId="S161" CovItemPrefix="com.OriginalFiles.Board.java" Intrnl_Id="1803">
<Branch CovItemId="B73" CovItemPrefix="com.OriginalFiles.Board.java" Implct="false" Intrnl_Id="1804">
<Cond/>
<LocList>
<Loc EndOffset="14028" SrcFileId="7" StartOffset="13932"/>
</LocList>
<StmntSeq Intrnl_Id="1805">
<LocList>
<Loc EndOffset="14005" SrcFileId="7" StartOffset="13959"/>
</LocList>
<BasicStmnt CovItemId="S162" CovItemPrefix="com.OriginalFiles.Board.java" Intrnl_Id="1806">
<LocList>
<Loc EndOffset="14005" SrcFileId="7" StartOffset="13959"/>
</LocList>
</BasicStmnt>
</StmntSeq>
</Branch>
<Branch CovItemId="B74" CovItemPrefix="com.OriginalFiles.Board.java" Implct="true" Intrnl_Id="1807">
<Cond/>
<LocList/>
<StmntSeq Intrnl_Id="1808">
<LocList/>
</StmntSeq>
</Branch>
<Keyword EndOffset="13912" SrcFileId="7" StartOffset="13910"/>
<LocList>
<Loc EndOffset="14028" SrcFileId="7" StartOffset="13910"/>
</LocList>
<RootTerm CovItemId="C49" CovItemPrefix="com.OriginalFiles.Board.java" Intrnl_Id="1809">
<BasicBoolTerm Intrnl_Id="1810">
<LocList>
<Loc EndOffset="13930" SrcFileId="7" StartOffset="13914"/>
</LocList>
</BasicBoolTerm>
</RootTerm>
</CondStmnt>
</StmntSeq>
<Keyword EndOffset="13866" SrcFileId="7" StartOffset="13863"/>
<LocList>
<Loc EndOffset="14047" SrcFileId="7" StartOffset="13863"/>
</LocList>
<RootTerm CovItemId="C48" CovItemPrefix="com.OriginalFiles.Board.java" Intrnl_Id="1811">
<BasicBoolTerm Intrnl_Id="1812">
<LocList>
<Loc EndOffset="13880" SrcFileId="7" StartOffset="13875"/>
</LocList>
</BasicBoolTerm>
</RootTerm>
</LoopStmnt>
<BasicStmnt CovItemId="S163" CovItemPrefix="com.OriginalFiles.Board.java" Intrnl_Id="1813">
<LocList>
<Loc EndOffset="14081" SrcFileId="7" StartOffset="14065"/>
</LocList>
</BasicStmnt>
</StmntSeq>
</Branch>
<Branch CovItemId="B72" CovItemPrefix="com.OriginalFiles.Board.java" Implct="false" Intrnl_Id="1814">
<Cond>
<Loc EndOffset="14101" SrcFileId="7" StartOffset="14097"/>
</Cond>
<LocList>
<Loc EndOffset="14354" SrcFileId="7" StartOffset="14102"/>
</LocList>
<StmntSeq Intrnl_Id="1815">
<LocList>
<Loc EndOffset="14306" SrcFileId="7" StartOffset="14121"/>
<Loc EndOffset="14339" SrcFileId="7" StartOffset="14324"/>
</LocList>
<LoopStmnt CovItemId="S164" CovItemPrefix="com.OriginalFiles.Board.java" Intrnl_Id="1816" MltplExecId="L17-2" MltplExecPrefix="com.OriginalFiles.Board.java" NvrExecId="L17-0" NvrExecPrefix="com.OriginalFiles.Board.java" OnceExecutedId="L17-1" OnceExecutedPrefix="com.OriginalFiles.Board.java" OptBodyExec="true">
<StmntSeq Intrnl_Id="1817">
<LocList>
<Loc EndOffset="14287" SrcFileId="7" StartOffset="14169"/>
</LocList>
<CondStmnt CovItemId="S165" CovItemPrefix="com.OriginalFiles.Board.java" Intrnl_Id="1818">
<Branch CovItemId="B75" CovItemPrefix="com.OriginalFiles.Board.java" Implct="false" Intrnl_Id="1819">
<Cond/>
<LocList>
<Loc EndOffset="14287" SrcFileId="7" StartOffset="14191"/>
</LocList>
<StmntSeq Intrnl_Id="1820">
<LocList>
<Loc EndOffset="14264" SrcFileId="7" StartOffset="14218"/>
</LocList>
<BasicStmnt CovItemId="S166" CovItemPrefix="com.OriginalFiles.Board.java" Intrnl_Id="1821">
<LocList>
<Loc EndOffset="14264" SrcFileId="7" StartOffset="14218"/>
</LocList>
</BasicStmnt>
</StmntSeq>
</Branch>
<Branch CovItemId="B76" CovItemPrefix="com.OriginalFiles.Board.java" Implct="true" Intrnl_Id="1822">
<Cond/>
<LocList/>
<StmntSeq Intrnl_Id="1823">
<LocList/>
</StmntSeq>
</Branch>
<Keyword EndOffset="14171" SrcFileId="7" StartOffset="14169"/>
<LocList>
<Loc EndOffset="14287" SrcFileId="7" StartOffset="14169"/>
</LocList>
<RootTerm CovItemId="C51" CovItemPrefix="com.OriginalFiles.Board.java" Intrnl_Id="1824">
<BasicBoolTerm Intrnl_Id="1825">
<LocList>
<Loc EndOffset="14189" SrcFileId="7" StartOffset="14173"/>
</LocList>
</BasicBoolTerm>
</RootTerm>
</CondStmnt>
</StmntSeq>
<Keyword EndOffset="14124" SrcFileId="7" StartOffset="14121"/>
<LocList>
<Loc EndOffset="14306" SrcFileId="7" StartOffset="14121"/>
</LocList>
<RootTerm CovItemId="C50" CovItemPrefix="com.OriginalFiles.Board.java" Intrnl_Id="1826">
<BasicBoolTerm Intrnl_Id="1827">
<LocList>
<Loc EndOffset="14139" SrcFileId="7" StartOffset="14133"/>
</LocList>
</BasicBoolTerm>
</RootTerm>
</LoopStmnt>
<BasicStmnt CovItemId="S167" CovItemPrefix="com.OriginalFiles.Board.java" Intrnl_Id="1828">
<LocList>
<Loc EndOffset="14339" SrcFileId="7" StartOffset="14324"/>
</LocList>
</BasicStmnt>
</StmntSeq>
</Branch>
<Keyword EndOffset="13833" SrcFileId="7" StartOffset="13831"/>
<LocList>
<Loc EndOffset="14354" SrcFileId="7" StartOffset="13831"/>
</LocList>
<RootTerm CovItemId="C47" CovItemPrefix="com.OriginalFiles.Board.java" Intrnl_Id="1829">
<BasicBoolTerm Intrnl_Id="1830">
<LocList>
<Loc EndOffset="13842" SrcFileId="7" StartOffset="13835"/>
</LocList>
</BasicBoolTerm>
</RootTerm>
</CondStmnt>
</StmntSeq>
<Keyword EndOffset="13722" SrcFileId="7" StartOffset="13719"/>
<LocList>
<Loc EndOffset="14365" SrcFileId="7" StartOffset="13719"/>
</LocList>
<RootTerm CovItemId="C46" CovItemPrefix="com.OriginalFiles.Board.java" Intrnl_Id="1831">
<BasicBoolTerm Intrnl_Id="1832">
<LocList>
<Loc EndOffset="13736" SrcFileId="7" StartOffset="13731"/>
</LocList>
</BasicBoolTerm>
</RootTerm>
</LoopStmnt>
<BasicStmnt CovItemId="S168" CovItemPrefix="com.OriginalFiles.Board.java" Intrnl_Id="1833">
<LocList>
<Loc EndOffset="14400" SrcFileId="7" StartOffset="14377"/>
</LocList>
</BasicStmnt>
</StmntSeq>
</HierarchyLvl>
<HierarchyLvl HierarchyLvlId="718" HierarchyLvlTypeId="14" Intrnl_Id="1834" Name="getPiece">
<Header>
<Loc EndOffset="14505" SrcFileId="7" StartOffset="14450"/>
</Header>
<LocList>
<Loc EndOffset="14817" SrcFileId="7" StartOffset="14450"/>
</LocList>
<StmntSeq Intrnl_Id="1835">
<LocList>
<Loc EndOffset="14562" SrcFileId="7" StartOffset="14517"/>
<Loc EndOffset="14810" SrcFileId="7" StartOffset="14572"/>
</LocList>
<BasicStmnt CovItemId="S169" CovItemPrefix="com.OriginalFiles.Board.java" Intrnl_Id="1836">
<LocList>
<Loc EndOffset="14562" SrcFileId="7" StartOffset="14517"/>
</LocList>
</BasicStmnt>
<CondStmnt CovItemId="S170" CovItemPrefix="com.OriginalFiles.Board.java" Intrnl_Id="1837">
<Branch CovItemId="B77" CovItemPrefix="com.OriginalFiles.Board.java" Implct="false" Intrnl_Id="1838">
<Cond/>
<LocList>
<Loc EndOffset="14628" SrcFileId="7" StartOffset="14590"/>
</LocList>
<StmntSeq Intrnl_Id="1839">
<LocList>
<Loc EndOffset="14617" SrcFileId="7" StartOffset="14605"/>
</LocList>
<BasicStmnt CovItemId="S171" CovItemPrefix="com.OriginalFiles.Board.java" Intrnl_Id="1840">
<LocList>
<Loc EndOffset="14617" SrcFileId="7" StartOffset="14605"/>
</LocList>
</BasicStmnt>
</StmntSeq>
</Branch>
<Branch CovItemId="B78" CovItemPrefix="com.OriginalFiles.Board.java" Implct="false" Intrnl_Id="1841">
<Cond>
<Loc EndOffset="14633" SrcFileId="7" StartOffset="14629"/>
</Cond>
<LocList>
<Loc EndOffset="14810" SrcFileId="7" StartOffset="14634"/>
</LocList>
<StmntSeq Intrnl_Id="1842">
<LocList>
<Loc EndOffset="14678" SrcFileId="7" StartOffset="14649"/>
<Loc EndOffset="14711" SrcFileId="7" StartOffset="14692"/>
<Loc EndOffset="14773" SrcFileId="7" StartOffset="14725"/>
<Loc EndOffset="14799" SrcFileId="7" StartOffset="14787"/>
</LocList>
<BasicStmnt CovItemId="S172" CovItemPrefix="com.OriginalFiles.Board.java" Intrnl_Id="1843">
<LocList>
<Loc EndOffset="14678" SrcFileId="7" StartOffset="14649"/>
</LocList>
</BasicStmnt>
<BasicStmnt CovItemId="S173" CovItemPrefix="com.OriginalFiles.Board.java" Intrnl_Id="1844">
<LocList>
<Loc EndOffset="14711" SrcFileId="7" StartOffset="14692"/>
</LocList>
</BasicStmnt>
<BasicStmnt CovItemId="S174" CovItemPrefix="com.OriginalFiles.Board.java" Intrnl_Id="1845">
<LocList>
<Loc EndOffset="14773" SrcFileId="7" StartOffset="14725"/>
</LocList>
</BasicStmnt>
<BasicStmnt CovItemId="S175" CovItemPrefix="com.OriginalFiles.Board.java" Intrnl_Id="1846">
<LocList>
<Loc EndOffset="14799" SrcFileId="7" StartOffset="14787"/>
</LocList>
</BasicStmnt>
</StmntSeq>
</Branch>
<Keyword EndOffset="14574" SrcFileId="7" StartOffset="14572"/>
<LocList>
<Loc EndOffset="14810" SrcFileId="7" StartOffset="14572"/>
</LocList>
<RootTerm CovItemId="C52" CovItemPrefix="com.OriginalFiles.Board.java" Intrnl_Id="1847">
<BasicBoolTerm Intrnl_Id="1848">
<LocList>
<Loc EndOffset="14588" SrcFileId="7" StartOffset="14576"/>
</LocList>
</BasicBoolTerm>
</RootTerm>
</CondStmnt>
</StmntSeq>
</HierarchyLvl>
<HierarchyLvl HierarchyLvlId="719" HierarchyLvlTypeId="14" Intrnl_Id="1849" Name="checkAllegiance">
<Header>
<Loc EndOffset="15616" SrcFileId="7" StartOffset="15541"/>
</Header>
<LocList>
<Loc EndOffset="15871" SrcFileId="7" StartOffset="15541"/>
</LocList>
<StmntSeq Intrnl_Id="1850">
<LocList>
<Loc EndOffset="15841" SrcFileId="7" StartOffset="15633"/>
<Loc EndOffset="15864" SrcFileId="7" StartOffset="15851"/>
</LocList>
<CondStmnt CovItemId="S176" CovItemPrefix="com.OriginalFiles.Board.java" Intrnl_Id="1851">
<Branch CovItemId="B79" CovItemPrefix="com.OriginalFiles.Board.java" Implct="false" Intrnl_Id="1852">
<Cond/>
<LocList>
<Loc EndOffset="15841" SrcFileId="7" StartOffset="15668"/>
</LocList>
<StmntSeq Intrnl_Id="1853">
<LocList>
<Loc EndOffset="15830" SrcFileId="7" StartOffset="15683"/>
</LocList>
<CondStmnt CovItemId="S177" CovItemPrefix="com.OriginalFiles.Board.java" Intrnl_Id="1854">
<Branch CovItemId="B81" CovItemPrefix="com.OriginalFiles.Board.java" Implct="false" Intrnl_Id="1855">
<Cond/>
<LocList>
<Loc EndOffset="15830" SrcFileId="7" StartOffset="15705"/>
</LocList>
<StmntSeq Intrnl_Id="1856">
<LocList>
<Loc EndOffset="15815" SrcFileId="7" StartOffset="15724"/>
</LocList>
<BasicStmnt CovItemId="S178" CovItemPrefix="com.OriginalFiles.Board.java" Intrnl_Id="1857">
<LocList>
<Loc EndOffset="15815" SrcFileId="7" StartOffset="15724"/>
</LocList>
</BasicStmnt>
</StmntSeq>
</Branch>
<Branch CovItemId="B82" CovItemPrefix="com.OriginalFiles.Board.java" Implct="true" Intrnl_Id="1858">
<Cond/>
<LocList/>
<StmntSeq Intrnl_Id="1859">
<LocList/>
</StmntSeq>
</Branch>
<Keyword EndOffset="15685" SrcFileId="7" StartOffset="15683"/>
<LocList>
<Loc EndOffset="15830" SrcFileId="7" StartOffset="15683"/>
</LocList>
<RootTerm CovItemId="C54" CovItemPrefix="com.OriginalFiles.Board.java" Intrnl_Id="1860">
<OpTerm BooleanOpId="9" Intrnl_Id="1861">
<BasicBoolTerm Intrnl_Id="1862">
<LocList>
<Loc EndOffset="15703" SrcFileId="7" StartOffset="15688"/>
</LocList>
</BasicBoolTerm>
<LocList>
<Loc EndOffset="15688" SrcFileId="7" StartOffset="15687"/>
</LocList>
</OpTerm>
</RootTerm>
</CondStmnt>
</StmntSeq>
</Branch>
<Branch CovItemId="B80" CovItemPrefix="com.OriginalFiles.Board.java" Implct="true" Intrnl_Id="1863">
<Cond/>
<LocList/>
<StmntSeq Intrnl_Id="1864">
<LocList/>
</StmntSeq>
</Branch>
<Keyword EndOffset="15635" SrcFileId="7" StartOffset="15633"/>
<LocList>
<Loc EndOffset="15841" SrcFileId="7" StartOffset="15633"/>
</LocList>
<RootTerm CovItemId="C53" CovItemPrefix="com.OriginalFiles.Board.java" Intrnl_Id="1865">
<BasicBoolTerm Intrnl_Id="1866">
<LocList>
<Loc EndOffset="15666" SrcFileId="7" StartOffset="15637"/>
</LocList>
</BasicBoolTerm>
</RootTerm>
</CondStmnt>
<BasicStmnt CovItemId="S179" CovItemPrefix="com.OriginalFiles.Board.java" Intrnl_Id="1867">
<LocList>
<Loc EndOffset="15864" SrcFileId="7" StartOffset="15851"/>
</LocList>
</BasicStmnt>
</StmntSeq>
</HierarchyLvl>
<HierarchyLvl HierarchyLvlId="720" HierarchyLvlTypeId="14" Intrnl_Id="1868" Name="checkAllegiance">
<Header>
<Loc EndOffset="15954" SrcFileId="7" StartOffset="15879"/>
</Header>
<LocList>
<Loc EndOffset="16333" SrcFileId="7" StartOffset="15879"/>
</LocList>
<StmntSeq Intrnl_Id="1869">
<LocList>
<Loc EndOffset="16116" SrcFileId="7" StartOffset="15971"/>
<Loc EndOffset="16302" SrcFileId="7" StartOffset="16127"/>
<Loc EndOffset="16326" SrcFileId="7" StartOffset="16313"/>
</LocList>
<CondStmnt CovItemId="S180" CovItemPrefix="com.OriginalFiles.Board.java" Intrnl_Id="1870">
<Branch CovItemId="B83" CovItemPrefix="com.OriginalFiles.Board.java" Implct="false" Intrnl_Id="1871">
<Cond/>
<LocList>
<Loc EndOffset="16116" SrcFileId="7" StartOffset="16076"/>
</LocList>
<StmntSeq Intrnl_Id="1872">
<LocList>
<Loc EndOffset="16104" SrcFileId="7" StartOffset="16092"/>
</LocList>
<BasicStmnt CovItemId="S181" CovItemPrefix="com.OriginalFiles.Board.java" Intrnl_Id="1873">
<LocList>
<Loc EndOffset="16104" SrcFileId="7" StartOffset="16092"/>
</LocList>
</BasicStmnt>
</StmntSeq>
</Branch>
<Branch CovItemId="B84" CovItemPrefix="com.OriginalFiles.Board.java" Implct="true" Intrnl_Id="1874">
<Cond/>
<LocList/>
<StmntSeq Intrnl_Id="1875">
<LocList/>
</StmntSeq>
</Branch>
<Keyword EndOffset="15973" SrcFileId="7" StartOffset="15971"/>
<LocList>
<Loc EndOffset="16116" SrcFileId="7" StartOffset="15971"/>
</LocList>
<RootTerm CovItemId="C55" CovItemPrefix="com.OriginalFiles.Board.java" Intrnl_Id="1876">
<OpTerm BooleanOpId="10" Intrnl_Id="1877">
<OpTerm BooleanOpId="11" Intrnl_Id="1878">
<BasicBoolTerm Intrnl_Id="1879">
<LocList>
<Loc EndOffset="16005" SrcFileId="7" StartOffset="15976"/>
</LocList>
</BasicBoolTerm>
<BasicBoolTerm Intrnl_Id="1880">
<LocList>
<Loc EndOffset="16052" SrcFileId="7" StartOffset="16026"/>
</LocList>
</BasicBoolTerm>
<LocList>
<Loc EndOffset="16025" SrcFileId="7" StartOffset="16023"/>
</LocList>
</OpTerm>
<OpTerm BooleanOpId="9" Intrnl_Id="1881">
<BasicBoolTerm Intrnl_Id="1882">
<LocList>
<Loc EndOffset="16074" SrcFileId="7" StartOffset="16058"/>
</LocList>
</BasicBoolTerm>
<LocList>
<Loc EndOffset="16058" SrcFileId="7" StartOffset="16057"/>
</LocList>
</OpTerm>
<LocList>
<Loc EndOffset="16056" SrcFileId="7" StartOffset="16054"/>
</LocList>
</OpTerm>
</RootTerm>
</CondStmnt>
<CondStmnt CovItemId="S182" CovItemPrefix="com.OriginalFiles.Board.java" Intrnl_Id="1883">
<Branch CovItemId="B85" CovItemPrefix="com.OriginalFiles.Board.java" Implct="false" Intrnl_Id="1884">
<Cond/>
<LocList>
<Loc EndOffset="16302" SrcFileId="7" StartOffset="16262"/>
</LocList>
<StmntSeq Intrnl_Id="1885">
<LocList>
<Loc EndOffset="16290" SrcFileId="7" StartOffset="16278"/>
</LocList>
<BasicStmnt CovItemId="S183" CovItemPrefix="com.OriginalFiles.Board.java" Intrnl_Id="1886">
<LocList>
<Loc EndOffset="16290" SrcFileId="7" StartOffset="16278"/>
</LocList>
</BasicStmnt>
</StmntSeq>
</Branch>
<Branch CovItemId="B86" CovItemPrefix="com.OriginalFiles.Board.java" Implct="true" Intrnl_Id="1887">
<Cond/>
<LocList/>
<StmntSeq Intrnl_Id="1888">
<LocList/>
</StmntSeq>
</Branch>
<Keyword EndOffset="16129" SrcFileId="7" StartOffset="16127"/>
<LocList>
<Loc EndOffset="16302" SrcFileId="7" StartOffset="16127"/>
</LocList>
<RootTerm CovItemId="C56" CovItemPrefix="com.OriginalFiles.Board.java" Intrnl_Id="1889">
<OpTerm BooleanOpId="10" Intrnl_Id="1890">
<OpTerm BooleanOpId="11" Intrnl_Id="1891">
<BasicBoolTerm Intrnl_Id="1892">
<LocList>
<Loc EndOffset="16167" SrcFileId="7" StartOffset="16132"/>
</LocList>
</BasicBoolTerm>
<BasicBoolTerm Intrnl_Id="1893">
<LocList>
<Loc EndOffset="16221" SrcFileId="7" StartOffset="16189"/>
</LocList>
</BasicBoolTerm>
<LocList>
<Loc EndOffset="16188" SrcFileId="7" StartOffset="16186"/>
</LocList>
</OpTerm>
<BasicBoolTerm Intrnl_Id="1894">
<LocList>
<Loc EndOffset="16260" SrcFileId="7" StartOffset="16244"/>
</LocList>
</BasicBoolTerm>
<LocList>
<Loc EndOffset="16243" SrcFileId="7" StartOffset="16241"/>
</LocList>
</OpTerm>
</RootTerm>
</CondStmnt>
<BasicStmnt CovItemId="S184" CovItemPrefix="com.OriginalFiles.Board.java" Intrnl_Id="1895">
<LocList>
<Loc EndOffset="16326" SrcFileId="7" StartOffset="16313"/>
</LocList>
</BasicStmnt>
</StmntSeq>
</HierarchyLvl>
<HierarchyLvl HierarchyLvlId="721" HierarchyLvlTypeId="14" Intrnl_Id="1896" Name="checkBounds">
<Header>
<Loc EndOffset="16440" SrcFileId="7" StartOffset="16394"/>
</Header>
<LocList>
<Loc EndOffset="16503" SrcFileId="7" StartOffset="16394"/>
</LocList>
<StmntSeq Intrnl_Id="1897">
<LocList>
<Loc EndOffset="16496" SrcFileId="7" StartOffset="16452"/>
</LocList>
<BasicStmnt CovItemId="S185" CovItemPrefix="com.OriginalFiles.Board.java" Intrnl_Id="1898">
<LocList>
<Loc EndOffset="16496" SrcFileId="7" StartOffset="16452"/>
</LocList>
</BasicStmnt>
</StmntSeq>
</HierarchyLvl>
</HierarchyLvl>
<HierarchyLvl HierarchyLvlId="747" HierarchyLvlTypeId="13" Intrnl_Id="1899" Name="Analyze">
<Header>
<Loc EndOffset="242" SrcFileId="8" StartOffset="222"/>
</Header>
<LocList>
<Loc EndOffset="25330" SrcFileId="8" StartOffset="222"/>
</LocList>
<StmntSeq Intrnl_Id="1900">
<LocList>
<Loc EndOffset="360" SrcFileId="8" StartOffset="319"/>
<Loc EndOffset="399" SrcFileId="8" StartOffset="366"/>
<Loc EndOffset="451" SrcFileId="8" StartOffset="405"/>
</LocList>
<BasicStmnt CovItemId="S1" CovItemPrefix="com.OriginalFiles.Analyze.java" Intrnl_Id="1901">
<LocList>
<Loc EndOffset="360" SrcFileId="8" StartOffset="319"/>
</LocList>
</BasicStmnt>
<BasicStmnt CovItemId="S2" CovItemPrefix="com.OriginalFiles.Analyze.java" Intrnl_Id="1902">
<LocList>
<Loc EndOffset="399" SrcFileId="8" StartOffset="366"/>
</LocList>
</BasicStmnt>
<BasicStmnt CovItemId="S3" CovItemPrefix="com.OriginalFiles.Analyze.java" Intrnl_Id="1903">
<LocList>
<Loc EndOffset="451" SrcFileId="8" StartOffset="405"/>
</LocList>
</BasicStmnt>
</StmntSeq>
<HierarchyLvl HierarchyLvlId="723" HierarchyLvlTypeId="14" Intrnl_Id="1904" Name="Analyze">
<Header>
<Loc EndOffset="631" SrcFileId="8" StartOffset="572"/>
</Header>
<LocList>
<Loc EndOffset="712" SrcFileId="8" StartOffset="572"/>
</LocList>
<StmntSeq Intrnl_Id="1905">
<LocList>
<Loc EndOffset="665" SrcFileId="8" StartOffset="643"/>
<Loc EndOffset="705" SrcFileId="8" StartOffset="675"/>
</LocList>
<BasicStmnt CovItemId="S4" CovItemPrefix="com.OriginalFiles.Analyze.java" Intrnl_Id="1906">
<LocList>
<Loc EndOffset="665" SrcFileId="8" StartOffset="643"/>
</LocList>
</BasicStmnt>
<BasicStmnt CovItemId="S5" CovItemPrefix="com.OriginalFiles.Analyze.java" Intrnl_Id="1907">
<LocList>
<Loc EndOffset="705" SrcFileId="8" StartOffset="675"/>
</LocList>
</BasicStmnt>
</StmntSeq>
</HierarchyLvl>
<HierarchyLvl HierarchyLvlId="724" HierarchyLvlTypeId="14" Intrnl_Id="1908" Name="analyzeBoard">
<Header>
<Loc EndOffset="898" SrcFileId="8" StartOffset="792"/>
</Header>
<LocList>
<Loc EndOffset="1480" SrcFileId="8" StartOffset="792"/>
</LocList>
<StmntSeq Intrnl_Id="1909">
<LocList>
<Loc EndOffset="1450" SrcFileId="8" StartOffset="910"/>
<Loc EndOffset="1473" SrcFileId="8" StartOffset="1460"/>
</LocList>
<CondStmnt CovItemId="S6" CovItemPrefix="com.OriginalFiles.Analyze.java" Intrnl_Id="1910">
<Branch CovItemId="B1" CovItemPrefix="com.OriginalFiles.Analyze.java" Implct="false" Intrnl_Id="1911">
<Cond/>
<LocList>
<Loc EndOffset="1450" SrcFileId="8" StartOffset="943"/>
</LocList>
<StmntSeq Intrnl_Id="1912">
<LocList>
<Loc EndOffset="982" SrcFileId="8" StartOffset="958"/>
<Loc EndOffset="1048" SrcFileId="8" StartOffset="998"/>
<Loc EndOffset="1111" SrcFileId="8" StartOffset="1062"/>
<Loc EndOffset="1166" SrcFileId="8" StartOffset="1125"/>
<Loc EndOffset="1199" SrcFileId="8" StartOffset="1180"/>
<Loc EndOffset="1305" SrcFileId="8" StartOffset="1273"/>
<Loc EndOffset="1345" SrcFileId="8" StartOffset="1319"/>
<Loc EndOffset="1439" SrcFileId="8" StartOffset="1359"/>
</LocList>
<BasicStmnt CovItemId="S7" CovItemPrefix="com.OriginalFiles.Analyze.java" Intrnl_Id="1913">
<LocList>
<Loc EndOffset="982" SrcFileId="8" StartOffset="958"/>
</LocList>
</BasicStmnt>
<BasicStmnt CovItemId="S8" CovItemPrefix="com.OriginalFiles.Analyze.java" Intrnl_Id="1914">
<LocList>
<Loc EndOffset="1048" SrcFileId="8" StartOffset="998"/>
</LocList>
</BasicStmnt>
<BasicStmnt CovItemId="S9" CovItemPrefix="com.OriginalFiles.Analyze.java" Intrnl_Id="1915">
<LocList>
<Loc EndOffset="1111" SrcFileId="8" StartOffset="1062"/>
</LocList>
</BasicStmnt>
<BasicStmnt CovItemId="S10" CovItemPrefix="com.OriginalFiles.Analyze.java" Intrnl_Id="1916">
<LocList>
<Loc EndOffset="1166" SrcFileId="8" StartOffset="1125"/>
</LocList>
</BasicStmnt>
<BasicStmnt CovItemId="S11" CovItemPrefix="com.OriginalFiles.Analyze.java" Intrnl_Id="1917">
<LocList>
<Loc EndOffset="1199" SrcFileId="8" StartOffset="1180"/>
</LocList>
</BasicStmnt>
<BasicStmnt CovItemId="S12" CovItemPrefix="com.OriginalFiles.Analyze.java" Intrnl_Id="1918">
<LocList>
<Loc EndOffset="1305" SrcFileId="8" StartOffset="1273"/>
</LocList>
</BasicStmnt>
<BasicStmnt CovItemId="S13" CovItemPrefix="com.OriginalFiles.Analyze.java" Intrnl_Id="1919">
<LocList>
<Loc EndOffset="1345" SrcFileId="8" StartOffset="1319"/>
</LocList>
</BasicStmnt>
<CondStmnt CovItemId="S14" CovItemPrefix="com.OriginalFiles.Analyze.java" Intrnl_Id="1920">
<Branch CovItemId="B3" CovItemPrefix="com.OriginalFiles.Analyze.java" Implct="false" Intrnl_Id="1921">
<Cond/>
<LocList>
<Loc EndOffset="1439" SrcFileId="8" StartOffset="1393"/>
</LocList>
<StmntSeq Intrnl_Id="1922">
<LocList>
<Loc EndOffset="1424" SrcFileId="8" StartOffset="1412"/>
</LocList>
<BasicStmnt CovItemId="S15" CovItemPrefix="com.OriginalFiles.Analyze.java" Intrnl_Id="1923">
<LocList>
<Loc EndOffset="1424" SrcFileId="8" StartOffset="1412"/>
</LocList>
</BasicStmnt>
</StmntSeq>
</Branch>
<Branch CovItemId="B4" CovItemPrefix="com.OriginalFiles.Analyze.java" Implct="true" Intrnl_Id="1924">
<Cond/>
<LocList/>
<StmntSeq Intrnl_Id="1925">
<LocList/>
</StmntSeq>
</Branch>
<Keyword EndOffset="1361" SrcFileId="8" StartOffset="1359"/>
<LocList>
<Loc EndOffset="1439" SrcFileId="8" StartOffset="1359"/>
</LocList>
<RootTerm CovItemId="C2" CovItemPrefix="com.OriginalFiles.Analyze.java" Intrnl_Id="1926">
<OpTerm BooleanOpId="9" Intrnl_Id="1927">
<BasicBoolTerm Intrnl_Id="1928">
<LocList>
<Loc EndOffset="1391" SrcFileId="8" StartOffset="1364"/>
</LocList>
</BasicBoolTerm>
<LocList>
<Loc EndOffset="1364" SrcFileId="8" StartOffset="1363"/>
</LocList>
</OpTerm>
</RootTerm>
</CondStmnt>
</StmntSeq>
</Branch>
<Branch CovItemId="B2" CovItemPrefix="com.OriginalFiles.Analyze.java" Implct="true" Intrnl_Id="1929">
<Cond/>
<LocList/>
<StmntSeq Intrnl_Id="1930">
<LocList/>
</StmntSeq>
</Branch>
<Keyword EndOffset="912" SrcFileId="8" StartOffset="910"/>
<LocList>
<Loc EndOffset="1450" SrcFileId="8" StartOffset="910"/>
</LocList>
<RootTerm CovItemId="C1" CovItemPrefix="com.OriginalFiles.Analyze.java" Intrnl_Id="1931">
<OpTerm BooleanOpId="9" Intrnl_Id="1932">
<BasicBoolTerm Intrnl_Id="1933">
<LocList>
<Loc EndOffset="941" SrcFileId="8" StartOffset="915"/>
</LocList>
</BasicBoolTerm>
<LocList>
<Loc EndOffset="915" SrcFileId="8" StartOffset="914"/>
</LocList>
</OpTerm>
</RootTerm>
</CondStmnt>
<BasicStmnt CovItemId="S16" CovItemPrefix="com.OriginalFiles.Analyze.java" Intrnl_Id="1934">
<LocList>
<Loc EndOffset="1473" SrcFileId="8" StartOffset="1460"/>
</LocList>
</BasicStmnt>
</StmntSeq>
</HierarchyLvl>
<HierarchyLvl HierarchyLvlId="725" HierarchyLvlTypeId="14" Intrnl_Id="1935" Name="checkMotorCalibration">
<Header>
<Loc EndOffset="1541" SrcFileId="8" StartOffset="1505"/>
</Header>
<LocList>
<Loc EndOffset="1732" SrcFileId="8" StartOffset="1505"/>
</LocList>
<StmntSeq Intrnl_Id="1936">
<LocList>
<Loc EndOffset="1575" SrcFileId="8" StartOffset="1553"/>
<Loc EndOffset="1725" SrcFileId="8" StartOffset="1587"/>
</LocList>
<BasicStmnt CovItemId="S17" CovItemPrefix="com.OriginalFiles.Analyze.java" Intrnl_Id="1937">
<LocList>
<Loc EndOffset="1575" SrcFileId="8" StartOffset="1553"/>
</LocList>
</BasicStmnt>
<CondStmnt CovItemId="S18" CovItemPrefix="com.OriginalFiles.Analyze.java" Intrnl_Id="1938">
<Branch CovItemId="B5" CovItemPrefix="com.OriginalFiles.Analyze.java" Implct="false" Intrnl_Id="1939">
<Cond/>
<LocList>
<Loc EndOffset="1725" SrcFileId="8" StartOffset="1634"/>
</LocList>
<StmntSeq Intrnl_Id="1940">
<LocList>
<Loc EndOffset="1670" SrcFileId="8" StartOffset="1649"/>
<Loc EndOffset="1714" SrcFileId="8" StartOffset="1684"/>
</LocList>
<BasicStmnt CovItemId="S19" CovItemPrefix="com.OriginalFiles.Analyze.java" Intrnl_Id="1941">
<LocList>
<Loc EndOffset="1670" SrcFileId="8" StartOffset="1649"/>
</LocList>
</BasicStmnt>
<BasicStmnt CovItemId="S20" CovItemPrefix="com.OriginalFiles.Analyze.java" Intrnl_Id="1942">
<LocList>
<Loc EndOffset="1714" SrcFileId="8" StartOffset="1684"/>
</LocList>
</BasicStmnt>
</StmntSeq>
</Branch>
<Branch CovItemId="B6" CovItemPrefix="com.OriginalFiles.Analyze.java" Implct="true" Intrnl_Id="1943">
<Cond/>
<LocList/>
<StmntSeq Intrnl_Id="1944">
<LocList/>
</StmntSeq>
</Branch>
<Keyword EndOffset="1589" SrcFileId="8" StartOffset="1587"/>
<LocList>
<Loc EndOffset="1725" SrcFileId="8" StartOffset="1587"/>
</LocList>
<RootTerm CovItemId="C3" CovItemPrefix="com.OriginalFiles.Analyze.java" Intrnl_Id="1945">
<BasicBoolTerm Intrnl_Id="1946">
<LocList>
<Loc EndOffset="1632" SrcFileId="8" StartOffset="1591"/>
</LocList>
</BasicBoolTerm>
</RootTerm>
</CondStmnt>
</StmntSeq>
</HierarchyLvl>
<HierarchyLvl HierarchyLvlId="726" HierarchyLvlTypeId="14" Intrnl_Id="1947" Name="makeListOfMoveables">
<Header>
<Loc EndOffset="1805" SrcFileId="8" StartOffset="1740"/>
</Header>
<LocList>
<Loc EndOffset="2559" SrcFileId="8" StartOffset="1740"/>
</LocList>
<StmntSeq Intrnl_Id="1948">
<LocList>
<Loc EndOffset="1903" SrcFileId="8" StartOffset="1871"/>
<Loc EndOffset="2288" SrcFileId="8" StartOffset="1913"/>
<Loc EndOffset="2343" SrcFileId="8" StartOffset="2298"/>
<Loc EndOffset="2372" SrcFileId="8" StartOffset="2353"/>
<Loc EndOffset="2399" SrcFileId="8" StartOffset="2382"/>
<Loc EndOffset="2522" SrcFileId="8" StartOffset="2409"/>
<Loc EndOffset="2552" SrcFileId="8" StartOffset="2532"/>
</LocList>
<BasicStmnt CovItemId="S21" CovItemPrefix="com.OriginalFiles.Analyze.java" Intrnl_Id="1949">
<LocList>
<Loc EndOffset="1903" SrcFileId="8" StartOffset="1871"/>
</LocList>
</BasicStmnt>
<LoopStmnt CovItemId="S22" CovItemPrefix="com.OriginalFiles.Analyze.java" Intrnl_Id="1950" MltplExecId="L1-2" MltplExecPrefix="com.OriginalFiles.Analyze.java" NvrExecId="L1-0" NvrExecPrefix="com.OriginalFiles.Analyze.java" OnceExecutedId="L1-1" OnceExecutedPrefix="com.OriginalFiles.Analyze.java" OptBodyExec="true">
<StmntSeq Intrnl_Id="1951">
<LocList>
<Loc EndOffset="2277" SrcFileId="8" StartOffset="1968"/>
</LocList>
<LoopStmnt CovItemId="S23" CovItemPrefix="com.OriginalFiles.Analyze.java" Intrnl_Id="1952" MltplExecId="L2-2" MltplExecPrefix="com.OriginalFiles.Analyze.java" NvrExecId="L2-0" NvrExecPrefix="com.OriginalFiles.Analyze.java" OnceExecutedId="L2-1" OnceExecutedPrefix="com.OriginalFiles.Analyze.java" OptBodyExec="true">
<StmntSeq Intrnl_Id="1953">
<LocList>
<Loc EndOffset="2262" SrcFileId="8" StartOffset="2009"/>
</LocList>
<CondStmnt CovItemId="S24" CovItemPrefix="com.OriginalFiles.Analyze.java" Intrnl_Id="1954">
<Branch CovItemId="B7" CovItemPrefix="com.OriginalFiles.Analyze.java" Implct="false" Intrnl_Id="1955">
<Cond/>
<LocList>
<Loc EndOffset="2262" SrcFileId="8" StartOffset="2031"/>
</LocList>
<StmntSeq Intrnl_Id="1956">
<LocList>
<Loc EndOffset="2243" SrcFileId="8" StartOffset="2054"/>
</LocList>
<CondStmnt CovItemId="S25" CovItemPrefix="com.OriginalFiles.Analyze.java" Intrnl_Id="1957">
<Branch CovItemId="B9" CovItemPrefix="com.OriginalFiles.Analyze.java" Implct="false" Intrnl_Id="1958">
<Cond/>
<LocList>
<Loc EndOffset="2243" SrcFileId="8" StartOffset="2169"/>
</LocList>
<StmntSeq Intrnl_Id="1959">
<LocList>
<Loc EndOffset="2220" SrcFileId="8" StartOffset="2196"/>
</LocList>
<BasicStmnt CovItemId="S26" CovItemPrefix="com.OriginalFiles.Analyze.java" Intrnl_Id="1960">
<LocList>
<Loc EndOffset="2220" SrcFileId="8" StartOffset="2196"/>
</LocList>
</BasicStmnt>
</StmntSeq>
</Branch>
<Branch CovItemId="B10" CovItemPrefix="com.OriginalFiles.Analyze.java" Implct="true" Intrnl_Id="1961">
<Cond/>
<LocList/>
<StmntSeq Intrnl_Id="1962">
<LocList/>
</StmntSeq>
</Branch>
<Keyword EndOffset="2056" SrcFileId="8" StartOffset="2054"/>
<LocList>
<Loc EndOffset="2243" SrcFileId="8" StartOffset="2054"/>
</LocList>
<RootTerm CovItemId="C5" CovItemPrefix="com.OriginalFiles.Analyze.java" Intrnl_Id="1963">
<OpTerm BooleanOpId="10" Intrnl_Id="1964">
<BasicBoolTerm Intrnl_Id="1965">
<LocList>
<Loc EndOffset="2092" SrcFileId="8" StartOffset="2058"/>
</LocList>
</BasicBoolTerm>
<BasicBoolTerm Intrnl_Id="1966">
<LocList>
<Loc EndOffset="2167" SrcFileId="8" StartOffset="2125"/>
</LocList>
</BasicBoolTerm>
<LocList>
<Loc EndOffset="2124" SrcFileId="8" StartOffset="2122"/>
</LocList>
</OpTerm>
</RootTerm>
</CondStmnt>
</StmntSeq>
</Branch>
<Branch CovItemId="B8" CovItemPrefix="com.OriginalFiles.Analyze.java" Implct="true" Intrnl_Id="1967">
<Cond/>
<LocList/>
<StmntSeq Intrnl_Id="1968">
<LocList/>
</StmntSeq>
</Branch>
<Keyword EndOffset="2011" SrcFileId="8" StartOffset="2009"/>
<LocList>
<Loc EndOffset="2262" SrcFileId="8" StartOffset="2009"/>
</LocList>
<RootTerm CovItemId="C4" CovItemPrefix="com.OriginalFiles.Analyze.java" Intrnl_Id="1969">
<OpTerm BooleanOpId="9" Intrnl_Id="1970">
<BasicBoolTerm Intrnl_Id="1971">
<LocList>
<Loc EndOffset="2029" SrcFileId="8" StartOffset="2014"/>
</LocList>
</BasicBoolTerm>
<LocList>
<Loc EndOffset="2014" SrcFileId="8" StartOffset="2013"/>
</LocList>
</OpTerm>
</RootTerm>
</CondStmnt>
</StmntSeq>
<Keyword EndOffset="1971" SrcFileId="8" StartOffset="1968"/>
<LocList>
<Loc EndOffset="2277" SrcFileId="8" StartOffset="1968"/>
</LocList>
</LoopStmnt>
</StmntSeq>
<Keyword EndOffset="1916" SrcFileId="8" StartOffset="1913"/>
<LocList>
<Loc EndOffset="2288" SrcFileId="8" StartOffset="1913"/>
</LocList>
</LoopStmnt>
<BasicStmnt CovItemId="S27" CovItemPrefix="com.OriginalFiles.Analyze.java" Intrnl_Id="1972">
<LocList>
<Loc EndOffset="2343" SrcFileId="8" StartOffset="2298"/>
</LocList>
</BasicStmnt>
<BasicStmnt CovItemId="S28" CovItemPrefix="com.OriginalFiles.Analyze.java" Intrnl_Id="1973">
<LocList>
<Loc EndOffset="2372" SrcFileId="8" StartOffset="2353"/>
</LocList>
</BasicStmnt>
<BasicStmnt CovItemId="S29" CovItemPrefix="com.OriginalFiles.Analyze.java" Intrnl_Id="1974">
<LocList>
<Loc EndOffset="2399" SrcFileId="8" StartOffset="2382"/>
</LocList>
</BasicStmnt>
<CondStmnt CovItemId="S30" CovItemPrefix="com.OriginalFiles.Analyze.java" Intrnl_Id="1975">
<Branch CovItemId="B11" CovItemPrefix="com.OriginalFiles.Analyze.java" Implct="false" Intrnl_Id="1976">
<Cond/>
<LocList>
<Loc EndOffset="2522" SrcFileId="8" StartOffset="2439"/>
</LocList>
<StmntSeq Intrnl_Id="1977">
<LocList>
<Loc EndOffset="2511" SrcFileId="8" StartOffset="2454"/>
</LocList>
<BasicStmnt CovItemId="S31" CovItemPrefix="com.OriginalFiles.Analyze.java" Intrnl_Id="1978">
<LocList>
<Loc EndOffset="2511" SrcFileId="8" StartOffset="2454"/>
</LocList>
</BasicStmnt>
</StmntSeq>
</Branch>
<Branch CovItemId="B12" CovItemPrefix="com.OriginalFiles.Analyze.java" Implct="true" Intrnl_Id="1979">
<Cond/>
<LocList/>
<StmntSeq Intrnl_Id="1980">
<LocList/>
</StmntSeq>
</Branch>
<Keyword EndOffset="2411" SrcFileId="8" StartOffset="2409"/>
<LocList>
<Loc EndOffset="2522" SrcFileId="8" StartOffset="2409"/>
</LocList>
<RootTerm CovItemId="C6" CovItemPrefix="com.OriginalFiles.Analyze.java" Intrnl_Id="1981">
<BasicBoolTerm Intrnl_Id="1982">
<LocList>
<Loc EndOffset="2437" SrcFileId="8" StartOffset="2413"/>
</LocList>
</BasicBoolTerm>
</RootTerm>
</CondStmnt>
<BasicStmnt CovItemId="S32" CovItemPrefix="com.OriginalFiles.Analyze.java" Intrnl_Id="1983">
<LocList>
<Loc EndOffset="2552" SrcFileId="8" StartOffset="2532"/>
</LocList>
</BasicStmnt>
</StmntSeq>
</HierarchyLvl>
<HierarchyLvl HierarchyLvlId="727" HierarchyLvlTypeId="14" Intrnl_Id="1984" Name="checkMovement">
<Header>
<Loc EndOffset="2732" SrcFileId="8" StartOffset="2598"/>
</Header>
<LocList>
<Loc EndOffset="3161" SrcFileId="8" StartOffset="2598"/>
</LocList>
<StmntSeq Intrnl_Id="1985">
<LocList>
<Loc EndOffset="3131" SrcFileId="8" StartOffset="2744"/>
<Loc EndOffset="3154" SrcFileId="8" StartOffset="3141"/>
</LocList>
<LoopStmnt CovItemId="S33" CovItemPrefix="com.OriginalFiles.Analyze.java" Intrnl_Id="1986" MltplExecId="L3-2" MltplExecPrefix="com.OriginalFiles.Analyze.java" NvrExecId="L3-0" NvrExecPrefix="com.OriginalFiles.Analyze.java" OnceExecutedId="L3-1" OnceExecutedPrefix="com.OriginalFiles.Analyze.java" OptBodyExec="true">
<StmntSeq Intrnl_Id="1987">
<LocList>
<Loc EndOffset="3120" SrcFileId="8" StartOffset="2792"/>
</LocList>
<CondStmnt CovItemId="S34" CovItemPrefix="com.OriginalFiles.Analyze.java" Intrnl_Id="1988">
<Branch CovItemId="B13" CovItemPrefix="com.OriginalFiles.Analyze.java" Implct="false" Intrnl_Id="1989">
<Cond/>
<LocList>
<Loc EndOffset="3120" SrcFileId="8" StartOffset="2849"/>
</LocList>
<StmntSeq Intrnl_Id="1990">
<LocList>
<Loc EndOffset="3002" SrcFileId="8" StartOffset="2868"/>
<Loc EndOffset="3105" SrcFileId="8" StartOffset="3020"/>
</LocList>
<CondStmnt CovItemId="S35" CovItemPrefix="com.OriginalFiles.Analyze.java" Intrnl_Id="1991">
<Branch CovItemId="B15" CovItemPrefix="com.OriginalFiles.Analyze.java" Implct="false" Intrnl_Id="1992">
<Cond/>
<LocList>
<Loc EndOffset="3002" SrcFileId="8" StartOffset="2918"/>
</LocList>
<StmntSeq Intrnl_Id="1993">
<LocList>
<Loc EndOffset="2983" SrcFileId="8" StartOffset="2941"/>
</LocList>
<BasicStmnt CovItemId="S36" CovItemPrefix="com.OriginalFiles.Analyze.java" Intrnl_Id="1994">
<LocList>
<Loc EndOffset="2983" SrcFileId="8" StartOffset="2941"/>
</LocList>
</BasicStmnt>
</StmntSeq>
</Branch>
<Branch CovItemId="B16" CovItemPrefix="com.OriginalFiles.Analyze.java" Implct="true" Intrnl_Id="1995">
<Cond/>
<LocList/>
<StmntSeq Intrnl_Id="1996">
<LocList/>
</StmntSeq>
</Branch>
<Keyword EndOffset="2870" SrcFileId="8" StartOffset="2868"/>
<LocList>
<Loc EndOffset="3002" SrcFileId="8" StartOffset="2868"/>
</LocList>
<RootTerm CovItemId="C8" CovItemPrefix="com.OriginalFiles.Analyze.java" Intrnl_Id="1997">
<OpTerm BooleanOpId="10" Intrnl_Id="1998">
<BasicBoolTerm Intrnl_Id="1999">
<LocList>
<Loc EndOffset="2880" SrcFileId="8" StartOffset="2872"/>
</LocList>
</BasicBoolTerm>
<OpTerm BooleanOpId="9" Intrnl_Id="2000">
<BasicBoolTerm Intrnl_Id="2001">
<LocList>
<Loc EndOffset="2916" SrcFileId="8" StartOffset="2885"/>
</LocList>
</BasicBoolTerm>
<LocList>
<Loc EndOffset="2885" SrcFileId="8" StartOffset="2884"/>
</LocList>
</OpTerm>
<LocList>
<Loc EndOffset="2883" SrcFileId="8" StartOffset="2881"/>
</LocList>
</OpTerm>
</RootTerm>
</CondStmnt>
<CondStmnt CovItemId="S37" CovItemPrefix="com.OriginalFiles.Analyze.java" Intrnl_Id="2002">
<Branch CovItemId="B17" CovItemPrefix="com.OriginalFiles.Analyze.java" Implct="false" Intrnl_Id="2003">
<Cond/>
<LocList>
<Loc EndOffset="3105" SrcFileId="8" StartOffset="3051"/>
</LocList>
<StmntSeq Intrnl_Id="2004">
<LocList>
<Loc EndOffset="3086" SrcFileId="8" StartOffset="3074"/>
</LocList>
<BasicStmnt CovItemId="S38" CovItemPrefix="com.OriginalFiles.Analyze.java" Intrnl_Id="2005">
<LocList>
<Loc EndOffset="3086" SrcFileId="8" StartOffset="3074"/>
</LocList>
</BasicStmnt>
</StmntSeq>
</Branch>
<Branch CovItemId="B18" CovItemPrefix="com.OriginalFiles.Analyze.java" Implct="true" Intrnl_Id="2006">
<Cond/>
<LocList/>
<StmntSeq Intrnl_Id="2007">
<LocList/>
</StmntSeq>
</Branch>
<Keyword EndOffset="3022" SrcFileId="8" StartOffset="3020"/>
<LocList>
<Loc EndOffset="3105" SrcFileId="8" StartOffset="3020"/>
</LocList>
<RootTerm CovItemId="C9" CovItemPrefix="com.OriginalFiles.Analyze.java" Intrnl_Id="2008">
<BasicBoolTerm Intrnl_Id="2009">
<LocList>
<Loc EndOffset="3049" SrcFileId="8" StartOffset="3024"/>
</LocList>
</BasicBoolTerm>
</RootTerm>
</CondStmnt>
</StmntSeq>
</Branch>
<Branch CovItemId="B14" CovItemPrefix="com.OriginalFiles.Analyze.java" Implct="true" Intrnl_Id="2010">
<Cond/>
<LocList/>
<StmntSeq Intrnl_Id="2011">
<LocList/>
</StmntSeq>
</Branch>
<Keyword EndOffset="2794" SrcFileId="8" StartOffset="2792"/>
<LocList>
<Loc EndOffset="3120" SrcFileId="8" StartOffset="2792"/>
</LocList>
<RootTerm CovItemId="C7" CovItemPrefix="com.OriginalFiles.Analyze.java" Intrnl_Id="2012">
<BasicBoolTerm Intrnl_Id="2013">
<LocList>
<Loc EndOffset="2847" SrcFileId="8" StartOffset="2796"/>
</LocList>
</BasicBoolTerm>
</RootTerm>
</CondStmnt>
</StmntSeq>
<Keyword EndOffset="2747" SrcFileId="8" StartOffset="2744"/>
<LocList>
<Loc EndOffset="3131" SrcFileId="8" StartOffset="2744"/>
</LocList>
</LoopStmnt>
<BasicStmnt CovItemId="S39" CovItemPrefix="com.OriginalFiles.Analyze.java" Intrnl_Id="2014">
<LocList>
<Loc EndOffset="3154" SrcFileId="8" StartOffset="3141"/>
</LocList>
</BasicStmnt>
</StmntSeq>
</HierarchyLvl>
<HierarchyLvl HierarchyLvlId="728" HierarchyLvlTypeId="14" Intrnl_Id="2015" Name="countDownToPanic">
<Header>
<Loc EndOffset="3330" SrcFileId="8" StartOffset="3220"/>
</Header>
<LocList>
<Loc EndOffset="3869" SrcFileId="8" StartOffset="3220"/>
</LocList>
<StmntSeq Intrnl_Id="2016">
<LocList>
<Loc EndOffset="3862" SrcFileId="8" StartOffset="3342"/>
</LocList>
<CondStmnt CovItemId="S40" CovItemPrefix="com.OriginalFiles.Analyze.java" Intrnl_Id="2017">
<Branch CovItemId="B19" CovItemPrefix="com.OriginalFiles.Analyze.java" Implct="false" Intrnl_Id="2018">
<Cond/>
<LocList>
<Loc EndOffset="3862" SrcFileId="8" StartOffset="3359"/>
</LocList>
<StmntSeq Intrnl_Id="2019">
<LocList>
<Loc EndOffset="3851" SrcFileId="8" StartOffset="3374"/>
</LocList>
<CondStmnt CovItemId="S41" CovItemPrefix="com.OriginalFiles.Analyze.java" Intrnl_Id="2020">
<Branch CovItemId="B21" CovItemPrefix="com.OriginalFiles.Analyze.java" Implct="false" Intrnl_Id="2021">
<Cond/>
<LocList>
<Loc EndOffset="3549" SrcFileId="8" StartOffset="3408"/>
</LocList>
<StmntSeq Intrnl_Id="2022">
<LocList>
<Loc EndOffset="3454" SrcFileId="8" StartOffset="3427"/>
<Loc EndOffset="3487" SrcFileId="8" StartOffset="3472"/>
<Loc EndOffset="3534" SrcFileId="8" StartOffset="3505"/>
</LocList>
<BasicStmnt CovItemId="S42" CovItemPrefix="com.OriginalFiles.Analyze.java" Intrnl_Id="2023">
<LocList>
<Loc EndOffset="3454" SrcFileId="8" StartOffset="3427"/>
</LocList>
</BasicStmnt>
<BasicStmnt CovItemId="S43" CovItemPrefix="com.OriginalFiles.Analyze.java" Intrnl_Id="2024">
<LocList>
<Loc EndOffset="3487" SrcFileId="8" StartOffset="3472"/>
</LocList>
</BasicStmnt>
<BasicStmnt CovItemId="S44" CovItemPrefix="com.OriginalFiles.Analyze.java" Intrnl_Id="2025">
<LocList>
<Loc EndOffset="3534" SrcFileId="8" StartOffset="3505"/>
</LocList>
</BasicStmnt>
</StmntSeq>
</Branch>
<Branch CovItemId="B22" CovItemPrefix="com.OriginalFiles.Analyze.java" Implct="false" Intrnl_Id="2026">
<Cond>
<Loc EndOffset="3554" SrcFileId="8" StartOffset="3550"/>
</Cond>
<LocList>
<Loc EndOffset="3851" SrcFileId="8" StartOffset="3555"/>
</LocList>
<StmntSeq Intrnl_Id="2027">
<LocList>
<Loc EndOffset="3851" SrcFileId="8" StartOffset="3555"/>
</LocList>
<CondStmnt CovItemId="S45" CovItemPrefix="com.OriginalFiles.Analyze.java" Intrnl_Id="2028">
<Branch CovItemId="B23" CovItemPrefix="com.OriginalFiles.Analyze.java" Implct="false" Intrnl_Id="2029">
<Cond/>
<LocList>
<Loc EndOffset="3778" SrcFileId="8" StartOffset="3589"/>
</LocList>
<StmntSeq Intrnl_Id="2030">
<LocList>
<Loc EndOffset="3638" SrcFileId="8" StartOffset="3608"/>
<Loc EndOffset="3683" SrcFileId="8" StartOffset="3656"/>
<Loc EndOffset="3716" SrcFileId="8" StartOffset="3701"/>
<Loc EndOffset="3763" SrcFileId="8" StartOffset="3734"/>
</LocList>
<BasicStmnt CovItemId="S46" CovItemPrefix="com.OriginalFiles.Analyze.java" Intrnl_Id="2031">
<LocList>
<Loc EndOffset="3638" SrcFileId="8" StartOffset="3608"/>
</LocList>
</BasicStmnt>
<BasicStmnt CovItemId="S47" CovItemPrefix="com.OriginalFiles.Analyze.java" Intrnl_Id="2032">
<LocList>
<Loc EndOffset="3683" SrcFileId="8" StartOffset="3656"/>
</LocList>
</BasicStmnt>
<BasicStmnt CovItemId="S48" CovItemPrefix="com.OriginalFiles.Analyze.java" Intrnl_Id="2033">
<LocList>
<Loc EndOffset="3716" SrcFileId="8" StartOffset="3701"/>
</LocList>
</BasicStmnt>
<BasicStmnt CovItemId="S49" CovItemPrefix="com.OriginalFiles.Analyze.java" Intrnl_Id="2034">
<LocList>
<Loc EndOffset="3763" SrcFileId="8" StartOffset="3734"/>
</LocList>
</BasicStmnt>
</StmntSeq>
</Branch>
<Branch CovItemId="B24" CovItemPrefix="com.OriginalFiles.Analyze.java" Implct="false" Intrnl_Id="2035">
<Cond>
<Loc EndOffset="3783" SrcFileId="8" StartOffset="3779"/>
</Cond>
<LocList>
<Loc EndOffset="3851" SrcFileId="8" StartOffset="3784"/>
</LocList>
<StmntSeq Intrnl_Id="2036">
<LocList>
<Loc EndOffset="3836" SrcFileId="8" StartOffset="3803"/>
</LocList>
<BasicStmnt CovItemId="S50" CovItemPrefix="com.OriginalFiles.Analyze.java" Intrnl_Id="2037">
<LocList>
<Loc EndOffset="3836" SrcFileId="8" StartOffset="3803"/>
</LocList>
</BasicStmnt>
</StmntSeq>
</Branch>
<Keyword EndOffset="3557" SrcFileId="8" StartOffset="3555"/>
<LocList>
<Loc EndOffset="3851" SrcFileId="8" StartOffset="3555"/>
</LocList>
<RootTerm CovItemId="C12" CovItemPrefix="com.OriginalFiles.Analyze.java" Intrnl_Id="2038">
<BasicBoolTerm Intrnl_Id="2039">
<LocList>
<Loc EndOffset="3587" SrcFileId="8" StartOffset="3559"/>
</LocList>
</BasicBoolTerm>
</RootTerm>
</CondStmnt>
</StmntSeq>
</Branch>
<Keyword EndOffset="3376" SrcFileId="8" StartOffset="3374"/>
<LocList>
<Loc EndOffset="3851" SrcFileId="8" StartOffset="3374"/>
</LocList>
<RootTerm CovItemId="C11" CovItemPrefix="com.OriginalFiles.Analyze.java" Intrnl_Id="2040">
<BasicBoolTerm Intrnl_Id="2041">
<LocList>
<Loc EndOffset="3406" SrcFileId="8" StartOffset="3378"/>
</LocList>
</BasicBoolTerm>
</RootTerm>
</CondStmnt>
</StmntSeq>
</Branch>
<Branch CovItemId="B20" CovItemPrefix="com.OriginalFiles.Analyze.java" Implct="true" Intrnl_Id="2042">
<Cond/>
<LocList/>
<StmntSeq Intrnl_Id="2043">
<LocList/>
</StmntSeq>
</Branch>
<Keyword EndOffset="3344" SrcFileId="8" StartOffset="3342"/>
<LocList>
<Loc EndOffset="3862" SrcFileId="8" StartOffset="3342"/>
</LocList>
<RootTerm CovItemId="C10" CovItemPrefix="com.OriginalFiles.Analyze.java" Intrnl_Id="2044">
<OpTerm BooleanOpId="9" Intrnl_Id="2045">
<BasicBoolTerm Intrnl_Id="2046">
<LocList>
<Loc EndOffset="3357" SrcFileId="8" StartOffset="3347"/>
</LocList>
</BasicBoolTerm>
<LocList>
<Loc EndOffset="3347" SrcFileId="8" StartOffset="3346"/>
</LocList>
</OpTerm>
</RootTerm>
</CondStmnt>
</StmntSeq>
</HierarchyLvl>
<HierarchyLvl HierarchyLvlId="729" HierarchyLvlTypeId="14" Intrnl_Id="2047" Name="trackMovement">
<Header>
<Loc EndOffset="4057" SrcFileId="8" StartOffset="3944"/>
</Header>
<LocList>
<Loc EndOffset="4467" SrcFileId="8" StartOffset="3944"/>
</LocList>
<StmntSeq Intrnl_Id="2048">
<LocList>
<Loc EndOffset="4096" SrcFileId="8" StartOffset="4069"/>
<Loc EndOffset="4430" SrcFileId="8" StartOffset="4106"/>
<Loc EndOffset="4460" SrcFileId="8" StartOffset="4442"/>
</LocList>
<BasicStmnt CovItemId="S51" CovItemPrefix="com.OriginalFiles.Analyze.java" Intrnl_Id="2049">
<LocList>
<Loc EndOffset="4096" SrcFileId="8" StartOffset="4069"/>
</LocList>
</BasicStmnt>
<CondStmnt CovItemId="S52" CovItemPrefix="com.OriginalFiles.Analyze.java" Intrnl_Id="2050">
<Branch CovItemId="B25" CovItemPrefix="com.OriginalFiles.Analyze.java" Implct="false" Intrnl_Id="2051">
<Cond/>
<LocList>
<Loc EndOffset="4354" SrcFileId="8" StartOffset="4143"/>
</LocList>
<StmntSeq Intrnl_Id="2052">
<LocList>
<Loc EndOffset="4236" SrcFileId="8" StartOffset="4158"/>
<Loc EndOffset="4343" SrcFileId="8" StartOffset="4250"/>
</LocList>
<CondStmnt CovItemId="S53" CovItemPrefix="com.OriginalFiles.Analyze.java" Intrnl_Id="2053">
<Branch CovItemId="B27" CovItemPrefix="com.OriginalFiles.Analyze.java" Implct="false" Intrnl_Id="2054">
<Cond/>
<LocList>
<Loc EndOffset="4236" SrcFileId="8" StartOffset="4184"/>
</LocList>
<StmntSeq Intrnl_Id="2055">
<LocList>
<Loc EndOffset="4221" SrcFileId="8" StartOffset="4203"/>
</LocList>
<BasicStmnt CovItemId="S54" CovItemPrefix="com.OriginalFiles.Analyze.java" Intrnl_Id="2056">
<LocList>
<Loc EndOffset="4221" SrcFileId="8" StartOffset="4203"/>
</LocList>
</BasicStmnt>
</StmntSeq>
</Branch>
<Branch CovItemId="B28" CovItemPrefix="com.OriginalFiles.Analyze.java" Implct="true" Intrnl_Id="2057">
<Cond/>
<LocList/>
<StmntSeq Intrnl_Id="2058">
<LocList/>
</StmntSeq>
</Branch>
<Keyword EndOffset="4160" SrcFileId="8" StartOffset="4158"/>
<LocList>
<Loc EndOffset="4236" SrcFileId="8" StartOffset="4158"/>
</LocList>
<RootTerm CovItemId="C14" CovItemPrefix="com.OriginalFiles.Analyze.java" Intrnl_Id="2059">
<BasicBoolTerm Intrnl_Id="2060">
<LocList>
<Loc EndOffset="4182" SrcFileId="8" StartOffset="4162"/>
</LocList>
</BasicBoolTerm>
</RootTerm>
</CondStmnt>
<CondStmnt CovItemId="S55" CovItemPrefix="com.OriginalFiles.Analyze.java" Intrnl_Id="2061">
<Branch CovItemId="B29" CovItemPrefix="com.OriginalFiles.Analyze.java" Implct="false" Intrnl_Id="2062">
<Cond/>
<LocList>
<Loc EndOffset="4343" SrcFileId="8" StartOffset="4267"/>
</LocList>
<StmntSeq Intrnl_Id="2063">
<LocList>
<Loc EndOffset="4328" SrcFileId="8" StartOffset="4286"/>
</LocList>
<BasicStmnt CovItemId="S56" CovItemPrefix="com.OriginalFiles.Analyze.java" Intrnl_Id="2064">
<LocList>
<Loc EndOffset="4328" SrcFileId="8" StartOffset="4286"/>
</LocList>
</BasicStmnt>
</StmntSeq>
</Branch>
<Branch CovItemId="B30" CovItemPrefix="com.OriginalFiles.Analyze.java" Implct="true" Intrnl_Id="2065">
<Cond/>
<LocList/>
<StmntSeq Intrnl_Id="2066">
<LocList/>
</StmntSeq>
</Branch>
<Keyword EndOffset="4252" SrcFileId="8" StartOffset="4250"/>
<LocList>
<Loc EndOffset="4343" SrcFileId="8" StartOffset="4250"/>
</LocList>
<RootTerm CovItemId="C15" CovItemPrefix="com.OriginalFiles.Analyze.java" Intrnl_Id="2067">
<OpTerm BooleanOpId="9" Intrnl_Id="2068">
<BasicBoolTerm Intrnl_Id="2069">
<LocList>
<Loc EndOffset="4265" SrcFileId="8" StartOffset="4255"/>
</LocList>
</BasicBoolTerm>
<LocList>
<Loc EndOffset="4255" SrcFileId="8" StartOffset="4254"/>
</LocList>
</OpTerm>
</RootTerm>
</CondStmnt>
</StmntSeq>
</Branch>
<Branch CovItemId="B26" CovItemPrefix="com.OriginalFiles.Analyze.java" Implct="false" Intrnl_Id="2070">
<Cond>
<Loc EndOffset="4359" SrcFileId="8" StartOffset="4355"/>
</Cond>
<LocList>
<Loc EndOffset="4430" SrcFileId="8" StartOffset="4360"/>
</LocList>
<StmntSeq Intrnl_Id="2071">
<LocList>
<Loc EndOffset="4430" SrcFileId="8" StartOffset="4360"/>
</LocList>
<CondStmnt CovItemId="S57" CovItemPrefix="com.OriginalFiles.Analyze.java" Intrnl_Id="2072">
<Branch CovItemId="B31" CovItemPrefix="com.OriginalFiles.Analyze.java" Implct="false" Intrnl_Id="2073">
<Cond/>
<LocList>
<Loc EndOffset="4430" SrcFileId="8" StartOffset="4386"/>
</LocList>
<StmntSeq Intrnl_Id="2074">
<LocList>
<Loc EndOffset="4419" SrcFileId="8" StartOffset="4401"/>
</LocList>
<BasicStmnt CovItemId="S58" CovItemPrefix="com.OriginalFiles.Analyze.java" Intrnl_Id="2075">
<LocList>
<Loc EndOffset="4419" SrcFileId="8" StartOffset="4401"/>
</LocList>
</BasicStmnt>
</StmntSeq>
</Branch>
<Branch CovItemId="B32" CovItemPrefix="com.OriginalFiles.Analyze.java" Implct="true" Intrnl_Id="2076">
<Cond/>
<LocList/>
<StmntSeq Intrnl_Id="2077">
<LocList/>
</StmntSeq>
</Branch>
<Keyword EndOffset="4362" SrcFileId="8" StartOffset="4360"/>
<LocList>
<Loc EndOffset="4430" SrcFileId="8" StartOffset="4360"/>
</LocList>
<RootTerm CovItemId="C16" CovItemPrefix="com.OriginalFiles.Analyze.java" Intrnl_Id="2078">
<BasicBoolTerm Intrnl_Id="2079">
<LocList>
<Loc EndOffset="4384" SrcFileId="8" StartOffset="4364"/>
</LocList>
</BasicBoolTerm>
</RootTerm>
</CondStmnt>
</StmntSeq>
</Branch>
<Keyword EndOffset="4108" SrcFileId="8" StartOffset="4106"/>
<LocList>
<Loc EndOffset="4430" SrcFileId="8" StartOffset="4106"/>
</LocList>
<RootTerm CovItemId="C13" CovItemPrefix="com.OriginalFiles.Analyze.java" Intrnl_Id="2080">
<BasicBoolTerm Intrnl_Id="2081">
<LocList>
<Loc EndOffset="4141" SrcFileId="8" StartOffset="4110"/>
</LocList>
</BasicBoolTerm>
</RootTerm>
</CondStmnt>
<BasicStmnt CovItemId="S59" CovItemPrefix="com.OriginalFiles.Analyze.java" Intrnl_Id="2082">
<LocList>
<Loc EndOffset="4460" SrcFileId="8" StartOffset="4442"/>
</LocList>
</BasicStmnt>
</StmntSeq>
</HierarchyLvl>
<HierarchyLvl HierarchyLvlId="730" HierarchyLvlTypeId="14" Intrnl_Id="2083" Name="checkMove">
<Header>
<Loc EndOffset="4613" SrcFileId="8" StartOffset="4504"/>
</Header>
<LocList>
<Loc EndOffset="6895" SrcFileId="8" StartOffset="4504"/>
</LocList>
<StmntSeq Intrnl_Id="2084">
<LocList>
<Loc EndOffset="6865" SrcFileId="8" StartOffset="4675"/>
<Loc EndOffset="6888" SrcFileId="8" StartOffset="6875"/>
</LocList>
<CondStmnt CovItemId="S60" CovItemPrefix="com.OriginalFiles.Analyze.java" Intrnl_Id="2085">
<Branch CovItemId="B33" CovItemPrefix="com.OriginalFiles.Analyze.java" Implct="false" Intrnl_Id="2086">
<Cond/>
<LocList>
<Loc EndOffset="6865" SrcFileId="8" StartOffset="4724"/>
</LocList>
<StmntSeq Intrnl_Id="2087">
<LocList>
<Loc EndOffset="6854" SrcFileId="8" StartOffset="4780"/>
</LocList>
<CondStmnt CovItemId="S61" CovItemPrefix="com.OriginalFiles.Analyze.java" Intrnl_Id="2088">
<Branch CovItemId="B35" CovItemPrefix="com.OriginalFiles.Analyze.java" Implct="false" Intrnl_Id="2089">
<Cond/>
<LocList>
<Loc EndOffset="5265" SrcFileId="8" StartOffset="4837"/>
</LocList>
<StmntSeq Intrnl_Id="2090">
<LocList>
<Loc EndOffset="5214" SrcFileId="8" StartOffset="4856"/>
</LocList>
<CondStmnt CovItemId="S62" CovItemPrefix="com.OriginalFiles.Analyze.java" Intrnl_Id="2091">
<Branch CovItemId="B37" CovItemPrefix="com.OriginalFiles.Analyze.java" Implct="false" Intrnl_Id="2092">
<Cond/>
<LocList>
<Loc EndOffset="5153" SrcFileId="8" StartOffset="4962"/>
</LocList>
<StmntSeq Intrnl_Id="2093">
<LocList>
<Loc EndOffset="5100" SrcFileId="8" StartOffset="4985"/>
<Loc EndOffset="5134" SrcFileId="8" StartOffset="5122"/>
</LocList>
<BasicStmnt CovItemId="S63" CovItemPrefix="com.OriginalFiles.Analyze.java" Intrnl_Id="2094">
<LocList>
<Loc EndOffset="5100" SrcFileId="8" StartOffset="4985"/>
</LocList>
</BasicStmnt>
<BasicStmnt CovItemId="S64" CovItemPrefix="com.OriginalFiles.Analyze.java" Intrnl_Id="2095">
<LocList>
<Loc EndOffset="5134" SrcFileId="8" StartOffset="5122"/>
</LocList>
</BasicStmnt>
</StmntSeq>
</Branch>
<Branch CovItemId="B38" CovItemPrefix="com.OriginalFiles.Analyze.java" Implct="false" Intrnl_Id="2096">
<Cond>
<Loc EndOffset="5158" SrcFileId="8" StartOffset="5154"/>
</Cond>
<LocList>
<Loc EndOffset="5214" SrcFileId="8" StartOffset="5159"/>
</LocList>
<StmntSeq Intrnl_Id="2097">
<LocList>
<Loc EndOffset="5195" SrcFileId="8" StartOffset="5182"/>
</LocList>
<BasicStmnt CovItemId="S65" CovItemPrefix="com.OriginalFiles.Analyze.java" Intrnl_Id="2098">
<LocList>
<Loc EndOffset="5195" SrcFileId="8" StartOffset="5182"/>
</LocList>
</BasicStmnt>
</StmntSeq>
</Branch>
<Keyword EndOffset="4858" SrcFileId="8" StartOffset="4856"/>
<LocList>
<Loc EndOffset="5214" SrcFileId="8" StartOffset="4856"/>
</LocList>
<RootTerm CovItemId="C19" CovItemPrefix="com.OriginalFiles.Analyze.java" Intrnl_Id="2099">
<BasicBoolTerm Intrnl_Id="2100">
<LocList>
<Loc EndOffset="4960" SrcFileId="8" StartOffset="4860"/>
</LocList>
</BasicBoolTerm>
</RootTerm>
</CondStmnt>
</StmntSeq>
</Branch>
<Branch CovItemId="B36" CovItemPrefix="com.OriginalFiles.Analyze.java" Implct="false" Intrnl_Id="2101">
<Cond>
<Loc EndOffset="5270" SrcFileId="8" StartOffset="5266"/>
</Cond>
<LocList>
<Loc EndOffset="6854" SrcFileId="8" StartOffset="5271"/>
</LocList>
<StmntSeq Intrnl_Id="2102">
<LocList>
<Loc EndOffset="6854" SrcFileId="8" StartOffset="5271"/>
</LocList>
<CondStmnt CovItemId="S66" CovItemPrefix="com.OriginalFiles.Analyze.java" Intrnl_Id="2103">
<Branch CovItemId="B39" CovItemPrefix="com.OriginalFiles.Analyze.java" Implct="false" Intrnl_Id="2104">
<Cond/>
<LocList>
<Loc EndOffset="5770" SrcFileId="8" StartOffset="5329"/>
</LocList>
<StmntSeq Intrnl_Id="2105">
<LocList>
<Loc EndOffset="5706" SrcFileId="8" StartOffset="5348"/>
</LocList>
<CondStmnt CovItemId="S67" CovItemPrefix="com.OriginalFiles.Analyze.java" Intrnl_Id="2106">
<Branch CovItemId="B41" CovItemPrefix="com.OriginalFiles.Analyze.java" Implct="false" Intrnl_Id="2107">
<Cond/>
<LocList>
<Loc EndOffset="5645" SrcFileId="8" StartOffset="5454"/>
</LocList>
<StmntSeq Intrnl_Id="2108">
<LocList>
<Loc EndOffset="5592" SrcFileId="8" StartOffset="5477"/>
<Loc EndOffset="5626" SrcFileId="8" StartOffset="5614"/>
</LocList>
<BasicStmnt CovItemId="S68" CovItemPrefix="com.OriginalFiles.Analyze.java" Intrnl_Id="2109">
<LocList>
<Loc EndOffset="5592" SrcFileId="8" StartOffset="5477"/>
</LocList>
</BasicStmnt>
<BasicStmnt CovItemId="S69" CovItemPrefix="com.OriginalFiles.Analyze.java" Intrnl_Id="2110">
<LocList>
<Loc EndOffset="5626" SrcFileId="8" StartOffset="5614"/>
</LocList>
</BasicStmnt>
</StmntSeq>
</Branch>
<Branch CovItemId="B42" CovItemPrefix="com.OriginalFiles.Analyze.java" Implct="false" Intrnl_Id="2111">
<Cond>
<Loc EndOffset="5650" SrcFileId="8" StartOffset="5646"/>
</Cond>
<LocList>
<Loc EndOffset="5706" SrcFileId="8" StartOffset="5651"/>
</LocList>
<StmntSeq Intrnl_Id="2112">
<LocList>
<Loc EndOffset="5687" SrcFileId="8" StartOffset="5674"/>
</LocList>
<BasicStmnt CovItemId="S70" CovItemPrefix="com.OriginalFiles.Analyze.java" Intrnl_Id="2113">
<LocList>
<Loc EndOffset="5687" SrcFileId="8" StartOffset="5674"/>
</LocList>
</BasicStmnt>
</StmntSeq>
</Branch>
<Keyword EndOffset="5350" SrcFileId="8" StartOffset="5348"/>
<LocList>
<Loc EndOffset="5706" SrcFileId="8" StartOffset="5348"/>
</LocList>
<RootTerm CovItemId="C21" CovItemPrefix="com.OriginalFiles.Analyze.java" Intrnl_Id="2114">
<BasicBoolTerm Intrnl_Id="2115">
<LocList>
<Loc EndOffset="5452" SrcFileId="8" StartOffset="5352"/>
</LocList>
</BasicBoolTerm>
</RootTerm>
</CondStmnt>
</StmntSeq>
</Branch>
<Branch CovItemId="B40" CovItemPrefix="com.OriginalFiles.Analyze.java" Implct="false" Intrnl_Id="2116">
<Cond>
<Loc EndOffset="5775" SrcFileId="8" StartOffset="5771"/>
</Cond>
<LocList>
<Loc EndOffset="6854" SrcFileId="8" StartOffset="5776"/>
</LocList>
<StmntSeq Intrnl_Id="2117">
<LocList>
<Loc EndOffset="6854" SrcFileId="8" StartOffset="5776"/>
</LocList>
<CondStmnt CovItemId="S71" CovItemPrefix="com.OriginalFiles.Analyze.java" Intrnl_Id="2118">
<Branch CovItemId="B43" CovItemPrefix="com.OriginalFiles.Analyze.java" Implct="false" Intrnl_Id="2119">
<Cond/>
<LocList>
<Loc EndOffset="6854" SrcFileId="8" StartOffset="5815"/>
</LocList>
<StmntSeq Intrnl_Id="2120">
<LocList>
<Loc EndOffset="6839" SrcFileId="8" StartOffset="5834"/>
</LocList>
<CondStmnt CovItemId="S72" CovItemPrefix="com.OriginalFiles.Analyze.java" Intrnl_Id="2121">
<Branch CovItemId="B45" CovItemPrefix="com.OriginalFiles.Analyze.java" Implct="false" Intrnl_Id="2122">
<Cond/>
<LocList>
<Loc EndOffset="6320" SrcFileId="8" StartOffset="5892"/>
</LocList>
<StmntSeq Intrnl_Id="2123">
<LocList>
<Loc EndOffset="6301" SrcFileId="8" StartOffset="5915"/>
</LocList>
<CondStmnt CovItemId="S73" CovItemPrefix="com.OriginalFiles.Analyze.java" Intrnl_Id="2124">
<Branch CovItemId="B47" CovItemPrefix="com.OriginalFiles.Analyze.java" Implct="false" Intrnl_Id="2125">
<Cond/>
<LocList>
<Loc EndOffset="6232" SrcFileId="8" StartOffset="6025"/>
</LocList>
<StmntSeq Intrnl_Id="2126">
<LocList>
<Loc EndOffset="6171" SrcFileId="8" StartOffset="6052"/>
<Loc EndOffset="6209" SrcFileId="8" StartOffset="6197"/>
</LocList>
<BasicStmnt CovItemId="S74" CovItemPrefix="com.OriginalFiles.Analyze.java" Intrnl_Id="2127">
<LocList>
<Loc EndOffset="6171" SrcFileId="8" StartOffset="6052"/>
</LocList>
</BasicStmnt>
<BasicStmnt CovItemId="S75" CovItemPrefix="com.OriginalFiles.Analyze.java" Intrnl_Id="2128">
<LocList>
<Loc EndOffset="6209" SrcFileId="8" StartOffset="6197"/>
</LocList>
</BasicStmnt>
</StmntSeq>
</Branch>
<Branch CovItemId="B48" CovItemPrefix="com.OriginalFiles.Analyze.java" Implct="false" Intrnl_Id="2129">
<Cond>
<Loc EndOffset="6237" SrcFileId="8" StartOffset="6233"/>
</Cond>
<LocList>
<Loc EndOffset="6301" SrcFileId="8" StartOffset="6238"/>
</LocList>
<StmntSeq Intrnl_Id="2130">
<LocList>
<Loc EndOffset="6278" SrcFileId="8" StartOffset="6265"/>
</LocList>
<BasicStmnt CovItemId="S76" CovItemPrefix="com.OriginalFiles.Analyze.java" Intrnl_Id="2131">
<LocList>
<Loc EndOffset="6278" SrcFileId="8" StartOffset="6265"/>
</LocList>
</BasicStmnt>
</StmntSeq>
</Branch>
<Keyword EndOffset="5917" SrcFileId="8" StartOffset="5915"/>
<LocList>
<Loc EndOffset="6301" SrcFileId="8" StartOffset="5915"/>
</LocList>
<RootTerm CovItemId="C24" CovItemPrefix="com.OriginalFiles.Analyze.java" Intrnl_Id="2132">
<BasicBoolTerm Intrnl_Id="2133">
<LocList>
<Loc EndOffset="6023" SrcFileId="8" StartOffset="5919"/>
</LocList>
</BasicBoolTerm>
</RootTerm>
</CondStmnt>
</StmntSeq>
</Branch>
<Branch CovItemId="B46" CovItemPrefix="com.OriginalFiles.Analyze.java" Implct="false" Intrnl_Id="2134">
<Cond>
<Loc EndOffset="6325" SrcFileId="8" StartOffset="6321"/>
</Cond>
<LocList>
<Loc EndOffset="6839" SrcFileId="8" StartOffset="6326"/>
</LocList>
<StmntSeq Intrnl_Id="2135">
<LocList>
<Loc EndOffset="6839" SrcFileId="8" StartOffset="6326"/>
</LocList>
<CondStmnt CovItemId="S77" CovItemPrefix="com.OriginalFiles.Analyze.java" Intrnl_Id="2136">
<Branch CovItemId="B49" CovItemPrefix="com.OriginalFiles.Analyze.java" Implct="false" Intrnl_Id="2137">
<Cond/>
<LocList>
<Loc EndOffset="6839" SrcFileId="8" StartOffset="6411"/>
</LocList>
<StmntSeq Intrnl_Id="2138">
<LocList>
<Loc EndOffset="6820" SrcFileId="8" StartOffset="6434"/>
</LocList>
<CondStmnt CovItemId="S78" CovItemPrefix="com.OriginalFiles.Analyze.java" Intrnl_Id="2139">
<Branch CovItemId="B51" CovItemPrefix="com.OriginalFiles.Analyze.java" Implct="false" Intrnl_Id="2140">
<Cond/>
<LocList>
<Loc EndOffset="6751" SrcFileId="8" StartOffset="6544"/>
</LocList>
<StmntSeq Intrnl_Id="2141">
<LocList>
<Loc EndOffset="6690" SrcFileId="8" StartOffset="6571"/>
<Loc EndOffset="6728" SrcFileId="8" StartOffset="6716"/>
</LocList>
<BasicStmnt CovItemId="S79" CovItemPrefix="com.OriginalFiles.Analyze.java" Intrnl_Id="2142">
<LocList>
<Loc EndOffset="6690" SrcFileId="8" StartOffset="6571"/>
</LocList>
</BasicStmnt>
<BasicStmnt CovItemId="S80" CovItemPrefix="com.OriginalFiles.Analyze.java" Intrnl_Id="2143">
<LocList>
<Loc EndOffset="6728" SrcFileId="8" StartOffset="6716"/>
</LocList>
</BasicStmnt>
</StmntSeq>
</Branch>
<Branch CovItemId="B52" CovItemPrefix="com.OriginalFiles.Analyze.java" Implct="false" Intrnl_Id="2144">
<Cond>
<Loc EndOffset="6756" SrcFileId="8" StartOffset="6752"/>
</Cond>
<LocList>
<Loc EndOffset="6820" SrcFileId="8" StartOffset="6757"/>
</LocList>
<StmntSeq Intrnl_Id="2145">
<LocList>
<Loc EndOffset="6797" SrcFileId="8" StartOffset="6784"/>
</LocList>
<BasicStmnt CovItemId="S81" CovItemPrefix="com.OriginalFiles.Analyze.java" Intrnl_Id="2146">
<LocList>
<Loc EndOffset="6797" SrcFileId="8" StartOffset="6784"/>
</LocList>
</BasicStmnt>
</StmntSeq>
</Branch>
<Keyword EndOffset="6436" SrcFileId="8" StartOffset="6434"/>
<LocList>
<Loc EndOffset="6820" SrcFileId="8" StartOffset="6434"/>
</LocList>
<RootTerm CovItemId="C26" CovItemPrefix="com.OriginalFiles.Analyze.java" Intrnl_Id="2147">
<BasicBoolTerm Intrnl_Id="2148">
<LocList>
<Loc EndOffset="6542" SrcFileId="8" StartOffset="6438"/>
</LocList>
</BasicBoolTerm>
</RootTerm>
</CondStmnt>
</StmntSeq>
</Branch>
<Branch CovItemId="B50" CovItemPrefix="com.OriginalFiles.Analyze.java" Implct="true" Intrnl_Id="2149">
<Cond/>
<LocList/>
<StmntSeq Intrnl_Id="2150">
<LocList/>
</StmntSeq>
</Branch>
<Keyword EndOffset="6328" SrcFileId="8" StartOffset="6326"/>
<LocList>
<Loc EndOffset="6839" SrcFileId="8" StartOffset="6326"/>
</LocList>
<RootTerm CovItemId="C25" CovItemPrefix="com.OriginalFiles.Analyze.java" Intrnl_Id="2151">
<BasicBoolTerm Intrnl_Id="2152">
<LocList>
<Loc EndOffset="6409" SrcFileId="8" StartOffset="6330"/>
</LocList>
</BasicBoolTerm>
</RootTerm>
</CondStmnt>
</StmntSeq>
</Branch>
<Keyword EndOffset="5836" SrcFileId="8" StartOffset="5834"/>
<LocList>
<Loc EndOffset="6839" SrcFileId="8" StartOffset="5834"/>
</LocList>
<RootTerm CovItemId="C23" CovItemPrefix="com.OriginalFiles.Analyze.java" Intrnl_Id="2153">
<BasicBoolTerm Intrnl_Id="2154">
<LocList>
<Loc EndOffset="5890" SrcFileId="8" StartOffset="5838"/>
</LocList>
</BasicBoolTerm>
</RootTerm>
</CondStmnt>
</StmntSeq>
</Branch>
<Branch CovItemId="B44" CovItemPrefix="com.OriginalFiles.Analyze.java" Implct="true" Intrnl_Id="2155">
<Cond/>
<LocList/>
<StmntSeq Intrnl_Id="2156">
<LocList/>
</StmntSeq>
</Branch>
<Keyword EndOffset="5778" SrcFileId="8" StartOffset="5776"/>
<LocList>
<Loc EndOffset="6854" SrcFileId="8" StartOffset="5776"/>
</LocList>
<RootTerm CovItemId="C22" CovItemPrefix="com.OriginalFiles.Analyze.java" Intrnl_Id="2157">
<BasicBoolTerm Intrnl_Id="2158">
<LocList>
<Loc EndOffset="5813" SrcFileId="8" StartOffset="5780"/>
</LocList>
</BasicBoolTerm>
</RootTerm>
</CondStmnt>
</StmntSeq>
</Branch>
<Keyword EndOffset="5273" SrcFileId="8" StartOffset="5271"/>
<LocList>
<Loc EndOffset="6854" SrcFileId="8" StartOffset="5271"/>
</LocList>
<RootTerm CovItemId="C20" CovItemPrefix="com.OriginalFiles.Analyze.java" Intrnl_Id="2159">
<BasicBoolTerm Intrnl_Id="2160">
<LocList>
<Loc EndOffset="5327" SrcFileId="8" StartOffset="5275"/>
</LocList>
</BasicBoolTerm>
</RootTerm>
</CondStmnt>
</StmntSeq>
</Branch>
<Keyword EndOffset="4782" SrcFileId="8" StartOffset="4780"/>
<LocList>
<Loc EndOffset="6854" SrcFileId="8" StartOffset="4780"/>
</LocList>
<RootTerm CovItemId="C18" CovItemPrefix="com.OriginalFiles.Analyze.java" Intrnl_Id="2161">
<BasicBoolTerm Intrnl_Id="2162">
<LocList>
<Loc EndOffset="4835" SrcFileId="8" StartOffset="4784"/>
</LocList>
</BasicBoolTerm>
</RootTerm>
</CondStmnt>
</StmntSeq>
</Branch>
<Branch CovItemId="B34" CovItemPrefix="com.OriginalFiles.Analyze.java" Implct="true" Intrnl_Id="2163">
<Cond/>
<LocList/>
<StmntSeq Intrnl_Id="2164">
<LocList/>
</StmntSeq>
</Branch>
<Keyword EndOffset="4677" SrcFileId="8" StartOffset="4675"/>
<LocList>
<Loc EndOffset="6865" SrcFileId="8" StartOffset="4675"/>
</LocList>
<RootTerm CovItemId="C17" CovItemPrefix="com.OriginalFiles.Analyze.java" Intrnl_Id="2165">
<BasicBoolTerm Intrnl_Id="2166">
<LocList>
<Loc EndOffset="4722" SrcFileId="8" StartOffset="4679"/>
</LocList>
</BasicBoolTerm>
</RootTerm>
</CondStmnt>
<BasicStmnt CovItemId="S82" CovItemPrefix="com.OriginalFiles.Analyze.java" Intrnl_Id="2167">
<LocList>
<Loc EndOffset="6888" SrcFileId="8" StartOffset="6875"/>
</LocList>
</BasicStmnt>
</StmntSeq>
</HierarchyLvl>
<HierarchyLvl HierarchyLvlId="731" HierarchyLvlTypeId="14" Intrnl_Id="2168" Name="validateMove">
<Header>
<Loc EndOffset="7068" SrcFileId="8" StartOffset="6964"/>
</Header>
<LocList>
<Loc EndOffset="8223" SrcFileId="8" StartOffset="6964"/>
</LocList>
<StmntSeq Intrnl_Id="2169">
<LocList>
<Loc EndOffset="7130" SrcFileId="8" StartOffset="7082"/>
<Loc EndOffset="7287" SrcFileId="8" StartOffset="7140"/>
<Loc EndOffset="7444" SrcFileId="8" StartOffset="7297"/>
<Loc EndOffset="7601" SrcFileId="8" StartOffset="7454"/>
<Loc EndOffset="7758" SrcFileId="8" StartOffset="7611"/>
<Loc EndOffset="7795" SrcFileId="8" StartOffset="7768"/>
<Loc EndOffset="8187" SrcFileId="8" StartOffset="7805"/>
<Loc EndOffset="8216" SrcFileId="8" StartOffset="8197"/>
</LocList>
<BasicStmnt CovItemId="S83" CovItemPrefix="com.OriginalFiles.Analyze.java" Intrnl_Id="2170">
<LocList>
<Loc EndOffset="7130" SrcFileId="8" StartOffset="7082"/>
</LocList>
</BasicStmnt>
<CondStmnt CovItemId="S84" CovItemPrefix="com.OriginalFiles.Analyze.java" Intrnl_Id="2171">
<Branch CovItemId="B53" CovItemPrefix="com.OriginalFiles.Analyze.java" Implct="false" Intrnl_Id="2172">
<Cond/>
<LocList>
<Loc EndOffset="7287" SrcFileId="8" StartOffset="7197"/>
</LocList>
<StmntSeq Intrnl_Id="2173">
<LocList>
<Loc EndOffset="7276" SrcFileId="8" StartOffset="7212"/>
</LocList>
<BasicStmnt CovItemId="S85" CovItemPrefix="com.OriginalFiles.Analyze.java" Intrnl_Id="2174">
<LocList>
<Loc EndOffset="7276" SrcFileId="8" StartOffset="7212"/>
</LocList>
</BasicStmnt>
</StmntSeq>
</Branch>
<Branch CovItemId="B54" CovItemPrefix="com.OriginalFiles.Analyze.java" Implct="true" Intrnl_Id="2175">
<Cond/>
<LocList/>
<StmntSeq Intrnl_Id="2176">
<LocList/>
</StmntSeq>
</Branch>
<Keyword EndOffset="7142" SrcFileId="8" StartOffset="7140"/>
<LocList>
<Loc EndOffset="7287" SrcFileId="8" StartOffset="7140"/>
</LocList>
<RootTerm CovItemId="C27" CovItemPrefix="com.OriginalFiles.Analyze.java" Intrnl_Id="2177">
<BasicBoolTerm Intrnl_Id="2178">
<LocList>
<Loc EndOffset="7195" SrcFileId="8" StartOffset="7144"/>
</LocList>
</BasicBoolTerm>
</RootTerm>
</CondStmnt>
<CondStmnt CovItemId="S86" CovItemPrefix="com.OriginalFiles.Analyze.java" Intrnl_Id="2179">
<Branch CovItemId="B55" CovItemPrefix="com.OriginalFiles.Analyze.java" Implct="false" Intrnl_Id="2180">
<Cond/>
<LocList>
<Loc EndOffset="7444" SrcFileId="8" StartOffset="7354"/>
</LocList>
<StmntSeq Intrnl_Id="2181">
<LocList>
<Loc EndOffset="7433" SrcFileId="8" StartOffset="7369"/>
</LocList>
<BasicStmnt CovItemId="S87" CovItemPrefix="com.OriginalFiles.Analyze.java" Intrnl_Id="2182">
<LocList>
<Loc EndOffset="7433" SrcFileId="8" StartOffset="7369"/>
</LocList>
</BasicStmnt>
</StmntSeq>
</Branch>
<Branch CovItemId="B56" CovItemPrefix="com.OriginalFiles.Analyze.java" Implct="true" Intrnl_Id="2183">
<Cond/>
<LocList/>
<StmntSeq Intrnl_Id="2184">
<LocList/>
</StmntSeq>
</Branch>
<Keyword EndOffset="7299" SrcFileId="8" StartOffset="7297"/>
<LocList>
<Loc EndOffset="7444" SrcFileId="8" StartOffset="7297"/>
</LocList>
<RootTerm CovItemId="C28" CovItemPrefix="com.OriginalFiles.Analyze.java" Intrnl_Id="2185">
<BasicBoolTerm Intrnl_Id="2186">
<LocList>
<Loc EndOffset="7352" SrcFileId="8" StartOffset="7301"/>
</LocList>
</BasicBoolTerm>
</RootTerm>
</CondStmnt>
<CondStmnt CovItemId="S88" CovItemPrefix="com.OriginalFiles.Analyze.java" Intrnl_Id="2187">
<Branch CovItemId="B57" CovItemPrefix="com.OriginalFiles.Analyze.java" Implct="false" Intrnl_Id="2188">
<Cond/>
<LocList>
<Loc EndOffset="7601" SrcFileId="8" StartOffset="7511"/>
</LocList>
<StmntSeq Intrnl_Id="2189">
<LocList>
<Loc EndOffset="7590" SrcFileId="8" StartOffset="7526"/>
</LocList>
<BasicStmnt CovItemId="S89" CovItemPrefix="com.OriginalFiles.Analyze.java" Intrnl_Id="2190">
<LocList>
<Loc EndOffset="7590" SrcFileId="8" StartOffset="7526"/>
</LocList>
</BasicStmnt>
</StmntSeq>
</Branch>
<Branch CovItemId="B58" CovItemPrefix="com.OriginalFiles.Analyze.java" Implct="true" Intrnl_Id="2191">
<Cond/>
<LocList/>
<StmntSeq Intrnl_Id="2192">
<LocList/>
</StmntSeq>
</Branch>
<Keyword EndOffset="7456" SrcFileId="8" StartOffset="7454"/>
<LocList>
<Loc EndOffset="7601" SrcFileId="8" StartOffset="7454"/>
</LocList>
<RootTerm CovItemId="C29" CovItemPrefix="com.OriginalFiles.Analyze.java" Intrnl_Id="2193">
<BasicBoolTerm Intrnl_Id="2194">
<LocList>
<Loc EndOffset="7509" SrcFileId="8" StartOffset="7458"/>
</LocList>
</BasicBoolTerm>
</RootTerm>
</CondStmnt>
<CondStmnt CovItemId="S90" CovItemPrefix="com.OriginalFiles.Analyze.java" Intrnl_Id="2195">
<Branch CovItemId="B59" CovItemPrefix="com.OriginalFiles.Analyze.java" Implct="false" Intrnl_Id="2196">
<Cond/>
<LocList>
<Loc EndOffset="7758" SrcFileId="8" StartOffset="7668"/>
</LocList>
<StmntSeq Intrnl_Id="2197">
<LocList>
<Loc EndOffset="7747" SrcFileId="8" StartOffset="7683"/>
</LocList>
<BasicStmnt CovItemId="S91" CovItemPrefix="com.OriginalFiles.Analyze.java" Intrnl_Id="2198">
<LocList>
<Loc EndOffset="7747" SrcFileId="8" StartOffset="7683"/>
</LocList>
</BasicStmnt>
</StmntSeq>
</Branch>
<Branch CovItemId="B60" CovItemPrefix="com.OriginalFiles.Analyze.java" Implct="true" Intrnl_Id="2199">
<Cond/>
<LocList/>
<StmntSeq Intrnl_Id="2200">
<LocList/>
</StmntSeq>
</Branch>
<Keyword EndOffset="7613" SrcFileId="8" StartOffset="7611"/>
<LocList>
<Loc EndOffset="7758" SrcFileId="8" StartOffset="7611"/>
</LocList>
<RootTerm CovItemId="C30" CovItemPrefix="com.OriginalFiles.Analyze.java" Intrnl_Id="2201">
<BasicBoolTerm Intrnl_Id="2202">
<LocList>
<Loc EndOffset="7666" SrcFileId="8" StartOffset="7615"/>
</LocList>
</BasicBoolTerm>
</RootTerm>
</CondStmnt>
<BasicStmnt CovItemId="S92" CovItemPrefix="com.OriginalFiles.Analyze.java" Intrnl_Id="2203">
<LocList>
<Loc EndOffset="7795" SrcFileId="8" StartOffset="7768"/>
</LocList>
</BasicStmnt>
<LoopStmnt CovItemId="S93" CovItemPrefix="com.OriginalFiles.Analyze.java" Intrnl_Id="2204" MltplExecId="L4-2" MltplExecPrefix="com.OriginalFiles.Analyze.java" NvrExecId="L4-0" NvrExecPrefix="com.OriginalFiles.Analyze.java" OnceExecutedId="L4-1" OnceExecutedPrefix="com.OriginalFiles.Analyze.java" OptBodyExec="true">
<StmntSeq Intrnl_Id="2205">
<LocList>
<Loc EndOffset="8091" SrcFileId="8" StartOffset="7864"/>
<Loc EndOffset="8176" SrcFileId="8" StartOffset="8105"/>
</LocList>
<CondStmnt CovItemId="S94" CovItemPrefix="com.OriginalFiles.Analyze.java" Intrnl_Id="2206">
<Branch CovItemId="B61" CovItemPrefix="com.OriginalFiles.Analyze.java" Implct="false" Intrnl_Id="2207">
<Cond/>
<LocList>
<Loc EndOffset="8091" SrcFileId="8" StartOffset="7966"/>
</LocList>
<StmntSeq Intrnl_Id="2208">
<LocList>
<Loc EndOffset="8076" SrcFileId="8" StartOffset="7985"/>
</LocList>
<BasicStmnt CovItemId="S95" CovItemPrefix="com.OriginalFiles.Analyze.java" Intrnl_Id="2209">
<LocList>
<Loc EndOffset="8076" SrcFileId="8" StartOffset="7985"/>
</LocList>
</BasicStmnt>
</StmntSeq>
</Branch>
<Branch CovItemId="B62" CovItemPrefix="com.OriginalFiles.Analyze.java" Implct="true" Intrnl_Id="2210">
<Cond/>
<LocList/>
<StmntSeq Intrnl_Id="2211">
<LocList/>
</StmntSeq>
</Branch>
<Keyword EndOffset="7866" SrcFileId="8" StartOffset="7864"/>
<LocList>
<Loc EndOffset="8091" SrcFileId="8" StartOffset="7864"/>
</LocList>
<RootTerm CovItemId="C32" CovItemPrefix="com.OriginalFiles.Analyze.java" Intrnl_Id="2212">
<OpTerm BooleanOpId="9" Intrnl_Id="2213">
<OpTerm BooleanOpId="10" Intrnl_Id="2214">
<BasicBoolTerm Intrnl_Id="2215">
<LocList>
<Loc EndOffset="7904" SrcFileId="8" StartOffset="7870"/>
</LocList>
</BasicBoolTerm>
<BasicBoolTerm Intrnl_Id="2216">
<LocList>
<Loc EndOffset="7963" SrcFileId="8" StartOffset="7929"/>
</LocList>
</BasicBoolTerm>
<LocList>
<Loc EndOffset="7928" SrcFileId="8" StartOffset="7926"/>
</LocList>
</OpTerm>
<LocList>
<Loc EndOffset="7869" SrcFileId="8" StartOffset="7868"/>
</LocList>
</OpTerm>
</RootTerm>
</CondStmnt>
<CondStmnt CovItemId="S96" CovItemPrefix="com.OriginalFiles.Analyze.java" Intrnl_Id="2217">
<Branch CovItemId="B63" CovItemPrefix="com.OriginalFiles.Analyze.java" Implct="false" Intrnl_Id="2218">
<Cond/>
<LocList>
<Loc EndOffset="8176" SrcFileId="8" StartOffset="8123"/>
</LocList>
<StmntSeq Intrnl_Id="2219">
<LocList>
<Loc EndOffset="8161" SrcFileId="8" StartOffset="8142"/>
</LocList>
<BasicStmnt CovItemId="S97" CovItemPrefix="com.OriginalFiles.Analyze.java" Intrnl_Id="2220">
<LocList>
<Loc EndOffset="8161" SrcFileId="8" StartOffset="8142"/>
</LocList>
</BasicStmnt>
</StmntSeq>
</Branch>
<Branch CovItemId="B64" CovItemPrefix="com.OriginalFiles.Analyze.java" Implct="true" Intrnl_Id="2221">
<Cond/>
<LocList/>
<StmntSeq Intrnl_Id="2222">
<LocList/>
</StmntSeq>
</Branch>
<Keyword EndOffset="8107" SrcFileId="8" StartOffset="8105"/>
<LocList>
<Loc EndOffset="8176" SrcFileId="8" StartOffset="8105"/>
</LocList>
<RootTerm CovItemId="C33" CovItemPrefix="com.OriginalFiles.Analyze.java" Intrnl_Id="2223">
<OpTerm BooleanOpId="9" Intrnl_Id="2224">
<BasicBoolTerm Intrnl_Id="2225">
<LocList>
<Loc EndOffset="8121" SrcFileId="8" StartOffset="8110"/>
</LocList>
</BasicBoolTerm>
<LocList>
<Loc EndOffset="8110" SrcFileId="8" StartOffset="8109"/>
</LocList>
</OpTerm>
</RootTerm>
</CondStmnt>
</StmntSeq>
<Keyword EndOffset="7808" SrcFileId="8" StartOffset="7805"/>
<LocList>
<Loc EndOffset="8187" SrcFileId="8" StartOffset="7805"/>
</LocList>
<RootTerm CovItemId="C31" CovItemPrefix="com.OriginalFiles.Analyze.java" Intrnl_Id="2226">
<BasicBoolTerm Intrnl_Id="2227">
<LocList>
<Loc EndOffset="7842" SrcFileId="8" StartOffset="7821"/>
</LocList>
</BasicBoolTerm>
</RootTerm>
</LoopStmnt>
<BasicStmnt CovItemId="S98" CovItemPrefix="com.OriginalFiles.Analyze.java" Intrnl_Id="2228">
<LocList>
<Loc EndOffset="8216" SrcFileId="8" StartOffset="8197"/>
</LocList>
</BasicStmnt>
</StmntSeq>
</HierarchyLvl>
<HierarchyLvl HierarchyLvlId="732" HierarchyLvlTypeId="14" Intrnl_Id="2229" Name="jumpSequence">
<Header>
<Loc EndOffset="8411" SrcFileId="8" StartOffset="8231"/>
</Header>
<LocList>
<Loc EndOffset="9842" SrcFileId="8" StartOffset="8231"/>
</LocList>
<StmntSeq Intrnl_Id="2230">
<LocList>
<Loc EndOffset="8444" SrcFileId="8" StartOffset="8423"/>
<Loc EndOffset="8514" SrcFileId="8" StartOffset="8454"/>
<Loc EndOffset="8635" SrcFileId="8" StartOffset="8524"/>
<Loc EndOffset="8787" SrcFileId="8" StartOffset="8645"/>
<Loc EndOffset="8903" SrcFileId="8" StartOffset="8797"/>
<Loc EndOffset="9055" SrcFileId="8" StartOffset="8913"/>
<Loc EndOffset="9170" SrcFileId="8" StartOffset="9065"/>
<Loc EndOffset="9322" SrcFileId="8" StartOffset="9180"/>
<Loc EndOffset="9436" SrcFileId="8" StartOffset="9332"/>
<Loc EndOffset="9588" SrcFileId="8" StartOffset="9446"/>
<Loc EndOffset="9693" SrcFileId="8" StartOffset="9600"/>
<Loc EndOffset="9807" SrcFileId="8" StartOffset="9705"/>
<Loc EndOffset="9835" SrcFileId="8" StartOffset="9817"/>
</LocList>
<BasicStmnt CovItemId="S99" CovItemPrefix="com.OriginalFiles.Analyze.java" Intrnl_Id="2231">
<LocList>
<Loc EndOffset="8444" SrcFileId="8" StartOffset="8423"/>
</LocList>
</BasicStmnt>
<BasicStmnt CovItemId="S100" CovItemPrefix="com.OriginalFiles.Analyze.java" Intrnl_Id="2232">
<LocList>
<Loc EndOffset="8514" SrcFileId="8" StartOffset="8454"/>
</LocList>
</BasicStmnt>
<BasicStmnt CovItemId="S101" CovItemPrefix="com.OriginalFiles.Analyze.java" Intrnl_Id="2233">
<LocList>
<Loc EndOffset="8635" SrcFileId="8" StartOffset="8524"/>
</LocList>
</BasicStmnt>
<CondStmnt CovItemId="S102" CovItemPrefix="com.OriginalFiles.Analyze.java" Intrnl_Id="2234">
<Branch CovItemId="B65" CovItemPrefix="com.OriginalFiles.Analyze.java" Implct="false" Intrnl_Id="2235">
<Cond/>
<LocList>
<Loc EndOffset="8787" SrcFileId="8" StartOffset="8668"/>
</LocList>
<StmntSeq Intrnl_Id="2236">
<LocList>
<Loc EndOffset="8776" SrcFileId="8" StartOffset="8683"/>
</LocList>
<BasicStmnt CovItemId="S103" CovItemPrefix="com.OriginalFiles.Analyze.java" Intrnl_Id="2237">
<LocList>
<Loc EndOffset="8776" SrcFileId="8" StartOffset="8683"/>
</LocList>
</BasicStmnt>
</StmntSeq>
</Branch>
<Branch CovItemId="B66" CovItemPrefix="com.OriginalFiles.Analyze.java" Implct="true" Intrnl_Id="2238">
<Cond/>
<LocList/>
<StmntSeq Intrnl_Id="2239">
<LocList/>
</StmntSeq>
</Branch>
<Keyword EndOffset="8647" SrcFileId="8" StartOffset="8645"/>
<LocList>
<Loc EndOffset="8787" SrcFileId="8" StartOffset="8645"/>
</LocList>
<RootTerm CovItemId="C34" CovItemPrefix="com.OriginalFiles.Analyze.java" Intrnl_Id="2240">
<BasicBoolTerm Intrnl_Id="2241">
<LocList>
<Loc EndOffset="8666" SrcFileId="8" StartOffset="8649"/>
</LocList>
</BasicBoolTerm>
</RootTerm>
</CondStmnt>
<BasicStmnt CovItemId="S104" CovItemPrefix="com.OriginalFiles.Analyze.java" Intrnl_Id="2242">
<LocList>
<Loc EndOffset="8903" SrcFileId="8" StartOffset="8797"/>
</LocList>
</BasicStmnt>
<CondStmnt CovItemId="S105" CovItemPrefix="com.OriginalFiles.Analyze.java" Intrnl_Id="2243">
<Branch CovItemId="B67" CovItemPrefix="com.OriginalFiles.Analyze.java" Implct="false" Intrnl_Id="2244">
<Cond/>
<LocList>
<Loc EndOffset="9055" SrcFileId="8" StartOffset="8936"/>
</LocList>
<StmntSeq Intrnl_Id="2245">
<LocList>
<Loc EndOffset="9044" SrcFileId="8" StartOffset="8951"/>
</LocList>
<BasicStmnt CovItemId="S106" CovItemPrefix="com.OriginalFiles.Analyze.java" Intrnl_Id="2246">
<LocList>
<Loc EndOffset="9044" SrcFileId="8" StartOffset="8951"/>
</LocList>
</BasicStmnt>
</StmntSeq>
</Branch>
<Branch CovItemId="B68" CovItemPrefix="com.OriginalFiles.Analyze.java" Implct="true" Intrnl_Id="2247">
<Cond/>
<LocList/>
<StmntSeq Intrnl_Id="2248">
<LocList/>
</StmntSeq>
</Branch>
<Keyword EndOffset="8915" SrcFileId="8" StartOffset="8913"/>
<LocList>
<Loc EndOffset="9055" SrcFileId="8" StartOffset="8913"/>
</LocList>
<RootTerm CovItemId="C35" CovItemPrefix="com.OriginalFiles.Analyze.java" Intrnl_Id="2249">
<BasicBoolTerm Intrnl_Id="2250">
<LocList>
<Loc EndOffset="8934" SrcFileId="8" StartOffset="8917"/>
</LocList>
</BasicBoolTerm>
</RootTerm>
</CondStmnt>
<BasicStmnt CovItemId="S107" CovItemPrefix="com.OriginalFiles.Analyze.java" Intrnl_Id="2251">
<LocList>
<Loc EndOffset="9170" SrcFileId="8" StartOffset="9065"/>
</LocList>
</BasicStmnt>
<CondStmnt CovItemId="S108" CovItemPrefix="com.OriginalFiles.Analyze.java" Intrnl_Id="2252">
<Branch CovItemId="B69" CovItemPrefix="com.OriginalFiles.Analyze.java" Implct="false" Intrnl_Id="2253">
<Cond/>
<LocList>
<Loc EndOffset="9322" SrcFileId="8" StartOffset="9203"/>
</LocList>
<StmntSeq Intrnl_Id="2254">
<LocList>
<Loc EndOffset="9311" SrcFileId="8" StartOffset="9218"/>
</LocList>
<BasicStmnt CovItemId="S109" CovItemPrefix="com.OriginalFiles.Analyze.java" Intrnl_Id="2255">
<LocList>
<Loc EndOffset="9311" SrcFileId="8" StartOffset="9218"/>
</LocList>
</BasicStmnt>
</StmntSeq>
</Branch>
<Branch CovItemId="B70" CovItemPrefix="com.OriginalFiles.Analyze.java" Implct="true" Intrnl_Id="2256">
<Cond/>
<LocList/>
<StmntSeq Intrnl_Id="2257">
<LocList/>
</StmntSeq>
</Branch>
<Keyword EndOffset="9182" SrcFileId="8" StartOffset="9180"/>
<LocList>
<Loc EndOffset="9322" SrcFileId="8" StartOffset="9180"/>
</LocList>
<RootTerm CovItemId="C36" CovItemPrefix="com.OriginalFiles.Analyze.java" Intrnl_Id="2258">
<BasicBoolTerm Intrnl_Id="2259">
<LocList>
<Loc EndOffset="9201" SrcFileId="8" StartOffset="9184"/>
</LocList>
</BasicBoolTerm>
</RootTerm>
</CondStmnt>
<BasicStmnt CovItemId="S110" CovItemPrefix="com.OriginalFiles.Analyze.java" Intrnl_Id="2260">
<LocList>
<Loc EndOffset="9436" SrcFileId="8" StartOffset="9332"/>
</LocList>
</BasicStmnt>
<CondStmnt CovItemId="S111" CovItemPrefix="com.OriginalFiles.Analyze.java" Intrnl_Id="2261">
<Branch CovItemId="B71" CovItemPrefix="com.OriginalFiles.Analyze.java" Implct="false" Intrnl_Id="2262">
<Cond/>
<LocList>
<Loc EndOffset="9588" SrcFileId="8" StartOffset="9469"/>
</LocList>
<StmntSeq Intrnl_Id="2263">
<LocList>
<Loc EndOffset="9577" SrcFileId="8" StartOffset="9484"/>
</LocList>
<BasicStmnt CovItemId="S112" CovItemPrefix="com.OriginalFiles.Analyze.java" Intrnl_Id="2264">
<LocList>
<Loc EndOffset="9577" SrcFileId="8" StartOffset="9484"/>
</LocList>
</BasicStmnt>
</StmntSeq>
</Branch>
<Branch CovItemId="B72" CovItemPrefix="com.OriginalFiles.Analyze.java" Implct="true" Intrnl_Id="2265">
<Cond/>
<LocList/>
<StmntSeq Intrnl_Id="2266">
<LocList/>
</StmntSeq>
</Branch>
<Keyword EndOffset="9448" SrcFileId="8" StartOffset="9446"/>
<LocList>
<Loc EndOffset="9588" SrcFileId="8" StartOffset="9446"/>
</LocList>
<RootTerm CovItemId="C37" CovItemPrefix="com.OriginalFiles.Analyze.java" Intrnl_Id="2267">
<BasicBoolTerm Intrnl_Id="2268">
<LocList>
<Loc EndOffset="9467" SrcFileId="8" StartOffset="9450"/>
</LocList>
</BasicBoolTerm>
</RootTerm>
</CondStmnt>
<CondStmnt CovItemId="S113" CovItemPrefix="com.OriginalFiles.Analyze.java" Intrnl_Id="2269">
<Branch CovItemId="B73" CovItemPrefix="com.OriginalFiles.Analyze.java" Implct="false" Intrnl_Id="2270">
<Cond/>
<LocList>
<Loc EndOffset="9693" SrcFileId="8" StartOffset="9628"/>
</LocList>
<StmntSeq Intrnl_Id="2271">
<LocList>
<Loc EndOffset="9682" SrcFileId="8" StartOffset="9643"/>
</LocList>
<BasicStmnt CovItemId="S114" CovItemPrefix="com.OriginalFiles.Analyze.java" Intrnl_Id="2272">
<LocList>
<Loc EndOffset="9682" SrcFileId="8" StartOffset="9643"/>
</LocList>
</BasicStmnt>
</StmntSeq>
</Branch>
<Branch CovItemId="B74" CovItemPrefix="com.OriginalFiles.Analyze.java" Implct="true" Intrnl_Id="2273">
<Cond/>
<LocList/>
<StmntSeq Intrnl_Id="2274">
<LocList/>
</StmntSeq>
</Branch>
<Keyword EndOffset="9602" SrcFileId="8" StartOffset="9600"/>
<LocList>
<Loc EndOffset="9693" SrcFileId="8" StartOffset="9600"/>
</LocList>
<RootTerm CovItemId="C38" CovItemPrefix="com.OriginalFiles.Analyze.java" Intrnl_Id="2275">
<BasicBoolTerm Intrnl_Id="2276">
<LocList>
<Loc EndOffset="9626" SrcFileId="8" StartOffset="9604"/>
</LocList>
</BasicBoolTerm>
</RootTerm>
</CondStmnt>
<LoopStmnt CovItemId="S115" CovItemPrefix="com.OriginalFiles.Analyze.java" Intrnl_Id="2277" MltplExecId="L5-2" MltplExecPrefix="com.OriginalFiles.Analyze.java" NvrExecId="L5-0" NvrExecPrefix="com.OriginalFiles.Analyze.java" OnceExecutedId="L5-1" OnceExecutedPrefix="com.OriginalFiles.Analyze.java" OptBodyExec="true">
<StmntSeq Intrnl_Id="2278">
<LocList>
<Loc EndOffset="9796" SrcFileId="8" StartOffset="9764"/>
</LocList>
<BasicStmnt CovItemId="S116" CovItemPrefix="com.OriginalFiles.Analyze.java" Intrnl_Id="2279">
<LocList>
<Loc EndOffset="9796" SrcFileId="8" StartOffset="9764"/>
</LocList>
</BasicStmnt>
</StmntSeq>
<Keyword EndOffset="9708" SrcFileId="8" StartOffset="9705"/>
<LocList>
<Loc EndOffset="9807" SrcFileId="8" StartOffset="9705"/>
</LocList>
<RootTerm CovItemId="C39" CovItemPrefix="com.OriginalFiles.Analyze.java" Intrnl_Id="2280">
<BasicBoolTerm Intrnl_Id="2281">
<LocList>
<Loc EndOffset="9742" SrcFileId="8" StartOffset="9721"/>
</LocList>
</BasicBoolTerm>
</RootTerm>
</LoopStmnt>
<BasicStmnt CovItemId="S117" CovItemPrefix="com.OriginalFiles.Analyze.java" Intrnl_Id="2282">
<LocList>
<Loc EndOffset="9835" SrcFileId="8" StartOffset="9817"/>
</LocList>
</BasicStmnt>
</StmntSeq>
</HierarchyLvl>
<HierarchyLvl HierarchyLvlId="733" HierarchyLvlTypeId="14" Intrnl_Id="2283" Name="findJumpPiece">
<Header>
<Loc EndOffset="9950" SrcFileId="8" StartOffset="9850"/>
</Header>
<LocList>
<Loc EndOffset="12492" SrcFileId="8" StartOffset="9850"/>
</LocList>
<StmntSeq Intrnl_Id="2284">
<LocList>
<Loc EndOffset="10020" SrcFileId="8" StartOffset="9962"/>
<Loc EndOffset="10120" SrcFileId="8" StartOffset="10030"/>
<Loc EndOffset="10159" SrcFileId="8" StartOffset="10130"/>
<Loc EndOffset="12462" SrcFileId="8" StartOffset="10169"/>
<Loc EndOffset="12485" SrcFileId="8" StartOffset="12472"/>
</LocList>
<BasicStmnt CovItemId="S118" CovItemPrefix="com.OriginalFiles.Analyze.java" Intrnl_Id="2285">
<LocList>
<Loc EndOffset="10020" SrcFileId="8" StartOffset="9962"/>
</LocList>
</BasicStmnt>
<BasicStmnt CovItemId="S119" CovItemPrefix="com.OriginalFiles.Analyze.java" Intrnl_Id="2286">
<LocList>
<Loc EndOffset="10120" SrcFileId="8" StartOffset="10030"/>
</LocList>
</BasicStmnt>
<BasicStmnt CovItemId="S120" CovItemPrefix="com.OriginalFiles.Analyze.java" Intrnl_Id="2287">
<LocList>
<Loc EndOffset="10159" SrcFileId="8" StartOffset="10130"/>
</LocList>
</BasicStmnt>
<LoopStmnt CovItemId="S121" CovItemPrefix="com.OriginalFiles.Analyze.java" Intrnl_Id="2288" MltplExecId="L6-2" MltplExecPrefix="com.OriginalFiles.Analyze.java" NvrExecId="L6-0" NvrExecPrefix="com.OriginalFiles.Analyze.java" OnceExecutedId="L6-1" OnceExecutedPrefix="com.OriginalFiles.Analyze.java" OptBodyExec="true">
<StmntSeq Intrnl_Id="2289">
<LocList>
<Loc EndOffset="10265" SrcFileId="8" StartOffset="10226"/>
<Loc EndOffset="10330" SrcFileId="8" StartOffset="10279"/>
<Loc EndOffset="12451" SrcFileId="8" StartOffset="10344"/>
</LocList>
<BasicStmnt CovItemId="S122" CovItemPrefix="com.OriginalFiles.Analyze.java" Intrnl_Id="2290">
<LocList>
<Loc EndOffset="10265" SrcFileId="8" StartOffset="10226"/>
</LocList>
</BasicStmnt>
<BasicStmnt CovItemId="S123" CovItemPrefix="com.OriginalFiles.Analyze.java" Intrnl_Id="2291">
<LocList>
<Loc EndOffset="10330" SrcFileId="8" StartOffset="10279"/>
</LocList>
</BasicStmnt>
<CondStmnt CovItemId="S124" CovItemPrefix="com.OriginalFiles.Analyze.java" Intrnl_Id="2292">
<Branch CovItemId="B75" CovItemPrefix="com.OriginalFiles.Analyze.java" Implct="false" Intrnl_Id="2293">
<Cond/>
<LocList>
<Loc EndOffset="12451" SrcFileId="8" StartOffset="10408"/>
</LocList>
<StmntSeq Intrnl_Id="2294">
<LocList>
<Loc EndOffset="10491" SrcFileId="8" StartOffset="10427"/>
<Loc EndOffset="10541" SrcFileId="8" StartOffset="10509"/>
<Loc EndOffset="12406" SrcFileId="8" StartOffset="10559"/>
<Loc EndOffset="12436" SrcFileId="8" StartOffset="12424"/>
</LocList>
<BasicStmnt CovItemId="S125" CovItemPrefix="com.OriginalFiles.Analyze.java" Intrnl_Id="2295">
<LocList>
<Loc EndOffset="10491" SrcFileId="8" StartOffset="10427"/>
</LocList>
</BasicStmnt>
<BasicStmnt CovItemId="S126" CovItemPrefix="com.OriginalFiles.Analyze.java" Intrnl_Id="2296">
<LocList>
<Loc EndOffset="10541" SrcFileId="8" StartOffset="10509"/>
</LocList>
</BasicStmnt>
<LoopStmnt CovItemId="S127" CovItemPrefix="com.OriginalFiles.Analyze.java" Intrnl_Id="2297" MltplExecId="L7-2" MltplExecPrefix="com.OriginalFiles.Analyze.java" NvrExecId="L7-0" NvrExecPrefix="com.OriginalFiles.Analyze.java" OnceExecutedId="L7-1" OnceExecutedPrefix="com.OriginalFiles.Analyze.java" OptBodyExec="true">
<StmntSeq Intrnl_Id="2298">
<LocList>
<Loc EndOffset="10648" SrcFileId="8" StartOffset="10614"/>
<Loc EndOffset="10709" SrcFileId="8" StartOffset="10670"/>
<Loc EndOffset="10908" SrcFileId="8" StartOffset="10731"/>
<Loc EndOffset="12387" SrcFileId="8" StartOffset="10930"/>
</LocList>
<BasicStmnt CovItemId="S128" CovItemPrefix="com.OriginalFiles.Analyze.java" Intrnl_Id="2299">
<LocList>
<Loc EndOffset="10648" SrcFileId="8" StartOffset="10614"/>
</LocList>
</BasicStmnt>
<BasicStmnt CovItemId="S129" CovItemPrefix="com.OriginalFiles.Analyze.java" Intrnl_Id="2300">
<LocList>
<Loc EndOffset="10709" SrcFileId="8" StartOffset="10670"/>
</LocList>
</BasicStmnt>
<BasicStmnt CovItemId="S130" CovItemPrefix="com.OriginalFiles.Analyze.java" Intrnl_Id="2301">
<LocList>
<Loc EndOffset="10908" SrcFileId="8" StartOffset="10731"/>
</LocList>
</BasicStmnt>
<CondStmnt CovItemId="S131" CovItemPrefix="com.OriginalFiles.Analyze.java" Intrnl_Id="2302">
<Branch CovItemId="B77" CovItemPrefix="com.OriginalFiles.Analyze.java" Implct="false" Intrnl_Id="2303">
<Cond/>
<LocList>
<Loc EndOffset="11511" SrcFileId="8" StartOffset="10974"/>
</LocList>
<StmntSeq Intrnl_Id="2304">
<LocList>
<Loc EndOffset="11011" SrcFileId="8" StartOffset="11001"/>
<Loc EndOffset="11488" SrcFileId="8" StartOffset="11037"/>
</LocList>
<BasicStmnt CovItemId="S132" CovItemPrefix="com.OriginalFiles.Analyze.java" Intrnl_Id="2305">
<LocList>
<Loc EndOffset="11011" SrcFileId="8" StartOffset="11001"/>
</LocList>
</BasicStmnt>
<LoopStmnt CovItemId="S133" CovItemPrefix="com.OriginalFiles.Analyze.java" Intrnl_Id="2306" MltplExecId="L8-2" MltplExecPrefix="com.OriginalFiles.Analyze.java" NvrExecId="L8-0" NvrExecPrefix="com.OriginalFiles.Analyze.java" OnceExecutedId="L8-1" OnceExecutedPrefix="com.OriginalFiles.Analyze.java" OptBodyExec="true">
<StmntSeq Intrnl_Id="2307">
<LocList>
<Loc EndOffset="11427" SrcFileId="8" StartOffset="11085"/>
<Loc EndOffset="11461" SrcFileId="8" StartOffset="11457"/>
</LocList>
<CondStmnt CovItemId="S134" CovItemPrefix="com.OriginalFiles.Analyze.java" Intrnl_Id="2308">
<Branch CovItemId="B79" CovItemPrefix="com.OriginalFiles.Analyze.java" Implct="false" Intrnl_Id="2309">
<Cond/>
<LocList>
<Loc EndOffset="11427" SrcFileId="8" StartOffset="11130"/>
</LocList>
<StmntSeq Intrnl_Id="2310">
<LocList>
<Loc EndOffset="11396" SrcFileId="8" StartOffset="11224"/>
</LocList>
<BasicStmnt CovItemId="S135" CovItemPrefix="com.OriginalFiles.Analyze.java" Intrnl_Id="2311">
<LocList>
<Loc EndOffset="11396" SrcFileId="8" StartOffset="11224"/>
</LocList>
</BasicStmnt>
</StmntSeq>
</Branch>
<Branch CovItemId="B80" CovItemPrefix="com.OriginalFiles.Analyze.java" Implct="true" Intrnl_Id="2312">
<Cond/>
<LocList/>
<StmntSeq Intrnl_Id="2313">
<LocList/>
</StmntSeq>
</Branch>
<Keyword EndOffset="11087" SrcFileId="8" StartOffset="11085"/>
<LocList>
<Loc EndOffset="11427" SrcFileId="8" StartOffset="11085"/>
</LocList>
<RootTerm CovItemId="C45" CovItemPrefix="com.OriginalFiles.Analyze.java" Intrnl_Id="2314">
<BasicBoolTerm Intrnl_Id="2315">
<LocList>
<Loc EndOffset="11128" SrcFileId="8" StartOffset="11089"/>
</LocList>
</BasicBoolTerm>
</RootTerm>
</CondStmnt>
<BasicStmnt CovItemId="S136" CovItemPrefix="com.OriginalFiles.Analyze.java" Intrnl_Id="2316">
<LocList>
<Loc EndOffset="11461" SrcFileId="8" StartOffset="11457"/>
</LocList>
</BasicStmnt>
</StmntSeq>
<Keyword EndOffset="11042" SrcFileId="8" StartOffset="11037"/>
<LocList>
<Loc EndOffset="11488" SrcFileId="8" StartOffset="11037"/>
</LocList>
<RootTerm CovItemId="C44" CovItemPrefix="com.OriginalFiles.Analyze.java" Intrnl_Id="2317">
<OpTerm BooleanOpId="9" Intrnl_Id="2318">
<BasicBoolTerm Intrnl_Id="2319">
<LocList>
<Loc EndOffset="11051" SrcFileId="8" StartOffset="11046"/>
</LocList>
</BasicBoolTerm>
<LocList>
<Loc EndOffset="11045" SrcFileId="8" StartOffset="11044"/>
</LocList>
</OpTerm>
</RootTerm>
</LoopStmnt>
</StmntSeq>
</Branch>
<Branch CovItemId="B78" CovItemPrefix="com.OriginalFiles.Analyze.java" Implct="false" Intrnl_Id="2320">
<Cond>
<Loc EndOffset="11516" SrcFileId="8" StartOffset="11512"/>
</Cond>
<LocList>
<Loc EndOffset="12387" SrcFileId="8" StartOffset="11517"/>
</LocList>
<StmntSeq Intrnl_Id="2321">
<LocList>
<Loc EndOffset="11554" SrcFileId="8" StartOffset="11544"/>
<Loc EndOffset="11590" SrcFileId="8" StartOffset="11580"/>
<Loc EndOffset="12211" SrcFileId="8" StartOffset="11616"/>
<Loc EndOffset="12364" SrcFileId="8" StartOffset="12237"/>
</LocList>
<BasicStmnt CovItemId="S137" CovItemPrefix="com.OriginalFiles.Analyze.java" Intrnl_Id="2322">
<LocList>
<Loc EndOffset="11554" SrcFileId="8" StartOffset="11544"/>
</LocList>
</BasicStmnt>
<BasicStmnt CovItemId="S138" CovItemPrefix="com.OriginalFiles.Analyze.java" Intrnl_Id="2323">
<LocList>
<Loc EndOffset="11590" SrcFileId="8" StartOffset="11580"/>
</LocList>
</BasicStmnt>
<LoopStmnt CovItemId="S139" CovItemPrefix="com.OriginalFiles.Analyze.java" Intrnl_Id="2324" MltplExecId="L9-2" MltplExecPrefix="com.OriginalFiles.Analyze.java" NvrExecId="L9-0" NvrExecPrefix="com.OriginalFiles.Analyze.java" OnceExecutedId="L9-1" OnceExecutedPrefix="com.OriginalFiles.Analyze.java" OptBodyExec="true">
<StmntSeq Intrnl_Id="2325">
<LocList>
<Loc EndOffset="12114" SrcFileId="8" StartOffset="11743"/>
<Loc EndOffset="12148" SrcFileId="8" StartOffset="12144"/>
<Loc EndOffset="12184" SrcFileId="8" StartOffset="12178"/>
</LocList>
<LoopStmnt CovItemId="S140" CovItemPrefix="com.OriginalFiles.Analyze.java" Intrnl_Id="2326" MltplExecId="L10-2" MltplExecPrefix="com.OriginalFiles.Analyze.java" NvrExecId="L10-0" NvrExecPrefix="com.OriginalFiles.Analyze.java" OnceExecutedId="L10-1" OnceExecutedPrefix="com.OriginalFiles.Analyze.java" OptBodyExec="true">
<StmntSeq Intrnl_Id="2327">
<LocList>
<Loc EndOffset="12045" SrcFileId="8" StartOffset="11868"/>
<Loc EndOffset="12083" SrcFileId="8" StartOffset="12079"/>
</LocList>
<CondStmnt CovItemId="S141" CovItemPrefix="com.OriginalFiles.Analyze.java" Intrnl_Id="2328">
<Branch CovItemId="B81" CovItemPrefix="com.OriginalFiles.Analyze.java" Implct="false" Intrnl_Id="2329">
<Cond/>
<LocList>
<Loc EndOffset="12045" SrcFileId="8" StartOffset="11959"/>
</LocList>
<StmntSeq Intrnl_Id="2330">
<LocList>
<Loc EndOffset="12010" SrcFileId="8" StartOffset="11998"/>
</LocList>
<BasicStmnt CovItemId="S142" CovItemPrefix="com.OriginalFiles.Analyze.java" Intrnl_Id="2331">
<LocList>
<Loc EndOffset="12010" SrcFileId="8" StartOffset="11998"/>
</LocList>
</BasicStmnt>
</StmntSeq>
</Branch>
<Branch CovItemId="B82" CovItemPrefix="com.OriginalFiles.Analyze.java" Implct="true" Intrnl_Id="2332">
<Cond/>
<LocList/>
<StmntSeq Intrnl_Id="2333">
<LocList/>
</StmntSeq>
</Branch>
<Keyword EndOffset="11870" SrcFileId="8" StartOffset="11868"/>
<LocList>
<Loc EndOffset="12045" SrcFileId="8" StartOffset="11868"/>
</LocList>
<RootTerm CovItemId="C48" CovItemPrefix="com.OriginalFiles.Analyze.java" Intrnl_Id="2334">
<BasicBoolTerm Intrnl_Id="2335">
<LocList>
<Loc EndOffset="11957" SrcFileId="8" StartOffset="11872"/>
</LocList>
</BasicBoolTerm>
</RootTerm>
</CondStmnt>
<BasicStmnt CovItemId="S143" CovItemPrefix="com.OriginalFiles.Analyze.java" Intrnl_Id="2336">
<LocList>
<Loc EndOffset="12083" SrcFileId="8" StartOffset="12079"/>
</LocList>
</BasicStmnt>
</StmntSeq>
<Keyword EndOffset="11748" SrcFileId="8" StartOffset="11743"/>
<LocList>
<Loc EndOffset="12114" SrcFileId="8" StartOffset="11743"/>
</LocList>
<RootTerm CovItemId="C47" CovItemPrefix="com.OriginalFiles.Analyze.java" Intrnl_Id="2337">
<BasicBoolTerm Intrnl_Id="2338">
<LocList>
<Loc EndOffset="11831" SrcFileId="8" StartOffset="11750"/>
</LocList>
</BasicBoolTerm>
</RootTerm>
</LoopStmnt>
<BasicStmnt CovItemId="S144" CovItemPrefix="com.OriginalFiles.Analyze.java" Intrnl_Id="2339">
<LocList>
<Loc EndOffset="12148" SrcFileId="8" StartOffset="12144"/>
</LocList>
</BasicStmnt>
<BasicStmnt CovItemId="S145" CovItemPrefix="com.OriginalFiles.Analyze.java" Intrnl_Id="2340">
<LocList>
<Loc EndOffset="12184" SrcFileId="8" StartOffset="12178"/>
</LocList>
</BasicStmnt>
</StmntSeq>
<Keyword EndOffset="11628" SrcFileId="8" StartOffset="11623"/>
<LocList>
<Loc EndOffset="12211" SrcFileId="8" StartOffset="11616"/>
</LocList>
<RootTerm CovItemId="C46" CovItemPrefix="com.OriginalFiles.Analyze.java" Intrnl_Id="2341">
<BasicBoolTerm Intrnl_Id="2342">
<LocList>
<Loc EndOffset="11710" SrcFileId="8" StartOffset="11630"/>
</LocList>
</BasicBoolTerm>
</RootTerm>
</LoopStmnt>
<BasicStmnt CovItemId="S146" CovItemPrefix="com.OriginalFiles.Analyze.java" Intrnl_Id="2343">
<LocList>
<Loc EndOffset="12364" SrcFileId="8" StartOffset="12237"/>
</LocList>
</BasicStmnt>
</StmntSeq>
</Branch>
<Keyword EndOffset="10932" SrcFileId="8" StartOffset="10930"/>
<LocList>
<Loc EndOffset="12387" SrcFileId="8" StartOffset="10930"/>
</LocList>
<RootTerm CovItemId="C43" CovItemPrefix="com.OriginalFiles.Analyze.java" Intrnl_Id="2344">
<BasicBoolTerm Intrnl_Id="2345">
<LocList>
<Loc EndOffset="10972" SrcFileId="8" StartOffset="10934"/>
</LocList>
</BasicBoolTerm>
</RootTerm>
</CondStmnt>
</StmntSeq>
<Keyword EndOffset="10562" SrcFileId="8" StartOffset="10559"/>
<LocList>
<Loc EndOffset="12406" SrcFileId="8" StartOffset="10559"/>
</LocList>
<RootTerm CovItemId="C42" CovItemPrefix="com.OriginalFiles.Analyze.java" Intrnl_Id="2346">
<BasicBoolTerm Intrnl_Id="2347">
<LocList>
<Loc EndOffset="10584" SrcFileId="8" StartOffset="10575"/>
</LocList>
</BasicBoolTerm>
</RootTerm>
</LoopStmnt>
<BasicStmnt CovItemId="S147" CovItemPrefix="com.OriginalFiles.Analyze.java" Intrnl_Id="2348">
<LocList>
<Loc EndOffset="12436" SrcFileId="8" StartOffset="12424"/>
</LocList>
</BasicStmnt>
</StmntSeq>
</Branch>
<Branch CovItemId="B76" CovItemPrefix="com.OriginalFiles.Analyze.java" Implct="true" Intrnl_Id="2349">
<Cond/>
<LocList/>
<StmntSeq Intrnl_Id="2350">
<LocList/>
</StmntSeq>
</Branch>
<Keyword EndOffset="10346" SrcFileId="8" StartOffset="10344"/>
<LocList>
<Loc EndOffset="12451" SrcFileId="8" StartOffset="10344"/>
</LocList>
<RootTerm CovItemId="C41" CovItemPrefix="com.OriginalFiles.Analyze.java" Intrnl_Id="2351">
<OpTerm BooleanOpId="9" Intrnl_Id="2352">
<BasicBoolTerm Intrnl_Id="2353">
<LocList>
<Loc EndOffset="10406" SrcFileId="8" StartOffset="10349"/>
</LocList>
</BasicBoolTerm>
<LocList>
<Loc EndOffset="10349" SrcFileId="8" StartOffset="10348"/>
</LocList>
</OpTerm>
</RootTerm>
</CondStmnt>
</StmntSeq>
<Keyword EndOffset="10172" SrcFileId="8" StartOffset="10169"/>
<LocList>
<Loc EndOffset="12462" SrcFileId="8" StartOffset="10169"/>
</LocList>
<RootTerm CovItemId="C40" CovItemPrefix="com.OriginalFiles.Analyze.java" Intrnl_Id="2354">
<BasicBoolTerm Intrnl_Id="2355">
<LocList>
<Loc EndOffset="10204" SrcFileId="8" StartOffset="10185"/>
</LocList>
</BasicBoolTerm>
</RootTerm>
</LoopStmnt>
<BasicStmnt CovItemId="S148" CovItemPrefix="com.OriginalFiles.Analyze.java" Intrnl_Id="2356">
<LocList>
<Loc EndOffset="12485" SrcFileId="8" StartOffset="12472"/>
</LocList>
</BasicStmnt>
</StmntSeq>
</HierarchyLvl>
<HierarchyLvl HierarchyLvlId="734" HierarchyLvlTypeId="14" Intrnl_Id="2357" Name="checkForUpgradeKing">
<Header>
<Loc EndOffset="12615" SrcFileId="8" StartOffset="12500"/>
</Header>
<LocList>
<Loc EndOffset="14059" SrcFileId="8" StartOffset="12500"/>
</LocList>
<StmntSeq Intrnl_Id="2358">
<LocList>
<Loc EndOffset="14052" SrcFileId="8" StartOffset="12627"/>
</LocList>
<CondStmnt CovItemId="S149" CovItemPrefix="com.OriginalFiles.Analyze.java" Intrnl_Id="2359">
<Branch CovItemId="B83" CovItemPrefix="com.OriginalFiles.Analyze.java" Implct="false" Intrnl_Id="2360">
<Cond/>
<LocList>
<Loc EndOffset="14052" SrcFileId="8" StartOffset="12671"/>
</LocList>
<StmntSeq Intrnl_Id="2361">
<LocList>
<Loc EndOffset="14041" SrcFileId="8" StartOffset="12686"/>
</LocList>
<CondStmnt CovItemId="S150" CovItemPrefix="com.OriginalFiles.Analyze.java" Intrnl_Id="2362">
<Branch CovItemId="B85" CovItemPrefix="com.OriginalFiles.Analyze.java" Implct="false" Intrnl_Id="2363">
<Cond/>
<LocList>
<Loc EndOffset="12985" SrcFileId="8" StartOffset="12735"/>
</LocList>
<StmntSeq Intrnl_Id="2364">
<LocList>
<Loc EndOffset="12812" SrcFileId="8" StartOffset="12754"/>
<Loc EndOffset="12871" SrcFileId="8" StartOffset="12830"/>
<Loc EndOffset="12970" SrcFileId="8" StartOffset="12889"/>
</LocList>
<BasicStmnt CovItemId="S151" CovItemPrefix="com.OriginalFiles.Analyze.java" Intrnl_Id="2365">
<LocList>
<Loc EndOffset="12812" SrcFileId="8" StartOffset="12754"/>
</LocList>
</BasicStmnt>
<BasicStmnt CovItemId="S152" CovItemPrefix="com.OriginalFiles.Analyze.java" Intrnl_Id="2366">
<LocList>
<Loc EndOffset="12871" SrcFileId="8" StartOffset="12830"/>
</LocList>
</BasicStmnt>
<CondStmnt CovItemId="S153" CovItemPrefix="com.OriginalFiles.Analyze.java" Intrnl_Id="2367">
<Branch CovItemId="B87" CovItemPrefix="com.OriginalFiles.Analyze.java" Implct="false" Intrnl_Id="2368">
<Cond/>
<LocList>
<Loc EndOffset="12970" SrcFileId="8" StartOffset="12907"/>
</LocList>
<StmntSeq Intrnl_Id="2369">
<LocList>
<Loc EndOffset="12951" SrcFileId="8" StartOffset="12930"/>
</LocList>
<BasicStmnt CovItemId="S154" CovItemPrefix="com.OriginalFiles.Analyze.java" Intrnl_Id="2370">
<LocList>
<Loc EndOffset="12951" SrcFileId="8" StartOffset="12930"/>
</LocList>
</BasicStmnt>
</StmntSeq>
</Branch>
<Branch CovItemId="B88" CovItemPrefix="com.OriginalFiles.Analyze.java" Implct="true" Intrnl_Id="2371">
<Cond/>
<LocList/>
<StmntSeq Intrnl_Id="2372">
<LocList/>
</StmntSeq>
</Branch>
<Keyword EndOffset="12891" SrcFileId="8" StartOffset="12889"/>
<LocList>
<Loc EndOffset="12970" SrcFileId="8" StartOffset="12889"/>
</LocList>
<RootTerm CovItemId="C51" CovItemPrefix="com.OriginalFiles.Analyze.java" Intrnl_Id="2373">
<OpTerm BooleanOpId="9" Intrnl_Id="2374">
<BasicBoolTerm Intrnl_Id="2375">
<LocList>
<Loc EndOffset="12905" SrcFileId="8" StartOffset="12894"/>
</LocList>
</BasicBoolTerm>
<LocList>
<Loc EndOffset="12894" SrcFileId="8" StartOffset="12893"/>
</LocList>
</OpTerm>
</RootTerm>
</CondStmnt>
</StmntSeq>
</Branch>
<Branch CovItemId="B86" CovItemPrefix="com.OriginalFiles.Analyze.java" Implct="false" Intrnl_Id="2376">
<Cond>
<Loc EndOffset="12990" SrcFileId="8" StartOffset="12986"/>
</Cond>
<LocList>
<Loc EndOffset="14041" SrcFileId="8" StartOffset="12991"/>
</LocList>
<StmntSeq Intrnl_Id="2377">
<LocList>
<Loc EndOffset="14026" SrcFileId="8" StartOffset="13010"/>
</LocList>
<CondStmnt CovItemId="S155" CovItemPrefix="com.OriginalFiles.Analyze.java" Intrnl_Id="2378">
<Branch CovItemId="B89" CovItemPrefix="com.OriginalFiles.Analyze.java" Implct="false" Intrnl_Id="2379">
<Cond/>
<LocList>
<Loc EndOffset="13225" SrcFileId="8" StartOffset="13027"/>
</LocList>
<StmntSeq Intrnl_Id="2380">
<LocList>
<Loc EndOffset="13143" SrcFileId="8" StartOffset="13050"/>
<Loc EndOffset="13206" SrcFileId="8" StartOffset="13165"/>
</LocList>
<BasicStmnt CovItemId="S156" CovItemPrefix="com.OriginalFiles.Analyze.java" Intrnl_Id="2381">
<LocList>
<Loc EndOffset="13143" SrcFileId="8" StartOffset="13050"/>
</LocList>
</BasicStmnt>
<BasicStmnt CovItemId="S157" CovItemPrefix="com.OriginalFiles.Analyze.java" Intrnl_Id="2382">
<LocList>
<Loc EndOffset="13206" SrcFileId="8" StartOffset="13165"/>
</LocList>
</BasicStmnt>
</StmntSeq>
</Branch>
<Branch CovItemId="B90" CovItemPrefix="com.OriginalFiles.Analyze.java" Implct="false" Intrnl_Id="2383">
<Cond>
<Loc EndOffset="13230" SrcFileId="8" StartOffset="13226"/>
</Cond>
<LocList>
<Loc EndOffset="14026" SrcFileId="8" StartOffset="13231"/>
</LocList>
<StmntSeq Intrnl_Id="2384">
<LocList>
<Loc EndOffset="13279" SrcFileId="8" StartOffset="13254"/>
<Loc EndOffset="13311" SrcFileId="8" StartOffset="13301"/>
<Loc EndOffset="14007" SrcFileId="8" StartOffset="13333"/>
</LocList>
<BasicStmnt CovItemId="S158" CovItemPrefix="com.OriginalFiles.Analyze.java" Intrnl_Id="2385">
<LocList>
<Loc EndOffset="13279" SrcFileId="8" StartOffset="13254"/>
</LocList>
</BasicStmnt>
<BasicStmnt CovItemId="S159" CovItemPrefix="com.OriginalFiles.Analyze.java" Intrnl_Id="2386">
<LocList>
<Loc EndOffset="13311" SrcFileId="8" StartOffset="13301"/>
</LocList>
</BasicStmnt>
<LoopStmnt CovItemId="S160" CovItemPrefix="com.OriginalFiles.Analyze.java" Intrnl_Id="2387" MltplExecId="L11-2" MltplExecPrefix="com.OriginalFiles.Analyze.java" NvrExecId="L11-0" NvrExecPrefix="com.OriginalFiles.Analyze.java" OnceExecutedId="L11-1" OnceExecutedPrefix="com.OriginalFiles.Analyze.java" OptBodyExec="true">
<StmntSeq Intrnl_Id="2388">
<LocList>
<Loc EndOffset="13488" SrcFileId="8" StartOffset="13378"/>
<Loc EndOffset="13954" SrcFileId="8" StartOffset="13514"/>
<Loc EndOffset="13984" SrcFileId="8" StartOffset="13980"/>
</LocList>
<CondStmnt CovItemId="S161" CovItemPrefix="com.OriginalFiles.Analyze.java" Intrnl_Id="2389">
<Branch CovItemId="B91" CovItemPrefix="com.OriginalFiles.Analyze.java" Implct="false" Intrnl_Id="2390">
<Cond/>
<LocList>
<Loc EndOffset="13488" SrcFileId="8" StartOffset="13389"/>
</LocList>
<StmntSeq Intrnl_Id="2391">
<LocList>
<Loc EndOffset="13461" SrcFileId="8" StartOffset="13420"/>
</LocList>
<BasicStmnt CovItemId="S162" CovItemPrefix="com.OriginalFiles.Analyze.java" Intrnl_Id="2392">
<LocList>
<Loc EndOffset="13461" SrcFileId="8" StartOffset="13420"/>
</LocList>
</BasicStmnt>
</StmntSeq>
</Branch>
<Branch CovItemId="B92" CovItemPrefix="com.OriginalFiles.Analyze.java" Implct="true" Intrnl_Id="2393">
<Cond/>
<LocList/>
<StmntSeq Intrnl_Id="2394">
<LocList/>
</StmntSeq>
</Branch>
<Keyword EndOffset="13380" SrcFileId="8" StartOffset="13378"/>
<LocList>
<Loc EndOffset="13488" SrcFileId="8" StartOffset="13378"/>
</LocList>
<RootTerm CovItemId="C54" CovItemPrefix="com.OriginalFiles.Analyze.java" Intrnl_Id="2395">
<BasicBoolTerm Intrnl_Id="2396">
<LocList>
<Loc EndOffset="13387" SrcFileId="8" StartOffset="13382"/>
</LocList>
</BasicBoolTerm>
</RootTerm>
</CondStmnt>
<CondStmnt CovItemId="S163" CovItemPrefix="com.OriginalFiles.Analyze.java" Intrnl_Id="2397">
<Branch CovItemId="B93" CovItemPrefix="com.OriginalFiles.Analyze.java" Implct="false" Intrnl_Id="2398">
<Cond/>
<LocList>
<Loc EndOffset="13954" SrcFileId="8" StartOffset="13557"/>
</LocList>
<StmntSeq Intrnl_Id="2399">
<LocList>
<Loc EndOffset="13684" SrcFileId="8" StartOffset="13643"/>
<Loc EndOffset="13881" SrcFileId="8" StartOffset="13769"/>
<Loc EndOffset="13927" SrcFileId="8" StartOffset="13911"/>
</LocList>
<BasicStmnt CovItemId="S164" CovItemPrefix="com.OriginalFiles.Analyze.java" Intrnl_Id="2400">
<LocList>
<Loc EndOffset="13684" SrcFileId="8" StartOffset="13643"/>
</LocList>
</BasicStmnt>
<BasicStmnt CovItemId="S165" CovItemPrefix="com.OriginalFiles.Analyze.java" Intrnl_Id="2401">
<LocList>
<Loc EndOffset="13881" SrcFileId="8" StartOffset="13769"/>
</LocList>
</BasicStmnt>
<BasicStmnt CovItemId="S166" CovItemPrefix="com.OriginalFiles.Analyze.java" Intrnl_Id="2402">
<LocList>
<Loc EndOffset="13927" SrcFileId="8" StartOffset="13911"/>
</LocList>
</BasicStmnt>
</StmntSeq>
</Branch>
<Branch CovItemId="B94" CovItemPrefix="com.OriginalFiles.Analyze.java" Implct="true" Intrnl_Id="2403">
<Cond/>
<LocList/>
<StmntSeq Intrnl_Id="2404">
<LocList/>
</StmntSeq>
</Branch>
<Keyword EndOffset="13516" SrcFileId="8" StartOffset="13514"/>
<LocList>
<Loc EndOffset="13954" SrcFileId="8" StartOffset="13514"/>
</LocList>
<RootTerm CovItemId="C55" CovItemPrefix="com.OriginalFiles.Analyze.java" Intrnl_Id="2405">
<OpTerm BooleanOpId="9" Intrnl_Id="2406">
<BasicBoolTerm Intrnl_Id="2407">
<LocList>
<Loc EndOffset="13555" SrcFileId="8" StartOffset="13519"/>
</LocList>
</BasicBoolTerm>
<LocList>
<Loc EndOffset="13519" SrcFileId="8" StartOffset="13518"/>
</LocList>
</OpTerm>
</RootTerm>
</CondStmnt>
<BasicStmnt CovItemId="S167" CovItemPrefix="com.OriginalFiles.Analyze.java" Intrnl_Id="2408">
<LocList>
<Loc EndOffset="13984" SrcFileId="8" StartOffset="13980"/>
</LocList>
</BasicStmnt>
</StmntSeq>
<Keyword EndOffset="13338" SrcFileId="8" StartOffset="13333"/>
<LocList>
<Loc EndOffset="14007" SrcFileId="8" StartOffset="13333"/>
</LocList>
<RootTerm CovItemId="C53" CovItemPrefix="com.OriginalFiles.Analyze.java" Intrnl_Id="2409">
<OpTerm BooleanOpId="9" Intrnl_Id="2410">
<BasicBoolTerm Intrnl_Id="2411">
<LocList>
<Loc EndOffset="13349" SrcFileId="8" StartOffset="13341"/>
</LocList>
</BasicBoolTerm>
<LocList>
<Loc EndOffset="13341" SrcFileId="8" StartOffset="13340"/>
</LocList>
</OpTerm>
</RootTerm>
</LoopStmnt>
</StmntSeq>
</Branch>
<Keyword EndOffset="13012" SrcFileId="8" StartOffset="13010"/>
<LocList>
<Loc EndOffset="14026" SrcFileId="8" StartOffset="13010"/>
</LocList>
<RootTerm CovItemId="C52" CovItemPrefix="com.OriginalFiles.Analyze.java" Intrnl_Id="2412">
<BasicBoolTerm Intrnl_Id="2413">
<LocList>
<Loc EndOffset="13025" SrcFileId="8" StartOffset="13014"/>
</LocList>
</BasicBoolTerm>
</RootTerm>
</CondStmnt>
</StmntSeq>
</Branch>
<Keyword EndOffset="12688" SrcFileId="8" StartOffset="12686"/>
<LocList>
<Loc EndOffset="14041" SrcFileId="8" StartOffset="12686"/>
</LocList>
<RootTerm CovItemId="C50" CovItemPrefix="com.OriginalFiles.Analyze.java" Intrnl_Id="2414">
<BasicBoolTerm Intrnl_Id="2415">
<LocList>
<Loc EndOffset="12733" SrcFileId="8" StartOffset="12690"/>
</LocList>
</BasicBoolTerm>
</RootTerm>
</CondStmnt>
</StmntSeq>
</Branch>
<Branch CovItemId="B84" CovItemPrefix="com.OriginalFiles.Analyze.java" Implct="true" Intrnl_Id="2416">
<Cond/>
<LocList/>
<StmntSeq Intrnl_Id="2417">
<LocList/>
</StmntSeq>
</Branch>
<Keyword EndOffset="12629" SrcFileId="8" StartOffset="12627"/>
<LocList>
<Loc EndOffset="14052" SrcFileId="8" StartOffset="12627"/>
</LocList>
<RootTerm CovItemId="C49" CovItemPrefix="com.OriginalFiles.Analyze.java" Intrnl_Id="2418">
<BasicBoolTerm Intrnl_Id="2419">
<LocList>
<Loc EndOffset="12669" SrcFileId="8" StartOffset="12631"/>
</LocList>
</BasicBoolTerm>
</RootTerm>
</CondStmnt>
</StmntSeq>
</HierarchyLvl>
<HierarchyLvl HierarchyLvlId="735" HierarchyLvlTypeId="14" Intrnl_Id="2420" Name="checkRobotPieceReplaced">
<Header>
<Loc EndOffset="14238" SrcFileId="8" StartOffset="14164"/>
</Header>
<LocList>
<Loc EndOffset="16027" SrcFileId="8" StartOffset="14164"/>
</LocList>
<StmntSeq Intrnl_Id="2421">
<LocList>
<Loc EndOffset="16020" SrcFileId="8" StartOffset="14250"/>
</LocList>
<CondStmnt CovItemId="S168" CovItemPrefix="com.OriginalFiles.Analyze.java" Intrnl_Id="2422">
<Branch CovItemId="B95" CovItemPrefix="com.OriginalFiles.Analyze.java" Implct="false" Intrnl_Id="2423">
<Cond/>
<LocList>
<Loc EndOffset="16020" SrcFileId="8" StartOffset="14276"/>
</LocList>
<StmntSeq Intrnl_Id="2424">
<LocList>
<Loc EndOffset="14321" SrcFileId="8" StartOffset="14291"/>
<Loc EndOffset="16009" SrcFileId="8" StartOffset="14335"/>
</LocList>
<BasicStmnt CovItemId="S169" CovItemPrefix="com.OriginalFiles.Analyze.java" Intrnl_Id="2425">
<LocList>
<Loc EndOffset="14321" SrcFileId="8" StartOffset="14291"/>
</LocList>
</BasicStmnt>
<LoopStmnt CovItemId="S170" CovItemPrefix="com.OriginalFiles.Analyze.java" Intrnl_Id="2426" MltplExecId="L12-2" MltplExecPrefix="com.OriginalFiles.Analyze.java" NvrExecId="L12-0" NvrExecPrefix="com.OriginalFiles.Analyze.java" OnceExecutedId="L12-1" OnceExecutedPrefix="com.OriginalFiles.Analyze.java" OptBodyExec="true">
<StmntSeq Intrnl_Id="2427">
<LocList>
<Loc EndOffset="15994" SrcFileId="8" StartOffset="14377"/>
</LocList>
<CondStmnt CovItemId="S171" CovItemPrefix="com.OriginalFiles.Analyze.java" Intrnl_Id="2428">
<Branch CovItemId="B97" CovItemPrefix="com.OriginalFiles.Analyze.java" Implct="false" Intrnl_Id="2429">
<Cond/>
<LocList>
<Loc EndOffset="15848" SrcFileId="8" StartOffset="14477"/>
</LocList>
<StmntSeq Intrnl_Id="2430">
<LocList>
<Loc EndOffset="14523" SrcFileId="8" StartOffset="14500"/>
<Loc EndOffset="14557" SrcFileId="8" StartOffset="14547"/>
<Loc EndOffset="14589" SrcFileId="8" StartOffset="14579"/>
<Loc EndOffset="14621" SrcFileId="8" StartOffset="14611"/>
<Loc EndOffset="15196" SrcFileId="8" StartOffset="14645"/>
<Loc EndOffset="15343" SrcFileId="8" StartOffset="15218"/>
<Loc EndOffset="15787" SrcFileId="8" StartOffset="15365"/>
<Loc EndOffset="15829" SrcFileId="8" StartOffset="15809"/>
</LocList>
<BasicStmnt CovItemId="S172" CovItemPrefix="com.OriginalFiles.Analyze.java" Intrnl_Id="2431">
<LocList>
<Loc EndOffset="14523" SrcFileId="8" StartOffset="14500"/>
</LocList>
</BasicStmnt>
<BasicStmnt CovItemId="S173" CovItemPrefix="com.OriginalFiles.Analyze.java" Intrnl_Id="2432">
<LocList>
<Loc EndOffset="14557" SrcFileId="8" StartOffset="14547"/>
</LocList>
</BasicStmnt>
<BasicStmnt CovItemId="S174" CovItemPrefix="com.OriginalFiles.Analyze.java" Intrnl_Id="2433">
<LocList>
<Loc EndOffset="14589" SrcFileId="8" StartOffset="14579"/>
</LocList>
</BasicStmnt>
<BasicStmnt CovItemId="S175" CovItemPrefix="com.OriginalFiles.Analyze.java" Intrnl_Id="2434">
<LocList>
<Loc EndOffset="14621" SrcFileId="8" StartOffset="14611"/>
</LocList>
</BasicStmnt>
<LoopStmnt CovItemId="S176" CovItemPrefix="com.OriginalFiles.Analyze.java" Intrnl_Id="2435" MltplExecId="L13-2" MltplExecPrefix="com.OriginalFiles.Analyze.java" NvrExecId="L13-0" NvrExecPrefix="com.OriginalFiles.Analyze.java" OnceExecutedId="L13-1" OnceExecutedPrefix="com.OriginalFiles.Analyze.java" OptBodyExec="true">
<StmntSeq Intrnl_Id="2436">
<LocList>
<Loc EndOffset="15111" SrcFileId="8" StartOffset="14766"/>
<Loc EndOffset="15141" SrcFileId="8" StartOffset="15137"/>
<Loc EndOffset="15173" SrcFileId="8" StartOffset="15167"/>
</LocList>
<LoopStmnt CovItemId="S177" CovItemPrefix="com.OriginalFiles.Analyze.java" Intrnl_Id="2437" MltplExecId="L14-2" MltplExecPrefix="com.OriginalFiles.Analyze.java" NvrExecId="L14-0" NvrExecPrefix="com.OriginalFiles.Analyze.java" OnceExecutedId="L14-1" OnceExecutedPrefix="com.OriginalFiles.Analyze.java" OptBodyExec="true">
<StmntSeq Intrnl_Id="2438">
<LocList>
<Loc EndOffset="15050" SrcFileId="8" StartOffset="14885"/>
<Loc EndOffset="15084" SrcFileId="8" StartOffset="15080"/>
</LocList>
<CondStmnt CovItemId="S178" CovItemPrefix="com.OriginalFiles.Analyze.java" Intrnl_Id="2439">
<Branch CovItemId="B99" CovItemPrefix="com.OriginalFiles.Analyze.java" Implct="false" Intrnl_Id="2440">
<Cond/>
<LocList>
<Loc EndOffset="15050" SrcFileId="8" StartOffset="14972"/>
</LocList>
<StmntSeq Intrnl_Id="2441">
<LocList>
<Loc EndOffset="15019" SrcFileId="8" StartOffset="15007"/>
</LocList>
<BasicStmnt CovItemId="S179" CovItemPrefix="com.OriginalFiles.Analyze.java" Intrnl_Id="2442">
<LocList>
<Loc EndOffset="15019" SrcFileId="8" StartOffset="15007"/>
</LocList>
</BasicStmnt>
</StmntSeq>
</Branch>
<Branch CovItemId="B100" CovItemPrefix="com.OriginalFiles.Analyze.java" Implct="true" Intrnl_Id="2443">
<Cond/>
<LocList/>
<StmntSeq Intrnl_Id="2444">
<LocList/>
</StmntSeq>
</Branch>
<Keyword EndOffset="14887" SrcFileId="8" StartOffset="14885"/>
<LocList>
<Loc EndOffset="15050" SrcFileId="8" StartOffset="14885"/>
</LocList>
<RootTerm CovItemId="C61" CovItemPrefix="com.OriginalFiles.Analyze.java" Intrnl_Id="2445">
<BasicBoolTerm Intrnl_Id="2446">
<LocList>
<Loc EndOffset="14970" SrcFileId="8" StartOffset="14889"/>
</LocList>
</BasicBoolTerm>
</RootTerm>
</CondStmnt>
<BasicStmnt CovItemId="S180" CovItemPrefix="com.OriginalFiles.Analyze.java" Intrnl_Id="2447">
<LocList>
<Loc EndOffset="15084" SrcFileId="8" StartOffset="15080"/>
</LocList>
</BasicStmnt>
</StmntSeq>
<Keyword EndOffset="14771" SrcFileId="8" StartOffset="14766"/>
<LocList>
<Loc EndOffset="15111" SrcFileId="8" StartOffset="14766"/>
</LocList>
<RootTerm CovItemId="C60" CovItemPrefix="com.OriginalFiles.Analyze.java" Intrnl_Id="2448">
<BasicBoolTerm Intrnl_Id="2449">
<LocList>
<Loc EndOffset="14850" SrcFileId="8" StartOffset="14773"/>
</LocList>
</BasicBoolTerm>
</RootTerm>
</LoopStmnt>
<BasicStmnt CovItemId="S181" CovItemPrefix="com.OriginalFiles.Analyze.java" Intrnl_Id="2450">
<LocList>
<Loc EndOffset="15141" SrcFileId="8" StartOffset="15137"/>
</LocList>
</BasicStmnt>
<BasicStmnt CovItemId="S182" CovItemPrefix="com.OriginalFiles.Analyze.java" Intrnl_Id="2451">
<LocList>
<Loc EndOffset="15173" SrcFileId="8" StartOffset="15167"/>
</LocList>
</BasicStmnt>
</StmntSeq>
<Keyword EndOffset="14657" SrcFileId="8" StartOffset="14652"/>
<LocList>
<Loc EndOffset="15196" SrcFileId="8" StartOffset="14645"/>
</LocList>
<RootTerm CovItemId="C59" CovItemPrefix="com.OriginalFiles.Analyze.java" Intrnl_Id="2452">
<BasicBoolTerm Intrnl_Id="2453">
<LocList>
<Loc EndOffset="14735" SrcFileId="8" StartOffset="14659"/>
</LocList>
</BasicBoolTerm>
</RootTerm>
</LoopStmnt>
<BasicStmnt CovItemId="S183" CovItemPrefix="com.OriginalFiles.Analyze.java" Intrnl_Id="2454">
<LocList>
<Loc EndOffset="15343" SrcFileId="8" StartOffset="15218"/>
</LocList>
</BasicStmnt>
<LoopStmnt CovItemId="S184" CovItemPrefix="com.OriginalFiles.Analyze.java" Intrnl_Id="2455" MltplExecId="L15-2" MltplExecPrefix="com.OriginalFiles.Analyze.java" NvrExecId="L15-0" NvrExecPrefix="com.OriginalFiles.Analyze.java" OnceExecutedId="L15-1" OnceExecutedPrefix="com.OriginalFiles.Analyze.java" OptBodyExec="true">
<StmntSeq Intrnl_Id="2456">
<LocList>
<Loc EndOffset="15734" SrcFileId="8" StartOffset="15409"/>
<Loc EndOffset="15764" SrcFileId="8" StartOffset="15760"/>
</LocList>
<CondStmnt CovItemId="S185" CovItemPrefix="com.OriginalFiles.Analyze.java" Intrnl_Id="2457">
<Branch CovItemId="B101" CovItemPrefix="com.OriginalFiles.Analyze.java" Implct="false" Intrnl_Id="2458">
<Cond/>
<LocList>
<Loc EndOffset="15734" SrcFileId="8" StartOffset="15455"/>
</LocList>
<StmntSeq Intrnl_Id="2459">
<LocList>
<Loc EndOffset="15707" SrcFileId="8" StartOffset="15541"/>
</LocList>
<BasicStmnt CovItemId="S186" CovItemPrefix="com.OriginalFiles.Analyze.java" Intrnl_Id="2460">
<LocList>
<Loc EndOffset="15707" SrcFileId="8" StartOffset="15541"/>
</LocList>
</BasicStmnt>
</StmntSeq>
</Branch>
<Branch CovItemId="B102" CovItemPrefix="com.OriginalFiles.Analyze.java" Implct="true" Intrnl_Id="2461">
<Cond/>
<LocList/>
<StmntSeq Intrnl_Id="2462">
<LocList/>
</StmntSeq>
</Branch>
<Keyword EndOffset="15411" SrcFileId="8" StartOffset="15409"/>
<LocList>
<Loc EndOffset="15734" SrcFileId="8" StartOffset="15409"/>
</LocList>
<RootTerm CovItemId="C63" CovItemPrefix="com.OriginalFiles.Analyze.java" Intrnl_Id="2463">
<OpTerm BooleanOpId="9" Intrnl_Id="2464">
<BasicBoolTerm Intrnl_Id="2465">
<LocList>
<Loc EndOffset="15453" SrcFileId="8" StartOffset="15414"/>
</LocList>
</BasicBoolTerm>
<LocList>
<Loc EndOffset="15414" SrcFileId="8" StartOffset="15413"/>
</LocList>
</OpTerm>
</RootTerm>
</CondStmnt>
<BasicStmnt CovItemId="S187" CovItemPrefix="com.OriginalFiles.Analyze.java" Intrnl_Id="2466">
<LocList>
<Loc EndOffset="15764" SrcFileId="8" StartOffset="15760"/>
</LocList>
</BasicStmnt>
</StmntSeq>
<Keyword EndOffset="15370" SrcFileId="8" StartOffset="15365"/>
<LocList>
<Loc EndOffset="15787" SrcFileId="8" StartOffset="15365"/>
</LocList>
<RootTerm CovItemId="C62" CovItemPrefix="com.OriginalFiles.Analyze.java" Intrnl_Id="2467">
<OpTerm BooleanOpId="9" Intrnl_Id="2468">
<BasicBoolTerm Intrnl_Id="2469">
<LocList>
<Loc EndOffset="15379" SrcFileId="8" StartOffset="15374"/>
</LocList>
</BasicBoolTerm>
<LocList>
<Loc EndOffset="15373" SrcFileId="8" StartOffset="15372"/>
</LocList>
</OpTerm>
</RootTerm>
</LoopStmnt>
<BasicStmnt CovItemId="S188" CovItemPrefix="com.OriginalFiles.Analyze.java" Intrnl_Id="2470">
<LocList>
<Loc EndOffset="15829" SrcFileId="8" StartOffset="15809"/>
</LocList>
</BasicStmnt>
</StmntSeq>
</Branch>
<Branch CovItemId="B98" CovItemPrefix="com.OriginalFiles.Analyze.java" Implct="false" Intrnl_Id="2471">
<Cond>
<Loc EndOffset="15853" SrcFileId="8" StartOffset="15849"/>
</Cond>
<LocList>
<Loc EndOffset="15994" SrcFileId="8" StartOffset="15854"/>
</LocList>
<StmntSeq Intrnl_Id="2472">
<LocList>
<Loc EndOffset="15918" SrcFileId="8" StartOffset="15877"/>
<Loc EndOffset="15975" SrcFileId="8" StartOffset="15940"/>
</LocList>
<BasicStmnt CovItemId="S189" CovItemPrefix="com.OriginalFiles.Analyze.java" Intrnl_Id="2473">
<LocList>
<Loc EndOffset="15918" SrcFileId="8" StartOffset="15877"/>
</LocList>
</BasicStmnt>
<BasicStmnt CovItemId="S190" CovItemPrefix="com.OriginalFiles.Analyze.java" Intrnl_Id="2474">
<LocList>
<Loc EndOffset="15975" SrcFileId="8" StartOffset="15940"/>
</LocList>
</BasicStmnt>
</StmntSeq>
</Branch>
<Keyword EndOffset="14379" SrcFileId="8" StartOffset="14377"/>
<LocList>
<Loc EndOffset="15994" SrcFileId="8" StartOffset="14377"/>
</LocList>
<RootTerm CovItemId="C58" CovItemPrefix="com.OriginalFiles.Analyze.java" Intrnl_Id="2475">
<BasicBoolTerm Intrnl_Id="2476">
<LocList>
<Loc EndOffset="14475" SrcFileId="8" StartOffset="14381"/>
</LocList>
</BasicBoolTerm>
</RootTerm>
</CondStmnt>
</StmntSeq>
<Keyword EndOffset="14340" SrcFileId="8" StartOffset="14335"/>
<LocList>
<Loc EndOffset="16009" SrcFileId="8" StartOffset="14335"/>
</LocList>
<RootTerm CovItemId="C57" CovItemPrefix="com.OriginalFiles.Analyze.java" Intrnl_Id="2477">
<BasicBoolTerm Intrnl_Id="2478">
<LocList>
<Loc EndOffset="14356" SrcFileId="8" StartOffset="14342"/>
</LocList>
</BasicBoolTerm>
</RootTerm>
</LoopStmnt>
</StmntSeq>
</Branch>
<Branch CovItemId="B96" CovItemPrefix="com.OriginalFiles.Analyze.java" Implct="true" Intrnl_Id="2479">
<Cond/>
<LocList/>
<StmntSeq Intrnl_Id="2480">
<LocList/>
</StmntSeq>
</Branch>
<Keyword EndOffset="14252" SrcFileId="8" StartOffset="14250"/>
<LocList>
<Loc EndOffset="16020" SrcFileId="8" StartOffset="14250"/>
</LocList>
<RootTerm CovItemId="C56" CovItemPrefix="com.OriginalFiles.Analyze.java" Intrnl_Id="2481">
<BasicBoolTerm Intrnl_Id="2482">
<LocList>
<Loc EndOffset="14274" SrcFileId="8" StartOffset="14254"/>
</LocList>
</BasicBoolTerm>
</RootTerm>
</CondStmnt>
</StmntSeq>
</HierarchyLvl>
<HierarchyLvl HierarchyLvlId="736" HierarchyLvlTypeId="14" Intrnl_Id="2483" Name="findMyColors">
<Header>
<Loc EndOffset="16158" SrcFileId="8" StartOffset="16085"/>
</Header>
<LocList>
<Loc EndOffset="16576" SrcFileId="8" StartOffset="16085"/>
</LocList>
<StmntSeq Intrnl_Id="2484">
<LocList>
<Loc EndOffset="16216" SrcFileId="8" StartOffset="16170"/>
<Loc EndOffset="16569" SrcFileId="8" StartOffset="16226"/>
</LocList>
<BasicStmnt CovItemId="S191" CovItemPrefix="com.OriginalFiles.Analyze.java" Intrnl_Id="2485">
<LocList>
<Loc EndOffset="16216" SrcFileId="8" StartOffset="16170"/>
</LocList>
</BasicStmnt>
<CondStmnt CovItemId="S192" CovItemPrefix="com.OriginalFiles.Analyze.java" Intrnl_Id="2486">
<Branch CovItemId="B103" CovItemPrefix="com.OriginalFiles.Analyze.java" Implct="false" Intrnl_Id="2487">
<Cond/>
<LocList>
<Loc EndOffset="16325" SrcFileId="8" StartOffset="16267"/>
</LocList>
<StmntSeq Intrnl_Id="2488">
<LocList>
<Loc EndOffset="16314" SrcFileId="8" StartOffset="16282"/>
</LocList>
<BasicStmnt CovItemId="S193" CovItemPrefix="com.OriginalFiles.Analyze.java" Intrnl_Id="2489">
<LocList>
<Loc EndOffset="16314" SrcFileId="8" StartOffset="16282"/>
</LocList>
</BasicStmnt>
</StmntSeq>
</Branch>
<Branch CovItemId="B104" CovItemPrefix="com.OriginalFiles.Analyze.java" Implct="false" Intrnl_Id="2490">
<Cond>
<Loc EndOffset="16330" SrcFileId="8" StartOffset="16326"/>
</Cond>
<LocList>
<Loc EndOffset="16569" SrcFileId="8" StartOffset="16331"/>
</LocList>
<StmntSeq Intrnl_Id="2491">
<LocList>
<Loc EndOffset="16569" SrcFileId="8" StartOffset="16331"/>
</LocList>
<CondStmnt CovItemId="S194" CovItemPrefix="com.OriginalFiles.Analyze.java" Intrnl_Id="2492">
<Branch CovItemId="B105" CovItemPrefix="com.OriginalFiles.Analyze.java" Implct="false" Intrnl_Id="2493">
<Cond/>
<LocList>
<Loc EndOffset="16430" SrcFileId="8" StartOffset="16372"/>
</LocList>
<StmntSeq Intrnl_Id="2494">
<LocList>
<Loc EndOffset="16419" SrcFileId="8" StartOffset="16387"/>
</LocList>
<BasicStmnt CovItemId="S195" CovItemPrefix="com.OriginalFiles.Analyze.java" Intrnl_Id="2495">
<LocList>
<Loc EndOffset="16419" SrcFileId="8" StartOffset="16387"/>
</LocList>
</BasicStmnt>
</StmntSeq>
</Branch>
<Branch CovItemId="B106" CovItemPrefix="com.OriginalFiles.Analyze.java" Implct="false" Intrnl_Id="2496">
<Cond>
<Loc EndOffset="16435" SrcFileId="8" StartOffset="16431"/>
</Cond>
<LocList>
<Loc EndOffset="16569" SrcFileId="8" StartOffset="16436"/>
</LocList>
<StmntSeq Intrnl_Id="2497">
<LocList>
<Loc EndOffset="16481" SrcFileId="8" StartOffset="16451"/>
<Loc EndOffset="16529" SrcFileId="8" StartOffset="16495"/>
<Loc EndOffset="16558" SrcFileId="8" StartOffset="16543"/>
</LocList>
<BasicStmnt CovItemId="S196" CovItemPrefix="com.OriginalFiles.Analyze.java" Intrnl_Id="2498">
<LocList>
<Loc EndOffset="16481" SrcFileId="8" StartOffset="16451"/>
</LocList>
</BasicStmnt>
<BasicStmnt CovItemId="S197" CovItemPrefix="com.OriginalFiles.Analyze.java" Intrnl_Id="2499">
<LocList>
<Loc EndOffset="16529" SrcFileId="8" StartOffset="16495"/>
</LocList>
</BasicStmnt>
<BasicStmnt CovItemId="S198" CovItemPrefix="com.OriginalFiles.Analyze.java" Intrnl_Id="2500">
<LocList>
<Loc EndOffset="16558" SrcFileId="8" StartOffset="16543"/>
</LocList>
</BasicStmnt>
</StmntSeq>
</Branch>
<Keyword EndOffset="16333" SrcFileId="8" StartOffset="16331"/>
<LocList>
<Loc EndOffset="16569" SrcFileId="8" StartOffset="16331"/>
</LocList>
<RootTerm CovItemId="C65" CovItemPrefix="com.OriginalFiles.Analyze.java" Intrnl_Id="2501">
<BasicBoolTerm Intrnl_Id="2502">
<LocList>
<Loc EndOffset="16370" SrcFileId="8" StartOffset="16335"/>
</LocList>
</BasicBoolTerm>
</RootTerm>
</CondStmnt>
</StmntSeq>
</Branch>
<Keyword EndOffset="16228" SrcFileId="8" StartOffset="16226"/>
<LocList>
<Loc EndOffset="16569" SrcFileId="8" StartOffset="16226"/>
</LocList>
<RootTerm CovItemId="C64" CovItemPrefix="com.OriginalFiles.Analyze.java" Intrnl_Id="2503">
<BasicBoolTerm Intrnl_Id="2504">
<LocList>
<Loc EndOffset="16265" SrcFileId="8" StartOffset="16230"/>
</LocList>
</BasicBoolTerm>
</RootTerm>
</CondStmnt>
</StmntSeq>
</HierarchyLvl>
<HierarchyLvl HierarchyLvlId="737" HierarchyLvlTypeId="14" Intrnl_Id="2505" Name="getColor">
<Header>
<Loc EndOffset="16690" SrcFileId="8" StartOffset="16631"/>
</Header>
<LocList>
<Loc EndOffset="17527" SrcFileId="8" StartOffset="16631"/>
</LocList>
<StmntSeq Intrnl_Id="2506">
<LocList>
<Loc EndOffset="16760" SrcFileId="8" StartOffset="16702"/>
<Loc EndOffset="16803" SrcFileId="8" StartOffset="16772"/>
<Loc EndOffset="16848" SrcFileId="8" StartOffset="16813"/>
<Loc EndOffset="16891" SrcFileId="8" StartOffset="16858"/>
<Loc EndOffset="17520" SrcFileId="8" StartOffset="16901"/>
</LocList>
<BasicStmnt CovItemId="S199" CovItemPrefix="com.OriginalFiles.Analyze.java" Intrnl_Id="2507">
<LocList>
<Loc EndOffset="16760" SrcFileId="8" StartOffset="16702"/>
</LocList>
</BasicStmnt>
<BasicStmnt CovItemId="S200" CovItemPrefix="com.OriginalFiles.Analyze.java" Intrnl_Id="2508">
<LocList>
<Loc EndOffset="16803" SrcFileId="8" StartOffset="16772"/>
</LocList>
</BasicStmnt>
<BasicStmnt CovItemId="S201" CovItemPrefix="com.OriginalFiles.Analyze.java" Intrnl_Id="2509">
<LocList>
<Loc EndOffset="16848" SrcFileId="8" StartOffset="16813"/>
</LocList>
</BasicStmnt>
<BasicStmnt CovItemId="S202" CovItemPrefix="com.OriginalFiles.Analyze.java" Intrnl_Id="2510">
<LocList>
<Loc EndOffset="16891" SrcFileId="8" StartOffset="16858"/>
</LocList>
</BasicStmnt>
<CondStmnt CovItemId="S203" CovItemPrefix="com.OriginalFiles.Analyze.java" Intrnl_Id="2511">
<Branch CovItemId="B107" CovItemPrefix="com.OriginalFiles.Analyze.java" Implct="false" Intrnl_Id="2512">
<Cond/>
<LocList>
<Loc EndOffset="17039" SrcFileId="8" StartOffset="17002"/>
</LocList>
<StmntSeq Intrnl_Id="2513">
<LocList>
<Loc EndOffset="17028" SrcFileId="8" StartOffset="17017"/>
</LocList>
<BasicStmnt CovItemId="S204" CovItemPrefix="com.OriginalFiles.Analyze.java" Intrnl_Id="2514">
<LocList>
<Loc EndOffset="17028" SrcFileId="8" StartOffset="17017"/>
</LocList>
</BasicStmnt>
</StmntSeq>
</Branch>
<Branch CovItemId="B108" CovItemPrefix="com.OriginalFiles.Analyze.java" Implct="false" Intrnl_Id="2515">
<Cond>
<Loc EndOffset="17044" SrcFileId="8" StartOffset="17040"/>
</Cond>
<LocList>
<Loc EndOffset="17520" SrcFileId="8" StartOffset="17045"/>
</LocList>
<StmntSeq Intrnl_Id="2516">
<LocList>
<Loc EndOffset="17520" SrcFileId="8" StartOffset="17045"/>
</LocList>
<CondStmnt CovItemId="S205" CovItemPrefix="com.OriginalFiles.Analyze.java" Intrnl_Id="2517">
<Branch CovItemId="B109" CovItemPrefix="com.OriginalFiles.Analyze.java" Implct="false" Intrnl_Id="2518">
<Cond/>
<LocList>
<Loc EndOffset="17185" SrcFileId="8" StartOffset="17148"/>
</LocList>
<StmntSeq Intrnl_Id="2519">
<LocList>
<Loc EndOffset="17174" SrcFileId="8" StartOffset="17163"/>
</LocList>
<BasicStmnt CovItemId="S206" CovItemPrefix="com.OriginalFiles.Analyze.java" Intrnl_Id="2520">
<LocList>
<Loc EndOffset="17174" SrcFileId="8" StartOffset="17163"/>
</LocList>
</BasicStmnt>
</StmntSeq>
</Branch>
<Branch CovItemId="B110" CovItemPrefix="com.OriginalFiles.Analyze.java" Implct="false" Intrnl_Id="2521">
<Cond>
<Loc EndOffset="17190" SrcFileId="8" StartOffset="17186"/>
</Cond>
<LocList>
<Loc EndOffset="17520" SrcFileId="8" StartOffset="17191"/>
</LocList>
<StmntSeq Intrnl_Id="2522">
<LocList>
<Loc EndOffset="17520" SrcFileId="8" StartOffset="17191"/>
</LocList>
<CondStmnt CovItemId="S207" CovItemPrefix="com.OriginalFiles.Analyze.java" Intrnl_Id="2523">
<Branch CovItemId="B111" CovItemPrefix="com.OriginalFiles.Analyze.java" Implct="false" Intrnl_Id="2524">
<Cond/>
<LocList>
<Loc EndOffset="17331" SrcFileId="8" StartOffset="17294"/>
</LocList>
<StmntSeq Intrnl_Id="2525">
<LocList>
<Loc EndOffset="17320" SrcFileId="8" StartOffset="17309"/>
</LocList>
<BasicStmnt CovItemId="S208" CovItemPrefix="com.OriginalFiles.Analyze.java" Intrnl_Id="2526">
<LocList>
<Loc EndOffset="17320" SrcFileId="8" StartOffset="17309"/>
</LocList>
</BasicStmnt>
</StmntSeq>
</Branch>
<Branch CovItemId="B112" CovItemPrefix="com.OriginalFiles.Analyze.java" Implct="false" Intrnl_Id="2527">
<Cond>
<Loc EndOffset="17336" SrcFileId="8" StartOffset="17332"/>
</Cond>
<LocList>
<Loc EndOffset="17520" SrcFileId="8" StartOffset="17337"/>
</LocList>
<StmntSeq Intrnl_Id="2528">
<LocList>
<Loc EndOffset="17520" SrcFileId="8" StartOffset="17337"/>
</LocList>
<CondStmnt CovItemId="S209" CovItemPrefix="com.OriginalFiles.Analyze.java" Intrnl_Id="2529">
<Branch CovItemId="B113" CovItemPrefix="com.OriginalFiles.Analyze.java" Implct="false" Intrnl_Id="2530">
<Cond/>
<LocList>
<Loc EndOffset="17477" SrcFileId="8" StartOffset="17440"/>
</LocList>
<StmntSeq Intrnl_Id="2531">
<LocList>
<Loc EndOffset="17466" SrcFileId="8" StartOffset="17455"/>
</LocList>
<BasicStmnt CovItemId="S210" CovItemPrefix="com.OriginalFiles.Analyze.java" Intrnl_Id="2532">
<LocList>
<Loc EndOffset="17466" SrcFileId="8" StartOffset="17455"/>
</LocList>
</BasicStmnt>
</StmntSeq>
</Branch>
<Branch CovItemId="B114" CovItemPrefix="com.OriginalFiles.Analyze.java" Implct="false" Intrnl_Id="2533">
<Cond>
<Loc EndOffset="17482" SrcFileId="8" StartOffset="17478"/>
</Cond>
<LocList>
<Loc EndOffset="17520" SrcFileId="8" StartOffset="17483"/>
</LocList>
<StmntSeq Intrnl_Id="2534">
<LocList>
<Loc EndOffset="17509" SrcFileId="8" StartOffset="17498"/>
</LocList>
<BasicStmnt CovItemId="S211" CovItemPrefix="com.OriginalFiles.Analyze.java" Intrnl_Id="2535">
<LocList>
<Loc EndOffset="17509" SrcFileId="8" StartOffset="17498"/>
</LocList>
</BasicStmnt>
</StmntSeq>
</Branch>
<Keyword EndOffset="17339" SrcFileId="8" StartOffset="17337"/>
<LocList>
<Loc EndOffset="17520" SrcFileId="8" StartOffset="17337"/>
</LocList>
<RootTerm CovItemId="C69" CovItemPrefix="com.OriginalFiles.Analyze.java" Intrnl_Id="2536">
<OpTerm BooleanOpId="10" Intrnl_Id="2537">
<OpTerm BooleanOpId="10" Intrnl_Id="2538">
<OpTerm BooleanOpId="10" Intrnl_Id="2539">
<OpTerm BooleanOpId="10" Intrnl_Id="2540">
<OpTerm BooleanOpId="10" Intrnl_Id="2541">
<BasicBoolTerm Intrnl_Id="2542">
<LocList>
<Loc EndOffset="17350" SrcFileId="8" StartOffset="17341"/>
</LocList>
</BasicBoolTerm>
<BasicBoolTerm Intrnl_Id="2543">
<LocList>
<Loc EndOffset="17363" SrcFileId="8" StartOffset="17354"/>
</LocList>
</BasicBoolTerm>
<LocList>
<Loc EndOffset="17353" SrcFileId="8" StartOffset="17351"/>
</LocList>
</OpTerm>
<BasicBoolTerm Intrnl_Id="2544">
<LocList>
<Loc EndOffset="17378" SrcFileId="8" StartOffset="17367"/>
</LocList>
</BasicBoolTerm>
<LocList>
<Loc EndOffset="17366" SrcFileId="8" StartOffset="17364"/>
</LocList>
</OpTerm>
<BasicBoolTerm Intrnl_Id="2545">
<LocList>
<Loc EndOffset="17393" SrcFileId="8" StartOffset="17382"/>
</LocList>
</BasicBoolTerm>
<LocList>
<Loc EndOffset="17381" SrcFileId="8" StartOffset="17379"/>
</LocList>
</OpTerm>
<BasicBoolTerm Intrnl_Id="2546">
<LocList>
<Loc EndOffset="17424" SrcFileId="8" StartOffset="17414"/>
</LocList>
</BasicBoolTerm>
<LocList>
<Loc EndOffset="17413" SrcFileId="8" StartOffset="17411"/>
</LocList>
</OpTerm>
<BasicBoolTerm Intrnl_Id="2547">
<LocList>
<Loc EndOffset="17438" SrcFileId="8" StartOffset="17428"/>
</LocList>
</BasicBoolTerm>
<LocList>
<Loc EndOffset="17427" SrcFileId="8" StartOffset="17425"/>
</LocList>
</OpTerm>
</RootTerm>
</CondStmnt>
</StmntSeq>
</Branch>
<Keyword EndOffset="17193" SrcFileId="8" StartOffset="17191"/>
<LocList>
<Loc EndOffset="17520" SrcFileId="8" StartOffset="17191"/>
</LocList>
<RootTerm CovItemId="C68" CovItemPrefix="com.OriginalFiles.Analyze.java" Intrnl_Id="2548">
<OpTerm BooleanOpId="10" Intrnl_Id="2549">
<OpTerm BooleanOpId="10" Intrnl_Id="2550">
<OpTerm BooleanOpId="10" Intrnl_Id="2551">
<OpTerm BooleanOpId="10" Intrnl_Id="2552">
<OpTerm BooleanOpId="10" Intrnl_Id="2553">
<BasicBoolTerm Intrnl_Id="2554">
<LocList>
<Loc EndOffset="17204" SrcFileId="8" StartOffset="17195"/>
</LocList>
</BasicBoolTerm>
<BasicBoolTerm Intrnl_Id="2555">
<LocList>
<Loc EndOffset="17217" SrcFileId="8" StartOffset="17208"/>
</LocList>
</BasicBoolTerm>
<LocList>
<Loc EndOffset="17207" SrcFileId="8" StartOffset="17205"/>
</LocList>
</OpTerm>
<BasicBoolTerm Intrnl_Id="2556">
<LocList>
<Loc EndOffset="17232" SrcFileId="8" StartOffset="17221"/>
</LocList>
</BasicBoolTerm>
<LocList>
<Loc EndOffset="17220" SrcFileId="8" StartOffset="17218"/>
</LocList>
</OpTerm>
<BasicBoolTerm Intrnl_Id="2557">
<LocList>
<Loc EndOffset="17247" SrcFileId="8" StartOffset="17236"/>
</LocList>
</BasicBoolTerm>
<LocList>
<Loc EndOffset="17235" SrcFileId="8" StartOffset="17233"/>
</LocList>
</OpTerm>
<BasicBoolTerm Intrnl_Id="2558">
<LocList>
<Loc EndOffset="17278" SrcFileId="8" StartOffset="17268"/>
</LocList>
</BasicBoolTerm>
<LocList>
<Loc EndOffset="17267" SrcFileId="8" StartOffset="17265"/>
</LocList>
</OpTerm>
<BasicBoolTerm Intrnl_Id="2559">
<LocList>
<Loc EndOffset="17292" SrcFileId="8" StartOffset="17282"/>
</LocList>
</BasicBoolTerm>
<LocList>
<Loc EndOffset="17281" SrcFileId="8" StartOffset="17279"/>
</LocList>
</OpTerm>
</RootTerm>
</CondStmnt>
</StmntSeq>
</Branch>
<Keyword EndOffset="17047" SrcFileId="8" StartOffset="17045"/>
<LocList>
<Loc EndOffset="17520" SrcFileId="8" StartOffset="17045"/>
</LocList>
<RootTerm CovItemId="C67" CovItemPrefix="com.OriginalFiles.Analyze.java" Intrnl_Id="2560">
<OpTerm BooleanOpId="10" Intrnl_Id="2561">
<OpTerm BooleanOpId="10" Intrnl_Id="2562">
<OpTerm BooleanOpId="10" Intrnl_Id="2563">
<OpTerm BooleanOpId="10" Intrnl_Id="2564">
<OpTerm BooleanOpId="10" Intrnl_Id="2565">
<BasicBoolTerm Intrnl_Id="2566">
<LocList>
<Loc EndOffset="17058" SrcFileId="8" StartOffset="17049"/>
</LocList>
</BasicBoolTerm>
<BasicBoolTerm Intrnl_Id="2567">
<LocList>
<Loc EndOffset="17071" SrcFileId="8" StartOffset="17062"/>
</LocList>
</BasicBoolTerm>
<LocList>
<Loc EndOffset="17061" SrcFileId="8" StartOffset="17059"/>
</LocList>
</OpTerm>
<BasicBoolTerm Intrnl_Id="2568">
<LocList>
<Loc EndOffset="17086" SrcFileId="8" StartOffset="17075"/>
</LocList>
</BasicBoolTerm>
<LocList>
<Loc EndOffset="17074" SrcFileId="8" StartOffset="17072"/>
</LocList>
</OpTerm>
<BasicBoolTerm Intrnl_Id="2569">
<LocList>
<Loc EndOffset="17101" SrcFileId="8" StartOffset="17090"/>
</LocList>
</BasicBoolTerm>
<LocList>
<Loc EndOffset="17089" SrcFileId="8" StartOffset="17087"/>
</LocList>
</OpTerm>
<BasicBoolTerm Intrnl_Id="2570">
<LocList>
<Loc EndOffset="17132" SrcFileId="8" StartOffset="17122"/>
</LocList>
</BasicBoolTerm>
<LocList>
<Loc EndOffset="17121" SrcFileId="8" StartOffset="17119"/>
</LocList>
</OpTerm>
<BasicBoolTerm Intrnl_Id="2571">
<LocList>
<Loc EndOffset="17146" SrcFileId="8" StartOffset="17136"/>
</LocList>
</BasicBoolTerm>
<LocList>
<Loc EndOffset="17135" SrcFileId="8" StartOffset="17133"/>
</LocList>
</OpTerm>
</RootTerm>
</CondStmnt>
</StmntSeq>
</Branch>
<Keyword EndOffset="16903" SrcFileId="8" StartOffset="16901"/>
<LocList>
<Loc EndOffset="17520" SrcFileId="8" StartOffset="16901"/>
</LocList>
<RootTerm CovItemId="C66" CovItemPrefix="com.OriginalFiles.Analyze.java" Intrnl_Id="2572">
<OpTerm BooleanOpId="10" Intrnl_Id="2573">
<OpTerm BooleanOpId="10" Intrnl_Id="2574">
<OpTerm BooleanOpId="10" Intrnl_Id="2575">
<OpTerm BooleanOpId="10" Intrnl_Id="2576">
<OpTerm BooleanOpId="10" Intrnl_Id="2577">
<BasicBoolTerm Intrnl_Id="2578">
<LocList>
<Loc EndOffset="16914" SrcFileId="8" StartOffset="16905"/>
</LocList>
</BasicBoolTerm>
<BasicBoolTerm Intrnl_Id="2579">
<LocList>
<Loc EndOffset="16927" SrcFileId="8" StartOffset="16918"/>
</LocList>
</BasicBoolTerm>
<LocList>
<Loc EndOffset="16917" SrcFileId="8" StartOffset="16915"/>
</LocList>
</OpTerm>
<BasicBoolTerm Intrnl_Id="2580">
<LocList>
<Loc EndOffset="16942" SrcFileId="8" StartOffset="16931"/>
</LocList>
</BasicBoolTerm>
<LocList>
<Loc EndOffset="16930" SrcFileId="8" StartOffset="16928"/>
</LocList>
</OpTerm>
<BasicBoolTerm Intrnl_Id="2581">
<LocList>
<Loc EndOffset="16956" SrcFileId="8" StartOffset="16946"/>
</LocList>
</BasicBoolTerm>
<LocList>
<Loc EndOffset="16945" SrcFileId="8" StartOffset="16943"/>
</LocList>
</OpTerm>
<BasicBoolTerm Intrnl_Id="2582">
<LocList>
<Loc EndOffset="16987" SrcFileId="8" StartOffset="16977"/>
</LocList>
</BasicBoolTerm>
<LocList>
<Loc EndOffset="16976" SrcFileId="8" StartOffset="16974"/>
</LocList>
</OpTerm>
<BasicBoolTerm Intrnl_Id="2583">
<LocList>
<Loc EndOffset="17000" SrcFileId="8" StartOffset="16991"/>
</LocList>
</BasicBoolTerm>
<LocList>
<Loc EndOffset="16990" SrcFileId="8" StartOffset="16988"/>
</LocList>
</OpTerm>
</RootTerm>
</CondStmnt>
</StmntSeq>
</HierarchyLvl>
<HierarchyLvl HierarchyLvlId="738" HierarchyLvlTypeId="14" Intrnl_Id="2584" Name="checkForGameHasEnded">
<Header>
<Loc EndOffset="17642" SrcFileId="8" StartOffset="17535"/>
</Header>
<LocList>
<Loc EndOffset="18067" SrcFileId="8" StartOffset="17535"/>
</LocList>
<StmntSeq Intrnl_Id="2585">
<LocList>
<Loc EndOffset="18060" SrcFileId="8" StartOffset="17654"/>
</LocList>
<CondStmnt CovItemId="S212" CovItemPrefix="com.OriginalFiles.Analyze.java" Intrnl_Id="2586">
<Branch CovItemId="B115" CovItemPrefix="com.OriginalFiles.Analyze.java" Implct="false" Intrnl_Id="2587">
<Cond>
<Loc EndOffset="17707" SrcFileId="8" StartOffset="17701"/>
</Cond>
<LocList>
<Loc EndOffset="17735" SrcFileId="8" StartOffset="17722"/>
</LocList>
<StmntSeq Intrnl_Id="2588">
<LocList>
<Loc EndOffset="17735" SrcFileId="8" StartOffset="17722"/>
</LocList>
<BasicStmnt CovItemId="S213" CovItemPrefix="com.OriginalFiles.Analyze.java" Intrnl_Id="2589">
<LocList>
<Loc EndOffset="17735" SrcFileId="8" StartOffset="17722"/>
</LocList>
</BasicStmnt>
</StmntSeq>
</Branch>
<Branch CovItemId="B116" CovItemPrefix="com.OriginalFiles.Analyze.java" Implct="false" Intrnl_Id="2590">
<Cond>
<Loc EndOffset="17751" SrcFileId="8" StartOffset="17745"/>
</Cond>
<LocList>
<Loc EndOffset="17826" SrcFileId="8" StartOffset="17766"/>
</LocList>
<StmntSeq Intrnl_Id="2591">
<LocList>
<Loc EndOffset="17800" SrcFileId="8" StartOffset="17766"/>
<Loc EndOffset="17826" SrcFileId="8" StartOffset="17814"/>
</LocList>
<BasicStmnt CovItemId="S214" CovItemPrefix="com.OriginalFiles.Analyze.java" Intrnl_Id="2592">
<LocList>
<Loc EndOffset="17800" SrcFileId="8" StartOffset="17766"/>
</LocList>
</BasicStmnt>
<BasicStmnt CovItemId="S215" CovItemPrefix="com.OriginalFiles.Analyze.java" Intrnl_Id="2593">
<LocList>
<Loc EndOffset="17826" SrcFileId="8" StartOffset="17814"/>
</LocList>
</BasicStmnt>
</StmntSeq>
</Branch>
<Branch CovItemId="B117" CovItemPrefix="com.OriginalFiles.Analyze.java" Implct="false" Intrnl_Id="2594">
<Cond>
<Loc EndOffset="17842" SrcFileId="8" StartOffset="17836"/>
</Cond>
<LocList>
<Loc EndOffset="17917" SrcFileId="8" StartOffset="17857"/>
</LocList>
<StmntSeq Intrnl_Id="2595">
<LocList>
<Loc EndOffset="17891" SrcFileId="8" StartOffset="17857"/>
<Loc EndOffset="17917" SrcFileId="8" StartOffset="17905"/>
</LocList>
<BasicStmnt CovItemId="S216" CovItemPrefix="com.OriginalFiles.Analyze.java" Intrnl_Id="2596">
<LocList>
<Loc EndOffset="17891" SrcFileId="8" StartOffset="17857"/>
</LocList>
</BasicStmnt>
<BasicStmnt CovItemId="S217" CovItemPrefix="com.OriginalFiles.Analyze.java" Intrnl_Id="2597">
<LocList>
<Loc EndOffset="17917" SrcFileId="8" StartOffset="17905"/>
</LocList>
</BasicStmnt>
</StmntSeq>
</Branch>
<Branch CovItemId="B118" CovItemPrefix="com.OriginalFiles.Analyze.java" Implct="false" Intrnl_Id="2598">
<Cond>
<Loc EndOffset="17933" SrcFileId="8" StartOffset="17927"/>
</Cond>
<LocList>
<Loc EndOffset="18004" SrcFileId="8" StartOffset="17948"/>
</LocList>
<StmntSeq Intrnl_Id="2599">
<LocList>
<Loc EndOffset="17978" SrcFileId="8" StartOffset="17948"/>
<Loc EndOffset="18004" SrcFileId="8" StartOffset="17992"/>
</LocList>
<BasicStmnt CovItemId="S218" CovItemPrefix="com.OriginalFiles.Analyze.java" Intrnl_Id="2600">
<LocList>
<Loc EndOffset="17978" SrcFileId="8" StartOffset="17948"/>
</LocList>
</BasicStmnt>
<BasicStmnt CovItemId="S219" CovItemPrefix="com.OriginalFiles.Analyze.java" Intrnl_Id="2601">
<LocList>
<Loc EndOffset="18004" SrcFileId="8" StartOffset="17992"/>
</LocList>
</BasicStmnt>
</StmntSeq>
</Branch>
<Branch CovItemId="B119" CovItemPrefix="com.OriginalFiles.Analyze.java" Implct="false" Intrnl_Id="2602">
<Cond>
<Loc EndOffset="18021" SrcFileId="8" StartOffset="18014"/>
</Cond>
<LocList>
<Loc EndOffset="18049" SrcFileId="8" StartOffset="18036"/>
</LocList>
<StmntSeq Intrnl_Id="2603">
<LocList>
<Loc EndOffset="18049" SrcFileId="8" StartOffset="18036"/>
</LocList>
<BasicStmnt CovItemId="S220" CovItemPrefix="com.OriginalFiles.Analyze.java" Intrnl_Id="2604">
<LocList>
<Loc EndOffset="18049" SrcFileId="8" StartOffset="18036"/>
</LocList>
</BasicStmnt>
</StmntSeq>
</Branch>
<Keyword EndOffset="17660" SrcFileId="8" StartOffset="17654"/>
<LocList>
<Loc EndOffset="18060" SrcFileId="8" StartOffset="17654"/>
</LocList>
</CondStmnt>
</StmntSeq>
</HierarchyLvl>
<HierarchyLvl HierarchyLvlId="739" HierarchyLvlTypeId="14" Intrnl_Id="2605" Name="gameHasEnded">
<Header>
<Loc EndOffset="18235" SrcFileId="8" StartOffset="18187"/>
</Header>
<LocList>
<Loc EndOffset="20287" SrcFileId="8" StartOffset="18187"/>
</LocList>
<StmntSeq Intrnl_Id="2606">
<LocList>
<Loc EndOffset="18279" SrcFileId="8" StartOffset="18247"/>
<Loc EndOffset="18343" SrcFileId="8" StartOffset="18291"/>
<Loc EndOffset="18405" SrcFileId="8" StartOffset="18353"/>
<Loc EndOffset="18447" SrcFileId="8" StartOffset="18415"/>
<Loc EndOffset="18489" SrcFileId="8" StartOffset="18457"/>
<Loc EndOffset="19288" SrcFileId="8" StartOffset="18501"/>
<Loc EndOffset="19403" SrcFileId="8" StartOffset="19300"/>
<Loc EndOffset="19515" SrcFileId="8" StartOffset="19413"/>
<Loc EndOffset="20261" SrcFileId="8" StartOffset="19525"/>
<Loc EndOffset="20280" SrcFileId="8" StartOffset="20271"/>
</LocList>
<BasicStmnt CovItemId="S221" CovItemPrefix="com.OriginalFiles.Analyze.java" Intrnl_Id="2607">
<LocList>
<Loc EndOffset="18279" SrcFileId="8" StartOffset="18247"/>
</LocList>
</BasicStmnt>
<BasicStmnt CovItemId="S222" CovItemPrefix="com.OriginalFiles.Analyze.java" Intrnl_Id="2608">
<LocList>
<Loc EndOffset="18343" SrcFileId="8" StartOffset="18291"/>
</LocList>
</BasicStmnt>
<BasicStmnt CovItemId="S223" CovItemPrefix="com.OriginalFiles.Analyze.java" Intrnl_Id="2609">
<LocList>
<Loc EndOffset="18405" SrcFileId="8" StartOffset="18353"/>
</LocList>
</BasicStmnt>
<BasicStmnt CovItemId="S224" CovItemPrefix="com.OriginalFiles.Analyze.java" Intrnl_Id="2610">
<LocList>
<Loc EndOffset="18447" SrcFileId="8" StartOffset="18415"/>
</LocList>
</BasicStmnt>
<BasicStmnt CovItemId="S225" CovItemPrefix="com.OriginalFiles.Analyze.java" Intrnl_Id="2611">
<LocList>
<Loc EndOffset="18489" SrcFileId="8" StartOffset="18457"/>
</LocList>
</BasicStmnt>
<LoopStmnt CovItemId="S226" CovItemPrefix="com.OriginalFiles.Analyze.java" Intrnl_Id="2612" MltplExecId="L16-2" MltplExecPrefix="com.OriginalFiles.Analyze.java" NvrExecId="L16-0" NvrExecPrefix="com.OriginalFiles.Analyze.java" OnceExecutedId="L16-1" OnceExecutedPrefix="com.OriginalFiles.Analyze.java" OptBodyExec="true">
<StmntSeq Intrnl_Id="2613">
<LocList>
<Loc EndOffset="19277" SrcFileId="8" StartOffset="18556"/>
</LocList>
<LoopStmnt CovItemId="S227" CovItemPrefix="com.OriginalFiles.Analyze.java" Intrnl_Id="2614" MltplExecId="L17-2" MltplExecPrefix="com.OriginalFiles.Analyze.java" NvrExecId="L17-0" NvrExecPrefix="com.OriginalFiles.Analyze.java" OnceExecutedId="L17-1" OnceExecutedPrefix="com.OriginalFiles.Analyze.java" OptBodyExec="true">
<StmntSeq Intrnl_Id="2615">
<LocList>
<Loc EndOffset="19262" SrcFileId="8" StartOffset="18597"/>
</LocList>
<CondStmnt CovItemId="S228" CovItemPrefix="com.OriginalFiles.Analyze.java" Intrnl_Id="2616">
<Branch CovItemId="B120" CovItemPrefix="com.OriginalFiles.Analyze.java" Implct="false" Intrnl_Id="2617">
<Cond/>
<LocList>
<Loc EndOffset="19262" SrcFileId="8" StartOffset="18619"/>
</LocList>
<StmntSeq Intrnl_Id="2618">
<LocList>
<Loc EndOffset="18931" SrcFileId="8" StartOffset="18642"/>
<Loc EndOffset="19243" SrcFileId="8" StartOffset="18953"/>
</LocList>
<CondStmnt CovItemId="S229" CovItemPrefix="com.OriginalFiles.Analyze.java" Intrnl_Id="2619">
<Branch CovItemId="B122" CovItemPrefix="com.OriginalFiles.Analyze.java" Implct="false" Intrnl_Id="2620">
<Cond/>
<LocList>
<Loc EndOffset="18931" SrcFileId="8" StartOffset="18690"/>
</LocList>
<StmntSeq Intrnl_Id="2621">
<LocList>
<Loc EndOffset="18761" SrcFileId="8" StartOffset="18717"/>
<Loc EndOffset="18908" SrcFileId="8" StartOffset="18787"/>
</LocList>
<BasicStmnt CovItemId="S230" CovItemPrefix="com.OriginalFiles.Analyze.java" Intrnl_Id="2622">
<LocList>
<Loc EndOffset="18761" SrcFileId="8" StartOffset="18717"/>
</LocList>
</BasicStmnt>
<CondStmnt CovItemId="S231" CovItemPrefix="com.OriginalFiles.Analyze.java" Intrnl_Id="2623">
<Branch CovItemId="B124" CovItemPrefix="com.OriginalFiles.Analyze.java" Implct="false" Intrnl_Id="2624">
<Cond/>
<LocList>
<Loc EndOffset="18908" SrcFileId="8" StartOffset="18827"/>
</LocList>
<StmntSeq Intrnl_Id="2625">
<LocList>
<Loc EndOffset="18881" SrcFileId="8" StartOffset="18858"/>
</LocList>
<BasicStmnt CovItemId="S232" CovItemPrefix="com.OriginalFiles.Analyze.java" Intrnl_Id="2626">
<LocList>
<Loc EndOffset="18881" SrcFileId="8" StartOffset="18858"/>
</LocList>
</BasicStmnt>
</StmntSeq>
</Branch>
<Branch CovItemId="B125" CovItemPrefix="com.OriginalFiles.Analyze.java" Implct="true" Intrnl_Id="2627">
<Cond/>
<LocList/>
<StmntSeq Intrnl_Id="2628">
<LocList/>
</StmntSeq>
</Branch>
<Keyword EndOffset="18789" SrcFileId="8" StartOffset="18787"/>
<LocList>
<Loc EndOffset="18908" SrcFileId="8" StartOffset="18787"/>
</LocList>
<RootTerm CovItemId="C72" CovItemPrefix="com.OriginalFiles.Analyze.java" Intrnl_Id="2629">
<BasicBoolTerm Intrnl_Id="2630">
<LocList>
<Loc EndOffset="18825" SrcFileId="8" StartOffset="18791"/>
</LocList>
</BasicBoolTerm>
</RootTerm>
</CondStmnt>
</StmntSeq>
</Branch>
<Branch CovItemId="B123" CovItemPrefix="com.OriginalFiles.Analyze.java" Implct="true" Intrnl_Id="2631">
<Cond/>
<LocList/>
<StmntSeq Intrnl_Id="2632">
<LocList/>
</StmntSeq>
</Branch>
<Keyword EndOffset="18644" SrcFileId="8" StartOffset="18642"/>
<LocList>
<Loc EndOffset="18931" SrcFileId="8" StartOffset="18642"/>
</LocList>
<RootTerm CovItemId="C71" CovItemPrefix="com.OriginalFiles.Analyze.java" Intrnl_Id="2633">
<BasicBoolTerm Intrnl_Id="2634">
<LocList>
<Loc EndOffset="18688" SrcFileId="8" StartOffset="18646"/>
</LocList>
</BasicBoolTerm>
</RootTerm>
</CondStmnt>
<CondStmnt CovItemId="S233" CovItemPrefix="com.OriginalFiles.Analyze.java" Intrnl_Id="2635">
<Branch CovItemId="B126" CovItemPrefix="com.OriginalFiles.Analyze.java" Implct="false" Intrnl_Id="2636">
<Cond/>
<LocList>
<Loc EndOffset="19243" SrcFileId="8" StartOffset="19002"/>
</LocList>
<StmntSeq Intrnl_Id="2637">
<LocList>
<Loc EndOffset="19073" SrcFileId="8" StartOffset="19029"/>
<Loc EndOffset="19220" SrcFileId="8" StartOffset="19099"/>
</LocList>
<BasicStmnt CovItemId="S234" CovItemPrefix="com.OriginalFiles.Analyze.java" Intrnl_Id="2638">
<LocList>
<Loc EndOffset="19073" SrcFileId="8" StartOffset="19029"/>
</LocList>
</BasicStmnt>
<CondStmnt CovItemId="S235" CovItemPrefix="com.OriginalFiles.Analyze.java" Intrnl_Id="2639">
<Branch CovItemId="B128" CovItemPrefix="com.OriginalFiles.Analyze.java" Implct="false" Intrnl_Id="2640">
<Cond/>
<LocList>
<Loc EndOffset="19220" SrcFileId="8" StartOffset="19139"/>
</LocList>
<StmntSeq Intrnl_Id="2641">
<LocList>
<Loc EndOffset="19193" SrcFileId="8" StartOffset="19170"/>
</LocList>
<BasicStmnt CovItemId="S236" CovItemPrefix="com.OriginalFiles.Analyze.java" Intrnl_Id="2642">
<LocList>
<Loc EndOffset="19193" SrcFileId="8" StartOffset="19170"/>
</LocList>
</BasicStmnt>
</StmntSeq>
</Branch>
<Branch CovItemId="B129" CovItemPrefix="com.OriginalFiles.Analyze.java" Implct="true" Intrnl_Id="2643">
<Cond/>
<LocList/>
<StmntSeq Intrnl_Id="2644">
<LocList/>
</StmntSeq>
</Branch>
<Keyword EndOffset="19101" SrcFileId="8" StartOffset="19099"/>
<LocList>
<Loc EndOffset="19220" SrcFileId="8" StartOffset="19099"/>
</LocList>
<RootTerm CovItemId="C74" CovItemPrefix="com.OriginalFiles.Analyze.java" Intrnl_Id="2645">
<BasicBoolTerm Intrnl_Id="2646">
<LocList>
<Loc EndOffset="19137" SrcFileId="8" StartOffset="19103"/>
</LocList>
</BasicBoolTerm>
</RootTerm>
</CondStmnt>
</StmntSeq>
</Branch>
<Branch CovItemId="B127" CovItemPrefix="com.OriginalFiles.Analyze.java" Implct="true" Intrnl_Id="2647">
<Cond/>
<LocList/>
<StmntSeq Intrnl_Id="2648">
<LocList/>
</StmntSeq>
</Branch>
<Keyword EndOffset="18955" SrcFileId="8" StartOffset="18953"/>
<LocList>
<Loc EndOffset="19243" SrcFileId="8" StartOffset="18953"/>
</LocList>
<RootTerm CovItemId="C73" CovItemPrefix="com.OriginalFiles.Analyze.java" Intrnl_Id="2649">
<BasicBoolTerm Intrnl_Id="2650">
<LocList>
<Loc EndOffset="19000" SrcFileId="8" StartOffset="18957"/>
</LocList>
</BasicBoolTerm>
</RootTerm>
</CondStmnt>
</StmntSeq>
</Branch>
<Branch CovItemId="B121" CovItemPrefix="com.OriginalFiles.Analyze.java" Implct="true" Intrnl_Id="2651">
<Cond/>
<LocList/>
<StmntSeq Intrnl_Id="2652">
<LocList/>
</StmntSeq>
</Branch>
<Keyword EndOffset="18599" SrcFileId="8" StartOffset="18597"/>
<LocList>
<Loc EndOffset="19262" SrcFileId="8" StartOffset="18597"/>
</LocList>
<RootTerm CovItemId="C70" CovItemPrefix="com.OriginalFiles.Analyze.java" Intrnl_Id="2653">
<OpTerm BooleanOpId="9" Intrnl_Id="2654">
<BasicBoolTerm Intrnl_Id="2655">
<LocList>
<Loc EndOffset="18617" SrcFileId="8" StartOffset="18602"/>
</LocList>
</BasicBoolTerm>
<LocList>
<Loc EndOffset="18602" SrcFileId="8" StartOffset="18601"/>
</LocList>
</OpTerm>
</RootTerm>
</CondStmnt>
</StmntSeq>
<Keyword EndOffset="18559" SrcFileId="8" StartOffset="18556"/>
<LocList>
<Loc EndOffset="19277" SrcFileId="8" StartOffset="18556"/>
</LocList>
</LoopStmnt>
</StmntSeq>
<Keyword EndOffset="18504" SrcFileId="8" StartOffset="18501"/>
<LocList>
<Loc EndOffset="19288" SrcFileId="8" StartOffset="18501"/>
</LocList>
</LoopStmnt>
<CondStmnt CovItemId="S237" CovItemPrefix="com.OriginalFiles.Analyze.java" Intrnl_Id="2656">
<Branch CovItemId="B130" CovItemPrefix="com.OriginalFiles.Analyze.java" Implct="false" Intrnl_Id="2657">
<Cond/>
<LocList>
<Loc EndOffset="19403" SrcFileId="8" StartOffset="19368"/>
</LocList>
<StmntSeq Intrnl_Id="2658">
<LocList>
<Loc EndOffset="19392" SrcFileId="8" StartOffset="19383"/>
</LocList>
<BasicStmnt CovItemId="S238" CovItemPrefix="com.OriginalFiles.Analyze.java" Intrnl_Id="2659">
<LocList>
<Loc EndOffset="19392" SrcFileId="8" StartOffset="19383"/>
</LocList>
</BasicStmnt>
</StmntSeq>
</Branch>
<Branch CovItemId="B131" CovItemPrefix="com.OriginalFiles.Analyze.java" Implct="true" Intrnl_Id="2660">
<Cond/>
<LocList/>
<StmntSeq Intrnl_Id="2661">
<LocList/>
</StmntSeq>
</Branch>
<Keyword EndOffset="19302" SrcFileId="8" StartOffset="19300"/>
<LocList>
<Loc EndOffset="19403" SrcFileId="8" StartOffset="19300"/>
</LocList>
<RootTerm CovItemId="C75" CovItemPrefix="com.OriginalFiles.Analyze.java" Intrnl_Id="2662">
<OpTerm BooleanOpId="11" Intrnl_Id="2663">
<BasicBoolTerm Intrnl_Id="2664">
<LocList>
<Loc EndOffset="19330" SrcFileId="8" StartOffset="19304"/>
</LocList>
</BasicBoolTerm>
<OpTerm BooleanOpId="10" Intrnl_Id="2665">
<OpTerm BooleanOpId="9" Intrnl_Id="2666">
<BasicBoolTerm Intrnl_Id="2667">
<LocList>
<Loc EndOffset="19345" SrcFileId="8" StartOffset="19336"/>
</LocList>
</BasicBoolTerm>
<LocList>
<Loc EndOffset="19336" SrcFileId="8" StartOffset="19335"/>
</LocList>
</OpTerm>
<OpTerm BooleanOpId="9" Intrnl_Id="2668">
<BasicBoolTerm Intrnl_Id="2669">
<LocList>
<Loc EndOffset="19365" SrcFileId="8" StartOffset="19350"/>
</LocList>
</BasicBoolTerm>
<LocList>
<Loc EndOffset="19350" SrcFileId="8" StartOffset="19349"/>
</LocList>
</OpTerm>
<LocList>
<Loc EndOffset="19348" SrcFileId="8" StartOffset="19346"/>
</LocList>
</OpTerm>
<LocList>
<Loc EndOffset="19333" SrcFileId="8" StartOffset="19331"/>
</LocList>
</OpTerm>
</RootTerm>
</CondStmnt>
<CondStmnt CovItemId="S239" CovItemPrefix="com.OriginalFiles.Analyze.java" Intrnl_Id="2670">
<Branch CovItemId="B132" CovItemPrefix="com.OriginalFiles.Analyze.java" Implct="false" Intrnl_Id="2671">
<Cond/>
<LocList>
<Loc EndOffset="19515" SrcFileId="8" StartOffset="19480"/>
</LocList>
<StmntSeq Intrnl_Id="2672">
<LocList>
<Loc EndOffset="19504" SrcFileId="8" StartOffset="19495"/>
</LocList>
<BasicStmnt CovItemId="S240" CovItemPrefix="com.OriginalFiles.Analyze.java" Intrnl_Id="2673">
<LocList>
<Loc EndOffset="19504" SrcFileId="8" StartOffset="19495"/>
</LocList>
</BasicStmnt>
</StmntSeq>
</Branch>
<Branch CovItemId="B133" CovItemPrefix="com.OriginalFiles.Analyze.java" Implct="true" Intrnl_Id="2674">
<Cond/>
<LocList/>
<StmntSeq Intrnl_Id="2675">
<LocList/>
</StmntSeq>
</Branch>
<Keyword EndOffset="19415" SrcFileId="8" StartOffset="19413"/>
<LocList>
<Loc EndOffset="19515" SrcFileId="8" StartOffset="19413"/>
</LocList>
<RootTerm CovItemId="C76" CovItemPrefix="com.OriginalFiles.Analyze.java" Intrnl_Id="2676">
<OpTerm BooleanOpId="11" Intrnl_Id="2677">
<BasicBoolTerm Intrnl_Id="2678">
<LocList>
<Loc EndOffset="19443" SrcFileId="8" StartOffset="19417"/>
</LocList>
</BasicBoolTerm>
<OpTerm BooleanOpId="10" Intrnl_Id="2679">
<BasicBoolTerm Intrnl_Id="2680">
<LocList>
<Loc EndOffset="19457" SrcFileId="8" StartOffset="19448"/>
</LocList>
</BasicBoolTerm>
<OpTerm BooleanOpId="9" Intrnl_Id="2681">
<BasicBoolTerm Intrnl_Id="2682">
<LocList>
<Loc EndOffset="19477" SrcFileId="8" StartOffset="19462"/>
</LocList>
</BasicBoolTerm>
<LocList>
<Loc EndOffset="19462" SrcFileId="8" StartOffset="19461"/>
</LocList>
</OpTerm>
<LocList>
<Loc EndOffset="19460" SrcFileId="8" StartOffset="19458"/>
</LocList>
</OpTerm>
<LocList>
<Loc EndOffset="19446" SrcFileId="8" StartOffset="19444"/>
</LocList>
</OpTerm>
</RootTerm>
</CondStmnt>
<CondStmnt CovItemId="S241" CovItemPrefix="com.OriginalFiles.Analyze.java" Intrnl_Id="2683">
<Branch CovItemId="B134" CovItemPrefix="com.OriginalFiles.Analyze.java" Implct="false" Intrnl_Id="2684">
<Cond/>
<LocList>
<Loc EndOffset="20261" SrcFileId="8" StartOffset="19587"/>
</LocList>
<StmntSeq Intrnl_Id="2685">
<LocList>
<Loc EndOffset="20250" SrcFileId="8" StartOffset="19602"/>
</LocList>
<CondStmnt CovItemId="S242" CovItemPrefix="com.OriginalFiles.Analyze.java" Intrnl_Id="2686">
<Branch CovItemId="B136" CovItemPrefix="com.OriginalFiles.Analyze.java" Implct="false" Intrnl_Id="2687">
<Cond/>
<LocList>
<Loc EndOffset="20250" SrcFileId="8" StartOffset="19695"/>
</LocList>
<StmntSeq Intrnl_Id="2688">
<LocList>
<Loc EndOffset="19805" SrcFileId="8" StartOffset="19714"/>
<Loc EndOffset="19914" SrcFileId="8" StartOffset="19823"/>
<Loc EndOffset="20235" SrcFileId="8" StartOffset="19932"/>
</LocList>
<BasicStmnt CovItemId="S243" CovItemPrefix="com.OriginalFiles.Analyze.java" Intrnl_Id="2689">
<LocList>
<Loc EndOffset="19805" SrcFileId="8" StartOffset="19714"/>
</LocList>
</BasicStmnt>
<BasicStmnt CovItemId="S244" CovItemPrefix="com.OriginalFiles.Analyze.java" Intrnl_Id="2690">
<LocList>
<Loc EndOffset="19914" SrcFileId="8" StartOffset="19823"/>
</LocList>
</BasicStmnt>
<CondStmnt CovItemId="S245" CovItemPrefix="com.OriginalFiles.Analyze.java" Intrnl_Id="2691">
<Branch CovItemId="B138" CovItemPrefix="com.OriginalFiles.Analyze.java" Implct="false" Intrnl_Id="2692">
<Cond/>
<LocList>
<Loc EndOffset="20235" SrcFileId="8" StartOffset="19970"/>
</LocList>
<StmntSeq Intrnl_Id="2693">
<LocList>
<Loc EndOffset="20216" SrcFileId="8" StartOffset="19993"/>
</LocList>
<CondStmnt CovItemId="S246" CovItemPrefix="com.OriginalFiles.Analyze.java" Intrnl_Id="2694">
<Branch CovItemId="B140" CovItemPrefix="com.OriginalFiles.Analyze.java" Implct="false" Intrnl_Id="2695">
<Cond/>
<LocList>
<Loc EndOffset="20101" SrcFileId="8" StartOffset="20042"/>
</LocList>
<StmntSeq Intrnl_Id="2696">
<LocList>
<Loc EndOffset="20078" SrcFileId="8" StartOffset="20069"/>
</LocList>
<BasicStmnt CovItemId="S247" CovItemPrefix="com.OriginalFiles.Analyze.java" Intrnl_Id="2697">
<LocList>
<Loc EndOffset="20078" SrcFileId="8" StartOffset="20069"/>
</LocList>
</BasicStmnt>
</StmntSeq>
</Branch>
<Branch CovItemId="B141" CovItemPrefix="com.OriginalFiles.Analyze.java" Implct="false" Intrnl_Id="2698">
<Cond>
<Loc EndOffset="20106" SrcFileId="8" StartOffset="20102"/>
</Cond>
<LocList>
<Loc EndOffset="20216" SrcFileId="8" StartOffset="20107"/>
</LocList>
<StmntSeq Intrnl_Id="2699">
<LocList>
<Loc EndOffset="20216" SrcFileId="8" StartOffset="20107"/>
</LocList>
<CondStmnt CovItemId="S248" CovItemPrefix="com.OriginalFiles.Analyze.java" Intrnl_Id="2700">
<Branch CovItemId="B142" CovItemPrefix="com.OriginalFiles.Analyze.java" Implct="false" Intrnl_Id="2701">
<Cond/>
<LocList>
<Loc EndOffset="20216" SrcFileId="8" StartOffset="20157"/>
</LocList>
<StmntSeq Intrnl_Id="2702">
<LocList>
<Loc EndOffset="20193" SrcFileId="8" StartOffset="20184"/>
</LocList>
<BasicStmnt CovItemId="S249" CovItemPrefix="com.OriginalFiles.Analyze.java" Intrnl_Id="2703">
<LocList>
<Loc EndOffset="20193" SrcFileId="8" StartOffset="20184"/>
</LocList>
</BasicStmnt>
</StmntSeq>
</Branch>
<Branch CovItemId="B143" CovItemPrefix="com.OriginalFiles.Analyze.java" Implct="true" Intrnl_Id="2704">
<Cond/>
<LocList/>
<StmntSeq Intrnl_Id="2705">
<LocList/>
</StmntSeq>
</Branch>
<Keyword EndOffset="20109" SrcFileId="8" StartOffset="20107"/>
<LocList>
<Loc EndOffset="20216" SrcFileId="8" StartOffset="20107"/>
</LocList>
<RootTerm CovItemId="C81" CovItemPrefix="com.OriginalFiles.Analyze.java" Intrnl_Id="2706">
<OpTerm BooleanOpId="10" Intrnl_Id="2707">
<OpTerm BooleanOpId="9" Intrnl_Id="2708">
<BasicBoolTerm Intrnl_Id="2709">
<LocList>
<Loc EndOffset="20121" SrcFileId="8" StartOffset="20112"/>
</LocList>
</BasicBoolTerm>
<LocList>
<Loc EndOffset="20112" SrcFileId="8" StartOffset="20111"/>
</LocList>
</OpTerm>
<OpTerm BooleanOpId="9" Intrnl_Id="2710">
<BasicBoolTerm Intrnl_Id="2711">
<LocList>
<Loc EndOffset="20155" SrcFileId="8" StartOffset="20126"/>
</LocList>
</BasicBoolTerm>
<LocList>
<Loc EndOffset="20126" SrcFileId="8" StartOffset="20125"/>
</LocList>
</OpTerm>
<LocList>
<Loc EndOffset="20124" SrcFileId="8" StartOffset="20122"/>
</LocList>
</OpTerm>
</RootTerm>
</CondStmnt>
</StmntSeq>
</Branch>
<Keyword EndOffset="19995" SrcFileId="8" StartOffset="19993"/>
<LocList>
<Loc EndOffset="20216" SrcFileId="8" StartOffset="19993"/>
</LocList>
<RootTerm CovItemId="C80" CovItemPrefix="com.OriginalFiles.Analyze.java" Intrnl_Id="2712">
<OpTerm BooleanOpId="10" Intrnl_Id="2713">
<BasicBoolTerm Intrnl_Id="2714">
<LocList>
<Loc EndOffset="20006" SrcFileId="8" StartOffset="19997"/>
</LocList>
</BasicBoolTerm>
<OpTerm BooleanOpId="9" Intrnl_Id="2715">
<BasicBoolTerm Intrnl_Id="2716">
<LocList>
<Loc EndOffset="20040" SrcFileId="8" StartOffset="20011"/>
</LocList>
</BasicBoolTerm>
<LocList>
<Loc EndOffset="20011" SrcFileId="8" StartOffset="20010"/>
</LocList>
</OpTerm>
<LocList>
<Loc EndOffset="20009" SrcFileId="8" StartOffset="20007"/>
</LocList>
</OpTerm>
</RootTerm>
</CondStmnt>
</StmntSeq>
</Branch>
<Branch CovItemId="B139" CovItemPrefix="com.OriginalFiles.Analyze.java" Implct="true" Intrnl_Id="2717">
<Cond/>
<LocList/>
<StmntSeq Intrnl_Id="2718">
<LocList/>
</StmntSeq>
</Branch>
<Keyword EndOffset="19934" SrcFileId="8" StartOffset="19932"/>
<LocList>
<Loc EndOffset="20235" SrcFileId="8" StartOffset="19932"/>
</LocList>
<RootTerm CovItemId="C79" CovItemPrefix="com.OriginalFiles.Analyze.java" Intrnl_Id="2719">
<OpTerm BooleanOpId="11" Intrnl_Id="2720">
<BasicBoolTerm Intrnl_Id="2721">
<LocList>
<Loc EndOffset="19950" SrcFileId="8" StartOffset="19936"/>
</LocList>
</BasicBoolTerm>
<BasicBoolTerm Intrnl_Id="2722">
<LocList>
<Loc EndOffset="19968" SrcFileId="8" StartOffset="19954"/>
</LocList>
</BasicBoolTerm>
<LocList>
<Loc EndOffset="19953" SrcFileId="8" StartOffset="19951"/>
</LocList>
</OpTerm>
</RootTerm>
</CondStmnt>
</StmntSeq>
</Branch>
<Branch CovItemId="B137" CovItemPrefix="com.OriginalFiles.Analyze.java" Implct="true" Intrnl_Id="2723">
<Cond/>
<LocList/>
<StmntSeq Intrnl_Id="2724">
<LocList/>
</StmntSeq>
</Branch>
<Keyword EndOffset="19604" SrcFileId="8" StartOffset="19602"/>
<LocList>
<Loc EndOffset="20250" SrcFileId="8" StartOffset="19602"/>
</LocList>
<RootTerm CovItemId="C78" CovItemPrefix="com.OriginalFiles.Analyze.java" Intrnl_Id="2725">
<OpTerm BooleanOpId="10" Intrnl_Id="2726">
<BasicBoolTerm Intrnl_Id="2727">
<LocList>
<Loc EndOffset="19637" SrcFileId="8" StartOffset="19606"/>
</LocList>
</BasicBoolTerm>
<BasicBoolTerm Intrnl_Id="2728">
<LocList>
<Loc EndOffset="19693" SrcFileId="8" StartOffset="19662"/>
</LocList>
</BasicBoolTerm>
<LocList>
<Loc EndOffset="19661" SrcFileId="8" StartOffset="19659"/>
</LocList>
</OpTerm>
</RootTerm>
</CondStmnt>
</StmntSeq>
</Branch>
<Branch CovItemId="B135" CovItemPrefix="com.OriginalFiles.Analyze.java" Implct="true" Intrnl_Id="2729">
<Cond/>
<LocList/>
<StmntSeq Intrnl_Id="2730">
<LocList/>
</StmntSeq>
</Branch>
<Keyword EndOffset="19527" SrcFileId="8" StartOffset="19525"/>
<LocList>
<Loc EndOffset="20261" SrcFileId="8" StartOffset="19525"/>
</LocList>
<RootTerm CovItemId="C77" CovItemPrefix="com.OriginalFiles.Analyze.java" Intrnl_Id="2731">
<OpTerm BooleanOpId="10" Intrnl_Id="2732">
<BasicBoolTerm Intrnl_Id="2733">
<LocList>
<Loc EndOffset="19555" SrcFileId="8" StartOffset="19529"/>
</LocList>
</BasicBoolTerm>
<BasicBoolTerm Intrnl_Id="2734">
<LocList>
<Loc EndOffset="19585" SrcFileId="8" StartOffset="19559"/>
</LocList>
</BasicBoolTerm>
<LocList>
<Loc EndOffset="19558" SrcFileId="8" StartOffset="19556"/>
</LocList>
</OpTerm>
</RootTerm>
</CondStmnt>
<BasicStmnt CovItemId="S250" CovItemPrefix="com.OriginalFiles.Analyze.java" Intrnl_Id="2735">
<LocList>
<Loc EndOffset="20280" SrcFileId="8" StartOffset="20271"/>
</LocList>
</BasicStmnt>
</StmntSeq>
</HierarchyLvl>
<HierarchyLvl HierarchyLvlId="740" HierarchyLvlTypeId="14" Intrnl_Id="2736" Name="hasTheMove">
<Header>
<Loc EndOffset="20389" SrcFileId="8" StartOffset="20295"/>
</Header>
<LocList>
<Loc EndOffset="21144" SrcFileId="8" StartOffset="20295"/>
</LocList>
<StmntSeq Intrnl_Id="2737">
<LocList>
<Loc EndOffset="20420" SrcFileId="8" StartOffset="20401"/>
<Loc EndOffset="21114" SrcFileId="8" StartOffset="20430"/>
<Loc EndOffset="21137" SrcFileId="8" StartOffset="21124"/>
</LocList>
<BasicStmnt CovItemId="S251" CovItemPrefix="com.OriginalFiles.Analyze.java" Intrnl_Id="2738">
<LocList>
<Loc EndOffset="20420" SrcFileId="8" StartOffset="20401"/>
</LocList>
</BasicStmnt>
<CondStmnt CovItemId="S252" CovItemPrefix="com.OriginalFiles.Analyze.java" Intrnl_Id="2739">
<Branch CovItemId="B144" CovItemPrefix="com.OriginalFiles.Analyze.java" Implct="false" Intrnl_Id="2740">
<Cond/>
<LocList>
<Loc EndOffset="20943" SrcFileId="8" StartOffset="20462"/>
</LocList>
<StmntSeq Intrnl_Id="2741">
<LocList>
<Loc EndOffset="20543" SrcFileId="8" StartOffset="20477"/>
<Loc EndOffset="20578" SrcFileId="8" StartOffset="20559"/>
<Loc EndOffset="20845" SrcFileId="8" StartOffset="20594"/>
<Loc EndOffset="20932" SrcFileId="8" StartOffset="20861"/>
</LocList>
<CondStmnt CovItemId="S253" CovItemPrefix="com.OriginalFiles.Analyze.java" Intrnl_Id="2742">
<Branch CovItemId="B146" CovItemPrefix="com.OriginalFiles.Analyze.java" Implct="false" Intrnl_Id="2743">
<Cond/>
<LocList>
<Loc EndOffset="20543" SrcFileId="8" StartOffset="20494"/>
</LocList>
<StmntSeq Intrnl_Id="2744">
<LocList>
<Loc EndOffset="20528" SrcFileId="8" StartOffset="20513"/>
</LocList>
<BasicStmnt CovItemId="S254" CovItemPrefix="com.OriginalFiles.Analyze.java" Intrnl_Id="2745">
<LocList>
<Loc EndOffset="20528" SrcFileId="8" StartOffset="20513"/>
</LocList>
</BasicStmnt>
</StmntSeq>
</Branch>
<Branch CovItemId="B147" CovItemPrefix="com.OriginalFiles.Analyze.java" Implct="true" Intrnl_Id="2746">
<Cond/>
<LocList/>
<StmntSeq Intrnl_Id="2747">
<LocList/>
</StmntSeq>
</Branch>
<Keyword EndOffset="20479" SrcFileId="8" StartOffset="20477"/>
<LocList>
<Loc EndOffset="20543" SrcFileId="8" StartOffset="20477"/>
</LocList>
<RootTerm CovItemId="C83" CovItemPrefix="com.OriginalFiles.Analyze.java" Intrnl_Id="2748">
<OpTerm BooleanOpId="9" Intrnl_Id="2749">
<BasicBoolTerm Intrnl_Id="2750">
<LocList>
<Loc EndOffset="20492" SrcFileId="8" StartOffset="20482"/>
</LocList>
</BasicBoolTerm>
<LocList>
<Loc EndOffset="20482" SrcFileId="8" StartOffset="20481"/>
</LocList>
</OpTerm>
</RootTerm>
</CondStmnt>
<BasicStmnt CovItemId="S255" CovItemPrefix="com.OriginalFiles.Analyze.java" Intrnl_Id="2751">
<LocList>
<Loc EndOffset="20578" SrcFileId="8" StartOffset="20559"/>
</LocList>
</BasicStmnt>
<LoopStmnt CovItemId="S256" CovItemPrefix="com.OriginalFiles.Analyze.java" Intrnl_Id="2752" MltplExecId="L18-2" MltplExecPrefix="com.OriginalFiles.Analyze.java" NvrExecId="L18-0" NvrExecPrefix="com.OriginalFiles.Analyze.java" OnceExecutedId="L18-1" OnceExecutedPrefix="com.OriginalFiles.Analyze.java" OptBodyExec="true">
<StmntSeq Intrnl_Id="2753">
<LocList>
<Loc EndOffset="20830" SrcFileId="8" StartOffset="20653"/>
</LocList>
<LoopStmnt CovItemId="S257" CovItemPrefix="com.OriginalFiles.Analyze.java" Intrnl_Id="2754" MltplExecId="L19-2" MltplExecPrefix="com.OriginalFiles.Analyze.java" NvrExecId="L19-0" NvrExecPrefix="com.OriginalFiles.Analyze.java" OnceExecutedId="L19-1" OnceExecutedPrefix="com.OriginalFiles.Analyze.java" OptBodyExec="true">
<StmntSeq Intrnl_Id="2755">
<LocList>
<Loc EndOffset="20811" SrcFileId="8" StartOffset="20704"/>
</LocList>
<CondStmnt CovItemId="S258" CovItemPrefix="com.OriginalFiles.Analyze.java" Intrnl_Id="2756">
<Branch CovItemId="B148" CovItemPrefix="com.OriginalFiles.Analyze.java" Implct="false" Intrnl_Id="2757">
<Cond/>
<LocList>
<Loc EndOffset="20811" SrcFileId="8" StartOffset="20748"/>
</LocList>
<StmntSeq Intrnl_Id="2758">
<LocList>
<Loc EndOffset="20788" SrcFileId="8" StartOffset="20775"/>
</LocList>
<BasicStmnt CovItemId="S259" CovItemPrefix="com.OriginalFiles.Analyze.java" Intrnl_Id="2759">
<LocList>
<Loc EndOffset="20788" SrcFileId="8" StartOffset="20775"/>
</LocList>
</BasicStmnt>
</StmntSeq>
</Branch>
<Branch CovItemId="B149" CovItemPrefix="com.OriginalFiles.Analyze.java" Implct="true" Intrnl_Id="2760">
<Cond/>
<LocList/>
<StmntSeq Intrnl_Id="2761">
<LocList/>
</StmntSeq>
</Branch>
<Keyword EndOffset="20706" SrcFileId="8" StartOffset="20704"/>
<LocList>
<Loc EndOffset="20811" SrcFileId="8" StartOffset="20704"/>
</LocList>
<RootTerm CovItemId="C86" CovItemPrefix="com.OriginalFiles.Analyze.java" Intrnl_Id="2762">
<OpTerm BooleanOpId="9" Intrnl_Id="2763">
<BasicBoolTerm Intrnl_Id="2764">
<LocList>
<Loc EndOffset="20746" SrcFileId="8" StartOffset="20709"/>
</LocList>
</BasicBoolTerm>
<LocList>
<Loc EndOffset="20709" SrcFileId="8" StartOffset="20708"/>
</LocList>
</OpTerm>
</RootTerm>
</CondStmnt>
</StmntSeq>
<Keyword EndOffset="20656" SrcFileId="8" StartOffset="20653"/>
<LocList>
<Loc EndOffset="20830" SrcFileId="8" StartOffset="20653"/>
</LocList>
<RootTerm CovItemId="C85" CovItemPrefix="com.OriginalFiles.Analyze.java" Intrnl_Id="2765">
<BasicBoolTerm Intrnl_Id="2766">
<LocList>
<Loc EndOffset="20674" SrcFileId="8" StartOffset="20669"/>
</LocList>
</BasicBoolTerm>
</RootTerm>
</LoopStmnt>
</StmntSeq>
<Keyword EndOffset="20597" SrcFileId="8" StartOffset="20594"/>
<LocList>
<Loc EndOffset="20845" SrcFileId="8" StartOffset="20594"/>
</LocList>
<RootTerm CovItemId="C84" CovItemPrefix="com.OriginalFiles.Analyze.java" Intrnl_Id="2767">
<BasicBoolTerm Intrnl_Id="2768">
<LocList>
<Loc EndOffset="20624" SrcFileId="8" StartOffset="20619"/>
</LocList>
</BasicBoolTerm>
</RootTerm>
</LoopStmnt>
<CondStmnt CovItemId="S260" CovItemPrefix="com.OriginalFiles.Analyze.java" Intrnl_Id="2769">
<Branch CovItemId="B150" CovItemPrefix="com.OriginalFiles.Analyze.java" Implct="false" Intrnl_Id="2770">
<Cond/>
<LocList>
<Loc EndOffset="20932" SrcFileId="8" StartOffset="20886"/>
</LocList>
<StmntSeq Intrnl_Id="2771">
<LocList>
<Loc EndOffset="20917" SrcFileId="8" StartOffset="20905"/>
</LocList>
<BasicStmnt CovItemId="S261" CovItemPrefix="com.OriginalFiles.Analyze.java" Intrnl_Id="2772">
<LocList>
<Loc EndOffset="20917" SrcFileId="8" StartOffset="20905"/>
</LocList>
</BasicStmnt>
</StmntSeq>
</Branch>
<Branch CovItemId="B151" CovItemPrefix="com.OriginalFiles.Analyze.java" Implct="true" Intrnl_Id="2773">
<Cond/>
<LocList/>
<StmntSeq Intrnl_Id="2774">
<LocList/>
</StmntSeq>
</Branch>
<Keyword EndOffset="20863" SrcFileId="8" StartOffset="20861"/>
<LocList>
<Loc EndOffset="20932" SrcFileId="8" StartOffset="20861"/>
</LocList>
<RootTerm CovItemId="C87" CovItemPrefix="com.OriginalFiles.Analyze.java" Intrnl_Id="2775">
<BasicBoolTerm Intrnl_Id="2776">
<LocList>
<Loc EndOffset="20884" SrcFileId="8" StartOffset="20865"/>
</LocList>
</BasicBoolTerm>
</RootTerm>
</CondStmnt>
</StmntSeq>
</Branch>
<Branch CovItemId="B145" CovItemPrefix="com.OriginalFiles.Analyze.java" Implct="false" Intrnl_Id="2777">
<Cond>
<Loc EndOffset="20948" SrcFileId="8" StartOffset="20944"/>
</Cond>
<LocList>
<Loc EndOffset="21114" SrcFileId="8" StartOffset="20949"/>
</LocList>
<StmntSeq Intrnl_Id="2778">
<LocList>
<Loc EndOffset="21114" SrcFileId="8" StartOffset="20949"/>
</LocList>
<CondStmnt CovItemId="S262" CovItemPrefix="com.OriginalFiles.Analyze.java" Intrnl_Id="2779">
<Branch CovItemId="B152" CovItemPrefix="com.OriginalFiles.Analyze.java" Implct="false" Intrnl_Id="2780">
<Cond/>
<LocList>
<Loc EndOffset="21029" SrcFileId="8" StartOffset="20991"/>
</LocList>
<StmntSeq Intrnl_Id="2781">
<LocList>
<Loc EndOffset="21018" SrcFileId="8" StartOffset="21006"/>
</LocList>
<BasicStmnt CovItemId="S263" CovItemPrefix="com.OriginalFiles.Analyze.java" Intrnl_Id="2782">
<LocList>
<Loc EndOffset="21018" SrcFileId="8" StartOffset="21006"/>
</LocList>
</BasicStmnt>
</StmntSeq>
</Branch>
<Branch CovItemId="B153" CovItemPrefix="com.OriginalFiles.Analyze.java" Implct="false" Intrnl_Id="2783">
<Cond>
<Loc EndOffset="21034" SrcFileId="8" StartOffset="21030"/>
</Cond>
<LocList>
<Loc EndOffset="21114" SrcFileId="8" StartOffset="21035"/>
</LocList>
<StmntSeq Intrnl_Id="2784">
<LocList>
<Loc EndOffset="21114" SrcFileId="8" StartOffset="21035"/>
</LocList>
<CondStmnt CovItemId="S264" CovItemPrefix="com.OriginalFiles.Analyze.java" Intrnl_Id="2785">
<Branch CovItemId="B154" CovItemPrefix="com.OriginalFiles.Analyze.java" Implct="false" Intrnl_Id="2786">
<Cond/>
<LocList>
<Loc EndOffset="21114" SrcFileId="8" StartOffset="21076"/>
</LocList>
<StmntSeq Intrnl_Id="2787">
<LocList>
<Loc EndOffset="21103" SrcFileId="8" StartOffset="21091"/>
</LocList>
<BasicStmnt CovItemId="S265" CovItemPrefix="com.OriginalFiles.Analyze.java" Intrnl_Id="2788">
<LocList>
<Loc EndOffset="21103" SrcFileId="8" StartOffset="21091"/>
</LocList>
</BasicStmnt>
</StmntSeq>
</Branch>
<Branch CovItemId="B155" CovItemPrefix="com.OriginalFiles.Analyze.java" Implct="true" Intrnl_Id="2789">
<Cond/>
<LocList/>
<StmntSeq Intrnl_Id="2790">
<LocList/>
</StmntSeq>
</Branch>
<Keyword EndOffset="21037" SrcFileId="8" StartOffset="21035"/>
<LocList>
<Loc EndOffset="21114" SrcFileId="8" StartOffset="21035"/>
</LocList>
<RootTerm CovItemId="C89" CovItemPrefix="com.OriginalFiles.Analyze.java" Intrnl_Id="2791">
<OpTerm BooleanOpId="10" Intrnl_Id="2792">
<BasicBoolTerm Intrnl_Id="2793">
<LocList>
<Loc EndOffset="21049" SrcFileId="8" StartOffset="21039"/>
</LocList>
</BasicBoolTerm>
<BasicBoolTerm Intrnl_Id="2794">
<LocList>
<Loc EndOffset="21074" SrcFileId="8" StartOffset="21053"/>
</LocList>
</BasicBoolTerm>
<LocList>
<Loc EndOffset="21052" SrcFileId="8" StartOffset="21050"/>
</LocList>
</OpTerm>
</RootTerm>
</CondStmnt>
</StmntSeq>
</Branch>
<Keyword EndOffset="20951" SrcFileId="8" StartOffset="20949"/>
<LocList>
<Loc EndOffset="21114" SrcFileId="8" StartOffset="20949"/>
</LocList>
<RootTerm CovItemId="C88" CovItemPrefix="com.OriginalFiles.Analyze.java" Intrnl_Id="2795">
<OpTerm BooleanOpId="10" Intrnl_Id="2796">
<OpTerm BooleanOpId="9" Intrnl_Id="2797">
<BasicBoolTerm Intrnl_Id="2798">
<LocList>
<Loc EndOffset="20964" SrcFileId="8" StartOffset="20954"/>
</LocList>
</BasicBoolTerm>
<LocList>
<Loc EndOffset="20954" SrcFileId="8" StartOffset="20953"/>
</LocList>
</OpTerm>
<BasicBoolTerm Intrnl_Id="2799">
<LocList>
<Loc EndOffset="20989" SrcFileId="8" StartOffset="20968"/>
</LocList>
</BasicBoolTerm>
<LocList>
<Loc EndOffset="20967" SrcFileId="8" StartOffset="20965"/>
</LocList>
</OpTerm>
</RootTerm>
</CondStmnt>
</StmntSeq>
</Branch>
<Keyword EndOffset="20432" SrcFileId="8" StartOffset="20430"/>
<LocList>
<Loc EndOffset="21114" SrcFileId="8" StartOffset="20430"/>
</LocList>
<RootTerm CovItemId="C82" CovItemPrefix="com.OriginalFiles.Analyze.java" Intrnl_Id="2800">
<BasicBoolTerm Intrnl_Id="2801">
<LocList>
<Loc EndOffset="20460" SrcFileId="8" StartOffset="20434"/>
</LocList>
</BasicBoolTerm>
</RootTerm>
</CondStmnt>
<BasicStmnt CovItemId="S266" CovItemPrefix="com.OriginalFiles.Analyze.java" Intrnl_Id="2802">
<LocList>
<Loc EndOffset="21137" SrcFileId="8" StartOffset="21124"/>
</LocList>
</BasicStmnt>
</StmntSeq>
</HierarchyLvl>
<HierarchyLvl HierarchyLvlId="741" HierarchyLvlTypeId="14" Intrnl_Id="2803" Name="isOnDoubleCorners">
<Header>
<Loc EndOffset="21203" SrcFileId="8" StartOffset="21152"/>
</Header>
<LocList>
<Loc EndOffset="21512" SrcFileId="8" StartOffset="21152"/>
</LocList>
<StmntSeq Intrnl_Id="2804">
<LocList>
<Loc EndOffset="21482" SrcFileId="8" StartOffset="21215"/>
<Loc EndOffset="21505" SrcFileId="8" StartOffset="21492"/>
</LocList>
<CondStmnt CovItemId="S267" CovItemPrefix="com.OriginalFiles.Analyze.java" Intrnl_Id="2805">
<Branch CovItemId="B156" CovItemPrefix="com.OriginalFiles.Analyze.java" Implct="false" Intrnl_Id="2806">
<Cond/>
<LocList>
<Loc EndOffset="21482" SrcFileId="8" StartOffset="21444"/>
</LocList>
<StmntSeq Intrnl_Id="2807">
<LocList>
<Loc EndOffset="21471" SrcFileId="8" StartOffset="21459"/>
</LocList>
<BasicStmnt CovItemId="S268" CovItemPrefix="com.OriginalFiles.Analyze.java" Intrnl_Id="2808">
<LocList>
<Loc EndOffset="21471" SrcFileId="8" StartOffset="21459"/>
</LocList>
</BasicStmnt>
</StmntSeq>
</Branch>
<Branch CovItemId="B157" CovItemPrefix="com.OriginalFiles.Analyze.java" Implct="true" Intrnl_Id="2809">
<Cond/>
<LocList/>
<StmntSeq Intrnl_Id="2810">
<LocList/>
</StmntSeq>
</Branch>
<Keyword EndOffset="21217" SrcFileId="8" StartOffset="21215"/>
<LocList>
<Loc EndOffset="21482" SrcFileId="8" StartOffset="21215"/>
</LocList>
<RootTerm CovItemId="C90" CovItemPrefix="com.OriginalFiles.Analyze.java" Intrnl_Id="2811">
<OpTerm BooleanOpId="11" Intrnl_Id="2812">
<OpTerm BooleanOpId="11" Intrnl_Id="2813">
<OpTerm BooleanOpId="11" Intrnl_Id="2814">
<OpTerm BooleanOpId="10" Intrnl_Id="2815">
<BasicBoolTerm Intrnl_Id="2816">
<LocList>
<Loc EndOffset="21237" SrcFileId="8" StartOffset="21220"/>
</LocList>
</BasicBoolTerm>
<BasicBoolTerm Intrnl_Id="2817">
<LocList>
<Loc EndOffset="21258" SrcFileId="8" StartOffset="21241"/>
</LocList>
</BasicBoolTerm>
<LocList>
<Loc EndOffset="21240" SrcFileId="8" StartOffset="21238"/>
</LocList>
</OpTerm>
<OpTerm BooleanOpId="10" Intrnl_Id="2818">
<BasicBoolTerm Intrnl_Id="2819">
<LocList>
<Loc EndOffset="21298" SrcFileId="8" StartOffset="21281"/>
</LocList>
</BasicBoolTerm>
<BasicBoolTerm Intrnl_Id="2820">
<LocList>
<Loc EndOffset="21319" SrcFileId="8" StartOffset="21302"/>
</LocList>
</BasicBoolTerm>
<LocList>
<Loc EndOffset="21301" SrcFileId="8" StartOffset="21299"/>
</LocList>
</OpTerm>
<LocList>
<Loc EndOffset="21279" SrcFileId="8" StartOffset="21277"/>
</LocList>
</OpTerm>
<OpTerm BooleanOpId="10" Intrnl_Id="2821">
<BasicBoolTerm Intrnl_Id="2822">
<LocList>
<Loc EndOffset="21359" SrcFileId="8" StartOffset="21342"/>
</LocList>
</BasicBoolTerm>
<BasicBoolTerm Intrnl_Id="2823">
<LocList>
<Loc EndOffset="21380" SrcFileId="8" StartOffset="21363"/>
</LocList>
</BasicBoolTerm>
<LocList>
<Loc EndOffset="21362" SrcFileId="8" StartOffset="21360"/>
</LocList>
</OpTerm>
<LocList>
<Loc EndOffset="21340" SrcFileId="8" StartOffset="21338"/>
</LocList>
</OpTerm>
<OpTerm BooleanOpId="10" Intrnl_Id="2824">
<BasicBoolTerm Intrnl_Id="2825">
<LocList>
<Loc EndOffset="21420" SrcFileId="8" StartOffset="21403"/>
</LocList>
</BasicBoolTerm>
<BasicBoolTerm Intrnl_Id="2826">
<LocList>
<Loc EndOffset="21441" SrcFileId="8" StartOffset="21424"/>
</LocList>
</BasicBoolTerm>
<LocList>
<Loc EndOffset="21423" SrcFileId="8" StartOffset="21421"/>
</LocList>
</OpTerm>
<LocList>
<Loc EndOffset="21401" SrcFileId="8" StartOffset="21399"/>
</LocList>
</OpTerm>
</RootTerm>
</CondStmnt>
<BasicStmnt CovItemId="S269" CovItemPrefix="com.OriginalFiles.Analyze.java" Intrnl_Id="2827">
<LocList>
<Loc EndOffset="21505" SrcFileId="8" StartOffset="21492"/>
</LocList>
</BasicStmnt>
</StmntSeq>
</HierarchyLvl>
<HierarchyLvl HierarchyLvlId="742" HierarchyLvlTypeId="14" Intrnl_Id="2828" Name="cleanUp">
<Header>
<Loc EndOffset="21578" SrcFileId="8" StartOffset="21520"/>
</Header>
<LocList>
<Loc EndOffset="22212" SrcFileId="8" StartOffset="21520"/>
</LocList>
<StmntSeq Intrnl_Id="2829">
<LocList>
<Loc EndOffset="21784" SrcFileId="8" StartOffset="21590"/>
<Loc EndOffset="21993" SrcFileId="8" StartOffset="21796"/>
<Loc EndOffset="22205" SrcFileId="8" StartOffset="22005"/>
</LocList>
<LoopStmnt CovItemId="S270" CovItemPrefix="com.OriginalFiles.Analyze.java" Intrnl_Id="2830" MltplExecId="L20-2" MltplExecPrefix="com.OriginalFiles.Analyze.java" NvrExecId="L20-0" NvrExecPrefix="com.OriginalFiles.Analyze.java" OnceExecutedId="L20-1" OnceExecutedPrefix="com.OriginalFiles.Analyze.java" OptBodyExec="true">
<StmntSeq Intrnl_Id="2831">
<LocList>
<Loc EndOffset="21773" SrcFileId="8" StartOffset="21646"/>
</LocList>
<LoopStmnt CovItemId="S271" CovItemPrefix="com.OriginalFiles.Analyze.java" Intrnl_Id="2832" MltplExecId="L21-2" MltplExecPrefix="com.OriginalFiles.Analyze.java" NvrExecId="L21-0" NvrExecPrefix="com.OriginalFiles.Analyze.java" OnceExecutedId="L21-1" OnceExecutedPrefix="com.OriginalFiles.Analyze.java" OptBodyExec="true">
<StmntSeq Intrnl_Id="2833">
<LocList>
<Loc EndOffset="21758" SrcFileId="8" StartOffset="21684"/>
</LocList>
<CondStmnt CovItemId="S272" CovItemPrefix="com.OriginalFiles.Analyze.java" Intrnl_Id="2834">
<Branch CovItemId="B158" CovItemPrefix="com.OriginalFiles.Analyze.java" Implct="false" Intrnl_Id="2835">
<Cond/>
<LocList>
<Loc EndOffset="21758" SrcFileId="8" StartOffset="21702"/>
</LocList>
<StmntSeq Intrnl_Id="2836">
<LocList>
<Loc EndOffset="21739" SrcFileId="8" StartOffset="21725"/>
</LocList>
<BasicStmnt CovItemId="S273" CovItemPrefix="com.OriginalFiles.Analyze.java" Intrnl_Id="2837">
<LocList>
<Loc EndOffset="21739" SrcFileId="8" StartOffset="21725"/>
</LocList>
</BasicStmnt>
</StmntSeq>
</Branch>
<Branch CovItemId="B159" CovItemPrefix="com.OriginalFiles.Analyze.java" Implct="true" Intrnl_Id="2838">
<Cond/>
<LocList/>
<StmntSeq Intrnl_Id="2839">
<LocList/>
</StmntSeq>
</Branch>
<Keyword EndOffset="21686" SrcFileId="8" StartOffset="21684"/>
<LocList>
<Loc EndOffset="21758" SrcFileId="8" StartOffset="21684"/>
</LocList>
<RootTerm CovItemId="C91" CovItemPrefix="com.OriginalFiles.Analyze.java" Intrnl_Id="2840">
<OpTerm BooleanOpId="9" Intrnl_Id="2841">
<BasicBoolTerm Intrnl_Id="2842">
<LocList>
<Loc EndOffset="21700" SrcFileId="8" StartOffset="21689"/>
</LocList>
</BasicBoolTerm>
<LocList>
<Loc EndOffset="21689" SrcFileId="8" StartOffset="21688"/>
</LocList>
</OpTerm>
</RootTerm>
</CondStmnt>
</StmntSeq>
<Keyword EndOffset="21649" SrcFileId="8" StartOffset="21646"/>
<LocList>
<Loc EndOffset="21773" SrcFileId="8" StartOffset="21646"/>
</LocList>
</LoopStmnt>
</StmntSeq>
<Keyword EndOffset="21593" SrcFileId="8" StartOffset="21590"/>
<LocList>
<Loc EndOffset="21784" SrcFileId="8" StartOffset="21590"/>
</LocList>
</LoopStmnt>
<LoopStmnt CovItemId="S274" CovItemPrefix="com.OriginalFiles.Analyze.java" Intrnl_Id="2843" MltplExecId="L22-2" MltplExecPrefix="com.OriginalFiles.Analyze.java" NvrExecId="L22-0" NvrExecPrefix="com.OriginalFiles.Analyze.java" OnceExecutedId="L22-1" OnceExecutedPrefix="com.OriginalFiles.Analyze.java" OptBodyExec="true">
<StmntSeq Intrnl_Id="2844">
<LocList>
<Loc EndOffset="21982" SrcFileId="8" StartOffset="21855"/>
</LocList>
<LoopStmnt CovItemId="S275" CovItemPrefix="com.OriginalFiles.Analyze.java" Intrnl_Id="2845" MltplExecId="L23-2" MltplExecPrefix="com.OriginalFiles.Analyze.java" NvrExecId="L23-0" NvrExecPrefix="com.OriginalFiles.Analyze.java" OnceExecutedId="L23-1" OnceExecutedPrefix="com.OriginalFiles.Analyze.java" OptBodyExec="true">
<StmntSeq Intrnl_Id="2846">
<LocList>
<Loc EndOffset="21967" SrcFileId="8" StartOffset="21893"/>
</LocList>
<CondStmnt CovItemId="S276" CovItemPrefix="com.OriginalFiles.Analyze.java" Intrnl_Id="2847">
<Branch CovItemId="B160" CovItemPrefix="com.OriginalFiles.Analyze.java" Implct="false" Intrnl_Id="2848">
<Cond/>
<LocList>
<Loc EndOffset="21967" SrcFileId="8" StartOffset="21911"/>
</LocList>
<StmntSeq Intrnl_Id="2849">
<LocList>
<Loc EndOffset="21948" SrcFileId="8" StartOffset="21934"/>
</LocList>
<BasicStmnt CovItemId="S277" CovItemPrefix="com.OriginalFiles.Analyze.java" Intrnl_Id="2850">
<LocList>
<Loc EndOffset="21948" SrcFileId="8" StartOffset="21934"/>
</LocList>
</BasicStmnt>
</StmntSeq>
</Branch>
<Branch CovItemId="B161" CovItemPrefix="com.OriginalFiles.Analyze.java" Implct="true" Intrnl_Id="2851">
<Cond/>
<LocList/>
<StmntSeq Intrnl_Id="2852">
<LocList/>
</StmntSeq>
</Branch>
<Keyword EndOffset="21895" SrcFileId="8" StartOffset="21893"/>
<LocList>
<Loc EndOffset="21967" SrcFileId="8" StartOffset="21893"/>
</LocList>
<RootTerm CovItemId="C92" CovItemPrefix="com.OriginalFiles.Analyze.java" Intrnl_Id="2853">
<OpTerm BooleanOpId="9" Intrnl_Id="2854">
<BasicBoolTerm Intrnl_Id="2855">
<LocList>
<Loc EndOffset="21909" SrcFileId="8" StartOffset="21898"/>
</LocList>
</BasicBoolTerm>
<LocList>
<Loc EndOffset="21898" SrcFileId="8" StartOffset="21897"/>
</LocList>
</OpTerm>
</RootTerm>
</CondStmnt>
</StmntSeq>
<Keyword EndOffset="21858" SrcFileId="8" StartOffset="21855"/>
<LocList>
<Loc EndOffset="21982" SrcFileId="8" StartOffset="21855"/>
</LocList>
</LoopStmnt>
</StmntSeq>
<Keyword EndOffset="21799" SrcFileId="8" StartOffset="21796"/>
<LocList>
<Loc EndOffset="21993" SrcFileId="8" StartOffset="21796"/>
</LocList>
</LoopStmnt>
<LoopStmnt CovItemId="S278" CovItemPrefix="com.OriginalFiles.Analyze.java" Intrnl_Id="2856" MltplExecId="L24-2" MltplExecPrefix="com.OriginalFiles.Analyze.java" NvrExecId="L24-0" NvrExecPrefix="com.OriginalFiles.Analyze.java" OnceExecutedId="L24-1" OnceExecutedPrefix="com.OriginalFiles.Analyze.java" OptBodyExec="true">
<StmntSeq Intrnl_Id="2857">
<LocList>
<Loc EndOffset="22194" SrcFileId="8" StartOffset="22067"/>
</LocList>
<LoopStmnt CovItemId="S279" CovItemPrefix="com.OriginalFiles.Analyze.java" Intrnl_Id="2858" MltplExecId="L25-2" MltplExecPrefix="com.OriginalFiles.Analyze.java" NvrExecId="L25-0" NvrExecPrefix="com.OriginalFiles.Analyze.java" OnceExecutedId="L25-1" OnceExecutedPrefix="com.OriginalFiles.Analyze.java" OptBodyExec="true">
<StmntSeq Intrnl_Id="2859">
<LocList>
<Loc EndOffset="22179" SrcFileId="8" StartOffset="22105"/>
</LocList>
<CondStmnt CovItemId="S280" CovItemPrefix="com.OriginalFiles.Analyze.java" Intrnl_Id="2860">
<Branch CovItemId="B162" CovItemPrefix="com.OriginalFiles.Analyze.java" Implct="false" Intrnl_Id="2861">
<Cond/>
<LocList>
<Loc EndOffset="22179" SrcFileId="8" StartOffset="22123"/>
</LocList>
<StmntSeq Intrnl_Id="2862">
<LocList>
<Loc EndOffset="22160" SrcFileId="8" StartOffset="22146"/>
</LocList>
<BasicStmnt CovItemId="S281" CovItemPrefix="com.OriginalFiles.Analyze.java" Intrnl_Id="2863">
<LocList>
<Loc EndOffset="22160" SrcFileId="8" StartOffset="22146"/>
</LocList>
</BasicStmnt>
</StmntSeq>
</Branch>
<Branch CovItemId="B163" CovItemPrefix="com.OriginalFiles.Analyze.java" Implct="true" Intrnl_Id="2864">
<Cond/>
<LocList/>
<StmntSeq Intrnl_Id="2865">
<LocList/>
</StmntSeq>
</Branch>
<Keyword EndOffset="22107" SrcFileId="8" StartOffset="22105"/>
<LocList>
<Loc EndOffset="22179" SrcFileId="8" StartOffset="22105"/>
</LocList>
<RootTerm CovItemId="C93" CovItemPrefix="com.OriginalFiles.Analyze.java" Intrnl_Id="2866">
<OpTerm BooleanOpId="9" Intrnl_Id="2867">
<BasicBoolTerm Intrnl_Id="2868">
<LocList>
<Loc EndOffset="22121" SrcFileId="8" StartOffset="22110"/>
</LocList>
</BasicBoolTerm>
<LocList>
<Loc EndOffset="22110" SrcFileId="8" StartOffset="22109"/>
</LocList>
</OpTerm>
</RootTerm>
</CondStmnt>
</StmntSeq>
<Keyword EndOffset="22070" SrcFileId="8" StartOffset="22067"/>
<LocList>
<Loc EndOffset="22194" SrcFileId="8" StartOffset="22067"/>
</LocList>
</LoopStmnt>
</StmntSeq>
<Keyword EndOffset="22008" SrcFileId="8" StartOffset="22005"/>
<LocList>
<Loc EndOffset="22205" SrcFileId="8" StartOffset="22005"/>
</LocList>
</LoopStmnt>
</StmntSeq>
</HierarchyLvl>
<HierarchyLvl HierarchyLvlId="743" HierarchyLvlTypeId="14" Intrnl_Id="2869" Name="placePiece">
<Header>
<Loc EndOffset="22293" SrcFileId="8" StartOffset="22220"/>
</Header>
<LocList>
<Loc EndOffset="22599" SrcFileId="8" StartOffset="22220"/>
</LocList>
<StmntSeq Intrnl_Id="2870">
<LocList>
<Loc EndOffset="22592" SrcFileId="8" StartOffset="22305"/>
</LocList>
<CondStmnt CovItemId="S282" CovItemPrefix="com.OriginalFiles.Analyze.java" Intrnl_Id="2871">
<Branch CovItemId="B164" CovItemPrefix="com.OriginalFiles.Analyze.java" Implct="false" Intrnl_Id="2872">
<Cond/>
<LocList>
<Loc EndOffset="22403" SrcFileId="8" StartOffset="22350"/>
</LocList>
<StmntSeq Intrnl_Id="2873">
<LocList>
<Loc EndOffset="22392" SrcFileId="8" StartOffset="22365"/>
</LocList>
<BasicStmnt CovItemId="S283" CovItemPrefix="com.OriginalFiles.Analyze.java" Intrnl_Id="2874">
<LocList>
<Loc EndOffset="22392" SrcFileId="8" StartOffset="22365"/>
</LocList>
</BasicStmnt>
</StmntSeq>
</Branch>
<Branch CovItemId="B165" CovItemPrefix="com.OriginalFiles.Analyze.java" Implct="false" Intrnl_Id="2875">
<Cond>
<Loc EndOffset="22408" SrcFileId="8" StartOffset="22404"/>
</Cond>
<LocList>
<Loc EndOffset="22592" SrcFileId="8" StartOffset="22409"/>
</LocList>
<StmntSeq Intrnl_Id="2876">
<LocList>
<Loc EndOffset="22581" SrcFileId="8" StartOffset="22424"/>
</LocList>
<CondStmnt CovItemId="S284" CovItemPrefix="com.OriginalFiles.Analyze.java" Intrnl_Id="2877">
<Branch CovItemId="B166" CovItemPrefix="com.OriginalFiles.Analyze.java" Implct="false" Intrnl_Id="2878">
<Cond/>
<LocList>
<Loc EndOffset="22516" SrcFileId="8" StartOffset="22475"/>
</LocList>
<StmntSeq Intrnl_Id="2879">
<LocList>
<Loc EndOffset="22501" SrcFileId="8" StartOffset="22494"/>
</LocList>
<BasicStmnt CovItemId="S285" CovItemPrefix="com.OriginalFiles.Analyze.java" Intrnl_Id="2880">
<LocList>
<Loc EndOffset="22501" SrcFileId="8" StartOffset="22494"/>
</LocList>
</BasicStmnt>
</StmntSeq>
</Branch>
<Branch CovItemId="B167" CovItemPrefix="com.OriginalFiles.Analyze.java" Implct="false" Intrnl_Id="2881">
<Cond>
<Loc EndOffset="22521" SrcFileId="8" StartOffset="22517"/>
</Cond>
<LocList>
<Loc EndOffset="22581" SrcFileId="8" StartOffset="22522"/>
</LocList>
<StmntSeq Intrnl_Id="2882">
<LocList>
<Loc EndOffset="22566" SrcFileId="8" StartOffset="22541"/>
</LocList>
<BasicStmnt CovItemId="S286" CovItemPrefix="com.OriginalFiles.Analyze.java" Intrnl_Id="2883">
<LocList>
<Loc EndOffset="22566" SrcFileId="8" StartOffset="22541"/>
</LocList>
</BasicStmnt>
</StmntSeq>
</Branch>
<Keyword EndOffset="22426" SrcFileId="8" StartOffset="22424"/>
<LocList>
<Loc EndOffset="22581" SrcFileId="8" StartOffset="22424"/>
</LocList>
<RootTerm CovItemId="C95" CovItemPrefix="com.OriginalFiles.Analyze.java" Intrnl_Id="2884">
<BasicBoolTerm Intrnl_Id="2885">
<LocList>
<Loc EndOffset="22473" SrcFileId="8" StartOffset="22428"/>
</LocList>
</BasicBoolTerm>
</RootTerm>
</CondStmnt>
</StmntSeq>
</Branch>
<Keyword EndOffset="22307" SrcFileId="8" StartOffset="22305"/>
<LocList>
<Loc EndOffset="22592" SrcFileId="8" StartOffset="22305"/>
</LocList>
<RootTerm CovItemId="C94" CovItemPrefix="com.OriginalFiles.Analyze.java" Intrnl_Id="2886">
<BasicBoolTerm Intrnl_Id="2887">
<LocList>
<Loc EndOffset="22348" SrcFileId="8" StartOffset="22309"/>
</LocList>
</BasicBoolTerm>
</RootTerm>
</CondStmnt>
</StmntSeq>
</HierarchyLvl>
<HierarchyLvl HierarchyLvlId="744" HierarchyLvlTypeId="14" Intrnl_Id="2888" Name="movePeasent">
<Header>
<Loc EndOffset="22681" SrcFileId="8" StartOffset="22607"/>
</Header>
<LocList>
<Loc EndOffset="23875" SrcFileId="8" StartOffset="22607"/>
</LocList>
<StmntSeq Intrnl_Id="2889">
<LocList>
<Loc EndOffset="23868" SrcFileId="8" StartOffset="22693"/>
</LocList>
<CondStmnt CovItemId="S287" CovItemPrefix="com.OriginalFiles.Analyze.java" Intrnl_Id="2890">
<Branch CovItemId="B168" CovItemPrefix="com.OriginalFiles.Analyze.java" Implct="false" Intrnl_Id="2891">
<Cond/>
<LocList>
<Loc EndOffset="23277" SrcFileId="8" StartOffset="22783"/>
</LocList>
<StmntSeq Intrnl_Id="2892">
<LocList>
<Loc EndOffset="23266" SrcFileId="8" StartOffset="22798"/>
</LocList>
<LoopStmnt CovItemId="S288" CovItemPrefix="com.OriginalFiles.Analyze.java" Intrnl_Id="2893" MltplExecId="L26-2" MltplExecPrefix="com.OriginalFiles.Analyze.java" NvrExecId="L26-0" NvrExecPrefix="com.OriginalFiles.Analyze.java" OnceExecutedId="L26-1" OnceExecutedPrefix="com.OriginalFiles.Analyze.java" OptBodyExec="true">
<StmntSeq Intrnl_Id="2894">
<LocList>
<Loc EndOffset="23251" SrcFileId="8" StartOffset="22857"/>
</LocList>
<LoopStmnt CovItemId="S289" CovItemPrefix="com.OriginalFiles.Analyze.java" Intrnl_Id="2895" MltplExecId="L27-2" MltplExecPrefix="com.OriginalFiles.Analyze.java" NvrExecId="L27-0" NvrExecPrefix="com.OriginalFiles.Analyze.java" OnceExecutedId="L27-1" OnceExecutedPrefix="com.OriginalFiles.Analyze.java" OptBodyExec="true">
<StmntSeq Intrnl_Id="2896">
<LocList>
<Loc EndOffset="23232" SrcFileId="8" StartOffset="22909"/>
</LocList>
<CondStmnt CovItemId="S290" CovItemPrefix="com.OriginalFiles.Analyze.java" Intrnl_Id="2897">
<Branch CovItemId="B170" CovItemPrefix="com.OriginalFiles.Analyze.java" Implct="false" Intrnl_Id="2898">
<Cond/>
<LocList>
<Loc EndOffset="23232" SrcFileId="8" StartOffset="23025"/>
</LocList>
<StmntSeq Intrnl_Id="2899">
<LocList>
<Loc EndOffset="23167" SrcFileId="8" StartOffset="23052"/>
<Loc EndOffset="23209" SrcFileId="8" StartOffset="23193"/>
</LocList>
<BasicStmnt CovItemId="S291" CovItemPrefix="com.OriginalFiles.Analyze.java" Intrnl_Id="2900">
<LocList>
<Loc EndOffset="23167" SrcFileId="8" StartOffset="23052"/>
</LocList>
</BasicStmnt>
<BasicStmnt CovItemId="S292" CovItemPrefix="com.OriginalFiles.Analyze.java" Intrnl_Id="2901">
<LocList>
<Loc EndOffset="23209" SrcFileId="8" StartOffset="23193"/>
</LocList>
</BasicStmnt>
</StmntSeq>
</Branch>
<Branch CovItemId="B171" CovItemPrefix="com.OriginalFiles.Analyze.java" Implct="true" Intrnl_Id="2902">
<Cond/>
<LocList/>
<StmntSeq Intrnl_Id="2903">
<LocList/>
</StmntSeq>
</Branch>
<Keyword EndOffset="22911" SrcFileId="8" StartOffset="22909"/>
<LocList>
<Loc EndOffset="23232" SrcFileId="8" StartOffset="22909"/>
</LocList>
<RootTerm CovItemId="C99" CovItemPrefix="com.OriginalFiles.Analyze.java" Intrnl_Id="2904">
<OpTerm BooleanOpId="10" Intrnl_Id="2905">
<BasicBoolTerm Intrnl_Id="2906">
<LocList>
<Loc EndOffset="22950" SrcFileId="8" StartOffset="22913"/>
</LocList>
</BasicBoolTerm>
<BasicBoolTerm Intrnl_Id="2907">
<LocList>
<Loc EndOffset="23023" SrcFileId="8" StartOffset="22983"/>
</LocList>
</BasicBoolTerm>
<LocList>
<Loc EndOffset="22982" SrcFileId="8" StartOffset="22980"/>
</LocList>
</OpTerm>
</RootTerm>
</CondStmnt>
</StmntSeq>
<Keyword EndOffset="22860" SrcFileId="8" StartOffset="22857"/>
<LocList>
<Loc EndOffset="23251" SrcFileId="8" StartOffset="22857"/>
</LocList>
<RootTerm CovItemId="C98" CovItemPrefix="com.OriginalFiles.Analyze.java" Intrnl_Id="2908">
<BasicBoolTerm Intrnl_Id="2909">
<LocList>
<Loc EndOffset="22879" SrcFileId="8" StartOffset="22873"/>
</LocList>
</BasicBoolTerm>
</RootTerm>
</LoopStmnt>
</StmntSeq>
<Keyword EndOffset="22812" SrcFileId="8" StartOffset="22809"/>
<LocList>
<Loc EndOffset="23266" SrcFileId="8" StartOffset="22798"/>
</LocList>
<RootTerm CovItemId="C97" CovItemPrefix="com.OriginalFiles.Analyze.java" Intrnl_Id="2910">
<BasicBoolTerm Intrnl_Id="2911">
<LocList>
<Loc EndOffset="22831" SrcFileId="8" StartOffset="22825"/>
</LocList>
</BasicBoolTerm>
</RootTerm>
</LoopStmnt>
</StmntSeq>
</Branch>
<Branch CovItemId="B169" CovItemPrefix="com.OriginalFiles.Analyze.java" Implct="false" Intrnl_Id="2912">
<Cond>
<Loc EndOffset="23282" SrcFileId="8" StartOffset="23278"/>
</Cond>
<LocList>
<Loc EndOffset="23868" SrcFileId="8" StartOffset="23283"/>
</LocList>
<StmntSeq Intrnl_Id="2913">
<LocList>
<Loc EndOffset="23868" SrcFileId="8" StartOffset="23283"/>
</LocList>
<CondStmnt CovItemId="S293" CovItemPrefix="com.OriginalFiles.Analyze.java" Intrnl_Id="2914">
<Branch CovItemId="B172" CovItemPrefix="com.OriginalFiles.Analyze.java" Implct="false" Intrnl_Id="2915">
<Cond/>
<LocList>
<Loc EndOffset="23868" SrcFileId="8" StartOffset="23374"/>
</LocList>
<StmntSeq Intrnl_Id="2916">
<LocList>
<Loc EndOffset="23857" SrcFileId="8" StartOffset="23389"/>
</LocList>
<LoopStmnt CovItemId="S294" CovItemPrefix="com.OriginalFiles.Analyze.java" Intrnl_Id="2917" MltplExecId="L28-2" MltplExecPrefix="com.OriginalFiles.Analyze.java" NvrExecId="L28-0" NvrExecPrefix="com.OriginalFiles.Analyze.java" OnceExecutedId="L28-1" OnceExecutedPrefix="com.OriginalFiles.Analyze.java" OptBodyExec="true">
<StmntSeq Intrnl_Id="2918">
<LocList>
<Loc EndOffset="23842" SrcFileId="8" StartOffset="23448"/>
</LocList>
<LoopStmnt CovItemId="S295" CovItemPrefix="com.OriginalFiles.Analyze.java" Intrnl_Id="2919" MltplExecId="L29-2" MltplExecPrefix="com.OriginalFiles.Analyze.java" NvrExecId="L29-0" NvrExecPrefix="com.OriginalFiles.Analyze.java" OnceExecutedId="L29-1" OnceExecutedPrefix="com.OriginalFiles.Analyze.java" OptBodyExec="true">
<StmntSeq Intrnl_Id="2920">
<LocList>
<Loc EndOffset="23823" SrcFileId="8" StartOffset="23500"/>
</LocList>
<CondStmnt CovItemId="S296" CovItemPrefix="com.OriginalFiles.Analyze.java" Intrnl_Id="2921">
<Branch CovItemId="B174" CovItemPrefix="com.OriginalFiles.Analyze.java" Implct="false" Intrnl_Id="2922">
<Cond/>
<LocList>
<Loc EndOffset="23823" SrcFileId="8" StartOffset="23616"/>
</LocList>
<StmntSeq Intrnl_Id="2923">
<LocList>
<Loc EndOffset="23758" SrcFileId="8" StartOffset="23643"/>
<Loc EndOffset="23800" SrcFileId="8" StartOffset="23784"/>
</LocList>
<BasicStmnt CovItemId="S297" CovItemPrefix="com.OriginalFiles.Analyze.java" Intrnl_Id="2924">
<LocList>
<Loc EndOffset="23758" SrcFileId="8" StartOffset="23643"/>
</LocList>
</BasicStmnt>
<BasicStmnt CovItemId="S298" CovItemPrefix="com.OriginalFiles.Analyze.java" Intrnl_Id="2925">
<LocList>
<Loc EndOffset="23800" SrcFileId="8" StartOffset="23784"/>
</LocList>
</BasicStmnt>
</StmntSeq>
</Branch>
<Branch CovItemId="B175" CovItemPrefix="com.OriginalFiles.Analyze.java" Implct="true" Intrnl_Id="2926">
<Cond/>
<LocList/>
<StmntSeq Intrnl_Id="2927">
<LocList/>
</StmntSeq>
</Branch>
<Keyword EndOffset="23502" SrcFileId="8" StartOffset="23500"/>
<LocList>
<Loc EndOffset="23823" SrcFileId="8" StartOffset="23500"/>
</LocList>
<RootTerm CovItemId="C103" CovItemPrefix="com.OriginalFiles.Analyze.java" Intrnl_Id="2928">
<OpTerm BooleanOpId="10" Intrnl_Id="2929">
<BasicBoolTerm Intrnl_Id="2930">
<LocList>
<Loc EndOffset="23541" SrcFileId="8" StartOffset="23504"/>
</LocList>
</BasicBoolTerm>
<BasicBoolTerm Intrnl_Id="2931">
<LocList>
<Loc EndOffset="23614" SrcFileId="8" StartOffset="23574"/>
</LocList>
</BasicBoolTerm>
<LocList>
<Loc EndOffset="23573" SrcFileId="8" StartOffset="23571"/>
</LocList>
</OpTerm>
</RootTerm>
</CondStmnt>
</StmntSeq>
<Keyword EndOffset="23451" SrcFileId="8" StartOffset="23448"/>
<LocList>
<Loc EndOffset="23842" SrcFileId="8" StartOffset="23448"/>
</LocList>
<RootTerm CovItemId="C102" CovItemPrefix="com.OriginalFiles.Analyze.java" Intrnl_Id="2932">
<BasicBoolTerm Intrnl_Id="2933">
<LocList>
<Loc EndOffset="23470" SrcFileId="8" StartOffset="23464"/>
</LocList>
</BasicBoolTerm>
</RootTerm>
</LoopStmnt>
</StmntSeq>
<Keyword EndOffset="23403" SrcFileId="8" StartOffset="23400"/>
<LocList>
<Loc EndOffset="23857" SrcFileId="8" StartOffset="23389"/>
</LocList>
<RootTerm CovItemId="C101" CovItemPrefix="com.OriginalFiles.Analyze.java" Intrnl_Id="2934">
<BasicBoolTerm Intrnl_Id="2935">
<LocList>
<Loc EndOffset="23422" SrcFileId="8" StartOffset="23416"/>
</LocList>
</BasicBoolTerm>
</RootTerm>
</LoopStmnt>
</StmntSeq>
</Branch>
<Branch CovItemId="B173" CovItemPrefix="com.OriginalFiles.Analyze.java" Implct="true" Intrnl_Id="2936">
<Cond/>
<LocList/>
<StmntSeq Intrnl_Id="2937">
<LocList/>
</StmntSeq>
</Branch>
<Keyword EndOffset="23285" SrcFileId="8" StartOffset="23283"/>
<LocList>
<Loc EndOffset="23868" SrcFileId="8" StartOffset="23283"/>
</LocList>
<RootTerm CovItemId="C100" CovItemPrefix="com.OriginalFiles.Analyze.java" Intrnl_Id="2938">
<BasicBoolTerm Intrnl_Id="2939">
<LocList>
<Loc EndOffset="23372" SrcFileId="8" StartOffset="23287"/>
</LocList>
</BasicBoolTerm>
</RootTerm>
</CondStmnt>
</StmntSeq>
</Branch>
<Keyword EndOffset="22695" SrcFileId="8" StartOffset="22693"/>
<LocList>
<Loc EndOffset="23868" SrcFileId="8" StartOffset="22693"/>
</LocList>
<RootTerm CovItemId="C96" CovItemPrefix="com.OriginalFiles.Analyze.java" Intrnl_Id="2940">
<BasicBoolTerm Intrnl_Id="2941">
<LocList>
<Loc EndOffset="22781" SrcFileId="8" StartOffset="22697"/>
</LocList>
</BasicBoolTerm>
</RootTerm>
</CondStmnt>
</StmntSeq>
</HierarchyLvl>
<HierarchyLvl HierarchyLvlId="745" HierarchyLvlTypeId="14" Intrnl_Id="2942" Name="moveToKingRow">
<Header>
<Loc EndOffset="23972" SrcFileId="8" StartOffset="23883"/>
</Header>
<LocList>
<Loc EndOffset="24968" SrcFileId="8" StartOffset="23883"/>
</LocList>
<StmntSeq Intrnl_Id="2943">
<LocList>
<Loc EndOffset="24961" SrcFileId="8" StartOffset="23984"/>
</LocList>
<CondStmnt CovItemId="S299" CovItemPrefix="com.OriginalFiles.Analyze.java" Intrnl_Id="2944">
<Branch CovItemId="B176" CovItemPrefix="com.OriginalFiles.Analyze.java" Implct="false" Intrnl_Id="2945">
<Cond/>
<LocList>
<Loc EndOffset="24473" SrcFileId="8" StartOffset="24075"/>
</LocList>
<StmntSeq Intrnl_Id="2946">
<LocList>
<Loc EndOffset="24100" SrcFileId="8" StartOffset="24090"/>
<Loc EndOffset="24462" SrcFileId="8" StartOffset="24114"/>
</LocList>
<BasicStmnt CovItemId="S300" CovItemPrefix="com.OriginalFiles.Analyze.java" Intrnl_Id="2947">
<LocList>
<Loc EndOffset="24100" SrcFileId="8" StartOffset="24090"/>
</LocList>
</BasicStmnt>
<LoopStmnt CovItemId="S301" CovItemPrefix="com.OriginalFiles.Analyze.java" Intrnl_Id="2948" MltplExecId="L30-2" MltplExecPrefix="com.OriginalFiles.Analyze.java" NvrExecId="L30-0" NvrExecPrefix="com.OriginalFiles.Analyze.java" OnceExecutedId="L30-1" OnceExecutedPrefix="com.OriginalFiles.Analyze.java" OptBodyExec="true">
<StmntSeq Intrnl_Id="2949">
<LocList>
<Loc EndOffset="24425" SrcFileId="8" StartOffset="24150"/>
<Loc EndOffset="24447" SrcFileId="8" StartOffset="24443"/>
</LocList>
<CondStmnt CovItemId="S302" CovItemPrefix="com.OriginalFiles.Analyze.java" Intrnl_Id="2950">
<Branch CovItemId="B178" CovItemPrefix="com.OriginalFiles.Analyze.java" Implct="false" Intrnl_Id="2951">
<Cond/>
<LocList>
<Loc EndOffset="24425" SrcFileId="8" StartOffset="24195"/>
</LocList>
<StmntSeq Intrnl_Id="2952">
<LocList>
<Loc EndOffset="24377" SrcFileId="8" StartOffset="24265"/>
<Loc EndOffset="24406" SrcFileId="8" StartOffset="24399"/>
</LocList>
<BasicStmnt CovItemId="S303" CovItemPrefix="com.OriginalFiles.Analyze.java" Intrnl_Id="2953">
<LocList>
<Loc EndOffset="24377" SrcFileId="8" StartOffset="24265"/>
</LocList>
</BasicStmnt>
<BasicStmnt CovItemId="S304" CovItemPrefix="com.OriginalFiles.Analyze.java" Intrnl_Id="2954">
<LocList>
<Loc EndOffset="24406" SrcFileId="8" StartOffset="24399"/>
</LocList>
</BasicStmnt>
</StmntSeq>
</Branch>
<Branch CovItemId="B179" CovItemPrefix="com.OriginalFiles.Analyze.java" Implct="true" Intrnl_Id="2955">
<Cond/>
<LocList/>
<StmntSeq Intrnl_Id="2956">
<LocList/>
</StmntSeq>
</Branch>
<Keyword EndOffset="24152" SrcFileId="8" StartOffset="24150"/>
<LocList>
<Loc EndOffset="24425" SrcFileId="8" StartOffset="24150"/>
</LocList>
<RootTerm CovItemId="C106" CovItemPrefix="com.OriginalFiles.Analyze.java" Intrnl_Id="2957">
<BasicBoolTerm Intrnl_Id="2958">
<LocList>
<Loc EndOffset="24193" SrcFileId="8" StartOffset="24154"/>
</LocList>
</BasicBoolTerm>
</RootTerm>
</CondStmnt>
<BasicStmnt CovItemId="S305" CovItemPrefix="com.OriginalFiles.Analyze.java" Intrnl_Id="2959">
<LocList>
<Loc EndOffset="24447" SrcFileId="8" StartOffset="24443"/>
</LocList>
</BasicStmnt>
</StmntSeq>
<Keyword EndOffset="24119" SrcFileId="8" StartOffset="24114"/>
<LocList>
<Loc EndOffset="24462" SrcFileId="8" StartOffset="24114"/>
</LocList>
<RootTerm CovItemId="C105" CovItemPrefix="com.OriginalFiles.Analyze.java" Intrnl_Id="2960">
<OpTerm BooleanOpId="9" Intrnl_Id="2961">
<BasicBoolTerm Intrnl_Id="2962">
<LocList>
<Loc EndOffset="24128" SrcFileId="8" StartOffset="24123"/>
</LocList>
</BasicBoolTerm>
<LocList>
<Loc EndOffset="24122" SrcFileId="8" StartOffset="24121"/>
</LocList>
</OpTerm>
</RootTerm>
</LoopStmnt>
</StmntSeq>
</Branch>
<Branch CovItemId="B177" CovItemPrefix="com.OriginalFiles.Analyze.java" Implct="false" Intrnl_Id="2963">
<Cond>
<Loc EndOffset="24478" SrcFileId="8" StartOffset="24474"/>
</Cond>
<LocList>
<Loc EndOffset="24961" SrcFileId="8" StartOffset="24479"/>
</LocList>
<StmntSeq Intrnl_Id="2964">
<LocList>
<Loc EndOffset="24961" SrcFileId="8" StartOffset="24479"/>
</LocList>
<CondStmnt CovItemId="S306" CovItemPrefix="com.OriginalFiles.Analyze.java" Intrnl_Id="2965">
<Branch CovItemId="B180" CovItemPrefix="com.OriginalFiles.Analyze.java" Implct="false" Intrnl_Id="2966">
<Cond/>
<LocList>
<Loc EndOffset="24961" SrcFileId="8" StartOffset="24569"/>
</LocList>
<StmntSeq Intrnl_Id="2967">
<LocList>
<Loc EndOffset="24594" SrcFileId="8" StartOffset="24584"/>
<Loc EndOffset="24950" SrcFileId="8" StartOffset="24608"/>
</LocList>
<BasicStmnt CovItemId="S307" CovItemPrefix="com.OriginalFiles.Analyze.java" Intrnl_Id="2968">
<LocList>
<Loc EndOffset="24594" SrcFileId="8" StartOffset="24584"/>
</LocList>
</BasicStmnt>
<LoopStmnt CovItemId="S308" CovItemPrefix="com.OriginalFiles.Analyze.java" Intrnl_Id="2969" MltplExecId="L31-2" MltplExecPrefix="com.OriginalFiles.Analyze.java" NvrExecId="L31-0" NvrExecPrefix="com.OriginalFiles.Analyze.java" OnceExecutedId="L31-1" OnceExecutedPrefix="com.OriginalFiles.Analyze.java" OptBodyExec="true">
<StmntSeq Intrnl_Id="2970">
<LocList>
<Loc EndOffset="24913" SrcFileId="8" StartOffset="24644"/>
<Loc EndOffset="24935" SrcFileId="8" StartOffset="24931"/>
</LocList>
<CondStmnt CovItemId="S309" CovItemPrefix="com.OriginalFiles.Analyze.java" Intrnl_Id="2971">
<Branch CovItemId="B182" CovItemPrefix="com.OriginalFiles.Analyze.java" Implct="false" Intrnl_Id="2972">
<Cond/>
<LocList>
<Loc EndOffset="24913" SrcFileId="8" StartOffset="24686"/>
</LocList>
<StmntSeq Intrnl_Id="2973">
<LocList>
<Loc EndOffset="24865" SrcFileId="8" StartOffset="24756"/>
<Loc EndOffset="24894" SrcFileId="8" StartOffset="24887"/>
</LocList>
<BasicStmnt CovItemId="S310" CovItemPrefix="com.OriginalFiles.Analyze.java" Intrnl_Id="2974">
<LocList>
<Loc EndOffset="24865" SrcFileId="8" StartOffset="24756"/>
</LocList>
</BasicStmnt>
<BasicStmnt CovItemId="S311" CovItemPrefix="com.OriginalFiles.Analyze.java" Intrnl_Id="2975">
<LocList>
<Loc EndOffset="24894" SrcFileId="8" StartOffset="24887"/>
</LocList>
</BasicStmnt>
</StmntSeq>
</Branch>
<Branch CovItemId="B183" CovItemPrefix="com.OriginalFiles.Analyze.java" Implct="true" Intrnl_Id="2976">
<Cond/>
<LocList/>
<StmntSeq Intrnl_Id="2977">
<LocList/>
</StmntSeq>
</Branch>
<Keyword EndOffset="24646" SrcFileId="8" StartOffset="24644"/>
<LocList>
<Loc EndOffset="24913" SrcFileId="8" StartOffset="24644"/>
</LocList>
<RootTerm CovItemId="C109" CovItemPrefix="com.OriginalFiles.Analyze.java" Intrnl_Id="2978">
<BasicBoolTerm Intrnl_Id="2979">
<LocList>
<Loc EndOffset="24684" SrcFileId="8" StartOffset="24648"/>
</LocList>
</BasicBoolTerm>
</RootTerm>
</CondStmnt>
<BasicStmnt CovItemId="S312" CovItemPrefix="com.OriginalFiles.Analyze.java" Intrnl_Id="2980">
<LocList>
<Loc EndOffset="24935" SrcFileId="8" StartOffset="24931"/>
</LocList>
</BasicStmnt>
</StmntSeq>
<Keyword EndOffset="24613" SrcFileId="8" StartOffset="24608"/>
<LocList>
<Loc EndOffset="24950" SrcFileId="8" StartOffset="24608"/>
</LocList>
<RootTerm CovItemId="C108" CovItemPrefix="com.OriginalFiles.Analyze.java" Intrnl_Id="2981">
<OpTerm BooleanOpId="9" Intrnl_Id="2982">
<BasicBoolTerm Intrnl_Id="2983">
<LocList>
<Loc EndOffset="24622" SrcFileId="8" StartOffset="24617"/>
</LocList>
</BasicBoolTerm>
<LocList>
<Loc EndOffset="24616" SrcFileId="8" StartOffset="24615"/>
</LocList>
</OpTerm>
</RootTerm>
</LoopStmnt>
</StmntSeq>
</Branch>
<Branch CovItemId="B181" CovItemPrefix="com.OriginalFiles.Analyze.java" Implct="true" Intrnl_Id="2984">
<Cond/>
<LocList/>
<StmntSeq Intrnl_Id="2985">
<LocList/>
</StmntSeq>
</Branch>
<Keyword EndOffset="24481" SrcFileId="8" StartOffset="24479"/>
<LocList>
<Loc EndOffset="24961" SrcFileId="8" StartOffset="24479"/>
</LocList>
<RootTerm CovItemId="C107" CovItemPrefix="com.OriginalFiles.Analyze.java" Intrnl_Id="2986">
<BasicBoolTerm Intrnl_Id="2987">
<LocList>
<Loc EndOffset="24567" SrcFileId="8" StartOffset="24483"/>
</LocList>
</BasicBoolTerm>
</RootTerm>
</CondStmnt>
</StmntSeq>
</Branch>
<Keyword EndOffset="23986" SrcFileId="8" StartOffset="23984"/>
<LocList>
<Loc EndOffset="24961" SrcFileId="8" StartOffset="23984"/>
</LocList>
<RootTerm CovItemId="C104" CovItemPrefix="com.OriginalFiles.Analyze.java" Intrnl_Id="2988">
<BasicBoolTerm Intrnl_Id="2989">
<LocList>
<Loc EndOffset="24073" SrcFileId="8" StartOffset="23988"/>
</LocList>
</BasicBoolTerm>
</RootTerm>
</CondStmnt>
</StmntSeq>
</HierarchyLvl>
<HierarchyLvl HierarchyLvlId="746" HierarchyLvlTypeId="14" Intrnl_Id="2990" Name="isInCorrectEnd">
<Header>
<Loc EndOffset="25026" SrcFileId="8" StartOffset="24976"/>
</Header>
<LocList>
<Loc EndOffset="25327" SrcFileId="8" StartOffset="24976"/>
</LocList>
<StmntSeq Intrnl_Id="2991">
<LocList>
<Loc EndOffset="25320" SrcFileId="8" StartOffset="25038"/>
</LocList>
<BasicStmnt CovItemId="S313" CovItemPrefix="com.OriginalFiles.Analyze.java" Intrnl_Id="2992">
<LocList>
<Loc EndOffset="25320" SrcFileId="8" StartOffset="25038"/>
</LocList>
</BasicStmnt>
</StmntSeq>
</HierarchyLvl>
</HierarchyLvl>
</HierarchyLvl>
</HierarchyLvl>
</HierarchyLvl>
</MASTRoot>
</TestSessionContainer>
