<?xml version="1.0" encoding="UTF-8"?><TestSessionContainer xmlns="http://www.codecover.org/xml/testsession-container" Date="1386061345446" TestSessionContainerId="88a7fe5a-f821-43d2-92b5-967e565aa96d" version="1.0">
<SrcFileList>
<SrcFile Content="package com.OriginalFiles;&#13;&#10;&#13;&#10;import com.CustomClasses.Color;&#13;&#10;&#13;&#10;import custom.Exceptions.NoKingLeft;&#13;&#10;&#13;&#10;import java.io.IOException;&#13;&#10;import java.util.ArrayList;&#13;&#10;import java.util.List;&#13;&#10;&#13;&#10;public class RemoteNXTFunctions {&#13;&#10;    public Board checkersBoard;&#13;&#10;    public int analyzeTestVariable = 0;&#13;&#10;    public boolean analyzeresetMotorsTestVariable = false;&#13;&#10;&#13;&#10;    public RemoteNXTFunctions() throws InterruptedException, IOException {&#13;&#10;        checkersBoard = new Board(this);&#13;&#10;    }&#13;&#10;    public void resetMotors() {&#13;&#10;        analyzeresetMotorsTestVariable = true;&#13;&#10;    }&#13;&#10;&#13;&#10;    public void trashPieceOnField(Field field) {&#13;&#10;        field.setPieceOnField(null);&#13;&#10;        &#13;&#10;    }&#13;&#10;&#13;&#10;    public void doMove(Move move) throws IOException, NoKingLeft {&#13;&#10;        List&lt;Field&gt; takenPieces = new ArrayList&lt;Field&gt;();&#13;&#10;&#13;&#10;        int stop = move.moves.size() - 1;&#13;&#10;        for (int i = 0; i &lt; stop; i++) {&#13;&#10;            Field jumpedField = movePieceOverField(move.moves.get(i),&#13;&#10;                                                   move.moves.get(i + 1));&#13;&#10;            if (jumpedField != null) {&#13;&#10;                takenPieces.add(jumpedField);&#13;&#10;            }&#13;&#10;        }&#13;&#10;&#13;&#10;        for (int i = 0; i &lt; takenPieces.size(); i++) {&#13;&#10;            trashPieceOnField(takenPieces.get(i));&#13;&#10;        }&#13;&#10;        &#13;&#10;    }&#13;&#10;    private Field movePieceOverField(Field fromField, Field toField)&#13;&#10;            throws IOException, NoKingLeft {&#13;&#10;        movePiece(fromField, toField);&#13;&#10;&#13;&#10;        if (checkersBoard.checkBounds(fromField.x, fromField.y)&#13;&#10;                &amp;&amp; Math.abs(fromField.x - toField.x) == 2) {&#13;&#10;            return checkersBoard.myBoard[(fromField.x + toField.x) / 2]&#13;&#10;                                        [(fromField.y + toField.y) / 2];&#13;&#10;        } else {&#13;&#10;            return null;&#13;&#10;        }&#13;&#10;    }&#13;&#10;    private void movePiece(Field fromField, Field toField)&#13;&#10;            throws IOException, NoKingLeft {&#13;&#10;        checkersBoard.movePieceInRepresentation(fromField, toField, false);&#13;&#10;    }&#13;&#10;&#13;&#10;    public void waitForRedButton() {&#13;&#10;        // TODO Auto-generated method stub&#13;&#10;&#13;&#10;    }&#13;&#10;&#13;&#10;    public void initColorSensor() {&#13;&#10;        // TODO Auto-generated method stub&#13;&#10;&#13;&#10;    }&#13;&#10;&#13;&#10;    public final Color getColorOnField(int x, int y) {&#13;&#10;        Color output = new Color();&#13;&#10;        &#13;&#10;        if(analyzeTestVariable == 0) {&#13;&#10;            if(x == 0 &amp;&amp; y == 1)&#13;&#10;            {&#13;&#10;                output.setColor('r');&#13;&#10;            } else if (x == 2 &amp;&amp; y == 5) {&#13;&#10;                output.setColor(' ');&#13;&#10;            } else if (x == 1 &amp;&amp; y == 4) {&#13;&#10;                output.setColor('w');&#13;&#10;            } else if (checkersBoard.myBoard[x][y].getPieceOnField() != null) {&#13;&#10;                output.setColor(checkersBoard.myBoard[x][y].getPieceOnField().color);&#13;&#10;            } else {&#13;&#10;                output.setColor(' ');&#13;&#10;            }&#13;&#10;        }&#13;&#10;        else {&#13;&#10;            // made to reset totalAnalyzeRuns&#13;&#10;            if(analyzeTestVariable == 100) {&#13;&#10;                if(x == 3 &amp;&amp; y == 2)&#13;&#10;                {&#13;&#10;                    output.setColor(' ');&#13;&#10;                }&#13;&#10;                else if(x == 4 &amp;&amp; y == 1)&#13;&#10;                {&#13;&#10;                    output.setColor('g');&#13;&#10;                } else if (checkersBoard.myBoard[x][y].getPieceOnField() != null) {&#13;&#10;                    output.setColor(checkersBoard.myBoard[x][y].getPieceOnField().color);&#13;&#10;                } else {&#13;&#10;                    output.setColor(' ');&#13;&#10;                }&#13;&#10;            }&#13;&#10;            // made to reset totalAnalyzeRuns&#13;&#10;            if(analyzeTestVariable == 101) {&#13;&#10;                if(x == 3 &amp;&amp; y == 2)&#13;&#10;                {&#13;&#10;                    output.setColor('g');&#13;&#10;                }&#13;&#10;                else if(x == 4 &amp;&amp; y == 1)&#13;&#10;                {&#13;&#10;                    output.setColor(' ');&#13;&#10;                } else if (checkersBoard.myBoard[x][y].getPieceOnField() != null) {&#13;&#10;                    output.setColor(checkersBoard.myBoard[x][y].getPieceOnField().color);&#13;&#10;                } else {&#13;&#10;                    output.setColor(' ');&#13;&#10;                }&#13;&#10;            }&#13;&#10;&#13;&#10;            if(analyzeTestVariable == 1) {&#13;&#10;                if(x == 1 &amp;&amp; y == 4)&#13;&#10;                {&#13;&#10;                    output.setColor('w');&#13;&#10;                }&#13;&#10;                else if(x == 0 &amp;&amp; y == 5)&#13;&#10;                {&#13;&#10;                    output.setColor(' ');&#13;&#10;                } else if (checkersBoard.myBoard[x][y].getPieceOnField() != null) {&#13;&#10;                    output.setColor(checkersBoard.myBoard[x][y].getPieceOnField().color);&#13;&#10;                } else {&#13;&#10;                    output.setColor(' ');&#13;&#10;                }&#13;&#10;            }&#13;&#10;            else if (analyzeTestVariable == 2) {&#13;&#10;                if(x == 2 &amp;&amp; y == 5)&#13;&#10;                {&#13;&#10;                    output.setColor(' ');&#13;&#10;                }&#13;&#10;                else if(x == 3 &amp;&amp; y == 4) {&#13;&#10;                    output.setColor(' ');&#13;&#10;                }&#13;&#10;                else if(x == 4 &amp;&amp; y == 3)&#13;&#10;                {&#13;&#10;                    output.setColor('w');&#13;&#10;                } else if (checkersBoard.myBoard[x][y].getPieceOnField() != null) {&#13;&#10;                    output.setColor(checkersBoard.myBoard[x][y].getPieceOnField().color);&#13;&#10;                } else {&#13;&#10;                    output.setColor(' ');&#13;&#10;                }&#13;&#10;            }&#13;&#10;            else if (analyzeTestVariable == 3) {&#13;&#10;                if(x == 2 &amp;&amp; y == 3) {&#13;&#10;                    output.setColor(' ');&#13;&#10;                } else if (checkersBoard.myBoard[x][y].getPieceOnField() != null) {&#13;&#10;                    output.setColor(checkersBoard.myBoard[x][y].getPieceOnField().color);&#13;&#10;                } else {&#13;&#10;                    output.setColor(' ');&#13;&#10;                }&#13;&#10;            }&#13;&#10;            else if (analyzeTestVariable == 4) {&#13;&#10;                if(x == 0 &amp;&amp; y == 1) {&#13;&#10;                    output.setColor('w');&#13;&#10;                } else if (checkersBoard.myBoard[x][y].getPieceOnField() != null) {&#13;&#10;                    output.setColor(checkersBoard.myBoard[x][y].getPieceOnField().color);&#13;&#10;                } else {&#13;&#10;                    output.setColor(' ');&#13;&#10;                }&#13;&#10;            }&#13;&#10;            else if (analyzeTestVariable == 5) {&#13;&#10;                if(x == 5 &amp;&amp; y == 4) {&#13;&#10;                    output.setColor(' ');&#13;&#10;                } else if(x == 4 &amp;&amp; y == 3) {&#13;&#10;                    output.setColor('g');&#13;&#10;                } else if (checkersBoard.myBoard[x][y].getPieceOnField() != null) {&#13;&#10;                    output.setColor(checkersBoard.myBoard[x][y].getPieceOnField().color);&#13;&#10;                } else {&#13;&#10;                    output.setColor(' ');&#13;&#10;                }&#13;&#10;            }&#13;&#10;            else if (analyzeTestVariable == 6) {&#13;&#10;                if(x == 5 &amp;&amp; y == 4) {&#13;&#10;                    output.setColor(' ');&#13;&#10;                } else if(x == 6 &amp;&amp; y == 3) {&#13;&#10;                    output.setColor('g');&#13;&#10;                } else if (checkersBoard.myBoard[x][y].getPieceOnField() != null) {&#13;&#10;                    output.setColor(checkersBoard.myBoard[x][y].getPieceOnField().color);&#13;&#10;                } else {&#13;&#10;                    output.setColor(' ');&#13;&#10;                }&#13;&#10;            }&#13;&#10;            else if (analyzeTestVariable == 7) {&#13;&#10;                if(x == 5 &amp;&amp; y == 4) {&#13;&#10;                    output.setColor(' ');&#13;&#10;                } else if(x == 4 &amp;&amp; y == 5) {&#13;&#10;                    output.setColor('g');&#13;&#10;                } else if (checkersBoard.myBoard[x][y].getPieceOnField() != null) {&#13;&#10;                    output.setColor(checkersBoard.myBoard[x][y].getPieceOnField().color);&#13;&#10;                } else {&#13;&#10;                    output.setColor(' ');&#13;&#10;                }&#13;&#10;            }&#13;&#10;            else if (analyzeTestVariable == 8) {&#13;&#10;                if(x == 5 &amp;&amp; y == 4) {&#13;&#10;                    output.setColor(' ');&#13;&#10;                } else if(x == 6 &amp;&amp; y == 5) {&#13;&#10;                    output.setColor('g');&#13;&#10;                } else if (checkersBoard.myBoard[x][y].getPieceOnField() != null) {&#13;&#10;                    output.setColor(checkersBoard.myBoard[x][y].getPieceOnField().color);&#13;&#10;                } else {&#13;&#10;                    output.setColor(' ');&#13;&#10;                }&#13;&#10;            }&#13;&#10;            else if (analyzeTestVariable == 9) {&#13;&#10;                if(x == 5 &amp;&amp; y == 4) {&#13;&#10;                    output.setColor(' ');&#13;&#10;                } else if(x == 4 &amp;&amp; y == 3) {&#13;&#10;                    output.setColor('g');&#13;&#10;                } else if(x == 5 &amp;&amp; y == 2) {&#13;&#10;                    output.setColor(' ');&#13;&#10;                } else if (checkersBoard.myBoard[x][y].getPieceOnField() != null) {&#13;&#10;                    output.setColor(checkersBoard.myBoard[x][y].getPieceOnField().color);&#13;&#10;                } else {&#13;&#10;                    output.setColor(' ');&#13;&#10;                }&#13;&#10;            } else if (analyzeTestVariable == 10) {&#13;&#10;                if(x == 5 &amp;&amp; y == 4) {&#13;&#10;                    output.setColor(' ');&#13;&#10;                } else if(x == 6 &amp;&amp; y == 3) {&#13;&#10;                    output.setColor('g');&#13;&#10;                } else if(x == 5 &amp;&amp; y == 2) {&#13;&#10;                    output.setColor(' ');&#13;&#10;                } else if (checkersBoard.myBoard[x][y].getPieceOnField() != null) {&#13;&#10;                    output.setColor(checkersBoard.myBoard[x][y].getPieceOnField().color);&#13;&#10;                } else {&#13;&#10;                    output.setColor(' ');&#13;&#10;                }&#13;&#10;            } else if (analyzeTestVariable == 11) {&#13;&#10;                if(x == 5 &amp;&amp; y == 4) {&#13;&#10;                    output.setColor(' ');&#13;&#10;                } else if(x == 4 &amp;&amp; y == 5) {&#13;&#10;                    output.setColor('g');&#13;&#10;                } else if(x == 5 &amp;&amp; y == 6) {&#13;&#10;                    output.setColor(' ');&#13;&#10;                } else if (checkersBoard.myBoard[x][y].getPieceOnField() != null) {&#13;&#10;                    output.setColor(checkersBoard.myBoard[x][y].getPieceOnField().color);&#13;&#10;                } else {&#13;&#10;                    output.setColor(' ');&#13;&#10;                }&#13;&#10;            } else if (analyzeTestVariable == 12) {&#13;&#10;                if(x == 5 &amp;&amp; y == 4) {&#13;&#10;                    output.setColor(' ');&#13;&#10;                } else if(x == 6 &amp;&amp; y == 5) {&#13;&#10;                    output.setColor('g');&#13;&#10;                } else if(x == 5 &amp;&amp; y == 6) {&#13;&#10;                    output.setColor(' ');&#13;&#10;                } else if (checkersBoard.myBoard[x][y].getPieceOnField() != null) {&#13;&#10;                    output.setColor(checkersBoard.myBoard[x][y].getPieceOnField().color);&#13;&#10;                } else {&#13;&#10;                    output.setColor(' ');&#13;&#10;                }&#13;&#10;            } else if (analyzeTestVariable == 13) {&#13;&#10;                if(x == 4 &amp;&amp; y == 1) {&#13;&#10;                    output.setColor(' ');&#13;&#10;                } else if(x == 3 &amp;&amp; y == 0) {&#13;&#10;                    output.setColor('w');&#13;&#10;                } else if (checkersBoard.myBoard[x][y].getPieceOnField() != null) {&#13;&#10;                    output.setColor(checkersBoard.myBoard[x][y].getPieceOnField().color);&#13;&#10;                } else {&#13;&#10;                    output.setColor(' ');&#13;&#10;                }&#13;&#10;            } else if (analyzeTestVariable == 14) {&#13;&#10;                if(x == 2 &amp;&amp; y == 7) {&#13;&#10;                    output.setColor('b');&#13;&#10;                } else if (checkersBoard.myBoard[x][y].getPieceOnField() != null) {&#13;&#10;                    output.setColor(checkersBoard.myBoard[x][y].getPieceOnField().color);&#13;&#10;                } else {&#13;&#10;                    output.setColor(' ');&#13;&#10;                }&#13;&#10;            }&#13;&#10;        }&#13;&#10;        &#13;&#10;        return output;&#13;&#10;    }&#13;&#10;&#13;&#10;}&#13;&#10;" Filename="RemoteNXTFunctions.java" Intrnl_Id="1"/>
<SrcFile Content="package com.OriginalFiles;&#13;&#10;&#13;&#10;import java.util.ArrayList;&#13;&#10;import java.util.List;&#13;&#10;&#13;&#10;&#13;&#10;public class Piece {&#13;&#10;    //latex start Piececode&#13;&#10;    private int x = -1, y = -1;&#13;&#10;    public char color;&#13;&#10;    public boolean isMoveable = false;&#13;&#10;    public boolean canJump = false;&#13;&#10;    public boolean isCrowned = false;&#13;&#10;    private double currentValue = 0;&#13;&#10;    private int calculatedGameState = 0;&#13;&#10;    private final int isMidGame = 1;&#13;&#10;    private final int isEndGame = 2;&#13;&#10;    private Board checkersBoard;&#13;&#10;    private final int numberOfPastFieldsToCheck = 1;&#13;&#10;&#13;&#10;    private final int hasBeenOnField = 5;&#13;&#10;    private final int valueOfPiece = 100;&#13;&#10;    private final int middleBonus = 3;&#13;&#10;    private final int closeBonus = 4;&#13;&#10;    private final int backlineBonus = 7;&#13;&#10;    private final int kingBonus = 150;&#13;&#10;    private final int crownAble = 80;&#13;&#10;    private final int nearDoubleBonus = 5;&#13;&#10;    private final int doubleCornerBonus = 8;&#13;&#10;    private final int blockBonus = 10;&#13;&#10;    //latex end&#13;&#10;    private List&lt;Field&gt; pastFields = new ArrayList&lt;Field&gt;();&#13;&#10;&#13;&#10;    public Piece(Board input) {&#13;&#10;        checkersBoard = input;&#13;&#10;    }&#13;&#10;&#13;&#10;    public final int getY() {&#13;&#10;        return y;&#13;&#10;    }&#13;&#10;&#13;&#10;    public final int getX() {&#13;&#10;        return x;&#13;&#10;    }&#13;&#10;&#13;&#10;    public final void setXY(int inputX, int inputY) {&#13;&#10;        x = inputX;&#13;&#10;        y = inputY;&#13;&#10;        if (checkersBoard.checkBounds(x, y) &amp;&amp; isCrowned) {&#13;&#10;            if (pastFields.size() &gt; numberOfPastFieldsToCheck &amp;&amp; pastFields.size() != 0) {&#13;&#10;                pastFields.remove(0);&#13;&#10;            }&#13;&#10;            pastFields.add(checkersBoard.myBoard[x][y]);&#13;&#10;        } else {&#13;&#10;            pastFields.clear();&#13;&#10;        }&#13;&#10;        updatePriceMidgame();&#13;&#10;    }&#13;&#10;&#13;&#10;    private boolean isOnBoard() {&#13;&#10;        if (checkersBoard.checkBounds(x, y)) {&#13;&#10;            return true;&#13;&#10;        } else {&#13;&#10;            currentValue = 0;&#13;&#10;            return false;&#13;&#10;        }&#13;&#10;    }&#13;&#10;&#13;&#10;    public final double priceForPiece(int gameState, int ownPieceCount, int oppPieceCount, int turn, boolean hasMove) {&#13;&#10;        if (calculatedGameState != gameState || gameState == isEndGame) {&#13;&#10;            updatePrice(gameState, ownPieceCount, oppPieceCount, turn, hasMove);&#13;&#10;        }&#13;&#10;        return currentValue;&#13;&#10;    }&#13;&#10;&#13;&#10;    private int min(int a, int b) {&#13;&#10;        if (a &lt; b) {&#13;&#10;            return a;&#13;&#10;        }&#13;&#10;        return b;&#13;&#10;    }&#13;&#10;&#13;&#10;    private void updatePriceMidgame() {&#13;&#10;        updatePrice(isMidGame, 100, 100, 0, false);&#13;&#10;    }&#13;&#10;&#13;&#10;    private void updatePrice(int gameState, int ownPieceCount, int oppPieceCount, int turn, boolean hasMove) {&#13;&#10;        if (isOnBoard()) {&#13;&#10;            calculatedGameState = gameState;&#13;&#10;            int returnValue = valueOfPiece;&#13;&#10;            if (pastFields.contains(checkersBoard.myBoard[x][y])) {&#13;&#10;                returnValue -= hasBeenOnField;&#13;&#10;            }&#13;&#10;            if (gameState == isMidGame) {&#13;&#10;                returnValue += middleBonus&#13;&#10;                        - min(Math.abs(3 - x), Math.abs(4 - x));&#13;&#10;            }&#13;&#10;            if (gameState == isEndGame) {&#13;&#10;                if (hasMove) {&#13;&#10;                    returnValue += blockValue();&#13;&#10;                    returnValue += closeBonus - closestPiece();&#13;&#10;                }&#13;&#10;                if (!this.isCrowned) {&#13;&#10;                    if (checkersBoard.checkAllegiance(this, true)) {&#13;&#10;                        returnValue += 7 - y;&#13;&#10;                    } else {&#13;&#10;                        returnValue += y;&#13;&#10;                    }&#13;&#10;                }&#13;&#10;&#13;&#10;                if (ownPieceCount == 1) {&#13;&#10;                    if (isNearDoubleCorners()) {&#13;&#10;                        returnValue += nearDoubleBonus;&#13;&#10;                    }&#13;&#10;                    if (isNearDoubleCorners() &amp;&amp; this.isCrowned) {&#13;&#10;                        returnValue += nearDoubleBonus;&#13;&#10;                    }&#13;&#10;&#13;&#10;                    if (checkersBoard.analyzeFunctions.&#13;&#10;                            isOnDoubleCorners(this) &amp;&amp; this.isCrowned) {&#13;&#10;                        returnValue += doubleCornerBonus;&#13;&#10;                    }&#13;&#10;                }&#13;&#10;&#13;&#10;            }&#13;&#10;            if (!isCrowned&#13;&#10;                    &amp;&amp; ((checkersBoard.checkAllegiance(this, true)&#13;&#10;                            &amp;&amp; y == 1)&#13;&#10;                            || (checkersBoard.checkAllegiance(this, false)&#13;&#10;                                    &amp;&amp; y == 6))) {&#13;&#10;                returnValue += crownAble;&#13;&#10;            }&#13;&#10;&#13;&#10;            if (!isCrowned&#13;&#10;                    &amp;&amp; ((checkersBoard.checkAllegiance(this, true)&#13;&#10;                            &amp;&amp; y == 7)&#13;&#10;                            || (checkersBoard.checkAllegiance(this, false)&#13;&#10;                                    &amp;&amp; y == 0))) {&#13;&#10;                if (gameState == isMidGame) {&#13;&#10;                    returnValue += backlineBonus / 2;&#13;&#10;                }&#13;&#10;                returnValue += backlineBonus / 2;&#13;&#10;            }&#13;&#10;            if (isCrowned) {&#13;&#10;                returnValue += kingBonus;&#13;&#10;            }&#13;&#10;            currentValue = returnValue;&#13;&#10;        }&#13;&#10;    }&#13;&#10;&#13;&#10;    private boolean isNearDoubleCorners() {&#13;&#10;        if ((this.getX() == 1 &amp;&amp; this.getY() == 2)&#13;&#10;                || (this.getX() == 2 &amp;&amp; this.getY() == 1)&#13;&#10;                || (this.getX() == 6 &amp;&amp; this.getY() == 5)&#13;&#10;                || (this.getX() == 5 &amp;&amp; this.getY() == 6)&#13;&#10;                || (this.getX() == 2 &amp;&amp; this.getY() == 3)&#13;&#10;                || (this.getX() == 3 &amp;&amp; this.getY() == 2)&#13;&#10;                || (this.getX() == 4 &amp;&amp; this.getY() == 5)&#13;&#10;                || (this.getX() == 5 &amp;&amp; this.getY() == 4)) {&#13;&#10;            return true;&#13;&#10;        }&#13;&#10;        return false;&#13;&#10;    }&#13;&#10;&#13;&#10;    private int blockValue() {&#13;&#10;        int returnValue = 0;&#13;&#10;        int diff = 1;&#13;&#10;        if (checkersBoard.checkAllegiance(this, true)) {&#13;&#10;            diff = -1;&#13;&#10;        }&#13;&#10;        returnValue += blockFields (this.x-1, this.y+diff);&#13;&#10;        returnValue += blockFields (this.x+1, this.y+diff);&#13;&#10;        if (this.isCrowned) {&#13;&#10;            returnValue += blockFields (this.x - 1, this.y - diff);&#13;&#10;            returnValue += blockFields (this.x + 1, this.y - diff);&#13;&#10;        }&#13;&#10;        return (returnValue/100)*blockBonus;&#13;&#10;    }&#13;&#10;&#13;&#10;    private int blockFields (int xToCheck, int yToCheck) {&#13;&#10;        if (checkersBoard.checkBounds(xToCheck, yToCheck)) {&#13;&#10;            if (checkersBoard.myBoard[xToCheck][yToCheck].isEmpty()) {&#13;&#10;                int returnValue = 0;&#13;&#10;                Field thisField = checkersBoard.myBoard[xToCheck][yToCheck];&#13;&#10;                returnValue += checkBlockade(xToCheck - 1, yToCheck - 1, thisField);&#13;&#10;                returnValue += checkBlockade(xToCheck - 1, yToCheck + 1, thisField);&#13;&#10;                returnValue += checkBlockade(xToCheck + 1, yToCheck - 1, thisField);&#13;&#10;                returnValue += checkBlockade(xToCheck + 1, yToCheck + 1, thisField);&#13;&#10;                return returnValue;&#13;&#10;            }&#13;&#10;        }&#13;&#10;&#13;&#10;        return 0;&#13;&#10;    }&#13;&#10;&#13;&#10;    private int checkBlockade (int xToCheck, int yToCheck, Field blockField) {&#13;&#10;        boolean checkForOpponent = !checkersBoard.checkAllegiance(this, true);&#13;&#10;        if (checkersBoard.checkBounds(xToCheck, yToCheck)) {&#13;&#10;            if (checkersBoard.checkAllegiance(checkersBoard.myBoard[xToCheck][yToCheck], checkForOpponent)) {&#13;&#10;                int diff = 1;&#13;&#10;                if (checkForOpponent) {&#13;&#10;                    diff = -1;&#13;&#10;                }&#13;&#10;                int procentBlocked = 0;&#13;&#10;                if (checkersBoard.fieldOccupied(blockField.x, blockField.y)) {&#13;&#10;                    return 0;&#13;&#10;                }&#13;&#10;                else {&#13;&#10;                    procentBlocked += 25;&#13;&#10;                }&#13;&#10;                if (checkersBoard.fieldOccupied(xToCheck-1, yToCheck+diff)) {&#13;&#10;                    procentBlocked += 25;&#13;&#10;                }&#13;&#10;                if (checkersBoard.fieldOccupied(xToCheck+1, yToCheck+diff)) {&#13;&#10;                    procentBlocked += 25;&#13;&#10;                }&#13;&#10;               &#13;&#10;                if (checkersBoard.myBoard[xToCheck][yToCheck].getPieceOnField().isCrowned) {&#13;&#10;                    if (checkersBoard.fieldOccupied(xToCheck-1, yToCheck-diff)) {&#13;&#10;                        procentBlocked += 25;&#13;&#10;                    }&#13;&#10;                    if (checkersBoard.fieldOccupied(xToCheck+1, yToCheck-diff)) {&#13;&#10;                        procentBlocked += 25;&#13;&#10;                    }  &#13;&#10;                }&#13;&#10;                else {&#13;&#10;                    procentBlocked += 50;&#13;&#10;                }&#13;&#10;                return procentBlocked;&#13;&#10;            }        &#13;&#10;        }&#13;&#10;        return 0;&#13;&#10;    }&#13;&#10;&#13;&#10;    private int closestPiece() {&#13;&#10;        boolean found = false;&#13;&#10;        int distance = 0;&#13;&#10;        while (!found &amp;&amp; distance &lt; 8) {&#13;&#10;            distance += 1;&#13;&#10;            OUTERMOST: for (int i = -distance; i &lt; 1 + distance; i++) {&#13;&#10;                for (int j = -distance; j &lt; 1 + distance; j++) {&#13;&#10;                    if (checkersBoard.&#13;&#10;                            checkBounds(x + i, y + j)) {&#13;&#10;                        if (checkersBoard.checkAllegiance(&#13;&#10;                                checkersBoard.&#13;&#10;                                myBoard[x + i][y + j], !checkersBoard.checkAllegiance(this, true))) {&#13;&#10;                            found = true;&#13;&#10;                            break OUTERMOST;&#13;&#10;                        }&#13;&#10;                    }&#13;&#10;                }&#13;&#10;            }&#13;&#10;        }&#13;&#10;        return distance;&#13;&#10;    }&#13;&#10;}&#13;&#10;" Filename="Piece.java" Intrnl_Id="2"/>
<SrcFile Content="package com.OriginalFiles;&#13;&#10;&#13;&#10;import java.util.ArrayList;&#13;&#10;import java.util.List;&#13;&#10;&#13;&#10;public class Move {&#13;&#10;    public List&lt;Field&gt; moves;&#13;&#10;    //public boolean isJump;&#13;&#10;    public List&lt;Piece&gt; takenPieces = new ArrayList&lt;Piece&gt;();&#13;&#10;    public boolean wasKingBefore = false;&#13;&#10;&#13;&#10;    public Move(Field movefrom, Field moveto, boolean wasKing) {&#13;&#10;        List&lt;Field&gt; moveToList = new ArrayList&lt;Field&gt;();&#13;&#10;        moveToList.add(movefrom);&#13;&#10;        moveToList.add(moveto);&#13;&#10;        this.moves = moveToList;&#13;&#10;        this.wasKingBefore = wasKing;&#13;&#10;    }&#13;&#10;&#13;&#10;    public Move(List&lt;Field&gt; moveToList, boolean wasKing) {&#13;&#10;        this.moves = moveToList;&#13;&#10;        this.wasKingBefore = wasKing;&#13;&#10;    }&#13;&#10;&#13;&#10;    public Move() {&#13;&#10;        List&lt;Field&gt; moveToList = new ArrayList&lt;Field&gt;();&#13;&#10;        this.moves = moveToList;&#13;&#10;    }&#13;&#10;&#13;&#10;    public final boolean isJump() {&#13;&#10;        if (moves.size() &gt;= 2) {&#13;&#10;            Field to = moves.get(1);&#13;&#10;            Field from  = moves.get(0);&#13;&#10;&#13;&#10;            return Math.abs(from.x - to.x) == 2 &amp;&amp; Math.abs(from.y - to.y) == 2;&#13;&#10;        } else {&#13;&#10;            return false;&#13;&#10;        }&#13;&#10;    }&#13;&#10;&#13;&#10;    public final void addStep(Field step) {&#13;&#10;        this.moves.add(step);&#13;&#10;    }&#13;&#10;}&#13;&#10;&#13;&#10;" Filename="Move.java" Intrnl_Id="3"/>
<SrcFile Content="package com.OriginalFiles;&#13;&#10;&#13;&#10;import java.io.IOException;&#13;&#10;import java.util.ArrayList;&#13;&#10;import java.util.List;&#13;&#10;import custom.Exceptions.NoKingLeft;&#13;&#10;&#13;&#10;public class MI {&#13;&#10;    public RemoteNXTFunctions remoteNXT;&#13;&#10;    private final double inf = 100000.0;&#13;&#10;    private List&lt;Move&gt; simulatedMoves = new ArrayList&lt;Move&gt;();&#13;&#10;    private int side;&#13;&#10;&#13;&#10;    /* how much the AI/MI looks forward */&#13;&#10;    private int numberofmovelook;&#13;&#10;&#13;&#10;    /* how glad the MI/AI are for the result of the game */&#13;&#10;    private double gameIsWon = inf / 2;&#13;&#10;    private final int gameIsDraw = 200;&#13;&#10;&#13;&#10;    private final int pieceDifferenceFactor = 30;&#13;&#10;&#13;&#10;    private final int isMidGame = 1;&#13;&#10;    private final int isEndgame = 2;&#13;&#10;    private final int midGameEnd = 7;&#13;&#10;&#13;&#10;    public MI(RemoteNXTFunctions inputRemoteNXT,&#13;&#10;            boolean isRobot, int hardness) {&#13;&#10;        remoteNXT = inputRemoteNXT;&#13;&#10;        numberofmovelook = hardness;&#13;&#10;        updatePieceList();&#13;&#10;        if (isRobot) {&#13;&#10;            side = 1;&#13;&#10;        } else {&#13;&#10;            side = -1;&#13;&#10;        }&#13;&#10;    }&#13;&#10;&#13;&#10;    List&lt;Piece&gt; ownPieces = new ArrayList&lt;Piece&gt;();&#13;&#10;    List&lt;Piece&gt; oppPieces = new ArrayList&lt;Piece&gt;();&#13;&#10;&#13;&#10;    private void updatePieceList() {&#13;&#10;        ownPieces.clear();&#13;&#10;        oppPieces.clear();&#13;&#10;        for (Field[] f: remoteNXT.checkersBoard.myBoard) {&#13;&#10;            for (Field q: f) {&#13;&#10;                if (!q.isEmpty()) {&#13;&#10;                    if (remoteNXT.checkersBoard.checkAllegiance(q, false)) {&#13;&#10;                        ownPieces.add(q.getPieceOnField());&#13;&#10;                    } else {&#13;&#10;                        oppPieces.add(q.getPieceOnField());&#13;&#10;                    }&#13;&#10;                }&#13;&#10;            }&#13;&#10;        }&#13;&#10;    }&#13;&#10;&#13;&#10;    /* ------------------------------------------------------------------  *&#13;&#10;    /* MI starts */&#13;&#10;&#13;&#10;    public final Move lookForBestMove() throws NoKingLeft, IOException,&#13;&#10;                                         InterruptedException {&#13;&#10;        updatePieceList();&#13;&#10;        List&lt;Move&gt; posMoves = possibleMoves(side);&#13;&#10;        List&lt;Move&gt; bestMoves = new ArrayList&lt;Move&gt;();&#13;&#10;        double price = -inf;&#13;&#10;        double tempPrice;&#13;&#10;&#13;&#10;        if (posMoves.size() == 1) {&#13;&#10;            return posMoves.get(0);&#13;&#10;        }&#13;&#10;&#13;&#10;        for (Move move : posMoves) {&#13;&#10;            simulateMove(move);&#13;&#10;&#13;&#10;            tempPrice =  -negaMax(numberofmovelook, -side, -inf, -price);&#13;&#10;            revertMove();&#13;&#10;&#13;&#10;            if (tempPrice &gt; price) {&#13;&#10;                price = tempPrice;&#13;&#10;                bestMoves.clear();&#13;&#10;                bestMoves.add(move);&#13;&#10;            } else if (tempPrice == price) {&#13;&#10;                bestMoves.add(move);&#13;&#10;            }&#13;&#10;        }&#13;&#10;        return bestMoves.get((int) (Math.random() * (bestMoves.size() - 1)));&#13;&#10;    }&#13;&#10;&#13;&#10;&#13;&#10;    private double negaMax(int depth, int turn, double alpha, double beta)&#13;&#10;            throws NoKingLeft, IOException, InterruptedException {&#13;&#10;      //latex start negaMax&#13;&#10;        if (depth == 0&#13;&#10;                || remoteNXT.checkersBoard.analyzeFunctions.&#13;&#10;                gameHasEnded(-1 == turn) != 0) {&#13;&#10;            return turn * evaluation(turn);&#13;&#10;        }&#13;&#10;        List&lt;Move&gt; moves;&#13;&#10;        moves = possibleMoves(turn);&#13;&#10;&#13;&#10;        double bestValue = -inf;&#13;&#10;        for (Move move : moves) {&#13;&#10;            simulateMove(move);&#13;&#10;            double newPrice = -negaMax(depth - 1, -turn, -beta, -alpha);&#13;&#10;            revertMove();&#13;&#10;&#13;&#10;            bestValue = max(bestValue, newPrice);&#13;&#10;            alpha = max(alpha, newPrice);&#13;&#10;            if (alpha &gt;= beta) {&#13;&#10;                break;&#13;&#10;            }&#13;&#10;        }&#13;&#10;        //latex end&#13;&#10;        return bestValue;&#13;&#10;    }&#13;&#10;&#13;&#10;    private double evaluation(int turn) {&#13;&#10;        double valueOfBoard = 0;&#13;&#10;        boolean robotHasTheMove = false;&#13;&#10;        boolean humanTurn = false;&#13;&#10;        &#13;&#10;        if (turn == -1) {&#13;&#10;            humanTurn = true;&#13;&#10;        }&#13;&#10;        if (!humanTurn) {&#13;&#10;            robotHasTheMove = remoteNXT.checkersBoard.analyzeFunctions.hasTheMove(humanTurn, ownPieces.size(), oppPieces.size());&#13;&#10;        }&#13;&#10;        else {&#13;&#10;            robotHasTheMove = !remoteNXT.checkersBoard.analyzeFunctions.hasTheMove(humanTurn, ownPieces.size(), oppPieces.size());&#13;&#10;        }&#13;&#10;        int state = gameState();&#13;&#10;        &#13;&#10;        for (int i = 0; i &lt; ownPieces.size(); i++) {&#13;&#10;            valueOfBoard += ownPieces.get(i).priceForPiece(state, ownPieces.size(), oppPieces.size(), turn, robotHasTheMove);&#13;&#10;        }&#13;&#10;        &#13;&#10;        for (int i = 0; i &lt; oppPieces.size(); i++) {&#13;&#10;            valueOfBoard -= oppPieces.get(i).priceForPiece(state, ownPieces.size(), oppPieces.size(), turn, !robotHasTheMove);&#13;&#10;        }&#13;&#10;&#13;&#10;        boolean isHuman = (turn == -1);&#13;&#10;&#13;&#10;        switch (remoteNXT.checkersBoard.&#13;&#10;                analyzeFunctions.gameHasEnded(isHuman)) {&#13;&#10;        case 1:&#13;&#10;            valueOfBoard -= gameIsWon;&#13;&#10;            break;&#13;&#10;        case 2:&#13;&#10;            valueOfBoard += gameIsWon;&#13;&#10;            break;&#13;&#10;        case 3:&#13;&#10;            if (ownPieces.size() - oppPieces.size() &gt; 0) {&#13;&#10;                valueOfBoard -= gameIsDraw;&#13;&#10;            } else if (ownPieces.size() - oppPieces.size() &lt; 0) {&#13;&#10;                valueOfBoard += gameIsDraw;&#13;&#10;            }&#13;&#10;            break;&#13;&#10;        default:&#13;&#10;            valueOfBoard +=  121 + (ownPieces.size() - oppPieces.size())&#13;&#10;                                * (24 - ownPieces.size() - oppPieces.size());&#13;&#10;            break;&#13;&#10;        }&#13;&#10;&#13;&#10;        return valueOfBoard;&#13;&#10;    }&#13;&#10;&#13;&#10;    private int gameState() {&#13;&#10;        if (max(ownPieces.size(), oppPieces.size()) &gt;= midGameEnd) {&#13;&#10;            return isMidGame;&#13;&#10;        }&#13;&#10;        return isEndgame;&#13;&#10;    }&#13;&#10;&#13;&#10;    private double max(double x, double y) {&#13;&#10;        if (x &lt; y) {&#13;&#10;            return y;&#13;&#10;        }&#13;&#10;        return x;&#13;&#10;    }&#13;&#10;&#13;&#10;&#13;&#10;    /* MI stops */&#13;&#10;    /* ---------------------------------------------------------------------  */&#13;&#10;&#13;&#10;    private void simulateMove(Move move) throws NoKingLeft, IOException {&#13;&#10;        if (move.moves.size() &gt;= 2) {&#13;&#10;            int stop = move.moves.size() - 1;&#13;&#10;            for (int i = 0; i &lt; stop; i++) {&#13;&#10;                Field from = move.moves.get(i);&#13;&#10;                Field to = move.moves.get(i + 1);&#13;&#10;&#13;&#10;                if (Math.abs(from.x - to.x) == 2) {&#13;&#10;                    Piece takenPiece = remoteNXT.checkersBoard.myBoard&#13;&#10;                            [(from.x + to.x) / 2]&#13;&#10;                            [(from.y + to.y) / 2].getPieceOnField();&#13;&#10;                    if (remoteNXT.checkersBoard.&#13;&#10;                            checkAllegiance(takenPiece, true)) {&#13;&#10;                        oppPieces.remove(takenPiece);&#13;&#10;                    } else {&#13;&#10;                        ownPieces.remove(takenPiece);&#13;&#10;                    }&#13;&#10;                    move.takenPieces.add(takenPiece);&#13;&#10;                    remoteNXT.checkersBoard.myBoard&#13;&#10;                            [(from.x + to.x) / 2]&#13;&#10;                            [(from.y + to.y) / 2].setPieceOnField(null);&#13;&#10;                }&#13;&#10;                remoteNXT.checkersBoard.&#13;&#10;                    movePieceInRepresentation(from, to, true);&#13;&#10;            }&#13;&#10;            simulatedMoves.add(move);&#13;&#10;        }&#13;&#10;    }&#13;&#10;&#13;&#10;    private void revertMove() throws NoKingLeft, IOException {&#13;&#10;&#13;&#10;        if (simulatedMoves.size() != 0) {&#13;&#10;            Move temp = simulatedMoves.get(simulatedMoves.size() - 1);&#13;&#10;            simulatedMoves.remove(simulatedMoves.size() - 1);&#13;&#10;&#13;&#10;            int stop = temp.moves.size() - 1;&#13;&#10;            Field tempMove = null;&#13;&#10;&#13;&#10;            for (int j = stop; j &gt;= 1; j--) {&#13;&#10;                tempMove = temp.moves.get(j);&#13;&#10;                if (!tempMove.isEmpty()) {&#13;&#10;                    if (tempMove.getPieceOnField().isCrowned&#13;&#10;                            &amp;&amp; !temp.wasKingBefore) {&#13;&#10;                        if (remoteNXT.checkersBoard.&#13;&#10;                                checkAllegiance(tempMove, true)) {&#13;&#10;                            tempMove.getPieceOnField().color =&#13;&#10;                                   remoteNXT.checkersBoard.opponentPeasentColor;&#13;&#10;                        } else if (remoteNXT.checkersBoard.&#13;&#10;                                checkAllegiance(tempMove, false)) {&#13;&#10;                            tempMove.getPieceOnField().color =&#13;&#10;                                    remoteNXT.checkersBoard.myPeasentColor;&#13;&#10;                        }&#13;&#10;                        tempMove.getPieceOnField().isCrowned = false;&#13;&#10;                    }&#13;&#10;                }&#13;&#10;                remoteNXT.checkersBoard.movePieceInRepresentation(&#13;&#10;                        tempMove, temp.moves.get(j - 1), true);&#13;&#10;            }&#13;&#10;&#13;&#10;            stop = temp.takenPieces.size();&#13;&#10;&#13;&#10;            for (int i = 0; i &lt; stop; i++) {&#13;&#10;                Piece tempPiece = temp.takenPieces.get(i);&#13;&#10;                if (remoteNXT.checkersBoard.checkAllegiance(tempPiece, true)) {&#13;&#10;                    oppPieces.add(tempPiece);&#13;&#10;                } else {&#13;&#10;                    ownPieces.add(tempPiece);&#13;&#10;                }&#13;&#10;                remoteNXT.checkersBoard.myBoard&#13;&#10;                    [tempPiece.getX()][tempPiece.getY()].&#13;&#10;                    setPieceOnField(tempPiece);&#13;&#10;            }&#13;&#10;        }&#13;&#10;    }&#13;&#10;&#13;&#10;    //-1 = human, 1 = robot&#13;&#10;    private List&lt;Move&gt; possibleMoves(int moveForSide) throws&#13;&#10;                    InterruptedException, IOException, NoKingLeft {&#13;&#10;        List&lt;Move&gt; jumpMovements = new ArrayList&lt;Move&gt;();&#13;&#10;        List&lt;Move&gt; movements = new ArrayList&lt;Move&gt;();&#13;&#10;        remoteNXT.checkersBoard.updateMoveables();&#13;&#10;        for (Field[] f : remoteNXT.checkersBoard.myBoard) {&#13;&#10;            for (Field field : f) {&#13;&#10;                if (!field.isEmpty()) {&#13;&#10;                    if (field.getPieceOnField().isMoveable&#13;&#10;                            &amp;&amp; remoteNXT.checkersBoard.&#13;&#10;                            checkAllegiance(field, moveForSide == -1)) {&#13;&#10;                        //Jumps&#13;&#10;                        if (field.getPieceOnField().canJump) {&#13;&#10;                            List&lt;List&lt;Field&gt;&gt; listOfMoves =&#13;&#10;                                    remoteNXT.checkersBoard.&#13;&#10;                                    analyzeFunctions.jumpSequence(&#13;&#10;                                            field, moveForSide == 1,&#13;&#10;                                            field.getPieceOnField().isCrowned);&#13;&#10;&#13;&#10;                            for (List&lt;Field&gt; stackOfFields : listOfMoves) {&#13;&#10;                                if (stackOfFields.size() &gt;= 2) {&#13;&#10;                                    jumpMovements.add(new Move(stackOfFields,&#13;&#10;                                            field.getPieceOnField().isCrowned));&#13;&#10;                                }&#13;&#10;                            }&#13;&#10;                        } else {  // Moves&#13;&#10;                            List&lt;Field&gt; possibleMoves =&#13;&#10;                                    remoteNXT.checkersBoard.&#13;&#10;                                    checkMoveable(field, moveForSide);&#13;&#10;                            //Simple moves&#13;&#10;                            if (!possibleMoves.isEmpty()) {&#13;&#10;                                for (Field posField : possibleMoves) {&#13;&#10;                                    Move movement = new Move(field, posField,&#13;&#10;                                            field.getPieceOnField().isCrowned);&#13;&#10;                                    movements.add(movement);&#13;&#10;                                }&#13;&#10;                            }&#13;&#10;                        }&#13;&#10;                    }&#13;&#10;                }&#13;&#10;            }&#13;&#10;        }&#13;&#10;&#13;&#10;        if (jumpMovements.size() != 0) {&#13;&#10;            return jumpMovements;&#13;&#10;        } else {&#13;&#10;            return movements;&#13;&#10;        }&#13;&#10;    }&#13;&#10;}&#13;&#10;" Filename="MI.java" Intrnl_Id="4"/>
<SrcFile Content="package com.OriginalFiles;&#13;&#10;&#13;&#10;public class Field {&#13;&#10;    //allowedField determines if is an allowed field to play on (a black field)&#13;&#10;    public boolean allowedField;&#13;&#10;    public boolean visited = false;&#13;&#10;    public int x;&#13;&#10;    public int y;&#13;&#10;    private Piece pieceOnField = null;&#13;&#10;    public Field() { };&#13;&#10;    public Field(int inputx, int inputy) {&#13;&#10;        x = inputx;&#13;&#10;        y = inputy;&#13;&#10;    }&#13;&#10;&#13;&#10;    //Get and Set to access to private variable pieceOnField.&#13;&#10;    //Updates the coordinates of an piece when assigned to a field.&#13;&#10;    public final void setPieceOnField(Piece inputPiece) {&#13;&#10;        pieceOnField = inputPiece;&#13;&#10;        if (!isEmpty()) {&#13;&#10;            pieceOnField.setXY(x, y);&#13;&#10;        }&#13;&#10;    }&#13;&#10;&#13;&#10;    public final Piece getPieceOnField() {&#13;&#10;        return pieceOnField;&#13;&#10;    }&#13;&#10;&#13;&#10;    //A field is empty, if no piece is assigned to it.&#13;&#10;    public final boolean isEmpty() {&#13;&#10;        return (pieceOnField == null);&#13;&#10;    }&#13;&#10;&#13;&#10;    //Returns true if there is a piece on the field,&#13;&#10;    //and the piece is of the given color.&#13;&#10;    public final boolean isPieceOfColor(char input) {&#13;&#10;        if (isEmpty()) {&#13;&#10;            return false;&#13;&#10;        } else {&#13;&#10;            return (pieceOnField.color == input);&#13;&#10;        }&#13;&#10;    }&#13;&#10;&#13;&#10;    //Empty the field, by un-assigning the piece of the field.&#13;&#10;    public final void emptyThisField() {&#13;&#10;        pieceOnField = null;&#13;&#10;    }&#13;&#10;}&#13;&#10;" Filename="Field.java" Intrnl_Id="5"/>
<SrcFile Content="package com.OriginalFiles;&#13;&#10;&#13;&#10;public class Communication {&#13;&#10;&#13;&#10;    public Communication(RemoteNXTFunctions remoteFunc) {&#13;&#10;        // TODO Auto-generated constructor stub&#13;&#10;    }&#13;&#10;&#13;&#10;    public void myKingNotPlaced() {&#13;&#10;        // TODO Auto-generated method stub&#13;&#10;        &#13;&#10;    }&#13;&#10;&#13;&#10;    public void humanWon() {&#13;&#10;        // TODO Auto-generated method stub&#13;&#10;        &#13;&#10;    }&#13;&#10;&#13;&#10;    public void robotWon() {&#13;&#10;        // TODO Auto-generated method stub&#13;&#10;        &#13;&#10;    }&#13;&#10;&#13;&#10;    public void draw() {&#13;&#10;        // TODO Auto-generated method stub&#13;&#10;        &#13;&#10;    }&#13;&#10;&#13;&#10;}&#13;&#10;" Filename="Communication.java" Intrnl_Id="6"/>
<SrcFile Content="package com.OriginalFiles;&#13;&#10;&#13;&#10;import java.io.IOException;&#13;&#10;import java.util.ArrayList;&#13;&#10;import java.util.List;&#13;&#10;import custom.Exceptions.NoKingLeft;&#13;&#10;&#13;&#10;public class Board {&#13;&#10;&#13;&#10;    public Field[][] myBoard = new Field[8][8];&#13;&#10;    public Field[] kingPlace = new Field[8];&#13;&#10;    public Field[] oppKingPlace = new Field[8];&#13;&#10;    public Field[][] trashPlace = new Field[8][3];&#13;&#10;    public Field[][] oppTrashPlace = new Field[8][2];&#13;&#10;    public Analyze analyzeFunctions;&#13;&#10;&#13;&#10;    public Communication informer;&#13;&#10;&#13;&#10;    char myPeasentColor, myKingColor, opponentPeasentColor, opponentKingColor;&#13;&#10;&#13;&#10;    public Board(RemoteNXTFunctions remoteFunc)&#13;&#10;            throws InterruptedException, IOException {&#13;&#10;        informer = new Communication(remoteFunc);&#13;&#10;        analyzeFunctions = new Analyze(this, remoteFunc);&#13;&#10;        analyzeFunctions.findMyColors();&#13;&#10;        findOpponentColors();&#13;&#10;&#13;&#10;        int x, y;&#13;&#10;&#13;&#10;        //Create the 8 times 8 board&#13;&#10;        for (x = 0; x &lt; 8; x++) {&#13;&#10;            for (y = 0; y &lt; 8; y++) {&#13;&#10;                Field temp = new Field();&#13;&#10;                temp.x = x;&#13;&#10;                temp.y = y;&#13;&#10;&#13;&#10;                //Every second field is an allowed field&#13;&#10;                //latex start ConstructorLoop&#13;&#10;                if ((x + y) % 2 == 1) {&#13;&#10;                    temp.allowedField = true;&#13;&#10;                    Piece pieceOnBoard = null;&#13;&#10;                    if (y &lt; 3) {&#13;&#10;                        pieceOnBoard = new Piece(this);&#13;&#10;                        pieceOnBoard.color = myPeasentColor;&#13;&#10;&#13;&#10;                        //Every piece on the front line of each player&#13;&#10;                        //is moveable from the start&#13;&#10;                        if (y == 2) {&#13;&#10;                            pieceOnBoard.isMoveable = true;&#13;&#10;                        }&#13;&#10;                    }&#13;&#10;                    //latex end&#13;&#10;&#13;&#10;                    if (y &gt; 4) {&#13;&#10;                        pieceOnBoard = new Piece(this);&#13;&#10;                        pieceOnBoard.color = opponentPeasentColor;&#13;&#10;                        if (y == 5) {&#13;&#10;                            pieceOnBoard.isMoveable = true;&#13;&#10;                        }&#13;&#10;                    }&#13;&#10;                    temp.setPieceOnField(pieceOnBoard);&#13;&#10;                } else {&#13;&#10;                    temp.allowedField = false;&#13;&#10;                }&#13;&#10;                myBoard[x][y] = temp;&#13;&#10;            }&#13;&#10;        }&#13;&#10;&#13;&#10;        //Set the location of the human players king pieces&#13;&#10;        //And Trashfield&#13;&#10;        //latex start ConstructorKing&#13;&#10;        for (int i = 0; i &lt; 8; i++) {&#13;&#10;            Field temp = new Field();&#13;&#10;            temp.x = i;&#13;&#10;            temp.y = -2;&#13;&#10;            Piece tempPiece = new Piece(this);&#13;&#10;            tempPiece.color = opponentKingColor;&#13;&#10;            tempPiece.isCrowned = true;&#13;&#10;            temp.setPieceOnField(tempPiece);&#13;&#10;            kingPlace[i] = temp;&#13;&#10;        }&#13;&#10;        for (int i = 0; i &lt; 8; i++) {&#13;&#10;            Field temp = new Field();&#13;&#10;            temp.x = i;&#13;&#10;            temp.y = 9;&#13;&#10;            Piece tempPiece = new Piece(this);&#13;&#10;            tempPiece.color = myKingColor;&#13;&#10;            tempPiece.isCrowned = true;&#13;&#10;            temp.setPieceOnField(tempPiece);&#13;&#10;            oppKingPlace[i] = temp;&#13;&#10;        }&#13;&#10;        //latex end&#13;&#10;        for (int j = 0; j &lt; 3; j++) {&#13;&#10;            for (int i = 0; i &lt; 8; i++) {&#13;&#10;                Field temp = new Field();&#13;&#10;                temp.x = i;&#13;&#10;                temp.y = -3 - j;&#13;&#10;                trashPlace[i][j] = temp;&#13;&#10;            }&#13;&#10;        }&#13;&#10;&#13;&#10;        for (int j = 0; j &lt; 2; j++) {&#13;&#10;            for (int i = 0; i &lt; 8; i++) {&#13;&#10;                Field temp = new Field();&#13;&#10;                temp.x = i;&#13;&#10;                temp.y = 10 + j;&#13;&#10;                oppTrashPlace[i][j] = temp;&#13;&#10;            }&#13;&#10;        }&#13;&#10;    }&#13;&#10;&#13;&#10;    public final void resetVisited() {&#13;&#10;        for (Field[] f : myBoard) {&#13;&#10;            for (Field field : f) {&#13;&#10;                field.visited = false;&#13;&#10;            }&#13;&#10;        }&#13;&#10;    }&#13;&#10;&#13;&#10;    //Sorts the list of fields to search to minimize robot movement&#13;&#10;    public final void sortListOfFields(List&lt;Field&gt; listOfFields) {&#13;&#10;        int x = 0;&#13;&#10;        int y = 0;&#13;&#10;        int sizeOflistOfFields = listOfFields.size();&#13;&#10;        for (int i = 0; i &lt; sizeOflistOfFields; i++) {&#13;&#10;            for (int n = i + 1; n &lt; sizeOflistOfFields; n++) {&#13;&#10;                if (!isGreater(listOfFields.get(i),&#13;&#10;                        listOfFields.get(n), x, y)) {&#13;&#10;                    Field temp1 = listOfFields.get(i);&#13;&#10;                    Field temp2 = listOfFields.get(n);&#13;&#10;                    listOfFields.remove(n);&#13;&#10;                    listOfFields.remove(i);&#13;&#10;                    listOfFields.add(i, temp2);&#13;&#10;                    listOfFields.add(n, temp1);&#13;&#10;                }&#13;&#10;            }&#13;&#10;            x = listOfFields.get(i).x;&#13;&#10;            y = listOfFields.get(i).y;&#13;&#10;        }&#13;&#10;    }&#13;&#10;&#13;&#10;    //Method to used in sorting the list of places to move the robot&#13;&#10;    public final boolean isGreater(Field inputField,&#13;&#10;            Field fieldToCompare, int compX, int compY) {&#13;&#10;        //Check jumps to be crowned first&#13;&#10;        if (inputField.getPieceOnField().canJump&#13;&#10;                &amp;&amp; !inputField.getPieceOnField().isCrowned&#13;&#10;                &amp;&amp; inputField.getPieceOnField().color == opponentPeasentColor&#13;&#10;                &amp;&amp; inputField.getPieceOnField().getY() == 2) {&#13;&#10;            return true;&#13;&#10;        } else if (inputField.getPieceOnField().canJump&#13;&#10;                &amp;&amp; !fieldToCompare.getPieceOnField().canJump) {&#13;&#10;            return true;&#13;&#10;        } else if (fieldToCompare.getPieceOnField().canJump&#13;&#10;                &amp;&amp; !inputField.getPieceOnField().canJump) {&#13;&#10;            return false;&#13;&#10;        } else {&#13;&#10;            if (inputField.y == 1 &amp;&amp; fieldToCompare.y != 1&#13;&#10;                    &amp;&amp; !inputField.getPieceOnField().isCrowned) {&#13;&#10;                return true;&#13;&#10;            } else if (fieldToCompare.y == 1 &amp;&amp; inputField.y != 1&#13;&#10;                    &amp;&amp; !fieldToCompare.getPieceOnField().isCrowned) {&#13;&#10;                return false;&#13;&#10;            } else {&#13;&#10;                if (distance(inputField, compX, compY)&#13;&#10;                    &gt; distance(fieldToCompare, compX, compY)) {&#13;&#10;                    return false;&#13;&#10;                } else if (distance(inputField, compX, compY)&#13;&#10;                           &lt; distance(fieldToCompare, compX, compY)) {&#13;&#10;                    return true;&#13;&#10;                } else {&#13;&#10;                    return (inputField.y &lt; fieldToCompare.y);&#13;&#10;                }&#13;&#10;            }&#13;&#10;        }&#13;&#10;    }&#13;&#10;&#13;&#10;    private int distance(Field inputField, int x, int y) {&#13;&#10;        return Math.abs(inputField.x - x) + Math.abs(inputField.y - y);&#13;&#10;    }&#13;&#10;&#13;&#10;    public final boolean verifyCorrectMove(Field field) throws&#13;&#10;    InterruptedException, IOException {&#13;&#10;        if (checkAllegiance(field, true)) {&#13;&#10;            if (field.getPieceOnField().isMoveable) {&#13;&#10;                return !(isFieldEmptyOnBoard(field.x, field.y));&#13;&#10;            }&#13;&#10;        }&#13;&#10;        return true;&#13;&#10;    }&#13;&#10;&#13;&#10;    public final boolean peasentIsOnEndRow(Field field) {&#13;&#10;        if (!field.isEmpty()) {&#13;&#10;            int checkRow;&#13;&#10;            if (checkAllegiance(field, true)) {&#13;&#10;                checkRow = 0;&#13;&#10;            } else {&#13;&#10;                checkRow = 7;&#13;&#10;            }&#13;&#10;&#13;&#10;            if (field.y == checkRow &amp;&amp; !field.getPieceOnField().isCrowned) {&#13;&#10;                return true;&#13;&#10;            }&#13;&#10;        }&#13;&#10;        return false;&#13;&#10;    }&#13;&#10;&#13;&#10;    //Moves a piece in the board representation&#13;&#10;    public final void movePieceInRepresentation(Field fromField, int toFieldX,&#13;&#10;            int toFieldY, boolean isSimulated) throws NoKingLeft, IOException {&#13;&#10;        movePieceInRepresentation(fromField,&#13;&#10;                myBoard[toFieldX][toFieldY], isSimulated);&#13;&#10;    }&#13;&#10;    //latex start movePieceInRepresentation&#13;&#10;    public final void movePieceInRepresentation(Field fromField,&#13;&#10;            Field toField, boolean isSimulated) throws NoKingLeft, IOException {&#13;&#10;        toField.setPieceOnField(fromField.getPieceOnField());&#13;&#10;        fromField.emptyThisField();&#13;&#10;        if (checkBounds(toField.x, toField.y)) {&#13;&#10;            analyzeFunctions.checkForUpgradeKing(&#13;&#10;                    toField, isSimulated);&#13;&#10;        }&#13;&#10;        //latex end&#13;&#10;    }&#13;&#10;&#13;&#10;    //Check if field has been occupied&#13;&#10;    public final boolean checkMoveDirection(Field field,&#13;&#10;            int directX, int directY) throws InterruptedException, IOException {&#13;&#10;        return (!fieldOccupied(field.x + directX, field.y + directY)&#13;&#10;            &amp;&amp; !this.isFieldEmptyOnBoard(field.x + directX, field.y + directY));&#13;&#10;    }&#13;&#10;&#13;&#10;    public final boolean isFieldEmptyOnBoard(int x, int y)&#13;&#10;            throws InterruptedException, IOException {&#13;&#10;        if (checkBounds(x, y)) {&#13;&#10;            char color = analyzeFunctions.getColor(x, y);&#13;&#10;&#13;&#10;            return color == ' ';&#13;&#10;        } else {&#13;&#10;            return false;&#13;&#10;        }&#13;&#10;    }&#13;&#10;&#13;&#10;    public final boolean fieldOccupied(int x, int y) {&#13;&#10;        if (checkBounds(x, y)) {&#13;&#10;            return !myBoard[x][y].isEmpty();&#13;&#10;        } else {&#13;&#10;            return true;&#13;&#10;        }&#13;&#10;    }&#13;&#10;&#13;&#10;    //Check if a piece can move and is jumpable&#13;&#10;    //latex start checkPiece&#13;&#10;    private void checkPiece(Field field, int dify, boolean checkForOpponent) {&#13;&#10;        field.getPieceOnField().canJump = checkJump(field,&#13;&#10;                checkForOpponent, field.getPieceOnField().isCrowned);&#13;&#10;&#13;&#10;        if (field.getPieceOnField().canJump) {&#13;&#10;            field.getPieceOnField().isMoveable = true;&#13;&#10;        } else {&#13;&#10;            field.getPieceOnField().isMoveable =&#13;&#10;                    checkMoveableBoolean(field, dify);&#13;&#10;        }&#13;&#10;    }&#13;&#10;    //latex end&#13;&#10;&#13;&#10;    private boolean checkMoveableBoolean(Field field, int dif) {&#13;&#10;        return !checkMoveable(field, dif).isEmpty();&#13;&#10;    }&#13;&#10;&#13;&#10;    //Checks if a given field is movable&#13;&#10;    public final List&lt;Field&gt; checkMoveable(Field field, int dif) {&#13;&#10;        List&lt;Field&gt; possibleMoves = new ArrayList&lt;Field&gt;();&#13;&#10;&#13;&#10;        //Check forward&#13;&#10;        if (!this.fieldOccupied(field.x - 1, field.y + dif)) {&#13;&#10;            possibleMoves.add(myBoard[field.x - 1][field.y + dif]);&#13;&#10;        }&#13;&#10;        if (!this.fieldOccupied(field.x + 1, field.y + dif)) {&#13;&#10;            possibleMoves.add(myBoard[field.x + 1][field.y + dif]);&#13;&#10;        }&#13;&#10;        //if king, check backwards also&#13;&#10;        if (field.getPieceOnField().isCrowned) {&#13;&#10;            if (!this.fieldOccupied(field.x - 1, field.y - dif)) {&#13;&#10;                possibleMoves.add(myBoard[field.x - 1][field.y - dif]);&#13;&#10;            }&#13;&#10;            if (!this.fieldOccupied(field.x + 1, field.y - dif)) {&#13;&#10;                possibleMoves.add(myBoard[field.x + 1][field.y - dif]);&#13;&#10;            }&#13;&#10;        }&#13;&#10;        return possibleMoves;&#13;&#10;    }&#13;&#10;&#13;&#10;    //Check if a given field can jump&#13;&#10;    //latex start checkJump&#13;&#10;    private boolean checkJump(Field field,&#13;&#10;            boolean checkForOpponent, boolean isCrowned) {&#13;&#10;        return (checkJumpDirectionBoolean(field, -1, -1,&#13;&#10;                        checkForOpponent, isCrowned)&#13;&#10;                || checkJumpDirectionBoolean(field, 1, -1,&#13;&#10;                        checkForOpponent, isCrowned)&#13;&#10;                || checkJumpDirectionBoolean(field, 1, 1,&#13;&#10;                        checkForOpponent, isCrowned)&#13;&#10;                || checkJumpDirectionBoolean(field, -1, 1,&#13;&#10;                        checkForOpponent, isCrowned));&#13;&#10;    }&#13;&#10;    //latex end&#13;&#10;&#13;&#10;    //Checks jumps&#13;&#10;    //latex start jumpDirection&#13;&#10;    public final Field checkJumpDirection(Field field, int difx, int dify,&#13;&#10;            boolean checkForOpponent, boolean isCrowned) {&#13;&#10;        if (((checkForOpponent &amp;&amp; dify == -1)&#13;&#10;                || (!checkForOpponent &amp;&amp; dify == 1)) &amp;&amp; !isCrowned) {&#13;&#10;            return null;&#13;&#10;        }&#13;&#10;&#13;&#10;        if (checkBounds(field.x + 2 * difx, field.y + 2 * dify)) {&#13;&#10;            if (!myBoard[field.x + 2 * difx][field.y + 2 * dify].visited) {&#13;&#10;                if (checkAllegiance(&#13;&#10;                      myBoard[field.x + difx][field.y + dify], checkForOpponent)&#13;&#10;                      &amp;&amp; !this.fieldOccupied(&#13;&#10;                      field.x + 2 * difx, field.y + 2 * dify)) {&#13;&#10;                    return myBoard[field.x + 2 * difx][field.y + 2 * dify];&#13;&#10;                }&#13;&#10;            }&#13;&#10;        }&#13;&#10;        return null;&#13;&#10;    }&#13;&#10;    //latex end&#13;&#10;&#13;&#10;    private boolean checkJumpDirectionBoolean(Field field,&#13;&#10;            int difx, int dify, boolean checkForOpponent, boolean isCrowned) {&#13;&#10;        return !(checkJumpDirection(field, difx, dify,&#13;&#10;                checkForOpponent, isCrowned) == null);&#13;&#10;    }&#13;&#10;&#13;&#10;    //Updates the movable property on each piece&#13;&#10;    public final void updateMoveables() {&#13;&#10;        resetVisited();&#13;&#10;        for (Field[] f : myBoard) {&#13;&#10;            for (Field field : f) {&#13;&#10;                if (field.allowedField) {&#13;&#10;                    if (field.getPieceOnField() != null) {&#13;&#10;                        //Check movable for robot&#13;&#10;                        if (checkAllegiance(field, false)) {&#13;&#10;                            checkPiece(field, 1, true);&#13;&#10;&#13;&#10;                        //Check movable for human&#13;&#10;                        } else {&#13;&#10;                            checkPiece(field, -1, false);&#13;&#10;                        }&#13;&#10;                    }&#13;&#10;                }&#13;&#10;            }&#13;&#10;        }&#13;&#10;        resetVisited();&#13;&#10;    }&#13;&#10;&#13;&#10;    //Sets the colors of the human players pieces&#13;&#10;    private void findOpponentColors() {&#13;&#10;        if (myPeasentColor == 'r') {&#13;&#10;            opponentPeasentColor = 'w';&#13;&#10;            opponentKingColor = 'g';&#13;&#10;        } else {&#13;&#10;            opponentPeasentColor = 'r';&#13;&#10;            opponentKingColor = 'b';&#13;&#10;        }&#13;&#10;    }&#13;&#10;&#13;&#10;&#13;&#10;    //if a piece is missing, scan whole board&#13;&#10;    public final void findMissingPiece()&#13;&#10;            throws InterruptedException, IOException {&#13;&#10;        int i, j;&#13;&#10;        boolean changer = true;&#13;&#10;&#13;&#10;        for (i = 0; i &lt; 8; i++) {&#13;&#10;            //Change direction of the robot, to minimize robot movement&#13;&#10;            if (changer) {&#13;&#10;                for (j = 0; j &lt; 8; j++) {&#13;&#10;                    if ((i + j) % 2 == 1) {&#13;&#10;                        myBoard[i][j].setPieceOnField(getPiece(i, j));&#13;&#10;                    }&#13;&#10;                }&#13;&#10;                changer = false;&#13;&#10;            } else {&#13;&#10;                for (j = 7; j &gt;= 0; j--) {&#13;&#10;                    if ((i + j) % 2 == 1) {&#13;&#10;                        myBoard[i][j].setPieceOnField(getPiece(i, j));&#13;&#10;                    }&#13;&#10;                }&#13;&#10;                changer = true;&#13;&#10;            }&#13;&#10;        }&#13;&#10;&#13;&#10;        this.updateMoveables();&#13;&#10;    }&#13;&#10;&#13;&#10;    //Get piece on given position&#13;&#10;    private Piece getPiece(int x, int y) throws IOException {&#13;&#10;        char color = analyzeFunctions.getColor(x, y);&#13;&#10;        if (color == ' ') {&#13;&#10;            return null;&#13;&#10;        } else {&#13;&#10;            Piece temp = new Piece(this);&#13;&#10;            temp.color = color;&#13;&#10;            temp.isCrowned = (color == 'g' || color == 'b');&#13;&#10;            return temp;&#13;&#10;        }&#13;&#10;    }&#13;&#10;&#13;&#10;    //Check if a given piece is the robots or the opponents&#13;&#10;   /*public final boolean checkAllegiance(Field input, boolean checkForOpponent)&#13;&#10;    {&#13;&#10;        if (checkBounds(input.x, input.y)) {&#13;&#10;                if ((input.isPieceOfColor(myPeasentColor)&#13;&#10;                    || input.isPieceOfColor(myKingColor))&amp;&amp; !checkForOpponent) {&#13;&#10;                     return true;&#13;&#10;                 }&#13;&#10;                 if ((input.isPieceOfColor(opponentPeasentColor)&#13;&#10;                         || input.isPieceOfColor(opponentKingColor))&#13;&#10;                         &amp;&amp; checkForOpponent) {&#13;&#10;                     return true;&#13;&#10;                 }&#13;&#10;                 return false;&#13;&#10;                 }&#13;&#10;        return false;&#13;&#10;    }*/&#13;&#10;    public final boolean checkAllegiance(Field input, boolean checkForOpponent)&#13;&#10;    {&#13;&#10;        if (checkBounds(input.x, input.y)) {&#13;&#10;            if (!input.isEmpty()) {&#13;&#10;                return checkAllegiance(input.getPieceOnField(),&#13;&#10;                        checkForOpponent);&#13;&#10;            }&#13;&#10;        }&#13;&#10;        return false;&#13;&#10;    }&#13;&#10;&#13;&#10;    public final boolean checkAllegiance(Piece input, boolean checkForOpponent)&#13;&#10;    {&#13;&#10;        if ((input.color == myPeasentColor&#13;&#10;                || input.color == myKingColor) &amp;&amp; !checkForOpponent) {&#13;&#10;             return true;&#13;&#10;         }&#13;&#10;         if ((input.color == opponentPeasentColor&#13;&#10;                 || input.color == opponentKingColor)&#13;&#10;                 &amp;&amp; checkForOpponent) {&#13;&#10;             return true;&#13;&#10;         }&#13;&#10;         return false;&#13;&#10;    }&#13;&#10;&#13;&#10;    //Return true if the given position is inbounds&#13;&#10;    public final boolean checkBounds(int x, int y) {&#13;&#10;        return x &gt;= 0 &amp;&amp; x &lt;= 7 &amp;&amp; y &gt;= 0 &amp;&amp; y &lt;= 7;&#13;&#10;    }&#13;&#10;}&#13;&#10;" Filename="Board.java" Intrnl_Id="7"/>
<SrcFile Content="package com.OriginalFiles;&#13;&#10;import java.io.IOException;&#13;&#10;import java.util.ArrayList;&#13;&#10;import java.util.List;&#13;&#10;&#13;&#10;import lejos.nxt.Button;&#13;&#10;import lejos.nxt.LCD;&#13;&#10;import lejos.robotics.Color;&#13;&#10;import custom.Exceptions.IllegalMove;&#13;&#10;import custom.Exceptions.NoKingLeft;&#13;&#10;&#13;&#10;public class Analyze {&#13;&#10;    private Board checkersBoard;&#13;&#10;&#13;&#10;    private Field fieldToCheck;&#13;&#10;    private int analyzeBoardRepeatNumber = 0;&#13;&#10;    private int totalAnalyzeRuns = 0;&#13;&#10;    private final int analyzeRunsBeforeReset = 10;&#13;&#10;    private RemoteNXTFunctions remoteFunctions;&#13;&#10;    private Field trashField = new Field(3, -6);&#13;&#10;    private boolean pieceFound;&#13;&#10;    private boolean mustJump;&#13;&#10;&#13;&#10;    public Analyze(Board input, RemoteNXTFunctions remoteInput) {&#13;&#10;        checkersBoard = input;&#13;&#10;        remoteFunctions = remoteInput;&#13;&#10;    }&#13;&#10;&#13;&#10;    //Analyzes the current board setup&#13;&#10;    //latex start analyzeBoard&#13;&#10;    public final boolean analyzeBoard() throws InterruptedException,&#13;&#10;    IOException, NoKingLeft, IllegalMove {&#13;&#10;        if (!checkForGameHasEnded(true)) {&#13;&#10;            checkMotorCalibration();&#13;&#10;&#13;&#10;            List&lt;Field&gt; moveableList = new ArrayList&lt;Field&gt;();&#13;&#10;            moveableList = makeListOfMoveables(moveableList);&#13;&#10;            pieceFound = checkMovement(moveableList);&#13;&#10;            countDownToPanic();&#13;&#10;&#13;&#10;            //Find the pieces that are currently movable&#13;&#10;            checkersBoard.updateMoveables();&#13;&#10;            checkRobotPieceReplaced();&#13;&#10;            if (!checkForGameHasEnded(false)) {&#13;&#10;                return true;&#13;&#10;            }&#13;&#10;        }&#13;&#10;        return false;&#13;&#10;    }&#13;&#10;    //latex end&#13;&#10;&#13;&#10;    private void checkMotorCalibration() {&#13;&#10;        totalAnalyzeRuns += 1;&#13;&#10;&#13;&#10;        if (totalAnalyzeRuns &gt; analyzeRunsBeforeReset) {&#13;&#10;            totalAnalyzeRuns = 0;&#13;&#10;            remoteFunctions.resetMotors();&#13;&#10;        }&#13;&#10;    }&#13;&#10;&#13;&#10;    private List&lt;Field&gt; makeListOfMoveables(List&lt;Field&gt; moveableList) {&#13;&#10;        //Find the pieces that are currently movable&#13;&#10;        checkersBoard.updateMoveables();&#13;&#10;        for (Field[] f : checkersBoard.myBoard) {&#13;&#10;            for (Field field : f) {&#13;&#10;                if (!field.isEmpty()) {&#13;&#10;                    if (field.getPieceOnField().isMoveable&#13;&#10;                            &amp;&amp; checkersBoard.checkAllegiance(field, true)) {&#13;&#10;                        moveableList.add(field);&#13;&#10;                    }&#13;&#10;                }&#13;&#10;            }&#13;&#10;        }&#13;&#10;        checkersBoard.sortListOfFields(moveableList);&#13;&#10;        pieceFound = false;&#13;&#10;        mustJump = false;&#13;&#10;        if (moveableList.size() != 0) {&#13;&#10;            mustJump = moveableList.get(0).getPieceOnField().canJump;&#13;&#10;        }&#13;&#10;        return moveableList;&#13;&#10;    }&#13;&#10;    //latex start checkMovement&#13;&#10;    private boolean checkMovement(List&lt;Field&gt; moveableList)&#13;&#10;            throws IllegalMove, InterruptedException, IOException, NoKingLeft {&#13;&#10;        for (Field field : moveableList) {&#13;&#10;            if (checkersBoard.isFieldEmptyOnBoard(field.x, field.y)) {&#13;&#10;                if (mustJump &amp;&amp; !field.getPieceOnField().canJump) {&#13;&#10;                    throw new custom.Exceptions.IllegalMove();&#13;&#10;                }&#13;&#10;                if (this.trackMovement(field)) {&#13;&#10;                    return true;&#13;&#10;                }&#13;&#10;            }&#13;&#10;        }&#13;&#10;        return false;&#13;&#10;    }&#13;&#10;    //latex end&#13;&#10;    //latex start countDownToPanic&#13;&#10;    private void countDownToPanic()&#13;&#10;            throws InterruptedException, IOException, NoKingLeft, IllegalMove {&#13;&#10;        if (!pieceFound) {&#13;&#10;            if (analyzeBoardRepeatNumber &lt; 3) {&#13;&#10;                analyzeBoardRepeatNumber++;&#13;&#10;                analyzeBoard();&#13;&#10;                analyzeBoardRepeatNumber = 0;&#13;&#10;            } else if (analyzeBoardRepeatNumber &lt; 6) {&#13;&#10;                remoteFunctions.resetMotors();&#13;&#10;                analyzeBoardRepeatNumber++;&#13;&#10;                analyzeBoard();&#13;&#10;                analyzeBoardRepeatNumber = 0;&#13;&#10;            } else {&#13;&#10;                checkersBoard.findMissingPiece();&#13;&#10;            }&#13;&#10;        }&#13;&#10;    }&#13;&#10;    //latex end&#13;&#10;&#13;&#10;    //Try to find the piece that have been moved&#13;&#10;    private boolean trackMovement(Field field) throws IllegalMove,&#13;&#10;    InterruptedException, IOException, NoKingLeft {&#13;&#10;        boolean foundPiece = false;&#13;&#10;        if (field.getPieceOnField().canJump) {&#13;&#10;            if (findJumpPiece(field)) {&#13;&#10;                foundPiece = true;&#13;&#10;            }&#13;&#10;            if (!foundPiece) {&#13;&#10;                throw new custom.Exceptions.IllegalMove();&#13;&#10;            }&#13;&#10;        } else if (checkMove(field, -1)) {&#13;&#10;            foundPiece = true;&#13;&#10;        }&#13;&#10;&#13;&#10;        return foundPiece;&#13;&#10;    }&#13;&#10;&#13;&#10;    //Determine simple move&#13;&#10;    private boolean checkMove(Field field, int directY) throws&#13;&#10;    InterruptedException, IOException, NoKingLeft {&#13;&#10;        //Verify that the given field is inbound&#13;&#10;        if (checkersBoard.checkBounds(field.x, field.y)) {&#13;&#10;            //Check the first direction&#13;&#10;            if (checkersBoard.checkMoveDirection(field, 1, directY)) {&#13;&#10;                if (validateMove(checkersBoard.&#13;&#10;                        myBoard[field.x + 1][field.y + directY], field)) {&#13;&#10;                    checkersBoard.movePieceInRepresentation(field,&#13;&#10;                            field.x + 1, field.y + directY, false);&#13;&#10;                    return true;&#13;&#10;                } else {&#13;&#10;                    return false;&#13;&#10;                }&#13;&#10;                //Second direction&#13;&#10;            } else if (checkersBoard.checkMoveDirection(field, -1, directY)) {&#13;&#10;                if (validateMove(checkersBoard.&#13;&#10;                        myBoard[field.x - 1][field.y + directY], field)) {&#13;&#10;                    checkersBoard.movePieceInRepresentation(field,&#13;&#10;                            field.x - 1, field.y + directY, false);&#13;&#10;                    return true;&#13;&#10;                } else {&#13;&#10;                    return false;&#13;&#10;                }&#13;&#10;                //If king, also check backwards&#13;&#10;            } else if (field.getPieceOnField().isCrowned) {&#13;&#10;                if (checkersBoard.checkMoveDirection(field, 1, -directY)) {&#13;&#10;                    if (validateMove(checkersBoard.&#13;&#10;                            myBoard[field.x + 1][field.y - directY], field)) {&#13;&#10;                        checkersBoard.movePieceInRepresentation(field,&#13;&#10;                                field.x + 1, field.y - directY, false);&#13;&#10;                        return true;&#13;&#10;                    } else {&#13;&#10;                        return false;&#13;&#10;                    }&#13;&#10;                } else if (checkersBoard.checkMoveDirection(&#13;&#10;                        field, -1, -directY)) {&#13;&#10;                    if (validateMove(checkersBoard.&#13;&#10;                            myBoard[field.x - 1][field.y - directY], field)) {&#13;&#10;                        checkersBoard.movePieceInRepresentation(field,&#13;&#10;                                field.x - 1, field.y - directY, false);&#13;&#10;                        return true;&#13;&#10;                    } else {&#13;&#10;                        return false;&#13;&#10;                    }&#13;&#10;                }&#13;&#10;            }&#13;&#10;        }&#13;&#10;        return false;&#13;&#10;    }&#13;&#10;&#13;&#10;    //Checks if it could have been another piece that moved&#13;&#10;    private boolean validateMove(Field field, Field fromField) throws&#13;&#10;    InterruptedException, IOException {&#13;&#10;&#13;&#10;        List&lt;Field&gt; checkArray = new ArrayList&lt;Field&gt;();&#13;&#10;        if (checkersBoard.checkBounds(field.x + 1, field.y + 1)) {&#13;&#10;            checkArray.add(checkersBoard.myBoard[field.x + 1][field.y + 1]);&#13;&#10;        }&#13;&#10;        if (checkersBoard.checkBounds(field.x + 1, field.y - 1)) {&#13;&#10;            checkArray.add(checkersBoard.myBoard[field.x + 1][field.y - 1]);&#13;&#10;        }&#13;&#10;        if (checkersBoard.checkBounds(field.x - 1, field.y - 1)) {&#13;&#10;            checkArray.add(checkersBoard.myBoard[field.x - 1][field.y - 1]);&#13;&#10;        }&#13;&#10;        if (checkersBoard.checkBounds(field.x - 1, field.y + 1)) {&#13;&#10;            checkArray.add(checkersBoard.myBoard[field.x - 1][field.y + 1]);&#13;&#10;        }&#13;&#10;        boolean returnValue = true;&#13;&#10;        for (int i = 0; i &lt; checkArray.size(); i++) {&#13;&#10;            if (!(checkArray.get(i).x == fromField.x&#13;&#10;                    &amp;&amp; checkArray.get(i).y == fromField.y)) {&#13;&#10;                returnValue = checkersBoard.verifyCorrectMove(&#13;&#10;                        checkArray.get(i));&#13;&#10;            }&#13;&#10;            if (!returnValue) {&#13;&#10;                return returnValue;&#13;&#10;            }&#13;&#10;        }&#13;&#10;        return returnValue;&#13;&#10;    }&#13;&#10;&#13;&#10;    public final List&lt;List&lt;Field&gt;&gt; jumpSequence(Field input,&#13;&#10;            boolean checkForOpponent, boolean isCrowned) throws&#13;&#10;            InterruptedException, IOException, NoKingLeft {&#13;&#10;        input.visited = true;&#13;&#10;        List&lt;List&lt;Field&gt;&gt; returnList = new ArrayList&lt;List&lt;Field&gt;&gt;();&#13;&#10;        Field tempField = checkersBoard.checkJumpDirection(input,&#13;&#10;                -1, 1, checkForOpponent, isCrowned);&#13;&#10;        if (tempField != null) {&#13;&#10;            returnList.addAll(jumpSequence(tempField, checkForOpponent,&#13;&#10;                    isCrowned));&#13;&#10;        }&#13;&#10;        tempField = checkersBoard.checkJumpDirection(input,&#13;&#10;                -1, -1, checkForOpponent, isCrowned);&#13;&#10;        if (tempField != null) {&#13;&#10;            returnList.addAll(jumpSequence(tempField, checkForOpponent,&#13;&#10;                    isCrowned));&#13;&#10;        }&#13;&#10;        tempField = checkersBoard.checkJumpDirection(input,&#13;&#10;                1, -1, checkForOpponent, isCrowned);&#13;&#10;        if (tempField != null) {&#13;&#10;            returnList.addAll(jumpSequence(tempField, checkForOpponent,&#13;&#10;                    isCrowned));&#13;&#10;        }&#13;&#10;        tempField = checkersBoard.checkJumpDirection(input, 1, 1,&#13;&#10;                checkForOpponent, isCrowned);&#13;&#10;        if (tempField != null) {&#13;&#10;            returnList.addAll(jumpSequence(tempField, checkForOpponent,&#13;&#10;                    isCrowned));&#13;&#10;        }&#13;&#10;&#13;&#10;        if (returnList.size() == 0) {&#13;&#10;            returnList.add(new ArrayList&lt;Field&gt;());&#13;&#10;        }&#13;&#10;&#13;&#10;        for (int i = 0; i &lt; returnList.size(); i++) {&#13;&#10;            returnList.get(i).add(0, input);&#13;&#10;        }&#13;&#10;        return returnList;&#13;&#10;    }&#13;&#10;&#13;&#10;    private boolean findJumpPiece(Field field) throws&#13;&#10;    InterruptedException, IOException, NoKingLeft {&#13;&#10;        List&lt;List&lt;Field&gt;&gt; jumpList = new ArrayList&lt;List&lt;Field&gt;&gt;();&#13;&#10;        jumpList = jumpSequence(field, false,&#13;&#10;                field.getPieceOnField().isCrowned);&#13;&#10;        checkersBoard.resetVisited();&#13;&#10;        for (int i = 0; i &lt; jumpList.size(); i++) {&#13;&#10;            List&lt;Field&gt; tempList = jumpList.get(i);&#13;&#10;            Field desField = tempList.get(tempList.size() - 1);&#13;&#10;            if (!checkersBoard.isFieldEmptyOnBoard(desField.x, desField.y)) {&#13;&#10;                checkersBoard.movePieceInRepresentation(field, desField, false);&#13;&#10;                int stopj = tempList.size() - 1;&#13;&#10;                for (int j = 0; j &lt; stopj; j++) {&#13;&#10;                    Field tempfield = tempList.get(j);&#13;&#10;                    Field tempfield2 = tempList.get(j + 1);&#13;&#10;                    Field takenField = checkersBoard.myBoard&#13;&#10;                            [(tempfield.x + tempfield2.x) / 2]&#13;&#10;                                    [(tempfield.y + tempfield2.y) / 2];&#13;&#10;                    if (takenField.getPieceOnField().isCrowned) {&#13;&#10;                        int k = 7;&#13;&#10;                        while (!(k &lt; 0)) {&#13;&#10;                            if (checkersBoard.oppKingPlace[k].isEmpty()) {&#13;&#10;                                //Insert king at location&#13;&#10;                                checkersBoard.movePieceInRepresentation(&#13;&#10;                                        takenField,&#13;&#10;                                        checkersBoard.oppKingPlace[k], true);&#13;&#10;                            }&#13;&#10;                            k--;&#13;&#10;                        }&#13;&#10;                    } else {&#13;&#10;                        int l = 0;&#13;&#10;                        int h = 0;&#13;&#10;                        OUTER: while (h &lt;= checkersBoard.&#13;&#10;                                oppTrashPlace[0].length - 1) {&#13;&#10;                            while (l &lt;= checkersBoard.&#13;&#10;                                    oppTrashPlace.length - 1) {&#13;&#10;                                if (checkersBoard.&#13;&#10;                                        oppTrashPlace[l][h].isEmpty()) {&#13;&#10;                                    break OUTER;&#13;&#10;                                }&#13;&#10;                                l++;&#13;&#10;                            }&#13;&#10;                            h++;&#13;&#10;                            l = 0;&#13;&#10;                        }&#13;&#10;                        checkersBoard.movePieceInRepresentation(takenField,&#13;&#10;                                checkersBoard.oppTrashPlace[l][h], false);&#13;&#10;                    }&#13;&#10;                }&#13;&#10;                return true;&#13;&#10;            }&#13;&#10;        }&#13;&#10;        return false;&#13;&#10;    }&#13;&#10;&#13;&#10;    public final void checkForUpgradeKing(Field field, boolean isSimulated)&#13;&#10;            throws NoKingLeft, IOException {&#13;&#10;        if (checkersBoard.peasentIsOnEndRow(field)) {&#13;&#10;            if (checkersBoard.checkAllegiance(field, false)) {&#13;&#10;                field.getPieceOnField().color = checkersBoard.myKingColor;&#13;&#10;                field.getPieceOnField().isCrowned = true;&#13;&#10;                if (!isSimulated) {&#13;&#10;                    fieldToCheck = field;&#13;&#10;                }&#13;&#10;            } else {&#13;&#10;                if (isSimulated) {&#13;&#10;                    field.getPieceOnField().color =&#13;&#10;                            checkersBoard.opponentKingColor;&#13;&#10;                    field.getPieceOnField().isCrowned = true;&#13;&#10;                } else {&#13;&#10;                    boolean foundOne = false;&#13;&#10;                    int i = 0;&#13;&#10;                    while (!foundOne) {&#13;&#10;                        if (i &gt; 7) {&#13;&#10;                            throw new custom.Exceptions.NoKingLeft();&#13;&#10;                        }&#13;&#10;                        if (!checkersBoard.kingPlace[i].isEmpty()) {&#13;&#10;                            //Move old piece to trash&#13;&#10;                            remoteFunctions.trashPieceOnField(field);&#13;&#10;                            //Insert king at location&#13;&#10;                            remoteFunctions.doMove(new Move(&#13;&#10;                                    checkersBoard.kingPlace[i], field, true));&#13;&#10;                            foundOne = true;&#13;&#10;                        }&#13;&#10;                        i++;&#13;&#10;                    }&#13;&#10;                }&#13;&#10;            }&#13;&#10;        }&#13;&#10;    }&#13;&#10;&#13;&#10;    //Function to check if user have replaced the&#13;&#10;    //robots peasant piece with a king piece&#13;&#10;    public final void checkRobotPieceReplaced() throws IOException, NoKingLeft {&#13;&#10;        if (fieldToCheck != null) {&#13;&#10;            boolean checkCondition = true;&#13;&#10;            while (checkCondition) {&#13;&#10;                if (getColor(fieldToCheck.x, fieldToCheck.y)&#13;&#10;                        == checkersBoard.myKingColor) {&#13;&#10;                    checkCondition = false;&#13;&#10;&#13;&#10;                    int i = 0;&#13;&#10;                    int l = 0;&#13;&#10;                    int h = 0;&#13;&#10;&#13;&#10;                    OUTER: while (h &lt;= checkersBoard.&#13;&#10;                            oppTrashPlace[0].length - 1) {&#13;&#10;                        &#13;&#10;                        while (l &lt;= checkersBoard.&#13;&#10;                                oppTrashPlace.length - 1) {&#13;&#10;                            &#13;&#10;                            if (checkersBoard.&#13;&#10;                                    oppTrashPlace[l][h].isEmpty()) {&#13;&#10;                                break OUTER;&#13;&#10;                            }&#13;&#10;                            l++;&#13;&#10;                        }&#13;&#10;                        h++;&#13;&#10;                        l = 0;&#13;&#10;                    }&#13;&#10;                    checkersBoard.movePieceInRepresentation(fieldToCheck,&#13;&#10;                            checkersBoard.oppTrashPlace[l][h], false);&#13;&#10;                    while (!(i &gt; 7)) {&#13;&#10;                        if (!checkersBoard.oppKingPlace[i].isEmpty()) {&#13;&#10;                            //Insert king at location&#13;&#10;                            checkersBoard.movePieceInRepresentation(&#13;&#10;                                    checkersBoard.oppKingPlace[i],&#13;&#10;                                    fieldToCheck, true);&#13;&#10;                        }&#13;&#10;                        i++;&#13;&#10;                    }&#13;&#10;                    fieldToCheck = null;&#13;&#10;                } else {&#13;&#10;                    checkersBoard.informer.myKingNotPlaced();&#13;&#10;                    remoteFunctions.waitForRedButton();&#13;&#10;                }&#13;&#10;            }&#13;&#10;        }&#13;&#10;    }&#13;&#10;&#13;&#10;    //Sets the colors of the pieces of the robot&#13;&#10;    public final void findMyColors() throws InterruptedException, IOException {&#13;&#10;        checkersBoard.myPeasentColor = getColor(0, 1);&#13;&#10;        if (checkersBoard.myPeasentColor == 'r') {&#13;&#10;            checkersBoard.myKingColor = 'b';&#13;&#10;        } else if (checkersBoard.myPeasentColor == 'w') {&#13;&#10;            checkersBoard.myKingColor = 'g';&#13;&#10;        } else {&#13;&#10;            remoteFunctions.resetMotors();&#13;&#10;            remoteFunctions.initColorSensor();&#13;&#10;            findMyColors();&#13;&#10;        }&#13;&#10;    }&#13;&#10;&#13;&#10;    //Returns the color on the given position&#13;&#10;    public final char getColor(int x, int y) throws IOException {&#13;&#10;        Color colorResult = remoteFunctions.getColorOnField(x, y);&#13;&#10;&#13;&#10;        int red = colorResult.getRed();&#13;&#10;        int green = colorResult.getGreen();&#13;&#10;        int blue = colorResult.getBlue();&#13;&#10;        if (red &gt; 230 &amp;&amp; red &lt; 290 &amp;&amp; green &lt; 130 &amp;&amp; green &gt; 60&#13;&#10;                &amp;&amp; blue &lt; 140 &amp;&amp; blue &gt; 60) {&#13;&#10;            return 'r';&#13;&#10;        } else if (red &gt; 230 &amp;&amp; red &lt; 285 &amp;&amp; green &gt; 235 &amp;&amp; green &lt; 285&#13;&#10;                &amp;&amp; blue &gt; 230 &amp;&amp; blue &lt; 280) {&#13;&#10;            return 'w';&#13;&#10;        } else if (red &lt; 230 &amp;&amp; red &gt; 170 &amp;&amp; green &gt; 210 &amp;&amp; green &lt; 290&#13;&#10;                &amp;&amp; blue &lt; 230 &amp;&amp; blue &gt; 170) {&#13;&#10;            return 'g';&#13;&#10;        } else if (red &lt; 170 &amp;&amp; red &gt; 110 &amp;&amp; green &lt; 240 &amp;&amp; green &gt; 180&#13;&#10;                &amp;&amp; blue &gt; 210 &amp;&amp; blue &lt; 270) {&#13;&#10;            return 'b';&#13;&#10;        } else {&#13;&#10;            return ' ';&#13;&#10;        }&#13;&#10;    }&#13;&#10;&#13;&#10;    public final boolean checkForGameHasEnded(boolean isHumansTurn)&#13;&#10;            throws IOException, NoKingLeft {&#13;&#10;        switch (gameHasEnded(isHumansTurn)) {&#13;&#10;        case 0:&#13;&#10;            return false;&#13;&#10;        case 1:&#13;&#10;            checkersBoard.informer.humanWon();&#13;&#10;            return true;&#13;&#10;        case 2:&#13;&#10;            checkersBoard.informer.robotWon();&#13;&#10;            return true;&#13;&#10;        case 3:&#13;&#10;            checkersBoard.informer.draw();&#13;&#10;            return true;&#13;&#10;        default:&#13;&#10;            return false;&#13;&#10;        }&#13;&#10;    }&#13;&#10;&#13;&#10;    /*returns 0 if game has not ended, 1 if the human won,&#13;&#10;     * 2 if the robot won and 3 if it was a draw*/&#13;&#10;    public final int gameHasEnded(boolean humanTurn) {&#13;&#10;        checkersBoard.updateMoveables();&#13;&#10;&#13;&#10;        List&lt;Piece&gt; humanPieceList = new ArrayList&lt;Piece&gt;();&#13;&#10;        List&lt;Piece&gt; robotPieceList = new ArrayList&lt;Piece&gt;();&#13;&#10;        boolean robotHasMovable = false;&#13;&#10;        boolean humanHasMovable = false;&#13;&#10;&#13;&#10;        for (Field[] f : checkersBoard.myBoard) {&#13;&#10;            for (Field field : f) {&#13;&#10;                if (!field.isEmpty()) {&#13;&#10;                    if (checkersBoard.checkAllegiance(field, true)) {&#13;&#10;                        humanPieceList.add(field.getPieceOnField());&#13;&#10;                        if (field.getPieceOnField().isMoveable) {&#13;&#10;                            humanHasMovable = true;&#13;&#10;                        }&#13;&#10;                    }&#13;&#10;                    if (checkersBoard.checkAllegiance(field, false)) {&#13;&#10;                        robotPieceList.add(field.getPieceOnField());&#13;&#10;                        if (field.getPieceOnField().isMoveable) {&#13;&#10;                            robotHasMovable = true;&#13;&#10;                        }&#13;&#10;                    }&#13;&#10;                }&#13;&#10;            }&#13;&#10;        }&#13;&#10;&#13;&#10;        if (robotPieceList.size() == 0 || (!humanTurn &amp;&amp; !robotHasMovable)) {&#13;&#10;            return 1;&#13;&#10;        }&#13;&#10;        if (humanPieceList.size() == 0 || (humanTurn &amp;&amp; !humanHasMovable)) {&#13;&#10;            return 2;&#13;&#10;        }&#13;&#10;        if (robotPieceList.size() == 1 &amp;&amp; humanPieceList.size() == 1) {&#13;&#10;            if (robotPieceList.get(0).isCrowned&#13;&#10;                    &amp;&amp; humanPieceList.get(0).isCrowned) {&#13;&#10;                boolean humanisInConer =&#13;&#10;                        isOnDoubleCorners(humanPieceList.get(0));&#13;&#10;                boolean robotisInConer =&#13;&#10;                        isOnDoubleCorners(robotPieceList.get(0));&#13;&#10;                if (humanisInConer || robotisInConer) {&#13;&#10;                    if (humanTurn &amp;&amp; !humanPieceList.get(0).canJump) {&#13;&#10;                        return 3;&#13;&#10;                    } else if (!humanTurn &amp;&amp; !robotPieceList.get(0).canJump) {&#13;&#10;                        return 3;&#13;&#10;                    }&#13;&#10;                }&#13;&#10;            }&#13;&#10;        }&#13;&#10;        return 0;&#13;&#10;    }&#13;&#10;&#13;&#10;    public boolean hasTheMove(boolean humansTurn, int ownPieces, int oppPieces) {&#13;&#10;        int rowToCheck = 0;&#13;&#10;        if (ownPieces - oppPieces == 0) {&#13;&#10;            if (!humansTurn) {&#13;&#10;                rowToCheck = 1;&#13;&#10;            }&#13;&#10;&#13;&#10;            int pieceCount = 0;&#13;&#10;&#13;&#10;            for (int i = rowToCheck; i &lt; 8; i += 2) {&#13;&#10;                for (int j = 0; j &lt; 8; j++) {&#13;&#10;                    if (!checkersBoard.myBoard[i][j].isEmpty()) {&#13;&#10;                        pieceCount++;&#13;&#10;                    }&#13;&#10;                }&#13;&#10;            }&#13;&#10;&#13;&#10;            if (pieceCount % 2 == 1) {&#13;&#10;                return true;&#13;&#10;            }&#13;&#10;        } else if (!humansTurn &amp;&amp; ownPieces &gt; oppPieces) {&#13;&#10;            return true;&#13;&#10;        } else if (humansTurn &amp;&amp; ownPieces &lt; oppPieces) {&#13;&#10;            return true;&#13;&#10;        }&#13;&#10;        return false;&#13;&#10;    }&#13;&#10;&#13;&#10;    public boolean isOnDoubleCorners(Piece piece) {&#13;&#10;        if ((piece.getX() == 0 &amp;&amp; piece.getY() == 1)&#13;&#10;                || (piece.getX() == 1 &amp;&amp; piece.getY() == 0)&#13;&#10;                || (piece.getX() == 7 &amp;&amp; piece.getY() == 6)&#13;&#10;                || (piece.getX() == 6 &amp;&amp; piece.getY() == 7)) {&#13;&#10;            return true;&#13;&#10;        }&#13;&#10;        return false;&#13;&#10;    }&#13;&#10;&#13;&#10;    public final void cleanUp() throws IOException, NoKingLeft {&#13;&#10;        for (Field[] fa : checkersBoard.myBoard) {&#13;&#10;            for (Field f : fa) {&#13;&#10;                if (!f.isEmpty()) {&#13;&#10;                    placePiece(f);&#13;&#10;                }&#13;&#10;            }&#13;&#10;        }&#13;&#10;&#13;&#10;        for (Field[] fa : checkersBoard.trashPlace) {&#13;&#10;            for (Field f : fa) {&#13;&#10;                if (!f.isEmpty()) {&#13;&#10;                    placePiece(f);&#13;&#10;                }&#13;&#10;            }&#13;&#10;        }&#13;&#10;&#13;&#10;        for (Field[] fa : checkersBoard.oppTrashPlace) {&#13;&#10;            for (Field f : fa) {&#13;&#10;                if (!f.isEmpty()) {&#13;&#10;                    placePiece(f);&#13;&#10;                }&#13;&#10;            }&#13;&#10;        }&#13;&#10;    }&#13;&#10;&#13;&#10;    private void placePiece(Field fieldToMove) throws IOException, NoKingLeft {&#13;&#10;        if (fieldToMove.getPieceOnField().isCrowned) {&#13;&#10;            moveToKingRow(fieldToMove);&#13;&#10;        } else {&#13;&#10;            if (isInCorrectEnd(fieldToMove.getPieceOnField())) {&#13;&#10;                return;&#13;&#10;            } else {&#13;&#10;                movePeasent(fieldToMove);&#13;&#10;            }&#13;&#10;        }&#13;&#10;    }&#13;&#10;&#13;&#10;    private void movePeasent(Field fieldToMove) throws IOException, NoKingLeft {&#13;&#10;        if (checkersBoard.checkAllegiance(&#13;&#10;                fieldToMove.getPieceOnField(), true)) {&#13;&#10;            OUTERMOST: for (int i = 0; i &lt;= 7; i++) {&#13;&#10;                for (int j = 5; j &lt;= 7; j++) {&#13;&#10;                    if (checkersBoard.myBoard[i][j].isEmpty()&#13;&#10;                            &amp;&amp; checkersBoard.myBoard[i][j].allowedField) {&#13;&#10;                        remoteFunctions.doMove(new Move(fieldToMove,&#13;&#10;                                checkersBoard.myBoard[i][j], false));&#13;&#10;                        break OUTERMOST;&#13;&#10;                    }&#13;&#10;                }&#13;&#10;            }&#13;&#10;        } else if (checkersBoard.checkAllegiance(&#13;&#10;                fieldToMove.getPieceOnField(), false)) {&#13;&#10;            OUTERMOST: for (int i = 0; i &lt;= 7; i++) {&#13;&#10;                for (int j = 0; j &lt;= 2; j++) {&#13;&#10;                    if (checkersBoard.myBoard[i][j].isEmpty()&#13;&#10;                            &amp;&amp; checkersBoard.myBoard[i][j].allowedField) {&#13;&#10;                        remoteFunctions.doMove(new Move(fieldToMove,&#13;&#10;                                checkersBoard.myBoard[i][j], false));&#13;&#10;                        break OUTERMOST;&#13;&#10;                    }&#13;&#10;                }&#13;&#10;            }&#13;&#10;        }&#13;&#10;    }&#13;&#10;&#13;&#10;    private void moveToKingRow(Field fieldToMove)&#13;&#10;            throws IOException, NoKingLeft {&#13;&#10;        if (checkersBoard.checkAllegiance(&#13;&#10;                fieldToMove.getPieceOnField(), false)) {&#13;&#10;            int i = 0;&#13;&#10;            while (!(i &gt; 7)) {&#13;&#10;                if (checkersBoard.oppKingPlace[i].isEmpty()) {&#13;&#10;                    //Insert king at location&#13;&#10;                    remoteFunctions.doMove(new Move(fieldToMove,&#13;&#10;                            checkersBoard.oppKingPlace[i], true));&#13;&#10;                    return;&#13;&#10;                }&#13;&#10;                i++;&#13;&#10;            }&#13;&#10;        } else if (checkersBoard.checkAllegiance(&#13;&#10;                fieldToMove.getPieceOnField(), true)) {&#13;&#10;            int i = 0;&#13;&#10;            while (!(i &gt; 7)) {&#13;&#10;                if (checkersBoard.kingPlace[i].isEmpty()) {&#13;&#10;                    //Insert king at location&#13;&#10;                    remoteFunctions.doMove(new Move(fieldToMove,&#13;&#10;                            checkersBoard.kingPlace[i], true));&#13;&#10;                    return;&#13;&#10;                }&#13;&#10;                i++;&#13;&#10;            }&#13;&#10;        }&#13;&#10;    }&#13;&#10;&#13;&#10;    private boolean isInCorrectEnd(Piece pieceToCheck) {&#13;&#10;        return (checkersBoard.checkAllegiance(pieceToCheck, true)&#13;&#10;                &amp;&amp; (pieceToCheck.getY() &gt;= 5 &amp;&amp; pieceToCheck.getY() &lt;= 7))&#13;&#10;                || (checkersBoard.checkAllegiance(pieceToCheck, false)&#13;&#10;                        &amp;&amp; (pieceToCheck.getY() &gt;= 0 &amp;&amp; pieceToCheck.getY() &lt;= 2));&#13;&#10;    }&#13;&#10;}&#13;&#10;&#13;&#10;" Filename="Analyze.java" Intrnl_Id="8"/>
</SrcFileList>
<CritList>
<CritListEntry Name="org.codecover.model.utils.criteria.LoopCoverage" PluginName="org.codecover"/>
<CritListEntry Name="org.codecover.model.utils.criteria.BranchCoverage" PluginName="org.codecover"/>
<CritListEntry Name="org.codecover.model.utils.criteria.ConditionCoverage" PluginName="org.codecover"/>
<CritListEntry Name="org.codecover.model.utils.criteria.SynchronizedStatementCoverage" PluginName="org.codecover"/>
<CritListEntry Name="org.codecover.model.utils.criteria.QMOCoverage" PluginName="org.codecover"/>
<CritListEntry Name="org.codecover.model.utils.criteria.StatementCoverage" PluginName="org.codecover"/>
</CritList>
<BoolOpList>
<BoolOp Arity="1" Intrnl_Id="9" Name="not (!)">
<BoolAssgnmntBoolMapList>
<MapEntry BoolAssgnmnt="0" Value="true"/>
<MapEntry BoolAssgnmnt="1" Value="false"/>
</BoolAssgnmntBoolMapList>
</BoolOp>
<BoolOp Arity="2" Intrnl_Id="10" Name="conditional and (&amp;&amp;)">
<BoolAssgnmntBoolMapList>
<MapEntry BoolAssgnmnt="10" Value="false"/>
<MapEntry BoolAssgnmnt="02" Value="false"/>
<MapEntry BoolAssgnmnt="11" Value="true"/>
</BoolAssgnmntBoolMapList>
</BoolOp>
<BoolOp Arity="2" Intrnl_Id="11" Name="conditional or (||)">
<BoolAssgnmntBoolMapList>
<MapEntry BoolAssgnmnt="01" Value="true"/>
<MapEntry BoolAssgnmnt="00" Value="false"/>
<MapEntry BoolAssgnmnt="12" Value="true"/>
</BoolAssgnmntBoolMapList>
</BoolOp>
</BoolOpList>
<HierarchyLvlTypeList>
<HierarchyLvlType EnglishName="package" IntrnlName="package" Intrnl_Id="12"/>
<HierarchyLvlType EnglishName="class" IntrnlName="class" Intrnl_Id="13"/>
<HierarchyLvlType EnglishName="method" IntrnlName="method" Intrnl_Id="14"/>
<HierarchyLvlType EnglishName="default package" IntrnlName="default package" Intrnl_Id="15"/>
</HierarchyLvlTypeList>
<MASTRoot>
<HierarchyLvl HierarchyLvlId="110" HierarchyLvlTypeId="15" Intrnl_Id="16" Name="default package">
<Header/>
<LocList/>
<HierarchyLvl HierarchyLvlId="109" HierarchyLvlTypeId="12" Intrnl_Id="17" Name="com">
<Header/>
<LocList/>
<HierarchyLvl HierarchyLvlId="108" HierarchyLvlTypeId="12" Intrnl_Id="18" Name="OriginalFiles">
<Header/>
<LocList/>
<HierarchyLvl HierarchyLvlId="10" HierarchyLvlTypeId="13" Intrnl_Id="19" Name="RemoteNXTFunctions">
<Header>
<Loc EndOffset="220" SrcFileId="1" StartOffset="189"/>
</Header>
<LocList>
<Loc EndOffset="11343" SrcFileId="1" StartOffset="189"/>
</LocList>
<StmntSeq Intrnl_Id="20">
<LocList>
<Loc EndOffset="296" SrcFileId="1" StartOffset="261"/>
<Loc EndOffset="356" SrcFileId="1" StartOffset="302"/>
</LocList>
<BasicStmnt CovItemId="S1" CovItemPrefix="com.OriginalFiles.RemoteNXTFunctions.java" Intrnl_Id="21">
<LocList>
<Loc EndOffset="296" SrcFileId="1" StartOffset="261"/>
</LocList>
</BasicStmnt>
<BasicStmnt CovItemId="S2" CovItemPrefix="com.OriginalFiles.RemoteNXTFunctions.java" Intrnl_Id="22">
<LocList>
<Loc EndOffset="356" SrcFileId="1" StartOffset="302"/>
</LocList>
</BasicStmnt>
</StmntSeq>
<HierarchyLvl HierarchyLvlId="1" HierarchyLvlTypeId="14" Intrnl_Id="23" Name="RemoteNXTFunctions">
<Header>
<Loc EndOffset="432" SrcFileId="1" StartOffset="364"/>
</Header>
<LocList>
<Loc EndOffset="483" SrcFileId="1" StartOffset="364"/>
</LocList>
<StmntSeq Intrnl_Id="24">
<LocList>
<Loc EndOffset="476" SrcFileId="1" StartOffset="444"/>
</LocList>
<BasicStmnt CovItemId="S3" CovItemPrefix="com.OriginalFiles.RemoteNXTFunctions.java" Intrnl_Id="25">
<LocList>
<Loc EndOffset="476" SrcFileId="1" StartOffset="444"/>
</LocList>
</BasicStmnt>
</StmntSeq>
</HierarchyLvl>
<HierarchyLvl HierarchyLvlId="2" HierarchyLvlTypeId="14" Intrnl_Id="26" Name="resetMotors">
<Header>
<Loc EndOffset="514" SrcFileId="1" StartOffset="489"/>
</Header>
<LocList>
<Loc EndOffset="571" SrcFileId="1" StartOffset="489"/>
</LocList>
<StmntSeq Intrnl_Id="27">
<LocList>
<Loc EndOffset="564" SrcFileId="1" StartOffset="526"/>
</LocList>
<BasicStmnt CovItemId="S4" CovItemPrefix="com.OriginalFiles.RemoteNXTFunctions.java" Intrnl_Id="28">
<LocList>
<Loc EndOffset="564" SrcFileId="1" StartOffset="526"/>
</LocList>
</BasicStmnt>
</StmntSeq>
</HierarchyLvl>
<HierarchyLvl HierarchyLvlId="3" HierarchyLvlTypeId="14" Intrnl_Id="29" Name="trashPieceOnField">
<Header>
<Loc EndOffset="621" SrcFileId="1" StartOffset="579"/>
</Header>
<LocList>
<Loc EndOffset="678" SrcFileId="1" StartOffset="579"/>
</LocList>
<StmntSeq Intrnl_Id="30">
<LocList>
<Loc EndOffset="661" SrcFileId="1" StartOffset="633"/>
</LocList>
<BasicStmnt CovItemId="S5" CovItemPrefix="com.OriginalFiles.RemoteNXTFunctions.java" Intrnl_Id="31">
<LocList>
<Loc EndOffset="661" SrcFileId="1" StartOffset="633"/>
</LocList>
</BasicStmnt>
</StmntSeq>
</HierarchyLvl>
<HierarchyLvl HierarchyLvlId="4" HierarchyLvlTypeId="14" Intrnl_Id="32" Name="doMove">
<Header>
<Loc EndOffset="746" SrcFileId="1" StartOffset="686"/>
</Header>
<LocList>
<Loc EndOffset="1292" SrcFileId="1" StartOffset="686"/>
</LocList>
<StmntSeq Intrnl_Id="33">
<LocList>
<Loc EndOffset="807" SrcFileId="1" StartOffset="758"/>
<Loc EndOffset="852" SrcFileId="1" StartOffset="819"/>
<Loc EndOffset="1154" SrcFileId="1" StartOffset="862"/>
<Loc EndOffset="1275" SrcFileId="1" StartOffset="1166"/>
</LocList>
<BasicStmnt CovItemId="S6" CovItemPrefix="com.OriginalFiles.RemoteNXTFunctions.java" Intrnl_Id="34">
<LocList>
<Loc EndOffset="807" SrcFileId="1" StartOffset="758"/>
</LocList>
</BasicStmnt>
<BasicStmnt CovItemId="S7" CovItemPrefix="com.OriginalFiles.RemoteNXTFunctions.java" Intrnl_Id="35">
<LocList>
<Loc EndOffset="852" SrcFileId="1" StartOffset="819"/>
</LocList>
</BasicStmnt>
<LoopStmnt CovItemId="S8" CovItemPrefix="com.OriginalFiles.RemoteNXTFunctions.java" Intrnl_Id="36" MltplExecId="L1-2" MltplExecPrefix="com.OriginalFiles.RemoteNXTFunctions.java" NvrExecId="L1-0" NvrExecPrefix="com.OriginalFiles.RemoteNXTFunctions.java" OnceExecutedId="L1-1" OnceExecutedPrefix="com.OriginalFiles.RemoteNXTFunctions.java" OptBodyExec="true">
<StmntSeq Intrnl_Id="37">
<LocList>
<Loc EndOffset="1041" SrcFileId="1" StartOffset="908"/>
<Loc EndOffset="1143" SrcFileId="1" StartOffset="1055"/>
</LocList>
<BasicStmnt CovItemId="S9" CovItemPrefix="com.OriginalFiles.RemoteNXTFunctions.java" Intrnl_Id="38">
<LocList>
<Loc EndOffset="1041" SrcFileId="1" StartOffset="908"/>
</LocList>
</BasicStmnt>
<CondStmnt CovItemId="S10" CovItemPrefix="com.OriginalFiles.RemoteNXTFunctions.java" Intrnl_Id="39">
<Branch CovItemId="B1" CovItemPrefix="com.OriginalFiles.RemoteNXTFunctions.java" Implct="false" Intrnl_Id="40">
<Cond/>
<LocList>
<Loc EndOffset="1143" SrcFileId="1" StartOffset="1080"/>
</LocList>
<StmntSeq Intrnl_Id="41">
<LocList>
<Loc EndOffset="1128" SrcFileId="1" StartOffset="1099"/>
</LocList>
<BasicStmnt CovItemId="S11" CovItemPrefix="com.OriginalFiles.RemoteNXTFunctions.java" Intrnl_Id="42">
<LocList>
<Loc EndOffset="1128" SrcFileId="1" StartOffset="1099"/>
</LocList>
</BasicStmnt>
</StmntSeq>
</Branch>
<Branch CovItemId="B2" CovItemPrefix="com.OriginalFiles.RemoteNXTFunctions.java" Implct="true" Intrnl_Id="43">
<Cond/>
<LocList/>
<StmntSeq Intrnl_Id="44">
<LocList/>
</StmntSeq>
</Branch>
<Keyword EndOffset="1057" SrcFileId="1" StartOffset="1055"/>
<LocList>
<Loc EndOffset="1143" SrcFileId="1" StartOffset="1055"/>
</LocList>
<RootTerm CovItemId="C2" CovItemPrefix="com.OriginalFiles.RemoteNXTFunctions.java" Intrnl_Id="45">
<BasicBoolTerm Intrnl_Id="46">
<LocList>
<Loc EndOffset="1078" SrcFileId="1" StartOffset="1059"/>
</LocList>
</BasicBoolTerm>
</RootTerm>
</CondStmnt>
</StmntSeq>
<Keyword EndOffset="865" SrcFileId="1" StartOffset="862"/>
<LocList>
<Loc EndOffset="1154" SrcFileId="1" StartOffset="862"/>
</LocList>
<RootTerm CovItemId="C1" CovItemPrefix="com.OriginalFiles.RemoteNXTFunctions.java" Intrnl_Id="47">
<BasicBoolTerm Intrnl_Id="48">
<LocList>
<Loc EndOffset="886" SrcFileId="1" StartOffset="878"/>
</LocList>
</BasicBoolTerm>
</RootTerm>
</LoopStmnt>
<LoopStmnt CovItemId="S12" CovItemPrefix="com.OriginalFiles.RemoteNXTFunctions.java" Intrnl_Id="49" MltplExecId="L2-2" MltplExecPrefix="com.OriginalFiles.RemoteNXTFunctions.java" NvrExecId="L2-0" NvrExecPrefix="com.OriginalFiles.RemoteNXTFunctions.java" OnceExecutedId="L2-1" OnceExecutedPrefix="com.OriginalFiles.RemoteNXTFunctions.java" OptBodyExec="true">
<StmntSeq Intrnl_Id="50">
<LocList>
<Loc EndOffset="1264" SrcFileId="1" StartOffset="1226"/>
</LocList>
<BasicStmnt CovItemId="S13" CovItemPrefix="com.OriginalFiles.RemoteNXTFunctions.java" Intrnl_Id="51">
<LocList>
<Loc EndOffset="1264" SrcFileId="1" StartOffset="1226"/>
</LocList>
</BasicStmnt>
</StmntSeq>
<Keyword EndOffset="1169" SrcFileId="1" StartOffset="1166"/>
<LocList>
<Loc EndOffset="1275" SrcFileId="1" StartOffset="1166"/>
</LocList>
<RootTerm CovItemId="C3" CovItemPrefix="com.OriginalFiles.RemoteNXTFunctions.java" Intrnl_Id="52">
<BasicBoolTerm Intrnl_Id="53">
<LocList>
<Loc EndOffset="1204" SrcFileId="1" StartOffset="1182"/>
</LocList>
</BasicBoolTerm>
</RootTerm>
</LoopStmnt>
</StmntSeq>
</HierarchyLvl>
<HierarchyLvl HierarchyLvlId="5" HierarchyLvlTypeId="14" Intrnl_Id="54" Name="movePieceOverField">
<Header>
<Loc EndOffset="1406" SrcFileId="1" StartOffset="1298"/>
</Header>
<LocList>
<Loc EndOffset="1786" SrcFileId="1" StartOffset="1298"/>
</LocList>
<StmntSeq Intrnl_Id="55">
<LocList>
<Loc EndOffset="1448" SrcFileId="1" StartOffset="1418"/>
<Loc EndOffset="1779" SrcFileId="1" StartOffset="1460"/>
</LocList>
<BasicStmnt CovItemId="S14" CovItemPrefix="com.OriginalFiles.RemoteNXTFunctions.java" Intrnl_Id="56">
<LocList>
<Loc EndOffset="1448" SrcFileId="1" StartOffset="1418"/>
</LocList>
</BasicStmnt>
<CondStmnt CovItemId="S15" CovItemPrefix="com.OriginalFiles.RemoteNXTFunctions.java" Intrnl_Id="57">
<Branch CovItemId="B3" CovItemPrefix="com.OriginalFiles.RemoteNXTFunctions.java" Implct="false" Intrnl_Id="58">
<Cond/>
<LocList>
<Loc EndOffset="1735" SrcFileId="1" StartOffset="1576"/>
</LocList>
<StmntSeq Intrnl_Id="59">
<LocList>
<Loc EndOffset="1724" SrcFileId="1" StartOffset="1591"/>
</LocList>
<BasicStmnt CovItemId="S16" CovItemPrefix="com.OriginalFiles.RemoteNXTFunctions.java" Intrnl_Id="60">
<LocList>
<Loc EndOffset="1724" SrcFileId="1" StartOffset="1591"/>
</LocList>
</BasicStmnt>
</StmntSeq>
</Branch>
<Branch CovItemId="B4" CovItemPrefix="com.OriginalFiles.RemoteNXTFunctions.java" Implct="false" Intrnl_Id="61">
<Cond>
<Loc EndOffset="1740" SrcFileId="1" StartOffset="1736"/>
</Cond>
<LocList>
<Loc EndOffset="1779" SrcFileId="1" StartOffset="1741"/>
</LocList>
<StmntSeq Intrnl_Id="62">
<LocList>
<Loc EndOffset="1768" SrcFileId="1" StartOffset="1756"/>
</LocList>
<BasicStmnt CovItemId="S17" CovItemPrefix="com.OriginalFiles.RemoteNXTFunctions.java" Intrnl_Id="63">
<LocList>
<Loc EndOffset="1768" SrcFileId="1" StartOffset="1756"/>
</LocList>
</BasicStmnt>
</StmntSeq>
</Branch>
<Keyword EndOffset="1462" SrcFileId="1" StartOffset="1460"/>
<LocList>
<Loc EndOffset="1779" SrcFileId="1" StartOffset="1460"/>
</LocList>
<RootTerm CovItemId="C4" CovItemPrefix="com.OriginalFiles.RemoteNXTFunctions.java" Intrnl_Id="64">
<OpTerm BooleanOpId="10" Intrnl_Id="65">
<BasicBoolTerm Intrnl_Id="66">
<LocList>
<Loc EndOffset="1515" SrcFileId="1" StartOffset="1464"/>
</LocList>
</BasicBoolTerm>
<BasicBoolTerm Intrnl_Id="67">
<LocList>
<Loc EndOffset="1574" SrcFileId="1" StartOffset="1536"/>
</LocList>
</BasicBoolTerm>
<LocList>
<Loc EndOffset="1535" SrcFileId="1" StartOffset="1533"/>
</LocList>
</OpTerm>
</RootTerm>
</CondStmnt>
</StmntSeq>
</HierarchyLvl>
<HierarchyLvl HierarchyLvlId="6" HierarchyLvlTypeId="14" Intrnl_Id="68" Name="movePiece">
<Header>
<Loc EndOffset="1890" SrcFileId="1" StartOffset="1792"/>
</Header>
<LocList>
<Loc EndOffset="1976" SrcFileId="1" StartOffset="1792"/>
</LocList>
<StmntSeq Intrnl_Id="69">
<LocList>
<Loc EndOffset="1969" SrcFileId="1" StartOffset="1902"/>
</LocList>
<BasicStmnt CovItemId="S18" CovItemPrefix="com.OriginalFiles.RemoteNXTFunctions.java" Intrnl_Id="70">
<LocList>
<Loc EndOffset="1969" SrcFileId="1" StartOffset="1902"/>
</LocList>
</BasicStmnt>
</StmntSeq>
</HierarchyLvl>
<HierarchyLvl HierarchyLvlId="7" HierarchyLvlTypeId="14" Intrnl_Id="71" Name="waitForRedButton">
<Header>
<Loc EndOffset="2014" SrcFileId="1" StartOffset="1984"/>
</Header>
<LocList>
<Loc EndOffset="2069" SrcFileId="1" StartOffset="1984"/>
</LocList>
</HierarchyLvl>
<HierarchyLvl HierarchyLvlId="8" HierarchyLvlTypeId="14" Intrnl_Id="72" Name="initColorSensor">
<Header>
<Loc EndOffset="2106" SrcFileId="1" StartOffset="2077"/>
</Header>
<LocList>
<Loc EndOffset="2161" SrcFileId="1" StartOffset="2077"/>
</LocList>
</HierarchyLvl>
<HierarchyLvl HierarchyLvlId="9" HierarchyLvlTypeId="14" Intrnl_Id="73" Name="getColorOnField">
<Header>
<Loc EndOffset="2217" SrcFileId="1" StartOffset="2169"/>
</Header>
<LocList>
<Loc EndOffset="11338" SrcFileId="1" StartOffset="2169"/>
</LocList>
<StmntSeq Intrnl_Id="74">
<LocList>
<Loc EndOffset="2256" SrcFileId="1" StartOffset="2229"/>
<Loc EndOffset="11297" SrcFileId="1" StartOffset="2276"/>
<Loc EndOffset="11331" SrcFileId="1" StartOffset="11317"/>
</LocList>
<BasicStmnt CovItemId="S19" CovItemPrefix="com.OriginalFiles.RemoteNXTFunctions.java" Intrnl_Id="75">
<LocList>
<Loc EndOffset="2256" SrcFileId="1" StartOffset="2229"/>
</LocList>
</BasicStmnt>
<CondStmnt CovItemId="S20" CovItemPrefix="com.OriginalFiles.RemoteNXTFunctions.java" Intrnl_Id="76">
<Branch CovItemId="B5" CovItemPrefix="com.OriginalFiles.RemoteNXTFunctions.java" Implct="false" Intrnl_Id="77">
<Cond/>
<LocList>
<Loc EndOffset="2815" SrcFileId="1" StartOffset="2305"/>
</LocList>
<StmntSeq Intrnl_Id="78">
<LocList>
<Loc EndOffset="2804" SrcFileId="1" StartOffset="2320"/>
</LocList>
<CondStmnt CovItemId="S21" CovItemPrefix="com.OriginalFiles.RemoteNXTFunctions.java" Intrnl_Id="79">
<Branch CovItemId="B7" CovItemPrefix="com.OriginalFiles.RemoteNXTFunctions.java" Implct="false" Intrnl_Id="80">
<Cond/>
<LocList>
<Loc EndOffset="2409" SrcFileId="1" StartOffset="2354"/>
</LocList>
<StmntSeq Intrnl_Id="81">
<LocList>
<Loc EndOffset="2394" SrcFileId="1" StartOffset="2373"/>
</LocList>
<BasicStmnt CovItemId="S22" CovItemPrefix="com.OriginalFiles.RemoteNXTFunctions.java" Intrnl_Id="82">
<LocList>
<Loc EndOffset="2394" SrcFileId="1" StartOffset="2373"/>
</LocList>
</BasicStmnt>
</StmntSeq>
</Branch>
<Branch CovItemId="B8" CovItemPrefix="com.OriginalFiles.RemoteNXTFunctions.java" Implct="false" Intrnl_Id="83">
<Cond>
<Loc EndOffset="2414" SrcFileId="1" StartOffset="2410"/>
</Cond>
<LocList>
<Loc EndOffset="2804" SrcFileId="1" StartOffset="2415"/>
</LocList>
<StmntSeq Intrnl_Id="84">
<LocList>
<Loc EndOffset="2804" SrcFileId="1" StartOffset="2415"/>
</LocList>
<CondStmnt CovItemId="S23" CovItemPrefix="com.OriginalFiles.RemoteNXTFunctions.java" Intrnl_Id="85">
<Branch CovItemId="B9" CovItemPrefix="com.OriginalFiles.RemoteNXTFunctions.java" Implct="false" Intrnl_Id="86">
<Cond/>
<LocList>
<Loc EndOffset="2492" SrcFileId="1" StartOffset="2437"/>
</LocList>
<StmntSeq Intrnl_Id="87">
<LocList>
<Loc EndOffset="2477" SrcFileId="1" StartOffset="2456"/>
</LocList>
<BasicStmnt CovItemId="S24" CovItemPrefix="com.OriginalFiles.RemoteNXTFunctions.java" Intrnl_Id="88">
<LocList>
<Loc EndOffset="2477" SrcFileId="1" StartOffset="2456"/>
</LocList>
</BasicStmnt>
</StmntSeq>
</Branch>
<Branch CovItemId="B10" CovItemPrefix="com.OriginalFiles.RemoteNXTFunctions.java" Implct="false" Intrnl_Id="89">
<Cond>
<Loc EndOffset="2497" SrcFileId="1" StartOffset="2493"/>
</Cond>
<LocList>
<Loc EndOffset="2804" SrcFileId="1" StartOffset="2498"/>
</LocList>
<StmntSeq Intrnl_Id="90">
<LocList>
<Loc EndOffset="2804" SrcFileId="1" StartOffset="2498"/>
</LocList>
<CondStmnt CovItemId="S25" CovItemPrefix="com.OriginalFiles.RemoteNXTFunctions.java" Intrnl_Id="91">
<Branch CovItemId="B11" CovItemPrefix="com.OriginalFiles.RemoteNXTFunctions.java" Implct="false" Intrnl_Id="92">
<Cond/>
<LocList>
<Loc EndOffset="2575" SrcFileId="1" StartOffset="2520"/>
</LocList>
<StmntSeq Intrnl_Id="93">
<LocList>
<Loc EndOffset="2560" SrcFileId="1" StartOffset="2539"/>
</LocList>
<BasicStmnt CovItemId="S26" CovItemPrefix="com.OriginalFiles.RemoteNXTFunctions.java" Intrnl_Id="94">
<LocList>
<Loc EndOffset="2560" SrcFileId="1" StartOffset="2539"/>
</LocList>
</BasicStmnt>
</StmntSeq>
</Branch>
<Branch CovItemId="B12" CovItemPrefix="com.OriginalFiles.RemoteNXTFunctions.java" Implct="false" Intrnl_Id="95">
<Cond>
<Loc EndOffset="2580" SrcFileId="1" StartOffset="2576"/>
</Cond>
<LocList>
<Loc EndOffset="2804" SrcFileId="1" StartOffset="2581"/>
</LocList>
<StmntSeq Intrnl_Id="96">
<LocList>
<Loc EndOffset="2804" SrcFileId="1" StartOffset="2581"/>
</LocList>
<CondStmnt CovItemId="S27" CovItemPrefix="com.OriginalFiles.RemoteNXTFunctions.java" Intrnl_Id="97">
<Branch CovItemId="B13" CovItemPrefix="com.OriginalFiles.RemoteNXTFunctions.java" Implct="false" Intrnl_Id="98">
<Cond/>
<LocList>
<Loc EndOffset="2743" SrcFileId="1" StartOffset="2640"/>
</LocList>
<StmntSeq Intrnl_Id="99">
<LocList>
<Loc EndOffset="2728" SrcFileId="1" StartOffset="2659"/>
</LocList>
<BasicStmnt CovItemId="S28" CovItemPrefix="com.OriginalFiles.RemoteNXTFunctions.java" Intrnl_Id="100">
<LocList>
<Loc EndOffset="2728" SrcFileId="1" StartOffset="2659"/>
</LocList>
</BasicStmnt>
</StmntSeq>
</Branch>
<Branch CovItemId="B14" CovItemPrefix="com.OriginalFiles.RemoteNXTFunctions.java" Implct="false" Intrnl_Id="101">
<Cond>
<Loc EndOffset="2748" SrcFileId="1" StartOffset="2744"/>
</Cond>
<LocList>
<Loc EndOffset="2804" SrcFileId="1" StartOffset="2749"/>
</LocList>
<StmntSeq Intrnl_Id="102">
<LocList>
<Loc EndOffset="2789" SrcFileId="1" StartOffset="2768"/>
</LocList>
<BasicStmnt CovItemId="S29" CovItemPrefix="com.OriginalFiles.RemoteNXTFunctions.java" Intrnl_Id="103">
<LocList>
<Loc EndOffset="2789" SrcFileId="1" StartOffset="2768"/>
</LocList>
</BasicStmnt>
</StmntSeq>
</Branch>
<Keyword EndOffset="2583" SrcFileId="1" StartOffset="2581"/>
<LocList>
<Loc EndOffset="2804" SrcFileId="1" StartOffset="2581"/>
</LocList>
<RootTerm CovItemId="C9" CovItemPrefix="com.OriginalFiles.RemoteNXTFunctions.java" Intrnl_Id="104">
<BasicBoolTerm Intrnl_Id="105">
<LocList>
<Loc EndOffset="2638" SrcFileId="1" StartOffset="2585"/>
</LocList>
</BasicBoolTerm>
</RootTerm>
</CondStmnt>
</StmntSeq>
</Branch>
<Keyword EndOffset="2500" SrcFileId="1" StartOffset="2498"/>
<LocList>
<Loc EndOffset="2804" SrcFileId="1" StartOffset="2498"/>
</LocList>
<RootTerm CovItemId="C8" CovItemPrefix="com.OriginalFiles.RemoteNXTFunctions.java" Intrnl_Id="106">
<OpTerm BooleanOpId="10" Intrnl_Id="107">
<BasicBoolTerm Intrnl_Id="108">
<LocList>
<Loc EndOffset="2508" SrcFileId="1" StartOffset="2502"/>
</LocList>
</BasicBoolTerm>
<BasicBoolTerm Intrnl_Id="109">
<LocList>
<Loc EndOffset="2518" SrcFileId="1" StartOffset="2512"/>
</LocList>
</BasicBoolTerm>
<LocList>
<Loc EndOffset="2511" SrcFileId="1" StartOffset="2509"/>
</LocList>
</OpTerm>
</RootTerm>
</CondStmnt>
</StmntSeq>
</Branch>
<Keyword EndOffset="2417" SrcFileId="1" StartOffset="2415"/>
<LocList>
<Loc EndOffset="2804" SrcFileId="1" StartOffset="2415"/>
</LocList>
<RootTerm CovItemId="C7" CovItemPrefix="com.OriginalFiles.RemoteNXTFunctions.java" Intrnl_Id="110">
<OpTerm BooleanOpId="10" Intrnl_Id="111">
<BasicBoolTerm Intrnl_Id="112">
<LocList>
<Loc EndOffset="2425" SrcFileId="1" StartOffset="2419"/>
</LocList>
</BasicBoolTerm>
<BasicBoolTerm Intrnl_Id="113">
<LocList>
<Loc EndOffset="2435" SrcFileId="1" StartOffset="2429"/>
</LocList>
</BasicBoolTerm>
<LocList>
<Loc EndOffset="2428" SrcFileId="1" StartOffset="2426"/>
</LocList>
</OpTerm>
</RootTerm>
</CondStmnt>
</StmntSeq>
</Branch>
<Keyword EndOffset="2322" SrcFileId="1" StartOffset="2320"/>
<LocList>
<Loc EndOffset="2804" SrcFileId="1" StartOffset="2320"/>
</LocList>
<RootTerm CovItemId="C6" CovItemPrefix="com.OriginalFiles.RemoteNXTFunctions.java" Intrnl_Id="114">
<OpTerm BooleanOpId="10" Intrnl_Id="115">
<BasicBoolTerm Intrnl_Id="116">
<LocList>
<Loc EndOffset="2329" SrcFileId="1" StartOffset="2323"/>
</LocList>
</BasicBoolTerm>
<BasicBoolTerm Intrnl_Id="117">
<LocList>
<Loc EndOffset="2339" SrcFileId="1" StartOffset="2333"/>
</LocList>
</BasicBoolTerm>
<LocList>
<Loc EndOffset="2332" SrcFileId="1" StartOffset="2330"/>
</LocList>
</OpTerm>
</RootTerm>
</CondStmnt>
</StmntSeq>
</Branch>
<Branch CovItemId="B6" CovItemPrefix="com.OriginalFiles.RemoteNXTFunctions.java" Implct="false" Intrnl_Id="118">
<Cond>
<Loc EndOffset="2829" SrcFileId="1" StartOffset="2825"/>
</Cond>
<LocList>
<Loc EndOffset="11297" SrcFileId="1" StartOffset="2830"/>
</LocList>
<StmntSeq Intrnl_Id="119">
<LocList>
<Loc EndOffset="3427" SrcFileId="1" StartOffset="2892"/>
<Loc EndOffset="4023" SrcFileId="1" StartOffset="3488"/>
<Loc EndOffset="11286" SrcFileId="1" StartOffset="4039"/>
</LocList>
<CondStmnt CovItemId="S30" CovItemPrefix="com.OriginalFiles.RemoteNXTFunctions.java" Intrnl_Id="120">
<Branch CovItemId="B15" CovItemPrefix="com.OriginalFiles.RemoteNXTFunctions.java" Implct="false" Intrnl_Id="121">
<Cond/>
<LocList>
<Loc EndOffset="3427" SrcFileId="1" StartOffset="2923"/>
</LocList>
<StmntSeq Intrnl_Id="122">
<LocList>
<Loc EndOffset="3412" SrcFileId="1" StartOffset="2942"/>
</LocList>
<CondStmnt CovItemId="S31" CovItemPrefix="com.OriginalFiles.RemoteNXTFunctions.java" Intrnl_Id="123">
<Branch CovItemId="B17" CovItemPrefix="com.OriginalFiles.RemoteNXTFunctions.java" Implct="false" Intrnl_Id="124">
<Cond/>
<LocList>
<Loc EndOffset="3043" SrcFileId="1" StartOffset="2980"/>
</LocList>
<StmntSeq Intrnl_Id="125">
<LocList>
<Loc EndOffset="3024" SrcFileId="1" StartOffset="3003"/>
</LocList>
<BasicStmnt CovItemId="S32" CovItemPrefix="com.OriginalFiles.RemoteNXTFunctions.java" Intrnl_Id="126">
<LocList>
<Loc EndOffset="3024" SrcFileId="1" StartOffset="3003"/>
</LocList>
</BasicStmnt>
</StmntSeq>
</Branch>
<Branch CovItemId="B18" CovItemPrefix="com.OriginalFiles.RemoteNXTFunctions.java" Implct="false" Intrnl_Id="127">
<Cond>
<Loc EndOffset="3065" SrcFileId="1" StartOffset="3061"/>
</Cond>
<LocList>
<Loc EndOffset="3412" SrcFileId="1" StartOffset="3066"/>
</LocList>
<StmntSeq Intrnl_Id="128">
<LocList>
<Loc EndOffset="3412" SrcFileId="1" StartOffset="3066"/>
</LocList>
<CondStmnt CovItemId="S33" CovItemPrefix="com.OriginalFiles.RemoteNXTFunctions.java" Intrnl_Id="129">
<Branch CovItemId="B19" CovItemPrefix="com.OriginalFiles.RemoteNXTFunctions.java" Implct="false" Intrnl_Id="130">
<Cond/>
<LocList>
<Loc EndOffset="3167" SrcFileId="1" StartOffset="3104"/>
</LocList>
<StmntSeq Intrnl_Id="131">
<LocList>
<Loc EndOffset="3148" SrcFileId="1" StartOffset="3127"/>
</LocList>
<BasicStmnt CovItemId="S34" CovItemPrefix="com.OriginalFiles.RemoteNXTFunctions.java" Intrnl_Id="132">
<LocList>
<Loc EndOffset="3148" SrcFileId="1" StartOffset="3127"/>
</LocList>
</BasicStmnt>
</StmntSeq>
</Branch>
<Branch CovItemId="B20" CovItemPrefix="com.OriginalFiles.RemoteNXTFunctions.java" Implct="false" Intrnl_Id="133">
<Cond>
<Loc EndOffset="3172" SrcFileId="1" StartOffset="3168"/>
</Cond>
<LocList>
<Loc EndOffset="3412" SrcFileId="1" StartOffset="3173"/>
</LocList>
<StmntSeq Intrnl_Id="134">
<LocList>
<Loc EndOffset="3412" SrcFileId="1" StartOffset="3173"/>
</LocList>
<CondStmnt CovItemId="S35" CovItemPrefix="com.OriginalFiles.RemoteNXTFunctions.java" Intrnl_Id="135">
<Branch CovItemId="B21" CovItemPrefix="com.OriginalFiles.RemoteNXTFunctions.java" Implct="false" Intrnl_Id="136">
<Cond/>
<LocList>
<Loc EndOffset="3343" SrcFileId="1" StartOffset="3232"/>
</LocList>
<StmntSeq Intrnl_Id="137">
<LocList>
<Loc EndOffset="3324" SrcFileId="1" StartOffset="3255"/>
</LocList>
<BasicStmnt CovItemId="S36" CovItemPrefix="com.OriginalFiles.RemoteNXTFunctions.java" Intrnl_Id="138">
<LocList>
<Loc EndOffset="3324" SrcFileId="1" StartOffset="3255"/>
</LocList>
</BasicStmnt>
</StmntSeq>
</Branch>
<Branch CovItemId="B22" CovItemPrefix="com.OriginalFiles.RemoteNXTFunctions.java" Implct="false" Intrnl_Id="139">
<Cond>
<Loc EndOffset="3348" SrcFileId="1" StartOffset="3344"/>
</Cond>
<LocList>
<Loc EndOffset="3412" SrcFileId="1" StartOffset="3349"/>
</LocList>
<StmntSeq Intrnl_Id="140">
<LocList>
<Loc EndOffset="3393" SrcFileId="1" StartOffset="3372"/>
</LocList>
<BasicStmnt CovItemId="S37" CovItemPrefix="com.OriginalFiles.RemoteNXTFunctions.java" Intrnl_Id="141">
<LocList>
<Loc EndOffset="3393" SrcFileId="1" StartOffset="3372"/>
</LocList>
</BasicStmnt>
</StmntSeq>
</Branch>
<Keyword EndOffset="3175" SrcFileId="1" StartOffset="3173"/>
<LocList>
<Loc EndOffset="3412" SrcFileId="1" StartOffset="3173"/>
</LocList>
<RootTerm CovItemId="C13" CovItemPrefix="com.OriginalFiles.RemoteNXTFunctions.java" Intrnl_Id="142">
<BasicBoolTerm Intrnl_Id="143">
<LocList>
<Loc EndOffset="3230" SrcFileId="1" StartOffset="3177"/>
</LocList>
</BasicBoolTerm>
</RootTerm>
</CondStmnt>
</StmntSeq>
</Branch>
<Keyword EndOffset="3068" SrcFileId="1" StartOffset="3066"/>
<LocList>
<Loc EndOffset="3412" SrcFileId="1" StartOffset="3066"/>
</LocList>
<RootTerm CovItemId="C12" CovItemPrefix="com.OriginalFiles.RemoteNXTFunctions.java" Intrnl_Id="144">
<OpTerm BooleanOpId="10" Intrnl_Id="145">
<BasicBoolTerm Intrnl_Id="146">
<LocList>
<Loc EndOffset="3075" SrcFileId="1" StartOffset="3069"/>
</LocList>
</BasicBoolTerm>
<BasicBoolTerm Intrnl_Id="147">
<LocList>
<Loc EndOffset="3085" SrcFileId="1" StartOffset="3079"/>
</LocList>
</BasicBoolTerm>
<LocList>
<Loc EndOffset="3078" SrcFileId="1" StartOffset="3076"/>
</LocList>
</OpTerm>
</RootTerm>
</CondStmnt>
</StmntSeq>
</Branch>
<Keyword EndOffset="2944" SrcFileId="1" StartOffset="2942"/>
<LocList>
<Loc EndOffset="3412" SrcFileId="1" StartOffset="2942"/>
</LocList>
<RootTerm CovItemId="C11" CovItemPrefix="com.OriginalFiles.RemoteNXTFunctions.java" Intrnl_Id="148">
<OpTerm BooleanOpId="10" Intrnl_Id="149">
<BasicBoolTerm Intrnl_Id="150">
<LocList>
<Loc EndOffset="2951" SrcFileId="1" StartOffset="2945"/>
</LocList>
</BasicBoolTerm>
<BasicBoolTerm Intrnl_Id="151">
<LocList>
<Loc EndOffset="2961" SrcFileId="1" StartOffset="2955"/>
</LocList>
</BasicBoolTerm>
<LocList>
<Loc EndOffset="2954" SrcFileId="1" StartOffset="2952"/>
</LocList>
</OpTerm>
</RootTerm>
</CondStmnt>
</StmntSeq>
</Branch>
<Branch CovItemId="B16" CovItemPrefix="com.OriginalFiles.RemoteNXTFunctions.java" Implct="true" Intrnl_Id="152">
<Cond/>
<LocList/>
<StmntSeq Intrnl_Id="153">
<LocList/>
</StmntSeq>
</Branch>
<Keyword EndOffset="2894" SrcFileId="1" StartOffset="2892"/>
<LocList>
<Loc EndOffset="3427" SrcFileId="1" StartOffset="2892"/>
</LocList>
<RootTerm CovItemId="C10" CovItemPrefix="com.OriginalFiles.RemoteNXTFunctions.java" Intrnl_Id="154">
<BasicBoolTerm Intrnl_Id="155">
<LocList>
<Loc EndOffset="2921" SrcFileId="1" StartOffset="2895"/>
</LocList>
</BasicBoolTerm>
</RootTerm>
</CondStmnt>
<CondStmnt CovItemId="S38" CovItemPrefix="com.OriginalFiles.RemoteNXTFunctions.java" Intrnl_Id="156">
<Branch CovItemId="B23" CovItemPrefix="com.OriginalFiles.RemoteNXTFunctions.java" Implct="false" Intrnl_Id="157">
<Cond/>
<LocList>
<Loc EndOffset="4023" SrcFileId="1" StartOffset="3519"/>
</LocList>
<StmntSeq Intrnl_Id="158">
<LocList>
<Loc EndOffset="4008" SrcFileId="1" StartOffset="3538"/>
</LocList>
<CondStmnt CovItemId="S39" CovItemPrefix="com.OriginalFiles.RemoteNXTFunctions.java" Intrnl_Id="159">
<Branch CovItemId="B25" CovItemPrefix="com.OriginalFiles.RemoteNXTFunctions.java" Implct="false" Intrnl_Id="160">
<Cond/>
<LocList>
<Loc EndOffset="3639" SrcFileId="1" StartOffset="3576"/>
</LocList>
<StmntSeq Intrnl_Id="161">
<LocList>
<Loc EndOffset="3620" SrcFileId="1" StartOffset="3599"/>
</LocList>
<BasicStmnt CovItemId="S40" CovItemPrefix="com.OriginalFiles.RemoteNXTFunctions.java" Intrnl_Id="162">
<LocList>
<Loc EndOffset="3620" SrcFileId="1" StartOffset="3599"/>
</LocList>
</BasicStmnt>
</StmntSeq>
</Branch>
<Branch CovItemId="B26" CovItemPrefix="com.OriginalFiles.RemoteNXTFunctions.java" Implct="false" Intrnl_Id="163">
<Cond>
<Loc EndOffset="3661" SrcFileId="1" StartOffset="3657"/>
</Cond>
<LocList>
<Loc EndOffset="4008" SrcFileId="1" StartOffset="3662"/>
</LocList>
<StmntSeq Intrnl_Id="164">
<LocList>
<Loc EndOffset="4008" SrcFileId="1" StartOffset="3662"/>
</LocList>
<CondStmnt CovItemId="S41" CovItemPrefix="com.OriginalFiles.RemoteNXTFunctions.java" Intrnl_Id="165">
<Branch CovItemId="B27" CovItemPrefix="com.OriginalFiles.RemoteNXTFunctions.java" Implct="false" Intrnl_Id="166">
<Cond/>
<LocList>
<Loc EndOffset="3763" SrcFileId="1" StartOffset="3700"/>
</LocList>
<StmntSeq Intrnl_Id="167">
<LocList>
<Loc EndOffset="3744" SrcFileId="1" StartOffset="3723"/>
</LocList>
<BasicStmnt CovItemId="S42" CovItemPrefix="com.OriginalFiles.RemoteNXTFunctions.java" Intrnl_Id="168">
<LocList>
<Loc EndOffset="3744" SrcFileId="1" StartOffset="3723"/>
</LocList>
</BasicStmnt>
</StmntSeq>
</Branch>
<Branch CovItemId="B28" CovItemPrefix="com.OriginalFiles.RemoteNXTFunctions.java" Implct="false" Intrnl_Id="169">
<Cond>
<Loc EndOffset="3768" SrcFileId="1" StartOffset="3764"/>
</Cond>
<LocList>
<Loc EndOffset="4008" SrcFileId="1" StartOffset="3769"/>
</LocList>
<StmntSeq Intrnl_Id="170">
<LocList>
<Loc EndOffset="4008" SrcFileId="1" StartOffset="3769"/>
</LocList>
<CondStmnt CovItemId="S43" CovItemPrefix="com.OriginalFiles.RemoteNXTFunctions.java" Intrnl_Id="171">
<Branch CovItemId="B29" CovItemPrefix="com.OriginalFiles.RemoteNXTFunctions.java" Implct="false" Intrnl_Id="172">
<Cond/>
<LocList>
<Loc EndOffset="3939" SrcFileId="1" StartOffset="3828"/>
</LocList>
<StmntSeq Intrnl_Id="173">
<LocList>
<Loc EndOffset="3920" SrcFileId="1" StartOffset="3851"/>
</LocList>
<BasicStmnt CovItemId="S44" CovItemPrefix="com.OriginalFiles.RemoteNXTFunctions.java" Intrnl_Id="174">
<LocList>
<Loc EndOffset="3920" SrcFileId="1" StartOffset="3851"/>
</LocList>
</BasicStmnt>
</StmntSeq>
</Branch>
<Branch CovItemId="B30" CovItemPrefix="com.OriginalFiles.RemoteNXTFunctions.java" Implct="false" Intrnl_Id="175">
<Cond>
<Loc EndOffset="3944" SrcFileId="1" StartOffset="3940"/>
</Cond>
<LocList>
<Loc EndOffset="4008" SrcFileId="1" StartOffset="3945"/>
</LocList>
<StmntSeq Intrnl_Id="176">
<LocList>
<Loc EndOffset="3989" SrcFileId="1" StartOffset="3968"/>
</LocList>
<BasicStmnt CovItemId="S45" CovItemPrefix="com.OriginalFiles.RemoteNXTFunctions.java" Intrnl_Id="177">
<LocList>
<Loc EndOffset="3989" SrcFileId="1" StartOffset="3968"/>
</LocList>
</BasicStmnt>
</StmntSeq>
</Branch>
<Keyword EndOffset="3771" SrcFileId="1" StartOffset="3769"/>
<LocList>
<Loc EndOffset="4008" SrcFileId="1" StartOffset="3769"/>
</LocList>
<RootTerm CovItemId="C17" CovItemPrefix="com.OriginalFiles.RemoteNXTFunctions.java" Intrnl_Id="178">
<BasicBoolTerm Intrnl_Id="179">
<LocList>
<Loc EndOffset="3826" SrcFileId="1" StartOffset="3773"/>
</LocList>
</BasicBoolTerm>
</RootTerm>
</CondStmnt>
</StmntSeq>
</Branch>
<Keyword EndOffset="3664" SrcFileId="1" StartOffset="3662"/>
<LocList>
<Loc EndOffset="4008" SrcFileId="1" StartOffset="3662"/>
</LocList>
<RootTerm CovItemId="C16" CovItemPrefix="com.OriginalFiles.RemoteNXTFunctions.java" Intrnl_Id="180">
<OpTerm BooleanOpId="10" Intrnl_Id="181">
<BasicBoolTerm Intrnl_Id="182">
<LocList>
<Loc EndOffset="3671" SrcFileId="1" StartOffset="3665"/>
</LocList>
</BasicBoolTerm>
<BasicBoolTerm Intrnl_Id="183">
<LocList>
<Loc EndOffset="3681" SrcFileId="1" StartOffset="3675"/>
</LocList>
</BasicBoolTerm>
<LocList>
<Loc EndOffset="3674" SrcFileId="1" StartOffset="3672"/>
</LocList>
</OpTerm>
</RootTerm>
</CondStmnt>
</StmntSeq>
</Branch>
<Keyword EndOffset="3540" SrcFileId="1" StartOffset="3538"/>
<LocList>
<Loc EndOffset="4008" SrcFileId="1" StartOffset="3538"/>
</LocList>
<RootTerm CovItemId="C15" CovItemPrefix="com.OriginalFiles.RemoteNXTFunctions.java" Intrnl_Id="184">
<OpTerm BooleanOpId="10" Intrnl_Id="185">
<BasicBoolTerm Intrnl_Id="186">
<LocList>
<Loc EndOffset="3547" SrcFileId="1" StartOffset="3541"/>
</LocList>
</BasicBoolTerm>
<BasicBoolTerm Intrnl_Id="187">
<LocList>
<Loc EndOffset="3557" SrcFileId="1" StartOffset="3551"/>
</LocList>
</BasicBoolTerm>
<LocList>
<Loc EndOffset="3550" SrcFileId="1" StartOffset="3548"/>
</LocList>
</OpTerm>
</RootTerm>
</CondStmnt>
</StmntSeq>
</Branch>
<Branch CovItemId="B24" CovItemPrefix="com.OriginalFiles.RemoteNXTFunctions.java" Implct="true" Intrnl_Id="188">
<Cond/>
<LocList/>
<StmntSeq Intrnl_Id="189">
<LocList/>
</StmntSeq>
</Branch>
<Keyword EndOffset="3490" SrcFileId="1" StartOffset="3488"/>
<LocList>
<Loc EndOffset="4023" SrcFileId="1" StartOffset="3488"/>
</LocList>
<RootTerm CovItemId="C14" CovItemPrefix="com.OriginalFiles.RemoteNXTFunctions.java" Intrnl_Id="190">
<BasicBoolTerm Intrnl_Id="191">
<LocList>
<Loc EndOffset="3517" SrcFileId="1" StartOffset="3491"/>
</LocList>
</BasicBoolTerm>
</RootTerm>
</CondStmnt>
<CondStmnt CovItemId="S46" CovItemPrefix="com.OriginalFiles.RemoteNXTFunctions.java" Intrnl_Id="192">
<Branch CovItemId="B31" CovItemPrefix="com.OriginalFiles.RemoteNXTFunctions.java" Implct="false" Intrnl_Id="193">
<Cond/>
<LocList>
<Loc EndOffset="4572" SrcFileId="1" StartOffset="4068"/>
</LocList>
<StmntSeq Intrnl_Id="194">
<LocList>
<Loc EndOffset="4557" SrcFileId="1" StartOffset="4087"/>
</LocList>
<CondStmnt CovItemId="S47" CovItemPrefix="com.OriginalFiles.RemoteNXTFunctions.java" Intrnl_Id="195">
<Branch CovItemId="B33" CovItemPrefix="com.OriginalFiles.RemoteNXTFunctions.java" Implct="false" Intrnl_Id="196">
<Cond/>
<LocList>
<Loc EndOffset="4188" SrcFileId="1" StartOffset="4125"/>
</LocList>
<StmntSeq Intrnl_Id="197">
<LocList>
<Loc EndOffset="4169" SrcFileId="1" StartOffset="4148"/>
</LocList>
<BasicStmnt CovItemId="S48" CovItemPrefix="com.OriginalFiles.RemoteNXTFunctions.java" Intrnl_Id="198">
<LocList>
<Loc EndOffset="4169" SrcFileId="1" StartOffset="4148"/>
</LocList>
</BasicStmnt>
</StmntSeq>
</Branch>
<Branch CovItemId="B34" CovItemPrefix="com.OriginalFiles.RemoteNXTFunctions.java" Implct="false" Intrnl_Id="199">
<Cond>
<Loc EndOffset="4210" SrcFileId="1" StartOffset="4206"/>
</Cond>
<LocList>
<Loc EndOffset="4557" SrcFileId="1" StartOffset="4211"/>
</LocList>
<StmntSeq Intrnl_Id="200">
<LocList>
<Loc EndOffset="4557" SrcFileId="1" StartOffset="4211"/>
</LocList>
<CondStmnt CovItemId="S49" CovItemPrefix="com.OriginalFiles.RemoteNXTFunctions.java" Intrnl_Id="201">
<Branch CovItemId="B35" CovItemPrefix="com.OriginalFiles.RemoteNXTFunctions.java" Implct="false" Intrnl_Id="202">
<Cond/>
<LocList>
<Loc EndOffset="4312" SrcFileId="1" StartOffset="4249"/>
</LocList>
<StmntSeq Intrnl_Id="203">
<LocList>
<Loc EndOffset="4293" SrcFileId="1" StartOffset="4272"/>
</LocList>
<BasicStmnt CovItemId="S50" CovItemPrefix="com.OriginalFiles.RemoteNXTFunctions.java" Intrnl_Id="204">
<LocList>
<Loc EndOffset="4293" SrcFileId="1" StartOffset="4272"/>
</LocList>
</BasicStmnt>
</StmntSeq>
</Branch>
<Branch CovItemId="B36" CovItemPrefix="com.OriginalFiles.RemoteNXTFunctions.java" Implct="false" Intrnl_Id="205">
<Cond>
<Loc EndOffset="4317" SrcFileId="1" StartOffset="4313"/>
</Cond>
<LocList>
<Loc EndOffset="4557" SrcFileId="1" StartOffset="4318"/>
</LocList>
<StmntSeq Intrnl_Id="206">
<LocList>
<Loc EndOffset="4557" SrcFileId="1" StartOffset="4318"/>
</LocList>
<CondStmnt CovItemId="S51" CovItemPrefix="com.OriginalFiles.RemoteNXTFunctions.java" Intrnl_Id="207">
<Branch CovItemId="B37" CovItemPrefix="com.OriginalFiles.RemoteNXTFunctions.java" Implct="false" Intrnl_Id="208">
<Cond/>
<LocList>
<Loc EndOffset="4488" SrcFileId="1" StartOffset="4377"/>
</LocList>
<StmntSeq Intrnl_Id="209">
<LocList>
<Loc EndOffset="4469" SrcFileId="1" StartOffset="4400"/>
</LocList>
<BasicStmnt CovItemId="S52" CovItemPrefix="com.OriginalFiles.RemoteNXTFunctions.java" Intrnl_Id="210">
<LocList>
<Loc EndOffset="4469" SrcFileId="1" StartOffset="4400"/>
</LocList>
</BasicStmnt>
</StmntSeq>
</Branch>
<Branch CovItemId="B38" CovItemPrefix="com.OriginalFiles.RemoteNXTFunctions.java" Implct="false" Intrnl_Id="211">
<Cond>
<Loc EndOffset="4493" SrcFileId="1" StartOffset="4489"/>
</Cond>
<LocList>
<Loc EndOffset="4557" SrcFileId="1" StartOffset="4494"/>
</LocList>
<StmntSeq Intrnl_Id="212">
<LocList>
<Loc EndOffset="4538" SrcFileId="1" StartOffset="4517"/>
</LocList>
<BasicStmnt CovItemId="S53" CovItemPrefix="com.OriginalFiles.RemoteNXTFunctions.java" Intrnl_Id="213">
<LocList>
<Loc EndOffset="4538" SrcFileId="1" StartOffset="4517"/>
</LocList>
</BasicStmnt>
</StmntSeq>
</Branch>
<Keyword EndOffset="4320" SrcFileId="1" StartOffset="4318"/>
<LocList>
<Loc EndOffset="4557" SrcFileId="1" StartOffset="4318"/>
</LocList>
<RootTerm CovItemId="C21" CovItemPrefix="com.OriginalFiles.RemoteNXTFunctions.java" Intrnl_Id="214">
<BasicBoolTerm Intrnl_Id="215">
<LocList>
<Loc EndOffset="4375" SrcFileId="1" StartOffset="4322"/>
</LocList>
</BasicBoolTerm>
</RootTerm>
</CondStmnt>
</StmntSeq>
</Branch>
<Keyword EndOffset="4213" SrcFileId="1" StartOffset="4211"/>
<LocList>
<Loc EndOffset="4557" SrcFileId="1" StartOffset="4211"/>
</LocList>
<RootTerm CovItemId="C20" CovItemPrefix="com.OriginalFiles.RemoteNXTFunctions.java" Intrnl_Id="216">
<OpTerm BooleanOpId="10" Intrnl_Id="217">
<BasicBoolTerm Intrnl_Id="218">
<LocList>
<Loc EndOffset="4220" SrcFileId="1" StartOffset="4214"/>
</LocList>
</BasicBoolTerm>
<BasicBoolTerm Intrnl_Id="219">
<LocList>
<Loc EndOffset="4230" SrcFileId="1" StartOffset="4224"/>
</LocList>
</BasicBoolTerm>
<LocList>
<Loc EndOffset="4223" SrcFileId="1" StartOffset="4221"/>
</LocList>
</OpTerm>
</RootTerm>
</CondStmnt>
</StmntSeq>
</Branch>
<Keyword EndOffset="4089" SrcFileId="1" StartOffset="4087"/>
<LocList>
<Loc EndOffset="4557" SrcFileId="1" StartOffset="4087"/>
</LocList>
<RootTerm CovItemId="C19" CovItemPrefix="com.OriginalFiles.RemoteNXTFunctions.java" Intrnl_Id="220">
<OpTerm BooleanOpId="10" Intrnl_Id="221">
<BasicBoolTerm Intrnl_Id="222">
<LocList>
<Loc EndOffset="4096" SrcFileId="1" StartOffset="4090"/>
</LocList>
</BasicBoolTerm>
<BasicBoolTerm Intrnl_Id="223">
<LocList>
<Loc EndOffset="4106" SrcFileId="1" StartOffset="4100"/>
</LocList>
</BasicBoolTerm>
<LocList>
<Loc EndOffset="4099" SrcFileId="1" StartOffset="4097"/>
</LocList>
</OpTerm>
</RootTerm>
</CondStmnt>
</StmntSeq>
</Branch>
<Branch CovItemId="B32" CovItemPrefix="com.OriginalFiles.RemoteNXTFunctions.java" Implct="false" Intrnl_Id="224">
<Cond>
<Loc EndOffset="4590" SrcFileId="1" StartOffset="4586"/>
</Cond>
<LocList>
<Loc EndOffset="11286" SrcFileId="1" StartOffset="4591"/>
</LocList>
<StmntSeq Intrnl_Id="225">
<LocList>
<Loc EndOffset="11286" SrcFileId="1" StartOffset="4591"/>
</LocList>
<CondStmnt CovItemId="S54" CovItemPrefix="com.OriginalFiles.RemoteNXTFunctions.java" Intrnl_Id="226">
<Branch CovItemId="B39" CovItemPrefix="com.OriginalFiles.RemoteNXTFunctions.java" Implct="false" Intrnl_Id="227">
<Cond/>
<LocList>
<Loc EndOffset="5232" SrcFileId="1" StartOffset="4621"/>
</LocList>
<StmntSeq Intrnl_Id="228">
<LocList>
<Loc EndOffset="5217" SrcFileId="1" StartOffset="4640"/>
</LocList>
<CondStmnt CovItemId="S55" CovItemPrefix="com.OriginalFiles.RemoteNXTFunctions.java" Intrnl_Id="229">
<Branch CovItemId="B41" CovItemPrefix="com.OriginalFiles.RemoteNXTFunctions.java" Implct="false" Intrnl_Id="230">
<Cond/>
<LocList>
<Loc EndOffset="4741" SrcFileId="1" StartOffset="4678"/>
</LocList>
<StmntSeq Intrnl_Id="231">
<LocList>
<Loc EndOffset="4722" SrcFileId="1" StartOffset="4701"/>
</LocList>
<BasicStmnt CovItemId="S56" CovItemPrefix="com.OriginalFiles.RemoteNXTFunctions.java" Intrnl_Id="232">
<LocList>
<Loc EndOffset="4722" SrcFileId="1" StartOffset="4701"/>
</LocList>
</BasicStmnt>
</StmntSeq>
</Branch>
<Branch CovItemId="B42" CovItemPrefix="com.OriginalFiles.RemoteNXTFunctions.java" Implct="false" Intrnl_Id="233">
<Cond>
<Loc EndOffset="4763" SrcFileId="1" StartOffset="4759"/>
</Cond>
<LocList>
<Loc EndOffset="5217" SrcFileId="1" StartOffset="4764"/>
</LocList>
<StmntSeq Intrnl_Id="234">
<LocList>
<Loc EndOffset="5217" SrcFileId="1" StartOffset="4764"/>
</LocList>
<CondStmnt CovItemId="S57" CovItemPrefix="com.OriginalFiles.RemoteNXTFunctions.java" Intrnl_Id="235">
<Branch CovItemId="B43" CovItemPrefix="com.OriginalFiles.RemoteNXTFunctions.java" Implct="false" Intrnl_Id="236">
<Cond/>
<LocList>
<Loc EndOffset="4848" SrcFileId="1" StartOffset="4785"/>
</LocList>
<StmntSeq Intrnl_Id="237">
<LocList>
<Loc EndOffset="4829" SrcFileId="1" StartOffset="4808"/>
</LocList>
<BasicStmnt CovItemId="S58" CovItemPrefix="com.OriginalFiles.RemoteNXTFunctions.java" Intrnl_Id="238">
<LocList>
<Loc EndOffset="4829" SrcFileId="1" StartOffset="4808"/>
</LocList>
</BasicStmnt>
</StmntSeq>
</Branch>
<Branch CovItemId="B44" CovItemPrefix="com.OriginalFiles.RemoteNXTFunctions.java" Implct="false" Intrnl_Id="239">
<Cond>
<Loc EndOffset="4870" SrcFileId="1" StartOffset="4866"/>
</Cond>
<LocList>
<Loc EndOffset="5217" SrcFileId="1" StartOffset="4871"/>
</LocList>
<StmntSeq Intrnl_Id="240">
<LocList>
<Loc EndOffset="5217" SrcFileId="1" StartOffset="4871"/>
</LocList>
<CondStmnt CovItemId="S59" CovItemPrefix="com.OriginalFiles.RemoteNXTFunctions.java" Intrnl_Id="241">
<Branch CovItemId="B45" CovItemPrefix="com.OriginalFiles.RemoteNXTFunctions.java" Implct="false" Intrnl_Id="242">
<Cond/>
<LocList>
<Loc EndOffset="4972" SrcFileId="1" StartOffset="4909"/>
</LocList>
<StmntSeq Intrnl_Id="243">
<LocList>
<Loc EndOffset="4953" SrcFileId="1" StartOffset="4932"/>
</LocList>
<BasicStmnt CovItemId="S60" CovItemPrefix="com.OriginalFiles.RemoteNXTFunctions.java" Intrnl_Id="244">
<LocList>
<Loc EndOffset="4953" SrcFileId="1" StartOffset="4932"/>
</LocList>
</BasicStmnt>
</StmntSeq>
</Branch>
<Branch CovItemId="B46" CovItemPrefix="com.OriginalFiles.RemoteNXTFunctions.java" Implct="false" Intrnl_Id="245">
<Cond>
<Loc EndOffset="4977" SrcFileId="1" StartOffset="4973"/>
</Cond>
<LocList>
<Loc EndOffset="5217" SrcFileId="1" StartOffset="4978"/>
</LocList>
<StmntSeq Intrnl_Id="246">
<LocList>
<Loc EndOffset="5217" SrcFileId="1" StartOffset="4978"/>
</LocList>
<CondStmnt CovItemId="S61" CovItemPrefix="com.OriginalFiles.RemoteNXTFunctions.java" Intrnl_Id="247">
<Branch CovItemId="B47" CovItemPrefix="com.OriginalFiles.RemoteNXTFunctions.java" Implct="false" Intrnl_Id="248">
<Cond/>
<LocList>
<Loc EndOffset="5148" SrcFileId="1" StartOffset="5037"/>
</LocList>
<StmntSeq Intrnl_Id="249">
<LocList>
<Loc EndOffset="5129" SrcFileId="1" StartOffset="5060"/>
</LocList>
<BasicStmnt CovItemId="S62" CovItemPrefix="com.OriginalFiles.RemoteNXTFunctions.java" Intrnl_Id="250">
<LocList>
<Loc EndOffset="5129" SrcFileId="1" StartOffset="5060"/>
</LocList>
</BasicStmnt>
</StmntSeq>
</Branch>
<Branch CovItemId="B48" CovItemPrefix="com.OriginalFiles.RemoteNXTFunctions.java" Implct="false" Intrnl_Id="251">
<Cond>
<Loc EndOffset="5153" SrcFileId="1" StartOffset="5149"/>
</Cond>
<LocList>
<Loc EndOffset="5217" SrcFileId="1" StartOffset="5154"/>
</LocList>
<StmntSeq Intrnl_Id="252">
<LocList>
<Loc EndOffset="5198" SrcFileId="1" StartOffset="5177"/>
</LocList>
<BasicStmnt CovItemId="S63" CovItemPrefix="com.OriginalFiles.RemoteNXTFunctions.java" Intrnl_Id="253">
<LocList>
<Loc EndOffset="5198" SrcFileId="1" StartOffset="5177"/>
</LocList>
</BasicStmnt>
</StmntSeq>
</Branch>
<Keyword EndOffset="4980" SrcFileId="1" StartOffset="4978"/>
<LocList>
<Loc EndOffset="5217" SrcFileId="1" StartOffset="4978"/>
</LocList>
<RootTerm CovItemId="C26" CovItemPrefix="com.OriginalFiles.RemoteNXTFunctions.java" Intrnl_Id="254">
<BasicBoolTerm Intrnl_Id="255">
<LocList>
<Loc EndOffset="5035" SrcFileId="1" StartOffset="4982"/>
</LocList>
</BasicBoolTerm>
</RootTerm>
</CondStmnt>
</StmntSeq>
</Branch>
<Keyword EndOffset="4873" SrcFileId="1" StartOffset="4871"/>
<LocList>
<Loc EndOffset="5217" SrcFileId="1" StartOffset="4871"/>
</LocList>
<RootTerm CovItemId="C25" CovItemPrefix="com.OriginalFiles.RemoteNXTFunctions.java" Intrnl_Id="256">
<OpTerm BooleanOpId="10" Intrnl_Id="257">
<BasicBoolTerm Intrnl_Id="258">
<LocList>
<Loc EndOffset="4880" SrcFileId="1" StartOffset="4874"/>
</LocList>
</BasicBoolTerm>
<BasicBoolTerm Intrnl_Id="259">
<LocList>
<Loc EndOffset="4890" SrcFileId="1" StartOffset="4884"/>
</LocList>
</BasicBoolTerm>
<LocList>
<Loc EndOffset="4883" SrcFileId="1" StartOffset="4881"/>
</LocList>
</OpTerm>
</RootTerm>
</CondStmnt>
</StmntSeq>
</Branch>
<Keyword EndOffset="4766" SrcFileId="1" StartOffset="4764"/>
<LocList>
<Loc EndOffset="5217" SrcFileId="1" StartOffset="4764"/>
</LocList>
<RootTerm CovItemId="C24" CovItemPrefix="com.OriginalFiles.RemoteNXTFunctions.java" Intrnl_Id="260">
<OpTerm BooleanOpId="10" Intrnl_Id="261">
<BasicBoolTerm Intrnl_Id="262">
<LocList>
<Loc EndOffset="4773" SrcFileId="1" StartOffset="4767"/>
</LocList>
</BasicBoolTerm>
<BasicBoolTerm Intrnl_Id="263">
<LocList>
<Loc EndOffset="4783" SrcFileId="1" StartOffset="4777"/>
</LocList>
</BasicBoolTerm>
<LocList>
<Loc EndOffset="4776" SrcFileId="1" StartOffset="4774"/>
</LocList>
</OpTerm>
</RootTerm>
</CondStmnt>
</StmntSeq>
</Branch>
<Keyword EndOffset="4642" SrcFileId="1" StartOffset="4640"/>
<LocList>
<Loc EndOffset="5217" SrcFileId="1" StartOffset="4640"/>
</LocList>
<RootTerm CovItemId="C23" CovItemPrefix="com.OriginalFiles.RemoteNXTFunctions.java" Intrnl_Id="264">
<OpTerm BooleanOpId="10" Intrnl_Id="265">
<BasicBoolTerm Intrnl_Id="266">
<LocList>
<Loc EndOffset="4649" SrcFileId="1" StartOffset="4643"/>
</LocList>
</BasicBoolTerm>
<BasicBoolTerm Intrnl_Id="267">
<LocList>
<Loc EndOffset="4659" SrcFileId="1" StartOffset="4653"/>
</LocList>
</BasicBoolTerm>
<LocList>
<Loc EndOffset="4652" SrcFileId="1" StartOffset="4650"/>
</LocList>
</OpTerm>
</RootTerm>
</CondStmnt>
</StmntSeq>
</Branch>
<Branch CovItemId="B40" CovItemPrefix="com.OriginalFiles.RemoteNXTFunctions.java" Implct="false" Intrnl_Id="268">
<Cond>
<Loc EndOffset="5250" SrcFileId="1" StartOffset="5246"/>
</Cond>
<LocList>
<Loc EndOffset="11286" SrcFileId="1" StartOffset="5251"/>
</LocList>
<StmntSeq Intrnl_Id="269">
<LocList>
<Loc EndOffset="11286" SrcFileId="1" StartOffset="5251"/>
</LocList>
<CondStmnt CovItemId="S64" CovItemPrefix="com.OriginalFiles.RemoteNXTFunctions.java" Intrnl_Id="270">
<Branch CovItemId="B49" CovItemPrefix="com.OriginalFiles.RemoteNXTFunctions.java" Implct="false" Intrnl_Id="271">
<Cond/>
<LocList>
<Loc EndOffset="5644" SrcFileId="1" StartOffset="5281"/>
</LocList>
<StmntSeq Intrnl_Id="272">
<LocList>
<Loc EndOffset="5629" SrcFileId="1" StartOffset="5300"/>
</LocList>
<CondStmnt CovItemId="S65" CovItemPrefix="com.OriginalFiles.RemoteNXTFunctions.java" Intrnl_Id="273">
<Branch CovItemId="B51" CovItemPrefix="com.OriginalFiles.RemoteNXTFunctions.java" Implct="false" Intrnl_Id="274">
<Cond/>
<LocList>
<Loc EndOffset="5384" SrcFileId="1" StartOffset="5321"/>
</LocList>
<StmntSeq Intrnl_Id="275">
<LocList>
<Loc EndOffset="5365" SrcFileId="1" StartOffset="5344"/>
</LocList>
<BasicStmnt CovItemId="S66" CovItemPrefix="com.OriginalFiles.RemoteNXTFunctions.java" Intrnl_Id="276">
<LocList>
<Loc EndOffset="5365" SrcFileId="1" StartOffset="5344"/>
</LocList>
</BasicStmnt>
</StmntSeq>
</Branch>
<Branch CovItemId="B52" CovItemPrefix="com.OriginalFiles.RemoteNXTFunctions.java" Implct="false" Intrnl_Id="277">
<Cond>
<Loc EndOffset="5389" SrcFileId="1" StartOffset="5385"/>
</Cond>
<LocList>
<Loc EndOffset="5629" SrcFileId="1" StartOffset="5390"/>
</LocList>
<StmntSeq Intrnl_Id="278">
<LocList>
<Loc EndOffset="5629" SrcFileId="1" StartOffset="5390"/>
</LocList>
<CondStmnt CovItemId="S67" CovItemPrefix="com.OriginalFiles.RemoteNXTFunctions.java" Intrnl_Id="279">
<Branch CovItemId="B53" CovItemPrefix="com.OriginalFiles.RemoteNXTFunctions.java" Implct="false" Intrnl_Id="280">
<Cond/>
<LocList>
<Loc EndOffset="5560" SrcFileId="1" StartOffset="5449"/>
</LocList>
<StmntSeq Intrnl_Id="281">
<LocList>
<Loc EndOffset="5541" SrcFileId="1" StartOffset="5472"/>
</LocList>
<BasicStmnt CovItemId="S68" CovItemPrefix="com.OriginalFiles.RemoteNXTFunctions.java" Intrnl_Id="282">
<LocList>
<Loc EndOffset="5541" SrcFileId="1" StartOffset="5472"/>
</LocList>
</BasicStmnt>
</StmntSeq>
</Branch>
<Branch CovItemId="B54" CovItemPrefix="com.OriginalFiles.RemoteNXTFunctions.java" Implct="false" Intrnl_Id="283">
<Cond>
<Loc EndOffset="5565" SrcFileId="1" StartOffset="5561"/>
</Cond>
<LocList>
<Loc EndOffset="5629" SrcFileId="1" StartOffset="5566"/>
</LocList>
<StmntSeq Intrnl_Id="284">
<LocList>
<Loc EndOffset="5610" SrcFileId="1" StartOffset="5589"/>
</LocList>
<BasicStmnt CovItemId="S69" CovItemPrefix="com.OriginalFiles.RemoteNXTFunctions.java" Intrnl_Id="285">
<LocList>
<Loc EndOffset="5610" SrcFileId="1" StartOffset="5589"/>
</LocList>
</BasicStmnt>
</StmntSeq>
</Branch>
<Keyword EndOffset="5392" SrcFileId="1" StartOffset="5390"/>
<LocList>
<Loc EndOffset="5629" SrcFileId="1" StartOffset="5390"/>
</LocList>
<RootTerm CovItemId="C29" CovItemPrefix="com.OriginalFiles.RemoteNXTFunctions.java" Intrnl_Id="286">
<BasicBoolTerm Intrnl_Id="287">
<LocList>
<Loc EndOffset="5447" SrcFileId="1" StartOffset="5394"/>
</LocList>
</BasicBoolTerm>
</RootTerm>
</CondStmnt>
</StmntSeq>
</Branch>
<Keyword EndOffset="5302" SrcFileId="1" StartOffset="5300"/>
<LocList>
<Loc EndOffset="5629" SrcFileId="1" StartOffset="5300"/>
</LocList>
<RootTerm CovItemId="C28" CovItemPrefix="com.OriginalFiles.RemoteNXTFunctions.java" Intrnl_Id="288">
<OpTerm BooleanOpId="10" Intrnl_Id="289">
<BasicBoolTerm Intrnl_Id="290">
<LocList>
<Loc EndOffset="5309" SrcFileId="1" StartOffset="5303"/>
</LocList>
</BasicBoolTerm>
<BasicBoolTerm Intrnl_Id="291">
<LocList>
<Loc EndOffset="5319" SrcFileId="1" StartOffset="5313"/>
</LocList>
</BasicBoolTerm>
<LocList>
<Loc EndOffset="5312" SrcFileId="1" StartOffset="5310"/>
</LocList>
</OpTerm>
</RootTerm>
</CondStmnt>
</StmntSeq>
</Branch>
<Branch CovItemId="B50" CovItemPrefix="com.OriginalFiles.RemoteNXTFunctions.java" Implct="false" Intrnl_Id="292">
<Cond>
<Loc EndOffset="5662" SrcFileId="1" StartOffset="5658"/>
</Cond>
<LocList>
<Loc EndOffset="11286" SrcFileId="1" StartOffset="5663"/>
</LocList>
<StmntSeq Intrnl_Id="293">
<LocList>
<Loc EndOffset="11286" SrcFileId="1" StartOffset="5663"/>
</LocList>
<CondStmnt CovItemId="S70" CovItemPrefix="com.OriginalFiles.RemoteNXTFunctions.java" Intrnl_Id="294">
<Branch CovItemId="B55" CovItemPrefix="com.OriginalFiles.RemoteNXTFunctions.java" Implct="false" Intrnl_Id="295">
<Cond/>
<LocList>
<Loc EndOffset="6056" SrcFileId="1" StartOffset="5693"/>
</LocList>
<StmntSeq Intrnl_Id="296">
<LocList>
<Loc EndOffset="6041" SrcFileId="1" StartOffset="5712"/>
</LocList>
<CondStmnt CovItemId="S71" CovItemPrefix="com.OriginalFiles.RemoteNXTFunctions.java" Intrnl_Id="297">
<Branch CovItemId="B57" CovItemPrefix="com.OriginalFiles.RemoteNXTFunctions.java" Implct="false" Intrnl_Id="298">
<Cond/>
<LocList>
<Loc EndOffset="5796" SrcFileId="1" StartOffset="5733"/>
</LocList>
<StmntSeq Intrnl_Id="299">
<LocList>
<Loc EndOffset="5777" SrcFileId="1" StartOffset="5756"/>
</LocList>
<BasicStmnt CovItemId="S72" CovItemPrefix="com.OriginalFiles.RemoteNXTFunctions.java" Intrnl_Id="300">
<LocList>
<Loc EndOffset="5777" SrcFileId="1" StartOffset="5756"/>
</LocList>
</BasicStmnt>
</StmntSeq>
</Branch>
<Branch CovItemId="B58" CovItemPrefix="com.OriginalFiles.RemoteNXTFunctions.java" Implct="false" Intrnl_Id="301">
<Cond>
<Loc EndOffset="5801" SrcFileId="1" StartOffset="5797"/>
</Cond>
<LocList>
<Loc EndOffset="6041" SrcFileId="1" StartOffset="5802"/>
</LocList>
<StmntSeq Intrnl_Id="302">
<LocList>
<Loc EndOffset="6041" SrcFileId="1" StartOffset="5802"/>
</LocList>
<CondStmnt CovItemId="S73" CovItemPrefix="com.OriginalFiles.RemoteNXTFunctions.java" Intrnl_Id="303">
<Branch CovItemId="B59" CovItemPrefix="com.OriginalFiles.RemoteNXTFunctions.java" Implct="false" Intrnl_Id="304">
<Cond/>
<LocList>
<Loc EndOffset="5972" SrcFileId="1" StartOffset="5861"/>
</LocList>
<StmntSeq Intrnl_Id="305">
<LocList>
<Loc EndOffset="5953" SrcFileId="1" StartOffset="5884"/>
</LocList>
<BasicStmnt CovItemId="S74" CovItemPrefix="com.OriginalFiles.RemoteNXTFunctions.java" Intrnl_Id="306">
<LocList>
<Loc EndOffset="5953" SrcFileId="1" StartOffset="5884"/>
</LocList>
</BasicStmnt>
</StmntSeq>
</Branch>
<Branch CovItemId="B60" CovItemPrefix="com.OriginalFiles.RemoteNXTFunctions.java" Implct="false" Intrnl_Id="307">
<Cond>
<Loc EndOffset="5977" SrcFileId="1" StartOffset="5973"/>
</Cond>
<LocList>
<Loc EndOffset="6041" SrcFileId="1" StartOffset="5978"/>
</LocList>
<StmntSeq Intrnl_Id="308">
<LocList>
<Loc EndOffset="6022" SrcFileId="1" StartOffset="6001"/>
</LocList>
<BasicStmnt CovItemId="S75" CovItemPrefix="com.OriginalFiles.RemoteNXTFunctions.java" Intrnl_Id="309">
<LocList>
<Loc EndOffset="6022" SrcFileId="1" StartOffset="6001"/>
</LocList>
</BasicStmnt>
</StmntSeq>
</Branch>
<Keyword EndOffset="5804" SrcFileId="1" StartOffset="5802"/>
<LocList>
<Loc EndOffset="6041" SrcFileId="1" StartOffset="5802"/>
</LocList>
<RootTerm CovItemId="C32" CovItemPrefix="com.OriginalFiles.RemoteNXTFunctions.java" Intrnl_Id="310">
<BasicBoolTerm Intrnl_Id="311">
<LocList>
<Loc EndOffset="5859" SrcFileId="1" StartOffset="5806"/>
</LocList>
</BasicBoolTerm>
</RootTerm>
</CondStmnt>
</StmntSeq>
</Branch>
<Keyword EndOffset="5714" SrcFileId="1" StartOffset="5712"/>
<LocList>
<Loc EndOffset="6041" SrcFileId="1" StartOffset="5712"/>
</LocList>
<RootTerm CovItemId="C31" CovItemPrefix="com.OriginalFiles.RemoteNXTFunctions.java" Intrnl_Id="312">
<OpTerm BooleanOpId="10" Intrnl_Id="313">
<BasicBoolTerm Intrnl_Id="314">
<LocList>
<Loc EndOffset="5721" SrcFileId="1" StartOffset="5715"/>
</LocList>
</BasicBoolTerm>
<BasicBoolTerm Intrnl_Id="315">
<LocList>
<Loc EndOffset="5731" SrcFileId="1" StartOffset="5725"/>
</LocList>
</BasicBoolTerm>
<LocList>
<Loc EndOffset="5724" SrcFileId="1" StartOffset="5722"/>
</LocList>
</OpTerm>
</RootTerm>
</CondStmnt>
</StmntSeq>
</Branch>
<Branch CovItemId="B56" CovItemPrefix="com.OriginalFiles.RemoteNXTFunctions.java" Implct="false" Intrnl_Id="316">
<Cond>
<Loc EndOffset="6074" SrcFileId="1" StartOffset="6070"/>
</Cond>
<LocList>
<Loc EndOffset="11286" SrcFileId="1" StartOffset="6075"/>
</LocList>
<StmntSeq Intrnl_Id="317">
<LocList>
<Loc EndOffset="11286" SrcFileId="1" StartOffset="6075"/>
</LocList>
<CondStmnt CovItemId="S76" CovItemPrefix="com.OriginalFiles.RemoteNXTFunctions.java" Intrnl_Id="318">
<Branch CovItemId="B61" CovItemPrefix="com.OriginalFiles.RemoteNXTFunctions.java" Implct="false" Intrnl_Id="319">
<Cond/>
<LocList>
<Loc EndOffset="6558" SrcFileId="1" StartOffset="6105"/>
</LocList>
<StmntSeq Intrnl_Id="320">
<LocList>
<Loc EndOffset="6543" SrcFileId="1" StartOffset="6124"/>
</LocList>
<CondStmnt CovItemId="S77" CovItemPrefix="com.OriginalFiles.RemoteNXTFunctions.java" Intrnl_Id="321">
<Branch CovItemId="B63" CovItemPrefix="com.OriginalFiles.RemoteNXTFunctions.java" Implct="false" Intrnl_Id="322">
<Cond/>
<LocList>
<Loc EndOffset="6208" SrcFileId="1" StartOffset="6145"/>
</LocList>
<StmntSeq Intrnl_Id="323">
<LocList>
<Loc EndOffset="6189" SrcFileId="1" StartOffset="6168"/>
</LocList>
<BasicStmnt CovItemId="S78" CovItemPrefix="com.OriginalFiles.RemoteNXTFunctions.java" Intrnl_Id="324">
<LocList>
<Loc EndOffset="6189" SrcFileId="1" StartOffset="6168"/>
</LocList>
</BasicStmnt>
</StmntSeq>
</Branch>
<Branch CovItemId="B64" CovItemPrefix="com.OriginalFiles.RemoteNXTFunctions.java" Implct="false" Intrnl_Id="325">
<Cond>
<Loc EndOffset="6213" SrcFileId="1" StartOffset="6209"/>
</Cond>
<LocList>
<Loc EndOffset="6543" SrcFileId="1" StartOffset="6214"/>
</LocList>
<StmntSeq Intrnl_Id="326">
<LocList>
<Loc EndOffset="6543" SrcFileId="1" StartOffset="6214"/>
</LocList>
<CondStmnt CovItemId="S79" CovItemPrefix="com.OriginalFiles.RemoteNXTFunctions.java" Intrnl_Id="327">
<Branch CovItemId="B65" CovItemPrefix="com.OriginalFiles.RemoteNXTFunctions.java" Implct="false" Intrnl_Id="328">
<Cond/>
<LocList>
<Loc EndOffset="6298" SrcFileId="1" StartOffset="6235"/>
</LocList>
<StmntSeq Intrnl_Id="329">
<LocList>
<Loc EndOffset="6279" SrcFileId="1" StartOffset="6258"/>
</LocList>
<BasicStmnt CovItemId="S80" CovItemPrefix="com.OriginalFiles.RemoteNXTFunctions.java" Intrnl_Id="330">
<LocList>
<Loc EndOffset="6279" SrcFileId="1" StartOffset="6258"/>
</LocList>
</BasicStmnt>
</StmntSeq>
</Branch>
<Branch CovItemId="B66" CovItemPrefix="com.OriginalFiles.RemoteNXTFunctions.java" Implct="false" Intrnl_Id="331">
<Cond>
<Loc EndOffset="6303" SrcFileId="1" StartOffset="6299"/>
</Cond>
<LocList>
<Loc EndOffset="6543" SrcFileId="1" StartOffset="6304"/>
</LocList>
<StmntSeq Intrnl_Id="332">
<LocList>
<Loc EndOffset="6543" SrcFileId="1" StartOffset="6304"/>
</LocList>
<CondStmnt CovItemId="S81" CovItemPrefix="com.OriginalFiles.RemoteNXTFunctions.java" Intrnl_Id="333">
<Branch CovItemId="B67" CovItemPrefix="com.OriginalFiles.RemoteNXTFunctions.java" Implct="false" Intrnl_Id="334">
<Cond/>
<LocList>
<Loc EndOffset="6474" SrcFileId="1" StartOffset="6363"/>
</LocList>
<StmntSeq Intrnl_Id="335">
<LocList>
<Loc EndOffset="6455" SrcFileId="1" StartOffset="6386"/>
</LocList>
<BasicStmnt CovItemId="S82" CovItemPrefix="com.OriginalFiles.RemoteNXTFunctions.java" Intrnl_Id="336">
<LocList>
<Loc EndOffset="6455" SrcFileId="1" StartOffset="6386"/>
</LocList>
</BasicStmnt>
</StmntSeq>
</Branch>
<Branch CovItemId="B68" CovItemPrefix="com.OriginalFiles.RemoteNXTFunctions.java" Implct="false" Intrnl_Id="337">
<Cond>
<Loc EndOffset="6479" SrcFileId="1" StartOffset="6475"/>
</Cond>
<LocList>
<Loc EndOffset="6543" SrcFileId="1" StartOffset="6480"/>
</LocList>
<StmntSeq Intrnl_Id="338">
<LocList>
<Loc EndOffset="6524" SrcFileId="1" StartOffset="6503"/>
</LocList>
<BasicStmnt CovItemId="S83" CovItemPrefix="com.OriginalFiles.RemoteNXTFunctions.java" Intrnl_Id="339">
<LocList>
<Loc EndOffset="6524" SrcFileId="1" StartOffset="6503"/>
</LocList>
</BasicStmnt>
</StmntSeq>
</Branch>
<Keyword EndOffset="6306" SrcFileId="1" StartOffset="6304"/>
<LocList>
<Loc EndOffset="6543" SrcFileId="1" StartOffset="6304"/>
</LocList>
<RootTerm CovItemId="C36" CovItemPrefix="com.OriginalFiles.RemoteNXTFunctions.java" Intrnl_Id="340">
<BasicBoolTerm Intrnl_Id="341">
<LocList>
<Loc EndOffset="6361" SrcFileId="1" StartOffset="6308"/>
</LocList>
</BasicBoolTerm>
</RootTerm>
</CondStmnt>
</StmntSeq>
</Branch>
<Keyword EndOffset="6216" SrcFileId="1" StartOffset="6214"/>
<LocList>
<Loc EndOffset="6543" SrcFileId="1" StartOffset="6214"/>
</LocList>
<RootTerm CovItemId="C35" CovItemPrefix="com.OriginalFiles.RemoteNXTFunctions.java" Intrnl_Id="342">
<OpTerm BooleanOpId="10" Intrnl_Id="343">
<BasicBoolTerm Intrnl_Id="344">
<LocList>
<Loc EndOffset="6223" SrcFileId="1" StartOffset="6217"/>
</LocList>
</BasicBoolTerm>
<BasicBoolTerm Intrnl_Id="345">
<LocList>
<Loc EndOffset="6233" SrcFileId="1" StartOffset="6227"/>
</LocList>
</BasicBoolTerm>
<LocList>
<Loc EndOffset="6226" SrcFileId="1" StartOffset="6224"/>
</LocList>
</OpTerm>
</RootTerm>
</CondStmnt>
</StmntSeq>
</Branch>
<Keyword EndOffset="6126" SrcFileId="1" StartOffset="6124"/>
<LocList>
<Loc EndOffset="6543" SrcFileId="1" StartOffset="6124"/>
</LocList>
<RootTerm CovItemId="C34" CovItemPrefix="com.OriginalFiles.RemoteNXTFunctions.java" Intrnl_Id="346">
<OpTerm BooleanOpId="10" Intrnl_Id="347">
<BasicBoolTerm Intrnl_Id="348">
<LocList>
<Loc EndOffset="6133" SrcFileId="1" StartOffset="6127"/>
</LocList>
</BasicBoolTerm>
<BasicBoolTerm Intrnl_Id="349">
<LocList>
<Loc EndOffset="6143" SrcFileId="1" StartOffset="6137"/>
</LocList>
</BasicBoolTerm>
<LocList>
<Loc EndOffset="6136" SrcFileId="1" StartOffset="6134"/>
</LocList>
</OpTerm>
</RootTerm>
</CondStmnt>
</StmntSeq>
</Branch>
<Branch CovItemId="B62" CovItemPrefix="com.OriginalFiles.RemoteNXTFunctions.java" Implct="false" Intrnl_Id="350">
<Cond>
<Loc EndOffset="6576" SrcFileId="1" StartOffset="6572"/>
</Cond>
<LocList>
<Loc EndOffset="11286" SrcFileId="1" StartOffset="6577"/>
</LocList>
<StmntSeq Intrnl_Id="351">
<LocList>
<Loc EndOffset="11286" SrcFileId="1" StartOffset="6577"/>
</LocList>
<CondStmnt CovItemId="S84" CovItemPrefix="com.OriginalFiles.RemoteNXTFunctions.java" Intrnl_Id="352">
<Branch CovItemId="B69" CovItemPrefix="com.OriginalFiles.RemoteNXTFunctions.java" Implct="false" Intrnl_Id="353">
<Cond/>
<LocList>
<Loc EndOffset="7060" SrcFileId="1" StartOffset="6607"/>
</LocList>
<StmntSeq Intrnl_Id="354">
<LocList>
<Loc EndOffset="7045" SrcFileId="1" StartOffset="6626"/>
</LocList>
<CondStmnt CovItemId="S85" CovItemPrefix="com.OriginalFiles.RemoteNXTFunctions.java" Intrnl_Id="355">
<Branch CovItemId="B71" CovItemPrefix="com.OriginalFiles.RemoteNXTFunctions.java" Implct="false" Intrnl_Id="356">
<Cond/>
<LocList>
<Loc EndOffset="6710" SrcFileId="1" StartOffset="6647"/>
</LocList>
<StmntSeq Intrnl_Id="357">
<LocList>
<Loc EndOffset="6691" SrcFileId="1" StartOffset="6670"/>
</LocList>
<BasicStmnt CovItemId="S86" CovItemPrefix="com.OriginalFiles.RemoteNXTFunctions.java" Intrnl_Id="358">
<LocList>
<Loc EndOffset="6691" SrcFileId="1" StartOffset="6670"/>
</LocList>
</BasicStmnt>
</StmntSeq>
</Branch>
<Branch CovItemId="B72" CovItemPrefix="com.OriginalFiles.RemoteNXTFunctions.java" Implct="false" Intrnl_Id="359">
<Cond>
<Loc EndOffset="6715" SrcFileId="1" StartOffset="6711"/>
</Cond>
<LocList>
<Loc EndOffset="7045" SrcFileId="1" StartOffset="6716"/>
</LocList>
<StmntSeq Intrnl_Id="360">
<LocList>
<Loc EndOffset="7045" SrcFileId="1" StartOffset="6716"/>
</LocList>
<CondStmnt CovItemId="S87" CovItemPrefix="com.OriginalFiles.RemoteNXTFunctions.java" Intrnl_Id="361">
<Branch CovItemId="B73" CovItemPrefix="com.OriginalFiles.RemoteNXTFunctions.java" Implct="false" Intrnl_Id="362">
<Cond/>
<LocList>
<Loc EndOffset="6800" SrcFileId="1" StartOffset="6737"/>
</LocList>
<StmntSeq Intrnl_Id="363">
<LocList>
<Loc EndOffset="6781" SrcFileId="1" StartOffset="6760"/>
</LocList>
<BasicStmnt CovItemId="S88" CovItemPrefix="com.OriginalFiles.RemoteNXTFunctions.java" Intrnl_Id="364">
<LocList>
<Loc EndOffset="6781" SrcFileId="1" StartOffset="6760"/>
</LocList>
</BasicStmnt>
</StmntSeq>
</Branch>
<Branch CovItemId="B74" CovItemPrefix="com.OriginalFiles.RemoteNXTFunctions.java" Implct="false" Intrnl_Id="365">
<Cond>
<Loc EndOffset="6805" SrcFileId="1" StartOffset="6801"/>
</Cond>
<LocList>
<Loc EndOffset="7045" SrcFileId="1" StartOffset="6806"/>
</LocList>
<StmntSeq Intrnl_Id="366">
<LocList>
<Loc EndOffset="7045" SrcFileId="1" StartOffset="6806"/>
</LocList>
<CondStmnt CovItemId="S89" CovItemPrefix="com.OriginalFiles.RemoteNXTFunctions.java" Intrnl_Id="367">
<Branch CovItemId="B75" CovItemPrefix="com.OriginalFiles.RemoteNXTFunctions.java" Implct="false" Intrnl_Id="368">
<Cond/>
<LocList>
<Loc EndOffset="6976" SrcFileId="1" StartOffset="6865"/>
</LocList>
<StmntSeq Intrnl_Id="369">
<LocList>
<Loc EndOffset="6957" SrcFileId="1" StartOffset="6888"/>
</LocList>
<BasicStmnt CovItemId="S90" CovItemPrefix="com.OriginalFiles.RemoteNXTFunctions.java" Intrnl_Id="370">
<LocList>
<Loc EndOffset="6957" SrcFileId="1" StartOffset="6888"/>
</LocList>
</BasicStmnt>
</StmntSeq>
</Branch>
<Branch CovItemId="B76" CovItemPrefix="com.OriginalFiles.RemoteNXTFunctions.java" Implct="false" Intrnl_Id="371">
<Cond>
<Loc EndOffset="6981" SrcFileId="1" StartOffset="6977"/>
</Cond>
<LocList>
<Loc EndOffset="7045" SrcFileId="1" StartOffset="6982"/>
</LocList>
<StmntSeq Intrnl_Id="372">
<LocList>
<Loc EndOffset="7026" SrcFileId="1" StartOffset="7005"/>
</LocList>
<BasicStmnt CovItemId="S91" CovItemPrefix="com.OriginalFiles.RemoteNXTFunctions.java" Intrnl_Id="373">
<LocList>
<Loc EndOffset="7026" SrcFileId="1" StartOffset="7005"/>
</LocList>
</BasicStmnt>
</StmntSeq>
</Branch>
<Keyword EndOffset="6808" SrcFileId="1" StartOffset="6806"/>
<LocList>
<Loc EndOffset="7045" SrcFileId="1" StartOffset="6806"/>
</LocList>
<RootTerm CovItemId="C40" CovItemPrefix="com.OriginalFiles.RemoteNXTFunctions.java" Intrnl_Id="374">
<BasicBoolTerm Intrnl_Id="375">
<LocList>
<Loc EndOffset="6863" SrcFileId="1" StartOffset="6810"/>
</LocList>
</BasicBoolTerm>
</RootTerm>
</CondStmnt>
</StmntSeq>
</Branch>
<Keyword EndOffset="6718" SrcFileId="1" StartOffset="6716"/>
<LocList>
<Loc EndOffset="7045" SrcFileId="1" StartOffset="6716"/>
</LocList>
<RootTerm CovItemId="C39" CovItemPrefix="com.OriginalFiles.RemoteNXTFunctions.java" Intrnl_Id="376">
<OpTerm BooleanOpId="10" Intrnl_Id="377">
<BasicBoolTerm Intrnl_Id="378">
<LocList>
<Loc EndOffset="6725" SrcFileId="1" StartOffset="6719"/>
</LocList>
</BasicBoolTerm>
<BasicBoolTerm Intrnl_Id="379">
<LocList>
<Loc EndOffset="6735" SrcFileId="1" StartOffset="6729"/>
</LocList>
</BasicBoolTerm>
<LocList>
<Loc EndOffset="6728" SrcFileId="1" StartOffset="6726"/>
</LocList>
</OpTerm>
</RootTerm>
</CondStmnt>
</StmntSeq>
</Branch>
<Keyword EndOffset="6628" SrcFileId="1" StartOffset="6626"/>
<LocList>
<Loc EndOffset="7045" SrcFileId="1" StartOffset="6626"/>
</LocList>
<RootTerm CovItemId="C38" CovItemPrefix="com.OriginalFiles.RemoteNXTFunctions.java" Intrnl_Id="380">
<OpTerm BooleanOpId="10" Intrnl_Id="381">
<BasicBoolTerm Intrnl_Id="382">
<LocList>
<Loc EndOffset="6635" SrcFileId="1" StartOffset="6629"/>
</LocList>
</BasicBoolTerm>
<BasicBoolTerm Intrnl_Id="383">
<LocList>
<Loc EndOffset="6645" SrcFileId="1" StartOffset="6639"/>
</LocList>
</BasicBoolTerm>
<LocList>
<Loc EndOffset="6638" SrcFileId="1" StartOffset="6636"/>
</LocList>
</OpTerm>
</RootTerm>
</CondStmnt>
</StmntSeq>
</Branch>
<Branch CovItemId="B70" CovItemPrefix="com.OriginalFiles.RemoteNXTFunctions.java" Implct="false" Intrnl_Id="384">
<Cond>
<Loc EndOffset="7078" SrcFileId="1" StartOffset="7074"/>
</Cond>
<LocList>
<Loc EndOffset="11286" SrcFileId="1" StartOffset="7079"/>
</LocList>
<StmntSeq Intrnl_Id="385">
<LocList>
<Loc EndOffset="11286" SrcFileId="1" StartOffset="7079"/>
</LocList>
<CondStmnt CovItemId="S92" CovItemPrefix="com.OriginalFiles.RemoteNXTFunctions.java" Intrnl_Id="386">
<Branch CovItemId="B77" CovItemPrefix="com.OriginalFiles.RemoteNXTFunctions.java" Implct="false" Intrnl_Id="387">
<Cond/>
<LocList>
<Loc EndOffset="7562" SrcFileId="1" StartOffset="7109"/>
</LocList>
<StmntSeq Intrnl_Id="388">
<LocList>
<Loc EndOffset="7547" SrcFileId="1" StartOffset="7128"/>
</LocList>
<CondStmnt CovItemId="S93" CovItemPrefix="com.OriginalFiles.RemoteNXTFunctions.java" Intrnl_Id="389">
<Branch CovItemId="B79" CovItemPrefix="com.OriginalFiles.RemoteNXTFunctions.java" Implct="false" Intrnl_Id="390">
<Cond/>
<LocList>
<Loc EndOffset="7212" SrcFileId="1" StartOffset="7149"/>
</LocList>
<StmntSeq Intrnl_Id="391">
<LocList>
<Loc EndOffset="7193" SrcFileId="1" StartOffset="7172"/>
</LocList>
<BasicStmnt CovItemId="S94" CovItemPrefix="com.OriginalFiles.RemoteNXTFunctions.java" Intrnl_Id="392">
<LocList>
<Loc EndOffset="7193" SrcFileId="1" StartOffset="7172"/>
</LocList>
</BasicStmnt>
</StmntSeq>
</Branch>
<Branch CovItemId="B80" CovItemPrefix="com.OriginalFiles.RemoteNXTFunctions.java" Implct="false" Intrnl_Id="393">
<Cond>
<Loc EndOffset="7217" SrcFileId="1" StartOffset="7213"/>
</Cond>
<LocList>
<Loc EndOffset="7547" SrcFileId="1" StartOffset="7218"/>
</LocList>
<StmntSeq Intrnl_Id="394">
<LocList>
<Loc EndOffset="7547" SrcFileId="1" StartOffset="7218"/>
</LocList>
<CondStmnt CovItemId="S95" CovItemPrefix="com.OriginalFiles.RemoteNXTFunctions.java" Intrnl_Id="395">
<Branch CovItemId="B81" CovItemPrefix="com.OriginalFiles.RemoteNXTFunctions.java" Implct="false" Intrnl_Id="396">
<Cond/>
<LocList>
<Loc EndOffset="7302" SrcFileId="1" StartOffset="7239"/>
</LocList>
<StmntSeq Intrnl_Id="397">
<LocList>
<Loc EndOffset="7283" SrcFileId="1" StartOffset="7262"/>
</LocList>
<BasicStmnt CovItemId="S96" CovItemPrefix="com.OriginalFiles.RemoteNXTFunctions.java" Intrnl_Id="398">
<LocList>
<Loc EndOffset="7283" SrcFileId="1" StartOffset="7262"/>
</LocList>
</BasicStmnt>
</StmntSeq>
</Branch>
<Branch CovItemId="B82" CovItemPrefix="com.OriginalFiles.RemoteNXTFunctions.java" Implct="false" Intrnl_Id="399">
<Cond>
<Loc EndOffset="7307" SrcFileId="1" StartOffset="7303"/>
</Cond>
<LocList>
<Loc EndOffset="7547" SrcFileId="1" StartOffset="7308"/>
</LocList>
<StmntSeq Intrnl_Id="400">
<LocList>
<Loc EndOffset="7547" SrcFileId="1" StartOffset="7308"/>
</LocList>
<CondStmnt CovItemId="S97" CovItemPrefix="com.OriginalFiles.RemoteNXTFunctions.java" Intrnl_Id="401">
<Branch CovItemId="B83" CovItemPrefix="com.OriginalFiles.RemoteNXTFunctions.java" Implct="false" Intrnl_Id="402">
<Cond/>
<LocList>
<Loc EndOffset="7478" SrcFileId="1" StartOffset="7367"/>
</LocList>
<StmntSeq Intrnl_Id="403">
<LocList>
<Loc EndOffset="7459" SrcFileId="1" StartOffset="7390"/>
</LocList>
<BasicStmnt CovItemId="S98" CovItemPrefix="com.OriginalFiles.RemoteNXTFunctions.java" Intrnl_Id="404">
<LocList>
<Loc EndOffset="7459" SrcFileId="1" StartOffset="7390"/>
</LocList>
</BasicStmnt>
</StmntSeq>
</Branch>
<Branch CovItemId="B84" CovItemPrefix="com.OriginalFiles.RemoteNXTFunctions.java" Implct="false" Intrnl_Id="405">
<Cond>
<Loc EndOffset="7483" SrcFileId="1" StartOffset="7479"/>
</Cond>
<LocList>
<Loc EndOffset="7547" SrcFileId="1" StartOffset="7484"/>
</LocList>
<StmntSeq Intrnl_Id="406">
<LocList>
<Loc EndOffset="7528" SrcFileId="1" StartOffset="7507"/>
</LocList>
<BasicStmnt CovItemId="S99" CovItemPrefix="com.OriginalFiles.RemoteNXTFunctions.java" Intrnl_Id="407">
<LocList>
<Loc EndOffset="7528" SrcFileId="1" StartOffset="7507"/>
</LocList>
</BasicStmnt>
</StmntSeq>
</Branch>
<Keyword EndOffset="7310" SrcFileId="1" StartOffset="7308"/>
<LocList>
<Loc EndOffset="7547" SrcFileId="1" StartOffset="7308"/>
</LocList>
<RootTerm CovItemId="C44" CovItemPrefix="com.OriginalFiles.RemoteNXTFunctions.java" Intrnl_Id="408">
<BasicBoolTerm Intrnl_Id="409">
<LocList>
<Loc EndOffset="7365" SrcFileId="1" StartOffset="7312"/>
</LocList>
</BasicBoolTerm>
</RootTerm>
</CondStmnt>
</StmntSeq>
</Branch>
<Keyword EndOffset="7220" SrcFileId="1" StartOffset="7218"/>
<LocList>
<Loc EndOffset="7547" SrcFileId="1" StartOffset="7218"/>
</LocList>
<RootTerm CovItemId="C43" CovItemPrefix="com.OriginalFiles.RemoteNXTFunctions.java" Intrnl_Id="410">
<OpTerm BooleanOpId="10" Intrnl_Id="411">
<BasicBoolTerm Intrnl_Id="412">
<LocList>
<Loc EndOffset="7227" SrcFileId="1" StartOffset="7221"/>
</LocList>
</BasicBoolTerm>
<BasicBoolTerm Intrnl_Id="413">
<LocList>
<Loc EndOffset="7237" SrcFileId="1" StartOffset="7231"/>
</LocList>
</BasicBoolTerm>
<LocList>
<Loc EndOffset="7230" SrcFileId="1" StartOffset="7228"/>
</LocList>
</OpTerm>
</RootTerm>
</CondStmnt>
</StmntSeq>
</Branch>
<Keyword EndOffset="7130" SrcFileId="1" StartOffset="7128"/>
<LocList>
<Loc EndOffset="7547" SrcFileId="1" StartOffset="7128"/>
</LocList>
<RootTerm CovItemId="C42" CovItemPrefix="com.OriginalFiles.RemoteNXTFunctions.java" Intrnl_Id="414">
<OpTerm BooleanOpId="10" Intrnl_Id="415">
<BasicBoolTerm Intrnl_Id="416">
<LocList>
<Loc EndOffset="7137" SrcFileId="1" StartOffset="7131"/>
</LocList>
</BasicBoolTerm>
<BasicBoolTerm Intrnl_Id="417">
<LocList>
<Loc EndOffset="7147" SrcFileId="1" StartOffset="7141"/>
</LocList>
</BasicBoolTerm>
<LocList>
<Loc EndOffset="7140" SrcFileId="1" StartOffset="7138"/>
</LocList>
</OpTerm>
</RootTerm>
</CondStmnt>
</StmntSeq>
</Branch>
<Branch CovItemId="B78" CovItemPrefix="com.OriginalFiles.RemoteNXTFunctions.java" Implct="false" Intrnl_Id="418">
<Cond>
<Loc EndOffset="7580" SrcFileId="1" StartOffset="7576"/>
</Cond>
<LocList>
<Loc EndOffset="11286" SrcFileId="1" StartOffset="7581"/>
</LocList>
<StmntSeq Intrnl_Id="419">
<LocList>
<Loc EndOffset="11286" SrcFileId="1" StartOffset="7581"/>
</LocList>
<CondStmnt CovItemId="S100" CovItemPrefix="com.OriginalFiles.RemoteNXTFunctions.java" Intrnl_Id="420">
<Branch CovItemId="B85" CovItemPrefix="com.OriginalFiles.RemoteNXTFunctions.java" Implct="false" Intrnl_Id="421">
<Cond/>
<LocList>
<Loc EndOffset="8064" SrcFileId="1" StartOffset="7611"/>
</LocList>
<StmntSeq Intrnl_Id="422">
<LocList>
<Loc EndOffset="8049" SrcFileId="1" StartOffset="7630"/>
</LocList>
<CondStmnt CovItemId="S101" CovItemPrefix="com.OriginalFiles.RemoteNXTFunctions.java" Intrnl_Id="423">
<Branch CovItemId="B87" CovItemPrefix="com.OriginalFiles.RemoteNXTFunctions.java" Implct="false" Intrnl_Id="424">
<Cond/>
<LocList>
<Loc EndOffset="7714" SrcFileId="1" StartOffset="7651"/>
</LocList>
<StmntSeq Intrnl_Id="425">
<LocList>
<Loc EndOffset="7695" SrcFileId="1" StartOffset="7674"/>
</LocList>
<BasicStmnt CovItemId="S102" CovItemPrefix="com.OriginalFiles.RemoteNXTFunctions.java" Intrnl_Id="426">
<LocList>
<Loc EndOffset="7695" SrcFileId="1" StartOffset="7674"/>
</LocList>
</BasicStmnt>
</StmntSeq>
</Branch>
<Branch CovItemId="B88" CovItemPrefix="com.OriginalFiles.RemoteNXTFunctions.java" Implct="false" Intrnl_Id="427">
<Cond>
<Loc EndOffset="7719" SrcFileId="1" StartOffset="7715"/>
</Cond>
<LocList>
<Loc EndOffset="8049" SrcFileId="1" StartOffset="7720"/>
</LocList>
<StmntSeq Intrnl_Id="428">
<LocList>
<Loc EndOffset="8049" SrcFileId="1" StartOffset="7720"/>
</LocList>
<CondStmnt CovItemId="S103" CovItemPrefix="com.OriginalFiles.RemoteNXTFunctions.java" Intrnl_Id="429">
<Branch CovItemId="B89" CovItemPrefix="com.OriginalFiles.RemoteNXTFunctions.java" Implct="false" Intrnl_Id="430">
<Cond/>
<LocList>
<Loc EndOffset="7804" SrcFileId="1" StartOffset="7741"/>
</LocList>
<StmntSeq Intrnl_Id="431">
<LocList>
<Loc EndOffset="7785" SrcFileId="1" StartOffset="7764"/>
</LocList>
<BasicStmnt CovItemId="S104" CovItemPrefix="com.OriginalFiles.RemoteNXTFunctions.java" Intrnl_Id="432">
<LocList>
<Loc EndOffset="7785" SrcFileId="1" StartOffset="7764"/>
</LocList>
</BasicStmnt>
</StmntSeq>
</Branch>
<Branch CovItemId="B90" CovItemPrefix="com.OriginalFiles.RemoteNXTFunctions.java" Implct="false" Intrnl_Id="433">
<Cond>
<Loc EndOffset="7809" SrcFileId="1" StartOffset="7805"/>
</Cond>
<LocList>
<Loc EndOffset="8049" SrcFileId="1" StartOffset="7810"/>
</LocList>
<StmntSeq Intrnl_Id="434">
<LocList>
<Loc EndOffset="8049" SrcFileId="1" StartOffset="7810"/>
</LocList>
<CondStmnt CovItemId="S105" CovItemPrefix="com.OriginalFiles.RemoteNXTFunctions.java" Intrnl_Id="435">
<Branch CovItemId="B91" CovItemPrefix="com.OriginalFiles.RemoteNXTFunctions.java" Implct="false" Intrnl_Id="436">
<Cond/>
<LocList>
<Loc EndOffset="7980" SrcFileId="1" StartOffset="7869"/>
</LocList>
<StmntSeq Intrnl_Id="437">
<LocList>
<Loc EndOffset="7961" SrcFileId="1" StartOffset="7892"/>
</LocList>
<BasicStmnt CovItemId="S106" CovItemPrefix="com.OriginalFiles.RemoteNXTFunctions.java" Intrnl_Id="438">
<LocList>
<Loc EndOffset="7961" SrcFileId="1" StartOffset="7892"/>
</LocList>
</BasicStmnt>
</StmntSeq>
</Branch>
<Branch CovItemId="B92" CovItemPrefix="com.OriginalFiles.RemoteNXTFunctions.java" Implct="false" Intrnl_Id="439">
<Cond>
<Loc EndOffset="7985" SrcFileId="1" StartOffset="7981"/>
</Cond>
<LocList>
<Loc EndOffset="8049" SrcFileId="1" StartOffset="7986"/>
</LocList>
<StmntSeq Intrnl_Id="440">
<LocList>
<Loc EndOffset="8030" SrcFileId="1" StartOffset="8009"/>
</LocList>
<BasicStmnt CovItemId="S107" CovItemPrefix="com.OriginalFiles.RemoteNXTFunctions.java" Intrnl_Id="441">
<LocList>
<Loc EndOffset="8030" SrcFileId="1" StartOffset="8009"/>
</LocList>
</BasicStmnt>
</StmntSeq>
</Branch>
<Keyword EndOffset="7812" SrcFileId="1" StartOffset="7810"/>
<LocList>
<Loc EndOffset="8049" SrcFileId="1" StartOffset="7810"/>
</LocList>
<RootTerm CovItemId="C48" CovItemPrefix="com.OriginalFiles.RemoteNXTFunctions.java" Intrnl_Id="442">
<BasicBoolTerm Intrnl_Id="443">
<LocList>
<Loc EndOffset="7867" SrcFileId="1" StartOffset="7814"/>
</LocList>
</BasicBoolTerm>
</RootTerm>
</CondStmnt>
</StmntSeq>
</Branch>
<Keyword EndOffset="7722" SrcFileId="1" StartOffset="7720"/>
<LocList>
<Loc EndOffset="8049" SrcFileId="1" StartOffset="7720"/>
</LocList>
<RootTerm CovItemId="C47" CovItemPrefix="com.OriginalFiles.RemoteNXTFunctions.java" Intrnl_Id="444">
<OpTerm BooleanOpId="10" Intrnl_Id="445">
<BasicBoolTerm Intrnl_Id="446">
<LocList>
<Loc EndOffset="7729" SrcFileId="1" StartOffset="7723"/>
</LocList>
</BasicBoolTerm>
<BasicBoolTerm Intrnl_Id="447">
<LocList>
<Loc EndOffset="7739" SrcFileId="1" StartOffset="7733"/>
</LocList>
</BasicBoolTerm>
<LocList>
<Loc EndOffset="7732" SrcFileId="1" StartOffset="7730"/>
</LocList>
</OpTerm>
</RootTerm>
</CondStmnt>
</StmntSeq>
</Branch>
<Keyword EndOffset="7632" SrcFileId="1" StartOffset="7630"/>
<LocList>
<Loc EndOffset="8049" SrcFileId="1" StartOffset="7630"/>
</LocList>
<RootTerm CovItemId="C46" CovItemPrefix="com.OriginalFiles.RemoteNXTFunctions.java" Intrnl_Id="448">
<OpTerm BooleanOpId="10" Intrnl_Id="449">
<BasicBoolTerm Intrnl_Id="450">
<LocList>
<Loc EndOffset="7639" SrcFileId="1" StartOffset="7633"/>
</LocList>
</BasicBoolTerm>
<BasicBoolTerm Intrnl_Id="451">
<LocList>
<Loc EndOffset="7649" SrcFileId="1" StartOffset="7643"/>
</LocList>
</BasicBoolTerm>
<LocList>
<Loc EndOffset="7642" SrcFileId="1" StartOffset="7640"/>
</LocList>
</OpTerm>
</RootTerm>
</CondStmnt>
</StmntSeq>
</Branch>
<Branch CovItemId="B86" CovItemPrefix="com.OriginalFiles.RemoteNXTFunctions.java" Implct="false" Intrnl_Id="452">
<Cond>
<Loc EndOffset="8082" SrcFileId="1" StartOffset="8078"/>
</Cond>
<LocList>
<Loc EndOffset="11286" SrcFileId="1" StartOffset="8083"/>
</LocList>
<StmntSeq Intrnl_Id="453">
<LocList>
<Loc EndOffset="11286" SrcFileId="1" StartOffset="8083"/>
</LocList>
<CondStmnt CovItemId="S108" CovItemPrefix="com.OriginalFiles.RemoteNXTFunctions.java" Intrnl_Id="454">
<Branch CovItemId="B93" CovItemPrefix="com.OriginalFiles.RemoteNXTFunctions.java" Implct="false" Intrnl_Id="455">
<Cond/>
<LocList>
<Loc EndOffset="8656" SrcFileId="1" StartOffset="8113"/>
</LocList>
<StmntSeq Intrnl_Id="456">
<LocList>
<Loc EndOffset="8641" SrcFileId="1" StartOffset="8132"/>
</LocList>
<CondStmnt CovItemId="S109" CovItemPrefix="com.OriginalFiles.RemoteNXTFunctions.java" Intrnl_Id="457">
<Branch CovItemId="B95" CovItemPrefix="com.OriginalFiles.RemoteNXTFunctions.java" Implct="false" Intrnl_Id="458">
<Cond/>
<LocList>
<Loc EndOffset="8216" SrcFileId="1" StartOffset="8153"/>
</LocList>
<StmntSeq Intrnl_Id="459">
<LocList>
<Loc EndOffset="8197" SrcFileId="1" StartOffset="8176"/>
</LocList>
<BasicStmnt CovItemId="S110" CovItemPrefix="com.OriginalFiles.RemoteNXTFunctions.java" Intrnl_Id="460">
<LocList>
<Loc EndOffset="8197" SrcFileId="1" StartOffset="8176"/>
</LocList>
</BasicStmnt>
</StmntSeq>
</Branch>
<Branch CovItemId="B96" CovItemPrefix="com.OriginalFiles.RemoteNXTFunctions.java" Implct="false" Intrnl_Id="461">
<Cond>
<Loc EndOffset="8221" SrcFileId="1" StartOffset="8217"/>
</Cond>
<LocList>
<Loc EndOffset="8641" SrcFileId="1" StartOffset="8222"/>
</LocList>
<StmntSeq Intrnl_Id="462">
<LocList>
<Loc EndOffset="8641" SrcFileId="1" StartOffset="8222"/>
</LocList>
<CondStmnt CovItemId="S111" CovItemPrefix="com.OriginalFiles.RemoteNXTFunctions.java" Intrnl_Id="463">
<Branch CovItemId="B97" CovItemPrefix="com.OriginalFiles.RemoteNXTFunctions.java" Implct="false" Intrnl_Id="464">
<Cond/>
<LocList>
<Loc EndOffset="8306" SrcFileId="1" StartOffset="8243"/>
</LocList>
<StmntSeq Intrnl_Id="465">
<LocList>
<Loc EndOffset="8287" SrcFileId="1" StartOffset="8266"/>
</LocList>
<BasicStmnt CovItemId="S112" CovItemPrefix="com.OriginalFiles.RemoteNXTFunctions.java" Intrnl_Id="466">
<LocList>
<Loc EndOffset="8287" SrcFileId="1" StartOffset="8266"/>
</LocList>
</BasicStmnt>
</StmntSeq>
</Branch>
<Branch CovItemId="B98" CovItemPrefix="com.OriginalFiles.RemoteNXTFunctions.java" Implct="false" Intrnl_Id="467">
<Cond>
<Loc EndOffset="8311" SrcFileId="1" StartOffset="8307"/>
</Cond>
<LocList>
<Loc EndOffset="8641" SrcFileId="1" StartOffset="8312"/>
</LocList>
<StmntSeq Intrnl_Id="468">
<LocList>
<Loc EndOffset="8641" SrcFileId="1" StartOffset="8312"/>
</LocList>
<CondStmnt CovItemId="S113" CovItemPrefix="com.OriginalFiles.RemoteNXTFunctions.java" Intrnl_Id="469">
<Branch CovItemId="B99" CovItemPrefix="com.OriginalFiles.RemoteNXTFunctions.java" Implct="false" Intrnl_Id="470">
<Cond/>
<LocList>
<Loc EndOffset="8396" SrcFileId="1" StartOffset="8333"/>
</LocList>
<StmntSeq Intrnl_Id="471">
<LocList>
<Loc EndOffset="8377" SrcFileId="1" StartOffset="8356"/>
</LocList>
<BasicStmnt CovItemId="S114" CovItemPrefix="com.OriginalFiles.RemoteNXTFunctions.java" Intrnl_Id="472">
<LocList>
<Loc EndOffset="8377" SrcFileId="1" StartOffset="8356"/>
</LocList>
</BasicStmnt>
</StmntSeq>
</Branch>
<Branch CovItemId="B100" CovItemPrefix="com.OriginalFiles.RemoteNXTFunctions.java" Implct="false" Intrnl_Id="473">
<Cond>
<Loc EndOffset="8401" SrcFileId="1" StartOffset="8397"/>
</Cond>
<LocList>
<Loc EndOffset="8641" SrcFileId="1" StartOffset="8402"/>
</LocList>
<StmntSeq Intrnl_Id="474">
<LocList>
<Loc EndOffset="8641" SrcFileId="1" StartOffset="8402"/>
</LocList>
<CondStmnt CovItemId="S115" CovItemPrefix="com.OriginalFiles.RemoteNXTFunctions.java" Intrnl_Id="475">
<Branch CovItemId="B101" CovItemPrefix="com.OriginalFiles.RemoteNXTFunctions.java" Implct="false" Intrnl_Id="476">
<Cond/>
<LocList>
<Loc EndOffset="8572" SrcFileId="1" StartOffset="8461"/>
</LocList>
<StmntSeq Intrnl_Id="477">
<LocList>
<Loc EndOffset="8553" SrcFileId="1" StartOffset="8484"/>
</LocList>
<BasicStmnt CovItemId="S116" CovItemPrefix="com.OriginalFiles.RemoteNXTFunctions.java" Intrnl_Id="478">
<LocList>
<Loc EndOffset="8553" SrcFileId="1" StartOffset="8484"/>
</LocList>
</BasicStmnt>
</StmntSeq>
</Branch>
<Branch CovItemId="B102" CovItemPrefix="com.OriginalFiles.RemoteNXTFunctions.java" Implct="false" Intrnl_Id="479">
<Cond>
<Loc EndOffset="8577" SrcFileId="1" StartOffset="8573"/>
</Cond>
<LocList>
<Loc EndOffset="8641" SrcFileId="1" StartOffset="8578"/>
</LocList>
<StmntSeq Intrnl_Id="480">
<LocList>
<Loc EndOffset="8622" SrcFileId="1" StartOffset="8601"/>
</LocList>
<BasicStmnt CovItemId="S117" CovItemPrefix="com.OriginalFiles.RemoteNXTFunctions.java" Intrnl_Id="481">
<LocList>
<Loc EndOffset="8622" SrcFileId="1" StartOffset="8601"/>
</LocList>
</BasicStmnt>
</StmntSeq>
</Branch>
<Keyword EndOffset="8404" SrcFileId="1" StartOffset="8402"/>
<LocList>
<Loc EndOffset="8641" SrcFileId="1" StartOffset="8402"/>
</LocList>
<RootTerm CovItemId="C53" CovItemPrefix="com.OriginalFiles.RemoteNXTFunctions.java" Intrnl_Id="482">
<BasicBoolTerm Intrnl_Id="483">
<LocList>
<Loc EndOffset="8459" SrcFileId="1" StartOffset="8406"/>
</LocList>
</BasicBoolTerm>
</RootTerm>
</CondStmnt>
</StmntSeq>
</Branch>
<Keyword EndOffset="8314" SrcFileId="1" StartOffset="8312"/>
<LocList>
<Loc EndOffset="8641" SrcFileId="1" StartOffset="8312"/>
</LocList>
<RootTerm CovItemId="C52" CovItemPrefix="com.OriginalFiles.RemoteNXTFunctions.java" Intrnl_Id="484">
<OpTerm BooleanOpId="10" Intrnl_Id="485">
<BasicBoolTerm Intrnl_Id="486">
<LocList>
<Loc EndOffset="8321" SrcFileId="1" StartOffset="8315"/>
</LocList>
</BasicBoolTerm>
<BasicBoolTerm Intrnl_Id="487">
<LocList>
<Loc EndOffset="8331" SrcFileId="1" StartOffset="8325"/>
</LocList>
</BasicBoolTerm>
<LocList>
<Loc EndOffset="8324" SrcFileId="1" StartOffset="8322"/>
</LocList>
</OpTerm>
</RootTerm>
</CondStmnt>
</StmntSeq>
</Branch>
<Keyword EndOffset="8224" SrcFileId="1" StartOffset="8222"/>
<LocList>
<Loc EndOffset="8641" SrcFileId="1" StartOffset="8222"/>
</LocList>
<RootTerm CovItemId="C51" CovItemPrefix="com.OriginalFiles.RemoteNXTFunctions.java" Intrnl_Id="488">
<OpTerm BooleanOpId="10" Intrnl_Id="489">
<BasicBoolTerm Intrnl_Id="490">
<LocList>
<Loc EndOffset="8231" SrcFileId="1" StartOffset="8225"/>
</LocList>
</BasicBoolTerm>
<BasicBoolTerm Intrnl_Id="491">
<LocList>
<Loc EndOffset="8241" SrcFileId="1" StartOffset="8235"/>
</LocList>
</BasicBoolTerm>
<LocList>
<Loc EndOffset="8234" SrcFileId="1" StartOffset="8232"/>
</LocList>
</OpTerm>
</RootTerm>
</CondStmnt>
</StmntSeq>
</Branch>
<Keyword EndOffset="8134" SrcFileId="1" StartOffset="8132"/>
<LocList>
<Loc EndOffset="8641" SrcFileId="1" StartOffset="8132"/>
</LocList>
<RootTerm CovItemId="C50" CovItemPrefix="com.OriginalFiles.RemoteNXTFunctions.java" Intrnl_Id="492">
<OpTerm BooleanOpId="10" Intrnl_Id="493">
<BasicBoolTerm Intrnl_Id="494">
<LocList>
<Loc EndOffset="8141" SrcFileId="1" StartOffset="8135"/>
</LocList>
</BasicBoolTerm>
<BasicBoolTerm Intrnl_Id="495">
<LocList>
<Loc EndOffset="8151" SrcFileId="1" StartOffset="8145"/>
</LocList>
</BasicBoolTerm>
<LocList>
<Loc EndOffset="8144" SrcFileId="1" StartOffset="8142"/>
</LocList>
</OpTerm>
</RootTerm>
</CondStmnt>
</StmntSeq>
</Branch>
<Branch CovItemId="B94" CovItemPrefix="com.OriginalFiles.RemoteNXTFunctions.java" Implct="false" Intrnl_Id="496">
<Cond>
<Loc EndOffset="8661" SrcFileId="1" StartOffset="8657"/>
</Cond>
<LocList>
<Loc EndOffset="11286" SrcFileId="1" StartOffset="8662"/>
</LocList>
<StmntSeq Intrnl_Id="497">
<LocList>
<Loc EndOffset="11286" SrcFileId="1" StartOffset="8662"/>
</LocList>
<CondStmnt CovItemId="S118" CovItemPrefix="com.OriginalFiles.RemoteNXTFunctions.java" Intrnl_Id="498">
<Branch CovItemId="B103" CovItemPrefix="com.OriginalFiles.RemoteNXTFunctions.java" Implct="false" Intrnl_Id="499">
<Cond/>
<LocList>
<Loc EndOffset="9236" SrcFileId="1" StartOffset="8693"/>
</LocList>
<StmntSeq Intrnl_Id="500">
<LocList>
<Loc EndOffset="9221" SrcFileId="1" StartOffset="8712"/>
</LocList>
<CondStmnt CovItemId="S119" CovItemPrefix="com.OriginalFiles.RemoteNXTFunctions.java" Intrnl_Id="501">
<Branch CovItemId="B105" CovItemPrefix="com.OriginalFiles.RemoteNXTFunctions.java" Implct="false" Intrnl_Id="502">
<Cond/>
<LocList>
<Loc EndOffset="8796" SrcFileId="1" StartOffset="8733"/>
</LocList>
<StmntSeq Intrnl_Id="503">
<LocList>
<Loc EndOffset="8777" SrcFileId="1" StartOffset="8756"/>
</LocList>
<BasicStmnt CovItemId="S120" CovItemPrefix="com.OriginalFiles.RemoteNXTFunctions.java" Intrnl_Id="504">
<LocList>
<Loc EndOffset="8777" SrcFileId="1" StartOffset="8756"/>
</LocList>
</BasicStmnt>
</StmntSeq>
</Branch>
<Branch CovItemId="B106" CovItemPrefix="com.OriginalFiles.RemoteNXTFunctions.java" Implct="false" Intrnl_Id="505">
<Cond>
<Loc EndOffset="8801" SrcFileId="1" StartOffset="8797"/>
</Cond>
<LocList>
<Loc EndOffset="9221" SrcFileId="1" StartOffset="8802"/>
</LocList>
<StmntSeq Intrnl_Id="506">
<LocList>
<Loc EndOffset="9221" SrcFileId="1" StartOffset="8802"/>
</LocList>
<CondStmnt CovItemId="S121" CovItemPrefix="com.OriginalFiles.RemoteNXTFunctions.java" Intrnl_Id="507">
<Branch CovItemId="B107" CovItemPrefix="com.OriginalFiles.RemoteNXTFunctions.java" Implct="false" Intrnl_Id="508">
<Cond/>
<LocList>
<Loc EndOffset="8886" SrcFileId="1" StartOffset="8823"/>
</LocList>
<StmntSeq Intrnl_Id="509">
<LocList>
<Loc EndOffset="8867" SrcFileId="1" StartOffset="8846"/>
</LocList>
<BasicStmnt CovItemId="S122" CovItemPrefix="com.OriginalFiles.RemoteNXTFunctions.java" Intrnl_Id="510">
<LocList>
<Loc EndOffset="8867" SrcFileId="1" StartOffset="8846"/>
</LocList>
</BasicStmnt>
</StmntSeq>
</Branch>
<Branch CovItemId="B108" CovItemPrefix="com.OriginalFiles.RemoteNXTFunctions.java" Implct="false" Intrnl_Id="511">
<Cond>
<Loc EndOffset="8891" SrcFileId="1" StartOffset="8887"/>
</Cond>
<LocList>
<Loc EndOffset="9221" SrcFileId="1" StartOffset="8892"/>
</LocList>
<StmntSeq Intrnl_Id="512">
<LocList>
<Loc EndOffset="9221" SrcFileId="1" StartOffset="8892"/>
</LocList>
<CondStmnt CovItemId="S123" CovItemPrefix="com.OriginalFiles.RemoteNXTFunctions.java" Intrnl_Id="513">
<Branch CovItemId="B109" CovItemPrefix="com.OriginalFiles.RemoteNXTFunctions.java" Implct="false" Intrnl_Id="514">
<Cond/>
<LocList>
<Loc EndOffset="8976" SrcFileId="1" StartOffset="8913"/>
</LocList>
<StmntSeq Intrnl_Id="515">
<LocList>
<Loc EndOffset="8957" SrcFileId="1" StartOffset="8936"/>
</LocList>
<BasicStmnt CovItemId="S124" CovItemPrefix="com.OriginalFiles.RemoteNXTFunctions.java" Intrnl_Id="516">
<LocList>
<Loc EndOffset="8957" SrcFileId="1" StartOffset="8936"/>
</LocList>
</BasicStmnt>
</StmntSeq>
</Branch>
<Branch CovItemId="B110" CovItemPrefix="com.OriginalFiles.RemoteNXTFunctions.java" Implct="false" Intrnl_Id="517">
<Cond>
<Loc EndOffset="8981" SrcFileId="1" StartOffset="8977"/>
</Cond>
<LocList>
<Loc EndOffset="9221" SrcFileId="1" StartOffset="8982"/>
</LocList>
<StmntSeq Intrnl_Id="518">
<LocList>
<Loc EndOffset="9221" SrcFileId="1" StartOffset="8982"/>
</LocList>
<CondStmnt CovItemId="S125" CovItemPrefix="com.OriginalFiles.RemoteNXTFunctions.java" Intrnl_Id="519">
<Branch CovItemId="B111" CovItemPrefix="com.OriginalFiles.RemoteNXTFunctions.java" Implct="false" Intrnl_Id="520">
<Cond/>
<LocList>
<Loc EndOffset="9152" SrcFileId="1" StartOffset="9041"/>
</LocList>
<StmntSeq Intrnl_Id="521">
<LocList>
<Loc EndOffset="9133" SrcFileId="1" StartOffset="9064"/>
</LocList>
<BasicStmnt CovItemId="S126" CovItemPrefix="com.OriginalFiles.RemoteNXTFunctions.java" Intrnl_Id="522">
<LocList>
<Loc EndOffset="9133" SrcFileId="1" StartOffset="9064"/>
</LocList>
</BasicStmnt>
</StmntSeq>
</Branch>
<Branch CovItemId="B112" CovItemPrefix="com.OriginalFiles.RemoteNXTFunctions.java" Implct="false" Intrnl_Id="523">
<Cond>
<Loc EndOffset="9157" SrcFileId="1" StartOffset="9153"/>
</Cond>
<LocList>
<Loc EndOffset="9221" SrcFileId="1" StartOffset="9158"/>
</LocList>
<StmntSeq Intrnl_Id="524">
<LocList>
<Loc EndOffset="9202" SrcFileId="1" StartOffset="9181"/>
</LocList>
<BasicStmnt CovItemId="S127" CovItemPrefix="com.OriginalFiles.RemoteNXTFunctions.java" Intrnl_Id="525">
<LocList>
<Loc EndOffset="9202" SrcFileId="1" StartOffset="9181"/>
</LocList>
</BasicStmnt>
</StmntSeq>
</Branch>
<Keyword EndOffset="8984" SrcFileId="1" StartOffset="8982"/>
<LocList>
<Loc EndOffset="9221" SrcFileId="1" StartOffset="8982"/>
</LocList>
<RootTerm CovItemId="C58" CovItemPrefix="com.OriginalFiles.RemoteNXTFunctions.java" Intrnl_Id="526">
<BasicBoolTerm Intrnl_Id="527">
<LocList>
<Loc EndOffset="9039" SrcFileId="1" StartOffset="8986"/>
</LocList>
</BasicBoolTerm>
</RootTerm>
</CondStmnt>
</StmntSeq>
</Branch>
<Keyword EndOffset="8894" SrcFileId="1" StartOffset="8892"/>
<LocList>
<Loc EndOffset="9221" SrcFileId="1" StartOffset="8892"/>
</LocList>
<RootTerm CovItemId="C57" CovItemPrefix="com.OriginalFiles.RemoteNXTFunctions.java" Intrnl_Id="528">
<OpTerm BooleanOpId="10" Intrnl_Id="529">
<BasicBoolTerm Intrnl_Id="530">
<LocList>
<Loc EndOffset="8901" SrcFileId="1" StartOffset="8895"/>
</LocList>
</BasicBoolTerm>
<BasicBoolTerm Intrnl_Id="531">
<LocList>
<Loc EndOffset="8911" SrcFileId="1" StartOffset="8905"/>
</LocList>
</BasicBoolTerm>
<LocList>
<Loc EndOffset="8904" SrcFileId="1" StartOffset="8902"/>
</LocList>
</OpTerm>
</RootTerm>
</CondStmnt>
</StmntSeq>
</Branch>
<Keyword EndOffset="8804" SrcFileId="1" StartOffset="8802"/>
<LocList>
<Loc EndOffset="9221" SrcFileId="1" StartOffset="8802"/>
</LocList>
<RootTerm CovItemId="C56" CovItemPrefix="com.OriginalFiles.RemoteNXTFunctions.java" Intrnl_Id="532">
<OpTerm BooleanOpId="10" Intrnl_Id="533">
<BasicBoolTerm Intrnl_Id="534">
<LocList>
<Loc EndOffset="8811" SrcFileId="1" StartOffset="8805"/>
</LocList>
</BasicBoolTerm>
<BasicBoolTerm Intrnl_Id="535">
<LocList>
<Loc EndOffset="8821" SrcFileId="1" StartOffset="8815"/>
</LocList>
</BasicBoolTerm>
<LocList>
<Loc EndOffset="8814" SrcFileId="1" StartOffset="8812"/>
</LocList>
</OpTerm>
</RootTerm>
</CondStmnt>
</StmntSeq>
</Branch>
<Keyword EndOffset="8714" SrcFileId="1" StartOffset="8712"/>
<LocList>
<Loc EndOffset="9221" SrcFileId="1" StartOffset="8712"/>
</LocList>
<RootTerm CovItemId="C55" CovItemPrefix="com.OriginalFiles.RemoteNXTFunctions.java" Intrnl_Id="536">
<OpTerm BooleanOpId="10" Intrnl_Id="537">
<BasicBoolTerm Intrnl_Id="538">
<LocList>
<Loc EndOffset="8721" SrcFileId="1" StartOffset="8715"/>
</LocList>
</BasicBoolTerm>
<BasicBoolTerm Intrnl_Id="539">
<LocList>
<Loc EndOffset="8731" SrcFileId="1" StartOffset="8725"/>
</LocList>
</BasicBoolTerm>
<LocList>
<Loc EndOffset="8724" SrcFileId="1" StartOffset="8722"/>
</LocList>
</OpTerm>
</RootTerm>
</CondStmnt>
</StmntSeq>
</Branch>
<Branch CovItemId="B104" CovItemPrefix="com.OriginalFiles.RemoteNXTFunctions.java" Implct="false" Intrnl_Id="540">
<Cond>
<Loc EndOffset="9241" SrcFileId="1" StartOffset="9237"/>
</Cond>
<LocList>
<Loc EndOffset="11286" SrcFileId="1" StartOffset="9242"/>
</LocList>
<StmntSeq Intrnl_Id="541">
<LocList>
<Loc EndOffset="11286" SrcFileId="1" StartOffset="9242"/>
</LocList>
<CondStmnt CovItemId="S128" CovItemPrefix="com.OriginalFiles.RemoteNXTFunctions.java" Intrnl_Id="542">
<Branch CovItemId="B113" CovItemPrefix="com.OriginalFiles.RemoteNXTFunctions.java" Implct="false" Intrnl_Id="543">
<Cond/>
<LocList>
<Loc EndOffset="9816" SrcFileId="1" StartOffset="9273"/>
</LocList>
<StmntSeq Intrnl_Id="544">
<LocList>
<Loc EndOffset="9801" SrcFileId="1" StartOffset="9292"/>
</LocList>
<CondStmnt CovItemId="S129" CovItemPrefix="com.OriginalFiles.RemoteNXTFunctions.java" Intrnl_Id="545">
<Branch CovItemId="B115" CovItemPrefix="com.OriginalFiles.RemoteNXTFunctions.java" Implct="false" Intrnl_Id="546">
<Cond/>
<LocList>
<Loc EndOffset="9376" SrcFileId="1" StartOffset="9313"/>
</LocList>
<StmntSeq Intrnl_Id="547">
<LocList>
<Loc EndOffset="9357" SrcFileId="1" StartOffset="9336"/>
</LocList>
<BasicStmnt CovItemId="S130" CovItemPrefix="com.OriginalFiles.RemoteNXTFunctions.java" Intrnl_Id="548">
<LocList>
<Loc EndOffset="9357" SrcFileId="1" StartOffset="9336"/>
</LocList>
</BasicStmnt>
</StmntSeq>
</Branch>
<Branch CovItemId="B116" CovItemPrefix="com.OriginalFiles.RemoteNXTFunctions.java" Implct="false" Intrnl_Id="549">
<Cond>
<Loc EndOffset="9381" SrcFileId="1" StartOffset="9377"/>
</Cond>
<LocList>
<Loc EndOffset="9801" SrcFileId="1" StartOffset="9382"/>
</LocList>
<StmntSeq Intrnl_Id="550">
<LocList>
<Loc EndOffset="9801" SrcFileId="1" StartOffset="9382"/>
</LocList>
<CondStmnt CovItemId="S131" CovItemPrefix="com.OriginalFiles.RemoteNXTFunctions.java" Intrnl_Id="551">
<Branch CovItemId="B117" CovItemPrefix="com.OriginalFiles.RemoteNXTFunctions.java" Implct="false" Intrnl_Id="552">
<Cond/>
<LocList>
<Loc EndOffset="9466" SrcFileId="1" StartOffset="9403"/>
</LocList>
<StmntSeq Intrnl_Id="553">
<LocList>
<Loc EndOffset="9447" SrcFileId="1" StartOffset="9426"/>
</LocList>
<BasicStmnt CovItemId="S132" CovItemPrefix="com.OriginalFiles.RemoteNXTFunctions.java" Intrnl_Id="554">
<LocList>
<Loc EndOffset="9447" SrcFileId="1" StartOffset="9426"/>
</LocList>
</BasicStmnt>
</StmntSeq>
</Branch>
<Branch CovItemId="B118" CovItemPrefix="com.OriginalFiles.RemoteNXTFunctions.java" Implct="false" Intrnl_Id="555">
<Cond>
<Loc EndOffset="9471" SrcFileId="1" StartOffset="9467"/>
</Cond>
<LocList>
<Loc EndOffset="9801" SrcFileId="1" StartOffset="9472"/>
</LocList>
<StmntSeq Intrnl_Id="556">
<LocList>
<Loc EndOffset="9801" SrcFileId="1" StartOffset="9472"/>
</LocList>
<CondStmnt CovItemId="S133" CovItemPrefix="com.OriginalFiles.RemoteNXTFunctions.java" Intrnl_Id="557">
<Branch CovItemId="B119" CovItemPrefix="com.OriginalFiles.RemoteNXTFunctions.java" Implct="false" Intrnl_Id="558">
<Cond/>
<LocList>
<Loc EndOffset="9556" SrcFileId="1" StartOffset="9493"/>
</LocList>
<StmntSeq Intrnl_Id="559">
<LocList>
<Loc EndOffset="9537" SrcFileId="1" StartOffset="9516"/>
</LocList>
<BasicStmnt CovItemId="S134" CovItemPrefix="com.OriginalFiles.RemoteNXTFunctions.java" Intrnl_Id="560">
<LocList>
<Loc EndOffset="9537" SrcFileId="1" StartOffset="9516"/>
</LocList>
</BasicStmnt>
</StmntSeq>
</Branch>
<Branch CovItemId="B120" CovItemPrefix="com.OriginalFiles.RemoteNXTFunctions.java" Implct="false" Intrnl_Id="561">
<Cond>
<Loc EndOffset="9561" SrcFileId="1" StartOffset="9557"/>
</Cond>
<LocList>
<Loc EndOffset="9801" SrcFileId="1" StartOffset="9562"/>
</LocList>
<StmntSeq Intrnl_Id="562">
<LocList>
<Loc EndOffset="9801" SrcFileId="1" StartOffset="9562"/>
</LocList>
<CondStmnt CovItemId="S135" CovItemPrefix="com.OriginalFiles.RemoteNXTFunctions.java" Intrnl_Id="563">
<Branch CovItemId="B121" CovItemPrefix="com.OriginalFiles.RemoteNXTFunctions.java" Implct="false" Intrnl_Id="564">
<Cond/>
<LocList>
<Loc EndOffset="9732" SrcFileId="1" StartOffset="9621"/>
</LocList>
<StmntSeq Intrnl_Id="565">
<LocList>
<Loc EndOffset="9713" SrcFileId="1" StartOffset="9644"/>
</LocList>
<BasicStmnt CovItemId="S136" CovItemPrefix="com.OriginalFiles.RemoteNXTFunctions.java" Intrnl_Id="566">
<LocList>
<Loc EndOffset="9713" SrcFileId="1" StartOffset="9644"/>
</LocList>
</BasicStmnt>
</StmntSeq>
</Branch>
<Branch CovItemId="B122" CovItemPrefix="com.OriginalFiles.RemoteNXTFunctions.java" Implct="false" Intrnl_Id="567">
<Cond>
<Loc EndOffset="9737" SrcFileId="1" StartOffset="9733"/>
</Cond>
<LocList>
<Loc EndOffset="9801" SrcFileId="1" StartOffset="9738"/>
</LocList>
<StmntSeq Intrnl_Id="568">
<LocList>
<Loc EndOffset="9782" SrcFileId="1" StartOffset="9761"/>
</LocList>
<BasicStmnt CovItemId="S137" CovItemPrefix="com.OriginalFiles.RemoteNXTFunctions.java" Intrnl_Id="569">
<LocList>
<Loc EndOffset="9782" SrcFileId="1" StartOffset="9761"/>
</LocList>
</BasicStmnt>
</StmntSeq>
</Branch>
<Keyword EndOffset="9564" SrcFileId="1" StartOffset="9562"/>
<LocList>
<Loc EndOffset="9801" SrcFileId="1" StartOffset="9562"/>
</LocList>
<RootTerm CovItemId="C63" CovItemPrefix="com.OriginalFiles.RemoteNXTFunctions.java" Intrnl_Id="570">
<BasicBoolTerm Intrnl_Id="571">
<LocList>
<Loc EndOffset="9619" SrcFileId="1" StartOffset="9566"/>
</LocList>
</BasicBoolTerm>
</RootTerm>
</CondStmnt>
</StmntSeq>
</Branch>
<Keyword EndOffset="9474" SrcFileId="1" StartOffset="9472"/>
<LocList>
<Loc EndOffset="9801" SrcFileId="1" StartOffset="9472"/>
</LocList>
<RootTerm CovItemId="C62" CovItemPrefix="com.OriginalFiles.RemoteNXTFunctions.java" Intrnl_Id="572">
<OpTerm BooleanOpId="10" Intrnl_Id="573">
<BasicBoolTerm Intrnl_Id="574">
<LocList>
<Loc EndOffset="9481" SrcFileId="1" StartOffset="9475"/>
</LocList>
</BasicBoolTerm>
<BasicBoolTerm Intrnl_Id="575">
<LocList>
<Loc EndOffset="9491" SrcFileId="1" StartOffset="9485"/>
</LocList>
</BasicBoolTerm>
<LocList>
<Loc EndOffset="9484" SrcFileId="1" StartOffset="9482"/>
</LocList>
</OpTerm>
</RootTerm>
</CondStmnt>
</StmntSeq>
</Branch>
<Keyword EndOffset="9384" SrcFileId="1" StartOffset="9382"/>
<LocList>
<Loc EndOffset="9801" SrcFileId="1" StartOffset="9382"/>
</LocList>
<RootTerm CovItemId="C61" CovItemPrefix="com.OriginalFiles.RemoteNXTFunctions.java" Intrnl_Id="576">
<OpTerm BooleanOpId="10" Intrnl_Id="577">
<BasicBoolTerm Intrnl_Id="578">
<LocList>
<Loc EndOffset="9391" SrcFileId="1" StartOffset="9385"/>
</LocList>
</BasicBoolTerm>
<BasicBoolTerm Intrnl_Id="579">
<LocList>
<Loc EndOffset="9401" SrcFileId="1" StartOffset="9395"/>
</LocList>
</BasicBoolTerm>
<LocList>
<Loc EndOffset="9394" SrcFileId="1" StartOffset="9392"/>
</LocList>
</OpTerm>
</RootTerm>
</CondStmnt>
</StmntSeq>
</Branch>
<Keyword EndOffset="9294" SrcFileId="1" StartOffset="9292"/>
<LocList>
<Loc EndOffset="9801" SrcFileId="1" StartOffset="9292"/>
</LocList>
<RootTerm CovItemId="C60" CovItemPrefix="com.OriginalFiles.RemoteNXTFunctions.java" Intrnl_Id="580">
<OpTerm BooleanOpId="10" Intrnl_Id="581">
<BasicBoolTerm Intrnl_Id="582">
<LocList>
<Loc EndOffset="9301" SrcFileId="1" StartOffset="9295"/>
</LocList>
</BasicBoolTerm>
<BasicBoolTerm Intrnl_Id="583">
<LocList>
<Loc EndOffset="9311" SrcFileId="1" StartOffset="9305"/>
</LocList>
</BasicBoolTerm>
<LocList>
<Loc EndOffset="9304" SrcFileId="1" StartOffset="9302"/>
</LocList>
</OpTerm>
</RootTerm>
</CondStmnt>
</StmntSeq>
</Branch>
<Branch CovItemId="B114" CovItemPrefix="com.OriginalFiles.RemoteNXTFunctions.java" Implct="false" Intrnl_Id="584">
<Cond>
<Loc EndOffset="9821" SrcFileId="1" StartOffset="9817"/>
</Cond>
<LocList>
<Loc EndOffset="11286" SrcFileId="1" StartOffset="9822"/>
</LocList>
<StmntSeq Intrnl_Id="585">
<LocList>
<Loc EndOffset="11286" SrcFileId="1" StartOffset="9822"/>
</LocList>
<CondStmnt CovItemId="S138" CovItemPrefix="com.OriginalFiles.RemoteNXTFunctions.java" Intrnl_Id="586">
<Branch CovItemId="B123" CovItemPrefix="com.OriginalFiles.RemoteNXTFunctions.java" Implct="false" Intrnl_Id="587">
<Cond/>
<LocList>
<Loc EndOffset="10396" SrcFileId="1" StartOffset="9853"/>
</LocList>
<StmntSeq Intrnl_Id="588">
<LocList>
<Loc EndOffset="10381" SrcFileId="1" StartOffset="9872"/>
</LocList>
<CondStmnt CovItemId="S139" CovItemPrefix="com.OriginalFiles.RemoteNXTFunctions.java" Intrnl_Id="589">
<Branch CovItemId="B125" CovItemPrefix="com.OriginalFiles.RemoteNXTFunctions.java" Implct="false" Intrnl_Id="590">
<Cond/>
<LocList>
<Loc EndOffset="9956" SrcFileId="1" StartOffset="9893"/>
</LocList>
<StmntSeq Intrnl_Id="591">
<LocList>
<Loc EndOffset="9937" SrcFileId="1" StartOffset="9916"/>
</LocList>
<BasicStmnt CovItemId="S140" CovItemPrefix="com.OriginalFiles.RemoteNXTFunctions.java" Intrnl_Id="592">
<LocList>
<Loc EndOffset="9937" SrcFileId="1" StartOffset="9916"/>
</LocList>
</BasicStmnt>
</StmntSeq>
</Branch>
<Branch CovItemId="B126" CovItemPrefix="com.OriginalFiles.RemoteNXTFunctions.java" Implct="false" Intrnl_Id="593">
<Cond>
<Loc EndOffset="9961" SrcFileId="1" StartOffset="9957"/>
</Cond>
<LocList>
<Loc EndOffset="10381" SrcFileId="1" StartOffset="9962"/>
</LocList>
<StmntSeq Intrnl_Id="594">
<LocList>
<Loc EndOffset="10381" SrcFileId="1" StartOffset="9962"/>
</LocList>
<CondStmnt CovItemId="S141" CovItemPrefix="com.OriginalFiles.RemoteNXTFunctions.java" Intrnl_Id="595">
<Branch CovItemId="B127" CovItemPrefix="com.OriginalFiles.RemoteNXTFunctions.java" Implct="false" Intrnl_Id="596">
<Cond/>
<LocList>
<Loc EndOffset="10046" SrcFileId="1" StartOffset="9983"/>
</LocList>
<StmntSeq Intrnl_Id="597">
<LocList>
<Loc EndOffset="10027" SrcFileId="1" StartOffset="10006"/>
</LocList>
<BasicStmnt CovItemId="S142" CovItemPrefix="com.OriginalFiles.RemoteNXTFunctions.java" Intrnl_Id="598">
<LocList>
<Loc EndOffset="10027" SrcFileId="1" StartOffset="10006"/>
</LocList>
</BasicStmnt>
</StmntSeq>
</Branch>
<Branch CovItemId="B128" CovItemPrefix="com.OriginalFiles.RemoteNXTFunctions.java" Implct="false" Intrnl_Id="599">
<Cond>
<Loc EndOffset="10051" SrcFileId="1" StartOffset="10047"/>
</Cond>
<LocList>
<Loc EndOffset="10381" SrcFileId="1" StartOffset="10052"/>
</LocList>
<StmntSeq Intrnl_Id="600">
<LocList>
<Loc EndOffset="10381" SrcFileId="1" StartOffset="10052"/>
</LocList>
<CondStmnt CovItemId="S143" CovItemPrefix="com.OriginalFiles.RemoteNXTFunctions.java" Intrnl_Id="601">
<Branch CovItemId="B129" CovItemPrefix="com.OriginalFiles.RemoteNXTFunctions.java" Implct="false" Intrnl_Id="602">
<Cond/>
<LocList>
<Loc EndOffset="10136" SrcFileId="1" StartOffset="10073"/>
</LocList>
<StmntSeq Intrnl_Id="603">
<LocList>
<Loc EndOffset="10117" SrcFileId="1" StartOffset="10096"/>
</LocList>
<BasicStmnt CovItemId="S144" CovItemPrefix="com.OriginalFiles.RemoteNXTFunctions.java" Intrnl_Id="604">
<LocList>
<Loc EndOffset="10117" SrcFileId="1" StartOffset="10096"/>
</LocList>
</BasicStmnt>
</StmntSeq>
</Branch>
<Branch CovItemId="B130" CovItemPrefix="com.OriginalFiles.RemoteNXTFunctions.java" Implct="false" Intrnl_Id="605">
<Cond>
<Loc EndOffset="10141" SrcFileId="1" StartOffset="10137"/>
</Cond>
<LocList>
<Loc EndOffset="10381" SrcFileId="1" StartOffset="10142"/>
</LocList>
<StmntSeq Intrnl_Id="606">
<LocList>
<Loc EndOffset="10381" SrcFileId="1" StartOffset="10142"/>
</LocList>
<CondStmnt CovItemId="S145" CovItemPrefix="com.OriginalFiles.RemoteNXTFunctions.java" Intrnl_Id="607">
<Branch CovItemId="B131" CovItemPrefix="com.OriginalFiles.RemoteNXTFunctions.java" Implct="false" Intrnl_Id="608">
<Cond/>
<LocList>
<Loc EndOffset="10312" SrcFileId="1" StartOffset="10201"/>
</LocList>
<StmntSeq Intrnl_Id="609">
<LocList>
<Loc EndOffset="10293" SrcFileId="1" StartOffset="10224"/>
</LocList>
<BasicStmnt CovItemId="S146" CovItemPrefix="com.OriginalFiles.RemoteNXTFunctions.java" Intrnl_Id="610">
<LocList>
<Loc EndOffset="10293" SrcFileId="1" StartOffset="10224"/>
</LocList>
</BasicStmnt>
</StmntSeq>
</Branch>
<Branch CovItemId="B132" CovItemPrefix="com.OriginalFiles.RemoteNXTFunctions.java" Implct="false" Intrnl_Id="611">
<Cond>
<Loc EndOffset="10317" SrcFileId="1" StartOffset="10313"/>
</Cond>
<LocList>
<Loc EndOffset="10381" SrcFileId="1" StartOffset="10318"/>
</LocList>
<StmntSeq Intrnl_Id="612">
<LocList>
<Loc EndOffset="10362" SrcFileId="1" StartOffset="10341"/>
</LocList>
<BasicStmnt CovItemId="S147" CovItemPrefix="com.OriginalFiles.RemoteNXTFunctions.java" Intrnl_Id="613">
<LocList>
<Loc EndOffset="10362" SrcFileId="1" StartOffset="10341"/>
</LocList>
</BasicStmnt>
</StmntSeq>
</Branch>
<Keyword EndOffset="10144" SrcFileId="1" StartOffset="10142"/>
<LocList>
<Loc EndOffset="10381" SrcFileId="1" StartOffset="10142"/>
</LocList>
<RootTerm CovItemId="C68" CovItemPrefix="com.OriginalFiles.RemoteNXTFunctions.java" Intrnl_Id="614">
<BasicBoolTerm Intrnl_Id="615">
<LocList>
<Loc EndOffset="10199" SrcFileId="1" StartOffset="10146"/>
</LocList>
</BasicBoolTerm>
</RootTerm>
</CondStmnt>
</StmntSeq>
</Branch>
<Keyword EndOffset="10054" SrcFileId="1" StartOffset="10052"/>
<LocList>
<Loc EndOffset="10381" SrcFileId="1" StartOffset="10052"/>
</LocList>
<RootTerm CovItemId="C67" CovItemPrefix="com.OriginalFiles.RemoteNXTFunctions.java" Intrnl_Id="616">
<OpTerm BooleanOpId="10" Intrnl_Id="617">
<BasicBoolTerm Intrnl_Id="618">
<LocList>
<Loc EndOffset="10061" SrcFileId="1" StartOffset="10055"/>
</LocList>
</BasicBoolTerm>
<BasicBoolTerm Intrnl_Id="619">
<LocList>
<Loc EndOffset="10071" SrcFileId="1" StartOffset="10065"/>
</LocList>
</BasicBoolTerm>
<LocList>
<Loc EndOffset="10064" SrcFileId="1" StartOffset="10062"/>
</LocList>
</OpTerm>
</RootTerm>
</CondStmnt>
</StmntSeq>
</Branch>
<Keyword EndOffset="9964" SrcFileId="1" StartOffset="9962"/>
<LocList>
<Loc EndOffset="10381" SrcFileId="1" StartOffset="9962"/>
</LocList>
<RootTerm CovItemId="C66" CovItemPrefix="com.OriginalFiles.RemoteNXTFunctions.java" Intrnl_Id="620">
<OpTerm BooleanOpId="10" Intrnl_Id="621">
<BasicBoolTerm Intrnl_Id="622">
<LocList>
<Loc EndOffset="9971" SrcFileId="1" StartOffset="9965"/>
</LocList>
</BasicBoolTerm>
<BasicBoolTerm Intrnl_Id="623">
<LocList>
<Loc EndOffset="9981" SrcFileId="1" StartOffset="9975"/>
</LocList>
</BasicBoolTerm>
<LocList>
<Loc EndOffset="9974" SrcFileId="1" StartOffset="9972"/>
</LocList>
</OpTerm>
</RootTerm>
</CondStmnt>
</StmntSeq>
</Branch>
<Keyword EndOffset="9874" SrcFileId="1" StartOffset="9872"/>
<LocList>
<Loc EndOffset="10381" SrcFileId="1" StartOffset="9872"/>
</LocList>
<RootTerm CovItemId="C65" CovItemPrefix="com.OriginalFiles.RemoteNXTFunctions.java" Intrnl_Id="624">
<OpTerm BooleanOpId="10" Intrnl_Id="625">
<BasicBoolTerm Intrnl_Id="626">
<LocList>
<Loc EndOffset="9881" SrcFileId="1" StartOffset="9875"/>
</LocList>
</BasicBoolTerm>
<BasicBoolTerm Intrnl_Id="627">
<LocList>
<Loc EndOffset="9891" SrcFileId="1" StartOffset="9885"/>
</LocList>
</BasicBoolTerm>
<LocList>
<Loc EndOffset="9884" SrcFileId="1" StartOffset="9882"/>
</LocList>
</OpTerm>
</RootTerm>
</CondStmnt>
</StmntSeq>
</Branch>
<Branch CovItemId="B124" CovItemPrefix="com.OriginalFiles.RemoteNXTFunctions.java" Implct="false" Intrnl_Id="628">
<Cond>
<Loc EndOffset="10401" SrcFileId="1" StartOffset="10397"/>
</Cond>
<LocList>
<Loc EndOffset="11286" SrcFileId="1" StartOffset="10402"/>
</LocList>
<StmntSeq Intrnl_Id="629">
<LocList>
<Loc EndOffset="11286" SrcFileId="1" StartOffset="10402"/>
</LocList>
<CondStmnt CovItemId="S148" CovItemPrefix="com.OriginalFiles.RemoteNXTFunctions.java" Intrnl_Id="630">
<Branch CovItemId="B133" CovItemPrefix="com.OriginalFiles.RemoteNXTFunctions.java" Implct="false" Intrnl_Id="631">
<Cond/>
<LocList>
<Loc EndOffset="10886" SrcFileId="1" StartOffset="10433"/>
</LocList>
<StmntSeq Intrnl_Id="632">
<LocList>
<Loc EndOffset="10871" SrcFileId="1" StartOffset="10452"/>
</LocList>
<CondStmnt CovItemId="S149" CovItemPrefix="com.OriginalFiles.RemoteNXTFunctions.java" Intrnl_Id="633">
<Branch CovItemId="B135" CovItemPrefix="com.OriginalFiles.RemoteNXTFunctions.java" Implct="false" Intrnl_Id="634">
<Cond/>
<LocList>
<Loc EndOffset="10536" SrcFileId="1" StartOffset="10473"/>
</LocList>
<StmntSeq Intrnl_Id="635">
<LocList>
<Loc EndOffset="10517" SrcFileId="1" StartOffset="10496"/>
</LocList>
<BasicStmnt CovItemId="S150" CovItemPrefix="com.OriginalFiles.RemoteNXTFunctions.java" Intrnl_Id="636">
<LocList>
<Loc EndOffset="10517" SrcFileId="1" StartOffset="10496"/>
</LocList>
</BasicStmnt>
</StmntSeq>
</Branch>
<Branch CovItemId="B136" CovItemPrefix="com.OriginalFiles.RemoteNXTFunctions.java" Implct="false" Intrnl_Id="637">
<Cond>
<Loc EndOffset="10541" SrcFileId="1" StartOffset="10537"/>
</Cond>
<LocList>
<Loc EndOffset="10871" SrcFileId="1" StartOffset="10542"/>
</LocList>
<StmntSeq Intrnl_Id="638">
<LocList>
<Loc EndOffset="10871" SrcFileId="1" StartOffset="10542"/>
</LocList>
<CondStmnt CovItemId="S151" CovItemPrefix="com.OriginalFiles.RemoteNXTFunctions.java" Intrnl_Id="639">
<Branch CovItemId="B137" CovItemPrefix="com.OriginalFiles.RemoteNXTFunctions.java" Implct="false" Intrnl_Id="640">
<Cond/>
<LocList>
<Loc EndOffset="10626" SrcFileId="1" StartOffset="10563"/>
</LocList>
<StmntSeq Intrnl_Id="641">
<LocList>
<Loc EndOffset="10607" SrcFileId="1" StartOffset="10586"/>
</LocList>
<BasicStmnt CovItemId="S152" CovItemPrefix="com.OriginalFiles.RemoteNXTFunctions.java" Intrnl_Id="642">
<LocList>
<Loc EndOffset="10607" SrcFileId="1" StartOffset="10586"/>
</LocList>
</BasicStmnt>
</StmntSeq>
</Branch>
<Branch CovItemId="B138" CovItemPrefix="com.OriginalFiles.RemoteNXTFunctions.java" Implct="false" Intrnl_Id="643">
<Cond>
<Loc EndOffset="10631" SrcFileId="1" StartOffset="10627"/>
</Cond>
<LocList>
<Loc EndOffset="10871" SrcFileId="1" StartOffset="10632"/>
</LocList>
<StmntSeq Intrnl_Id="644">
<LocList>
<Loc EndOffset="10871" SrcFileId="1" StartOffset="10632"/>
</LocList>
<CondStmnt CovItemId="S153" CovItemPrefix="com.OriginalFiles.RemoteNXTFunctions.java" Intrnl_Id="645">
<Branch CovItemId="B139" CovItemPrefix="com.OriginalFiles.RemoteNXTFunctions.java" Implct="false" Intrnl_Id="646">
<Cond/>
<LocList>
<Loc EndOffset="10802" SrcFileId="1" StartOffset="10691"/>
</LocList>
<StmntSeq Intrnl_Id="647">
<LocList>
<Loc EndOffset="10783" SrcFileId="1" StartOffset="10714"/>
</LocList>
<BasicStmnt CovItemId="S154" CovItemPrefix="com.OriginalFiles.RemoteNXTFunctions.java" Intrnl_Id="648">
<LocList>
<Loc EndOffset="10783" SrcFileId="1" StartOffset="10714"/>
</LocList>
</BasicStmnt>
</StmntSeq>
</Branch>
<Branch CovItemId="B140" CovItemPrefix="com.OriginalFiles.RemoteNXTFunctions.java" Implct="false" Intrnl_Id="649">
<Cond>
<Loc EndOffset="10807" SrcFileId="1" StartOffset="10803"/>
</Cond>
<LocList>
<Loc EndOffset="10871" SrcFileId="1" StartOffset="10808"/>
</LocList>
<StmntSeq Intrnl_Id="650">
<LocList>
<Loc EndOffset="10852" SrcFileId="1" StartOffset="10831"/>
</LocList>
<BasicStmnt CovItemId="S155" CovItemPrefix="com.OriginalFiles.RemoteNXTFunctions.java" Intrnl_Id="651">
<LocList>
<Loc EndOffset="10852" SrcFileId="1" StartOffset="10831"/>
</LocList>
</BasicStmnt>
</StmntSeq>
</Branch>
<Keyword EndOffset="10634" SrcFileId="1" StartOffset="10632"/>
<LocList>
<Loc EndOffset="10871" SrcFileId="1" StartOffset="10632"/>
</LocList>
<RootTerm CovItemId="C72" CovItemPrefix="com.OriginalFiles.RemoteNXTFunctions.java" Intrnl_Id="652">
<BasicBoolTerm Intrnl_Id="653">
<LocList>
<Loc EndOffset="10689" SrcFileId="1" StartOffset="10636"/>
</LocList>
</BasicBoolTerm>
</RootTerm>
</CondStmnt>
</StmntSeq>
</Branch>
<Keyword EndOffset="10544" SrcFileId="1" StartOffset="10542"/>
<LocList>
<Loc EndOffset="10871" SrcFileId="1" StartOffset="10542"/>
</LocList>
<RootTerm CovItemId="C71" CovItemPrefix="com.OriginalFiles.RemoteNXTFunctions.java" Intrnl_Id="654">
<OpTerm BooleanOpId="10" Intrnl_Id="655">
<BasicBoolTerm Intrnl_Id="656">
<LocList>
<Loc EndOffset="10551" SrcFileId="1" StartOffset="10545"/>
</LocList>
</BasicBoolTerm>
<BasicBoolTerm Intrnl_Id="657">
<LocList>
<Loc EndOffset="10561" SrcFileId="1" StartOffset="10555"/>
</LocList>
</BasicBoolTerm>
<LocList>
<Loc EndOffset="10554" SrcFileId="1" StartOffset="10552"/>
</LocList>
</OpTerm>
</RootTerm>
</CondStmnt>
</StmntSeq>
</Branch>
<Keyword EndOffset="10454" SrcFileId="1" StartOffset="10452"/>
<LocList>
<Loc EndOffset="10871" SrcFileId="1" StartOffset="10452"/>
</LocList>
<RootTerm CovItemId="C70" CovItemPrefix="com.OriginalFiles.RemoteNXTFunctions.java" Intrnl_Id="658">
<OpTerm BooleanOpId="10" Intrnl_Id="659">
<BasicBoolTerm Intrnl_Id="660">
<LocList>
<Loc EndOffset="10461" SrcFileId="1" StartOffset="10455"/>
</LocList>
</BasicBoolTerm>
<BasicBoolTerm Intrnl_Id="661">
<LocList>
<Loc EndOffset="10471" SrcFileId="1" StartOffset="10465"/>
</LocList>
</BasicBoolTerm>
<LocList>
<Loc EndOffset="10464" SrcFileId="1" StartOffset="10462"/>
</LocList>
</OpTerm>
</RootTerm>
</CondStmnt>
</StmntSeq>
</Branch>
<Branch CovItemId="B134" CovItemPrefix="com.OriginalFiles.RemoteNXTFunctions.java" Implct="false" Intrnl_Id="662">
<Cond>
<Loc EndOffset="10891" SrcFileId="1" StartOffset="10887"/>
</Cond>
<LocList>
<Loc EndOffset="11286" SrcFileId="1" StartOffset="10892"/>
</LocList>
<StmntSeq Intrnl_Id="663">
<LocList>
<Loc EndOffset="11286" SrcFileId="1" StartOffset="10892"/>
</LocList>
<CondStmnt CovItemId="S156" CovItemPrefix="com.OriginalFiles.RemoteNXTFunctions.java" Intrnl_Id="664">
<Branch CovItemId="B141" CovItemPrefix="com.OriginalFiles.RemoteNXTFunctions.java" Implct="false" Intrnl_Id="665">
<Cond/>
<LocList>
<Loc EndOffset="11286" SrcFileId="1" StartOffset="10923"/>
</LocList>
<StmntSeq Intrnl_Id="666">
<LocList>
<Loc EndOffset="11271" SrcFileId="1" StartOffset="10942"/>
</LocList>
<CondStmnt CovItemId="S157" CovItemPrefix="com.OriginalFiles.RemoteNXTFunctions.java" Intrnl_Id="667">
<Branch CovItemId="B143" CovItemPrefix="com.OriginalFiles.RemoteNXTFunctions.java" Implct="false" Intrnl_Id="668">
<Cond/>
<LocList>
<Loc EndOffset="11026" SrcFileId="1" StartOffset="10963"/>
</LocList>
<StmntSeq Intrnl_Id="669">
<LocList>
<Loc EndOffset="11007" SrcFileId="1" StartOffset="10986"/>
</LocList>
<BasicStmnt CovItemId="S158" CovItemPrefix="com.OriginalFiles.RemoteNXTFunctions.java" Intrnl_Id="670">
<LocList>
<Loc EndOffset="11007" SrcFileId="1" StartOffset="10986"/>
</LocList>
</BasicStmnt>
</StmntSeq>
</Branch>
<Branch CovItemId="B144" CovItemPrefix="com.OriginalFiles.RemoteNXTFunctions.java" Implct="false" Intrnl_Id="671">
<Cond>
<Loc EndOffset="11031" SrcFileId="1" StartOffset="11027"/>
</Cond>
<LocList>
<Loc EndOffset="11271" SrcFileId="1" StartOffset="11032"/>
</LocList>
<StmntSeq Intrnl_Id="672">
<LocList>
<Loc EndOffset="11271" SrcFileId="1" StartOffset="11032"/>
</LocList>
<CondStmnt CovItemId="S159" CovItemPrefix="com.OriginalFiles.RemoteNXTFunctions.java" Intrnl_Id="673">
<Branch CovItemId="B145" CovItemPrefix="com.OriginalFiles.RemoteNXTFunctions.java" Implct="false" Intrnl_Id="674">
<Cond/>
<LocList>
<Loc EndOffset="11202" SrcFileId="1" StartOffset="11091"/>
</LocList>
<StmntSeq Intrnl_Id="675">
<LocList>
<Loc EndOffset="11183" SrcFileId="1" StartOffset="11114"/>
</LocList>
<BasicStmnt CovItemId="S160" CovItemPrefix="com.OriginalFiles.RemoteNXTFunctions.java" Intrnl_Id="676">
<LocList>
<Loc EndOffset="11183" SrcFileId="1" StartOffset="11114"/>
</LocList>
</BasicStmnt>
</StmntSeq>
</Branch>
<Branch CovItemId="B146" CovItemPrefix="com.OriginalFiles.RemoteNXTFunctions.java" Implct="false" Intrnl_Id="677">
<Cond>
<Loc EndOffset="11207" SrcFileId="1" StartOffset="11203"/>
</Cond>
<LocList>
<Loc EndOffset="11271" SrcFileId="1" StartOffset="11208"/>
</LocList>
<StmntSeq Intrnl_Id="678">
<LocList>
<Loc EndOffset="11252" SrcFileId="1" StartOffset="11231"/>
</LocList>
<BasicStmnt CovItemId="S161" CovItemPrefix="com.OriginalFiles.RemoteNXTFunctions.java" Intrnl_Id="679">
<LocList>
<Loc EndOffset="11252" SrcFileId="1" StartOffset="11231"/>
</LocList>
</BasicStmnt>
</StmntSeq>
</Branch>
<Keyword EndOffset="11034" SrcFileId="1" StartOffset="11032"/>
<LocList>
<Loc EndOffset="11271" SrcFileId="1" StartOffset="11032"/>
</LocList>
<RootTerm CovItemId="C75" CovItemPrefix="com.OriginalFiles.RemoteNXTFunctions.java" Intrnl_Id="680">
<BasicBoolTerm Intrnl_Id="681">
<LocList>
<Loc EndOffset="11089" SrcFileId="1" StartOffset="11036"/>
</LocList>
</BasicBoolTerm>
</RootTerm>
</CondStmnt>
</StmntSeq>
</Branch>
<Keyword EndOffset="10944" SrcFileId="1" StartOffset="10942"/>
<LocList>
<Loc EndOffset="11271" SrcFileId="1" StartOffset="10942"/>
</LocList>
<RootTerm CovItemId="C74" CovItemPrefix="com.OriginalFiles.RemoteNXTFunctions.java" Intrnl_Id="682">
<OpTerm BooleanOpId="10" Intrnl_Id="683">
<BasicBoolTerm Intrnl_Id="684">
<LocList>
<Loc EndOffset="10951" SrcFileId="1" StartOffset="10945"/>
</LocList>
</BasicBoolTerm>
<BasicBoolTerm Intrnl_Id="685">
<LocList>
<Loc EndOffset="10961" SrcFileId="1" StartOffset="10955"/>
</LocList>
</BasicBoolTerm>
<LocList>
<Loc EndOffset="10954" SrcFileId="1" StartOffset="10952"/>
</LocList>
</OpTerm>
</RootTerm>
</CondStmnt>
</StmntSeq>
</Branch>
<Branch CovItemId="B142" CovItemPrefix="com.OriginalFiles.RemoteNXTFunctions.java" Implct="true" Intrnl_Id="686">
<Cond/>
<LocList/>
<StmntSeq Intrnl_Id="687">
<LocList/>
</StmntSeq>
</Branch>
<Keyword EndOffset="10894" SrcFileId="1" StartOffset="10892"/>
<LocList>
<Loc EndOffset="11286" SrcFileId="1" StartOffset="10892"/>
</LocList>
<RootTerm CovItemId="C73" CovItemPrefix="com.OriginalFiles.RemoteNXTFunctions.java" Intrnl_Id="688">
<BasicBoolTerm Intrnl_Id="689">
<LocList>
<Loc EndOffset="10921" SrcFileId="1" StartOffset="10896"/>
</LocList>
</BasicBoolTerm>
</RootTerm>
</CondStmnt>
</StmntSeq>
</Branch>
<Keyword EndOffset="10404" SrcFileId="1" StartOffset="10402"/>
<LocList>
<Loc EndOffset="11286" SrcFileId="1" StartOffset="10402"/>
</LocList>
<RootTerm CovItemId="C69" CovItemPrefix="com.OriginalFiles.RemoteNXTFunctions.java" Intrnl_Id="690">
<BasicBoolTerm Intrnl_Id="691">
<LocList>
<Loc EndOffset="10431" SrcFileId="1" StartOffset="10406"/>
</LocList>
</BasicBoolTerm>
</RootTerm>
</CondStmnt>
</StmntSeq>
</Branch>
<Keyword EndOffset="9824" SrcFileId="1" StartOffset="9822"/>
<LocList>
<Loc EndOffset="11286" SrcFileId="1" StartOffset="9822"/>
</LocList>
<RootTerm CovItemId="C64" CovItemPrefix="com.OriginalFiles.RemoteNXTFunctions.java" Intrnl_Id="692">
<BasicBoolTerm Intrnl_Id="693">
<LocList>
<Loc EndOffset="9851" SrcFileId="1" StartOffset="9826"/>
</LocList>
</BasicBoolTerm>
</RootTerm>
</CondStmnt>
</StmntSeq>
</Branch>
<Keyword EndOffset="9244" SrcFileId="1" StartOffset="9242"/>
<LocList>
<Loc EndOffset="11286" SrcFileId="1" StartOffset="9242"/>
</LocList>
<RootTerm CovItemId="C59" CovItemPrefix="com.OriginalFiles.RemoteNXTFunctions.java" Intrnl_Id="694">
<BasicBoolTerm Intrnl_Id="695">
<LocList>
<Loc EndOffset="9271" SrcFileId="1" StartOffset="9246"/>
</LocList>
</BasicBoolTerm>
</RootTerm>
</CondStmnt>
</StmntSeq>
</Branch>
<Keyword EndOffset="8664" SrcFileId="1" StartOffset="8662"/>
<LocList>
<Loc EndOffset="11286" SrcFileId="1" StartOffset="8662"/>
</LocList>
<RootTerm CovItemId="C54" CovItemPrefix="com.OriginalFiles.RemoteNXTFunctions.java" Intrnl_Id="696">
<BasicBoolTerm Intrnl_Id="697">
<LocList>
<Loc EndOffset="8691" SrcFileId="1" StartOffset="8666"/>
</LocList>
</BasicBoolTerm>
</RootTerm>
</CondStmnt>
</StmntSeq>
</Branch>
<Keyword EndOffset="8085" SrcFileId="1" StartOffset="8083"/>
<LocList>
<Loc EndOffset="11286" SrcFileId="1" StartOffset="8083"/>
</LocList>
<RootTerm CovItemId="C49" CovItemPrefix="com.OriginalFiles.RemoteNXTFunctions.java" Intrnl_Id="698">
<BasicBoolTerm Intrnl_Id="699">
<LocList>
<Loc EndOffset="8111" SrcFileId="1" StartOffset="8087"/>
</LocList>
</BasicBoolTerm>
</RootTerm>
</CondStmnt>
</StmntSeq>
</Branch>
<Keyword EndOffset="7583" SrcFileId="1" StartOffset="7581"/>
<LocList>
<Loc EndOffset="11286" SrcFileId="1" StartOffset="7581"/>
</LocList>
<RootTerm CovItemId="C45" CovItemPrefix="com.OriginalFiles.RemoteNXTFunctions.java" Intrnl_Id="700">
<BasicBoolTerm Intrnl_Id="701">
<LocList>
<Loc EndOffset="7609" SrcFileId="1" StartOffset="7585"/>
</LocList>
</BasicBoolTerm>
</RootTerm>
</CondStmnt>
</StmntSeq>
</Branch>
<Keyword EndOffset="7081" SrcFileId="1" StartOffset="7079"/>
<LocList>
<Loc EndOffset="11286" SrcFileId="1" StartOffset="7079"/>
</LocList>
<RootTerm CovItemId="C41" CovItemPrefix="com.OriginalFiles.RemoteNXTFunctions.java" Intrnl_Id="702">
<BasicBoolTerm Intrnl_Id="703">
<LocList>
<Loc EndOffset="7107" SrcFileId="1" StartOffset="7083"/>
</LocList>
</BasicBoolTerm>
</RootTerm>
</CondStmnt>
</StmntSeq>
</Branch>
<Keyword EndOffset="6579" SrcFileId="1" StartOffset="6577"/>
<LocList>
<Loc EndOffset="11286" SrcFileId="1" StartOffset="6577"/>
</LocList>
<RootTerm CovItemId="C37" CovItemPrefix="com.OriginalFiles.RemoteNXTFunctions.java" Intrnl_Id="704">
<BasicBoolTerm Intrnl_Id="705">
<LocList>
<Loc EndOffset="6605" SrcFileId="1" StartOffset="6581"/>
</LocList>
</BasicBoolTerm>
</RootTerm>
</CondStmnt>
</StmntSeq>
</Branch>
<Keyword EndOffset="6077" SrcFileId="1" StartOffset="6075"/>
<LocList>
<Loc EndOffset="11286" SrcFileId="1" StartOffset="6075"/>
</LocList>
<RootTerm CovItemId="C33" CovItemPrefix="com.OriginalFiles.RemoteNXTFunctions.java" Intrnl_Id="706">
<BasicBoolTerm Intrnl_Id="707">
<LocList>
<Loc EndOffset="6103" SrcFileId="1" StartOffset="6079"/>
</LocList>
</BasicBoolTerm>
</RootTerm>
</CondStmnt>
</StmntSeq>
</Branch>
<Keyword EndOffset="5665" SrcFileId="1" StartOffset="5663"/>
<LocList>
<Loc EndOffset="11286" SrcFileId="1" StartOffset="5663"/>
</LocList>
<RootTerm CovItemId="C30" CovItemPrefix="com.OriginalFiles.RemoteNXTFunctions.java" Intrnl_Id="708">
<BasicBoolTerm Intrnl_Id="709">
<LocList>
<Loc EndOffset="5691" SrcFileId="1" StartOffset="5667"/>
</LocList>
</BasicBoolTerm>
</RootTerm>
</CondStmnt>
</StmntSeq>
</Branch>
<Keyword EndOffset="5253" SrcFileId="1" StartOffset="5251"/>
<LocList>
<Loc EndOffset="11286" SrcFileId="1" StartOffset="5251"/>
</LocList>
<RootTerm CovItemId="C27" CovItemPrefix="com.OriginalFiles.RemoteNXTFunctions.java" Intrnl_Id="710">
<BasicBoolTerm Intrnl_Id="711">
<LocList>
<Loc EndOffset="5279" SrcFileId="1" StartOffset="5255"/>
</LocList>
</BasicBoolTerm>
</RootTerm>
</CondStmnt>
</StmntSeq>
</Branch>
<Keyword EndOffset="4593" SrcFileId="1" StartOffset="4591"/>
<LocList>
<Loc EndOffset="11286" SrcFileId="1" StartOffset="4591"/>
</LocList>
<RootTerm CovItemId="C22" CovItemPrefix="com.OriginalFiles.RemoteNXTFunctions.java" Intrnl_Id="712">
<BasicBoolTerm Intrnl_Id="713">
<LocList>
<Loc EndOffset="4619" SrcFileId="1" StartOffset="4595"/>
</LocList>
</BasicBoolTerm>
</RootTerm>
</CondStmnt>
</StmntSeq>
</Branch>
<Keyword EndOffset="4041" SrcFileId="1" StartOffset="4039"/>
<LocList>
<Loc EndOffset="11286" SrcFileId="1" StartOffset="4039"/>
</LocList>
<RootTerm CovItemId="C18" CovItemPrefix="com.OriginalFiles.RemoteNXTFunctions.java" Intrnl_Id="714">
<BasicBoolTerm Intrnl_Id="715">
<LocList>
<Loc EndOffset="4066" SrcFileId="1" StartOffset="4042"/>
</LocList>
</BasicBoolTerm>
</RootTerm>
</CondStmnt>
</StmntSeq>
</Branch>
<Keyword EndOffset="2278" SrcFileId="1" StartOffset="2276"/>
<LocList>
<Loc EndOffset="11297" SrcFileId="1" StartOffset="2276"/>
</LocList>
<RootTerm CovItemId="C5" CovItemPrefix="com.OriginalFiles.RemoteNXTFunctions.java" Intrnl_Id="716">
<BasicBoolTerm Intrnl_Id="717">
<LocList>
<Loc EndOffset="2303" SrcFileId="1" StartOffset="2279"/>
</LocList>
</BasicBoolTerm>
</RootTerm>
</CondStmnt>
<BasicStmnt CovItemId="S162" CovItemPrefix="com.OriginalFiles.RemoteNXTFunctions.java" Intrnl_Id="718">
<LocList>
<Loc EndOffset="11331" SrcFileId="1" StartOffset="11317"/>
</LocList>
</BasicStmnt>
</StmntSeq>
</HierarchyLvl>
</HierarchyLvl>
<HierarchyLvl HierarchyLvlId="25" HierarchyLvlTypeId="13" Intrnl_Id="719" Name="Piece">
<Header>
<Loc EndOffset="105" SrcFileId="2" StartOffset="87"/>
</Header>
<LocList>
<Loc EndOffset="9291" SrcFileId="2" StartOffset="87"/>
</LocList>
<StmntSeq Intrnl_Id="720">
<LocList>
<Loc EndOffset="169" SrcFileId="2" StartOffset="142"/>
<Loc EndOffset="233" SrcFileId="2" StartOffset="199"/>
<Loc EndOffset="270" SrcFileId="2" StartOffset="239"/>
<Loc EndOffset="309" SrcFileId="2" StartOffset="276"/>
<Loc EndOffset="347" SrcFileId="2" StartOffset="315"/>
<Loc EndOffset="389" SrcFileId="2" StartOffset="353"/>
<Loc EndOffset="427" SrcFileId="2" StartOffset="395"/>
<Loc EndOffset="465" SrcFileId="2" StartOffset="433"/>
<Loc EndOffset="553" SrcFileId="2" StartOffset="505"/>
<Loc EndOffset="598" SrcFileId="2" StartOffset="561"/>
<Loc EndOffset="641" SrcFileId="2" StartOffset="604"/>
<Loc EndOffset="681" SrcFileId="2" StartOffset="647"/>
<Loc EndOffset="720" SrcFileId="2" StartOffset="687"/>
<Loc EndOffset="762" SrcFileId="2" StartOffset="726"/>
<Loc EndOffset="802" SrcFileId="2" StartOffset="768"/>
<Loc EndOffset="841" SrcFileId="2" StartOffset="808"/>
<Loc EndOffset="885" SrcFileId="2" StartOffset="847"/>
<Loc EndOffset="931" SrcFileId="2" StartOffset="891"/>
<Loc EndOffset="971" SrcFileId="2" StartOffset="937"/>
<Loc EndOffset="1050" SrcFileId="2" StartOffset="994"/>
</LocList>
<BasicStmnt CovItemId="S1" CovItemPrefix="com.OriginalFiles.Piece.java" Intrnl_Id="721">
<LocList>
<Loc EndOffset="169" SrcFileId="2" StartOffset="142"/>
</LocList>
</BasicStmnt>
<BasicStmnt CovItemId="S2" CovItemPrefix="com.OriginalFiles.Piece.java" Intrnl_Id="722">
<LocList>
<Loc EndOffset="233" SrcFileId="2" StartOffset="199"/>
</LocList>
</BasicStmnt>
<BasicStmnt CovItemId="S3" CovItemPrefix="com.OriginalFiles.Piece.java" Intrnl_Id="723">
<LocList>
<Loc EndOffset="270" SrcFileId="2" StartOffset="239"/>
</LocList>
</BasicStmnt>
<BasicStmnt CovItemId="S4" CovItemPrefix="com.OriginalFiles.Piece.java" Intrnl_Id="724">
<LocList>
<Loc EndOffset="309" SrcFileId="2" StartOffset="276"/>
</LocList>
</BasicStmnt>
<BasicStmnt CovItemId="S5" CovItemPrefix="com.OriginalFiles.Piece.java" Intrnl_Id="725">
<LocList>
<Loc EndOffset="347" SrcFileId="2" StartOffset="315"/>
</LocList>
</BasicStmnt>
<BasicStmnt CovItemId="S6" CovItemPrefix="com.OriginalFiles.Piece.java" Intrnl_Id="726">
<LocList>
<Loc EndOffset="389" SrcFileId="2" StartOffset="353"/>
</LocList>
</BasicStmnt>
<BasicStmnt CovItemId="S7" CovItemPrefix="com.OriginalFiles.Piece.java" Intrnl_Id="727">
<LocList>
<Loc EndOffset="427" SrcFileId="2" StartOffset="395"/>
</LocList>
</BasicStmnt>
<BasicStmnt CovItemId="S8" CovItemPrefix="com.OriginalFiles.Piece.java" Intrnl_Id="728">
<LocList>
<Loc EndOffset="465" SrcFileId="2" StartOffset="433"/>
</LocList>
</BasicStmnt>
<BasicStmnt CovItemId="S9" CovItemPrefix="com.OriginalFiles.Piece.java" Intrnl_Id="729">
<LocList>
<Loc EndOffset="553" SrcFileId="2" StartOffset="505"/>
</LocList>
</BasicStmnt>
<BasicStmnt CovItemId="S10" CovItemPrefix="com.OriginalFiles.Piece.java" Intrnl_Id="730">
<LocList>
<Loc EndOffset="598" SrcFileId="2" StartOffset="561"/>
</LocList>
</BasicStmnt>
<BasicStmnt CovItemId="S11" CovItemPrefix="com.OriginalFiles.Piece.java" Intrnl_Id="731">
<LocList>
<Loc EndOffset="641" SrcFileId="2" StartOffset="604"/>
</LocList>
</BasicStmnt>
<BasicStmnt CovItemId="S12" CovItemPrefix="com.OriginalFiles.Piece.java" Intrnl_Id="732">
<LocList>
<Loc EndOffset="681" SrcFileId="2" StartOffset="647"/>
</LocList>
</BasicStmnt>
<BasicStmnt CovItemId="S13" CovItemPrefix="com.OriginalFiles.Piece.java" Intrnl_Id="733">
<LocList>
<Loc EndOffset="720" SrcFileId="2" StartOffset="687"/>
</LocList>
</BasicStmnt>
<BasicStmnt CovItemId="S14" CovItemPrefix="com.OriginalFiles.Piece.java" Intrnl_Id="734">
<LocList>
<Loc EndOffset="762" SrcFileId="2" StartOffset="726"/>
</LocList>
</BasicStmnt>
<BasicStmnt CovItemId="S15" CovItemPrefix="com.OriginalFiles.Piece.java" Intrnl_Id="735">
<LocList>
<Loc EndOffset="802" SrcFileId="2" StartOffset="768"/>
</LocList>
</BasicStmnt>
<BasicStmnt CovItemId="S16" CovItemPrefix="com.OriginalFiles.Piece.java" Intrnl_Id="736">
<LocList>
<Loc EndOffset="841" SrcFileId="2" StartOffset="808"/>
</LocList>
</BasicStmnt>
<BasicStmnt CovItemId="S17" CovItemPrefix="com.OriginalFiles.Piece.java" Intrnl_Id="737">
<LocList>
<Loc EndOffset="885" SrcFileId="2" StartOffset="847"/>
</LocList>
</BasicStmnt>
<BasicStmnt CovItemId="S18" CovItemPrefix="com.OriginalFiles.Piece.java" Intrnl_Id="738">
<LocList>
<Loc EndOffset="931" SrcFileId="2" StartOffset="891"/>
</LocList>
</BasicStmnt>
<BasicStmnt CovItemId="S19" CovItemPrefix="com.OriginalFiles.Piece.java" Intrnl_Id="739">
<LocList>
<Loc EndOffset="971" SrcFileId="2" StartOffset="937"/>
</LocList>
</BasicStmnt>
<BasicStmnt CovItemId="S20" CovItemPrefix="com.OriginalFiles.Piece.java" Intrnl_Id="740">
<LocList>
<Loc EndOffset="1050" SrcFileId="2" StartOffset="994"/>
</LocList>
</BasicStmnt>
</StmntSeq>
<HierarchyLvl HierarchyLvlId="11" HierarchyLvlTypeId="14" Intrnl_Id="741" Name="Piece">
<Header>
<Loc EndOffset="1083" SrcFileId="2" StartOffset="1058"/>
</Header>
<LocList>
<Loc EndOffset="1124" SrcFileId="2" StartOffset="1058"/>
</LocList>
<StmntSeq Intrnl_Id="742">
<LocList>
<Loc EndOffset="1117" SrcFileId="2" StartOffset="1095"/>
</LocList>
<BasicStmnt CovItemId="S21" CovItemPrefix="com.OriginalFiles.Piece.java" Intrnl_Id="743">
<LocList>
<Loc EndOffset="1117" SrcFileId="2" StartOffset="1095"/>
</LocList>
</BasicStmnt>
</StmntSeq>
</HierarchyLvl>
<HierarchyLvl HierarchyLvlId="12" HierarchyLvlTypeId="14" Intrnl_Id="744" Name="getY">
<Header>
<Loc EndOffset="1155" SrcFileId="2" StartOffset="1132"/>
</Header>
<LocList>
<Loc EndOffset="1183" SrcFileId="2" StartOffset="1132"/>
</LocList>
<StmntSeq Intrnl_Id="745">
<LocList>
<Loc EndOffset="1176" SrcFileId="2" StartOffset="1167"/>
</LocList>
<BasicStmnt CovItemId="S22" CovItemPrefix="com.OriginalFiles.Piece.java" Intrnl_Id="746">
<LocList>
<Loc EndOffset="1176" SrcFileId="2" StartOffset="1167"/>
</LocList>
</BasicStmnt>
</StmntSeq>
</HierarchyLvl>
<HierarchyLvl HierarchyLvlId="13" HierarchyLvlTypeId="14" Intrnl_Id="747" Name="getX">
<Header>
<Loc EndOffset="1214" SrcFileId="2" StartOffset="1191"/>
</Header>
<LocList>
<Loc EndOffset="1242" SrcFileId="2" StartOffset="1191"/>
</LocList>
<StmntSeq Intrnl_Id="748">
<LocList>
<Loc EndOffset="1235" SrcFileId="2" StartOffset="1226"/>
</LocList>
<BasicStmnt CovItemId="S23" CovItemPrefix="com.OriginalFiles.Piece.java" Intrnl_Id="749">
<LocList>
<Loc EndOffset="1235" SrcFileId="2" StartOffset="1226"/>
</LocList>
</BasicStmnt>
</StmntSeq>
</HierarchyLvl>
<HierarchyLvl HierarchyLvlId="14" HierarchyLvlTypeId="14" Intrnl_Id="750" Name="setXY">
<Header>
<Loc EndOffset="1297" SrcFileId="2" StartOffset="1250"/>
</Header>
<LocList>
<Loc EndOffset="1706" SrcFileId="2" StartOffset="1250"/>
</LocList>
<StmntSeq Intrnl_Id="751">
<LocList>
<Loc EndOffset="1320" SrcFileId="2" StartOffset="1309"/>
<Loc EndOffset="1341" SrcFileId="2" StartOffset="1330"/>
<Loc EndOffset="1668" SrcFileId="2" StartOffset="1351"/>
<Loc EndOffset="1699" SrcFileId="2" StartOffset="1678"/>
</LocList>
<BasicStmnt CovItemId="S24" CovItemPrefix="com.OriginalFiles.Piece.java" Intrnl_Id="752">
<LocList>
<Loc EndOffset="1320" SrcFileId="2" StartOffset="1309"/>
</LocList>
</BasicStmnt>
<BasicStmnt CovItemId="S25" CovItemPrefix="com.OriginalFiles.Piece.java" Intrnl_Id="753">
<LocList>
<Loc EndOffset="1341" SrcFileId="2" StartOffset="1330"/>
</LocList>
</BasicStmnt>
<CondStmnt CovItemId="S26" CovItemPrefix="com.OriginalFiles.Piece.java" Intrnl_Id="754">
<Branch CovItemId="B1" CovItemPrefix="com.OriginalFiles.Piece.java" Implct="false" Intrnl_Id="755">
<Cond/>
<LocList>
<Loc EndOffset="1617" SrcFileId="2" StartOffset="1401"/>
</LocList>
<StmntSeq Intrnl_Id="756">
<LocList>
<Loc EndOffset="1548" SrcFileId="2" StartOffset="1416"/>
<Loc EndOffset="1606" SrcFileId="2" StartOffset="1562"/>
</LocList>
<CondStmnt CovItemId="S27" CovItemPrefix="com.OriginalFiles.Piece.java" Intrnl_Id="757">
<Branch CovItemId="B3" CovItemPrefix="com.OriginalFiles.Piece.java" Implct="false" Intrnl_Id="758">
<Cond/>
<LocList>
<Loc EndOffset="1548" SrcFileId="2" StartOffset="1493"/>
</LocList>
<StmntSeq Intrnl_Id="759">
<LocList>
<Loc EndOffset="1533" SrcFileId="2" StartOffset="1512"/>
</LocList>
<BasicStmnt CovItemId="S28" CovItemPrefix="com.OriginalFiles.Piece.java" Intrnl_Id="760">
<LocList>
<Loc EndOffset="1533" SrcFileId="2" StartOffset="1512"/>
</LocList>
</BasicStmnt>
</StmntSeq>
</Branch>
<Branch CovItemId="B4" CovItemPrefix="com.OriginalFiles.Piece.java" Implct="true" Intrnl_Id="761">
<Cond/>
<LocList/>
<StmntSeq Intrnl_Id="762">
<LocList/>
</StmntSeq>
</Branch>
<Keyword EndOffset="1418" SrcFileId="2" StartOffset="1416"/>
<LocList>
<Loc EndOffset="1548" SrcFileId="2" StartOffset="1416"/>
</LocList>
<RootTerm CovItemId="C2" CovItemPrefix="com.OriginalFiles.Piece.java" Intrnl_Id="763">
<OpTerm BooleanOpId="10" Intrnl_Id="764">
<BasicBoolTerm Intrnl_Id="765">
<LocList>
<Loc EndOffset="1465" SrcFileId="2" StartOffset="1420"/>
</LocList>
</BasicBoolTerm>
<BasicBoolTerm Intrnl_Id="766">
<LocList>
<Loc EndOffset="1491" SrcFileId="2" StartOffset="1469"/>
</LocList>
</BasicBoolTerm>
<LocList>
<Loc EndOffset="1468" SrcFileId="2" StartOffset="1466"/>
</LocList>
</OpTerm>
</RootTerm>
</CondStmnt>
<BasicStmnt CovItemId="S29" CovItemPrefix="com.OriginalFiles.Piece.java" Intrnl_Id="767">
<LocList>
<Loc EndOffset="1606" SrcFileId="2" StartOffset="1562"/>
</LocList>
</BasicStmnt>
</StmntSeq>
</Branch>
<Branch CovItemId="B2" CovItemPrefix="com.OriginalFiles.Piece.java" Implct="false" Intrnl_Id="768">
<Cond>
<Loc EndOffset="1622" SrcFileId="2" StartOffset="1618"/>
</Cond>
<LocList>
<Loc EndOffset="1668" SrcFileId="2" StartOffset="1623"/>
</LocList>
<StmntSeq Intrnl_Id="769">
<LocList>
<Loc EndOffset="1657" SrcFileId="2" StartOffset="1638"/>
</LocList>
<BasicStmnt CovItemId="S30" CovItemPrefix="com.OriginalFiles.Piece.java" Intrnl_Id="770">
<LocList>
<Loc EndOffset="1657" SrcFileId="2" StartOffset="1638"/>
</LocList>
</BasicStmnt>
</StmntSeq>
</Branch>
<Keyword EndOffset="1353" SrcFileId="2" StartOffset="1351"/>
<LocList>
<Loc EndOffset="1668" SrcFileId="2" StartOffset="1351"/>
</LocList>
<RootTerm CovItemId="C1" CovItemPrefix="com.OriginalFiles.Piece.java" Intrnl_Id="771">
<OpTerm BooleanOpId="10" Intrnl_Id="772">
<BasicBoolTerm Intrnl_Id="773">
<LocList>
<Loc EndOffset="1386" SrcFileId="2" StartOffset="1355"/>
</LocList>
</BasicBoolTerm>
<BasicBoolTerm Intrnl_Id="774">
<LocList>
<Loc EndOffset="1399" SrcFileId="2" StartOffset="1390"/>
</LocList>
</BasicBoolTerm>
<LocList>
<Loc EndOffset="1389" SrcFileId="2" StartOffset="1387"/>
</LocList>
</OpTerm>
</RootTerm>
</CondStmnt>
<BasicStmnt CovItemId="S31" CovItemPrefix="com.OriginalFiles.Piece.java" Intrnl_Id="775">
<LocList>
<Loc EndOffset="1699" SrcFileId="2" StartOffset="1678"/>
</LocList>
</BasicStmnt>
</StmntSeq>
</HierarchyLvl>
<HierarchyLvl HierarchyLvlId="15" HierarchyLvlTypeId="14" Intrnl_Id="776" Name="isOnBoard">
<Header>
<Loc EndOffset="1741" SrcFileId="2" StartOffset="1714"/>
</Header>
<LocList>
<Loc EndOffset="1911" SrcFileId="2" StartOffset="1714"/>
</LocList>
<StmntSeq Intrnl_Id="777">
<LocList>
<Loc EndOffset="1904" SrcFileId="2" StartOffset="1753"/>
</LocList>
<CondStmnt CovItemId="S32" CovItemPrefix="com.OriginalFiles.Piece.java" Intrnl_Id="778">
<Branch CovItemId="B5" CovItemPrefix="com.OriginalFiles.Piece.java" Implct="false" Intrnl_Id="779">
<Cond/>
<LocList>
<Loc EndOffset="1828" SrcFileId="2" StartOffset="1790"/>
</LocList>
<StmntSeq Intrnl_Id="780">
<LocList>
<Loc EndOffset="1817" SrcFileId="2" StartOffset="1805"/>
</LocList>
<BasicStmnt CovItemId="S33" CovItemPrefix="com.OriginalFiles.Piece.java" Intrnl_Id="781">
<LocList>
<Loc EndOffset="1817" SrcFileId="2" StartOffset="1805"/>
</LocList>
</BasicStmnt>
</StmntSeq>
</Branch>
<Branch CovItemId="B6" CovItemPrefix="com.OriginalFiles.Piece.java" Implct="false" Intrnl_Id="782">
<Cond>
<Loc EndOffset="1833" SrcFileId="2" StartOffset="1829"/>
</Cond>
<LocList>
<Loc EndOffset="1904" SrcFileId="2" StartOffset="1834"/>
</LocList>
<StmntSeq Intrnl_Id="783">
<LocList>
<Loc EndOffset="1866" SrcFileId="2" StartOffset="1849"/>
<Loc EndOffset="1893" SrcFileId="2" StartOffset="1880"/>
</LocList>
<BasicStmnt CovItemId="S34" CovItemPrefix="com.OriginalFiles.Piece.java" Intrnl_Id="784">
<LocList>
<Loc EndOffset="1866" SrcFileId="2" StartOffset="1849"/>
</LocList>
</BasicStmnt>
<BasicStmnt CovItemId="S35" CovItemPrefix="com.OriginalFiles.Piece.java" Intrnl_Id="785">
<LocList>
<Loc EndOffset="1893" SrcFileId="2" StartOffset="1880"/>
</LocList>
</BasicStmnt>
</StmntSeq>
</Branch>
<Keyword EndOffset="1755" SrcFileId="2" StartOffset="1753"/>
<LocList>
<Loc EndOffset="1904" SrcFileId="2" StartOffset="1753"/>
</LocList>
<RootTerm CovItemId="C3" CovItemPrefix="com.OriginalFiles.Piece.java" Intrnl_Id="786">
<BasicBoolTerm Intrnl_Id="787">
<LocList>
<Loc EndOffset="1788" SrcFileId="2" StartOffset="1757"/>
</LocList>
</BasicBoolTerm>
</RootTerm>
</CondStmnt>
</StmntSeq>
</HierarchyLvl>
<HierarchyLvl HierarchyLvlId="16" HierarchyLvlTypeId="14" Intrnl_Id="788" Name="priceForPiece">
<Header>
<Loc EndOffset="2032" SrcFileId="2" StartOffset="1919"/>
</Header>
<LocList>
<Loc EndOffset="2239" SrcFileId="2" StartOffset="1919"/>
</LocList>
<StmntSeq Intrnl_Id="789">
<LocList>
<Loc EndOffset="2202" SrcFileId="2" StartOffset="2044"/>
<Loc EndOffset="2232" SrcFileId="2" StartOffset="2212"/>
</LocList>
<CondStmnt CovItemId="S36" CovItemPrefix="com.OriginalFiles.Piece.java" Intrnl_Id="790">
<Branch CovItemId="B7" CovItemPrefix="com.OriginalFiles.Piece.java" Implct="false" Intrnl_Id="791">
<Cond/>
<LocList>
<Loc EndOffset="2202" SrcFileId="2" StartOffset="2108"/>
</LocList>
<StmntSeq Intrnl_Id="792">
<LocList>
<Loc EndOffset="2191" SrcFileId="2" StartOffset="2123"/>
</LocList>
<BasicStmnt CovItemId="S37" CovItemPrefix="com.OriginalFiles.Piece.java" Intrnl_Id="793">
<LocList>
<Loc EndOffset="2191" SrcFileId="2" StartOffset="2123"/>
</LocList>
</BasicStmnt>
</StmntSeq>
</Branch>
<Branch CovItemId="B8" CovItemPrefix="com.OriginalFiles.Piece.java" Implct="true" Intrnl_Id="794">
<Cond/>
<LocList/>
<StmntSeq Intrnl_Id="795">
<LocList/>
</StmntSeq>
</Branch>
<Keyword EndOffset="2046" SrcFileId="2" StartOffset="2044"/>
<LocList>
<Loc EndOffset="2202" SrcFileId="2" StartOffset="2044"/>
</LocList>
<RootTerm CovItemId="C4" CovItemPrefix="com.OriginalFiles.Piece.java" Intrnl_Id="796">
<OpTerm BooleanOpId="11" Intrnl_Id="797">
<BasicBoolTerm Intrnl_Id="798">
<LocList>
<Loc EndOffset="2080" SrcFileId="2" StartOffset="2048"/>
</LocList>
</BasicBoolTerm>
<BasicBoolTerm Intrnl_Id="799">
<LocList>
<Loc EndOffset="2106" SrcFileId="2" StartOffset="2084"/>
</LocList>
</BasicBoolTerm>
<LocList>
<Loc EndOffset="2083" SrcFileId="2" StartOffset="2081"/>
</LocList>
</OpTerm>
</RootTerm>
</CondStmnt>
<BasicStmnt CovItemId="S38" CovItemPrefix="com.OriginalFiles.Piece.java" Intrnl_Id="800">
<LocList>
<Loc EndOffset="2232" SrcFileId="2" StartOffset="2212"/>
</LocList>
</BasicStmnt>
</StmntSeq>
</HierarchyLvl>
<HierarchyLvl HierarchyLvlId="17" HierarchyLvlTypeId="14" Intrnl_Id="801" Name="min">
<Header>
<Loc EndOffset="2276" SrcFileId="2" StartOffset="2247"/>
</Header>
<LocList>
<Loc EndOffset="2360" SrcFileId="2" StartOffset="2247"/>
</LocList>
<StmntSeq Intrnl_Id="802">
<LocList>
<Loc EndOffset="2334" SrcFileId="2" StartOffset="2288"/>
<Loc EndOffset="2353" SrcFileId="2" StartOffset="2344"/>
</LocList>
<CondStmnt CovItemId="S39" CovItemPrefix="com.OriginalFiles.Piece.java" Intrnl_Id="803">
<Branch CovItemId="B9" CovItemPrefix="com.OriginalFiles.Piece.java" Implct="false" Intrnl_Id="804">
<Cond/>
<LocList>
<Loc EndOffset="2334" SrcFileId="2" StartOffset="2299"/>
</LocList>
<StmntSeq Intrnl_Id="805">
<LocList>
<Loc EndOffset="2323" SrcFileId="2" StartOffset="2314"/>
</LocList>
<BasicStmnt CovItemId="S40" CovItemPrefix="com.OriginalFiles.Piece.java" Intrnl_Id="806">
<LocList>
<Loc EndOffset="2323" SrcFileId="2" StartOffset="2314"/>
</LocList>
</BasicStmnt>
</StmntSeq>
</Branch>
<Branch CovItemId="B10" CovItemPrefix="com.OriginalFiles.Piece.java" Implct="true" Intrnl_Id="807">
<Cond/>
<LocList/>
<StmntSeq Intrnl_Id="808">
<LocList/>
</StmntSeq>
</Branch>
<Keyword EndOffset="2290" SrcFileId="2" StartOffset="2288"/>
<LocList>
<Loc EndOffset="2334" SrcFileId="2" StartOffset="2288"/>
</LocList>
<RootTerm CovItemId="C5" CovItemPrefix="com.OriginalFiles.Piece.java" Intrnl_Id="809">
<BasicBoolTerm Intrnl_Id="810">
<LocList>
<Loc EndOffset="2297" SrcFileId="2" StartOffset="2292"/>
</LocList>
</BasicBoolTerm>
</RootTerm>
</CondStmnt>
<BasicStmnt CovItemId="S41" CovItemPrefix="com.OriginalFiles.Piece.java" Intrnl_Id="811">
<LocList>
<Loc EndOffset="2353" SrcFileId="2" StartOffset="2344"/>
</LocList>
</BasicStmnt>
</StmntSeq>
</HierarchyLvl>
<HierarchyLvl HierarchyLvlId="18" HierarchyLvlTypeId="14" Intrnl_Id="812" Name="updatePriceMidgame">
<Header>
<Loc EndOffset="2401" SrcFileId="2" StartOffset="2368"/>
</Header>
<LocList>
<Loc EndOffset="2463" SrcFileId="2" StartOffset="2368"/>
</LocList>
<StmntSeq Intrnl_Id="813">
<LocList>
<Loc EndOffset="2456" SrcFileId="2" StartOffset="2413"/>
</LocList>
<BasicStmnt CovItemId="S42" CovItemPrefix="com.OriginalFiles.Piece.java" Intrnl_Id="814">
<LocList>
<Loc EndOffset="2456" SrcFileId="2" StartOffset="2413"/>
</LocList>
</BasicStmnt>
</StmntSeq>
</HierarchyLvl>
<HierarchyLvl HierarchyLvlId="19" HierarchyLvlTypeId="14" Intrnl_Id="815" Name="updatePrice">
<Header>
<Loc EndOffset="2575" SrcFileId="2" StartOffset="2471"/>
</Header>
<LocList>
<Loc EndOffset="4973" SrcFileId="2" StartOffset="2471"/>
</LocList>
<StmntSeq Intrnl_Id="816">
<LocList>
<Loc EndOffset="4966" SrcFileId="2" StartOffset="2587"/>
</LocList>
<CondStmnt CovItemId="S43" CovItemPrefix="com.OriginalFiles.Piece.java" Intrnl_Id="817">
<Branch CovItemId="B11" CovItemPrefix="com.OriginalFiles.Piece.java" Implct="false" Intrnl_Id="818">
<Cond/>
<LocList>
<Loc EndOffset="4966" SrcFileId="2" StartOffset="2604"/>
</LocList>
<StmntSeq Intrnl_Id="819">
<LocList>
<Loc EndOffset="2651" SrcFileId="2" StartOffset="2619"/>
<Loc EndOffset="2696" SrcFileId="2" StartOffset="2665"/>
<Loc EndOffset="2828" SrcFileId="2" StartOffset="2710"/>
<Loc EndOffset="2996" SrcFileId="2" StartOffset="2842"/>
<Loc EndOffset="4051" SrcFileId="2" StartOffset="3010"/>
<Loc EndOffset="4373" SrcFileId="2" StartOffset="4065"/>
<Loc EndOffset="4826" SrcFileId="2" StartOffset="4389"/>
<Loc EndOffset="4914" SrcFileId="2" StartOffset="4840"/>
<Loc EndOffset="4955" SrcFileId="2" StartOffset="4928"/>
</LocList>
<BasicStmnt CovItemId="S44" CovItemPrefix="com.OriginalFiles.Piece.java" Intrnl_Id="820">
<LocList>
<Loc EndOffset="2651" SrcFileId="2" StartOffset="2619"/>
</LocList>
</BasicStmnt>
<BasicStmnt CovItemId="S45" CovItemPrefix="com.OriginalFiles.Piece.java" Intrnl_Id="821">
<LocList>
<Loc EndOffset="2696" SrcFileId="2" StartOffset="2665"/>
</LocList>
</BasicStmnt>
<CondStmnt CovItemId="S46" CovItemPrefix="com.OriginalFiles.Piece.java" Intrnl_Id="822">
<Branch CovItemId="B13" CovItemPrefix="com.OriginalFiles.Piece.java" Implct="false" Intrnl_Id="823">
<Cond/>
<LocList>
<Loc EndOffset="2828" SrcFileId="2" StartOffset="2764"/>
</LocList>
<StmntSeq Intrnl_Id="824">
<LocList>
<Loc EndOffset="2813" SrcFileId="2" StartOffset="2783"/>
</LocList>
<BasicStmnt CovItemId="S47" CovItemPrefix="com.OriginalFiles.Piece.java" Intrnl_Id="825">
<LocList>
<Loc EndOffset="2813" SrcFileId="2" StartOffset="2783"/>
</LocList>
</BasicStmnt>
</StmntSeq>
</Branch>
<Branch CovItemId="B14" CovItemPrefix="com.OriginalFiles.Piece.java" Implct="true" Intrnl_Id="826">
<Cond/>
<LocList/>
<StmntSeq Intrnl_Id="827">
<LocList/>
</StmntSeq>
</Branch>
<Keyword EndOffset="2712" SrcFileId="2" StartOffset="2710"/>
<LocList>
<Loc EndOffset="2828" SrcFileId="2" StartOffset="2710"/>
</LocList>
<RootTerm CovItemId="C7" CovItemPrefix="com.OriginalFiles.Piece.java" Intrnl_Id="828">
<BasicBoolTerm Intrnl_Id="829">
<LocList>
<Loc EndOffset="2762" SrcFileId="2" StartOffset="2714"/>
</LocList>
</BasicBoolTerm>
</RootTerm>
</CondStmnt>
<CondStmnt CovItemId="S48" CovItemPrefix="com.OriginalFiles.Piece.java" Intrnl_Id="830">
<Branch CovItemId="B15" CovItemPrefix="com.OriginalFiles.Piece.java" Implct="false" Intrnl_Id="831">
<Cond/>
<LocList>
<Loc EndOffset="2996" SrcFileId="2" StartOffset="2870"/>
</LocList>
<StmntSeq Intrnl_Id="832">
<LocList>
<Loc EndOffset="2981" SrcFileId="2" StartOffset="2889"/>
</LocList>
<BasicStmnt CovItemId="S49" CovItemPrefix="com.OriginalFiles.Piece.java" Intrnl_Id="833">
<LocList>
<Loc EndOffset="2981" SrcFileId="2" StartOffset="2889"/>
</LocList>
</BasicStmnt>
</StmntSeq>
</Branch>
<Branch CovItemId="B16" CovItemPrefix="com.OriginalFiles.Piece.java" Implct="true" Intrnl_Id="834">
<Cond/>
<LocList/>
<StmntSeq Intrnl_Id="835">
<LocList/>
</StmntSeq>
</Branch>
<Keyword EndOffset="2844" SrcFileId="2" StartOffset="2842"/>
<LocList>
<Loc EndOffset="2996" SrcFileId="2" StartOffset="2842"/>
</LocList>
<RootTerm CovItemId="C8" CovItemPrefix="com.OriginalFiles.Piece.java" Intrnl_Id="836">
<BasicBoolTerm Intrnl_Id="837">
<LocList>
<Loc EndOffset="2868" SrcFileId="2" StartOffset="2846"/>
</LocList>
</BasicBoolTerm>
</RootTerm>
</CondStmnt>
<CondStmnt CovItemId="S50" CovItemPrefix="com.OriginalFiles.Piece.java" Intrnl_Id="838">
<Branch CovItemId="B17" CovItemPrefix="com.OriginalFiles.Piece.java" Implct="false" Intrnl_Id="839">
<Cond/>
<LocList>
<Loc EndOffset="4051" SrcFileId="2" StartOffset="3038"/>
</LocList>
<StmntSeq Intrnl_Id="840">
<LocList>
<Loc EndOffset="3205" SrcFileId="2" StartOffset="3057"/>
<Loc EndOffset="3477" SrcFileId="2" StartOffset="3223"/>
<Loc EndOffset="4034" SrcFileId="2" StartOffset="3497"/>
</LocList>
<CondStmnt CovItemId="S51" CovItemPrefix="com.OriginalFiles.Piece.java" Intrnl_Id="841">
<Branch CovItemId="B19" CovItemPrefix="com.OriginalFiles.Piece.java" Implct="false" Intrnl_Id="842">
<Cond/>
<LocList>
<Loc EndOffset="3205" SrcFileId="2" StartOffset="3070"/>
</LocList>
<StmntSeq Intrnl_Id="843">
<LocList>
<Loc EndOffset="3121" SrcFileId="2" StartOffset="3093"/>
<Loc EndOffset="3186" SrcFileId="2" StartOffset="3143"/>
</LocList>
<BasicStmnt CovItemId="S52" CovItemPrefix="com.OriginalFiles.Piece.java" Intrnl_Id="844">
<LocList>
<Loc EndOffset="3121" SrcFileId="2" StartOffset="3093"/>
</LocList>
</BasicStmnt>
<BasicStmnt CovItemId="S53" CovItemPrefix="com.OriginalFiles.Piece.java" Intrnl_Id="845">
<LocList>
<Loc EndOffset="3186" SrcFileId="2" StartOffset="3143"/>
</LocList>
</BasicStmnt>
</StmntSeq>
</Branch>
<Branch CovItemId="B20" CovItemPrefix="com.OriginalFiles.Piece.java" Implct="true" Intrnl_Id="846">
<Cond/>
<LocList/>
<StmntSeq Intrnl_Id="847">
<LocList/>
</StmntSeq>
</Branch>
<Keyword EndOffset="3059" SrcFileId="2" StartOffset="3057"/>
<LocList>
<Loc EndOffset="3205" SrcFileId="2" StartOffset="3057"/>
</LocList>
<RootTerm CovItemId="C10" CovItemPrefix="com.OriginalFiles.Piece.java" Intrnl_Id="848">
<BasicBoolTerm Intrnl_Id="849">
<LocList>
<Loc EndOffset="3068" SrcFileId="2" StartOffset="3061"/>
</LocList>
</BasicBoolTerm>
</RootTerm>
</CondStmnt>
<CondStmnt CovItemId="S54" CovItemPrefix="com.OriginalFiles.Piece.java" Intrnl_Id="850">
<Branch CovItemId="B21" CovItemPrefix="com.OriginalFiles.Piece.java" Implct="false" Intrnl_Id="851">
<Cond/>
<LocList>
<Loc EndOffset="3477" SrcFileId="2" StartOffset="3244"/>
</LocList>
<StmntSeq Intrnl_Id="852">
<LocList>
<Loc EndOffset="3458" SrcFileId="2" StartOffset="3267"/>
</LocList>
<CondStmnt CovItemId="S55" CovItemPrefix="com.OriginalFiles.Piece.java" Intrnl_Id="853">
<Branch CovItemId="B23" CovItemPrefix="com.OriginalFiles.Piece.java" Implct="false" Intrnl_Id="854">
<Cond/>
<LocList>
<Loc EndOffset="3385" SrcFileId="2" StartOffset="3314"/>
</LocList>
<StmntSeq Intrnl_Id="855">
<LocList>
<Loc EndOffset="3362" SrcFileId="2" StartOffset="3341"/>
</LocList>
<BasicStmnt CovItemId="S56" CovItemPrefix="com.OriginalFiles.Piece.java" Intrnl_Id="856">
<LocList>
<Loc EndOffset="3362" SrcFileId="2" StartOffset="3341"/>
</LocList>
</BasicStmnt>
</StmntSeq>
</Branch>
<Branch CovItemId="B24" CovItemPrefix="com.OriginalFiles.Piece.java" Implct="false" Intrnl_Id="857">
<Cond>
<Loc EndOffset="3390" SrcFileId="2" StartOffset="3386"/>
</Cond>
<LocList>
<Loc EndOffset="3458" SrcFileId="2" StartOffset="3391"/>
</LocList>
<StmntSeq Intrnl_Id="858">
<LocList>
<Loc EndOffset="3435" SrcFileId="2" StartOffset="3418"/>
</LocList>
<BasicStmnt CovItemId="S57" CovItemPrefix="com.OriginalFiles.Piece.java" Intrnl_Id="859">
<LocList>
<Loc EndOffset="3435" SrcFileId="2" StartOffset="3418"/>
</LocList>
</BasicStmnt>
</StmntSeq>
</Branch>
<Keyword EndOffset="3269" SrcFileId="2" StartOffset="3267"/>
<LocList>
<Loc EndOffset="3458" SrcFileId="2" StartOffset="3267"/>
</LocList>
<RootTerm CovItemId="C12" CovItemPrefix="com.OriginalFiles.Piece.java" Intrnl_Id="860">
<BasicBoolTerm Intrnl_Id="861">
<LocList>
<Loc EndOffset="3312" SrcFileId="2" StartOffset="3271"/>
</LocList>
</BasicBoolTerm>
</RootTerm>
</CondStmnt>
</StmntSeq>
</Branch>
<Branch CovItemId="B22" CovItemPrefix="com.OriginalFiles.Piece.java" Implct="true" Intrnl_Id="862">
<Cond/>
<LocList/>
<StmntSeq Intrnl_Id="863">
<LocList/>
</StmntSeq>
</Branch>
<Keyword EndOffset="3225" SrcFileId="2" StartOffset="3223"/>
<LocList>
<Loc EndOffset="3477" SrcFileId="2" StartOffset="3223"/>
</LocList>
<RootTerm CovItemId="C11" CovItemPrefix="com.OriginalFiles.Piece.java" Intrnl_Id="864">
<OpTerm BooleanOpId="9" Intrnl_Id="865">
<BasicBoolTerm Intrnl_Id="866">
<LocList>
<Loc EndOffset="3242" SrcFileId="2" StartOffset="3228"/>
</LocList>
</BasicBoolTerm>
<LocList>
<Loc EndOffset="3228" SrcFileId="2" StartOffset="3227"/>
</LocList>
</OpTerm>
</RootTerm>
</CondStmnt>
<CondStmnt CovItemId="S58" CovItemPrefix="com.OriginalFiles.Piece.java" Intrnl_Id="867">
<Branch CovItemId="B25" CovItemPrefix="com.OriginalFiles.Piece.java" Implct="false" Intrnl_Id="868">
<Cond/>
<LocList>
<Loc EndOffset="4034" SrcFileId="2" StartOffset="3521"/>
</LocList>
<StmntSeq Intrnl_Id="869">
<LocList>
<Loc EndOffset="3652" SrcFileId="2" StartOffset="3544"/>
<Loc EndOffset="3800" SrcFileId="2" StartOffset="3674"/>
<Loc EndOffset="4015" SrcFileId="2" StartOffset="3824"/>
</LocList>
<CondStmnt CovItemId="S59" CovItemPrefix="com.OriginalFiles.Piece.java" Intrnl_Id="870">
<Branch CovItemId="B27" CovItemPrefix="com.OriginalFiles.Piece.java" Implct="false" Intrnl_Id="871">
<Cond/>
<LocList>
<Loc EndOffset="3652" SrcFileId="2" StartOffset="3571"/>
</LocList>
<StmntSeq Intrnl_Id="872">
<LocList>
<Loc EndOffset="3629" SrcFileId="2" StartOffset="3598"/>
</LocList>
<BasicStmnt CovItemId="S60" CovItemPrefix="com.OriginalFiles.Piece.java" Intrnl_Id="873">
<LocList>
<Loc EndOffset="3629" SrcFileId="2" StartOffset="3598"/>
</LocList>
</BasicStmnt>
</StmntSeq>
</Branch>
<Branch CovItemId="B28" CovItemPrefix="com.OriginalFiles.Piece.java" Implct="true" Intrnl_Id="874">
<Cond/>
<LocList/>
<StmntSeq Intrnl_Id="875">
<LocList/>
</StmntSeq>
</Branch>
<Keyword EndOffset="3546" SrcFileId="2" StartOffset="3544"/>
<LocList>
<Loc EndOffset="3652" SrcFileId="2" StartOffset="3544"/>
</LocList>
<RootTerm CovItemId="C14" CovItemPrefix="com.OriginalFiles.Piece.java" Intrnl_Id="876">
<BasicBoolTerm Intrnl_Id="877">
<LocList>
<Loc EndOffset="3569" SrcFileId="2" StartOffset="3548"/>
</LocList>
</BasicBoolTerm>
</RootTerm>
</CondStmnt>
<CondStmnt CovItemId="S61" CovItemPrefix="com.OriginalFiles.Piece.java" Intrnl_Id="878">
<Branch CovItemId="B29" CovItemPrefix="com.OriginalFiles.Piece.java" Implct="false" Intrnl_Id="879">
<Cond/>
<LocList>
<Loc EndOffset="3800" SrcFileId="2" StartOffset="3719"/>
</LocList>
<StmntSeq Intrnl_Id="880">
<LocList>
<Loc EndOffset="3777" SrcFileId="2" StartOffset="3746"/>
</LocList>
<BasicStmnt CovItemId="S62" CovItemPrefix="com.OriginalFiles.Piece.java" Intrnl_Id="881">
<LocList>
<Loc EndOffset="3777" SrcFileId="2" StartOffset="3746"/>
</LocList>
</BasicStmnt>
</StmntSeq>
</Branch>
<Branch CovItemId="B30" CovItemPrefix="com.OriginalFiles.Piece.java" Implct="true" Intrnl_Id="882">
<Cond/>
<LocList/>
<StmntSeq Intrnl_Id="883">
<LocList/>
</StmntSeq>
</Branch>
<Keyword EndOffset="3676" SrcFileId="2" StartOffset="3674"/>
<LocList>
<Loc EndOffset="3800" SrcFileId="2" StartOffset="3674"/>
</LocList>
<RootTerm CovItemId="C15" CovItemPrefix="com.OriginalFiles.Piece.java" Intrnl_Id="884">
<OpTerm BooleanOpId="10" Intrnl_Id="885">
<BasicBoolTerm Intrnl_Id="886">
<LocList>
<Loc EndOffset="3699" SrcFileId="2" StartOffset="3678"/>
</LocList>
</BasicBoolTerm>
<BasicBoolTerm Intrnl_Id="887">
<LocList>
<Loc EndOffset="3717" SrcFileId="2" StartOffset="3703"/>
</LocList>
</BasicBoolTerm>
<LocList>
<Loc EndOffset="3702" SrcFileId="2" StartOffset="3700"/>
</LocList>
</OpTerm>
</RootTerm>
</CondStmnt>
<CondStmnt CovItemId="S63" CovItemPrefix="com.OriginalFiles.Piece.java" Intrnl_Id="888">
<Branch CovItemId="B31" CovItemPrefix="com.OriginalFiles.Piece.java" Implct="false" Intrnl_Id="889">
<Cond/>
<LocList>
<Loc EndOffset="4015" SrcFileId="2" StartOffset="3932"/>
</LocList>
<StmntSeq Intrnl_Id="890">
<LocList>
<Loc EndOffset="3992" SrcFileId="2" StartOffset="3959"/>
</LocList>
<BasicStmnt CovItemId="S64" CovItemPrefix="com.OriginalFiles.Piece.java" Intrnl_Id="891">
<LocList>
<Loc EndOffset="3992" SrcFileId="2" StartOffset="3959"/>
</LocList>
</BasicStmnt>
</StmntSeq>
</Branch>
<Branch CovItemId="B32" CovItemPrefix="com.OriginalFiles.Piece.java" Implct="true" Intrnl_Id="892">
<Cond/>
<LocList/>
<StmntSeq Intrnl_Id="893">
<LocList/>
</StmntSeq>
</Branch>
<Keyword EndOffset="3826" SrcFileId="2" StartOffset="3824"/>
<LocList>
<Loc EndOffset="4015" SrcFileId="2" StartOffset="3824"/>
</LocList>
<RootTerm CovItemId="C16" CovItemPrefix="com.OriginalFiles.Piece.java" Intrnl_Id="894">
<OpTerm BooleanOpId="10" Intrnl_Id="895">
<BasicBoolTerm Intrnl_Id="896">
<LocList>
<Loc EndOffset="3912" SrcFileId="2" StartOffset="3828"/>
</LocList>
</BasicBoolTerm>
<BasicBoolTerm Intrnl_Id="897">
<LocList>
<Loc EndOffset="3930" SrcFileId="2" StartOffset="3916"/>
</LocList>
</BasicBoolTerm>
<LocList>
<Loc EndOffset="3915" SrcFileId="2" StartOffset="3913"/>
</LocList>
</OpTerm>
</RootTerm>
</CondStmnt>
</StmntSeq>
</Branch>
<Branch CovItemId="B26" CovItemPrefix="com.OriginalFiles.Piece.java" Implct="true" Intrnl_Id="898">
<Cond/>
<LocList/>
<StmntSeq Intrnl_Id="899">
<LocList/>
</StmntSeq>
</Branch>
<Keyword EndOffset="3499" SrcFileId="2" StartOffset="3497"/>
<LocList>
<Loc EndOffset="4034" SrcFileId="2" StartOffset="3497"/>
</LocList>
<RootTerm CovItemId="C13" CovItemPrefix="com.OriginalFiles.Piece.java" Intrnl_Id="900">
<BasicBoolTerm Intrnl_Id="901">
<LocList>
<Loc EndOffset="3519" SrcFileId="2" StartOffset="3501"/>
</LocList>
</BasicBoolTerm>
</RootTerm>
</CondStmnt>
</StmntSeq>
</Branch>
<Branch CovItemId="B18" CovItemPrefix="com.OriginalFiles.Piece.java" Implct="true" Intrnl_Id="902">
<Cond/>
<LocList/>
<StmntSeq Intrnl_Id="903">
<LocList/>
</StmntSeq>
</Branch>
<Keyword EndOffset="3012" SrcFileId="2" StartOffset="3010"/>
<LocList>
<Loc EndOffset="4051" SrcFileId="2" StartOffset="3010"/>
</LocList>
<RootTerm CovItemId="C9" CovItemPrefix="com.OriginalFiles.Piece.java" Intrnl_Id="904">
<BasicBoolTerm Intrnl_Id="905">
<LocList>
<Loc EndOffset="3036" SrcFileId="2" StartOffset="3014"/>
</LocList>
</BasicBoolTerm>
</RootTerm>
</CondStmnt>
<CondStmnt CovItemId="S65" CovItemPrefix="com.OriginalFiles.Piece.java" Intrnl_Id="906">
<Branch CovItemId="B33" CovItemPrefix="com.OriginalFiles.Piece.java" Implct="false" Intrnl_Id="907">
<Cond/>
<LocList>
<Loc EndOffset="4373" SrcFileId="2" StartOffset="4314"/>
</LocList>
<StmntSeq Intrnl_Id="908">
<LocList>
<Loc EndOffset="4358" SrcFileId="2" StartOffset="4333"/>
</LocList>
<BasicStmnt CovItemId="S66" CovItemPrefix="com.OriginalFiles.Piece.java" Intrnl_Id="909">
<LocList>
<Loc EndOffset="4358" SrcFileId="2" StartOffset="4333"/>
</LocList>
</BasicStmnt>
</StmntSeq>
</Branch>
<Branch CovItemId="B34" CovItemPrefix="com.OriginalFiles.Piece.java" Implct="true" Intrnl_Id="910">
<Cond/>
<LocList/>
<StmntSeq Intrnl_Id="911">
<LocList/>
</StmntSeq>
</Branch>
<Keyword EndOffset="4067" SrcFileId="2" StartOffset="4065"/>
<LocList>
<Loc EndOffset="4373" SrcFileId="2" StartOffset="4065"/>
</LocList>
<RootTerm CovItemId="C17" CovItemPrefix="com.OriginalFiles.Piece.java" Intrnl_Id="912">
<OpTerm BooleanOpId="10" Intrnl_Id="913">
<OpTerm BooleanOpId="9" Intrnl_Id="914">
<BasicBoolTerm Intrnl_Id="915">
<LocList>
<Loc EndOffset="4079" SrcFileId="2" StartOffset="4070"/>
</LocList>
</BasicBoolTerm>
<LocList>
<Loc EndOffset="4070" SrcFileId="2" StartOffset="4069"/>
</LocList>
</OpTerm>
<OpTerm BooleanOpId="11" Intrnl_Id="916">
<OpTerm BooleanOpId="10" Intrnl_Id="917">
<BasicBoolTerm Intrnl_Id="918">
<LocList>
<Loc EndOffset="4147" SrcFileId="2" StartOffset="4106"/>
</LocList>
</BasicBoolTerm>
<BasicBoolTerm Intrnl_Id="919">
<LocList>
<Loc EndOffset="4186" SrcFileId="2" StartOffset="4180"/>
</LocList>
</BasicBoolTerm>
<LocList>
<Loc EndOffset="4179" SrcFileId="2" StartOffset="4177"/>
</LocList>
</OpTerm>
<OpTerm BooleanOpId="10" Intrnl_Id="920">
<BasicBoolTerm Intrnl_Id="921">
<LocList>
<Loc EndOffset="4263" SrcFileId="2" StartOffset="4221"/>
</LocList>
</BasicBoolTerm>
<BasicBoolTerm Intrnl_Id="922">
<LocList>
<Loc EndOffset="4310" SrcFileId="2" StartOffset="4304"/>
</LocList>
</BasicBoolTerm>
<LocList>
<Loc EndOffset="4303" SrcFileId="2" StartOffset="4301"/>
</LocList>
</OpTerm>
<LocList>
<Loc EndOffset="4219" SrcFileId="2" StartOffset="4217"/>
</LocList>
</OpTerm>
<LocList>
<Loc EndOffset="4103" SrcFileId="2" StartOffset="4101"/>
</LocList>
</OpTerm>
</RootTerm>
</CondStmnt>
<CondStmnt CovItemId="S67" CovItemPrefix="com.OriginalFiles.Piece.java" Intrnl_Id="923">
<Branch CovItemId="B35" CovItemPrefix="com.OriginalFiles.Piece.java" Implct="false" Intrnl_Id="924">
<Cond/>
<LocList>
<Loc EndOffset="4826" SrcFileId="2" StartOffset="4638"/>
</LocList>
<StmntSeq Intrnl_Id="925">
<LocList>
<Loc EndOffset="4760" SrcFileId="2" StartOffset="4657"/>
<Loc EndOffset="4811" SrcFileId="2" StartOffset="4778"/>
</LocList>
<CondStmnt CovItemId="S68" CovItemPrefix="com.OriginalFiles.Piece.java" Intrnl_Id="926">
<Branch CovItemId="B37" CovItemPrefix="com.OriginalFiles.Piece.java" Implct="false" Intrnl_Id="927">
<Cond/>
<LocList>
<Loc EndOffset="4760" SrcFileId="2" StartOffset="4685"/>
</LocList>
<StmntSeq Intrnl_Id="928">
<LocList>
<Loc EndOffset="4741" SrcFileId="2" StartOffset="4708"/>
</LocList>
<BasicStmnt CovItemId="S69" CovItemPrefix="com.OriginalFiles.Piece.java" Intrnl_Id="929">
<LocList>
<Loc EndOffset="4741" SrcFileId="2" StartOffset="4708"/>
</LocList>
</BasicStmnt>
</StmntSeq>
</Branch>
<Branch CovItemId="B38" CovItemPrefix="com.OriginalFiles.Piece.java" Implct="true" Intrnl_Id="930">
<Cond/>
<LocList/>
<StmntSeq Intrnl_Id="931">
<LocList/>
</StmntSeq>
</Branch>
<Keyword EndOffset="4659" SrcFileId="2" StartOffset="4657"/>
<LocList>
<Loc EndOffset="4760" SrcFileId="2" StartOffset="4657"/>
</LocList>
<RootTerm CovItemId="C19" CovItemPrefix="com.OriginalFiles.Piece.java" Intrnl_Id="932">
<BasicBoolTerm Intrnl_Id="933">
<LocList>
<Loc EndOffset="4683" SrcFileId="2" StartOffset="4661"/>
</LocList>
</BasicBoolTerm>
</RootTerm>
</CondStmnt>
<BasicStmnt CovItemId="S70" CovItemPrefix="com.OriginalFiles.Piece.java" Intrnl_Id="934">
<LocList>
<Loc EndOffset="4811" SrcFileId="2" StartOffset="4778"/>
</LocList>
</BasicStmnt>
</StmntSeq>
</Branch>
<Branch CovItemId="B36" CovItemPrefix="com.OriginalFiles.Piece.java" Implct="true" Intrnl_Id="935">
<Cond/>
<LocList/>
<StmntSeq Intrnl_Id="936">
<LocList/>
</StmntSeq>
</Branch>
<Keyword EndOffset="4391" SrcFileId="2" StartOffset="4389"/>
<LocList>
<Loc EndOffset="4826" SrcFileId="2" StartOffset="4389"/>
</LocList>
<RootTerm CovItemId="C18" CovItemPrefix="com.OriginalFiles.Piece.java" Intrnl_Id="937">
<OpTerm BooleanOpId="10" Intrnl_Id="938">
<OpTerm BooleanOpId="9" Intrnl_Id="939">
<BasicBoolTerm Intrnl_Id="940">
<LocList>
<Loc EndOffset="4403" SrcFileId="2" StartOffset="4394"/>
</LocList>
</BasicBoolTerm>
<LocList>
<Loc EndOffset="4394" SrcFileId="2" StartOffset="4393"/>
</LocList>
</OpTerm>
<OpTerm BooleanOpId="11" Intrnl_Id="941">
<OpTerm BooleanOpId="10" Intrnl_Id="942">
<BasicBoolTerm Intrnl_Id="943">
<LocList>
<Loc EndOffset="4471" SrcFileId="2" StartOffset="4430"/>
</LocList>
</BasicBoolTerm>
<BasicBoolTerm Intrnl_Id="944">
<LocList>
<Loc EndOffset="4510" SrcFileId="2" StartOffset="4504"/>
</LocList>
</BasicBoolTerm>
<LocList>
<Loc EndOffset="4503" SrcFileId="2" StartOffset="4501"/>
</LocList>
</OpTerm>
<OpTerm BooleanOpId="10" Intrnl_Id="945">
<BasicBoolTerm Intrnl_Id="946">
<LocList>
<Loc EndOffset="4587" SrcFileId="2" StartOffset="4545"/>
</LocList>
</BasicBoolTerm>
<BasicBoolTerm Intrnl_Id="947">
<LocList>
<Loc EndOffset="4634" SrcFileId="2" StartOffset="4628"/>
</LocList>
</BasicBoolTerm>
<LocList>
<Loc EndOffset="4627" SrcFileId="2" StartOffset="4625"/>
</LocList>
</OpTerm>
<LocList>
<Loc EndOffset="4543" SrcFileId="2" StartOffset="4541"/>
</LocList>
</OpTerm>
<LocList>
<Loc EndOffset="4427" SrcFileId="2" StartOffset="4425"/>
</LocList>
</OpTerm>
</RootTerm>
</CondStmnt>
<CondStmnt CovItemId="S71" CovItemPrefix="com.OriginalFiles.Piece.java" Intrnl_Id="948">
<Branch CovItemId="B39" CovItemPrefix="com.OriginalFiles.Piece.java" Implct="false" Intrnl_Id="949">
<Cond/>
<LocList>
<Loc EndOffset="4914" SrcFileId="2" StartOffset="4855"/>
</LocList>
<StmntSeq Intrnl_Id="950">
<LocList>
<Loc EndOffset="4899" SrcFileId="2" StartOffset="4874"/>
</LocList>
<BasicStmnt CovItemId="S72" CovItemPrefix="com.OriginalFiles.Piece.java" Intrnl_Id="951">
<LocList>
<Loc EndOffset="4899" SrcFileId="2" StartOffset="4874"/>
</LocList>
</BasicStmnt>
</StmntSeq>
</Branch>
<Branch CovItemId="B40" CovItemPrefix="com.OriginalFiles.Piece.java" Implct="true" Intrnl_Id="952">
<Cond/>
<LocList/>
<StmntSeq Intrnl_Id="953">
<LocList/>
</StmntSeq>
</Branch>
<Keyword EndOffset="4842" SrcFileId="2" StartOffset="4840"/>
<LocList>
<Loc EndOffset="4914" SrcFileId="2" StartOffset="4840"/>
</LocList>
<RootTerm CovItemId="C20" CovItemPrefix="com.OriginalFiles.Piece.java" Intrnl_Id="954">
<BasicBoolTerm Intrnl_Id="955">
<LocList>
<Loc EndOffset="4853" SrcFileId="2" StartOffset="4844"/>
</LocList>
</BasicBoolTerm>
</RootTerm>
</CondStmnt>
<BasicStmnt CovItemId="S73" CovItemPrefix="com.OriginalFiles.Piece.java" Intrnl_Id="956">
<LocList>
<Loc EndOffset="4955" SrcFileId="2" StartOffset="4928"/>
</LocList>
</BasicStmnt>
</StmntSeq>
</Branch>
<Branch CovItemId="B12" CovItemPrefix="com.OriginalFiles.Piece.java" Implct="true" Intrnl_Id="957">
<Cond/>
<LocList/>
<StmntSeq Intrnl_Id="958">
<LocList/>
</StmntSeq>
</Branch>
<Keyword EndOffset="2589" SrcFileId="2" StartOffset="2587"/>
<LocList>
<Loc EndOffset="4966" SrcFileId="2" StartOffset="2587"/>
</LocList>
<RootTerm CovItemId="C6" CovItemPrefix="com.OriginalFiles.Piece.java" Intrnl_Id="959">
<BasicBoolTerm Intrnl_Id="960">
<LocList>
<Loc EndOffset="2602" SrcFileId="2" StartOffset="2591"/>
</LocList>
</BasicBoolTerm>
</RootTerm>
</CondStmnt>
</StmntSeq>
</HierarchyLvl>
<HierarchyLvl HierarchyLvlId="20" HierarchyLvlTypeId="14" Intrnl_Id="961" Name="isNearDoubleCorners">
<Header>
<Loc EndOffset="5018" SrcFileId="2" StartOffset="4981"/>
</Header>
<LocList>
<Loc EndOffset="5555" SrcFileId="2" StartOffset="4981"/>
</LocList>
<StmntSeq Intrnl_Id="962">
<LocList>
<Loc EndOffset="5525" SrcFileId="2" StartOffset="5030"/>
<Loc EndOffset="5548" SrcFileId="2" StartOffset="5535"/>
</LocList>
<CondStmnt CovItemId="S74" CovItemPrefix="com.OriginalFiles.Piece.java" Intrnl_Id="963">
<Branch CovItemId="B41" CovItemPrefix="com.OriginalFiles.Piece.java" Implct="false" Intrnl_Id="964">
<Cond/>
<LocList>
<Loc EndOffset="5525" SrcFileId="2" StartOffset="5487"/>
</LocList>
<StmntSeq Intrnl_Id="965">
<LocList>
<Loc EndOffset="5514" SrcFileId="2" StartOffset="5502"/>
</LocList>
<BasicStmnt CovItemId="S75" CovItemPrefix="com.OriginalFiles.Piece.java" Intrnl_Id="966">
<LocList>
<Loc EndOffset="5514" SrcFileId="2" StartOffset="5502"/>
</LocList>
</BasicStmnt>
</StmntSeq>
</Branch>
<Branch CovItemId="B42" CovItemPrefix="com.OriginalFiles.Piece.java" Implct="true" Intrnl_Id="967">
<Cond/>
<LocList/>
<StmntSeq Intrnl_Id="968">
<LocList/>
</StmntSeq>
</Branch>
<Keyword EndOffset="5032" SrcFileId="2" StartOffset="5030"/>
<LocList>
<Loc EndOffset="5525" SrcFileId="2" StartOffset="5030"/>
</LocList>
<RootTerm CovItemId="C21" CovItemPrefix="com.OriginalFiles.Piece.java" Intrnl_Id="969">
<OpTerm BooleanOpId="11" Intrnl_Id="970">
<OpTerm BooleanOpId="11" Intrnl_Id="971">
<OpTerm BooleanOpId="11" Intrnl_Id="972">
<OpTerm BooleanOpId="11" Intrnl_Id="973">
<OpTerm BooleanOpId="11" Intrnl_Id="974">
<OpTerm BooleanOpId="11" Intrnl_Id="975">
<OpTerm BooleanOpId="11" Intrnl_Id="976">
<OpTerm BooleanOpId="10" Intrnl_Id="977">
<BasicBoolTerm Intrnl_Id="978">
<LocList>
<Loc EndOffset="5051" SrcFileId="2" StartOffset="5035"/>
</LocList>
</BasicBoolTerm>
<BasicBoolTerm Intrnl_Id="979">
<LocList>
<Loc EndOffset="5071" SrcFileId="2" StartOffset="5055"/>
</LocList>
</BasicBoolTerm>
<LocList>
<Loc EndOffset="5054" SrcFileId="2" StartOffset="5052"/>
</LocList>
</OpTerm>
<OpTerm BooleanOpId="10" Intrnl_Id="980">
<BasicBoolTerm Intrnl_Id="981">
<LocList>
<Loc EndOffset="5110" SrcFileId="2" StartOffset="5094"/>
</LocList>
</BasicBoolTerm>
<BasicBoolTerm Intrnl_Id="982">
<LocList>
<Loc EndOffset="5130" SrcFileId="2" StartOffset="5114"/>
</LocList>
</BasicBoolTerm>
<LocList>
<Loc EndOffset="5113" SrcFileId="2" StartOffset="5111"/>
</LocList>
</OpTerm>
<LocList>
<Loc EndOffset="5092" SrcFileId="2" StartOffset="5090"/>
</LocList>
</OpTerm>
<OpTerm BooleanOpId="10" Intrnl_Id="983">
<BasicBoolTerm Intrnl_Id="984">
<LocList>
<Loc EndOffset="5169" SrcFileId="2" StartOffset="5153"/>
</LocList>
</BasicBoolTerm>
<BasicBoolTerm Intrnl_Id="985">
<LocList>
<Loc EndOffset="5189" SrcFileId="2" StartOffset="5173"/>
</LocList>
</BasicBoolTerm>
<LocList>
<Loc EndOffset="5172" SrcFileId="2" StartOffset="5170"/>
</LocList>
</OpTerm>
<LocList>
<Loc EndOffset="5151" SrcFileId="2" StartOffset="5149"/>
</LocList>
</OpTerm>
<OpTerm BooleanOpId="10" Intrnl_Id="986">
<BasicBoolTerm Intrnl_Id="987">
<LocList>
<Loc EndOffset="5228" SrcFileId="2" StartOffset="5212"/>
</LocList>
</BasicBoolTerm>
<BasicBoolTerm Intrnl_Id="988">
<LocList>
<Loc EndOffset="5248" SrcFileId="2" StartOffset="5232"/>
</LocList>
</BasicBoolTerm>
<LocList>
<Loc EndOffset="5231" SrcFileId="2" StartOffset="5229"/>
</LocList>
</OpTerm>
<LocList>
<Loc EndOffset="5210" SrcFileId="2" StartOffset="5208"/>
</LocList>
</OpTerm>
<OpTerm BooleanOpId="10" Intrnl_Id="989">
<BasicBoolTerm Intrnl_Id="990">
<LocList>
<Loc EndOffset="5287" SrcFileId="2" StartOffset="5271"/>
</LocList>
</BasicBoolTerm>
<BasicBoolTerm Intrnl_Id="991">
<LocList>
<Loc EndOffset="5307" SrcFileId="2" StartOffset="5291"/>
</LocList>
</BasicBoolTerm>
<LocList>
<Loc EndOffset="5290" SrcFileId="2" StartOffset="5288"/>
</LocList>
</OpTerm>
<LocList>
<Loc EndOffset="5269" SrcFileId="2" StartOffset="5267"/>
</LocList>
</OpTerm>
<OpTerm BooleanOpId="10" Intrnl_Id="992">
<BasicBoolTerm Intrnl_Id="993">
<LocList>
<Loc EndOffset="5346" SrcFileId="2" StartOffset="5330"/>
</LocList>
</BasicBoolTerm>
<BasicBoolTerm Intrnl_Id="994">
<LocList>
<Loc EndOffset="5366" SrcFileId="2" StartOffset="5350"/>
</LocList>
</BasicBoolTerm>
<LocList>
<Loc EndOffset="5349" SrcFileId="2" StartOffset="5347"/>
</LocList>
</OpTerm>
<LocList>
<Loc EndOffset="5328" SrcFileId="2" StartOffset="5326"/>
</LocList>
</OpTerm>
<OpTerm BooleanOpId="10" Intrnl_Id="995">
<BasicBoolTerm Intrnl_Id="996">
<LocList>
<Loc EndOffset="5405" SrcFileId="2" StartOffset="5389"/>
</LocList>
</BasicBoolTerm>
<BasicBoolTerm Intrnl_Id="997">
<LocList>
<Loc EndOffset="5425" SrcFileId="2" StartOffset="5409"/>
</LocList>
</BasicBoolTerm>
<LocList>
<Loc EndOffset="5408" SrcFileId="2" StartOffset="5406"/>
</LocList>
</OpTerm>
<LocList>
<Loc EndOffset="5387" SrcFileId="2" StartOffset="5385"/>
</LocList>
</OpTerm>
<OpTerm BooleanOpId="10" Intrnl_Id="998">
<BasicBoolTerm Intrnl_Id="999">
<LocList>
<Loc EndOffset="5464" SrcFileId="2" StartOffset="5448"/>
</LocList>
</BasicBoolTerm>
<BasicBoolTerm Intrnl_Id="1000">
<LocList>
<Loc EndOffset="5484" SrcFileId="2" StartOffset="5468"/>
</LocList>
</BasicBoolTerm>
<LocList>
<Loc EndOffset="5467" SrcFileId="2" StartOffset="5465"/>
</LocList>
</OpTerm>
<LocList>
<Loc EndOffset="5446" SrcFileId="2" StartOffset="5444"/>
</LocList>
</OpTerm>
</RootTerm>
</CondStmnt>
<BasicStmnt CovItemId="S76" CovItemPrefix="com.OriginalFiles.Piece.java" Intrnl_Id="1001">
<LocList>
<Loc EndOffset="5548" SrcFileId="2" StartOffset="5535"/>
</LocList>
</BasicStmnt>
</StmntSeq>
</HierarchyLvl>
<HierarchyLvl HierarchyLvlId="21" HierarchyLvlTypeId="14" Intrnl_Id="1002" Name="blockValue">
<Header>
<Loc EndOffset="5587" SrcFileId="2" StartOffset="5563"/>
</Header>
<LocList>
<Loc EndOffset="6090" SrcFileId="2" StartOffset="5563"/>
</LocList>
<StmntSeq Intrnl_Id="1003">
<LocList>
<Loc EndOffset="5619" SrcFileId="2" StartOffset="5599"/>
<Loc EndOffset="5642" SrcFileId="2" StartOffset="5629"/>
<Loc EndOffset="5735" SrcFileId="2" StartOffset="5652"/>
<Loc EndOffset="5796" SrcFileId="2" StartOffset="5745"/>
<Loc EndOffset="5857" SrcFileId="2" StartOffset="5806"/>
<Loc EndOffset="6037" SrcFileId="2" StartOffset="5867"/>
<Loc EndOffset="6083" SrcFileId="2" StartOffset="6047"/>
</LocList>
<BasicStmnt CovItemId="S77" CovItemPrefix="com.OriginalFiles.Piece.java" Intrnl_Id="1004">
<LocList>
<Loc EndOffset="5619" SrcFileId="2" StartOffset="5599"/>
</LocList>
</BasicStmnt>
<BasicStmnt CovItemId="S78" CovItemPrefix="com.OriginalFiles.Piece.java" Intrnl_Id="1005">
<LocList>
<Loc EndOffset="5642" SrcFileId="2" StartOffset="5629"/>
</LocList>
</BasicStmnt>
<CondStmnt CovItemId="S79" CovItemPrefix="com.OriginalFiles.Piece.java" Intrnl_Id="1006">
<Branch CovItemId="B43" CovItemPrefix="com.OriginalFiles.Piece.java" Implct="false" Intrnl_Id="1007">
<Cond/>
<LocList>
<Loc EndOffset="5735" SrcFileId="2" StartOffset="5699"/>
</LocList>
<StmntSeq Intrnl_Id="1008">
<LocList>
<Loc EndOffset="5724" SrcFileId="2" StartOffset="5714"/>
</LocList>
<BasicStmnt CovItemId="S80" CovItemPrefix="com.OriginalFiles.Piece.java" Intrnl_Id="1009">
<LocList>
<Loc EndOffset="5724" SrcFileId="2" StartOffset="5714"/>
</LocList>
</BasicStmnt>
</StmntSeq>
</Branch>
<Branch CovItemId="B44" CovItemPrefix="com.OriginalFiles.Piece.java" Implct="true" Intrnl_Id="1010">
<Cond/>
<LocList/>
<StmntSeq Intrnl_Id="1011">
<LocList/>
</StmntSeq>
</Branch>
<Keyword EndOffset="5654" SrcFileId="2" StartOffset="5652"/>
<LocList>
<Loc EndOffset="5735" SrcFileId="2" StartOffset="5652"/>
</LocList>
<RootTerm CovItemId="C22" CovItemPrefix="com.OriginalFiles.Piece.java" Intrnl_Id="1012">
<BasicBoolTerm Intrnl_Id="1013">
<LocList>
<Loc EndOffset="5697" SrcFileId="2" StartOffset="5656"/>
</LocList>
</BasicBoolTerm>
</RootTerm>
</CondStmnt>
<BasicStmnt CovItemId="S81" CovItemPrefix="com.OriginalFiles.Piece.java" Intrnl_Id="1014">
<LocList>
<Loc EndOffset="5796" SrcFileId="2" StartOffset="5745"/>
</LocList>
</BasicStmnt>
<BasicStmnt CovItemId="S82" CovItemPrefix="com.OriginalFiles.Piece.java" Intrnl_Id="1015">
<LocList>
<Loc EndOffset="5857" SrcFileId="2" StartOffset="5806"/>
</LocList>
</BasicStmnt>
<CondStmnt CovItemId="S83" CovItemPrefix="com.OriginalFiles.Piece.java" Intrnl_Id="1016">
<Branch CovItemId="B45" CovItemPrefix="com.OriginalFiles.Piece.java" Implct="false" Intrnl_Id="1017">
<Cond/>
<LocList>
<Loc EndOffset="6037" SrcFileId="2" StartOffset="5887"/>
</LocList>
<StmntSeq Intrnl_Id="1018">
<LocList>
<Loc EndOffset="5957" SrcFileId="2" StartOffset="5902"/>
<Loc EndOffset="6026" SrcFileId="2" StartOffset="5971"/>
</LocList>
<BasicStmnt CovItemId="S84" CovItemPrefix="com.OriginalFiles.Piece.java" Intrnl_Id="1019">
<LocList>
<Loc EndOffset="5957" SrcFileId="2" StartOffset="5902"/>
</LocList>
</BasicStmnt>
<BasicStmnt CovItemId="S85" CovItemPrefix="com.OriginalFiles.Piece.java" Intrnl_Id="1020">
<LocList>
<Loc EndOffset="6026" SrcFileId="2" StartOffset="5971"/>
</LocList>
</BasicStmnt>
</StmntSeq>
</Branch>
<Branch CovItemId="B46" CovItemPrefix="com.OriginalFiles.Piece.java" Implct="true" Intrnl_Id="1021">
<Cond/>
<LocList/>
<StmntSeq Intrnl_Id="1022">
<LocList/>
</StmntSeq>
</Branch>
<Keyword EndOffset="5869" SrcFileId="2" StartOffset="5867"/>
<LocList>
<Loc EndOffset="6037" SrcFileId="2" StartOffset="5867"/>
</LocList>
<RootTerm CovItemId="C23" CovItemPrefix="com.OriginalFiles.Piece.java" Intrnl_Id="1023">
<BasicBoolTerm Intrnl_Id="1024">
<LocList>
<Loc EndOffset="5885" SrcFileId="2" StartOffset="5871"/>
</LocList>
</BasicBoolTerm>
</RootTerm>
</CondStmnt>
<BasicStmnt CovItemId="S86" CovItemPrefix="com.OriginalFiles.Piece.java" Intrnl_Id="1025">
<LocList>
<Loc EndOffset="6083" SrcFileId="2" StartOffset="6047"/>
</LocList>
</BasicStmnt>
</StmntSeq>
</HierarchyLvl>
<HierarchyLvl HierarchyLvlId="22" HierarchyLvlTypeId="14" Intrnl_Id="1026" Name="blockFields">
<Header>
<Loc EndOffset="6150" SrcFileId="2" StartOffset="6098"/>
</Header>
<LocList>
<Loc EndOffset="6837" SrcFileId="2" StartOffset="6098"/>
</LocList>
<StmntSeq Intrnl_Id="1027">
<LocList>
<Loc EndOffset="6809" SrcFileId="2" StartOffset="6162"/>
<Loc EndOffset="6830" SrcFileId="2" StartOffset="6821"/>
</LocList>
<CondStmnt CovItemId="S87" CovItemPrefix="com.OriginalFiles.Piece.java" Intrnl_Id="1028">
<Branch CovItemId="B47" CovItemPrefix="com.OriginalFiles.Piece.java" Implct="false" Intrnl_Id="1029">
<Cond/>
<LocList>
<Loc EndOffset="6809" SrcFileId="2" StartOffset="6213"/>
</LocList>
<StmntSeq Intrnl_Id="1030">
<LocList>
<Loc EndOffset="6798" SrcFileId="2" StartOffset="6228"/>
</LocList>
<CondStmnt CovItemId="S88" CovItemPrefix="com.OriginalFiles.Piece.java" Intrnl_Id="1031">
<Branch CovItemId="B49" CovItemPrefix="com.OriginalFiles.Piece.java" Implct="false" Intrnl_Id="1032">
<Cond/>
<LocList>
<Loc EndOffset="6798" SrcFileId="2" StartOffset="6285"/>
</LocList>
<StmntSeq Intrnl_Id="1033">
<LocList>
<Loc EndOffset="6324" SrcFileId="2" StartOffset="6304"/>
<Loc EndOffset="6402" SrcFileId="2" StartOffset="6342"/>
<Loc EndOffset="6488" SrcFileId="2" StartOffset="6420"/>
<Loc EndOffset="6574" SrcFileId="2" StartOffset="6506"/>
<Loc EndOffset="6660" SrcFileId="2" StartOffset="6592"/>
<Loc EndOffset="6746" SrcFileId="2" StartOffset="6678"/>
<Loc EndOffset="6783" SrcFileId="2" StartOffset="6764"/>
</LocList>
<BasicStmnt CovItemId="S89" CovItemPrefix="com.OriginalFiles.Piece.java" Intrnl_Id="1034">
<LocList>
<Loc EndOffset="6324" SrcFileId="2" StartOffset="6304"/>
</LocList>
</BasicStmnt>
<BasicStmnt CovItemId="S90" CovItemPrefix="com.OriginalFiles.Piece.java" Intrnl_Id="1035">
<LocList>
<Loc EndOffset="6402" SrcFileId="2" StartOffset="6342"/>
</LocList>
</BasicStmnt>
<BasicStmnt CovItemId="S91" CovItemPrefix="com.OriginalFiles.Piece.java" Intrnl_Id="1036">
<LocList>
<Loc EndOffset="6488" SrcFileId="2" StartOffset="6420"/>
</LocList>
</BasicStmnt>
<BasicStmnt CovItemId="S92" CovItemPrefix="com.OriginalFiles.Piece.java" Intrnl_Id="1037">
<LocList>
<Loc EndOffset="6574" SrcFileId="2" StartOffset="6506"/>
</LocList>
</BasicStmnt>
<BasicStmnt CovItemId="S93" CovItemPrefix="com.OriginalFiles.Piece.java" Intrnl_Id="1038">
<LocList>
<Loc EndOffset="6660" SrcFileId="2" StartOffset="6592"/>
</LocList>
</BasicStmnt>
<BasicStmnt CovItemId="S94" CovItemPrefix="com.OriginalFiles.Piece.java" Intrnl_Id="1039">
<LocList>
<Loc EndOffset="6746" SrcFileId="2" StartOffset="6678"/>
</LocList>
</BasicStmnt>
<BasicStmnt CovItemId="S95" CovItemPrefix="com.OriginalFiles.Piece.java" Intrnl_Id="1040">
<LocList>
<Loc EndOffset="6783" SrcFileId="2" StartOffset="6764"/>
</LocList>
</BasicStmnt>
</StmntSeq>
</Branch>
<Branch CovItemId="B50" CovItemPrefix="com.OriginalFiles.Piece.java" Implct="true" Intrnl_Id="1041">
<Cond/>
<LocList/>
<StmntSeq Intrnl_Id="1042">
<LocList/>
</StmntSeq>
</Branch>
<Keyword EndOffset="6230" SrcFileId="2" StartOffset="6228"/>
<LocList>
<Loc EndOffset="6798" SrcFileId="2" StartOffset="6228"/>
</LocList>
<RootTerm CovItemId="C25" CovItemPrefix="com.OriginalFiles.Piece.java" Intrnl_Id="1043">
<BasicBoolTerm Intrnl_Id="1044">
<LocList>
<Loc EndOffset="6283" SrcFileId="2" StartOffset="6232"/>
</LocList>
</BasicBoolTerm>
</RootTerm>
</CondStmnt>
</StmntSeq>
</Branch>
<Branch CovItemId="B48" CovItemPrefix="com.OriginalFiles.Piece.java" Implct="true" Intrnl_Id="1045">
<Cond/>
<LocList/>
<StmntSeq Intrnl_Id="1046">
<LocList/>
</StmntSeq>
</Branch>
<Keyword EndOffset="6164" SrcFileId="2" StartOffset="6162"/>
<LocList>
<Loc EndOffset="6809" SrcFileId="2" StartOffset="6162"/>
</LocList>
<RootTerm CovItemId="C24" CovItemPrefix="com.OriginalFiles.Piece.java" Intrnl_Id="1047">
<BasicBoolTerm Intrnl_Id="1048">
<LocList>
<Loc EndOffset="6211" SrcFileId="2" StartOffset="6166"/>
</LocList>
</BasicBoolTerm>
</RootTerm>
</CondStmnt>
<BasicStmnt CovItemId="S96" CovItemPrefix="com.OriginalFiles.Piece.java" Intrnl_Id="1049">
<LocList>
<Loc EndOffset="6830" SrcFileId="2" StartOffset="6821"/>
</LocList>
</BasicStmnt>
</StmntSeq>
</HierarchyLvl>
<HierarchyLvl HierarchyLvlId="23" HierarchyLvlTypeId="14" Intrnl_Id="1050" Name="checkBlockade">
<Header>
<Loc EndOffset="6917" SrcFileId="2" StartOffset="6845"/>
</Header>
<LocList>
<Loc EndOffset="8458" SrcFileId="2" StartOffset="6845"/>
</LocList>
<StmntSeq Intrnl_Id="1051">
<LocList>
<Loc EndOffset="6999" SrcFileId="2" StartOffset="6929"/>
<Loc EndOffset="8432" SrcFileId="2" StartOffset="7009"/>
<Loc EndOffset="8451" SrcFileId="2" StartOffset="8442"/>
</LocList>
<BasicStmnt CovItemId="S97" CovItemPrefix="com.OriginalFiles.Piece.java" Intrnl_Id="1052">
<LocList>
<Loc EndOffset="6999" SrcFileId="2" StartOffset="6929"/>
</LocList>
</BasicStmnt>
<CondStmnt CovItemId="S98" CovItemPrefix="com.OriginalFiles.Piece.java" Intrnl_Id="1053">
<Branch CovItemId="B51" CovItemPrefix="com.OriginalFiles.Piece.java" Implct="false" Intrnl_Id="1054">
<Cond/>
<LocList>
<Loc EndOffset="8432" SrcFileId="2" StartOffset="7060"/>
</LocList>
<StmntSeq Intrnl_Id="1055">
<LocList>
<Loc EndOffset="8413" SrcFileId="2" StartOffset="7075"/>
</LocList>
<CondStmnt CovItemId="S99" CovItemPrefix="com.OriginalFiles.Piece.java" Intrnl_Id="1056">
<Branch CovItemId="B53" CovItemPrefix="com.OriginalFiles.Piece.java" Implct="false" Intrnl_Id="1057">
<Cond/>
<LocList>
<Loc EndOffset="8413" SrcFileId="2" StartOffset="7171"/>
</LocList>
<StmntSeq Intrnl_Id="1058">
<LocList>
<Loc EndOffset="7203" SrcFileId="2" StartOffset="7190"/>
<Loc EndOffset="7295" SrcFileId="2" StartOffset="7221"/>
<Loc EndOffset="7336" SrcFileId="2" StartOffset="7313"/>
<Loc EndOffset="7552" SrcFileId="2" StartOffset="7354"/>
<Loc EndOffset="7693" SrcFileId="2" StartOffset="7570"/>
<Loc EndOffset="7834" SrcFileId="2" StartOffset="7711"/>
<Loc EndOffset="8358" SrcFileId="2" StartOffset="7869"/>
<Loc EndOffset="8398" SrcFileId="2" StartOffset="8376"/>
</LocList>
<BasicStmnt CovItemId="S100" CovItemPrefix="com.OriginalFiles.Piece.java" Intrnl_Id="1059">
<LocList>
<Loc EndOffset="7203" SrcFileId="2" StartOffset="7190"/>
</LocList>
</BasicStmnt>
<CondStmnt CovItemId="S101" CovItemPrefix="com.OriginalFiles.Piece.java" Intrnl_Id="1060">
<Branch CovItemId="B55" CovItemPrefix="com.OriginalFiles.Piece.java" Implct="false" Intrnl_Id="1061">
<Cond/>
<LocList>
<Loc EndOffset="7295" SrcFileId="2" StartOffset="7243"/>
</LocList>
<StmntSeq Intrnl_Id="1062">
<LocList>
<Loc EndOffset="7276" SrcFileId="2" StartOffset="7266"/>
</LocList>
<BasicStmnt CovItemId="S102" CovItemPrefix="com.OriginalFiles.Piece.java" Intrnl_Id="1063">
<LocList>
<Loc EndOffset="7276" SrcFileId="2" StartOffset="7266"/>
</LocList>
</BasicStmnt>
</StmntSeq>
</Branch>
<Branch CovItemId="B56" CovItemPrefix="com.OriginalFiles.Piece.java" Implct="true" Intrnl_Id="1064">
<Cond/>
<LocList/>
<StmntSeq Intrnl_Id="1065">
<LocList/>
</StmntSeq>
</Branch>
<Keyword EndOffset="7223" SrcFileId="2" StartOffset="7221"/>
<LocList>
<Loc EndOffset="7295" SrcFileId="2" StartOffset="7221"/>
</LocList>
<RootTerm CovItemId="C28" CovItemPrefix="com.OriginalFiles.Piece.java" Intrnl_Id="1066">
<BasicBoolTerm Intrnl_Id="1067">
<LocList>
<Loc EndOffset="7241" SrcFileId="2" StartOffset="7225"/>
</LocList>
</BasicBoolTerm>
</RootTerm>
</CondStmnt>
<BasicStmnt CovItemId="S103" CovItemPrefix="com.OriginalFiles.Piece.java" Intrnl_Id="1068">
<LocList>
<Loc EndOffset="7336" SrcFileId="2" StartOffset="7313"/>
</LocList>
</BasicStmnt>
<CondStmnt CovItemId="S104" CovItemPrefix="com.OriginalFiles.Piece.java" Intrnl_Id="1069">
<Branch CovItemId="B57" CovItemPrefix="com.OriginalFiles.Piece.java" Implct="false" Intrnl_Id="1070">
<Cond/>
<LocList>
<Loc EndOffset="7466" SrcFileId="2" StartOffset="7415"/>
</LocList>
<StmntSeq Intrnl_Id="1071">
<LocList>
<Loc EndOffset="7447" SrcFileId="2" StartOffset="7438"/>
</LocList>
<BasicStmnt CovItemId="S105" CovItemPrefix="com.OriginalFiles.Piece.java" Intrnl_Id="1072">
<LocList>
<Loc EndOffset="7447" SrcFileId="2" StartOffset="7438"/>
</LocList>
</BasicStmnt>
</StmntSeq>
</Branch>
<Branch CovItemId="B58" CovItemPrefix="com.OriginalFiles.Piece.java" Implct="false" Intrnl_Id="1073">
<Cond>
<Loc EndOffset="7488" SrcFileId="2" StartOffset="7484"/>
</Cond>
<LocList>
<Loc EndOffset="7552" SrcFileId="2" StartOffset="7489"/>
</LocList>
<StmntSeq Intrnl_Id="1074">
<LocList>
<Loc EndOffset="7533" SrcFileId="2" StartOffset="7512"/>
</LocList>
<BasicStmnt CovItemId="S106" CovItemPrefix="com.OriginalFiles.Piece.java" Intrnl_Id="1075">
<LocList>
<Loc EndOffset="7533" SrcFileId="2" StartOffset="7512"/>
</LocList>
</BasicStmnt>
</StmntSeq>
</Branch>
<Keyword EndOffset="7356" SrcFileId="2" StartOffset="7354"/>
<LocList>
<Loc EndOffset="7552" SrcFileId="2" StartOffset="7354"/>
</LocList>
<RootTerm CovItemId="C29" CovItemPrefix="com.OriginalFiles.Piece.java" Intrnl_Id="1076">
<BasicBoolTerm Intrnl_Id="1077">
<LocList>
<Loc EndOffset="7413" SrcFileId="2" StartOffset="7358"/>
</LocList>
</BasicBoolTerm>
</RootTerm>
</CondStmnt>
<CondStmnt CovItemId="S107" CovItemPrefix="com.OriginalFiles.Piece.java" Intrnl_Id="1078">
<Branch CovItemId="B59" CovItemPrefix="com.OriginalFiles.Piece.java" Implct="false" Intrnl_Id="1079">
<Cond/>
<LocList>
<Loc EndOffset="7693" SrcFileId="2" StartOffset="7630"/>
</LocList>
<StmntSeq Intrnl_Id="1080">
<LocList>
<Loc EndOffset="7674" SrcFileId="2" StartOffset="7653"/>
</LocList>
<BasicStmnt CovItemId="S108" CovItemPrefix="com.OriginalFiles.Piece.java" Intrnl_Id="1081">
<LocList>
<Loc EndOffset="7674" SrcFileId="2" StartOffset="7653"/>
</LocList>
</BasicStmnt>
</StmntSeq>
</Branch>
<Branch CovItemId="B60" CovItemPrefix="com.OriginalFiles.Piece.java" Implct="true" Intrnl_Id="1082">
<Cond/>
<LocList/>
<StmntSeq Intrnl_Id="1083">
<LocList/>
</StmntSeq>
</Branch>
<Keyword EndOffset="7572" SrcFileId="2" StartOffset="7570"/>
<LocList>
<Loc EndOffset="7693" SrcFileId="2" StartOffset="7570"/>
</LocList>
<RootTerm CovItemId="C30" CovItemPrefix="com.OriginalFiles.Piece.java" Intrnl_Id="1084">
<BasicBoolTerm Intrnl_Id="1085">
<LocList>
<Loc EndOffset="7628" SrcFileId="2" StartOffset="7574"/>
</LocList>
</BasicBoolTerm>
</RootTerm>
</CondStmnt>
<CondStmnt CovItemId="S109" CovItemPrefix="com.OriginalFiles.Piece.java" Intrnl_Id="1086">
<Branch CovItemId="B61" CovItemPrefix="com.OriginalFiles.Piece.java" Implct="false" Intrnl_Id="1087">
<Cond/>
<LocList>
<Loc EndOffset="7834" SrcFileId="2" StartOffset="7771"/>
</LocList>
<StmntSeq Intrnl_Id="1088">
<LocList>
<Loc EndOffset="7815" SrcFileId="2" StartOffset="7794"/>
</LocList>
<BasicStmnt CovItemId="S110" CovItemPrefix="com.OriginalFiles.Piece.java" Intrnl_Id="1089">
<LocList>
<Loc EndOffset="7815" SrcFileId="2" StartOffset="7794"/>
</LocList>
</BasicStmnt>
</StmntSeq>
</Branch>
<Branch CovItemId="B62" CovItemPrefix="com.OriginalFiles.Piece.java" Implct="true" Intrnl_Id="1090">
<Cond/>
<LocList/>
<StmntSeq Intrnl_Id="1091">
<LocList/>
</StmntSeq>
</Branch>
<Keyword EndOffset="7713" SrcFileId="2" StartOffset="7711"/>
<LocList>
<Loc EndOffset="7834" SrcFileId="2" StartOffset="7711"/>
</LocList>
<RootTerm CovItemId="C31" CovItemPrefix="com.OriginalFiles.Piece.java" Intrnl_Id="1092">
<BasicBoolTerm Intrnl_Id="1093">
<LocList>
<Loc EndOffset="7769" SrcFileId="2" StartOffset="7715"/>
</LocList>
</BasicBoolTerm>
</RootTerm>
</CondStmnt>
<CondStmnt CovItemId="S111" CovItemPrefix="com.OriginalFiles.Piece.java" Intrnl_Id="1094">
<Branch CovItemId="B63" CovItemPrefix="com.OriginalFiles.Piece.java" Implct="false" Intrnl_Id="1095">
<Cond/>
<LocList>
<Loc EndOffset="8272" SrcFileId="2" StartOffset="7944"/>
</LocList>
<StmntSeq Intrnl_Id="1096">
<LocList>
<Loc EndOffset="8098" SrcFileId="2" StartOffset="7967"/>
<Loc EndOffset="8251" SrcFileId="2" StartOffset="8120"/>
</LocList>
<CondStmnt CovItemId="S112" CovItemPrefix="com.OriginalFiles.Piece.java" Intrnl_Id="1097">
<Branch CovItemId="B65" CovItemPrefix="com.OriginalFiles.Piece.java" Implct="false" Intrnl_Id="1098">
<Cond/>
<LocList>
<Loc EndOffset="8098" SrcFileId="2" StartOffset="8027"/>
</LocList>
<StmntSeq Intrnl_Id="1099">
<LocList>
<Loc EndOffset="8075" SrcFileId="2" StartOffset="8054"/>
</LocList>
<BasicStmnt CovItemId="S113" CovItemPrefix="com.OriginalFiles.Piece.java" Intrnl_Id="1100">
<LocList>
<Loc EndOffset="8075" SrcFileId="2" StartOffset="8054"/>
</LocList>
</BasicStmnt>
</StmntSeq>
</Branch>
<Branch CovItemId="B66" CovItemPrefix="com.OriginalFiles.Piece.java" Implct="true" Intrnl_Id="1101">
<Cond/>
<LocList/>
<StmntSeq Intrnl_Id="1102">
<LocList/>
</StmntSeq>
</Branch>
<Keyword EndOffset="7969" SrcFileId="2" StartOffset="7967"/>
<LocList>
<Loc EndOffset="8098" SrcFileId="2" StartOffset="7967"/>
</LocList>
<RootTerm CovItemId="C33" CovItemPrefix="com.OriginalFiles.Piece.java" Intrnl_Id="1103">
<BasicBoolTerm Intrnl_Id="1104">
<LocList>
<Loc EndOffset="8025" SrcFileId="2" StartOffset="7971"/>
</LocList>
</BasicBoolTerm>
</RootTerm>
</CondStmnt>
<CondStmnt CovItemId="S114" CovItemPrefix="com.OriginalFiles.Piece.java" Intrnl_Id="1105">
<Branch CovItemId="B67" CovItemPrefix="com.OriginalFiles.Piece.java" Implct="false" Intrnl_Id="1106">
<Cond/>
<LocList>
<Loc EndOffset="8251" SrcFileId="2" StartOffset="8180"/>
</LocList>
<StmntSeq Intrnl_Id="1107">
<LocList>
<Loc EndOffset="8228" SrcFileId="2" StartOffset="8207"/>
</LocList>
<BasicStmnt CovItemId="S115" CovItemPrefix="com.OriginalFiles.Piece.java" Intrnl_Id="1108">
<LocList>
<Loc EndOffset="8228" SrcFileId="2" StartOffset="8207"/>
</LocList>
</BasicStmnt>
</StmntSeq>
</Branch>
<Branch CovItemId="B68" CovItemPrefix="com.OriginalFiles.Piece.java" Implct="true" Intrnl_Id="1109">
<Cond/>
<LocList/>
<StmntSeq Intrnl_Id="1110">
<LocList/>
</StmntSeq>
</Branch>
<Keyword EndOffset="8122" SrcFileId="2" StartOffset="8120"/>
<LocList>
<Loc EndOffset="8251" SrcFileId="2" StartOffset="8120"/>
</LocList>
<RootTerm CovItemId="C34" CovItemPrefix="com.OriginalFiles.Piece.java" Intrnl_Id="1111">
<BasicBoolTerm Intrnl_Id="1112">
<LocList>
<Loc EndOffset="8178" SrcFileId="2" StartOffset="8124"/>
</LocList>
</BasicBoolTerm>
</RootTerm>
</CondStmnt>
</StmntSeq>
</Branch>
<Branch CovItemId="B64" CovItemPrefix="com.OriginalFiles.Piece.java" Implct="false" Intrnl_Id="1113">
<Cond>
<Loc EndOffset="8294" SrcFileId="2" StartOffset="8290"/>
</Cond>
<LocList>
<Loc EndOffset="8358" SrcFileId="2" StartOffset="8295"/>
</LocList>
<StmntSeq Intrnl_Id="1114">
<LocList>
<Loc EndOffset="8339" SrcFileId="2" StartOffset="8318"/>
</LocList>
<BasicStmnt CovItemId="S116" CovItemPrefix="com.OriginalFiles.Piece.java" Intrnl_Id="1115">
<LocList>
<Loc EndOffset="8339" SrcFileId="2" StartOffset="8318"/>
</LocList>
</BasicStmnt>
</StmntSeq>
</Branch>
<Keyword EndOffset="7871" SrcFileId="2" StartOffset="7869"/>
<LocList>
<Loc EndOffset="8358" SrcFileId="2" StartOffset="7869"/>
</LocList>
<RootTerm CovItemId="C32" CovItemPrefix="com.OriginalFiles.Piece.java" Intrnl_Id="1116">
<BasicBoolTerm Intrnl_Id="1117">
<LocList>
<Loc EndOffset="7942" SrcFileId="2" StartOffset="7873"/>
</LocList>
</BasicBoolTerm>
</RootTerm>
</CondStmnt>
<BasicStmnt CovItemId="S117" CovItemPrefix="com.OriginalFiles.Piece.java" Intrnl_Id="1118">
<LocList>
<Loc EndOffset="8398" SrcFileId="2" StartOffset="8376"/>
</LocList>
</BasicStmnt>
</StmntSeq>
</Branch>
<Branch CovItemId="B54" CovItemPrefix="com.OriginalFiles.Piece.java" Implct="true" Intrnl_Id="1119">
<Cond/>
<LocList/>
<StmntSeq Intrnl_Id="1120">
<LocList/>
</StmntSeq>
</Branch>
<Keyword EndOffset="7077" SrcFileId="2" StartOffset="7075"/>
<LocList>
<Loc EndOffset="8413" SrcFileId="2" StartOffset="7075"/>
</LocList>
<RootTerm CovItemId="C27" CovItemPrefix="com.OriginalFiles.Piece.java" Intrnl_Id="1121">
<BasicBoolTerm Intrnl_Id="1122">
<LocList>
<Loc EndOffset="7169" SrcFileId="2" StartOffset="7079"/>
</LocList>
</BasicBoolTerm>
</RootTerm>
</CondStmnt>
</StmntSeq>
</Branch>
<Branch CovItemId="B52" CovItemPrefix="com.OriginalFiles.Piece.java" Implct="true" Intrnl_Id="1123">
<Cond/>
<LocList/>
<StmntSeq Intrnl_Id="1124">
<LocList/>
</StmntSeq>
</Branch>
<Keyword EndOffset="7011" SrcFileId="2" StartOffset="7009"/>
<LocList>
<Loc EndOffset="8432" SrcFileId="2" StartOffset="7009"/>
</LocList>
<RootTerm CovItemId="C26" CovItemPrefix="com.OriginalFiles.Piece.java" Intrnl_Id="1125">
<BasicBoolTerm Intrnl_Id="1126">
<LocList>
<Loc EndOffset="7058" SrcFileId="2" StartOffset="7013"/>
</LocList>
</BasicBoolTerm>
</RootTerm>
</CondStmnt>
<BasicStmnt CovItemId="S118" CovItemPrefix="com.OriginalFiles.Piece.java" Intrnl_Id="1127">
<LocList>
<Loc EndOffset="8451" SrcFileId="2" StartOffset="8442"/>
</LocList>
</BasicStmnt>
</StmntSeq>
</HierarchyLvl>
<HierarchyLvl HierarchyLvlId="24" HierarchyLvlTypeId="14" Intrnl_Id="1128" Name="closestPiece">
<Header>
<Loc EndOffset="8492" SrcFileId="2" StartOffset="8466"/>
</Header>
<LocList>
<Loc EndOffset="9288" SrcFileId="2" StartOffset="8466"/>
</LocList>
<StmntSeq Intrnl_Id="1129">
<LocList>
<Loc EndOffset="8526" SrcFileId="2" StartOffset="8504"/>
<Loc EndOffset="8553" SrcFileId="2" StartOffset="8536"/>
<Loc EndOffset="9255" SrcFileId="2" StartOffset="8563"/>
<Loc EndOffset="9281" SrcFileId="2" StartOffset="9265"/>
</LocList>
<BasicStmnt CovItemId="S119" CovItemPrefix="com.OriginalFiles.Piece.java" Intrnl_Id="1130">
<LocList>
<Loc EndOffset="8526" SrcFileId="2" StartOffset="8504"/>
</LocList>
</BasicStmnt>
<BasicStmnt CovItemId="S120" CovItemPrefix="com.OriginalFiles.Piece.java" Intrnl_Id="1131">
<LocList>
<Loc EndOffset="8553" SrcFileId="2" StartOffset="8536"/>
</LocList>
</BasicStmnt>
<LoopStmnt CovItemId="S121" CovItemPrefix="com.OriginalFiles.Piece.java" Intrnl_Id="1132" MltplExecId="L1-2" MltplExecPrefix="com.OriginalFiles.Piece.java" NvrExecId="L1-0" NvrExecPrefix="com.OriginalFiles.Piece.java" OnceExecutedId="L1-1" OnceExecutedPrefix="com.OriginalFiles.Piece.java" OptBodyExec="true">
<StmntSeq Intrnl_Id="1133">
<LocList>
<Loc EndOffset="8623" SrcFileId="2" StartOffset="8609"/>
<Loc EndOffset="9244" SrcFileId="2" StartOffset="8637"/>
</LocList>
<BasicStmnt CovItemId="S122" CovItemPrefix="com.OriginalFiles.Piece.java" Intrnl_Id="1134">
<LocList>
<Loc EndOffset="8623" SrcFileId="2" StartOffset="8609"/>
</LocList>
</BasicStmnt>
<LoopStmnt CovItemId="S123" CovItemPrefix="com.OriginalFiles.Piece.java" Intrnl_Id="1135" MltplExecId="L2-2" MltplExecPrefix="com.OriginalFiles.Piece.java" NvrExecId="L2-0" NvrExecPrefix="com.OriginalFiles.Piece.java" OnceExecutedId="L2-1" OnceExecutedPrefix="com.OriginalFiles.Piece.java" OptBodyExec="true">
<StmntSeq Intrnl_Id="1136">
<LocList>
<Loc EndOffset="9229" SrcFileId="2" StartOffset="8714"/>
</LocList>
<LoopStmnt CovItemId="S124" CovItemPrefix="com.OriginalFiles.Piece.java" Intrnl_Id="1137" MltplExecId="L3-2" MltplExecPrefix="com.OriginalFiles.Piece.java" NvrExecId="L3-0" NvrExecPrefix="com.OriginalFiles.Piece.java" OnceExecutedId="L3-1" OnceExecutedPrefix="com.OriginalFiles.Piece.java" OptBodyExec="true">
<StmntSeq Intrnl_Id="1138">
<LocList>
<Loc EndOffset="9210" SrcFileId="2" StartOffset="8784"/>
</LocList>
<CondStmnt CovItemId="S125" CovItemPrefix="com.OriginalFiles.Piece.java" Intrnl_Id="1139">
<Branch CovItemId="B69" CovItemPrefix="com.OriginalFiles.Piece.java" Implct="false" Intrnl_Id="1140">
<Cond/>
<LocList>
<Loc EndOffset="9210" SrcFileId="2" StartOffset="8859"/>
</LocList>
<StmntSeq Intrnl_Id="1141">
<LocList>
<Loc EndOffset="9187" SrcFileId="2" StartOffset="8886"/>
</LocList>
<CondStmnt CovItemId="S126" CovItemPrefix="com.OriginalFiles.Piece.java" Intrnl_Id="1142">
<Branch CovItemId="B71" CovItemPrefix="com.OriginalFiles.Piece.java" Implct="false" Intrnl_Id="1143">
<Cond/>
<LocList>
<Loc EndOffset="9187" SrcFileId="2" StartOffset="9070"/>
</LocList>
<StmntSeq Intrnl_Id="1144">
<LocList>
<Loc EndOffset="9114" SrcFileId="2" StartOffset="9101"/>
<Loc EndOffset="9160" SrcFileId="2" StartOffset="9144"/>
</LocList>
<BasicStmnt CovItemId="S127" CovItemPrefix="com.OriginalFiles.Piece.java" Intrnl_Id="1145">
<LocList>
<Loc EndOffset="9114" SrcFileId="2" StartOffset="9101"/>
</LocList>
</BasicStmnt>
<BasicStmnt CovItemId="S128" CovItemPrefix="com.OriginalFiles.Piece.java" Intrnl_Id="1146">
<LocList>
<Loc EndOffset="9160" SrcFileId="2" StartOffset="9144"/>
</LocList>
</BasicStmnt>
</StmntSeq>
</Branch>
<Branch CovItemId="B72" CovItemPrefix="com.OriginalFiles.Piece.java" Implct="true" Intrnl_Id="1147">
<Cond/>
<LocList/>
<StmntSeq Intrnl_Id="1148">
<LocList/>
</StmntSeq>
</Branch>
<Keyword EndOffset="8888" SrcFileId="2" StartOffset="8886"/>
<LocList>
<Loc EndOffset="9187" SrcFileId="2" StartOffset="8886"/>
</LocList>
<RootTerm CovItemId="C39" CovItemPrefix="com.OriginalFiles.Piece.java" Intrnl_Id="1149">
<BasicBoolTerm Intrnl_Id="1150">
<LocList>
<Loc EndOffset="9068" SrcFileId="2" StartOffset="8890"/>
</LocList>
</BasicBoolTerm>
</RootTerm>
</CondStmnt>
</StmntSeq>
</Branch>
<Branch CovItemId="B70" CovItemPrefix="com.OriginalFiles.Piece.java" Implct="true" Intrnl_Id="1151">
<Cond/>
<LocList/>
<StmntSeq Intrnl_Id="1152">
<LocList/>
</StmntSeq>
</Branch>
<Keyword EndOffset="8786" SrcFileId="2" StartOffset="8784"/>
<LocList>
<Loc EndOffset="9210" SrcFileId="2" StartOffset="8784"/>
</LocList>
<RootTerm CovItemId="C38" CovItemPrefix="com.OriginalFiles.Piece.java" Intrnl_Id="1153">
<BasicBoolTerm Intrnl_Id="1154">
<LocList>
<Loc EndOffset="8857" SrcFileId="2" StartOffset="8788"/>
</LocList>
</BasicBoolTerm>
</RootTerm>
</CondStmnt>
</StmntSeq>
<Keyword EndOffset="8717" SrcFileId="2" StartOffset="8714"/>
<LocList>
<Loc EndOffset="9229" SrcFileId="2" StartOffset="8714"/>
</LocList>
<RootTerm CovItemId="C37" CovItemPrefix="com.OriginalFiles.Piece.java" Intrnl_Id="1155">
<BasicBoolTerm Intrnl_Id="1156">
<LocList>
<Loc EndOffset="8754" SrcFileId="2" StartOffset="8738"/>
</LocList>
</BasicBoolTerm>
</RootTerm>
</LoopStmnt>
</StmntSeq>
<Keyword EndOffset="8651" SrcFileId="2" StartOffset="8648"/>
<LocList>
<Loc EndOffset="9244" SrcFileId="2" StartOffset="8637"/>
</LocList>
<RootTerm CovItemId="C36" CovItemPrefix="com.OriginalFiles.Piece.java" Intrnl_Id="1157">
<BasicBoolTerm Intrnl_Id="1158">
<LocList>
<Loc EndOffset="8688" SrcFileId="2" StartOffset="8672"/>
</LocList>
</BasicBoolTerm>
</RootTerm>
</LoopStmnt>
</StmntSeq>
<Keyword EndOffset="8568" SrcFileId="2" StartOffset="8563"/>
<LocList>
<Loc EndOffset="9255" SrcFileId="2" StartOffset="8563"/>
</LocList>
<RootTerm CovItemId="C35" CovItemPrefix="com.OriginalFiles.Piece.java" Intrnl_Id="1159">
<OpTerm BooleanOpId="10" Intrnl_Id="1160">
<OpTerm BooleanOpId="9" Intrnl_Id="1161">
<BasicBoolTerm Intrnl_Id="1162">
<LocList>
<Loc EndOffset="8576" SrcFileId="2" StartOffset="8571"/>
</LocList>
</BasicBoolTerm>
<LocList>
<Loc EndOffset="8571" SrcFileId="2" StartOffset="8570"/>
</LocList>
</OpTerm>
<BasicBoolTerm Intrnl_Id="1163">
<LocList>
<Loc EndOffset="8592" SrcFileId="2" StartOffset="8580"/>
</LocList>
</BasicBoolTerm>
<LocList>
<Loc EndOffset="8579" SrcFileId="2" StartOffset="8577"/>
</LocList>
</OpTerm>
</RootTerm>
</LoopStmnt>
<BasicStmnt CovItemId="S129" CovItemPrefix="com.OriginalFiles.Piece.java" Intrnl_Id="1164">
<LocList>
<Loc EndOffset="9281" SrcFileId="2" StartOffset="9265"/>
</LocList>
</BasicStmnt>
</StmntSeq>
</HierarchyLvl>
</HierarchyLvl>
<HierarchyLvl HierarchyLvlId="31" HierarchyLvlTypeId="13" Intrnl_Id="1165" Name="Move">
<Header>
<Loc EndOffset="102" SrcFileId="3" StartOffset="85"/>
</Header>
<LocList>
<Loc EndOffset="1195" SrcFileId="3" StartOffset="85"/>
</LocList>
<StmntSeq Intrnl_Id="1166">
<LocList>
<Loc EndOffset="227" SrcFileId="3" StartOffset="171"/>
<Loc EndOffset="270" SrcFileId="3" StartOffset="233"/>
</LocList>
<BasicStmnt CovItemId="S1" CovItemPrefix="com.OriginalFiles.Move.java" Intrnl_Id="1167">
<LocList>
<Loc EndOffset="227" SrcFileId="3" StartOffset="171"/>
</LocList>
</BasicStmnt>
<BasicStmnt CovItemId="S2" CovItemPrefix="com.OriginalFiles.Move.java" Intrnl_Id="1168">
<LocList>
<Loc EndOffset="270" SrcFileId="3" StartOffset="233"/>
</LocList>
</BasicStmnt>
</StmntSeq>
<HierarchyLvl HierarchyLvlId="26" HierarchyLvlTypeId="14" Intrnl_Id="1169" Name="Move">
<Header>
<Loc EndOffset="336" SrcFileId="3" StartOffset="278"/>
</Header>
<LocList>
<Loc EndOffset="544" SrcFileId="3" StartOffset="278"/>
</LocList>
<StmntSeq Intrnl_Id="1170">
<LocList>
<Loc EndOffset="396" SrcFileId="3" StartOffset="348"/>
<Loc EndOffset="431" SrcFileId="3" StartOffset="406"/>
<Loc EndOffset="464" SrcFileId="3" StartOffset="441"/>
<Loc EndOffset="498" SrcFileId="3" StartOffset="474"/>
<Loc EndOffset="537" SrcFileId="3" StartOffset="508"/>
</LocList>
<BasicStmnt CovItemId="S3" CovItemPrefix="com.OriginalFiles.Move.java" Intrnl_Id="1171">
<LocList>
<Loc EndOffset="396" SrcFileId="3" StartOffset="348"/>
</LocList>
</BasicStmnt>
<BasicStmnt CovItemId="S4" CovItemPrefix="com.OriginalFiles.Move.java" Intrnl_Id="1172">
<LocList>
<Loc EndOffset="431" SrcFileId="3" StartOffset="406"/>
</LocList>
</BasicStmnt>
<BasicStmnt CovItemId="S5" CovItemPrefix="com.OriginalFiles.Move.java" Intrnl_Id="1173">
<LocList>
<Loc EndOffset="464" SrcFileId="3" StartOffset="441"/>
</LocList>
</BasicStmnt>
<BasicStmnt CovItemId="S6" CovItemPrefix="com.OriginalFiles.Move.java" Intrnl_Id="1174">
<LocList>
<Loc EndOffset="498" SrcFileId="3" StartOffset="474"/>
</LocList>
</BasicStmnt>
<BasicStmnt CovItemId="S7" CovItemPrefix="com.OriginalFiles.Move.java" Intrnl_Id="1175">
<LocList>
<Loc EndOffset="537" SrcFileId="3" StartOffset="508"/>
</LocList>
</BasicStmnt>
</StmntSeq>
</HierarchyLvl>
<HierarchyLvl HierarchyLvlId="27" HierarchyLvlTypeId="14" Intrnl_Id="1176" Name="Move">
<Header>
<Loc EndOffset="604" SrcFileId="3" StartOffset="552"/>
</Header>
<LocList>
<Loc EndOffset="686" SrcFileId="3" StartOffset="552"/>
</LocList>
<StmntSeq Intrnl_Id="1177">
<LocList>
<Loc EndOffset="640" SrcFileId="3" StartOffset="616"/>
<Loc EndOffset="679" SrcFileId="3" StartOffset="650"/>
</LocList>
<BasicStmnt CovItemId="S8" CovItemPrefix="com.OriginalFiles.Move.java" Intrnl_Id="1178">
<LocList>
<Loc EndOffset="640" SrcFileId="3" StartOffset="616"/>
</LocList>
</BasicStmnt>
<BasicStmnt CovItemId="S9" CovItemPrefix="com.OriginalFiles.Move.java" Intrnl_Id="1179">
<LocList>
<Loc EndOffset="679" SrcFileId="3" StartOffset="650"/>
</LocList>
</BasicStmnt>
</StmntSeq>
</HierarchyLvl>
<HierarchyLvl HierarchyLvlId="28" HierarchyLvlTypeId="14" Intrnl_Id="1180" Name="Move">
<Header>
<Loc EndOffset="707" SrcFileId="3" StartOffset="694"/>
</Header>
<LocList>
<Loc EndOffset="808" SrcFileId="3" StartOffset="694"/>
</LocList>
<StmntSeq Intrnl_Id="1181">
<LocList>
<Loc EndOffset="767" SrcFileId="3" StartOffset="719"/>
<Loc EndOffset="801" SrcFileId="3" StartOffset="777"/>
</LocList>
<BasicStmnt CovItemId="S10" CovItemPrefix="com.OriginalFiles.Move.java" Intrnl_Id="1182">
<LocList>
<Loc EndOffset="767" SrcFileId="3" StartOffset="719"/>
</LocList>
</BasicStmnt>
<BasicStmnt CovItemId="S11" CovItemPrefix="com.OriginalFiles.Move.java" Intrnl_Id="1183">
<LocList>
<Loc EndOffset="801" SrcFileId="3" StartOffset="777"/>
</LocList>
</BasicStmnt>
</StmntSeq>
</HierarchyLvl>
<HierarchyLvl HierarchyLvlId="29" HierarchyLvlTypeId="14" Intrnl_Id="1184" Name="isJump">
<Header>
<Loc EndOffset="845" SrcFileId="3" StartOffset="816"/>
</Header>
<LocList>
<Loc EndOffset="1107" SrcFileId="3" StartOffset="816"/>
</LocList>
<StmntSeq Intrnl_Id="1185">
<LocList>
<Loc EndOffset="1100" SrcFileId="3" StartOffset="857"/>
</LocList>
<CondStmnt CovItemId="S12" CovItemPrefix="com.OriginalFiles.Move.java" Intrnl_Id="1186">
<Branch CovItemId="B1" CovItemPrefix="com.OriginalFiles.Move.java" Implct="false" Intrnl_Id="1187">
<Cond/>
<LocList>
<Loc EndOffset="1055" SrcFileId="3" StartOffset="880"/>
</LocList>
<StmntSeq Intrnl_Id="1188">
<LocList>
<Loc EndOffset="919" SrcFileId="3" StartOffset="895"/>
<Loc EndOffset="960" SrcFileId="3" StartOffset="933"/>
<Loc EndOffset="1044" SrcFileId="3" StartOffset="976"/>
</LocList>
<BasicStmnt CovItemId="S13" CovItemPrefix="com.OriginalFiles.Move.java" Intrnl_Id="1189">
<LocList>
<Loc EndOffset="919" SrcFileId="3" StartOffset="895"/>
</LocList>
</BasicStmnt>
<BasicStmnt CovItemId="S14" CovItemPrefix="com.OriginalFiles.Move.java" Intrnl_Id="1190">
<LocList>
<Loc EndOffset="960" SrcFileId="3" StartOffset="933"/>
</LocList>
</BasicStmnt>
<BasicStmnt CovItemId="S15" CovItemPrefix="com.OriginalFiles.Move.java" Intrnl_Id="1191">
<LocList>
<Loc EndOffset="1044" SrcFileId="3" StartOffset="976"/>
</LocList>
</BasicStmnt>
</StmntSeq>
</Branch>
<Branch CovItemId="B2" CovItemPrefix="com.OriginalFiles.Move.java" Implct="false" Intrnl_Id="1192">
<Cond>
<Loc EndOffset="1060" SrcFileId="3" StartOffset="1056"/>
</Cond>
<LocList>
<Loc EndOffset="1100" SrcFileId="3" StartOffset="1061"/>
</LocList>
<StmntSeq Intrnl_Id="1193">
<LocList>
<Loc EndOffset="1089" SrcFileId="3" StartOffset="1076"/>
</LocList>
<BasicStmnt CovItemId="S16" CovItemPrefix="com.OriginalFiles.Move.java" Intrnl_Id="1194">
<LocList>
<Loc EndOffset="1089" SrcFileId="3" StartOffset="1076"/>
</LocList>
</BasicStmnt>
</StmntSeq>
</Branch>
<Keyword EndOffset="859" SrcFileId="3" StartOffset="857"/>
<LocList>
<Loc EndOffset="1100" SrcFileId="3" StartOffset="857"/>
</LocList>
<RootTerm CovItemId="C1" CovItemPrefix="com.OriginalFiles.Move.java" Intrnl_Id="1195">
<BasicBoolTerm Intrnl_Id="1196">
<LocList>
<Loc EndOffset="878" SrcFileId="3" StartOffset="861"/>
</LocList>
</BasicBoolTerm>
</RootTerm>
</CondStmnt>
</StmntSeq>
</HierarchyLvl>
<HierarchyLvl HierarchyLvlId="30" HierarchyLvlTypeId="14" Intrnl_Id="1197" Name="addStep">
<Header>
<Loc EndOffset="1152" SrcFileId="3" StartOffset="1115"/>
</Header>
<LocList>
<Loc EndOffset="1192" SrcFileId="3" StartOffset="1115"/>
</LocList>
<StmntSeq Intrnl_Id="1198">
<LocList>
<Loc EndOffset="1185" SrcFileId="3" StartOffset="1164"/>
</LocList>
<BasicStmnt CovItemId="S17" CovItemPrefix="com.OriginalFiles.Move.java" Intrnl_Id="1199">
<LocList>
<Loc EndOffset="1185" SrcFileId="3" StartOffset="1164"/>
</LocList>
</BasicStmnt>
</StmntSeq>
</HierarchyLvl>
</HierarchyLvl>
<HierarchyLvl HierarchyLvlId="42" HierarchyLvlTypeId="13" Intrnl_Id="1200" Name="MI">
<Header>
<Loc EndOffset="167" SrcFileId="4" StartOffset="152"/>
</Header>
<LocList>
<Loc EndOffset="11486" SrcFileId="4" StartOffset="152"/>
</LocList>
<StmntSeq Intrnl_Id="1201">
<LocList>
<Loc EndOffset="253" SrcFileId="4" StartOffset="217"/>
<Loc EndOffset="317" SrcFileId="4" StartOffset="259"/>
<Loc EndOffset="525" SrcFileId="4" StartOffset="490"/>
<Loc EndOffset="566" SrcFileId="4" StartOffset="531"/>
<Loc EndOffset="619" SrcFileId="4" StartOffset="574"/>
<Loc EndOffset="659" SrcFileId="4" StartOffset="627"/>
<Loc EndOffset="697" SrcFileId="4" StartOffset="665"/>
<Loc EndOffset="736" SrcFileId="4" StartOffset="703"/>
<Loc EndOffset="1099" SrcFileId="4" StartOffset="1052"/>
<Loc EndOffset="1152" SrcFileId="4" StartOffset="1105"/>
</LocList>
<BasicStmnt CovItemId="S1" CovItemPrefix="com.OriginalFiles.MI.java" Intrnl_Id="1202">
<LocList>
<Loc EndOffset="253" SrcFileId="4" StartOffset="217"/>
</LocList>
</BasicStmnt>
<BasicStmnt CovItemId="S2" CovItemPrefix="com.OriginalFiles.MI.java" Intrnl_Id="1203">
<LocList>
<Loc EndOffset="317" SrcFileId="4" StartOffset="259"/>
</LocList>
</BasicStmnt>
<BasicStmnt CovItemId="S3" CovItemPrefix="com.OriginalFiles.MI.java" Intrnl_Id="1204">
<LocList>
<Loc EndOffset="525" SrcFileId="4" StartOffset="490"/>
</LocList>
</BasicStmnt>
<BasicStmnt CovItemId="S4" CovItemPrefix="com.OriginalFiles.MI.java" Intrnl_Id="1205">
<LocList>
<Loc EndOffset="566" SrcFileId="4" StartOffset="531"/>
</LocList>
</BasicStmnt>
<BasicStmnt CovItemId="S5" CovItemPrefix="com.OriginalFiles.MI.java" Intrnl_Id="1206">
<LocList>
<Loc EndOffset="619" SrcFileId="4" StartOffset="574"/>
</LocList>
</BasicStmnt>
<BasicStmnt CovItemId="S6" CovItemPrefix="com.OriginalFiles.MI.java" Intrnl_Id="1207">
<LocList>
<Loc EndOffset="659" SrcFileId="4" StartOffset="627"/>
</LocList>
</BasicStmnt>
<BasicStmnt CovItemId="S7" CovItemPrefix="com.OriginalFiles.MI.java" Intrnl_Id="1208">
<LocList>
<Loc EndOffset="697" SrcFileId="4" StartOffset="665"/>
</LocList>
</BasicStmnt>
<BasicStmnt CovItemId="S8" CovItemPrefix="com.OriginalFiles.MI.java" Intrnl_Id="1209">
<LocList>
<Loc EndOffset="736" SrcFileId="4" StartOffset="703"/>
</LocList>
</BasicStmnt>
<BasicStmnt CovItemId="S15" CovItemPrefix="com.OriginalFiles.MI.java" Intrnl_Id="1210">
<LocList>
<Loc EndOffset="1099" SrcFileId="4" StartOffset="1052"/>
</LocList>
</BasicStmnt>
<BasicStmnt CovItemId="S16" CovItemPrefix="com.OriginalFiles.MI.java" Intrnl_Id="1211">
<LocList>
<Loc EndOffset="1152" SrcFileId="4" StartOffset="1105"/>
</LocList>
</BasicStmnt>
</StmntSeq>
<HierarchyLvl HierarchyLvlId="32" HierarchyLvlTypeId="14" Intrnl_Id="1212" Name="MI">
<Header>
<Loc EndOffset="832" SrcFileId="4" StartOffset="744"/>
</Header>
<LocList>
<Loc EndOffset="1044" SrcFileId="4" StartOffset="744"/>
</LocList>
<StmntSeq Intrnl_Id="1213">
<LocList>
<Loc EndOffset="871" SrcFileId="4" StartOffset="844"/>
<Loc EndOffset="909" SrcFileId="4" StartOffset="881"/>
<Loc EndOffset="937" SrcFileId="4" StartOffset="919"/>
<Loc EndOffset="1037" SrcFileId="4" StartOffset="947"/>
</LocList>
<BasicStmnt CovItemId="S9" CovItemPrefix="com.OriginalFiles.MI.java" Intrnl_Id="1214">
<LocList>
<Loc EndOffset="871" SrcFileId="4" StartOffset="844"/>
</LocList>
</BasicStmnt>
<BasicStmnt CovItemId="S10" CovItemPrefix="com.OriginalFiles.MI.java" Intrnl_Id="1215">
<LocList>
<Loc EndOffset="909" SrcFileId="4" StartOffset="881"/>
</LocList>
</BasicStmnt>
<BasicStmnt CovItemId="S11" CovItemPrefix="com.OriginalFiles.MI.java" Intrnl_Id="1216">
<LocList>
<Loc EndOffset="937" SrcFileId="4" StartOffset="919"/>
</LocList>
</BasicStmnt>
<CondStmnt CovItemId="S12" CovItemPrefix="com.OriginalFiles.MI.java" Intrnl_Id="1217">
<Branch CovItemId="B1" CovItemPrefix="com.OriginalFiles.MI.java" Implct="false" Intrnl_Id="1218">
<Cond/>
<LocList>
<Loc EndOffset="995" SrcFileId="4" StartOffset="960"/>
</LocList>
<StmntSeq Intrnl_Id="1219">
<LocList>
<Loc EndOffset="984" SrcFileId="4" StartOffset="975"/>
</LocList>
<BasicStmnt CovItemId="S13" CovItemPrefix="com.OriginalFiles.MI.java" Intrnl_Id="1220">
<LocList>
<Loc EndOffset="984" SrcFileId="4" StartOffset="975"/>
</LocList>
</BasicStmnt>
</StmntSeq>
</Branch>
<Branch CovItemId="B2" CovItemPrefix="com.OriginalFiles.MI.java" Implct="false" Intrnl_Id="1221">
<Cond>
<Loc EndOffset="1000" SrcFileId="4" StartOffset="996"/>
</Cond>
<LocList>
<Loc EndOffset="1037" SrcFileId="4" StartOffset="1001"/>
</LocList>
<StmntSeq Intrnl_Id="1222">
<LocList>
<Loc EndOffset="1026" SrcFileId="4" StartOffset="1016"/>
</LocList>
<BasicStmnt CovItemId="S14" CovItemPrefix="com.OriginalFiles.MI.java" Intrnl_Id="1223">
<LocList>
<Loc EndOffset="1026" SrcFileId="4" StartOffset="1016"/>
</LocList>
</BasicStmnt>
</StmntSeq>
</Branch>
<Keyword EndOffset="949" SrcFileId="4" StartOffset="947"/>
<LocList>
<Loc EndOffset="1037" SrcFileId="4" StartOffset="947"/>
</LocList>
<RootTerm CovItemId="C1" CovItemPrefix="com.OriginalFiles.MI.java" Intrnl_Id="1224">
<BasicBoolTerm Intrnl_Id="1225">
<LocList>
<Loc EndOffset="958" SrcFileId="4" StartOffset="951"/>
</LocList>
</BasicBoolTerm>
</RootTerm>
</CondStmnt>
</StmntSeq>
</HierarchyLvl>
<HierarchyLvl HierarchyLvlId="33" HierarchyLvlTypeId="14" Intrnl_Id="1226" Name="updatePieceList">
<Header>
<Loc EndOffset="1190" SrcFileId="4" StartOffset="1160"/>
</Header>
<LocList>
<Loc EndOffset="1682" SrcFileId="4" StartOffset="1160"/>
</LocList>
<StmntSeq Intrnl_Id="1227">
<LocList>
<Loc EndOffset="1220" SrcFileId="4" StartOffset="1202"/>
<Loc EndOffset="1248" SrcFileId="4" StartOffset="1230"/>
<Loc EndOffset="1675" SrcFileId="4" StartOffset="1258"/>
</LocList>
<BasicStmnt CovItemId="S17" CovItemPrefix="com.OriginalFiles.MI.java" Intrnl_Id="1228">
<LocList>
<Loc EndOffset="1220" SrcFileId="4" StartOffset="1202"/>
</LocList>
</BasicStmnt>
<BasicStmnt CovItemId="S18" CovItemPrefix="com.OriginalFiles.MI.java" Intrnl_Id="1229">
<LocList>
<Loc EndOffset="1248" SrcFileId="4" StartOffset="1230"/>
</LocList>
</BasicStmnt>
<LoopStmnt CovItemId="S19" CovItemPrefix="com.OriginalFiles.MI.java" Intrnl_Id="1230" MltplExecId="L1-2" MltplExecPrefix="com.OriginalFiles.MI.java" NvrExecId="L1-0" NvrExecPrefix="com.OriginalFiles.MI.java" OnceExecutedId="L1-1" OnceExecutedPrefix="com.OriginalFiles.MI.java" OptBodyExec="true">
<StmntSeq Intrnl_Id="1231">
<LocList>
<Loc EndOffset="1664" SrcFileId="4" StartOffset="1322"/>
</LocList>
<LoopStmnt CovItemId="S20" CovItemPrefix="com.OriginalFiles.MI.java" Intrnl_Id="1232" MltplExecId="L2-2" MltplExecPrefix="com.OriginalFiles.MI.java" NvrExecId="L2-0" NvrExecPrefix="com.OriginalFiles.MI.java" OnceExecutedId="L2-1" OnceExecutedPrefix="com.OriginalFiles.MI.java" OptBodyExec="true">
<StmntSeq Intrnl_Id="1233">
<LocList>
<Loc EndOffset="1649" SrcFileId="4" StartOffset="1358"/>
</LocList>
<CondStmnt CovItemId="S21" CovItemPrefix="com.OriginalFiles.MI.java" Intrnl_Id="1234">
<Branch CovItemId="B3" CovItemPrefix="com.OriginalFiles.MI.java" Implct="false" Intrnl_Id="1235">
<Cond/>
<LocList>
<Loc EndOffset="1649" SrcFileId="4" StartOffset="1376"/>
</LocList>
<StmntSeq Intrnl_Id="1236">
<LocList>
<Loc EndOffset="1630" SrcFileId="4" StartOffset="1399"/>
</LocList>
<CondStmnt CovItemId="S22" CovItemPrefix="com.OriginalFiles.MI.java" Intrnl_Id="1237">
<Branch CovItemId="B5" CovItemPrefix="com.OriginalFiles.MI.java" Implct="false" Intrnl_Id="1238">
<Cond/>
<LocList>
<Loc EndOffset="1539" SrcFileId="4" StartOffset="1454"/>
</LocList>
<StmntSeq Intrnl_Id="1239">
<LocList>
<Loc EndOffset="1516" SrcFileId="4" StartOffset="1481"/>
</LocList>
<BasicStmnt CovItemId="S23" CovItemPrefix="com.OriginalFiles.MI.java" Intrnl_Id="1240">
<LocList>
<Loc EndOffset="1516" SrcFileId="4" StartOffset="1481"/>
</LocList>
</BasicStmnt>
</StmntSeq>
</Branch>
<Branch CovItemId="B6" CovItemPrefix="com.OriginalFiles.MI.java" Implct="false" Intrnl_Id="1241">
<Cond>
<Loc EndOffset="1544" SrcFileId="4" StartOffset="1540"/>
</Cond>
<LocList>
<Loc EndOffset="1630" SrcFileId="4" StartOffset="1545"/>
</LocList>
<StmntSeq Intrnl_Id="1242">
<LocList>
<Loc EndOffset="1607" SrcFileId="4" StartOffset="1572"/>
</LocList>
<BasicStmnt CovItemId="S24" CovItemPrefix="com.OriginalFiles.MI.java" Intrnl_Id="1243">
<LocList>
<Loc EndOffset="1607" SrcFileId="4" StartOffset="1572"/>
</LocList>
</BasicStmnt>
</StmntSeq>
</Branch>
<Keyword EndOffset="1401" SrcFileId="4" StartOffset="1399"/>
<LocList>
<Loc EndOffset="1630" SrcFileId="4" StartOffset="1399"/>
</LocList>
<RootTerm CovItemId="C3" CovItemPrefix="com.OriginalFiles.MI.java" Intrnl_Id="1244">
<BasicBoolTerm Intrnl_Id="1245">
<LocList>
<Loc EndOffset="1452" SrcFileId="4" StartOffset="1403"/>
</LocList>
</BasicBoolTerm>
</RootTerm>
</CondStmnt>
</StmntSeq>
</Branch>
<Branch CovItemId="B4" CovItemPrefix="com.OriginalFiles.MI.java" Implct="true" Intrnl_Id="1246">
<Cond/>
<LocList/>
<StmntSeq Intrnl_Id="1247">
<LocList/>
</StmntSeq>
</Branch>
<Keyword EndOffset="1360" SrcFileId="4" StartOffset="1358"/>
<LocList>
<Loc EndOffset="1649" SrcFileId="4" StartOffset="1358"/>
</LocList>
<RootTerm CovItemId="C2" CovItemPrefix="com.OriginalFiles.MI.java" Intrnl_Id="1248">
<OpTerm BooleanOpId="9" Intrnl_Id="1249">
<BasicBoolTerm Intrnl_Id="1250">
<LocList>
<Loc EndOffset="1374" SrcFileId="4" StartOffset="1363"/>
</LocList>
</BasicBoolTerm>
<LocList>
<Loc EndOffset="1363" SrcFileId="4" StartOffset="1362"/>
</LocList>
</OpTerm>
</RootTerm>
</CondStmnt>
</StmntSeq>
<Keyword EndOffset="1325" SrcFileId="4" StartOffset="1322"/>
<LocList>
<Loc EndOffset="1664" SrcFileId="4" StartOffset="1322"/>
</LocList>
</LoopStmnt>
</StmntSeq>
<Keyword EndOffset="1261" SrcFileId="4" StartOffset="1258"/>
<LocList>
<Loc EndOffset="1675" SrcFileId="4" StartOffset="1258"/>
</LocList>
</LoopStmnt>
</StmntSeq>
</HierarchyLvl>
<HierarchyLvl HierarchyLvlId="34" HierarchyLvlTypeId="14" Intrnl_Id="1251" Name="lookForBestMove">
<Header>
<Loc EndOffset="1921" SrcFileId="4" StartOffset="1791"/>
</Header>
<LocList>
<Loc EndOffset="2725" SrcFileId="4" StartOffset="1791"/>
</LocList>
<StmntSeq Intrnl_Id="1252">
<LocList>
<Loc EndOffset="1951" SrcFileId="4" StartOffset="1933"/>
<Loc EndOffset="2003" SrcFileId="4" StartOffset="1961"/>
<Loc EndOffset="2058" SrcFileId="4" StartOffset="2013"/>
<Loc EndOffset="2088" SrcFileId="4" StartOffset="2068"/>
<Loc EndOffset="2202" SrcFileId="4" StartOffset="2127"/>
<Loc EndOffset="2639" SrcFileId="4" StartOffset="2214"/>
<Loc EndOffset="2718" SrcFileId="4" StartOffset="2649"/>
</LocList>
<BasicStmnt CovItemId="S25" CovItemPrefix="com.OriginalFiles.MI.java" Intrnl_Id="1253">
<LocList>
<Loc EndOffset="1951" SrcFileId="4" StartOffset="1933"/>
</LocList>
</BasicStmnt>
<BasicStmnt CovItemId="S26" CovItemPrefix="com.OriginalFiles.MI.java" Intrnl_Id="1254">
<LocList>
<Loc EndOffset="2003" SrcFileId="4" StartOffset="1961"/>
</LocList>
</BasicStmnt>
<BasicStmnt CovItemId="S27" CovItemPrefix="com.OriginalFiles.MI.java" Intrnl_Id="1255">
<LocList>
<Loc EndOffset="2058" SrcFileId="4" StartOffset="2013"/>
</LocList>
</BasicStmnt>
<BasicStmnt CovItemId="S28" CovItemPrefix="com.OriginalFiles.MI.java" Intrnl_Id="1256">
<LocList>
<Loc EndOffset="2088" SrcFileId="4" StartOffset="2068"/>
</LocList>
</BasicStmnt>
<CondStmnt CovItemId="S29" CovItemPrefix="com.OriginalFiles.MI.java" Intrnl_Id="1257">
<Branch CovItemId="B7" CovItemPrefix="com.OriginalFiles.MI.java" Implct="false" Intrnl_Id="1258">
<Cond/>
<LocList>
<Loc EndOffset="2202" SrcFileId="4" StartOffset="2153"/>
</LocList>
<StmntSeq Intrnl_Id="1259">
<LocList>
<Loc EndOffset="2191" SrcFileId="4" StartOffset="2168"/>
</LocList>
<BasicStmnt CovItemId="S30" CovItemPrefix="com.OriginalFiles.MI.java" Intrnl_Id="1260">
<LocList>
<Loc EndOffset="2191" SrcFileId="4" StartOffset="2168"/>
</LocList>
</BasicStmnt>
</StmntSeq>
</Branch>
<Branch CovItemId="B8" CovItemPrefix="com.OriginalFiles.MI.java" Implct="true" Intrnl_Id="1261">
<Cond/>
<LocList/>
<StmntSeq Intrnl_Id="1262">
<LocList/>
</StmntSeq>
</Branch>
<Keyword EndOffset="2129" SrcFileId="4" StartOffset="2127"/>
<LocList>
<Loc EndOffset="2202" SrcFileId="4" StartOffset="2127"/>
</LocList>
<RootTerm CovItemId="C4" CovItemPrefix="com.OriginalFiles.MI.java" Intrnl_Id="1263">
<BasicBoolTerm Intrnl_Id="1264">
<LocList>
<Loc EndOffset="2151" SrcFileId="4" StartOffset="2131"/>
</LocList>
</BasicBoolTerm>
</RootTerm>
</CondStmnt>
<LoopStmnt CovItemId="S31" CovItemPrefix="com.OriginalFiles.MI.java" Intrnl_Id="1265" MltplExecId="L3-2" MltplExecPrefix="com.OriginalFiles.MI.java" NvrExecId="L3-0" NvrExecPrefix="com.OriginalFiles.MI.java" OnceExecutedId="L3-1" OnceExecutedPrefix="com.OriginalFiles.MI.java" OptBodyExec="true">
<StmntSeq Intrnl_Id="1266">
<LocList>
<Loc EndOffset="2275" SrcFileId="4" StartOffset="2256"/>
<Loc EndOffset="2352" SrcFileId="4" StartOffset="2291"/>
<Loc EndOffset="2379" SrcFileId="4" StartOffset="2366"/>
<Loc EndOffset="2628" SrcFileId="4" StartOffset="2395"/>
</LocList>
<BasicStmnt CovItemId="S32" CovItemPrefix="com.OriginalFiles.MI.java" Intrnl_Id="1267">
<LocList>
<Loc EndOffset="2275" SrcFileId="4" StartOffset="2256"/>
</LocList>
</BasicStmnt>
<BasicStmnt CovItemId="S33" CovItemPrefix="com.OriginalFiles.MI.java" Intrnl_Id="1268">
<LocList>
<Loc EndOffset="2352" SrcFileId="4" StartOffset="2291"/>
</LocList>
</BasicStmnt>
<BasicStmnt CovItemId="S34" CovItemPrefix="com.OriginalFiles.MI.java" Intrnl_Id="1269">
<LocList>
<Loc EndOffset="2379" SrcFileId="4" StartOffset="2366"/>
</LocList>
</BasicStmnt>
<CondStmnt CovItemId="S35" CovItemPrefix="com.OriginalFiles.MI.java" Intrnl_Id="1270">
<Branch CovItemId="B9" CovItemPrefix="com.OriginalFiles.MI.java" Implct="false" Intrnl_Id="1271">
<Cond/>
<LocList>
<Loc EndOffset="2544" SrcFileId="4" StartOffset="2418"/>
</LocList>
<StmntSeq Intrnl_Id="1272">
<LocList>
<Loc EndOffset="2455" SrcFileId="4" StartOffset="2437"/>
<Loc EndOffset="2491" SrcFileId="4" StartOffset="2473"/>
<Loc EndOffset="2529" SrcFileId="4" StartOffset="2509"/>
</LocList>
<BasicStmnt CovItemId="S36" CovItemPrefix="com.OriginalFiles.MI.java" Intrnl_Id="1273">
<LocList>
<Loc EndOffset="2455" SrcFileId="4" StartOffset="2437"/>
</LocList>
</BasicStmnt>
<BasicStmnt CovItemId="S37" CovItemPrefix="com.OriginalFiles.MI.java" Intrnl_Id="1274">
<LocList>
<Loc EndOffset="2491" SrcFileId="4" StartOffset="2473"/>
</LocList>
</BasicStmnt>
<BasicStmnt CovItemId="S38" CovItemPrefix="com.OriginalFiles.MI.java" Intrnl_Id="1275">
<LocList>
<Loc EndOffset="2529" SrcFileId="4" StartOffset="2509"/>
</LocList>
</BasicStmnt>
</StmntSeq>
</Branch>
<Branch CovItemId="B10" CovItemPrefix="com.OriginalFiles.MI.java" Implct="false" Intrnl_Id="1276">
<Cond>
<Loc EndOffset="2549" SrcFileId="4" StartOffset="2545"/>
</Cond>
<LocList>
<Loc EndOffset="2628" SrcFileId="4" StartOffset="2550"/>
</LocList>
<StmntSeq Intrnl_Id="1277">
<LocList>
<Loc EndOffset="2628" SrcFileId="4" StartOffset="2550"/>
</LocList>
<CondStmnt CovItemId="S39" CovItemPrefix="com.OriginalFiles.MI.java" Intrnl_Id="1278">
<Branch CovItemId="B11" CovItemPrefix="com.OriginalFiles.MI.java" Implct="false" Intrnl_Id="1279">
<Cond/>
<LocList>
<Loc EndOffset="2628" SrcFileId="4" StartOffset="2574"/>
</LocList>
<StmntSeq Intrnl_Id="1280">
<LocList>
<Loc EndOffset="2613" SrcFileId="4" StartOffset="2593"/>
</LocList>
<BasicStmnt CovItemId="S40" CovItemPrefix="com.OriginalFiles.MI.java" Intrnl_Id="1281">
<LocList>
<Loc EndOffset="2613" SrcFileId="4" StartOffset="2593"/>
</LocList>
</BasicStmnt>
</StmntSeq>
</Branch>
<Branch CovItemId="B12" CovItemPrefix="com.OriginalFiles.MI.java" Implct="true" Intrnl_Id="1282">
<Cond/>
<LocList/>
<StmntSeq Intrnl_Id="1283">
<LocList/>
</StmntSeq>
</Branch>
<Keyword EndOffset="2552" SrcFileId="4" StartOffset="2550"/>
<LocList>
<Loc EndOffset="2628" SrcFileId="4" StartOffset="2550"/>
</LocList>
<RootTerm CovItemId="C6" CovItemPrefix="com.OriginalFiles.MI.java" Intrnl_Id="1284">
<BasicBoolTerm Intrnl_Id="1285">
<LocList>
<Loc EndOffset="2572" SrcFileId="4" StartOffset="2554"/>
</LocList>
</BasicBoolTerm>
</RootTerm>
</CondStmnt>
</StmntSeq>
</Branch>
<Keyword EndOffset="2397" SrcFileId="4" StartOffset="2395"/>
<LocList>
<Loc EndOffset="2628" SrcFileId="4" StartOffset="2395"/>
</LocList>
<RootTerm CovItemId="C5" CovItemPrefix="com.OriginalFiles.MI.java" Intrnl_Id="1286">
<BasicBoolTerm Intrnl_Id="1287">
<LocList>
<Loc EndOffset="2416" SrcFileId="4" StartOffset="2399"/>
</LocList>
</BasicBoolTerm>
</RootTerm>
</CondStmnt>
</StmntSeq>
<Keyword EndOffset="2217" SrcFileId="4" StartOffset="2214"/>
<LocList>
<Loc EndOffset="2639" SrcFileId="4" StartOffset="2214"/>
</LocList>
</LoopStmnt>
<BasicStmnt CovItemId="S41" CovItemPrefix="com.OriginalFiles.MI.java" Intrnl_Id="1288">
<LocList>
<Loc EndOffset="2718" SrcFileId="4" StartOffset="2649"/>
</LocList>
</BasicStmnt>
</StmntSeq>
</HierarchyLvl>
<HierarchyLvl HierarchyLvlId="35" HierarchyLvlTypeId="14" Intrnl_Id="1289" Name="negaMax">
<Header>
<Loc EndOffset="2871" SrcFileId="4" StartOffset="2735"/>
</Header>
<LocList>
<Loc EndOffset="3599" SrcFileId="4" StartOffset="2735"/>
</LocList>
<StmntSeq Intrnl_Id="1290">
<LocList>
<Loc EndOffset="3094" SrcFileId="4" StartOffset="2912"/>
<Loc EndOffset="3159" SrcFileId="4" StartOffset="3131"/>
<Loc EndOffset="3195" SrcFileId="4" StartOffset="3171"/>
<Loc EndOffset="3544" SrcFileId="4" StartOffset="3205"/>
<Loc EndOffset="3592" SrcFileId="4" StartOffset="3575"/>
</LocList>
<CondStmnt CovItemId="S42" CovItemPrefix="com.OriginalFiles.MI.java" Intrnl_Id="1291">
<Branch CovItemId="B13" CovItemPrefix="com.OriginalFiles.MI.java" Implct="false" Intrnl_Id="1292">
<Cond/>
<LocList>
<Loc EndOffset="3094" SrcFileId="4" StartOffset="3037"/>
</LocList>
<StmntSeq Intrnl_Id="1293">
<LocList>
<Loc EndOffset="3083" SrcFileId="4" StartOffset="3052"/>
</LocList>
<BasicStmnt CovItemId="S43" CovItemPrefix="com.OriginalFiles.MI.java" Intrnl_Id="1294">
<LocList>
<Loc EndOffset="3083" SrcFileId="4" StartOffset="3052"/>
</LocList>
</BasicStmnt>
</StmntSeq>
</Branch>
<Branch CovItemId="B14" CovItemPrefix="com.OriginalFiles.MI.java" Implct="true" Intrnl_Id="1295">
<Cond/>
<LocList/>
<StmntSeq Intrnl_Id="1296">
<LocList/>
</StmntSeq>
</Branch>
<Keyword EndOffset="2914" SrcFileId="4" StartOffset="2912"/>
<LocList>
<Loc EndOffset="3094" SrcFileId="4" StartOffset="2912"/>
</LocList>
<RootTerm CovItemId="C7" CovItemPrefix="com.OriginalFiles.MI.java" Intrnl_Id="1297">
<OpTerm BooleanOpId="11" Intrnl_Id="1298">
<BasicBoolTerm Intrnl_Id="1299">
<LocList>
<Loc EndOffset="2926" SrcFileId="4" StartOffset="2916"/>
</LocList>
</BasicBoolTerm>
<BasicBoolTerm Intrnl_Id="1300">
<LocList>
<Loc EndOffset="3035" SrcFileId="4" StartOffset="2947"/>
</LocList>
</BasicBoolTerm>
<LocList>
<Loc EndOffset="2946" SrcFileId="4" StartOffset="2944"/>
</LocList>
</OpTerm>
</RootTerm>
</CondStmnt>
<BasicStmnt CovItemId="S44" CovItemPrefix="com.OriginalFiles.MI.java" Intrnl_Id="1301">
<LocList>
<Loc EndOffset="3159" SrcFileId="4" StartOffset="3131"/>
</LocList>
</BasicStmnt>
<BasicStmnt CovItemId="S45" CovItemPrefix="com.OriginalFiles.MI.java" Intrnl_Id="1302">
<LocList>
<Loc EndOffset="3195" SrcFileId="4" StartOffset="3171"/>
</LocList>
</BasicStmnt>
<LoopStmnt CovItemId="S46" CovItemPrefix="com.OriginalFiles.MI.java" Intrnl_Id="1303" MltplExecId="L4-2" MltplExecPrefix="com.OriginalFiles.MI.java" NvrExecId="L4-0" NvrExecPrefix="com.OriginalFiles.MI.java" OnceExecutedId="L4-1" OnceExecutedPrefix="com.OriginalFiles.MI.java" OptBodyExec="true">
<StmntSeq Intrnl_Id="1304">
<LocList>
<Loc EndOffset="3263" SrcFileId="4" StartOffset="3244"/>
<Loc EndOffset="3337" SrcFileId="4" StartOffset="3277"/>
<Loc EndOffset="3364" SrcFileId="4" StartOffset="3351"/>
<Loc EndOffset="3417" SrcFileId="4" StartOffset="3380"/>
<Loc EndOffset="3460" SrcFileId="4" StartOffset="3431"/>
<Loc EndOffset="3533" SrcFileId="4" StartOffset="3474"/>
</LocList>
<BasicStmnt CovItemId="S47" CovItemPrefix="com.OriginalFiles.MI.java" Intrnl_Id="1305">
<LocList>
<Loc EndOffset="3263" SrcFileId="4" StartOffset="3244"/>
</LocList>
</BasicStmnt>
<BasicStmnt CovItemId="S48" CovItemPrefix="com.OriginalFiles.MI.java" Intrnl_Id="1306">
<LocList>
<Loc EndOffset="3337" SrcFileId="4" StartOffset="3277"/>
</LocList>
</BasicStmnt>
<BasicStmnt CovItemId="S49" CovItemPrefix="com.OriginalFiles.MI.java" Intrnl_Id="1307">
<LocList>
<Loc EndOffset="3364" SrcFileId="4" StartOffset="3351"/>
</LocList>
</BasicStmnt>
<BasicStmnt CovItemId="S50" CovItemPrefix="com.OriginalFiles.MI.java" Intrnl_Id="1308">
<LocList>
<Loc EndOffset="3417" SrcFileId="4" StartOffset="3380"/>
</LocList>
</BasicStmnt>
<BasicStmnt CovItemId="S51" CovItemPrefix="com.OriginalFiles.MI.java" Intrnl_Id="1309">
<LocList>
<Loc EndOffset="3460" SrcFileId="4" StartOffset="3431"/>
</LocList>
</BasicStmnt>
<CondStmnt CovItemId="S52" CovItemPrefix="com.OriginalFiles.MI.java" Intrnl_Id="1310">
<Branch CovItemId="B15" CovItemPrefix="com.OriginalFiles.MI.java" Implct="false" Intrnl_Id="1311">
<Cond/>
<LocList>
<Loc EndOffset="3533" SrcFileId="4" StartOffset="3493"/>
</LocList>
<StmntSeq Intrnl_Id="1312">
<LocList>
<Loc EndOffset="3518" SrcFileId="4" StartOffset="3512"/>
</LocList>
<BasicStmnt CovItemId="S53" CovItemPrefix="com.OriginalFiles.MI.java" Intrnl_Id="1313">
<LocList>
<Loc EndOffset="3518" SrcFileId="4" StartOffset="3512"/>
</LocList>
</BasicStmnt>
</StmntSeq>
</Branch>
<Branch CovItemId="B16" CovItemPrefix="com.OriginalFiles.MI.java" Implct="true" Intrnl_Id="1314">
<Cond/>
<LocList/>
<StmntSeq Intrnl_Id="1315">
<LocList/>
</StmntSeq>
</Branch>
<Keyword EndOffset="3476" SrcFileId="4" StartOffset="3474"/>
<LocList>
<Loc EndOffset="3533" SrcFileId="4" StartOffset="3474"/>
</LocList>
<RootTerm CovItemId="C8" CovItemPrefix="com.OriginalFiles.MI.java" Intrnl_Id="1316">
<BasicBoolTerm Intrnl_Id="1317">
<LocList>
<Loc EndOffset="3491" SrcFileId="4" StartOffset="3478"/>
</LocList>
</BasicBoolTerm>
</RootTerm>
</CondStmnt>
</StmntSeq>
<Keyword EndOffset="3208" SrcFileId="4" StartOffset="3205"/>
<LocList>
<Loc EndOffset="3544" SrcFileId="4" StartOffset="3205"/>
</LocList>
</LoopStmnt>
<BasicStmnt CovItemId="S54" CovItemPrefix="com.OriginalFiles.MI.java" Intrnl_Id="1318">
<LocList>
<Loc EndOffset="3592" SrcFileId="4" StartOffset="3575"/>
</LocList>
</BasicStmnt>
</StmntSeq>
</HierarchyLvl>
<HierarchyLvl HierarchyLvlId="36" HierarchyLvlTypeId="14" Intrnl_Id="1319" Name="evaluation">
<Header>
<Loc EndOffset="3642" SrcFileId="4" StartOffset="3607"/>
</Header>
<LocList>
<Loc EndOffset="5412" SrcFileId="4" StartOffset="3607"/>
</LocList>
<StmntSeq Intrnl_Id="1320">
<LocList>
<Loc EndOffset="3678" SrcFileId="4" StartOffset="3654"/>
<Loc EndOffset="3720" SrcFileId="4" StartOffset="3688"/>
<Loc EndOffset="3756" SrcFileId="4" StartOffset="3730"/>
<Loc EndOffset="3835" SrcFileId="4" StartOffset="3776"/>
<Loc EndOffset="4163" SrcFileId="4" StartOffset="3845"/>
<Loc EndOffset="4197" SrcFileId="4" StartOffset="4173"/>
<Loc EndOffset="4399" SrcFileId="4" StartOffset="4217"/>
<Loc EndOffset="4602" SrcFileId="4" StartOffset="4419"/>
<Loc EndOffset="4645" SrcFileId="4" StartOffset="4614"/>
<Loc EndOffset="5373" SrcFileId="4" StartOffset="4657"/>
<Loc EndOffset="5405" SrcFileId="4" StartOffset="5385"/>
</LocList>
<BasicStmnt CovItemId="S55" CovItemPrefix="com.OriginalFiles.MI.java" Intrnl_Id="1321">
<LocList>
<Loc EndOffset="3678" SrcFileId="4" StartOffset="3654"/>
</LocList>
</BasicStmnt>
<BasicStmnt CovItemId="S56" CovItemPrefix="com.OriginalFiles.MI.java" Intrnl_Id="1322">
<LocList>
<Loc EndOffset="3720" SrcFileId="4" StartOffset="3688"/>
</LocList>
</BasicStmnt>
<BasicStmnt CovItemId="S57" CovItemPrefix="com.OriginalFiles.MI.java" Intrnl_Id="1323">
<LocList>
<Loc EndOffset="3756" SrcFileId="4" StartOffset="3730"/>
</LocList>
</BasicStmnt>
<CondStmnt CovItemId="S58" CovItemPrefix="com.OriginalFiles.MI.java" Intrnl_Id="1324">
<Branch CovItemId="B17" CovItemPrefix="com.OriginalFiles.MI.java" Implct="false" Intrnl_Id="1325">
<Cond/>
<LocList>
<Loc EndOffset="3835" SrcFileId="4" StartOffset="3792"/>
</LocList>
<StmntSeq Intrnl_Id="1326">
<LocList>
<Loc EndOffset="3824" SrcFileId="4" StartOffset="3807"/>
</LocList>
<BasicStmnt CovItemId="S59" CovItemPrefix="com.OriginalFiles.MI.java" Intrnl_Id="1327">
<LocList>
<Loc EndOffset="3824" SrcFileId="4" StartOffset="3807"/>
</LocList>
</BasicStmnt>
</StmntSeq>
</Branch>
<Branch CovItemId="B18" CovItemPrefix="com.OriginalFiles.MI.java" Implct="true" Intrnl_Id="1328">
<Cond/>
<LocList/>
<StmntSeq Intrnl_Id="1329">
<LocList/>
</StmntSeq>
</Branch>
<Keyword EndOffset="3778" SrcFileId="4" StartOffset="3776"/>
<LocList>
<Loc EndOffset="3835" SrcFileId="4" StartOffset="3776"/>
</LocList>
<RootTerm CovItemId="C9" CovItemPrefix="com.OriginalFiles.MI.java" Intrnl_Id="1330">
<BasicBoolTerm Intrnl_Id="1331">
<LocList>
<Loc EndOffset="3790" SrcFileId="4" StartOffset="3780"/>
</LocList>
</BasicBoolTerm>
</RootTerm>
</CondStmnt>
<CondStmnt CovItemId="S60" CovItemPrefix="com.OriginalFiles.MI.java" Intrnl_Id="1332">
<Branch CovItemId="B19" CovItemPrefix="com.OriginalFiles.MI.java" Implct="false" Intrnl_Id="1333">
<Cond/>
<LocList>
<Loc EndOffset="4004" SrcFileId="4" StartOffset="3861"/>
</LocList>
<StmntSeq Intrnl_Id="1334">
<LocList>
<Loc EndOffset="3993" SrcFileId="4" StartOffset="3876"/>
</LocList>
<BasicStmnt CovItemId="S61" CovItemPrefix="com.OriginalFiles.MI.java" Intrnl_Id="1335">
<LocList>
<Loc EndOffset="3993" SrcFileId="4" StartOffset="3876"/>
</LocList>
</BasicStmnt>
</StmntSeq>
</Branch>
<Branch CovItemId="B20" CovItemPrefix="com.OriginalFiles.MI.java" Implct="false" Intrnl_Id="1336">
<Cond>
<Loc EndOffset="4018" SrcFileId="4" StartOffset="4014"/>
</Cond>
<LocList>
<Loc EndOffset="4163" SrcFileId="4" StartOffset="4019"/>
</LocList>
<StmntSeq Intrnl_Id="1337">
<LocList>
<Loc EndOffset="4152" SrcFileId="4" StartOffset="4034"/>
</LocList>
<BasicStmnt CovItemId="S62" CovItemPrefix="com.OriginalFiles.MI.java" Intrnl_Id="1338">
<LocList>
<Loc EndOffset="4152" SrcFileId="4" StartOffset="4034"/>
</LocList>
</BasicStmnt>
</StmntSeq>
</Branch>
<Keyword EndOffset="3847" SrcFileId="4" StartOffset="3845"/>
<LocList>
<Loc EndOffset="4163" SrcFileId="4" StartOffset="3845"/>
</LocList>
<RootTerm CovItemId="C10" CovItemPrefix="com.OriginalFiles.MI.java" Intrnl_Id="1339">
<OpTerm BooleanOpId="9" Intrnl_Id="1340">
<BasicBoolTerm Intrnl_Id="1341">
<LocList>
<Loc EndOffset="3859" SrcFileId="4" StartOffset="3850"/>
</LocList>
</BasicBoolTerm>
<LocList>
<Loc EndOffset="3850" SrcFileId="4" StartOffset="3849"/>
</LocList>
</OpTerm>
</RootTerm>
</CondStmnt>
<BasicStmnt CovItemId="S63" CovItemPrefix="com.OriginalFiles.MI.java" Intrnl_Id="1342">
<LocList>
<Loc EndOffset="4197" SrcFileId="4" StartOffset="4173"/>
</LocList>
</BasicStmnt>
<LoopStmnt CovItemId="S64" CovItemPrefix="com.OriginalFiles.MI.java" Intrnl_Id="1343" MltplExecId="L5-2" MltplExecPrefix="com.OriginalFiles.MI.java" NvrExecId="L5-0" NvrExecPrefix="com.OriginalFiles.MI.java" OnceExecutedId="L5-1" OnceExecutedPrefix="com.OriginalFiles.MI.java" OptBodyExec="true">
<StmntSeq Intrnl_Id="1344">
<LocList>
<Loc EndOffset="4388" SrcFileId="4" StartOffset="4275"/>
</LocList>
<BasicStmnt CovItemId="S65" CovItemPrefix="com.OriginalFiles.MI.java" Intrnl_Id="1345">
<LocList>
<Loc EndOffset="4388" SrcFileId="4" StartOffset="4275"/>
</LocList>
</BasicStmnt>
</StmntSeq>
<Keyword EndOffset="4220" SrcFileId="4" StartOffset="4217"/>
<LocList>
<Loc EndOffset="4399" SrcFileId="4" StartOffset="4217"/>
</LocList>
<RootTerm CovItemId="C11" CovItemPrefix="com.OriginalFiles.MI.java" Intrnl_Id="1346">
<BasicBoolTerm Intrnl_Id="1347">
<LocList>
<Loc EndOffset="4253" SrcFileId="4" StartOffset="4233"/>
</LocList>
</BasicBoolTerm>
</RootTerm>
</LoopStmnt>
<LoopStmnt CovItemId="S66" CovItemPrefix="com.OriginalFiles.MI.java" Intrnl_Id="1348" MltplExecId="L6-2" MltplExecPrefix="com.OriginalFiles.MI.java" NvrExecId="L6-0" NvrExecPrefix="com.OriginalFiles.MI.java" OnceExecutedId="L6-1" OnceExecutedPrefix="com.OriginalFiles.MI.java" OptBodyExec="true">
<StmntSeq Intrnl_Id="1349">
<LocList>
<Loc EndOffset="4591" SrcFileId="4" StartOffset="4477"/>
</LocList>
<BasicStmnt CovItemId="S67" CovItemPrefix="com.OriginalFiles.MI.java" Intrnl_Id="1350">
<LocList>
<Loc EndOffset="4591" SrcFileId="4" StartOffset="4477"/>
</LocList>
</BasicStmnt>
</StmntSeq>
<Keyword EndOffset="4422" SrcFileId="4" StartOffset="4419"/>
<LocList>
<Loc EndOffset="4602" SrcFileId="4" StartOffset="4419"/>
</LocList>
<RootTerm CovItemId="C12" CovItemPrefix="com.OriginalFiles.MI.java" Intrnl_Id="1351">
<BasicBoolTerm Intrnl_Id="1352">
<LocList>
<Loc EndOffset="4455" SrcFileId="4" StartOffset="4435"/>
</LocList>
</BasicBoolTerm>
</RootTerm>
</LoopStmnt>
<BasicStmnt CovItemId="S68" CovItemPrefix="com.OriginalFiles.MI.java" Intrnl_Id="1353">
<LocList>
<Loc EndOffset="4645" SrcFileId="4" StartOffset="4614"/>
</LocList>
</BasicStmnt>
<CondStmnt CovItemId="S69" CovItemPrefix="com.OriginalFiles.MI.java" Intrnl_Id="1354">
<Branch CovItemId="B21" CovItemPrefix="com.OriginalFiles.MI.java" Implct="false" Intrnl_Id="1355">
<Cond>
<Loc EndOffset="4764" SrcFileId="4" StartOffset="4758"/>
</Cond>
<LocList>
<Loc EndOffset="4825" SrcFileId="4" StartOffset="4779"/>
</LocList>
<StmntSeq Intrnl_Id="1356">
<LocList>
<Loc EndOffset="4805" SrcFileId="4" StartOffset="4779"/>
<Loc EndOffset="4825" SrcFileId="4" StartOffset="4819"/>
</LocList>
<BasicStmnt CovItemId="S70" CovItemPrefix="com.OriginalFiles.MI.java" Intrnl_Id="1357">
<LocList>
<Loc EndOffset="4805" SrcFileId="4" StartOffset="4779"/>
</LocList>
</BasicStmnt>
<BasicStmnt CovItemId="S71" CovItemPrefix="com.OriginalFiles.MI.java" Intrnl_Id="1358">
<LocList>
<Loc EndOffset="4825" SrcFileId="4" StartOffset="4819"/>
</LocList>
</BasicStmnt>
</StmntSeq>
</Branch>
<Branch CovItemId="B22" CovItemPrefix="com.OriginalFiles.MI.java" Implct="false" Intrnl_Id="1359">
<Cond>
<Loc EndOffset="4841" SrcFileId="4" StartOffset="4835"/>
</Cond>
<LocList>
<Loc EndOffset="4902" SrcFileId="4" StartOffset="4856"/>
</LocList>
<StmntSeq Intrnl_Id="1360">
<LocList>
<Loc EndOffset="4882" SrcFileId="4" StartOffset="4856"/>
<Loc EndOffset="4902" SrcFileId="4" StartOffset="4896"/>
</LocList>
<BasicStmnt CovItemId="S72" CovItemPrefix="com.OriginalFiles.MI.java" Intrnl_Id="1361">
<LocList>
<Loc EndOffset="4882" SrcFileId="4" StartOffset="4856"/>
</LocList>
</BasicStmnt>
<BasicStmnt CovItemId="S73" CovItemPrefix="com.OriginalFiles.MI.java" Intrnl_Id="1362">
<LocList>
<Loc EndOffset="4902" SrcFileId="4" StartOffset="4896"/>
</LocList>
</BasicStmnt>
</StmntSeq>
</Branch>
<Branch CovItemId="B23" CovItemPrefix="com.OriginalFiles.MI.java" Implct="false" Intrnl_Id="1363">
<Cond>
<Loc EndOffset="4918" SrcFileId="4" StartOffset="4912"/>
</Cond>
<LocList>
<Loc EndOffset="5171" SrcFileId="4" StartOffset="4933"/>
</LocList>
<StmntSeq Intrnl_Id="1364">
<LocList>
<Loc EndOffset="5151" SrcFileId="4" StartOffset="4933"/>
<Loc EndOffset="5171" SrcFileId="4" StartOffset="5165"/>
</LocList>
<CondStmnt CovItemId="S74" CovItemPrefix="com.OriginalFiles.MI.java" Intrnl_Id="1365">
<Branch CovItemId="B24" CovItemPrefix="com.OriginalFiles.MI.java" Implct="false" Intrnl_Id="1366">
<Cond/>
<LocList>
<Loc EndOffset="5039" SrcFileId="4" StartOffset="4978"/>
</LocList>
<StmntSeq Intrnl_Id="1367">
<LocList>
<Loc EndOffset="5024" SrcFileId="4" StartOffset="4997"/>
</LocList>
<BasicStmnt CovItemId="S75" CovItemPrefix="com.OriginalFiles.MI.java" Intrnl_Id="1368">
<LocList>
<Loc EndOffset="5024" SrcFileId="4" StartOffset="4997"/>
</LocList>
</BasicStmnt>
</StmntSeq>
</Branch>
<Branch CovItemId="B25" CovItemPrefix="com.OriginalFiles.MI.java" Implct="false" Intrnl_Id="1369">
<Cond>
<Loc EndOffset="5044" SrcFileId="4" StartOffset="5040"/>
</Cond>
<LocList>
<Loc EndOffset="5151" SrcFileId="4" StartOffset="5045"/>
</LocList>
<StmntSeq Intrnl_Id="1370">
<LocList>
<Loc EndOffset="5151" SrcFileId="4" StartOffset="5045"/>
</LocList>
<CondStmnt CovItemId="S76" CovItemPrefix="com.OriginalFiles.MI.java" Intrnl_Id="1371">
<Branch CovItemId="B26" CovItemPrefix="com.OriginalFiles.MI.java" Implct="false" Intrnl_Id="1372">
<Cond/>
<LocList>
<Loc EndOffset="5151" SrcFileId="4" StartOffset="5090"/>
</LocList>
<StmntSeq Intrnl_Id="1373">
<LocList>
<Loc EndOffset="5136" SrcFileId="4" StartOffset="5109"/>
</LocList>
<BasicStmnt CovItemId="S77" CovItemPrefix="com.OriginalFiles.MI.java" Intrnl_Id="1374">
<LocList>
<Loc EndOffset="5136" SrcFileId="4" StartOffset="5109"/>
</LocList>
</BasicStmnt>
</StmntSeq>
</Branch>
<Branch CovItemId="B27" CovItemPrefix="com.OriginalFiles.MI.java" Implct="true" Intrnl_Id="1375">
<Cond/>
<LocList/>
<StmntSeq Intrnl_Id="1376">
<LocList/>
</StmntSeq>
</Branch>
<Keyword EndOffset="5047" SrcFileId="4" StartOffset="5045"/>
<LocList>
<Loc EndOffset="5151" SrcFileId="4" StartOffset="5045"/>
</LocList>
<RootTerm CovItemId="C14" CovItemPrefix="com.OriginalFiles.MI.java" Intrnl_Id="1377">
<BasicBoolTerm Intrnl_Id="1378">
<LocList>
<Loc EndOffset="5088" SrcFileId="4" StartOffset="5049"/>
</LocList>
</BasicBoolTerm>
</RootTerm>
</CondStmnt>
</StmntSeq>
</Branch>
<Keyword EndOffset="4935" SrcFileId="4" StartOffset="4933"/>
<LocList>
<Loc EndOffset="5151" SrcFileId="4" StartOffset="4933"/>
</LocList>
<RootTerm CovItemId="C13" CovItemPrefix="com.OriginalFiles.MI.java" Intrnl_Id="1379">
<BasicBoolTerm Intrnl_Id="1380">
<LocList>
<Loc EndOffset="4976" SrcFileId="4" StartOffset="4937"/>
</LocList>
</BasicBoolTerm>
</RootTerm>
</CondStmnt>
<BasicStmnt CovItemId="S78" CovItemPrefix="com.OriginalFiles.MI.java" Intrnl_Id="1381">
<LocList>
<Loc EndOffset="5171" SrcFileId="4" StartOffset="5165"/>
</LocList>
</BasicStmnt>
</StmntSeq>
</Branch>
<Branch CovItemId="B28" CovItemPrefix="com.OriginalFiles.MI.java" Implct="false" Intrnl_Id="1382">
<Cond>
<Loc EndOffset="5188" SrcFileId="4" StartOffset="5181"/>
</Cond>
<LocList>
<Loc EndOffset="5362" SrcFileId="4" StartOffset="5203"/>
</LocList>
<StmntSeq Intrnl_Id="1383">
<LocList>
<Loc EndOffset="5342" SrcFileId="4" StartOffset="5203"/>
<Loc EndOffset="5362" SrcFileId="4" StartOffset="5356"/>
</LocList>
<BasicStmnt CovItemId="S79" CovItemPrefix="com.OriginalFiles.MI.java" Intrnl_Id="1384">
<LocList>
<Loc EndOffset="5342" SrcFileId="4" StartOffset="5203"/>
</LocList>
</BasicStmnt>
<BasicStmnt CovItemId="S80" CovItemPrefix="com.OriginalFiles.MI.java" Intrnl_Id="1385">
<LocList>
<Loc EndOffset="5362" SrcFileId="4" StartOffset="5356"/>
</LocList>
</BasicStmnt>
</StmntSeq>
</Branch>
<Keyword EndOffset="4663" SrcFileId="4" StartOffset="4657"/>
<LocList>
<Loc EndOffset="5373" SrcFileId="4" StartOffset="4657"/>
</LocList>
</CondStmnt>
<BasicStmnt CovItemId="S81" CovItemPrefix="com.OriginalFiles.MI.java" Intrnl_Id="1386">
<LocList>
<Loc EndOffset="5405" SrcFileId="4" StartOffset="5385"/>
</LocList>
</BasicStmnt>
</StmntSeq>
</HierarchyLvl>
<HierarchyLvl HierarchyLvlId="37" HierarchyLvlTypeId="14" Intrnl_Id="1387" Name="gameState">
<Header>
<Loc EndOffset="5443" SrcFileId="4" StartOffset="5420"/>
</Header>
<LocList>
<Loc EndOffset="5591" SrcFileId="4" StartOffset="5420"/>
</LocList>
<StmntSeq Intrnl_Id="1388">
<LocList>
<Loc EndOffset="5557" SrcFileId="4" StartOffset="5455"/>
<Loc EndOffset="5584" SrcFileId="4" StartOffset="5567"/>
</LocList>
<CondStmnt CovItemId="S82" CovItemPrefix="com.OriginalFiles.MI.java" Intrnl_Id="1389">
<Branch CovItemId="B29" CovItemPrefix="com.OriginalFiles.MI.java" Implct="false" Intrnl_Id="1390">
<Cond/>
<LocList>
<Loc EndOffset="5557" SrcFileId="4" StartOffset="5514"/>
</LocList>
<StmntSeq Intrnl_Id="1391">
<LocList>
<Loc EndOffset="5546" SrcFileId="4" StartOffset="5529"/>
</LocList>
<BasicStmnt CovItemId="S83" CovItemPrefix="com.OriginalFiles.MI.java" Intrnl_Id="1392">
<LocList>
<Loc EndOffset="5546" SrcFileId="4" StartOffset="5529"/>
</LocList>
</BasicStmnt>
</StmntSeq>
</Branch>
<Branch CovItemId="B30" CovItemPrefix="com.OriginalFiles.MI.java" Implct="true" Intrnl_Id="1393">
<Cond/>
<LocList/>
<StmntSeq Intrnl_Id="1394">
<LocList/>
</StmntSeq>
</Branch>
<Keyword EndOffset="5457" SrcFileId="4" StartOffset="5455"/>
<LocList>
<Loc EndOffset="5557" SrcFileId="4" StartOffset="5455"/>
</LocList>
<RootTerm CovItemId="C15" CovItemPrefix="com.OriginalFiles.MI.java" Intrnl_Id="1395">
<BasicBoolTerm Intrnl_Id="1396">
<LocList>
<Loc EndOffset="5512" SrcFileId="4" StartOffset="5459"/>
</LocList>
</BasicBoolTerm>
</RootTerm>
</CondStmnt>
<BasicStmnt CovItemId="S84" CovItemPrefix="com.OriginalFiles.MI.java" Intrnl_Id="1397">
<LocList>
<Loc EndOffset="5584" SrcFileId="4" StartOffset="5567"/>
</LocList>
</BasicStmnt>
</StmntSeq>
</HierarchyLvl>
<HierarchyLvl HierarchyLvlId="38" HierarchyLvlTypeId="14" Intrnl_Id="1398" Name="max">
<Header>
<Loc EndOffset="5637" SrcFileId="4" StartOffset="5599"/>
</Header>
<LocList>
<Loc EndOffset="5721" SrcFileId="4" StartOffset="5599"/>
</LocList>
<StmntSeq Intrnl_Id="1399">
<LocList>
<Loc EndOffset="5695" SrcFileId="4" StartOffset="5649"/>
<Loc EndOffset="5714" SrcFileId="4" StartOffset="5705"/>
</LocList>
<CondStmnt CovItemId="S85" CovItemPrefix="com.OriginalFiles.MI.java" Intrnl_Id="1400">
<Branch CovItemId="B31" CovItemPrefix="com.OriginalFiles.MI.java" Implct="false" Intrnl_Id="1401">
<Cond/>
<LocList>
<Loc EndOffset="5695" SrcFileId="4" StartOffset="5660"/>
</LocList>
<StmntSeq Intrnl_Id="1402">
<LocList>
<Loc EndOffset="5684" SrcFileId="4" StartOffset="5675"/>
</LocList>
<BasicStmnt CovItemId="S86" CovItemPrefix="com.OriginalFiles.MI.java" Intrnl_Id="1403">
<LocList>
<Loc EndOffset="5684" SrcFileId="4" StartOffset="5675"/>
</LocList>
</BasicStmnt>
</StmntSeq>
</Branch>
<Branch CovItemId="B32" CovItemPrefix="com.OriginalFiles.MI.java" Implct="true" Intrnl_Id="1404">
<Cond/>
<LocList/>
<StmntSeq Intrnl_Id="1405">
<LocList/>
</StmntSeq>
</Branch>
<Keyword EndOffset="5651" SrcFileId="4" StartOffset="5649"/>
<LocList>
<Loc EndOffset="5695" SrcFileId="4" StartOffset="5649"/>
</LocList>
<RootTerm CovItemId="C16" CovItemPrefix="com.OriginalFiles.MI.java" Intrnl_Id="1406">
<BasicBoolTerm Intrnl_Id="1407">
<LocList>
<Loc EndOffset="5658" SrcFileId="4" StartOffset="5653"/>
</LocList>
</BasicBoolTerm>
</RootTerm>
</CondStmnt>
<BasicStmnt CovItemId="S87" CovItemPrefix="com.OriginalFiles.MI.java" Intrnl_Id="1408">
<LocList>
<Loc EndOffset="5714" SrcFileId="4" StartOffset="5705"/>
</LocList>
</BasicStmnt>
</StmntSeq>
</HierarchyLvl>
<HierarchyLvl HierarchyLvlId="39" HierarchyLvlTypeId="14" Intrnl_Id="1409" Name="simulateMove">
<Header>
<Loc EndOffset="5902" SrcFileId="4" StartOffset="5835"/>
</Header>
<LocList>
<Loc EndOffset="7093" SrcFileId="4" StartOffset="5835"/>
</LocList>
<StmntSeq Intrnl_Id="1410">
<LocList>
<Loc EndOffset="7086" SrcFileId="4" StartOffset="5914"/>
</LocList>
<CondStmnt CovItemId="S88" CovItemPrefix="com.OriginalFiles.MI.java" Intrnl_Id="1411">
<Branch CovItemId="B33" CovItemPrefix="com.OriginalFiles.MI.java" Implct="false" Intrnl_Id="1412">
<Cond/>
<LocList>
<Loc EndOffset="7086" SrcFileId="4" StartOffset="5942"/>
</LocList>
<StmntSeq Intrnl_Id="1413">
<LocList>
<Loc EndOffset="5990" SrcFileId="4" StartOffset="5957"/>
<Loc EndOffset="7036" SrcFileId="4" StartOffset="6004"/>
<Loc EndOffset="7075" SrcFileId="4" StartOffset="7050"/>
</LocList>
<BasicStmnt CovItemId="S89" CovItemPrefix="com.OriginalFiles.MI.java" Intrnl_Id="1414">
<LocList>
<Loc EndOffset="5990" SrcFileId="4" StartOffset="5957"/>
</LocList>
</BasicStmnt>
<LoopStmnt CovItemId="S90" CovItemPrefix="com.OriginalFiles.MI.java" Intrnl_Id="1415" MltplExecId="L7-2" MltplExecPrefix="com.OriginalFiles.MI.java" NvrExecId="L7-0" NvrExecPrefix="com.OriginalFiles.MI.java" OnceExecutedId="L7-1" OnceExecutedPrefix="com.OriginalFiles.MI.java" OptBodyExec="true">
<StmntSeq Intrnl_Id="1416">
<LocList>
<Loc EndOffset="6085" SrcFileId="4" StartOffset="6054"/>
<Loc EndOffset="6136" SrcFileId="4" StartOffset="6103"/>
<Loc EndOffset="6915" SrcFileId="4" StartOffset="6156"/>
<Loc EndOffset="7021" SrcFileId="4" StartOffset="6933"/>
</LocList>
<BasicStmnt CovItemId="S91" CovItemPrefix="com.OriginalFiles.MI.java" Intrnl_Id="1417">
<LocList>
<Loc EndOffset="6085" SrcFileId="4" StartOffset="6054"/>
</LocList>
</BasicStmnt>
<BasicStmnt CovItemId="S92" CovItemPrefix="com.OriginalFiles.MI.java" Intrnl_Id="1418">
<LocList>
<Loc EndOffset="6136" SrcFileId="4" StartOffset="6103"/>
</LocList>
</BasicStmnt>
<CondStmnt CovItemId="S93" CovItemPrefix="com.OriginalFiles.MI.java" Intrnl_Id="1419">
<Branch CovItemId="B35" CovItemPrefix="com.OriginalFiles.MI.java" Implct="false" Intrnl_Id="1420">
<Cond/>
<LocList>
<Loc EndOffset="6915" SrcFileId="4" StartOffset="6190"/>
</LocList>
<StmntSeq Intrnl_Id="1421">
<LocList>
<Loc EndOffset="6384" SrcFileId="4" StartOffset="6213"/>
<Loc EndOffset="6663" SrcFileId="4" StartOffset="6406"/>
<Loc EndOffset="6718" SrcFileId="4" StartOffset="6685"/>
<Loc EndOffset="6896" SrcFileId="4" StartOffset="6740"/>
</LocList>
<BasicStmnt CovItemId="S94" CovItemPrefix="com.OriginalFiles.MI.java" Intrnl_Id="1422">
<LocList>
<Loc EndOffset="6384" SrcFileId="4" StartOffset="6213"/>
</LocList>
</BasicStmnt>
<CondStmnt CovItemId="S95" CovItemPrefix="com.OriginalFiles.MI.java" Intrnl_Id="1423">
<Branch CovItemId="B37" CovItemPrefix="com.OriginalFiles.MI.java" Implct="false" Intrnl_Id="1424">
<Cond/>
<LocList>
<Loc EndOffset="6578" SrcFileId="4" StartOffset="6499"/>
</LocList>
<StmntSeq Intrnl_Id="1425">
<LocList>
<Loc EndOffset="6555" SrcFileId="4" StartOffset="6526"/>
</LocList>
<BasicStmnt CovItemId="S96" CovItemPrefix="com.OriginalFiles.MI.java" Intrnl_Id="1426">
<LocList>
<Loc EndOffset="6555" SrcFileId="4" StartOffset="6526"/>
</LocList>
</BasicStmnt>
</StmntSeq>
</Branch>
<Branch CovItemId="B38" CovItemPrefix="com.OriginalFiles.MI.java" Implct="false" Intrnl_Id="1427">
<Cond>
<Loc EndOffset="6583" SrcFileId="4" StartOffset="6579"/>
</Cond>
<LocList>
<Loc EndOffset="6663" SrcFileId="4" StartOffset="6584"/>
</LocList>
<StmntSeq Intrnl_Id="1428">
<LocList>
<Loc EndOffset="6640" SrcFileId="4" StartOffset="6611"/>
</LocList>
<BasicStmnt CovItemId="S97" CovItemPrefix="com.OriginalFiles.MI.java" Intrnl_Id="1429">
<LocList>
<Loc EndOffset="6640" SrcFileId="4" StartOffset="6611"/>
</LocList>
</BasicStmnt>
</StmntSeq>
</Branch>
<Keyword EndOffset="6408" SrcFileId="4" StartOffset="6406"/>
<LocList>
<Loc EndOffset="6663" SrcFileId="4" StartOffset="6406"/>
</LocList>
<RootTerm CovItemId="C20" CovItemPrefix="com.OriginalFiles.MI.java" Intrnl_Id="1430">
<BasicBoolTerm Intrnl_Id="1431">
<LocList>
<Loc EndOffset="6497" SrcFileId="4" StartOffset="6410"/>
</LocList>
</BasicBoolTerm>
</RootTerm>
</CondStmnt>
<BasicStmnt CovItemId="S98" CovItemPrefix="com.OriginalFiles.MI.java" Intrnl_Id="1432">
<LocList>
<Loc EndOffset="6718" SrcFileId="4" StartOffset="6685"/>
</LocList>
</BasicStmnt>
<BasicStmnt CovItemId="S99" CovItemPrefix="com.OriginalFiles.MI.java" Intrnl_Id="1433">
<LocList>
<Loc EndOffset="6896" SrcFileId="4" StartOffset="6740"/>
</LocList>
</BasicStmnt>
</StmntSeq>
</Branch>
<Branch CovItemId="B36" CovItemPrefix="com.OriginalFiles.MI.java" Implct="true" Intrnl_Id="1434">
<Cond/>
<LocList/>
<StmntSeq Intrnl_Id="1435">
<LocList/>
</StmntSeq>
</Branch>
<Keyword EndOffset="6158" SrcFileId="4" StartOffset="6156"/>
<LocList>
<Loc EndOffset="6915" SrcFileId="4" StartOffset="6156"/>
</LocList>
<RootTerm CovItemId="C19" CovItemPrefix="com.OriginalFiles.MI.java" Intrnl_Id="1436">
<BasicBoolTerm Intrnl_Id="1437">
<LocList>
<Loc EndOffset="6188" SrcFileId="4" StartOffset="6160"/>
</LocList>
</BasicBoolTerm>
</RootTerm>
</CondStmnt>
<BasicStmnt CovItemId="S100" CovItemPrefix="com.OriginalFiles.MI.java" Intrnl_Id="1438">
<LocList>
<Loc EndOffset="7021" SrcFileId="4" StartOffset="6933"/>
</LocList>
</BasicStmnt>
</StmntSeq>
<Keyword EndOffset="6007" SrcFileId="4" StartOffset="6004"/>
<LocList>
<Loc EndOffset="7036" SrcFileId="4" StartOffset="6004"/>
</LocList>
<RootTerm CovItemId="C18" CovItemPrefix="com.OriginalFiles.MI.java" Intrnl_Id="1439">
<BasicBoolTerm Intrnl_Id="1440">
<LocList>
<Loc EndOffset="6028" SrcFileId="4" StartOffset="6020"/>
</LocList>
</BasicBoolTerm>
</RootTerm>
</LoopStmnt>
<BasicStmnt CovItemId="S101" CovItemPrefix="com.OriginalFiles.MI.java" Intrnl_Id="1441">
<LocList>
<Loc EndOffset="7075" SrcFileId="4" StartOffset="7050"/>
</LocList>
</BasicStmnt>
</StmntSeq>
</Branch>
<Branch CovItemId="B34" CovItemPrefix="com.OriginalFiles.MI.java" Implct="true" Intrnl_Id="1442">
<Cond/>
<LocList/>
<StmntSeq Intrnl_Id="1443">
<LocList/>
</StmntSeq>
</Branch>
<Keyword EndOffset="5916" SrcFileId="4" StartOffset="5914"/>
<LocList>
<Loc EndOffset="7086" SrcFileId="4" StartOffset="5914"/>
</LocList>
<RootTerm CovItemId="C17" CovItemPrefix="com.OriginalFiles.MI.java" Intrnl_Id="1444">
<BasicBoolTerm Intrnl_Id="1445">
<LocList>
<Loc EndOffset="5940" SrcFileId="4" StartOffset="5918"/>
</LocList>
</BasicBoolTerm>
</RootTerm>
</CondStmnt>
</StmntSeq>
</HierarchyLvl>
<HierarchyLvl HierarchyLvlId="40" HierarchyLvlTypeId="14" Intrnl_Id="1446" Name="revertMove">
<Header>
<Loc EndOffset="7157" SrcFileId="4" StartOffset="7101"/>
</Header>
<LocList>
<Loc EndOffset="9073" SrcFileId="4" StartOffset="7101"/>
</LocList>
<StmntSeq Intrnl_Id="1447">
<LocList>
<Loc EndOffset="9066" SrcFileId="4" StartOffset="7171"/>
</LocList>
<CondStmnt CovItemId="S102" CovItemPrefix="com.OriginalFiles.MI.java" Intrnl_Id="1448">
<Branch CovItemId="B39" CovItemPrefix="com.OriginalFiles.MI.java" Implct="false" Intrnl_Id="1449">
<Cond/>
<LocList>
<Loc EndOffset="9066" SrcFileId="4" StartOffset="7203"/>
</LocList>
<StmntSeq Intrnl_Id="1450">
<LocList>
<Loc EndOffset="7276" SrcFileId="4" StartOffset="7218"/>
<Loc EndOffset="7339" SrcFileId="4" StartOffset="7290"/>
<Loc EndOffset="7388" SrcFileId="4" StartOffset="7355"/>
<Loc EndOffset="7424" SrcFileId="4" StartOffset="7402"/>
<Loc EndOffset="8508" SrcFileId="4" StartOffset="7440"/>
<Loc EndOffset="8555" SrcFileId="4" StartOffset="8524"/>
<Loc EndOffset="9055" SrcFileId="4" StartOffset="8571"/>
</LocList>
<BasicStmnt CovItemId="S103" CovItemPrefix="com.OriginalFiles.MI.java" Intrnl_Id="1451">
<LocList>
<Loc EndOffset="7276" SrcFileId="4" StartOffset="7218"/>
</LocList>
</BasicStmnt>
<BasicStmnt CovItemId="S104" CovItemPrefix="com.OriginalFiles.MI.java" Intrnl_Id="1452">
<LocList>
<Loc EndOffset="7339" SrcFileId="4" StartOffset="7290"/>
</LocList>
</BasicStmnt>
<BasicStmnt CovItemId="S105" CovItemPrefix="com.OriginalFiles.MI.java" Intrnl_Id="1453">
<LocList>
<Loc EndOffset="7388" SrcFileId="4" StartOffset="7355"/>
</LocList>
</BasicStmnt>
<BasicStmnt CovItemId="S106" CovItemPrefix="com.OriginalFiles.MI.java" Intrnl_Id="1454">
<LocList>
<Loc EndOffset="7424" SrcFileId="4" StartOffset="7402"/>
</LocList>
</BasicStmnt>
<LoopStmnt CovItemId="S107" CovItemPrefix="com.OriginalFiles.MI.java" Intrnl_Id="1455" MltplExecId="L8-2" MltplExecPrefix="com.OriginalFiles.MI.java" NvrExecId="L8-0" NvrExecPrefix="com.OriginalFiles.MI.java" OnceExecutedId="L8-1" OnceExecutedPrefix="com.OriginalFiles.MI.java" OptBodyExec="true">
<StmntSeq Intrnl_Id="1456">
<LocList>
<Loc EndOffset="7520" SrcFileId="4" StartOffset="7491"/>
<Loc EndOffset="8360" SrcFileId="4" StartOffset="7538"/>
<Loc EndOffset="8493" SrcFileId="4" StartOffset="8378"/>
</LocList>
<BasicStmnt CovItemId="S108" CovItemPrefix="com.OriginalFiles.MI.java" Intrnl_Id="1457">
<LocList>
<Loc EndOffset="7520" SrcFileId="4" StartOffset="7491"/>
</LocList>
</BasicStmnt>
<CondStmnt CovItemId="S109" CovItemPrefix="com.OriginalFiles.MI.java" Intrnl_Id="1458">
<Branch CovItemId="B41" CovItemPrefix="com.OriginalFiles.MI.java" Implct="false" Intrnl_Id="1459">
<Cond/>
<LocList>
<Loc EndOffset="8360" SrcFileId="4" StartOffset="7563"/>
</LocList>
<StmntSeq Intrnl_Id="1460">
<LocList>
<Loc EndOffset="8341" SrcFileId="4" StartOffset="7586"/>
</LocList>
<CondStmnt CovItemId="S110" CovItemPrefix="com.OriginalFiles.MI.java" Intrnl_Id="1461">
<Branch CovItemId="B43" CovItemPrefix="com.OriginalFiles.MI.java" Implct="false" Intrnl_Id="1462">
<Cond/>
<LocList>
<Loc EndOffset="8341" SrcFileId="4" StartOffset="7680"/>
</LocList>
<StmntSeq Intrnl_Id="1463">
<LocList>
<Loc EndOffset="8247" SrcFileId="4" StartOffset="7707"/>
<Loc EndOffset="8318" SrcFileId="4" StartOffset="8273"/>
</LocList>
<CondStmnt CovItemId="S111" CovItemPrefix="com.OriginalFiles.MI.java" Intrnl_Id="1464">
<Branch CovItemId="B45" CovItemPrefix="com.OriginalFiles.MI.java" Implct="false" Intrnl_Id="1465">
<Cond/>
<LocList>
<Loc EndOffset="7976" SrcFileId="4" StartOffset="7802"/>
</LocList>
<StmntSeq Intrnl_Id="1466">
<LocList>
<Loc EndOffset="7949" SrcFileId="4" StartOffset="7833"/>
</LocList>
<BasicStmnt CovItemId="S112" CovItemPrefix="com.OriginalFiles.MI.java" Intrnl_Id="1467">
<LocList>
<Loc EndOffset="7949" SrcFileId="4" StartOffset="7833"/>
</LocList>
</BasicStmnt>
</StmntSeq>
</Branch>
<Branch CovItemId="B46" CovItemPrefix="com.OriginalFiles.MI.java" Implct="false" Intrnl_Id="1468">
<Cond>
<Loc EndOffset="7981" SrcFileId="4" StartOffset="7977"/>
</Cond>
<LocList>
<Loc EndOffset="8247" SrcFileId="4" StartOffset="7982"/>
</LocList>
<StmntSeq Intrnl_Id="1469">
<LocList>
<Loc EndOffset="8247" SrcFileId="4" StartOffset="7982"/>
</LocList>
<CondStmnt CovItemId="S113" CovItemPrefix="com.OriginalFiles.MI.java" Intrnl_Id="1470">
<Branch CovItemId="B47" CovItemPrefix="com.OriginalFiles.MI.java" Implct="false" Intrnl_Id="1471">
<Cond/>
<LocList>
<Loc EndOffset="8247" SrcFileId="4" StartOffset="8078"/>
</LocList>
<StmntSeq Intrnl_Id="1472">
<LocList>
<Loc EndOffset="8220" SrcFileId="4" StartOffset="8109"/>
</LocList>
<BasicStmnt CovItemId="S114" CovItemPrefix="com.OriginalFiles.MI.java" Intrnl_Id="1473">
<LocList>
<Loc EndOffset="8220" SrcFileId="4" StartOffset="8109"/>
</LocList>
</BasicStmnt>
</StmntSeq>
</Branch>
<Branch CovItemId="B48" CovItemPrefix="com.OriginalFiles.MI.java" Implct="true" Intrnl_Id="1474">
<Cond/>
<LocList/>
<StmntSeq Intrnl_Id="1475">
<LocList/>
</StmntSeq>
</Branch>
<Keyword EndOffset="7984" SrcFileId="4" StartOffset="7982"/>
<LocList>
<Loc EndOffset="8247" SrcFileId="4" StartOffset="7982"/>
</LocList>
<RootTerm CovItemId="C26" CovItemPrefix="com.OriginalFiles.MI.java" Intrnl_Id="1476">
<BasicBoolTerm Intrnl_Id="1477">
<LocList>
<Loc EndOffset="8076" SrcFileId="4" StartOffset="7986"/>
</LocList>
</BasicBoolTerm>
</RootTerm>
</CondStmnt>
</StmntSeq>
</Branch>
<Keyword EndOffset="7709" SrcFileId="4" StartOffset="7707"/>
<LocList>
<Loc EndOffset="8247" SrcFileId="4" StartOffset="7707"/>
</LocList>
<RootTerm CovItemId="C25" CovItemPrefix="com.OriginalFiles.MI.java" Intrnl_Id="1478">
<BasicBoolTerm Intrnl_Id="1479">
<LocList>
<Loc EndOffset="7800" SrcFileId="4" StartOffset="7711"/>
</LocList>
</BasicBoolTerm>
</RootTerm>
</CondStmnt>
<BasicStmnt CovItemId="S115" CovItemPrefix="com.OriginalFiles.MI.java" Intrnl_Id="1480">
<LocList>
<Loc EndOffset="8318" SrcFileId="4" StartOffset="8273"/>
</LocList>
</BasicStmnt>
</StmntSeq>
</Branch>
<Branch CovItemId="B44" CovItemPrefix="com.OriginalFiles.MI.java" Implct="true" Intrnl_Id="1481">
<Cond/>
<LocList/>
<StmntSeq Intrnl_Id="1482">
<LocList/>
</StmntSeq>
</Branch>
<Keyword EndOffset="7588" SrcFileId="4" StartOffset="7586"/>
<LocList>
<Loc EndOffset="8341" SrcFileId="4" StartOffset="7586"/>
</LocList>
<RootTerm CovItemId="C24" CovItemPrefix="com.OriginalFiles.MI.java" Intrnl_Id="1483">
<OpTerm BooleanOpId="10" Intrnl_Id="1484">
<BasicBoolTerm Intrnl_Id="1485">
<LocList>
<Loc EndOffset="7626" SrcFileId="4" StartOffset="7590"/>
</LocList>
</BasicBoolTerm>
<OpTerm BooleanOpId="9" Intrnl_Id="1486">
<BasicBoolTerm Intrnl_Id="1487">
<LocList>
<Loc EndOffset="7678" SrcFileId="4" StartOffset="7660"/>
</LocList>
</BasicBoolTerm>
<LocList>
<Loc EndOffset="7660" SrcFileId="4" StartOffset="7659"/>
</LocList>
</OpTerm>
<LocList>
<Loc EndOffset="7658" SrcFileId="4" StartOffset="7656"/>
</LocList>
</OpTerm>
</RootTerm>
</CondStmnt>
</StmntSeq>
</Branch>
<Branch CovItemId="B42" CovItemPrefix="com.OriginalFiles.MI.java" Implct="true" Intrnl_Id="1488">
<Cond/>
<LocList/>
<StmntSeq Intrnl_Id="1489">
<LocList/>
</StmntSeq>
</Branch>
<Keyword EndOffset="7540" SrcFileId="4" StartOffset="7538"/>
<LocList>
<Loc EndOffset="8360" SrcFileId="4" StartOffset="7538"/>
</LocList>
<RootTerm CovItemId="C23" CovItemPrefix="com.OriginalFiles.MI.java" Intrnl_Id="1490">
<OpTerm BooleanOpId="9" Intrnl_Id="1491">
<BasicBoolTerm Intrnl_Id="1492">
<LocList>
<Loc EndOffset="7561" SrcFileId="4" StartOffset="7543"/>
</LocList>
</BasicBoolTerm>
<LocList>
<Loc EndOffset="7543" SrcFileId="4" StartOffset="7542"/>
</LocList>
</OpTerm>
</RootTerm>
</CondStmnt>
<BasicStmnt CovItemId="S116" CovItemPrefix="com.OriginalFiles.MI.java" Intrnl_Id="1493">
<LocList>
<Loc EndOffset="8493" SrcFileId="4" StartOffset="8378"/>
</LocList>
</BasicStmnt>
</StmntSeq>
<Keyword EndOffset="7443" SrcFileId="4" StartOffset="7440"/>
<LocList>
<Loc EndOffset="8508" SrcFileId="4" StartOffset="7440"/>
</LocList>
<RootTerm CovItemId="C22" CovItemPrefix="com.OriginalFiles.MI.java" Intrnl_Id="1494">
<BasicBoolTerm Intrnl_Id="1495">
<LocList>
<Loc EndOffset="7465" SrcFileId="4" StartOffset="7459"/>
</LocList>
</BasicBoolTerm>
</RootTerm>
</LoopStmnt>
<BasicStmnt CovItemId="S117" CovItemPrefix="com.OriginalFiles.MI.java" Intrnl_Id="1496">
<LocList>
<Loc EndOffset="8555" SrcFileId="4" StartOffset="8524"/>
</LocList>
</BasicStmnt>
<LoopStmnt CovItemId="S118" CovItemPrefix="com.OriginalFiles.MI.java" Intrnl_Id="1497" MltplExecId="L9-2" MltplExecPrefix="com.OriginalFiles.MI.java" NvrExecId="L9-0" NvrExecPrefix="com.OriginalFiles.MI.java" OnceExecutedId="L9-1" OnceExecutedPrefix="com.OriginalFiles.MI.java" OptBodyExec="true">
<StmntSeq Intrnl_Id="1498">
<LocList>
<Loc EndOffset="8663" SrcFileId="4" StartOffset="8621"/>
<Loc EndOffset="8883" SrcFileId="4" StartOffset="8681"/>
<Loc EndOffset="9040" SrcFileId="4" StartOffset="8901"/>
</LocList>
<BasicStmnt CovItemId="S119" CovItemPrefix="com.OriginalFiles.MI.java" Intrnl_Id="1499">
<LocList>
<Loc EndOffset="8663" SrcFileId="4" StartOffset="8621"/>
</LocList>
</BasicStmnt>
<CondStmnt CovItemId="S120" CovItemPrefix="com.OriginalFiles.MI.java" Intrnl_Id="1500">
<Branch CovItemId="B49" CovItemPrefix="com.OriginalFiles.MI.java" Implct="false" Intrnl_Id="1501">
<Cond/>
<LocList>
<Loc EndOffset="8810" SrcFileId="4" StartOffset="8743"/>
</LocList>
<StmntSeq Intrnl_Id="1502">
<LocList>
<Loc EndOffset="8791" SrcFileId="4" StartOffset="8766"/>
</LocList>
<BasicStmnt CovItemId="S121" CovItemPrefix="com.OriginalFiles.MI.java" Intrnl_Id="1503">
<LocList>
<Loc EndOffset="8791" SrcFileId="4" StartOffset="8766"/>
</LocList>
</BasicStmnt>
</StmntSeq>
</Branch>
<Branch CovItemId="B50" CovItemPrefix="com.OriginalFiles.MI.java" Implct="false" Intrnl_Id="1504">
<Cond>
<Loc EndOffset="8815" SrcFileId="4" StartOffset="8811"/>
</Cond>
<LocList>
<Loc EndOffset="8883" SrcFileId="4" StartOffset="8816"/>
</LocList>
<StmntSeq Intrnl_Id="1505">
<LocList>
<Loc EndOffset="8864" SrcFileId="4" StartOffset="8839"/>
</LocList>
<BasicStmnt CovItemId="S122" CovItemPrefix="com.OriginalFiles.MI.java" Intrnl_Id="1506">
<LocList>
<Loc EndOffset="8864" SrcFileId="4" StartOffset="8839"/>
</LocList>
</BasicStmnt>
</StmntSeq>
</Branch>
<Keyword EndOffset="8683" SrcFileId="4" StartOffset="8681"/>
<LocList>
<Loc EndOffset="8883" SrcFileId="4" StartOffset="8681"/>
</LocList>
<RootTerm CovItemId="C28" CovItemPrefix="com.OriginalFiles.MI.java" Intrnl_Id="1507">
<BasicBoolTerm Intrnl_Id="1508">
<LocList>
<Loc EndOffset="8741" SrcFileId="4" StartOffset="8685"/>
</LocList>
</BasicBoolTerm>
</RootTerm>
</CondStmnt>
<BasicStmnt CovItemId="S123" CovItemPrefix="com.OriginalFiles.MI.java" Intrnl_Id="1509">
<LocList>
<Loc EndOffset="9040" SrcFileId="4" StartOffset="8901"/>
</LocList>
</BasicStmnt>
</StmntSeq>
<Keyword EndOffset="8574" SrcFileId="4" StartOffset="8571"/>
<LocList>
<Loc EndOffset="9055" SrcFileId="4" StartOffset="8571"/>
</LocList>
<RootTerm CovItemId="C27" CovItemPrefix="com.OriginalFiles.MI.java" Intrnl_Id="1510">
<BasicBoolTerm Intrnl_Id="1511">
<LocList>
<Loc EndOffset="8595" SrcFileId="4" StartOffset="8587"/>
</LocList>
</BasicBoolTerm>
</RootTerm>
</LoopStmnt>
</StmntSeq>
</Branch>
<Branch CovItemId="B40" CovItemPrefix="com.OriginalFiles.MI.java" Implct="true" Intrnl_Id="1512">
<Cond/>
<LocList/>
<StmntSeq Intrnl_Id="1513">
<LocList/>
</StmntSeq>
</Branch>
<Keyword EndOffset="7173" SrcFileId="4" StartOffset="7171"/>
<LocList>
<Loc EndOffset="9066" SrcFileId="4" StartOffset="7171"/>
</LocList>
<RootTerm CovItemId="C21" CovItemPrefix="com.OriginalFiles.MI.java" Intrnl_Id="1514">
<BasicBoolTerm Intrnl_Id="1515">
<LocList>
<Loc EndOffset="7201" SrcFileId="4" StartOffset="7175"/>
</LocList>
</BasicBoolTerm>
</RootTerm>
</CondStmnt>
</StmntSeq>
</HierarchyLvl>
<HierarchyLvl HierarchyLvlId="41" HierarchyLvlTypeId="14" Intrnl_Id="1516" Name="possibleMoves">
<Header>
<Loc EndOffset="9233" SrcFileId="4" StartOffset="9110"/>
</Header>
<LocList>
<Loc EndOffset="11483" SrcFileId="4" StartOffset="9110"/>
</LocList>
<StmntSeq Intrnl_Id="1517">
<LocList>
<Loc EndOffset="9294" SrcFileId="4" StartOffset="9245"/>
<Loc EndOffset="9349" SrcFileId="4" StartOffset="9304"/>
<Loc EndOffset="9401" SrcFileId="4" StartOffset="9359"/>
<Loc EndOffset="11337" SrcFileId="4" StartOffset="9411"/>
<Loc EndOffset="11476" SrcFileId="4" StartOffset="11349"/>
</LocList>
<BasicStmnt CovItemId="S124" CovItemPrefix="com.OriginalFiles.MI.java" Intrnl_Id="1518">
<LocList>
<Loc EndOffset="9294" SrcFileId="4" StartOffset="9245"/>
</LocList>
</BasicStmnt>
<BasicStmnt CovItemId="S125" CovItemPrefix="com.OriginalFiles.MI.java" Intrnl_Id="1519">
<LocList>
<Loc EndOffset="9349" SrcFileId="4" StartOffset="9304"/>
</LocList>
</BasicStmnt>
<BasicStmnt CovItemId="S126" CovItemPrefix="com.OriginalFiles.MI.java" Intrnl_Id="1520">
<LocList>
<Loc EndOffset="9401" SrcFileId="4" StartOffset="9359"/>
</LocList>
</BasicStmnt>
<LoopStmnt CovItemId="S127" CovItemPrefix="com.OriginalFiles.MI.java" Intrnl_Id="1521" MltplExecId="L10-2" MltplExecPrefix="com.OriginalFiles.MI.java" NvrExecId="L10-0" NvrExecPrefix="com.OriginalFiles.MI.java" OnceExecutedId="L10-1" OnceExecutedPrefix="com.OriginalFiles.MI.java" OptBodyExec="true">
<StmntSeq Intrnl_Id="1522">
<LocList>
<Loc EndOffset="11326" SrcFileId="4" StartOffset="9476"/>
</LocList>
<LoopStmnt CovItemId="S128" CovItemPrefix="com.OriginalFiles.MI.java" Intrnl_Id="1523" MltplExecId="L11-2" MltplExecPrefix="com.OriginalFiles.MI.java" NvrExecId="L11-0" NvrExecPrefix="com.OriginalFiles.MI.java" OnceExecutedId="L11-1" OnceExecutedPrefix="com.OriginalFiles.MI.java" OptBodyExec="true">
<StmntSeq Intrnl_Id="1524">
<LocList>
<Loc EndOffset="11311" SrcFileId="4" StartOffset="9517"/>
</LocList>
<CondStmnt CovItemId="S129" CovItemPrefix="com.OriginalFiles.MI.java" Intrnl_Id="1525">
<Branch CovItemId="B51" CovItemPrefix="com.OriginalFiles.MI.java" Implct="false" Intrnl_Id="1526">
<Cond/>
<LocList>
<Loc EndOffset="11311" SrcFileId="4" StartOffset="9539"/>
</LocList>
<StmntSeq Intrnl_Id="1527">
<LocList>
<Loc EndOffset="11292" SrcFileId="4" StartOffset="9562"/>
</LocList>
<CondStmnt CovItemId="S130" CovItemPrefix="com.OriginalFiles.MI.java" Intrnl_Id="1528">
<Branch CovItemId="B53" CovItemPrefix="com.OriginalFiles.MI.java" Implct="false" Intrnl_Id="1529">
<Cond/>
<LocList>
<Loc EndOffset="11292" SrcFileId="4" StartOffset="9730"/>
</LocList>
<StmntSeq Intrnl_Id="1530">
<LocList>
<Loc EndOffset="11269" SrcFileId="4" StartOffset="9790"/>
</LocList>
<CondStmnt CovItemId="S131" CovItemPrefix="com.OriginalFiles.MI.java" Intrnl_Id="1531">
<Branch CovItemId="B55" CovItemPrefix="com.OriginalFiles.MI.java" Implct="false" Intrnl_Id="1532">
<Cond/>
<LocList>
<Loc EndOffset="10569" SrcFileId="4" StartOffset="9827"/>
</LocList>
<StmntSeq Intrnl_Id="1533">
<LocList>
<Loc EndOffset="10170" SrcFileId="4" StartOffset="9858"/>
<Loc EndOffset="10542" SrcFileId="4" StartOffset="10202"/>
</LocList>
<BasicStmnt CovItemId="S132" CovItemPrefix="com.OriginalFiles.MI.java" Intrnl_Id="1534">
<LocList>
<Loc EndOffset="10170" SrcFileId="4" StartOffset="9858"/>
</LocList>
</BasicStmnt>
<LoopStmnt CovItemId="S133" CovItemPrefix="com.OriginalFiles.MI.java" Intrnl_Id="1535" MltplExecId="L12-2" MltplExecPrefix="com.OriginalFiles.MI.java" NvrExecId="L12-0" NvrExecPrefix="com.OriginalFiles.MI.java" OnceExecutedId="L12-1" OnceExecutedPrefix="com.OriginalFiles.MI.java" OptBodyExec="true">
<StmntSeq Intrnl_Id="1536">
<LocList>
<Loc EndOffset="10511" SrcFileId="4" StartOffset="10283"/>
</LocList>
<CondStmnt CovItemId="S134" CovItemPrefix="com.OriginalFiles.MI.java" Intrnl_Id="1537">
<Branch CovItemId="B57" CovItemPrefix="com.OriginalFiles.MI.java" Implct="false" Intrnl_Id="1538">
<Cond/>
<LocList>
<Loc EndOffset="10511" SrcFileId="4" StartOffset="10314"/>
</LocList>
<StmntSeq Intrnl_Id="1539">
<LocList>
<Loc EndOffset="10476" SrcFileId="4" StartOffset="10353"/>
</LocList>
<BasicStmnt CovItemId="S135" CovItemPrefix="com.OriginalFiles.MI.java" Intrnl_Id="1540">
<LocList>
<Loc EndOffset="10476" SrcFileId="4" StartOffset="10353"/>
</LocList>
</BasicStmnt>
</StmntSeq>
</Branch>
<Branch CovItemId="B58" CovItemPrefix="com.OriginalFiles.MI.java" Implct="true" Intrnl_Id="1541">
<Cond/>
<LocList/>
<StmntSeq Intrnl_Id="1542">
<LocList/>
</StmntSeq>
</Branch>
<Keyword EndOffset="10285" SrcFileId="4" StartOffset="10283"/>
<LocList>
<Loc EndOffset="10511" SrcFileId="4" StartOffset="10283"/>
</LocList>
<RootTerm CovItemId="C32" CovItemPrefix="com.OriginalFiles.MI.java" Intrnl_Id="1543">
<BasicBoolTerm Intrnl_Id="1544">
<LocList>
<Loc EndOffset="10312" SrcFileId="4" StartOffset="10287"/>
</LocList>
</BasicBoolTerm>
</RootTerm>
</CondStmnt>
</StmntSeq>
<Keyword EndOffset="10205" SrcFileId="4" StartOffset="10202"/>
<LocList>
<Loc EndOffset="10542" SrcFileId="4" StartOffset="10202"/>
</LocList>
</LoopStmnt>
</StmntSeq>
</Branch>
<Branch CovItemId="B56" CovItemPrefix="com.OriginalFiles.MI.java" Implct="false" Intrnl_Id="1545">
<Cond>
<Loc EndOffset="10574" SrcFileId="4" StartOffset="10570"/>
</Cond>
<LocList>
<Loc EndOffset="11269" SrcFileId="4" StartOffset="10575"/>
</LocList>
<StmntSeq Intrnl_Id="1546">
<LocList>
<Loc EndOffset="10777" SrcFileId="4" StartOffset="10616"/>
<Loc EndOffset="11242" SrcFileId="4" StartOffset="10851"/>
</LocList>
<BasicStmnt CovItemId="S136" CovItemPrefix="com.OriginalFiles.MI.java" Intrnl_Id="1547">
<LocList>
<Loc EndOffset="10777" SrcFileId="4" StartOffset="10616"/>
</LocList>
</BasicStmnt>
<CondStmnt CovItemId="S137" CovItemPrefix="com.OriginalFiles.MI.java" Intrnl_Id="1548">
<Branch CovItemId="B59" CovItemPrefix="com.OriginalFiles.MI.java" Implct="false" Intrnl_Id="1549">
<Cond/>
<LocList>
<Loc EndOffset="11242" SrcFileId="4" StartOffset="10881"/>
</LocList>
<StmntSeq Intrnl_Id="1550">
<LocList>
<Loc EndOffset="11211" SrcFileId="4" StartOffset="10916"/>
</LocList>
<LoopStmnt CovItemId="S138" CovItemPrefix="com.OriginalFiles.MI.java" Intrnl_Id="1551" MltplExecId="L13-2" MltplExecPrefix="com.OriginalFiles.MI.java" NvrExecId="L13-0" NvrExecPrefix="com.OriginalFiles.MI.java" OnceExecutedId="L13-1" OnceExecutedPrefix="com.OriginalFiles.MI.java" OptBodyExec="true">
<StmntSeq Intrnl_Id="1552">
<LocList>
<Loc EndOffset="11114" SrcFileId="4" StartOffset="10992"/>
<Loc EndOffset="11176" SrcFileId="4" StartOffset="11152"/>
</LocList>
<BasicStmnt CovItemId="S139" CovItemPrefix="com.OriginalFiles.MI.java" Intrnl_Id="1553">
<LocList>
<Loc EndOffset="11114" SrcFileId="4" StartOffset="10992"/>
</LocList>
</BasicStmnt>
<BasicStmnt CovItemId="S140" CovItemPrefix="com.OriginalFiles.MI.java" Intrnl_Id="1554">
<LocList>
<Loc EndOffset="11176" SrcFileId="4" StartOffset="11152"/>
</LocList>
</BasicStmnt>
</StmntSeq>
<Keyword EndOffset="10919" SrcFileId="4" StartOffset="10916"/>
<LocList>
<Loc EndOffset="11211" SrcFileId="4" StartOffset="10916"/>
</LocList>
</LoopStmnt>
</StmntSeq>
</Branch>
<Branch CovItemId="B60" CovItemPrefix="com.OriginalFiles.MI.java" Implct="true" Intrnl_Id="1555">
<Cond/>
<LocList/>
<StmntSeq Intrnl_Id="1556">
<LocList/>
</StmntSeq>
</Branch>
<Keyword EndOffset="10853" SrcFileId="4" StartOffset="10851"/>
<LocList>
<Loc EndOffset="11242" SrcFileId="4" StartOffset="10851"/>
</LocList>
<RootTerm CovItemId="C33" CovItemPrefix="com.OriginalFiles.MI.java" Intrnl_Id="1557">
<OpTerm BooleanOpId="9" Intrnl_Id="1558">
<BasicBoolTerm Intrnl_Id="1559">
<LocList>
<Loc EndOffset="10879" SrcFileId="4" StartOffset="10856"/>
</LocList>
</BasicBoolTerm>
<LocList>
<Loc EndOffset="10856" SrcFileId="4" StartOffset="10855"/>
</LocList>
</OpTerm>
</RootTerm>
</CondStmnt>
</StmntSeq>
</Branch>
<Keyword EndOffset="9792" SrcFileId="4" StartOffset="9790"/>
<LocList>
<Loc EndOffset="11269" SrcFileId="4" StartOffset="9790"/>
</LocList>
<RootTerm CovItemId="C31" CovItemPrefix="com.OriginalFiles.MI.java" Intrnl_Id="1560">
<BasicBoolTerm Intrnl_Id="1561">
<LocList>
<Loc EndOffset="9825" SrcFileId="4" StartOffset="9794"/>
</LocList>
</BasicBoolTerm>
</RootTerm>
</CondStmnt>
</StmntSeq>
</Branch>
<Branch CovItemId="B54" CovItemPrefix="com.OriginalFiles.MI.java" Implct="true" Intrnl_Id="1562">
<Cond/>
<LocList/>
<StmntSeq Intrnl_Id="1563">
<LocList/>
</StmntSeq>
</Branch>
<Keyword EndOffset="9564" SrcFileId="4" StartOffset="9562"/>
<LocList>
<Loc EndOffset="11292" SrcFileId="4" StartOffset="9562"/>
</LocList>
<RootTerm CovItemId="C30" CovItemPrefix="com.OriginalFiles.MI.java" Intrnl_Id="1564">
<OpTerm BooleanOpId="10" Intrnl_Id="1565">
<BasicBoolTerm Intrnl_Id="1566">
<LocList>
<Loc EndOffset="9600" SrcFileId="4" StartOffset="9566"/>
</LocList>
</BasicBoolTerm>
<BasicBoolTerm Intrnl_Id="1567">
<LocList>
<Loc EndOffset="9728" SrcFileId="4" StartOffset="9633"/>
</LocList>
</BasicBoolTerm>
<LocList>
<Loc EndOffset="9632" SrcFileId="4" StartOffset="9630"/>
</LocList>
</OpTerm>
</RootTerm>
</CondStmnt>
</StmntSeq>
</Branch>
<Branch CovItemId="B52" CovItemPrefix="com.OriginalFiles.MI.java" Implct="true" Intrnl_Id="1568">
<Cond/>
<LocList/>
<StmntSeq Intrnl_Id="1569">
<LocList/>
</StmntSeq>
</Branch>
<Keyword EndOffset="9519" SrcFileId="4" StartOffset="9517"/>
<LocList>
<Loc EndOffset="11311" SrcFileId="4" StartOffset="9517"/>
</LocList>
<RootTerm CovItemId="C29" CovItemPrefix="com.OriginalFiles.MI.java" Intrnl_Id="1570">
<OpTerm BooleanOpId="9" Intrnl_Id="1571">
<BasicBoolTerm Intrnl_Id="1572">
<LocList>
<Loc EndOffset="9537" SrcFileId="4" StartOffset="9522"/>
</LocList>
</BasicBoolTerm>
<LocList>
<Loc EndOffset="9522" SrcFileId="4" StartOffset="9521"/>
</LocList>
</OpTerm>
</RootTerm>
</CondStmnt>
</StmntSeq>
<Keyword EndOffset="9479" SrcFileId="4" StartOffset="9476"/>
<LocList>
<Loc EndOffset="11326" SrcFileId="4" StartOffset="9476"/>
</LocList>
</LoopStmnt>
</StmntSeq>
<Keyword EndOffset="9414" SrcFileId="4" StartOffset="9411"/>
<LocList>
<Loc EndOffset="11337" SrcFileId="4" StartOffset="9411"/>
</LocList>
</LoopStmnt>
<CondStmnt CovItemId="S141" CovItemPrefix="com.OriginalFiles.MI.java" Intrnl_Id="1573">
<Branch CovItemId="B61" CovItemPrefix="com.OriginalFiles.MI.java" Implct="false" Intrnl_Id="1574">
<Cond/>
<LocList>
<Loc EndOffset="11427" SrcFileId="4" StartOffset="11380"/>
</LocList>
<StmntSeq Intrnl_Id="1575">
<LocList>
<Loc EndOffset="11416" SrcFileId="4" StartOffset="11395"/>
</LocList>
<BasicStmnt CovItemId="S142" CovItemPrefix="com.OriginalFiles.MI.java" Intrnl_Id="1576">
<LocList>
<Loc EndOffset="11416" SrcFileId="4" StartOffset="11395"/>
</LocList>
</BasicStmnt>
</StmntSeq>
</Branch>
<Branch CovItemId="B62" CovItemPrefix="com.OriginalFiles.MI.java" Implct="false" Intrnl_Id="1577">
<Cond>
<Loc EndOffset="11432" SrcFileId="4" StartOffset="11428"/>
</Cond>
<LocList>
<Loc EndOffset="11476" SrcFileId="4" StartOffset="11433"/>
</LocList>
<StmntSeq Intrnl_Id="1578">
<LocList>
<Loc EndOffset="11465" SrcFileId="4" StartOffset="11448"/>
</LocList>
<BasicStmnt CovItemId="S143" CovItemPrefix="com.OriginalFiles.MI.java" Intrnl_Id="1579">
<LocList>
<Loc EndOffset="11465" SrcFileId="4" StartOffset="11448"/>
</LocList>
</BasicStmnt>
</StmntSeq>
</Branch>
<Keyword EndOffset="11351" SrcFileId="4" StartOffset="11349"/>
<LocList>
<Loc EndOffset="11476" SrcFileId="4" StartOffset="11349"/>
</LocList>
<RootTerm CovItemId="C34" CovItemPrefix="com.OriginalFiles.MI.java" Intrnl_Id="1580">
<BasicBoolTerm Intrnl_Id="1581">
<LocList>
<Loc EndOffset="11378" SrcFileId="4" StartOffset="11353"/>
</LocList>
</BasicBoolTerm>
</RootTerm>
</CondStmnt>
</StmntSeq>
</HierarchyLvl>
</HierarchyLvl>
<HierarchyLvl HierarchyLvlId="50" HierarchyLvlTypeId="13" Intrnl_Id="1582" Name="Field">
<Header>
<Loc EndOffset="48" SrcFileId="5" StartOffset="30"/>
</Header>
<LocList>
<Loc EndOffset="1380" SrcFileId="5" StartOffset="30"/>
</LocList>
<StmntSeq Intrnl_Id="1583">
<LocList>
<Loc EndOffset="202" SrcFileId="5" StartOffset="171"/>
<Loc EndOffset="280" SrcFileId="5" StartOffset="246"/>
</LocList>
<BasicStmnt CovItemId="S1" CovItemPrefix="com.OriginalFiles.Field.java" Intrnl_Id="1584">
<LocList>
<Loc EndOffset="202" SrcFileId="5" StartOffset="171"/>
</LocList>
</BasicStmnt>
<BasicStmnt CovItemId="S2" CovItemPrefix="com.OriginalFiles.Field.java" Intrnl_Id="1585">
<LocList>
<Loc EndOffset="280" SrcFileId="5" StartOffset="246"/>
</LocList>
</BasicStmnt>
</StmntSeq>
<HierarchyLvl HierarchyLvlId="43" HierarchyLvlTypeId="14" Intrnl_Id="1586" Name="Field">
<Header>
<Loc EndOffset="300" SrcFileId="5" StartOffset="286"/>
</Header>
<LocList>
<Loc EndOffset="304" SrcFileId="5" StartOffset="286"/>
</LocList>
</HierarchyLvl>
<HierarchyLvl HierarchyLvlId="44" HierarchyLvlTypeId="14" Intrnl_Id="1587" Name="Field">
<Header>
<Loc EndOffset="347" SrcFileId="5" StartOffset="311"/>
</Header>
<LocList>
<Loc EndOffset="398" SrcFileId="5" StartOffset="311"/>
</LocList>
<StmntSeq Intrnl_Id="1588">
<LocList>
<Loc EndOffset="370" SrcFileId="5" StartOffset="359"/>
<Loc EndOffset="391" SrcFileId="5" StartOffset="380"/>
</LocList>
<BasicStmnt CovItemId="S3" CovItemPrefix="com.OriginalFiles.Field.java" Intrnl_Id="1589">
<LocList>
<Loc EndOffset="370" SrcFileId="5" StartOffset="359"/>
</LocList>
</BasicStmnt>
<BasicStmnt CovItemId="S4" CovItemPrefix="com.OriginalFiles.Field.java" Intrnl_Id="1590">
<LocList>
<Loc EndOffset="391" SrcFileId="5" StartOffset="380"/>
</LocList>
</BasicStmnt>
</StmntSeq>
</HierarchyLvl>
<HierarchyLvl HierarchyLvlId="45" HierarchyLvlTypeId="14" Intrnl_Id="1591" Name="setPieceOnField">
<Header>
<Loc EndOffset="589" SrcFileId="5" StartOffset="538"/>
</Header>
<LocList>
<Loc EndOffset="711" SrcFileId="5" StartOffset="538"/>
</LocList>
<StmntSeq Intrnl_Id="1592">
<LocList>
<Loc EndOffset="627" SrcFileId="5" StartOffset="601"/>
<Loc EndOffset="704" SrcFileId="5" StartOffset="637"/>
</LocList>
<BasicStmnt CovItemId="S5" CovItemPrefix="com.OriginalFiles.Field.java" Intrnl_Id="1593">
<LocList>
<Loc EndOffset="627" SrcFileId="5" StartOffset="601"/>
</LocList>
</BasicStmnt>
<CondStmnt CovItemId="S6" CovItemPrefix="com.OriginalFiles.Field.java" Intrnl_Id="1594">
<Branch CovItemId="B1" CovItemPrefix="com.OriginalFiles.Field.java" Implct="false" Intrnl_Id="1595">
<Cond/>
<LocList>
<Loc EndOffset="704" SrcFileId="5" StartOffset="653"/>
</LocList>
<StmntSeq Intrnl_Id="1596">
<LocList>
<Loc EndOffset="693" SrcFileId="5" StartOffset="668"/>
</LocList>
<BasicStmnt CovItemId="S7" CovItemPrefix="com.OriginalFiles.Field.java" Intrnl_Id="1597">
<LocList>
<Loc EndOffset="693" SrcFileId="5" StartOffset="668"/>
</LocList>
</BasicStmnt>
</StmntSeq>
</Branch>
<Branch CovItemId="B2" CovItemPrefix="com.OriginalFiles.Field.java" Implct="true" Intrnl_Id="1598">
<Cond/>
<LocList/>
<StmntSeq Intrnl_Id="1599">
<LocList/>
</StmntSeq>
</Branch>
<Keyword EndOffset="639" SrcFileId="5" StartOffset="637"/>
<LocList>
<Loc EndOffset="704" SrcFileId="5" StartOffset="637"/>
</LocList>
<RootTerm CovItemId="C1" CovItemPrefix="com.OriginalFiles.Field.java" Intrnl_Id="1600">
<OpTerm BooleanOpId="9" Intrnl_Id="1601">
<BasicBoolTerm Intrnl_Id="1602">
<LocList>
<Loc EndOffset="651" SrcFileId="5" StartOffset="642"/>
</LocList>
</BasicBoolTerm>
<LocList>
<Loc EndOffset="642" SrcFileId="5" StartOffset="641"/>
</LocList>
</OpTerm>
</RootTerm>
</CondStmnt>
</StmntSeq>
</HierarchyLvl>
<HierarchyLvl HierarchyLvlId="46" HierarchyLvlTypeId="14" Intrnl_Id="1603" Name="getPieceOnField">
<Header>
<Loc EndOffset="755" SrcFileId="5" StartOffset="719"/>
</Header>
<LocList>
<Loc EndOffset="794" SrcFileId="5" StartOffset="719"/>
</LocList>
<StmntSeq Intrnl_Id="1604">
<LocList>
<Loc EndOffset="787" SrcFileId="5" StartOffset="767"/>
</LocList>
<BasicStmnt CovItemId="S8" CovItemPrefix="com.OriginalFiles.Field.java" Intrnl_Id="1605">
<LocList>
<Loc EndOffset="787" SrcFileId="5" StartOffset="767"/>
</LocList>
</BasicStmnt>
</StmntSeq>
</HierarchyLvl>
<HierarchyLvl HierarchyLvlId="47" HierarchyLvlTypeId="14" Intrnl_Id="1606" Name="isEmpty">
<Header>
<Loc EndOffset="888" SrcFileId="5" StartOffset="858"/>
</Header>
<LocList>
<Loc EndOffset="937" SrcFileId="5" StartOffset="858"/>
</LocList>
<StmntSeq Intrnl_Id="1607">
<LocList>
<Loc EndOffset="930" SrcFileId="5" StartOffset="900"/>
</LocList>
<BasicStmnt CovItemId="S9" CovItemPrefix="com.OriginalFiles.Field.java" Intrnl_Id="1608">
<LocList>
<Loc EndOffset="930" SrcFileId="5" StartOffset="900"/>
</LocList>
</BasicStmnt>
</StmntSeq>
</HierarchyLvl>
<HierarchyLvl HierarchyLvlId="48" HierarchyLvlTypeId="14" Intrnl_Id="1609" Name="isPieceOfColor">
<Header>
<Loc EndOffset="1090" SrcFileId="5" StartOffset="1043"/>
</Header>
<LocList>
<Loc EndOffset="1232" SrcFileId="5" StartOffset="1043"/>
</LocList>
<StmntSeq Intrnl_Id="1610">
<LocList>
<Loc EndOffset="1225" SrcFileId="5" StartOffset="1102"/>
</LocList>
<CondStmnt CovItemId="S10" CovItemPrefix="com.OriginalFiles.Field.java" Intrnl_Id="1611">
<Branch CovItemId="B3" CovItemPrefix="com.OriginalFiles.Field.java" Implct="false" Intrnl_Id="1612">
<Cond/>
<LocList>
<Loc EndOffset="1156" SrcFileId="5" StartOffset="1117"/>
</LocList>
<StmntSeq Intrnl_Id="1613">
<LocList>
<Loc EndOffset="1145" SrcFileId="5" StartOffset="1132"/>
</LocList>
<BasicStmnt CovItemId="S11" CovItemPrefix="com.OriginalFiles.Field.java" Intrnl_Id="1614">
<LocList>
<Loc EndOffset="1145" SrcFileId="5" StartOffset="1132"/>
</LocList>
</BasicStmnt>
</StmntSeq>
</Branch>
<Branch CovItemId="B4" CovItemPrefix="com.OriginalFiles.Field.java" Implct="false" Intrnl_Id="1615">
<Cond>
<Loc EndOffset="1161" SrcFileId="5" StartOffset="1157"/>
</Cond>
<LocList>
<Loc EndOffset="1225" SrcFileId="5" StartOffset="1162"/>
</LocList>
<StmntSeq Intrnl_Id="1616">
<LocList>
<Loc EndOffset="1214" SrcFileId="5" StartOffset="1177"/>
</LocList>
<BasicStmnt CovItemId="S12" CovItemPrefix="com.OriginalFiles.Field.java" Intrnl_Id="1617">
<LocList>
<Loc EndOffset="1214" SrcFileId="5" StartOffset="1177"/>
</LocList>
</BasicStmnt>
</StmntSeq>
</Branch>
<Keyword EndOffset="1104" SrcFileId="5" StartOffset="1102"/>
<LocList>
<Loc EndOffset="1225" SrcFileId="5" StartOffset="1102"/>
</LocList>
<RootTerm CovItemId="C2" CovItemPrefix="com.OriginalFiles.Field.java" Intrnl_Id="1618">
<BasicBoolTerm Intrnl_Id="1619">
<LocList>
<Loc EndOffset="1115" SrcFileId="5" StartOffset="1106"/>
</LocList>
</BasicBoolTerm>
</RootTerm>
</CondStmnt>
</StmntSeq>
</HierarchyLvl>
<HierarchyLvl HierarchyLvlId="49" HierarchyLvlTypeId="14" Intrnl_Id="1620" Name="emptyThisField">
<Header>
<Loc EndOffset="1338" SrcFileId="5" StartOffset="1304"/>
</Header>
<LocList>
<Loc EndOffset="1377" SrcFileId="5" StartOffset="1304"/>
</LocList>
<StmntSeq Intrnl_Id="1621">
<LocList>
<Loc EndOffset="1370" SrcFileId="5" StartOffset="1350"/>
</LocList>
<BasicStmnt CovItemId="S13" CovItemPrefix="com.OriginalFiles.Field.java" Intrnl_Id="1622">
<LocList>
<Loc EndOffset="1370" SrcFileId="5" StartOffset="1350"/>
</LocList>
</BasicStmnt>
</StmntSeq>
</HierarchyLvl>
</HierarchyLvl>
<HierarchyLvl HierarchyLvlId="56" HierarchyLvlTypeId="13" Intrnl_Id="1623" Name="Communication">
<Header>
<Loc EndOffset="56" SrcFileId="6" StartOffset="30"/>
</Header>
<LocList>
<Loc EndOffset="555" SrcFileId="6" StartOffset="30"/>
</LocList>
<HierarchyLvl HierarchyLvlId="51" HierarchyLvlTypeId="14" Intrnl_Id="1624" Name="Communication">
<Header>
<Loc EndOffset="117" SrcFileId="6" StartOffset="66"/>
</Header>
<LocList>
<Loc EndOffset="175" SrcFileId="6" StartOffset="66"/>
</LocList>
</HierarchyLvl>
<HierarchyLvl HierarchyLvlId="52" HierarchyLvlTypeId="14" Intrnl_Id="1625" Name="myKingNotPlaced">
<Header>
<Loc EndOffset="212" SrcFileId="6" StartOffset="183"/>
</Header>
<LocList>
<Loc EndOffset="275" SrcFileId="6" StartOffset="183"/>
</LocList>
</HierarchyLvl>
<HierarchyLvl HierarchyLvlId="53" HierarchyLvlTypeId="14" Intrnl_Id="1626" Name="humanWon">
<Header>
<Loc EndOffset="305" SrcFileId="6" StartOffset="283"/>
</Header>
<LocList>
<Loc EndOffset="368" SrcFileId="6" StartOffset="283"/>
</LocList>
</HierarchyLvl>
<HierarchyLvl HierarchyLvlId="54" HierarchyLvlTypeId="14" Intrnl_Id="1627" Name="robotWon">
<Header>
<Loc EndOffset="398" SrcFileId="6" StartOffset="376"/>
</Header>
<LocList>
<Loc EndOffset="461" SrcFileId="6" StartOffset="376"/>
</LocList>
</HierarchyLvl>
<HierarchyLvl HierarchyLvlId="55" HierarchyLvlTypeId="14" Intrnl_Id="1628" Name="draw">
<Header>
<Loc EndOffset="487" SrcFileId="6" StartOffset="469"/>
</Header>
<LocList>
<Loc EndOffset="550" SrcFileId="6" StartOffset="469"/>
</LocList>
</HierarchyLvl>
</HierarchyLvl>
<HierarchyLvl HierarchyLvlId="82" HierarchyLvlTypeId="13" Intrnl_Id="1629" Name="Board">
<Header>
<Loc EndOffset="170" SrcFileId="7" StartOffset="152"/>
</Header>
<LocList>
<Loc EndOffset="16506" SrcFileId="7" StartOffset="152"/>
</LocList>
<StmntSeq Intrnl_Id="1630">
<LocList>
<Loc EndOffset="223" SrcFileId="7" StartOffset="180"/>
<Loc EndOffset="269" SrcFileId="7" StartOffset="229"/>
<Loc EndOffset="318" SrcFileId="7" StartOffset="275"/>
<Loc EndOffset="370" SrcFileId="7" StartOffset="324"/>
<Loc EndOffset="425" SrcFileId="7" StartOffset="376"/>
</LocList>
<BasicStmnt CovItemId="S1" CovItemPrefix="com.OriginalFiles.Board.java" Intrnl_Id="1631">
<LocList>
<Loc EndOffset="223" SrcFileId="7" StartOffset="180"/>
</LocList>
</BasicStmnt>
<BasicStmnt CovItemId="S2" CovItemPrefix="com.OriginalFiles.Board.java" Intrnl_Id="1632">
<LocList>
<Loc EndOffset="269" SrcFileId="7" StartOffset="229"/>
</LocList>
</BasicStmnt>
<BasicStmnt CovItemId="S3" CovItemPrefix="com.OriginalFiles.Board.java" Intrnl_Id="1633">
<LocList>
<Loc EndOffset="318" SrcFileId="7" StartOffset="275"/>
</LocList>
</BasicStmnt>
<BasicStmnt CovItemId="S4" CovItemPrefix="com.OriginalFiles.Board.java" Intrnl_Id="1634">
<LocList>
<Loc EndOffset="370" SrcFileId="7" StartOffset="324"/>
</LocList>
</BasicStmnt>
<BasicStmnt CovItemId="S5" CovItemPrefix="com.OriginalFiles.Board.java" Intrnl_Id="1635">
<LocList>
<Loc EndOffset="425" SrcFileId="7" StartOffset="376"/>
</LocList>
</BasicStmnt>
</StmntSeq>
<HierarchyLvl HierarchyLvlId="57" HierarchyLvlTypeId="14" Intrnl_Id="1636" Name="Board">
<Header>
<Loc EndOffset="688" SrcFileId="7" StartOffset="591"/>
</Header>
<LocList>
<Loc EndOffset="3729" SrcFileId="7" StartOffset="591"/>
</LocList>
<StmntSeq Intrnl_Id="1637">
<LocList>
<Loc EndOffset="741" SrcFileId="7" StartOffset="700"/>
<Loc EndOffset="800" SrcFileId="7" StartOffset="751"/>
<Loc EndOffset="842" SrcFileId="7" StartOffset="810"/>
<Loc EndOffset="873" SrcFileId="7" StartOffset="852"/>
<Loc EndOffset="2342" SrcFileId="7" StartOffset="944"/>
<Loc EndOffset="2829" SrcFileId="7" StartOffset="2480"/>
<Loc EndOffset="3184" SrcFileId="7" StartOffset="2839"/>
<Loc EndOffset="3461" SrcFileId="7" StartOffset="3215"/>
<Loc EndOffset="3722" SrcFileId="7" StartOffset="3473"/>
</LocList>
<BasicStmnt CovItemId="S6" CovItemPrefix="com.OriginalFiles.Board.java" Intrnl_Id="1638">
<LocList>
<Loc EndOffset="741" SrcFileId="7" StartOffset="700"/>
</LocList>
</BasicStmnt>
<BasicStmnt CovItemId="S7" CovItemPrefix="com.OriginalFiles.Board.java" Intrnl_Id="1639">
<LocList>
<Loc EndOffset="800" SrcFileId="7" StartOffset="751"/>
</LocList>
</BasicStmnt>
<BasicStmnt CovItemId="S8" CovItemPrefix="com.OriginalFiles.Board.java" Intrnl_Id="1640">
<LocList>
<Loc EndOffset="842" SrcFileId="7" StartOffset="810"/>
</LocList>
</BasicStmnt>
<BasicStmnt CovItemId="S9" CovItemPrefix="com.OriginalFiles.Board.java" Intrnl_Id="1641">
<LocList>
<Loc EndOffset="873" SrcFileId="7" StartOffset="852"/>
</LocList>
</BasicStmnt>
<LoopStmnt CovItemId="S10" CovItemPrefix="com.OriginalFiles.Board.java" Intrnl_Id="1642" MltplExecId="L1-2" MltplExecPrefix="com.OriginalFiles.Board.java" NvrExecId="L1-0" NvrExecPrefix="com.OriginalFiles.Board.java" OnceExecutedId="L1-1" OnceExecutedPrefix="com.OriginalFiles.Board.java" OptBodyExec="true">
<StmntSeq Intrnl_Id="1643">
<LocList>
<Loc EndOffset="2331" SrcFileId="7" StartOffset="983"/>
</LocList>
<LoopStmnt CovItemId="S11" CovItemPrefix="com.OriginalFiles.Board.java" Intrnl_Id="1644" MltplExecId="L2-2" MltplExecPrefix="com.OriginalFiles.Board.java" NvrExecId="L2-0" NvrExecPrefix="com.OriginalFiles.Board.java" OnceExecutedId="L2-1" OnceExecutedPrefix="com.OriginalFiles.Board.java" OptBodyExec="true">
<StmntSeq Intrnl_Id="1645">
<LocList>
<Loc EndOffset="1051" SrcFileId="7" StartOffset="1026"/>
<Loc EndOffset="1080" SrcFileId="7" StartOffset="1069"/>
<Loc EndOffset="1109" SrcFileId="7" StartOffset="1098"/>
<Loc EndOffset="2277" SrcFileId="7" StartOffset="1234"/>
<Loc EndOffset="2316" SrcFileId="7" StartOffset="2295"/>
</LocList>
<BasicStmnt CovItemId="S12" CovItemPrefix="com.OriginalFiles.Board.java" Intrnl_Id="1646">
<LocList>
<Loc EndOffset="1051" SrcFileId="7" StartOffset="1026"/>
</LocList>
</BasicStmnt>
<BasicStmnt CovItemId="S13" CovItemPrefix="com.OriginalFiles.Board.java" Intrnl_Id="1647">
<LocList>
<Loc EndOffset="1080" SrcFileId="7" StartOffset="1069"/>
</LocList>
</BasicStmnt>
<BasicStmnt CovItemId="S14" CovItemPrefix="com.OriginalFiles.Board.java" Intrnl_Id="1648">
<LocList>
<Loc EndOffset="1109" SrcFileId="7" StartOffset="1098"/>
</LocList>
</BasicStmnt>
<CondStmnt CovItemId="S15" CovItemPrefix="com.OriginalFiles.Board.java" Intrnl_Id="1649">
<Branch CovItemId="B1" CovItemPrefix="com.OriginalFiles.Board.java" Implct="false" Intrnl_Id="1650">
<Cond/>
<LocList>
<Loc EndOffset="2203" SrcFileId="7" StartOffset="1256"/>
</LocList>
<StmntSeq Intrnl_Id="1651">
<LocList>
<Loc EndOffset="1304" SrcFileId="7" StartOffset="1279"/>
<Loc EndOffset="1352" SrcFileId="7" StartOffset="1326"/>
<Loc EndOffset="1783" SrcFileId="7" StartOffset="1374"/>
<Loc EndOffset="2127" SrcFileId="7" StartOffset="1840"/>
<Loc EndOffset="2184" SrcFileId="7" StartOffset="2149"/>
</LocList>
<BasicStmnt CovItemId="S16" CovItemPrefix="com.OriginalFiles.Board.java" Intrnl_Id="1652">
<LocList>
<Loc EndOffset="1304" SrcFileId="7" StartOffset="1279"/>
</LocList>
</BasicStmnt>
<BasicStmnt CovItemId="S17" CovItemPrefix="com.OriginalFiles.Board.java" Intrnl_Id="1653">
<LocList>
<Loc EndOffset="1352" SrcFileId="7" StartOffset="1326"/>
</LocList>
</BasicStmnt>
<CondStmnt CovItemId="S18" CovItemPrefix="com.OriginalFiles.Board.java" Intrnl_Id="1654">
<Branch CovItemId="B3" CovItemPrefix="com.OriginalFiles.Board.java" Implct="false" Intrnl_Id="1655">
<Cond/>
<LocList>
<Loc EndOffset="1783" SrcFileId="7" StartOffset="1385"/>
</LocList>
<StmntSeq Intrnl_Id="1656">
<LocList>
<Loc EndOffset="1443" SrcFileId="7" StartOffset="1412"/>
<Loc EndOffset="1505" SrcFileId="7" StartOffset="1469"/>
<Loc EndOffset="1760" SrcFileId="7" StartOffset="1659"/>
</LocList>
<BasicStmnt CovItemId="S19" CovItemPrefix="com.OriginalFiles.Board.java" Intrnl_Id="1657">
<LocList>
<Loc EndOffset="1443" SrcFileId="7" StartOffset="1412"/>
</LocList>
</BasicStmnt>
<BasicStmnt CovItemId="S20" CovItemPrefix="com.OriginalFiles.Board.java" Intrnl_Id="1658">
<LocList>
<Loc EndOffset="1505" SrcFileId="7" StartOffset="1469"/>
</LocList>
</BasicStmnt>
<CondStmnt CovItemId="S21" CovItemPrefix="com.OriginalFiles.Board.java" Intrnl_Id="1659">
<Branch CovItemId="B5" CovItemPrefix="com.OriginalFiles.Board.java" Implct="false" Intrnl_Id="1660">
<Cond/>
<LocList>
<Loc EndOffset="1760" SrcFileId="7" StartOffset="1671"/>
</LocList>
<StmntSeq Intrnl_Id="1661">
<LocList>
<Loc EndOffset="1733" SrcFileId="7" StartOffset="1702"/>
</LocList>
<BasicStmnt CovItemId="S22" CovItemPrefix="com.OriginalFiles.Board.java" Intrnl_Id="1662">
<LocList>
<Loc EndOffset="1733" SrcFileId="7" StartOffset="1702"/>
</LocList>
</BasicStmnt>
</StmntSeq>
</Branch>
<Branch CovItemId="B6" CovItemPrefix="com.OriginalFiles.Board.java" Implct="true" Intrnl_Id="1663">
<Cond/>
<LocList/>
<StmntSeq Intrnl_Id="1664">
<LocList/>
</StmntSeq>
</Branch>
<Keyword EndOffset="1661" SrcFileId="7" StartOffset="1659"/>
<LocList>
<Loc EndOffset="1760" SrcFileId="7" StartOffset="1659"/>
</LocList>
<RootTerm CovItemId="C5" CovItemPrefix="com.OriginalFiles.Board.java" Intrnl_Id="1665">
<BasicBoolTerm Intrnl_Id="1666">
<LocList>
<Loc EndOffset="1669" SrcFileId="7" StartOffset="1663"/>
</LocList>
</BasicBoolTerm>
</RootTerm>
</CondStmnt>
</StmntSeq>
</Branch>
<Branch CovItemId="B4" CovItemPrefix="com.OriginalFiles.Board.java" Implct="true" Intrnl_Id="1667">
<Cond/>
<LocList/>
<StmntSeq Intrnl_Id="1668">
<LocList/>
</StmntSeq>
</Branch>
<Keyword EndOffset="1376" SrcFileId="7" StartOffset="1374"/>
<LocList>
<Loc EndOffset="1783" SrcFileId="7" StartOffset="1374"/>
</LocList>
<RootTerm CovItemId="C4" CovItemPrefix="com.OriginalFiles.Board.java" Intrnl_Id="1669">
<BasicBoolTerm Intrnl_Id="1670">
<LocList>
<Loc EndOffset="1383" SrcFileId="7" StartOffset="1378"/>
</LocList>
</BasicBoolTerm>
</RootTerm>
</CondStmnt>
<CondStmnt CovItemId="S23" CovItemPrefix="com.OriginalFiles.Board.java" Intrnl_Id="1671">
<Branch CovItemId="B7" CovItemPrefix="com.OriginalFiles.Board.java" Implct="false" Intrnl_Id="1672">
<Cond/>
<LocList>
<Loc EndOffset="2127" SrcFileId="7" StartOffset="1851"/>
</LocList>
<StmntSeq Intrnl_Id="1673">
<LocList>
<Loc EndOffset="1909" SrcFileId="7" StartOffset="1878"/>
<Loc EndOffset="1977" SrcFileId="7" StartOffset="1935"/>
<Loc EndOffset="2104" SrcFileId="7" StartOffset="2003"/>
</LocList>
<BasicStmnt CovItemId="S24" CovItemPrefix="com.OriginalFiles.Board.java" Intrnl_Id="1674">
<LocList>
<Loc EndOffset="1909" SrcFileId="7" StartOffset="1878"/>
</LocList>
</BasicStmnt>
<BasicStmnt CovItemId="S25" CovItemPrefix="com.OriginalFiles.Board.java" Intrnl_Id="1675">
<LocList>
<Loc EndOffset="1977" SrcFileId="7" StartOffset="1935"/>
</LocList>
</BasicStmnt>
<CondStmnt CovItemId="S26" CovItemPrefix="com.OriginalFiles.Board.java" Intrnl_Id="1676">
<Branch CovItemId="B9" CovItemPrefix="com.OriginalFiles.Board.java" Implct="false" Intrnl_Id="1677">
<Cond/>
<LocList>
<Loc EndOffset="2104" SrcFileId="7" StartOffset="2015"/>
</LocList>
<StmntSeq Intrnl_Id="1678">
<LocList>
<Loc EndOffset="2077" SrcFileId="7" StartOffset="2046"/>
</LocList>
<BasicStmnt CovItemId="S27" CovItemPrefix="com.OriginalFiles.Board.java" Intrnl_Id="1679">
<LocList>
<Loc EndOffset="2077" SrcFileId="7" StartOffset="2046"/>
</LocList>
</BasicStmnt>
</StmntSeq>
</Branch>
<Branch CovItemId="B10" CovItemPrefix="com.OriginalFiles.Board.java" Implct="true" Intrnl_Id="1680">
<Cond/>
<LocList/>
<StmntSeq Intrnl_Id="1681">
<LocList/>
</StmntSeq>
</Branch>
<Keyword EndOffset="2005" SrcFileId="7" StartOffset="2003"/>
<LocList>
<Loc EndOffset="2104" SrcFileId="7" StartOffset="2003"/>
</LocList>
<RootTerm CovItemId="C7" CovItemPrefix="com.OriginalFiles.Board.java" Intrnl_Id="1682">
<BasicBoolTerm Intrnl_Id="1683">
<LocList>
<Loc EndOffset="2013" SrcFileId="7" StartOffset="2007"/>
</LocList>
</BasicBoolTerm>
</RootTerm>
</CondStmnt>
</StmntSeq>
</Branch>
<Branch CovItemId="B8" CovItemPrefix="com.OriginalFiles.Board.java" Implct="true" Intrnl_Id="1684">
<Cond/>
<LocList/>
<StmntSeq Intrnl_Id="1685">
<LocList/>
</StmntSeq>
</Branch>
<Keyword EndOffset="1842" SrcFileId="7" StartOffset="1840"/>
<LocList>
<Loc EndOffset="2127" SrcFileId="7" StartOffset="1840"/>
</LocList>
<RootTerm CovItemId="C6" CovItemPrefix="com.OriginalFiles.Board.java" Intrnl_Id="1686">
<BasicBoolTerm Intrnl_Id="1687">
<LocList>
<Loc EndOffset="1849" SrcFileId="7" StartOffset="1844"/>
</LocList>
</BasicBoolTerm>
</RootTerm>
</CondStmnt>
<BasicStmnt CovItemId="S28" CovItemPrefix="com.OriginalFiles.Board.java" Intrnl_Id="1688">
<LocList>
<Loc EndOffset="2184" SrcFileId="7" StartOffset="2149"/>
</LocList>
</BasicStmnt>
</StmntSeq>
</Branch>
<Branch CovItemId="B2" CovItemPrefix="com.OriginalFiles.Board.java" Implct="false" Intrnl_Id="1689">
<Cond>
<Loc EndOffset="2208" SrcFileId="7" StartOffset="2204"/>
</Cond>
<LocList>
<Loc EndOffset="2277" SrcFileId="7" StartOffset="2209"/>
</LocList>
<StmntSeq Intrnl_Id="1690">
<LocList>
<Loc EndOffset="2258" SrcFileId="7" StartOffset="2232"/>
</LocList>
<BasicStmnt CovItemId="S29" CovItemPrefix="com.OriginalFiles.Board.java" Intrnl_Id="1691">
<LocList>
<Loc EndOffset="2258" SrcFileId="7" StartOffset="2232"/>
</LocList>
</BasicStmnt>
</StmntSeq>
</Branch>
<Keyword EndOffset="1236" SrcFileId="7" StartOffset="1234"/>
<LocList>
<Loc EndOffset="2277" SrcFileId="7" StartOffset="1234"/>
</LocList>
<RootTerm CovItemId="C3" CovItemPrefix="com.OriginalFiles.Board.java" Intrnl_Id="1692">
<BasicBoolTerm Intrnl_Id="1693">
<LocList>
<Loc EndOffset="1254" SrcFileId="7" StartOffset="1238"/>
</LocList>
</BasicBoolTerm>
</RootTerm>
</CondStmnt>
<BasicStmnt CovItemId="S30" CovItemPrefix="com.OriginalFiles.Board.java" Intrnl_Id="1694">
<LocList>
<Loc EndOffset="2316" SrcFileId="7" StartOffset="2295"/>
</LocList>
</BasicStmnt>
</StmntSeq>
<Keyword EndOffset="986" SrcFileId="7" StartOffset="983"/>
<LocList>
<Loc EndOffset="2331" SrcFileId="7" StartOffset="983"/>
</LocList>
<RootTerm CovItemId="C2" CovItemPrefix="com.OriginalFiles.Board.java" Intrnl_Id="1695">
<BasicBoolTerm Intrnl_Id="1696">
<LocList>
<Loc EndOffset="1000" SrcFileId="7" StartOffset="995"/>
</LocList>
</BasicBoolTerm>
</RootTerm>
</LoopStmnt>
</StmntSeq>
<Keyword EndOffset="947" SrcFileId="7" StartOffset="944"/>
<LocList>
<Loc EndOffset="2342" SrcFileId="7" StartOffset="944"/>
</LocList>
<RootTerm CovItemId="C1" CovItemPrefix="com.OriginalFiles.Board.java" Intrnl_Id="1697">
<BasicBoolTerm Intrnl_Id="1698">
<LocList>
<Loc EndOffset="961" SrcFileId="7" StartOffset="956"/>
</LocList>
</BasicBoolTerm>
</RootTerm>
</LoopStmnt>
<LoopStmnt CovItemId="S31" CovItemPrefix="com.OriginalFiles.Board.java" Intrnl_Id="1699" MltplExecId="L3-2" MltplExecPrefix="com.OriginalFiles.Board.java" NvrExecId="L3-0" NvrExecPrefix="com.OriginalFiles.Board.java" OnceExecutedId="L3-1" OnceExecutedPrefix="com.OriginalFiles.Board.java" OptBodyExec="true">
<StmntSeq Intrnl_Id="1700">
<LocList>
<Loc EndOffset="2548" SrcFileId="7" StartOffset="2523"/>
<Loc EndOffset="2573" SrcFileId="7" StartOffset="2562"/>
<Loc EndOffset="2599" SrcFileId="7" StartOffset="2587"/>
<Loc EndOffset="2647" SrcFileId="7" StartOffset="2613"/>
<Loc EndOffset="2697" SrcFileId="7" StartOffset="2661"/>
<Loc EndOffset="2738" SrcFileId="7" StartOffset="2711"/>
<Loc EndOffset="2784" SrcFileId="7" StartOffset="2752"/>
<Loc EndOffset="2818" SrcFileId="7" StartOffset="2798"/>
</LocList>
<BasicStmnt CovItemId="S32" CovItemPrefix="com.OriginalFiles.Board.java" Intrnl_Id="1701">
<LocList>
<Loc EndOffset="2548" SrcFileId="7" StartOffset="2523"/>
</LocList>
</BasicStmnt>
<BasicStmnt CovItemId="S33" CovItemPrefix="com.OriginalFiles.Board.java" Intrnl_Id="1702">
<LocList>
<Loc EndOffset="2573" SrcFileId="7" StartOffset="2562"/>
</LocList>
</BasicStmnt>
<BasicStmnt CovItemId="S34" CovItemPrefix="com.OriginalFiles.Board.java" Intrnl_Id="1703">
<LocList>
<Loc EndOffset="2599" SrcFileId="7" StartOffset="2587"/>
</LocList>
</BasicStmnt>
<BasicStmnt CovItemId="S35" CovItemPrefix="com.OriginalFiles.Board.java" Intrnl_Id="1704">
<LocList>
<Loc EndOffset="2647" SrcFileId="7" StartOffset="2613"/>
</LocList>
</BasicStmnt>
<BasicStmnt CovItemId="S36" CovItemPrefix="com.OriginalFiles.Board.java" Intrnl_Id="1705">
<LocList>
<Loc EndOffset="2697" SrcFileId="7" StartOffset="2661"/>
</LocList>
</BasicStmnt>
<BasicStmnt CovItemId="S37" CovItemPrefix="com.OriginalFiles.Board.java" Intrnl_Id="1706">
<LocList>
<Loc EndOffset="2738" SrcFileId="7" StartOffset="2711"/>
</LocList>
</BasicStmnt>
<BasicStmnt CovItemId="S38" CovItemPrefix="com.OriginalFiles.Board.java" Intrnl_Id="1707">
<LocList>
<Loc EndOffset="2784" SrcFileId="7" StartOffset="2752"/>
</LocList>
</BasicStmnt>
<BasicStmnt CovItemId="S39" CovItemPrefix="com.OriginalFiles.Board.java" Intrnl_Id="1708">
<LocList>
<Loc EndOffset="2818" SrcFileId="7" StartOffset="2798"/>
</LocList>
</BasicStmnt>
</StmntSeq>
<Keyword EndOffset="2483" SrcFileId="7" StartOffset="2480"/>
<LocList>
<Loc EndOffset="2829" SrcFileId="7" StartOffset="2480"/>
</LocList>
<RootTerm CovItemId="C8" CovItemPrefix="com.OriginalFiles.Board.java" Intrnl_Id="1709">
<BasicBoolTerm Intrnl_Id="1710">
<LocList>
<Loc EndOffset="2501" SrcFileId="7" StartOffset="2496"/>
</LocList>
</BasicBoolTerm>
</RootTerm>
</LoopStmnt>
<LoopStmnt CovItemId="S40" CovItemPrefix="com.OriginalFiles.Board.java" Intrnl_Id="1711" MltplExecId="L4-2" MltplExecPrefix="com.OriginalFiles.Board.java" NvrExecId="L4-0" NvrExecPrefix="com.OriginalFiles.Board.java" OnceExecutedId="L4-1" OnceExecutedPrefix="com.OriginalFiles.Board.java" OptBodyExec="true">
<StmntSeq Intrnl_Id="1712">
<LocList>
<Loc EndOffset="2907" SrcFileId="7" StartOffset="2882"/>
<Loc EndOffset="2932" SrcFileId="7" StartOffset="2921"/>
<Loc EndOffset="2957" SrcFileId="7" StartOffset="2946"/>
<Loc EndOffset="3005" SrcFileId="7" StartOffset="2971"/>
<Loc EndOffset="3049" SrcFileId="7" StartOffset="3019"/>
<Loc EndOffset="3090" SrcFileId="7" StartOffset="3063"/>
<Loc EndOffset="3136" SrcFileId="7" StartOffset="3104"/>
<Loc EndOffset="3173" SrcFileId="7" StartOffset="3150"/>
</LocList>
<BasicStmnt CovItemId="S41" CovItemPrefix="com.OriginalFiles.Board.java" Intrnl_Id="1713">
<LocList>
<Loc EndOffset="2907" SrcFileId="7" StartOffset="2882"/>
</LocList>
</BasicStmnt>
<BasicStmnt CovItemId="S42" CovItemPrefix="com.OriginalFiles.Board.java" Intrnl_Id="1714">
<LocList>
<Loc EndOffset="2932" SrcFileId="7" StartOffset="2921"/>
</LocList>
</BasicStmnt>
<BasicStmnt CovItemId="S43" CovItemPrefix="com.OriginalFiles.Board.java" Intrnl_Id="1715">
<LocList>
<Loc EndOffset="2957" SrcFileId="7" StartOffset="2946"/>
</LocList>
</BasicStmnt>
<BasicStmnt CovItemId="S44" CovItemPrefix="com.OriginalFiles.Board.java" Intrnl_Id="1716">
<LocList>
<Loc EndOffset="3005" SrcFileId="7" StartOffset="2971"/>
</LocList>
</BasicStmnt>
<BasicStmnt CovItemId="S45" CovItemPrefix="com.OriginalFiles.Board.java" Intrnl_Id="1717">
<LocList>
<Loc EndOffset="3049" SrcFileId="7" StartOffset="3019"/>
</LocList>
</BasicStmnt>
<BasicStmnt CovItemId="S46" CovItemPrefix="com.OriginalFiles.Board.java" Intrnl_Id="1718">
<LocList>
<Loc EndOffset="3090" SrcFileId="7" StartOffset="3063"/>
</LocList>
</BasicStmnt>
<BasicStmnt CovItemId="S47" CovItemPrefix="com.OriginalFiles.Board.java" Intrnl_Id="1719">
<LocList>
<Loc EndOffset="3136" SrcFileId="7" StartOffset="3104"/>
</LocList>
</BasicStmnt>
<BasicStmnt CovItemId="S48" CovItemPrefix="com.OriginalFiles.Board.java" Intrnl_Id="1720">
<LocList>
<Loc EndOffset="3173" SrcFileId="7" StartOffset="3150"/>
</LocList>
</BasicStmnt>
</StmntSeq>
<Keyword EndOffset="2842" SrcFileId="7" StartOffset="2839"/>
<LocList>
<Loc EndOffset="3184" SrcFileId="7" StartOffset="2839"/>
</LocList>
<RootTerm CovItemId="C9" CovItemPrefix="com.OriginalFiles.Board.java" Intrnl_Id="1721">
<BasicBoolTerm Intrnl_Id="1722">
<LocList>
<Loc EndOffset="2860" SrcFileId="7" StartOffset="2855"/>
</LocList>
</BasicBoolTerm>
</RootTerm>
</LoopStmnt>
<LoopStmnt CovItemId="S49" CovItemPrefix="com.OriginalFiles.Board.java" Intrnl_Id="1723" MltplExecId="L5-2" MltplExecPrefix="com.OriginalFiles.Board.java" NvrExecId="L5-0" NvrExecPrefix="com.OriginalFiles.Board.java" OnceExecutedId="L5-1" OnceExecutedPrefix="com.OriginalFiles.Board.java" OptBodyExec="true">
<StmntSeq Intrnl_Id="1724">
<LocList>
<Loc EndOffset="3450" SrcFileId="7" StartOffset="3258"/>
</LocList>
<LoopStmnt CovItemId="S50" CovItemPrefix="com.OriginalFiles.Board.java" Intrnl_Id="1725" MltplExecId="L6-2" MltplExecPrefix="com.OriginalFiles.Board.java" NvrExecId="L6-0" NvrExecPrefix="com.OriginalFiles.Board.java" OnceExecutedId="L6-1" OnceExecutedPrefix="com.OriginalFiles.Board.java" OptBodyExec="true">
<StmntSeq Intrnl_Id="1726">
<LocList>
<Loc EndOffset="3330" SrcFileId="7" StartOffset="3305"/>
<Loc EndOffset="3359" SrcFileId="7" StartOffset="3348"/>
<Loc EndOffset="3393" SrcFileId="7" StartOffset="3377"/>
<Loc EndOffset="3435" SrcFileId="7" StartOffset="3411"/>
</LocList>
<BasicStmnt CovItemId="S51" CovItemPrefix="com.OriginalFiles.Board.java" Intrnl_Id="1727">
<LocList>
<Loc EndOffset="3330" SrcFileId="7" StartOffset="3305"/>
</LocList>
</BasicStmnt>
<BasicStmnt CovItemId="S52" CovItemPrefix="com.OriginalFiles.Board.java" Intrnl_Id="1728">
<LocList>
<Loc EndOffset="3359" SrcFileId="7" StartOffset="3348"/>
</LocList>
</BasicStmnt>
<BasicStmnt CovItemId="S53" CovItemPrefix="com.OriginalFiles.Board.java" Intrnl_Id="1729">
<LocList>
<Loc EndOffset="3393" SrcFileId="7" StartOffset="3377"/>
</LocList>
</BasicStmnt>
<BasicStmnt CovItemId="S54" CovItemPrefix="com.OriginalFiles.Board.java" Intrnl_Id="1730">
<LocList>
<Loc EndOffset="3435" SrcFileId="7" StartOffset="3411"/>
</LocList>
</BasicStmnt>
</StmntSeq>
<Keyword EndOffset="3261" SrcFileId="7" StartOffset="3258"/>
<LocList>
<Loc EndOffset="3450" SrcFileId="7" StartOffset="3258"/>
</LocList>
<RootTerm CovItemId="C11" CovItemPrefix="com.OriginalFiles.Board.java" Intrnl_Id="1731">
<BasicBoolTerm Intrnl_Id="1732">
<LocList>
<Loc EndOffset="3279" SrcFileId="7" StartOffset="3274"/>
</LocList>
</BasicBoolTerm>
</RootTerm>
</LoopStmnt>
</StmntSeq>
<Keyword EndOffset="3218" SrcFileId="7" StartOffset="3215"/>
<LocList>
<Loc EndOffset="3461" SrcFileId="7" StartOffset="3215"/>
</LocList>
<RootTerm CovItemId="C10" CovItemPrefix="com.OriginalFiles.Board.java" Intrnl_Id="1733">
<BasicBoolTerm Intrnl_Id="1734">
<LocList>
<Loc EndOffset="3236" SrcFileId="7" StartOffset="3231"/>
</LocList>
</BasicBoolTerm>
</RootTerm>
</LoopStmnt>
<LoopStmnt CovItemId="S55" CovItemPrefix="com.OriginalFiles.Board.java" Intrnl_Id="1735" MltplExecId="L7-2" MltplExecPrefix="com.OriginalFiles.Board.java" NvrExecId="L7-0" NvrExecPrefix="com.OriginalFiles.Board.java" OnceExecutedId="L7-1" OnceExecutedPrefix="com.OriginalFiles.Board.java" OptBodyExec="true">
<StmntSeq Intrnl_Id="1736">
<LocList>
<Loc EndOffset="3711" SrcFileId="7" StartOffset="3516"/>
</LocList>
<LoopStmnt CovItemId="S56" CovItemPrefix="com.OriginalFiles.Board.java" Intrnl_Id="1737" MltplExecId="L8-2" MltplExecPrefix="com.OriginalFiles.Board.java" NvrExecId="L8-0" NvrExecPrefix="com.OriginalFiles.Board.java" OnceExecutedId="L8-1" OnceExecutedPrefix="com.OriginalFiles.Board.java" OptBodyExec="true">
<StmntSeq Intrnl_Id="1738">
<LocList>
<Loc EndOffset="3588" SrcFileId="7" StartOffset="3563"/>
<Loc EndOffset="3617" SrcFileId="7" StartOffset="3606"/>
<Loc EndOffset="3651" SrcFileId="7" StartOffset="3635"/>
<Loc EndOffset="3696" SrcFileId="7" StartOffset="3669"/>
</LocList>
<BasicStmnt CovItemId="S57" CovItemPrefix="com.OriginalFiles.Board.java" Intrnl_Id="1739">
<LocList>
<Loc EndOffset="3588" SrcFileId="7" StartOffset="3563"/>
</LocList>
</BasicStmnt>
<BasicStmnt CovItemId="S58" CovItemPrefix="com.OriginalFiles.Board.java" Intrnl_Id="1740">
<LocList>
<Loc EndOffset="3617" SrcFileId="7" StartOffset="3606"/>
</LocList>
</BasicStmnt>
<BasicStmnt CovItemId="S59" CovItemPrefix="com.OriginalFiles.Board.java" Intrnl_Id="1741">
<LocList>
<Loc EndOffset="3651" SrcFileId="7" StartOffset="3635"/>
</LocList>
</BasicStmnt>
<BasicStmnt CovItemId="S60" CovItemPrefix="com.OriginalFiles.Board.java" Intrnl_Id="1742">
<LocList>
<Loc EndOffset="3696" SrcFileId="7" StartOffset="3669"/>
</LocList>
</BasicStmnt>
</StmntSeq>
<Keyword EndOffset="3519" SrcFileId="7" StartOffset="3516"/>
<LocList>
<Loc EndOffset="3711" SrcFileId="7" StartOffset="3516"/>
</LocList>
<RootTerm CovItemId="C13" CovItemPrefix="com.OriginalFiles.Board.java" Intrnl_Id="1743">
<BasicBoolTerm Intrnl_Id="1744">
<LocList>
<Loc EndOffset="3537" SrcFileId="7" StartOffset="3532"/>
</LocList>
</BasicBoolTerm>
</RootTerm>
</LoopStmnt>
</StmntSeq>
<Keyword EndOffset="3476" SrcFileId="7" StartOffset="3473"/>
<LocList>
<Loc EndOffset="3722" SrcFileId="7" StartOffset="3473"/>
</LocList>
<RootTerm CovItemId="C12" CovItemPrefix="com.OriginalFiles.Board.java" Intrnl_Id="1745">
<BasicBoolTerm Intrnl_Id="1746">
<LocList>
<Loc EndOffset="3494" SrcFileId="7" StartOffset="3489"/>
</LocList>
</BasicBoolTerm>
</RootTerm>
</LoopStmnt>
</StmntSeq>
</HierarchyLvl>
<HierarchyLvl HierarchyLvlId="58" HierarchyLvlTypeId="14" Intrnl_Id="1747" Name="resetVisited">
<Header>
<Loc EndOffset="3769" SrcFileId="7" StartOffset="3737"/>
</Header>
<LocList>
<Loc EndOffset="3918" SrcFileId="7" StartOffset="3737"/>
</LocList>
<StmntSeq Intrnl_Id="1748">
<LocList>
<Loc EndOffset="3911" SrcFileId="7" StartOffset="3781"/>
</LocList>
<LoopStmnt CovItemId="S61" CovItemPrefix="com.OriginalFiles.Board.java" Intrnl_Id="1749" MltplExecId="L9-2" MltplExecPrefix="com.OriginalFiles.Board.java" NvrExecId="L9-0" NvrExecPrefix="com.OriginalFiles.Board.java" OnceExecutedId="L9-1" OnceExecutedPrefix="com.OriginalFiles.Board.java" OptBodyExec="true">
<StmntSeq Intrnl_Id="1750">
<LocList>
<Loc EndOffset="3900" SrcFileId="7" StartOffset="3822"/>
</LocList>
<LoopStmnt CovItemId="S62" CovItemPrefix="com.OriginalFiles.Board.java" Intrnl_Id="1751" MltplExecId="L10-2" MltplExecPrefix="com.OriginalFiles.Board.java" NvrExecId="L10-0" NvrExecPrefix="com.OriginalFiles.Board.java" OnceExecutedId="L10-1" OnceExecutedPrefix="com.OriginalFiles.Board.java" OptBodyExec="true">
<StmntSeq Intrnl_Id="1752">
<LocList>
<Loc EndOffset="3885" SrcFileId="7" StartOffset="3863"/>
</LocList>
<BasicStmnt CovItemId="S63" CovItemPrefix="com.OriginalFiles.Board.java" Intrnl_Id="1753">
<LocList>
<Loc EndOffset="3885" SrcFileId="7" StartOffset="3863"/>
</LocList>
</BasicStmnt>
</StmntSeq>
<Keyword EndOffset="3825" SrcFileId="7" StartOffset="3822"/>
<LocList>
<Loc EndOffset="3900" SrcFileId="7" StartOffset="3822"/>
</LocList>
</LoopStmnt>
</StmntSeq>
<Keyword EndOffset="3784" SrcFileId="7" StartOffset="3781"/>
<LocList>
<Loc EndOffset="3911" SrcFileId="7" StartOffset="3781"/>
</LocList>
</LoopStmnt>
</StmntSeq>
</HierarchyLvl>
<HierarchyLvl HierarchyLvlId="59" HierarchyLvlTypeId="14" Intrnl_Id="1754" Name="sortListOfFields">
<Header>
<Loc EndOffset="4055" SrcFileId="7" StartOffset="3995"/>
</Header>
<LocList>
<Loc EndOffset="4812" SrcFileId="7" StartOffset="3995"/>
</LocList>
<StmntSeq Intrnl_Id="1755">
<LocList>
<Loc EndOffset="4077" SrcFileId="7" StartOffset="4067"/>
<Loc EndOffset="4097" SrcFileId="7" StartOffset="4087"/>
<Loc EndOffset="4152" SrcFileId="7" StartOffset="4107"/>
<Loc EndOffset="4805" SrcFileId="7" StartOffset="4162"/>
</LocList>
<BasicStmnt CovItemId="S64" CovItemPrefix="com.OriginalFiles.Board.java" Intrnl_Id="1756">
<LocList>
<Loc EndOffset="4077" SrcFileId="7" StartOffset="4067"/>
</LocList>
</BasicStmnt>
<BasicStmnt CovItemId="S65" CovItemPrefix="com.OriginalFiles.Board.java" Intrnl_Id="1757">
<LocList>
<Loc EndOffset="4097" SrcFileId="7" StartOffset="4087"/>
</LocList>
</BasicStmnt>
<BasicStmnt CovItemId="S66" CovItemPrefix="com.OriginalFiles.Board.java" Intrnl_Id="1758">
<LocList>
<Loc EndOffset="4152" SrcFileId="7" StartOffset="4107"/>
</LocList>
</BasicStmnt>
<LoopStmnt CovItemId="S67" CovItemPrefix="com.OriginalFiles.Board.java" Intrnl_Id="1759" MltplExecId="L11-2" MltplExecPrefix="com.OriginalFiles.Board.java" NvrExecId="L11-0" NvrExecPrefix="com.OriginalFiles.Board.java" OnceExecutedId="L11-1" OnceExecutedPrefix="com.OriginalFiles.Board.java" OptBodyExec="true">
<StmntSeq Intrnl_Id="1760">
<LocList>
<Loc EndOffset="4714" SrcFileId="7" StartOffset="4222"/>
<Loc EndOffset="4754" SrcFileId="7" StartOffset="4728"/>
<Loc EndOffset="4794" SrcFileId="7" StartOffset="4768"/>
</LocList>
<LoopStmnt CovItemId="S68" CovItemPrefix="com.OriginalFiles.Board.java" Intrnl_Id="1761" MltplExecId="L12-2" MltplExecPrefix="com.OriginalFiles.Board.java" NvrExecId="L12-0" NvrExecPrefix="com.OriginalFiles.Board.java" OnceExecutedId="L12-1" OnceExecutedPrefix="com.OriginalFiles.Board.java" OptBodyExec="true">
<StmntSeq Intrnl_Id="1762">
<LocList>
<Loc EndOffset="4699" SrcFileId="7" StartOffset="4290"/>
</LocList>
<CondStmnt CovItemId="S69" CovItemPrefix="com.OriginalFiles.Board.java" Intrnl_Id="1763">
<Branch CovItemId="B11" CovItemPrefix="com.OriginalFiles.Board.java" Implct="false" Intrnl_Id="1764">
<Cond/>
<LocList>
<Loc EndOffset="4699" SrcFileId="7" StartOffset="4379"/>
</LocList>
<StmntSeq Intrnl_Id="1765">
<LocList>
<Loc EndOffset="4436" SrcFileId="7" StartOffset="4402"/>
<Loc EndOffset="4492" SrcFileId="7" StartOffset="4458"/>
<Loc EndOffset="4537" SrcFileId="7" StartOffset="4514"/>
<Loc EndOffset="4582" SrcFileId="7" StartOffset="4559"/>
<Loc EndOffset="4631" SrcFileId="7" StartOffset="4604"/>
<Loc EndOffset="4680" SrcFileId="7" StartOffset="4653"/>
</LocList>
<BasicStmnt CovItemId="S70" CovItemPrefix="com.OriginalFiles.Board.java" Intrnl_Id="1766">
<LocList>
<Loc EndOffset="4436" SrcFileId="7" StartOffset="4402"/>
</LocList>
</BasicStmnt>
<BasicStmnt CovItemId="S71" CovItemPrefix="com.OriginalFiles.Board.java" Intrnl_Id="1767">
<LocList>
<Loc EndOffset="4492" SrcFileId="7" StartOffset="4458"/>
</LocList>
</BasicStmnt>
<BasicStmnt CovItemId="S72" CovItemPrefix="com.OriginalFiles.Board.java" Intrnl_Id="1768">
<LocList>
<Loc EndOffset="4537" SrcFileId="7" StartOffset="4514"/>
</LocList>
</BasicStmnt>
<BasicStmnt CovItemId="S73" CovItemPrefix="com.OriginalFiles.Board.java" Intrnl_Id="1769">
<LocList>
<Loc EndOffset="4582" SrcFileId="7" StartOffset="4559"/>
</LocList>
</BasicStmnt>
<BasicStmnt CovItemId="S74" CovItemPrefix="com.OriginalFiles.Board.java" Intrnl_Id="1770">
<LocList>
<Loc EndOffset="4631" SrcFileId="7" StartOffset="4604"/>
</LocList>
</BasicStmnt>
<BasicStmnt CovItemId="S75" CovItemPrefix="com.OriginalFiles.Board.java" Intrnl_Id="1771">
<LocList>
<Loc EndOffset="4680" SrcFileId="7" StartOffset="4653"/>
</LocList>
</BasicStmnt>
</StmntSeq>
</Branch>
<Branch CovItemId="B12" CovItemPrefix="com.OriginalFiles.Board.java" Implct="true" Intrnl_Id="1772">
<Cond/>
<LocList/>
<StmntSeq Intrnl_Id="1773">
<LocList/>
</StmntSeq>
</Branch>
<Keyword EndOffset="4292" SrcFileId="7" StartOffset="4290"/>
<LocList>
<Loc EndOffset="4699" SrcFileId="7" StartOffset="4290"/>
</LocList>
<RootTerm CovItemId="C16" CovItemPrefix="com.OriginalFiles.Board.java" Intrnl_Id="1774">
<OpTerm BooleanOpId="9" Intrnl_Id="1775">
<BasicBoolTerm Intrnl_Id="1776">
<LocList>
<Loc EndOffset="4377" SrcFileId="7" StartOffset="4295"/>
</LocList>
</BasicBoolTerm>
<LocList>
<Loc EndOffset="4295" SrcFileId="7" StartOffset="4294"/>
</LocList>
</OpTerm>
</RootTerm>
</CondStmnt>
</StmntSeq>
<Keyword EndOffset="4225" SrcFileId="7" StartOffset="4222"/>
<LocList>
<Loc EndOffset="4714" SrcFileId="7" StartOffset="4222"/>
</LocList>
<RootTerm CovItemId="C15" CovItemPrefix="com.OriginalFiles.Board.java" Intrnl_Id="1777">
<BasicBoolTerm Intrnl_Id="1778">
<LocList>
<Loc EndOffset="4264" SrcFileId="7" StartOffset="4242"/>
</LocList>
</BasicBoolTerm>
</RootTerm>
</LoopStmnt>
<BasicStmnt CovItemId="S76" CovItemPrefix="com.OriginalFiles.Board.java" Intrnl_Id="1779">
<LocList>
<Loc EndOffset="4754" SrcFileId="7" StartOffset="4728"/>
</LocList>
</BasicStmnt>
<BasicStmnt CovItemId="S77" CovItemPrefix="com.OriginalFiles.Board.java" Intrnl_Id="1780">
<LocList>
<Loc EndOffset="4794" SrcFileId="7" StartOffset="4768"/>
</LocList>
</BasicStmnt>
</StmntSeq>
<Keyword EndOffset="4165" SrcFileId="7" StartOffset="4162"/>
<LocList>
<Loc EndOffset="4805" SrcFileId="7" StartOffset="4162"/>
</LocList>
<RootTerm CovItemId="C14" CovItemPrefix="com.OriginalFiles.Board.java" Intrnl_Id="1781">
<BasicBoolTerm Intrnl_Id="1782">
<LocList>
<Loc EndOffset="4200" SrcFileId="7" StartOffset="4178"/>
</LocList>
</BasicBoolTerm>
</RootTerm>
</LoopStmnt>
</StmntSeq>
</HierarchyLvl>
<HierarchyLvl HierarchyLvlId="60" HierarchyLvlTypeId="14" Intrnl_Id="1783" Name="isGreater">
<Header>
<Loc EndOffset="4995" SrcFileId="7" StartOffset="4890"/>
</Header>
<LocList>
<Loc EndOffset="6448" SrcFileId="7" StartOffset="4890"/>
</LocList>
<StmntSeq Intrnl_Id="1784">
<LocList>
<Loc EndOffset="6441" SrcFileId="7" StartOffset="5050"/>
</LocList>
<CondStmnt CovItemId="S78" CovItemPrefix="com.OriginalFiles.Board.java" Intrnl_Id="1785">
<Branch CovItemId="B13" CovItemPrefix="com.OriginalFiles.Board.java" Implct="false" Intrnl_Id="1786">
<Cond/>
<LocList>
<Loc EndOffset="5330" SrcFileId="7" StartOffset="5292"/>
</LocList>
<StmntSeq Intrnl_Id="1787">
<LocList>
<Loc EndOffset="5319" SrcFileId="7" StartOffset="5307"/>
</LocList>
<BasicStmnt CovItemId="S79" CovItemPrefix="com.OriginalFiles.Board.java" Intrnl_Id="1788">
<LocList>
<Loc EndOffset="5319" SrcFileId="7" StartOffset="5307"/>
</LocList>
</BasicStmnt>
</StmntSeq>
</Branch>
<Branch CovItemId="B14" CovItemPrefix="com.OriginalFiles.Board.java" Implct="false" Intrnl_Id="1789">
<Cond>
<Loc EndOffset="5335" SrcFileId="7" StartOffset="5331"/>
</Cond>
<LocList>
<Loc EndOffset="6441" SrcFileId="7" StartOffset="5336"/>
</LocList>
<StmntSeq Intrnl_Id="1790">
<LocList>
<Loc EndOffset="6441" SrcFileId="7" StartOffset="5336"/>
</LocList>
<CondStmnt CovItemId="S80" CovItemPrefix="com.OriginalFiles.Board.java" Intrnl_Id="1791">
<Branch CovItemId="B15" CovItemPrefix="com.OriginalFiles.Board.java" Implct="false" Intrnl_Id="1792">
<Cond/>
<LocList>
<Loc EndOffset="5478" SrcFileId="7" StartOffset="5440"/>
</LocList>
<StmntSeq Intrnl_Id="1793">
<LocList>
<Loc EndOffset="5467" SrcFileId="7" StartOffset="5455"/>
</LocList>
<BasicStmnt CovItemId="S81" CovItemPrefix="com.OriginalFiles.Board.java" Intrnl_Id="1794">
<LocList>
<Loc EndOffset="5467" SrcFileId="7" StartOffset="5455"/>
</LocList>
</BasicStmnt>
</StmntSeq>
</Branch>
<Branch CovItemId="B16" CovItemPrefix="com.OriginalFiles.Board.java" Implct="false" Intrnl_Id="1795">
<Cond>
<Loc EndOffset="5483" SrcFileId="7" StartOffset="5479"/>
</Cond>
<LocList>
<Loc EndOffset="6441" SrcFileId="7" StartOffset="5484"/>
</LocList>
<StmntSeq Intrnl_Id="1796">
<LocList>
<Loc EndOffset="6441" SrcFileId="7" StartOffset="5484"/>
</LocList>
<CondStmnt CovItemId="S82" CovItemPrefix="com.OriginalFiles.Board.java" Intrnl_Id="1797">
<Branch CovItemId="B17" CovItemPrefix="com.OriginalFiles.Board.java" Implct="false" Intrnl_Id="1798">
<Cond/>
<LocList>
<Loc EndOffset="5627" SrcFileId="7" StartOffset="5588"/>
</LocList>
<StmntSeq Intrnl_Id="1799">
<LocList>
<Loc EndOffset="5616" SrcFileId="7" StartOffset="5603"/>
</LocList>
<BasicStmnt CovItemId="S83" CovItemPrefix="com.OriginalFiles.Board.java" Intrnl_Id="1800">
<LocList>
<Loc EndOffset="5616" SrcFileId="7" StartOffset="5603"/>
</LocList>
</BasicStmnt>
</StmntSeq>
</Branch>
<Branch CovItemId="B18" CovItemPrefix="com.OriginalFiles.Board.java" Implct="false" Intrnl_Id="1801">
<Cond>
<Loc EndOffset="5632" SrcFileId="7" StartOffset="5628"/>
</Cond>
<LocList>
<Loc EndOffset="6441" SrcFileId="7" StartOffset="5633"/>
</LocList>
<StmntSeq Intrnl_Id="1802">
<LocList>
<Loc EndOffset="6430" SrcFileId="7" StartOffset="5648"/>
</LocList>
<CondStmnt CovItemId="S84" CovItemPrefix="com.OriginalFiles.Board.java" Intrnl_Id="1803">
<Branch CovItemId="B19" CovItemPrefix="com.OriginalFiles.Board.java" Implct="false" Intrnl_Id="1804">
<Cond/>
<LocList>
<Loc EndOffset="5806" SrcFileId="7" StartOffset="5760"/>
</LocList>
<StmntSeq Intrnl_Id="1805">
<LocList>
<Loc EndOffset="5791" SrcFileId="7" StartOffset="5779"/>
</LocList>
<BasicStmnt CovItemId="S85" CovItemPrefix="com.OriginalFiles.Board.java" Intrnl_Id="1806">
<LocList>
<Loc EndOffset="5791" SrcFileId="7" StartOffset="5779"/>
</LocList>
</BasicStmnt>
</StmntSeq>
</Branch>
<Branch CovItemId="B20" CovItemPrefix="com.OriginalFiles.Board.java" Implct="false" Intrnl_Id="1807">
<Cond>
<Loc EndOffset="5811" SrcFileId="7" StartOffset="5807"/>
</Cond>
<LocList>
<Loc EndOffset="6430" SrcFileId="7" StartOffset="5812"/>
</LocList>
<StmntSeq Intrnl_Id="1808">
<LocList>
<Loc EndOffset="6430" SrcFileId="7" StartOffset="5812"/>
</LocList>
<CondStmnt CovItemId="S86" CovItemPrefix="com.OriginalFiles.Board.java" Intrnl_Id="1809">
<Branch CovItemId="B21" CovItemPrefix="com.OriginalFiles.Board.java" Implct="false" Intrnl_Id="1810">
<Cond/>
<LocList>
<Loc EndOffset="5975" SrcFileId="7" StartOffset="5928"/>
</LocList>
<StmntSeq Intrnl_Id="1811">
<LocList>
<Loc EndOffset="5960" SrcFileId="7" StartOffset="5947"/>
</LocList>
<BasicStmnt CovItemId="S87" CovItemPrefix="com.OriginalFiles.Board.java" Intrnl_Id="1812">
<LocList>
<Loc EndOffset="5960" SrcFileId="7" StartOffset="5947"/>
</LocList>
</BasicStmnt>
</StmntSeq>
</Branch>
<Branch CovItemId="B22" CovItemPrefix="com.OriginalFiles.Board.java" Implct="false" Intrnl_Id="1813">
<Cond>
<Loc EndOffset="5980" SrcFileId="7" StartOffset="5976"/>
</Cond>
<LocList>
<Loc EndOffset="6430" SrcFileId="7" StartOffset="5981"/>
</LocList>
<StmntSeq Intrnl_Id="1814">
<LocList>
<Loc EndOffset="6415" SrcFileId="7" StartOffset="6000"/>
</LocList>
<CondStmnt CovItemId="S88" CovItemPrefix="com.OriginalFiles.Board.java" Intrnl_Id="1815">
<Branch CovItemId="B23" CovItemPrefix="com.OriginalFiles.Board.java" Implct="false" Intrnl_Id="1816">
<Cond/>
<LocList>
<Loc EndOffset="6157" SrcFileId="7" StartOffset="6102"/>
</LocList>
<StmntSeq Intrnl_Id="1817">
<LocList>
<Loc EndOffset="6138" SrcFileId="7" StartOffset="6125"/>
</LocList>
<BasicStmnt CovItemId="S89" CovItemPrefix="com.OriginalFiles.Board.java" Intrnl_Id="1818">
<LocList>
<Loc EndOffset="6138" SrcFileId="7" StartOffset="6125"/>
</LocList>
</BasicStmnt>
</StmntSeq>
</Branch>
<Branch CovItemId="B24" CovItemPrefix="com.OriginalFiles.Board.java" Implct="false" Intrnl_Id="1819">
<Cond>
<Loc EndOffset="6162" SrcFileId="7" StartOffset="6158"/>
</Cond>
<LocList>
<Loc EndOffset="6415" SrcFileId="7" StartOffset="6163"/>
</LocList>
<StmntSeq Intrnl_Id="1820">
<LocList>
<Loc EndOffset="6415" SrcFileId="7" StartOffset="6163"/>
</LocList>
<CondStmnt CovItemId="S90" CovItemPrefix="com.OriginalFiles.Board.java" Intrnl_Id="1821">
<Branch CovItemId="B25" CovItemPrefix="com.OriginalFiles.Board.java" Implct="false" Intrnl_Id="1822">
<Cond/>
<LocList>
<Loc EndOffset="6326" SrcFileId="7" StartOffset="6272"/>
</LocList>
<StmntSeq Intrnl_Id="1823">
<LocList>
<Loc EndOffset="6307" SrcFileId="7" StartOffset="6295"/>
</LocList>
<BasicStmnt CovItemId="S91" CovItemPrefix="com.OriginalFiles.Board.java" Intrnl_Id="1824">
<LocList>
<Loc EndOffset="6307" SrcFileId="7" StartOffset="6295"/>
</LocList>
</BasicStmnt>
</StmntSeq>
</Branch>
<Branch CovItemId="B26" CovItemPrefix="com.OriginalFiles.Board.java" Implct="false" Intrnl_Id="1825">
<Cond>
<Loc EndOffset="6331" SrcFileId="7" StartOffset="6327"/>
</Cond>
<LocList>
<Loc EndOffset="6415" SrcFileId="7" StartOffset="6332"/>
</LocList>
<StmntSeq Intrnl_Id="1826">
<LocList>
<Loc EndOffset="6396" SrcFileId="7" StartOffset="6355"/>
</LocList>
<BasicStmnt CovItemId="S92" CovItemPrefix="com.OriginalFiles.Board.java" Intrnl_Id="1827">
<LocList>
<Loc EndOffset="6396" SrcFileId="7" StartOffset="6355"/>
</LocList>
</BasicStmnt>
</StmntSeq>
</Branch>
<Keyword EndOffset="6165" SrcFileId="7" StartOffset="6163"/>
<LocList>
<Loc EndOffset="6415" SrcFileId="7" StartOffset="6163"/>
</LocList>
<RootTerm CovItemId="C23" CovItemPrefix="com.OriginalFiles.Board.java" Intrnl_Id="1828">
<BasicBoolTerm Intrnl_Id="1829">
<LocList>
<Loc EndOffset="6270" SrcFileId="7" StartOffset="6167"/>
</LocList>
</BasicBoolTerm>
</RootTerm>
</CondStmnt>
</StmntSeq>
</Branch>
<Keyword EndOffset="6002" SrcFileId="7" StartOffset="6000"/>
<LocList>
<Loc EndOffset="6415" SrcFileId="7" StartOffset="6000"/>
</LocList>
<RootTerm CovItemId="C22" CovItemPrefix="com.OriginalFiles.Board.java" Intrnl_Id="1830">
<BasicBoolTerm Intrnl_Id="1831">
<LocList>
<Loc EndOffset="6100" SrcFileId="7" StartOffset="6004"/>
</LocList>
</BasicBoolTerm>
</RootTerm>
</CondStmnt>
</StmntSeq>
</Branch>
<Keyword EndOffset="5814" SrcFileId="7" StartOffset="5812"/>
<LocList>
<Loc EndOffset="6430" SrcFileId="7" StartOffset="5812"/>
</LocList>
<RootTerm CovItemId="C21" CovItemPrefix="com.OriginalFiles.Board.java" Intrnl_Id="1832">
<OpTerm BooleanOpId="10" Intrnl_Id="1833">
<OpTerm BooleanOpId="10" Intrnl_Id="1834">
<BasicBoolTerm Intrnl_Id="1835">
<LocList>
<Loc EndOffset="5837" SrcFileId="7" StartOffset="5816"/>
</LocList>
</BasicBoolTerm>
<BasicBoolTerm Intrnl_Id="1836">
<LocList>
<Loc EndOffset="5858" SrcFileId="7" StartOffset="5841"/>
</LocList>
</BasicBoolTerm>
<LocList>
<Loc EndOffset="5840" SrcFileId="7" StartOffset="5838"/>
</LocList>
</OpTerm>
<OpTerm BooleanOpId="9" Intrnl_Id="1837">
<BasicBoolTerm Intrnl_Id="1838">
<LocList>
<Loc EndOffset="5926" SrcFileId="7" StartOffset="5884"/>
</LocList>
</BasicBoolTerm>
<LocList>
<Loc EndOffset="5884" SrcFileId="7" StartOffset="5883"/>
</LocList>
</OpTerm>
<LocList>
<Loc EndOffset="5882" SrcFileId="7" StartOffset="5880"/>
</LocList>
</OpTerm>
</RootTerm>
</CondStmnt>
</StmntSeq>
</Branch>
<Keyword EndOffset="5650" SrcFileId="7" StartOffset="5648"/>
<LocList>
<Loc EndOffset="6430" SrcFileId="7" StartOffset="5648"/>
</LocList>
<RootTerm CovItemId="C20" CovItemPrefix="com.OriginalFiles.Board.java" Intrnl_Id="1839">
<OpTerm BooleanOpId="10" Intrnl_Id="1840">
<OpTerm BooleanOpId="10" Intrnl_Id="1841">
<BasicBoolTerm Intrnl_Id="1842">
<LocList>
<Loc EndOffset="5669" SrcFileId="7" StartOffset="5652"/>
</LocList>
</BasicBoolTerm>
<BasicBoolTerm Intrnl_Id="1843">
<LocList>
<Loc EndOffset="5694" SrcFileId="7" StartOffset="5673"/>
</LocList>
</BasicBoolTerm>
<LocList>
<Loc EndOffset="5672" SrcFileId="7" StartOffset="5670"/>
</LocList>
</OpTerm>
<OpTerm BooleanOpId="9" Intrnl_Id="1844">
<BasicBoolTerm Intrnl_Id="1845">
<LocList>
<Loc EndOffset="5758" SrcFileId="7" StartOffset="5720"/>
</LocList>
</BasicBoolTerm>
<LocList>
<Loc EndOffset="5720" SrcFileId="7" StartOffset="5719"/>
</LocList>
</OpTerm>
<LocList>
<Loc EndOffset="5718" SrcFileId="7" StartOffset="5716"/>
</LocList>
</OpTerm>
</RootTerm>
</CondStmnt>
</StmntSeq>
</Branch>
<Keyword EndOffset="5486" SrcFileId="7" StartOffset="5484"/>
<LocList>
<Loc EndOffset="6441" SrcFileId="7" StartOffset="5484"/>
</LocList>
<RootTerm CovItemId="C19" CovItemPrefix="com.OriginalFiles.Board.java" Intrnl_Id="1846">
<OpTerm BooleanOpId="10" Intrnl_Id="1847">
<BasicBoolTerm Intrnl_Id="1848">
<LocList>
<Loc EndOffset="5528" SrcFileId="7" StartOffset="5488"/>
</LocList>
</BasicBoolTerm>
<OpTerm BooleanOpId="9" Intrnl_Id="1849">
<BasicBoolTerm Intrnl_Id="1850">
<LocList>
<Loc EndOffset="5586" SrcFileId="7" StartOffset="5550"/>
</LocList>
</BasicBoolTerm>
<LocList>
<Loc EndOffset="5550" SrcFileId="7" StartOffset="5549"/>
</LocList>
</OpTerm>
<LocList>
<Loc EndOffset="5548" SrcFileId="7" StartOffset="5546"/>
</LocList>
</OpTerm>
</RootTerm>
</CondStmnt>
</StmntSeq>
</Branch>
<Keyword EndOffset="5338" SrcFileId="7" StartOffset="5336"/>
<LocList>
<Loc EndOffset="6441" SrcFileId="7" StartOffset="5336"/>
</LocList>
<RootTerm CovItemId="C18" CovItemPrefix="com.OriginalFiles.Board.java" Intrnl_Id="1851">
<OpTerm BooleanOpId="10" Intrnl_Id="1852">
<BasicBoolTerm Intrnl_Id="1853">
<LocList>
<Loc EndOffset="5376" SrcFileId="7" StartOffset="5340"/>
</LocList>
</BasicBoolTerm>
<OpTerm BooleanOpId="9" Intrnl_Id="1854">
<BasicBoolTerm Intrnl_Id="1855">
<LocList>
<Loc EndOffset="5438" SrcFileId="7" StartOffset="5398"/>
</LocList>
</BasicBoolTerm>
<LocList>
<Loc EndOffset="5398" SrcFileId="7" StartOffset="5397"/>
</LocList>
</OpTerm>
<LocList>
<Loc EndOffset="5396" SrcFileId="7" StartOffset="5394"/>
</LocList>
</OpTerm>
</RootTerm>
</CondStmnt>
</StmntSeq>
</Branch>
<Keyword EndOffset="5052" SrcFileId="7" StartOffset="5050"/>
<LocList>
<Loc EndOffset="6441" SrcFileId="7" StartOffset="5050"/>
</LocList>
<RootTerm CovItemId="C17" CovItemPrefix="com.OriginalFiles.Board.java" Intrnl_Id="1856">
<OpTerm BooleanOpId="10" Intrnl_Id="1857">
<OpTerm BooleanOpId="10" Intrnl_Id="1858">
<OpTerm BooleanOpId="10" Intrnl_Id="1859">
<BasicBoolTerm Intrnl_Id="1860">
<LocList>
<Loc EndOffset="5090" SrcFileId="7" StartOffset="5054"/>
</LocList>
</BasicBoolTerm>
<OpTerm BooleanOpId="9" Intrnl_Id="1861">
<BasicBoolTerm Intrnl_Id="1862">
<LocList>
<Loc EndOffset="5150" SrcFileId="7" StartOffset="5112"/>
</LocList>
</BasicBoolTerm>
<LocList>
<Loc EndOffset="5112" SrcFileId="7" StartOffset="5111"/>
</LocList>
</OpTerm>
<LocList>
<Loc EndOffset="5110" SrcFileId="7" StartOffset="5108"/>
</LocList>
</OpTerm>
<BasicBoolTerm Intrnl_Id="1863">
<LocList>
<Loc EndOffset="5229" SrcFileId="7" StartOffset="5171"/>
</LocList>
</BasicBoolTerm>
<LocList>
<Loc EndOffset="5170" SrcFileId="7" StartOffset="5168"/>
</LocList>
</OpTerm>
<BasicBoolTerm Intrnl_Id="1864">
<LocList>
<Loc EndOffset="5290" SrcFileId="7" StartOffset="5250"/>
</LocList>
</BasicBoolTerm>
<LocList>
<Loc EndOffset="5249" SrcFileId="7" StartOffset="5247"/>
</LocList>
</OpTerm>
</RootTerm>
</CondStmnt>
</StmntSeq>
</HierarchyLvl>
<HierarchyLvl HierarchyLvlId="61" HierarchyLvlTypeId="14" Intrnl_Id="1865" Name="distance">
<Header>
<Loc EndOffset="6508" SrcFileId="7" StartOffset="6456"/>
</Header>
<LocList>
<Loc EndOffset="6590" SrcFileId="7" StartOffset="6456"/>
</LocList>
<StmntSeq Intrnl_Id="1866">
<LocList>
<Loc EndOffset="6583" SrcFileId="7" StartOffset="6520"/>
</LocList>
<BasicStmnt CovItemId="S93" CovItemPrefix="com.OriginalFiles.Board.java" Intrnl_Id="1867">
<LocList>
<Loc EndOffset="6583" SrcFileId="7" StartOffset="6520"/>
</LocList>
</BasicStmnt>
</StmntSeq>
</HierarchyLvl>
<HierarchyLvl HierarchyLvlId="62" HierarchyLvlTypeId="14" Intrnl_Id="1868" Name="verifyCorrectMove">
<Header>
<Loc EndOffset="6695" SrcFileId="7" StartOffset="6598"/>
</Header>
<LocList>
<Loc EndOffset="6918" SrcFileId="7" StartOffset="6598"/>
</LocList>
<StmntSeq Intrnl_Id="1869">
<LocList>
<Loc EndOffset="6889" SrcFileId="7" StartOffset="6707"/>
<Loc EndOffset="6911" SrcFileId="7" StartOffset="6899"/>
</LocList>
<CondStmnt CovItemId="S94" CovItemPrefix="com.OriginalFiles.Board.java" Intrnl_Id="1870">
<Branch CovItemId="B27" CovItemPrefix="com.OriginalFiles.Board.java" Implct="false" Intrnl_Id="1871">
<Cond/>
<LocList>
<Loc EndOffset="6889" SrcFileId="7" StartOffset="6741"/>
</LocList>
<StmntSeq Intrnl_Id="1872">
<LocList>
<Loc EndOffset="6878" SrcFileId="7" StartOffset="6756"/>
</LocList>
<CondStmnt CovItemId="S95" CovItemPrefix="com.OriginalFiles.Board.java" Intrnl_Id="1873">
<Branch CovItemId="B29" CovItemPrefix="com.OriginalFiles.Board.java" Implct="false" Intrnl_Id="1874">
<Cond/>
<LocList>
<Loc EndOffset="6878" SrcFileId="7" StartOffset="6796"/>
</LocList>
<StmntSeq Intrnl_Id="1875">
<LocList>
<Loc EndOffset="6863" SrcFileId="7" StartOffset="6815"/>
</LocList>
<BasicStmnt CovItemId="S96" CovItemPrefix="com.OriginalFiles.Board.java" Intrnl_Id="1876">
<LocList>
<Loc EndOffset="6863" SrcFileId="7" StartOffset="6815"/>
</LocList>
</BasicStmnt>
</StmntSeq>
</Branch>
<Branch CovItemId="B30" CovItemPrefix="com.OriginalFiles.Board.java" Implct="true" Intrnl_Id="1877">
<Cond/>
<LocList/>
<StmntSeq Intrnl_Id="1878">
<LocList/>
</StmntSeq>
</Branch>
<Keyword EndOffset="6758" SrcFileId="7" StartOffset="6756"/>
<LocList>
<Loc EndOffset="6878" SrcFileId="7" StartOffset="6756"/>
</LocList>
<RootTerm CovItemId="C25" CovItemPrefix="com.OriginalFiles.Board.java" Intrnl_Id="1879">
<BasicBoolTerm Intrnl_Id="1880">
<LocList>
<Loc EndOffset="6794" SrcFileId="7" StartOffset="6760"/>
</LocList>
</BasicBoolTerm>
</RootTerm>
</CondStmnt>
</StmntSeq>
</Branch>
<Branch CovItemId="B28" CovItemPrefix="com.OriginalFiles.Board.java" Implct="true" Intrnl_Id="1881">
<Cond/>
<LocList/>
<StmntSeq Intrnl_Id="1882">
<LocList/>
</StmntSeq>
</Branch>
<Keyword EndOffset="6709" SrcFileId="7" StartOffset="6707"/>
<LocList>
<Loc EndOffset="6889" SrcFileId="7" StartOffset="6707"/>
</LocList>
<RootTerm CovItemId="C24" CovItemPrefix="com.OriginalFiles.Board.java" Intrnl_Id="1883">
<BasicBoolTerm Intrnl_Id="1884">
<LocList>
<Loc EndOffset="6739" SrcFileId="7" StartOffset="6711"/>
</LocList>
</BasicBoolTerm>
</RootTerm>
</CondStmnt>
<BasicStmnt CovItemId="S97" CovItemPrefix="com.OriginalFiles.Board.java" Intrnl_Id="1885">
<LocList>
<Loc EndOffset="6911" SrcFileId="7" StartOffset="6899"/>
</LocList>
</BasicStmnt>
</StmntSeq>
</HierarchyLvl>
<HierarchyLvl HierarchyLvlId="63" HierarchyLvlTypeId="14" Intrnl_Id="1886" Name="peasentIsOnEndRow">
<Header>
<Loc EndOffset="6977" SrcFileId="7" StartOffset="6926"/>
</Header>
<LocList>
<Loc EndOffset="7353" SrcFileId="7" StartOffset="6926"/>
</LocList>
<StmntSeq Intrnl_Id="1887">
<LocList>
<Loc EndOffset="7323" SrcFileId="7" StartOffset="6989"/>
<Loc EndOffset="7346" SrcFileId="7" StartOffset="7333"/>
</LocList>
<CondStmnt CovItemId="S98" CovItemPrefix="com.OriginalFiles.Board.java" Intrnl_Id="1888">
<Branch CovItemId="B31" CovItemPrefix="com.OriginalFiles.Board.java" Implct="false" Intrnl_Id="1889">
<Cond/>
<LocList>
<Loc EndOffset="7323" SrcFileId="7" StartOffset="7011"/>
</LocList>
<StmntSeq Intrnl_Id="1890">
<LocList>
<Loc EndOffset="7187" SrcFileId="7" StartOffset="7053"/>
<Loc EndOffset="7312" SrcFileId="7" StartOffset="7203"/>
</LocList>
<CondStmnt CovItemId="S99" CovItemPrefix="com.OriginalFiles.Board.java" Intrnl_Id="1891">
<Branch CovItemId="B33" CovItemPrefix="com.OriginalFiles.Board.java" Implct="false" Intrnl_Id="1892">
<Cond/>
<LocList>
<Loc EndOffset="7134" SrcFileId="7" StartOffset="7087"/>
</LocList>
<StmntSeq Intrnl_Id="1893">
<LocList>
<Loc EndOffset="7119" SrcFileId="7" StartOffset="7106"/>
</LocList>
<BasicStmnt CovItemId="S100" CovItemPrefix="com.OriginalFiles.Board.java" Intrnl_Id="1894">
<LocList>
<Loc EndOffset="7119" SrcFileId="7" StartOffset="7106"/>
</LocList>
</BasicStmnt>
</StmntSeq>
</Branch>
<Branch CovItemId="B34" CovItemPrefix="com.OriginalFiles.Board.java" Implct="false" Intrnl_Id="1895">
<Cond>
<Loc EndOffset="7139" SrcFileId="7" StartOffset="7135"/>
</Cond>
<LocList>
<Loc EndOffset="7187" SrcFileId="7" StartOffset="7140"/>
</LocList>
<StmntSeq Intrnl_Id="1896">
<LocList>
<Loc EndOffset="7172" SrcFileId="7" StartOffset="7159"/>
</LocList>
<BasicStmnt CovItemId="S101" CovItemPrefix="com.OriginalFiles.Board.java" Intrnl_Id="1897">
<LocList>
<Loc EndOffset="7172" SrcFileId="7" StartOffset="7159"/>
</LocList>
</BasicStmnt>
</StmntSeq>
</Branch>
<Keyword EndOffset="7055" SrcFileId="7" StartOffset="7053"/>
<LocList>
<Loc EndOffset="7187" SrcFileId="7" StartOffset="7053"/>
</LocList>
<RootTerm CovItemId="C27" CovItemPrefix="com.OriginalFiles.Board.java" Intrnl_Id="1898">
<BasicBoolTerm Intrnl_Id="1899">
<LocList>
<Loc EndOffset="7085" SrcFileId="7" StartOffset="7057"/>
</LocList>
</BasicBoolTerm>
</RootTerm>
</CondStmnt>
<CondStmnt CovItemId="S102" CovItemPrefix="com.OriginalFiles.Board.java" Intrnl_Id="1900">
<Branch CovItemId="B35" CovItemPrefix="com.OriginalFiles.Board.java" Implct="false" Intrnl_Id="1901">
<Cond/>
<LocList>
<Loc EndOffset="7312" SrcFileId="7" StartOffset="7266"/>
</LocList>
<StmntSeq Intrnl_Id="1902">
<LocList>
<Loc EndOffset="7297" SrcFileId="7" StartOffset="7285"/>
</LocList>
<BasicStmnt CovItemId="S103" CovItemPrefix="com.OriginalFiles.Board.java" Intrnl_Id="1903">
<LocList>
<Loc EndOffset="7297" SrcFileId="7" StartOffset="7285"/>
</LocList>
</BasicStmnt>
</StmntSeq>
</Branch>
<Branch CovItemId="B36" CovItemPrefix="com.OriginalFiles.Board.java" Implct="true" Intrnl_Id="1904">
<Cond/>
<LocList/>
<StmntSeq Intrnl_Id="1905">
<LocList/>
</StmntSeq>
</Branch>
<Keyword EndOffset="7205" SrcFileId="7" StartOffset="7203"/>
<LocList>
<Loc EndOffset="7312" SrcFileId="7" StartOffset="7203"/>
</LocList>
<RootTerm CovItemId="C28" CovItemPrefix="com.OriginalFiles.Board.java" Intrnl_Id="1906">
<OpTerm BooleanOpId="10" Intrnl_Id="1907">
<BasicBoolTerm Intrnl_Id="1908">
<LocList>
<Loc EndOffset="7226" SrcFileId="7" StartOffset="7207"/>
</LocList>
</BasicBoolTerm>
<OpTerm BooleanOpId="9" Intrnl_Id="1909">
<BasicBoolTerm Intrnl_Id="1910">
<LocList>
<Loc EndOffset="7264" SrcFileId="7" StartOffset="7231"/>
</LocList>
</BasicBoolTerm>
<LocList>
<Loc EndOffset="7231" SrcFileId="7" StartOffset="7230"/>
</LocList>
</OpTerm>
<LocList>
<Loc EndOffset="7229" SrcFileId="7" StartOffset="7227"/>
</LocList>
</OpTerm>
</RootTerm>
</CondStmnt>
</StmntSeq>
</Branch>
<Branch CovItemId="B32" CovItemPrefix="com.OriginalFiles.Board.java" Implct="true" Intrnl_Id="1911">
<Cond/>
<LocList/>
<StmntSeq Intrnl_Id="1912">
<LocList/>
</StmntSeq>
</Branch>
<Keyword EndOffset="6991" SrcFileId="7" StartOffset="6989"/>
<LocList>
<Loc EndOffset="7323" SrcFileId="7" StartOffset="6989"/>
</LocList>
<RootTerm CovItemId="C26" CovItemPrefix="com.OriginalFiles.Board.java" Intrnl_Id="1913">
<OpTerm BooleanOpId="9" Intrnl_Id="1914">
<BasicBoolTerm Intrnl_Id="1915">
<LocList>
<Loc EndOffset="7009" SrcFileId="7" StartOffset="6994"/>
</LocList>
</BasicBoolTerm>
<LocList>
<Loc EndOffset="6994" SrcFileId="7" StartOffset="6993"/>
</LocList>
</OpTerm>
</RootTerm>
</CondStmnt>
<BasicStmnt CovItemId="S104" CovItemPrefix="com.OriginalFiles.Board.java" Intrnl_Id="1916">
<LocList>
<Loc EndOffset="7346" SrcFileId="7" StartOffset="7333"/>
</LocList>
</BasicStmnt>
</StmntSeq>
</HierarchyLvl>
<HierarchyLvl HierarchyLvlId="64" HierarchyLvlTypeId="14" Intrnl_Id="1917" Name="movePieceInRepresentation">
<Header>
<Loc EndOffset="7563" SrcFileId="7" StartOffset="7410"/>
</Header>
<LocList>
<Loc EndOffset="7678" SrcFileId="7" StartOffset="7410"/>
</LocList>
<StmntSeq Intrnl_Id="1918">
<LocList>
<Loc EndOffset="7671" SrcFileId="7" StartOffset="7575"/>
</LocList>
<BasicStmnt CovItemId="S105" CovItemPrefix="com.OriginalFiles.Board.java" Intrnl_Id="1919">
<LocList>
<Loc EndOffset="7671" SrcFileId="7" StartOffset="7575"/>
</LocList>
</BasicStmnt>
</StmntSeq>
</HierarchyLvl>
<HierarchyLvl HierarchyLvlId="65" HierarchyLvlTypeId="14" Intrnl_Id="1920" Name="movePieceInRepresentation">
<Header>
<Loc EndOffset="7869" SrcFileId="7" StartOffset="7729"/>
</Header>
<LocList>
<Loc EndOffset="8155" SrcFileId="7" StartOffset="7729"/>
</LocList>
<StmntSeq Intrnl_Id="1921">
<LocList>
<Loc EndOffset="7934" SrcFileId="7" StartOffset="7881"/>
<Loc EndOffset="7971" SrcFileId="7" StartOffset="7944"/>
<Loc EndOffset="8127" SrcFileId="7" StartOffset="7981"/>
</LocList>
<BasicStmnt CovItemId="S106" CovItemPrefix="com.OriginalFiles.Board.java" Intrnl_Id="1922">
<LocList>
<Loc EndOffset="7934" SrcFileId="7" StartOffset="7881"/>
</LocList>
</BasicStmnt>
<BasicStmnt CovItemId="S107" CovItemPrefix="com.OriginalFiles.Board.java" Intrnl_Id="1923">
<LocList>
<Loc EndOffset="7971" SrcFileId="7" StartOffset="7944"/>
</LocList>
</BasicStmnt>
<CondStmnt CovItemId="S108" CovItemPrefix="com.OriginalFiles.Board.java" Intrnl_Id="1924">
<Branch CovItemId="B37" CovItemPrefix="com.OriginalFiles.Board.java" Implct="false" Intrnl_Id="1925">
<Cond/>
<LocList>
<Loc EndOffset="8127" SrcFileId="7" StartOffset="8020"/>
</LocList>
<StmntSeq Intrnl_Id="1926">
<LocList>
<Loc EndOffset="8116" SrcFileId="7" StartOffset="8035"/>
</LocList>
<BasicStmnt CovItemId="S109" CovItemPrefix="com.OriginalFiles.Board.java" Intrnl_Id="1927">
<LocList>
<Loc EndOffset="8116" SrcFileId="7" StartOffset="8035"/>
</LocList>
</BasicStmnt>
</StmntSeq>
</Branch>
<Branch CovItemId="B38" CovItemPrefix="com.OriginalFiles.Board.java" Implct="true" Intrnl_Id="1928">
<Cond/>
<LocList/>
<StmntSeq Intrnl_Id="1929">
<LocList/>
</StmntSeq>
</Branch>
<Keyword EndOffset="7983" SrcFileId="7" StartOffset="7981"/>
<LocList>
<Loc EndOffset="8127" SrcFileId="7" StartOffset="7981"/>
</LocList>
<RootTerm CovItemId="C29" CovItemPrefix="com.OriginalFiles.Board.java" Intrnl_Id="1930">
<BasicBoolTerm Intrnl_Id="1931">
<LocList>
<Loc EndOffset="8018" SrcFileId="7" StartOffset="7985"/>
</LocList>
</BasicBoolTerm>
</RootTerm>
</CondStmnt>
</StmntSeq>
</HierarchyLvl>
<HierarchyLvl HierarchyLvlId="66" HierarchyLvlTypeId="14" Intrnl_Id="1932" Name="checkMoveDirection">
<Header>
<Loc EndOffset="8335" SrcFileId="7" StartOffset="8203"/>
</Header>
<LocList>
<Loc EndOffset="8496" SrcFileId="7" StartOffset="8203"/>
</LocList>
<StmntSeq Intrnl_Id="1933">
<LocList>
<Loc EndOffset="8489" SrcFileId="7" StartOffset="8347"/>
</LocList>
<BasicStmnt CovItemId="S110" CovItemPrefix="com.OriginalFiles.Board.java" Intrnl_Id="1934">
<LocList>
<Loc EndOffset="8489" SrcFileId="7" StartOffset="8347"/>
</LocList>
</BasicStmnt>
</StmntSeq>
</HierarchyLvl>
<HierarchyLvl HierarchyLvlId="67" HierarchyLvlTypeId="14" Intrnl_Id="1935" Name="isFieldEmptyOnBoard">
<Header>
<Loc EndOffset="8612" SrcFileId="7" StartOffset="8504"/>
</Header>
<LocList>
<Loc EndOffset="8806" SrcFileId="7" StartOffset="8504"/>
</LocList>
<StmntSeq Intrnl_Id="1936">
<LocList>
<Loc EndOffset="8799" SrcFileId="7" StartOffset="8624"/>
</LocList>
<CondStmnt CovItemId="S111" CovItemPrefix="com.OriginalFiles.Board.java" Intrnl_Id="1937">
<Branch CovItemId="B39" CovItemPrefix="com.OriginalFiles.Board.java" Implct="false" Intrnl_Id="1938">
<Cond/>
<LocList>
<Loc EndOffset="8754" SrcFileId="7" StartOffset="8647"/>
</LocList>
<StmntSeq Intrnl_Id="1939">
<LocList>
<Loc EndOffset="8707" SrcFileId="7" StartOffset="8662"/>
<Loc EndOffset="8743" SrcFileId="7" StartOffset="8723"/>
</LocList>
<BasicStmnt CovItemId="S112" CovItemPrefix="com.OriginalFiles.Board.java" Intrnl_Id="1940">
<LocList>
<Loc EndOffset="8707" SrcFileId="7" StartOffset="8662"/>
</LocList>
</BasicStmnt>
<BasicStmnt CovItemId="S113" CovItemPrefix="com.OriginalFiles.Board.java" Intrnl_Id="1941">
<LocList>
<Loc EndOffset="8743" SrcFileId="7" StartOffset="8723"/>
</LocList>
</BasicStmnt>
</StmntSeq>
</Branch>
<Branch CovItemId="B40" CovItemPrefix="com.OriginalFiles.Board.java" Implct="false" Intrnl_Id="1942">
<Cond>
<Loc EndOffset="8759" SrcFileId="7" StartOffset="8755"/>
</Cond>
<LocList>
<Loc EndOffset="8799" SrcFileId="7" StartOffset="8760"/>
</LocList>
<StmntSeq Intrnl_Id="1943">
<LocList>
<Loc EndOffset="8788" SrcFileId="7" StartOffset="8775"/>
</LocList>
<BasicStmnt CovItemId="S114" CovItemPrefix="com.OriginalFiles.Board.java" Intrnl_Id="1944">
<LocList>
<Loc EndOffset="8788" SrcFileId="7" StartOffset="8775"/>
</LocList>
</BasicStmnt>
</StmntSeq>
</Branch>
<Keyword EndOffset="8626" SrcFileId="7" StartOffset="8624"/>
<LocList>
<Loc EndOffset="8799" SrcFileId="7" StartOffset="8624"/>
</LocList>
<RootTerm CovItemId="C30" CovItemPrefix="com.OriginalFiles.Board.java" Intrnl_Id="1945">
<BasicBoolTerm Intrnl_Id="1946">
<LocList>
<Loc EndOffset="8645" SrcFileId="7" StartOffset="8628"/>
</LocList>
</BasicBoolTerm>
</RootTerm>
</CondStmnt>
</StmntSeq>
</HierarchyLvl>
<HierarchyLvl HierarchyLvlId="68" HierarchyLvlTypeId="14" Intrnl_Id="1947" Name="fieldOccupied">
<Header>
<Loc EndOffset="8862" SrcFileId="7" StartOffset="8814"/>
</Header>
<LocList>
<Loc EndOffset="9006" SrcFileId="7" StartOffset="8814"/>
</LocList>
<StmntSeq Intrnl_Id="1948">
<LocList>
<Loc EndOffset="8999" SrcFileId="7" StartOffset="8874"/>
</LocList>
<CondStmnt CovItemId="S115" CovItemPrefix="com.OriginalFiles.Board.java" Intrnl_Id="1949">
<Branch CovItemId="B41" CovItemPrefix="com.OriginalFiles.Board.java" Implct="false" Intrnl_Id="1950">
<Cond/>
<LocList>
<Loc EndOffset="8955" SrcFileId="7" StartOffset="8897"/>
</LocList>
<StmntSeq Intrnl_Id="1951">
<LocList>
<Loc EndOffset="8944" SrcFileId="7" StartOffset="8912"/>
</LocList>
<BasicStmnt CovItemId="S116" CovItemPrefix="com.OriginalFiles.Board.java" Intrnl_Id="1952">
<LocList>
<Loc EndOffset="8944" SrcFileId="7" StartOffset="8912"/>
</LocList>
</BasicStmnt>
</StmntSeq>
</Branch>
<Branch CovItemId="B42" CovItemPrefix="com.OriginalFiles.Board.java" Implct="false" Intrnl_Id="1953">
<Cond>
<Loc EndOffset="8960" SrcFileId="7" StartOffset="8956"/>
</Cond>
<LocList>
<Loc EndOffset="8999" SrcFileId="7" StartOffset="8961"/>
</LocList>
<StmntSeq Intrnl_Id="1954">
<LocList>
<Loc EndOffset="8988" SrcFileId="7" StartOffset="8976"/>
</LocList>
<BasicStmnt CovItemId="S117" CovItemPrefix="com.OriginalFiles.Board.java" Intrnl_Id="1955">
<LocList>
<Loc EndOffset="8988" SrcFileId="7" StartOffset="8976"/>
</LocList>
</BasicStmnt>
</StmntSeq>
</Branch>
<Keyword EndOffset="8876" SrcFileId="7" StartOffset="8874"/>
<LocList>
<Loc EndOffset="8999" SrcFileId="7" StartOffset="8874"/>
</LocList>
<RootTerm CovItemId="C31" CovItemPrefix="com.OriginalFiles.Board.java" Intrnl_Id="1956">
<BasicBoolTerm Intrnl_Id="1957">
<LocList>
<Loc EndOffset="8895" SrcFileId="7" StartOffset="8878"/>
</LocList>
</BasicBoolTerm>
</RootTerm>
</CondStmnt>
</StmntSeq>
</HierarchyLvl>
<HierarchyLvl HierarchyLvlId="69" HierarchyLvlTypeId="14" Intrnl_Id="1958" Name="checkPiece">
<Header>
<Loc EndOffset="9165" SrcFileId="7" StartOffset="9093"/>
</Header>
<LocList>
<Loc EndOffset="9546" SrcFileId="7" StartOffset="9093"/>
</LocList>
<StmntSeq Intrnl_Id="1959">
<LocList>
<Loc EndOffset="9298" SrcFileId="7" StartOffset="9177"/>
<Loc EndOffset="9539" SrcFileId="7" StartOffset="9310"/>
</LocList>
<BasicStmnt CovItemId="S118" CovItemPrefix="com.OriginalFiles.Board.java" Intrnl_Id="1960">
<LocList>
<Loc EndOffset="9298" SrcFileId="7" StartOffset="9177"/>
</LocList>
</BasicStmnt>
<CondStmnt CovItemId="S119" CovItemPrefix="com.OriginalFiles.Board.java" Intrnl_Id="1961">
<Branch CovItemId="B43" CovItemPrefix="com.OriginalFiles.Board.java" Implct="false" Intrnl_Id="1962">
<Cond/>
<LocList>
<Loc EndOffset="9415" SrcFileId="7" StartOffset="9347"/>
</LocList>
<StmntSeq Intrnl_Id="1963">
<LocList>
<Loc EndOffset="9404" SrcFileId="7" StartOffset="9362"/>
</LocList>
<BasicStmnt CovItemId="S120" CovItemPrefix="com.OriginalFiles.Board.java" Intrnl_Id="1964">
<LocList>
<Loc EndOffset="9404" SrcFileId="7" StartOffset="9362"/>
</LocList>
</BasicStmnt>
</StmntSeq>
</Branch>
<Branch CovItemId="B44" CovItemPrefix="com.OriginalFiles.Board.java" Implct="false" Intrnl_Id="1965">
<Cond>
<Loc EndOffset="9420" SrcFileId="7" StartOffset="9416"/>
</Cond>
<LocList>
<Loc EndOffset="9539" SrcFileId="7" StartOffset="9421"/>
</LocList>
<StmntSeq Intrnl_Id="1966">
<LocList>
<Loc EndOffset="9528" SrcFileId="7" StartOffset="9436"/>
</LocList>
<BasicStmnt CovItemId="S121" CovItemPrefix="com.OriginalFiles.Board.java" Intrnl_Id="1967">
<LocList>
<Loc EndOffset="9528" SrcFileId="7" StartOffset="9436"/>
</LocList>
</BasicStmnt>
</StmntSeq>
</Branch>
<Keyword EndOffset="9312" SrcFileId="7" StartOffset="9310"/>
<LocList>
<Loc EndOffset="9539" SrcFileId="7" StartOffset="9310"/>
</LocList>
<RootTerm CovItemId="C32" CovItemPrefix="com.OriginalFiles.Board.java" Intrnl_Id="1968">
<BasicBoolTerm Intrnl_Id="1969">
<LocList>
<Loc EndOffset="9345" SrcFileId="7" StartOffset="9314"/>
</LocList>
</BasicBoolTerm>
</RootTerm>
</CondStmnt>
</StmntSeq>
</HierarchyLvl>
<HierarchyLvl HierarchyLvlId="70" HierarchyLvlTypeId="14" Intrnl_Id="1970" Name="checkMoveableBoolean">
<Header>
<Loc EndOffset="9629" SrcFileId="7" StartOffset="9571"/>
</Header>
<LocList>
<Loc EndOffset="9692" SrcFileId="7" StartOffset="9571"/>
</LocList>
<StmntSeq Intrnl_Id="1971">
<LocList>
<Loc EndOffset="9685" SrcFileId="7" StartOffset="9641"/>
</LocList>
<BasicStmnt CovItemId="S122" CovItemPrefix="com.OriginalFiles.Board.java" Intrnl_Id="1972">
<LocList>
<Loc EndOffset="9685" SrcFileId="7" StartOffset="9641"/>
</LocList>
</BasicStmnt>
</StmntSeq>
</HierarchyLvl>
<HierarchyLvl HierarchyLvlId="71" HierarchyLvlTypeId="14" Intrnl_Id="1973" Name="checkMoveable">
<Header>
<Loc EndOffset="9802" SrcFileId="7" StartOffset="9742"/>
</Header>
<LocList>
<Loc EndOffset="10632" SrcFileId="7" StartOffset="9742"/>
</LocList>
<StmntSeq Intrnl_Id="1974">
<LocList>
<Loc EndOffset="9865" SrcFileId="7" StartOffset="9814"/>
<Loc EndOffset="10036" SrcFileId="7" StartOffset="9902"/>
<Loc EndOffset="10180" SrcFileId="7" StartOffset="10046"/>
<Loc EndOffset="10594" SrcFileId="7" StartOffset="10231"/>
<Loc EndOffset="10625" SrcFileId="7" StartOffset="10604"/>
</LocList>
<BasicStmnt CovItemId="S123" CovItemPrefix="com.OriginalFiles.Board.java" Intrnl_Id="1975">
<LocList>
<Loc EndOffset="9865" SrcFileId="7" StartOffset="9814"/>
</LocList>
</BasicStmnt>
<CondStmnt CovItemId="S124" CovItemPrefix="com.OriginalFiles.Board.java" Intrnl_Id="1976">
<Branch CovItemId="B45" CovItemPrefix="com.OriginalFiles.Board.java" Implct="false" Intrnl_Id="1977">
<Cond/>
<LocList>
<Loc EndOffset="10036" SrcFileId="7" StartOffset="9955"/>
</LocList>
<StmntSeq Intrnl_Id="1978">
<LocList>
<Loc EndOffset="10025" SrcFileId="7" StartOffset="9970"/>
</LocList>
<BasicStmnt CovItemId="S125" CovItemPrefix="com.OriginalFiles.Board.java" Intrnl_Id="1979">
<LocList>
<Loc EndOffset="10025" SrcFileId="7" StartOffset="9970"/>
</LocList>
</BasicStmnt>
</StmntSeq>
</Branch>
<Branch CovItemId="B46" CovItemPrefix="com.OriginalFiles.Board.java" Implct="true" Intrnl_Id="1980">
<Cond/>
<LocList/>
<StmntSeq Intrnl_Id="1981">
<LocList/>
</StmntSeq>
</Branch>
<Keyword EndOffset="9904" SrcFileId="7" StartOffset="9902"/>
<LocList>
<Loc EndOffset="10036" SrcFileId="7" StartOffset="9902"/>
</LocList>
<RootTerm CovItemId="C33" CovItemPrefix="com.OriginalFiles.Board.java" Intrnl_Id="1982">
<OpTerm BooleanOpId="9" Intrnl_Id="1983">
<BasicBoolTerm Intrnl_Id="1984">
<LocList>
<Loc EndOffset="9953" SrcFileId="7" StartOffset="9907"/>
</LocList>
</BasicBoolTerm>
<LocList>
<Loc EndOffset="9907" SrcFileId="7" StartOffset="9906"/>
</LocList>
</OpTerm>
</RootTerm>
</CondStmnt>
<CondStmnt CovItemId="S126" CovItemPrefix="com.OriginalFiles.Board.java" Intrnl_Id="1985">
<Branch CovItemId="B47" CovItemPrefix="com.OriginalFiles.Board.java" Implct="false" Intrnl_Id="1986">
<Cond/>
<LocList>
<Loc EndOffset="10180" SrcFileId="7" StartOffset="10099"/>
</LocList>
<StmntSeq Intrnl_Id="1987">
<LocList>
<Loc EndOffset="10169" SrcFileId="7" StartOffset="10114"/>
</LocList>
<BasicStmnt CovItemId="S127" CovItemPrefix="com.OriginalFiles.Board.java" Intrnl_Id="1988">
<LocList>
<Loc EndOffset="10169" SrcFileId="7" StartOffset="10114"/>
</LocList>
</BasicStmnt>
</StmntSeq>
</Branch>
<Branch CovItemId="B48" CovItemPrefix="com.OriginalFiles.Board.java" Implct="true" Intrnl_Id="1989">
<Cond/>
<LocList/>
<StmntSeq Intrnl_Id="1990">
<LocList/>
</StmntSeq>
</Branch>
<Keyword EndOffset="10048" SrcFileId="7" StartOffset="10046"/>
<LocList>
<Loc EndOffset="10180" SrcFileId="7" StartOffset="10046"/>
</LocList>
<RootTerm CovItemId="C34" CovItemPrefix="com.OriginalFiles.Board.java" Intrnl_Id="1991">
<OpTerm BooleanOpId="9" Intrnl_Id="1992">
<BasicBoolTerm Intrnl_Id="1993">
<LocList>
<Loc EndOffset="10097" SrcFileId="7" StartOffset="10051"/>
</LocList>
</BasicBoolTerm>
<LocList>
<Loc EndOffset="10051" SrcFileId="7" StartOffset="10050"/>
</LocList>
</OpTerm>
</RootTerm>
</CondStmnt>
<CondStmnt CovItemId="S128" CovItemPrefix="com.OriginalFiles.Board.java" Intrnl_Id="1994">
<Branch CovItemId="B49" CovItemPrefix="com.OriginalFiles.Board.java" Implct="false" Intrnl_Id="1995">
<Cond/>
<LocList>
<Loc EndOffset="10594" SrcFileId="7" StartOffset="10270"/>
</LocList>
<StmntSeq Intrnl_Id="1996">
<LocList>
<Loc EndOffset="10427" SrcFileId="7" StartOffset="10285"/>
<Loc EndOffset="10583" SrcFileId="7" StartOffset="10441"/>
</LocList>
<CondStmnt CovItemId="S129" CovItemPrefix="com.OriginalFiles.Board.java" Intrnl_Id="1997">
<Branch CovItemId="B51" CovItemPrefix="com.OriginalFiles.Board.java" Implct="false" Intrnl_Id="1998">
<Cond/>
<LocList>
<Loc EndOffset="10427" SrcFileId="7" StartOffset="10338"/>
</LocList>
<StmntSeq Intrnl_Id="1999">
<LocList>
<Loc EndOffset="10412" SrcFileId="7" StartOffset="10357"/>
</LocList>
<BasicStmnt CovItemId="S130" CovItemPrefix="com.OriginalFiles.Board.java" Intrnl_Id="2000">
<LocList>
<Loc EndOffset="10412" SrcFileId="7" StartOffset="10357"/>
</LocList>
</BasicStmnt>
</StmntSeq>
</Branch>
<Branch CovItemId="B52" CovItemPrefix="com.OriginalFiles.Board.java" Implct="true" Intrnl_Id="2001">
<Cond/>
<LocList/>
<StmntSeq Intrnl_Id="2002">
<LocList/>
</StmntSeq>
</Branch>
<Keyword EndOffset="10287" SrcFileId="7" StartOffset="10285"/>
<LocList>
<Loc EndOffset="10427" SrcFileId="7" StartOffset="10285"/>
</LocList>
<RootTerm CovItemId="C36" CovItemPrefix="com.OriginalFiles.Board.java" Intrnl_Id="2003">
<OpTerm BooleanOpId="9" Intrnl_Id="2004">
<BasicBoolTerm Intrnl_Id="2005">
<LocList>
<Loc EndOffset="10336" SrcFileId="7" StartOffset="10290"/>
</LocList>
</BasicBoolTerm>
<LocList>
<Loc EndOffset="10290" SrcFileId="7" StartOffset="10289"/>
</LocList>
</OpTerm>
</RootTerm>
</CondStmnt>
<CondStmnt CovItemId="S131" CovItemPrefix="com.OriginalFiles.Board.java" Intrnl_Id="2006">
<Branch CovItemId="B53" CovItemPrefix="com.OriginalFiles.Board.java" Implct="false" Intrnl_Id="2007">
<Cond/>
<LocList>
<Loc EndOffset="10583" SrcFileId="7" StartOffset="10494"/>
</LocList>
<StmntSeq Intrnl_Id="2008">
<LocList>
<Loc EndOffset="10568" SrcFileId="7" StartOffset="10513"/>
</LocList>
<BasicStmnt CovItemId="S132" CovItemPrefix="com.OriginalFiles.Board.java" Intrnl_Id="2009">
<LocList>
<Loc EndOffset="10568" SrcFileId="7" StartOffset="10513"/>
</LocList>
</BasicStmnt>
</StmntSeq>
</Branch>
<Branch CovItemId="B54" CovItemPrefix="com.OriginalFiles.Board.java" Implct="true" Intrnl_Id="2010">
<Cond/>
<LocList/>
<StmntSeq Intrnl_Id="2011">
<LocList/>
</StmntSeq>
</Branch>
<Keyword EndOffset="10443" SrcFileId="7" StartOffset="10441"/>
<LocList>
<Loc EndOffset="10583" SrcFileId="7" StartOffset="10441"/>
</LocList>
<RootTerm CovItemId="C37" CovItemPrefix="com.OriginalFiles.Board.java" Intrnl_Id="2012">
<OpTerm BooleanOpId="9" Intrnl_Id="2013">
<BasicBoolTerm Intrnl_Id="2014">
<LocList>
<Loc EndOffset="10492" SrcFileId="7" StartOffset="10446"/>
</LocList>
</BasicBoolTerm>
<LocList>
<Loc EndOffset="10446" SrcFileId="7" StartOffset="10445"/>
</LocList>
</OpTerm>
</RootTerm>
</CondStmnt>
</StmntSeq>
</Branch>
<Branch CovItemId="B50" CovItemPrefix="com.OriginalFiles.Board.java" Implct="true" Intrnl_Id="2015">
<Cond/>
<LocList/>
<StmntSeq Intrnl_Id="2016">
<LocList/>
</StmntSeq>
</Branch>
<Keyword EndOffset="10233" SrcFileId="7" StartOffset="10231"/>
<LocList>
<Loc EndOffset="10594" SrcFileId="7" StartOffset="10231"/>
</LocList>
<RootTerm CovItemId="C35" CovItemPrefix="com.OriginalFiles.Board.java" Intrnl_Id="2017">
<BasicBoolTerm Intrnl_Id="2018">
<LocList>
<Loc EndOffset="10268" SrcFileId="7" StartOffset="10235"/>
</LocList>
</BasicBoolTerm>
</RootTerm>
</CondStmnt>
<BasicStmnt CovItemId="S133" CovItemPrefix="com.OriginalFiles.Board.java" Intrnl_Id="2019">
<LocList>
<Loc EndOffset="10625" SrcFileId="7" StartOffset="10604"/>
</LocList>
</BasicStmnt>
</StmntSeq>
</HierarchyLvl>
<HierarchyLvl HierarchyLvlId="72" HierarchyLvlTypeId="14" Intrnl_Id="2020" Name="checkJump">
<Header>
<Loc EndOffset="10804" SrcFileId="7" StartOffset="10708"/>
</Header>
<LocList>
<Loc EndOffset="11268" SrcFileId="7" StartOffset="10708"/>
</LocList>
<StmntSeq Intrnl_Id="2021">
<LocList>
<Loc EndOffset="11261" SrcFileId="7" StartOffset="10816"/>
</LocList>
<BasicStmnt CovItemId="S134" CovItemPrefix="com.OriginalFiles.Board.java" Intrnl_Id="2022">
<LocList>
<Loc EndOffset="11261" SrcFileId="7" StartOffset="10816"/>
</LocList>
</BasicStmnt>
</StmntSeq>
</HierarchyLvl>
<HierarchyLvl HierarchyLvlId="73" HierarchyLvlTypeId="14" Intrnl_Id="2023" Name="checkJumpDirection">
<Header>
<Loc EndOffset="11474" SrcFileId="7" StartOffset="11346"/>
</Header>
<LocList>
<Loc EndOffset="12162" SrcFileId="7" StartOffset="11346"/>
</LocList>
<StmntSeq Intrnl_Id="2024">
<LocList>
<Loc EndOffset="11631" SrcFileId="7" StartOffset="11486"/>
<Loc EndOffset="12133" SrcFileId="7" StartOffset="11643"/>
<Loc EndOffset="12155" SrcFileId="7" StartOffset="12143"/>
</LocList>
<CondStmnt CovItemId="S135" CovItemPrefix="com.OriginalFiles.Board.java" Intrnl_Id="2025">
<Branch CovItemId="B55" CovItemPrefix="com.OriginalFiles.Board.java" Implct="false" Intrnl_Id="2026">
<Cond/>
<LocList>
<Loc EndOffset="11631" SrcFileId="7" StartOffset="11593"/>
</LocList>
<StmntSeq Intrnl_Id="2027">
<LocList>
<Loc EndOffset="11620" SrcFileId="7" StartOffset="11608"/>
</LocList>
<BasicStmnt CovItemId="S136" CovItemPrefix="com.OriginalFiles.Board.java" Intrnl_Id="2028">
<LocList>
<Loc EndOffset="11620" SrcFileId="7" StartOffset="11608"/>
</LocList>
</BasicStmnt>
</StmntSeq>
</Branch>
<Branch CovItemId="B56" CovItemPrefix="com.OriginalFiles.Board.java" Implct="true" Intrnl_Id="2029">
<Cond/>
<LocList/>
<StmntSeq Intrnl_Id="2030">
<LocList/>
</StmntSeq>
</Branch>
<Keyword EndOffset="11488" SrcFileId="7" StartOffset="11486"/>
<LocList>
<Loc EndOffset="11631" SrcFileId="7" StartOffset="11486"/>
</LocList>
<RootTerm CovItemId="C38" CovItemPrefix="com.OriginalFiles.Board.java" Intrnl_Id="2031">
<OpTerm BooleanOpId="10" Intrnl_Id="2032">
<OpTerm BooleanOpId="11" Intrnl_Id="2033">
<OpTerm BooleanOpId="10" Intrnl_Id="2034">
<BasicBoolTerm Intrnl_Id="2035">
<LocList>
<Loc EndOffset="11508" SrcFileId="7" StartOffset="11492"/>
</LocList>
</BasicBoolTerm>
<BasicBoolTerm Intrnl_Id="2036">
<LocList>
<Loc EndOffset="11522" SrcFileId="7" StartOffset="11512"/>
</LocList>
</BasicBoolTerm>
<LocList>
<Loc EndOffset="11511" SrcFileId="7" StartOffset="11509"/>
</LocList>
</OpTerm>
<OpTerm BooleanOpId="10" Intrnl_Id="2037">
<OpTerm BooleanOpId="9" Intrnl_Id="2038">
<BasicBoolTerm Intrnl_Id="2039">
<LocList>
<Loc EndOffset="11562" SrcFileId="7" StartOffset="11546"/>
</LocList>
</BasicBoolTerm>
<LocList>
<Loc EndOffset="11546" SrcFileId="7" StartOffset="11545"/>
</LocList>
</OpTerm>
<BasicBoolTerm Intrnl_Id="2040">
<LocList>
<Loc EndOffset="11575" SrcFileId="7" StartOffset="11566"/>
</LocList>
</BasicBoolTerm>
<LocList>
<Loc EndOffset="11565" SrcFileId="7" StartOffset="11563"/>
</LocList>
</OpTerm>
<LocList>
<Loc EndOffset="11543" SrcFileId="7" StartOffset="11541"/>
</LocList>
</OpTerm>
<OpTerm BooleanOpId="9" Intrnl_Id="2041">
<BasicBoolTerm Intrnl_Id="2042">
<LocList>
<Loc EndOffset="11591" SrcFileId="7" StartOffset="11582"/>
</LocList>
</BasicBoolTerm>
<LocList>
<Loc EndOffset="11582" SrcFileId="7" StartOffset="11581"/>
</LocList>
</OpTerm>
<LocList>
<Loc EndOffset="11580" SrcFileId="7" StartOffset="11578"/>
</LocList>
</OpTerm>
</RootTerm>
</CondStmnt>
<CondStmnt CovItemId="S137" CovItemPrefix="com.OriginalFiles.Board.java" Intrnl_Id="2043">
<Branch CovItemId="B57" CovItemPrefix="com.OriginalFiles.Board.java" Implct="false" Intrnl_Id="2044">
<Cond/>
<LocList>
<Loc EndOffset="12133" SrcFileId="7" StartOffset="11700"/>
</LocList>
<StmntSeq Intrnl_Id="2045">
<LocList>
<Loc EndOffset="12122" SrcFileId="7" StartOffset="11715"/>
</LocList>
<CondStmnt CovItemId="S138" CovItemPrefix="com.OriginalFiles.Board.java" Intrnl_Id="2046">
<Branch CovItemId="B59" CovItemPrefix="com.OriginalFiles.Board.java" Implct="false" Intrnl_Id="2047">
<Cond/>
<LocList>
<Loc EndOffset="12122" SrcFileId="7" StartOffset="11777"/>
</LocList>
<StmntSeq Intrnl_Id="2048">
<LocList>
<Loc EndOffset="12107" SrcFileId="7" StartOffset="11796"/>
</LocList>
<CondStmnt CovItemId="S139" CovItemPrefix="com.OriginalFiles.Board.java" Intrnl_Id="2049">
<Branch CovItemId="B61" CovItemPrefix="com.OriginalFiles.Board.java" Implct="false" Intrnl_Id="2050">
<Cond/>
<LocList>
<Loc EndOffset="12107" SrcFileId="7" StartOffset="12010"/>
</LocList>
<StmntSeq Intrnl_Id="2051">
<LocList>
<Loc EndOffset="12088" SrcFileId="7" StartOffset="12033"/>
</LocList>
<BasicStmnt CovItemId="S140" CovItemPrefix="com.OriginalFiles.Board.java" Intrnl_Id="2052">
<LocList>
<Loc EndOffset="12088" SrcFileId="7" StartOffset="12033"/>
</LocList>
</BasicStmnt>
</StmntSeq>
</Branch>
<Branch CovItemId="B62" CovItemPrefix="com.OriginalFiles.Board.java" Implct="true" Intrnl_Id="2053">
<Cond/>
<LocList/>
<StmntSeq Intrnl_Id="2054">
<LocList/>
</StmntSeq>
</Branch>
<Keyword EndOffset="11798" SrcFileId="7" StartOffset="11796"/>
<LocList>
<Loc EndOffset="12107" SrcFileId="7" StartOffset="11796"/>
</LocList>
<RootTerm CovItemId="C41" CovItemPrefix="com.OriginalFiles.Board.java" Intrnl_Id="2055">
<OpTerm BooleanOpId="10" Intrnl_Id="2056">
<BasicBoolTerm Intrnl_Id="2057">
<LocList>
<Loc EndOffset="11898" SrcFileId="7" StartOffset="11800"/>
</LocList>
</BasicBoolTerm>
<OpTerm BooleanOpId="9" Intrnl_Id="2058">
<BasicBoolTerm Intrnl_Id="2059">
<LocList>
<Loc EndOffset="12008" SrcFileId="7" StartOffset="11926"/>
</LocList>
</BasicBoolTerm>
<LocList>
<Loc EndOffset="11926" SrcFileId="7" StartOffset="11925"/>
</LocList>
</OpTerm>
<LocList>
<Loc EndOffset="11924" SrcFileId="7" StartOffset="11922"/>
</LocList>
</OpTerm>
</RootTerm>
</CondStmnt>
</StmntSeq>
</Branch>
<Branch CovItemId="B60" CovItemPrefix="com.OriginalFiles.Board.java" Implct="true" Intrnl_Id="2060">
<Cond/>
<LocList/>
<StmntSeq Intrnl_Id="2061">
<LocList/>
</StmntSeq>
</Branch>
<Keyword EndOffset="11717" SrcFileId="7" StartOffset="11715"/>
<LocList>
<Loc EndOffset="12122" SrcFileId="7" StartOffset="11715"/>
</LocList>
<RootTerm CovItemId="C40" CovItemPrefix="com.OriginalFiles.Board.java" Intrnl_Id="2062">
<OpTerm BooleanOpId="9" Intrnl_Id="2063">
<BasicBoolTerm Intrnl_Id="2064">
<LocList>
<Loc EndOffset="11775" SrcFileId="7" StartOffset="11720"/>
</LocList>
</BasicBoolTerm>
<LocList>
<Loc EndOffset="11720" SrcFileId="7" StartOffset="11719"/>
</LocList>
</OpTerm>
</RootTerm>
</CondStmnt>
</StmntSeq>
</Branch>
<Branch CovItemId="B58" CovItemPrefix="com.OriginalFiles.Board.java" Implct="true" Intrnl_Id="2065">
<Cond/>
<LocList/>
<StmntSeq Intrnl_Id="2066">
<LocList/>
</StmntSeq>
</Branch>
<Keyword EndOffset="11645" SrcFileId="7" StartOffset="11643"/>
<LocList>
<Loc EndOffset="12133" SrcFileId="7" StartOffset="11643"/>
</LocList>
<RootTerm CovItemId="C39" CovItemPrefix="com.OriginalFiles.Board.java" Intrnl_Id="2067">
<BasicBoolTerm Intrnl_Id="2068">
<LocList>
<Loc EndOffset="11698" SrcFileId="7" StartOffset="11647"/>
</LocList>
</BasicBoolTerm>
</RootTerm>
</CondStmnt>
<BasicStmnt CovItemId="S141" CovItemPrefix="com.OriginalFiles.Board.java" Intrnl_Id="2069">
<LocList>
<Loc EndOffset="12155" SrcFileId="7" StartOffset="12143"/>
</LocList>
</BasicStmnt>
</StmntSeq>
</HierarchyLvl>
<HierarchyLvl HierarchyLvlId="74" HierarchyLvlTypeId="14" Intrnl_Id="2070" Name="checkJumpDirectionBoolean">
<Header>
<Loc EndOffset="12319" SrcFileId="7" StartOffset="12187"/>
</Header>
<LocList>
<Loc EndOffset="12440" SrcFileId="7" StartOffset="12187"/>
</LocList>
<StmntSeq Intrnl_Id="2071">
<LocList>
<Loc EndOffset="12433" SrcFileId="7" StartOffset="12331"/>
</LocList>
<BasicStmnt CovItemId="S142" CovItemPrefix="com.OriginalFiles.Board.java" Intrnl_Id="2072">
<LocList>
<Loc EndOffset="12433" SrcFileId="7" StartOffset="12331"/>
</LocList>
</BasicStmnt>
</StmntSeq>
</HierarchyLvl>
<HierarchyLvl HierarchyLvlId="75" HierarchyLvlTypeId="14" Intrnl_Id="2073" Name="updateMoveables">
<Header>
<Loc EndOffset="12533" SrcFileId="7" StartOffset="12498"/>
</Header>
<LocList>
<Loc EndOffset="13180" SrcFileId="7" StartOffset="12498"/>
</LocList>
<StmntSeq Intrnl_Id="2074">
<LocList>
<Loc EndOffset="12560" SrcFileId="7" StartOffset="12545"/>
<Loc EndOffset="13148" SrcFileId="7" StartOffset="12570"/>
<Loc EndOffset="13173" SrcFileId="7" StartOffset="13158"/>
</LocList>
<BasicStmnt CovItemId="S143" CovItemPrefix="com.OriginalFiles.Board.java" Intrnl_Id="2075">
<LocList>
<Loc EndOffset="12560" SrcFileId="7" StartOffset="12545"/>
</LocList>
</BasicStmnt>
<LoopStmnt CovItemId="S144" CovItemPrefix="com.OriginalFiles.Board.java" Intrnl_Id="2076" MltplExecId="L13-2" MltplExecPrefix="com.OriginalFiles.Board.java" NvrExecId="L13-0" NvrExecPrefix="com.OriginalFiles.Board.java" OnceExecutedId="L13-1" OnceExecutedPrefix="com.OriginalFiles.Board.java" OptBodyExec="true">
<StmntSeq Intrnl_Id="2077">
<LocList>
<Loc EndOffset="13137" SrcFileId="7" StartOffset="12611"/>
</LocList>
<LoopStmnt CovItemId="S145" CovItemPrefix="com.OriginalFiles.Board.java" Intrnl_Id="2078" MltplExecId="L14-2" MltplExecPrefix="com.OriginalFiles.Board.java" NvrExecId="L14-0" NvrExecPrefix="com.OriginalFiles.Board.java" OnceExecutedId="L14-1" OnceExecutedPrefix="com.OriginalFiles.Board.java" OptBodyExec="true">
<StmntSeq Intrnl_Id="2079">
<LocList>
<Loc EndOffset="13122" SrcFileId="7" StartOffset="12652"/>
</LocList>
<CondStmnt CovItemId="S146" CovItemPrefix="com.OriginalFiles.Board.java" Intrnl_Id="2080">
<Branch CovItemId="B63" CovItemPrefix="com.OriginalFiles.Board.java" Implct="false" Intrnl_Id="2081">
<Cond/>
<LocList>
<Loc EndOffset="13122" SrcFileId="7" StartOffset="12676"/>
</LocList>
<StmntSeq Intrnl_Id="2082">
<LocList>
<Loc EndOffset="13103" SrcFileId="7" StartOffset="12699"/>
</LocList>
<CondStmnt CovItemId="S147" CovItemPrefix="com.OriginalFiles.Board.java" Intrnl_Id="2083">
<Branch CovItemId="B65" CovItemPrefix="com.OriginalFiles.Board.java" Implct="false" Intrnl_Id="2084">
<Cond/>
<LocList>
<Loc EndOffset="13103" SrcFileId="7" StartOffset="12736"/>
</LocList>
<StmntSeq Intrnl_Id="2085">
<LocList>
<Loc EndOffset="13080" SrcFileId="7" StartOffset="12814"/>
</LocList>
<CondStmnt CovItemId="S148" CovItemPrefix="com.OriginalFiles.Board.java" Intrnl_Id="2086">
<Branch CovItemId="B67" CovItemPrefix="com.OriginalFiles.Board.java" Implct="false" Intrnl_Id="2087">
<Cond/>
<LocList>
<Loc EndOffset="12987" SrcFileId="7" StartOffset="12849"/>
</LocList>
<StmntSeq Intrnl_Id="2088">
<LocList>
<Loc EndOffset="12907" SrcFileId="7" StartOffset="12880"/>
</LocList>
<BasicStmnt CovItemId="S149" CovItemPrefix="com.OriginalFiles.Board.java" Intrnl_Id="2089">
<LocList>
<Loc EndOffset="12907" SrcFileId="7" StartOffset="12880"/>
</LocList>
</BasicStmnt>
</StmntSeq>
</Branch>
<Branch CovItemId="B68" CovItemPrefix="com.OriginalFiles.Board.java" Implct="false" Intrnl_Id="2090">
<Cond>
<Loc EndOffset="12992" SrcFileId="7" StartOffset="12988"/>
</Cond>
<LocList>
<Loc EndOffset="13080" SrcFileId="7" StartOffset="12993"/>
</LocList>
<StmntSeq Intrnl_Id="2091">
<LocList>
<Loc EndOffset="13053" SrcFileId="7" StartOffset="13024"/>
</LocList>
<BasicStmnt CovItemId="S150" CovItemPrefix="com.OriginalFiles.Board.java" Intrnl_Id="2092">
<LocList>
<Loc EndOffset="13053" SrcFileId="7" StartOffset="13024"/>
</LocList>
</BasicStmnt>
</StmntSeq>
</Branch>
<Keyword EndOffset="12816" SrcFileId="7" StartOffset="12814"/>
<LocList>
<Loc EndOffset="13080" SrcFileId="7" StartOffset="12814"/>
</LocList>
<RootTerm CovItemId="C44" CovItemPrefix="com.OriginalFiles.Board.java" Intrnl_Id="2093">
<BasicBoolTerm Intrnl_Id="2094">
<LocList>
<Loc EndOffset="12847" SrcFileId="7" StartOffset="12818"/>
</LocList>
</BasicBoolTerm>
</RootTerm>
</CondStmnt>
</StmntSeq>
</Branch>
<Branch CovItemId="B66" CovItemPrefix="com.OriginalFiles.Board.java" Implct="true" Intrnl_Id="2095">
<Cond/>
<LocList/>
<StmntSeq Intrnl_Id="2096">
<LocList/>
</StmntSeq>
</Branch>
<Keyword EndOffset="12701" SrcFileId="7" StartOffset="12699"/>
<LocList>
<Loc EndOffset="13103" SrcFileId="7" StartOffset="12699"/>
</LocList>
<RootTerm CovItemId="C43" CovItemPrefix="com.OriginalFiles.Board.java" Intrnl_Id="2097">
<BasicBoolTerm Intrnl_Id="2098">
<LocList>
<Loc EndOffset="12734" SrcFileId="7" StartOffset="12703"/>
</LocList>
</BasicBoolTerm>
</RootTerm>
</CondStmnt>
</StmntSeq>
</Branch>
<Branch CovItemId="B64" CovItemPrefix="com.OriginalFiles.Board.java" Implct="true" Intrnl_Id="2099">
<Cond/>
<LocList/>
<StmntSeq Intrnl_Id="2100">
<LocList/>
</StmntSeq>
</Branch>
<Keyword EndOffset="12654" SrcFileId="7" StartOffset="12652"/>
<LocList>
<Loc EndOffset="13122" SrcFileId="7" StartOffset="12652"/>
</LocList>
<RootTerm CovItemId="C42" CovItemPrefix="com.OriginalFiles.Board.java" Intrnl_Id="2101">
<BasicBoolTerm Intrnl_Id="2102">
<LocList>
<Loc EndOffset="12674" SrcFileId="7" StartOffset="12656"/>
</LocList>
</BasicBoolTerm>
</RootTerm>
</CondStmnt>
</StmntSeq>
<Keyword EndOffset="12614" SrcFileId="7" StartOffset="12611"/>
<LocList>
<Loc EndOffset="13137" SrcFileId="7" StartOffset="12611"/>
</LocList>
</LoopStmnt>
</StmntSeq>
<Keyword EndOffset="12573" SrcFileId="7" StartOffset="12570"/>
<LocList>
<Loc EndOffset="13148" SrcFileId="7" StartOffset="12570"/>
</LocList>
</LoopStmnt>
<BasicStmnt CovItemId="S151" CovItemPrefix="com.OriginalFiles.Board.java" Intrnl_Id="2103">
<LocList>
<Loc EndOffset="13173" SrcFileId="7" StartOffset="13158"/>
</LocList>
</BasicStmnt>
</StmntSeq>
</HierarchyLvl>
<HierarchyLvl HierarchyLvlId="76" HierarchyLvlTypeId="14" Intrnl_Id="2104" Name="findOpponentColors">
<Header>
<Loc EndOffset="13272" SrcFileId="7" StartOffset="13239"/>
</Header>
<LocList>
<Loc EndOffset="13506" SrcFileId="7" StartOffset="13239"/>
</LocList>
<StmntSeq Intrnl_Id="2105">
<LocList>
<Loc EndOffset="13499" SrcFileId="7" StartOffset="13284"/>
</LocList>
<CondStmnt CovItemId="S152" CovItemPrefix="com.OriginalFiles.Board.java" Intrnl_Id="2106">
<Branch CovItemId="B69" CovItemPrefix="com.OriginalFiles.Board.java" Implct="false" Intrnl_Id="2107">
<Cond/>
<LocList>
<Loc EndOffset="13402" SrcFileId="7" StartOffset="13311"/>
</LocList>
<StmntSeq Intrnl_Id="2108">
<LocList>
<Loc EndOffset="13353" SrcFileId="7" StartOffset="13326"/>
<Loc EndOffset="13391" SrcFileId="7" StartOffset="13367"/>
</LocList>
<BasicStmnt CovItemId="S153" CovItemPrefix="com.OriginalFiles.Board.java" Intrnl_Id="2109">
<LocList>
<Loc EndOffset="13353" SrcFileId="7" StartOffset="13326"/>
</LocList>
</BasicStmnt>
<BasicStmnt CovItemId="S154" CovItemPrefix="com.OriginalFiles.Board.java" Intrnl_Id="2110">
<LocList>
<Loc EndOffset="13391" SrcFileId="7" StartOffset="13367"/>
</LocList>
</BasicStmnt>
</StmntSeq>
</Branch>
<Branch CovItemId="B70" CovItemPrefix="com.OriginalFiles.Board.java" Implct="false" Intrnl_Id="2111">
<Cond>
<Loc EndOffset="13407" SrcFileId="7" StartOffset="13403"/>
</Cond>
<LocList>
<Loc EndOffset="13499" SrcFileId="7" StartOffset="13408"/>
</LocList>
<StmntSeq Intrnl_Id="2112">
<LocList>
<Loc EndOffset="13450" SrcFileId="7" StartOffset="13423"/>
<Loc EndOffset="13488" SrcFileId="7" StartOffset="13464"/>
</LocList>
<BasicStmnt CovItemId="S155" CovItemPrefix="com.OriginalFiles.Board.java" Intrnl_Id="2113">
<LocList>
<Loc EndOffset="13450" SrcFileId="7" StartOffset="13423"/>
</LocList>
</BasicStmnt>
<BasicStmnt CovItemId="S156" CovItemPrefix="com.OriginalFiles.Board.java" Intrnl_Id="2114">
<LocList>
<Loc EndOffset="13488" SrcFileId="7" StartOffset="13464"/>
</LocList>
</BasicStmnt>
</StmntSeq>
</Branch>
<Keyword EndOffset="13286" SrcFileId="7" StartOffset="13284"/>
<LocList>
<Loc EndOffset="13499" SrcFileId="7" StartOffset="13284"/>
</LocList>
<RootTerm CovItemId="C45" CovItemPrefix="com.OriginalFiles.Board.java" Intrnl_Id="2115">
<BasicBoolTerm Intrnl_Id="2116">
<LocList>
<Loc EndOffset="13309" SrcFileId="7" StartOffset="13288"/>
</LocList>
</BasicBoolTerm>
</RootTerm>
</CondStmnt>
</StmntSeq>
</HierarchyLvl>
<HierarchyLvl HierarchyLvlId="77" HierarchyLvlTypeId="14" Intrnl_Id="2117" Name="findMissingPiece">
<Header>
<Loc EndOffset="13653" SrcFileId="7" StartOffset="13563"/>
</Header>
<LocList>
<Loc EndOffset="14407" SrcFileId="7" StartOffset="13563"/>
</LocList>
<StmntSeq Intrnl_Id="2118">
<LocList>
<Loc EndOffset="13707" SrcFileId="7" StartOffset="13684"/>
<Loc EndOffset="14365" SrcFileId="7" StartOffset="13719"/>
<Loc EndOffset="14400" SrcFileId="7" StartOffset="14377"/>
</LocList>
<BasicStmnt CovItemId="S157" CovItemPrefix="com.OriginalFiles.Board.java" Intrnl_Id="2119">
<LocList>
<Loc EndOffset="13707" SrcFileId="7" StartOffset="13684"/>
</LocList>
</BasicStmnt>
<LoopStmnt CovItemId="S158" CovItemPrefix="com.OriginalFiles.Board.java" Intrnl_Id="2120" MltplExecId="L15-2" MltplExecPrefix="com.OriginalFiles.Board.java" NvrExecId="L15-0" NvrExecPrefix="com.OriginalFiles.Board.java" OnceExecutedId="L15-1" OnceExecutedPrefix="com.OriginalFiles.Board.java" OptBodyExec="true">
<StmntSeq Intrnl_Id="2121">
<LocList>
<Loc EndOffset="14354" SrcFileId="7" StartOffset="13831"/>
</LocList>
<CondStmnt CovItemId="S159" CovItemPrefix="com.OriginalFiles.Board.java" Intrnl_Id="2122">
<Branch CovItemId="B71" CovItemPrefix="com.OriginalFiles.Board.java" Implct="false" Intrnl_Id="2123">
<Cond/>
<LocList>
<Loc EndOffset="14096" SrcFileId="7" StartOffset="13844"/>
</LocList>
<StmntSeq Intrnl_Id="2124">
<LocList>
<Loc EndOffset="14047" SrcFileId="7" StartOffset="13863"/>
<Loc EndOffset="14081" SrcFileId="7" StartOffset="14065"/>
</LocList>
<LoopStmnt CovItemId="S160" CovItemPrefix="com.OriginalFiles.Board.java" Intrnl_Id="2125" MltplExecId="L16-2" MltplExecPrefix="com.OriginalFiles.Board.java" NvrExecId="L16-0" NvrExecPrefix="com.OriginalFiles.Board.java" OnceExecutedId="L16-1" OnceExecutedPrefix="com.OriginalFiles.Board.java" OptBodyExec="true">
<StmntSeq Intrnl_Id="2126">
<LocList>
<Loc EndOffset="14028" SrcFileId="7" StartOffset="13910"/>
</LocList>
<CondStmnt CovItemId="S161" CovItemPrefix="com.OriginalFiles.Board.java" Intrnl_Id="2127">
<Branch CovItemId="B73" CovItemPrefix="com.OriginalFiles.Board.java" Implct="false" Intrnl_Id="2128">
<Cond/>
<LocList>
<Loc EndOffset="14028" SrcFileId="7" StartOffset="13932"/>
</LocList>
<StmntSeq Intrnl_Id="2129">
<LocList>
<Loc EndOffset="14005" SrcFileId="7" StartOffset="13959"/>
</LocList>
<BasicStmnt CovItemId="S162" CovItemPrefix="com.OriginalFiles.Board.java" Intrnl_Id="2130">
<LocList>
<Loc EndOffset="14005" SrcFileId="7" StartOffset="13959"/>
</LocList>
</BasicStmnt>
</StmntSeq>
</Branch>
<Branch CovItemId="B74" CovItemPrefix="com.OriginalFiles.Board.java" Implct="true" Intrnl_Id="2131">
<Cond/>
<LocList/>
<StmntSeq Intrnl_Id="2132">
<LocList/>
</StmntSeq>
</Branch>
<Keyword EndOffset="13912" SrcFileId="7" StartOffset="13910"/>
<LocList>
<Loc EndOffset="14028" SrcFileId="7" StartOffset="13910"/>
</LocList>
<RootTerm CovItemId="C49" CovItemPrefix="com.OriginalFiles.Board.java" Intrnl_Id="2133">
<BasicBoolTerm Intrnl_Id="2134">
<LocList>
<Loc EndOffset="13930" SrcFileId="7" StartOffset="13914"/>
</LocList>
</BasicBoolTerm>
</RootTerm>
</CondStmnt>
</StmntSeq>
<Keyword EndOffset="13866" SrcFileId="7" StartOffset="13863"/>
<LocList>
<Loc EndOffset="14047" SrcFileId="7" StartOffset="13863"/>
</LocList>
<RootTerm CovItemId="C48" CovItemPrefix="com.OriginalFiles.Board.java" Intrnl_Id="2135">
<BasicBoolTerm Intrnl_Id="2136">
<LocList>
<Loc EndOffset="13880" SrcFileId="7" StartOffset="13875"/>
</LocList>
</BasicBoolTerm>
</RootTerm>
</LoopStmnt>
<BasicStmnt CovItemId="S163" CovItemPrefix="com.OriginalFiles.Board.java" Intrnl_Id="2137">
<LocList>
<Loc EndOffset="14081" SrcFileId="7" StartOffset="14065"/>
</LocList>
</BasicStmnt>
</StmntSeq>
</Branch>
<Branch CovItemId="B72" CovItemPrefix="com.OriginalFiles.Board.java" Implct="false" Intrnl_Id="2138">
<Cond>
<Loc EndOffset="14101" SrcFileId="7" StartOffset="14097"/>
</Cond>
<LocList>
<Loc EndOffset="14354" SrcFileId="7" StartOffset="14102"/>
</LocList>
<StmntSeq Intrnl_Id="2139">
<LocList>
<Loc EndOffset="14306" SrcFileId="7" StartOffset="14121"/>
<Loc EndOffset="14339" SrcFileId="7" StartOffset="14324"/>
</LocList>
<LoopStmnt CovItemId="S164" CovItemPrefix="com.OriginalFiles.Board.java" Intrnl_Id="2140" MltplExecId="L17-2" MltplExecPrefix="com.OriginalFiles.Board.java" NvrExecId="L17-0" NvrExecPrefix="com.OriginalFiles.Board.java" OnceExecutedId="L17-1" OnceExecutedPrefix="com.OriginalFiles.Board.java" OptBodyExec="true">
<StmntSeq Intrnl_Id="2141">
<LocList>
<Loc EndOffset="14287" SrcFileId="7" StartOffset="14169"/>
</LocList>
<CondStmnt CovItemId="S165" CovItemPrefix="com.OriginalFiles.Board.java" Intrnl_Id="2142">
<Branch CovItemId="B75" CovItemPrefix="com.OriginalFiles.Board.java" Implct="false" Intrnl_Id="2143">
<Cond/>
<LocList>
<Loc EndOffset="14287" SrcFileId="7" StartOffset="14191"/>
</LocList>
<StmntSeq Intrnl_Id="2144">
<LocList>
<Loc EndOffset="14264" SrcFileId="7" StartOffset="14218"/>
</LocList>
<BasicStmnt CovItemId="S166" CovItemPrefix="com.OriginalFiles.Board.java" Intrnl_Id="2145">
<LocList>
<Loc EndOffset="14264" SrcFileId="7" StartOffset="14218"/>
</LocList>
</BasicStmnt>
</StmntSeq>
</Branch>
<Branch CovItemId="B76" CovItemPrefix="com.OriginalFiles.Board.java" Implct="true" Intrnl_Id="2146">
<Cond/>
<LocList/>
<StmntSeq Intrnl_Id="2147">
<LocList/>
</StmntSeq>
</Branch>
<Keyword EndOffset="14171" SrcFileId="7" StartOffset="14169"/>
<LocList>
<Loc EndOffset="14287" SrcFileId="7" StartOffset="14169"/>
</LocList>
<RootTerm CovItemId="C51" CovItemPrefix="com.OriginalFiles.Board.java" Intrnl_Id="2148">
<BasicBoolTerm Intrnl_Id="2149">
<LocList>
<Loc EndOffset="14189" SrcFileId="7" StartOffset="14173"/>
</LocList>
</BasicBoolTerm>
</RootTerm>
</CondStmnt>
</StmntSeq>
<Keyword EndOffset="14124" SrcFileId="7" StartOffset="14121"/>
<LocList>
<Loc EndOffset="14306" SrcFileId="7" StartOffset="14121"/>
</LocList>
<RootTerm CovItemId="C50" CovItemPrefix="com.OriginalFiles.Board.java" Intrnl_Id="2150">
<BasicBoolTerm Intrnl_Id="2151">
<LocList>
<Loc EndOffset="14139" SrcFileId="7" StartOffset="14133"/>
</LocList>
</BasicBoolTerm>
</RootTerm>
</LoopStmnt>
<BasicStmnt CovItemId="S167" CovItemPrefix="com.OriginalFiles.Board.java" Intrnl_Id="2152">
<LocList>
<Loc EndOffset="14339" SrcFileId="7" StartOffset="14324"/>
</LocList>
</BasicStmnt>
</StmntSeq>
</Branch>
<Keyword EndOffset="13833" SrcFileId="7" StartOffset="13831"/>
<LocList>
<Loc EndOffset="14354" SrcFileId="7" StartOffset="13831"/>
</LocList>
<RootTerm CovItemId="C47" CovItemPrefix="com.OriginalFiles.Board.java" Intrnl_Id="2153">
<BasicBoolTerm Intrnl_Id="2154">
<LocList>
<Loc EndOffset="13842" SrcFileId="7" StartOffset="13835"/>
</LocList>
</BasicBoolTerm>
</RootTerm>
</CondStmnt>
</StmntSeq>
<Keyword EndOffset="13722" SrcFileId="7" StartOffset="13719"/>
<LocList>
<Loc EndOffset="14365" SrcFileId="7" StartOffset="13719"/>
</LocList>
<RootTerm CovItemId="C46" CovItemPrefix="com.OriginalFiles.Board.java" Intrnl_Id="2155">
<BasicBoolTerm Intrnl_Id="2156">
<LocList>
<Loc EndOffset="13736" SrcFileId="7" StartOffset="13731"/>
</LocList>
</BasicBoolTerm>
</RootTerm>
</LoopStmnt>
<BasicStmnt CovItemId="S168" CovItemPrefix="com.OriginalFiles.Board.java" Intrnl_Id="2157">
<LocList>
<Loc EndOffset="14400" SrcFileId="7" StartOffset="14377"/>
</LocList>
</BasicStmnt>
</StmntSeq>
</HierarchyLvl>
<HierarchyLvl HierarchyLvlId="78" HierarchyLvlTypeId="14" Intrnl_Id="2158" Name="getPiece">
<Header>
<Loc EndOffset="14505" SrcFileId="7" StartOffset="14450"/>
</Header>
<LocList>
<Loc EndOffset="14817" SrcFileId="7" StartOffset="14450"/>
</LocList>
<StmntSeq Intrnl_Id="2159">
<LocList>
<Loc EndOffset="14562" SrcFileId="7" StartOffset="14517"/>
<Loc EndOffset="14810" SrcFileId="7" StartOffset="14572"/>
</LocList>
<BasicStmnt CovItemId="S169" CovItemPrefix="com.OriginalFiles.Board.java" Intrnl_Id="2160">
<LocList>
<Loc EndOffset="14562" SrcFileId="7" StartOffset="14517"/>
</LocList>
</BasicStmnt>
<CondStmnt CovItemId="S170" CovItemPrefix="com.OriginalFiles.Board.java" Intrnl_Id="2161">
<Branch CovItemId="B77" CovItemPrefix="com.OriginalFiles.Board.java" Implct="false" Intrnl_Id="2162">
<Cond/>
<LocList>
<Loc EndOffset="14628" SrcFileId="7" StartOffset="14590"/>
</LocList>
<StmntSeq Intrnl_Id="2163">
<LocList>
<Loc EndOffset="14617" SrcFileId="7" StartOffset="14605"/>
</LocList>
<BasicStmnt CovItemId="S171" CovItemPrefix="com.OriginalFiles.Board.java" Intrnl_Id="2164">
<LocList>
<Loc EndOffset="14617" SrcFileId="7" StartOffset="14605"/>
</LocList>
</BasicStmnt>
</StmntSeq>
</Branch>
<Branch CovItemId="B78" CovItemPrefix="com.OriginalFiles.Board.java" Implct="false" Intrnl_Id="2165">
<Cond>
<Loc EndOffset="14633" SrcFileId="7" StartOffset="14629"/>
</Cond>
<LocList>
<Loc EndOffset="14810" SrcFileId="7" StartOffset="14634"/>
</LocList>
<StmntSeq Intrnl_Id="2166">
<LocList>
<Loc EndOffset="14678" SrcFileId="7" StartOffset="14649"/>
<Loc EndOffset="14711" SrcFileId="7" StartOffset="14692"/>
<Loc EndOffset="14773" SrcFileId="7" StartOffset="14725"/>
<Loc EndOffset="14799" SrcFileId="7" StartOffset="14787"/>
</LocList>
<BasicStmnt CovItemId="S172" CovItemPrefix="com.OriginalFiles.Board.java" Intrnl_Id="2167">
<LocList>
<Loc EndOffset="14678" SrcFileId="7" StartOffset="14649"/>
</LocList>
</BasicStmnt>
<BasicStmnt CovItemId="S173" CovItemPrefix="com.OriginalFiles.Board.java" Intrnl_Id="2168">
<LocList>
<Loc EndOffset="14711" SrcFileId="7" StartOffset="14692"/>
</LocList>
</BasicStmnt>
<BasicStmnt CovItemId="S174" CovItemPrefix="com.OriginalFiles.Board.java" Intrnl_Id="2169">
<LocList>
<Loc EndOffset="14773" SrcFileId="7" StartOffset="14725"/>
</LocList>
</BasicStmnt>
<BasicStmnt CovItemId="S175" CovItemPrefix="com.OriginalFiles.Board.java" Intrnl_Id="2170">
<LocList>
<Loc EndOffset="14799" SrcFileId="7" StartOffset="14787"/>
</LocList>
</BasicStmnt>
</StmntSeq>
</Branch>
<Keyword EndOffset="14574" SrcFileId="7" StartOffset="14572"/>
<LocList>
<Loc EndOffset="14810" SrcFileId="7" StartOffset="14572"/>
</LocList>
<RootTerm CovItemId="C52" CovItemPrefix="com.OriginalFiles.Board.java" Intrnl_Id="2171">
<BasicBoolTerm Intrnl_Id="2172">
<LocList>
<Loc EndOffset="14588" SrcFileId="7" StartOffset="14576"/>
</LocList>
</BasicBoolTerm>
</RootTerm>
</CondStmnt>
</StmntSeq>
</HierarchyLvl>
<HierarchyLvl HierarchyLvlId="79" HierarchyLvlTypeId="14" Intrnl_Id="2173" Name="checkAllegiance">
<Header>
<Loc EndOffset="15616" SrcFileId="7" StartOffset="15541"/>
</Header>
<LocList>
<Loc EndOffset="15871" SrcFileId="7" StartOffset="15541"/>
</LocList>
<StmntSeq Intrnl_Id="2174">
<LocList>
<Loc EndOffset="15841" SrcFileId="7" StartOffset="15633"/>
<Loc EndOffset="15864" SrcFileId="7" StartOffset="15851"/>
</LocList>
<CondStmnt CovItemId="S176" CovItemPrefix="com.OriginalFiles.Board.java" Intrnl_Id="2175">
<Branch CovItemId="B79" CovItemPrefix="com.OriginalFiles.Board.java" Implct="false" Intrnl_Id="2176">
<Cond/>
<LocList>
<Loc EndOffset="15841" SrcFileId="7" StartOffset="15668"/>
</LocList>
<StmntSeq Intrnl_Id="2177">
<LocList>
<Loc EndOffset="15830" SrcFileId="7" StartOffset="15683"/>
</LocList>
<CondStmnt CovItemId="S177" CovItemPrefix="com.OriginalFiles.Board.java" Intrnl_Id="2178">
<Branch CovItemId="B81" CovItemPrefix="com.OriginalFiles.Board.java" Implct="false" Intrnl_Id="2179">
<Cond/>
<LocList>
<Loc EndOffset="15830" SrcFileId="7" StartOffset="15705"/>
</LocList>
<StmntSeq Intrnl_Id="2180">
<LocList>
<Loc EndOffset="15815" SrcFileId="7" StartOffset="15724"/>
</LocList>
<BasicStmnt CovItemId="S178" CovItemPrefix="com.OriginalFiles.Board.java" Intrnl_Id="2181">
<LocList>
<Loc EndOffset="15815" SrcFileId="7" StartOffset="15724"/>
</LocList>
</BasicStmnt>
</StmntSeq>
</Branch>
<Branch CovItemId="B82" CovItemPrefix="com.OriginalFiles.Board.java" Implct="true" Intrnl_Id="2182">
<Cond/>
<LocList/>
<StmntSeq Intrnl_Id="2183">
<LocList/>
</StmntSeq>
</Branch>
<Keyword EndOffset="15685" SrcFileId="7" StartOffset="15683"/>
<LocList>
<Loc EndOffset="15830" SrcFileId="7" StartOffset="15683"/>
</LocList>
<RootTerm CovItemId="C54" CovItemPrefix="com.OriginalFiles.Board.java" Intrnl_Id="2184">
<OpTerm BooleanOpId="9" Intrnl_Id="2185">
<BasicBoolTerm Intrnl_Id="2186">
<LocList>
<Loc EndOffset="15703" SrcFileId="7" StartOffset="15688"/>
</LocList>
</BasicBoolTerm>
<LocList>
<Loc EndOffset="15688" SrcFileId="7" StartOffset="15687"/>
</LocList>
</OpTerm>
</RootTerm>
</CondStmnt>
</StmntSeq>
</Branch>
<Branch CovItemId="B80" CovItemPrefix="com.OriginalFiles.Board.java" Implct="true" Intrnl_Id="2187">
<Cond/>
<LocList/>
<StmntSeq Intrnl_Id="2188">
<LocList/>
</StmntSeq>
</Branch>
<Keyword EndOffset="15635" SrcFileId="7" StartOffset="15633"/>
<LocList>
<Loc EndOffset="15841" SrcFileId="7" StartOffset="15633"/>
</LocList>
<RootTerm CovItemId="C53" CovItemPrefix="com.OriginalFiles.Board.java" Intrnl_Id="2189">
<BasicBoolTerm Intrnl_Id="2190">
<LocList>
<Loc EndOffset="15666" SrcFileId="7" StartOffset="15637"/>
</LocList>
</BasicBoolTerm>
</RootTerm>
</CondStmnt>
<BasicStmnt CovItemId="S179" CovItemPrefix="com.OriginalFiles.Board.java" Intrnl_Id="2191">
<LocList>
<Loc EndOffset="15864" SrcFileId="7" StartOffset="15851"/>
</LocList>
</BasicStmnt>
</StmntSeq>
</HierarchyLvl>
<HierarchyLvl HierarchyLvlId="80" HierarchyLvlTypeId="14" Intrnl_Id="2192" Name="checkAllegiance">
<Header>
<Loc EndOffset="15954" SrcFileId="7" StartOffset="15879"/>
</Header>
<LocList>
<Loc EndOffset="16333" SrcFileId="7" StartOffset="15879"/>
</LocList>
<StmntSeq Intrnl_Id="2193">
<LocList>
<Loc EndOffset="16116" SrcFileId="7" StartOffset="15971"/>
<Loc EndOffset="16302" SrcFileId="7" StartOffset="16127"/>
<Loc EndOffset="16326" SrcFileId="7" StartOffset="16313"/>
</LocList>
<CondStmnt CovItemId="S180" CovItemPrefix="com.OriginalFiles.Board.java" Intrnl_Id="2194">
<Branch CovItemId="B83" CovItemPrefix="com.OriginalFiles.Board.java" Implct="false" Intrnl_Id="2195">
<Cond/>
<LocList>
<Loc EndOffset="16116" SrcFileId="7" StartOffset="16076"/>
</LocList>
<StmntSeq Intrnl_Id="2196">
<LocList>
<Loc EndOffset="16104" SrcFileId="7" StartOffset="16092"/>
</LocList>
<BasicStmnt CovItemId="S181" CovItemPrefix="com.OriginalFiles.Board.java" Intrnl_Id="2197">
<LocList>
<Loc EndOffset="16104" SrcFileId="7" StartOffset="16092"/>
</LocList>
</BasicStmnt>
</StmntSeq>
</Branch>
<Branch CovItemId="B84" CovItemPrefix="com.OriginalFiles.Board.java" Implct="true" Intrnl_Id="2198">
<Cond/>
<LocList/>
<StmntSeq Intrnl_Id="2199">
<LocList/>
</StmntSeq>
</Branch>
<Keyword EndOffset="15973" SrcFileId="7" StartOffset="15971"/>
<LocList>
<Loc EndOffset="16116" SrcFileId="7" StartOffset="15971"/>
</LocList>
<RootTerm CovItemId="C55" CovItemPrefix="com.OriginalFiles.Board.java" Intrnl_Id="2200">
<OpTerm BooleanOpId="10" Intrnl_Id="2201">
<OpTerm BooleanOpId="11" Intrnl_Id="2202">
<BasicBoolTerm Intrnl_Id="2203">
<LocList>
<Loc EndOffset="16005" SrcFileId="7" StartOffset="15976"/>
</LocList>
</BasicBoolTerm>
<BasicBoolTerm Intrnl_Id="2204">
<LocList>
<Loc EndOffset="16052" SrcFileId="7" StartOffset="16026"/>
</LocList>
</BasicBoolTerm>
<LocList>
<Loc EndOffset="16025" SrcFileId="7" StartOffset="16023"/>
</LocList>
</OpTerm>
<OpTerm BooleanOpId="9" Intrnl_Id="2205">
<BasicBoolTerm Intrnl_Id="2206">
<LocList>
<Loc EndOffset="16074" SrcFileId="7" StartOffset="16058"/>
</LocList>
</BasicBoolTerm>
<LocList>
<Loc EndOffset="16058" SrcFileId="7" StartOffset="16057"/>
</LocList>
</OpTerm>
<LocList>
<Loc EndOffset="16056" SrcFileId="7" StartOffset="16054"/>
</LocList>
</OpTerm>
</RootTerm>
</CondStmnt>
<CondStmnt CovItemId="S182" CovItemPrefix="com.OriginalFiles.Board.java" Intrnl_Id="2207">
<Branch CovItemId="B85" CovItemPrefix="com.OriginalFiles.Board.java" Implct="false" Intrnl_Id="2208">
<Cond/>
<LocList>
<Loc EndOffset="16302" SrcFileId="7" StartOffset="16262"/>
</LocList>
<StmntSeq Intrnl_Id="2209">
<LocList>
<Loc EndOffset="16290" SrcFileId="7" StartOffset="16278"/>
</LocList>
<BasicStmnt CovItemId="S183" CovItemPrefix="com.OriginalFiles.Board.java" Intrnl_Id="2210">
<LocList>
<Loc EndOffset="16290" SrcFileId="7" StartOffset="16278"/>
</LocList>
</BasicStmnt>
</StmntSeq>
</Branch>
<Branch CovItemId="B86" CovItemPrefix="com.OriginalFiles.Board.java" Implct="true" Intrnl_Id="2211">
<Cond/>
<LocList/>
<StmntSeq Intrnl_Id="2212">
<LocList/>
</StmntSeq>
</Branch>
<Keyword EndOffset="16129" SrcFileId="7" StartOffset="16127"/>
<LocList>
<Loc EndOffset="16302" SrcFileId="7" StartOffset="16127"/>
</LocList>
<RootTerm CovItemId="C56" CovItemPrefix="com.OriginalFiles.Board.java" Intrnl_Id="2213">
<OpTerm BooleanOpId="10" Intrnl_Id="2214">
<OpTerm BooleanOpId="11" Intrnl_Id="2215">
<BasicBoolTerm Intrnl_Id="2216">
<LocList>
<Loc EndOffset="16167" SrcFileId="7" StartOffset="16132"/>
</LocList>
</BasicBoolTerm>
<BasicBoolTerm Intrnl_Id="2217">
<LocList>
<Loc EndOffset="16221" SrcFileId="7" StartOffset="16189"/>
</LocList>
</BasicBoolTerm>
<LocList>
<Loc EndOffset="16188" SrcFileId="7" StartOffset="16186"/>
</LocList>
</OpTerm>
<BasicBoolTerm Intrnl_Id="2218">
<LocList>
<Loc EndOffset="16260" SrcFileId="7" StartOffset="16244"/>
</LocList>
</BasicBoolTerm>
<LocList>
<Loc EndOffset="16243" SrcFileId="7" StartOffset="16241"/>
</LocList>
</OpTerm>
</RootTerm>
</CondStmnt>
<BasicStmnt CovItemId="S184" CovItemPrefix="com.OriginalFiles.Board.java" Intrnl_Id="2219">
<LocList>
<Loc EndOffset="16326" SrcFileId="7" StartOffset="16313"/>
</LocList>
</BasicStmnt>
</StmntSeq>
</HierarchyLvl>
<HierarchyLvl HierarchyLvlId="81" HierarchyLvlTypeId="14" Intrnl_Id="2220" Name="checkBounds">
<Header>
<Loc EndOffset="16440" SrcFileId="7" StartOffset="16394"/>
</Header>
<LocList>
<Loc EndOffset="16503" SrcFileId="7" StartOffset="16394"/>
</LocList>
<StmntSeq Intrnl_Id="2221">
<LocList>
<Loc EndOffset="16496" SrcFileId="7" StartOffset="16452"/>
</LocList>
<BasicStmnt CovItemId="S185" CovItemPrefix="com.OriginalFiles.Board.java" Intrnl_Id="2222">
<LocList>
<Loc EndOffset="16496" SrcFileId="7" StartOffset="16452"/>
</LocList>
</BasicStmnt>
</StmntSeq>
</HierarchyLvl>
</HierarchyLvl>
<HierarchyLvl HierarchyLvlId="107" HierarchyLvlTypeId="13" Intrnl_Id="2223" Name="Analyze">
<Header>
<Loc EndOffset="290" SrcFileId="8" StartOffset="270"/>
</Header>
<LocList>
<Loc EndOffset="25463" SrcFileId="8" StartOffset="270"/>
</LocList>
<StmntSeq Intrnl_Id="2224">
<LocList>
<Loc EndOffset="408" SrcFileId="8" StartOffset="367"/>
<Loc EndOffset="447" SrcFileId="8" StartOffset="414"/>
<Loc EndOffset="499" SrcFileId="8" StartOffset="453"/>
<Loc EndOffset="598" SrcFileId="8" StartOffset="554"/>
</LocList>
<BasicStmnt CovItemId="S1" CovItemPrefix="com.OriginalFiles.Analyze.java" Intrnl_Id="2225">
<LocList>
<Loc EndOffset="408" SrcFileId="8" StartOffset="367"/>
</LocList>
</BasicStmnt>
<BasicStmnt CovItemId="S2" CovItemPrefix="com.OriginalFiles.Analyze.java" Intrnl_Id="2226">
<LocList>
<Loc EndOffset="447" SrcFileId="8" StartOffset="414"/>
</LocList>
</BasicStmnt>
<BasicStmnt CovItemId="S3" CovItemPrefix="com.OriginalFiles.Analyze.java" Intrnl_Id="2227">
<LocList>
<Loc EndOffset="499" SrcFileId="8" StartOffset="453"/>
</LocList>
</BasicStmnt>
<BasicStmnt CovItemId="S4" CovItemPrefix="com.OriginalFiles.Analyze.java" Intrnl_Id="2228">
<LocList>
<Loc EndOffset="598" SrcFileId="8" StartOffset="554"/>
</LocList>
</BasicStmnt>
</StmntSeq>
<HierarchyLvl HierarchyLvlId="83" HierarchyLvlTypeId="14" Intrnl_Id="2229" Name="Analyze">
<Header>
<Loc EndOffset="729" SrcFileId="8" StartOffset="670"/>
</Header>
<LocList>
<Loc EndOffset="810" SrcFileId="8" StartOffset="670"/>
</LocList>
<StmntSeq Intrnl_Id="2230">
<LocList>
<Loc EndOffset="763" SrcFileId="8" StartOffset="741"/>
<Loc EndOffset="803" SrcFileId="8" StartOffset="773"/>
</LocList>
<BasicStmnt CovItemId="S5" CovItemPrefix="com.OriginalFiles.Analyze.java" Intrnl_Id="2231">
<LocList>
<Loc EndOffset="763" SrcFileId="8" StartOffset="741"/>
</LocList>
</BasicStmnt>
<BasicStmnt CovItemId="S6" CovItemPrefix="com.OriginalFiles.Analyze.java" Intrnl_Id="2232">
<LocList>
<Loc EndOffset="803" SrcFileId="8" StartOffset="773"/>
</LocList>
</BasicStmnt>
</StmntSeq>
</HierarchyLvl>
<HierarchyLvl HierarchyLvlId="84" HierarchyLvlTypeId="14" Intrnl_Id="2233" Name="analyzeBoard">
<Header>
<Loc EndOffset="996" SrcFileId="8" StartOffset="890"/>
</Header>
<LocList>
<Loc EndOffset="1578" SrcFileId="8" StartOffset="890"/>
</LocList>
<StmntSeq Intrnl_Id="2234">
<LocList>
<Loc EndOffset="1548" SrcFileId="8" StartOffset="1008"/>
<Loc EndOffset="1571" SrcFileId="8" StartOffset="1558"/>
</LocList>
<CondStmnt CovItemId="S7" CovItemPrefix="com.OriginalFiles.Analyze.java" Intrnl_Id="2235">
<Branch CovItemId="B1" CovItemPrefix="com.OriginalFiles.Analyze.java" Implct="false" Intrnl_Id="2236">
<Cond/>
<LocList>
<Loc EndOffset="1548" SrcFileId="8" StartOffset="1041"/>
</LocList>
<StmntSeq Intrnl_Id="2237">
<LocList>
<Loc EndOffset="1080" SrcFileId="8" StartOffset="1056"/>
<Loc EndOffset="1146" SrcFileId="8" StartOffset="1096"/>
<Loc EndOffset="1209" SrcFileId="8" StartOffset="1160"/>
<Loc EndOffset="1264" SrcFileId="8" StartOffset="1223"/>
<Loc EndOffset="1297" SrcFileId="8" StartOffset="1278"/>
<Loc EndOffset="1403" SrcFileId="8" StartOffset="1371"/>
<Loc EndOffset="1443" SrcFileId="8" StartOffset="1417"/>
<Loc EndOffset="1537" SrcFileId="8" StartOffset="1457"/>
</LocList>
<BasicStmnt CovItemId="S8" CovItemPrefix="com.OriginalFiles.Analyze.java" Intrnl_Id="2238">
<LocList>
<Loc EndOffset="1080" SrcFileId="8" StartOffset="1056"/>
</LocList>
</BasicStmnt>
<BasicStmnt CovItemId="S9" CovItemPrefix="com.OriginalFiles.Analyze.java" Intrnl_Id="2239">
<LocList>
<Loc EndOffset="1146" SrcFileId="8" StartOffset="1096"/>
</LocList>
</BasicStmnt>
<BasicStmnt CovItemId="S10" CovItemPrefix="com.OriginalFiles.Analyze.java" Intrnl_Id="2240">
<LocList>
<Loc EndOffset="1209" SrcFileId="8" StartOffset="1160"/>
</LocList>
</BasicStmnt>
<BasicStmnt CovItemId="S11" CovItemPrefix="com.OriginalFiles.Analyze.java" Intrnl_Id="2241">
<LocList>
<Loc EndOffset="1264" SrcFileId="8" StartOffset="1223"/>
</LocList>
</BasicStmnt>
<BasicStmnt CovItemId="S12" CovItemPrefix="com.OriginalFiles.Analyze.java" Intrnl_Id="2242">
<LocList>
<Loc EndOffset="1297" SrcFileId="8" StartOffset="1278"/>
</LocList>
</BasicStmnt>
<BasicStmnt CovItemId="S13" CovItemPrefix="com.OriginalFiles.Analyze.java" Intrnl_Id="2243">
<LocList>
<Loc EndOffset="1403" SrcFileId="8" StartOffset="1371"/>
</LocList>
</BasicStmnt>
<BasicStmnt CovItemId="S14" CovItemPrefix="com.OriginalFiles.Analyze.java" Intrnl_Id="2244">
<LocList>
<Loc EndOffset="1443" SrcFileId="8" StartOffset="1417"/>
</LocList>
</BasicStmnt>
<CondStmnt CovItemId="S15" CovItemPrefix="com.OriginalFiles.Analyze.java" Intrnl_Id="2245">
<Branch CovItemId="B3" CovItemPrefix="com.OriginalFiles.Analyze.java" Implct="false" Intrnl_Id="2246">
<Cond/>
<LocList>
<Loc EndOffset="1537" SrcFileId="8" StartOffset="1491"/>
</LocList>
<StmntSeq Intrnl_Id="2247">
<LocList>
<Loc EndOffset="1522" SrcFileId="8" StartOffset="1510"/>
</LocList>
<BasicStmnt CovItemId="S16" CovItemPrefix="com.OriginalFiles.Analyze.java" Intrnl_Id="2248">
<LocList>
<Loc EndOffset="1522" SrcFileId="8" StartOffset="1510"/>
</LocList>
</BasicStmnt>
</StmntSeq>
</Branch>
<Branch CovItemId="B4" CovItemPrefix="com.OriginalFiles.Analyze.java" Implct="true" Intrnl_Id="2249">
<Cond/>
<LocList/>
<StmntSeq Intrnl_Id="2250">
<LocList/>
</StmntSeq>
</Branch>
<Keyword EndOffset="1459" SrcFileId="8" StartOffset="1457"/>
<LocList>
<Loc EndOffset="1537" SrcFileId="8" StartOffset="1457"/>
</LocList>
<RootTerm CovItemId="C2" CovItemPrefix="com.OriginalFiles.Analyze.java" Intrnl_Id="2251">
<OpTerm BooleanOpId="9" Intrnl_Id="2252">
<BasicBoolTerm Intrnl_Id="2253">
<LocList>
<Loc EndOffset="1489" SrcFileId="8" StartOffset="1462"/>
</LocList>
</BasicBoolTerm>
<LocList>
<Loc EndOffset="1462" SrcFileId="8" StartOffset="1461"/>
</LocList>
</OpTerm>
</RootTerm>
</CondStmnt>
</StmntSeq>
</Branch>
<Branch CovItemId="B2" CovItemPrefix="com.OriginalFiles.Analyze.java" Implct="true" Intrnl_Id="2254">
<Cond/>
<LocList/>
<StmntSeq Intrnl_Id="2255">
<LocList/>
</StmntSeq>
</Branch>
<Keyword EndOffset="1010" SrcFileId="8" StartOffset="1008"/>
<LocList>
<Loc EndOffset="1548" SrcFileId="8" StartOffset="1008"/>
</LocList>
<RootTerm CovItemId="C1" CovItemPrefix="com.OriginalFiles.Analyze.java" Intrnl_Id="2256">
<OpTerm BooleanOpId="9" Intrnl_Id="2257">
<BasicBoolTerm Intrnl_Id="2258">
<LocList>
<Loc EndOffset="1039" SrcFileId="8" StartOffset="1013"/>
</LocList>
</BasicBoolTerm>
<LocList>
<Loc EndOffset="1013" SrcFileId="8" StartOffset="1012"/>
</LocList>
</OpTerm>
</RootTerm>
</CondStmnt>
<BasicStmnt CovItemId="S17" CovItemPrefix="com.OriginalFiles.Analyze.java" Intrnl_Id="2259">
<LocList>
<Loc EndOffset="1571" SrcFileId="8" StartOffset="1558"/>
</LocList>
</BasicStmnt>
</StmntSeq>
</HierarchyLvl>
<HierarchyLvl HierarchyLvlId="85" HierarchyLvlTypeId="14" Intrnl_Id="2260" Name="checkMotorCalibration">
<Header>
<Loc EndOffset="1639" SrcFileId="8" StartOffset="1603"/>
</Header>
<LocList>
<Loc EndOffset="1830" SrcFileId="8" StartOffset="1603"/>
</LocList>
<StmntSeq Intrnl_Id="2261">
<LocList>
<Loc EndOffset="1673" SrcFileId="8" StartOffset="1651"/>
<Loc EndOffset="1823" SrcFileId="8" StartOffset="1685"/>
</LocList>
<BasicStmnt CovItemId="S18" CovItemPrefix="com.OriginalFiles.Analyze.java" Intrnl_Id="2262">
<LocList>
<Loc EndOffset="1673" SrcFileId="8" StartOffset="1651"/>
</LocList>
</BasicStmnt>
<CondStmnt CovItemId="S19" CovItemPrefix="com.OriginalFiles.Analyze.java" Intrnl_Id="2263">
<Branch CovItemId="B5" CovItemPrefix="com.OriginalFiles.Analyze.java" Implct="false" Intrnl_Id="2264">
<Cond/>
<LocList>
<Loc EndOffset="1823" SrcFileId="8" StartOffset="1732"/>
</LocList>
<StmntSeq Intrnl_Id="2265">
<LocList>
<Loc EndOffset="1768" SrcFileId="8" StartOffset="1747"/>
<Loc EndOffset="1812" SrcFileId="8" StartOffset="1782"/>
</LocList>
<BasicStmnt CovItemId="S20" CovItemPrefix="com.OriginalFiles.Analyze.java" Intrnl_Id="2266">
<LocList>
<Loc EndOffset="1768" SrcFileId="8" StartOffset="1747"/>
</LocList>
</BasicStmnt>
<BasicStmnt CovItemId="S21" CovItemPrefix="com.OriginalFiles.Analyze.java" Intrnl_Id="2267">
<LocList>
<Loc EndOffset="1812" SrcFileId="8" StartOffset="1782"/>
</LocList>
</BasicStmnt>
</StmntSeq>
</Branch>
<Branch CovItemId="B6" CovItemPrefix="com.OriginalFiles.Analyze.java" Implct="true" Intrnl_Id="2268">
<Cond/>
<LocList/>
<StmntSeq Intrnl_Id="2269">
<LocList/>
</StmntSeq>
</Branch>
<Keyword EndOffset="1687" SrcFileId="8" StartOffset="1685"/>
<LocList>
<Loc EndOffset="1823" SrcFileId="8" StartOffset="1685"/>
</LocList>
<RootTerm CovItemId="C3" CovItemPrefix="com.OriginalFiles.Analyze.java" Intrnl_Id="2270">
<BasicBoolTerm Intrnl_Id="2271">
<LocList>
<Loc EndOffset="1730" SrcFileId="8" StartOffset="1689"/>
</LocList>
</BasicBoolTerm>
</RootTerm>
</CondStmnt>
</StmntSeq>
</HierarchyLvl>
<HierarchyLvl HierarchyLvlId="86" HierarchyLvlTypeId="14" Intrnl_Id="2272" Name="makeListOfMoveables">
<Header>
<Loc EndOffset="1903" SrcFileId="8" StartOffset="1838"/>
</Header>
<LocList>
<Loc EndOffset="2657" SrcFileId="8" StartOffset="1838"/>
</LocList>
<StmntSeq Intrnl_Id="2273">
<LocList>
<Loc EndOffset="2001" SrcFileId="8" StartOffset="1969"/>
<Loc EndOffset="2386" SrcFileId="8" StartOffset="2011"/>
<Loc EndOffset="2441" SrcFileId="8" StartOffset="2396"/>
<Loc EndOffset="2470" SrcFileId="8" StartOffset="2451"/>
<Loc EndOffset="2497" SrcFileId="8" StartOffset="2480"/>
<Loc EndOffset="2620" SrcFileId="8" StartOffset="2507"/>
<Loc EndOffset="2650" SrcFileId="8" StartOffset="2630"/>
</LocList>
<BasicStmnt CovItemId="S22" CovItemPrefix="com.OriginalFiles.Analyze.java" Intrnl_Id="2274">
<LocList>
<Loc EndOffset="2001" SrcFileId="8" StartOffset="1969"/>
</LocList>
</BasicStmnt>
<LoopStmnt CovItemId="S23" CovItemPrefix="com.OriginalFiles.Analyze.java" Intrnl_Id="2275" MltplExecId="L1-2" MltplExecPrefix="com.OriginalFiles.Analyze.java" NvrExecId="L1-0" NvrExecPrefix="com.OriginalFiles.Analyze.java" OnceExecutedId="L1-1" OnceExecutedPrefix="com.OriginalFiles.Analyze.java" OptBodyExec="true">
<StmntSeq Intrnl_Id="2276">
<LocList>
<Loc EndOffset="2375" SrcFileId="8" StartOffset="2066"/>
</LocList>
<LoopStmnt CovItemId="S24" CovItemPrefix="com.OriginalFiles.Analyze.java" Intrnl_Id="2277" MltplExecId="L2-2" MltplExecPrefix="com.OriginalFiles.Analyze.java" NvrExecId="L2-0" NvrExecPrefix="com.OriginalFiles.Analyze.java" OnceExecutedId="L2-1" OnceExecutedPrefix="com.OriginalFiles.Analyze.java" OptBodyExec="true">
<StmntSeq Intrnl_Id="2278">
<LocList>
<Loc EndOffset="2360" SrcFileId="8" StartOffset="2107"/>
</LocList>
<CondStmnt CovItemId="S25" CovItemPrefix="com.OriginalFiles.Analyze.java" Intrnl_Id="2279">
<Branch CovItemId="B7" CovItemPrefix="com.OriginalFiles.Analyze.java" Implct="false" Intrnl_Id="2280">
<Cond/>
<LocList>
<Loc EndOffset="2360" SrcFileId="8" StartOffset="2129"/>
</LocList>
<StmntSeq Intrnl_Id="2281">
<LocList>
<Loc EndOffset="2341" SrcFileId="8" StartOffset="2152"/>
</LocList>
<CondStmnt CovItemId="S26" CovItemPrefix="com.OriginalFiles.Analyze.java" Intrnl_Id="2282">
<Branch CovItemId="B9" CovItemPrefix="com.OriginalFiles.Analyze.java" Implct="false" Intrnl_Id="2283">
<Cond/>
<LocList>
<Loc EndOffset="2341" SrcFileId="8" StartOffset="2267"/>
</LocList>
<StmntSeq Intrnl_Id="2284">
<LocList>
<Loc EndOffset="2318" SrcFileId="8" StartOffset="2294"/>
</LocList>
<BasicStmnt CovItemId="S27" CovItemPrefix="com.OriginalFiles.Analyze.java" Intrnl_Id="2285">
<LocList>
<Loc EndOffset="2318" SrcFileId="8" StartOffset="2294"/>
</LocList>
</BasicStmnt>
</StmntSeq>
</Branch>
<Branch CovItemId="B10" CovItemPrefix="com.OriginalFiles.Analyze.java" Implct="true" Intrnl_Id="2286">
<Cond/>
<LocList/>
<StmntSeq Intrnl_Id="2287">
<LocList/>
</StmntSeq>
</Branch>
<Keyword EndOffset="2154" SrcFileId="8" StartOffset="2152"/>
<LocList>
<Loc EndOffset="2341" SrcFileId="8" StartOffset="2152"/>
</LocList>
<RootTerm CovItemId="C5" CovItemPrefix="com.OriginalFiles.Analyze.java" Intrnl_Id="2288">
<OpTerm BooleanOpId="10" Intrnl_Id="2289">
<BasicBoolTerm Intrnl_Id="2290">
<LocList>
<Loc EndOffset="2190" SrcFileId="8" StartOffset="2156"/>
</LocList>
</BasicBoolTerm>
<BasicBoolTerm Intrnl_Id="2291">
<LocList>
<Loc EndOffset="2265" SrcFileId="8" StartOffset="2223"/>
</LocList>
</BasicBoolTerm>
<LocList>
<Loc EndOffset="2222" SrcFileId="8" StartOffset="2220"/>
</LocList>
</OpTerm>
</RootTerm>
</CondStmnt>
</StmntSeq>
</Branch>
<Branch CovItemId="B8" CovItemPrefix="com.OriginalFiles.Analyze.java" Implct="true" Intrnl_Id="2292">
<Cond/>
<LocList/>
<StmntSeq Intrnl_Id="2293">
<LocList/>
</StmntSeq>
</Branch>
<Keyword EndOffset="2109" SrcFileId="8" StartOffset="2107"/>
<LocList>
<Loc EndOffset="2360" SrcFileId="8" StartOffset="2107"/>
</LocList>
<RootTerm CovItemId="C4" CovItemPrefix="com.OriginalFiles.Analyze.java" Intrnl_Id="2294">
<OpTerm BooleanOpId="9" Intrnl_Id="2295">
<BasicBoolTerm Intrnl_Id="2296">
<LocList>
<Loc EndOffset="2127" SrcFileId="8" StartOffset="2112"/>
</LocList>
</BasicBoolTerm>
<LocList>
<Loc EndOffset="2112" SrcFileId="8" StartOffset="2111"/>
</LocList>
</OpTerm>
</RootTerm>
</CondStmnt>
</StmntSeq>
<Keyword EndOffset="2069" SrcFileId="8" StartOffset="2066"/>
<LocList>
<Loc EndOffset="2375" SrcFileId="8" StartOffset="2066"/>
</LocList>
</LoopStmnt>
</StmntSeq>
<Keyword EndOffset="2014" SrcFileId="8" StartOffset="2011"/>
<LocList>
<Loc EndOffset="2386" SrcFileId="8" StartOffset="2011"/>
</LocList>
</LoopStmnt>
<BasicStmnt CovItemId="S28" CovItemPrefix="com.OriginalFiles.Analyze.java" Intrnl_Id="2297">
<LocList>
<Loc EndOffset="2441" SrcFileId="8" StartOffset="2396"/>
</LocList>
</BasicStmnt>
<BasicStmnt CovItemId="S29" CovItemPrefix="com.OriginalFiles.Analyze.java" Intrnl_Id="2298">
<LocList>
<Loc EndOffset="2470" SrcFileId="8" StartOffset="2451"/>
</LocList>
</BasicStmnt>
<BasicStmnt CovItemId="S30" CovItemPrefix="com.OriginalFiles.Analyze.java" Intrnl_Id="2299">
<LocList>
<Loc EndOffset="2497" SrcFileId="8" StartOffset="2480"/>
</LocList>
</BasicStmnt>
<CondStmnt CovItemId="S31" CovItemPrefix="com.OriginalFiles.Analyze.java" Intrnl_Id="2300">
<Branch CovItemId="B11" CovItemPrefix="com.OriginalFiles.Analyze.java" Implct="false" Intrnl_Id="2301">
<Cond/>
<LocList>
<Loc EndOffset="2620" SrcFileId="8" StartOffset="2537"/>
</LocList>
<StmntSeq Intrnl_Id="2302">
<LocList>
<Loc EndOffset="2609" SrcFileId="8" StartOffset="2552"/>
</LocList>
<BasicStmnt CovItemId="S32" CovItemPrefix="com.OriginalFiles.Analyze.java" Intrnl_Id="2303">
<LocList>
<Loc EndOffset="2609" SrcFileId="8" StartOffset="2552"/>
</LocList>
</BasicStmnt>
</StmntSeq>
</Branch>
<Branch CovItemId="B12" CovItemPrefix="com.OriginalFiles.Analyze.java" Implct="true" Intrnl_Id="2304">
<Cond/>
<LocList/>
<StmntSeq Intrnl_Id="2305">
<LocList/>
</StmntSeq>
</Branch>
<Keyword EndOffset="2509" SrcFileId="8" StartOffset="2507"/>
<LocList>
<Loc EndOffset="2620" SrcFileId="8" StartOffset="2507"/>
</LocList>
<RootTerm CovItemId="C6" CovItemPrefix="com.OriginalFiles.Analyze.java" Intrnl_Id="2306">
<BasicBoolTerm Intrnl_Id="2307">
<LocList>
<Loc EndOffset="2535" SrcFileId="8" StartOffset="2511"/>
</LocList>
</BasicBoolTerm>
</RootTerm>
</CondStmnt>
<BasicStmnt CovItemId="S33" CovItemPrefix="com.OriginalFiles.Analyze.java" Intrnl_Id="2308">
<LocList>
<Loc EndOffset="2650" SrcFileId="8" StartOffset="2630"/>
</LocList>
</BasicStmnt>
</StmntSeq>
</HierarchyLvl>
<HierarchyLvl HierarchyLvlId="87" HierarchyLvlTypeId="14" Intrnl_Id="2309" Name="checkMovement">
<Header>
<Loc EndOffset="2830" SrcFileId="8" StartOffset="2696"/>
</Header>
<LocList>
<Loc EndOffset="3259" SrcFileId="8" StartOffset="2696"/>
</LocList>
<StmntSeq Intrnl_Id="2310">
<LocList>
<Loc EndOffset="3229" SrcFileId="8" StartOffset="2842"/>
<Loc EndOffset="3252" SrcFileId="8" StartOffset="3239"/>
</LocList>
<LoopStmnt CovItemId="S34" CovItemPrefix="com.OriginalFiles.Analyze.java" Intrnl_Id="2311" MltplExecId="L3-2" MltplExecPrefix="com.OriginalFiles.Analyze.java" NvrExecId="L3-0" NvrExecPrefix="com.OriginalFiles.Analyze.java" OnceExecutedId="L3-1" OnceExecutedPrefix="com.OriginalFiles.Analyze.java" OptBodyExec="true">
<StmntSeq Intrnl_Id="2312">
<LocList>
<Loc EndOffset="3218" SrcFileId="8" StartOffset="2890"/>
</LocList>
<CondStmnt CovItemId="S35" CovItemPrefix="com.OriginalFiles.Analyze.java" Intrnl_Id="2313">
<Branch CovItemId="B13" CovItemPrefix="com.OriginalFiles.Analyze.java" Implct="false" Intrnl_Id="2314">
<Cond/>
<LocList>
<Loc EndOffset="3218" SrcFileId="8" StartOffset="2947"/>
</LocList>
<StmntSeq Intrnl_Id="2315">
<LocList>
<Loc EndOffset="3100" SrcFileId="8" StartOffset="2966"/>
<Loc EndOffset="3203" SrcFileId="8" StartOffset="3118"/>
</LocList>
<CondStmnt CovItemId="S36" CovItemPrefix="com.OriginalFiles.Analyze.java" Intrnl_Id="2316">
<Branch CovItemId="B15" CovItemPrefix="com.OriginalFiles.Analyze.java" Implct="false" Intrnl_Id="2317">
<Cond/>
<LocList>
<Loc EndOffset="3100" SrcFileId="8" StartOffset="3016"/>
</LocList>
<StmntSeq Intrnl_Id="2318">
<LocList>
<Loc EndOffset="3081" SrcFileId="8" StartOffset="3039"/>
</LocList>
<BasicStmnt CovItemId="S37" CovItemPrefix="com.OriginalFiles.Analyze.java" Intrnl_Id="2319">
<LocList>
<Loc EndOffset="3081" SrcFileId="8" StartOffset="3039"/>
</LocList>
</BasicStmnt>
</StmntSeq>
</Branch>
<Branch CovItemId="B16" CovItemPrefix="com.OriginalFiles.Analyze.java" Implct="true" Intrnl_Id="2320">
<Cond/>
<LocList/>
<StmntSeq Intrnl_Id="2321">
<LocList/>
</StmntSeq>
</Branch>
<Keyword EndOffset="2968" SrcFileId="8" StartOffset="2966"/>
<LocList>
<Loc EndOffset="3100" SrcFileId="8" StartOffset="2966"/>
</LocList>
<RootTerm CovItemId="C8" CovItemPrefix="com.OriginalFiles.Analyze.java" Intrnl_Id="2322">
<OpTerm BooleanOpId="10" Intrnl_Id="2323">
<BasicBoolTerm Intrnl_Id="2324">
<LocList>
<Loc EndOffset="2978" SrcFileId="8" StartOffset="2970"/>
</LocList>
</BasicBoolTerm>
<OpTerm BooleanOpId="9" Intrnl_Id="2325">
<BasicBoolTerm Intrnl_Id="2326">
<LocList>
<Loc EndOffset="3014" SrcFileId="8" StartOffset="2983"/>
</LocList>
</BasicBoolTerm>
<LocList>
<Loc EndOffset="2983" SrcFileId="8" StartOffset="2982"/>
</LocList>
</OpTerm>
<LocList>
<Loc EndOffset="2981" SrcFileId="8" StartOffset="2979"/>
</LocList>
</OpTerm>
</RootTerm>
</CondStmnt>
<CondStmnt CovItemId="S38" CovItemPrefix="com.OriginalFiles.Analyze.java" Intrnl_Id="2327">
<Branch CovItemId="B17" CovItemPrefix="com.OriginalFiles.Analyze.java" Implct="false" Intrnl_Id="2328">
<Cond/>
<LocList>
<Loc EndOffset="3203" SrcFileId="8" StartOffset="3149"/>
</LocList>
<StmntSeq Intrnl_Id="2329">
<LocList>
<Loc EndOffset="3184" SrcFileId="8" StartOffset="3172"/>
</LocList>
<BasicStmnt CovItemId="S39" CovItemPrefix="com.OriginalFiles.Analyze.java" Intrnl_Id="2330">
<LocList>
<Loc EndOffset="3184" SrcFileId="8" StartOffset="3172"/>
</LocList>
</BasicStmnt>
</StmntSeq>
</Branch>
<Branch CovItemId="B18" CovItemPrefix="com.OriginalFiles.Analyze.java" Implct="true" Intrnl_Id="2331">
<Cond/>
<LocList/>
<StmntSeq Intrnl_Id="2332">
<LocList/>
</StmntSeq>
</Branch>
<Keyword EndOffset="3120" SrcFileId="8" StartOffset="3118"/>
<LocList>
<Loc EndOffset="3203" SrcFileId="8" StartOffset="3118"/>
</LocList>
<RootTerm CovItemId="C9" CovItemPrefix="com.OriginalFiles.Analyze.java" Intrnl_Id="2333">
<BasicBoolTerm Intrnl_Id="2334">
<LocList>
<Loc EndOffset="3147" SrcFileId="8" StartOffset="3122"/>
</LocList>
</BasicBoolTerm>
</RootTerm>
</CondStmnt>
</StmntSeq>
</Branch>
<Branch CovItemId="B14" CovItemPrefix="com.OriginalFiles.Analyze.java" Implct="true" Intrnl_Id="2335">
<Cond/>
<LocList/>
<StmntSeq Intrnl_Id="2336">
<LocList/>
</StmntSeq>
</Branch>
<Keyword EndOffset="2892" SrcFileId="8" StartOffset="2890"/>
<LocList>
<Loc EndOffset="3218" SrcFileId="8" StartOffset="2890"/>
</LocList>
<RootTerm CovItemId="C7" CovItemPrefix="com.OriginalFiles.Analyze.java" Intrnl_Id="2337">
<BasicBoolTerm Intrnl_Id="2338">
<LocList>
<Loc EndOffset="2945" SrcFileId="8" StartOffset="2894"/>
</LocList>
</BasicBoolTerm>
</RootTerm>
</CondStmnt>
</StmntSeq>
<Keyword EndOffset="2845" SrcFileId="8" StartOffset="2842"/>
<LocList>
<Loc EndOffset="3229" SrcFileId="8" StartOffset="2842"/>
</LocList>
</LoopStmnt>
<BasicStmnt CovItemId="S40" CovItemPrefix="com.OriginalFiles.Analyze.java" Intrnl_Id="2339">
<LocList>
<Loc EndOffset="3252" SrcFileId="8" StartOffset="3239"/>
</LocList>
</BasicStmnt>
</StmntSeq>
</HierarchyLvl>
<HierarchyLvl HierarchyLvlId="88" HierarchyLvlTypeId="14" Intrnl_Id="2340" Name="countDownToPanic">
<Header>
<Loc EndOffset="3428" SrcFileId="8" StartOffset="3318"/>
</Header>
<LocList>
<Loc EndOffset="3967" SrcFileId="8" StartOffset="3318"/>
</LocList>
<StmntSeq Intrnl_Id="2341">
<LocList>
<Loc EndOffset="3960" SrcFileId="8" StartOffset="3440"/>
</LocList>
<CondStmnt CovItemId="S41" CovItemPrefix="com.OriginalFiles.Analyze.java" Intrnl_Id="2342">
<Branch CovItemId="B19" CovItemPrefix="com.OriginalFiles.Analyze.java" Implct="false" Intrnl_Id="2343">
<Cond/>
<LocList>
<Loc EndOffset="3960" SrcFileId="8" StartOffset="3457"/>
</LocList>
<StmntSeq Intrnl_Id="2344">
<LocList>
<Loc EndOffset="3949" SrcFileId="8" StartOffset="3472"/>
</LocList>
<CondStmnt CovItemId="S42" CovItemPrefix="com.OriginalFiles.Analyze.java" Intrnl_Id="2345">
<Branch CovItemId="B21" CovItemPrefix="com.OriginalFiles.Analyze.java" Implct="false" Intrnl_Id="2346">
<Cond/>
<LocList>
<Loc EndOffset="3647" SrcFileId="8" StartOffset="3506"/>
</LocList>
<StmntSeq Intrnl_Id="2347">
<LocList>
<Loc EndOffset="3552" SrcFileId="8" StartOffset="3525"/>
<Loc EndOffset="3585" SrcFileId="8" StartOffset="3570"/>
<Loc EndOffset="3632" SrcFileId="8" StartOffset="3603"/>
</LocList>
<BasicStmnt CovItemId="S43" CovItemPrefix="com.OriginalFiles.Analyze.java" Intrnl_Id="2348">
<LocList>
<Loc EndOffset="3552" SrcFileId="8" StartOffset="3525"/>
</LocList>
</BasicStmnt>
<BasicStmnt CovItemId="S44" CovItemPrefix="com.OriginalFiles.Analyze.java" Intrnl_Id="2349">
<LocList>
<Loc EndOffset="3585" SrcFileId="8" StartOffset="3570"/>
</LocList>
</BasicStmnt>
<BasicStmnt CovItemId="S45" CovItemPrefix="com.OriginalFiles.Analyze.java" Intrnl_Id="2350">
<LocList>
<Loc EndOffset="3632" SrcFileId="8" StartOffset="3603"/>
</LocList>
</BasicStmnt>
</StmntSeq>
</Branch>
<Branch CovItemId="B22" CovItemPrefix="com.OriginalFiles.Analyze.java" Implct="false" Intrnl_Id="2351">
<Cond>
<Loc EndOffset="3652" SrcFileId="8" StartOffset="3648"/>
</Cond>
<LocList>
<Loc EndOffset="3949" SrcFileId="8" StartOffset="3653"/>
</LocList>
<StmntSeq Intrnl_Id="2352">
<LocList>
<Loc EndOffset="3949" SrcFileId="8" StartOffset="3653"/>
</LocList>
<CondStmnt CovItemId="S46" CovItemPrefix="com.OriginalFiles.Analyze.java" Intrnl_Id="2353">
<Branch CovItemId="B23" CovItemPrefix="com.OriginalFiles.Analyze.java" Implct="false" Intrnl_Id="2354">
<Cond/>
<LocList>
<Loc EndOffset="3876" SrcFileId="8" StartOffset="3687"/>
</LocList>
<StmntSeq Intrnl_Id="2355">
<LocList>
<Loc EndOffset="3736" SrcFileId="8" StartOffset="3706"/>
<Loc EndOffset="3781" SrcFileId="8" StartOffset="3754"/>
<Loc EndOffset="3814" SrcFileId="8" StartOffset="3799"/>
<Loc EndOffset="3861" SrcFileId="8" StartOffset="3832"/>
</LocList>
<BasicStmnt CovItemId="S47" CovItemPrefix="com.OriginalFiles.Analyze.java" Intrnl_Id="2356">
<LocList>
<Loc EndOffset="3736" SrcFileId="8" StartOffset="3706"/>
</LocList>
</BasicStmnt>
<BasicStmnt CovItemId="S48" CovItemPrefix="com.OriginalFiles.Analyze.java" Intrnl_Id="2357">
<LocList>
<Loc EndOffset="3781" SrcFileId="8" StartOffset="3754"/>
</LocList>
</BasicStmnt>
<BasicStmnt CovItemId="S49" CovItemPrefix="com.OriginalFiles.Analyze.java" Intrnl_Id="2358">
<LocList>
<Loc EndOffset="3814" SrcFileId="8" StartOffset="3799"/>
</LocList>
</BasicStmnt>
<BasicStmnt CovItemId="S50" CovItemPrefix="com.OriginalFiles.Analyze.java" Intrnl_Id="2359">
<LocList>
<Loc EndOffset="3861" SrcFileId="8" StartOffset="3832"/>
</LocList>
</BasicStmnt>
</StmntSeq>
</Branch>
<Branch CovItemId="B24" CovItemPrefix="com.OriginalFiles.Analyze.java" Implct="false" Intrnl_Id="2360">
<Cond>
<Loc EndOffset="3881" SrcFileId="8" StartOffset="3877"/>
</Cond>
<LocList>
<Loc EndOffset="3949" SrcFileId="8" StartOffset="3882"/>
</LocList>
<StmntSeq Intrnl_Id="2361">
<LocList>
<Loc EndOffset="3934" SrcFileId="8" StartOffset="3901"/>
</LocList>
<BasicStmnt CovItemId="S51" CovItemPrefix="com.OriginalFiles.Analyze.java" Intrnl_Id="2362">
<LocList>
<Loc EndOffset="3934" SrcFileId="8" StartOffset="3901"/>
</LocList>
</BasicStmnt>
</StmntSeq>
</Branch>
<Keyword EndOffset="3655" SrcFileId="8" StartOffset="3653"/>
<LocList>
<Loc EndOffset="3949" SrcFileId="8" StartOffset="3653"/>
</LocList>
<RootTerm CovItemId="C12" CovItemPrefix="com.OriginalFiles.Analyze.java" Intrnl_Id="2363">
<BasicBoolTerm Intrnl_Id="2364">
<LocList>
<Loc EndOffset="3685" SrcFileId="8" StartOffset="3657"/>
</LocList>
</BasicBoolTerm>
</RootTerm>
</CondStmnt>
</StmntSeq>
</Branch>
<Keyword EndOffset="3474" SrcFileId="8" StartOffset="3472"/>
<LocList>
<Loc EndOffset="3949" SrcFileId="8" StartOffset="3472"/>
</LocList>
<RootTerm CovItemId="C11" CovItemPrefix="com.OriginalFiles.Analyze.java" Intrnl_Id="2365">
<BasicBoolTerm Intrnl_Id="2366">
<LocList>
<Loc EndOffset="3504" SrcFileId="8" StartOffset="3476"/>
</LocList>
</BasicBoolTerm>
</RootTerm>
</CondStmnt>
</StmntSeq>
</Branch>
<Branch CovItemId="B20" CovItemPrefix="com.OriginalFiles.Analyze.java" Implct="true" Intrnl_Id="2367">
<Cond/>
<LocList/>
<StmntSeq Intrnl_Id="2368">
<LocList/>
</StmntSeq>
</Branch>
<Keyword EndOffset="3442" SrcFileId="8" StartOffset="3440"/>
<LocList>
<Loc EndOffset="3960" SrcFileId="8" StartOffset="3440"/>
</LocList>
<RootTerm CovItemId="C10" CovItemPrefix="com.OriginalFiles.Analyze.java" Intrnl_Id="2369">
<OpTerm BooleanOpId="9" Intrnl_Id="2370">
<BasicBoolTerm Intrnl_Id="2371">
<LocList>
<Loc EndOffset="3455" SrcFileId="8" StartOffset="3445"/>
</LocList>
</BasicBoolTerm>
<LocList>
<Loc EndOffset="3445" SrcFileId="8" StartOffset="3444"/>
</LocList>
</OpTerm>
</RootTerm>
</CondStmnt>
</StmntSeq>
</HierarchyLvl>
<HierarchyLvl HierarchyLvlId="89" HierarchyLvlTypeId="14" Intrnl_Id="2372" Name="trackMovement">
<Header>
<Loc EndOffset="4155" SrcFileId="8" StartOffset="4042"/>
</Header>
<LocList>
<Loc EndOffset="4565" SrcFileId="8" StartOffset="4042"/>
</LocList>
<StmntSeq Intrnl_Id="2373">
<LocList>
<Loc EndOffset="4194" SrcFileId="8" StartOffset="4167"/>
<Loc EndOffset="4528" SrcFileId="8" StartOffset="4204"/>
<Loc EndOffset="4558" SrcFileId="8" StartOffset="4540"/>
</LocList>
<BasicStmnt CovItemId="S52" CovItemPrefix="com.OriginalFiles.Analyze.java" Intrnl_Id="2374">
<LocList>
<Loc EndOffset="4194" SrcFileId="8" StartOffset="4167"/>
</LocList>
</BasicStmnt>
<CondStmnt CovItemId="S53" CovItemPrefix="com.OriginalFiles.Analyze.java" Intrnl_Id="2375">
<Branch CovItemId="B25" CovItemPrefix="com.OriginalFiles.Analyze.java" Implct="false" Intrnl_Id="2376">
<Cond/>
<LocList>
<Loc EndOffset="4452" SrcFileId="8" StartOffset="4241"/>
</LocList>
<StmntSeq Intrnl_Id="2377">
<LocList>
<Loc EndOffset="4334" SrcFileId="8" StartOffset="4256"/>
<Loc EndOffset="4441" SrcFileId="8" StartOffset="4348"/>
</LocList>
<CondStmnt CovItemId="S54" CovItemPrefix="com.OriginalFiles.Analyze.java" Intrnl_Id="2378">
<Branch CovItemId="B27" CovItemPrefix="com.OriginalFiles.Analyze.java" Implct="false" Intrnl_Id="2379">
<Cond/>
<LocList>
<Loc EndOffset="4334" SrcFileId="8" StartOffset="4282"/>
</LocList>
<StmntSeq Intrnl_Id="2380">
<LocList>
<Loc EndOffset="4319" SrcFileId="8" StartOffset="4301"/>
</LocList>
<BasicStmnt CovItemId="S55" CovItemPrefix="com.OriginalFiles.Analyze.java" Intrnl_Id="2381">
<LocList>
<Loc EndOffset="4319" SrcFileId="8" StartOffset="4301"/>
</LocList>
</BasicStmnt>
</StmntSeq>
</Branch>
<Branch CovItemId="B28" CovItemPrefix="com.OriginalFiles.Analyze.java" Implct="true" Intrnl_Id="2382">
<Cond/>
<LocList/>
<StmntSeq Intrnl_Id="2383">
<LocList/>
</StmntSeq>
</Branch>
<Keyword EndOffset="4258" SrcFileId="8" StartOffset="4256"/>
<LocList>
<Loc EndOffset="4334" SrcFileId="8" StartOffset="4256"/>
</LocList>
<RootTerm CovItemId="C14" CovItemPrefix="com.OriginalFiles.Analyze.java" Intrnl_Id="2384">
<BasicBoolTerm Intrnl_Id="2385">
<LocList>
<Loc EndOffset="4280" SrcFileId="8" StartOffset="4260"/>
</LocList>
</BasicBoolTerm>
</RootTerm>
</CondStmnt>
<CondStmnt CovItemId="S56" CovItemPrefix="com.OriginalFiles.Analyze.java" Intrnl_Id="2386">
<Branch CovItemId="B29" CovItemPrefix="com.OriginalFiles.Analyze.java" Implct="false" Intrnl_Id="2387">
<Cond/>
<LocList>
<Loc EndOffset="4441" SrcFileId="8" StartOffset="4365"/>
</LocList>
<StmntSeq Intrnl_Id="2388">
<LocList>
<Loc EndOffset="4426" SrcFileId="8" StartOffset="4384"/>
</LocList>
<BasicStmnt CovItemId="S57" CovItemPrefix="com.OriginalFiles.Analyze.java" Intrnl_Id="2389">
<LocList>
<Loc EndOffset="4426" SrcFileId="8" StartOffset="4384"/>
</LocList>
</BasicStmnt>
</StmntSeq>
</Branch>
<Branch CovItemId="B30" CovItemPrefix="com.OriginalFiles.Analyze.java" Implct="true" Intrnl_Id="2390">
<Cond/>
<LocList/>
<StmntSeq Intrnl_Id="2391">
<LocList/>
</StmntSeq>
</Branch>
<Keyword EndOffset="4350" SrcFileId="8" StartOffset="4348"/>
<LocList>
<Loc EndOffset="4441" SrcFileId="8" StartOffset="4348"/>
</LocList>
<RootTerm CovItemId="C15" CovItemPrefix="com.OriginalFiles.Analyze.java" Intrnl_Id="2392">
<OpTerm BooleanOpId="9" Intrnl_Id="2393">
<BasicBoolTerm Intrnl_Id="2394">
<LocList>
<Loc EndOffset="4363" SrcFileId="8" StartOffset="4353"/>
</LocList>
</BasicBoolTerm>
<LocList>
<Loc EndOffset="4353" SrcFileId="8" StartOffset="4352"/>
</LocList>
</OpTerm>
</RootTerm>
</CondStmnt>
</StmntSeq>
</Branch>
<Branch CovItemId="B26" CovItemPrefix="com.OriginalFiles.Analyze.java" Implct="false" Intrnl_Id="2395">
<Cond>
<Loc EndOffset="4457" SrcFileId="8" StartOffset="4453"/>
</Cond>
<LocList>
<Loc EndOffset="4528" SrcFileId="8" StartOffset="4458"/>
</LocList>
<StmntSeq Intrnl_Id="2396">
<LocList>
<Loc EndOffset="4528" SrcFileId="8" StartOffset="4458"/>
</LocList>
<CondStmnt CovItemId="S58" CovItemPrefix="com.OriginalFiles.Analyze.java" Intrnl_Id="2397">
<Branch CovItemId="B31" CovItemPrefix="com.OriginalFiles.Analyze.java" Implct="false" Intrnl_Id="2398">
<Cond/>
<LocList>
<Loc EndOffset="4528" SrcFileId="8" StartOffset="4484"/>
</LocList>
<StmntSeq Intrnl_Id="2399">
<LocList>
<Loc EndOffset="4517" SrcFileId="8" StartOffset="4499"/>
</LocList>
<BasicStmnt CovItemId="S59" CovItemPrefix="com.OriginalFiles.Analyze.java" Intrnl_Id="2400">
<LocList>
<Loc EndOffset="4517" SrcFileId="8" StartOffset="4499"/>
</LocList>
</BasicStmnt>
</StmntSeq>
</Branch>
<Branch CovItemId="B32" CovItemPrefix="com.OriginalFiles.Analyze.java" Implct="true" Intrnl_Id="2401">
<Cond/>
<LocList/>
<StmntSeq Intrnl_Id="2402">
<LocList/>
</StmntSeq>
</Branch>
<Keyword EndOffset="4460" SrcFileId="8" StartOffset="4458"/>
<LocList>
<Loc EndOffset="4528" SrcFileId="8" StartOffset="4458"/>
</LocList>
<RootTerm CovItemId="C16" CovItemPrefix="com.OriginalFiles.Analyze.java" Intrnl_Id="2403">
<BasicBoolTerm Intrnl_Id="2404">
<LocList>
<Loc EndOffset="4482" SrcFileId="8" StartOffset="4462"/>
</LocList>
</BasicBoolTerm>
</RootTerm>
</CondStmnt>
</StmntSeq>
</Branch>
<Keyword EndOffset="4206" SrcFileId="8" StartOffset="4204"/>
<LocList>
<Loc EndOffset="4528" SrcFileId="8" StartOffset="4204"/>
</LocList>
<RootTerm CovItemId="C13" CovItemPrefix="com.OriginalFiles.Analyze.java" Intrnl_Id="2405">
<BasicBoolTerm Intrnl_Id="2406">
<LocList>
<Loc EndOffset="4239" SrcFileId="8" StartOffset="4208"/>
</LocList>
</BasicBoolTerm>
</RootTerm>
</CondStmnt>
<BasicStmnt CovItemId="S60" CovItemPrefix="com.OriginalFiles.Analyze.java" Intrnl_Id="2407">
<LocList>
<Loc EndOffset="4558" SrcFileId="8" StartOffset="4540"/>
</LocList>
</BasicStmnt>
</StmntSeq>
</HierarchyLvl>
<HierarchyLvl HierarchyLvlId="90" HierarchyLvlTypeId="14" Intrnl_Id="2408" Name="checkMove">
<Header>
<Loc EndOffset="4711" SrcFileId="8" StartOffset="4602"/>
</Header>
<LocList>
<Loc EndOffset="6993" SrcFileId="8" StartOffset="4602"/>
</LocList>
<StmntSeq Intrnl_Id="2409">
<LocList>
<Loc EndOffset="6963" SrcFileId="8" StartOffset="4773"/>
<Loc EndOffset="6986" SrcFileId="8" StartOffset="6973"/>
</LocList>
<CondStmnt CovItemId="S61" CovItemPrefix="com.OriginalFiles.Analyze.java" Intrnl_Id="2410">
<Branch CovItemId="B33" CovItemPrefix="com.OriginalFiles.Analyze.java" Implct="false" Intrnl_Id="2411">
<Cond/>
<LocList>
<Loc EndOffset="6963" SrcFileId="8" StartOffset="4822"/>
</LocList>
<StmntSeq Intrnl_Id="2412">
<LocList>
<Loc EndOffset="6952" SrcFileId="8" StartOffset="4878"/>
</LocList>
<CondStmnt CovItemId="S62" CovItemPrefix="com.OriginalFiles.Analyze.java" Intrnl_Id="2413">
<Branch CovItemId="B35" CovItemPrefix="com.OriginalFiles.Analyze.java" Implct="false" Intrnl_Id="2414">
<Cond/>
<LocList>
<Loc EndOffset="5363" SrcFileId="8" StartOffset="4935"/>
</LocList>
<StmntSeq Intrnl_Id="2415">
<LocList>
<Loc EndOffset="5312" SrcFileId="8" StartOffset="4954"/>
</LocList>
<CondStmnt CovItemId="S63" CovItemPrefix="com.OriginalFiles.Analyze.java" Intrnl_Id="2416">
<Branch CovItemId="B37" CovItemPrefix="com.OriginalFiles.Analyze.java" Implct="false" Intrnl_Id="2417">
<Cond/>
<LocList>
<Loc EndOffset="5251" SrcFileId="8" StartOffset="5060"/>
</LocList>
<StmntSeq Intrnl_Id="2418">
<LocList>
<Loc EndOffset="5198" SrcFileId="8" StartOffset="5083"/>
<Loc EndOffset="5232" SrcFileId="8" StartOffset="5220"/>
</LocList>
<BasicStmnt CovItemId="S64" CovItemPrefix="com.OriginalFiles.Analyze.java" Intrnl_Id="2419">
<LocList>
<Loc EndOffset="5198" SrcFileId="8" StartOffset="5083"/>
</LocList>
</BasicStmnt>
<BasicStmnt CovItemId="S65" CovItemPrefix="com.OriginalFiles.Analyze.java" Intrnl_Id="2420">
<LocList>
<Loc EndOffset="5232" SrcFileId="8" StartOffset="5220"/>
</LocList>
</BasicStmnt>
</StmntSeq>
</Branch>
<Branch CovItemId="B38" CovItemPrefix="com.OriginalFiles.Analyze.java" Implct="false" Intrnl_Id="2421">
<Cond>
<Loc EndOffset="5256" SrcFileId="8" StartOffset="5252"/>
</Cond>
<LocList>
<Loc EndOffset="5312" SrcFileId="8" StartOffset="5257"/>
</LocList>
<StmntSeq Intrnl_Id="2422">
<LocList>
<Loc EndOffset="5293" SrcFileId="8" StartOffset="5280"/>
</LocList>
<BasicStmnt CovItemId="S66" CovItemPrefix="com.OriginalFiles.Analyze.java" Intrnl_Id="2423">
<LocList>
<Loc EndOffset="5293" SrcFileId="8" StartOffset="5280"/>
</LocList>
</BasicStmnt>
</StmntSeq>
</Branch>
<Keyword EndOffset="4956" SrcFileId="8" StartOffset="4954"/>
<LocList>
<Loc EndOffset="5312" SrcFileId="8" StartOffset="4954"/>
</LocList>
<RootTerm CovItemId="C19" CovItemPrefix="com.OriginalFiles.Analyze.java" Intrnl_Id="2424">
<BasicBoolTerm Intrnl_Id="2425">
<LocList>
<Loc EndOffset="5058" SrcFileId="8" StartOffset="4958"/>
</LocList>
</BasicBoolTerm>
</RootTerm>
</CondStmnt>
</StmntSeq>
</Branch>
<Branch CovItemId="B36" CovItemPrefix="com.OriginalFiles.Analyze.java" Implct="false" Intrnl_Id="2426">
<Cond>
<Loc EndOffset="5368" SrcFileId="8" StartOffset="5364"/>
</Cond>
<LocList>
<Loc EndOffset="6952" SrcFileId="8" StartOffset="5369"/>
</LocList>
<StmntSeq Intrnl_Id="2427">
<LocList>
<Loc EndOffset="6952" SrcFileId="8" StartOffset="5369"/>
</LocList>
<CondStmnt CovItemId="S67" CovItemPrefix="com.OriginalFiles.Analyze.java" Intrnl_Id="2428">
<Branch CovItemId="B39" CovItemPrefix="com.OriginalFiles.Analyze.java" Implct="false" Intrnl_Id="2429">
<Cond/>
<LocList>
<Loc EndOffset="5868" SrcFileId="8" StartOffset="5427"/>
</LocList>
<StmntSeq Intrnl_Id="2430">
<LocList>
<Loc EndOffset="5804" SrcFileId="8" StartOffset="5446"/>
</LocList>
<CondStmnt CovItemId="S68" CovItemPrefix="com.OriginalFiles.Analyze.java" Intrnl_Id="2431">
<Branch CovItemId="B41" CovItemPrefix="com.OriginalFiles.Analyze.java" Implct="false" Intrnl_Id="2432">
<Cond/>
<LocList>
<Loc EndOffset="5743" SrcFileId="8" StartOffset="5552"/>
</LocList>
<StmntSeq Intrnl_Id="2433">
<LocList>
<Loc EndOffset="5690" SrcFileId="8" StartOffset="5575"/>
<Loc EndOffset="5724" SrcFileId="8" StartOffset="5712"/>
</LocList>
<BasicStmnt CovItemId="S69" CovItemPrefix="com.OriginalFiles.Analyze.java" Intrnl_Id="2434">
<LocList>
<Loc EndOffset="5690" SrcFileId="8" StartOffset="5575"/>
</LocList>
</BasicStmnt>
<BasicStmnt CovItemId="S70" CovItemPrefix="com.OriginalFiles.Analyze.java" Intrnl_Id="2435">
<LocList>
<Loc EndOffset="5724" SrcFileId="8" StartOffset="5712"/>
</LocList>
</BasicStmnt>
</StmntSeq>
</Branch>
<Branch CovItemId="B42" CovItemPrefix="com.OriginalFiles.Analyze.java" Implct="false" Intrnl_Id="2436">
<Cond>
<Loc EndOffset="5748" SrcFileId="8" StartOffset="5744"/>
</Cond>
<LocList>
<Loc EndOffset="5804" SrcFileId="8" StartOffset="5749"/>
</LocList>
<StmntSeq Intrnl_Id="2437">
<LocList>
<Loc EndOffset="5785" SrcFileId="8" StartOffset="5772"/>
</LocList>
<BasicStmnt CovItemId="S71" CovItemPrefix="com.OriginalFiles.Analyze.java" Intrnl_Id="2438">
<LocList>
<Loc EndOffset="5785" SrcFileId="8" StartOffset="5772"/>
</LocList>
</BasicStmnt>
</StmntSeq>
</Branch>
<Keyword EndOffset="5448" SrcFileId="8" StartOffset="5446"/>
<LocList>
<Loc EndOffset="5804" SrcFileId="8" StartOffset="5446"/>
</LocList>
<RootTerm CovItemId="C21" CovItemPrefix="com.OriginalFiles.Analyze.java" Intrnl_Id="2439">
<BasicBoolTerm Intrnl_Id="2440">
<LocList>
<Loc EndOffset="5550" SrcFileId="8" StartOffset="5450"/>
</LocList>
</BasicBoolTerm>
</RootTerm>
</CondStmnt>
</StmntSeq>
</Branch>
<Branch CovItemId="B40" CovItemPrefix="com.OriginalFiles.Analyze.java" Implct="false" Intrnl_Id="2441">
<Cond>
<Loc EndOffset="5873" SrcFileId="8" StartOffset="5869"/>
</Cond>
<LocList>
<Loc EndOffset="6952" SrcFileId="8" StartOffset="5874"/>
</LocList>
<StmntSeq Intrnl_Id="2442">
<LocList>
<Loc EndOffset="6952" SrcFileId="8" StartOffset="5874"/>
</LocList>
<CondStmnt CovItemId="S72" CovItemPrefix="com.OriginalFiles.Analyze.java" Intrnl_Id="2443">
<Branch CovItemId="B43" CovItemPrefix="com.OriginalFiles.Analyze.java" Implct="false" Intrnl_Id="2444">
<Cond/>
<LocList>
<Loc EndOffset="6952" SrcFileId="8" StartOffset="5913"/>
</LocList>
<StmntSeq Intrnl_Id="2445">
<LocList>
<Loc EndOffset="6937" SrcFileId="8" StartOffset="5932"/>
</LocList>
<CondStmnt CovItemId="S73" CovItemPrefix="com.OriginalFiles.Analyze.java" Intrnl_Id="2446">
<Branch CovItemId="B45" CovItemPrefix="com.OriginalFiles.Analyze.java" Implct="false" Intrnl_Id="2447">
<Cond/>
<LocList>
<Loc EndOffset="6418" SrcFileId="8" StartOffset="5990"/>
</LocList>
<StmntSeq Intrnl_Id="2448">
<LocList>
<Loc EndOffset="6399" SrcFileId="8" StartOffset="6013"/>
</LocList>
<CondStmnt CovItemId="S74" CovItemPrefix="com.OriginalFiles.Analyze.java" Intrnl_Id="2449">
<Branch CovItemId="B47" CovItemPrefix="com.OriginalFiles.Analyze.java" Implct="false" Intrnl_Id="2450">
<Cond/>
<LocList>
<Loc EndOffset="6330" SrcFileId="8" StartOffset="6123"/>
</LocList>
<StmntSeq Intrnl_Id="2451">
<LocList>
<Loc EndOffset="6269" SrcFileId="8" StartOffset="6150"/>
<Loc EndOffset="6307" SrcFileId="8" StartOffset="6295"/>
</LocList>
<BasicStmnt CovItemId="S75" CovItemPrefix="com.OriginalFiles.Analyze.java" Intrnl_Id="2452">
<LocList>
<Loc EndOffset="6269" SrcFileId="8" StartOffset="6150"/>
</LocList>
</BasicStmnt>
<BasicStmnt CovItemId="S76" CovItemPrefix="com.OriginalFiles.Analyze.java" Intrnl_Id="2453">
<LocList>
<Loc EndOffset="6307" SrcFileId="8" StartOffset="6295"/>
</LocList>
</BasicStmnt>
</StmntSeq>
</Branch>
<Branch CovItemId="B48" CovItemPrefix="com.OriginalFiles.Analyze.java" Implct="false" Intrnl_Id="2454">
<Cond>
<Loc EndOffset="6335" SrcFileId="8" StartOffset="6331"/>
</Cond>
<LocList>
<Loc EndOffset="6399" SrcFileId="8" StartOffset="6336"/>
</LocList>
<StmntSeq Intrnl_Id="2455">
<LocList>
<Loc EndOffset="6376" SrcFileId="8" StartOffset="6363"/>
</LocList>
<BasicStmnt CovItemId="S77" CovItemPrefix="com.OriginalFiles.Analyze.java" Intrnl_Id="2456">
<LocList>
<Loc EndOffset="6376" SrcFileId="8" StartOffset="6363"/>
</LocList>
</BasicStmnt>
</StmntSeq>
</Branch>
<Keyword EndOffset="6015" SrcFileId="8" StartOffset="6013"/>
<LocList>
<Loc EndOffset="6399" SrcFileId="8" StartOffset="6013"/>
</LocList>
<RootTerm CovItemId="C24" CovItemPrefix="com.OriginalFiles.Analyze.java" Intrnl_Id="2457">
<BasicBoolTerm Intrnl_Id="2458">
<LocList>
<Loc EndOffset="6121" SrcFileId="8" StartOffset="6017"/>
</LocList>
</BasicBoolTerm>
</RootTerm>
</CondStmnt>
</StmntSeq>
</Branch>
<Branch CovItemId="B46" CovItemPrefix="com.OriginalFiles.Analyze.java" Implct="false" Intrnl_Id="2459">
<Cond>
<Loc EndOffset="6423" SrcFileId="8" StartOffset="6419"/>
</Cond>
<LocList>
<Loc EndOffset="6937" SrcFileId="8" StartOffset="6424"/>
</LocList>
<StmntSeq Intrnl_Id="2460">
<LocList>
<Loc EndOffset="6937" SrcFileId="8" StartOffset="6424"/>
</LocList>
<CondStmnt CovItemId="S78" CovItemPrefix="com.OriginalFiles.Analyze.java" Intrnl_Id="2461">
<Branch CovItemId="B49" CovItemPrefix="com.OriginalFiles.Analyze.java" Implct="false" Intrnl_Id="2462">
<Cond/>
<LocList>
<Loc EndOffset="6937" SrcFileId="8" StartOffset="6509"/>
</LocList>
<StmntSeq Intrnl_Id="2463">
<LocList>
<Loc EndOffset="6918" SrcFileId="8" StartOffset="6532"/>
</LocList>
<CondStmnt CovItemId="S79" CovItemPrefix="com.OriginalFiles.Analyze.java" Intrnl_Id="2464">
<Branch CovItemId="B51" CovItemPrefix="com.OriginalFiles.Analyze.java" Implct="false" Intrnl_Id="2465">
<Cond/>
<LocList>
<Loc EndOffset="6849" SrcFileId="8" StartOffset="6642"/>
</LocList>
<StmntSeq Intrnl_Id="2466">
<LocList>
<Loc EndOffset="6788" SrcFileId="8" StartOffset="6669"/>
<Loc EndOffset="6826" SrcFileId="8" StartOffset="6814"/>
</LocList>
<BasicStmnt CovItemId="S80" CovItemPrefix="com.OriginalFiles.Analyze.java" Intrnl_Id="2467">
<LocList>
<Loc EndOffset="6788" SrcFileId="8" StartOffset="6669"/>
</LocList>
</BasicStmnt>
<BasicStmnt CovItemId="S81" CovItemPrefix="com.OriginalFiles.Analyze.java" Intrnl_Id="2468">
<LocList>
<Loc EndOffset="6826" SrcFileId="8" StartOffset="6814"/>
</LocList>
</BasicStmnt>
</StmntSeq>
</Branch>
<Branch CovItemId="B52" CovItemPrefix="com.OriginalFiles.Analyze.java" Implct="false" Intrnl_Id="2469">
<Cond>
<Loc EndOffset="6854" SrcFileId="8" StartOffset="6850"/>
</Cond>
<LocList>
<Loc EndOffset="6918" SrcFileId="8" StartOffset="6855"/>
</LocList>
<StmntSeq Intrnl_Id="2470">
<LocList>
<Loc EndOffset="6895" SrcFileId="8" StartOffset="6882"/>
</LocList>
<BasicStmnt CovItemId="S82" CovItemPrefix="com.OriginalFiles.Analyze.java" Intrnl_Id="2471">
<LocList>
<Loc EndOffset="6895" SrcFileId="8" StartOffset="6882"/>
</LocList>
</BasicStmnt>
</StmntSeq>
</Branch>
<Keyword EndOffset="6534" SrcFileId="8" StartOffset="6532"/>
<LocList>
<Loc EndOffset="6918" SrcFileId="8" StartOffset="6532"/>
</LocList>
<RootTerm CovItemId="C26" CovItemPrefix="com.OriginalFiles.Analyze.java" Intrnl_Id="2472">
<BasicBoolTerm Intrnl_Id="2473">
<LocList>
<Loc EndOffset="6640" SrcFileId="8" StartOffset="6536"/>
</LocList>
</BasicBoolTerm>
</RootTerm>
</CondStmnt>
</StmntSeq>
</Branch>
<Branch CovItemId="B50" CovItemPrefix="com.OriginalFiles.Analyze.java" Implct="true" Intrnl_Id="2474">
<Cond/>
<LocList/>
<StmntSeq Intrnl_Id="2475">
<LocList/>
</StmntSeq>
</Branch>
<Keyword EndOffset="6426" SrcFileId="8" StartOffset="6424"/>
<LocList>
<Loc EndOffset="6937" SrcFileId="8" StartOffset="6424"/>
</LocList>
<RootTerm CovItemId="C25" CovItemPrefix="com.OriginalFiles.Analyze.java" Intrnl_Id="2476">
<BasicBoolTerm Intrnl_Id="2477">
<LocList>
<Loc EndOffset="6507" SrcFileId="8" StartOffset="6428"/>
</LocList>
</BasicBoolTerm>
</RootTerm>
</CondStmnt>
</StmntSeq>
</Branch>
<Keyword EndOffset="5934" SrcFileId="8" StartOffset="5932"/>
<LocList>
<Loc EndOffset="6937" SrcFileId="8" StartOffset="5932"/>
</LocList>
<RootTerm CovItemId="C23" CovItemPrefix="com.OriginalFiles.Analyze.java" Intrnl_Id="2478">
<BasicBoolTerm Intrnl_Id="2479">
<LocList>
<Loc EndOffset="5988" SrcFileId="8" StartOffset="5936"/>
</LocList>
</BasicBoolTerm>
</RootTerm>
</CondStmnt>
</StmntSeq>
</Branch>
<Branch CovItemId="B44" CovItemPrefix="com.OriginalFiles.Analyze.java" Implct="true" Intrnl_Id="2480">
<Cond/>
<LocList/>
<StmntSeq Intrnl_Id="2481">
<LocList/>
</StmntSeq>
</Branch>
<Keyword EndOffset="5876" SrcFileId="8" StartOffset="5874"/>
<LocList>
<Loc EndOffset="6952" SrcFileId="8" StartOffset="5874"/>
</LocList>
<RootTerm CovItemId="C22" CovItemPrefix="com.OriginalFiles.Analyze.java" Intrnl_Id="2482">
<BasicBoolTerm Intrnl_Id="2483">
<LocList>
<Loc EndOffset="5911" SrcFileId="8" StartOffset="5878"/>
</LocList>
</BasicBoolTerm>
</RootTerm>
</CondStmnt>
</StmntSeq>
</Branch>
<Keyword EndOffset="5371" SrcFileId="8" StartOffset="5369"/>
<LocList>
<Loc EndOffset="6952" SrcFileId="8" StartOffset="5369"/>
</LocList>
<RootTerm CovItemId="C20" CovItemPrefix="com.OriginalFiles.Analyze.java" Intrnl_Id="2484">
<BasicBoolTerm Intrnl_Id="2485">
<LocList>
<Loc EndOffset="5425" SrcFileId="8" StartOffset="5373"/>
</LocList>
</BasicBoolTerm>
</RootTerm>
</CondStmnt>
</StmntSeq>
</Branch>
<Keyword EndOffset="4880" SrcFileId="8" StartOffset="4878"/>
<LocList>
<Loc EndOffset="6952" SrcFileId="8" StartOffset="4878"/>
</LocList>
<RootTerm CovItemId="C18" CovItemPrefix="com.OriginalFiles.Analyze.java" Intrnl_Id="2486">
<BasicBoolTerm Intrnl_Id="2487">
<LocList>
<Loc EndOffset="4933" SrcFileId="8" StartOffset="4882"/>
</LocList>
</BasicBoolTerm>
</RootTerm>
</CondStmnt>
</StmntSeq>
</Branch>
<Branch CovItemId="B34" CovItemPrefix="com.OriginalFiles.Analyze.java" Implct="true" Intrnl_Id="2488">
<Cond/>
<LocList/>
<StmntSeq Intrnl_Id="2489">
<LocList/>
</StmntSeq>
</Branch>
<Keyword EndOffset="4775" SrcFileId="8" StartOffset="4773"/>
<LocList>
<Loc EndOffset="6963" SrcFileId="8" StartOffset="4773"/>
</LocList>
<RootTerm CovItemId="C17" CovItemPrefix="com.OriginalFiles.Analyze.java" Intrnl_Id="2490">
<BasicBoolTerm Intrnl_Id="2491">
<LocList>
<Loc EndOffset="4820" SrcFileId="8" StartOffset="4777"/>
</LocList>
</BasicBoolTerm>
</RootTerm>
</CondStmnt>
<BasicStmnt CovItemId="S83" CovItemPrefix="com.OriginalFiles.Analyze.java" Intrnl_Id="2492">
<LocList>
<Loc EndOffset="6986" SrcFileId="8" StartOffset="6973"/>
</LocList>
</BasicStmnt>
</StmntSeq>
</HierarchyLvl>
<HierarchyLvl HierarchyLvlId="91" HierarchyLvlTypeId="14" Intrnl_Id="2493" Name="validateMove">
<Header>
<Loc EndOffset="7166" SrcFileId="8" StartOffset="7062"/>
</Header>
<LocList>
<Loc EndOffset="8321" SrcFileId="8" StartOffset="7062"/>
</LocList>
<StmntSeq Intrnl_Id="2494">
<LocList>
<Loc EndOffset="7228" SrcFileId="8" StartOffset="7180"/>
<Loc EndOffset="7385" SrcFileId="8" StartOffset="7238"/>
<Loc EndOffset="7542" SrcFileId="8" StartOffset="7395"/>
<Loc EndOffset="7699" SrcFileId="8" StartOffset="7552"/>
<Loc EndOffset="7856" SrcFileId="8" StartOffset="7709"/>
<Loc EndOffset="7893" SrcFileId="8" StartOffset="7866"/>
<Loc EndOffset="8285" SrcFileId="8" StartOffset="7903"/>
<Loc EndOffset="8314" SrcFileId="8" StartOffset="8295"/>
</LocList>
<BasicStmnt CovItemId="S84" CovItemPrefix="com.OriginalFiles.Analyze.java" Intrnl_Id="2495">
<LocList>
<Loc EndOffset="7228" SrcFileId="8" StartOffset="7180"/>
</LocList>
</BasicStmnt>
<CondStmnt CovItemId="S85" CovItemPrefix="com.OriginalFiles.Analyze.java" Intrnl_Id="2496">
<Branch CovItemId="B53" CovItemPrefix="com.OriginalFiles.Analyze.java" Implct="false" Intrnl_Id="2497">
<Cond/>
<LocList>
<Loc EndOffset="7385" SrcFileId="8" StartOffset="7295"/>
</LocList>
<StmntSeq Intrnl_Id="2498">
<LocList>
<Loc EndOffset="7374" SrcFileId="8" StartOffset="7310"/>
</LocList>
<BasicStmnt CovItemId="S86" CovItemPrefix="com.OriginalFiles.Analyze.java" Intrnl_Id="2499">
<LocList>
<Loc EndOffset="7374" SrcFileId="8" StartOffset="7310"/>
</LocList>
</BasicStmnt>
</StmntSeq>
</Branch>
<Branch CovItemId="B54" CovItemPrefix="com.OriginalFiles.Analyze.java" Implct="true" Intrnl_Id="2500">
<Cond/>
<LocList/>
<StmntSeq Intrnl_Id="2501">
<LocList/>
</StmntSeq>
</Branch>
<Keyword EndOffset="7240" SrcFileId="8" StartOffset="7238"/>
<LocList>
<Loc EndOffset="7385" SrcFileId="8" StartOffset="7238"/>
</LocList>
<RootTerm CovItemId="C27" CovItemPrefix="com.OriginalFiles.Analyze.java" Intrnl_Id="2502">
<BasicBoolTerm Intrnl_Id="2503">
<LocList>
<Loc EndOffset="7293" SrcFileId="8" StartOffset="7242"/>
</LocList>
</BasicBoolTerm>
</RootTerm>
</CondStmnt>
<CondStmnt CovItemId="S87" CovItemPrefix="com.OriginalFiles.Analyze.java" Intrnl_Id="2504">
<Branch CovItemId="B55" CovItemPrefix="com.OriginalFiles.Analyze.java" Implct="false" Intrnl_Id="2505">
<Cond/>
<LocList>
<Loc EndOffset="7542" SrcFileId="8" StartOffset="7452"/>
</LocList>
<StmntSeq Intrnl_Id="2506">
<LocList>
<Loc EndOffset="7531" SrcFileId="8" StartOffset="7467"/>
</LocList>
<BasicStmnt CovItemId="S88" CovItemPrefix="com.OriginalFiles.Analyze.java" Intrnl_Id="2507">
<LocList>
<Loc EndOffset="7531" SrcFileId="8" StartOffset="7467"/>
</LocList>
</BasicStmnt>
</StmntSeq>
</Branch>
<Branch CovItemId="B56" CovItemPrefix="com.OriginalFiles.Analyze.java" Implct="true" Intrnl_Id="2508">
<Cond/>
<LocList/>
<StmntSeq Intrnl_Id="2509">
<LocList/>
</StmntSeq>
</Branch>
<Keyword EndOffset="7397" SrcFileId="8" StartOffset="7395"/>
<LocList>
<Loc EndOffset="7542" SrcFileId="8" StartOffset="7395"/>
</LocList>
<RootTerm CovItemId="C28" CovItemPrefix="com.OriginalFiles.Analyze.java" Intrnl_Id="2510">
<BasicBoolTerm Intrnl_Id="2511">
<LocList>
<Loc EndOffset="7450" SrcFileId="8" StartOffset="7399"/>
</LocList>
</BasicBoolTerm>
</RootTerm>
</CondStmnt>
<CondStmnt CovItemId="S89" CovItemPrefix="com.OriginalFiles.Analyze.java" Intrnl_Id="2512">
<Branch CovItemId="B57" CovItemPrefix="com.OriginalFiles.Analyze.java" Implct="false" Intrnl_Id="2513">
<Cond/>
<LocList>
<Loc EndOffset="7699" SrcFileId="8" StartOffset="7609"/>
</LocList>
<StmntSeq Intrnl_Id="2514">
<LocList>
<Loc EndOffset="7688" SrcFileId="8" StartOffset="7624"/>
</LocList>
<BasicStmnt CovItemId="S90" CovItemPrefix="com.OriginalFiles.Analyze.java" Intrnl_Id="2515">
<LocList>
<Loc EndOffset="7688" SrcFileId="8" StartOffset="7624"/>
</LocList>
</BasicStmnt>
</StmntSeq>
</Branch>
<Branch CovItemId="B58" CovItemPrefix="com.OriginalFiles.Analyze.java" Implct="true" Intrnl_Id="2516">
<Cond/>
<LocList/>
<StmntSeq Intrnl_Id="2517">
<LocList/>
</StmntSeq>
</Branch>
<Keyword EndOffset="7554" SrcFileId="8" StartOffset="7552"/>
<LocList>
<Loc EndOffset="7699" SrcFileId="8" StartOffset="7552"/>
</LocList>
<RootTerm CovItemId="C29" CovItemPrefix="com.OriginalFiles.Analyze.java" Intrnl_Id="2518">
<BasicBoolTerm Intrnl_Id="2519">
<LocList>
<Loc EndOffset="7607" SrcFileId="8" StartOffset="7556"/>
</LocList>
</BasicBoolTerm>
</RootTerm>
</CondStmnt>
<CondStmnt CovItemId="S91" CovItemPrefix="com.OriginalFiles.Analyze.java" Intrnl_Id="2520">
<Branch CovItemId="B59" CovItemPrefix="com.OriginalFiles.Analyze.java" Implct="false" Intrnl_Id="2521">
<Cond/>
<LocList>
<Loc EndOffset="7856" SrcFileId="8" StartOffset="7766"/>
</LocList>
<StmntSeq Intrnl_Id="2522">
<LocList>
<Loc EndOffset="7845" SrcFileId="8" StartOffset="7781"/>
</LocList>
<BasicStmnt CovItemId="S92" CovItemPrefix="com.OriginalFiles.Analyze.java" Intrnl_Id="2523">
<LocList>
<Loc EndOffset="7845" SrcFileId="8" StartOffset="7781"/>
</LocList>
</BasicStmnt>
</StmntSeq>
</Branch>
<Branch CovItemId="B60" CovItemPrefix="com.OriginalFiles.Analyze.java" Implct="true" Intrnl_Id="2524">
<Cond/>
<LocList/>
<StmntSeq Intrnl_Id="2525">
<LocList/>
</StmntSeq>
</Branch>
<Keyword EndOffset="7711" SrcFileId="8" StartOffset="7709"/>
<LocList>
<Loc EndOffset="7856" SrcFileId="8" StartOffset="7709"/>
</LocList>
<RootTerm CovItemId="C30" CovItemPrefix="com.OriginalFiles.Analyze.java" Intrnl_Id="2526">
<BasicBoolTerm Intrnl_Id="2527">
<LocList>
<Loc EndOffset="7764" SrcFileId="8" StartOffset="7713"/>
</LocList>
</BasicBoolTerm>
</RootTerm>
</CondStmnt>
<BasicStmnt CovItemId="S93" CovItemPrefix="com.OriginalFiles.Analyze.java" Intrnl_Id="2528">
<LocList>
<Loc EndOffset="7893" SrcFileId="8" StartOffset="7866"/>
</LocList>
</BasicStmnt>
<LoopStmnt CovItemId="S94" CovItemPrefix="com.OriginalFiles.Analyze.java" Intrnl_Id="2529" MltplExecId="L4-2" MltplExecPrefix="com.OriginalFiles.Analyze.java" NvrExecId="L4-0" NvrExecPrefix="com.OriginalFiles.Analyze.java" OnceExecutedId="L4-1" OnceExecutedPrefix="com.OriginalFiles.Analyze.java" OptBodyExec="true">
<StmntSeq Intrnl_Id="2530">
<LocList>
<Loc EndOffset="8189" SrcFileId="8" StartOffset="7962"/>
<Loc EndOffset="8274" SrcFileId="8" StartOffset="8203"/>
</LocList>
<CondStmnt CovItemId="S95" CovItemPrefix="com.OriginalFiles.Analyze.java" Intrnl_Id="2531">
<Branch CovItemId="B61" CovItemPrefix="com.OriginalFiles.Analyze.java" Implct="false" Intrnl_Id="2532">
<Cond/>
<LocList>
<Loc EndOffset="8189" SrcFileId="8" StartOffset="8064"/>
</LocList>
<StmntSeq Intrnl_Id="2533">
<LocList>
<Loc EndOffset="8174" SrcFileId="8" StartOffset="8083"/>
</LocList>
<BasicStmnt CovItemId="S96" CovItemPrefix="com.OriginalFiles.Analyze.java" Intrnl_Id="2534">
<LocList>
<Loc EndOffset="8174" SrcFileId="8" StartOffset="8083"/>
</LocList>
</BasicStmnt>
</StmntSeq>
</Branch>
<Branch CovItemId="B62" CovItemPrefix="com.OriginalFiles.Analyze.java" Implct="true" Intrnl_Id="2535">
<Cond/>
<LocList/>
<StmntSeq Intrnl_Id="2536">
<LocList/>
</StmntSeq>
</Branch>
<Keyword EndOffset="7964" SrcFileId="8" StartOffset="7962"/>
<LocList>
<Loc EndOffset="8189" SrcFileId="8" StartOffset="7962"/>
</LocList>
<RootTerm CovItemId="C32" CovItemPrefix="com.OriginalFiles.Analyze.java" Intrnl_Id="2537">
<OpTerm BooleanOpId="9" Intrnl_Id="2538">
<OpTerm BooleanOpId="10" Intrnl_Id="2539">
<BasicBoolTerm Intrnl_Id="2540">
<LocList>
<Loc EndOffset="8002" SrcFileId="8" StartOffset="7968"/>
</LocList>
</BasicBoolTerm>
<BasicBoolTerm Intrnl_Id="2541">
<LocList>
<Loc EndOffset="8061" SrcFileId="8" StartOffset="8027"/>
</LocList>
</BasicBoolTerm>
<LocList>
<Loc EndOffset="8026" SrcFileId="8" StartOffset="8024"/>
</LocList>
</OpTerm>
<LocList>
<Loc EndOffset="7967" SrcFileId="8" StartOffset="7966"/>
</LocList>
</OpTerm>
</RootTerm>
</CondStmnt>
<CondStmnt CovItemId="S97" CovItemPrefix="com.OriginalFiles.Analyze.java" Intrnl_Id="2542">
<Branch CovItemId="B63" CovItemPrefix="com.OriginalFiles.Analyze.java" Implct="false" Intrnl_Id="2543">
<Cond/>
<LocList>
<Loc EndOffset="8274" SrcFileId="8" StartOffset="8221"/>
</LocList>
<StmntSeq Intrnl_Id="2544">
<LocList>
<Loc EndOffset="8259" SrcFileId="8" StartOffset="8240"/>
</LocList>
<BasicStmnt CovItemId="S98" CovItemPrefix="com.OriginalFiles.Analyze.java" Intrnl_Id="2545">
<LocList>
<Loc EndOffset="8259" SrcFileId="8" StartOffset="8240"/>
</LocList>
</BasicStmnt>
</StmntSeq>
</Branch>
<Branch CovItemId="B64" CovItemPrefix="com.OriginalFiles.Analyze.java" Implct="true" Intrnl_Id="2546">
<Cond/>
<LocList/>
<StmntSeq Intrnl_Id="2547">
<LocList/>
</StmntSeq>
</Branch>
<Keyword EndOffset="8205" SrcFileId="8" StartOffset="8203"/>
<LocList>
<Loc EndOffset="8274" SrcFileId="8" StartOffset="8203"/>
</LocList>
<RootTerm CovItemId="C33" CovItemPrefix="com.OriginalFiles.Analyze.java" Intrnl_Id="2548">
<OpTerm BooleanOpId="9" Intrnl_Id="2549">
<BasicBoolTerm Intrnl_Id="2550">
<LocList>
<Loc EndOffset="8219" SrcFileId="8" StartOffset="8208"/>
</LocList>
</BasicBoolTerm>
<LocList>
<Loc EndOffset="8208" SrcFileId="8" StartOffset="8207"/>
</LocList>
</OpTerm>
</RootTerm>
</CondStmnt>
</StmntSeq>
<Keyword EndOffset="7906" SrcFileId="8" StartOffset="7903"/>
<LocList>
<Loc EndOffset="8285" SrcFileId="8" StartOffset="7903"/>
</LocList>
<RootTerm CovItemId="C31" CovItemPrefix="com.OriginalFiles.Analyze.java" Intrnl_Id="2551">
<BasicBoolTerm Intrnl_Id="2552">
<LocList>
<Loc EndOffset="7940" SrcFileId="8" StartOffset="7919"/>
</LocList>
</BasicBoolTerm>
</RootTerm>
</LoopStmnt>
<BasicStmnt CovItemId="S99" CovItemPrefix="com.OriginalFiles.Analyze.java" Intrnl_Id="2553">
<LocList>
<Loc EndOffset="8314" SrcFileId="8" StartOffset="8295"/>
</LocList>
</BasicStmnt>
</StmntSeq>
</HierarchyLvl>
<HierarchyLvl HierarchyLvlId="92" HierarchyLvlTypeId="14" Intrnl_Id="2554" Name="jumpSequence">
<Header>
<Loc EndOffset="8509" SrcFileId="8" StartOffset="8329"/>
</Header>
<LocList>
<Loc EndOffset="9940" SrcFileId="8" StartOffset="8329"/>
</LocList>
<StmntSeq Intrnl_Id="2555">
<LocList>
<Loc EndOffset="8542" SrcFileId="8" StartOffset="8521"/>
<Loc EndOffset="8612" SrcFileId="8" StartOffset="8552"/>
<Loc EndOffset="8733" SrcFileId="8" StartOffset="8622"/>
<Loc EndOffset="8885" SrcFileId="8" StartOffset="8743"/>
<Loc EndOffset="9001" SrcFileId="8" StartOffset="8895"/>
<Loc EndOffset="9153" SrcFileId="8" StartOffset="9011"/>
<Loc EndOffset="9268" SrcFileId="8" StartOffset="9163"/>
<Loc EndOffset="9420" SrcFileId="8" StartOffset="9278"/>
<Loc EndOffset="9534" SrcFileId="8" StartOffset="9430"/>
<Loc EndOffset="9686" SrcFileId="8" StartOffset="9544"/>
<Loc EndOffset="9791" SrcFileId="8" StartOffset="9698"/>
<Loc EndOffset="9905" SrcFileId="8" StartOffset="9803"/>
<Loc EndOffset="9933" SrcFileId="8" StartOffset="9915"/>
</LocList>
<BasicStmnt CovItemId="S100" CovItemPrefix="com.OriginalFiles.Analyze.java" Intrnl_Id="2556">
<LocList>
<Loc EndOffset="8542" SrcFileId="8" StartOffset="8521"/>
</LocList>
</BasicStmnt>
<BasicStmnt CovItemId="S101" CovItemPrefix="com.OriginalFiles.Analyze.java" Intrnl_Id="2557">
<LocList>
<Loc EndOffset="8612" SrcFileId="8" StartOffset="8552"/>
</LocList>
</BasicStmnt>
<BasicStmnt CovItemId="S102" CovItemPrefix="com.OriginalFiles.Analyze.java" Intrnl_Id="2558">
<LocList>
<Loc EndOffset="8733" SrcFileId="8" StartOffset="8622"/>
</LocList>
</BasicStmnt>
<CondStmnt CovItemId="S103" CovItemPrefix="com.OriginalFiles.Analyze.java" Intrnl_Id="2559">
<Branch CovItemId="B65" CovItemPrefix="com.OriginalFiles.Analyze.java" Implct="false" Intrnl_Id="2560">
<Cond/>
<LocList>
<Loc EndOffset="8885" SrcFileId="8" StartOffset="8766"/>
</LocList>
<StmntSeq Intrnl_Id="2561">
<LocList>
<Loc EndOffset="8874" SrcFileId="8" StartOffset="8781"/>
</LocList>
<BasicStmnt CovItemId="S104" CovItemPrefix="com.OriginalFiles.Analyze.java" Intrnl_Id="2562">
<LocList>
<Loc EndOffset="8874" SrcFileId="8" StartOffset="8781"/>
</LocList>
</BasicStmnt>
</StmntSeq>
</Branch>
<Branch CovItemId="B66" CovItemPrefix="com.OriginalFiles.Analyze.java" Implct="true" Intrnl_Id="2563">
<Cond/>
<LocList/>
<StmntSeq Intrnl_Id="2564">
<LocList/>
</StmntSeq>
</Branch>
<Keyword EndOffset="8745" SrcFileId="8" StartOffset="8743"/>
<LocList>
<Loc EndOffset="8885" SrcFileId="8" StartOffset="8743"/>
</LocList>
<RootTerm CovItemId="C34" CovItemPrefix="com.OriginalFiles.Analyze.java" Intrnl_Id="2565">
<BasicBoolTerm Intrnl_Id="2566">
<LocList>
<Loc EndOffset="8764" SrcFileId="8" StartOffset="8747"/>
</LocList>
</BasicBoolTerm>
</RootTerm>
</CondStmnt>
<BasicStmnt CovItemId="S105" CovItemPrefix="com.OriginalFiles.Analyze.java" Intrnl_Id="2567">
<LocList>
<Loc EndOffset="9001" SrcFileId="8" StartOffset="8895"/>
</LocList>
</BasicStmnt>
<CondStmnt CovItemId="S106" CovItemPrefix="com.OriginalFiles.Analyze.java" Intrnl_Id="2568">
<Branch CovItemId="B67" CovItemPrefix="com.OriginalFiles.Analyze.java" Implct="false" Intrnl_Id="2569">
<Cond/>
<LocList>
<Loc EndOffset="9153" SrcFileId="8" StartOffset="9034"/>
</LocList>
<StmntSeq Intrnl_Id="2570">
<LocList>
<Loc EndOffset="9142" SrcFileId="8" StartOffset="9049"/>
</LocList>
<BasicStmnt CovItemId="S107" CovItemPrefix="com.OriginalFiles.Analyze.java" Intrnl_Id="2571">
<LocList>
<Loc EndOffset="9142" SrcFileId="8" StartOffset="9049"/>
</LocList>
</BasicStmnt>
</StmntSeq>
</Branch>
<Branch CovItemId="B68" CovItemPrefix="com.OriginalFiles.Analyze.java" Implct="true" Intrnl_Id="2572">
<Cond/>
<LocList/>
<StmntSeq Intrnl_Id="2573">
<LocList/>
</StmntSeq>
</Branch>
<Keyword EndOffset="9013" SrcFileId="8" StartOffset="9011"/>
<LocList>
<Loc EndOffset="9153" SrcFileId="8" StartOffset="9011"/>
</LocList>
<RootTerm CovItemId="C35" CovItemPrefix="com.OriginalFiles.Analyze.java" Intrnl_Id="2574">
<BasicBoolTerm Intrnl_Id="2575">
<LocList>
<Loc EndOffset="9032" SrcFileId="8" StartOffset="9015"/>
</LocList>
</BasicBoolTerm>
</RootTerm>
</CondStmnt>
<BasicStmnt CovItemId="S108" CovItemPrefix="com.OriginalFiles.Analyze.java" Intrnl_Id="2576">
<LocList>
<Loc EndOffset="9268" SrcFileId="8" StartOffset="9163"/>
</LocList>
</BasicStmnt>
<CondStmnt CovItemId="S109" CovItemPrefix="com.OriginalFiles.Analyze.java" Intrnl_Id="2577">
<Branch CovItemId="B69" CovItemPrefix="com.OriginalFiles.Analyze.java" Implct="false" Intrnl_Id="2578">
<Cond/>
<LocList>
<Loc EndOffset="9420" SrcFileId="8" StartOffset="9301"/>
</LocList>
<StmntSeq Intrnl_Id="2579">
<LocList>
<Loc EndOffset="9409" SrcFileId="8" StartOffset="9316"/>
</LocList>
<BasicStmnt CovItemId="S110" CovItemPrefix="com.OriginalFiles.Analyze.java" Intrnl_Id="2580">
<LocList>
<Loc EndOffset="9409" SrcFileId="8" StartOffset="9316"/>
</LocList>
</BasicStmnt>
</StmntSeq>
</Branch>
<Branch CovItemId="B70" CovItemPrefix="com.OriginalFiles.Analyze.java" Implct="true" Intrnl_Id="2581">
<Cond/>
<LocList/>
<StmntSeq Intrnl_Id="2582">
<LocList/>
</StmntSeq>
</Branch>
<Keyword EndOffset="9280" SrcFileId="8" StartOffset="9278"/>
<LocList>
<Loc EndOffset="9420" SrcFileId="8" StartOffset="9278"/>
</LocList>
<RootTerm CovItemId="C36" CovItemPrefix="com.OriginalFiles.Analyze.java" Intrnl_Id="2583">
<BasicBoolTerm Intrnl_Id="2584">
<LocList>
<Loc EndOffset="9299" SrcFileId="8" StartOffset="9282"/>
</LocList>
</BasicBoolTerm>
</RootTerm>
</CondStmnt>
<BasicStmnt CovItemId="S111" CovItemPrefix="com.OriginalFiles.Analyze.java" Intrnl_Id="2585">
<LocList>
<Loc EndOffset="9534" SrcFileId="8" StartOffset="9430"/>
</LocList>
</BasicStmnt>
<CondStmnt CovItemId="S112" CovItemPrefix="com.OriginalFiles.Analyze.java" Intrnl_Id="2586">
<Branch CovItemId="B71" CovItemPrefix="com.OriginalFiles.Analyze.java" Implct="false" Intrnl_Id="2587">
<Cond/>
<LocList>
<Loc EndOffset="9686" SrcFileId="8" StartOffset="9567"/>
</LocList>
<StmntSeq Intrnl_Id="2588">
<LocList>
<Loc EndOffset="9675" SrcFileId="8" StartOffset="9582"/>
</LocList>
<BasicStmnt CovItemId="S113" CovItemPrefix="com.OriginalFiles.Analyze.java" Intrnl_Id="2589">
<LocList>
<Loc EndOffset="9675" SrcFileId="8" StartOffset="9582"/>
</LocList>
</BasicStmnt>
</StmntSeq>
</Branch>
<Branch CovItemId="B72" CovItemPrefix="com.OriginalFiles.Analyze.java" Implct="true" Intrnl_Id="2590">
<Cond/>
<LocList/>
<StmntSeq Intrnl_Id="2591">
<LocList/>
</StmntSeq>
</Branch>
<Keyword EndOffset="9546" SrcFileId="8" StartOffset="9544"/>
<LocList>
<Loc EndOffset="9686" SrcFileId="8" StartOffset="9544"/>
</LocList>
<RootTerm CovItemId="C37" CovItemPrefix="com.OriginalFiles.Analyze.java" Intrnl_Id="2592">
<BasicBoolTerm Intrnl_Id="2593">
<LocList>
<Loc EndOffset="9565" SrcFileId="8" StartOffset="9548"/>
</LocList>
</BasicBoolTerm>
</RootTerm>
</CondStmnt>
<CondStmnt CovItemId="S114" CovItemPrefix="com.OriginalFiles.Analyze.java" Intrnl_Id="2594">
<Branch CovItemId="B73" CovItemPrefix="com.OriginalFiles.Analyze.java" Implct="false" Intrnl_Id="2595">
<Cond/>
<LocList>
<Loc EndOffset="9791" SrcFileId="8" StartOffset="9726"/>
</LocList>
<StmntSeq Intrnl_Id="2596">
<LocList>
<Loc EndOffset="9780" SrcFileId="8" StartOffset="9741"/>
</LocList>
<BasicStmnt CovItemId="S115" CovItemPrefix="com.OriginalFiles.Analyze.java" Intrnl_Id="2597">
<LocList>
<Loc EndOffset="9780" SrcFileId="8" StartOffset="9741"/>
</LocList>
</BasicStmnt>
</StmntSeq>
</Branch>
<Branch CovItemId="B74" CovItemPrefix="com.OriginalFiles.Analyze.java" Implct="true" Intrnl_Id="2598">
<Cond/>
<LocList/>
<StmntSeq Intrnl_Id="2599">
<LocList/>
</StmntSeq>
</Branch>
<Keyword EndOffset="9700" SrcFileId="8" StartOffset="9698"/>
<LocList>
<Loc EndOffset="9791" SrcFileId="8" StartOffset="9698"/>
</LocList>
<RootTerm CovItemId="C38" CovItemPrefix="com.OriginalFiles.Analyze.java" Intrnl_Id="2600">
<BasicBoolTerm Intrnl_Id="2601">
<LocList>
<Loc EndOffset="9724" SrcFileId="8" StartOffset="9702"/>
</LocList>
</BasicBoolTerm>
</RootTerm>
</CondStmnt>
<LoopStmnt CovItemId="S116" CovItemPrefix="com.OriginalFiles.Analyze.java" Intrnl_Id="2602" MltplExecId="L5-2" MltplExecPrefix="com.OriginalFiles.Analyze.java" NvrExecId="L5-0" NvrExecPrefix="com.OriginalFiles.Analyze.java" OnceExecutedId="L5-1" OnceExecutedPrefix="com.OriginalFiles.Analyze.java" OptBodyExec="true">
<StmntSeq Intrnl_Id="2603">
<LocList>
<Loc EndOffset="9894" SrcFileId="8" StartOffset="9862"/>
</LocList>
<BasicStmnt CovItemId="S117" CovItemPrefix="com.OriginalFiles.Analyze.java" Intrnl_Id="2604">
<LocList>
<Loc EndOffset="9894" SrcFileId="8" StartOffset="9862"/>
</LocList>
</BasicStmnt>
</StmntSeq>
<Keyword EndOffset="9806" SrcFileId="8" StartOffset="9803"/>
<LocList>
<Loc EndOffset="9905" SrcFileId="8" StartOffset="9803"/>
</LocList>
<RootTerm CovItemId="C39" CovItemPrefix="com.OriginalFiles.Analyze.java" Intrnl_Id="2605">
<BasicBoolTerm Intrnl_Id="2606">
<LocList>
<Loc EndOffset="9840" SrcFileId="8" StartOffset="9819"/>
</LocList>
</BasicBoolTerm>
</RootTerm>
</LoopStmnt>
<BasicStmnt CovItemId="S118" CovItemPrefix="com.OriginalFiles.Analyze.java" Intrnl_Id="2607">
<LocList>
<Loc EndOffset="9933" SrcFileId="8" StartOffset="9915"/>
</LocList>
</BasicStmnt>
</StmntSeq>
</HierarchyLvl>
<HierarchyLvl HierarchyLvlId="93" HierarchyLvlTypeId="14" Intrnl_Id="2608" Name="findJumpPiece">
<Header>
<Loc EndOffset="10048" SrcFileId="8" StartOffset="9948"/>
</Header>
<LocList>
<Loc EndOffset="12590" SrcFileId="8" StartOffset="9948"/>
</LocList>
<StmntSeq Intrnl_Id="2609">
<LocList>
<Loc EndOffset="10118" SrcFileId="8" StartOffset="10060"/>
<Loc EndOffset="10218" SrcFileId="8" StartOffset="10128"/>
<Loc EndOffset="10257" SrcFileId="8" StartOffset="10228"/>
<Loc EndOffset="12560" SrcFileId="8" StartOffset="10267"/>
<Loc EndOffset="12583" SrcFileId="8" StartOffset="12570"/>
</LocList>
<BasicStmnt CovItemId="S119" CovItemPrefix="com.OriginalFiles.Analyze.java" Intrnl_Id="2610">
<LocList>
<Loc EndOffset="10118" SrcFileId="8" StartOffset="10060"/>
</LocList>
</BasicStmnt>
<BasicStmnt CovItemId="S120" CovItemPrefix="com.OriginalFiles.Analyze.java" Intrnl_Id="2611">
<LocList>
<Loc EndOffset="10218" SrcFileId="8" StartOffset="10128"/>
</LocList>
</BasicStmnt>
<BasicStmnt CovItemId="S121" CovItemPrefix="com.OriginalFiles.Analyze.java" Intrnl_Id="2612">
<LocList>
<Loc EndOffset="10257" SrcFileId="8" StartOffset="10228"/>
</LocList>
</BasicStmnt>
<LoopStmnt CovItemId="S122" CovItemPrefix="com.OriginalFiles.Analyze.java" Intrnl_Id="2613" MltplExecId="L6-2" MltplExecPrefix="com.OriginalFiles.Analyze.java" NvrExecId="L6-0" NvrExecPrefix="com.OriginalFiles.Analyze.java" OnceExecutedId="L6-1" OnceExecutedPrefix="com.OriginalFiles.Analyze.java" OptBodyExec="true">
<StmntSeq Intrnl_Id="2614">
<LocList>
<Loc EndOffset="10363" SrcFileId="8" StartOffset="10324"/>
<Loc EndOffset="10428" SrcFileId="8" StartOffset="10377"/>
<Loc EndOffset="12549" SrcFileId="8" StartOffset="10442"/>
</LocList>
<BasicStmnt CovItemId="S123" CovItemPrefix="com.OriginalFiles.Analyze.java" Intrnl_Id="2615">
<LocList>
<Loc EndOffset="10363" SrcFileId="8" StartOffset="10324"/>
</LocList>
</BasicStmnt>
<BasicStmnt CovItemId="S124" CovItemPrefix="com.OriginalFiles.Analyze.java" Intrnl_Id="2616">
<LocList>
<Loc EndOffset="10428" SrcFileId="8" StartOffset="10377"/>
</LocList>
</BasicStmnt>
<CondStmnt CovItemId="S125" CovItemPrefix="com.OriginalFiles.Analyze.java" Intrnl_Id="2617">
<Branch CovItemId="B75" CovItemPrefix="com.OriginalFiles.Analyze.java" Implct="false" Intrnl_Id="2618">
<Cond/>
<LocList>
<Loc EndOffset="12549" SrcFileId="8" StartOffset="10506"/>
</LocList>
<StmntSeq Intrnl_Id="2619">
<LocList>
<Loc EndOffset="10589" SrcFileId="8" StartOffset="10525"/>
<Loc EndOffset="10639" SrcFileId="8" StartOffset="10607"/>
<Loc EndOffset="12504" SrcFileId="8" StartOffset="10657"/>
<Loc EndOffset="12534" SrcFileId="8" StartOffset="12522"/>
</LocList>
<BasicStmnt CovItemId="S126" CovItemPrefix="com.OriginalFiles.Analyze.java" Intrnl_Id="2620">
<LocList>
<Loc EndOffset="10589" SrcFileId="8" StartOffset="10525"/>
</LocList>
</BasicStmnt>
<BasicStmnt CovItemId="S127" CovItemPrefix="com.OriginalFiles.Analyze.java" Intrnl_Id="2621">
<LocList>
<Loc EndOffset="10639" SrcFileId="8" StartOffset="10607"/>
</LocList>
</BasicStmnt>
<LoopStmnt CovItemId="S128" CovItemPrefix="com.OriginalFiles.Analyze.java" Intrnl_Id="2622" MltplExecId="L7-2" MltplExecPrefix="com.OriginalFiles.Analyze.java" NvrExecId="L7-0" NvrExecPrefix="com.OriginalFiles.Analyze.java" OnceExecutedId="L7-1" OnceExecutedPrefix="com.OriginalFiles.Analyze.java" OptBodyExec="true">
<StmntSeq Intrnl_Id="2623">
<LocList>
<Loc EndOffset="10746" SrcFileId="8" StartOffset="10712"/>
<Loc EndOffset="10807" SrcFileId="8" StartOffset="10768"/>
<Loc EndOffset="11006" SrcFileId="8" StartOffset="10829"/>
<Loc EndOffset="12485" SrcFileId="8" StartOffset="11028"/>
</LocList>
<BasicStmnt CovItemId="S129" CovItemPrefix="com.OriginalFiles.Analyze.java" Intrnl_Id="2624">
<LocList>
<Loc EndOffset="10746" SrcFileId="8" StartOffset="10712"/>
</LocList>
</BasicStmnt>
<BasicStmnt CovItemId="S130" CovItemPrefix="com.OriginalFiles.Analyze.java" Intrnl_Id="2625">
<LocList>
<Loc EndOffset="10807" SrcFileId="8" StartOffset="10768"/>
</LocList>
</BasicStmnt>
<BasicStmnt CovItemId="S131" CovItemPrefix="com.OriginalFiles.Analyze.java" Intrnl_Id="2626">
<LocList>
<Loc EndOffset="11006" SrcFileId="8" StartOffset="10829"/>
</LocList>
</BasicStmnt>
<CondStmnt CovItemId="S132" CovItemPrefix="com.OriginalFiles.Analyze.java" Intrnl_Id="2627">
<Branch CovItemId="B77" CovItemPrefix="com.OriginalFiles.Analyze.java" Implct="false" Intrnl_Id="2628">
<Cond/>
<LocList>
<Loc EndOffset="11609" SrcFileId="8" StartOffset="11072"/>
</LocList>
<StmntSeq Intrnl_Id="2629">
<LocList>
<Loc EndOffset="11109" SrcFileId="8" StartOffset="11099"/>
<Loc EndOffset="11586" SrcFileId="8" StartOffset="11135"/>
</LocList>
<BasicStmnt CovItemId="S133" CovItemPrefix="com.OriginalFiles.Analyze.java" Intrnl_Id="2630">
<LocList>
<Loc EndOffset="11109" SrcFileId="8" StartOffset="11099"/>
</LocList>
</BasicStmnt>
<LoopStmnt CovItemId="S134" CovItemPrefix="com.OriginalFiles.Analyze.java" Intrnl_Id="2631" MltplExecId="L8-2" MltplExecPrefix="com.OriginalFiles.Analyze.java" NvrExecId="L8-0" NvrExecPrefix="com.OriginalFiles.Analyze.java" OnceExecutedId="L8-1" OnceExecutedPrefix="com.OriginalFiles.Analyze.java" OptBodyExec="true">
<StmntSeq Intrnl_Id="2632">
<LocList>
<Loc EndOffset="11525" SrcFileId="8" StartOffset="11183"/>
<Loc EndOffset="11559" SrcFileId="8" StartOffset="11555"/>
</LocList>
<CondStmnt CovItemId="S135" CovItemPrefix="com.OriginalFiles.Analyze.java" Intrnl_Id="2633">
<Branch CovItemId="B79" CovItemPrefix="com.OriginalFiles.Analyze.java" Implct="false" Intrnl_Id="2634">
<Cond/>
<LocList>
<Loc EndOffset="11525" SrcFileId="8" StartOffset="11228"/>
</LocList>
<StmntSeq Intrnl_Id="2635">
<LocList>
<Loc EndOffset="11494" SrcFileId="8" StartOffset="11322"/>
</LocList>
<BasicStmnt CovItemId="S136" CovItemPrefix="com.OriginalFiles.Analyze.java" Intrnl_Id="2636">
<LocList>
<Loc EndOffset="11494" SrcFileId="8" StartOffset="11322"/>
</LocList>
</BasicStmnt>
</StmntSeq>
</Branch>
<Branch CovItemId="B80" CovItemPrefix="com.OriginalFiles.Analyze.java" Implct="true" Intrnl_Id="2637">
<Cond/>
<LocList/>
<StmntSeq Intrnl_Id="2638">
<LocList/>
</StmntSeq>
</Branch>
<Keyword EndOffset="11185" SrcFileId="8" StartOffset="11183"/>
<LocList>
<Loc EndOffset="11525" SrcFileId="8" StartOffset="11183"/>
</LocList>
<RootTerm CovItemId="C45" CovItemPrefix="com.OriginalFiles.Analyze.java" Intrnl_Id="2639">
<BasicBoolTerm Intrnl_Id="2640">
<LocList>
<Loc EndOffset="11226" SrcFileId="8" StartOffset="11187"/>
</LocList>
</BasicBoolTerm>
</RootTerm>
</CondStmnt>
<BasicStmnt CovItemId="S137" CovItemPrefix="com.OriginalFiles.Analyze.java" Intrnl_Id="2641">
<LocList>
<Loc EndOffset="11559" SrcFileId="8" StartOffset="11555"/>
</LocList>
</BasicStmnt>
</StmntSeq>
<Keyword EndOffset="11140" SrcFileId="8" StartOffset="11135"/>
<LocList>
<Loc EndOffset="11586" SrcFileId="8" StartOffset="11135"/>
</LocList>
<RootTerm CovItemId="C44" CovItemPrefix="com.OriginalFiles.Analyze.java" Intrnl_Id="2642">
<OpTerm BooleanOpId="9" Intrnl_Id="2643">
<BasicBoolTerm Intrnl_Id="2644">
<LocList>
<Loc EndOffset="11149" SrcFileId="8" StartOffset="11144"/>
</LocList>
</BasicBoolTerm>
<LocList>
<Loc EndOffset="11143" SrcFileId="8" StartOffset="11142"/>
</LocList>
</OpTerm>
</RootTerm>
</LoopStmnt>
</StmntSeq>
</Branch>
<Branch CovItemId="B78" CovItemPrefix="com.OriginalFiles.Analyze.java" Implct="false" Intrnl_Id="2645">
<Cond>
<Loc EndOffset="11614" SrcFileId="8" StartOffset="11610"/>
</Cond>
<LocList>
<Loc EndOffset="12485" SrcFileId="8" StartOffset="11615"/>
</LocList>
<StmntSeq Intrnl_Id="2646">
<LocList>
<Loc EndOffset="11652" SrcFileId="8" StartOffset="11642"/>
<Loc EndOffset="11688" SrcFileId="8" StartOffset="11678"/>
<Loc EndOffset="12309" SrcFileId="8" StartOffset="11714"/>
<Loc EndOffset="12462" SrcFileId="8" StartOffset="12335"/>
</LocList>
<BasicStmnt CovItemId="S138" CovItemPrefix="com.OriginalFiles.Analyze.java" Intrnl_Id="2647">
<LocList>
<Loc EndOffset="11652" SrcFileId="8" StartOffset="11642"/>
</LocList>
</BasicStmnt>
<BasicStmnt CovItemId="S139" CovItemPrefix="com.OriginalFiles.Analyze.java" Intrnl_Id="2648">
<LocList>
<Loc EndOffset="11688" SrcFileId="8" StartOffset="11678"/>
</LocList>
</BasicStmnt>
<LoopStmnt CovItemId="S140" CovItemPrefix="com.OriginalFiles.Analyze.java" Intrnl_Id="2649" MltplExecId="L9-2" MltplExecPrefix="com.OriginalFiles.Analyze.java" NvrExecId="L9-0" NvrExecPrefix="com.OriginalFiles.Analyze.java" OnceExecutedId="L9-1" OnceExecutedPrefix="com.OriginalFiles.Analyze.java" OptBodyExec="true">
<StmntSeq Intrnl_Id="2650">
<LocList>
<Loc EndOffset="12212" SrcFileId="8" StartOffset="11841"/>
<Loc EndOffset="12246" SrcFileId="8" StartOffset="12242"/>
<Loc EndOffset="12282" SrcFileId="8" StartOffset="12276"/>
</LocList>
<LoopStmnt CovItemId="S141" CovItemPrefix="com.OriginalFiles.Analyze.java" Intrnl_Id="2651" MltplExecId="L10-2" MltplExecPrefix="com.OriginalFiles.Analyze.java" NvrExecId="L10-0" NvrExecPrefix="com.OriginalFiles.Analyze.java" OnceExecutedId="L10-1" OnceExecutedPrefix="com.OriginalFiles.Analyze.java" OptBodyExec="true">
<StmntSeq Intrnl_Id="2652">
<LocList>
<Loc EndOffset="12143" SrcFileId="8" StartOffset="11966"/>
<Loc EndOffset="12181" SrcFileId="8" StartOffset="12177"/>
</LocList>
<CondStmnt CovItemId="S142" CovItemPrefix="com.OriginalFiles.Analyze.java" Intrnl_Id="2653">
<Branch CovItemId="B81" CovItemPrefix="com.OriginalFiles.Analyze.java" Implct="false" Intrnl_Id="2654">
<Cond/>
<LocList>
<Loc EndOffset="12143" SrcFileId="8" StartOffset="12057"/>
</LocList>
<StmntSeq Intrnl_Id="2655">
<LocList>
<Loc EndOffset="12108" SrcFileId="8" StartOffset="12096"/>
</LocList>
<BasicStmnt CovItemId="S143" CovItemPrefix="com.OriginalFiles.Analyze.java" Intrnl_Id="2656">
<LocList>
<Loc EndOffset="12108" SrcFileId="8" StartOffset="12096"/>
</LocList>
</BasicStmnt>
</StmntSeq>
</Branch>
<Branch CovItemId="B82" CovItemPrefix="com.OriginalFiles.Analyze.java" Implct="true" Intrnl_Id="2657">
<Cond/>
<LocList/>
<StmntSeq Intrnl_Id="2658">
<LocList/>
</StmntSeq>
</Branch>
<Keyword EndOffset="11968" SrcFileId="8" StartOffset="11966"/>
<LocList>
<Loc EndOffset="12143" SrcFileId="8" StartOffset="11966"/>
</LocList>
<RootTerm CovItemId="C48" CovItemPrefix="com.OriginalFiles.Analyze.java" Intrnl_Id="2659">
<BasicBoolTerm Intrnl_Id="2660">
<LocList>
<Loc EndOffset="12055" SrcFileId="8" StartOffset="11970"/>
</LocList>
</BasicBoolTerm>
</RootTerm>
</CondStmnt>
<BasicStmnt CovItemId="S144" CovItemPrefix="com.OriginalFiles.Analyze.java" Intrnl_Id="2661">
<LocList>
<Loc EndOffset="12181" SrcFileId="8" StartOffset="12177"/>
</LocList>
</BasicStmnt>
</StmntSeq>
<Keyword EndOffset="11846" SrcFileId="8" StartOffset="11841"/>
<LocList>
<Loc EndOffset="12212" SrcFileId="8" StartOffset="11841"/>
</LocList>
<RootTerm CovItemId="C47" CovItemPrefix="com.OriginalFiles.Analyze.java" Intrnl_Id="2662">
<BasicBoolTerm Intrnl_Id="2663">
<LocList>
<Loc EndOffset="11929" SrcFileId="8" StartOffset="11848"/>
</LocList>
</BasicBoolTerm>
</RootTerm>
</LoopStmnt>
<BasicStmnt CovItemId="S145" CovItemPrefix="com.OriginalFiles.Analyze.java" Intrnl_Id="2664">
<LocList>
<Loc EndOffset="12246" SrcFileId="8" StartOffset="12242"/>
</LocList>
</BasicStmnt>
<BasicStmnt CovItemId="S146" CovItemPrefix="com.OriginalFiles.Analyze.java" Intrnl_Id="2665">
<LocList>
<Loc EndOffset="12282" SrcFileId="8" StartOffset="12276"/>
</LocList>
</BasicStmnt>
</StmntSeq>
<Keyword EndOffset="11726" SrcFileId="8" StartOffset="11721"/>
<LocList>
<Loc EndOffset="12309" SrcFileId="8" StartOffset="11714"/>
</LocList>
<RootTerm CovItemId="C46" CovItemPrefix="com.OriginalFiles.Analyze.java" Intrnl_Id="2666">
<BasicBoolTerm Intrnl_Id="2667">
<LocList>
<Loc EndOffset="11808" SrcFileId="8" StartOffset="11728"/>
</LocList>
</BasicBoolTerm>
</RootTerm>
</LoopStmnt>
<BasicStmnt CovItemId="S147" CovItemPrefix="com.OriginalFiles.Analyze.java" Intrnl_Id="2668">
<LocList>
<Loc EndOffset="12462" SrcFileId="8" StartOffset="12335"/>
</LocList>
</BasicStmnt>
</StmntSeq>
</Branch>
<Keyword EndOffset="11030" SrcFileId="8" StartOffset="11028"/>
<LocList>
<Loc EndOffset="12485" SrcFileId="8" StartOffset="11028"/>
</LocList>
<RootTerm CovItemId="C43" CovItemPrefix="com.OriginalFiles.Analyze.java" Intrnl_Id="2669">
<BasicBoolTerm Intrnl_Id="2670">
<LocList>
<Loc EndOffset="11070" SrcFileId="8" StartOffset="11032"/>
</LocList>
</BasicBoolTerm>
</RootTerm>
</CondStmnt>
</StmntSeq>
<Keyword EndOffset="10660" SrcFileId="8" StartOffset="10657"/>
<LocList>
<Loc EndOffset="12504" SrcFileId="8" StartOffset="10657"/>
</LocList>
<RootTerm CovItemId="C42" CovItemPrefix="com.OriginalFiles.Analyze.java" Intrnl_Id="2671">
<BasicBoolTerm Intrnl_Id="2672">
<LocList>
<Loc EndOffset="10682" SrcFileId="8" StartOffset="10673"/>
</LocList>
</BasicBoolTerm>
</RootTerm>
</LoopStmnt>
<BasicStmnt CovItemId="S148" CovItemPrefix="com.OriginalFiles.Analyze.java" Intrnl_Id="2673">
<LocList>
<Loc EndOffset="12534" SrcFileId="8" StartOffset="12522"/>
</LocList>
</BasicStmnt>
</StmntSeq>
</Branch>
<Branch CovItemId="B76" CovItemPrefix="com.OriginalFiles.Analyze.java" Implct="true" Intrnl_Id="2674">
<Cond/>
<LocList/>
<StmntSeq Intrnl_Id="2675">
<LocList/>
</StmntSeq>
</Branch>
<Keyword EndOffset="10444" SrcFileId="8" StartOffset="10442"/>
<LocList>
<Loc EndOffset="12549" SrcFileId="8" StartOffset="10442"/>
</LocList>
<RootTerm CovItemId="C41" CovItemPrefix="com.OriginalFiles.Analyze.java" Intrnl_Id="2676">
<OpTerm BooleanOpId="9" Intrnl_Id="2677">
<BasicBoolTerm Intrnl_Id="2678">
<LocList>
<Loc EndOffset="10504" SrcFileId="8" StartOffset="10447"/>
</LocList>
</BasicBoolTerm>
<LocList>
<Loc EndOffset="10447" SrcFileId="8" StartOffset="10446"/>
</LocList>
</OpTerm>
</RootTerm>
</CondStmnt>
</StmntSeq>
<Keyword EndOffset="10270" SrcFileId="8" StartOffset="10267"/>
<LocList>
<Loc EndOffset="12560" SrcFileId="8" StartOffset="10267"/>
</LocList>
<RootTerm CovItemId="C40" CovItemPrefix="com.OriginalFiles.Analyze.java" Intrnl_Id="2679">
<BasicBoolTerm Intrnl_Id="2680">
<LocList>
<Loc EndOffset="10302" SrcFileId="8" StartOffset="10283"/>
</LocList>
</BasicBoolTerm>
</RootTerm>
</LoopStmnt>
<BasicStmnt CovItemId="S149" CovItemPrefix="com.OriginalFiles.Analyze.java" Intrnl_Id="2681">
<LocList>
<Loc EndOffset="12583" SrcFileId="8" StartOffset="12570"/>
</LocList>
</BasicStmnt>
</StmntSeq>
</HierarchyLvl>
<HierarchyLvl HierarchyLvlId="94" HierarchyLvlTypeId="14" Intrnl_Id="2682" Name="checkForUpgradeKing">
<Header>
<Loc EndOffset="12713" SrcFileId="8" StartOffset="12598"/>
</Header>
<LocList>
<Loc EndOffset="14157" SrcFileId="8" StartOffset="12598"/>
</LocList>
<StmntSeq Intrnl_Id="2683">
<LocList>
<Loc EndOffset="14150" SrcFileId="8" StartOffset="12725"/>
</LocList>
<CondStmnt CovItemId="S150" CovItemPrefix="com.OriginalFiles.Analyze.java" Intrnl_Id="2684">
<Branch CovItemId="B83" CovItemPrefix="com.OriginalFiles.Analyze.java" Implct="false" Intrnl_Id="2685">
<Cond/>
<LocList>
<Loc EndOffset="14150" SrcFileId="8" StartOffset="12769"/>
</LocList>
<StmntSeq Intrnl_Id="2686">
<LocList>
<Loc EndOffset="14139" SrcFileId="8" StartOffset="12784"/>
</LocList>
<CondStmnt CovItemId="S151" CovItemPrefix="com.OriginalFiles.Analyze.java" Intrnl_Id="2687">
<Branch CovItemId="B85" CovItemPrefix="com.OriginalFiles.Analyze.java" Implct="false" Intrnl_Id="2688">
<Cond/>
<LocList>
<Loc EndOffset="13083" SrcFileId="8" StartOffset="12833"/>
</LocList>
<StmntSeq Intrnl_Id="2689">
<LocList>
<Loc EndOffset="12910" SrcFileId="8" StartOffset="12852"/>
<Loc EndOffset="12969" SrcFileId="8" StartOffset="12928"/>
<Loc EndOffset="13068" SrcFileId="8" StartOffset="12987"/>
</LocList>
<BasicStmnt CovItemId="S152" CovItemPrefix="com.OriginalFiles.Analyze.java" Intrnl_Id="2690">
<LocList>
<Loc EndOffset="12910" SrcFileId="8" StartOffset="12852"/>
</LocList>
</BasicStmnt>
<BasicStmnt CovItemId="S153" CovItemPrefix="com.OriginalFiles.Analyze.java" Intrnl_Id="2691">
<LocList>
<Loc EndOffset="12969" SrcFileId="8" StartOffset="12928"/>
</LocList>
</BasicStmnt>
<CondStmnt CovItemId="S154" CovItemPrefix="com.OriginalFiles.Analyze.java" Intrnl_Id="2692">
<Branch CovItemId="B87" CovItemPrefix="com.OriginalFiles.Analyze.java" Implct="false" Intrnl_Id="2693">
<Cond/>
<LocList>
<Loc EndOffset="13068" SrcFileId="8" StartOffset="13005"/>
</LocList>
<StmntSeq Intrnl_Id="2694">
<LocList>
<Loc EndOffset="13049" SrcFileId="8" StartOffset="13028"/>
</LocList>
<BasicStmnt CovItemId="S155" CovItemPrefix="com.OriginalFiles.Analyze.java" Intrnl_Id="2695">
<LocList>
<Loc EndOffset="13049" SrcFileId="8" StartOffset="13028"/>
</LocList>
</BasicStmnt>
</StmntSeq>
</Branch>
<Branch CovItemId="B88" CovItemPrefix="com.OriginalFiles.Analyze.java" Implct="true" Intrnl_Id="2696">
<Cond/>
<LocList/>
<StmntSeq Intrnl_Id="2697">
<LocList/>
</StmntSeq>
</Branch>
<Keyword EndOffset="12989" SrcFileId="8" StartOffset="12987"/>
<LocList>
<Loc EndOffset="13068" SrcFileId="8" StartOffset="12987"/>
</LocList>
<RootTerm CovItemId="C51" CovItemPrefix="com.OriginalFiles.Analyze.java" Intrnl_Id="2698">
<OpTerm BooleanOpId="9" Intrnl_Id="2699">
<BasicBoolTerm Intrnl_Id="2700">
<LocList>
<Loc EndOffset="13003" SrcFileId="8" StartOffset="12992"/>
</LocList>
</BasicBoolTerm>
<LocList>
<Loc EndOffset="12992" SrcFileId="8" StartOffset="12991"/>
</LocList>
</OpTerm>
</RootTerm>
</CondStmnt>
</StmntSeq>
</Branch>
<Branch CovItemId="B86" CovItemPrefix="com.OriginalFiles.Analyze.java" Implct="false" Intrnl_Id="2701">
<Cond>
<Loc EndOffset="13088" SrcFileId="8" StartOffset="13084"/>
</Cond>
<LocList>
<Loc EndOffset="14139" SrcFileId="8" StartOffset="13089"/>
</LocList>
<StmntSeq Intrnl_Id="2702">
<LocList>
<Loc EndOffset="14124" SrcFileId="8" StartOffset="13108"/>
</LocList>
<CondStmnt CovItemId="S156" CovItemPrefix="com.OriginalFiles.Analyze.java" Intrnl_Id="2703">
<Branch CovItemId="B89" CovItemPrefix="com.OriginalFiles.Analyze.java" Implct="false" Intrnl_Id="2704">
<Cond/>
<LocList>
<Loc EndOffset="13323" SrcFileId="8" StartOffset="13125"/>
</LocList>
<StmntSeq Intrnl_Id="2705">
<LocList>
<Loc EndOffset="13241" SrcFileId="8" StartOffset="13148"/>
<Loc EndOffset="13304" SrcFileId="8" StartOffset="13263"/>
</LocList>
<BasicStmnt CovItemId="S157" CovItemPrefix="com.OriginalFiles.Analyze.java" Intrnl_Id="2706">
<LocList>
<Loc EndOffset="13241" SrcFileId="8" StartOffset="13148"/>
</LocList>
</BasicStmnt>
<BasicStmnt CovItemId="S158" CovItemPrefix="com.OriginalFiles.Analyze.java" Intrnl_Id="2707">
<LocList>
<Loc EndOffset="13304" SrcFileId="8" StartOffset="13263"/>
</LocList>
</BasicStmnt>
</StmntSeq>
</Branch>
<Branch CovItemId="B90" CovItemPrefix="com.OriginalFiles.Analyze.java" Implct="false" Intrnl_Id="2708">
<Cond>
<Loc EndOffset="13328" SrcFileId="8" StartOffset="13324"/>
</Cond>
<LocList>
<Loc EndOffset="14124" SrcFileId="8" StartOffset="13329"/>
</LocList>
<StmntSeq Intrnl_Id="2709">
<LocList>
<Loc EndOffset="13377" SrcFileId="8" StartOffset="13352"/>
<Loc EndOffset="13409" SrcFileId="8" StartOffset="13399"/>
<Loc EndOffset="14105" SrcFileId="8" StartOffset="13431"/>
</LocList>
<BasicStmnt CovItemId="S159" CovItemPrefix="com.OriginalFiles.Analyze.java" Intrnl_Id="2710">
<LocList>
<Loc EndOffset="13377" SrcFileId="8" StartOffset="13352"/>
</LocList>
</BasicStmnt>
<BasicStmnt CovItemId="S160" CovItemPrefix="com.OriginalFiles.Analyze.java" Intrnl_Id="2711">
<LocList>
<Loc EndOffset="13409" SrcFileId="8" StartOffset="13399"/>
</LocList>
</BasicStmnt>
<LoopStmnt CovItemId="S161" CovItemPrefix="com.OriginalFiles.Analyze.java" Intrnl_Id="2712" MltplExecId="L11-2" MltplExecPrefix="com.OriginalFiles.Analyze.java" NvrExecId="L11-0" NvrExecPrefix="com.OriginalFiles.Analyze.java" OnceExecutedId="L11-1" OnceExecutedPrefix="com.OriginalFiles.Analyze.java" OptBodyExec="true">
<StmntSeq Intrnl_Id="2713">
<LocList>
<Loc EndOffset="13586" SrcFileId="8" StartOffset="13476"/>
<Loc EndOffset="14052" SrcFileId="8" StartOffset="13612"/>
<Loc EndOffset="14082" SrcFileId="8" StartOffset="14078"/>
</LocList>
<CondStmnt CovItemId="S162" CovItemPrefix="com.OriginalFiles.Analyze.java" Intrnl_Id="2714">
<Branch CovItemId="B91" CovItemPrefix="com.OriginalFiles.Analyze.java" Implct="false" Intrnl_Id="2715">
<Cond/>
<LocList>
<Loc EndOffset="13586" SrcFileId="8" StartOffset="13487"/>
</LocList>
<StmntSeq Intrnl_Id="2716">
<LocList>
<Loc EndOffset="13559" SrcFileId="8" StartOffset="13518"/>
</LocList>
<BasicStmnt CovItemId="S163" CovItemPrefix="com.OriginalFiles.Analyze.java" Intrnl_Id="2717">
<LocList>
<Loc EndOffset="13559" SrcFileId="8" StartOffset="13518"/>
</LocList>
</BasicStmnt>
</StmntSeq>
</Branch>
<Branch CovItemId="B92" CovItemPrefix="com.OriginalFiles.Analyze.java" Implct="true" Intrnl_Id="2718">
<Cond/>
<LocList/>
<StmntSeq Intrnl_Id="2719">
<LocList/>
</StmntSeq>
</Branch>
<Keyword EndOffset="13478" SrcFileId="8" StartOffset="13476"/>
<LocList>
<Loc EndOffset="13586" SrcFileId="8" StartOffset="13476"/>
</LocList>
<RootTerm CovItemId="C54" CovItemPrefix="com.OriginalFiles.Analyze.java" Intrnl_Id="2720">
<BasicBoolTerm Intrnl_Id="2721">
<LocList>
<Loc EndOffset="13485" SrcFileId="8" StartOffset="13480"/>
</LocList>
</BasicBoolTerm>
</RootTerm>
</CondStmnt>
<CondStmnt CovItemId="S164" CovItemPrefix="com.OriginalFiles.Analyze.java" Intrnl_Id="2722">
<Branch CovItemId="B93" CovItemPrefix="com.OriginalFiles.Analyze.java" Implct="false" Intrnl_Id="2723">
<Cond/>
<LocList>
<Loc EndOffset="14052" SrcFileId="8" StartOffset="13655"/>
</LocList>
<StmntSeq Intrnl_Id="2724">
<LocList>
<Loc EndOffset="13782" SrcFileId="8" StartOffset="13741"/>
<Loc EndOffset="13979" SrcFileId="8" StartOffset="13867"/>
<Loc EndOffset="14025" SrcFileId="8" StartOffset="14009"/>
</LocList>
<BasicStmnt CovItemId="S165" CovItemPrefix="com.OriginalFiles.Analyze.java" Intrnl_Id="2725">
<LocList>
<Loc EndOffset="13782" SrcFileId="8" StartOffset="13741"/>
</LocList>
</BasicStmnt>
<BasicStmnt CovItemId="S166" CovItemPrefix="com.OriginalFiles.Analyze.java" Intrnl_Id="2726">
<LocList>
<Loc EndOffset="13979" SrcFileId="8" StartOffset="13867"/>
</LocList>
</BasicStmnt>
<BasicStmnt CovItemId="S167" CovItemPrefix="com.OriginalFiles.Analyze.java" Intrnl_Id="2727">
<LocList>
<Loc EndOffset="14025" SrcFileId="8" StartOffset="14009"/>
</LocList>
</BasicStmnt>
</StmntSeq>
</Branch>
<Branch CovItemId="B94" CovItemPrefix="com.OriginalFiles.Analyze.java" Implct="true" Intrnl_Id="2728">
<Cond/>
<LocList/>
<StmntSeq Intrnl_Id="2729">
<LocList/>
</StmntSeq>
</Branch>
<Keyword EndOffset="13614" SrcFileId="8" StartOffset="13612"/>
<LocList>
<Loc EndOffset="14052" SrcFileId="8" StartOffset="13612"/>
</LocList>
<RootTerm CovItemId="C55" CovItemPrefix="com.OriginalFiles.Analyze.java" Intrnl_Id="2730">
<OpTerm BooleanOpId="9" Intrnl_Id="2731">
<BasicBoolTerm Intrnl_Id="2732">
<LocList>
<Loc EndOffset="13653" SrcFileId="8" StartOffset="13617"/>
</LocList>
</BasicBoolTerm>
<LocList>
<Loc EndOffset="13617" SrcFileId="8" StartOffset="13616"/>
</LocList>
</OpTerm>
</RootTerm>
</CondStmnt>
<BasicStmnt CovItemId="S168" CovItemPrefix="com.OriginalFiles.Analyze.java" Intrnl_Id="2733">
<LocList>
<Loc EndOffset="14082" SrcFileId="8" StartOffset="14078"/>
</LocList>
</BasicStmnt>
</StmntSeq>
<Keyword EndOffset="13436" SrcFileId="8" StartOffset="13431"/>
<LocList>
<Loc EndOffset="14105" SrcFileId="8" StartOffset="13431"/>
</LocList>
<RootTerm CovItemId="C53" CovItemPrefix="com.OriginalFiles.Analyze.java" Intrnl_Id="2734">
<OpTerm BooleanOpId="9" Intrnl_Id="2735">
<BasicBoolTerm Intrnl_Id="2736">
<LocList>
<Loc EndOffset="13447" SrcFileId="8" StartOffset="13439"/>
</LocList>
</BasicBoolTerm>
<LocList>
<Loc EndOffset="13439" SrcFileId="8" StartOffset="13438"/>
</LocList>
</OpTerm>
</RootTerm>
</LoopStmnt>
</StmntSeq>
</Branch>
<Keyword EndOffset="13110" SrcFileId="8" StartOffset="13108"/>
<LocList>
<Loc EndOffset="14124" SrcFileId="8" StartOffset="13108"/>
</LocList>
<RootTerm CovItemId="C52" CovItemPrefix="com.OriginalFiles.Analyze.java" Intrnl_Id="2737">
<BasicBoolTerm Intrnl_Id="2738">
<LocList>
<Loc EndOffset="13123" SrcFileId="8" StartOffset="13112"/>
</LocList>
</BasicBoolTerm>
</RootTerm>
</CondStmnt>
</StmntSeq>
</Branch>
<Keyword EndOffset="12786" SrcFileId="8" StartOffset="12784"/>
<LocList>
<Loc EndOffset="14139" SrcFileId="8" StartOffset="12784"/>
</LocList>
<RootTerm CovItemId="C50" CovItemPrefix="com.OriginalFiles.Analyze.java" Intrnl_Id="2739">
<BasicBoolTerm Intrnl_Id="2740">
<LocList>
<Loc EndOffset="12831" SrcFileId="8" StartOffset="12788"/>
</LocList>
</BasicBoolTerm>
</RootTerm>
</CondStmnt>
</StmntSeq>
</Branch>
<Branch CovItemId="B84" CovItemPrefix="com.OriginalFiles.Analyze.java" Implct="true" Intrnl_Id="2741">
<Cond/>
<LocList/>
<StmntSeq Intrnl_Id="2742">
<LocList/>
</StmntSeq>
</Branch>
<Keyword EndOffset="12727" SrcFileId="8" StartOffset="12725"/>
<LocList>
<Loc EndOffset="14150" SrcFileId="8" StartOffset="12725"/>
</LocList>
<RootTerm CovItemId="C49" CovItemPrefix="com.OriginalFiles.Analyze.java" Intrnl_Id="2743">
<BasicBoolTerm Intrnl_Id="2744">
<LocList>
<Loc EndOffset="12767" SrcFileId="8" StartOffset="12729"/>
</LocList>
</BasicBoolTerm>
</RootTerm>
</CondStmnt>
</StmntSeq>
</HierarchyLvl>
<HierarchyLvl HierarchyLvlId="95" HierarchyLvlTypeId="14" Intrnl_Id="2745" Name="checkRobotPieceReplaced">
<Header>
<Loc EndOffset="14336" SrcFileId="8" StartOffset="14262"/>
</Header>
<LocList>
<Loc EndOffset="16177" SrcFileId="8" StartOffset="14262"/>
</LocList>
<StmntSeq Intrnl_Id="2746">
<LocList>
<Loc EndOffset="16170" SrcFileId="8" StartOffset="14348"/>
</LocList>
<CondStmnt CovItemId="S169" CovItemPrefix="com.OriginalFiles.Analyze.java" Intrnl_Id="2747">
<Branch CovItemId="B95" CovItemPrefix="com.OriginalFiles.Analyze.java" Implct="false" Intrnl_Id="2748">
<Cond/>
<LocList>
<Loc EndOffset="16170" SrcFileId="8" StartOffset="14374"/>
</LocList>
<StmntSeq Intrnl_Id="2749">
<LocList>
<Loc EndOffset="14419" SrcFileId="8" StartOffset="14389"/>
<Loc EndOffset="16159" SrcFileId="8" StartOffset="14433"/>
</LocList>
<BasicStmnt CovItemId="S170" CovItemPrefix="com.OriginalFiles.Analyze.java" Intrnl_Id="2750">
<LocList>
<Loc EndOffset="14419" SrcFileId="8" StartOffset="14389"/>
</LocList>
</BasicStmnt>
<LoopStmnt CovItemId="S171" CovItemPrefix="com.OriginalFiles.Analyze.java" Intrnl_Id="2751" MltplExecId="L12-2" MltplExecPrefix="com.OriginalFiles.Analyze.java" NvrExecId="L12-0" NvrExecPrefix="com.OriginalFiles.Analyze.java" OnceExecutedId="L12-1" OnceExecutedPrefix="com.OriginalFiles.Analyze.java" OptBodyExec="true">
<StmntSeq Intrnl_Id="2752">
<LocList>
<Loc EndOffset="16144" SrcFileId="8" StartOffset="14475"/>
</LocList>
<CondStmnt CovItemId="S172" CovItemPrefix="com.OriginalFiles.Analyze.java" Intrnl_Id="2753">
<Branch CovItemId="B97" CovItemPrefix="com.OriginalFiles.Analyze.java" Implct="false" Intrnl_Id="2754">
<Cond/>
<LocList>
<Loc EndOffset="15998" SrcFileId="8" StartOffset="14575"/>
</LocList>
<StmntSeq Intrnl_Id="2755">
<LocList>
<Loc EndOffset="14621" SrcFileId="8" StartOffset="14598"/>
<Loc EndOffset="14655" SrcFileId="8" StartOffset="14645"/>
<Loc EndOffset="14687" SrcFileId="8" StartOffset="14677"/>
<Loc EndOffset="14719" SrcFileId="8" StartOffset="14709"/>
<Loc EndOffset="15346" SrcFileId="8" StartOffset="14743"/>
<Loc EndOffset="15493" SrcFileId="8" StartOffset="15368"/>
<Loc EndOffset="15937" SrcFileId="8" StartOffset="15515"/>
<Loc EndOffset="15979" SrcFileId="8" StartOffset="15959"/>
</LocList>
<BasicStmnt CovItemId="S173" CovItemPrefix="com.OriginalFiles.Analyze.java" Intrnl_Id="2756">
<LocList>
<Loc EndOffset="14621" SrcFileId="8" StartOffset="14598"/>
</LocList>
</BasicStmnt>
<BasicStmnt CovItemId="S174" CovItemPrefix="com.OriginalFiles.Analyze.java" Intrnl_Id="2757">
<LocList>
<Loc EndOffset="14655" SrcFileId="8" StartOffset="14645"/>
</LocList>
</BasicStmnt>
<BasicStmnt CovItemId="S175" CovItemPrefix="com.OriginalFiles.Analyze.java" Intrnl_Id="2758">
<LocList>
<Loc EndOffset="14687" SrcFileId="8" StartOffset="14677"/>
</LocList>
</BasicStmnt>
<BasicStmnt CovItemId="S176" CovItemPrefix="com.OriginalFiles.Analyze.java" Intrnl_Id="2759">
<LocList>
<Loc EndOffset="14719" SrcFileId="8" StartOffset="14709"/>
</LocList>
</BasicStmnt>
<LoopStmnt CovItemId="S177" CovItemPrefix="com.OriginalFiles.Analyze.java" Intrnl_Id="2760" MltplExecId="L13-2" MltplExecPrefix="com.OriginalFiles.Analyze.java" NvrExecId="L13-0" NvrExecPrefix="com.OriginalFiles.Analyze.java" OnceExecutedId="L13-1" OnceExecutedPrefix="com.OriginalFiles.Analyze.java" OptBodyExec="true">
<StmntSeq Intrnl_Id="2761">
<LocList>
<Loc EndOffset="15261" SrcFileId="8" StartOffset="14888"/>
<Loc EndOffset="15291" SrcFileId="8" StartOffset="15287"/>
<Loc EndOffset="15323" SrcFileId="8" StartOffset="15317"/>
</LocList>
<LoopStmnt CovItemId="S178" CovItemPrefix="com.OriginalFiles.Analyze.java" Intrnl_Id="2762" MltplExecId="L14-2" MltplExecPrefix="com.OriginalFiles.Analyze.java" NvrExecId="L14-0" NvrExecPrefix="com.OriginalFiles.Analyze.java" OnceExecutedId="L14-1" OnceExecutedPrefix="com.OriginalFiles.Analyze.java" OptBodyExec="true">
<StmntSeq Intrnl_Id="2763">
<LocList>
<Loc EndOffset="15200" SrcFileId="8" StartOffset="15035"/>
<Loc EndOffset="15234" SrcFileId="8" StartOffset="15230"/>
</LocList>
<CondStmnt CovItemId="S179" CovItemPrefix="com.OriginalFiles.Analyze.java" Intrnl_Id="2764">
<Branch CovItemId="B99" CovItemPrefix="com.OriginalFiles.Analyze.java" Implct="false" Intrnl_Id="2765">
<Cond/>
<LocList>
<Loc EndOffset="15200" SrcFileId="8" StartOffset="15122"/>
</LocList>
<StmntSeq Intrnl_Id="2766">
<LocList>
<Loc EndOffset="15169" SrcFileId="8" StartOffset="15157"/>
</LocList>
<BasicStmnt CovItemId="S180" CovItemPrefix="com.OriginalFiles.Analyze.java" Intrnl_Id="2767">
<LocList>
<Loc EndOffset="15169" SrcFileId="8" StartOffset="15157"/>
</LocList>
</BasicStmnt>
</StmntSeq>
</Branch>
<Branch CovItemId="B100" CovItemPrefix="com.OriginalFiles.Analyze.java" Implct="true" Intrnl_Id="2768">
<Cond/>
<LocList/>
<StmntSeq Intrnl_Id="2769">
<LocList/>
</StmntSeq>
</Branch>
<Keyword EndOffset="15037" SrcFileId="8" StartOffset="15035"/>
<LocList>
<Loc EndOffset="15200" SrcFileId="8" StartOffset="15035"/>
</LocList>
<RootTerm CovItemId="C61" CovItemPrefix="com.OriginalFiles.Analyze.java" Intrnl_Id="2770">
<BasicBoolTerm Intrnl_Id="2771">
<LocList>
<Loc EndOffset="15120" SrcFileId="8" StartOffset="15039"/>
</LocList>
</BasicBoolTerm>
</RootTerm>
</CondStmnt>
<BasicStmnt CovItemId="S181" CovItemPrefix="com.OriginalFiles.Analyze.java" Intrnl_Id="2772">
<LocList>
<Loc EndOffset="15234" SrcFileId="8" StartOffset="15230"/>
</LocList>
</BasicStmnt>
</StmntSeq>
<Keyword EndOffset="14893" SrcFileId="8" StartOffset="14888"/>
<LocList>
<Loc EndOffset="15261" SrcFileId="8" StartOffset="14888"/>
</LocList>
<RootTerm CovItemId="C60" CovItemPrefix="com.OriginalFiles.Analyze.java" Intrnl_Id="2773">
<BasicBoolTerm Intrnl_Id="2774">
<LocList>
<Loc EndOffset="14972" SrcFileId="8" StartOffset="14895"/>
</LocList>
</BasicBoolTerm>
</RootTerm>
</LoopStmnt>
<BasicStmnt CovItemId="S182" CovItemPrefix="com.OriginalFiles.Analyze.java" Intrnl_Id="2775">
<LocList>
<Loc EndOffset="15291" SrcFileId="8" StartOffset="15287"/>
</LocList>
</BasicStmnt>
<BasicStmnt CovItemId="S183" CovItemPrefix="com.OriginalFiles.Analyze.java" Intrnl_Id="2776">
<LocList>
<Loc EndOffset="15323" SrcFileId="8" StartOffset="15317"/>
</LocList>
</BasicStmnt>
</StmntSeq>
<Keyword EndOffset="14755" SrcFileId="8" StartOffset="14750"/>
<LocList>
<Loc EndOffset="15346" SrcFileId="8" StartOffset="14743"/>
</LocList>
<RootTerm CovItemId="C59" CovItemPrefix="com.OriginalFiles.Analyze.java" Intrnl_Id="2777">
<BasicBoolTerm Intrnl_Id="2778">
<LocList>
<Loc EndOffset="14833" SrcFileId="8" StartOffset="14757"/>
</LocList>
</BasicBoolTerm>
</RootTerm>
</LoopStmnt>
<BasicStmnt CovItemId="S184" CovItemPrefix="com.OriginalFiles.Analyze.java" Intrnl_Id="2779">
<LocList>
<Loc EndOffset="15493" SrcFileId="8" StartOffset="15368"/>
</LocList>
</BasicStmnt>
<LoopStmnt CovItemId="S185" CovItemPrefix="com.OriginalFiles.Analyze.java" Intrnl_Id="2780" MltplExecId="L15-2" MltplExecPrefix="com.OriginalFiles.Analyze.java" NvrExecId="L15-0" NvrExecPrefix="com.OriginalFiles.Analyze.java" OnceExecutedId="L15-1" OnceExecutedPrefix="com.OriginalFiles.Analyze.java" OptBodyExec="true">
<StmntSeq Intrnl_Id="2781">
<LocList>
<Loc EndOffset="15884" SrcFileId="8" StartOffset="15559"/>
<Loc EndOffset="15914" SrcFileId="8" StartOffset="15910"/>
</LocList>
<CondStmnt CovItemId="S186" CovItemPrefix="com.OriginalFiles.Analyze.java" Intrnl_Id="2782">
<Branch CovItemId="B101" CovItemPrefix="com.OriginalFiles.Analyze.java" Implct="false" Intrnl_Id="2783">
<Cond/>
<LocList>
<Loc EndOffset="15884" SrcFileId="8" StartOffset="15605"/>
</LocList>
<StmntSeq Intrnl_Id="2784">
<LocList>
<Loc EndOffset="15857" SrcFileId="8" StartOffset="15691"/>
</LocList>
<BasicStmnt CovItemId="S187" CovItemPrefix="com.OriginalFiles.Analyze.java" Intrnl_Id="2785">
<LocList>
<Loc EndOffset="15857" SrcFileId="8" StartOffset="15691"/>
</LocList>
</BasicStmnt>
</StmntSeq>
</Branch>
<Branch CovItemId="B102" CovItemPrefix="com.OriginalFiles.Analyze.java" Implct="true" Intrnl_Id="2786">
<Cond/>
<LocList/>
<StmntSeq Intrnl_Id="2787">
<LocList/>
</StmntSeq>
</Branch>
<Keyword EndOffset="15561" SrcFileId="8" StartOffset="15559"/>
<LocList>
<Loc EndOffset="15884" SrcFileId="8" StartOffset="15559"/>
</LocList>
<RootTerm CovItemId="C63" CovItemPrefix="com.OriginalFiles.Analyze.java" Intrnl_Id="2788">
<OpTerm BooleanOpId="9" Intrnl_Id="2789">
<BasicBoolTerm Intrnl_Id="2790">
<LocList>
<Loc EndOffset="15603" SrcFileId="8" StartOffset="15564"/>
</LocList>
</BasicBoolTerm>
<LocList>
<Loc EndOffset="15564" SrcFileId="8" StartOffset="15563"/>
</LocList>
</OpTerm>
</RootTerm>
</CondStmnt>
<BasicStmnt CovItemId="S188" CovItemPrefix="com.OriginalFiles.Analyze.java" Intrnl_Id="2791">
<LocList>
<Loc EndOffset="15914" SrcFileId="8" StartOffset="15910"/>
</LocList>
</BasicStmnt>
</StmntSeq>
<Keyword EndOffset="15520" SrcFileId="8" StartOffset="15515"/>
<LocList>
<Loc EndOffset="15937" SrcFileId="8" StartOffset="15515"/>
</LocList>
<RootTerm CovItemId="C62" CovItemPrefix="com.OriginalFiles.Analyze.java" Intrnl_Id="2792">
<OpTerm BooleanOpId="9" Intrnl_Id="2793">
<BasicBoolTerm Intrnl_Id="2794">
<LocList>
<Loc EndOffset="15529" SrcFileId="8" StartOffset="15524"/>
</LocList>
</BasicBoolTerm>
<LocList>
<Loc EndOffset="15523" SrcFileId="8" StartOffset="15522"/>
</LocList>
</OpTerm>
</RootTerm>
</LoopStmnt>
<BasicStmnt CovItemId="S189" CovItemPrefix="com.OriginalFiles.Analyze.java" Intrnl_Id="2795">
<LocList>
<Loc EndOffset="15979" SrcFileId="8" StartOffset="15959"/>
</LocList>
</BasicStmnt>
</StmntSeq>
</Branch>
<Branch CovItemId="B98" CovItemPrefix="com.OriginalFiles.Analyze.java" Implct="false" Intrnl_Id="2796">
<Cond>
<Loc EndOffset="16003" SrcFileId="8" StartOffset="15999"/>
</Cond>
<LocList>
<Loc EndOffset="16144" SrcFileId="8" StartOffset="16004"/>
</LocList>
<StmntSeq Intrnl_Id="2797">
<LocList>
<Loc EndOffset="16068" SrcFileId="8" StartOffset="16027"/>
<Loc EndOffset="16125" SrcFileId="8" StartOffset="16090"/>
</LocList>
<BasicStmnt CovItemId="S190" CovItemPrefix="com.OriginalFiles.Analyze.java" Intrnl_Id="2798">
<LocList>
<Loc EndOffset="16068" SrcFileId="8" StartOffset="16027"/>
</LocList>
</BasicStmnt>
<BasicStmnt CovItemId="S191" CovItemPrefix="com.OriginalFiles.Analyze.java" Intrnl_Id="2799">
<LocList>
<Loc EndOffset="16125" SrcFileId="8" StartOffset="16090"/>
</LocList>
</BasicStmnt>
</StmntSeq>
</Branch>
<Keyword EndOffset="14477" SrcFileId="8" StartOffset="14475"/>
<LocList>
<Loc EndOffset="16144" SrcFileId="8" StartOffset="14475"/>
</LocList>
<RootTerm CovItemId="C58" CovItemPrefix="com.OriginalFiles.Analyze.java" Intrnl_Id="2800">
<BasicBoolTerm Intrnl_Id="2801">
<LocList>
<Loc EndOffset="14573" SrcFileId="8" StartOffset="14479"/>
</LocList>
</BasicBoolTerm>
</RootTerm>
</CondStmnt>
</StmntSeq>
<Keyword EndOffset="14438" SrcFileId="8" StartOffset="14433"/>
<LocList>
<Loc EndOffset="16159" SrcFileId="8" StartOffset="14433"/>
</LocList>
<RootTerm CovItemId="C57" CovItemPrefix="com.OriginalFiles.Analyze.java" Intrnl_Id="2802">
<BasicBoolTerm Intrnl_Id="2803">
<LocList>
<Loc EndOffset="14454" SrcFileId="8" StartOffset="14440"/>
</LocList>
</BasicBoolTerm>
</RootTerm>
</LoopStmnt>
</StmntSeq>
</Branch>
<Branch CovItemId="B96" CovItemPrefix="com.OriginalFiles.Analyze.java" Implct="true" Intrnl_Id="2804">
<Cond/>
<LocList/>
<StmntSeq Intrnl_Id="2805">
<LocList/>
</StmntSeq>
</Branch>
<Keyword EndOffset="14350" SrcFileId="8" StartOffset="14348"/>
<LocList>
<Loc EndOffset="16170" SrcFileId="8" StartOffset="14348"/>
</LocList>
<RootTerm CovItemId="C56" CovItemPrefix="com.OriginalFiles.Analyze.java" Intrnl_Id="2806">
<BasicBoolTerm Intrnl_Id="2807">
<LocList>
<Loc EndOffset="14372" SrcFileId="8" StartOffset="14352"/>
</LocList>
</BasicBoolTerm>
</RootTerm>
</CondStmnt>
</StmntSeq>
</HierarchyLvl>
<HierarchyLvl HierarchyLvlId="96" HierarchyLvlTypeId="14" Intrnl_Id="2808" Name="findMyColors">
<Header>
<Loc EndOffset="16308" SrcFileId="8" StartOffset="16235"/>
</Header>
<LocList>
<Loc EndOffset="16726" SrcFileId="8" StartOffset="16235"/>
</LocList>
<StmntSeq Intrnl_Id="2809">
<LocList>
<Loc EndOffset="16366" SrcFileId="8" StartOffset="16320"/>
<Loc EndOffset="16719" SrcFileId="8" StartOffset="16376"/>
</LocList>
<BasicStmnt CovItemId="S192" CovItemPrefix="com.OriginalFiles.Analyze.java" Intrnl_Id="2810">
<LocList>
<Loc EndOffset="16366" SrcFileId="8" StartOffset="16320"/>
</LocList>
</BasicStmnt>
<CondStmnt CovItemId="S193" CovItemPrefix="com.OriginalFiles.Analyze.java" Intrnl_Id="2811">
<Branch CovItemId="B103" CovItemPrefix="com.OriginalFiles.Analyze.java" Implct="false" Intrnl_Id="2812">
<Cond/>
<LocList>
<Loc EndOffset="16475" SrcFileId="8" StartOffset="16417"/>
</LocList>
<StmntSeq Intrnl_Id="2813">
<LocList>
<Loc EndOffset="16464" SrcFileId="8" StartOffset="16432"/>
</LocList>
<BasicStmnt CovItemId="S194" CovItemPrefix="com.OriginalFiles.Analyze.java" Intrnl_Id="2814">
<LocList>
<Loc EndOffset="16464" SrcFileId="8" StartOffset="16432"/>
</LocList>
</BasicStmnt>
</StmntSeq>
</Branch>
<Branch CovItemId="B104" CovItemPrefix="com.OriginalFiles.Analyze.java" Implct="false" Intrnl_Id="2815">
<Cond>
<Loc EndOffset="16480" SrcFileId="8" StartOffset="16476"/>
</Cond>
<LocList>
<Loc EndOffset="16719" SrcFileId="8" StartOffset="16481"/>
</LocList>
<StmntSeq Intrnl_Id="2816">
<LocList>
<Loc EndOffset="16719" SrcFileId="8" StartOffset="16481"/>
</LocList>
<CondStmnt CovItemId="S195" CovItemPrefix="com.OriginalFiles.Analyze.java" Intrnl_Id="2817">
<Branch CovItemId="B105" CovItemPrefix="com.OriginalFiles.Analyze.java" Implct="false" Intrnl_Id="2818">
<Cond/>
<LocList>
<Loc EndOffset="16580" SrcFileId="8" StartOffset="16522"/>
</LocList>
<StmntSeq Intrnl_Id="2819">
<LocList>
<Loc EndOffset="16569" SrcFileId="8" StartOffset="16537"/>
</LocList>
<BasicStmnt CovItemId="S196" CovItemPrefix="com.OriginalFiles.Analyze.java" Intrnl_Id="2820">
<LocList>
<Loc EndOffset="16569" SrcFileId="8" StartOffset="16537"/>
</LocList>
</BasicStmnt>
</StmntSeq>
</Branch>
<Branch CovItemId="B106" CovItemPrefix="com.OriginalFiles.Analyze.java" Implct="false" Intrnl_Id="2821">
<Cond>
<Loc EndOffset="16585" SrcFileId="8" StartOffset="16581"/>
</Cond>
<LocList>
<Loc EndOffset="16719" SrcFileId="8" StartOffset="16586"/>
</LocList>
<StmntSeq Intrnl_Id="2822">
<LocList>
<Loc EndOffset="16631" SrcFileId="8" StartOffset="16601"/>
<Loc EndOffset="16679" SrcFileId="8" StartOffset="16645"/>
<Loc EndOffset="16708" SrcFileId="8" StartOffset="16693"/>
</LocList>
<BasicStmnt CovItemId="S197" CovItemPrefix="com.OriginalFiles.Analyze.java" Intrnl_Id="2823">
<LocList>
<Loc EndOffset="16631" SrcFileId="8" StartOffset="16601"/>
</LocList>
</BasicStmnt>
<BasicStmnt CovItemId="S198" CovItemPrefix="com.OriginalFiles.Analyze.java" Intrnl_Id="2824">
<LocList>
<Loc EndOffset="16679" SrcFileId="8" StartOffset="16645"/>
</LocList>
</BasicStmnt>
<BasicStmnt CovItemId="S199" CovItemPrefix="com.OriginalFiles.Analyze.java" Intrnl_Id="2825">
<LocList>
<Loc EndOffset="16708" SrcFileId="8" StartOffset="16693"/>
</LocList>
</BasicStmnt>
</StmntSeq>
</Branch>
<Keyword EndOffset="16483" SrcFileId="8" StartOffset="16481"/>
<LocList>
<Loc EndOffset="16719" SrcFileId="8" StartOffset="16481"/>
</LocList>
<RootTerm CovItemId="C65" CovItemPrefix="com.OriginalFiles.Analyze.java" Intrnl_Id="2826">
<BasicBoolTerm Intrnl_Id="2827">
<LocList>
<Loc EndOffset="16520" SrcFileId="8" StartOffset="16485"/>
</LocList>
</BasicBoolTerm>
</RootTerm>
</CondStmnt>
</StmntSeq>
</Branch>
<Keyword EndOffset="16378" SrcFileId="8" StartOffset="16376"/>
<LocList>
<Loc EndOffset="16719" SrcFileId="8" StartOffset="16376"/>
</LocList>
<RootTerm CovItemId="C64" CovItemPrefix="com.OriginalFiles.Analyze.java" Intrnl_Id="2828">
<BasicBoolTerm Intrnl_Id="2829">
<LocList>
<Loc EndOffset="16415" SrcFileId="8" StartOffset="16380"/>
</LocList>
</BasicBoolTerm>
</RootTerm>
</CondStmnt>
</StmntSeq>
</HierarchyLvl>
<HierarchyLvl HierarchyLvlId="97" HierarchyLvlTypeId="14" Intrnl_Id="2830" Name="getColor">
<Header>
<Loc EndOffset="16840" SrcFileId="8" StartOffset="16781"/>
</Header>
<LocList>
<Loc EndOffset="17677" SrcFileId="8" StartOffset="16781"/>
</LocList>
<StmntSeq Intrnl_Id="2831">
<LocList>
<Loc EndOffset="16910" SrcFileId="8" StartOffset="16852"/>
<Loc EndOffset="16953" SrcFileId="8" StartOffset="16922"/>
<Loc EndOffset="16998" SrcFileId="8" StartOffset="16963"/>
<Loc EndOffset="17041" SrcFileId="8" StartOffset="17008"/>
<Loc EndOffset="17670" SrcFileId="8" StartOffset="17051"/>
</LocList>
<BasicStmnt CovItemId="S200" CovItemPrefix="com.OriginalFiles.Analyze.java" Intrnl_Id="2832">
<LocList>
<Loc EndOffset="16910" SrcFileId="8" StartOffset="16852"/>
</LocList>
</BasicStmnt>
<BasicStmnt CovItemId="S201" CovItemPrefix="com.OriginalFiles.Analyze.java" Intrnl_Id="2833">
<LocList>
<Loc EndOffset="16953" SrcFileId="8" StartOffset="16922"/>
</LocList>
</BasicStmnt>
<BasicStmnt CovItemId="S202" CovItemPrefix="com.OriginalFiles.Analyze.java" Intrnl_Id="2834">
<LocList>
<Loc EndOffset="16998" SrcFileId="8" StartOffset="16963"/>
</LocList>
</BasicStmnt>
<BasicStmnt CovItemId="S203" CovItemPrefix="com.OriginalFiles.Analyze.java" Intrnl_Id="2835">
<LocList>
<Loc EndOffset="17041" SrcFileId="8" StartOffset="17008"/>
</LocList>
</BasicStmnt>
<CondStmnt CovItemId="S204" CovItemPrefix="com.OriginalFiles.Analyze.java" Intrnl_Id="2836">
<Branch CovItemId="B107" CovItemPrefix="com.OriginalFiles.Analyze.java" Implct="false" Intrnl_Id="2837">
<Cond/>
<LocList>
<Loc EndOffset="17189" SrcFileId="8" StartOffset="17152"/>
</LocList>
<StmntSeq Intrnl_Id="2838">
<LocList>
<Loc EndOffset="17178" SrcFileId="8" StartOffset="17167"/>
</LocList>
<BasicStmnt CovItemId="S205" CovItemPrefix="com.OriginalFiles.Analyze.java" Intrnl_Id="2839">
<LocList>
<Loc EndOffset="17178" SrcFileId="8" StartOffset="17167"/>
</LocList>
</BasicStmnt>
</StmntSeq>
</Branch>
<Branch CovItemId="B108" CovItemPrefix="com.OriginalFiles.Analyze.java" Implct="false" Intrnl_Id="2840">
<Cond>
<Loc EndOffset="17194" SrcFileId="8" StartOffset="17190"/>
</Cond>
<LocList>
<Loc EndOffset="17670" SrcFileId="8" StartOffset="17195"/>
</LocList>
<StmntSeq Intrnl_Id="2841">
<LocList>
<Loc EndOffset="17670" SrcFileId="8" StartOffset="17195"/>
</LocList>
<CondStmnt CovItemId="S206" CovItemPrefix="com.OriginalFiles.Analyze.java" Intrnl_Id="2842">
<Branch CovItemId="B109" CovItemPrefix="com.OriginalFiles.Analyze.java" Implct="false" Intrnl_Id="2843">
<Cond/>
<LocList>
<Loc EndOffset="17335" SrcFileId="8" StartOffset="17298"/>
</LocList>
<StmntSeq Intrnl_Id="2844">
<LocList>
<Loc EndOffset="17324" SrcFileId="8" StartOffset="17313"/>
</LocList>
<BasicStmnt CovItemId="S207" CovItemPrefix="com.OriginalFiles.Analyze.java" Intrnl_Id="2845">
<LocList>
<Loc EndOffset="17324" SrcFileId="8" StartOffset="17313"/>
</LocList>
</BasicStmnt>
</StmntSeq>
</Branch>
<Branch CovItemId="B110" CovItemPrefix="com.OriginalFiles.Analyze.java" Implct="false" Intrnl_Id="2846">
<Cond>
<Loc EndOffset="17340" SrcFileId="8" StartOffset="17336"/>
</Cond>
<LocList>
<Loc EndOffset="17670" SrcFileId="8" StartOffset="17341"/>
</LocList>
<StmntSeq Intrnl_Id="2847">
<LocList>
<Loc EndOffset="17670" SrcFileId="8" StartOffset="17341"/>
</LocList>
<CondStmnt CovItemId="S208" CovItemPrefix="com.OriginalFiles.Analyze.java" Intrnl_Id="2848">
<Branch CovItemId="B111" CovItemPrefix="com.OriginalFiles.Analyze.java" Implct="false" Intrnl_Id="2849">
<Cond/>
<LocList>
<Loc EndOffset="17481" SrcFileId="8" StartOffset="17444"/>
</LocList>
<StmntSeq Intrnl_Id="2850">
<LocList>
<Loc EndOffset="17470" SrcFileId="8" StartOffset="17459"/>
</LocList>
<BasicStmnt CovItemId="S209" CovItemPrefix="com.OriginalFiles.Analyze.java" Intrnl_Id="2851">
<LocList>
<Loc EndOffset="17470" SrcFileId="8" StartOffset="17459"/>
</LocList>
</BasicStmnt>
</StmntSeq>
</Branch>
<Branch CovItemId="B112" CovItemPrefix="com.OriginalFiles.Analyze.java" Implct="false" Intrnl_Id="2852">
<Cond>
<Loc EndOffset="17486" SrcFileId="8" StartOffset="17482"/>
</Cond>
<LocList>
<Loc EndOffset="17670" SrcFileId="8" StartOffset="17487"/>
</LocList>
<StmntSeq Intrnl_Id="2853">
<LocList>
<Loc EndOffset="17670" SrcFileId="8" StartOffset="17487"/>
</LocList>
<CondStmnt CovItemId="S210" CovItemPrefix="com.OriginalFiles.Analyze.java" Intrnl_Id="2854">
<Branch CovItemId="B113" CovItemPrefix="com.OriginalFiles.Analyze.java" Implct="false" Intrnl_Id="2855">
<Cond/>
<LocList>
<Loc EndOffset="17627" SrcFileId="8" StartOffset="17590"/>
</LocList>
<StmntSeq Intrnl_Id="2856">
<LocList>
<Loc EndOffset="17616" SrcFileId="8" StartOffset="17605"/>
</LocList>
<BasicStmnt CovItemId="S211" CovItemPrefix="com.OriginalFiles.Analyze.java" Intrnl_Id="2857">
<LocList>
<Loc EndOffset="17616" SrcFileId="8" StartOffset="17605"/>
</LocList>
</BasicStmnt>
</StmntSeq>
</Branch>
<Branch CovItemId="B114" CovItemPrefix="com.OriginalFiles.Analyze.java" Implct="false" Intrnl_Id="2858">
<Cond>
<Loc EndOffset="17632" SrcFileId="8" StartOffset="17628"/>
</Cond>
<LocList>
<Loc EndOffset="17670" SrcFileId="8" StartOffset="17633"/>
</LocList>
<StmntSeq Intrnl_Id="2859">
<LocList>
<Loc EndOffset="17659" SrcFileId="8" StartOffset="17648"/>
</LocList>
<BasicStmnt CovItemId="S212" CovItemPrefix="com.OriginalFiles.Analyze.java" Intrnl_Id="2860">
<LocList>
<Loc EndOffset="17659" SrcFileId="8" StartOffset="17648"/>
</LocList>
</BasicStmnt>
</StmntSeq>
</Branch>
<Keyword EndOffset="17489" SrcFileId="8" StartOffset="17487"/>
<LocList>
<Loc EndOffset="17670" SrcFileId="8" StartOffset="17487"/>
</LocList>
<RootTerm CovItemId="C69" CovItemPrefix="com.OriginalFiles.Analyze.java" Intrnl_Id="2861">
<OpTerm BooleanOpId="10" Intrnl_Id="2862">
<OpTerm BooleanOpId="10" Intrnl_Id="2863">
<OpTerm BooleanOpId="10" Intrnl_Id="2864">
<OpTerm BooleanOpId="10" Intrnl_Id="2865">
<OpTerm BooleanOpId="10" Intrnl_Id="2866">
<BasicBoolTerm Intrnl_Id="2867">
<LocList>
<Loc EndOffset="17500" SrcFileId="8" StartOffset="17491"/>
</LocList>
</BasicBoolTerm>
<BasicBoolTerm Intrnl_Id="2868">
<LocList>
<Loc EndOffset="17513" SrcFileId="8" StartOffset="17504"/>
</LocList>
</BasicBoolTerm>
<LocList>
<Loc EndOffset="17503" SrcFileId="8" StartOffset="17501"/>
</LocList>
</OpTerm>
<BasicBoolTerm Intrnl_Id="2869">
<LocList>
<Loc EndOffset="17528" SrcFileId="8" StartOffset="17517"/>
</LocList>
</BasicBoolTerm>
<LocList>
<Loc EndOffset="17516" SrcFileId="8" StartOffset="17514"/>
</LocList>
</OpTerm>
<BasicBoolTerm Intrnl_Id="2870">
<LocList>
<Loc EndOffset="17543" SrcFileId="8" StartOffset="17532"/>
</LocList>
</BasicBoolTerm>
<LocList>
<Loc EndOffset="17531" SrcFileId="8" StartOffset="17529"/>
</LocList>
</OpTerm>
<BasicBoolTerm Intrnl_Id="2871">
<LocList>
<Loc EndOffset="17574" SrcFileId="8" StartOffset="17564"/>
</LocList>
</BasicBoolTerm>
<LocList>
<Loc EndOffset="17563" SrcFileId="8" StartOffset="17561"/>
</LocList>
</OpTerm>
<BasicBoolTerm Intrnl_Id="2872">
<LocList>
<Loc EndOffset="17588" SrcFileId="8" StartOffset="17578"/>
</LocList>
</BasicBoolTerm>
<LocList>
<Loc EndOffset="17577" SrcFileId="8" StartOffset="17575"/>
</LocList>
</OpTerm>
</RootTerm>
</CondStmnt>
</StmntSeq>
</Branch>
<Keyword EndOffset="17343" SrcFileId="8" StartOffset="17341"/>
<LocList>
<Loc EndOffset="17670" SrcFileId="8" StartOffset="17341"/>
</LocList>
<RootTerm CovItemId="C68" CovItemPrefix="com.OriginalFiles.Analyze.java" Intrnl_Id="2873">
<OpTerm BooleanOpId="10" Intrnl_Id="2874">
<OpTerm BooleanOpId="10" Intrnl_Id="2875">
<OpTerm BooleanOpId="10" Intrnl_Id="2876">
<OpTerm BooleanOpId="10" Intrnl_Id="2877">
<OpTerm BooleanOpId="10" Intrnl_Id="2878">
<BasicBoolTerm Intrnl_Id="2879">
<LocList>
<Loc EndOffset="17354" SrcFileId="8" StartOffset="17345"/>
</LocList>
</BasicBoolTerm>
<BasicBoolTerm Intrnl_Id="2880">
<LocList>
<Loc EndOffset="17367" SrcFileId="8" StartOffset="17358"/>
</LocList>
</BasicBoolTerm>
<LocList>
<Loc EndOffset="17357" SrcFileId="8" StartOffset="17355"/>
</LocList>
</OpTerm>
<BasicBoolTerm Intrnl_Id="2881">
<LocList>
<Loc EndOffset="17382" SrcFileId="8" StartOffset="17371"/>
</LocList>
</BasicBoolTerm>
<LocList>
<Loc EndOffset="17370" SrcFileId="8" StartOffset="17368"/>
</LocList>
</OpTerm>
<BasicBoolTerm Intrnl_Id="2882">
<LocList>
<Loc EndOffset="17397" SrcFileId="8" StartOffset="17386"/>
</LocList>
</BasicBoolTerm>
<LocList>
<Loc EndOffset="17385" SrcFileId="8" StartOffset="17383"/>
</LocList>
</OpTerm>
<BasicBoolTerm Intrnl_Id="2883">
<LocList>
<Loc EndOffset="17428" SrcFileId="8" StartOffset="17418"/>
</LocList>
</BasicBoolTerm>
<LocList>
<Loc EndOffset="17417" SrcFileId="8" StartOffset="17415"/>
</LocList>
</OpTerm>
<BasicBoolTerm Intrnl_Id="2884">
<LocList>
<Loc EndOffset="17442" SrcFileId="8" StartOffset="17432"/>
</LocList>
</BasicBoolTerm>
<LocList>
<Loc EndOffset="17431" SrcFileId="8" StartOffset="17429"/>
</LocList>
</OpTerm>
</RootTerm>
</CondStmnt>
</StmntSeq>
</Branch>
<Keyword EndOffset="17197" SrcFileId="8" StartOffset="17195"/>
<LocList>
<Loc EndOffset="17670" SrcFileId="8" StartOffset="17195"/>
</LocList>
<RootTerm CovItemId="C67" CovItemPrefix="com.OriginalFiles.Analyze.java" Intrnl_Id="2885">
<OpTerm BooleanOpId="10" Intrnl_Id="2886">
<OpTerm BooleanOpId="10" Intrnl_Id="2887">
<OpTerm BooleanOpId="10" Intrnl_Id="2888">
<OpTerm BooleanOpId="10" Intrnl_Id="2889">
<OpTerm BooleanOpId="10" Intrnl_Id="2890">
<BasicBoolTerm Intrnl_Id="2891">
<LocList>
<Loc EndOffset="17208" SrcFileId="8" StartOffset="17199"/>
</LocList>
</BasicBoolTerm>
<BasicBoolTerm Intrnl_Id="2892">
<LocList>
<Loc EndOffset="17221" SrcFileId="8" StartOffset="17212"/>
</LocList>
</BasicBoolTerm>
<LocList>
<Loc EndOffset="17211" SrcFileId="8" StartOffset="17209"/>
</LocList>
</OpTerm>
<BasicBoolTerm Intrnl_Id="2893">
<LocList>
<Loc EndOffset="17236" SrcFileId="8" StartOffset="17225"/>
</LocList>
</BasicBoolTerm>
<LocList>
<Loc EndOffset="17224" SrcFileId="8" StartOffset="17222"/>
</LocList>
</OpTerm>
<BasicBoolTerm Intrnl_Id="2894">
<LocList>
<Loc EndOffset="17251" SrcFileId="8" StartOffset="17240"/>
</LocList>
</BasicBoolTerm>
<LocList>
<Loc EndOffset="17239" SrcFileId="8" StartOffset="17237"/>
</LocList>
</OpTerm>
<BasicBoolTerm Intrnl_Id="2895">
<LocList>
<Loc EndOffset="17282" SrcFileId="8" StartOffset="17272"/>
</LocList>
</BasicBoolTerm>
<LocList>
<Loc EndOffset="17271" SrcFileId="8" StartOffset="17269"/>
</LocList>
</OpTerm>
<BasicBoolTerm Intrnl_Id="2896">
<LocList>
<Loc EndOffset="17296" SrcFileId="8" StartOffset="17286"/>
</LocList>
</BasicBoolTerm>
<LocList>
<Loc EndOffset="17285" SrcFileId="8" StartOffset="17283"/>
</LocList>
</OpTerm>
</RootTerm>
</CondStmnt>
</StmntSeq>
</Branch>
<Keyword EndOffset="17053" SrcFileId="8" StartOffset="17051"/>
<LocList>
<Loc EndOffset="17670" SrcFileId="8" StartOffset="17051"/>
</LocList>
<RootTerm CovItemId="C66" CovItemPrefix="com.OriginalFiles.Analyze.java" Intrnl_Id="2897">
<OpTerm BooleanOpId="10" Intrnl_Id="2898">
<OpTerm BooleanOpId="10" Intrnl_Id="2899">
<OpTerm BooleanOpId="10" Intrnl_Id="2900">
<OpTerm BooleanOpId="10" Intrnl_Id="2901">
<OpTerm BooleanOpId="10" Intrnl_Id="2902">
<BasicBoolTerm Intrnl_Id="2903">
<LocList>
<Loc EndOffset="17064" SrcFileId="8" StartOffset="17055"/>
</LocList>
</BasicBoolTerm>
<BasicBoolTerm Intrnl_Id="2904">
<LocList>
<Loc EndOffset="17077" SrcFileId="8" StartOffset="17068"/>
</LocList>
</BasicBoolTerm>
<LocList>
<Loc EndOffset="17067" SrcFileId="8" StartOffset="17065"/>
</LocList>
</OpTerm>
<BasicBoolTerm Intrnl_Id="2905">
<LocList>
<Loc EndOffset="17092" SrcFileId="8" StartOffset="17081"/>
</LocList>
</BasicBoolTerm>
<LocList>
<Loc EndOffset="17080" SrcFileId="8" StartOffset="17078"/>
</LocList>
</OpTerm>
<BasicBoolTerm Intrnl_Id="2906">
<LocList>
<Loc EndOffset="17106" SrcFileId="8" StartOffset="17096"/>
</LocList>
</BasicBoolTerm>
<LocList>
<Loc EndOffset="17095" SrcFileId="8" StartOffset="17093"/>
</LocList>
</OpTerm>
<BasicBoolTerm Intrnl_Id="2907">
<LocList>
<Loc EndOffset="17137" SrcFileId="8" StartOffset="17127"/>
</LocList>
</BasicBoolTerm>
<LocList>
<Loc EndOffset="17126" SrcFileId="8" StartOffset="17124"/>
</LocList>
</OpTerm>
<BasicBoolTerm Intrnl_Id="2908">
<LocList>
<Loc EndOffset="17150" SrcFileId="8" StartOffset="17141"/>
</LocList>
</BasicBoolTerm>
<LocList>
<Loc EndOffset="17140" SrcFileId="8" StartOffset="17138"/>
</LocList>
</OpTerm>
</RootTerm>
</CondStmnt>
</StmntSeq>
</HierarchyLvl>
<HierarchyLvl HierarchyLvlId="98" HierarchyLvlTypeId="14" Intrnl_Id="2909" Name="checkForGameHasEnded">
<Header>
<Loc EndOffset="17792" SrcFileId="8" StartOffset="17685"/>
</Header>
<LocList>
<Loc EndOffset="18217" SrcFileId="8" StartOffset="17685"/>
</LocList>
<StmntSeq Intrnl_Id="2910">
<LocList>
<Loc EndOffset="18210" SrcFileId="8" StartOffset="17804"/>
</LocList>
<CondStmnt CovItemId="S213" CovItemPrefix="com.OriginalFiles.Analyze.java" Intrnl_Id="2911">
<Branch CovItemId="B115" CovItemPrefix="com.OriginalFiles.Analyze.java" Implct="false" Intrnl_Id="2912">
<Cond>
<Loc EndOffset="17857" SrcFileId="8" StartOffset="17851"/>
</Cond>
<LocList>
<Loc EndOffset="17885" SrcFileId="8" StartOffset="17872"/>
</LocList>
<StmntSeq Intrnl_Id="2913">
<LocList>
<Loc EndOffset="17885" SrcFileId="8" StartOffset="17872"/>
</LocList>
<BasicStmnt CovItemId="S214" CovItemPrefix="com.OriginalFiles.Analyze.java" Intrnl_Id="2914">
<LocList>
<Loc EndOffset="17885" SrcFileId="8" StartOffset="17872"/>
</LocList>
</BasicStmnt>
</StmntSeq>
</Branch>
<Branch CovItemId="B116" CovItemPrefix="com.OriginalFiles.Analyze.java" Implct="false" Intrnl_Id="2915">
<Cond>
<Loc EndOffset="17901" SrcFileId="8" StartOffset="17895"/>
</Cond>
<LocList>
<Loc EndOffset="17976" SrcFileId="8" StartOffset="17916"/>
</LocList>
<StmntSeq Intrnl_Id="2916">
<LocList>
<Loc EndOffset="17950" SrcFileId="8" StartOffset="17916"/>
<Loc EndOffset="17976" SrcFileId="8" StartOffset="17964"/>
</LocList>
<BasicStmnt CovItemId="S215" CovItemPrefix="com.OriginalFiles.Analyze.java" Intrnl_Id="2917">
<LocList>
<Loc EndOffset="17950" SrcFileId="8" StartOffset="17916"/>
</LocList>
</BasicStmnt>
<BasicStmnt CovItemId="S216" CovItemPrefix="com.OriginalFiles.Analyze.java" Intrnl_Id="2918">
<LocList>
<Loc EndOffset="17976" SrcFileId="8" StartOffset="17964"/>
</LocList>
</BasicStmnt>
</StmntSeq>
</Branch>
<Branch CovItemId="B117" CovItemPrefix="com.OriginalFiles.Analyze.java" Implct="false" Intrnl_Id="2919">
<Cond>
<Loc EndOffset="17992" SrcFileId="8" StartOffset="17986"/>
</Cond>
<LocList>
<Loc EndOffset="18067" SrcFileId="8" StartOffset="18007"/>
</LocList>
<StmntSeq Intrnl_Id="2920">
<LocList>
<Loc EndOffset="18041" SrcFileId="8" StartOffset="18007"/>
<Loc EndOffset="18067" SrcFileId="8" StartOffset="18055"/>
</LocList>
<BasicStmnt CovItemId="S217" CovItemPrefix="com.OriginalFiles.Analyze.java" Intrnl_Id="2921">
<LocList>
<Loc EndOffset="18041" SrcFileId="8" StartOffset="18007"/>
</LocList>
</BasicStmnt>
<BasicStmnt CovItemId="S218" CovItemPrefix="com.OriginalFiles.Analyze.java" Intrnl_Id="2922">
<LocList>
<Loc EndOffset="18067" SrcFileId="8" StartOffset="18055"/>
</LocList>
</BasicStmnt>
</StmntSeq>
</Branch>
<Branch CovItemId="B118" CovItemPrefix="com.OriginalFiles.Analyze.java" Implct="false" Intrnl_Id="2923">
<Cond>
<Loc EndOffset="18083" SrcFileId="8" StartOffset="18077"/>
</Cond>
<LocList>
<Loc EndOffset="18154" SrcFileId="8" StartOffset="18098"/>
</LocList>
<StmntSeq Intrnl_Id="2924">
<LocList>
<Loc EndOffset="18128" SrcFileId="8" StartOffset="18098"/>
<Loc EndOffset="18154" SrcFileId="8" StartOffset="18142"/>
</LocList>
<BasicStmnt CovItemId="S219" CovItemPrefix="com.OriginalFiles.Analyze.java" Intrnl_Id="2925">
<LocList>
<Loc EndOffset="18128" SrcFileId="8" StartOffset="18098"/>
</LocList>
</BasicStmnt>
<BasicStmnt CovItemId="S220" CovItemPrefix="com.OriginalFiles.Analyze.java" Intrnl_Id="2926">
<LocList>
<Loc EndOffset="18154" SrcFileId="8" StartOffset="18142"/>
</LocList>
</BasicStmnt>
</StmntSeq>
</Branch>
<Branch CovItemId="B119" CovItemPrefix="com.OriginalFiles.Analyze.java" Implct="false" Intrnl_Id="2927">
<Cond>
<Loc EndOffset="18171" SrcFileId="8" StartOffset="18164"/>
</Cond>
<LocList>
<Loc EndOffset="18199" SrcFileId="8" StartOffset="18186"/>
</LocList>
<StmntSeq Intrnl_Id="2928">
<LocList>
<Loc EndOffset="18199" SrcFileId="8" StartOffset="18186"/>
</LocList>
<BasicStmnt CovItemId="S221" CovItemPrefix="com.OriginalFiles.Analyze.java" Intrnl_Id="2929">
<LocList>
<Loc EndOffset="18199" SrcFileId="8" StartOffset="18186"/>
</LocList>
</BasicStmnt>
</StmntSeq>
</Branch>
<Keyword EndOffset="17810" SrcFileId="8" StartOffset="17804"/>
<LocList>
<Loc EndOffset="18210" SrcFileId="8" StartOffset="17804"/>
</LocList>
</CondStmnt>
</StmntSeq>
</HierarchyLvl>
<HierarchyLvl HierarchyLvlId="99" HierarchyLvlTypeId="14" Intrnl_Id="2930" Name="gameHasEnded">
<Header>
<Loc EndOffset="18385" SrcFileId="8" StartOffset="18337"/>
</Header>
<LocList>
<Loc EndOffset="20437" SrcFileId="8" StartOffset="18337"/>
</LocList>
<StmntSeq Intrnl_Id="2931">
<LocList>
<Loc EndOffset="18429" SrcFileId="8" StartOffset="18397"/>
<Loc EndOffset="18493" SrcFileId="8" StartOffset="18441"/>
<Loc EndOffset="18555" SrcFileId="8" StartOffset="18503"/>
<Loc EndOffset="18597" SrcFileId="8" StartOffset="18565"/>
<Loc EndOffset="18639" SrcFileId="8" StartOffset="18607"/>
<Loc EndOffset="19438" SrcFileId="8" StartOffset="18651"/>
<Loc EndOffset="19553" SrcFileId="8" StartOffset="19450"/>
<Loc EndOffset="19665" SrcFileId="8" StartOffset="19563"/>
<Loc EndOffset="20411" SrcFileId="8" StartOffset="19675"/>
<Loc EndOffset="20430" SrcFileId="8" StartOffset="20421"/>
</LocList>
<BasicStmnt CovItemId="S222" CovItemPrefix="com.OriginalFiles.Analyze.java" Intrnl_Id="2932">
<LocList>
<Loc EndOffset="18429" SrcFileId="8" StartOffset="18397"/>
</LocList>
</BasicStmnt>
<BasicStmnt CovItemId="S223" CovItemPrefix="com.OriginalFiles.Analyze.java" Intrnl_Id="2933">
<LocList>
<Loc EndOffset="18493" SrcFileId="8" StartOffset="18441"/>
</LocList>
</BasicStmnt>
<BasicStmnt CovItemId="S224" CovItemPrefix="com.OriginalFiles.Analyze.java" Intrnl_Id="2934">
<LocList>
<Loc EndOffset="18555" SrcFileId="8" StartOffset="18503"/>
</LocList>
</BasicStmnt>
<BasicStmnt CovItemId="S225" CovItemPrefix="com.OriginalFiles.Analyze.java" Intrnl_Id="2935">
<LocList>
<Loc EndOffset="18597" SrcFileId="8" StartOffset="18565"/>
</LocList>
</BasicStmnt>
<BasicStmnt CovItemId="S226" CovItemPrefix="com.OriginalFiles.Analyze.java" Intrnl_Id="2936">
<LocList>
<Loc EndOffset="18639" SrcFileId="8" StartOffset="18607"/>
</LocList>
</BasicStmnt>
<LoopStmnt CovItemId="S227" CovItemPrefix="com.OriginalFiles.Analyze.java" Intrnl_Id="2937" MltplExecId="L16-2" MltplExecPrefix="com.OriginalFiles.Analyze.java" NvrExecId="L16-0" NvrExecPrefix="com.OriginalFiles.Analyze.java" OnceExecutedId="L16-1" OnceExecutedPrefix="com.OriginalFiles.Analyze.java" OptBodyExec="true">
<StmntSeq Intrnl_Id="2938">
<LocList>
<Loc EndOffset="19427" SrcFileId="8" StartOffset="18706"/>
</LocList>
<LoopStmnt CovItemId="S228" CovItemPrefix="com.OriginalFiles.Analyze.java" Intrnl_Id="2939" MltplExecId="L17-2" MltplExecPrefix="com.OriginalFiles.Analyze.java" NvrExecId="L17-0" NvrExecPrefix="com.OriginalFiles.Analyze.java" OnceExecutedId="L17-1" OnceExecutedPrefix="com.OriginalFiles.Analyze.java" OptBodyExec="true">
<StmntSeq Intrnl_Id="2940">
<LocList>
<Loc EndOffset="19412" SrcFileId="8" StartOffset="18747"/>
</LocList>
<CondStmnt CovItemId="S229" CovItemPrefix="com.OriginalFiles.Analyze.java" Intrnl_Id="2941">
<Branch CovItemId="B120" CovItemPrefix="com.OriginalFiles.Analyze.java" Implct="false" Intrnl_Id="2942">
<Cond/>
<LocList>
<Loc EndOffset="19412" SrcFileId="8" StartOffset="18769"/>
</LocList>
<StmntSeq Intrnl_Id="2943">
<LocList>
<Loc EndOffset="19081" SrcFileId="8" StartOffset="18792"/>
<Loc EndOffset="19393" SrcFileId="8" StartOffset="19103"/>
</LocList>
<CondStmnt CovItemId="S230" CovItemPrefix="com.OriginalFiles.Analyze.java" Intrnl_Id="2944">
<Branch CovItemId="B122" CovItemPrefix="com.OriginalFiles.Analyze.java" Implct="false" Intrnl_Id="2945">
<Cond/>
<LocList>
<Loc EndOffset="19081" SrcFileId="8" StartOffset="18840"/>
</LocList>
<StmntSeq Intrnl_Id="2946">
<LocList>
<Loc EndOffset="18911" SrcFileId="8" StartOffset="18867"/>
<Loc EndOffset="19058" SrcFileId="8" StartOffset="18937"/>
</LocList>
<BasicStmnt CovItemId="S231" CovItemPrefix="com.OriginalFiles.Analyze.java" Intrnl_Id="2947">
<LocList>
<Loc EndOffset="18911" SrcFileId="8" StartOffset="18867"/>
</LocList>
</BasicStmnt>
<CondStmnt CovItemId="S232" CovItemPrefix="com.OriginalFiles.Analyze.java" Intrnl_Id="2948">
<Branch CovItemId="B124" CovItemPrefix="com.OriginalFiles.Analyze.java" Implct="false" Intrnl_Id="2949">
<Cond/>
<LocList>
<Loc EndOffset="19058" SrcFileId="8" StartOffset="18977"/>
</LocList>
<StmntSeq Intrnl_Id="2950">
<LocList>
<Loc EndOffset="19031" SrcFileId="8" StartOffset="19008"/>
</LocList>
<BasicStmnt CovItemId="S233" CovItemPrefix="com.OriginalFiles.Analyze.java" Intrnl_Id="2951">
<LocList>
<Loc EndOffset="19031" SrcFileId="8" StartOffset="19008"/>
</LocList>
</BasicStmnt>
</StmntSeq>
</Branch>
<Branch CovItemId="B125" CovItemPrefix="com.OriginalFiles.Analyze.java" Implct="true" Intrnl_Id="2952">
<Cond/>
<LocList/>
<StmntSeq Intrnl_Id="2953">
<LocList/>
</StmntSeq>
</Branch>
<Keyword EndOffset="18939" SrcFileId="8" StartOffset="18937"/>
<LocList>
<Loc EndOffset="19058" SrcFileId="8" StartOffset="18937"/>
</LocList>
<RootTerm CovItemId="C72" CovItemPrefix="com.OriginalFiles.Analyze.java" Intrnl_Id="2954">
<BasicBoolTerm Intrnl_Id="2955">
<LocList>
<Loc EndOffset="18975" SrcFileId="8" StartOffset="18941"/>
</LocList>
</BasicBoolTerm>
</RootTerm>
</CondStmnt>
</StmntSeq>
</Branch>
<Branch CovItemId="B123" CovItemPrefix="com.OriginalFiles.Analyze.java" Implct="true" Intrnl_Id="2956">
<Cond/>
<LocList/>
<StmntSeq Intrnl_Id="2957">
<LocList/>
</StmntSeq>
</Branch>
<Keyword EndOffset="18794" SrcFileId="8" StartOffset="18792"/>
<LocList>
<Loc EndOffset="19081" SrcFileId="8" StartOffset="18792"/>
</LocList>
<RootTerm CovItemId="C71" CovItemPrefix="com.OriginalFiles.Analyze.java" Intrnl_Id="2958">
<BasicBoolTerm Intrnl_Id="2959">
<LocList>
<Loc EndOffset="18838" SrcFileId="8" StartOffset="18796"/>
</LocList>
</BasicBoolTerm>
</RootTerm>
</CondStmnt>
<CondStmnt CovItemId="S234" CovItemPrefix="com.OriginalFiles.Analyze.java" Intrnl_Id="2960">
<Branch CovItemId="B126" CovItemPrefix="com.OriginalFiles.Analyze.java" Implct="false" Intrnl_Id="2961">
<Cond/>
<LocList>
<Loc EndOffset="19393" SrcFileId="8" StartOffset="19152"/>
</LocList>
<StmntSeq Intrnl_Id="2962">
<LocList>
<Loc EndOffset="19223" SrcFileId="8" StartOffset="19179"/>
<Loc EndOffset="19370" SrcFileId="8" StartOffset="19249"/>
</LocList>
<BasicStmnt CovItemId="S235" CovItemPrefix="com.OriginalFiles.Analyze.java" Intrnl_Id="2963">
<LocList>
<Loc EndOffset="19223" SrcFileId="8" StartOffset="19179"/>
</LocList>
</BasicStmnt>
<CondStmnt CovItemId="S236" CovItemPrefix="com.OriginalFiles.Analyze.java" Intrnl_Id="2964">
<Branch CovItemId="B128" CovItemPrefix="com.OriginalFiles.Analyze.java" Implct="false" Intrnl_Id="2965">
<Cond/>
<LocList>
<Loc EndOffset="19370" SrcFileId="8" StartOffset="19289"/>
</LocList>
<StmntSeq Intrnl_Id="2966">
<LocList>
<Loc EndOffset="19343" SrcFileId="8" StartOffset="19320"/>
</LocList>
<BasicStmnt CovItemId="S237" CovItemPrefix="com.OriginalFiles.Analyze.java" Intrnl_Id="2967">
<LocList>
<Loc EndOffset="19343" SrcFileId="8" StartOffset="19320"/>
</LocList>
</BasicStmnt>
</StmntSeq>
</Branch>
<Branch CovItemId="B129" CovItemPrefix="com.OriginalFiles.Analyze.java" Implct="true" Intrnl_Id="2968">
<Cond/>
<LocList/>
<StmntSeq Intrnl_Id="2969">
<LocList/>
</StmntSeq>
</Branch>
<Keyword EndOffset="19251" SrcFileId="8" StartOffset="19249"/>
<LocList>
<Loc EndOffset="19370" SrcFileId="8" StartOffset="19249"/>
</LocList>
<RootTerm CovItemId="C74" CovItemPrefix="com.OriginalFiles.Analyze.java" Intrnl_Id="2970">
<BasicBoolTerm Intrnl_Id="2971">
<LocList>
<Loc EndOffset="19287" SrcFileId="8" StartOffset="19253"/>
</LocList>
</BasicBoolTerm>
</RootTerm>
</CondStmnt>
</StmntSeq>
</Branch>
<Branch CovItemId="B127" CovItemPrefix="com.OriginalFiles.Analyze.java" Implct="true" Intrnl_Id="2972">
<Cond/>
<LocList/>
<StmntSeq Intrnl_Id="2973">
<LocList/>
</StmntSeq>
</Branch>
<Keyword EndOffset="19105" SrcFileId="8" StartOffset="19103"/>
<LocList>
<Loc EndOffset="19393" SrcFileId="8" StartOffset="19103"/>
</LocList>
<RootTerm CovItemId="C73" CovItemPrefix="com.OriginalFiles.Analyze.java" Intrnl_Id="2974">
<BasicBoolTerm Intrnl_Id="2975">
<LocList>
<Loc EndOffset="19150" SrcFileId="8" StartOffset="19107"/>
</LocList>
</BasicBoolTerm>
</RootTerm>
</CondStmnt>
</StmntSeq>
</Branch>
<Branch CovItemId="B121" CovItemPrefix="com.OriginalFiles.Analyze.java" Implct="true" Intrnl_Id="2976">
<Cond/>
<LocList/>
<StmntSeq Intrnl_Id="2977">
<LocList/>
</StmntSeq>
</Branch>
<Keyword EndOffset="18749" SrcFileId="8" StartOffset="18747"/>
<LocList>
<Loc EndOffset="19412" SrcFileId="8" StartOffset="18747"/>
</LocList>
<RootTerm CovItemId="C70" CovItemPrefix="com.OriginalFiles.Analyze.java" Intrnl_Id="2978">
<OpTerm BooleanOpId="9" Intrnl_Id="2979">
<BasicBoolTerm Intrnl_Id="2980">
<LocList>
<Loc EndOffset="18767" SrcFileId="8" StartOffset="18752"/>
</LocList>
</BasicBoolTerm>
<LocList>
<Loc EndOffset="18752" SrcFileId="8" StartOffset="18751"/>
</LocList>
</OpTerm>
</RootTerm>
</CondStmnt>
</StmntSeq>
<Keyword EndOffset="18709" SrcFileId="8" StartOffset="18706"/>
<LocList>
<Loc EndOffset="19427" SrcFileId="8" StartOffset="18706"/>
</LocList>
</LoopStmnt>
</StmntSeq>
<Keyword EndOffset="18654" SrcFileId="8" StartOffset="18651"/>
<LocList>
<Loc EndOffset="19438" SrcFileId="8" StartOffset="18651"/>
</LocList>
</LoopStmnt>
<CondStmnt CovItemId="S238" CovItemPrefix="com.OriginalFiles.Analyze.java" Intrnl_Id="2981">
<Branch CovItemId="B130" CovItemPrefix="com.OriginalFiles.Analyze.java" Implct="false" Intrnl_Id="2982">
<Cond/>
<LocList>
<Loc EndOffset="19553" SrcFileId="8" StartOffset="19518"/>
</LocList>
<StmntSeq Intrnl_Id="2983">
<LocList>
<Loc EndOffset="19542" SrcFileId="8" StartOffset="19533"/>
</LocList>
<BasicStmnt CovItemId="S239" CovItemPrefix="com.OriginalFiles.Analyze.java" Intrnl_Id="2984">
<LocList>
<Loc EndOffset="19542" SrcFileId="8" StartOffset="19533"/>
</LocList>
</BasicStmnt>
</StmntSeq>
</Branch>
<Branch CovItemId="B131" CovItemPrefix="com.OriginalFiles.Analyze.java" Implct="true" Intrnl_Id="2985">
<Cond/>
<LocList/>
<StmntSeq Intrnl_Id="2986">
<LocList/>
</StmntSeq>
</Branch>
<Keyword EndOffset="19452" SrcFileId="8" StartOffset="19450"/>
<LocList>
<Loc EndOffset="19553" SrcFileId="8" StartOffset="19450"/>
</LocList>
<RootTerm CovItemId="C75" CovItemPrefix="com.OriginalFiles.Analyze.java" Intrnl_Id="2987">
<OpTerm BooleanOpId="11" Intrnl_Id="2988">
<BasicBoolTerm Intrnl_Id="2989">
<LocList>
<Loc EndOffset="19480" SrcFileId="8" StartOffset="19454"/>
</LocList>
</BasicBoolTerm>
<OpTerm BooleanOpId="10" Intrnl_Id="2990">
<OpTerm BooleanOpId="9" Intrnl_Id="2991">
<BasicBoolTerm Intrnl_Id="2992">
<LocList>
<Loc EndOffset="19495" SrcFileId="8" StartOffset="19486"/>
</LocList>
</BasicBoolTerm>
<LocList>
<Loc EndOffset="19486" SrcFileId="8" StartOffset="19485"/>
</LocList>
</OpTerm>
<OpTerm BooleanOpId="9" Intrnl_Id="2993">
<BasicBoolTerm Intrnl_Id="2994">
<LocList>
<Loc EndOffset="19515" SrcFileId="8" StartOffset="19500"/>
</LocList>
</BasicBoolTerm>
<LocList>
<Loc EndOffset="19500" SrcFileId="8" StartOffset="19499"/>
</LocList>
</OpTerm>
<LocList>
<Loc EndOffset="19498" SrcFileId="8" StartOffset="19496"/>
</LocList>
</OpTerm>
<LocList>
<Loc EndOffset="19483" SrcFileId="8" StartOffset="19481"/>
</LocList>
</OpTerm>
</RootTerm>
</CondStmnt>
<CondStmnt CovItemId="S240" CovItemPrefix="com.OriginalFiles.Analyze.java" Intrnl_Id="2995">
<Branch CovItemId="B132" CovItemPrefix="com.OriginalFiles.Analyze.java" Implct="false" Intrnl_Id="2996">
<Cond/>
<LocList>
<Loc EndOffset="19665" SrcFileId="8" StartOffset="19630"/>
</LocList>
<StmntSeq Intrnl_Id="2997">
<LocList>
<Loc EndOffset="19654" SrcFileId="8" StartOffset="19645"/>
</LocList>
<BasicStmnt CovItemId="S241" CovItemPrefix="com.OriginalFiles.Analyze.java" Intrnl_Id="2998">
<LocList>
<Loc EndOffset="19654" SrcFileId="8" StartOffset="19645"/>
</LocList>
</BasicStmnt>
</StmntSeq>
</Branch>
<Branch CovItemId="B133" CovItemPrefix="com.OriginalFiles.Analyze.java" Implct="true" Intrnl_Id="2999">
<Cond/>
<LocList/>
<StmntSeq Intrnl_Id="3000">
<LocList/>
</StmntSeq>
</Branch>
<Keyword EndOffset="19565" SrcFileId="8" StartOffset="19563"/>
<LocList>
<Loc EndOffset="19665" SrcFileId="8" StartOffset="19563"/>
</LocList>
<RootTerm CovItemId="C76" CovItemPrefix="com.OriginalFiles.Analyze.java" Intrnl_Id="3001">
<OpTerm BooleanOpId="11" Intrnl_Id="3002">
<BasicBoolTerm Intrnl_Id="3003">
<LocList>
<Loc EndOffset="19593" SrcFileId="8" StartOffset="19567"/>
</LocList>
</BasicBoolTerm>
<OpTerm BooleanOpId="10" Intrnl_Id="3004">
<BasicBoolTerm Intrnl_Id="3005">
<LocList>
<Loc EndOffset="19607" SrcFileId="8" StartOffset="19598"/>
</LocList>
</BasicBoolTerm>
<OpTerm BooleanOpId="9" Intrnl_Id="3006">
<BasicBoolTerm Intrnl_Id="3007">
<LocList>
<Loc EndOffset="19627" SrcFileId="8" StartOffset="19612"/>
</LocList>
</BasicBoolTerm>
<LocList>
<Loc EndOffset="19612" SrcFileId="8" StartOffset="19611"/>
</LocList>
</OpTerm>
<LocList>
<Loc EndOffset="19610" SrcFileId="8" StartOffset="19608"/>
</LocList>
</OpTerm>
<LocList>
<Loc EndOffset="19596" SrcFileId="8" StartOffset="19594"/>
</LocList>
</OpTerm>
</RootTerm>
</CondStmnt>
<CondStmnt CovItemId="S242" CovItemPrefix="com.OriginalFiles.Analyze.java" Intrnl_Id="3008">
<Branch CovItemId="B134" CovItemPrefix="com.OriginalFiles.Analyze.java" Implct="false" Intrnl_Id="3009">
<Cond/>
<LocList>
<Loc EndOffset="20411" SrcFileId="8" StartOffset="19737"/>
</LocList>
<StmntSeq Intrnl_Id="3010">
<LocList>
<Loc EndOffset="20400" SrcFileId="8" StartOffset="19752"/>
</LocList>
<CondStmnt CovItemId="S243" CovItemPrefix="com.OriginalFiles.Analyze.java" Intrnl_Id="3011">
<Branch CovItemId="B136" CovItemPrefix="com.OriginalFiles.Analyze.java" Implct="false" Intrnl_Id="3012">
<Cond/>
<LocList>
<Loc EndOffset="20400" SrcFileId="8" StartOffset="19845"/>
</LocList>
<StmntSeq Intrnl_Id="3013">
<LocList>
<Loc EndOffset="19955" SrcFileId="8" StartOffset="19864"/>
<Loc EndOffset="20064" SrcFileId="8" StartOffset="19973"/>
<Loc EndOffset="20385" SrcFileId="8" StartOffset="20082"/>
</LocList>
<BasicStmnt CovItemId="S244" CovItemPrefix="com.OriginalFiles.Analyze.java" Intrnl_Id="3014">
<LocList>
<Loc EndOffset="19955" SrcFileId="8" StartOffset="19864"/>
</LocList>
</BasicStmnt>
<BasicStmnt CovItemId="S245" CovItemPrefix="com.OriginalFiles.Analyze.java" Intrnl_Id="3015">
<LocList>
<Loc EndOffset="20064" SrcFileId="8" StartOffset="19973"/>
</LocList>
</BasicStmnt>
<CondStmnt CovItemId="S246" CovItemPrefix="com.OriginalFiles.Analyze.java" Intrnl_Id="3016">
<Branch CovItemId="B138" CovItemPrefix="com.OriginalFiles.Analyze.java" Implct="false" Intrnl_Id="3017">
<Cond/>
<LocList>
<Loc EndOffset="20385" SrcFileId="8" StartOffset="20120"/>
</LocList>
<StmntSeq Intrnl_Id="3018">
<LocList>
<Loc EndOffset="20366" SrcFileId="8" StartOffset="20143"/>
</LocList>
<CondStmnt CovItemId="S247" CovItemPrefix="com.OriginalFiles.Analyze.java" Intrnl_Id="3019">
<Branch CovItemId="B140" CovItemPrefix="com.OriginalFiles.Analyze.java" Implct="false" Intrnl_Id="3020">
<Cond/>
<LocList>
<Loc EndOffset="20251" SrcFileId="8" StartOffset="20192"/>
</LocList>
<StmntSeq Intrnl_Id="3021">
<LocList>
<Loc EndOffset="20228" SrcFileId="8" StartOffset="20219"/>
</LocList>
<BasicStmnt CovItemId="S248" CovItemPrefix="com.OriginalFiles.Analyze.java" Intrnl_Id="3022">
<LocList>
<Loc EndOffset="20228" SrcFileId="8" StartOffset="20219"/>
</LocList>
</BasicStmnt>
</StmntSeq>
</Branch>
<Branch CovItemId="B141" CovItemPrefix="com.OriginalFiles.Analyze.java" Implct="false" Intrnl_Id="3023">
<Cond>
<Loc EndOffset="20256" SrcFileId="8" StartOffset="20252"/>
</Cond>
<LocList>
<Loc EndOffset="20366" SrcFileId="8" StartOffset="20257"/>
</LocList>
<StmntSeq Intrnl_Id="3024">
<LocList>
<Loc EndOffset="20366" SrcFileId="8" StartOffset="20257"/>
</LocList>
<CondStmnt CovItemId="S249" CovItemPrefix="com.OriginalFiles.Analyze.java" Intrnl_Id="3025">
<Branch CovItemId="B142" CovItemPrefix="com.OriginalFiles.Analyze.java" Implct="false" Intrnl_Id="3026">
<Cond/>
<LocList>
<Loc EndOffset="20366" SrcFileId="8" StartOffset="20307"/>
</LocList>
<StmntSeq Intrnl_Id="3027">
<LocList>
<Loc EndOffset="20343" SrcFileId="8" StartOffset="20334"/>
</LocList>
<BasicStmnt CovItemId="S250" CovItemPrefix="com.OriginalFiles.Analyze.java" Intrnl_Id="3028">
<LocList>
<Loc EndOffset="20343" SrcFileId="8" StartOffset="20334"/>
</LocList>
</BasicStmnt>
</StmntSeq>
</Branch>
<Branch CovItemId="B143" CovItemPrefix="com.OriginalFiles.Analyze.java" Implct="true" Intrnl_Id="3029">
<Cond/>
<LocList/>
<StmntSeq Intrnl_Id="3030">
<LocList/>
</StmntSeq>
</Branch>
<Keyword EndOffset="20259" SrcFileId="8" StartOffset="20257"/>
<LocList>
<Loc EndOffset="20366" SrcFileId="8" StartOffset="20257"/>
</LocList>
<RootTerm CovItemId="C81" CovItemPrefix="com.OriginalFiles.Analyze.java" Intrnl_Id="3031">
<OpTerm BooleanOpId="10" Intrnl_Id="3032">
<OpTerm BooleanOpId="9" Intrnl_Id="3033">
<BasicBoolTerm Intrnl_Id="3034">
<LocList>
<Loc EndOffset="20271" SrcFileId="8" StartOffset="20262"/>
</LocList>
</BasicBoolTerm>
<LocList>
<Loc EndOffset="20262" SrcFileId="8" StartOffset="20261"/>
</LocList>
</OpTerm>
<OpTerm BooleanOpId="9" Intrnl_Id="3035">
<BasicBoolTerm Intrnl_Id="3036">
<LocList>
<Loc EndOffset="20305" SrcFileId="8" StartOffset="20276"/>
</LocList>
</BasicBoolTerm>
<LocList>
<Loc EndOffset="20276" SrcFileId="8" StartOffset="20275"/>
</LocList>
</OpTerm>
<LocList>
<Loc EndOffset="20274" SrcFileId="8" StartOffset="20272"/>
</LocList>
</OpTerm>
</RootTerm>
</CondStmnt>
</StmntSeq>
</Branch>
<Keyword EndOffset="20145" SrcFileId="8" StartOffset="20143"/>
<LocList>
<Loc EndOffset="20366" SrcFileId="8" StartOffset="20143"/>
</LocList>
<RootTerm CovItemId="C80" CovItemPrefix="com.OriginalFiles.Analyze.java" Intrnl_Id="3037">
<OpTerm BooleanOpId="10" Intrnl_Id="3038">
<BasicBoolTerm Intrnl_Id="3039">
<LocList>
<Loc EndOffset="20156" SrcFileId="8" StartOffset="20147"/>
</LocList>
</BasicBoolTerm>
<OpTerm BooleanOpId="9" Intrnl_Id="3040">
<BasicBoolTerm Intrnl_Id="3041">
<LocList>
<Loc EndOffset="20190" SrcFileId="8" StartOffset="20161"/>
</LocList>
</BasicBoolTerm>
<LocList>
<Loc EndOffset="20161" SrcFileId="8" StartOffset="20160"/>
</LocList>
</OpTerm>
<LocList>
<Loc EndOffset="20159" SrcFileId="8" StartOffset="20157"/>
</LocList>
</OpTerm>
</RootTerm>
</CondStmnt>
</StmntSeq>
</Branch>
<Branch CovItemId="B139" CovItemPrefix="com.OriginalFiles.Analyze.java" Implct="true" Intrnl_Id="3042">
<Cond/>
<LocList/>
<StmntSeq Intrnl_Id="3043">
<LocList/>
</StmntSeq>
</Branch>
<Keyword EndOffset="20084" SrcFileId="8" StartOffset="20082"/>
<LocList>
<Loc EndOffset="20385" SrcFileId="8" StartOffset="20082"/>
</LocList>
<RootTerm CovItemId="C79" CovItemPrefix="com.OriginalFiles.Analyze.java" Intrnl_Id="3044">
<OpTerm BooleanOpId="11" Intrnl_Id="3045">
<BasicBoolTerm Intrnl_Id="3046">
<LocList>
<Loc EndOffset="20100" SrcFileId="8" StartOffset="20086"/>
</LocList>
</BasicBoolTerm>
<BasicBoolTerm Intrnl_Id="3047">
<LocList>
<Loc EndOffset="20118" SrcFileId="8" StartOffset="20104"/>
</LocList>
</BasicBoolTerm>
<LocList>
<Loc EndOffset="20103" SrcFileId="8" StartOffset="20101"/>
</LocList>
</OpTerm>
</RootTerm>
</CondStmnt>
</StmntSeq>
</Branch>
<Branch CovItemId="B137" CovItemPrefix="com.OriginalFiles.Analyze.java" Implct="true" Intrnl_Id="3048">
<Cond/>
<LocList/>
<StmntSeq Intrnl_Id="3049">
<LocList/>
</StmntSeq>
</Branch>
<Keyword EndOffset="19754" SrcFileId="8" StartOffset="19752"/>
<LocList>
<Loc EndOffset="20400" SrcFileId="8" StartOffset="19752"/>
</LocList>
<RootTerm CovItemId="C78" CovItemPrefix="com.OriginalFiles.Analyze.java" Intrnl_Id="3050">
<OpTerm BooleanOpId="10" Intrnl_Id="3051">
<BasicBoolTerm Intrnl_Id="3052">
<LocList>
<Loc EndOffset="19787" SrcFileId="8" StartOffset="19756"/>
</LocList>
</BasicBoolTerm>
<BasicBoolTerm Intrnl_Id="3053">
<LocList>
<Loc EndOffset="19843" SrcFileId="8" StartOffset="19812"/>
</LocList>
</BasicBoolTerm>
<LocList>
<Loc EndOffset="19811" SrcFileId="8" StartOffset="19809"/>
</LocList>
</OpTerm>
</RootTerm>
</CondStmnt>
</StmntSeq>
</Branch>
<Branch CovItemId="B135" CovItemPrefix="com.OriginalFiles.Analyze.java" Implct="true" Intrnl_Id="3054">
<Cond/>
<LocList/>
<StmntSeq Intrnl_Id="3055">
<LocList/>
</StmntSeq>
</Branch>
<Keyword EndOffset="19677" SrcFileId="8" StartOffset="19675"/>
<LocList>
<Loc EndOffset="20411" SrcFileId="8" StartOffset="19675"/>
</LocList>
<RootTerm CovItemId="C77" CovItemPrefix="com.OriginalFiles.Analyze.java" Intrnl_Id="3056">
<OpTerm BooleanOpId="10" Intrnl_Id="3057">
<BasicBoolTerm Intrnl_Id="3058">
<LocList>
<Loc EndOffset="19705" SrcFileId="8" StartOffset="19679"/>
</LocList>
</BasicBoolTerm>
<BasicBoolTerm Intrnl_Id="3059">
<LocList>
<Loc EndOffset="19735" SrcFileId="8" StartOffset="19709"/>
</LocList>
</BasicBoolTerm>
<LocList>
<Loc EndOffset="19708" SrcFileId="8" StartOffset="19706"/>
</LocList>
</OpTerm>
</RootTerm>
</CondStmnt>
<BasicStmnt CovItemId="S251" CovItemPrefix="com.OriginalFiles.Analyze.java" Intrnl_Id="3060">
<LocList>
<Loc EndOffset="20430" SrcFileId="8" StartOffset="20421"/>
</LocList>
</BasicStmnt>
</StmntSeq>
</HierarchyLvl>
<HierarchyLvl HierarchyLvlId="100" HierarchyLvlTypeId="14" Intrnl_Id="3061" Name="hasTheMove">
<Header>
<Loc EndOffset="20520" SrcFileId="8" StartOffset="20445"/>
</Header>
<LocList>
<Loc EndOffset="21275" SrcFileId="8" StartOffset="20445"/>
</LocList>
<StmntSeq Intrnl_Id="3062">
<LocList>
<Loc EndOffset="20551" SrcFileId="8" StartOffset="20532"/>
<Loc EndOffset="21245" SrcFileId="8" StartOffset="20561"/>
<Loc EndOffset="21268" SrcFileId="8" StartOffset="21255"/>
</LocList>
<BasicStmnt CovItemId="S252" CovItemPrefix="com.OriginalFiles.Analyze.java" Intrnl_Id="3063">
<LocList>
<Loc EndOffset="20551" SrcFileId="8" StartOffset="20532"/>
</LocList>
</BasicStmnt>
<CondStmnt CovItemId="S253" CovItemPrefix="com.OriginalFiles.Analyze.java" Intrnl_Id="3064">
<Branch CovItemId="B144" CovItemPrefix="com.OriginalFiles.Analyze.java" Implct="false" Intrnl_Id="3065">
<Cond/>
<LocList>
<Loc EndOffset="21074" SrcFileId="8" StartOffset="20593"/>
</LocList>
<StmntSeq Intrnl_Id="3066">
<LocList>
<Loc EndOffset="20674" SrcFileId="8" StartOffset="20608"/>
<Loc EndOffset="20709" SrcFileId="8" StartOffset="20690"/>
<Loc EndOffset="20976" SrcFileId="8" StartOffset="20725"/>
<Loc EndOffset="21063" SrcFileId="8" StartOffset="20992"/>
</LocList>
<CondStmnt CovItemId="S254" CovItemPrefix="com.OriginalFiles.Analyze.java" Intrnl_Id="3067">
<Branch CovItemId="B146" CovItemPrefix="com.OriginalFiles.Analyze.java" Implct="false" Intrnl_Id="3068">
<Cond/>
<LocList>
<Loc EndOffset="20674" SrcFileId="8" StartOffset="20625"/>
</LocList>
<StmntSeq Intrnl_Id="3069">
<LocList>
<Loc EndOffset="20659" SrcFileId="8" StartOffset="20644"/>
</LocList>
<BasicStmnt CovItemId="S255" CovItemPrefix="com.OriginalFiles.Analyze.java" Intrnl_Id="3070">
<LocList>
<Loc EndOffset="20659" SrcFileId="8" StartOffset="20644"/>
</LocList>
</BasicStmnt>
</StmntSeq>
</Branch>
<Branch CovItemId="B147" CovItemPrefix="com.OriginalFiles.Analyze.java" Implct="true" Intrnl_Id="3071">
<Cond/>
<LocList/>
<StmntSeq Intrnl_Id="3072">
<LocList/>
</StmntSeq>
</Branch>
<Keyword EndOffset="20610" SrcFileId="8" StartOffset="20608"/>
<LocList>
<Loc EndOffset="20674" SrcFileId="8" StartOffset="20608"/>
</LocList>
<RootTerm CovItemId="C83" CovItemPrefix="com.OriginalFiles.Analyze.java" Intrnl_Id="3073">
<OpTerm BooleanOpId="9" Intrnl_Id="3074">
<BasicBoolTerm Intrnl_Id="3075">
<LocList>
<Loc EndOffset="20623" SrcFileId="8" StartOffset="20613"/>
</LocList>
</BasicBoolTerm>
<LocList>
<Loc EndOffset="20613" SrcFileId="8" StartOffset="20612"/>
</LocList>
</OpTerm>
</RootTerm>
</CondStmnt>
<BasicStmnt CovItemId="S256" CovItemPrefix="com.OriginalFiles.Analyze.java" Intrnl_Id="3076">
<LocList>
<Loc EndOffset="20709" SrcFileId="8" StartOffset="20690"/>
</LocList>
</BasicStmnt>
<LoopStmnt CovItemId="S257" CovItemPrefix="com.OriginalFiles.Analyze.java" Intrnl_Id="3077" MltplExecId="L18-2" MltplExecPrefix="com.OriginalFiles.Analyze.java" NvrExecId="L18-0" NvrExecPrefix="com.OriginalFiles.Analyze.java" OnceExecutedId="L18-1" OnceExecutedPrefix="com.OriginalFiles.Analyze.java" OptBodyExec="true">
<StmntSeq Intrnl_Id="3078">
<LocList>
<Loc EndOffset="20961" SrcFileId="8" StartOffset="20784"/>
</LocList>
<LoopStmnt CovItemId="S258" CovItemPrefix="com.OriginalFiles.Analyze.java" Intrnl_Id="3079" MltplExecId="L19-2" MltplExecPrefix="com.OriginalFiles.Analyze.java" NvrExecId="L19-0" NvrExecPrefix="com.OriginalFiles.Analyze.java" OnceExecutedId="L19-1" OnceExecutedPrefix="com.OriginalFiles.Analyze.java" OptBodyExec="true">
<StmntSeq Intrnl_Id="3080">
<LocList>
<Loc EndOffset="20942" SrcFileId="8" StartOffset="20835"/>
</LocList>
<CondStmnt CovItemId="S259" CovItemPrefix="com.OriginalFiles.Analyze.java" Intrnl_Id="3081">
<Branch CovItemId="B148" CovItemPrefix="com.OriginalFiles.Analyze.java" Implct="false" Intrnl_Id="3082">
<Cond/>
<LocList>
<Loc EndOffset="20942" SrcFileId="8" StartOffset="20879"/>
</LocList>
<StmntSeq Intrnl_Id="3083">
<LocList>
<Loc EndOffset="20919" SrcFileId="8" StartOffset="20906"/>
</LocList>
<BasicStmnt CovItemId="S260" CovItemPrefix="com.OriginalFiles.Analyze.java" Intrnl_Id="3084">
<LocList>
<Loc EndOffset="20919" SrcFileId="8" StartOffset="20906"/>
</LocList>
</BasicStmnt>
</StmntSeq>
</Branch>
<Branch CovItemId="B149" CovItemPrefix="com.OriginalFiles.Analyze.java" Implct="true" Intrnl_Id="3085">
<Cond/>
<LocList/>
<StmntSeq Intrnl_Id="3086">
<LocList/>
</StmntSeq>
</Branch>
<Keyword EndOffset="20837" SrcFileId="8" StartOffset="20835"/>
<LocList>
<Loc EndOffset="20942" SrcFileId="8" StartOffset="20835"/>
</LocList>
<RootTerm CovItemId="C86" CovItemPrefix="com.OriginalFiles.Analyze.java" Intrnl_Id="3087">
<OpTerm BooleanOpId="9" Intrnl_Id="3088">
<BasicBoolTerm Intrnl_Id="3089">
<LocList>
<Loc EndOffset="20877" SrcFileId="8" StartOffset="20840"/>
</LocList>
</BasicBoolTerm>
<LocList>
<Loc EndOffset="20840" SrcFileId="8" StartOffset="20839"/>
</LocList>
</OpTerm>
</RootTerm>
</CondStmnt>
</StmntSeq>
<Keyword EndOffset="20787" SrcFileId="8" StartOffset="20784"/>
<LocList>
<Loc EndOffset="20961" SrcFileId="8" StartOffset="20784"/>
</LocList>
<RootTerm CovItemId="C85" CovItemPrefix="com.OriginalFiles.Analyze.java" Intrnl_Id="3090">
<BasicBoolTerm Intrnl_Id="3091">
<LocList>
<Loc EndOffset="20805" SrcFileId="8" StartOffset="20800"/>
</LocList>
</BasicBoolTerm>
</RootTerm>
</LoopStmnt>
</StmntSeq>
<Keyword EndOffset="20728" SrcFileId="8" StartOffset="20725"/>
<LocList>
<Loc EndOffset="20976" SrcFileId="8" StartOffset="20725"/>
</LocList>
<RootTerm CovItemId="C84" CovItemPrefix="com.OriginalFiles.Analyze.java" Intrnl_Id="3092">
<BasicBoolTerm Intrnl_Id="3093">
<LocList>
<Loc EndOffset="20755" SrcFileId="8" StartOffset="20750"/>
</LocList>
</BasicBoolTerm>
</RootTerm>
</LoopStmnt>
<CondStmnt CovItemId="S261" CovItemPrefix="com.OriginalFiles.Analyze.java" Intrnl_Id="3094">
<Branch CovItemId="B150" CovItemPrefix="com.OriginalFiles.Analyze.java" Implct="false" Intrnl_Id="3095">
<Cond/>
<LocList>
<Loc EndOffset="21063" SrcFileId="8" StartOffset="21017"/>
</LocList>
<StmntSeq Intrnl_Id="3096">
<LocList>
<Loc EndOffset="21048" SrcFileId="8" StartOffset="21036"/>
</LocList>
<BasicStmnt CovItemId="S262" CovItemPrefix="com.OriginalFiles.Analyze.java" Intrnl_Id="3097">
<LocList>
<Loc EndOffset="21048" SrcFileId="8" StartOffset="21036"/>
</LocList>
</BasicStmnt>
</StmntSeq>
</Branch>
<Branch CovItemId="B151" CovItemPrefix="com.OriginalFiles.Analyze.java" Implct="true" Intrnl_Id="3098">
<Cond/>
<LocList/>
<StmntSeq Intrnl_Id="3099">
<LocList/>
</StmntSeq>
</Branch>
<Keyword EndOffset="20994" SrcFileId="8" StartOffset="20992"/>
<LocList>
<Loc EndOffset="21063" SrcFileId="8" StartOffset="20992"/>
</LocList>
<RootTerm CovItemId="C87" CovItemPrefix="com.OriginalFiles.Analyze.java" Intrnl_Id="3100">
<BasicBoolTerm Intrnl_Id="3101">
<LocList>
<Loc EndOffset="21015" SrcFileId="8" StartOffset="20996"/>
</LocList>
</BasicBoolTerm>
</RootTerm>
</CondStmnt>
</StmntSeq>
</Branch>
<Branch CovItemId="B145" CovItemPrefix="com.OriginalFiles.Analyze.java" Implct="false" Intrnl_Id="3102">
<Cond>
<Loc EndOffset="21079" SrcFileId="8" StartOffset="21075"/>
</Cond>
<LocList>
<Loc EndOffset="21245" SrcFileId="8" StartOffset="21080"/>
</LocList>
<StmntSeq Intrnl_Id="3103">
<LocList>
<Loc EndOffset="21245" SrcFileId="8" StartOffset="21080"/>
</LocList>
<CondStmnt CovItemId="S263" CovItemPrefix="com.OriginalFiles.Analyze.java" Intrnl_Id="3104">
<Branch CovItemId="B152" CovItemPrefix="com.OriginalFiles.Analyze.java" Implct="false" Intrnl_Id="3105">
<Cond/>
<LocList>
<Loc EndOffset="21160" SrcFileId="8" StartOffset="21122"/>
</LocList>
<StmntSeq Intrnl_Id="3106">
<LocList>
<Loc EndOffset="21149" SrcFileId="8" StartOffset="21137"/>
</LocList>
<BasicStmnt CovItemId="S264" CovItemPrefix="com.OriginalFiles.Analyze.java" Intrnl_Id="3107">
<LocList>
<Loc EndOffset="21149" SrcFileId="8" StartOffset="21137"/>
</LocList>
</BasicStmnt>
</StmntSeq>
</Branch>
<Branch CovItemId="B153" CovItemPrefix="com.OriginalFiles.Analyze.java" Implct="false" Intrnl_Id="3108">
<Cond>
<Loc EndOffset="21165" SrcFileId="8" StartOffset="21161"/>
</Cond>
<LocList>
<Loc EndOffset="21245" SrcFileId="8" StartOffset="21166"/>
</LocList>
<StmntSeq Intrnl_Id="3109">
<LocList>
<Loc EndOffset="21245" SrcFileId="8" StartOffset="21166"/>
</LocList>
<CondStmnt CovItemId="S265" CovItemPrefix="com.OriginalFiles.Analyze.java" Intrnl_Id="3110">
<Branch CovItemId="B154" CovItemPrefix="com.OriginalFiles.Analyze.java" Implct="false" Intrnl_Id="3111">
<Cond/>
<LocList>
<Loc EndOffset="21245" SrcFileId="8" StartOffset="21207"/>
</LocList>
<StmntSeq Intrnl_Id="3112">
<LocList>
<Loc EndOffset="21234" SrcFileId="8" StartOffset="21222"/>
</LocList>
<BasicStmnt CovItemId="S266" CovItemPrefix="com.OriginalFiles.Analyze.java" Intrnl_Id="3113">
<LocList>
<Loc EndOffset="21234" SrcFileId="8" StartOffset="21222"/>
</LocList>
</BasicStmnt>
</StmntSeq>
</Branch>
<Branch CovItemId="B155" CovItemPrefix="com.OriginalFiles.Analyze.java" Implct="true" Intrnl_Id="3114">
<Cond/>
<LocList/>
<StmntSeq Intrnl_Id="3115">
<LocList/>
</StmntSeq>
</Branch>
<Keyword EndOffset="21168" SrcFileId="8" StartOffset="21166"/>
<LocList>
<Loc EndOffset="21245" SrcFileId="8" StartOffset="21166"/>
</LocList>
<RootTerm CovItemId="C89" CovItemPrefix="com.OriginalFiles.Analyze.java" Intrnl_Id="3116">
<OpTerm BooleanOpId="10" Intrnl_Id="3117">
<BasicBoolTerm Intrnl_Id="3118">
<LocList>
<Loc EndOffset="21180" SrcFileId="8" StartOffset="21170"/>
</LocList>
</BasicBoolTerm>
<BasicBoolTerm Intrnl_Id="3119">
<LocList>
<Loc EndOffset="21205" SrcFileId="8" StartOffset="21184"/>
</LocList>
</BasicBoolTerm>
<LocList>
<Loc EndOffset="21183" SrcFileId="8" StartOffset="21181"/>
</LocList>
</OpTerm>
</RootTerm>
</CondStmnt>
</StmntSeq>
</Branch>
<Keyword EndOffset="21082" SrcFileId="8" StartOffset="21080"/>
<LocList>
<Loc EndOffset="21245" SrcFileId="8" StartOffset="21080"/>
</LocList>
<RootTerm CovItemId="C88" CovItemPrefix="com.OriginalFiles.Analyze.java" Intrnl_Id="3120">
<OpTerm BooleanOpId="10" Intrnl_Id="3121">
<OpTerm BooleanOpId="9" Intrnl_Id="3122">
<BasicBoolTerm Intrnl_Id="3123">
<LocList>
<Loc EndOffset="21095" SrcFileId="8" StartOffset="21085"/>
</LocList>
</BasicBoolTerm>
<LocList>
<Loc EndOffset="21085" SrcFileId="8" StartOffset="21084"/>
</LocList>
</OpTerm>
<BasicBoolTerm Intrnl_Id="3124">
<LocList>
<Loc EndOffset="21120" SrcFileId="8" StartOffset="21099"/>
</LocList>
</BasicBoolTerm>
<LocList>
<Loc EndOffset="21098" SrcFileId="8" StartOffset="21096"/>
</LocList>
</OpTerm>
</RootTerm>
</CondStmnt>
</StmntSeq>
</Branch>
<Keyword EndOffset="20563" SrcFileId="8" StartOffset="20561"/>
<LocList>
<Loc EndOffset="21245" SrcFileId="8" StartOffset="20561"/>
</LocList>
<RootTerm CovItemId="C82" CovItemPrefix="com.OriginalFiles.Analyze.java" Intrnl_Id="3125">
<BasicBoolTerm Intrnl_Id="3126">
<LocList>
<Loc EndOffset="20591" SrcFileId="8" StartOffset="20565"/>
</LocList>
</BasicBoolTerm>
</RootTerm>
</CondStmnt>
<BasicStmnt CovItemId="S267" CovItemPrefix="com.OriginalFiles.Analyze.java" Intrnl_Id="3127">
<LocList>
<Loc EndOffset="21268" SrcFileId="8" StartOffset="21255"/>
</LocList>
</BasicStmnt>
</StmntSeq>
</HierarchyLvl>
<HierarchyLvl HierarchyLvlId="101" HierarchyLvlTypeId="14" Intrnl_Id="3128" Name="isOnDoubleCorners">
<Header>
<Loc EndOffset="21328" SrcFileId="8" StartOffset="21283"/>
</Header>
<LocList>
<Loc EndOffset="21637" SrcFileId="8" StartOffset="21283"/>
</LocList>
<StmntSeq Intrnl_Id="3129">
<LocList>
<Loc EndOffset="21607" SrcFileId="8" StartOffset="21340"/>
<Loc EndOffset="21630" SrcFileId="8" StartOffset="21617"/>
</LocList>
<CondStmnt CovItemId="S268" CovItemPrefix="com.OriginalFiles.Analyze.java" Intrnl_Id="3130">
<Branch CovItemId="B156" CovItemPrefix="com.OriginalFiles.Analyze.java" Implct="false" Intrnl_Id="3131">
<Cond/>
<LocList>
<Loc EndOffset="21607" SrcFileId="8" StartOffset="21569"/>
</LocList>
<StmntSeq Intrnl_Id="3132">
<LocList>
<Loc EndOffset="21596" SrcFileId="8" StartOffset="21584"/>
</LocList>
<BasicStmnt CovItemId="S269" CovItemPrefix="com.OriginalFiles.Analyze.java" Intrnl_Id="3133">
<LocList>
<Loc EndOffset="21596" SrcFileId="8" StartOffset="21584"/>
</LocList>
</BasicStmnt>
</StmntSeq>
</Branch>
<Branch CovItemId="B157" CovItemPrefix="com.OriginalFiles.Analyze.java" Implct="true" Intrnl_Id="3134">
<Cond/>
<LocList/>
<StmntSeq Intrnl_Id="3135">
<LocList/>
</StmntSeq>
</Branch>
<Keyword EndOffset="21342" SrcFileId="8" StartOffset="21340"/>
<LocList>
<Loc EndOffset="21607" SrcFileId="8" StartOffset="21340"/>
</LocList>
<RootTerm CovItemId="C90" CovItemPrefix="com.OriginalFiles.Analyze.java" Intrnl_Id="3136">
<OpTerm BooleanOpId="11" Intrnl_Id="3137">
<OpTerm BooleanOpId="11" Intrnl_Id="3138">
<OpTerm BooleanOpId="11" Intrnl_Id="3139">
<OpTerm BooleanOpId="10" Intrnl_Id="3140">
<BasicBoolTerm Intrnl_Id="3141">
<LocList>
<Loc EndOffset="21362" SrcFileId="8" StartOffset="21345"/>
</LocList>
</BasicBoolTerm>
<BasicBoolTerm Intrnl_Id="3142">
<LocList>
<Loc EndOffset="21383" SrcFileId="8" StartOffset="21366"/>
</LocList>
</BasicBoolTerm>
<LocList>
<Loc EndOffset="21365" SrcFileId="8" StartOffset="21363"/>
</LocList>
</OpTerm>
<OpTerm BooleanOpId="10" Intrnl_Id="3143">
<BasicBoolTerm Intrnl_Id="3144">
<LocList>
<Loc EndOffset="21423" SrcFileId="8" StartOffset="21406"/>
</LocList>
</BasicBoolTerm>
<BasicBoolTerm Intrnl_Id="3145">
<LocList>
<Loc EndOffset="21444" SrcFileId="8" StartOffset="21427"/>
</LocList>
</BasicBoolTerm>
<LocList>
<Loc EndOffset="21426" SrcFileId="8" StartOffset="21424"/>
</LocList>
</OpTerm>
<LocList>
<Loc EndOffset="21404" SrcFileId="8" StartOffset="21402"/>
</LocList>
</OpTerm>
<OpTerm BooleanOpId="10" Intrnl_Id="3146">
<BasicBoolTerm Intrnl_Id="3147">
<LocList>
<Loc EndOffset="21484" SrcFileId="8" StartOffset="21467"/>
</LocList>
</BasicBoolTerm>
<BasicBoolTerm Intrnl_Id="3148">
<LocList>
<Loc EndOffset="21505" SrcFileId="8" StartOffset="21488"/>
</LocList>
</BasicBoolTerm>
<LocList>
<Loc EndOffset="21487" SrcFileId="8" StartOffset="21485"/>
</LocList>
</OpTerm>
<LocList>
<Loc EndOffset="21465" SrcFileId="8" StartOffset="21463"/>
</LocList>
</OpTerm>
<OpTerm BooleanOpId="10" Intrnl_Id="3149">
<BasicBoolTerm Intrnl_Id="3150">
<LocList>
<Loc EndOffset="21545" SrcFileId="8" StartOffset="21528"/>
</LocList>
</BasicBoolTerm>
<BasicBoolTerm Intrnl_Id="3151">
<LocList>
<Loc EndOffset="21566" SrcFileId="8" StartOffset="21549"/>
</LocList>
</BasicBoolTerm>
<LocList>
<Loc EndOffset="21548" SrcFileId="8" StartOffset="21546"/>
</LocList>
</OpTerm>
<LocList>
<Loc EndOffset="21526" SrcFileId="8" StartOffset="21524"/>
</LocList>
</OpTerm>
</RootTerm>
</CondStmnt>
<BasicStmnt CovItemId="S270" CovItemPrefix="com.OriginalFiles.Analyze.java" Intrnl_Id="3152">
<LocList>
<Loc EndOffset="21630" SrcFileId="8" StartOffset="21617"/>
</LocList>
</BasicStmnt>
</StmntSeq>
</HierarchyLvl>
<HierarchyLvl HierarchyLvlId="102" HierarchyLvlTypeId="14" Intrnl_Id="3153" Name="cleanUp">
<Header>
<Loc EndOffset="21703" SrcFileId="8" StartOffset="21645"/>
</Header>
<LocList>
<Loc EndOffset="22337" SrcFileId="8" StartOffset="21645"/>
</LocList>
<StmntSeq Intrnl_Id="3154">
<LocList>
<Loc EndOffset="21909" SrcFileId="8" StartOffset="21715"/>
<Loc EndOffset="22118" SrcFileId="8" StartOffset="21921"/>
<Loc EndOffset="22330" SrcFileId="8" StartOffset="22130"/>
</LocList>
<LoopStmnt CovItemId="S271" CovItemPrefix="com.OriginalFiles.Analyze.java" Intrnl_Id="3155" MltplExecId="L20-2" MltplExecPrefix="com.OriginalFiles.Analyze.java" NvrExecId="L20-0" NvrExecPrefix="com.OriginalFiles.Analyze.java" OnceExecutedId="L20-1" OnceExecutedPrefix="com.OriginalFiles.Analyze.java" OptBodyExec="true">
<StmntSeq Intrnl_Id="3156">
<LocList>
<Loc EndOffset="21898" SrcFileId="8" StartOffset="21771"/>
</LocList>
<LoopStmnt CovItemId="S272" CovItemPrefix="com.OriginalFiles.Analyze.java" Intrnl_Id="3157" MltplExecId="L21-2" MltplExecPrefix="com.OriginalFiles.Analyze.java" NvrExecId="L21-0" NvrExecPrefix="com.OriginalFiles.Analyze.java" OnceExecutedId="L21-1" OnceExecutedPrefix="com.OriginalFiles.Analyze.java" OptBodyExec="true">
<StmntSeq Intrnl_Id="3158">
<LocList>
<Loc EndOffset="21883" SrcFileId="8" StartOffset="21809"/>
</LocList>
<CondStmnt CovItemId="S273" CovItemPrefix="com.OriginalFiles.Analyze.java" Intrnl_Id="3159">
<Branch CovItemId="B158" CovItemPrefix="com.OriginalFiles.Analyze.java" Implct="false" Intrnl_Id="3160">
<Cond/>
<LocList>
<Loc EndOffset="21883" SrcFileId="8" StartOffset="21827"/>
</LocList>
<StmntSeq Intrnl_Id="3161">
<LocList>
<Loc EndOffset="21864" SrcFileId="8" StartOffset="21850"/>
</LocList>
<BasicStmnt CovItemId="S274" CovItemPrefix="com.OriginalFiles.Analyze.java" Intrnl_Id="3162">
<LocList>
<Loc EndOffset="21864" SrcFileId="8" StartOffset="21850"/>
</LocList>
</BasicStmnt>
</StmntSeq>
</Branch>
<Branch CovItemId="B159" CovItemPrefix="com.OriginalFiles.Analyze.java" Implct="true" Intrnl_Id="3163">
<Cond/>
<LocList/>
<StmntSeq Intrnl_Id="3164">
<LocList/>
</StmntSeq>
</Branch>
<Keyword EndOffset="21811" SrcFileId="8" StartOffset="21809"/>
<LocList>
<Loc EndOffset="21883" SrcFileId="8" StartOffset="21809"/>
</LocList>
<RootTerm CovItemId="C91" CovItemPrefix="com.OriginalFiles.Analyze.java" Intrnl_Id="3165">
<OpTerm BooleanOpId="9" Intrnl_Id="3166">
<BasicBoolTerm Intrnl_Id="3167">
<LocList>
<Loc EndOffset="21825" SrcFileId="8" StartOffset="21814"/>
</LocList>
</BasicBoolTerm>
<LocList>
<Loc EndOffset="21814" SrcFileId="8" StartOffset="21813"/>
</LocList>
</OpTerm>
</RootTerm>
</CondStmnt>
</StmntSeq>
<Keyword EndOffset="21774" SrcFileId="8" StartOffset="21771"/>
<LocList>
<Loc EndOffset="21898" SrcFileId="8" StartOffset="21771"/>
</LocList>
</LoopStmnt>
</StmntSeq>
<Keyword EndOffset="21718" SrcFileId="8" StartOffset="21715"/>
<LocList>
<Loc EndOffset="21909" SrcFileId="8" StartOffset="21715"/>
</LocList>
</LoopStmnt>
<LoopStmnt CovItemId="S275" CovItemPrefix="com.OriginalFiles.Analyze.java" Intrnl_Id="3168" MltplExecId="L22-2" MltplExecPrefix="com.OriginalFiles.Analyze.java" NvrExecId="L22-0" NvrExecPrefix="com.OriginalFiles.Analyze.java" OnceExecutedId="L22-1" OnceExecutedPrefix="com.OriginalFiles.Analyze.java" OptBodyExec="true">
<StmntSeq Intrnl_Id="3169">
<LocList>
<Loc EndOffset="22107" SrcFileId="8" StartOffset="21980"/>
</LocList>
<LoopStmnt CovItemId="S276" CovItemPrefix="com.OriginalFiles.Analyze.java" Intrnl_Id="3170" MltplExecId="L23-2" MltplExecPrefix="com.OriginalFiles.Analyze.java" NvrExecId="L23-0" NvrExecPrefix="com.OriginalFiles.Analyze.java" OnceExecutedId="L23-1" OnceExecutedPrefix="com.OriginalFiles.Analyze.java" OptBodyExec="true">
<StmntSeq Intrnl_Id="3171">
<LocList>
<Loc EndOffset="22092" SrcFileId="8" StartOffset="22018"/>
</LocList>
<CondStmnt CovItemId="S277" CovItemPrefix="com.OriginalFiles.Analyze.java" Intrnl_Id="3172">
<Branch CovItemId="B160" CovItemPrefix="com.OriginalFiles.Analyze.java" Implct="false" Intrnl_Id="3173">
<Cond/>
<LocList>
<Loc EndOffset="22092" SrcFileId="8" StartOffset="22036"/>
</LocList>
<StmntSeq Intrnl_Id="3174">
<LocList>
<Loc EndOffset="22073" SrcFileId="8" StartOffset="22059"/>
</LocList>
<BasicStmnt CovItemId="S278" CovItemPrefix="com.OriginalFiles.Analyze.java" Intrnl_Id="3175">
<LocList>
<Loc EndOffset="22073" SrcFileId="8" StartOffset="22059"/>
</LocList>
</BasicStmnt>
</StmntSeq>
</Branch>
<Branch CovItemId="B161" CovItemPrefix="com.OriginalFiles.Analyze.java" Implct="true" Intrnl_Id="3176">
<Cond/>
<LocList/>
<StmntSeq Intrnl_Id="3177">
<LocList/>
</StmntSeq>
</Branch>
<Keyword EndOffset="22020" SrcFileId="8" StartOffset="22018"/>
<LocList>
<Loc EndOffset="22092" SrcFileId="8" StartOffset="22018"/>
</LocList>
<RootTerm CovItemId="C92" CovItemPrefix="com.OriginalFiles.Analyze.java" Intrnl_Id="3178">
<OpTerm BooleanOpId="9" Intrnl_Id="3179">
<BasicBoolTerm Intrnl_Id="3180">
<LocList>
<Loc EndOffset="22034" SrcFileId="8" StartOffset="22023"/>
</LocList>
</BasicBoolTerm>
<LocList>
<Loc EndOffset="22023" SrcFileId="8" StartOffset="22022"/>
</LocList>
</OpTerm>
</RootTerm>
</CondStmnt>
</StmntSeq>
<Keyword EndOffset="21983" SrcFileId="8" StartOffset="21980"/>
<LocList>
<Loc EndOffset="22107" SrcFileId="8" StartOffset="21980"/>
</LocList>
</LoopStmnt>
</StmntSeq>
<Keyword EndOffset="21924" SrcFileId="8" StartOffset="21921"/>
<LocList>
<Loc EndOffset="22118" SrcFileId="8" StartOffset="21921"/>
</LocList>
</LoopStmnt>
<LoopStmnt CovItemId="S279" CovItemPrefix="com.OriginalFiles.Analyze.java" Intrnl_Id="3181" MltplExecId="L24-2" MltplExecPrefix="com.OriginalFiles.Analyze.java" NvrExecId="L24-0" NvrExecPrefix="com.OriginalFiles.Analyze.java" OnceExecutedId="L24-1" OnceExecutedPrefix="com.OriginalFiles.Analyze.java" OptBodyExec="true">
<StmntSeq Intrnl_Id="3182">
<LocList>
<Loc EndOffset="22319" SrcFileId="8" StartOffset="22192"/>
</LocList>
<LoopStmnt CovItemId="S280" CovItemPrefix="com.OriginalFiles.Analyze.java" Intrnl_Id="3183" MltplExecId="L25-2" MltplExecPrefix="com.OriginalFiles.Analyze.java" NvrExecId="L25-0" NvrExecPrefix="com.OriginalFiles.Analyze.java" OnceExecutedId="L25-1" OnceExecutedPrefix="com.OriginalFiles.Analyze.java" OptBodyExec="true">
<StmntSeq Intrnl_Id="3184">
<LocList>
<Loc EndOffset="22304" SrcFileId="8" StartOffset="22230"/>
</LocList>
<CondStmnt CovItemId="S281" CovItemPrefix="com.OriginalFiles.Analyze.java" Intrnl_Id="3185">
<Branch CovItemId="B162" CovItemPrefix="com.OriginalFiles.Analyze.java" Implct="false" Intrnl_Id="3186">
<Cond/>
<LocList>
<Loc EndOffset="22304" SrcFileId="8" StartOffset="22248"/>
</LocList>
<StmntSeq Intrnl_Id="3187">
<LocList>
<Loc EndOffset="22285" SrcFileId="8" StartOffset="22271"/>
</LocList>
<BasicStmnt CovItemId="S282" CovItemPrefix="com.OriginalFiles.Analyze.java" Intrnl_Id="3188">
<LocList>
<Loc EndOffset="22285" SrcFileId="8" StartOffset="22271"/>
</LocList>
</BasicStmnt>
</StmntSeq>
</Branch>
<Branch CovItemId="B163" CovItemPrefix="com.OriginalFiles.Analyze.java" Implct="true" Intrnl_Id="3189">
<Cond/>
<LocList/>
<StmntSeq Intrnl_Id="3190">
<LocList/>
</StmntSeq>
</Branch>
<Keyword EndOffset="22232" SrcFileId="8" StartOffset="22230"/>
<LocList>
<Loc EndOffset="22304" SrcFileId="8" StartOffset="22230"/>
</LocList>
<RootTerm CovItemId="C93" CovItemPrefix="com.OriginalFiles.Analyze.java" Intrnl_Id="3191">
<OpTerm BooleanOpId="9" Intrnl_Id="3192">
<BasicBoolTerm Intrnl_Id="3193">
<LocList>
<Loc EndOffset="22246" SrcFileId="8" StartOffset="22235"/>
</LocList>
</BasicBoolTerm>
<LocList>
<Loc EndOffset="22235" SrcFileId="8" StartOffset="22234"/>
</LocList>
</OpTerm>
</RootTerm>
</CondStmnt>
</StmntSeq>
<Keyword EndOffset="22195" SrcFileId="8" StartOffset="22192"/>
<LocList>
<Loc EndOffset="22319" SrcFileId="8" StartOffset="22192"/>
</LocList>
</LoopStmnt>
</StmntSeq>
<Keyword EndOffset="22133" SrcFileId="8" StartOffset="22130"/>
<LocList>
<Loc EndOffset="22330" SrcFileId="8" StartOffset="22130"/>
</LocList>
</LoopStmnt>
</StmntSeq>
</HierarchyLvl>
<HierarchyLvl HierarchyLvlId="103" HierarchyLvlTypeId="14" Intrnl_Id="3194" Name="placePiece">
<Header>
<Loc EndOffset="22418" SrcFileId="8" StartOffset="22345"/>
</Header>
<LocList>
<Loc EndOffset="22724" SrcFileId="8" StartOffset="22345"/>
</LocList>
<StmntSeq Intrnl_Id="3195">
<LocList>
<Loc EndOffset="22717" SrcFileId="8" StartOffset="22430"/>
</LocList>
<CondStmnt CovItemId="S283" CovItemPrefix="com.OriginalFiles.Analyze.java" Intrnl_Id="3196">
<Branch CovItemId="B164" CovItemPrefix="com.OriginalFiles.Analyze.java" Implct="false" Intrnl_Id="3197">
<Cond/>
<LocList>
<Loc EndOffset="22528" SrcFileId="8" StartOffset="22475"/>
</LocList>
<StmntSeq Intrnl_Id="3198">
<LocList>
<Loc EndOffset="22517" SrcFileId="8" StartOffset="22490"/>
</LocList>
<BasicStmnt CovItemId="S284" CovItemPrefix="com.OriginalFiles.Analyze.java" Intrnl_Id="3199">
<LocList>
<Loc EndOffset="22517" SrcFileId="8" StartOffset="22490"/>
</LocList>
</BasicStmnt>
</StmntSeq>
</Branch>
<Branch CovItemId="B165" CovItemPrefix="com.OriginalFiles.Analyze.java" Implct="false" Intrnl_Id="3200">
<Cond>
<Loc EndOffset="22533" SrcFileId="8" StartOffset="22529"/>
</Cond>
<LocList>
<Loc EndOffset="22717" SrcFileId="8" StartOffset="22534"/>
</LocList>
<StmntSeq Intrnl_Id="3201">
<LocList>
<Loc EndOffset="22706" SrcFileId="8" StartOffset="22549"/>
</LocList>
<CondStmnt CovItemId="S285" CovItemPrefix="com.OriginalFiles.Analyze.java" Intrnl_Id="3202">
<Branch CovItemId="B166" CovItemPrefix="com.OriginalFiles.Analyze.java" Implct="false" Intrnl_Id="3203">
<Cond/>
<LocList>
<Loc EndOffset="22641" SrcFileId="8" StartOffset="22600"/>
</LocList>
<StmntSeq Intrnl_Id="3204">
<LocList>
<Loc EndOffset="22626" SrcFileId="8" StartOffset="22619"/>
</LocList>
<BasicStmnt CovItemId="S286" CovItemPrefix="com.OriginalFiles.Analyze.java" Intrnl_Id="3205">
<LocList>
<Loc EndOffset="22626" SrcFileId="8" StartOffset="22619"/>
</LocList>
</BasicStmnt>
</StmntSeq>
</Branch>
<Branch CovItemId="B167" CovItemPrefix="com.OriginalFiles.Analyze.java" Implct="false" Intrnl_Id="3206">
<Cond>
<Loc EndOffset="22646" SrcFileId="8" StartOffset="22642"/>
</Cond>
<LocList>
<Loc EndOffset="22706" SrcFileId="8" StartOffset="22647"/>
</LocList>
<StmntSeq Intrnl_Id="3207">
<LocList>
<Loc EndOffset="22691" SrcFileId="8" StartOffset="22666"/>
</LocList>
<BasicStmnt CovItemId="S287" CovItemPrefix="com.OriginalFiles.Analyze.java" Intrnl_Id="3208">
<LocList>
<Loc EndOffset="22691" SrcFileId="8" StartOffset="22666"/>
</LocList>
</BasicStmnt>
</StmntSeq>
</Branch>
<Keyword EndOffset="22551" SrcFileId="8" StartOffset="22549"/>
<LocList>
<Loc EndOffset="22706" SrcFileId="8" StartOffset="22549"/>
</LocList>
<RootTerm CovItemId="C95" CovItemPrefix="com.OriginalFiles.Analyze.java" Intrnl_Id="3209">
<BasicBoolTerm Intrnl_Id="3210">
<LocList>
<Loc EndOffset="22598" SrcFileId="8" StartOffset="22553"/>
</LocList>
</BasicBoolTerm>
</RootTerm>
</CondStmnt>
</StmntSeq>
</Branch>
<Keyword EndOffset="22432" SrcFileId="8" StartOffset="22430"/>
<LocList>
<Loc EndOffset="22717" SrcFileId="8" StartOffset="22430"/>
</LocList>
<RootTerm CovItemId="C94" CovItemPrefix="com.OriginalFiles.Analyze.java" Intrnl_Id="3211">
<BasicBoolTerm Intrnl_Id="3212">
<LocList>
<Loc EndOffset="22473" SrcFileId="8" StartOffset="22434"/>
</LocList>
</BasicBoolTerm>
</RootTerm>
</CondStmnt>
</StmntSeq>
</HierarchyLvl>
<HierarchyLvl HierarchyLvlId="104" HierarchyLvlTypeId="14" Intrnl_Id="3213" Name="movePeasent">
<Header>
<Loc EndOffset="22806" SrcFileId="8" StartOffset="22732"/>
</Header>
<LocList>
<Loc EndOffset="24000" SrcFileId="8" StartOffset="22732"/>
</LocList>
<StmntSeq Intrnl_Id="3214">
<LocList>
<Loc EndOffset="23993" SrcFileId="8" StartOffset="22818"/>
</LocList>
<CondStmnt CovItemId="S288" CovItemPrefix="com.OriginalFiles.Analyze.java" Intrnl_Id="3215">
<Branch CovItemId="B168" CovItemPrefix="com.OriginalFiles.Analyze.java" Implct="false" Intrnl_Id="3216">
<Cond/>
<LocList>
<Loc EndOffset="23402" SrcFileId="8" StartOffset="22908"/>
</LocList>
<StmntSeq Intrnl_Id="3217">
<LocList>
<Loc EndOffset="23391" SrcFileId="8" StartOffset="22923"/>
</LocList>
<LoopStmnt CovItemId="S289" CovItemPrefix="com.OriginalFiles.Analyze.java" Intrnl_Id="3218" MltplExecId="L26-2" MltplExecPrefix="com.OriginalFiles.Analyze.java" NvrExecId="L26-0" NvrExecPrefix="com.OriginalFiles.Analyze.java" OnceExecutedId="L26-1" OnceExecutedPrefix="com.OriginalFiles.Analyze.java" OptBodyExec="true">
<StmntSeq Intrnl_Id="3219">
<LocList>
<Loc EndOffset="23376" SrcFileId="8" StartOffset="22982"/>
</LocList>
<LoopStmnt CovItemId="S290" CovItemPrefix="com.OriginalFiles.Analyze.java" Intrnl_Id="3220" MltplExecId="L27-2" MltplExecPrefix="com.OriginalFiles.Analyze.java" NvrExecId="L27-0" NvrExecPrefix="com.OriginalFiles.Analyze.java" OnceExecutedId="L27-1" OnceExecutedPrefix="com.OriginalFiles.Analyze.java" OptBodyExec="true">
<StmntSeq Intrnl_Id="3221">
<LocList>
<Loc EndOffset="23357" SrcFileId="8" StartOffset="23034"/>
</LocList>
<CondStmnt CovItemId="S291" CovItemPrefix="com.OriginalFiles.Analyze.java" Intrnl_Id="3222">
<Branch CovItemId="B170" CovItemPrefix="com.OriginalFiles.Analyze.java" Implct="false" Intrnl_Id="3223">
<Cond/>
<LocList>
<Loc EndOffset="23357" SrcFileId="8" StartOffset="23150"/>
</LocList>
<StmntSeq Intrnl_Id="3224">
<LocList>
<Loc EndOffset="23292" SrcFileId="8" StartOffset="23177"/>
<Loc EndOffset="23334" SrcFileId="8" StartOffset="23318"/>
</LocList>
<BasicStmnt CovItemId="S292" CovItemPrefix="com.OriginalFiles.Analyze.java" Intrnl_Id="3225">
<LocList>
<Loc EndOffset="23292" SrcFileId="8" StartOffset="23177"/>
</LocList>
</BasicStmnt>
<BasicStmnt CovItemId="S293" CovItemPrefix="com.OriginalFiles.Analyze.java" Intrnl_Id="3226">
<LocList>
<Loc EndOffset="23334" SrcFileId="8" StartOffset="23318"/>
</LocList>
</BasicStmnt>
</StmntSeq>
</Branch>
<Branch CovItemId="B171" CovItemPrefix="com.OriginalFiles.Analyze.java" Implct="true" Intrnl_Id="3227">
<Cond/>
<LocList/>
<StmntSeq Intrnl_Id="3228">
<LocList/>
</StmntSeq>
</Branch>
<Keyword EndOffset="23036" SrcFileId="8" StartOffset="23034"/>
<LocList>
<Loc EndOffset="23357" SrcFileId="8" StartOffset="23034"/>
</LocList>
<RootTerm CovItemId="C99" CovItemPrefix="com.OriginalFiles.Analyze.java" Intrnl_Id="3229">
<OpTerm BooleanOpId="10" Intrnl_Id="3230">
<BasicBoolTerm Intrnl_Id="3231">
<LocList>
<Loc EndOffset="23075" SrcFileId="8" StartOffset="23038"/>
</LocList>
</BasicBoolTerm>
<BasicBoolTerm Intrnl_Id="3232">
<LocList>
<Loc EndOffset="23148" SrcFileId="8" StartOffset="23108"/>
</LocList>
</BasicBoolTerm>
<LocList>
<Loc EndOffset="23107" SrcFileId="8" StartOffset="23105"/>
</LocList>
</OpTerm>
</RootTerm>
</CondStmnt>
</StmntSeq>
<Keyword EndOffset="22985" SrcFileId="8" StartOffset="22982"/>
<LocList>
<Loc EndOffset="23376" SrcFileId="8" StartOffset="22982"/>
</LocList>
<RootTerm CovItemId="C98" CovItemPrefix="com.OriginalFiles.Analyze.java" Intrnl_Id="3233">
<BasicBoolTerm Intrnl_Id="3234">
<LocList>
<Loc EndOffset="23004" SrcFileId="8" StartOffset="22998"/>
</LocList>
</BasicBoolTerm>
</RootTerm>
</LoopStmnt>
</StmntSeq>
<Keyword EndOffset="22937" SrcFileId="8" StartOffset="22934"/>
<LocList>
<Loc EndOffset="23391" SrcFileId="8" StartOffset="22923"/>
</LocList>
<RootTerm CovItemId="C97" CovItemPrefix="com.OriginalFiles.Analyze.java" Intrnl_Id="3235">
<BasicBoolTerm Intrnl_Id="3236">
<LocList>
<Loc EndOffset="22956" SrcFileId="8" StartOffset="22950"/>
</LocList>
</BasicBoolTerm>
</RootTerm>
</LoopStmnt>
</StmntSeq>
</Branch>
<Branch CovItemId="B169" CovItemPrefix="com.OriginalFiles.Analyze.java" Implct="false" Intrnl_Id="3237">
<Cond>
<Loc EndOffset="23407" SrcFileId="8" StartOffset="23403"/>
</Cond>
<LocList>
<Loc EndOffset="23993" SrcFileId="8" StartOffset="23408"/>
</LocList>
<StmntSeq Intrnl_Id="3238">
<LocList>
<Loc EndOffset="23993" SrcFileId="8" StartOffset="23408"/>
</LocList>
<CondStmnt CovItemId="S294" CovItemPrefix="com.OriginalFiles.Analyze.java" Intrnl_Id="3239">
<Branch CovItemId="B172" CovItemPrefix="com.OriginalFiles.Analyze.java" Implct="false" Intrnl_Id="3240">
<Cond/>
<LocList>
<Loc EndOffset="23993" SrcFileId="8" StartOffset="23499"/>
</LocList>
<StmntSeq Intrnl_Id="3241">
<LocList>
<Loc EndOffset="23982" SrcFileId="8" StartOffset="23514"/>
</LocList>
<LoopStmnt CovItemId="S295" CovItemPrefix="com.OriginalFiles.Analyze.java" Intrnl_Id="3242" MltplExecId="L28-2" MltplExecPrefix="com.OriginalFiles.Analyze.java" NvrExecId="L28-0" NvrExecPrefix="com.OriginalFiles.Analyze.java" OnceExecutedId="L28-1" OnceExecutedPrefix="com.OriginalFiles.Analyze.java" OptBodyExec="true">
<StmntSeq Intrnl_Id="3243">
<LocList>
<Loc EndOffset="23967" SrcFileId="8" StartOffset="23573"/>
</LocList>
<LoopStmnt CovItemId="S296" CovItemPrefix="com.OriginalFiles.Analyze.java" Intrnl_Id="3244" MltplExecId="L29-2" MltplExecPrefix="com.OriginalFiles.Analyze.java" NvrExecId="L29-0" NvrExecPrefix="com.OriginalFiles.Analyze.java" OnceExecutedId="L29-1" OnceExecutedPrefix="com.OriginalFiles.Analyze.java" OptBodyExec="true">
<StmntSeq Intrnl_Id="3245">
<LocList>
<Loc EndOffset="23948" SrcFileId="8" StartOffset="23625"/>
</LocList>
<CondStmnt CovItemId="S297" CovItemPrefix="com.OriginalFiles.Analyze.java" Intrnl_Id="3246">
<Branch CovItemId="B174" CovItemPrefix="com.OriginalFiles.Analyze.java" Implct="false" Intrnl_Id="3247">
<Cond/>
<LocList>
<Loc EndOffset="23948" SrcFileId="8" StartOffset="23741"/>
</LocList>
<StmntSeq Intrnl_Id="3248">
<LocList>
<Loc EndOffset="23883" SrcFileId="8" StartOffset="23768"/>
<Loc EndOffset="23925" SrcFileId="8" StartOffset="23909"/>
</LocList>
<BasicStmnt CovItemId="S298" CovItemPrefix="com.OriginalFiles.Analyze.java" Intrnl_Id="3249">
<LocList>
<Loc EndOffset="23883" SrcFileId="8" StartOffset="23768"/>
</LocList>
</BasicStmnt>
<BasicStmnt CovItemId="S299" CovItemPrefix="com.OriginalFiles.Analyze.java" Intrnl_Id="3250">
<LocList>
<Loc EndOffset="23925" SrcFileId="8" StartOffset="23909"/>
</LocList>
</BasicStmnt>
</StmntSeq>
</Branch>
<Branch CovItemId="B175" CovItemPrefix="com.OriginalFiles.Analyze.java" Implct="true" Intrnl_Id="3251">
<Cond/>
<LocList/>
<StmntSeq Intrnl_Id="3252">
<LocList/>
</StmntSeq>
</Branch>
<Keyword EndOffset="23627" SrcFileId="8" StartOffset="23625"/>
<LocList>
<Loc EndOffset="23948" SrcFileId="8" StartOffset="23625"/>
</LocList>
<RootTerm CovItemId="C103" CovItemPrefix="com.OriginalFiles.Analyze.java" Intrnl_Id="3253">
<OpTerm BooleanOpId="10" Intrnl_Id="3254">
<BasicBoolTerm Intrnl_Id="3255">
<LocList>
<Loc EndOffset="23666" SrcFileId="8" StartOffset="23629"/>
</LocList>
</BasicBoolTerm>
<BasicBoolTerm Intrnl_Id="3256">
<LocList>
<Loc EndOffset="23739" SrcFileId="8" StartOffset="23699"/>
</LocList>
</BasicBoolTerm>
<LocList>
<Loc EndOffset="23698" SrcFileId="8" StartOffset="23696"/>
</LocList>
</OpTerm>
</RootTerm>
</CondStmnt>
</StmntSeq>
<Keyword EndOffset="23576" SrcFileId="8" StartOffset="23573"/>
<LocList>
<Loc EndOffset="23967" SrcFileId="8" StartOffset="23573"/>
</LocList>
<RootTerm CovItemId="C102" CovItemPrefix="com.OriginalFiles.Analyze.java" Intrnl_Id="3257">
<BasicBoolTerm Intrnl_Id="3258">
<LocList>
<Loc EndOffset="23595" SrcFileId="8" StartOffset="23589"/>
</LocList>
</BasicBoolTerm>
</RootTerm>
</LoopStmnt>
</StmntSeq>
<Keyword EndOffset="23528" SrcFileId="8" StartOffset="23525"/>
<LocList>
<Loc EndOffset="23982" SrcFileId="8" StartOffset="23514"/>
</LocList>
<RootTerm CovItemId="C101" CovItemPrefix="com.OriginalFiles.Analyze.java" Intrnl_Id="3259">
<BasicBoolTerm Intrnl_Id="3260">
<LocList>
<Loc EndOffset="23547" SrcFileId="8" StartOffset="23541"/>
</LocList>
</BasicBoolTerm>
</RootTerm>
</LoopStmnt>
</StmntSeq>
</Branch>
<Branch CovItemId="B173" CovItemPrefix="com.OriginalFiles.Analyze.java" Implct="true" Intrnl_Id="3261">
<Cond/>
<LocList/>
<StmntSeq Intrnl_Id="3262">
<LocList/>
</StmntSeq>
</Branch>
<Keyword EndOffset="23410" SrcFileId="8" StartOffset="23408"/>
<LocList>
<Loc EndOffset="23993" SrcFileId="8" StartOffset="23408"/>
</LocList>
<RootTerm CovItemId="C100" CovItemPrefix="com.OriginalFiles.Analyze.java" Intrnl_Id="3263">
<BasicBoolTerm Intrnl_Id="3264">
<LocList>
<Loc EndOffset="23497" SrcFileId="8" StartOffset="23412"/>
</LocList>
</BasicBoolTerm>
</RootTerm>
</CondStmnt>
</StmntSeq>
</Branch>
<Keyword EndOffset="22820" SrcFileId="8" StartOffset="22818"/>
<LocList>
<Loc EndOffset="23993" SrcFileId="8" StartOffset="22818"/>
</LocList>
<RootTerm CovItemId="C96" CovItemPrefix="com.OriginalFiles.Analyze.java" Intrnl_Id="3265">
<BasicBoolTerm Intrnl_Id="3266">
<LocList>
<Loc EndOffset="22906" SrcFileId="8" StartOffset="22822"/>
</LocList>
</BasicBoolTerm>
</RootTerm>
</CondStmnt>
</StmntSeq>
</HierarchyLvl>
<HierarchyLvl HierarchyLvlId="105" HierarchyLvlTypeId="14" Intrnl_Id="3267" Name="moveToKingRow">
<Header>
<Loc EndOffset="24097" SrcFileId="8" StartOffset="24008"/>
</Header>
<LocList>
<Loc EndOffset="25093" SrcFileId="8" StartOffset="24008"/>
</LocList>
<StmntSeq Intrnl_Id="3268">
<LocList>
<Loc EndOffset="25086" SrcFileId="8" StartOffset="24109"/>
</LocList>
<CondStmnt CovItemId="S300" CovItemPrefix="com.OriginalFiles.Analyze.java" Intrnl_Id="3269">
<Branch CovItemId="B176" CovItemPrefix="com.OriginalFiles.Analyze.java" Implct="false" Intrnl_Id="3270">
<Cond/>
<LocList>
<Loc EndOffset="24598" SrcFileId="8" StartOffset="24200"/>
</LocList>
<StmntSeq Intrnl_Id="3271">
<LocList>
<Loc EndOffset="24225" SrcFileId="8" StartOffset="24215"/>
<Loc EndOffset="24587" SrcFileId="8" StartOffset="24239"/>
</LocList>
<BasicStmnt CovItemId="S301" CovItemPrefix="com.OriginalFiles.Analyze.java" Intrnl_Id="3272">
<LocList>
<Loc EndOffset="24225" SrcFileId="8" StartOffset="24215"/>
</LocList>
</BasicStmnt>
<LoopStmnt CovItemId="S302" CovItemPrefix="com.OriginalFiles.Analyze.java" Intrnl_Id="3273" MltplExecId="L30-2" MltplExecPrefix="com.OriginalFiles.Analyze.java" NvrExecId="L30-0" NvrExecPrefix="com.OriginalFiles.Analyze.java" OnceExecutedId="L30-1" OnceExecutedPrefix="com.OriginalFiles.Analyze.java" OptBodyExec="true">
<StmntSeq Intrnl_Id="3274">
<LocList>
<Loc EndOffset="24550" SrcFileId="8" StartOffset="24275"/>
<Loc EndOffset="24572" SrcFileId="8" StartOffset="24568"/>
</LocList>
<CondStmnt CovItemId="S303" CovItemPrefix="com.OriginalFiles.Analyze.java" Intrnl_Id="3275">
<Branch CovItemId="B178" CovItemPrefix="com.OriginalFiles.Analyze.java" Implct="false" Intrnl_Id="3276">
<Cond/>
<LocList>
<Loc EndOffset="24550" SrcFileId="8" StartOffset="24320"/>
</LocList>
<StmntSeq Intrnl_Id="3277">
<LocList>
<Loc EndOffset="24502" SrcFileId="8" StartOffset="24390"/>
<Loc EndOffset="24531" SrcFileId="8" StartOffset="24524"/>
</LocList>
<BasicStmnt CovItemId="S304" CovItemPrefix="com.OriginalFiles.Analyze.java" Intrnl_Id="3278">
<LocList>
<Loc EndOffset="24502" SrcFileId="8" StartOffset="24390"/>
</LocList>
</BasicStmnt>
<BasicStmnt CovItemId="S305" CovItemPrefix="com.OriginalFiles.Analyze.java" Intrnl_Id="3279">
<LocList>
<Loc EndOffset="24531" SrcFileId="8" StartOffset="24524"/>
</LocList>
</BasicStmnt>
</StmntSeq>
</Branch>
<Branch CovItemId="B179" CovItemPrefix="com.OriginalFiles.Analyze.java" Implct="true" Intrnl_Id="3280">
<Cond/>
<LocList/>
<StmntSeq Intrnl_Id="3281">
<LocList/>
</StmntSeq>
</Branch>
<Keyword EndOffset="24277" SrcFileId="8" StartOffset="24275"/>
<LocList>
<Loc EndOffset="24550" SrcFileId="8" StartOffset="24275"/>
</LocList>
<RootTerm CovItemId="C106" CovItemPrefix="com.OriginalFiles.Analyze.java" Intrnl_Id="3282">
<BasicBoolTerm Intrnl_Id="3283">
<LocList>
<Loc EndOffset="24318" SrcFileId="8" StartOffset="24279"/>
</LocList>
</BasicBoolTerm>
</RootTerm>
</CondStmnt>
<BasicStmnt CovItemId="S306" CovItemPrefix="com.OriginalFiles.Analyze.java" Intrnl_Id="3284">
<LocList>
<Loc EndOffset="24572" SrcFileId="8" StartOffset="24568"/>
</LocList>
</BasicStmnt>
</StmntSeq>
<Keyword EndOffset="24244" SrcFileId="8" StartOffset="24239"/>
<LocList>
<Loc EndOffset="24587" SrcFileId="8" StartOffset="24239"/>
</LocList>
<RootTerm CovItemId="C105" CovItemPrefix="com.OriginalFiles.Analyze.java" Intrnl_Id="3285">
<OpTerm BooleanOpId="9" Intrnl_Id="3286">
<BasicBoolTerm Intrnl_Id="3287">
<LocList>
<Loc EndOffset="24253" SrcFileId="8" StartOffset="24248"/>
</LocList>
</BasicBoolTerm>
<LocList>
<Loc EndOffset="24247" SrcFileId="8" StartOffset="24246"/>
</LocList>
</OpTerm>
</RootTerm>
</LoopStmnt>
</StmntSeq>
</Branch>
<Branch CovItemId="B177" CovItemPrefix="com.OriginalFiles.Analyze.java" Implct="false" Intrnl_Id="3288">
<Cond>
<Loc EndOffset="24603" SrcFileId="8" StartOffset="24599"/>
</Cond>
<LocList>
<Loc EndOffset="25086" SrcFileId="8" StartOffset="24604"/>
</LocList>
<StmntSeq Intrnl_Id="3289">
<LocList>
<Loc EndOffset="25086" SrcFileId="8" StartOffset="24604"/>
</LocList>
<CondStmnt CovItemId="S307" CovItemPrefix="com.OriginalFiles.Analyze.java" Intrnl_Id="3290">
<Branch CovItemId="B180" CovItemPrefix="com.OriginalFiles.Analyze.java" Implct="false" Intrnl_Id="3291">
<Cond/>
<LocList>
<Loc EndOffset="25086" SrcFileId="8" StartOffset="24694"/>
</LocList>
<StmntSeq Intrnl_Id="3292">
<LocList>
<Loc EndOffset="24719" SrcFileId="8" StartOffset="24709"/>
<Loc EndOffset="25075" SrcFileId="8" StartOffset="24733"/>
</LocList>
<BasicStmnt CovItemId="S308" CovItemPrefix="com.OriginalFiles.Analyze.java" Intrnl_Id="3293">
<LocList>
<Loc EndOffset="24719" SrcFileId="8" StartOffset="24709"/>
</LocList>
</BasicStmnt>
<LoopStmnt CovItemId="S309" CovItemPrefix="com.OriginalFiles.Analyze.java" Intrnl_Id="3294" MltplExecId="L31-2" MltplExecPrefix="com.OriginalFiles.Analyze.java" NvrExecId="L31-0" NvrExecPrefix="com.OriginalFiles.Analyze.java" OnceExecutedId="L31-1" OnceExecutedPrefix="com.OriginalFiles.Analyze.java" OptBodyExec="true">
<StmntSeq Intrnl_Id="3295">
<LocList>
<Loc EndOffset="25038" SrcFileId="8" StartOffset="24769"/>
<Loc EndOffset="25060" SrcFileId="8" StartOffset="25056"/>
</LocList>
<CondStmnt CovItemId="S310" CovItemPrefix="com.OriginalFiles.Analyze.java" Intrnl_Id="3296">
<Branch CovItemId="B182" CovItemPrefix="com.OriginalFiles.Analyze.java" Implct="false" Intrnl_Id="3297">
<Cond/>
<LocList>
<Loc EndOffset="25038" SrcFileId="8" StartOffset="24811"/>
</LocList>
<StmntSeq Intrnl_Id="3298">
<LocList>
<Loc EndOffset="24990" SrcFileId="8" StartOffset="24881"/>
<Loc EndOffset="25019" SrcFileId="8" StartOffset="25012"/>
</LocList>
<BasicStmnt CovItemId="S311" CovItemPrefix="com.OriginalFiles.Analyze.java" Intrnl_Id="3299">
<LocList>
<Loc EndOffset="24990" SrcFileId="8" StartOffset="24881"/>
</LocList>
</BasicStmnt>
<BasicStmnt CovItemId="S312" CovItemPrefix="com.OriginalFiles.Analyze.java" Intrnl_Id="3300">
<LocList>
<Loc EndOffset="25019" SrcFileId="8" StartOffset="25012"/>
</LocList>
</BasicStmnt>
</StmntSeq>
</Branch>
<Branch CovItemId="B183" CovItemPrefix="com.OriginalFiles.Analyze.java" Implct="true" Intrnl_Id="3301">
<Cond/>
<LocList/>
<StmntSeq Intrnl_Id="3302">
<LocList/>
</StmntSeq>
</Branch>
<Keyword EndOffset="24771" SrcFileId="8" StartOffset="24769"/>
<LocList>
<Loc EndOffset="25038" SrcFileId="8" StartOffset="24769"/>
</LocList>
<RootTerm CovItemId="C109" CovItemPrefix="com.OriginalFiles.Analyze.java" Intrnl_Id="3303">
<BasicBoolTerm Intrnl_Id="3304">
<LocList>
<Loc EndOffset="24809" SrcFileId="8" StartOffset="24773"/>
</LocList>
</BasicBoolTerm>
</RootTerm>
</CondStmnt>
<BasicStmnt CovItemId="S313" CovItemPrefix="com.OriginalFiles.Analyze.java" Intrnl_Id="3305">
<LocList>
<Loc EndOffset="25060" SrcFileId="8" StartOffset="25056"/>
</LocList>
</BasicStmnt>
</StmntSeq>
<Keyword EndOffset="24738" SrcFileId="8" StartOffset="24733"/>
<LocList>
<Loc EndOffset="25075" SrcFileId="8" StartOffset="24733"/>
</LocList>
<RootTerm CovItemId="C108" CovItemPrefix="com.OriginalFiles.Analyze.java" Intrnl_Id="3306">
<OpTerm BooleanOpId="9" Intrnl_Id="3307">
<BasicBoolTerm Intrnl_Id="3308">
<LocList>
<Loc EndOffset="24747" SrcFileId="8" StartOffset="24742"/>
</LocList>
</BasicBoolTerm>
<LocList>
<Loc EndOffset="24741" SrcFileId="8" StartOffset="24740"/>
</LocList>
</OpTerm>
</RootTerm>
</LoopStmnt>
</StmntSeq>
</Branch>
<Branch CovItemId="B181" CovItemPrefix="com.OriginalFiles.Analyze.java" Implct="true" Intrnl_Id="3309">
<Cond/>
<LocList/>
<StmntSeq Intrnl_Id="3310">
<LocList/>
</StmntSeq>
</Branch>
<Keyword EndOffset="24606" SrcFileId="8" StartOffset="24604"/>
<LocList>
<Loc EndOffset="25086" SrcFileId="8" StartOffset="24604"/>
</LocList>
<RootTerm CovItemId="C107" CovItemPrefix="com.OriginalFiles.Analyze.java" Intrnl_Id="3311">
<BasicBoolTerm Intrnl_Id="3312">
<LocList>
<Loc EndOffset="24692" SrcFileId="8" StartOffset="24608"/>
</LocList>
</BasicBoolTerm>
</RootTerm>
</CondStmnt>
</StmntSeq>
</Branch>
<Keyword EndOffset="24111" SrcFileId="8" StartOffset="24109"/>
<LocList>
<Loc EndOffset="25086" SrcFileId="8" StartOffset="24109"/>
</LocList>
<RootTerm CovItemId="C104" CovItemPrefix="com.OriginalFiles.Analyze.java" Intrnl_Id="3313">
<BasicBoolTerm Intrnl_Id="3314">
<LocList>
<Loc EndOffset="24198" SrcFileId="8" StartOffset="24113"/>
</LocList>
</BasicBoolTerm>
</RootTerm>
</CondStmnt>
</StmntSeq>
</HierarchyLvl>
<HierarchyLvl HierarchyLvlId="106" HierarchyLvlTypeId="14" Intrnl_Id="3315" Name="isInCorrectEnd">
<Header>
<Loc EndOffset="25151" SrcFileId="8" StartOffset="25101"/>
</Header>
<LocList>
<Loc EndOffset="25460" SrcFileId="8" StartOffset="25101"/>
</LocList>
<StmntSeq Intrnl_Id="3316">
<LocList>
<Loc EndOffset="25453" SrcFileId="8" StartOffset="25163"/>
</LocList>
<BasicStmnt CovItemId="S314" CovItemPrefix="com.OriginalFiles.Analyze.java" Intrnl_Id="3317">
<LocList>
<Loc EndOffset="25453" SrcFileId="8" StartOffset="25163"/>
</LocList>
</BasicStmnt>
</StmntSeq>
</HierarchyLvl>
</HierarchyLvl>
</HierarchyLvl>
</HierarchyLvl>
</HierarchyLvl>
</MASTRoot>
</TestSessionContainer>
