<?xml version="1.0" encoding="UTF-8"?><TestSessionContainer xmlns="http://www.codecover.org/xml/testsession-container" Date="1383211927418" TestSessionContainerId="308190ff-7705-4ec7-b936-28054f7c4341" version="1.0">
<SrcFileList>
<SrcFile Content="package com.Testing;&#13;&#10;&#13;&#10;import static org.junit.Assert.*;&#13;&#10;&#13;&#10;import java.io.IOException;&#13;&#10;import java.util.ArrayList;&#13;&#10;import java.util.List;&#13;&#10;import org.junit.Test;&#13;&#10;//Remember that myBoard in board should be public and all properties in Piece should also be public&#13;&#10;import com.OriginalFiles.*;&#13;&#10;&#13;&#10;import customExceptions.IllegalMove;&#13;&#10;import customExceptions.NoKingLeft;&#13;&#10;&#13;&#10;public class BoardTest {&#13;&#10;&#9;Board test = new Board();&#13;&#10;&#9;@Test&#13;&#10;&#9;//test for the Board class' constructor&#13;&#10;&#9;public void testBoard(){&#13;&#10;&#9;&#9;for(int x = 0; x &lt; 8; x++){&#13;&#10;&#9;&#9;&#9;for(int y = 0; y &lt; 8; y++){&#13;&#10;&#9;&#9;&#9;&#9;Field temp = test.myBoard[x][y];&#13;&#10;&#9;&#9;&#9;&#9;if((x+y)%2 == 1)&#13;&#10;&#9;&#9;&#9;&#9;{&#13;&#10;&#9;&#9;&#9;&#9;&#9;assertTrue(temp.x == x);&#13;&#10;&#9;&#9;&#9;&#9;&#9;assertTrue(temp.y == y);&#13;&#10;&#9;&#9;&#9;&#9;&#9;assertTrue(temp.allowedField);&#13;&#10;&#9;&#9;&#9;&#9;&#9;&#13;&#10;&#9;&#9;&#9;&#9;&#9;//test if the robots piece is piece and have the right values&#13;&#10;&#9;&#9;&#9;&#9;&#9;if(y &lt; 3)&#13;&#10;&#9;&#9;&#9;&#9;&#9;{&#13;&#10;&#9;&#9;&#9;&#9;&#9;&#9;assertNotNull(temp.getPieceOnField());&#13;&#10;&#9;&#9;&#9;&#9;&#9;&#9;assertTrue(temp.getPieceOnField().x == x);&#13;&#10;&#9;&#9;&#9;&#9;&#9;&#9;assertTrue(temp.getPieceOnField().y == y);&#13;&#10;&#9;&#9;&#9;&#9;&#9;&#9;assertEquals('r',temp.getPieceOnField().color);&#13;&#10;&#13;&#10;&#9;&#9;&#9;&#9;&#9;&#9;if(y == 2)&#13;&#10;&#9;&#9;&#9;&#9;&#9;&#9;{&#13;&#10;&#9;&#9;&#9;&#9;&#9;&#9;&#9;//test if the robots first row is movable and not kings&#13;&#10;&#9;&#9;&#9;&#9;&#9;&#9;&#9;assertTrue(temp.getPieceOnField().isMoveable);&#13;&#10;&#9;&#9;&#9;&#9;&#9;&#9;&#9;assertFalse(temp.getPieceOnField().isCrowned);&#13;&#10;&#9;&#9;&#9;&#9;&#9;&#9;}&#13;&#10;&#9;&#9;&#9;&#9;&#9;}&#13;&#10;&#13;&#10;&#9;&#9;&#9;&#9;&#9;//Same procedure for the human players pieces&#13;&#10;&#9;&#9;&#9;&#9;&#9;if(y &gt; 4)&#13;&#10;&#9;&#9;&#9;&#9;&#9;{&#13;&#10;&#9;&#9;&#9;&#9;&#9;&#9;assertNotNull(temp.getPieceOnField());&#13;&#10;&#9;&#9;&#9;&#9;&#9;&#9;assertTrue(temp.getPieceOnField().x == x);&#13;&#10;&#9;&#9;&#9;&#9;&#9;&#9;assertTrue(temp.getPieceOnField().y == y);&#13;&#10;&#9;&#9;&#9;&#9;&#9;&#9;assertEquals('w',temp.getPieceOnField().color);&#13;&#10;&#9;&#9;&#9;&#9;&#9;&#9;&#13;&#10;&#9;&#9;&#9;&#9;&#9;&#9;if(y==5)&#13;&#10;&#9;&#9;&#9;&#9;&#9;&#9;{&#13;&#10;&#9;&#9;&#9;&#9;&#9;&#9;&#9;assertTrue(temp.getPieceOnField().isMoveable);&#13;&#10;&#9;&#9;&#9;&#9;&#9;&#9;&#9;assertFalse(temp.getPieceOnField().isCrowned);&#13;&#10;&#9;&#9;&#9;&#9;&#9;&#9;}&#13;&#10;&#9;&#9;&#9;&#9;&#9;}&#13;&#10;&#9;&#9;&#9;&#9;&#9;&#13;&#10;&#9;&#9;&#9;&#9;&#9;if(y &gt;= 3 &amp;&amp; y &lt;= 4){&#13;&#10;&#9;&#9;&#9;&#9;&#9;&#9;assertNull(temp.getPieceOnField());&#13;&#10;&#9;&#9;&#9;&#9;&#9;}&#13;&#10;&#9;&#9;&#9;&#9;}&#13;&#10;&#9;&#9;&#9;&#9;else&#13;&#10;&#9;&#9;&#9;&#9;{&#13;&#10;&#9;&#9;&#9;&#9;&#9;//test if the all the white fields are not allowed to move on&#13;&#10;&#9;&#9;&#9;&#9;&#9;assertFalse(temp.allowedField);&#13;&#10;&#9;&#9;&#9;&#9;}&#13;&#10;&#9;&#9;&#9;}&#13;&#10;&#9;&#9;}&#13;&#10;&#9;}&#13;&#10;&#9;&#13;&#10;&#9;private void resetBoard() throws InterruptedException, IOException{&#13;&#10;&#9;&#9;test = new Board();&#13;&#10;&#9;}&#13;&#10;&#9;&#13;&#10;&#9;//Method used to construct a win scenario for either of the players&#13;&#10;&#9;private void constructWinCase(boolean change){&#13;&#10;&#9;&#9;for(Field[] i : test.myBoard){&#13;&#10;&#9;&#9;&#9;for(Field f : i){&#13;&#10;&#9;&#9;&#9;&#9;if(f.getPieceOnField() != null){&#13;&#10;&#9;&#9;&#9;&#9;&#9;if(change){&#13;&#10;&#9;&#9;&#9;&#9;&#9;&#9;if(f.getPieceOnField().color == 'r'){&#13;&#10;&#9;&#9;&#9;&#9;&#9;&#9;&#9;test.myBoard[f.x][f.y].getPieceOnField().color = 'w';&#13;&#10;&#9;&#9;&#9;&#9;&#9;&#9;}&#13;&#10;&#9;&#9;&#9;&#9;&#9;}&#13;&#10;&#9;&#9;&#9;&#9;&#9;else{&#13;&#10;&#9;&#9;&#9;&#9;&#9;&#9;if(f.getPieceOnField().color == 'w'){&#13;&#10;&#9;&#9;&#9;&#9;&#9;&#9;&#9;test.myBoard[f.x][f.y].getPieceOnField().color = 'r';&#13;&#10;&#9;&#9;&#9;&#9;&#9;&#9;}&#13;&#10;&#9;&#9;&#9;&#9;&#9;}&#13;&#10;&#9;&#9;&#9;&#9;}&#13;&#10;&#9;&#9;&#9;}&#13;&#10;&#9;&#9;}&#13;&#10;&#9;}&#9;&#13;&#10;&#9;&#13;&#10;&#9;//Used to empty the entire board&#13;&#10;&#9;private void emptyBoard(){&#13;&#10;&#9;&#9;for(Field[] af : test.myBoard){&#13;&#10;&#9;&#9;&#9;for(Field f : af){&#13;&#10;&#9;&#9;&#9;&#9;f.emptyThisField();&#13;&#10;&#9;&#9;&#9;}&#13;&#10;&#9;&#9;}&#13;&#10;&#9;}&#13;&#10;&#9;&#13;&#10;&#9;@Test&#13;&#10;&#9;public void testGameIsEnded() throws InterruptedException, IOException {&#13;&#10;&#9;&#9;//test if the game is not ended with start positioning&#13;&#10;&#9;&#9;assertEquals(0, test.gameIsEnded(true));&#13;&#10;&#9;&#9;assertEquals(0, test.gameIsEnded(false));&#13;&#10;&#13;&#10;&#9;&#9;constructWinCase(true);&#13;&#10;&#9;&#9;//test if the game registers that the human have won independent of whos turn it is&#13;&#10;&#9;&#9;assertEquals(1, test.gameIsEnded(true));&#13;&#10;&#9;&#9;assertEquals(1, test.gameIsEnded(false));&#13;&#10;&#9;&#9;&#13;&#10;&#9;&#9;constructWinCase(false);&#13;&#10;&#9;&#9;//test if the game registers that the robot have won independent of whos turn it is&#13;&#10;&#9;&#9;assertEquals(2, test.gameIsEnded(true));&#13;&#10;&#9;&#9;assertEquals(2, test.gameIsEnded(false));&#13;&#10;&#9;&#9;&#13;&#10;&#9;&#9;emptyBoard();&#13;&#10;&#9;&#9;&#13;&#10;&#9;&#9;//test if the game ended when it is a draw when it is humans turn&#13;&#10;&#9;&#9;//test if the game is not ended when it is the robots turn&#13;&#10;&#9;&#9;test.myBoard[4][5].setPieceOnField(producePiece('b',true));&#13;&#10;&#9;&#9;test.myBoard[6][7].setPieceOnField(producePiece('g',true));&#13;&#10;&#9;&#9;&#13;&#10;&#9;&#9;assertEquals(3, test.gameIsEnded(true));&#13;&#10;&#9;&#9;assertNotEquals(3, test.gameIsEnded(false));&#13;&#10;&#9;&#9;&#13;&#10;&#9;&#9;emptyBoard();&#13;&#10;&#9;&#9;&#13;&#10;&#9;&#9;//test if the game ended when it is a draw when it is robots turn&#13;&#10;&#9;&#9;//test if the game is not ended when it is the human turn&#13;&#10;&#9;&#9;test.myBoard[1][0].setPieceOnField(producePiece('b',true));&#13;&#10;&#9;&#9;test.myBoard[1][2].setPieceOnField(producePiece('g',true));&#13;&#10;&#9;&#9;&#13;&#10;&#9;&#9;assertEquals(3, test.gameIsEnded(false));&#13;&#10;&#9;&#9;assertNotEquals(3, test.gameIsEnded(true));&#13;&#10;&#9;&#9;&#13;&#10;&#9;&#9;resetBoard();&#13;&#10;&#9;}&#13;&#10;&#13;&#10;&#9;@Test&#13;&#10;&#9;public void testCheckForGameHasEnded() throws InterruptedException, IOException {&#13;&#10;&#9;&#9;&#13;&#10;&#9;&#9;//test if the games ends in the different scenarios&#13;&#10;&#9;&#9;assertFalse(test.checkForGameHasEnded(true));&#13;&#10;&#9;&#9;assertFalse(test.checkForGameHasEnded(false));&#13;&#10;&#9;&#9;&#13;&#10;&#9;&#9;constructWinCase(true);&#13;&#10;&#9;&#9;&#13;&#10;&#9;&#9;assertTrue(test.checkForGameHasEnded(true));&#13;&#10;&#9;&#9;assertTrue(test.checkForGameHasEnded(false));&#13;&#10;&#9;&#9;&#13;&#10;&#9;&#9;constructWinCase(false);&#13;&#10;&#9;&#9;&#13;&#10;&#9;&#9;assertTrue(test.checkForGameHasEnded(true));&#13;&#10;&#9;&#9;assertTrue(test.checkForGameHasEnded(false));&#13;&#10;&#9;&#9;&#13;&#10;&#9;&#9;emptyBoard();&#13;&#10;&#9;&#9;&#13;&#10;&#9;&#9;//draw case if humans turn&#13;&#10;&#9;&#9;test.myBoard[4][5].setPieceOnField(producePiece('b',true));&#13;&#10;&#9;&#9;test.myBoard[6][7].setPieceOnField(producePiece('g',true));&#13;&#10;&#9;&#9;&#13;&#10;&#9;&#9;assertTrue(test.checkForGameHasEnded(true));&#13;&#10;&#9;&#9;assertFalse(test.checkForGameHasEnded(false));&#13;&#10;&#9;&#9;&#13;&#10;&#9;&#9;emptyBoard();&#13;&#10;&#9;&#9;&#13;&#10;&#9;&#9;//draw case if robots turn&#13;&#10;&#9;&#9;test.myBoard[1][0].setPieceOnField(producePiece('b',true));&#13;&#10;&#9;&#9;test.myBoard[1][2].setPieceOnField(producePiece('g',true));&#13;&#10;&#9;&#9;&#13;&#10;&#9;&#9;assertTrue(test.checkForGameHasEnded(false));&#13;&#10;&#9;&#9;assertFalse(test.checkForGameHasEnded(true));&#13;&#10;&#9;&#9;&#13;&#10;&#9;&#9;resetBoard();&#13;&#10;&#9;}&#13;&#10;&#9;&#13;&#10;&#9;@Test&#13;&#10;&#9;public void testAnalyzeBoard() throws InterruptedException, IOException, NoKingLeft, IllegalMove{&#13;&#10;&#9;&#9;boolean testException = false;&#13;&#10;&#9;&#9;&#13;&#10;&#9;&#9;//test if analyzeboard works when moving a piece&#13;&#10;&#9;&#9;assertTrue(test.analyzeBoard());&#13;&#10;&#9;&#9;&#13;&#10;&#9;&#9;//production of an illegal move&#13;&#10;&#9;&#9;test.myBoard[3][4].setPieceOnField(producePiece('r',false));&#13;&#10;&#9;&#9;test.myBoard[2][5].setPieceOnField(producePiece('w',true));&#13;&#10;&#9;&#9;&#13;&#10;&#9;&#9;//test that analyzeBoard finds and reports the illegal move&#13;&#10;&#9;&#9;try {&#13;&#10;&#9;&#9;&#9;test.analyzeBoard();&#13;&#10;&#9;&#9;}&#13;&#10;&#9;&#9;catch (IllegalMove e) {&#13;&#10;&#9;&#9;&#9;testException = true;&#13;&#10;&#9;&#9;}&#13;&#10;&#9;&#9;&#13;&#10;&#9;&#9;assertTrue(testException);&#13;&#10;&#9;&#9;&#13;&#10;&#9;&#9;resetBoard();&#13;&#10;&#9;}&#13;&#10;&#9;&#13;&#10;&#9;//produces a field&#13;&#10;&#9;private Field produceField(int x, int y){&#13;&#10;&#9;&#9;Field temp = new Field();&#13;&#10;&#9;&#9;temp.x = x;&#13;&#10;&#9;&#9;temp.y = y;&#13;&#10;&#9;&#9;temp.allowedField = true;&#13;&#10;&#9;&#9;&#13;&#10;&#9;&#9;return temp;&#13;&#10;&#9;}&#13;&#10;&#13;&#10;&#9;@Test&#13;&#10;&#9;public void testMovePiece() throws NoKingLeft, IOException {&#13;&#10;&#9;&#9;Piece temp = test.myBoard[2][5].getPieceOnField();&#13;&#10;&#9;&#9;&#13;&#10;&#9;&#9;//test if the representation is updated probably&#13;&#10;&#9;&#9;test.movePiece(test.myBoard[2][5], test.myBoard[3][2]);&#13;&#10;&#13;&#10;&#9;&#9;assertEquals(temp, test.myBoard[3][2].getPieceOnField());&#13;&#10;&#9;&#9;assertNull(test.myBoard[2][5].getPieceOnField());&#13;&#10;&#9;&#9;&#13;&#10;&#9;&#9;test.movePiece(test.myBoard[1][2], produceField(8,8));&#13;&#10;&#9;&#9;&#13;&#10;&#9;&#9;assertNull(test.myBoard[1][2].getPieceOnField());&#13;&#10;&#9;}&#13;&#10;&#13;&#10;&#9;@Test&#13;&#10;&#9;public void testFieldOccupied() {&#13;&#10;&#9;&#9;//test to see whether this function return is occupied if the field has a piece or if it is outside the board&#13;&#10;&#9;&#9;assertTrue(test.fieldOccupied(1, 0));&#13;&#10;&#9;&#9;assertFalse(test.fieldOccupied(2, 3));&#13;&#10;&#9;&#9;assertTrue(test.fieldOccupied(9, 9));&#13;&#10;&#9;}&#13;&#10;&#9;&#13;&#10;&#9;//function to produce a list of fields which are used for testing check moveable function&#13;&#10;&#9;private List&lt;Field&gt; produceList(Field field, int direction){&#13;&#10;&#9;&#9;List&lt;Field&gt; result = new ArrayList&lt;Field&gt;();&#13;&#10;&#9;&#9;&#13;&#10;&#9;&#9;if(field.y +direction &lt;= 7 &amp;&amp; field.y +direction &gt;= 0){&#13;&#10;&#9;&#9;&#9;if(field.x == 0){&#13;&#10;&#9;&#9;&#9;&#9;result.add(test.myBoard[field.x+1][field.y+direction]);&#13;&#10;&#9;&#9;&#9;}&#13;&#10;&#9;&#9;&#9;else if(field.x == 7){&#13;&#10;&#9;&#9;&#9;&#9;result.add(test.myBoard[field.x-1][field.y+direction]);&#13;&#10;&#9;&#9;&#9;}&#13;&#10;&#9;&#9;&#9;else{&#13;&#10;&#9;&#9;&#9;&#9;result.add(test.myBoard[field.x-1][field.y+direction]);&#13;&#10;&#9;&#9;&#9;&#9;result.add(test.myBoard[field.x+1][field.y+direction]);&#13;&#10;&#9;&#9;&#9;}&#13;&#10;&#9;&#9;}&#13;&#10;&#9;&#9;&#13;&#10;&#9;&#9;return result;&#13;&#10;&#9;}&#9;&#13;&#10;&#9;&#13;&#10;&#9;@Test&#13;&#10;&#9;public void testCheckMoveable() throws InterruptedException, IOException {&#13;&#10;&#9;&#9;//test whether this function results lists corresponding the to the valid moves&#13;&#10;&#9;&#9;List&lt;Field&gt; tempList = produceList(test.myBoard[2][5],-1);&#13;&#10;&#9;&#9;&#13;&#10;&#9;&#9;assertEquals(test.checkMoveable(test.myBoard[2][5], -1),tempList);&#13;&#10;&#9;&#9;&#13;&#10;&#9;&#9;test.myBoard[2][5].getPieceOnField().isCrowned = true;&#13;&#10;&#9;&#9;&#13;&#10;&#9;&#9;assertEquals(test.checkMoveable(test.myBoard[2][5], -1),tempList);&#13;&#10;&#9;&#9;&#13;&#10;&#9;&#9;tempList = produceList(test.myBoard[0][5],-1);&#13;&#10;&#9;&#9;&#13;&#10;&#9;&#9;assertEquals(test.checkMoveable(test.myBoard[0][5], -1),tempList);&#13;&#10;&#9;&#9;&#13;&#10;&#9;&#9;tempList = produceList(test.myBoard[7][2],1);&#13;&#10;&#9;&#9;&#13;&#10;&#9;&#9;assertEquals(test.checkMoveable(test.myBoard[7][2], 1),tempList);&#13;&#10;&#9;&#9;&#13;&#10;&#9;&#9;test.myBoard[7][2].getPieceOnField().isCrowned = true;&#13;&#10;&#9;&#9;&#13;&#10;&#9;&#9;assertEquals(test.checkMoveable(test.myBoard[7][2], 1),tempList);&#13;&#10;&#9;&#9;&#13;&#10;&#9;&#9;resetBoard();&#13;&#10;&#9;}&#13;&#10;&#9;&#13;&#10;&#9;//function for creating a piece&#13;&#10;&#9;private Piece producePiece(char color, boolean upgrade){&#13;&#10;&#9;&#9;Piece temp = new Piece();&#13;&#10;&#9;&#9;temp.color = color;&#13;&#10;&#9;&#9;&#13;&#10;&#9;&#9;if(upgrade){&#13;&#10;&#9;&#9;&#9;temp.isMoveable = true;&#13;&#10;&#9;&#9;&#9;temp.isCrowned = true;&#13;&#10;&#9;&#9;}&#13;&#10;&#9;&#9;&#13;&#10;&#9;&#9;return temp;&#13;&#10;&#9;}&#13;&#10;&#9;&#13;&#10;&#9;@Test&#13;&#10;&#9;public void testCheckJumpDirection() throws InterruptedException, IOException {&#13;&#10;&#9;&#9;//test if this function returns the fields allowed for a piece to jump too&#13;&#10;&#9;&#9;test.myBoard[3][4].setPieceOnField(producePiece('r',false));&#13;&#10;&#9;&#9;&#13;&#10;&#9;&#9;assertEquals(test.checkJumpDirection(test.myBoard[4][5], -1, -1, false), test.myBoard[2][3]);&#13;&#10;&#9;&#9;assertNull(test.checkJumpDirection(test.myBoard[4][5], 1, -1, false));&#13;&#10;&#9;&#9;&#13;&#10;&#9;&#9;test.myBoard[3][4].getPieceOnField().isCrowned = true;&#13;&#10;&#9;&#9;test.myBoard[4][3].setPieceOnField(producePiece('w',false));&#13;&#10;&#9;&#9;test.myBoard[5][2].emptyThisField();&#13;&#10;&#9;&#9;&#13;&#10;&#9;&#9;assertEquals(test.checkJumpDirection(test.myBoard[3][4], 1, -1, true), test.myBoard[5][2]);&#13;&#10;&#9;&#9;assertNull(test.checkJumpDirection(test.myBoard[3][4], -1, -1, true));&#13;&#10;&#9;&#9;&#13;&#10;&#9;&#9;resetBoard();&#13;&#10;&#9;}&#13;&#10;&#13;&#10;&#9;@Test&#13;&#10;&#9;//Test not that valid for the real GetColor function&#13;&#10;&#9;public void testGetColor() {&#13;&#10;&#9;&#9;assertEquals(test.myBoard[1][0].getPieceOnField().color, test.getColor(1, 0));&#13;&#10;&#9;&#9;assertEquals(' ',test.getColor(0, 3));&#13;&#10;&#9;&#9;assertEquals('w',test.getColor(1,4));&#13;&#10;&#9;}&#13;&#10;&#13;&#10;&#9;@Test&#13;&#10;&#9;public void testCheckAllegiance() {&#13;&#10;&#9;&#9;//Test for humans pieces&#13;&#10;&#9;&#9;assertTrue(test.checkAllegiance(test.myBoard[4][5], true));&#13;&#10;&#9;&#9;assertFalse(test.checkAllegiance(test.myBoard[4][5], false));&#13;&#10;&#9;&#9;&#13;&#10;&#9;&#9;//Test for robots pieces&#13;&#10;&#9;&#9;assertTrue(test.checkAllegiance(test.myBoard[2][1], false));&#13;&#10;&#9;&#9;assertFalse(test.checkAllegiance(test.myBoard[2][1], true));&#13;&#10;&#9;&#9;&#13;&#10;&#9;&#9;Field checkField = produceField(9,9);&#13;&#10;&#9;&#9;&#13;&#10;&#9;&#9;//Test for out for bounds&#13;&#10;&#9;&#9;assertFalse(test.checkAllegiance(checkField,true));&#13;&#10;&#9;&#9;assertFalse(test.checkAllegiance(checkField,false));&#13;&#10;&#9;}&#13;&#10;&#13;&#10;}&#13;&#10;" Filename="BoardTest.java" Intrnl_Id="1"/>
</SrcFileList>
<CritList>
<CritListEntry Name="org.codecover.model.utils.criteria.LoopCoverage" PluginName="org.codecover"/>
<CritListEntry Name="org.codecover.model.utils.criteria.BranchCoverage" PluginName="org.codecover"/>
<CritListEntry Name="org.codecover.model.utils.criteria.ConditionCoverage" PluginName="org.codecover"/>
<CritListEntry Name="org.codecover.model.utils.criteria.StatementCoverage" PluginName="org.codecover"/>
</CritList>
<BoolOpList>
<BoolOp Arity="2" Intrnl_Id="2" Name="conditional and (&amp;&amp;)">
<BoolAssgnmntBoolMapList>
<MapEntry BoolAssgnmnt="10" Value="false"/>
<MapEntry BoolAssgnmnt="02" Value="false"/>
<MapEntry BoolAssgnmnt="11" Value="true"/>
</BoolAssgnmntBoolMapList>
</BoolOp>
</BoolOpList>
<HierarchyLvlTypeList>
<HierarchyLvlType EnglishName="package" IntrnlName="package" Intrnl_Id="3"/>
<HierarchyLvlType EnglishName="class" IntrnlName="class" Intrnl_Id="4"/>
<HierarchyLvlType EnglishName="method" IntrnlName="method" Intrnl_Id="5"/>
<HierarchyLvlType EnglishName="default package" IntrnlName="default package" Intrnl_Id="6"/>
</HierarchyLvlTypeList>
<MASTRoot>
<HierarchyLvl HierarchyLvlId="120" HierarchyLvlTypeId="6" Intrnl_Id="7" Name="default package">
<Header/>
<LocList/>
<HierarchyLvl HierarchyLvlId="119" HierarchyLvlTypeId="3" Intrnl_Id="8" Name="com">
<Header/>
<LocList/>
<HierarchyLvl HierarchyLvlId="118" HierarchyLvlTypeId="3" Intrnl_Id="9" Name="Testing">
<Header/>
<LocList/>
<HierarchyLvl HierarchyLvlId="117" HierarchyLvlTypeId="4" Intrnl_Id="10" Name="BoardTest">
<Header>
<Loc EndOffset="398" SrcFileId="1" StartOffset="376"/>
</Header>
<LocList>
<Loc EndOffset="10153" SrcFileId="1" StartOffset="376"/>
</LocList>
<StmntSeq Intrnl_Id="11">
<LocList>
<Loc EndOffset="428" SrcFileId="1" StartOffset="403"/>
</LocList>
<BasicStmnt CovItemId="S1" CovItemPrefix="com.Testing.BoardTest.java" Intrnl_Id="12">
<LocList>
<Loc EndOffset="428" SrcFileId="1" StartOffset="403"/>
</LocList>
</BasicStmnt>
</StmntSeq>
<HierarchyLvl HierarchyLvlId="101" HierarchyLvlTypeId="5" Intrnl_Id="13" Name="testBoard">
<Header>
<Loc EndOffset="504" SrcFileId="1" StartOffset="431"/>
</Header>
<LocList>
<Loc EndOffset="1931" SrcFileId="1" StartOffset="431"/>
</LocList>
<StmntSeq Intrnl_Id="14">
<LocList>
<Loc EndOffset="1927" SrcFileId="1" StartOffset="509"/>
</LocList>
<LoopStmnt CovItemId="S2" CovItemPrefix="com.Testing.BoardTest.java" Intrnl_Id="15" MltplExecId="L1-2" MltplExecPrefix="com.Testing.BoardTest.java" NvrExecId="L1-0" NvrExecPrefix="com.Testing.BoardTest.java" OnceExecutedId="L1-1" OnceExecutedPrefix="com.Testing.BoardTest.java" OptBodyExec="true">
<StmntSeq Intrnl_Id="16">
<LocList>
<Loc EndOffset="1922" SrcFileId="1" StartOffset="541"/>
</LocList>
<LoopStmnt CovItemId="S3" CovItemPrefix="com.Testing.BoardTest.java" Intrnl_Id="17" MltplExecId="L2-2" MltplExecPrefix="com.Testing.BoardTest.java" NvrExecId="L2-0" NvrExecPrefix="com.Testing.BoardTest.java" OnceExecutedId="L2-1" OnceExecutedPrefix="com.Testing.BoardTest.java" OptBodyExec="true">
<StmntSeq Intrnl_Id="18">
<LocList>
<Loc EndOffset="606" SrcFileId="1" StartOffset="574"/>
<Loc EndOffset="1916" SrcFileId="1" StartOffset="612"/>
</LocList>
<BasicStmnt CovItemId="S4" CovItemPrefix="com.Testing.BoardTest.java" Intrnl_Id="19">
<LocList>
<Loc EndOffset="606" SrcFileId="1" StartOffset="574"/>
</LocList>
</BasicStmnt>
<CondStmnt CovItemId="S5" CovItemPrefix="com.Testing.BoardTest.java" Intrnl_Id="20">
<Branch CovItemId="B1" CovItemPrefix="com.Testing.BoardTest.java" Implct="false" Intrnl_Id="21">
<Cond/>
<LocList>
<Loc EndOffset="1786" SrcFileId="1" StartOffset="634"/>
</LocList>
<StmntSeq Intrnl_Id="22">
<LocList>
<Loc EndOffset="666" SrcFileId="1" StartOffset="642"/>
<Loc EndOffset="697" SrcFileId="1" StartOffset="673"/>
<Loc EndOffset="734" SrcFileId="1" StartOffset="704"/>
<Loc EndOffset="1254" SrcFileId="1" StartOffset="816"/>
<Loc EndOffset="1693" SrcFileId="1" StartOffset="1315"/>
<Loc EndOffset="1779" SrcFileId="1" StartOffset="1707"/>
</LocList>
<BasicStmnt CovItemId="S6" CovItemPrefix="com.Testing.BoardTest.java" Intrnl_Id="23">
<LocList>
<Loc EndOffset="666" SrcFileId="1" StartOffset="642"/>
</LocList>
</BasicStmnt>
<BasicStmnt CovItemId="S7" CovItemPrefix="com.Testing.BoardTest.java" Intrnl_Id="24">
<LocList>
<Loc EndOffset="697" SrcFileId="1" StartOffset="673"/>
</LocList>
</BasicStmnt>
<BasicStmnt CovItemId="S8" CovItemPrefix="com.Testing.BoardTest.java" Intrnl_Id="25">
<LocList>
<Loc EndOffset="734" SrcFileId="1" StartOffset="704"/>
</LocList>
</BasicStmnt>
<CondStmnt CovItemId="S9" CovItemPrefix="com.Testing.BoardTest.java" Intrnl_Id="26">
<Branch CovItemId="B3" CovItemPrefix="com.Testing.BoardTest.java" Implct="false" Intrnl_Id="27">
<Cond/>
<LocList>
<Loc EndOffset="1254" SrcFileId="1" StartOffset="832"/>
</LocList>
<StmntSeq Intrnl_Id="28">
<LocList>
<Loc EndOffset="879" SrcFileId="1" StartOffset="841"/>
<Loc EndOffset="929" SrcFileId="1" StartOffset="887"/>
<Loc EndOffset="979" SrcFileId="1" StartOffset="937"/>
<Loc EndOffset="1034" SrcFileId="1" StartOffset="987"/>
<Loc EndOffset="1246" SrcFileId="1" StartOffset="1044"/>
</LocList>
<BasicStmnt CovItemId="S10" CovItemPrefix="com.Testing.BoardTest.java" Intrnl_Id="29">
<LocList>
<Loc EndOffset="879" SrcFileId="1" StartOffset="841"/>
</LocList>
</BasicStmnt>
<BasicStmnt CovItemId="S11" CovItemPrefix="com.Testing.BoardTest.java" Intrnl_Id="30">
<LocList>
<Loc EndOffset="929" SrcFileId="1" StartOffset="887"/>
</LocList>
</BasicStmnt>
<BasicStmnt CovItemId="S12" CovItemPrefix="com.Testing.BoardTest.java" Intrnl_Id="31">
<LocList>
<Loc EndOffset="979" SrcFileId="1" StartOffset="937"/>
</LocList>
</BasicStmnt>
<BasicStmnt CovItemId="S13" CovItemPrefix="com.Testing.BoardTest.java" Intrnl_Id="32">
<LocList>
<Loc EndOffset="1034" SrcFileId="1" StartOffset="987"/>
</LocList>
</BasicStmnt>
<CondStmnt CovItemId="S14" CovItemPrefix="com.Testing.BoardTest.java" Intrnl_Id="33">
<Branch CovItemId="B5" CovItemPrefix="com.Testing.BoardTest.java" Implct="false" Intrnl_Id="34">
<Cond/>
<LocList>
<Loc EndOffset="1246" SrcFileId="1" StartOffset="1062"/>
</LocList>
<StmntSeq Intrnl_Id="35">
<LocList>
<Loc EndOffset="1182" SrcFileId="1" StartOffset="1136"/>
<Loc EndOffset="1237" SrcFileId="1" StartOffset="1191"/>
</LocList>
<BasicStmnt CovItemId="S15" CovItemPrefix="com.Testing.BoardTest.java" Intrnl_Id="36">
<LocList>
<Loc EndOffset="1182" SrcFileId="1" StartOffset="1136"/>
</LocList>
</BasicStmnt>
<BasicStmnt CovItemId="S16" CovItemPrefix="com.Testing.BoardTest.java" Intrnl_Id="37">
<LocList>
<Loc EndOffset="1237" SrcFileId="1" StartOffset="1191"/>
</LocList>
</BasicStmnt>
</StmntSeq>
</Branch>
<Branch CovItemId="B6" CovItemPrefix="com.Testing.BoardTest.java" Implct="true" Intrnl_Id="38">
<Cond/>
<LocList/>
<StmntSeq Intrnl_Id="39">
<LocList/>
</StmntSeq>
</Branch>
<Keyword EndOffset="1046" SrcFileId="1" StartOffset="1044"/>
<LocList>
<Loc EndOffset="1246" SrcFileId="1" StartOffset="1044"/>
</LocList>
<RootTerm CovItemId="C5" CovItemPrefix="com.Testing.BoardTest.java" Intrnl_Id="40">
<BasicBoolTerm Intrnl_Id="41">
<LocList>
<Loc EndOffset="1053" SrcFileId="1" StartOffset="1047"/>
</LocList>
</BasicBoolTerm>
</RootTerm>
</CondStmnt>
</StmntSeq>
</Branch>
<Branch CovItemId="B4" CovItemPrefix="com.Testing.BoardTest.java" Implct="true" Intrnl_Id="42">
<Cond/>
<LocList/>
<StmntSeq Intrnl_Id="43">
<LocList/>
</StmntSeq>
</Branch>
<Keyword EndOffset="818" SrcFileId="1" StartOffset="816"/>
<LocList>
<Loc EndOffset="1254" SrcFileId="1" StartOffset="816"/>
</LocList>
<RootTerm CovItemId="C4" CovItemPrefix="com.Testing.BoardTest.java" Intrnl_Id="44">
<BasicBoolTerm Intrnl_Id="45">
<LocList>
<Loc EndOffset="824" SrcFileId="1" StartOffset="819"/>
</LocList>
</BasicBoolTerm>
</RootTerm>
</CondStmnt>
<CondStmnt CovItemId="S17" CovItemPrefix="com.Testing.BoardTest.java" Intrnl_Id="46">
<Branch CovItemId="B7" CovItemPrefix="com.Testing.BoardTest.java" Implct="false" Intrnl_Id="47">
<Cond/>
<LocList>
<Loc EndOffset="1693" SrcFileId="1" StartOffset="1331"/>
</LocList>
<StmntSeq Intrnl_Id="48">
<LocList>
<Loc EndOffset="1378" SrcFileId="1" StartOffset="1340"/>
<Loc EndOffset="1428" SrcFileId="1" StartOffset="1386"/>
<Loc EndOffset="1478" SrcFileId="1" StartOffset="1436"/>
<Loc EndOffset="1533" SrcFileId="1" StartOffset="1486"/>
<Loc EndOffset="1685" SrcFileId="1" StartOffset="1549"/>
</LocList>
<BasicStmnt CovItemId="S18" CovItemPrefix="com.Testing.BoardTest.java" Intrnl_Id="49">
<LocList>
<Loc EndOffset="1378" SrcFileId="1" StartOffset="1340"/>
</LocList>
</BasicStmnt>
<BasicStmnt CovItemId="S19" CovItemPrefix="com.Testing.BoardTest.java" Intrnl_Id="50">
<LocList>
<Loc EndOffset="1428" SrcFileId="1" StartOffset="1386"/>
</LocList>
</BasicStmnt>
<BasicStmnt CovItemId="S20" CovItemPrefix="com.Testing.BoardTest.java" Intrnl_Id="51">
<LocList>
<Loc EndOffset="1478" SrcFileId="1" StartOffset="1436"/>
</LocList>
</BasicStmnt>
<BasicStmnt CovItemId="S21" CovItemPrefix="com.Testing.BoardTest.java" Intrnl_Id="52">
<LocList>
<Loc EndOffset="1533" SrcFileId="1" StartOffset="1486"/>
</LocList>
</BasicStmnt>
<CondStmnt CovItemId="S22" CovItemPrefix="com.Testing.BoardTest.java" Intrnl_Id="53">
<Branch CovItemId="B9" CovItemPrefix="com.Testing.BoardTest.java" Implct="false" Intrnl_Id="54">
<Cond/>
<LocList>
<Loc EndOffset="1685" SrcFileId="1" StartOffset="1565"/>
</LocList>
<StmntSeq Intrnl_Id="55">
<LocList>
<Loc EndOffset="1621" SrcFileId="1" StartOffset="1575"/>
<Loc EndOffset="1676" SrcFileId="1" StartOffset="1630"/>
</LocList>
<BasicStmnt CovItemId="S23" CovItemPrefix="com.Testing.BoardTest.java" Intrnl_Id="56">
<LocList>
<Loc EndOffset="1621" SrcFileId="1" StartOffset="1575"/>
</LocList>
</BasicStmnt>
<BasicStmnt CovItemId="S24" CovItemPrefix="com.Testing.BoardTest.java" Intrnl_Id="57">
<LocList>
<Loc EndOffset="1676" SrcFileId="1" StartOffset="1630"/>
</LocList>
</BasicStmnt>
</StmntSeq>
</Branch>
<Branch CovItemId="B10" CovItemPrefix="com.Testing.BoardTest.java" Implct="true" Intrnl_Id="58">
<Cond/>
<LocList/>
<StmntSeq Intrnl_Id="59">
<LocList/>
</StmntSeq>
</Branch>
<Keyword EndOffset="1551" SrcFileId="1" StartOffset="1549"/>
<LocList>
<Loc EndOffset="1685" SrcFileId="1" StartOffset="1549"/>
</LocList>
<RootTerm CovItemId="C7" CovItemPrefix="com.Testing.BoardTest.java" Intrnl_Id="60">
<BasicBoolTerm Intrnl_Id="61">
<LocList>
<Loc EndOffset="1556" SrcFileId="1" StartOffset="1552"/>
</LocList>
</BasicBoolTerm>
</RootTerm>
</CondStmnt>
</StmntSeq>
</Branch>
<Branch CovItemId="B8" CovItemPrefix="com.Testing.BoardTest.java" Implct="true" Intrnl_Id="62">
<Cond/>
<LocList/>
<StmntSeq Intrnl_Id="63">
<LocList/>
</StmntSeq>
</Branch>
<Keyword EndOffset="1317" SrcFileId="1" StartOffset="1315"/>
<LocList>
<Loc EndOffset="1693" SrcFileId="1" StartOffset="1315"/>
</LocList>
<RootTerm CovItemId="C6" CovItemPrefix="com.Testing.BoardTest.java" Intrnl_Id="64">
<BasicBoolTerm Intrnl_Id="65">
<LocList>
<Loc EndOffset="1323" SrcFileId="1" StartOffset="1318"/>
</LocList>
</BasicBoolTerm>
</RootTerm>
</CondStmnt>
<CondStmnt CovItemId="S25" CovItemPrefix="com.Testing.BoardTest.java" Intrnl_Id="66">
<Branch CovItemId="B11" CovItemPrefix="com.Testing.BoardTest.java" Implct="false" Intrnl_Id="67">
<Cond/>
<LocList>
<Loc EndOffset="1779" SrcFileId="1" StartOffset="1727"/>
</LocList>
<StmntSeq Intrnl_Id="68">
<LocList>
<Loc EndOffset="1771" SrcFileId="1" StartOffset="1736"/>
</LocList>
<BasicStmnt CovItemId="S26" CovItemPrefix="com.Testing.BoardTest.java" Intrnl_Id="69">
<LocList>
<Loc EndOffset="1771" SrcFileId="1" StartOffset="1736"/>
</LocList>
</BasicStmnt>
</StmntSeq>
</Branch>
<Branch CovItemId="B12" CovItemPrefix="com.Testing.BoardTest.java" Implct="true" Intrnl_Id="70">
<Cond/>
<LocList/>
<StmntSeq Intrnl_Id="71">
<LocList/>
</StmntSeq>
</Branch>
<Keyword EndOffset="1709" SrcFileId="1" StartOffset="1707"/>
<LocList>
<Loc EndOffset="1779" SrcFileId="1" StartOffset="1707"/>
</LocList>
<RootTerm CovItemId="C8" CovItemPrefix="com.Testing.BoardTest.java" Intrnl_Id="72">
<OpTerm BooleanOpId="2" Intrnl_Id="73">
<BasicBoolTerm Intrnl_Id="74">
<LocList>
<Loc EndOffset="1716" SrcFileId="1" StartOffset="1710"/>
</LocList>
</BasicBoolTerm>
<BasicBoolTerm Intrnl_Id="75">
<LocList>
<Loc EndOffset="1726" SrcFileId="1" StartOffset="1720"/>
</LocList>
</BasicBoolTerm>
<LocList>
<Loc EndOffset="1719" SrcFileId="1" StartOffset="1717"/>
</LocList>
</OpTerm>
</RootTerm>
</CondStmnt>
</StmntSeq>
</Branch>
<Branch CovItemId="B2" CovItemPrefix="com.Testing.BoardTest.java" Implct="false" Intrnl_Id="76">
<Cond>
<Loc EndOffset="1796" SrcFileId="1" StartOffset="1792"/>
</Cond>
<LocList>
<Loc EndOffset="1916" SrcFileId="1" StartOffset="1802"/>
</LocList>
<StmntSeq Intrnl_Id="77">
<LocList>
<Loc EndOffset="1909" SrcFileId="1" StartOffset="1878"/>
</LocList>
<BasicStmnt CovItemId="S27" CovItemPrefix="com.Testing.BoardTest.java" Intrnl_Id="78">
<LocList>
<Loc EndOffset="1909" SrcFileId="1" StartOffset="1878"/>
</LocList>
</BasicStmnt>
</StmntSeq>
</Branch>
<Keyword EndOffset="614" SrcFileId="1" StartOffset="612"/>
<LocList>
<Loc EndOffset="1916" SrcFileId="1" StartOffset="612"/>
</LocList>
<RootTerm CovItemId="C3" CovItemPrefix="com.Testing.BoardTest.java" Intrnl_Id="79">
<BasicBoolTerm Intrnl_Id="80">
<LocList>
<Loc EndOffset="627" SrcFileId="1" StartOffset="615"/>
</LocList>
</BasicBoolTerm>
</RootTerm>
</CondStmnt>
</StmntSeq>
<Keyword EndOffset="544" SrcFileId="1" StartOffset="541"/>
<LocList>
<Loc EndOffset="1922" SrcFileId="1" StartOffset="541"/>
</LocList>
<RootTerm CovItemId="C2" CovItemPrefix="com.Testing.BoardTest.java" Intrnl_Id="81">
<BasicBoolTerm Intrnl_Id="82">
<LocList>
<Loc EndOffset="561" SrcFileId="1" StartOffset="556"/>
</LocList>
</BasicBoolTerm>
</RootTerm>
</LoopStmnt>
</StmntSeq>
<Keyword EndOffset="512" SrcFileId="1" StartOffset="509"/>
<LocList>
<Loc EndOffset="1927" SrcFileId="1" StartOffset="509"/>
</LocList>
<RootTerm CovItemId="C1" CovItemPrefix="com.Testing.BoardTest.java" Intrnl_Id="83">
<BasicBoolTerm Intrnl_Id="84">
<LocList>
<Loc EndOffset="529" SrcFileId="1" StartOffset="524"/>
</LocList>
</BasicBoolTerm>
</RootTerm>
</LoopStmnt>
</StmntSeq>
</HierarchyLvl>
<HierarchyLvl HierarchyLvlId="102" HierarchyLvlTypeId="5" Intrnl_Id="85" Name="resetBoard">
<Header>
<Loc EndOffset="2003" SrcFileId="1" StartOffset="1937"/>
</Header>
<LocList>
<Loc EndOffset="2031" SrcFileId="1" StartOffset="1937"/>
</LocList>
<StmntSeq Intrnl_Id="86">
<LocList>
<Loc EndOffset="2027" SrcFileId="1" StartOffset="2008"/>
</LocList>
<BasicStmnt CovItemId="S28" CovItemPrefix="com.Testing.BoardTest.java" Intrnl_Id="87">
<LocList>
<Loc EndOffset="2027" SrcFileId="1" StartOffset="2008"/>
</LocList>
</BasicStmnt>
</StmntSeq>
</HierarchyLvl>
<HierarchyLvl HierarchyLvlId="103" HierarchyLvlTypeId="5" Intrnl_Id="88" Name="constructWinCase">
<Header>
<Loc EndOffset="2152" SrcFileId="1" StartOffset="2107"/>
</Header>
<LocList>
<Loc EndOffset="2547" SrcFileId="1" StartOffset="2107"/>
</LocList>
<StmntSeq Intrnl_Id="89">
<LocList>
<Loc EndOffset="2543" SrcFileId="1" StartOffset="2157"/>
</LocList>
<LoopStmnt CovItemId="S29" CovItemPrefix="com.Testing.BoardTest.java" Intrnl_Id="90" MltplExecId="L3-2" MltplExecPrefix="com.Testing.BoardTest.java" NvrExecId="L3-0" NvrExecPrefix="com.Testing.BoardTest.java" OnceExecutedId="L3-1" OnceExecutedPrefix="com.Testing.BoardTest.java" OptBodyExec="true">
<StmntSeq Intrnl_Id="91">
<LocList>
<Loc EndOffset="2538" SrcFileId="1" StartOffset="2192"/>
</LocList>
<LoopStmnt CovItemId="S30" CovItemPrefix="com.Testing.BoardTest.java" Intrnl_Id="92" MltplExecId="L4-2" MltplExecPrefix="com.Testing.BoardTest.java" NvrExecId="L4-0" NvrExecPrefix="com.Testing.BoardTest.java" OnceExecutedId="L4-1" OnceExecutedPrefix="com.Testing.BoardTest.java" OptBodyExec="true">
<StmntSeq Intrnl_Id="93">
<LocList>
<Loc EndOffset="2532" SrcFileId="1" StartOffset="2215"/>
</LocList>
<CondStmnt CovItemId="S31" CovItemPrefix="com.Testing.BoardTest.java" Intrnl_Id="94">
<Branch CovItemId="B13" CovItemPrefix="com.Testing.BoardTest.java" Implct="false" Intrnl_Id="95">
<Cond/>
<LocList>
<Loc EndOffset="2532" SrcFileId="1" StartOffset="2246"/>
</LocList>
<StmntSeq Intrnl_Id="96">
<LocList>
<Loc EndOffset="2525" SrcFileId="1" StartOffset="2254"/>
</LocList>
<CondStmnt CovItemId="S32" CovItemPrefix="com.Testing.BoardTest.java" Intrnl_Id="97">
<Branch CovItemId="B15" CovItemPrefix="com.Testing.BoardTest.java" Implct="false" Intrnl_Id="98">
<Cond/>
<LocList>
<Loc EndOffset="2389" SrcFileId="1" StartOffset="2264"/>
</LocList>
<StmntSeq Intrnl_Id="99">
<LocList>
<Loc EndOffset="2381" SrcFileId="1" StartOffset="2273"/>
</LocList>
<CondStmnt CovItemId="S33" CovItemPrefix="com.Testing.BoardTest.java" Intrnl_Id="100">
<Branch CovItemId="B17" CovItemPrefix="com.Testing.BoardTest.java" Implct="false" Intrnl_Id="101">
<Cond/>
<LocList>
<Loc EndOffset="2381" SrcFileId="1" StartOffset="2309"/>
</LocList>
<StmntSeq Intrnl_Id="102">
<LocList>
<Loc EndOffset="2372" SrcFileId="1" StartOffset="2319"/>
</LocList>
<BasicStmnt CovItemId="S34" CovItemPrefix="com.Testing.BoardTest.java" Intrnl_Id="103">
<LocList>
<Loc EndOffset="2372" SrcFileId="1" StartOffset="2319"/>
</LocList>
</BasicStmnt>
</StmntSeq>
</Branch>
<Branch CovItemId="B18" CovItemPrefix="com.Testing.BoardTest.java" Implct="true" Intrnl_Id="104">
<Cond/>
<LocList/>
<StmntSeq Intrnl_Id="105">
<LocList/>
</StmntSeq>
</Branch>
<Keyword EndOffset="2275" SrcFileId="1" StartOffset="2273"/>
<LocList>
<Loc EndOffset="2381" SrcFileId="1" StartOffset="2273"/>
</LocList>
<RootTerm CovItemId="C11" CovItemPrefix="com.Testing.BoardTest.java" Intrnl_Id="106">
<BasicBoolTerm Intrnl_Id="107">
<LocList>
<Loc EndOffset="2308" SrcFileId="1" StartOffset="2276"/>
</LocList>
</BasicBoolTerm>
</RootTerm>
</CondStmnt>
</StmntSeq>
</Branch>
<Branch CovItemId="B16" CovItemPrefix="com.Testing.BoardTest.java" Implct="false" Intrnl_Id="108">
<Cond>
<Loc EndOffset="2400" SrcFileId="1" StartOffset="2396"/>
</Cond>
<LocList>
<Loc EndOffset="2525" SrcFileId="1" StartOffset="2400"/>
</LocList>
<StmntSeq Intrnl_Id="109">
<LocList>
<Loc EndOffset="2517" SrcFileId="1" StartOffset="2409"/>
</LocList>
<CondStmnt CovItemId="S35" CovItemPrefix="com.Testing.BoardTest.java" Intrnl_Id="110">
<Branch CovItemId="B19" CovItemPrefix="com.Testing.BoardTest.java" Implct="false" Intrnl_Id="111">
<Cond/>
<LocList>
<Loc EndOffset="2517" SrcFileId="1" StartOffset="2445"/>
</LocList>
<StmntSeq Intrnl_Id="112">
<LocList>
<Loc EndOffset="2508" SrcFileId="1" StartOffset="2455"/>
</LocList>
<BasicStmnt CovItemId="S36" CovItemPrefix="com.Testing.BoardTest.java" Intrnl_Id="113">
<LocList>
<Loc EndOffset="2508" SrcFileId="1" StartOffset="2455"/>
</LocList>
</BasicStmnt>
</StmntSeq>
</Branch>
<Branch CovItemId="B20" CovItemPrefix="com.Testing.BoardTest.java" Implct="true" Intrnl_Id="114">
<Cond/>
<LocList/>
<StmntSeq Intrnl_Id="115">
<LocList/>
</StmntSeq>
</Branch>
<Keyword EndOffset="2411" SrcFileId="1" StartOffset="2409"/>
<LocList>
<Loc EndOffset="2517" SrcFileId="1" StartOffset="2409"/>
</LocList>
<RootTerm CovItemId="C12" CovItemPrefix="com.Testing.BoardTest.java" Intrnl_Id="116">
<BasicBoolTerm Intrnl_Id="117">
<LocList>
<Loc EndOffset="2444" SrcFileId="1" StartOffset="2412"/>
</LocList>
</BasicBoolTerm>
</RootTerm>
</CondStmnt>
</StmntSeq>
</Branch>
<Keyword EndOffset="2256" SrcFileId="1" StartOffset="2254"/>
<LocList>
<Loc EndOffset="2525" SrcFileId="1" StartOffset="2254"/>
</LocList>
<RootTerm CovItemId="C10" CovItemPrefix="com.Testing.BoardTest.java" Intrnl_Id="118">
<BasicBoolTerm Intrnl_Id="119">
<LocList>
<Loc EndOffset="2263" SrcFileId="1" StartOffset="2257"/>
</LocList>
</BasicBoolTerm>
</RootTerm>
</CondStmnt>
</StmntSeq>
</Branch>
<Branch CovItemId="B14" CovItemPrefix="com.Testing.BoardTest.java" Implct="true" Intrnl_Id="120">
<Cond/>
<LocList/>
<StmntSeq Intrnl_Id="121">
<LocList/>
</StmntSeq>
</Branch>
<Keyword EndOffset="2217" SrcFileId="1" StartOffset="2215"/>
<LocList>
<Loc EndOffset="2532" SrcFileId="1" StartOffset="2215"/>
</LocList>
<RootTerm CovItemId="C9" CovItemPrefix="com.Testing.BoardTest.java" Intrnl_Id="122">
<BasicBoolTerm Intrnl_Id="123">
<LocList>
<Loc EndOffset="2245" SrcFileId="1" StartOffset="2218"/>
</LocList>
</BasicBoolTerm>
</RootTerm>
</CondStmnt>
</StmntSeq>
<Keyword EndOffset="2195" SrcFileId="1" StartOffset="2192"/>
<LocList>
<Loc EndOffset="2538" SrcFileId="1" StartOffset="2192"/>
</LocList>
</LoopStmnt>
</StmntSeq>
<Keyword EndOffset="2160" SrcFileId="1" StartOffset="2157"/>
<LocList>
<Loc EndOffset="2543" SrcFileId="1" StartOffset="2157"/>
</LocList>
</LoopStmnt>
</StmntSeq>
</HierarchyLvl>
<HierarchyLvl HierarchyLvlId="104" HierarchyLvlTypeId="5" Intrnl_Id="124" Name="emptyBoard">
<Header>
<Loc EndOffset="2614" SrcFileId="1" StartOffset="2589"/>
</Header>
<LocList>
<Loc EndOffset="2713" SrcFileId="1" StartOffset="2589"/>
</LocList>
<StmntSeq Intrnl_Id="125">
<LocList>
<Loc EndOffset="2709" SrcFileId="1" StartOffset="2619"/>
</LocList>
<LoopStmnt CovItemId="S37" CovItemPrefix="com.Testing.BoardTest.java" Intrnl_Id="126" MltplExecId="L5-2" MltplExecPrefix="com.Testing.BoardTest.java" NvrExecId="L5-0" NvrExecPrefix="com.Testing.BoardTest.java" OnceExecutedId="L5-1" OnceExecutedPrefix="com.Testing.BoardTest.java" OptBodyExec="true">
<StmntSeq Intrnl_Id="127">
<LocList>
<Loc EndOffset="2704" SrcFileId="1" StartOffset="2655"/>
</LocList>
<LoopStmnt CovItemId="S38" CovItemPrefix="com.Testing.BoardTest.java" Intrnl_Id="128" MltplExecId="L6-2" MltplExecPrefix="com.Testing.BoardTest.java" NvrExecId="L6-0" NvrExecPrefix="com.Testing.BoardTest.java" OnceExecutedId="L6-1" OnceExecutedPrefix="com.Testing.BoardTest.java" OptBodyExec="true">
<StmntSeq Intrnl_Id="129">
<LocList>
<Loc EndOffset="2698" SrcFileId="1" StartOffset="2679"/>
</LocList>
<BasicStmnt CovItemId="S39" CovItemPrefix="com.Testing.BoardTest.java" Intrnl_Id="130">
<LocList>
<Loc EndOffset="2698" SrcFileId="1" StartOffset="2679"/>
</LocList>
</BasicStmnt>
</StmntSeq>
<Keyword EndOffset="2658" SrcFileId="1" StartOffset="2655"/>
<LocList>
<Loc EndOffset="2704" SrcFileId="1" StartOffset="2655"/>
</LocList>
</LoopStmnt>
</StmntSeq>
<Keyword EndOffset="2622" SrcFileId="1" StartOffset="2619"/>
<LocList>
<Loc EndOffset="2709" SrcFileId="1" StartOffset="2619"/>
</LocList>
</LoopStmnt>
</StmntSeq>
</HierarchyLvl>
<HierarchyLvl HierarchyLvlId="105" HierarchyLvlTypeId="5" Intrnl_Id="131" Name="testGameIsEnded">
<Header>
<Loc EndOffset="2797" SrcFileId="1" StartOffset="2719"/>
</Header>
<LocList>
<Loc EndOffset="4139" SrcFileId="1" StartOffset="2719"/>
</LocList>
<StmntSeq Intrnl_Id="132">
<LocList>
<Loc EndOffset="2901" SrcFileId="1" StartOffset="2861"/>
<Loc EndOffset="2946" SrcFileId="1" StartOffset="2905"/>
<Loc EndOffset="2975" SrcFileId="1" StartOffset="2952"/>
<Loc EndOffset="3106" SrcFileId="1" StartOffset="3066"/>
<Loc EndOffset="3151" SrcFileId="1" StartOffset="3110"/>
<Loc EndOffset="3183" SrcFileId="1" StartOffset="3159"/>
<Loc EndOffset="3314" SrcFileId="1" StartOffset="3274"/>
<Loc EndOffset="3359" SrcFileId="1" StartOffset="3318"/>
<Loc EndOffset="3380" SrcFileId="1" StartOffset="3367"/>
<Loc EndOffset="3578" SrcFileId="1" StartOffset="3519"/>
<Loc EndOffset="3641" SrcFileId="1" StartOffset="3582"/>
<Loc EndOffset="3689" SrcFileId="1" StartOffset="3649"/>
<Loc EndOffset="3737" SrcFileId="1" StartOffset="3693"/>
<Loc EndOffset="3758" SrcFileId="1" StartOffset="3745"/>
<Loc EndOffset="3955" SrcFileId="1" StartOffset="3896"/>
<Loc EndOffset="4018" SrcFileId="1" StartOffset="3959"/>
<Loc EndOffset="4067" SrcFileId="1" StartOffset="4026"/>
<Loc EndOffset="4114" SrcFileId="1" StartOffset="4071"/>
<Loc EndOffset="4135" SrcFileId="1" StartOffset="4122"/>
</LocList>
<BasicStmnt CovItemId="S40" CovItemPrefix="com.Testing.BoardTest.java" Intrnl_Id="133">
<LocList>
<Loc EndOffset="2901" SrcFileId="1" StartOffset="2861"/>
</LocList>
</BasicStmnt>
<BasicStmnt CovItemId="S41" CovItemPrefix="com.Testing.BoardTest.java" Intrnl_Id="134">
<LocList>
<Loc EndOffset="2946" SrcFileId="1" StartOffset="2905"/>
</LocList>
</BasicStmnt>
<BasicStmnt CovItemId="S42" CovItemPrefix="com.Testing.BoardTest.java" Intrnl_Id="135">
<LocList>
<Loc EndOffset="2975" SrcFileId="1" StartOffset="2952"/>
</LocList>
</BasicStmnt>
<BasicStmnt CovItemId="S43" CovItemPrefix="com.Testing.BoardTest.java" Intrnl_Id="136">
<LocList>
<Loc EndOffset="3106" SrcFileId="1" StartOffset="3066"/>
</LocList>
</BasicStmnt>
<BasicStmnt CovItemId="S44" CovItemPrefix="com.Testing.BoardTest.java" Intrnl_Id="137">
<LocList>
<Loc EndOffset="3151" SrcFileId="1" StartOffset="3110"/>
</LocList>
</BasicStmnt>
<BasicStmnt CovItemId="S45" CovItemPrefix="com.Testing.BoardTest.java" Intrnl_Id="138">
<LocList>
<Loc EndOffset="3183" SrcFileId="1" StartOffset="3159"/>
</LocList>
</BasicStmnt>
<BasicStmnt CovItemId="S46" CovItemPrefix="com.Testing.BoardTest.java" Intrnl_Id="139">
<LocList>
<Loc EndOffset="3314" SrcFileId="1" StartOffset="3274"/>
</LocList>
</BasicStmnt>
<BasicStmnt CovItemId="S47" CovItemPrefix="com.Testing.BoardTest.java" Intrnl_Id="140">
<LocList>
<Loc EndOffset="3359" SrcFileId="1" StartOffset="3318"/>
</LocList>
</BasicStmnt>
<BasicStmnt CovItemId="S48" CovItemPrefix="com.Testing.BoardTest.java" Intrnl_Id="141">
<LocList>
<Loc EndOffset="3380" SrcFileId="1" StartOffset="3367"/>
</LocList>
</BasicStmnt>
<BasicStmnt CovItemId="S49" CovItemPrefix="com.Testing.BoardTest.java" Intrnl_Id="142">
<LocList>
<Loc EndOffset="3578" SrcFileId="1" StartOffset="3519"/>
</LocList>
</BasicStmnt>
<BasicStmnt CovItemId="S50" CovItemPrefix="com.Testing.BoardTest.java" Intrnl_Id="143">
<LocList>
<Loc EndOffset="3641" SrcFileId="1" StartOffset="3582"/>
</LocList>
</BasicStmnt>
<BasicStmnt CovItemId="S51" CovItemPrefix="com.Testing.BoardTest.java" Intrnl_Id="144">
<LocList>
<Loc EndOffset="3689" SrcFileId="1" StartOffset="3649"/>
</LocList>
</BasicStmnt>
<BasicStmnt CovItemId="S52" CovItemPrefix="com.Testing.BoardTest.java" Intrnl_Id="145">
<LocList>
<Loc EndOffset="3737" SrcFileId="1" StartOffset="3693"/>
</LocList>
</BasicStmnt>
<BasicStmnt CovItemId="S53" CovItemPrefix="com.Testing.BoardTest.java" Intrnl_Id="146">
<LocList>
<Loc EndOffset="3758" SrcFileId="1" StartOffset="3745"/>
</LocList>
</BasicStmnt>
<BasicStmnt CovItemId="S54" CovItemPrefix="com.Testing.BoardTest.java" Intrnl_Id="147">
<LocList>
<Loc EndOffset="3955" SrcFileId="1" StartOffset="3896"/>
</LocList>
</BasicStmnt>
<BasicStmnt CovItemId="S55" CovItemPrefix="com.Testing.BoardTest.java" Intrnl_Id="148">
<LocList>
<Loc EndOffset="4018" SrcFileId="1" StartOffset="3959"/>
</LocList>
</BasicStmnt>
<BasicStmnt CovItemId="S56" CovItemPrefix="com.Testing.BoardTest.java" Intrnl_Id="149">
<LocList>
<Loc EndOffset="4067" SrcFileId="1" StartOffset="4026"/>
</LocList>
</BasicStmnt>
<BasicStmnt CovItemId="S57" CovItemPrefix="com.Testing.BoardTest.java" Intrnl_Id="150">
<LocList>
<Loc EndOffset="4114" SrcFileId="1" StartOffset="4071"/>
</LocList>
</BasicStmnt>
<BasicStmnt CovItemId="S58" CovItemPrefix="com.Testing.BoardTest.java" Intrnl_Id="151">
<LocList>
<Loc EndOffset="4135" SrcFileId="1" StartOffset="4122"/>
</LocList>
</BasicStmnt>
</StmntSeq>
</HierarchyLvl>
<HierarchyLvl HierarchyLvlId="106" HierarchyLvlTypeId="5" Intrnl_Id="152" Name="testCheckForGameHasEnded">
<Header>
<Loc EndOffset="4231" SrcFileId="1" StartOffset="4144"/>
</Header>
<LocList>
<Loc EndOffset="5247" SrcFileId="1" StartOffset="4144"/>
</LocList>
<StmntSeq Intrnl_Id="153">
<LocList>
<Loc EndOffset="4341" SrcFileId="1" StartOffset="4296"/>
<Loc EndOffset="4391" SrcFileId="1" StartOffset="4345"/>
<Loc EndOffset="4422" SrcFileId="1" StartOffset="4399"/>
<Loc EndOffset="4474" SrcFileId="1" StartOffset="4430"/>
<Loc EndOffset="4523" SrcFileId="1" StartOffset="4478"/>
<Loc EndOffset="4555" SrcFileId="1" StartOffset="4531"/>
<Loc EndOffset="4607" SrcFileId="1" StartOffset="4563"/>
<Loc EndOffset="4656" SrcFileId="1" StartOffset="4611"/>
<Loc EndOffset="4677" SrcFileId="1" StartOffset="4664"/>
<Loc EndOffset="4774" SrcFileId="1" StartOffset="4715"/>
<Loc EndOffset="4837" SrcFileId="1" StartOffset="4778"/>
<Loc EndOffset="4889" SrcFileId="1" StartOffset="4845"/>
<Loc EndOffset="4939" SrcFileId="1" StartOffset="4893"/>
<Loc EndOffset="4960" SrcFileId="1" StartOffset="4947"/>
<Loc EndOffset="5057" SrcFileId="1" StartOffset="4998"/>
<Loc EndOffset="5120" SrcFileId="1" StartOffset="5061"/>
<Loc EndOffset="5173" SrcFileId="1" StartOffset="5128"/>
<Loc EndOffset="5222" SrcFileId="1" StartOffset="5177"/>
<Loc EndOffset="5243" SrcFileId="1" StartOffset="5230"/>
</LocList>
<BasicStmnt CovItemId="S59" CovItemPrefix="com.Testing.BoardTest.java" Intrnl_Id="154">
<LocList>
<Loc EndOffset="4341" SrcFileId="1" StartOffset="4296"/>
</LocList>
</BasicStmnt>
<BasicStmnt CovItemId="S60" CovItemPrefix="com.Testing.BoardTest.java" Intrnl_Id="155">
<LocList>
<Loc EndOffset="4391" SrcFileId="1" StartOffset="4345"/>
</LocList>
</BasicStmnt>
<BasicStmnt CovItemId="S61" CovItemPrefix="com.Testing.BoardTest.java" Intrnl_Id="156">
<LocList>
<Loc EndOffset="4422" SrcFileId="1" StartOffset="4399"/>
</LocList>
</BasicStmnt>
<BasicStmnt CovItemId="S62" CovItemPrefix="com.Testing.BoardTest.java" Intrnl_Id="157">
<LocList>
<Loc EndOffset="4474" SrcFileId="1" StartOffset="4430"/>
</LocList>
</BasicStmnt>
<BasicStmnt CovItemId="S63" CovItemPrefix="com.Testing.BoardTest.java" Intrnl_Id="158">
<LocList>
<Loc EndOffset="4523" SrcFileId="1" StartOffset="4478"/>
</LocList>
</BasicStmnt>
<BasicStmnt CovItemId="S64" CovItemPrefix="com.Testing.BoardTest.java" Intrnl_Id="159">
<LocList>
<Loc EndOffset="4555" SrcFileId="1" StartOffset="4531"/>
</LocList>
</BasicStmnt>
<BasicStmnt CovItemId="S65" CovItemPrefix="com.Testing.BoardTest.java" Intrnl_Id="160">
<LocList>
<Loc EndOffset="4607" SrcFileId="1" StartOffset="4563"/>
</LocList>
</BasicStmnt>
<BasicStmnt CovItemId="S66" CovItemPrefix="com.Testing.BoardTest.java" Intrnl_Id="161">
<LocList>
<Loc EndOffset="4656" SrcFileId="1" StartOffset="4611"/>
</LocList>
</BasicStmnt>
<BasicStmnt CovItemId="S67" CovItemPrefix="com.Testing.BoardTest.java" Intrnl_Id="162">
<LocList>
<Loc EndOffset="4677" SrcFileId="1" StartOffset="4664"/>
</LocList>
</BasicStmnt>
<BasicStmnt CovItemId="S68" CovItemPrefix="com.Testing.BoardTest.java" Intrnl_Id="163">
<LocList>
<Loc EndOffset="4774" SrcFileId="1" StartOffset="4715"/>
</LocList>
</BasicStmnt>
<BasicStmnt CovItemId="S69" CovItemPrefix="com.Testing.BoardTest.java" Intrnl_Id="164">
<LocList>
<Loc EndOffset="4837" SrcFileId="1" StartOffset="4778"/>
</LocList>
</BasicStmnt>
<BasicStmnt CovItemId="S70" CovItemPrefix="com.Testing.BoardTest.java" Intrnl_Id="165">
<LocList>
<Loc EndOffset="4889" SrcFileId="1" StartOffset="4845"/>
</LocList>
</BasicStmnt>
<BasicStmnt CovItemId="S71" CovItemPrefix="com.Testing.BoardTest.java" Intrnl_Id="166">
<LocList>
<Loc EndOffset="4939" SrcFileId="1" StartOffset="4893"/>
</LocList>
</BasicStmnt>
<BasicStmnt CovItemId="S72" CovItemPrefix="com.Testing.BoardTest.java" Intrnl_Id="167">
<LocList>
<Loc EndOffset="4960" SrcFileId="1" StartOffset="4947"/>
</LocList>
</BasicStmnt>
<BasicStmnt CovItemId="S73" CovItemPrefix="com.Testing.BoardTest.java" Intrnl_Id="168">
<LocList>
<Loc EndOffset="5057" SrcFileId="1" StartOffset="4998"/>
</LocList>
</BasicStmnt>
<BasicStmnt CovItemId="S74" CovItemPrefix="com.Testing.BoardTest.java" Intrnl_Id="169">
<LocList>
<Loc EndOffset="5120" SrcFileId="1" StartOffset="5061"/>
</LocList>
</BasicStmnt>
<BasicStmnt CovItemId="S75" CovItemPrefix="com.Testing.BoardTest.java" Intrnl_Id="170">
<LocList>
<Loc EndOffset="5173" SrcFileId="1" StartOffset="5128"/>
</LocList>
</BasicStmnt>
<BasicStmnt CovItemId="S76" CovItemPrefix="com.Testing.BoardTest.java" Intrnl_Id="171">
<LocList>
<Loc EndOffset="5222" SrcFileId="1" StartOffset="5177"/>
</LocList>
</BasicStmnt>
<BasicStmnt CovItemId="S77" CovItemPrefix="com.Testing.BoardTest.java" Intrnl_Id="172">
<LocList>
<Loc EndOffset="5243" SrcFileId="1" StartOffset="5230"/>
</LocList>
</BasicStmnt>
</StmntSeq>
</HierarchyLvl>
<HierarchyLvl HierarchyLvlId="107" HierarchyLvlTypeId="5" Intrnl_Id="173" Name="testAnalyzeBoard">
<Header>
<Loc EndOffset="5357" SrcFileId="1" StartOffset="5253"/>
</Header>
<LocList>
<Loc EndOffset="5873" SrcFileId="1" StartOffset="5253"/>
</LocList>
<StmntSeq Intrnl_Id="174">
<LocList>
<Loc EndOffset="5392" SrcFileId="1" StartOffset="5362"/>
<Loc EndOffset="5484" SrcFileId="1" StartOffset="5452"/>
<Loc EndOffset="5587" SrcFileId="1" StartOffset="5527"/>
<Loc EndOffset="5650" SrcFileId="1" StartOffset="5591"/>
<Loc EndOffset="5751" SrcFileId="1" StartOffset="5731"/>
<Loc EndOffset="5814" SrcFileId="1" StartOffset="5721"/>
<Loc EndOffset="5848" SrcFileId="1" StartOffset="5822"/>
<Loc EndOffset="5869" SrcFileId="1" StartOffset="5856"/>
</LocList>
<BasicStmnt CovItemId="S78" CovItemPrefix="com.Testing.BoardTest.java" Intrnl_Id="175">
<LocList>
<Loc EndOffset="5392" SrcFileId="1" StartOffset="5362"/>
</LocList>
</BasicStmnt>
<BasicStmnt CovItemId="S79" CovItemPrefix="com.Testing.BoardTest.java" Intrnl_Id="176">
<LocList>
<Loc EndOffset="5484" SrcFileId="1" StartOffset="5452"/>
</LocList>
</BasicStmnt>
<BasicStmnt CovItemId="S80" CovItemPrefix="com.Testing.BoardTest.java" Intrnl_Id="177">
<LocList>
<Loc EndOffset="5587" SrcFileId="1" StartOffset="5527"/>
</LocList>
</BasicStmnt>
<BasicStmnt CovItemId="S81" CovItemPrefix="com.Testing.BoardTest.java" Intrnl_Id="178">
<LocList>
<Loc EndOffset="5650" SrcFileId="1" StartOffset="5591"/>
</LocList>
</BasicStmnt>
<BasicStmnt CovItemId="S83" CovItemPrefix="com.Testing.BoardTest.java" Intrnl_Id="179">
<LocList>
<Loc EndOffset="5751" SrcFileId="1" StartOffset="5731"/>
</LocList>
</BasicStmnt>
<CondStmnt CovItemId="S82" CovItemPrefix="com.Testing.BoardTest.java" Intrnl_Id="180">
<Branch CovItemId="B21" CovItemPrefix="com.Testing.BoardTest.java" Implct="true" Intrnl_Id="181">
<Cond/>
<LocList/>
<StmntSeq Intrnl_Id="182">
<LocList/>
</StmntSeq>
</Branch>
<Branch CovItemId="B22" CovItemPrefix="com.Testing.BoardTest.java" Implct="false" Intrnl_Id="183">
<Cond>
<Loc EndOffset="5781" SrcFileId="1" StartOffset="5760"/>
</Cond>
<LocList>
<Loc EndOffset="5814" SrcFileId="1" StartOffset="5782"/>
</LocList>
<StmntSeq Intrnl_Id="184">
<LocList>
<Loc EndOffset="5809" SrcFileId="1" StartOffset="5788"/>
</LocList>
<BasicStmnt CovItemId="S84" CovItemPrefix="com.Testing.BoardTest.java" Intrnl_Id="185">
<LocList>
<Loc EndOffset="5809" SrcFileId="1" StartOffset="5788"/>
</LocList>
</BasicStmnt>
</StmntSeq>
</Branch>
<Keyword EndOffset="5724" SrcFileId="1" StartOffset="5721"/>
<LocList>
<Loc EndOffset="5814" SrcFileId="1" StartOffset="5721"/>
</LocList>
</CondStmnt>
<BasicStmnt CovItemId="S85" CovItemPrefix="com.Testing.BoardTest.java" Intrnl_Id="186">
<LocList>
<Loc EndOffset="5848" SrcFileId="1" StartOffset="5822"/>
</LocList>
</BasicStmnt>
<BasicStmnt CovItemId="S86" CovItemPrefix="com.Testing.BoardTest.java" Intrnl_Id="187">
<LocList>
<Loc EndOffset="5869" SrcFileId="1" StartOffset="5856"/>
</LocList>
</BasicStmnt>
</StmntSeq>
</HierarchyLvl>
<HierarchyLvl HierarchyLvlId="108" HierarchyLvlTypeId="5" Intrnl_Id="188" Name="produceField">
<Header>
<Loc EndOffset="5940" SrcFileId="1" StartOffset="5900"/>
</Header>
<LocList>
<Loc EndOffset="6053" SrcFileId="1" StartOffset="5900"/>
</LocList>
<StmntSeq Intrnl_Id="189">
<LocList>
<Loc EndOffset="5970" SrcFileId="1" StartOffset="5945"/>
<Loc EndOffset="5985" SrcFileId="1" StartOffset="5974"/>
<Loc EndOffset="6000" SrcFileId="1" StartOffset="5989"/>
<Loc EndOffset="6029" SrcFileId="1" StartOffset="6004"/>
<Loc EndOffset="6049" SrcFileId="1" StartOffset="6037"/>
</LocList>
<BasicStmnt CovItemId="S87" CovItemPrefix="com.Testing.BoardTest.java" Intrnl_Id="190">
<LocList>
<Loc EndOffset="5970" SrcFileId="1" StartOffset="5945"/>
</LocList>
</BasicStmnt>
<BasicStmnt CovItemId="S88" CovItemPrefix="com.Testing.BoardTest.java" Intrnl_Id="191">
<LocList>
<Loc EndOffset="5985" SrcFileId="1" StartOffset="5974"/>
</LocList>
</BasicStmnt>
<BasicStmnt CovItemId="S89" CovItemPrefix="com.Testing.BoardTest.java" Intrnl_Id="192">
<LocList>
<Loc EndOffset="6000" SrcFileId="1" StartOffset="5989"/>
</LocList>
</BasicStmnt>
<BasicStmnt CovItemId="S90" CovItemPrefix="com.Testing.BoardTest.java" Intrnl_Id="193">
<LocList>
<Loc EndOffset="6029" SrcFileId="1" StartOffset="6004"/>
</LocList>
</BasicStmnt>
<BasicStmnt CovItemId="S91" CovItemPrefix="com.Testing.BoardTest.java" Intrnl_Id="194">
<LocList>
<Loc EndOffset="6049" SrcFileId="1" StartOffset="6037"/>
</LocList>
</BasicStmnt>
</StmntSeq>
</HierarchyLvl>
<HierarchyLvl HierarchyLvlId="109" HierarchyLvlTypeId="5" Intrnl_Id="195" Name="testMovePiece">
<Header>
<Loc EndOffset="6124" SrcFileId="1" StartOffset="6058"/>
</Header>
<LocList>
<Loc EndOffset="6534" SrcFileId="1" StartOffset="6058"/>
</LocList>
<StmntSeq Intrnl_Id="196">
<LocList>
<Loc EndOffset="6180" SrcFileId="1" StartOffset="6130"/>
<Loc EndOffset="6295" SrcFileId="1" StartOffset="6240"/>
<Loc EndOffset="6358" SrcFileId="1" StartOffset="6301"/>
<Loc EndOffset="6411" SrcFileId="1" StartOffset="6362"/>
<Loc EndOffset="6473" SrcFileId="1" StartOffset="6419"/>
<Loc EndOffset="6530" SrcFileId="1" StartOffset="6481"/>
</LocList>
<BasicStmnt CovItemId="S92" CovItemPrefix="com.Testing.BoardTest.java" Intrnl_Id="197">
<LocList>
<Loc EndOffset="6180" SrcFileId="1" StartOffset="6130"/>
</LocList>
</BasicStmnt>
<BasicStmnt CovItemId="S93" CovItemPrefix="com.Testing.BoardTest.java" Intrnl_Id="198">
<LocList>
<Loc EndOffset="6295" SrcFileId="1" StartOffset="6240"/>
</LocList>
</BasicStmnt>
<BasicStmnt CovItemId="S94" CovItemPrefix="com.Testing.BoardTest.java" Intrnl_Id="199">
<LocList>
<Loc EndOffset="6358" SrcFileId="1" StartOffset="6301"/>
</LocList>
</BasicStmnt>
<BasicStmnt CovItemId="S95" CovItemPrefix="com.Testing.BoardTest.java" Intrnl_Id="200">
<LocList>
<Loc EndOffset="6411" SrcFileId="1" StartOffset="6362"/>
</LocList>
</BasicStmnt>
<BasicStmnt CovItemId="S96" CovItemPrefix="com.Testing.BoardTest.java" Intrnl_Id="201">
<LocList>
<Loc EndOffset="6473" SrcFileId="1" StartOffset="6419"/>
</LocList>
</BasicStmnt>
<BasicStmnt CovItemId="S97" CovItemPrefix="com.Testing.BoardTest.java" Intrnl_Id="202">
<LocList>
<Loc EndOffset="6530" SrcFileId="1" StartOffset="6481"/>
</LocList>
</BasicStmnt>
</StmntSeq>
</HierarchyLvl>
<HierarchyLvl HierarchyLvlId="110" HierarchyLvlTypeId="5" Intrnl_Id="203" Name="testFieldOccupied">
<Header>
<Loc EndOffset="6578" SrcFileId="1" StartOffset="6539"/>
</Header>
<LocList>
<Loc EndOffset="6821" SrcFileId="1" StartOffset="6539"/>
</LocList>
<StmntSeq Intrnl_Id="204">
<LocList>
<Loc EndOffset="6734" SrcFileId="1" StartOffset="6697"/>
<Loc EndOffset="6776" SrcFileId="1" StartOffset="6738"/>
<Loc EndOffset="6817" SrcFileId="1" StartOffset="6780"/>
</LocList>
<BasicStmnt CovItemId="S98" CovItemPrefix="com.Testing.BoardTest.java" Intrnl_Id="205">
<LocList>
<Loc EndOffset="6734" SrcFileId="1" StartOffset="6697"/>
</LocList>
</BasicStmnt>
<BasicStmnt CovItemId="S99" CovItemPrefix="com.Testing.BoardTest.java" Intrnl_Id="206">
<LocList>
<Loc EndOffset="6776" SrcFileId="1" StartOffset="6738"/>
</LocList>
</BasicStmnt>
<BasicStmnt CovItemId="S100" CovItemPrefix="com.Testing.BoardTest.java" Intrnl_Id="207">
<LocList>
<Loc EndOffset="6817" SrcFileId="1" StartOffset="6780"/>
</LocList>
</BasicStmnt>
</StmntSeq>
</HierarchyLvl>
<HierarchyLvl HierarchyLvlId="111" HierarchyLvlTypeId="5" Intrnl_Id="208" Name="produceList">
<Header>
<Loc EndOffset="6978" SrcFileId="1" StartOffset="6919"/>
</Header>
<LocList>
<Loc EndOffset="7442" SrcFileId="1" StartOffset="6919"/>
</LocList>
<StmntSeq Intrnl_Id="209">
<LocList>
<Loc EndOffset="7027" SrcFileId="1" StartOffset="6983"/>
<Loc EndOffset="7416" SrcFileId="1" StartOffset="7035"/>
<Loc EndOffset="7438" SrcFileId="1" StartOffset="7424"/>
</LocList>
<BasicStmnt CovItemId="S101" CovItemPrefix="com.Testing.BoardTest.java" Intrnl_Id="210">
<LocList>
<Loc EndOffset="7027" SrcFileId="1" StartOffset="6983"/>
</LocList>
</BasicStmnt>
<CondStmnt CovItemId="S102" CovItemPrefix="com.Testing.BoardTest.java" Intrnl_Id="211">
<Branch CovItemId="B23" CovItemPrefix="com.Testing.BoardTest.java" Implct="false" Intrnl_Id="212">
<Cond/>
<LocList>
<Loc EndOffset="7416" SrcFileId="1" StartOffset="7089"/>
</LocList>
<StmntSeq Intrnl_Id="213">
<LocList>
<Loc EndOffset="7411" SrcFileId="1" StartOffset="7095"/>
</LocList>
<CondStmnt CovItemId="S103" CovItemPrefix="com.Testing.BoardTest.java" Intrnl_Id="214">
<Branch CovItemId="B25" CovItemPrefix="com.Testing.BoardTest.java" Implct="false" Intrnl_Id="215">
<Cond/>
<LocList>
<Loc EndOffset="7179" SrcFileId="1" StartOffset="7111"/>
</LocList>
<StmntSeq Intrnl_Id="216">
<LocList>
<Loc EndOffset="7173" SrcFileId="1" StartOffset="7118"/>
</LocList>
<BasicStmnt CovItemId="S104" CovItemPrefix="com.Testing.BoardTest.java" Intrnl_Id="217">
<LocList>
<Loc EndOffset="7173" SrcFileId="1" StartOffset="7118"/>
</LocList>
</BasicStmnt>
</StmntSeq>
</Branch>
<Branch CovItemId="B26" CovItemPrefix="com.Testing.BoardTest.java" Implct="false" Intrnl_Id="218">
<Cond>
<Loc EndOffset="7188" SrcFileId="1" StartOffset="7184"/>
</Cond>
<LocList>
<Loc EndOffset="7411" SrcFileId="1" StartOffset="7189"/>
</LocList>
<StmntSeq Intrnl_Id="219">
<LocList>
<Loc EndOffset="7411" SrcFileId="1" StartOffset="7189"/>
</LocList>
<CondStmnt CovItemId="S105" CovItemPrefix="com.Testing.BoardTest.java" Intrnl_Id="220">
<Branch CovItemId="B27" CovItemPrefix="com.Testing.BoardTest.java" Implct="false" Intrnl_Id="221">
<Cond/>
<LocList>
<Loc EndOffset="7273" SrcFileId="1" StartOffset="7205"/>
</LocList>
<StmntSeq Intrnl_Id="222">
<LocList>
<Loc EndOffset="7267" SrcFileId="1" StartOffset="7212"/>
</LocList>
<BasicStmnt CovItemId="S106" CovItemPrefix="com.Testing.BoardTest.java" Intrnl_Id="223">
<LocList>
<Loc EndOffset="7267" SrcFileId="1" StartOffset="7212"/>
</LocList>
</BasicStmnt>
</StmntSeq>
</Branch>
<Branch CovItemId="B28" CovItemPrefix="com.Testing.BoardTest.java" Implct="false" Intrnl_Id="224">
<Cond>
<Loc EndOffset="7282" SrcFileId="1" StartOffset="7278"/>
</Cond>
<LocList>
<Loc EndOffset="7411" SrcFileId="1" StartOffset="7282"/>
</LocList>
<StmntSeq Intrnl_Id="225">
<LocList>
<Loc EndOffset="7344" SrcFileId="1" StartOffset="7289"/>
<Loc EndOffset="7405" SrcFileId="1" StartOffset="7350"/>
</LocList>
<BasicStmnt CovItemId="S107" CovItemPrefix="com.Testing.BoardTest.java" Intrnl_Id="226">
<LocList>
<Loc EndOffset="7344" SrcFileId="1" StartOffset="7289"/>
</LocList>
</BasicStmnt>
<BasicStmnt CovItemId="S108" CovItemPrefix="com.Testing.BoardTest.java" Intrnl_Id="227">
<LocList>
<Loc EndOffset="7405" SrcFileId="1" StartOffset="7350"/>
</LocList>
</BasicStmnt>
</StmntSeq>
</Branch>
<Keyword EndOffset="7191" SrcFileId="1" StartOffset="7189"/>
<LocList>
<Loc EndOffset="7411" SrcFileId="1" StartOffset="7189"/>
</LocList>
<RootTerm CovItemId="C15" CovItemPrefix="com.Testing.BoardTest.java" Intrnl_Id="228">
<BasicBoolTerm Intrnl_Id="229">
<LocList>
<Loc EndOffset="7204" SrcFileId="1" StartOffset="7192"/>
</LocList>
</BasicBoolTerm>
</RootTerm>
</CondStmnt>
</StmntSeq>
</Branch>
<Keyword EndOffset="7097" SrcFileId="1" StartOffset="7095"/>
<LocList>
<Loc EndOffset="7411" SrcFileId="1" StartOffset="7095"/>
</LocList>
<RootTerm CovItemId="C14" CovItemPrefix="com.Testing.BoardTest.java" Intrnl_Id="230">
<BasicBoolTerm Intrnl_Id="231">
<LocList>
<Loc EndOffset="7110" SrcFileId="1" StartOffset="7098"/>
</LocList>
</BasicBoolTerm>
</RootTerm>
</CondStmnt>
</StmntSeq>
</Branch>
<Branch CovItemId="B24" CovItemPrefix="com.Testing.BoardTest.java" Implct="true" Intrnl_Id="232">
<Cond/>
<LocList/>
<StmntSeq Intrnl_Id="233">
<LocList/>
</StmntSeq>
</Branch>
<Keyword EndOffset="7037" SrcFileId="1" StartOffset="7035"/>
<LocList>
<Loc EndOffset="7416" SrcFileId="1" StartOffset="7035"/>
</LocList>
<RootTerm CovItemId="C13" CovItemPrefix="com.Testing.BoardTest.java" Intrnl_Id="234">
<OpTerm BooleanOpId="2" Intrnl_Id="235">
<BasicBoolTerm Intrnl_Id="236">
<LocList>
<Loc EndOffset="7061" SrcFileId="1" StartOffset="7038"/>
</LocList>
</BasicBoolTerm>
<BasicBoolTerm Intrnl_Id="237">
<LocList>
<Loc EndOffset="7088" SrcFileId="1" StartOffset="7065"/>
</LocList>
</BasicBoolTerm>
<LocList>
<Loc EndOffset="7064" SrcFileId="1" StartOffset="7062"/>
</LocList>
</OpTerm>
</RootTerm>
</CondStmnt>
<BasicStmnt CovItemId="S109" CovItemPrefix="com.Testing.BoardTest.java" Intrnl_Id="238">
<LocList>
<Loc EndOffset="7438" SrcFileId="1" StartOffset="7424"/>
</LocList>
</BasicStmnt>
</StmntSeq>
</HierarchyLvl>
<HierarchyLvl HierarchyLvlId="112" HierarchyLvlTypeId="5" Intrnl_Id="239" Name="testCheckMoveable">
<Header>
<Loc EndOffset="7529" SrcFileId="1" StartOffset="7449"/>
</Header>
<LocList>
<Loc EndOffset="8300" SrcFileId="1" StartOffset="7449"/>
</LocList>
<StmntSeq Intrnl_Id="240">
<LocList>
<Loc EndOffset="7676" SrcFileId="1" StartOffset="7618"/>
<Loc EndOffset="7750" SrcFileId="1" StartOffset="7684"/>
<Loc EndOffset="7812" SrcFileId="1" StartOffset="7758"/>
<Loc EndOffset="7886" SrcFileId="1" StartOffset="7820"/>
<Loc EndOffset="7940" SrcFileId="1" StartOffset="7894"/>
<Loc EndOffset="8014" SrcFileId="1" StartOffset="7948"/>
<Loc EndOffset="8067" SrcFileId="1" StartOffset="8022"/>
<Loc EndOffset="8140" SrcFileId="1" StartOffset="8075"/>
<Loc EndOffset="8202" SrcFileId="1" StartOffset="8148"/>
<Loc EndOffset="8275" SrcFileId="1" StartOffset="8210"/>
<Loc EndOffset="8296" SrcFileId="1" StartOffset="8283"/>
</LocList>
<BasicStmnt CovItemId="S110" CovItemPrefix="com.Testing.BoardTest.java" Intrnl_Id="241">
<LocList>
<Loc EndOffset="7676" SrcFileId="1" StartOffset="7618"/>
</LocList>
</BasicStmnt>
<BasicStmnt CovItemId="S111" CovItemPrefix="com.Testing.BoardTest.java" Intrnl_Id="242">
<LocList>
<Loc EndOffset="7750" SrcFileId="1" StartOffset="7684"/>
</LocList>
</BasicStmnt>
<BasicStmnt CovItemId="S112" CovItemPrefix="com.Testing.BoardTest.java" Intrnl_Id="243">
<LocList>
<Loc EndOffset="7812" SrcFileId="1" StartOffset="7758"/>
</LocList>
</BasicStmnt>
<BasicStmnt CovItemId="S113" CovItemPrefix="com.Testing.BoardTest.java" Intrnl_Id="244">
<LocList>
<Loc EndOffset="7886" SrcFileId="1" StartOffset="7820"/>
</LocList>
</BasicStmnt>
<BasicStmnt CovItemId="S114" CovItemPrefix="com.Testing.BoardTest.java" Intrnl_Id="245">
<LocList>
<Loc EndOffset="7940" SrcFileId="1" StartOffset="7894"/>
</LocList>
</BasicStmnt>
<BasicStmnt CovItemId="S115" CovItemPrefix="com.Testing.BoardTest.java" Intrnl_Id="246">
<LocList>
<Loc EndOffset="8014" SrcFileId="1" StartOffset="7948"/>
</LocList>
</BasicStmnt>
<BasicStmnt CovItemId="S116" CovItemPrefix="com.Testing.BoardTest.java" Intrnl_Id="247">
<LocList>
<Loc EndOffset="8067" SrcFileId="1" StartOffset="8022"/>
</LocList>
</BasicStmnt>
<BasicStmnt CovItemId="S117" CovItemPrefix="com.Testing.BoardTest.java" Intrnl_Id="248">
<LocList>
<Loc EndOffset="8140" SrcFileId="1" StartOffset="8075"/>
</LocList>
</BasicStmnt>
<BasicStmnt CovItemId="S118" CovItemPrefix="com.Testing.BoardTest.java" Intrnl_Id="249">
<LocList>
<Loc EndOffset="8202" SrcFileId="1" StartOffset="8148"/>
</LocList>
</BasicStmnt>
<BasicStmnt CovItemId="S119" CovItemPrefix="com.Testing.BoardTest.java" Intrnl_Id="250">
<LocList>
<Loc EndOffset="8275" SrcFileId="1" StartOffset="8210"/>
</LocList>
</BasicStmnt>
<BasicStmnt CovItemId="S120" CovItemPrefix="com.Testing.BoardTest.java" Intrnl_Id="251">
<LocList>
<Loc EndOffset="8296" SrcFileId="1" StartOffset="8283"/>
</LocList>
</BasicStmnt>
</StmntSeq>
</HierarchyLvl>
<HierarchyLvl HierarchyLvlId="113" HierarchyLvlTypeId="5" Intrnl_Id="252" Name="producePiece">
<Header>
<Loc EndOffset="8395" SrcFileId="1" StartOffset="8340"/>
</Header>
<LocList>
<Loc EndOffset="8552" SrcFileId="1" StartOffset="8340"/>
</LocList>
<StmntSeq Intrnl_Id="253">
<LocList>
<Loc EndOffset="8425" SrcFileId="1" StartOffset="8400"/>
<Loc EndOffset="8448" SrcFileId="1" StartOffset="8429"/>
<Loc EndOffset="8528" SrcFileId="1" StartOffset="8456"/>
<Loc EndOffset="8548" SrcFileId="1" StartOffset="8536"/>
</LocList>
<BasicStmnt CovItemId="S121" CovItemPrefix="com.Testing.BoardTest.java" Intrnl_Id="254">
<LocList>
<Loc EndOffset="8425" SrcFileId="1" StartOffset="8400"/>
</LocList>
</BasicStmnt>
<BasicStmnt CovItemId="S122" CovItemPrefix="com.Testing.BoardTest.java" Intrnl_Id="255">
<LocList>
<Loc EndOffset="8448" SrcFileId="1" StartOffset="8429"/>
</LocList>
</BasicStmnt>
<CondStmnt CovItemId="S123" CovItemPrefix="com.Testing.BoardTest.java" Intrnl_Id="256">
<Branch CovItemId="B29" CovItemPrefix="com.Testing.BoardTest.java" Implct="false" Intrnl_Id="257">
<Cond/>
<LocList>
<Loc EndOffset="8528" SrcFileId="1" StartOffset="8467"/>
</LocList>
<StmntSeq Intrnl_Id="258">
<LocList>
<Loc EndOffset="8496" SrcFileId="1" StartOffset="8473"/>
<Loc EndOffset="8523" SrcFileId="1" StartOffset="8501"/>
</LocList>
<BasicStmnt CovItemId="S124" CovItemPrefix="com.Testing.BoardTest.java" Intrnl_Id="259">
<LocList>
<Loc EndOffset="8496" SrcFileId="1" StartOffset="8473"/>
</LocList>
</BasicStmnt>
<BasicStmnt CovItemId="S125" CovItemPrefix="com.Testing.BoardTest.java" Intrnl_Id="260">
<LocList>
<Loc EndOffset="8523" SrcFileId="1" StartOffset="8501"/>
</LocList>
</BasicStmnt>
</StmntSeq>
</Branch>
<Branch CovItemId="B30" CovItemPrefix="com.Testing.BoardTest.java" Implct="true" Intrnl_Id="261">
<Cond/>
<LocList/>
<StmntSeq Intrnl_Id="262">
<LocList/>
</StmntSeq>
</Branch>
<Keyword EndOffset="8458" SrcFileId="1" StartOffset="8456"/>
<LocList>
<Loc EndOffset="8528" SrcFileId="1" StartOffset="8456"/>
</LocList>
<RootTerm CovItemId="C16" CovItemPrefix="com.Testing.BoardTest.java" Intrnl_Id="263">
<BasicBoolTerm Intrnl_Id="264">
<LocList>
<Loc EndOffset="8466" SrcFileId="1" StartOffset="8459"/>
</LocList>
</BasicBoolTerm>
</RootTerm>
</CondStmnt>
<BasicStmnt CovItemId="S126" CovItemPrefix="com.Testing.BoardTest.java" Intrnl_Id="265">
<LocList>
<Loc EndOffset="8548" SrcFileId="1" StartOffset="8536"/>
</LocList>
</BasicStmnt>
</StmntSeq>
</HierarchyLvl>
<HierarchyLvl HierarchyLvlId="114" HierarchyLvlTypeId="5" Intrnl_Id="266" Name="testCheckJumpDirection">
<Header>
<Loc EndOffset="8643" SrcFileId="1" StartOffset="8558"/>
</Header>
<LocList>
<Loc EndOffset="9326" SrcFileId="1" StartOffset="8558"/>
</LocList>
<StmntSeq Intrnl_Id="267">
<LocList>
<Loc EndOffset="8787" SrcFileId="1" StartOffset="8727"/>
<Loc EndOffset="8888" SrcFileId="1" StartOffset="8795"/>
<Loc EndOffset="8962" SrcFileId="1" StartOffset="8892"/>
<Loc EndOffset="9024" SrcFileId="1" StartOffset="8970"/>
<Loc EndOffset="9088" SrcFileId="1" StartOffset="9028"/>
<Loc EndOffset="9128" SrcFileId="1" StartOffset="9092"/>
<Loc EndOffset="9227" SrcFileId="1" StartOffset="9136"/>
<Loc EndOffset="9301" SrcFileId="1" StartOffset="9231"/>
<Loc EndOffset="9322" SrcFileId="1" StartOffset="9309"/>
</LocList>
<BasicStmnt CovItemId="S127" CovItemPrefix="com.Testing.BoardTest.java" Intrnl_Id="268">
<LocList>
<Loc EndOffset="8787" SrcFileId="1" StartOffset="8727"/>
</LocList>
</BasicStmnt>
<BasicStmnt CovItemId="S128" CovItemPrefix="com.Testing.BoardTest.java" Intrnl_Id="269">
<LocList>
<Loc EndOffset="8888" SrcFileId="1" StartOffset="8795"/>
</LocList>
</BasicStmnt>
<BasicStmnt CovItemId="S129" CovItemPrefix="com.Testing.BoardTest.java" Intrnl_Id="270">
<LocList>
<Loc EndOffset="8962" SrcFileId="1" StartOffset="8892"/>
</LocList>
</BasicStmnt>
<BasicStmnt CovItemId="S130" CovItemPrefix="com.Testing.BoardTest.java" Intrnl_Id="271">
<LocList>
<Loc EndOffset="9024" SrcFileId="1" StartOffset="8970"/>
</LocList>
</BasicStmnt>
<BasicStmnt CovItemId="S131" CovItemPrefix="com.Testing.BoardTest.java" Intrnl_Id="272">
<LocList>
<Loc EndOffset="9088" SrcFileId="1" StartOffset="9028"/>
</LocList>
</BasicStmnt>
<BasicStmnt CovItemId="S132" CovItemPrefix="com.Testing.BoardTest.java" Intrnl_Id="273">
<LocList>
<Loc EndOffset="9128" SrcFileId="1" StartOffset="9092"/>
</LocList>
</BasicStmnt>
<BasicStmnt CovItemId="S133" CovItemPrefix="com.Testing.BoardTest.java" Intrnl_Id="274">
<LocList>
<Loc EndOffset="9227" SrcFileId="1" StartOffset="9136"/>
</LocList>
</BasicStmnt>
<BasicStmnt CovItemId="S134" CovItemPrefix="com.Testing.BoardTest.java" Intrnl_Id="275">
<LocList>
<Loc EndOffset="9301" SrcFileId="1" StartOffset="9231"/>
</LocList>
</BasicStmnt>
<BasicStmnt CovItemId="S135" CovItemPrefix="com.Testing.BoardTest.java" Intrnl_Id="276">
<LocList>
<Loc EndOffset="9322" SrcFileId="1" StartOffset="9309"/>
</LocList>
</BasicStmnt>
</StmntSeq>
</HierarchyLvl>
<HierarchyLvl HierarchyLvlId="115" HierarchyLvlTypeId="5" Intrnl_Id="277" Name="testGetColor">
<Header>
<Loc EndOffset="9420" SrcFileId="1" StartOffset="9331"/>
</Header>
<LocList>
<Loc EndOffset="9591" SrcFileId="1" StartOffset="9331"/>
</LocList>
<StmntSeq Intrnl_Id="278">
<LocList>
<Loc EndOffset="9504" SrcFileId="1" StartOffset="9426"/>
<Loc EndOffset="9546" SrcFileId="1" StartOffset="9508"/>
<Loc EndOffset="9587" SrcFileId="1" StartOffset="9550"/>
</LocList>
<BasicStmnt CovItemId="S136" CovItemPrefix="com.Testing.BoardTest.java" Intrnl_Id="279">
<LocList>
<Loc EndOffset="9504" SrcFileId="1" StartOffset="9426"/>
</LocList>
</BasicStmnt>
<BasicStmnt CovItemId="S137" CovItemPrefix="com.Testing.BoardTest.java" Intrnl_Id="280">
<LocList>
<Loc EndOffset="9546" SrcFileId="1" StartOffset="9508"/>
</LocList>
</BasicStmnt>
<BasicStmnt CovItemId="S138" CovItemPrefix="com.Testing.BoardTest.java" Intrnl_Id="281">
<LocList>
<Loc EndOffset="9587" SrcFileId="1" StartOffset="9550"/>
</LocList>
</BasicStmnt>
</StmntSeq>
</HierarchyLvl>
<HierarchyLvl HierarchyLvlId="116" HierarchyLvlTypeId="5" Intrnl_Id="282" Name="testCheckAllegiance">
<Header>
<Loc EndOffset="9637" SrcFileId="1" StartOffset="9596"/>
</Header>
<LocList>
<Loc EndOffset="10148" SrcFileId="1" StartOffset="9596"/>
</LocList>
<StmntSeq Intrnl_Id="283">
<LocList>
<Loc EndOffset="9730" SrcFileId="1" StartOffset="9671"/>
<Loc EndOffset="9795" SrcFileId="1" StartOffset="9734"/>
<Loc EndOffset="9891" SrcFileId="1" StartOffset="9831"/>
<Loc EndOffset="9955" SrcFileId="1" StartOffset="9895"/>
<Loc EndOffset="10000" SrcFileId="1" StartOffset="9963"/>
<Loc EndOffset="10088" SrcFileId="1" StartOffset="10037"/>
<Loc EndOffset="10144" SrcFileId="1" StartOffset="10092"/>
</LocList>
<BasicStmnt CovItemId="S139" CovItemPrefix="com.Testing.BoardTest.java" Intrnl_Id="284">
<LocList>
<Loc EndOffset="9730" SrcFileId="1" StartOffset="9671"/>
</LocList>
</BasicStmnt>
<BasicStmnt CovItemId="S140" CovItemPrefix="com.Testing.BoardTest.java" Intrnl_Id="285">
<LocList>
<Loc EndOffset="9795" SrcFileId="1" StartOffset="9734"/>
</LocList>
</BasicStmnt>
<BasicStmnt CovItemId="S141" CovItemPrefix="com.Testing.BoardTest.java" Intrnl_Id="286">
<LocList>
<Loc EndOffset="9891" SrcFileId="1" StartOffset="9831"/>
</LocList>
</BasicStmnt>
<BasicStmnt CovItemId="S142" CovItemPrefix="com.Testing.BoardTest.java" Intrnl_Id="287">
<LocList>
<Loc EndOffset="9955" SrcFileId="1" StartOffset="9895"/>
</LocList>
</BasicStmnt>
<BasicStmnt CovItemId="S143" CovItemPrefix="com.Testing.BoardTest.java" Intrnl_Id="288">
<LocList>
<Loc EndOffset="10000" SrcFileId="1" StartOffset="9963"/>
</LocList>
</BasicStmnt>
<BasicStmnt CovItemId="S144" CovItemPrefix="com.Testing.BoardTest.java" Intrnl_Id="289">
<LocList>
<Loc EndOffset="10088" SrcFileId="1" StartOffset="10037"/>
</LocList>
</BasicStmnt>
<BasicStmnt CovItemId="S145" CovItemPrefix="com.Testing.BoardTest.java" Intrnl_Id="290">
<LocList>
<Loc EndOffset="10144" SrcFileId="1" StartOffset="10092"/>
</LocList>
</BasicStmnt>
</StmntSeq>
</HierarchyLvl>
</HierarchyLvl>
</HierarchyLvl>
</HierarchyLvl>
</HierarchyLvl>
</MASTRoot>
</TestSessionContainer>
