<?xml version="1.0" encoding="UTF-8"?><TestSessionContainer xmlns="http://www.codecover.org/xml/testsession-container" Date="1386246201516" TestSessionContainerId="e0206327-2f0f-4364-ab8f-0182b37c6b63" version="1.0">
<SrcFileList>
<SrcFile Content="package com.OriginalFiles;&#13;&#10;&#13;&#10;import java.util.ArrayList;&#13;&#10;import java.util.List;&#13;&#10;&#13;&#10;public class Piece {&#13;&#10;    //latex start Piececode&#13;&#10;    private int x = -1, y = -1;&#13;&#10;    public char color;&#13;&#10;    public boolean isMoveable = false;&#13;&#10;    public boolean canJump = false;&#13;&#10;    public boolean isCrowned = false;&#13;&#10;    private double currentValue = 0;&#13;&#10;    private int calculatedGameState = 0;&#13;&#10;    private final int isMidGame = 1;&#13;&#10;    private final int isEndGame = 2;&#13;&#10;    private Board checkersBoard;&#13;&#10;    private final int numberOfPastFieldsToCheck = 1;&#13;&#10;    private Field presentField = null;&#13;&#10;&#13;&#10;    private final int hasBeenOnField = 7;&#13;&#10;    private final int valueOfPiece = 100;&#13;&#10;    private final int middleBonus = 3;&#13;&#10;    private final int closeBonus = 4;&#13;&#10;    private final int backlineBonus = 7;&#13;&#10;    private final int kingBonus = 150;&#13;&#10;    private final int crownAble = 70;&#13;&#10;    private final int nearDoubleBonus = 5;&#13;&#10;    private final int doubleCornerBonus = 8;&#13;&#10;    private final int blockBonus = 10;&#13;&#10;    //latex end&#13;&#10;    private List&lt;Field&gt; pastFields = new ArrayList&lt;Field&gt;();&#13;&#10;&#13;&#10;    public Piece(Board input) {&#13;&#10;        checkersBoard = input;&#13;&#10;    }&#13;&#10;&#13;&#10;    public final int getY() {&#13;&#10;        return y;&#13;&#10;    }&#13;&#10;&#13;&#10;    public final int getX() {&#13;&#10;        return x;&#13;&#10;    }&#13;&#10;&#13;&#10;    public final void setXY(int inputX, int inputY) {&#13;&#10;        x = inputX;&#13;&#10;        y = inputY;&#13;&#10;        if (checkersBoard.checkBounds(x, y) &amp;&amp; isCrowned) {&#13;&#10;            if (pastFields.size() &gt; numberOfPastFieldsToCheck&#13;&#10;                    &amp;&amp; pastFields.size() != 0) {&#13;&#10;                pastFields.remove(0);&#13;&#10;            }&#13;&#10;            if (presentField != null) {&#13;&#10;                pastFields.add(presentField);&#13;&#10;            }&#13;&#10;&#13;&#10;            presentField = checkersBoard.myBoard[x][y];&#13;&#10;        } else {&#13;&#10;            pastFields.clear();&#13;&#10;        }&#13;&#10;        updatePriceMidgame();&#13;&#10;    }&#13;&#10;&#13;&#10;    private boolean isOnBoard() {&#13;&#10;        if (checkersBoard.checkBounds(x, y)) {&#13;&#10;            return true;&#13;&#10;        } else {&#13;&#10;            currentValue = 0;&#13;&#10;            return false;&#13;&#10;        }&#13;&#10;    }&#13;&#10;&#13;&#10;    public final double priceForPiece(int gameState, int ownPieceCount,&#13;&#10;            int oppPieceCount, int turn, boolean hasMove) {&#13;&#10;        if (calculatedGameState != gameState || gameState == isEndGame) {&#13;&#10;            updatePrice(gameState, ownPieceCount, oppPieceCount, turn, hasMove);&#13;&#10;        }&#13;&#10;        return currentValue;&#13;&#10;    }&#13;&#10;&#13;&#10;    private int min(int a, int b) {&#13;&#10;        if (a &lt; b) {&#13;&#10;            return a;&#13;&#10;        }&#13;&#10;        return b;&#13;&#10;    }&#13;&#10;&#13;&#10;    private void updatePriceMidgame() {&#13;&#10;        updatePrice(isMidGame, 100, 100, 0, false);&#13;&#10;    }&#13;&#10;&#13;&#10;    private void updatePrice(int gameState, int ownPieceCount,&#13;&#10;            int oppPieceCount, int turn, boolean hasMove) {&#13;&#10;        if (isOnBoard()) {&#13;&#10;            calculatedGameState = gameState;&#13;&#10;            int returnValue = valueOfPiece;&#13;&#10;            if (pastFields.contains(checkersBoard.myBoard[x][y])) {&#13;&#10;                returnValue -= hasBeenOnField;&#13;&#10;            }&#13;&#10;            if (gameState == isMidGame) {&#13;&#10;                returnValue += middleBonus&#13;&#10;                        - min(Math.abs(3 - x), Math.abs(4 - x));&#13;&#10;            }&#13;&#10;            if (gameState == isEndGame) {&#13;&#10;                if (hasMove) {&#13;&#10;                    returnValue += blockValue();&#13;&#10;                    returnValue += closeBonus - closestPiece();&#13;&#10;                }&#13;&#10;                if (!this.isCrowned) {&#13;&#10;                    if (checkersBoard.checkAllegiance(this, true)) {&#13;&#10;                        returnValue += 7 - y;&#13;&#10;                    } else {&#13;&#10;                        returnValue += y;&#13;&#10;                    }&#13;&#10;                }&#13;&#10;&#13;&#10;                if (ownPieceCount == 1) {&#13;&#10;                    if (isNearDoubleCorners()) {&#13;&#10;                        returnValue += nearDoubleBonus;&#13;&#10;                    }&#13;&#10;                    if (isNearDoubleCorners() &amp;&amp; this.isCrowned) {&#13;&#10;                        returnValue += nearDoubleBonus;&#13;&#10;                    }&#13;&#10;&#13;&#10;                    if (checkersBoard.analyzeFunctions.&#13;&#10;                            isOnDoubleCorners(this) &amp;&amp; this.isCrowned) {&#13;&#10;                        returnValue += doubleCornerBonus;&#13;&#10;                    }&#13;&#10;                }&#13;&#10;&#13;&#10;            }&#13;&#10;            if (!isCrowned&#13;&#10;                    &amp;&amp; ((checkersBoard.checkAllegiance(this, true)&#13;&#10;                            &amp;&amp; y == 1)&#13;&#10;                            || (checkersBoard.checkAllegiance(this, false)&#13;&#10;                                    &amp;&amp; y == 6))) {&#13;&#10;                returnValue += crownAble;&#13;&#10;            }&#13;&#10;&#13;&#10;            if (!isCrowned&#13;&#10;                    &amp;&amp; ((checkersBoard.checkAllegiance(this, true)&#13;&#10;                            &amp;&amp; y == 7)&#13;&#10;                            || (checkersBoard.checkAllegiance(this, false)&#13;&#10;                                    &amp;&amp; y == 0))) {&#13;&#10;                returnValue += backlineBonus / 2;&#13;&#10;                if(gameState == isMidGame) {&#13;&#10;                    returnValue += backlineBonus / 2; &#13;&#10;                }&#13;&#10;            }&#13;&#10;            if (isCrowned) {&#13;&#10;                returnValue += kingBonus;&#13;&#10;            }&#13;&#10;            currentValue = returnValue;&#13;&#10;        }&#13;&#10;    }&#13;&#10;&#13;&#10;    private boolean isNearDoubleCorners() {&#13;&#10;        if ((this.getX() == 1 &amp;&amp; this.getY() == 2)&#13;&#10;                || (this.getX() == 2 &amp;&amp; this.getY() == 1)&#13;&#10;                || (this.getX() == 6 &amp;&amp; this.getY() == 5)&#13;&#10;                || (this.getX() == 5 &amp;&amp; this.getY() == 6)&#13;&#10;                || (this.getX() == 2 &amp;&amp; this.getY() == 3)&#13;&#10;                || (this.getX() == 3 &amp;&amp; this.getY() == 2)&#13;&#10;                || (this.getX() == 4 &amp;&amp; this.getY() == 5)&#13;&#10;                || (this.getX() == 5 &amp;&amp; this.getY() == 4)) {&#13;&#10;            return true;&#13;&#10;        }&#13;&#10;        return false;&#13;&#10;    }&#13;&#10;&#13;&#10;    private int blockValue() {&#13;&#10;        int returnValue = 0;&#13;&#10;        int diff = 1;&#13;&#10;        if (checkersBoard.checkAllegiance(this, true)) {&#13;&#10;            diff = -1;&#13;&#10;        }&#13;&#10;        returnValue += blockFields(this.x - 1, this.y + diff);&#13;&#10;        returnValue += blockFields(this.x + 1, this.y + diff);&#13;&#10;        if (this.isCrowned) {&#13;&#10;            returnValue += blockFields(this.x - 1, this.y - diff);&#13;&#10;            returnValue += blockFields(this.x + 1, this.y - diff);&#13;&#10;        }&#13;&#10;        return (returnValue / 100) * blockBonus;&#13;&#10;    }&#13;&#10;&#13;&#10;    private int blockFields(int xToCheck, int yToCheck) {&#13;&#10;        if (checkersBoard.checkBounds(xToCheck, yToCheck)) {&#13;&#10;            if (checkersBoard.myBoard[xToCheck][yToCheck].isEmpty()) {&#13;&#10;                int returnValue = 0;&#13;&#10;                Field thisField = checkersBoard.myBoard[xToCheck][yToCheck];&#13;&#10;                returnValue += checkBlockade(xToCheck - 1,&#13;&#10;                        yToCheck - 1, thisField);&#13;&#10;                returnValue += checkBlockade(xToCheck - 1,&#13;&#10;                        yToCheck + 1, thisField);&#13;&#10;                returnValue += checkBlockade(xToCheck + 1,&#13;&#10;                        yToCheck - 1, thisField);&#13;&#10;                returnValue += checkBlockade(xToCheck + 1,&#13;&#10;                        yToCheck + 1, thisField);&#13;&#10;                return returnValue;&#13;&#10;            }&#13;&#10;        }&#13;&#10;&#13;&#10;        return 0;&#13;&#10;    }&#13;&#10;&#13;&#10;    private int checkBlockade(int xToCheck, int yToCheck, Field blockField) {&#13;&#10;        boolean checkForOpponent = !checkersBoard.checkAllegiance(this, true);&#13;&#10;        if (checkersBoard.checkBounds(xToCheck, yToCheck)) {&#13;&#10;            if (checkersBoard.checkAllegiance(checkersBoard.&#13;&#10;                    myBoard[xToCheck][yToCheck], checkForOpponent)) {&#13;&#10;                int diff = 1;&#13;&#10;                if (checkForOpponent) {&#13;&#10;                    diff = -1;&#13;&#10;                }&#13;&#10;                int procentBlocked = 0;&#13;&#10;                procentBlocked += 25;&#13;&#10;                if (checkersBoard.fieldOccupied(xToCheck - 1,&#13;&#10;                        yToCheck + diff)) {&#13;&#10;                    procentBlocked += 25;&#13;&#10;                }&#13;&#10;                if (checkersBoard.fieldOccupied(xToCheck + 1,&#13;&#10;                        yToCheck + diff)) {&#13;&#10;                    procentBlocked += 25;&#13;&#10;                }&#13;&#10;&#13;&#10;                if (checkersBoard.myBoard[xToCheck][yToCheck].&#13;&#10;                        getPieceOnField().isCrowned) {&#13;&#10;                    if (checkersBoard.fieldOccupied(xToCheck - 1,&#13;&#10;                            yToCheck - diff)) {&#13;&#10;                        procentBlocked += 25;&#13;&#10;                    }&#13;&#10;                    if (checkersBoard.fieldOccupied(xToCheck + 1,&#13;&#10;                            yToCheck - diff)) {&#13;&#10;                        procentBlocked += 25;&#13;&#10;                    }&#13;&#10;                } else {&#13;&#10;                    procentBlocked += 50;&#13;&#10;                }&#13;&#10;                return procentBlocked;&#13;&#10;            }&#13;&#10;        }&#13;&#10;        return 0;&#13;&#10;    }&#13;&#10;&#13;&#10;    private int closestPiece() {&#13;&#10;        boolean found = false;&#13;&#10;        int distance = 0;&#13;&#10;        while (!found &amp;&amp; distance &lt; 8) {&#13;&#10;            distance += 1;&#13;&#10;            OUTERMOST: for (int i = -distance; i &lt; 1 + distance; i++) {&#13;&#10;                for (int j = -distance; j &lt; 1 + distance; j++) {&#13;&#10;                    if (checkersBoard.&#13;&#10;                            checkBounds(x + i, y + j)) {&#13;&#10;                        if (checkersBoard.checkAllegiance(&#13;&#10;                                checkersBoard.&#13;&#10;                                myBoard[x + i][y + j],&#13;&#10;                                !checkersBoard.checkAllegiance(this, true))) {&#13;&#10;                            found = true;&#13;&#10;                            break OUTERMOST;&#13;&#10;                        }&#13;&#10;                    }&#13;&#10;                }&#13;&#10;            }&#13;&#10;        }&#13;&#10;        return distance;&#13;&#10;    }&#13;&#10;}&#13;&#10;" Filename="Piece.java" Intrnl_Id="1"/>
<SrcFile Content="package com.OriginalFiles;&#13;&#10;&#13;&#10;import java.util.ArrayList;&#13;&#10;import java.util.List;&#13;&#10;&#13;&#10;public class Move {&#13;&#10;    public List&lt;Field&gt; moves;&#13;&#10;    //public boolean isJump;&#13;&#10;    public List&lt;Piece&gt; takenPieces = new ArrayList&lt;Piece&gt;();&#13;&#10;    public boolean wasKingBefore = false;&#13;&#10;&#13;&#10;    public Move(Field movefrom, Field moveto, boolean wasKing) {&#13;&#10;        List&lt;Field&gt; moveToList = new ArrayList&lt;Field&gt;();&#13;&#10;        moveToList.add(movefrom);&#13;&#10;        moveToList.add(moveto);&#13;&#10;        this.moves = moveToList;&#13;&#10;        this.wasKingBefore = wasKing;&#13;&#10;    }&#13;&#10;&#13;&#10;    public Move(List&lt;Field&gt; moveToList, boolean wasKing) {&#13;&#10;        this.moves = moveToList;&#13;&#10;        this.wasKingBefore = wasKing;&#13;&#10;    }&#13;&#10;&#13;&#10;    public Move() {&#13;&#10;        List&lt;Field&gt; moveToList = new ArrayList&lt;Field&gt;();&#13;&#10;        this.moves = moveToList;&#13;&#10;    }&#13;&#10;&#13;&#10;    public final boolean isJump() {&#13;&#10;        if (moves.size() &gt;= 2) {&#13;&#10;            Field to = moves.get(1);&#13;&#10;            Field from  = moves.get(0);&#13;&#10;&#13;&#10;            return Math.abs(from.x - to.x) == 2 &amp;&amp; Math.abs(from.y - to.y) == 2;&#13;&#10;        } else {&#13;&#10;            return false;&#13;&#10;        }&#13;&#10;    }&#13;&#10;&#13;&#10;    public final void addStep(Field step) {&#13;&#10;        this.moves.add(step);&#13;&#10;    }&#13;&#10;}&#13;&#10;&#13;&#10;" Filename="Move.java" Intrnl_Id="2"/>
<SrcFile Content="package com.OriginalFiles;&#13;&#10;import java.io.IOException;&#13;&#10;import java.util.ArrayList;&#13;&#10;import java.util.List;&#13;&#10;import custom.Exceptions.NoKingLeft;&#13;&#10;&#13;&#10;public class MI {&#13;&#10;    public RemoteNXTFunctions remoteNXT;&#13;&#10;    private final double inf = 100000.0;&#13;&#10;    private List&lt;Move&gt; simulatedMoves = new ArrayList&lt;Move&gt;();&#13;&#10;    private int side;&#13;&#10;&#13;&#10;    /* how much the AI/MI looks forward */&#13;&#10;    private int numberofmovelook;&#13;&#10;&#13;&#10;    /* how glad the MI/AI are for the result of the game */&#13;&#10;    private double gameIsWon = inf / 2;&#13;&#10;    private final int gameIsDraw = 200;&#13;&#10;&#13;&#10;    private final int isMidGame = 1;&#13;&#10;    private final int isEndgame = 2;&#13;&#10;    private final int midGameEndMax = 7;&#13;&#10;    private final int midGameEndMin = 4;&#13;&#10;&#13;&#10;    public MI(RemoteNXTFunctions inputRemoteNXT,&#13;&#10;            boolean isRobot, int hardness) {&#13;&#10;        remoteNXT = inputRemoteNXT;&#13;&#10;        numberofmovelook = hardness;&#13;&#10;        updatePieceList();&#13;&#10;        if (isRobot) {&#13;&#10;            side = 1;&#13;&#10;        } else {&#13;&#10;            side = -1;&#13;&#10;        }&#13;&#10;    }&#13;&#10;&#13;&#10;    List&lt;Piece&gt; ownPieces = new ArrayList&lt;Piece&gt;();&#13;&#10;    List&lt;Piece&gt; oppPieces = new ArrayList&lt;Piece&gt;();&#13;&#10;&#13;&#10;    private void updatePieceList() {&#13;&#10;        ownPieces.clear();&#13;&#10;        oppPieces.clear();&#13;&#10;        for (Field[] f: remoteNXT.checkersBoard.myBoard) {&#13;&#10;            for (Field q: f) {&#13;&#10;                if (!q.isEmpty()) {&#13;&#10;                    if (remoteNXT.checkersBoard.checkAllegiance(q, false)) {&#13;&#10;                        ownPieces.add(q.getPieceOnField());&#13;&#10;                    } else {&#13;&#10;                        oppPieces.add(q.getPieceOnField());&#13;&#10;                    }&#13;&#10;                }&#13;&#10;            }&#13;&#10;        }&#13;&#10;    }&#13;&#10;&#13;&#10;    /* ------------------------------------------------------------------  *&#13;&#10;    /* MI starts */&#13;&#10;&#13;&#10;    public final Move lookForBestMove() throws NoKingLeft, IOException,&#13;&#10;                                         InterruptedException {&#13;&#10;        updatePieceList();&#13;&#10;        List&lt;Move&gt; posMoves = possibleMoves(side);&#13;&#10;        List&lt;Move&gt; bestMoves = new ArrayList&lt;Move&gt;();&#13;&#10;        double price = -inf;&#13;&#10;        double tempPrice;&#13;&#10;&#13;&#10;        if (posMoves.size() == 1) {&#13;&#10;            return posMoves.get(0);&#13;&#10;        }&#13;&#10;&#13;&#10;        for (Move move : posMoves) {&#13;&#10;            simulateMove(move);&#13;&#10;&#13;&#10;            tempPrice =  -negaMax(numberofmovelook, -side, -inf, -price);&#13;&#10;            revertMove();&#13;&#10;&#13;&#10;            if (tempPrice &gt; price) {&#13;&#10;                price = tempPrice;&#13;&#10;                bestMoves.clear();&#13;&#10;                bestMoves.add(move);&#13;&#10;            } else if (tempPrice == price) {&#13;&#10;                bestMoves.add(move);&#13;&#10;            }&#13;&#10;        }&#13;&#10;        return bestMoves.get((int) (Math.random() * (bestMoves.size() - 1)));&#13;&#10;    }&#13;&#10;&#13;&#10;&#13;&#10;    private double negaMax(int depth, int turn, double alpha, double beta)&#13;&#10;            throws NoKingLeft, IOException, InterruptedException {&#13;&#10;      //latex start negaMax&#13;&#10;        if (depth == 0&#13;&#10;                || remoteNXT.checkersBoard.analyzeFunctions.&#13;&#10;                gameHasEnded(-1 == turn) != 0) {&#13;&#10;            return turn * evaluation(turn);&#13;&#10;        }&#13;&#10;        List&lt;Move&gt; moves = possibleMoves(turn);&#13;&#10;&#13;&#10;        double bestValue = -inf;&#13;&#10;        for (Move move : moves) {&#13;&#10;            simulateMove(move);&#13;&#10;            double newPrice = -negaMax(depth - 1, -turn, -beta, -alpha);&#13;&#10;            revertMove();&#13;&#10;&#13;&#10;            bestValue = max(bestValue, newPrice);&#13;&#10;            alpha = max(alpha, newPrice);&#13;&#10;            if (alpha &gt;= beta) {&#13;&#10;                break;&#13;&#10;            }&#13;&#10;        }&#13;&#10;        //latex end&#13;&#10;        return bestValue;&#13;&#10;    }&#13;&#10;&#13;&#10;    private double evaluation(int turn) {&#13;&#10;        double valueOfBoard = 0;&#13;&#10;        boolean robotHasTheMove = false;&#13;&#10;        boolean humanTurn = false;&#13;&#10;&#13;&#10;        if (turn == -1) {&#13;&#10;            humanTurn = true;&#13;&#10;        }&#13;&#10;        if (!humanTurn) {&#13;&#10;            robotHasTheMove = remoteNXT.checkersBoard.analyzeFunctions.&#13;&#10;                    hasTheMove(humanTurn, ownPieces.size(), oppPieces.size());&#13;&#10;        } else {&#13;&#10;            robotHasTheMove = !remoteNXT.checkersBoard.analyzeFunctions.&#13;&#10;                    hasTheMove(humanTurn, ownPieces.size(), oppPieces.size());&#13;&#10;        }&#13;&#10;        int state = gameState();&#13;&#10;&#13;&#10;        for (int i = 0; i &lt; ownPieces.size(); i++) {&#13;&#10;            valueOfBoard += ownPieces.get(i).priceForPiece(state,&#13;&#10;                    ownPieces.size(), oppPieces.size(), turn, robotHasTheMove);&#13;&#10;        }&#13;&#10;&#13;&#10;        for (int i = 0; i &lt; oppPieces.size(); i++) {&#13;&#10;            valueOfBoard -= oppPieces.get(i).priceForPiece(state,&#13;&#10;                    ownPieces.size(), oppPieces.size(), turn, !robotHasTheMove);&#13;&#10;        }&#13;&#10;&#13;&#10;        boolean isHuman = (turn == -1);&#13;&#10;&#13;&#10;        switch (remoteNXT.checkersBoard.&#13;&#10;                analyzeFunctions.gameHasEnded(isHuman)) {&#13;&#10;        case 1:&#13;&#10;            valueOfBoard -= gameIsWon;&#13;&#10;            break;&#13;&#10;        case 2:&#13;&#10;            valueOfBoard += gameIsWon;&#13;&#10;            break;&#13;&#10;        case 3:&#13;&#10;                valueOfBoard += gameIsDraw;&#13;&#10;            break;&#13;&#10;        default:&#13;&#10;            valueOfBoard +=  242 + (ownPieces.size() - oppPieces.size())&#13;&#10;                          * ((24 - ownPieces.size() - oppPieces.size()) * 2);&#13;&#10;            break;&#13;&#10;        }&#13;&#10;&#13;&#10;        return valueOfBoard;&#13;&#10;    }&#13;&#10;&#13;&#10;    private int gameState() {&#13;&#10;        if (min(ownPieces.size(), oppPieces.size()) &gt;= midGameEndMin&#13;&#10;                &amp;&amp; max(ownPieces.size(), oppPieces.size()) &gt;= midGameEndMax) {&#13;&#10;            return isMidGame;&#13;&#10;        }&#13;&#10;        return isEndgame;&#13;&#10;    }&#13;&#10;&#13;&#10;    private double max(double x, double y) {&#13;&#10;        if (x &lt; y) {&#13;&#10;            return y;&#13;&#10;        }&#13;&#10;        return x;&#13;&#10;    }&#13;&#10;    private double min(double x, double y) {&#13;&#10;        if (x &lt; y) {&#13;&#10;            return x;&#13;&#10;        }&#13;&#10;        return y;&#13;&#10;    }&#13;&#10;&#13;&#10;&#13;&#10;    /* MI stops */&#13;&#10;    /* ---------------------------------------------------------------------  */&#13;&#10;&#13;&#10;    private void simulateMove(Move move) throws NoKingLeft, IOException {&#13;&#10;        if (move.moves.size() &gt;= 2) {&#13;&#10;            int stop = move.moves.size() - 1;&#13;&#10;            for (int i = 0; i &lt; stop; i++) {&#13;&#10;                Field from = move.moves.get(i);&#13;&#10;                Field to = move.moves.get(i + 1);&#13;&#10;&#13;&#10;                if (Math.abs(from.x - to.x) == 2) {&#13;&#10;                    Piece takenPiece = remoteNXT.checkersBoard.myBoard&#13;&#10;                            [(from.x + to.x) / 2]&#13;&#10;                            [(from.y + to.y) / 2].getPieceOnField();&#13;&#10;                    if (remoteNXT.checkersBoard.&#13;&#10;                            checkAllegiance(takenPiece, true)) {&#13;&#10;                        oppPieces.remove(takenPiece);&#13;&#10;                    } else {&#13;&#10;                        ownPieces.remove(takenPiece);&#13;&#10;                    }&#13;&#10;                    move.takenPieces.add(takenPiece);&#13;&#10;                    remoteNXT.checkersBoard.myBoard&#13;&#10;                            [(from.x + to.x) / 2]&#13;&#10;                            [(from.y + to.y) / 2].setPieceOnField(null);&#13;&#10;                }&#13;&#10;                remoteNXT.checkersBoard.&#13;&#10;                    movePieceInRepresentation(from, to, true);&#13;&#10;            }&#13;&#10;            simulatedMoves.add(move);&#13;&#10;        }&#13;&#10;    }&#13;&#10;&#13;&#10;    private void revertMove() throws NoKingLeft, IOException {&#13;&#10;&#13;&#10;        if (simulatedMoves.size() != 0) {&#13;&#10;            Move temp = simulatedMoves.get(simulatedMoves.size() - 1);&#13;&#10;            simulatedMoves.remove(simulatedMoves.size() - 1);&#13;&#10;&#13;&#10;            int stop = temp.moves.size() - 1;&#13;&#10;            Field tempMove = null;&#13;&#10;&#13;&#10;            for (int j = stop; j &gt;= 1; j--) {&#13;&#10;                tempMove = temp.moves.get(j);&#13;&#10;                if (!tempMove.isEmpty()) {&#13;&#10;                    if (tempMove.getPieceOnField().isCrowned&#13;&#10;                            &amp;&amp; !temp.wasKingBefore) {&#13;&#10;                        if (remoteNXT.checkersBoard.&#13;&#10;                                checkAllegiance(tempMove, true)) {&#13;&#10;                            tempMove.getPieceOnField().color =&#13;&#10;                                   remoteNXT.checkersBoard.opponentPeasentColor;&#13;&#10;                        } else if (remoteNXT.checkersBoard.&#13;&#10;                                checkAllegiance(tempMove, false)) {&#13;&#10;                            tempMove.getPieceOnField().color =&#13;&#10;                                    remoteNXT.checkersBoard.myPeasentColor;&#13;&#10;                        }&#13;&#10;                        tempMove.getPieceOnField().isCrowned = false;&#13;&#10;                    }&#13;&#10;                }&#13;&#10;                remoteNXT.checkersBoard.movePieceInRepresentation(&#13;&#10;                        tempMove, temp.moves.get(j - 1), true);&#13;&#10;            }&#13;&#10;&#13;&#10;            stop = temp.takenPieces.size();&#13;&#10;&#13;&#10;            for (int i = 0; i &lt; stop; i++) {&#13;&#10;                Piece tempPiece = temp.takenPieces.get(i);&#13;&#10;                if (remoteNXT.checkersBoard.checkAllegiance(tempPiece, true)) {&#13;&#10;                    oppPieces.add(tempPiece);&#13;&#10;                } else {&#13;&#10;                    ownPieces.add(tempPiece);&#13;&#10;                }&#13;&#10;                remoteNXT.checkersBoard.myBoard&#13;&#10;                    [tempPiece.getX()][tempPiece.getY()].&#13;&#10;                    setPieceOnField(tempPiece);&#13;&#10;            }&#13;&#10;        }&#13;&#10;    }&#13;&#10;&#13;&#10;    //-1 = human, 1 = robot&#13;&#10;    private List&lt;Move&gt; possibleMoves(int moveForSide) throws&#13;&#10;                    InterruptedException, IOException, NoKingLeft {&#13;&#10;        List&lt;Move&gt; jumpMovements = new ArrayList&lt;Move&gt;();&#13;&#10;        List&lt;Move&gt; movements = new ArrayList&lt;Move&gt;();&#13;&#10;        remoteNXT.checkersBoard.updateMoveables();&#13;&#10;        for (Field[] f : remoteNXT.checkersBoard.myBoard) {&#13;&#10;            for (Field field : f) {&#13;&#10;                if (!field.isEmpty()) {&#13;&#10;                    if (field.getPieceOnField().isMoveable&#13;&#10;                            &amp;&amp; remoteNXT.checkersBoard.&#13;&#10;                            checkAllegiance(field, moveForSide == -1)) {&#13;&#10;                        //Jumps&#13;&#10;                        if (field.getPieceOnField().canJump) {&#13;&#10;                            List&lt;List&lt;Field&gt;&gt; listOfMoves =&#13;&#10;                                    remoteNXT.checkersBoard.&#13;&#10;                                    analyzeFunctions.jumpSequence(&#13;&#10;                                            field, moveForSide == 1,&#13;&#10;                                            field.getPieceOnField().isCrowned);&#13;&#10;&#13;&#10;                            for (List&lt;Field&gt; listOfFields : listOfMoves) {&#13;&#10;                                if (listOfFields.size() &gt;= 2) {&#13;&#10;                                    jumpMovements.add(new Move(listOfFields,&#13;&#10;                                            field.getPieceOnField().isCrowned));&#13;&#10;                                }&#13;&#10;                            }&#13;&#10;                        } else {  // Moves&#13;&#10;                            List&lt;Field&gt; possibleMoves =&#13;&#10;                                    remoteNXT.checkersBoard.&#13;&#10;                                    checkMoveable(field, moveForSide);&#13;&#10;                            //Simple moves&#13;&#10;                            if (!possibleMoves.isEmpty()) {&#13;&#10;                                for (Field posField : possibleMoves) {&#13;&#10;                                    Move movement = new Move(field, posField,&#13;&#10;                                            field.getPieceOnField().isCrowned);&#13;&#10;                                    movements.add(movement);&#13;&#10;                                }&#13;&#10;                            }&#13;&#10;                        }&#13;&#10;                    }&#13;&#10;                }&#13;&#10;            }&#13;&#10;        }&#13;&#10;&#13;&#10;        if (jumpMovements.size() != 0) {&#13;&#10;            return jumpMovements;&#13;&#10;        } else {&#13;&#10;            return movements;&#13;&#10;        }&#13;&#10;    }&#13;&#10;}&#13;&#10;" Filename="MI.java" Intrnl_Id="3"/>
<SrcFile Content="package com.OriginalFiles;&#13;&#10;&#13;&#10;public class Field {&#13;&#10;    //allowedField determines if is an allowed field to play on (a black field)&#13;&#10;    public boolean allowedField;&#13;&#10;    public boolean visited = false;&#13;&#10;    public int x;&#13;&#10;    public int y;&#13;&#10;    private Piece pieceOnField = null;&#13;&#10;    public Field() { };&#13;&#10;    public Field(int inputx, int inputy) {&#13;&#10;        x = inputx;&#13;&#10;        y = inputy;&#13;&#10;    }&#13;&#10;&#13;&#10;    //Get and Set to access to private variable pieceOnField.&#13;&#10;    //Updates the coordinates of an piece when assigned to a field.&#13;&#10;    public final void setPieceOnField(Piece inputPiece) {&#13;&#10;        pieceOnField = inputPiece;&#13;&#10;        if (!isEmpty()) {&#13;&#10;            pieceOnField.setXY(x, y);&#13;&#10;        }&#13;&#10;    }&#13;&#10;&#13;&#10;    public final Piece getPieceOnField() {&#13;&#10;        return pieceOnField;&#13;&#10;    }&#13;&#10;&#13;&#10;    //A field is empty, if no piece is assigned to it.&#13;&#10;    public final boolean isEmpty() {&#13;&#10;        return (pieceOnField == null);&#13;&#10;    }&#13;&#10;&#13;&#10;    //Returns true if there is a piece on the field,&#13;&#10;    //and the piece is of the given color.&#13;&#10;    public final boolean isPieceOfColor(char input) {&#13;&#10;        if (isEmpty()) {&#13;&#10;            return false;&#13;&#10;        } else {&#13;&#10;            return (pieceOnField.color == input);&#13;&#10;        }&#13;&#10;    }&#13;&#10;&#13;&#10;    //Empty the field, by un-assigning the piece of the field.&#13;&#10;    public final void emptyThisField() {&#13;&#10;        pieceOnField = null;&#13;&#10;    }&#13;&#10;}&#13;&#10;" Filename="Field.java" Intrnl_Id="4"/>
<SrcFile Content="package com.OriginalFiles;&#13;&#10;&#13;&#10;import java.io.IOException;&#13;&#10;import java.util.ArrayList;&#13;&#10;import java.util.List;&#13;&#10;import custom.Exceptions.NoKingLeft;&#13;&#10;&#13;&#10;public class Board {&#13;&#10;&#13;&#10;    public Field[][] myBoard = new Field[8][8];&#13;&#10;    public Field[] kingPlace = new Field[8];&#13;&#10;    public Field[] oppKingPlace = new Field[8];&#13;&#10;    public Field[][] trashPlace = new Field[8][3];&#13;&#10;    public Field[][] oppTrashPlace = new Field[8][2];&#13;&#10;    public Analyze analyzeFunctions;&#13;&#10;&#13;&#10;    public Communication informer;&#13;&#10;&#13;&#10;    char myPeasentColor, myKingColor, opponentPeasentColor, opponentKingColor;&#13;&#10;&#13;&#10;    public Board(RemoteNXTFunctions remoteFunc)&#13;&#10;            throws InterruptedException, IOException {&#13;&#10;        informer = new Communication(remoteFunc);&#13;&#10;        analyzeFunctions = new Analyze(this, remoteFunc);&#13;&#10;        analyzeFunctions.findMyColors();&#13;&#10;        findOpponentColors();&#13;&#10;&#13;&#10;        int x, y;&#13;&#10;&#13;&#10;        //Create the 8 times 8 board&#13;&#10;        for (x = 0; x &lt; 8; x++) {&#13;&#10;            for (y = 0; y &lt; 8; y++) {&#13;&#10;                Field temp = new Field();&#13;&#10;                temp.x = x;&#13;&#10;                temp.y = y;&#13;&#10;&#13;&#10;                //Every second field is an allowed field&#13;&#10;                //latex start ConstructorLoop&#13;&#10;                if ((x + y) % 2 == 1) {&#13;&#10;                    temp.allowedField = true;&#13;&#10;                    Piece pieceOnBoard = null;&#13;&#10;                    if (y &lt; 3) {&#13;&#10;                        pieceOnBoard = new Piece(this);&#13;&#10;                        pieceOnBoard.color = myPeasentColor;&#13;&#10;&#13;&#10;                        //Every piece on the front line of each player&#13;&#10;                        //is moveable from the start&#13;&#10;                        if (y == 2) {&#13;&#10;                            pieceOnBoard.isMoveable = true;&#13;&#10;                        }&#13;&#10;                    }&#13;&#10;                    //latex end&#13;&#10;&#13;&#10;                    if (y &gt; 4) {&#13;&#10;                        pieceOnBoard = new Piece(this);&#13;&#10;                        pieceOnBoard.color = opponentPeasentColor;&#13;&#10;                        if (y == 5) {&#13;&#10;                            pieceOnBoard.isMoveable = true;&#13;&#10;                        }&#13;&#10;                    }&#13;&#10;                    temp.setPieceOnField(pieceOnBoard);&#13;&#10;                } else {&#13;&#10;                    temp.allowedField = false;&#13;&#10;                }&#13;&#10;                myBoard[x][y] = temp;&#13;&#10;            }&#13;&#10;        }&#13;&#10;&#13;&#10;        //Set the location of the human players king pieces&#13;&#10;        //And Trashfield&#13;&#10;        //latex start ConstructorKing&#13;&#10;        for (int i = 0; i &lt; 8; i++) {&#13;&#10;            Field temp = new Field();&#13;&#10;            temp.x = i;&#13;&#10;            temp.y = -2;&#13;&#10;            Piece tempPiece = new Piece(this);&#13;&#10;            tempPiece.color = opponentKingColor;&#13;&#10;            tempPiece.isCrowned = true;&#13;&#10;            temp.setPieceOnField(tempPiece);&#13;&#10;            kingPlace[i] = temp;&#13;&#10;        }&#13;&#10;        for (int i = 0; i &lt; 8; i++) {&#13;&#10;            Field temp = new Field();&#13;&#10;            temp.x = i;&#13;&#10;            temp.y = 9;&#13;&#10;            Piece tempPiece = new Piece(this);&#13;&#10;            tempPiece.color = myKingColor;&#13;&#10;            tempPiece.isCrowned = true;&#13;&#10;            temp.setPieceOnField(tempPiece);&#13;&#10;            oppKingPlace[i] = temp;&#13;&#10;        }&#13;&#10;        //latex end&#13;&#10;        for (int j = 0; j &lt; 3; j++) {&#13;&#10;            for (int i = 0; i &lt; 8; i++) {&#13;&#10;                Field temp = new Field();&#13;&#10;                temp.x = i;&#13;&#10;                temp.y = -3 - j;&#13;&#10;                trashPlace[i][j] = temp;&#13;&#10;            }&#13;&#10;        }&#13;&#10;&#13;&#10;        for (int j = 0; j &lt; 2; j++) {&#13;&#10;            for (int i = 0; i &lt; 8; i++) {&#13;&#10;                Field temp = new Field();&#13;&#10;                temp.x = i;&#13;&#10;                temp.y = 10 + j;&#13;&#10;                oppTrashPlace[i][j] = temp;&#13;&#10;            }&#13;&#10;        }&#13;&#10;    }&#13;&#10;&#13;&#10;    public final void resetVisited() {&#13;&#10;        for (Field[] f : myBoard) {&#13;&#10;            for (Field field : f) {&#13;&#10;                field.visited = false;&#13;&#10;            }&#13;&#10;        }&#13;&#10;    }&#13;&#10;&#13;&#10;    //Sorts the list of fields to search to minimize robot movement&#13;&#10;    public final void sortListOfFields(List&lt;Field&gt; listOfFields) {&#13;&#10;        int x = 0;&#13;&#10;        int y = 0;&#13;&#10;        int sizeOflistOfFields = listOfFields.size();&#13;&#10;        for (int i = 0; i &lt; sizeOflistOfFields; i++) {&#13;&#10;            for (int n = i + 1; n &lt; sizeOflistOfFields; n++) {&#13;&#10;                if (!isGreater(listOfFields.get(i),&#13;&#10;                        listOfFields.get(n), x, y)) {&#13;&#10;                    Field temp1 = listOfFields.get(i);&#13;&#10;                    Field temp2 = listOfFields.get(n);&#13;&#10;                    listOfFields.remove(n);&#13;&#10;                    listOfFields.remove(i);&#13;&#10;                    listOfFields.add(i, temp2);&#13;&#10;                    listOfFields.add(n, temp1);&#13;&#10;                }&#13;&#10;            }&#13;&#10;            x = listOfFields.get(i).x;&#13;&#10;            y = listOfFields.get(i).y;&#13;&#10;        }&#13;&#10;    }&#13;&#10;&#13;&#10;    //Method to used in sorting the list of places to move the robot&#13;&#10;    public final boolean isGreater(Field inputField,&#13;&#10;            Field fieldToCompare, int compX, int compY) {&#13;&#10;        //Check jumps to be crowned first&#13;&#10;        if (inputField.getPieceOnField().canJump&#13;&#10;                &amp;&amp; !inputField.getPieceOnField().isCrowned&#13;&#10;                &amp;&amp; inputField.getPieceOnField().color == opponentPeasentColor&#13;&#10;                &amp;&amp; inputField.getPieceOnField().getY() == 2) {&#13;&#10;            return true;&#13;&#10;        } else if (inputField.getPieceOnField().canJump&#13;&#10;                &amp;&amp; !fieldToCompare.getPieceOnField().canJump) {&#13;&#10;            return true;&#13;&#10;        } else if (fieldToCompare.getPieceOnField().canJump&#13;&#10;                &amp;&amp; !inputField.getPieceOnField().canJump) {&#13;&#10;            return false;&#13;&#10;        } else {&#13;&#10;            if (inputField.y == 1 &amp;&amp; fieldToCompare.y != 1&#13;&#10;                    &amp;&amp; !inputField.getPieceOnField().isCrowned) {&#13;&#10;                return true;&#13;&#10;            } else if (fieldToCompare.y == 1 &amp;&amp; inputField.y != 1&#13;&#10;                    &amp;&amp; !fieldToCompare.getPieceOnField().isCrowned) {&#13;&#10;                return false;&#13;&#10;            } else {&#13;&#10;                if (distance(inputField, compX, compY)&#13;&#10;                    &gt; distance(fieldToCompare, compX, compY)) {&#13;&#10;                    return false;&#13;&#10;                } else if (distance(inputField, compX, compY)&#13;&#10;                           &lt; distance(fieldToCompare, compX, compY)) {&#13;&#10;                    return true;&#13;&#10;                } else {&#13;&#10;                    return (inputField.y &lt; fieldToCompare.y);&#13;&#10;                }&#13;&#10;            }&#13;&#10;        }&#13;&#10;    }&#13;&#10;&#13;&#10;    private int distance(Field inputField, int x, int y) {&#13;&#10;        return Math.abs(inputField.x - x) + Math.abs(inputField.y - y);&#13;&#10;    }&#13;&#10;&#13;&#10;    public final boolean verifyCorrectMove(Field field) throws&#13;&#10;    InterruptedException, IOException {&#13;&#10;        if (checkAllegiance(field, true)) {&#13;&#10;            if (field.getPieceOnField().isMoveable) {&#13;&#10;                return !(isFieldEmptyOnBoard(field.x, field.y));&#13;&#10;            }&#13;&#10;        }&#13;&#10;        return true;&#13;&#10;    }&#13;&#10;&#13;&#10;    public final boolean peasentIsOnEndRow(Field field) {&#13;&#10;        if (!field.isEmpty()) {&#13;&#10;            int checkRow;&#13;&#10;            if (checkAllegiance(field, true)) {&#13;&#10;                checkRow = 0;&#13;&#10;            } else {&#13;&#10;                checkRow = 7;&#13;&#10;            }&#13;&#10;&#13;&#10;            if (field.y == checkRow &amp;&amp; !field.getPieceOnField().isCrowned) {&#13;&#10;                return true;&#13;&#10;            }&#13;&#10;        }&#13;&#10;        return false;&#13;&#10;    }&#13;&#10;&#13;&#10;    //Moves a piece in the board representation&#13;&#10;    public final void movePieceInRepresentation(Field fromField, int toFieldX,&#13;&#10;            int toFieldY, boolean isSimulated) throws NoKingLeft, IOException {&#13;&#10;        movePieceInRepresentation(fromField,&#13;&#10;                myBoard[toFieldX][toFieldY], isSimulated);&#13;&#10;    }&#13;&#10;    //latex start movePieceInRepresentation&#13;&#10;    public final void movePieceInRepresentation(Field fromField,&#13;&#10;            Field toField, boolean isSimulated) throws NoKingLeft, IOException {&#13;&#10;        toField.setPieceOnField(fromField.getPieceOnField());&#13;&#10;        fromField.emptyThisField();&#13;&#10;        if (checkBounds(toField.x, toField.y)) {&#13;&#10;            analyzeFunctions.checkForUpgradeKing(&#13;&#10;                    toField, isSimulated);&#13;&#10;        }&#13;&#10;        //latex end&#13;&#10;    }&#13;&#10;&#13;&#10;    //Check if field has been occupied&#13;&#10;    public final boolean checkMoveDirection(Field field,&#13;&#10;            int directX, int directY) throws InterruptedException, IOException {&#13;&#10;        return (!fieldOccupied(field.x + directX, field.y + directY)&#13;&#10;            &amp;&amp; !this.isFieldEmptyOnBoard(field.x + directX, field.y + directY));&#13;&#10;    }&#13;&#10;&#13;&#10;    public final boolean isFieldEmptyOnBoard(int x, int y)&#13;&#10;            throws InterruptedException, IOException {&#13;&#10;        if (checkBounds(x, y)) {&#13;&#10;            char color = analyzeFunctions.getColor(x, y);&#13;&#10;&#13;&#10;            return color == ' ';&#13;&#10;        } else {&#13;&#10;            return false;&#13;&#10;        }&#13;&#10;    }&#13;&#10;&#13;&#10;    public final boolean fieldOccupied(int x, int y) {&#13;&#10;        if (checkBounds(x, y)) {&#13;&#10;            return !myBoard[x][y].isEmpty();&#13;&#10;        } else {&#13;&#10;            return true;&#13;&#10;        }&#13;&#10;    }&#13;&#10;&#13;&#10;    //Check if a piece can move and is jumpable&#13;&#10;    //latex start checkPiece&#13;&#10;    private void checkPiece(Field field, int dify, boolean checkForOpponent) {&#13;&#10;        field.getPieceOnField().canJump = checkJump(field,&#13;&#10;                checkForOpponent, field.getPieceOnField().isCrowned);&#13;&#10;&#13;&#10;        if (field.getPieceOnField().canJump) {&#13;&#10;            field.getPieceOnField().isMoveable = true;&#13;&#10;        } else {&#13;&#10;            field.getPieceOnField().isMoveable =&#13;&#10;                    checkMoveableBoolean(field, dify);&#13;&#10;        }&#13;&#10;    }&#13;&#10;    //latex end&#13;&#10;&#13;&#10;    private boolean checkMoveableBoolean(Field field, int dif) {&#13;&#10;        return !checkMoveable(field, dif).isEmpty();&#13;&#10;    }&#13;&#10;&#13;&#10;    //Checks if a given field is movable&#13;&#10;    public final List&lt;Field&gt; checkMoveable(Field field, int dif) {&#13;&#10;        List&lt;Field&gt; possibleMoves = new ArrayList&lt;Field&gt;();&#13;&#10;&#13;&#10;        //Check forward&#13;&#10;        if (!this.fieldOccupied(field.x - 1, field.y + dif)) {&#13;&#10;            possibleMoves.add(myBoard[field.x - 1][field.y + dif]);&#13;&#10;        }&#13;&#10;        if (!this.fieldOccupied(field.x + 1, field.y + dif)) {&#13;&#10;            possibleMoves.add(myBoard[field.x + 1][field.y + dif]);&#13;&#10;        }&#13;&#10;        //if king, check backwards also&#13;&#10;        if (field.getPieceOnField().isCrowned) {&#13;&#10;            if (!this.fieldOccupied(field.x - 1, field.y - dif)) {&#13;&#10;                possibleMoves.add(myBoard[field.x - 1][field.y - dif]);&#13;&#10;            }&#13;&#10;            if (!this.fieldOccupied(field.x + 1, field.y - dif)) {&#13;&#10;                possibleMoves.add(myBoard[field.x + 1][field.y - dif]);&#13;&#10;            }&#13;&#10;        }&#13;&#10;        return possibleMoves;&#13;&#10;    }&#13;&#10;&#13;&#10;    //Check if a given field can jump&#13;&#10;    //latex start checkJump&#13;&#10;    private boolean checkJump(Field field,&#13;&#10;            boolean checkForOpponent, boolean isCrowned) {&#13;&#10;        return (checkJumpDirectionBoolean(field, -1, -1,&#13;&#10;                        checkForOpponent, isCrowned)&#13;&#10;                || checkJumpDirectionBoolean(field, 1, -1,&#13;&#10;                        checkForOpponent, isCrowned)&#13;&#10;                || checkJumpDirectionBoolean(field, 1, 1,&#13;&#10;                        checkForOpponent, isCrowned)&#13;&#10;                || checkJumpDirectionBoolean(field, -1, 1,&#13;&#10;                        checkForOpponent, isCrowned));&#13;&#10;    }&#13;&#10;    //latex end&#13;&#10;&#13;&#10;    //Checks jumps&#13;&#10;    //latex start jumpDirection&#13;&#10;    public final Field checkJumpDirection(Field field, int difx, int dify,&#13;&#10;            boolean checkForOpponent, boolean isCrowned) {&#13;&#10;        if (((checkForOpponent &amp;&amp; dify == -1)&#13;&#10;                || (!checkForOpponent &amp;&amp; dify == 1)) &amp;&amp; !isCrowned) {&#13;&#10;            return null;&#13;&#10;        }&#13;&#10;&#13;&#10;        if (checkBounds(field.x + 2 * difx, field.y + 2 * dify)) {&#13;&#10;            if (!myBoard[field.x + 2 * difx][field.y + 2 * dify].visited) {&#13;&#10;                if (checkAllegiance(&#13;&#10;                      myBoard[field.x + difx][field.y + dify], checkForOpponent)&#13;&#10;                      &amp;&amp; !this.fieldOccupied(&#13;&#10;                      field.x + 2 * difx, field.y + 2 * dify)) {&#13;&#10;                    return myBoard[field.x + 2 * difx][field.y + 2 * dify];&#13;&#10;                }&#13;&#10;            }&#13;&#10;        }&#13;&#10;        return null;&#13;&#10;    }&#13;&#10;    //latex end&#13;&#10;&#13;&#10;    private boolean checkJumpDirectionBoolean(Field field,&#13;&#10;            int difx, int dify, boolean checkForOpponent, boolean isCrowned) {&#13;&#10;        return !(checkJumpDirection(field, difx, dify,&#13;&#10;                checkForOpponent, isCrowned) == null);&#13;&#10;    }&#13;&#10;&#13;&#10;    //Updates the movable property on each piece&#13;&#10;    public final void updateMoveables() {&#13;&#10;        resetVisited();&#13;&#10;        for (Field[] f : myBoard) {&#13;&#10;            for (Field field : f) {&#13;&#10;                if (field.allowedField) {&#13;&#10;                    if (field.getPieceOnField() != null) {&#13;&#10;                        //Check movable for robot&#13;&#10;                        if (checkAllegiance(field, false)) {&#13;&#10;                            checkPiece(field, 1, true);&#13;&#10;&#13;&#10;                        //Check movable for human&#13;&#10;                        } else {&#13;&#10;                            checkPiece(field, -1, false);&#13;&#10;                        }&#13;&#10;                    }&#13;&#10;                }&#13;&#10;            }&#13;&#10;        }&#13;&#10;        resetVisited();&#13;&#10;    }&#13;&#10;&#13;&#10;    //Sets the colors of the human players pieces&#13;&#10;    private void findOpponentColors() {&#13;&#10;        if (myPeasentColor == 'r') {&#13;&#10;            opponentPeasentColor = 'w';&#13;&#10;            opponentKingColor = 'g';&#13;&#10;        } else {&#13;&#10;            opponentPeasentColor = 'r';&#13;&#10;            opponentKingColor = 'b';&#13;&#10;        }&#13;&#10;    }&#13;&#10;&#13;&#10;&#13;&#10;    //if a piece is missing, scan whole board&#13;&#10;    public final void findMissingPiece()&#13;&#10;            throws InterruptedException, IOException {&#13;&#10;        int i, j;&#13;&#10;        boolean changer = true;&#13;&#10;&#13;&#10;        for (i = 0; i &lt; 8; i++) {&#13;&#10;            //Change direction of the robot, to minimize robot movement&#13;&#10;            if (changer) {&#13;&#10;                for (j = 0; j &lt; 8; j++) {&#13;&#10;                    if ((i + j) % 2 == 1) {&#13;&#10;                        myBoard[i][j].setPieceOnField(getPiece(i, j));&#13;&#10;                    }&#13;&#10;                }&#13;&#10;                changer = false;&#13;&#10;            } else {&#13;&#10;                for (j = 7; j &gt;= 0; j--) {&#13;&#10;                    if ((i + j) % 2 == 1) {&#13;&#10;                        myBoard[i][j].setPieceOnField(getPiece(i, j));&#13;&#10;                    }&#13;&#10;                }&#13;&#10;                changer = true;&#13;&#10;            }&#13;&#10;        }&#13;&#10;&#13;&#10;        this.updateMoveables();&#13;&#10;    }&#13;&#10;&#13;&#10;    //Get piece on given position&#13;&#10;    private Piece getPiece(int x, int y) throws IOException {&#13;&#10;        char color = analyzeFunctions.getColor(x, y);&#13;&#10;        if (color == ' ') {&#13;&#10;            return null;&#13;&#10;        } else {&#13;&#10;            Piece temp = new Piece(this);&#13;&#10;            temp.color = color;&#13;&#10;            temp.isCrowned = (color == 'g' || color == 'b');&#13;&#10;            return temp;&#13;&#10;        }&#13;&#10;    }&#13;&#10;&#13;&#10;    //Check if a given piece is the robots or the opponents&#13;&#10;   /*public final boolean checkAllegiance(Field input, boolean checkForOpponent)&#13;&#10;    {&#13;&#10;        if (checkBounds(input.x, input.y)) {&#13;&#10;                if ((input.isPieceOfColor(myPeasentColor)&#13;&#10;                    || input.isPieceOfColor(myKingColor))&amp;&amp; !checkForOpponent) {&#13;&#10;                     return true;&#13;&#10;                 }&#13;&#10;                 if ((input.isPieceOfColor(opponentPeasentColor)&#13;&#10;                         || input.isPieceOfColor(opponentKingColor))&#13;&#10;                         &amp;&amp; checkForOpponent) {&#13;&#10;                     return true;&#13;&#10;                 }&#13;&#10;                 return false;&#13;&#10;                 }&#13;&#10;        return false;&#13;&#10;    }*/&#13;&#10;    public final boolean checkAllegiance(Field input, boolean checkForOpponent)&#13;&#10;    {&#13;&#10;        if (checkBounds(input.x, input.y)) {&#13;&#10;            if (!input.isEmpty()) {&#13;&#10;                return checkAllegiance(input.getPieceOnField(),&#13;&#10;                        checkForOpponent);&#13;&#10;            }&#13;&#10;        }&#13;&#10;        return false;&#13;&#10;    }&#13;&#10;&#13;&#10;    public final boolean checkAllegiance(Piece input, boolean checkForOpponent)&#13;&#10;    {&#13;&#10;        if ((input.color == myPeasentColor&#13;&#10;                || input.color == myKingColor) &amp;&amp; !checkForOpponent) {&#13;&#10;             return true;&#13;&#10;         }&#13;&#10;         if ((input.color == opponentPeasentColor&#13;&#10;                 || input.color == opponentKingColor)&#13;&#10;                 &amp;&amp; checkForOpponent) {&#13;&#10;             return true;&#13;&#10;         }&#13;&#10;         return false;&#13;&#10;    }&#13;&#10;&#13;&#10;    //Return true if the given position is inbounds&#13;&#10;    public final boolean checkBounds(int x, int y) {&#13;&#10;        return x &gt;= 0 &amp;&amp; x &lt;= 7 &amp;&amp; y &gt;= 0 &amp;&amp; y &lt;= 7;&#13;&#10;    }&#13;&#10;}&#13;&#10;" Filename="Board.java" Intrnl_Id="5"/>
<SrcFile Content="package com.OriginalFiles;&#13;&#10;import com.CustomClasses.Color;&#13;&#10;import java.io.IOException;&#13;&#10;import java.util.ArrayList;&#13;&#10;import java.util.List;&#13;&#10;import custom.Exceptions.IllegalMove;&#13;&#10;import custom.Exceptions.NoKingLeft;&#13;&#10;&#13;&#10;public class Analyze {&#13;&#10;    private Board checkersBoard;&#13;&#10;&#13;&#10;    private Field fieldToCheck;&#13;&#10;    private int analyzeBoardRepeatNumber = 0;&#13;&#10;    private int totalAnalyzeRuns = 0;&#13;&#10;    private final int analyzeRunsBeforeReset = 10;&#13;&#10;    private RemoteNXTFunctions remoteFunctions;&#13;&#10;    private boolean pieceFound;&#13;&#10;    private boolean mustJump;&#13;&#10;&#13;&#10;    public Analyze(Board input, RemoteNXTFunctions remoteInput) {&#13;&#10;        checkersBoard = input;&#13;&#10;        remoteFunctions = remoteInput;&#13;&#10;    }&#13;&#10;&#13;&#10;    //Analyzes the current board setup&#13;&#10;    //latex start analyzeBoard&#13;&#10;    public final boolean analyzeBoard() throws InterruptedException,&#13;&#10;    IOException, NoKingLeft, IllegalMove {&#13;&#10;        if (!checkForGameHasEnded(true)) {&#13;&#10;            checkMotorCalibration();&#13;&#10;&#13;&#10;            List&lt;Field&gt; moveableList = new ArrayList&lt;Field&gt;();&#13;&#10;            moveableList = makeListOfMoveables(moveableList);&#13;&#10;            pieceFound = checkMovement(moveableList);&#13;&#10;            countDownToPanic();&#13;&#10;&#13;&#10;            //Find the pieces that are currently movable&#13;&#10;            checkersBoard.updateMoveables();&#13;&#10;            checkRobotPieceReplaced();&#13;&#10;            if (!checkForGameHasEnded(false)) {&#13;&#10;                return true;&#13;&#10;            }&#13;&#10;        }&#13;&#10;        return false;&#13;&#10;    }&#13;&#10;    //latex end&#13;&#10;&#13;&#10;    private void checkMotorCalibration() {&#13;&#10;        totalAnalyzeRuns += 1;&#13;&#10;&#13;&#10;        if (totalAnalyzeRuns &gt; analyzeRunsBeforeReset) {&#13;&#10;            totalAnalyzeRuns = 0;&#13;&#10;            remoteFunctions.resetMotors();&#13;&#10;        }&#13;&#10;    }&#13;&#10;&#13;&#10;    private List&lt;Field&gt; makeListOfMoveables(List&lt;Field&gt; moveableList) {&#13;&#10;        //Find the pieces that are currently movable&#13;&#10;        checkersBoard.updateMoveables();&#13;&#10;        for (Field[] f : checkersBoard.myBoard) {&#13;&#10;            for (Field field : f) {&#13;&#10;                if (!field.isEmpty()) {&#13;&#10;                    if (field.getPieceOnField().isMoveable&#13;&#10;                            &amp;&amp; checkersBoard.checkAllegiance(field, true)) {&#13;&#10;                        moveableList.add(field);&#13;&#10;                    }&#13;&#10;                }&#13;&#10;            }&#13;&#10;        }&#13;&#10;        checkersBoard.sortListOfFields(moveableList);&#13;&#10;        pieceFound = false;&#13;&#10;        mustJump = false;&#13;&#10;        if (moveableList.size() != 0) {&#13;&#10;            mustJump = moveableList.get(0).getPieceOnField().canJump;&#13;&#10;        }&#13;&#10;        return moveableList;&#13;&#10;    }&#13;&#10;    //latex start checkMovement&#13;&#10;    private boolean checkMovement(List&lt;Field&gt; moveableList)&#13;&#10;            throws IllegalMove, InterruptedException, IOException, NoKingLeft {&#13;&#10;        for (Field field : moveableList) {&#13;&#10;            if (checkersBoard.isFieldEmptyOnBoard(field.x, field.y)) {&#13;&#10;                if (mustJump &amp;&amp; !field.getPieceOnField().canJump) {&#13;&#10;                    throw new custom.Exceptions.IllegalMove();&#13;&#10;                }&#13;&#10;                if (this.trackMovement(field)) {&#13;&#10;                    return true;&#13;&#10;                }&#13;&#10;            }&#13;&#10;        }&#13;&#10;        return false;&#13;&#10;    }&#13;&#10;    //latex end&#13;&#10;    //latex start countDownToPanic&#13;&#10;    private void countDownToPanic()&#13;&#10;            throws InterruptedException, IOException, NoKingLeft, IllegalMove {&#13;&#10;        if (!pieceFound) {&#13;&#10;            if (analyzeBoardRepeatNumber &lt; 3) {&#13;&#10;                analyzeBoardRepeatNumber++;&#13;&#10;                analyzeBoard();&#13;&#10;                analyzeBoardRepeatNumber = 0;&#13;&#10;            } else if (analyzeBoardRepeatNumber &lt; 6) {&#13;&#10;                remoteFunctions.resetMotors();&#13;&#10;                analyzeBoardRepeatNumber++;&#13;&#10;                analyzeBoard();&#13;&#10;                analyzeBoardRepeatNumber = 0;&#13;&#10;            } else {&#13;&#10;                checkersBoard.findMissingPiece();&#13;&#10;            }&#13;&#10;        }&#13;&#10;    }&#13;&#10;    //latex end&#13;&#10;&#13;&#10;    //Try to find the piece that have been moved&#13;&#10;    private boolean trackMovement(Field field) throws IllegalMove,&#13;&#10;    InterruptedException, IOException, NoKingLeft {&#13;&#10;        boolean foundPiece = false;&#13;&#10;        if (field.getPieceOnField().canJump) {&#13;&#10;            if (findJumpPiece(field)) {&#13;&#10;                foundPiece = true;&#13;&#10;            }&#13;&#10;            if (!foundPiece) {&#13;&#10;                throw new custom.Exceptions.IllegalMove();&#13;&#10;            }&#13;&#10;        } else if (checkMove(field, -1)) {&#13;&#10;            foundPiece = true;&#13;&#10;        }&#13;&#10;&#13;&#10;        return foundPiece;&#13;&#10;    }&#13;&#10;&#13;&#10;    //Determine simple move&#13;&#10;    private boolean checkMove(Field field, int directY) throws&#13;&#10;    InterruptedException, IOException, NoKingLeft {&#13;&#10;            //Check the first direction&#13;&#10;            if (checkersBoard.checkMoveDirection(field, 1, directY)) {&#13;&#10;                if (validateMove(checkersBoard.&#13;&#10;                        myBoard[field.x + 1][field.y + directY], field)) {&#13;&#10;                    checkersBoard.movePieceInRepresentation(field,&#13;&#10;                            field.x + 1, field.y + directY, false);&#13;&#10;                    return true;&#13;&#10;                } else {&#13;&#10;                    return false;&#13;&#10;                }&#13;&#10;                //Second direction&#13;&#10;            } else if (checkersBoard.checkMoveDirection(field, -1, directY)) {&#13;&#10;                if (validateMove(checkersBoard.&#13;&#10;                        myBoard[field.x - 1][field.y + directY], field)) {&#13;&#10;                    checkersBoard.movePieceInRepresentation(field,&#13;&#10;                            field.x - 1, field.y + directY, false);&#13;&#10;                    return true;&#13;&#10;                } else {&#13;&#10;                    return false;&#13;&#10;                }&#13;&#10;                //If king, also check backwards&#13;&#10;            } else if (field.getPieceOnField().isCrowned) {&#13;&#10;                if (checkersBoard.checkMoveDirection(field, 1, -directY)) {&#13;&#10;                    if (validateMove(checkersBoard.&#13;&#10;                            myBoard[field.x + 1][field.y - directY], field)) {&#13;&#10;                        checkersBoard.movePieceInRepresentation(field,&#13;&#10;                                field.x + 1, field.y - directY, false);&#13;&#10;                        return true;&#13;&#10;                    } else {&#13;&#10;                        return false;&#13;&#10;                    }&#13;&#10;                } else if (checkersBoard.checkMoveDirection(&#13;&#10;                        field, -1, -directY)) {&#13;&#10;                    if (validateMove(checkersBoard.&#13;&#10;                            myBoard[field.x - 1][field.y - directY], field)) {&#13;&#10;                        checkersBoard.movePieceInRepresentation(field,&#13;&#10;                                field.x - 1, field.y - directY, false);&#13;&#10;                        return true;&#13;&#10;                    } else {&#13;&#10;                        return false;&#13;&#10;                    }&#13;&#10;                }&#13;&#10;            }&#13;&#10;        return false;&#13;&#10;    }&#13;&#10;&#13;&#10;    //Checks if it could have been another piece that moved&#13;&#10;    private boolean validateMove(Field field, Field fromField) throws&#13;&#10;    InterruptedException, IOException {&#13;&#10;&#13;&#10;        List&lt;Field&gt; checkArray = new ArrayList&lt;Field&gt;();&#13;&#10;        if (checkersBoard.checkBounds(field.x + 1, field.y + 1)) {&#13;&#10;            checkArray.add(checkersBoard.myBoard[field.x + 1][field.y + 1]);&#13;&#10;        }&#13;&#10;        if (checkersBoard.checkBounds(field.x + 1, field.y - 1)) {&#13;&#10;            checkArray.add(checkersBoard.myBoard[field.x + 1][field.y - 1]);&#13;&#10;        }&#13;&#10;        if (checkersBoard.checkBounds(field.x - 1, field.y - 1)) {&#13;&#10;            checkArray.add(checkersBoard.myBoard[field.x - 1][field.y - 1]);&#13;&#10;        }&#13;&#10;        if (checkersBoard.checkBounds(field.x - 1, field.y + 1)) {&#13;&#10;            checkArray.add(checkersBoard.myBoard[field.x - 1][field.y + 1]);&#13;&#10;        }&#13;&#10;        boolean returnValue = true;&#13;&#10;        for (int i = 0; i &lt; checkArray.size(); i++) {&#13;&#10;            if (!(checkArray.get(i).x == fromField.x&#13;&#10;                    &amp;&amp; checkArray.get(i).y == fromField.y)) {&#13;&#10;                returnValue = checkersBoard.verifyCorrectMove(&#13;&#10;                        checkArray.get(i));&#13;&#10;            }&#13;&#10;            if (!returnValue) {&#13;&#10;                return returnValue;&#13;&#10;            }&#13;&#10;        }&#13;&#10;        return returnValue;&#13;&#10;    }&#13;&#10;&#13;&#10;    public final List&lt;List&lt;Field&gt;&gt; jumpSequence(Field input,&#13;&#10;            boolean checkForOpponent, boolean isCrowned) throws&#13;&#10;            InterruptedException, IOException, NoKingLeft {&#13;&#10;        input.visited = true;&#13;&#10;        List&lt;List&lt;Field&gt;&gt; returnList = new ArrayList&lt;List&lt;Field&gt;&gt;();&#13;&#10;        Field tempField = checkersBoard.checkJumpDirection(input,&#13;&#10;                -1, 1, checkForOpponent, isCrowned);&#13;&#10;        if (tempField != null) {&#13;&#10;            returnList.addAll(jumpSequence(tempField, checkForOpponent,&#13;&#10;                    isCrowned));&#13;&#10;        }&#13;&#10;        tempField = checkersBoard.checkJumpDirection(input,&#13;&#10;                -1, -1, checkForOpponent, isCrowned);&#13;&#10;        if (tempField != null) {&#13;&#10;            returnList.addAll(jumpSequence(tempField, checkForOpponent,&#13;&#10;                    isCrowned));&#13;&#10;        }&#13;&#10;        tempField = checkersBoard.checkJumpDirection(input,&#13;&#10;                1, -1, checkForOpponent, isCrowned);&#13;&#10;        if (tempField != null) {&#13;&#10;            returnList.addAll(jumpSequence(tempField, checkForOpponent,&#13;&#10;                    isCrowned));&#13;&#10;        }&#13;&#10;        tempField = checkersBoard.checkJumpDirection(input, 1, 1,&#13;&#10;                checkForOpponent, isCrowned);&#13;&#10;        if (tempField != null) {&#13;&#10;            returnList.addAll(jumpSequence(tempField, checkForOpponent,&#13;&#10;                    isCrowned));&#13;&#10;        }&#13;&#10;&#13;&#10;        if (returnList.size() == 0) {&#13;&#10;            returnList.add(new ArrayList&lt;Field&gt;());&#13;&#10;        }&#13;&#10;&#13;&#10;        for (int i = 0; i &lt; returnList.size(); i++) {&#13;&#10;            returnList.get(i).add(0, input);&#13;&#10;        }&#13;&#10;        return returnList;&#13;&#10;    }&#13;&#10;&#13;&#10;    private boolean findJumpPiece(Field field) throws&#13;&#10;    InterruptedException, IOException, NoKingLeft {&#13;&#10;        List&lt;List&lt;Field&gt;&gt; jumpList = new ArrayList&lt;List&lt;Field&gt;&gt;();&#13;&#10;        jumpList = jumpSequence(field, false,&#13;&#10;                field.getPieceOnField().isCrowned);&#13;&#10;        checkersBoard.resetVisited();&#13;&#10;        for (int i = 0; i &lt; jumpList.size(); i++) {&#13;&#10;            List&lt;Field&gt; tempList = jumpList.get(i);&#13;&#10;            Field desField = tempList.get(tempList.size() - 1);&#13;&#10;            if (!checkersBoard.isFieldEmptyOnBoard(desField.x, desField.y)) {&#13;&#10;                checkersBoard.movePieceInRepresentation(field, desField, false);&#13;&#10;                int stopj = tempList.size() - 1;&#13;&#10;                for (int j = 0; j &lt; stopj; j++) {&#13;&#10;                    Field tempfield = tempList.get(j);&#13;&#10;                    Field tempfield2 = tempList.get(j + 1);&#13;&#10;                    Field takenField = checkersBoard.myBoard&#13;&#10;                            [(tempfield.x + tempfield2.x) / 2]&#13;&#10;                                    [(tempfield.y + tempfield2.y) / 2];&#13;&#10;                    if (takenField.getPieceOnField().isCrowned) {&#13;&#10;                        int k = 7;&#13;&#10;                        while (!(k &lt; 0)) {&#13;&#10;                            if (checkersBoard.oppKingPlace[k].isEmpty()) {&#13;&#10;                                //Insert king at location&#13;&#10;                                checkersBoard.movePieceInRepresentation(&#13;&#10;                                        takenField,&#13;&#10;                                        checkersBoard.oppKingPlace[k], true);&#13;&#10;                            }&#13;&#10;                            k--;&#13;&#10;                        }&#13;&#10;                    } else {&#13;&#10;                        int l = 0;&#13;&#10;                        int h = 0;&#13;&#10;                        OUTER: while (h &lt;= checkersBoard.&#13;&#10;                                oppTrashPlace[0].length - 1) {&#13;&#10;                            while (l &lt;= checkersBoard.&#13;&#10;                                    oppTrashPlace.length - 1) {&#13;&#10;                                if (checkersBoard.&#13;&#10;                                        oppTrashPlace[l][h].isEmpty()) {&#13;&#10;                                    break OUTER;&#13;&#10;                                }&#13;&#10;                                l++;&#13;&#10;                            }&#13;&#10;                            h++;&#13;&#10;                            l = 0;&#13;&#10;                        }&#13;&#10;                        checkersBoard.movePieceInRepresentation(takenField,&#13;&#10;                                checkersBoard.oppTrashPlace[l][h], false);&#13;&#10;                    }&#13;&#10;                }&#13;&#10;                return true;&#13;&#10;            }&#13;&#10;        }&#13;&#10;        return false;&#13;&#10;    }&#13;&#10;&#13;&#10;    public final void checkForUpgradeKing(Field field, boolean isSimulated)&#13;&#10;            throws NoKingLeft, IOException {&#13;&#10;        if (checkersBoard.peasentIsOnEndRow(field)) {&#13;&#10;            if (checkersBoard.checkAllegiance(field, false)) {&#13;&#10;                if (isSimulated) {&#13;&#10;                    field.getPieceOnField().color = checkersBoard.myKingColor;&#13;&#10;                    field.getPieceOnField().isCrowned = true;&#13;&#10;                } else {&#13;&#10;                    replaceRobotKing(field);&#13;&#10;                    fieldToCheck = field;&#13;&#10;                }&#13;&#10;            } else {&#13;&#10;                if (isSimulated) {&#13;&#10;                    field.getPieceOnField().color =&#13;&#10;                            checkersBoard.opponentKingColor;&#13;&#10;                    field.getPieceOnField().isCrowned = true;&#13;&#10;                } else {&#13;&#10;                    boolean foundOne = false;&#13;&#10;                    int i = 0;&#13;&#10;                    while (!foundOne) {&#13;&#10;                        if (i &gt; 7) {&#13;&#10;                            throw new custom.Exceptions.NoKingLeft();&#13;&#10;                        }&#13;&#10;                        if (!checkersBoard.kingPlace[i].isEmpty()) {&#13;&#10;                            //Move old piece to trash&#13;&#10;                            remoteFunctions.trashPieceOnField(field);&#13;&#10;                            //Insert king at location&#13;&#10;                            remoteFunctions.doMove(new Move(&#13;&#10;                                    checkersBoard.kingPlace[i], field, true));&#13;&#10;                            foundOne = true;&#13;&#10;                        }&#13;&#10;                        i++;&#13;&#10;                    }&#13;&#10;                }&#13;&#10;            }&#13;&#10;        }&#13;&#10;    }&#13;&#10;&#13;&#10;    private void replaceRobotKing(Field toKingField)&#13;&#10;            throws NoKingLeft, IOException {&#13;&#10;        int i = 0;&#13;&#10;        int l = 0;&#13;&#10;        int h = 0;&#13;&#10;&#13;&#10;        OUTER: while (h &lt;= checkersBoard.&#13;&#10;                oppTrashPlace[0].length - 1) {&#13;&#10;&#13;&#10;            while (l &lt;= checkersBoard.&#13;&#10;                    oppTrashPlace.length - 1) {&#13;&#10;&#13;&#10;                if (checkersBoard.&#13;&#10;                        oppTrashPlace[l][h].isEmpty()) {&#13;&#10;                    break OUTER;&#13;&#10;                }&#13;&#10;                l++;&#13;&#10;            }&#13;&#10;            h++;&#13;&#10;            l = 0;&#13;&#10;        }&#13;&#10;        checkersBoard.movePieceInRepresentation(toKingField,&#13;&#10;                checkersBoard.oppTrashPlace[l][h], false);&#13;&#10;        OUTER: while (!(i &gt; 7)) {&#13;&#10;            if (!checkersBoard.oppKingPlace[i].isEmpty()) {&#13;&#10;                //Insert king at location&#13;&#10;                checkersBoard.movePieceInRepresentation(&#13;&#10;                        checkersBoard.oppKingPlace[i],&#13;&#10;                        toKingField, true);&#13;&#10;                break OUTER;&#13;&#10;            } else {&#13;&#10;                i++;&#13;&#10;            }&#13;&#10;        }&#13;&#10;&#13;&#10;        if (i &gt; 7) {&#13;&#10;           throw new custom.Exceptions.NoKingLeft();&#13;&#10;        }&#13;&#10;    }&#13;&#10;&#13;&#10;    //Function to check if user have replaced the&#13;&#10;    //robots peasant piece with a king piece&#13;&#10;    public final void checkRobotPieceReplaced() throws IOException, NoKingLeft {&#13;&#10;        if (fieldToCheck != null) {&#13;&#10;            boolean checkCondition = true;&#13;&#10;            while (checkCondition) {&#13;&#10;                if (getColor(fieldToCheck.x, fieldToCheck.y)&#13;&#10;                        == checkersBoard.myKingColor) {&#13;&#10;                    checkCondition = false;&#13;&#10;&#13;&#10;                    fieldToCheck = null;&#13;&#10;                } else {&#13;&#10;                    checkersBoard.informer.myKingNotPlaced();&#13;&#10;                    remoteFunctions.waitForRedButton();&#13;&#10;                }&#13;&#10;            }&#13;&#10;        }&#13;&#10;    }&#13;&#10;&#13;&#10;    //Sets the colors of the pieces of the robot&#13;&#10;    public final void findMyColors() throws InterruptedException, IOException {&#13;&#10;        checkersBoard.myPeasentColor = getColor(0, 1);&#13;&#10;        if (checkersBoard.myPeasentColor == 'r') {&#13;&#10;            checkersBoard.myKingColor = 'b';&#13;&#10;        } else if (checkersBoard.myPeasentColor == 'w') {&#13;&#10;            checkersBoard.myKingColor = 'g';&#13;&#10;        } else {&#13;&#10;            remoteFunctions.resetMotors();&#13;&#10;            remoteFunctions.initColorSensor();&#13;&#10;            findMyColors();&#13;&#10;        }&#13;&#10;    }&#13;&#10;&#13;&#10;    //Returns the color on the given position&#13;&#10;    public final char getColor(int x, int y) throws IOException {&#13;&#10;        Color colorResult = remoteFunctions.getColorOnField(x, y);&#13;&#10;&#13;&#10;        int red = colorResult.getRed();&#13;&#10;        int green = colorResult.getGreen();&#13;&#10;        int blue = colorResult.getBlue();&#13;&#10;        if (red &gt; 230 &amp;&amp; red &lt; 290 &amp;&amp; green &lt; 130 &amp;&amp; green &gt; 60&#13;&#10;                &amp;&amp; blue &lt; 140 &amp;&amp; blue &gt; 60) {&#13;&#10;            return 'r';&#13;&#10;        } else if (red &gt; 230 &amp;&amp; red &lt; 285 &amp;&amp; green &gt; 235 &amp;&amp; green &lt; 285&#13;&#10;                &amp;&amp; blue &gt; 230 &amp;&amp; blue &lt; 280) {&#13;&#10;            return 'w';&#13;&#10;        } else if (red &lt; 230 &amp;&amp; red &gt; 170 &amp;&amp; green &gt; 210 &amp;&amp; green &lt; 290&#13;&#10;                &amp;&amp; blue &lt; 230 &amp;&amp; blue &gt; 170) {&#13;&#10;            return 'g';&#13;&#10;        } else if (red &lt; 170 &amp;&amp; red &gt; 110 &amp;&amp; green &lt; 240 &amp;&amp; green &gt; 180&#13;&#10;                &amp;&amp; blue &gt; 210 &amp;&amp; blue &lt; 270) {&#13;&#10;            return 'b';&#13;&#10;        } else {&#13;&#10;            return ' ';&#13;&#10;        }&#13;&#10;    }&#13;&#10;&#13;&#10;    public final boolean checkForGameHasEnded(boolean isHumansTurn)&#13;&#10;            throws IOException, NoKingLeft {&#13;&#10;        switch (gameHasEnded(isHumansTurn)) {&#13;&#10;        case 1:&#13;&#10;            checkersBoard.informer.humanWon();&#13;&#10;            return true;&#13;&#10;        case 2:&#13;&#10;            checkersBoard.informer.robotWon();&#13;&#10;            return true;&#13;&#10;        case 3:&#13;&#10;            checkersBoard.informer.draw();&#13;&#10;            return true;&#13;&#10;        default:&#13;&#10;            return false;&#13;&#10;        }&#13;&#10;    }&#13;&#10;&#13;&#10;    /*returns 0 if game has not ended, 1 if the human won,&#13;&#10;     * 2 if the robot won and 3 if it was a draw*/&#13;&#10;    public final int gameHasEnded(boolean humanTurn) {&#13;&#10;        checkersBoard.updateMoveables();&#13;&#10;&#13;&#10;        List&lt;Piece&gt; humanPieceList = new ArrayList&lt;Piece&gt;();&#13;&#10;        List&lt;Piece&gt; robotPieceList = new ArrayList&lt;Piece&gt;();&#13;&#10;        boolean robotHasMovable = false;&#13;&#10;        boolean humanHasMovable = false;&#13;&#10;&#13;&#10;        for (Field[] f : checkersBoard.myBoard) {&#13;&#10;            for (Field field : f) {&#13;&#10;                if (!field.isEmpty()) {&#13;&#10;                    if (checkersBoard.checkAllegiance(field, true)) {&#13;&#10;                        humanPieceList.add(field.getPieceOnField());&#13;&#10;                        if (field.getPieceOnField().isMoveable) {&#13;&#10;                            humanHasMovable = true;&#13;&#10;                        }&#13;&#10;                    }&#13;&#10;                    if (checkersBoard.checkAllegiance(field, false)) {&#13;&#10;                        robotPieceList.add(field.getPieceOnField());&#13;&#10;                        if (field.getPieceOnField().isMoveable) {&#13;&#10;                            robotHasMovable = true;&#13;&#10;                        }&#13;&#10;                    }&#13;&#10;                }&#13;&#10;            }&#13;&#10;        }&#13;&#10;&#13;&#10;        if (robotPieceList.size() == 0 || (!humanTurn &amp;&amp; !robotHasMovable)) {&#13;&#10;            return 1;&#13;&#10;        }&#13;&#10;        if (humanPieceList.size() == 0 || (humanTurn &amp;&amp; !humanHasMovable)) {&#13;&#10;            return 2;&#13;&#10;        }&#13;&#10;        if (robotPieceList.size() == 1 &amp;&amp; humanPieceList.size() == 1) {&#13;&#10;            if (robotPieceList.get(0).isCrowned&#13;&#10;                    &amp;&amp; humanPieceList.get(0).isCrowned) {&#13;&#10;                boolean humanisInConer =&#13;&#10;                        isOnDoubleCorners(humanPieceList.get(0));&#13;&#10;                boolean robotisInConer =&#13;&#10;                        isOnDoubleCorners(robotPieceList.get(0));&#13;&#10;                if (humanisInConer || robotisInConer) {&#13;&#10;                    if (humanTurn &amp;&amp; !humanPieceList.get(0).canJump) {&#13;&#10;                        return 3;&#13;&#10;                    } else if (!humanTurn &amp;&amp; !robotPieceList.get(0).canJump) {&#13;&#10;                        return 3;&#13;&#10;                    }&#13;&#10;                }&#13;&#10;            }&#13;&#10;        }&#13;&#10;        return 0;&#13;&#10;    }&#13;&#10;&#13;&#10;    public final boolean hasTheMove(boolean humansTurn,&#13;&#10;            int ownPieces, int oppPieces) {&#13;&#10;        int rowToCheck = 0;&#13;&#10;        if (ownPieces - oppPieces == 0) {&#13;&#10;            if (!humansTurn) {&#13;&#10;                rowToCheck = 1;&#13;&#10;            }&#13;&#10;&#13;&#10;            int pieceCount = 0;&#13;&#10;&#13;&#10;            for (int i = rowToCheck; i &lt; 8; i += 2) {&#13;&#10;                for (int j = 0; j &lt; 8; j++) {&#13;&#10;                    if (!checkersBoard.myBoard[i][j].isEmpty()) {&#13;&#10;                        pieceCount++;&#13;&#10;                    }&#13;&#10;                }&#13;&#10;            }&#13;&#10;&#13;&#10;            if (pieceCount % 2 == 1) {&#13;&#10;                return true;&#13;&#10;            }&#13;&#10;        } else if (!humansTurn &amp;&amp; ownPieces &gt; oppPieces) {&#13;&#10;            return true;&#13;&#10;        } else if (humansTurn &amp;&amp; ownPieces &lt; oppPieces) {&#13;&#10;            return true;&#13;&#10;        }&#13;&#10;        return false;&#13;&#10;    }&#13;&#10;&#13;&#10;    public final boolean isOnDoubleCorners(Piece piece) {&#13;&#10;        if ((piece.getX() == 0 &amp;&amp; piece.getY() == 1)&#13;&#10;                || (piece.getX() == 1 &amp;&amp; piece.getY() == 0)&#13;&#10;                || (piece.getX() == 7 &amp;&amp; piece.getY() == 6)&#13;&#10;                || (piece.getX() == 6 &amp;&amp; piece.getY() == 7)) {&#13;&#10;            return true;&#13;&#10;        }&#13;&#10;        return false;&#13;&#10;    }&#13;&#10;&#13;&#10;    public final void cleanUp() throws IOException, NoKingLeft {&#13;&#10;        for (Field[] fa : checkersBoard.myBoard) {&#13;&#10;            for (Field f : fa) {&#13;&#10;                if (!f.isEmpty()) {&#13;&#10;                    placePiece(f);&#13;&#10;                }&#13;&#10;            }&#13;&#10;        }&#13;&#10;&#13;&#10;        for (Field[] fa : checkersBoard.trashPlace) {&#13;&#10;            for (Field f : fa) {&#13;&#10;                if (!f.isEmpty()) {&#13;&#10;                    placePiece(f);&#13;&#10;                }&#13;&#10;            }&#13;&#10;        }&#13;&#10;&#13;&#10;        for (Field[] fa : checkersBoard.oppTrashPlace) {&#13;&#10;            for (Field f : fa) {&#13;&#10;                if (!f.isEmpty()) {&#13;&#10;                    placePiece(f);&#13;&#10;                }&#13;&#10;            }&#13;&#10;        }&#13;&#10;    }&#13;&#10;&#13;&#10;    private void placePiece(Field fieldToMove) throws IOException, NoKingLeft {&#13;&#10;        if (fieldToMove.getPieceOnField().isCrowned) {&#13;&#10;            moveToKingRow(fieldToMove);&#13;&#10;        } else {&#13;&#10;            if (isInCorrectEnd(fieldToMove.getPieceOnField())) {&#13;&#10;                return;&#13;&#10;            } else {&#13;&#10;                movePeasent(fieldToMove);&#13;&#10;            }&#13;&#10;        }&#13;&#10;    }&#13;&#10;&#13;&#10;    private void movePeasent(Field fieldToMove) throws IOException, NoKingLeft {&#13;&#10;        if (checkersBoard.checkAllegiance(&#13;&#10;                fieldToMove.getPieceOnField(), true)) {&#13;&#10;            OUTERMOST: for (int i = 0; i &lt;= 7; i++) {&#13;&#10;                for (int j = 5; j &lt;= 7; j++) {&#13;&#10;                    if (checkersBoard.myBoard[i][j].isEmpty()&#13;&#10;                            &amp;&amp; checkersBoard.myBoard[i][j].allowedField) {&#13;&#10;                        remoteFunctions.doMove(new Move(fieldToMove,&#13;&#10;                                checkersBoard.myBoard[i][j], false));&#13;&#10;                        break OUTERMOST;&#13;&#10;                    }&#13;&#10;                }&#13;&#10;            }&#13;&#10;        } else if (checkersBoard.checkAllegiance(&#13;&#10;                fieldToMove.getPieceOnField(), false)) {&#13;&#10;            OUTERMOST: for (int i = 0; i &lt;= 7; i++) {&#13;&#10;                for (int j = 0; j &lt;= 2; j++) {&#13;&#10;                    if (checkersBoard.myBoard[i][j].isEmpty()&#13;&#10;                            &amp;&amp; checkersBoard.myBoard[i][j].allowedField) {&#13;&#10;                        remoteFunctions.doMove(new Move(fieldToMove,&#13;&#10;                                checkersBoard.myBoard[i][j], false));&#13;&#10;                        break OUTERMOST;&#13;&#10;                    }&#13;&#10;                }&#13;&#10;            }&#13;&#10;        }&#13;&#10;    }&#13;&#10;&#13;&#10;    private void moveToKingRow(Field fieldToMove)&#13;&#10;            throws IOException, NoKingLeft {&#13;&#10;        if (checkersBoard.checkAllegiance(&#13;&#10;                fieldToMove.getPieceOnField(), false)) {&#13;&#10;            int i = 0;&#13;&#10;            while (!(i &gt; 7)) {&#13;&#10;                if (checkersBoard.oppKingPlace[i].isEmpty()) {&#13;&#10;                    //Insert king at location&#13;&#10;                    remoteFunctions.doMove(new Move(fieldToMove,&#13;&#10;                            checkersBoard.oppKingPlace[i], true));&#13;&#10;                    return;&#13;&#10;                }&#13;&#10;                i++;&#13;&#10;            }&#13;&#10;        } else if (checkersBoard.checkAllegiance(&#13;&#10;                fieldToMove.getPieceOnField(), true)) {&#13;&#10;            int i = 0;&#13;&#10;            while (!(i &gt; 7)) {&#13;&#10;                if (checkersBoard.kingPlace[i].isEmpty()) {&#13;&#10;                    //Insert king at location&#13;&#10;                    remoteFunctions.doMove(new Move(fieldToMove,&#13;&#10;                            checkersBoard.kingPlace[i], true));&#13;&#10;                    return;&#13;&#10;                }&#13;&#10;                i++;&#13;&#10;            }&#13;&#10;        }&#13;&#10;    }&#13;&#10;&#13;&#10;    private boolean isInCorrectEnd(Piece pieceToCheck) {&#13;&#10;        return (checkersBoard.checkAllegiance(pieceToCheck, true)&#13;&#10;                &amp;&amp; (pieceToCheck.getY() &gt;= 5 &amp;&amp; pieceToCheck.getY() &lt;= 7))&#13;&#10;                || (checkersBoard.checkAllegiance(pieceToCheck, false)&#13;&#10;                &amp;&amp; (pieceToCheck.getY() &gt;= 0 &amp;&amp; pieceToCheck.getY() &lt;= 2));&#13;&#10;    }&#13;&#10;}&#13;&#10;" Filename="Analyze.java" Intrnl_Id="6"/>
</SrcFileList>
<CritList>
<CritListEntry Name="org.codecover.model.utils.criteria.LoopCoverage" PluginName="org.codecover"/>
<CritListEntry Name="org.codecover.model.utils.criteria.BranchCoverage" PluginName="org.codecover"/>
<CritListEntry Name="org.codecover.model.utils.criteria.ConditionCoverage" PluginName="org.codecover"/>
<CritListEntry Name="org.codecover.model.utils.criteria.SynchronizedStatementCoverage" PluginName="org.codecover"/>
<CritListEntry Name="org.codecover.model.utils.criteria.QMOCoverage" PluginName="org.codecover"/>
<CritListEntry Name="org.codecover.model.utils.criteria.StatementCoverage" PluginName="org.codecover"/>
</CritList>
<BoolOpList>
<BoolOp Arity="1" Intrnl_Id="7" Name="not (!)">
<BoolAssgnmntBoolMapList>
<MapEntry BoolAssgnmnt="0" Value="true"/>
<MapEntry BoolAssgnmnt="1" Value="false"/>
</BoolAssgnmntBoolMapList>
</BoolOp>
<BoolOp Arity="2" Intrnl_Id="8" Name="conditional and (&amp;&amp;)">
<BoolAssgnmntBoolMapList>
<MapEntry BoolAssgnmnt="10" Value="false"/>
<MapEntry BoolAssgnmnt="02" Value="false"/>
<MapEntry BoolAssgnmnt="11" Value="true"/>
</BoolAssgnmntBoolMapList>
</BoolOp>
<BoolOp Arity="2" Intrnl_Id="9" Name="conditional or (||)">
<BoolAssgnmntBoolMapList>
<MapEntry BoolAssgnmnt="01" Value="true"/>
<MapEntry BoolAssgnmnt="00" Value="false"/>
<MapEntry BoolAssgnmnt="12" Value="true"/>
</BoolAssgnmntBoolMapList>
</BoolOp>
</BoolOpList>
<HierarchyLvlTypeList>
<HierarchyLvlType EnglishName="package" IntrnlName="package" Intrnl_Id="10"/>
<HierarchyLvlType EnglishName="class" IntrnlName="class" Intrnl_Id="11"/>
<HierarchyLvlType EnglishName="method" IntrnlName="method" Intrnl_Id="12"/>
<HierarchyLvlType EnglishName="default package" IntrnlName="default package" Intrnl_Id="13"/>
</HierarchyLvlTypeList>
<MASTRoot>
<HierarchyLvl HierarchyLvlId="1190" HierarchyLvlTypeId="13" Intrnl_Id="14" Name="default package">
<Header/>
<LocList/>
<HierarchyLvl HierarchyLvlId="1189" HierarchyLvlTypeId="10" Intrnl_Id="15" Name="com">
<Header/>
<LocList/>
<HierarchyLvl HierarchyLvlId="1188" HierarchyLvlTypeId="10" Intrnl_Id="16" Name="OriginalFiles">
<Header/>
<LocList/>
<HierarchyLvl HierarchyLvlId="1109" HierarchyLvlTypeId="11" Intrnl_Id="17" Name="Piece">
<Header>
<Loc EndOffset="103" SrcFileId="1" StartOffset="85"/>
</Header>
<LocList>
<Loc EndOffset="9572" SrcFileId="1" StartOffset="85"/>
</LocList>
<StmntSeq Intrnl_Id="18">
<LocList>
<Loc EndOffset="167" SrcFileId="1" StartOffset="140"/>
<Loc EndOffset="231" SrcFileId="1" StartOffset="197"/>
<Loc EndOffset="268" SrcFileId="1" StartOffset="237"/>
<Loc EndOffset="307" SrcFileId="1" StartOffset="274"/>
<Loc EndOffset="345" SrcFileId="1" StartOffset="313"/>
<Loc EndOffset="387" SrcFileId="1" StartOffset="351"/>
<Loc EndOffset="425" SrcFileId="1" StartOffset="393"/>
<Loc EndOffset="463" SrcFileId="1" StartOffset="431"/>
<Loc EndOffset="551" SrcFileId="1" StartOffset="503"/>
<Loc EndOffset="591" SrcFileId="1" StartOffset="557"/>
<Loc EndOffset="636" SrcFileId="1" StartOffset="599"/>
<Loc EndOffset="679" SrcFileId="1" StartOffset="642"/>
<Loc EndOffset="719" SrcFileId="1" StartOffset="685"/>
<Loc EndOffset="758" SrcFileId="1" StartOffset="725"/>
<Loc EndOffset="800" SrcFileId="1" StartOffset="764"/>
<Loc EndOffset="840" SrcFileId="1" StartOffset="806"/>
<Loc EndOffset="879" SrcFileId="1" StartOffset="846"/>
<Loc EndOffset="923" SrcFileId="1" StartOffset="885"/>
<Loc EndOffset="969" SrcFileId="1" StartOffset="929"/>
<Loc EndOffset="1009" SrcFileId="1" StartOffset="975"/>
<Loc EndOffset="1088" SrcFileId="1" StartOffset="1032"/>
</LocList>
<BasicStmnt CovItemId="S1" CovItemPrefix="com.OriginalFiles.Piece.java" Intrnl_Id="19">
<LocList>
<Loc EndOffset="167" SrcFileId="1" StartOffset="140"/>
</LocList>
</BasicStmnt>
<BasicStmnt CovItemId="S2" CovItemPrefix="com.OriginalFiles.Piece.java" Intrnl_Id="20">
<LocList>
<Loc EndOffset="231" SrcFileId="1" StartOffset="197"/>
</LocList>
</BasicStmnt>
<BasicStmnt CovItemId="S3" CovItemPrefix="com.OriginalFiles.Piece.java" Intrnl_Id="21">
<LocList>
<Loc EndOffset="268" SrcFileId="1" StartOffset="237"/>
</LocList>
</BasicStmnt>
<BasicStmnt CovItemId="S4" CovItemPrefix="com.OriginalFiles.Piece.java" Intrnl_Id="22">
<LocList>
<Loc EndOffset="307" SrcFileId="1" StartOffset="274"/>
</LocList>
</BasicStmnt>
<BasicStmnt CovItemId="S5" CovItemPrefix="com.OriginalFiles.Piece.java" Intrnl_Id="23">
<LocList>
<Loc EndOffset="345" SrcFileId="1" StartOffset="313"/>
</LocList>
</BasicStmnt>
<BasicStmnt CovItemId="S6" CovItemPrefix="com.OriginalFiles.Piece.java" Intrnl_Id="24">
<LocList>
<Loc EndOffset="387" SrcFileId="1" StartOffset="351"/>
</LocList>
</BasicStmnt>
<BasicStmnt CovItemId="S7" CovItemPrefix="com.OriginalFiles.Piece.java" Intrnl_Id="25">
<LocList>
<Loc EndOffset="425" SrcFileId="1" StartOffset="393"/>
</LocList>
</BasicStmnt>
<BasicStmnt CovItemId="S8" CovItemPrefix="com.OriginalFiles.Piece.java" Intrnl_Id="26">
<LocList>
<Loc EndOffset="463" SrcFileId="1" StartOffset="431"/>
</LocList>
</BasicStmnt>
<BasicStmnt CovItemId="S9" CovItemPrefix="com.OriginalFiles.Piece.java" Intrnl_Id="27">
<LocList>
<Loc EndOffset="551" SrcFileId="1" StartOffset="503"/>
</LocList>
</BasicStmnt>
<BasicStmnt CovItemId="S10" CovItemPrefix="com.OriginalFiles.Piece.java" Intrnl_Id="28">
<LocList>
<Loc EndOffset="591" SrcFileId="1" StartOffset="557"/>
</LocList>
</BasicStmnt>
<BasicStmnt CovItemId="S11" CovItemPrefix="com.OriginalFiles.Piece.java" Intrnl_Id="29">
<LocList>
<Loc EndOffset="636" SrcFileId="1" StartOffset="599"/>
</LocList>
</BasicStmnt>
<BasicStmnt CovItemId="S12" CovItemPrefix="com.OriginalFiles.Piece.java" Intrnl_Id="30">
<LocList>
<Loc EndOffset="679" SrcFileId="1" StartOffset="642"/>
</LocList>
</BasicStmnt>
<BasicStmnt CovItemId="S13" CovItemPrefix="com.OriginalFiles.Piece.java" Intrnl_Id="31">
<LocList>
<Loc EndOffset="719" SrcFileId="1" StartOffset="685"/>
</LocList>
</BasicStmnt>
<BasicStmnt CovItemId="S14" CovItemPrefix="com.OriginalFiles.Piece.java" Intrnl_Id="32">
<LocList>
<Loc EndOffset="758" SrcFileId="1" StartOffset="725"/>
</LocList>
</BasicStmnt>
<BasicStmnt CovItemId="S15" CovItemPrefix="com.OriginalFiles.Piece.java" Intrnl_Id="33">
<LocList>
<Loc EndOffset="800" SrcFileId="1" StartOffset="764"/>
</LocList>
</BasicStmnt>
<BasicStmnt CovItemId="S16" CovItemPrefix="com.OriginalFiles.Piece.java" Intrnl_Id="34">
<LocList>
<Loc EndOffset="840" SrcFileId="1" StartOffset="806"/>
</LocList>
</BasicStmnt>
<BasicStmnt CovItemId="S17" CovItemPrefix="com.OriginalFiles.Piece.java" Intrnl_Id="35">
<LocList>
<Loc EndOffset="879" SrcFileId="1" StartOffset="846"/>
</LocList>
</BasicStmnt>
<BasicStmnt CovItemId="S18" CovItemPrefix="com.OriginalFiles.Piece.java" Intrnl_Id="36">
<LocList>
<Loc EndOffset="923" SrcFileId="1" StartOffset="885"/>
</LocList>
</BasicStmnt>
<BasicStmnt CovItemId="S19" CovItemPrefix="com.OriginalFiles.Piece.java" Intrnl_Id="37">
<LocList>
<Loc EndOffset="969" SrcFileId="1" StartOffset="929"/>
</LocList>
</BasicStmnt>
<BasicStmnt CovItemId="S20" CovItemPrefix="com.OriginalFiles.Piece.java" Intrnl_Id="38">
<LocList>
<Loc EndOffset="1009" SrcFileId="1" StartOffset="975"/>
</LocList>
</BasicStmnt>
<BasicStmnt CovItemId="S21" CovItemPrefix="com.OriginalFiles.Piece.java" Intrnl_Id="39">
<LocList>
<Loc EndOffset="1088" SrcFileId="1" StartOffset="1032"/>
</LocList>
</BasicStmnt>
</StmntSeq>
<HierarchyLvl HierarchyLvlId="1095" HierarchyLvlTypeId="12" Intrnl_Id="40" Name="Piece">
<Header>
<Loc EndOffset="1121" SrcFileId="1" StartOffset="1096"/>
</Header>
<LocList>
<Loc EndOffset="1162" SrcFileId="1" StartOffset="1096"/>
</LocList>
<StmntSeq Intrnl_Id="41">
<LocList>
<Loc EndOffset="1155" SrcFileId="1" StartOffset="1133"/>
</LocList>
<BasicStmnt CovItemId="S22" CovItemPrefix="com.OriginalFiles.Piece.java" Intrnl_Id="42">
<LocList>
<Loc EndOffset="1155" SrcFileId="1" StartOffset="1133"/>
</LocList>
</BasicStmnt>
</StmntSeq>
</HierarchyLvl>
<HierarchyLvl HierarchyLvlId="1096" HierarchyLvlTypeId="12" Intrnl_Id="43" Name="getY">
<Header>
<Loc EndOffset="1193" SrcFileId="1" StartOffset="1170"/>
</Header>
<LocList>
<Loc EndOffset="1221" SrcFileId="1" StartOffset="1170"/>
</LocList>
<StmntSeq Intrnl_Id="44">
<LocList>
<Loc EndOffset="1214" SrcFileId="1" StartOffset="1205"/>
</LocList>
<BasicStmnt CovItemId="S23" CovItemPrefix="com.OriginalFiles.Piece.java" Intrnl_Id="45">
<LocList>
<Loc EndOffset="1214" SrcFileId="1" StartOffset="1205"/>
</LocList>
</BasicStmnt>
</StmntSeq>
</HierarchyLvl>
<HierarchyLvl HierarchyLvlId="1097" HierarchyLvlTypeId="12" Intrnl_Id="46" Name="getX">
<Header>
<Loc EndOffset="1252" SrcFileId="1" StartOffset="1229"/>
</Header>
<LocList>
<Loc EndOffset="1280" SrcFileId="1" StartOffset="1229"/>
</LocList>
<StmntSeq Intrnl_Id="47">
<LocList>
<Loc EndOffset="1273" SrcFileId="1" StartOffset="1264"/>
</LocList>
<BasicStmnt CovItemId="S24" CovItemPrefix="com.OriginalFiles.Piece.java" Intrnl_Id="48">
<LocList>
<Loc EndOffset="1273" SrcFileId="1" StartOffset="1264"/>
</LocList>
</BasicStmnt>
</StmntSeq>
</HierarchyLvl>
<HierarchyLvl HierarchyLvlId="1098" HierarchyLvlTypeId="12" Intrnl_Id="49" Name="setXY">
<Header>
<Loc EndOffset="1335" SrcFileId="1" StartOffset="1288"/>
</Header>
<LocList>
<Loc EndOffset="1869" SrcFileId="1" StartOffset="1288"/>
</LocList>
<StmntSeq Intrnl_Id="50">
<LocList>
<Loc EndOffset="1358" SrcFileId="1" StartOffset="1347"/>
<Loc EndOffset="1379" SrcFileId="1" StartOffset="1368"/>
<Loc EndOffset="1831" SrcFileId="1" StartOffset="1389"/>
<Loc EndOffset="1862" SrcFileId="1" StartOffset="1841"/>
</LocList>
<BasicStmnt CovItemId="S25" CovItemPrefix="com.OriginalFiles.Piece.java" Intrnl_Id="51">
<LocList>
<Loc EndOffset="1358" SrcFileId="1" StartOffset="1347"/>
</LocList>
</BasicStmnt>
<BasicStmnt CovItemId="S26" CovItemPrefix="com.OriginalFiles.Piece.java" Intrnl_Id="52">
<LocList>
<Loc EndOffset="1379" SrcFileId="1" StartOffset="1368"/>
</LocList>
</BasicStmnt>
<CondStmnt CovItemId="S27" CovItemPrefix="com.OriginalFiles.Piece.java" Intrnl_Id="53">
<Branch CovItemId="B1" CovItemPrefix="com.OriginalFiles.Piece.java" Implct="false" Intrnl_Id="54">
<Cond/>
<LocList>
<Loc EndOffset="1780" SrcFileId="1" StartOffset="1439"/>
</LocList>
<StmntSeq Intrnl_Id="55">
<LocList>
<Loc EndOffset="1607" SrcFileId="1" StartOffset="1454"/>
<Loc EndOffset="1710" SrcFileId="1" StartOffset="1621"/>
<Loc EndOffset="1769" SrcFileId="1" StartOffset="1726"/>
</LocList>
<CondStmnt CovItemId="S28" CovItemPrefix="com.OriginalFiles.Piece.java" Intrnl_Id="56">
<Branch CovItemId="B3" CovItemPrefix="com.OriginalFiles.Piece.java" Implct="false" Intrnl_Id="57">
<Cond/>
<LocList>
<Loc EndOffset="1607" SrcFileId="1" StartOffset="1552"/>
</LocList>
<StmntSeq Intrnl_Id="58">
<LocList>
<Loc EndOffset="1592" SrcFileId="1" StartOffset="1571"/>
</LocList>
<BasicStmnt CovItemId="S29" CovItemPrefix="com.OriginalFiles.Piece.java" Intrnl_Id="59">
<LocList>
<Loc EndOffset="1592" SrcFileId="1" StartOffset="1571"/>
</LocList>
</BasicStmnt>
</StmntSeq>
</Branch>
<Branch CovItemId="B4" CovItemPrefix="com.OriginalFiles.Piece.java" Implct="true" Intrnl_Id="60">
<Cond/>
<LocList/>
<StmntSeq Intrnl_Id="61">
<LocList/>
</StmntSeq>
</Branch>
<Keyword EndOffset="1456" SrcFileId="1" StartOffset="1454"/>
<LocList>
<Loc EndOffset="1607" SrcFileId="1" StartOffset="1454"/>
</LocList>
<RootTerm CovItemId="C2" CovItemPrefix="com.OriginalFiles.Piece.java" Intrnl_Id="62">
<OpTerm BooleanOpId="8" Intrnl_Id="63">
<BasicBoolTerm Intrnl_Id="64">
<LocList>
<Loc EndOffset="1503" SrcFileId="1" StartOffset="1458"/>
</LocList>
</BasicBoolTerm>
<BasicBoolTerm Intrnl_Id="65">
<LocList>
<Loc EndOffset="1550" SrcFileId="1" StartOffset="1528"/>
</LocList>
</BasicBoolTerm>
<LocList>
<Loc EndOffset="1527" SrcFileId="1" StartOffset="1525"/>
</LocList>
</OpTerm>
</RootTerm>
</CondStmnt>
<CondStmnt CovItemId="S30" CovItemPrefix="com.OriginalFiles.Piece.java" Intrnl_Id="66">
<Branch CovItemId="B5" CovItemPrefix="com.OriginalFiles.Piece.java" Implct="false" Intrnl_Id="67">
<Cond/>
<LocList>
<Loc EndOffset="1710" SrcFileId="1" StartOffset="1647"/>
</LocList>
<StmntSeq Intrnl_Id="68">
<LocList>
<Loc EndOffset="1695" SrcFileId="1" StartOffset="1666"/>
</LocList>
<BasicStmnt CovItemId="S31" CovItemPrefix="com.OriginalFiles.Piece.java" Intrnl_Id="69">
<LocList>
<Loc EndOffset="1695" SrcFileId="1" StartOffset="1666"/>
</LocList>
</BasicStmnt>
</StmntSeq>
</Branch>
<Branch CovItemId="B6" CovItemPrefix="com.OriginalFiles.Piece.java" Implct="true" Intrnl_Id="70">
<Cond/>
<LocList/>
<StmntSeq Intrnl_Id="71">
<LocList/>
</StmntSeq>
</Branch>
<Keyword EndOffset="1623" SrcFileId="1" StartOffset="1621"/>
<LocList>
<Loc EndOffset="1710" SrcFileId="1" StartOffset="1621"/>
</LocList>
<RootTerm CovItemId="C3" CovItemPrefix="com.OriginalFiles.Piece.java" Intrnl_Id="72">
<BasicBoolTerm Intrnl_Id="73">
<LocList>
<Loc EndOffset="1645" SrcFileId="1" StartOffset="1625"/>
</LocList>
</BasicBoolTerm>
</RootTerm>
</CondStmnt>
<BasicStmnt CovItemId="S32" CovItemPrefix="com.OriginalFiles.Piece.java" Intrnl_Id="74">
<LocList>
<Loc EndOffset="1769" SrcFileId="1" StartOffset="1726"/>
</LocList>
</BasicStmnt>
</StmntSeq>
</Branch>
<Branch CovItemId="B2" CovItemPrefix="com.OriginalFiles.Piece.java" Implct="false" Intrnl_Id="75">
<Cond>
<Loc EndOffset="1785" SrcFileId="1" StartOffset="1781"/>
</Cond>
<LocList>
<Loc EndOffset="1831" SrcFileId="1" StartOffset="1786"/>
</LocList>
<StmntSeq Intrnl_Id="76">
<LocList>
<Loc EndOffset="1820" SrcFileId="1" StartOffset="1801"/>
</LocList>
<BasicStmnt CovItemId="S33" CovItemPrefix="com.OriginalFiles.Piece.java" Intrnl_Id="77">
<LocList>
<Loc EndOffset="1820" SrcFileId="1" StartOffset="1801"/>
</LocList>
</BasicStmnt>
</StmntSeq>
</Branch>
<Keyword EndOffset="1391" SrcFileId="1" StartOffset="1389"/>
<LocList>
<Loc EndOffset="1831" SrcFileId="1" StartOffset="1389"/>
</LocList>
<RootTerm CovItemId="C1" CovItemPrefix="com.OriginalFiles.Piece.java" Intrnl_Id="78">
<OpTerm BooleanOpId="8" Intrnl_Id="79">
<BasicBoolTerm Intrnl_Id="80">
<LocList>
<Loc EndOffset="1424" SrcFileId="1" StartOffset="1393"/>
</LocList>
</BasicBoolTerm>
<BasicBoolTerm Intrnl_Id="81">
<LocList>
<Loc EndOffset="1437" SrcFileId="1" StartOffset="1428"/>
</LocList>
</BasicBoolTerm>
<LocList>
<Loc EndOffset="1427" SrcFileId="1" StartOffset="1425"/>
</LocList>
</OpTerm>
</RootTerm>
</CondStmnt>
<BasicStmnt CovItemId="S34" CovItemPrefix="com.OriginalFiles.Piece.java" Intrnl_Id="82">
<LocList>
<Loc EndOffset="1862" SrcFileId="1" StartOffset="1841"/>
</LocList>
</BasicStmnt>
</StmntSeq>
</HierarchyLvl>
<HierarchyLvl HierarchyLvlId="1099" HierarchyLvlTypeId="12" Intrnl_Id="83" Name="isOnBoard">
<Header>
<Loc EndOffset="1904" SrcFileId="1" StartOffset="1877"/>
</Header>
<LocList>
<Loc EndOffset="2074" SrcFileId="1" StartOffset="1877"/>
</LocList>
<StmntSeq Intrnl_Id="84">
<LocList>
<Loc EndOffset="2067" SrcFileId="1" StartOffset="1916"/>
</LocList>
<CondStmnt CovItemId="S35" CovItemPrefix="com.OriginalFiles.Piece.java" Intrnl_Id="85">
<Branch CovItemId="B7" CovItemPrefix="com.OriginalFiles.Piece.java" Implct="false" Intrnl_Id="86">
<Cond/>
<LocList>
<Loc EndOffset="1991" SrcFileId="1" StartOffset="1953"/>
</LocList>
<StmntSeq Intrnl_Id="87">
<LocList>
<Loc EndOffset="1980" SrcFileId="1" StartOffset="1968"/>
</LocList>
<BasicStmnt CovItemId="S36" CovItemPrefix="com.OriginalFiles.Piece.java" Intrnl_Id="88">
<LocList>
<Loc EndOffset="1980" SrcFileId="1" StartOffset="1968"/>
</LocList>
</BasicStmnt>
</StmntSeq>
</Branch>
<Branch CovItemId="B8" CovItemPrefix="com.OriginalFiles.Piece.java" Implct="false" Intrnl_Id="89">
<Cond>
<Loc EndOffset="1996" SrcFileId="1" StartOffset="1992"/>
</Cond>
<LocList>
<Loc EndOffset="2067" SrcFileId="1" StartOffset="1997"/>
</LocList>
<StmntSeq Intrnl_Id="90">
<LocList>
<Loc EndOffset="2029" SrcFileId="1" StartOffset="2012"/>
<Loc EndOffset="2056" SrcFileId="1" StartOffset="2043"/>
</LocList>
<BasicStmnt CovItemId="S37" CovItemPrefix="com.OriginalFiles.Piece.java" Intrnl_Id="91">
<LocList>
<Loc EndOffset="2029" SrcFileId="1" StartOffset="2012"/>
</LocList>
</BasicStmnt>
<BasicStmnt CovItemId="S38" CovItemPrefix="com.OriginalFiles.Piece.java" Intrnl_Id="92">
<LocList>
<Loc EndOffset="2056" SrcFileId="1" StartOffset="2043"/>
</LocList>
</BasicStmnt>
</StmntSeq>
</Branch>
<Keyword EndOffset="1918" SrcFileId="1" StartOffset="1916"/>
<LocList>
<Loc EndOffset="2067" SrcFileId="1" StartOffset="1916"/>
</LocList>
<RootTerm CovItemId="C4" CovItemPrefix="com.OriginalFiles.Piece.java" Intrnl_Id="93">
<BasicBoolTerm Intrnl_Id="94">
<LocList>
<Loc EndOffset="1951" SrcFileId="1" StartOffset="1920"/>
</LocList>
</BasicBoolTerm>
</RootTerm>
</CondStmnt>
</StmntSeq>
</HierarchyLvl>
<HierarchyLvl HierarchyLvlId="1100" HierarchyLvlTypeId="12" Intrnl_Id="95" Name="priceForPiece">
<Header>
<Loc EndOffset="2208" SrcFileId="1" StartOffset="2082"/>
</Header>
<LocList>
<Loc EndOffset="2415" SrcFileId="1" StartOffset="2082"/>
</LocList>
<StmntSeq Intrnl_Id="96">
<LocList>
<Loc EndOffset="2378" SrcFileId="1" StartOffset="2220"/>
<Loc EndOffset="2408" SrcFileId="1" StartOffset="2388"/>
</LocList>
<CondStmnt CovItemId="S39" CovItemPrefix="com.OriginalFiles.Piece.java" Intrnl_Id="97">
<Branch CovItemId="B9" CovItemPrefix="com.OriginalFiles.Piece.java" Implct="false" Intrnl_Id="98">
<Cond/>
<LocList>
<Loc EndOffset="2378" SrcFileId="1" StartOffset="2284"/>
</LocList>
<StmntSeq Intrnl_Id="99">
<LocList>
<Loc EndOffset="2367" SrcFileId="1" StartOffset="2299"/>
</LocList>
<BasicStmnt CovItemId="S40" CovItemPrefix="com.OriginalFiles.Piece.java" Intrnl_Id="100">
<LocList>
<Loc EndOffset="2367" SrcFileId="1" StartOffset="2299"/>
</LocList>
</BasicStmnt>
</StmntSeq>
</Branch>
<Branch CovItemId="B10" CovItemPrefix="com.OriginalFiles.Piece.java" Implct="true" Intrnl_Id="101">
<Cond/>
<LocList/>
<StmntSeq Intrnl_Id="102">
<LocList/>
</StmntSeq>
</Branch>
<Keyword EndOffset="2222" SrcFileId="1" StartOffset="2220"/>
<LocList>
<Loc EndOffset="2378" SrcFileId="1" StartOffset="2220"/>
</LocList>
<RootTerm CovItemId="C5" CovItemPrefix="com.OriginalFiles.Piece.java" Intrnl_Id="103">
<OpTerm BooleanOpId="9" Intrnl_Id="104">
<BasicBoolTerm Intrnl_Id="105">
<LocList>
<Loc EndOffset="2256" SrcFileId="1" StartOffset="2224"/>
</LocList>
</BasicBoolTerm>
<BasicBoolTerm Intrnl_Id="106">
<LocList>
<Loc EndOffset="2282" SrcFileId="1" StartOffset="2260"/>
</LocList>
</BasicBoolTerm>
<LocList>
<Loc EndOffset="2259" SrcFileId="1" StartOffset="2257"/>
</LocList>
</OpTerm>
</RootTerm>
</CondStmnt>
<BasicStmnt CovItemId="S41" CovItemPrefix="com.OriginalFiles.Piece.java" Intrnl_Id="107">
<LocList>
<Loc EndOffset="2408" SrcFileId="1" StartOffset="2388"/>
</LocList>
</BasicStmnt>
</StmntSeq>
</HierarchyLvl>
<HierarchyLvl HierarchyLvlId="1101" HierarchyLvlTypeId="12" Intrnl_Id="108" Name="min">
<Header>
<Loc EndOffset="2452" SrcFileId="1" StartOffset="2423"/>
</Header>
<LocList>
<Loc EndOffset="2536" SrcFileId="1" StartOffset="2423"/>
</LocList>
<StmntSeq Intrnl_Id="109">
<LocList>
<Loc EndOffset="2510" SrcFileId="1" StartOffset="2464"/>
<Loc EndOffset="2529" SrcFileId="1" StartOffset="2520"/>
</LocList>
<CondStmnt CovItemId="S42" CovItemPrefix="com.OriginalFiles.Piece.java" Intrnl_Id="110">
<Branch CovItemId="B11" CovItemPrefix="com.OriginalFiles.Piece.java" Implct="false" Intrnl_Id="111">
<Cond/>
<LocList>
<Loc EndOffset="2510" SrcFileId="1" StartOffset="2475"/>
</LocList>
<StmntSeq Intrnl_Id="112">
<LocList>
<Loc EndOffset="2499" SrcFileId="1" StartOffset="2490"/>
</LocList>
<BasicStmnt CovItemId="S43" CovItemPrefix="com.OriginalFiles.Piece.java" Intrnl_Id="113">
<LocList>
<Loc EndOffset="2499" SrcFileId="1" StartOffset="2490"/>
</LocList>
</BasicStmnt>
</StmntSeq>
</Branch>
<Branch CovItemId="B12" CovItemPrefix="com.OriginalFiles.Piece.java" Implct="true" Intrnl_Id="114">
<Cond/>
<LocList/>
<StmntSeq Intrnl_Id="115">
<LocList/>
</StmntSeq>
</Branch>
<Keyword EndOffset="2466" SrcFileId="1" StartOffset="2464"/>
<LocList>
<Loc EndOffset="2510" SrcFileId="1" StartOffset="2464"/>
</LocList>
<RootTerm CovItemId="C6" CovItemPrefix="com.OriginalFiles.Piece.java" Intrnl_Id="116">
<BasicBoolTerm Intrnl_Id="117">
<LocList>
<Loc EndOffset="2473" SrcFileId="1" StartOffset="2468"/>
</LocList>
</BasicBoolTerm>
</RootTerm>
</CondStmnt>
<BasicStmnt CovItemId="S44" CovItemPrefix="com.OriginalFiles.Piece.java" Intrnl_Id="118">
<LocList>
<Loc EndOffset="2529" SrcFileId="1" StartOffset="2520"/>
</LocList>
</BasicStmnt>
</StmntSeq>
</HierarchyLvl>
<HierarchyLvl HierarchyLvlId="1102" HierarchyLvlTypeId="12" Intrnl_Id="119" Name="updatePriceMidgame">
<Header>
<Loc EndOffset="2577" SrcFileId="1" StartOffset="2544"/>
</Header>
<LocList>
<Loc EndOffset="2639" SrcFileId="1" StartOffset="2544"/>
</LocList>
<StmntSeq Intrnl_Id="120">
<LocList>
<Loc EndOffset="2632" SrcFileId="1" StartOffset="2589"/>
</LocList>
<BasicStmnt CovItemId="S45" CovItemPrefix="com.OriginalFiles.Piece.java" Intrnl_Id="121">
<LocList>
<Loc EndOffset="2632" SrcFileId="1" StartOffset="2589"/>
</LocList>
</BasicStmnt>
</StmntSeq>
</HierarchyLvl>
<HierarchyLvl HierarchyLvlId="1103" HierarchyLvlTypeId="12" Intrnl_Id="122" Name="updatePrice">
<Header>
<Loc EndOffset="2764" SrcFileId="1" StartOffset="2647"/>
</Header>
<LocList>
<Loc EndOffset="5162" SrcFileId="1" StartOffset="2647"/>
</LocList>
<StmntSeq Intrnl_Id="123">
<LocList>
<Loc EndOffset="5155" SrcFileId="1" StartOffset="2776"/>
</LocList>
<CondStmnt CovItemId="S46" CovItemPrefix="com.OriginalFiles.Piece.java" Intrnl_Id="124">
<Branch CovItemId="B13" CovItemPrefix="com.OriginalFiles.Piece.java" Implct="false" Intrnl_Id="125">
<Cond/>
<LocList>
<Loc EndOffset="5155" SrcFileId="1" StartOffset="2793"/>
</LocList>
<StmntSeq Intrnl_Id="126">
<LocList>
<Loc EndOffset="2840" SrcFileId="1" StartOffset="2808"/>
<Loc EndOffset="2885" SrcFileId="1" StartOffset="2854"/>
<Loc EndOffset="3017" SrcFileId="1" StartOffset="2899"/>
<Loc EndOffset="3185" SrcFileId="1" StartOffset="3031"/>
<Loc EndOffset="4240" SrcFileId="1" StartOffset="3199"/>
<Loc EndOffset="4562" SrcFileId="1" StartOffset="4254"/>
<Loc EndOffset="5015" SrcFileId="1" StartOffset="4578"/>
<Loc EndOffset="5103" SrcFileId="1" StartOffset="5029"/>
<Loc EndOffset="5144" SrcFileId="1" StartOffset="5117"/>
</LocList>
<BasicStmnt CovItemId="S47" CovItemPrefix="com.OriginalFiles.Piece.java" Intrnl_Id="127">
<LocList>
<Loc EndOffset="2840" SrcFileId="1" StartOffset="2808"/>
</LocList>
</BasicStmnt>
<BasicStmnt CovItemId="S48" CovItemPrefix="com.OriginalFiles.Piece.java" Intrnl_Id="128">
<LocList>
<Loc EndOffset="2885" SrcFileId="1" StartOffset="2854"/>
</LocList>
</BasicStmnt>
<CondStmnt CovItemId="S49" CovItemPrefix="com.OriginalFiles.Piece.java" Intrnl_Id="129">
<Branch CovItemId="B15" CovItemPrefix="com.OriginalFiles.Piece.java" Implct="false" Intrnl_Id="130">
<Cond/>
<LocList>
<Loc EndOffset="3017" SrcFileId="1" StartOffset="2953"/>
</LocList>
<StmntSeq Intrnl_Id="131">
<LocList>
<Loc EndOffset="3002" SrcFileId="1" StartOffset="2972"/>
</LocList>
<BasicStmnt CovItemId="S50" CovItemPrefix="com.OriginalFiles.Piece.java" Intrnl_Id="132">
<LocList>
<Loc EndOffset="3002" SrcFileId="1" StartOffset="2972"/>
</LocList>
</BasicStmnt>
</StmntSeq>
</Branch>
<Branch CovItemId="B16" CovItemPrefix="com.OriginalFiles.Piece.java" Implct="true" Intrnl_Id="133">
<Cond/>
<LocList/>
<StmntSeq Intrnl_Id="134">
<LocList/>
</StmntSeq>
</Branch>
<Keyword EndOffset="2901" SrcFileId="1" StartOffset="2899"/>
<LocList>
<Loc EndOffset="3017" SrcFileId="1" StartOffset="2899"/>
</LocList>
<RootTerm CovItemId="C8" CovItemPrefix="com.OriginalFiles.Piece.java" Intrnl_Id="135">
<BasicBoolTerm Intrnl_Id="136">
<LocList>
<Loc EndOffset="2951" SrcFileId="1" StartOffset="2903"/>
</LocList>
</BasicBoolTerm>
</RootTerm>
</CondStmnt>
<CondStmnt CovItemId="S51" CovItemPrefix="com.OriginalFiles.Piece.java" Intrnl_Id="137">
<Branch CovItemId="B17" CovItemPrefix="com.OriginalFiles.Piece.java" Implct="false" Intrnl_Id="138">
<Cond/>
<LocList>
<Loc EndOffset="3185" SrcFileId="1" StartOffset="3059"/>
</LocList>
<StmntSeq Intrnl_Id="139">
<LocList>
<Loc EndOffset="3170" SrcFileId="1" StartOffset="3078"/>
</LocList>
<BasicStmnt CovItemId="S52" CovItemPrefix="com.OriginalFiles.Piece.java" Intrnl_Id="140">
<LocList>
<Loc EndOffset="3170" SrcFileId="1" StartOffset="3078"/>
</LocList>
</BasicStmnt>
</StmntSeq>
</Branch>
<Branch CovItemId="B18" CovItemPrefix="com.OriginalFiles.Piece.java" Implct="true" Intrnl_Id="141">
<Cond/>
<LocList/>
<StmntSeq Intrnl_Id="142">
<LocList/>
</StmntSeq>
</Branch>
<Keyword EndOffset="3033" SrcFileId="1" StartOffset="3031"/>
<LocList>
<Loc EndOffset="3185" SrcFileId="1" StartOffset="3031"/>
</LocList>
<RootTerm CovItemId="C9" CovItemPrefix="com.OriginalFiles.Piece.java" Intrnl_Id="143">
<BasicBoolTerm Intrnl_Id="144">
<LocList>
<Loc EndOffset="3057" SrcFileId="1" StartOffset="3035"/>
</LocList>
</BasicBoolTerm>
</RootTerm>
</CondStmnt>
<CondStmnt CovItemId="S53" CovItemPrefix="com.OriginalFiles.Piece.java" Intrnl_Id="145">
<Branch CovItemId="B19" CovItemPrefix="com.OriginalFiles.Piece.java" Implct="false" Intrnl_Id="146">
<Cond/>
<LocList>
<Loc EndOffset="4240" SrcFileId="1" StartOffset="3227"/>
</LocList>
<StmntSeq Intrnl_Id="147">
<LocList>
<Loc EndOffset="3394" SrcFileId="1" StartOffset="3246"/>
<Loc EndOffset="3666" SrcFileId="1" StartOffset="3412"/>
<Loc EndOffset="4223" SrcFileId="1" StartOffset="3686"/>
</LocList>
<CondStmnt CovItemId="S54" CovItemPrefix="com.OriginalFiles.Piece.java" Intrnl_Id="148">
<Branch CovItemId="B21" CovItemPrefix="com.OriginalFiles.Piece.java" Implct="false" Intrnl_Id="149">
<Cond/>
<LocList>
<Loc EndOffset="3394" SrcFileId="1" StartOffset="3259"/>
</LocList>
<StmntSeq Intrnl_Id="150">
<LocList>
<Loc EndOffset="3310" SrcFileId="1" StartOffset="3282"/>
<Loc EndOffset="3375" SrcFileId="1" StartOffset="3332"/>
</LocList>
<BasicStmnt CovItemId="S55" CovItemPrefix="com.OriginalFiles.Piece.java" Intrnl_Id="151">
<LocList>
<Loc EndOffset="3310" SrcFileId="1" StartOffset="3282"/>
</LocList>
</BasicStmnt>
<BasicStmnt CovItemId="S56" CovItemPrefix="com.OriginalFiles.Piece.java" Intrnl_Id="152">
<LocList>
<Loc EndOffset="3375" SrcFileId="1" StartOffset="3332"/>
</LocList>
</BasicStmnt>
</StmntSeq>
</Branch>
<Branch CovItemId="B22" CovItemPrefix="com.OriginalFiles.Piece.java" Implct="true" Intrnl_Id="153">
<Cond/>
<LocList/>
<StmntSeq Intrnl_Id="154">
<LocList/>
</StmntSeq>
</Branch>
<Keyword EndOffset="3248" SrcFileId="1" StartOffset="3246"/>
<LocList>
<Loc EndOffset="3394" SrcFileId="1" StartOffset="3246"/>
</LocList>
<RootTerm CovItemId="C11" CovItemPrefix="com.OriginalFiles.Piece.java" Intrnl_Id="155">
<BasicBoolTerm Intrnl_Id="156">
<LocList>
<Loc EndOffset="3257" SrcFileId="1" StartOffset="3250"/>
</LocList>
</BasicBoolTerm>
</RootTerm>
</CondStmnt>
<CondStmnt CovItemId="S57" CovItemPrefix="com.OriginalFiles.Piece.java" Intrnl_Id="157">
<Branch CovItemId="B23" CovItemPrefix="com.OriginalFiles.Piece.java" Implct="false" Intrnl_Id="158">
<Cond/>
<LocList>
<Loc EndOffset="3666" SrcFileId="1" StartOffset="3433"/>
</LocList>
<StmntSeq Intrnl_Id="159">
<LocList>
<Loc EndOffset="3647" SrcFileId="1" StartOffset="3456"/>
</LocList>
<CondStmnt CovItemId="S58" CovItemPrefix="com.OriginalFiles.Piece.java" Intrnl_Id="160">
<Branch CovItemId="B25" CovItemPrefix="com.OriginalFiles.Piece.java" Implct="false" Intrnl_Id="161">
<Cond/>
<LocList>
<Loc EndOffset="3574" SrcFileId="1" StartOffset="3503"/>
</LocList>
<StmntSeq Intrnl_Id="162">
<LocList>
<Loc EndOffset="3551" SrcFileId="1" StartOffset="3530"/>
</LocList>
<BasicStmnt CovItemId="S59" CovItemPrefix="com.OriginalFiles.Piece.java" Intrnl_Id="163">
<LocList>
<Loc EndOffset="3551" SrcFileId="1" StartOffset="3530"/>
</LocList>
</BasicStmnt>
</StmntSeq>
</Branch>
<Branch CovItemId="B26" CovItemPrefix="com.OriginalFiles.Piece.java" Implct="false" Intrnl_Id="164">
<Cond>
<Loc EndOffset="3579" SrcFileId="1" StartOffset="3575"/>
</Cond>
<LocList>
<Loc EndOffset="3647" SrcFileId="1" StartOffset="3580"/>
</LocList>
<StmntSeq Intrnl_Id="165">
<LocList>
<Loc EndOffset="3624" SrcFileId="1" StartOffset="3607"/>
</LocList>
<BasicStmnt CovItemId="S60" CovItemPrefix="com.OriginalFiles.Piece.java" Intrnl_Id="166">
<LocList>
<Loc EndOffset="3624" SrcFileId="1" StartOffset="3607"/>
</LocList>
</BasicStmnt>
</StmntSeq>
</Branch>
<Keyword EndOffset="3458" SrcFileId="1" StartOffset="3456"/>
<LocList>
<Loc EndOffset="3647" SrcFileId="1" StartOffset="3456"/>
</LocList>
<RootTerm CovItemId="C13" CovItemPrefix="com.OriginalFiles.Piece.java" Intrnl_Id="167">
<BasicBoolTerm Intrnl_Id="168">
<LocList>
<Loc EndOffset="3501" SrcFileId="1" StartOffset="3460"/>
</LocList>
</BasicBoolTerm>
</RootTerm>
</CondStmnt>
</StmntSeq>
</Branch>
<Branch CovItemId="B24" CovItemPrefix="com.OriginalFiles.Piece.java" Implct="true" Intrnl_Id="169">
<Cond/>
<LocList/>
<StmntSeq Intrnl_Id="170">
<LocList/>
</StmntSeq>
</Branch>
<Keyword EndOffset="3414" SrcFileId="1" StartOffset="3412"/>
<LocList>
<Loc EndOffset="3666" SrcFileId="1" StartOffset="3412"/>
</LocList>
<RootTerm CovItemId="C12" CovItemPrefix="com.OriginalFiles.Piece.java" Intrnl_Id="171">
<OpTerm BooleanOpId="7" Intrnl_Id="172">
<BasicBoolTerm Intrnl_Id="173">
<LocList>
<Loc EndOffset="3431" SrcFileId="1" StartOffset="3417"/>
</LocList>
</BasicBoolTerm>
<LocList>
<Loc EndOffset="3417" SrcFileId="1" StartOffset="3416"/>
</LocList>
</OpTerm>
</RootTerm>
</CondStmnt>
<CondStmnt CovItemId="S61" CovItemPrefix="com.OriginalFiles.Piece.java" Intrnl_Id="174">
<Branch CovItemId="B27" CovItemPrefix="com.OriginalFiles.Piece.java" Implct="false" Intrnl_Id="175">
<Cond/>
<LocList>
<Loc EndOffset="4223" SrcFileId="1" StartOffset="3710"/>
</LocList>
<StmntSeq Intrnl_Id="176">
<LocList>
<Loc EndOffset="3841" SrcFileId="1" StartOffset="3733"/>
<Loc EndOffset="3989" SrcFileId="1" StartOffset="3863"/>
<Loc EndOffset="4204" SrcFileId="1" StartOffset="4013"/>
</LocList>
<CondStmnt CovItemId="S62" CovItemPrefix="com.OriginalFiles.Piece.java" Intrnl_Id="177">
<Branch CovItemId="B29" CovItemPrefix="com.OriginalFiles.Piece.java" Implct="false" Intrnl_Id="178">
<Cond/>
<LocList>
<Loc EndOffset="3841" SrcFileId="1" StartOffset="3760"/>
</LocList>
<StmntSeq Intrnl_Id="179">
<LocList>
<Loc EndOffset="3818" SrcFileId="1" StartOffset="3787"/>
</LocList>
<BasicStmnt CovItemId="S63" CovItemPrefix="com.OriginalFiles.Piece.java" Intrnl_Id="180">
<LocList>
<Loc EndOffset="3818" SrcFileId="1" StartOffset="3787"/>
</LocList>
</BasicStmnt>
</StmntSeq>
</Branch>
<Branch CovItemId="B30" CovItemPrefix="com.OriginalFiles.Piece.java" Implct="true" Intrnl_Id="181">
<Cond/>
<LocList/>
<StmntSeq Intrnl_Id="182">
<LocList/>
</StmntSeq>
</Branch>
<Keyword EndOffset="3735" SrcFileId="1" StartOffset="3733"/>
<LocList>
<Loc EndOffset="3841" SrcFileId="1" StartOffset="3733"/>
</LocList>
<RootTerm CovItemId="C15" CovItemPrefix="com.OriginalFiles.Piece.java" Intrnl_Id="183">
<BasicBoolTerm Intrnl_Id="184">
<LocList>
<Loc EndOffset="3758" SrcFileId="1" StartOffset="3737"/>
</LocList>
</BasicBoolTerm>
</RootTerm>
</CondStmnt>
<CondStmnt CovItemId="S64" CovItemPrefix="com.OriginalFiles.Piece.java" Intrnl_Id="185">
<Branch CovItemId="B31" CovItemPrefix="com.OriginalFiles.Piece.java" Implct="false" Intrnl_Id="186">
<Cond/>
<LocList>
<Loc EndOffset="3989" SrcFileId="1" StartOffset="3908"/>
</LocList>
<StmntSeq Intrnl_Id="187">
<LocList>
<Loc EndOffset="3966" SrcFileId="1" StartOffset="3935"/>
</LocList>
<BasicStmnt CovItemId="S65" CovItemPrefix="com.OriginalFiles.Piece.java" Intrnl_Id="188">
<LocList>
<Loc EndOffset="3966" SrcFileId="1" StartOffset="3935"/>
</LocList>
</BasicStmnt>
</StmntSeq>
</Branch>
<Branch CovItemId="B32" CovItemPrefix="com.OriginalFiles.Piece.java" Implct="true" Intrnl_Id="189">
<Cond/>
<LocList/>
<StmntSeq Intrnl_Id="190">
<LocList/>
</StmntSeq>
</Branch>
<Keyword EndOffset="3865" SrcFileId="1" StartOffset="3863"/>
<LocList>
<Loc EndOffset="3989" SrcFileId="1" StartOffset="3863"/>
</LocList>
<RootTerm CovItemId="C16" CovItemPrefix="com.OriginalFiles.Piece.java" Intrnl_Id="191">
<OpTerm BooleanOpId="8" Intrnl_Id="192">
<BasicBoolTerm Intrnl_Id="193">
<LocList>
<Loc EndOffset="3888" SrcFileId="1" StartOffset="3867"/>
</LocList>
</BasicBoolTerm>
<BasicBoolTerm Intrnl_Id="194">
<LocList>
<Loc EndOffset="3906" SrcFileId="1" StartOffset="3892"/>
</LocList>
</BasicBoolTerm>
<LocList>
<Loc EndOffset="3891" SrcFileId="1" StartOffset="3889"/>
</LocList>
</OpTerm>
</RootTerm>
</CondStmnt>
<CondStmnt CovItemId="S66" CovItemPrefix="com.OriginalFiles.Piece.java" Intrnl_Id="195">
<Branch CovItemId="B33" CovItemPrefix="com.OriginalFiles.Piece.java" Implct="false" Intrnl_Id="196">
<Cond/>
<LocList>
<Loc EndOffset="4204" SrcFileId="1" StartOffset="4121"/>
</LocList>
<StmntSeq Intrnl_Id="197">
<LocList>
<Loc EndOffset="4181" SrcFileId="1" StartOffset="4148"/>
</LocList>
<BasicStmnt CovItemId="S67" CovItemPrefix="com.OriginalFiles.Piece.java" Intrnl_Id="198">
<LocList>
<Loc EndOffset="4181" SrcFileId="1" StartOffset="4148"/>
</LocList>
</BasicStmnt>
</StmntSeq>
</Branch>
<Branch CovItemId="B34" CovItemPrefix="com.OriginalFiles.Piece.java" Implct="true" Intrnl_Id="199">
<Cond/>
<LocList/>
<StmntSeq Intrnl_Id="200">
<LocList/>
</StmntSeq>
</Branch>
<Keyword EndOffset="4015" SrcFileId="1" StartOffset="4013"/>
<LocList>
<Loc EndOffset="4204" SrcFileId="1" StartOffset="4013"/>
</LocList>
<RootTerm CovItemId="C17" CovItemPrefix="com.OriginalFiles.Piece.java" Intrnl_Id="201">
<OpTerm BooleanOpId="8" Intrnl_Id="202">
<BasicBoolTerm Intrnl_Id="203">
<LocList>
<Loc EndOffset="4101" SrcFileId="1" StartOffset="4017"/>
</LocList>
</BasicBoolTerm>
<BasicBoolTerm Intrnl_Id="204">
<LocList>
<Loc EndOffset="4119" SrcFileId="1" StartOffset="4105"/>
</LocList>
</BasicBoolTerm>
<LocList>
<Loc EndOffset="4104" SrcFileId="1" StartOffset="4102"/>
</LocList>
</OpTerm>
</RootTerm>
</CondStmnt>
</StmntSeq>
</Branch>
<Branch CovItemId="B28" CovItemPrefix="com.OriginalFiles.Piece.java" Implct="true" Intrnl_Id="205">
<Cond/>
<LocList/>
<StmntSeq Intrnl_Id="206">
<LocList/>
</StmntSeq>
</Branch>
<Keyword EndOffset="3688" SrcFileId="1" StartOffset="3686"/>
<LocList>
<Loc EndOffset="4223" SrcFileId="1" StartOffset="3686"/>
</LocList>
<RootTerm CovItemId="C14" CovItemPrefix="com.OriginalFiles.Piece.java" Intrnl_Id="207">
<BasicBoolTerm Intrnl_Id="208">
<LocList>
<Loc EndOffset="3708" SrcFileId="1" StartOffset="3690"/>
</LocList>
</BasicBoolTerm>
</RootTerm>
</CondStmnt>
</StmntSeq>
</Branch>
<Branch CovItemId="B20" CovItemPrefix="com.OriginalFiles.Piece.java" Implct="true" Intrnl_Id="209">
<Cond/>
<LocList/>
<StmntSeq Intrnl_Id="210">
<LocList/>
</StmntSeq>
</Branch>
<Keyword EndOffset="3201" SrcFileId="1" StartOffset="3199"/>
<LocList>
<Loc EndOffset="4240" SrcFileId="1" StartOffset="3199"/>
</LocList>
<RootTerm CovItemId="C10" CovItemPrefix="com.OriginalFiles.Piece.java" Intrnl_Id="211">
<BasicBoolTerm Intrnl_Id="212">
<LocList>
<Loc EndOffset="3225" SrcFileId="1" StartOffset="3203"/>
</LocList>
</BasicBoolTerm>
</RootTerm>
</CondStmnt>
<CondStmnt CovItemId="S68" CovItemPrefix="com.OriginalFiles.Piece.java" Intrnl_Id="213">
<Branch CovItemId="B35" CovItemPrefix="com.OriginalFiles.Piece.java" Implct="false" Intrnl_Id="214">
<Cond/>
<LocList>
<Loc EndOffset="4562" SrcFileId="1" StartOffset="4503"/>
</LocList>
<StmntSeq Intrnl_Id="215">
<LocList>
<Loc EndOffset="4547" SrcFileId="1" StartOffset="4522"/>
</LocList>
<BasicStmnt CovItemId="S69" CovItemPrefix="com.OriginalFiles.Piece.java" Intrnl_Id="216">
<LocList>
<Loc EndOffset="4547" SrcFileId="1" StartOffset="4522"/>
</LocList>
</BasicStmnt>
</StmntSeq>
</Branch>
<Branch CovItemId="B36" CovItemPrefix="com.OriginalFiles.Piece.java" Implct="true" Intrnl_Id="217">
<Cond/>
<LocList/>
<StmntSeq Intrnl_Id="218">
<LocList/>
</StmntSeq>
</Branch>
<Keyword EndOffset="4256" SrcFileId="1" StartOffset="4254"/>
<LocList>
<Loc EndOffset="4562" SrcFileId="1" StartOffset="4254"/>
</LocList>
<RootTerm CovItemId="C18" CovItemPrefix="com.OriginalFiles.Piece.java" Intrnl_Id="219">
<OpTerm BooleanOpId="8" Intrnl_Id="220">
<OpTerm BooleanOpId="7" Intrnl_Id="221">
<BasicBoolTerm Intrnl_Id="222">
<LocList>
<Loc EndOffset="4268" SrcFileId="1" StartOffset="4259"/>
</LocList>
</BasicBoolTerm>
<LocList>
<Loc EndOffset="4259" SrcFileId="1" StartOffset="4258"/>
</LocList>
</OpTerm>
<OpTerm BooleanOpId="9" Intrnl_Id="223">
<OpTerm BooleanOpId="8" Intrnl_Id="224">
<BasicBoolTerm Intrnl_Id="225">
<LocList>
<Loc EndOffset="4336" SrcFileId="1" StartOffset="4295"/>
</LocList>
</BasicBoolTerm>
<BasicBoolTerm Intrnl_Id="226">
<LocList>
<Loc EndOffset="4375" SrcFileId="1" StartOffset="4369"/>
</LocList>
</BasicBoolTerm>
<LocList>
<Loc EndOffset="4368" SrcFileId="1" StartOffset="4366"/>
</LocList>
</OpTerm>
<OpTerm BooleanOpId="8" Intrnl_Id="227">
<BasicBoolTerm Intrnl_Id="228">
<LocList>
<Loc EndOffset="4452" SrcFileId="1" StartOffset="4410"/>
</LocList>
</BasicBoolTerm>
<BasicBoolTerm Intrnl_Id="229">
<LocList>
<Loc EndOffset="4499" SrcFileId="1" StartOffset="4493"/>
</LocList>
</BasicBoolTerm>
<LocList>
<Loc EndOffset="4492" SrcFileId="1" StartOffset="4490"/>
</LocList>
</OpTerm>
<LocList>
<Loc EndOffset="4408" SrcFileId="1" StartOffset="4406"/>
</LocList>
</OpTerm>
<LocList>
<Loc EndOffset="4292" SrcFileId="1" StartOffset="4290"/>
</LocList>
</OpTerm>
</RootTerm>
</CondStmnt>
<CondStmnt CovItemId="S70" CovItemPrefix="com.OriginalFiles.Piece.java" Intrnl_Id="230">
<Branch CovItemId="B37" CovItemPrefix="com.OriginalFiles.Piece.java" Implct="false" Intrnl_Id="231">
<Cond/>
<LocList>
<Loc EndOffset="5015" SrcFileId="1" StartOffset="4827"/>
</LocList>
<StmntSeq Intrnl_Id="232">
<LocList>
<Loc EndOffset="4879" SrcFileId="1" StartOffset="4846"/>
<Loc EndOffset="5000" SrcFileId="1" StartOffset="4897"/>
</LocList>
<BasicStmnt CovItemId="S71" CovItemPrefix="com.OriginalFiles.Piece.java" Intrnl_Id="233">
<LocList>
<Loc EndOffset="4879" SrcFileId="1" StartOffset="4846"/>
</LocList>
</BasicStmnt>
<CondStmnt CovItemId="S72" CovItemPrefix="com.OriginalFiles.Piece.java" Intrnl_Id="234">
<Branch CovItemId="B39" CovItemPrefix="com.OriginalFiles.Piece.java" Implct="false" Intrnl_Id="235">
<Cond/>
<LocList>
<Loc EndOffset="5000" SrcFileId="1" StartOffset="4924"/>
</LocList>
<StmntSeq Intrnl_Id="236">
<LocList>
<Loc EndOffset="4980" SrcFileId="1" StartOffset="4947"/>
</LocList>
<BasicStmnt CovItemId="S73" CovItemPrefix="com.OriginalFiles.Piece.java" Intrnl_Id="237">
<LocList>
<Loc EndOffset="4980" SrcFileId="1" StartOffset="4947"/>
</LocList>
</BasicStmnt>
</StmntSeq>
</Branch>
<Branch CovItemId="B40" CovItemPrefix="com.OriginalFiles.Piece.java" Implct="true" Intrnl_Id="238">
<Cond/>
<LocList/>
<StmntSeq Intrnl_Id="239">
<LocList/>
</StmntSeq>
</Branch>
<Keyword EndOffset="4899" SrcFileId="1" StartOffset="4897"/>
<LocList>
<Loc EndOffset="5000" SrcFileId="1" StartOffset="4897"/>
</LocList>
<RootTerm CovItemId="C20" CovItemPrefix="com.OriginalFiles.Piece.java" Intrnl_Id="240">
<BasicBoolTerm Intrnl_Id="241">
<LocList>
<Loc EndOffset="4922" SrcFileId="1" StartOffset="4900"/>
</LocList>
</BasicBoolTerm>
</RootTerm>
</CondStmnt>
</StmntSeq>
</Branch>
<Branch CovItemId="B38" CovItemPrefix="com.OriginalFiles.Piece.java" Implct="true" Intrnl_Id="242">
<Cond/>
<LocList/>
<StmntSeq Intrnl_Id="243">
<LocList/>
</StmntSeq>
</Branch>
<Keyword EndOffset="4580" SrcFileId="1" StartOffset="4578"/>
<LocList>
<Loc EndOffset="5015" SrcFileId="1" StartOffset="4578"/>
</LocList>
<RootTerm CovItemId="C19" CovItemPrefix="com.OriginalFiles.Piece.java" Intrnl_Id="244">
<OpTerm BooleanOpId="8" Intrnl_Id="245">
<OpTerm BooleanOpId="7" Intrnl_Id="246">
<BasicBoolTerm Intrnl_Id="247">
<LocList>
<Loc EndOffset="4592" SrcFileId="1" StartOffset="4583"/>
</LocList>
</BasicBoolTerm>
<LocList>
<Loc EndOffset="4583" SrcFileId="1" StartOffset="4582"/>
</LocList>
</OpTerm>
<OpTerm BooleanOpId="9" Intrnl_Id="248">
<OpTerm BooleanOpId="8" Intrnl_Id="249">
<BasicBoolTerm Intrnl_Id="250">
<LocList>
<Loc EndOffset="4660" SrcFileId="1" StartOffset="4619"/>
</LocList>
</BasicBoolTerm>
<BasicBoolTerm Intrnl_Id="251">
<LocList>
<Loc EndOffset="4699" SrcFileId="1" StartOffset="4693"/>
</LocList>
</BasicBoolTerm>
<LocList>
<Loc EndOffset="4692" SrcFileId="1" StartOffset="4690"/>
</LocList>
</OpTerm>
<OpTerm BooleanOpId="8" Intrnl_Id="252">
<BasicBoolTerm Intrnl_Id="253">
<LocList>
<Loc EndOffset="4776" SrcFileId="1" StartOffset="4734"/>
</LocList>
</BasicBoolTerm>
<BasicBoolTerm Intrnl_Id="254">
<LocList>
<Loc EndOffset="4823" SrcFileId="1" StartOffset="4817"/>
</LocList>
</BasicBoolTerm>
<LocList>
<Loc EndOffset="4816" SrcFileId="1" StartOffset="4814"/>
</LocList>
</OpTerm>
<LocList>
<Loc EndOffset="4732" SrcFileId="1" StartOffset="4730"/>
</LocList>
</OpTerm>
<LocList>
<Loc EndOffset="4616" SrcFileId="1" StartOffset="4614"/>
</LocList>
</OpTerm>
</RootTerm>
</CondStmnt>
<CondStmnt CovItemId="S74" CovItemPrefix="com.OriginalFiles.Piece.java" Intrnl_Id="255">
<Branch CovItemId="B41" CovItemPrefix="com.OriginalFiles.Piece.java" Implct="false" Intrnl_Id="256">
<Cond/>
<LocList>
<Loc EndOffset="5103" SrcFileId="1" StartOffset="5044"/>
</LocList>
<StmntSeq Intrnl_Id="257">
<LocList>
<Loc EndOffset="5088" SrcFileId="1" StartOffset="5063"/>
</LocList>
<BasicStmnt CovItemId="S75" CovItemPrefix="com.OriginalFiles.Piece.java" Intrnl_Id="258">
<LocList>
<Loc EndOffset="5088" SrcFileId="1" StartOffset="5063"/>
</LocList>
</BasicStmnt>
</StmntSeq>
</Branch>
<Branch CovItemId="B42" CovItemPrefix="com.OriginalFiles.Piece.java" Implct="true" Intrnl_Id="259">
<Cond/>
<LocList/>
<StmntSeq Intrnl_Id="260">
<LocList/>
</StmntSeq>
</Branch>
<Keyword EndOffset="5031" SrcFileId="1" StartOffset="5029"/>
<LocList>
<Loc EndOffset="5103" SrcFileId="1" StartOffset="5029"/>
</LocList>
<RootTerm CovItemId="C21" CovItemPrefix="com.OriginalFiles.Piece.java" Intrnl_Id="261">
<BasicBoolTerm Intrnl_Id="262">
<LocList>
<Loc EndOffset="5042" SrcFileId="1" StartOffset="5033"/>
</LocList>
</BasicBoolTerm>
</RootTerm>
</CondStmnt>
<BasicStmnt CovItemId="S76" CovItemPrefix="com.OriginalFiles.Piece.java" Intrnl_Id="263">
<LocList>
<Loc EndOffset="5144" SrcFileId="1" StartOffset="5117"/>
</LocList>
</BasicStmnt>
</StmntSeq>
</Branch>
<Branch CovItemId="B14" CovItemPrefix="com.OriginalFiles.Piece.java" Implct="true" Intrnl_Id="264">
<Cond/>
<LocList/>
<StmntSeq Intrnl_Id="265">
<LocList/>
</StmntSeq>
</Branch>
<Keyword EndOffset="2778" SrcFileId="1" StartOffset="2776"/>
<LocList>
<Loc EndOffset="5155" SrcFileId="1" StartOffset="2776"/>
</LocList>
<RootTerm CovItemId="C7" CovItemPrefix="com.OriginalFiles.Piece.java" Intrnl_Id="266">
<BasicBoolTerm Intrnl_Id="267">
<LocList>
<Loc EndOffset="2791" SrcFileId="1" StartOffset="2780"/>
</LocList>
</BasicBoolTerm>
</RootTerm>
</CondStmnt>
</StmntSeq>
</HierarchyLvl>
<HierarchyLvl HierarchyLvlId="1104" HierarchyLvlTypeId="12" Intrnl_Id="268" Name="isNearDoubleCorners">
<Header>
<Loc EndOffset="5207" SrcFileId="1" StartOffset="5170"/>
</Header>
<LocList>
<Loc EndOffset="5744" SrcFileId="1" StartOffset="5170"/>
</LocList>
<StmntSeq Intrnl_Id="269">
<LocList>
<Loc EndOffset="5714" SrcFileId="1" StartOffset="5219"/>
<Loc EndOffset="5737" SrcFileId="1" StartOffset="5724"/>
</LocList>
<CondStmnt CovItemId="S77" CovItemPrefix="com.OriginalFiles.Piece.java" Intrnl_Id="270">
<Branch CovItemId="B43" CovItemPrefix="com.OriginalFiles.Piece.java" Implct="false" Intrnl_Id="271">
<Cond/>
<LocList>
<Loc EndOffset="5714" SrcFileId="1" StartOffset="5676"/>
</LocList>
<StmntSeq Intrnl_Id="272">
<LocList>
<Loc EndOffset="5703" SrcFileId="1" StartOffset="5691"/>
</LocList>
<BasicStmnt CovItemId="S78" CovItemPrefix="com.OriginalFiles.Piece.java" Intrnl_Id="273">
<LocList>
<Loc EndOffset="5703" SrcFileId="1" StartOffset="5691"/>
</LocList>
</BasicStmnt>
</StmntSeq>
</Branch>
<Branch CovItemId="B44" CovItemPrefix="com.OriginalFiles.Piece.java" Implct="true" Intrnl_Id="274">
<Cond/>
<LocList/>
<StmntSeq Intrnl_Id="275">
<LocList/>
</StmntSeq>
</Branch>
<Keyword EndOffset="5221" SrcFileId="1" StartOffset="5219"/>
<LocList>
<Loc EndOffset="5714" SrcFileId="1" StartOffset="5219"/>
</LocList>
<RootTerm CovItemId="C22" CovItemPrefix="com.OriginalFiles.Piece.java" Intrnl_Id="276">
<OpTerm BooleanOpId="9" Intrnl_Id="277">
<OpTerm BooleanOpId="9" Intrnl_Id="278">
<OpTerm BooleanOpId="9" Intrnl_Id="279">
<OpTerm BooleanOpId="9" Intrnl_Id="280">
<OpTerm BooleanOpId="9" Intrnl_Id="281">
<OpTerm BooleanOpId="9" Intrnl_Id="282">
<OpTerm BooleanOpId="9" Intrnl_Id="283">
<OpTerm BooleanOpId="8" Intrnl_Id="284">
<BasicBoolTerm Intrnl_Id="285">
<LocList>
<Loc EndOffset="5240" SrcFileId="1" StartOffset="5224"/>
</LocList>
</BasicBoolTerm>
<BasicBoolTerm Intrnl_Id="286">
<LocList>
<Loc EndOffset="5260" SrcFileId="1" StartOffset="5244"/>
</LocList>
</BasicBoolTerm>
<LocList>
<Loc EndOffset="5243" SrcFileId="1" StartOffset="5241"/>
</LocList>
</OpTerm>
<OpTerm BooleanOpId="8" Intrnl_Id="287">
<BasicBoolTerm Intrnl_Id="288">
<LocList>
<Loc EndOffset="5299" SrcFileId="1" StartOffset="5283"/>
</LocList>
</BasicBoolTerm>
<BasicBoolTerm Intrnl_Id="289">
<LocList>
<Loc EndOffset="5319" SrcFileId="1" StartOffset="5303"/>
</LocList>
</BasicBoolTerm>
<LocList>
<Loc EndOffset="5302" SrcFileId="1" StartOffset="5300"/>
</LocList>
</OpTerm>
<LocList>
<Loc EndOffset="5281" SrcFileId="1" StartOffset="5279"/>
</LocList>
</OpTerm>
<OpTerm BooleanOpId="8" Intrnl_Id="290">
<BasicBoolTerm Intrnl_Id="291">
<LocList>
<Loc EndOffset="5358" SrcFileId="1" StartOffset="5342"/>
</LocList>
</BasicBoolTerm>
<BasicBoolTerm Intrnl_Id="292">
<LocList>
<Loc EndOffset="5378" SrcFileId="1" StartOffset="5362"/>
</LocList>
</BasicBoolTerm>
<LocList>
<Loc EndOffset="5361" SrcFileId="1" StartOffset="5359"/>
</LocList>
</OpTerm>
<LocList>
<Loc EndOffset="5340" SrcFileId="1" StartOffset="5338"/>
</LocList>
</OpTerm>
<OpTerm BooleanOpId="8" Intrnl_Id="293">
<BasicBoolTerm Intrnl_Id="294">
<LocList>
<Loc EndOffset="5417" SrcFileId="1" StartOffset="5401"/>
</LocList>
</BasicBoolTerm>
<BasicBoolTerm Intrnl_Id="295">
<LocList>
<Loc EndOffset="5437" SrcFileId="1" StartOffset="5421"/>
</LocList>
</BasicBoolTerm>
<LocList>
<Loc EndOffset="5420" SrcFileId="1" StartOffset="5418"/>
</LocList>
</OpTerm>
<LocList>
<Loc EndOffset="5399" SrcFileId="1" StartOffset="5397"/>
</LocList>
</OpTerm>
<OpTerm BooleanOpId="8" Intrnl_Id="296">
<BasicBoolTerm Intrnl_Id="297">
<LocList>
<Loc EndOffset="5476" SrcFileId="1" StartOffset="5460"/>
</LocList>
</BasicBoolTerm>
<BasicBoolTerm Intrnl_Id="298">
<LocList>
<Loc EndOffset="5496" SrcFileId="1" StartOffset="5480"/>
</LocList>
</BasicBoolTerm>
<LocList>
<Loc EndOffset="5479" SrcFileId="1" StartOffset="5477"/>
</LocList>
</OpTerm>
<LocList>
<Loc EndOffset="5458" SrcFileId="1" StartOffset="5456"/>
</LocList>
</OpTerm>
<OpTerm BooleanOpId="8" Intrnl_Id="299">
<BasicBoolTerm Intrnl_Id="300">
<LocList>
<Loc EndOffset="5535" SrcFileId="1" StartOffset="5519"/>
</LocList>
</BasicBoolTerm>
<BasicBoolTerm Intrnl_Id="301">
<LocList>
<Loc EndOffset="5555" SrcFileId="1" StartOffset="5539"/>
</LocList>
</BasicBoolTerm>
<LocList>
<Loc EndOffset="5538" SrcFileId="1" StartOffset="5536"/>
</LocList>
</OpTerm>
<LocList>
<Loc EndOffset="5517" SrcFileId="1" StartOffset="5515"/>
</LocList>
</OpTerm>
<OpTerm BooleanOpId="8" Intrnl_Id="302">
<BasicBoolTerm Intrnl_Id="303">
<LocList>
<Loc EndOffset="5594" SrcFileId="1" StartOffset="5578"/>
</LocList>
</BasicBoolTerm>
<BasicBoolTerm Intrnl_Id="304">
<LocList>
<Loc EndOffset="5614" SrcFileId="1" StartOffset="5598"/>
</LocList>
</BasicBoolTerm>
<LocList>
<Loc EndOffset="5597" SrcFileId="1" StartOffset="5595"/>
</LocList>
</OpTerm>
<LocList>
<Loc EndOffset="5576" SrcFileId="1" StartOffset="5574"/>
</LocList>
</OpTerm>
<OpTerm BooleanOpId="8" Intrnl_Id="305">
<BasicBoolTerm Intrnl_Id="306">
<LocList>
<Loc EndOffset="5653" SrcFileId="1" StartOffset="5637"/>
</LocList>
</BasicBoolTerm>
<BasicBoolTerm Intrnl_Id="307">
<LocList>
<Loc EndOffset="5673" SrcFileId="1" StartOffset="5657"/>
</LocList>
</BasicBoolTerm>
<LocList>
<Loc EndOffset="5656" SrcFileId="1" StartOffset="5654"/>
</LocList>
</OpTerm>
<LocList>
<Loc EndOffset="5635" SrcFileId="1" StartOffset="5633"/>
</LocList>
</OpTerm>
</RootTerm>
</CondStmnt>
<BasicStmnt CovItemId="S79" CovItemPrefix="com.OriginalFiles.Piece.java" Intrnl_Id="308">
<LocList>
<Loc EndOffset="5737" SrcFileId="1" StartOffset="5724"/>
</LocList>
</BasicStmnt>
</StmntSeq>
</HierarchyLvl>
<HierarchyLvl HierarchyLvlId="1105" HierarchyLvlTypeId="12" Intrnl_Id="309" Name="blockValue">
<Header>
<Loc EndOffset="5776" SrcFileId="1" StartOffset="5752"/>
</Header>
<LocList>
<Loc EndOffset="6287" SrcFileId="1" StartOffset="5752"/>
</LocList>
<StmntSeq Intrnl_Id="310">
<LocList>
<Loc EndOffset="5808" SrcFileId="1" StartOffset="5788"/>
<Loc EndOffset="5831" SrcFileId="1" StartOffset="5818"/>
<Loc EndOffset="5924" SrcFileId="1" StartOffset="5841"/>
<Loc EndOffset="5988" SrcFileId="1" StartOffset="5934"/>
<Loc EndOffset="6052" SrcFileId="1" StartOffset="5998"/>
<Loc EndOffset="6230" SrcFileId="1" StartOffset="6062"/>
<Loc EndOffset="6280" SrcFileId="1" StartOffset="6240"/>
</LocList>
<BasicStmnt CovItemId="S80" CovItemPrefix="com.OriginalFiles.Piece.java" Intrnl_Id="311">
<LocList>
<Loc EndOffset="5808" SrcFileId="1" StartOffset="5788"/>
</LocList>
</BasicStmnt>
<BasicStmnt CovItemId="S81" CovItemPrefix="com.OriginalFiles.Piece.java" Intrnl_Id="312">
<LocList>
<Loc EndOffset="5831" SrcFileId="1" StartOffset="5818"/>
</LocList>
</BasicStmnt>
<CondStmnt CovItemId="S82" CovItemPrefix="com.OriginalFiles.Piece.java" Intrnl_Id="313">
<Branch CovItemId="B45" CovItemPrefix="com.OriginalFiles.Piece.java" Implct="false" Intrnl_Id="314">
<Cond/>
<LocList>
<Loc EndOffset="5924" SrcFileId="1" StartOffset="5888"/>
</LocList>
<StmntSeq Intrnl_Id="315">
<LocList>
<Loc EndOffset="5913" SrcFileId="1" StartOffset="5903"/>
</LocList>
<BasicStmnt CovItemId="S83" CovItemPrefix="com.OriginalFiles.Piece.java" Intrnl_Id="316">
<LocList>
<Loc EndOffset="5913" SrcFileId="1" StartOffset="5903"/>
</LocList>
</BasicStmnt>
</StmntSeq>
</Branch>
<Branch CovItemId="B46" CovItemPrefix="com.OriginalFiles.Piece.java" Implct="true" Intrnl_Id="317">
<Cond/>
<LocList/>
<StmntSeq Intrnl_Id="318">
<LocList/>
</StmntSeq>
</Branch>
<Keyword EndOffset="5843" SrcFileId="1" StartOffset="5841"/>
<LocList>
<Loc EndOffset="5924" SrcFileId="1" StartOffset="5841"/>
</LocList>
<RootTerm CovItemId="C23" CovItemPrefix="com.OriginalFiles.Piece.java" Intrnl_Id="319">
<BasicBoolTerm Intrnl_Id="320">
<LocList>
<Loc EndOffset="5886" SrcFileId="1" StartOffset="5845"/>
</LocList>
</BasicBoolTerm>
</RootTerm>
</CondStmnt>
<BasicStmnt CovItemId="S84" CovItemPrefix="com.OriginalFiles.Piece.java" Intrnl_Id="321">
<LocList>
<Loc EndOffset="5988" SrcFileId="1" StartOffset="5934"/>
</LocList>
</BasicStmnt>
<BasicStmnt CovItemId="S85" CovItemPrefix="com.OriginalFiles.Piece.java" Intrnl_Id="322">
<LocList>
<Loc EndOffset="6052" SrcFileId="1" StartOffset="5998"/>
</LocList>
</BasicStmnt>
<CondStmnt CovItemId="S86" CovItemPrefix="com.OriginalFiles.Piece.java" Intrnl_Id="323">
<Branch CovItemId="B47" CovItemPrefix="com.OriginalFiles.Piece.java" Implct="false" Intrnl_Id="324">
<Cond/>
<LocList>
<Loc EndOffset="6230" SrcFileId="1" StartOffset="6082"/>
</LocList>
<StmntSeq Intrnl_Id="325">
<LocList>
<Loc EndOffset="6151" SrcFileId="1" StartOffset="6097"/>
<Loc EndOffset="6219" SrcFileId="1" StartOffset="6165"/>
</LocList>
<BasicStmnt CovItemId="S87" CovItemPrefix="com.OriginalFiles.Piece.java" Intrnl_Id="326">
<LocList>
<Loc EndOffset="6151" SrcFileId="1" StartOffset="6097"/>
</LocList>
</BasicStmnt>
<BasicStmnt CovItemId="S88" CovItemPrefix="com.OriginalFiles.Piece.java" Intrnl_Id="327">
<LocList>
<Loc EndOffset="6219" SrcFileId="1" StartOffset="6165"/>
</LocList>
</BasicStmnt>
</StmntSeq>
</Branch>
<Branch CovItemId="B48" CovItemPrefix="com.OriginalFiles.Piece.java" Implct="true" Intrnl_Id="328">
<Cond/>
<LocList/>
<StmntSeq Intrnl_Id="329">
<LocList/>
</StmntSeq>
</Branch>
<Keyword EndOffset="6064" SrcFileId="1" StartOffset="6062"/>
<LocList>
<Loc EndOffset="6230" SrcFileId="1" StartOffset="6062"/>
</LocList>
<RootTerm CovItemId="C24" CovItemPrefix="com.OriginalFiles.Piece.java" Intrnl_Id="330">
<BasicBoolTerm Intrnl_Id="331">
<LocList>
<Loc EndOffset="6080" SrcFileId="1" StartOffset="6066"/>
</LocList>
</BasicBoolTerm>
</RootTerm>
</CondStmnt>
<BasicStmnt CovItemId="S89" CovItemPrefix="com.OriginalFiles.Piece.java" Intrnl_Id="332">
<LocList>
<Loc EndOffset="6280" SrcFileId="1" StartOffset="6240"/>
</LocList>
</BasicStmnt>
</StmntSeq>
</HierarchyLvl>
<HierarchyLvl HierarchyLvlId="1106" HierarchyLvlTypeId="12" Intrnl_Id="333" Name="blockFields">
<Header>
<Loc EndOffset="6346" SrcFileId="1" StartOffset="6295"/>
</Header>
<LocList>
<Loc EndOffset="7133" SrcFileId="1" StartOffset="6295"/>
</LocList>
<StmntSeq Intrnl_Id="334">
<LocList>
<Loc EndOffset="7105" SrcFileId="1" StartOffset="6358"/>
<Loc EndOffset="7126" SrcFileId="1" StartOffset="7117"/>
</LocList>
<CondStmnt CovItemId="S90" CovItemPrefix="com.OriginalFiles.Piece.java" Intrnl_Id="335">
<Branch CovItemId="B49" CovItemPrefix="com.OriginalFiles.Piece.java" Implct="false" Intrnl_Id="336">
<Cond/>
<LocList>
<Loc EndOffset="7105" SrcFileId="1" StartOffset="6409"/>
</LocList>
<StmntSeq Intrnl_Id="337">
<LocList>
<Loc EndOffset="7094" SrcFileId="1" StartOffset="6424"/>
</LocList>
<CondStmnt CovItemId="S91" CovItemPrefix="com.OriginalFiles.Piece.java" Intrnl_Id="338">
<Branch CovItemId="B51" CovItemPrefix="com.OriginalFiles.Piece.java" Implct="false" Intrnl_Id="339">
<Cond/>
<LocList>
<Loc EndOffset="7094" SrcFileId="1" StartOffset="6481"/>
</LocList>
<StmntSeq Intrnl_Id="340">
<LocList>
<Loc EndOffset="6520" SrcFileId="1" StartOffset="6500"/>
<Loc EndOffset="6598" SrcFileId="1" StartOffset="6538"/>
<Loc EndOffset="6709" SrcFileId="1" StartOffset="6616"/>
<Loc EndOffset="6820" SrcFileId="1" StartOffset="6727"/>
<Loc EndOffset="6931" SrcFileId="1" StartOffset="6838"/>
<Loc EndOffset="7042" SrcFileId="1" StartOffset="6949"/>
<Loc EndOffset="7079" SrcFileId="1" StartOffset="7060"/>
</LocList>
<BasicStmnt CovItemId="S92" CovItemPrefix="com.OriginalFiles.Piece.java" Intrnl_Id="341">
<LocList>
<Loc EndOffset="6520" SrcFileId="1" StartOffset="6500"/>
</LocList>
</BasicStmnt>
<BasicStmnt CovItemId="S93" CovItemPrefix="com.OriginalFiles.Piece.java" Intrnl_Id="342">
<LocList>
<Loc EndOffset="6598" SrcFileId="1" StartOffset="6538"/>
</LocList>
</BasicStmnt>
<BasicStmnt CovItemId="S94" CovItemPrefix="com.OriginalFiles.Piece.java" Intrnl_Id="343">
<LocList>
<Loc EndOffset="6709" SrcFileId="1" StartOffset="6616"/>
</LocList>
</BasicStmnt>
<BasicStmnt CovItemId="S95" CovItemPrefix="com.OriginalFiles.Piece.java" Intrnl_Id="344">
<LocList>
<Loc EndOffset="6820" SrcFileId="1" StartOffset="6727"/>
</LocList>
</BasicStmnt>
<BasicStmnt CovItemId="S96" CovItemPrefix="com.OriginalFiles.Piece.java" Intrnl_Id="345">
<LocList>
<Loc EndOffset="6931" SrcFileId="1" StartOffset="6838"/>
</LocList>
</BasicStmnt>
<BasicStmnt CovItemId="S97" CovItemPrefix="com.OriginalFiles.Piece.java" Intrnl_Id="346">
<LocList>
<Loc EndOffset="7042" SrcFileId="1" StartOffset="6949"/>
</LocList>
</BasicStmnt>
<BasicStmnt CovItemId="S98" CovItemPrefix="com.OriginalFiles.Piece.java" Intrnl_Id="347">
<LocList>
<Loc EndOffset="7079" SrcFileId="1" StartOffset="7060"/>
</LocList>
</BasicStmnt>
</StmntSeq>
</Branch>
<Branch CovItemId="B52" CovItemPrefix="com.OriginalFiles.Piece.java" Implct="true" Intrnl_Id="348">
<Cond/>
<LocList/>
<StmntSeq Intrnl_Id="349">
<LocList/>
</StmntSeq>
</Branch>
<Keyword EndOffset="6426" SrcFileId="1" StartOffset="6424"/>
<LocList>
<Loc EndOffset="7094" SrcFileId="1" StartOffset="6424"/>
</LocList>
<RootTerm CovItemId="C26" CovItemPrefix="com.OriginalFiles.Piece.java" Intrnl_Id="350">
<BasicBoolTerm Intrnl_Id="351">
<LocList>
<Loc EndOffset="6479" SrcFileId="1" StartOffset="6428"/>
</LocList>
</BasicBoolTerm>
</RootTerm>
</CondStmnt>
</StmntSeq>
</Branch>
<Branch CovItemId="B50" CovItemPrefix="com.OriginalFiles.Piece.java" Implct="true" Intrnl_Id="352">
<Cond/>
<LocList/>
<StmntSeq Intrnl_Id="353">
<LocList/>
</StmntSeq>
</Branch>
<Keyword EndOffset="6360" SrcFileId="1" StartOffset="6358"/>
<LocList>
<Loc EndOffset="7105" SrcFileId="1" StartOffset="6358"/>
</LocList>
<RootTerm CovItemId="C25" CovItemPrefix="com.OriginalFiles.Piece.java" Intrnl_Id="354">
<BasicBoolTerm Intrnl_Id="355">
<LocList>
<Loc EndOffset="6407" SrcFileId="1" StartOffset="6362"/>
</LocList>
</BasicBoolTerm>
</RootTerm>
</CondStmnt>
<BasicStmnt CovItemId="S99" CovItemPrefix="com.OriginalFiles.Piece.java" Intrnl_Id="356">
<LocList>
<Loc EndOffset="7126" SrcFileId="1" StartOffset="7117"/>
</LocList>
</BasicStmnt>
</StmntSeq>
</HierarchyLvl>
<HierarchyLvl HierarchyLvlId="1107" HierarchyLvlTypeId="12" Intrnl_Id="357" Name="checkBlockade">
<Header>
<Loc EndOffset="7212" SrcFileId="1" StartOffset="7141"/>
</Header>
<LocList>
<Loc EndOffset="8706" SrcFileId="1" StartOffset="7141"/>
</LocList>
<StmntSeq Intrnl_Id="358">
<LocList>
<Loc EndOffset="7294" SrcFileId="1" StartOffset="7224"/>
<Loc EndOffset="8680" SrcFileId="1" StartOffset="7304"/>
<Loc EndOffset="8699" SrcFileId="1" StartOffset="8690"/>
</LocList>
<BasicStmnt CovItemId="S100" CovItemPrefix="com.OriginalFiles.Piece.java" Intrnl_Id="359">
<LocList>
<Loc EndOffset="7294" SrcFileId="1" StartOffset="7224"/>
</LocList>
</BasicStmnt>
<CondStmnt CovItemId="S101" CovItemPrefix="com.OriginalFiles.Piece.java" Intrnl_Id="360">
<Branch CovItemId="B53" CovItemPrefix="com.OriginalFiles.Piece.java" Implct="false" Intrnl_Id="361">
<Cond/>
<LocList>
<Loc EndOffset="8680" SrcFileId="1" StartOffset="7355"/>
</LocList>
<StmntSeq Intrnl_Id="362">
<LocList>
<Loc EndOffset="8669" SrcFileId="1" StartOffset="7370"/>
</LocList>
<CondStmnt CovItemId="S102" CovItemPrefix="com.OriginalFiles.Piece.java" Intrnl_Id="363">
<Branch CovItemId="B55" CovItemPrefix="com.OriginalFiles.Piece.java" Implct="false" Intrnl_Id="364">
<Cond/>
<LocList>
<Loc EndOffset="8669" SrcFileId="1" StartOffset="7488"/>
</LocList>
<StmntSeq Intrnl_Id="365">
<LocList>
<Loc EndOffset="7520" SrcFileId="1" StartOffset="7507"/>
<Loc EndOffset="7612" SrcFileId="1" StartOffset="7538"/>
<Loc EndOffset="7653" SrcFileId="1" StartOffset="7630"/>
<Loc EndOffset="7692" SrcFileId="1" StartOffset="7671"/>
<Loc EndOffset="7862" SrcFileId="1" StartOffset="7710"/>
<Loc EndOffset="8032" SrcFileId="1" StartOffset="7880"/>
<Loc EndOffset="8614" SrcFileId="1" StartOffset="8052"/>
<Loc EndOffset="8654" SrcFileId="1" StartOffset="8632"/>
</LocList>
<BasicStmnt CovItemId="S103" CovItemPrefix="com.OriginalFiles.Piece.java" Intrnl_Id="366">
<LocList>
<Loc EndOffset="7520" SrcFileId="1" StartOffset="7507"/>
</LocList>
</BasicStmnt>
<CondStmnt CovItemId="S104" CovItemPrefix="com.OriginalFiles.Piece.java" Intrnl_Id="367">
<Branch CovItemId="B57" CovItemPrefix="com.OriginalFiles.Piece.java" Implct="false" Intrnl_Id="368">
<Cond/>
<LocList>
<Loc EndOffset="7612" SrcFileId="1" StartOffset="7560"/>
</LocList>
<StmntSeq Intrnl_Id="369">
<LocList>
<Loc EndOffset="7593" SrcFileId="1" StartOffset="7583"/>
</LocList>
<BasicStmnt CovItemId="S105" CovItemPrefix="com.OriginalFiles.Piece.java" Intrnl_Id="370">
<LocList>
<Loc EndOffset="7593" SrcFileId="1" StartOffset="7583"/>
</LocList>
</BasicStmnt>
</StmntSeq>
</Branch>
<Branch CovItemId="B58" CovItemPrefix="com.OriginalFiles.Piece.java" Implct="true" Intrnl_Id="371">
<Cond/>
<LocList/>
<StmntSeq Intrnl_Id="372">
<LocList/>
</StmntSeq>
</Branch>
<Keyword EndOffset="7540" SrcFileId="1" StartOffset="7538"/>
<LocList>
<Loc EndOffset="7612" SrcFileId="1" StartOffset="7538"/>
</LocList>
<RootTerm CovItemId="C29" CovItemPrefix="com.OriginalFiles.Piece.java" Intrnl_Id="373">
<BasicBoolTerm Intrnl_Id="374">
<LocList>
<Loc EndOffset="7558" SrcFileId="1" StartOffset="7542"/>
</LocList>
</BasicBoolTerm>
</RootTerm>
</CondStmnt>
<BasicStmnt CovItemId="S106" CovItemPrefix="com.OriginalFiles.Piece.java" Intrnl_Id="375">
<LocList>
<Loc EndOffset="7653" SrcFileId="1" StartOffset="7630"/>
</LocList>
</BasicStmnt>
<BasicStmnt CovItemId="S107" CovItemPrefix="com.OriginalFiles.Piece.java" Intrnl_Id="376">
<LocList>
<Loc EndOffset="7692" SrcFileId="1" StartOffset="7671"/>
</LocList>
</BasicStmnt>
<CondStmnt CovItemId="S108" CovItemPrefix="com.OriginalFiles.Piece.java" Intrnl_Id="377">
<Branch CovItemId="B59" CovItemPrefix="com.OriginalFiles.Piece.java" Implct="false" Intrnl_Id="378">
<Cond/>
<LocList>
<Loc EndOffset="7862" SrcFileId="1" StartOffset="7799"/>
</LocList>
<StmntSeq Intrnl_Id="379">
<LocList>
<Loc EndOffset="7843" SrcFileId="1" StartOffset="7822"/>
</LocList>
<BasicStmnt CovItemId="S109" CovItemPrefix="com.OriginalFiles.Piece.java" Intrnl_Id="380">
<LocList>
<Loc EndOffset="7843" SrcFileId="1" StartOffset="7822"/>
</LocList>
</BasicStmnt>
</StmntSeq>
</Branch>
<Branch CovItemId="B60" CovItemPrefix="com.OriginalFiles.Piece.java" Implct="true" Intrnl_Id="381">
<Cond/>
<LocList/>
<StmntSeq Intrnl_Id="382">
<LocList/>
</StmntSeq>
</Branch>
<Keyword EndOffset="7712" SrcFileId="1" StartOffset="7710"/>
<LocList>
<Loc EndOffset="7862" SrcFileId="1" StartOffset="7710"/>
</LocList>
<RootTerm CovItemId="C30" CovItemPrefix="com.OriginalFiles.Piece.java" Intrnl_Id="383">
<BasicBoolTerm Intrnl_Id="384">
<LocList>
<Loc EndOffset="7797" SrcFileId="1" StartOffset="7714"/>
</LocList>
</BasicBoolTerm>
</RootTerm>
</CondStmnt>
<CondStmnt CovItemId="S110" CovItemPrefix="com.OriginalFiles.Piece.java" Intrnl_Id="385">
<Branch CovItemId="B61" CovItemPrefix="com.OriginalFiles.Piece.java" Implct="false" Intrnl_Id="386">
<Cond/>
<LocList>
<Loc EndOffset="8032" SrcFileId="1" StartOffset="7969"/>
</LocList>
<StmntSeq Intrnl_Id="387">
<LocList>
<Loc EndOffset="8013" SrcFileId="1" StartOffset="7992"/>
</LocList>
<BasicStmnt CovItemId="S111" CovItemPrefix="com.OriginalFiles.Piece.java" Intrnl_Id="388">
<LocList>
<Loc EndOffset="8013" SrcFileId="1" StartOffset="7992"/>
</LocList>
</BasicStmnt>
</StmntSeq>
</Branch>
<Branch CovItemId="B62" CovItemPrefix="com.OriginalFiles.Piece.java" Implct="true" Intrnl_Id="389">
<Cond/>
<LocList/>
<StmntSeq Intrnl_Id="390">
<LocList/>
</StmntSeq>
</Branch>
<Keyword EndOffset="7882" SrcFileId="1" StartOffset="7880"/>
<LocList>
<Loc EndOffset="8032" SrcFileId="1" StartOffset="7880"/>
</LocList>
<RootTerm CovItemId="C31" CovItemPrefix="com.OriginalFiles.Piece.java" Intrnl_Id="391">
<BasicBoolTerm Intrnl_Id="392">
<LocList>
<Loc EndOffset="7967" SrcFileId="1" StartOffset="7884"/>
</LocList>
</BasicBoolTerm>
</RootTerm>
</CondStmnt>
<CondStmnt CovItemId="S112" CovItemPrefix="com.OriginalFiles.Piece.java" Intrnl_Id="393">
<Branch CovItemId="B63" CovItemPrefix="com.OriginalFiles.Piece.java" Implct="false" Intrnl_Id="394">
<Cond/>
<LocList>
<Loc EndOffset="8545" SrcFileId="1" StartOffset="8153"/>
</LocList>
<StmntSeq Intrnl_Id="395">
<LocList>
<Loc EndOffset="8340" SrcFileId="1" StartOffset="8176"/>
<Loc EndOffset="8526" SrcFileId="1" StartOffset="8362"/>
</LocList>
<CondStmnt CovItemId="S113" CovItemPrefix="com.OriginalFiles.Piece.java" Intrnl_Id="396">
<Branch CovItemId="B65" CovItemPrefix="com.OriginalFiles.Piece.java" Implct="false" Intrnl_Id="397">
<Cond/>
<LocList>
<Loc EndOffset="8340" SrcFileId="1" StartOffset="8269"/>
</LocList>
<StmntSeq Intrnl_Id="398">
<LocList>
<Loc EndOffset="8317" SrcFileId="1" StartOffset="8296"/>
</LocList>
<BasicStmnt CovItemId="S114" CovItemPrefix="com.OriginalFiles.Piece.java" Intrnl_Id="399">
<LocList>
<Loc EndOffset="8317" SrcFileId="1" StartOffset="8296"/>
</LocList>
</BasicStmnt>
</StmntSeq>
</Branch>
<Branch CovItemId="B66" CovItemPrefix="com.OriginalFiles.Piece.java" Implct="true" Intrnl_Id="400">
<Cond/>
<LocList/>
<StmntSeq Intrnl_Id="401">
<LocList/>
</StmntSeq>
</Branch>
<Keyword EndOffset="8178" SrcFileId="1" StartOffset="8176"/>
<LocList>
<Loc EndOffset="8340" SrcFileId="1" StartOffset="8176"/>
</LocList>
<RootTerm CovItemId="C33" CovItemPrefix="com.OriginalFiles.Piece.java" Intrnl_Id="402">
<BasicBoolTerm Intrnl_Id="403">
<LocList>
<Loc EndOffset="8267" SrcFileId="1" StartOffset="8180"/>
</LocList>
</BasicBoolTerm>
</RootTerm>
</CondStmnt>
<CondStmnt CovItemId="S115" CovItemPrefix="com.OriginalFiles.Piece.java" Intrnl_Id="404">
<Branch CovItemId="B67" CovItemPrefix="com.OriginalFiles.Piece.java" Implct="false" Intrnl_Id="405">
<Cond/>
<LocList>
<Loc EndOffset="8526" SrcFileId="1" StartOffset="8455"/>
</LocList>
<StmntSeq Intrnl_Id="406">
<LocList>
<Loc EndOffset="8503" SrcFileId="1" StartOffset="8482"/>
</LocList>
<BasicStmnt CovItemId="S116" CovItemPrefix="com.OriginalFiles.Piece.java" Intrnl_Id="407">
<LocList>
<Loc EndOffset="8503" SrcFileId="1" StartOffset="8482"/>
</LocList>
</BasicStmnt>
</StmntSeq>
</Branch>
<Branch CovItemId="B68" CovItemPrefix="com.OriginalFiles.Piece.java" Implct="true" Intrnl_Id="408">
<Cond/>
<LocList/>
<StmntSeq Intrnl_Id="409">
<LocList/>
</StmntSeq>
</Branch>
<Keyword EndOffset="8364" SrcFileId="1" StartOffset="8362"/>
<LocList>
<Loc EndOffset="8526" SrcFileId="1" StartOffset="8362"/>
</LocList>
<RootTerm CovItemId="C34" CovItemPrefix="com.OriginalFiles.Piece.java" Intrnl_Id="410">
<BasicBoolTerm Intrnl_Id="411">
<LocList>
<Loc EndOffset="8453" SrcFileId="1" StartOffset="8366"/>
</LocList>
</BasicBoolTerm>
</RootTerm>
</CondStmnt>
</StmntSeq>
</Branch>
<Branch CovItemId="B64" CovItemPrefix="com.OriginalFiles.Piece.java" Implct="false" Intrnl_Id="412">
<Cond>
<Loc EndOffset="8550" SrcFileId="1" StartOffset="8546"/>
</Cond>
<LocList>
<Loc EndOffset="8614" SrcFileId="1" StartOffset="8551"/>
</LocList>
<StmntSeq Intrnl_Id="413">
<LocList>
<Loc EndOffset="8595" SrcFileId="1" StartOffset="8574"/>
</LocList>
<BasicStmnt CovItemId="S117" CovItemPrefix="com.OriginalFiles.Piece.java" Intrnl_Id="414">
<LocList>
<Loc EndOffset="8595" SrcFileId="1" StartOffset="8574"/>
</LocList>
</BasicStmnt>
</StmntSeq>
</Branch>
<Keyword EndOffset="8054" SrcFileId="1" StartOffset="8052"/>
<LocList>
<Loc EndOffset="8614" SrcFileId="1" StartOffset="8052"/>
</LocList>
<RootTerm CovItemId="C32" CovItemPrefix="com.OriginalFiles.Piece.java" Intrnl_Id="415">
<BasicBoolTerm Intrnl_Id="416">
<LocList>
<Loc EndOffset="8151" SrcFileId="1" StartOffset="8056"/>
</LocList>
</BasicBoolTerm>
</RootTerm>
</CondStmnt>
<BasicStmnt CovItemId="S118" CovItemPrefix="com.OriginalFiles.Piece.java" Intrnl_Id="417">
<LocList>
<Loc EndOffset="8654" SrcFileId="1" StartOffset="8632"/>
</LocList>
</BasicStmnt>
</StmntSeq>
</Branch>
<Branch CovItemId="B56" CovItemPrefix="com.OriginalFiles.Piece.java" Implct="true" Intrnl_Id="418">
<Cond/>
<LocList/>
<StmntSeq Intrnl_Id="419">
<LocList/>
</StmntSeq>
</Branch>
<Keyword EndOffset="7372" SrcFileId="1" StartOffset="7370"/>
<LocList>
<Loc EndOffset="8669" SrcFileId="1" StartOffset="7370"/>
</LocList>
<RootTerm CovItemId="C28" CovItemPrefix="com.OriginalFiles.Piece.java" Intrnl_Id="420">
<BasicBoolTerm Intrnl_Id="421">
<LocList>
<Loc EndOffset="7486" SrcFileId="1" StartOffset="7374"/>
</LocList>
</BasicBoolTerm>
</RootTerm>
</CondStmnt>
</StmntSeq>
</Branch>
<Branch CovItemId="B54" CovItemPrefix="com.OriginalFiles.Piece.java" Implct="true" Intrnl_Id="422">
<Cond/>
<LocList/>
<StmntSeq Intrnl_Id="423">
<LocList/>
</StmntSeq>
</Branch>
<Keyword EndOffset="7306" SrcFileId="1" StartOffset="7304"/>
<LocList>
<Loc EndOffset="8680" SrcFileId="1" StartOffset="7304"/>
</LocList>
<RootTerm CovItemId="C27" CovItemPrefix="com.OriginalFiles.Piece.java" Intrnl_Id="424">
<BasicBoolTerm Intrnl_Id="425">
<LocList>
<Loc EndOffset="7353" SrcFileId="1" StartOffset="7308"/>
</LocList>
</BasicBoolTerm>
</RootTerm>
</CondStmnt>
<BasicStmnt CovItemId="S119" CovItemPrefix="com.OriginalFiles.Piece.java" Intrnl_Id="426">
<LocList>
<Loc EndOffset="8699" SrcFileId="1" StartOffset="8690"/>
</LocList>
</BasicStmnt>
</StmntSeq>
</HierarchyLvl>
<HierarchyLvl HierarchyLvlId="1108" HierarchyLvlTypeId="12" Intrnl_Id="427" Name="closestPiece">
<Header>
<Loc EndOffset="8740" SrcFileId="1" StartOffset="8714"/>
</Header>
<LocList>
<Loc EndOffset="9569" SrcFileId="1" StartOffset="8714"/>
</LocList>
<StmntSeq Intrnl_Id="428">
<LocList>
<Loc EndOffset="8774" SrcFileId="1" StartOffset="8752"/>
<Loc EndOffset="8801" SrcFileId="1" StartOffset="8784"/>
<Loc EndOffset="9536" SrcFileId="1" StartOffset="8811"/>
<Loc EndOffset="9562" SrcFileId="1" StartOffset="9546"/>
</LocList>
<BasicStmnt CovItemId="S120" CovItemPrefix="com.OriginalFiles.Piece.java" Intrnl_Id="429">
<LocList>
<Loc EndOffset="8774" SrcFileId="1" StartOffset="8752"/>
</LocList>
</BasicStmnt>
<BasicStmnt CovItemId="S121" CovItemPrefix="com.OriginalFiles.Piece.java" Intrnl_Id="430">
<LocList>
<Loc EndOffset="8801" SrcFileId="1" StartOffset="8784"/>
</LocList>
</BasicStmnt>
<LoopStmnt CovItemId="S122" CovItemPrefix="com.OriginalFiles.Piece.java" Intrnl_Id="431" MltplExecId="L1-2" MltplExecPrefix="com.OriginalFiles.Piece.java" NvrExecId="L1-0" NvrExecPrefix="com.OriginalFiles.Piece.java" OnceExecutedId="L1-1" OnceExecutedPrefix="com.OriginalFiles.Piece.java" OptBodyExec="true">
<StmntSeq Intrnl_Id="432">
<LocList>
<Loc EndOffset="8871" SrcFileId="1" StartOffset="8857"/>
<Loc EndOffset="9525" SrcFileId="1" StartOffset="8885"/>
</LocList>
<BasicStmnt CovItemId="S123" CovItemPrefix="com.OriginalFiles.Piece.java" Intrnl_Id="433">
<LocList>
<Loc EndOffset="8871" SrcFileId="1" StartOffset="8857"/>
</LocList>
</BasicStmnt>
<LoopStmnt CovItemId="S124" CovItemPrefix="com.OriginalFiles.Piece.java" Intrnl_Id="434" MltplExecId="L2-2" MltplExecPrefix="com.OriginalFiles.Piece.java" NvrExecId="L2-0" NvrExecPrefix="com.OriginalFiles.Piece.java" OnceExecutedId="L2-1" OnceExecutedPrefix="com.OriginalFiles.Piece.java" OptBodyExec="true">
<StmntSeq Intrnl_Id="435">
<LocList>
<Loc EndOffset="9510" SrcFileId="1" StartOffset="8962"/>
</LocList>
<LoopStmnt CovItemId="S125" CovItemPrefix="com.OriginalFiles.Piece.java" Intrnl_Id="436" MltplExecId="L3-2" MltplExecPrefix="com.OriginalFiles.Piece.java" NvrExecId="L3-0" NvrExecPrefix="com.OriginalFiles.Piece.java" OnceExecutedId="L3-1" OnceExecutedPrefix="com.OriginalFiles.Piece.java" OptBodyExec="true">
<StmntSeq Intrnl_Id="437">
<LocList>
<Loc EndOffset="9491" SrcFileId="1" StartOffset="9032"/>
</LocList>
<CondStmnt CovItemId="S126" CovItemPrefix="com.OriginalFiles.Piece.java" Intrnl_Id="438">
<Branch CovItemId="B69" CovItemPrefix="com.OriginalFiles.Piece.java" Implct="false" Intrnl_Id="439">
<Cond/>
<LocList>
<Loc EndOffset="9491" SrcFileId="1" StartOffset="9107"/>
</LocList>
<StmntSeq Intrnl_Id="440">
<LocList>
<Loc EndOffset="9468" SrcFileId="1" StartOffset="9134"/>
</LocList>
<CondStmnt CovItemId="S127" CovItemPrefix="com.OriginalFiles.Piece.java" Intrnl_Id="441">
<Branch CovItemId="B71" CovItemPrefix="com.OriginalFiles.Piece.java" Implct="false" Intrnl_Id="442">
<Cond/>
<LocList>
<Loc EndOffset="9468" SrcFileId="1" StartOffset="9351"/>
</LocList>
<StmntSeq Intrnl_Id="443">
<LocList>
<Loc EndOffset="9395" SrcFileId="1" StartOffset="9382"/>
<Loc EndOffset="9441" SrcFileId="1" StartOffset="9425"/>
</LocList>
<BasicStmnt CovItemId="S128" CovItemPrefix="com.OriginalFiles.Piece.java" Intrnl_Id="444">
<LocList>
<Loc EndOffset="9395" SrcFileId="1" StartOffset="9382"/>
</LocList>
</BasicStmnt>
<BasicStmnt CovItemId="S129" CovItemPrefix="com.OriginalFiles.Piece.java" Intrnl_Id="445">
<LocList>
<Loc EndOffset="9441" SrcFileId="1" StartOffset="9425"/>
</LocList>
</BasicStmnt>
</StmntSeq>
</Branch>
<Branch CovItemId="B72" CovItemPrefix="com.OriginalFiles.Piece.java" Implct="true" Intrnl_Id="446">
<Cond/>
<LocList/>
<StmntSeq Intrnl_Id="447">
<LocList/>
</StmntSeq>
</Branch>
<Keyword EndOffset="9136" SrcFileId="1" StartOffset="9134"/>
<LocList>
<Loc EndOffset="9468" SrcFileId="1" StartOffset="9134"/>
</LocList>
<RootTerm CovItemId="C39" CovItemPrefix="com.OriginalFiles.Piece.java" Intrnl_Id="448">
<BasicBoolTerm Intrnl_Id="449">
<LocList>
<Loc EndOffset="9349" SrcFileId="1" StartOffset="9138"/>
</LocList>
</BasicBoolTerm>
</RootTerm>
</CondStmnt>
</StmntSeq>
</Branch>
<Branch CovItemId="B70" CovItemPrefix="com.OriginalFiles.Piece.java" Implct="true" Intrnl_Id="450">
<Cond/>
<LocList/>
<StmntSeq Intrnl_Id="451">
<LocList/>
</StmntSeq>
</Branch>
<Keyword EndOffset="9034" SrcFileId="1" StartOffset="9032"/>
<LocList>
<Loc EndOffset="9491" SrcFileId="1" StartOffset="9032"/>
</LocList>
<RootTerm CovItemId="C38" CovItemPrefix="com.OriginalFiles.Piece.java" Intrnl_Id="452">
<BasicBoolTerm Intrnl_Id="453">
<LocList>
<Loc EndOffset="9105" SrcFileId="1" StartOffset="9036"/>
</LocList>
</BasicBoolTerm>
</RootTerm>
</CondStmnt>
</StmntSeq>
<Keyword EndOffset="8965" SrcFileId="1" StartOffset="8962"/>
<LocList>
<Loc EndOffset="9510" SrcFileId="1" StartOffset="8962"/>
</LocList>
<RootTerm CovItemId="C37" CovItemPrefix="com.OriginalFiles.Piece.java" Intrnl_Id="454">
<BasicBoolTerm Intrnl_Id="455">
<LocList>
<Loc EndOffset="9002" SrcFileId="1" StartOffset="8986"/>
</LocList>
</BasicBoolTerm>
</RootTerm>
</LoopStmnt>
</StmntSeq>
<Keyword EndOffset="8899" SrcFileId="1" StartOffset="8896"/>
<LocList>
<Loc EndOffset="9525" SrcFileId="1" StartOffset="8885"/>
</LocList>
<RootTerm CovItemId="C36" CovItemPrefix="com.OriginalFiles.Piece.java" Intrnl_Id="456">
<BasicBoolTerm Intrnl_Id="457">
<LocList>
<Loc EndOffset="8936" SrcFileId="1" StartOffset="8920"/>
</LocList>
</BasicBoolTerm>
</RootTerm>
</LoopStmnt>
</StmntSeq>
<Keyword EndOffset="8816" SrcFileId="1" StartOffset="8811"/>
<LocList>
<Loc EndOffset="9536" SrcFileId="1" StartOffset="8811"/>
</LocList>
<RootTerm CovItemId="C35" CovItemPrefix="com.OriginalFiles.Piece.java" Intrnl_Id="458">
<OpTerm BooleanOpId="8" Intrnl_Id="459">
<OpTerm BooleanOpId="7" Intrnl_Id="460">
<BasicBoolTerm Intrnl_Id="461">
<LocList>
<Loc EndOffset="8824" SrcFileId="1" StartOffset="8819"/>
</LocList>
</BasicBoolTerm>
<LocList>
<Loc EndOffset="8819" SrcFileId="1" StartOffset="8818"/>
</LocList>
</OpTerm>
<BasicBoolTerm Intrnl_Id="462">
<LocList>
<Loc EndOffset="8840" SrcFileId="1" StartOffset="8828"/>
</LocList>
</BasicBoolTerm>
<LocList>
<Loc EndOffset="8827" SrcFileId="1" StartOffset="8825"/>
</LocList>
</OpTerm>
</RootTerm>
</LoopStmnt>
<BasicStmnt CovItemId="S130" CovItemPrefix="com.OriginalFiles.Piece.java" Intrnl_Id="463">
<LocList>
<Loc EndOffset="9562" SrcFileId="1" StartOffset="9546"/>
</LocList>
</BasicStmnt>
</StmntSeq>
</HierarchyLvl>
</HierarchyLvl>
<HierarchyLvl HierarchyLvlId="1115" HierarchyLvlTypeId="11" Intrnl_Id="464" Name="Move">
<Header>
<Loc EndOffset="102" SrcFileId="2" StartOffset="85"/>
</Header>
<LocList>
<Loc EndOffset="1195" SrcFileId="2" StartOffset="85"/>
</LocList>
<StmntSeq Intrnl_Id="465">
<LocList>
<Loc EndOffset="227" SrcFileId="2" StartOffset="171"/>
<Loc EndOffset="270" SrcFileId="2" StartOffset="233"/>
</LocList>
<BasicStmnt CovItemId="S1" CovItemPrefix="com.OriginalFiles.Move.java" Intrnl_Id="466">
<LocList>
<Loc EndOffset="227" SrcFileId="2" StartOffset="171"/>
</LocList>
</BasicStmnt>
<BasicStmnt CovItemId="S2" CovItemPrefix="com.OriginalFiles.Move.java" Intrnl_Id="467">
<LocList>
<Loc EndOffset="270" SrcFileId="2" StartOffset="233"/>
</LocList>
</BasicStmnt>
</StmntSeq>
<HierarchyLvl HierarchyLvlId="1110" HierarchyLvlTypeId="12" Intrnl_Id="468" Name="Move">
<Header>
<Loc EndOffset="336" SrcFileId="2" StartOffset="278"/>
</Header>
<LocList>
<Loc EndOffset="544" SrcFileId="2" StartOffset="278"/>
</LocList>
<StmntSeq Intrnl_Id="469">
<LocList>
<Loc EndOffset="396" SrcFileId="2" StartOffset="348"/>
<Loc EndOffset="431" SrcFileId="2" StartOffset="406"/>
<Loc EndOffset="464" SrcFileId="2" StartOffset="441"/>
<Loc EndOffset="498" SrcFileId="2" StartOffset="474"/>
<Loc EndOffset="537" SrcFileId="2" StartOffset="508"/>
</LocList>
<BasicStmnt CovItemId="S3" CovItemPrefix="com.OriginalFiles.Move.java" Intrnl_Id="470">
<LocList>
<Loc EndOffset="396" SrcFileId="2" StartOffset="348"/>
</LocList>
</BasicStmnt>
<BasicStmnt CovItemId="S4" CovItemPrefix="com.OriginalFiles.Move.java" Intrnl_Id="471">
<LocList>
<Loc EndOffset="431" SrcFileId="2" StartOffset="406"/>
</LocList>
</BasicStmnt>
<BasicStmnt CovItemId="S5" CovItemPrefix="com.OriginalFiles.Move.java" Intrnl_Id="472">
<LocList>
<Loc EndOffset="464" SrcFileId="2" StartOffset="441"/>
</LocList>
</BasicStmnt>
<BasicStmnt CovItemId="S6" CovItemPrefix="com.OriginalFiles.Move.java" Intrnl_Id="473">
<LocList>
<Loc EndOffset="498" SrcFileId="2" StartOffset="474"/>
</LocList>
</BasicStmnt>
<BasicStmnt CovItemId="S7" CovItemPrefix="com.OriginalFiles.Move.java" Intrnl_Id="474">
<LocList>
<Loc EndOffset="537" SrcFileId="2" StartOffset="508"/>
</LocList>
</BasicStmnt>
</StmntSeq>
</HierarchyLvl>
<HierarchyLvl HierarchyLvlId="1111" HierarchyLvlTypeId="12" Intrnl_Id="475" Name="Move">
<Header>
<Loc EndOffset="604" SrcFileId="2" StartOffset="552"/>
</Header>
<LocList>
<Loc EndOffset="686" SrcFileId="2" StartOffset="552"/>
</LocList>
<StmntSeq Intrnl_Id="476">
<LocList>
<Loc EndOffset="640" SrcFileId="2" StartOffset="616"/>
<Loc EndOffset="679" SrcFileId="2" StartOffset="650"/>
</LocList>
<BasicStmnt CovItemId="S8" CovItemPrefix="com.OriginalFiles.Move.java" Intrnl_Id="477">
<LocList>
<Loc EndOffset="640" SrcFileId="2" StartOffset="616"/>
</LocList>
</BasicStmnt>
<BasicStmnt CovItemId="S9" CovItemPrefix="com.OriginalFiles.Move.java" Intrnl_Id="478">
<LocList>
<Loc EndOffset="679" SrcFileId="2" StartOffset="650"/>
</LocList>
</BasicStmnt>
</StmntSeq>
</HierarchyLvl>
<HierarchyLvl HierarchyLvlId="1112" HierarchyLvlTypeId="12" Intrnl_Id="479" Name="Move">
<Header>
<Loc EndOffset="707" SrcFileId="2" StartOffset="694"/>
</Header>
<LocList>
<Loc EndOffset="808" SrcFileId="2" StartOffset="694"/>
</LocList>
<StmntSeq Intrnl_Id="480">
<LocList>
<Loc EndOffset="767" SrcFileId="2" StartOffset="719"/>
<Loc EndOffset="801" SrcFileId="2" StartOffset="777"/>
</LocList>
<BasicStmnt CovItemId="S10" CovItemPrefix="com.OriginalFiles.Move.java" Intrnl_Id="481">
<LocList>
<Loc EndOffset="767" SrcFileId="2" StartOffset="719"/>
</LocList>
</BasicStmnt>
<BasicStmnt CovItemId="S11" CovItemPrefix="com.OriginalFiles.Move.java" Intrnl_Id="482">
<LocList>
<Loc EndOffset="801" SrcFileId="2" StartOffset="777"/>
</LocList>
</BasicStmnt>
</StmntSeq>
</HierarchyLvl>
<HierarchyLvl HierarchyLvlId="1113" HierarchyLvlTypeId="12" Intrnl_Id="483" Name="isJump">
<Header>
<Loc EndOffset="845" SrcFileId="2" StartOffset="816"/>
</Header>
<LocList>
<Loc EndOffset="1107" SrcFileId="2" StartOffset="816"/>
</LocList>
<StmntSeq Intrnl_Id="484">
<LocList>
<Loc EndOffset="1100" SrcFileId="2" StartOffset="857"/>
</LocList>
<CondStmnt CovItemId="S12" CovItemPrefix="com.OriginalFiles.Move.java" Intrnl_Id="485">
<Branch CovItemId="B1" CovItemPrefix="com.OriginalFiles.Move.java" Implct="false" Intrnl_Id="486">
<Cond/>
<LocList>
<Loc EndOffset="1055" SrcFileId="2" StartOffset="880"/>
</LocList>
<StmntSeq Intrnl_Id="487">
<LocList>
<Loc EndOffset="919" SrcFileId="2" StartOffset="895"/>
<Loc EndOffset="960" SrcFileId="2" StartOffset="933"/>
<Loc EndOffset="1044" SrcFileId="2" StartOffset="976"/>
</LocList>
<BasicStmnt CovItemId="S13" CovItemPrefix="com.OriginalFiles.Move.java" Intrnl_Id="488">
<LocList>
<Loc EndOffset="919" SrcFileId="2" StartOffset="895"/>
</LocList>
</BasicStmnt>
<BasicStmnt CovItemId="S14" CovItemPrefix="com.OriginalFiles.Move.java" Intrnl_Id="489">
<LocList>
<Loc EndOffset="960" SrcFileId="2" StartOffset="933"/>
</LocList>
</BasicStmnt>
<BasicStmnt CovItemId="S15" CovItemPrefix="com.OriginalFiles.Move.java" Intrnl_Id="490">
<LocList>
<Loc EndOffset="1044" SrcFileId="2" StartOffset="976"/>
</LocList>
</BasicStmnt>
</StmntSeq>
</Branch>
<Branch CovItemId="B2" CovItemPrefix="com.OriginalFiles.Move.java" Implct="false" Intrnl_Id="491">
<Cond>
<Loc EndOffset="1060" SrcFileId="2" StartOffset="1056"/>
</Cond>
<LocList>
<Loc EndOffset="1100" SrcFileId="2" StartOffset="1061"/>
</LocList>
<StmntSeq Intrnl_Id="492">
<LocList>
<Loc EndOffset="1089" SrcFileId="2" StartOffset="1076"/>
</LocList>
<BasicStmnt CovItemId="S16" CovItemPrefix="com.OriginalFiles.Move.java" Intrnl_Id="493">
<LocList>
<Loc EndOffset="1089" SrcFileId="2" StartOffset="1076"/>
</LocList>
</BasicStmnt>
</StmntSeq>
</Branch>
<Keyword EndOffset="859" SrcFileId="2" StartOffset="857"/>
<LocList>
<Loc EndOffset="1100" SrcFileId="2" StartOffset="857"/>
</LocList>
<RootTerm CovItemId="C1" CovItemPrefix="com.OriginalFiles.Move.java" Intrnl_Id="494">
<BasicBoolTerm Intrnl_Id="495">
<LocList>
<Loc EndOffset="878" SrcFileId="2" StartOffset="861"/>
</LocList>
</BasicBoolTerm>
</RootTerm>
</CondStmnt>
</StmntSeq>
</HierarchyLvl>
<HierarchyLvl HierarchyLvlId="1114" HierarchyLvlTypeId="12" Intrnl_Id="496" Name="addStep">
<Header>
<Loc EndOffset="1152" SrcFileId="2" StartOffset="1115"/>
</Header>
<LocList>
<Loc EndOffset="1192" SrcFileId="2" StartOffset="1115"/>
</LocList>
<StmntSeq Intrnl_Id="497">
<LocList>
<Loc EndOffset="1185" SrcFileId="2" StartOffset="1164"/>
</LocList>
<BasicStmnt CovItemId="S17" CovItemPrefix="com.OriginalFiles.Move.java" Intrnl_Id="498">
<LocList>
<Loc EndOffset="1185" SrcFileId="2" StartOffset="1164"/>
</LocList>
</BasicStmnt>
</StmntSeq>
</HierarchyLvl>
</HierarchyLvl>
<HierarchyLvl HierarchyLvlId="1127" HierarchyLvlTypeId="11" Intrnl_Id="499" Name="MI">
<Header>
<Loc EndOffset="165" SrcFileId="3" StartOffset="150"/>
</Header>
<LocList>
<Loc EndOffset="11531" SrcFileId="3" StartOffset="150"/>
</LocList>
<StmntSeq Intrnl_Id="500">
<LocList>
<Loc EndOffset="251" SrcFileId="3" StartOffset="215"/>
<Loc EndOffset="315" SrcFileId="3" StartOffset="257"/>
<Loc EndOffset="523" SrcFileId="3" StartOffset="488"/>
<Loc EndOffset="564" SrcFileId="3" StartOffset="529"/>
<Loc EndOffset="604" SrcFileId="3" StartOffset="572"/>
<Loc EndOffset="642" SrcFileId="3" StartOffset="610"/>
<Loc EndOffset="684" SrcFileId="3" StartOffset="648"/>
<Loc EndOffset="726" SrcFileId="3" StartOffset="690"/>
<Loc EndOffset="1089" SrcFileId="3" StartOffset="1042"/>
<Loc EndOffset="1142" SrcFileId="3" StartOffset="1095"/>
</LocList>
<BasicStmnt CovItemId="S1" CovItemPrefix="com.OriginalFiles.MI.java" Intrnl_Id="501">
<LocList>
<Loc EndOffset="251" SrcFileId="3" StartOffset="215"/>
</LocList>
</BasicStmnt>
<BasicStmnt CovItemId="S2" CovItemPrefix="com.OriginalFiles.MI.java" Intrnl_Id="502">
<LocList>
<Loc EndOffset="315" SrcFileId="3" StartOffset="257"/>
</LocList>
</BasicStmnt>
<BasicStmnt CovItemId="S3" CovItemPrefix="com.OriginalFiles.MI.java" Intrnl_Id="503">
<LocList>
<Loc EndOffset="523" SrcFileId="3" StartOffset="488"/>
</LocList>
</BasicStmnt>
<BasicStmnt CovItemId="S4" CovItemPrefix="com.OriginalFiles.MI.java" Intrnl_Id="504">
<LocList>
<Loc EndOffset="564" SrcFileId="3" StartOffset="529"/>
</LocList>
</BasicStmnt>
<BasicStmnt CovItemId="S5" CovItemPrefix="com.OriginalFiles.MI.java" Intrnl_Id="505">
<LocList>
<Loc EndOffset="604" SrcFileId="3" StartOffset="572"/>
</LocList>
</BasicStmnt>
<BasicStmnt CovItemId="S6" CovItemPrefix="com.OriginalFiles.MI.java" Intrnl_Id="506">
<LocList>
<Loc EndOffset="642" SrcFileId="3" StartOffset="610"/>
</LocList>
</BasicStmnt>
<BasicStmnt CovItemId="S7" CovItemPrefix="com.OriginalFiles.MI.java" Intrnl_Id="507">
<LocList>
<Loc EndOffset="684" SrcFileId="3" StartOffset="648"/>
</LocList>
</BasicStmnt>
<BasicStmnt CovItemId="S8" CovItemPrefix="com.OriginalFiles.MI.java" Intrnl_Id="508">
<LocList>
<Loc EndOffset="726" SrcFileId="3" StartOffset="690"/>
</LocList>
</BasicStmnt>
<BasicStmnt CovItemId="S15" CovItemPrefix="com.OriginalFiles.MI.java" Intrnl_Id="509">
<LocList>
<Loc EndOffset="1089" SrcFileId="3" StartOffset="1042"/>
</LocList>
</BasicStmnt>
<BasicStmnt CovItemId="S16" CovItemPrefix="com.OriginalFiles.MI.java" Intrnl_Id="510">
<LocList>
<Loc EndOffset="1142" SrcFileId="3" StartOffset="1095"/>
</LocList>
</BasicStmnt>
</StmntSeq>
<HierarchyLvl HierarchyLvlId="1116" HierarchyLvlTypeId="12" Intrnl_Id="511" Name="MI">
<Header>
<Loc EndOffset="822" SrcFileId="3" StartOffset="734"/>
</Header>
<LocList>
<Loc EndOffset="1034" SrcFileId="3" StartOffset="734"/>
</LocList>
<StmntSeq Intrnl_Id="512">
<LocList>
<Loc EndOffset="861" SrcFileId="3" StartOffset="834"/>
<Loc EndOffset="899" SrcFileId="3" StartOffset="871"/>
<Loc EndOffset="927" SrcFileId="3" StartOffset="909"/>
<Loc EndOffset="1027" SrcFileId="3" StartOffset="937"/>
</LocList>
<BasicStmnt CovItemId="S9" CovItemPrefix="com.OriginalFiles.MI.java" Intrnl_Id="513">
<LocList>
<Loc EndOffset="861" SrcFileId="3" StartOffset="834"/>
</LocList>
</BasicStmnt>
<BasicStmnt CovItemId="S10" CovItemPrefix="com.OriginalFiles.MI.java" Intrnl_Id="514">
<LocList>
<Loc EndOffset="899" SrcFileId="3" StartOffset="871"/>
</LocList>
</BasicStmnt>
<BasicStmnt CovItemId="S11" CovItemPrefix="com.OriginalFiles.MI.java" Intrnl_Id="515">
<LocList>
<Loc EndOffset="927" SrcFileId="3" StartOffset="909"/>
</LocList>
</BasicStmnt>
<CondStmnt CovItemId="S12" CovItemPrefix="com.OriginalFiles.MI.java" Intrnl_Id="516">
<Branch CovItemId="B1" CovItemPrefix="com.OriginalFiles.MI.java" Implct="false" Intrnl_Id="517">
<Cond/>
<LocList>
<Loc EndOffset="985" SrcFileId="3" StartOffset="950"/>
</LocList>
<StmntSeq Intrnl_Id="518">
<LocList>
<Loc EndOffset="974" SrcFileId="3" StartOffset="965"/>
</LocList>
<BasicStmnt CovItemId="S13" CovItemPrefix="com.OriginalFiles.MI.java" Intrnl_Id="519">
<LocList>
<Loc EndOffset="974" SrcFileId="3" StartOffset="965"/>
</LocList>
</BasicStmnt>
</StmntSeq>
</Branch>
<Branch CovItemId="B2" CovItemPrefix="com.OriginalFiles.MI.java" Implct="false" Intrnl_Id="520">
<Cond>
<Loc EndOffset="990" SrcFileId="3" StartOffset="986"/>
</Cond>
<LocList>
<Loc EndOffset="1027" SrcFileId="3" StartOffset="991"/>
</LocList>
<StmntSeq Intrnl_Id="521">
<LocList>
<Loc EndOffset="1016" SrcFileId="3" StartOffset="1006"/>
</LocList>
<BasicStmnt CovItemId="S14" CovItemPrefix="com.OriginalFiles.MI.java" Intrnl_Id="522">
<LocList>
<Loc EndOffset="1016" SrcFileId="3" StartOffset="1006"/>
</LocList>
</BasicStmnt>
</StmntSeq>
</Branch>
<Keyword EndOffset="939" SrcFileId="3" StartOffset="937"/>
<LocList>
<Loc EndOffset="1027" SrcFileId="3" StartOffset="937"/>
</LocList>
<RootTerm CovItemId="C1" CovItemPrefix="com.OriginalFiles.MI.java" Intrnl_Id="523">
<BasicBoolTerm Intrnl_Id="524">
<LocList>
<Loc EndOffset="948" SrcFileId="3" StartOffset="941"/>
</LocList>
</BasicBoolTerm>
</RootTerm>
</CondStmnt>
</StmntSeq>
</HierarchyLvl>
<HierarchyLvl HierarchyLvlId="1117" HierarchyLvlTypeId="12" Intrnl_Id="525" Name="updatePieceList">
<Header>
<Loc EndOffset="1180" SrcFileId="3" StartOffset="1150"/>
</Header>
<LocList>
<Loc EndOffset="1672" SrcFileId="3" StartOffset="1150"/>
</LocList>
<StmntSeq Intrnl_Id="526">
<LocList>
<Loc EndOffset="1210" SrcFileId="3" StartOffset="1192"/>
<Loc EndOffset="1238" SrcFileId="3" StartOffset="1220"/>
<Loc EndOffset="1665" SrcFileId="3" StartOffset="1248"/>
</LocList>
<BasicStmnt CovItemId="S17" CovItemPrefix="com.OriginalFiles.MI.java" Intrnl_Id="527">
<LocList>
<Loc EndOffset="1210" SrcFileId="3" StartOffset="1192"/>
</LocList>
</BasicStmnt>
<BasicStmnt CovItemId="S18" CovItemPrefix="com.OriginalFiles.MI.java" Intrnl_Id="528">
<LocList>
<Loc EndOffset="1238" SrcFileId="3" StartOffset="1220"/>
</LocList>
</BasicStmnt>
<LoopStmnt CovItemId="S19" CovItemPrefix="com.OriginalFiles.MI.java" Intrnl_Id="529" MltplExecId="L1-2" MltplExecPrefix="com.OriginalFiles.MI.java" NvrExecId="L1-0" NvrExecPrefix="com.OriginalFiles.MI.java" OnceExecutedId="L1-1" OnceExecutedPrefix="com.OriginalFiles.MI.java" OptBodyExec="true">
<StmntSeq Intrnl_Id="530">
<LocList>
<Loc EndOffset="1654" SrcFileId="3" StartOffset="1312"/>
</LocList>
<LoopStmnt CovItemId="S20" CovItemPrefix="com.OriginalFiles.MI.java" Intrnl_Id="531" MltplExecId="L2-2" MltplExecPrefix="com.OriginalFiles.MI.java" NvrExecId="L2-0" NvrExecPrefix="com.OriginalFiles.MI.java" OnceExecutedId="L2-1" OnceExecutedPrefix="com.OriginalFiles.MI.java" OptBodyExec="true">
<StmntSeq Intrnl_Id="532">
<LocList>
<Loc EndOffset="1639" SrcFileId="3" StartOffset="1348"/>
</LocList>
<CondStmnt CovItemId="S21" CovItemPrefix="com.OriginalFiles.MI.java" Intrnl_Id="533">
<Branch CovItemId="B3" CovItemPrefix="com.OriginalFiles.MI.java" Implct="false" Intrnl_Id="534">
<Cond/>
<LocList>
<Loc EndOffset="1639" SrcFileId="3" StartOffset="1366"/>
</LocList>
<StmntSeq Intrnl_Id="535">
<LocList>
<Loc EndOffset="1620" SrcFileId="3" StartOffset="1389"/>
</LocList>
<CondStmnt CovItemId="S22" CovItemPrefix="com.OriginalFiles.MI.java" Intrnl_Id="536">
<Branch CovItemId="B5" CovItemPrefix="com.OriginalFiles.MI.java" Implct="false" Intrnl_Id="537">
<Cond/>
<LocList>
<Loc EndOffset="1529" SrcFileId="3" StartOffset="1444"/>
</LocList>
<StmntSeq Intrnl_Id="538">
<LocList>
<Loc EndOffset="1506" SrcFileId="3" StartOffset="1471"/>
</LocList>
<BasicStmnt CovItemId="S23" CovItemPrefix="com.OriginalFiles.MI.java" Intrnl_Id="539">
<LocList>
<Loc EndOffset="1506" SrcFileId="3" StartOffset="1471"/>
</LocList>
</BasicStmnt>
</StmntSeq>
</Branch>
<Branch CovItemId="B6" CovItemPrefix="com.OriginalFiles.MI.java" Implct="false" Intrnl_Id="540">
<Cond>
<Loc EndOffset="1534" SrcFileId="3" StartOffset="1530"/>
</Cond>
<LocList>
<Loc EndOffset="1620" SrcFileId="3" StartOffset="1535"/>
</LocList>
<StmntSeq Intrnl_Id="541">
<LocList>
<Loc EndOffset="1597" SrcFileId="3" StartOffset="1562"/>
</LocList>
<BasicStmnt CovItemId="S24" CovItemPrefix="com.OriginalFiles.MI.java" Intrnl_Id="542">
<LocList>
<Loc EndOffset="1597" SrcFileId="3" StartOffset="1562"/>
</LocList>
</BasicStmnt>
</StmntSeq>
</Branch>
<Keyword EndOffset="1391" SrcFileId="3" StartOffset="1389"/>
<LocList>
<Loc EndOffset="1620" SrcFileId="3" StartOffset="1389"/>
</LocList>
<RootTerm CovItemId="C3" CovItemPrefix="com.OriginalFiles.MI.java" Intrnl_Id="543">
<BasicBoolTerm Intrnl_Id="544">
<LocList>
<Loc EndOffset="1442" SrcFileId="3" StartOffset="1393"/>
</LocList>
</BasicBoolTerm>
</RootTerm>
</CondStmnt>
</StmntSeq>
</Branch>
<Branch CovItemId="B4" CovItemPrefix="com.OriginalFiles.MI.java" Implct="true" Intrnl_Id="545">
<Cond/>
<LocList/>
<StmntSeq Intrnl_Id="546">
<LocList/>
</StmntSeq>
</Branch>
<Keyword EndOffset="1350" SrcFileId="3" StartOffset="1348"/>
<LocList>
<Loc EndOffset="1639" SrcFileId="3" StartOffset="1348"/>
</LocList>
<RootTerm CovItemId="C2" CovItemPrefix="com.OriginalFiles.MI.java" Intrnl_Id="547">
<OpTerm BooleanOpId="7" Intrnl_Id="548">
<BasicBoolTerm Intrnl_Id="549">
<LocList>
<Loc EndOffset="1364" SrcFileId="3" StartOffset="1353"/>
</LocList>
</BasicBoolTerm>
<LocList>
<Loc EndOffset="1353" SrcFileId="3" StartOffset="1352"/>
</LocList>
</OpTerm>
</RootTerm>
</CondStmnt>
</StmntSeq>
<Keyword EndOffset="1315" SrcFileId="3" StartOffset="1312"/>
<LocList>
<Loc EndOffset="1654" SrcFileId="3" StartOffset="1312"/>
</LocList>
</LoopStmnt>
</StmntSeq>
<Keyword EndOffset="1251" SrcFileId="3" StartOffset="1248"/>
<LocList>
<Loc EndOffset="1665" SrcFileId="3" StartOffset="1248"/>
</LocList>
</LoopStmnt>
</StmntSeq>
</HierarchyLvl>
<HierarchyLvl HierarchyLvlId="1118" HierarchyLvlTypeId="12" Intrnl_Id="550" Name="lookForBestMove">
<Header>
<Loc EndOffset="1911" SrcFileId="3" StartOffset="1781"/>
</Header>
<LocList>
<Loc EndOffset="2715" SrcFileId="3" StartOffset="1781"/>
</LocList>
<StmntSeq Intrnl_Id="551">
<LocList>
<Loc EndOffset="1941" SrcFileId="3" StartOffset="1923"/>
<Loc EndOffset="1993" SrcFileId="3" StartOffset="1951"/>
<Loc EndOffset="2048" SrcFileId="3" StartOffset="2003"/>
<Loc EndOffset="2078" SrcFileId="3" StartOffset="2058"/>
<Loc EndOffset="2192" SrcFileId="3" StartOffset="2117"/>
<Loc EndOffset="2629" SrcFileId="3" StartOffset="2204"/>
<Loc EndOffset="2708" SrcFileId="3" StartOffset="2639"/>
</LocList>
<BasicStmnt CovItemId="S25" CovItemPrefix="com.OriginalFiles.MI.java" Intrnl_Id="552">
<LocList>
<Loc EndOffset="1941" SrcFileId="3" StartOffset="1923"/>
</LocList>
</BasicStmnt>
<BasicStmnt CovItemId="S26" CovItemPrefix="com.OriginalFiles.MI.java" Intrnl_Id="553">
<LocList>
<Loc EndOffset="1993" SrcFileId="3" StartOffset="1951"/>
</LocList>
</BasicStmnt>
<BasicStmnt CovItemId="S27" CovItemPrefix="com.OriginalFiles.MI.java" Intrnl_Id="554">
<LocList>
<Loc EndOffset="2048" SrcFileId="3" StartOffset="2003"/>
</LocList>
</BasicStmnt>
<BasicStmnt CovItemId="S28" CovItemPrefix="com.OriginalFiles.MI.java" Intrnl_Id="555">
<LocList>
<Loc EndOffset="2078" SrcFileId="3" StartOffset="2058"/>
</LocList>
</BasicStmnt>
<CondStmnt CovItemId="S29" CovItemPrefix="com.OriginalFiles.MI.java" Intrnl_Id="556">
<Branch CovItemId="B7" CovItemPrefix="com.OriginalFiles.MI.java" Implct="false" Intrnl_Id="557">
<Cond/>
<LocList>
<Loc EndOffset="2192" SrcFileId="3" StartOffset="2143"/>
</LocList>
<StmntSeq Intrnl_Id="558">
<LocList>
<Loc EndOffset="2181" SrcFileId="3" StartOffset="2158"/>
</LocList>
<BasicStmnt CovItemId="S30" CovItemPrefix="com.OriginalFiles.MI.java" Intrnl_Id="559">
<LocList>
<Loc EndOffset="2181" SrcFileId="3" StartOffset="2158"/>
</LocList>
</BasicStmnt>
</StmntSeq>
</Branch>
<Branch CovItemId="B8" CovItemPrefix="com.OriginalFiles.MI.java" Implct="true" Intrnl_Id="560">
<Cond/>
<LocList/>
<StmntSeq Intrnl_Id="561">
<LocList/>
</StmntSeq>
</Branch>
<Keyword EndOffset="2119" SrcFileId="3" StartOffset="2117"/>
<LocList>
<Loc EndOffset="2192" SrcFileId="3" StartOffset="2117"/>
</LocList>
<RootTerm CovItemId="C4" CovItemPrefix="com.OriginalFiles.MI.java" Intrnl_Id="562">
<BasicBoolTerm Intrnl_Id="563">
<LocList>
<Loc EndOffset="2141" SrcFileId="3" StartOffset="2121"/>
</LocList>
</BasicBoolTerm>
</RootTerm>
</CondStmnt>
<LoopStmnt CovItemId="S31" CovItemPrefix="com.OriginalFiles.MI.java" Intrnl_Id="564" MltplExecId="L3-2" MltplExecPrefix="com.OriginalFiles.MI.java" NvrExecId="L3-0" NvrExecPrefix="com.OriginalFiles.MI.java" OnceExecutedId="L3-1" OnceExecutedPrefix="com.OriginalFiles.MI.java" OptBodyExec="true">
<StmntSeq Intrnl_Id="565">
<LocList>
<Loc EndOffset="2265" SrcFileId="3" StartOffset="2246"/>
<Loc EndOffset="2342" SrcFileId="3" StartOffset="2281"/>
<Loc EndOffset="2369" SrcFileId="3" StartOffset="2356"/>
<Loc EndOffset="2618" SrcFileId="3" StartOffset="2385"/>
</LocList>
<BasicStmnt CovItemId="S32" CovItemPrefix="com.OriginalFiles.MI.java" Intrnl_Id="566">
<LocList>
<Loc EndOffset="2265" SrcFileId="3" StartOffset="2246"/>
</LocList>
</BasicStmnt>
<BasicStmnt CovItemId="S33" CovItemPrefix="com.OriginalFiles.MI.java" Intrnl_Id="567">
<LocList>
<Loc EndOffset="2342" SrcFileId="3" StartOffset="2281"/>
</LocList>
</BasicStmnt>
<BasicStmnt CovItemId="S34" CovItemPrefix="com.OriginalFiles.MI.java" Intrnl_Id="568">
<LocList>
<Loc EndOffset="2369" SrcFileId="3" StartOffset="2356"/>
</LocList>
</BasicStmnt>
<CondStmnt CovItemId="S35" CovItemPrefix="com.OriginalFiles.MI.java" Intrnl_Id="569">
<Branch CovItemId="B9" CovItemPrefix="com.OriginalFiles.MI.java" Implct="false" Intrnl_Id="570">
<Cond/>
<LocList>
<Loc EndOffset="2534" SrcFileId="3" StartOffset="2408"/>
</LocList>
<StmntSeq Intrnl_Id="571">
<LocList>
<Loc EndOffset="2445" SrcFileId="3" StartOffset="2427"/>
<Loc EndOffset="2481" SrcFileId="3" StartOffset="2463"/>
<Loc EndOffset="2519" SrcFileId="3" StartOffset="2499"/>
</LocList>
<BasicStmnt CovItemId="S36" CovItemPrefix="com.OriginalFiles.MI.java" Intrnl_Id="572">
<LocList>
<Loc EndOffset="2445" SrcFileId="3" StartOffset="2427"/>
</LocList>
</BasicStmnt>
<BasicStmnt CovItemId="S37" CovItemPrefix="com.OriginalFiles.MI.java" Intrnl_Id="573">
<LocList>
<Loc EndOffset="2481" SrcFileId="3" StartOffset="2463"/>
</LocList>
</BasicStmnt>
<BasicStmnt CovItemId="S38" CovItemPrefix="com.OriginalFiles.MI.java" Intrnl_Id="574">
<LocList>
<Loc EndOffset="2519" SrcFileId="3" StartOffset="2499"/>
</LocList>
</BasicStmnt>
</StmntSeq>
</Branch>
<Branch CovItemId="B10" CovItemPrefix="com.OriginalFiles.MI.java" Implct="false" Intrnl_Id="575">
<Cond>
<Loc EndOffset="2539" SrcFileId="3" StartOffset="2535"/>
</Cond>
<LocList>
<Loc EndOffset="2618" SrcFileId="3" StartOffset="2540"/>
</LocList>
<StmntSeq Intrnl_Id="576">
<LocList>
<Loc EndOffset="2618" SrcFileId="3" StartOffset="2540"/>
</LocList>
<CondStmnt CovItemId="S39" CovItemPrefix="com.OriginalFiles.MI.java" Intrnl_Id="577">
<Branch CovItemId="B11" CovItemPrefix="com.OriginalFiles.MI.java" Implct="false" Intrnl_Id="578">
<Cond/>
<LocList>
<Loc EndOffset="2618" SrcFileId="3" StartOffset="2564"/>
</LocList>
<StmntSeq Intrnl_Id="579">
<LocList>
<Loc EndOffset="2603" SrcFileId="3" StartOffset="2583"/>
</LocList>
<BasicStmnt CovItemId="S40" CovItemPrefix="com.OriginalFiles.MI.java" Intrnl_Id="580">
<LocList>
<Loc EndOffset="2603" SrcFileId="3" StartOffset="2583"/>
</LocList>
</BasicStmnt>
</StmntSeq>
</Branch>
<Branch CovItemId="B12" CovItemPrefix="com.OriginalFiles.MI.java" Implct="true" Intrnl_Id="581">
<Cond/>
<LocList/>
<StmntSeq Intrnl_Id="582">
<LocList/>
</StmntSeq>
</Branch>
<Keyword EndOffset="2542" SrcFileId="3" StartOffset="2540"/>
<LocList>
<Loc EndOffset="2618" SrcFileId="3" StartOffset="2540"/>
</LocList>
<RootTerm CovItemId="C6" CovItemPrefix="com.OriginalFiles.MI.java" Intrnl_Id="583">
<BasicBoolTerm Intrnl_Id="584">
<LocList>
<Loc EndOffset="2562" SrcFileId="3" StartOffset="2544"/>
</LocList>
</BasicBoolTerm>
</RootTerm>
</CondStmnt>
</StmntSeq>
</Branch>
<Keyword EndOffset="2387" SrcFileId="3" StartOffset="2385"/>
<LocList>
<Loc EndOffset="2618" SrcFileId="3" StartOffset="2385"/>
</LocList>
<RootTerm CovItemId="C5" CovItemPrefix="com.OriginalFiles.MI.java" Intrnl_Id="585">
<BasicBoolTerm Intrnl_Id="586">
<LocList>
<Loc EndOffset="2406" SrcFileId="3" StartOffset="2389"/>
</LocList>
</BasicBoolTerm>
</RootTerm>
</CondStmnt>
</StmntSeq>
<Keyword EndOffset="2207" SrcFileId="3" StartOffset="2204"/>
<LocList>
<Loc EndOffset="2629" SrcFileId="3" StartOffset="2204"/>
</LocList>
</LoopStmnt>
<BasicStmnt CovItemId="S41" CovItemPrefix="com.OriginalFiles.MI.java" Intrnl_Id="587">
<LocList>
<Loc EndOffset="2708" SrcFileId="3" StartOffset="2639"/>
</LocList>
</BasicStmnt>
</StmntSeq>
</HierarchyLvl>
<HierarchyLvl HierarchyLvlId="1119" HierarchyLvlTypeId="12" Intrnl_Id="588" Name="negaMax">
<Header>
<Loc EndOffset="2861" SrcFileId="3" StartOffset="2725"/>
</Header>
<LocList>
<Loc EndOffset="3573" SrcFileId="3" StartOffset="2725"/>
</LocList>
<StmntSeq Intrnl_Id="589">
<LocList>
<Loc EndOffset="3084" SrcFileId="3" StartOffset="2902"/>
<Loc EndOffset="3133" SrcFileId="3" StartOffset="3094"/>
<Loc EndOffset="3169" SrcFileId="3" StartOffset="3145"/>
<Loc EndOffset="3518" SrcFileId="3" StartOffset="3179"/>
<Loc EndOffset="3566" SrcFileId="3" StartOffset="3549"/>
</LocList>
<CondStmnt CovItemId="S42" CovItemPrefix="com.OriginalFiles.MI.java" Intrnl_Id="590">
<Branch CovItemId="B13" CovItemPrefix="com.OriginalFiles.MI.java" Implct="false" Intrnl_Id="591">
<Cond/>
<LocList>
<Loc EndOffset="3084" SrcFileId="3" StartOffset="3027"/>
</LocList>
<StmntSeq Intrnl_Id="592">
<LocList>
<Loc EndOffset="3073" SrcFileId="3" StartOffset="3042"/>
</LocList>
<BasicStmnt CovItemId="S43" CovItemPrefix="com.OriginalFiles.MI.java" Intrnl_Id="593">
<LocList>
<Loc EndOffset="3073" SrcFileId="3" StartOffset="3042"/>
</LocList>
</BasicStmnt>
</StmntSeq>
</Branch>
<Branch CovItemId="B14" CovItemPrefix="com.OriginalFiles.MI.java" Implct="true" Intrnl_Id="594">
<Cond/>
<LocList/>
<StmntSeq Intrnl_Id="595">
<LocList/>
</StmntSeq>
</Branch>
<Keyword EndOffset="2904" SrcFileId="3" StartOffset="2902"/>
<LocList>
<Loc EndOffset="3084" SrcFileId="3" StartOffset="2902"/>
</LocList>
<RootTerm CovItemId="C7" CovItemPrefix="com.OriginalFiles.MI.java" Intrnl_Id="596">
<OpTerm BooleanOpId="9" Intrnl_Id="597">
<BasicBoolTerm Intrnl_Id="598">
<LocList>
<Loc EndOffset="2916" SrcFileId="3" StartOffset="2906"/>
</LocList>
</BasicBoolTerm>
<BasicBoolTerm Intrnl_Id="599">
<LocList>
<Loc EndOffset="3025" SrcFileId="3" StartOffset="2937"/>
</LocList>
</BasicBoolTerm>
<LocList>
<Loc EndOffset="2936" SrcFileId="3" StartOffset="2934"/>
</LocList>
</OpTerm>
</RootTerm>
</CondStmnt>
<BasicStmnt CovItemId="S44" CovItemPrefix="com.OriginalFiles.MI.java" Intrnl_Id="600">
<LocList>
<Loc EndOffset="3133" SrcFileId="3" StartOffset="3094"/>
</LocList>
</BasicStmnt>
<BasicStmnt CovItemId="S45" CovItemPrefix="com.OriginalFiles.MI.java" Intrnl_Id="601">
<LocList>
<Loc EndOffset="3169" SrcFileId="3" StartOffset="3145"/>
</LocList>
</BasicStmnt>
<LoopStmnt CovItemId="S46" CovItemPrefix="com.OriginalFiles.MI.java" Intrnl_Id="602" MltplExecId="L4-2" MltplExecPrefix="com.OriginalFiles.MI.java" NvrExecId="L4-0" NvrExecPrefix="com.OriginalFiles.MI.java" OnceExecutedId="L4-1" OnceExecutedPrefix="com.OriginalFiles.MI.java" OptBodyExec="true">
<StmntSeq Intrnl_Id="603">
<LocList>
<Loc EndOffset="3237" SrcFileId="3" StartOffset="3218"/>
<Loc EndOffset="3311" SrcFileId="3" StartOffset="3251"/>
<Loc EndOffset="3338" SrcFileId="3" StartOffset="3325"/>
<Loc EndOffset="3391" SrcFileId="3" StartOffset="3354"/>
<Loc EndOffset="3434" SrcFileId="3" StartOffset="3405"/>
<Loc EndOffset="3507" SrcFileId="3" StartOffset="3448"/>
</LocList>
<BasicStmnt CovItemId="S47" CovItemPrefix="com.OriginalFiles.MI.java" Intrnl_Id="604">
<LocList>
<Loc EndOffset="3237" SrcFileId="3" StartOffset="3218"/>
</LocList>
</BasicStmnt>
<BasicStmnt CovItemId="S48" CovItemPrefix="com.OriginalFiles.MI.java" Intrnl_Id="605">
<LocList>
<Loc EndOffset="3311" SrcFileId="3" StartOffset="3251"/>
</LocList>
</BasicStmnt>
<BasicStmnt CovItemId="S49" CovItemPrefix="com.OriginalFiles.MI.java" Intrnl_Id="606">
<LocList>
<Loc EndOffset="3338" SrcFileId="3" StartOffset="3325"/>
</LocList>
</BasicStmnt>
<BasicStmnt CovItemId="S50" CovItemPrefix="com.OriginalFiles.MI.java" Intrnl_Id="607">
<LocList>
<Loc EndOffset="3391" SrcFileId="3" StartOffset="3354"/>
</LocList>
</BasicStmnt>
<BasicStmnt CovItemId="S51" CovItemPrefix="com.OriginalFiles.MI.java" Intrnl_Id="608">
<LocList>
<Loc EndOffset="3434" SrcFileId="3" StartOffset="3405"/>
</LocList>
</BasicStmnt>
<CondStmnt CovItemId="S52" CovItemPrefix="com.OriginalFiles.MI.java" Intrnl_Id="609">
<Branch CovItemId="B15" CovItemPrefix="com.OriginalFiles.MI.java" Implct="false" Intrnl_Id="610">
<Cond/>
<LocList>
<Loc EndOffset="3507" SrcFileId="3" StartOffset="3467"/>
</LocList>
<StmntSeq Intrnl_Id="611">
<LocList>
<Loc EndOffset="3492" SrcFileId="3" StartOffset="3486"/>
</LocList>
<BasicStmnt CovItemId="S53" CovItemPrefix="com.OriginalFiles.MI.java" Intrnl_Id="612">
<LocList>
<Loc EndOffset="3492" SrcFileId="3" StartOffset="3486"/>
</LocList>
</BasicStmnt>
</StmntSeq>
</Branch>
<Branch CovItemId="B16" CovItemPrefix="com.OriginalFiles.MI.java" Implct="true" Intrnl_Id="613">
<Cond/>
<LocList/>
<StmntSeq Intrnl_Id="614">
<LocList/>
</StmntSeq>
</Branch>
<Keyword EndOffset="3450" SrcFileId="3" StartOffset="3448"/>
<LocList>
<Loc EndOffset="3507" SrcFileId="3" StartOffset="3448"/>
</LocList>
<RootTerm CovItemId="C8" CovItemPrefix="com.OriginalFiles.MI.java" Intrnl_Id="615">
<BasicBoolTerm Intrnl_Id="616">
<LocList>
<Loc EndOffset="3465" SrcFileId="3" StartOffset="3452"/>
</LocList>
</BasicBoolTerm>
</RootTerm>
</CondStmnt>
</StmntSeq>
<Keyword EndOffset="3182" SrcFileId="3" StartOffset="3179"/>
<LocList>
<Loc EndOffset="3518" SrcFileId="3" StartOffset="3179"/>
</LocList>
</LoopStmnt>
<BasicStmnt CovItemId="S54" CovItemPrefix="com.OriginalFiles.MI.java" Intrnl_Id="617">
<LocList>
<Loc EndOffset="3566" SrcFileId="3" StartOffset="3549"/>
</LocList>
</BasicStmnt>
</StmntSeq>
</HierarchyLvl>
<HierarchyLvl HierarchyLvlId="1120" HierarchyLvlTypeId="12" Intrnl_Id="618" Name="evaluation">
<Header>
<Loc EndOffset="3616" SrcFileId="3" StartOffset="3581"/>
</Header>
<LocList>
<Loc EndOffset="5252" SrcFileId="3" StartOffset="3581"/>
</LocList>
<StmntSeq Intrnl_Id="619">
<LocList>
<Loc EndOffset="3652" SrcFileId="3" StartOffset="3628"/>
<Loc EndOffset="3694" SrcFileId="3" StartOffset="3662"/>
<Loc EndOffset="3730" SrcFileId="3" StartOffset="3704"/>
<Loc EndOffset="3801" SrcFileId="3" StartOffset="3742"/>
<Loc EndOffset="4164" SrcFileId="3" StartOffset="3811"/>
<Loc EndOffset="4198" SrcFileId="3" StartOffset="4174"/>
<Loc EndOffset="4413" SrcFileId="3" StartOffset="4210"/>
<Loc EndOffset="4629" SrcFileId="3" StartOffset="4425"/>
<Loc EndOffset="4672" SrcFileId="3" StartOffset="4641"/>
<Loc EndOffset="5213" SrcFileId="3" StartOffset="4684"/>
<Loc EndOffset="5245" SrcFileId="3" StartOffset="5225"/>
</LocList>
<BasicStmnt CovItemId="S55" CovItemPrefix="com.OriginalFiles.MI.java" Intrnl_Id="620">
<LocList>
<Loc EndOffset="3652" SrcFileId="3" StartOffset="3628"/>
</LocList>
</BasicStmnt>
<BasicStmnt CovItemId="S56" CovItemPrefix="com.OriginalFiles.MI.java" Intrnl_Id="621">
<LocList>
<Loc EndOffset="3694" SrcFileId="3" StartOffset="3662"/>
</LocList>
</BasicStmnt>
<BasicStmnt CovItemId="S57" CovItemPrefix="com.OriginalFiles.MI.java" Intrnl_Id="622">
<LocList>
<Loc EndOffset="3730" SrcFileId="3" StartOffset="3704"/>
</LocList>
</BasicStmnt>
<CondStmnt CovItemId="S58" CovItemPrefix="com.OriginalFiles.MI.java" Intrnl_Id="623">
<Branch CovItemId="B17" CovItemPrefix="com.OriginalFiles.MI.java" Implct="false" Intrnl_Id="624">
<Cond/>
<LocList>
<Loc EndOffset="3801" SrcFileId="3" StartOffset="3758"/>
</LocList>
<StmntSeq Intrnl_Id="625">
<LocList>
<Loc EndOffset="3790" SrcFileId="3" StartOffset="3773"/>
</LocList>
<BasicStmnt CovItemId="S59" CovItemPrefix="com.OriginalFiles.MI.java" Intrnl_Id="626">
<LocList>
<Loc EndOffset="3790" SrcFileId="3" StartOffset="3773"/>
</LocList>
</BasicStmnt>
</StmntSeq>
</Branch>
<Branch CovItemId="B18" CovItemPrefix="com.OriginalFiles.MI.java" Implct="true" Intrnl_Id="627">
<Cond/>
<LocList/>
<StmntSeq Intrnl_Id="628">
<LocList/>
</StmntSeq>
</Branch>
<Keyword EndOffset="3744" SrcFileId="3" StartOffset="3742"/>
<LocList>
<Loc EndOffset="3801" SrcFileId="3" StartOffset="3742"/>
</LocList>
<RootTerm CovItemId="C9" CovItemPrefix="com.OriginalFiles.MI.java" Intrnl_Id="629">
<BasicBoolTerm Intrnl_Id="630">
<LocList>
<Loc EndOffset="3756" SrcFileId="3" StartOffset="3746"/>
</LocList>
</BasicBoolTerm>
</RootTerm>
</CondStmnt>
<CondStmnt CovItemId="S60" CovItemPrefix="com.OriginalFiles.MI.java" Intrnl_Id="631">
<Branch CovItemId="B19" CovItemPrefix="com.OriginalFiles.MI.java" Implct="false" Intrnl_Id="632">
<Cond/>
<LocList>
<Loc EndOffset="3992" SrcFileId="3" StartOffset="3827"/>
</LocList>
<StmntSeq Intrnl_Id="633">
<LocList>
<Loc EndOffset="3981" SrcFileId="3" StartOffset="3842"/>
</LocList>
<BasicStmnt CovItemId="S61" CovItemPrefix="com.OriginalFiles.MI.java" Intrnl_Id="634">
<LocList>
<Loc EndOffset="3981" SrcFileId="3" StartOffset="3842"/>
</LocList>
</BasicStmnt>
</StmntSeq>
</Branch>
<Branch CovItemId="B20" CovItemPrefix="com.OriginalFiles.MI.java" Implct="false" Intrnl_Id="635">
<Cond>
<Loc EndOffset="3997" SrcFileId="3" StartOffset="3993"/>
</Cond>
<LocList>
<Loc EndOffset="4164" SrcFileId="3" StartOffset="3998"/>
</LocList>
<StmntSeq Intrnl_Id="636">
<LocList>
<Loc EndOffset="4153" SrcFileId="3" StartOffset="4013"/>
</LocList>
<BasicStmnt CovItemId="S62" CovItemPrefix="com.OriginalFiles.MI.java" Intrnl_Id="637">
<LocList>
<Loc EndOffset="4153" SrcFileId="3" StartOffset="4013"/>
</LocList>
</BasicStmnt>
</StmntSeq>
</Branch>
<Keyword EndOffset="3813" SrcFileId="3" StartOffset="3811"/>
<LocList>
<Loc EndOffset="4164" SrcFileId="3" StartOffset="3811"/>
</LocList>
<RootTerm CovItemId="C10" CovItemPrefix="com.OriginalFiles.MI.java" Intrnl_Id="638">
<OpTerm BooleanOpId="7" Intrnl_Id="639">
<BasicBoolTerm Intrnl_Id="640">
<LocList>
<Loc EndOffset="3825" SrcFileId="3" StartOffset="3816"/>
</LocList>
</BasicBoolTerm>
<LocList>
<Loc EndOffset="3816" SrcFileId="3" StartOffset="3815"/>
</LocList>
</OpTerm>
</RootTerm>
</CondStmnt>
<BasicStmnt CovItemId="S63" CovItemPrefix="com.OriginalFiles.MI.java" Intrnl_Id="641">
<LocList>
<Loc EndOffset="4198" SrcFileId="3" StartOffset="4174"/>
</LocList>
</BasicStmnt>
<LoopStmnt CovItemId="S64" CovItemPrefix="com.OriginalFiles.MI.java" Intrnl_Id="642" MltplExecId="L5-2" MltplExecPrefix="com.OriginalFiles.MI.java" NvrExecId="L5-0" NvrExecPrefix="com.OriginalFiles.MI.java" OnceExecutedId="L5-1" OnceExecutedPrefix="com.OriginalFiles.MI.java" OptBodyExec="true">
<StmntSeq Intrnl_Id="643">
<LocList>
<Loc EndOffset="4402" SrcFileId="3" StartOffset="4268"/>
</LocList>
<BasicStmnt CovItemId="S65" CovItemPrefix="com.OriginalFiles.MI.java" Intrnl_Id="644">
<LocList>
<Loc EndOffset="4402" SrcFileId="3" StartOffset="4268"/>
</LocList>
</BasicStmnt>
</StmntSeq>
<Keyword EndOffset="4213" SrcFileId="3" StartOffset="4210"/>
<LocList>
<Loc EndOffset="4413" SrcFileId="3" StartOffset="4210"/>
</LocList>
<RootTerm CovItemId="C11" CovItemPrefix="com.OriginalFiles.MI.java" Intrnl_Id="645">
<BasicBoolTerm Intrnl_Id="646">
<LocList>
<Loc EndOffset="4246" SrcFileId="3" StartOffset="4226"/>
</LocList>
</BasicBoolTerm>
</RootTerm>
</LoopStmnt>
<LoopStmnt CovItemId="S66" CovItemPrefix="com.OriginalFiles.MI.java" Intrnl_Id="647" MltplExecId="L6-2" MltplExecPrefix="com.OriginalFiles.MI.java" NvrExecId="L6-0" NvrExecPrefix="com.OriginalFiles.MI.java" OnceExecutedId="L6-1" OnceExecutedPrefix="com.OriginalFiles.MI.java" OptBodyExec="true">
<StmntSeq Intrnl_Id="648">
<LocList>
<Loc EndOffset="4618" SrcFileId="3" StartOffset="4483"/>
</LocList>
<BasicStmnt CovItemId="S67" CovItemPrefix="com.OriginalFiles.MI.java" Intrnl_Id="649">
<LocList>
<Loc EndOffset="4618" SrcFileId="3" StartOffset="4483"/>
</LocList>
</BasicStmnt>
</StmntSeq>
<Keyword EndOffset="4428" SrcFileId="3" StartOffset="4425"/>
<LocList>
<Loc EndOffset="4629" SrcFileId="3" StartOffset="4425"/>
</LocList>
<RootTerm CovItemId="C12" CovItemPrefix="com.OriginalFiles.MI.java" Intrnl_Id="650">
<BasicBoolTerm Intrnl_Id="651">
<LocList>
<Loc EndOffset="4461" SrcFileId="3" StartOffset="4441"/>
</LocList>
</BasicBoolTerm>
</RootTerm>
</LoopStmnt>
<BasicStmnt CovItemId="S68" CovItemPrefix="com.OriginalFiles.MI.java" Intrnl_Id="652">
<LocList>
<Loc EndOffset="4672" SrcFileId="3" StartOffset="4641"/>
</LocList>
</BasicStmnt>
<CondStmnt CovItemId="S69" CovItemPrefix="com.OriginalFiles.MI.java" Intrnl_Id="653">
<Branch CovItemId="B21" CovItemPrefix="com.OriginalFiles.MI.java" Implct="false" Intrnl_Id="654">
<Cond>
<Loc EndOffset="4791" SrcFileId="3" StartOffset="4785"/>
</Cond>
<LocList>
<Loc EndOffset="4852" SrcFileId="3" StartOffset="4806"/>
</LocList>
<StmntSeq Intrnl_Id="655">
<LocList>
<Loc EndOffset="4832" SrcFileId="3" StartOffset="4806"/>
<Loc EndOffset="4852" SrcFileId="3" StartOffset="4846"/>
</LocList>
<BasicStmnt CovItemId="S70" CovItemPrefix="com.OriginalFiles.MI.java" Intrnl_Id="656">
<LocList>
<Loc EndOffset="4832" SrcFileId="3" StartOffset="4806"/>
</LocList>
</BasicStmnt>
<BasicStmnt CovItemId="S71" CovItemPrefix="com.OriginalFiles.MI.java" Intrnl_Id="657">
<LocList>
<Loc EndOffset="4852" SrcFileId="3" StartOffset="4846"/>
</LocList>
</BasicStmnt>
</StmntSeq>
</Branch>
<Branch CovItemId="B22" CovItemPrefix="com.OriginalFiles.MI.java" Implct="false" Intrnl_Id="658">
<Cond>
<Loc EndOffset="4868" SrcFileId="3" StartOffset="4862"/>
</Cond>
<LocList>
<Loc EndOffset="4929" SrcFileId="3" StartOffset="4883"/>
</LocList>
<StmntSeq Intrnl_Id="659">
<LocList>
<Loc EndOffset="4909" SrcFileId="3" StartOffset="4883"/>
<Loc EndOffset="4929" SrcFileId="3" StartOffset="4923"/>
</LocList>
<BasicStmnt CovItemId="S72" CovItemPrefix="com.OriginalFiles.MI.java" Intrnl_Id="660">
<LocList>
<Loc EndOffset="4909" SrcFileId="3" StartOffset="4883"/>
</LocList>
</BasicStmnt>
<BasicStmnt CovItemId="S73" CovItemPrefix="com.OriginalFiles.MI.java" Intrnl_Id="661">
<LocList>
<Loc EndOffset="4929" SrcFileId="3" StartOffset="4923"/>
</LocList>
</BasicStmnt>
</StmntSeq>
</Branch>
<Branch CovItemId="B23" CovItemPrefix="com.OriginalFiles.MI.java" Implct="false" Intrnl_Id="662">
<Cond>
<Loc EndOffset="4945" SrcFileId="3" StartOffset="4939"/>
</Cond>
<LocList>
<Loc EndOffset="5011" SrcFileId="3" StartOffset="4964"/>
</LocList>
<StmntSeq Intrnl_Id="663">
<LocList>
<Loc EndOffset="4991" SrcFileId="3" StartOffset="4964"/>
<Loc EndOffset="5011" SrcFileId="3" StartOffset="5005"/>
</LocList>
<BasicStmnt CovItemId="S74" CovItemPrefix="com.OriginalFiles.MI.java" Intrnl_Id="664">
<LocList>
<Loc EndOffset="4991" SrcFileId="3" StartOffset="4964"/>
</LocList>
</BasicStmnt>
<BasicStmnt CovItemId="S75" CovItemPrefix="com.OriginalFiles.MI.java" Intrnl_Id="665">
<LocList>
<Loc EndOffset="5011" SrcFileId="3" StartOffset="5005"/>
</LocList>
</BasicStmnt>
</StmntSeq>
</Branch>
<Branch CovItemId="B24" CovItemPrefix="com.OriginalFiles.MI.java" Implct="false" Intrnl_Id="666">
<Cond>
<Loc EndOffset="5028" SrcFileId="3" StartOffset="5021"/>
</Cond>
<LocList>
<Loc EndOffset="5202" SrcFileId="3" StartOffset="5043"/>
</LocList>
<StmntSeq Intrnl_Id="667">
<LocList>
<Loc EndOffset="5182" SrcFileId="3" StartOffset="5043"/>
<Loc EndOffset="5202" SrcFileId="3" StartOffset="5196"/>
</LocList>
<BasicStmnt CovItemId="S76" CovItemPrefix="com.OriginalFiles.MI.java" Intrnl_Id="668">
<LocList>
<Loc EndOffset="5182" SrcFileId="3" StartOffset="5043"/>
</LocList>
</BasicStmnt>
<BasicStmnt CovItemId="S77" CovItemPrefix="com.OriginalFiles.MI.java" Intrnl_Id="669">
<LocList>
<Loc EndOffset="5202" SrcFileId="3" StartOffset="5196"/>
</LocList>
</BasicStmnt>
</StmntSeq>
</Branch>
<Keyword EndOffset="4690" SrcFileId="3" StartOffset="4684"/>
<LocList>
<Loc EndOffset="5213" SrcFileId="3" StartOffset="4684"/>
</LocList>
</CondStmnt>
<BasicStmnt CovItemId="S78" CovItemPrefix="com.OriginalFiles.MI.java" Intrnl_Id="670">
<LocList>
<Loc EndOffset="5245" SrcFileId="3" StartOffset="5225"/>
</LocList>
</BasicStmnt>
</StmntSeq>
</HierarchyLvl>
<HierarchyLvl HierarchyLvlId="1121" HierarchyLvlTypeId="12" Intrnl_Id="671" Name="gameState">
<Header>
<Loc EndOffset="5283" SrcFileId="3" StartOffset="5260"/>
</Header>
<LocList>
<Loc EndOffset="5511" SrcFileId="3" StartOffset="5260"/>
</LocList>
<StmntSeq Intrnl_Id="672">
<LocList>
<Loc EndOffset="5477" SrcFileId="3" StartOffset="5295"/>
<Loc EndOffset="5504" SrcFileId="3" StartOffset="5487"/>
</LocList>
<CondStmnt CovItemId="S79" CovItemPrefix="com.OriginalFiles.MI.java" Intrnl_Id="673">
<Branch CovItemId="B25" CovItemPrefix="com.OriginalFiles.MI.java" Implct="false" Intrnl_Id="674">
<Cond/>
<LocList>
<Loc EndOffset="5477" SrcFileId="3" StartOffset="5434"/>
</LocList>
<StmntSeq Intrnl_Id="675">
<LocList>
<Loc EndOffset="5466" SrcFileId="3" StartOffset="5449"/>
</LocList>
<BasicStmnt CovItemId="S80" CovItemPrefix="com.OriginalFiles.MI.java" Intrnl_Id="676">
<LocList>
<Loc EndOffset="5466" SrcFileId="3" StartOffset="5449"/>
</LocList>
</BasicStmnt>
</StmntSeq>
</Branch>
<Branch CovItemId="B26" CovItemPrefix="com.OriginalFiles.MI.java" Implct="true" Intrnl_Id="677">
<Cond/>
<LocList/>
<StmntSeq Intrnl_Id="678">
<LocList/>
</StmntSeq>
</Branch>
<Keyword EndOffset="5297" SrcFileId="3" StartOffset="5295"/>
<LocList>
<Loc EndOffset="5477" SrcFileId="3" StartOffset="5295"/>
</LocList>
<RootTerm CovItemId="C13" CovItemPrefix="com.OriginalFiles.MI.java" Intrnl_Id="679">
<OpTerm BooleanOpId="8" Intrnl_Id="680">
<BasicBoolTerm Intrnl_Id="681">
<LocList>
<Loc EndOffset="5355" SrcFileId="3" StartOffset="5299"/>
</LocList>
</BasicBoolTerm>
<BasicBoolTerm Intrnl_Id="682">
<LocList>
<Loc EndOffset="5432" SrcFileId="3" StartOffset="5376"/>
</LocList>
</BasicBoolTerm>
<LocList>
<Loc EndOffset="5375" SrcFileId="3" StartOffset="5373"/>
</LocList>
</OpTerm>
</RootTerm>
</CondStmnt>
<BasicStmnt CovItemId="S81" CovItemPrefix="com.OriginalFiles.MI.java" Intrnl_Id="683">
<LocList>
<Loc EndOffset="5504" SrcFileId="3" StartOffset="5487"/>
</LocList>
</BasicStmnt>
</StmntSeq>
</HierarchyLvl>
<HierarchyLvl HierarchyLvlId="1122" HierarchyLvlTypeId="12" Intrnl_Id="684" Name="max">
<Header>
<Loc EndOffset="5557" SrcFileId="3" StartOffset="5519"/>
</Header>
<LocList>
<Loc EndOffset="5641" SrcFileId="3" StartOffset="5519"/>
</LocList>
<StmntSeq Intrnl_Id="685">
<LocList>
<Loc EndOffset="5615" SrcFileId="3" StartOffset="5569"/>
<Loc EndOffset="5634" SrcFileId="3" StartOffset="5625"/>
</LocList>
<CondStmnt CovItemId="S82" CovItemPrefix="com.OriginalFiles.MI.java" Intrnl_Id="686">
<Branch CovItemId="B27" CovItemPrefix="com.OriginalFiles.MI.java" Implct="false" Intrnl_Id="687">
<Cond/>
<LocList>
<Loc EndOffset="5615" SrcFileId="3" StartOffset="5580"/>
</LocList>
<StmntSeq Intrnl_Id="688">
<LocList>
<Loc EndOffset="5604" SrcFileId="3" StartOffset="5595"/>
</LocList>
<BasicStmnt CovItemId="S83" CovItemPrefix="com.OriginalFiles.MI.java" Intrnl_Id="689">
<LocList>
<Loc EndOffset="5604" SrcFileId="3" StartOffset="5595"/>
</LocList>
</BasicStmnt>
</StmntSeq>
</Branch>
<Branch CovItemId="B28" CovItemPrefix="com.OriginalFiles.MI.java" Implct="true" Intrnl_Id="690">
<Cond/>
<LocList/>
<StmntSeq Intrnl_Id="691">
<LocList/>
</StmntSeq>
</Branch>
<Keyword EndOffset="5571" SrcFileId="3" StartOffset="5569"/>
<LocList>
<Loc EndOffset="5615" SrcFileId="3" StartOffset="5569"/>
</LocList>
<RootTerm CovItemId="C14" CovItemPrefix="com.OriginalFiles.MI.java" Intrnl_Id="692">
<BasicBoolTerm Intrnl_Id="693">
<LocList>
<Loc EndOffset="5578" SrcFileId="3" StartOffset="5573"/>
</LocList>
</BasicBoolTerm>
</RootTerm>
</CondStmnt>
<BasicStmnt CovItemId="S84" CovItemPrefix="com.OriginalFiles.MI.java" Intrnl_Id="694">
<LocList>
<Loc EndOffset="5634" SrcFileId="3" StartOffset="5625"/>
</LocList>
</BasicStmnt>
</StmntSeq>
</HierarchyLvl>
<HierarchyLvl HierarchyLvlId="1123" HierarchyLvlTypeId="12" Intrnl_Id="695" Name="min">
<Header>
<Loc EndOffset="5685" SrcFileId="3" StartOffset="5647"/>
</Header>
<LocList>
<Loc EndOffset="5769" SrcFileId="3" StartOffset="5647"/>
</LocList>
<StmntSeq Intrnl_Id="696">
<LocList>
<Loc EndOffset="5743" SrcFileId="3" StartOffset="5697"/>
<Loc EndOffset="5762" SrcFileId="3" StartOffset="5753"/>
</LocList>
<CondStmnt CovItemId="S85" CovItemPrefix="com.OriginalFiles.MI.java" Intrnl_Id="697">
<Branch CovItemId="B29" CovItemPrefix="com.OriginalFiles.MI.java" Implct="false" Intrnl_Id="698">
<Cond/>
<LocList>
<Loc EndOffset="5743" SrcFileId="3" StartOffset="5708"/>
</LocList>
<StmntSeq Intrnl_Id="699">
<LocList>
<Loc EndOffset="5732" SrcFileId="3" StartOffset="5723"/>
</LocList>
<BasicStmnt CovItemId="S86" CovItemPrefix="com.OriginalFiles.MI.java" Intrnl_Id="700">
<LocList>
<Loc EndOffset="5732" SrcFileId="3" StartOffset="5723"/>
</LocList>
</BasicStmnt>
</StmntSeq>
</Branch>
<Branch CovItemId="B30" CovItemPrefix="com.OriginalFiles.MI.java" Implct="true" Intrnl_Id="701">
<Cond/>
<LocList/>
<StmntSeq Intrnl_Id="702">
<LocList/>
</StmntSeq>
</Branch>
<Keyword EndOffset="5699" SrcFileId="3" StartOffset="5697"/>
<LocList>
<Loc EndOffset="5743" SrcFileId="3" StartOffset="5697"/>
</LocList>
<RootTerm CovItemId="C15" CovItemPrefix="com.OriginalFiles.MI.java" Intrnl_Id="703">
<BasicBoolTerm Intrnl_Id="704">
<LocList>
<Loc EndOffset="5706" SrcFileId="3" StartOffset="5701"/>
</LocList>
</BasicBoolTerm>
</RootTerm>
</CondStmnt>
<BasicStmnt CovItemId="S87" CovItemPrefix="com.OriginalFiles.MI.java" Intrnl_Id="705">
<LocList>
<Loc EndOffset="5762" SrcFileId="3" StartOffset="5753"/>
</LocList>
</BasicStmnt>
</StmntSeq>
</HierarchyLvl>
<HierarchyLvl HierarchyLvlId="1124" HierarchyLvlTypeId="12" Intrnl_Id="706" Name="simulateMove">
<Header>
<Loc EndOffset="5950" SrcFileId="3" StartOffset="5883"/>
</Header>
<LocList>
<Loc EndOffset="7141" SrcFileId="3" StartOffset="5883"/>
</LocList>
<StmntSeq Intrnl_Id="707">
<LocList>
<Loc EndOffset="7134" SrcFileId="3" StartOffset="5962"/>
</LocList>
<CondStmnt CovItemId="S88" CovItemPrefix="com.OriginalFiles.MI.java" Intrnl_Id="708">
<Branch CovItemId="B31" CovItemPrefix="com.OriginalFiles.MI.java" Implct="false" Intrnl_Id="709">
<Cond/>
<LocList>
<Loc EndOffset="7134" SrcFileId="3" StartOffset="5990"/>
</LocList>
<StmntSeq Intrnl_Id="710">
<LocList>
<Loc EndOffset="6038" SrcFileId="3" StartOffset="6005"/>
<Loc EndOffset="7084" SrcFileId="3" StartOffset="6052"/>
<Loc EndOffset="7123" SrcFileId="3" StartOffset="7098"/>
</LocList>
<BasicStmnt CovItemId="S89" CovItemPrefix="com.OriginalFiles.MI.java" Intrnl_Id="711">
<LocList>
<Loc EndOffset="6038" SrcFileId="3" StartOffset="6005"/>
</LocList>
</BasicStmnt>
<LoopStmnt CovItemId="S90" CovItemPrefix="com.OriginalFiles.MI.java" Intrnl_Id="712" MltplExecId="L7-2" MltplExecPrefix="com.OriginalFiles.MI.java" NvrExecId="L7-0" NvrExecPrefix="com.OriginalFiles.MI.java" OnceExecutedId="L7-1" OnceExecutedPrefix="com.OriginalFiles.MI.java" OptBodyExec="true">
<StmntSeq Intrnl_Id="713">
<LocList>
<Loc EndOffset="6133" SrcFileId="3" StartOffset="6102"/>
<Loc EndOffset="6184" SrcFileId="3" StartOffset="6151"/>
<Loc EndOffset="6963" SrcFileId="3" StartOffset="6204"/>
<Loc EndOffset="7069" SrcFileId="3" StartOffset="6981"/>
</LocList>
<BasicStmnt CovItemId="S91" CovItemPrefix="com.OriginalFiles.MI.java" Intrnl_Id="714">
<LocList>
<Loc EndOffset="6133" SrcFileId="3" StartOffset="6102"/>
</LocList>
</BasicStmnt>
<BasicStmnt CovItemId="S92" CovItemPrefix="com.OriginalFiles.MI.java" Intrnl_Id="715">
<LocList>
<Loc EndOffset="6184" SrcFileId="3" StartOffset="6151"/>
</LocList>
</BasicStmnt>
<CondStmnt CovItemId="S93" CovItemPrefix="com.OriginalFiles.MI.java" Intrnl_Id="716">
<Branch CovItemId="B33" CovItemPrefix="com.OriginalFiles.MI.java" Implct="false" Intrnl_Id="717">
<Cond/>
<LocList>
<Loc EndOffset="6963" SrcFileId="3" StartOffset="6238"/>
</LocList>
<StmntSeq Intrnl_Id="718">
<LocList>
<Loc EndOffset="6432" SrcFileId="3" StartOffset="6261"/>
<Loc EndOffset="6711" SrcFileId="3" StartOffset="6454"/>
<Loc EndOffset="6766" SrcFileId="3" StartOffset="6733"/>
<Loc EndOffset="6944" SrcFileId="3" StartOffset="6788"/>
</LocList>
<BasicStmnt CovItemId="S94" CovItemPrefix="com.OriginalFiles.MI.java" Intrnl_Id="719">
<LocList>
<Loc EndOffset="6432" SrcFileId="3" StartOffset="6261"/>
</LocList>
</BasicStmnt>
<CondStmnt CovItemId="S95" CovItemPrefix="com.OriginalFiles.MI.java" Intrnl_Id="720">
<Branch CovItemId="B35" CovItemPrefix="com.OriginalFiles.MI.java" Implct="false" Intrnl_Id="721">
<Cond/>
<LocList>
<Loc EndOffset="6626" SrcFileId="3" StartOffset="6547"/>
</LocList>
<StmntSeq Intrnl_Id="722">
<LocList>
<Loc EndOffset="6603" SrcFileId="3" StartOffset="6574"/>
</LocList>
<BasicStmnt CovItemId="S96" CovItemPrefix="com.OriginalFiles.MI.java" Intrnl_Id="723">
<LocList>
<Loc EndOffset="6603" SrcFileId="3" StartOffset="6574"/>
</LocList>
</BasicStmnt>
</StmntSeq>
</Branch>
<Branch CovItemId="B36" CovItemPrefix="com.OriginalFiles.MI.java" Implct="false" Intrnl_Id="724">
<Cond>
<Loc EndOffset="6631" SrcFileId="3" StartOffset="6627"/>
</Cond>
<LocList>
<Loc EndOffset="6711" SrcFileId="3" StartOffset="6632"/>
</LocList>
<StmntSeq Intrnl_Id="725">
<LocList>
<Loc EndOffset="6688" SrcFileId="3" StartOffset="6659"/>
</LocList>
<BasicStmnt CovItemId="S97" CovItemPrefix="com.OriginalFiles.MI.java" Intrnl_Id="726">
<LocList>
<Loc EndOffset="6688" SrcFileId="3" StartOffset="6659"/>
</LocList>
</BasicStmnt>
</StmntSeq>
</Branch>
<Keyword EndOffset="6456" SrcFileId="3" StartOffset="6454"/>
<LocList>
<Loc EndOffset="6711" SrcFileId="3" StartOffset="6454"/>
</LocList>
<RootTerm CovItemId="C19" CovItemPrefix="com.OriginalFiles.MI.java" Intrnl_Id="727">
<BasicBoolTerm Intrnl_Id="728">
<LocList>
<Loc EndOffset="6545" SrcFileId="3" StartOffset="6458"/>
</LocList>
</BasicBoolTerm>
</RootTerm>
</CondStmnt>
<BasicStmnt CovItemId="S98" CovItemPrefix="com.OriginalFiles.MI.java" Intrnl_Id="729">
<LocList>
<Loc EndOffset="6766" SrcFileId="3" StartOffset="6733"/>
</LocList>
</BasicStmnt>
<BasicStmnt CovItemId="S99" CovItemPrefix="com.OriginalFiles.MI.java" Intrnl_Id="730">
<LocList>
<Loc EndOffset="6944" SrcFileId="3" StartOffset="6788"/>
</LocList>
</BasicStmnt>
</StmntSeq>
</Branch>
<Branch CovItemId="B34" CovItemPrefix="com.OriginalFiles.MI.java" Implct="true" Intrnl_Id="731">
<Cond/>
<LocList/>
<StmntSeq Intrnl_Id="732">
<LocList/>
</StmntSeq>
</Branch>
<Keyword EndOffset="6206" SrcFileId="3" StartOffset="6204"/>
<LocList>
<Loc EndOffset="6963" SrcFileId="3" StartOffset="6204"/>
</LocList>
<RootTerm CovItemId="C18" CovItemPrefix="com.OriginalFiles.MI.java" Intrnl_Id="733">
<BasicBoolTerm Intrnl_Id="734">
<LocList>
<Loc EndOffset="6236" SrcFileId="3" StartOffset="6208"/>
</LocList>
</BasicBoolTerm>
</RootTerm>
</CondStmnt>
<BasicStmnt CovItemId="S100" CovItemPrefix="com.OriginalFiles.MI.java" Intrnl_Id="735">
<LocList>
<Loc EndOffset="7069" SrcFileId="3" StartOffset="6981"/>
</LocList>
</BasicStmnt>
</StmntSeq>
<Keyword EndOffset="6055" SrcFileId="3" StartOffset="6052"/>
<LocList>
<Loc EndOffset="7084" SrcFileId="3" StartOffset="6052"/>
</LocList>
<RootTerm CovItemId="C17" CovItemPrefix="com.OriginalFiles.MI.java" Intrnl_Id="736">
<BasicBoolTerm Intrnl_Id="737">
<LocList>
<Loc EndOffset="6076" SrcFileId="3" StartOffset="6068"/>
</LocList>
</BasicBoolTerm>
</RootTerm>
</LoopStmnt>
<BasicStmnt CovItemId="S101" CovItemPrefix="com.OriginalFiles.MI.java" Intrnl_Id="738">
<LocList>
<Loc EndOffset="7123" SrcFileId="3" StartOffset="7098"/>
</LocList>
</BasicStmnt>
</StmntSeq>
</Branch>
<Branch CovItemId="B32" CovItemPrefix="com.OriginalFiles.MI.java" Implct="true" Intrnl_Id="739">
<Cond/>
<LocList/>
<StmntSeq Intrnl_Id="740">
<LocList/>
</StmntSeq>
</Branch>
<Keyword EndOffset="5964" SrcFileId="3" StartOffset="5962"/>
<LocList>
<Loc EndOffset="7134" SrcFileId="3" StartOffset="5962"/>
</LocList>
<RootTerm CovItemId="C16" CovItemPrefix="com.OriginalFiles.MI.java" Intrnl_Id="741">
<BasicBoolTerm Intrnl_Id="742">
<LocList>
<Loc EndOffset="5988" SrcFileId="3" StartOffset="5966"/>
</LocList>
</BasicBoolTerm>
</RootTerm>
</CondStmnt>
</StmntSeq>
</HierarchyLvl>
<HierarchyLvl HierarchyLvlId="1125" HierarchyLvlTypeId="12" Intrnl_Id="743" Name="revertMove">
<Header>
<Loc EndOffset="7205" SrcFileId="3" StartOffset="7149"/>
</Header>
<LocList>
<Loc EndOffset="9121" SrcFileId="3" StartOffset="7149"/>
</LocList>
<StmntSeq Intrnl_Id="744">
<LocList>
<Loc EndOffset="9114" SrcFileId="3" StartOffset="7219"/>
</LocList>
<CondStmnt CovItemId="S102" CovItemPrefix="com.OriginalFiles.MI.java" Intrnl_Id="745">
<Branch CovItemId="B37" CovItemPrefix="com.OriginalFiles.MI.java" Implct="false" Intrnl_Id="746">
<Cond/>
<LocList>
<Loc EndOffset="9114" SrcFileId="3" StartOffset="7251"/>
</LocList>
<StmntSeq Intrnl_Id="747">
<LocList>
<Loc EndOffset="7324" SrcFileId="3" StartOffset="7266"/>
<Loc EndOffset="7387" SrcFileId="3" StartOffset="7338"/>
<Loc EndOffset="7436" SrcFileId="3" StartOffset="7403"/>
<Loc EndOffset="7472" SrcFileId="3" StartOffset="7450"/>
<Loc EndOffset="8556" SrcFileId="3" StartOffset="7488"/>
<Loc EndOffset="8603" SrcFileId="3" StartOffset="8572"/>
<Loc EndOffset="9103" SrcFileId="3" StartOffset="8619"/>
</LocList>
<BasicStmnt CovItemId="S103" CovItemPrefix="com.OriginalFiles.MI.java" Intrnl_Id="748">
<LocList>
<Loc EndOffset="7324" SrcFileId="3" StartOffset="7266"/>
</LocList>
</BasicStmnt>
<BasicStmnt CovItemId="S104" CovItemPrefix="com.OriginalFiles.MI.java" Intrnl_Id="749">
<LocList>
<Loc EndOffset="7387" SrcFileId="3" StartOffset="7338"/>
</LocList>
</BasicStmnt>
<BasicStmnt CovItemId="S105" CovItemPrefix="com.OriginalFiles.MI.java" Intrnl_Id="750">
<LocList>
<Loc EndOffset="7436" SrcFileId="3" StartOffset="7403"/>
</LocList>
</BasicStmnt>
<BasicStmnt CovItemId="S106" CovItemPrefix="com.OriginalFiles.MI.java" Intrnl_Id="751">
<LocList>
<Loc EndOffset="7472" SrcFileId="3" StartOffset="7450"/>
</LocList>
</BasicStmnt>
<LoopStmnt CovItemId="S107" CovItemPrefix="com.OriginalFiles.MI.java" Intrnl_Id="752" MltplExecId="L8-2" MltplExecPrefix="com.OriginalFiles.MI.java" NvrExecId="L8-0" NvrExecPrefix="com.OriginalFiles.MI.java" OnceExecutedId="L8-1" OnceExecutedPrefix="com.OriginalFiles.MI.java" OptBodyExec="true">
<StmntSeq Intrnl_Id="753">
<LocList>
<Loc EndOffset="7568" SrcFileId="3" StartOffset="7539"/>
<Loc EndOffset="8408" SrcFileId="3" StartOffset="7586"/>
<Loc EndOffset="8541" SrcFileId="3" StartOffset="8426"/>
</LocList>
<BasicStmnt CovItemId="S108" CovItemPrefix="com.OriginalFiles.MI.java" Intrnl_Id="754">
<LocList>
<Loc EndOffset="7568" SrcFileId="3" StartOffset="7539"/>
</LocList>
</BasicStmnt>
<CondStmnt CovItemId="S109" CovItemPrefix="com.OriginalFiles.MI.java" Intrnl_Id="755">
<Branch CovItemId="B39" CovItemPrefix="com.OriginalFiles.MI.java" Implct="false" Intrnl_Id="756">
<Cond/>
<LocList>
<Loc EndOffset="8408" SrcFileId="3" StartOffset="7611"/>
</LocList>
<StmntSeq Intrnl_Id="757">
<LocList>
<Loc EndOffset="8389" SrcFileId="3" StartOffset="7634"/>
</LocList>
<CondStmnt CovItemId="S110" CovItemPrefix="com.OriginalFiles.MI.java" Intrnl_Id="758">
<Branch CovItemId="B41" CovItemPrefix="com.OriginalFiles.MI.java" Implct="false" Intrnl_Id="759">
<Cond/>
<LocList>
<Loc EndOffset="8389" SrcFileId="3" StartOffset="7728"/>
</LocList>
<StmntSeq Intrnl_Id="760">
<LocList>
<Loc EndOffset="8295" SrcFileId="3" StartOffset="7755"/>
<Loc EndOffset="8366" SrcFileId="3" StartOffset="8321"/>
</LocList>
<CondStmnt CovItemId="S111" CovItemPrefix="com.OriginalFiles.MI.java" Intrnl_Id="761">
<Branch CovItemId="B43" CovItemPrefix="com.OriginalFiles.MI.java" Implct="false" Intrnl_Id="762">
<Cond/>
<LocList>
<Loc EndOffset="8024" SrcFileId="3" StartOffset="7850"/>
</LocList>
<StmntSeq Intrnl_Id="763">
<LocList>
<Loc EndOffset="7997" SrcFileId="3" StartOffset="7881"/>
</LocList>
<BasicStmnt CovItemId="S112" CovItemPrefix="com.OriginalFiles.MI.java" Intrnl_Id="764">
<LocList>
<Loc EndOffset="7997" SrcFileId="3" StartOffset="7881"/>
</LocList>
</BasicStmnt>
</StmntSeq>
</Branch>
<Branch CovItemId="B44" CovItemPrefix="com.OriginalFiles.MI.java" Implct="false" Intrnl_Id="765">
<Cond>
<Loc EndOffset="8029" SrcFileId="3" StartOffset="8025"/>
</Cond>
<LocList>
<Loc EndOffset="8295" SrcFileId="3" StartOffset="8030"/>
</LocList>
<StmntSeq Intrnl_Id="766">
<LocList>
<Loc EndOffset="8295" SrcFileId="3" StartOffset="8030"/>
</LocList>
<CondStmnt CovItemId="S113" CovItemPrefix="com.OriginalFiles.MI.java" Intrnl_Id="767">
<Branch CovItemId="B45" CovItemPrefix="com.OriginalFiles.MI.java" Implct="false" Intrnl_Id="768">
<Cond/>
<LocList>
<Loc EndOffset="8295" SrcFileId="3" StartOffset="8126"/>
</LocList>
<StmntSeq Intrnl_Id="769">
<LocList>
<Loc EndOffset="8268" SrcFileId="3" StartOffset="8157"/>
</LocList>
<BasicStmnt CovItemId="S114" CovItemPrefix="com.OriginalFiles.MI.java" Intrnl_Id="770">
<LocList>
<Loc EndOffset="8268" SrcFileId="3" StartOffset="8157"/>
</LocList>
</BasicStmnt>
</StmntSeq>
</Branch>
<Branch CovItemId="B46" CovItemPrefix="com.OriginalFiles.MI.java" Implct="true" Intrnl_Id="771">
<Cond/>
<LocList/>
<StmntSeq Intrnl_Id="772">
<LocList/>
</StmntSeq>
</Branch>
<Keyword EndOffset="8032" SrcFileId="3" StartOffset="8030"/>
<LocList>
<Loc EndOffset="8295" SrcFileId="3" StartOffset="8030"/>
</LocList>
<RootTerm CovItemId="C25" CovItemPrefix="com.OriginalFiles.MI.java" Intrnl_Id="773">
<BasicBoolTerm Intrnl_Id="774">
<LocList>
<Loc EndOffset="8124" SrcFileId="3" StartOffset="8034"/>
</LocList>
</BasicBoolTerm>
</RootTerm>
</CondStmnt>
</StmntSeq>
</Branch>
<Keyword EndOffset="7757" SrcFileId="3" StartOffset="7755"/>
<LocList>
<Loc EndOffset="8295" SrcFileId="3" StartOffset="7755"/>
</LocList>
<RootTerm CovItemId="C24" CovItemPrefix="com.OriginalFiles.MI.java" Intrnl_Id="775">
<BasicBoolTerm Intrnl_Id="776">
<LocList>
<Loc EndOffset="7848" SrcFileId="3" StartOffset="7759"/>
</LocList>
</BasicBoolTerm>
</RootTerm>
</CondStmnt>
<BasicStmnt CovItemId="S115" CovItemPrefix="com.OriginalFiles.MI.java" Intrnl_Id="777">
<LocList>
<Loc EndOffset="8366" SrcFileId="3" StartOffset="8321"/>
</LocList>
</BasicStmnt>
</StmntSeq>
</Branch>
<Branch CovItemId="B42" CovItemPrefix="com.OriginalFiles.MI.java" Implct="true" Intrnl_Id="778">
<Cond/>
<LocList/>
<StmntSeq Intrnl_Id="779">
<LocList/>
</StmntSeq>
</Branch>
<Keyword EndOffset="7636" SrcFileId="3" StartOffset="7634"/>
<LocList>
<Loc EndOffset="8389" SrcFileId="3" StartOffset="7634"/>
</LocList>
<RootTerm CovItemId="C23" CovItemPrefix="com.OriginalFiles.MI.java" Intrnl_Id="780">
<OpTerm BooleanOpId="8" Intrnl_Id="781">
<BasicBoolTerm Intrnl_Id="782">
<LocList>
<Loc EndOffset="7674" SrcFileId="3" StartOffset="7638"/>
</LocList>
</BasicBoolTerm>
<OpTerm BooleanOpId="7" Intrnl_Id="783">
<BasicBoolTerm Intrnl_Id="784">
<LocList>
<Loc EndOffset="7726" SrcFileId="3" StartOffset="7708"/>
</LocList>
</BasicBoolTerm>
<LocList>
<Loc EndOffset="7708" SrcFileId="3" StartOffset="7707"/>
</LocList>
</OpTerm>
<LocList>
<Loc EndOffset="7706" SrcFileId="3" StartOffset="7704"/>
</LocList>
</OpTerm>
</RootTerm>
</CondStmnt>
</StmntSeq>
</Branch>
<Branch CovItemId="B40" CovItemPrefix="com.OriginalFiles.MI.java" Implct="true" Intrnl_Id="785">
<Cond/>
<LocList/>
<StmntSeq Intrnl_Id="786">
<LocList/>
</StmntSeq>
</Branch>
<Keyword EndOffset="7588" SrcFileId="3" StartOffset="7586"/>
<LocList>
<Loc EndOffset="8408" SrcFileId="3" StartOffset="7586"/>
</LocList>
<RootTerm CovItemId="C22" CovItemPrefix="com.OriginalFiles.MI.java" Intrnl_Id="787">
<OpTerm BooleanOpId="7" Intrnl_Id="788">
<BasicBoolTerm Intrnl_Id="789">
<LocList>
<Loc EndOffset="7609" SrcFileId="3" StartOffset="7591"/>
</LocList>
</BasicBoolTerm>
<LocList>
<Loc EndOffset="7591" SrcFileId="3" StartOffset="7590"/>
</LocList>
</OpTerm>
</RootTerm>
</CondStmnt>
<BasicStmnt CovItemId="S116" CovItemPrefix="com.OriginalFiles.MI.java" Intrnl_Id="790">
<LocList>
<Loc EndOffset="8541" SrcFileId="3" StartOffset="8426"/>
</LocList>
</BasicStmnt>
</StmntSeq>
<Keyword EndOffset="7491" SrcFileId="3" StartOffset="7488"/>
<LocList>
<Loc EndOffset="8556" SrcFileId="3" StartOffset="7488"/>
</LocList>
<RootTerm CovItemId="C21" CovItemPrefix="com.OriginalFiles.MI.java" Intrnl_Id="791">
<BasicBoolTerm Intrnl_Id="792">
<LocList>
<Loc EndOffset="7513" SrcFileId="3" StartOffset="7507"/>
</LocList>
</BasicBoolTerm>
</RootTerm>
</LoopStmnt>
<BasicStmnt CovItemId="S117" CovItemPrefix="com.OriginalFiles.MI.java" Intrnl_Id="793">
<LocList>
<Loc EndOffset="8603" SrcFileId="3" StartOffset="8572"/>
</LocList>
</BasicStmnt>
<LoopStmnt CovItemId="S118" CovItemPrefix="com.OriginalFiles.MI.java" Intrnl_Id="794" MltplExecId="L9-2" MltplExecPrefix="com.OriginalFiles.MI.java" NvrExecId="L9-0" NvrExecPrefix="com.OriginalFiles.MI.java" OnceExecutedId="L9-1" OnceExecutedPrefix="com.OriginalFiles.MI.java" OptBodyExec="true">
<StmntSeq Intrnl_Id="795">
<LocList>
<Loc EndOffset="8711" SrcFileId="3" StartOffset="8669"/>
<Loc EndOffset="8931" SrcFileId="3" StartOffset="8729"/>
<Loc EndOffset="9088" SrcFileId="3" StartOffset="8949"/>
</LocList>
<BasicStmnt CovItemId="S119" CovItemPrefix="com.OriginalFiles.MI.java" Intrnl_Id="796">
<LocList>
<Loc EndOffset="8711" SrcFileId="3" StartOffset="8669"/>
</LocList>
</BasicStmnt>
<CondStmnt CovItemId="S120" CovItemPrefix="com.OriginalFiles.MI.java" Intrnl_Id="797">
<Branch CovItemId="B47" CovItemPrefix="com.OriginalFiles.MI.java" Implct="false" Intrnl_Id="798">
<Cond/>
<LocList>
<Loc EndOffset="8858" SrcFileId="3" StartOffset="8791"/>
</LocList>
<StmntSeq Intrnl_Id="799">
<LocList>
<Loc EndOffset="8839" SrcFileId="3" StartOffset="8814"/>
</LocList>
<BasicStmnt CovItemId="S121" CovItemPrefix="com.OriginalFiles.MI.java" Intrnl_Id="800">
<LocList>
<Loc EndOffset="8839" SrcFileId="3" StartOffset="8814"/>
</LocList>
</BasicStmnt>
</StmntSeq>
</Branch>
<Branch CovItemId="B48" CovItemPrefix="com.OriginalFiles.MI.java" Implct="false" Intrnl_Id="801">
<Cond>
<Loc EndOffset="8863" SrcFileId="3" StartOffset="8859"/>
</Cond>
<LocList>
<Loc EndOffset="8931" SrcFileId="3" StartOffset="8864"/>
</LocList>
<StmntSeq Intrnl_Id="802">
<LocList>
<Loc EndOffset="8912" SrcFileId="3" StartOffset="8887"/>
</LocList>
<BasicStmnt CovItemId="S122" CovItemPrefix="com.OriginalFiles.MI.java" Intrnl_Id="803">
<LocList>
<Loc EndOffset="8912" SrcFileId="3" StartOffset="8887"/>
</LocList>
</BasicStmnt>
</StmntSeq>
</Branch>
<Keyword EndOffset="8731" SrcFileId="3" StartOffset="8729"/>
<LocList>
<Loc EndOffset="8931" SrcFileId="3" StartOffset="8729"/>
</LocList>
<RootTerm CovItemId="C27" CovItemPrefix="com.OriginalFiles.MI.java" Intrnl_Id="804">
<BasicBoolTerm Intrnl_Id="805">
<LocList>
<Loc EndOffset="8789" SrcFileId="3" StartOffset="8733"/>
</LocList>
</BasicBoolTerm>
</RootTerm>
</CondStmnt>
<BasicStmnt CovItemId="S123" CovItemPrefix="com.OriginalFiles.MI.java" Intrnl_Id="806">
<LocList>
<Loc EndOffset="9088" SrcFileId="3" StartOffset="8949"/>
</LocList>
</BasicStmnt>
</StmntSeq>
<Keyword EndOffset="8622" SrcFileId="3" StartOffset="8619"/>
<LocList>
<Loc EndOffset="9103" SrcFileId="3" StartOffset="8619"/>
</LocList>
<RootTerm CovItemId="C26" CovItemPrefix="com.OriginalFiles.MI.java" Intrnl_Id="807">
<BasicBoolTerm Intrnl_Id="808">
<LocList>
<Loc EndOffset="8643" SrcFileId="3" StartOffset="8635"/>
</LocList>
</BasicBoolTerm>
</RootTerm>
</LoopStmnt>
</StmntSeq>
</Branch>
<Branch CovItemId="B38" CovItemPrefix="com.OriginalFiles.MI.java" Implct="true" Intrnl_Id="809">
<Cond/>
<LocList/>
<StmntSeq Intrnl_Id="810">
<LocList/>
</StmntSeq>
</Branch>
<Keyword EndOffset="7221" SrcFileId="3" StartOffset="7219"/>
<LocList>
<Loc EndOffset="9114" SrcFileId="3" StartOffset="7219"/>
</LocList>
<RootTerm CovItemId="C20" CovItemPrefix="com.OriginalFiles.MI.java" Intrnl_Id="811">
<BasicBoolTerm Intrnl_Id="812">
<LocList>
<Loc EndOffset="7249" SrcFileId="3" StartOffset="7223"/>
</LocList>
</BasicBoolTerm>
</RootTerm>
</CondStmnt>
</StmntSeq>
</HierarchyLvl>
<HierarchyLvl HierarchyLvlId="1126" HierarchyLvlTypeId="12" Intrnl_Id="813" Name="possibleMoves">
<Header>
<Loc EndOffset="9281" SrcFileId="3" StartOffset="9158"/>
</Header>
<LocList>
<Loc EndOffset="11528" SrcFileId="3" StartOffset="9158"/>
</LocList>
<StmntSeq Intrnl_Id="814">
<LocList>
<Loc EndOffset="9342" SrcFileId="3" StartOffset="9293"/>
<Loc EndOffset="9397" SrcFileId="3" StartOffset="9352"/>
<Loc EndOffset="9449" SrcFileId="3" StartOffset="9407"/>
<Loc EndOffset="11382" SrcFileId="3" StartOffset="9459"/>
<Loc EndOffset="11521" SrcFileId="3" StartOffset="11394"/>
</LocList>
<BasicStmnt CovItemId="S124" CovItemPrefix="com.OriginalFiles.MI.java" Intrnl_Id="815">
<LocList>
<Loc EndOffset="9342" SrcFileId="3" StartOffset="9293"/>
</LocList>
</BasicStmnt>
<BasicStmnt CovItemId="S125" CovItemPrefix="com.OriginalFiles.MI.java" Intrnl_Id="816">
<LocList>
<Loc EndOffset="9397" SrcFileId="3" StartOffset="9352"/>
</LocList>
</BasicStmnt>
<BasicStmnt CovItemId="S126" CovItemPrefix="com.OriginalFiles.MI.java" Intrnl_Id="817">
<LocList>
<Loc EndOffset="9449" SrcFileId="3" StartOffset="9407"/>
</LocList>
</BasicStmnt>
<LoopStmnt CovItemId="S127" CovItemPrefix="com.OriginalFiles.MI.java" Intrnl_Id="818" MltplExecId="L10-2" MltplExecPrefix="com.OriginalFiles.MI.java" NvrExecId="L10-0" NvrExecPrefix="com.OriginalFiles.MI.java" OnceExecutedId="L10-1" OnceExecutedPrefix="com.OriginalFiles.MI.java" OptBodyExec="true">
<StmntSeq Intrnl_Id="819">
<LocList>
<Loc EndOffset="11371" SrcFileId="3" StartOffset="9524"/>
</LocList>
<LoopStmnt CovItemId="S128" CovItemPrefix="com.OriginalFiles.MI.java" Intrnl_Id="820" MltplExecId="L11-2" MltplExecPrefix="com.OriginalFiles.MI.java" NvrExecId="L11-0" NvrExecPrefix="com.OriginalFiles.MI.java" OnceExecutedId="L11-1" OnceExecutedPrefix="com.OriginalFiles.MI.java" OptBodyExec="true">
<StmntSeq Intrnl_Id="821">
<LocList>
<Loc EndOffset="11356" SrcFileId="3" StartOffset="9565"/>
</LocList>
<CondStmnt CovItemId="S129" CovItemPrefix="com.OriginalFiles.MI.java" Intrnl_Id="822">
<Branch CovItemId="B49" CovItemPrefix="com.OriginalFiles.MI.java" Implct="false" Intrnl_Id="823">
<Cond/>
<LocList>
<Loc EndOffset="11356" SrcFileId="3" StartOffset="9587"/>
</LocList>
<StmntSeq Intrnl_Id="824">
<LocList>
<Loc EndOffset="11337" SrcFileId="3" StartOffset="9610"/>
</LocList>
<CondStmnt CovItemId="S130" CovItemPrefix="com.OriginalFiles.MI.java" Intrnl_Id="825">
<Branch CovItemId="B51" CovItemPrefix="com.OriginalFiles.MI.java" Implct="false" Intrnl_Id="826">
<Cond/>
<LocList>
<Loc EndOffset="11337" SrcFileId="3" StartOffset="9778"/>
</LocList>
<StmntSeq Intrnl_Id="827">
<LocList>
<Loc EndOffset="11314" SrcFileId="3" StartOffset="9838"/>
</LocList>
<CondStmnt CovItemId="S131" CovItemPrefix="com.OriginalFiles.MI.java" Intrnl_Id="828">
<Branch CovItemId="B53" CovItemPrefix="com.OriginalFiles.MI.java" Implct="false" Intrnl_Id="829">
<Cond/>
<LocList>
<Loc EndOffset="10614" SrcFileId="3" StartOffset="9875"/>
</LocList>
<StmntSeq Intrnl_Id="830">
<LocList>
<Loc EndOffset="10218" SrcFileId="3" StartOffset="9906"/>
<Loc EndOffset="10587" SrcFileId="3" StartOffset="10250"/>
</LocList>
<BasicStmnt CovItemId="S132" CovItemPrefix="com.OriginalFiles.MI.java" Intrnl_Id="831">
<LocList>
<Loc EndOffset="10218" SrcFileId="3" StartOffset="9906"/>
</LocList>
</BasicStmnt>
<LoopStmnt CovItemId="S133" CovItemPrefix="com.OriginalFiles.MI.java" Intrnl_Id="832" MltplExecId="L12-2" MltplExecPrefix="com.OriginalFiles.MI.java" NvrExecId="L12-0" NvrExecPrefix="com.OriginalFiles.MI.java" OnceExecutedId="L12-1" OnceExecutedPrefix="com.OriginalFiles.MI.java" OptBodyExec="true">
<StmntSeq Intrnl_Id="833">
<LocList>
<Loc EndOffset="10556" SrcFileId="3" StartOffset="10330"/>
</LocList>
<CondStmnt CovItemId="S134" CovItemPrefix="com.OriginalFiles.MI.java" Intrnl_Id="834">
<Branch CovItemId="B55" CovItemPrefix="com.OriginalFiles.MI.java" Implct="false" Intrnl_Id="835">
<Cond/>
<LocList>
<Loc EndOffset="10556" SrcFileId="3" StartOffset="10360"/>
</LocList>
<StmntSeq Intrnl_Id="836">
<LocList>
<Loc EndOffset="10521" SrcFileId="3" StartOffset="10399"/>
</LocList>
<BasicStmnt CovItemId="S135" CovItemPrefix="com.OriginalFiles.MI.java" Intrnl_Id="837">
<LocList>
<Loc EndOffset="10521" SrcFileId="3" StartOffset="10399"/>
</LocList>
</BasicStmnt>
</StmntSeq>
</Branch>
<Branch CovItemId="B56" CovItemPrefix="com.OriginalFiles.MI.java" Implct="true" Intrnl_Id="838">
<Cond/>
<LocList/>
<StmntSeq Intrnl_Id="839">
<LocList/>
</StmntSeq>
</Branch>
<Keyword EndOffset="10332" SrcFileId="3" StartOffset="10330"/>
<LocList>
<Loc EndOffset="10556" SrcFileId="3" StartOffset="10330"/>
</LocList>
<RootTerm CovItemId="C31" CovItemPrefix="com.OriginalFiles.MI.java" Intrnl_Id="840">
<BasicBoolTerm Intrnl_Id="841">
<LocList>
<Loc EndOffset="10358" SrcFileId="3" StartOffset="10334"/>
</LocList>
</BasicBoolTerm>
</RootTerm>
</CondStmnt>
</StmntSeq>
<Keyword EndOffset="10253" SrcFileId="3" StartOffset="10250"/>
<LocList>
<Loc EndOffset="10587" SrcFileId="3" StartOffset="10250"/>
</LocList>
</LoopStmnt>
</StmntSeq>
</Branch>
<Branch CovItemId="B54" CovItemPrefix="com.OriginalFiles.MI.java" Implct="false" Intrnl_Id="842">
<Cond>
<Loc EndOffset="10619" SrcFileId="3" StartOffset="10615"/>
</Cond>
<LocList>
<Loc EndOffset="11314" SrcFileId="3" StartOffset="10620"/>
</LocList>
<StmntSeq Intrnl_Id="843">
<LocList>
<Loc EndOffset="10822" SrcFileId="3" StartOffset="10661"/>
<Loc EndOffset="11287" SrcFileId="3" StartOffset="10896"/>
</LocList>
<BasicStmnt CovItemId="S136" CovItemPrefix="com.OriginalFiles.MI.java" Intrnl_Id="844">
<LocList>
<Loc EndOffset="10822" SrcFileId="3" StartOffset="10661"/>
</LocList>
</BasicStmnt>
<CondStmnt CovItemId="S137" CovItemPrefix="com.OriginalFiles.MI.java" Intrnl_Id="845">
<Branch CovItemId="B57" CovItemPrefix="com.OriginalFiles.MI.java" Implct="false" Intrnl_Id="846">
<Cond/>
<LocList>
<Loc EndOffset="11287" SrcFileId="3" StartOffset="10926"/>
</LocList>
<StmntSeq Intrnl_Id="847">
<LocList>
<Loc EndOffset="11256" SrcFileId="3" StartOffset="10961"/>
</LocList>
<LoopStmnt CovItemId="S138" CovItemPrefix="com.OriginalFiles.MI.java" Intrnl_Id="848" MltplExecId="L13-2" MltplExecPrefix="com.OriginalFiles.MI.java" NvrExecId="L13-0" NvrExecPrefix="com.OriginalFiles.MI.java" OnceExecutedId="L13-1" OnceExecutedPrefix="com.OriginalFiles.MI.java" OptBodyExec="true">
<StmntSeq Intrnl_Id="849">
<LocList>
<Loc EndOffset="11159" SrcFileId="3" StartOffset="11037"/>
<Loc EndOffset="11221" SrcFileId="3" StartOffset="11197"/>
</LocList>
<BasicStmnt CovItemId="S139" CovItemPrefix="com.OriginalFiles.MI.java" Intrnl_Id="850">
<LocList>
<Loc EndOffset="11159" SrcFileId="3" StartOffset="11037"/>
</LocList>
</BasicStmnt>
<BasicStmnt CovItemId="S140" CovItemPrefix="com.OriginalFiles.MI.java" Intrnl_Id="851">
<LocList>
<Loc EndOffset="11221" SrcFileId="3" StartOffset="11197"/>
</LocList>
</BasicStmnt>
</StmntSeq>
<Keyword EndOffset="10964" SrcFileId="3" StartOffset="10961"/>
<LocList>
<Loc EndOffset="11256" SrcFileId="3" StartOffset="10961"/>
</LocList>
</LoopStmnt>
</StmntSeq>
</Branch>
<Branch CovItemId="B58" CovItemPrefix="com.OriginalFiles.MI.java" Implct="true" Intrnl_Id="852">
<Cond/>
<LocList/>
<StmntSeq Intrnl_Id="853">
<LocList/>
</StmntSeq>
</Branch>
<Keyword EndOffset="10898" SrcFileId="3" StartOffset="10896"/>
<LocList>
<Loc EndOffset="11287" SrcFileId="3" StartOffset="10896"/>
</LocList>
<RootTerm CovItemId="C32" CovItemPrefix="com.OriginalFiles.MI.java" Intrnl_Id="854">
<OpTerm BooleanOpId="7" Intrnl_Id="855">
<BasicBoolTerm Intrnl_Id="856">
<LocList>
<Loc EndOffset="10924" SrcFileId="3" StartOffset="10901"/>
</LocList>
</BasicBoolTerm>
<LocList>
<Loc EndOffset="10901" SrcFileId="3" StartOffset="10900"/>
</LocList>
</OpTerm>
</RootTerm>
</CondStmnt>
</StmntSeq>
</Branch>
<Keyword EndOffset="9840" SrcFileId="3" StartOffset="9838"/>
<LocList>
<Loc EndOffset="11314" SrcFileId="3" StartOffset="9838"/>
</LocList>
<RootTerm CovItemId="C30" CovItemPrefix="com.OriginalFiles.MI.java" Intrnl_Id="857">
<BasicBoolTerm Intrnl_Id="858">
<LocList>
<Loc EndOffset="9873" SrcFileId="3" StartOffset="9842"/>
</LocList>
</BasicBoolTerm>
</RootTerm>
</CondStmnt>
</StmntSeq>
</Branch>
<Branch CovItemId="B52" CovItemPrefix="com.OriginalFiles.MI.java" Implct="true" Intrnl_Id="859">
<Cond/>
<LocList/>
<StmntSeq Intrnl_Id="860">
<LocList/>
</StmntSeq>
</Branch>
<Keyword EndOffset="9612" SrcFileId="3" StartOffset="9610"/>
<LocList>
<Loc EndOffset="11337" SrcFileId="3" StartOffset="9610"/>
</LocList>
<RootTerm CovItemId="C29" CovItemPrefix="com.OriginalFiles.MI.java" Intrnl_Id="861">
<OpTerm BooleanOpId="8" Intrnl_Id="862">
<BasicBoolTerm Intrnl_Id="863">
<LocList>
<Loc EndOffset="9648" SrcFileId="3" StartOffset="9614"/>
</LocList>
</BasicBoolTerm>
<BasicBoolTerm Intrnl_Id="864">
<LocList>
<Loc EndOffset="9776" SrcFileId="3" StartOffset="9681"/>
</LocList>
</BasicBoolTerm>
<LocList>
<Loc EndOffset="9680" SrcFileId="3" StartOffset="9678"/>
</LocList>
</OpTerm>
</RootTerm>
</CondStmnt>
</StmntSeq>
</Branch>
<Branch CovItemId="B50" CovItemPrefix="com.OriginalFiles.MI.java" Implct="true" Intrnl_Id="865">
<Cond/>
<LocList/>
<StmntSeq Intrnl_Id="866">
<LocList/>
</StmntSeq>
</Branch>
<Keyword EndOffset="9567" SrcFileId="3" StartOffset="9565"/>
<LocList>
<Loc EndOffset="11356" SrcFileId="3" StartOffset="9565"/>
</LocList>
<RootTerm CovItemId="C28" CovItemPrefix="com.OriginalFiles.MI.java" Intrnl_Id="867">
<OpTerm BooleanOpId="7" Intrnl_Id="868">
<BasicBoolTerm Intrnl_Id="869">
<LocList>
<Loc EndOffset="9585" SrcFileId="3" StartOffset="9570"/>
</LocList>
</BasicBoolTerm>
<LocList>
<Loc EndOffset="9570" SrcFileId="3" StartOffset="9569"/>
</LocList>
</OpTerm>
</RootTerm>
</CondStmnt>
</StmntSeq>
<Keyword EndOffset="9527" SrcFileId="3" StartOffset="9524"/>
<LocList>
<Loc EndOffset="11371" SrcFileId="3" StartOffset="9524"/>
</LocList>
</LoopStmnt>
</StmntSeq>
<Keyword EndOffset="9462" SrcFileId="3" StartOffset="9459"/>
<LocList>
<Loc EndOffset="11382" SrcFileId="3" StartOffset="9459"/>
</LocList>
</LoopStmnt>
<CondStmnt CovItemId="S141" CovItemPrefix="com.OriginalFiles.MI.java" Intrnl_Id="870">
<Branch CovItemId="B59" CovItemPrefix="com.OriginalFiles.MI.java" Implct="false" Intrnl_Id="871">
<Cond/>
<LocList>
<Loc EndOffset="11472" SrcFileId="3" StartOffset="11425"/>
</LocList>
<StmntSeq Intrnl_Id="872">
<LocList>
<Loc EndOffset="11461" SrcFileId="3" StartOffset="11440"/>
</LocList>
<BasicStmnt CovItemId="S142" CovItemPrefix="com.OriginalFiles.MI.java" Intrnl_Id="873">
<LocList>
<Loc EndOffset="11461" SrcFileId="3" StartOffset="11440"/>
</LocList>
</BasicStmnt>
</StmntSeq>
</Branch>
<Branch CovItemId="B60" CovItemPrefix="com.OriginalFiles.MI.java" Implct="false" Intrnl_Id="874">
<Cond>
<Loc EndOffset="11477" SrcFileId="3" StartOffset="11473"/>
</Cond>
<LocList>
<Loc EndOffset="11521" SrcFileId="3" StartOffset="11478"/>
</LocList>
<StmntSeq Intrnl_Id="875">
<LocList>
<Loc EndOffset="11510" SrcFileId="3" StartOffset="11493"/>
</LocList>
<BasicStmnt CovItemId="S143" CovItemPrefix="com.OriginalFiles.MI.java" Intrnl_Id="876">
<LocList>
<Loc EndOffset="11510" SrcFileId="3" StartOffset="11493"/>
</LocList>
</BasicStmnt>
</StmntSeq>
</Branch>
<Keyword EndOffset="11396" SrcFileId="3" StartOffset="11394"/>
<LocList>
<Loc EndOffset="11521" SrcFileId="3" StartOffset="11394"/>
</LocList>
<RootTerm CovItemId="C33" CovItemPrefix="com.OriginalFiles.MI.java" Intrnl_Id="877">
<BasicBoolTerm Intrnl_Id="878">
<LocList>
<Loc EndOffset="11423" SrcFileId="3" StartOffset="11398"/>
</LocList>
</BasicBoolTerm>
</RootTerm>
</CondStmnt>
</StmntSeq>
</HierarchyLvl>
</HierarchyLvl>
<HierarchyLvl HierarchyLvlId="1135" HierarchyLvlTypeId="11" Intrnl_Id="879" Name="Field">
<Header>
<Loc EndOffset="48" SrcFileId="4" StartOffset="30"/>
</Header>
<LocList>
<Loc EndOffset="1380" SrcFileId="4" StartOffset="30"/>
</LocList>
<StmntSeq Intrnl_Id="880">
<LocList>
<Loc EndOffset="202" SrcFileId="4" StartOffset="171"/>
<Loc EndOffset="280" SrcFileId="4" StartOffset="246"/>
</LocList>
<BasicStmnt CovItemId="S1" CovItemPrefix="com.OriginalFiles.Field.java" Intrnl_Id="881">
<LocList>
<Loc EndOffset="202" SrcFileId="4" StartOffset="171"/>
</LocList>
</BasicStmnt>
<BasicStmnt CovItemId="S2" CovItemPrefix="com.OriginalFiles.Field.java" Intrnl_Id="882">
<LocList>
<Loc EndOffset="280" SrcFileId="4" StartOffset="246"/>
</LocList>
</BasicStmnt>
</StmntSeq>
<HierarchyLvl HierarchyLvlId="1128" HierarchyLvlTypeId="12" Intrnl_Id="883" Name="Field">
<Header>
<Loc EndOffset="300" SrcFileId="4" StartOffset="286"/>
</Header>
<LocList>
<Loc EndOffset="304" SrcFileId="4" StartOffset="286"/>
</LocList>
</HierarchyLvl>
<HierarchyLvl HierarchyLvlId="1129" HierarchyLvlTypeId="12" Intrnl_Id="884" Name="Field">
<Header>
<Loc EndOffset="347" SrcFileId="4" StartOffset="311"/>
</Header>
<LocList>
<Loc EndOffset="398" SrcFileId="4" StartOffset="311"/>
</LocList>
<StmntSeq Intrnl_Id="885">
<LocList>
<Loc EndOffset="370" SrcFileId="4" StartOffset="359"/>
<Loc EndOffset="391" SrcFileId="4" StartOffset="380"/>
</LocList>
<BasicStmnt CovItemId="S3" CovItemPrefix="com.OriginalFiles.Field.java" Intrnl_Id="886">
<LocList>
<Loc EndOffset="370" SrcFileId="4" StartOffset="359"/>
</LocList>
</BasicStmnt>
<BasicStmnt CovItemId="S4" CovItemPrefix="com.OriginalFiles.Field.java" Intrnl_Id="887">
<LocList>
<Loc EndOffset="391" SrcFileId="4" StartOffset="380"/>
</LocList>
</BasicStmnt>
</StmntSeq>
</HierarchyLvl>
<HierarchyLvl HierarchyLvlId="1130" HierarchyLvlTypeId="12" Intrnl_Id="888" Name="setPieceOnField">
<Header>
<Loc EndOffset="589" SrcFileId="4" StartOffset="538"/>
</Header>
<LocList>
<Loc EndOffset="711" SrcFileId="4" StartOffset="538"/>
</LocList>
<StmntSeq Intrnl_Id="889">
<LocList>
<Loc EndOffset="627" SrcFileId="4" StartOffset="601"/>
<Loc EndOffset="704" SrcFileId="4" StartOffset="637"/>
</LocList>
<BasicStmnt CovItemId="S5" CovItemPrefix="com.OriginalFiles.Field.java" Intrnl_Id="890">
<LocList>
<Loc EndOffset="627" SrcFileId="4" StartOffset="601"/>
</LocList>
</BasicStmnt>
<CondStmnt CovItemId="S6" CovItemPrefix="com.OriginalFiles.Field.java" Intrnl_Id="891">
<Branch CovItemId="B1" CovItemPrefix="com.OriginalFiles.Field.java" Implct="false" Intrnl_Id="892">
<Cond/>
<LocList>
<Loc EndOffset="704" SrcFileId="4" StartOffset="653"/>
</LocList>
<StmntSeq Intrnl_Id="893">
<LocList>
<Loc EndOffset="693" SrcFileId="4" StartOffset="668"/>
</LocList>
<BasicStmnt CovItemId="S7" CovItemPrefix="com.OriginalFiles.Field.java" Intrnl_Id="894">
<LocList>
<Loc EndOffset="693" SrcFileId="4" StartOffset="668"/>
</LocList>
</BasicStmnt>
</StmntSeq>
</Branch>
<Branch CovItemId="B2" CovItemPrefix="com.OriginalFiles.Field.java" Implct="true" Intrnl_Id="895">
<Cond/>
<LocList/>
<StmntSeq Intrnl_Id="896">
<LocList/>
</StmntSeq>
</Branch>
<Keyword EndOffset="639" SrcFileId="4" StartOffset="637"/>
<LocList>
<Loc EndOffset="704" SrcFileId="4" StartOffset="637"/>
</LocList>
<RootTerm CovItemId="C1" CovItemPrefix="com.OriginalFiles.Field.java" Intrnl_Id="897">
<OpTerm BooleanOpId="7" Intrnl_Id="898">
<BasicBoolTerm Intrnl_Id="899">
<LocList>
<Loc EndOffset="651" SrcFileId="4" StartOffset="642"/>
</LocList>
</BasicBoolTerm>
<LocList>
<Loc EndOffset="642" SrcFileId="4" StartOffset="641"/>
</LocList>
</OpTerm>
</RootTerm>
</CondStmnt>
</StmntSeq>
</HierarchyLvl>
<HierarchyLvl HierarchyLvlId="1131" HierarchyLvlTypeId="12" Intrnl_Id="900" Name="getPieceOnField">
<Header>
<Loc EndOffset="755" SrcFileId="4" StartOffset="719"/>
</Header>
<LocList>
<Loc EndOffset="794" SrcFileId="4" StartOffset="719"/>
</LocList>
<StmntSeq Intrnl_Id="901">
<LocList>
<Loc EndOffset="787" SrcFileId="4" StartOffset="767"/>
</LocList>
<BasicStmnt CovItemId="S8" CovItemPrefix="com.OriginalFiles.Field.java" Intrnl_Id="902">
<LocList>
<Loc EndOffset="787" SrcFileId="4" StartOffset="767"/>
</LocList>
</BasicStmnt>
</StmntSeq>
</HierarchyLvl>
<HierarchyLvl HierarchyLvlId="1132" HierarchyLvlTypeId="12" Intrnl_Id="903" Name="isEmpty">
<Header>
<Loc EndOffset="888" SrcFileId="4" StartOffset="858"/>
</Header>
<LocList>
<Loc EndOffset="937" SrcFileId="4" StartOffset="858"/>
</LocList>
<StmntSeq Intrnl_Id="904">
<LocList>
<Loc EndOffset="930" SrcFileId="4" StartOffset="900"/>
</LocList>
<BasicStmnt CovItemId="S9" CovItemPrefix="com.OriginalFiles.Field.java" Intrnl_Id="905">
<LocList>
<Loc EndOffset="930" SrcFileId="4" StartOffset="900"/>
</LocList>
</BasicStmnt>
</StmntSeq>
</HierarchyLvl>
<HierarchyLvl HierarchyLvlId="1133" HierarchyLvlTypeId="12" Intrnl_Id="906" Name="isPieceOfColor">
<Header>
<Loc EndOffset="1090" SrcFileId="4" StartOffset="1043"/>
</Header>
<LocList>
<Loc EndOffset="1232" SrcFileId="4" StartOffset="1043"/>
</LocList>
<StmntSeq Intrnl_Id="907">
<LocList>
<Loc EndOffset="1225" SrcFileId="4" StartOffset="1102"/>
</LocList>
<CondStmnt CovItemId="S10" CovItemPrefix="com.OriginalFiles.Field.java" Intrnl_Id="908">
<Branch CovItemId="B3" CovItemPrefix="com.OriginalFiles.Field.java" Implct="false" Intrnl_Id="909">
<Cond/>
<LocList>
<Loc EndOffset="1156" SrcFileId="4" StartOffset="1117"/>
</LocList>
<StmntSeq Intrnl_Id="910">
<LocList>
<Loc EndOffset="1145" SrcFileId="4" StartOffset="1132"/>
</LocList>
<BasicStmnt CovItemId="S11" CovItemPrefix="com.OriginalFiles.Field.java" Intrnl_Id="911">
<LocList>
<Loc EndOffset="1145" SrcFileId="4" StartOffset="1132"/>
</LocList>
</BasicStmnt>
</StmntSeq>
</Branch>
<Branch CovItemId="B4" CovItemPrefix="com.OriginalFiles.Field.java" Implct="false" Intrnl_Id="912">
<Cond>
<Loc EndOffset="1161" SrcFileId="4" StartOffset="1157"/>
</Cond>
<LocList>
<Loc EndOffset="1225" SrcFileId="4" StartOffset="1162"/>
</LocList>
<StmntSeq Intrnl_Id="913">
<LocList>
<Loc EndOffset="1214" SrcFileId="4" StartOffset="1177"/>
</LocList>
<BasicStmnt CovItemId="S12" CovItemPrefix="com.OriginalFiles.Field.java" Intrnl_Id="914">
<LocList>
<Loc EndOffset="1214" SrcFileId="4" StartOffset="1177"/>
</LocList>
</BasicStmnt>
</StmntSeq>
</Branch>
<Keyword EndOffset="1104" SrcFileId="4" StartOffset="1102"/>
<LocList>
<Loc EndOffset="1225" SrcFileId="4" StartOffset="1102"/>
</LocList>
<RootTerm CovItemId="C2" CovItemPrefix="com.OriginalFiles.Field.java" Intrnl_Id="915">
<BasicBoolTerm Intrnl_Id="916">
<LocList>
<Loc EndOffset="1115" SrcFileId="4" StartOffset="1106"/>
</LocList>
</BasicBoolTerm>
</RootTerm>
</CondStmnt>
</StmntSeq>
</HierarchyLvl>
<HierarchyLvl HierarchyLvlId="1134" HierarchyLvlTypeId="12" Intrnl_Id="917" Name="emptyThisField">
<Header>
<Loc EndOffset="1338" SrcFileId="4" StartOffset="1304"/>
</Header>
<LocList>
<Loc EndOffset="1377" SrcFileId="4" StartOffset="1304"/>
</LocList>
<StmntSeq Intrnl_Id="918">
<LocList>
<Loc EndOffset="1370" SrcFileId="4" StartOffset="1350"/>
</LocList>
<BasicStmnt CovItemId="S13" CovItemPrefix="com.OriginalFiles.Field.java" Intrnl_Id="919">
<LocList>
<Loc EndOffset="1370" SrcFileId="4" StartOffset="1350"/>
</LocList>
</BasicStmnt>
</StmntSeq>
</HierarchyLvl>
</HierarchyLvl>
<HierarchyLvl HierarchyLvlId="1161" HierarchyLvlTypeId="11" Intrnl_Id="920" Name="Board">
<Header>
<Loc EndOffset="170" SrcFileId="5" StartOffset="152"/>
</Header>
<LocList>
<Loc EndOffset="16506" SrcFileId="5" StartOffset="152"/>
</LocList>
<StmntSeq Intrnl_Id="921">
<LocList>
<Loc EndOffset="223" SrcFileId="5" StartOffset="180"/>
<Loc EndOffset="269" SrcFileId="5" StartOffset="229"/>
<Loc EndOffset="318" SrcFileId="5" StartOffset="275"/>
<Loc EndOffset="370" SrcFileId="5" StartOffset="324"/>
<Loc EndOffset="425" SrcFileId="5" StartOffset="376"/>
</LocList>
<BasicStmnt CovItemId="S1" CovItemPrefix="com.OriginalFiles.Board.java" Intrnl_Id="922">
<LocList>
<Loc EndOffset="223" SrcFileId="5" StartOffset="180"/>
</LocList>
</BasicStmnt>
<BasicStmnt CovItemId="S2" CovItemPrefix="com.OriginalFiles.Board.java" Intrnl_Id="923">
<LocList>
<Loc EndOffset="269" SrcFileId="5" StartOffset="229"/>
</LocList>
</BasicStmnt>
<BasicStmnt CovItemId="S3" CovItemPrefix="com.OriginalFiles.Board.java" Intrnl_Id="924">
<LocList>
<Loc EndOffset="318" SrcFileId="5" StartOffset="275"/>
</LocList>
</BasicStmnt>
<BasicStmnt CovItemId="S4" CovItemPrefix="com.OriginalFiles.Board.java" Intrnl_Id="925">
<LocList>
<Loc EndOffset="370" SrcFileId="5" StartOffset="324"/>
</LocList>
</BasicStmnt>
<BasicStmnt CovItemId="S5" CovItemPrefix="com.OriginalFiles.Board.java" Intrnl_Id="926">
<LocList>
<Loc EndOffset="425" SrcFileId="5" StartOffset="376"/>
</LocList>
</BasicStmnt>
</StmntSeq>
<HierarchyLvl HierarchyLvlId="1136" HierarchyLvlTypeId="12" Intrnl_Id="927" Name="Board">
<Header>
<Loc EndOffset="688" SrcFileId="5" StartOffset="591"/>
</Header>
<LocList>
<Loc EndOffset="3729" SrcFileId="5" StartOffset="591"/>
</LocList>
<StmntSeq Intrnl_Id="928">
<LocList>
<Loc EndOffset="741" SrcFileId="5" StartOffset="700"/>
<Loc EndOffset="800" SrcFileId="5" StartOffset="751"/>
<Loc EndOffset="842" SrcFileId="5" StartOffset="810"/>
<Loc EndOffset="873" SrcFileId="5" StartOffset="852"/>
<Loc EndOffset="2342" SrcFileId="5" StartOffset="944"/>
<Loc EndOffset="2829" SrcFileId="5" StartOffset="2480"/>
<Loc EndOffset="3184" SrcFileId="5" StartOffset="2839"/>
<Loc EndOffset="3461" SrcFileId="5" StartOffset="3215"/>
<Loc EndOffset="3722" SrcFileId="5" StartOffset="3473"/>
</LocList>
<BasicStmnt CovItemId="S6" CovItemPrefix="com.OriginalFiles.Board.java" Intrnl_Id="929">
<LocList>
<Loc EndOffset="741" SrcFileId="5" StartOffset="700"/>
</LocList>
</BasicStmnt>
<BasicStmnt CovItemId="S7" CovItemPrefix="com.OriginalFiles.Board.java" Intrnl_Id="930">
<LocList>
<Loc EndOffset="800" SrcFileId="5" StartOffset="751"/>
</LocList>
</BasicStmnt>
<BasicStmnt CovItemId="S8" CovItemPrefix="com.OriginalFiles.Board.java" Intrnl_Id="931">
<LocList>
<Loc EndOffset="842" SrcFileId="5" StartOffset="810"/>
</LocList>
</BasicStmnt>
<BasicStmnt CovItemId="S9" CovItemPrefix="com.OriginalFiles.Board.java" Intrnl_Id="932">
<LocList>
<Loc EndOffset="873" SrcFileId="5" StartOffset="852"/>
</LocList>
</BasicStmnt>
<LoopStmnt CovItemId="S10" CovItemPrefix="com.OriginalFiles.Board.java" Intrnl_Id="933" MltplExecId="L1-2" MltplExecPrefix="com.OriginalFiles.Board.java" NvrExecId="L1-0" NvrExecPrefix="com.OriginalFiles.Board.java" OnceExecutedId="L1-1" OnceExecutedPrefix="com.OriginalFiles.Board.java" OptBodyExec="true">
<StmntSeq Intrnl_Id="934">
<LocList>
<Loc EndOffset="2331" SrcFileId="5" StartOffset="983"/>
</LocList>
<LoopStmnt CovItemId="S11" CovItemPrefix="com.OriginalFiles.Board.java" Intrnl_Id="935" MltplExecId="L2-2" MltplExecPrefix="com.OriginalFiles.Board.java" NvrExecId="L2-0" NvrExecPrefix="com.OriginalFiles.Board.java" OnceExecutedId="L2-1" OnceExecutedPrefix="com.OriginalFiles.Board.java" OptBodyExec="true">
<StmntSeq Intrnl_Id="936">
<LocList>
<Loc EndOffset="1051" SrcFileId="5" StartOffset="1026"/>
<Loc EndOffset="1080" SrcFileId="5" StartOffset="1069"/>
<Loc EndOffset="1109" SrcFileId="5" StartOffset="1098"/>
<Loc EndOffset="2277" SrcFileId="5" StartOffset="1234"/>
<Loc EndOffset="2316" SrcFileId="5" StartOffset="2295"/>
</LocList>
<BasicStmnt CovItemId="S12" CovItemPrefix="com.OriginalFiles.Board.java" Intrnl_Id="937">
<LocList>
<Loc EndOffset="1051" SrcFileId="5" StartOffset="1026"/>
</LocList>
</BasicStmnt>
<BasicStmnt CovItemId="S13" CovItemPrefix="com.OriginalFiles.Board.java" Intrnl_Id="938">
<LocList>
<Loc EndOffset="1080" SrcFileId="5" StartOffset="1069"/>
</LocList>
</BasicStmnt>
<BasicStmnt CovItemId="S14" CovItemPrefix="com.OriginalFiles.Board.java" Intrnl_Id="939">
<LocList>
<Loc EndOffset="1109" SrcFileId="5" StartOffset="1098"/>
</LocList>
</BasicStmnt>
<CondStmnt CovItemId="S15" CovItemPrefix="com.OriginalFiles.Board.java" Intrnl_Id="940">
<Branch CovItemId="B1" CovItemPrefix="com.OriginalFiles.Board.java" Implct="false" Intrnl_Id="941">
<Cond/>
<LocList>
<Loc EndOffset="2203" SrcFileId="5" StartOffset="1256"/>
</LocList>
<StmntSeq Intrnl_Id="942">
<LocList>
<Loc EndOffset="1304" SrcFileId="5" StartOffset="1279"/>
<Loc EndOffset="1352" SrcFileId="5" StartOffset="1326"/>
<Loc EndOffset="1783" SrcFileId="5" StartOffset="1374"/>
<Loc EndOffset="2127" SrcFileId="5" StartOffset="1840"/>
<Loc EndOffset="2184" SrcFileId="5" StartOffset="2149"/>
</LocList>
<BasicStmnt CovItemId="S16" CovItemPrefix="com.OriginalFiles.Board.java" Intrnl_Id="943">
<LocList>
<Loc EndOffset="1304" SrcFileId="5" StartOffset="1279"/>
</LocList>
</BasicStmnt>
<BasicStmnt CovItemId="S17" CovItemPrefix="com.OriginalFiles.Board.java" Intrnl_Id="944">
<LocList>
<Loc EndOffset="1352" SrcFileId="5" StartOffset="1326"/>
</LocList>
</BasicStmnt>
<CondStmnt CovItemId="S18" CovItemPrefix="com.OriginalFiles.Board.java" Intrnl_Id="945">
<Branch CovItemId="B3" CovItemPrefix="com.OriginalFiles.Board.java" Implct="false" Intrnl_Id="946">
<Cond/>
<LocList>
<Loc EndOffset="1783" SrcFileId="5" StartOffset="1385"/>
</LocList>
<StmntSeq Intrnl_Id="947">
<LocList>
<Loc EndOffset="1443" SrcFileId="5" StartOffset="1412"/>
<Loc EndOffset="1505" SrcFileId="5" StartOffset="1469"/>
<Loc EndOffset="1760" SrcFileId="5" StartOffset="1659"/>
</LocList>
<BasicStmnt CovItemId="S19" CovItemPrefix="com.OriginalFiles.Board.java" Intrnl_Id="948">
<LocList>
<Loc EndOffset="1443" SrcFileId="5" StartOffset="1412"/>
</LocList>
</BasicStmnt>
<BasicStmnt CovItemId="S20" CovItemPrefix="com.OriginalFiles.Board.java" Intrnl_Id="949">
<LocList>
<Loc EndOffset="1505" SrcFileId="5" StartOffset="1469"/>
</LocList>
</BasicStmnt>
<CondStmnt CovItemId="S21" CovItemPrefix="com.OriginalFiles.Board.java" Intrnl_Id="950">
<Branch CovItemId="B5" CovItemPrefix="com.OriginalFiles.Board.java" Implct="false" Intrnl_Id="951">
<Cond/>
<LocList>
<Loc EndOffset="1760" SrcFileId="5" StartOffset="1671"/>
</LocList>
<StmntSeq Intrnl_Id="952">
<LocList>
<Loc EndOffset="1733" SrcFileId="5" StartOffset="1702"/>
</LocList>
<BasicStmnt CovItemId="S22" CovItemPrefix="com.OriginalFiles.Board.java" Intrnl_Id="953">
<LocList>
<Loc EndOffset="1733" SrcFileId="5" StartOffset="1702"/>
</LocList>
</BasicStmnt>
</StmntSeq>
</Branch>
<Branch CovItemId="B6" CovItemPrefix="com.OriginalFiles.Board.java" Implct="true" Intrnl_Id="954">
<Cond/>
<LocList/>
<StmntSeq Intrnl_Id="955">
<LocList/>
</StmntSeq>
</Branch>
<Keyword EndOffset="1661" SrcFileId="5" StartOffset="1659"/>
<LocList>
<Loc EndOffset="1760" SrcFileId="5" StartOffset="1659"/>
</LocList>
<RootTerm CovItemId="C5" CovItemPrefix="com.OriginalFiles.Board.java" Intrnl_Id="956">
<BasicBoolTerm Intrnl_Id="957">
<LocList>
<Loc EndOffset="1669" SrcFileId="5" StartOffset="1663"/>
</LocList>
</BasicBoolTerm>
</RootTerm>
</CondStmnt>
</StmntSeq>
</Branch>
<Branch CovItemId="B4" CovItemPrefix="com.OriginalFiles.Board.java" Implct="true" Intrnl_Id="958">
<Cond/>
<LocList/>
<StmntSeq Intrnl_Id="959">
<LocList/>
</StmntSeq>
</Branch>
<Keyword EndOffset="1376" SrcFileId="5" StartOffset="1374"/>
<LocList>
<Loc EndOffset="1783" SrcFileId="5" StartOffset="1374"/>
</LocList>
<RootTerm CovItemId="C4" CovItemPrefix="com.OriginalFiles.Board.java" Intrnl_Id="960">
<BasicBoolTerm Intrnl_Id="961">
<LocList>
<Loc EndOffset="1383" SrcFileId="5" StartOffset="1378"/>
</LocList>
</BasicBoolTerm>
</RootTerm>
</CondStmnt>
<CondStmnt CovItemId="S23" CovItemPrefix="com.OriginalFiles.Board.java" Intrnl_Id="962">
<Branch CovItemId="B7" CovItemPrefix="com.OriginalFiles.Board.java" Implct="false" Intrnl_Id="963">
<Cond/>
<LocList>
<Loc EndOffset="2127" SrcFileId="5" StartOffset="1851"/>
</LocList>
<StmntSeq Intrnl_Id="964">
<LocList>
<Loc EndOffset="1909" SrcFileId="5" StartOffset="1878"/>
<Loc EndOffset="1977" SrcFileId="5" StartOffset="1935"/>
<Loc EndOffset="2104" SrcFileId="5" StartOffset="2003"/>
</LocList>
<BasicStmnt CovItemId="S24" CovItemPrefix="com.OriginalFiles.Board.java" Intrnl_Id="965">
<LocList>
<Loc EndOffset="1909" SrcFileId="5" StartOffset="1878"/>
</LocList>
</BasicStmnt>
<BasicStmnt CovItemId="S25" CovItemPrefix="com.OriginalFiles.Board.java" Intrnl_Id="966">
<LocList>
<Loc EndOffset="1977" SrcFileId="5" StartOffset="1935"/>
</LocList>
</BasicStmnt>
<CondStmnt CovItemId="S26" CovItemPrefix="com.OriginalFiles.Board.java" Intrnl_Id="967">
<Branch CovItemId="B9" CovItemPrefix="com.OriginalFiles.Board.java" Implct="false" Intrnl_Id="968">
<Cond/>
<LocList>
<Loc EndOffset="2104" SrcFileId="5" StartOffset="2015"/>
</LocList>
<StmntSeq Intrnl_Id="969">
<LocList>
<Loc EndOffset="2077" SrcFileId="5" StartOffset="2046"/>
</LocList>
<BasicStmnt CovItemId="S27" CovItemPrefix="com.OriginalFiles.Board.java" Intrnl_Id="970">
<LocList>
<Loc EndOffset="2077" SrcFileId="5" StartOffset="2046"/>
</LocList>
</BasicStmnt>
</StmntSeq>
</Branch>
<Branch CovItemId="B10" CovItemPrefix="com.OriginalFiles.Board.java" Implct="true" Intrnl_Id="971">
<Cond/>
<LocList/>
<StmntSeq Intrnl_Id="972">
<LocList/>
</StmntSeq>
</Branch>
<Keyword EndOffset="2005" SrcFileId="5" StartOffset="2003"/>
<LocList>
<Loc EndOffset="2104" SrcFileId="5" StartOffset="2003"/>
</LocList>
<RootTerm CovItemId="C7" CovItemPrefix="com.OriginalFiles.Board.java" Intrnl_Id="973">
<BasicBoolTerm Intrnl_Id="974">
<LocList>
<Loc EndOffset="2013" SrcFileId="5" StartOffset="2007"/>
</LocList>
</BasicBoolTerm>
</RootTerm>
</CondStmnt>
</StmntSeq>
</Branch>
<Branch CovItemId="B8" CovItemPrefix="com.OriginalFiles.Board.java" Implct="true" Intrnl_Id="975">
<Cond/>
<LocList/>
<StmntSeq Intrnl_Id="976">
<LocList/>
</StmntSeq>
</Branch>
<Keyword EndOffset="1842" SrcFileId="5" StartOffset="1840"/>
<LocList>
<Loc EndOffset="2127" SrcFileId="5" StartOffset="1840"/>
</LocList>
<RootTerm CovItemId="C6" CovItemPrefix="com.OriginalFiles.Board.java" Intrnl_Id="977">
<BasicBoolTerm Intrnl_Id="978">
<LocList>
<Loc EndOffset="1849" SrcFileId="5" StartOffset="1844"/>
</LocList>
</BasicBoolTerm>
</RootTerm>
</CondStmnt>
<BasicStmnt CovItemId="S28" CovItemPrefix="com.OriginalFiles.Board.java" Intrnl_Id="979">
<LocList>
<Loc EndOffset="2184" SrcFileId="5" StartOffset="2149"/>
</LocList>
</BasicStmnt>
</StmntSeq>
</Branch>
<Branch CovItemId="B2" CovItemPrefix="com.OriginalFiles.Board.java" Implct="false" Intrnl_Id="980">
<Cond>
<Loc EndOffset="2208" SrcFileId="5" StartOffset="2204"/>
</Cond>
<LocList>
<Loc EndOffset="2277" SrcFileId="5" StartOffset="2209"/>
</LocList>
<StmntSeq Intrnl_Id="981">
<LocList>
<Loc EndOffset="2258" SrcFileId="5" StartOffset="2232"/>
</LocList>
<BasicStmnt CovItemId="S29" CovItemPrefix="com.OriginalFiles.Board.java" Intrnl_Id="982">
<LocList>
<Loc EndOffset="2258" SrcFileId="5" StartOffset="2232"/>
</LocList>
</BasicStmnt>
</StmntSeq>
</Branch>
<Keyword EndOffset="1236" SrcFileId="5" StartOffset="1234"/>
<LocList>
<Loc EndOffset="2277" SrcFileId="5" StartOffset="1234"/>
</LocList>
<RootTerm CovItemId="C3" CovItemPrefix="com.OriginalFiles.Board.java" Intrnl_Id="983">
<BasicBoolTerm Intrnl_Id="984">
<LocList>
<Loc EndOffset="1254" SrcFileId="5" StartOffset="1238"/>
</LocList>
</BasicBoolTerm>
</RootTerm>
</CondStmnt>
<BasicStmnt CovItemId="S30" CovItemPrefix="com.OriginalFiles.Board.java" Intrnl_Id="985">
<LocList>
<Loc EndOffset="2316" SrcFileId="5" StartOffset="2295"/>
</LocList>
</BasicStmnt>
</StmntSeq>
<Keyword EndOffset="986" SrcFileId="5" StartOffset="983"/>
<LocList>
<Loc EndOffset="2331" SrcFileId="5" StartOffset="983"/>
</LocList>
<RootTerm CovItemId="C2" CovItemPrefix="com.OriginalFiles.Board.java" Intrnl_Id="986">
<BasicBoolTerm Intrnl_Id="987">
<LocList>
<Loc EndOffset="1000" SrcFileId="5" StartOffset="995"/>
</LocList>
</BasicBoolTerm>
</RootTerm>
</LoopStmnt>
</StmntSeq>
<Keyword EndOffset="947" SrcFileId="5" StartOffset="944"/>
<LocList>
<Loc EndOffset="2342" SrcFileId="5" StartOffset="944"/>
</LocList>
<RootTerm CovItemId="C1" CovItemPrefix="com.OriginalFiles.Board.java" Intrnl_Id="988">
<BasicBoolTerm Intrnl_Id="989">
<LocList>
<Loc EndOffset="961" SrcFileId="5" StartOffset="956"/>
</LocList>
</BasicBoolTerm>
</RootTerm>
</LoopStmnt>
<LoopStmnt CovItemId="S31" CovItemPrefix="com.OriginalFiles.Board.java" Intrnl_Id="990" MltplExecId="L3-2" MltplExecPrefix="com.OriginalFiles.Board.java" NvrExecId="L3-0" NvrExecPrefix="com.OriginalFiles.Board.java" OnceExecutedId="L3-1" OnceExecutedPrefix="com.OriginalFiles.Board.java" OptBodyExec="true">
<StmntSeq Intrnl_Id="991">
<LocList>
<Loc EndOffset="2548" SrcFileId="5" StartOffset="2523"/>
<Loc EndOffset="2573" SrcFileId="5" StartOffset="2562"/>
<Loc EndOffset="2599" SrcFileId="5" StartOffset="2587"/>
<Loc EndOffset="2647" SrcFileId="5" StartOffset="2613"/>
<Loc EndOffset="2697" SrcFileId="5" StartOffset="2661"/>
<Loc EndOffset="2738" SrcFileId="5" StartOffset="2711"/>
<Loc EndOffset="2784" SrcFileId="5" StartOffset="2752"/>
<Loc EndOffset="2818" SrcFileId="5" StartOffset="2798"/>
</LocList>
<BasicStmnt CovItemId="S32" CovItemPrefix="com.OriginalFiles.Board.java" Intrnl_Id="992">
<LocList>
<Loc EndOffset="2548" SrcFileId="5" StartOffset="2523"/>
</LocList>
</BasicStmnt>
<BasicStmnt CovItemId="S33" CovItemPrefix="com.OriginalFiles.Board.java" Intrnl_Id="993">
<LocList>
<Loc EndOffset="2573" SrcFileId="5" StartOffset="2562"/>
</LocList>
</BasicStmnt>
<BasicStmnt CovItemId="S34" CovItemPrefix="com.OriginalFiles.Board.java" Intrnl_Id="994">
<LocList>
<Loc EndOffset="2599" SrcFileId="5" StartOffset="2587"/>
</LocList>
</BasicStmnt>
<BasicStmnt CovItemId="S35" CovItemPrefix="com.OriginalFiles.Board.java" Intrnl_Id="995">
<LocList>
<Loc EndOffset="2647" SrcFileId="5" StartOffset="2613"/>
</LocList>
</BasicStmnt>
<BasicStmnt CovItemId="S36" CovItemPrefix="com.OriginalFiles.Board.java" Intrnl_Id="996">
<LocList>
<Loc EndOffset="2697" SrcFileId="5" StartOffset="2661"/>
</LocList>
</BasicStmnt>
<BasicStmnt CovItemId="S37" CovItemPrefix="com.OriginalFiles.Board.java" Intrnl_Id="997">
<LocList>
<Loc EndOffset="2738" SrcFileId="5" StartOffset="2711"/>
</LocList>
</BasicStmnt>
<BasicStmnt CovItemId="S38" CovItemPrefix="com.OriginalFiles.Board.java" Intrnl_Id="998">
<LocList>
<Loc EndOffset="2784" SrcFileId="5" StartOffset="2752"/>
</LocList>
</BasicStmnt>
<BasicStmnt CovItemId="S39" CovItemPrefix="com.OriginalFiles.Board.java" Intrnl_Id="999">
<LocList>
<Loc EndOffset="2818" SrcFileId="5" StartOffset="2798"/>
</LocList>
</BasicStmnt>
</StmntSeq>
<Keyword EndOffset="2483" SrcFileId="5" StartOffset="2480"/>
<LocList>
<Loc EndOffset="2829" SrcFileId="5" StartOffset="2480"/>
</LocList>
<RootTerm CovItemId="C8" CovItemPrefix="com.OriginalFiles.Board.java" Intrnl_Id="1000">
<BasicBoolTerm Intrnl_Id="1001">
<LocList>
<Loc EndOffset="2501" SrcFileId="5" StartOffset="2496"/>
</LocList>
</BasicBoolTerm>
</RootTerm>
</LoopStmnt>
<LoopStmnt CovItemId="S40" CovItemPrefix="com.OriginalFiles.Board.java" Intrnl_Id="1002" MltplExecId="L4-2" MltplExecPrefix="com.OriginalFiles.Board.java" NvrExecId="L4-0" NvrExecPrefix="com.OriginalFiles.Board.java" OnceExecutedId="L4-1" OnceExecutedPrefix="com.OriginalFiles.Board.java" OptBodyExec="true">
<StmntSeq Intrnl_Id="1003">
<LocList>
<Loc EndOffset="2907" SrcFileId="5" StartOffset="2882"/>
<Loc EndOffset="2932" SrcFileId="5" StartOffset="2921"/>
<Loc EndOffset="2957" SrcFileId="5" StartOffset="2946"/>
<Loc EndOffset="3005" SrcFileId="5" StartOffset="2971"/>
<Loc EndOffset="3049" SrcFileId="5" StartOffset="3019"/>
<Loc EndOffset="3090" SrcFileId="5" StartOffset="3063"/>
<Loc EndOffset="3136" SrcFileId="5" StartOffset="3104"/>
<Loc EndOffset="3173" SrcFileId="5" StartOffset="3150"/>
</LocList>
<BasicStmnt CovItemId="S41" CovItemPrefix="com.OriginalFiles.Board.java" Intrnl_Id="1004">
<LocList>
<Loc EndOffset="2907" SrcFileId="5" StartOffset="2882"/>
</LocList>
</BasicStmnt>
<BasicStmnt CovItemId="S42" CovItemPrefix="com.OriginalFiles.Board.java" Intrnl_Id="1005">
<LocList>
<Loc EndOffset="2932" SrcFileId="5" StartOffset="2921"/>
</LocList>
</BasicStmnt>
<BasicStmnt CovItemId="S43" CovItemPrefix="com.OriginalFiles.Board.java" Intrnl_Id="1006">
<LocList>
<Loc EndOffset="2957" SrcFileId="5" StartOffset="2946"/>
</LocList>
</BasicStmnt>
<BasicStmnt CovItemId="S44" CovItemPrefix="com.OriginalFiles.Board.java" Intrnl_Id="1007">
<LocList>
<Loc EndOffset="3005" SrcFileId="5" StartOffset="2971"/>
</LocList>
</BasicStmnt>
<BasicStmnt CovItemId="S45" CovItemPrefix="com.OriginalFiles.Board.java" Intrnl_Id="1008">
<LocList>
<Loc EndOffset="3049" SrcFileId="5" StartOffset="3019"/>
</LocList>
</BasicStmnt>
<BasicStmnt CovItemId="S46" CovItemPrefix="com.OriginalFiles.Board.java" Intrnl_Id="1009">
<LocList>
<Loc EndOffset="3090" SrcFileId="5" StartOffset="3063"/>
</LocList>
</BasicStmnt>
<BasicStmnt CovItemId="S47" CovItemPrefix="com.OriginalFiles.Board.java" Intrnl_Id="1010">
<LocList>
<Loc EndOffset="3136" SrcFileId="5" StartOffset="3104"/>
</LocList>
</BasicStmnt>
<BasicStmnt CovItemId="S48" CovItemPrefix="com.OriginalFiles.Board.java" Intrnl_Id="1011">
<LocList>
<Loc EndOffset="3173" SrcFileId="5" StartOffset="3150"/>
</LocList>
</BasicStmnt>
</StmntSeq>
<Keyword EndOffset="2842" SrcFileId="5" StartOffset="2839"/>
<LocList>
<Loc EndOffset="3184" SrcFileId="5" StartOffset="2839"/>
</LocList>
<RootTerm CovItemId="C9" CovItemPrefix="com.OriginalFiles.Board.java" Intrnl_Id="1012">
<BasicBoolTerm Intrnl_Id="1013">
<LocList>
<Loc EndOffset="2860" SrcFileId="5" StartOffset="2855"/>
</LocList>
</BasicBoolTerm>
</RootTerm>
</LoopStmnt>
<LoopStmnt CovItemId="S49" CovItemPrefix="com.OriginalFiles.Board.java" Intrnl_Id="1014" MltplExecId="L5-2" MltplExecPrefix="com.OriginalFiles.Board.java" NvrExecId="L5-0" NvrExecPrefix="com.OriginalFiles.Board.java" OnceExecutedId="L5-1" OnceExecutedPrefix="com.OriginalFiles.Board.java" OptBodyExec="true">
<StmntSeq Intrnl_Id="1015">
<LocList>
<Loc EndOffset="3450" SrcFileId="5" StartOffset="3258"/>
</LocList>
<LoopStmnt CovItemId="S50" CovItemPrefix="com.OriginalFiles.Board.java" Intrnl_Id="1016" MltplExecId="L6-2" MltplExecPrefix="com.OriginalFiles.Board.java" NvrExecId="L6-0" NvrExecPrefix="com.OriginalFiles.Board.java" OnceExecutedId="L6-1" OnceExecutedPrefix="com.OriginalFiles.Board.java" OptBodyExec="true">
<StmntSeq Intrnl_Id="1017">
<LocList>
<Loc EndOffset="3330" SrcFileId="5" StartOffset="3305"/>
<Loc EndOffset="3359" SrcFileId="5" StartOffset="3348"/>
<Loc EndOffset="3393" SrcFileId="5" StartOffset="3377"/>
<Loc EndOffset="3435" SrcFileId="5" StartOffset="3411"/>
</LocList>
<BasicStmnt CovItemId="S51" CovItemPrefix="com.OriginalFiles.Board.java" Intrnl_Id="1018">
<LocList>
<Loc EndOffset="3330" SrcFileId="5" StartOffset="3305"/>
</LocList>
</BasicStmnt>
<BasicStmnt CovItemId="S52" CovItemPrefix="com.OriginalFiles.Board.java" Intrnl_Id="1019">
<LocList>
<Loc EndOffset="3359" SrcFileId="5" StartOffset="3348"/>
</LocList>
</BasicStmnt>
<BasicStmnt CovItemId="S53" CovItemPrefix="com.OriginalFiles.Board.java" Intrnl_Id="1020">
<LocList>
<Loc EndOffset="3393" SrcFileId="5" StartOffset="3377"/>
</LocList>
</BasicStmnt>
<BasicStmnt CovItemId="S54" CovItemPrefix="com.OriginalFiles.Board.java" Intrnl_Id="1021">
<LocList>
<Loc EndOffset="3435" SrcFileId="5" StartOffset="3411"/>
</LocList>
</BasicStmnt>
</StmntSeq>
<Keyword EndOffset="3261" SrcFileId="5" StartOffset="3258"/>
<LocList>
<Loc EndOffset="3450" SrcFileId="5" StartOffset="3258"/>
</LocList>
<RootTerm CovItemId="C11" CovItemPrefix="com.OriginalFiles.Board.java" Intrnl_Id="1022">
<BasicBoolTerm Intrnl_Id="1023">
<LocList>
<Loc EndOffset="3279" SrcFileId="5" StartOffset="3274"/>
</LocList>
</BasicBoolTerm>
</RootTerm>
</LoopStmnt>
</StmntSeq>
<Keyword EndOffset="3218" SrcFileId="5" StartOffset="3215"/>
<LocList>
<Loc EndOffset="3461" SrcFileId="5" StartOffset="3215"/>
</LocList>
<RootTerm CovItemId="C10" CovItemPrefix="com.OriginalFiles.Board.java" Intrnl_Id="1024">
<BasicBoolTerm Intrnl_Id="1025">
<LocList>
<Loc EndOffset="3236" SrcFileId="5" StartOffset="3231"/>
</LocList>
</BasicBoolTerm>
</RootTerm>
</LoopStmnt>
<LoopStmnt CovItemId="S55" CovItemPrefix="com.OriginalFiles.Board.java" Intrnl_Id="1026" MltplExecId="L7-2" MltplExecPrefix="com.OriginalFiles.Board.java" NvrExecId="L7-0" NvrExecPrefix="com.OriginalFiles.Board.java" OnceExecutedId="L7-1" OnceExecutedPrefix="com.OriginalFiles.Board.java" OptBodyExec="true">
<StmntSeq Intrnl_Id="1027">
<LocList>
<Loc EndOffset="3711" SrcFileId="5" StartOffset="3516"/>
</LocList>
<LoopStmnt CovItemId="S56" CovItemPrefix="com.OriginalFiles.Board.java" Intrnl_Id="1028" MltplExecId="L8-2" MltplExecPrefix="com.OriginalFiles.Board.java" NvrExecId="L8-0" NvrExecPrefix="com.OriginalFiles.Board.java" OnceExecutedId="L8-1" OnceExecutedPrefix="com.OriginalFiles.Board.java" OptBodyExec="true">
<StmntSeq Intrnl_Id="1029">
<LocList>
<Loc EndOffset="3588" SrcFileId="5" StartOffset="3563"/>
<Loc EndOffset="3617" SrcFileId="5" StartOffset="3606"/>
<Loc EndOffset="3651" SrcFileId="5" StartOffset="3635"/>
<Loc EndOffset="3696" SrcFileId="5" StartOffset="3669"/>
</LocList>
<BasicStmnt CovItemId="S57" CovItemPrefix="com.OriginalFiles.Board.java" Intrnl_Id="1030">
<LocList>
<Loc EndOffset="3588" SrcFileId="5" StartOffset="3563"/>
</LocList>
</BasicStmnt>
<BasicStmnt CovItemId="S58" CovItemPrefix="com.OriginalFiles.Board.java" Intrnl_Id="1031">
<LocList>
<Loc EndOffset="3617" SrcFileId="5" StartOffset="3606"/>
</LocList>
</BasicStmnt>
<BasicStmnt CovItemId="S59" CovItemPrefix="com.OriginalFiles.Board.java" Intrnl_Id="1032">
<LocList>
<Loc EndOffset="3651" SrcFileId="5" StartOffset="3635"/>
</LocList>
</BasicStmnt>
<BasicStmnt CovItemId="S60" CovItemPrefix="com.OriginalFiles.Board.java" Intrnl_Id="1033">
<LocList>
<Loc EndOffset="3696" SrcFileId="5" StartOffset="3669"/>
</LocList>
</BasicStmnt>
</StmntSeq>
<Keyword EndOffset="3519" SrcFileId="5" StartOffset="3516"/>
<LocList>
<Loc EndOffset="3711" SrcFileId="5" StartOffset="3516"/>
</LocList>
<RootTerm CovItemId="C13" CovItemPrefix="com.OriginalFiles.Board.java" Intrnl_Id="1034">
<BasicBoolTerm Intrnl_Id="1035">
<LocList>
<Loc EndOffset="3537" SrcFileId="5" StartOffset="3532"/>
</LocList>
</BasicBoolTerm>
</RootTerm>
</LoopStmnt>
</StmntSeq>
<Keyword EndOffset="3476" SrcFileId="5" StartOffset="3473"/>
<LocList>
<Loc EndOffset="3722" SrcFileId="5" StartOffset="3473"/>
</LocList>
<RootTerm CovItemId="C12" CovItemPrefix="com.OriginalFiles.Board.java" Intrnl_Id="1036">
<BasicBoolTerm Intrnl_Id="1037">
<LocList>
<Loc EndOffset="3494" SrcFileId="5" StartOffset="3489"/>
</LocList>
</BasicBoolTerm>
</RootTerm>
</LoopStmnt>
</StmntSeq>
</HierarchyLvl>
<HierarchyLvl HierarchyLvlId="1137" HierarchyLvlTypeId="12" Intrnl_Id="1038" Name="resetVisited">
<Header>
<Loc EndOffset="3769" SrcFileId="5" StartOffset="3737"/>
</Header>
<LocList>
<Loc EndOffset="3918" SrcFileId="5" StartOffset="3737"/>
</LocList>
<StmntSeq Intrnl_Id="1039">
<LocList>
<Loc EndOffset="3911" SrcFileId="5" StartOffset="3781"/>
</LocList>
<LoopStmnt CovItemId="S61" CovItemPrefix="com.OriginalFiles.Board.java" Intrnl_Id="1040" MltplExecId="L9-2" MltplExecPrefix="com.OriginalFiles.Board.java" NvrExecId="L9-0" NvrExecPrefix="com.OriginalFiles.Board.java" OnceExecutedId="L9-1" OnceExecutedPrefix="com.OriginalFiles.Board.java" OptBodyExec="true">
<StmntSeq Intrnl_Id="1041">
<LocList>
<Loc EndOffset="3900" SrcFileId="5" StartOffset="3822"/>
</LocList>
<LoopStmnt CovItemId="S62" CovItemPrefix="com.OriginalFiles.Board.java" Intrnl_Id="1042" MltplExecId="L10-2" MltplExecPrefix="com.OriginalFiles.Board.java" NvrExecId="L10-0" NvrExecPrefix="com.OriginalFiles.Board.java" OnceExecutedId="L10-1" OnceExecutedPrefix="com.OriginalFiles.Board.java" OptBodyExec="true">
<StmntSeq Intrnl_Id="1043">
<LocList>
<Loc EndOffset="3885" SrcFileId="5" StartOffset="3863"/>
</LocList>
<BasicStmnt CovItemId="S63" CovItemPrefix="com.OriginalFiles.Board.java" Intrnl_Id="1044">
<LocList>
<Loc EndOffset="3885" SrcFileId="5" StartOffset="3863"/>
</LocList>
</BasicStmnt>
</StmntSeq>
<Keyword EndOffset="3825" SrcFileId="5" StartOffset="3822"/>
<LocList>
<Loc EndOffset="3900" SrcFileId="5" StartOffset="3822"/>
</LocList>
</LoopStmnt>
</StmntSeq>
<Keyword EndOffset="3784" SrcFileId="5" StartOffset="3781"/>
<LocList>
<Loc EndOffset="3911" SrcFileId="5" StartOffset="3781"/>
</LocList>
</LoopStmnt>
</StmntSeq>
</HierarchyLvl>
<HierarchyLvl HierarchyLvlId="1138" HierarchyLvlTypeId="12" Intrnl_Id="1045" Name="sortListOfFields">
<Header>
<Loc EndOffset="4055" SrcFileId="5" StartOffset="3995"/>
</Header>
<LocList>
<Loc EndOffset="4812" SrcFileId="5" StartOffset="3995"/>
</LocList>
<StmntSeq Intrnl_Id="1046">
<LocList>
<Loc EndOffset="4077" SrcFileId="5" StartOffset="4067"/>
<Loc EndOffset="4097" SrcFileId="5" StartOffset="4087"/>
<Loc EndOffset="4152" SrcFileId="5" StartOffset="4107"/>
<Loc EndOffset="4805" SrcFileId="5" StartOffset="4162"/>
</LocList>
<BasicStmnt CovItemId="S64" CovItemPrefix="com.OriginalFiles.Board.java" Intrnl_Id="1047">
<LocList>
<Loc EndOffset="4077" SrcFileId="5" StartOffset="4067"/>
</LocList>
</BasicStmnt>
<BasicStmnt CovItemId="S65" CovItemPrefix="com.OriginalFiles.Board.java" Intrnl_Id="1048">
<LocList>
<Loc EndOffset="4097" SrcFileId="5" StartOffset="4087"/>
</LocList>
</BasicStmnt>
<BasicStmnt CovItemId="S66" CovItemPrefix="com.OriginalFiles.Board.java" Intrnl_Id="1049">
<LocList>
<Loc EndOffset="4152" SrcFileId="5" StartOffset="4107"/>
</LocList>
</BasicStmnt>
<LoopStmnt CovItemId="S67" CovItemPrefix="com.OriginalFiles.Board.java" Intrnl_Id="1050" MltplExecId="L11-2" MltplExecPrefix="com.OriginalFiles.Board.java" NvrExecId="L11-0" NvrExecPrefix="com.OriginalFiles.Board.java" OnceExecutedId="L11-1" OnceExecutedPrefix="com.OriginalFiles.Board.java" OptBodyExec="true">
<StmntSeq Intrnl_Id="1051">
<LocList>
<Loc EndOffset="4714" SrcFileId="5" StartOffset="4222"/>
<Loc EndOffset="4754" SrcFileId="5" StartOffset="4728"/>
<Loc EndOffset="4794" SrcFileId="5" StartOffset="4768"/>
</LocList>
<LoopStmnt CovItemId="S68" CovItemPrefix="com.OriginalFiles.Board.java" Intrnl_Id="1052" MltplExecId="L12-2" MltplExecPrefix="com.OriginalFiles.Board.java" NvrExecId="L12-0" NvrExecPrefix="com.OriginalFiles.Board.java" OnceExecutedId="L12-1" OnceExecutedPrefix="com.OriginalFiles.Board.java" OptBodyExec="true">
<StmntSeq Intrnl_Id="1053">
<LocList>
<Loc EndOffset="4699" SrcFileId="5" StartOffset="4290"/>
</LocList>
<CondStmnt CovItemId="S69" CovItemPrefix="com.OriginalFiles.Board.java" Intrnl_Id="1054">
<Branch CovItemId="B11" CovItemPrefix="com.OriginalFiles.Board.java" Implct="false" Intrnl_Id="1055">
<Cond/>
<LocList>
<Loc EndOffset="4699" SrcFileId="5" StartOffset="4379"/>
</LocList>
<StmntSeq Intrnl_Id="1056">
<LocList>
<Loc EndOffset="4436" SrcFileId="5" StartOffset="4402"/>
<Loc EndOffset="4492" SrcFileId="5" StartOffset="4458"/>
<Loc EndOffset="4537" SrcFileId="5" StartOffset="4514"/>
<Loc EndOffset="4582" SrcFileId="5" StartOffset="4559"/>
<Loc EndOffset="4631" SrcFileId="5" StartOffset="4604"/>
<Loc EndOffset="4680" SrcFileId="5" StartOffset="4653"/>
</LocList>
<BasicStmnt CovItemId="S70" CovItemPrefix="com.OriginalFiles.Board.java" Intrnl_Id="1057">
<LocList>
<Loc EndOffset="4436" SrcFileId="5" StartOffset="4402"/>
</LocList>
</BasicStmnt>
<BasicStmnt CovItemId="S71" CovItemPrefix="com.OriginalFiles.Board.java" Intrnl_Id="1058">
<LocList>
<Loc EndOffset="4492" SrcFileId="5" StartOffset="4458"/>
</LocList>
</BasicStmnt>
<BasicStmnt CovItemId="S72" CovItemPrefix="com.OriginalFiles.Board.java" Intrnl_Id="1059">
<LocList>
<Loc EndOffset="4537" SrcFileId="5" StartOffset="4514"/>
</LocList>
</BasicStmnt>
<BasicStmnt CovItemId="S73" CovItemPrefix="com.OriginalFiles.Board.java" Intrnl_Id="1060">
<LocList>
<Loc EndOffset="4582" SrcFileId="5" StartOffset="4559"/>
</LocList>
</BasicStmnt>
<BasicStmnt CovItemId="S74" CovItemPrefix="com.OriginalFiles.Board.java" Intrnl_Id="1061">
<LocList>
<Loc EndOffset="4631" SrcFileId="5" StartOffset="4604"/>
</LocList>
</BasicStmnt>
<BasicStmnt CovItemId="S75" CovItemPrefix="com.OriginalFiles.Board.java" Intrnl_Id="1062">
<LocList>
<Loc EndOffset="4680" SrcFileId="5" StartOffset="4653"/>
</LocList>
</BasicStmnt>
</StmntSeq>
</Branch>
<Branch CovItemId="B12" CovItemPrefix="com.OriginalFiles.Board.java" Implct="true" Intrnl_Id="1063">
<Cond/>
<LocList/>
<StmntSeq Intrnl_Id="1064">
<LocList/>
</StmntSeq>
</Branch>
<Keyword EndOffset="4292" SrcFileId="5" StartOffset="4290"/>
<LocList>
<Loc EndOffset="4699" SrcFileId="5" StartOffset="4290"/>
</LocList>
<RootTerm CovItemId="C16" CovItemPrefix="com.OriginalFiles.Board.java" Intrnl_Id="1065">
<OpTerm BooleanOpId="7" Intrnl_Id="1066">
<BasicBoolTerm Intrnl_Id="1067">
<LocList>
<Loc EndOffset="4377" SrcFileId="5" StartOffset="4295"/>
</LocList>
</BasicBoolTerm>
<LocList>
<Loc EndOffset="4295" SrcFileId="5" StartOffset="4294"/>
</LocList>
</OpTerm>
</RootTerm>
</CondStmnt>
</StmntSeq>
<Keyword EndOffset="4225" SrcFileId="5" StartOffset="4222"/>
<LocList>
<Loc EndOffset="4714" SrcFileId="5" StartOffset="4222"/>
</LocList>
<RootTerm CovItemId="C15" CovItemPrefix="com.OriginalFiles.Board.java" Intrnl_Id="1068">
<BasicBoolTerm Intrnl_Id="1069">
<LocList>
<Loc EndOffset="4264" SrcFileId="5" StartOffset="4242"/>
</LocList>
</BasicBoolTerm>
</RootTerm>
</LoopStmnt>
<BasicStmnt CovItemId="S76" CovItemPrefix="com.OriginalFiles.Board.java" Intrnl_Id="1070">
<LocList>
<Loc EndOffset="4754" SrcFileId="5" StartOffset="4728"/>
</LocList>
</BasicStmnt>
<BasicStmnt CovItemId="S77" CovItemPrefix="com.OriginalFiles.Board.java" Intrnl_Id="1071">
<LocList>
<Loc EndOffset="4794" SrcFileId="5" StartOffset="4768"/>
</LocList>
</BasicStmnt>
</StmntSeq>
<Keyword EndOffset="4165" SrcFileId="5" StartOffset="4162"/>
<LocList>
<Loc EndOffset="4805" SrcFileId="5" StartOffset="4162"/>
</LocList>
<RootTerm CovItemId="C14" CovItemPrefix="com.OriginalFiles.Board.java" Intrnl_Id="1072">
<BasicBoolTerm Intrnl_Id="1073">
<LocList>
<Loc EndOffset="4200" SrcFileId="5" StartOffset="4178"/>
</LocList>
</BasicBoolTerm>
</RootTerm>
</LoopStmnt>
</StmntSeq>
</HierarchyLvl>
<HierarchyLvl HierarchyLvlId="1139" HierarchyLvlTypeId="12" Intrnl_Id="1074" Name="isGreater">
<Header>
<Loc EndOffset="4995" SrcFileId="5" StartOffset="4890"/>
</Header>
<LocList>
<Loc EndOffset="6448" SrcFileId="5" StartOffset="4890"/>
</LocList>
<StmntSeq Intrnl_Id="1075">
<LocList>
<Loc EndOffset="6441" SrcFileId="5" StartOffset="5050"/>
</LocList>
<CondStmnt CovItemId="S78" CovItemPrefix="com.OriginalFiles.Board.java" Intrnl_Id="1076">
<Branch CovItemId="B13" CovItemPrefix="com.OriginalFiles.Board.java" Implct="false" Intrnl_Id="1077">
<Cond/>
<LocList>
<Loc EndOffset="5330" SrcFileId="5" StartOffset="5292"/>
</LocList>
<StmntSeq Intrnl_Id="1078">
<LocList>
<Loc EndOffset="5319" SrcFileId="5" StartOffset="5307"/>
</LocList>
<BasicStmnt CovItemId="S79" CovItemPrefix="com.OriginalFiles.Board.java" Intrnl_Id="1079">
<LocList>
<Loc EndOffset="5319" SrcFileId="5" StartOffset="5307"/>
</LocList>
</BasicStmnt>
</StmntSeq>
</Branch>
<Branch CovItemId="B14" CovItemPrefix="com.OriginalFiles.Board.java" Implct="false" Intrnl_Id="1080">
<Cond>
<Loc EndOffset="5335" SrcFileId="5" StartOffset="5331"/>
</Cond>
<LocList>
<Loc EndOffset="6441" SrcFileId="5" StartOffset="5336"/>
</LocList>
<StmntSeq Intrnl_Id="1081">
<LocList>
<Loc EndOffset="6441" SrcFileId="5" StartOffset="5336"/>
</LocList>
<CondStmnt CovItemId="S80" CovItemPrefix="com.OriginalFiles.Board.java" Intrnl_Id="1082">
<Branch CovItemId="B15" CovItemPrefix="com.OriginalFiles.Board.java" Implct="false" Intrnl_Id="1083">
<Cond/>
<LocList>
<Loc EndOffset="5478" SrcFileId="5" StartOffset="5440"/>
</LocList>
<StmntSeq Intrnl_Id="1084">
<LocList>
<Loc EndOffset="5467" SrcFileId="5" StartOffset="5455"/>
</LocList>
<BasicStmnt CovItemId="S81" CovItemPrefix="com.OriginalFiles.Board.java" Intrnl_Id="1085">
<LocList>
<Loc EndOffset="5467" SrcFileId="5" StartOffset="5455"/>
</LocList>
</BasicStmnt>
</StmntSeq>
</Branch>
<Branch CovItemId="B16" CovItemPrefix="com.OriginalFiles.Board.java" Implct="false" Intrnl_Id="1086">
<Cond>
<Loc EndOffset="5483" SrcFileId="5" StartOffset="5479"/>
</Cond>
<LocList>
<Loc EndOffset="6441" SrcFileId="5" StartOffset="5484"/>
</LocList>
<StmntSeq Intrnl_Id="1087">
<LocList>
<Loc EndOffset="6441" SrcFileId="5" StartOffset="5484"/>
</LocList>
<CondStmnt CovItemId="S82" CovItemPrefix="com.OriginalFiles.Board.java" Intrnl_Id="1088">
<Branch CovItemId="B17" CovItemPrefix="com.OriginalFiles.Board.java" Implct="false" Intrnl_Id="1089">
<Cond/>
<LocList>
<Loc EndOffset="5627" SrcFileId="5" StartOffset="5588"/>
</LocList>
<StmntSeq Intrnl_Id="1090">
<LocList>
<Loc EndOffset="5616" SrcFileId="5" StartOffset="5603"/>
</LocList>
<BasicStmnt CovItemId="S83" CovItemPrefix="com.OriginalFiles.Board.java" Intrnl_Id="1091">
<LocList>
<Loc EndOffset="5616" SrcFileId="5" StartOffset="5603"/>
</LocList>
</BasicStmnt>
</StmntSeq>
</Branch>
<Branch CovItemId="B18" CovItemPrefix="com.OriginalFiles.Board.java" Implct="false" Intrnl_Id="1092">
<Cond>
<Loc EndOffset="5632" SrcFileId="5" StartOffset="5628"/>
</Cond>
<LocList>
<Loc EndOffset="6441" SrcFileId="5" StartOffset="5633"/>
</LocList>
<StmntSeq Intrnl_Id="1093">
<LocList>
<Loc EndOffset="6430" SrcFileId="5" StartOffset="5648"/>
</LocList>
<CondStmnt CovItemId="S84" CovItemPrefix="com.OriginalFiles.Board.java" Intrnl_Id="1094">
<Branch CovItemId="B19" CovItemPrefix="com.OriginalFiles.Board.java" Implct="false" Intrnl_Id="1095">
<Cond/>
<LocList>
<Loc EndOffset="5806" SrcFileId="5" StartOffset="5760"/>
</LocList>
<StmntSeq Intrnl_Id="1096">
<LocList>
<Loc EndOffset="5791" SrcFileId="5" StartOffset="5779"/>
</LocList>
<BasicStmnt CovItemId="S85" CovItemPrefix="com.OriginalFiles.Board.java" Intrnl_Id="1097">
<LocList>
<Loc EndOffset="5791" SrcFileId="5" StartOffset="5779"/>
</LocList>
</BasicStmnt>
</StmntSeq>
</Branch>
<Branch CovItemId="B20" CovItemPrefix="com.OriginalFiles.Board.java" Implct="false" Intrnl_Id="1098">
<Cond>
<Loc EndOffset="5811" SrcFileId="5" StartOffset="5807"/>
</Cond>
<LocList>
<Loc EndOffset="6430" SrcFileId="5" StartOffset="5812"/>
</LocList>
<StmntSeq Intrnl_Id="1099">
<LocList>
<Loc EndOffset="6430" SrcFileId="5" StartOffset="5812"/>
</LocList>
<CondStmnt CovItemId="S86" CovItemPrefix="com.OriginalFiles.Board.java" Intrnl_Id="1100">
<Branch CovItemId="B21" CovItemPrefix="com.OriginalFiles.Board.java" Implct="false" Intrnl_Id="1101">
<Cond/>
<LocList>
<Loc EndOffset="5975" SrcFileId="5" StartOffset="5928"/>
</LocList>
<StmntSeq Intrnl_Id="1102">
<LocList>
<Loc EndOffset="5960" SrcFileId="5" StartOffset="5947"/>
</LocList>
<BasicStmnt CovItemId="S87" CovItemPrefix="com.OriginalFiles.Board.java" Intrnl_Id="1103">
<LocList>
<Loc EndOffset="5960" SrcFileId="5" StartOffset="5947"/>
</LocList>
</BasicStmnt>
</StmntSeq>
</Branch>
<Branch CovItemId="B22" CovItemPrefix="com.OriginalFiles.Board.java" Implct="false" Intrnl_Id="1104">
<Cond>
<Loc EndOffset="5980" SrcFileId="5" StartOffset="5976"/>
</Cond>
<LocList>
<Loc EndOffset="6430" SrcFileId="5" StartOffset="5981"/>
</LocList>
<StmntSeq Intrnl_Id="1105">
<LocList>
<Loc EndOffset="6415" SrcFileId="5" StartOffset="6000"/>
</LocList>
<CondStmnt CovItemId="S88" CovItemPrefix="com.OriginalFiles.Board.java" Intrnl_Id="1106">
<Branch CovItemId="B23" CovItemPrefix="com.OriginalFiles.Board.java" Implct="false" Intrnl_Id="1107">
<Cond/>
<LocList>
<Loc EndOffset="6157" SrcFileId="5" StartOffset="6102"/>
</LocList>
<StmntSeq Intrnl_Id="1108">
<LocList>
<Loc EndOffset="6138" SrcFileId="5" StartOffset="6125"/>
</LocList>
<BasicStmnt CovItemId="S89" CovItemPrefix="com.OriginalFiles.Board.java" Intrnl_Id="1109">
<LocList>
<Loc EndOffset="6138" SrcFileId="5" StartOffset="6125"/>
</LocList>
</BasicStmnt>
</StmntSeq>
</Branch>
<Branch CovItemId="B24" CovItemPrefix="com.OriginalFiles.Board.java" Implct="false" Intrnl_Id="1110">
<Cond>
<Loc EndOffset="6162" SrcFileId="5" StartOffset="6158"/>
</Cond>
<LocList>
<Loc EndOffset="6415" SrcFileId="5" StartOffset="6163"/>
</LocList>
<StmntSeq Intrnl_Id="1111">
<LocList>
<Loc EndOffset="6415" SrcFileId="5" StartOffset="6163"/>
</LocList>
<CondStmnt CovItemId="S90" CovItemPrefix="com.OriginalFiles.Board.java" Intrnl_Id="1112">
<Branch CovItemId="B25" CovItemPrefix="com.OriginalFiles.Board.java" Implct="false" Intrnl_Id="1113">
<Cond/>
<LocList>
<Loc EndOffset="6326" SrcFileId="5" StartOffset="6272"/>
</LocList>
<StmntSeq Intrnl_Id="1114">
<LocList>
<Loc EndOffset="6307" SrcFileId="5" StartOffset="6295"/>
</LocList>
<BasicStmnt CovItemId="S91" CovItemPrefix="com.OriginalFiles.Board.java" Intrnl_Id="1115">
<LocList>
<Loc EndOffset="6307" SrcFileId="5" StartOffset="6295"/>
</LocList>
</BasicStmnt>
</StmntSeq>
</Branch>
<Branch CovItemId="B26" CovItemPrefix="com.OriginalFiles.Board.java" Implct="false" Intrnl_Id="1116">
<Cond>
<Loc EndOffset="6331" SrcFileId="5" StartOffset="6327"/>
</Cond>
<LocList>
<Loc EndOffset="6415" SrcFileId="5" StartOffset="6332"/>
</LocList>
<StmntSeq Intrnl_Id="1117">
<LocList>
<Loc EndOffset="6396" SrcFileId="5" StartOffset="6355"/>
</LocList>
<BasicStmnt CovItemId="S92" CovItemPrefix="com.OriginalFiles.Board.java" Intrnl_Id="1118">
<LocList>
<Loc EndOffset="6396" SrcFileId="5" StartOffset="6355"/>
</LocList>
</BasicStmnt>
</StmntSeq>
</Branch>
<Keyword EndOffset="6165" SrcFileId="5" StartOffset="6163"/>
<LocList>
<Loc EndOffset="6415" SrcFileId="5" StartOffset="6163"/>
</LocList>
<RootTerm CovItemId="C23" CovItemPrefix="com.OriginalFiles.Board.java" Intrnl_Id="1119">
<BasicBoolTerm Intrnl_Id="1120">
<LocList>
<Loc EndOffset="6270" SrcFileId="5" StartOffset="6167"/>
</LocList>
</BasicBoolTerm>
</RootTerm>
</CondStmnt>
</StmntSeq>
</Branch>
<Keyword EndOffset="6002" SrcFileId="5" StartOffset="6000"/>
<LocList>
<Loc EndOffset="6415" SrcFileId="5" StartOffset="6000"/>
</LocList>
<RootTerm CovItemId="C22" CovItemPrefix="com.OriginalFiles.Board.java" Intrnl_Id="1121">
<BasicBoolTerm Intrnl_Id="1122">
<LocList>
<Loc EndOffset="6100" SrcFileId="5" StartOffset="6004"/>
</LocList>
</BasicBoolTerm>
</RootTerm>
</CondStmnt>
</StmntSeq>
</Branch>
<Keyword EndOffset="5814" SrcFileId="5" StartOffset="5812"/>
<LocList>
<Loc EndOffset="6430" SrcFileId="5" StartOffset="5812"/>
</LocList>
<RootTerm CovItemId="C21" CovItemPrefix="com.OriginalFiles.Board.java" Intrnl_Id="1123">
<OpTerm BooleanOpId="8" Intrnl_Id="1124">
<OpTerm BooleanOpId="8" Intrnl_Id="1125">
<BasicBoolTerm Intrnl_Id="1126">
<LocList>
<Loc EndOffset="5837" SrcFileId="5" StartOffset="5816"/>
</LocList>
</BasicBoolTerm>
<BasicBoolTerm Intrnl_Id="1127">
<LocList>
<Loc EndOffset="5858" SrcFileId="5" StartOffset="5841"/>
</LocList>
</BasicBoolTerm>
<LocList>
<Loc EndOffset="5840" SrcFileId="5" StartOffset="5838"/>
</LocList>
</OpTerm>
<OpTerm BooleanOpId="7" Intrnl_Id="1128">
<BasicBoolTerm Intrnl_Id="1129">
<LocList>
<Loc EndOffset="5926" SrcFileId="5" StartOffset="5884"/>
</LocList>
</BasicBoolTerm>
<LocList>
<Loc EndOffset="5884" SrcFileId="5" StartOffset="5883"/>
</LocList>
</OpTerm>
<LocList>
<Loc EndOffset="5882" SrcFileId="5" StartOffset="5880"/>
</LocList>
</OpTerm>
</RootTerm>
</CondStmnt>
</StmntSeq>
</Branch>
<Keyword EndOffset="5650" SrcFileId="5" StartOffset="5648"/>
<LocList>
<Loc EndOffset="6430" SrcFileId="5" StartOffset="5648"/>
</LocList>
<RootTerm CovItemId="C20" CovItemPrefix="com.OriginalFiles.Board.java" Intrnl_Id="1130">
<OpTerm BooleanOpId="8" Intrnl_Id="1131">
<OpTerm BooleanOpId="8" Intrnl_Id="1132">
<BasicBoolTerm Intrnl_Id="1133">
<LocList>
<Loc EndOffset="5669" SrcFileId="5" StartOffset="5652"/>
</LocList>
</BasicBoolTerm>
<BasicBoolTerm Intrnl_Id="1134">
<LocList>
<Loc EndOffset="5694" SrcFileId="5" StartOffset="5673"/>
</LocList>
</BasicBoolTerm>
<LocList>
<Loc EndOffset="5672" SrcFileId="5" StartOffset="5670"/>
</LocList>
</OpTerm>
<OpTerm BooleanOpId="7" Intrnl_Id="1135">
<BasicBoolTerm Intrnl_Id="1136">
<LocList>
<Loc EndOffset="5758" SrcFileId="5" StartOffset="5720"/>
</LocList>
</BasicBoolTerm>
<LocList>
<Loc EndOffset="5720" SrcFileId="5" StartOffset="5719"/>
</LocList>
</OpTerm>
<LocList>
<Loc EndOffset="5718" SrcFileId="5" StartOffset="5716"/>
</LocList>
</OpTerm>
</RootTerm>
</CondStmnt>
</StmntSeq>
</Branch>
<Keyword EndOffset="5486" SrcFileId="5" StartOffset="5484"/>
<LocList>
<Loc EndOffset="6441" SrcFileId="5" StartOffset="5484"/>
</LocList>
<RootTerm CovItemId="C19" CovItemPrefix="com.OriginalFiles.Board.java" Intrnl_Id="1137">
<OpTerm BooleanOpId="8" Intrnl_Id="1138">
<BasicBoolTerm Intrnl_Id="1139">
<LocList>
<Loc EndOffset="5528" SrcFileId="5" StartOffset="5488"/>
</LocList>
</BasicBoolTerm>
<OpTerm BooleanOpId="7" Intrnl_Id="1140">
<BasicBoolTerm Intrnl_Id="1141">
<LocList>
<Loc EndOffset="5586" SrcFileId="5" StartOffset="5550"/>
</LocList>
</BasicBoolTerm>
<LocList>
<Loc EndOffset="5550" SrcFileId="5" StartOffset="5549"/>
</LocList>
</OpTerm>
<LocList>
<Loc EndOffset="5548" SrcFileId="5" StartOffset="5546"/>
</LocList>
</OpTerm>
</RootTerm>
</CondStmnt>
</StmntSeq>
</Branch>
<Keyword EndOffset="5338" SrcFileId="5" StartOffset="5336"/>
<LocList>
<Loc EndOffset="6441" SrcFileId="5" StartOffset="5336"/>
</LocList>
<RootTerm CovItemId="C18" CovItemPrefix="com.OriginalFiles.Board.java" Intrnl_Id="1142">
<OpTerm BooleanOpId="8" Intrnl_Id="1143">
<BasicBoolTerm Intrnl_Id="1144">
<LocList>
<Loc EndOffset="5376" SrcFileId="5" StartOffset="5340"/>
</LocList>
</BasicBoolTerm>
<OpTerm BooleanOpId="7" Intrnl_Id="1145">
<BasicBoolTerm Intrnl_Id="1146">
<LocList>
<Loc EndOffset="5438" SrcFileId="5" StartOffset="5398"/>
</LocList>
</BasicBoolTerm>
<LocList>
<Loc EndOffset="5398" SrcFileId="5" StartOffset="5397"/>
</LocList>
</OpTerm>
<LocList>
<Loc EndOffset="5396" SrcFileId="5" StartOffset="5394"/>
</LocList>
</OpTerm>
</RootTerm>
</CondStmnt>
</StmntSeq>
</Branch>
<Keyword EndOffset="5052" SrcFileId="5" StartOffset="5050"/>
<LocList>
<Loc EndOffset="6441" SrcFileId="5" StartOffset="5050"/>
</LocList>
<RootTerm CovItemId="C17" CovItemPrefix="com.OriginalFiles.Board.java" Intrnl_Id="1147">
<OpTerm BooleanOpId="8" Intrnl_Id="1148">
<OpTerm BooleanOpId="8" Intrnl_Id="1149">
<OpTerm BooleanOpId="8" Intrnl_Id="1150">
<BasicBoolTerm Intrnl_Id="1151">
<LocList>
<Loc EndOffset="5090" SrcFileId="5" StartOffset="5054"/>
</LocList>
</BasicBoolTerm>
<OpTerm BooleanOpId="7" Intrnl_Id="1152">
<BasicBoolTerm Intrnl_Id="1153">
<LocList>
<Loc EndOffset="5150" SrcFileId="5" StartOffset="5112"/>
</LocList>
</BasicBoolTerm>
<LocList>
<Loc EndOffset="5112" SrcFileId="5" StartOffset="5111"/>
</LocList>
</OpTerm>
<LocList>
<Loc EndOffset="5110" SrcFileId="5" StartOffset="5108"/>
</LocList>
</OpTerm>
<BasicBoolTerm Intrnl_Id="1154">
<LocList>
<Loc EndOffset="5229" SrcFileId="5" StartOffset="5171"/>
</LocList>
</BasicBoolTerm>
<LocList>
<Loc EndOffset="5170" SrcFileId="5" StartOffset="5168"/>
</LocList>
</OpTerm>
<BasicBoolTerm Intrnl_Id="1155">
<LocList>
<Loc EndOffset="5290" SrcFileId="5" StartOffset="5250"/>
</LocList>
</BasicBoolTerm>
<LocList>
<Loc EndOffset="5249" SrcFileId="5" StartOffset="5247"/>
</LocList>
</OpTerm>
</RootTerm>
</CondStmnt>
</StmntSeq>
</HierarchyLvl>
<HierarchyLvl HierarchyLvlId="1140" HierarchyLvlTypeId="12" Intrnl_Id="1156" Name="distance">
<Header>
<Loc EndOffset="6508" SrcFileId="5" StartOffset="6456"/>
</Header>
<LocList>
<Loc EndOffset="6590" SrcFileId="5" StartOffset="6456"/>
</LocList>
<StmntSeq Intrnl_Id="1157">
<LocList>
<Loc EndOffset="6583" SrcFileId="5" StartOffset="6520"/>
</LocList>
<BasicStmnt CovItemId="S93" CovItemPrefix="com.OriginalFiles.Board.java" Intrnl_Id="1158">
<LocList>
<Loc EndOffset="6583" SrcFileId="5" StartOffset="6520"/>
</LocList>
</BasicStmnt>
</StmntSeq>
</HierarchyLvl>
<HierarchyLvl HierarchyLvlId="1141" HierarchyLvlTypeId="12" Intrnl_Id="1159" Name="verifyCorrectMove">
<Header>
<Loc EndOffset="6695" SrcFileId="5" StartOffset="6598"/>
</Header>
<LocList>
<Loc EndOffset="6918" SrcFileId="5" StartOffset="6598"/>
</LocList>
<StmntSeq Intrnl_Id="1160">
<LocList>
<Loc EndOffset="6889" SrcFileId="5" StartOffset="6707"/>
<Loc EndOffset="6911" SrcFileId="5" StartOffset="6899"/>
</LocList>
<CondStmnt CovItemId="S94" CovItemPrefix="com.OriginalFiles.Board.java" Intrnl_Id="1161">
<Branch CovItemId="B27" CovItemPrefix="com.OriginalFiles.Board.java" Implct="false" Intrnl_Id="1162">
<Cond/>
<LocList>
<Loc EndOffset="6889" SrcFileId="5" StartOffset="6741"/>
</LocList>
<StmntSeq Intrnl_Id="1163">
<LocList>
<Loc EndOffset="6878" SrcFileId="5" StartOffset="6756"/>
</LocList>
<CondStmnt CovItemId="S95" CovItemPrefix="com.OriginalFiles.Board.java" Intrnl_Id="1164">
<Branch CovItemId="B29" CovItemPrefix="com.OriginalFiles.Board.java" Implct="false" Intrnl_Id="1165">
<Cond/>
<LocList>
<Loc EndOffset="6878" SrcFileId="5" StartOffset="6796"/>
</LocList>
<StmntSeq Intrnl_Id="1166">
<LocList>
<Loc EndOffset="6863" SrcFileId="5" StartOffset="6815"/>
</LocList>
<BasicStmnt CovItemId="S96" CovItemPrefix="com.OriginalFiles.Board.java" Intrnl_Id="1167">
<LocList>
<Loc EndOffset="6863" SrcFileId="5" StartOffset="6815"/>
</LocList>
</BasicStmnt>
</StmntSeq>
</Branch>
<Branch CovItemId="B30" CovItemPrefix="com.OriginalFiles.Board.java" Implct="true" Intrnl_Id="1168">
<Cond/>
<LocList/>
<StmntSeq Intrnl_Id="1169">
<LocList/>
</StmntSeq>
</Branch>
<Keyword EndOffset="6758" SrcFileId="5" StartOffset="6756"/>
<LocList>
<Loc EndOffset="6878" SrcFileId="5" StartOffset="6756"/>
</LocList>
<RootTerm CovItemId="C25" CovItemPrefix="com.OriginalFiles.Board.java" Intrnl_Id="1170">
<BasicBoolTerm Intrnl_Id="1171">
<LocList>
<Loc EndOffset="6794" SrcFileId="5" StartOffset="6760"/>
</LocList>
</BasicBoolTerm>
</RootTerm>
</CondStmnt>
</StmntSeq>
</Branch>
<Branch CovItemId="B28" CovItemPrefix="com.OriginalFiles.Board.java" Implct="true" Intrnl_Id="1172">
<Cond/>
<LocList/>
<StmntSeq Intrnl_Id="1173">
<LocList/>
</StmntSeq>
</Branch>
<Keyword EndOffset="6709" SrcFileId="5" StartOffset="6707"/>
<LocList>
<Loc EndOffset="6889" SrcFileId="5" StartOffset="6707"/>
</LocList>
<RootTerm CovItemId="C24" CovItemPrefix="com.OriginalFiles.Board.java" Intrnl_Id="1174">
<BasicBoolTerm Intrnl_Id="1175">
<LocList>
<Loc EndOffset="6739" SrcFileId="5" StartOffset="6711"/>
</LocList>
</BasicBoolTerm>
</RootTerm>
</CondStmnt>
<BasicStmnt CovItemId="S97" CovItemPrefix="com.OriginalFiles.Board.java" Intrnl_Id="1176">
<LocList>
<Loc EndOffset="6911" SrcFileId="5" StartOffset="6899"/>
</LocList>
</BasicStmnt>
</StmntSeq>
</HierarchyLvl>
<HierarchyLvl HierarchyLvlId="1142" HierarchyLvlTypeId="12" Intrnl_Id="1177" Name="peasentIsOnEndRow">
<Header>
<Loc EndOffset="6977" SrcFileId="5" StartOffset="6926"/>
</Header>
<LocList>
<Loc EndOffset="7353" SrcFileId="5" StartOffset="6926"/>
</LocList>
<StmntSeq Intrnl_Id="1178">
<LocList>
<Loc EndOffset="7323" SrcFileId="5" StartOffset="6989"/>
<Loc EndOffset="7346" SrcFileId="5" StartOffset="7333"/>
</LocList>
<CondStmnt CovItemId="S98" CovItemPrefix="com.OriginalFiles.Board.java" Intrnl_Id="1179">
<Branch CovItemId="B31" CovItemPrefix="com.OriginalFiles.Board.java" Implct="false" Intrnl_Id="1180">
<Cond/>
<LocList>
<Loc EndOffset="7323" SrcFileId="5" StartOffset="7011"/>
</LocList>
<StmntSeq Intrnl_Id="1181">
<LocList>
<Loc EndOffset="7187" SrcFileId="5" StartOffset="7053"/>
<Loc EndOffset="7312" SrcFileId="5" StartOffset="7203"/>
</LocList>
<CondStmnt CovItemId="S99" CovItemPrefix="com.OriginalFiles.Board.java" Intrnl_Id="1182">
<Branch CovItemId="B33" CovItemPrefix="com.OriginalFiles.Board.java" Implct="false" Intrnl_Id="1183">
<Cond/>
<LocList>
<Loc EndOffset="7134" SrcFileId="5" StartOffset="7087"/>
</LocList>
<StmntSeq Intrnl_Id="1184">
<LocList>
<Loc EndOffset="7119" SrcFileId="5" StartOffset="7106"/>
</LocList>
<BasicStmnt CovItemId="S100" CovItemPrefix="com.OriginalFiles.Board.java" Intrnl_Id="1185">
<LocList>
<Loc EndOffset="7119" SrcFileId="5" StartOffset="7106"/>
</LocList>
</BasicStmnt>
</StmntSeq>
</Branch>
<Branch CovItemId="B34" CovItemPrefix="com.OriginalFiles.Board.java" Implct="false" Intrnl_Id="1186">
<Cond>
<Loc EndOffset="7139" SrcFileId="5" StartOffset="7135"/>
</Cond>
<LocList>
<Loc EndOffset="7187" SrcFileId="5" StartOffset="7140"/>
</LocList>
<StmntSeq Intrnl_Id="1187">
<LocList>
<Loc EndOffset="7172" SrcFileId="5" StartOffset="7159"/>
</LocList>
<BasicStmnt CovItemId="S101" CovItemPrefix="com.OriginalFiles.Board.java" Intrnl_Id="1188">
<LocList>
<Loc EndOffset="7172" SrcFileId="5" StartOffset="7159"/>
</LocList>
</BasicStmnt>
</StmntSeq>
</Branch>
<Keyword EndOffset="7055" SrcFileId="5" StartOffset="7053"/>
<LocList>
<Loc EndOffset="7187" SrcFileId="5" StartOffset="7053"/>
</LocList>
<RootTerm CovItemId="C27" CovItemPrefix="com.OriginalFiles.Board.java" Intrnl_Id="1189">
<BasicBoolTerm Intrnl_Id="1190">
<LocList>
<Loc EndOffset="7085" SrcFileId="5" StartOffset="7057"/>
</LocList>
</BasicBoolTerm>
</RootTerm>
</CondStmnt>
<CondStmnt CovItemId="S102" CovItemPrefix="com.OriginalFiles.Board.java" Intrnl_Id="1191">
<Branch CovItemId="B35" CovItemPrefix="com.OriginalFiles.Board.java" Implct="false" Intrnl_Id="1192">
<Cond/>
<LocList>
<Loc EndOffset="7312" SrcFileId="5" StartOffset="7266"/>
</LocList>
<StmntSeq Intrnl_Id="1193">
<LocList>
<Loc EndOffset="7297" SrcFileId="5" StartOffset="7285"/>
</LocList>
<BasicStmnt CovItemId="S103" CovItemPrefix="com.OriginalFiles.Board.java" Intrnl_Id="1194">
<LocList>
<Loc EndOffset="7297" SrcFileId="5" StartOffset="7285"/>
</LocList>
</BasicStmnt>
</StmntSeq>
</Branch>
<Branch CovItemId="B36" CovItemPrefix="com.OriginalFiles.Board.java" Implct="true" Intrnl_Id="1195">
<Cond/>
<LocList/>
<StmntSeq Intrnl_Id="1196">
<LocList/>
</StmntSeq>
</Branch>
<Keyword EndOffset="7205" SrcFileId="5" StartOffset="7203"/>
<LocList>
<Loc EndOffset="7312" SrcFileId="5" StartOffset="7203"/>
</LocList>
<RootTerm CovItemId="C28" CovItemPrefix="com.OriginalFiles.Board.java" Intrnl_Id="1197">
<OpTerm BooleanOpId="8" Intrnl_Id="1198">
<BasicBoolTerm Intrnl_Id="1199">
<LocList>
<Loc EndOffset="7226" SrcFileId="5" StartOffset="7207"/>
</LocList>
</BasicBoolTerm>
<OpTerm BooleanOpId="7" Intrnl_Id="1200">
<BasicBoolTerm Intrnl_Id="1201">
<LocList>
<Loc EndOffset="7264" SrcFileId="5" StartOffset="7231"/>
</LocList>
</BasicBoolTerm>
<LocList>
<Loc EndOffset="7231" SrcFileId="5" StartOffset="7230"/>
</LocList>
</OpTerm>
<LocList>
<Loc EndOffset="7229" SrcFileId="5" StartOffset="7227"/>
</LocList>
</OpTerm>
</RootTerm>
</CondStmnt>
</StmntSeq>
</Branch>
<Branch CovItemId="B32" CovItemPrefix="com.OriginalFiles.Board.java" Implct="true" Intrnl_Id="1202">
<Cond/>
<LocList/>
<StmntSeq Intrnl_Id="1203">
<LocList/>
</StmntSeq>
</Branch>
<Keyword EndOffset="6991" SrcFileId="5" StartOffset="6989"/>
<LocList>
<Loc EndOffset="7323" SrcFileId="5" StartOffset="6989"/>
</LocList>
<RootTerm CovItemId="C26" CovItemPrefix="com.OriginalFiles.Board.java" Intrnl_Id="1204">
<OpTerm BooleanOpId="7" Intrnl_Id="1205">
<BasicBoolTerm Intrnl_Id="1206">
<LocList>
<Loc EndOffset="7009" SrcFileId="5" StartOffset="6994"/>
</LocList>
</BasicBoolTerm>
<LocList>
<Loc EndOffset="6994" SrcFileId="5" StartOffset="6993"/>
</LocList>
</OpTerm>
</RootTerm>
</CondStmnt>
<BasicStmnt CovItemId="S104" CovItemPrefix="com.OriginalFiles.Board.java" Intrnl_Id="1207">
<LocList>
<Loc EndOffset="7346" SrcFileId="5" StartOffset="7333"/>
</LocList>
</BasicStmnt>
</StmntSeq>
</HierarchyLvl>
<HierarchyLvl HierarchyLvlId="1143" HierarchyLvlTypeId="12" Intrnl_Id="1208" Name="movePieceInRepresentation">
<Header>
<Loc EndOffset="7563" SrcFileId="5" StartOffset="7410"/>
</Header>
<LocList>
<Loc EndOffset="7678" SrcFileId="5" StartOffset="7410"/>
</LocList>
<StmntSeq Intrnl_Id="1209">
<LocList>
<Loc EndOffset="7671" SrcFileId="5" StartOffset="7575"/>
</LocList>
<BasicStmnt CovItemId="S105" CovItemPrefix="com.OriginalFiles.Board.java" Intrnl_Id="1210">
<LocList>
<Loc EndOffset="7671" SrcFileId="5" StartOffset="7575"/>
</LocList>
</BasicStmnt>
</StmntSeq>
</HierarchyLvl>
<HierarchyLvl HierarchyLvlId="1144" HierarchyLvlTypeId="12" Intrnl_Id="1211" Name="movePieceInRepresentation">
<Header>
<Loc EndOffset="7869" SrcFileId="5" StartOffset="7729"/>
</Header>
<LocList>
<Loc EndOffset="8155" SrcFileId="5" StartOffset="7729"/>
</LocList>
<StmntSeq Intrnl_Id="1212">
<LocList>
<Loc EndOffset="7934" SrcFileId="5" StartOffset="7881"/>
<Loc EndOffset="7971" SrcFileId="5" StartOffset="7944"/>
<Loc EndOffset="8127" SrcFileId="5" StartOffset="7981"/>
</LocList>
<BasicStmnt CovItemId="S106" CovItemPrefix="com.OriginalFiles.Board.java" Intrnl_Id="1213">
<LocList>
<Loc EndOffset="7934" SrcFileId="5" StartOffset="7881"/>
</LocList>
</BasicStmnt>
<BasicStmnt CovItemId="S107" CovItemPrefix="com.OriginalFiles.Board.java" Intrnl_Id="1214">
<LocList>
<Loc EndOffset="7971" SrcFileId="5" StartOffset="7944"/>
</LocList>
</BasicStmnt>
<CondStmnt CovItemId="S108" CovItemPrefix="com.OriginalFiles.Board.java" Intrnl_Id="1215">
<Branch CovItemId="B37" CovItemPrefix="com.OriginalFiles.Board.java" Implct="false" Intrnl_Id="1216">
<Cond/>
<LocList>
<Loc EndOffset="8127" SrcFileId="5" StartOffset="8020"/>
</LocList>
<StmntSeq Intrnl_Id="1217">
<LocList>
<Loc EndOffset="8116" SrcFileId="5" StartOffset="8035"/>
</LocList>
<BasicStmnt CovItemId="S109" CovItemPrefix="com.OriginalFiles.Board.java" Intrnl_Id="1218">
<LocList>
<Loc EndOffset="8116" SrcFileId="5" StartOffset="8035"/>
</LocList>
</BasicStmnt>
</StmntSeq>
</Branch>
<Branch CovItemId="B38" CovItemPrefix="com.OriginalFiles.Board.java" Implct="true" Intrnl_Id="1219">
<Cond/>
<LocList/>
<StmntSeq Intrnl_Id="1220">
<LocList/>
</StmntSeq>
</Branch>
<Keyword EndOffset="7983" SrcFileId="5" StartOffset="7981"/>
<LocList>
<Loc EndOffset="8127" SrcFileId="5" StartOffset="7981"/>
</LocList>
<RootTerm CovItemId="C29" CovItemPrefix="com.OriginalFiles.Board.java" Intrnl_Id="1221">
<BasicBoolTerm Intrnl_Id="1222">
<LocList>
<Loc EndOffset="8018" SrcFileId="5" StartOffset="7985"/>
</LocList>
</BasicBoolTerm>
</RootTerm>
</CondStmnt>
</StmntSeq>
</HierarchyLvl>
<HierarchyLvl HierarchyLvlId="1145" HierarchyLvlTypeId="12" Intrnl_Id="1223" Name="checkMoveDirection">
<Header>
<Loc EndOffset="8335" SrcFileId="5" StartOffset="8203"/>
</Header>
<LocList>
<Loc EndOffset="8496" SrcFileId="5" StartOffset="8203"/>
</LocList>
<StmntSeq Intrnl_Id="1224">
<LocList>
<Loc EndOffset="8489" SrcFileId="5" StartOffset="8347"/>
</LocList>
<BasicStmnt CovItemId="S110" CovItemPrefix="com.OriginalFiles.Board.java" Intrnl_Id="1225">
<LocList>
<Loc EndOffset="8489" SrcFileId="5" StartOffset="8347"/>
</LocList>
</BasicStmnt>
</StmntSeq>
</HierarchyLvl>
<HierarchyLvl HierarchyLvlId="1146" HierarchyLvlTypeId="12" Intrnl_Id="1226" Name="isFieldEmptyOnBoard">
<Header>
<Loc EndOffset="8612" SrcFileId="5" StartOffset="8504"/>
</Header>
<LocList>
<Loc EndOffset="8806" SrcFileId="5" StartOffset="8504"/>
</LocList>
<StmntSeq Intrnl_Id="1227">
<LocList>
<Loc EndOffset="8799" SrcFileId="5" StartOffset="8624"/>
</LocList>
<CondStmnt CovItemId="S111" CovItemPrefix="com.OriginalFiles.Board.java" Intrnl_Id="1228">
<Branch CovItemId="B39" CovItemPrefix="com.OriginalFiles.Board.java" Implct="false" Intrnl_Id="1229">
<Cond/>
<LocList>
<Loc EndOffset="8754" SrcFileId="5" StartOffset="8647"/>
</LocList>
<StmntSeq Intrnl_Id="1230">
<LocList>
<Loc EndOffset="8707" SrcFileId="5" StartOffset="8662"/>
<Loc EndOffset="8743" SrcFileId="5" StartOffset="8723"/>
</LocList>
<BasicStmnt CovItemId="S112" CovItemPrefix="com.OriginalFiles.Board.java" Intrnl_Id="1231">
<LocList>
<Loc EndOffset="8707" SrcFileId="5" StartOffset="8662"/>
</LocList>
</BasicStmnt>
<BasicStmnt CovItemId="S113" CovItemPrefix="com.OriginalFiles.Board.java" Intrnl_Id="1232">
<LocList>
<Loc EndOffset="8743" SrcFileId="5" StartOffset="8723"/>
</LocList>
</BasicStmnt>
</StmntSeq>
</Branch>
<Branch CovItemId="B40" CovItemPrefix="com.OriginalFiles.Board.java" Implct="false" Intrnl_Id="1233">
<Cond>
<Loc EndOffset="8759" SrcFileId="5" StartOffset="8755"/>
</Cond>
<LocList>
<Loc EndOffset="8799" SrcFileId="5" StartOffset="8760"/>
</LocList>
<StmntSeq Intrnl_Id="1234">
<LocList>
<Loc EndOffset="8788" SrcFileId="5" StartOffset="8775"/>
</LocList>
<BasicStmnt CovItemId="S114" CovItemPrefix="com.OriginalFiles.Board.java" Intrnl_Id="1235">
<LocList>
<Loc EndOffset="8788" SrcFileId="5" StartOffset="8775"/>
</LocList>
</BasicStmnt>
</StmntSeq>
</Branch>
<Keyword EndOffset="8626" SrcFileId="5" StartOffset="8624"/>
<LocList>
<Loc EndOffset="8799" SrcFileId="5" StartOffset="8624"/>
</LocList>
<RootTerm CovItemId="C30" CovItemPrefix="com.OriginalFiles.Board.java" Intrnl_Id="1236">
<BasicBoolTerm Intrnl_Id="1237">
<LocList>
<Loc EndOffset="8645" SrcFileId="5" StartOffset="8628"/>
</LocList>
</BasicBoolTerm>
</RootTerm>
</CondStmnt>
</StmntSeq>
</HierarchyLvl>
<HierarchyLvl HierarchyLvlId="1147" HierarchyLvlTypeId="12" Intrnl_Id="1238" Name="fieldOccupied">
<Header>
<Loc EndOffset="8862" SrcFileId="5" StartOffset="8814"/>
</Header>
<LocList>
<Loc EndOffset="9006" SrcFileId="5" StartOffset="8814"/>
</LocList>
<StmntSeq Intrnl_Id="1239">
<LocList>
<Loc EndOffset="8999" SrcFileId="5" StartOffset="8874"/>
</LocList>
<CondStmnt CovItemId="S115" CovItemPrefix="com.OriginalFiles.Board.java" Intrnl_Id="1240">
<Branch CovItemId="B41" CovItemPrefix="com.OriginalFiles.Board.java" Implct="false" Intrnl_Id="1241">
<Cond/>
<LocList>
<Loc EndOffset="8955" SrcFileId="5" StartOffset="8897"/>
</LocList>
<StmntSeq Intrnl_Id="1242">
<LocList>
<Loc EndOffset="8944" SrcFileId="5" StartOffset="8912"/>
</LocList>
<BasicStmnt CovItemId="S116" CovItemPrefix="com.OriginalFiles.Board.java" Intrnl_Id="1243">
<LocList>
<Loc EndOffset="8944" SrcFileId="5" StartOffset="8912"/>
</LocList>
</BasicStmnt>
</StmntSeq>
</Branch>
<Branch CovItemId="B42" CovItemPrefix="com.OriginalFiles.Board.java" Implct="false" Intrnl_Id="1244">
<Cond>
<Loc EndOffset="8960" SrcFileId="5" StartOffset="8956"/>
</Cond>
<LocList>
<Loc EndOffset="8999" SrcFileId="5" StartOffset="8961"/>
</LocList>
<StmntSeq Intrnl_Id="1245">
<LocList>
<Loc EndOffset="8988" SrcFileId="5" StartOffset="8976"/>
</LocList>
<BasicStmnt CovItemId="S117" CovItemPrefix="com.OriginalFiles.Board.java" Intrnl_Id="1246">
<LocList>
<Loc EndOffset="8988" SrcFileId="5" StartOffset="8976"/>
</LocList>
</BasicStmnt>
</StmntSeq>
</Branch>
<Keyword EndOffset="8876" SrcFileId="5" StartOffset="8874"/>
<LocList>
<Loc EndOffset="8999" SrcFileId="5" StartOffset="8874"/>
</LocList>
<RootTerm CovItemId="C31" CovItemPrefix="com.OriginalFiles.Board.java" Intrnl_Id="1247">
<BasicBoolTerm Intrnl_Id="1248">
<LocList>
<Loc EndOffset="8895" SrcFileId="5" StartOffset="8878"/>
</LocList>
</BasicBoolTerm>
</RootTerm>
</CondStmnt>
</StmntSeq>
</HierarchyLvl>
<HierarchyLvl HierarchyLvlId="1148" HierarchyLvlTypeId="12" Intrnl_Id="1249" Name="checkPiece">
<Header>
<Loc EndOffset="9165" SrcFileId="5" StartOffset="9093"/>
</Header>
<LocList>
<Loc EndOffset="9546" SrcFileId="5" StartOffset="9093"/>
</LocList>
<StmntSeq Intrnl_Id="1250">
<LocList>
<Loc EndOffset="9298" SrcFileId="5" StartOffset="9177"/>
<Loc EndOffset="9539" SrcFileId="5" StartOffset="9310"/>
</LocList>
<BasicStmnt CovItemId="S118" CovItemPrefix="com.OriginalFiles.Board.java" Intrnl_Id="1251">
<LocList>
<Loc EndOffset="9298" SrcFileId="5" StartOffset="9177"/>
</LocList>
</BasicStmnt>
<CondStmnt CovItemId="S119" CovItemPrefix="com.OriginalFiles.Board.java" Intrnl_Id="1252">
<Branch CovItemId="B43" CovItemPrefix="com.OriginalFiles.Board.java" Implct="false" Intrnl_Id="1253">
<Cond/>
<LocList>
<Loc EndOffset="9415" SrcFileId="5" StartOffset="9347"/>
</LocList>
<StmntSeq Intrnl_Id="1254">
<LocList>
<Loc EndOffset="9404" SrcFileId="5" StartOffset="9362"/>
</LocList>
<BasicStmnt CovItemId="S120" CovItemPrefix="com.OriginalFiles.Board.java" Intrnl_Id="1255">
<LocList>
<Loc EndOffset="9404" SrcFileId="5" StartOffset="9362"/>
</LocList>
</BasicStmnt>
</StmntSeq>
</Branch>
<Branch CovItemId="B44" CovItemPrefix="com.OriginalFiles.Board.java" Implct="false" Intrnl_Id="1256">
<Cond>
<Loc EndOffset="9420" SrcFileId="5" StartOffset="9416"/>
</Cond>
<LocList>
<Loc EndOffset="9539" SrcFileId="5" StartOffset="9421"/>
</LocList>
<StmntSeq Intrnl_Id="1257">
<LocList>
<Loc EndOffset="9528" SrcFileId="5" StartOffset="9436"/>
</LocList>
<BasicStmnt CovItemId="S121" CovItemPrefix="com.OriginalFiles.Board.java" Intrnl_Id="1258">
<LocList>
<Loc EndOffset="9528" SrcFileId="5" StartOffset="9436"/>
</LocList>
</BasicStmnt>
</StmntSeq>
</Branch>
<Keyword EndOffset="9312" SrcFileId="5" StartOffset="9310"/>
<LocList>
<Loc EndOffset="9539" SrcFileId="5" StartOffset="9310"/>
</LocList>
<RootTerm CovItemId="C32" CovItemPrefix="com.OriginalFiles.Board.java" Intrnl_Id="1259">
<BasicBoolTerm Intrnl_Id="1260">
<LocList>
<Loc EndOffset="9345" SrcFileId="5" StartOffset="9314"/>
</LocList>
</BasicBoolTerm>
</RootTerm>
</CondStmnt>
</StmntSeq>
</HierarchyLvl>
<HierarchyLvl HierarchyLvlId="1149" HierarchyLvlTypeId="12" Intrnl_Id="1261" Name="checkMoveableBoolean">
<Header>
<Loc EndOffset="9629" SrcFileId="5" StartOffset="9571"/>
</Header>
<LocList>
<Loc EndOffset="9692" SrcFileId="5" StartOffset="9571"/>
</LocList>
<StmntSeq Intrnl_Id="1262">
<LocList>
<Loc EndOffset="9685" SrcFileId="5" StartOffset="9641"/>
</LocList>
<BasicStmnt CovItemId="S122" CovItemPrefix="com.OriginalFiles.Board.java" Intrnl_Id="1263">
<LocList>
<Loc EndOffset="9685" SrcFileId="5" StartOffset="9641"/>
</LocList>
</BasicStmnt>
</StmntSeq>
</HierarchyLvl>
<HierarchyLvl HierarchyLvlId="1150" HierarchyLvlTypeId="12" Intrnl_Id="1264" Name="checkMoveable">
<Header>
<Loc EndOffset="9802" SrcFileId="5" StartOffset="9742"/>
</Header>
<LocList>
<Loc EndOffset="10632" SrcFileId="5" StartOffset="9742"/>
</LocList>
<StmntSeq Intrnl_Id="1265">
<LocList>
<Loc EndOffset="9865" SrcFileId="5" StartOffset="9814"/>
<Loc EndOffset="10036" SrcFileId="5" StartOffset="9902"/>
<Loc EndOffset="10180" SrcFileId="5" StartOffset="10046"/>
<Loc EndOffset="10594" SrcFileId="5" StartOffset="10231"/>
<Loc EndOffset="10625" SrcFileId="5" StartOffset="10604"/>
</LocList>
<BasicStmnt CovItemId="S123" CovItemPrefix="com.OriginalFiles.Board.java" Intrnl_Id="1266">
<LocList>
<Loc EndOffset="9865" SrcFileId="5" StartOffset="9814"/>
</LocList>
</BasicStmnt>
<CondStmnt CovItemId="S124" CovItemPrefix="com.OriginalFiles.Board.java" Intrnl_Id="1267">
<Branch CovItemId="B45" CovItemPrefix="com.OriginalFiles.Board.java" Implct="false" Intrnl_Id="1268">
<Cond/>
<LocList>
<Loc EndOffset="10036" SrcFileId="5" StartOffset="9955"/>
</LocList>
<StmntSeq Intrnl_Id="1269">
<LocList>
<Loc EndOffset="10025" SrcFileId="5" StartOffset="9970"/>
</LocList>
<BasicStmnt CovItemId="S125" CovItemPrefix="com.OriginalFiles.Board.java" Intrnl_Id="1270">
<LocList>
<Loc EndOffset="10025" SrcFileId="5" StartOffset="9970"/>
</LocList>
</BasicStmnt>
</StmntSeq>
</Branch>
<Branch CovItemId="B46" CovItemPrefix="com.OriginalFiles.Board.java" Implct="true" Intrnl_Id="1271">
<Cond/>
<LocList/>
<StmntSeq Intrnl_Id="1272">
<LocList/>
</StmntSeq>
</Branch>
<Keyword EndOffset="9904" SrcFileId="5" StartOffset="9902"/>
<LocList>
<Loc EndOffset="10036" SrcFileId="5" StartOffset="9902"/>
</LocList>
<RootTerm CovItemId="C33" CovItemPrefix="com.OriginalFiles.Board.java" Intrnl_Id="1273">
<OpTerm BooleanOpId="7" Intrnl_Id="1274">
<BasicBoolTerm Intrnl_Id="1275">
<LocList>
<Loc EndOffset="9953" SrcFileId="5" StartOffset="9907"/>
</LocList>
</BasicBoolTerm>
<LocList>
<Loc EndOffset="9907" SrcFileId="5" StartOffset="9906"/>
</LocList>
</OpTerm>
</RootTerm>
</CondStmnt>
<CondStmnt CovItemId="S126" CovItemPrefix="com.OriginalFiles.Board.java" Intrnl_Id="1276">
<Branch CovItemId="B47" CovItemPrefix="com.OriginalFiles.Board.java" Implct="false" Intrnl_Id="1277">
<Cond/>
<LocList>
<Loc EndOffset="10180" SrcFileId="5" StartOffset="10099"/>
</LocList>
<StmntSeq Intrnl_Id="1278">
<LocList>
<Loc EndOffset="10169" SrcFileId="5" StartOffset="10114"/>
</LocList>
<BasicStmnt CovItemId="S127" CovItemPrefix="com.OriginalFiles.Board.java" Intrnl_Id="1279">
<LocList>
<Loc EndOffset="10169" SrcFileId="5" StartOffset="10114"/>
</LocList>
</BasicStmnt>
</StmntSeq>
</Branch>
<Branch CovItemId="B48" CovItemPrefix="com.OriginalFiles.Board.java" Implct="true" Intrnl_Id="1280">
<Cond/>
<LocList/>
<StmntSeq Intrnl_Id="1281">
<LocList/>
</StmntSeq>
</Branch>
<Keyword EndOffset="10048" SrcFileId="5" StartOffset="10046"/>
<LocList>
<Loc EndOffset="10180" SrcFileId="5" StartOffset="10046"/>
</LocList>
<RootTerm CovItemId="C34" CovItemPrefix="com.OriginalFiles.Board.java" Intrnl_Id="1282">
<OpTerm BooleanOpId="7" Intrnl_Id="1283">
<BasicBoolTerm Intrnl_Id="1284">
<LocList>
<Loc EndOffset="10097" SrcFileId="5" StartOffset="10051"/>
</LocList>
</BasicBoolTerm>
<LocList>
<Loc EndOffset="10051" SrcFileId="5" StartOffset="10050"/>
</LocList>
</OpTerm>
</RootTerm>
</CondStmnt>
<CondStmnt CovItemId="S128" CovItemPrefix="com.OriginalFiles.Board.java" Intrnl_Id="1285">
<Branch CovItemId="B49" CovItemPrefix="com.OriginalFiles.Board.java" Implct="false" Intrnl_Id="1286">
<Cond/>
<LocList>
<Loc EndOffset="10594" SrcFileId="5" StartOffset="10270"/>
</LocList>
<StmntSeq Intrnl_Id="1287">
<LocList>
<Loc EndOffset="10427" SrcFileId="5" StartOffset="10285"/>
<Loc EndOffset="10583" SrcFileId="5" StartOffset="10441"/>
</LocList>
<CondStmnt CovItemId="S129" CovItemPrefix="com.OriginalFiles.Board.java" Intrnl_Id="1288">
<Branch CovItemId="B51" CovItemPrefix="com.OriginalFiles.Board.java" Implct="false" Intrnl_Id="1289">
<Cond/>
<LocList>
<Loc EndOffset="10427" SrcFileId="5" StartOffset="10338"/>
</LocList>
<StmntSeq Intrnl_Id="1290">
<LocList>
<Loc EndOffset="10412" SrcFileId="5" StartOffset="10357"/>
</LocList>
<BasicStmnt CovItemId="S130" CovItemPrefix="com.OriginalFiles.Board.java" Intrnl_Id="1291">
<LocList>
<Loc EndOffset="10412" SrcFileId="5" StartOffset="10357"/>
</LocList>
</BasicStmnt>
</StmntSeq>
</Branch>
<Branch CovItemId="B52" CovItemPrefix="com.OriginalFiles.Board.java" Implct="true" Intrnl_Id="1292">
<Cond/>
<LocList/>
<StmntSeq Intrnl_Id="1293">
<LocList/>
</StmntSeq>
</Branch>
<Keyword EndOffset="10287" SrcFileId="5" StartOffset="10285"/>
<LocList>
<Loc EndOffset="10427" SrcFileId="5" StartOffset="10285"/>
</LocList>
<RootTerm CovItemId="C36" CovItemPrefix="com.OriginalFiles.Board.java" Intrnl_Id="1294">
<OpTerm BooleanOpId="7" Intrnl_Id="1295">
<BasicBoolTerm Intrnl_Id="1296">
<LocList>
<Loc EndOffset="10336" SrcFileId="5" StartOffset="10290"/>
</LocList>
</BasicBoolTerm>
<LocList>
<Loc EndOffset="10290" SrcFileId="5" StartOffset="10289"/>
</LocList>
</OpTerm>
</RootTerm>
</CondStmnt>
<CondStmnt CovItemId="S131" CovItemPrefix="com.OriginalFiles.Board.java" Intrnl_Id="1297">
<Branch CovItemId="B53" CovItemPrefix="com.OriginalFiles.Board.java" Implct="false" Intrnl_Id="1298">
<Cond/>
<LocList>
<Loc EndOffset="10583" SrcFileId="5" StartOffset="10494"/>
</LocList>
<StmntSeq Intrnl_Id="1299">
<LocList>
<Loc EndOffset="10568" SrcFileId="5" StartOffset="10513"/>
</LocList>
<BasicStmnt CovItemId="S132" CovItemPrefix="com.OriginalFiles.Board.java" Intrnl_Id="1300">
<LocList>
<Loc EndOffset="10568" SrcFileId="5" StartOffset="10513"/>
</LocList>
</BasicStmnt>
</StmntSeq>
</Branch>
<Branch CovItemId="B54" CovItemPrefix="com.OriginalFiles.Board.java" Implct="true" Intrnl_Id="1301">
<Cond/>
<LocList/>
<StmntSeq Intrnl_Id="1302">
<LocList/>
</StmntSeq>
</Branch>
<Keyword EndOffset="10443" SrcFileId="5" StartOffset="10441"/>
<LocList>
<Loc EndOffset="10583" SrcFileId="5" StartOffset="10441"/>
</LocList>
<RootTerm CovItemId="C37" CovItemPrefix="com.OriginalFiles.Board.java" Intrnl_Id="1303">
<OpTerm BooleanOpId="7" Intrnl_Id="1304">
<BasicBoolTerm Intrnl_Id="1305">
<LocList>
<Loc EndOffset="10492" SrcFileId="5" StartOffset="10446"/>
</LocList>
</BasicBoolTerm>
<LocList>
<Loc EndOffset="10446" SrcFileId="5" StartOffset="10445"/>
</LocList>
</OpTerm>
</RootTerm>
</CondStmnt>
</StmntSeq>
</Branch>
<Branch CovItemId="B50" CovItemPrefix="com.OriginalFiles.Board.java" Implct="true" Intrnl_Id="1306">
<Cond/>
<LocList/>
<StmntSeq Intrnl_Id="1307">
<LocList/>
</StmntSeq>
</Branch>
<Keyword EndOffset="10233" SrcFileId="5" StartOffset="10231"/>
<LocList>
<Loc EndOffset="10594" SrcFileId="5" StartOffset="10231"/>
</LocList>
<RootTerm CovItemId="C35" CovItemPrefix="com.OriginalFiles.Board.java" Intrnl_Id="1308">
<BasicBoolTerm Intrnl_Id="1309">
<LocList>
<Loc EndOffset="10268" SrcFileId="5" StartOffset="10235"/>
</LocList>
</BasicBoolTerm>
</RootTerm>
</CondStmnt>
<BasicStmnt CovItemId="S133" CovItemPrefix="com.OriginalFiles.Board.java" Intrnl_Id="1310">
<LocList>
<Loc EndOffset="10625" SrcFileId="5" StartOffset="10604"/>
</LocList>
</BasicStmnt>
</StmntSeq>
</HierarchyLvl>
<HierarchyLvl HierarchyLvlId="1151" HierarchyLvlTypeId="12" Intrnl_Id="1311" Name="checkJump">
<Header>
<Loc EndOffset="10804" SrcFileId="5" StartOffset="10708"/>
</Header>
<LocList>
<Loc EndOffset="11268" SrcFileId="5" StartOffset="10708"/>
</LocList>
<StmntSeq Intrnl_Id="1312">
<LocList>
<Loc EndOffset="11261" SrcFileId="5" StartOffset="10816"/>
</LocList>
<BasicStmnt CovItemId="S134" CovItemPrefix="com.OriginalFiles.Board.java" Intrnl_Id="1313">
<LocList>
<Loc EndOffset="11261" SrcFileId="5" StartOffset="10816"/>
</LocList>
</BasicStmnt>
</StmntSeq>
</HierarchyLvl>
<HierarchyLvl HierarchyLvlId="1152" HierarchyLvlTypeId="12" Intrnl_Id="1314" Name="checkJumpDirection">
<Header>
<Loc EndOffset="11474" SrcFileId="5" StartOffset="11346"/>
</Header>
<LocList>
<Loc EndOffset="12162" SrcFileId="5" StartOffset="11346"/>
</LocList>
<StmntSeq Intrnl_Id="1315">
<LocList>
<Loc EndOffset="11631" SrcFileId="5" StartOffset="11486"/>
<Loc EndOffset="12133" SrcFileId="5" StartOffset="11643"/>
<Loc EndOffset="12155" SrcFileId="5" StartOffset="12143"/>
</LocList>
<CondStmnt CovItemId="S135" CovItemPrefix="com.OriginalFiles.Board.java" Intrnl_Id="1316">
<Branch CovItemId="B55" CovItemPrefix="com.OriginalFiles.Board.java" Implct="false" Intrnl_Id="1317">
<Cond/>
<LocList>
<Loc EndOffset="11631" SrcFileId="5" StartOffset="11593"/>
</LocList>
<StmntSeq Intrnl_Id="1318">
<LocList>
<Loc EndOffset="11620" SrcFileId="5" StartOffset="11608"/>
</LocList>
<BasicStmnt CovItemId="S136" CovItemPrefix="com.OriginalFiles.Board.java" Intrnl_Id="1319">
<LocList>
<Loc EndOffset="11620" SrcFileId="5" StartOffset="11608"/>
</LocList>
</BasicStmnt>
</StmntSeq>
</Branch>
<Branch CovItemId="B56" CovItemPrefix="com.OriginalFiles.Board.java" Implct="true" Intrnl_Id="1320">
<Cond/>
<LocList/>
<StmntSeq Intrnl_Id="1321">
<LocList/>
</StmntSeq>
</Branch>
<Keyword EndOffset="11488" SrcFileId="5" StartOffset="11486"/>
<LocList>
<Loc EndOffset="11631" SrcFileId="5" StartOffset="11486"/>
</LocList>
<RootTerm CovItemId="C38" CovItemPrefix="com.OriginalFiles.Board.java" Intrnl_Id="1322">
<OpTerm BooleanOpId="8" Intrnl_Id="1323">
<OpTerm BooleanOpId="9" Intrnl_Id="1324">
<OpTerm BooleanOpId="8" Intrnl_Id="1325">
<BasicBoolTerm Intrnl_Id="1326">
<LocList>
<Loc EndOffset="11508" SrcFileId="5" StartOffset="11492"/>
</LocList>
</BasicBoolTerm>
<BasicBoolTerm Intrnl_Id="1327">
<LocList>
<Loc EndOffset="11522" SrcFileId="5" StartOffset="11512"/>
</LocList>
</BasicBoolTerm>
<LocList>
<Loc EndOffset="11511" SrcFileId="5" StartOffset="11509"/>
</LocList>
</OpTerm>
<OpTerm BooleanOpId="8" Intrnl_Id="1328">
<OpTerm BooleanOpId="7" Intrnl_Id="1329">
<BasicBoolTerm Intrnl_Id="1330">
<LocList>
<Loc EndOffset="11562" SrcFileId="5" StartOffset="11546"/>
</LocList>
</BasicBoolTerm>
<LocList>
<Loc EndOffset="11546" SrcFileId="5" StartOffset="11545"/>
</LocList>
</OpTerm>
<BasicBoolTerm Intrnl_Id="1331">
<LocList>
<Loc EndOffset="11575" SrcFileId="5" StartOffset="11566"/>
</LocList>
</BasicBoolTerm>
<LocList>
<Loc EndOffset="11565" SrcFileId="5" StartOffset="11563"/>
</LocList>
</OpTerm>
<LocList>
<Loc EndOffset="11543" SrcFileId="5" StartOffset="11541"/>
</LocList>
</OpTerm>
<OpTerm BooleanOpId="7" Intrnl_Id="1332">
<BasicBoolTerm Intrnl_Id="1333">
<LocList>
<Loc EndOffset="11591" SrcFileId="5" StartOffset="11582"/>
</LocList>
</BasicBoolTerm>
<LocList>
<Loc EndOffset="11582" SrcFileId="5" StartOffset="11581"/>
</LocList>
</OpTerm>
<LocList>
<Loc EndOffset="11580" SrcFileId="5" StartOffset="11578"/>
</LocList>
</OpTerm>
</RootTerm>
</CondStmnt>
<CondStmnt CovItemId="S137" CovItemPrefix="com.OriginalFiles.Board.java" Intrnl_Id="1334">
<Branch CovItemId="B57" CovItemPrefix="com.OriginalFiles.Board.java" Implct="false" Intrnl_Id="1335">
<Cond/>
<LocList>
<Loc EndOffset="12133" SrcFileId="5" StartOffset="11700"/>
</LocList>
<StmntSeq Intrnl_Id="1336">
<LocList>
<Loc EndOffset="12122" SrcFileId="5" StartOffset="11715"/>
</LocList>
<CondStmnt CovItemId="S138" CovItemPrefix="com.OriginalFiles.Board.java" Intrnl_Id="1337">
<Branch CovItemId="B59" CovItemPrefix="com.OriginalFiles.Board.java" Implct="false" Intrnl_Id="1338">
<Cond/>
<LocList>
<Loc EndOffset="12122" SrcFileId="5" StartOffset="11777"/>
</LocList>
<StmntSeq Intrnl_Id="1339">
<LocList>
<Loc EndOffset="12107" SrcFileId="5" StartOffset="11796"/>
</LocList>
<CondStmnt CovItemId="S139" CovItemPrefix="com.OriginalFiles.Board.java" Intrnl_Id="1340">
<Branch CovItemId="B61" CovItemPrefix="com.OriginalFiles.Board.java" Implct="false" Intrnl_Id="1341">
<Cond/>
<LocList>
<Loc EndOffset="12107" SrcFileId="5" StartOffset="12010"/>
</LocList>
<StmntSeq Intrnl_Id="1342">
<LocList>
<Loc EndOffset="12088" SrcFileId="5" StartOffset="12033"/>
</LocList>
<BasicStmnt CovItemId="S140" CovItemPrefix="com.OriginalFiles.Board.java" Intrnl_Id="1343">
<LocList>
<Loc EndOffset="12088" SrcFileId="5" StartOffset="12033"/>
</LocList>
</BasicStmnt>
</StmntSeq>
</Branch>
<Branch CovItemId="B62" CovItemPrefix="com.OriginalFiles.Board.java" Implct="true" Intrnl_Id="1344">
<Cond/>
<LocList/>
<StmntSeq Intrnl_Id="1345">
<LocList/>
</StmntSeq>
</Branch>
<Keyword EndOffset="11798" SrcFileId="5" StartOffset="11796"/>
<LocList>
<Loc EndOffset="12107" SrcFileId="5" StartOffset="11796"/>
</LocList>
<RootTerm CovItemId="C41" CovItemPrefix="com.OriginalFiles.Board.java" Intrnl_Id="1346">
<OpTerm BooleanOpId="8" Intrnl_Id="1347">
<BasicBoolTerm Intrnl_Id="1348">
<LocList>
<Loc EndOffset="11898" SrcFileId="5" StartOffset="11800"/>
</LocList>
</BasicBoolTerm>
<OpTerm BooleanOpId="7" Intrnl_Id="1349">
<BasicBoolTerm Intrnl_Id="1350">
<LocList>
<Loc EndOffset="12008" SrcFileId="5" StartOffset="11926"/>
</LocList>
</BasicBoolTerm>
<LocList>
<Loc EndOffset="11926" SrcFileId="5" StartOffset="11925"/>
</LocList>
</OpTerm>
<LocList>
<Loc EndOffset="11924" SrcFileId="5" StartOffset="11922"/>
</LocList>
</OpTerm>
</RootTerm>
</CondStmnt>
</StmntSeq>
</Branch>
<Branch CovItemId="B60" CovItemPrefix="com.OriginalFiles.Board.java" Implct="true" Intrnl_Id="1351">
<Cond/>
<LocList/>
<StmntSeq Intrnl_Id="1352">
<LocList/>
</StmntSeq>
</Branch>
<Keyword EndOffset="11717" SrcFileId="5" StartOffset="11715"/>
<LocList>
<Loc EndOffset="12122" SrcFileId="5" StartOffset="11715"/>
</LocList>
<RootTerm CovItemId="C40" CovItemPrefix="com.OriginalFiles.Board.java" Intrnl_Id="1353">
<OpTerm BooleanOpId="7" Intrnl_Id="1354">
<BasicBoolTerm Intrnl_Id="1355">
<LocList>
<Loc EndOffset="11775" SrcFileId="5" StartOffset="11720"/>
</LocList>
</BasicBoolTerm>
<LocList>
<Loc EndOffset="11720" SrcFileId="5" StartOffset="11719"/>
</LocList>
</OpTerm>
</RootTerm>
</CondStmnt>
</StmntSeq>
</Branch>
<Branch CovItemId="B58" CovItemPrefix="com.OriginalFiles.Board.java" Implct="true" Intrnl_Id="1356">
<Cond/>
<LocList/>
<StmntSeq Intrnl_Id="1357">
<LocList/>
</StmntSeq>
</Branch>
<Keyword EndOffset="11645" SrcFileId="5" StartOffset="11643"/>
<LocList>
<Loc EndOffset="12133" SrcFileId="5" StartOffset="11643"/>
</LocList>
<RootTerm CovItemId="C39" CovItemPrefix="com.OriginalFiles.Board.java" Intrnl_Id="1358">
<BasicBoolTerm Intrnl_Id="1359">
<LocList>
<Loc EndOffset="11698" SrcFileId="5" StartOffset="11647"/>
</LocList>
</BasicBoolTerm>
</RootTerm>
</CondStmnt>
<BasicStmnt CovItemId="S141" CovItemPrefix="com.OriginalFiles.Board.java" Intrnl_Id="1360">
<LocList>
<Loc EndOffset="12155" SrcFileId="5" StartOffset="12143"/>
</LocList>
</BasicStmnt>
</StmntSeq>
</HierarchyLvl>
<HierarchyLvl HierarchyLvlId="1153" HierarchyLvlTypeId="12" Intrnl_Id="1361" Name="checkJumpDirectionBoolean">
<Header>
<Loc EndOffset="12319" SrcFileId="5" StartOffset="12187"/>
</Header>
<LocList>
<Loc EndOffset="12440" SrcFileId="5" StartOffset="12187"/>
</LocList>
<StmntSeq Intrnl_Id="1362">
<LocList>
<Loc EndOffset="12433" SrcFileId="5" StartOffset="12331"/>
</LocList>
<BasicStmnt CovItemId="S142" CovItemPrefix="com.OriginalFiles.Board.java" Intrnl_Id="1363">
<LocList>
<Loc EndOffset="12433" SrcFileId="5" StartOffset="12331"/>
</LocList>
</BasicStmnt>
</StmntSeq>
</HierarchyLvl>
<HierarchyLvl HierarchyLvlId="1154" HierarchyLvlTypeId="12" Intrnl_Id="1364" Name="updateMoveables">
<Header>
<Loc EndOffset="12533" SrcFileId="5" StartOffset="12498"/>
</Header>
<LocList>
<Loc EndOffset="13180" SrcFileId="5" StartOffset="12498"/>
</LocList>
<StmntSeq Intrnl_Id="1365">
<LocList>
<Loc EndOffset="12560" SrcFileId="5" StartOffset="12545"/>
<Loc EndOffset="13148" SrcFileId="5" StartOffset="12570"/>
<Loc EndOffset="13173" SrcFileId="5" StartOffset="13158"/>
</LocList>
<BasicStmnt CovItemId="S143" CovItemPrefix="com.OriginalFiles.Board.java" Intrnl_Id="1366">
<LocList>
<Loc EndOffset="12560" SrcFileId="5" StartOffset="12545"/>
</LocList>
</BasicStmnt>
<LoopStmnt CovItemId="S144" CovItemPrefix="com.OriginalFiles.Board.java" Intrnl_Id="1367" MltplExecId="L13-2" MltplExecPrefix="com.OriginalFiles.Board.java" NvrExecId="L13-0" NvrExecPrefix="com.OriginalFiles.Board.java" OnceExecutedId="L13-1" OnceExecutedPrefix="com.OriginalFiles.Board.java" OptBodyExec="true">
<StmntSeq Intrnl_Id="1368">
<LocList>
<Loc EndOffset="13137" SrcFileId="5" StartOffset="12611"/>
</LocList>
<LoopStmnt CovItemId="S145" CovItemPrefix="com.OriginalFiles.Board.java" Intrnl_Id="1369" MltplExecId="L14-2" MltplExecPrefix="com.OriginalFiles.Board.java" NvrExecId="L14-0" NvrExecPrefix="com.OriginalFiles.Board.java" OnceExecutedId="L14-1" OnceExecutedPrefix="com.OriginalFiles.Board.java" OptBodyExec="true">
<StmntSeq Intrnl_Id="1370">
<LocList>
<Loc EndOffset="13122" SrcFileId="5" StartOffset="12652"/>
</LocList>
<CondStmnt CovItemId="S146" CovItemPrefix="com.OriginalFiles.Board.java" Intrnl_Id="1371">
<Branch CovItemId="B63" CovItemPrefix="com.OriginalFiles.Board.java" Implct="false" Intrnl_Id="1372">
<Cond/>
<LocList>
<Loc EndOffset="13122" SrcFileId="5" StartOffset="12676"/>
</LocList>
<StmntSeq Intrnl_Id="1373">
<LocList>
<Loc EndOffset="13103" SrcFileId="5" StartOffset="12699"/>
</LocList>
<CondStmnt CovItemId="S147" CovItemPrefix="com.OriginalFiles.Board.java" Intrnl_Id="1374">
<Branch CovItemId="B65" CovItemPrefix="com.OriginalFiles.Board.java" Implct="false" Intrnl_Id="1375">
<Cond/>
<LocList>
<Loc EndOffset="13103" SrcFileId="5" StartOffset="12736"/>
</LocList>
<StmntSeq Intrnl_Id="1376">
<LocList>
<Loc EndOffset="13080" SrcFileId="5" StartOffset="12814"/>
</LocList>
<CondStmnt CovItemId="S148" CovItemPrefix="com.OriginalFiles.Board.java" Intrnl_Id="1377">
<Branch CovItemId="B67" CovItemPrefix="com.OriginalFiles.Board.java" Implct="false" Intrnl_Id="1378">
<Cond/>
<LocList>
<Loc EndOffset="12987" SrcFileId="5" StartOffset="12849"/>
</LocList>
<StmntSeq Intrnl_Id="1379">
<LocList>
<Loc EndOffset="12907" SrcFileId="5" StartOffset="12880"/>
</LocList>
<BasicStmnt CovItemId="S149" CovItemPrefix="com.OriginalFiles.Board.java" Intrnl_Id="1380">
<LocList>
<Loc EndOffset="12907" SrcFileId="5" StartOffset="12880"/>
</LocList>
</BasicStmnt>
</StmntSeq>
</Branch>
<Branch CovItemId="B68" CovItemPrefix="com.OriginalFiles.Board.java" Implct="false" Intrnl_Id="1381">
<Cond>
<Loc EndOffset="12992" SrcFileId="5" StartOffset="12988"/>
</Cond>
<LocList>
<Loc EndOffset="13080" SrcFileId="5" StartOffset="12993"/>
</LocList>
<StmntSeq Intrnl_Id="1382">
<LocList>
<Loc EndOffset="13053" SrcFileId="5" StartOffset="13024"/>
</LocList>
<BasicStmnt CovItemId="S150" CovItemPrefix="com.OriginalFiles.Board.java" Intrnl_Id="1383">
<LocList>
<Loc EndOffset="13053" SrcFileId="5" StartOffset="13024"/>
</LocList>
</BasicStmnt>
</StmntSeq>
</Branch>
<Keyword EndOffset="12816" SrcFileId="5" StartOffset="12814"/>
<LocList>
<Loc EndOffset="13080" SrcFileId="5" StartOffset="12814"/>
</LocList>
<RootTerm CovItemId="C44" CovItemPrefix="com.OriginalFiles.Board.java" Intrnl_Id="1384">
<BasicBoolTerm Intrnl_Id="1385">
<LocList>
<Loc EndOffset="12847" SrcFileId="5" StartOffset="12818"/>
</LocList>
</BasicBoolTerm>
</RootTerm>
</CondStmnt>
</StmntSeq>
</Branch>
<Branch CovItemId="B66" CovItemPrefix="com.OriginalFiles.Board.java" Implct="true" Intrnl_Id="1386">
<Cond/>
<LocList/>
<StmntSeq Intrnl_Id="1387">
<LocList/>
</StmntSeq>
</Branch>
<Keyword EndOffset="12701" SrcFileId="5" StartOffset="12699"/>
<LocList>
<Loc EndOffset="13103" SrcFileId="5" StartOffset="12699"/>
</LocList>
<RootTerm CovItemId="C43" CovItemPrefix="com.OriginalFiles.Board.java" Intrnl_Id="1388">
<BasicBoolTerm Intrnl_Id="1389">
<LocList>
<Loc EndOffset="12734" SrcFileId="5" StartOffset="12703"/>
</LocList>
</BasicBoolTerm>
</RootTerm>
</CondStmnt>
</StmntSeq>
</Branch>
<Branch CovItemId="B64" CovItemPrefix="com.OriginalFiles.Board.java" Implct="true" Intrnl_Id="1390">
<Cond/>
<LocList/>
<StmntSeq Intrnl_Id="1391">
<LocList/>
</StmntSeq>
</Branch>
<Keyword EndOffset="12654" SrcFileId="5" StartOffset="12652"/>
<LocList>
<Loc EndOffset="13122" SrcFileId="5" StartOffset="12652"/>
</LocList>
<RootTerm CovItemId="C42" CovItemPrefix="com.OriginalFiles.Board.java" Intrnl_Id="1392">
<BasicBoolTerm Intrnl_Id="1393">
<LocList>
<Loc EndOffset="12674" SrcFileId="5" StartOffset="12656"/>
</LocList>
</BasicBoolTerm>
</RootTerm>
</CondStmnt>
</StmntSeq>
<Keyword EndOffset="12614" SrcFileId="5" StartOffset="12611"/>
<LocList>
<Loc EndOffset="13137" SrcFileId="5" StartOffset="12611"/>
</LocList>
</LoopStmnt>
</StmntSeq>
<Keyword EndOffset="12573" SrcFileId="5" StartOffset="12570"/>
<LocList>
<Loc EndOffset="13148" SrcFileId="5" StartOffset="12570"/>
</LocList>
</LoopStmnt>
<BasicStmnt CovItemId="S151" CovItemPrefix="com.OriginalFiles.Board.java" Intrnl_Id="1394">
<LocList>
<Loc EndOffset="13173" SrcFileId="5" StartOffset="13158"/>
</LocList>
</BasicStmnt>
</StmntSeq>
</HierarchyLvl>
<HierarchyLvl HierarchyLvlId="1155" HierarchyLvlTypeId="12" Intrnl_Id="1395" Name="findOpponentColors">
<Header>
<Loc EndOffset="13272" SrcFileId="5" StartOffset="13239"/>
</Header>
<LocList>
<Loc EndOffset="13506" SrcFileId="5" StartOffset="13239"/>
</LocList>
<StmntSeq Intrnl_Id="1396">
<LocList>
<Loc EndOffset="13499" SrcFileId="5" StartOffset="13284"/>
</LocList>
<CondStmnt CovItemId="S152" CovItemPrefix="com.OriginalFiles.Board.java" Intrnl_Id="1397">
<Branch CovItemId="B69" CovItemPrefix="com.OriginalFiles.Board.java" Implct="false" Intrnl_Id="1398">
<Cond/>
<LocList>
<Loc EndOffset="13402" SrcFileId="5" StartOffset="13311"/>
</LocList>
<StmntSeq Intrnl_Id="1399">
<LocList>
<Loc EndOffset="13353" SrcFileId="5" StartOffset="13326"/>
<Loc EndOffset="13391" SrcFileId="5" StartOffset="13367"/>
</LocList>
<BasicStmnt CovItemId="S153" CovItemPrefix="com.OriginalFiles.Board.java" Intrnl_Id="1400">
<LocList>
<Loc EndOffset="13353" SrcFileId="5" StartOffset="13326"/>
</LocList>
</BasicStmnt>
<BasicStmnt CovItemId="S154" CovItemPrefix="com.OriginalFiles.Board.java" Intrnl_Id="1401">
<LocList>
<Loc EndOffset="13391" SrcFileId="5" StartOffset="13367"/>
</LocList>
</BasicStmnt>
</StmntSeq>
</Branch>
<Branch CovItemId="B70" CovItemPrefix="com.OriginalFiles.Board.java" Implct="false" Intrnl_Id="1402">
<Cond>
<Loc EndOffset="13407" SrcFileId="5" StartOffset="13403"/>
</Cond>
<LocList>
<Loc EndOffset="13499" SrcFileId="5" StartOffset="13408"/>
</LocList>
<StmntSeq Intrnl_Id="1403">
<LocList>
<Loc EndOffset="13450" SrcFileId="5" StartOffset="13423"/>
<Loc EndOffset="13488" SrcFileId="5" StartOffset="13464"/>
</LocList>
<BasicStmnt CovItemId="S155" CovItemPrefix="com.OriginalFiles.Board.java" Intrnl_Id="1404">
<LocList>
<Loc EndOffset="13450" SrcFileId="5" StartOffset="13423"/>
</LocList>
</BasicStmnt>
<BasicStmnt CovItemId="S156" CovItemPrefix="com.OriginalFiles.Board.java" Intrnl_Id="1405">
<LocList>
<Loc EndOffset="13488" SrcFileId="5" StartOffset="13464"/>
</LocList>
</BasicStmnt>
</StmntSeq>
</Branch>
<Keyword EndOffset="13286" SrcFileId="5" StartOffset="13284"/>
<LocList>
<Loc EndOffset="13499" SrcFileId="5" StartOffset="13284"/>
</LocList>
<RootTerm CovItemId="C45" CovItemPrefix="com.OriginalFiles.Board.java" Intrnl_Id="1406">
<BasicBoolTerm Intrnl_Id="1407">
<LocList>
<Loc EndOffset="13309" SrcFileId="5" StartOffset="13288"/>
</LocList>
</BasicBoolTerm>
</RootTerm>
</CondStmnt>
</StmntSeq>
</HierarchyLvl>
<HierarchyLvl HierarchyLvlId="1156" HierarchyLvlTypeId="12" Intrnl_Id="1408" Name="findMissingPiece">
<Header>
<Loc EndOffset="13653" SrcFileId="5" StartOffset="13563"/>
</Header>
<LocList>
<Loc EndOffset="14407" SrcFileId="5" StartOffset="13563"/>
</LocList>
<StmntSeq Intrnl_Id="1409">
<LocList>
<Loc EndOffset="13707" SrcFileId="5" StartOffset="13684"/>
<Loc EndOffset="14365" SrcFileId="5" StartOffset="13719"/>
<Loc EndOffset="14400" SrcFileId="5" StartOffset="14377"/>
</LocList>
<BasicStmnt CovItemId="S157" CovItemPrefix="com.OriginalFiles.Board.java" Intrnl_Id="1410">
<LocList>
<Loc EndOffset="13707" SrcFileId="5" StartOffset="13684"/>
</LocList>
</BasicStmnt>
<LoopStmnt CovItemId="S158" CovItemPrefix="com.OriginalFiles.Board.java" Intrnl_Id="1411" MltplExecId="L15-2" MltplExecPrefix="com.OriginalFiles.Board.java" NvrExecId="L15-0" NvrExecPrefix="com.OriginalFiles.Board.java" OnceExecutedId="L15-1" OnceExecutedPrefix="com.OriginalFiles.Board.java" OptBodyExec="true">
<StmntSeq Intrnl_Id="1412">
<LocList>
<Loc EndOffset="14354" SrcFileId="5" StartOffset="13831"/>
</LocList>
<CondStmnt CovItemId="S159" CovItemPrefix="com.OriginalFiles.Board.java" Intrnl_Id="1413">
<Branch CovItemId="B71" CovItemPrefix="com.OriginalFiles.Board.java" Implct="false" Intrnl_Id="1414">
<Cond/>
<LocList>
<Loc EndOffset="14096" SrcFileId="5" StartOffset="13844"/>
</LocList>
<StmntSeq Intrnl_Id="1415">
<LocList>
<Loc EndOffset="14047" SrcFileId="5" StartOffset="13863"/>
<Loc EndOffset="14081" SrcFileId="5" StartOffset="14065"/>
</LocList>
<LoopStmnt CovItemId="S160" CovItemPrefix="com.OriginalFiles.Board.java" Intrnl_Id="1416" MltplExecId="L16-2" MltplExecPrefix="com.OriginalFiles.Board.java" NvrExecId="L16-0" NvrExecPrefix="com.OriginalFiles.Board.java" OnceExecutedId="L16-1" OnceExecutedPrefix="com.OriginalFiles.Board.java" OptBodyExec="true">
<StmntSeq Intrnl_Id="1417">
<LocList>
<Loc EndOffset="14028" SrcFileId="5" StartOffset="13910"/>
</LocList>
<CondStmnt CovItemId="S161" CovItemPrefix="com.OriginalFiles.Board.java" Intrnl_Id="1418">
<Branch CovItemId="B73" CovItemPrefix="com.OriginalFiles.Board.java" Implct="false" Intrnl_Id="1419">
<Cond/>
<LocList>
<Loc EndOffset="14028" SrcFileId="5" StartOffset="13932"/>
</LocList>
<StmntSeq Intrnl_Id="1420">
<LocList>
<Loc EndOffset="14005" SrcFileId="5" StartOffset="13959"/>
</LocList>
<BasicStmnt CovItemId="S162" CovItemPrefix="com.OriginalFiles.Board.java" Intrnl_Id="1421">
<LocList>
<Loc EndOffset="14005" SrcFileId="5" StartOffset="13959"/>
</LocList>
</BasicStmnt>
</StmntSeq>
</Branch>
<Branch CovItemId="B74" CovItemPrefix="com.OriginalFiles.Board.java" Implct="true" Intrnl_Id="1422">
<Cond/>
<LocList/>
<StmntSeq Intrnl_Id="1423">
<LocList/>
</StmntSeq>
</Branch>
<Keyword EndOffset="13912" SrcFileId="5" StartOffset="13910"/>
<LocList>
<Loc EndOffset="14028" SrcFileId="5" StartOffset="13910"/>
</LocList>
<RootTerm CovItemId="C49" CovItemPrefix="com.OriginalFiles.Board.java" Intrnl_Id="1424">
<BasicBoolTerm Intrnl_Id="1425">
<LocList>
<Loc EndOffset="13930" SrcFileId="5" StartOffset="13914"/>
</LocList>
</BasicBoolTerm>
</RootTerm>
</CondStmnt>
</StmntSeq>
<Keyword EndOffset="13866" SrcFileId="5" StartOffset="13863"/>
<LocList>
<Loc EndOffset="14047" SrcFileId="5" StartOffset="13863"/>
</LocList>
<RootTerm CovItemId="C48" CovItemPrefix="com.OriginalFiles.Board.java" Intrnl_Id="1426">
<BasicBoolTerm Intrnl_Id="1427">
<LocList>
<Loc EndOffset="13880" SrcFileId="5" StartOffset="13875"/>
</LocList>
</BasicBoolTerm>
</RootTerm>
</LoopStmnt>
<BasicStmnt CovItemId="S163" CovItemPrefix="com.OriginalFiles.Board.java" Intrnl_Id="1428">
<LocList>
<Loc EndOffset="14081" SrcFileId="5" StartOffset="14065"/>
</LocList>
</BasicStmnt>
</StmntSeq>
</Branch>
<Branch CovItemId="B72" CovItemPrefix="com.OriginalFiles.Board.java" Implct="false" Intrnl_Id="1429">
<Cond>
<Loc EndOffset="14101" SrcFileId="5" StartOffset="14097"/>
</Cond>
<LocList>
<Loc EndOffset="14354" SrcFileId="5" StartOffset="14102"/>
</LocList>
<StmntSeq Intrnl_Id="1430">
<LocList>
<Loc EndOffset="14306" SrcFileId="5" StartOffset="14121"/>
<Loc EndOffset="14339" SrcFileId="5" StartOffset="14324"/>
</LocList>
<LoopStmnt CovItemId="S164" CovItemPrefix="com.OriginalFiles.Board.java" Intrnl_Id="1431" MltplExecId="L17-2" MltplExecPrefix="com.OriginalFiles.Board.java" NvrExecId="L17-0" NvrExecPrefix="com.OriginalFiles.Board.java" OnceExecutedId="L17-1" OnceExecutedPrefix="com.OriginalFiles.Board.java" OptBodyExec="true">
<StmntSeq Intrnl_Id="1432">
<LocList>
<Loc EndOffset="14287" SrcFileId="5" StartOffset="14169"/>
</LocList>
<CondStmnt CovItemId="S165" CovItemPrefix="com.OriginalFiles.Board.java" Intrnl_Id="1433">
<Branch CovItemId="B75" CovItemPrefix="com.OriginalFiles.Board.java" Implct="false" Intrnl_Id="1434">
<Cond/>
<LocList>
<Loc EndOffset="14287" SrcFileId="5" StartOffset="14191"/>
</LocList>
<StmntSeq Intrnl_Id="1435">
<LocList>
<Loc EndOffset="14264" SrcFileId="5" StartOffset="14218"/>
</LocList>
<BasicStmnt CovItemId="S166" CovItemPrefix="com.OriginalFiles.Board.java" Intrnl_Id="1436">
<LocList>
<Loc EndOffset="14264" SrcFileId="5" StartOffset="14218"/>
</LocList>
</BasicStmnt>
</StmntSeq>
</Branch>
<Branch CovItemId="B76" CovItemPrefix="com.OriginalFiles.Board.java" Implct="true" Intrnl_Id="1437">
<Cond/>
<LocList/>
<StmntSeq Intrnl_Id="1438">
<LocList/>
</StmntSeq>
</Branch>
<Keyword EndOffset="14171" SrcFileId="5" StartOffset="14169"/>
<LocList>
<Loc EndOffset="14287" SrcFileId="5" StartOffset="14169"/>
</LocList>
<RootTerm CovItemId="C51" CovItemPrefix="com.OriginalFiles.Board.java" Intrnl_Id="1439">
<BasicBoolTerm Intrnl_Id="1440">
<LocList>
<Loc EndOffset="14189" SrcFileId="5" StartOffset="14173"/>
</LocList>
</BasicBoolTerm>
</RootTerm>
</CondStmnt>
</StmntSeq>
<Keyword EndOffset="14124" SrcFileId="5" StartOffset="14121"/>
<LocList>
<Loc EndOffset="14306" SrcFileId="5" StartOffset="14121"/>
</LocList>
<RootTerm CovItemId="C50" CovItemPrefix="com.OriginalFiles.Board.java" Intrnl_Id="1441">
<BasicBoolTerm Intrnl_Id="1442">
<LocList>
<Loc EndOffset="14139" SrcFileId="5" StartOffset="14133"/>
</LocList>
</BasicBoolTerm>
</RootTerm>
</LoopStmnt>
<BasicStmnt CovItemId="S167" CovItemPrefix="com.OriginalFiles.Board.java" Intrnl_Id="1443">
<LocList>
<Loc EndOffset="14339" SrcFileId="5" StartOffset="14324"/>
</LocList>
</BasicStmnt>
</StmntSeq>
</Branch>
<Keyword EndOffset="13833" SrcFileId="5" StartOffset="13831"/>
<LocList>
<Loc EndOffset="14354" SrcFileId="5" StartOffset="13831"/>
</LocList>
<RootTerm CovItemId="C47" CovItemPrefix="com.OriginalFiles.Board.java" Intrnl_Id="1444">
<BasicBoolTerm Intrnl_Id="1445">
<LocList>
<Loc EndOffset="13842" SrcFileId="5" StartOffset="13835"/>
</LocList>
</BasicBoolTerm>
</RootTerm>
</CondStmnt>
</StmntSeq>
<Keyword EndOffset="13722" SrcFileId="5" StartOffset="13719"/>
<LocList>
<Loc EndOffset="14365" SrcFileId="5" StartOffset="13719"/>
</LocList>
<RootTerm CovItemId="C46" CovItemPrefix="com.OriginalFiles.Board.java" Intrnl_Id="1446">
<BasicBoolTerm Intrnl_Id="1447">
<LocList>
<Loc EndOffset="13736" SrcFileId="5" StartOffset="13731"/>
</LocList>
</BasicBoolTerm>
</RootTerm>
</LoopStmnt>
<BasicStmnt CovItemId="S168" CovItemPrefix="com.OriginalFiles.Board.java" Intrnl_Id="1448">
<LocList>
<Loc EndOffset="14400" SrcFileId="5" StartOffset="14377"/>
</LocList>
</BasicStmnt>
</StmntSeq>
</HierarchyLvl>
<HierarchyLvl HierarchyLvlId="1157" HierarchyLvlTypeId="12" Intrnl_Id="1449" Name="getPiece">
<Header>
<Loc EndOffset="14505" SrcFileId="5" StartOffset="14450"/>
</Header>
<LocList>
<Loc EndOffset="14817" SrcFileId="5" StartOffset="14450"/>
</LocList>
<StmntSeq Intrnl_Id="1450">
<LocList>
<Loc EndOffset="14562" SrcFileId="5" StartOffset="14517"/>
<Loc EndOffset="14810" SrcFileId="5" StartOffset="14572"/>
</LocList>
<BasicStmnt CovItemId="S169" CovItemPrefix="com.OriginalFiles.Board.java" Intrnl_Id="1451">
<LocList>
<Loc EndOffset="14562" SrcFileId="5" StartOffset="14517"/>
</LocList>
</BasicStmnt>
<CondStmnt CovItemId="S170" CovItemPrefix="com.OriginalFiles.Board.java" Intrnl_Id="1452">
<Branch CovItemId="B77" CovItemPrefix="com.OriginalFiles.Board.java" Implct="false" Intrnl_Id="1453">
<Cond/>
<LocList>
<Loc EndOffset="14628" SrcFileId="5" StartOffset="14590"/>
</LocList>
<StmntSeq Intrnl_Id="1454">
<LocList>
<Loc EndOffset="14617" SrcFileId="5" StartOffset="14605"/>
</LocList>
<BasicStmnt CovItemId="S171" CovItemPrefix="com.OriginalFiles.Board.java" Intrnl_Id="1455">
<LocList>
<Loc EndOffset="14617" SrcFileId="5" StartOffset="14605"/>
</LocList>
</BasicStmnt>
</StmntSeq>
</Branch>
<Branch CovItemId="B78" CovItemPrefix="com.OriginalFiles.Board.java" Implct="false" Intrnl_Id="1456">
<Cond>
<Loc EndOffset="14633" SrcFileId="5" StartOffset="14629"/>
</Cond>
<LocList>
<Loc EndOffset="14810" SrcFileId="5" StartOffset="14634"/>
</LocList>
<StmntSeq Intrnl_Id="1457">
<LocList>
<Loc EndOffset="14678" SrcFileId="5" StartOffset="14649"/>
<Loc EndOffset="14711" SrcFileId="5" StartOffset="14692"/>
<Loc EndOffset="14773" SrcFileId="5" StartOffset="14725"/>
<Loc EndOffset="14799" SrcFileId="5" StartOffset="14787"/>
</LocList>
<BasicStmnt CovItemId="S172" CovItemPrefix="com.OriginalFiles.Board.java" Intrnl_Id="1458">
<LocList>
<Loc EndOffset="14678" SrcFileId="5" StartOffset="14649"/>
</LocList>
</BasicStmnt>
<BasicStmnt CovItemId="S173" CovItemPrefix="com.OriginalFiles.Board.java" Intrnl_Id="1459">
<LocList>
<Loc EndOffset="14711" SrcFileId="5" StartOffset="14692"/>
</LocList>
</BasicStmnt>
<BasicStmnt CovItemId="S174" CovItemPrefix="com.OriginalFiles.Board.java" Intrnl_Id="1460">
<LocList>
<Loc EndOffset="14773" SrcFileId="5" StartOffset="14725"/>
</LocList>
</BasicStmnt>
<BasicStmnt CovItemId="S175" CovItemPrefix="com.OriginalFiles.Board.java" Intrnl_Id="1461">
<LocList>
<Loc EndOffset="14799" SrcFileId="5" StartOffset="14787"/>
</LocList>
</BasicStmnt>
</StmntSeq>
</Branch>
<Keyword EndOffset="14574" SrcFileId="5" StartOffset="14572"/>
<LocList>
<Loc EndOffset="14810" SrcFileId="5" StartOffset="14572"/>
</LocList>
<RootTerm CovItemId="C52" CovItemPrefix="com.OriginalFiles.Board.java" Intrnl_Id="1462">
<BasicBoolTerm Intrnl_Id="1463">
<LocList>
<Loc EndOffset="14588" SrcFileId="5" StartOffset="14576"/>
</LocList>
</BasicBoolTerm>
</RootTerm>
</CondStmnt>
</StmntSeq>
</HierarchyLvl>
<HierarchyLvl HierarchyLvlId="1158" HierarchyLvlTypeId="12" Intrnl_Id="1464" Name="checkAllegiance">
<Header>
<Loc EndOffset="15616" SrcFileId="5" StartOffset="15541"/>
</Header>
<LocList>
<Loc EndOffset="15871" SrcFileId="5" StartOffset="15541"/>
</LocList>
<StmntSeq Intrnl_Id="1465">
<LocList>
<Loc EndOffset="15841" SrcFileId="5" StartOffset="15633"/>
<Loc EndOffset="15864" SrcFileId="5" StartOffset="15851"/>
</LocList>
<CondStmnt CovItemId="S176" CovItemPrefix="com.OriginalFiles.Board.java" Intrnl_Id="1466">
<Branch CovItemId="B79" CovItemPrefix="com.OriginalFiles.Board.java" Implct="false" Intrnl_Id="1467">
<Cond/>
<LocList>
<Loc EndOffset="15841" SrcFileId="5" StartOffset="15668"/>
</LocList>
<StmntSeq Intrnl_Id="1468">
<LocList>
<Loc EndOffset="15830" SrcFileId="5" StartOffset="15683"/>
</LocList>
<CondStmnt CovItemId="S177" CovItemPrefix="com.OriginalFiles.Board.java" Intrnl_Id="1469">
<Branch CovItemId="B81" CovItemPrefix="com.OriginalFiles.Board.java" Implct="false" Intrnl_Id="1470">
<Cond/>
<LocList>
<Loc EndOffset="15830" SrcFileId="5" StartOffset="15705"/>
</LocList>
<StmntSeq Intrnl_Id="1471">
<LocList>
<Loc EndOffset="15815" SrcFileId="5" StartOffset="15724"/>
</LocList>
<BasicStmnt CovItemId="S178" CovItemPrefix="com.OriginalFiles.Board.java" Intrnl_Id="1472">
<LocList>
<Loc EndOffset="15815" SrcFileId="5" StartOffset="15724"/>
</LocList>
</BasicStmnt>
</StmntSeq>
</Branch>
<Branch CovItemId="B82" CovItemPrefix="com.OriginalFiles.Board.java" Implct="true" Intrnl_Id="1473">
<Cond/>
<LocList/>
<StmntSeq Intrnl_Id="1474">
<LocList/>
</StmntSeq>
</Branch>
<Keyword EndOffset="15685" SrcFileId="5" StartOffset="15683"/>
<LocList>
<Loc EndOffset="15830" SrcFileId="5" StartOffset="15683"/>
</LocList>
<RootTerm CovItemId="C54" CovItemPrefix="com.OriginalFiles.Board.java" Intrnl_Id="1475">
<OpTerm BooleanOpId="7" Intrnl_Id="1476">
<BasicBoolTerm Intrnl_Id="1477">
<LocList>
<Loc EndOffset="15703" SrcFileId="5" StartOffset="15688"/>
</LocList>
</BasicBoolTerm>
<LocList>
<Loc EndOffset="15688" SrcFileId="5" StartOffset="15687"/>
</LocList>
</OpTerm>
</RootTerm>
</CondStmnt>
</StmntSeq>
</Branch>
<Branch CovItemId="B80" CovItemPrefix="com.OriginalFiles.Board.java" Implct="true" Intrnl_Id="1478">
<Cond/>
<LocList/>
<StmntSeq Intrnl_Id="1479">
<LocList/>
</StmntSeq>
</Branch>
<Keyword EndOffset="15635" SrcFileId="5" StartOffset="15633"/>
<LocList>
<Loc EndOffset="15841" SrcFileId="5" StartOffset="15633"/>
</LocList>
<RootTerm CovItemId="C53" CovItemPrefix="com.OriginalFiles.Board.java" Intrnl_Id="1480">
<BasicBoolTerm Intrnl_Id="1481">
<LocList>
<Loc EndOffset="15666" SrcFileId="5" StartOffset="15637"/>
</LocList>
</BasicBoolTerm>
</RootTerm>
</CondStmnt>
<BasicStmnt CovItemId="S179" CovItemPrefix="com.OriginalFiles.Board.java" Intrnl_Id="1482">
<LocList>
<Loc EndOffset="15864" SrcFileId="5" StartOffset="15851"/>
</LocList>
</BasicStmnt>
</StmntSeq>
</HierarchyLvl>
<HierarchyLvl HierarchyLvlId="1159" HierarchyLvlTypeId="12" Intrnl_Id="1483" Name="checkAllegiance">
<Header>
<Loc EndOffset="15954" SrcFileId="5" StartOffset="15879"/>
</Header>
<LocList>
<Loc EndOffset="16333" SrcFileId="5" StartOffset="15879"/>
</LocList>
<StmntSeq Intrnl_Id="1484">
<LocList>
<Loc EndOffset="16116" SrcFileId="5" StartOffset="15971"/>
<Loc EndOffset="16302" SrcFileId="5" StartOffset="16127"/>
<Loc EndOffset="16326" SrcFileId="5" StartOffset="16313"/>
</LocList>
<CondStmnt CovItemId="S180" CovItemPrefix="com.OriginalFiles.Board.java" Intrnl_Id="1485">
<Branch CovItemId="B83" CovItemPrefix="com.OriginalFiles.Board.java" Implct="false" Intrnl_Id="1486">
<Cond/>
<LocList>
<Loc EndOffset="16116" SrcFileId="5" StartOffset="16076"/>
</LocList>
<StmntSeq Intrnl_Id="1487">
<LocList>
<Loc EndOffset="16104" SrcFileId="5" StartOffset="16092"/>
</LocList>
<BasicStmnt CovItemId="S181" CovItemPrefix="com.OriginalFiles.Board.java" Intrnl_Id="1488">
<LocList>
<Loc EndOffset="16104" SrcFileId="5" StartOffset="16092"/>
</LocList>
</BasicStmnt>
</StmntSeq>
</Branch>
<Branch CovItemId="B84" CovItemPrefix="com.OriginalFiles.Board.java" Implct="true" Intrnl_Id="1489">
<Cond/>
<LocList/>
<StmntSeq Intrnl_Id="1490">
<LocList/>
</StmntSeq>
</Branch>
<Keyword EndOffset="15973" SrcFileId="5" StartOffset="15971"/>
<LocList>
<Loc EndOffset="16116" SrcFileId="5" StartOffset="15971"/>
</LocList>
<RootTerm CovItemId="C55" CovItemPrefix="com.OriginalFiles.Board.java" Intrnl_Id="1491">
<OpTerm BooleanOpId="8" Intrnl_Id="1492">
<OpTerm BooleanOpId="9" Intrnl_Id="1493">
<BasicBoolTerm Intrnl_Id="1494">
<LocList>
<Loc EndOffset="16005" SrcFileId="5" StartOffset="15976"/>
</LocList>
</BasicBoolTerm>
<BasicBoolTerm Intrnl_Id="1495">
<LocList>
<Loc EndOffset="16052" SrcFileId="5" StartOffset="16026"/>
</LocList>
</BasicBoolTerm>
<LocList>
<Loc EndOffset="16025" SrcFileId="5" StartOffset="16023"/>
</LocList>
</OpTerm>
<OpTerm BooleanOpId="7" Intrnl_Id="1496">
<BasicBoolTerm Intrnl_Id="1497">
<LocList>
<Loc EndOffset="16074" SrcFileId="5" StartOffset="16058"/>
</LocList>
</BasicBoolTerm>
<LocList>
<Loc EndOffset="16058" SrcFileId="5" StartOffset="16057"/>
</LocList>
</OpTerm>
<LocList>
<Loc EndOffset="16056" SrcFileId="5" StartOffset="16054"/>
</LocList>
</OpTerm>
</RootTerm>
</CondStmnt>
<CondStmnt CovItemId="S182" CovItemPrefix="com.OriginalFiles.Board.java" Intrnl_Id="1498">
<Branch CovItemId="B85" CovItemPrefix="com.OriginalFiles.Board.java" Implct="false" Intrnl_Id="1499">
<Cond/>
<LocList>
<Loc EndOffset="16302" SrcFileId="5" StartOffset="16262"/>
</LocList>
<StmntSeq Intrnl_Id="1500">
<LocList>
<Loc EndOffset="16290" SrcFileId="5" StartOffset="16278"/>
</LocList>
<BasicStmnt CovItemId="S183" CovItemPrefix="com.OriginalFiles.Board.java" Intrnl_Id="1501">
<LocList>
<Loc EndOffset="16290" SrcFileId="5" StartOffset="16278"/>
</LocList>
</BasicStmnt>
</StmntSeq>
</Branch>
<Branch CovItemId="B86" CovItemPrefix="com.OriginalFiles.Board.java" Implct="true" Intrnl_Id="1502">
<Cond/>
<LocList/>
<StmntSeq Intrnl_Id="1503">
<LocList/>
</StmntSeq>
</Branch>
<Keyword EndOffset="16129" SrcFileId="5" StartOffset="16127"/>
<LocList>
<Loc EndOffset="16302" SrcFileId="5" StartOffset="16127"/>
</LocList>
<RootTerm CovItemId="C56" CovItemPrefix="com.OriginalFiles.Board.java" Intrnl_Id="1504">
<OpTerm BooleanOpId="8" Intrnl_Id="1505">
<OpTerm BooleanOpId="9" Intrnl_Id="1506">
<BasicBoolTerm Intrnl_Id="1507">
<LocList>
<Loc EndOffset="16167" SrcFileId="5" StartOffset="16132"/>
</LocList>
</BasicBoolTerm>
<BasicBoolTerm Intrnl_Id="1508">
<LocList>
<Loc EndOffset="16221" SrcFileId="5" StartOffset="16189"/>
</LocList>
</BasicBoolTerm>
<LocList>
<Loc EndOffset="16188" SrcFileId="5" StartOffset="16186"/>
</LocList>
</OpTerm>
<BasicBoolTerm Intrnl_Id="1509">
<LocList>
<Loc EndOffset="16260" SrcFileId="5" StartOffset="16244"/>
</LocList>
</BasicBoolTerm>
<LocList>
<Loc EndOffset="16243" SrcFileId="5" StartOffset="16241"/>
</LocList>
</OpTerm>
</RootTerm>
</CondStmnt>
<BasicStmnt CovItemId="S184" CovItemPrefix="com.OriginalFiles.Board.java" Intrnl_Id="1510">
<LocList>
<Loc EndOffset="16326" SrcFileId="5" StartOffset="16313"/>
</LocList>
</BasicStmnt>
</StmntSeq>
</HierarchyLvl>
<HierarchyLvl HierarchyLvlId="1160" HierarchyLvlTypeId="12" Intrnl_Id="1511" Name="checkBounds">
<Header>
<Loc EndOffset="16440" SrcFileId="5" StartOffset="16394"/>
</Header>
<LocList>
<Loc EndOffset="16503" SrcFileId="5" StartOffset="16394"/>
</LocList>
<StmntSeq Intrnl_Id="1512">
<LocList>
<Loc EndOffset="16496" SrcFileId="5" StartOffset="16452"/>
</LocList>
<BasicStmnt CovItemId="S185" CovItemPrefix="com.OriginalFiles.Board.java" Intrnl_Id="1513">
<LocList>
<Loc EndOffset="16496" SrcFileId="5" StartOffset="16452"/>
</LocList>
</BasicStmnt>
</StmntSeq>
</HierarchyLvl>
</HierarchyLvl>
<HierarchyLvl HierarchyLvlId="1187" HierarchyLvlTypeId="11" Intrnl_Id="1514" Name="Analyze">
<Header>
<Loc EndOffset="242" SrcFileId="6" StartOffset="222"/>
</Header>
<LocList>
<Loc EndOffset="25179" SrcFileId="6" StartOffset="222"/>
</LocList>
<StmntSeq Intrnl_Id="1515">
<LocList>
<Loc EndOffset="360" SrcFileId="6" StartOffset="319"/>
<Loc EndOffset="399" SrcFileId="6" StartOffset="366"/>
<Loc EndOffset="451" SrcFileId="6" StartOffset="405"/>
</LocList>
<BasicStmnt CovItemId="S1" CovItemPrefix="com.OriginalFiles.Analyze.java" Intrnl_Id="1516">
<LocList>
<Loc EndOffset="360" SrcFileId="6" StartOffset="319"/>
</LocList>
</BasicStmnt>
<BasicStmnt CovItemId="S2" CovItemPrefix="com.OriginalFiles.Analyze.java" Intrnl_Id="1517">
<LocList>
<Loc EndOffset="399" SrcFileId="6" StartOffset="366"/>
</LocList>
</BasicStmnt>
<BasicStmnt CovItemId="S3" CovItemPrefix="com.OriginalFiles.Analyze.java" Intrnl_Id="1518">
<LocList>
<Loc EndOffset="451" SrcFileId="6" StartOffset="405"/>
</LocList>
</BasicStmnt>
</StmntSeq>
<HierarchyLvl HierarchyLvlId="1162" HierarchyLvlTypeId="12" Intrnl_Id="1519" Name="Analyze">
<Header>
<Loc EndOffset="631" SrcFileId="6" StartOffset="572"/>
</Header>
<LocList>
<Loc EndOffset="712" SrcFileId="6" StartOffset="572"/>
</LocList>
<StmntSeq Intrnl_Id="1520">
<LocList>
<Loc EndOffset="665" SrcFileId="6" StartOffset="643"/>
<Loc EndOffset="705" SrcFileId="6" StartOffset="675"/>
</LocList>
<BasicStmnt CovItemId="S4" CovItemPrefix="com.OriginalFiles.Analyze.java" Intrnl_Id="1521">
<LocList>
<Loc EndOffset="665" SrcFileId="6" StartOffset="643"/>
</LocList>
</BasicStmnt>
<BasicStmnt CovItemId="S5" CovItemPrefix="com.OriginalFiles.Analyze.java" Intrnl_Id="1522">
<LocList>
<Loc EndOffset="705" SrcFileId="6" StartOffset="675"/>
</LocList>
</BasicStmnt>
</StmntSeq>
</HierarchyLvl>
<HierarchyLvl HierarchyLvlId="1163" HierarchyLvlTypeId="12" Intrnl_Id="1523" Name="analyzeBoard">
<Header>
<Loc EndOffset="898" SrcFileId="6" StartOffset="792"/>
</Header>
<LocList>
<Loc EndOffset="1480" SrcFileId="6" StartOffset="792"/>
</LocList>
<StmntSeq Intrnl_Id="1524">
<LocList>
<Loc EndOffset="1450" SrcFileId="6" StartOffset="910"/>
<Loc EndOffset="1473" SrcFileId="6" StartOffset="1460"/>
</LocList>
<CondStmnt CovItemId="S6" CovItemPrefix="com.OriginalFiles.Analyze.java" Intrnl_Id="1525">
<Branch CovItemId="B1" CovItemPrefix="com.OriginalFiles.Analyze.java" Implct="false" Intrnl_Id="1526">
<Cond/>
<LocList>
<Loc EndOffset="1450" SrcFileId="6" StartOffset="943"/>
</LocList>
<StmntSeq Intrnl_Id="1527">
<LocList>
<Loc EndOffset="982" SrcFileId="6" StartOffset="958"/>
<Loc EndOffset="1048" SrcFileId="6" StartOffset="998"/>
<Loc EndOffset="1111" SrcFileId="6" StartOffset="1062"/>
<Loc EndOffset="1166" SrcFileId="6" StartOffset="1125"/>
<Loc EndOffset="1199" SrcFileId="6" StartOffset="1180"/>
<Loc EndOffset="1305" SrcFileId="6" StartOffset="1273"/>
<Loc EndOffset="1345" SrcFileId="6" StartOffset="1319"/>
<Loc EndOffset="1439" SrcFileId="6" StartOffset="1359"/>
</LocList>
<BasicStmnt CovItemId="S7" CovItemPrefix="com.OriginalFiles.Analyze.java" Intrnl_Id="1528">
<LocList>
<Loc EndOffset="982" SrcFileId="6" StartOffset="958"/>
</LocList>
</BasicStmnt>
<BasicStmnt CovItemId="S8" CovItemPrefix="com.OriginalFiles.Analyze.java" Intrnl_Id="1529">
<LocList>
<Loc EndOffset="1048" SrcFileId="6" StartOffset="998"/>
</LocList>
</BasicStmnt>
<BasicStmnt CovItemId="S9" CovItemPrefix="com.OriginalFiles.Analyze.java" Intrnl_Id="1530">
<LocList>
<Loc EndOffset="1111" SrcFileId="6" StartOffset="1062"/>
</LocList>
</BasicStmnt>
<BasicStmnt CovItemId="S10" CovItemPrefix="com.OriginalFiles.Analyze.java" Intrnl_Id="1531">
<LocList>
<Loc EndOffset="1166" SrcFileId="6" StartOffset="1125"/>
</LocList>
</BasicStmnt>
<BasicStmnt CovItemId="S11" CovItemPrefix="com.OriginalFiles.Analyze.java" Intrnl_Id="1532">
<LocList>
<Loc EndOffset="1199" SrcFileId="6" StartOffset="1180"/>
</LocList>
</BasicStmnt>
<BasicStmnt CovItemId="S12" CovItemPrefix="com.OriginalFiles.Analyze.java" Intrnl_Id="1533">
<LocList>
<Loc EndOffset="1305" SrcFileId="6" StartOffset="1273"/>
</LocList>
</BasicStmnt>
<BasicStmnt CovItemId="S13" CovItemPrefix="com.OriginalFiles.Analyze.java" Intrnl_Id="1534">
<LocList>
<Loc EndOffset="1345" SrcFileId="6" StartOffset="1319"/>
</LocList>
</BasicStmnt>
<CondStmnt CovItemId="S14" CovItemPrefix="com.OriginalFiles.Analyze.java" Intrnl_Id="1535">
<Branch CovItemId="B3" CovItemPrefix="com.OriginalFiles.Analyze.java" Implct="false" Intrnl_Id="1536">
<Cond/>
<LocList>
<Loc EndOffset="1439" SrcFileId="6" StartOffset="1393"/>
</LocList>
<StmntSeq Intrnl_Id="1537">
<LocList>
<Loc EndOffset="1424" SrcFileId="6" StartOffset="1412"/>
</LocList>
<BasicStmnt CovItemId="S15" CovItemPrefix="com.OriginalFiles.Analyze.java" Intrnl_Id="1538">
<LocList>
<Loc EndOffset="1424" SrcFileId="6" StartOffset="1412"/>
</LocList>
</BasicStmnt>
</StmntSeq>
</Branch>
<Branch CovItemId="B4" CovItemPrefix="com.OriginalFiles.Analyze.java" Implct="true" Intrnl_Id="1539">
<Cond/>
<LocList/>
<StmntSeq Intrnl_Id="1540">
<LocList/>
</StmntSeq>
</Branch>
<Keyword EndOffset="1361" SrcFileId="6" StartOffset="1359"/>
<LocList>
<Loc EndOffset="1439" SrcFileId="6" StartOffset="1359"/>
</LocList>
<RootTerm CovItemId="C2" CovItemPrefix="com.OriginalFiles.Analyze.java" Intrnl_Id="1541">
<OpTerm BooleanOpId="7" Intrnl_Id="1542">
<BasicBoolTerm Intrnl_Id="1543">
<LocList>
<Loc EndOffset="1391" SrcFileId="6" StartOffset="1364"/>
</LocList>
</BasicBoolTerm>
<LocList>
<Loc EndOffset="1364" SrcFileId="6" StartOffset="1363"/>
</LocList>
</OpTerm>
</RootTerm>
</CondStmnt>
</StmntSeq>
</Branch>
<Branch CovItemId="B2" CovItemPrefix="com.OriginalFiles.Analyze.java" Implct="true" Intrnl_Id="1544">
<Cond/>
<LocList/>
<StmntSeq Intrnl_Id="1545">
<LocList/>
</StmntSeq>
</Branch>
<Keyword EndOffset="912" SrcFileId="6" StartOffset="910"/>
<LocList>
<Loc EndOffset="1450" SrcFileId="6" StartOffset="910"/>
</LocList>
<RootTerm CovItemId="C1" CovItemPrefix="com.OriginalFiles.Analyze.java" Intrnl_Id="1546">
<OpTerm BooleanOpId="7" Intrnl_Id="1547">
<BasicBoolTerm Intrnl_Id="1548">
<LocList>
<Loc EndOffset="941" SrcFileId="6" StartOffset="915"/>
</LocList>
</BasicBoolTerm>
<LocList>
<Loc EndOffset="915" SrcFileId="6" StartOffset="914"/>
</LocList>
</OpTerm>
</RootTerm>
</CondStmnt>
<BasicStmnt CovItemId="S16" CovItemPrefix="com.OriginalFiles.Analyze.java" Intrnl_Id="1549">
<LocList>
<Loc EndOffset="1473" SrcFileId="6" StartOffset="1460"/>
</LocList>
</BasicStmnt>
</StmntSeq>
</HierarchyLvl>
<HierarchyLvl HierarchyLvlId="1164" HierarchyLvlTypeId="12" Intrnl_Id="1550" Name="checkMotorCalibration">
<Header>
<Loc EndOffset="1541" SrcFileId="6" StartOffset="1505"/>
</Header>
<LocList>
<Loc EndOffset="1732" SrcFileId="6" StartOffset="1505"/>
</LocList>
<StmntSeq Intrnl_Id="1551">
<LocList>
<Loc EndOffset="1575" SrcFileId="6" StartOffset="1553"/>
<Loc EndOffset="1725" SrcFileId="6" StartOffset="1587"/>
</LocList>
<BasicStmnt CovItemId="S17" CovItemPrefix="com.OriginalFiles.Analyze.java" Intrnl_Id="1552">
<LocList>
<Loc EndOffset="1575" SrcFileId="6" StartOffset="1553"/>
</LocList>
</BasicStmnt>
<CondStmnt CovItemId="S18" CovItemPrefix="com.OriginalFiles.Analyze.java" Intrnl_Id="1553">
<Branch CovItemId="B5" CovItemPrefix="com.OriginalFiles.Analyze.java" Implct="false" Intrnl_Id="1554">
<Cond/>
<LocList>
<Loc EndOffset="1725" SrcFileId="6" StartOffset="1634"/>
</LocList>
<StmntSeq Intrnl_Id="1555">
<LocList>
<Loc EndOffset="1670" SrcFileId="6" StartOffset="1649"/>
<Loc EndOffset="1714" SrcFileId="6" StartOffset="1684"/>
</LocList>
<BasicStmnt CovItemId="S19" CovItemPrefix="com.OriginalFiles.Analyze.java" Intrnl_Id="1556">
<LocList>
<Loc EndOffset="1670" SrcFileId="6" StartOffset="1649"/>
</LocList>
</BasicStmnt>
<BasicStmnt CovItemId="S20" CovItemPrefix="com.OriginalFiles.Analyze.java" Intrnl_Id="1557">
<LocList>
<Loc EndOffset="1714" SrcFileId="6" StartOffset="1684"/>
</LocList>
</BasicStmnt>
</StmntSeq>
</Branch>
<Branch CovItemId="B6" CovItemPrefix="com.OriginalFiles.Analyze.java" Implct="true" Intrnl_Id="1558">
<Cond/>
<LocList/>
<StmntSeq Intrnl_Id="1559">
<LocList/>
</StmntSeq>
</Branch>
<Keyword EndOffset="1589" SrcFileId="6" StartOffset="1587"/>
<LocList>
<Loc EndOffset="1725" SrcFileId="6" StartOffset="1587"/>
</LocList>
<RootTerm CovItemId="C3" CovItemPrefix="com.OriginalFiles.Analyze.java" Intrnl_Id="1560">
<BasicBoolTerm Intrnl_Id="1561">
<LocList>
<Loc EndOffset="1632" SrcFileId="6" StartOffset="1591"/>
</LocList>
</BasicBoolTerm>
</RootTerm>
</CondStmnt>
</StmntSeq>
</HierarchyLvl>
<HierarchyLvl HierarchyLvlId="1165" HierarchyLvlTypeId="12" Intrnl_Id="1562" Name="makeListOfMoveables">
<Header>
<Loc EndOffset="1805" SrcFileId="6" StartOffset="1740"/>
</Header>
<LocList>
<Loc EndOffset="2559" SrcFileId="6" StartOffset="1740"/>
</LocList>
<StmntSeq Intrnl_Id="1563">
<LocList>
<Loc EndOffset="1903" SrcFileId="6" StartOffset="1871"/>
<Loc EndOffset="2288" SrcFileId="6" StartOffset="1913"/>
<Loc EndOffset="2343" SrcFileId="6" StartOffset="2298"/>
<Loc EndOffset="2372" SrcFileId="6" StartOffset="2353"/>
<Loc EndOffset="2399" SrcFileId="6" StartOffset="2382"/>
<Loc EndOffset="2522" SrcFileId="6" StartOffset="2409"/>
<Loc EndOffset="2552" SrcFileId="6" StartOffset="2532"/>
</LocList>
<BasicStmnt CovItemId="S21" CovItemPrefix="com.OriginalFiles.Analyze.java" Intrnl_Id="1564">
<LocList>
<Loc EndOffset="1903" SrcFileId="6" StartOffset="1871"/>
</LocList>
</BasicStmnt>
<LoopStmnt CovItemId="S22" CovItemPrefix="com.OriginalFiles.Analyze.java" Intrnl_Id="1565" MltplExecId="L1-2" MltplExecPrefix="com.OriginalFiles.Analyze.java" NvrExecId="L1-0" NvrExecPrefix="com.OriginalFiles.Analyze.java" OnceExecutedId="L1-1" OnceExecutedPrefix="com.OriginalFiles.Analyze.java" OptBodyExec="true">
<StmntSeq Intrnl_Id="1566">
<LocList>
<Loc EndOffset="2277" SrcFileId="6" StartOffset="1968"/>
</LocList>
<LoopStmnt CovItemId="S23" CovItemPrefix="com.OriginalFiles.Analyze.java" Intrnl_Id="1567" MltplExecId="L2-2" MltplExecPrefix="com.OriginalFiles.Analyze.java" NvrExecId="L2-0" NvrExecPrefix="com.OriginalFiles.Analyze.java" OnceExecutedId="L2-1" OnceExecutedPrefix="com.OriginalFiles.Analyze.java" OptBodyExec="true">
<StmntSeq Intrnl_Id="1568">
<LocList>
<Loc EndOffset="2262" SrcFileId="6" StartOffset="2009"/>
</LocList>
<CondStmnt CovItemId="S24" CovItemPrefix="com.OriginalFiles.Analyze.java" Intrnl_Id="1569">
<Branch CovItemId="B7" CovItemPrefix="com.OriginalFiles.Analyze.java" Implct="false" Intrnl_Id="1570">
<Cond/>
<LocList>
<Loc EndOffset="2262" SrcFileId="6" StartOffset="2031"/>
</LocList>
<StmntSeq Intrnl_Id="1571">
<LocList>
<Loc EndOffset="2243" SrcFileId="6" StartOffset="2054"/>
</LocList>
<CondStmnt CovItemId="S25" CovItemPrefix="com.OriginalFiles.Analyze.java" Intrnl_Id="1572">
<Branch CovItemId="B9" CovItemPrefix="com.OriginalFiles.Analyze.java" Implct="false" Intrnl_Id="1573">
<Cond/>
<LocList>
<Loc EndOffset="2243" SrcFileId="6" StartOffset="2169"/>
</LocList>
<StmntSeq Intrnl_Id="1574">
<LocList>
<Loc EndOffset="2220" SrcFileId="6" StartOffset="2196"/>
</LocList>
<BasicStmnt CovItemId="S26" CovItemPrefix="com.OriginalFiles.Analyze.java" Intrnl_Id="1575">
<LocList>
<Loc EndOffset="2220" SrcFileId="6" StartOffset="2196"/>
</LocList>
</BasicStmnt>
</StmntSeq>
</Branch>
<Branch CovItemId="B10" CovItemPrefix="com.OriginalFiles.Analyze.java" Implct="true" Intrnl_Id="1576">
<Cond/>
<LocList/>
<StmntSeq Intrnl_Id="1577">
<LocList/>
</StmntSeq>
</Branch>
<Keyword EndOffset="2056" SrcFileId="6" StartOffset="2054"/>
<LocList>
<Loc EndOffset="2243" SrcFileId="6" StartOffset="2054"/>
</LocList>
<RootTerm CovItemId="C5" CovItemPrefix="com.OriginalFiles.Analyze.java" Intrnl_Id="1578">
<OpTerm BooleanOpId="8" Intrnl_Id="1579">
<BasicBoolTerm Intrnl_Id="1580">
<LocList>
<Loc EndOffset="2092" SrcFileId="6" StartOffset="2058"/>
</LocList>
</BasicBoolTerm>
<BasicBoolTerm Intrnl_Id="1581">
<LocList>
<Loc EndOffset="2167" SrcFileId="6" StartOffset="2125"/>
</LocList>
</BasicBoolTerm>
<LocList>
<Loc EndOffset="2124" SrcFileId="6" StartOffset="2122"/>
</LocList>
</OpTerm>
</RootTerm>
</CondStmnt>
</StmntSeq>
</Branch>
<Branch CovItemId="B8" CovItemPrefix="com.OriginalFiles.Analyze.java" Implct="true" Intrnl_Id="1582">
<Cond/>
<LocList/>
<StmntSeq Intrnl_Id="1583">
<LocList/>
</StmntSeq>
</Branch>
<Keyword EndOffset="2011" SrcFileId="6" StartOffset="2009"/>
<LocList>
<Loc EndOffset="2262" SrcFileId="6" StartOffset="2009"/>
</LocList>
<RootTerm CovItemId="C4" CovItemPrefix="com.OriginalFiles.Analyze.java" Intrnl_Id="1584">
<OpTerm BooleanOpId="7" Intrnl_Id="1585">
<BasicBoolTerm Intrnl_Id="1586">
<LocList>
<Loc EndOffset="2029" SrcFileId="6" StartOffset="2014"/>
</LocList>
</BasicBoolTerm>
<LocList>
<Loc EndOffset="2014" SrcFileId="6" StartOffset="2013"/>
</LocList>
</OpTerm>
</RootTerm>
</CondStmnt>
</StmntSeq>
<Keyword EndOffset="1971" SrcFileId="6" StartOffset="1968"/>
<LocList>
<Loc EndOffset="2277" SrcFileId="6" StartOffset="1968"/>
</LocList>
</LoopStmnt>
</StmntSeq>
<Keyword EndOffset="1916" SrcFileId="6" StartOffset="1913"/>
<LocList>
<Loc EndOffset="2288" SrcFileId="6" StartOffset="1913"/>
</LocList>
</LoopStmnt>
<BasicStmnt CovItemId="S27" CovItemPrefix="com.OriginalFiles.Analyze.java" Intrnl_Id="1587">
<LocList>
<Loc EndOffset="2343" SrcFileId="6" StartOffset="2298"/>
</LocList>
</BasicStmnt>
<BasicStmnt CovItemId="S28" CovItemPrefix="com.OriginalFiles.Analyze.java" Intrnl_Id="1588">
<LocList>
<Loc EndOffset="2372" SrcFileId="6" StartOffset="2353"/>
</LocList>
</BasicStmnt>
<BasicStmnt CovItemId="S29" CovItemPrefix="com.OriginalFiles.Analyze.java" Intrnl_Id="1589">
<LocList>
<Loc EndOffset="2399" SrcFileId="6" StartOffset="2382"/>
</LocList>
</BasicStmnt>
<CondStmnt CovItemId="S30" CovItemPrefix="com.OriginalFiles.Analyze.java" Intrnl_Id="1590">
<Branch CovItemId="B11" CovItemPrefix="com.OriginalFiles.Analyze.java" Implct="false" Intrnl_Id="1591">
<Cond/>
<LocList>
<Loc EndOffset="2522" SrcFileId="6" StartOffset="2439"/>
</LocList>
<StmntSeq Intrnl_Id="1592">
<LocList>
<Loc EndOffset="2511" SrcFileId="6" StartOffset="2454"/>
</LocList>
<BasicStmnt CovItemId="S31" CovItemPrefix="com.OriginalFiles.Analyze.java" Intrnl_Id="1593">
<LocList>
<Loc EndOffset="2511" SrcFileId="6" StartOffset="2454"/>
</LocList>
</BasicStmnt>
</StmntSeq>
</Branch>
<Branch CovItemId="B12" CovItemPrefix="com.OriginalFiles.Analyze.java" Implct="true" Intrnl_Id="1594">
<Cond/>
<LocList/>
<StmntSeq Intrnl_Id="1595">
<LocList/>
</StmntSeq>
</Branch>
<Keyword EndOffset="2411" SrcFileId="6" StartOffset="2409"/>
<LocList>
<Loc EndOffset="2522" SrcFileId="6" StartOffset="2409"/>
</LocList>
<RootTerm CovItemId="C6" CovItemPrefix="com.OriginalFiles.Analyze.java" Intrnl_Id="1596">
<BasicBoolTerm Intrnl_Id="1597">
<LocList>
<Loc EndOffset="2437" SrcFileId="6" StartOffset="2413"/>
</LocList>
</BasicBoolTerm>
</RootTerm>
</CondStmnt>
<BasicStmnt CovItemId="S32" CovItemPrefix="com.OriginalFiles.Analyze.java" Intrnl_Id="1598">
<LocList>
<Loc EndOffset="2552" SrcFileId="6" StartOffset="2532"/>
</LocList>
</BasicStmnt>
</StmntSeq>
</HierarchyLvl>
<HierarchyLvl HierarchyLvlId="1166" HierarchyLvlTypeId="12" Intrnl_Id="1599" Name="checkMovement">
<Header>
<Loc EndOffset="2732" SrcFileId="6" StartOffset="2598"/>
</Header>
<LocList>
<Loc EndOffset="3161" SrcFileId="6" StartOffset="2598"/>
</LocList>
<StmntSeq Intrnl_Id="1600">
<LocList>
<Loc EndOffset="3131" SrcFileId="6" StartOffset="2744"/>
<Loc EndOffset="3154" SrcFileId="6" StartOffset="3141"/>
</LocList>
<LoopStmnt CovItemId="S33" CovItemPrefix="com.OriginalFiles.Analyze.java" Intrnl_Id="1601" MltplExecId="L3-2" MltplExecPrefix="com.OriginalFiles.Analyze.java" NvrExecId="L3-0" NvrExecPrefix="com.OriginalFiles.Analyze.java" OnceExecutedId="L3-1" OnceExecutedPrefix="com.OriginalFiles.Analyze.java" OptBodyExec="true">
<StmntSeq Intrnl_Id="1602">
<LocList>
<Loc EndOffset="3120" SrcFileId="6" StartOffset="2792"/>
</LocList>
<CondStmnt CovItemId="S34" CovItemPrefix="com.OriginalFiles.Analyze.java" Intrnl_Id="1603">
<Branch CovItemId="B13" CovItemPrefix="com.OriginalFiles.Analyze.java" Implct="false" Intrnl_Id="1604">
<Cond/>
<LocList>
<Loc EndOffset="3120" SrcFileId="6" StartOffset="2849"/>
</LocList>
<StmntSeq Intrnl_Id="1605">
<LocList>
<Loc EndOffset="3002" SrcFileId="6" StartOffset="2868"/>
<Loc EndOffset="3105" SrcFileId="6" StartOffset="3020"/>
</LocList>
<CondStmnt CovItemId="S35" CovItemPrefix="com.OriginalFiles.Analyze.java" Intrnl_Id="1606">
<Branch CovItemId="B15" CovItemPrefix="com.OriginalFiles.Analyze.java" Implct="false" Intrnl_Id="1607">
<Cond/>
<LocList>
<Loc EndOffset="3002" SrcFileId="6" StartOffset="2918"/>
</LocList>
<StmntSeq Intrnl_Id="1608">
<LocList>
<Loc EndOffset="2983" SrcFileId="6" StartOffset="2941"/>
</LocList>
<BasicStmnt CovItemId="S36" CovItemPrefix="com.OriginalFiles.Analyze.java" Intrnl_Id="1609">
<LocList>
<Loc EndOffset="2983" SrcFileId="6" StartOffset="2941"/>
</LocList>
</BasicStmnt>
</StmntSeq>
</Branch>
<Branch CovItemId="B16" CovItemPrefix="com.OriginalFiles.Analyze.java" Implct="true" Intrnl_Id="1610">
<Cond/>
<LocList/>
<StmntSeq Intrnl_Id="1611">
<LocList/>
</StmntSeq>
</Branch>
<Keyword EndOffset="2870" SrcFileId="6" StartOffset="2868"/>
<LocList>
<Loc EndOffset="3002" SrcFileId="6" StartOffset="2868"/>
</LocList>
<RootTerm CovItemId="C8" CovItemPrefix="com.OriginalFiles.Analyze.java" Intrnl_Id="1612">
<OpTerm BooleanOpId="8" Intrnl_Id="1613">
<BasicBoolTerm Intrnl_Id="1614">
<LocList>
<Loc EndOffset="2880" SrcFileId="6" StartOffset="2872"/>
</LocList>
</BasicBoolTerm>
<OpTerm BooleanOpId="7" Intrnl_Id="1615">
<BasicBoolTerm Intrnl_Id="1616">
<LocList>
<Loc EndOffset="2916" SrcFileId="6" StartOffset="2885"/>
</LocList>
</BasicBoolTerm>
<LocList>
<Loc EndOffset="2885" SrcFileId="6" StartOffset="2884"/>
</LocList>
</OpTerm>
<LocList>
<Loc EndOffset="2883" SrcFileId="6" StartOffset="2881"/>
</LocList>
</OpTerm>
</RootTerm>
</CondStmnt>
<CondStmnt CovItemId="S37" CovItemPrefix="com.OriginalFiles.Analyze.java" Intrnl_Id="1617">
<Branch CovItemId="B17" CovItemPrefix="com.OriginalFiles.Analyze.java" Implct="false" Intrnl_Id="1618">
<Cond/>
<LocList>
<Loc EndOffset="3105" SrcFileId="6" StartOffset="3051"/>
</LocList>
<StmntSeq Intrnl_Id="1619">
<LocList>
<Loc EndOffset="3086" SrcFileId="6" StartOffset="3074"/>
</LocList>
<BasicStmnt CovItemId="S38" CovItemPrefix="com.OriginalFiles.Analyze.java" Intrnl_Id="1620">
<LocList>
<Loc EndOffset="3086" SrcFileId="6" StartOffset="3074"/>
</LocList>
</BasicStmnt>
</StmntSeq>
</Branch>
<Branch CovItemId="B18" CovItemPrefix="com.OriginalFiles.Analyze.java" Implct="true" Intrnl_Id="1621">
<Cond/>
<LocList/>
<StmntSeq Intrnl_Id="1622">
<LocList/>
</StmntSeq>
</Branch>
<Keyword EndOffset="3022" SrcFileId="6" StartOffset="3020"/>
<LocList>
<Loc EndOffset="3105" SrcFileId="6" StartOffset="3020"/>
</LocList>
<RootTerm CovItemId="C9" CovItemPrefix="com.OriginalFiles.Analyze.java" Intrnl_Id="1623">
<BasicBoolTerm Intrnl_Id="1624">
<LocList>
<Loc EndOffset="3049" SrcFileId="6" StartOffset="3024"/>
</LocList>
</BasicBoolTerm>
</RootTerm>
</CondStmnt>
</StmntSeq>
</Branch>
<Branch CovItemId="B14" CovItemPrefix="com.OriginalFiles.Analyze.java" Implct="true" Intrnl_Id="1625">
<Cond/>
<LocList/>
<StmntSeq Intrnl_Id="1626">
<LocList/>
</StmntSeq>
</Branch>
<Keyword EndOffset="2794" SrcFileId="6" StartOffset="2792"/>
<LocList>
<Loc EndOffset="3120" SrcFileId="6" StartOffset="2792"/>
</LocList>
<RootTerm CovItemId="C7" CovItemPrefix="com.OriginalFiles.Analyze.java" Intrnl_Id="1627">
<BasicBoolTerm Intrnl_Id="1628">
<LocList>
<Loc EndOffset="2847" SrcFileId="6" StartOffset="2796"/>
</LocList>
</BasicBoolTerm>
</RootTerm>
</CondStmnt>
</StmntSeq>
<Keyword EndOffset="2747" SrcFileId="6" StartOffset="2744"/>
<LocList>
<Loc EndOffset="3131" SrcFileId="6" StartOffset="2744"/>
</LocList>
</LoopStmnt>
<BasicStmnt CovItemId="S39" CovItemPrefix="com.OriginalFiles.Analyze.java" Intrnl_Id="1629">
<LocList>
<Loc EndOffset="3154" SrcFileId="6" StartOffset="3141"/>
</LocList>
</BasicStmnt>
</StmntSeq>
</HierarchyLvl>
<HierarchyLvl HierarchyLvlId="1167" HierarchyLvlTypeId="12" Intrnl_Id="1630" Name="countDownToPanic">
<Header>
<Loc EndOffset="3330" SrcFileId="6" StartOffset="3220"/>
</Header>
<LocList>
<Loc EndOffset="3869" SrcFileId="6" StartOffset="3220"/>
</LocList>
<StmntSeq Intrnl_Id="1631">
<LocList>
<Loc EndOffset="3862" SrcFileId="6" StartOffset="3342"/>
</LocList>
<CondStmnt CovItemId="S40" CovItemPrefix="com.OriginalFiles.Analyze.java" Intrnl_Id="1632">
<Branch CovItemId="B19" CovItemPrefix="com.OriginalFiles.Analyze.java" Implct="false" Intrnl_Id="1633">
<Cond/>
<LocList>
<Loc EndOffset="3862" SrcFileId="6" StartOffset="3359"/>
</LocList>
<StmntSeq Intrnl_Id="1634">
<LocList>
<Loc EndOffset="3851" SrcFileId="6" StartOffset="3374"/>
</LocList>
<CondStmnt CovItemId="S41" CovItemPrefix="com.OriginalFiles.Analyze.java" Intrnl_Id="1635">
<Branch CovItemId="B21" CovItemPrefix="com.OriginalFiles.Analyze.java" Implct="false" Intrnl_Id="1636">
<Cond/>
<LocList>
<Loc EndOffset="3549" SrcFileId="6" StartOffset="3408"/>
</LocList>
<StmntSeq Intrnl_Id="1637">
<LocList>
<Loc EndOffset="3454" SrcFileId="6" StartOffset="3427"/>
<Loc EndOffset="3487" SrcFileId="6" StartOffset="3472"/>
<Loc EndOffset="3534" SrcFileId="6" StartOffset="3505"/>
</LocList>
<BasicStmnt CovItemId="S42" CovItemPrefix="com.OriginalFiles.Analyze.java" Intrnl_Id="1638">
<LocList>
<Loc EndOffset="3454" SrcFileId="6" StartOffset="3427"/>
</LocList>
</BasicStmnt>
<BasicStmnt CovItemId="S43" CovItemPrefix="com.OriginalFiles.Analyze.java" Intrnl_Id="1639">
<LocList>
<Loc EndOffset="3487" SrcFileId="6" StartOffset="3472"/>
</LocList>
</BasicStmnt>
<BasicStmnt CovItemId="S44" CovItemPrefix="com.OriginalFiles.Analyze.java" Intrnl_Id="1640">
<LocList>
<Loc EndOffset="3534" SrcFileId="6" StartOffset="3505"/>
</LocList>
</BasicStmnt>
</StmntSeq>
</Branch>
<Branch CovItemId="B22" CovItemPrefix="com.OriginalFiles.Analyze.java" Implct="false" Intrnl_Id="1641">
<Cond>
<Loc EndOffset="3554" SrcFileId="6" StartOffset="3550"/>
</Cond>
<LocList>
<Loc EndOffset="3851" SrcFileId="6" StartOffset="3555"/>
</LocList>
<StmntSeq Intrnl_Id="1642">
<LocList>
<Loc EndOffset="3851" SrcFileId="6" StartOffset="3555"/>
</LocList>
<CondStmnt CovItemId="S45" CovItemPrefix="com.OriginalFiles.Analyze.java" Intrnl_Id="1643">
<Branch CovItemId="B23" CovItemPrefix="com.OriginalFiles.Analyze.java" Implct="false" Intrnl_Id="1644">
<Cond/>
<LocList>
<Loc EndOffset="3778" SrcFileId="6" StartOffset="3589"/>
</LocList>
<StmntSeq Intrnl_Id="1645">
<LocList>
<Loc EndOffset="3638" SrcFileId="6" StartOffset="3608"/>
<Loc EndOffset="3683" SrcFileId="6" StartOffset="3656"/>
<Loc EndOffset="3716" SrcFileId="6" StartOffset="3701"/>
<Loc EndOffset="3763" SrcFileId="6" StartOffset="3734"/>
</LocList>
<BasicStmnt CovItemId="S46" CovItemPrefix="com.OriginalFiles.Analyze.java" Intrnl_Id="1646">
<LocList>
<Loc EndOffset="3638" SrcFileId="6" StartOffset="3608"/>
</LocList>
</BasicStmnt>
<BasicStmnt CovItemId="S47" CovItemPrefix="com.OriginalFiles.Analyze.java" Intrnl_Id="1647">
<LocList>
<Loc EndOffset="3683" SrcFileId="6" StartOffset="3656"/>
</LocList>
</BasicStmnt>
<BasicStmnt CovItemId="S48" CovItemPrefix="com.OriginalFiles.Analyze.java" Intrnl_Id="1648">
<LocList>
<Loc EndOffset="3716" SrcFileId="6" StartOffset="3701"/>
</LocList>
</BasicStmnt>
<BasicStmnt CovItemId="S49" CovItemPrefix="com.OriginalFiles.Analyze.java" Intrnl_Id="1649">
<LocList>
<Loc EndOffset="3763" SrcFileId="6" StartOffset="3734"/>
</LocList>
</BasicStmnt>
</StmntSeq>
</Branch>
<Branch CovItemId="B24" CovItemPrefix="com.OriginalFiles.Analyze.java" Implct="false" Intrnl_Id="1650">
<Cond>
<Loc EndOffset="3783" SrcFileId="6" StartOffset="3779"/>
</Cond>
<LocList>
<Loc EndOffset="3851" SrcFileId="6" StartOffset="3784"/>
</LocList>
<StmntSeq Intrnl_Id="1651">
<LocList>
<Loc EndOffset="3836" SrcFileId="6" StartOffset="3803"/>
</LocList>
<BasicStmnt CovItemId="S50" CovItemPrefix="com.OriginalFiles.Analyze.java" Intrnl_Id="1652">
<LocList>
<Loc EndOffset="3836" SrcFileId="6" StartOffset="3803"/>
</LocList>
</BasicStmnt>
</StmntSeq>
</Branch>
<Keyword EndOffset="3557" SrcFileId="6" StartOffset="3555"/>
<LocList>
<Loc EndOffset="3851" SrcFileId="6" StartOffset="3555"/>
</LocList>
<RootTerm CovItemId="C12" CovItemPrefix="com.OriginalFiles.Analyze.java" Intrnl_Id="1653">
<BasicBoolTerm Intrnl_Id="1654">
<LocList>
<Loc EndOffset="3587" SrcFileId="6" StartOffset="3559"/>
</LocList>
</BasicBoolTerm>
</RootTerm>
</CondStmnt>
</StmntSeq>
</Branch>
<Keyword EndOffset="3376" SrcFileId="6" StartOffset="3374"/>
<LocList>
<Loc EndOffset="3851" SrcFileId="6" StartOffset="3374"/>
</LocList>
<RootTerm CovItemId="C11" CovItemPrefix="com.OriginalFiles.Analyze.java" Intrnl_Id="1655">
<BasicBoolTerm Intrnl_Id="1656">
<LocList>
<Loc EndOffset="3406" SrcFileId="6" StartOffset="3378"/>
</LocList>
</BasicBoolTerm>
</RootTerm>
</CondStmnt>
</StmntSeq>
</Branch>
<Branch CovItemId="B20" CovItemPrefix="com.OriginalFiles.Analyze.java" Implct="true" Intrnl_Id="1657">
<Cond/>
<LocList/>
<StmntSeq Intrnl_Id="1658">
<LocList/>
</StmntSeq>
</Branch>
<Keyword EndOffset="3344" SrcFileId="6" StartOffset="3342"/>
<LocList>
<Loc EndOffset="3862" SrcFileId="6" StartOffset="3342"/>
</LocList>
<RootTerm CovItemId="C10" CovItemPrefix="com.OriginalFiles.Analyze.java" Intrnl_Id="1659">
<OpTerm BooleanOpId="7" Intrnl_Id="1660">
<BasicBoolTerm Intrnl_Id="1661">
<LocList>
<Loc EndOffset="3357" SrcFileId="6" StartOffset="3347"/>
</LocList>
</BasicBoolTerm>
<LocList>
<Loc EndOffset="3347" SrcFileId="6" StartOffset="3346"/>
</LocList>
</OpTerm>
</RootTerm>
</CondStmnt>
</StmntSeq>
</HierarchyLvl>
<HierarchyLvl HierarchyLvlId="1168" HierarchyLvlTypeId="12" Intrnl_Id="1662" Name="trackMovement">
<Header>
<Loc EndOffset="4057" SrcFileId="6" StartOffset="3944"/>
</Header>
<LocList>
<Loc EndOffset="4467" SrcFileId="6" StartOffset="3944"/>
</LocList>
<StmntSeq Intrnl_Id="1663">
<LocList>
<Loc EndOffset="4096" SrcFileId="6" StartOffset="4069"/>
<Loc EndOffset="4430" SrcFileId="6" StartOffset="4106"/>
<Loc EndOffset="4460" SrcFileId="6" StartOffset="4442"/>
</LocList>
<BasicStmnt CovItemId="S51" CovItemPrefix="com.OriginalFiles.Analyze.java" Intrnl_Id="1664">
<LocList>
<Loc EndOffset="4096" SrcFileId="6" StartOffset="4069"/>
</LocList>
</BasicStmnt>
<CondStmnt CovItemId="S52" CovItemPrefix="com.OriginalFiles.Analyze.java" Intrnl_Id="1665">
<Branch CovItemId="B25" CovItemPrefix="com.OriginalFiles.Analyze.java" Implct="false" Intrnl_Id="1666">
<Cond/>
<LocList>
<Loc EndOffset="4354" SrcFileId="6" StartOffset="4143"/>
</LocList>
<StmntSeq Intrnl_Id="1667">
<LocList>
<Loc EndOffset="4236" SrcFileId="6" StartOffset="4158"/>
<Loc EndOffset="4343" SrcFileId="6" StartOffset="4250"/>
</LocList>
<CondStmnt CovItemId="S53" CovItemPrefix="com.OriginalFiles.Analyze.java" Intrnl_Id="1668">
<Branch CovItemId="B27" CovItemPrefix="com.OriginalFiles.Analyze.java" Implct="false" Intrnl_Id="1669">
<Cond/>
<LocList>
<Loc EndOffset="4236" SrcFileId="6" StartOffset="4184"/>
</LocList>
<StmntSeq Intrnl_Id="1670">
<LocList>
<Loc EndOffset="4221" SrcFileId="6" StartOffset="4203"/>
</LocList>
<BasicStmnt CovItemId="S54" CovItemPrefix="com.OriginalFiles.Analyze.java" Intrnl_Id="1671">
<LocList>
<Loc EndOffset="4221" SrcFileId="6" StartOffset="4203"/>
</LocList>
</BasicStmnt>
</StmntSeq>
</Branch>
<Branch CovItemId="B28" CovItemPrefix="com.OriginalFiles.Analyze.java" Implct="true" Intrnl_Id="1672">
<Cond/>
<LocList/>
<StmntSeq Intrnl_Id="1673">
<LocList/>
</StmntSeq>
</Branch>
<Keyword EndOffset="4160" SrcFileId="6" StartOffset="4158"/>
<LocList>
<Loc EndOffset="4236" SrcFileId="6" StartOffset="4158"/>
</LocList>
<RootTerm CovItemId="C14" CovItemPrefix="com.OriginalFiles.Analyze.java" Intrnl_Id="1674">
<BasicBoolTerm Intrnl_Id="1675">
<LocList>
<Loc EndOffset="4182" SrcFileId="6" StartOffset="4162"/>
</LocList>
</BasicBoolTerm>
</RootTerm>
</CondStmnt>
<CondStmnt CovItemId="S55" CovItemPrefix="com.OriginalFiles.Analyze.java" Intrnl_Id="1676">
<Branch CovItemId="B29" CovItemPrefix="com.OriginalFiles.Analyze.java" Implct="false" Intrnl_Id="1677">
<Cond/>
<LocList>
<Loc EndOffset="4343" SrcFileId="6" StartOffset="4267"/>
</LocList>
<StmntSeq Intrnl_Id="1678">
<LocList>
<Loc EndOffset="4328" SrcFileId="6" StartOffset="4286"/>
</LocList>
<BasicStmnt CovItemId="S56" CovItemPrefix="com.OriginalFiles.Analyze.java" Intrnl_Id="1679">
<LocList>
<Loc EndOffset="4328" SrcFileId="6" StartOffset="4286"/>
</LocList>
</BasicStmnt>
</StmntSeq>
</Branch>
<Branch CovItemId="B30" CovItemPrefix="com.OriginalFiles.Analyze.java" Implct="true" Intrnl_Id="1680">
<Cond/>
<LocList/>
<StmntSeq Intrnl_Id="1681">
<LocList/>
</StmntSeq>
</Branch>
<Keyword EndOffset="4252" SrcFileId="6" StartOffset="4250"/>
<LocList>
<Loc EndOffset="4343" SrcFileId="6" StartOffset="4250"/>
</LocList>
<RootTerm CovItemId="C15" CovItemPrefix="com.OriginalFiles.Analyze.java" Intrnl_Id="1682">
<OpTerm BooleanOpId="7" Intrnl_Id="1683">
<BasicBoolTerm Intrnl_Id="1684">
<LocList>
<Loc EndOffset="4265" SrcFileId="6" StartOffset="4255"/>
</LocList>
</BasicBoolTerm>
<LocList>
<Loc EndOffset="4255" SrcFileId="6" StartOffset="4254"/>
</LocList>
</OpTerm>
</RootTerm>
</CondStmnt>
</StmntSeq>
</Branch>
<Branch CovItemId="B26" CovItemPrefix="com.OriginalFiles.Analyze.java" Implct="false" Intrnl_Id="1685">
<Cond>
<Loc EndOffset="4359" SrcFileId="6" StartOffset="4355"/>
</Cond>
<LocList>
<Loc EndOffset="4430" SrcFileId="6" StartOffset="4360"/>
</LocList>
<StmntSeq Intrnl_Id="1686">
<LocList>
<Loc EndOffset="4430" SrcFileId="6" StartOffset="4360"/>
</LocList>
<CondStmnt CovItemId="S57" CovItemPrefix="com.OriginalFiles.Analyze.java" Intrnl_Id="1687">
<Branch CovItemId="B31" CovItemPrefix="com.OriginalFiles.Analyze.java" Implct="false" Intrnl_Id="1688">
<Cond/>
<LocList>
<Loc EndOffset="4430" SrcFileId="6" StartOffset="4386"/>
</LocList>
<StmntSeq Intrnl_Id="1689">
<LocList>
<Loc EndOffset="4419" SrcFileId="6" StartOffset="4401"/>
</LocList>
<BasicStmnt CovItemId="S58" CovItemPrefix="com.OriginalFiles.Analyze.java" Intrnl_Id="1690">
<LocList>
<Loc EndOffset="4419" SrcFileId="6" StartOffset="4401"/>
</LocList>
</BasicStmnt>
</StmntSeq>
</Branch>
<Branch CovItemId="B32" CovItemPrefix="com.OriginalFiles.Analyze.java" Implct="true" Intrnl_Id="1691">
<Cond/>
<LocList/>
<StmntSeq Intrnl_Id="1692">
<LocList/>
</StmntSeq>
</Branch>
<Keyword EndOffset="4362" SrcFileId="6" StartOffset="4360"/>
<LocList>
<Loc EndOffset="4430" SrcFileId="6" StartOffset="4360"/>
</LocList>
<RootTerm CovItemId="C16" CovItemPrefix="com.OriginalFiles.Analyze.java" Intrnl_Id="1693">
<BasicBoolTerm Intrnl_Id="1694">
<LocList>
<Loc EndOffset="4384" SrcFileId="6" StartOffset="4364"/>
</LocList>
</BasicBoolTerm>
</RootTerm>
</CondStmnt>
</StmntSeq>
</Branch>
<Keyword EndOffset="4108" SrcFileId="6" StartOffset="4106"/>
<LocList>
<Loc EndOffset="4430" SrcFileId="6" StartOffset="4106"/>
</LocList>
<RootTerm CovItemId="C13" CovItemPrefix="com.OriginalFiles.Analyze.java" Intrnl_Id="1695">
<BasicBoolTerm Intrnl_Id="1696">
<LocList>
<Loc EndOffset="4141" SrcFileId="6" StartOffset="4110"/>
</LocList>
</BasicBoolTerm>
</RootTerm>
</CondStmnt>
<BasicStmnt CovItemId="S59" CovItemPrefix="com.OriginalFiles.Analyze.java" Intrnl_Id="1697">
<LocList>
<Loc EndOffset="4460" SrcFileId="6" StartOffset="4442"/>
</LocList>
</BasicStmnt>
</StmntSeq>
</HierarchyLvl>
<HierarchyLvl HierarchyLvlId="1169" HierarchyLvlTypeId="12" Intrnl_Id="1698" Name="checkMove">
<Header>
<Loc EndOffset="4613" SrcFileId="6" StartOffset="4504"/>
</Header>
<LocList>
<Loc EndOffset="6774" SrcFileId="6" StartOffset="4504"/>
</LocList>
<StmntSeq Intrnl_Id="1699">
<LocList>
<Loc EndOffset="6744" SrcFileId="6" StartOffset="4670"/>
<Loc EndOffset="6767" SrcFileId="6" StartOffset="6754"/>
</LocList>
<CondStmnt CovItemId="S60" CovItemPrefix="com.OriginalFiles.Analyze.java" Intrnl_Id="1700">
<Branch CovItemId="B33" CovItemPrefix="com.OriginalFiles.Analyze.java" Implct="false" Intrnl_Id="1701">
<Cond/>
<LocList>
<Loc EndOffset="5155" SrcFileId="6" StartOffset="4727"/>
</LocList>
<StmntSeq Intrnl_Id="1702">
<LocList>
<Loc EndOffset="5104" SrcFileId="6" StartOffset="4746"/>
</LocList>
<CondStmnt CovItemId="S61" CovItemPrefix="com.OriginalFiles.Analyze.java" Intrnl_Id="1703">
<Branch CovItemId="B35" CovItemPrefix="com.OriginalFiles.Analyze.java" Implct="false" Intrnl_Id="1704">
<Cond/>
<LocList>
<Loc EndOffset="5043" SrcFileId="6" StartOffset="4852"/>
</LocList>
<StmntSeq Intrnl_Id="1705">
<LocList>
<Loc EndOffset="4990" SrcFileId="6" StartOffset="4875"/>
<Loc EndOffset="5024" SrcFileId="6" StartOffset="5012"/>
</LocList>
<BasicStmnt CovItemId="S62" CovItemPrefix="com.OriginalFiles.Analyze.java" Intrnl_Id="1706">
<LocList>
<Loc EndOffset="4990" SrcFileId="6" StartOffset="4875"/>
</LocList>
</BasicStmnt>
<BasicStmnt CovItemId="S63" CovItemPrefix="com.OriginalFiles.Analyze.java" Intrnl_Id="1707">
<LocList>
<Loc EndOffset="5024" SrcFileId="6" StartOffset="5012"/>
</LocList>
</BasicStmnt>
</StmntSeq>
</Branch>
<Branch CovItemId="B36" CovItemPrefix="com.OriginalFiles.Analyze.java" Implct="false" Intrnl_Id="1708">
<Cond>
<Loc EndOffset="5048" SrcFileId="6" StartOffset="5044"/>
</Cond>
<LocList>
<Loc EndOffset="5104" SrcFileId="6" StartOffset="5049"/>
</LocList>
<StmntSeq Intrnl_Id="1709">
<LocList>
<Loc EndOffset="5085" SrcFileId="6" StartOffset="5072"/>
</LocList>
<BasicStmnt CovItemId="S64" CovItemPrefix="com.OriginalFiles.Analyze.java" Intrnl_Id="1710">
<LocList>
<Loc EndOffset="5085" SrcFileId="6" StartOffset="5072"/>
</LocList>
</BasicStmnt>
</StmntSeq>
</Branch>
<Keyword EndOffset="4748" SrcFileId="6" StartOffset="4746"/>
<LocList>
<Loc EndOffset="5104" SrcFileId="6" StartOffset="4746"/>
</LocList>
<RootTerm CovItemId="C18" CovItemPrefix="com.OriginalFiles.Analyze.java" Intrnl_Id="1711">
<BasicBoolTerm Intrnl_Id="1712">
<LocList>
<Loc EndOffset="4850" SrcFileId="6" StartOffset="4750"/>
</LocList>
</BasicBoolTerm>
</RootTerm>
</CondStmnt>
</StmntSeq>
</Branch>
<Branch CovItemId="B34" CovItemPrefix="com.OriginalFiles.Analyze.java" Implct="false" Intrnl_Id="1713">
<Cond>
<Loc EndOffset="5160" SrcFileId="6" StartOffset="5156"/>
</Cond>
<LocList>
<Loc EndOffset="6744" SrcFileId="6" StartOffset="5161"/>
</LocList>
<StmntSeq Intrnl_Id="1714">
<LocList>
<Loc EndOffset="6744" SrcFileId="6" StartOffset="5161"/>
</LocList>
<CondStmnt CovItemId="S65" CovItemPrefix="com.OriginalFiles.Analyze.java" Intrnl_Id="1715">
<Branch CovItemId="B37" CovItemPrefix="com.OriginalFiles.Analyze.java" Implct="false" Intrnl_Id="1716">
<Cond/>
<LocList>
<Loc EndOffset="5660" SrcFileId="6" StartOffset="5219"/>
</LocList>
<StmntSeq Intrnl_Id="1717">
<LocList>
<Loc EndOffset="5596" SrcFileId="6" StartOffset="5238"/>
</LocList>
<CondStmnt CovItemId="S66" CovItemPrefix="com.OriginalFiles.Analyze.java" Intrnl_Id="1718">
<Branch CovItemId="B39" CovItemPrefix="com.OriginalFiles.Analyze.java" Implct="false" Intrnl_Id="1719">
<Cond/>
<LocList>
<Loc EndOffset="5535" SrcFileId="6" StartOffset="5344"/>
</LocList>
<StmntSeq Intrnl_Id="1720">
<LocList>
<Loc EndOffset="5482" SrcFileId="6" StartOffset="5367"/>
<Loc EndOffset="5516" SrcFileId="6" StartOffset="5504"/>
</LocList>
<BasicStmnt CovItemId="S67" CovItemPrefix="com.OriginalFiles.Analyze.java" Intrnl_Id="1721">
<LocList>
<Loc EndOffset="5482" SrcFileId="6" StartOffset="5367"/>
</LocList>
</BasicStmnt>
<BasicStmnt CovItemId="S68" CovItemPrefix="com.OriginalFiles.Analyze.java" Intrnl_Id="1722">
<LocList>
<Loc EndOffset="5516" SrcFileId="6" StartOffset="5504"/>
</LocList>
</BasicStmnt>
</StmntSeq>
</Branch>
<Branch CovItemId="B40" CovItemPrefix="com.OriginalFiles.Analyze.java" Implct="false" Intrnl_Id="1723">
<Cond>
<Loc EndOffset="5540" SrcFileId="6" StartOffset="5536"/>
</Cond>
<LocList>
<Loc EndOffset="5596" SrcFileId="6" StartOffset="5541"/>
</LocList>
<StmntSeq Intrnl_Id="1724">
<LocList>
<Loc EndOffset="5577" SrcFileId="6" StartOffset="5564"/>
</LocList>
<BasicStmnt CovItemId="S69" CovItemPrefix="com.OriginalFiles.Analyze.java" Intrnl_Id="1725">
<LocList>
<Loc EndOffset="5577" SrcFileId="6" StartOffset="5564"/>
</LocList>
</BasicStmnt>
</StmntSeq>
</Branch>
<Keyword EndOffset="5240" SrcFileId="6" StartOffset="5238"/>
<LocList>
<Loc EndOffset="5596" SrcFileId="6" StartOffset="5238"/>
</LocList>
<RootTerm CovItemId="C20" CovItemPrefix="com.OriginalFiles.Analyze.java" Intrnl_Id="1726">
<BasicBoolTerm Intrnl_Id="1727">
<LocList>
<Loc EndOffset="5342" SrcFileId="6" StartOffset="5242"/>
</LocList>
</BasicBoolTerm>
</RootTerm>
</CondStmnt>
</StmntSeq>
</Branch>
<Branch CovItemId="B38" CovItemPrefix="com.OriginalFiles.Analyze.java" Implct="false" Intrnl_Id="1728">
<Cond>
<Loc EndOffset="5665" SrcFileId="6" StartOffset="5661"/>
</Cond>
<LocList>
<Loc EndOffset="6744" SrcFileId="6" StartOffset="5666"/>
</LocList>
<StmntSeq Intrnl_Id="1729">
<LocList>
<Loc EndOffset="6744" SrcFileId="6" StartOffset="5666"/>
</LocList>
<CondStmnt CovItemId="S70" CovItemPrefix="com.OriginalFiles.Analyze.java" Intrnl_Id="1730">
<Branch CovItemId="B41" CovItemPrefix="com.OriginalFiles.Analyze.java" Implct="false" Intrnl_Id="1731">
<Cond/>
<LocList>
<Loc EndOffset="6744" SrcFileId="6" StartOffset="5705"/>
</LocList>
<StmntSeq Intrnl_Id="1732">
<LocList>
<Loc EndOffset="6729" SrcFileId="6" StartOffset="5724"/>
</LocList>
<CondStmnt CovItemId="S71" CovItemPrefix="com.OriginalFiles.Analyze.java" Intrnl_Id="1733">
<Branch CovItemId="B43" CovItemPrefix="com.OriginalFiles.Analyze.java" Implct="false" Intrnl_Id="1734">
<Cond/>
<LocList>
<Loc EndOffset="6210" SrcFileId="6" StartOffset="5782"/>
</LocList>
<StmntSeq Intrnl_Id="1735">
<LocList>
<Loc EndOffset="6191" SrcFileId="6" StartOffset="5805"/>
</LocList>
<CondStmnt CovItemId="S72" CovItemPrefix="com.OriginalFiles.Analyze.java" Intrnl_Id="1736">
<Branch CovItemId="B45" CovItemPrefix="com.OriginalFiles.Analyze.java" Implct="false" Intrnl_Id="1737">
<Cond/>
<LocList>
<Loc EndOffset="6122" SrcFileId="6" StartOffset="5915"/>
</LocList>
<StmntSeq Intrnl_Id="1738">
<LocList>
<Loc EndOffset="6061" SrcFileId="6" StartOffset="5942"/>
<Loc EndOffset="6099" SrcFileId="6" StartOffset="6087"/>
</LocList>
<BasicStmnt CovItemId="S73" CovItemPrefix="com.OriginalFiles.Analyze.java" Intrnl_Id="1739">
<LocList>
<Loc EndOffset="6061" SrcFileId="6" StartOffset="5942"/>
</LocList>
</BasicStmnt>
<BasicStmnt CovItemId="S74" CovItemPrefix="com.OriginalFiles.Analyze.java" Intrnl_Id="1740">
<LocList>
<Loc EndOffset="6099" SrcFileId="6" StartOffset="6087"/>
</LocList>
</BasicStmnt>
</StmntSeq>
</Branch>
<Branch CovItemId="B46" CovItemPrefix="com.OriginalFiles.Analyze.java" Implct="false" Intrnl_Id="1741">
<Cond>
<Loc EndOffset="6127" SrcFileId="6" StartOffset="6123"/>
</Cond>
<LocList>
<Loc EndOffset="6191" SrcFileId="6" StartOffset="6128"/>
</LocList>
<StmntSeq Intrnl_Id="1742">
<LocList>
<Loc EndOffset="6168" SrcFileId="6" StartOffset="6155"/>
</LocList>
<BasicStmnt CovItemId="S75" CovItemPrefix="com.OriginalFiles.Analyze.java" Intrnl_Id="1743">
<LocList>
<Loc EndOffset="6168" SrcFileId="6" StartOffset="6155"/>
</LocList>
</BasicStmnt>
</StmntSeq>
</Branch>
<Keyword EndOffset="5807" SrcFileId="6" StartOffset="5805"/>
<LocList>
<Loc EndOffset="6191" SrcFileId="6" StartOffset="5805"/>
</LocList>
<RootTerm CovItemId="C23" CovItemPrefix="com.OriginalFiles.Analyze.java" Intrnl_Id="1744">
<BasicBoolTerm Intrnl_Id="1745">
<LocList>
<Loc EndOffset="5913" SrcFileId="6" StartOffset="5809"/>
</LocList>
</BasicBoolTerm>
</RootTerm>
</CondStmnt>
</StmntSeq>
</Branch>
<Branch CovItemId="B44" CovItemPrefix="com.OriginalFiles.Analyze.java" Implct="false" Intrnl_Id="1746">
<Cond>
<Loc EndOffset="6215" SrcFileId="6" StartOffset="6211"/>
</Cond>
<LocList>
<Loc EndOffset="6729" SrcFileId="6" StartOffset="6216"/>
</LocList>
<StmntSeq Intrnl_Id="1747">
<LocList>
<Loc EndOffset="6729" SrcFileId="6" StartOffset="6216"/>
</LocList>
<CondStmnt CovItemId="S76" CovItemPrefix="com.OriginalFiles.Analyze.java" Intrnl_Id="1748">
<Branch CovItemId="B47" CovItemPrefix="com.OriginalFiles.Analyze.java" Implct="false" Intrnl_Id="1749">
<Cond/>
<LocList>
<Loc EndOffset="6729" SrcFileId="6" StartOffset="6301"/>
</LocList>
<StmntSeq Intrnl_Id="1750">
<LocList>
<Loc EndOffset="6710" SrcFileId="6" StartOffset="6324"/>
</LocList>
<CondStmnt CovItemId="S77" CovItemPrefix="com.OriginalFiles.Analyze.java" Intrnl_Id="1751">
<Branch CovItemId="B49" CovItemPrefix="com.OriginalFiles.Analyze.java" Implct="false" Intrnl_Id="1752">
<Cond/>
<LocList>
<Loc EndOffset="6641" SrcFileId="6" StartOffset="6434"/>
</LocList>
<StmntSeq Intrnl_Id="1753">
<LocList>
<Loc EndOffset="6580" SrcFileId="6" StartOffset="6461"/>
<Loc EndOffset="6618" SrcFileId="6" StartOffset="6606"/>
</LocList>
<BasicStmnt CovItemId="S78" CovItemPrefix="com.OriginalFiles.Analyze.java" Intrnl_Id="1754">
<LocList>
<Loc EndOffset="6580" SrcFileId="6" StartOffset="6461"/>
</LocList>
</BasicStmnt>
<BasicStmnt CovItemId="S79" CovItemPrefix="com.OriginalFiles.Analyze.java" Intrnl_Id="1755">
<LocList>
<Loc EndOffset="6618" SrcFileId="6" StartOffset="6606"/>
</LocList>
</BasicStmnt>
</StmntSeq>
</Branch>
<Branch CovItemId="B50" CovItemPrefix="com.OriginalFiles.Analyze.java" Implct="false" Intrnl_Id="1756">
<Cond>
<Loc EndOffset="6646" SrcFileId="6" StartOffset="6642"/>
</Cond>
<LocList>
<Loc EndOffset="6710" SrcFileId="6" StartOffset="6647"/>
</LocList>
<StmntSeq Intrnl_Id="1757">
<LocList>
<Loc EndOffset="6687" SrcFileId="6" StartOffset="6674"/>
</LocList>
<BasicStmnt CovItemId="S80" CovItemPrefix="com.OriginalFiles.Analyze.java" Intrnl_Id="1758">
<LocList>
<Loc EndOffset="6687" SrcFileId="6" StartOffset="6674"/>
</LocList>
</BasicStmnt>
</StmntSeq>
</Branch>
<Keyword EndOffset="6326" SrcFileId="6" StartOffset="6324"/>
<LocList>
<Loc EndOffset="6710" SrcFileId="6" StartOffset="6324"/>
</LocList>
<RootTerm CovItemId="C25" CovItemPrefix="com.OriginalFiles.Analyze.java" Intrnl_Id="1759">
<BasicBoolTerm Intrnl_Id="1760">
<LocList>
<Loc EndOffset="6432" SrcFileId="6" StartOffset="6328"/>
</LocList>
</BasicBoolTerm>
</RootTerm>
</CondStmnt>
</StmntSeq>
</Branch>
<Branch CovItemId="B48" CovItemPrefix="com.OriginalFiles.Analyze.java" Implct="true" Intrnl_Id="1761">
<Cond/>
<LocList/>
<StmntSeq Intrnl_Id="1762">
<LocList/>
</StmntSeq>
</Branch>
<Keyword EndOffset="6218" SrcFileId="6" StartOffset="6216"/>
<LocList>
<Loc EndOffset="6729" SrcFileId="6" StartOffset="6216"/>
</LocList>
<RootTerm CovItemId="C24" CovItemPrefix="com.OriginalFiles.Analyze.java" Intrnl_Id="1763">
<BasicBoolTerm Intrnl_Id="1764">
<LocList>
<Loc EndOffset="6299" SrcFileId="6" StartOffset="6220"/>
</LocList>
</BasicBoolTerm>
</RootTerm>
</CondStmnt>
</StmntSeq>
</Branch>
<Keyword EndOffset="5726" SrcFileId="6" StartOffset="5724"/>
<LocList>
<Loc EndOffset="6729" SrcFileId="6" StartOffset="5724"/>
</LocList>
<RootTerm CovItemId="C22" CovItemPrefix="com.OriginalFiles.Analyze.java" Intrnl_Id="1765">
<BasicBoolTerm Intrnl_Id="1766">
<LocList>
<Loc EndOffset="5780" SrcFileId="6" StartOffset="5728"/>
</LocList>
</BasicBoolTerm>
</RootTerm>
</CondStmnt>
</StmntSeq>
</Branch>
<Branch CovItemId="B42" CovItemPrefix="com.OriginalFiles.Analyze.java" Implct="true" Intrnl_Id="1767">
<Cond/>
<LocList/>
<StmntSeq Intrnl_Id="1768">
<LocList/>
</StmntSeq>
</Branch>
<Keyword EndOffset="5668" SrcFileId="6" StartOffset="5666"/>
<LocList>
<Loc EndOffset="6744" SrcFileId="6" StartOffset="5666"/>
</LocList>
<RootTerm CovItemId="C21" CovItemPrefix="com.OriginalFiles.Analyze.java" Intrnl_Id="1769">
<BasicBoolTerm Intrnl_Id="1770">
<LocList>
<Loc EndOffset="5703" SrcFileId="6" StartOffset="5670"/>
</LocList>
</BasicBoolTerm>
</RootTerm>
</CondStmnt>
</StmntSeq>
</Branch>
<Keyword EndOffset="5163" SrcFileId="6" StartOffset="5161"/>
<LocList>
<Loc EndOffset="6744" SrcFileId="6" StartOffset="5161"/>
</LocList>
<RootTerm CovItemId="C19" CovItemPrefix="com.OriginalFiles.Analyze.java" Intrnl_Id="1771">
<BasicBoolTerm Intrnl_Id="1772">
<LocList>
<Loc EndOffset="5217" SrcFileId="6" StartOffset="5165"/>
</LocList>
</BasicBoolTerm>
</RootTerm>
</CondStmnt>
</StmntSeq>
</Branch>
<Keyword EndOffset="4672" SrcFileId="6" StartOffset="4670"/>
<LocList>
<Loc EndOffset="6744" SrcFileId="6" StartOffset="4670"/>
</LocList>
<RootTerm CovItemId="C17" CovItemPrefix="com.OriginalFiles.Analyze.java" Intrnl_Id="1773">
<BasicBoolTerm Intrnl_Id="1774">
<LocList>
<Loc EndOffset="4725" SrcFileId="6" StartOffset="4674"/>
</LocList>
</BasicBoolTerm>
</RootTerm>
</CondStmnt>
<BasicStmnt CovItemId="S81" CovItemPrefix="com.OriginalFiles.Analyze.java" Intrnl_Id="1775">
<LocList>
<Loc EndOffset="6767" SrcFileId="6" StartOffset="6754"/>
</LocList>
</BasicStmnt>
</StmntSeq>
</HierarchyLvl>
<HierarchyLvl HierarchyLvlId="1170" HierarchyLvlTypeId="12" Intrnl_Id="1776" Name="validateMove">
<Header>
<Loc EndOffset="6947" SrcFileId="6" StartOffset="6843"/>
</Header>
<LocList>
<Loc EndOffset="8102" SrcFileId="6" StartOffset="6843"/>
</LocList>
<StmntSeq Intrnl_Id="1777">
<LocList>
<Loc EndOffset="7009" SrcFileId="6" StartOffset="6961"/>
<Loc EndOffset="7166" SrcFileId="6" StartOffset="7019"/>
<Loc EndOffset="7323" SrcFileId="6" StartOffset="7176"/>
<Loc EndOffset="7480" SrcFileId="6" StartOffset="7333"/>
<Loc EndOffset="7637" SrcFileId="6" StartOffset="7490"/>
<Loc EndOffset="7674" SrcFileId="6" StartOffset="7647"/>
<Loc EndOffset="8066" SrcFileId="6" StartOffset="7684"/>
<Loc EndOffset="8095" SrcFileId="6" StartOffset="8076"/>
</LocList>
<BasicStmnt CovItemId="S82" CovItemPrefix="com.OriginalFiles.Analyze.java" Intrnl_Id="1778">
<LocList>
<Loc EndOffset="7009" SrcFileId="6" StartOffset="6961"/>
</LocList>
</BasicStmnt>
<CondStmnt CovItemId="S83" CovItemPrefix="com.OriginalFiles.Analyze.java" Intrnl_Id="1779">
<Branch CovItemId="B51" CovItemPrefix="com.OriginalFiles.Analyze.java" Implct="false" Intrnl_Id="1780">
<Cond/>
<LocList>
<Loc EndOffset="7166" SrcFileId="6" StartOffset="7076"/>
</LocList>
<StmntSeq Intrnl_Id="1781">
<LocList>
<Loc EndOffset="7155" SrcFileId="6" StartOffset="7091"/>
</LocList>
<BasicStmnt CovItemId="S84" CovItemPrefix="com.OriginalFiles.Analyze.java" Intrnl_Id="1782">
<LocList>
<Loc EndOffset="7155" SrcFileId="6" StartOffset="7091"/>
</LocList>
</BasicStmnt>
</StmntSeq>
</Branch>
<Branch CovItemId="B52" CovItemPrefix="com.OriginalFiles.Analyze.java" Implct="true" Intrnl_Id="1783">
<Cond/>
<LocList/>
<StmntSeq Intrnl_Id="1784">
<LocList/>
</StmntSeq>
</Branch>
<Keyword EndOffset="7021" SrcFileId="6" StartOffset="7019"/>
<LocList>
<Loc EndOffset="7166" SrcFileId="6" StartOffset="7019"/>
</LocList>
<RootTerm CovItemId="C26" CovItemPrefix="com.OriginalFiles.Analyze.java" Intrnl_Id="1785">
<BasicBoolTerm Intrnl_Id="1786">
<LocList>
<Loc EndOffset="7074" SrcFileId="6" StartOffset="7023"/>
</LocList>
</BasicBoolTerm>
</RootTerm>
</CondStmnt>
<CondStmnt CovItemId="S85" CovItemPrefix="com.OriginalFiles.Analyze.java" Intrnl_Id="1787">
<Branch CovItemId="B53" CovItemPrefix="com.OriginalFiles.Analyze.java" Implct="false" Intrnl_Id="1788">
<Cond/>
<LocList>
<Loc EndOffset="7323" SrcFileId="6" StartOffset="7233"/>
</LocList>
<StmntSeq Intrnl_Id="1789">
<LocList>
<Loc EndOffset="7312" SrcFileId="6" StartOffset="7248"/>
</LocList>
<BasicStmnt CovItemId="S86" CovItemPrefix="com.OriginalFiles.Analyze.java" Intrnl_Id="1790">
<LocList>
<Loc EndOffset="7312" SrcFileId="6" StartOffset="7248"/>
</LocList>
</BasicStmnt>
</StmntSeq>
</Branch>
<Branch CovItemId="B54" CovItemPrefix="com.OriginalFiles.Analyze.java" Implct="true" Intrnl_Id="1791">
<Cond/>
<LocList/>
<StmntSeq Intrnl_Id="1792">
<LocList/>
</StmntSeq>
</Branch>
<Keyword EndOffset="7178" SrcFileId="6" StartOffset="7176"/>
<LocList>
<Loc EndOffset="7323" SrcFileId="6" StartOffset="7176"/>
</LocList>
<RootTerm CovItemId="C27" CovItemPrefix="com.OriginalFiles.Analyze.java" Intrnl_Id="1793">
<BasicBoolTerm Intrnl_Id="1794">
<LocList>
<Loc EndOffset="7231" SrcFileId="6" StartOffset="7180"/>
</LocList>
</BasicBoolTerm>
</RootTerm>
</CondStmnt>
<CondStmnt CovItemId="S87" CovItemPrefix="com.OriginalFiles.Analyze.java" Intrnl_Id="1795">
<Branch CovItemId="B55" CovItemPrefix="com.OriginalFiles.Analyze.java" Implct="false" Intrnl_Id="1796">
<Cond/>
<LocList>
<Loc EndOffset="7480" SrcFileId="6" StartOffset="7390"/>
</LocList>
<StmntSeq Intrnl_Id="1797">
<LocList>
<Loc EndOffset="7469" SrcFileId="6" StartOffset="7405"/>
</LocList>
<BasicStmnt CovItemId="S88" CovItemPrefix="com.OriginalFiles.Analyze.java" Intrnl_Id="1798">
<LocList>
<Loc EndOffset="7469" SrcFileId="6" StartOffset="7405"/>
</LocList>
</BasicStmnt>
</StmntSeq>
</Branch>
<Branch CovItemId="B56" CovItemPrefix="com.OriginalFiles.Analyze.java" Implct="true" Intrnl_Id="1799">
<Cond/>
<LocList/>
<StmntSeq Intrnl_Id="1800">
<LocList/>
</StmntSeq>
</Branch>
<Keyword EndOffset="7335" SrcFileId="6" StartOffset="7333"/>
<LocList>
<Loc EndOffset="7480" SrcFileId="6" StartOffset="7333"/>
</LocList>
<RootTerm CovItemId="C28" CovItemPrefix="com.OriginalFiles.Analyze.java" Intrnl_Id="1801">
<BasicBoolTerm Intrnl_Id="1802">
<LocList>
<Loc EndOffset="7388" SrcFileId="6" StartOffset="7337"/>
</LocList>
</BasicBoolTerm>
</RootTerm>
</CondStmnt>
<CondStmnt CovItemId="S89" CovItemPrefix="com.OriginalFiles.Analyze.java" Intrnl_Id="1803">
<Branch CovItemId="B57" CovItemPrefix="com.OriginalFiles.Analyze.java" Implct="false" Intrnl_Id="1804">
<Cond/>
<LocList>
<Loc EndOffset="7637" SrcFileId="6" StartOffset="7547"/>
</LocList>
<StmntSeq Intrnl_Id="1805">
<LocList>
<Loc EndOffset="7626" SrcFileId="6" StartOffset="7562"/>
</LocList>
<BasicStmnt CovItemId="S90" CovItemPrefix="com.OriginalFiles.Analyze.java" Intrnl_Id="1806">
<LocList>
<Loc EndOffset="7626" SrcFileId="6" StartOffset="7562"/>
</LocList>
</BasicStmnt>
</StmntSeq>
</Branch>
<Branch CovItemId="B58" CovItemPrefix="com.OriginalFiles.Analyze.java" Implct="true" Intrnl_Id="1807">
<Cond/>
<LocList/>
<StmntSeq Intrnl_Id="1808">
<LocList/>
</StmntSeq>
</Branch>
<Keyword EndOffset="7492" SrcFileId="6" StartOffset="7490"/>
<LocList>
<Loc EndOffset="7637" SrcFileId="6" StartOffset="7490"/>
</LocList>
<RootTerm CovItemId="C29" CovItemPrefix="com.OriginalFiles.Analyze.java" Intrnl_Id="1809">
<BasicBoolTerm Intrnl_Id="1810">
<LocList>
<Loc EndOffset="7545" SrcFileId="6" StartOffset="7494"/>
</LocList>
</BasicBoolTerm>
</RootTerm>
</CondStmnt>
<BasicStmnt CovItemId="S91" CovItemPrefix="com.OriginalFiles.Analyze.java" Intrnl_Id="1811">
<LocList>
<Loc EndOffset="7674" SrcFileId="6" StartOffset="7647"/>
</LocList>
</BasicStmnt>
<LoopStmnt CovItemId="S92" CovItemPrefix="com.OriginalFiles.Analyze.java" Intrnl_Id="1812" MltplExecId="L4-2" MltplExecPrefix="com.OriginalFiles.Analyze.java" NvrExecId="L4-0" NvrExecPrefix="com.OriginalFiles.Analyze.java" OnceExecutedId="L4-1" OnceExecutedPrefix="com.OriginalFiles.Analyze.java" OptBodyExec="true">
<StmntSeq Intrnl_Id="1813">
<LocList>
<Loc EndOffset="7970" SrcFileId="6" StartOffset="7743"/>
<Loc EndOffset="8055" SrcFileId="6" StartOffset="7984"/>
</LocList>
<CondStmnt CovItemId="S93" CovItemPrefix="com.OriginalFiles.Analyze.java" Intrnl_Id="1814">
<Branch CovItemId="B59" CovItemPrefix="com.OriginalFiles.Analyze.java" Implct="false" Intrnl_Id="1815">
<Cond/>
<LocList>
<Loc EndOffset="7970" SrcFileId="6" StartOffset="7845"/>
</LocList>
<StmntSeq Intrnl_Id="1816">
<LocList>
<Loc EndOffset="7955" SrcFileId="6" StartOffset="7864"/>
</LocList>
<BasicStmnt CovItemId="S94" CovItemPrefix="com.OriginalFiles.Analyze.java" Intrnl_Id="1817">
<LocList>
<Loc EndOffset="7955" SrcFileId="6" StartOffset="7864"/>
</LocList>
</BasicStmnt>
</StmntSeq>
</Branch>
<Branch CovItemId="B60" CovItemPrefix="com.OriginalFiles.Analyze.java" Implct="true" Intrnl_Id="1818">
<Cond/>
<LocList/>
<StmntSeq Intrnl_Id="1819">
<LocList/>
</StmntSeq>
</Branch>
<Keyword EndOffset="7745" SrcFileId="6" StartOffset="7743"/>
<LocList>
<Loc EndOffset="7970" SrcFileId="6" StartOffset="7743"/>
</LocList>
<RootTerm CovItemId="C31" CovItemPrefix="com.OriginalFiles.Analyze.java" Intrnl_Id="1820">
<OpTerm BooleanOpId="7" Intrnl_Id="1821">
<OpTerm BooleanOpId="8" Intrnl_Id="1822">
<BasicBoolTerm Intrnl_Id="1823">
<LocList>
<Loc EndOffset="7783" SrcFileId="6" StartOffset="7749"/>
</LocList>
</BasicBoolTerm>
<BasicBoolTerm Intrnl_Id="1824">
<LocList>
<Loc EndOffset="7842" SrcFileId="6" StartOffset="7808"/>
</LocList>
</BasicBoolTerm>
<LocList>
<Loc EndOffset="7807" SrcFileId="6" StartOffset="7805"/>
</LocList>
</OpTerm>
<LocList>
<Loc EndOffset="7748" SrcFileId="6" StartOffset="7747"/>
</LocList>
</OpTerm>
</RootTerm>
</CondStmnt>
<CondStmnt CovItemId="S95" CovItemPrefix="com.OriginalFiles.Analyze.java" Intrnl_Id="1825">
<Branch CovItemId="B61" CovItemPrefix="com.OriginalFiles.Analyze.java" Implct="false" Intrnl_Id="1826">
<Cond/>
<LocList>
<Loc EndOffset="8055" SrcFileId="6" StartOffset="8002"/>
</LocList>
<StmntSeq Intrnl_Id="1827">
<LocList>
<Loc EndOffset="8040" SrcFileId="6" StartOffset="8021"/>
</LocList>
<BasicStmnt CovItemId="S96" CovItemPrefix="com.OriginalFiles.Analyze.java" Intrnl_Id="1828">
<LocList>
<Loc EndOffset="8040" SrcFileId="6" StartOffset="8021"/>
</LocList>
</BasicStmnt>
</StmntSeq>
</Branch>
<Branch CovItemId="B62" CovItemPrefix="com.OriginalFiles.Analyze.java" Implct="true" Intrnl_Id="1829">
<Cond/>
<LocList/>
<StmntSeq Intrnl_Id="1830">
<LocList/>
</StmntSeq>
</Branch>
<Keyword EndOffset="7986" SrcFileId="6" StartOffset="7984"/>
<LocList>
<Loc EndOffset="8055" SrcFileId="6" StartOffset="7984"/>
</LocList>
<RootTerm CovItemId="C32" CovItemPrefix="com.OriginalFiles.Analyze.java" Intrnl_Id="1831">
<OpTerm BooleanOpId="7" Intrnl_Id="1832">
<BasicBoolTerm Intrnl_Id="1833">
<LocList>
<Loc EndOffset="8000" SrcFileId="6" StartOffset="7989"/>
</LocList>
</BasicBoolTerm>
<LocList>
<Loc EndOffset="7989" SrcFileId="6" StartOffset="7988"/>
</LocList>
</OpTerm>
</RootTerm>
</CondStmnt>
</StmntSeq>
<Keyword EndOffset="7687" SrcFileId="6" StartOffset="7684"/>
<LocList>
<Loc EndOffset="8066" SrcFileId="6" StartOffset="7684"/>
</LocList>
<RootTerm CovItemId="C30" CovItemPrefix="com.OriginalFiles.Analyze.java" Intrnl_Id="1834">
<BasicBoolTerm Intrnl_Id="1835">
<LocList>
<Loc EndOffset="7721" SrcFileId="6" StartOffset="7700"/>
</LocList>
</BasicBoolTerm>
</RootTerm>
</LoopStmnt>
<BasicStmnt CovItemId="S97" CovItemPrefix="com.OriginalFiles.Analyze.java" Intrnl_Id="1836">
<LocList>
<Loc EndOffset="8095" SrcFileId="6" StartOffset="8076"/>
</LocList>
</BasicStmnt>
</StmntSeq>
</HierarchyLvl>
<HierarchyLvl HierarchyLvlId="1171" HierarchyLvlTypeId="12" Intrnl_Id="1837" Name="jumpSequence">
<Header>
<Loc EndOffset="8290" SrcFileId="6" StartOffset="8110"/>
</Header>
<LocList>
<Loc EndOffset="9721" SrcFileId="6" StartOffset="8110"/>
</LocList>
<StmntSeq Intrnl_Id="1838">
<LocList>
<Loc EndOffset="8323" SrcFileId="6" StartOffset="8302"/>
<Loc EndOffset="8393" SrcFileId="6" StartOffset="8333"/>
<Loc EndOffset="8514" SrcFileId="6" StartOffset="8403"/>
<Loc EndOffset="8666" SrcFileId="6" StartOffset="8524"/>
<Loc EndOffset="8782" SrcFileId="6" StartOffset="8676"/>
<Loc EndOffset="8934" SrcFileId="6" StartOffset="8792"/>
<Loc EndOffset="9049" SrcFileId="6" StartOffset="8944"/>
<Loc EndOffset="9201" SrcFileId="6" StartOffset="9059"/>
<Loc EndOffset="9315" SrcFileId="6" StartOffset="9211"/>
<Loc EndOffset="9467" SrcFileId="6" StartOffset="9325"/>
<Loc EndOffset="9572" SrcFileId="6" StartOffset="9479"/>
<Loc EndOffset="9686" SrcFileId="6" StartOffset="9584"/>
<Loc EndOffset="9714" SrcFileId="6" StartOffset="9696"/>
</LocList>
<BasicStmnt CovItemId="S98" CovItemPrefix="com.OriginalFiles.Analyze.java" Intrnl_Id="1839">
<LocList>
<Loc EndOffset="8323" SrcFileId="6" StartOffset="8302"/>
</LocList>
</BasicStmnt>
<BasicStmnt CovItemId="S99" CovItemPrefix="com.OriginalFiles.Analyze.java" Intrnl_Id="1840">
<LocList>
<Loc EndOffset="8393" SrcFileId="6" StartOffset="8333"/>
</LocList>
</BasicStmnt>
<BasicStmnt CovItemId="S100" CovItemPrefix="com.OriginalFiles.Analyze.java" Intrnl_Id="1841">
<LocList>
<Loc EndOffset="8514" SrcFileId="6" StartOffset="8403"/>
</LocList>
</BasicStmnt>
<CondStmnt CovItemId="S101" CovItemPrefix="com.OriginalFiles.Analyze.java" Intrnl_Id="1842">
<Branch CovItemId="B63" CovItemPrefix="com.OriginalFiles.Analyze.java" Implct="false" Intrnl_Id="1843">
<Cond/>
<LocList>
<Loc EndOffset="8666" SrcFileId="6" StartOffset="8547"/>
</LocList>
<StmntSeq Intrnl_Id="1844">
<LocList>
<Loc EndOffset="8655" SrcFileId="6" StartOffset="8562"/>
</LocList>
<BasicStmnt CovItemId="S102" CovItemPrefix="com.OriginalFiles.Analyze.java" Intrnl_Id="1845">
<LocList>
<Loc EndOffset="8655" SrcFileId="6" StartOffset="8562"/>
</LocList>
</BasicStmnt>
</StmntSeq>
</Branch>
<Branch CovItemId="B64" CovItemPrefix="com.OriginalFiles.Analyze.java" Implct="true" Intrnl_Id="1846">
<Cond/>
<LocList/>
<StmntSeq Intrnl_Id="1847">
<LocList/>
</StmntSeq>
</Branch>
<Keyword EndOffset="8526" SrcFileId="6" StartOffset="8524"/>
<LocList>
<Loc EndOffset="8666" SrcFileId="6" StartOffset="8524"/>
</LocList>
<RootTerm CovItemId="C33" CovItemPrefix="com.OriginalFiles.Analyze.java" Intrnl_Id="1848">
<BasicBoolTerm Intrnl_Id="1849">
<LocList>
<Loc EndOffset="8545" SrcFileId="6" StartOffset="8528"/>
</LocList>
</BasicBoolTerm>
</RootTerm>
</CondStmnt>
<BasicStmnt CovItemId="S103" CovItemPrefix="com.OriginalFiles.Analyze.java" Intrnl_Id="1850">
<LocList>
<Loc EndOffset="8782" SrcFileId="6" StartOffset="8676"/>
</LocList>
</BasicStmnt>
<CondStmnt CovItemId="S104" CovItemPrefix="com.OriginalFiles.Analyze.java" Intrnl_Id="1851">
<Branch CovItemId="B65" CovItemPrefix="com.OriginalFiles.Analyze.java" Implct="false" Intrnl_Id="1852">
<Cond/>
<LocList>
<Loc EndOffset="8934" SrcFileId="6" StartOffset="8815"/>
</LocList>
<StmntSeq Intrnl_Id="1853">
<LocList>
<Loc EndOffset="8923" SrcFileId="6" StartOffset="8830"/>
</LocList>
<BasicStmnt CovItemId="S105" CovItemPrefix="com.OriginalFiles.Analyze.java" Intrnl_Id="1854">
<LocList>
<Loc EndOffset="8923" SrcFileId="6" StartOffset="8830"/>
</LocList>
</BasicStmnt>
</StmntSeq>
</Branch>
<Branch CovItemId="B66" CovItemPrefix="com.OriginalFiles.Analyze.java" Implct="true" Intrnl_Id="1855">
<Cond/>
<LocList/>
<StmntSeq Intrnl_Id="1856">
<LocList/>
</StmntSeq>
</Branch>
<Keyword EndOffset="8794" SrcFileId="6" StartOffset="8792"/>
<LocList>
<Loc EndOffset="8934" SrcFileId="6" StartOffset="8792"/>
</LocList>
<RootTerm CovItemId="C34" CovItemPrefix="com.OriginalFiles.Analyze.java" Intrnl_Id="1857">
<BasicBoolTerm Intrnl_Id="1858">
<LocList>
<Loc EndOffset="8813" SrcFileId="6" StartOffset="8796"/>
</LocList>
</BasicBoolTerm>
</RootTerm>
</CondStmnt>
<BasicStmnt CovItemId="S106" CovItemPrefix="com.OriginalFiles.Analyze.java" Intrnl_Id="1859">
<LocList>
<Loc EndOffset="9049" SrcFileId="6" StartOffset="8944"/>
</LocList>
</BasicStmnt>
<CondStmnt CovItemId="S107" CovItemPrefix="com.OriginalFiles.Analyze.java" Intrnl_Id="1860">
<Branch CovItemId="B67" CovItemPrefix="com.OriginalFiles.Analyze.java" Implct="false" Intrnl_Id="1861">
<Cond/>
<LocList>
<Loc EndOffset="9201" SrcFileId="6" StartOffset="9082"/>
</LocList>
<StmntSeq Intrnl_Id="1862">
<LocList>
<Loc EndOffset="9190" SrcFileId="6" StartOffset="9097"/>
</LocList>
<BasicStmnt CovItemId="S108" CovItemPrefix="com.OriginalFiles.Analyze.java" Intrnl_Id="1863">
<LocList>
<Loc EndOffset="9190" SrcFileId="6" StartOffset="9097"/>
</LocList>
</BasicStmnt>
</StmntSeq>
</Branch>
<Branch CovItemId="B68" CovItemPrefix="com.OriginalFiles.Analyze.java" Implct="true" Intrnl_Id="1864">
<Cond/>
<LocList/>
<StmntSeq Intrnl_Id="1865">
<LocList/>
</StmntSeq>
</Branch>
<Keyword EndOffset="9061" SrcFileId="6" StartOffset="9059"/>
<LocList>
<Loc EndOffset="9201" SrcFileId="6" StartOffset="9059"/>
</LocList>
<RootTerm CovItemId="C35" CovItemPrefix="com.OriginalFiles.Analyze.java" Intrnl_Id="1866">
<BasicBoolTerm Intrnl_Id="1867">
<LocList>
<Loc EndOffset="9080" SrcFileId="6" StartOffset="9063"/>
</LocList>
</BasicBoolTerm>
</RootTerm>
</CondStmnt>
<BasicStmnt CovItemId="S109" CovItemPrefix="com.OriginalFiles.Analyze.java" Intrnl_Id="1868">
<LocList>
<Loc EndOffset="9315" SrcFileId="6" StartOffset="9211"/>
</LocList>
</BasicStmnt>
<CondStmnt CovItemId="S110" CovItemPrefix="com.OriginalFiles.Analyze.java" Intrnl_Id="1869">
<Branch CovItemId="B69" CovItemPrefix="com.OriginalFiles.Analyze.java" Implct="false" Intrnl_Id="1870">
<Cond/>
<LocList>
<Loc EndOffset="9467" SrcFileId="6" StartOffset="9348"/>
</LocList>
<StmntSeq Intrnl_Id="1871">
<LocList>
<Loc EndOffset="9456" SrcFileId="6" StartOffset="9363"/>
</LocList>
<BasicStmnt CovItemId="S111" CovItemPrefix="com.OriginalFiles.Analyze.java" Intrnl_Id="1872">
<LocList>
<Loc EndOffset="9456" SrcFileId="6" StartOffset="9363"/>
</LocList>
</BasicStmnt>
</StmntSeq>
</Branch>
<Branch CovItemId="B70" CovItemPrefix="com.OriginalFiles.Analyze.java" Implct="true" Intrnl_Id="1873">
<Cond/>
<LocList/>
<StmntSeq Intrnl_Id="1874">
<LocList/>
</StmntSeq>
</Branch>
<Keyword EndOffset="9327" SrcFileId="6" StartOffset="9325"/>
<LocList>
<Loc EndOffset="9467" SrcFileId="6" StartOffset="9325"/>
</LocList>
<RootTerm CovItemId="C36" CovItemPrefix="com.OriginalFiles.Analyze.java" Intrnl_Id="1875">
<BasicBoolTerm Intrnl_Id="1876">
<LocList>
<Loc EndOffset="9346" SrcFileId="6" StartOffset="9329"/>
</LocList>
</BasicBoolTerm>
</RootTerm>
</CondStmnt>
<CondStmnt CovItemId="S112" CovItemPrefix="com.OriginalFiles.Analyze.java" Intrnl_Id="1877">
<Branch CovItemId="B71" CovItemPrefix="com.OriginalFiles.Analyze.java" Implct="false" Intrnl_Id="1878">
<Cond/>
<LocList>
<Loc EndOffset="9572" SrcFileId="6" StartOffset="9507"/>
</LocList>
<StmntSeq Intrnl_Id="1879">
<LocList>
<Loc EndOffset="9561" SrcFileId="6" StartOffset="9522"/>
</LocList>
<BasicStmnt CovItemId="S113" CovItemPrefix="com.OriginalFiles.Analyze.java" Intrnl_Id="1880">
<LocList>
<Loc EndOffset="9561" SrcFileId="6" StartOffset="9522"/>
</LocList>
</BasicStmnt>
</StmntSeq>
</Branch>
<Branch CovItemId="B72" CovItemPrefix="com.OriginalFiles.Analyze.java" Implct="true" Intrnl_Id="1881">
<Cond/>
<LocList/>
<StmntSeq Intrnl_Id="1882">
<LocList/>
</StmntSeq>
</Branch>
<Keyword EndOffset="9481" SrcFileId="6" StartOffset="9479"/>
<LocList>
<Loc EndOffset="9572" SrcFileId="6" StartOffset="9479"/>
</LocList>
<RootTerm CovItemId="C37" CovItemPrefix="com.OriginalFiles.Analyze.java" Intrnl_Id="1883">
<BasicBoolTerm Intrnl_Id="1884">
<LocList>
<Loc EndOffset="9505" SrcFileId="6" StartOffset="9483"/>
</LocList>
</BasicBoolTerm>
</RootTerm>
</CondStmnt>
<LoopStmnt CovItemId="S114" CovItemPrefix="com.OriginalFiles.Analyze.java" Intrnl_Id="1885" MltplExecId="L5-2" MltplExecPrefix="com.OriginalFiles.Analyze.java" NvrExecId="L5-0" NvrExecPrefix="com.OriginalFiles.Analyze.java" OnceExecutedId="L5-1" OnceExecutedPrefix="com.OriginalFiles.Analyze.java" OptBodyExec="true">
<StmntSeq Intrnl_Id="1886">
<LocList>
<Loc EndOffset="9675" SrcFileId="6" StartOffset="9643"/>
</LocList>
<BasicStmnt CovItemId="S115" CovItemPrefix="com.OriginalFiles.Analyze.java" Intrnl_Id="1887">
<LocList>
<Loc EndOffset="9675" SrcFileId="6" StartOffset="9643"/>
</LocList>
</BasicStmnt>
</StmntSeq>
<Keyword EndOffset="9587" SrcFileId="6" StartOffset="9584"/>
<LocList>
<Loc EndOffset="9686" SrcFileId="6" StartOffset="9584"/>
</LocList>
<RootTerm CovItemId="C38" CovItemPrefix="com.OriginalFiles.Analyze.java" Intrnl_Id="1888">
<BasicBoolTerm Intrnl_Id="1889">
<LocList>
<Loc EndOffset="9621" SrcFileId="6" StartOffset="9600"/>
</LocList>
</BasicBoolTerm>
</RootTerm>
</LoopStmnt>
<BasicStmnt CovItemId="S116" CovItemPrefix="com.OriginalFiles.Analyze.java" Intrnl_Id="1890">
<LocList>
<Loc EndOffset="9714" SrcFileId="6" StartOffset="9696"/>
</LocList>
</BasicStmnt>
</StmntSeq>
</HierarchyLvl>
<HierarchyLvl HierarchyLvlId="1172" HierarchyLvlTypeId="12" Intrnl_Id="1891" Name="findJumpPiece">
<Header>
<Loc EndOffset="9829" SrcFileId="6" StartOffset="9729"/>
</Header>
<LocList>
<Loc EndOffset="12371" SrcFileId="6" StartOffset="9729"/>
</LocList>
<StmntSeq Intrnl_Id="1892">
<LocList>
<Loc EndOffset="9899" SrcFileId="6" StartOffset="9841"/>
<Loc EndOffset="9999" SrcFileId="6" StartOffset="9909"/>
<Loc EndOffset="10038" SrcFileId="6" StartOffset="10009"/>
<Loc EndOffset="12341" SrcFileId="6" StartOffset="10048"/>
<Loc EndOffset="12364" SrcFileId="6" StartOffset="12351"/>
</LocList>
<BasicStmnt CovItemId="S117" CovItemPrefix="com.OriginalFiles.Analyze.java" Intrnl_Id="1893">
<LocList>
<Loc EndOffset="9899" SrcFileId="6" StartOffset="9841"/>
</LocList>
</BasicStmnt>
<BasicStmnt CovItemId="S118" CovItemPrefix="com.OriginalFiles.Analyze.java" Intrnl_Id="1894">
<LocList>
<Loc EndOffset="9999" SrcFileId="6" StartOffset="9909"/>
</LocList>
</BasicStmnt>
<BasicStmnt CovItemId="S119" CovItemPrefix="com.OriginalFiles.Analyze.java" Intrnl_Id="1895">
<LocList>
<Loc EndOffset="10038" SrcFileId="6" StartOffset="10009"/>
</LocList>
</BasicStmnt>
<LoopStmnt CovItemId="S120" CovItemPrefix="com.OriginalFiles.Analyze.java" Intrnl_Id="1896" MltplExecId="L6-2" MltplExecPrefix="com.OriginalFiles.Analyze.java" NvrExecId="L6-0" NvrExecPrefix="com.OriginalFiles.Analyze.java" OnceExecutedId="L6-1" OnceExecutedPrefix="com.OriginalFiles.Analyze.java" OptBodyExec="true">
<StmntSeq Intrnl_Id="1897">
<LocList>
<Loc EndOffset="10144" SrcFileId="6" StartOffset="10105"/>
<Loc EndOffset="10209" SrcFileId="6" StartOffset="10158"/>
<Loc EndOffset="12330" SrcFileId="6" StartOffset="10223"/>
</LocList>
<BasicStmnt CovItemId="S121" CovItemPrefix="com.OriginalFiles.Analyze.java" Intrnl_Id="1898">
<LocList>
<Loc EndOffset="10144" SrcFileId="6" StartOffset="10105"/>
</LocList>
</BasicStmnt>
<BasicStmnt CovItemId="S122" CovItemPrefix="com.OriginalFiles.Analyze.java" Intrnl_Id="1899">
<LocList>
<Loc EndOffset="10209" SrcFileId="6" StartOffset="10158"/>
</LocList>
</BasicStmnt>
<CondStmnt CovItemId="S123" CovItemPrefix="com.OriginalFiles.Analyze.java" Intrnl_Id="1900">
<Branch CovItemId="B73" CovItemPrefix="com.OriginalFiles.Analyze.java" Implct="false" Intrnl_Id="1901">
<Cond/>
<LocList>
<Loc EndOffset="12330" SrcFileId="6" StartOffset="10287"/>
</LocList>
<StmntSeq Intrnl_Id="1902">
<LocList>
<Loc EndOffset="10370" SrcFileId="6" StartOffset="10306"/>
<Loc EndOffset="10420" SrcFileId="6" StartOffset="10388"/>
<Loc EndOffset="12285" SrcFileId="6" StartOffset="10438"/>
<Loc EndOffset="12315" SrcFileId="6" StartOffset="12303"/>
</LocList>
<BasicStmnt CovItemId="S124" CovItemPrefix="com.OriginalFiles.Analyze.java" Intrnl_Id="1903">
<LocList>
<Loc EndOffset="10370" SrcFileId="6" StartOffset="10306"/>
</LocList>
</BasicStmnt>
<BasicStmnt CovItemId="S125" CovItemPrefix="com.OriginalFiles.Analyze.java" Intrnl_Id="1904">
<LocList>
<Loc EndOffset="10420" SrcFileId="6" StartOffset="10388"/>
</LocList>
</BasicStmnt>
<LoopStmnt CovItemId="S126" CovItemPrefix="com.OriginalFiles.Analyze.java" Intrnl_Id="1905" MltplExecId="L7-2" MltplExecPrefix="com.OriginalFiles.Analyze.java" NvrExecId="L7-0" NvrExecPrefix="com.OriginalFiles.Analyze.java" OnceExecutedId="L7-1" OnceExecutedPrefix="com.OriginalFiles.Analyze.java" OptBodyExec="true">
<StmntSeq Intrnl_Id="1906">
<LocList>
<Loc EndOffset="10527" SrcFileId="6" StartOffset="10493"/>
<Loc EndOffset="10588" SrcFileId="6" StartOffset="10549"/>
<Loc EndOffset="10787" SrcFileId="6" StartOffset="10610"/>
<Loc EndOffset="12266" SrcFileId="6" StartOffset="10809"/>
</LocList>
<BasicStmnt CovItemId="S127" CovItemPrefix="com.OriginalFiles.Analyze.java" Intrnl_Id="1907">
<LocList>
<Loc EndOffset="10527" SrcFileId="6" StartOffset="10493"/>
</LocList>
</BasicStmnt>
<BasicStmnt CovItemId="S128" CovItemPrefix="com.OriginalFiles.Analyze.java" Intrnl_Id="1908">
<LocList>
<Loc EndOffset="10588" SrcFileId="6" StartOffset="10549"/>
</LocList>
</BasicStmnt>
<BasicStmnt CovItemId="S129" CovItemPrefix="com.OriginalFiles.Analyze.java" Intrnl_Id="1909">
<LocList>
<Loc EndOffset="10787" SrcFileId="6" StartOffset="10610"/>
</LocList>
</BasicStmnt>
<CondStmnt CovItemId="S130" CovItemPrefix="com.OriginalFiles.Analyze.java" Intrnl_Id="1910">
<Branch CovItemId="B75" CovItemPrefix="com.OriginalFiles.Analyze.java" Implct="false" Intrnl_Id="1911">
<Cond/>
<LocList>
<Loc EndOffset="11390" SrcFileId="6" StartOffset="10853"/>
</LocList>
<StmntSeq Intrnl_Id="1912">
<LocList>
<Loc EndOffset="10890" SrcFileId="6" StartOffset="10880"/>
<Loc EndOffset="11367" SrcFileId="6" StartOffset="10916"/>
</LocList>
<BasicStmnt CovItemId="S131" CovItemPrefix="com.OriginalFiles.Analyze.java" Intrnl_Id="1913">
<LocList>
<Loc EndOffset="10890" SrcFileId="6" StartOffset="10880"/>
</LocList>
</BasicStmnt>
<LoopStmnt CovItemId="S132" CovItemPrefix="com.OriginalFiles.Analyze.java" Intrnl_Id="1914" MltplExecId="L8-2" MltplExecPrefix="com.OriginalFiles.Analyze.java" NvrExecId="L8-0" NvrExecPrefix="com.OriginalFiles.Analyze.java" OnceExecutedId="L8-1" OnceExecutedPrefix="com.OriginalFiles.Analyze.java" OptBodyExec="true">
<StmntSeq Intrnl_Id="1915">
<LocList>
<Loc EndOffset="11306" SrcFileId="6" StartOffset="10964"/>
<Loc EndOffset="11340" SrcFileId="6" StartOffset="11336"/>
</LocList>
<CondStmnt CovItemId="S133" CovItemPrefix="com.OriginalFiles.Analyze.java" Intrnl_Id="1916">
<Branch CovItemId="B77" CovItemPrefix="com.OriginalFiles.Analyze.java" Implct="false" Intrnl_Id="1917">
<Cond/>
<LocList>
<Loc EndOffset="11306" SrcFileId="6" StartOffset="11009"/>
</LocList>
<StmntSeq Intrnl_Id="1918">
<LocList>
<Loc EndOffset="11275" SrcFileId="6" StartOffset="11103"/>
</LocList>
<BasicStmnt CovItemId="S134" CovItemPrefix="com.OriginalFiles.Analyze.java" Intrnl_Id="1919">
<LocList>
<Loc EndOffset="11275" SrcFileId="6" StartOffset="11103"/>
</LocList>
</BasicStmnt>
</StmntSeq>
</Branch>
<Branch CovItemId="B78" CovItemPrefix="com.OriginalFiles.Analyze.java" Implct="true" Intrnl_Id="1920">
<Cond/>
<LocList/>
<StmntSeq Intrnl_Id="1921">
<LocList/>
</StmntSeq>
</Branch>
<Keyword EndOffset="10966" SrcFileId="6" StartOffset="10964"/>
<LocList>
<Loc EndOffset="11306" SrcFileId="6" StartOffset="10964"/>
</LocList>
<RootTerm CovItemId="C44" CovItemPrefix="com.OriginalFiles.Analyze.java" Intrnl_Id="1922">
<BasicBoolTerm Intrnl_Id="1923">
<LocList>
<Loc EndOffset="11007" SrcFileId="6" StartOffset="10968"/>
</LocList>
</BasicBoolTerm>
</RootTerm>
</CondStmnt>
<BasicStmnt CovItemId="S135" CovItemPrefix="com.OriginalFiles.Analyze.java" Intrnl_Id="1924">
<LocList>
<Loc EndOffset="11340" SrcFileId="6" StartOffset="11336"/>
</LocList>
</BasicStmnt>
</StmntSeq>
<Keyword EndOffset="10921" SrcFileId="6" StartOffset="10916"/>
<LocList>
<Loc EndOffset="11367" SrcFileId="6" StartOffset="10916"/>
</LocList>
<RootTerm CovItemId="C43" CovItemPrefix="com.OriginalFiles.Analyze.java" Intrnl_Id="1925">
<OpTerm BooleanOpId="7" Intrnl_Id="1926">
<BasicBoolTerm Intrnl_Id="1927">
<LocList>
<Loc EndOffset="10930" SrcFileId="6" StartOffset="10925"/>
</LocList>
</BasicBoolTerm>
<LocList>
<Loc EndOffset="10924" SrcFileId="6" StartOffset="10923"/>
</LocList>
</OpTerm>
</RootTerm>
</LoopStmnt>
</StmntSeq>
</Branch>
<Branch CovItemId="B76" CovItemPrefix="com.OriginalFiles.Analyze.java" Implct="false" Intrnl_Id="1928">
<Cond>
<Loc EndOffset="11395" SrcFileId="6" StartOffset="11391"/>
</Cond>
<LocList>
<Loc EndOffset="12266" SrcFileId="6" StartOffset="11396"/>
</LocList>
<StmntSeq Intrnl_Id="1929">
<LocList>
<Loc EndOffset="11433" SrcFileId="6" StartOffset="11423"/>
<Loc EndOffset="11469" SrcFileId="6" StartOffset="11459"/>
<Loc EndOffset="12090" SrcFileId="6" StartOffset="11495"/>
<Loc EndOffset="12243" SrcFileId="6" StartOffset="12116"/>
</LocList>
<BasicStmnt CovItemId="S136" CovItemPrefix="com.OriginalFiles.Analyze.java" Intrnl_Id="1930">
<LocList>
<Loc EndOffset="11433" SrcFileId="6" StartOffset="11423"/>
</LocList>
</BasicStmnt>
<BasicStmnt CovItemId="S137" CovItemPrefix="com.OriginalFiles.Analyze.java" Intrnl_Id="1931">
<LocList>
<Loc EndOffset="11469" SrcFileId="6" StartOffset="11459"/>
</LocList>
</BasicStmnt>
<LoopStmnt CovItemId="S138" CovItemPrefix="com.OriginalFiles.Analyze.java" Intrnl_Id="1932" MltplExecId="L9-2" MltplExecPrefix="com.OriginalFiles.Analyze.java" NvrExecId="L9-0" NvrExecPrefix="com.OriginalFiles.Analyze.java" OnceExecutedId="L9-1" OnceExecutedPrefix="com.OriginalFiles.Analyze.java" OptBodyExec="true">
<StmntSeq Intrnl_Id="1933">
<LocList>
<Loc EndOffset="11993" SrcFileId="6" StartOffset="11622"/>
<Loc EndOffset="12027" SrcFileId="6" StartOffset="12023"/>
<Loc EndOffset="12063" SrcFileId="6" StartOffset="12057"/>
</LocList>
<LoopStmnt CovItemId="S139" CovItemPrefix="com.OriginalFiles.Analyze.java" Intrnl_Id="1934" MltplExecId="L10-2" MltplExecPrefix="com.OriginalFiles.Analyze.java" NvrExecId="L10-0" NvrExecPrefix="com.OriginalFiles.Analyze.java" OnceExecutedId="L10-1" OnceExecutedPrefix="com.OriginalFiles.Analyze.java" OptBodyExec="true">
<StmntSeq Intrnl_Id="1935">
<LocList>
<Loc EndOffset="11924" SrcFileId="6" StartOffset="11747"/>
<Loc EndOffset="11962" SrcFileId="6" StartOffset="11958"/>
</LocList>
<CondStmnt CovItemId="S140" CovItemPrefix="com.OriginalFiles.Analyze.java" Intrnl_Id="1936">
<Branch CovItemId="B79" CovItemPrefix="com.OriginalFiles.Analyze.java" Implct="false" Intrnl_Id="1937">
<Cond/>
<LocList>
<Loc EndOffset="11924" SrcFileId="6" StartOffset="11838"/>
</LocList>
<StmntSeq Intrnl_Id="1938">
<LocList>
<Loc EndOffset="11889" SrcFileId="6" StartOffset="11877"/>
</LocList>
<BasicStmnt CovItemId="S141" CovItemPrefix="com.OriginalFiles.Analyze.java" Intrnl_Id="1939">
<LocList>
<Loc EndOffset="11889" SrcFileId="6" StartOffset="11877"/>
</LocList>
</BasicStmnt>
</StmntSeq>
</Branch>
<Branch CovItemId="B80" CovItemPrefix="com.OriginalFiles.Analyze.java" Implct="true" Intrnl_Id="1940">
<Cond/>
<LocList/>
<StmntSeq Intrnl_Id="1941">
<LocList/>
</StmntSeq>
</Branch>
<Keyword EndOffset="11749" SrcFileId="6" StartOffset="11747"/>
<LocList>
<Loc EndOffset="11924" SrcFileId="6" StartOffset="11747"/>
</LocList>
<RootTerm CovItemId="C47" CovItemPrefix="com.OriginalFiles.Analyze.java" Intrnl_Id="1942">
<BasicBoolTerm Intrnl_Id="1943">
<LocList>
<Loc EndOffset="11836" SrcFileId="6" StartOffset="11751"/>
</LocList>
</BasicBoolTerm>
</RootTerm>
</CondStmnt>
<BasicStmnt CovItemId="S142" CovItemPrefix="com.OriginalFiles.Analyze.java" Intrnl_Id="1944">
<LocList>
<Loc EndOffset="11962" SrcFileId="6" StartOffset="11958"/>
</LocList>
</BasicStmnt>
</StmntSeq>
<Keyword EndOffset="11627" SrcFileId="6" StartOffset="11622"/>
<LocList>
<Loc EndOffset="11993" SrcFileId="6" StartOffset="11622"/>
</LocList>
<RootTerm CovItemId="C46" CovItemPrefix="com.OriginalFiles.Analyze.java" Intrnl_Id="1945">
<BasicBoolTerm Intrnl_Id="1946">
<LocList>
<Loc EndOffset="11710" SrcFileId="6" StartOffset="11629"/>
</LocList>
</BasicBoolTerm>
</RootTerm>
</LoopStmnt>
<BasicStmnt CovItemId="S143" CovItemPrefix="com.OriginalFiles.Analyze.java" Intrnl_Id="1947">
<LocList>
<Loc EndOffset="12027" SrcFileId="6" StartOffset="12023"/>
</LocList>
</BasicStmnt>
<BasicStmnt CovItemId="S144" CovItemPrefix="com.OriginalFiles.Analyze.java" Intrnl_Id="1948">
<LocList>
<Loc EndOffset="12063" SrcFileId="6" StartOffset="12057"/>
</LocList>
</BasicStmnt>
</StmntSeq>
<Keyword EndOffset="11507" SrcFileId="6" StartOffset="11502"/>
<LocList>
<Loc EndOffset="12090" SrcFileId="6" StartOffset="11495"/>
</LocList>
<RootTerm CovItemId="C45" CovItemPrefix="com.OriginalFiles.Analyze.java" Intrnl_Id="1949">
<BasicBoolTerm Intrnl_Id="1950">
<LocList>
<Loc EndOffset="11589" SrcFileId="6" StartOffset="11509"/>
</LocList>
</BasicBoolTerm>
</RootTerm>
</LoopStmnt>
<BasicStmnt CovItemId="S145" CovItemPrefix="com.OriginalFiles.Analyze.java" Intrnl_Id="1951">
<LocList>
<Loc EndOffset="12243" SrcFileId="6" StartOffset="12116"/>
</LocList>
</BasicStmnt>
</StmntSeq>
</Branch>
<Keyword EndOffset="10811" SrcFileId="6" StartOffset="10809"/>
<LocList>
<Loc EndOffset="12266" SrcFileId="6" StartOffset="10809"/>
</LocList>
<RootTerm CovItemId="C42" CovItemPrefix="com.OriginalFiles.Analyze.java" Intrnl_Id="1952">
<BasicBoolTerm Intrnl_Id="1953">
<LocList>
<Loc EndOffset="10851" SrcFileId="6" StartOffset="10813"/>
</LocList>
</BasicBoolTerm>
</RootTerm>
</CondStmnt>
</StmntSeq>
<Keyword EndOffset="10441" SrcFileId="6" StartOffset="10438"/>
<LocList>
<Loc EndOffset="12285" SrcFileId="6" StartOffset="10438"/>
</LocList>
<RootTerm CovItemId="C41" CovItemPrefix="com.OriginalFiles.Analyze.java" Intrnl_Id="1954">
<BasicBoolTerm Intrnl_Id="1955">
<LocList>
<Loc EndOffset="10463" SrcFileId="6" StartOffset="10454"/>
</LocList>
</BasicBoolTerm>
</RootTerm>
</LoopStmnt>
<BasicStmnt CovItemId="S146" CovItemPrefix="com.OriginalFiles.Analyze.java" Intrnl_Id="1956">
<LocList>
<Loc EndOffset="12315" SrcFileId="6" StartOffset="12303"/>
</LocList>
</BasicStmnt>
</StmntSeq>
</Branch>
<Branch CovItemId="B74" CovItemPrefix="com.OriginalFiles.Analyze.java" Implct="true" Intrnl_Id="1957">
<Cond/>
<LocList/>
<StmntSeq Intrnl_Id="1958">
<LocList/>
</StmntSeq>
</Branch>
<Keyword EndOffset="10225" SrcFileId="6" StartOffset="10223"/>
<LocList>
<Loc EndOffset="12330" SrcFileId="6" StartOffset="10223"/>
</LocList>
<RootTerm CovItemId="C40" CovItemPrefix="com.OriginalFiles.Analyze.java" Intrnl_Id="1959">
<OpTerm BooleanOpId="7" Intrnl_Id="1960">
<BasicBoolTerm Intrnl_Id="1961">
<LocList>
<Loc EndOffset="10285" SrcFileId="6" StartOffset="10228"/>
</LocList>
</BasicBoolTerm>
<LocList>
<Loc EndOffset="10228" SrcFileId="6" StartOffset="10227"/>
</LocList>
</OpTerm>
</RootTerm>
</CondStmnt>
</StmntSeq>
<Keyword EndOffset="10051" SrcFileId="6" StartOffset="10048"/>
<LocList>
<Loc EndOffset="12341" SrcFileId="6" StartOffset="10048"/>
</LocList>
<RootTerm CovItemId="C39" CovItemPrefix="com.OriginalFiles.Analyze.java" Intrnl_Id="1962">
<BasicBoolTerm Intrnl_Id="1963">
<LocList>
<Loc EndOffset="10083" SrcFileId="6" StartOffset="10064"/>
</LocList>
</BasicBoolTerm>
</RootTerm>
</LoopStmnt>
<BasicStmnt CovItemId="S147" CovItemPrefix="com.OriginalFiles.Analyze.java" Intrnl_Id="1964">
<LocList>
<Loc EndOffset="12364" SrcFileId="6" StartOffset="12351"/>
</LocList>
</BasicStmnt>
</StmntSeq>
</HierarchyLvl>
<HierarchyLvl HierarchyLvlId="1173" HierarchyLvlTypeId="12" Intrnl_Id="1965" Name="checkForUpgradeKing">
<Header>
<Loc EndOffset="12494" SrcFileId="6" StartOffset="12379"/>
</Header>
<LocList>
<Loc EndOffset="14017" SrcFileId="6" StartOffset="12379"/>
</LocList>
<StmntSeq Intrnl_Id="1966">
<LocList>
<Loc EndOffset="14010" SrcFileId="6" StartOffset="12506"/>
</LocList>
<CondStmnt CovItemId="S148" CovItemPrefix="com.OriginalFiles.Analyze.java" Intrnl_Id="1967">
<Branch CovItemId="B81" CovItemPrefix="com.OriginalFiles.Analyze.java" Implct="false" Intrnl_Id="1968">
<Cond/>
<LocList>
<Loc EndOffset="14010" SrcFileId="6" StartOffset="12550"/>
</LocList>
<StmntSeq Intrnl_Id="1969">
<LocList>
<Loc EndOffset="13999" SrcFileId="6" StartOffset="12565"/>
</LocList>
<CondStmnt CovItemId="S149" CovItemPrefix="com.OriginalFiles.Analyze.java" Intrnl_Id="1970">
<Branch CovItemId="B83" CovItemPrefix="com.OriginalFiles.Analyze.java" Implct="false" Intrnl_Id="1971">
<Cond/>
<LocList>
<Loc EndOffset="12943" SrcFileId="6" StartOffset="12614"/>
</LocList>
<StmntSeq Intrnl_Id="1972">
<LocList>
<Loc EndOffset="12928" SrcFileId="6" StartOffset="12633"/>
</LocList>
<CondStmnt CovItemId="S150" CovItemPrefix="com.OriginalFiles.Analyze.java" Intrnl_Id="1973">
<Branch CovItemId="B85" CovItemPrefix="com.OriginalFiles.Analyze.java" Implct="false" Intrnl_Id="1974">
<Cond/>
<LocList>
<Loc EndOffset="12813" SrcFileId="6" StartOffset="12650"/>
</LocList>
<StmntSeq Intrnl_Id="1975">
<LocList>
<Loc EndOffset="12731" SrcFileId="6" StartOffset="12673"/>
<Loc EndOffset="12794" SrcFileId="6" StartOffset="12753"/>
</LocList>
<BasicStmnt CovItemId="S151" CovItemPrefix="com.OriginalFiles.Analyze.java" Intrnl_Id="1976">
<LocList>
<Loc EndOffset="12731" SrcFileId="6" StartOffset="12673"/>
</LocList>
</BasicStmnt>
<BasicStmnt CovItemId="S152" CovItemPrefix="com.OriginalFiles.Analyze.java" Intrnl_Id="1977">
<LocList>
<Loc EndOffset="12794" SrcFileId="6" StartOffset="12753"/>
</LocList>
</BasicStmnt>
</StmntSeq>
</Branch>
<Branch CovItemId="B86" CovItemPrefix="com.OriginalFiles.Analyze.java" Implct="false" Intrnl_Id="1978">
<Cond>
<Loc EndOffset="12818" SrcFileId="6" StartOffset="12814"/>
</Cond>
<LocList>
<Loc EndOffset="12928" SrcFileId="6" StartOffset="12819"/>
</LocList>
<StmntSeq Intrnl_Id="1979">
<LocList>
<Loc EndOffset="12866" SrcFileId="6" StartOffset="12842"/>
<Loc EndOffset="12909" SrcFileId="6" StartOffset="12888"/>
</LocList>
<BasicStmnt CovItemId="S153" CovItemPrefix="com.OriginalFiles.Analyze.java" Intrnl_Id="1980">
<LocList>
<Loc EndOffset="12866" SrcFileId="6" StartOffset="12842"/>
</LocList>
</BasicStmnt>
<BasicStmnt CovItemId="S154" CovItemPrefix="com.OriginalFiles.Analyze.java" Intrnl_Id="1981">
<LocList>
<Loc EndOffset="12909" SrcFileId="6" StartOffset="12888"/>
</LocList>
</BasicStmnt>
</StmntSeq>
</Branch>
<Keyword EndOffset="12635" SrcFileId="6" StartOffset="12633"/>
<LocList>
<Loc EndOffset="12928" SrcFileId="6" StartOffset="12633"/>
</LocList>
<RootTerm CovItemId="C50" CovItemPrefix="com.OriginalFiles.Analyze.java" Intrnl_Id="1982">
<BasicBoolTerm Intrnl_Id="1983">
<LocList>
<Loc EndOffset="12648" SrcFileId="6" StartOffset="12637"/>
</LocList>
</BasicBoolTerm>
</RootTerm>
</CondStmnt>
</StmntSeq>
</Branch>
<Branch CovItemId="B84" CovItemPrefix="com.OriginalFiles.Analyze.java" Implct="false" Intrnl_Id="1984">
<Cond>
<Loc EndOffset="12948" SrcFileId="6" StartOffset="12944"/>
</Cond>
<LocList>
<Loc EndOffset="13999" SrcFileId="6" StartOffset="12949"/>
</LocList>
<StmntSeq Intrnl_Id="1985">
<LocList>
<Loc EndOffset="13984" SrcFileId="6" StartOffset="12968"/>
</LocList>
<CondStmnt CovItemId="S155" CovItemPrefix="com.OriginalFiles.Analyze.java" Intrnl_Id="1986">
<Branch CovItemId="B87" CovItemPrefix="com.OriginalFiles.Analyze.java" Implct="false" Intrnl_Id="1987">
<Cond/>
<LocList>
<Loc EndOffset="13183" SrcFileId="6" StartOffset="12985"/>
</LocList>
<StmntSeq Intrnl_Id="1988">
<LocList>
<Loc EndOffset="13101" SrcFileId="6" StartOffset="13008"/>
<Loc EndOffset="13164" SrcFileId="6" StartOffset="13123"/>
</LocList>
<BasicStmnt CovItemId="S156" CovItemPrefix="com.OriginalFiles.Analyze.java" Intrnl_Id="1989">
<LocList>
<Loc EndOffset="13101" SrcFileId="6" StartOffset="13008"/>
</LocList>
</BasicStmnt>
<BasicStmnt CovItemId="S157" CovItemPrefix="com.OriginalFiles.Analyze.java" Intrnl_Id="1990">
<LocList>
<Loc EndOffset="13164" SrcFileId="6" StartOffset="13123"/>
</LocList>
</BasicStmnt>
</StmntSeq>
</Branch>
<Branch CovItemId="B88" CovItemPrefix="com.OriginalFiles.Analyze.java" Implct="false" Intrnl_Id="1991">
<Cond>
<Loc EndOffset="13188" SrcFileId="6" StartOffset="13184"/>
</Cond>
<LocList>
<Loc EndOffset="13984" SrcFileId="6" StartOffset="13189"/>
</LocList>
<StmntSeq Intrnl_Id="1992">
<LocList>
<Loc EndOffset="13237" SrcFileId="6" StartOffset="13212"/>
<Loc EndOffset="13269" SrcFileId="6" StartOffset="13259"/>
<Loc EndOffset="13965" SrcFileId="6" StartOffset="13291"/>
</LocList>
<BasicStmnt CovItemId="S158" CovItemPrefix="com.OriginalFiles.Analyze.java" Intrnl_Id="1993">
<LocList>
<Loc EndOffset="13237" SrcFileId="6" StartOffset="13212"/>
</LocList>
</BasicStmnt>
<BasicStmnt CovItemId="S159" CovItemPrefix="com.OriginalFiles.Analyze.java" Intrnl_Id="1994">
<LocList>
<Loc EndOffset="13269" SrcFileId="6" StartOffset="13259"/>
</LocList>
</BasicStmnt>
<LoopStmnt CovItemId="S160" CovItemPrefix="com.OriginalFiles.Analyze.java" Intrnl_Id="1995" MltplExecId="L11-2" MltplExecPrefix="com.OriginalFiles.Analyze.java" NvrExecId="L11-0" NvrExecPrefix="com.OriginalFiles.Analyze.java" OnceExecutedId="L11-1" OnceExecutedPrefix="com.OriginalFiles.Analyze.java" OptBodyExec="true">
<StmntSeq Intrnl_Id="1996">
<LocList>
<Loc EndOffset="13446" SrcFileId="6" StartOffset="13336"/>
<Loc EndOffset="13912" SrcFileId="6" StartOffset="13472"/>
<Loc EndOffset="13942" SrcFileId="6" StartOffset="13938"/>
</LocList>
<CondStmnt CovItemId="S161" CovItemPrefix="com.OriginalFiles.Analyze.java" Intrnl_Id="1997">
<Branch CovItemId="B89" CovItemPrefix="com.OriginalFiles.Analyze.java" Implct="false" Intrnl_Id="1998">
<Cond/>
<LocList>
<Loc EndOffset="13446" SrcFileId="6" StartOffset="13347"/>
</LocList>
<StmntSeq Intrnl_Id="1999">
<LocList>
<Loc EndOffset="13419" SrcFileId="6" StartOffset="13378"/>
</LocList>
<BasicStmnt CovItemId="S162" CovItemPrefix="com.OriginalFiles.Analyze.java" Intrnl_Id="2000">
<LocList>
<Loc EndOffset="13419" SrcFileId="6" StartOffset="13378"/>
</LocList>
</BasicStmnt>
</StmntSeq>
</Branch>
<Branch CovItemId="B90" CovItemPrefix="com.OriginalFiles.Analyze.java" Implct="true" Intrnl_Id="2001">
<Cond/>
<LocList/>
<StmntSeq Intrnl_Id="2002">
<LocList/>
</StmntSeq>
</Branch>
<Keyword EndOffset="13338" SrcFileId="6" StartOffset="13336"/>
<LocList>
<Loc EndOffset="13446" SrcFileId="6" StartOffset="13336"/>
</LocList>
<RootTerm CovItemId="C53" CovItemPrefix="com.OriginalFiles.Analyze.java" Intrnl_Id="2003">
<BasicBoolTerm Intrnl_Id="2004">
<LocList>
<Loc EndOffset="13345" SrcFileId="6" StartOffset="13340"/>
</LocList>
</BasicBoolTerm>
</RootTerm>
</CondStmnt>
<CondStmnt CovItemId="S163" CovItemPrefix="com.OriginalFiles.Analyze.java" Intrnl_Id="2005">
<Branch CovItemId="B91" CovItemPrefix="com.OriginalFiles.Analyze.java" Implct="false" Intrnl_Id="2006">
<Cond/>
<LocList>
<Loc EndOffset="13912" SrcFileId="6" StartOffset="13515"/>
</LocList>
<StmntSeq Intrnl_Id="2007">
<LocList>
<Loc EndOffset="13642" SrcFileId="6" StartOffset="13601"/>
<Loc EndOffset="13839" SrcFileId="6" StartOffset="13727"/>
<Loc EndOffset="13885" SrcFileId="6" StartOffset="13869"/>
</LocList>
<BasicStmnt CovItemId="S164" CovItemPrefix="com.OriginalFiles.Analyze.java" Intrnl_Id="2008">
<LocList>
<Loc EndOffset="13642" SrcFileId="6" StartOffset="13601"/>
</LocList>
</BasicStmnt>
<BasicStmnt CovItemId="S165" CovItemPrefix="com.OriginalFiles.Analyze.java" Intrnl_Id="2009">
<LocList>
<Loc EndOffset="13839" SrcFileId="6" StartOffset="13727"/>
</LocList>
</BasicStmnt>
<BasicStmnt CovItemId="S166" CovItemPrefix="com.OriginalFiles.Analyze.java" Intrnl_Id="2010">
<LocList>
<Loc EndOffset="13885" SrcFileId="6" StartOffset="13869"/>
</LocList>
</BasicStmnt>
</StmntSeq>
</Branch>
<Branch CovItemId="B92" CovItemPrefix="com.OriginalFiles.Analyze.java" Implct="true" Intrnl_Id="2011">
<Cond/>
<LocList/>
<StmntSeq Intrnl_Id="2012">
<LocList/>
</StmntSeq>
</Branch>
<Keyword EndOffset="13474" SrcFileId="6" StartOffset="13472"/>
<LocList>
<Loc EndOffset="13912" SrcFileId="6" StartOffset="13472"/>
</LocList>
<RootTerm CovItemId="C54" CovItemPrefix="com.OriginalFiles.Analyze.java" Intrnl_Id="2013">
<OpTerm BooleanOpId="7" Intrnl_Id="2014">
<BasicBoolTerm Intrnl_Id="2015">
<LocList>
<Loc EndOffset="13513" SrcFileId="6" StartOffset="13477"/>
</LocList>
</BasicBoolTerm>
<LocList>
<Loc EndOffset="13477" SrcFileId="6" StartOffset="13476"/>
</LocList>
</OpTerm>
</RootTerm>
</CondStmnt>
<BasicStmnt CovItemId="S167" CovItemPrefix="com.OriginalFiles.Analyze.java" Intrnl_Id="2016">
<LocList>
<Loc EndOffset="13942" SrcFileId="6" StartOffset="13938"/>
</LocList>
</BasicStmnt>
</StmntSeq>
<Keyword EndOffset="13296" SrcFileId="6" StartOffset="13291"/>
<LocList>
<Loc EndOffset="13965" SrcFileId="6" StartOffset="13291"/>
</LocList>
<RootTerm CovItemId="C52" CovItemPrefix="com.OriginalFiles.Analyze.java" Intrnl_Id="2017">
<OpTerm BooleanOpId="7" Intrnl_Id="2018">
<BasicBoolTerm Intrnl_Id="2019">
<LocList>
<Loc EndOffset="13307" SrcFileId="6" StartOffset="13299"/>
</LocList>
</BasicBoolTerm>
<LocList>
<Loc EndOffset="13299" SrcFileId="6" StartOffset="13298"/>
</LocList>
</OpTerm>
</RootTerm>
</LoopStmnt>
</StmntSeq>
</Branch>
<Keyword EndOffset="12970" SrcFileId="6" StartOffset="12968"/>
<LocList>
<Loc EndOffset="13984" SrcFileId="6" StartOffset="12968"/>
</LocList>
<RootTerm CovItemId="C51" CovItemPrefix="com.OriginalFiles.Analyze.java" Intrnl_Id="2020">
<BasicBoolTerm Intrnl_Id="2021">
<LocList>
<Loc EndOffset="12983" SrcFileId="6" StartOffset="12972"/>
</LocList>
</BasicBoolTerm>
</RootTerm>
</CondStmnt>
</StmntSeq>
</Branch>
<Keyword EndOffset="12567" SrcFileId="6" StartOffset="12565"/>
<LocList>
<Loc EndOffset="13999" SrcFileId="6" StartOffset="12565"/>
</LocList>
<RootTerm CovItemId="C49" CovItemPrefix="com.OriginalFiles.Analyze.java" Intrnl_Id="2022">
<BasicBoolTerm Intrnl_Id="2023">
<LocList>
<Loc EndOffset="12612" SrcFileId="6" StartOffset="12569"/>
</LocList>
</BasicBoolTerm>
</RootTerm>
</CondStmnt>
</StmntSeq>
</Branch>
<Branch CovItemId="B82" CovItemPrefix="com.OriginalFiles.Analyze.java" Implct="true" Intrnl_Id="2024">
<Cond/>
<LocList/>
<StmntSeq Intrnl_Id="2025">
<LocList/>
</StmntSeq>
</Branch>
<Keyword EndOffset="12508" SrcFileId="6" StartOffset="12506"/>
<LocList>
<Loc EndOffset="14010" SrcFileId="6" StartOffset="12506"/>
</LocList>
<RootTerm CovItemId="C48" CovItemPrefix="com.OriginalFiles.Analyze.java" Intrnl_Id="2026">
<BasicBoolTerm Intrnl_Id="2027">
<LocList>
<Loc EndOffset="12548" SrcFileId="6" StartOffset="12510"/>
</LocList>
</BasicBoolTerm>
</RootTerm>
</CondStmnt>
</StmntSeq>
</HierarchyLvl>
<HierarchyLvl HierarchyLvlId="1174" HierarchyLvlTypeId="12" Intrnl_Id="2028" Name="replaceRobotKing">
<Header>
<Loc EndOffset="14117" SrcFileId="6" StartOffset="14025"/>
</Header>
<LocList>
<Loc EndOffset="15214" SrcFileId="6" StartOffset="14025"/>
</LocList>
<StmntSeq Intrnl_Id="2029">
<LocList>
<Loc EndOffset="14139" SrcFileId="6" StartOffset="14129"/>
<Loc EndOffset="14159" SrcFileId="6" StartOffset="14149"/>
<Loc EndOffset="14179" SrcFileId="6" StartOffset="14169"/>
<Loc EndOffset="14598" SrcFileId="6" StartOffset="14191"/>
<Loc EndOffset="14720" SrcFileId="6" StartOffset="14608"/>
<Loc EndOffset="15118" SrcFileId="6" StartOffset="14730"/>
<Loc EndOffset="15207" SrcFileId="6" StartOffset="15130"/>
</LocList>
<BasicStmnt CovItemId="S168" CovItemPrefix="com.OriginalFiles.Analyze.java" Intrnl_Id="2030">
<LocList>
<Loc EndOffset="14139" SrcFileId="6" StartOffset="14129"/>
</LocList>
</BasicStmnt>
<BasicStmnt CovItemId="S169" CovItemPrefix="com.OriginalFiles.Analyze.java" Intrnl_Id="2031">
<LocList>
<Loc EndOffset="14159" SrcFileId="6" StartOffset="14149"/>
</LocList>
</BasicStmnt>
<BasicStmnt CovItemId="S170" CovItemPrefix="com.OriginalFiles.Analyze.java" Intrnl_Id="2032">
<LocList>
<Loc EndOffset="14179" SrcFileId="6" StartOffset="14169"/>
</LocList>
</BasicStmnt>
<LoopStmnt CovItemId="S171" CovItemPrefix="com.OriginalFiles.Analyze.java" Intrnl_Id="2033" MltplExecId="L12-2" MltplExecPrefix="com.OriginalFiles.Analyze.java" NvrExecId="L12-0" NvrExecPrefix="com.OriginalFiles.Analyze.java" OnceExecutedId="L12-1" OnceExecutedPrefix="com.OriginalFiles.Analyze.java" OptBodyExec="true">
<StmntSeq Intrnl_Id="2034">
<LocList>
<Loc EndOffset="14549" SrcFileId="6" StartOffset="14288"/>
<Loc EndOffset="14567" SrcFileId="6" StartOffset="14563"/>
<Loc EndOffset="14587" SrcFileId="6" StartOffset="14581"/>
</LocList>
<LoopStmnt CovItemId="S172" CovItemPrefix="com.OriginalFiles.Analyze.java" Intrnl_Id="2035" MltplExecId="L13-2" MltplExecPrefix="com.OriginalFiles.Analyze.java" NvrExecId="L13-0" NvrExecPrefix="com.OriginalFiles.Analyze.java" OnceExecutedId="L13-1" OnceExecutedPrefix="com.OriginalFiles.Analyze.java" OptBodyExec="true">
<StmntSeq Intrnl_Id="2036">
<LocList>
<Loc EndOffset="14512" SrcFileId="6" StartOffset="14383"/>
<Loc EndOffset="14534" SrcFileId="6" StartOffset="14530"/>
</LocList>
<CondStmnt CovItemId="S173" CovItemPrefix="com.OriginalFiles.Analyze.java" Intrnl_Id="2037">
<Branch CovItemId="B93" CovItemPrefix="com.OriginalFiles.Analyze.java" Implct="false" Intrnl_Id="2038">
<Cond/>
<LocList>
<Loc EndOffset="14512" SrcFileId="6" StartOffset="14458"/>
</LocList>
<StmntSeq Intrnl_Id="2039">
<LocList>
<Loc EndOffset="14493" SrcFileId="6" StartOffset="14481"/>
</LocList>
<BasicStmnt CovItemId="S174" CovItemPrefix="com.OriginalFiles.Analyze.java" Intrnl_Id="2040">
<LocList>
<Loc EndOffset="14493" SrcFileId="6" StartOffset="14481"/>
</LocList>
</BasicStmnt>
</StmntSeq>
</Branch>
<Branch CovItemId="B94" CovItemPrefix="com.OriginalFiles.Analyze.java" Implct="true" Intrnl_Id="2041">
<Cond/>
<LocList/>
<StmntSeq Intrnl_Id="2042">
<LocList/>
</StmntSeq>
</Branch>
<Keyword EndOffset="14385" SrcFileId="6" StartOffset="14383"/>
<LocList>
<Loc EndOffset="14512" SrcFileId="6" StartOffset="14383"/>
</LocList>
<RootTerm CovItemId="C57" CovItemPrefix="com.OriginalFiles.Analyze.java" Intrnl_Id="2043">
<BasicBoolTerm Intrnl_Id="2044">
<LocList>
<Loc EndOffset="14456" SrcFileId="6" StartOffset="14387"/>
</LocList>
</BasicBoolTerm>
</RootTerm>
</CondStmnt>
<BasicStmnt CovItemId="S175" CovItemPrefix="com.OriginalFiles.Analyze.java" Intrnl_Id="2045">
<LocList>
<Loc EndOffset="14534" SrcFileId="6" StartOffset="14530"/>
</LocList>
</BasicStmnt>
</StmntSeq>
<Keyword EndOffset="14293" SrcFileId="6" StartOffset="14288"/>
<LocList>
<Loc EndOffset="14549" SrcFileId="6" StartOffset="14288"/>
</LocList>
<RootTerm CovItemId="C56" CovItemPrefix="com.OriginalFiles.Analyze.java" Intrnl_Id="2046">
<BasicBoolTerm Intrnl_Id="2047">
<LocList>
<Loc EndOffset="14360" SrcFileId="6" StartOffset="14295"/>
</LocList>
</BasicBoolTerm>
</RootTerm>
</LoopStmnt>
<BasicStmnt CovItemId="S176" CovItemPrefix="com.OriginalFiles.Analyze.java" Intrnl_Id="2048">
<LocList>
<Loc EndOffset="14567" SrcFileId="6" StartOffset="14563"/>
</LocList>
</BasicStmnt>
<BasicStmnt CovItemId="S177" CovItemPrefix="com.OriginalFiles.Analyze.java" Intrnl_Id="2049">
<LocList>
<Loc EndOffset="14587" SrcFileId="6" StartOffset="14581"/>
</LocList>
</BasicStmnt>
</StmntSeq>
<Keyword EndOffset="14203" SrcFileId="6" StartOffset="14198"/>
<LocList>
<Loc EndOffset="14598" SrcFileId="6" StartOffset="14191"/>
</LocList>
<RootTerm CovItemId="C55" CovItemPrefix="com.OriginalFiles.Analyze.java" Intrnl_Id="2050">
<BasicBoolTerm Intrnl_Id="2051">
<LocList>
<Loc EndOffset="14269" SrcFileId="6" StartOffset="14205"/>
</LocList>
</BasicBoolTerm>
</RootTerm>
</LoopStmnt>
<BasicStmnt CovItemId="S178" CovItemPrefix="com.OriginalFiles.Analyze.java" Intrnl_Id="2052">
<LocList>
<Loc EndOffset="14720" SrcFileId="6" StartOffset="14608"/>
</LocList>
</BasicStmnt>
<LoopStmnt CovItemId="S179" CovItemPrefix="com.OriginalFiles.Analyze.java" Intrnl_Id="2053" MltplExecId="L14-2" MltplExecPrefix="com.OriginalFiles.Analyze.java" NvrExecId="L14-0" NvrExecPrefix="com.OriginalFiles.Analyze.java" OnceExecutedId="L14-1" OnceExecutedPrefix="com.OriginalFiles.Analyze.java" OptBodyExec="true">
<StmntSeq Intrnl_Id="2054">
<LocList>
<Loc EndOffset="15107" SrcFileId="6" StartOffset="14769"/>
</LocList>
<CondStmnt CovItemId="S180" CovItemPrefix="com.OriginalFiles.Analyze.java" Intrnl_Id="2055">
<Branch CovItemId="B95" CovItemPrefix="com.OriginalFiles.Analyze.java" Implct="false" Intrnl_Id="2056">
<Cond/>
<LocList>
<Loc EndOffset="15063" SrcFileId="6" StartOffset="14815"/>
</LocList>
<StmntSeq Intrnl_Id="2057">
<LocList>
<Loc EndOffset="15018" SrcFileId="6" StartOffset="14877"/>
<Loc EndOffset="15048" SrcFileId="6" StartOffset="15036"/>
</LocList>
<BasicStmnt CovItemId="S181" CovItemPrefix="com.OriginalFiles.Analyze.java" Intrnl_Id="2058">
<LocList>
<Loc EndOffset="15018" SrcFileId="6" StartOffset="14877"/>
</LocList>
</BasicStmnt>
<BasicStmnt CovItemId="S182" CovItemPrefix="com.OriginalFiles.Analyze.java" Intrnl_Id="2059">
<LocList>
<Loc EndOffset="15048" SrcFileId="6" StartOffset="15036"/>
</LocList>
</BasicStmnt>
</StmntSeq>
</Branch>
<Branch CovItemId="B96" CovItemPrefix="com.OriginalFiles.Analyze.java" Implct="false" Intrnl_Id="2060">
<Cond>
<Loc EndOffset="15068" SrcFileId="6" StartOffset="15064"/>
</Cond>
<LocList>
<Loc EndOffset="15107" SrcFileId="6" StartOffset="15069"/>
</LocList>
<StmntSeq Intrnl_Id="2061">
<LocList>
<Loc EndOffset="15092" SrcFileId="6" StartOffset="15088"/>
</LocList>
<BasicStmnt CovItemId="S183" CovItemPrefix="com.OriginalFiles.Analyze.java" Intrnl_Id="2062">
<LocList>
<Loc EndOffset="15092" SrcFileId="6" StartOffset="15088"/>
</LocList>
</BasicStmnt>
</StmntSeq>
</Branch>
<Keyword EndOffset="14771" SrcFileId="6" StartOffset="14769"/>
<LocList>
<Loc EndOffset="15107" SrcFileId="6" StartOffset="14769"/>
</LocList>
<RootTerm CovItemId="C59" CovItemPrefix="com.OriginalFiles.Analyze.java" Intrnl_Id="2063">
<OpTerm BooleanOpId="7" Intrnl_Id="2064">
<BasicBoolTerm Intrnl_Id="2065">
<LocList>
<Loc EndOffset="14813" SrcFileId="6" StartOffset="14774"/>
</LocList>
</BasicBoolTerm>
<LocList>
<Loc EndOffset="14774" SrcFileId="6" StartOffset="14773"/>
</LocList>
</OpTerm>
</RootTerm>
</CondStmnt>
</StmntSeq>
<Keyword EndOffset="14742" SrcFileId="6" StartOffset="14737"/>
<LocList>
<Loc EndOffset="15118" SrcFileId="6" StartOffset="14730"/>
</LocList>
<RootTerm CovItemId="C58" CovItemPrefix="com.OriginalFiles.Analyze.java" Intrnl_Id="2066">
<OpTerm BooleanOpId="7" Intrnl_Id="2067">
<BasicBoolTerm Intrnl_Id="2068">
<LocList>
<Loc EndOffset="14751" SrcFileId="6" StartOffset="14746"/>
</LocList>
</BasicBoolTerm>
<LocList>
<Loc EndOffset="14745" SrcFileId="6" StartOffset="14744"/>
</LocList>
</OpTerm>
</RootTerm>
</LoopStmnt>
<CondStmnt CovItemId="S184" CovItemPrefix="com.OriginalFiles.Analyze.java" Intrnl_Id="2069">
<Branch CovItemId="B97" CovItemPrefix="com.OriginalFiles.Analyze.java" Implct="false" Intrnl_Id="2070">
<Cond/>
<LocList>
<Loc EndOffset="15207" SrcFileId="6" StartOffset="15141"/>
</LocList>
<StmntSeq Intrnl_Id="2071">
<LocList>
<Loc EndOffset="15196" SrcFileId="6" StartOffset="15155"/>
</LocList>
<BasicStmnt CovItemId="S185" CovItemPrefix="com.OriginalFiles.Analyze.java" Intrnl_Id="2072">
<LocList>
<Loc EndOffset="15196" SrcFileId="6" StartOffset="15155"/>
</LocList>
</BasicStmnt>
</StmntSeq>
</Branch>
<Branch CovItemId="B98" CovItemPrefix="com.OriginalFiles.Analyze.java" Implct="true" Intrnl_Id="2073">
<Cond/>
<LocList/>
<StmntSeq Intrnl_Id="2074">
<LocList/>
</StmntSeq>
</Branch>
<Keyword EndOffset="15132" SrcFileId="6" StartOffset="15130"/>
<LocList>
<Loc EndOffset="15207" SrcFileId="6" StartOffset="15130"/>
</LocList>
<RootTerm CovItemId="C60" CovItemPrefix="com.OriginalFiles.Analyze.java" Intrnl_Id="2075">
<BasicBoolTerm Intrnl_Id="2076">
<LocList>
<Loc EndOffset="15139" SrcFileId="6" StartOffset="15134"/>
</LocList>
</BasicBoolTerm>
</RootTerm>
</CondStmnt>
</StmntSeq>
</HierarchyLvl>
<HierarchyLvl HierarchyLvlId="1175" HierarchyLvlTypeId="12" Intrnl_Id="2077" Name="checkRobotPieceReplaced">
<Header>
<Loc EndOffset="15393" SrcFileId="6" StartOffset="15319"/>
</Header>
<LocList>
<Loc EndOffset="15920" SrcFileId="6" StartOffset="15319"/>
</LocList>
<StmntSeq Intrnl_Id="2078">
<LocList>
<Loc EndOffset="15913" SrcFileId="6" StartOffset="15405"/>
</LocList>
<CondStmnt CovItemId="S186" CovItemPrefix="com.OriginalFiles.Analyze.java" Intrnl_Id="2079">
<Branch CovItemId="B99" CovItemPrefix="com.OriginalFiles.Analyze.java" Implct="false" Intrnl_Id="2080">
<Cond/>
<LocList>
<Loc EndOffset="15913" SrcFileId="6" StartOffset="15431"/>
</LocList>
<StmntSeq Intrnl_Id="2081">
<LocList>
<Loc EndOffset="15476" SrcFileId="6" StartOffset="15446"/>
<Loc EndOffset="15902" SrcFileId="6" StartOffset="15490"/>
</LocList>
<BasicStmnt CovItemId="S187" CovItemPrefix="com.OriginalFiles.Analyze.java" Intrnl_Id="2082">
<LocList>
<Loc EndOffset="15476" SrcFileId="6" StartOffset="15446"/>
</LocList>
</BasicStmnt>
<LoopStmnt CovItemId="S188" CovItemPrefix="com.OriginalFiles.Analyze.java" Intrnl_Id="2083" MltplExecId="L15-2" MltplExecPrefix="com.OriginalFiles.Analyze.java" NvrExecId="L15-0" NvrExecPrefix="com.OriginalFiles.Analyze.java" OnceExecutedId="L15-1" OnceExecutedPrefix="com.OriginalFiles.Analyze.java" OptBodyExec="true">
<StmntSeq Intrnl_Id="2084">
<LocList>
<Loc EndOffset="15887" SrcFileId="6" StartOffset="15532"/>
</LocList>
<CondStmnt CovItemId="S189" CovItemPrefix="com.OriginalFiles.Analyze.java" Intrnl_Id="2085">
<Branch CovItemId="B101" CovItemPrefix="com.OriginalFiles.Analyze.java" Implct="false" Intrnl_Id="2086">
<Cond/>
<LocList>
<Loc EndOffset="15741" SrcFileId="6" StartOffset="15632"/>
</LocList>
<StmntSeq Intrnl_Id="2087">
<LocList>
<Loc EndOffset="15678" SrcFileId="6" StartOffset="15655"/>
<Loc EndOffset="15722" SrcFileId="6" StartOffset="15702"/>
</LocList>
<BasicStmnt CovItemId="S190" CovItemPrefix="com.OriginalFiles.Analyze.java" Intrnl_Id="2088">
<LocList>
<Loc EndOffset="15678" SrcFileId="6" StartOffset="15655"/>
</LocList>
</BasicStmnt>
<BasicStmnt CovItemId="S191" CovItemPrefix="com.OriginalFiles.Analyze.java" Intrnl_Id="2089">
<LocList>
<Loc EndOffset="15722" SrcFileId="6" StartOffset="15702"/>
</LocList>
</BasicStmnt>
</StmntSeq>
</Branch>
<Branch CovItemId="B102" CovItemPrefix="com.OriginalFiles.Analyze.java" Implct="false" Intrnl_Id="2090">
<Cond>
<Loc EndOffset="15746" SrcFileId="6" StartOffset="15742"/>
</Cond>
<LocList>
<Loc EndOffset="15887" SrcFileId="6" StartOffset="15747"/>
</LocList>
<StmntSeq Intrnl_Id="2091">
<LocList>
<Loc EndOffset="15811" SrcFileId="6" StartOffset="15770"/>
<Loc EndOffset="15868" SrcFileId="6" StartOffset="15833"/>
</LocList>
<BasicStmnt CovItemId="S192" CovItemPrefix="com.OriginalFiles.Analyze.java" Intrnl_Id="2092">
<LocList>
<Loc EndOffset="15811" SrcFileId="6" StartOffset="15770"/>
</LocList>
</BasicStmnt>
<BasicStmnt CovItemId="S193" CovItemPrefix="com.OriginalFiles.Analyze.java" Intrnl_Id="2093">
<LocList>
<Loc EndOffset="15868" SrcFileId="6" StartOffset="15833"/>
</LocList>
</BasicStmnt>
</StmntSeq>
</Branch>
<Keyword EndOffset="15534" SrcFileId="6" StartOffset="15532"/>
<LocList>
<Loc EndOffset="15887" SrcFileId="6" StartOffset="15532"/>
</LocList>
<RootTerm CovItemId="C63" CovItemPrefix="com.OriginalFiles.Analyze.java" Intrnl_Id="2094">
<BasicBoolTerm Intrnl_Id="2095">
<LocList>
<Loc EndOffset="15630" SrcFileId="6" StartOffset="15536"/>
</LocList>
</BasicBoolTerm>
</RootTerm>
</CondStmnt>
</StmntSeq>
<Keyword EndOffset="15495" SrcFileId="6" StartOffset="15490"/>
<LocList>
<Loc EndOffset="15902" SrcFileId="6" StartOffset="15490"/>
</LocList>
<RootTerm CovItemId="C62" CovItemPrefix="com.OriginalFiles.Analyze.java" Intrnl_Id="2096">
<BasicBoolTerm Intrnl_Id="2097">
<LocList>
<Loc EndOffset="15511" SrcFileId="6" StartOffset="15497"/>
</LocList>
</BasicBoolTerm>
</RootTerm>
</LoopStmnt>
</StmntSeq>
</Branch>
<Branch CovItemId="B100" CovItemPrefix="com.OriginalFiles.Analyze.java" Implct="true" Intrnl_Id="2098">
<Cond/>
<LocList/>
<StmntSeq Intrnl_Id="2099">
<LocList/>
</StmntSeq>
</Branch>
<Keyword EndOffset="15407" SrcFileId="6" StartOffset="15405"/>
<LocList>
<Loc EndOffset="15913" SrcFileId="6" StartOffset="15405"/>
</LocList>
<RootTerm CovItemId="C61" CovItemPrefix="com.OriginalFiles.Analyze.java" Intrnl_Id="2100">
<BasicBoolTerm Intrnl_Id="2101">
<LocList>
<Loc EndOffset="15429" SrcFileId="6" StartOffset="15409"/>
</LocList>
</BasicBoolTerm>
</RootTerm>
</CondStmnt>
</StmntSeq>
</HierarchyLvl>
<HierarchyLvl HierarchyLvlId="1176" HierarchyLvlTypeId="12" Intrnl_Id="2102" Name="findMyColors">
<Header>
<Loc EndOffset="16051" SrcFileId="6" StartOffset="15978"/>
</Header>
<LocList>
<Loc EndOffset="16469" SrcFileId="6" StartOffset="15978"/>
</LocList>
<StmntSeq Intrnl_Id="2103">
<LocList>
<Loc EndOffset="16109" SrcFileId="6" StartOffset="16063"/>
<Loc EndOffset="16462" SrcFileId="6" StartOffset="16119"/>
</LocList>
<BasicStmnt CovItemId="S194" CovItemPrefix="com.OriginalFiles.Analyze.java" Intrnl_Id="2104">
<LocList>
<Loc EndOffset="16109" SrcFileId="6" StartOffset="16063"/>
</LocList>
</BasicStmnt>
<CondStmnt CovItemId="S195" CovItemPrefix="com.OriginalFiles.Analyze.java" Intrnl_Id="2105">
<Branch CovItemId="B103" CovItemPrefix="com.OriginalFiles.Analyze.java" Implct="false" Intrnl_Id="2106">
<Cond/>
<LocList>
<Loc EndOffset="16218" SrcFileId="6" StartOffset="16160"/>
</LocList>
<StmntSeq Intrnl_Id="2107">
<LocList>
<Loc EndOffset="16207" SrcFileId="6" StartOffset="16175"/>
</LocList>
<BasicStmnt CovItemId="S196" CovItemPrefix="com.OriginalFiles.Analyze.java" Intrnl_Id="2108">
<LocList>
<Loc EndOffset="16207" SrcFileId="6" StartOffset="16175"/>
</LocList>
</BasicStmnt>
</StmntSeq>
</Branch>
<Branch CovItemId="B104" CovItemPrefix="com.OriginalFiles.Analyze.java" Implct="false" Intrnl_Id="2109">
<Cond>
<Loc EndOffset="16223" SrcFileId="6" StartOffset="16219"/>
</Cond>
<LocList>
<Loc EndOffset="16462" SrcFileId="6" StartOffset="16224"/>
</LocList>
<StmntSeq Intrnl_Id="2110">
<LocList>
<Loc EndOffset="16462" SrcFileId="6" StartOffset="16224"/>
</LocList>
<CondStmnt CovItemId="S197" CovItemPrefix="com.OriginalFiles.Analyze.java" Intrnl_Id="2111">
<Branch CovItemId="B105" CovItemPrefix="com.OriginalFiles.Analyze.java" Implct="false" Intrnl_Id="2112">
<Cond/>
<LocList>
<Loc EndOffset="16323" SrcFileId="6" StartOffset="16265"/>
</LocList>
<StmntSeq Intrnl_Id="2113">
<LocList>
<Loc EndOffset="16312" SrcFileId="6" StartOffset="16280"/>
</LocList>
<BasicStmnt CovItemId="S198" CovItemPrefix="com.OriginalFiles.Analyze.java" Intrnl_Id="2114">
<LocList>
<Loc EndOffset="16312" SrcFileId="6" StartOffset="16280"/>
</LocList>
</BasicStmnt>
</StmntSeq>
</Branch>
<Branch CovItemId="B106" CovItemPrefix="com.OriginalFiles.Analyze.java" Implct="false" Intrnl_Id="2115">
<Cond>
<Loc EndOffset="16328" SrcFileId="6" StartOffset="16324"/>
</Cond>
<LocList>
<Loc EndOffset="16462" SrcFileId="6" StartOffset="16329"/>
</LocList>
<StmntSeq Intrnl_Id="2116">
<LocList>
<Loc EndOffset="16374" SrcFileId="6" StartOffset="16344"/>
<Loc EndOffset="16422" SrcFileId="6" StartOffset="16388"/>
<Loc EndOffset="16451" SrcFileId="6" StartOffset="16436"/>
</LocList>
<BasicStmnt CovItemId="S199" CovItemPrefix="com.OriginalFiles.Analyze.java" Intrnl_Id="2117">
<LocList>
<Loc EndOffset="16374" SrcFileId="6" StartOffset="16344"/>
</LocList>
</BasicStmnt>
<BasicStmnt CovItemId="S200" CovItemPrefix="com.OriginalFiles.Analyze.java" Intrnl_Id="2118">
<LocList>
<Loc EndOffset="16422" SrcFileId="6" StartOffset="16388"/>
</LocList>
</BasicStmnt>
<BasicStmnt CovItemId="S201" CovItemPrefix="com.OriginalFiles.Analyze.java" Intrnl_Id="2119">
<LocList>
<Loc EndOffset="16451" SrcFileId="6" StartOffset="16436"/>
</LocList>
</BasicStmnt>
</StmntSeq>
</Branch>
<Keyword EndOffset="16226" SrcFileId="6" StartOffset="16224"/>
<LocList>
<Loc EndOffset="16462" SrcFileId="6" StartOffset="16224"/>
</LocList>
<RootTerm CovItemId="C65" CovItemPrefix="com.OriginalFiles.Analyze.java" Intrnl_Id="2120">
<BasicBoolTerm Intrnl_Id="2121">
<LocList>
<Loc EndOffset="16263" SrcFileId="6" StartOffset="16228"/>
</LocList>
</BasicBoolTerm>
</RootTerm>
</CondStmnt>
</StmntSeq>
</Branch>
<Keyword EndOffset="16121" SrcFileId="6" StartOffset="16119"/>
<LocList>
<Loc EndOffset="16462" SrcFileId="6" StartOffset="16119"/>
</LocList>
<RootTerm CovItemId="C64" CovItemPrefix="com.OriginalFiles.Analyze.java" Intrnl_Id="2122">
<BasicBoolTerm Intrnl_Id="2123">
<LocList>
<Loc EndOffset="16158" SrcFileId="6" StartOffset="16123"/>
</LocList>
</BasicBoolTerm>
</RootTerm>
</CondStmnt>
</StmntSeq>
</HierarchyLvl>
<HierarchyLvl HierarchyLvlId="1177" HierarchyLvlTypeId="12" Intrnl_Id="2124" Name="getColor">
<Header>
<Loc EndOffset="16583" SrcFileId="6" StartOffset="16524"/>
</Header>
<LocList>
<Loc EndOffset="17420" SrcFileId="6" StartOffset="16524"/>
</LocList>
<StmntSeq Intrnl_Id="2125">
<LocList>
<Loc EndOffset="16653" SrcFileId="6" StartOffset="16595"/>
<Loc EndOffset="16696" SrcFileId="6" StartOffset="16665"/>
<Loc EndOffset="16741" SrcFileId="6" StartOffset="16706"/>
<Loc EndOffset="16784" SrcFileId="6" StartOffset="16751"/>
<Loc EndOffset="17413" SrcFileId="6" StartOffset="16794"/>
</LocList>
<BasicStmnt CovItemId="S202" CovItemPrefix="com.OriginalFiles.Analyze.java" Intrnl_Id="2126">
<LocList>
<Loc EndOffset="16653" SrcFileId="6" StartOffset="16595"/>
</LocList>
</BasicStmnt>
<BasicStmnt CovItemId="S203" CovItemPrefix="com.OriginalFiles.Analyze.java" Intrnl_Id="2127">
<LocList>
<Loc EndOffset="16696" SrcFileId="6" StartOffset="16665"/>
</LocList>
</BasicStmnt>
<BasicStmnt CovItemId="S204" CovItemPrefix="com.OriginalFiles.Analyze.java" Intrnl_Id="2128">
<LocList>
<Loc EndOffset="16741" SrcFileId="6" StartOffset="16706"/>
</LocList>
</BasicStmnt>
<BasicStmnt CovItemId="S205" CovItemPrefix="com.OriginalFiles.Analyze.java" Intrnl_Id="2129">
<LocList>
<Loc EndOffset="16784" SrcFileId="6" StartOffset="16751"/>
</LocList>
</BasicStmnt>
<CondStmnt CovItemId="S206" CovItemPrefix="com.OriginalFiles.Analyze.java" Intrnl_Id="2130">
<Branch CovItemId="B107" CovItemPrefix="com.OriginalFiles.Analyze.java" Implct="false" Intrnl_Id="2131">
<Cond/>
<LocList>
<Loc EndOffset="16932" SrcFileId="6" StartOffset="16895"/>
</LocList>
<StmntSeq Intrnl_Id="2132">
<LocList>
<Loc EndOffset="16921" SrcFileId="6" StartOffset="16910"/>
</LocList>
<BasicStmnt CovItemId="S207" CovItemPrefix="com.OriginalFiles.Analyze.java" Intrnl_Id="2133">
<LocList>
<Loc EndOffset="16921" SrcFileId="6" StartOffset="16910"/>
</LocList>
</BasicStmnt>
</StmntSeq>
</Branch>
<Branch CovItemId="B108" CovItemPrefix="com.OriginalFiles.Analyze.java" Implct="false" Intrnl_Id="2134">
<Cond>
<Loc EndOffset="16937" SrcFileId="6" StartOffset="16933"/>
</Cond>
<LocList>
<Loc EndOffset="17413" SrcFileId="6" StartOffset="16938"/>
</LocList>
<StmntSeq Intrnl_Id="2135">
<LocList>
<Loc EndOffset="17413" SrcFileId="6" StartOffset="16938"/>
</LocList>
<CondStmnt CovItemId="S208" CovItemPrefix="com.OriginalFiles.Analyze.java" Intrnl_Id="2136">
<Branch CovItemId="B109" CovItemPrefix="com.OriginalFiles.Analyze.java" Implct="false" Intrnl_Id="2137">
<Cond/>
<LocList>
<Loc EndOffset="17078" SrcFileId="6" StartOffset="17041"/>
</LocList>
<StmntSeq Intrnl_Id="2138">
<LocList>
<Loc EndOffset="17067" SrcFileId="6" StartOffset="17056"/>
</LocList>
<BasicStmnt CovItemId="S209" CovItemPrefix="com.OriginalFiles.Analyze.java" Intrnl_Id="2139">
<LocList>
<Loc EndOffset="17067" SrcFileId="6" StartOffset="17056"/>
</LocList>
</BasicStmnt>
</StmntSeq>
</Branch>
<Branch CovItemId="B110" CovItemPrefix="com.OriginalFiles.Analyze.java" Implct="false" Intrnl_Id="2140">
<Cond>
<Loc EndOffset="17083" SrcFileId="6" StartOffset="17079"/>
</Cond>
<LocList>
<Loc EndOffset="17413" SrcFileId="6" StartOffset="17084"/>
</LocList>
<StmntSeq Intrnl_Id="2141">
<LocList>
<Loc EndOffset="17413" SrcFileId="6" StartOffset="17084"/>
</LocList>
<CondStmnt CovItemId="S210" CovItemPrefix="com.OriginalFiles.Analyze.java" Intrnl_Id="2142">
<Branch CovItemId="B111" CovItemPrefix="com.OriginalFiles.Analyze.java" Implct="false" Intrnl_Id="2143">
<Cond/>
<LocList>
<Loc EndOffset="17224" SrcFileId="6" StartOffset="17187"/>
</LocList>
<StmntSeq Intrnl_Id="2144">
<LocList>
<Loc EndOffset="17213" SrcFileId="6" StartOffset="17202"/>
</LocList>
<BasicStmnt CovItemId="S211" CovItemPrefix="com.OriginalFiles.Analyze.java" Intrnl_Id="2145">
<LocList>
<Loc EndOffset="17213" SrcFileId="6" StartOffset="17202"/>
</LocList>
</BasicStmnt>
</StmntSeq>
</Branch>
<Branch CovItemId="B112" CovItemPrefix="com.OriginalFiles.Analyze.java" Implct="false" Intrnl_Id="2146">
<Cond>
<Loc EndOffset="17229" SrcFileId="6" StartOffset="17225"/>
</Cond>
<LocList>
<Loc EndOffset="17413" SrcFileId="6" StartOffset="17230"/>
</LocList>
<StmntSeq Intrnl_Id="2147">
<LocList>
<Loc EndOffset="17413" SrcFileId="6" StartOffset="17230"/>
</LocList>
<CondStmnt CovItemId="S212" CovItemPrefix="com.OriginalFiles.Analyze.java" Intrnl_Id="2148">
<Branch CovItemId="B113" CovItemPrefix="com.OriginalFiles.Analyze.java" Implct="false" Intrnl_Id="2149">
<Cond/>
<LocList>
<Loc EndOffset="17370" SrcFileId="6" StartOffset="17333"/>
</LocList>
<StmntSeq Intrnl_Id="2150">
<LocList>
<Loc EndOffset="17359" SrcFileId="6" StartOffset="17348"/>
</LocList>
<BasicStmnt CovItemId="S213" CovItemPrefix="com.OriginalFiles.Analyze.java" Intrnl_Id="2151">
<LocList>
<Loc EndOffset="17359" SrcFileId="6" StartOffset="17348"/>
</LocList>
</BasicStmnt>
</StmntSeq>
</Branch>
<Branch CovItemId="B114" CovItemPrefix="com.OriginalFiles.Analyze.java" Implct="false" Intrnl_Id="2152">
<Cond>
<Loc EndOffset="17375" SrcFileId="6" StartOffset="17371"/>
</Cond>
<LocList>
<Loc EndOffset="17413" SrcFileId="6" StartOffset="17376"/>
</LocList>
<StmntSeq Intrnl_Id="2153">
<LocList>
<Loc EndOffset="17402" SrcFileId="6" StartOffset="17391"/>
</LocList>
<BasicStmnt CovItemId="S214" CovItemPrefix="com.OriginalFiles.Analyze.java" Intrnl_Id="2154">
<LocList>
<Loc EndOffset="17402" SrcFileId="6" StartOffset="17391"/>
</LocList>
</BasicStmnt>
</StmntSeq>
</Branch>
<Keyword EndOffset="17232" SrcFileId="6" StartOffset="17230"/>
<LocList>
<Loc EndOffset="17413" SrcFileId="6" StartOffset="17230"/>
</LocList>
<RootTerm CovItemId="C69" CovItemPrefix="com.OriginalFiles.Analyze.java" Intrnl_Id="2155">
<OpTerm BooleanOpId="8" Intrnl_Id="2156">
<OpTerm BooleanOpId="8" Intrnl_Id="2157">
<OpTerm BooleanOpId="8" Intrnl_Id="2158">
<OpTerm BooleanOpId="8" Intrnl_Id="2159">
<OpTerm BooleanOpId="8" Intrnl_Id="2160">
<BasicBoolTerm Intrnl_Id="2161">
<LocList>
<Loc EndOffset="17243" SrcFileId="6" StartOffset="17234"/>
</LocList>
</BasicBoolTerm>
<BasicBoolTerm Intrnl_Id="2162">
<LocList>
<Loc EndOffset="17256" SrcFileId="6" StartOffset="17247"/>
</LocList>
</BasicBoolTerm>
<LocList>
<Loc EndOffset="17246" SrcFileId="6" StartOffset="17244"/>
</LocList>
</OpTerm>
<BasicBoolTerm Intrnl_Id="2163">
<LocList>
<Loc EndOffset="17271" SrcFileId="6" StartOffset="17260"/>
</LocList>
</BasicBoolTerm>
<LocList>
<Loc EndOffset="17259" SrcFileId="6" StartOffset="17257"/>
</LocList>
</OpTerm>
<BasicBoolTerm Intrnl_Id="2164">
<LocList>
<Loc EndOffset="17286" SrcFileId="6" StartOffset="17275"/>
</LocList>
</BasicBoolTerm>
<LocList>
<Loc EndOffset="17274" SrcFileId="6" StartOffset="17272"/>
</LocList>
</OpTerm>
<BasicBoolTerm Intrnl_Id="2165">
<LocList>
<Loc EndOffset="17317" SrcFileId="6" StartOffset="17307"/>
</LocList>
</BasicBoolTerm>
<LocList>
<Loc EndOffset="17306" SrcFileId="6" StartOffset="17304"/>
</LocList>
</OpTerm>
<BasicBoolTerm Intrnl_Id="2166">
<LocList>
<Loc EndOffset="17331" SrcFileId="6" StartOffset="17321"/>
</LocList>
</BasicBoolTerm>
<LocList>
<Loc EndOffset="17320" SrcFileId="6" StartOffset="17318"/>
</LocList>
</OpTerm>
</RootTerm>
</CondStmnt>
</StmntSeq>
</Branch>
<Keyword EndOffset="17086" SrcFileId="6" StartOffset="17084"/>
<LocList>
<Loc EndOffset="17413" SrcFileId="6" StartOffset="17084"/>
</LocList>
<RootTerm CovItemId="C68" CovItemPrefix="com.OriginalFiles.Analyze.java" Intrnl_Id="2167">
<OpTerm BooleanOpId="8" Intrnl_Id="2168">
<OpTerm BooleanOpId="8" Intrnl_Id="2169">
<OpTerm BooleanOpId="8" Intrnl_Id="2170">
<OpTerm BooleanOpId="8" Intrnl_Id="2171">
<OpTerm BooleanOpId="8" Intrnl_Id="2172">
<BasicBoolTerm Intrnl_Id="2173">
<LocList>
<Loc EndOffset="17097" SrcFileId="6" StartOffset="17088"/>
</LocList>
</BasicBoolTerm>
<BasicBoolTerm Intrnl_Id="2174">
<LocList>
<Loc EndOffset="17110" SrcFileId="6" StartOffset="17101"/>
</LocList>
</BasicBoolTerm>
<LocList>
<Loc EndOffset="17100" SrcFileId="6" StartOffset="17098"/>
</LocList>
</OpTerm>
<BasicBoolTerm Intrnl_Id="2175">
<LocList>
<Loc EndOffset="17125" SrcFileId="6" StartOffset="17114"/>
</LocList>
</BasicBoolTerm>
<LocList>
<Loc EndOffset="17113" SrcFileId="6" StartOffset="17111"/>
</LocList>
</OpTerm>
<BasicBoolTerm Intrnl_Id="2176">
<LocList>
<Loc EndOffset="17140" SrcFileId="6" StartOffset="17129"/>
</LocList>
</BasicBoolTerm>
<LocList>
<Loc EndOffset="17128" SrcFileId="6" StartOffset="17126"/>
</LocList>
</OpTerm>
<BasicBoolTerm Intrnl_Id="2177">
<LocList>
<Loc EndOffset="17171" SrcFileId="6" StartOffset="17161"/>
</LocList>
</BasicBoolTerm>
<LocList>
<Loc EndOffset="17160" SrcFileId="6" StartOffset="17158"/>
</LocList>
</OpTerm>
<BasicBoolTerm Intrnl_Id="2178">
<LocList>
<Loc EndOffset="17185" SrcFileId="6" StartOffset="17175"/>
</LocList>
</BasicBoolTerm>
<LocList>
<Loc EndOffset="17174" SrcFileId="6" StartOffset="17172"/>
</LocList>
</OpTerm>
</RootTerm>
</CondStmnt>
</StmntSeq>
</Branch>
<Keyword EndOffset="16940" SrcFileId="6" StartOffset="16938"/>
<LocList>
<Loc EndOffset="17413" SrcFileId="6" StartOffset="16938"/>
</LocList>
<RootTerm CovItemId="C67" CovItemPrefix="com.OriginalFiles.Analyze.java" Intrnl_Id="2179">
<OpTerm BooleanOpId="8" Intrnl_Id="2180">
<OpTerm BooleanOpId="8" Intrnl_Id="2181">
<OpTerm BooleanOpId="8" Intrnl_Id="2182">
<OpTerm BooleanOpId="8" Intrnl_Id="2183">
<OpTerm BooleanOpId="8" Intrnl_Id="2184">
<BasicBoolTerm Intrnl_Id="2185">
<LocList>
<Loc EndOffset="16951" SrcFileId="6" StartOffset="16942"/>
</LocList>
</BasicBoolTerm>
<BasicBoolTerm Intrnl_Id="2186">
<LocList>
<Loc EndOffset="16964" SrcFileId="6" StartOffset="16955"/>
</LocList>
</BasicBoolTerm>
<LocList>
<Loc EndOffset="16954" SrcFileId="6" StartOffset="16952"/>
</LocList>
</OpTerm>
<BasicBoolTerm Intrnl_Id="2187">
<LocList>
<Loc EndOffset="16979" SrcFileId="6" StartOffset="16968"/>
</LocList>
</BasicBoolTerm>
<LocList>
<Loc EndOffset="16967" SrcFileId="6" StartOffset="16965"/>
</LocList>
</OpTerm>
<BasicBoolTerm Intrnl_Id="2188">
<LocList>
<Loc EndOffset="16994" SrcFileId="6" StartOffset="16983"/>
</LocList>
</BasicBoolTerm>
<LocList>
<Loc EndOffset="16982" SrcFileId="6" StartOffset="16980"/>
</LocList>
</OpTerm>
<BasicBoolTerm Intrnl_Id="2189">
<LocList>
<Loc EndOffset="17025" SrcFileId="6" StartOffset="17015"/>
</LocList>
</BasicBoolTerm>
<LocList>
<Loc EndOffset="17014" SrcFileId="6" StartOffset="17012"/>
</LocList>
</OpTerm>
<BasicBoolTerm Intrnl_Id="2190">
<LocList>
<Loc EndOffset="17039" SrcFileId="6" StartOffset="17029"/>
</LocList>
</BasicBoolTerm>
<LocList>
<Loc EndOffset="17028" SrcFileId="6" StartOffset="17026"/>
</LocList>
</OpTerm>
</RootTerm>
</CondStmnt>
</StmntSeq>
</Branch>
<Keyword EndOffset="16796" SrcFileId="6" StartOffset="16794"/>
<LocList>
<Loc EndOffset="17413" SrcFileId="6" StartOffset="16794"/>
</LocList>
<RootTerm CovItemId="C66" CovItemPrefix="com.OriginalFiles.Analyze.java" Intrnl_Id="2191">
<OpTerm BooleanOpId="8" Intrnl_Id="2192">
<OpTerm BooleanOpId="8" Intrnl_Id="2193">
<OpTerm BooleanOpId="8" Intrnl_Id="2194">
<OpTerm BooleanOpId="8" Intrnl_Id="2195">
<OpTerm BooleanOpId="8" Intrnl_Id="2196">
<BasicBoolTerm Intrnl_Id="2197">
<LocList>
<Loc EndOffset="16807" SrcFileId="6" StartOffset="16798"/>
</LocList>
</BasicBoolTerm>
<BasicBoolTerm Intrnl_Id="2198">
<LocList>
<Loc EndOffset="16820" SrcFileId="6" StartOffset="16811"/>
</LocList>
</BasicBoolTerm>
<LocList>
<Loc EndOffset="16810" SrcFileId="6" StartOffset="16808"/>
</LocList>
</OpTerm>
<BasicBoolTerm Intrnl_Id="2199">
<LocList>
<Loc EndOffset="16835" SrcFileId="6" StartOffset="16824"/>
</LocList>
</BasicBoolTerm>
<LocList>
<Loc EndOffset="16823" SrcFileId="6" StartOffset="16821"/>
</LocList>
</OpTerm>
<BasicBoolTerm Intrnl_Id="2200">
<LocList>
<Loc EndOffset="16849" SrcFileId="6" StartOffset="16839"/>
</LocList>
</BasicBoolTerm>
<LocList>
<Loc EndOffset="16838" SrcFileId="6" StartOffset="16836"/>
</LocList>
</OpTerm>
<BasicBoolTerm Intrnl_Id="2201">
<LocList>
<Loc EndOffset="16880" SrcFileId="6" StartOffset="16870"/>
</LocList>
</BasicBoolTerm>
<LocList>
<Loc EndOffset="16869" SrcFileId="6" StartOffset="16867"/>
</LocList>
</OpTerm>
<BasicBoolTerm Intrnl_Id="2202">
<LocList>
<Loc EndOffset="16893" SrcFileId="6" StartOffset="16884"/>
</LocList>
</BasicBoolTerm>
<LocList>
<Loc EndOffset="16883" SrcFileId="6" StartOffset="16881"/>
</LocList>
</OpTerm>
</RootTerm>
</CondStmnt>
</StmntSeq>
</HierarchyLvl>
<HierarchyLvl HierarchyLvlId="1178" HierarchyLvlTypeId="12" Intrnl_Id="2203" Name="checkForGameHasEnded">
<Header>
<Loc EndOffset="17535" SrcFileId="6" StartOffset="17428"/>
</Header>
<LocList>
<Loc EndOffset="17916" SrcFileId="6" StartOffset="17428"/>
</LocList>
<StmntSeq Intrnl_Id="2204">
<LocList>
<Loc EndOffset="17909" SrcFileId="6" StartOffset="17547"/>
</LocList>
<CondStmnt CovItemId="S215" CovItemPrefix="com.OriginalFiles.Analyze.java" Intrnl_Id="2205">
<Branch CovItemId="B115" CovItemPrefix="com.OriginalFiles.Analyze.java" Implct="false" Intrnl_Id="2206">
<Cond>
<Loc EndOffset="17600" SrcFileId="6" StartOffset="17594"/>
</Cond>
<LocList>
<Loc EndOffset="17675" SrcFileId="6" StartOffset="17615"/>
</LocList>
<StmntSeq Intrnl_Id="2207">
<LocList>
<Loc EndOffset="17649" SrcFileId="6" StartOffset="17615"/>
<Loc EndOffset="17675" SrcFileId="6" StartOffset="17663"/>
</LocList>
<BasicStmnt CovItemId="S216" CovItemPrefix="com.OriginalFiles.Analyze.java" Intrnl_Id="2208">
<LocList>
<Loc EndOffset="17649" SrcFileId="6" StartOffset="17615"/>
</LocList>
</BasicStmnt>
<BasicStmnt CovItemId="S217" CovItemPrefix="com.OriginalFiles.Analyze.java" Intrnl_Id="2209">
<LocList>
<Loc EndOffset="17675" SrcFileId="6" StartOffset="17663"/>
</LocList>
</BasicStmnt>
</StmntSeq>
</Branch>
<Branch CovItemId="B116" CovItemPrefix="com.OriginalFiles.Analyze.java" Implct="false" Intrnl_Id="2210">
<Cond>
<Loc EndOffset="17691" SrcFileId="6" StartOffset="17685"/>
</Cond>
<LocList>
<Loc EndOffset="17766" SrcFileId="6" StartOffset="17706"/>
</LocList>
<StmntSeq Intrnl_Id="2211">
<LocList>
<Loc EndOffset="17740" SrcFileId="6" StartOffset="17706"/>
<Loc EndOffset="17766" SrcFileId="6" StartOffset="17754"/>
</LocList>
<BasicStmnt CovItemId="S218" CovItemPrefix="com.OriginalFiles.Analyze.java" Intrnl_Id="2212">
<LocList>
<Loc EndOffset="17740" SrcFileId="6" StartOffset="17706"/>
</LocList>
</BasicStmnt>
<BasicStmnt CovItemId="S219" CovItemPrefix="com.OriginalFiles.Analyze.java" Intrnl_Id="2213">
<LocList>
<Loc EndOffset="17766" SrcFileId="6" StartOffset="17754"/>
</LocList>
</BasicStmnt>
</StmntSeq>
</Branch>
<Branch CovItemId="B117" CovItemPrefix="com.OriginalFiles.Analyze.java" Implct="false" Intrnl_Id="2214">
<Cond>
<Loc EndOffset="17782" SrcFileId="6" StartOffset="17776"/>
</Cond>
<LocList>
<Loc EndOffset="17853" SrcFileId="6" StartOffset="17797"/>
</LocList>
<StmntSeq Intrnl_Id="2215">
<LocList>
<Loc EndOffset="17827" SrcFileId="6" StartOffset="17797"/>
<Loc EndOffset="17853" SrcFileId="6" StartOffset="17841"/>
</LocList>
<BasicStmnt CovItemId="S220" CovItemPrefix="com.OriginalFiles.Analyze.java" Intrnl_Id="2216">
<LocList>
<Loc EndOffset="17827" SrcFileId="6" StartOffset="17797"/>
</LocList>
</BasicStmnt>
<BasicStmnt CovItemId="S221" CovItemPrefix="com.OriginalFiles.Analyze.java" Intrnl_Id="2217">
<LocList>
<Loc EndOffset="17853" SrcFileId="6" StartOffset="17841"/>
</LocList>
</BasicStmnt>
</StmntSeq>
</Branch>
<Branch CovItemId="B118" CovItemPrefix="com.OriginalFiles.Analyze.java" Implct="false" Intrnl_Id="2218">
<Cond>
<Loc EndOffset="17870" SrcFileId="6" StartOffset="17863"/>
</Cond>
<LocList>
<Loc EndOffset="17898" SrcFileId="6" StartOffset="17885"/>
</LocList>
<StmntSeq Intrnl_Id="2219">
<LocList>
<Loc EndOffset="17898" SrcFileId="6" StartOffset="17885"/>
</LocList>
<BasicStmnt CovItemId="S222" CovItemPrefix="com.OriginalFiles.Analyze.java" Intrnl_Id="2220">
<LocList>
<Loc EndOffset="17898" SrcFileId="6" StartOffset="17885"/>
</LocList>
</BasicStmnt>
</StmntSeq>
</Branch>
<Keyword EndOffset="17553" SrcFileId="6" StartOffset="17547"/>
<LocList>
<Loc EndOffset="17909" SrcFileId="6" StartOffset="17547"/>
</LocList>
</CondStmnt>
</StmntSeq>
</HierarchyLvl>
<HierarchyLvl HierarchyLvlId="1179" HierarchyLvlTypeId="12" Intrnl_Id="2221" Name="gameHasEnded">
<Header>
<Loc EndOffset="18084" SrcFileId="6" StartOffset="18036"/>
</Header>
<LocList>
<Loc EndOffset="20136" SrcFileId="6" StartOffset="18036"/>
</LocList>
<StmntSeq Intrnl_Id="2222">
<LocList>
<Loc EndOffset="18128" SrcFileId="6" StartOffset="18096"/>
<Loc EndOffset="18192" SrcFileId="6" StartOffset="18140"/>
<Loc EndOffset="18254" SrcFileId="6" StartOffset="18202"/>
<Loc EndOffset="18296" SrcFileId="6" StartOffset="18264"/>
<Loc EndOffset="18338" SrcFileId="6" StartOffset="18306"/>
<Loc EndOffset="19137" SrcFileId="6" StartOffset="18350"/>
<Loc EndOffset="19252" SrcFileId="6" StartOffset="19149"/>
<Loc EndOffset="19364" SrcFileId="6" StartOffset="19262"/>
<Loc EndOffset="20110" SrcFileId="6" StartOffset="19374"/>
<Loc EndOffset="20129" SrcFileId="6" StartOffset="20120"/>
</LocList>
<BasicStmnt CovItemId="S223" CovItemPrefix="com.OriginalFiles.Analyze.java" Intrnl_Id="2223">
<LocList>
<Loc EndOffset="18128" SrcFileId="6" StartOffset="18096"/>
</LocList>
</BasicStmnt>
<BasicStmnt CovItemId="S224" CovItemPrefix="com.OriginalFiles.Analyze.java" Intrnl_Id="2224">
<LocList>
<Loc EndOffset="18192" SrcFileId="6" StartOffset="18140"/>
</LocList>
</BasicStmnt>
<BasicStmnt CovItemId="S225" CovItemPrefix="com.OriginalFiles.Analyze.java" Intrnl_Id="2225">
<LocList>
<Loc EndOffset="18254" SrcFileId="6" StartOffset="18202"/>
</LocList>
</BasicStmnt>
<BasicStmnt CovItemId="S226" CovItemPrefix="com.OriginalFiles.Analyze.java" Intrnl_Id="2226">
<LocList>
<Loc EndOffset="18296" SrcFileId="6" StartOffset="18264"/>
</LocList>
</BasicStmnt>
<BasicStmnt CovItemId="S227" CovItemPrefix="com.OriginalFiles.Analyze.java" Intrnl_Id="2227">
<LocList>
<Loc EndOffset="18338" SrcFileId="6" StartOffset="18306"/>
</LocList>
</BasicStmnt>
<LoopStmnt CovItemId="S228" CovItemPrefix="com.OriginalFiles.Analyze.java" Intrnl_Id="2228" MltplExecId="L16-2" MltplExecPrefix="com.OriginalFiles.Analyze.java" NvrExecId="L16-0" NvrExecPrefix="com.OriginalFiles.Analyze.java" OnceExecutedId="L16-1" OnceExecutedPrefix="com.OriginalFiles.Analyze.java" OptBodyExec="true">
<StmntSeq Intrnl_Id="2229">
<LocList>
<Loc EndOffset="19126" SrcFileId="6" StartOffset="18405"/>
</LocList>
<LoopStmnt CovItemId="S229" CovItemPrefix="com.OriginalFiles.Analyze.java" Intrnl_Id="2230" MltplExecId="L17-2" MltplExecPrefix="com.OriginalFiles.Analyze.java" NvrExecId="L17-0" NvrExecPrefix="com.OriginalFiles.Analyze.java" OnceExecutedId="L17-1" OnceExecutedPrefix="com.OriginalFiles.Analyze.java" OptBodyExec="true">
<StmntSeq Intrnl_Id="2231">
<LocList>
<Loc EndOffset="19111" SrcFileId="6" StartOffset="18446"/>
</LocList>
<CondStmnt CovItemId="S230" CovItemPrefix="com.OriginalFiles.Analyze.java" Intrnl_Id="2232">
<Branch CovItemId="B119" CovItemPrefix="com.OriginalFiles.Analyze.java" Implct="false" Intrnl_Id="2233">
<Cond/>
<LocList>
<Loc EndOffset="19111" SrcFileId="6" StartOffset="18468"/>
</LocList>
<StmntSeq Intrnl_Id="2234">
<LocList>
<Loc EndOffset="18780" SrcFileId="6" StartOffset="18491"/>
<Loc EndOffset="19092" SrcFileId="6" StartOffset="18802"/>
</LocList>
<CondStmnt CovItemId="S231" CovItemPrefix="com.OriginalFiles.Analyze.java" Intrnl_Id="2235">
<Branch CovItemId="B121" CovItemPrefix="com.OriginalFiles.Analyze.java" Implct="false" Intrnl_Id="2236">
<Cond/>
<LocList>
<Loc EndOffset="18780" SrcFileId="6" StartOffset="18539"/>
</LocList>
<StmntSeq Intrnl_Id="2237">
<LocList>
<Loc EndOffset="18610" SrcFileId="6" StartOffset="18566"/>
<Loc EndOffset="18757" SrcFileId="6" StartOffset="18636"/>
</LocList>
<BasicStmnt CovItemId="S232" CovItemPrefix="com.OriginalFiles.Analyze.java" Intrnl_Id="2238">
<LocList>
<Loc EndOffset="18610" SrcFileId="6" StartOffset="18566"/>
</LocList>
</BasicStmnt>
<CondStmnt CovItemId="S233" CovItemPrefix="com.OriginalFiles.Analyze.java" Intrnl_Id="2239">
<Branch CovItemId="B123" CovItemPrefix="com.OriginalFiles.Analyze.java" Implct="false" Intrnl_Id="2240">
<Cond/>
<LocList>
<Loc EndOffset="18757" SrcFileId="6" StartOffset="18676"/>
</LocList>
<StmntSeq Intrnl_Id="2241">
<LocList>
<Loc EndOffset="18730" SrcFileId="6" StartOffset="18707"/>
</LocList>
<BasicStmnt CovItemId="S234" CovItemPrefix="com.OriginalFiles.Analyze.java" Intrnl_Id="2242">
<LocList>
<Loc EndOffset="18730" SrcFileId="6" StartOffset="18707"/>
</LocList>
</BasicStmnt>
</StmntSeq>
</Branch>
<Branch CovItemId="B124" CovItemPrefix="com.OriginalFiles.Analyze.java" Implct="true" Intrnl_Id="2243">
<Cond/>
<LocList/>
<StmntSeq Intrnl_Id="2244">
<LocList/>
</StmntSeq>
</Branch>
<Keyword EndOffset="18638" SrcFileId="6" StartOffset="18636"/>
<LocList>
<Loc EndOffset="18757" SrcFileId="6" StartOffset="18636"/>
</LocList>
<RootTerm CovItemId="C72" CovItemPrefix="com.OriginalFiles.Analyze.java" Intrnl_Id="2245">
<BasicBoolTerm Intrnl_Id="2246">
<LocList>
<Loc EndOffset="18674" SrcFileId="6" StartOffset="18640"/>
</LocList>
</BasicBoolTerm>
</RootTerm>
</CondStmnt>
</StmntSeq>
</Branch>
<Branch CovItemId="B122" CovItemPrefix="com.OriginalFiles.Analyze.java" Implct="true" Intrnl_Id="2247">
<Cond/>
<LocList/>
<StmntSeq Intrnl_Id="2248">
<LocList/>
</StmntSeq>
</Branch>
<Keyword EndOffset="18493" SrcFileId="6" StartOffset="18491"/>
<LocList>
<Loc EndOffset="18780" SrcFileId="6" StartOffset="18491"/>
</LocList>
<RootTerm CovItemId="C71" CovItemPrefix="com.OriginalFiles.Analyze.java" Intrnl_Id="2249">
<BasicBoolTerm Intrnl_Id="2250">
<LocList>
<Loc EndOffset="18537" SrcFileId="6" StartOffset="18495"/>
</LocList>
</BasicBoolTerm>
</RootTerm>
</CondStmnt>
<CondStmnt CovItemId="S235" CovItemPrefix="com.OriginalFiles.Analyze.java" Intrnl_Id="2251">
<Branch CovItemId="B125" CovItemPrefix="com.OriginalFiles.Analyze.java" Implct="false" Intrnl_Id="2252">
<Cond/>
<LocList>
<Loc EndOffset="19092" SrcFileId="6" StartOffset="18851"/>
</LocList>
<StmntSeq Intrnl_Id="2253">
<LocList>
<Loc EndOffset="18922" SrcFileId="6" StartOffset="18878"/>
<Loc EndOffset="19069" SrcFileId="6" StartOffset="18948"/>
</LocList>
<BasicStmnt CovItemId="S236" CovItemPrefix="com.OriginalFiles.Analyze.java" Intrnl_Id="2254">
<LocList>
<Loc EndOffset="18922" SrcFileId="6" StartOffset="18878"/>
</LocList>
</BasicStmnt>
<CondStmnt CovItemId="S237" CovItemPrefix="com.OriginalFiles.Analyze.java" Intrnl_Id="2255">
<Branch CovItemId="B127" CovItemPrefix="com.OriginalFiles.Analyze.java" Implct="false" Intrnl_Id="2256">
<Cond/>
<LocList>
<Loc EndOffset="19069" SrcFileId="6" StartOffset="18988"/>
</LocList>
<StmntSeq Intrnl_Id="2257">
<LocList>
<Loc EndOffset="19042" SrcFileId="6" StartOffset="19019"/>
</LocList>
<BasicStmnt CovItemId="S238" CovItemPrefix="com.OriginalFiles.Analyze.java" Intrnl_Id="2258">
<LocList>
<Loc EndOffset="19042" SrcFileId="6" StartOffset="19019"/>
</LocList>
</BasicStmnt>
</StmntSeq>
</Branch>
<Branch CovItemId="B128" CovItemPrefix="com.OriginalFiles.Analyze.java" Implct="true" Intrnl_Id="2259">
<Cond/>
<LocList/>
<StmntSeq Intrnl_Id="2260">
<LocList/>
</StmntSeq>
</Branch>
<Keyword EndOffset="18950" SrcFileId="6" StartOffset="18948"/>
<LocList>
<Loc EndOffset="19069" SrcFileId="6" StartOffset="18948"/>
</LocList>
<RootTerm CovItemId="C74" CovItemPrefix="com.OriginalFiles.Analyze.java" Intrnl_Id="2261">
<BasicBoolTerm Intrnl_Id="2262">
<LocList>
<Loc EndOffset="18986" SrcFileId="6" StartOffset="18952"/>
</LocList>
</BasicBoolTerm>
</RootTerm>
</CondStmnt>
</StmntSeq>
</Branch>
<Branch CovItemId="B126" CovItemPrefix="com.OriginalFiles.Analyze.java" Implct="true" Intrnl_Id="2263">
<Cond/>
<LocList/>
<StmntSeq Intrnl_Id="2264">
<LocList/>
</StmntSeq>
</Branch>
<Keyword EndOffset="18804" SrcFileId="6" StartOffset="18802"/>
<LocList>
<Loc EndOffset="19092" SrcFileId="6" StartOffset="18802"/>
</LocList>
<RootTerm CovItemId="C73" CovItemPrefix="com.OriginalFiles.Analyze.java" Intrnl_Id="2265">
<BasicBoolTerm Intrnl_Id="2266">
<LocList>
<Loc EndOffset="18849" SrcFileId="6" StartOffset="18806"/>
</LocList>
</BasicBoolTerm>
</RootTerm>
</CondStmnt>
</StmntSeq>
</Branch>
<Branch CovItemId="B120" CovItemPrefix="com.OriginalFiles.Analyze.java" Implct="true" Intrnl_Id="2267">
<Cond/>
<LocList/>
<StmntSeq Intrnl_Id="2268">
<LocList/>
</StmntSeq>
</Branch>
<Keyword EndOffset="18448" SrcFileId="6" StartOffset="18446"/>
<LocList>
<Loc EndOffset="19111" SrcFileId="6" StartOffset="18446"/>
</LocList>
<RootTerm CovItemId="C70" CovItemPrefix="com.OriginalFiles.Analyze.java" Intrnl_Id="2269">
<OpTerm BooleanOpId="7" Intrnl_Id="2270">
<BasicBoolTerm Intrnl_Id="2271">
<LocList>
<Loc EndOffset="18466" SrcFileId="6" StartOffset="18451"/>
</LocList>
</BasicBoolTerm>
<LocList>
<Loc EndOffset="18451" SrcFileId="6" StartOffset="18450"/>
</LocList>
</OpTerm>
</RootTerm>
</CondStmnt>
</StmntSeq>
<Keyword EndOffset="18408" SrcFileId="6" StartOffset="18405"/>
<LocList>
<Loc EndOffset="19126" SrcFileId="6" StartOffset="18405"/>
</LocList>
</LoopStmnt>
</StmntSeq>
<Keyword EndOffset="18353" SrcFileId="6" StartOffset="18350"/>
<LocList>
<Loc EndOffset="19137" SrcFileId="6" StartOffset="18350"/>
</LocList>
</LoopStmnt>
<CondStmnt CovItemId="S239" CovItemPrefix="com.OriginalFiles.Analyze.java" Intrnl_Id="2272">
<Branch CovItemId="B129" CovItemPrefix="com.OriginalFiles.Analyze.java" Implct="false" Intrnl_Id="2273">
<Cond/>
<LocList>
<Loc EndOffset="19252" SrcFileId="6" StartOffset="19217"/>
</LocList>
<StmntSeq Intrnl_Id="2274">
<LocList>
<Loc EndOffset="19241" SrcFileId="6" StartOffset="19232"/>
</LocList>
<BasicStmnt CovItemId="S240" CovItemPrefix="com.OriginalFiles.Analyze.java" Intrnl_Id="2275">
<LocList>
<Loc EndOffset="19241" SrcFileId="6" StartOffset="19232"/>
</LocList>
</BasicStmnt>
</StmntSeq>
</Branch>
<Branch CovItemId="B130" CovItemPrefix="com.OriginalFiles.Analyze.java" Implct="true" Intrnl_Id="2276">
<Cond/>
<LocList/>
<StmntSeq Intrnl_Id="2277">
<LocList/>
</StmntSeq>
</Branch>
<Keyword EndOffset="19151" SrcFileId="6" StartOffset="19149"/>
<LocList>
<Loc EndOffset="19252" SrcFileId="6" StartOffset="19149"/>
</LocList>
<RootTerm CovItemId="C75" CovItemPrefix="com.OriginalFiles.Analyze.java" Intrnl_Id="2278">
<OpTerm BooleanOpId="9" Intrnl_Id="2279">
<BasicBoolTerm Intrnl_Id="2280">
<LocList>
<Loc EndOffset="19179" SrcFileId="6" StartOffset="19153"/>
</LocList>
</BasicBoolTerm>
<OpTerm BooleanOpId="8" Intrnl_Id="2281">
<OpTerm BooleanOpId="7" Intrnl_Id="2282">
<BasicBoolTerm Intrnl_Id="2283">
<LocList>
<Loc EndOffset="19194" SrcFileId="6" StartOffset="19185"/>
</LocList>
</BasicBoolTerm>
<LocList>
<Loc EndOffset="19185" SrcFileId="6" StartOffset="19184"/>
</LocList>
</OpTerm>
<OpTerm BooleanOpId="7" Intrnl_Id="2284">
<BasicBoolTerm Intrnl_Id="2285">
<LocList>
<Loc EndOffset="19214" SrcFileId="6" StartOffset="19199"/>
</LocList>
</BasicBoolTerm>
<LocList>
<Loc EndOffset="19199" SrcFileId="6" StartOffset="19198"/>
</LocList>
</OpTerm>
<LocList>
<Loc EndOffset="19197" SrcFileId="6" StartOffset="19195"/>
</LocList>
</OpTerm>
<LocList>
<Loc EndOffset="19182" SrcFileId="6" StartOffset="19180"/>
</LocList>
</OpTerm>
</RootTerm>
</CondStmnt>
<CondStmnt CovItemId="S241" CovItemPrefix="com.OriginalFiles.Analyze.java" Intrnl_Id="2286">
<Branch CovItemId="B131" CovItemPrefix="com.OriginalFiles.Analyze.java" Implct="false" Intrnl_Id="2287">
<Cond/>
<LocList>
<Loc EndOffset="19364" SrcFileId="6" StartOffset="19329"/>
</LocList>
<StmntSeq Intrnl_Id="2288">
<LocList>
<Loc EndOffset="19353" SrcFileId="6" StartOffset="19344"/>
</LocList>
<BasicStmnt CovItemId="S242" CovItemPrefix="com.OriginalFiles.Analyze.java" Intrnl_Id="2289">
<LocList>
<Loc EndOffset="19353" SrcFileId="6" StartOffset="19344"/>
</LocList>
</BasicStmnt>
</StmntSeq>
</Branch>
<Branch CovItemId="B132" CovItemPrefix="com.OriginalFiles.Analyze.java" Implct="true" Intrnl_Id="2290">
<Cond/>
<LocList/>
<StmntSeq Intrnl_Id="2291">
<LocList/>
</StmntSeq>
</Branch>
<Keyword EndOffset="19264" SrcFileId="6" StartOffset="19262"/>
<LocList>
<Loc EndOffset="19364" SrcFileId="6" StartOffset="19262"/>
</LocList>
<RootTerm CovItemId="C76" CovItemPrefix="com.OriginalFiles.Analyze.java" Intrnl_Id="2292">
<OpTerm BooleanOpId="9" Intrnl_Id="2293">
<BasicBoolTerm Intrnl_Id="2294">
<LocList>
<Loc EndOffset="19292" SrcFileId="6" StartOffset="19266"/>
</LocList>
</BasicBoolTerm>
<OpTerm BooleanOpId="8" Intrnl_Id="2295">
<BasicBoolTerm Intrnl_Id="2296">
<LocList>
<Loc EndOffset="19306" SrcFileId="6" StartOffset="19297"/>
</LocList>
</BasicBoolTerm>
<OpTerm BooleanOpId="7" Intrnl_Id="2297">
<BasicBoolTerm Intrnl_Id="2298">
<LocList>
<Loc EndOffset="19326" SrcFileId="6" StartOffset="19311"/>
</LocList>
</BasicBoolTerm>
<LocList>
<Loc EndOffset="19311" SrcFileId="6" StartOffset="19310"/>
</LocList>
</OpTerm>
<LocList>
<Loc EndOffset="19309" SrcFileId="6" StartOffset="19307"/>
</LocList>
</OpTerm>
<LocList>
<Loc EndOffset="19295" SrcFileId="6" StartOffset="19293"/>
</LocList>
</OpTerm>
</RootTerm>
</CondStmnt>
<CondStmnt CovItemId="S243" CovItemPrefix="com.OriginalFiles.Analyze.java" Intrnl_Id="2299">
<Branch CovItemId="B133" CovItemPrefix="com.OriginalFiles.Analyze.java" Implct="false" Intrnl_Id="2300">
<Cond/>
<LocList>
<Loc EndOffset="20110" SrcFileId="6" StartOffset="19436"/>
</LocList>
<StmntSeq Intrnl_Id="2301">
<LocList>
<Loc EndOffset="20099" SrcFileId="6" StartOffset="19451"/>
</LocList>
<CondStmnt CovItemId="S244" CovItemPrefix="com.OriginalFiles.Analyze.java" Intrnl_Id="2302">
<Branch CovItemId="B135" CovItemPrefix="com.OriginalFiles.Analyze.java" Implct="false" Intrnl_Id="2303">
<Cond/>
<LocList>
<Loc EndOffset="20099" SrcFileId="6" StartOffset="19544"/>
</LocList>
<StmntSeq Intrnl_Id="2304">
<LocList>
<Loc EndOffset="19654" SrcFileId="6" StartOffset="19563"/>
<Loc EndOffset="19763" SrcFileId="6" StartOffset="19672"/>
<Loc EndOffset="20084" SrcFileId="6" StartOffset="19781"/>
</LocList>
<BasicStmnt CovItemId="S245" CovItemPrefix="com.OriginalFiles.Analyze.java" Intrnl_Id="2305">
<LocList>
<Loc EndOffset="19654" SrcFileId="6" StartOffset="19563"/>
</LocList>
</BasicStmnt>
<BasicStmnt CovItemId="S246" CovItemPrefix="com.OriginalFiles.Analyze.java" Intrnl_Id="2306">
<LocList>
<Loc EndOffset="19763" SrcFileId="6" StartOffset="19672"/>
</LocList>
</BasicStmnt>
<CondStmnt CovItemId="S247" CovItemPrefix="com.OriginalFiles.Analyze.java" Intrnl_Id="2307">
<Branch CovItemId="B137" CovItemPrefix="com.OriginalFiles.Analyze.java" Implct="false" Intrnl_Id="2308">
<Cond/>
<LocList>
<Loc EndOffset="20084" SrcFileId="6" StartOffset="19819"/>
</LocList>
<StmntSeq Intrnl_Id="2309">
<LocList>
<Loc EndOffset="20065" SrcFileId="6" StartOffset="19842"/>
</LocList>
<CondStmnt CovItemId="S248" CovItemPrefix="com.OriginalFiles.Analyze.java" Intrnl_Id="2310">
<Branch CovItemId="B139" CovItemPrefix="com.OriginalFiles.Analyze.java" Implct="false" Intrnl_Id="2311">
<Cond/>
<LocList>
<Loc EndOffset="19950" SrcFileId="6" StartOffset="19891"/>
</LocList>
<StmntSeq Intrnl_Id="2312">
<LocList>
<Loc EndOffset="19927" SrcFileId="6" StartOffset="19918"/>
</LocList>
<BasicStmnt CovItemId="S249" CovItemPrefix="com.OriginalFiles.Analyze.java" Intrnl_Id="2313">
<LocList>
<Loc EndOffset="19927" SrcFileId="6" StartOffset="19918"/>
</LocList>
</BasicStmnt>
</StmntSeq>
</Branch>
<Branch CovItemId="B140" CovItemPrefix="com.OriginalFiles.Analyze.java" Implct="false" Intrnl_Id="2314">
<Cond>
<Loc EndOffset="19955" SrcFileId="6" StartOffset="19951"/>
</Cond>
<LocList>
<Loc EndOffset="20065" SrcFileId="6" StartOffset="19956"/>
</LocList>
<StmntSeq Intrnl_Id="2315">
<LocList>
<Loc EndOffset="20065" SrcFileId="6" StartOffset="19956"/>
</LocList>
<CondStmnt CovItemId="S250" CovItemPrefix="com.OriginalFiles.Analyze.java" Intrnl_Id="2316">
<Branch CovItemId="B141" CovItemPrefix="com.OriginalFiles.Analyze.java" Implct="false" Intrnl_Id="2317">
<Cond/>
<LocList>
<Loc EndOffset="20065" SrcFileId="6" StartOffset="20006"/>
</LocList>
<StmntSeq Intrnl_Id="2318">
<LocList>
<Loc EndOffset="20042" SrcFileId="6" StartOffset="20033"/>
</LocList>
<BasicStmnt CovItemId="S251" CovItemPrefix="com.OriginalFiles.Analyze.java" Intrnl_Id="2319">
<LocList>
<Loc EndOffset="20042" SrcFileId="6" StartOffset="20033"/>
</LocList>
</BasicStmnt>
</StmntSeq>
</Branch>
<Branch CovItemId="B142" CovItemPrefix="com.OriginalFiles.Analyze.java" Implct="true" Intrnl_Id="2320">
<Cond/>
<LocList/>
<StmntSeq Intrnl_Id="2321">
<LocList/>
</StmntSeq>
</Branch>
<Keyword EndOffset="19958" SrcFileId="6" StartOffset="19956"/>
<LocList>
<Loc EndOffset="20065" SrcFileId="6" StartOffset="19956"/>
</LocList>
<RootTerm CovItemId="C81" CovItemPrefix="com.OriginalFiles.Analyze.java" Intrnl_Id="2322">
<OpTerm BooleanOpId="8" Intrnl_Id="2323">
<OpTerm BooleanOpId="7" Intrnl_Id="2324">
<BasicBoolTerm Intrnl_Id="2325">
<LocList>
<Loc EndOffset="19970" SrcFileId="6" StartOffset="19961"/>
</LocList>
</BasicBoolTerm>
<LocList>
<Loc EndOffset="19961" SrcFileId="6" StartOffset="19960"/>
</LocList>
</OpTerm>
<OpTerm BooleanOpId="7" Intrnl_Id="2326">
<BasicBoolTerm Intrnl_Id="2327">
<LocList>
<Loc EndOffset="20004" SrcFileId="6" StartOffset="19975"/>
</LocList>
</BasicBoolTerm>
<LocList>
<Loc EndOffset="19975" SrcFileId="6" StartOffset="19974"/>
</LocList>
</OpTerm>
<LocList>
<Loc EndOffset="19973" SrcFileId="6" StartOffset="19971"/>
</LocList>
</OpTerm>
</RootTerm>
</CondStmnt>
</StmntSeq>
</Branch>
<Keyword EndOffset="19844" SrcFileId="6" StartOffset="19842"/>
<LocList>
<Loc EndOffset="20065" SrcFileId="6" StartOffset="19842"/>
</LocList>
<RootTerm CovItemId="C80" CovItemPrefix="com.OriginalFiles.Analyze.java" Intrnl_Id="2328">
<OpTerm BooleanOpId="8" Intrnl_Id="2329">
<BasicBoolTerm Intrnl_Id="2330">
<LocList>
<Loc EndOffset="19855" SrcFileId="6" StartOffset="19846"/>
</LocList>
</BasicBoolTerm>
<OpTerm BooleanOpId="7" Intrnl_Id="2331">
<BasicBoolTerm Intrnl_Id="2332">
<LocList>
<Loc EndOffset="19889" SrcFileId="6" StartOffset="19860"/>
</LocList>
</BasicBoolTerm>
<LocList>
<Loc EndOffset="19860" SrcFileId="6" StartOffset="19859"/>
</LocList>
</OpTerm>
<LocList>
<Loc EndOffset="19858" SrcFileId="6" StartOffset="19856"/>
</LocList>
</OpTerm>
</RootTerm>
</CondStmnt>
</StmntSeq>
</Branch>
<Branch CovItemId="B138" CovItemPrefix="com.OriginalFiles.Analyze.java" Implct="true" Intrnl_Id="2333">
<Cond/>
<LocList/>
<StmntSeq Intrnl_Id="2334">
<LocList/>
</StmntSeq>
</Branch>
<Keyword EndOffset="19783" SrcFileId="6" StartOffset="19781"/>
<LocList>
<Loc EndOffset="20084" SrcFileId="6" StartOffset="19781"/>
</LocList>
<RootTerm CovItemId="C79" CovItemPrefix="com.OriginalFiles.Analyze.java" Intrnl_Id="2335">
<OpTerm BooleanOpId="9" Intrnl_Id="2336">
<BasicBoolTerm Intrnl_Id="2337">
<LocList>
<Loc EndOffset="19799" SrcFileId="6" StartOffset="19785"/>
</LocList>
</BasicBoolTerm>
<BasicBoolTerm Intrnl_Id="2338">
<LocList>
<Loc EndOffset="19817" SrcFileId="6" StartOffset="19803"/>
</LocList>
</BasicBoolTerm>
<LocList>
<Loc EndOffset="19802" SrcFileId="6" StartOffset="19800"/>
</LocList>
</OpTerm>
</RootTerm>
</CondStmnt>
</StmntSeq>
</Branch>
<Branch CovItemId="B136" CovItemPrefix="com.OriginalFiles.Analyze.java" Implct="true" Intrnl_Id="2339">
<Cond/>
<LocList/>
<StmntSeq Intrnl_Id="2340">
<LocList/>
</StmntSeq>
</Branch>
<Keyword EndOffset="19453" SrcFileId="6" StartOffset="19451"/>
<LocList>
<Loc EndOffset="20099" SrcFileId="6" StartOffset="19451"/>
</LocList>
<RootTerm CovItemId="C78" CovItemPrefix="com.OriginalFiles.Analyze.java" Intrnl_Id="2341">
<OpTerm BooleanOpId="8" Intrnl_Id="2342">
<BasicBoolTerm Intrnl_Id="2343">
<LocList>
<Loc EndOffset="19486" SrcFileId="6" StartOffset="19455"/>
</LocList>
</BasicBoolTerm>
<BasicBoolTerm Intrnl_Id="2344">
<LocList>
<Loc EndOffset="19542" SrcFileId="6" StartOffset="19511"/>
</LocList>
</BasicBoolTerm>
<LocList>
<Loc EndOffset="19510" SrcFileId="6" StartOffset="19508"/>
</LocList>
</OpTerm>
</RootTerm>
</CondStmnt>
</StmntSeq>
</Branch>
<Branch CovItemId="B134" CovItemPrefix="com.OriginalFiles.Analyze.java" Implct="true" Intrnl_Id="2345">
<Cond/>
<LocList/>
<StmntSeq Intrnl_Id="2346">
<LocList/>
</StmntSeq>
</Branch>
<Keyword EndOffset="19376" SrcFileId="6" StartOffset="19374"/>
<LocList>
<Loc EndOffset="20110" SrcFileId="6" StartOffset="19374"/>
</LocList>
<RootTerm CovItemId="C77" CovItemPrefix="com.OriginalFiles.Analyze.java" Intrnl_Id="2347">
<OpTerm BooleanOpId="8" Intrnl_Id="2348">
<BasicBoolTerm Intrnl_Id="2349">
<LocList>
<Loc EndOffset="19404" SrcFileId="6" StartOffset="19378"/>
</LocList>
</BasicBoolTerm>
<BasicBoolTerm Intrnl_Id="2350">
<LocList>
<Loc EndOffset="19434" SrcFileId="6" StartOffset="19408"/>
</LocList>
</BasicBoolTerm>
<LocList>
<Loc EndOffset="19407" SrcFileId="6" StartOffset="19405"/>
</LocList>
</OpTerm>
</RootTerm>
</CondStmnt>
<BasicStmnt CovItemId="S252" CovItemPrefix="com.OriginalFiles.Analyze.java" Intrnl_Id="2351">
<LocList>
<Loc EndOffset="20129" SrcFileId="6" StartOffset="20120"/>
</LocList>
</BasicStmnt>
</StmntSeq>
</HierarchyLvl>
<HierarchyLvl HierarchyLvlId="1180" HierarchyLvlTypeId="12" Intrnl_Id="2352" Name="hasTheMove">
<Header>
<Loc EndOffset="20238" SrcFileId="6" StartOffset="20144"/>
</Header>
<LocList>
<Loc EndOffset="20993" SrcFileId="6" StartOffset="20144"/>
</LocList>
<StmntSeq Intrnl_Id="2353">
<LocList>
<Loc EndOffset="20269" SrcFileId="6" StartOffset="20250"/>
<Loc EndOffset="20963" SrcFileId="6" StartOffset="20279"/>
<Loc EndOffset="20986" SrcFileId="6" StartOffset="20973"/>
</LocList>
<BasicStmnt CovItemId="S253" CovItemPrefix="com.OriginalFiles.Analyze.java" Intrnl_Id="2354">
<LocList>
<Loc EndOffset="20269" SrcFileId="6" StartOffset="20250"/>
</LocList>
</BasicStmnt>
<CondStmnt CovItemId="S254" CovItemPrefix="com.OriginalFiles.Analyze.java" Intrnl_Id="2355">
<Branch CovItemId="B143" CovItemPrefix="com.OriginalFiles.Analyze.java" Implct="false" Intrnl_Id="2356">
<Cond/>
<LocList>
<Loc EndOffset="20792" SrcFileId="6" StartOffset="20311"/>
</LocList>
<StmntSeq Intrnl_Id="2357">
<LocList>
<Loc EndOffset="20392" SrcFileId="6" StartOffset="20326"/>
<Loc EndOffset="20427" SrcFileId="6" StartOffset="20408"/>
<Loc EndOffset="20694" SrcFileId="6" StartOffset="20443"/>
<Loc EndOffset="20781" SrcFileId="6" StartOffset="20710"/>
</LocList>
<CondStmnt CovItemId="S255" CovItemPrefix="com.OriginalFiles.Analyze.java" Intrnl_Id="2358">
<Branch CovItemId="B145" CovItemPrefix="com.OriginalFiles.Analyze.java" Implct="false" Intrnl_Id="2359">
<Cond/>
<LocList>
<Loc EndOffset="20392" SrcFileId="6" StartOffset="20343"/>
</LocList>
<StmntSeq Intrnl_Id="2360">
<LocList>
<Loc EndOffset="20377" SrcFileId="6" StartOffset="20362"/>
</LocList>
<BasicStmnt CovItemId="S256" CovItemPrefix="com.OriginalFiles.Analyze.java" Intrnl_Id="2361">
<LocList>
<Loc EndOffset="20377" SrcFileId="6" StartOffset="20362"/>
</LocList>
</BasicStmnt>
</StmntSeq>
</Branch>
<Branch CovItemId="B146" CovItemPrefix="com.OriginalFiles.Analyze.java" Implct="true" Intrnl_Id="2362">
<Cond/>
<LocList/>
<StmntSeq Intrnl_Id="2363">
<LocList/>
</StmntSeq>
</Branch>
<Keyword EndOffset="20328" SrcFileId="6" StartOffset="20326"/>
<LocList>
<Loc EndOffset="20392" SrcFileId="6" StartOffset="20326"/>
</LocList>
<RootTerm CovItemId="C83" CovItemPrefix="com.OriginalFiles.Analyze.java" Intrnl_Id="2364">
<OpTerm BooleanOpId="7" Intrnl_Id="2365">
<BasicBoolTerm Intrnl_Id="2366">
<LocList>
<Loc EndOffset="20341" SrcFileId="6" StartOffset="20331"/>
</LocList>
</BasicBoolTerm>
<LocList>
<Loc EndOffset="20331" SrcFileId="6" StartOffset="20330"/>
</LocList>
</OpTerm>
</RootTerm>
</CondStmnt>
<BasicStmnt CovItemId="S257" CovItemPrefix="com.OriginalFiles.Analyze.java" Intrnl_Id="2367">
<LocList>
<Loc EndOffset="20427" SrcFileId="6" StartOffset="20408"/>
</LocList>
</BasicStmnt>
<LoopStmnt CovItemId="S258" CovItemPrefix="com.OriginalFiles.Analyze.java" Intrnl_Id="2368" MltplExecId="L18-2" MltplExecPrefix="com.OriginalFiles.Analyze.java" NvrExecId="L18-0" NvrExecPrefix="com.OriginalFiles.Analyze.java" OnceExecutedId="L18-1" OnceExecutedPrefix="com.OriginalFiles.Analyze.java" OptBodyExec="true">
<StmntSeq Intrnl_Id="2369">
<LocList>
<Loc EndOffset="20679" SrcFileId="6" StartOffset="20502"/>
</LocList>
<LoopStmnt CovItemId="S259" CovItemPrefix="com.OriginalFiles.Analyze.java" Intrnl_Id="2370" MltplExecId="L19-2" MltplExecPrefix="com.OriginalFiles.Analyze.java" NvrExecId="L19-0" NvrExecPrefix="com.OriginalFiles.Analyze.java" OnceExecutedId="L19-1" OnceExecutedPrefix="com.OriginalFiles.Analyze.java" OptBodyExec="true">
<StmntSeq Intrnl_Id="2371">
<LocList>
<Loc EndOffset="20660" SrcFileId="6" StartOffset="20553"/>
</LocList>
<CondStmnt CovItemId="S260" CovItemPrefix="com.OriginalFiles.Analyze.java" Intrnl_Id="2372">
<Branch CovItemId="B147" CovItemPrefix="com.OriginalFiles.Analyze.java" Implct="false" Intrnl_Id="2373">
<Cond/>
<LocList>
<Loc EndOffset="20660" SrcFileId="6" StartOffset="20597"/>
</LocList>
<StmntSeq Intrnl_Id="2374">
<LocList>
<Loc EndOffset="20637" SrcFileId="6" StartOffset="20624"/>
</LocList>
<BasicStmnt CovItemId="S261" CovItemPrefix="com.OriginalFiles.Analyze.java" Intrnl_Id="2375">
<LocList>
<Loc EndOffset="20637" SrcFileId="6" StartOffset="20624"/>
</LocList>
</BasicStmnt>
</StmntSeq>
</Branch>
<Branch CovItemId="B148" CovItemPrefix="com.OriginalFiles.Analyze.java" Implct="true" Intrnl_Id="2376">
<Cond/>
<LocList/>
<StmntSeq Intrnl_Id="2377">
<LocList/>
</StmntSeq>
</Branch>
<Keyword EndOffset="20555" SrcFileId="6" StartOffset="20553"/>
<LocList>
<Loc EndOffset="20660" SrcFileId="6" StartOffset="20553"/>
</LocList>
<RootTerm CovItemId="C86" CovItemPrefix="com.OriginalFiles.Analyze.java" Intrnl_Id="2378">
<OpTerm BooleanOpId="7" Intrnl_Id="2379">
<BasicBoolTerm Intrnl_Id="2380">
<LocList>
<Loc EndOffset="20595" SrcFileId="6" StartOffset="20558"/>
</LocList>
</BasicBoolTerm>
<LocList>
<Loc EndOffset="20558" SrcFileId="6" StartOffset="20557"/>
</LocList>
</OpTerm>
</RootTerm>
</CondStmnt>
</StmntSeq>
<Keyword EndOffset="20505" SrcFileId="6" StartOffset="20502"/>
<LocList>
<Loc EndOffset="20679" SrcFileId="6" StartOffset="20502"/>
</LocList>
<RootTerm CovItemId="C85" CovItemPrefix="com.OriginalFiles.Analyze.java" Intrnl_Id="2381">
<BasicBoolTerm Intrnl_Id="2382">
<LocList>
<Loc EndOffset="20523" SrcFileId="6" StartOffset="20518"/>
</LocList>
</BasicBoolTerm>
</RootTerm>
</LoopStmnt>
</StmntSeq>
<Keyword EndOffset="20446" SrcFileId="6" StartOffset="20443"/>
<LocList>
<Loc EndOffset="20694" SrcFileId="6" StartOffset="20443"/>
</LocList>
<RootTerm CovItemId="C84" CovItemPrefix="com.OriginalFiles.Analyze.java" Intrnl_Id="2383">
<BasicBoolTerm Intrnl_Id="2384">
<LocList>
<Loc EndOffset="20473" SrcFileId="6" StartOffset="20468"/>
</LocList>
</BasicBoolTerm>
</RootTerm>
</LoopStmnt>
<CondStmnt CovItemId="S262" CovItemPrefix="com.OriginalFiles.Analyze.java" Intrnl_Id="2385">
<Branch CovItemId="B149" CovItemPrefix="com.OriginalFiles.Analyze.java" Implct="false" Intrnl_Id="2386">
<Cond/>
<LocList>
<Loc EndOffset="20781" SrcFileId="6" StartOffset="20735"/>
</LocList>
<StmntSeq Intrnl_Id="2387">
<LocList>
<Loc EndOffset="20766" SrcFileId="6" StartOffset="20754"/>
</LocList>
<BasicStmnt CovItemId="S263" CovItemPrefix="com.OriginalFiles.Analyze.java" Intrnl_Id="2388">
<LocList>
<Loc EndOffset="20766" SrcFileId="6" StartOffset="20754"/>
</LocList>
</BasicStmnt>
</StmntSeq>
</Branch>
<Branch CovItemId="B150" CovItemPrefix="com.OriginalFiles.Analyze.java" Implct="true" Intrnl_Id="2389">
<Cond/>
<LocList/>
<StmntSeq Intrnl_Id="2390">
<LocList/>
</StmntSeq>
</Branch>
<Keyword EndOffset="20712" SrcFileId="6" StartOffset="20710"/>
<LocList>
<Loc EndOffset="20781" SrcFileId="6" StartOffset="20710"/>
</LocList>
<RootTerm CovItemId="C87" CovItemPrefix="com.OriginalFiles.Analyze.java" Intrnl_Id="2391">
<BasicBoolTerm Intrnl_Id="2392">
<LocList>
<Loc EndOffset="20733" SrcFileId="6" StartOffset="20714"/>
</LocList>
</BasicBoolTerm>
</RootTerm>
</CondStmnt>
</StmntSeq>
</Branch>
<Branch CovItemId="B144" CovItemPrefix="com.OriginalFiles.Analyze.java" Implct="false" Intrnl_Id="2393">
<Cond>
<Loc EndOffset="20797" SrcFileId="6" StartOffset="20793"/>
</Cond>
<LocList>
<Loc EndOffset="20963" SrcFileId="6" StartOffset="20798"/>
</LocList>
<StmntSeq Intrnl_Id="2394">
<LocList>
<Loc EndOffset="20963" SrcFileId="6" StartOffset="20798"/>
</LocList>
<CondStmnt CovItemId="S264" CovItemPrefix="com.OriginalFiles.Analyze.java" Intrnl_Id="2395">
<Branch CovItemId="B151" CovItemPrefix="com.OriginalFiles.Analyze.java" Implct="false" Intrnl_Id="2396">
<Cond/>
<LocList>
<Loc EndOffset="20878" SrcFileId="6" StartOffset="20840"/>
</LocList>
<StmntSeq Intrnl_Id="2397">
<LocList>
<Loc EndOffset="20867" SrcFileId="6" StartOffset="20855"/>
</LocList>
<BasicStmnt CovItemId="S265" CovItemPrefix="com.OriginalFiles.Analyze.java" Intrnl_Id="2398">
<LocList>
<Loc EndOffset="20867" SrcFileId="6" StartOffset="20855"/>
</LocList>
</BasicStmnt>
</StmntSeq>
</Branch>
<Branch CovItemId="B152" CovItemPrefix="com.OriginalFiles.Analyze.java" Implct="false" Intrnl_Id="2399">
<Cond>
<Loc EndOffset="20883" SrcFileId="6" StartOffset="20879"/>
</Cond>
<LocList>
<Loc EndOffset="20963" SrcFileId="6" StartOffset="20884"/>
</LocList>
<StmntSeq Intrnl_Id="2400">
<LocList>
<Loc EndOffset="20963" SrcFileId="6" StartOffset="20884"/>
</LocList>
<CondStmnt CovItemId="S266" CovItemPrefix="com.OriginalFiles.Analyze.java" Intrnl_Id="2401">
<Branch CovItemId="B153" CovItemPrefix="com.OriginalFiles.Analyze.java" Implct="false" Intrnl_Id="2402">
<Cond/>
<LocList>
<Loc EndOffset="20963" SrcFileId="6" StartOffset="20925"/>
</LocList>
<StmntSeq Intrnl_Id="2403">
<LocList>
<Loc EndOffset="20952" SrcFileId="6" StartOffset="20940"/>
</LocList>
<BasicStmnt CovItemId="S267" CovItemPrefix="com.OriginalFiles.Analyze.java" Intrnl_Id="2404">
<LocList>
<Loc EndOffset="20952" SrcFileId="6" StartOffset="20940"/>
</LocList>
</BasicStmnt>
</StmntSeq>
</Branch>
<Branch CovItemId="B154" CovItemPrefix="com.OriginalFiles.Analyze.java" Implct="true" Intrnl_Id="2405">
<Cond/>
<LocList/>
<StmntSeq Intrnl_Id="2406">
<LocList/>
</StmntSeq>
</Branch>
<Keyword EndOffset="20886" SrcFileId="6" StartOffset="20884"/>
<LocList>
<Loc EndOffset="20963" SrcFileId="6" StartOffset="20884"/>
</LocList>
<RootTerm CovItemId="C89" CovItemPrefix="com.OriginalFiles.Analyze.java" Intrnl_Id="2407">
<OpTerm BooleanOpId="8" Intrnl_Id="2408">
<BasicBoolTerm Intrnl_Id="2409">
<LocList>
<Loc EndOffset="20898" SrcFileId="6" StartOffset="20888"/>
</LocList>
</BasicBoolTerm>
<BasicBoolTerm Intrnl_Id="2410">
<LocList>
<Loc EndOffset="20923" SrcFileId="6" StartOffset="20902"/>
</LocList>
</BasicBoolTerm>
<LocList>
<Loc EndOffset="20901" SrcFileId="6" StartOffset="20899"/>
</LocList>
</OpTerm>
</RootTerm>
</CondStmnt>
</StmntSeq>
</Branch>
<Keyword EndOffset="20800" SrcFileId="6" StartOffset="20798"/>
<LocList>
<Loc EndOffset="20963" SrcFileId="6" StartOffset="20798"/>
</LocList>
<RootTerm CovItemId="C88" CovItemPrefix="com.OriginalFiles.Analyze.java" Intrnl_Id="2411">
<OpTerm BooleanOpId="8" Intrnl_Id="2412">
<OpTerm BooleanOpId="7" Intrnl_Id="2413">
<BasicBoolTerm Intrnl_Id="2414">
<LocList>
<Loc EndOffset="20813" SrcFileId="6" StartOffset="20803"/>
</LocList>
</BasicBoolTerm>
<LocList>
<Loc EndOffset="20803" SrcFileId="6" StartOffset="20802"/>
</LocList>
</OpTerm>
<BasicBoolTerm Intrnl_Id="2415">
<LocList>
<Loc EndOffset="20838" SrcFileId="6" StartOffset="20817"/>
</LocList>
</BasicBoolTerm>
<LocList>
<Loc EndOffset="20816" SrcFileId="6" StartOffset="20814"/>
</LocList>
</OpTerm>
</RootTerm>
</CondStmnt>
</StmntSeq>
</Branch>
<Keyword EndOffset="20281" SrcFileId="6" StartOffset="20279"/>
<LocList>
<Loc EndOffset="20963" SrcFileId="6" StartOffset="20279"/>
</LocList>
<RootTerm CovItemId="C82" CovItemPrefix="com.OriginalFiles.Analyze.java" Intrnl_Id="2416">
<BasicBoolTerm Intrnl_Id="2417">
<LocList>
<Loc EndOffset="20309" SrcFileId="6" StartOffset="20283"/>
</LocList>
</BasicBoolTerm>
</RootTerm>
</CondStmnt>
<BasicStmnt CovItemId="S268" CovItemPrefix="com.OriginalFiles.Analyze.java" Intrnl_Id="2418">
<LocList>
<Loc EndOffset="20986" SrcFileId="6" StartOffset="20973"/>
</LocList>
</BasicStmnt>
</StmntSeq>
</HierarchyLvl>
<HierarchyLvl HierarchyLvlId="1181" HierarchyLvlTypeId="12" Intrnl_Id="2419" Name="isOnDoubleCorners">
<Header>
<Loc EndOffset="21052" SrcFileId="6" StartOffset="21001"/>
</Header>
<LocList>
<Loc EndOffset="21361" SrcFileId="6" StartOffset="21001"/>
</LocList>
<StmntSeq Intrnl_Id="2420">
<LocList>
<Loc EndOffset="21331" SrcFileId="6" StartOffset="21064"/>
<Loc EndOffset="21354" SrcFileId="6" StartOffset="21341"/>
</LocList>
<CondStmnt CovItemId="S269" CovItemPrefix="com.OriginalFiles.Analyze.java" Intrnl_Id="2421">
<Branch CovItemId="B155" CovItemPrefix="com.OriginalFiles.Analyze.java" Implct="false" Intrnl_Id="2422">
<Cond/>
<LocList>
<Loc EndOffset="21331" SrcFileId="6" StartOffset="21293"/>
</LocList>
<StmntSeq Intrnl_Id="2423">
<LocList>
<Loc EndOffset="21320" SrcFileId="6" StartOffset="21308"/>
</LocList>
<BasicStmnt CovItemId="S270" CovItemPrefix="com.OriginalFiles.Analyze.java" Intrnl_Id="2424">
<LocList>
<Loc EndOffset="21320" SrcFileId="6" StartOffset="21308"/>
</LocList>
</BasicStmnt>
</StmntSeq>
</Branch>
<Branch CovItemId="B156" CovItemPrefix="com.OriginalFiles.Analyze.java" Implct="true" Intrnl_Id="2425">
<Cond/>
<LocList/>
<StmntSeq Intrnl_Id="2426">
<LocList/>
</StmntSeq>
</Branch>
<Keyword EndOffset="21066" SrcFileId="6" StartOffset="21064"/>
<LocList>
<Loc EndOffset="21331" SrcFileId="6" StartOffset="21064"/>
</LocList>
<RootTerm CovItemId="C90" CovItemPrefix="com.OriginalFiles.Analyze.java" Intrnl_Id="2427">
<OpTerm BooleanOpId="9" Intrnl_Id="2428">
<OpTerm BooleanOpId="9" Intrnl_Id="2429">
<OpTerm BooleanOpId="9" Intrnl_Id="2430">
<OpTerm BooleanOpId="8" Intrnl_Id="2431">
<BasicBoolTerm Intrnl_Id="2432">
<LocList>
<Loc EndOffset="21086" SrcFileId="6" StartOffset="21069"/>
</LocList>
</BasicBoolTerm>
<BasicBoolTerm Intrnl_Id="2433">
<LocList>
<Loc EndOffset="21107" SrcFileId="6" StartOffset="21090"/>
</LocList>
</BasicBoolTerm>
<LocList>
<Loc EndOffset="21089" SrcFileId="6" StartOffset="21087"/>
</LocList>
</OpTerm>
<OpTerm BooleanOpId="8" Intrnl_Id="2434">
<BasicBoolTerm Intrnl_Id="2435">
<LocList>
<Loc EndOffset="21147" SrcFileId="6" StartOffset="21130"/>
</LocList>
</BasicBoolTerm>
<BasicBoolTerm Intrnl_Id="2436">
<LocList>
<Loc EndOffset="21168" SrcFileId="6" StartOffset="21151"/>
</LocList>
</BasicBoolTerm>
<LocList>
<Loc EndOffset="21150" SrcFileId="6" StartOffset="21148"/>
</LocList>
</OpTerm>
<LocList>
<Loc EndOffset="21128" SrcFileId="6" StartOffset="21126"/>
</LocList>
</OpTerm>
<OpTerm BooleanOpId="8" Intrnl_Id="2437">
<BasicBoolTerm Intrnl_Id="2438">
<LocList>
<Loc EndOffset="21208" SrcFileId="6" StartOffset="21191"/>
</LocList>
</BasicBoolTerm>
<BasicBoolTerm Intrnl_Id="2439">
<LocList>
<Loc EndOffset="21229" SrcFileId="6" StartOffset="21212"/>
</LocList>
</BasicBoolTerm>
<LocList>
<Loc EndOffset="21211" SrcFileId="6" StartOffset="21209"/>
</LocList>
</OpTerm>
<LocList>
<Loc EndOffset="21189" SrcFileId="6" StartOffset="21187"/>
</LocList>
</OpTerm>
<OpTerm BooleanOpId="8" Intrnl_Id="2440">
<BasicBoolTerm Intrnl_Id="2441">
<LocList>
<Loc EndOffset="21269" SrcFileId="6" StartOffset="21252"/>
</LocList>
</BasicBoolTerm>
<BasicBoolTerm Intrnl_Id="2442">
<LocList>
<Loc EndOffset="21290" SrcFileId="6" StartOffset="21273"/>
</LocList>
</BasicBoolTerm>
<LocList>
<Loc EndOffset="21272" SrcFileId="6" StartOffset="21270"/>
</LocList>
</OpTerm>
<LocList>
<Loc EndOffset="21250" SrcFileId="6" StartOffset="21248"/>
</LocList>
</OpTerm>
</RootTerm>
</CondStmnt>
<BasicStmnt CovItemId="S271" CovItemPrefix="com.OriginalFiles.Analyze.java" Intrnl_Id="2443">
<LocList>
<Loc EndOffset="21354" SrcFileId="6" StartOffset="21341"/>
</LocList>
</BasicStmnt>
</StmntSeq>
</HierarchyLvl>
<HierarchyLvl HierarchyLvlId="1182" HierarchyLvlTypeId="12" Intrnl_Id="2444" Name="cleanUp">
<Header>
<Loc EndOffset="21427" SrcFileId="6" StartOffset="21369"/>
</Header>
<LocList>
<Loc EndOffset="22061" SrcFileId="6" StartOffset="21369"/>
</LocList>
<StmntSeq Intrnl_Id="2445">
<LocList>
<Loc EndOffset="21633" SrcFileId="6" StartOffset="21439"/>
<Loc EndOffset="21842" SrcFileId="6" StartOffset="21645"/>
<Loc EndOffset="22054" SrcFileId="6" StartOffset="21854"/>
</LocList>
<LoopStmnt CovItemId="S272" CovItemPrefix="com.OriginalFiles.Analyze.java" Intrnl_Id="2446" MltplExecId="L20-2" MltplExecPrefix="com.OriginalFiles.Analyze.java" NvrExecId="L20-0" NvrExecPrefix="com.OriginalFiles.Analyze.java" OnceExecutedId="L20-1" OnceExecutedPrefix="com.OriginalFiles.Analyze.java" OptBodyExec="true">
<StmntSeq Intrnl_Id="2447">
<LocList>
<Loc EndOffset="21622" SrcFileId="6" StartOffset="21495"/>
</LocList>
<LoopStmnt CovItemId="S273" CovItemPrefix="com.OriginalFiles.Analyze.java" Intrnl_Id="2448" MltplExecId="L21-2" MltplExecPrefix="com.OriginalFiles.Analyze.java" NvrExecId="L21-0" NvrExecPrefix="com.OriginalFiles.Analyze.java" OnceExecutedId="L21-1" OnceExecutedPrefix="com.OriginalFiles.Analyze.java" OptBodyExec="true">
<StmntSeq Intrnl_Id="2449">
<LocList>
<Loc EndOffset="21607" SrcFileId="6" StartOffset="21533"/>
</LocList>
<CondStmnt CovItemId="S274" CovItemPrefix="com.OriginalFiles.Analyze.java" Intrnl_Id="2450">
<Branch CovItemId="B157" CovItemPrefix="com.OriginalFiles.Analyze.java" Implct="false" Intrnl_Id="2451">
<Cond/>
<LocList>
<Loc EndOffset="21607" SrcFileId="6" StartOffset="21551"/>
</LocList>
<StmntSeq Intrnl_Id="2452">
<LocList>
<Loc EndOffset="21588" SrcFileId="6" StartOffset="21574"/>
</LocList>
<BasicStmnt CovItemId="S275" CovItemPrefix="com.OriginalFiles.Analyze.java" Intrnl_Id="2453">
<LocList>
<Loc EndOffset="21588" SrcFileId="6" StartOffset="21574"/>
</LocList>
</BasicStmnt>
</StmntSeq>
</Branch>
<Branch CovItemId="B158" CovItemPrefix="com.OriginalFiles.Analyze.java" Implct="true" Intrnl_Id="2454">
<Cond/>
<LocList/>
<StmntSeq Intrnl_Id="2455">
<LocList/>
</StmntSeq>
</Branch>
<Keyword EndOffset="21535" SrcFileId="6" StartOffset="21533"/>
<LocList>
<Loc EndOffset="21607" SrcFileId="6" StartOffset="21533"/>
</LocList>
<RootTerm CovItemId="C91" CovItemPrefix="com.OriginalFiles.Analyze.java" Intrnl_Id="2456">
<OpTerm BooleanOpId="7" Intrnl_Id="2457">
<BasicBoolTerm Intrnl_Id="2458">
<LocList>
<Loc EndOffset="21549" SrcFileId="6" StartOffset="21538"/>
</LocList>
</BasicBoolTerm>
<LocList>
<Loc EndOffset="21538" SrcFileId="6" StartOffset="21537"/>
</LocList>
</OpTerm>
</RootTerm>
</CondStmnt>
</StmntSeq>
<Keyword EndOffset="21498" SrcFileId="6" StartOffset="21495"/>
<LocList>
<Loc EndOffset="21622" SrcFileId="6" StartOffset="21495"/>
</LocList>
</LoopStmnt>
</StmntSeq>
<Keyword EndOffset="21442" SrcFileId="6" StartOffset="21439"/>
<LocList>
<Loc EndOffset="21633" SrcFileId="6" StartOffset="21439"/>
</LocList>
</LoopStmnt>
<LoopStmnt CovItemId="S276" CovItemPrefix="com.OriginalFiles.Analyze.java" Intrnl_Id="2459" MltplExecId="L22-2" MltplExecPrefix="com.OriginalFiles.Analyze.java" NvrExecId="L22-0" NvrExecPrefix="com.OriginalFiles.Analyze.java" OnceExecutedId="L22-1" OnceExecutedPrefix="com.OriginalFiles.Analyze.java" OptBodyExec="true">
<StmntSeq Intrnl_Id="2460">
<LocList>
<Loc EndOffset="21831" SrcFileId="6" StartOffset="21704"/>
</LocList>
<LoopStmnt CovItemId="S277" CovItemPrefix="com.OriginalFiles.Analyze.java" Intrnl_Id="2461" MltplExecId="L23-2" MltplExecPrefix="com.OriginalFiles.Analyze.java" NvrExecId="L23-0" NvrExecPrefix="com.OriginalFiles.Analyze.java" OnceExecutedId="L23-1" OnceExecutedPrefix="com.OriginalFiles.Analyze.java" OptBodyExec="true">
<StmntSeq Intrnl_Id="2462">
<LocList>
<Loc EndOffset="21816" SrcFileId="6" StartOffset="21742"/>
</LocList>
<CondStmnt CovItemId="S278" CovItemPrefix="com.OriginalFiles.Analyze.java" Intrnl_Id="2463">
<Branch CovItemId="B159" CovItemPrefix="com.OriginalFiles.Analyze.java" Implct="false" Intrnl_Id="2464">
<Cond/>
<LocList>
<Loc EndOffset="21816" SrcFileId="6" StartOffset="21760"/>
</LocList>
<StmntSeq Intrnl_Id="2465">
<LocList>
<Loc EndOffset="21797" SrcFileId="6" StartOffset="21783"/>
</LocList>
<BasicStmnt CovItemId="S279" CovItemPrefix="com.OriginalFiles.Analyze.java" Intrnl_Id="2466">
<LocList>
<Loc EndOffset="21797" SrcFileId="6" StartOffset="21783"/>
</LocList>
</BasicStmnt>
</StmntSeq>
</Branch>
<Branch CovItemId="B160" CovItemPrefix="com.OriginalFiles.Analyze.java" Implct="true" Intrnl_Id="2467">
<Cond/>
<LocList/>
<StmntSeq Intrnl_Id="2468">
<LocList/>
</StmntSeq>
</Branch>
<Keyword EndOffset="21744" SrcFileId="6" StartOffset="21742"/>
<LocList>
<Loc EndOffset="21816" SrcFileId="6" StartOffset="21742"/>
</LocList>
<RootTerm CovItemId="C92" CovItemPrefix="com.OriginalFiles.Analyze.java" Intrnl_Id="2469">
<OpTerm BooleanOpId="7" Intrnl_Id="2470">
<BasicBoolTerm Intrnl_Id="2471">
<LocList>
<Loc EndOffset="21758" SrcFileId="6" StartOffset="21747"/>
</LocList>
</BasicBoolTerm>
<LocList>
<Loc EndOffset="21747" SrcFileId="6" StartOffset="21746"/>
</LocList>
</OpTerm>
</RootTerm>
</CondStmnt>
</StmntSeq>
<Keyword EndOffset="21707" SrcFileId="6" StartOffset="21704"/>
<LocList>
<Loc EndOffset="21831" SrcFileId="6" StartOffset="21704"/>
</LocList>
</LoopStmnt>
</StmntSeq>
<Keyword EndOffset="21648" SrcFileId="6" StartOffset="21645"/>
<LocList>
<Loc EndOffset="21842" SrcFileId="6" StartOffset="21645"/>
</LocList>
</LoopStmnt>
<LoopStmnt CovItemId="S280" CovItemPrefix="com.OriginalFiles.Analyze.java" Intrnl_Id="2472" MltplExecId="L24-2" MltplExecPrefix="com.OriginalFiles.Analyze.java" NvrExecId="L24-0" NvrExecPrefix="com.OriginalFiles.Analyze.java" OnceExecutedId="L24-1" OnceExecutedPrefix="com.OriginalFiles.Analyze.java" OptBodyExec="true">
<StmntSeq Intrnl_Id="2473">
<LocList>
<Loc EndOffset="22043" SrcFileId="6" StartOffset="21916"/>
</LocList>
<LoopStmnt CovItemId="S281" CovItemPrefix="com.OriginalFiles.Analyze.java" Intrnl_Id="2474" MltplExecId="L25-2" MltplExecPrefix="com.OriginalFiles.Analyze.java" NvrExecId="L25-0" NvrExecPrefix="com.OriginalFiles.Analyze.java" OnceExecutedId="L25-1" OnceExecutedPrefix="com.OriginalFiles.Analyze.java" OptBodyExec="true">
<StmntSeq Intrnl_Id="2475">
<LocList>
<Loc EndOffset="22028" SrcFileId="6" StartOffset="21954"/>
</LocList>
<CondStmnt CovItemId="S282" CovItemPrefix="com.OriginalFiles.Analyze.java" Intrnl_Id="2476">
<Branch CovItemId="B161" CovItemPrefix="com.OriginalFiles.Analyze.java" Implct="false" Intrnl_Id="2477">
<Cond/>
<LocList>
<Loc EndOffset="22028" SrcFileId="6" StartOffset="21972"/>
</LocList>
<StmntSeq Intrnl_Id="2478">
<LocList>
<Loc EndOffset="22009" SrcFileId="6" StartOffset="21995"/>
</LocList>
<BasicStmnt CovItemId="S283" CovItemPrefix="com.OriginalFiles.Analyze.java" Intrnl_Id="2479">
<LocList>
<Loc EndOffset="22009" SrcFileId="6" StartOffset="21995"/>
</LocList>
</BasicStmnt>
</StmntSeq>
</Branch>
<Branch CovItemId="B162" CovItemPrefix="com.OriginalFiles.Analyze.java" Implct="true" Intrnl_Id="2480">
<Cond/>
<LocList/>
<StmntSeq Intrnl_Id="2481">
<LocList/>
</StmntSeq>
</Branch>
<Keyword EndOffset="21956" SrcFileId="6" StartOffset="21954"/>
<LocList>
<Loc EndOffset="22028" SrcFileId="6" StartOffset="21954"/>
</LocList>
<RootTerm CovItemId="C93" CovItemPrefix="com.OriginalFiles.Analyze.java" Intrnl_Id="2482">
<OpTerm BooleanOpId="7" Intrnl_Id="2483">
<BasicBoolTerm Intrnl_Id="2484">
<LocList>
<Loc EndOffset="21970" SrcFileId="6" StartOffset="21959"/>
</LocList>
</BasicBoolTerm>
<LocList>
<Loc EndOffset="21959" SrcFileId="6" StartOffset="21958"/>
</LocList>
</OpTerm>
</RootTerm>
</CondStmnt>
</StmntSeq>
<Keyword EndOffset="21919" SrcFileId="6" StartOffset="21916"/>
<LocList>
<Loc EndOffset="22043" SrcFileId="6" StartOffset="21916"/>
</LocList>
</LoopStmnt>
</StmntSeq>
<Keyword EndOffset="21857" SrcFileId="6" StartOffset="21854"/>
<LocList>
<Loc EndOffset="22054" SrcFileId="6" StartOffset="21854"/>
</LocList>
</LoopStmnt>
</StmntSeq>
</HierarchyLvl>
<HierarchyLvl HierarchyLvlId="1183" HierarchyLvlTypeId="12" Intrnl_Id="2485" Name="placePiece">
<Header>
<Loc EndOffset="22142" SrcFileId="6" StartOffset="22069"/>
</Header>
<LocList>
<Loc EndOffset="22448" SrcFileId="6" StartOffset="22069"/>
</LocList>
<StmntSeq Intrnl_Id="2486">
<LocList>
<Loc EndOffset="22441" SrcFileId="6" StartOffset="22154"/>
</LocList>
<CondStmnt CovItemId="S284" CovItemPrefix="com.OriginalFiles.Analyze.java" Intrnl_Id="2487">
<Branch CovItemId="B163" CovItemPrefix="com.OriginalFiles.Analyze.java" Implct="false" Intrnl_Id="2488">
<Cond/>
<LocList>
<Loc EndOffset="22252" SrcFileId="6" StartOffset="22199"/>
</LocList>
<StmntSeq Intrnl_Id="2489">
<LocList>
<Loc EndOffset="22241" SrcFileId="6" StartOffset="22214"/>
</LocList>
<BasicStmnt CovItemId="S285" CovItemPrefix="com.OriginalFiles.Analyze.java" Intrnl_Id="2490">
<LocList>
<Loc EndOffset="22241" SrcFileId="6" StartOffset="22214"/>
</LocList>
</BasicStmnt>
</StmntSeq>
</Branch>
<Branch CovItemId="B164" CovItemPrefix="com.OriginalFiles.Analyze.java" Implct="false" Intrnl_Id="2491">
<Cond>
<Loc EndOffset="22257" SrcFileId="6" StartOffset="22253"/>
</Cond>
<LocList>
<Loc EndOffset="22441" SrcFileId="6" StartOffset="22258"/>
</LocList>
<StmntSeq Intrnl_Id="2492">
<LocList>
<Loc EndOffset="22430" SrcFileId="6" StartOffset="22273"/>
</LocList>
<CondStmnt CovItemId="S286" CovItemPrefix="com.OriginalFiles.Analyze.java" Intrnl_Id="2493">
<Branch CovItemId="B165" CovItemPrefix="com.OriginalFiles.Analyze.java" Implct="false" Intrnl_Id="2494">
<Cond/>
<LocList>
<Loc EndOffset="22365" SrcFileId="6" StartOffset="22324"/>
</LocList>
<StmntSeq Intrnl_Id="2495">
<LocList>
<Loc EndOffset="22350" SrcFileId="6" StartOffset="22343"/>
</LocList>
<BasicStmnt CovItemId="S287" CovItemPrefix="com.OriginalFiles.Analyze.java" Intrnl_Id="2496">
<LocList>
<Loc EndOffset="22350" SrcFileId="6" StartOffset="22343"/>
</LocList>
</BasicStmnt>
</StmntSeq>
</Branch>
<Branch CovItemId="B166" CovItemPrefix="com.OriginalFiles.Analyze.java" Implct="false" Intrnl_Id="2497">
<Cond>
<Loc EndOffset="22370" SrcFileId="6" StartOffset="22366"/>
</Cond>
<LocList>
<Loc EndOffset="22430" SrcFileId="6" StartOffset="22371"/>
</LocList>
<StmntSeq Intrnl_Id="2498">
<LocList>
<Loc EndOffset="22415" SrcFileId="6" StartOffset="22390"/>
</LocList>
<BasicStmnt CovItemId="S288" CovItemPrefix="com.OriginalFiles.Analyze.java" Intrnl_Id="2499">
<LocList>
<Loc EndOffset="22415" SrcFileId="6" StartOffset="22390"/>
</LocList>
</BasicStmnt>
</StmntSeq>
</Branch>
<Keyword EndOffset="22275" SrcFileId="6" StartOffset="22273"/>
<LocList>
<Loc EndOffset="22430" SrcFileId="6" StartOffset="22273"/>
</LocList>
<RootTerm CovItemId="C95" CovItemPrefix="com.OriginalFiles.Analyze.java" Intrnl_Id="2500">
<BasicBoolTerm Intrnl_Id="2501">
<LocList>
<Loc EndOffset="22322" SrcFileId="6" StartOffset="22277"/>
</LocList>
</BasicBoolTerm>
</RootTerm>
</CondStmnt>
</StmntSeq>
</Branch>
<Keyword EndOffset="22156" SrcFileId="6" StartOffset="22154"/>
<LocList>
<Loc EndOffset="22441" SrcFileId="6" StartOffset="22154"/>
</LocList>
<RootTerm CovItemId="C94" CovItemPrefix="com.OriginalFiles.Analyze.java" Intrnl_Id="2502">
<BasicBoolTerm Intrnl_Id="2503">
<LocList>
<Loc EndOffset="22197" SrcFileId="6" StartOffset="22158"/>
</LocList>
</BasicBoolTerm>
</RootTerm>
</CondStmnt>
</StmntSeq>
</HierarchyLvl>
<HierarchyLvl HierarchyLvlId="1184" HierarchyLvlTypeId="12" Intrnl_Id="2504" Name="movePeasent">
<Header>
<Loc EndOffset="22530" SrcFileId="6" StartOffset="22456"/>
</Header>
<LocList>
<Loc EndOffset="23724" SrcFileId="6" StartOffset="22456"/>
</LocList>
<StmntSeq Intrnl_Id="2505">
<LocList>
<Loc EndOffset="23717" SrcFileId="6" StartOffset="22542"/>
</LocList>
<CondStmnt CovItemId="S289" CovItemPrefix="com.OriginalFiles.Analyze.java" Intrnl_Id="2506">
<Branch CovItemId="B167" CovItemPrefix="com.OriginalFiles.Analyze.java" Implct="false" Intrnl_Id="2507">
<Cond/>
<LocList>
<Loc EndOffset="23126" SrcFileId="6" StartOffset="22632"/>
</LocList>
<StmntSeq Intrnl_Id="2508">
<LocList>
<Loc EndOffset="23115" SrcFileId="6" StartOffset="22647"/>
</LocList>
<LoopStmnt CovItemId="S290" CovItemPrefix="com.OriginalFiles.Analyze.java" Intrnl_Id="2509" MltplExecId="L26-2" MltplExecPrefix="com.OriginalFiles.Analyze.java" NvrExecId="L26-0" NvrExecPrefix="com.OriginalFiles.Analyze.java" OnceExecutedId="L26-1" OnceExecutedPrefix="com.OriginalFiles.Analyze.java" OptBodyExec="true">
<StmntSeq Intrnl_Id="2510">
<LocList>
<Loc EndOffset="23100" SrcFileId="6" StartOffset="22706"/>
</LocList>
<LoopStmnt CovItemId="S291" CovItemPrefix="com.OriginalFiles.Analyze.java" Intrnl_Id="2511" MltplExecId="L27-2" MltplExecPrefix="com.OriginalFiles.Analyze.java" NvrExecId="L27-0" NvrExecPrefix="com.OriginalFiles.Analyze.java" OnceExecutedId="L27-1" OnceExecutedPrefix="com.OriginalFiles.Analyze.java" OptBodyExec="true">
<StmntSeq Intrnl_Id="2512">
<LocList>
<Loc EndOffset="23081" SrcFileId="6" StartOffset="22758"/>
</LocList>
<CondStmnt CovItemId="S292" CovItemPrefix="com.OriginalFiles.Analyze.java" Intrnl_Id="2513">
<Branch CovItemId="B169" CovItemPrefix="com.OriginalFiles.Analyze.java" Implct="false" Intrnl_Id="2514">
<Cond/>
<LocList>
<Loc EndOffset="23081" SrcFileId="6" StartOffset="22874"/>
</LocList>
<StmntSeq Intrnl_Id="2515">
<LocList>
<Loc EndOffset="23016" SrcFileId="6" StartOffset="22901"/>
<Loc EndOffset="23058" SrcFileId="6" StartOffset="23042"/>
</LocList>
<BasicStmnt CovItemId="S293" CovItemPrefix="com.OriginalFiles.Analyze.java" Intrnl_Id="2516">
<LocList>
<Loc EndOffset="23016" SrcFileId="6" StartOffset="22901"/>
</LocList>
</BasicStmnt>
<BasicStmnt CovItemId="S294" CovItemPrefix="com.OriginalFiles.Analyze.java" Intrnl_Id="2517">
<LocList>
<Loc EndOffset="23058" SrcFileId="6" StartOffset="23042"/>
</LocList>
</BasicStmnt>
</StmntSeq>
</Branch>
<Branch CovItemId="B170" CovItemPrefix="com.OriginalFiles.Analyze.java" Implct="true" Intrnl_Id="2518">
<Cond/>
<LocList/>
<StmntSeq Intrnl_Id="2519">
<LocList/>
</StmntSeq>
</Branch>
<Keyword EndOffset="22760" SrcFileId="6" StartOffset="22758"/>
<LocList>
<Loc EndOffset="23081" SrcFileId="6" StartOffset="22758"/>
</LocList>
<RootTerm CovItemId="C99" CovItemPrefix="com.OriginalFiles.Analyze.java" Intrnl_Id="2520">
<OpTerm BooleanOpId="8" Intrnl_Id="2521">
<BasicBoolTerm Intrnl_Id="2522">
<LocList>
<Loc EndOffset="22799" SrcFileId="6" StartOffset="22762"/>
</LocList>
</BasicBoolTerm>
<BasicBoolTerm Intrnl_Id="2523">
<LocList>
<Loc EndOffset="22872" SrcFileId="6" StartOffset="22832"/>
</LocList>
</BasicBoolTerm>
<LocList>
<Loc EndOffset="22831" SrcFileId="6" StartOffset="22829"/>
</LocList>
</OpTerm>
</RootTerm>
</CondStmnt>
</StmntSeq>
<Keyword EndOffset="22709" SrcFileId="6" StartOffset="22706"/>
<LocList>
<Loc EndOffset="23100" SrcFileId="6" StartOffset="22706"/>
</LocList>
<RootTerm CovItemId="C98" CovItemPrefix="com.OriginalFiles.Analyze.java" Intrnl_Id="2524">
<BasicBoolTerm Intrnl_Id="2525">
<LocList>
<Loc EndOffset="22728" SrcFileId="6" StartOffset="22722"/>
</LocList>
</BasicBoolTerm>
</RootTerm>
</LoopStmnt>
</StmntSeq>
<Keyword EndOffset="22661" SrcFileId="6" StartOffset="22658"/>
<LocList>
<Loc EndOffset="23115" SrcFileId="6" StartOffset="22647"/>
</LocList>
<RootTerm CovItemId="C97" CovItemPrefix="com.OriginalFiles.Analyze.java" Intrnl_Id="2526">
<BasicBoolTerm Intrnl_Id="2527">
<LocList>
<Loc EndOffset="22680" SrcFileId="6" StartOffset="22674"/>
</LocList>
</BasicBoolTerm>
</RootTerm>
</LoopStmnt>
</StmntSeq>
</Branch>
<Branch CovItemId="B168" CovItemPrefix="com.OriginalFiles.Analyze.java" Implct="false" Intrnl_Id="2528">
<Cond>
<Loc EndOffset="23131" SrcFileId="6" StartOffset="23127"/>
</Cond>
<LocList>
<Loc EndOffset="23717" SrcFileId="6" StartOffset="23132"/>
</LocList>
<StmntSeq Intrnl_Id="2529">
<LocList>
<Loc EndOffset="23717" SrcFileId="6" StartOffset="23132"/>
</LocList>
<CondStmnt CovItemId="S295" CovItemPrefix="com.OriginalFiles.Analyze.java" Intrnl_Id="2530">
<Branch CovItemId="B171" CovItemPrefix="com.OriginalFiles.Analyze.java" Implct="false" Intrnl_Id="2531">
<Cond/>
<LocList>
<Loc EndOffset="23717" SrcFileId="6" StartOffset="23223"/>
</LocList>
<StmntSeq Intrnl_Id="2532">
<LocList>
<Loc EndOffset="23706" SrcFileId="6" StartOffset="23238"/>
</LocList>
<LoopStmnt CovItemId="S296" CovItemPrefix="com.OriginalFiles.Analyze.java" Intrnl_Id="2533" MltplExecId="L28-2" MltplExecPrefix="com.OriginalFiles.Analyze.java" NvrExecId="L28-0" NvrExecPrefix="com.OriginalFiles.Analyze.java" OnceExecutedId="L28-1" OnceExecutedPrefix="com.OriginalFiles.Analyze.java" OptBodyExec="true">
<StmntSeq Intrnl_Id="2534">
<LocList>
<Loc EndOffset="23691" SrcFileId="6" StartOffset="23297"/>
</LocList>
<LoopStmnt CovItemId="S297" CovItemPrefix="com.OriginalFiles.Analyze.java" Intrnl_Id="2535" MltplExecId="L29-2" MltplExecPrefix="com.OriginalFiles.Analyze.java" NvrExecId="L29-0" NvrExecPrefix="com.OriginalFiles.Analyze.java" OnceExecutedId="L29-1" OnceExecutedPrefix="com.OriginalFiles.Analyze.java" OptBodyExec="true">
<StmntSeq Intrnl_Id="2536">
<LocList>
<Loc EndOffset="23672" SrcFileId="6" StartOffset="23349"/>
</LocList>
<CondStmnt CovItemId="S298" CovItemPrefix="com.OriginalFiles.Analyze.java" Intrnl_Id="2537">
<Branch CovItemId="B173" CovItemPrefix="com.OriginalFiles.Analyze.java" Implct="false" Intrnl_Id="2538">
<Cond/>
<LocList>
<Loc EndOffset="23672" SrcFileId="6" StartOffset="23465"/>
</LocList>
<StmntSeq Intrnl_Id="2539">
<LocList>
<Loc EndOffset="23607" SrcFileId="6" StartOffset="23492"/>
<Loc EndOffset="23649" SrcFileId="6" StartOffset="23633"/>
</LocList>
<BasicStmnt CovItemId="S299" CovItemPrefix="com.OriginalFiles.Analyze.java" Intrnl_Id="2540">
<LocList>
<Loc EndOffset="23607" SrcFileId="6" StartOffset="23492"/>
</LocList>
</BasicStmnt>
<BasicStmnt CovItemId="S300" CovItemPrefix="com.OriginalFiles.Analyze.java" Intrnl_Id="2541">
<LocList>
<Loc EndOffset="23649" SrcFileId="6" StartOffset="23633"/>
</LocList>
</BasicStmnt>
</StmntSeq>
</Branch>
<Branch CovItemId="B174" CovItemPrefix="com.OriginalFiles.Analyze.java" Implct="true" Intrnl_Id="2542">
<Cond/>
<LocList/>
<StmntSeq Intrnl_Id="2543">
<LocList/>
</StmntSeq>
</Branch>
<Keyword EndOffset="23351" SrcFileId="6" StartOffset="23349"/>
<LocList>
<Loc EndOffset="23672" SrcFileId="6" StartOffset="23349"/>
</LocList>
<RootTerm CovItemId="C103" CovItemPrefix="com.OriginalFiles.Analyze.java" Intrnl_Id="2544">
<OpTerm BooleanOpId="8" Intrnl_Id="2545">
<BasicBoolTerm Intrnl_Id="2546">
<LocList>
<Loc EndOffset="23390" SrcFileId="6" StartOffset="23353"/>
</LocList>
</BasicBoolTerm>
<BasicBoolTerm Intrnl_Id="2547">
<LocList>
<Loc EndOffset="23463" SrcFileId="6" StartOffset="23423"/>
</LocList>
</BasicBoolTerm>
<LocList>
<Loc EndOffset="23422" SrcFileId="6" StartOffset="23420"/>
</LocList>
</OpTerm>
</RootTerm>
</CondStmnt>
</StmntSeq>
<Keyword EndOffset="23300" SrcFileId="6" StartOffset="23297"/>
<LocList>
<Loc EndOffset="23691" SrcFileId="6" StartOffset="23297"/>
</LocList>
<RootTerm CovItemId="C102" CovItemPrefix="com.OriginalFiles.Analyze.java" Intrnl_Id="2548">
<BasicBoolTerm Intrnl_Id="2549">
<LocList>
<Loc EndOffset="23319" SrcFileId="6" StartOffset="23313"/>
</LocList>
</BasicBoolTerm>
</RootTerm>
</LoopStmnt>
</StmntSeq>
<Keyword EndOffset="23252" SrcFileId="6" StartOffset="23249"/>
<LocList>
<Loc EndOffset="23706" SrcFileId="6" StartOffset="23238"/>
</LocList>
<RootTerm CovItemId="C101" CovItemPrefix="com.OriginalFiles.Analyze.java" Intrnl_Id="2550">
<BasicBoolTerm Intrnl_Id="2551">
<LocList>
<Loc EndOffset="23271" SrcFileId="6" StartOffset="23265"/>
</LocList>
</BasicBoolTerm>
</RootTerm>
</LoopStmnt>
</StmntSeq>
</Branch>
<Branch CovItemId="B172" CovItemPrefix="com.OriginalFiles.Analyze.java" Implct="true" Intrnl_Id="2552">
<Cond/>
<LocList/>
<StmntSeq Intrnl_Id="2553">
<LocList/>
</StmntSeq>
</Branch>
<Keyword EndOffset="23134" SrcFileId="6" StartOffset="23132"/>
<LocList>
<Loc EndOffset="23717" SrcFileId="6" StartOffset="23132"/>
</LocList>
<RootTerm CovItemId="C100" CovItemPrefix="com.OriginalFiles.Analyze.java" Intrnl_Id="2554">
<BasicBoolTerm Intrnl_Id="2555">
<LocList>
<Loc EndOffset="23221" SrcFileId="6" StartOffset="23136"/>
</LocList>
</BasicBoolTerm>
</RootTerm>
</CondStmnt>
</StmntSeq>
</Branch>
<Keyword EndOffset="22544" SrcFileId="6" StartOffset="22542"/>
<LocList>
<Loc EndOffset="23717" SrcFileId="6" StartOffset="22542"/>
</LocList>
<RootTerm CovItemId="C96" CovItemPrefix="com.OriginalFiles.Analyze.java" Intrnl_Id="2556">
<BasicBoolTerm Intrnl_Id="2557">
<LocList>
<Loc EndOffset="22630" SrcFileId="6" StartOffset="22546"/>
</LocList>
</BasicBoolTerm>
</RootTerm>
</CondStmnt>
</StmntSeq>
</HierarchyLvl>
<HierarchyLvl HierarchyLvlId="1185" HierarchyLvlTypeId="12" Intrnl_Id="2558" Name="moveToKingRow">
<Header>
<Loc EndOffset="23821" SrcFileId="6" StartOffset="23732"/>
</Header>
<LocList>
<Loc EndOffset="24817" SrcFileId="6" StartOffset="23732"/>
</LocList>
<StmntSeq Intrnl_Id="2559">
<LocList>
<Loc EndOffset="24810" SrcFileId="6" StartOffset="23833"/>
</LocList>
<CondStmnt CovItemId="S301" CovItemPrefix="com.OriginalFiles.Analyze.java" Intrnl_Id="2560">
<Branch CovItemId="B175" CovItemPrefix="com.OriginalFiles.Analyze.java" Implct="false" Intrnl_Id="2561">
<Cond/>
<LocList>
<Loc EndOffset="24322" SrcFileId="6" StartOffset="23924"/>
</LocList>
<StmntSeq Intrnl_Id="2562">
<LocList>
<Loc EndOffset="23949" SrcFileId="6" StartOffset="23939"/>
<Loc EndOffset="24311" SrcFileId="6" StartOffset="23963"/>
</LocList>
<BasicStmnt CovItemId="S302" CovItemPrefix="com.OriginalFiles.Analyze.java" Intrnl_Id="2563">
<LocList>
<Loc EndOffset="23949" SrcFileId="6" StartOffset="23939"/>
</LocList>
</BasicStmnt>
<LoopStmnt CovItemId="S303" CovItemPrefix="com.OriginalFiles.Analyze.java" Intrnl_Id="2564" MltplExecId="L30-2" MltplExecPrefix="com.OriginalFiles.Analyze.java" NvrExecId="L30-0" NvrExecPrefix="com.OriginalFiles.Analyze.java" OnceExecutedId="L30-1" OnceExecutedPrefix="com.OriginalFiles.Analyze.java" OptBodyExec="true">
<StmntSeq Intrnl_Id="2565">
<LocList>
<Loc EndOffset="24274" SrcFileId="6" StartOffset="23999"/>
<Loc EndOffset="24296" SrcFileId="6" StartOffset="24292"/>
</LocList>
<CondStmnt CovItemId="S304" CovItemPrefix="com.OriginalFiles.Analyze.java" Intrnl_Id="2566">
<Branch CovItemId="B177" CovItemPrefix="com.OriginalFiles.Analyze.java" Implct="false" Intrnl_Id="2567">
<Cond/>
<LocList>
<Loc EndOffset="24274" SrcFileId="6" StartOffset="24044"/>
</LocList>
<StmntSeq Intrnl_Id="2568">
<LocList>
<Loc EndOffset="24226" SrcFileId="6" StartOffset="24114"/>
<Loc EndOffset="24255" SrcFileId="6" StartOffset="24248"/>
</LocList>
<BasicStmnt CovItemId="S305" CovItemPrefix="com.OriginalFiles.Analyze.java" Intrnl_Id="2569">
<LocList>
<Loc EndOffset="24226" SrcFileId="6" StartOffset="24114"/>
</LocList>
</BasicStmnt>
<BasicStmnt CovItemId="S306" CovItemPrefix="com.OriginalFiles.Analyze.java" Intrnl_Id="2570">
<LocList>
<Loc EndOffset="24255" SrcFileId="6" StartOffset="24248"/>
</LocList>
</BasicStmnt>
</StmntSeq>
</Branch>
<Branch CovItemId="B178" CovItemPrefix="com.OriginalFiles.Analyze.java" Implct="true" Intrnl_Id="2571">
<Cond/>
<LocList/>
<StmntSeq Intrnl_Id="2572">
<LocList/>
</StmntSeq>
</Branch>
<Keyword EndOffset="24001" SrcFileId="6" StartOffset="23999"/>
<LocList>
<Loc EndOffset="24274" SrcFileId="6" StartOffset="23999"/>
</LocList>
<RootTerm CovItemId="C106" CovItemPrefix="com.OriginalFiles.Analyze.java" Intrnl_Id="2573">
<BasicBoolTerm Intrnl_Id="2574">
<LocList>
<Loc EndOffset="24042" SrcFileId="6" StartOffset="24003"/>
</LocList>
</BasicBoolTerm>
</RootTerm>
</CondStmnt>
<BasicStmnt CovItemId="S307" CovItemPrefix="com.OriginalFiles.Analyze.java" Intrnl_Id="2575">
<LocList>
<Loc EndOffset="24296" SrcFileId="6" StartOffset="24292"/>
</LocList>
</BasicStmnt>
</StmntSeq>
<Keyword EndOffset="23968" SrcFileId="6" StartOffset="23963"/>
<LocList>
<Loc EndOffset="24311" SrcFileId="6" StartOffset="23963"/>
</LocList>
<RootTerm CovItemId="C105" CovItemPrefix="com.OriginalFiles.Analyze.java" Intrnl_Id="2576">
<OpTerm BooleanOpId="7" Intrnl_Id="2577">
<BasicBoolTerm Intrnl_Id="2578">
<LocList>
<Loc EndOffset="23977" SrcFileId="6" StartOffset="23972"/>
</LocList>
</BasicBoolTerm>
<LocList>
<Loc EndOffset="23971" SrcFileId="6" StartOffset="23970"/>
</LocList>
</OpTerm>
</RootTerm>
</LoopStmnt>
</StmntSeq>
</Branch>
<Branch CovItemId="B176" CovItemPrefix="com.OriginalFiles.Analyze.java" Implct="false" Intrnl_Id="2579">
<Cond>
<Loc EndOffset="24327" SrcFileId="6" StartOffset="24323"/>
</Cond>
<LocList>
<Loc EndOffset="24810" SrcFileId="6" StartOffset="24328"/>
</LocList>
<StmntSeq Intrnl_Id="2580">
<LocList>
<Loc EndOffset="24810" SrcFileId="6" StartOffset="24328"/>
</LocList>
<CondStmnt CovItemId="S308" CovItemPrefix="com.OriginalFiles.Analyze.java" Intrnl_Id="2581">
<Branch CovItemId="B179" CovItemPrefix="com.OriginalFiles.Analyze.java" Implct="false" Intrnl_Id="2582">
<Cond/>
<LocList>
<Loc EndOffset="24810" SrcFileId="6" StartOffset="24418"/>
</LocList>
<StmntSeq Intrnl_Id="2583">
<LocList>
<Loc EndOffset="24443" SrcFileId="6" StartOffset="24433"/>
<Loc EndOffset="24799" SrcFileId="6" StartOffset="24457"/>
</LocList>
<BasicStmnt CovItemId="S309" CovItemPrefix="com.OriginalFiles.Analyze.java" Intrnl_Id="2584">
<LocList>
<Loc EndOffset="24443" SrcFileId="6" StartOffset="24433"/>
</LocList>
</BasicStmnt>
<LoopStmnt CovItemId="S310" CovItemPrefix="com.OriginalFiles.Analyze.java" Intrnl_Id="2585" MltplExecId="L31-2" MltplExecPrefix="com.OriginalFiles.Analyze.java" NvrExecId="L31-0" NvrExecPrefix="com.OriginalFiles.Analyze.java" OnceExecutedId="L31-1" OnceExecutedPrefix="com.OriginalFiles.Analyze.java" OptBodyExec="true">
<StmntSeq Intrnl_Id="2586">
<LocList>
<Loc EndOffset="24762" SrcFileId="6" StartOffset="24493"/>
<Loc EndOffset="24784" SrcFileId="6" StartOffset="24780"/>
</LocList>
<CondStmnt CovItemId="S311" CovItemPrefix="com.OriginalFiles.Analyze.java" Intrnl_Id="2587">
<Branch CovItemId="B181" CovItemPrefix="com.OriginalFiles.Analyze.java" Implct="false" Intrnl_Id="2588">
<Cond/>
<LocList>
<Loc EndOffset="24762" SrcFileId="6" StartOffset="24535"/>
</LocList>
<StmntSeq Intrnl_Id="2589">
<LocList>
<Loc EndOffset="24714" SrcFileId="6" StartOffset="24605"/>
<Loc EndOffset="24743" SrcFileId="6" StartOffset="24736"/>
</LocList>
<BasicStmnt CovItemId="S312" CovItemPrefix="com.OriginalFiles.Analyze.java" Intrnl_Id="2590">
<LocList>
<Loc EndOffset="24714" SrcFileId="6" StartOffset="24605"/>
</LocList>
</BasicStmnt>
<BasicStmnt CovItemId="S313" CovItemPrefix="com.OriginalFiles.Analyze.java" Intrnl_Id="2591">
<LocList>
<Loc EndOffset="24743" SrcFileId="6" StartOffset="24736"/>
</LocList>
</BasicStmnt>
</StmntSeq>
</Branch>
<Branch CovItemId="B182" CovItemPrefix="com.OriginalFiles.Analyze.java" Implct="true" Intrnl_Id="2592">
<Cond/>
<LocList/>
<StmntSeq Intrnl_Id="2593">
<LocList/>
</StmntSeq>
</Branch>
<Keyword EndOffset="24495" SrcFileId="6" StartOffset="24493"/>
<LocList>
<Loc EndOffset="24762" SrcFileId="6" StartOffset="24493"/>
</LocList>
<RootTerm CovItemId="C109" CovItemPrefix="com.OriginalFiles.Analyze.java" Intrnl_Id="2594">
<BasicBoolTerm Intrnl_Id="2595">
<LocList>
<Loc EndOffset="24533" SrcFileId="6" StartOffset="24497"/>
</LocList>
</BasicBoolTerm>
</RootTerm>
</CondStmnt>
<BasicStmnt CovItemId="S314" CovItemPrefix="com.OriginalFiles.Analyze.java" Intrnl_Id="2596">
<LocList>
<Loc EndOffset="24784" SrcFileId="6" StartOffset="24780"/>
</LocList>
</BasicStmnt>
</StmntSeq>
<Keyword EndOffset="24462" SrcFileId="6" StartOffset="24457"/>
<LocList>
<Loc EndOffset="24799" SrcFileId="6" StartOffset="24457"/>
</LocList>
<RootTerm CovItemId="C108" CovItemPrefix="com.OriginalFiles.Analyze.java" Intrnl_Id="2597">
<OpTerm BooleanOpId="7" Intrnl_Id="2598">
<BasicBoolTerm Intrnl_Id="2599">
<LocList>
<Loc EndOffset="24471" SrcFileId="6" StartOffset="24466"/>
</LocList>
</BasicBoolTerm>
<LocList>
<Loc EndOffset="24465" SrcFileId="6" StartOffset="24464"/>
</LocList>
</OpTerm>
</RootTerm>
</LoopStmnt>
</StmntSeq>
</Branch>
<Branch CovItemId="B180" CovItemPrefix="com.OriginalFiles.Analyze.java" Implct="true" Intrnl_Id="2600">
<Cond/>
<LocList/>
<StmntSeq Intrnl_Id="2601">
<LocList/>
</StmntSeq>
</Branch>
<Keyword EndOffset="24330" SrcFileId="6" StartOffset="24328"/>
<LocList>
<Loc EndOffset="24810" SrcFileId="6" StartOffset="24328"/>
</LocList>
<RootTerm CovItemId="C107" CovItemPrefix="com.OriginalFiles.Analyze.java" Intrnl_Id="2602">
<BasicBoolTerm Intrnl_Id="2603">
<LocList>
<Loc EndOffset="24416" SrcFileId="6" StartOffset="24332"/>
</LocList>
</BasicBoolTerm>
</RootTerm>
</CondStmnt>
</StmntSeq>
</Branch>
<Keyword EndOffset="23835" SrcFileId="6" StartOffset="23833"/>
<LocList>
<Loc EndOffset="24810" SrcFileId="6" StartOffset="23833"/>
</LocList>
<RootTerm CovItemId="C104" CovItemPrefix="com.OriginalFiles.Analyze.java" Intrnl_Id="2604">
<BasicBoolTerm Intrnl_Id="2605">
<LocList>
<Loc EndOffset="23922" SrcFileId="6" StartOffset="23837"/>
</LocList>
</BasicBoolTerm>
</RootTerm>
</CondStmnt>
</StmntSeq>
</HierarchyLvl>
<HierarchyLvl HierarchyLvlId="1186" HierarchyLvlTypeId="12" Intrnl_Id="2606" Name="isInCorrectEnd">
<Header>
<Loc EndOffset="24875" SrcFileId="6" StartOffset="24825"/>
</Header>
<LocList>
<Loc EndOffset="25176" SrcFileId="6" StartOffset="24825"/>
</LocList>
<StmntSeq Intrnl_Id="2607">
<LocList>
<Loc EndOffset="25169" SrcFileId="6" StartOffset="24887"/>
</LocList>
<BasicStmnt CovItemId="S315" CovItemPrefix="com.OriginalFiles.Analyze.java" Intrnl_Id="2608">
<LocList>
<Loc EndOffset="25169" SrcFileId="6" StartOffset="24887"/>
</LocList>
</BasicStmnt>
</StmntSeq>
</HierarchyLvl>
</HierarchyLvl>
</HierarchyLvl>
</HierarchyLvl>
</HierarchyLvl>
</MASTRoot>
</TestSessionContainer>
