<?xml version="1.0" encoding="UTF-8"?><TestSessionContainer xmlns="http://www.codecover.org/xml/testsession-container" Date="1383211571564" TestSessionContainerId="7f92f470-7f57-4e26-95b0-190b755b4ae3" version="1.0">
<SrcFileList>
<SrcFile Content="package com.Testing;&#13;&#10;&#13;&#10;import static org.junit.Assert.*;&#13;&#10;&#13;&#10;import java.io.IOException;&#13;&#10;import java.util.ArrayList;&#13;&#10;import java.util.List;&#13;&#10;import org.junit.Test;&#13;&#10;//Remember that myBoard in board should be public and all properties in Piece should also be public&#13;&#10;import com.OriginalFiles.*;&#13;&#10;&#13;&#10;import customExceptions.IllegalMove;&#13;&#10;import customExceptions.NoKingLeft;&#13;&#10;&#13;&#10;public class BoardTest {&#13;&#10;&#9;Board test = new Board();&#13;&#10;&#9;@Test&#13;&#10;&#9;//test for the Board class' constructor&#13;&#10;&#9;public void testBoard(){&#13;&#10;&#9;&#9;for(int x = 0; x &lt; 8; x++){&#13;&#10;&#9;&#9;&#9;for(int y = 0; y &lt; 8; y++){&#13;&#10;&#9;&#9;&#9;&#9;Field temp = test.myBoard[x][y];&#13;&#10;&#9;&#9;&#9;&#9;if((x+y)%2 == 1)&#13;&#10;&#9;&#9;&#9;&#9;{&#13;&#10;&#9;&#9;&#9;&#9;&#9;assertTrue(temp.x == x);&#13;&#10;&#9;&#9;&#9;&#9;&#9;assertTrue(temp.y == y);&#13;&#10;&#9;&#9;&#9;&#9;&#9;assertTrue(temp.allowedField);&#13;&#10;&#9;&#9;&#9;&#9;&#9;&#13;&#10;&#9;&#9;&#9;&#9;&#9;//test if the robots piece is piece and have the right values&#13;&#10;&#9;&#9;&#9;&#9;&#9;if(y &lt; 3)&#13;&#10;&#9;&#9;&#9;&#9;&#9;{&#13;&#10;&#9;&#9;&#9;&#9;&#9;&#9;assertNotNull(temp.getPieceOnField());&#13;&#10;&#9;&#9;&#9;&#9;&#9;&#9;assertTrue(temp.getPieceOnField().x == x);&#13;&#10;&#9;&#9;&#9;&#9;&#9;&#9;assertTrue(temp.getPieceOnField().y == y);&#13;&#10;&#9;&#9;&#9;&#9;&#9;&#9;assertEquals('r',temp.getPieceOnField().color);&#13;&#10;&#13;&#10;&#9;&#9;&#9;&#9;&#9;&#9;if(y == 2)&#13;&#10;&#9;&#9;&#9;&#9;&#9;&#9;{&#13;&#10;&#9;&#9;&#9;&#9;&#9;&#9;&#9;//test if the robots first row is movable and not kings&#13;&#10;&#9;&#9;&#9;&#9;&#9;&#9;&#9;assertTrue(temp.getPieceOnField().isMoveable);&#13;&#10;&#9;&#9;&#9;&#9;&#9;&#9;&#9;assertFalse(temp.getPieceOnField().isCrowned);&#13;&#10;&#9;&#9;&#9;&#9;&#9;&#9;}&#13;&#10;&#9;&#9;&#9;&#9;&#9;}&#13;&#10;&#13;&#10;&#9;&#9;&#9;&#9;&#9;//Same procedure for the human players pieces&#13;&#10;&#9;&#9;&#9;&#9;&#9;if(y &gt; 4)&#13;&#10;&#9;&#9;&#9;&#9;&#9;{&#13;&#10;&#9;&#9;&#9;&#9;&#9;&#9;assertNotNull(temp.getPieceOnField());&#13;&#10;&#9;&#9;&#9;&#9;&#9;&#9;assertTrue(temp.getPieceOnField().x == x);&#13;&#10;&#9;&#9;&#9;&#9;&#9;&#9;assertTrue(temp.getPieceOnField().y == y);&#13;&#10;&#9;&#9;&#9;&#9;&#9;&#9;assertEquals('w',temp.getPieceOnField().color);&#13;&#10;&#9;&#9;&#9;&#9;&#9;&#9;&#13;&#10;&#9;&#9;&#9;&#9;&#9;&#9;if(y==5)&#13;&#10;&#9;&#9;&#9;&#9;&#9;&#9;{&#13;&#10;&#9;&#9;&#9;&#9;&#9;&#9;&#9;assertTrue(temp.getPieceOnField().isMoveable);&#13;&#10;&#9;&#9;&#9;&#9;&#9;&#9;&#9;assertFalse(temp.getPieceOnField().isCrowned);&#13;&#10;&#9;&#9;&#9;&#9;&#9;&#9;}&#13;&#10;&#9;&#9;&#9;&#9;&#9;}&#13;&#10;&#9;&#9;&#9;&#9;&#9;&#13;&#10;&#9;&#9;&#9;&#9;&#9;if(y &gt;= 3 &amp;&amp; y &lt;= 4){&#13;&#10;&#9;&#9;&#9;&#9;&#9;&#9;assertNull(temp.getPieceOnField());&#13;&#10;&#9;&#9;&#9;&#9;&#9;}&#13;&#10;&#9;&#9;&#9;&#9;}&#13;&#10;&#9;&#9;&#9;&#9;else&#13;&#10;&#9;&#9;&#9;&#9;{&#13;&#10;&#9;&#9;&#9;&#9;&#9;//test if the all the white fields are not allowed to move on&#13;&#10;&#9;&#9;&#9;&#9;&#9;assertFalse(temp.allowedField);&#13;&#10;&#9;&#9;&#9;&#9;}&#13;&#10;&#9;&#9;&#9;}&#13;&#10;&#9;&#9;}&#13;&#10;&#9;}&#13;&#10;&#9;&#13;&#10;&#9;private void resetBoard() throws InterruptedException, IOException{&#13;&#10;&#9;&#9;test = new Board();&#13;&#10;&#9;}&#13;&#10;&#9;&#13;&#10;&#9;//Method used to construct a win scenario for either of the players&#13;&#10;&#9;private void constructWinCase(boolean change){&#13;&#10;&#9;&#9;for(Field[] i : test.myBoard){&#13;&#10;&#9;&#9;&#9;for(Field f : i){&#13;&#10;&#9;&#9;&#9;&#9;if(f.getPieceOnField() != null){&#13;&#10;&#9;&#9;&#9;&#9;&#9;if(change){&#13;&#10;&#9;&#9;&#9;&#9;&#9;&#9;if(f.getPieceOnField().color == 'r'){&#13;&#10;&#9;&#9;&#9;&#9;&#9;&#9;&#9;test.myBoard[f.x][f.y].getPieceOnField().color = 'w';&#13;&#10;&#9;&#9;&#9;&#9;&#9;&#9;}&#13;&#10;&#9;&#9;&#9;&#9;&#9;}&#13;&#10;&#9;&#9;&#9;&#9;&#9;else{&#13;&#10;&#9;&#9;&#9;&#9;&#9;&#9;if(f.getPieceOnField().color == 'w'){&#13;&#10;&#9;&#9;&#9;&#9;&#9;&#9;&#9;test.myBoard[f.x][f.y].getPieceOnField().color = 'r';&#13;&#10;&#9;&#9;&#9;&#9;&#9;&#9;}&#13;&#10;&#9;&#9;&#9;&#9;&#9;}&#13;&#10;&#9;&#9;&#9;&#9;}&#13;&#10;&#9;&#9;&#9;}&#13;&#10;&#9;&#9;}&#13;&#10;&#9;}&#9;&#13;&#10;&#9;&#13;&#10;&#9;//Used to empty the entire board&#13;&#10;&#9;private void emptyBoard(){&#13;&#10;&#9;&#9;for(Field[] af : test.myBoard){&#13;&#10;&#9;&#9;&#9;for(Field f : af){&#13;&#10;&#9;&#9;&#9;&#9;f.emptyThisField();&#13;&#10;&#9;&#9;&#9;}&#13;&#10;&#9;&#9;}&#13;&#10;&#9;}&#13;&#10;&#9;&#13;&#10;&#9;@Test&#13;&#10;&#9;public void testGameIsEnded() throws InterruptedException, IOException {&#13;&#10;&#9;&#9;//test if the game is not ended with start positioning&#13;&#10;&#9;&#9;assertEquals(0, test.gameIsEnded(true));&#13;&#10;&#9;&#9;assertEquals(0, test.gameIsEnded(false));&#13;&#10;&#13;&#10;&#9;&#9;constructWinCase(true);&#13;&#10;&#9;&#9;//test if the game registers that the human have won independent of whos turn it is&#13;&#10;&#9;&#9;assertEquals(1, test.gameIsEnded(true));&#13;&#10;&#9;&#9;assertEquals(1, test.gameIsEnded(false));&#13;&#10;&#9;&#9;&#13;&#10;&#9;&#9;constructWinCase(false);&#13;&#10;&#9;&#9;//test if the game registers that the robot have won independent of whos turn it is&#13;&#10;&#9;&#9;assertEquals(2, test.gameIsEnded(true));&#13;&#10;&#9;&#9;assertEquals(2, test.gameIsEnded(false));&#13;&#10;&#9;&#9;&#13;&#10;&#9;&#9;emptyBoard();&#13;&#10;&#9;&#9;&#13;&#10;&#9;&#9;//test if the game ended when it is a draw when it is humans turn&#13;&#10;&#9;&#9;//test if the game is not ended when it is the robots turn&#13;&#10;&#9;&#9;test.myBoard[4][5].setPieceOnField(producePiece('b',true));&#13;&#10;&#9;&#9;test.myBoard[6][7].setPieceOnField(producePiece('g',true));&#13;&#10;&#9;&#9;&#13;&#10;&#9;&#9;assertEquals(3, test.gameIsEnded(true));&#13;&#10;&#9;&#9;assertNotEquals(3, test.gameIsEnded(false));&#13;&#10;&#9;&#9;&#13;&#10;&#9;&#9;emptyBoard();&#13;&#10;&#9;&#9;&#13;&#10;&#9;&#9;//test if the game ended when it is a draw when it is robots turn&#13;&#10;&#9;&#9;//test if the game is not ended when it is the human turn&#13;&#10;&#9;&#9;test.myBoard[1][0].setPieceOnField(producePiece('b',true));&#13;&#10;&#9;&#9;test.myBoard[1][2].setPieceOnField(producePiece('g',true));&#13;&#10;&#9;&#9;&#13;&#10;&#9;&#9;assertEquals(3, test.gameIsEnded(false));&#13;&#10;&#9;&#9;assertNotEquals(3, test.gameIsEnded(true));&#13;&#10;&#9;&#9;&#13;&#10;&#9;&#9;resetBoard();&#13;&#10;&#9;}&#13;&#10;&#13;&#10;&#9;@Test&#13;&#10;&#9;public void testCheckForGameHasEnded() throws InterruptedException, IOException {&#13;&#10;&#9;&#9;&#13;&#10;&#9;&#9;//test if the games ends in the different scenarios&#13;&#10;&#9;&#9;assertFalse(test.checkForGameHasEnded(true));&#13;&#10;&#9;&#9;assertFalse(test.checkForGameHasEnded(false));&#13;&#10;&#9;&#9;&#13;&#10;&#9;&#9;constructWinCase(true);&#13;&#10;&#9;&#9;&#13;&#10;&#9;&#9;assertTrue(test.checkForGameHasEnded(true));&#13;&#10;&#9;&#9;assertTrue(test.checkForGameHasEnded(false));&#13;&#10;&#9;&#9;&#13;&#10;&#9;&#9;constructWinCase(false);&#13;&#10;&#9;&#9;&#13;&#10;&#9;&#9;assertTrue(test.checkForGameHasEnded(true));&#13;&#10;&#9;&#9;assertTrue(test.checkForGameHasEnded(false));&#13;&#10;&#9;&#9;&#13;&#10;&#9;&#9;emptyBoard();&#13;&#10;&#9;&#9;&#13;&#10;&#9;&#9;//draw case if humans turn&#13;&#10;&#9;&#9;test.myBoard[4][5].setPieceOnField(producePiece('b',true));&#13;&#10;&#9;&#9;test.myBoard[6][7].setPieceOnField(producePiece('g',true));&#13;&#10;&#9;&#9;&#13;&#10;&#9;&#9;assertTrue(test.checkForGameHasEnded(true));&#13;&#10;&#9;&#9;assertFalse(test.checkForGameHasEnded(false));&#13;&#10;&#9;&#9;&#13;&#10;&#9;&#9;emptyBoard();&#13;&#10;&#9;&#9;&#13;&#10;&#9;&#9;//draw case if robots turn&#13;&#10;&#9;&#9;test.myBoard[1][0].setPieceOnField(producePiece('b',true));&#13;&#10;&#9;&#9;test.myBoard[1][2].setPieceOnField(producePiece('g',true));&#13;&#10;&#9;&#9;&#13;&#10;&#9;&#9;assertTrue(test.checkForGameHasEnded(false));&#13;&#10;&#9;&#9;assertFalse(test.checkForGameHasEnded(true));&#13;&#10;&#9;&#9;&#13;&#10;&#9;&#9;resetBoard();&#13;&#10;&#9;}&#13;&#10;&#9;&#13;&#10;&#9;@Test&#13;&#10;&#9;public void testAnalyzeBoard() throws InterruptedException, IOException, NoKingLeft, IllegalMove{&#13;&#10;&#9;&#9;boolean testException = false;&#13;&#10;&#9;&#9;&#13;&#10;&#9;&#9;//test if analyzeboard works when moving a piece&#13;&#10;&#9;&#9;assertTrue(test.analyzeBoard());&#13;&#10;&#9;&#9;&#13;&#10;&#9;&#9;//production of an illegal move&#13;&#10;&#9;&#9;test.myBoard[3][4].setPieceOnField(producePiece('r',false));&#13;&#10;&#9;&#9;test.myBoard[2][5].setPieceOnField(producePiece('w',true));&#13;&#10;&#9;&#9;&#13;&#10;&#9;&#9;//test that analyzeBoard finds and reports the illegal move&#13;&#10;&#9;&#9;try {&#13;&#10;&#9;&#9;&#9;test.analyzeBoard();&#13;&#10;&#9;&#9;}&#13;&#10;&#9;&#9;catch (IllegalMove e) {&#13;&#10;&#9;&#9;&#9;testException = true;&#13;&#10;&#9;&#9;}&#13;&#10;&#9;&#9;catch (NoKingLeft e){&#13;&#10;&#9;&#9;&#9;testException = true;&#13;&#10;&#9;&#9;}&#13;&#10;&#9;&#9;catch (InterruptedException e){&#13;&#10;&#9;&#9;&#9;testException = true;&#13;&#10;&#9;&#9;}&#13;&#10;&#9;&#9;catch (IOException e){&#13;&#10;&#9;&#9;&#9;testException = true;&#13;&#10;&#9;&#9;}&#13;&#10;&#9;&#9;&#13;&#10;&#9;&#9;assertTrue(testException);&#13;&#10;&#9;&#9;&#13;&#10;&#9;&#9;resetBoard();&#13;&#10;&#9;}&#13;&#10;&#9;&#13;&#10;&#9;//produces a field&#13;&#10;&#9;private Field produceField(int x, int y){&#13;&#10;&#9;&#9;Field temp = new Field();&#13;&#10;&#9;&#9;temp.x = x;&#13;&#10;&#9;&#9;temp.y = y;&#13;&#10;&#9;&#9;temp.allowedField = true;&#13;&#10;&#9;&#9;&#13;&#10;&#9;&#9;return temp;&#13;&#10;&#9;}&#13;&#10;&#13;&#10;&#9;@Test&#13;&#10;&#9;public void testMovePiece() throws NoKingLeft, IOException {&#13;&#10;&#9;&#9;Piece temp = test.myBoard[2][5].getPieceOnField();&#13;&#10;&#9;&#9;&#13;&#10;&#9;&#9;//test if the representation is updated probably&#13;&#10;&#9;&#9;test.movePiece(test.myBoard[2][5], test.myBoard[3][2]);&#13;&#10;&#13;&#10;&#9;&#9;assertEquals(temp, test.myBoard[3][2].getPieceOnField());&#13;&#10;&#9;&#9;assertNull(test.myBoard[2][5].getPieceOnField());&#13;&#10;&#9;&#9;&#13;&#10;&#9;&#9;test.movePiece(test.myBoard[1][2], produceField(8,8));&#13;&#10;&#9;&#9;&#13;&#10;&#9;&#9;assertNull(test.myBoard[1][2].getPieceOnField());&#13;&#10;&#9;}&#13;&#10;&#13;&#10;&#9;@Test&#13;&#10;&#9;public void testFieldOccupied() {&#13;&#10;&#9;&#9;//test to see whether this function return is occupied if the field has a piece or if it is outside the board&#13;&#10;&#9;&#9;assertTrue(test.fieldOccupied(1, 0));&#13;&#10;&#9;&#9;assertFalse(test.fieldOccupied(2, 3));&#13;&#10;&#9;&#9;assertTrue(test.fieldOccupied(9, 9));&#13;&#10;&#9;}&#13;&#10;&#9;&#13;&#10;&#9;//function to produce a list of fields which are used for testing check moveable function&#13;&#10;&#9;private List&lt;Field&gt; produceList(Field field, int direction){&#13;&#10;&#9;&#9;List&lt;Field&gt; result = new ArrayList&lt;Field&gt;();&#13;&#10;&#9;&#9;&#13;&#10;&#9;&#9;if(field.y +direction &lt;= 7 &amp;&amp; field.y +direction &gt;= 0){&#13;&#10;&#9;&#9;&#9;if(field.x == 0){&#13;&#10;&#9;&#9;&#9;&#9;result.add(test.myBoard[field.x+1][field.y+direction]);&#13;&#10;&#9;&#9;&#9;}&#13;&#10;&#9;&#9;&#9;else if(field.x == 7){&#13;&#10;&#9;&#9;&#9;&#9;result.add(test.myBoard[field.x-1][field.y+direction]);&#13;&#10;&#9;&#9;&#9;}&#13;&#10;&#9;&#9;&#9;else{&#13;&#10;&#9;&#9;&#9;&#9;result.add(test.myBoard[field.x-1][field.y+direction]);&#13;&#10;&#9;&#9;&#9;&#9;result.add(test.myBoard[field.x+1][field.y+direction]);&#13;&#10;&#9;&#9;&#9;}&#13;&#10;&#9;&#9;}&#13;&#10;&#9;&#9;&#13;&#10;&#9;&#9;return result;&#13;&#10;&#9;}&#9;&#13;&#10;&#9;&#13;&#10;&#9;@Test&#13;&#10;&#9;public void testCheckMoveable() throws InterruptedException, IOException {&#13;&#10;&#9;&#9;//test whether this function results lists corresponding the to the valid moves&#13;&#10;&#9;&#9;List&lt;Field&gt; tempList = produceList(test.myBoard[2][5],-1);&#13;&#10;&#9;&#9;&#13;&#10;&#9;&#9;assertEquals(test.checkMoveable(test.myBoard[2][5], -1),tempList);&#13;&#10;&#9;&#9;&#13;&#10;&#9;&#9;test.myBoard[2][5].getPieceOnField().isCrowned = true;&#13;&#10;&#9;&#9;&#13;&#10;&#9;&#9;assertEquals(test.checkMoveable(test.myBoard[2][5], -1),tempList);&#13;&#10;&#9;&#9;&#13;&#10;&#9;&#9;tempList = produceList(test.myBoard[7][2],1);&#13;&#10;&#9;&#9;&#13;&#10;&#9;&#9;assertEquals(test.checkMoveable(test.myBoard[7][2], 1),tempList);&#13;&#10;&#9;&#9;&#13;&#10;&#9;&#9;test.myBoard[7][2].getPieceOnField().isCrowned = true;&#13;&#10;&#9;&#9;&#13;&#10;&#9;&#9;assertEquals(test.checkMoveable(test.myBoard[7][2], 1),tempList);&#13;&#10;&#9;&#9;&#13;&#10;&#9;&#9;resetBoard();&#13;&#10;&#9;}&#13;&#10;&#9;&#13;&#10;&#9;//function for creating a piece&#13;&#10;&#9;private Piece producePiece(char color, boolean upgrade){&#13;&#10;&#9;&#9;Piece temp = new Piece();&#13;&#10;&#9;&#9;temp.color = color;&#13;&#10;&#9;&#9;&#13;&#10;&#9;&#9;if(upgrade){&#13;&#10;&#9;&#9;&#9;temp.isMoveable = true;&#13;&#10;&#9;&#9;&#9;temp.isCrowned = true;&#13;&#10;&#9;&#9;}&#13;&#10;&#9;&#9;&#13;&#10;&#9;&#9;return temp;&#13;&#10;&#9;}&#13;&#10;&#9;&#13;&#10;&#9;@Test&#13;&#10;&#9;public void testCheckJumpDirection() throws InterruptedException, IOException {&#13;&#10;&#9;&#9;//test if this function returns the fields allowed for a piece to jump too&#13;&#10;&#9;&#9;test.myBoard[3][4].setPieceOnField(producePiece('r',false));&#13;&#10;&#9;&#9;&#13;&#10;&#9;&#9;assertEquals(test.checkJumpDirection(test.myBoard[4][5], -1, -1, false), test.myBoard[2][3]);&#13;&#10;&#9;&#9;assertNull(test.checkJumpDirection(test.myBoard[4][5], 1, -1, false));&#13;&#10;&#9;&#9;&#13;&#10;&#9;&#9;test.myBoard[3][4].getPieceOnField().isCrowned = true;&#13;&#10;&#9;&#9;test.myBoard[4][3].setPieceOnField(producePiece('w',false));&#13;&#10;&#9;&#9;test.myBoard[5][2].emptyThisField();&#13;&#10;&#9;&#9;&#13;&#10;&#9;&#9;assertEquals(test.checkJumpDirection(test.myBoard[3][4], 1, -1, true), test.myBoard[5][2]);&#13;&#10;&#9;&#9;assertNull(test.checkJumpDirection(test.myBoard[3][4], -1, -1, true));&#13;&#10;&#9;&#9;&#13;&#10;&#9;&#9;resetBoard();&#13;&#10;&#9;}&#13;&#10;&#13;&#10;&#9;@Test&#13;&#10;&#9;//Test not that valid for the real GetColor function&#13;&#10;&#9;public void testGetColor() {&#13;&#10;&#9;&#9;assertEquals(test.myBoard[1][0].getPieceOnField().color, test.getColor(1, 0));&#13;&#10;&#9;&#9;assertEquals(' ',test.getColor(0, 3));&#13;&#10;&#9;&#9;assertEquals('w',test.getColor(1,4));&#13;&#10;&#9;}&#13;&#10;&#13;&#10;&#9;@Test&#13;&#10;&#9;public void testCheckAllegiance() {&#13;&#10;&#9;&#9;//Test for humans pieces&#13;&#10;&#9;&#9;assertTrue(test.checkAllegiance(test.myBoard[4][5], true));&#13;&#10;&#9;&#9;assertFalse(test.checkAllegiance(test.myBoard[4][5], false));&#13;&#10;&#9;&#9;&#13;&#10;&#9;&#9;//Test for robots pieces&#13;&#10;&#9;&#9;assertTrue(test.checkAllegiance(test.myBoard[2][1], false));&#13;&#10;&#9;&#9;assertFalse(test.checkAllegiance(test.myBoard[2][1], true));&#13;&#10;&#9;&#9;&#13;&#10;&#9;&#9;Field checkField = produceField(9,9);&#13;&#10;&#9;&#9;&#13;&#10;&#9;&#9;//Test for out for bounds&#13;&#10;&#9;&#9;assertFalse(test.checkAllegiance(checkField,true));&#13;&#10;&#9;&#9;assertFalse(test.checkAllegiance(checkField,false));&#13;&#10;&#9;}&#13;&#10;&#13;&#10;}&#13;&#10;" Filename="BoardTest.java" Intrnl_Id="1"/>
</SrcFileList>
<CritList>
<CritListEntry Name="org.codecover.model.utils.criteria.LoopCoverage" PluginName="org.codecover"/>
<CritListEntry Name="org.codecover.model.utils.criteria.BranchCoverage" PluginName="org.codecover"/>
<CritListEntry Name="org.codecover.model.utils.criteria.ConditionCoverage" PluginName="org.codecover"/>
<CritListEntry Name="org.codecover.model.utils.criteria.StatementCoverage" PluginName="org.codecover"/>
</CritList>
<BoolOpList>
<BoolOp Arity="2" Intrnl_Id="2" Name="conditional and (&amp;&amp;)">
<BoolAssgnmntBoolMapList>
<MapEntry BoolAssgnmnt="10" Value="false"/>
<MapEntry BoolAssgnmnt="02" Value="false"/>
<MapEntry BoolAssgnmnt="11" Value="true"/>
</BoolAssgnmntBoolMapList>
</BoolOp>
</BoolOpList>
<HierarchyLvlTypeList>
<HierarchyLvlType EnglishName="package" IntrnlName="package" Intrnl_Id="3"/>
<HierarchyLvlType EnglishName="class" IntrnlName="class" Intrnl_Id="4"/>
<HierarchyLvlType EnglishName="method" IntrnlName="method" Intrnl_Id="5"/>
<HierarchyLvlType EnglishName="default package" IntrnlName="default package" Intrnl_Id="6"/>
</HierarchyLvlTypeList>
<MASTRoot>
<HierarchyLvl HierarchyLvlId="40" HierarchyLvlTypeId="6" Intrnl_Id="7" Name="default package">
<Header/>
<LocList/>
<HierarchyLvl HierarchyLvlId="39" HierarchyLvlTypeId="3" Intrnl_Id="8" Name="com">
<Header/>
<LocList/>
<HierarchyLvl HierarchyLvlId="38" HierarchyLvlTypeId="3" Intrnl_Id="9" Name="Testing">
<Header/>
<LocList/>
<HierarchyLvl HierarchyLvlId="37" HierarchyLvlTypeId="4" Intrnl_Id="10" Name="BoardTest">
<Header>
<Loc EndOffset="398" SrcFileId="1" StartOffset="376"/>
</Header>
<LocList>
<Loc EndOffset="10204" SrcFileId="1" StartOffset="376"/>
</LocList>
<StmntSeq Intrnl_Id="11">
<LocList>
<Loc EndOffset="428" SrcFileId="1" StartOffset="403"/>
</LocList>
<BasicStmnt CovItemId="S1" CovItemPrefix="com.Testing.BoardTest.java" Intrnl_Id="12">
<LocList>
<Loc EndOffset="428" SrcFileId="1" StartOffset="403"/>
</LocList>
</BasicStmnt>
</StmntSeq>
<HierarchyLvl HierarchyLvlId="21" HierarchyLvlTypeId="5" Intrnl_Id="13" Name="testBoard">
<Header>
<Loc EndOffset="504" SrcFileId="1" StartOffset="431"/>
</Header>
<LocList>
<Loc EndOffset="1931" SrcFileId="1" StartOffset="431"/>
</LocList>
<StmntSeq Intrnl_Id="14">
<LocList>
<Loc EndOffset="1927" SrcFileId="1" StartOffset="509"/>
</LocList>
<LoopStmnt CovItemId="S2" CovItemPrefix="com.Testing.BoardTest.java" Intrnl_Id="15" MltplExecId="L1-2" MltplExecPrefix="com.Testing.BoardTest.java" NvrExecId="L1-0" NvrExecPrefix="com.Testing.BoardTest.java" OnceExecutedId="L1-1" OnceExecutedPrefix="com.Testing.BoardTest.java" OptBodyExec="true">
<StmntSeq Intrnl_Id="16">
<LocList>
<Loc EndOffset="1922" SrcFileId="1" StartOffset="541"/>
</LocList>
<LoopStmnt CovItemId="S3" CovItemPrefix="com.Testing.BoardTest.java" Intrnl_Id="17" MltplExecId="L2-2" MltplExecPrefix="com.Testing.BoardTest.java" NvrExecId="L2-0" NvrExecPrefix="com.Testing.BoardTest.java" OnceExecutedId="L2-1" OnceExecutedPrefix="com.Testing.BoardTest.java" OptBodyExec="true">
<StmntSeq Intrnl_Id="18">
<LocList>
<Loc EndOffset="606" SrcFileId="1" StartOffset="574"/>
<Loc EndOffset="1916" SrcFileId="1" StartOffset="612"/>
</LocList>
<BasicStmnt CovItemId="S4" CovItemPrefix="com.Testing.BoardTest.java" Intrnl_Id="19">
<LocList>
<Loc EndOffset="606" SrcFileId="1" StartOffset="574"/>
</LocList>
</BasicStmnt>
<CondStmnt CovItemId="S5" CovItemPrefix="com.Testing.BoardTest.java" Intrnl_Id="20">
<Branch CovItemId="B1" CovItemPrefix="com.Testing.BoardTest.java" Implct="false" Intrnl_Id="21">
<Cond/>
<LocList>
<Loc EndOffset="1786" SrcFileId="1" StartOffset="634"/>
</LocList>
<StmntSeq Intrnl_Id="22">
<LocList>
<Loc EndOffset="666" SrcFileId="1" StartOffset="642"/>
<Loc EndOffset="697" SrcFileId="1" StartOffset="673"/>
<Loc EndOffset="734" SrcFileId="1" StartOffset="704"/>
<Loc EndOffset="1254" SrcFileId="1" StartOffset="816"/>
<Loc EndOffset="1693" SrcFileId="1" StartOffset="1315"/>
<Loc EndOffset="1779" SrcFileId="1" StartOffset="1707"/>
</LocList>
<BasicStmnt CovItemId="S6" CovItemPrefix="com.Testing.BoardTest.java" Intrnl_Id="23">
<LocList>
<Loc EndOffset="666" SrcFileId="1" StartOffset="642"/>
</LocList>
</BasicStmnt>
<BasicStmnt CovItemId="S7" CovItemPrefix="com.Testing.BoardTest.java" Intrnl_Id="24">
<LocList>
<Loc EndOffset="697" SrcFileId="1" StartOffset="673"/>
</LocList>
</BasicStmnt>
<BasicStmnt CovItemId="S8" CovItemPrefix="com.Testing.BoardTest.java" Intrnl_Id="25">
<LocList>
<Loc EndOffset="734" SrcFileId="1" StartOffset="704"/>
</LocList>
</BasicStmnt>
<CondStmnt CovItemId="S9" CovItemPrefix="com.Testing.BoardTest.java" Intrnl_Id="26">
<Branch CovItemId="B3" CovItemPrefix="com.Testing.BoardTest.java" Implct="false" Intrnl_Id="27">
<Cond/>
<LocList>
<Loc EndOffset="1254" SrcFileId="1" StartOffset="832"/>
</LocList>
<StmntSeq Intrnl_Id="28">
<LocList>
<Loc EndOffset="879" SrcFileId="1" StartOffset="841"/>
<Loc EndOffset="929" SrcFileId="1" StartOffset="887"/>
<Loc EndOffset="979" SrcFileId="1" StartOffset="937"/>
<Loc EndOffset="1034" SrcFileId="1" StartOffset="987"/>
<Loc EndOffset="1246" SrcFileId="1" StartOffset="1044"/>
</LocList>
<BasicStmnt CovItemId="S10" CovItemPrefix="com.Testing.BoardTest.java" Intrnl_Id="29">
<LocList>
<Loc EndOffset="879" SrcFileId="1" StartOffset="841"/>
</LocList>
</BasicStmnt>
<BasicStmnt CovItemId="S11" CovItemPrefix="com.Testing.BoardTest.java" Intrnl_Id="30">
<LocList>
<Loc EndOffset="929" SrcFileId="1" StartOffset="887"/>
</LocList>
</BasicStmnt>
<BasicStmnt CovItemId="S12" CovItemPrefix="com.Testing.BoardTest.java" Intrnl_Id="31">
<LocList>
<Loc EndOffset="979" SrcFileId="1" StartOffset="937"/>
</LocList>
</BasicStmnt>
<BasicStmnt CovItemId="S13" CovItemPrefix="com.Testing.BoardTest.java" Intrnl_Id="32">
<LocList>
<Loc EndOffset="1034" SrcFileId="1" StartOffset="987"/>
</LocList>
</BasicStmnt>
<CondStmnt CovItemId="S14" CovItemPrefix="com.Testing.BoardTest.java" Intrnl_Id="33">
<Branch CovItemId="B5" CovItemPrefix="com.Testing.BoardTest.java" Implct="false" Intrnl_Id="34">
<Cond/>
<LocList>
<Loc EndOffset="1246" SrcFileId="1" StartOffset="1062"/>
</LocList>
<StmntSeq Intrnl_Id="35">
<LocList>
<Loc EndOffset="1182" SrcFileId="1" StartOffset="1136"/>
<Loc EndOffset="1237" SrcFileId="1" StartOffset="1191"/>
</LocList>
<BasicStmnt CovItemId="S15" CovItemPrefix="com.Testing.BoardTest.java" Intrnl_Id="36">
<LocList>
<Loc EndOffset="1182" SrcFileId="1" StartOffset="1136"/>
</LocList>
</BasicStmnt>
<BasicStmnt CovItemId="S16" CovItemPrefix="com.Testing.BoardTest.java" Intrnl_Id="37">
<LocList>
<Loc EndOffset="1237" SrcFileId="1" StartOffset="1191"/>
</LocList>
</BasicStmnt>
</StmntSeq>
</Branch>
<Branch CovItemId="B6" CovItemPrefix="com.Testing.BoardTest.java" Implct="true" Intrnl_Id="38">
<Cond/>
<LocList/>
<StmntSeq Intrnl_Id="39">
<LocList/>
</StmntSeq>
</Branch>
<Keyword EndOffset="1046" SrcFileId="1" StartOffset="1044"/>
<LocList>
<Loc EndOffset="1246" SrcFileId="1" StartOffset="1044"/>
</LocList>
<RootTerm CovItemId="C5" CovItemPrefix="com.Testing.BoardTest.java" Intrnl_Id="40">
<BasicBoolTerm Intrnl_Id="41">
<LocList>
<Loc EndOffset="1053" SrcFileId="1" StartOffset="1047"/>
</LocList>
</BasicBoolTerm>
</RootTerm>
</CondStmnt>
</StmntSeq>
</Branch>
<Branch CovItemId="B4" CovItemPrefix="com.Testing.BoardTest.java" Implct="true" Intrnl_Id="42">
<Cond/>
<LocList/>
<StmntSeq Intrnl_Id="43">
<LocList/>
</StmntSeq>
</Branch>
<Keyword EndOffset="818" SrcFileId="1" StartOffset="816"/>
<LocList>
<Loc EndOffset="1254" SrcFileId="1" StartOffset="816"/>
</LocList>
<RootTerm CovItemId="C4" CovItemPrefix="com.Testing.BoardTest.java" Intrnl_Id="44">
<BasicBoolTerm Intrnl_Id="45">
<LocList>
<Loc EndOffset="824" SrcFileId="1" StartOffset="819"/>
</LocList>
</BasicBoolTerm>
</RootTerm>
</CondStmnt>
<CondStmnt CovItemId="S17" CovItemPrefix="com.Testing.BoardTest.java" Intrnl_Id="46">
<Branch CovItemId="B7" CovItemPrefix="com.Testing.BoardTest.java" Implct="false" Intrnl_Id="47">
<Cond/>
<LocList>
<Loc EndOffset="1693" SrcFileId="1" StartOffset="1331"/>
</LocList>
<StmntSeq Intrnl_Id="48">
<LocList>
<Loc EndOffset="1378" SrcFileId="1" StartOffset="1340"/>
<Loc EndOffset="1428" SrcFileId="1" StartOffset="1386"/>
<Loc EndOffset="1478" SrcFileId="1" StartOffset="1436"/>
<Loc EndOffset="1533" SrcFileId="1" StartOffset="1486"/>
<Loc EndOffset="1685" SrcFileId="1" StartOffset="1549"/>
</LocList>
<BasicStmnt CovItemId="S18" CovItemPrefix="com.Testing.BoardTest.java" Intrnl_Id="49">
<LocList>
<Loc EndOffset="1378" SrcFileId="1" StartOffset="1340"/>
</LocList>
</BasicStmnt>
<BasicStmnt CovItemId="S19" CovItemPrefix="com.Testing.BoardTest.java" Intrnl_Id="50">
<LocList>
<Loc EndOffset="1428" SrcFileId="1" StartOffset="1386"/>
</LocList>
</BasicStmnt>
<BasicStmnt CovItemId="S20" CovItemPrefix="com.Testing.BoardTest.java" Intrnl_Id="51">
<LocList>
<Loc EndOffset="1478" SrcFileId="1" StartOffset="1436"/>
</LocList>
</BasicStmnt>
<BasicStmnt CovItemId="S21" CovItemPrefix="com.Testing.BoardTest.java" Intrnl_Id="52">
<LocList>
<Loc EndOffset="1533" SrcFileId="1" StartOffset="1486"/>
</LocList>
</BasicStmnt>
<CondStmnt CovItemId="S22" CovItemPrefix="com.Testing.BoardTest.java" Intrnl_Id="53">
<Branch CovItemId="B9" CovItemPrefix="com.Testing.BoardTest.java" Implct="false" Intrnl_Id="54">
<Cond/>
<LocList>
<Loc EndOffset="1685" SrcFileId="1" StartOffset="1565"/>
</LocList>
<StmntSeq Intrnl_Id="55">
<LocList>
<Loc EndOffset="1621" SrcFileId="1" StartOffset="1575"/>
<Loc EndOffset="1676" SrcFileId="1" StartOffset="1630"/>
</LocList>
<BasicStmnt CovItemId="S23" CovItemPrefix="com.Testing.BoardTest.java" Intrnl_Id="56">
<LocList>
<Loc EndOffset="1621" SrcFileId="1" StartOffset="1575"/>
</LocList>
</BasicStmnt>
<BasicStmnt CovItemId="S24" CovItemPrefix="com.Testing.BoardTest.java" Intrnl_Id="57">
<LocList>
<Loc EndOffset="1676" SrcFileId="1" StartOffset="1630"/>
</LocList>
</BasicStmnt>
</StmntSeq>
</Branch>
<Branch CovItemId="B10" CovItemPrefix="com.Testing.BoardTest.java" Implct="true" Intrnl_Id="58">
<Cond/>
<LocList/>
<StmntSeq Intrnl_Id="59">
<LocList/>
</StmntSeq>
</Branch>
<Keyword EndOffset="1551" SrcFileId="1" StartOffset="1549"/>
<LocList>
<Loc EndOffset="1685" SrcFileId="1" StartOffset="1549"/>
</LocList>
<RootTerm CovItemId="C7" CovItemPrefix="com.Testing.BoardTest.java" Intrnl_Id="60">
<BasicBoolTerm Intrnl_Id="61">
<LocList>
<Loc EndOffset="1556" SrcFileId="1" StartOffset="1552"/>
</LocList>
</BasicBoolTerm>
</RootTerm>
</CondStmnt>
</StmntSeq>
</Branch>
<Branch CovItemId="B8" CovItemPrefix="com.Testing.BoardTest.java" Implct="true" Intrnl_Id="62">
<Cond/>
<LocList/>
<StmntSeq Intrnl_Id="63">
<LocList/>
</StmntSeq>
</Branch>
<Keyword EndOffset="1317" SrcFileId="1" StartOffset="1315"/>
<LocList>
<Loc EndOffset="1693" SrcFileId="1" StartOffset="1315"/>
</LocList>
<RootTerm CovItemId="C6" CovItemPrefix="com.Testing.BoardTest.java" Intrnl_Id="64">
<BasicBoolTerm Intrnl_Id="65">
<LocList>
<Loc EndOffset="1323" SrcFileId="1" StartOffset="1318"/>
</LocList>
</BasicBoolTerm>
</RootTerm>
</CondStmnt>
<CondStmnt CovItemId="S25" CovItemPrefix="com.Testing.BoardTest.java" Intrnl_Id="66">
<Branch CovItemId="B11" CovItemPrefix="com.Testing.BoardTest.java" Implct="false" Intrnl_Id="67">
<Cond/>
<LocList>
<Loc EndOffset="1779" SrcFileId="1" StartOffset="1727"/>
</LocList>
<StmntSeq Intrnl_Id="68">
<LocList>
<Loc EndOffset="1771" SrcFileId="1" StartOffset="1736"/>
</LocList>
<BasicStmnt CovItemId="S26" CovItemPrefix="com.Testing.BoardTest.java" Intrnl_Id="69">
<LocList>
<Loc EndOffset="1771" SrcFileId="1" StartOffset="1736"/>
</LocList>
</BasicStmnt>
</StmntSeq>
</Branch>
<Branch CovItemId="B12" CovItemPrefix="com.Testing.BoardTest.java" Implct="true" Intrnl_Id="70">
<Cond/>
<LocList/>
<StmntSeq Intrnl_Id="71">
<LocList/>
</StmntSeq>
</Branch>
<Keyword EndOffset="1709" SrcFileId="1" StartOffset="1707"/>
<LocList>
<Loc EndOffset="1779" SrcFileId="1" StartOffset="1707"/>
</LocList>
<RootTerm CovItemId="C8" CovItemPrefix="com.Testing.BoardTest.java" Intrnl_Id="72">
<OpTerm BooleanOpId="2" Intrnl_Id="73">
<BasicBoolTerm Intrnl_Id="74">
<LocList>
<Loc EndOffset="1716" SrcFileId="1" StartOffset="1710"/>
</LocList>
</BasicBoolTerm>
<BasicBoolTerm Intrnl_Id="75">
<LocList>
<Loc EndOffset="1726" SrcFileId="1" StartOffset="1720"/>
</LocList>
</BasicBoolTerm>
<LocList>
<Loc EndOffset="1719" SrcFileId="1" StartOffset="1717"/>
</LocList>
</OpTerm>
</RootTerm>
</CondStmnt>
</StmntSeq>
</Branch>
<Branch CovItemId="B2" CovItemPrefix="com.Testing.BoardTest.java" Implct="false" Intrnl_Id="76">
<Cond>
<Loc EndOffset="1796" SrcFileId="1" StartOffset="1792"/>
</Cond>
<LocList>
<Loc EndOffset="1916" SrcFileId="1" StartOffset="1802"/>
</LocList>
<StmntSeq Intrnl_Id="77">
<LocList>
<Loc EndOffset="1909" SrcFileId="1" StartOffset="1878"/>
</LocList>
<BasicStmnt CovItemId="S27" CovItemPrefix="com.Testing.BoardTest.java" Intrnl_Id="78">
<LocList>
<Loc EndOffset="1909" SrcFileId="1" StartOffset="1878"/>
</LocList>
</BasicStmnt>
</StmntSeq>
</Branch>
<Keyword EndOffset="614" SrcFileId="1" StartOffset="612"/>
<LocList>
<Loc EndOffset="1916" SrcFileId="1" StartOffset="612"/>
</LocList>
<RootTerm CovItemId="C3" CovItemPrefix="com.Testing.BoardTest.java" Intrnl_Id="79">
<BasicBoolTerm Intrnl_Id="80">
<LocList>
<Loc EndOffset="627" SrcFileId="1" StartOffset="615"/>
</LocList>
</BasicBoolTerm>
</RootTerm>
</CondStmnt>
</StmntSeq>
<Keyword EndOffset="544" SrcFileId="1" StartOffset="541"/>
<LocList>
<Loc EndOffset="1922" SrcFileId="1" StartOffset="541"/>
</LocList>
<RootTerm CovItemId="C2" CovItemPrefix="com.Testing.BoardTest.java" Intrnl_Id="81">
<BasicBoolTerm Intrnl_Id="82">
<LocList>
<Loc EndOffset="561" SrcFileId="1" StartOffset="556"/>
</LocList>
</BasicBoolTerm>
</RootTerm>
</LoopStmnt>
</StmntSeq>
<Keyword EndOffset="512" SrcFileId="1" StartOffset="509"/>
<LocList>
<Loc EndOffset="1927" SrcFileId="1" StartOffset="509"/>
</LocList>
<RootTerm CovItemId="C1" CovItemPrefix="com.Testing.BoardTest.java" Intrnl_Id="83">
<BasicBoolTerm Intrnl_Id="84">
<LocList>
<Loc EndOffset="529" SrcFileId="1" StartOffset="524"/>
</LocList>
</BasicBoolTerm>
</RootTerm>
</LoopStmnt>
</StmntSeq>
</HierarchyLvl>
<HierarchyLvl HierarchyLvlId="22" HierarchyLvlTypeId="5" Intrnl_Id="85" Name="resetBoard">
<Header>
<Loc EndOffset="2003" SrcFileId="1" StartOffset="1937"/>
</Header>
<LocList>
<Loc EndOffset="2031" SrcFileId="1" StartOffset="1937"/>
</LocList>
<StmntSeq Intrnl_Id="86">
<LocList>
<Loc EndOffset="2027" SrcFileId="1" StartOffset="2008"/>
</LocList>
<BasicStmnt CovItemId="S28" CovItemPrefix="com.Testing.BoardTest.java" Intrnl_Id="87">
<LocList>
<Loc EndOffset="2027" SrcFileId="1" StartOffset="2008"/>
</LocList>
</BasicStmnt>
</StmntSeq>
</HierarchyLvl>
<HierarchyLvl HierarchyLvlId="23" HierarchyLvlTypeId="5" Intrnl_Id="88" Name="constructWinCase">
<Header>
<Loc EndOffset="2152" SrcFileId="1" StartOffset="2107"/>
</Header>
<LocList>
<Loc EndOffset="2547" SrcFileId="1" StartOffset="2107"/>
</LocList>
<StmntSeq Intrnl_Id="89">
<LocList>
<Loc EndOffset="2543" SrcFileId="1" StartOffset="2157"/>
</LocList>
<LoopStmnt CovItemId="S29" CovItemPrefix="com.Testing.BoardTest.java" Intrnl_Id="90" MltplExecId="L3-2" MltplExecPrefix="com.Testing.BoardTest.java" NvrExecId="L3-0" NvrExecPrefix="com.Testing.BoardTest.java" OnceExecutedId="L3-1" OnceExecutedPrefix="com.Testing.BoardTest.java" OptBodyExec="true">
<StmntSeq Intrnl_Id="91">
<LocList>
<Loc EndOffset="2538" SrcFileId="1" StartOffset="2192"/>
</LocList>
<LoopStmnt CovItemId="S30" CovItemPrefix="com.Testing.BoardTest.java" Intrnl_Id="92" MltplExecId="L4-2" MltplExecPrefix="com.Testing.BoardTest.java" NvrExecId="L4-0" NvrExecPrefix="com.Testing.BoardTest.java" OnceExecutedId="L4-1" OnceExecutedPrefix="com.Testing.BoardTest.java" OptBodyExec="true">
<StmntSeq Intrnl_Id="93">
<LocList>
<Loc EndOffset="2532" SrcFileId="1" StartOffset="2215"/>
</LocList>
<CondStmnt CovItemId="S31" CovItemPrefix="com.Testing.BoardTest.java" Intrnl_Id="94">
<Branch CovItemId="B13" CovItemPrefix="com.Testing.BoardTest.java" Implct="false" Intrnl_Id="95">
<Cond/>
<LocList>
<Loc EndOffset="2532" SrcFileId="1" StartOffset="2246"/>
</LocList>
<StmntSeq Intrnl_Id="96">
<LocList>
<Loc EndOffset="2525" SrcFileId="1" StartOffset="2254"/>
</LocList>
<CondStmnt CovItemId="S32" CovItemPrefix="com.Testing.BoardTest.java" Intrnl_Id="97">
<Branch CovItemId="B15" CovItemPrefix="com.Testing.BoardTest.java" Implct="false" Intrnl_Id="98">
<Cond/>
<LocList>
<Loc EndOffset="2389" SrcFileId="1" StartOffset="2264"/>
</LocList>
<StmntSeq Intrnl_Id="99">
<LocList>
<Loc EndOffset="2381" SrcFileId="1" StartOffset="2273"/>
</LocList>
<CondStmnt CovItemId="S33" CovItemPrefix="com.Testing.BoardTest.java" Intrnl_Id="100">
<Branch CovItemId="B17" CovItemPrefix="com.Testing.BoardTest.java" Implct="false" Intrnl_Id="101">
<Cond/>
<LocList>
<Loc EndOffset="2381" SrcFileId="1" StartOffset="2309"/>
</LocList>
<StmntSeq Intrnl_Id="102">
<LocList>
<Loc EndOffset="2372" SrcFileId="1" StartOffset="2319"/>
</LocList>
<BasicStmnt CovItemId="S34" CovItemPrefix="com.Testing.BoardTest.java" Intrnl_Id="103">
<LocList>
<Loc EndOffset="2372" SrcFileId="1" StartOffset="2319"/>
</LocList>
</BasicStmnt>
</StmntSeq>
</Branch>
<Branch CovItemId="B18" CovItemPrefix="com.Testing.BoardTest.java" Implct="true" Intrnl_Id="104">
<Cond/>
<LocList/>
<StmntSeq Intrnl_Id="105">
<LocList/>
</StmntSeq>
</Branch>
<Keyword EndOffset="2275" SrcFileId="1" StartOffset="2273"/>
<LocList>
<Loc EndOffset="2381" SrcFileId="1" StartOffset="2273"/>
</LocList>
<RootTerm CovItemId="C11" CovItemPrefix="com.Testing.BoardTest.java" Intrnl_Id="106">
<BasicBoolTerm Intrnl_Id="107">
<LocList>
<Loc EndOffset="2308" SrcFileId="1" StartOffset="2276"/>
</LocList>
</BasicBoolTerm>
</RootTerm>
</CondStmnt>
</StmntSeq>
</Branch>
<Branch CovItemId="B16" CovItemPrefix="com.Testing.BoardTest.java" Implct="false" Intrnl_Id="108">
<Cond>
<Loc EndOffset="2400" SrcFileId="1" StartOffset="2396"/>
</Cond>
<LocList>
<Loc EndOffset="2525" SrcFileId="1" StartOffset="2400"/>
</LocList>
<StmntSeq Intrnl_Id="109">
<LocList>
<Loc EndOffset="2517" SrcFileId="1" StartOffset="2409"/>
</LocList>
<CondStmnt CovItemId="S35" CovItemPrefix="com.Testing.BoardTest.java" Intrnl_Id="110">
<Branch CovItemId="B19" CovItemPrefix="com.Testing.BoardTest.java" Implct="false" Intrnl_Id="111">
<Cond/>
<LocList>
<Loc EndOffset="2517" SrcFileId="1" StartOffset="2445"/>
</LocList>
<StmntSeq Intrnl_Id="112">
<LocList>
<Loc EndOffset="2508" SrcFileId="1" StartOffset="2455"/>
</LocList>
<BasicStmnt CovItemId="S36" CovItemPrefix="com.Testing.BoardTest.java" Intrnl_Id="113">
<LocList>
<Loc EndOffset="2508" SrcFileId="1" StartOffset="2455"/>
</LocList>
</BasicStmnt>
</StmntSeq>
</Branch>
<Branch CovItemId="B20" CovItemPrefix="com.Testing.BoardTest.java" Implct="true" Intrnl_Id="114">
<Cond/>
<LocList/>
<StmntSeq Intrnl_Id="115">
<LocList/>
</StmntSeq>
</Branch>
<Keyword EndOffset="2411" SrcFileId="1" StartOffset="2409"/>
<LocList>
<Loc EndOffset="2517" SrcFileId="1" StartOffset="2409"/>
</LocList>
<RootTerm CovItemId="C12" CovItemPrefix="com.Testing.BoardTest.java" Intrnl_Id="116">
<BasicBoolTerm Intrnl_Id="117">
<LocList>
<Loc EndOffset="2444" SrcFileId="1" StartOffset="2412"/>
</LocList>
</BasicBoolTerm>
</RootTerm>
</CondStmnt>
</StmntSeq>
</Branch>
<Keyword EndOffset="2256" SrcFileId="1" StartOffset="2254"/>
<LocList>
<Loc EndOffset="2525" SrcFileId="1" StartOffset="2254"/>
</LocList>
<RootTerm CovItemId="C10" CovItemPrefix="com.Testing.BoardTest.java" Intrnl_Id="118">
<BasicBoolTerm Intrnl_Id="119">
<LocList>
<Loc EndOffset="2263" SrcFileId="1" StartOffset="2257"/>
</LocList>
</BasicBoolTerm>
</RootTerm>
</CondStmnt>
</StmntSeq>
</Branch>
<Branch CovItemId="B14" CovItemPrefix="com.Testing.BoardTest.java" Implct="true" Intrnl_Id="120">
<Cond/>
<LocList/>
<StmntSeq Intrnl_Id="121">
<LocList/>
</StmntSeq>
</Branch>
<Keyword EndOffset="2217" SrcFileId="1" StartOffset="2215"/>
<LocList>
<Loc EndOffset="2532" SrcFileId="1" StartOffset="2215"/>
</LocList>
<RootTerm CovItemId="C9" CovItemPrefix="com.Testing.BoardTest.java" Intrnl_Id="122">
<BasicBoolTerm Intrnl_Id="123">
<LocList>
<Loc EndOffset="2245" SrcFileId="1" StartOffset="2218"/>
</LocList>
</BasicBoolTerm>
</RootTerm>
</CondStmnt>
</StmntSeq>
<Keyword EndOffset="2195" SrcFileId="1" StartOffset="2192"/>
<LocList>
<Loc EndOffset="2538" SrcFileId="1" StartOffset="2192"/>
</LocList>
</LoopStmnt>
</StmntSeq>
<Keyword EndOffset="2160" SrcFileId="1" StartOffset="2157"/>
<LocList>
<Loc EndOffset="2543" SrcFileId="1" StartOffset="2157"/>
</LocList>
</LoopStmnt>
</StmntSeq>
</HierarchyLvl>
<HierarchyLvl HierarchyLvlId="24" HierarchyLvlTypeId="5" Intrnl_Id="124" Name="emptyBoard">
<Header>
<Loc EndOffset="2614" SrcFileId="1" StartOffset="2589"/>
</Header>
<LocList>
<Loc EndOffset="2713" SrcFileId="1" StartOffset="2589"/>
</LocList>
<StmntSeq Intrnl_Id="125">
<LocList>
<Loc EndOffset="2709" SrcFileId="1" StartOffset="2619"/>
</LocList>
<LoopStmnt CovItemId="S37" CovItemPrefix="com.Testing.BoardTest.java" Intrnl_Id="126" MltplExecId="L5-2" MltplExecPrefix="com.Testing.BoardTest.java" NvrExecId="L5-0" NvrExecPrefix="com.Testing.BoardTest.java" OnceExecutedId="L5-1" OnceExecutedPrefix="com.Testing.BoardTest.java" OptBodyExec="true">
<StmntSeq Intrnl_Id="127">
<LocList>
<Loc EndOffset="2704" SrcFileId="1" StartOffset="2655"/>
</LocList>
<LoopStmnt CovItemId="S38" CovItemPrefix="com.Testing.BoardTest.java" Intrnl_Id="128" MltplExecId="L6-2" MltplExecPrefix="com.Testing.BoardTest.java" NvrExecId="L6-0" NvrExecPrefix="com.Testing.BoardTest.java" OnceExecutedId="L6-1" OnceExecutedPrefix="com.Testing.BoardTest.java" OptBodyExec="true">
<StmntSeq Intrnl_Id="129">
<LocList>
<Loc EndOffset="2698" SrcFileId="1" StartOffset="2679"/>
</LocList>
<BasicStmnt CovItemId="S39" CovItemPrefix="com.Testing.BoardTest.java" Intrnl_Id="130">
<LocList>
<Loc EndOffset="2698" SrcFileId="1" StartOffset="2679"/>
</LocList>
</BasicStmnt>
</StmntSeq>
<Keyword EndOffset="2658" SrcFileId="1" StartOffset="2655"/>
<LocList>
<Loc EndOffset="2704" SrcFileId="1" StartOffset="2655"/>
</LocList>
</LoopStmnt>
</StmntSeq>
<Keyword EndOffset="2622" SrcFileId="1" StartOffset="2619"/>
<LocList>
<Loc EndOffset="2709" SrcFileId="1" StartOffset="2619"/>
</LocList>
</LoopStmnt>
</StmntSeq>
</HierarchyLvl>
<HierarchyLvl HierarchyLvlId="25" HierarchyLvlTypeId="5" Intrnl_Id="131" Name="testGameIsEnded">
<Header>
<Loc EndOffset="2797" SrcFileId="1" StartOffset="2719"/>
</Header>
<LocList>
<Loc EndOffset="4139" SrcFileId="1" StartOffset="2719"/>
</LocList>
<StmntSeq Intrnl_Id="132">
<LocList>
<Loc EndOffset="2901" SrcFileId="1" StartOffset="2861"/>
<Loc EndOffset="2946" SrcFileId="1" StartOffset="2905"/>
<Loc EndOffset="2975" SrcFileId="1" StartOffset="2952"/>
<Loc EndOffset="3106" SrcFileId="1" StartOffset="3066"/>
<Loc EndOffset="3151" SrcFileId="1" StartOffset="3110"/>
<Loc EndOffset="3183" SrcFileId="1" StartOffset="3159"/>
<Loc EndOffset="3314" SrcFileId="1" StartOffset="3274"/>
<Loc EndOffset="3359" SrcFileId="1" StartOffset="3318"/>
<Loc EndOffset="3380" SrcFileId="1" StartOffset="3367"/>
<Loc EndOffset="3578" SrcFileId="1" StartOffset="3519"/>
<Loc EndOffset="3641" SrcFileId="1" StartOffset="3582"/>
<Loc EndOffset="3689" SrcFileId="1" StartOffset="3649"/>
<Loc EndOffset="3737" SrcFileId="1" StartOffset="3693"/>
<Loc EndOffset="3758" SrcFileId="1" StartOffset="3745"/>
<Loc EndOffset="3955" SrcFileId="1" StartOffset="3896"/>
<Loc EndOffset="4018" SrcFileId="1" StartOffset="3959"/>
<Loc EndOffset="4067" SrcFileId="1" StartOffset="4026"/>
<Loc EndOffset="4114" SrcFileId="1" StartOffset="4071"/>
<Loc EndOffset="4135" SrcFileId="1" StartOffset="4122"/>
</LocList>
<BasicStmnt CovItemId="S40" CovItemPrefix="com.Testing.BoardTest.java" Intrnl_Id="133">
<LocList>
<Loc EndOffset="2901" SrcFileId="1" StartOffset="2861"/>
</LocList>
</BasicStmnt>
<BasicStmnt CovItemId="S41" CovItemPrefix="com.Testing.BoardTest.java" Intrnl_Id="134">
<LocList>
<Loc EndOffset="2946" SrcFileId="1" StartOffset="2905"/>
</LocList>
</BasicStmnt>
<BasicStmnt CovItemId="S42" CovItemPrefix="com.Testing.BoardTest.java" Intrnl_Id="135">
<LocList>
<Loc EndOffset="2975" SrcFileId="1" StartOffset="2952"/>
</LocList>
</BasicStmnt>
<BasicStmnt CovItemId="S43" CovItemPrefix="com.Testing.BoardTest.java" Intrnl_Id="136">
<LocList>
<Loc EndOffset="3106" SrcFileId="1" StartOffset="3066"/>
</LocList>
</BasicStmnt>
<BasicStmnt CovItemId="S44" CovItemPrefix="com.Testing.BoardTest.java" Intrnl_Id="137">
<LocList>
<Loc EndOffset="3151" SrcFileId="1" StartOffset="3110"/>
</LocList>
</BasicStmnt>
<BasicStmnt CovItemId="S45" CovItemPrefix="com.Testing.BoardTest.java" Intrnl_Id="138">
<LocList>
<Loc EndOffset="3183" SrcFileId="1" StartOffset="3159"/>
</LocList>
</BasicStmnt>
<BasicStmnt CovItemId="S46" CovItemPrefix="com.Testing.BoardTest.java" Intrnl_Id="139">
<LocList>
<Loc EndOffset="3314" SrcFileId="1" StartOffset="3274"/>
</LocList>
</BasicStmnt>
<BasicStmnt CovItemId="S47" CovItemPrefix="com.Testing.BoardTest.java" Intrnl_Id="140">
<LocList>
<Loc EndOffset="3359" SrcFileId="1" StartOffset="3318"/>
</LocList>
</BasicStmnt>
<BasicStmnt CovItemId="S48" CovItemPrefix="com.Testing.BoardTest.java" Intrnl_Id="141">
<LocList>
<Loc EndOffset="3380" SrcFileId="1" StartOffset="3367"/>
</LocList>
</BasicStmnt>
<BasicStmnt CovItemId="S49" CovItemPrefix="com.Testing.BoardTest.java" Intrnl_Id="142">
<LocList>
<Loc EndOffset="3578" SrcFileId="1" StartOffset="3519"/>
</LocList>
</BasicStmnt>
<BasicStmnt CovItemId="S50" CovItemPrefix="com.Testing.BoardTest.java" Intrnl_Id="143">
<LocList>
<Loc EndOffset="3641" SrcFileId="1" StartOffset="3582"/>
</LocList>
</BasicStmnt>
<BasicStmnt CovItemId="S51" CovItemPrefix="com.Testing.BoardTest.java" Intrnl_Id="144">
<LocList>
<Loc EndOffset="3689" SrcFileId="1" StartOffset="3649"/>
</LocList>
</BasicStmnt>
<BasicStmnt CovItemId="S52" CovItemPrefix="com.Testing.BoardTest.java" Intrnl_Id="145">
<LocList>
<Loc EndOffset="3737" SrcFileId="1" StartOffset="3693"/>
</LocList>
</BasicStmnt>
<BasicStmnt CovItemId="S53" CovItemPrefix="com.Testing.BoardTest.java" Intrnl_Id="146">
<LocList>
<Loc EndOffset="3758" SrcFileId="1" StartOffset="3745"/>
</LocList>
</BasicStmnt>
<BasicStmnt CovItemId="S54" CovItemPrefix="com.Testing.BoardTest.java" Intrnl_Id="147">
<LocList>
<Loc EndOffset="3955" SrcFileId="1" StartOffset="3896"/>
</LocList>
</BasicStmnt>
<BasicStmnt CovItemId="S55" CovItemPrefix="com.Testing.BoardTest.java" Intrnl_Id="148">
<LocList>
<Loc EndOffset="4018" SrcFileId="1" StartOffset="3959"/>
</LocList>
</BasicStmnt>
<BasicStmnt CovItemId="S56" CovItemPrefix="com.Testing.BoardTest.java" Intrnl_Id="149">
<LocList>
<Loc EndOffset="4067" SrcFileId="1" StartOffset="4026"/>
</LocList>
</BasicStmnt>
<BasicStmnt CovItemId="S57" CovItemPrefix="com.Testing.BoardTest.java" Intrnl_Id="150">
<LocList>
<Loc EndOffset="4114" SrcFileId="1" StartOffset="4071"/>
</LocList>
</BasicStmnt>
<BasicStmnt CovItemId="S58" CovItemPrefix="com.Testing.BoardTest.java" Intrnl_Id="151">
<LocList>
<Loc EndOffset="4135" SrcFileId="1" StartOffset="4122"/>
</LocList>
</BasicStmnt>
</StmntSeq>
</HierarchyLvl>
<HierarchyLvl HierarchyLvlId="26" HierarchyLvlTypeId="5" Intrnl_Id="152" Name="testCheckForGameHasEnded">
<Header>
<Loc EndOffset="4231" SrcFileId="1" StartOffset="4144"/>
</Header>
<LocList>
<Loc EndOffset="5247" SrcFileId="1" StartOffset="4144"/>
</LocList>
<StmntSeq Intrnl_Id="153">
<LocList>
<Loc EndOffset="4341" SrcFileId="1" StartOffset="4296"/>
<Loc EndOffset="4391" SrcFileId="1" StartOffset="4345"/>
<Loc EndOffset="4422" SrcFileId="1" StartOffset="4399"/>
<Loc EndOffset="4474" SrcFileId="1" StartOffset="4430"/>
<Loc EndOffset="4523" SrcFileId="1" StartOffset="4478"/>
<Loc EndOffset="4555" SrcFileId="1" StartOffset="4531"/>
<Loc EndOffset="4607" SrcFileId="1" StartOffset="4563"/>
<Loc EndOffset="4656" SrcFileId="1" StartOffset="4611"/>
<Loc EndOffset="4677" SrcFileId="1" StartOffset="4664"/>
<Loc EndOffset="4774" SrcFileId="1" StartOffset="4715"/>
<Loc EndOffset="4837" SrcFileId="1" StartOffset="4778"/>
<Loc EndOffset="4889" SrcFileId="1" StartOffset="4845"/>
<Loc EndOffset="4939" SrcFileId="1" StartOffset="4893"/>
<Loc EndOffset="4960" SrcFileId="1" StartOffset="4947"/>
<Loc EndOffset="5057" SrcFileId="1" StartOffset="4998"/>
<Loc EndOffset="5120" SrcFileId="1" StartOffset="5061"/>
<Loc EndOffset="5173" SrcFileId="1" StartOffset="5128"/>
<Loc EndOffset="5222" SrcFileId="1" StartOffset="5177"/>
<Loc EndOffset="5243" SrcFileId="1" StartOffset="5230"/>
</LocList>
<BasicStmnt CovItemId="S59" CovItemPrefix="com.Testing.BoardTest.java" Intrnl_Id="154">
<LocList>
<Loc EndOffset="4341" SrcFileId="1" StartOffset="4296"/>
</LocList>
</BasicStmnt>
<BasicStmnt CovItemId="S60" CovItemPrefix="com.Testing.BoardTest.java" Intrnl_Id="155">
<LocList>
<Loc EndOffset="4391" SrcFileId="1" StartOffset="4345"/>
</LocList>
</BasicStmnt>
<BasicStmnt CovItemId="S61" CovItemPrefix="com.Testing.BoardTest.java" Intrnl_Id="156">
<LocList>
<Loc EndOffset="4422" SrcFileId="1" StartOffset="4399"/>
</LocList>
</BasicStmnt>
<BasicStmnt CovItemId="S62" CovItemPrefix="com.Testing.BoardTest.java" Intrnl_Id="157">
<LocList>
<Loc EndOffset="4474" SrcFileId="1" StartOffset="4430"/>
</LocList>
</BasicStmnt>
<BasicStmnt CovItemId="S63" CovItemPrefix="com.Testing.BoardTest.java" Intrnl_Id="158">
<LocList>
<Loc EndOffset="4523" SrcFileId="1" StartOffset="4478"/>
</LocList>
</BasicStmnt>
<BasicStmnt CovItemId="S64" CovItemPrefix="com.Testing.BoardTest.java" Intrnl_Id="159">
<LocList>
<Loc EndOffset="4555" SrcFileId="1" StartOffset="4531"/>
</LocList>
</BasicStmnt>
<BasicStmnt CovItemId="S65" CovItemPrefix="com.Testing.BoardTest.java" Intrnl_Id="160">
<LocList>
<Loc EndOffset="4607" SrcFileId="1" StartOffset="4563"/>
</LocList>
</BasicStmnt>
<BasicStmnt CovItemId="S66" CovItemPrefix="com.Testing.BoardTest.java" Intrnl_Id="161">
<LocList>
<Loc EndOffset="4656" SrcFileId="1" StartOffset="4611"/>
</LocList>
</BasicStmnt>
<BasicStmnt CovItemId="S67" CovItemPrefix="com.Testing.BoardTest.java" Intrnl_Id="162">
<LocList>
<Loc EndOffset="4677" SrcFileId="1" StartOffset="4664"/>
</LocList>
</BasicStmnt>
<BasicStmnt CovItemId="S68" CovItemPrefix="com.Testing.BoardTest.java" Intrnl_Id="163">
<LocList>
<Loc EndOffset="4774" SrcFileId="1" StartOffset="4715"/>
</LocList>
</BasicStmnt>
<BasicStmnt CovItemId="S69" CovItemPrefix="com.Testing.BoardTest.java" Intrnl_Id="164">
<LocList>
<Loc EndOffset="4837" SrcFileId="1" StartOffset="4778"/>
</LocList>
</BasicStmnt>
<BasicStmnt CovItemId="S70" CovItemPrefix="com.Testing.BoardTest.java" Intrnl_Id="165">
<LocList>
<Loc EndOffset="4889" SrcFileId="1" StartOffset="4845"/>
</LocList>
</BasicStmnt>
<BasicStmnt CovItemId="S71" CovItemPrefix="com.Testing.BoardTest.java" Intrnl_Id="166">
<LocList>
<Loc EndOffset="4939" SrcFileId="1" StartOffset="4893"/>
</LocList>
</BasicStmnt>
<BasicStmnt CovItemId="S72" CovItemPrefix="com.Testing.BoardTest.java" Intrnl_Id="167">
<LocList>
<Loc EndOffset="4960" SrcFileId="1" StartOffset="4947"/>
</LocList>
</BasicStmnt>
<BasicStmnt CovItemId="S73" CovItemPrefix="com.Testing.BoardTest.java" Intrnl_Id="168">
<LocList>
<Loc EndOffset="5057" SrcFileId="1" StartOffset="4998"/>
</LocList>
</BasicStmnt>
<BasicStmnt CovItemId="S74" CovItemPrefix="com.Testing.BoardTest.java" Intrnl_Id="169">
<LocList>
<Loc EndOffset="5120" SrcFileId="1" StartOffset="5061"/>
</LocList>
</BasicStmnt>
<BasicStmnt CovItemId="S75" CovItemPrefix="com.Testing.BoardTest.java" Intrnl_Id="170">
<LocList>
<Loc EndOffset="5173" SrcFileId="1" StartOffset="5128"/>
</LocList>
</BasicStmnt>
<BasicStmnt CovItemId="S76" CovItemPrefix="com.Testing.BoardTest.java" Intrnl_Id="171">
<LocList>
<Loc EndOffset="5222" SrcFileId="1" StartOffset="5177"/>
</LocList>
</BasicStmnt>
<BasicStmnt CovItemId="S77" CovItemPrefix="com.Testing.BoardTest.java" Intrnl_Id="172">
<LocList>
<Loc EndOffset="5243" SrcFileId="1" StartOffset="5230"/>
</LocList>
</BasicStmnt>
</StmntSeq>
</HierarchyLvl>
<HierarchyLvl HierarchyLvlId="27" HierarchyLvlTypeId="5" Intrnl_Id="173" Name="testAnalyzeBoard">
<Header>
<Loc EndOffset="5357" SrcFileId="1" StartOffset="5253"/>
</Header>
<LocList>
<Loc EndOffset="6052" SrcFileId="1" StartOffset="5253"/>
</LocList>
<StmntSeq Intrnl_Id="174">
<LocList>
<Loc EndOffset="5392" SrcFileId="1" StartOffset="5362"/>
<Loc EndOffset="5484" SrcFileId="1" StartOffset="5452"/>
<Loc EndOffset="5587" SrcFileId="1" StartOffset="5527"/>
<Loc EndOffset="5650" SrcFileId="1" StartOffset="5591"/>
<Loc EndOffset="5751" SrcFileId="1" StartOffset="5731"/>
<Loc EndOffset="5993" SrcFileId="1" StartOffset="5721"/>
<Loc EndOffset="6027" SrcFileId="1" StartOffset="6001"/>
<Loc EndOffset="6048" SrcFileId="1" StartOffset="6035"/>
</LocList>
<BasicStmnt CovItemId="S78" CovItemPrefix="com.Testing.BoardTest.java" Intrnl_Id="175">
<LocList>
<Loc EndOffset="5392" SrcFileId="1" StartOffset="5362"/>
</LocList>
</BasicStmnt>
<BasicStmnt CovItemId="S79" CovItemPrefix="com.Testing.BoardTest.java" Intrnl_Id="176">
<LocList>
<Loc EndOffset="5484" SrcFileId="1" StartOffset="5452"/>
</LocList>
</BasicStmnt>
<BasicStmnt CovItemId="S80" CovItemPrefix="com.Testing.BoardTest.java" Intrnl_Id="177">
<LocList>
<Loc EndOffset="5587" SrcFileId="1" StartOffset="5527"/>
</LocList>
</BasicStmnt>
<BasicStmnt CovItemId="S81" CovItemPrefix="com.Testing.BoardTest.java" Intrnl_Id="178">
<LocList>
<Loc EndOffset="5650" SrcFileId="1" StartOffset="5591"/>
</LocList>
</BasicStmnt>
<BasicStmnt CovItemId="S83" CovItemPrefix="com.Testing.BoardTest.java" Intrnl_Id="179">
<LocList>
<Loc EndOffset="5751" SrcFileId="1" StartOffset="5731"/>
</LocList>
</BasicStmnt>
<CondStmnt CovItemId="S82" CovItemPrefix="com.Testing.BoardTest.java" Intrnl_Id="180">
<Branch CovItemId="B21" CovItemPrefix="com.Testing.BoardTest.java" Implct="true" Intrnl_Id="181">
<Cond/>
<LocList/>
<StmntSeq Intrnl_Id="182">
<LocList/>
</StmntSeq>
</Branch>
<Branch CovItemId="B22" CovItemPrefix="com.Testing.BoardTest.java" Implct="false" Intrnl_Id="183">
<Cond>
<Loc EndOffset="5781" SrcFileId="1" StartOffset="5760"/>
</Cond>
<LocList>
<Loc EndOffset="5814" SrcFileId="1" StartOffset="5782"/>
</LocList>
<StmntSeq Intrnl_Id="184">
<LocList>
<Loc EndOffset="5809" SrcFileId="1" StartOffset="5788"/>
</LocList>
<BasicStmnt CovItemId="S84" CovItemPrefix="com.Testing.BoardTest.java" Intrnl_Id="185">
<LocList>
<Loc EndOffset="5809" SrcFileId="1" StartOffset="5788"/>
</LocList>
</BasicStmnt>
</StmntSeq>
</Branch>
<Branch CovItemId="B23" CovItemPrefix="com.Testing.BoardTest.java" Implct="false" Intrnl_Id="186">
<Cond>
<Loc EndOffset="5838" SrcFileId="1" StartOffset="5818"/>
</Cond>
<LocList>
<Loc EndOffset="5870" SrcFileId="1" StartOffset="5838"/>
</LocList>
<StmntSeq Intrnl_Id="187">
<LocList>
<Loc EndOffset="5865" SrcFileId="1" StartOffset="5844"/>
</LocList>
<BasicStmnt CovItemId="S85" CovItemPrefix="com.Testing.BoardTest.java" Intrnl_Id="188">
<LocList>
<Loc EndOffset="5865" SrcFileId="1" StartOffset="5844"/>
</LocList>
</BasicStmnt>
</StmntSeq>
</Branch>
<Branch CovItemId="B24" CovItemPrefix="com.Testing.BoardTest.java" Implct="false" Intrnl_Id="189">
<Cond>
<Loc EndOffset="5904" SrcFileId="1" StartOffset="5874"/>
</Cond>
<LocList>
<Loc EndOffset="5936" SrcFileId="1" StartOffset="5904"/>
</LocList>
<StmntSeq Intrnl_Id="190">
<LocList>
<Loc EndOffset="5931" SrcFileId="1" StartOffset="5910"/>
</LocList>
<BasicStmnt CovItemId="S86" CovItemPrefix="com.Testing.BoardTest.java" Intrnl_Id="191">
<LocList>
<Loc EndOffset="5931" SrcFileId="1" StartOffset="5910"/>
</LocList>
</BasicStmnt>
</StmntSeq>
</Branch>
<Branch CovItemId="B25" CovItemPrefix="com.Testing.BoardTest.java" Implct="false" Intrnl_Id="192">
<Cond>
<Loc EndOffset="5961" SrcFileId="1" StartOffset="5940"/>
</Cond>
<LocList>
<Loc EndOffset="5993" SrcFileId="1" StartOffset="5961"/>
</LocList>
<StmntSeq Intrnl_Id="193">
<LocList>
<Loc EndOffset="5988" SrcFileId="1" StartOffset="5967"/>
</LocList>
<BasicStmnt CovItemId="S87" CovItemPrefix="com.Testing.BoardTest.java" Intrnl_Id="194">
<LocList>
<Loc EndOffset="5988" SrcFileId="1" StartOffset="5967"/>
</LocList>
</BasicStmnt>
</StmntSeq>
</Branch>
<Keyword EndOffset="5724" SrcFileId="1" StartOffset="5721"/>
<LocList>
<Loc EndOffset="5993" SrcFileId="1" StartOffset="5721"/>
</LocList>
</CondStmnt>
<BasicStmnt CovItemId="S88" CovItemPrefix="com.Testing.BoardTest.java" Intrnl_Id="195">
<LocList>
<Loc EndOffset="6027" SrcFileId="1" StartOffset="6001"/>
</LocList>
</BasicStmnt>
<BasicStmnt CovItemId="S89" CovItemPrefix="com.Testing.BoardTest.java" Intrnl_Id="196">
<LocList>
<Loc EndOffset="6048" SrcFileId="1" StartOffset="6035"/>
</LocList>
</BasicStmnt>
</StmntSeq>
</HierarchyLvl>
<HierarchyLvl HierarchyLvlId="28" HierarchyLvlTypeId="5" Intrnl_Id="197" Name="produceField">
<Header>
<Loc EndOffset="6119" SrcFileId="1" StartOffset="6079"/>
</Header>
<LocList>
<Loc EndOffset="6232" SrcFileId="1" StartOffset="6079"/>
</LocList>
<StmntSeq Intrnl_Id="198">
<LocList>
<Loc EndOffset="6149" SrcFileId="1" StartOffset="6124"/>
<Loc EndOffset="6164" SrcFileId="1" StartOffset="6153"/>
<Loc EndOffset="6179" SrcFileId="1" StartOffset="6168"/>
<Loc EndOffset="6208" SrcFileId="1" StartOffset="6183"/>
<Loc EndOffset="6228" SrcFileId="1" StartOffset="6216"/>
</LocList>
<BasicStmnt CovItemId="S90" CovItemPrefix="com.Testing.BoardTest.java" Intrnl_Id="199">
<LocList>
<Loc EndOffset="6149" SrcFileId="1" StartOffset="6124"/>
</LocList>
</BasicStmnt>
<BasicStmnt CovItemId="S91" CovItemPrefix="com.Testing.BoardTest.java" Intrnl_Id="200">
<LocList>
<Loc EndOffset="6164" SrcFileId="1" StartOffset="6153"/>
</LocList>
</BasicStmnt>
<BasicStmnt CovItemId="S92" CovItemPrefix="com.Testing.BoardTest.java" Intrnl_Id="201">
<LocList>
<Loc EndOffset="6179" SrcFileId="1" StartOffset="6168"/>
</LocList>
</BasicStmnt>
<BasicStmnt CovItemId="S93" CovItemPrefix="com.Testing.BoardTest.java" Intrnl_Id="202">
<LocList>
<Loc EndOffset="6208" SrcFileId="1" StartOffset="6183"/>
</LocList>
</BasicStmnt>
<BasicStmnt CovItemId="S94" CovItemPrefix="com.Testing.BoardTest.java" Intrnl_Id="203">
<LocList>
<Loc EndOffset="6228" SrcFileId="1" StartOffset="6216"/>
</LocList>
</BasicStmnt>
</StmntSeq>
</HierarchyLvl>
<HierarchyLvl HierarchyLvlId="29" HierarchyLvlTypeId="5" Intrnl_Id="204" Name="testMovePiece">
<Header>
<Loc EndOffset="6303" SrcFileId="1" StartOffset="6237"/>
</Header>
<LocList>
<Loc EndOffset="6713" SrcFileId="1" StartOffset="6237"/>
</LocList>
<StmntSeq Intrnl_Id="205">
<LocList>
<Loc EndOffset="6359" SrcFileId="1" StartOffset="6309"/>
<Loc EndOffset="6474" SrcFileId="1" StartOffset="6419"/>
<Loc EndOffset="6537" SrcFileId="1" StartOffset="6480"/>
<Loc EndOffset="6590" SrcFileId="1" StartOffset="6541"/>
<Loc EndOffset="6652" SrcFileId="1" StartOffset="6598"/>
<Loc EndOffset="6709" SrcFileId="1" StartOffset="6660"/>
</LocList>
<BasicStmnt CovItemId="S95" CovItemPrefix="com.Testing.BoardTest.java" Intrnl_Id="206">
<LocList>
<Loc EndOffset="6359" SrcFileId="1" StartOffset="6309"/>
</LocList>
</BasicStmnt>
<BasicStmnt CovItemId="S96" CovItemPrefix="com.Testing.BoardTest.java" Intrnl_Id="207">
<LocList>
<Loc EndOffset="6474" SrcFileId="1" StartOffset="6419"/>
</LocList>
</BasicStmnt>
<BasicStmnt CovItemId="S97" CovItemPrefix="com.Testing.BoardTest.java" Intrnl_Id="208">
<LocList>
<Loc EndOffset="6537" SrcFileId="1" StartOffset="6480"/>
</LocList>
</BasicStmnt>
<BasicStmnt CovItemId="S98" CovItemPrefix="com.Testing.BoardTest.java" Intrnl_Id="209">
<LocList>
<Loc EndOffset="6590" SrcFileId="1" StartOffset="6541"/>
</LocList>
</BasicStmnt>
<BasicStmnt CovItemId="S99" CovItemPrefix="com.Testing.BoardTest.java" Intrnl_Id="210">
<LocList>
<Loc EndOffset="6652" SrcFileId="1" StartOffset="6598"/>
</LocList>
</BasicStmnt>
<BasicStmnt CovItemId="S100" CovItemPrefix="com.Testing.BoardTest.java" Intrnl_Id="211">
<LocList>
<Loc EndOffset="6709" SrcFileId="1" StartOffset="6660"/>
</LocList>
</BasicStmnt>
</StmntSeq>
</HierarchyLvl>
<HierarchyLvl HierarchyLvlId="30" HierarchyLvlTypeId="5" Intrnl_Id="212" Name="testFieldOccupied">
<Header>
<Loc EndOffset="6757" SrcFileId="1" StartOffset="6718"/>
</Header>
<LocList>
<Loc EndOffset="7000" SrcFileId="1" StartOffset="6718"/>
</LocList>
<StmntSeq Intrnl_Id="213">
<LocList>
<Loc EndOffset="6913" SrcFileId="1" StartOffset="6876"/>
<Loc EndOffset="6955" SrcFileId="1" StartOffset="6917"/>
<Loc EndOffset="6996" SrcFileId="1" StartOffset="6959"/>
</LocList>
<BasicStmnt CovItemId="S101" CovItemPrefix="com.Testing.BoardTest.java" Intrnl_Id="214">
<LocList>
<Loc EndOffset="6913" SrcFileId="1" StartOffset="6876"/>
</LocList>
</BasicStmnt>
<BasicStmnt CovItemId="S102" CovItemPrefix="com.Testing.BoardTest.java" Intrnl_Id="215">
<LocList>
<Loc EndOffset="6955" SrcFileId="1" StartOffset="6917"/>
</LocList>
</BasicStmnt>
<BasicStmnt CovItemId="S103" CovItemPrefix="com.Testing.BoardTest.java" Intrnl_Id="216">
<LocList>
<Loc EndOffset="6996" SrcFileId="1" StartOffset="6959"/>
</LocList>
</BasicStmnt>
</StmntSeq>
</HierarchyLvl>
<HierarchyLvl HierarchyLvlId="31" HierarchyLvlTypeId="5" Intrnl_Id="217" Name="produceList">
<Header>
<Loc EndOffset="7157" SrcFileId="1" StartOffset="7098"/>
</Header>
<LocList>
<Loc EndOffset="7621" SrcFileId="1" StartOffset="7098"/>
</LocList>
<StmntSeq Intrnl_Id="218">
<LocList>
<Loc EndOffset="7206" SrcFileId="1" StartOffset="7162"/>
<Loc EndOffset="7595" SrcFileId="1" StartOffset="7214"/>
<Loc EndOffset="7617" SrcFileId="1" StartOffset="7603"/>
</LocList>
<BasicStmnt CovItemId="S104" CovItemPrefix="com.Testing.BoardTest.java" Intrnl_Id="219">
<LocList>
<Loc EndOffset="7206" SrcFileId="1" StartOffset="7162"/>
</LocList>
</BasicStmnt>
<CondStmnt CovItemId="S105" CovItemPrefix="com.Testing.BoardTest.java" Intrnl_Id="220">
<Branch CovItemId="B26" CovItemPrefix="com.Testing.BoardTest.java" Implct="false" Intrnl_Id="221">
<Cond/>
<LocList>
<Loc EndOffset="7595" SrcFileId="1" StartOffset="7268"/>
</LocList>
<StmntSeq Intrnl_Id="222">
<LocList>
<Loc EndOffset="7590" SrcFileId="1" StartOffset="7274"/>
</LocList>
<CondStmnt CovItemId="S106" CovItemPrefix="com.Testing.BoardTest.java" Intrnl_Id="223">
<Branch CovItemId="B28" CovItemPrefix="com.Testing.BoardTest.java" Implct="false" Intrnl_Id="224">
<Cond/>
<LocList>
<Loc EndOffset="7358" SrcFileId="1" StartOffset="7290"/>
</LocList>
<StmntSeq Intrnl_Id="225">
<LocList>
<Loc EndOffset="7352" SrcFileId="1" StartOffset="7297"/>
</LocList>
<BasicStmnt CovItemId="S107" CovItemPrefix="com.Testing.BoardTest.java" Intrnl_Id="226">
<LocList>
<Loc EndOffset="7352" SrcFileId="1" StartOffset="7297"/>
</LocList>
</BasicStmnt>
</StmntSeq>
</Branch>
<Branch CovItemId="B29" CovItemPrefix="com.Testing.BoardTest.java" Implct="false" Intrnl_Id="227">
<Cond>
<Loc EndOffset="7367" SrcFileId="1" StartOffset="7363"/>
</Cond>
<LocList>
<Loc EndOffset="7590" SrcFileId="1" StartOffset="7368"/>
</LocList>
<StmntSeq Intrnl_Id="228">
<LocList>
<Loc EndOffset="7590" SrcFileId="1" StartOffset="7368"/>
</LocList>
<CondStmnt CovItemId="S108" CovItemPrefix="com.Testing.BoardTest.java" Intrnl_Id="229">
<Branch CovItemId="B30" CovItemPrefix="com.Testing.BoardTest.java" Implct="false" Intrnl_Id="230">
<Cond/>
<LocList>
<Loc EndOffset="7452" SrcFileId="1" StartOffset="7384"/>
</LocList>
<StmntSeq Intrnl_Id="231">
<LocList>
<Loc EndOffset="7446" SrcFileId="1" StartOffset="7391"/>
</LocList>
<BasicStmnt CovItemId="S109" CovItemPrefix="com.Testing.BoardTest.java" Intrnl_Id="232">
<LocList>
<Loc EndOffset="7446" SrcFileId="1" StartOffset="7391"/>
</LocList>
</BasicStmnt>
</StmntSeq>
</Branch>
<Branch CovItemId="B31" CovItemPrefix="com.Testing.BoardTest.java" Implct="false" Intrnl_Id="233">
<Cond>
<Loc EndOffset="7461" SrcFileId="1" StartOffset="7457"/>
</Cond>
<LocList>
<Loc EndOffset="7590" SrcFileId="1" StartOffset="7461"/>
</LocList>
<StmntSeq Intrnl_Id="234">
<LocList>
<Loc EndOffset="7523" SrcFileId="1" StartOffset="7468"/>
<Loc EndOffset="7584" SrcFileId="1" StartOffset="7529"/>
</LocList>
<BasicStmnt CovItemId="S110" CovItemPrefix="com.Testing.BoardTest.java" Intrnl_Id="235">
<LocList>
<Loc EndOffset="7523" SrcFileId="1" StartOffset="7468"/>
</LocList>
</BasicStmnt>
<BasicStmnt CovItemId="S111" CovItemPrefix="com.Testing.BoardTest.java" Intrnl_Id="236">
<LocList>
<Loc EndOffset="7584" SrcFileId="1" StartOffset="7529"/>
</LocList>
</BasicStmnt>
</StmntSeq>
</Branch>
<Keyword EndOffset="7370" SrcFileId="1" StartOffset="7368"/>
<LocList>
<Loc EndOffset="7590" SrcFileId="1" StartOffset="7368"/>
</LocList>
<RootTerm CovItemId="C15" CovItemPrefix="com.Testing.BoardTest.java" Intrnl_Id="237">
<BasicBoolTerm Intrnl_Id="238">
<LocList>
<Loc EndOffset="7383" SrcFileId="1" StartOffset="7371"/>
</LocList>
</BasicBoolTerm>
</RootTerm>
</CondStmnt>
</StmntSeq>
</Branch>
<Keyword EndOffset="7276" SrcFileId="1" StartOffset="7274"/>
<LocList>
<Loc EndOffset="7590" SrcFileId="1" StartOffset="7274"/>
</LocList>
<RootTerm CovItemId="C14" CovItemPrefix="com.Testing.BoardTest.java" Intrnl_Id="239">
<BasicBoolTerm Intrnl_Id="240">
<LocList>
<Loc EndOffset="7289" SrcFileId="1" StartOffset="7277"/>
</LocList>
</BasicBoolTerm>
</RootTerm>
</CondStmnt>
</StmntSeq>
</Branch>
<Branch CovItemId="B27" CovItemPrefix="com.Testing.BoardTest.java" Implct="true" Intrnl_Id="241">
<Cond/>
<LocList/>
<StmntSeq Intrnl_Id="242">
<LocList/>
</StmntSeq>
</Branch>
<Keyword EndOffset="7216" SrcFileId="1" StartOffset="7214"/>
<LocList>
<Loc EndOffset="7595" SrcFileId="1" StartOffset="7214"/>
</LocList>
<RootTerm CovItemId="C13" CovItemPrefix="com.Testing.BoardTest.java" Intrnl_Id="243">
<OpTerm BooleanOpId="2" Intrnl_Id="244">
<BasicBoolTerm Intrnl_Id="245">
<LocList>
<Loc EndOffset="7240" SrcFileId="1" StartOffset="7217"/>
</LocList>
</BasicBoolTerm>
<BasicBoolTerm Intrnl_Id="246">
<LocList>
<Loc EndOffset="7267" SrcFileId="1" StartOffset="7244"/>
</LocList>
</BasicBoolTerm>
<LocList>
<Loc EndOffset="7243" SrcFileId="1" StartOffset="7241"/>
</LocList>
</OpTerm>
</RootTerm>
</CondStmnt>
<BasicStmnt CovItemId="S112" CovItemPrefix="com.Testing.BoardTest.java" Intrnl_Id="247">
<LocList>
<Loc EndOffset="7617" SrcFileId="1" StartOffset="7603"/>
</LocList>
</BasicStmnt>
</StmntSeq>
</HierarchyLvl>
<HierarchyLvl HierarchyLvlId="32" HierarchyLvlTypeId="5" Intrnl_Id="248" Name="testCheckMoveable">
<Header>
<Loc EndOffset="7708" SrcFileId="1" StartOffset="7628"/>
</Header>
<LocList>
<Loc EndOffset="8351" SrcFileId="1" StartOffset="7628"/>
</LocList>
<StmntSeq Intrnl_Id="249">
<LocList>
<Loc EndOffset="7855" SrcFileId="1" StartOffset="7797"/>
<Loc EndOffset="7929" SrcFileId="1" StartOffset="7863"/>
<Loc EndOffset="7991" SrcFileId="1" StartOffset="7937"/>
<Loc EndOffset="8065" SrcFileId="1" StartOffset="7999"/>
<Loc EndOffset="8118" SrcFileId="1" StartOffset="8073"/>
<Loc EndOffset="8191" SrcFileId="1" StartOffset="8126"/>
<Loc EndOffset="8253" SrcFileId="1" StartOffset="8199"/>
<Loc EndOffset="8326" SrcFileId="1" StartOffset="8261"/>
<Loc EndOffset="8347" SrcFileId="1" StartOffset="8334"/>
</LocList>
<BasicStmnt CovItemId="S113" CovItemPrefix="com.Testing.BoardTest.java" Intrnl_Id="250">
<LocList>
<Loc EndOffset="7855" SrcFileId="1" StartOffset="7797"/>
</LocList>
</BasicStmnt>
<BasicStmnt CovItemId="S114" CovItemPrefix="com.Testing.BoardTest.java" Intrnl_Id="251">
<LocList>
<Loc EndOffset="7929" SrcFileId="1" StartOffset="7863"/>
</LocList>
</BasicStmnt>
<BasicStmnt CovItemId="S115" CovItemPrefix="com.Testing.BoardTest.java" Intrnl_Id="252">
<LocList>
<Loc EndOffset="7991" SrcFileId="1" StartOffset="7937"/>
</LocList>
</BasicStmnt>
<BasicStmnt CovItemId="S116" CovItemPrefix="com.Testing.BoardTest.java" Intrnl_Id="253">
<LocList>
<Loc EndOffset="8065" SrcFileId="1" StartOffset="7999"/>
</LocList>
</BasicStmnt>
<BasicStmnt CovItemId="S117" CovItemPrefix="com.Testing.BoardTest.java" Intrnl_Id="254">
<LocList>
<Loc EndOffset="8118" SrcFileId="1" StartOffset="8073"/>
</LocList>
</BasicStmnt>
<BasicStmnt CovItemId="S118" CovItemPrefix="com.Testing.BoardTest.java" Intrnl_Id="255">
<LocList>
<Loc EndOffset="8191" SrcFileId="1" StartOffset="8126"/>
</LocList>
</BasicStmnt>
<BasicStmnt CovItemId="S119" CovItemPrefix="com.Testing.BoardTest.java" Intrnl_Id="256">
<LocList>
<Loc EndOffset="8253" SrcFileId="1" StartOffset="8199"/>
</LocList>
</BasicStmnt>
<BasicStmnt CovItemId="S120" CovItemPrefix="com.Testing.BoardTest.java" Intrnl_Id="257">
<LocList>
<Loc EndOffset="8326" SrcFileId="1" StartOffset="8261"/>
</LocList>
</BasicStmnt>
<BasicStmnt CovItemId="S121" CovItemPrefix="com.Testing.BoardTest.java" Intrnl_Id="258">
<LocList>
<Loc EndOffset="8347" SrcFileId="1" StartOffset="8334"/>
</LocList>
</BasicStmnt>
</StmntSeq>
</HierarchyLvl>
<HierarchyLvl HierarchyLvlId="33" HierarchyLvlTypeId="5" Intrnl_Id="259" Name="producePiece">
<Header>
<Loc EndOffset="8446" SrcFileId="1" StartOffset="8391"/>
</Header>
<LocList>
<Loc EndOffset="8603" SrcFileId="1" StartOffset="8391"/>
</LocList>
<StmntSeq Intrnl_Id="260">
<LocList>
<Loc EndOffset="8476" SrcFileId="1" StartOffset="8451"/>
<Loc EndOffset="8499" SrcFileId="1" StartOffset="8480"/>
<Loc EndOffset="8579" SrcFileId="1" StartOffset="8507"/>
<Loc EndOffset="8599" SrcFileId="1" StartOffset="8587"/>
</LocList>
<BasicStmnt CovItemId="S122" CovItemPrefix="com.Testing.BoardTest.java" Intrnl_Id="261">
<LocList>
<Loc EndOffset="8476" SrcFileId="1" StartOffset="8451"/>
</LocList>
</BasicStmnt>
<BasicStmnt CovItemId="S123" CovItemPrefix="com.Testing.BoardTest.java" Intrnl_Id="262">
<LocList>
<Loc EndOffset="8499" SrcFileId="1" StartOffset="8480"/>
</LocList>
</BasicStmnt>
<CondStmnt CovItemId="S124" CovItemPrefix="com.Testing.BoardTest.java" Intrnl_Id="263">
<Branch CovItemId="B32" CovItemPrefix="com.Testing.BoardTest.java" Implct="false" Intrnl_Id="264">
<Cond/>
<LocList>
<Loc EndOffset="8579" SrcFileId="1" StartOffset="8518"/>
</LocList>
<StmntSeq Intrnl_Id="265">
<LocList>
<Loc EndOffset="8547" SrcFileId="1" StartOffset="8524"/>
<Loc EndOffset="8574" SrcFileId="1" StartOffset="8552"/>
</LocList>
<BasicStmnt CovItemId="S125" CovItemPrefix="com.Testing.BoardTest.java" Intrnl_Id="266">
<LocList>
<Loc EndOffset="8547" SrcFileId="1" StartOffset="8524"/>
</LocList>
</BasicStmnt>
<BasicStmnt CovItemId="S126" CovItemPrefix="com.Testing.BoardTest.java" Intrnl_Id="267">
<LocList>
<Loc EndOffset="8574" SrcFileId="1" StartOffset="8552"/>
</LocList>
</BasicStmnt>
</StmntSeq>
</Branch>
<Branch CovItemId="B33" CovItemPrefix="com.Testing.BoardTest.java" Implct="true" Intrnl_Id="268">
<Cond/>
<LocList/>
<StmntSeq Intrnl_Id="269">
<LocList/>
</StmntSeq>
</Branch>
<Keyword EndOffset="8509" SrcFileId="1" StartOffset="8507"/>
<LocList>
<Loc EndOffset="8579" SrcFileId="1" StartOffset="8507"/>
</LocList>
<RootTerm CovItemId="C16" CovItemPrefix="com.Testing.BoardTest.java" Intrnl_Id="270">
<BasicBoolTerm Intrnl_Id="271">
<LocList>
<Loc EndOffset="8517" SrcFileId="1" StartOffset="8510"/>
</LocList>
</BasicBoolTerm>
</RootTerm>
</CondStmnt>
<BasicStmnt CovItemId="S127" CovItemPrefix="com.Testing.BoardTest.java" Intrnl_Id="272">
<LocList>
<Loc EndOffset="8599" SrcFileId="1" StartOffset="8587"/>
</LocList>
</BasicStmnt>
</StmntSeq>
</HierarchyLvl>
<HierarchyLvl HierarchyLvlId="34" HierarchyLvlTypeId="5" Intrnl_Id="273" Name="testCheckJumpDirection">
<Header>
<Loc EndOffset="8694" SrcFileId="1" StartOffset="8609"/>
</Header>
<LocList>
<Loc EndOffset="9377" SrcFileId="1" StartOffset="8609"/>
</LocList>
<StmntSeq Intrnl_Id="274">
<LocList>
<Loc EndOffset="8838" SrcFileId="1" StartOffset="8778"/>
<Loc EndOffset="8939" SrcFileId="1" StartOffset="8846"/>
<Loc EndOffset="9013" SrcFileId="1" StartOffset="8943"/>
<Loc EndOffset="9075" SrcFileId="1" StartOffset="9021"/>
<Loc EndOffset="9139" SrcFileId="1" StartOffset="9079"/>
<Loc EndOffset="9179" SrcFileId="1" StartOffset="9143"/>
<Loc EndOffset="9278" SrcFileId="1" StartOffset="9187"/>
<Loc EndOffset="9352" SrcFileId="1" StartOffset="9282"/>
<Loc EndOffset="9373" SrcFileId="1" StartOffset="9360"/>
</LocList>
<BasicStmnt CovItemId="S128" CovItemPrefix="com.Testing.BoardTest.java" Intrnl_Id="275">
<LocList>
<Loc EndOffset="8838" SrcFileId="1" StartOffset="8778"/>
</LocList>
</BasicStmnt>
<BasicStmnt CovItemId="S129" CovItemPrefix="com.Testing.BoardTest.java" Intrnl_Id="276">
<LocList>
<Loc EndOffset="8939" SrcFileId="1" StartOffset="8846"/>
</LocList>
</BasicStmnt>
<BasicStmnt CovItemId="S130" CovItemPrefix="com.Testing.BoardTest.java" Intrnl_Id="277">
<LocList>
<Loc EndOffset="9013" SrcFileId="1" StartOffset="8943"/>
</LocList>
</BasicStmnt>
<BasicStmnt CovItemId="S131" CovItemPrefix="com.Testing.BoardTest.java" Intrnl_Id="278">
<LocList>
<Loc EndOffset="9075" SrcFileId="1" StartOffset="9021"/>
</LocList>
</BasicStmnt>
<BasicStmnt CovItemId="S132" CovItemPrefix="com.Testing.BoardTest.java" Intrnl_Id="279">
<LocList>
<Loc EndOffset="9139" SrcFileId="1" StartOffset="9079"/>
</LocList>
</BasicStmnt>
<BasicStmnt CovItemId="S133" CovItemPrefix="com.Testing.BoardTest.java" Intrnl_Id="280">
<LocList>
<Loc EndOffset="9179" SrcFileId="1" StartOffset="9143"/>
</LocList>
</BasicStmnt>
<BasicStmnt CovItemId="S134" CovItemPrefix="com.Testing.BoardTest.java" Intrnl_Id="281">
<LocList>
<Loc EndOffset="9278" SrcFileId="1" StartOffset="9187"/>
</LocList>
</BasicStmnt>
<BasicStmnt CovItemId="S135" CovItemPrefix="com.Testing.BoardTest.java" Intrnl_Id="282">
<LocList>
<Loc EndOffset="9352" SrcFileId="1" StartOffset="9282"/>
</LocList>
</BasicStmnt>
<BasicStmnt CovItemId="S136" CovItemPrefix="com.Testing.BoardTest.java" Intrnl_Id="283">
<LocList>
<Loc EndOffset="9373" SrcFileId="1" StartOffset="9360"/>
</LocList>
</BasicStmnt>
</StmntSeq>
</HierarchyLvl>
<HierarchyLvl HierarchyLvlId="35" HierarchyLvlTypeId="5" Intrnl_Id="284" Name="testGetColor">
<Header>
<Loc EndOffset="9471" SrcFileId="1" StartOffset="9382"/>
</Header>
<LocList>
<Loc EndOffset="9642" SrcFileId="1" StartOffset="9382"/>
</LocList>
<StmntSeq Intrnl_Id="285">
<LocList>
<Loc EndOffset="9555" SrcFileId="1" StartOffset="9477"/>
<Loc EndOffset="9597" SrcFileId="1" StartOffset="9559"/>
<Loc EndOffset="9638" SrcFileId="1" StartOffset="9601"/>
</LocList>
<BasicStmnt CovItemId="S137" CovItemPrefix="com.Testing.BoardTest.java" Intrnl_Id="286">
<LocList>
<Loc EndOffset="9555" SrcFileId="1" StartOffset="9477"/>
</LocList>
</BasicStmnt>
<BasicStmnt CovItemId="S138" CovItemPrefix="com.Testing.BoardTest.java" Intrnl_Id="287">
<LocList>
<Loc EndOffset="9597" SrcFileId="1" StartOffset="9559"/>
</LocList>
</BasicStmnt>
<BasicStmnt CovItemId="S139" CovItemPrefix="com.Testing.BoardTest.java" Intrnl_Id="288">
<LocList>
<Loc EndOffset="9638" SrcFileId="1" StartOffset="9601"/>
</LocList>
</BasicStmnt>
</StmntSeq>
</HierarchyLvl>
<HierarchyLvl HierarchyLvlId="36" HierarchyLvlTypeId="5" Intrnl_Id="289" Name="testCheckAllegiance">
<Header>
<Loc EndOffset="9688" SrcFileId="1" StartOffset="9647"/>
</Header>
<LocList>
<Loc EndOffset="10199" SrcFileId="1" StartOffset="9647"/>
</LocList>
<StmntSeq Intrnl_Id="290">
<LocList>
<Loc EndOffset="9781" SrcFileId="1" StartOffset="9722"/>
<Loc EndOffset="9846" SrcFileId="1" StartOffset="9785"/>
<Loc EndOffset="9942" SrcFileId="1" StartOffset="9882"/>
<Loc EndOffset="10006" SrcFileId="1" StartOffset="9946"/>
<Loc EndOffset="10051" SrcFileId="1" StartOffset="10014"/>
<Loc EndOffset="10139" SrcFileId="1" StartOffset="10088"/>
<Loc EndOffset="10195" SrcFileId="1" StartOffset="10143"/>
</LocList>
<BasicStmnt CovItemId="S140" CovItemPrefix="com.Testing.BoardTest.java" Intrnl_Id="291">
<LocList>
<Loc EndOffset="9781" SrcFileId="1" StartOffset="9722"/>
</LocList>
</BasicStmnt>
<BasicStmnt CovItemId="S141" CovItemPrefix="com.Testing.BoardTest.java" Intrnl_Id="292">
<LocList>
<Loc EndOffset="9846" SrcFileId="1" StartOffset="9785"/>
</LocList>
</BasicStmnt>
<BasicStmnt CovItemId="S142" CovItemPrefix="com.Testing.BoardTest.java" Intrnl_Id="293">
<LocList>
<Loc EndOffset="9942" SrcFileId="1" StartOffset="9882"/>
</LocList>
</BasicStmnt>
<BasicStmnt CovItemId="S143" CovItemPrefix="com.Testing.BoardTest.java" Intrnl_Id="294">
<LocList>
<Loc EndOffset="10006" SrcFileId="1" StartOffset="9946"/>
</LocList>
</BasicStmnt>
<BasicStmnt CovItemId="S144" CovItemPrefix="com.Testing.BoardTest.java" Intrnl_Id="295">
<LocList>
<Loc EndOffset="10051" SrcFileId="1" StartOffset="10014"/>
</LocList>
</BasicStmnt>
<BasicStmnt CovItemId="S145" CovItemPrefix="com.Testing.BoardTest.java" Intrnl_Id="296">
<LocList>
<Loc EndOffset="10139" SrcFileId="1" StartOffset="10088"/>
</LocList>
</BasicStmnt>
<BasicStmnt CovItemId="S146" CovItemPrefix="com.Testing.BoardTest.java" Intrnl_Id="297">
<LocList>
<Loc EndOffset="10195" SrcFileId="1" StartOffset="10143"/>
</LocList>
</BasicStmnt>
</StmntSeq>
</HierarchyLvl>
</HierarchyLvl>
</HierarchyLvl>
</HierarchyLvl>
</HierarchyLvl>
</MASTRoot>
<TestSession Comment="" Date="1383211580228" Name="31-10-2013 10:26:20">
<TestCase Comment="" Date="1383211580122" Name="com.Testing.BoardTest:testCheckJumpDirection">
<CovList>
<CovPrefix CovItemPrefix="com.Testing.BoardTest.java">
<Cov CovItemId="B33" Value="2"/>
<Cov CovItemId="S122" Value="2"/>
<Cov CovItemId="S123" Value="2"/>
<Cov CovItemId="S124" Value="2"/>
<Cov CovItemId="S127" Value="2"/>
<Cov CovItemId="S128" Value="1"/>
<Cov CovItemId="S129" Value="1"/>
<Cov CovItemId="S130" Value="1"/>
<Cov CovItemId="S131" Value="1"/>
<Cov CovItemId="S132" Value="1"/>
<Cov CovItemId="S133" Value="1"/>
<Cov CovItemId="S134" Value="1"/>
<Cov CovItemId="S135" Value="1"/>
<Cov CovItemId="S136" Value="1"/>
<Cov CovItemId="S28" Value="1"/>
</CovPrefix>
</CovList>
<AssgnmntList>
<AssgnmntPrefix RootTermCovItemPrefix="com.Testing.BoardTest.java">
<AssgnmntListEntry Length="1" RootTermCovItemId="C16">
<MapEntry BoolAssgnmnt="0" Value="2"/>
</AssgnmntListEntry>
</AssgnmntPrefix>
</AssgnmntList>
<ObjMetaDataList/>
<MetaDataList/>
</TestCase>
<TestCase Comment="" Date="1383211580125" Name="com.Testing.BoardTest:testFieldOccupied">
<CovList>
<CovPrefix CovItemPrefix="com.Testing.BoardTest.java">
<Cov CovItemId="S101" Value="1"/>
<Cov CovItemId="S102" Value="1"/>
<Cov CovItemId="S103" Value="1"/>
</CovPrefix>
</CovList>
<AssgnmntList/>
<ObjMetaDataList/>
<MetaDataList/>
</TestCase>
<TestCase Comment="" Date="1383211580127" Name="com.Testing.BoardTest:testGetColor">
<CovList>
<CovPrefix CovItemPrefix="com.Testing.BoardTest.java">
<Cov CovItemId="S137" Value="1"/>
<Cov CovItemId="S138" Value="1"/>
<Cov CovItemId="S139" Value="1"/>
</CovPrefix>
</CovList>
<AssgnmntList/>
<ObjMetaDataList/>
<MetaDataList/>
</TestCase>
<TestCase Comment="" Date="1383211580127" Name="com.Testing.BoardTest:testCheckForGameHasEnded">
<CovList>
<CovPrefix CovItemPrefix="com.Testing.BoardTest.java">
<Cov CovItemId="B13" Value="48"/>
<Cov CovItemId="B14" Value="80"/>
<Cov CovItemId="B15" Value="24"/>
<Cov CovItemId="B16" Value="24"/>
<Cov CovItemId="B17" Value="12"/>
<Cov CovItemId="B18" Value="12"/>
<Cov CovItemId="B19" Value="24"/>
<Cov CovItemId="B32" Value="4"/>
<Cov CovItemId="L3-2" Value="2"/>
<Cov CovItemId="L4-2" Value="16"/>
<Cov CovItemId="L5-2" Value="2"/>
<Cov CovItemId="L6-2" Value="16"/>
<Cov CovItemId="S122" Value="4"/>
<Cov CovItemId="S123" Value="4"/>
<Cov CovItemId="S124" Value="4"/>
<Cov CovItemId="S125" Value="4"/>
<Cov CovItemId="S126" Value="4"/>
<Cov CovItemId="S127" Value="4"/>
<Cov CovItemId="S28" Value="1"/>
<Cov CovItemId="S29" Value="2"/>
<Cov CovItemId="S30" Value="16"/>
<Cov CovItemId="S31" Value="128"/>
<Cov CovItemId="S32" Value="48"/>
<Cov CovItemId="S33" Value="24"/>
<Cov CovItemId="S34" Value="12"/>
<Cov CovItemId="S35" Value="24"/>
<Cov CovItemId="S36" Value="24"/>
<Cov CovItemId="S37" Value="2"/>
<Cov CovItemId="S38" Value="16"/>
<Cov CovItemId="S39" Value="128"/>
<Cov CovItemId="S59" Value="1"/>
<Cov CovItemId="S60" Value="1"/>
<Cov CovItemId="S61" Value="1"/>
<Cov CovItemId="S62" Value="1"/>
<Cov CovItemId="S63" Value="1"/>
<Cov CovItemId="S64" Value="1"/>
<Cov CovItemId="S65" Value="1"/>
<Cov CovItemId="S66" Value="1"/>
<Cov CovItemId="S67" Value="1"/>
<Cov CovItemId="S68" Value="1"/>
<Cov CovItemId="S69" Value="1"/>
<Cov CovItemId="S70" Value="1"/>
<Cov CovItemId="S71" Value="1"/>
<Cov CovItemId="S72" Value="1"/>
<Cov CovItemId="S73" Value="1"/>
<Cov CovItemId="S74" Value="1"/>
<Cov CovItemId="S75" Value="1"/>
<Cov CovItemId="S76" Value="1"/>
<Cov CovItemId="S77" Value="1"/>
</CovPrefix>
</CovList>
<AssgnmntList>
<AssgnmntPrefix RootTermCovItemPrefix="com.Testing.BoardTest.java">
<AssgnmntListEntry Length="1" RootTermCovItemId="C10">
<MapEntry BoolAssgnmnt="0" Value="24"/>
<MapEntry BoolAssgnmnt="1" Value="24"/>
</AssgnmntListEntry>
<AssgnmntListEntry Length="1" RootTermCovItemId="C11">
<MapEntry BoolAssgnmnt="0" Value="12"/>
<MapEntry BoolAssgnmnt="1" Value="12"/>
</AssgnmntListEntry>
<AssgnmntListEntry Length="1" RootTermCovItemId="C12">
<MapEntry BoolAssgnmnt="1" Value="24"/>
</AssgnmntListEntry>
<AssgnmntListEntry Length="1" RootTermCovItemId="C16">
<MapEntry BoolAssgnmnt="1" Value="4"/>
</AssgnmntListEntry>
<AssgnmntListEntry Length="1" RootTermCovItemId="C9">
<MapEntry BoolAssgnmnt="0" Value="80"/>
<MapEntry BoolAssgnmnt="1" Value="48"/>
</AssgnmntListEntry>
</AssgnmntPrefix>
</AssgnmntList>
<ObjMetaDataList/>
<MetaDataList/>
</TestCase>
<TestCase Comment="" Date="1383211580130" Name="com.Testing.BoardTest:testBoard">
<CovList>
<CovPrefix CovItemPrefix="com.Testing.BoardTest.java">
<Cov CovItemId="B1" Value="32"/>
<Cov CovItemId="B10" Value="8"/>
<Cov CovItemId="B11" Value="8"/>
<Cov CovItemId="B12" Value="24"/>
<Cov CovItemId="B2" Value="32"/>
<Cov CovItemId="B3" Value="12"/>
<Cov CovItemId="B4" Value="20"/>
<Cov CovItemId="B5" Value="4"/>
<Cov CovItemId="B6" Value="8"/>
<Cov CovItemId="B7" Value="12"/>
<Cov CovItemId="B8" Value="20"/>
<Cov CovItemId="B9" Value="4"/>
<Cov CovItemId="L1-2" Value="1"/>
<Cov CovItemId="L2-2" Value="8"/>
<Cov CovItemId="S10" Value="12"/>
<Cov CovItemId="S11" Value="12"/>
<Cov CovItemId="S12" Value="12"/>
<Cov CovItemId="S13" Value="12"/>
<Cov CovItemId="S14" Value="12"/>
<Cov CovItemId="S15" Value="4"/>
<Cov CovItemId="S16" Value="4"/>
<Cov CovItemId="S17" Value="32"/>
<Cov CovItemId="S18" Value="12"/>
<Cov CovItemId="S19" Value="12"/>
<Cov CovItemId="S2" Value="1"/>
<Cov CovItemId="S20" Value="12"/>
<Cov CovItemId="S21" Value="12"/>
<Cov CovItemId="S22" Value="12"/>
<Cov CovItemId="S23" Value="4"/>
<Cov CovItemId="S24" Value="4"/>
<Cov CovItemId="S25" Value="32"/>
<Cov CovItemId="S26" Value="8"/>
<Cov CovItemId="S27" Value="32"/>
<Cov CovItemId="S3" Value="8"/>
<Cov CovItemId="S4" Value="64"/>
<Cov CovItemId="S5" Value="64"/>
<Cov CovItemId="S6" Value="32"/>
<Cov CovItemId="S7" Value="32"/>
<Cov CovItemId="S8" Value="32"/>
<Cov CovItemId="S9" Value="32"/>
</CovPrefix>
</CovList>
<AssgnmntList>
<AssgnmntPrefix RootTermCovItemPrefix="com.Testing.BoardTest.java">
<AssgnmntListEntry Length="1" RootTermCovItemId="C1">
<MapEntry BoolAssgnmnt="0" Value="1"/>
<MapEntry BoolAssgnmnt="1" Value="8"/>
</AssgnmntListEntry>
<AssgnmntListEntry Length="1" RootTermCovItemId="C2">
<MapEntry BoolAssgnmnt="0" Value="8"/>
<MapEntry BoolAssgnmnt="1" Value="64"/>
</AssgnmntListEntry>
<AssgnmntListEntry Length="1" RootTermCovItemId="C3">
<MapEntry BoolAssgnmnt="0" Value="32"/>
<MapEntry BoolAssgnmnt="1" Value="32"/>
</AssgnmntListEntry>
<AssgnmntListEntry Length="1" RootTermCovItemId="C4">
<MapEntry BoolAssgnmnt="0" Value="20"/>
<MapEntry BoolAssgnmnt="1" Value="12"/>
</AssgnmntListEntry>
<AssgnmntListEntry Length="1" RootTermCovItemId="C5">
<MapEntry BoolAssgnmnt="0" Value="8"/>
<MapEntry BoolAssgnmnt="1" Value="4"/>
</AssgnmntListEntry>
<AssgnmntListEntry Length="1" RootTermCovItemId="C6">
<MapEntry BoolAssgnmnt="0" Value="20"/>
<MapEntry BoolAssgnmnt="1" Value="12"/>
</AssgnmntListEntry>
<AssgnmntListEntry Length="1" RootTermCovItemId="C7">
<MapEntry BoolAssgnmnt="0" Value="8"/>
<MapEntry BoolAssgnmnt="1" Value="4"/>
</AssgnmntListEntry>
<AssgnmntListEntry Length="2" RootTermCovItemId="C8">
<MapEntry BoolAssgnmnt="10" Value="12"/>
<MapEntry BoolAssgnmnt="02" Value="12"/>
<MapEntry BoolAssgnmnt="11" Value="8"/>
</AssgnmntListEntry>
</AssgnmntPrefix>
</AssgnmntList>
<ObjMetaDataList/>
<MetaDataList/>
</TestCase>
<TestCase Comment="" Date="1383211580131" Name="com.Testing.BoardTest:testCheckAllegiance">
<CovList>
<CovPrefix CovItemPrefix="com.Testing.BoardTest.java">
<Cov CovItemId="S140" Value="1"/>
<Cov CovItemId="S141" Value="1"/>
<Cov CovItemId="S142" Value="1"/>
<Cov CovItemId="S143" Value="1"/>
<Cov CovItemId="S144" Value="1"/>
<Cov CovItemId="S145" Value="1"/>
<Cov CovItemId="S146" Value="1"/>
<Cov CovItemId="S90" Value="1"/>
<Cov CovItemId="S91" Value="1"/>
<Cov CovItemId="S92" Value="1"/>
<Cov CovItemId="S93" Value="1"/>
<Cov CovItemId="S94" Value="1"/>
</CovPrefix>
</CovList>
<AssgnmntList/>
<ObjMetaDataList/>
<MetaDataList/>
</TestCase>
<TestCase Comment="" Date="1383211580132" Name="com.Testing.BoardTest:testCheckMoveable">
<CovList>
<CovPrefix CovItemPrefix="com.Testing.BoardTest.java">
<Cov CovItemId="B26" Value="2"/>
<Cov CovItemId="B29" Value="2"/>
<Cov CovItemId="B30" Value="1"/>
<Cov CovItemId="B31" Value="1"/>
<Cov CovItemId="S104" Value="2"/>
<Cov CovItemId="S105" Value="2"/>
<Cov CovItemId="S106" Value="2"/>
<Cov CovItemId="S108" Value="2"/>
<Cov CovItemId="S109" Value="1"/>
<Cov CovItemId="S110" Value="1"/>
<Cov CovItemId="S111" Value="1"/>
<Cov CovItemId="S112" Value="2"/>
<Cov CovItemId="S113" Value="1"/>
<Cov CovItemId="S114" Value="1"/>
<Cov CovItemId="S115" Value="1"/>
<Cov CovItemId="S116" Value="1"/>
<Cov CovItemId="S117" Value="1"/>
<Cov CovItemId="S118" Value="1"/>
<Cov CovItemId="S119" Value="1"/>
<Cov CovItemId="S120" Value="1"/>
<Cov CovItemId="S121" Value="1"/>
<Cov CovItemId="S28" Value="1"/>
</CovPrefix>
</CovList>
<AssgnmntList>
<AssgnmntPrefix RootTermCovItemPrefix="com.Testing.BoardTest.java">
<AssgnmntListEntry Length="2" RootTermCovItemId="C13">
<MapEntry BoolAssgnmnt="11" Value="2"/>
</AssgnmntListEntry>
<AssgnmntListEntry Length="1" RootTermCovItemId="C14">
<MapEntry BoolAssgnmnt="0" Value="2"/>
</AssgnmntListEntry>
<AssgnmntListEntry Length="1" RootTermCovItemId="C15">
<MapEntry BoolAssgnmnt="0" Value="1"/>
<MapEntry BoolAssgnmnt="1" Value="1"/>
</AssgnmntListEntry>
</AssgnmntPrefix>
</AssgnmntList>
<ObjMetaDataList/>
<MetaDataList/>
</TestCase>
<TestCase Comment="" Date="1383211580133" Name="com.Testing.BoardTest:testAnalyzeBoard">
<CovList>
<CovPrefix CovItemPrefix="com.Testing.BoardTest.java">
<Cov CovItemId="B22" Value="1"/>
<Cov CovItemId="B32" Value="1"/>
<Cov CovItemId="B33" Value="1"/>
<Cov CovItemId="S122" Value="2"/>
<Cov CovItemId="S123" Value="2"/>
<Cov CovItemId="S124" Value="2"/>
<Cov CovItemId="S125" Value="1"/>
<Cov CovItemId="S126" Value="1"/>
<Cov CovItemId="S127" Value="2"/>
<Cov CovItemId="S28" Value="1"/>
<Cov CovItemId="S78" Value="1"/>
<Cov CovItemId="S79" Value="1"/>
<Cov CovItemId="S80" Value="1"/>
<Cov CovItemId="S81" Value="1"/>
<Cov CovItemId="S82" Value="1"/>
<Cov CovItemId="S83" Value="1"/>
<Cov CovItemId="S84" Value="1"/>
<Cov CovItemId="S88" Value="1"/>
<Cov CovItemId="S89" Value="1"/>
</CovPrefix>
</CovList>
<AssgnmntList>
<AssgnmntPrefix RootTermCovItemPrefix="com.Testing.BoardTest.java">
<AssgnmntListEntry Length="1" RootTermCovItemId="C16">
<MapEntry BoolAssgnmnt="0" Value="1"/>
<MapEntry BoolAssgnmnt="1" Value="1"/>
</AssgnmntListEntry>
</AssgnmntPrefix>
</AssgnmntList>
<ObjMetaDataList/>
<MetaDataList/>
</TestCase>
<TestCase Comment="" Date="1383211580134" Name="com.Testing.BoardTest:testGameIsEnded">
<CovList>
<CovPrefix CovItemPrefix="com.Testing.BoardTest.java">
<Cov CovItemId="B13" Value="48"/>
<Cov CovItemId="B14" Value="80"/>
<Cov CovItemId="B15" Value="24"/>
<Cov CovItemId="B16" Value="24"/>
<Cov CovItemId="B17" Value="12"/>
<Cov CovItemId="B18" Value="12"/>
<Cov CovItemId="B19" Value="24"/>
<Cov CovItemId="B32" Value="4"/>
<Cov CovItemId="L3-2" Value="2"/>
<Cov CovItemId="L4-2" Value="16"/>
<Cov CovItemId="L5-2" Value="2"/>
<Cov CovItemId="L6-2" Value="16"/>
<Cov CovItemId="S122" Value="4"/>
<Cov CovItemId="S123" Value="4"/>
<Cov CovItemId="S124" Value="4"/>
<Cov CovItemId="S125" Value="4"/>
<Cov CovItemId="S126" Value="4"/>
<Cov CovItemId="S127" Value="4"/>
<Cov CovItemId="S28" Value="1"/>
<Cov CovItemId="S29" Value="2"/>
<Cov CovItemId="S30" Value="16"/>
<Cov CovItemId="S31" Value="128"/>
<Cov CovItemId="S32" Value="48"/>
<Cov CovItemId="S33" Value="24"/>
<Cov CovItemId="S34" Value="12"/>
<Cov CovItemId="S35" Value="24"/>
<Cov CovItemId="S36" Value="24"/>
<Cov CovItemId="S37" Value="2"/>
<Cov CovItemId="S38" Value="16"/>
<Cov CovItemId="S39" Value="128"/>
<Cov CovItemId="S40" Value="1"/>
<Cov CovItemId="S41" Value="1"/>
<Cov CovItemId="S42" Value="1"/>
<Cov CovItemId="S43" Value="1"/>
<Cov CovItemId="S44" Value="1"/>
<Cov CovItemId="S45" Value="1"/>
<Cov CovItemId="S46" Value="1"/>
<Cov CovItemId="S47" Value="1"/>
<Cov CovItemId="S48" Value="1"/>
<Cov CovItemId="S49" Value="1"/>
<Cov CovItemId="S50" Value="1"/>
<Cov CovItemId="S51" Value="1"/>
<Cov CovItemId="S52" Value="1"/>
<Cov CovItemId="S53" Value="1"/>
<Cov CovItemId="S54" Value="1"/>
<Cov CovItemId="S55" Value="1"/>
<Cov CovItemId="S56" Value="1"/>
<Cov CovItemId="S57" Value="1"/>
<Cov CovItemId="S58" Value="1"/>
</CovPrefix>
</CovList>
<AssgnmntList>
<AssgnmntPrefix RootTermCovItemPrefix="com.Testing.BoardTest.java">
<AssgnmntListEntry Length="1" RootTermCovItemId="C10">
<MapEntry BoolAssgnmnt="0" Value="24"/>
<MapEntry BoolAssgnmnt="1" Value="24"/>
</AssgnmntListEntry>
<AssgnmntListEntry Length="1" RootTermCovItemId="C11">
<MapEntry BoolAssgnmnt="0" Value="12"/>
<MapEntry BoolAssgnmnt="1" Value="12"/>
</AssgnmntListEntry>
<AssgnmntListEntry Length="1" RootTermCovItemId="C12">
<MapEntry BoolAssgnmnt="1" Value="24"/>
</AssgnmntListEntry>
<AssgnmntListEntry Length="1" RootTermCovItemId="C16">
<MapEntry BoolAssgnmnt="1" Value="4"/>
</AssgnmntListEntry>
<AssgnmntListEntry Length="1" RootTermCovItemId="C9">
<MapEntry BoolAssgnmnt="0" Value="80"/>
<MapEntry BoolAssgnmnt="1" Value="48"/>
</AssgnmntListEntry>
</AssgnmntPrefix>
</AssgnmntList>
<ObjMetaDataList/>
<MetaDataList/>
</TestCase>
<TestCase Comment="" Date="1383211580136" Name="com.Testing.BoardTest:testMovePiece">
<CovList>
<CovPrefix CovItemPrefix="com.Testing.BoardTest.java">
<Cov CovItemId="S100" Value="1"/>
<Cov CovItemId="S90" Value="1"/>
<Cov CovItemId="S91" Value="1"/>
<Cov CovItemId="S92" Value="1"/>
<Cov CovItemId="S93" Value="1"/>
<Cov CovItemId="S94" Value="1"/>
<Cov CovItemId="S95" Value="1"/>
<Cov CovItemId="S96" Value="1"/>
<Cov CovItemId="S97" Value="1"/>
<Cov CovItemId="S98" Value="1"/>
<Cov CovItemId="S99" Value="1"/>
</CovPrefix>
</CovList>
<AssgnmntList/>
<ObjMetaDataList/>
<MetaDataList/>
</TestCase>
<MetaDataList/>
</TestSession>
</TestSessionContainer>
