<?xml version="1.0" encoding="UTF-8"?><TestSessionContainer xmlns="http://www.codecover.org/xml/testsession-container" Date="1385989187076" TestSessionContainerId="56faad5b-dfe2-47b3-b630-a9b053569e76" version="1.0">
<SrcFileList>
<SrcFile Content="package com.OriginalFiles;&#13;&#10;&#13;&#10;import java.io.IOException;&#13;&#10;import java.util.ArrayList;&#13;&#10;import java.util.List;&#13;&#10;&#13;&#10;import com.CustomClasses.Color;&#13;&#10;&#13;&#10;import custom.Exceptions.IllegalMove;&#13;&#10;import custom.Exceptions.NoKingLeft;&#13;&#10;&#13;&#10;public class Analyze {&#13;&#10;    private Board checkersBoard;&#13;&#10;&#13;&#10;    private Field fieldToCheck;&#13;&#10;    private int analyzeBoardRepeatNumber = 0;&#13;&#10;    private int totalAnalyzeRuns = 0;&#13;&#10;    private final int analyzeRunsBeforeReset = 10;&#13;&#10;    private RemoteNXTFunctions remoteFunctions;&#13;&#10;    private Field trashField = new Field(3, -6);&#13;&#10;    private boolean pieceFound;&#13;&#10;    private boolean mustJump;&#13;&#10;&#13;&#10;    public Analyze(Board input, RemoteNXTFunctions remoteInput) {&#13;&#10;        checkersBoard = input;&#13;&#10;        remoteFunctions = remoteInput;&#13;&#10;    }&#13;&#10;&#13;&#10;    //Analyzes the current board setup&#13;&#10;    //latex start analyzeBoard&#13;&#10;    public final boolean analyzeBoard() throws InterruptedException,&#13;&#10;    IOException, NoKingLeft, IllegalMove {&#13;&#10;        if (!checkForGameHasEnded(true)) {&#13;&#10;            checkMotorCalibration();&#13;&#10;&#13;&#10;            List&lt;Field&gt; moveableList = new ArrayList&lt;Field&gt;();&#13;&#10;            moveableList = makeListOfMoveables(moveableList);&#13;&#10;            pieceFound = checkMovement(moveableList);&#13;&#10;            countDownToPanic();&#13;&#10;&#13;&#10;            //Find the pieces that are currently movable&#13;&#10;            checkersBoard.updateMoveables();&#13;&#10;            checkRobotPieceReplaced();&#13;&#10;            if (!checkForGameHasEnded(false)) {&#13;&#10;                return true;&#13;&#10;            }&#13;&#10;        }&#13;&#10;        return false;&#13;&#10;    }&#13;&#10;    //latex end&#13;&#10;&#13;&#10;    private void checkMotorCalibration() {&#13;&#10;        totalAnalyzeRuns += 1;&#13;&#10;&#13;&#10;        if (totalAnalyzeRuns &gt; analyzeRunsBeforeReset) {&#13;&#10;            totalAnalyzeRuns = 0;&#13;&#10;            remoteFunctions.resetMotors();&#13;&#10;        }&#13;&#10;    }&#13;&#10;&#13;&#10;    private List&lt;Field&gt; makeListOfMoveables(List&lt;Field&gt; moveableList) {&#13;&#10;        //Find the pieces that are currently movable&#13;&#10;        checkersBoard.updateMoveables();&#13;&#10;        for (Field[] f : checkersBoard.myBoard) {&#13;&#10;            for (Field field : f) {&#13;&#10;                if (!field.isEmpty()) {&#13;&#10;                    if (field.getPieceOnField().isMoveable&#13;&#10;                            &amp;&amp; checkersBoard.checkAllegiance(field, true)) {&#13;&#10;                        moveableList.add(field);&#13;&#10;                    }&#13;&#10;                }&#13;&#10;            }&#13;&#10;        }&#13;&#10;        checkersBoard.sortListOfFields(moveableList);&#13;&#10;        pieceFound = false;&#13;&#10;        mustJump = false;&#13;&#10;        if (moveableList.size() != 0) {&#13;&#10;            mustJump = moveableList.get(0).getPieceOnField().canJump;&#13;&#10;        }&#13;&#10;        return moveableList;&#13;&#10;    }&#13;&#10;    //latex start checkMovement&#13;&#10;    private boolean checkMovement(List&lt;Field&gt; moveableList)&#13;&#10;            throws IllegalMove, InterruptedException, IOException, NoKingLeft {&#13;&#10;        for (Field field : moveableList) {&#13;&#10;            if (checkersBoard.isFieldEmptyOnBoard(field.x, field.y)) {&#13;&#10;                if (mustJump &amp;&amp; !field.getPieceOnField().canJump) {&#13;&#10;                    throw new custom.Exceptions.IllegalMove();&#13;&#10;                }&#13;&#10;                if (this.trackMovement(field)) {&#13;&#10;                    return true;&#13;&#10;                }&#13;&#10;            }&#13;&#10;        }&#13;&#10;        return false;&#13;&#10;    }&#13;&#10;    //latex end&#13;&#10;    //latex start countDownToPanic&#13;&#10;    private void countDownToPanic()&#13;&#10;            throws InterruptedException, IOException, NoKingLeft, IllegalMove {&#13;&#10;        if (!pieceFound) {&#13;&#10;            if (analyzeBoardRepeatNumber &lt; 3) {&#13;&#10;                analyzeBoardRepeatNumber++;&#13;&#10;                analyzeBoard();&#13;&#10;                analyzeBoardRepeatNumber = 0;&#13;&#10;            } else if (analyzeBoardRepeatNumber &lt; 6) {&#13;&#10;                remoteFunctions.resetMotors();&#13;&#10;                analyzeBoardRepeatNumber++;&#13;&#10;                analyzeBoard();&#13;&#10;                analyzeBoardRepeatNumber = 0;&#13;&#10;            } else {&#13;&#10;                checkersBoard.findMissingPiece();&#13;&#10;            }&#13;&#10;        }&#13;&#10;    }&#13;&#10;    //latex end&#13;&#10;&#13;&#10;    //Try to find the piece that have been moved&#13;&#10;    private boolean trackMovement(Field field) throws IllegalMove,&#13;&#10;    InterruptedException, IOException, NoKingLeft {&#13;&#10;        boolean foundPiece = false;&#13;&#10;        if (field.getPieceOnField().canJump) {&#13;&#10;            if (findJumpPiece(field)) {&#13;&#10;                foundPiece = true;&#13;&#10;            }&#13;&#10;            if (!foundPiece) {&#13;&#10;                throw new custom.Exceptions.IllegalMove();&#13;&#10;            }&#13;&#10;        } else if (checkMove(field, -1)) {&#13;&#10;            foundPiece = true;&#13;&#10;        }&#13;&#10;&#13;&#10;        return foundPiece;&#13;&#10;    }&#13;&#10;&#13;&#10;    //Determine simple move&#13;&#10;    private boolean checkMove(Field field, int directY) throws&#13;&#10;    InterruptedException, IOException, NoKingLeft {&#13;&#10;        //Verify that the given field is inbound&#13;&#10;        if (checkersBoard.checkBounds(field.x, field.y)) {&#13;&#10;            //Check the first direction&#13;&#10;            if (checkersBoard.checkMoveDirection(field, 1, directY)) {&#13;&#10;                if (validateMove(checkersBoard.&#13;&#10;                        myBoard[field.x + 1][field.y + directY], field)) {&#13;&#10;                    checkersBoard.movePieceInRepresentation(field,&#13;&#10;                            field.x + 1, field.y + directY, false);&#13;&#10;                    return true;&#13;&#10;                } else {&#13;&#10;                    return false;&#13;&#10;                }&#13;&#10;                //Second direction&#13;&#10;            } else if (checkersBoard.checkMoveDirection(field, -1, directY)) {&#13;&#10;                if (validateMove(checkersBoard.&#13;&#10;                        myBoard[field.x - 1][field.y + directY], field)) {&#13;&#10;                    checkersBoard.movePieceInRepresentation(field,&#13;&#10;                            field.x - 1, field.y + directY, false);&#13;&#10;                    return true;&#13;&#10;                } else {&#13;&#10;                    return false;&#13;&#10;                }&#13;&#10;                //If king, also check backwards&#13;&#10;            } else if (field.getPieceOnField().isCrowned) {&#13;&#10;                if (checkersBoard.checkMoveDirection(field, 1, -directY)) {&#13;&#10;                    if (validateMove(checkersBoard.&#13;&#10;                            myBoard[field.x + 1][field.y - directY], field)) {&#13;&#10;                        checkersBoard.movePieceInRepresentation(field,&#13;&#10;                                field.x + 1, field.y - directY, false);&#13;&#10;                        return true;&#13;&#10;                    } else {&#13;&#10;                        return false;&#13;&#10;                    }&#13;&#10;                } else if (checkersBoard.checkMoveDirection(&#13;&#10;                        field, -1, -directY)) {&#13;&#10;                    if (validateMove(checkersBoard.&#13;&#10;                            myBoard[field.x - 1][field.y - directY], field)) {&#13;&#10;                        checkersBoard.movePieceInRepresentation(field,&#13;&#10;                                field.x - 1, field.y - directY, false);&#13;&#10;                        return true;&#13;&#10;                    } else {&#13;&#10;                        return false;&#13;&#10;                    }&#13;&#10;                }&#13;&#10;            }&#13;&#10;        }&#13;&#10;        return false;&#13;&#10;    }&#13;&#10;&#13;&#10;    //Checks if it could have been another piece that moved&#13;&#10;    private boolean validateMove(Field field, Field fromField) throws&#13;&#10;    InterruptedException, IOException {&#13;&#10;&#13;&#10;        List&lt;Field&gt; checkArray = new ArrayList&lt;Field&gt;();&#13;&#10;        if (checkersBoard.checkBounds(field.x + 1, field.y + 1)) {&#13;&#10;            checkArray.add(checkersBoard.myBoard[field.x + 1][field.y + 1]);&#13;&#10;        }&#13;&#10;        if (checkersBoard.checkBounds(field.x + 1, field.y - 1)) {&#13;&#10;            checkArray.add(checkersBoard.myBoard[field.x + 1][field.y - 1]);&#13;&#10;        }&#13;&#10;        if (checkersBoard.checkBounds(field.x - 1, field.y - 1)) {&#13;&#10;            checkArray.add(checkersBoard.myBoard[field.x - 1][field.y - 1]);&#13;&#10;        }&#13;&#10;        if (checkersBoard.checkBounds(field.x - 1, field.y + 1)) {&#13;&#10;            checkArray.add(checkersBoard.myBoard[field.x - 1][field.y + 1]);&#13;&#10;        }&#13;&#10;        boolean returnValue = true;&#13;&#10;        for (int i = 0; i &lt; checkArray.size(); i++) {&#13;&#10;            if (!(checkArray.get(i).x == fromField.x&#13;&#10;                    &amp;&amp; checkArray.get(i).y == fromField.y)) {&#13;&#10;                returnValue = checkersBoard.verifyCorrectMove(&#13;&#10;                        checkArray.get(i));&#13;&#10;            }&#13;&#10;            if (!returnValue) {&#13;&#10;                return returnValue;&#13;&#10;            }&#13;&#10;        }&#13;&#10;        return returnValue;&#13;&#10;    }&#13;&#10;&#13;&#10;    public final List&lt;List&lt;Field&gt;&gt; jumpSequence(Field input,&#13;&#10;            boolean checkForOpponent, boolean isCrowned) throws&#13;&#10;            InterruptedException, IOException, NoKingLeft {&#13;&#10;        input.visited = true;&#13;&#10;        List&lt;List&lt;Field&gt;&gt; returnList = new ArrayList&lt;List&lt;Field&gt;&gt;();&#13;&#10;        Field tempField = checkersBoard.checkJumpDirection(input,&#13;&#10;                -1, 1, checkForOpponent, isCrowned);&#13;&#10;        if (tempField != null) {&#13;&#10;            returnList.addAll(jumpSequence(tempField, checkForOpponent,&#13;&#10;                    isCrowned));&#13;&#10;        }&#13;&#10;        tempField = checkersBoard.checkJumpDirection(input,&#13;&#10;                -1, -1, checkForOpponent, isCrowned);&#13;&#10;        if (tempField != null) {&#13;&#10;            returnList.addAll(jumpSequence(tempField, checkForOpponent,&#13;&#10;                    isCrowned));&#13;&#10;        }&#13;&#10;        tempField = checkersBoard.checkJumpDirection(input,&#13;&#10;                1, -1, checkForOpponent, isCrowned);&#13;&#10;        if (tempField != null) {&#13;&#10;            returnList.addAll(jumpSequence(tempField, checkForOpponent,&#13;&#10;                    isCrowned));&#13;&#10;        }&#13;&#10;        tempField = checkersBoard.checkJumpDirection(input, 1, 1,&#13;&#10;                checkForOpponent, isCrowned);&#13;&#10;        if (tempField != null) {&#13;&#10;            returnList.addAll(jumpSequence(tempField, checkForOpponent,&#13;&#10;                    isCrowned));&#13;&#10;        }&#13;&#10;&#13;&#10;        if (returnList.size() == 0) {&#13;&#10;            returnList.add(new ArrayList&lt;Field&gt;());&#13;&#10;        }&#13;&#10;&#13;&#10;        for (int i = 0; i &lt; returnList.size(); i++) {&#13;&#10;            returnList.get(i).add(0, input);&#13;&#10;        }&#13;&#10;        return returnList;&#13;&#10;    }&#13;&#10;&#13;&#10;    private boolean findJumpPiece(Field field) throws&#13;&#10;    InterruptedException, IOException, NoKingLeft {&#13;&#10;        List&lt;List&lt;Field&gt;&gt; jumpList = new ArrayList&lt;List&lt;Field&gt;&gt;();&#13;&#10;        jumpList = jumpSequence(field, false,&#13;&#10;                field.getPieceOnField().isCrowned);&#13;&#10;        checkersBoard.resetVisited();&#13;&#10;        for (int i = 0; i &lt; jumpList.size(); i++) {&#13;&#10;            List&lt;Field&gt; tempList = jumpList.get(i);&#13;&#10;            Field desField = tempList.get(tempList.size() - 1);&#13;&#10;            if (!checkersBoard.isFieldEmptyOnBoard(desField.x, desField.y)) {&#13;&#10;                checkersBoard.movePieceInRepresentation(field, desField, false);&#13;&#10;                int stopj = tempList.size() - 1;&#13;&#10;                for (int j = 0; j &lt; stopj; j++) {&#13;&#10;                    Field tempfield = tempList.get(j);&#13;&#10;                    Field tempfield2 = tempList.get(j + 1);&#13;&#10;                    Field takenField = checkersBoard.myBoard&#13;&#10;                            [(tempfield.x + tempfield2.x) / 2]&#13;&#10;                                    [(tempfield.y + tempfield2.y) / 2];&#13;&#10;                    if (takenField.getPieceOnField().isCrowned) {&#13;&#10;                        int k = 7;&#13;&#10;                        while (!(k &lt; 0)) {&#13;&#10;                            if (checkersBoard.oppKingPlace[k].isEmpty()) {&#13;&#10;                                //Insert king at location&#13;&#10;                                checkersBoard.movePieceInRepresentation(&#13;&#10;                                        takenField,&#13;&#10;                                        checkersBoard.oppKingPlace[k], true);&#13;&#10;                            }&#13;&#10;                            k--;&#13;&#10;                        }&#13;&#10;                    } else {&#13;&#10;                        int l = 0;&#13;&#10;                        int h = 0;&#13;&#10;                        OUTER: while (h &lt;= checkersBoard.&#13;&#10;                                oppTrashPlace[0].length - 1) {&#13;&#10;                            while (l &lt;= checkersBoard.&#13;&#10;                                    oppTrashPlace.length - 1) {&#13;&#10;                                if (checkersBoard.&#13;&#10;                                        oppTrashPlace[l][h].isEmpty()) {&#13;&#10;                                    break OUTER;&#13;&#10;                                }&#13;&#10;                                l++;&#13;&#10;                            }&#13;&#10;                            h++;&#13;&#10;                            l = checkersBoard.oppTrashPlace.length - 1;&#13;&#10;                        }&#13;&#10;                        checkersBoard.movePieceInRepresentation(takenField,&#13;&#10;                                checkersBoard.oppTrashPlace[l][h], false);&#13;&#10;                    }&#13;&#10;                }&#13;&#10;                return true;&#13;&#10;            }&#13;&#10;        }&#13;&#10;        return false;&#13;&#10;    }&#13;&#10;&#13;&#10;    public final void checkForUpgradeKing(Field field, boolean isSimulated)&#13;&#10;            throws NoKingLeft, IOException {&#13;&#10;        if (checkersBoard.peasentIsOnEndRow(field)) {&#13;&#10;            if (checkersBoard.checkAllegiance(field, false)) {&#13;&#10;                field.getPieceOnField().color = checkersBoard.myKingColor;&#13;&#10;                field.getPieceOnField().isCrowned = true;&#13;&#10;                if (!isSimulated) {&#13;&#10;                    fieldToCheck = field;&#13;&#10;                }&#13;&#10;            } else {&#13;&#10;                if (isSimulated) {&#13;&#10;                    field.getPieceOnField().color =&#13;&#10;                            checkersBoard.opponentKingColor;&#13;&#10;                    field.getPieceOnField().isCrowned = true;&#13;&#10;                } else {&#13;&#10;                    boolean foundOne = false;&#13;&#10;                    int i = 0;&#13;&#10;                    while (!foundOne) {&#13;&#10;                        if (i &gt; 7) {&#13;&#10;                            throw new custom.Exceptions.NoKingLeft();&#13;&#10;                        }&#13;&#10;                        if (!checkersBoard.kingPlace[i].isEmpty()) {&#13;&#10;                            //Move old piece to trash&#13;&#10;                            remoteFunctions.trashPieceOnField(field);&#13;&#10;                            //Insert king at location&#13;&#10;                            remoteFunctions.doMove(new Move(&#13;&#10;                                    checkersBoard.kingPlace[i], field, true));&#13;&#10;                            foundOne = true;&#13;&#10;                        }&#13;&#10;                        i++;&#13;&#10;                    }&#13;&#10;                }&#13;&#10;            }&#13;&#10;        }&#13;&#10;    }&#13;&#10;&#13;&#10;    //Function to check if user have replaced the&#13;&#10;    //robots peasant piece with a king piece&#13;&#10;    public final void checkRobotPieceReplaced() throws IOException, NoKingLeft {&#13;&#10;        if (fieldToCheck != null) {&#13;&#10;            boolean checkCondition = true;&#13;&#10;            while (checkCondition) {&#13;&#10;                if (getColor(fieldToCheck.x, fieldToCheck.y)&#13;&#10;                        == checkersBoard.myKingColor) {&#13;&#10;                    checkCondition = false;&#13;&#10;&#13;&#10;                    int i = 0;&#13;&#10;                    int l = 0;&#13;&#10;                    int h = 0;&#13;&#10;                    OUTER: while (h &lt;= checkersBoard.&#13;&#10;                            oppTrashPlace[0].length - 1) {&#13;&#10;                        while (l &lt;= checkersBoard.&#13;&#10;                                oppTrashPlace.length - 1) {&#13;&#10;                            if (checkersBoard.&#13;&#10;                                    oppTrashPlace[l][h].isEmpty()) {&#13;&#10;                                break OUTER;&#13;&#10;                            }&#13;&#10;                            l++;&#13;&#10;                        }&#13;&#10;                        h++;&#13;&#10;                        l = checkersBoard.oppTrashPlace.length - 1;&#13;&#10;                    }&#13;&#10;                    checkersBoard.movePieceInRepresentation(fieldToCheck,&#13;&#10;                            checkersBoard.oppTrashPlace[l][h], false);&#13;&#10;                    while (!(i &gt; 7)) {&#13;&#10;                        if (!checkersBoard.oppKingPlace[i].isEmpty()) {&#13;&#10;                            //Insert king at location&#13;&#10;                            checkersBoard.movePieceInRepresentation(&#13;&#10;                                    checkersBoard.oppKingPlace[i],&#13;&#10;                                    fieldToCheck, true);&#13;&#10;                        }&#13;&#10;                        i++;&#13;&#10;                    }&#13;&#10;                    fieldToCheck = null;&#13;&#10;                } else {&#13;&#10;                    checkersBoard.informer.myKingNotPlaced();&#13;&#10;                    remoteFunctions.waitForRedButton();&#13;&#10;                }&#13;&#10;            }&#13;&#10;        }&#13;&#10;    }&#13;&#10;&#13;&#10;    //Sets the colors of the pieces of the robot&#13;&#10;    public final void findMyColors() throws InterruptedException, IOException {&#13;&#10;        checkersBoard.myPeasentColor = getColor(0, 1);&#13;&#10;        if (checkersBoard.myPeasentColor == 'r') {&#13;&#10;            checkersBoard.myKingColor = 'b';&#13;&#10;        } else if (checkersBoard.myPeasentColor == 'w') {&#13;&#10;            checkersBoard.myKingColor = 'g';&#13;&#10;        } else {&#13;&#10;            remoteFunctions.resetMotors();&#13;&#10;            remoteFunctions.initColorSensor();&#13;&#10;            findMyColors();&#13;&#10;        }&#13;&#10;    }&#13;&#10;&#13;&#10;    //Returns the color on the given position&#13;&#10;    public final char getColor(int x, int y) throws IOException {&#13;&#10;        Color colorResult = remoteFunctions.getColorOnField(x, y);&#13;&#10;&#13;&#10;        int red = colorResult.getRed();&#13;&#10;        int green = colorResult.getGreen();&#13;&#10;        int blue = colorResult.getBlue();&#13;&#10;        if (red &gt; 230 &amp;&amp; red &lt; 290 &amp;&amp; green &lt; 130 &amp;&amp; green &gt; 60&#13;&#10;                &amp;&amp; blue &lt; 140 &amp;&amp; blue &gt; 60) {&#13;&#10;            return 'r';&#13;&#10;        } else if (red &gt; 230 &amp;&amp; red &lt; 285 &amp;&amp; green &gt; 235 &amp;&amp; green &lt; 285&#13;&#10;                &amp;&amp; blue &gt; 230 &amp;&amp; blue &lt; 280) {&#13;&#10;            return 'w';&#13;&#10;        } else if (red &lt; 230 &amp;&amp; red &gt; 170 &amp;&amp; green &gt; 210 &amp;&amp; green &lt; 290&#13;&#10;                &amp;&amp; blue &lt; 230 &amp;&amp; blue &gt; 170) {&#13;&#10;            return 'g';&#13;&#10;        } else if (red &lt; 170 &amp;&amp; red &gt; 110 &amp;&amp; green &lt; 240 &amp;&amp; green &gt; 180&#13;&#10;                &amp;&amp; blue &gt; 210 &amp;&amp; blue &lt; 270) {&#13;&#10;            return 'b';&#13;&#10;        } else {&#13;&#10;            return ' ';&#13;&#10;        }&#13;&#10;    }&#13;&#10;&#13;&#10;    public final boolean checkForGameHasEnded(boolean isHumansTurn)&#13;&#10;            throws IOException, NoKingLeft {&#13;&#10;        switch (gameHasEnded(isHumansTurn)) {&#13;&#10;        case 0:&#13;&#10;            return false;&#13;&#10;        case 1:&#13;&#10;            checkersBoard.informer.humanWon();&#13;&#10;            return true;&#13;&#10;        case 2:&#13;&#10;            checkersBoard.informer.robotWon();&#13;&#10;            return true;&#13;&#10;        case 3:&#13;&#10;            checkersBoard.informer.draw();&#13;&#10;            return true;&#13;&#10;        default:&#13;&#10;            return false;&#13;&#10;        }&#13;&#10;    }&#13;&#10;&#13;&#10;    /*returns 0 if game has not ended, 1 if the human won,&#13;&#10;     * 2 if the robot won and 3 if it was a draw*/&#13;&#10;    public final int gameHasEnded(boolean humanTurn) {&#13;&#10;        checkersBoard.updateMoveables();&#13;&#10;&#13;&#10;        List&lt;Piece&gt; humanPieceList = new ArrayList&lt;Piece&gt;();&#13;&#10;        List&lt;Piece&gt; robotPieceList = new ArrayList&lt;Piece&gt;();&#13;&#10;        boolean robotHasMovable = false;&#13;&#10;        boolean humanHasMovable = false;&#13;&#10;&#13;&#10;        for (Field[] f : checkersBoard.myBoard) {&#13;&#10;            for (Field field : f) {&#13;&#10;                if (!field.isEmpty()) {&#13;&#10;                    if (checkersBoard.checkAllegiance(field, true)) {&#13;&#10;                        humanPieceList.add(field.getPieceOnField());&#13;&#10;                        if (field.getPieceOnField().isMoveable) {&#13;&#10;                            humanHasMovable = true;&#13;&#10;                        }&#13;&#10;                    }&#13;&#10;                    if (checkersBoard.checkAllegiance(field, false)) {&#13;&#10;                        robotPieceList.add(field.getPieceOnField());&#13;&#10;                        if (field.getPieceOnField().isMoveable) {&#13;&#10;                            robotHasMovable = true;&#13;&#10;                        }&#13;&#10;                    }&#13;&#10;                }&#13;&#10;            }&#13;&#10;        }&#13;&#10;&#13;&#10;        if (robotPieceList.size() == 0 || (!humanTurn &amp;&amp; !robotHasMovable)) {&#13;&#10;            return 1;&#13;&#10;        }&#13;&#10;        if (humanPieceList.size() == 0 || (humanTurn &amp;&amp; !humanHasMovable)) {&#13;&#10;            return 2;&#13;&#10;        }&#13;&#10;        if (robotPieceList.size() == 1 &amp;&amp; humanPieceList.size() == 1) {&#13;&#10;            if (robotPieceList.get(0).isCrowned&#13;&#10;                    &amp;&amp; humanPieceList.get(0).isCrowned) {&#13;&#10;                boolean humanisInConer =&#13;&#10;                        isOnDoubleCorners(humanPieceList.get(0));&#13;&#10;                boolean robotisInConer =&#13;&#10;                        isOnDoubleCorners(robotPieceList.get(0));&#13;&#10;                if (humanisInConer || robotisInConer) {&#13;&#10;                    if (humanTurn &amp;&amp; !humanPieceList.get(0).canJump) {&#13;&#10;                        return 3;&#13;&#10;                    } else if (!humanTurn &amp;&amp; !robotPieceList.get(0).canJump) {&#13;&#10;                        return 3;&#13;&#10;                    }&#13;&#10;                }&#13;&#10;            }&#13;&#10;        }&#13;&#10;        return 0;&#13;&#10;    }&#13;&#10;&#13;&#10;    public boolean hasTheMove(boolean humansTurn, int ownPieces, int oppPieces) {&#13;&#10;        int rowToCheck = 0;&#13;&#10;        if (ownPieces - oppPieces == 0) {&#13;&#10;            if (!humansTurn) {&#13;&#10;                rowToCheck = 1;&#13;&#10;            }&#13;&#10;&#13;&#10;            int pieceCount = 0;&#13;&#10;&#13;&#10;            for (int i = rowToCheck; i &lt; 8; i += 2) {&#13;&#10;                for (int j = 0; j &lt; 8; j++) {&#13;&#10;                    if (!checkersBoard.myBoard[i][j].isEmpty()) {&#13;&#10;                        pieceCount++;&#13;&#10;                    }&#13;&#10;                }&#13;&#10;            }&#13;&#10;&#13;&#10;            if (pieceCount % 2 == 1) {&#13;&#10;                return true;&#13;&#10;            }&#13;&#10;        } else if (!humansTurn &amp;&amp; ownPieces &gt; oppPieces) {&#13;&#10;            return true;&#13;&#10;        } else if (humansTurn &amp;&amp; ownPieces &lt; oppPieces) {&#13;&#10;            return true;&#13;&#10;        }&#13;&#10;        return false;&#13;&#10;    }&#13;&#10;&#13;&#10;    public boolean isOnDoubleCorners(Piece piece) {&#13;&#10;        if ((piece.getX() == 0 &amp;&amp; piece.getY() == 1)&#13;&#10;                || (piece.getX() == 1 &amp;&amp; piece.getY() == 0)&#13;&#10;                || (piece.getX() == 7 &amp;&amp; piece.getY() == 6)&#13;&#10;                || (piece.getX() == 6 &amp;&amp; piece.getY() == 7)) {&#13;&#10;            return true;&#13;&#10;        }&#13;&#10;        return false;&#13;&#10;    }&#13;&#10;&#13;&#10;    public final void cleanUp() throws IOException, NoKingLeft {&#13;&#10;        for (Field[] fa : checkersBoard.myBoard) {&#13;&#10;            for (Field f : fa) {&#13;&#10;                if (!f.isEmpty()) {&#13;&#10;                    placePiece(f);&#13;&#10;                }&#13;&#10;            }&#13;&#10;        }&#13;&#10;&#13;&#10;        for (Field[] fa : checkersBoard.trashPlace) {&#13;&#10;            for (Field f : fa) {&#13;&#10;                if (!f.isEmpty()) {&#13;&#10;                    placePiece(f);&#13;&#10;                }&#13;&#10;            }&#13;&#10;        }&#13;&#10;&#13;&#10;        for (Field[] fa : checkersBoard.oppTrashPlace) {&#13;&#10;            for (Field f : fa) {&#13;&#10;                if (!f.isEmpty()) {&#13;&#10;                    placePiece(f);&#13;&#10;                }&#13;&#10;            }&#13;&#10;        }&#13;&#10;    }&#13;&#10;&#13;&#10;    private void placePiece(Field fieldToMove) throws IOException, NoKingLeft {&#13;&#10;        if (fieldToMove.getPieceOnField().isCrowned) {&#13;&#10;            moveToKingRow(fieldToMove);&#13;&#10;        } else {&#13;&#10;            if (isInCorrectEnd(fieldToMove.getPieceOnField())) {&#13;&#10;                return;&#13;&#10;            } else {&#13;&#10;                movePeasent(fieldToMove);&#13;&#10;            }&#13;&#10;        }&#13;&#10;    }&#13;&#10;&#13;&#10;    private void movePeasent(Field fieldToMove) throws IOException, NoKingLeft {&#13;&#10;        if (checkersBoard.checkAllegiance(&#13;&#10;                fieldToMove.getPieceOnField(), true)) {&#13;&#10;            OUTERMOST: for (int i = 0; i &lt;= 7; i++) {&#13;&#10;                for (int j = 5; j &lt;= 7; j++) {&#13;&#10;                    if (checkersBoard.myBoard[i][j].isEmpty()&#13;&#10;                            &amp;&amp; checkersBoard.myBoard[i][j].allowedField) {&#13;&#10;                        remoteFunctions.doMove(new Move(fieldToMove,&#13;&#10;                                checkersBoard.myBoard[i][j], false));&#13;&#10;                        break OUTERMOST;&#13;&#10;                    }&#13;&#10;                }&#13;&#10;            }&#13;&#10;        } else if (checkersBoard.checkAllegiance(&#13;&#10;                fieldToMove.getPieceOnField(), false)) {&#13;&#10;            OUTERMOST: for (int i = 0; i &lt;= 7; i++) {&#13;&#10;                for (int j = 0; j &lt;= 2; j++) {&#13;&#10;                    if (checkersBoard.myBoard[i][j].isEmpty()&#13;&#10;                            &amp;&amp; checkersBoard.myBoard[i][j].allowedField) {&#13;&#10;                        remoteFunctions.doMove(new Move(fieldToMove,&#13;&#10;                                checkersBoard.myBoard[i][j], false));&#13;&#10;                        break OUTERMOST;&#13;&#10;                    }&#13;&#10;                }&#13;&#10;            }&#13;&#10;        }&#13;&#10;    }&#13;&#10;&#13;&#10;    private void moveToKingRow(Field fieldToMove)&#13;&#10;            throws IOException, NoKingLeft {&#13;&#10;        if (checkersBoard.checkAllegiance(&#13;&#10;                fieldToMove.getPieceOnField(), false)) {&#13;&#10;            int i = 0;&#13;&#10;            while (!(i &gt; 7)) {&#13;&#10;                if (checkersBoard.oppKingPlace[i].isEmpty()) {&#13;&#10;                    //Insert king at location&#13;&#10;                    remoteFunctions.doMove(new Move(fieldToMove,&#13;&#10;                            checkersBoard.oppKingPlace[i], true));&#13;&#10;                    return;&#13;&#10;                }&#13;&#10;                i++;&#13;&#10;            }&#13;&#10;        } else if (checkersBoard.checkAllegiance(&#13;&#10;                fieldToMove.getPieceOnField(), true)) {&#13;&#10;            int i = 0;&#13;&#10;            while (!(i &gt; 7)) {&#13;&#10;                if (checkersBoard.kingPlace[i].isEmpty()) {&#13;&#10;                    //Insert king at location&#13;&#10;                    remoteFunctions.doMove(new Move(fieldToMove,&#13;&#10;                            checkersBoard.kingPlace[i], true));&#13;&#10;                    return;&#13;&#10;                }&#13;&#10;                i++;&#13;&#10;            }&#13;&#10;        }&#13;&#10;    }&#13;&#10;&#13;&#10;    private boolean isInCorrectEnd(Piece pieceToCheck) {&#13;&#10;        return (checkersBoard.checkAllegiance(pieceToCheck, true)&#13;&#10;                &amp;&amp; (pieceToCheck.getY() &gt;= 5 &amp;&amp; pieceToCheck.getY() &lt;= 7))&#13;&#10;                || (checkersBoard.checkAllegiance(pieceToCheck, false)&#13;&#10;                        &amp;&amp; (pieceToCheck.getY() &gt;= 0 &amp;&amp; pieceToCheck.getY() &lt;= 2));&#13;&#10;    }&#13;&#10;}&#13;&#10;" Filename="Analyze.java" Intrnl_Id="1"/>
</SrcFileList>
<CritList>
<CritListEntry Name="org.codecover.model.utils.criteria.LoopCoverage" PluginName="org.codecover"/>
<CritListEntry Name="org.codecover.model.utils.criteria.BranchCoverage" PluginName="org.codecover"/>
<CritListEntry Name="org.codecover.model.utils.criteria.ConditionCoverage" PluginName="org.codecover"/>
<CritListEntry Name="org.codecover.model.utils.criteria.StatementCoverage" PluginName="org.codecover"/>
</CritList>
<BoolOpList>
<BoolOp Arity="1" Intrnl_Id="2" Name="not (!)">
<BoolAssgnmntBoolMapList>
<MapEntry BoolAssgnmnt="0" Value="true"/>
<MapEntry BoolAssgnmnt="1" Value="false"/>
</BoolAssgnmntBoolMapList>
</BoolOp>
<BoolOp Arity="2" Intrnl_Id="3" Name="conditional and (&amp;&amp;)">
<BoolAssgnmntBoolMapList>
<MapEntry BoolAssgnmnt="10" Value="false"/>
<MapEntry BoolAssgnmnt="02" Value="false"/>
<MapEntry BoolAssgnmnt="11" Value="true"/>
</BoolAssgnmntBoolMapList>
</BoolOp>
<BoolOp Arity="2" Intrnl_Id="4" Name="conditional or (||)">
<BoolAssgnmntBoolMapList>
<MapEntry BoolAssgnmnt="01" Value="true"/>
<MapEntry BoolAssgnmnt="00" Value="false"/>
<MapEntry BoolAssgnmnt="12" Value="true"/>
</BoolAssgnmntBoolMapList>
</BoolOp>
</BoolOpList>
<HierarchyLvlTypeList>
<HierarchyLvlType EnglishName="package" IntrnlName="package" Intrnl_Id="5"/>
<HierarchyLvlType EnglishName="class" IntrnlName="class" Intrnl_Id="6"/>
<HierarchyLvlType EnglishName="method" IntrnlName="method" Intrnl_Id="7"/>
<HierarchyLvlType EnglishName="default package" IntrnlName="default package" Intrnl_Id="8"/>
</HierarchyLvlTypeList>
<MASTRoot>
<HierarchyLvl HierarchyLvlId="1042" HierarchyLvlTypeId="8" Intrnl_Id="9" Name="default package">
<Header/>
<LocList/>
<HierarchyLvl HierarchyLvlId="1041" HierarchyLvlTypeId="5" Intrnl_Id="10" Name="com">
<Header/>
<LocList/>
<HierarchyLvl HierarchyLvlId="1040" HierarchyLvlTypeId="5" Intrnl_Id="11" Name="OriginalFiles">
<Header/>
<LocList/>
<HierarchyLvl HierarchyLvlId="1039" HierarchyLvlTypeId="6" Intrnl_Id="12" Name="Analyze">
<Header>
<Loc EndOffset="248" SrcFileId="1" StartOffset="228"/>
</Header>
<LocList>
<Loc EndOffset="25437" SrcFileId="1" StartOffset="228"/>
</LocList>
<StmntSeq Intrnl_Id="13">
<LocList>
<Loc EndOffset="366" SrcFileId="1" StartOffset="325"/>
<Loc EndOffset="405" SrcFileId="1" StartOffset="372"/>
<Loc EndOffset="457" SrcFileId="1" StartOffset="411"/>
<Loc EndOffset="556" SrcFileId="1" StartOffset="512"/>
</LocList>
<BasicStmnt CovItemId="S1" CovItemPrefix="com.OriginalFiles.Analyze.java" Intrnl_Id="14">
<LocList>
<Loc EndOffset="366" SrcFileId="1" StartOffset="325"/>
</LocList>
</BasicStmnt>
<BasicStmnt CovItemId="S2" CovItemPrefix="com.OriginalFiles.Analyze.java" Intrnl_Id="15">
<LocList>
<Loc EndOffset="405" SrcFileId="1" StartOffset="372"/>
</LocList>
</BasicStmnt>
<BasicStmnt CovItemId="S3" CovItemPrefix="com.OriginalFiles.Analyze.java" Intrnl_Id="16">
<LocList>
<Loc EndOffset="457" SrcFileId="1" StartOffset="411"/>
</LocList>
</BasicStmnt>
<BasicStmnt CovItemId="S4" CovItemPrefix="com.OriginalFiles.Analyze.java" Intrnl_Id="17">
<LocList>
<Loc EndOffset="556" SrcFileId="1" StartOffset="512"/>
</LocList>
</BasicStmnt>
</StmntSeq>
<HierarchyLvl HierarchyLvlId="1015" HierarchyLvlTypeId="7" Intrnl_Id="18" Name="Analyze">
<Header>
<Loc EndOffset="687" SrcFileId="1" StartOffset="628"/>
</Header>
<LocList>
<Loc EndOffset="768" SrcFileId="1" StartOffset="628"/>
</LocList>
<StmntSeq Intrnl_Id="19">
<LocList>
<Loc EndOffset="721" SrcFileId="1" StartOffset="699"/>
<Loc EndOffset="761" SrcFileId="1" StartOffset="731"/>
</LocList>
<BasicStmnt CovItemId="S5" CovItemPrefix="com.OriginalFiles.Analyze.java" Intrnl_Id="20">
<LocList>
<Loc EndOffset="721" SrcFileId="1" StartOffset="699"/>
</LocList>
</BasicStmnt>
<BasicStmnt CovItemId="S6" CovItemPrefix="com.OriginalFiles.Analyze.java" Intrnl_Id="21">
<LocList>
<Loc EndOffset="761" SrcFileId="1" StartOffset="731"/>
</LocList>
</BasicStmnt>
</StmntSeq>
</HierarchyLvl>
<HierarchyLvl HierarchyLvlId="1016" HierarchyLvlTypeId="7" Intrnl_Id="22" Name="analyzeBoard">
<Header>
<Loc EndOffset="954" SrcFileId="1" StartOffset="848"/>
</Header>
<LocList>
<Loc EndOffset="1536" SrcFileId="1" StartOffset="848"/>
</LocList>
<StmntSeq Intrnl_Id="23">
<LocList>
<Loc EndOffset="1506" SrcFileId="1" StartOffset="966"/>
<Loc EndOffset="1529" SrcFileId="1" StartOffset="1516"/>
</LocList>
<CondStmnt CovItemId="S7" CovItemPrefix="com.OriginalFiles.Analyze.java" Intrnl_Id="24">
<Branch CovItemId="B1" CovItemPrefix="com.OriginalFiles.Analyze.java" Implct="false" Intrnl_Id="25">
<Cond/>
<LocList>
<Loc EndOffset="1506" SrcFileId="1" StartOffset="999"/>
</LocList>
<StmntSeq Intrnl_Id="26">
<LocList>
<Loc EndOffset="1038" SrcFileId="1" StartOffset="1014"/>
<Loc EndOffset="1104" SrcFileId="1" StartOffset="1054"/>
<Loc EndOffset="1167" SrcFileId="1" StartOffset="1118"/>
<Loc EndOffset="1222" SrcFileId="1" StartOffset="1181"/>
<Loc EndOffset="1255" SrcFileId="1" StartOffset="1236"/>
<Loc EndOffset="1361" SrcFileId="1" StartOffset="1329"/>
<Loc EndOffset="1401" SrcFileId="1" StartOffset="1375"/>
<Loc EndOffset="1495" SrcFileId="1" StartOffset="1415"/>
</LocList>
<BasicStmnt CovItemId="S8" CovItemPrefix="com.OriginalFiles.Analyze.java" Intrnl_Id="27">
<LocList>
<Loc EndOffset="1038" SrcFileId="1" StartOffset="1014"/>
</LocList>
</BasicStmnt>
<BasicStmnt CovItemId="S9" CovItemPrefix="com.OriginalFiles.Analyze.java" Intrnl_Id="28">
<LocList>
<Loc EndOffset="1104" SrcFileId="1" StartOffset="1054"/>
</LocList>
</BasicStmnt>
<BasicStmnt CovItemId="S10" CovItemPrefix="com.OriginalFiles.Analyze.java" Intrnl_Id="29">
<LocList>
<Loc EndOffset="1167" SrcFileId="1" StartOffset="1118"/>
</LocList>
</BasicStmnt>
<BasicStmnt CovItemId="S11" CovItemPrefix="com.OriginalFiles.Analyze.java" Intrnl_Id="30">
<LocList>
<Loc EndOffset="1222" SrcFileId="1" StartOffset="1181"/>
</LocList>
</BasicStmnt>
<BasicStmnt CovItemId="S12" CovItemPrefix="com.OriginalFiles.Analyze.java" Intrnl_Id="31">
<LocList>
<Loc EndOffset="1255" SrcFileId="1" StartOffset="1236"/>
</LocList>
</BasicStmnt>
<BasicStmnt CovItemId="S13" CovItemPrefix="com.OriginalFiles.Analyze.java" Intrnl_Id="32">
<LocList>
<Loc EndOffset="1361" SrcFileId="1" StartOffset="1329"/>
</LocList>
</BasicStmnt>
<BasicStmnt CovItemId="S14" CovItemPrefix="com.OriginalFiles.Analyze.java" Intrnl_Id="33">
<LocList>
<Loc EndOffset="1401" SrcFileId="1" StartOffset="1375"/>
</LocList>
</BasicStmnt>
<CondStmnt CovItemId="S15" CovItemPrefix="com.OriginalFiles.Analyze.java" Intrnl_Id="34">
<Branch CovItemId="B3" CovItemPrefix="com.OriginalFiles.Analyze.java" Implct="false" Intrnl_Id="35">
<Cond/>
<LocList>
<Loc EndOffset="1495" SrcFileId="1" StartOffset="1449"/>
</LocList>
<StmntSeq Intrnl_Id="36">
<LocList>
<Loc EndOffset="1480" SrcFileId="1" StartOffset="1468"/>
</LocList>
<BasicStmnt CovItemId="S16" CovItemPrefix="com.OriginalFiles.Analyze.java" Intrnl_Id="37">
<LocList>
<Loc EndOffset="1480" SrcFileId="1" StartOffset="1468"/>
</LocList>
</BasicStmnt>
</StmntSeq>
</Branch>
<Branch CovItemId="B4" CovItemPrefix="com.OriginalFiles.Analyze.java" Implct="true" Intrnl_Id="38">
<Cond/>
<LocList/>
<StmntSeq Intrnl_Id="39">
<LocList/>
</StmntSeq>
</Branch>
<Keyword EndOffset="1417" SrcFileId="1" StartOffset="1415"/>
<LocList>
<Loc EndOffset="1495" SrcFileId="1" StartOffset="1415"/>
</LocList>
<RootTerm CovItemId="C2" CovItemPrefix="com.OriginalFiles.Analyze.java" Intrnl_Id="40">
<OpTerm BooleanOpId="2" Intrnl_Id="41">
<BasicBoolTerm Intrnl_Id="42">
<LocList>
<Loc EndOffset="1447" SrcFileId="1" StartOffset="1420"/>
</LocList>
</BasicBoolTerm>
<LocList>
<Loc EndOffset="1420" SrcFileId="1" StartOffset="1419"/>
</LocList>
</OpTerm>
</RootTerm>
</CondStmnt>
</StmntSeq>
</Branch>
<Branch CovItemId="B2" CovItemPrefix="com.OriginalFiles.Analyze.java" Implct="true" Intrnl_Id="43">
<Cond/>
<LocList/>
<StmntSeq Intrnl_Id="44">
<LocList/>
</StmntSeq>
</Branch>
<Keyword EndOffset="968" SrcFileId="1" StartOffset="966"/>
<LocList>
<Loc EndOffset="1506" SrcFileId="1" StartOffset="966"/>
</LocList>
<RootTerm CovItemId="C1" CovItemPrefix="com.OriginalFiles.Analyze.java" Intrnl_Id="45">
<OpTerm BooleanOpId="2" Intrnl_Id="46">
<BasicBoolTerm Intrnl_Id="47">
<LocList>
<Loc EndOffset="997" SrcFileId="1" StartOffset="971"/>
</LocList>
</BasicBoolTerm>
<LocList>
<Loc EndOffset="971" SrcFileId="1" StartOffset="970"/>
</LocList>
</OpTerm>
</RootTerm>
</CondStmnt>
<BasicStmnt CovItemId="S17" CovItemPrefix="com.OriginalFiles.Analyze.java" Intrnl_Id="48">
<LocList>
<Loc EndOffset="1529" SrcFileId="1" StartOffset="1516"/>
</LocList>
</BasicStmnt>
</StmntSeq>
</HierarchyLvl>
<HierarchyLvl HierarchyLvlId="1017" HierarchyLvlTypeId="7" Intrnl_Id="49" Name="checkMotorCalibration">
<Header>
<Loc EndOffset="1597" SrcFileId="1" StartOffset="1561"/>
</Header>
<LocList>
<Loc EndOffset="1788" SrcFileId="1" StartOffset="1561"/>
</LocList>
<StmntSeq Intrnl_Id="50">
<LocList>
<Loc EndOffset="1631" SrcFileId="1" StartOffset="1609"/>
<Loc EndOffset="1781" SrcFileId="1" StartOffset="1643"/>
</LocList>
<BasicStmnt CovItemId="S18" CovItemPrefix="com.OriginalFiles.Analyze.java" Intrnl_Id="51">
<LocList>
<Loc EndOffset="1631" SrcFileId="1" StartOffset="1609"/>
</LocList>
</BasicStmnt>
<CondStmnt CovItemId="S19" CovItemPrefix="com.OriginalFiles.Analyze.java" Intrnl_Id="52">
<Branch CovItemId="B5" CovItemPrefix="com.OriginalFiles.Analyze.java" Implct="false" Intrnl_Id="53">
<Cond/>
<LocList>
<Loc EndOffset="1781" SrcFileId="1" StartOffset="1690"/>
</LocList>
<StmntSeq Intrnl_Id="54">
<LocList>
<Loc EndOffset="1726" SrcFileId="1" StartOffset="1705"/>
<Loc EndOffset="1770" SrcFileId="1" StartOffset="1740"/>
</LocList>
<BasicStmnt CovItemId="S20" CovItemPrefix="com.OriginalFiles.Analyze.java" Intrnl_Id="55">
<LocList>
<Loc EndOffset="1726" SrcFileId="1" StartOffset="1705"/>
</LocList>
</BasicStmnt>
<BasicStmnt CovItemId="S21" CovItemPrefix="com.OriginalFiles.Analyze.java" Intrnl_Id="56">
<LocList>
<Loc EndOffset="1770" SrcFileId="1" StartOffset="1740"/>
</LocList>
</BasicStmnt>
</StmntSeq>
</Branch>
<Branch CovItemId="B6" CovItemPrefix="com.OriginalFiles.Analyze.java" Implct="true" Intrnl_Id="57">
<Cond/>
<LocList/>
<StmntSeq Intrnl_Id="58">
<LocList/>
</StmntSeq>
</Branch>
<Keyword EndOffset="1645" SrcFileId="1" StartOffset="1643"/>
<LocList>
<Loc EndOffset="1781" SrcFileId="1" StartOffset="1643"/>
</LocList>
<RootTerm CovItemId="C3" CovItemPrefix="com.OriginalFiles.Analyze.java" Intrnl_Id="59">
<BasicBoolTerm Intrnl_Id="60">
<LocList>
<Loc EndOffset="1688" SrcFileId="1" StartOffset="1647"/>
</LocList>
</BasicBoolTerm>
</RootTerm>
</CondStmnt>
</StmntSeq>
</HierarchyLvl>
<HierarchyLvl HierarchyLvlId="1018" HierarchyLvlTypeId="7" Intrnl_Id="61" Name="makeListOfMoveables">
<Header>
<Loc EndOffset="1861" SrcFileId="1" StartOffset="1796"/>
</Header>
<LocList>
<Loc EndOffset="2615" SrcFileId="1" StartOffset="1796"/>
</LocList>
<StmntSeq Intrnl_Id="62">
<LocList>
<Loc EndOffset="1959" SrcFileId="1" StartOffset="1927"/>
<Loc EndOffset="2344" SrcFileId="1" StartOffset="1969"/>
<Loc EndOffset="2399" SrcFileId="1" StartOffset="2354"/>
<Loc EndOffset="2428" SrcFileId="1" StartOffset="2409"/>
<Loc EndOffset="2455" SrcFileId="1" StartOffset="2438"/>
<Loc EndOffset="2578" SrcFileId="1" StartOffset="2465"/>
<Loc EndOffset="2608" SrcFileId="1" StartOffset="2588"/>
</LocList>
<BasicStmnt CovItemId="S22" CovItemPrefix="com.OriginalFiles.Analyze.java" Intrnl_Id="63">
<LocList>
<Loc EndOffset="1959" SrcFileId="1" StartOffset="1927"/>
</LocList>
</BasicStmnt>
<LoopStmnt CovItemId="S23" CovItemPrefix="com.OriginalFiles.Analyze.java" Intrnl_Id="64" MltplExecId="L1-2" MltplExecPrefix="com.OriginalFiles.Analyze.java" NvrExecId="L1-0" NvrExecPrefix="com.OriginalFiles.Analyze.java" OnceExecutedId="L1-1" OnceExecutedPrefix="com.OriginalFiles.Analyze.java" OptBodyExec="true">
<StmntSeq Intrnl_Id="65">
<LocList>
<Loc EndOffset="2333" SrcFileId="1" StartOffset="2024"/>
</LocList>
<LoopStmnt CovItemId="S24" CovItemPrefix="com.OriginalFiles.Analyze.java" Intrnl_Id="66" MltplExecId="L2-2" MltplExecPrefix="com.OriginalFiles.Analyze.java" NvrExecId="L2-0" NvrExecPrefix="com.OriginalFiles.Analyze.java" OnceExecutedId="L2-1" OnceExecutedPrefix="com.OriginalFiles.Analyze.java" OptBodyExec="true">
<StmntSeq Intrnl_Id="67">
<LocList>
<Loc EndOffset="2318" SrcFileId="1" StartOffset="2065"/>
</LocList>
<CondStmnt CovItemId="S25" CovItemPrefix="com.OriginalFiles.Analyze.java" Intrnl_Id="68">
<Branch CovItemId="B7" CovItemPrefix="com.OriginalFiles.Analyze.java" Implct="false" Intrnl_Id="69">
<Cond/>
<LocList>
<Loc EndOffset="2318" SrcFileId="1" StartOffset="2087"/>
</LocList>
<StmntSeq Intrnl_Id="70">
<LocList>
<Loc EndOffset="2299" SrcFileId="1" StartOffset="2110"/>
</LocList>
<CondStmnt CovItemId="S26" CovItemPrefix="com.OriginalFiles.Analyze.java" Intrnl_Id="71">
<Branch CovItemId="B9" CovItemPrefix="com.OriginalFiles.Analyze.java" Implct="false" Intrnl_Id="72">
<Cond/>
<LocList>
<Loc EndOffset="2299" SrcFileId="1" StartOffset="2225"/>
</LocList>
<StmntSeq Intrnl_Id="73">
<LocList>
<Loc EndOffset="2276" SrcFileId="1" StartOffset="2252"/>
</LocList>
<BasicStmnt CovItemId="S27" CovItemPrefix="com.OriginalFiles.Analyze.java" Intrnl_Id="74">
<LocList>
<Loc EndOffset="2276" SrcFileId="1" StartOffset="2252"/>
</LocList>
</BasicStmnt>
</StmntSeq>
</Branch>
<Branch CovItemId="B10" CovItemPrefix="com.OriginalFiles.Analyze.java" Implct="true" Intrnl_Id="75">
<Cond/>
<LocList/>
<StmntSeq Intrnl_Id="76">
<LocList/>
</StmntSeq>
</Branch>
<Keyword EndOffset="2112" SrcFileId="1" StartOffset="2110"/>
<LocList>
<Loc EndOffset="2299" SrcFileId="1" StartOffset="2110"/>
</LocList>
<RootTerm CovItemId="C5" CovItemPrefix="com.OriginalFiles.Analyze.java" Intrnl_Id="77">
<OpTerm BooleanOpId="3" Intrnl_Id="78">
<BasicBoolTerm Intrnl_Id="79">
<LocList>
<Loc EndOffset="2148" SrcFileId="1" StartOffset="2114"/>
</LocList>
</BasicBoolTerm>
<BasicBoolTerm Intrnl_Id="80">
<LocList>
<Loc EndOffset="2223" SrcFileId="1" StartOffset="2181"/>
</LocList>
</BasicBoolTerm>
<LocList>
<Loc EndOffset="2180" SrcFileId="1" StartOffset="2178"/>
</LocList>
</OpTerm>
</RootTerm>
</CondStmnt>
</StmntSeq>
</Branch>
<Branch CovItemId="B8" CovItemPrefix="com.OriginalFiles.Analyze.java" Implct="true" Intrnl_Id="81">
<Cond/>
<LocList/>
<StmntSeq Intrnl_Id="82">
<LocList/>
</StmntSeq>
</Branch>
<Keyword EndOffset="2067" SrcFileId="1" StartOffset="2065"/>
<LocList>
<Loc EndOffset="2318" SrcFileId="1" StartOffset="2065"/>
</LocList>
<RootTerm CovItemId="C4" CovItemPrefix="com.OriginalFiles.Analyze.java" Intrnl_Id="83">
<OpTerm BooleanOpId="2" Intrnl_Id="84">
<BasicBoolTerm Intrnl_Id="85">
<LocList>
<Loc EndOffset="2085" SrcFileId="1" StartOffset="2070"/>
</LocList>
</BasicBoolTerm>
<LocList>
<Loc EndOffset="2070" SrcFileId="1" StartOffset="2069"/>
</LocList>
</OpTerm>
</RootTerm>
</CondStmnt>
</StmntSeq>
<Keyword EndOffset="2027" SrcFileId="1" StartOffset="2024"/>
<LocList>
<Loc EndOffset="2333" SrcFileId="1" StartOffset="2024"/>
</LocList>
</LoopStmnt>
</StmntSeq>
<Keyword EndOffset="1972" SrcFileId="1" StartOffset="1969"/>
<LocList>
<Loc EndOffset="2344" SrcFileId="1" StartOffset="1969"/>
</LocList>
</LoopStmnt>
<BasicStmnt CovItemId="S28" CovItemPrefix="com.OriginalFiles.Analyze.java" Intrnl_Id="86">
<LocList>
<Loc EndOffset="2399" SrcFileId="1" StartOffset="2354"/>
</LocList>
</BasicStmnt>
<BasicStmnt CovItemId="S29" CovItemPrefix="com.OriginalFiles.Analyze.java" Intrnl_Id="87">
<LocList>
<Loc EndOffset="2428" SrcFileId="1" StartOffset="2409"/>
</LocList>
</BasicStmnt>
<BasicStmnt CovItemId="S30" CovItemPrefix="com.OriginalFiles.Analyze.java" Intrnl_Id="88">
<LocList>
<Loc EndOffset="2455" SrcFileId="1" StartOffset="2438"/>
</LocList>
</BasicStmnt>
<CondStmnt CovItemId="S31" CovItemPrefix="com.OriginalFiles.Analyze.java" Intrnl_Id="89">
<Branch CovItemId="B11" CovItemPrefix="com.OriginalFiles.Analyze.java" Implct="false" Intrnl_Id="90">
<Cond/>
<LocList>
<Loc EndOffset="2578" SrcFileId="1" StartOffset="2495"/>
</LocList>
<StmntSeq Intrnl_Id="91">
<LocList>
<Loc EndOffset="2567" SrcFileId="1" StartOffset="2510"/>
</LocList>
<BasicStmnt CovItemId="S32" CovItemPrefix="com.OriginalFiles.Analyze.java" Intrnl_Id="92">
<LocList>
<Loc EndOffset="2567" SrcFileId="1" StartOffset="2510"/>
</LocList>
</BasicStmnt>
</StmntSeq>
</Branch>
<Branch CovItemId="B12" CovItemPrefix="com.OriginalFiles.Analyze.java" Implct="true" Intrnl_Id="93">
<Cond/>
<LocList/>
<StmntSeq Intrnl_Id="94">
<LocList/>
</StmntSeq>
</Branch>
<Keyword EndOffset="2467" SrcFileId="1" StartOffset="2465"/>
<LocList>
<Loc EndOffset="2578" SrcFileId="1" StartOffset="2465"/>
</LocList>
<RootTerm CovItemId="C6" CovItemPrefix="com.OriginalFiles.Analyze.java" Intrnl_Id="95">
<BasicBoolTerm Intrnl_Id="96">
<LocList>
<Loc EndOffset="2493" SrcFileId="1" StartOffset="2469"/>
</LocList>
</BasicBoolTerm>
</RootTerm>
</CondStmnt>
<BasicStmnt CovItemId="S33" CovItemPrefix="com.OriginalFiles.Analyze.java" Intrnl_Id="97">
<LocList>
<Loc EndOffset="2608" SrcFileId="1" StartOffset="2588"/>
</LocList>
</BasicStmnt>
</StmntSeq>
</HierarchyLvl>
<HierarchyLvl HierarchyLvlId="1019" HierarchyLvlTypeId="7" Intrnl_Id="98" Name="checkMovement">
<Header>
<Loc EndOffset="2788" SrcFileId="1" StartOffset="2654"/>
</Header>
<LocList>
<Loc EndOffset="3217" SrcFileId="1" StartOffset="2654"/>
</LocList>
<StmntSeq Intrnl_Id="99">
<LocList>
<Loc EndOffset="3187" SrcFileId="1" StartOffset="2800"/>
<Loc EndOffset="3210" SrcFileId="1" StartOffset="3197"/>
</LocList>
<LoopStmnt CovItemId="S34" CovItemPrefix="com.OriginalFiles.Analyze.java" Intrnl_Id="100" MltplExecId="L3-2" MltplExecPrefix="com.OriginalFiles.Analyze.java" NvrExecId="L3-0" NvrExecPrefix="com.OriginalFiles.Analyze.java" OnceExecutedId="L3-1" OnceExecutedPrefix="com.OriginalFiles.Analyze.java" OptBodyExec="true">
<StmntSeq Intrnl_Id="101">
<LocList>
<Loc EndOffset="3176" SrcFileId="1" StartOffset="2848"/>
</LocList>
<CondStmnt CovItemId="S35" CovItemPrefix="com.OriginalFiles.Analyze.java" Intrnl_Id="102">
<Branch CovItemId="B13" CovItemPrefix="com.OriginalFiles.Analyze.java" Implct="false" Intrnl_Id="103">
<Cond/>
<LocList>
<Loc EndOffset="3176" SrcFileId="1" StartOffset="2905"/>
</LocList>
<StmntSeq Intrnl_Id="104">
<LocList>
<Loc EndOffset="3058" SrcFileId="1" StartOffset="2924"/>
<Loc EndOffset="3161" SrcFileId="1" StartOffset="3076"/>
</LocList>
<CondStmnt CovItemId="S36" CovItemPrefix="com.OriginalFiles.Analyze.java" Intrnl_Id="105">
<Branch CovItemId="B15" CovItemPrefix="com.OriginalFiles.Analyze.java" Implct="false" Intrnl_Id="106">
<Cond/>
<LocList>
<Loc EndOffset="3058" SrcFileId="1" StartOffset="2974"/>
</LocList>
<StmntSeq Intrnl_Id="107">
<LocList>
<Loc EndOffset="3039" SrcFileId="1" StartOffset="2997"/>
</LocList>
<BasicStmnt CovItemId="S37" CovItemPrefix="com.OriginalFiles.Analyze.java" Intrnl_Id="108">
<LocList>
<Loc EndOffset="3039" SrcFileId="1" StartOffset="2997"/>
</LocList>
</BasicStmnt>
</StmntSeq>
</Branch>
<Branch CovItemId="B16" CovItemPrefix="com.OriginalFiles.Analyze.java" Implct="true" Intrnl_Id="109">
<Cond/>
<LocList/>
<StmntSeq Intrnl_Id="110">
<LocList/>
</StmntSeq>
</Branch>
<Keyword EndOffset="2926" SrcFileId="1" StartOffset="2924"/>
<LocList>
<Loc EndOffset="3058" SrcFileId="1" StartOffset="2924"/>
</LocList>
<RootTerm CovItemId="C8" CovItemPrefix="com.OriginalFiles.Analyze.java" Intrnl_Id="111">
<OpTerm BooleanOpId="3" Intrnl_Id="112">
<BasicBoolTerm Intrnl_Id="113">
<LocList>
<Loc EndOffset="2936" SrcFileId="1" StartOffset="2928"/>
</LocList>
</BasicBoolTerm>
<OpTerm BooleanOpId="2" Intrnl_Id="114">
<BasicBoolTerm Intrnl_Id="115">
<LocList>
<Loc EndOffset="2972" SrcFileId="1" StartOffset="2941"/>
</LocList>
</BasicBoolTerm>
<LocList>
<Loc EndOffset="2941" SrcFileId="1" StartOffset="2940"/>
</LocList>
</OpTerm>
<LocList>
<Loc EndOffset="2939" SrcFileId="1" StartOffset="2937"/>
</LocList>
</OpTerm>
</RootTerm>
</CondStmnt>
<CondStmnt CovItemId="S38" CovItemPrefix="com.OriginalFiles.Analyze.java" Intrnl_Id="116">
<Branch CovItemId="B17" CovItemPrefix="com.OriginalFiles.Analyze.java" Implct="false" Intrnl_Id="117">
<Cond/>
<LocList>
<Loc EndOffset="3161" SrcFileId="1" StartOffset="3107"/>
</LocList>
<StmntSeq Intrnl_Id="118">
<LocList>
<Loc EndOffset="3142" SrcFileId="1" StartOffset="3130"/>
</LocList>
<BasicStmnt CovItemId="S39" CovItemPrefix="com.OriginalFiles.Analyze.java" Intrnl_Id="119">
<LocList>
<Loc EndOffset="3142" SrcFileId="1" StartOffset="3130"/>
</LocList>
</BasicStmnt>
</StmntSeq>
</Branch>
<Branch CovItemId="B18" CovItemPrefix="com.OriginalFiles.Analyze.java" Implct="true" Intrnl_Id="120">
<Cond/>
<LocList/>
<StmntSeq Intrnl_Id="121">
<LocList/>
</StmntSeq>
</Branch>
<Keyword EndOffset="3078" SrcFileId="1" StartOffset="3076"/>
<LocList>
<Loc EndOffset="3161" SrcFileId="1" StartOffset="3076"/>
</LocList>
<RootTerm CovItemId="C9" CovItemPrefix="com.OriginalFiles.Analyze.java" Intrnl_Id="122">
<BasicBoolTerm Intrnl_Id="123">
<LocList>
<Loc EndOffset="3105" SrcFileId="1" StartOffset="3080"/>
</LocList>
</BasicBoolTerm>
</RootTerm>
</CondStmnt>
</StmntSeq>
</Branch>
<Branch CovItemId="B14" CovItemPrefix="com.OriginalFiles.Analyze.java" Implct="true" Intrnl_Id="124">
<Cond/>
<LocList/>
<StmntSeq Intrnl_Id="125">
<LocList/>
</StmntSeq>
</Branch>
<Keyword EndOffset="2850" SrcFileId="1" StartOffset="2848"/>
<LocList>
<Loc EndOffset="3176" SrcFileId="1" StartOffset="2848"/>
</LocList>
<RootTerm CovItemId="C7" CovItemPrefix="com.OriginalFiles.Analyze.java" Intrnl_Id="126">
<BasicBoolTerm Intrnl_Id="127">
<LocList>
<Loc EndOffset="2903" SrcFileId="1" StartOffset="2852"/>
</LocList>
</BasicBoolTerm>
</RootTerm>
</CondStmnt>
</StmntSeq>
<Keyword EndOffset="2803" SrcFileId="1" StartOffset="2800"/>
<LocList>
<Loc EndOffset="3187" SrcFileId="1" StartOffset="2800"/>
</LocList>
</LoopStmnt>
<BasicStmnt CovItemId="S40" CovItemPrefix="com.OriginalFiles.Analyze.java" Intrnl_Id="128">
<LocList>
<Loc EndOffset="3210" SrcFileId="1" StartOffset="3197"/>
</LocList>
</BasicStmnt>
</StmntSeq>
</HierarchyLvl>
<HierarchyLvl HierarchyLvlId="1020" HierarchyLvlTypeId="7" Intrnl_Id="129" Name="countDownToPanic">
<Header>
<Loc EndOffset="3386" SrcFileId="1" StartOffset="3276"/>
</Header>
<LocList>
<Loc EndOffset="3925" SrcFileId="1" StartOffset="3276"/>
</LocList>
<StmntSeq Intrnl_Id="130">
<LocList>
<Loc EndOffset="3918" SrcFileId="1" StartOffset="3398"/>
</LocList>
<CondStmnt CovItemId="S41" CovItemPrefix="com.OriginalFiles.Analyze.java" Intrnl_Id="131">
<Branch CovItemId="B19" CovItemPrefix="com.OriginalFiles.Analyze.java" Implct="false" Intrnl_Id="132">
<Cond/>
<LocList>
<Loc EndOffset="3918" SrcFileId="1" StartOffset="3415"/>
</LocList>
<StmntSeq Intrnl_Id="133">
<LocList>
<Loc EndOffset="3907" SrcFileId="1" StartOffset="3430"/>
</LocList>
<CondStmnt CovItemId="S42" CovItemPrefix="com.OriginalFiles.Analyze.java" Intrnl_Id="134">
<Branch CovItemId="B21" CovItemPrefix="com.OriginalFiles.Analyze.java" Implct="false" Intrnl_Id="135">
<Cond/>
<LocList>
<Loc EndOffset="3605" SrcFileId="1" StartOffset="3464"/>
</LocList>
<StmntSeq Intrnl_Id="136">
<LocList>
<Loc EndOffset="3510" SrcFileId="1" StartOffset="3483"/>
<Loc EndOffset="3543" SrcFileId="1" StartOffset="3528"/>
<Loc EndOffset="3590" SrcFileId="1" StartOffset="3561"/>
</LocList>
<BasicStmnt CovItemId="S43" CovItemPrefix="com.OriginalFiles.Analyze.java" Intrnl_Id="137">
<LocList>
<Loc EndOffset="3510" SrcFileId="1" StartOffset="3483"/>
</LocList>
</BasicStmnt>
<BasicStmnt CovItemId="S44" CovItemPrefix="com.OriginalFiles.Analyze.java" Intrnl_Id="138">
<LocList>
<Loc EndOffset="3543" SrcFileId="1" StartOffset="3528"/>
</LocList>
</BasicStmnt>
<BasicStmnt CovItemId="S45" CovItemPrefix="com.OriginalFiles.Analyze.java" Intrnl_Id="139">
<LocList>
<Loc EndOffset="3590" SrcFileId="1" StartOffset="3561"/>
</LocList>
</BasicStmnt>
</StmntSeq>
</Branch>
<Branch CovItemId="B22" CovItemPrefix="com.OriginalFiles.Analyze.java" Implct="false" Intrnl_Id="140">
<Cond>
<Loc EndOffset="3610" SrcFileId="1" StartOffset="3606"/>
</Cond>
<LocList>
<Loc EndOffset="3907" SrcFileId="1" StartOffset="3611"/>
</LocList>
<StmntSeq Intrnl_Id="141">
<LocList>
<Loc EndOffset="3907" SrcFileId="1" StartOffset="3611"/>
</LocList>
<CondStmnt CovItemId="S46" CovItemPrefix="com.OriginalFiles.Analyze.java" Intrnl_Id="142">
<Branch CovItemId="B23" CovItemPrefix="com.OriginalFiles.Analyze.java" Implct="false" Intrnl_Id="143">
<Cond/>
<LocList>
<Loc EndOffset="3834" SrcFileId="1" StartOffset="3645"/>
</LocList>
<StmntSeq Intrnl_Id="144">
<LocList>
<Loc EndOffset="3694" SrcFileId="1" StartOffset="3664"/>
<Loc EndOffset="3739" SrcFileId="1" StartOffset="3712"/>
<Loc EndOffset="3772" SrcFileId="1" StartOffset="3757"/>
<Loc EndOffset="3819" SrcFileId="1" StartOffset="3790"/>
</LocList>
<BasicStmnt CovItemId="S47" CovItemPrefix="com.OriginalFiles.Analyze.java" Intrnl_Id="145">
<LocList>
<Loc EndOffset="3694" SrcFileId="1" StartOffset="3664"/>
</LocList>
</BasicStmnt>
<BasicStmnt CovItemId="S48" CovItemPrefix="com.OriginalFiles.Analyze.java" Intrnl_Id="146">
<LocList>
<Loc EndOffset="3739" SrcFileId="1" StartOffset="3712"/>
</LocList>
</BasicStmnt>
<BasicStmnt CovItemId="S49" CovItemPrefix="com.OriginalFiles.Analyze.java" Intrnl_Id="147">
<LocList>
<Loc EndOffset="3772" SrcFileId="1" StartOffset="3757"/>
</LocList>
</BasicStmnt>
<BasicStmnt CovItemId="S50" CovItemPrefix="com.OriginalFiles.Analyze.java" Intrnl_Id="148">
<LocList>
<Loc EndOffset="3819" SrcFileId="1" StartOffset="3790"/>
</LocList>
</BasicStmnt>
</StmntSeq>
</Branch>
<Branch CovItemId="B24" CovItemPrefix="com.OriginalFiles.Analyze.java" Implct="false" Intrnl_Id="149">
<Cond>
<Loc EndOffset="3839" SrcFileId="1" StartOffset="3835"/>
</Cond>
<LocList>
<Loc EndOffset="3907" SrcFileId="1" StartOffset="3840"/>
</LocList>
<StmntSeq Intrnl_Id="150">
<LocList>
<Loc EndOffset="3892" SrcFileId="1" StartOffset="3859"/>
</LocList>
<BasicStmnt CovItemId="S51" CovItemPrefix="com.OriginalFiles.Analyze.java" Intrnl_Id="151">
<LocList>
<Loc EndOffset="3892" SrcFileId="1" StartOffset="3859"/>
</LocList>
</BasicStmnt>
</StmntSeq>
</Branch>
<Keyword EndOffset="3613" SrcFileId="1" StartOffset="3611"/>
<LocList>
<Loc EndOffset="3907" SrcFileId="1" StartOffset="3611"/>
</LocList>
<RootTerm CovItemId="C12" CovItemPrefix="com.OriginalFiles.Analyze.java" Intrnl_Id="152">
<BasicBoolTerm Intrnl_Id="153">
<LocList>
<Loc EndOffset="3643" SrcFileId="1" StartOffset="3615"/>
</LocList>
</BasicBoolTerm>
</RootTerm>
</CondStmnt>
</StmntSeq>
</Branch>
<Keyword EndOffset="3432" SrcFileId="1" StartOffset="3430"/>
<LocList>
<Loc EndOffset="3907" SrcFileId="1" StartOffset="3430"/>
</LocList>
<RootTerm CovItemId="C11" CovItemPrefix="com.OriginalFiles.Analyze.java" Intrnl_Id="154">
<BasicBoolTerm Intrnl_Id="155">
<LocList>
<Loc EndOffset="3462" SrcFileId="1" StartOffset="3434"/>
</LocList>
</BasicBoolTerm>
</RootTerm>
</CondStmnt>
</StmntSeq>
</Branch>
<Branch CovItemId="B20" CovItemPrefix="com.OriginalFiles.Analyze.java" Implct="true" Intrnl_Id="156">
<Cond/>
<LocList/>
<StmntSeq Intrnl_Id="157">
<LocList/>
</StmntSeq>
</Branch>
<Keyword EndOffset="3400" SrcFileId="1" StartOffset="3398"/>
<LocList>
<Loc EndOffset="3918" SrcFileId="1" StartOffset="3398"/>
</LocList>
<RootTerm CovItemId="C10" CovItemPrefix="com.OriginalFiles.Analyze.java" Intrnl_Id="158">
<OpTerm BooleanOpId="2" Intrnl_Id="159">
<BasicBoolTerm Intrnl_Id="160">
<LocList>
<Loc EndOffset="3413" SrcFileId="1" StartOffset="3403"/>
</LocList>
</BasicBoolTerm>
<LocList>
<Loc EndOffset="3403" SrcFileId="1" StartOffset="3402"/>
</LocList>
</OpTerm>
</RootTerm>
</CondStmnt>
</StmntSeq>
</HierarchyLvl>
<HierarchyLvl HierarchyLvlId="1021" HierarchyLvlTypeId="7" Intrnl_Id="161" Name="trackMovement">
<Header>
<Loc EndOffset="4113" SrcFileId="1" StartOffset="4000"/>
</Header>
<LocList>
<Loc EndOffset="4523" SrcFileId="1" StartOffset="4000"/>
</LocList>
<StmntSeq Intrnl_Id="162">
<LocList>
<Loc EndOffset="4152" SrcFileId="1" StartOffset="4125"/>
<Loc EndOffset="4486" SrcFileId="1" StartOffset="4162"/>
<Loc EndOffset="4516" SrcFileId="1" StartOffset="4498"/>
</LocList>
<BasicStmnt CovItemId="S52" CovItemPrefix="com.OriginalFiles.Analyze.java" Intrnl_Id="163">
<LocList>
<Loc EndOffset="4152" SrcFileId="1" StartOffset="4125"/>
</LocList>
</BasicStmnt>
<CondStmnt CovItemId="S53" CovItemPrefix="com.OriginalFiles.Analyze.java" Intrnl_Id="164">
<Branch CovItemId="B25" CovItemPrefix="com.OriginalFiles.Analyze.java" Implct="false" Intrnl_Id="165">
<Cond/>
<LocList>
<Loc EndOffset="4410" SrcFileId="1" StartOffset="4199"/>
</LocList>
<StmntSeq Intrnl_Id="166">
<LocList>
<Loc EndOffset="4292" SrcFileId="1" StartOffset="4214"/>
<Loc EndOffset="4399" SrcFileId="1" StartOffset="4306"/>
</LocList>
<CondStmnt CovItemId="S54" CovItemPrefix="com.OriginalFiles.Analyze.java" Intrnl_Id="167">
<Branch CovItemId="B27" CovItemPrefix="com.OriginalFiles.Analyze.java" Implct="false" Intrnl_Id="168">
<Cond/>
<LocList>
<Loc EndOffset="4292" SrcFileId="1" StartOffset="4240"/>
</LocList>
<StmntSeq Intrnl_Id="169">
<LocList>
<Loc EndOffset="4277" SrcFileId="1" StartOffset="4259"/>
</LocList>
<BasicStmnt CovItemId="S55" CovItemPrefix="com.OriginalFiles.Analyze.java" Intrnl_Id="170">
<LocList>
<Loc EndOffset="4277" SrcFileId="1" StartOffset="4259"/>
</LocList>
</BasicStmnt>
</StmntSeq>
</Branch>
<Branch CovItemId="B28" CovItemPrefix="com.OriginalFiles.Analyze.java" Implct="true" Intrnl_Id="171">
<Cond/>
<LocList/>
<StmntSeq Intrnl_Id="172">
<LocList/>
</StmntSeq>
</Branch>
<Keyword EndOffset="4216" SrcFileId="1" StartOffset="4214"/>
<LocList>
<Loc EndOffset="4292" SrcFileId="1" StartOffset="4214"/>
</LocList>
<RootTerm CovItemId="C14" CovItemPrefix="com.OriginalFiles.Analyze.java" Intrnl_Id="173">
<BasicBoolTerm Intrnl_Id="174">
<LocList>
<Loc EndOffset="4238" SrcFileId="1" StartOffset="4218"/>
</LocList>
</BasicBoolTerm>
</RootTerm>
</CondStmnt>
<CondStmnt CovItemId="S56" CovItemPrefix="com.OriginalFiles.Analyze.java" Intrnl_Id="175">
<Branch CovItemId="B29" CovItemPrefix="com.OriginalFiles.Analyze.java" Implct="false" Intrnl_Id="176">
<Cond/>
<LocList>
<Loc EndOffset="4399" SrcFileId="1" StartOffset="4323"/>
</LocList>
<StmntSeq Intrnl_Id="177">
<LocList>
<Loc EndOffset="4384" SrcFileId="1" StartOffset="4342"/>
</LocList>
<BasicStmnt CovItemId="S57" CovItemPrefix="com.OriginalFiles.Analyze.java" Intrnl_Id="178">
<LocList>
<Loc EndOffset="4384" SrcFileId="1" StartOffset="4342"/>
</LocList>
</BasicStmnt>
</StmntSeq>
</Branch>
<Branch CovItemId="B30" CovItemPrefix="com.OriginalFiles.Analyze.java" Implct="true" Intrnl_Id="179">
<Cond/>
<LocList/>
<StmntSeq Intrnl_Id="180">
<LocList/>
</StmntSeq>
</Branch>
<Keyword EndOffset="4308" SrcFileId="1" StartOffset="4306"/>
<LocList>
<Loc EndOffset="4399" SrcFileId="1" StartOffset="4306"/>
</LocList>
<RootTerm CovItemId="C15" CovItemPrefix="com.OriginalFiles.Analyze.java" Intrnl_Id="181">
<OpTerm BooleanOpId="2" Intrnl_Id="182">
<BasicBoolTerm Intrnl_Id="183">
<LocList>
<Loc EndOffset="4321" SrcFileId="1" StartOffset="4311"/>
</LocList>
</BasicBoolTerm>
<LocList>
<Loc EndOffset="4311" SrcFileId="1" StartOffset="4310"/>
</LocList>
</OpTerm>
</RootTerm>
</CondStmnt>
</StmntSeq>
</Branch>
<Branch CovItemId="B26" CovItemPrefix="com.OriginalFiles.Analyze.java" Implct="false" Intrnl_Id="184">
<Cond>
<Loc EndOffset="4415" SrcFileId="1" StartOffset="4411"/>
</Cond>
<LocList>
<Loc EndOffset="4486" SrcFileId="1" StartOffset="4416"/>
</LocList>
<StmntSeq Intrnl_Id="185">
<LocList>
<Loc EndOffset="4486" SrcFileId="1" StartOffset="4416"/>
</LocList>
<CondStmnt CovItemId="S58" CovItemPrefix="com.OriginalFiles.Analyze.java" Intrnl_Id="186">
<Branch CovItemId="B31" CovItemPrefix="com.OriginalFiles.Analyze.java" Implct="false" Intrnl_Id="187">
<Cond/>
<LocList>
<Loc EndOffset="4486" SrcFileId="1" StartOffset="4442"/>
</LocList>
<StmntSeq Intrnl_Id="188">
<LocList>
<Loc EndOffset="4475" SrcFileId="1" StartOffset="4457"/>
</LocList>
<BasicStmnt CovItemId="S59" CovItemPrefix="com.OriginalFiles.Analyze.java" Intrnl_Id="189">
<LocList>
<Loc EndOffset="4475" SrcFileId="1" StartOffset="4457"/>
</LocList>
</BasicStmnt>
</StmntSeq>
</Branch>
<Branch CovItemId="B32" CovItemPrefix="com.OriginalFiles.Analyze.java" Implct="true" Intrnl_Id="190">
<Cond/>
<LocList/>
<StmntSeq Intrnl_Id="191">
<LocList/>
</StmntSeq>
</Branch>
<Keyword EndOffset="4418" SrcFileId="1" StartOffset="4416"/>
<LocList>
<Loc EndOffset="4486" SrcFileId="1" StartOffset="4416"/>
</LocList>
<RootTerm CovItemId="C16" CovItemPrefix="com.OriginalFiles.Analyze.java" Intrnl_Id="192">
<BasicBoolTerm Intrnl_Id="193">
<LocList>
<Loc EndOffset="4440" SrcFileId="1" StartOffset="4420"/>
</LocList>
</BasicBoolTerm>
</RootTerm>
</CondStmnt>
</StmntSeq>
</Branch>
<Keyword EndOffset="4164" SrcFileId="1" StartOffset="4162"/>
<LocList>
<Loc EndOffset="4486" SrcFileId="1" StartOffset="4162"/>
</LocList>
<RootTerm CovItemId="C13" CovItemPrefix="com.OriginalFiles.Analyze.java" Intrnl_Id="194">
<BasicBoolTerm Intrnl_Id="195">
<LocList>
<Loc EndOffset="4197" SrcFileId="1" StartOffset="4166"/>
</LocList>
</BasicBoolTerm>
</RootTerm>
</CondStmnt>
<BasicStmnt CovItemId="S60" CovItemPrefix="com.OriginalFiles.Analyze.java" Intrnl_Id="196">
<LocList>
<Loc EndOffset="4516" SrcFileId="1" StartOffset="4498"/>
</LocList>
</BasicStmnt>
</StmntSeq>
</HierarchyLvl>
<HierarchyLvl HierarchyLvlId="1022" HierarchyLvlTypeId="7" Intrnl_Id="197" Name="checkMove">
<Header>
<Loc EndOffset="4669" SrcFileId="1" StartOffset="4560"/>
</Header>
<LocList>
<Loc EndOffset="6951" SrcFileId="1" StartOffset="4560"/>
</LocList>
<StmntSeq Intrnl_Id="198">
<LocList>
<Loc EndOffset="6921" SrcFileId="1" StartOffset="4731"/>
<Loc EndOffset="6944" SrcFileId="1" StartOffset="6931"/>
</LocList>
<CondStmnt CovItemId="S61" CovItemPrefix="com.OriginalFiles.Analyze.java" Intrnl_Id="199">
<Branch CovItemId="B33" CovItemPrefix="com.OriginalFiles.Analyze.java" Implct="false" Intrnl_Id="200">
<Cond/>
<LocList>
<Loc EndOffset="6921" SrcFileId="1" StartOffset="4780"/>
</LocList>
<StmntSeq Intrnl_Id="201">
<LocList>
<Loc EndOffset="6910" SrcFileId="1" StartOffset="4836"/>
</LocList>
<CondStmnt CovItemId="S62" CovItemPrefix="com.OriginalFiles.Analyze.java" Intrnl_Id="202">
<Branch CovItemId="B35" CovItemPrefix="com.OriginalFiles.Analyze.java" Implct="false" Intrnl_Id="203">
<Cond/>
<LocList>
<Loc EndOffset="5321" SrcFileId="1" StartOffset="4893"/>
</LocList>
<StmntSeq Intrnl_Id="204">
<LocList>
<Loc EndOffset="5270" SrcFileId="1" StartOffset="4912"/>
</LocList>
<CondStmnt CovItemId="S63" CovItemPrefix="com.OriginalFiles.Analyze.java" Intrnl_Id="205">
<Branch CovItemId="B37" CovItemPrefix="com.OriginalFiles.Analyze.java" Implct="false" Intrnl_Id="206">
<Cond/>
<LocList>
<Loc EndOffset="5209" SrcFileId="1" StartOffset="5018"/>
</LocList>
<StmntSeq Intrnl_Id="207">
<LocList>
<Loc EndOffset="5156" SrcFileId="1" StartOffset="5041"/>
<Loc EndOffset="5190" SrcFileId="1" StartOffset="5178"/>
</LocList>
<BasicStmnt CovItemId="S64" CovItemPrefix="com.OriginalFiles.Analyze.java" Intrnl_Id="208">
<LocList>
<Loc EndOffset="5156" SrcFileId="1" StartOffset="5041"/>
</LocList>
</BasicStmnt>
<BasicStmnt CovItemId="S65" CovItemPrefix="com.OriginalFiles.Analyze.java" Intrnl_Id="209">
<LocList>
<Loc EndOffset="5190" SrcFileId="1" StartOffset="5178"/>
</LocList>
</BasicStmnt>
</StmntSeq>
</Branch>
<Branch CovItemId="B38" CovItemPrefix="com.OriginalFiles.Analyze.java" Implct="false" Intrnl_Id="210">
<Cond>
<Loc EndOffset="5214" SrcFileId="1" StartOffset="5210"/>
</Cond>
<LocList>
<Loc EndOffset="5270" SrcFileId="1" StartOffset="5215"/>
</LocList>
<StmntSeq Intrnl_Id="211">
<LocList>
<Loc EndOffset="5251" SrcFileId="1" StartOffset="5238"/>
</LocList>
<BasicStmnt CovItemId="S66" CovItemPrefix="com.OriginalFiles.Analyze.java" Intrnl_Id="212">
<LocList>
<Loc EndOffset="5251" SrcFileId="1" StartOffset="5238"/>
</LocList>
</BasicStmnt>
</StmntSeq>
</Branch>
<Keyword EndOffset="4914" SrcFileId="1" StartOffset="4912"/>
<LocList>
<Loc EndOffset="5270" SrcFileId="1" StartOffset="4912"/>
</LocList>
<RootTerm CovItemId="C19" CovItemPrefix="com.OriginalFiles.Analyze.java" Intrnl_Id="213">
<BasicBoolTerm Intrnl_Id="214">
<LocList>
<Loc EndOffset="5016" SrcFileId="1" StartOffset="4916"/>
</LocList>
</BasicBoolTerm>
</RootTerm>
</CondStmnt>
</StmntSeq>
</Branch>
<Branch CovItemId="B36" CovItemPrefix="com.OriginalFiles.Analyze.java" Implct="false" Intrnl_Id="215">
<Cond>
<Loc EndOffset="5326" SrcFileId="1" StartOffset="5322"/>
</Cond>
<LocList>
<Loc EndOffset="6910" SrcFileId="1" StartOffset="5327"/>
</LocList>
<StmntSeq Intrnl_Id="216">
<LocList>
<Loc EndOffset="6910" SrcFileId="1" StartOffset="5327"/>
</LocList>
<CondStmnt CovItemId="S67" CovItemPrefix="com.OriginalFiles.Analyze.java" Intrnl_Id="217">
<Branch CovItemId="B39" CovItemPrefix="com.OriginalFiles.Analyze.java" Implct="false" Intrnl_Id="218">
<Cond/>
<LocList>
<Loc EndOffset="5826" SrcFileId="1" StartOffset="5385"/>
</LocList>
<StmntSeq Intrnl_Id="219">
<LocList>
<Loc EndOffset="5762" SrcFileId="1" StartOffset="5404"/>
</LocList>
<CondStmnt CovItemId="S68" CovItemPrefix="com.OriginalFiles.Analyze.java" Intrnl_Id="220">
<Branch CovItemId="B41" CovItemPrefix="com.OriginalFiles.Analyze.java" Implct="false" Intrnl_Id="221">
<Cond/>
<LocList>
<Loc EndOffset="5701" SrcFileId="1" StartOffset="5510"/>
</LocList>
<StmntSeq Intrnl_Id="222">
<LocList>
<Loc EndOffset="5648" SrcFileId="1" StartOffset="5533"/>
<Loc EndOffset="5682" SrcFileId="1" StartOffset="5670"/>
</LocList>
<BasicStmnt CovItemId="S69" CovItemPrefix="com.OriginalFiles.Analyze.java" Intrnl_Id="223">
<LocList>
<Loc EndOffset="5648" SrcFileId="1" StartOffset="5533"/>
</LocList>
</BasicStmnt>
<BasicStmnt CovItemId="S70" CovItemPrefix="com.OriginalFiles.Analyze.java" Intrnl_Id="224">
<LocList>
<Loc EndOffset="5682" SrcFileId="1" StartOffset="5670"/>
</LocList>
</BasicStmnt>
</StmntSeq>
</Branch>
<Branch CovItemId="B42" CovItemPrefix="com.OriginalFiles.Analyze.java" Implct="false" Intrnl_Id="225">
<Cond>
<Loc EndOffset="5706" SrcFileId="1" StartOffset="5702"/>
</Cond>
<LocList>
<Loc EndOffset="5762" SrcFileId="1" StartOffset="5707"/>
</LocList>
<StmntSeq Intrnl_Id="226">
<LocList>
<Loc EndOffset="5743" SrcFileId="1" StartOffset="5730"/>
</LocList>
<BasicStmnt CovItemId="S71" CovItemPrefix="com.OriginalFiles.Analyze.java" Intrnl_Id="227">
<LocList>
<Loc EndOffset="5743" SrcFileId="1" StartOffset="5730"/>
</LocList>
</BasicStmnt>
</StmntSeq>
</Branch>
<Keyword EndOffset="5406" SrcFileId="1" StartOffset="5404"/>
<LocList>
<Loc EndOffset="5762" SrcFileId="1" StartOffset="5404"/>
</LocList>
<RootTerm CovItemId="C21" CovItemPrefix="com.OriginalFiles.Analyze.java" Intrnl_Id="228">
<BasicBoolTerm Intrnl_Id="229">
<LocList>
<Loc EndOffset="5508" SrcFileId="1" StartOffset="5408"/>
</LocList>
</BasicBoolTerm>
</RootTerm>
</CondStmnt>
</StmntSeq>
</Branch>
<Branch CovItemId="B40" CovItemPrefix="com.OriginalFiles.Analyze.java" Implct="false" Intrnl_Id="230">
<Cond>
<Loc EndOffset="5831" SrcFileId="1" StartOffset="5827"/>
</Cond>
<LocList>
<Loc EndOffset="6910" SrcFileId="1" StartOffset="5832"/>
</LocList>
<StmntSeq Intrnl_Id="231">
<LocList>
<Loc EndOffset="6910" SrcFileId="1" StartOffset="5832"/>
</LocList>
<CondStmnt CovItemId="S72" CovItemPrefix="com.OriginalFiles.Analyze.java" Intrnl_Id="232">
<Branch CovItemId="B43" CovItemPrefix="com.OriginalFiles.Analyze.java" Implct="false" Intrnl_Id="233">
<Cond/>
<LocList>
<Loc EndOffset="6910" SrcFileId="1" StartOffset="5871"/>
</LocList>
<StmntSeq Intrnl_Id="234">
<LocList>
<Loc EndOffset="6895" SrcFileId="1" StartOffset="5890"/>
</LocList>
<CondStmnt CovItemId="S73" CovItemPrefix="com.OriginalFiles.Analyze.java" Intrnl_Id="235">
<Branch CovItemId="B45" CovItemPrefix="com.OriginalFiles.Analyze.java" Implct="false" Intrnl_Id="236">
<Cond/>
<LocList>
<Loc EndOffset="6376" SrcFileId="1" StartOffset="5948"/>
</LocList>
<StmntSeq Intrnl_Id="237">
<LocList>
<Loc EndOffset="6357" SrcFileId="1" StartOffset="5971"/>
</LocList>
<CondStmnt CovItemId="S74" CovItemPrefix="com.OriginalFiles.Analyze.java" Intrnl_Id="238">
<Branch CovItemId="B47" CovItemPrefix="com.OriginalFiles.Analyze.java" Implct="false" Intrnl_Id="239">
<Cond/>
<LocList>
<Loc EndOffset="6288" SrcFileId="1" StartOffset="6081"/>
</LocList>
<StmntSeq Intrnl_Id="240">
<LocList>
<Loc EndOffset="6227" SrcFileId="1" StartOffset="6108"/>
<Loc EndOffset="6265" SrcFileId="1" StartOffset="6253"/>
</LocList>
<BasicStmnt CovItemId="S75" CovItemPrefix="com.OriginalFiles.Analyze.java" Intrnl_Id="241">
<LocList>
<Loc EndOffset="6227" SrcFileId="1" StartOffset="6108"/>
</LocList>
</BasicStmnt>
<BasicStmnt CovItemId="S76" CovItemPrefix="com.OriginalFiles.Analyze.java" Intrnl_Id="242">
<LocList>
<Loc EndOffset="6265" SrcFileId="1" StartOffset="6253"/>
</LocList>
</BasicStmnt>
</StmntSeq>
</Branch>
<Branch CovItemId="B48" CovItemPrefix="com.OriginalFiles.Analyze.java" Implct="false" Intrnl_Id="243">
<Cond>
<Loc EndOffset="6293" SrcFileId="1" StartOffset="6289"/>
</Cond>
<LocList>
<Loc EndOffset="6357" SrcFileId="1" StartOffset="6294"/>
</LocList>
<StmntSeq Intrnl_Id="244">
<LocList>
<Loc EndOffset="6334" SrcFileId="1" StartOffset="6321"/>
</LocList>
<BasicStmnt CovItemId="S77" CovItemPrefix="com.OriginalFiles.Analyze.java" Intrnl_Id="245">
<LocList>
<Loc EndOffset="6334" SrcFileId="1" StartOffset="6321"/>
</LocList>
</BasicStmnt>
</StmntSeq>
</Branch>
<Keyword EndOffset="5973" SrcFileId="1" StartOffset="5971"/>
<LocList>
<Loc EndOffset="6357" SrcFileId="1" StartOffset="5971"/>
</LocList>
<RootTerm CovItemId="C24" CovItemPrefix="com.OriginalFiles.Analyze.java" Intrnl_Id="246">
<BasicBoolTerm Intrnl_Id="247">
<LocList>
<Loc EndOffset="6079" SrcFileId="1" StartOffset="5975"/>
</LocList>
</BasicBoolTerm>
</RootTerm>
</CondStmnt>
</StmntSeq>
</Branch>
<Branch CovItemId="B46" CovItemPrefix="com.OriginalFiles.Analyze.java" Implct="false" Intrnl_Id="248">
<Cond>
<Loc EndOffset="6381" SrcFileId="1" StartOffset="6377"/>
</Cond>
<LocList>
<Loc EndOffset="6895" SrcFileId="1" StartOffset="6382"/>
</LocList>
<StmntSeq Intrnl_Id="249">
<LocList>
<Loc EndOffset="6895" SrcFileId="1" StartOffset="6382"/>
</LocList>
<CondStmnt CovItemId="S78" CovItemPrefix="com.OriginalFiles.Analyze.java" Intrnl_Id="250">
<Branch CovItemId="B49" CovItemPrefix="com.OriginalFiles.Analyze.java" Implct="false" Intrnl_Id="251">
<Cond/>
<LocList>
<Loc EndOffset="6895" SrcFileId="1" StartOffset="6467"/>
</LocList>
<StmntSeq Intrnl_Id="252">
<LocList>
<Loc EndOffset="6876" SrcFileId="1" StartOffset="6490"/>
</LocList>
<CondStmnt CovItemId="S79" CovItemPrefix="com.OriginalFiles.Analyze.java" Intrnl_Id="253">
<Branch CovItemId="B51" CovItemPrefix="com.OriginalFiles.Analyze.java" Implct="false" Intrnl_Id="254">
<Cond/>
<LocList>
<Loc EndOffset="6807" SrcFileId="1" StartOffset="6600"/>
</LocList>
<StmntSeq Intrnl_Id="255">
<LocList>
<Loc EndOffset="6746" SrcFileId="1" StartOffset="6627"/>
<Loc EndOffset="6784" SrcFileId="1" StartOffset="6772"/>
</LocList>
<BasicStmnt CovItemId="S80" CovItemPrefix="com.OriginalFiles.Analyze.java" Intrnl_Id="256">
<LocList>
<Loc EndOffset="6746" SrcFileId="1" StartOffset="6627"/>
</LocList>
</BasicStmnt>
<BasicStmnt CovItemId="S81" CovItemPrefix="com.OriginalFiles.Analyze.java" Intrnl_Id="257">
<LocList>
<Loc EndOffset="6784" SrcFileId="1" StartOffset="6772"/>
</LocList>
</BasicStmnt>
</StmntSeq>
</Branch>
<Branch CovItemId="B52" CovItemPrefix="com.OriginalFiles.Analyze.java" Implct="false" Intrnl_Id="258">
<Cond>
<Loc EndOffset="6812" SrcFileId="1" StartOffset="6808"/>
</Cond>
<LocList>
<Loc EndOffset="6876" SrcFileId="1" StartOffset="6813"/>
</LocList>
<StmntSeq Intrnl_Id="259">
<LocList>
<Loc EndOffset="6853" SrcFileId="1" StartOffset="6840"/>
</LocList>
<BasicStmnt CovItemId="S82" CovItemPrefix="com.OriginalFiles.Analyze.java" Intrnl_Id="260">
<LocList>
<Loc EndOffset="6853" SrcFileId="1" StartOffset="6840"/>
</LocList>
</BasicStmnt>
</StmntSeq>
</Branch>
<Keyword EndOffset="6492" SrcFileId="1" StartOffset="6490"/>
<LocList>
<Loc EndOffset="6876" SrcFileId="1" StartOffset="6490"/>
</LocList>
<RootTerm CovItemId="C26" CovItemPrefix="com.OriginalFiles.Analyze.java" Intrnl_Id="261">
<BasicBoolTerm Intrnl_Id="262">
<LocList>
<Loc EndOffset="6598" SrcFileId="1" StartOffset="6494"/>
</LocList>
</BasicBoolTerm>
</RootTerm>
</CondStmnt>
</StmntSeq>
</Branch>
<Branch CovItemId="B50" CovItemPrefix="com.OriginalFiles.Analyze.java" Implct="true" Intrnl_Id="263">
<Cond/>
<LocList/>
<StmntSeq Intrnl_Id="264">
<LocList/>
</StmntSeq>
</Branch>
<Keyword EndOffset="6384" SrcFileId="1" StartOffset="6382"/>
<LocList>
<Loc EndOffset="6895" SrcFileId="1" StartOffset="6382"/>
</LocList>
<RootTerm CovItemId="C25" CovItemPrefix="com.OriginalFiles.Analyze.java" Intrnl_Id="265">
<BasicBoolTerm Intrnl_Id="266">
<LocList>
<Loc EndOffset="6465" SrcFileId="1" StartOffset="6386"/>
</LocList>
</BasicBoolTerm>
</RootTerm>
</CondStmnt>
</StmntSeq>
</Branch>
<Keyword EndOffset="5892" SrcFileId="1" StartOffset="5890"/>
<LocList>
<Loc EndOffset="6895" SrcFileId="1" StartOffset="5890"/>
</LocList>
<RootTerm CovItemId="C23" CovItemPrefix="com.OriginalFiles.Analyze.java" Intrnl_Id="267">
<BasicBoolTerm Intrnl_Id="268">
<LocList>
<Loc EndOffset="5946" SrcFileId="1" StartOffset="5894"/>
</LocList>
</BasicBoolTerm>
</RootTerm>
</CondStmnt>
</StmntSeq>
</Branch>
<Branch CovItemId="B44" CovItemPrefix="com.OriginalFiles.Analyze.java" Implct="true" Intrnl_Id="269">
<Cond/>
<LocList/>
<StmntSeq Intrnl_Id="270">
<LocList/>
</StmntSeq>
</Branch>
<Keyword EndOffset="5834" SrcFileId="1" StartOffset="5832"/>
<LocList>
<Loc EndOffset="6910" SrcFileId="1" StartOffset="5832"/>
</LocList>
<RootTerm CovItemId="C22" CovItemPrefix="com.OriginalFiles.Analyze.java" Intrnl_Id="271">
<BasicBoolTerm Intrnl_Id="272">
<LocList>
<Loc EndOffset="5869" SrcFileId="1" StartOffset="5836"/>
</LocList>
</BasicBoolTerm>
</RootTerm>
</CondStmnt>
</StmntSeq>
</Branch>
<Keyword EndOffset="5329" SrcFileId="1" StartOffset="5327"/>
<LocList>
<Loc EndOffset="6910" SrcFileId="1" StartOffset="5327"/>
</LocList>
<RootTerm CovItemId="C20" CovItemPrefix="com.OriginalFiles.Analyze.java" Intrnl_Id="273">
<BasicBoolTerm Intrnl_Id="274">
<LocList>
<Loc EndOffset="5383" SrcFileId="1" StartOffset="5331"/>
</LocList>
</BasicBoolTerm>
</RootTerm>
</CondStmnt>
</StmntSeq>
</Branch>
<Keyword EndOffset="4838" SrcFileId="1" StartOffset="4836"/>
<LocList>
<Loc EndOffset="6910" SrcFileId="1" StartOffset="4836"/>
</LocList>
<RootTerm CovItemId="C18" CovItemPrefix="com.OriginalFiles.Analyze.java" Intrnl_Id="275">
<BasicBoolTerm Intrnl_Id="276">
<LocList>
<Loc EndOffset="4891" SrcFileId="1" StartOffset="4840"/>
</LocList>
</BasicBoolTerm>
</RootTerm>
</CondStmnt>
</StmntSeq>
</Branch>
<Branch CovItemId="B34" CovItemPrefix="com.OriginalFiles.Analyze.java" Implct="true" Intrnl_Id="277">
<Cond/>
<LocList/>
<StmntSeq Intrnl_Id="278">
<LocList/>
</StmntSeq>
</Branch>
<Keyword EndOffset="4733" SrcFileId="1" StartOffset="4731"/>
<LocList>
<Loc EndOffset="6921" SrcFileId="1" StartOffset="4731"/>
</LocList>
<RootTerm CovItemId="C17" CovItemPrefix="com.OriginalFiles.Analyze.java" Intrnl_Id="279">
<BasicBoolTerm Intrnl_Id="280">
<LocList>
<Loc EndOffset="4778" SrcFileId="1" StartOffset="4735"/>
</LocList>
</BasicBoolTerm>
</RootTerm>
</CondStmnt>
<BasicStmnt CovItemId="S83" CovItemPrefix="com.OriginalFiles.Analyze.java" Intrnl_Id="281">
<LocList>
<Loc EndOffset="6944" SrcFileId="1" StartOffset="6931"/>
</LocList>
</BasicStmnt>
</StmntSeq>
</HierarchyLvl>
<HierarchyLvl HierarchyLvlId="1023" HierarchyLvlTypeId="7" Intrnl_Id="282" Name="validateMove">
<Header>
<Loc EndOffset="7124" SrcFileId="1" StartOffset="7020"/>
</Header>
<LocList>
<Loc EndOffset="8279" SrcFileId="1" StartOffset="7020"/>
</LocList>
<StmntSeq Intrnl_Id="283">
<LocList>
<Loc EndOffset="7186" SrcFileId="1" StartOffset="7138"/>
<Loc EndOffset="7343" SrcFileId="1" StartOffset="7196"/>
<Loc EndOffset="7500" SrcFileId="1" StartOffset="7353"/>
<Loc EndOffset="7657" SrcFileId="1" StartOffset="7510"/>
<Loc EndOffset="7814" SrcFileId="1" StartOffset="7667"/>
<Loc EndOffset="7851" SrcFileId="1" StartOffset="7824"/>
<Loc EndOffset="8243" SrcFileId="1" StartOffset="7861"/>
<Loc EndOffset="8272" SrcFileId="1" StartOffset="8253"/>
</LocList>
<BasicStmnt CovItemId="S84" CovItemPrefix="com.OriginalFiles.Analyze.java" Intrnl_Id="284">
<LocList>
<Loc EndOffset="7186" SrcFileId="1" StartOffset="7138"/>
</LocList>
</BasicStmnt>
<CondStmnt CovItemId="S85" CovItemPrefix="com.OriginalFiles.Analyze.java" Intrnl_Id="285">
<Branch CovItemId="B53" CovItemPrefix="com.OriginalFiles.Analyze.java" Implct="false" Intrnl_Id="286">
<Cond/>
<LocList>
<Loc EndOffset="7343" SrcFileId="1" StartOffset="7253"/>
</LocList>
<StmntSeq Intrnl_Id="287">
<LocList>
<Loc EndOffset="7332" SrcFileId="1" StartOffset="7268"/>
</LocList>
<BasicStmnt CovItemId="S86" CovItemPrefix="com.OriginalFiles.Analyze.java" Intrnl_Id="288">
<LocList>
<Loc EndOffset="7332" SrcFileId="1" StartOffset="7268"/>
</LocList>
</BasicStmnt>
</StmntSeq>
</Branch>
<Branch CovItemId="B54" CovItemPrefix="com.OriginalFiles.Analyze.java" Implct="true" Intrnl_Id="289">
<Cond/>
<LocList/>
<StmntSeq Intrnl_Id="290">
<LocList/>
</StmntSeq>
</Branch>
<Keyword EndOffset="7198" SrcFileId="1" StartOffset="7196"/>
<LocList>
<Loc EndOffset="7343" SrcFileId="1" StartOffset="7196"/>
</LocList>
<RootTerm CovItemId="C27" CovItemPrefix="com.OriginalFiles.Analyze.java" Intrnl_Id="291">
<BasicBoolTerm Intrnl_Id="292">
<LocList>
<Loc EndOffset="7251" SrcFileId="1" StartOffset="7200"/>
</LocList>
</BasicBoolTerm>
</RootTerm>
</CondStmnt>
<CondStmnt CovItemId="S87" CovItemPrefix="com.OriginalFiles.Analyze.java" Intrnl_Id="293">
<Branch CovItemId="B55" CovItemPrefix="com.OriginalFiles.Analyze.java" Implct="false" Intrnl_Id="294">
<Cond/>
<LocList>
<Loc EndOffset="7500" SrcFileId="1" StartOffset="7410"/>
</LocList>
<StmntSeq Intrnl_Id="295">
<LocList>
<Loc EndOffset="7489" SrcFileId="1" StartOffset="7425"/>
</LocList>
<BasicStmnt CovItemId="S88" CovItemPrefix="com.OriginalFiles.Analyze.java" Intrnl_Id="296">
<LocList>
<Loc EndOffset="7489" SrcFileId="1" StartOffset="7425"/>
</LocList>
</BasicStmnt>
</StmntSeq>
</Branch>
<Branch CovItemId="B56" CovItemPrefix="com.OriginalFiles.Analyze.java" Implct="true" Intrnl_Id="297">
<Cond/>
<LocList/>
<StmntSeq Intrnl_Id="298">
<LocList/>
</StmntSeq>
</Branch>
<Keyword EndOffset="7355" SrcFileId="1" StartOffset="7353"/>
<LocList>
<Loc EndOffset="7500" SrcFileId="1" StartOffset="7353"/>
</LocList>
<RootTerm CovItemId="C28" CovItemPrefix="com.OriginalFiles.Analyze.java" Intrnl_Id="299">
<BasicBoolTerm Intrnl_Id="300">
<LocList>
<Loc EndOffset="7408" SrcFileId="1" StartOffset="7357"/>
</LocList>
</BasicBoolTerm>
</RootTerm>
</CondStmnt>
<CondStmnt CovItemId="S89" CovItemPrefix="com.OriginalFiles.Analyze.java" Intrnl_Id="301">
<Branch CovItemId="B57" CovItemPrefix="com.OriginalFiles.Analyze.java" Implct="false" Intrnl_Id="302">
<Cond/>
<LocList>
<Loc EndOffset="7657" SrcFileId="1" StartOffset="7567"/>
</LocList>
<StmntSeq Intrnl_Id="303">
<LocList>
<Loc EndOffset="7646" SrcFileId="1" StartOffset="7582"/>
</LocList>
<BasicStmnt CovItemId="S90" CovItemPrefix="com.OriginalFiles.Analyze.java" Intrnl_Id="304">
<LocList>
<Loc EndOffset="7646" SrcFileId="1" StartOffset="7582"/>
</LocList>
</BasicStmnt>
</StmntSeq>
</Branch>
<Branch CovItemId="B58" CovItemPrefix="com.OriginalFiles.Analyze.java" Implct="true" Intrnl_Id="305">
<Cond/>
<LocList/>
<StmntSeq Intrnl_Id="306">
<LocList/>
</StmntSeq>
</Branch>
<Keyword EndOffset="7512" SrcFileId="1" StartOffset="7510"/>
<LocList>
<Loc EndOffset="7657" SrcFileId="1" StartOffset="7510"/>
</LocList>
<RootTerm CovItemId="C29" CovItemPrefix="com.OriginalFiles.Analyze.java" Intrnl_Id="307">
<BasicBoolTerm Intrnl_Id="308">
<LocList>
<Loc EndOffset="7565" SrcFileId="1" StartOffset="7514"/>
</LocList>
</BasicBoolTerm>
</RootTerm>
</CondStmnt>
<CondStmnt CovItemId="S91" CovItemPrefix="com.OriginalFiles.Analyze.java" Intrnl_Id="309">
<Branch CovItemId="B59" CovItemPrefix="com.OriginalFiles.Analyze.java" Implct="false" Intrnl_Id="310">
<Cond/>
<LocList>
<Loc EndOffset="7814" SrcFileId="1" StartOffset="7724"/>
</LocList>
<StmntSeq Intrnl_Id="311">
<LocList>
<Loc EndOffset="7803" SrcFileId="1" StartOffset="7739"/>
</LocList>
<BasicStmnt CovItemId="S92" CovItemPrefix="com.OriginalFiles.Analyze.java" Intrnl_Id="312">
<LocList>
<Loc EndOffset="7803" SrcFileId="1" StartOffset="7739"/>
</LocList>
</BasicStmnt>
</StmntSeq>
</Branch>
<Branch CovItemId="B60" CovItemPrefix="com.OriginalFiles.Analyze.java" Implct="true" Intrnl_Id="313">
<Cond/>
<LocList/>
<StmntSeq Intrnl_Id="314">
<LocList/>
</StmntSeq>
</Branch>
<Keyword EndOffset="7669" SrcFileId="1" StartOffset="7667"/>
<LocList>
<Loc EndOffset="7814" SrcFileId="1" StartOffset="7667"/>
</LocList>
<RootTerm CovItemId="C30" CovItemPrefix="com.OriginalFiles.Analyze.java" Intrnl_Id="315">
<BasicBoolTerm Intrnl_Id="316">
<LocList>
<Loc EndOffset="7722" SrcFileId="1" StartOffset="7671"/>
</LocList>
</BasicBoolTerm>
</RootTerm>
</CondStmnt>
<BasicStmnt CovItemId="S93" CovItemPrefix="com.OriginalFiles.Analyze.java" Intrnl_Id="317">
<LocList>
<Loc EndOffset="7851" SrcFileId="1" StartOffset="7824"/>
</LocList>
</BasicStmnt>
<LoopStmnt CovItemId="S94" CovItemPrefix="com.OriginalFiles.Analyze.java" Intrnl_Id="318" MltplExecId="L4-2" MltplExecPrefix="com.OriginalFiles.Analyze.java" NvrExecId="L4-0" NvrExecPrefix="com.OriginalFiles.Analyze.java" OnceExecutedId="L4-1" OnceExecutedPrefix="com.OriginalFiles.Analyze.java" OptBodyExec="true">
<StmntSeq Intrnl_Id="319">
<LocList>
<Loc EndOffset="8147" SrcFileId="1" StartOffset="7920"/>
<Loc EndOffset="8232" SrcFileId="1" StartOffset="8161"/>
</LocList>
<CondStmnt CovItemId="S95" CovItemPrefix="com.OriginalFiles.Analyze.java" Intrnl_Id="320">
<Branch CovItemId="B61" CovItemPrefix="com.OriginalFiles.Analyze.java" Implct="false" Intrnl_Id="321">
<Cond/>
<LocList>
<Loc EndOffset="8147" SrcFileId="1" StartOffset="8022"/>
</LocList>
<StmntSeq Intrnl_Id="322">
<LocList>
<Loc EndOffset="8132" SrcFileId="1" StartOffset="8041"/>
</LocList>
<BasicStmnt CovItemId="S96" CovItemPrefix="com.OriginalFiles.Analyze.java" Intrnl_Id="323">
<LocList>
<Loc EndOffset="8132" SrcFileId="1" StartOffset="8041"/>
</LocList>
</BasicStmnt>
</StmntSeq>
</Branch>
<Branch CovItemId="B62" CovItemPrefix="com.OriginalFiles.Analyze.java" Implct="true" Intrnl_Id="324">
<Cond/>
<LocList/>
<StmntSeq Intrnl_Id="325">
<LocList/>
</StmntSeq>
</Branch>
<Keyword EndOffset="7922" SrcFileId="1" StartOffset="7920"/>
<LocList>
<Loc EndOffset="8147" SrcFileId="1" StartOffset="7920"/>
</LocList>
<RootTerm CovItemId="C32" CovItemPrefix="com.OriginalFiles.Analyze.java" Intrnl_Id="326">
<OpTerm BooleanOpId="2" Intrnl_Id="327">
<OpTerm BooleanOpId="3" Intrnl_Id="328">
<BasicBoolTerm Intrnl_Id="329">
<LocList>
<Loc EndOffset="7960" SrcFileId="1" StartOffset="7926"/>
</LocList>
</BasicBoolTerm>
<BasicBoolTerm Intrnl_Id="330">
<LocList>
<Loc EndOffset="8019" SrcFileId="1" StartOffset="7985"/>
</LocList>
</BasicBoolTerm>
<LocList>
<Loc EndOffset="7984" SrcFileId="1" StartOffset="7982"/>
</LocList>
</OpTerm>
<LocList>
<Loc EndOffset="7925" SrcFileId="1" StartOffset="7924"/>
</LocList>
</OpTerm>
</RootTerm>
</CondStmnt>
<CondStmnt CovItemId="S97" CovItemPrefix="com.OriginalFiles.Analyze.java" Intrnl_Id="331">
<Branch CovItemId="B63" CovItemPrefix="com.OriginalFiles.Analyze.java" Implct="false" Intrnl_Id="332">
<Cond/>
<LocList>
<Loc EndOffset="8232" SrcFileId="1" StartOffset="8179"/>
</LocList>
<StmntSeq Intrnl_Id="333">
<LocList>
<Loc EndOffset="8217" SrcFileId="1" StartOffset="8198"/>
</LocList>
<BasicStmnt CovItemId="S98" CovItemPrefix="com.OriginalFiles.Analyze.java" Intrnl_Id="334">
<LocList>
<Loc EndOffset="8217" SrcFileId="1" StartOffset="8198"/>
</LocList>
</BasicStmnt>
</StmntSeq>
</Branch>
<Branch CovItemId="B64" CovItemPrefix="com.OriginalFiles.Analyze.java" Implct="true" Intrnl_Id="335">
<Cond/>
<LocList/>
<StmntSeq Intrnl_Id="336">
<LocList/>
</StmntSeq>
</Branch>
<Keyword EndOffset="8163" SrcFileId="1" StartOffset="8161"/>
<LocList>
<Loc EndOffset="8232" SrcFileId="1" StartOffset="8161"/>
</LocList>
<RootTerm CovItemId="C33" CovItemPrefix="com.OriginalFiles.Analyze.java" Intrnl_Id="337">
<OpTerm BooleanOpId="2" Intrnl_Id="338">
<BasicBoolTerm Intrnl_Id="339">
<LocList>
<Loc EndOffset="8177" SrcFileId="1" StartOffset="8166"/>
</LocList>
</BasicBoolTerm>
<LocList>
<Loc EndOffset="8166" SrcFileId="1" StartOffset="8165"/>
</LocList>
</OpTerm>
</RootTerm>
</CondStmnt>
</StmntSeq>
<Keyword EndOffset="7864" SrcFileId="1" StartOffset="7861"/>
<LocList>
<Loc EndOffset="8243" SrcFileId="1" StartOffset="7861"/>
</LocList>
<RootTerm CovItemId="C31" CovItemPrefix="com.OriginalFiles.Analyze.java" Intrnl_Id="340">
<BasicBoolTerm Intrnl_Id="341">
<LocList>
<Loc EndOffset="7898" SrcFileId="1" StartOffset="7877"/>
</LocList>
</BasicBoolTerm>
</RootTerm>
</LoopStmnt>
<BasicStmnt CovItemId="S99" CovItemPrefix="com.OriginalFiles.Analyze.java" Intrnl_Id="342">
<LocList>
<Loc EndOffset="8272" SrcFileId="1" StartOffset="8253"/>
</LocList>
</BasicStmnt>
</StmntSeq>
</HierarchyLvl>
<HierarchyLvl HierarchyLvlId="1024" HierarchyLvlTypeId="7" Intrnl_Id="343" Name="jumpSequence">
<Header>
<Loc EndOffset="8467" SrcFileId="1" StartOffset="8287"/>
</Header>
<LocList>
<Loc EndOffset="9898" SrcFileId="1" StartOffset="8287"/>
</LocList>
<StmntSeq Intrnl_Id="344">
<LocList>
<Loc EndOffset="8500" SrcFileId="1" StartOffset="8479"/>
<Loc EndOffset="8570" SrcFileId="1" StartOffset="8510"/>
<Loc EndOffset="8691" SrcFileId="1" StartOffset="8580"/>
<Loc EndOffset="8843" SrcFileId="1" StartOffset="8701"/>
<Loc EndOffset="8959" SrcFileId="1" StartOffset="8853"/>
<Loc EndOffset="9111" SrcFileId="1" StartOffset="8969"/>
<Loc EndOffset="9226" SrcFileId="1" StartOffset="9121"/>
<Loc EndOffset="9378" SrcFileId="1" StartOffset="9236"/>
<Loc EndOffset="9492" SrcFileId="1" StartOffset="9388"/>
<Loc EndOffset="9644" SrcFileId="1" StartOffset="9502"/>
<Loc EndOffset="9749" SrcFileId="1" StartOffset="9656"/>
<Loc EndOffset="9863" SrcFileId="1" StartOffset="9761"/>
<Loc EndOffset="9891" SrcFileId="1" StartOffset="9873"/>
</LocList>
<BasicStmnt CovItemId="S100" CovItemPrefix="com.OriginalFiles.Analyze.java" Intrnl_Id="345">
<LocList>
<Loc EndOffset="8500" SrcFileId="1" StartOffset="8479"/>
</LocList>
</BasicStmnt>
<BasicStmnt CovItemId="S101" CovItemPrefix="com.OriginalFiles.Analyze.java" Intrnl_Id="346">
<LocList>
<Loc EndOffset="8570" SrcFileId="1" StartOffset="8510"/>
</LocList>
</BasicStmnt>
<BasicStmnt CovItemId="S102" CovItemPrefix="com.OriginalFiles.Analyze.java" Intrnl_Id="347">
<LocList>
<Loc EndOffset="8691" SrcFileId="1" StartOffset="8580"/>
</LocList>
</BasicStmnt>
<CondStmnt CovItemId="S103" CovItemPrefix="com.OriginalFiles.Analyze.java" Intrnl_Id="348">
<Branch CovItemId="B65" CovItemPrefix="com.OriginalFiles.Analyze.java" Implct="false" Intrnl_Id="349">
<Cond/>
<LocList>
<Loc EndOffset="8843" SrcFileId="1" StartOffset="8724"/>
</LocList>
<StmntSeq Intrnl_Id="350">
<LocList>
<Loc EndOffset="8832" SrcFileId="1" StartOffset="8739"/>
</LocList>
<BasicStmnt CovItemId="S104" CovItemPrefix="com.OriginalFiles.Analyze.java" Intrnl_Id="351">
<LocList>
<Loc EndOffset="8832" SrcFileId="1" StartOffset="8739"/>
</LocList>
</BasicStmnt>
</StmntSeq>
</Branch>
<Branch CovItemId="B66" CovItemPrefix="com.OriginalFiles.Analyze.java" Implct="true" Intrnl_Id="352">
<Cond/>
<LocList/>
<StmntSeq Intrnl_Id="353">
<LocList/>
</StmntSeq>
</Branch>
<Keyword EndOffset="8703" SrcFileId="1" StartOffset="8701"/>
<LocList>
<Loc EndOffset="8843" SrcFileId="1" StartOffset="8701"/>
</LocList>
<RootTerm CovItemId="C34" CovItemPrefix="com.OriginalFiles.Analyze.java" Intrnl_Id="354">
<BasicBoolTerm Intrnl_Id="355">
<LocList>
<Loc EndOffset="8722" SrcFileId="1" StartOffset="8705"/>
</LocList>
</BasicBoolTerm>
</RootTerm>
</CondStmnt>
<BasicStmnt CovItemId="S105" CovItemPrefix="com.OriginalFiles.Analyze.java" Intrnl_Id="356">
<LocList>
<Loc EndOffset="8959" SrcFileId="1" StartOffset="8853"/>
</LocList>
</BasicStmnt>
<CondStmnt CovItemId="S106" CovItemPrefix="com.OriginalFiles.Analyze.java" Intrnl_Id="357">
<Branch CovItemId="B67" CovItemPrefix="com.OriginalFiles.Analyze.java" Implct="false" Intrnl_Id="358">
<Cond/>
<LocList>
<Loc EndOffset="9111" SrcFileId="1" StartOffset="8992"/>
</LocList>
<StmntSeq Intrnl_Id="359">
<LocList>
<Loc EndOffset="9100" SrcFileId="1" StartOffset="9007"/>
</LocList>
<BasicStmnt CovItemId="S107" CovItemPrefix="com.OriginalFiles.Analyze.java" Intrnl_Id="360">
<LocList>
<Loc EndOffset="9100" SrcFileId="1" StartOffset="9007"/>
</LocList>
</BasicStmnt>
</StmntSeq>
</Branch>
<Branch CovItemId="B68" CovItemPrefix="com.OriginalFiles.Analyze.java" Implct="true" Intrnl_Id="361">
<Cond/>
<LocList/>
<StmntSeq Intrnl_Id="362">
<LocList/>
</StmntSeq>
</Branch>
<Keyword EndOffset="8971" SrcFileId="1" StartOffset="8969"/>
<LocList>
<Loc EndOffset="9111" SrcFileId="1" StartOffset="8969"/>
</LocList>
<RootTerm CovItemId="C35" CovItemPrefix="com.OriginalFiles.Analyze.java" Intrnl_Id="363">
<BasicBoolTerm Intrnl_Id="364">
<LocList>
<Loc EndOffset="8990" SrcFileId="1" StartOffset="8973"/>
</LocList>
</BasicBoolTerm>
</RootTerm>
</CondStmnt>
<BasicStmnt CovItemId="S108" CovItemPrefix="com.OriginalFiles.Analyze.java" Intrnl_Id="365">
<LocList>
<Loc EndOffset="9226" SrcFileId="1" StartOffset="9121"/>
</LocList>
</BasicStmnt>
<CondStmnt CovItemId="S109" CovItemPrefix="com.OriginalFiles.Analyze.java" Intrnl_Id="366">
<Branch CovItemId="B69" CovItemPrefix="com.OriginalFiles.Analyze.java" Implct="false" Intrnl_Id="367">
<Cond/>
<LocList>
<Loc EndOffset="9378" SrcFileId="1" StartOffset="9259"/>
</LocList>
<StmntSeq Intrnl_Id="368">
<LocList>
<Loc EndOffset="9367" SrcFileId="1" StartOffset="9274"/>
</LocList>
<BasicStmnt CovItemId="S110" CovItemPrefix="com.OriginalFiles.Analyze.java" Intrnl_Id="369">
<LocList>
<Loc EndOffset="9367" SrcFileId="1" StartOffset="9274"/>
</LocList>
</BasicStmnt>
</StmntSeq>
</Branch>
<Branch CovItemId="B70" CovItemPrefix="com.OriginalFiles.Analyze.java" Implct="true" Intrnl_Id="370">
<Cond/>
<LocList/>
<StmntSeq Intrnl_Id="371">
<LocList/>
</StmntSeq>
</Branch>
<Keyword EndOffset="9238" SrcFileId="1" StartOffset="9236"/>
<LocList>
<Loc EndOffset="9378" SrcFileId="1" StartOffset="9236"/>
</LocList>
<RootTerm CovItemId="C36" CovItemPrefix="com.OriginalFiles.Analyze.java" Intrnl_Id="372">
<BasicBoolTerm Intrnl_Id="373">
<LocList>
<Loc EndOffset="9257" SrcFileId="1" StartOffset="9240"/>
</LocList>
</BasicBoolTerm>
</RootTerm>
</CondStmnt>
<BasicStmnt CovItemId="S111" CovItemPrefix="com.OriginalFiles.Analyze.java" Intrnl_Id="374">
<LocList>
<Loc EndOffset="9492" SrcFileId="1" StartOffset="9388"/>
</LocList>
</BasicStmnt>
<CondStmnt CovItemId="S112" CovItemPrefix="com.OriginalFiles.Analyze.java" Intrnl_Id="375">
<Branch CovItemId="B71" CovItemPrefix="com.OriginalFiles.Analyze.java" Implct="false" Intrnl_Id="376">
<Cond/>
<LocList>
<Loc EndOffset="9644" SrcFileId="1" StartOffset="9525"/>
</LocList>
<StmntSeq Intrnl_Id="377">
<LocList>
<Loc EndOffset="9633" SrcFileId="1" StartOffset="9540"/>
</LocList>
<BasicStmnt CovItemId="S113" CovItemPrefix="com.OriginalFiles.Analyze.java" Intrnl_Id="378">
<LocList>
<Loc EndOffset="9633" SrcFileId="1" StartOffset="9540"/>
</LocList>
</BasicStmnt>
</StmntSeq>
</Branch>
<Branch CovItemId="B72" CovItemPrefix="com.OriginalFiles.Analyze.java" Implct="true" Intrnl_Id="379">
<Cond/>
<LocList/>
<StmntSeq Intrnl_Id="380">
<LocList/>
</StmntSeq>
</Branch>
<Keyword EndOffset="9504" SrcFileId="1" StartOffset="9502"/>
<LocList>
<Loc EndOffset="9644" SrcFileId="1" StartOffset="9502"/>
</LocList>
<RootTerm CovItemId="C37" CovItemPrefix="com.OriginalFiles.Analyze.java" Intrnl_Id="381">
<BasicBoolTerm Intrnl_Id="382">
<LocList>
<Loc EndOffset="9523" SrcFileId="1" StartOffset="9506"/>
</LocList>
</BasicBoolTerm>
</RootTerm>
</CondStmnt>
<CondStmnt CovItemId="S114" CovItemPrefix="com.OriginalFiles.Analyze.java" Intrnl_Id="383">
<Branch CovItemId="B73" CovItemPrefix="com.OriginalFiles.Analyze.java" Implct="false" Intrnl_Id="384">
<Cond/>
<LocList>
<Loc EndOffset="9749" SrcFileId="1" StartOffset="9684"/>
</LocList>
<StmntSeq Intrnl_Id="385">
<LocList>
<Loc EndOffset="9738" SrcFileId="1" StartOffset="9699"/>
</LocList>
<BasicStmnt CovItemId="S115" CovItemPrefix="com.OriginalFiles.Analyze.java" Intrnl_Id="386">
<LocList>
<Loc EndOffset="9738" SrcFileId="1" StartOffset="9699"/>
</LocList>
</BasicStmnt>
</StmntSeq>
</Branch>
<Branch CovItemId="B74" CovItemPrefix="com.OriginalFiles.Analyze.java" Implct="true" Intrnl_Id="387">
<Cond/>
<LocList/>
<StmntSeq Intrnl_Id="388">
<LocList/>
</StmntSeq>
</Branch>
<Keyword EndOffset="9658" SrcFileId="1" StartOffset="9656"/>
<LocList>
<Loc EndOffset="9749" SrcFileId="1" StartOffset="9656"/>
</LocList>
<RootTerm CovItemId="C38" CovItemPrefix="com.OriginalFiles.Analyze.java" Intrnl_Id="389">
<BasicBoolTerm Intrnl_Id="390">
<LocList>
<Loc EndOffset="9682" SrcFileId="1" StartOffset="9660"/>
</LocList>
</BasicBoolTerm>
</RootTerm>
</CondStmnt>
<LoopStmnt CovItemId="S116" CovItemPrefix="com.OriginalFiles.Analyze.java" Intrnl_Id="391" MltplExecId="L5-2" MltplExecPrefix="com.OriginalFiles.Analyze.java" NvrExecId="L5-0" NvrExecPrefix="com.OriginalFiles.Analyze.java" OnceExecutedId="L5-1" OnceExecutedPrefix="com.OriginalFiles.Analyze.java" OptBodyExec="true">
<StmntSeq Intrnl_Id="392">
<LocList>
<Loc EndOffset="9852" SrcFileId="1" StartOffset="9820"/>
</LocList>
<BasicStmnt CovItemId="S117" CovItemPrefix="com.OriginalFiles.Analyze.java" Intrnl_Id="393">
<LocList>
<Loc EndOffset="9852" SrcFileId="1" StartOffset="9820"/>
</LocList>
</BasicStmnt>
</StmntSeq>
<Keyword EndOffset="9764" SrcFileId="1" StartOffset="9761"/>
<LocList>
<Loc EndOffset="9863" SrcFileId="1" StartOffset="9761"/>
</LocList>
<RootTerm CovItemId="C39" CovItemPrefix="com.OriginalFiles.Analyze.java" Intrnl_Id="394">
<BasicBoolTerm Intrnl_Id="395">
<LocList>
<Loc EndOffset="9798" SrcFileId="1" StartOffset="9777"/>
</LocList>
</BasicBoolTerm>
</RootTerm>
</LoopStmnt>
<BasicStmnt CovItemId="S118" CovItemPrefix="com.OriginalFiles.Analyze.java" Intrnl_Id="396">
<LocList>
<Loc EndOffset="9891" SrcFileId="1" StartOffset="9873"/>
</LocList>
</BasicStmnt>
</StmntSeq>
</HierarchyLvl>
<HierarchyLvl HierarchyLvlId="1025" HierarchyLvlTypeId="7" Intrnl_Id="397" Name="findJumpPiece">
<Header>
<Loc EndOffset="10006" SrcFileId="1" StartOffset="9906"/>
</Header>
<LocList>
<Loc EndOffset="12585" SrcFileId="1" StartOffset="9906"/>
</LocList>
<StmntSeq Intrnl_Id="398">
<LocList>
<Loc EndOffset="10076" SrcFileId="1" StartOffset="10018"/>
<Loc EndOffset="10176" SrcFileId="1" StartOffset="10086"/>
<Loc EndOffset="10215" SrcFileId="1" StartOffset="10186"/>
<Loc EndOffset="12555" SrcFileId="1" StartOffset="10225"/>
<Loc EndOffset="12578" SrcFileId="1" StartOffset="12565"/>
</LocList>
<BasicStmnt CovItemId="S119" CovItemPrefix="com.OriginalFiles.Analyze.java" Intrnl_Id="399">
<LocList>
<Loc EndOffset="10076" SrcFileId="1" StartOffset="10018"/>
</LocList>
</BasicStmnt>
<BasicStmnt CovItemId="S120" CovItemPrefix="com.OriginalFiles.Analyze.java" Intrnl_Id="400">
<LocList>
<Loc EndOffset="10176" SrcFileId="1" StartOffset="10086"/>
</LocList>
</BasicStmnt>
<BasicStmnt CovItemId="S121" CovItemPrefix="com.OriginalFiles.Analyze.java" Intrnl_Id="401">
<LocList>
<Loc EndOffset="10215" SrcFileId="1" StartOffset="10186"/>
</LocList>
</BasicStmnt>
<LoopStmnt CovItemId="S122" CovItemPrefix="com.OriginalFiles.Analyze.java" Intrnl_Id="402" MltplExecId="L6-2" MltplExecPrefix="com.OriginalFiles.Analyze.java" NvrExecId="L6-0" NvrExecPrefix="com.OriginalFiles.Analyze.java" OnceExecutedId="L6-1" OnceExecutedPrefix="com.OriginalFiles.Analyze.java" OptBodyExec="true">
<StmntSeq Intrnl_Id="403">
<LocList>
<Loc EndOffset="10321" SrcFileId="1" StartOffset="10282"/>
<Loc EndOffset="10386" SrcFileId="1" StartOffset="10335"/>
<Loc EndOffset="12544" SrcFileId="1" StartOffset="10400"/>
</LocList>
<BasicStmnt CovItemId="S123" CovItemPrefix="com.OriginalFiles.Analyze.java" Intrnl_Id="404">
<LocList>
<Loc EndOffset="10321" SrcFileId="1" StartOffset="10282"/>
</LocList>
</BasicStmnt>
<BasicStmnt CovItemId="S124" CovItemPrefix="com.OriginalFiles.Analyze.java" Intrnl_Id="405">
<LocList>
<Loc EndOffset="10386" SrcFileId="1" StartOffset="10335"/>
</LocList>
</BasicStmnt>
<CondStmnt CovItemId="S125" CovItemPrefix="com.OriginalFiles.Analyze.java" Intrnl_Id="406">
<Branch CovItemId="B75" CovItemPrefix="com.OriginalFiles.Analyze.java" Implct="false" Intrnl_Id="407">
<Cond/>
<LocList>
<Loc EndOffset="12544" SrcFileId="1" StartOffset="10464"/>
</LocList>
<StmntSeq Intrnl_Id="408">
<LocList>
<Loc EndOffset="10547" SrcFileId="1" StartOffset="10483"/>
<Loc EndOffset="10597" SrcFileId="1" StartOffset="10565"/>
<Loc EndOffset="12499" SrcFileId="1" StartOffset="10615"/>
<Loc EndOffset="12529" SrcFileId="1" StartOffset="12517"/>
</LocList>
<BasicStmnt CovItemId="S126" CovItemPrefix="com.OriginalFiles.Analyze.java" Intrnl_Id="409">
<LocList>
<Loc EndOffset="10547" SrcFileId="1" StartOffset="10483"/>
</LocList>
</BasicStmnt>
<BasicStmnt CovItemId="S127" CovItemPrefix="com.OriginalFiles.Analyze.java" Intrnl_Id="410">
<LocList>
<Loc EndOffset="10597" SrcFileId="1" StartOffset="10565"/>
</LocList>
</BasicStmnt>
<LoopStmnt CovItemId="S128" CovItemPrefix="com.OriginalFiles.Analyze.java" Intrnl_Id="411" MltplExecId="L7-2" MltplExecPrefix="com.OriginalFiles.Analyze.java" NvrExecId="L7-0" NvrExecPrefix="com.OriginalFiles.Analyze.java" OnceExecutedId="L7-1" OnceExecutedPrefix="com.OriginalFiles.Analyze.java" OptBodyExec="true">
<StmntSeq Intrnl_Id="412">
<LocList>
<Loc EndOffset="10704" SrcFileId="1" StartOffset="10670"/>
<Loc EndOffset="10765" SrcFileId="1" StartOffset="10726"/>
<Loc EndOffset="10964" SrcFileId="1" StartOffset="10787"/>
<Loc EndOffset="12480" SrcFileId="1" StartOffset="10986"/>
</LocList>
<BasicStmnt CovItemId="S129" CovItemPrefix="com.OriginalFiles.Analyze.java" Intrnl_Id="413">
<LocList>
<Loc EndOffset="10704" SrcFileId="1" StartOffset="10670"/>
</LocList>
</BasicStmnt>
<BasicStmnt CovItemId="S130" CovItemPrefix="com.OriginalFiles.Analyze.java" Intrnl_Id="414">
<LocList>
<Loc EndOffset="10765" SrcFileId="1" StartOffset="10726"/>
</LocList>
</BasicStmnt>
<BasicStmnt CovItemId="S131" CovItemPrefix="com.OriginalFiles.Analyze.java" Intrnl_Id="415">
<LocList>
<Loc EndOffset="10964" SrcFileId="1" StartOffset="10787"/>
</LocList>
</BasicStmnt>
<CondStmnt CovItemId="S132" CovItemPrefix="com.OriginalFiles.Analyze.java" Intrnl_Id="416">
<Branch CovItemId="B77" CovItemPrefix="com.OriginalFiles.Analyze.java" Implct="false" Intrnl_Id="417">
<Cond/>
<LocList>
<Loc EndOffset="11567" SrcFileId="1" StartOffset="11030"/>
</LocList>
<StmntSeq Intrnl_Id="418">
<LocList>
<Loc EndOffset="11067" SrcFileId="1" StartOffset="11057"/>
<Loc EndOffset="11544" SrcFileId="1" StartOffset="11093"/>
</LocList>
<BasicStmnt CovItemId="S133" CovItemPrefix="com.OriginalFiles.Analyze.java" Intrnl_Id="419">
<LocList>
<Loc EndOffset="11067" SrcFileId="1" StartOffset="11057"/>
</LocList>
</BasicStmnt>
<LoopStmnt CovItemId="S134" CovItemPrefix="com.OriginalFiles.Analyze.java" Intrnl_Id="420" MltplExecId="L8-2" MltplExecPrefix="com.OriginalFiles.Analyze.java" NvrExecId="L8-0" NvrExecPrefix="com.OriginalFiles.Analyze.java" OnceExecutedId="L8-1" OnceExecutedPrefix="com.OriginalFiles.Analyze.java" OptBodyExec="true">
<StmntSeq Intrnl_Id="421">
<LocList>
<Loc EndOffset="11483" SrcFileId="1" StartOffset="11141"/>
<Loc EndOffset="11517" SrcFileId="1" StartOffset="11513"/>
</LocList>
<CondStmnt CovItemId="S135" CovItemPrefix="com.OriginalFiles.Analyze.java" Intrnl_Id="422">
<Branch CovItemId="B79" CovItemPrefix="com.OriginalFiles.Analyze.java" Implct="false" Intrnl_Id="423">
<Cond/>
<LocList>
<Loc EndOffset="11483" SrcFileId="1" StartOffset="11186"/>
</LocList>
<StmntSeq Intrnl_Id="424">
<LocList>
<Loc EndOffset="11452" SrcFileId="1" StartOffset="11280"/>
</LocList>
<BasicStmnt CovItemId="S136" CovItemPrefix="com.OriginalFiles.Analyze.java" Intrnl_Id="425">
<LocList>
<Loc EndOffset="11452" SrcFileId="1" StartOffset="11280"/>
</LocList>
</BasicStmnt>
</StmntSeq>
</Branch>
<Branch CovItemId="B80" CovItemPrefix="com.OriginalFiles.Analyze.java" Implct="true" Intrnl_Id="426">
<Cond/>
<LocList/>
<StmntSeq Intrnl_Id="427">
<LocList/>
</StmntSeq>
</Branch>
<Keyword EndOffset="11143" SrcFileId="1" StartOffset="11141"/>
<LocList>
<Loc EndOffset="11483" SrcFileId="1" StartOffset="11141"/>
</LocList>
<RootTerm CovItemId="C45" CovItemPrefix="com.OriginalFiles.Analyze.java" Intrnl_Id="428">
<BasicBoolTerm Intrnl_Id="429">
<LocList>
<Loc EndOffset="11184" SrcFileId="1" StartOffset="11145"/>
</LocList>
</BasicBoolTerm>
</RootTerm>
</CondStmnt>
<BasicStmnt CovItemId="S137" CovItemPrefix="com.OriginalFiles.Analyze.java" Intrnl_Id="430">
<LocList>
<Loc EndOffset="11517" SrcFileId="1" StartOffset="11513"/>
</LocList>
</BasicStmnt>
</StmntSeq>
<Keyword EndOffset="11098" SrcFileId="1" StartOffset="11093"/>
<LocList>
<Loc EndOffset="11544" SrcFileId="1" StartOffset="11093"/>
</LocList>
<RootTerm CovItemId="C44" CovItemPrefix="com.OriginalFiles.Analyze.java" Intrnl_Id="431">
<OpTerm BooleanOpId="2" Intrnl_Id="432">
<BasicBoolTerm Intrnl_Id="433">
<LocList>
<Loc EndOffset="11107" SrcFileId="1" StartOffset="11102"/>
</LocList>
</BasicBoolTerm>
<LocList>
<Loc EndOffset="11101" SrcFileId="1" StartOffset="11100"/>
</LocList>
</OpTerm>
</RootTerm>
</LoopStmnt>
</StmntSeq>
</Branch>
<Branch CovItemId="B78" CovItemPrefix="com.OriginalFiles.Analyze.java" Implct="false" Intrnl_Id="434">
<Cond>
<Loc EndOffset="11572" SrcFileId="1" StartOffset="11568"/>
</Cond>
<LocList>
<Loc EndOffset="12480" SrcFileId="1" StartOffset="11573"/>
</LocList>
<StmntSeq Intrnl_Id="435">
<LocList>
<Loc EndOffset="11610" SrcFileId="1" StartOffset="11600"/>
<Loc EndOffset="11646" SrcFileId="1" StartOffset="11636"/>
<Loc EndOffset="12304" SrcFileId="1" StartOffset="11672"/>
<Loc EndOffset="12457" SrcFileId="1" StartOffset="12330"/>
</LocList>
<BasicStmnt CovItemId="S138" CovItemPrefix="com.OriginalFiles.Analyze.java" Intrnl_Id="436">
<LocList>
<Loc EndOffset="11610" SrcFileId="1" StartOffset="11600"/>
</LocList>
</BasicStmnt>
<BasicStmnt CovItemId="S139" CovItemPrefix="com.OriginalFiles.Analyze.java" Intrnl_Id="437">
<LocList>
<Loc EndOffset="11646" SrcFileId="1" StartOffset="11636"/>
</LocList>
</BasicStmnt>
<LoopStmnt CovItemId="S140" CovItemPrefix="com.OriginalFiles.Analyze.java" Intrnl_Id="438" MltplExecId="L9-2" MltplExecPrefix="com.OriginalFiles.Analyze.java" NvrExecId="L9-0" NvrExecPrefix="com.OriginalFiles.Analyze.java" OnceExecutedId="L9-1" OnceExecutedPrefix="com.OriginalFiles.Analyze.java" OptBodyExec="true">
<StmntSeq Intrnl_Id="439">
<LocList>
<Loc EndOffset="12170" SrcFileId="1" StartOffset="11799"/>
<Loc EndOffset="12204" SrcFileId="1" StartOffset="12200"/>
<Loc EndOffset="12277" SrcFileId="1" StartOffset="12234"/>
</LocList>
<LoopStmnt CovItemId="S141" CovItemPrefix="com.OriginalFiles.Analyze.java" Intrnl_Id="440" MltplExecId="L10-2" MltplExecPrefix="com.OriginalFiles.Analyze.java" NvrExecId="L10-0" NvrExecPrefix="com.OriginalFiles.Analyze.java" OnceExecutedId="L10-1" OnceExecutedPrefix="com.OriginalFiles.Analyze.java" OptBodyExec="true">
<StmntSeq Intrnl_Id="441">
<LocList>
<Loc EndOffset="12101" SrcFileId="1" StartOffset="11924"/>
<Loc EndOffset="12139" SrcFileId="1" StartOffset="12135"/>
</LocList>
<CondStmnt CovItemId="S142" CovItemPrefix="com.OriginalFiles.Analyze.java" Intrnl_Id="442">
<Branch CovItemId="B81" CovItemPrefix="com.OriginalFiles.Analyze.java" Implct="false" Intrnl_Id="443">
<Cond/>
<LocList>
<Loc EndOffset="12101" SrcFileId="1" StartOffset="12015"/>
</LocList>
<StmntSeq Intrnl_Id="444">
<LocList>
<Loc EndOffset="12066" SrcFileId="1" StartOffset="12054"/>
</LocList>
<BasicStmnt CovItemId="S143" CovItemPrefix="com.OriginalFiles.Analyze.java" Intrnl_Id="445">
<LocList>
<Loc EndOffset="12066" SrcFileId="1" StartOffset="12054"/>
</LocList>
</BasicStmnt>
</StmntSeq>
</Branch>
<Branch CovItemId="B82" CovItemPrefix="com.OriginalFiles.Analyze.java" Implct="true" Intrnl_Id="446">
<Cond/>
<LocList/>
<StmntSeq Intrnl_Id="447">
<LocList/>
</StmntSeq>
</Branch>
<Keyword EndOffset="11926" SrcFileId="1" StartOffset="11924"/>
<LocList>
<Loc EndOffset="12101" SrcFileId="1" StartOffset="11924"/>
</LocList>
<RootTerm CovItemId="C48" CovItemPrefix="com.OriginalFiles.Analyze.java" Intrnl_Id="448">
<BasicBoolTerm Intrnl_Id="449">
<LocList>
<Loc EndOffset="12013" SrcFileId="1" StartOffset="11928"/>
</LocList>
</BasicBoolTerm>
</RootTerm>
</CondStmnt>
<BasicStmnt CovItemId="S144" CovItemPrefix="com.OriginalFiles.Analyze.java" Intrnl_Id="450">
<LocList>
<Loc EndOffset="12139" SrcFileId="1" StartOffset="12135"/>
</LocList>
</BasicStmnt>
</StmntSeq>
<Keyword EndOffset="11804" SrcFileId="1" StartOffset="11799"/>
<LocList>
<Loc EndOffset="12170" SrcFileId="1" StartOffset="11799"/>
</LocList>
<RootTerm CovItemId="C47" CovItemPrefix="com.OriginalFiles.Analyze.java" Intrnl_Id="451">
<BasicBoolTerm Intrnl_Id="452">
<LocList>
<Loc EndOffset="11887" SrcFileId="1" StartOffset="11806"/>
</LocList>
</BasicBoolTerm>
</RootTerm>
</LoopStmnt>
<BasicStmnt CovItemId="S145" CovItemPrefix="com.OriginalFiles.Analyze.java" Intrnl_Id="453">
<LocList>
<Loc EndOffset="12204" SrcFileId="1" StartOffset="12200"/>
</LocList>
</BasicStmnt>
<BasicStmnt CovItemId="S146" CovItemPrefix="com.OriginalFiles.Analyze.java" Intrnl_Id="454">
<LocList>
<Loc EndOffset="12277" SrcFileId="1" StartOffset="12234"/>
</LocList>
</BasicStmnt>
</StmntSeq>
<Keyword EndOffset="11684" SrcFileId="1" StartOffset="11679"/>
<LocList>
<Loc EndOffset="12304" SrcFileId="1" StartOffset="11672"/>
</LocList>
<RootTerm CovItemId="C46" CovItemPrefix="com.OriginalFiles.Analyze.java" Intrnl_Id="455">
<BasicBoolTerm Intrnl_Id="456">
<LocList>
<Loc EndOffset="11766" SrcFileId="1" StartOffset="11686"/>
</LocList>
</BasicBoolTerm>
</RootTerm>
</LoopStmnt>
<BasicStmnt CovItemId="S147" CovItemPrefix="com.OriginalFiles.Analyze.java" Intrnl_Id="457">
<LocList>
<Loc EndOffset="12457" SrcFileId="1" StartOffset="12330"/>
</LocList>
</BasicStmnt>
</StmntSeq>
</Branch>
<Keyword EndOffset="10988" SrcFileId="1" StartOffset="10986"/>
<LocList>
<Loc EndOffset="12480" SrcFileId="1" StartOffset="10986"/>
</LocList>
<RootTerm CovItemId="C43" CovItemPrefix="com.OriginalFiles.Analyze.java" Intrnl_Id="458">
<BasicBoolTerm Intrnl_Id="459">
<LocList>
<Loc EndOffset="11028" SrcFileId="1" StartOffset="10990"/>
</LocList>
</BasicBoolTerm>
</RootTerm>
</CondStmnt>
</StmntSeq>
<Keyword EndOffset="10618" SrcFileId="1" StartOffset="10615"/>
<LocList>
<Loc EndOffset="12499" SrcFileId="1" StartOffset="10615"/>
</LocList>
<RootTerm CovItemId="C42" CovItemPrefix="com.OriginalFiles.Analyze.java" Intrnl_Id="460">
<BasicBoolTerm Intrnl_Id="461">
<LocList>
<Loc EndOffset="10640" SrcFileId="1" StartOffset="10631"/>
</LocList>
</BasicBoolTerm>
</RootTerm>
</LoopStmnt>
<BasicStmnt CovItemId="S148" CovItemPrefix="com.OriginalFiles.Analyze.java" Intrnl_Id="462">
<LocList>
<Loc EndOffset="12529" SrcFileId="1" StartOffset="12517"/>
</LocList>
</BasicStmnt>
</StmntSeq>
</Branch>
<Branch CovItemId="B76" CovItemPrefix="com.OriginalFiles.Analyze.java" Implct="true" Intrnl_Id="463">
<Cond/>
<LocList/>
<StmntSeq Intrnl_Id="464">
<LocList/>
</StmntSeq>
</Branch>
<Keyword EndOffset="10402" SrcFileId="1" StartOffset="10400"/>
<LocList>
<Loc EndOffset="12544" SrcFileId="1" StartOffset="10400"/>
</LocList>
<RootTerm CovItemId="C41" CovItemPrefix="com.OriginalFiles.Analyze.java" Intrnl_Id="465">
<OpTerm BooleanOpId="2" Intrnl_Id="466">
<BasicBoolTerm Intrnl_Id="467">
<LocList>
<Loc EndOffset="10462" SrcFileId="1" StartOffset="10405"/>
</LocList>
</BasicBoolTerm>
<LocList>
<Loc EndOffset="10405" SrcFileId="1" StartOffset="10404"/>
</LocList>
</OpTerm>
</RootTerm>
</CondStmnt>
</StmntSeq>
<Keyword EndOffset="10228" SrcFileId="1" StartOffset="10225"/>
<LocList>
<Loc EndOffset="12555" SrcFileId="1" StartOffset="10225"/>
</LocList>
<RootTerm CovItemId="C40" CovItemPrefix="com.OriginalFiles.Analyze.java" Intrnl_Id="468">
<BasicBoolTerm Intrnl_Id="469">
<LocList>
<Loc EndOffset="10260" SrcFileId="1" StartOffset="10241"/>
</LocList>
</BasicBoolTerm>
</RootTerm>
</LoopStmnt>
<BasicStmnt CovItemId="S149" CovItemPrefix="com.OriginalFiles.Analyze.java" Intrnl_Id="470">
<LocList>
<Loc EndOffset="12578" SrcFileId="1" StartOffset="12565"/>
</LocList>
</BasicStmnt>
</StmntSeq>
</HierarchyLvl>
<HierarchyLvl HierarchyLvlId="1026" HierarchyLvlTypeId="7" Intrnl_Id="471" Name="checkForUpgradeKing">
<Header>
<Loc EndOffset="12708" SrcFileId="1" StartOffset="12593"/>
</Header>
<LocList>
<Loc EndOffset="14152" SrcFileId="1" StartOffset="12593"/>
</LocList>
<StmntSeq Intrnl_Id="472">
<LocList>
<Loc EndOffset="14145" SrcFileId="1" StartOffset="12720"/>
</LocList>
<CondStmnt CovItemId="S150" CovItemPrefix="com.OriginalFiles.Analyze.java" Intrnl_Id="473">
<Branch CovItemId="B83" CovItemPrefix="com.OriginalFiles.Analyze.java" Implct="false" Intrnl_Id="474">
<Cond/>
<LocList>
<Loc EndOffset="14145" SrcFileId="1" StartOffset="12764"/>
</LocList>
<StmntSeq Intrnl_Id="475">
<LocList>
<Loc EndOffset="14134" SrcFileId="1" StartOffset="12779"/>
</LocList>
<CondStmnt CovItemId="S151" CovItemPrefix="com.OriginalFiles.Analyze.java" Intrnl_Id="476">
<Branch CovItemId="B85" CovItemPrefix="com.OriginalFiles.Analyze.java" Implct="false" Intrnl_Id="477">
<Cond/>
<LocList>
<Loc EndOffset="13078" SrcFileId="1" StartOffset="12828"/>
</LocList>
<StmntSeq Intrnl_Id="478">
<LocList>
<Loc EndOffset="12905" SrcFileId="1" StartOffset="12847"/>
<Loc EndOffset="12964" SrcFileId="1" StartOffset="12923"/>
<Loc EndOffset="13063" SrcFileId="1" StartOffset="12982"/>
</LocList>
<BasicStmnt CovItemId="S152" CovItemPrefix="com.OriginalFiles.Analyze.java" Intrnl_Id="479">
<LocList>
<Loc EndOffset="12905" SrcFileId="1" StartOffset="12847"/>
</LocList>
</BasicStmnt>
<BasicStmnt CovItemId="S153" CovItemPrefix="com.OriginalFiles.Analyze.java" Intrnl_Id="480">
<LocList>
<Loc EndOffset="12964" SrcFileId="1" StartOffset="12923"/>
</LocList>
</BasicStmnt>
<CondStmnt CovItemId="S154" CovItemPrefix="com.OriginalFiles.Analyze.java" Intrnl_Id="481">
<Branch CovItemId="B87" CovItemPrefix="com.OriginalFiles.Analyze.java" Implct="false" Intrnl_Id="482">
<Cond/>
<LocList>
<Loc EndOffset="13063" SrcFileId="1" StartOffset="13000"/>
</LocList>
<StmntSeq Intrnl_Id="483">
<LocList>
<Loc EndOffset="13044" SrcFileId="1" StartOffset="13023"/>
</LocList>
<BasicStmnt CovItemId="S155" CovItemPrefix="com.OriginalFiles.Analyze.java" Intrnl_Id="484">
<LocList>
<Loc EndOffset="13044" SrcFileId="1" StartOffset="13023"/>
</LocList>
</BasicStmnt>
</StmntSeq>
</Branch>
<Branch CovItemId="B88" CovItemPrefix="com.OriginalFiles.Analyze.java" Implct="true" Intrnl_Id="485">
<Cond/>
<LocList/>
<StmntSeq Intrnl_Id="486">
<LocList/>
</StmntSeq>
</Branch>
<Keyword EndOffset="12984" SrcFileId="1" StartOffset="12982"/>
<LocList>
<Loc EndOffset="13063" SrcFileId="1" StartOffset="12982"/>
</LocList>
<RootTerm CovItemId="C51" CovItemPrefix="com.OriginalFiles.Analyze.java" Intrnl_Id="487">
<OpTerm BooleanOpId="2" Intrnl_Id="488">
<BasicBoolTerm Intrnl_Id="489">
<LocList>
<Loc EndOffset="12998" SrcFileId="1" StartOffset="12987"/>
</LocList>
</BasicBoolTerm>
<LocList>
<Loc EndOffset="12987" SrcFileId="1" StartOffset="12986"/>
</LocList>
</OpTerm>
</RootTerm>
</CondStmnt>
</StmntSeq>
</Branch>
<Branch CovItemId="B86" CovItemPrefix="com.OriginalFiles.Analyze.java" Implct="false" Intrnl_Id="490">
<Cond>
<Loc EndOffset="13083" SrcFileId="1" StartOffset="13079"/>
</Cond>
<LocList>
<Loc EndOffset="14134" SrcFileId="1" StartOffset="13084"/>
</LocList>
<StmntSeq Intrnl_Id="491">
<LocList>
<Loc EndOffset="14119" SrcFileId="1" StartOffset="13103"/>
</LocList>
<CondStmnt CovItemId="S156" CovItemPrefix="com.OriginalFiles.Analyze.java" Intrnl_Id="492">
<Branch CovItemId="B89" CovItemPrefix="com.OriginalFiles.Analyze.java" Implct="false" Intrnl_Id="493">
<Cond/>
<LocList>
<Loc EndOffset="13318" SrcFileId="1" StartOffset="13120"/>
</LocList>
<StmntSeq Intrnl_Id="494">
<LocList>
<Loc EndOffset="13236" SrcFileId="1" StartOffset="13143"/>
<Loc EndOffset="13299" SrcFileId="1" StartOffset="13258"/>
</LocList>
<BasicStmnt CovItemId="S157" CovItemPrefix="com.OriginalFiles.Analyze.java" Intrnl_Id="495">
<LocList>
<Loc EndOffset="13236" SrcFileId="1" StartOffset="13143"/>
</LocList>
</BasicStmnt>
<BasicStmnt CovItemId="S158" CovItemPrefix="com.OriginalFiles.Analyze.java" Intrnl_Id="496">
<LocList>
<Loc EndOffset="13299" SrcFileId="1" StartOffset="13258"/>
</LocList>
</BasicStmnt>
</StmntSeq>
</Branch>
<Branch CovItemId="B90" CovItemPrefix="com.OriginalFiles.Analyze.java" Implct="false" Intrnl_Id="497">
<Cond>
<Loc EndOffset="13323" SrcFileId="1" StartOffset="13319"/>
</Cond>
<LocList>
<Loc EndOffset="14119" SrcFileId="1" StartOffset="13324"/>
</LocList>
<StmntSeq Intrnl_Id="498">
<LocList>
<Loc EndOffset="13372" SrcFileId="1" StartOffset="13347"/>
<Loc EndOffset="13404" SrcFileId="1" StartOffset="13394"/>
<Loc EndOffset="14100" SrcFileId="1" StartOffset="13426"/>
</LocList>
<BasicStmnt CovItemId="S159" CovItemPrefix="com.OriginalFiles.Analyze.java" Intrnl_Id="499">
<LocList>
<Loc EndOffset="13372" SrcFileId="1" StartOffset="13347"/>
</LocList>
</BasicStmnt>
<BasicStmnt CovItemId="S160" CovItemPrefix="com.OriginalFiles.Analyze.java" Intrnl_Id="500">
<LocList>
<Loc EndOffset="13404" SrcFileId="1" StartOffset="13394"/>
</LocList>
</BasicStmnt>
<LoopStmnt CovItemId="S161" CovItemPrefix="com.OriginalFiles.Analyze.java" Intrnl_Id="501" MltplExecId="L11-2" MltplExecPrefix="com.OriginalFiles.Analyze.java" NvrExecId="L11-0" NvrExecPrefix="com.OriginalFiles.Analyze.java" OnceExecutedId="L11-1" OnceExecutedPrefix="com.OriginalFiles.Analyze.java" OptBodyExec="true">
<StmntSeq Intrnl_Id="502">
<LocList>
<Loc EndOffset="13581" SrcFileId="1" StartOffset="13471"/>
<Loc EndOffset="14047" SrcFileId="1" StartOffset="13607"/>
<Loc EndOffset="14077" SrcFileId="1" StartOffset="14073"/>
</LocList>
<CondStmnt CovItemId="S162" CovItemPrefix="com.OriginalFiles.Analyze.java" Intrnl_Id="503">
<Branch CovItemId="B91" CovItemPrefix="com.OriginalFiles.Analyze.java" Implct="false" Intrnl_Id="504">
<Cond/>
<LocList>
<Loc EndOffset="13581" SrcFileId="1" StartOffset="13482"/>
</LocList>
<StmntSeq Intrnl_Id="505">
<LocList>
<Loc EndOffset="13554" SrcFileId="1" StartOffset="13513"/>
</LocList>
<BasicStmnt CovItemId="S163" CovItemPrefix="com.OriginalFiles.Analyze.java" Intrnl_Id="506">
<LocList>
<Loc EndOffset="13554" SrcFileId="1" StartOffset="13513"/>
</LocList>
</BasicStmnt>
</StmntSeq>
</Branch>
<Branch CovItemId="B92" CovItemPrefix="com.OriginalFiles.Analyze.java" Implct="true" Intrnl_Id="507">
<Cond/>
<LocList/>
<StmntSeq Intrnl_Id="508">
<LocList/>
</StmntSeq>
</Branch>
<Keyword EndOffset="13473" SrcFileId="1" StartOffset="13471"/>
<LocList>
<Loc EndOffset="13581" SrcFileId="1" StartOffset="13471"/>
</LocList>
<RootTerm CovItemId="C54" CovItemPrefix="com.OriginalFiles.Analyze.java" Intrnl_Id="509">
<BasicBoolTerm Intrnl_Id="510">
<LocList>
<Loc EndOffset="13480" SrcFileId="1" StartOffset="13475"/>
</LocList>
</BasicBoolTerm>
</RootTerm>
</CondStmnt>
<CondStmnt CovItemId="S164" CovItemPrefix="com.OriginalFiles.Analyze.java" Intrnl_Id="511">
<Branch CovItemId="B93" CovItemPrefix="com.OriginalFiles.Analyze.java" Implct="false" Intrnl_Id="512">
<Cond/>
<LocList>
<Loc EndOffset="14047" SrcFileId="1" StartOffset="13650"/>
</LocList>
<StmntSeq Intrnl_Id="513">
<LocList>
<Loc EndOffset="13777" SrcFileId="1" StartOffset="13736"/>
<Loc EndOffset="13974" SrcFileId="1" StartOffset="13862"/>
<Loc EndOffset="14020" SrcFileId="1" StartOffset="14004"/>
</LocList>
<BasicStmnt CovItemId="S165" CovItemPrefix="com.OriginalFiles.Analyze.java" Intrnl_Id="514">
<LocList>
<Loc EndOffset="13777" SrcFileId="1" StartOffset="13736"/>
</LocList>
</BasicStmnt>
<BasicStmnt CovItemId="S166" CovItemPrefix="com.OriginalFiles.Analyze.java" Intrnl_Id="515">
<LocList>
<Loc EndOffset="13974" SrcFileId="1" StartOffset="13862"/>
</LocList>
</BasicStmnt>
<BasicStmnt CovItemId="S167" CovItemPrefix="com.OriginalFiles.Analyze.java" Intrnl_Id="516">
<LocList>
<Loc EndOffset="14020" SrcFileId="1" StartOffset="14004"/>
</LocList>
</BasicStmnt>
</StmntSeq>
</Branch>
<Branch CovItemId="B94" CovItemPrefix="com.OriginalFiles.Analyze.java" Implct="true" Intrnl_Id="517">
<Cond/>
<LocList/>
<StmntSeq Intrnl_Id="518">
<LocList/>
</StmntSeq>
</Branch>
<Keyword EndOffset="13609" SrcFileId="1" StartOffset="13607"/>
<LocList>
<Loc EndOffset="14047" SrcFileId="1" StartOffset="13607"/>
</LocList>
<RootTerm CovItemId="C55" CovItemPrefix="com.OriginalFiles.Analyze.java" Intrnl_Id="519">
<OpTerm BooleanOpId="2" Intrnl_Id="520">
<BasicBoolTerm Intrnl_Id="521">
<LocList>
<Loc EndOffset="13648" SrcFileId="1" StartOffset="13612"/>
</LocList>
</BasicBoolTerm>
<LocList>
<Loc EndOffset="13612" SrcFileId="1" StartOffset="13611"/>
</LocList>
</OpTerm>
</RootTerm>
</CondStmnt>
<BasicStmnt CovItemId="S168" CovItemPrefix="com.OriginalFiles.Analyze.java" Intrnl_Id="522">
<LocList>
<Loc EndOffset="14077" SrcFileId="1" StartOffset="14073"/>
</LocList>
</BasicStmnt>
</StmntSeq>
<Keyword EndOffset="13431" SrcFileId="1" StartOffset="13426"/>
<LocList>
<Loc EndOffset="14100" SrcFileId="1" StartOffset="13426"/>
</LocList>
<RootTerm CovItemId="C53" CovItemPrefix="com.OriginalFiles.Analyze.java" Intrnl_Id="523">
<OpTerm BooleanOpId="2" Intrnl_Id="524">
<BasicBoolTerm Intrnl_Id="525">
<LocList>
<Loc EndOffset="13442" SrcFileId="1" StartOffset="13434"/>
</LocList>
</BasicBoolTerm>
<LocList>
<Loc EndOffset="13434" SrcFileId="1" StartOffset="13433"/>
</LocList>
</OpTerm>
</RootTerm>
</LoopStmnt>
</StmntSeq>
</Branch>
<Keyword EndOffset="13105" SrcFileId="1" StartOffset="13103"/>
<LocList>
<Loc EndOffset="14119" SrcFileId="1" StartOffset="13103"/>
</LocList>
<RootTerm CovItemId="C52" CovItemPrefix="com.OriginalFiles.Analyze.java" Intrnl_Id="526">
<BasicBoolTerm Intrnl_Id="527">
<LocList>
<Loc EndOffset="13118" SrcFileId="1" StartOffset="13107"/>
</LocList>
</BasicBoolTerm>
</RootTerm>
</CondStmnt>
</StmntSeq>
</Branch>
<Keyword EndOffset="12781" SrcFileId="1" StartOffset="12779"/>
<LocList>
<Loc EndOffset="14134" SrcFileId="1" StartOffset="12779"/>
</LocList>
<RootTerm CovItemId="C50" CovItemPrefix="com.OriginalFiles.Analyze.java" Intrnl_Id="528">
<BasicBoolTerm Intrnl_Id="529">
<LocList>
<Loc EndOffset="12826" SrcFileId="1" StartOffset="12783"/>
</LocList>
</BasicBoolTerm>
</RootTerm>
</CondStmnt>
</StmntSeq>
</Branch>
<Branch CovItemId="B84" CovItemPrefix="com.OriginalFiles.Analyze.java" Implct="true" Intrnl_Id="530">
<Cond/>
<LocList/>
<StmntSeq Intrnl_Id="531">
<LocList/>
</StmntSeq>
</Branch>
<Keyword EndOffset="12722" SrcFileId="1" StartOffset="12720"/>
<LocList>
<Loc EndOffset="14145" SrcFileId="1" StartOffset="12720"/>
</LocList>
<RootTerm CovItemId="C49" CovItemPrefix="com.OriginalFiles.Analyze.java" Intrnl_Id="532">
<BasicBoolTerm Intrnl_Id="533">
<LocList>
<Loc EndOffset="12762" SrcFileId="1" StartOffset="12724"/>
</LocList>
</BasicBoolTerm>
</RootTerm>
</CondStmnt>
</StmntSeq>
</HierarchyLvl>
<HierarchyLvl HierarchyLvlId="1027" HierarchyLvlTypeId="7" Intrnl_Id="534" Name="checkRobotPieceReplaced">
<Header>
<Loc EndOffset="14331" SrcFileId="1" StartOffset="14257"/>
</Header>
<LocList>
<Loc EndOffset="16151" SrcFileId="1" StartOffset="14257"/>
</LocList>
<StmntSeq Intrnl_Id="535">
<LocList>
<Loc EndOffset="16144" SrcFileId="1" StartOffset="14343"/>
</LocList>
<CondStmnt CovItemId="S169" CovItemPrefix="com.OriginalFiles.Analyze.java" Intrnl_Id="536">
<Branch CovItemId="B95" CovItemPrefix="com.OriginalFiles.Analyze.java" Implct="false" Intrnl_Id="537">
<Cond/>
<LocList>
<Loc EndOffset="16144" SrcFileId="1" StartOffset="14369"/>
</LocList>
<StmntSeq Intrnl_Id="538">
<LocList>
<Loc EndOffset="14414" SrcFileId="1" StartOffset="14384"/>
<Loc EndOffset="16133" SrcFileId="1" StartOffset="14428"/>
</LocList>
<BasicStmnt CovItemId="S170" CovItemPrefix="com.OriginalFiles.Analyze.java" Intrnl_Id="539">
<LocList>
<Loc EndOffset="14414" SrcFileId="1" StartOffset="14384"/>
</LocList>
</BasicStmnt>
<LoopStmnt CovItemId="S171" CovItemPrefix="com.OriginalFiles.Analyze.java" Intrnl_Id="540" MltplExecId="L12-2" MltplExecPrefix="com.OriginalFiles.Analyze.java" NvrExecId="L12-0" NvrExecPrefix="com.OriginalFiles.Analyze.java" OnceExecutedId="L12-1" OnceExecutedPrefix="com.OriginalFiles.Analyze.java" OptBodyExec="true">
<StmntSeq Intrnl_Id="541">
<LocList>
<Loc EndOffset="16118" SrcFileId="1" StartOffset="14470"/>
</LocList>
<CondStmnt CovItemId="S172" CovItemPrefix="com.OriginalFiles.Analyze.java" Intrnl_Id="542">
<Branch CovItemId="B97" CovItemPrefix="com.OriginalFiles.Analyze.java" Implct="false" Intrnl_Id="543">
<Cond/>
<LocList>
<Loc EndOffset="15972" SrcFileId="1" StartOffset="14570"/>
</LocList>
<StmntSeq Intrnl_Id="544">
<LocList>
<Loc EndOffset="14616" SrcFileId="1" StartOffset="14593"/>
<Loc EndOffset="14650" SrcFileId="1" StartOffset="14640"/>
<Loc EndOffset="14682" SrcFileId="1" StartOffset="14672"/>
<Loc EndOffset="14714" SrcFileId="1" StartOffset="14704"/>
<Loc EndOffset="15320" SrcFileId="1" StartOffset="14736"/>
<Loc EndOffset="15467" SrcFileId="1" StartOffset="15342"/>
<Loc EndOffset="15911" SrcFileId="1" StartOffset="15489"/>
<Loc EndOffset="15953" SrcFileId="1" StartOffset="15933"/>
</LocList>
<BasicStmnt CovItemId="S173" CovItemPrefix="com.OriginalFiles.Analyze.java" Intrnl_Id="545">
<LocList>
<Loc EndOffset="14616" SrcFileId="1" StartOffset="14593"/>
</LocList>
</BasicStmnt>
<BasicStmnt CovItemId="S174" CovItemPrefix="com.OriginalFiles.Analyze.java" Intrnl_Id="546">
<LocList>
<Loc EndOffset="14650" SrcFileId="1" StartOffset="14640"/>
</LocList>
</BasicStmnt>
<BasicStmnt CovItemId="S175" CovItemPrefix="com.OriginalFiles.Analyze.java" Intrnl_Id="547">
<LocList>
<Loc EndOffset="14682" SrcFileId="1" StartOffset="14672"/>
</LocList>
</BasicStmnt>
<BasicStmnt CovItemId="S176" CovItemPrefix="com.OriginalFiles.Analyze.java" Intrnl_Id="548">
<LocList>
<Loc EndOffset="14714" SrcFileId="1" StartOffset="14704"/>
</LocList>
</BasicStmnt>
<LoopStmnt CovItemId="S177" CovItemPrefix="com.OriginalFiles.Analyze.java" Intrnl_Id="549" MltplExecId="L13-2" MltplExecPrefix="com.OriginalFiles.Analyze.java" NvrExecId="L13-0" NvrExecPrefix="com.OriginalFiles.Analyze.java" OnceExecutedId="L13-1" OnceExecutedPrefix="com.OriginalFiles.Analyze.java" OptBodyExec="true">
<StmntSeq Intrnl_Id="550">
<LocList>
<Loc EndOffset="15198" SrcFileId="1" StartOffset="14855"/>
<Loc EndOffset="15228" SrcFileId="1" StartOffset="15224"/>
<Loc EndOffset="15297" SrcFileId="1" StartOffset="15254"/>
</LocList>
<LoopStmnt CovItemId="S178" CovItemPrefix="com.OriginalFiles.Analyze.java" Intrnl_Id="551" MltplExecId="L14-2" MltplExecPrefix="com.OriginalFiles.Analyze.java" NvrExecId="L14-0" NvrExecPrefix="com.OriginalFiles.Analyze.java" OnceExecutedId="L14-1" OnceExecutedPrefix="com.OriginalFiles.Analyze.java" OptBodyExec="true">
<StmntSeq Intrnl_Id="552">
<LocList>
<Loc EndOffset="15137" SrcFileId="1" StartOffset="14972"/>
<Loc EndOffset="15171" SrcFileId="1" StartOffset="15167"/>
</LocList>
<CondStmnt CovItemId="S179" CovItemPrefix="com.OriginalFiles.Analyze.java" Intrnl_Id="553">
<Branch CovItemId="B99" CovItemPrefix="com.OriginalFiles.Analyze.java" Implct="false" Intrnl_Id="554">
<Cond/>
<LocList>
<Loc EndOffset="15137" SrcFileId="1" StartOffset="15059"/>
</LocList>
<StmntSeq Intrnl_Id="555">
<LocList>
<Loc EndOffset="15106" SrcFileId="1" StartOffset="15094"/>
</LocList>
<BasicStmnt CovItemId="S180" CovItemPrefix="com.OriginalFiles.Analyze.java" Intrnl_Id="556">
<LocList>
<Loc EndOffset="15106" SrcFileId="1" StartOffset="15094"/>
</LocList>
</BasicStmnt>
</StmntSeq>
</Branch>
<Branch CovItemId="B100" CovItemPrefix="com.OriginalFiles.Analyze.java" Implct="true" Intrnl_Id="557">
<Cond/>
<LocList/>
<StmntSeq Intrnl_Id="558">
<LocList/>
</StmntSeq>
</Branch>
<Keyword EndOffset="14974" SrcFileId="1" StartOffset="14972"/>
<LocList>
<Loc EndOffset="15137" SrcFileId="1" StartOffset="14972"/>
</LocList>
<RootTerm CovItemId="C61" CovItemPrefix="com.OriginalFiles.Analyze.java" Intrnl_Id="559">
<BasicBoolTerm Intrnl_Id="560">
<LocList>
<Loc EndOffset="15057" SrcFileId="1" StartOffset="14976"/>
</LocList>
</BasicBoolTerm>
</RootTerm>
</CondStmnt>
<BasicStmnt CovItemId="S181" CovItemPrefix="com.OriginalFiles.Analyze.java" Intrnl_Id="561">
<LocList>
<Loc EndOffset="15171" SrcFileId="1" StartOffset="15167"/>
</LocList>
</BasicStmnt>
</StmntSeq>
<Keyword EndOffset="14860" SrcFileId="1" StartOffset="14855"/>
<LocList>
<Loc EndOffset="15198" SrcFileId="1" StartOffset="14855"/>
</LocList>
<RootTerm CovItemId="C60" CovItemPrefix="com.OriginalFiles.Analyze.java" Intrnl_Id="562">
<BasicBoolTerm Intrnl_Id="563">
<LocList>
<Loc EndOffset="14939" SrcFileId="1" StartOffset="14862"/>
</LocList>
</BasicBoolTerm>
</RootTerm>
</LoopStmnt>
<BasicStmnt CovItemId="S182" CovItemPrefix="com.OriginalFiles.Analyze.java" Intrnl_Id="564">
<LocList>
<Loc EndOffset="15228" SrcFileId="1" StartOffset="15224"/>
</LocList>
</BasicStmnt>
<BasicStmnt CovItemId="S183" CovItemPrefix="com.OriginalFiles.Analyze.java" Intrnl_Id="565">
<LocList>
<Loc EndOffset="15297" SrcFileId="1" StartOffset="15254"/>
</LocList>
</BasicStmnt>
</StmntSeq>
<Keyword EndOffset="14748" SrcFileId="1" StartOffset="14743"/>
<LocList>
<Loc EndOffset="15320" SrcFileId="1" StartOffset="14736"/>
</LocList>
<RootTerm CovItemId="C59" CovItemPrefix="com.OriginalFiles.Analyze.java" Intrnl_Id="566">
<BasicBoolTerm Intrnl_Id="567">
<LocList>
<Loc EndOffset="14826" SrcFileId="1" StartOffset="14750"/>
</LocList>
</BasicBoolTerm>
</RootTerm>
</LoopStmnt>
<BasicStmnt CovItemId="S184" CovItemPrefix="com.OriginalFiles.Analyze.java" Intrnl_Id="568">
<LocList>
<Loc EndOffset="15467" SrcFileId="1" StartOffset="15342"/>
</LocList>
</BasicStmnt>
<LoopStmnt CovItemId="S185" CovItemPrefix="com.OriginalFiles.Analyze.java" Intrnl_Id="569" MltplExecId="L15-2" MltplExecPrefix="com.OriginalFiles.Analyze.java" NvrExecId="L15-0" NvrExecPrefix="com.OriginalFiles.Analyze.java" OnceExecutedId="L15-1" OnceExecutedPrefix="com.OriginalFiles.Analyze.java" OptBodyExec="true">
<StmntSeq Intrnl_Id="570">
<LocList>
<Loc EndOffset="15858" SrcFileId="1" StartOffset="15533"/>
<Loc EndOffset="15888" SrcFileId="1" StartOffset="15884"/>
</LocList>
<CondStmnt CovItemId="S186" CovItemPrefix="com.OriginalFiles.Analyze.java" Intrnl_Id="571">
<Branch CovItemId="B101" CovItemPrefix="com.OriginalFiles.Analyze.java" Implct="false" Intrnl_Id="572">
<Cond/>
<LocList>
<Loc EndOffset="15858" SrcFileId="1" StartOffset="15579"/>
</LocList>
<StmntSeq Intrnl_Id="573">
<LocList>
<Loc EndOffset="15831" SrcFileId="1" StartOffset="15665"/>
</LocList>
<BasicStmnt CovItemId="S187" CovItemPrefix="com.OriginalFiles.Analyze.java" Intrnl_Id="574">
<LocList>
<Loc EndOffset="15831" SrcFileId="1" StartOffset="15665"/>
</LocList>
</BasicStmnt>
</StmntSeq>
</Branch>
<Branch CovItemId="B102" CovItemPrefix="com.OriginalFiles.Analyze.java" Implct="true" Intrnl_Id="575">
<Cond/>
<LocList/>
<StmntSeq Intrnl_Id="576">
<LocList/>
</StmntSeq>
</Branch>
<Keyword EndOffset="15535" SrcFileId="1" StartOffset="15533"/>
<LocList>
<Loc EndOffset="15858" SrcFileId="1" StartOffset="15533"/>
</LocList>
<RootTerm CovItemId="C63" CovItemPrefix="com.OriginalFiles.Analyze.java" Intrnl_Id="577">
<OpTerm BooleanOpId="2" Intrnl_Id="578">
<BasicBoolTerm Intrnl_Id="579">
<LocList>
<Loc EndOffset="15577" SrcFileId="1" StartOffset="15538"/>
</LocList>
</BasicBoolTerm>
<LocList>
<Loc EndOffset="15538" SrcFileId="1" StartOffset="15537"/>
</LocList>
</OpTerm>
</RootTerm>
</CondStmnt>
<BasicStmnt CovItemId="S188" CovItemPrefix="com.OriginalFiles.Analyze.java" Intrnl_Id="580">
<LocList>
<Loc EndOffset="15888" SrcFileId="1" StartOffset="15884"/>
</LocList>
</BasicStmnt>
</StmntSeq>
<Keyword EndOffset="15494" SrcFileId="1" StartOffset="15489"/>
<LocList>
<Loc EndOffset="15911" SrcFileId="1" StartOffset="15489"/>
</LocList>
<RootTerm CovItemId="C62" CovItemPrefix="com.OriginalFiles.Analyze.java" Intrnl_Id="581">
<OpTerm BooleanOpId="2" Intrnl_Id="582">
<BasicBoolTerm Intrnl_Id="583">
<LocList>
<Loc EndOffset="15503" SrcFileId="1" StartOffset="15498"/>
</LocList>
</BasicBoolTerm>
<LocList>
<Loc EndOffset="15497" SrcFileId="1" StartOffset="15496"/>
</LocList>
</OpTerm>
</RootTerm>
</LoopStmnt>
<BasicStmnt CovItemId="S189" CovItemPrefix="com.OriginalFiles.Analyze.java" Intrnl_Id="584">
<LocList>
<Loc EndOffset="15953" SrcFileId="1" StartOffset="15933"/>
</LocList>
</BasicStmnt>
</StmntSeq>
</Branch>
<Branch CovItemId="B98" CovItemPrefix="com.OriginalFiles.Analyze.java" Implct="false" Intrnl_Id="585">
<Cond>
<Loc EndOffset="15977" SrcFileId="1" StartOffset="15973"/>
</Cond>
<LocList>
<Loc EndOffset="16118" SrcFileId="1" StartOffset="15978"/>
</LocList>
<StmntSeq Intrnl_Id="586">
<LocList>
<Loc EndOffset="16042" SrcFileId="1" StartOffset="16001"/>
<Loc EndOffset="16099" SrcFileId="1" StartOffset="16064"/>
</LocList>
<BasicStmnt CovItemId="S190" CovItemPrefix="com.OriginalFiles.Analyze.java" Intrnl_Id="587">
<LocList>
<Loc EndOffset="16042" SrcFileId="1" StartOffset="16001"/>
</LocList>
</BasicStmnt>
<BasicStmnt CovItemId="S191" CovItemPrefix="com.OriginalFiles.Analyze.java" Intrnl_Id="588">
<LocList>
<Loc EndOffset="16099" SrcFileId="1" StartOffset="16064"/>
</LocList>
</BasicStmnt>
</StmntSeq>
</Branch>
<Keyword EndOffset="14472" SrcFileId="1" StartOffset="14470"/>
<LocList>
<Loc EndOffset="16118" SrcFileId="1" StartOffset="14470"/>
</LocList>
<RootTerm CovItemId="C58" CovItemPrefix="com.OriginalFiles.Analyze.java" Intrnl_Id="589">
<BasicBoolTerm Intrnl_Id="590">
<LocList>
<Loc EndOffset="14568" SrcFileId="1" StartOffset="14474"/>
</LocList>
</BasicBoolTerm>
</RootTerm>
</CondStmnt>
</StmntSeq>
<Keyword EndOffset="14433" SrcFileId="1" StartOffset="14428"/>
<LocList>
<Loc EndOffset="16133" SrcFileId="1" StartOffset="14428"/>
</LocList>
<RootTerm CovItemId="C57" CovItemPrefix="com.OriginalFiles.Analyze.java" Intrnl_Id="591">
<BasicBoolTerm Intrnl_Id="592">
<LocList>
<Loc EndOffset="14449" SrcFileId="1" StartOffset="14435"/>
</LocList>
</BasicBoolTerm>
</RootTerm>
</LoopStmnt>
</StmntSeq>
</Branch>
<Branch CovItemId="B96" CovItemPrefix="com.OriginalFiles.Analyze.java" Implct="true" Intrnl_Id="593">
<Cond/>
<LocList/>
<StmntSeq Intrnl_Id="594">
<LocList/>
</StmntSeq>
</Branch>
<Keyword EndOffset="14345" SrcFileId="1" StartOffset="14343"/>
<LocList>
<Loc EndOffset="16144" SrcFileId="1" StartOffset="14343"/>
</LocList>
<RootTerm CovItemId="C56" CovItemPrefix="com.OriginalFiles.Analyze.java" Intrnl_Id="595">
<BasicBoolTerm Intrnl_Id="596">
<LocList>
<Loc EndOffset="14367" SrcFileId="1" StartOffset="14347"/>
</LocList>
</BasicBoolTerm>
</RootTerm>
</CondStmnt>
</StmntSeq>
</HierarchyLvl>
<HierarchyLvl HierarchyLvlId="1028" HierarchyLvlTypeId="7" Intrnl_Id="597" Name="findMyColors">
<Header>
<Loc EndOffset="16282" SrcFileId="1" StartOffset="16209"/>
</Header>
<LocList>
<Loc EndOffset="16700" SrcFileId="1" StartOffset="16209"/>
</LocList>
<StmntSeq Intrnl_Id="598">
<LocList>
<Loc EndOffset="16340" SrcFileId="1" StartOffset="16294"/>
<Loc EndOffset="16693" SrcFileId="1" StartOffset="16350"/>
</LocList>
<BasicStmnt CovItemId="S192" CovItemPrefix="com.OriginalFiles.Analyze.java" Intrnl_Id="599">
<LocList>
<Loc EndOffset="16340" SrcFileId="1" StartOffset="16294"/>
</LocList>
</BasicStmnt>
<CondStmnt CovItemId="S193" CovItemPrefix="com.OriginalFiles.Analyze.java" Intrnl_Id="600">
<Branch CovItemId="B103" CovItemPrefix="com.OriginalFiles.Analyze.java" Implct="false" Intrnl_Id="601">
<Cond/>
<LocList>
<Loc EndOffset="16449" SrcFileId="1" StartOffset="16391"/>
</LocList>
<StmntSeq Intrnl_Id="602">
<LocList>
<Loc EndOffset="16438" SrcFileId="1" StartOffset="16406"/>
</LocList>
<BasicStmnt CovItemId="S194" CovItemPrefix="com.OriginalFiles.Analyze.java" Intrnl_Id="603">
<LocList>
<Loc EndOffset="16438" SrcFileId="1" StartOffset="16406"/>
</LocList>
</BasicStmnt>
</StmntSeq>
</Branch>
<Branch CovItemId="B104" CovItemPrefix="com.OriginalFiles.Analyze.java" Implct="false" Intrnl_Id="604">
<Cond>
<Loc EndOffset="16454" SrcFileId="1" StartOffset="16450"/>
</Cond>
<LocList>
<Loc EndOffset="16693" SrcFileId="1" StartOffset="16455"/>
</LocList>
<StmntSeq Intrnl_Id="605">
<LocList>
<Loc EndOffset="16693" SrcFileId="1" StartOffset="16455"/>
</LocList>
<CondStmnt CovItemId="S195" CovItemPrefix="com.OriginalFiles.Analyze.java" Intrnl_Id="606">
<Branch CovItemId="B105" CovItemPrefix="com.OriginalFiles.Analyze.java" Implct="false" Intrnl_Id="607">
<Cond/>
<LocList>
<Loc EndOffset="16554" SrcFileId="1" StartOffset="16496"/>
</LocList>
<StmntSeq Intrnl_Id="608">
<LocList>
<Loc EndOffset="16543" SrcFileId="1" StartOffset="16511"/>
</LocList>
<BasicStmnt CovItemId="S196" CovItemPrefix="com.OriginalFiles.Analyze.java" Intrnl_Id="609">
<LocList>
<Loc EndOffset="16543" SrcFileId="1" StartOffset="16511"/>
</LocList>
</BasicStmnt>
</StmntSeq>
</Branch>
<Branch CovItemId="B106" CovItemPrefix="com.OriginalFiles.Analyze.java" Implct="false" Intrnl_Id="610">
<Cond>
<Loc EndOffset="16559" SrcFileId="1" StartOffset="16555"/>
</Cond>
<LocList>
<Loc EndOffset="16693" SrcFileId="1" StartOffset="16560"/>
</LocList>
<StmntSeq Intrnl_Id="611">
<LocList>
<Loc EndOffset="16605" SrcFileId="1" StartOffset="16575"/>
<Loc EndOffset="16653" SrcFileId="1" StartOffset="16619"/>
<Loc EndOffset="16682" SrcFileId="1" StartOffset="16667"/>
</LocList>
<BasicStmnt CovItemId="S197" CovItemPrefix="com.OriginalFiles.Analyze.java" Intrnl_Id="612">
<LocList>
<Loc EndOffset="16605" SrcFileId="1" StartOffset="16575"/>
</LocList>
</BasicStmnt>
<BasicStmnt CovItemId="S198" CovItemPrefix="com.OriginalFiles.Analyze.java" Intrnl_Id="613">
<LocList>
<Loc EndOffset="16653" SrcFileId="1" StartOffset="16619"/>
</LocList>
</BasicStmnt>
<BasicStmnt CovItemId="S199" CovItemPrefix="com.OriginalFiles.Analyze.java" Intrnl_Id="614">
<LocList>
<Loc EndOffset="16682" SrcFileId="1" StartOffset="16667"/>
</LocList>
</BasicStmnt>
</StmntSeq>
</Branch>
<Keyword EndOffset="16457" SrcFileId="1" StartOffset="16455"/>
<LocList>
<Loc EndOffset="16693" SrcFileId="1" StartOffset="16455"/>
</LocList>
<RootTerm CovItemId="C65" CovItemPrefix="com.OriginalFiles.Analyze.java" Intrnl_Id="615">
<BasicBoolTerm Intrnl_Id="616">
<LocList>
<Loc EndOffset="16494" SrcFileId="1" StartOffset="16459"/>
</LocList>
</BasicBoolTerm>
</RootTerm>
</CondStmnt>
</StmntSeq>
</Branch>
<Keyword EndOffset="16352" SrcFileId="1" StartOffset="16350"/>
<LocList>
<Loc EndOffset="16693" SrcFileId="1" StartOffset="16350"/>
</LocList>
<RootTerm CovItemId="C64" CovItemPrefix="com.OriginalFiles.Analyze.java" Intrnl_Id="617">
<BasicBoolTerm Intrnl_Id="618">
<LocList>
<Loc EndOffset="16389" SrcFileId="1" StartOffset="16354"/>
</LocList>
</BasicBoolTerm>
</RootTerm>
</CondStmnt>
</StmntSeq>
</HierarchyLvl>
<HierarchyLvl HierarchyLvlId="1029" HierarchyLvlTypeId="7" Intrnl_Id="619" Name="getColor">
<Header>
<Loc EndOffset="16814" SrcFileId="1" StartOffset="16755"/>
</Header>
<LocList>
<Loc EndOffset="17651" SrcFileId="1" StartOffset="16755"/>
</LocList>
<StmntSeq Intrnl_Id="620">
<LocList>
<Loc EndOffset="16884" SrcFileId="1" StartOffset="16826"/>
<Loc EndOffset="16927" SrcFileId="1" StartOffset="16896"/>
<Loc EndOffset="16972" SrcFileId="1" StartOffset="16937"/>
<Loc EndOffset="17015" SrcFileId="1" StartOffset="16982"/>
<Loc EndOffset="17644" SrcFileId="1" StartOffset="17025"/>
</LocList>
<BasicStmnt CovItemId="S200" CovItemPrefix="com.OriginalFiles.Analyze.java" Intrnl_Id="621">
<LocList>
<Loc EndOffset="16884" SrcFileId="1" StartOffset="16826"/>
</LocList>
</BasicStmnt>
<BasicStmnt CovItemId="S201" CovItemPrefix="com.OriginalFiles.Analyze.java" Intrnl_Id="622">
<LocList>
<Loc EndOffset="16927" SrcFileId="1" StartOffset="16896"/>
</LocList>
</BasicStmnt>
<BasicStmnt CovItemId="S202" CovItemPrefix="com.OriginalFiles.Analyze.java" Intrnl_Id="623">
<LocList>
<Loc EndOffset="16972" SrcFileId="1" StartOffset="16937"/>
</LocList>
</BasicStmnt>
<BasicStmnt CovItemId="S203" CovItemPrefix="com.OriginalFiles.Analyze.java" Intrnl_Id="624">
<LocList>
<Loc EndOffset="17015" SrcFileId="1" StartOffset="16982"/>
</LocList>
</BasicStmnt>
<CondStmnt CovItemId="S204" CovItemPrefix="com.OriginalFiles.Analyze.java" Intrnl_Id="625">
<Branch CovItemId="B107" CovItemPrefix="com.OriginalFiles.Analyze.java" Implct="false" Intrnl_Id="626">
<Cond/>
<LocList>
<Loc EndOffset="17163" SrcFileId="1" StartOffset="17126"/>
</LocList>
<StmntSeq Intrnl_Id="627">
<LocList>
<Loc EndOffset="17152" SrcFileId="1" StartOffset="17141"/>
</LocList>
<BasicStmnt CovItemId="S205" CovItemPrefix="com.OriginalFiles.Analyze.java" Intrnl_Id="628">
<LocList>
<Loc EndOffset="17152" SrcFileId="1" StartOffset="17141"/>
</LocList>
</BasicStmnt>
</StmntSeq>
</Branch>
<Branch CovItemId="B108" CovItemPrefix="com.OriginalFiles.Analyze.java" Implct="false" Intrnl_Id="629">
<Cond>
<Loc EndOffset="17168" SrcFileId="1" StartOffset="17164"/>
</Cond>
<LocList>
<Loc EndOffset="17644" SrcFileId="1" StartOffset="17169"/>
</LocList>
<StmntSeq Intrnl_Id="630">
<LocList>
<Loc EndOffset="17644" SrcFileId="1" StartOffset="17169"/>
</LocList>
<CondStmnt CovItemId="S206" CovItemPrefix="com.OriginalFiles.Analyze.java" Intrnl_Id="631">
<Branch CovItemId="B109" CovItemPrefix="com.OriginalFiles.Analyze.java" Implct="false" Intrnl_Id="632">
<Cond/>
<LocList>
<Loc EndOffset="17309" SrcFileId="1" StartOffset="17272"/>
</LocList>
<StmntSeq Intrnl_Id="633">
<LocList>
<Loc EndOffset="17298" SrcFileId="1" StartOffset="17287"/>
</LocList>
<BasicStmnt CovItemId="S207" CovItemPrefix="com.OriginalFiles.Analyze.java" Intrnl_Id="634">
<LocList>
<Loc EndOffset="17298" SrcFileId="1" StartOffset="17287"/>
</LocList>
</BasicStmnt>
</StmntSeq>
</Branch>
<Branch CovItemId="B110" CovItemPrefix="com.OriginalFiles.Analyze.java" Implct="false" Intrnl_Id="635">
<Cond>
<Loc EndOffset="17314" SrcFileId="1" StartOffset="17310"/>
</Cond>
<LocList>
<Loc EndOffset="17644" SrcFileId="1" StartOffset="17315"/>
</LocList>
<StmntSeq Intrnl_Id="636">
<LocList>
<Loc EndOffset="17644" SrcFileId="1" StartOffset="17315"/>
</LocList>
<CondStmnt CovItemId="S208" CovItemPrefix="com.OriginalFiles.Analyze.java" Intrnl_Id="637">
<Branch CovItemId="B111" CovItemPrefix="com.OriginalFiles.Analyze.java" Implct="false" Intrnl_Id="638">
<Cond/>
<LocList>
<Loc EndOffset="17455" SrcFileId="1" StartOffset="17418"/>
</LocList>
<StmntSeq Intrnl_Id="639">
<LocList>
<Loc EndOffset="17444" SrcFileId="1" StartOffset="17433"/>
</LocList>
<BasicStmnt CovItemId="S209" CovItemPrefix="com.OriginalFiles.Analyze.java" Intrnl_Id="640">
<LocList>
<Loc EndOffset="17444" SrcFileId="1" StartOffset="17433"/>
</LocList>
</BasicStmnt>
</StmntSeq>
</Branch>
<Branch CovItemId="B112" CovItemPrefix="com.OriginalFiles.Analyze.java" Implct="false" Intrnl_Id="641">
<Cond>
<Loc EndOffset="17460" SrcFileId="1" StartOffset="17456"/>
</Cond>
<LocList>
<Loc EndOffset="17644" SrcFileId="1" StartOffset="17461"/>
</LocList>
<StmntSeq Intrnl_Id="642">
<LocList>
<Loc EndOffset="17644" SrcFileId="1" StartOffset="17461"/>
</LocList>
<CondStmnt CovItemId="S210" CovItemPrefix="com.OriginalFiles.Analyze.java" Intrnl_Id="643">
<Branch CovItemId="B113" CovItemPrefix="com.OriginalFiles.Analyze.java" Implct="false" Intrnl_Id="644">
<Cond/>
<LocList>
<Loc EndOffset="17601" SrcFileId="1" StartOffset="17564"/>
</LocList>
<StmntSeq Intrnl_Id="645">
<LocList>
<Loc EndOffset="17590" SrcFileId="1" StartOffset="17579"/>
</LocList>
<BasicStmnt CovItemId="S211" CovItemPrefix="com.OriginalFiles.Analyze.java" Intrnl_Id="646">
<LocList>
<Loc EndOffset="17590" SrcFileId="1" StartOffset="17579"/>
</LocList>
</BasicStmnt>
</StmntSeq>
</Branch>
<Branch CovItemId="B114" CovItemPrefix="com.OriginalFiles.Analyze.java" Implct="false" Intrnl_Id="647">
<Cond>
<Loc EndOffset="17606" SrcFileId="1" StartOffset="17602"/>
</Cond>
<LocList>
<Loc EndOffset="17644" SrcFileId="1" StartOffset="17607"/>
</LocList>
<StmntSeq Intrnl_Id="648">
<LocList>
<Loc EndOffset="17633" SrcFileId="1" StartOffset="17622"/>
</LocList>
<BasicStmnt CovItemId="S212" CovItemPrefix="com.OriginalFiles.Analyze.java" Intrnl_Id="649">
<LocList>
<Loc EndOffset="17633" SrcFileId="1" StartOffset="17622"/>
</LocList>
</BasicStmnt>
</StmntSeq>
</Branch>
<Keyword EndOffset="17463" SrcFileId="1" StartOffset="17461"/>
<LocList>
<Loc EndOffset="17644" SrcFileId="1" StartOffset="17461"/>
</LocList>
<RootTerm CovItemId="C69" CovItemPrefix="com.OriginalFiles.Analyze.java" Intrnl_Id="650">
<OpTerm BooleanOpId="3" Intrnl_Id="651">
<OpTerm BooleanOpId="3" Intrnl_Id="652">
<OpTerm BooleanOpId="3" Intrnl_Id="653">
<OpTerm BooleanOpId="3" Intrnl_Id="654">
<OpTerm BooleanOpId="3" Intrnl_Id="655">
<BasicBoolTerm Intrnl_Id="656">
<LocList>
<Loc EndOffset="17474" SrcFileId="1" StartOffset="17465"/>
</LocList>
</BasicBoolTerm>
<BasicBoolTerm Intrnl_Id="657">
<LocList>
<Loc EndOffset="17487" SrcFileId="1" StartOffset="17478"/>
</LocList>
</BasicBoolTerm>
<LocList>
<Loc EndOffset="17477" SrcFileId="1" StartOffset="17475"/>
</LocList>
</OpTerm>
<BasicBoolTerm Intrnl_Id="658">
<LocList>
<Loc EndOffset="17502" SrcFileId="1" StartOffset="17491"/>
</LocList>
</BasicBoolTerm>
<LocList>
<Loc EndOffset="17490" SrcFileId="1" StartOffset="17488"/>
</LocList>
</OpTerm>
<BasicBoolTerm Intrnl_Id="659">
<LocList>
<Loc EndOffset="17517" SrcFileId="1" StartOffset="17506"/>
</LocList>
</BasicBoolTerm>
<LocList>
<Loc EndOffset="17505" SrcFileId="1" StartOffset="17503"/>
</LocList>
</OpTerm>
<BasicBoolTerm Intrnl_Id="660">
<LocList>
<Loc EndOffset="17548" SrcFileId="1" StartOffset="17538"/>
</LocList>
</BasicBoolTerm>
<LocList>
<Loc EndOffset="17537" SrcFileId="1" StartOffset="17535"/>
</LocList>
</OpTerm>
<BasicBoolTerm Intrnl_Id="661">
<LocList>
<Loc EndOffset="17562" SrcFileId="1" StartOffset="17552"/>
</LocList>
</BasicBoolTerm>
<LocList>
<Loc EndOffset="17551" SrcFileId="1" StartOffset="17549"/>
</LocList>
</OpTerm>
</RootTerm>
</CondStmnt>
</StmntSeq>
</Branch>
<Keyword EndOffset="17317" SrcFileId="1" StartOffset="17315"/>
<LocList>
<Loc EndOffset="17644" SrcFileId="1" StartOffset="17315"/>
</LocList>
<RootTerm CovItemId="C68" CovItemPrefix="com.OriginalFiles.Analyze.java" Intrnl_Id="662">
<OpTerm BooleanOpId="3" Intrnl_Id="663">
<OpTerm BooleanOpId="3" Intrnl_Id="664">
<OpTerm BooleanOpId="3" Intrnl_Id="665">
<OpTerm BooleanOpId="3" Intrnl_Id="666">
<OpTerm BooleanOpId="3" Intrnl_Id="667">
<BasicBoolTerm Intrnl_Id="668">
<LocList>
<Loc EndOffset="17328" SrcFileId="1" StartOffset="17319"/>
</LocList>
</BasicBoolTerm>
<BasicBoolTerm Intrnl_Id="669">
<LocList>
<Loc EndOffset="17341" SrcFileId="1" StartOffset="17332"/>
</LocList>
</BasicBoolTerm>
<LocList>
<Loc EndOffset="17331" SrcFileId="1" StartOffset="17329"/>
</LocList>
</OpTerm>
<BasicBoolTerm Intrnl_Id="670">
<LocList>
<Loc EndOffset="17356" SrcFileId="1" StartOffset="17345"/>
</LocList>
</BasicBoolTerm>
<LocList>
<Loc EndOffset="17344" SrcFileId="1" StartOffset="17342"/>
</LocList>
</OpTerm>
<BasicBoolTerm Intrnl_Id="671">
<LocList>
<Loc EndOffset="17371" SrcFileId="1" StartOffset="17360"/>
</LocList>
</BasicBoolTerm>
<LocList>
<Loc EndOffset="17359" SrcFileId="1" StartOffset="17357"/>
</LocList>
</OpTerm>
<BasicBoolTerm Intrnl_Id="672">
<LocList>
<Loc EndOffset="17402" SrcFileId="1" StartOffset="17392"/>
</LocList>
</BasicBoolTerm>
<LocList>
<Loc EndOffset="17391" SrcFileId="1" StartOffset="17389"/>
</LocList>
</OpTerm>
<BasicBoolTerm Intrnl_Id="673">
<LocList>
<Loc EndOffset="17416" SrcFileId="1" StartOffset="17406"/>
</LocList>
</BasicBoolTerm>
<LocList>
<Loc EndOffset="17405" SrcFileId="1" StartOffset="17403"/>
</LocList>
</OpTerm>
</RootTerm>
</CondStmnt>
</StmntSeq>
</Branch>
<Keyword EndOffset="17171" SrcFileId="1" StartOffset="17169"/>
<LocList>
<Loc EndOffset="17644" SrcFileId="1" StartOffset="17169"/>
</LocList>
<RootTerm CovItemId="C67" CovItemPrefix="com.OriginalFiles.Analyze.java" Intrnl_Id="674">
<OpTerm BooleanOpId="3" Intrnl_Id="675">
<OpTerm BooleanOpId="3" Intrnl_Id="676">
<OpTerm BooleanOpId="3" Intrnl_Id="677">
<OpTerm BooleanOpId="3" Intrnl_Id="678">
<OpTerm BooleanOpId="3" Intrnl_Id="679">
<BasicBoolTerm Intrnl_Id="680">
<LocList>
<Loc EndOffset="17182" SrcFileId="1" StartOffset="17173"/>
</LocList>
</BasicBoolTerm>
<BasicBoolTerm Intrnl_Id="681">
<LocList>
<Loc EndOffset="17195" SrcFileId="1" StartOffset="17186"/>
</LocList>
</BasicBoolTerm>
<LocList>
<Loc EndOffset="17185" SrcFileId="1" StartOffset="17183"/>
</LocList>
</OpTerm>
<BasicBoolTerm Intrnl_Id="682">
<LocList>
<Loc EndOffset="17210" SrcFileId="1" StartOffset="17199"/>
</LocList>
</BasicBoolTerm>
<LocList>
<Loc EndOffset="17198" SrcFileId="1" StartOffset="17196"/>
</LocList>
</OpTerm>
<BasicBoolTerm Intrnl_Id="683">
<LocList>
<Loc EndOffset="17225" SrcFileId="1" StartOffset="17214"/>
</LocList>
</BasicBoolTerm>
<LocList>
<Loc EndOffset="17213" SrcFileId="1" StartOffset="17211"/>
</LocList>
</OpTerm>
<BasicBoolTerm Intrnl_Id="684">
<LocList>
<Loc EndOffset="17256" SrcFileId="1" StartOffset="17246"/>
</LocList>
</BasicBoolTerm>
<LocList>
<Loc EndOffset="17245" SrcFileId="1" StartOffset="17243"/>
</LocList>
</OpTerm>
<BasicBoolTerm Intrnl_Id="685">
<LocList>
<Loc EndOffset="17270" SrcFileId="1" StartOffset="17260"/>
</LocList>
</BasicBoolTerm>
<LocList>
<Loc EndOffset="17259" SrcFileId="1" StartOffset="17257"/>
</LocList>
</OpTerm>
</RootTerm>
</CondStmnt>
</StmntSeq>
</Branch>
<Keyword EndOffset="17027" SrcFileId="1" StartOffset="17025"/>
<LocList>
<Loc EndOffset="17644" SrcFileId="1" StartOffset="17025"/>
</LocList>
<RootTerm CovItemId="C66" CovItemPrefix="com.OriginalFiles.Analyze.java" Intrnl_Id="686">
<OpTerm BooleanOpId="3" Intrnl_Id="687">
<OpTerm BooleanOpId="3" Intrnl_Id="688">
<OpTerm BooleanOpId="3" Intrnl_Id="689">
<OpTerm BooleanOpId="3" Intrnl_Id="690">
<OpTerm BooleanOpId="3" Intrnl_Id="691">
<BasicBoolTerm Intrnl_Id="692">
<LocList>
<Loc EndOffset="17038" SrcFileId="1" StartOffset="17029"/>
</LocList>
</BasicBoolTerm>
<BasicBoolTerm Intrnl_Id="693">
<LocList>
<Loc EndOffset="17051" SrcFileId="1" StartOffset="17042"/>
</LocList>
</BasicBoolTerm>
<LocList>
<Loc EndOffset="17041" SrcFileId="1" StartOffset="17039"/>
</LocList>
</OpTerm>
<BasicBoolTerm Intrnl_Id="694">
<LocList>
<Loc EndOffset="17066" SrcFileId="1" StartOffset="17055"/>
</LocList>
</BasicBoolTerm>
<LocList>
<Loc EndOffset="17054" SrcFileId="1" StartOffset="17052"/>
</LocList>
</OpTerm>
<BasicBoolTerm Intrnl_Id="695">
<LocList>
<Loc EndOffset="17080" SrcFileId="1" StartOffset="17070"/>
</LocList>
</BasicBoolTerm>
<LocList>
<Loc EndOffset="17069" SrcFileId="1" StartOffset="17067"/>
</LocList>
</OpTerm>
<BasicBoolTerm Intrnl_Id="696">
<LocList>
<Loc EndOffset="17111" SrcFileId="1" StartOffset="17101"/>
</LocList>
</BasicBoolTerm>
<LocList>
<Loc EndOffset="17100" SrcFileId="1" StartOffset="17098"/>
</LocList>
</OpTerm>
<BasicBoolTerm Intrnl_Id="697">
<LocList>
<Loc EndOffset="17124" SrcFileId="1" StartOffset="17115"/>
</LocList>
</BasicBoolTerm>
<LocList>
<Loc EndOffset="17114" SrcFileId="1" StartOffset="17112"/>
</LocList>
</OpTerm>
</RootTerm>
</CondStmnt>
</StmntSeq>
</HierarchyLvl>
<HierarchyLvl HierarchyLvlId="1030" HierarchyLvlTypeId="7" Intrnl_Id="698" Name="checkForGameHasEnded">
<Header>
<Loc EndOffset="17766" SrcFileId="1" StartOffset="17659"/>
</Header>
<LocList>
<Loc EndOffset="18191" SrcFileId="1" StartOffset="17659"/>
</LocList>
<StmntSeq Intrnl_Id="699">
<LocList>
<Loc EndOffset="18184" SrcFileId="1" StartOffset="17778"/>
</LocList>
<CondStmnt CovItemId="S213" CovItemPrefix="com.OriginalFiles.Analyze.java" Intrnl_Id="700">
<Branch CovItemId="B115" CovItemPrefix="com.OriginalFiles.Analyze.java" Implct="false" Intrnl_Id="701">
<Cond>
<Loc EndOffset="17831" SrcFileId="1" StartOffset="17825"/>
</Cond>
<LocList>
<Loc EndOffset="17859" SrcFileId="1" StartOffset="17846"/>
</LocList>
<StmntSeq Intrnl_Id="702">
<LocList>
<Loc EndOffset="17859" SrcFileId="1" StartOffset="17846"/>
</LocList>
<BasicStmnt CovItemId="S214" CovItemPrefix="com.OriginalFiles.Analyze.java" Intrnl_Id="703">
<LocList>
<Loc EndOffset="17859" SrcFileId="1" StartOffset="17846"/>
</LocList>
</BasicStmnt>
</StmntSeq>
</Branch>
<Branch CovItemId="B116" CovItemPrefix="com.OriginalFiles.Analyze.java" Implct="false" Intrnl_Id="704">
<Cond>
<Loc EndOffset="17875" SrcFileId="1" StartOffset="17869"/>
</Cond>
<LocList>
<Loc EndOffset="17950" SrcFileId="1" StartOffset="17890"/>
</LocList>
<StmntSeq Intrnl_Id="705">
<LocList>
<Loc EndOffset="17924" SrcFileId="1" StartOffset="17890"/>
<Loc EndOffset="17950" SrcFileId="1" StartOffset="17938"/>
</LocList>
<BasicStmnt CovItemId="S215" CovItemPrefix="com.OriginalFiles.Analyze.java" Intrnl_Id="706">
<LocList>
<Loc EndOffset="17924" SrcFileId="1" StartOffset="17890"/>
</LocList>
</BasicStmnt>
<BasicStmnt CovItemId="S216" CovItemPrefix="com.OriginalFiles.Analyze.java" Intrnl_Id="707">
<LocList>
<Loc EndOffset="17950" SrcFileId="1" StartOffset="17938"/>
</LocList>
</BasicStmnt>
</StmntSeq>
</Branch>
<Branch CovItemId="B117" CovItemPrefix="com.OriginalFiles.Analyze.java" Implct="false" Intrnl_Id="708">
<Cond>
<Loc EndOffset="17966" SrcFileId="1" StartOffset="17960"/>
</Cond>
<LocList>
<Loc EndOffset="18041" SrcFileId="1" StartOffset="17981"/>
</LocList>
<StmntSeq Intrnl_Id="709">
<LocList>
<Loc EndOffset="18015" SrcFileId="1" StartOffset="17981"/>
<Loc EndOffset="18041" SrcFileId="1" StartOffset="18029"/>
</LocList>
<BasicStmnt CovItemId="S217" CovItemPrefix="com.OriginalFiles.Analyze.java" Intrnl_Id="710">
<LocList>
<Loc EndOffset="18015" SrcFileId="1" StartOffset="17981"/>
</LocList>
</BasicStmnt>
<BasicStmnt CovItemId="S218" CovItemPrefix="com.OriginalFiles.Analyze.java" Intrnl_Id="711">
<LocList>
<Loc EndOffset="18041" SrcFileId="1" StartOffset="18029"/>
</LocList>
</BasicStmnt>
</StmntSeq>
</Branch>
<Branch CovItemId="B118" CovItemPrefix="com.OriginalFiles.Analyze.java" Implct="false" Intrnl_Id="712">
<Cond>
<Loc EndOffset="18057" SrcFileId="1" StartOffset="18051"/>
</Cond>
<LocList>
<Loc EndOffset="18128" SrcFileId="1" StartOffset="18072"/>
</LocList>
<StmntSeq Intrnl_Id="713">
<LocList>
<Loc EndOffset="18102" SrcFileId="1" StartOffset="18072"/>
<Loc EndOffset="18128" SrcFileId="1" StartOffset="18116"/>
</LocList>
<BasicStmnt CovItemId="S219" CovItemPrefix="com.OriginalFiles.Analyze.java" Intrnl_Id="714">
<LocList>
<Loc EndOffset="18102" SrcFileId="1" StartOffset="18072"/>
</LocList>
</BasicStmnt>
<BasicStmnt CovItemId="S220" CovItemPrefix="com.OriginalFiles.Analyze.java" Intrnl_Id="715">
<LocList>
<Loc EndOffset="18128" SrcFileId="1" StartOffset="18116"/>
</LocList>
</BasicStmnt>
</StmntSeq>
</Branch>
<Branch CovItemId="B119" CovItemPrefix="com.OriginalFiles.Analyze.java" Implct="false" Intrnl_Id="716">
<Cond>
<Loc EndOffset="18145" SrcFileId="1" StartOffset="18138"/>
</Cond>
<LocList>
<Loc EndOffset="18173" SrcFileId="1" StartOffset="18160"/>
</LocList>
<StmntSeq Intrnl_Id="717">
<LocList>
<Loc EndOffset="18173" SrcFileId="1" StartOffset="18160"/>
</LocList>
<BasicStmnt CovItemId="S221" CovItemPrefix="com.OriginalFiles.Analyze.java" Intrnl_Id="718">
<LocList>
<Loc EndOffset="18173" SrcFileId="1" StartOffset="18160"/>
</LocList>
</BasicStmnt>
</StmntSeq>
</Branch>
<Keyword EndOffset="17784" SrcFileId="1" StartOffset="17778"/>
<LocList>
<Loc EndOffset="18184" SrcFileId="1" StartOffset="17778"/>
</LocList>
</CondStmnt>
</StmntSeq>
</HierarchyLvl>
<HierarchyLvl HierarchyLvlId="1031" HierarchyLvlTypeId="7" Intrnl_Id="719" Name="gameHasEnded">
<Header>
<Loc EndOffset="18359" SrcFileId="1" StartOffset="18311"/>
</Header>
<LocList>
<Loc EndOffset="20411" SrcFileId="1" StartOffset="18311"/>
</LocList>
<StmntSeq Intrnl_Id="720">
<LocList>
<Loc EndOffset="18403" SrcFileId="1" StartOffset="18371"/>
<Loc EndOffset="18467" SrcFileId="1" StartOffset="18415"/>
<Loc EndOffset="18529" SrcFileId="1" StartOffset="18477"/>
<Loc EndOffset="18571" SrcFileId="1" StartOffset="18539"/>
<Loc EndOffset="18613" SrcFileId="1" StartOffset="18581"/>
<Loc EndOffset="19412" SrcFileId="1" StartOffset="18625"/>
<Loc EndOffset="19527" SrcFileId="1" StartOffset="19424"/>
<Loc EndOffset="19639" SrcFileId="1" StartOffset="19537"/>
<Loc EndOffset="20385" SrcFileId="1" StartOffset="19649"/>
<Loc EndOffset="20404" SrcFileId="1" StartOffset="20395"/>
</LocList>
<BasicStmnt CovItemId="S222" CovItemPrefix="com.OriginalFiles.Analyze.java" Intrnl_Id="721">
<LocList>
<Loc EndOffset="18403" SrcFileId="1" StartOffset="18371"/>
</LocList>
</BasicStmnt>
<BasicStmnt CovItemId="S223" CovItemPrefix="com.OriginalFiles.Analyze.java" Intrnl_Id="722">
<LocList>
<Loc EndOffset="18467" SrcFileId="1" StartOffset="18415"/>
</LocList>
</BasicStmnt>
<BasicStmnt CovItemId="S224" CovItemPrefix="com.OriginalFiles.Analyze.java" Intrnl_Id="723">
<LocList>
<Loc EndOffset="18529" SrcFileId="1" StartOffset="18477"/>
</LocList>
</BasicStmnt>
<BasicStmnt CovItemId="S225" CovItemPrefix="com.OriginalFiles.Analyze.java" Intrnl_Id="724">
<LocList>
<Loc EndOffset="18571" SrcFileId="1" StartOffset="18539"/>
</LocList>
</BasicStmnt>
<BasicStmnt CovItemId="S226" CovItemPrefix="com.OriginalFiles.Analyze.java" Intrnl_Id="725">
<LocList>
<Loc EndOffset="18613" SrcFileId="1" StartOffset="18581"/>
</LocList>
</BasicStmnt>
<LoopStmnt CovItemId="S227" CovItemPrefix="com.OriginalFiles.Analyze.java" Intrnl_Id="726" MltplExecId="L16-2" MltplExecPrefix="com.OriginalFiles.Analyze.java" NvrExecId="L16-0" NvrExecPrefix="com.OriginalFiles.Analyze.java" OnceExecutedId="L16-1" OnceExecutedPrefix="com.OriginalFiles.Analyze.java" OptBodyExec="true">
<StmntSeq Intrnl_Id="727">
<LocList>
<Loc EndOffset="19401" SrcFileId="1" StartOffset="18680"/>
</LocList>
<LoopStmnt CovItemId="S228" CovItemPrefix="com.OriginalFiles.Analyze.java" Intrnl_Id="728" MltplExecId="L17-2" MltplExecPrefix="com.OriginalFiles.Analyze.java" NvrExecId="L17-0" NvrExecPrefix="com.OriginalFiles.Analyze.java" OnceExecutedId="L17-1" OnceExecutedPrefix="com.OriginalFiles.Analyze.java" OptBodyExec="true">
<StmntSeq Intrnl_Id="729">
<LocList>
<Loc EndOffset="19386" SrcFileId="1" StartOffset="18721"/>
</LocList>
<CondStmnt CovItemId="S229" CovItemPrefix="com.OriginalFiles.Analyze.java" Intrnl_Id="730">
<Branch CovItemId="B120" CovItemPrefix="com.OriginalFiles.Analyze.java" Implct="false" Intrnl_Id="731">
<Cond/>
<LocList>
<Loc EndOffset="19386" SrcFileId="1" StartOffset="18743"/>
</LocList>
<StmntSeq Intrnl_Id="732">
<LocList>
<Loc EndOffset="19055" SrcFileId="1" StartOffset="18766"/>
<Loc EndOffset="19367" SrcFileId="1" StartOffset="19077"/>
</LocList>
<CondStmnt CovItemId="S230" CovItemPrefix="com.OriginalFiles.Analyze.java" Intrnl_Id="733">
<Branch CovItemId="B122" CovItemPrefix="com.OriginalFiles.Analyze.java" Implct="false" Intrnl_Id="734">
<Cond/>
<LocList>
<Loc EndOffset="19055" SrcFileId="1" StartOffset="18814"/>
</LocList>
<StmntSeq Intrnl_Id="735">
<LocList>
<Loc EndOffset="18885" SrcFileId="1" StartOffset="18841"/>
<Loc EndOffset="19032" SrcFileId="1" StartOffset="18911"/>
</LocList>
<BasicStmnt CovItemId="S231" CovItemPrefix="com.OriginalFiles.Analyze.java" Intrnl_Id="736">
<LocList>
<Loc EndOffset="18885" SrcFileId="1" StartOffset="18841"/>
</LocList>
</BasicStmnt>
<CondStmnt CovItemId="S232" CovItemPrefix="com.OriginalFiles.Analyze.java" Intrnl_Id="737">
<Branch CovItemId="B124" CovItemPrefix="com.OriginalFiles.Analyze.java" Implct="false" Intrnl_Id="738">
<Cond/>
<LocList>
<Loc EndOffset="19032" SrcFileId="1" StartOffset="18951"/>
</LocList>
<StmntSeq Intrnl_Id="739">
<LocList>
<Loc EndOffset="19005" SrcFileId="1" StartOffset="18982"/>
</LocList>
<BasicStmnt CovItemId="S233" CovItemPrefix="com.OriginalFiles.Analyze.java" Intrnl_Id="740">
<LocList>
<Loc EndOffset="19005" SrcFileId="1" StartOffset="18982"/>
</LocList>
</BasicStmnt>
</StmntSeq>
</Branch>
<Branch CovItemId="B125" CovItemPrefix="com.OriginalFiles.Analyze.java" Implct="true" Intrnl_Id="741">
<Cond/>
<LocList/>
<StmntSeq Intrnl_Id="742">
<LocList/>
</StmntSeq>
</Branch>
<Keyword EndOffset="18913" SrcFileId="1" StartOffset="18911"/>
<LocList>
<Loc EndOffset="19032" SrcFileId="1" StartOffset="18911"/>
</LocList>
<RootTerm CovItemId="C72" CovItemPrefix="com.OriginalFiles.Analyze.java" Intrnl_Id="743">
<BasicBoolTerm Intrnl_Id="744">
<LocList>
<Loc EndOffset="18949" SrcFileId="1" StartOffset="18915"/>
</LocList>
</BasicBoolTerm>
</RootTerm>
</CondStmnt>
</StmntSeq>
</Branch>
<Branch CovItemId="B123" CovItemPrefix="com.OriginalFiles.Analyze.java" Implct="true" Intrnl_Id="745">
<Cond/>
<LocList/>
<StmntSeq Intrnl_Id="746">
<LocList/>
</StmntSeq>
</Branch>
<Keyword EndOffset="18768" SrcFileId="1" StartOffset="18766"/>
<LocList>
<Loc EndOffset="19055" SrcFileId="1" StartOffset="18766"/>
</LocList>
<RootTerm CovItemId="C71" CovItemPrefix="com.OriginalFiles.Analyze.java" Intrnl_Id="747">
<BasicBoolTerm Intrnl_Id="748">
<LocList>
<Loc EndOffset="18812" SrcFileId="1" StartOffset="18770"/>
</LocList>
</BasicBoolTerm>
</RootTerm>
</CondStmnt>
<CondStmnt CovItemId="S234" CovItemPrefix="com.OriginalFiles.Analyze.java" Intrnl_Id="749">
<Branch CovItemId="B126" CovItemPrefix="com.OriginalFiles.Analyze.java" Implct="false" Intrnl_Id="750">
<Cond/>
<LocList>
<Loc EndOffset="19367" SrcFileId="1" StartOffset="19126"/>
</LocList>
<StmntSeq Intrnl_Id="751">
<LocList>
<Loc EndOffset="19197" SrcFileId="1" StartOffset="19153"/>
<Loc EndOffset="19344" SrcFileId="1" StartOffset="19223"/>
</LocList>
<BasicStmnt CovItemId="S235" CovItemPrefix="com.OriginalFiles.Analyze.java" Intrnl_Id="752">
<LocList>
<Loc EndOffset="19197" SrcFileId="1" StartOffset="19153"/>
</LocList>
</BasicStmnt>
<CondStmnt CovItemId="S236" CovItemPrefix="com.OriginalFiles.Analyze.java" Intrnl_Id="753">
<Branch CovItemId="B128" CovItemPrefix="com.OriginalFiles.Analyze.java" Implct="false" Intrnl_Id="754">
<Cond/>
<LocList>
<Loc EndOffset="19344" SrcFileId="1" StartOffset="19263"/>
</LocList>
<StmntSeq Intrnl_Id="755">
<LocList>
<Loc EndOffset="19317" SrcFileId="1" StartOffset="19294"/>
</LocList>
<BasicStmnt CovItemId="S237" CovItemPrefix="com.OriginalFiles.Analyze.java" Intrnl_Id="756">
<LocList>
<Loc EndOffset="19317" SrcFileId="1" StartOffset="19294"/>
</LocList>
</BasicStmnt>
</StmntSeq>
</Branch>
<Branch CovItemId="B129" CovItemPrefix="com.OriginalFiles.Analyze.java" Implct="true" Intrnl_Id="757">
<Cond/>
<LocList/>
<StmntSeq Intrnl_Id="758">
<LocList/>
</StmntSeq>
</Branch>
<Keyword EndOffset="19225" SrcFileId="1" StartOffset="19223"/>
<LocList>
<Loc EndOffset="19344" SrcFileId="1" StartOffset="19223"/>
</LocList>
<RootTerm CovItemId="C74" CovItemPrefix="com.OriginalFiles.Analyze.java" Intrnl_Id="759">
<BasicBoolTerm Intrnl_Id="760">
<LocList>
<Loc EndOffset="19261" SrcFileId="1" StartOffset="19227"/>
</LocList>
</BasicBoolTerm>
</RootTerm>
</CondStmnt>
</StmntSeq>
</Branch>
<Branch CovItemId="B127" CovItemPrefix="com.OriginalFiles.Analyze.java" Implct="true" Intrnl_Id="761">
<Cond/>
<LocList/>
<StmntSeq Intrnl_Id="762">
<LocList/>
</StmntSeq>
</Branch>
<Keyword EndOffset="19079" SrcFileId="1" StartOffset="19077"/>
<LocList>
<Loc EndOffset="19367" SrcFileId="1" StartOffset="19077"/>
</LocList>
<RootTerm CovItemId="C73" CovItemPrefix="com.OriginalFiles.Analyze.java" Intrnl_Id="763">
<BasicBoolTerm Intrnl_Id="764">
<LocList>
<Loc EndOffset="19124" SrcFileId="1" StartOffset="19081"/>
</LocList>
</BasicBoolTerm>
</RootTerm>
</CondStmnt>
</StmntSeq>
</Branch>
<Branch CovItemId="B121" CovItemPrefix="com.OriginalFiles.Analyze.java" Implct="true" Intrnl_Id="765">
<Cond/>
<LocList/>
<StmntSeq Intrnl_Id="766">
<LocList/>
</StmntSeq>
</Branch>
<Keyword EndOffset="18723" SrcFileId="1" StartOffset="18721"/>
<LocList>
<Loc EndOffset="19386" SrcFileId="1" StartOffset="18721"/>
</LocList>
<RootTerm CovItemId="C70" CovItemPrefix="com.OriginalFiles.Analyze.java" Intrnl_Id="767">
<OpTerm BooleanOpId="2" Intrnl_Id="768">
<BasicBoolTerm Intrnl_Id="769">
<LocList>
<Loc EndOffset="18741" SrcFileId="1" StartOffset="18726"/>
</LocList>
</BasicBoolTerm>
<LocList>
<Loc EndOffset="18726" SrcFileId="1" StartOffset="18725"/>
</LocList>
</OpTerm>
</RootTerm>
</CondStmnt>
</StmntSeq>
<Keyword EndOffset="18683" SrcFileId="1" StartOffset="18680"/>
<LocList>
<Loc EndOffset="19401" SrcFileId="1" StartOffset="18680"/>
</LocList>
</LoopStmnt>
</StmntSeq>
<Keyword EndOffset="18628" SrcFileId="1" StartOffset="18625"/>
<LocList>
<Loc EndOffset="19412" SrcFileId="1" StartOffset="18625"/>
</LocList>
</LoopStmnt>
<CondStmnt CovItemId="S238" CovItemPrefix="com.OriginalFiles.Analyze.java" Intrnl_Id="770">
<Branch CovItemId="B130" CovItemPrefix="com.OriginalFiles.Analyze.java" Implct="false" Intrnl_Id="771">
<Cond/>
<LocList>
<Loc EndOffset="19527" SrcFileId="1" StartOffset="19492"/>
</LocList>
<StmntSeq Intrnl_Id="772">
<LocList>
<Loc EndOffset="19516" SrcFileId="1" StartOffset="19507"/>
</LocList>
<BasicStmnt CovItemId="S239" CovItemPrefix="com.OriginalFiles.Analyze.java" Intrnl_Id="773">
<LocList>
<Loc EndOffset="19516" SrcFileId="1" StartOffset="19507"/>
</LocList>
</BasicStmnt>
</StmntSeq>
</Branch>
<Branch CovItemId="B131" CovItemPrefix="com.OriginalFiles.Analyze.java" Implct="true" Intrnl_Id="774">
<Cond/>
<LocList/>
<StmntSeq Intrnl_Id="775">
<LocList/>
</StmntSeq>
</Branch>
<Keyword EndOffset="19426" SrcFileId="1" StartOffset="19424"/>
<LocList>
<Loc EndOffset="19527" SrcFileId="1" StartOffset="19424"/>
</LocList>
<RootTerm CovItemId="C75" CovItemPrefix="com.OriginalFiles.Analyze.java" Intrnl_Id="776">
<OpTerm BooleanOpId="4" Intrnl_Id="777">
<BasicBoolTerm Intrnl_Id="778">
<LocList>
<Loc EndOffset="19454" SrcFileId="1" StartOffset="19428"/>
</LocList>
</BasicBoolTerm>
<OpTerm BooleanOpId="3" Intrnl_Id="779">
<OpTerm BooleanOpId="2" Intrnl_Id="780">
<BasicBoolTerm Intrnl_Id="781">
<LocList>
<Loc EndOffset="19469" SrcFileId="1" StartOffset="19460"/>
</LocList>
</BasicBoolTerm>
<LocList>
<Loc EndOffset="19460" SrcFileId="1" StartOffset="19459"/>
</LocList>
</OpTerm>
<OpTerm BooleanOpId="2" Intrnl_Id="782">
<BasicBoolTerm Intrnl_Id="783">
<LocList>
<Loc EndOffset="19489" SrcFileId="1" StartOffset="19474"/>
</LocList>
</BasicBoolTerm>
<LocList>
<Loc EndOffset="19474" SrcFileId="1" StartOffset="19473"/>
</LocList>
</OpTerm>
<LocList>
<Loc EndOffset="19472" SrcFileId="1" StartOffset="19470"/>
</LocList>
</OpTerm>
<LocList>
<Loc EndOffset="19457" SrcFileId="1" StartOffset="19455"/>
</LocList>
</OpTerm>
</RootTerm>
</CondStmnt>
<CondStmnt CovItemId="S240" CovItemPrefix="com.OriginalFiles.Analyze.java" Intrnl_Id="784">
<Branch CovItemId="B132" CovItemPrefix="com.OriginalFiles.Analyze.java" Implct="false" Intrnl_Id="785">
<Cond/>
<LocList>
<Loc EndOffset="19639" SrcFileId="1" StartOffset="19604"/>
</LocList>
<StmntSeq Intrnl_Id="786">
<LocList>
<Loc EndOffset="19628" SrcFileId="1" StartOffset="19619"/>
</LocList>
<BasicStmnt CovItemId="S241" CovItemPrefix="com.OriginalFiles.Analyze.java" Intrnl_Id="787">
<LocList>
<Loc EndOffset="19628" SrcFileId="1" StartOffset="19619"/>
</LocList>
</BasicStmnt>
</StmntSeq>
</Branch>
<Branch CovItemId="B133" CovItemPrefix="com.OriginalFiles.Analyze.java" Implct="true" Intrnl_Id="788">
<Cond/>
<LocList/>
<StmntSeq Intrnl_Id="789">
<LocList/>
</StmntSeq>
</Branch>
<Keyword EndOffset="19539" SrcFileId="1" StartOffset="19537"/>
<LocList>
<Loc EndOffset="19639" SrcFileId="1" StartOffset="19537"/>
</LocList>
<RootTerm CovItemId="C76" CovItemPrefix="com.OriginalFiles.Analyze.java" Intrnl_Id="790">
<OpTerm BooleanOpId="4" Intrnl_Id="791">
<BasicBoolTerm Intrnl_Id="792">
<LocList>
<Loc EndOffset="19567" SrcFileId="1" StartOffset="19541"/>
</LocList>
</BasicBoolTerm>
<OpTerm BooleanOpId="3" Intrnl_Id="793">
<BasicBoolTerm Intrnl_Id="794">
<LocList>
<Loc EndOffset="19581" SrcFileId="1" StartOffset="19572"/>
</LocList>
</BasicBoolTerm>
<OpTerm BooleanOpId="2" Intrnl_Id="795">
<BasicBoolTerm Intrnl_Id="796">
<LocList>
<Loc EndOffset="19601" SrcFileId="1" StartOffset="19586"/>
</LocList>
</BasicBoolTerm>
<LocList>
<Loc EndOffset="19586" SrcFileId="1" StartOffset="19585"/>
</LocList>
</OpTerm>
<LocList>
<Loc EndOffset="19584" SrcFileId="1" StartOffset="19582"/>
</LocList>
</OpTerm>
<LocList>
<Loc EndOffset="19570" SrcFileId="1" StartOffset="19568"/>
</LocList>
</OpTerm>
</RootTerm>
</CondStmnt>
<CondStmnt CovItemId="S242" CovItemPrefix="com.OriginalFiles.Analyze.java" Intrnl_Id="797">
<Branch CovItemId="B134" CovItemPrefix="com.OriginalFiles.Analyze.java" Implct="false" Intrnl_Id="798">
<Cond/>
<LocList>
<Loc EndOffset="20385" SrcFileId="1" StartOffset="19711"/>
</LocList>
<StmntSeq Intrnl_Id="799">
<LocList>
<Loc EndOffset="20374" SrcFileId="1" StartOffset="19726"/>
</LocList>
<CondStmnt CovItemId="S243" CovItemPrefix="com.OriginalFiles.Analyze.java" Intrnl_Id="800">
<Branch CovItemId="B136" CovItemPrefix="com.OriginalFiles.Analyze.java" Implct="false" Intrnl_Id="801">
<Cond/>
<LocList>
<Loc EndOffset="20374" SrcFileId="1" StartOffset="19819"/>
</LocList>
<StmntSeq Intrnl_Id="802">
<LocList>
<Loc EndOffset="19929" SrcFileId="1" StartOffset="19838"/>
<Loc EndOffset="20038" SrcFileId="1" StartOffset="19947"/>
<Loc EndOffset="20359" SrcFileId="1" StartOffset="20056"/>
</LocList>
<BasicStmnt CovItemId="S244" CovItemPrefix="com.OriginalFiles.Analyze.java" Intrnl_Id="803">
<LocList>
<Loc EndOffset="19929" SrcFileId="1" StartOffset="19838"/>
</LocList>
</BasicStmnt>
<BasicStmnt CovItemId="S245" CovItemPrefix="com.OriginalFiles.Analyze.java" Intrnl_Id="804">
<LocList>
<Loc EndOffset="20038" SrcFileId="1" StartOffset="19947"/>
</LocList>
</BasicStmnt>
<CondStmnt CovItemId="S246" CovItemPrefix="com.OriginalFiles.Analyze.java" Intrnl_Id="805">
<Branch CovItemId="B138" CovItemPrefix="com.OriginalFiles.Analyze.java" Implct="false" Intrnl_Id="806">
<Cond/>
<LocList>
<Loc EndOffset="20359" SrcFileId="1" StartOffset="20094"/>
</LocList>
<StmntSeq Intrnl_Id="807">
<LocList>
<Loc EndOffset="20340" SrcFileId="1" StartOffset="20117"/>
</LocList>
<CondStmnt CovItemId="S247" CovItemPrefix="com.OriginalFiles.Analyze.java" Intrnl_Id="808">
<Branch CovItemId="B140" CovItemPrefix="com.OriginalFiles.Analyze.java" Implct="false" Intrnl_Id="809">
<Cond/>
<LocList>
<Loc EndOffset="20225" SrcFileId="1" StartOffset="20166"/>
</LocList>
<StmntSeq Intrnl_Id="810">
<LocList>
<Loc EndOffset="20202" SrcFileId="1" StartOffset="20193"/>
</LocList>
<BasicStmnt CovItemId="S248" CovItemPrefix="com.OriginalFiles.Analyze.java" Intrnl_Id="811">
<LocList>
<Loc EndOffset="20202" SrcFileId="1" StartOffset="20193"/>
</LocList>
</BasicStmnt>
</StmntSeq>
</Branch>
<Branch CovItemId="B141" CovItemPrefix="com.OriginalFiles.Analyze.java" Implct="false" Intrnl_Id="812">
<Cond>
<Loc EndOffset="20230" SrcFileId="1" StartOffset="20226"/>
</Cond>
<LocList>
<Loc EndOffset="20340" SrcFileId="1" StartOffset="20231"/>
</LocList>
<StmntSeq Intrnl_Id="813">
<LocList>
<Loc EndOffset="20340" SrcFileId="1" StartOffset="20231"/>
</LocList>
<CondStmnt CovItemId="S249" CovItemPrefix="com.OriginalFiles.Analyze.java" Intrnl_Id="814">
<Branch CovItemId="B142" CovItemPrefix="com.OriginalFiles.Analyze.java" Implct="false" Intrnl_Id="815">
<Cond/>
<LocList>
<Loc EndOffset="20340" SrcFileId="1" StartOffset="20281"/>
</LocList>
<StmntSeq Intrnl_Id="816">
<LocList>
<Loc EndOffset="20317" SrcFileId="1" StartOffset="20308"/>
</LocList>
<BasicStmnt CovItemId="S250" CovItemPrefix="com.OriginalFiles.Analyze.java" Intrnl_Id="817">
<LocList>
<Loc EndOffset="20317" SrcFileId="1" StartOffset="20308"/>
</LocList>
</BasicStmnt>
</StmntSeq>
</Branch>
<Branch CovItemId="B143" CovItemPrefix="com.OriginalFiles.Analyze.java" Implct="true" Intrnl_Id="818">
<Cond/>
<LocList/>
<StmntSeq Intrnl_Id="819">
<LocList/>
</StmntSeq>
</Branch>
<Keyword EndOffset="20233" SrcFileId="1" StartOffset="20231"/>
<LocList>
<Loc EndOffset="20340" SrcFileId="1" StartOffset="20231"/>
</LocList>
<RootTerm CovItemId="C81" CovItemPrefix="com.OriginalFiles.Analyze.java" Intrnl_Id="820">
<OpTerm BooleanOpId="3" Intrnl_Id="821">
<OpTerm BooleanOpId="2" Intrnl_Id="822">
<BasicBoolTerm Intrnl_Id="823">
<LocList>
<Loc EndOffset="20245" SrcFileId="1" StartOffset="20236"/>
</LocList>
</BasicBoolTerm>
<LocList>
<Loc EndOffset="20236" SrcFileId="1" StartOffset="20235"/>
</LocList>
</OpTerm>
<OpTerm BooleanOpId="2" Intrnl_Id="824">
<BasicBoolTerm Intrnl_Id="825">
<LocList>
<Loc EndOffset="20279" SrcFileId="1" StartOffset="20250"/>
</LocList>
</BasicBoolTerm>
<LocList>
<Loc EndOffset="20250" SrcFileId="1" StartOffset="20249"/>
</LocList>
</OpTerm>
<LocList>
<Loc EndOffset="20248" SrcFileId="1" StartOffset="20246"/>
</LocList>
</OpTerm>
</RootTerm>
</CondStmnt>
</StmntSeq>
</Branch>
<Keyword EndOffset="20119" SrcFileId="1" StartOffset="20117"/>
<LocList>
<Loc EndOffset="20340" SrcFileId="1" StartOffset="20117"/>
</LocList>
<RootTerm CovItemId="C80" CovItemPrefix="com.OriginalFiles.Analyze.java" Intrnl_Id="826">
<OpTerm BooleanOpId="3" Intrnl_Id="827">
<BasicBoolTerm Intrnl_Id="828">
<LocList>
<Loc EndOffset="20130" SrcFileId="1" StartOffset="20121"/>
</LocList>
</BasicBoolTerm>
<OpTerm BooleanOpId="2" Intrnl_Id="829">
<BasicBoolTerm Intrnl_Id="830">
<LocList>
<Loc EndOffset="20164" SrcFileId="1" StartOffset="20135"/>
</LocList>
</BasicBoolTerm>
<LocList>
<Loc EndOffset="20135" SrcFileId="1" StartOffset="20134"/>
</LocList>
</OpTerm>
<LocList>
<Loc EndOffset="20133" SrcFileId="1" StartOffset="20131"/>
</LocList>
</OpTerm>
</RootTerm>
</CondStmnt>
</StmntSeq>
</Branch>
<Branch CovItemId="B139" CovItemPrefix="com.OriginalFiles.Analyze.java" Implct="true" Intrnl_Id="831">
<Cond/>
<LocList/>
<StmntSeq Intrnl_Id="832">
<LocList/>
</StmntSeq>
</Branch>
<Keyword EndOffset="20058" SrcFileId="1" StartOffset="20056"/>
<LocList>
<Loc EndOffset="20359" SrcFileId="1" StartOffset="20056"/>
</LocList>
<RootTerm CovItemId="C79" CovItemPrefix="com.OriginalFiles.Analyze.java" Intrnl_Id="833">
<OpTerm BooleanOpId="4" Intrnl_Id="834">
<BasicBoolTerm Intrnl_Id="835">
<LocList>
<Loc EndOffset="20074" SrcFileId="1" StartOffset="20060"/>
</LocList>
</BasicBoolTerm>
<BasicBoolTerm Intrnl_Id="836">
<LocList>
<Loc EndOffset="20092" SrcFileId="1" StartOffset="20078"/>
</LocList>
</BasicBoolTerm>
<LocList>
<Loc EndOffset="20077" SrcFileId="1" StartOffset="20075"/>
</LocList>
</OpTerm>
</RootTerm>
</CondStmnt>
</StmntSeq>
</Branch>
<Branch CovItemId="B137" CovItemPrefix="com.OriginalFiles.Analyze.java" Implct="true" Intrnl_Id="837">
<Cond/>
<LocList/>
<StmntSeq Intrnl_Id="838">
<LocList/>
</StmntSeq>
</Branch>
<Keyword EndOffset="19728" SrcFileId="1" StartOffset="19726"/>
<LocList>
<Loc EndOffset="20374" SrcFileId="1" StartOffset="19726"/>
</LocList>
<RootTerm CovItemId="C78" CovItemPrefix="com.OriginalFiles.Analyze.java" Intrnl_Id="839">
<OpTerm BooleanOpId="3" Intrnl_Id="840">
<BasicBoolTerm Intrnl_Id="841">
<LocList>
<Loc EndOffset="19761" SrcFileId="1" StartOffset="19730"/>
</LocList>
</BasicBoolTerm>
<BasicBoolTerm Intrnl_Id="842">
<LocList>
<Loc EndOffset="19817" SrcFileId="1" StartOffset="19786"/>
</LocList>
</BasicBoolTerm>
<LocList>
<Loc EndOffset="19785" SrcFileId="1" StartOffset="19783"/>
</LocList>
</OpTerm>
</RootTerm>
</CondStmnt>
</StmntSeq>
</Branch>
<Branch CovItemId="B135" CovItemPrefix="com.OriginalFiles.Analyze.java" Implct="true" Intrnl_Id="843">
<Cond/>
<LocList/>
<StmntSeq Intrnl_Id="844">
<LocList/>
</StmntSeq>
</Branch>
<Keyword EndOffset="19651" SrcFileId="1" StartOffset="19649"/>
<LocList>
<Loc EndOffset="20385" SrcFileId="1" StartOffset="19649"/>
</LocList>
<RootTerm CovItemId="C77" CovItemPrefix="com.OriginalFiles.Analyze.java" Intrnl_Id="845">
<OpTerm BooleanOpId="3" Intrnl_Id="846">
<BasicBoolTerm Intrnl_Id="847">
<LocList>
<Loc EndOffset="19679" SrcFileId="1" StartOffset="19653"/>
</LocList>
</BasicBoolTerm>
<BasicBoolTerm Intrnl_Id="848">
<LocList>
<Loc EndOffset="19709" SrcFileId="1" StartOffset="19683"/>
</LocList>
</BasicBoolTerm>
<LocList>
<Loc EndOffset="19682" SrcFileId="1" StartOffset="19680"/>
</LocList>
</OpTerm>
</RootTerm>
</CondStmnt>
<BasicStmnt CovItemId="S251" CovItemPrefix="com.OriginalFiles.Analyze.java" Intrnl_Id="849">
<LocList>
<Loc EndOffset="20404" SrcFileId="1" StartOffset="20395"/>
</LocList>
</BasicStmnt>
</StmntSeq>
</HierarchyLvl>
<HierarchyLvl HierarchyLvlId="1032" HierarchyLvlTypeId="7" Intrnl_Id="850" Name="hasTheMove">
<Header>
<Loc EndOffset="20494" SrcFileId="1" StartOffset="20419"/>
</Header>
<LocList>
<Loc EndOffset="21249" SrcFileId="1" StartOffset="20419"/>
</LocList>
<StmntSeq Intrnl_Id="851">
<LocList>
<Loc EndOffset="20525" SrcFileId="1" StartOffset="20506"/>
<Loc EndOffset="21219" SrcFileId="1" StartOffset="20535"/>
<Loc EndOffset="21242" SrcFileId="1" StartOffset="21229"/>
</LocList>
<BasicStmnt CovItemId="S252" CovItemPrefix="com.OriginalFiles.Analyze.java" Intrnl_Id="852">
<LocList>
<Loc EndOffset="20525" SrcFileId="1" StartOffset="20506"/>
</LocList>
</BasicStmnt>
<CondStmnt CovItemId="S253" CovItemPrefix="com.OriginalFiles.Analyze.java" Intrnl_Id="853">
<Branch CovItemId="B144" CovItemPrefix="com.OriginalFiles.Analyze.java" Implct="false" Intrnl_Id="854">
<Cond/>
<LocList>
<Loc EndOffset="21048" SrcFileId="1" StartOffset="20567"/>
</LocList>
<StmntSeq Intrnl_Id="855">
<LocList>
<Loc EndOffset="20648" SrcFileId="1" StartOffset="20582"/>
<Loc EndOffset="20683" SrcFileId="1" StartOffset="20664"/>
<Loc EndOffset="20950" SrcFileId="1" StartOffset="20699"/>
<Loc EndOffset="21037" SrcFileId="1" StartOffset="20966"/>
</LocList>
<CondStmnt CovItemId="S254" CovItemPrefix="com.OriginalFiles.Analyze.java" Intrnl_Id="856">
<Branch CovItemId="B146" CovItemPrefix="com.OriginalFiles.Analyze.java" Implct="false" Intrnl_Id="857">
<Cond/>
<LocList>
<Loc EndOffset="20648" SrcFileId="1" StartOffset="20599"/>
</LocList>
<StmntSeq Intrnl_Id="858">
<LocList>
<Loc EndOffset="20633" SrcFileId="1" StartOffset="20618"/>
</LocList>
<BasicStmnt CovItemId="S255" CovItemPrefix="com.OriginalFiles.Analyze.java" Intrnl_Id="859">
<LocList>
<Loc EndOffset="20633" SrcFileId="1" StartOffset="20618"/>
</LocList>
</BasicStmnt>
</StmntSeq>
</Branch>
<Branch CovItemId="B147" CovItemPrefix="com.OriginalFiles.Analyze.java" Implct="true" Intrnl_Id="860">
<Cond/>
<LocList/>
<StmntSeq Intrnl_Id="861">
<LocList/>
</StmntSeq>
</Branch>
<Keyword EndOffset="20584" SrcFileId="1" StartOffset="20582"/>
<LocList>
<Loc EndOffset="20648" SrcFileId="1" StartOffset="20582"/>
</LocList>
<RootTerm CovItemId="C83" CovItemPrefix="com.OriginalFiles.Analyze.java" Intrnl_Id="862">
<OpTerm BooleanOpId="2" Intrnl_Id="863">
<BasicBoolTerm Intrnl_Id="864">
<LocList>
<Loc EndOffset="20597" SrcFileId="1" StartOffset="20587"/>
</LocList>
</BasicBoolTerm>
<LocList>
<Loc EndOffset="20587" SrcFileId="1" StartOffset="20586"/>
</LocList>
</OpTerm>
</RootTerm>
</CondStmnt>
<BasicStmnt CovItemId="S256" CovItemPrefix="com.OriginalFiles.Analyze.java" Intrnl_Id="865">
<LocList>
<Loc EndOffset="20683" SrcFileId="1" StartOffset="20664"/>
</LocList>
</BasicStmnt>
<LoopStmnt CovItemId="S257" CovItemPrefix="com.OriginalFiles.Analyze.java" Intrnl_Id="866" MltplExecId="L18-2" MltplExecPrefix="com.OriginalFiles.Analyze.java" NvrExecId="L18-0" NvrExecPrefix="com.OriginalFiles.Analyze.java" OnceExecutedId="L18-1" OnceExecutedPrefix="com.OriginalFiles.Analyze.java" OptBodyExec="true">
<StmntSeq Intrnl_Id="867">
<LocList>
<Loc EndOffset="20935" SrcFileId="1" StartOffset="20758"/>
</LocList>
<LoopStmnt CovItemId="S258" CovItemPrefix="com.OriginalFiles.Analyze.java" Intrnl_Id="868" MltplExecId="L19-2" MltplExecPrefix="com.OriginalFiles.Analyze.java" NvrExecId="L19-0" NvrExecPrefix="com.OriginalFiles.Analyze.java" OnceExecutedId="L19-1" OnceExecutedPrefix="com.OriginalFiles.Analyze.java" OptBodyExec="true">
<StmntSeq Intrnl_Id="869">
<LocList>
<Loc EndOffset="20916" SrcFileId="1" StartOffset="20809"/>
</LocList>
<CondStmnt CovItemId="S259" CovItemPrefix="com.OriginalFiles.Analyze.java" Intrnl_Id="870">
<Branch CovItemId="B148" CovItemPrefix="com.OriginalFiles.Analyze.java" Implct="false" Intrnl_Id="871">
<Cond/>
<LocList>
<Loc EndOffset="20916" SrcFileId="1" StartOffset="20853"/>
</LocList>
<StmntSeq Intrnl_Id="872">
<LocList>
<Loc EndOffset="20893" SrcFileId="1" StartOffset="20880"/>
</LocList>
<BasicStmnt CovItemId="S260" CovItemPrefix="com.OriginalFiles.Analyze.java" Intrnl_Id="873">
<LocList>
<Loc EndOffset="20893" SrcFileId="1" StartOffset="20880"/>
</LocList>
</BasicStmnt>
</StmntSeq>
</Branch>
<Branch CovItemId="B149" CovItemPrefix="com.OriginalFiles.Analyze.java" Implct="true" Intrnl_Id="874">
<Cond/>
<LocList/>
<StmntSeq Intrnl_Id="875">
<LocList/>
</StmntSeq>
</Branch>
<Keyword EndOffset="20811" SrcFileId="1" StartOffset="20809"/>
<LocList>
<Loc EndOffset="20916" SrcFileId="1" StartOffset="20809"/>
</LocList>
<RootTerm CovItemId="C86" CovItemPrefix="com.OriginalFiles.Analyze.java" Intrnl_Id="876">
<OpTerm BooleanOpId="2" Intrnl_Id="877">
<BasicBoolTerm Intrnl_Id="878">
<LocList>
<Loc EndOffset="20851" SrcFileId="1" StartOffset="20814"/>
</LocList>
</BasicBoolTerm>
<LocList>
<Loc EndOffset="20814" SrcFileId="1" StartOffset="20813"/>
</LocList>
</OpTerm>
</RootTerm>
</CondStmnt>
</StmntSeq>
<Keyword EndOffset="20761" SrcFileId="1" StartOffset="20758"/>
<LocList>
<Loc EndOffset="20935" SrcFileId="1" StartOffset="20758"/>
</LocList>
<RootTerm CovItemId="C85" CovItemPrefix="com.OriginalFiles.Analyze.java" Intrnl_Id="879">
<BasicBoolTerm Intrnl_Id="880">
<LocList>
<Loc EndOffset="20779" SrcFileId="1" StartOffset="20774"/>
</LocList>
</BasicBoolTerm>
</RootTerm>
</LoopStmnt>
</StmntSeq>
<Keyword EndOffset="20702" SrcFileId="1" StartOffset="20699"/>
<LocList>
<Loc EndOffset="20950" SrcFileId="1" StartOffset="20699"/>
</LocList>
<RootTerm CovItemId="C84" CovItemPrefix="com.OriginalFiles.Analyze.java" Intrnl_Id="881">
<BasicBoolTerm Intrnl_Id="882">
<LocList>
<Loc EndOffset="20729" SrcFileId="1" StartOffset="20724"/>
</LocList>
</BasicBoolTerm>
</RootTerm>
</LoopStmnt>
<CondStmnt CovItemId="S261" CovItemPrefix="com.OriginalFiles.Analyze.java" Intrnl_Id="883">
<Branch CovItemId="B150" CovItemPrefix="com.OriginalFiles.Analyze.java" Implct="false" Intrnl_Id="884">
<Cond/>
<LocList>
<Loc EndOffset="21037" SrcFileId="1" StartOffset="20991"/>
</LocList>
<StmntSeq Intrnl_Id="885">
<LocList>
<Loc EndOffset="21022" SrcFileId="1" StartOffset="21010"/>
</LocList>
<BasicStmnt CovItemId="S262" CovItemPrefix="com.OriginalFiles.Analyze.java" Intrnl_Id="886">
<LocList>
<Loc EndOffset="21022" SrcFileId="1" StartOffset="21010"/>
</LocList>
</BasicStmnt>
</StmntSeq>
</Branch>
<Branch CovItemId="B151" CovItemPrefix="com.OriginalFiles.Analyze.java" Implct="true" Intrnl_Id="887">
<Cond/>
<LocList/>
<StmntSeq Intrnl_Id="888">
<LocList/>
</StmntSeq>
</Branch>
<Keyword EndOffset="20968" SrcFileId="1" StartOffset="20966"/>
<LocList>
<Loc EndOffset="21037" SrcFileId="1" StartOffset="20966"/>
</LocList>
<RootTerm CovItemId="C87" CovItemPrefix="com.OriginalFiles.Analyze.java" Intrnl_Id="889">
<BasicBoolTerm Intrnl_Id="890">
<LocList>
<Loc EndOffset="20989" SrcFileId="1" StartOffset="20970"/>
</LocList>
</BasicBoolTerm>
</RootTerm>
</CondStmnt>
</StmntSeq>
</Branch>
<Branch CovItemId="B145" CovItemPrefix="com.OriginalFiles.Analyze.java" Implct="false" Intrnl_Id="891">
<Cond>
<Loc EndOffset="21053" SrcFileId="1" StartOffset="21049"/>
</Cond>
<LocList>
<Loc EndOffset="21219" SrcFileId="1" StartOffset="21054"/>
</LocList>
<StmntSeq Intrnl_Id="892">
<LocList>
<Loc EndOffset="21219" SrcFileId="1" StartOffset="21054"/>
</LocList>
<CondStmnt CovItemId="S263" CovItemPrefix="com.OriginalFiles.Analyze.java" Intrnl_Id="893">
<Branch CovItemId="B152" CovItemPrefix="com.OriginalFiles.Analyze.java" Implct="false" Intrnl_Id="894">
<Cond/>
<LocList>
<Loc EndOffset="21134" SrcFileId="1" StartOffset="21096"/>
</LocList>
<StmntSeq Intrnl_Id="895">
<LocList>
<Loc EndOffset="21123" SrcFileId="1" StartOffset="21111"/>
</LocList>
<BasicStmnt CovItemId="S264" CovItemPrefix="com.OriginalFiles.Analyze.java" Intrnl_Id="896">
<LocList>
<Loc EndOffset="21123" SrcFileId="1" StartOffset="21111"/>
</LocList>
</BasicStmnt>
</StmntSeq>
</Branch>
<Branch CovItemId="B153" CovItemPrefix="com.OriginalFiles.Analyze.java" Implct="false" Intrnl_Id="897">
<Cond>
<Loc EndOffset="21139" SrcFileId="1" StartOffset="21135"/>
</Cond>
<LocList>
<Loc EndOffset="21219" SrcFileId="1" StartOffset="21140"/>
</LocList>
<StmntSeq Intrnl_Id="898">
<LocList>
<Loc EndOffset="21219" SrcFileId="1" StartOffset="21140"/>
</LocList>
<CondStmnt CovItemId="S265" CovItemPrefix="com.OriginalFiles.Analyze.java" Intrnl_Id="899">
<Branch CovItemId="B154" CovItemPrefix="com.OriginalFiles.Analyze.java" Implct="false" Intrnl_Id="900">
<Cond/>
<LocList>
<Loc EndOffset="21219" SrcFileId="1" StartOffset="21181"/>
</LocList>
<StmntSeq Intrnl_Id="901">
<LocList>
<Loc EndOffset="21208" SrcFileId="1" StartOffset="21196"/>
</LocList>
<BasicStmnt CovItemId="S266" CovItemPrefix="com.OriginalFiles.Analyze.java" Intrnl_Id="902">
<LocList>
<Loc EndOffset="21208" SrcFileId="1" StartOffset="21196"/>
</LocList>
</BasicStmnt>
</StmntSeq>
</Branch>
<Branch CovItemId="B155" CovItemPrefix="com.OriginalFiles.Analyze.java" Implct="true" Intrnl_Id="903">
<Cond/>
<LocList/>
<StmntSeq Intrnl_Id="904">
<LocList/>
</StmntSeq>
</Branch>
<Keyword EndOffset="21142" SrcFileId="1" StartOffset="21140"/>
<LocList>
<Loc EndOffset="21219" SrcFileId="1" StartOffset="21140"/>
</LocList>
<RootTerm CovItemId="C89" CovItemPrefix="com.OriginalFiles.Analyze.java" Intrnl_Id="905">
<OpTerm BooleanOpId="3" Intrnl_Id="906">
<BasicBoolTerm Intrnl_Id="907">
<LocList>
<Loc EndOffset="21154" SrcFileId="1" StartOffset="21144"/>
</LocList>
</BasicBoolTerm>
<BasicBoolTerm Intrnl_Id="908">
<LocList>
<Loc EndOffset="21179" SrcFileId="1" StartOffset="21158"/>
</LocList>
</BasicBoolTerm>
<LocList>
<Loc EndOffset="21157" SrcFileId="1" StartOffset="21155"/>
</LocList>
</OpTerm>
</RootTerm>
</CondStmnt>
</StmntSeq>
</Branch>
<Keyword EndOffset="21056" SrcFileId="1" StartOffset="21054"/>
<LocList>
<Loc EndOffset="21219" SrcFileId="1" StartOffset="21054"/>
</LocList>
<RootTerm CovItemId="C88" CovItemPrefix="com.OriginalFiles.Analyze.java" Intrnl_Id="909">
<OpTerm BooleanOpId="3" Intrnl_Id="910">
<OpTerm BooleanOpId="2" Intrnl_Id="911">
<BasicBoolTerm Intrnl_Id="912">
<LocList>
<Loc EndOffset="21069" SrcFileId="1" StartOffset="21059"/>
</LocList>
</BasicBoolTerm>
<LocList>
<Loc EndOffset="21059" SrcFileId="1" StartOffset="21058"/>
</LocList>
</OpTerm>
<BasicBoolTerm Intrnl_Id="913">
<LocList>
<Loc EndOffset="21094" SrcFileId="1" StartOffset="21073"/>
</LocList>
</BasicBoolTerm>
<LocList>
<Loc EndOffset="21072" SrcFileId="1" StartOffset="21070"/>
</LocList>
</OpTerm>
</RootTerm>
</CondStmnt>
</StmntSeq>
</Branch>
<Keyword EndOffset="20537" SrcFileId="1" StartOffset="20535"/>
<LocList>
<Loc EndOffset="21219" SrcFileId="1" StartOffset="20535"/>
</LocList>
<RootTerm CovItemId="C82" CovItemPrefix="com.OriginalFiles.Analyze.java" Intrnl_Id="914">
<BasicBoolTerm Intrnl_Id="915">
<LocList>
<Loc EndOffset="20565" SrcFileId="1" StartOffset="20539"/>
</LocList>
</BasicBoolTerm>
</RootTerm>
</CondStmnt>
<BasicStmnt CovItemId="S267" CovItemPrefix="com.OriginalFiles.Analyze.java" Intrnl_Id="916">
<LocList>
<Loc EndOffset="21242" SrcFileId="1" StartOffset="21229"/>
</LocList>
</BasicStmnt>
</StmntSeq>
</HierarchyLvl>
<HierarchyLvl HierarchyLvlId="1033" HierarchyLvlTypeId="7" Intrnl_Id="917" Name="isOnDoubleCorners">
<Header>
<Loc EndOffset="21302" SrcFileId="1" StartOffset="21257"/>
</Header>
<LocList>
<Loc EndOffset="21611" SrcFileId="1" StartOffset="21257"/>
</LocList>
<StmntSeq Intrnl_Id="918">
<LocList>
<Loc EndOffset="21581" SrcFileId="1" StartOffset="21314"/>
<Loc EndOffset="21604" SrcFileId="1" StartOffset="21591"/>
</LocList>
<CondStmnt CovItemId="S268" CovItemPrefix="com.OriginalFiles.Analyze.java" Intrnl_Id="919">
<Branch CovItemId="B156" CovItemPrefix="com.OriginalFiles.Analyze.java" Implct="false" Intrnl_Id="920">
<Cond/>
<LocList>
<Loc EndOffset="21581" SrcFileId="1" StartOffset="21543"/>
</LocList>
<StmntSeq Intrnl_Id="921">
<LocList>
<Loc EndOffset="21570" SrcFileId="1" StartOffset="21558"/>
</LocList>
<BasicStmnt CovItemId="S269" CovItemPrefix="com.OriginalFiles.Analyze.java" Intrnl_Id="922">
<LocList>
<Loc EndOffset="21570" SrcFileId="1" StartOffset="21558"/>
</LocList>
</BasicStmnt>
</StmntSeq>
</Branch>
<Branch CovItemId="B157" CovItemPrefix="com.OriginalFiles.Analyze.java" Implct="true" Intrnl_Id="923">
<Cond/>
<LocList/>
<StmntSeq Intrnl_Id="924">
<LocList/>
</StmntSeq>
</Branch>
<Keyword EndOffset="21316" SrcFileId="1" StartOffset="21314"/>
<LocList>
<Loc EndOffset="21581" SrcFileId="1" StartOffset="21314"/>
</LocList>
<RootTerm CovItemId="C90" CovItemPrefix="com.OriginalFiles.Analyze.java" Intrnl_Id="925">
<OpTerm BooleanOpId="4" Intrnl_Id="926">
<OpTerm BooleanOpId="4" Intrnl_Id="927">
<OpTerm BooleanOpId="4" Intrnl_Id="928">
<OpTerm BooleanOpId="3" Intrnl_Id="929">
<BasicBoolTerm Intrnl_Id="930">
<LocList>
<Loc EndOffset="21336" SrcFileId="1" StartOffset="21319"/>
</LocList>
</BasicBoolTerm>
<BasicBoolTerm Intrnl_Id="931">
<LocList>
<Loc EndOffset="21357" SrcFileId="1" StartOffset="21340"/>
</LocList>
</BasicBoolTerm>
<LocList>
<Loc EndOffset="21339" SrcFileId="1" StartOffset="21337"/>
</LocList>
</OpTerm>
<OpTerm BooleanOpId="3" Intrnl_Id="932">
<BasicBoolTerm Intrnl_Id="933">
<LocList>
<Loc EndOffset="21397" SrcFileId="1" StartOffset="21380"/>
</LocList>
</BasicBoolTerm>
<BasicBoolTerm Intrnl_Id="934">
<LocList>
<Loc EndOffset="21418" SrcFileId="1" StartOffset="21401"/>
</LocList>
</BasicBoolTerm>
<LocList>
<Loc EndOffset="21400" SrcFileId="1" StartOffset="21398"/>
</LocList>
</OpTerm>
<LocList>
<Loc EndOffset="21378" SrcFileId="1" StartOffset="21376"/>
</LocList>
</OpTerm>
<OpTerm BooleanOpId="3" Intrnl_Id="935">
<BasicBoolTerm Intrnl_Id="936">
<LocList>
<Loc EndOffset="21458" SrcFileId="1" StartOffset="21441"/>
</LocList>
</BasicBoolTerm>
<BasicBoolTerm Intrnl_Id="937">
<LocList>
<Loc EndOffset="21479" SrcFileId="1" StartOffset="21462"/>
</LocList>
</BasicBoolTerm>
<LocList>
<Loc EndOffset="21461" SrcFileId="1" StartOffset="21459"/>
</LocList>
</OpTerm>
<LocList>
<Loc EndOffset="21439" SrcFileId="1" StartOffset="21437"/>
</LocList>
</OpTerm>
<OpTerm BooleanOpId="3" Intrnl_Id="938">
<BasicBoolTerm Intrnl_Id="939">
<LocList>
<Loc EndOffset="21519" SrcFileId="1" StartOffset="21502"/>
</LocList>
</BasicBoolTerm>
<BasicBoolTerm Intrnl_Id="940">
<LocList>
<Loc EndOffset="21540" SrcFileId="1" StartOffset="21523"/>
</LocList>
</BasicBoolTerm>
<LocList>
<Loc EndOffset="21522" SrcFileId="1" StartOffset="21520"/>
</LocList>
</OpTerm>
<LocList>
<Loc EndOffset="21500" SrcFileId="1" StartOffset="21498"/>
</LocList>
</OpTerm>
</RootTerm>
</CondStmnt>
<BasicStmnt CovItemId="S270" CovItemPrefix="com.OriginalFiles.Analyze.java" Intrnl_Id="941">
<LocList>
<Loc EndOffset="21604" SrcFileId="1" StartOffset="21591"/>
</LocList>
</BasicStmnt>
</StmntSeq>
</HierarchyLvl>
<HierarchyLvl HierarchyLvlId="1034" HierarchyLvlTypeId="7" Intrnl_Id="942" Name="cleanUp">
<Header>
<Loc EndOffset="21677" SrcFileId="1" StartOffset="21619"/>
</Header>
<LocList>
<Loc EndOffset="22311" SrcFileId="1" StartOffset="21619"/>
</LocList>
<StmntSeq Intrnl_Id="943">
<LocList>
<Loc EndOffset="21883" SrcFileId="1" StartOffset="21689"/>
<Loc EndOffset="22092" SrcFileId="1" StartOffset="21895"/>
<Loc EndOffset="22304" SrcFileId="1" StartOffset="22104"/>
</LocList>
<LoopStmnt CovItemId="S271" CovItemPrefix="com.OriginalFiles.Analyze.java" Intrnl_Id="944" MltplExecId="L20-2" MltplExecPrefix="com.OriginalFiles.Analyze.java" NvrExecId="L20-0" NvrExecPrefix="com.OriginalFiles.Analyze.java" OnceExecutedId="L20-1" OnceExecutedPrefix="com.OriginalFiles.Analyze.java" OptBodyExec="true">
<StmntSeq Intrnl_Id="945">
<LocList>
<Loc EndOffset="21872" SrcFileId="1" StartOffset="21745"/>
</LocList>
<LoopStmnt CovItemId="S272" CovItemPrefix="com.OriginalFiles.Analyze.java" Intrnl_Id="946" MltplExecId="L21-2" MltplExecPrefix="com.OriginalFiles.Analyze.java" NvrExecId="L21-0" NvrExecPrefix="com.OriginalFiles.Analyze.java" OnceExecutedId="L21-1" OnceExecutedPrefix="com.OriginalFiles.Analyze.java" OptBodyExec="true">
<StmntSeq Intrnl_Id="947">
<LocList>
<Loc EndOffset="21857" SrcFileId="1" StartOffset="21783"/>
</LocList>
<CondStmnt CovItemId="S273" CovItemPrefix="com.OriginalFiles.Analyze.java" Intrnl_Id="948">
<Branch CovItemId="B158" CovItemPrefix="com.OriginalFiles.Analyze.java" Implct="false" Intrnl_Id="949">
<Cond/>
<LocList>
<Loc EndOffset="21857" SrcFileId="1" StartOffset="21801"/>
</LocList>
<StmntSeq Intrnl_Id="950">
<LocList>
<Loc EndOffset="21838" SrcFileId="1" StartOffset="21824"/>
</LocList>
<BasicStmnt CovItemId="S274" CovItemPrefix="com.OriginalFiles.Analyze.java" Intrnl_Id="951">
<LocList>
<Loc EndOffset="21838" SrcFileId="1" StartOffset="21824"/>
</LocList>
</BasicStmnt>
</StmntSeq>
</Branch>
<Branch CovItemId="B159" CovItemPrefix="com.OriginalFiles.Analyze.java" Implct="true" Intrnl_Id="952">
<Cond/>
<LocList/>
<StmntSeq Intrnl_Id="953">
<LocList/>
</StmntSeq>
</Branch>
<Keyword EndOffset="21785" SrcFileId="1" StartOffset="21783"/>
<LocList>
<Loc EndOffset="21857" SrcFileId="1" StartOffset="21783"/>
</LocList>
<RootTerm CovItemId="C91" CovItemPrefix="com.OriginalFiles.Analyze.java" Intrnl_Id="954">
<OpTerm BooleanOpId="2" Intrnl_Id="955">
<BasicBoolTerm Intrnl_Id="956">
<LocList>
<Loc EndOffset="21799" SrcFileId="1" StartOffset="21788"/>
</LocList>
</BasicBoolTerm>
<LocList>
<Loc EndOffset="21788" SrcFileId="1" StartOffset="21787"/>
</LocList>
</OpTerm>
</RootTerm>
</CondStmnt>
</StmntSeq>
<Keyword EndOffset="21748" SrcFileId="1" StartOffset="21745"/>
<LocList>
<Loc EndOffset="21872" SrcFileId="1" StartOffset="21745"/>
</LocList>
</LoopStmnt>
</StmntSeq>
<Keyword EndOffset="21692" SrcFileId="1" StartOffset="21689"/>
<LocList>
<Loc EndOffset="21883" SrcFileId="1" StartOffset="21689"/>
</LocList>
</LoopStmnt>
<LoopStmnt CovItemId="S275" CovItemPrefix="com.OriginalFiles.Analyze.java" Intrnl_Id="957" MltplExecId="L22-2" MltplExecPrefix="com.OriginalFiles.Analyze.java" NvrExecId="L22-0" NvrExecPrefix="com.OriginalFiles.Analyze.java" OnceExecutedId="L22-1" OnceExecutedPrefix="com.OriginalFiles.Analyze.java" OptBodyExec="true">
<StmntSeq Intrnl_Id="958">
<LocList>
<Loc EndOffset="22081" SrcFileId="1" StartOffset="21954"/>
</LocList>
<LoopStmnt CovItemId="S276" CovItemPrefix="com.OriginalFiles.Analyze.java" Intrnl_Id="959" MltplExecId="L23-2" MltplExecPrefix="com.OriginalFiles.Analyze.java" NvrExecId="L23-0" NvrExecPrefix="com.OriginalFiles.Analyze.java" OnceExecutedId="L23-1" OnceExecutedPrefix="com.OriginalFiles.Analyze.java" OptBodyExec="true">
<StmntSeq Intrnl_Id="960">
<LocList>
<Loc EndOffset="22066" SrcFileId="1" StartOffset="21992"/>
</LocList>
<CondStmnt CovItemId="S277" CovItemPrefix="com.OriginalFiles.Analyze.java" Intrnl_Id="961">
<Branch CovItemId="B160" CovItemPrefix="com.OriginalFiles.Analyze.java" Implct="false" Intrnl_Id="962">
<Cond/>
<LocList>
<Loc EndOffset="22066" SrcFileId="1" StartOffset="22010"/>
</LocList>
<StmntSeq Intrnl_Id="963">
<LocList>
<Loc EndOffset="22047" SrcFileId="1" StartOffset="22033"/>
</LocList>
<BasicStmnt CovItemId="S278" CovItemPrefix="com.OriginalFiles.Analyze.java" Intrnl_Id="964">
<LocList>
<Loc EndOffset="22047" SrcFileId="1" StartOffset="22033"/>
</LocList>
</BasicStmnt>
</StmntSeq>
</Branch>
<Branch CovItemId="B161" CovItemPrefix="com.OriginalFiles.Analyze.java" Implct="true" Intrnl_Id="965">
<Cond/>
<LocList/>
<StmntSeq Intrnl_Id="966">
<LocList/>
</StmntSeq>
</Branch>
<Keyword EndOffset="21994" SrcFileId="1" StartOffset="21992"/>
<LocList>
<Loc EndOffset="22066" SrcFileId="1" StartOffset="21992"/>
</LocList>
<RootTerm CovItemId="C92" CovItemPrefix="com.OriginalFiles.Analyze.java" Intrnl_Id="967">
<OpTerm BooleanOpId="2" Intrnl_Id="968">
<BasicBoolTerm Intrnl_Id="969">
<LocList>
<Loc EndOffset="22008" SrcFileId="1" StartOffset="21997"/>
</LocList>
</BasicBoolTerm>
<LocList>
<Loc EndOffset="21997" SrcFileId="1" StartOffset="21996"/>
</LocList>
</OpTerm>
</RootTerm>
</CondStmnt>
</StmntSeq>
<Keyword EndOffset="21957" SrcFileId="1" StartOffset="21954"/>
<LocList>
<Loc EndOffset="22081" SrcFileId="1" StartOffset="21954"/>
</LocList>
</LoopStmnt>
</StmntSeq>
<Keyword EndOffset="21898" SrcFileId="1" StartOffset="21895"/>
<LocList>
<Loc EndOffset="22092" SrcFileId="1" StartOffset="21895"/>
</LocList>
</LoopStmnt>
<LoopStmnt CovItemId="S279" CovItemPrefix="com.OriginalFiles.Analyze.java" Intrnl_Id="970" MltplExecId="L24-2" MltplExecPrefix="com.OriginalFiles.Analyze.java" NvrExecId="L24-0" NvrExecPrefix="com.OriginalFiles.Analyze.java" OnceExecutedId="L24-1" OnceExecutedPrefix="com.OriginalFiles.Analyze.java" OptBodyExec="true">
<StmntSeq Intrnl_Id="971">
<LocList>
<Loc EndOffset="22293" SrcFileId="1" StartOffset="22166"/>
</LocList>
<LoopStmnt CovItemId="S280" CovItemPrefix="com.OriginalFiles.Analyze.java" Intrnl_Id="972" MltplExecId="L25-2" MltplExecPrefix="com.OriginalFiles.Analyze.java" NvrExecId="L25-0" NvrExecPrefix="com.OriginalFiles.Analyze.java" OnceExecutedId="L25-1" OnceExecutedPrefix="com.OriginalFiles.Analyze.java" OptBodyExec="true">
<StmntSeq Intrnl_Id="973">
<LocList>
<Loc EndOffset="22278" SrcFileId="1" StartOffset="22204"/>
</LocList>
<CondStmnt CovItemId="S281" CovItemPrefix="com.OriginalFiles.Analyze.java" Intrnl_Id="974">
<Branch CovItemId="B162" CovItemPrefix="com.OriginalFiles.Analyze.java" Implct="false" Intrnl_Id="975">
<Cond/>
<LocList>
<Loc EndOffset="22278" SrcFileId="1" StartOffset="22222"/>
</LocList>
<StmntSeq Intrnl_Id="976">
<LocList>
<Loc EndOffset="22259" SrcFileId="1" StartOffset="22245"/>
</LocList>
<BasicStmnt CovItemId="S282" CovItemPrefix="com.OriginalFiles.Analyze.java" Intrnl_Id="977">
<LocList>
<Loc EndOffset="22259" SrcFileId="1" StartOffset="22245"/>
</LocList>
</BasicStmnt>
</StmntSeq>
</Branch>
<Branch CovItemId="B163" CovItemPrefix="com.OriginalFiles.Analyze.java" Implct="true" Intrnl_Id="978">
<Cond/>
<LocList/>
<StmntSeq Intrnl_Id="979">
<LocList/>
</StmntSeq>
</Branch>
<Keyword EndOffset="22206" SrcFileId="1" StartOffset="22204"/>
<LocList>
<Loc EndOffset="22278" SrcFileId="1" StartOffset="22204"/>
</LocList>
<RootTerm CovItemId="C93" CovItemPrefix="com.OriginalFiles.Analyze.java" Intrnl_Id="980">
<OpTerm BooleanOpId="2" Intrnl_Id="981">
<BasicBoolTerm Intrnl_Id="982">
<LocList>
<Loc EndOffset="22220" SrcFileId="1" StartOffset="22209"/>
</LocList>
</BasicBoolTerm>
<LocList>
<Loc EndOffset="22209" SrcFileId="1" StartOffset="22208"/>
</LocList>
</OpTerm>
</RootTerm>
</CondStmnt>
</StmntSeq>
<Keyword EndOffset="22169" SrcFileId="1" StartOffset="22166"/>
<LocList>
<Loc EndOffset="22293" SrcFileId="1" StartOffset="22166"/>
</LocList>
</LoopStmnt>
</StmntSeq>
<Keyword EndOffset="22107" SrcFileId="1" StartOffset="22104"/>
<LocList>
<Loc EndOffset="22304" SrcFileId="1" StartOffset="22104"/>
</LocList>
</LoopStmnt>
</StmntSeq>
</HierarchyLvl>
<HierarchyLvl HierarchyLvlId="1035" HierarchyLvlTypeId="7" Intrnl_Id="983" Name="placePiece">
<Header>
<Loc EndOffset="22392" SrcFileId="1" StartOffset="22319"/>
</Header>
<LocList>
<Loc EndOffset="22698" SrcFileId="1" StartOffset="22319"/>
</LocList>
<StmntSeq Intrnl_Id="984">
<LocList>
<Loc EndOffset="22691" SrcFileId="1" StartOffset="22404"/>
</LocList>
<CondStmnt CovItemId="S283" CovItemPrefix="com.OriginalFiles.Analyze.java" Intrnl_Id="985">
<Branch CovItemId="B164" CovItemPrefix="com.OriginalFiles.Analyze.java" Implct="false" Intrnl_Id="986">
<Cond/>
<LocList>
<Loc EndOffset="22502" SrcFileId="1" StartOffset="22449"/>
</LocList>
<StmntSeq Intrnl_Id="987">
<LocList>
<Loc EndOffset="22491" SrcFileId="1" StartOffset="22464"/>
</LocList>
<BasicStmnt CovItemId="S284" CovItemPrefix="com.OriginalFiles.Analyze.java" Intrnl_Id="988">
<LocList>
<Loc EndOffset="22491" SrcFileId="1" StartOffset="22464"/>
</LocList>
</BasicStmnt>
</StmntSeq>
</Branch>
<Branch CovItemId="B165" CovItemPrefix="com.OriginalFiles.Analyze.java" Implct="false" Intrnl_Id="989">
<Cond>
<Loc EndOffset="22507" SrcFileId="1" StartOffset="22503"/>
</Cond>
<LocList>
<Loc EndOffset="22691" SrcFileId="1" StartOffset="22508"/>
</LocList>
<StmntSeq Intrnl_Id="990">
<LocList>
<Loc EndOffset="22680" SrcFileId="1" StartOffset="22523"/>
</LocList>
<CondStmnt CovItemId="S285" CovItemPrefix="com.OriginalFiles.Analyze.java" Intrnl_Id="991">
<Branch CovItemId="B166" CovItemPrefix="com.OriginalFiles.Analyze.java" Implct="false" Intrnl_Id="992">
<Cond/>
<LocList>
<Loc EndOffset="22615" SrcFileId="1" StartOffset="22574"/>
</LocList>
<StmntSeq Intrnl_Id="993">
<LocList>
<Loc EndOffset="22600" SrcFileId="1" StartOffset="22593"/>
</LocList>
<BasicStmnt CovItemId="S286" CovItemPrefix="com.OriginalFiles.Analyze.java" Intrnl_Id="994">
<LocList>
<Loc EndOffset="22600" SrcFileId="1" StartOffset="22593"/>
</LocList>
</BasicStmnt>
</StmntSeq>
</Branch>
<Branch CovItemId="B167" CovItemPrefix="com.OriginalFiles.Analyze.java" Implct="false" Intrnl_Id="995">
<Cond>
<Loc EndOffset="22620" SrcFileId="1" StartOffset="22616"/>
</Cond>
<LocList>
<Loc EndOffset="22680" SrcFileId="1" StartOffset="22621"/>
</LocList>
<StmntSeq Intrnl_Id="996">
<LocList>
<Loc EndOffset="22665" SrcFileId="1" StartOffset="22640"/>
</LocList>
<BasicStmnt CovItemId="S287" CovItemPrefix="com.OriginalFiles.Analyze.java" Intrnl_Id="997">
<LocList>
<Loc EndOffset="22665" SrcFileId="1" StartOffset="22640"/>
</LocList>
</BasicStmnt>
</StmntSeq>
</Branch>
<Keyword EndOffset="22525" SrcFileId="1" StartOffset="22523"/>
<LocList>
<Loc EndOffset="22680" SrcFileId="1" StartOffset="22523"/>
</LocList>
<RootTerm CovItemId="C95" CovItemPrefix="com.OriginalFiles.Analyze.java" Intrnl_Id="998">
<BasicBoolTerm Intrnl_Id="999">
<LocList>
<Loc EndOffset="22572" SrcFileId="1" StartOffset="22527"/>
</LocList>
</BasicBoolTerm>
</RootTerm>
</CondStmnt>
</StmntSeq>
</Branch>
<Keyword EndOffset="22406" SrcFileId="1" StartOffset="22404"/>
<LocList>
<Loc EndOffset="22691" SrcFileId="1" StartOffset="22404"/>
</LocList>
<RootTerm CovItemId="C94" CovItemPrefix="com.OriginalFiles.Analyze.java" Intrnl_Id="1000">
<BasicBoolTerm Intrnl_Id="1001">
<LocList>
<Loc EndOffset="22447" SrcFileId="1" StartOffset="22408"/>
</LocList>
</BasicBoolTerm>
</RootTerm>
</CondStmnt>
</StmntSeq>
</HierarchyLvl>
<HierarchyLvl HierarchyLvlId="1036" HierarchyLvlTypeId="7" Intrnl_Id="1002" Name="movePeasent">
<Header>
<Loc EndOffset="22780" SrcFileId="1" StartOffset="22706"/>
</Header>
<LocList>
<Loc EndOffset="23974" SrcFileId="1" StartOffset="22706"/>
</LocList>
<StmntSeq Intrnl_Id="1003">
<LocList>
<Loc EndOffset="23967" SrcFileId="1" StartOffset="22792"/>
</LocList>
<CondStmnt CovItemId="S288" CovItemPrefix="com.OriginalFiles.Analyze.java" Intrnl_Id="1004">
<Branch CovItemId="B168" CovItemPrefix="com.OriginalFiles.Analyze.java" Implct="false" Intrnl_Id="1005">
<Cond/>
<LocList>
<Loc EndOffset="23376" SrcFileId="1" StartOffset="22882"/>
</LocList>
<StmntSeq Intrnl_Id="1006">
<LocList>
<Loc EndOffset="23365" SrcFileId="1" StartOffset="22897"/>
</LocList>
<LoopStmnt CovItemId="S289" CovItemPrefix="com.OriginalFiles.Analyze.java" Intrnl_Id="1007" MltplExecId="L26-2" MltplExecPrefix="com.OriginalFiles.Analyze.java" NvrExecId="L26-0" NvrExecPrefix="com.OriginalFiles.Analyze.java" OnceExecutedId="L26-1" OnceExecutedPrefix="com.OriginalFiles.Analyze.java" OptBodyExec="true">
<StmntSeq Intrnl_Id="1008">
<LocList>
<Loc EndOffset="23350" SrcFileId="1" StartOffset="22956"/>
</LocList>
<LoopStmnt CovItemId="S290" CovItemPrefix="com.OriginalFiles.Analyze.java" Intrnl_Id="1009" MltplExecId="L27-2" MltplExecPrefix="com.OriginalFiles.Analyze.java" NvrExecId="L27-0" NvrExecPrefix="com.OriginalFiles.Analyze.java" OnceExecutedId="L27-1" OnceExecutedPrefix="com.OriginalFiles.Analyze.java" OptBodyExec="true">
<StmntSeq Intrnl_Id="1010">
<LocList>
<Loc EndOffset="23331" SrcFileId="1" StartOffset="23008"/>
</LocList>
<CondStmnt CovItemId="S291" CovItemPrefix="com.OriginalFiles.Analyze.java" Intrnl_Id="1011">
<Branch CovItemId="B170" CovItemPrefix="com.OriginalFiles.Analyze.java" Implct="false" Intrnl_Id="1012">
<Cond/>
<LocList>
<Loc EndOffset="23331" SrcFileId="1" StartOffset="23124"/>
</LocList>
<StmntSeq Intrnl_Id="1013">
<LocList>
<Loc EndOffset="23266" SrcFileId="1" StartOffset="23151"/>
<Loc EndOffset="23308" SrcFileId="1" StartOffset="23292"/>
</LocList>
<BasicStmnt CovItemId="S292" CovItemPrefix="com.OriginalFiles.Analyze.java" Intrnl_Id="1014">
<LocList>
<Loc EndOffset="23266" SrcFileId="1" StartOffset="23151"/>
</LocList>
</BasicStmnt>
<BasicStmnt CovItemId="S293" CovItemPrefix="com.OriginalFiles.Analyze.java" Intrnl_Id="1015">
<LocList>
<Loc EndOffset="23308" SrcFileId="1" StartOffset="23292"/>
</LocList>
</BasicStmnt>
</StmntSeq>
</Branch>
<Branch CovItemId="B171" CovItemPrefix="com.OriginalFiles.Analyze.java" Implct="true" Intrnl_Id="1016">
<Cond/>
<LocList/>
<StmntSeq Intrnl_Id="1017">
<LocList/>
</StmntSeq>
</Branch>
<Keyword EndOffset="23010" SrcFileId="1" StartOffset="23008"/>
<LocList>
<Loc EndOffset="23331" SrcFileId="1" StartOffset="23008"/>
</LocList>
<RootTerm CovItemId="C99" CovItemPrefix="com.OriginalFiles.Analyze.java" Intrnl_Id="1018">
<OpTerm BooleanOpId="3" Intrnl_Id="1019">
<BasicBoolTerm Intrnl_Id="1020">
<LocList>
<Loc EndOffset="23049" SrcFileId="1" StartOffset="23012"/>
</LocList>
</BasicBoolTerm>
<BasicBoolTerm Intrnl_Id="1021">
<LocList>
<Loc EndOffset="23122" SrcFileId="1" StartOffset="23082"/>
</LocList>
</BasicBoolTerm>
<LocList>
<Loc EndOffset="23081" SrcFileId="1" StartOffset="23079"/>
</LocList>
</OpTerm>
</RootTerm>
</CondStmnt>
</StmntSeq>
<Keyword EndOffset="22959" SrcFileId="1" StartOffset="22956"/>
<LocList>
<Loc EndOffset="23350" SrcFileId="1" StartOffset="22956"/>
</LocList>
<RootTerm CovItemId="C98" CovItemPrefix="com.OriginalFiles.Analyze.java" Intrnl_Id="1022">
<BasicBoolTerm Intrnl_Id="1023">
<LocList>
<Loc EndOffset="22978" SrcFileId="1" StartOffset="22972"/>
</LocList>
</BasicBoolTerm>
</RootTerm>
</LoopStmnt>
</StmntSeq>
<Keyword EndOffset="22911" SrcFileId="1" StartOffset="22908"/>
<LocList>
<Loc EndOffset="23365" SrcFileId="1" StartOffset="22897"/>
</LocList>
<RootTerm CovItemId="C97" CovItemPrefix="com.OriginalFiles.Analyze.java" Intrnl_Id="1024">
<BasicBoolTerm Intrnl_Id="1025">
<LocList>
<Loc EndOffset="22930" SrcFileId="1" StartOffset="22924"/>
</LocList>
</BasicBoolTerm>
</RootTerm>
</LoopStmnt>
</StmntSeq>
</Branch>
<Branch CovItemId="B169" CovItemPrefix="com.OriginalFiles.Analyze.java" Implct="false" Intrnl_Id="1026">
<Cond>
<Loc EndOffset="23381" SrcFileId="1" StartOffset="23377"/>
</Cond>
<LocList>
<Loc EndOffset="23967" SrcFileId="1" StartOffset="23382"/>
</LocList>
<StmntSeq Intrnl_Id="1027">
<LocList>
<Loc EndOffset="23967" SrcFileId="1" StartOffset="23382"/>
</LocList>
<CondStmnt CovItemId="S294" CovItemPrefix="com.OriginalFiles.Analyze.java" Intrnl_Id="1028">
<Branch CovItemId="B172" CovItemPrefix="com.OriginalFiles.Analyze.java" Implct="false" Intrnl_Id="1029">
<Cond/>
<LocList>
<Loc EndOffset="23967" SrcFileId="1" StartOffset="23473"/>
</LocList>
<StmntSeq Intrnl_Id="1030">
<LocList>
<Loc EndOffset="23956" SrcFileId="1" StartOffset="23488"/>
</LocList>
<LoopStmnt CovItemId="S295" CovItemPrefix="com.OriginalFiles.Analyze.java" Intrnl_Id="1031" MltplExecId="L28-2" MltplExecPrefix="com.OriginalFiles.Analyze.java" NvrExecId="L28-0" NvrExecPrefix="com.OriginalFiles.Analyze.java" OnceExecutedId="L28-1" OnceExecutedPrefix="com.OriginalFiles.Analyze.java" OptBodyExec="true">
<StmntSeq Intrnl_Id="1032">
<LocList>
<Loc EndOffset="23941" SrcFileId="1" StartOffset="23547"/>
</LocList>
<LoopStmnt CovItemId="S296" CovItemPrefix="com.OriginalFiles.Analyze.java" Intrnl_Id="1033" MltplExecId="L29-2" MltplExecPrefix="com.OriginalFiles.Analyze.java" NvrExecId="L29-0" NvrExecPrefix="com.OriginalFiles.Analyze.java" OnceExecutedId="L29-1" OnceExecutedPrefix="com.OriginalFiles.Analyze.java" OptBodyExec="true">
<StmntSeq Intrnl_Id="1034">
<LocList>
<Loc EndOffset="23922" SrcFileId="1" StartOffset="23599"/>
</LocList>
<CondStmnt CovItemId="S297" CovItemPrefix="com.OriginalFiles.Analyze.java" Intrnl_Id="1035">
<Branch CovItemId="B174" CovItemPrefix="com.OriginalFiles.Analyze.java" Implct="false" Intrnl_Id="1036">
<Cond/>
<LocList>
<Loc EndOffset="23922" SrcFileId="1" StartOffset="23715"/>
</LocList>
<StmntSeq Intrnl_Id="1037">
<LocList>
<Loc EndOffset="23857" SrcFileId="1" StartOffset="23742"/>
<Loc EndOffset="23899" SrcFileId="1" StartOffset="23883"/>
</LocList>
<BasicStmnt CovItemId="S298" CovItemPrefix="com.OriginalFiles.Analyze.java" Intrnl_Id="1038">
<LocList>
<Loc EndOffset="23857" SrcFileId="1" StartOffset="23742"/>
</LocList>
</BasicStmnt>
<BasicStmnt CovItemId="S299" CovItemPrefix="com.OriginalFiles.Analyze.java" Intrnl_Id="1039">
<LocList>
<Loc EndOffset="23899" SrcFileId="1" StartOffset="23883"/>
</LocList>
</BasicStmnt>
</StmntSeq>
</Branch>
<Branch CovItemId="B175" CovItemPrefix="com.OriginalFiles.Analyze.java" Implct="true" Intrnl_Id="1040">
<Cond/>
<LocList/>
<StmntSeq Intrnl_Id="1041">
<LocList/>
</StmntSeq>
</Branch>
<Keyword EndOffset="23601" SrcFileId="1" StartOffset="23599"/>
<LocList>
<Loc EndOffset="23922" SrcFileId="1" StartOffset="23599"/>
</LocList>
<RootTerm CovItemId="C103" CovItemPrefix="com.OriginalFiles.Analyze.java" Intrnl_Id="1042">
<OpTerm BooleanOpId="3" Intrnl_Id="1043">
<BasicBoolTerm Intrnl_Id="1044">
<LocList>
<Loc EndOffset="23640" SrcFileId="1" StartOffset="23603"/>
</LocList>
</BasicBoolTerm>
<BasicBoolTerm Intrnl_Id="1045">
<LocList>
<Loc EndOffset="23713" SrcFileId="1" StartOffset="23673"/>
</LocList>
</BasicBoolTerm>
<LocList>
<Loc EndOffset="23672" SrcFileId="1" StartOffset="23670"/>
</LocList>
</OpTerm>
</RootTerm>
</CondStmnt>
</StmntSeq>
<Keyword EndOffset="23550" SrcFileId="1" StartOffset="23547"/>
<LocList>
<Loc EndOffset="23941" SrcFileId="1" StartOffset="23547"/>
</LocList>
<RootTerm CovItemId="C102" CovItemPrefix="com.OriginalFiles.Analyze.java" Intrnl_Id="1046">
<BasicBoolTerm Intrnl_Id="1047">
<LocList>
<Loc EndOffset="23569" SrcFileId="1" StartOffset="23563"/>
</LocList>
</BasicBoolTerm>
</RootTerm>
</LoopStmnt>
</StmntSeq>
<Keyword EndOffset="23502" SrcFileId="1" StartOffset="23499"/>
<LocList>
<Loc EndOffset="23956" SrcFileId="1" StartOffset="23488"/>
</LocList>
<RootTerm CovItemId="C101" CovItemPrefix="com.OriginalFiles.Analyze.java" Intrnl_Id="1048">
<BasicBoolTerm Intrnl_Id="1049">
<LocList>
<Loc EndOffset="23521" SrcFileId="1" StartOffset="23515"/>
</LocList>
</BasicBoolTerm>
</RootTerm>
</LoopStmnt>
</StmntSeq>
</Branch>
<Branch CovItemId="B173" CovItemPrefix="com.OriginalFiles.Analyze.java" Implct="true" Intrnl_Id="1050">
<Cond/>
<LocList/>
<StmntSeq Intrnl_Id="1051">
<LocList/>
</StmntSeq>
</Branch>
<Keyword EndOffset="23384" SrcFileId="1" StartOffset="23382"/>
<LocList>
<Loc EndOffset="23967" SrcFileId="1" StartOffset="23382"/>
</LocList>
<RootTerm CovItemId="C100" CovItemPrefix="com.OriginalFiles.Analyze.java" Intrnl_Id="1052">
<BasicBoolTerm Intrnl_Id="1053">
<LocList>
<Loc EndOffset="23471" SrcFileId="1" StartOffset="23386"/>
</LocList>
</BasicBoolTerm>
</RootTerm>
</CondStmnt>
</StmntSeq>
</Branch>
<Keyword EndOffset="22794" SrcFileId="1" StartOffset="22792"/>
<LocList>
<Loc EndOffset="23967" SrcFileId="1" StartOffset="22792"/>
</LocList>
<RootTerm CovItemId="C96" CovItemPrefix="com.OriginalFiles.Analyze.java" Intrnl_Id="1054">
<BasicBoolTerm Intrnl_Id="1055">
<LocList>
<Loc EndOffset="22880" SrcFileId="1" StartOffset="22796"/>
</LocList>
</BasicBoolTerm>
</RootTerm>
</CondStmnt>
</StmntSeq>
</HierarchyLvl>
<HierarchyLvl HierarchyLvlId="1037" HierarchyLvlTypeId="7" Intrnl_Id="1056" Name="moveToKingRow">
<Header>
<Loc EndOffset="24071" SrcFileId="1" StartOffset="23982"/>
</Header>
<LocList>
<Loc EndOffset="25067" SrcFileId="1" StartOffset="23982"/>
</LocList>
<StmntSeq Intrnl_Id="1057">
<LocList>
<Loc EndOffset="25060" SrcFileId="1" StartOffset="24083"/>
</LocList>
<CondStmnt CovItemId="S300" CovItemPrefix="com.OriginalFiles.Analyze.java" Intrnl_Id="1058">
<Branch CovItemId="B176" CovItemPrefix="com.OriginalFiles.Analyze.java" Implct="false" Intrnl_Id="1059">
<Cond/>
<LocList>
<Loc EndOffset="24572" SrcFileId="1" StartOffset="24174"/>
</LocList>
<StmntSeq Intrnl_Id="1060">
<LocList>
<Loc EndOffset="24199" SrcFileId="1" StartOffset="24189"/>
<Loc EndOffset="24561" SrcFileId="1" StartOffset="24213"/>
</LocList>
<BasicStmnt CovItemId="S301" CovItemPrefix="com.OriginalFiles.Analyze.java" Intrnl_Id="1061">
<LocList>
<Loc EndOffset="24199" SrcFileId="1" StartOffset="24189"/>
</LocList>
</BasicStmnt>
<LoopStmnt CovItemId="S302" CovItemPrefix="com.OriginalFiles.Analyze.java" Intrnl_Id="1062" MltplExecId="L30-2" MltplExecPrefix="com.OriginalFiles.Analyze.java" NvrExecId="L30-0" NvrExecPrefix="com.OriginalFiles.Analyze.java" OnceExecutedId="L30-1" OnceExecutedPrefix="com.OriginalFiles.Analyze.java" OptBodyExec="true">
<StmntSeq Intrnl_Id="1063">
<LocList>
<Loc EndOffset="24524" SrcFileId="1" StartOffset="24249"/>
<Loc EndOffset="24546" SrcFileId="1" StartOffset="24542"/>
</LocList>
<CondStmnt CovItemId="S303" CovItemPrefix="com.OriginalFiles.Analyze.java" Intrnl_Id="1064">
<Branch CovItemId="B178" CovItemPrefix="com.OriginalFiles.Analyze.java" Implct="false" Intrnl_Id="1065">
<Cond/>
<LocList>
<Loc EndOffset="24524" SrcFileId="1" StartOffset="24294"/>
</LocList>
<StmntSeq Intrnl_Id="1066">
<LocList>
<Loc EndOffset="24476" SrcFileId="1" StartOffset="24364"/>
<Loc EndOffset="24505" SrcFileId="1" StartOffset="24498"/>
</LocList>
<BasicStmnt CovItemId="S304" CovItemPrefix="com.OriginalFiles.Analyze.java" Intrnl_Id="1067">
<LocList>
<Loc EndOffset="24476" SrcFileId="1" StartOffset="24364"/>
</LocList>
</BasicStmnt>
<BasicStmnt CovItemId="S305" CovItemPrefix="com.OriginalFiles.Analyze.java" Intrnl_Id="1068">
<LocList>
<Loc EndOffset="24505" SrcFileId="1" StartOffset="24498"/>
</LocList>
</BasicStmnt>
</StmntSeq>
</Branch>
<Branch CovItemId="B179" CovItemPrefix="com.OriginalFiles.Analyze.java" Implct="true" Intrnl_Id="1069">
<Cond/>
<LocList/>
<StmntSeq Intrnl_Id="1070">
<LocList/>
</StmntSeq>
</Branch>
<Keyword EndOffset="24251" SrcFileId="1" StartOffset="24249"/>
<LocList>
<Loc EndOffset="24524" SrcFileId="1" StartOffset="24249"/>
</LocList>
<RootTerm CovItemId="C106" CovItemPrefix="com.OriginalFiles.Analyze.java" Intrnl_Id="1071">
<BasicBoolTerm Intrnl_Id="1072">
<LocList>
<Loc EndOffset="24292" SrcFileId="1" StartOffset="24253"/>
</LocList>
</BasicBoolTerm>
</RootTerm>
</CondStmnt>
<BasicStmnt CovItemId="S306" CovItemPrefix="com.OriginalFiles.Analyze.java" Intrnl_Id="1073">
<LocList>
<Loc EndOffset="24546" SrcFileId="1" StartOffset="24542"/>
</LocList>
</BasicStmnt>
</StmntSeq>
<Keyword EndOffset="24218" SrcFileId="1" StartOffset="24213"/>
<LocList>
<Loc EndOffset="24561" SrcFileId="1" StartOffset="24213"/>
</LocList>
<RootTerm CovItemId="C105" CovItemPrefix="com.OriginalFiles.Analyze.java" Intrnl_Id="1074">
<OpTerm BooleanOpId="2" Intrnl_Id="1075">
<BasicBoolTerm Intrnl_Id="1076">
<LocList>
<Loc EndOffset="24227" SrcFileId="1" StartOffset="24222"/>
</LocList>
</BasicBoolTerm>
<LocList>
<Loc EndOffset="24221" SrcFileId="1" StartOffset="24220"/>
</LocList>
</OpTerm>
</RootTerm>
</LoopStmnt>
</StmntSeq>
</Branch>
<Branch CovItemId="B177" CovItemPrefix="com.OriginalFiles.Analyze.java" Implct="false" Intrnl_Id="1077">
<Cond>
<Loc EndOffset="24577" SrcFileId="1" StartOffset="24573"/>
</Cond>
<LocList>
<Loc EndOffset="25060" SrcFileId="1" StartOffset="24578"/>
</LocList>
<StmntSeq Intrnl_Id="1078">
<LocList>
<Loc EndOffset="25060" SrcFileId="1" StartOffset="24578"/>
</LocList>
<CondStmnt CovItemId="S307" CovItemPrefix="com.OriginalFiles.Analyze.java" Intrnl_Id="1079">
<Branch CovItemId="B180" CovItemPrefix="com.OriginalFiles.Analyze.java" Implct="false" Intrnl_Id="1080">
<Cond/>
<LocList>
<Loc EndOffset="25060" SrcFileId="1" StartOffset="24668"/>
</LocList>
<StmntSeq Intrnl_Id="1081">
<LocList>
<Loc EndOffset="24693" SrcFileId="1" StartOffset="24683"/>
<Loc EndOffset="25049" SrcFileId="1" StartOffset="24707"/>
</LocList>
<BasicStmnt CovItemId="S308" CovItemPrefix="com.OriginalFiles.Analyze.java" Intrnl_Id="1082">
<LocList>
<Loc EndOffset="24693" SrcFileId="1" StartOffset="24683"/>
</LocList>
</BasicStmnt>
<LoopStmnt CovItemId="S309" CovItemPrefix="com.OriginalFiles.Analyze.java" Intrnl_Id="1083" MltplExecId="L31-2" MltplExecPrefix="com.OriginalFiles.Analyze.java" NvrExecId="L31-0" NvrExecPrefix="com.OriginalFiles.Analyze.java" OnceExecutedId="L31-1" OnceExecutedPrefix="com.OriginalFiles.Analyze.java" OptBodyExec="true">
<StmntSeq Intrnl_Id="1084">
<LocList>
<Loc EndOffset="25012" SrcFileId="1" StartOffset="24743"/>
<Loc EndOffset="25034" SrcFileId="1" StartOffset="25030"/>
</LocList>
<CondStmnt CovItemId="S310" CovItemPrefix="com.OriginalFiles.Analyze.java" Intrnl_Id="1085">
<Branch CovItemId="B182" CovItemPrefix="com.OriginalFiles.Analyze.java" Implct="false" Intrnl_Id="1086">
<Cond/>
<LocList>
<Loc EndOffset="25012" SrcFileId="1" StartOffset="24785"/>
</LocList>
<StmntSeq Intrnl_Id="1087">
<LocList>
<Loc EndOffset="24964" SrcFileId="1" StartOffset="24855"/>
<Loc EndOffset="24993" SrcFileId="1" StartOffset="24986"/>
</LocList>
<BasicStmnt CovItemId="S311" CovItemPrefix="com.OriginalFiles.Analyze.java" Intrnl_Id="1088">
<LocList>
<Loc EndOffset="24964" SrcFileId="1" StartOffset="24855"/>
</LocList>
</BasicStmnt>
<BasicStmnt CovItemId="S312" CovItemPrefix="com.OriginalFiles.Analyze.java" Intrnl_Id="1089">
<LocList>
<Loc EndOffset="24993" SrcFileId="1" StartOffset="24986"/>
</LocList>
</BasicStmnt>
</StmntSeq>
</Branch>
<Branch CovItemId="B183" CovItemPrefix="com.OriginalFiles.Analyze.java" Implct="true" Intrnl_Id="1090">
<Cond/>
<LocList/>
<StmntSeq Intrnl_Id="1091">
<LocList/>
</StmntSeq>
</Branch>
<Keyword EndOffset="24745" SrcFileId="1" StartOffset="24743"/>
<LocList>
<Loc EndOffset="25012" SrcFileId="1" StartOffset="24743"/>
</LocList>
<RootTerm CovItemId="C109" CovItemPrefix="com.OriginalFiles.Analyze.java" Intrnl_Id="1092">
<BasicBoolTerm Intrnl_Id="1093">
<LocList>
<Loc EndOffset="24783" SrcFileId="1" StartOffset="24747"/>
</LocList>
</BasicBoolTerm>
</RootTerm>
</CondStmnt>
<BasicStmnt CovItemId="S313" CovItemPrefix="com.OriginalFiles.Analyze.java" Intrnl_Id="1094">
<LocList>
<Loc EndOffset="25034" SrcFileId="1" StartOffset="25030"/>
</LocList>
</BasicStmnt>
</StmntSeq>
<Keyword EndOffset="24712" SrcFileId="1" StartOffset="24707"/>
<LocList>
<Loc EndOffset="25049" SrcFileId="1" StartOffset="24707"/>
</LocList>
<RootTerm CovItemId="C108" CovItemPrefix="com.OriginalFiles.Analyze.java" Intrnl_Id="1095">
<OpTerm BooleanOpId="2" Intrnl_Id="1096">
<BasicBoolTerm Intrnl_Id="1097">
<LocList>
<Loc EndOffset="24721" SrcFileId="1" StartOffset="24716"/>
</LocList>
</BasicBoolTerm>
<LocList>
<Loc EndOffset="24715" SrcFileId="1" StartOffset="24714"/>
</LocList>
</OpTerm>
</RootTerm>
</LoopStmnt>
</StmntSeq>
</Branch>
<Branch CovItemId="B181" CovItemPrefix="com.OriginalFiles.Analyze.java" Implct="true" Intrnl_Id="1098">
<Cond/>
<LocList/>
<StmntSeq Intrnl_Id="1099">
<LocList/>
</StmntSeq>
</Branch>
<Keyword EndOffset="24580" SrcFileId="1" StartOffset="24578"/>
<LocList>
<Loc EndOffset="25060" SrcFileId="1" StartOffset="24578"/>
</LocList>
<RootTerm CovItemId="C107" CovItemPrefix="com.OriginalFiles.Analyze.java" Intrnl_Id="1100">
<BasicBoolTerm Intrnl_Id="1101">
<LocList>
<Loc EndOffset="24666" SrcFileId="1" StartOffset="24582"/>
</LocList>
</BasicBoolTerm>
</RootTerm>
</CondStmnt>
</StmntSeq>
</Branch>
<Keyword EndOffset="24085" SrcFileId="1" StartOffset="24083"/>
<LocList>
<Loc EndOffset="25060" SrcFileId="1" StartOffset="24083"/>
</LocList>
<RootTerm CovItemId="C104" CovItemPrefix="com.OriginalFiles.Analyze.java" Intrnl_Id="1102">
<BasicBoolTerm Intrnl_Id="1103">
<LocList>
<Loc EndOffset="24172" SrcFileId="1" StartOffset="24087"/>
</LocList>
</BasicBoolTerm>
</RootTerm>
</CondStmnt>
</StmntSeq>
</HierarchyLvl>
<HierarchyLvl HierarchyLvlId="1038" HierarchyLvlTypeId="7" Intrnl_Id="1104" Name="isInCorrectEnd">
<Header>
<Loc EndOffset="25125" SrcFileId="1" StartOffset="25075"/>
</Header>
<LocList>
<Loc EndOffset="25434" SrcFileId="1" StartOffset="25075"/>
</LocList>
<StmntSeq Intrnl_Id="1105">
<LocList>
<Loc EndOffset="25427" SrcFileId="1" StartOffset="25137"/>
</LocList>
<BasicStmnt CovItemId="S314" CovItemPrefix="com.OriginalFiles.Analyze.java" Intrnl_Id="1106">
<LocList>
<Loc EndOffset="25427" SrcFileId="1" StartOffset="25137"/>
</LocList>
</BasicStmnt>
</StmntSeq>
</HierarchyLvl>
</HierarchyLvl>
</HierarchyLvl>
</HierarchyLvl>
</HierarchyLvl>
</MASTRoot>
</TestSessionContainer>
