<?xml version="1.0" encoding="UTF-8"?><TestSessionContainer xmlns="http://www.codecover.org/xml/testsession-container" Date="1386061679513" TestSessionContainerId="23ddcf21-e976-40f7-84d0-485c58718413" version="1.0">
<SrcFileList>
<SrcFile Content="package com.OriginalFiles;&#13;&#10;&#13;&#10;import com.CustomClasses.Color;&#13;&#10;&#13;&#10;import custom.Exceptions.NoKingLeft;&#13;&#10;&#13;&#10;import java.io.IOException;&#13;&#10;import java.util.ArrayList;&#13;&#10;import java.util.List;&#13;&#10;&#13;&#10;public class RemoteNXTFunctions {&#13;&#10;    public Board checkersBoard;&#13;&#10;    public int analyzeTestVariable = 0;&#13;&#10;    public boolean analyzeresetMotorsTestVariable = false;&#13;&#10;&#13;&#10;    public RemoteNXTFunctions() throws InterruptedException, IOException {&#13;&#10;        checkersBoard = new Board(this);&#13;&#10;    }&#13;&#10;    public void resetMotors() {&#13;&#10;        analyzeresetMotorsTestVariable = true;&#13;&#10;    }&#13;&#10;&#13;&#10;    public void trashPieceOnField(Field field) {&#13;&#10;        field.setPieceOnField(null);&#13;&#10;        &#13;&#10;    }&#13;&#10;&#13;&#10;    public void doMove(Move move) throws IOException, NoKingLeft {&#13;&#10;        List&lt;Field&gt; takenPieces = new ArrayList&lt;Field&gt;();&#13;&#10;&#13;&#10;        int stop = move.moves.size() - 1;&#13;&#10;        for (int i = 0; i &lt; stop; i++) {&#13;&#10;            Field jumpedField = movePieceOverField(move.moves.get(i),&#13;&#10;                                                   move.moves.get(i + 1));&#13;&#10;            if (jumpedField != null) {&#13;&#10;                takenPieces.add(jumpedField);&#13;&#10;            }&#13;&#10;        }&#13;&#10;&#13;&#10;        for (int i = 0; i &lt; takenPieces.size(); i++) {&#13;&#10;            trashPieceOnField(takenPieces.get(i));&#13;&#10;        }&#13;&#10;        &#13;&#10;    }&#13;&#10;    private Field movePieceOverField(Field fromField, Field toField)&#13;&#10;            throws IOException, NoKingLeft {&#13;&#10;        movePiece(fromField, toField);&#13;&#10;&#13;&#10;        if (checkersBoard.checkBounds(fromField.x, fromField.y)&#13;&#10;                &amp;&amp; Math.abs(fromField.x - toField.x) == 2) {&#13;&#10;            return checkersBoard.myBoard[(fromField.x + toField.x) / 2]&#13;&#10;                                        [(fromField.y + toField.y) / 2];&#13;&#10;        } else {&#13;&#10;            return null;&#13;&#10;        }&#13;&#10;    }&#13;&#10;    private void movePiece(Field fromField, Field toField)&#13;&#10;            throws IOException, NoKingLeft {&#13;&#10;        checkersBoard.movePieceInRepresentation(fromField, toField, false);&#13;&#10;    }&#13;&#10;&#13;&#10;    public void waitForRedButton() {&#13;&#10;        // TODO Auto-generated method stub&#13;&#10;&#13;&#10;    }&#13;&#10;&#13;&#10;    public void initColorSensor() {&#13;&#10;        // TODO Auto-generated method stub&#13;&#10;&#13;&#10;    }&#13;&#10;&#13;&#10;    public final Color getColorOnField(int x, int y) {&#13;&#10;        Color output = new Color();&#13;&#10;        &#13;&#10;        if(analyzeTestVariable == 0) {&#13;&#10;            if(x == 0 &amp;&amp; y == 1)&#13;&#10;            {&#13;&#10;                output.setColor('r');&#13;&#10;            } else if (x == 2 &amp;&amp; y == 5) {&#13;&#10;                output.setColor(' ');&#13;&#10;            } else if (x == 1 &amp;&amp; y == 4) {&#13;&#10;                output.setColor('w');&#13;&#10;            } else if (checkersBoard.myBoard[x][y].getPieceOnField() != null) {&#13;&#10;                output.setColor(checkersBoard.myBoard[x][y].getPieceOnField().color);&#13;&#10;            } else {&#13;&#10;                output.setColor(' ');&#13;&#10;            }&#13;&#10;        }&#13;&#10;        else {&#13;&#10;            // made to reset totalAnalyzeRuns&#13;&#10;            if(analyzeTestVariable == 100) {&#13;&#10;                if(x == 3 &amp;&amp; y == 2)&#13;&#10;                {&#13;&#10;                    output.setColor(' ');&#13;&#10;                }&#13;&#10;                else if(x == 4 &amp;&amp; y == 1)&#13;&#10;                {&#13;&#10;                    output.setColor('g');&#13;&#10;                } else if (checkersBoard.myBoard[x][y].getPieceOnField() != null) {&#13;&#10;                    output.setColor(checkersBoard.myBoard[x][y].getPieceOnField().color);&#13;&#10;                } else {&#13;&#10;                    output.setColor(' ');&#13;&#10;                }&#13;&#10;            }&#13;&#10;            // made to reset totalAnalyzeRuns&#13;&#10;            if(analyzeTestVariable == 101) {&#13;&#10;                if(x == 3 &amp;&amp; y == 2)&#13;&#10;                {&#13;&#10;                    output.setColor('g');&#13;&#10;                }&#13;&#10;                else if(x == 4 &amp;&amp; y == 1)&#13;&#10;                {&#13;&#10;                    output.setColor(' ');&#13;&#10;                } else if (checkersBoard.myBoard[x][y].getPieceOnField() != null) {&#13;&#10;                    output.setColor(checkersBoard.myBoard[x][y].getPieceOnField().color);&#13;&#10;                } else {&#13;&#10;                    output.setColor(' ');&#13;&#10;                }&#13;&#10;            }&#13;&#10;&#13;&#10;            if(analyzeTestVariable == 1) {&#13;&#10;                if(x == 1 &amp;&amp; y == 4)&#13;&#10;                {&#13;&#10;                    output.setColor('w');&#13;&#10;                }&#13;&#10;                else if(x == 0 &amp;&amp; y == 5)&#13;&#10;                {&#13;&#10;                    output.setColor(' ');&#13;&#10;                } else if (checkersBoard.myBoard[x][y].getPieceOnField() != null) {&#13;&#10;                    output.setColor(checkersBoard.myBoard[x][y].getPieceOnField().color);&#13;&#10;                } else {&#13;&#10;                    output.setColor(' ');&#13;&#10;                }&#13;&#10;            }&#13;&#10;            else if (analyzeTestVariable == 2) {&#13;&#10;                if(x == 2 &amp;&amp; y == 5)&#13;&#10;                {&#13;&#10;                    output.setColor(' ');&#13;&#10;                }&#13;&#10;                else if(x == 3 &amp;&amp; y == 4) {&#13;&#10;                    output.setColor(' ');&#13;&#10;                }&#13;&#10;                else if(x == 4 &amp;&amp; y == 3)&#13;&#10;                {&#13;&#10;                    output.setColor('w');&#13;&#10;                } else if (checkersBoard.myBoard[x][y].getPieceOnField() != null) {&#13;&#10;                    output.setColor(checkersBoard.myBoard[x][y].getPieceOnField().color);&#13;&#10;                } else {&#13;&#10;                    output.setColor(' ');&#13;&#10;                }&#13;&#10;            }&#13;&#10;            else if (analyzeTestVariable == 3) {&#13;&#10;                if(x == 2 &amp;&amp; y == 3) {&#13;&#10;                    output.setColor(' ');&#13;&#10;                } else if (checkersBoard.myBoard[x][y].getPieceOnField() != null) {&#13;&#10;                    output.setColor(checkersBoard.myBoard[x][y].getPieceOnField().color);&#13;&#10;                } else {&#13;&#10;                    output.setColor(' ');&#13;&#10;                }&#13;&#10;            }&#13;&#10;            else if (analyzeTestVariable == 4) {&#13;&#10;                if(x == 0 &amp;&amp; y == 1) {&#13;&#10;                    output.setColor('w');&#13;&#10;                } else if (checkersBoard.myBoard[x][y].getPieceOnField() != null) {&#13;&#10;                    output.setColor(checkersBoard.myBoard[x][y].getPieceOnField().color);&#13;&#10;                } else {&#13;&#10;                    output.setColor(' ');&#13;&#10;                }&#13;&#10;            }&#13;&#10;            else if (analyzeTestVariable == 5) {&#13;&#10;                if(x == 5 &amp;&amp; y == 4) {&#13;&#10;                    output.setColor(' ');&#13;&#10;                } else if(x == 4 &amp;&amp; y == 3) {&#13;&#10;                    output.setColor('g');&#13;&#10;                } else if (checkersBoard.myBoard[x][y].getPieceOnField() != null) {&#13;&#10;                    output.setColor(checkersBoard.myBoard[x][y].getPieceOnField().color);&#13;&#10;                } else {&#13;&#10;                    output.setColor(' ');&#13;&#10;                }&#13;&#10;            }&#13;&#10;            else if (analyzeTestVariable == 6) {&#13;&#10;                if(x == 5 &amp;&amp; y == 4) {&#13;&#10;                    output.setColor(' ');&#13;&#10;                } else if(x == 6 &amp;&amp; y == 3) {&#13;&#10;                    output.setColor('g');&#13;&#10;                } else if (checkersBoard.myBoard[x][y].getPieceOnField() != null) {&#13;&#10;                    output.setColor(checkersBoard.myBoard[x][y].getPieceOnField().color);&#13;&#10;                } else {&#13;&#10;                    output.setColor(' ');&#13;&#10;                }&#13;&#10;            }&#13;&#10;            else if (analyzeTestVariable == 7) {&#13;&#10;                if(x == 5 &amp;&amp; y == 4) {&#13;&#10;                    output.setColor(' ');&#13;&#10;                } else if(x == 4 &amp;&amp; y == 5) {&#13;&#10;                    output.setColor('g');&#13;&#10;                } else if (checkersBoard.myBoard[x][y].getPieceOnField() != null) {&#13;&#10;                    output.setColor(checkersBoard.myBoard[x][y].getPieceOnField().color);&#13;&#10;                } else {&#13;&#10;                    output.setColor(' ');&#13;&#10;                }&#13;&#10;            }&#13;&#10;            else if (analyzeTestVariable == 8) {&#13;&#10;                if(x == 5 &amp;&amp; y == 4) {&#13;&#10;                    output.setColor(' ');&#13;&#10;                } else if(x == 6 &amp;&amp; y == 5) {&#13;&#10;                    output.setColor('g');&#13;&#10;                } else if (checkersBoard.myBoard[x][y].getPieceOnField() != null) {&#13;&#10;                    output.setColor(checkersBoard.myBoard[x][y].getPieceOnField().color);&#13;&#10;                } else {&#13;&#10;                    output.setColor(' ');&#13;&#10;                }&#13;&#10;            }&#13;&#10;            else if (analyzeTestVariable == 9) {&#13;&#10;                if(x == 5 &amp;&amp; y == 4) {&#13;&#10;                    output.setColor(' ');&#13;&#10;                } else if(x == 4 &amp;&amp; y == 3) {&#13;&#10;                    output.setColor('g');&#13;&#10;                } else if(x == 5 &amp;&amp; y == 2) {&#13;&#10;                    output.setColor(' ');&#13;&#10;                } else if (checkersBoard.myBoard[x][y].getPieceOnField() != null) {&#13;&#10;                    output.setColor(checkersBoard.myBoard[x][y].getPieceOnField().color);&#13;&#10;                } else {&#13;&#10;                    output.setColor(' ');&#13;&#10;                }&#13;&#10;            } else if (analyzeTestVariable == 10) {&#13;&#10;                if(x == 5 &amp;&amp; y == 4) {&#13;&#10;                    output.setColor(' ');&#13;&#10;                } else if(x == 6 &amp;&amp; y == 3) {&#13;&#10;                    output.setColor('g');&#13;&#10;                } else if(x == 5 &amp;&amp; y == 2) {&#13;&#10;                    output.setColor(' ');&#13;&#10;                } else if (checkersBoard.myBoard[x][y].getPieceOnField() != null) {&#13;&#10;                    output.setColor(checkersBoard.myBoard[x][y].getPieceOnField().color);&#13;&#10;                } else {&#13;&#10;                    output.setColor(' ');&#13;&#10;                }&#13;&#10;            } else if (analyzeTestVariable == 11) {&#13;&#10;                if(x == 5 &amp;&amp; y == 4) {&#13;&#10;                    output.setColor(' ');&#13;&#10;                } else if(x == 4 &amp;&amp; y == 5) {&#13;&#10;                    output.setColor('g');&#13;&#10;                } else if(x == 5 &amp;&amp; y == 6) {&#13;&#10;                    output.setColor(' ');&#13;&#10;                } else if (checkersBoard.myBoard[x][y].getPieceOnField() != null) {&#13;&#10;                    output.setColor(checkersBoard.myBoard[x][y].getPieceOnField().color);&#13;&#10;                } else {&#13;&#10;                    output.setColor(' ');&#13;&#10;                }&#13;&#10;            } else if (analyzeTestVariable == 12) {&#13;&#10;                if(x == 5 &amp;&amp; y == 4) {&#13;&#10;                    output.setColor(' ');&#13;&#10;                } else if(x == 6 &amp;&amp; y == 5) {&#13;&#10;                    output.setColor('g');&#13;&#10;                } else if(x == 5 &amp;&amp; y == 6) {&#13;&#10;                    output.setColor(' ');&#13;&#10;                } else if (checkersBoard.myBoard[x][y].getPieceOnField() != null) {&#13;&#10;                    output.setColor(checkersBoard.myBoard[x][y].getPieceOnField().color);&#13;&#10;                } else {&#13;&#10;                    output.setColor(' ');&#13;&#10;                }&#13;&#10;            } else if (analyzeTestVariable == 13) {&#13;&#10;                if(x == 4 &amp;&amp; y == 1) {&#13;&#10;                    output.setColor(' ');&#13;&#10;                } else if(x == 3 &amp;&amp; y == 0) {&#13;&#10;                    output.setColor('w');&#13;&#10;                } else if (checkersBoard.myBoard[x][y].getPieceOnField() != null) {&#13;&#10;                    output.setColor(checkersBoard.myBoard[x][y].getPieceOnField().color);&#13;&#10;                } else {&#13;&#10;                    output.setColor(' ');&#13;&#10;                }&#13;&#10;            } else if (analyzeTestVariable == 14) {&#13;&#10;                if(x == 2 &amp;&amp; y == 7) {&#13;&#10;                    output.setColor('b');&#13;&#10;                } else if (checkersBoard.myBoard[x][y].getPieceOnField() != null) {&#13;&#10;                    output.setColor(checkersBoard.myBoard[x][y].getPieceOnField().color);&#13;&#10;                } else {&#13;&#10;                    output.setColor(' ');&#13;&#10;                }&#13;&#10;            }&#13;&#10;        }&#13;&#10;        &#13;&#10;        return output;&#13;&#10;    }&#13;&#10;&#13;&#10;}&#13;&#10;" Filename="RemoteNXTFunctions.java" Intrnl_Id="1"/>
<SrcFile Content="package com.OriginalFiles;&#13;&#10;&#13;&#10;public class Piece {&#13;&#10;    private int x = -1, y = -1;&#13;&#10;    public char color;&#13;&#10;    public boolean isMoveable = false;&#13;&#10;    public boolean canJump = false;&#13;&#10;    public boolean isCrowned = false;&#13;&#10;    private double currentValue = 0;&#13;&#10;    private int calculatedGameState = 0;&#13;&#10;    private final int isMidgame = 1;&#13;&#10;    private final int isEndgame = 2;&#13;&#10;    private Board checkersBoard;&#13;&#10;&#13;&#10;    private final int valueOfPiece = 10;&#13;&#10;    private final int middleBonus = 3;&#13;&#10;    private final int closeBonus = 4;&#13;&#10;    private final int backlineBonus = 7;&#13;&#10;    private final int kingBonus = 15;&#13;&#10;&#13;&#10;    public Piece(Board input) {&#13;&#10;        checkersBoard = input;&#13;&#10;    }&#13;&#10;&#13;&#10;    public final int getY() {&#13;&#10;        return y;&#13;&#10;    }&#13;&#10;&#13;&#10;    public final int getX() {&#13;&#10;        return x;&#13;&#10;    }&#13;&#10;&#13;&#10;    public final void setXY(int inputX, int inputY) {&#13;&#10;        x = inputX;&#13;&#10;        y = inputY;&#13;&#10;        updatePriceMidgame();&#13;&#10;    }&#13;&#10;&#13;&#10;    private boolean isOnBoard() {&#13;&#10;        if (checkersBoard.checkBounds(x, y)) {&#13;&#10;            return true;&#13;&#10;        } else {&#13;&#10;            currentValue = 0;&#13;&#10;            return false;&#13;&#10;        }&#13;&#10;    }&#13;&#10;&#13;&#10;    public final double priceForPiece(int gameState) {&#13;&#10;        if (calculatedGameState != gameState || gameState == isEndgame) {&#13;&#10;                updatePrice(gameState);&#13;&#10;        }&#13;&#10;        return currentValue;&#13;&#10;    }&#13;&#10;&#13;&#10;    private int min(int a, int b) {&#13;&#10;        if (a &lt; b) {&#13;&#10;            return a;&#13;&#10;        }&#13;&#10;        return b;&#13;&#10;    }&#13;&#10;&#13;&#10;    private void updatePriceMidgame() {&#13;&#10;        updatePrice(isMidgame);&#13;&#10;    }&#13;&#10;&#13;&#10;    private void updatePrice(int gameState) {&#13;&#10;        if (isOnBoard()) {&#13;&#10;            calculatedGameState = gameState;&#13;&#10;            int returnValue = valueOfPiece;&#13;&#10;            if (gameState == isMidgame) {&#13;&#10;                returnValue += middleBonus&#13;&#10;                        - min(Math.abs(3 - x), Math.abs(4 - x));&#13;&#10;            }&#13;&#10;            if (gameState == isEndgame) {&#13;&#10;                returnValue += closeBonus - closestPiece();&#13;&#10;            }&#13;&#10;&#13;&#10;            if (!isCrowned&#13;&#10;                    &amp;&amp; ((checkersBoard.checkAllegiance(this, true)&#13;&#10;                            &amp;&amp; y == 7)&#13;&#10;                    || (checkersBoard.checkAllegiance(this, false)&#13;&#10;                            &amp;&amp; y == 0))) {&#13;&#10;                if (gameState == isMidgame) {&#13;&#10;                    returnValue += backlineBonus / 2;&#13;&#10;                }&#13;&#10;                returnValue += backlineBonus / 2;&#13;&#10;            }&#13;&#10;            if (isCrowned) {&#13;&#10;                returnValue += kingBonus;&#13;&#10;            }&#13;&#10;            currentValue = returnValue;&#13;&#10;        }&#13;&#10;    }&#13;&#10;&#13;&#10;    private int closestPiece() {&#13;&#10;        boolean found = false;&#13;&#10;        int distance = 0;&#13;&#10;        while (!found &amp;&amp; distance &lt; 8) {&#13;&#10;            distance += 1;&#13;&#10;            OUTERMOST: for (int i = -distance; i &lt; 1 + distance; i++) {&#13;&#10;                for (int j = -distance; j &lt; 1 + distance; j++) {&#13;&#10;                    if (checkersBoard.&#13;&#10;                            checkBounds(x + i, y + j)) {&#13;&#10;                        if (checkersBoard.checkAllegiance(&#13;&#10;                                checkersBoard.&#13;&#10;                                myBoard[x + i][y + j], true)) {&#13;&#10;                            found = true;&#13;&#10;                            break OUTERMOST;&#13;&#10;                        }&#13;&#10;                    }&#13;&#10;                }&#13;&#10;            }&#13;&#10;        }&#13;&#10;        return distance;&#13;&#10;    }&#13;&#10;}" Filename="Piece.java" Intrnl_Id="2"/>
<SrcFile Content="package com.OriginalFiles;&#13;&#10;&#13;&#10;import java.util.ArrayList;&#13;&#10;import java.util.List;&#13;&#10;&#13;&#10;public class Move {&#13;&#10;    public List&lt;Field&gt; moves;&#13;&#10;    //public boolean isJump;&#13;&#10;    public List&lt;Piece&gt; takenPieces = new ArrayList&lt;Piece&gt;();&#13;&#10;    public boolean wasKingBefore = false;&#13;&#10;&#13;&#10;    public Move(Field movefrom, Field moveto, boolean wasKing) {&#13;&#10;        List&lt;Field&gt; moveToList = new ArrayList&lt;Field&gt;();&#13;&#10;        moveToList.add(movefrom);&#13;&#10;        moveToList.add(moveto);&#13;&#10;        this.moves = moveToList;&#13;&#10;        this.wasKingBefore = wasKing;&#13;&#10;    }&#13;&#10;&#13;&#10;    public Move(List&lt;Field&gt; moveToList, boolean wasKing) {&#13;&#10;        this.moves = moveToList;&#13;&#10;        this.wasKingBefore = wasKing;&#13;&#10;    }&#13;&#10;&#13;&#10;    public Move() {&#13;&#10;        List&lt;Field&gt; moveToList = new ArrayList&lt;Field&gt;();&#13;&#10;        this.moves = moveToList;&#13;&#10;    }&#13;&#10;&#13;&#10;    public final boolean isJump() {&#13;&#10;        if (moves.size() &gt;= 2) {&#13;&#10;            Field to = moves.get(1);&#13;&#10;            Field from  = moves.get(0);&#13;&#10;&#13;&#10;            return Math.abs(from.x - to.x) == 2 &amp;&amp; Math.abs(from.y - to.y) == 2;&#13;&#10;        } else {&#13;&#10;            return false;&#13;&#10;        }&#13;&#10;    }&#13;&#10;&#13;&#10;    public final void addStep(Field step) {&#13;&#10;        this.moves.add(step);&#13;&#10;    }&#13;&#10;}&#13;&#10;&#13;&#10;" Filename="Move.java" Intrnl_Id="3"/>
<SrcFile Content="package com.OriginalFiles;&#13;&#10;&#13;&#10;import java.io.IOException;&#13;&#10;import java.util.ArrayList;&#13;&#10;import java.util.List;&#13;&#10;import custom.Exceptions.NoKingLeft;&#13;&#10;&#13;&#10;public class MI {&#13;&#10;    public RemoteNXTFunctions remoteNXT;&#13;&#10;    private final double inf = 100000.0;&#13;&#10;    private List&lt;Move&gt; simulatedMoves = new ArrayList&lt;Move&gt;();&#13;&#10;    public MI(RemoteNXTFunctions inputRemoteNXT) {&#13;&#10;        remoteNXT = inputRemoteNXT;&#13;&#10;        updatePieceList();&#13;&#10;&#13;&#10;    }&#13;&#10;&#13;&#10;    List&lt;Piece&gt; ownPieces = new ArrayList&lt;Piece&gt;();&#13;&#10;    List&lt;Piece&gt; oppPieces = new ArrayList&lt;Piece&gt;();&#13;&#10;&#13;&#10;    private void updatePieceList() {&#13;&#10;        ownPieces.clear();&#13;&#10;        oppPieces.clear();&#13;&#10;        for (Field[] f: remoteNXT.checkersBoard.myBoard) {&#13;&#10;            for (Field q: f) {&#13;&#10;                if (!q.isEmpty()) {&#13;&#10;                    if (remoteNXT.checkersBoard.checkAllegiance(q, false)) {&#13;&#10;                        ownPieces.add(q.getPieceOnField());&#13;&#10;                    } else {&#13;&#10;                        oppPieces.add(q.getPieceOnField());&#13;&#10;                    }&#13;&#10;                }&#13;&#10;            }&#13;&#10;        }&#13;&#10;    }&#13;&#10;&#13;&#10;    /* ------------------------------------------------------------------  *&#13;&#10;    /* MI brain starts */&#13;&#10;&#13;&#10;    public final Move lookForBestMove() throws NoKingLeft, IOException,&#13;&#10;                                         InterruptedException {&#13;&#10;        updatePieceList();&#13;&#10;        List&lt;Move&gt; posMoves = possibleMoves(1);&#13;&#10;        List&lt;Move&gt; bestMoves = new ArrayList&lt;Move&gt;();&#13;&#10;        double price = -inf;&#13;&#10;        double tempPrice;&#13;&#10;&#13;&#10;        if (posMoves.size() == 1) {&#13;&#10;            return posMoves.get(0);&#13;&#10;        }&#13;&#10;&#13;&#10;        for (Move move : posMoves) {&#13;&#10;            simulateMove(move);&#13;&#10;&#13;&#10;            tempPrice =  -negaMax(numberofmovelook, -1, -inf, -price);&#13;&#10;            revertMove();&#13;&#10;&#13;&#10;            if (tempPrice &gt; price) {&#13;&#10;                price = tempPrice;&#13;&#10;                bestMoves.clear();&#13;&#10;                bestMoves.add(move);&#13;&#10;            } else if (tempPrice == price) {&#13;&#10;                bestMoves.add(move);&#13;&#10;            }&#13;&#10;        }&#13;&#10;        return bestMoves.get((int) (Math.random() * (bestMoves.size() - 1)));&#13;&#10;    }&#13;&#10;&#13;&#10;&#13;&#10;    private double negaMax(int depth, int turn, double alpha, double beta)&#13;&#10;            throws NoKingLeft, IOException, InterruptedException {&#13;&#10;      //latex start negaMax&#13;&#10;        if (depth == 0&#13;&#10;                || remoteNXT.checkersBoard.analyzeFunctions.&#13;&#10;                gameHasEnded(-1 == turn) != 0) {&#13;&#10;            return turn * evaluation(turn);&#13;&#10;        }&#13;&#10;        List&lt;Move&gt; moves;&#13;&#10;        moves = possibleMoves(turn);&#13;&#10;&#13;&#10;        double bestValue = -inf;&#13;&#10;        for (Move move : moves) {&#13;&#10;            simulateMove(move);&#13;&#10;            double newPrice = -negaMax(depth - 1, -turn, -beta, -alpha);&#13;&#10;            revertMove();&#13;&#10;&#13;&#10;            bestValue = max(bestValue, newPrice);&#13;&#10;            alpha = max(alpha, newPrice);&#13;&#10;            if (alpha &gt;= beta) {&#13;&#10;                break;&#13;&#10;            }&#13;&#10;        }&#13;&#10;        //latex end&#13;&#10;        return bestValue;&#13;&#10;    }&#13;&#10;    /* how much the AI/MI looks forward */&#13;&#10;    private int numberofmovelook = 2;&#13;&#10;&#13;&#10;    /* how glad the MI/AI are for the result of the game */&#13;&#10;    private double gameIsWon = inf / 2;&#13;&#10;    private final int gameIsDraw = 50;&#13;&#10;&#13;&#10;    private final int pieceDifferenceFactor = 4;&#13;&#10;&#13;&#10;    private final int isMidgame = 1;&#13;&#10;    private final int isEndgame = 2;&#13;&#10;    private final int midgameEnd = 7;&#13;&#10;&#13;&#10;    private double evaluation(int turn) {&#13;&#10;        double valueOfBoard = 0;&#13;&#10;&#13;&#10;        int state = gameState();&#13;&#10;&#13;&#10;        for (int i = 0; i &lt; ownPieces.size(); i++) {&#13;&#10;            valueOfBoard += ownPieces.get(i).priceForPiece(state);&#13;&#10;        }&#13;&#10;        for (int i = 0; i &lt; oppPieces.size(); i++) {&#13;&#10;            valueOfBoard -= oppPieces.get(i).priceForPiece(state);&#13;&#10;        }&#13;&#10;&#13;&#10;        boolean isHuman = (turn == -1);&#13;&#10;&#13;&#10;        switch (remoteNXT.checkersBoard.&#13;&#10;                analyzeFunctions.gameHasEnded(isHuman)) {&#13;&#10;        case 1:&#13;&#10;            valueOfBoard -= gameIsWon;&#13;&#10;            break;&#13;&#10;        case 2:&#13;&#10;            valueOfBoard += gameIsWon;&#13;&#10;            break;&#13;&#10;        case 3:&#13;&#10;            valueOfBoard += gameIsDraw;&#13;&#10;            break;&#13;&#10;        default:&#13;&#10;            valueOfBoard +=  pieceDifferenceFactor&#13;&#10;            * ((ownPieces.size() / oppPieces.size()) - 1);&#13;&#10;            break;&#13;&#10;        }&#13;&#10;&#13;&#10;        return valueOfBoard;&#13;&#10;    }&#13;&#10;&#13;&#10;    private int gameState() {&#13;&#10;        if (max(ownPieces.size(), oppPieces.size()) &gt;= midgameEnd) {&#13;&#10;            return isMidgame;&#13;&#10;        }&#13;&#10;        return isEndgame;&#13;&#10;    }&#13;&#10;&#13;&#10;    private double max(double x, double y) {&#13;&#10;        if (x &lt; y) {&#13;&#10;            return y;&#13;&#10;        }&#13;&#10;        return x;&#13;&#10;    }&#13;&#10;&#13;&#10;&#13;&#10;    /* MI brain stops */&#13;&#10;    /* ---------------------------------------------------------------------  */&#13;&#10;&#13;&#10;    private void simulateMove(Move move) throws NoKingLeft, IOException {&#13;&#10;        if (move.moves.size() &gt;= 2) {&#13;&#10;            int stop = move.moves.size() - 1;&#13;&#10;            for (int i = 0; i &lt; stop; i++) {&#13;&#10;                Field from = move.moves.get(i);&#13;&#10;                Field to = move.moves.get(i + 1);&#13;&#10;&#13;&#10;                if (Math.abs(from.x - to.x) == 2) {&#13;&#10;                    Piece takenPiece = remoteNXT.checkersBoard.myBoard&#13;&#10;                            [(from.x + to.x) / 2]&#13;&#10;                            [(from.y + to.y) / 2].getPieceOnField();&#13;&#10;                    if (remoteNXT.checkersBoard.&#13;&#10;                            checkAllegiance(takenPiece, true)) {&#13;&#10;                        oppPieces.remove(takenPiece);&#13;&#10;                    } else {&#13;&#10;                        ownPieces.remove(takenPiece);&#13;&#10;                    }&#13;&#10;                    move.takenPieces.add(takenPiece);&#13;&#10;                    remoteNXT.checkersBoard.myBoard&#13;&#10;                            [(from.x + to.x) / 2]&#13;&#10;                            [(from.y + to.y) / 2].setPieceOnField(null);&#13;&#10;                }&#13;&#10;                remoteNXT.checkersBoard.&#13;&#10;                    movePieceInRepresentation(from, to, true);&#13;&#10;            }&#13;&#10;            simulatedMoves.add(move);&#13;&#10;        }&#13;&#10;    }&#13;&#10;&#13;&#10;    private void revertMove() throws NoKingLeft, IOException {&#13;&#10;&#13;&#10;        if (simulatedMoves.size() != 0) {&#13;&#10;            Move temp = simulatedMoves.get(simulatedMoves.size() - 1);&#13;&#10;            simulatedMoves.remove(simulatedMoves.size() - 1);&#13;&#10;&#13;&#10;            int stop = temp.moves.size() - 1;&#13;&#10;            Field tempMove = null;&#13;&#10;&#13;&#10;            for (int j = stop; j &gt;= 1; j--) {&#13;&#10;                tempMove = temp.moves.get(j);&#13;&#10;                if (!tempMove.isEmpty()) {&#13;&#10;                    if (tempMove.getPieceOnField().isCrowned&#13;&#10;                            &amp;&amp; !temp.wasKingBefore) {&#13;&#10;                        if (remoteNXT.checkersBoard.&#13;&#10;                                checkAllegiance(tempMove, true)) {&#13;&#10;                            tempMove.getPieceOnField().color =&#13;&#10;                                   remoteNXT.checkersBoard.opponentPeasentColor;&#13;&#10;                        } else if (remoteNXT.checkersBoard.&#13;&#10;                                checkAllegiance(tempMove, false)) {&#13;&#10;                            tempMove.getPieceOnField().color =&#13;&#10;                                    remoteNXT.checkersBoard.myPeasentColor;&#13;&#10;                        }&#13;&#10;                        tempMove.getPieceOnField().isCrowned = false;&#13;&#10;                    }&#13;&#10;                }&#13;&#10;                remoteNXT.checkersBoard.movePieceInRepresentation(&#13;&#10;                        tempMove, temp.moves.get(j - 1), true);&#13;&#10;            }&#13;&#10;&#13;&#10;            stop = temp.takenPieces.size();&#13;&#10;&#13;&#10;            for (int i = 0; i &lt; stop; i++) {&#13;&#10;                Piece tempPiece = temp.takenPieces.get(i);&#13;&#10;                if (remoteNXT.checkersBoard.checkAllegiance(tempPiece, true)) {&#13;&#10;                    oppPieces.add(tempPiece);&#13;&#10;                } else {&#13;&#10;                    ownPieces.add(tempPiece);&#13;&#10;                }&#13;&#10;                remoteNXT.checkersBoard.myBoard&#13;&#10;                    [tempPiece.getX()][tempPiece.getY()].&#13;&#10;                    setPieceOnField(tempPiece);&#13;&#10;            }&#13;&#10;        }&#13;&#10;    }&#13;&#10;&#13;&#10;    //-1 = human, 1 = robot&#13;&#10;    private List&lt;Move&gt; possibleMoves(int moveForSide) throws&#13;&#10;                    InterruptedException, IOException, NoKingLeft {&#13;&#10;        List&lt;Move&gt; jumpMovements = new ArrayList&lt;Move&gt;();&#13;&#10;        List&lt;Move&gt; movements = new ArrayList&lt;Move&gt;();&#13;&#10;        remoteNXT.checkersBoard.updateMoveables();&#13;&#10;        for (Field[] f : remoteNXT.checkersBoard.myBoard) {&#13;&#10;            for (Field field : f) {&#13;&#10;                if (!field.isEmpty()) {&#13;&#10;                    if (field.getPieceOnField().isMoveable&#13;&#10;                            &amp;&amp; remoteNXT.checkersBoard.&#13;&#10;                            checkAllegiance(field, moveForSide == -1)) {&#13;&#10;                        //Jumps&#13;&#10;                        if (field.getPieceOnField().canJump) {&#13;&#10;                            List&lt;List&lt;Field&gt;&gt; listOfMoves =&#13;&#10;                                    remoteNXT.checkersBoard.&#13;&#10;                                    analyzeFunctions.jumpSequence(&#13;&#10;                                            field, moveForSide == 1,&#13;&#10;                                            field.getPieceOnField().isCrowned);&#13;&#10;&#13;&#10;                            for (List&lt;Field&gt; stackOfFields : listOfMoves) {&#13;&#10;                                if (stackOfFields.size() &gt;= 2) {&#13;&#10;                                    jumpMovements.add(new Move(stackOfFields,&#13;&#10;                                            field.getPieceOnField().isCrowned));&#13;&#10;                                }&#13;&#10;                            }&#13;&#10;                        } else {  // Moves&#13;&#10;                            List&lt;Field&gt; possibleMoves =&#13;&#10;                                    remoteNXT.checkersBoard.&#13;&#10;                                    checkMoveable(field, moveForSide);&#13;&#10;                            //Simple moves&#13;&#10;                            if (!possibleMoves.isEmpty()) {&#13;&#10;                                for (Field posField : possibleMoves) {&#13;&#10;                                    Move movement = new Move(field, posField,&#13;&#10;                                            field.getPieceOnField().isCrowned);&#13;&#10;                                    movements.add(movement);&#13;&#10;                                }&#13;&#10;                            }&#13;&#10;                        }&#13;&#10;                    }&#13;&#10;                }&#13;&#10;            }&#13;&#10;        }&#13;&#10;&#13;&#10;        if (jumpMovements.size() != 0) {&#13;&#10;            return jumpMovements;&#13;&#10;        } else {&#13;&#10;            return movements;&#13;&#10;        }&#13;&#10;    }&#13;&#10;}&#13;&#10;" Filename="MI.java" Intrnl_Id="4"/>
<SrcFile Content="package com.OriginalFiles;&#13;&#10;&#13;&#10;public class Field {&#13;&#10;    //allowedField determines if is an allowed field to play on (a black field)&#13;&#10;    public boolean allowedField;&#13;&#10;    public boolean visited = false;&#13;&#10;    public int x;&#13;&#10;    public int y;&#13;&#10;    private Piece pieceOnField = null;&#13;&#10;    public Field() { };&#13;&#10;    public Field(int inputx, int inputy) {&#13;&#10;        x = inputx;&#13;&#10;        y = inputy;&#13;&#10;    }&#13;&#10;&#13;&#10;    //Get and Set to access to private variable pieceOnField.&#13;&#10;    //Updates the coordinates of an piece when assigned to a field.&#13;&#10;    public final void setPieceOnField(Piece inputPiece) {&#13;&#10;        pieceOnField = inputPiece;&#13;&#10;        if (!isEmpty()) {&#13;&#10;            pieceOnField.setXY(x, y);&#13;&#10;        }&#13;&#10;    }&#13;&#10;&#13;&#10;    public final Piece getPieceOnField() {&#13;&#10;        return pieceOnField;&#13;&#10;    }&#13;&#10;&#13;&#10;    //A field is empty, if no piece is assigned to it.&#13;&#10;    public final boolean isEmpty() {&#13;&#10;        return (pieceOnField == null);&#13;&#10;    }&#13;&#10;&#13;&#10;    //Returns true if there is a piece on the field,&#13;&#10;    //and the piece is of the given color.&#13;&#10;    public final boolean isPieceOfColor(char input) {&#13;&#10;        if (isEmpty()) {&#13;&#10;            return false;&#13;&#10;        } else {&#13;&#10;            return (pieceOnField.color == input);&#13;&#10;        }&#13;&#10;    }&#13;&#10;&#13;&#10;    //Empty the field, by un-assigning the piece of the field.&#13;&#10;    public final void emptyThisField() {&#13;&#10;        pieceOnField = null;&#13;&#10;    }&#13;&#10;}&#13;&#10;" Filename="Field.java" Intrnl_Id="5"/>
<SrcFile Content="package com.OriginalFiles;&#13;&#10;&#13;&#10;public class Communication {&#13;&#10;&#13;&#10;    public Communication(RemoteNXTFunctions remoteFunc) {&#13;&#10;        // TODO Auto-generated constructor stub&#13;&#10;    }&#13;&#10;&#13;&#10;    public void myKingNotPlaced() {&#13;&#10;        // TODO Auto-generated method stub&#13;&#10;        &#13;&#10;    }&#13;&#10;&#13;&#10;    public void humanWon() {&#13;&#10;        // TODO Auto-generated method stub&#13;&#10;        &#13;&#10;    }&#13;&#10;&#13;&#10;    public void robotWon() {&#13;&#10;        // TODO Auto-generated method stub&#13;&#10;        &#13;&#10;    }&#13;&#10;&#13;&#10;    public void draw() {&#13;&#10;        // TODO Auto-generated method stub&#13;&#10;        &#13;&#10;    }&#13;&#10;&#13;&#10;}&#13;&#10;" Filename="Communication.java" Intrnl_Id="6"/>
<SrcFile Content="package com.OriginalFiles;&#13;&#10;&#13;&#10;import java.io.IOException;&#13;&#10;import java.util.ArrayList;&#13;&#10;import java.util.List;&#13;&#10;import custom.Exceptions.NoKingLeft;&#13;&#10;&#13;&#10;public class Board {&#13;&#10;&#13;&#10;    public Field[][] myBoard = new Field[8][8];&#13;&#10;    public Field[] kingPlace = new Field[8];&#13;&#10;    public Field[] oppKingPlace = new Field[8];&#13;&#10;    public Field[][] trashPlace = new Field[8][3];&#13;&#10;    public Field[][] oppTrashPlace = new Field[8][2];&#13;&#10;    public Analyze analyzeFunctions;&#13;&#10;&#13;&#10;    public Communication informer;&#13;&#10;&#13;&#10;    char myPeasentColor, myKingColor, opponentPeasentColor, opponentKingColor;&#13;&#10;&#13;&#10;    public Board(RemoteNXTFunctions remoteFunc)&#13;&#10;            throws InterruptedException, IOException {&#13;&#10;        informer = new Communication(remoteFunc);&#13;&#10;        analyzeFunctions = new Analyze(this, remoteFunc);&#13;&#10;        analyzeFunctions.findMyColors();&#13;&#10;        findOpponentColors();&#13;&#10;&#13;&#10;        int x, y;&#13;&#10;&#13;&#10;        //Create the 8 times 8 board&#13;&#10;        for (x = 0; x &lt; 8; x++) {&#13;&#10;            for (y = 0; y &lt; 8; y++) {&#13;&#10;                Field temp = new Field();&#13;&#10;                temp.x = x;&#13;&#10;                temp.y = y;&#13;&#10;&#13;&#10;                //Every second field is an allowed field&#13;&#10;                //latex start ConstructorLoop&#13;&#10;                if ((x + y) % 2 == 1) {&#13;&#10;                    temp.allowedField = true;&#13;&#10;                    Piece pieceOnBoard = null;&#13;&#10;                    if (y &lt; 3) {&#13;&#10;                        pieceOnBoard = new Piece(this);&#13;&#10;                        pieceOnBoard.color = myPeasentColor;&#13;&#10;&#13;&#10;                        //Every piece on the front line of each player&#13;&#10;                        //is moveable from the start&#13;&#10;                        if (y == 2) {&#13;&#10;                            pieceOnBoard.isMoveable = true;&#13;&#10;                        }&#13;&#10;                    }&#13;&#10;                    //latex end&#13;&#10;&#13;&#10;                    if (y &gt; 4) {&#13;&#10;                        pieceOnBoard = new Piece(this);&#13;&#10;                        pieceOnBoard.color = opponentPeasentColor;&#13;&#10;                        if (y == 5) {&#13;&#10;                            pieceOnBoard.isMoveable = true;&#13;&#10;                        }&#13;&#10;                    }&#13;&#10;                    temp.setPieceOnField(pieceOnBoard);&#13;&#10;                } else {&#13;&#10;                    temp.allowedField = false;&#13;&#10;                }&#13;&#10;                myBoard[x][y] = temp;&#13;&#10;            }&#13;&#10;        }&#13;&#10;&#13;&#10;        //Set the location of the human players king pieces&#13;&#10;        //And Trashfield&#13;&#10;        //latex start ConstructorKing&#13;&#10;        for (int i = 0; i &lt; 8; i++) {&#13;&#10;            Field temp = new Field();&#13;&#10;            temp.x = i;&#13;&#10;            temp.y = -2;&#13;&#10;            Piece tempPiece = new Piece(this);&#13;&#10;            tempPiece.color = opponentKingColor;&#13;&#10;            tempPiece.isCrowned = true;&#13;&#10;            temp.setPieceOnField(tempPiece);&#13;&#10;            kingPlace[i] = temp;&#13;&#10;        }&#13;&#10;        for (int i = 0; i &lt; 8; i++) {&#13;&#10;            Field temp = new Field();&#13;&#10;            temp.x = i;&#13;&#10;            temp.y = 9;&#13;&#10;            Piece tempPiece = new Piece(this);&#13;&#10;            tempPiece.color = myKingColor;&#13;&#10;            tempPiece.isCrowned = true;&#13;&#10;            temp.setPieceOnField(tempPiece);&#13;&#10;            oppKingPlace[i] = temp;&#13;&#10;        }&#13;&#10;        //latex end&#13;&#10;        for (int j = 0; j &lt; 3; j++) {&#13;&#10;            for (int i = 0; i &lt; 8; i++) {&#13;&#10;                Field temp = new Field();&#13;&#10;                temp.x = i;&#13;&#10;                temp.y = -3 - j;&#13;&#10;                trashPlace[i][j] = temp;&#13;&#10;            }&#13;&#10;        }&#13;&#10;&#13;&#10;        for (int j = 0; j &lt; 2; j++) {&#13;&#10;            for (int i = 0; i &lt; 8; i++) {&#13;&#10;                Field temp = new Field();&#13;&#10;                temp.x = i;&#13;&#10;                temp.y = 10 + j;&#13;&#10;                oppTrashPlace[i][j] = temp;&#13;&#10;            }&#13;&#10;        }&#13;&#10;    }&#13;&#10;&#13;&#10;    public final void resetVisited() {&#13;&#10;        for (Field[] f : myBoard) {&#13;&#10;            for (Field field : f) {&#13;&#10;                field.visited = false;&#13;&#10;            }&#13;&#10;        }&#13;&#10;    }&#13;&#10;&#13;&#10;    //Sorts the list of fields to search to minimize robot movement&#13;&#10;    public final void sortListOfFields(List&lt;Field&gt; listOfFields) {&#13;&#10;        int x = 0;&#13;&#10;        int y = 0;&#13;&#10;        int sizeOflistOfFields = listOfFields.size();&#13;&#10;        for (int i = 0; i &lt; sizeOflistOfFields; i++) {&#13;&#10;            for (int n = i + 1; n &lt; sizeOflistOfFields; n++) {&#13;&#10;                if (!isGreater(listOfFields.get(i),&#13;&#10;                        listOfFields.get(n), x, y)) {&#13;&#10;                    Field temp1 = listOfFields.get(i);&#13;&#10;                    Field temp2 = listOfFields.get(n);&#13;&#10;                    listOfFields.remove(n);&#13;&#10;                    listOfFields.remove(i);&#13;&#10;                    listOfFields.add(i, temp2);&#13;&#10;                    listOfFields.add(n, temp1);&#13;&#10;                }&#13;&#10;            }&#13;&#10;            x = listOfFields.get(i).x;&#13;&#10;            y = listOfFields.get(i).y;&#13;&#10;        }&#13;&#10;    }&#13;&#10;&#13;&#10;    //Method to used in sorting the list of places to move the robot&#13;&#10;    public final boolean isGreater(Field inputField,&#13;&#10;            Field fieldToCompare, int compX, int compY) {&#13;&#10;        //Check jumps to be crowned first&#13;&#10;        if (inputField.getPieceOnField().canJump&#13;&#10;                &amp;&amp; !inputField.getPieceOnField().isCrowned&#13;&#10;                &amp;&amp; inputField.getPieceOnField().color == opponentPeasentColor&#13;&#10;                &amp;&amp; inputField.getPieceOnField().getY() == 2) {&#13;&#10;            return true;&#13;&#10;        } else if (inputField.getPieceOnField().canJump&#13;&#10;                &amp;&amp; !fieldToCompare.getPieceOnField().canJump) {&#13;&#10;            return true;&#13;&#10;        } else if (fieldToCompare.getPieceOnField().canJump&#13;&#10;                &amp;&amp; !inputField.getPieceOnField().canJump) {&#13;&#10;            return false;&#13;&#10;        } else {&#13;&#10;            if (inputField.y == 1 &amp;&amp; fieldToCompare.y != 1&#13;&#10;                    &amp;&amp; !inputField.getPieceOnField().isCrowned) {&#13;&#10;                return true;&#13;&#10;            } else if (fieldToCompare.y == 1 &amp;&amp; inputField.y != 1&#13;&#10;                    &amp;&amp; !fieldToCompare.getPieceOnField().isCrowned) {&#13;&#10;                return false;&#13;&#10;            } else {&#13;&#10;                if (distance(inputField, compX, compY)&#13;&#10;                    &gt; distance(fieldToCompare, compX, compY)) {&#13;&#10;                    return false;&#13;&#10;                } else if (distance(inputField, compX, compY)&#13;&#10;                           &lt; distance(fieldToCompare, compX, compY)) {&#13;&#10;                    return true;&#13;&#10;                } else {&#13;&#10;                    return (inputField.y &lt; fieldToCompare.y);&#13;&#10;                }&#13;&#10;            }&#13;&#10;        }&#13;&#10;    }&#13;&#10;&#13;&#10;    private int distance(Field inputField, int x, int y) {&#13;&#10;        return Math.abs(inputField.x - x) + Math.abs(inputField.y - y);&#13;&#10;    }&#13;&#10;&#13;&#10;    public final boolean verifyCorrectMove(Field field) throws&#13;&#10;    InterruptedException, IOException {&#13;&#10;        if (checkAllegiance(field, true)) {&#13;&#10;            if (field.getPieceOnField().isMoveable) {&#13;&#10;                return !(isFieldEmptyOnBoard(field.x, field.y));&#13;&#10;            }&#13;&#10;        }&#13;&#10;        return true;&#13;&#10;    }&#13;&#10;&#13;&#10;    public final boolean peasentIsOnEndRow(Field field) {&#13;&#10;        if (!field.isEmpty()) {&#13;&#10;            int checkRow;&#13;&#10;            if (checkAllegiance(field, true)) {&#13;&#10;                checkRow = 0;&#13;&#10;            } else {&#13;&#10;                checkRow = 7;&#13;&#10;            }&#13;&#10;&#13;&#10;            if (field.y == checkRow &amp;&amp; !field.getPieceOnField().isCrowned) {&#13;&#10;                return true;&#13;&#10;            }&#13;&#10;        }&#13;&#10;        return false;&#13;&#10;    }&#13;&#10;&#13;&#10;    //Moves a piece in the board representation&#13;&#10;    public final void movePieceInRepresentation(Field fromField, int toFieldX,&#13;&#10;            int toFieldY, boolean isSimulated) throws NoKingLeft, IOException {&#13;&#10;        movePieceInRepresentation(fromField,&#13;&#10;                myBoard[toFieldX][toFieldY], isSimulated);&#13;&#10;    }&#13;&#10;    //latex start movePieceInRepresentation&#13;&#10;    public final void movePieceInRepresentation(Field fromField,&#13;&#10;            Field toField, boolean isSimulated) throws NoKingLeft, IOException {&#13;&#10;        toField.setPieceOnField(fromField.getPieceOnField());&#13;&#10;        fromField.emptyThisField();&#13;&#10;        if (checkBounds(toField.x, toField.y)) {&#13;&#10;            analyzeFunctions.checkForUpgradeKing(&#13;&#10;                    toField, isSimulated);&#13;&#10;        }&#13;&#10;        //latex end&#13;&#10;    }&#13;&#10;&#13;&#10;    //Check if field has been occupied&#13;&#10;    public final boolean checkMoveDirection(Field field,&#13;&#10;            int directX, int directY) throws InterruptedException, IOException {&#13;&#10;        return (!fieldOccupied(field.x + directX, field.y + directY)&#13;&#10;            &amp;&amp; !this.isFieldEmptyOnBoard(field.x + directX, field.y + directY));&#13;&#10;    }&#13;&#10;&#13;&#10;    public final boolean isFieldEmptyOnBoard(int x, int y)&#13;&#10;            throws InterruptedException, IOException {&#13;&#10;        if (checkBounds(x, y)) {&#13;&#10;            char color = analyzeFunctions.getColor(x, y);&#13;&#10;&#13;&#10;            return color == ' ';&#13;&#10;        } else {&#13;&#10;            return false;&#13;&#10;        }&#13;&#10;    }&#13;&#10;&#13;&#10;    public final boolean fieldOccupied(int x, int y) {&#13;&#10;        if (checkBounds(x, y)) {&#13;&#10;            return !myBoard[x][y].isEmpty();&#13;&#10;        } else {&#13;&#10;            return true;&#13;&#10;        }&#13;&#10;    }&#13;&#10;&#13;&#10;    //Check if a piece can move and is jumpable&#13;&#10;    //latex start checkPiece&#13;&#10;    private void checkPiece(Field field, int dify, boolean checkForOpponent) {&#13;&#10;        field.getPieceOnField().canJump = checkJump(field,&#13;&#10;                checkForOpponent, field.getPieceOnField().isCrowned);&#13;&#10;&#13;&#10;        if (field.getPieceOnField().canJump) {&#13;&#10;            field.getPieceOnField().isMoveable = true;&#13;&#10;        } else {&#13;&#10;            field.getPieceOnField().isMoveable =&#13;&#10;                    checkMoveableBoolean(field, dify);&#13;&#10;        }&#13;&#10;    }&#13;&#10;    //latex end&#13;&#10;&#13;&#10;    private boolean checkMoveableBoolean(Field field, int dif) {&#13;&#10;        return !checkMoveable(field, dif).isEmpty();&#13;&#10;    }&#13;&#10;&#13;&#10;    //Checks if a given field is movable&#13;&#10;    public final List&lt;Field&gt; checkMoveable(Field field, int dif) {&#13;&#10;        List&lt;Field&gt; possibleMoves = new ArrayList&lt;Field&gt;();&#13;&#10;&#13;&#10;        //Check forward&#13;&#10;        if (!this.fieldOccupied(field.x - 1, field.y + dif)) {&#13;&#10;            possibleMoves.add(myBoard[field.x - 1][field.y + dif]);&#13;&#10;        }&#13;&#10;        if (!this.fieldOccupied(field.x + 1, field.y + dif)) {&#13;&#10;            possibleMoves.add(myBoard[field.x + 1][field.y + dif]);&#13;&#10;        }&#13;&#10;        //if king, check backwards also&#13;&#10;        if (field.getPieceOnField().isCrowned) {&#13;&#10;            if (!this.fieldOccupied(field.x - 1, field.y - dif)) {&#13;&#10;                possibleMoves.add(myBoard[field.x - 1][field.y - dif]);&#13;&#10;            }&#13;&#10;            if (!this.fieldOccupied(field.x + 1, field.y - dif)) {&#13;&#10;                possibleMoves.add(myBoard[field.x + 1][field.y - dif]);&#13;&#10;            }&#13;&#10;        }&#13;&#10;        return possibleMoves;&#13;&#10;    }&#13;&#10;&#13;&#10;    //Check if a given field can jump&#13;&#10;    //latex start checkJump&#13;&#10;    private boolean checkJump(Field field,&#13;&#10;            boolean checkForOpponent, boolean isCrowned) {&#13;&#10;        return (checkJumpDirectionBoolean(field, -1, -1,&#13;&#10;                        checkForOpponent, isCrowned)&#13;&#10;                || checkJumpDirectionBoolean(field, 1, -1,&#13;&#10;                        checkForOpponent, isCrowned)&#13;&#10;                || checkJumpDirectionBoolean(field, 1, 1,&#13;&#10;                        checkForOpponent, isCrowned)&#13;&#10;                || checkJumpDirectionBoolean(field, -1, 1,&#13;&#10;                        checkForOpponent, isCrowned));&#13;&#10;    }&#13;&#10;    //latex end&#13;&#10;&#13;&#10;    //Checks jumps&#13;&#10;    //latex start jumpDirection&#13;&#10;    public final Field checkJumpDirection(Field field, int difx, int dify,&#13;&#10;            boolean checkForOpponent, boolean isCrowned) {&#13;&#10;        if (((checkForOpponent &amp;&amp; dify == -1)&#13;&#10;                || (!checkForOpponent &amp;&amp; dify == 1)) &amp;&amp; !isCrowned) {&#13;&#10;            return null;&#13;&#10;        }&#13;&#10;&#13;&#10;        if (checkBounds(field.x + 2 * difx, field.y + 2 * dify)) {&#13;&#10;            if (!myBoard[field.x + 2 * difx][field.y + 2 * dify].visited) {&#13;&#10;                if (checkAllegiance(&#13;&#10;                      myBoard[field.x + difx][field.y + dify], checkForOpponent)&#13;&#10;                      &amp;&amp; !this.fieldOccupied(&#13;&#10;                      field.x + 2 * difx, field.y + 2 * dify)) {&#13;&#10;                    return myBoard[field.x + 2 * difx][field.y + 2 * dify];&#13;&#10;                }&#13;&#10;            }&#13;&#10;        }&#13;&#10;        return null;&#13;&#10;    }&#13;&#10;    //latex end&#13;&#10;&#13;&#10;    private boolean checkJumpDirectionBoolean(Field field,&#13;&#10;            int difx, int dify, boolean checkForOpponent, boolean isCrowned) {&#13;&#10;        return !(checkJumpDirection(field, difx, dify,&#13;&#10;                checkForOpponent, isCrowned) == null);&#13;&#10;    }&#13;&#10;&#13;&#10;    //Updates the movable property on each piece&#13;&#10;    public final void updateMoveables() {&#13;&#10;        resetVisited();&#13;&#10;        for (Field[] f : myBoard) {&#13;&#10;            for (Field field : f) {&#13;&#10;                if (field.allowedField) {&#13;&#10;                    if (field.getPieceOnField() != null) {&#13;&#10;                        //Check movable for robot&#13;&#10;                        if (checkAllegiance(field, false)) {&#13;&#10;                            checkPiece(field, 1, true);&#13;&#10;&#13;&#10;                        //Check movable for human&#13;&#10;                        } else {&#13;&#10;                            checkPiece(field, -1, false);&#13;&#10;                        }&#13;&#10;                    }&#13;&#10;                }&#13;&#10;            }&#13;&#10;        }&#13;&#10;        resetVisited();&#13;&#10;    }&#13;&#10;&#13;&#10;    //Sets the colors of the human players pieces&#13;&#10;    private void findOpponentColors() {&#13;&#10;        if (myPeasentColor == 'r') {&#13;&#10;            opponentPeasentColor = 'w';&#13;&#10;            opponentKingColor = 'g';&#13;&#10;        } else {&#13;&#10;            opponentPeasentColor = 'r';&#13;&#10;            opponentKingColor = 'b';&#13;&#10;        }&#13;&#10;    }&#13;&#10;&#13;&#10;&#13;&#10;    //if a piece is missing, scan whole board&#13;&#10;    public final void findMissingPiece()&#13;&#10;            throws InterruptedException, IOException {&#13;&#10;        int i, j;&#13;&#10;        boolean changer = true;&#13;&#10;&#13;&#10;        for (i = 0; i &lt; 8; i++) {&#13;&#10;            //Change direction of the robot, to minimize robot movement&#13;&#10;            if (changer) {&#13;&#10;                for (j = 0; j &lt; 8; j++) {&#13;&#10;                    if ((i + j) % 2 == 1) {&#13;&#10;                        myBoard[i][j].setPieceOnField(getPiece(i, j));&#13;&#10;                    }&#13;&#10;                }&#13;&#10;                changer = false;&#13;&#10;            } else {&#13;&#10;                for (j = 7; j &gt;= 0; j--) {&#13;&#10;                    if ((i + j) % 2 == 1) {&#13;&#10;                        myBoard[i][j].setPieceOnField(getPiece(i, j));&#13;&#10;                    }&#13;&#10;                }&#13;&#10;                changer = true;&#13;&#10;            }&#13;&#10;        }&#13;&#10;&#13;&#10;        this.updateMoveables();&#13;&#10;    }&#13;&#10;&#13;&#10;    //Get piece on given position&#13;&#10;    private Piece getPiece(int x, int y) throws IOException {&#13;&#10;        char color = analyzeFunctions.getColor(x, y);&#13;&#10;        if (color == ' ') {&#13;&#10;            return null;&#13;&#10;        } else {&#13;&#10;            Piece temp = new Piece(this);&#13;&#10;            temp.color = color;&#13;&#10;            temp.isCrowned = (color == 'g' || color == 'b');&#13;&#10;            return temp;&#13;&#10;        }&#13;&#10;    }&#13;&#10;&#13;&#10;    //Check if a given piece is the robots or the opponents&#13;&#10;   /*public final boolean checkAllegiance(Field input, boolean checkForOpponent)&#13;&#10;    {&#13;&#10;        if (checkBounds(input.x, input.y)) {&#13;&#10;                if ((input.isPieceOfColor(myPeasentColor)&#13;&#10;                    || input.isPieceOfColor(myKingColor))&amp;&amp; !checkForOpponent) {&#13;&#10;                     return true;&#13;&#10;                 }&#13;&#10;                 if ((input.isPieceOfColor(opponentPeasentColor)&#13;&#10;                         || input.isPieceOfColor(opponentKingColor))&#13;&#10;                         &amp;&amp; checkForOpponent) {&#13;&#10;                     return true;&#13;&#10;                 }&#13;&#10;                 return false;&#13;&#10;                 }&#13;&#10;        return false;&#13;&#10;    }*/&#13;&#10;    public final boolean checkAllegiance(Field input, boolean checkForOpponent)&#13;&#10;    {&#13;&#10;        if (checkBounds(input.x, input.y)) {&#13;&#10;            if (!input.isEmpty()) {&#13;&#10;                return checkAllegiance(input.getPieceOnField(),&#13;&#10;                        checkForOpponent);&#13;&#10;            }&#13;&#10;        }&#13;&#10;        return false;&#13;&#10;    }&#13;&#10;&#13;&#10;    public final boolean checkAllegiance(Piece input, boolean checkForOpponent)&#13;&#10;    {&#13;&#10;        if ((input.color == myPeasentColor&#13;&#10;                || input.color == myKingColor) &amp;&amp; !checkForOpponent) {&#13;&#10;             return true;&#13;&#10;         }&#13;&#10;         if ((input.color == opponentPeasentColor&#13;&#10;                 || input.color == opponentKingColor)&#13;&#10;                 &amp;&amp; checkForOpponent) {&#13;&#10;             return true;&#13;&#10;         }&#13;&#10;         return false;&#13;&#10;    }&#13;&#10;&#13;&#10;    //Return true if the given position is inbounds&#13;&#10;    public final boolean checkBounds(int x, int y) {&#13;&#10;        return x &gt;= 0 &amp;&amp; x &lt;= 7 &amp;&amp; y &gt;= 0 &amp;&amp; y &lt;= 7;&#13;&#10;    }&#13;&#10;}&#13;&#10;" Filename="Board.java" Intrnl_Id="7"/>
<SrcFile Content="package com.OriginalFiles;&#13;&#10;&#13;&#10;import java.io.IOException;&#13;&#10;import java.util.ArrayList;&#13;&#10;import java.util.List;&#13;&#10;&#13;&#10;import com.CustomClasses.Color;&#13;&#10;&#13;&#10;import custom.Exceptions.IllegalMove;&#13;&#10;import custom.Exceptions.NoKingLeft;&#13;&#10;&#13;&#10;public class Analyze {&#13;&#10;    private Board checkersBoard;&#13;&#10;&#13;&#10;    private Field fieldToCheck;&#13;&#10;    private int analyzeBoardRepeatNumber = 0;&#13;&#10;    private int totalAnalyzeRuns = 0;&#13;&#10;    private final int analyzeRunsBeforeReset = 10;&#13;&#10;    private RemoteNXTFunctions remoteFunctions;&#13;&#10;    private Field trashField = new Field(3, -6);&#13;&#10;    private boolean pieceFound;&#13;&#10;    private boolean mustJump;&#13;&#10;&#13;&#10;    public Analyze(Board input, RemoteNXTFunctions remoteInput) {&#13;&#10;        checkersBoard = input;&#13;&#10;        remoteFunctions = remoteInput;&#13;&#10;    }&#13;&#10;&#13;&#10;    //Analyzes the current board setup&#13;&#10;    //latex start analyzeBoard&#13;&#10;    public final boolean analyzeBoard() throws InterruptedException,&#13;&#10;    IOException, NoKingLeft, IllegalMove {&#13;&#10;        if (!checkForGameHasEnded(true)) {&#13;&#10;            checkMotorCalibration();&#13;&#10;&#13;&#10;            List&lt;Field&gt; moveableList = new ArrayList&lt;Field&gt;();&#13;&#10;            moveableList = makeListOfMoveables(moveableList);&#13;&#10;            pieceFound = checkMovement(moveableList);&#13;&#10;            countDownToPanic();&#13;&#10;&#13;&#10;            //Find the pieces that are currently movable&#13;&#10;            checkersBoard.updateMoveables();&#13;&#10;            checkRobotPieceReplaced();&#13;&#10;            if (!checkForGameHasEnded(false)) {&#13;&#10;                return true;&#13;&#10;            }&#13;&#10;        }&#13;&#10;        return false;&#13;&#10;    }&#13;&#10;    //latex end&#13;&#10;&#13;&#10;    private void checkMotorCalibration() {&#13;&#10;        totalAnalyzeRuns += 1;&#13;&#10;&#13;&#10;        if (totalAnalyzeRuns &gt; analyzeRunsBeforeReset) {&#13;&#10;            totalAnalyzeRuns = 0;&#13;&#10;            remoteFunctions.resetMotors();&#13;&#10;        }&#13;&#10;    }&#13;&#10;&#13;&#10;    private List&lt;Field&gt; makeListOfMoveables(List&lt;Field&gt; moveableList) {&#13;&#10;        //Find the pieces that are currently movable&#13;&#10;        checkersBoard.updateMoveables();&#13;&#10;        for (Field[] f : checkersBoard.myBoard) {&#13;&#10;            for (Field field : f) {&#13;&#10;                if (!field.isEmpty()) {&#13;&#10;                    if (field.getPieceOnField().isMoveable&#13;&#10;                            &amp;&amp; checkersBoard.checkAllegiance(field, true)) {&#13;&#10;                        moveableList.add(field);&#13;&#10;                    }&#13;&#10;                }&#13;&#10;            }&#13;&#10;        }&#13;&#10;        checkersBoard.sortListOfFields(moveableList);&#13;&#10;        pieceFound = false;&#13;&#10;        mustJump = false;&#13;&#10;        if (moveableList.size() != 0) {&#13;&#10;            mustJump = moveableList.get(0).getPieceOnField().canJump;&#13;&#10;        }&#13;&#10;        return moveableList;&#13;&#10;    }&#13;&#10;    //latex start checkMovement&#13;&#10;    private boolean checkMovement(List&lt;Field&gt; moveableList)&#13;&#10;            throws IllegalMove, InterruptedException, IOException, NoKingLeft {&#13;&#10;        for (Field field : moveableList) {&#13;&#10;            if (checkersBoard.isFieldEmptyOnBoard(field.x, field.y)) {&#13;&#10;                if (mustJump &amp;&amp; !field.getPieceOnField().canJump) {&#13;&#10;                    throw new custom.Exceptions.IllegalMove();&#13;&#10;                }&#13;&#10;                if (this.trackMovement(field)) {&#13;&#10;                    return true;&#13;&#10;                }&#13;&#10;            }&#13;&#10;        }&#13;&#10;        return false;&#13;&#10;    }&#13;&#10;    //latex end&#13;&#10;    //latex start countDownToPanic&#13;&#10;    private void countDownToPanic()&#13;&#10;            throws InterruptedException, IOException, NoKingLeft, IllegalMove {&#13;&#10;        if (!pieceFound) {&#13;&#10;            if (analyzeBoardRepeatNumber &lt; 3) {&#13;&#10;                analyzeBoardRepeatNumber++;&#13;&#10;                analyzeBoard();&#13;&#10;                analyzeBoardRepeatNumber = 0;&#13;&#10;            } else if (analyzeBoardRepeatNumber &lt; 6) {&#13;&#10;                remoteFunctions.resetMotors();&#13;&#10;                analyzeBoardRepeatNumber++;&#13;&#10;                analyzeBoard();&#13;&#10;                analyzeBoardRepeatNumber = 0;&#13;&#10;            } else {&#13;&#10;                checkersBoard.findMissingPiece();&#13;&#10;            }&#13;&#10;        }&#13;&#10;    }&#13;&#10;    //latex end&#13;&#10;&#13;&#10;    //Try to find the piece that have been moved&#13;&#10;    private boolean trackMovement(Field field) throws IllegalMove,&#13;&#10;    InterruptedException, IOException, NoKingLeft {&#13;&#10;        boolean foundPiece = false;&#13;&#10;        if (field.getPieceOnField().canJump) {&#13;&#10;            if (findJumpPiece(field)) {&#13;&#10;                foundPiece = true;&#13;&#10;            }&#13;&#10;            if (!foundPiece) {&#13;&#10;                throw new custom.Exceptions.IllegalMove();&#13;&#10;            }&#13;&#10;        } else if (checkMove(field, -1)) {&#13;&#10;            foundPiece = true;&#13;&#10;        }&#13;&#10;&#13;&#10;        return foundPiece;&#13;&#10;    }&#13;&#10;&#13;&#10;    //Determine simple move&#13;&#10;    private boolean checkMove(Field field, int directY) throws&#13;&#10;    InterruptedException, IOException, NoKingLeft {&#13;&#10;        //Verify that the given field is inbound&#13;&#10;        if (checkersBoard.checkBounds(field.x, field.y)) {&#13;&#10;            //Check the first direction&#13;&#10;            if (checkersBoard.checkMoveDirection(field, 1, directY)) {&#13;&#10;                if (validateMove(checkersBoard.&#13;&#10;                        myBoard[field.x + 1][field.y + directY], field)) {&#13;&#10;                    checkersBoard.movePieceInRepresentation(field,&#13;&#10;                            field.x + 1, field.y + directY, false);&#13;&#10;                    return true;&#13;&#10;                } else {&#13;&#10;                    return false;&#13;&#10;                }&#13;&#10;                //Second direction&#13;&#10;            } else if (checkersBoard.checkMoveDirection(field, -1, directY)) {&#13;&#10;                if (validateMove(checkersBoard.&#13;&#10;                        myBoard[field.x - 1][field.y + directY], field)) {&#13;&#10;                    checkersBoard.movePieceInRepresentation(field,&#13;&#10;                            field.x - 1, field.y + directY, false);&#13;&#10;                    return true;&#13;&#10;                } else {&#13;&#10;                    return false;&#13;&#10;                }&#13;&#10;                //If king, also check backwards&#13;&#10;            } else if (field.getPieceOnField().isCrowned) {&#13;&#10;                if (checkersBoard.checkMoveDirection(field, 1, -directY)) {&#13;&#10;                    if (validateMove(checkersBoard.&#13;&#10;                            myBoard[field.x + 1][field.y - directY], field)) {&#13;&#10;                        checkersBoard.movePieceInRepresentation(field,&#13;&#10;                                field.x + 1, field.y - directY, false);&#13;&#10;                        return true;&#13;&#10;                    } else {&#13;&#10;                        return false;&#13;&#10;                    }&#13;&#10;                } else if (checkersBoard.checkMoveDirection(&#13;&#10;                        field, -1, -directY)) {&#13;&#10;                    if (validateMove(checkersBoard.&#13;&#10;                            myBoard[field.x - 1][field.y - directY], field)) {&#13;&#10;                        checkersBoard.movePieceInRepresentation(field,&#13;&#10;                                field.x - 1, field.y - directY, false);&#13;&#10;                        return true;&#13;&#10;                    } else {&#13;&#10;                        return false;&#13;&#10;                    }&#13;&#10;                }&#13;&#10;            }&#13;&#10;        }&#13;&#10;        return false;&#13;&#10;    }&#13;&#10;&#13;&#10;    //Checks if it could have been another piece that moved&#13;&#10;    private boolean validateMove(Field field, Field fromField) throws&#13;&#10;    InterruptedException, IOException {&#13;&#10;&#13;&#10;        List&lt;Field&gt; checkArray = new ArrayList&lt;Field&gt;();&#13;&#10;        if (checkersBoard.checkBounds(field.x + 1, field.y + 1)) {&#13;&#10;            checkArray.add(checkersBoard.myBoard[field.x + 1][field.y + 1]);&#13;&#10;        }&#13;&#10;        if (checkersBoard.checkBounds(field.x + 1, field.y - 1)) {&#13;&#10;            checkArray.add(checkersBoard.myBoard[field.x + 1][field.y - 1]);&#13;&#10;        }&#13;&#10;        if (checkersBoard.checkBounds(field.x - 1, field.y - 1)) {&#13;&#10;            checkArray.add(checkersBoard.myBoard[field.x - 1][field.y - 1]);&#13;&#10;        }&#13;&#10;        if (checkersBoard.checkBounds(field.x - 1, field.y + 1)) {&#13;&#10;            checkArray.add(checkersBoard.myBoard[field.x - 1][field.y + 1]);&#13;&#10;        }&#13;&#10;        boolean returnValue = true;&#13;&#10;        for (int i = 0; i &lt; checkArray.size(); i++) {&#13;&#10;            if (!(checkArray.get(i).x == fromField.x&#13;&#10;                    &amp;&amp; checkArray.get(i).y == fromField.y)) {&#13;&#10;                returnValue = checkersBoard.verifyCorrectMove(&#13;&#10;                        checkArray.get(i));&#13;&#10;            }&#13;&#10;            if (!returnValue) {&#13;&#10;                return returnValue;&#13;&#10;            }&#13;&#10;        }&#13;&#10;        return returnValue;&#13;&#10;    }&#13;&#10;&#13;&#10;    public final List&lt;List&lt;Field&gt;&gt; jumpSequence(Field input,&#13;&#10;            boolean checkForOpponent, boolean isCrowned) throws&#13;&#10;            InterruptedException, IOException, NoKingLeft {&#13;&#10;        input.visited = true;&#13;&#10;        List&lt;List&lt;Field&gt;&gt; returnList = new ArrayList&lt;List&lt;Field&gt;&gt;();&#13;&#10;        Field tempField = checkersBoard.checkJumpDirection(input,&#13;&#10;                -1, 1, checkForOpponent, isCrowned);&#13;&#10;        if (tempField != null) {&#13;&#10;            returnList.addAll(jumpSequence(tempField, checkForOpponent,&#13;&#10;                    isCrowned));&#13;&#10;        }&#13;&#10;        tempField = checkersBoard.checkJumpDirection(input,&#13;&#10;                -1, -1, checkForOpponent, isCrowned);&#13;&#10;        if (tempField != null) {&#13;&#10;            returnList.addAll(jumpSequence(tempField, checkForOpponent,&#13;&#10;                    isCrowned));&#13;&#10;        }&#13;&#10;        tempField = checkersBoard.checkJumpDirection(input,&#13;&#10;                1, -1, checkForOpponent, isCrowned);&#13;&#10;        if (tempField != null) {&#13;&#10;            returnList.addAll(jumpSequence(tempField, checkForOpponent,&#13;&#10;                    isCrowned));&#13;&#10;        }&#13;&#10;        tempField = checkersBoard.checkJumpDirection(input, 1, 1,&#13;&#10;                checkForOpponent, isCrowned);&#13;&#10;        if (tempField != null) {&#13;&#10;            returnList.addAll(jumpSequence(tempField, checkForOpponent,&#13;&#10;                    isCrowned));&#13;&#10;        }&#13;&#10;&#13;&#10;        if (returnList.size() == 0) {&#13;&#10;            returnList.add(new ArrayList&lt;Field&gt;());&#13;&#10;        }&#13;&#10;&#13;&#10;        for (int i = 0; i &lt; returnList.size(); i++) {&#13;&#10;            returnList.get(i).add(0, input);&#13;&#10;        }&#13;&#10;        return returnList;&#13;&#10;    }&#13;&#10;&#13;&#10;    private boolean findJumpPiece(Field field) throws&#13;&#10;    InterruptedException, IOException, NoKingLeft {&#13;&#10;        List&lt;List&lt;Field&gt;&gt; jumpList = new ArrayList&lt;List&lt;Field&gt;&gt;();&#13;&#10;        jumpList = jumpSequence(field, false,&#13;&#10;                field.getPieceOnField().isCrowned);&#13;&#10;        checkersBoard.resetVisited();&#13;&#10;        for (int i = 0; i &lt; jumpList.size(); i++) {&#13;&#10;            List&lt;Field&gt; tempList = jumpList.get(i);&#13;&#10;            Field desField = tempList.get(tempList.size() - 1);&#13;&#10;            if (!checkersBoard.isFieldEmptyOnBoard(desField.x, desField.y)) {&#13;&#10;                checkersBoard.movePieceInRepresentation(field, desField, false);&#13;&#10;                int stopj = tempList.size() - 1;&#13;&#10;                for (int j = 0; j &lt; stopj; j++) {&#13;&#10;                    Field tempfield = tempList.get(j);&#13;&#10;                    Field tempfield2 = tempList.get(j + 1);&#13;&#10;                    Field takenField = checkersBoard.myBoard&#13;&#10;                            [(tempfield.x + tempfield2.x) / 2]&#13;&#10;                                    [(tempfield.y + tempfield2.y) / 2];&#13;&#10;                    if (takenField.getPieceOnField().isCrowned) {&#13;&#10;                        int k = 7;&#13;&#10;                        while (!(k &lt; 0)) {&#13;&#10;                            if (checkersBoard.oppKingPlace[k].isEmpty()) {&#13;&#10;                                //Insert king at location&#13;&#10;                                checkersBoard.movePieceInRepresentation(&#13;&#10;                                        takenField,&#13;&#10;                                        checkersBoard.oppKingPlace[k], true);&#13;&#10;                            }&#13;&#10;                            k--;&#13;&#10;                        }&#13;&#10;                    } else {&#13;&#10;                        int l = 0;&#13;&#10;                        int h = 0;&#13;&#10;                        OUTER: while (h &lt;= checkersBoard.&#13;&#10;                                oppTrashPlace[0].length - 1) {&#13;&#10;                            while (l &lt;= checkersBoard.&#13;&#10;                                    oppTrashPlace.length - 1) {&#13;&#10;                                if (checkersBoard.&#13;&#10;                                        oppTrashPlace[l][h].isEmpty()) {&#13;&#10;                                    break OUTER;&#13;&#10;                                }&#13;&#10;                                l++;&#13;&#10;                            }&#13;&#10;                            h++;&#13;&#10;                            l = checkersBoard.oppTrashPlace.length - 1;&#13;&#10;                        }&#13;&#10;                        checkersBoard.movePieceInRepresentation(takenField,&#13;&#10;                                checkersBoard.oppTrashPlace[l][h], false);&#13;&#10;                    }&#13;&#10;                }&#13;&#10;                return true;&#13;&#10;            }&#13;&#10;        }&#13;&#10;        return false;&#13;&#10;    }&#13;&#10;&#13;&#10;    public final void checkForUpgradeKing(Field field, boolean isSimulated)&#13;&#10;            throws NoKingLeft, IOException {&#13;&#10;        if (checkersBoard.peasentIsOnEndRow(field)) {&#13;&#10;            if (checkersBoard.checkAllegiance(field, false)) {&#13;&#10;                field.getPieceOnField().color = checkersBoard.myKingColor;&#13;&#10;                field.getPieceOnField().isCrowned = true;&#13;&#10;                if (!isSimulated) {&#13;&#10;                    fieldToCheck = field;&#13;&#10;                }&#13;&#10;            } else {&#13;&#10;                if (isSimulated) {&#13;&#10;                    field.getPieceOnField().color =&#13;&#10;                            checkersBoard.opponentKingColor;&#13;&#10;                    field.getPieceOnField().isCrowned = true;&#13;&#10;                } else {&#13;&#10;                    boolean foundOne = false;&#13;&#10;                    int i = 0;&#13;&#10;                    while (!foundOne) {&#13;&#10;                        if (i &gt; 7) {&#13;&#10;                            throw new custom.Exceptions.NoKingLeft();&#13;&#10;                        }&#13;&#10;                        if (!checkersBoard.kingPlace[i].isEmpty()) {&#13;&#10;                            //Move old piece to trash&#13;&#10;                            remoteFunctions.trashPieceOnField(field);&#13;&#10;                            //Insert king at location&#13;&#10;                            remoteFunctions.doMove(new Move(&#13;&#10;                                    checkersBoard.kingPlace[i], field, true));&#13;&#10;                            foundOne = true;&#13;&#10;                        }&#13;&#10;                        i++;&#13;&#10;                    }&#13;&#10;                }&#13;&#10;            }&#13;&#10;        }&#13;&#10;    }&#13;&#10;&#13;&#10;    //Function to check if user have replaced the&#13;&#10;    //robots peasant piece with a king piece&#13;&#10;    public final void checkRobotPieceReplaced() throws IOException, NoKingLeft {&#13;&#10;        if (fieldToCheck != null) {&#13;&#10;            boolean checkCondition = true;&#13;&#10;            while (checkCondition) {&#13;&#10;                if (getColor(fieldToCheck.x, fieldToCheck.y)&#13;&#10;                        == checkersBoard.myKingColor) {&#13;&#10;                    checkCondition = false;&#13;&#10;&#13;&#10;                    int i = 0;&#13;&#10;                    int l = 0;&#13;&#10;                    int h = 0;&#13;&#10;                    OUTER: while (h &lt;= checkersBoard.&#13;&#10;                            oppTrashPlace[0].length - 1) {&#13;&#10;                        while (l &lt;= checkersBoard.&#13;&#10;                                oppTrashPlace.length - 1) {&#13;&#10;                            if (checkersBoard.&#13;&#10;                                    oppTrashPlace[l][h].isEmpty()) {&#13;&#10;                                break OUTER;&#13;&#10;                            }&#13;&#10;                            l++;&#13;&#10;                        }&#13;&#10;                        h++;&#13;&#10;                        l = checkersBoard.oppTrashPlace.length - 1;&#13;&#10;                    }&#13;&#10;                    checkersBoard.movePieceInRepresentation(fieldToCheck,&#13;&#10;                            checkersBoard.oppTrashPlace[l][h], false);&#13;&#10;                    while (!(i &gt; 7)) {&#13;&#10;                        if (!checkersBoard.oppKingPlace[i].isEmpty()) {&#13;&#10;                            //Insert king at location&#13;&#10;                            checkersBoard.movePieceInRepresentation(&#13;&#10;                                    checkersBoard.oppKingPlace[i],&#13;&#10;                                    fieldToCheck, true);&#13;&#10;                        }&#13;&#10;                        i++;&#13;&#10;                    }&#13;&#10;                    fieldToCheck = null;&#13;&#10;                } else {&#13;&#10;                    checkersBoard.informer.myKingNotPlaced();&#13;&#10;                    remoteFunctions.waitForRedButton();&#13;&#10;                }&#13;&#10;            }&#13;&#10;        }&#13;&#10;    }&#13;&#10;&#13;&#10;    //Sets the colors of the pieces of the robot&#13;&#10;    public final void findMyColors() throws InterruptedException, IOException {&#13;&#10;        checkersBoard.myPeasentColor = getColor(0, 1);&#13;&#10;        if (checkersBoard.myPeasentColor == 'r') {&#13;&#10;            checkersBoard.myKingColor = 'b';&#13;&#10;        } else if (checkersBoard.myPeasentColor == 'w') {&#13;&#10;            checkersBoard.myKingColor = 'g';&#13;&#10;        } else {&#13;&#10;            remoteFunctions.resetMotors();&#13;&#10;            remoteFunctions.initColorSensor();&#13;&#10;            findMyColors();&#13;&#10;        }&#13;&#10;    }&#13;&#10;&#13;&#10;    //Returns the color on the given position&#13;&#10;    public final char getColor(int x, int y) throws IOException {&#13;&#10;        Color colorResult = remoteFunctions.getColorOnField(x, y);&#13;&#10;&#13;&#10;        int red = colorResult.getRed();&#13;&#10;        int green = colorResult.getGreen();&#13;&#10;        int blue = colorResult.getBlue();&#13;&#10;        if (red &gt; 230 &amp;&amp; red &lt; 290 &amp;&amp; green &lt; 130 &amp;&amp; green &gt; 60&#13;&#10;                &amp;&amp; blue &lt; 140 &amp;&amp; blue &gt; 60) {&#13;&#10;            return 'r';&#13;&#10;        } else if (red &gt; 230 &amp;&amp; red &lt; 285 &amp;&amp; green &gt; 235 &amp;&amp; green &lt; 285&#13;&#10;                &amp;&amp; blue &gt; 230 &amp;&amp; blue &lt; 280) {&#13;&#10;            return 'w';&#13;&#10;        } else if (red &lt; 230 &amp;&amp; red &gt; 170 &amp;&amp; green &gt; 210 &amp;&amp; green &lt; 290&#13;&#10;                &amp;&amp; blue &lt; 230 &amp;&amp; blue &gt; 170) {&#13;&#10;            return 'g';&#13;&#10;        } else if (red &lt; 170 &amp;&amp; red &gt; 110 &amp;&amp; green &lt; 240 &amp;&amp; green &gt; 180&#13;&#10;                &amp;&amp; blue &gt; 210 &amp;&amp; blue &lt; 270) {&#13;&#10;            return 'b';&#13;&#10;        } else {&#13;&#10;            return ' ';&#13;&#10;        }&#13;&#10;    }&#13;&#10;&#13;&#10;    public final boolean checkForGameHasEnded(boolean isHumansTurn)&#13;&#10;            throws IOException, NoKingLeft {&#13;&#10;        switch (gameHasEnded(isHumansTurn)) {&#13;&#10;        case 0:&#13;&#10;            return false;&#13;&#10;        case 1:&#13;&#10;            checkersBoard.informer.humanWon();&#13;&#10;            return true;&#13;&#10;        case 2:&#13;&#10;            checkersBoard.informer.robotWon();&#13;&#10;            return true;&#13;&#10;        case 3:&#13;&#10;            checkersBoard.informer.draw();&#13;&#10;            return true;&#13;&#10;        default:&#13;&#10;            return false;&#13;&#10;        }&#13;&#10;    }&#13;&#10;&#13;&#10;    /*returns 0 if game has not ended, 1 if the human won,&#13;&#10;     * 2 if the robot won and 3 if it was a draw*/&#13;&#10;    public final int gameHasEnded(boolean humanTurn) {&#13;&#10;        checkersBoard.updateMoveables();&#13;&#10;&#13;&#10;        List&lt;Piece&gt; humanPieceList = new ArrayList&lt;Piece&gt;();&#13;&#10;        List&lt;Piece&gt; robotPieceList = new ArrayList&lt;Piece&gt;();&#13;&#10;        boolean robotHasMovable = false;&#13;&#10;        boolean humanHasMovable = false;&#13;&#10;&#13;&#10;        for (Field[] f : checkersBoard.myBoard) {&#13;&#10;            for (Field field : f) {&#13;&#10;                if (!field.isEmpty()) {&#13;&#10;                    if (checkersBoard.checkAllegiance(field, true)) {&#13;&#10;                        humanPieceList.add(field.getPieceOnField());&#13;&#10;                        if (field.getPieceOnField().isMoveable) {&#13;&#10;                            humanHasMovable = true;&#13;&#10;                        }&#13;&#10;                    }&#13;&#10;                    if (checkersBoard.checkAllegiance(field, false)) {&#13;&#10;                        robotPieceList.add(field.getPieceOnField());&#13;&#10;                        if (field.getPieceOnField().isMoveable) {&#13;&#10;                            robotHasMovable = true;&#13;&#10;                        }&#13;&#10;                    }&#13;&#10;                }&#13;&#10;            }&#13;&#10;        }&#13;&#10;&#13;&#10;        if (robotPieceList.size() == 0 || (!humanTurn &amp;&amp; !robotHasMovable)) {&#13;&#10;            return 1;&#13;&#10;        }&#13;&#10;        if (humanPieceList.size() == 0 || (humanTurn &amp;&amp; !humanHasMovable)) {&#13;&#10;            return 2;&#13;&#10;        }&#13;&#10;        if (robotPieceList.size() == 1 &amp;&amp; humanPieceList.size() == 1) {&#13;&#10;            if (robotPieceList.get(0).isCrowned&#13;&#10;                    &amp;&amp; humanPieceList.get(0).isCrowned) {&#13;&#10;                boolean humanisInConer =&#13;&#10;                        isOnDoubleCorners(humanPieceList.get(0));&#13;&#10;                boolean robotisInConer =&#13;&#10;                        isOnDoubleCorners(robotPieceList.get(0));&#13;&#10;                if (humanisInConer || robotisInConer) {&#13;&#10;                    if (humanTurn &amp;&amp; !humanPieceList.get(0).canJump) {&#13;&#10;                        return 3;&#13;&#10;                    } else if (!humanTurn &amp;&amp; !robotPieceList.get(0).canJump) {&#13;&#10;                        return 3;&#13;&#10;                    }&#13;&#10;                }&#13;&#10;            }&#13;&#10;        }&#13;&#10;        return 0;&#13;&#10;    }&#13;&#10;&#13;&#10;    public boolean hasTheMove(boolean humansTurn, int ownPieces, int oppPieces) {&#13;&#10;        int rowToCheck = 0;&#13;&#10;        if (ownPieces - oppPieces == 0) {&#13;&#10;            if (!humansTurn) {&#13;&#10;                rowToCheck = 1;&#13;&#10;            }&#13;&#10;&#13;&#10;            int pieceCount = 0;&#13;&#10;&#13;&#10;            for (int i = rowToCheck; i &lt; 8; i += 2) {&#13;&#10;                for (int j = 0; j &lt; 8; j++) {&#13;&#10;                    if (!checkersBoard.myBoard[i][j].isEmpty()) {&#13;&#10;                        pieceCount++;&#13;&#10;                    }&#13;&#10;                }&#13;&#10;            }&#13;&#10;&#13;&#10;            if (pieceCount % 2 == 1) {&#13;&#10;                return true;&#13;&#10;            }&#13;&#10;        } else if (!humansTurn &amp;&amp; ownPieces &gt; oppPieces) {&#13;&#10;            return true;&#13;&#10;        } else if (humansTurn &amp;&amp; ownPieces &lt; oppPieces) {&#13;&#10;            return true;&#13;&#10;        }&#13;&#10;        return false;&#13;&#10;    }&#13;&#10;&#13;&#10;    public boolean isOnDoubleCorners(Piece piece) {&#13;&#10;        if ((piece.getX() == 0 &amp;&amp; piece.getY() == 1)&#13;&#10;                || (piece.getX() == 1 &amp;&amp; piece.getY() == 0)&#13;&#10;                || (piece.getX() == 7 &amp;&amp; piece.getY() == 6)&#13;&#10;                || (piece.getX() == 6 &amp;&amp; piece.getY() == 7)) {&#13;&#10;            return true;&#13;&#10;        }&#13;&#10;        return false;&#13;&#10;    }&#13;&#10;&#13;&#10;    public final void cleanUp() throws IOException, NoKingLeft {&#13;&#10;        for (Field[] fa : checkersBoard.myBoard) {&#13;&#10;            for (Field f : fa) {&#13;&#10;                if (!f.isEmpty()) {&#13;&#10;                    placePiece(f);&#13;&#10;                }&#13;&#10;            }&#13;&#10;        }&#13;&#10;&#13;&#10;        for (Field[] fa : checkersBoard.trashPlace) {&#13;&#10;            for (Field f : fa) {&#13;&#10;                if (!f.isEmpty()) {&#13;&#10;                    placePiece(f);&#13;&#10;                }&#13;&#10;            }&#13;&#10;        }&#13;&#10;&#13;&#10;        for (Field[] fa : checkersBoard.oppTrashPlace) {&#13;&#10;            for (Field f : fa) {&#13;&#10;                if (!f.isEmpty()) {&#13;&#10;                    placePiece(f);&#13;&#10;                }&#13;&#10;            }&#13;&#10;        }&#13;&#10;    }&#13;&#10;&#13;&#10;    private void placePiece(Field fieldToMove) throws IOException, NoKingLeft {&#13;&#10;        if (fieldToMove.getPieceOnField().isCrowned) {&#13;&#10;            moveToKingRow(fieldToMove);&#13;&#10;        } else {&#13;&#10;            if (isInCorrectEnd(fieldToMove.getPieceOnField())) {&#13;&#10;                return;&#13;&#10;            } else {&#13;&#10;                movePeasent(fieldToMove);&#13;&#10;            }&#13;&#10;        }&#13;&#10;    }&#13;&#10;&#13;&#10;    private void movePeasent(Field fieldToMove) throws IOException, NoKingLeft {&#13;&#10;        if (checkersBoard.checkAllegiance(&#13;&#10;                fieldToMove.getPieceOnField(), true)) {&#13;&#10;            OUTERMOST: for (int i = 0; i &lt;= 7; i++) {&#13;&#10;                for (int j = 5; j &lt;= 7; j++) {&#13;&#10;                    if (checkersBoard.myBoard[i][j].isEmpty()&#13;&#10;                            &amp;&amp; checkersBoard.myBoard[i][j].allowedField) {&#13;&#10;                        remoteFunctions.doMove(new Move(fieldToMove,&#13;&#10;                                checkersBoard.myBoard[i][j], false));&#13;&#10;                        break OUTERMOST;&#13;&#10;                    }&#13;&#10;                }&#13;&#10;            }&#13;&#10;        } else if (checkersBoard.checkAllegiance(&#13;&#10;                fieldToMove.getPieceOnField(), false)) {&#13;&#10;            OUTERMOST: for (int i = 0; i &lt;= 7; i++) {&#13;&#10;                for (int j = 0; j &lt;= 2; j++) {&#13;&#10;                    if (checkersBoard.myBoard[i][j].isEmpty()&#13;&#10;                            &amp;&amp; checkersBoard.myBoard[i][j].allowedField) {&#13;&#10;                        remoteFunctions.doMove(new Move(fieldToMove,&#13;&#10;                                checkersBoard.myBoard[i][j], false));&#13;&#10;                        break OUTERMOST;&#13;&#10;                    }&#13;&#10;                }&#13;&#10;            }&#13;&#10;        }&#13;&#10;    }&#13;&#10;&#13;&#10;    private void moveToKingRow(Field fieldToMove)&#13;&#10;            throws IOException, NoKingLeft {&#13;&#10;        if (checkersBoard.checkAllegiance(&#13;&#10;                fieldToMove.getPieceOnField(), false)) {&#13;&#10;            int i = 0;&#13;&#10;            while (!(i &gt; 7)) {&#13;&#10;                if (checkersBoard.oppKingPlace[i].isEmpty()) {&#13;&#10;                    //Insert king at location&#13;&#10;                    remoteFunctions.doMove(new Move(fieldToMove,&#13;&#10;                            checkersBoard.oppKingPlace[i], true));&#13;&#10;                    return;&#13;&#10;                }&#13;&#10;                i++;&#13;&#10;            }&#13;&#10;        } else if (checkersBoard.checkAllegiance(&#13;&#10;                fieldToMove.getPieceOnField(), true)) {&#13;&#10;            int i = 0;&#13;&#10;            while (!(i &gt; 7)) {&#13;&#10;                if (checkersBoard.kingPlace[i].isEmpty()) {&#13;&#10;                    //Insert king at location&#13;&#10;                    remoteFunctions.doMove(new Move(fieldToMove,&#13;&#10;                            checkersBoard.kingPlace[i], true));&#13;&#10;                    return;&#13;&#10;                }&#13;&#10;                i++;&#13;&#10;            }&#13;&#10;        }&#13;&#10;    }&#13;&#10;&#13;&#10;    private boolean isInCorrectEnd(Piece pieceToCheck) {&#13;&#10;        return (checkersBoard.checkAllegiance(pieceToCheck, true)&#13;&#10;                &amp;&amp; (pieceToCheck.getY() &gt;= 5 &amp;&amp; pieceToCheck.getY() &lt;= 7))&#13;&#10;                || (checkersBoard.checkAllegiance(pieceToCheck, false)&#13;&#10;                        &amp;&amp; (pieceToCheck.getY() &gt;= 0 &amp;&amp; pieceToCheck.getY() &lt;= 2));&#13;&#10;    }&#13;&#10;}&#13;&#10;" Filename="Analyze.java" Intrnl_Id="8"/>
</SrcFileList>
<CritList>
<CritListEntry Name="org.codecover.model.utils.criteria.LoopCoverage" PluginName="org.codecover"/>
<CritListEntry Name="org.codecover.model.utils.criteria.BranchCoverage" PluginName="org.codecover"/>
<CritListEntry Name="org.codecover.model.utils.criteria.ConditionCoverage" PluginName="org.codecover"/>
<CritListEntry Name="org.codecover.model.utils.criteria.SynchronizedStatementCoverage" PluginName="org.codecover"/>
<CritListEntry Name="org.codecover.model.utils.criteria.QMOCoverage" PluginName="org.codecover"/>
<CritListEntry Name="org.codecover.model.utils.criteria.StatementCoverage" PluginName="org.codecover"/>
</CritList>
<BoolOpList>
<BoolOp Arity="1" Intrnl_Id="9" Name="not (!)">
<BoolAssgnmntBoolMapList>
<MapEntry BoolAssgnmnt="0" Value="true"/>
<MapEntry BoolAssgnmnt="1" Value="false"/>
</BoolAssgnmntBoolMapList>
</BoolOp>
<BoolOp Arity="2" Intrnl_Id="10" Name="conditional and (&amp;&amp;)">
<BoolAssgnmntBoolMapList>
<MapEntry BoolAssgnmnt="10" Value="false"/>
<MapEntry BoolAssgnmnt="02" Value="false"/>
<MapEntry BoolAssgnmnt="11" Value="true"/>
</BoolAssgnmntBoolMapList>
</BoolOp>
<BoolOp Arity="2" Intrnl_Id="11" Name="conditional or (||)">
<BoolAssgnmntBoolMapList>
<MapEntry BoolAssgnmnt="01" Value="true"/>
<MapEntry BoolAssgnmnt="00" Value="false"/>
<MapEntry BoolAssgnmnt="12" Value="true"/>
</BoolAssgnmntBoolMapList>
</BoolOp>
</BoolOpList>
<HierarchyLvlTypeList>
<HierarchyLvlType EnglishName="package" IntrnlName="package" Intrnl_Id="12"/>
<HierarchyLvlType EnglishName="class" IntrnlName="class" Intrnl_Id="13"/>
<HierarchyLvlType EnglishName="method" IntrnlName="method" Intrnl_Id="14"/>
<HierarchyLvlType EnglishName="default package" IntrnlName="default package" Intrnl_Id="15"/>
</HierarchyLvlTypeList>
<MASTRoot>
<HierarchyLvl HierarchyLvlId="326" HierarchyLvlTypeId="15" Intrnl_Id="16" Name="default package">
<Header/>
<LocList/>
<HierarchyLvl HierarchyLvlId="325" HierarchyLvlTypeId="12" Intrnl_Id="17" Name="com">
<Header/>
<LocList/>
<HierarchyLvl HierarchyLvlId="324" HierarchyLvlTypeId="12" Intrnl_Id="18" Name="OriginalFiles">
<Header/>
<LocList/>
<HierarchyLvl HierarchyLvlId="230" HierarchyLvlTypeId="13" Intrnl_Id="19" Name="RemoteNXTFunctions">
<Header>
<Loc EndOffset="220" SrcFileId="1" StartOffset="189"/>
</Header>
<LocList>
<Loc EndOffset="11343" SrcFileId="1" StartOffset="189"/>
</LocList>
<StmntSeq Intrnl_Id="20">
<LocList>
<Loc EndOffset="296" SrcFileId="1" StartOffset="261"/>
<Loc EndOffset="356" SrcFileId="1" StartOffset="302"/>
</LocList>
<BasicStmnt CovItemId="S1" CovItemPrefix="com.OriginalFiles.RemoteNXTFunctions.java" Intrnl_Id="21">
<LocList>
<Loc EndOffset="296" SrcFileId="1" StartOffset="261"/>
</LocList>
</BasicStmnt>
<BasicStmnt CovItemId="S2" CovItemPrefix="com.OriginalFiles.RemoteNXTFunctions.java" Intrnl_Id="22">
<LocList>
<Loc EndOffset="356" SrcFileId="1" StartOffset="302"/>
</LocList>
</BasicStmnt>
</StmntSeq>
<HierarchyLvl HierarchyLvlId="221" HierarchyLvlTypeId="14" Intrnl_Id="23" Name="RemoteNXTFunctions">
<Header>
<Loc EndOffset="432" SrcFileId="1" StartOffset="364"/>
</Header>
<LocList>
<Loc EndOffset="483" SrcFileId="1" StartOffset="364"/>
</LocList>
<StmntSeq Intrnl_Id="24">
<LocList>
<Loc EndOffset="476" SrcFileId="1" StartOffset="444"/>
</LocList>
<BasicStmnt CovItemId="S3" CovItemPrefix="com.OriginalFiles.RemoteNXTFunctions.java" Intrnl_Id="25">
<LocList>
<Loc EndOffset="476" SrcFileId="1" StartOffset="444"/>
</LocList>
</BasicStmnt>
</StmntSeq>
</HierarchyLvl>
<HierarchyLvl HierarchyLvlId="222" HierarchyLvlTypeId="14" Intrnl_Id="26" Name="resetMotors">
<Header>
<Loc EndOffset="514" SrcFileId="1" StartOffset="489"/>
</Header>
<LocList>
<Loc EndOffset="571" SrcFileId="1" StartOffset="489"/>
</LocList>
<StmntSeq Intrnl_Id="27">
<LocList>
<Loc EndOffset="564" SrcFileId="1" StartOffset="526"/>
</LocList>
<BasicStmnt CovItemId="S4" CovItemPrefix="com.OriginalFiles.RemoteNXTFunctions.java" Intrnl_Id="28">
<LocList>
<Loc EndOffset="564" SrcFileId="1" StartOffset="526"/>
</LocList>
</BasicStmnt>
</StmntSeq>
</HierarchyLvl>
<HierarchyLvl HierarchyLvlId="223" HierarchyLvlTypeId="14" Intrnl_Id="29" Name="trashPieceOnField">
<Header>
<Loc EndOffset="621" SrcFileId="1" StartOffset="579"/>
</Header>
<LocList>
<Loc EndOffset="678" SrcFileId="1" StartOffset="579"/>
</LocList>
<StmntSeq Intrnl_Id="30">
<LocList>
<Loc EndOffset="661" SrcFileId="1" StartOffset="633"/>
</LocList>
<BasicStmnt CovItemId="S5" CovItemPrefix="com.OriginalFiles.RemoteNXTFunctions.java" Intrnl_Id="31">
<LocList>
<Loc EndOffset="661" SrcFileId="1" StartOffset="633"/>
</LocList>
</BasicStmnt>
</StmntSeq>
</HierarchyLvl>
<HierarchyLvl HierarchyLvlId="224" HierarchyLvlTypeId="14" Intrnl_Id="32" Name="doMove">
<Header>
<Loc EndOffset="746" SrcFileId="1" StartOffset="686"/>
</Header>
<LocList>
<Loc EndOffset="1292" SrcFileId="1" StartOffset="686"/>
</LocList>
<StmntSeq Intrnl_Id="33">
<LocList>
<Loc EndOffset="807" SrcFileId="1" StartOffset="758"/>
<Loc EndOffset="852" SrcFileId="1" StartOffset="819"/>
<Loc EndOffset="1154" SrcFileId="1" StartOffset="862"/>
<Loc EndOffset="1275" SrcFileId="1" StartOffset="1166"/>
</LocList>
<BasicStmnt CovItemId="S6" CovItemPrefix="com.OriginalFiles.RemoteNXTFunctions.java" Intrnl_Id="34">
<LocList>
<Loc EndOffset="807" SrcFileId="1" StartOffset="758"/>
</LocList>
</BasicStmnt>
<BasicStmnt CovItemId="S7" CovItemPrefix="com.OriginalFiles.RemoteNXTFunctions.java" Intrnl_Id="35">
<LocList>
<Loc EndOffset="852" SrcFileId="1" StartOffset="819"/>
</LocList>
</BasicStmnt>
<LoopStmnt CovItemId="S8" CovItemPrefix="com.OriginalFiles.RemoteNXTFunctions.java" Intrnl_Id="36" MltplExecId="L1-2" MltplExecPrefix="com.OriginalFiles.RemoteNXTFunctions.java" NvrExecId="L1-0" NvrExecPrefix="com.OriginalFiles.RemoteNXTFunctions.java" OnceExecutedId="L1-1" OnceExecutedPrefix="com.OriginalFiles.RemoteNXTFunctions.java" OptBodyExec="true">
<StmntSeq Intrnl_Id="37">
<LocList>
<Loc EndOffset="1041" SrcFileId="1" StartOffset="908"/>
<Loc EndOffset="1143" SrcFileId="1" StartOffset="1055"/>
</LocList>
<BasicStmnt CovItemId="S9" CovItemPrefix="com.OriginalFiles.RemoteNXTFunctions.java" Intrnl_Id="38">
<LocList>
<Loc EndOffset="1041" SrcFileId="1" StartOffset="908"/>
</LocList>
</BasicStmnt>
<CondStmnt CovItemId="S10" CovItemPrefix="com.OriginalFiles.RemoteNXTFunctions.java" Intrnl_Id="39">
<Branch CovItemId="B1" CovItemPrefix="com.OriginalFiles.RemoteNXTFunctions.java" Implct="false" Intrnl_Id="40">
<Cond/>
<LocList>
<Loc EndOffset="1143" SrcFileId="1" StartOffset="1080"/>
</LocList>
<StmntSeq Intrnl_Id="41">
<LocList>
<Loc EndOffset="1128" SrcFileId="1" StartOffset="1099"/>
</LocList>
<BasicStmnt CovItemId="S11" CovItemPrefix="com.OriginalFiles.RemoteNXTFunctions.java" Intrnl_Id="42">
<LocList>
<Loc EndOffset="1128" SrcFileId="1" StartOffset="1099"/>
</LocList>
</BasicStmnt>
</StmntSeq>
</Branch>
<Branch CovItemId="B2" CovItemPrefix="com.OriginalFiles.RemoteNXTFunctions.java" Implct="true" Intrnl_Id="43">
<Cond/>
<LocList/>
<StmntSeq Intrnl_Id="44">
<LocList/>
</StmntSeq>
</Branch>
<Keyword EndOffset="1057" SrcFileId="1" StartOffset="1055"/>
<LocList>
<Loc EndOffset="1143" SrcFileId="1" StartOffset="1055"/>
</LocList>
<RootTerm CovItemId="C2" CovItemPrefix="com.OriginalFiles.RemoteNXTFunctions.java" Intrnl_Id="45">
<BasicBoolTerm Intrnl_Id="46">
<LocList>
<Loc EndOffset="1078" SrcFileId="1" StartOffset="1059"/>
</LocList>
</BasicBoolTerm>
</RootTerm>
</CondStmnt>
</StmntSeq>
<Keyword EndOffset="865" SrcFileId="1" StartOffset="862"/>
<LocList>
<Loc EndOffset="1154" SrcFileId="1" StartOffset="862"/>
</LocList>
<RootTerm CovItemId="C1" CovItemPrefix="com.OriginalFiles.RemoteNXTFunctions.java" Intrnl_Id="47">
<BasicBoolTerm Intrnl_Id="48">
<LocList>
<Loc EndOffset="886" SrcFileId="1" StartOffset="878"/>
</LocList>
</BasicBoolTerm>
</RootTerm>
</LoopStmnt>
<LoopStmnt CovItemId="S12" CovItemPrefix="com.OriginalFiles.RemoteNXTFunctions.java" Intrnl_Id="49" MltplExecId="L2-2" MltplExecPrefix="com.OriginalFiles.RemoteNXTFunctions.java" NvrExecId="L2-0" NvrExecPrefix="com.OriginalFiles.RemoteNXTFunctions.java" OnceExecutedId="L2-1" OnceExecutedPrefix="com.OriginalFiles.RemoteNXTFunctions.java" OptBodyExec="true">
<StmntSeq Intrnl_Id="50">
<LocList>
<Loc EndOffset="1264" SrcFileId="1" StartOffset="1226"/>
</LocList>
<BasicStmnt CovItemId="S13" CovItemPrefix="com.OriginalFiles.RemoteNXTFunctions.java" Intrnl_Id="51">
<LocList>
<Loc EndOffset="1264" SrcFileId="1" StartOffset="1226"/>
</LocList>
</BasicStmnt>
</StmntSeq>
<Keyword EndOffset="1169" SrcFileId="1" StartOffset="1166"/>
<LocList>
<Loc EndOffset="1275" SrcFileId="1" StartOffset="1166"/>
</LocList>
<RootTerm CovItemId="C3" CovItemPrefix="com.OriginalFiles.RemoteNXTFunctions.java" Intrnl_Id="52">
<BasicBoolTerm Intrnl_Id="53">
<LocList>
<Loc EndOffset="1204" SrcFileId="1" StartOffset="1182"/>
</LocList>
</BasicBoolTerm>
</RootTerm>
</LoopStmnt>
</StmntSeq>
</HierarchyLvl>
<HierarchyLvl HierarchyLvlId="225" HierarchyLvlTypeId="14" Intrnl_Id="54" Name="movePieceOverField">
<Header>
<Loc EndOffset="1406" SrcFileId="1" StartOffset="1298"/>
</Header>
<LocList>
<Loc EndOffset="1786" SrcFileId="1" StartOffset="1298"/>
</LocList>
<StmntSeq Intrnl_Id="55">
<LocList>
<Loc EndOffset="1448" SrcFileId="1" StartOffset="1418"/>
<Loc EndOffset="1779" SrcFileId="1" StartOffset="1460"/>
</LocList>
<BasicStmnt CovItemId="S14" CovItemPrefix="com.OriginalFiles.RemoteNXTFunctions.java" Intrnl_Id="56">
<LocList>
<Loc EndOffset="1448" SrcFileId="1" StartOffset="1418"/>
</LocList>
</BasicStmnt>
<CondStmnt CovItemId="S15" CovItemPrefix="com.OriginalFiles.RemoteNXTFunctions.java" Intrnl_Id="57">
<Branch CovItemId="B3" CovItemPrefix="com.OriginalFiles.RemoteNXTFunctions.java" Implct="false" Intrnl_Id="58">
<Cond/>
<LocList>
<Loc EndOffset="1735" SrcFileId="1" StartOffset="1576"/>
</LocList>
<StmntSeq Intrnl_Id="59">
<LocList>
<Loc EndOffset="1724" SrcFileId="1" StartOffset="1591"/>
</LocList>
<BasicStmnt CovItemId="S16" CovItemPrefix="com.OriginalFiles.RemoteNXTFunctions.java" Intrnl_Id="60">
<LocList>
<Loc EndOffset="1724" SrcFileId="1" StartOffset="1591"/>
</LocList>
</BasicStmnt>
</StmntSeq>
</Branch>
<Branch CovItemId="B4" CovItemPrefix="com.OriginalFiles.RemoteNXTFunctions.java" Implct="false" Intrnl_Id="61">
<Cond>
<Loc EndOffset="1740" SrcFileId="1" StartOffset="1736"/>
</Cond>
<LocList>
<Loc EndOffset="1779" SrcFileId="1" StartOffset="1741"/>
</LocList>
<StmntSeq Intrnl_Id="62">
<LocList>
<Loc EndOffset="1768" SrcFileId="1" StartOffset="1756"/>
</LocList>
<BasicStmnt CovItemId="S17" CovItemPrefix="com.OriginalFiles.RemoteNXTFunctions.java" Intrnl_Id="63">
<LocList>
<Loc EndOffset="1768" SrcFileId="1" StartOffset="1756"/>
</LocList>
</BasicStmnt>
</StmntSeq>
</Branch>
<Keyword EndOffset="1462" SrcFileId="1" StartOffset="1460"/>
<LocList>
<Loc EndOffset="1779" SrcFileId="1" StartOffset="1460"/>
</LocList>
<RootTerm CovItemId="C4" CovItemPrefix="com.OriginalFiles.RemoteNXTFunctions.java" Intrnl_Id="64">
<OpTerm BooleanOpId="10" Intrnl_Id="65">
<BasicBoolTerm Intrnl_Id="66">
<LocList>
<Loc EndOffset="1515" SrcFileId="1" StartOffset="1464"/>
</LocList>
</BasicBoolTerm>
<BasicBoolTerm Intrnl_Id="67">
<LocList>
<Loc EndOffset="1574" SrcFileId="1" StartOffset="1536"/>
</LocList>
</BasicBoolTerm>
<LocList>
<Loc EndOffset="1535" SrcFileId="1" StartOffset="1533"/>
</LocList>
</OpTerm>
</RootTerm>
</CondStmnt>
</StmntSeq>
</HierarchyLvl>
<HierarchyLvl HierarchyLvlId="226" HierarchyLvlTypeId="14" Intrnl_Id="68" Name="movePiece">
<Header>
<Loc EndOffset="1890" SrcFileId="1" StartOffset="1792"/>
</Header>
<LocList>
<Loc EndOffset="1976" SrcFileId="1" StartOffset="1792"/>
</LocList>
<StmntSeq Intrnl_Id="69">
<LocList>
<Loc EndOffset="1969" SrcFileId="1" StartOffset="1902"/>
</LocList>
<BasicStmnt CovItemId="S18" CovItemPrefix="com.OriginalFiles.RemoteNXTFunctions.java" Intrnl_Id="70">
<LocList>
<Loc EndOffset="1969" SrcFileId="1" StartOffset="1902"/>
</LocList>
</BasicStmnt>
</StmntSeq>
</HierarchyLvl>
<HierarchyLvl HierarchyLvlId="227" HierarchyLvlTypeId="14" Intrnl_Id="71" Name="waitForRedButton">
<Header>
<Loc EndOffset="2014" SrcFileId="1" StartOffset="1984"/>
</Header>
<LocList>
<Loc EndOffset="2069" SrcFileId="1" StartOffset="1984"/>
</LocList>
</HierarchyLvl>
<HierarchyLvl HierarchyLvlId="228" HierarchyLvlTypeId="14" Intrnl_Id="72" Name="initColorSensor">
<Header>
<Loc EndOffset="2106" SrcFileId="1" StartOffset="2077"/>
</Header>
<LocList>
<Loc EndOffset="2161" SrcFileId="1" StartOffset="2077"/>
</LocList>
</HierarchyLvl>
<HierarchyLvl HierarchyLvlId="229" HierarchyLvlTypeId="14" Intrnl_Id="73" Name="getColorOnField">
<Header>
<Loc EndOffset="2217" SrcFileId="1" StartOffset="2169"/>
</Header>
<LocList>
<Loc EndOffset="11338" SrcFileId="1" StartOffset="2169"/>
</LocList>
<StmntSeq Intrnl_Id="74">
<LocList>
<Loc EndOffset="2256" SrcFileId="1" StartOffset="2229"/>
<Loc EndOffset="11297" SrcFileId="1" StartOffset="2276"/>
<Loc EndOffset="11331" SrcFileId="1" StartOffset="11317"/>
</LocList>
<BasicStmnt CovItemId="S19" CovItemPrefix="com.OriginalFiles.RemoteNXTFunctions.java" Intrnl_Id="75">
<LocList>
<Loc EndOffset="2256" SrcFileId="1" StartOffset="2229"/>
</LocList>
</BasicStmnt>
<CondStmnt CovItemId="S20" CovItemPrefix="com.OriginalFiles.RemoteNXTFunctions.java" Intrnl_Id="76">
<Branch CovItemId="B5" CovItemPrefix="com.OriginalFiles.RemoteNXTFunctions.java" Implct="false" Intrnl_Id="77">
<Cond/>
<LocList>
<Loc EndOffset="2815" SrcFileId="1" StartOffset="2305"/>
</LocList>
<StmntSeq Intrnl_Id="78">
<LocList>
<Loc EndOffset="2804" SrcFileId="1" StartOffset="2320"/>
</LocList>
<CondStmnt CovItemId="S21" CovItemPrefix="com.OriginalFiles.RemoteNXTFunctions.java" Intrnl_Id="79">
<Branch CovItemId="B7" CovItemPrefix="com.OriginalFiles.RemoteNXTFunctions.java" Implct="false" Intrnl_Id="80">
<Cond/>
<LocList>
<Loc EndOffset="2409" SrcFileId="1" StartOffset="2354"/>
</LocList>
<StmntSeq Intrnl_Id="81">
<LocList>
<Loc EndOffset="2394" SrcFileId="1" StartOffset="2373"/>
</LocList>
<BasicStmnt CovItemId="S22" CovItemPrefix="com.OriginalFiles.RemoteNXTFunctions.java" Intrnl_Id="82">
<LocList>
<Loc EndOffset="2394" SrcFileId="1" StartOffset="2373"/>
</LocList>
</BasicStmnt>
</StmntSeq>
</Branch>
<Branch CovItemId="B8" CovItemPrefix="com.OriginalFiles.RemoteNXTFunctions.java" Implct="false" Intrnl_Id="83">
<Cond>
<Loc EndOffset="2414" SrcFileId="1" StartOffset="2410"/>
</Cond>
<LocList>
<Loc EndOffset="2804" SrcFileId="1" StartOffset="2415"/>
</LocList>
<StmntSeq Intrnl_Id="84">
<LocList>
<Loc EndOffset="2804" SrcFileId="1" StartOffset="2415"/>
</LocList>
<CondStmnt CovItemId="S23" CovItemPrefix="com.OriginalFiles.RemoteNXTFunctions.java" Intrnl_Id="85">
<Branch CovItemId="B9" CovItemPrefix="com.OriginalFiles.RemoteNXTFunctions.java" Implct="false" Intrnl_Id="86">
<Cond/>
<LocList>
<Loc EndOffset="2492" SrcFileId="1" StartOffset="2437"/>
</LocList>
<StmntSeq Intrnl_Id="87">
<LocList>
<Loc EndOffset="2477" SrcFileId="1" StartOffset="2456"/>
</LocList>
<BasicStmnt CovItemId="S24" CovItemPrefix="com.OriginalFiles.RemoteNXTFunctions.java" Intrnl_Id="88">
<LocList>
<Loc EndOffset="2477" SrcFileId="1" StartOffset="2456"/>
</LocList>
</BasicStmnt>
</StmntSeq>
</Branch>
<Branch CovItemId="B10" CovItemPrefix="com.OriginalFiles.RemoteNXTFunctions.java" Implct="false" Intrnl_Id="89">
<Cond>
<Loc EndOffset="2497" SrcFileId="1" StartOffset="2493"/>
</Cond>
<LocList>
<Loc EndOffset="2804" SrcFileId="1" StartOffset="2498"/>
</LocList>
<StmntSeq Intrnl_Id="90">
<LocList>
<Loc EndOffset="2804" SrcFileId="1" StartOffset="2498"/>
</LocList>
<CondStmnt CovItemId="S25" CovItemPrefix="com.OriginalFiles.RemoteNXTFunctions.java" Intrnl_Id="91">
<Branch CovItemId="B11" CovItemPrefix="com.OriginalFiles.RemoteNXTFunctions.java" Implct="false" Intrnl_Id="92">
<Cond/>
<LocList>
<Loc EndOffset="2575" SrcFileId="1" StartOffset="2520"/>
</LocList>
<StmntSeq Intrnl_Id="93">
<LocList>
<Loc EndOffset="2560" SrcFileId="1" StartOffset="2539"/>
</LocList>
<BasicStmnt CovItemId="S26" CovItemPrefix="com.OriginalFiles.RemoteNXTFunctions.java" Intrnl_Id="94">
<LocList>
<Loc EndOffset="2560" SrcFileId="1" StartOffset="2539"/>
</LocList>
</BasicStmnt>
</StmntSeq>
</Branch>
<Branch CovItemId="B12" CovItemPrefix="com.OriginalFiles.RemoteNXTFunctions.java" Implct="false" Intrnl_Id="95">
<Cond>
<Loc EndOffset="2580" SrcFileId="1" StartOffset="2576"/>
</Cond>
<LocList>
<Loc EndOffset="2804" SrcFileId="1" StartOffset="2581"/>
</LocList>
<StmntSeq Intrnl_Id="96">
<LocList>
<Loc EndOffset="2804" SrcFileId="1" StartOffset="2581"/>
</LocList>
<CondStmnt CovItemId="S27" CovItemPrefix="com.OriginalFiles.RemoteNXTFunctions.java" Intrnl_Id="97">
<Branch CovItemId="B13" CovItemPrefix="com.OriginalFiles.RemoteNXTFunctions.java" Implct="false" Intrnl_Id="98">
<Cond/>
<LocList>
<Loc EndOffset="2743" SrcFileId="1" StartOffset="2640"/>
</LocList>
<StmntSeq Intrnl_Id="99">
<LocList>
<Loc EndOffset="2728" SrcFileId="1" StartOffset="2659"/>
</LocList>
<BasicStmnt CovItemId="S28" CovItemPrefix="com.OriginalFiles.RemoteNXTFunctions.java" Intrnl_Id="100">
<LocList>
<Loc EndOffset="2728" SrcFileId="1" StartOffset="2659"/>
</LocList>
</BasicStmnt>
</StmntSeq>
</Branch>
<Branch CovItemId="B14" CovItemPrefix="com.OriginalFiles.RemoteNXTFunctions.java" Implct="false" Intrnl_Id="101">
<Cond>
<Loc EndOffset="2748" SrcFileId="1" StartOffset="2744"/>
</Cond>
<LocList>
<Loc EndOffset="2804" SrcFileId="1" StartOffset="2749"/>
</LocList>
<StmntSeq Intrnl_Id="102">
<LocList>
<Loc EndOffset="2789" SrcFileId="1" StartOffset="2768"/>
</LocList>
<BasicStmnt CovItemId="S29" CovItemPrefix="com.OriginalFiles.RemoteNXTFunctions.java" Intrnl_Id="103">
<LocList>
<Loc EndOffset="2789" SrcFileId="1" StartOffset="2768"/>
</LocList>
</BasicStmnt>
</StmntSeq>
</Branch>
<Keyword EndOffset="2583" SrcFileId="1" StartOffset="2581"/>
<LocList>
<Loc EndOffset="2804" SrcFileId="1" StartOffset="2581"/>
</LocList>
<RootTerm CovItemId="C9" CovItemPrefix="com.OriginalFiles.RemoteNXTFunctions.java" Intrnl_Id="104">
<BasicBoolTerm Intrnl_Id="105">
<LocList>
<Loc EndOffset="2638" SrcFileId="1" StartOffset="2585"/>
</LocList>
</BasicBoolTerm>
</RootTerm>
</CondStmnt>
</StmntSeq>
</Branch>
<Keyword EndOffset="2500" SrcFileId="1" StartOffset="2498"/>
<LocList>
<Loc EndOffset="2804" SrcFileId="1" StartOffset="2498"/>
</LocList>
<RootTerm CovItemId="C8" CovItemPrefix="com.OriginalFiles.RemoteNXTFunctions.java" Intrnl_Id="106">
<OpTerm BooleanOpId="10" Intrnl_Id="107">
<BasicBoolTerm Intrnl_Id="108">
<LocList>
<Loc EndOffset="2508" SrcFileId="1" StartOffset="2502"/>
</LocList>
</BasicBoolTerm>
<BasicBoolTerm Intrnl_Id="109">
<LocList>
<Loc EndOffset="2518" SrcFileId="1" StartOffset="2512"/>
</LocList>
</BasicBoolTerm>
<LocList>
<Loc EndOffset="2511" SrcFileId="1" StartOffset="2509"/>
</LocList>
</OpTerm>
</RootTerm>
</CondStmnt>
</StmntSeq>
</Branch>
<Keyword EndOffset="2417" SrcFileId="1" StartOffset="2415"/>
<LocList>
<Loc EndOffset="2804" SrcFileId="1" StartOffset="2415"/>
</LocList>
<RootTerm CovItemId="C7" CovItemPrefix="com.OriginalFiles.RemoteNXTFunctions.java" Intrnl_Id="110">
<OpTerm BooleanOpId="10" Intrnl_Id="111">
<BasicBoolTerm Intrnl_Id="112">
<LocList>
<Loc EndOffset="2425" SrcFileId="1" StartOffset="2419"/>
</LocList>
</BasicBoolTerm>
<BasicBoolTerm Intrnl_Id="113">
<LocList>
<Loc EndOffset="2435" SrcFileId="1" StartOffset="2429"/>
</LocList>
</BasicBoolTerm>
<LocList>
<Loc EndOffset="2428" SrcFileId="1" StartOffset="2426"/>
</LocList>
</OpTerm>
</RootTerm>
</CondStmnt>
</StmntSeq>
</Branch>
<Keyword EndOffset="2322" SrcFileId="1" StartOffset="2320"/>
<LocList>
<Loc EndOffset="2804" SrcFileId="1" StartOffset="2320"/>
</LocList>
<RootTerm CovItemId="C6" CovItemPrefix="com.OriginalFiles.RemoteNXTFunctions.java" Intrnl_Id="114">
<OpTerm BooleanOpId="10" Intrnl_Id="115">
<BasicBoolTerm Intrnl_Id="116">
<LocList>
<Loc EndOffset="2329" SrcFileId="1" StartOffset="2323"/>
</LocList>
</BasicBoolTerm>
<BasicBoolTerm Intrnl_Id="117">
<LocList>
<Loc EndOffset="2339" SrcFileId="1" StartOffset="2333"/>
</LocList>
</BasicBoolTerm>
<LocList>
<Loc EndOffset="2332" SrcFileId="1" StartOffset="2330"/>
</LocList>
</OpTerm>
</RootTerm>
</CondStmnt>
</StmntSeq>
</Branch>
<Branch CovItemId="B6" CovItemPrefix="com.OriginalFiles.RemoteNXTFunctions.java" Implct="false" Intrnl_Id="118">
<Cond>
<Loc EndOffset="2829" SrcFileId="1" StartOffset="2825"/>
</Cond>
<LocList>
<Loc EndOffset="11297" SrcFileId="1" StartOffset="2830"/>
</LocList>
<StmntSeq Intrnl_Id="119">
<LocList>
<Loc EndOffset="3427" SrcFileId="1" StartOffset="2892"/>
<Loc EndOffset="4023" SrcFileId="1" StartOffset="3488"/>
<Loc EndOffset="11286" SrcFileId="1" StartOffset="4039"/>
</LocList>
<CondStmnt CovItemId="S30" CovItemPrefix="com.OriginalFiles.RemoteNXTFunctions.java" Intrnl_Id="120">
<Branch CovItemId="B15" CovItemPrefix="com.OriginalFiles.RemoteNXTFunctions.java" Implct="false" Intrnl_Id="121">
<Cond/>
<LocList>
<Loc EndOffset="3427" SrcFileId="1" StartOffset="2923"/>
</LocList>
<StmntSeq Intrnl_Id="122">
<LocList>
<Loc EndOffset="3412" SrcFileId="1" StartOffset="2942"/>
</LocList>
<CondStmnt CovItemId="S31" CovItemPrefix="com.OriginalFiles.RemoteNXTFunctions.java" Intrnl_Id="123">
<Branch CovItemId="B17" CovItemPrefix="com.OriginalFiles.RemoteNXTFunctions.java" Implct="false" Intrnl_Id="124">
<Cond/>
<LocList>
<Loc EndOffset="3043" SrcFileId="1" StartOffset="2980"/>
</LocList>
<StmntSeq Intrnl_Id="125">
<LocList>
<Loc EndOffset="3024" SrcFileId="1" StartOffset="3003"/>
</LocList>
<BasicStmnt CovItemId="S32" CovItemPrefix="com.OriginalFiles.RemoteNXTFunctions.java" Intrnl_Id="126">
<LocList>
<Loc EndOffset="3024" SrcFileId="1" StartOffset="3003"/>
</LocList>
</BasicStmnt>
</StmntSeq>
</Branch>
<Branch CovItemId="B18" CovItemPrefix="com.OriginalFiles.RemoteNXTFunctions.java" Implct="false" Intrnl_Id="127">
<Cond>
<Loc EndOffset="3065" SrcFileId="1" StartOffset="3061"/>
</Cond>
<LocList>
<Loc EndOffset="3412" SrcFileId="1" StartOffset="3066"/>
</LocList>
<StmntSeq Intrnl_Id="128">
<LocList>
<Loc EndOffset="3412" SrcFileId="1" StartOffset="3066"/>
</LocList>
<CondStmnt CovItemId="S33" CovItemPrefix="com.OriginalFiles.RemoteNXTFunctions.java" Intrnl_Id="129">
<Branch CovItemId="B19" CovItemPrefix="com.OriginalFiles.RemoteNXTFunctions.java" Implct="false" Intrnl_Id="130">
<Cond/>
<LocList>
<Loc EndOffset="3167" SrcFileId="1" StartOffset="3104"/>
</LocList>
<StmntSeq Intrnl_Id="131">
<LocList>
<Loc EndOffset="3148" SrcFileId="1" StartOffset="3127"/>
</LocList>
<BasicStmnt CovItemId="S34" CovItemPrefix="com.OriginalFiles.RemoteNXTFunctions.java" Intrnl_Id="132">
<LocList>
<Loc EndOffset="3148" SrcFileId="1" StartOffset="3127"/>
</LocList>
</BasicStmnt>
</StmntSeq>
</Branch>
<Branch CovItemId="B20" CovItemPrefix="com.OriginalFiles.RemoteNXTFunctions.java" Implct="false" Intrnl_Id="133">
<Cond>
<Loc EndOffset="3172" SrcFileId="1" StartOffset="3168"/>
</Cond>
<LocList>
<Loc EndOffset="3412" SrcFileId="1" StartOffset="3173"/>
</LocList>
<StmntSeq Intrnl_Id="134">
<LocList>
<Loc EndOffset="3412" SrcFileId="1" StartOffset="3173"/>
</LocList>
<CondStmnt CovItemId="S35" CovItemPrefix="com.OriginalFiles.RemoteNXTFunctions.java" Intrnl_Id="135">
<Branch CovItemId="B21" CovItemPrefix="com.OriginalFiles.RemoteNXTFunctions.java" Implct="false" Intrnl_Id="136">
<Cond/>
<LocList>
<Loc EndOffset="3343" SrcFileId="1" StartOffset="3232"/>
</LocList>
<StmntSeq Intrnl_Id="137">
<LocList>
<Loc EndOffset="3324" SrcFileId="1" StartOffset="3255"/>
</LocList>
<BasicStmnt CovItemId="S36" CovItemPrefix="com.OriginalFiles.RemoteNXTFunctions.java" Intrnl_Id="138">
<LocList>
<Loc EndOffset="3324" SrcFileId="1" StartOffset="3255"/>
</LocList>
</BasicStmnt>
</StmntSeq>
</Branch>
<Branch CovItemId="B22" CovItemPrefix="com.OriginalFiles.RemoteNXTFunctions.java" Implct="false" Intrnl_Id="139">
<Cond>
<Loc EndOffset="3348" SrcFileId="1" StartOffset="3344"/>
</Cond>
<LocList>
<Loc EndOffset="3412" SrcFileId="1" StartOffset="3349"/>
</LocList>
<StmntSeq Intrnl_Id="140">
<LocList>
<Loc EndOffset="3393" SrcFileId="1" StartOffset="3372"/>
</LocList>
<BasicStmnt CovItemId="S37" CovItemPrefix="com.OriginalFiles.RemoteNXTFunctions.java" Intrnl_Id="141">
<LocList>
<Loc EndOffset="3393" SrcFileId="1" StartOffset="3372"/>
</LocList>
</BasicStmnt>
</StmntSeq>
</Branch>
<Keyword EndOffset="3175" SrcFileId="1" StartOffset="3173"/>
<LocList>
<Loc EndOffset="3412" SrcFileId="1" StartOffset="3173"/>
</LocList>
<RootTerm CovItemId="C13" CovItemPrefix="com.OriginalFiles.RemoteNXTFunctions.java" Intrnl_Id="142">
<BasicBoolTerm Intrnl_Id="143">
<LocList>
<Loc EndOffset="3230" SrcFileId="1" StartOffset="3177"/>
</LocList>
</BasicBoolTerm>
</RootTerm>
</CondStmnt>
</StmntSeq>
</Branch>
<Keyword EndOffset="3068" SrcFileId="1" StartOffset="3066"/>
<LocList>
<Loc EndOffset="3412" SrcFileId="1" StartOffset="3066"/>
</LocList>
<RootTerm CovItemId="C12" CovItemPrefix="com.OriginalFiles.RemoteNXTFunctions.java" Intrnl_Id="144">
<OpTerm BooleanOpId="10" Intrnl_Id="145">
<BasicBoolTerm Intrnl_Id="146">
<LocList>
<Loc EndOffset="3075" SrcFileId="1" StartOffset="3069"/>
</LocList>
</BasicBoolTerm>
<BasicBoolTerm Intrnl_Id="147">
<LocList>
<Loc EndOffset="3085" SrcFileId="1" StartOffset="3079"/>
</LocList>
</BasicBoolTerm>
<LocList>
<Loc EndOffset="3078" SrcFileId="1" StartOffset="3076"/>
</LocList>
</OpTerm>
</RootTerm>
</CondStmnt>
</StmntSeq>
</Branch>
<Keyword EndOffset="2944" SrcFileId="1" StartOffset="2942"/>
<LocList>
<Loc EndOffset="3412" SrcFileId="1" StartOffset="2942"/>
</LocList>
<RootTerm CovItemId="C11" CovItemPrefix="com.OriginalFiles.RemoteNXTFunctions.java" Intrnl_Id="148">
<OpTerm BooleanOpId="10" Intrnl_Id="149">
<BasicBoolTerm Intrnl_Id="150">
<LocList>
<Loc EndOffset="2951" SrcFileId="1" StartOffset="2945"/>
</LocList>
</BasicBoolTerm>
<BasicBoolTerm Intrnl_Id="151">
<LocList>
<Loc EndOffset="2961" SrcFileId="1" StartOffset="2955"/>
</LocList>
</BasicBoolTerm>
<LocList>
<Loc EndOffset="2954" SrcFileId="1" StartOffset="2952"/>
</LocList>
</OpTerm>
</RootTerm>
</CondStmnt>
</StmntSeq>
</Branch>
<Branch CovItemId="B16" CovItemPrefix="com.OriginalFiles.RemoteNXTFunctions.java" Implct="true" Intrnl_Id="152">
<Cond/>
<LocList/>
<StmntSeq Intrnl_Id="153">
<LocList/>
</StmntSeq>
</Branch>
<Keyword EndOffset="2894" SrcFileId="1" StartOffset="2892"/>
<LocList>
<Loc EndOffset="3427" SrcFileId="1" StartOffset="2892"/>
</LocList>
<RootTerm CovItemId="C10" CovItemPrefix="com.OriginalFiles.RemoteNXTFunctions.java" Intrnl_Id="154">
<BasicBoolTerm Intrnl_Id="155">
<LocList>
<Loc EndOffset="2921" SrcFileId="1" StartOffset="2895"/>
</LocList>
</BasicBoolTerm>
</RootTerm>
</CondStmnt>
<CondStmnt CovItemId="S38" CovItemPrefix="com.OriginalFiles.RemoteNXTFunctions.java" Intrnl_Id="156">
<Branch CovItemId="B23" CovItemPrefix="com.OriginalFiles.RemoteNXTFunctions.java" Implct="false" Intrnl_Id="157">
<Cond/>
<LocList>
<Loc EndOffset="4023" SrcFileId="1" StartOffset="3519"/>
</LocList>
<StmntSeq Intrnl_Id="158">
<LocList>
<Loc EndOffset="4008" SrcFileId="1" StartOffset="3538"/>
</LocList>
<CondStmnt CovItemId="S39" CovItemPrefix="com.OriginalFiles.RemoteNXTFunctions.java" Intrnl_Id="159">
<Branch CovItemId="B25" CovItemPrefix="com.OriginalFiles.RemoteNXTFunctions.java" Implct="false" Intrnl_Id="160">
<Cond/>
<LocList>
<Loc EndOffset="3639" SrcFileId="1" StartOffset="3576"/>
</LocList>
<StmntSeq Intrnl_Id="161">
<LocList>
<Loc EndOffset="3620" SrcFileId="1" StartOffset="3599"/>
</LocList>
<BasicStmnt CovItemId="S40" CovItemPrefix="com.OriginalFiles.RemoteNXTFunctions.java" Intrnl_Id="162">
<LocList>
<Loc EndOffset="3620" SrcFileId="1" StartOffset="3599"/>
</LocList>
</BasicStmnt>
</StmntSeq>
</Branch>
<Branch CovItemId="B26" CovItemPrefix="com.OriginalFiles.RemoteNXTFunctions.java" Implct="false" Intrnl_Id="163">
<Cond>
<Loc EndOffset="3661" SrcFileId="1" StartOffset="3657"/>
</Cond>
<LocList>
<Loc EndOffset="4008" SrcFileId="1" StartOffset="3662"/>
</LocList>
<StmntSeq Intrnl_Id="164">
<LocList>
<Loc EndOffset="4008" SrcFileId="1" StartOffset="3662"/>
</LocList>
<CondStmnt CovItemId="S41" CovItemPrefix="com.OriginalFiles.RemoteNXTFunctions.java" Intrnl_Id="165">
<Branch CovItemId="B27" CovItemPrefix="com.OriginalFiles.RemoteNXTFunctions.java" Implct="false" Intrnl_Id="166">
<Cond/>
<LocList>
<Loc EndOffset="3763" SrcFileId="1" StartOffset="3700"/>
</LocList>
<StmntSeq Intrnl_Id="167">
<LocList>
<Loc EndOffset="3744" SrcFileId="1" StartOffset="3723"/>
</LocList>
<BasicStmnt CovItemId="S42" CovItemPrefix="com.OriginalFiles.RemoteNXTFunctions.java" Intrnl_Id="168">
<LocList>
<Loc EndOffset="3744" SrcFileId="1" StartOffset="3723"/>
</LocList>
</BasicStmnt>
</StmntSeq>
</Branch>
<Branch CovItemId="B28" CovItemPrefix="com.OriginalFiles.RemoteNXTFunctions.java" Implct="false" Intrnl_Id="169">
<Cond>
<Loc EndOffset="3768" SrcFileId="1" StartOffset="3764"/>
</Cond>
<LocList>
<Loc EndOffset="4008" SrcFileId="1" StartOffset="3769"/>
</LocList>
<StmntSeq Intrnl_Id="170">
<LocList>
<Loc EndOffset="4008" SrcFileId="1" StartOffset="3769"/>
</LocList>
<CondStmnt CovItemId="S43" CovItemPrefix="com.OriginalFiles.RemoteNXTFunctions.java" Intrnl_Id="171">
<Branch CovItemId="B29" CovItemPrefix="com.OriginalFiles.RemoteNXTFunctions.java" Implct="false" Intrnl_Id="172">
<Cond/>
<LocList>
<Loc EndOffset="3939" SrcFileId="1" StartOffset="3828"/>
</LocList>
<StmntSeq Intrnl_Id="173">
<LocList>
<Loc EndOffset="3920" SrcFileId="1" StartOffset="3851"/>
</LocList>
<BasicStmnt CovItemId="S44" CovItemPrefix="com.OriginalFiles.RemoteNXTFunctions.java" Intrnl_Id="174">
<LocList>
<Loc EndOffset="3920" SrcFileId="1" StartOffset="3851"/>
</LocList>
</BasicStmnt>
</StmntSeq>
</Branch>
<Branch CovItemId="B30" CovItemPrefix="com.OriginalFiles.RemoteNXTFunctions.java" Implct="false" Intrnl_Id="175">
<Cond>
<Loc EndOffset="3944" SrcFileId="1" StartOffset="3940"/>
</Cond>
<LocList>
<Loc EndOffset="4008" SrcFileId="1" StartOffset="3945"/>
</LocList>
<StmntSeq Intrnl_Id="176">
<LocList>
<Loc EndOffset="3989" SrcFileId="1" StartOffset="3968"/>
</LocList>
<BasicStmnt CovItemId="S45" CovItemPrefix="com.OriginalFiles.RemoteNXTFunctions.java" Intrnl_Id="177">
<LocList>
<Loc EndOffset="3989" SrcFileId="1" StartOffset="3968"/>
</LocList>
</BasicStmnt>
</StmntSeq>
</Branch>
<Keyword EndOffset="3771" SrcFileId="1" StartOffset="3769"/>
<LocList>
<Loc EndOffset="4008" SrcFileId="1" StartOffset="3769"/>
</LocList>
<RootTerm CovItemId="C17" CovItemPrefix="com.OriginalFiles.RemoteNXTFunctions.java" Intrnl_Id="178">
<BasicBoolTerm Intrnl_Id="179">
<LocList>
<Loc EndOffset="3826" SrcFileId="1" StartOffset="3773"/>
</LocList>
</BasicBoolTerm>
</RootTerm>
</CondStmnt>
</StmntSeq>
</Branch>
<Keyword EndOffset="3664" SrcFileId="1" StartOffset="3662"/>
<LocList>
<Loc EndOffset="4008" SrcFileId="1" StartOffset="3662"/>
</LocList>
<RootTerm CovItemId="C16" CovItemPrefix="com.OriginalFiles.RemoteNXTFunctions.java" Intrnl_Id="180">
<OpTerm BooleanOpId="10" Intrnl_Id="181">
<BasicBoolTerm Intrnl_Id="182">
<LocList>
<Loc EndOffset="3671" SrcFileId="1" StartOffset="3665"/>
</LocList>
</BasicBoolTerm>
<BasicBoolTerm Intrnl_Id="183">
<LocList>
<Loc EndOffset="3681" SrcFileId="1" StartOffset="3675"/>
</LocList>
</BasicBoolTerm>
<LocList>
<Loc EndOffset="3674" SrcFileId="1" StartOffset="3672"/>
</LocList>
</OpTerm>
</RootTerm>
</CondStmnt>
</StmntSeq>
</Branch>
<Keyword EndOffset="3540" SrcFileId="1" StartOffset="3538"/>
<LocList>
<Loc EndOffset="4008" SrcFileId="1" StartOffset="3538"/>
</LocList>
<RootTerm CovItemId="C15" CovItemPrefix="com.OriginalFiles.RemoteNXTFunctions.java" Intrnl_Id="184">
<OpTerm BooleanOpId="10" Intrnl_Id="185">
<BasicBoolTerm Intrnl_Id="186">
<LocList>
<Loc EndOffset="3547" SrcFileId="1" StartOffset="3541"/>
</LocList>
</BasicBoolTerm>
<BasicBoolTerm Intrnl_Id="187">
<LocList>
<Loc EndOffset="3557" SrcFileId="1" StartOffset="3551"/>
</LocList>
</BasicBoolTerm>
<LocList>
<Loc EndOffset="3550" SrcFileId="1" StartOffset="3548"/>
</LocList>
</OpTerm>
</RootTerm>
</CondStmnt>
</StmntSeq>
</Branch>
<Branch CovItemId="B24" CovItemPrefix="com.OriginalFiles.RemoteNXTFunctions.java" Implct="true" Intrnl_Id="188">
<Cond/>
<LocList/>
<StmntSeq Intrnl_Id="189">
<LocList/>
</StmntSeq>
</Branch>
<Keyword EndOffset="3490" SrcFileId="1" StartOffset="3488"/>
<LocList>
<Loc EndOffset="4023" SrcFileId="1" StartOffset="3488"/>
</LocList>
<RootTerm CovItemId="C14" CovItemPrefix="com.OriginalFiles.RemoteNXTFunctions.java" Intrnl_Id="190">
<BasicBoolTerm Intrnl_Id="191">
<LocList>
<Loc EndOffset="3517" SrcFileId="1" StartOffset="3491"/>
</LocList>
</BasicBoolTerm>
</RootTerm>
</CondStmnt>
<CondStmnt CovItemId="S46" CovItemPrefix="com.OriginalFiles.RemoteNXTFunctions.java" Intrnl_Id="192">
<Branch CovItemId="B31" CovItemPrefix="com.OriginalFiles.RemoteNXTFunctions.java" Implct="false" Intrnl_Id="193">
<Cond/>
<LocList>
<Loc EndOffset="4572" SrcFileId="1" StartOffset="4068"/>
</LocList>
<StmntSeq Intrnl_Id="194">
<LocList>
<Loc EndOffset="4557" SrcFileId="1" StartOffset="4087"/>
</LocList>
<CondStmnt CovItemId="S47" CovItemPrefix="com.OriginalFiles.RemoteNXTFunctions.java" Intrnl_Id="195">
<Branch CovItemId="B33" CovItemPrefix="com.OriginalFiles.RemoteNXTFunctions.java" Implct="false" Intrnl_Id="196">
<Cond/>
<LocList>
<Loc EndOffset="4188" SrcFileId="1" StartOffset="4125"/>
</LocList>
<StmntSeq Intrnl_Id="197">
<LocList>
<Loc EndOffset="4169" SrcFileId="1" StartOffset="4148"/>
</LocList>
<BasicStmnt CovItemId="S48" CovItemPrefix="com.OriginalFiles.RemoteNXTFunctions.java" Intrnl_Id="198">
<LocList>
<Loc EndOffset="4169" SrcFileId="1" StartOffset="4148"/>
</LocList>
</BasicStmnt>
</StmntSeq>
</Branch>
<Branch CovItemId="B34" CovItemPrefix="com.OriginalFiles.RemoteNXTFunctions.java" Implct="false" Intrnl_Id="199">
<Cond>
<Loc EndOffset="4210" SrcFileId="1" StartOffset="4206"/>
</Cond>
<LocList>
<Loc EndOffset="4557" SrcFileId="1" StartOffset="4211"/>
</LocList>
<StmntSeq Intrnl_Id="200">
<LocList>
<Loc EndOffset="4557" SrcFileId="1" StartOffset="4211"/>
</LocList>
<CondStmnt CovItemId="S49" CovItemPrefix="com.OriginalFiles.RemoteNXTFunctions.java" Intrnl_Id="201">
<Branch CovItemId="B35" CovItemPrefix="com.OriginalFiles.RemoteNXTFunctions.java" Implct="false" Intrnl_Id="202">
<Cond/>
<LocList>
<Loc EndOffset="4312" SrcFileId="1" StartOffset="4249"/>
</LocList>
<StmntSeq Intrnl_Id="203">
<LocList>
<Loc EndOffset="4293" SrcFileId="1" StartOffset="4272"/>
</LocList>
<BasicStmnt CovItemId="S50" CovItemPrefix="com.OriginalFiles.RemoteNXTFunctions.java" Intrnl_Id="204">
<LocList>
<Loc EndOffset="4293" SrcFileId="1" StartOffset="4272"/>
</LocList>
</BasicStmnt>
</StmntSeq>
</Branch>
<Branch CovItemId="B36" CovItemPrefix="com.OriginalFiles.RemoteNXTFunctions.java" Implct="false" Intrnl_Id="205">
<Cond>
<Loc EndOffset="4317" SrcFileId="1" StartOffset="4313"/>
</Cond>
<LocList>
<Loc EndOffset="4557" SrcFileId="1" StartOffset="4318"/>
</LocList>
<StmntSeq Intrnl_Id="206">
<LocList>
<Loc EndOffset="4557" SrcFileId="1" StartOffset="4318"/>
</LocList>
<CondStmnt CovItemId="S51" CovItemPrefix="com.OriginalFiles.RemoteNXTFunctions.java" Intrnl_Id="207">
<Branch CovItemId="B37" CovItemPrefix="com.OriginalFiles.RemoteNXTFunctions.java" Implct="false" Intrnl_Id="208">
<Cond/>
<LocList>
<Loc EndOffset="4488" SrcFileId="1" StartOffset="4377"/>
</LocList>
<StmntSeq Intrnl_Id="209">
<LocList>
<Loc EndOffset="4469" SrcFileId="1" StartOffset="4400"/>
</LocList>
<BasicStmnt CovItemId="S52" CovItemPrefix="com.OriginalFiles.RemoteNXTFunctions.java" Intrnl_Id="210">
<LocList>
<Loc EndOffset="4469" SrcFileId="1" StartOffset="4400"/>
</LocList>
</BasicStmnt>
</StmntSeq>
</Branch>
<Branch CovItemId="B38" CovItemPrefix="com.OriginalFiles.RemoteNXTFunctions.java" Implct="false" Intrnl_Id="211">
<Cond>
<Loc EndOffset="4493" SrcFileId="1" StartOffset="4489"/>
</Cond>
<LocList>
<Loc EndOffset="4557" SrcFileId="1" StartOffset="4494"/>
</LocList>
<StmntSeq Intrnl_Id="212">
<LocList>
<Loc EndOffset="4538" SrcFileId="1" StartOffset="4517"/>
</LocList>
<BasicStmnt CovItemId="S53" CovItemPrefix="com.OriginalFiles.RemoteNXTFunctions.java" Intrnl_Id="213">
<LocList>
<Loc EndOffset="4538" SrcFileId="1" StartOffset="4517"/>
</LocList>
</BasicStmnt>
</StmntSeq>
</Branch>
<Keyword EndOffset="4320" SrcFileId="1" StartOffset="4318"/>
<LocList>
<Loc EndOffset="4557" SrcFileId="1" StartOffset="4318"/>
</LocList>
<RootTerm CovItemId="C21" CovItemPrefix="com.OriginalFiles.RemoteNXTFunctions.java" Intrnl_Id="214">
<BasicBoolTerm Intrnl_Id="215">
<LocList>
<Loc EndOffset="4375" SrcFileId="1" StartOffset="4322"/>
</LocList>
</BasicBoolTerm>
</RootTerm>
</CondStmnt>
</StmntSeq>
</Branch>
<Keyword EndOffset="4213" SrcFileId="1" StartOffset="4211"/>
<LocList>
<Loc EndOffset="4557" SrcFileId="1" StartOffset="4211"/>
</LocList>
<RootTerm CovItemId="C20" CovItemPrefix="com.OriginalFiles.RemoteNXTFunctions.java" Intrnl_Id="216">
<OpTerm BooleanOpId="10" Intrnl_Id="217">
<BasicBoolTerm Intrnl_Id="218">
<LocList>
<Loc EndOffset="4220" SrcFileId="1" StartOffset="4214"/>
</LocList>
</BasicBoolTerm>
<BasicBoolTerm Intrnl_Id="219">
<LocList>
<Loc EndOffset="4230" SrcFileId="1" StartOffset="4224"/>
</LocList>
</BasicBoolTerm>
<LocList>
<Loc EndOffset="4223" SrcFileId="1" StartOffset="4221"/>
</LocList>
</OpTerm>
</RootTerm>
</CondStmnt>
</StmntSeq>
</Branch>
<Keyword EndOffset="4089" SrcFileId="1" StartOffset="4087"/>
<LocList>
<Loc EndOffset="4557" SrcFileId="1" StartOffset="4087"/>
</LocList>
<RootTerm CovItemId="C19" CovItemPrefix="com.OriginalFiles.RemoteNXTFunctions.java" Intrnl_Id="220">
<OpTerm BooleanOpId="10" Intrnl_Id="221">
<BasicBoolTerm Intrnl_Id="222">
<LocList>
<Loc EndOffset="4096" SrcFileId="1" StartOffset="4090"/>
</LocList>
</BasicBoolTerm>
<BasicBoolTerm Intrnl_Id="223">
<LocList>
<Loc EndOffset="4106" SrcFileId="1" StartOffset="4100"/>
</LocList>
</BasicBoolTerm>
<LocList>
<Loc EndOffset="4099" SrcFileId="1" StartOffset="4097"/>
</LocList>
</OpTerm>
</RootTerm>
</CondStmnt>
</StmntSeq>
</Branch>
<Branch CovItemId="B32" CovItemPrefix="com.OriginalFiles.RemoteNXTFunctions.java" Implct="false" Intrnl_Id="224">
<Cond>
<Loc EndOffset="4590" SrcFileId="1" StartOffset="4586"/>
</Cond>
<LocList>
<Loc EndOffset="11286" SrcFileId="1" StartOffset="4591"/>
</LocList>
<StmntSeq Intrnl_Id="225">
<LocList>
<Loc EndOffset="11286" SrcFileId="1" StartOffset="4591"/>
</LocList>
<CondStmnt CovItemId="S54" CovItemPrefix="com.OriginalFiles.RemoteNXTFunctions.java" Intrnl_Id="226">
<Branch CovItemId="B39" CovItemPrefix="com.OriginalFiles.RemoteNXTFunctions.java" Implct="false" Intrnl_Id="227">
<Cond/>
<LocList>
<Loc EndOffset="5232" SrcFileId="1" StartOffset="4621"/>
</LocList>
<StmntSeq Intrnl_Id="228">
<LocList>
<Loc EndOffset="5217" SrcFileId="1" StartOffset="4640"/>
</LocList>
<CondStmnt CovItemId="S55" CovItemPrefix="com.OriginalFiles.RemoteNXTFunctions.java" Intrnl_Id="229">
<Branch CovItemId="B41" CovItemPrefix="com.OriginalFiles.RemoteNXTFunctions.java" Implct="false" Intrnl_Id="230">
<Cond/>
<LocList>
<Loc EndOffset="4741" SrcFileId="1" StartOffset="4678"/>
</LocList>
<StmntSeq Intrnl_Id="231">
<LocList>
<Loc EndOffset="4722" SrcFileId="1" StartOffset="4701"/>
</LocList>
<BasicStmnt CovItemId="S56" CovItemPrefix="com.OriginalFiles.RemoteNXTFunctions.java" Intrnl_Id="232">
<LocList>
<Loc EndOffset="4722" SrcFileId="1" StartOffset="4701"/>
</LocList>
</BasicStmnt>
</StmntSeq>
</Branch>
<Branch CovItemId="B42" CovItemPrefix="com.OriginalFiles.RemoteNXTFunctions.java" Implct="false" Intrnl_Id="233">
<Cond>
<Loc EndOffset="4763" SrcFileId="1" StartOffset="4759"/>
</Cond>
<LocList>
<Loc EndOffset="5217" SrcFileId="1" StartOffset="4764"/>
</LocList>
<StmntSeq Intrnl_Id="234">
<LocList>
<Loc EndOffset="5217" SrcFileId="1" StartOffset="4764"/>
</LocList>
<CondStmnt CovItemId="S57" CovItemPrefix="com.OriginalFiles.RemoteNXTFunctions.java" Intrnl_Id="235">
<Branch CovItemId="B43" CovItemPrefix="com.OriginalFiles.RemoteNXTFunctions.java" Implct="false" Intrnl_Id="236">
<Cond/>
<LocList>
<Loc EndOffset="4848" SrcFileId="1" StartOffset="4785"/>
</LocList>
<StmntSeq Intrnl_Id="237">
<LocList>
<Loc EndOffset="4829" SrcFileId="1" StartOffset="4808"/>
</LocList>
<BasicStmnt CovItemId="S58" CovItemPrefix="com.OriginalFiles.RemoteNXTFunctions.java" Intrnl_Id="238">
<LocList>
<Loc EndOffset="4829" SrcFileId="1" StartOffset="4808"/>
</LocList>
</BasicStmnt>
</StmntSeq>
</Branch>
<Branch CovItemId="B44" CovItemPrefix="com.OriginalFiles.RemoteNXTFunctions.java" Implct="false" Intrnl_Id="239">
<Cond>
<Loc EndOffset="4870" SrcFileId="1" StartOffset="4866"/>
</Cond>
<LocList>
<Loc EndOffset="5217" SrcFileId="1" StartOffset="4871"/>
</LocList>
<StmntSeq Intrnl_Id="240">
<LocList>
<Loc EndOffset="5217" SrcFileId="1" StartOffset="4871"/>
</LocList>
<CondStmnt CovItemId="S59" CovItemPrefix="com.OriginalFiles.RemoteNXTFunctions.java" Intrnl_Id="241">
<Branch CovItemId="B45" CovItemPrefix="com.OriginalFiles.RemoteNXTFunctions.java" Implct="false" Intrnl_Id="242">
<Cond/>
<LocList>
<Loc EndOffset="4972" SrcFileId="1" StartOffset="4909"/>
</LocList>
<StmntSeq Intrnl_Id="243">
<LocList>
<Loc EndOffset="4953" SrcFileId="1" StartOffset="4932"/>
</LocList>
<BasicStmnt CovItemId="S60" CovItemPrefix="com.OriginalFiles.RemoteNXTFunctions.java" Intrnl_Id="244">
<LocList>
<Loc EndOffset="4953" SrcFileId="1" StartOffset="4932"/>
</LocList>
</BasicStmnt>
</StmntSeq>
</Branch>
<Branch CovItemId="B46" CovItemPrefix="com.OriginalFiles.RemoteNXTFunctions.java" Implct="false" Intrnl_Id="245">
<Cond>
<Loc EndOffset="4977" SrcFileId="1" StartOffset="4973"/>
</Cond>
<LocList>
<Loc EndOffset="5217" SrcFileId="1" StartOffset="4978"/>
</LocList>
<StmntSeq Intrnl_Id="246">
<LocList>
<Loc EndOffset="5217" SrcFileId="1" StartOffset="4978"/>
</LocList>
<CondStmnt CovItemId="S61" CovItemPrefix="com.OriginalFiles.RemoteNXTFunctions.java" Intrnl_Id="247">
<Branch CovItemId="B47" CovItemPrefix="com.OriginalFiles.RemoteNXTFunctions.java" Implct="false" Intrnl_Id="248">
<Cond/>
<LocList>
<Loc EndOffset="5148" SrcFileId="1" StartOffset="5037"/>
</LocList>
<StmntSeq Intrnl_Id="249">
<LocList>
<Loc EndOffset="5129" SrcFileId="1" StartOffset="5060"/>
</LocList>
<BasicStmnt CovItemId="S62" CovItemPrefix="com.OriginalFiles.RemoteNXTFunctions.java" Intrnl_Id="250">
<LocList>
<Loc EndOffset="5129" SrcFileId="1" StartOffset="5060"/>
</LocList>
</BasicStmnt>
</StmntSeq>
</Branch>
<Branch CovItemId="B48" CovItemPrefix="com.OriginalFiles.RemoteNXTFunctions.java" Implct="false" Intrnl_Id="251">
<Cond>
<Loc EndOffset="5153" SrcFileId="1" StartOffset="5149"/>
</Cond>
<LocList>
<Loc EndOffset="5217" SrcFileId="1" StartOffset="5154"/>
</LocList>
<StmntSeq Intrnl_Id="252">
<LocList>
<Loc EndOffset="5198" SrcFileId="1" StartOffset="5177"/>
</LocList>
<BasicStmnt CovItemId="S63" CovItemPrefix="com.OriginalFiles.RemoteNXTFunctions.java" Intrnl_Id="253">
<LocList>
<Loc EndOffset="5198" SrcFileId="1" StartOffset="5177"/>
</LocList>
</BasicStmnt>
</StmntSeq>
</Branch>
<Keyword EndOffset="4980" SrcFileId="1" StartOffset="4978"/>
<LocList>
<Loc EndOffset="5217" SrcFileId="1" StartOffset="4978"/>
</LocList>
<RootTerm CovItemId="C26" CovItemPrefix="com.OriginalFiles.RemoteNXTFunctions.java" Intrnl_Id="254">
<BasicBoolTerm Intrnl_Id="255">
<LocList>
<Loc EndOffset="5035" SrcFileId="1" StartOffset="4982"/>
</LocList>
</BasicBoolTerm>
</RootTerm>
</CondStmnt>
</StmntSeq>
</Branch>
<Keyword EndOffset="4873" SrcFileId="1" StartOffset="4871"/>
<LocList>
<Loc EndOffset="5217" SrcFileId="1" StartOffset="4871"/>
</LocList>
<RootTerm CovItemId="C25" CovItemPrefix="com.OriginalFiles.RemoteNXTFunctions.java" Intrnl_Id="256">
<OpTerm BooleanOpId="10" Intrnl_Id="257">
<BasicBoolTerm Intrnl_Id="258">
<LocList>
<Loc EndOffset="4880" SrcFileId="1" StartOffset="4874"/>
</LocList>
</BasicBoolTerm>
<BasicBoolTerm Intrnl_Id="259">
<LocList>
<Loc EndOffset="4890" SrcFileId="1" StartOffset="4884"/>
</LocList>
</BasicBoolTerm>
<LocList>
<Loc EndOffset="4883" SrcFileId="1" StartOffset="4881"/>
</LocList>
</OpTerm>
</RootTerm>
</CondStmnt>
</StmntSeq>
</Branch>
<Keyword EndOffset="4766" SrcFileId="1" StartOffset="4764"/>
<LocList>
<Loc EndOffset="5217" SrcFileId="1" StartOffset="4764"/>
</LocList>
<RootTerm CovItemId="C24" CovItemPrefix="com.OriginalFiles.RemoteNXTFunctions.java" Intrnl_Id="260">
<OpTerm BooleanOpId="10" Intrnl_Id="261">
<BasicBoolTerm Intrnl_Id="262">
<LocList>
<Loc EndOffset="4773" SrcFileId="1" StartOffset="4767"/>
</LocList>
</BasicBoolTerm>
<BasicBoolTerm Intrnl_Id="263">
<LocList>
<Loc EndOffset="4783" SrcFileId="1" StartOffset="4777"/>
</LocList>
</BasicBoolTerm>
<LocList>
<Loc EndOffset="4776" SrcFileId="1" StartOffset="4774"/>
</LocList>
</OpTerm>
</RootTerm>
</CondStmnt>
</StmntSeq>
</Branch>
<Keyword EndOffset="4642" SrcFileId="1" StartOffset="4640"/>
<LocList>
<Loc EndOffset="5217" SrcFileId="1" StartOffset="4640"/>
</LocList>
<RootTerm CovItemId="C23" CovItemPrefix="com.OriginalFiles.RemoteNXTFunctions.java" Intrnl_Id="264">
<OpTerm BooleanOpId="10" Intrnl_Id="265">
<BasicBoolTerm Intrnl_Id="266">
<LocList>
<Loc EndOffset="4649" SrcFileId="1" StartOffset="4643"/>
</LocList>
</BasicBoolTerm>
<BasicBoolTerm Intrnl_Id="267">
<LocList>
<Loc EndOffset="4659" SrcFileId="1" StartOffset="4653"/>
</LocList>
</BasicBoolTerm>
<LocList>
<Loc EndOffset="4652" SrcFileId="1" StartOffset="4650"/>
</LocList>
</OpTerm>
</RootTerm>
</CondStmnt>
</StmntSeq>
</Branch>
<Branch CovItemId="B40" CovItemPrefix="com.OriginalFiles.RemoteNXTFunctions.java" Implct="false" Intrnl_Id="268">
<Cond>
<Loc EndOffset="5250" SrcFileId="1" StartOffset="5246"/>
</Cond>
<LocList>
<Loc EndOffset="11286" SrcFileId="1" StartOffset="5251"/>
</LocList>
<StmntSeq Intrnl_Id="269">
<LocList>
<Loc EndOffset="11286" SrcFileId="1" StartOffset="5251"/>
</LocList>
<CondStmnt CovItemId="S64" CovItemPrefix="com.OriginalFiles.RemoteNXTFunctions.java" Intrnl_Id="270">
<Branch CovItemId="B49" CovItemPrefix="com.OriginalFiles.RemoteNXTFunctions.java" Implct="false" Intrnl_Id="271">
<Cond/>
<LocList>
<Loc EndOffset="5644" SrcFileId="1" StartOffset="5281"/>
</LocList>
<StmntSeq Intrnl_Id="272">
<LocList>
<Loc EndOffset="5629" SrcFileId="1" StartOffset="5300"/>
</LocList>
<CondStmnt CovItemId="S65" CovItemPrefix="com.OriginalFiles.RemoteNXTFunctions.java" Intrnl_Id="273">
<Branch CovItemId="B51" CovItemPrefix="com.OriginalFiles.RemoteNXTFunctions.java" Implct="false" Intrnl_Id="274">
<Cond/>
<LocList>
<Loc EndOffset="5384" SrcFileId="1" StartOffset="5321"/>
</LocList>
<StmntSeq Intrnl_Id="275">
<LocList>
<Loc EndOffset="5365" SrcFileId="1" StartOffset="5344"/>
</LocList>
<BasicStmnt CovItemId="S66" CovItemPrefix="com.OriginalFiles.RemoteNXTFunctions.java" Intrnl_Id="276">
<LocList>
<Loc EndOffset="5365" SrcFileId="1" StartOffset="5344"/>
</LocList>
</BasicStmnt>
</StmntSeq>
</Branch>
<Branch CovItemId="B52" CovItemPrefix="com.OriginalFiles.RemoteNXTFunctions.java" Implct="false" Intrnl_Id="277">
<Cond>
<Loc EndOffset="5389" SrcFileId="1" StartOffset="5385"/>
</Cond>
<LocList>
<Loc EndOffset="5629" SrcFileId="1" StartOffset="5390"/>
</LocList>
<StmntSeq Intrnl_Id="278">
<LocList>
<Loc EndOffset="5629" SrcFileId="1" StartOffset="5390"/>
</LocList>
<CondStmnt CovItemId="S67" CovItemPrefix="com.OriginalFiles.RemoteNXTFunctions.java" Intrnl_Id="279">
<Branch CovItemId="B53" CovItemPrefix="com.OriginalFiles.RemoteNXTFunctions.java" Implct="false" Intrnl_Id="280">
<Cond/>
<LocList>
<Loc EndOffset="5560" SrcFileId="1" StartOffset="5449"/>
</LocList>
<StmntSeq Intrnl_Id="281">
<LocList>
<Loc EndOffset="5541" SrcFileId="1" StartOffset="5472"/>
</LocList>
<BasicStmnt CovItemId="S68" CovItemPrefix="com.OriginalFiles.RemoteNXTFunctions.java" Intrnl_Id="282">
<LocList>
<Loc EndOffset="5541" SrcFileId="1" StartOffset="5472"/>
</LocList>
</BasicStmnt>
</StmntSeq>
</Branch>
<Branch CovItemId="B54" CovItemPrefix="com.OriginalFiles.RemoteNXTFunctions.java" Implct="false" Intrnl_Id="283">
<Cond>
<Loc EndOffset="5565" SrcFileId="1" StartOffset="5561"/>
</Cond>
<LocList>
<Loc EndOffset="5629" SrcFileId="1" StartOffset="5566"/>
</LocList>
<StmntSeq Intrnl_Id="284">
<LocList>
<Loc EndOffset="5610" SrcFileId="1" StartOffset="5589"/>
</LocList>
<BasicStmnt CovItemId="S69" CovItemPrefix="com.OriginalFiles.RemoteNXTFunctions.java" Intrnl_Id="285">
<LocList>
<Loc EndOffset="5610" SrcFileId="1" StartOffset="5589"/>
</LocList>
</BasicStmnt>
</StmntSeq>
</Branch>
<Keyword EndOffset="5392" SrcFileId="1" StartOffset="5390"/>
<LocList>
<Loc EndOffset="5629" SrcFileId="1" StartOffset="5390"/>
</LocList>
<RootTerm CovItemId="C29" CovItemPrefix="com.OriginalFiles.RemoteNXTFunctions.java" Intrnl_Id="286">
<BasicBoolTerm Intrnl_Id="287">
<LocList>
<Loc EndOffset="5447" SrcFileId="1" StartOffset="5394"/>
</LocList>
</BasicBoolTerm>
</RootTerm>
</CondStmnt>
</StmntSeq>
</Branch>
<Keyword EndOffset="5302" SrcFileId="1" StartOffset="5300"/>
<LocList>
<Loc EndOffset="5629" SrcFileId="1" StartOffset="5300"/>
</LocList>
<RootTerm CovItemId="C28" CovItemPrefix="com.OriginalFiles.RemoteNXTFunctions.java" Intrnl_Id="288">
<OpTerm BooleanOpId="10" Intrnl_Id="289">
<BasicBoolTerm Intrnl_Id="290">
<LocList>
<Loc EndOffset="5309" SrcFileId="1" StartOffset="5303"/>
</LocList>
</BasicBoolTerm>
<BasicBoolTerm Intrnl_Id="291">
<LocList>
<Loc EndOffset="5319" SrcFileId="1" StartOffset="5313"/>
</LocList>
</BasicBoolTerm>
<LocList>
<Loc EndOffset="5312" SrcFileId="1" StartOffset="5310"/>
</LocList>
</OpTerm>
</RootTerm>
</CondStmnt>
</StmntSeq>
</Branch>
<Branch CovItemId="B50" CovItemPrefix="com.OriginalFiles.RemoteNXTFunctions.java" Implct="false" Intrnl_Id="292">
<Cond>
<Loc EndOffset="5662" SrcFileId="1" StartOffset="5658"/>
</Cond>
<LocList>
<Loc EndOffset="11286" SrcFileId="1" StartOffset="5663"/>
</LocList>
<StmntSeq Intrnl_Id="293">
<LocList>
<Loc EndOffset="11286" SrcFileId="1" StartOffset="5663"/>
</LocList>
<CondStmnt CovItemId="S70" CovItemPrefix="com.OriginalFiles.RemoteNXTFunctions.java" Intrnl_Id="294">
<Branch CovItemId="B55" CovItemPrefix="com.OriginalFiles.RemoteNXTFunctions.java" Implct="false" Intrnl_Id="295">
<Cond/>
<LocList>
<Loc EndOffset="6056" SrcFileId="1" StartOffset="5693"/>
</LocList>
<StmntSeq Intrnl_Id="296">
<LocList>
<Loc EndOffset="6041" SrcFileId="1" StartOffset="5712"/>
</LocList>
<CondStmnt CovItemId="S71" CovItemPrefix="com.OriginalFiles.RemoteNXTFunctions.java" Intrnl_Id="297">
<Branch CovItemId="B57" CovItemPrefix="com.OriginalFiles.RemoteNXTFunctions.java" Implct="false" Intrnl_Id="298">
<Cond/>
<LocList>
<Loc EndOffset="5796" SrcFileId="1" StartOffset="5733"/>
</LocList>
<StmntSeq Intrnl_Id="299">
<LocList>
<Loc EndOffset="5777" SrcFileId="1" StartOffset="5756"/>
</LocList>
<BasicStmnt CovItemId="S72" CovItemPrefix="com.OriginalFiles.RemoteNXTFunctions.java" Intrnl_Id="300">
<LocList>
<Loc EndOffset="5777" SrcFileId="1" StartOffset="5756"/>
</LocList>
</BasicStmnt>
</StmntSeq>
</Branch>
<Branch CovItemId="B58" CovItemPrefix="com.OriginalFiles.RemoteNXTFunctions.java" Implct="false" Intrnl_Id="301">
<Cond>
<Loc EndOffset="5801" SrcFileId="1" StartOffset="5797"/>
</Cond>
<LocList>
<Loc EndOffset="6041" SrcFileId="1" StartOffset="5802"/>
</LocList>
<StmntSeq Intrnl_Id="302">
<LocList>
<Loc EndOffset="6041" SrcFileId="1" StartOffset="5802"/>
</LocList>
<CondStmnt CovItemId="S73" CovItemPrefix="com.OriginalFiles.RemoteNXTFunctions.java" Intrnl_Id="303">
<Branch CovItemId="B59" CovItemPrefix="com.OriginalFiles.RemoteNXTFunctions.java" Implct="false" Intrnl_Id="304">
<Cond/>
<LocList>
<Loc EndOffset="5972" SrcFileId="1" StartOffset="5861"/>
</LocList>
<StmntSeq Intrnl_Id="305">
<LocList>
<Loc EndOffset="5953" SrcFileId="1" StartOffset="5884"/>
</LocList>
<BasicStmnt CovItemId="S74" CovItemPrefix="com.OriginalFiles.RemoteNXTFunctions.java" Intrnl_Id="306">
<LocList>
<Loc EndOffset="5953" SrcFileId="1" StartOffset="5884"/>
</LocList>
</BasicStmnt>
</StmntSeq>
</Branch>
<Branch CovItemId="B60" CovItemPrefix="com.OriginalFiles.RemoteNXTFunctions.java" Implct="false" Intrnl_Id="307">
<Cond>
<Loc EndOffset="5977" SrcFileId="1" StartOffset="5973"/>
</Cond>
<LocList>
<Loc EndOffset="6041" SrcFileId="1" StartOffset="5978"/>
</LocList>
<StmntSeq Intrnl_Id="308">
<LocList>
<Loc EndOffset="6022" SrcFileId="1" StartOffset="6001"/>
</LocList>
<BasicStmnt CovItemId="S75" CovItemPrefix="com.OriginalFiles.RemoteNXTFunctions.java" Intrnl_Id="309">
<LocList>
<Loc EndOffset="6022" SrcFileId="1" StartOffset="6001"/>
</LocList>
</BasicStmnt>
</StmntSeq>
</Branch>
<Keyword EndOffset="5804" SrcFileId="1" StartOffset="5802"/>
<LocList>
<Loc EndOffset="6041" SrcFileId="1" StartOffset="5802"/>
</LocList>
<RootTerm CovItemId="C32" CovItemPrefix="com.OriginalFiles.RemoteNXTFunctions.java" Intrnl_Id="310">
<BasicBoolTerm Intrnl_Id="311">
<LocList>
<Loc EndOffset="5859" SrcFileId="1" StartOffset="5806"/>
</LocList>
</BasicBoolTerm>
</RootTerm>
</CondStmnt>
</StmntSeq>
</Branch>
<Keyword EndOffset="5714" SrcFileId="1" StartOffset="5712"/>
<LocList>
<Loc EndOffset="6041" SrcFileId="1" StartOffset="5712"/>
</LocList>
<RootTerm CovItemId="C31" CovItemPrefix="com.OriginalFiles.RemoteNXTFunctions.java" Intrnl_Id="312">
<OpTerm BooleanOpId="10" Intrnl_Id="313">
<BasicBoolTerm Intrnl_Id="314">
<LocList>
<Loc EndOffset="5721" SrcFileId="1" StartOffset="5715"/>
</LocList>
</BasicBoolTerm>
<BasicBoolTerm Intrnl_Id="315">
<LocList>
<Loc EndOffset="5731" SrcFileId="1" StartOffset="5725"/>
</LocList>
</BasicBoolTerm>
<LocList>
<Loc EndOffset="5724" SrcFileId="1" StartOffset="5722"/>
</LocList>
</OpTerm>
</RootTerm>
</CondStmnt>
</StmntSeq>
</Branch>
<Branch CovItemId="B56" CovItemPrefix="com.OriginalFiles.RemoteNXTFunctions.java" Implct="false" Intrnl_Id="316">
<Cond>
<Loc EndOffset="6074" SrcFileId="1" StartOffset="6070"/>
</Cond>
<LocList>
<Loc EndOffset="11286" SrcFileId="1" StartOffset="6075"/>
</LocList>
<StmntSeq Intrnl_Id="317">
<LocList>
<Loc EndOffset="11286" SrcFileId="1" StartOffset="6075"/>
</LocList>
<CondStmnt CovItemId="S76" CovItemPrefix="com.OriginalFiles.RemoteNXTFunctions.java" Intrnl_Id="318">
<Branch CovItemId="B61" CovItemPrefix="com.OriginalFiles.RemoteNXTFunctions.java" Implct="false" Intrnl_Id="319">
<Cond/>
<LocList>
<Loc EndOffset="6558" SrcFileId="1" StartOffset="6105"/>
</LocList>
<StmntSeq Intrnl_Id="320">
<LocList>
<Loc EndOffset="6543" SrcFileId="1" StartOffset="6124"/>
</LocList>
<CondStmnt CovItemId="S77" CovItemPrefix="com.OriginalFiles.RemoteNXTFunctions.java" Intrnl_Id="321">
<Branch CovItemId="B63" CovItemPrefix="com.OriginalFiles.RemoteNXTFunctions.java" Implct="false" Intrnl_Id="322">
<Cond/>
<LocList>
<Loc EndOffset="6208" SrcFileId="1" StartOffset="6145"/>
</LocList>
<StmntSeq Intrnl_Id="323">
<LocList>
<Loc EndOffset="6189" SrcFileId="1" StartOffset="6168"/>
</LocList>
<BasicStmnt CovItemId="S78" CovItemPrefix="com.OriginalFiles.RemoteNXTFunctions.java" Intrnl_Id="324">
<LocList>
<Loc EndOffset="6189" SrcFileId="1" StartOffset="6168"/>
</LocList>
</BasicStmnt>
</StmntSeq>
</Branch>
<Branch CovItemId="B64" CovItemPrefix="com.OriginalFiles.RemoteNXTFunctions.java" Implct="false" Intrnl_Id="325">
<Cond>
<Loc EndOffset="6213" SrcFileId="1" StartOffset="6209"/>
</Cond>
<LocList>
<Loc EndOffset="6543" SrcFileId="1" StartOffset="6214"/>
</LocList>
<StmntSeq Intrnl_Id="326">
<LocList>
<Loc EndOffset="6543" SrcFileId="1" StartOffset="6214"/>
</LocList>
<CondStmnt CovItemId="S79" CovItemPrefix="com.OriginalFiles.RemoteNXTFunctions.java" Intrnl_Id="327">
<Branch CovItemId="B65" CovItemPrefix="com.OriginalFiles.RemoteNXTFunctions.java" Implct="false" Intrnl_Id="328">
<Cond/>
<LocList>
<Loc EndOffset="6298" SrcFileId="1" StartOffset="6235"/>
</LocList>
<StmntSeq Intrnl_Id="329">
<LocList>
<Loc EndOffset="6279" SrcFileId="1" StartOffset="6258"/>
</LocList>
<BasicStmnt CovItemId="S80" CovItemPrefix="com.OriginalFiles.RemoteNXTFunctions.java" Intrnl_Id="330">
<LocList>
<Loc EndOffset="6279" SrcFileId="1" StartOffset="6258"/>
</LocList>
</BasicStmnt>
</StmntSeq>
</Branch>
<Branch CovItemId="B66" CovItemPrefix="com.OriginalFiles.RemoteNXTFunctions.java" Implct="false" Intrnl_Id="331">
<Cond>
<Loc EndOffset="6303" SrcFileId="1" StartOffset="6299"/>
</Cond>
<LocList>
<Loc EndOffset="6543" SrcFileId="1" StartOffset="6304"/>
</LocList>
<StmntSeq Intrnl_Id="332">
<LocList>
<Loc EndOffset="6543" SrcFileId="1" StartOffset="6304"/>
</LocList>
<CondStmnt CovItemId="S81" CovItemPrefix="com.OriginalFiles.RemoteNXTFunctions.java" Intrnl_Id="333">
<Branch CovItemId="B67" CovItemPrefix="com.OriginalFiles.RemoteNXTFunctions.java" Implct="false" Intrnl_Id="334">
<Cond/>
<LocList>
<Loc EndOffset="6474" SrcFileId="1" StartOffset="6363"/>
</LocList>
<StmntSeq Intrnl_Id="335">
<LocList>
<Loc EndOffset="6455" SrcFileId="1" StartOffset="6386"/>
</LocList>
<BasicStmnt CovItemId="S82" CovItemPrefix="com.OriginalFiles.RemoteNXTFunctions.java" Intrnl_Id="336">
<LocList>
<Loc EndOffset="6455" SrcFileId="1" StartOffset="6386"/>
</LocList>
</BasicStmnt>
</StmntSeq>
</Branch>
<Branch CovItemId="B68" CovItemPrefix="com.OriginalFiles.RemoteNXTFunctions.java" Implct="false" Intrnl_Id="337">
<Cond>
<Loc EndOffset="6479" SrcFileId="1" StartOffset="6475"/>
</Cond>
<LocList>
<Loc EndOffset="6543" SrcFileId="1" StartOffset="6480"/>
</LocList>
<StmntSeq Intrnl_Id="338">
<LocList>
<Loc EndOffset="6524" SrcFileId="1" StartOffset="6503"/>
</LocList>
<BasicStmnt CovItemId="S83" CovItemPrefix="com.OriginalFiles.RemoteNXTFunctions.java" Intrnl_Id="339">
<LocList>
<Loc EndOffset="6524" SrcFileId="1" StartOffset="6503"/>
</LocList>
</BasicStmnt>
</StmntSeq>
</Branch>
<Keyword EndOffset="6306" SrcFileId="1" StartOffset="6304"/>
<LocList>
<Loc EndOffset="6543" SrcFileId="1" StartOffset="6304"/>
</LocList>
<RootTerm CovItemId="C36" CovItemPrefix="com.OriginalFiles.RemoteNXTFunctions.java" Intrnl_Id="340">
<BasicBoolTerm Intrnl_Id="341">
<LocList>
<Loc EndOffset="6361" SrcFileId="1" StartOffset="6308"/>
</LocList>
</BasicBoolTerm>
</RootTerm>
</CondStmnt>
</StmntSeq>
</Branch>
<Keyword EndOffset="6216" SrcFileId="1" StartOffset="6214"/>
<LocList>
<Loc EndOffset="6543" SrcFileId="1" StartOffset="6214"/>
</LocList>
<RootTerm CovItemId="C35" CovItemPrefix="com.OriginalFiles.RemoteNXTFunctions.java" Intrnl_Id="342">
<OpTerm BooleanOpId="10" Intrnl_Id="343">
<BasicBoolTerm Intrnl_Id="344">
<LocList>
<Loc EndOffset="6223" SrcFileId="1" StartOffset="6217"/>
</LocList>
</BasicBoolTerm>
<BasicBoolTerm Intrnl_Id="345">
<LocList>
<Loc EndOffset="6233" SrcFileId="1" StartOffset="6227"/>
</LocList>
</BasicBoolTerm>
<LocList>
<Loc EndOffset="6226" SrcFileId="1" StartOffset="6224"/>
</LocList>
</OpTerm>
</RootTerm>
</CondStmnt>
</StmntSeq>
</Branch>
<Keyword EndOffset="6126" SrcFileId="1" StartOffset="6124"/>
<LocList>
<Loc EndOffset="6543" SrcFileId="1" StartOffset="6124"/>
</LocList>
<RootTerm CovItemId="C34" CovItemPrefix="com.OriginalFiles.RemoteNXTFunctions.java" Intrnl_Id="346">
<OpTerm BooleanOpId="10" Intrnl_Id="347">
<BasicBoolTerm Intrnl_Id="348">
<LocList>
<Loc EndOffset="6133" SrcFileId="1" StartOffset="6127"/>
</LocList>
</BasicBoolTerm>
<BasicBoolTerm Intrnl_Id="349">
<LocList>
<Loc EndOffset="6143" SrcFileId="1" StartOffset="6137"/>
</LocList>
</BasicBoolTerm>
<LocList>
<Loc EndOffset="6136" SrcFileId="1" StartOffset="6134"/>
</LocList>
</OpTerm>
</RootTerm>
</CondStmnt>
</StmntSeq>
</Branch>
<Branch CovItemId="B62" CovItemPrefix="com.OriginalFiles.RemoteNXTFunctions.java" Implct="false" Intrnl_Id="350">
<Cond>
<Loc EndOffset="6576" SrcFileId="1" StartOffset="6572"/>
</Cond>
<LocList>
<Loc EndOffset="11286" SrcFileId="1" StartOffset="6577"/>
</LocList>
<StmntSeq Intrnl_Id="351">
<LocList>
<Loc EndOffset="11286" SrcFileId="1" StartOffset="6577"/>
</LocList>
<CondStmnt CovItemId="S84" CovItemPrefix="com.OriginalFiles.RemoteNXTFunctions.java" Intrnl_Id="352">
<Branch CovItemId="B69" CovItemPrefix="com.OriginalFiles.RemoteNXTFunctions.java" Implct="false" Intrnl_Id="353">
<Cond/>
<LocList>
<Loc EndOffset="7060" SrcFileId="1" StartOffset="6607"/>
</LocList>
<StmntSeq Intrnl_Id="354">
<LocList>
<Loc EndOffset="7045" SrcFileId="1" StartOffset="6626"/>
</LocList>
<CondStmnt CovItemId="S85" CovItemPrefix="com.OriginalFiles.RemoteNXTFunctions.java" Intrnl_Id="355">
<Branch CovItemId="B71" CovItemPrefix="com.OriginalFiles.RemoteNXTFunctions.java" Implct="false" Intrnl_Id="356">
<Cond/>
<LocList>
<Loc EndOffset="6710" SrcFileId="1" StartOffset="6647"/>
</LocList>
<StmntSeq Intrnl_Id="357">
<LocList>
<Loc EndOffset="6691" SrcFileId="1" StartOffset="6670"/>
</LocList>
<BasicStmnt CovItemId="S86" CovItemPrefix="com.OriginalFiles.RemoteNXTFunctions.java" Intrnl_Id="358">
<LocList>
<Loc EndOffset="6691" SrcFileId="1" StartOffset="6670"/>
</LocList>
</BasicStmnt>
</StmntSeq>
</Branch>
<Branch CovItemId="B72" CovItemPrefix="com.OriginalFiles.RemoteNXTFunctions.java" Implct="false" Intrnl_Id="359">
<Cond>
<Loc EndOffset="6715" SrcFileId="1" StartOffset="6711"/>
</Cond>
<LocList>
<Loc EndOffset="7045" SrcFileId="1" StartOffset="6716"/>
</LocList>
<StmntSeq Intrnl_Id="360">
<LocList>
<Loc EndOffset="7045" SrcFileId="1" StartOffset="6716"/>
</LocList>
<CondStmnt CovItemId="S87" CovItemPrefix="com.OriginalFiles.RemoteNXTFunctions.java" Intrnl_Id="361">
<Branch CovItemId="B73" CovItemPrefix="com.OriginalFiles.RemoteNXTFunctions.java" Implct="false" Intrnl_Id="362">
<Cond/>
<LocList>
<Loc EndOffset="6800" SrcFileId="1" StartOffset="6737"/>
</LocList>
<StmntSeq Intrnl_Id="363">
<LocList>
<Loc EndOffset="6781" SrcFileId="1" StartOffset="6760"/>
</LocList>
<BasicStmnt CovItemId="S88" CovItemPrefix="com.OriginalFiles.RemoteNXTFunctions.java" Intrnl_Id="364">
<LocList>
<Loc EndOffset="6781" SrcFileId="1" StartOffset="6760"/>
</LocList>
</BasicStmnt>
</StmntSeq>
</Branch>
<Branch CovItemId="B74" CovItemPrefix="com.OriginalFiles.RemoteNXTFunctions.java" Implct="false" Intrnl_Id="365">
<Cond>
<Loc EndOffset="6805" SrcFileId="1" StartOffset="6801"/>
</Cond>
<LocList>
<Loc EndOffset="7045" SrcFileId="1" StartOffset="6806"/>
</LocList>
<StmntSeq Intrnl_Id="366">
<LocList>
<Loc EndOffset="7045" SrcFileId="1" StartOffset="6806"/>
</LocList>
<CondStmnt CovItemId="S89" CovItemPrefix="com.OriginalFiles.RemoteNXTFunctions.java" Intrnl_Id="367">
<Branch CovItemId="B75" CovItemPrefix="com.OriginalFiles.RemoteNXTFunctions.java" Implct="false" Intrnl_Id="368">
<Cond/>
<LocList>
<Loc EndOffset="6976" SrcFileId="1" StartOffset="6865"/>
</LocList>
<StmntSeq Intrnl_Id="369">
<LocList>
<Loc EndOffset="6957" SrcFileId="1" StartOffset="6888"/>
</LocList>
<BasicStmnt CovItemId="S90" CovItemPrefix="com.OriginalFiles.RemoteNXTFunctions.java" Intrnl_Id="370">
<LocList>
<Loc EndOffset="6957" SrcFileId="1" StartOffset="6888"/>
</LocList>
</BasicStmnt>
</StmntSeq>
</Branch>
<Branch CovItemId="B76" CovItemPrefix="com.OriginalFiles.RemoteNXTFunctions.java" Implct="false" Intrnl_Id="371">
<Cond>
<Loc EndOffset="6981" SrcFileId="1" StartOffset="6977"/>
</Cond>
<LocList>
<Loc EndOffset="7045" SrcFileId="1" StartOffset="6982"/>
</LocList>
<StmntSeq Intrnl_Id="372">
<LocList>
<Loc EndOffset="7026" SrcFileId="1" StartOffset="7005"/>
</LocList>
<BasicStmnt CovItemId="S91" CovItemPrefix="com.OriginalFiles.RemoteNXTFunctions.java" Intrnl_Id="373">
<LocList>
<Loc EndOffset="7026" SrcFileId="1" StartOffset="7005"/>
</LocList>
</BasicStmnt>
</StmntSeq>
</Branch>
<Keyword EndOffset="6808" SrcFileId="1" StartOffset="6806"/>
<LocList>
<Loc EndOffset="7045" SrcFileId="1" StartOffset="6806"/>
</LocList>
<RootTerm CovItemId="C40" CovItemPrefix="com.OriginalFiles.RemoteNXTFunctions.java" Intrnl_Id="374">
<BasicBoolTerm Intrnl_Id="375">
<LocList>
<Loc EndOffset="6863" SrcFileId="1" StartOffset="6810"/>
</LocList>
</BasicBoolTerm>
</RootTerm>
</CondStmnt>
</StmntSeq>
</Branch>
<Keyword EndOffset="6718" SrcFileId="1" StartOffset="6716"/>
<LocList>
<Loc EndOffset="7045" SrcFileId="1" StartOffset="6716"/>
</LocList>
<RootTerm CovItemId="C39" CovItemPrefix="com.OriginalFiles.RemoteNXTFunctions.java" Intrnl_Id="376">
<OpTerm BooleanOpId="10" Intrnl_Id="377">
<BasicBoolTerm Intrnl_Id="378">
<LocList>
<Loc EndOffset="6725" SrcFileId="1" StartOffset="6719"/>
</LocList>
</BasicBoolTerm>
<BasicBoolTerm Intrnl_Id="379">
<LocList>
<Loc EndOffset="6735" SrcFileId="1" StartOffset="6729"/>
</LocList>
</BasicBoolTerm>
<LocList>
<Loc EndOffset="6728" SrcFileId="1" StartOffset="6726"/>
</LocList>
</OpTerm>
</RootTerm>
</CondStmnt>
</StmntSeq>
</Branch>
<Keyword EndOffset="6628" SrcFileId="1" StartOffset="6626"/>
<LocList>
<Loc EndOffset="7045" SrcFileId="1" StartOffset="6626"/>
</LocList>
<RootTerm CovItemId="C38" CovItemPrefix="com.OriginalFiles.RemoteNXTFunctions.java" Intrnl_Id="380">
<OpTerm BooleanOpId="10" Intrnl_Id="381">
<BasicBoolTerm Intrnl_Id="382">
<LocList>
<Loc EndOffset="6635" SrcFileId="1" StartOffset="6629"/>
</LocList>
</BasicBoolTerm>
<BasicBoolTerm Intrnl_Id="383">
<LocList>
<Loc EndOffset="6645" SrcFileId="1" StartOffset="6639"/>
</LocList>
</BasicBoolTerm>
<LocList>
<Loc EndOffset="6638" SrcFileId="1" StartOffset="6636"/>
</LocList>
</OpTerm>
</RootTerm>
</CondStmnt>
</StmntSeq>
</Branch>
<Branch CovItemId="B70" CovItemPrefix="com.OriginalFiles.RemoteNXTFunctions.java" Implct="false" Intrnl_Id="384">
<Cond>
<Loc EndOffset="7078" SrcFileId="1" StartOffset="7074"/>
</Cond>
<LocList>
<Loc EndOffset="11286" SrcFileId="1" StartOffset="7079"/>
</LocList>
<StmntSeq Intrnl_Id="385">
<LocList>
<Loc EndOffset="11286" SrcFileId="1" StartOffset="7079"/>
</LocList>
<CondStmnt CovItemId="S92" CovItemPrefix="com.OriginalFiles.RemoteNXTFunctions.java" Intrnl_Id="386">
<Branch CovItemId="B77" CovItemPrefix="com.OriginalFiles.RemoteNXTFunctions.java" Implct="false" Intrnl_Id="387">
<Cond/>
<LocList>
<Loc EndOffset="7562" SrcFileId="1" StartOffset="7109"/>
</LocList>
<StmntSeq Intrnl_Id="388">
<LocList>
<Loc EndOffset="7547" SrcFileId="1" StartOffset="7128"/>
</LocList>
<CondStmnt CovItemId="S93" CovItemPrefix="com.OriginalFiles.RemoteNXTFunctions.java" Intrnl_Id="389">
<Branch CovItemId="B79" CovItemPrefix="com.OriginalFiles.RemoteNXTFunctions.java" Implct="false" Intrnl_Id="390">
<Cond/>
<LocList>
<Loc EndOffset="7212" SrcFileId="1" StartOffset="7149"/>
</LocList>
<StmntSeq Intrnl_Id="391">
<LocList>
<Loc EndOffset="7193" SrcFileId="1" StartOffset="7172"/>
</LocList>
<BasicStmnt CovItemId="S94" CovItemPrefix="com.OriginalFiles.RemoteNXTFunctions.java" Intrnl_Id="392">
<LocList>
<Loc EndOffset="7193" SrcFileId="1" StartOffset="7172"/>
</LocList>
</BasicStmnt>
</StmntSeq>
</Branch>
<Branch CovItemId="B80" CovItemPrefix="com.OriginalFiles.RemoteNXTFunctions.java" Implct="false" Intrnl_Id="393">
<Cond>
<Loc EndOffset="7217" SrcFileId="1" StartOffset="7213"/>
</Cond>
<LocList>
<Loc EndOffset="7547" SrcFileId="1" StartOffset="7218"/>
</LocList>
<StmntSeq Intrnl_Id="394">
<LocList>
<Loc EndOffset="7547" SrcFileId="1" StartOffset="7218"/>
</LocList>
<CondStmnt CovItemId="S95" CovItemPrefix="com.OriginalFiles.RemoteNXTFunctions.java" Intrnl_Id="395">
<Branch CovItemId="B81" CovItemPrefix="com.OriginalFiles.RemoteNXTFunctions.java" Implct="false" Intrnl_Id="396">
<Cond/>
<LocList>
<Loc EndOffset="7302" SrcFileId="1" StartOffset="7239"/>
</LocList>
<StmntSeq Intrnl_Id="397">
<LocList>
<Loc EndOffset="7283" SrcFileId="1" StartOffset="7262"/>
</LocList>
<BasicStmnt CovItemId="S96" CovItemPrefix="com.OriginalFiles.RemoteNXTFunctions.java" Intrnl_Id="398">
<LocList>
<Loc EndOffset="7283" SrcFileId="1" StartOffset="7262"/>
</LocList>
</BasicStmnt>
</StmntSeq>
</Branch>
<Branch CovItemId="B82" CovItemPrefix="com.OriginalFiles.RemoteNXTFunctions.java" Implct="false" Intrnl_Id="399">
<Cond>
<Loc EndOffset="7307" SrcFileId="1" StartOffset="7303"/>
</Cond>
<LocList>
<Loc EndOffset="7547" SrcFileId="1" StartOffset="7308"/>
</LocList>
<StmntSeq Intrnl_Id="400">
<LocList>
<Loc EndOffset="7547" SrcFileId="1" StartOffset="7308"/>
</LocList>
<CondStmnt CovItemId="S97" CovItemPrefix="com.OriginalFiles.RemoteNXTFunctions.java" Intrnl_Id="401">
<Branch CovItemId="B83" CovItemPrefix="com.OriginalFiles.RemoteNXTFunctions.java" Implct="false" Intrnl_Id="402">
<Cond/>
<LocList>
<Loc EndOffset="7478" SrcFileId="1" StartOffset="7367"/>
</LocList>
<StmntSeq Intrnl_Id="403">
<LocList>
<Loc EndOffset="7459" SrcFileId="1" StartOffset="7390"/>
</LocList>
<BasicStmnt CovItemId="S98" CovItemPrefix="com.OriginalFiles.RemoteNXTFunctions.java" Intrnl_Id="404">
<LocList>
<Loc EndOffset="7459" SrcFileId="1" StartOffset="7390"/>
</LocList>
</BasicStmnt>
</StmntSeq>
</Branch>
<Branch CovItemId="B84" CovItemPrefix="com.OriginalFiles.RemoteNXTFunctions.java" Implct="false" Intrnl_Id="405">
<Cond>
<Loc EndOffset="7483" SrcFileId="1" StartOffset="7479"/>
</Cond>
<LocList>
<Loc EndOffset="7547" SrcFileId="1" StartOffset="7484"/>
</LocList>
<StmntSeq Intrnl_Id="406">
<LocList>
<Loc EndOffset="7528" SrcFileId="1" StartOffset="7507"/>
</LocList>
<BasicStmnt CovItemId="S99" CovItemPrefix="com.OriginalFiles.RemoteNXTFunctions.java" Intrnl_Id="407">
<LocList>
<Loc EndOffset="7528" SrcFileId="1" StartOffset="7507"/>
</LocList>
</BasicStmnt>
</StmntSeq>
</Branch>
<Keyword EndOffset="7310" SrcFileId="1" StartOffset="7308"/>
<LocList>
<Loc EndOffset="7547" SrcFileId="1" StartOffset="7308"/>
</LocList>
<RootTerm CovItemId="C44" CovItemPrefix="com.OriginalFiles.RemoteNXTFunctions.java" Intrnl_Id="408">
<BasicBoolTerm Intrnl_Id="409">
<LocList>
<Loc EndOffset="7365" SrcFileId="1" StartOffset="7312"/>
</LocList>
</BasicBoolTerm>
</RootTerm>
</CondStmnt>
</StmntSeq>
</Branch>
<Keyword EndOffset="7220" SrcFileId="1" StartOffset="7218"/>
<LocList>
<Loc EndOffset="7547" SrcFileId="1" StartOffset="7218"/>
</LocList>
<RootTerm CovItemId="C43" CovItemPrefix="com.OriginalFiles.RemoteNXTFunctions.java" Intrnl_Id="410">
<OpTerm BooleanOpId="10" Intrnl_Id="411">
<BasicBoolTerm Intrnl_Id="412">
<LocList>
<Loc EndOffset="7227" SrcFileId="1" StartOffset="7221"/>
</LocList>
</BasicBoolTerm>
<BasicBoolTerm Intrnl_Id="413">
<LocList>
<Loc EndOffset="7237" SrcFileId="1" StartOffset="7231"/>
</LocList>
</BasicBoolTerm>
<LocList>
<Loc EndOffset="7230" SrcFileId="1" StartOffset="7228"/>
</LocList>
</OpTerm>
</RootTerm>
</CondStmnt>
</StmntSeq>
</Branch>
<Keyword EndOffset="7130" SrcFileId="1" StartOffset="7128"/>
<LocList>
<Loc EndOffset="7547" SrcFileId="1" StartOffset="7128"/>
</LocList>
<RootTerm CovItemId="C42" CovItemPrefix="com.OriginalFiles.RemoteNXTFunctions.java" Intrnl_Id="414">
<OpTerm BooleanOpId="10" Intrnl_Id="415">
<BasicBoolTerm Intrnl_Id="416">
<LocList>
<Loc EndOffset="7137" SrcFileId="1" StartOffset="7131"/>
</LocList>
</BasicBoolTerm>
<BasicBoolTerm Intrnl_Id="417">
<LocList>
<Loc EndOffset="7147" SrcFileId="1" StartOffset="7141"/>
</LocList>
</BasicBoolTerm>
<LocList>
<Loc EndOffset="7140" SrcFileId="1" StartOffset="7138"/>
</LocList>
</OpTerm>
</RootTerm>
</CondStmnt>
</StmntSeq>
</Branch>
<Branch CovItemId="B78" CovItemPrefix="com.OriginalFiles.RemoteNXTFunctions.java" Implct="false" Intrnl_Id="418">
<Cond>
<Loc EndOffset="7580" SrcFileId="1" StartOffset="7576"/>
</Cond>
<LocList>
<Loc EndOffset="11286" SrcFileId="1" StartOffset="7581"/>
</LocList>
<StmntSeq Intrnl_Id="419">
<LocList>
<Loc EndOffset="11286" SrcFileId="1" StartOffset="7581"/>
</LocList>
<CondStmnt CovItemId="S100" CovItemPrefix="com.OriginalFiles.RemoteNXTFunctions.java" Intrnl_Id="420">
<Branch CovItemId="B85" CovItemPrefix="com.OriginalFiles.RemoteNXTFunctions.java" Implct="false" Intrnl_Id="421">
<Cond/>
<LocList>
<Loc EndOffset="8064" SrcFileId="1" StartOffset="7611"/>
</LocList>
<StmntSeq Intrnl_Id="422">
<LocList>
<Loc EndOffset="8049" SrcFileId="1" StartOffset="7630"/>
</LocList>
<CondStmnt CovItemId="S101" CovItemPrefix="com.OriginalFiles.RemoteNXTFunctions.java" Intrnl_Id="423">
<Branch CovItemId="B87" CovItemPrefix="com.OriginalFiles.RemoteNXTFunctions.java" Implct="false" Intrnl_Id="424">
<Cond/>
<LocList>
<Loc EndOffset="7714" SrcFileId="1" StartOffset="7651"/>
</LocList>
<StmntSeq Intrnl_Id="425">
<LocList>
<Loc EndOffset="7695" SrcFileId="1" StartOffset="7674"/>
</LocList>
<BasicStmnt CovItemId="S102" CovItemPrefix="com.OriginalFiles.RemoteNXTFunctions.java" Intrnl_Id="426">
<LocList>
<Loc EndOffset="7695" SrcFileId="1" StartOffset="7674"/>
</LocList>
</BasicStmnt>
</StmntSeq>
</Branch>
<Branch CovItemId="B88" CovItemPrefix="com.OriginalFiles.RemoteNXTFunctions.java" Implct="false" Intrnl_Id="427">
<Cond>
<Loc EndOffset="7719" SrcFileId="1" StartOffset="7715"/>
</Cond>
<LocList>
<Loc EndOffset="8049" SrcFileId="1" StartOffset="7720"/>
</LocList>
<StmntSeq Intrnl_Id="428">
<LocList>
<Loc EndOffset="8049" SrcFileId="1" StartOffset="7720"/>
</LocList>
<CondStmnt CovItemId="S103" CovItemPrefix="com.OriginalFiles.RemoteNXTFunctions.java" Intrnl_Id="429">
<Branch CovItemId="B89" CovItemPrefix="com.OriginalFiles.RemoteNXTFunctions.java" Implct="false" Intrnl_Id="430">
<Cond/>
<LocList>
<Loc EndOffset="7804" SrcFileId="1" StartOffset="7741"/>
</LocList>
<StmntSeq Intrnl_Id="431">
<LocList>
<Loc EndOffset="7785" SrcFileId="1" StartOffset="7764"/>
</LocList>
<BasicStmnt CovItemId="S104" CovItemPrefix="com.OriginalFiles.RemoteNXTFunctions.java" Intrnl_Id="432">
<LocList>
<Loc EndOffset="7785" SrcFileId="1" StartOffset="7764"/>
</LocList>
</BasicStmnt>
</StmntSeq>
</Branch>
<Branch CovItemId="B90" CovItemPrefix="com.OriginalFiles.RemoteNXTFunctions.java" Implct="false" Intrnl_Id="433">
<Cond>
<Loc EndOffset="7809" SrcFileId="1" StartOffset="7805"/>
</Cond>
<LocList>
<Loc EndOffset="8049" SrcFileId="1" StartOffset="7810"/>
</LocList>
<StmntSeq Intrnl_Id="434">
<LocList>
<Loc EndOffset="8049" SrcFileId="1" StartOffset="7810"/>
</LocList>
<CondStmnt CovItemId="S105" CovItemPrefix="com.OriginalFiles.RemoteNXTFunctions.java" Intrnl_Id="435">
<Branch CovItemId="B91" CovItemPrefix="com.OriginalFiles.RemoteNXTFunctions.java" Implct="false" Intrnl_Id="436">
<Cond/>
<LocList>
<Loc EndOffset="7980" SrcFileId="1" StartOffset="7869"/>
</LocList>
<StmntSeq Intrnl_Id="437">
<LocList>
<Loc EndOffset="7961" SrcFileId="1" StartOffset="7892"/>
</LocList>
<BasicStmnt CovItemId="S106" CovItemPrefix="com.OriginalFiles.RemoteNXTFunctions.java" Intrnl_Id="438">
<LocList>
<Loc EndOffset="7961" SrcFileId="1" StartOffset="7892"/>
</LocList>
</BasicStmnt>
</StmntSeq>
</Branch>
<Branch CovItemId="B92" CovItemPrefix="com.OriginalFiles.RemoteNXTFunctions.java" Implct="false" Intrnl_Id="439">
<Cond>
<Loc EndOffset="7985" SrcFileId="1" StartOffset="7981"/>
</Cond>
<LocList>
<Loc EndOffset="8049" SrcFileId="1" StartOffset="7986"/>
</LocList>
<StmntSeq Intrnl_Id="440">
<LocList>
<Loc EndOffset="8030" SrcFileId="1" StartOffset="8009"/>
</LocList>
<BasicStmnt CovItemId="S107" CovItemPrefix="com.OriginalFiles.RemoteNXTFunctions.java" Intrnl_Id="441">
<LocList>
<Loc EndOffset="8030" SrcFileId="1" StartOffset="8009"/>
</LocList>
</BasicStmnt>
</StmntSeq>
</Branch>
<Keyword EndOffset="7812" SrcFileId="1" StartOffset="7810"/>
<LocList>
<Loc EndOffset="8049" SrcFileId="1" StartOffset="7810"/>
</LocList>
<RootTerm CovItemId="C48" CovItemPrefix="com.OriginalFiles.RemoteNXTFunctions.java" Intrnl_Id="442">
<BasicBoolTerm Intrnl_Id="443">
<LocList>
<Loc EndOffset="7867" SrcFileId="1" StartOffset="7814"/>
</LocList>
</BasicBoolTerm>
</RootTerm>
</CondStmnt>
</StmntSeq>
</Branch>
<Keyword EndOffset="7722" SrcFileId="1" StartOffset="7720"/>
<LocList>
<Loc EndOffset="8049" SrcFileId="1" StartOffset="7720"/>
</LocList>
<RootTerm CovItemId="C47" CovItemPrefix="com.OriginalFiles.RemoteNXTFunctions.java" Intrnl_Id="444">
<OpTerm BooleanOpId="10" Intrnl_Id="445">
<BasicBoolTerm Intrnl_Id="446">
<LocList>
<Loc EndOffset="7729" SrcFileId="1" StartOffset="7723"/>
</LocList>
</BasicBoolTerm>
<BasicBoolTerm Intrnl_Id="447">
<LocList>
<Loc EndOffset="7739" SrcFileId="1" StartOffset="7733"/>
</LocList>
</BasicBoolTerm>
<LocList>
<Loc EndOffset="7732" SrcFileId="1" StartOffset="7730"/>
</LocList>
</OpTerm>
</RootTerm>
</CondStmnt>
</StmntSeq>
</Branch>
<Keyword EndOffset="7632" SrcFileId="1" StartOffset="7630"/>
<LocList>
<Loc EndOffset="8049" SrcFileId="1" StartOffset="7630"/>
</LocList>
<RootTerm CovItemId="C46" CovItemPrefix="com.OriginalFiles.RemoteNXTFunctions.java" Intrnl_Id="448">
<OpTerm BooleanOpId="10" Intrnl_Id="449">
<BasicBoolTerm Intrnl_Id="450">
<LocList>
<Loc EndOffset="7639" SrcFileId="1" StartOffset="7633"/>
</LocList>
</BasicBoolTerm>
<BasicBoolTerm Intrnl_Id="451">
<LocList>
<Loc EndOffset="7649" SrcFileId="1" StartOffset="7643"/>
</LocList>
</BasicBoolTerm>
<LocList>
<Loc EndOffset="7642" SrcFileId="1" StartOffset="7640"/>
</LocList>
</OpTerm>
</RootTerm>
</CondStmnt>
</StmntSeq>
</Branch>
<Branch CovItemId="B86" CovItemPrefix="com.OriginalFiles.RemoteNXTFunctions.java" Implct="false" Intrnl_Id="452">
<Cond>
<Loc EndOffset="8082" SrcFileId="1" StartOffset="8078"/>
</Cond>
<LocList>
<Loc EndOffset="11286" SrcFileId="1" StartOffset="8083"/>
</LocList>
<StmntSeq Intrnl_Id="453">
<LocList>
<Loc EndOffset="11286" SrcFileId="1" StartOffset="8083"/>
</LocList>
<CondStmnt CovItemId="S108" CovItemPrefix="com.OriginalFiles.RemoteNXTFunctions.java" Intrnl_Id="454">
<Branch CovItemId="B93" CovItemPrefix="com.OriginalFiles.RemoteNXTFunctions.java" Implct="false" Intrnl_Id="455">
<Cond/>
<LocList>
<Loc EndOffset="8656" SrcFileId="1" StartOffset="8113"/>
</LocList>
<StmntSeq Intrnl_Id="456">
<LocList>
<Loc EndOffset="8641" SrcFileId="1" StartOffset="8132"/>
</LocList>
<CondStmnt CovItemId="S109" CovItemPrefix="com.OriginalFiles.RemoteNXTFunctions.java" Intrnl_Id="457">
<Branch CovItemId="B95" CovItemPrefix="com.OriginalFiles.RemoteNXTFunctions.java" Implct="false" Intrnl_Id="458">
<Cond/>
<LocList>
<Loc EndOffset="8216" SrcFileId="1" StartOffset="8153"/>
</LocList>
<StmntSeq Intrnl_Id="459">
<LocList>
<Loc EndOffset="8197" SrcFileId="1" StartOffset="8176"/>
</LocList>
<BasicStmnt CovItemId="S110" CovItemPrefix="com.OriginalFiles.RemoteNXTFunctions.java" Intrnl_Id="460">
<LocList>
<Loc EndOffset="8197" SrcFileId="1" StartOffset="8176"/>
</LocList>
</BasicStmnt>
</StmntSeq>
</Branch>
<Branch CovItemId="B96" CovItemPrefix="com.OriginalFiles.RemoteNXTFunctions.java" Implct="false" Intrnl_Id="461">
<Cond>
<Loc EndOffset="8221" SrcFileId="1" StartOffset="8217"/>
</Cond>
<LocList>
<Loc EndOffset="8641" SrcFileId="1" StartOffset="8222"/>
</LocList>
<StmntSeq Intrnl_Id="462">
<LocList>
<Loc EndOffset="8641" SrcFileId="1" StartOffset="8222"/>
</LocList>
<CondStmnt CovItemId="S111" CovItemPrefix="com.OriginalFiles.RemoteNXTFunctions.java" Intrnl_Id="463">
<Branch CovItemId="B97" CovItemPrefix="com.OriginalFiles.RemoteNXTFunctions.java" Implct="false" Intrnl_Id="464">
<Cond/>
<LocList>
<Loc EndOffset="8306" SrcFileId="1" StartOffset="8243"/>
</LocList>
<StmntSeq Intrnl_Id="465">
<LocList>
<Loc EndOffset="8287" SrcFileId="1" StartOffset="8266"/>
</LocList>
<BasicStmnt CovItemId="S112" CovItemPrefix="com.OriginalFiles.RemoteNXTFunctions.java" Intrnl_Id="466">
<LocList>
<Loc EndOffset="8287" SrcFileId="1" StartOffset="8266"/>
</LocList>
</BasicStmnt>
</StmntSeq>
</Branch>
<Branch CovItemId="B98" CovItemPrefix="com.OriginalFiles.RemoteNXTFunctions.java" Implct="false" Intrnl_Id="467">
<Cond>
<Loc EndOffset="8311" SrcFileId="1" StartOffset="8307"/>
</Cond>
<LocList>
<Loc EndOffset="8641" SrcFileId="1" StartOffset="8312"/>
</LocList>
<StmntSeq Intrnl_Id="468">
<LocList>
<Loc EndOffset="8641" SrcFileId="1" StartOffset="8312"/>
</LocList>
<CondStmnt CovItemId="S113" CovItemPrefix="com.OriginalFiles.RemoteNXTFunctions.java" Intrnl_Id="469">
<Branch CovItemId="B99" CovItemPrefix="com.OriginalFiles.RemoteNXTFunctions.java" Implct="false" Intrnl_Id="470">
<Cond/>
<LocList>
<Loc EndOffset="8396" SrcFileId="1" StartOffset="8333"/>
</LocList>
<StmntSeq Intrnl_Id="471">
<LocList>
<Loc EndOffset="8377" SrcFileId="1" StartOffset="8356"/>
</LocList>
<BasicStmnt CovItemId="S114" CovItemPrefix="com.OriginalFiles.RemoteNXTFunctions.java" Intrnl_Id="472">
<LocList>
<Loc EndOffset="8377" SrcFileId="1" StartOffset="8356"/>
</LocList>
</BasicStmnt>
</StmntSeq>
</Branch>
<Branch CovItemId="B100" CovItemPrefix="com.OriginalFiles.RemoteNXTFunctions.java" Implct="false" Intrnl_Id="473">
<Cond>
<Loc EndOffset="8401" SrcFileId="1" StartOffset="8397"/>
</Cond>
<LocList>
<Loc EndOffset="8641" SrcFileId="1" StartOffset="8402"/>
</LocList>
<StmntSeq Intrnl_Id="474">
<LocList>
<Loc EndOffset="8641" SrcFileId="1" StartOffset="8402"/>
</LocList>
<CondStmnt CovItemId="S115" CovItemPrefix="com.OriginalFiles.RemoteNXTFunctions.java" Intrnl_Id="475">
<Branch CovItemId="B101" CovItemPrefix="com.OriginalFiles.RemoteNXTFunctions.java" Implct="false" Intrnl_Id="476">
<Cond/>
<LocList>
<Loc EndOffset="8572" SrcFileId="1" StartOffset="8461"/>
</LocList>
<StmntSeq Intrnl_Id="477">
<LocList>
<Loc EndOffset="8553" SrcFileId="1" StartOffset="8484"/>
</LocList>
<BasicStmnt CovItemId="S116" CovItemPrefix="com.OriginalFiles.RemoteNXTFunctions.java" Intrnl_Id="478">
<LocList>
<Loc EndOffset="8553" SrcFileId="1" StartOffset="8484"/>
</LocList>
</BasicStmnt>
</StmntSeq>
</Branch>
<Branch CovItemId="B102" CovItemPrefix="com.OriginalFiles.RemoteNXTFunctions.java" Implct="false" Intrnl_Id="479">
<Cond>
<Loc EndOffset="8577" SrcFileId="1" StartOffset="8573"/>
</Cond>
<LocList>
<Loc EndOffset="8641" SrcFileId="1" StartOffset="8578"/>
</LocList>
<StmntSeq Intrnl_Id="480">
<LocList>
<Loc EndOffset="8622" SrcFileId="1" StartOffset="8601"/>
</LocList>
<BasicStmnt CovItemId="S117" CovItemPrefix="com.OriginalFiles.RemoteNXTFunctions.java" Intrnl_Id="481">
<LocList>
<Loc EndOffset="8622" SrcFileId="1" StartOffset="8601"/>
</LocList>
</BasicStmnt>
</StmntSeq>
</Branch>
<Keyword EndOffset="8404" SrcFileId="1" StartOffset="8402"/>
<LocList>
<Loc EndOffset="8641" SrcFileId="1" StartOffset="8402"/>
</LocList>
<RootTerm CovItemId="C53" CovItemPrefix="com.OriginalFiles.RemoteNXTFunctions.java" Intrnl_Id="482">
<BasicBoolTerm Intrnl_Id="483">
<LocList>
<Loc EndOffset="8459" SrcFileId="1" StartOffset="8406"/>
</LocList>
</BasicBoolTerm>
</RootTerm>
</CondStmnt>
</StmntSeq>
</Branch>
<Keyword EndOffset="8314" SrcFileId="1" StartOffset="8312"/>
<LocList>
<Loc EndOffset="8641" SrcFileId="1" StartOffset="8312"/>
</LocList>
<RootTerm CovItemId="C52" CovItemPrefix="com.OriginalFiles.RemoteNXTFunctions.java" Intrnl_Id="484">
<OpTerm BooleanOpId="10" Intrnl_Id="485">
<BasicBoolTerm Intrnl_Id="486">
<LocList>
<Loc EndOffset="8321" SrcFileId="1" StartOffset="8315"/>
</LocList>
</BasicBoolTerm>
<BasicBoolTerm Intrnl_Id="487">
<LocList>
<Loc EndOffset="8331" SrcFileId="1" StartOffset="8325"/>
</LocList>
</BasicBoolTerm>
<LocList>
<Loc EndOffset="8324" SrcFileId="1" StartOffset="8322"/>
</LocList>
</OpTerm>
</RootTerm>
</CondStmnt>
</StmntSeq>
</Branch>
<Keyword EndOffset="8224" SrcFileId="1" StartOffset="8222"/>
<LocList>
<Loc EndOffset="8641" SrcFileId="1" StartOffset="8222"/>
</LocList>
<RootTerm CovItemId="C51" CovItemPrefix="com.OriginalFiles.RemoteNXTFunctions.java" Intrnl_Id="488">
<OpTerm BooleanOpId="10" Intrnl_Id="489">
<BasicBoolTerm Intrnl_Id="490">
<LocList>
<Loc EndOffset="8231" SrcFileId="1" StartOffset="8225"/>
</LocList>
</BasicBoolTerm>
<BasicBoolTerm Intrnl_Id="491">
<LocList>
<Loc EndOffset="8241" SrcFileId="1" StartOffset="8235"/>
</LocList>
</BasicBoolTerm>
<LocList>
<Loc EndOffset="8234" SrcFileId="1" StartOffset="8232"/>
</LocList>
</OpTerm>
</RootTerm>
</CondStmnt>
</StmntSeq>
</Branch>
<Keyword EndOffset="8134" SrcFileId="1" StartOffset="8132"/>
<LocList>
<Loc EndOffset="8641" SrcFileId="1" StartOffset="8132"/>
</LocList>
<RootTerm CovItemId="C50" CovItemPrefix="com.OriginalFiles.RemoteNXTFunctions.java" Intrnl_Id="492">
<OpTerm BooleanOpId="10" Intrnl_Id="493">
<BasicBoolTerm Intrnl_Id="494">
<LocList>
<Loc EndOffset="8141" SrcFileId="1" StartOffset="8135"/>
</LocList>
</BasicBoolTerm>
<BasicBoolTerm Intrnl_Id="495">
<LocList>
<Loc EndOffset="8151" SrcFileId="1" StartOffset="8145"/>
</LocList>
</BasicBoolTerm>
<LocList>
<Loc EndOffset="8144" SrcFileId="1" StartOffset="8142"/>
</LocList>
</OpTerm>
</RootTerm>
</CondStmnt>
</StmntSeq>
</Branch>
<Branch CovItemId="B94" CovItemPrefix="com.OriginalFiles.RemoteNXTFunctions.java" Implct="false" Intrnl_Id="496">
<Cond>
<Loc EndOffset="8661" SrcFileId="1" StartOffset="8657"/>
</Cond>
<LocList>
<Loc EndOffset="11286" SrcFileId="1" StartOffset="8662"/>
</LocList>
<StmntSeq Intrnl_Id="497">
<LocList>
<Loc EndOffset="11286" SrcFileId="1" StartOffset="8662"/>
</LocList>
<CondStmnt CovItemId="S118" CovItemPrefix="com.OriginalFiles.RemoteNXTFunctions.java" Intrnl_Id="498">
<Branch CovItemId="B103" CovItemPrefix="com.OriginalFiles.RemoteNXTFunctions.java" Implct="false" Intrnl_Id="499">
<Cond/>
<LocList>
<Loc EndOffset="9236" SrcFileId="1" StartOffset="8693"/>
</LocList>
<StmntSeq Intrnl_Id="500">
<LocList>
<Loc EndOffset="9221" SrcFileId="1" StartOffset="8712"/>
</LocList>
<CondStmnt CovItemId="S119" CovItemPrefix="com.OriginalFiles.RemoteNXTFunctions.java" Intrnl_Id="501">
<Branch CovItemId="B105" CovItemPrefix="com.OriginalFiles.RemoteNXTFunctions.java" Implct="false" Intrnl_Id="502">
<Cond/>
<LocList>
<Loc EndOffset="8796" SrcFileId="1" StartOffset="8733"/>
</LocList>
<StmntSeq Intrnl_Id="503">
<LocList>
<Loc EndOffset="8777" SrcFileId="1" StartOffset="8756"/>
</LocList>
<BasicStmnt CovItemId="S120" CovItemPrefix="com.OriginalFiles.RemoteNXTFunctions.java" Intrnl_Id="504">
<LocList>
<Loc EndOffset="8777" SrcFileId="1" StartOffset="8756"/>
</LocList>
</BasicStmnt>
</StmntSeq>
</Branch>
<Branch CovItemId="B106" CovItemPrefix="com.OriginalFiles.RemoteNXTFunctions.java" Implct="false" Intrnl_Id="505">
<Cond>
<Loc EndOffset="8801" SrcFileId="1" StartOffset="8797"/>
</Cond>
<LocList>
<Loc EndOffset="9221" SrcFileId="1" StartOffset="8802"/>
</LocList>
<StmntSeq Intrnl_Id="506">
<LocList>
<Loc EndOffset="9221" SrcFileId="1" StartOffset="8802"/>
</LocList>
<CondStmnt CovItemId="S121" CovItemPrefix="com.OriginalFiles.RemoteNXTFunctions.java" Intrnl_Id="507">
<Branch CovItemId="B107" CovItemPrefix="com.OriginalFiles.RemoteNXTFunctions.java" Implct="false" Intrnl_Id="508">
<Cond/>
<LocList>
<Loc EndOffset="8886" SrcFileId="1" StartOffset="8823"/>
</LocList>
<StmntSeq Intrnl_Id="509">
<LocList>
<Loc EndOffset="8867" SrcFileId="1" StartOffset="8846"/>
</LocList>
<BasicStmnt CovItemId="S122" CovItemPrefix="com.OriginalFiles.RemoteNXTFunctions.java" Intrnl_Id="510">
<LocList>
<Loc EndOffset="8867" SrcFileId="1" StartOffset="8846"/>
</LocList>
</BasicStmnt>
</StmntSeq>
</Branch>
<Branch CovItemId="B108" CovItemPrefix="com.OriginalFiles.RemoteNXTFunctions.java" Implct="false" Intrnl_Id="511">
<Cond>
<Loc EndOffset="8891" SrcFileId="1" StartOffset="8887"/>
</Cond>
<LocList>
<Loc EndOffset="9221" SrcFileId="1" StartOffset="8892"/>
</LocList>
<StmntSeq Intrnl_Id="512">
<LocList>
<Loc EndOffset="9221" SrcFileId="1" StartOffset="8892"/>
</LocList>
<CondStmnt CovItemId="S123" CovItemPrefix="com.OriginalFiles.RemoteNXTFunctions.java" Intrnl_Id="513">
<Branch CovItemId="B109" CovItemPrefix="com.OriginalFiles.RemoteNXTFunctions.java" Implct="false" Intrnl_Id="514">
<Cond/>
<LocList>
<Loc EndOffset="8976" SrcFileId="1" StartOffset="8913"/>
</LocList>
<StmntSeq Intrnl_Id="515">
<LocList>
<Loc EndOffset="8957" SrcFileId="1" StartOffset="8936"/>
</LocList>
<BasicStmnt CovItemId="S124" CovItemPrefix="com.OriginalFiles.RemoteNXTFunctions.java" Intrnl_Id="516">
<LocList>
<Loc EndOffset="8957" SrcFileId="1" StartOffset="8936"/>
</LocList>
</BasicStmnt>
</StmntSeq>
</Branch>
<Branch CovItemId="B110" CovItemPrefix="com.OriginalFiles.RemoteNXTFunctions.java" Implct="false" Intrnl_Id="517">
<Cond>
<Loc EndOffset="8981" SrcFileId="1" StartOffset="8977"/>
</Cond>
<LocList>
<Loc EndOffset="9221" SrcFileId="1" StartOffset="8982"/>
</LocList>
<StmntSeq Intrnl_Id="518">
<LocList>
<Loc EndOffset="9221" SrcFileId="1" StartOffset="8982"/>
</LocList>
<CondStmnt CovItemId="S125" CovItemPrefix="com.OriginalFiles.RemoteNXTFunctions.java" Intrnl_Id="519">
<Branch CovItemId="B111" CovItemPrefix="com.OriginalFiles.RemoteNXTFunctions.java" Implct="false" Intrnl_Id="520">
<Cond/>
<LocList>
<Loc EndOffset="9152" SrcFileId="1" StartOffset="9041"/>
</LocList>
<StmntSeq Intrnl_Id="521">
<LocList>
<Loc EndOffset="9133" SrcFileId="1" StartOffset="9064"/>
</LocList>
<BasicStmnt CovItemId="S126" CovItemPrefix="com.OriginalFiles.RemoteNXTFunctions.java" Intrnl_Id="522">
<LocList>
<Loc EndOffset="9133" SrcFileId="1" StartOffset="9064"/>
</LocList>
</BasicStmnt>
</StmntSeq>
</Branch>
<Branch CovItemId="B112" CovItemPrefix="com.OriginalFiles.RemoteNXTFunctions.java" Implct="false" Intrnl_Id="523">
<Cond>
<Loc EndOffset="9157" SrcFileId="1" StartOffset="9153"/>
</Cond>
<LocList>
<Loc EndOffset="9221" SrcFileId="1" StartOffset="9158"/>
</LocList>
<StmntSeq Intrnl_Id="524">
<LocList>
<Loc EndOffset="9202" SrcFileId="1" StartOffset="9181"/>
</LocList>
<BasicStmnt CovItemId="S127" CovItemPrefix="com.OriginalFiles.RemoteNXTFunctions.java" Intrnl_Id="525">
<LocList>
<Loc EndOffset="9202" SrcFileId="1" StartOffset="9181"/>
</LocList>
</BasicStmnt>
</StmntSeq>
</Branch>
<Keyword EndOffset="8984" SrcFileId="1" StartOffset="8982"/>
<LocList>
<Loc EndOffset="9221" SrcFileId="1" StartOffset="8982"/>
</LocList>
<RootTerm CovItemId="C58" CovItemPrefix="com.OriginalFiles.RemoteNXTFunctions.java" Intrnl_Id="526">
<BasicBoolTerm Intrnl_Id="527">
<LocList>
<Loc EndOffset="9039" SrcFileId="1" StartOffset="8986"/>
</LocList>
</BasicBoolTerm>
</RootTerm>
</CondStmnt>
</StmntSeq>
</Branch>
<Keyword EndOffset="8894" SrcFileId="1" StartOffset="8892"/>
<LocList>
<Loc EndOffset="9221" SrcFileId="1" StartOffset="8892"/>
</LocList>
<RootTerm CovItemId="C57" CovItemPrefix="com.OriginalFiles.RemoteNXTFunctions.java" Intrnl_Id="528">
<OpTerm BooleanOpId="10" Intrnl_Id="529">
<BasicBoolTerm Intrnl_Id="530">
<LocList>
<Loc EndOffset="8901" SrcFileId="1" StartOffset="8895"/>
</LocList>
</BasicBoolTerm>
<BasicBoolTerm Intrnl_Id="531">
<LocList>
<Loc EndOffset="8911" SrcFileId="1" StartOffset="8905"/>
</LocList>
</BasicBoolTerm>
<LocList>
<Loc EndOffset="8904" SrcFileId="1" StartOffset="8902"/>
</LocList>
</OpTerm>
</RootTerm>
</CondStmnt>
</StmntSeq>
</Branch>
<Keyword EndOffset="8804" SrcFileId="1" StartOffset="8802"/>
<LocList>
<Loc EndOffset="9221" SrcFileId="1" StartOffset="8802"/>
</LocList>
<RootTerm CovItemId="C56" CovItemPrefix="com.OriginalFiles.RemoteNXTFunctions.java" Intrnl_Id="532">
<OpTerm BooleanOpId="10" Intrnl_Id="533">
<BasicBoolTerm Intrnl_Id="534">
<LocList>
<Loc EndOffset="8811" SrcFileId="1" StartOffset="8805"/>
</LocList>
</BasicBoolTerm>
<BasicBoolTerm Intrnl_Id="535">
<LocList>
<Loc EndOffset="8821" SrcFileId="1" StartOffset="8815"/>
</LocList>
</BasicBoolTerm>
<LocList>
<Loc EndOffset="8814" SrcFileId="1" StartOffset="8812"/>
</LocList>
</OpTerm>
</RootTerm>
</CondStmnt>
</StmntSeq>
</Branch>
<Keyword EndOffset="8714" SrcFileId="1" StartOffset="8712"/>
<LocList>
<Loc EndOffset="9221" SrcFileId="1" StartOffset="8712"/>
</LocList>
<RootTerm CovItemId="C55" CovItemPrefix="com.OriginalFiles.RemoteNXTFunctions.java" Intrnl_Id="536">
<OpTerm BooleanOpId="10" Intrnl_Id="537">
<BasicBoolTerm Intrnl_Id="538">
<LocList>
<Loc EndOffset="8721" SrcFileId="1" StartOffset="8715"/>
</LocList>
</BasicBoolTerm>
<BasicBoolTerm Intrnl_Id="539">
<LocList>
<Loc EndOffset="8731" SrcFileId="1" StartOffset="8725"/>
</LocList>
</BasicBoolTerm>
<LocList>
<Loc EndOffset="8724" SrcFileId="1" StartOffset="8722"/>
</LocList>
</OpTerm>
</RootTerm>
</CondStmnt>
</StmntSeq>
</Branch>
<Branch CovItemId="B104" CovItemPrefix="com.OriginalFiles.RemoteNXTFunctions.java" Implct="false" Intrnl_Id="540">
<Cond>
<Loc EndOffset="9241" SrcFileId="1" StartOffset="9237"/>
</Cond>
<LocList>
<Loc EndOffset="11286" SrcFileId="1" StartOffset="9242"/>
</LocList>
<StmntSeq Intrnl_Id="541">
<LocList>
<Loc EndOffset="11286" SrcFileId="1" StartOffset="9242"/>
</LocList>
<CondStmnt CovItemId="S128" CovItemPrefix="com.OriginalFiles.RemoteNXTFunctions.java" Intrnl_Id="542">
<Branch CovItemId="B113" CovItemPrefix="com.OriginalFiles.RemoteNXTFunctions.java" Implct="false" Intrnl_Id="543">
<Cond/>
<LocList>
<Loc EndOffset="9816" SrcFileId="1" StartOffset="9273"/>
</LocList>
<StmntSeq Intrnl_Id="544">
<LocList>
<Loc EndOffset="9801" SrcFileId="1" StartOffset="9292"/>
</LocList>
<CondStmnt CovItemId="S129" CovItemPrefix="com.OriginalFiles.RemoteNXTFunctions.java" Intrnl_Id="545">
<Branch CovItemId="B115" CovItemPrefix="com.OriginalFiles.RemoteNXTFunctions.java" Implct="false" Intrnl_Id="546">
<Cond/>
<LocList>
<Loc EndOffset="9376" SrcFileId="1" StartOffset="9313"/>
</LocList>
<StmntSeq Intrnl_Id="547">
<LocList>
<Loc EndOffset="9357" SrcFileId="1" StartOffset="9336"/>
</LocList>
<BasicStmnt CovItemId="S130" CovItemPrefix="com.OriginalFiles.RemoteNXTFunctions.java" Intrnl_Id="548">
<LocList>
<Loc EndOffset="9357" SrcFileId="1" StartOffset="9336"/>
</LocList>
</BasicStmnt>
</StmntSeq>
</Branch>
<Branch CovItemId="B116" CovItemPrefix="com.OriginalFiles.RemoteNXTFunctions.java" Implct="false" Intrnl_Id="549">
<Cond>
<Loc EndOffset="9381" SrcFileId="1" StartOffset="9377"/>
</Cond>
<LocList>
<Loc EndOffset="9801" SrcFileId="1" StartOffset="9382"/>
</LocList>
<StmntSeq Intrnl_Id="550">
<LocList>
<Loc EndOffset="9801" SrcFileId="1" StartOffset="9382"/>
</LocList>
<CondStmnt CovItemId="S131" CovItemPrefix="com.OriginalFiles.RemoteNXTFunctions.java" Intrnl_Id="551">
<Branch CovItemId="B117" CovItemPrefix="com.OriginalFiles.RemoteNXTFunctions.java" Implct="false" Intrnl_Id="552">
<Cond/>
<LocList>
<Loc EndOffset="9466" SrcFileId="1" StartOffset="9403"/>
</LocList>
<StmntSeq Intrnl_Id="553">
<LocList>
<Loc EndOffset="9447" SrcFileId="1" StartOffset="9426"/>
</LocList>
<BasicStmnt CovItemId="S132" CovItemPrefix="com.OriginalFiles.RemoteNXTFunctions.java" Intrnl_Id="554">
<LocList>
<Loc EndOffset="9447" SrcFileId="1" StartOffset="9426"/>
</LocList>
</BasicStmnt>
</StmntSeq>
</Branch>
<Branch CovItemId="B118" CovItemPrefix="com.OriginalFiles.RemoteNXTFunctions.java" Implct="false" Intrnl_Id="555">
<Cond>
<Loc EndOffset="9471" SrcFileId="1" StartOffset="9467"/>
</Cond>
<LocList>
<Loc EndOffset="9801" SrcFileId="1" StartOffset="9472"/>
</LocList>
<StmntSeq Intrnl_Id="556">
<LocList>
<Loc EndOffset="9801" SrcFileId="1" StartOffset="9472"/>
</LocList>
<CondStmnt CovItemId="S133" CovItemPrefix="com.OriginalFiles.RemoteNXTFunctions.java" Intrnl_Id="557">
<Branch CovItemId="B119" CovItemPrefix="com.OriginalFiles.RemoteNXTFunctions.java" Implct="false" Intrnl_Id="558">
<Cond/>
<LocList>
<Loc EndOffset="9556" SrcFileId="1" StartOffset="9493"/>
</LocList>
<StmntSeq Intrnl_Id="559">
<LocList>
<Loc EndOffset="9537" SrcFileId="1" StartOffset="9516"/>
</LocList>
<BasicStmnt CovItemId="S134" CovItemPrefix="com.OriginalFiles.RemoteNXTFunctions.java" Intrnl_Id="560">
<LocList>
<Loc EndOffset="9537" SrcFileId="1" StartOffset="9516"/>
</LocList>
</BasicStmnt>
</StmntSeq>
</Branch>
<Branch CovItemId="B120" CovItemPrefix="com.OriginalFiles.RemoteNXTFunctions.java" Implct="false" Intrnl_Id="561">
<Cond>
<Loc EndOffset="9561" SrcFileId="1" StartOffset="9557"/>
</Cond>
<LocList>
<Loc EndOffset="9801" SrcFileId="1" StartOffset="9562"/>
</LocList>
<StmntSeq Intrnl_Id="562">
<LocList>
<Loc EndOffset="9801" SrcFileId="1" StartOffset="9562"/>
</LocList>
<CondStmnt CovItemId="S135" CovItemPrefix="com.OriginalFiles.RemoteNXTFunctions.java" Intrnl_Id="563">
<Branch CovItemId="B121" CovItemPrefix="com.OriginalFiles.RemoteNXTFunctions.java" Implct="false" Intrnl_Id="564">
<Cond/>
<LocList>
<Loc EndOffset="9732" SrcFileId="1" StartOffset="9621"/>
</LocList>
<StmntSeq Intrnl_Id="565">
<LocList>
<Loc EndOffset="9713" SrcFileId="1" StartOffset="9644"/>
</LocList>
<BasicStmnt CovItemId="S136" CovItemPrefix="com.OriginalFiles.RemoteNXTFunctions.java" Intrnl_Id="566">
<LocList>
<Loc EndOffset="9713" SrcFileId="1" StartOffset="9644"/>
</LocList>
</BasicStmnt>
</StmntSeq>
</Branch>
<Branch CovItemId="B122" CovItemPrefix="com.OriginalFiles.RemoteNXTFunctions.java" Implct="false" Intrnl_Id="567">
<Cond>
<Loc EndOffset="9737" SrcFileId="1" StartOffset="9733"/>
</Cond>
<LocList>
<Loc EndOffset="9801" SrcFileId="1" StartOffset="9738"/>
</LocList>
<StmntSeq Intrnl_Id="568">
<LocList>
<Loc EndOffset="9782" SrcFileId="1" StartOffset="9761"/>
</LocList>
<BasicStmnt CovItemId="S137" CovItemPrefix="com.OriginalFiles.RemoteNXTFunctions.java" Intrnl_Id="569">
<LocList>
<Loc EndOffset="9782" SrcFileId="1" StartOffset="9761"/>
</LocList>
</BasicStmnt>
</StmntSeq>
</Branch>
<Keyword EndOffset="9564" SrcFileId="1" StartOffset="9562"/>
<LocList>
<Loc EndOffset="9801" SrcFileId="1" StartOffset="9562"/>
</LocList>
<RootTerm CovItemId="C63" CovItemPrefix="com.OriginalFiles.RemoteNXTFunctions.java" Intrnl_Id="570">
<BasicBoolTerm Intrnl_Id="571">
<LocList>
<Loc EndOffset="9619" SrcFileId="1" StartOffset="9566"/>
</LocList>
</BasicBoolTerm>
</RootTerm>
</CondStmnt>
</StmntSeq>
</Branch>
<Keyword EndOffset="9474" SrcFileId="1" StartOffset="9472"/>
<LocList>
<Loc EndOffset="9801" SrcFileId="1" StartOffset="9472"/>
</LocList>
<RootTerm CovItemId="C62" CovItemPrefix="com.OriginalFiles.RemoteNXTFunctions.java" Intrnl_Id="572">
<OpTerm BooleanOpId="10" Intrnl_Id="573">
<BasicBoolTerm Intrnl_Id="574">
<LocList>
<Loc EndOffset="9481" SrcFileId="1" StartOffset="9475"/>
</LocList>
</BasicBoolTerm>
<BasicBoolTerm Intrnl_Id="575">
<LocList>
<Loc EndOffset="9491" SrcFileId="1" StartOffset="9485"/>
</LocList>
</BasicBoolTerm>
<LocList>
<Loc EndOffset="9484" SrcFileId="1" StartOffset="9482"/>
</LocList>
</OpTerm>
</RootTerm>
</CondStmnt>
</StmntSeq>
</Branch>
<Keyword EndOffset="9384" SrcFileId="1" StartOffset="9382"/>
<LocList>
<Loc EndOffset="9801" SrcFileId="1" StartOffset="9382"/>
</LocList>
<RootTerm CovItemId="C61" CovItemPrefix="com.OriginalFiles.RemoteNXTFunctions.java" Intrnl_Id="576">
<OpTerm BooleanOpId="10" Intrnl_Id="577">
<BasicBoolTerm Intrnl_Id="578">
<LocList>
<Loc EndOffset="9391" SrcFileId="1" StartOffset="9385"/>
</LocList>
</BasicBoolTerm>
<BasicBoolTerm Intrnl_Id="579">
<LocList>
<Loc EndOffset="9401" SrcFileId="1" StartOffset="9395"/>
</LocList>
</BasicBoolTerm>
<LocList>
<Loc EndOffset="9394" SrcFileId="1" StartOffset="9392"/>
</LocList>
</OpTerm>
</RootTerm>
</CondStmnt>
</StmntSeq>
</Branch>
<Keyword EndOffset="9294" SrcFileId="1" StartOffset="9292"/>
<LocList>
<Loc EndOffset="9801" SrcFileId="1" StartOffset="9292"/>
</LocList>
<RootTerm CovItemId="C60" CovItemPrefix="com.OriginalFiles.RemoteNXTFunctions.java" Intrnl_Id="580">
<OpTerm BooleanOpId="10" Intrnl_Id="581">
<BasicBoolTerm Intrnl_Id="582">
<LocList>
<Loc EndOffset="9301" SrcFileId="1" StartOffset="9295"/>
</LocList>
</BasicBoolTerm>
<BasicBoolTerm Intrnl_Id="583">
<LocList>
<Loc EndOffset="9311" SrcFileId="1" StartOffset="9305"/>
</LocList>
</BasicBoolTerm>
<LocList>
<Loc EndOffset="9304" SrcFileId="1" StartOffset="9302"/>
</LocList>
</OpTerm>
</RootTerm>
</CondStmnt>
</StmntSeq>
</Branch>
<Branch CovItemId="B114" CovItemPrefix="com.OriginalFiles.RemoteNXTFunctions.java" Implct="false" Intrnl_Id="584">
<Cond>
<Loc EndOffset="9821" SrcFileId="1" StartOffset="9817"/>
</Cond>
<LocList>
<Loc EndOffset="11286" SrcFileId="1" StartOffset="9822"/>
</LocList>
<StmntSeq Intrnl_Id="585">
<LocList>
<Loc EndOffset="11286" SrcFileId="1" StartOffset="9822"/>
</LocList>
<CondStmnt CovItemId="S138" CovItemPrefix="com.OriginalFiles.RemoteNXTFunctions.java" Intrnl_Id="586">
<Branch CovItemId="B123" CovItemPrefix="com.OriginalFiles.RemoteNXTFunctions.java" Implct="false" Intrnl_Id="587">
<Cond/>
<LocList>
<Loc EndOffset="10396" SrcFileId="1" StartOffset="9853"/>
</LocList>
<StmntSeq Intrnl_Id="588">
<LocList>
<Loc EndOffset="10381" SrcFileId="1" StartOffset="9872"/>
</LocList>
<CondStmnt CovItemId="S139" CovItemPrefix="com.OriginalFiles.RemoteNXTFunctions.java" Intrnl_Id="589">
<Branch CovItemId="B125" CovItemPrefix="com.OriginalFiles.RemoteNXTFunctions.java" Implct="false" Intrnl_Id="590">
<Cond/>
<LocList>
<Loc EndOffset="9956" SrcFileId="1" StartOffset="9893"/>
</LocList>
<StmntSeq Intrnl_Id="591">
<LocList>
<Loc EndOffset="9937" SrcFileId="1" StartOffset="9916"/>
</LocList>
<BasicStmnt CovItemId="S140" CovItemPrefix="com.OriginalFiles.RemoteNXTFunctions.java" Intrnl_Id="592">
<LocList>
<Loc EndOffset="9937" SrcFileId="1" StartOffset="9916"/>
</LocList>
</BasicStmnt>
</StmntSeq>
</Branch>
<Branch CovItemId="B126" CovItemPrefix="com.OriginalFiles.RemoteNXTFunctions.java" Implct="false" Intrnl_Id="593">
<Cond>
<Loc EndOffset="9961" SrcFileId="1" StartOffset="9957"/>
</Cond>
<LocList>
<Loc EndOffset="10381" SrcFileId="1" StartOffset="9962"/>
</LocList>
<StmntSeq Intrnl_Id="594">
<LocList>
<Loc EndOffset="10381" SrcFileId="1" StartOffset="9962"/>
</LocList>
<CondStmnt CovItemId="S141" CovItemPrefix="com.OriginalFiles.RemoteNXTFunctions.java" Intrnl_Id="595">
<Branch CovItemId="B127" CovItemPrefix="com.OriginalFiles.RemoteNXTFunctions.java" Implct="false" Intrnl_Id="596">
<Cond/>
<LocList>
<Loc EndOffset="10046" SrcFileId="1" StartOffset="9983"/>
</LocList>
<StmntSeq Intrnl_Id="597">
<LocList>
<Loc EndOffset="10027" SrcFileId="1" StartOffset="10006"/>
</LocList>
<BasicStmnt CovItemId="S142" CovItemPrefix="com.OriginalFiles.RemoteNXTFunctions.java" Intrnl_Id="598">
<LocList>
<Loc EndOffset="10027" SrcFileId="1" StartOffset="10006"/>
</LocList>
</BasicStmnt>
</StmntSeq>
</Branch>
<Branch CovItemId="B128" CovItemPrefix="com.OriginalFiles.RemoteNXTFunctions.java" Implct="false" Intrnl_Id="599">
<Cond>
<Loc EndOffset="10051" SrcFileId="1" StartOffset="10047"/>
</Cond>
<LocList>
<Loc EndOffset="10381" SrcFileId="1" StartOffset="10052"/>
</LocList>
<StmntSeq Intrnl_Id="600">
<LocList>
<Loc EndOffset="10381" SrcFileId="1" StartOffset="10052"/>
</LocList>
<CondStmnt CovItemId="S143" CovItemPrefix="com.OriginalFiles.RemoteNXTFunctions.java" Intrnl_Id="601">
<Branch CovItemId="B129" CovItemPrefix="com.OriginalFiles.RemoteNXTFunctions.java" Implct="false" Intrnl_Id="602">
<Cond/>
<LocList>
<Loc EndOffset="10136" SrcFileId="1" StartOffset="10073"/>
</LocList>
<StmntSeq Intrnl_Id="603">
<LocList>
<Loc EndOffset="10117" SrcFileId="1" StartOffset="10096"/>
</LocList>
<BasicStmnt CovItemId="S144" CovItemPrefix="com.OriginalFiles.RemoteNXTFunctions.java" Intrnl_Id="604">
<LocList>
<Loc EndOffset="10117" SrcFileId="1" StartOffset="10096"/>
</LocList>
</BasicStmnt>
</StmntSeq>
</Branch>
<Branch CovItemId="B130" CovItemPrefix="com.OriginalFiles.RemoteNXTFunctions.java" Implct="false" Intrnl_Id="605">
<Cond>
<Loc EndOffset="10141" SrcFileId="1" StartOffset="10137"/>
</Cond>
<LocList>
<Loc EndOffset="10381" SrcFileId="1" StartOffset="10142"/>
</LocList>
<StmntSeq Intrnl_Id="606">
<LocList>
<Loc EndOffset="10381" SrcFileId="1" StartOffset="10142"/>
</LocList>
<CondStmnt CovItemId="S145" CovItemPrefix="com.OriginalFiles.RemoteNXTFunctions.java" Intrnl_Id="607">
<Branch CovItemId="B131" CovItemPrefix="com.OriginalFiles.RemoteNXTFunctions.java" Implct="false" Intrnl_Id="608">
<Cond/>
<LocList>
<Loc EndOffset="10312" SrcFileId="1" StartOffset="10201"/>
</LocList>
<StmntSeq Intrnl_Id="609">
<LocList>
<Loc EndOffset="10293" SrcFileId="1" StartOffset="10224"/>
</LocList>
<BasicStmnt CovItemId="S146" CovItemPrefix="com.OriginalFiles.RemoteNXTFunctions.java" Intrnl_Id="610">
<LocList>
<Loc EndOffset="10293" SrcFileId="1" StartOffset="10224"/>
</LocList>
</BasicStmnt>
</StmntSeq>
</Branch>
<Branch CovItemId="B132" CovItemPrefix="com.OriginalFiles.RemoteNXTFunctions.java" Implct="false" Intrnl_Id="611">
<Cond>
<Loc EndOffset="10317" SrcFileId="1" StartOffset="10313"/>
</Cond>
<LocList>
<Loc EndOffset="10381" SrcFileId="1" StartOffset="10318"/>
</LocList>
<StmntSeq Intrnl_Id="612">
<LocList>
<Loc EndOffset="10362" SrcFileId="1" StartOffset="10341"/>
</LocList>
<BasicStmnt CovItemId="S147" CovItemPrefix="com.OriginalFiles.RemoteNXTFunctions.java" Intrnl_Id="613">
<LocList>
<Loc EndOffset="10362" SrcFileId="1" StartOffset="10341"/>
</LocList>
</BasicStmnt>
</StmntSeq>
</Branch>
<Keyword EndOffset="10144" SrcFileId="1" StartOffset="10142"/>
<LocList>
<Loc EndOffset="10381" SrcFileId="1" StartOffset="10142"/>
</LocList>
<RootTerm CovItemId="C68" CovItemPrefix="com.OriginalFiles.RemoteNXTFunctions.java" Intrnl_Id="614">
<BasicBoolTerm Intrnl_Id="615">
<LocList>
<Loc EndOffset="10199" SrcFileId="1" StartOffset="10146"/>
</LocList>
</BasicBoolTerm>
</RootTerm>
</CondStmnt>
</StmntSeq>
</Branch>
<Keyword EndOffset="10054" SrcFileId="1" StartOffset="10052"/>
<LocList>
<Loc EndOffset="10381" SrcFileId="1" StartOffset="10052"/>
</LocList>
<RootTerm CovItemId="C67" CovItemPrefix="com.OriginalFiles.RemoteNXTFunctions.java" Intrnl_Id="616">
<OpTerm BooleanOpId="10" Intrnl_Id="617">
<BasicBoolTerm Intrnl_Id="618">
<LocList>
<Loc EndOffset="10061" SrcFileId="1" StartOffset="10055"/>
</LocList>
</BasicBoolTerm>
<BasicBoolTerm Intrnl_Id="619">
<LocList>
<Loc EndOffset="10071" SrcFileId="1" StartOffset="10065"/>
</LocList>
</BasicBoolTerm>
<LocList>
<Loc EndOffset="10064" SrcFileId="1" StartOffset="10062"/>
</LocList>
</OpTerm>
</RootTerm>
</CondStmnt>
</StmntSeq>
</Branch>
<Keyword EndOffset="9964" SrcFileId="1" StartOffset="9962"/>
<LocList>
<Loc EndOffset="10381" SrcFileId="1" StartOffset="9962"/>
</LocList>
<RootTerm CovItemId="C66" CovItemPrefix="com.OriginalFiles.RemoteNXTFunctions.java" Intrnl_Id="620">
<OpTerm BooleanOpId="10" Intrnl_Id="621">
<BasicBoolTerm Intrnl_Id="622">
<LocList>
<Loc EndOffset="9971" SrcFileId="1" StartOffset="9965"/>
</LocList>
</BasicBoolTerm>
<BasicBoolTerm Intrnl_Id="623">
<LocList>
<Loc EndOffset="9981" SrcFileId="1" StartOffset="9975"/>
</LocList>
</BasicBoolTerm>
<LocList>
<Loc EndOffset="9974" SrcFileId="1" StartOffset="9972"/>
</LocList>
</OpTerm>
</RootTerm>
</CondStmnt>
</StmntSeq>
</Branch>
<Keyword EndOffset="9874" SrcFileId="1" StartOffset="9872"/>
<LocList>
<Loc EndOffset="10381" SrcFileId="1" StartOffset="9872"/>
</LocList>
<RootTerm CovItemId="C65" CovItemPrefix="com.OriginalFiles.RemoteNXTFunctions.java" Intrnl_Id="624">
<OpTerm BooleanOpId="10" Intrnl_Id="625">
<BasicBoolTerm Intrnl_Id="626">
<LocList>
<Loc EndOffset="9881" SrcFileId="1" StartOffset="9875"/>
</LocList>
</BasicBoolTerm>
<BasicBoolTerm Intrnl_Id="627">
<LocList>
<Loc EndOffset="9891" SrcFileId="1" StartOffset="9885"/>
</LocList>
</BasicBoolTerm>
<LocList>
<Loc EndOffset="9884" SrcFileId="1" StartOffset="9882"/>
</LocList>
</OpTerm>
</RootTerm>
</CondStmnt>
</StmntSeq>
</Branch>
<Branch CovItemId="B124" CovItemPrefix="com.OriginalFiles.RemoteNXTFunctions.java" Implct="false" Intrnl_Id="628">
<Cond>
<Loc EndOffset="10401" SrcFileId="1" StartOffset="10397"/>
</Cond>
<LocList>
<Loc EndOffset="11286" SrcFileId="1" StartOffset="10402"/>
</LocList>
<StmntSeq Intrnl_Id="629">
<LocList>
<Loc EndOffset="11286" SrcFileId="1" StartOffset="10402"/>
</LocList>
<CondStmnt CovItemId="S148" CovItemPrefix="com.OriginalFiles.RemoteNXTFunctions.java" Intrnl_Id="630">
<Branch CovItemId="B133" CovItemPrefix="com.OriginalFiles.RemoteNXTFunctions.java" Implct="false" Intrnl_Id="631">
<Cond/>
<LocList>
<Loc EndOffset="10886" SrcFileId="1" StartOffset="10433"/>
</LocList>
<StmntSeq Intrnl_Id="632">
<LocList>
<Loc EndOffset="10871" SrcFileId="1" StartOffset="10452"/>
</LocList>
<CondStmnt CovItemId="S149" CovItemPrefix="com.OriginalFiles.RemoteNXTFunctions.java" Intrnl_Id="633">
<Branch CovItemId="B135" CovItemPrefix="com.OriginalFiles.RemoteNXTFunctions.java" Implct="false" Intrnl_Id="634">
<Cond/>
<LocList>
<Loc EndOffset="10536" SrcFileId="1" StartOffset="10473"/>
</LocList>
<StmntSeq Intrnl_Id="635">
<LocList>
<Loc EndOffset="10517" SrcFileId="1" StartOffset="10496"/>
</LocList>
<BasicStmnt CovItemId="S150" CovItemPrefix="com.OriginalFiles.RemoteNXTFunctions.java" Intrnl_Id="636">
<LocList>
<Loc EndOffset="10517" SrcFileId="1" StartOffset="10496"/>
</LocList>
</BasicStmnt>
</StmntSeq>
</Branch>
<Branch CovItemId="B136" CovItemPrefix="com.OriginalFiles.RemoteNXTFunctions.java" Implct="false" Intrnl_Id="637">
<Cond>
<Loc EndOffset="10541" SrcFileId="1" StartOffset="10537"/>
</Cond>
<LocList>
<Loc EndOffset="10871" SrcFileId="1" StartOffset="10542"/>
</LocList>
<StmntSeq Intrnl_Id="638">
<LocList>
<Loc EndOffset="10871" SrcFileId="1" StartOffset="10542"/>
</LocList>
<CondStmnt CovItemId="S151" CovItemPrefix="com.OriginalFiles.RemoteNXTFunctions.java" Intrnl_Id="639">
<Branch CovItemId="B137" CovItemPrefix="com.OriginalFiles.RemoteNXTFunctions.java" Implct="false" Intrnl_Id="640">
<Cond/>
<LocList>
<Loc EndOffset="10626" SrcFileId="1" StartOffset="10563"/>
</LocList>
<StmntSeq Intrnl_Id="641">
<LocList>
<Loc EndOffset="10607" SrcFileId="1" StartOffset="10586"/>
</LocList>
<BasicStmnt CovItemId="S152" CovItemPrefix="com.OriginalFiles.RemoteNXTFunctions.java" Intrnl_Id="642">
<LocList>
<Loc EndOffset="10607" SrcFileId="1" StartOffset="10586"/>
</LocList>
</BasicStmnt>
</StmntSeq>
</Branch>
<Branch CovItemId="B138" CovItemPrefix="com.OriginalFiles.RemoteNXTFunctions.java" Implct="false" Intrnl_Id="643">
<Cond>
<Loc EndOffset="10631" SrcFileId="1" StartOffset="10627"/>
</Cond>
<LocList>
<Loc EndOffset="10871" SrcFileId="1" StartOffset="10632"/>
</LocList>
<StmntSeq Intrnl_Id="644">
<LocList>
<Loc EndOffset="10871" SrcFileId="1" StartOffset="10632"/>
</LocList>
<CondStmnt CovItemId="S153" CovItemPrefix="com.OriginalFiles.RemoteNXTFunctions.java" Intrnl_Id="645">
<Branch CovItemId="B139" CovItemPrefix="com.OriginalFiles.RemoteNXTFunctions.java" Implct="false" Intrnl_Id="646">
<Cond/>
<LocList>
<Loc EndOffset="10802" SrcFileId="1" StartOffset="10691"/>
</LocList>
<StmntSeq Intrnl_Id="647">
<LocList>
<Loc EndOffset="10783" SrcFileId="1" StartOffset="10714"/>
</LocList>
<BasicStmnt CovItemId="S154" CovItemPrefix="com.OriginalFiles.RemoteNXTFunctions.java" Intrnl_Id="648">
<LocList>
<Loc EndOffset="10783" SrcFileId="1" StartOffset="10714"/>
</LocList>
</BasicStmnt>
</StmntSeq>
</Branch>
<Branch CovItemId="B140" CovItemPrefix="com.OriginalFiles.RemoteNXTFunctions.java" Implct="false" Intrnl_Id="649">
<Cond>
<Loc EndOffset="10807" SrcFileId="1" StartOffset="10803"/>
</Cond>
<LocList>
<Loc EndOffset="10871" SrcFileId="1" StartOffset="10808"/>
</LocList>
<StmntSeq Intrnl_Id="650">
<LocList>
<Loc EndOffset="10852" SrcFileId="1" StartOffset="10831"/>
</LocList>
<BasicStmnt CovItemId="S155" CovItemPrefix="com.OriginalFiles.RemoteNXTFunctions.java" Intrnl_Id="651">
<LocList>
<Loc EndOffset="10852" SrcFileId="1" StartOffset="10831"/>
</LocList>
</BasicStmnt>
</StmntSeq>
</Branch>
<Keyword EndOffset="10634" SrcFileId="1" StartOffset="10632"/>
<LocList>
<Loc EndOffset="10871" SrcFileId="1" StartOffset="10632"/>
</LocList>
<RootTerm CovItemId="C72" CovItemPrefix="com.OriginalFiles.RemoteNXTFunctions.java" Intrnl_Id="652">
<BasicBoolTerm Intrnl_Id="653">
<LocList>
<Loc EndOffset="10689" SrcFileId="1" StartOffset="10636"/>
</LocList>
</BasicBoolTerm>
</RootTerm>
</CondStmnt>
</StmntSeq>
</Branch>
<Keyword EndOffset="10544" SrcFileId="1" StartOffset="10542"/>
<LocList>
<Loc EndOffset="10871" SrcFileId="1" StartOffset="10542"/>
</LocList>
<RootTerm CovItemId="C71" CovItemPrefix="com.OriginalFiles.RemoteNXTFunctions.java" Intrnl_Id="654">
<OpTerm BooleanOpId="10" Intrnl_Id="655">
<BasicBoolTerm Intrnl_Id="656">
<LocList>
<Loc EndOffset="10551" SrcFileId="1" StartOffset="10545"/>
</LocList>
</BasicBoolTerm>
<BasicBoolTerm Intrnl_Id="657">
<LocList>
<Loc EndOffset="10561" SrcFileId="1" StartOffset="10555"/>
</LocList>
</BasicBoolTerm>
<LocList>
<Loc EndOffset="10554" SrcFileId="1" StartOffset="10552"/>
</LocList>
</OpTerm>
</RootTerm>
</CondStmnt>
</StmntSeq>
</Branch>
<Keyword EndOffset="10454" SrcFileId="1" StartOffset="10452"/>
<LocList>
<Loc EndOffset="10871" SrcFileId="1" StartOffset="10452"/>
</LocList>
<RootTerm CovItemId="C70" CovItemPrefix="com.OriginalFiles.RemoteNXTFunctions.java" Intrnl_Id="658">
<OpTerm BooleanOpId="10" Intrnl_Id="659">
<BasicBoolTerm Intrnl_Id="660">
<LocList>
<Loc EndOffset="10461" SrcFileId="1" StartOffset="10455"/>
</LocList>
</BasicBoolTerm>
<BasicBoolTerm Intrnl_Id="661">
<LocList>
<Loc EndOffset="10471" SrcFileId="1" StartOffset="10465"/>
</LocList>
</BasicBoolTerm>
<LocList>
<Loc EndOffset="10464" SrcFileId="1" StartOffset="10462"/>
</LocList>
</OpTerm>
</RootTerm>
</CondStmnt>
</StmntSeq>
</Branch>
<Branch CovItemId="B134" CovItemPrefix="com.OriginalFiles.RemoteNXTFunctions.java" Implct="false" Intrnl_Id="662">
<Cond>
<Loc EndOffset="10891" SrcFileId="1" StartOffset="10887"/>
</Cond>
<LocList>
<Loc EndOffset="11286" SrcFileId="1" StartOffset="10892"/>
</LocList>
<StmntSeq Intrnl_Id="663">
<LocList>
<Loc EndOffset="11286" SrcFileId="1" StartOffset="10892"/>
</LocList>
<CondStmnt CovItemId="S156" CovItemPrefix="com.OriginalFiles.RemoteNXTFunctions.java" Intrnl_Id="664">
<Branch CovItemId="B141" CovItemPrefix="com.OriginalFiles.RemoteNXTFunctions.java" Implct="false" Intrnl_Id="665">
<Cond/>
<LocList>
<Loc EndOffset="11286" SrcFileId="1" StartOffset="10923"/>
</LocList>
<StmntSeq Intrnl_Id="666">
<LocList>
<Loc EndOffset="11271" SrcFileId="1" StartOffset="10942"/>
</LocList>
<CondStmnt CovItemId="S157" CovItemPrefix="com.OriginalFiles.RemoteNXTFunctions.java" Intrnl_Id="667">
<Branch CovItemId="B143" CovItemPrefix="com.OriginalFiles.RemoteNXTFunctions.java" Implct="false" Intrnl_Id="668">
<Cond/>
<LocList>
<Loc EndOffset="11026" SrcFileId="1" StartOffset="10963"/>
</LocList>
<StmntSeq Intrnl_Id="669">
<LocList>
<Loc EndOffset="11007" SrcFileId="1" StartOffset="10986"/>
</LocList>
<BasicStmnt CovItemId="S158" CovItemPrefix="com.OriginalFiles.RemoteNXTFunctions.java" Intrnl_Id="670">
<LocList>
<Loc EndOffset="11007" SrcFileId="1" StartOffset="10986"/>
</LocList>
</BasicStmnt>
</StmntSeq>
</Branch>
<Branch CovItemId="B144" CovItemPrefix="com.OriginalFiles.RemoteNXTFunctions.java" Implct="false" Intrnl_Id="671">
<Cond>
<Loc EndOffset="11031" SrcFileId="1" StartOffset="11027"/>
</Cond>
<LocList>
<Loc EndOffset="11271" SrcFileId="1" StartOffset="11032"/>
</LocList>
<StmntSeq Intrnl_Id="672">
<LocList>
<Loc EndOffset="11271" SrcFileId="1" StartOffset="11032"/>
</LocList>
<CondStmnt CovItemId="S159" CovItemPrefix="com.OriginalFiles.RemoteNXTFunctions.java" Intrnl_Id="673">
<Branch CovItemId="B145" CovItemPrefix="com.OriginalFiles.RemoteNXTFunctions.java" Implct="false" Intrnl_Id="674">
<Cond/>
<LocList>
<Loc EndOffset="11202" SrcFileId="1" StartOffset="11091"/>
</LocList>
<StmntSeq Intrnl_Id="675">
<LocList>
<Loc EndOffset="11183" SrcFileId="1" StartOffset="11114"/>
</LocList>
<BasicStmnt CovItemId="S160" CovItemPrefix="com.OriginalFiles.RemoteNXTFunctions.java" Intrnl_Id="676">
<LocList>
<Loc EndOffset="11183" SrcFileId="1" StartOffset="11114"/>
</LocList>
</BasicStmnt>
</StmntSeq>
</Branch>
<Branch CovItemId="B146" CovItemPrefix="com.OriginalFiles.RemoteNXTFunctions.java" Implct="false" Intrnl_Id="677">
<Cond>
<Loc EndOffset="11207" SrcFileId="1" StartOffset="11203"/>
</Cond>
<LocList>
<Loc EndOffset="11271" SrcFileId="1" StartOffset="11208"/>
</LocList>
<StmntSeq Intrnl_Id="678">
<LocList>
<Loc EndOffset="11252" SrcFileId="1" StartOffset="11231"/>
</LocList>
<BasicStmnt CovItemId="S161" CovItemPrefix="com.OriginalFiles.RemoteNXTFunctions.java" Intrnl_Id="679">
<LocList>
<Loc EndOffset="11252" SrcFileId="1" StartOffset="11231"/>
</LocList>
</BasicStmnt>
</StmntSeq>
</Branch>
<Keyword EndOffset="11034" SrcFileId="1" StartOffset="11032"/>
<LocList>
<Loc EndOffset="11271" SrcFileId="1" StartOffset="11032"/>
</LocList>
<RootTerm CovItemId="C75" CovItemPrefix="com.OriginalFiles.RemoteNXTFunctions.java" Intrnl_Id="680">
<BasicBoolTerm Intrnl_Id="681">
<LocList>
<Loc EndOffset="11089" SrcFileId="1" StartOffset="11036"/>
</LocList>
</BasicBoolTerm>
</RootTerm>
</CondStmnt>
</StmntSeq>
</Branch>
<Keyword EndOffset="10944" SrcFileId="1" StartOffset="10942"/>
<LocList>
<Loc EndOffset="11271" SrcFileId="1" StartOffset="10942"/>
</LocList>
<RootTerm CovItemId="C74" CovItemPrefix="com.OriginalFiles.RemoteNXTFunctions.java" Intrnl_Id="682">
<OpTerm BooleanOpId="10" Intrnl_Id="683">
<BasicBoolTerm Intrnl_Id="684">
<LocList>
<Loc EndOffset="10951" SrcFileId="1" StartOffset="10945"/>
</LocList>
</BasicBoolTerm>
<BasicBoolTerm Intrnl_Id="685">
<LocList>
<Loc EndOffset="10961" SrcFileId="1" StartOffset="10955"/>
</LocList>
</BasicBoolTerm>
<LocList>
<Loc EndOffset="10954" SrcFileId="1" StartOffset="10952"/>
</LocList>
</OpTerm>
</RootTerm>
</CondStmnt>
</StmntSeq>
</Branch>
<Branch CovItemId="B142" CovItemPrefix="com.OriginalFiles.RemoteNXTFunctions.java" Implct="true" Intrnl_Id="686">
<Cond/>
<LocList/>
<StmntSeq Intrnl_Id="687">
<LocList/>
</StmntSeq>
</Branch>
<Keyword EndOffset="10894" SrcFileId="1" StartOffset="10892"/>
<LocList>
<Loc EndOffset="11286" SrcFileId="1" StartOffset="10892"/>
</LocList>
<RootTerm CovItemId="C73" CovItemPrefix="com.OriginalFiles.RemoteNXTFunctions.java" Intrnl_Id="688">
<BasicBoolTerm Intrnl_Id="689">
<LocList>
<Loc EndOffset="10921" SrcFileId="1" StartOffset="10896"/>
</LocList>
</BasicBoolTerm>
</RootTerm>
</CondStmnt>
</StmntSeq>
</Branch>
<Keyword EndOffset="10404" SrcFileId="1" StartOffset="10402"/>
<LocList>
<Loc EndOffset="11286" SrcFileId="1" StartOffset="10402"/>
</LocList>
<RootTerm CovItemId="C69" CovItemPrefix="com.OriginalFiles.RemoteNXTFunctions.java" Intrnl_Id="690">
<BasicBoolTerm Intrnl_Id="691">
<LocList>
<Loc EndOffset="10431" SrcFileId="1" StartOffset="10406"/>
</LocList>
</BasicBoolTerm>
</RootTerm>
</CondStmnt>
</StmntSeq>
</Branch>
<Keyword EndOffset="9824" SrcFileId="1" StartOffset="9822"/>
<LocList>
<Loc EndOffset="11286" SrcFileId="1" StartOffset="9822"/>
</LocList>
<RootTerm CovItemId="C64" CovItemPrefix="com.OriginalFiles.RemoteNXTFunctions.java" Intrnl_Id="692">
<BasicBoolTerm Intrnl_Id="693">
<LocList>
<Loc EndOffset="9851" SrcFileId="1" StartOffset="9826"/>
</LocList>
</BasicBoolTerm>
</RootTerm>
</CondStmnt>
</StmntSeq>
</Branch>
<Keyword EndOffset="9244" SrcFileId="1" StartOffset="9242"/>
<LocList>
<Loc EndOffset="11286" SrcFileId="1" StartOffset="9242"/>
</LocList>
<RootTerm CovItemId="C59" CovItemPrefix="com.OriginalFiles.RemoteNXTFunctions.java" Intrnl_Id="694">
<BasicBoolTerm Intrnl_Id="695">
<LocList>
<Loc EndOffset="9271" SrcFileId="1" StartOffset="9246"/>
</LocList>
</BasicBoolTerm>
</RootTerm>
</CondStmnt>
</StmntSeq>
</Branch>
<Keyword EndOffset="8664" SrcFileId="1" StartOffset="8662"/>
<LocList>
<Loc EndOffset="11286" SrcFileId="1" StartOffset="8662"/>
</LocList>
<RootTerm CovItemId="C54" CovItemPrefix="com.OriginalFiles.RemoteNXTFunctions.java" Intrnl_Id="696">
<BasicBoolTerm Intrnl_Id="697">
<LocList>
<Loc EndOffset="8691" SrcFileId="1" StartOffset="8666"/>
</LocList>
</BasicBoolTerm>
</RootTerm>
</CondStmnt>
</StmntSeq>
</Branch>
<Keyword EndOffset="8085" SrcFileId="1" StartOffset="8083"/>
<LocList>
<Loc EndOffset="11286" SrcFileId="1" StartOffset="8083"/>
</LocList>
<RootTerm CovItemId="C49" CovItemPrefix="com.OriginalFiles.RemoteNXTFunctions.java" Intrnl_Id="698">
<BasicBoolTerm Intrnl_Id="699">
<LocList>
<Loc EndOffset="8111" SrcFileId="1" StartOffset="8087"/>
</LocList>
</BasicBoolTerm>
</RootTerm>
</CondStmnt>
</StmntSeq>
</Branch>
<Keyword EndOffset="7583" SrcFileId="1" StartOffset="7581"/>
<LocList>
<Loc EndOffset="11286" SrcFileId="1" StartOffset="7581"/>
</LocList>
<RootTerm CovItemId="C45" CovItemPrefix="com.OriginalFiles.RemoteNXTFunctions.java" Intrnl_Id="700">
<BasicBoolTerm Intrnl_Id="701">
<LocList>
<Loc EndOffset="7609" SrcFileId="1" StartOffset="7585"/>
</LocList>
</BasicBoolTerm>
</RootTerm>
</CondStmnt>
</StmntSeq>
</Branch>
<Keyword EndOffset="7081" SrcFileId="1" StartOffset="7079"/>
<LocList>
<Loc EndOffset="11286" SrcFileId="1" StartOffset="7079"/>
</LocList>
<RootTerm CovItemId="C41" CovItemPrefix="com.OriginalFiles.RemoteNXTFunctions.java" Intrnl_Id="702">
<BasicBoolTerm Intrnl_Id="703">
<LocList>
<Loc EndOffset="7107" SrcFileId="1" StartOffset="7083"/>
</LocList>
</BasicBoolTerm>
</RootTerm>
</CondStmnt>
</StmntSeq>
</Branch>
<Keyword EndOffset="6579" SrcFileId="1" StartOffset="6577"/>
<LocList>
<Loc EndOffset="11286" SrcFileId="1" StartOffset="6577"/>
</LocList>
<RootTerm CovItemId="C37" CovItemPrefix="com.OriginalFiles.RemoteNXTFunctions.java" Intrnl_Id="704">
<BasicBoolTerm Intrnl_Id="705">
<LocList>
<Loc EndOffset="6605" SrcFileId="1" StartOffset="6581"/>
</LocList>
</BasicBoolTerm>
</RootTerm>
</CondStmnt>
</StmntSeq>
</Branch>
<Keyword EndOffset="6077" SrcFileId="1" StartOffset="6075"/>
<LocList>
<Loc EndOffset="11286" SrcFileId="1" StartOffset="6075"/>
</LocList>
<RootTerm CovItemId="C33" CovItemPrefix="com.OriginalFiles.RemoteNXTFunctions.java" Intrnl_Id="706">
<BasicBoolTerm Intrnl_Id="707">
<LocList>
<Loc EndOffset="6103" SrcFileId="1" StartOffset="6079"/>
</LocList>
</BasicBoolTerm>
</RootTerm>
</CondStmnt>
</StmntSeq>
</Branch>
<Keyword EndOffset="5665" SrcFileId="1" StartOffset="5663"/>
<LocList>
<Loc EndOffset="11286" SrcFileId="1" StartOffset="5663"/>
</LocList>
<RootTerm CovItemId="C30" CovItemPrefix="com.OriginalFiles.RemoteNXTFunctions.java" Intrnl_Id="708">
<BasicBoolTerm Intrnl_Id="709">
<LocList>
<Loc EndOffset="5691" SrcFileId="1" StartOffset="5667"/>
</LocList>
</BasicBoolTerm>
</RootTerm>
</CondStmnt>
</StmntSeq>
</Branch>
<Keyword EndOffset="5253" SrcFileId="1" StartOffset="5251"/>
<LocList>
<Loc EndOffset="11286" SrcFileId="1" StartOffset="5251"/>
</LocList>
<RootTerm CovItemId="C27" CovItemPrefix="com.OriginalFiles.RemoteNXTFunctions.java" Intrnl_Id="710">
<BasicBoolTerm Intrnl_Id="711">
<LocList>
<Loc EndOffset="5279" SrcFileId="1" StartOffset="5255"/>
</LocList>
</BasicBoolTerm>
</RootTerm>
</CondStmnt>
</StmntSeq>
</Branch>
<Keyword EndOffset="4593" SrcFileId="1" StartOffset="4591"/>
<LocList>
<Loc EndOffset="11286" SrcFileId="1" StartOffset="4591"/>
</LocList>
<RootTerm CovItemId="C22" CovItemPrefix="com.OriginalFiles.RemoteNXTFunctions.java" Intrnl_Id="712">
<BasicBoolTerm Intrnl_Id="713">
<LocList>
<Loc EndOffset="4619" SrcFileId="1" StartOffset="4595"/>
</LocList>
</BasicBoolTerm>
</RootTerm>
</CondStmnt>
</StmntSeq>
</Branch>
<Keyword EndOffset="4041" SrcFileId="1" StartOffset="4039"/>
<LocList>
<Loc EndOffset="11286" SrcFileId="1" StartOffset="4039"/>
</LocList>
<RootTerm CovItemId="C18" CovItemPrefix="com.OriginalFiles.RemoteNXTFunctions.java" Intrnl_Id="714">
<BasicBoolTerm Intrnl_Id="715">
<LocList>
<Loc EndOffset="4066" SrcFileId="1" StartOffset="4042"/>
</LocList>
</BasicBoolTerm>
</RootTerm>
</CondStmnt>
</StmntSeq>
</Branch>
<Keyword EndOffset="2278" SrcFileId="1" StartOffset="2276"/>
<LocList>
<Loc EndOffset="11297" SrcFileId="1" StartOffset="2276"/>
</LocList>
<RootTerm CovItemId="C5" CovItemPrefix="com.OriginalFiles.RemoteNXTFunctions.java" Intrnl_Id="716">
<BasicBoolTerm Intrnl_Id="717">
<LocList>
<Loc EndOffset="2303" SrcFileId="1" StartOffset="2279"/>
</LocList>
</BasicBoolTerm>
</RootTerm>
</CondStmnt>
<BasicStmnt CovItemId="S162" CovItemPrefix="com.OriginalFiles.RemoteNXTFunctions.java" Intrnl_Id="718">
<LocList>
<Loc EndOffset="11331" SrcFileId="1" StartOffset="11317"/>
</LocList>
</BasicStmnt>
</StmntSeq>
</HierarchyLvl>
</HierarchyLvl>
<HierarchyLvl HierarchyLvlId="241" HierarchyLvlTypeId="13" Intrnl_Id="719" Name="Piece">
<Header>
<Loc EndOffset="48" SrcFileId="2" StartOffset="30"/>
</Header>
<LocList>
<Loc EndOffset="3411" SrcFileId="2" StartOffset="30"/>
</LocList>
<StmntSeq Intrnl_Id="720">
<LocList>
<Loc EndOffset="83" SrcFileId="2" StartOffset="56"/>
<Loc EndOffset="147" SrcFileId="2" StartOffset="113"/>
<Loc EndOffset="184" SrcFileId="2" StartOffset="153"/>
<Loc EndOffset="223" SrcFileId="2" StartOffset="190"/>
<Loc EndOffset="261" SrcFileId="2" StartOffset="229"/>
<Loc EndOffset="303" SrcFileId="2" StartOffset="267"/>
<Loc EndOffset="341" SrcFileId="2" StartOffset="309"/>
<Loc EndOffset="379" SrcFileId="2" StartOffset="347"/>
<Loc EndOffset="457" SrcFileId="2" StartOffset="421"/>
<Loc EndOffset="497" SrcFileId="2" StartOffset="463"/>
<Loc EndOffset="536" SrcFileId="2" StartOffset="503"/>
<Loc EndOffset="578" SrcFileId="2" StartOffset="542"/>
<Loc EndOffset="617" SrcFileId="2" StartOffset="584"/>
</LocList>
<BasicStmnt CovItemId="S1" CovItemPrefix="com.OriginalFiles.Piece.java" Intrnl_Id="721">
<LocList>
<Loc EndOffset="83" SrcFileId="2" StartOffset="56"/>
</LocList>
</BasicStmnt>
<BasicStmnt CovItemId="S2" CovItemPrefix="com.OriginalFiles.Piece.java" Intrnl_Id="722">
<LocList>
<Loc EndOffset="147" SrcFileId="2" StartOffset="113"/>
</LocList>
</BasicStmnt>
<BasicStmnt CovItemId="S3" CovItemPrefix="com.OriginalFiles.Piece.java" Intrnl_Id="723">
<LocList>
<Loc EndOffset="184" SrcFileId="2" StartOffset="153"/>
</LocList>
</BasicStmnt>
<BasicStmnt CovItemId="S4" CovItemPrefix="com.OriginalFiles.Piece.java" Intrnl_Id="724">
<LocList>
<Loc EndOffset="223" SrcFileId="2" StartOffset="190"/>
</LocList>
</BasicStmnt>
<BasicStmnt CovItemId="S5" CovItemPrefix="com.OriginalFiles.Piece.java" Intrnl_Id="725">
<LocList>
<Loc EndOffset="261" SrcFileId="2" StartOffset="229"/>
</LocList>
</BasicStmnt>
<BasicStmnt CovItemId="S6" CovItemPrefix="com.OriginalFiles.Piece.java" Intrnl_Id="726">
<LocList>
<Loc EndOffset="303" SrcFileId="2" StartOffset="267"/>
</LocList>
</BasicStmnt>
<BasicStmnt CovItemId="S7" CovItemPrefix="com.OriginalFiles.Piece.java" Intrnl_Id="727">
<LocList>
<Loc EndOffset="341" SrcFileId="2" StartOffset="309"/>
</LocList>
</BasicStmnt>
<BasicStmnt CovItemId="S8" CovItemPrefix="com.OriginalFiles.Piece.java" Intrnl_Id="728">
<LocList>
<Loc EndOffset="379" SrcFileId="2" StartOffset="347"/>
</LocList>
</BasicStmnt>
<BasicStmnt CovItemId="S9" CovItemPrefix="com.OriginalFiles.Piece.java" Intrnl_Id="729">
<LocList>
<Loc EndOffset="457" SrcFileId="2" StartOffset="421"/>
</LocList>
</BasicStmnt>
<BasicStmnt CovItemId="S10" CovItemPrefix="com.OriginalFiles.Piece.java" Intrnl_Id="730">
<LocList>
<Loc EndOffset="497" SrcFileId="2" StartOffset="463"/>
</LocList>
</BasicStmnt>
<BasicStmnt CovItemId="S11" CovItemPrefix="com.OriginalFiles.Piece.java" Intrnl_Id="731">
<LocList>
<Loc EndOffset="536" SrcFileId="2" StartOffset="503"/>
</LocList>
</BasicStmnt>
<BasicStmnt CovItemId="S12" CovItemPrefix="com.OriginalFiles.Piece.java" Intrnl_Id="732">
<LocList>
<Loc EndOffset="578" SrcFileId="2" StartOffset="542"/>
</LocList>
</BasicStmnt>
<BasicStmnt CovItemId="S13" CovItemPrefix="com.OriginalFiles.Piece.java" Intrnl_Id="733">
<LocList>
<Loc EndOffset="617" SrcFileId="2" StartOffset="584"/>
</LocList>
</BasicStmnt>
</StmntSeq>
<HierarchyLvl HierarchyLvlId="231" HierarchyLvlTypeId="14" Intrnl_Id="734" Name="Piece">
<Header>
<Loc EndOffset="650" SrcFileId="2" StartOffset="625"/>
</Header>
<LocList>
<Loc EndOffset="691" SrcFileId="2" StartOffset="625"/>
</LocList>
<StmntSeq Intrnl_Id="735">
<LocList>
<Loc EndOffset="684" SrcFileId="2" StartOffset="662"/>
</LocList>
<BasicStmnt CovItemId="S14" CovItemPrefix="com.OriginalFiles.Piece.java" Intrnl_Id="736">
<LocList>
<Loc EndOffset="684" SrcFileId="2" StartOffset="662"/>
</LocList>
</BasicStmnt>
</StmntSeq>
</HierarchyLvl>
<HierarchyLvl HierarchyLvlId="232" HierarchyLvlTypeId="14" Intrnl_Id="737" Name="getY">
<Header>
<Loc EndOffset="722" SrcFileId="2" StartOffset="699"/>
</Header>
<LocList>
<Loc EndOffset="750" SrcFileId="2" StartOffset="699"/>
</LocList>
<StmntSeq Intrnl_Id="738">
<LocList>
<Loc EndOffset="743" SrcFileId="2" StartOffset="734"/>
</LocList>
<BasicStmnt CovItemId="S15" CovItemPrefix="com.OriginalFiles.Piece.java" Intrnl_Id="739">
<LocList>
<Loc EndOffset="743" SrcFileId="2" StartOffset="734"/>
</LocList>
</BasicStmnt>
</StmntSeq>
</HierarchyLvl>
<HierarchyLvl HierarchyLvlId="233" HierarchyLvlTypeId="14" Intrnl_Id="740" Name="getX">
<Header>
<Loc EndOffset="781" SrcFileId="2" StartOffset="758"/>
</Header>
<LocList>
<Loc EndOffset="809" SrcFileId="2" StartOffset="758"/>
</LocList>
<StmntSeq Intrnl_Id="741">
<LocList>
<Loc EndOffset="802" SrcFileId="2" StartOffset="793"/>
</LocList>
<BasicStmnt CovItemId="S16" CovItemPrefix="com.OriginalFiles.Piece.java" Intrnl_Id="742">
<LocList>
<Loc EndOffset="802" SrcFileId="2" StartOffset="793"/>
</LocList>
</BasicStmnt>
</StmntSeq>
</HierarchyLvl>
<HierarchyLvl HierarchyLvlId="234" HierarchyLvlTypeId="14" Intrnl_Id="743" Name="setXY">
<Header>
<Loc EndOffset="864" SrcFileId="2" StartOffset="817"/>
</Header>
<LocList>
<Loc EndOffset="946" SrcFileId="2" StartOffset="817"/>
</LocList>
<StmntSeq Intrnl_Id="744">
<LocList>
<Loc EndOffset="887" SrcFileId="2" StartOffset="876"/>
<Loc EndOffset="908" SrcFileId="2" StartOffset="897"/>
<Loc EndOffset="939" SrcFileId="2" StartOffset="918"/>
</LocList>
<BasicStmnt CovItemId="S17" CovItemPrefix="com.OriginalFiles.Piece.java" Intrnl_Id="745">
<LocList>
<Loc EndOffset="887" SrcFileId="2" StartOffset="876"/>
</LocList>
</BasicStmnt>
<BasicStmnt CovItemId="S18" CovItemPrefix="com.OriginalFiles.Piece.java" Intrnl_Id="746">
<LocList>
<Loc EndOffset="908" SrcFileId="2" StartOffset="897"/>
</LocList>
</BasicStmnt>
<BasicStmnt CovItemId="S19" CovItemPrefix="com.OriginalFiles.Piece.java" Intrnl_Id="747">
<LocList>
<Loc EndOffset="939" SrcFileId="2" StartOffset="918"/>
</LocList>
</BasicStmnt>
</StmntSeq>
</HierarchyLvl>
<HierarchyLvl HierarchyLvlId="235" HierarchyLvlTypeId="14" Intrnl_Id="748" Name="isOnBoard">
<Header>
<Loc EndOffset="981" SrcFileId="2" StartOffset="954"/>
</Header>
<LocList>
<Loc EndOffset="1151" SrcFileId="2" StartOffset="954"/>
</LocList>
<StmntSeq Intrnl_Id="749">
<LocList>
<Loc EndOffset="1144" SrcFileId="2" StartOffset="993"/>
</LocList>
<CondStmnt CovItemId="S20" CovItemPrefix="com.OriginalFiles.Piece.java" Intrnl_Id="750">
<Branch CovItemId="B1" CovItemPrefix="com.OriginalFiles.Piece.java" Implct="false" Intrnl_Id="751">
<Cond/>
<LocList>
<Loc EndOffset="1068" SrcFileId="2" StartOffset="1030"/>
</LocList>
<StmntSeq Intrnl_Id="752">
<LocList>
<Loc EndOffset="1057" SrcFileId="2" StartOffset="1045"/>
</LocList>
<BasicStmnt CovItemId="S21" CovItemPrefix="com.OriginalFiles.Piece.java" Intrnl_Id="753">
<LocList>
<Loc EndOffset="1057" SrcFileId="2" StartOffset="1045"/>
</LocList>
</BasicStmnt>
</StmntSeq>
</Branch>
<Branch CovItemId="B2" CovItemPrefix="com.OriginalFiles.Piece.java" Implct="false" Intrnl_Id="754">
<Cond>
<Loc EndOffset="1073" SrcFileId="2" StartOffset="1069"/>
</Cond>
<LocList>
<Loc EndOffset="1144" SrcFileId="2" StartOffset="1074"/>
</LocList>
<StmntSeq Intrnl_Id="755">
<LocList>
<Loc EndOffset="1106" SrcFileId="2" StartOffset="1089"/>
<Loc EndOffset="1133" SrcFileId="2" StartOffset="1120"/>
</LocList>
<BasicStmnt CovItemId="S22" CovItemPrefix="com.OriginalFiles.Piece.java" Intrnl_Id="756">
<LocList>
<Loc EndOffset="1106" SrcFileId="2" StartOffset="1089"/>
</LocList>
</BasicStmnt>
<BasicStmnt CovItemId="S23" CovItemPrefix="com.OriginalFiles.Piece.java" Intrnl_Id="757">
<LocList>
<Loc EndOffset="1133" SrcFileId="2" StartOffset="1120"/>
</LocList>
</BasicStmnt>
</StmntSeq>
</Branch>
<Keyword EndOffset="995" SrcFileId="2" StartOffset="993"/>
<LocList>
<Loc EndOffset="1144" SrcFileId="2" StartOffset="993"/>
</LocList>
<RootTerm CovItemId="C1" CovItemPrefix="com.OriginalFiles.Piece.java" Intrnl_Id="758">
<BasicBoolTerm Intrnl_Id="759">
<LocList>
<Loc EndOffset="1028" SrcFileId="2" StartOffset="997"/>
</LocList>
</BasicBoolTerm>
</RootTerm>
</CondStmnt>
</StmntSeq>
</HierarchyLvl>
<HierarchyLvl HierarchyLvlId="236" HierarchyLvlTypeId="14" Intrnl_Id="760" Name="priceForPiece">
<Header>
<Loc EndOffset="1207" SrcFileId="2" StartOffset="1159"/>
</Header>
<LocList>
<Loc EndOffset="1373" SrcFileId="2" StartOffset="1159"/>
</LocList>
<StmntSeq Intrnl_Id="761">
<LocList>
<Loc EndOffset="1336" SrcFileId="2" StartOffset="1219"/>
<Loc EndOffset="1366" SrcFileId="2" StartOffset="1346"/>
</LocList>
<CondStmnt CovItemId="S24" CovItemPrefix="com.OriginalFiles.Piece.java" Intrnl_Id="762">
<Branch CovItemId="B3" CovItemPrefix="com.OriginalFiles.Piece.java" Implct="false" Intrnl_Id="763">
<Cond/>
<LocList>
<Loc EndOffset="1336" SrcFileId="2" StartOffset="1283"/>
</LocList>
<StmntSeq Intrnl_Id="764">
<LocList>
<Loc EndOffset="1325" SrcFileId="2" StartOffset="1302"/>
</LocList>
<BasicStmnt CovItemId="S25" CovItemPrefix="com.OriginalFiles.Piece.java" Intrnl_Id="765">
<LocList>
<Loc EndOffset="1325" SrcFileId="2" StartOffset="1302"/>
</LocList>
</BasicStmnt>
</StmntSeq>
</Branch>
<Branch CovItemId="B4" CovItemPrefix="com.OriginalFiles.Piece.java" Implct="true" Intrnl_Id="766">
<Cond/>
<LocList/>
<StmntSeq Intrnl_Id="767">
<LocList/>
</StmntSeq>
</Branch>
<Keyword EndOffset="1221" SrcFileId="2" StartOffset="1219"/>
<LocList>
<Loc EndOffset="1336" SrcFileId="2" StartOffset="1219"/>
</LocList>
<RootTerm CovItemId="C2" CovItemPrefix="com.OriginalFiles.Piece.java" Intrnl_Id="768">
<OpTerm BooleanOpId="11" Intrnl_Id="769">
<BasicBoolTerm Intrnl_Id="770">
<LocList>
<Loc EndOffset="1255" SrcFileId="2" StartOffset="1223"/>
</LocList>
</BasicBoolTerm>
<BasicBoolTerm Intrnl_Id="771">
<LocList>
<Loc EndOffset="1281" SrcFileId="2" StartOffset="1259"/>
</LocList>
</BasicBoolTerm>
<LocList>
<Loc EndOffset="1258" SrcFileId="2" StartOffset="1256"/>
</LocList>
</OpTerm>
</RootTerm>
</CondStmnt>
<BasicStmnt CovItemId="S26" CovItemPrefix="com.OriginalFiles.Piece.java" Intrnl_Id="772">
<LocList>
<Loc EndOffset="1366" SrcFileId="2" StartOffset="1346"/>
</LocList>
</BasicStmnt>
</StmntSeq>
</HierarchyLvl>
<HierarchyLvl HierarchyLvlId="237" HierarchyLvlTypeId="14" Intrnl_Id="773" Name="min">
<Header>
<Loc EndOffset="1410" SrcFileId="2" StartOffset="1381"/>
</Header>
<LocList>
<Loc EndOffset="1494" SrcFileId="2" StartOffset="1381"/>
</LocList>
<StmntSeq Intrnl_Id="774">
<LocList>
<Loc EndOffset="1468" SrcFileId="2" StartOffset="1422"/>
<Loc EndOffset="1487" SrcFileId="2" StartOffset="1478"/>
</LocList>
<CondStmnt CovItemId="S27" CovItemPrefix="com.OriginalFiles.Piece.java" Intrnl_Id="775">
<Branch CovItemId="B5" CovItemPrefix="com.OriginalFiles.Piece.java" Implct="false" Intrnl_Id="776">
<Cond/>
<LocList>
<Loc EndOffset="1468" SrcFileId="2" StartOffset="1433"/>
</LocList>
<StmntSeq Intrnl_Id="777">
<LocList>
<Loc EndOffset="1457" SrcFileId="2" StartOffset="1448"/>
</LocList>
<BasicStmnt CovItemId="S28" CovItemPrefix="com.OriginalFiles.Piece.java" Intrnl_Id="778">
<LocList>
<Loc EndOffset="1457" SrcFileId="2" StartOffset="1448"/>
</LocList>
</BasicStmnt>
</StmntSeq>
</Branch>
<Branch CovItemId="B6" CovItemPrefix="com.OriginalFiles.Piece.java" Implct="true" Intrnl_Id="779">
<Cond/>
<LocList/>
<StmntSeq Intrnl_Id="780">
<LocList/>
</StmntSeq>
</Branch>
<Keyword EndOffset="1424" SrcFileId="2" StartOffset="1422"/>
<LocList>
<Loc EndOffset="1468" SrcFileId="2" StartOffset="1422"/>
</LocList>
<RootTerm CovItemId="C3" CovItemPrefix="com.OriginalFiles.Piece.java" Intrnl_Id="781">
<BasicBoolTerm Intrnl_Id="782">
<LocList>
<Loc EndOffset="1431" SrcFileId="2" StartOffset="1426"/>
</LocList>
</BasicBoolTerm>
</RootTerm>
</CondStmnt>
<BasicStmnt CovItemId="S29" CovItemPrefix="com.OriginalFiles.Piece.java" Intrnl_Id="783">
<LocList>
<Loc EndOffset="1487" SrcFileId="2" StartOffset="1478"/>
</LocList>
</BasicStmnt>
</StmntSeq>
</HierarchyLvl>
<HierarchyLvl HierarchyLvlId="238" HierarchyLvlTypeId="14" Intrnl_Id="784" Name="updatePriceMidgame">
<Header>
<Loc EndOffset="1535" SrcFileId="2" StartOffset="1502"/>
</Header>
<LocList>
<Loc EndOffset="1577" SrcFileId="2" StartOffset="1502"/>
</LocList>
<StmntSeq Intrnl_Id="785">
<LocList>
<Loc EndOffset="1570" SrcFileId="2" StartOffset="1547"/>
</LocList>
<BasicStmnt CovItemId="S30" CovItemPrefix="com.OriginalFiles.Piece.java" Intrnl_Id="786">
<LocList>
<Loc EndOffset="1570" SrcFileId="2" StartOffset="1547"/>
</LocList>
</BasicStmnt>
</StmntSeq>
</HierarchyLvl>
<HierarchyLvl HierarchyLvlId="239" HierarchyLvlTypeId="14" Intrnl_Id="787" Name="updatePrice">
<Header>
<Loc EndOffset="1624" SrcFileId="2" StartOffset="1585"/>
</Header>
<LocList>
<Loc EndOffset="2616" SrcFileId="2" StartOffset="1585"/>
</LocList>
<StmntSeq Intrnl_Id="788">
<LocList>
<Loc EndOffset="2609" SrcFileId="2" StartOffset="1636"/>
</LocList>
<CondStmnt CovItemId="S31" CovItemPrefix="com.OriginalFiles.Piece.java" Intrnl_Id="789">
<Branch CovItemId="B7" CovItemPrefix="com.OriginalFiles.Piece.java" Implct="false" Intrnl_Id="790">
<Cond/>
<LocList>
<Loc EndOffset="2609" SrcFileId="2" StartOffset="1653"/>
</LocList>
<StmntSeq Intrnl_Id="791">
<LocList>
<Loc EndOffset="1700" SrcFileId="2" StartOffset="1668"/>
<Loc EndOffset="1745" SrcFileId="2" StartOffset="1714"/>
<Loc EndOffset="1913" SrcFileId="2" StartOffset="1759"/>
<Loc EndOffset="2032" SrcFileId="2" StartOffset="1927"/>
<Loc EndOffset="2469" SrcFileId="2" StartOffset="2048"/>
<Loc EndOffset="2557" SrcFileId="2" StartOffset="2483"/>
<Loc EndOffset="2598" SrcFileId="2" StartOffset="2571"/>
</LocList>
<BasicStmnt CovItemId="S32" CovItemPrefix="com.OriginalFiles.Piece.java" Intrnl_Id="792">
<LocList>
<Loc EndOffset="1700" SrcFileId="2" StartOffset="1668"/>
</LocList>
</BasicStmnt>
<BasicStmnt CovItemId="S33" CovItemPrefix="com.OriginalFiles.Piece.java" Intrnl_Id="793">
<LocList>
<Loc EndOffset="1745" SrcFileId="2" StartOffset="1714"/>
</LocList>
</BasicStmnt>
<CondStmnt CovItemId="S34" CovItemPrefix="com.OriginalFiles.Piece.java" Intrnl_Id="794">
<Branch CovItemId="B9" CovItemPrefix="com.OriginalFiles.Piece.java" Implct="false" Intrnl_Id="795">
<Cond/>
<LocList>
<Loc EndOffset="1913" SrcFileId="2" StartOffset="1787"/>
</LocList>
<StmntSeq Intrnl_Id="796">
<LocList>
<Loc EndOffset="1898" SrcFileId="2" StartOffset="1806"/>
</LocList>
<BasicStmnt CovItemId="S35" CovItemPrefix="com.OriginalFiles.Piece.java" Intrnl_Id="797">
<LocList>
<Loc EndOffset="1898" SrcFileId="2" StartOffset="1806"/>
</LocList>
</BasicStmnt>
</StmntSeq>
</Branch>
<Branch CovItemId="B10" CovItemPrefix="com.OriginalFiles.Piece.java" Implct="true" Intrnl_Id="798">
<Cond/>
<LocList/>
<StmntSeq Intrnl_Id="799">
<LocList/>
</StmntSeq>
</Branch>
<Keyword EndOffset="1761" SrcFileId="2" StartOffset="1759"/>
<LocList>
<Loc EndOffset="1913" SrcFileId="2" StartOffset="1759"/>
</LocList>
<RootTerm CovItemId="C5" CovItemPrefix="com.OriginalFiles.Piece.java" Intrnl_Id="800">
<BasicBoolTerm Intrnl_Id="801">
<LocList>
<Loc EndOffset="1785" SrcFileId="2" StartOffset="1763"/>
</LocList>
</BasicBoolTerm>
</RootTerm>
</CondStmnt>
<CondStmnt CovItemId="S36" CovItemPrefix="com.OriginalFiles.Piece.java" Intrnl_Id="802">
<Branch CovItemId="B11" CovItemPrefix="com.OriginalFiles.Piece.java" Implct="false" Intrnl_Id="803">
<Cond/>
<LocList>
<Loc EndOffset="2032" SrcFileId="2" StartOffset="1955"/>
</LocList>
<StmntSeq Intrnl_Id="804">
<LocList>
<Loc EndOffset="2017" SrcFileId="2" StartOffset="1974"/>
</LocList>
<BasicStmnt CovItemId="S37" CovItemPrefix="com.OriginalFiles.Piece.java" Intrnl_Id="805">
<LocList>
<Loc EndOffset="2017" SrcFileId="2" StartOffset="1974"/>
</LocList>
</BasicStmnt>
</StmntSeq>
</Branch>
<Branch CovItemId="B12" CovItemPrefix="com.OriginalFiles.Piece.java" Implct="true" Intrnl_Id="806">
<Cond/>
<LocList/>
<StmntSeq Intrnl_Id="807">
<LocList/>
</StmntSeq>
</Branch>
<Keyword EndOffset="1929" SrcFileId="2" StartOffset="1927"/>
<LocList>
<Loc EndOffset="2032" SrcFileId="2" StartOffset="1927"/>
</LocList>
<RootTerm CovItemId="C6" CovItemPrefix="com.OriginalFiles.Piece.java" Intrnl_Id="808">
<BasicBoolTerm Intrnl_Id="809">
<LocList>
<Loc EndOffset="1953" SrcFileId="2" StartOffset="1931"/>
</LocList>
</BasicBoolTerm>
</RootTerm>
</CondStmnt>
<CondStmnt CovItemId="S38" CovItemPrefix="com.OriginalFiles.Piece.java" Intrnl_Id="810">
<Branch CovItemId="B13" CovItemPrefix="com.OriginalFiles.Piece.java" Implct="false" Intrnl_Id="811">
<Cond/>
<LocList>
<Loc EndOffset="2469" SrcFileId="2" StartOffset="2281"/>
</LocList>
<StmntSeq Intrnl_Id="812">
<LocList>
<Loc EndOffset="2403" SrcFileId="2" StartOffset="2300"/>
<Loc EndOffset="2454" SrcFileId="2" StartOffset="2421"/>
</LocList>
<CondStmnt CovItemId="S39" CovItemPrefix="com.OriginalFiles.Piece.java" Intrnl_Id="813">
<Branch CovItemId="B15" CovItemPrefix="com.OriginalFiles.Piece.java" Implct="false" Intrnl_Id="814">
<Cond/>
<LocList>
<Loc EndOffset="2403" SrcFileId="2" StartOffset="2328"/>
</LocList>
<StmntSeq Intrnl_Id="815">
<LocList>
<Loc EndOffset="2384" SrcFileId="2" StartOffset="2351"/>
</LocList>
<BasicStmnt CovItemId="S40" CovItemPrefix="com.OriginalFiles.Piece.java" Intrnl_Id="816">
<LocList>
<Loc EndOffset="2384" SrcFileId="2" StartOffset="2351"/>
</LocList>
</BasicStmnt>
</StmntSeq>
</Branch>
<Branch CovItemId="B16" CovItemPrefix="com.OriginalFiles.Piece.java" Implct="true" Intrnl_Id="817">
<Cond/>
<LocList/>
<StmntSeq Intrnl_Id="818">
<LocList/>
</StmntSeq>
</Branch>
<Keyword EndOffset="2302" SrcFileId="2" StartOffset="2300"/>
<LocList>
<Loc EndOffset="2403" SrcFileId="2" StartOffset="2300"/>
</LocList>
<RootTerm CovItemId="C8" CovItemPrefix="com.OriginalFiles.Piece.java" Intrnl_Id="819">
<BasicBoolTerm Intrnl_Id="820">
<LocList>
<Loc EndOffset="2326" SrcFileId="2" StartOffset="2304"/>
</LocList>
</BasicBoolTerm>
</RootTerm>
</CondStmnt>
<BasicStmnt CovItemId="S41" CovItemPrefix="com.OriginalFiles.Piece.java" Intrnl_Id="821">
<LocList>
<Loc EndOffset="2454" SrcFileId="2" StartOffset="2421"/>
</LocList>
</BasicStmnt>
</StmntSeq>
</Branch>
<Branch CovItemId="B14" CovItemPrefix="com.OriginalFiles.Piece.java" Implct="true" Intrnl_Id="822">
<Cond/>
<LocList/>
<StmntSeq Intrnl_Id="823">
<LocList/>
</StmntSeq>
</Branch>
<Keyword EndOffset="2050" SrcFileId="2" StartOffset="2048"/>
<LocList>
<Loc EndOffset="2469" SrcFileId="2" StartOffset="2048"/>
</LocList>
<RootTerm CovItemId="C7" CovItemPrefix="com.OriginalFiles.Piece.java" Intrnl_Id="824">
<OpTerm BooleanOpId="10" Intrnl_Id="825">
<OpTerm BooleanOpId="9" Intrnl_Id="826">
<BasicBoolTerm Intrnl_Id="827">
<LocList>
<Loc EndOffset="2062" SrcFileId="2" StartOffset="2053"/>
</LocList>
</BasicBoolTerm>
<LocList>
<Loc EndOffset="2053" SrcFileId="2" StartOffset="2052"/>
</LocList>
</OpTerm>
<OpTerm BooleanOpId="11" Intrnl_Id="828">
<OpTerm BooleanOpId="10" Intrnl_Id="829">
<BasicBoolTerm Intrnl_Id="830">
<LocList>
<Loc EndOffset="2130" SrcFileId="2" StartOffset="2089"/>
</LocList>
</BasicBoolTerm>
<BasicBoolTerm Intrnl_Id="831">
<LocList>
<Loc EndOffset="2169" SrcFileId="2" StartOffset="2163"/>
</LocList>
</BasicBoolTerm>
<LocList>
<Loc EndOffset="2162" SrcFileId="2" StartOffset="2160"/>
</LocList>
</OpTerm>
<OpTerm BooleanOpId="10" Intrnl_Id="832">
<BasicBoolTerm Intrnl_Id="833">
<LocList>
<Loc EndOffset="2238" SrcFileId="2" StartOffset="2196"/>
</LocList>
</BasicBoolTerm>
<BasicBoolTerm Intrnl_Id="834">
<LocList>
<Loc EndOffset="2277" SrcFileId="2" StartOffset="2271"/>
</LocList>
</BasicBoolTerm>
<LocList>
<Loc EndOffset="2270" SrcFileId="2" StartOffset="2268"/>
</LocList>
</OpTerm>
<LocList>
<Loc EndOffset="2194" SrcFileId="2" StartOffset="2192"/>
</LocList>
</OpTerm>
<LocList>
<Loc EndOffset="2086" SrcFileId="2" StartOffset="2084"/>
</LocList>
</OpTerm>
</RootTerm>
</CondStmnt>
<CondStmnt CovItemId="S42" CovItemPrefix="com.OriginalFiles.Piece.java" Intrnl_Id="835">
<Branch CovItemId="B17" CovItemPrefix="com.OriginalFiles.Piece.java" Implct="false" Intrnl_Id="836">
<Cond/>
<LocList>
<Loc EndOffset="2557" SrcFileId="2" StartOffset="2498"/>
</LocList>
<StmntSeq Intrnl_Id="837">
<LocList>
<Loc EndOffset="2542" SrcFileId="2" StartOffset="2517"/>
</LocList>
<BasicStmnt CovItemId="S43" CovItemPrefix="com.OriginalFiles.Piece.java" Intrnl_Id="838">
<LocList>
<Loc EndOffset="2542" SrcFileId="2" StartOffset="2517"/>
</LocList>
</BasicStmnt>
</StmntSeq>
</Branch>
<Branch CovItemId="B18" CovItemPrefix="com.OriginalFiles.Piece.java" Implct="true" Intrnl_Id="839">
<Cond/>
<LocList/>
<StmntSeq Intrnl_Id="840">
<LocList/>
</StmntSeq>
</Branch>
<Keyword EndOffset="2485" SrcFileId="2" StartOffset="2483"/>
<LocList>
<Loc EndOffset="2557" SrcFileId="2" StartOffset="2483"/>
</LocList>
<RootTerm CovItemId="C9" CovItemPrefix="com.OriginalFiles.Piece.java" Intrnl_Id="841">
<BasicBoolTerm Intrnl_Id="842">
<LocList>
<Loc EndOffset="2496" SrcFileId="2" StartOffset="2487"/>
</LocList>
</BasicBoolTerm>
</RootTerm>
</CondStmnt>
<BasicStmnt CovItemId="S44" CovItemPrefix="com.OriginalFiles.Piece.java" Intrnl_Id="843">
<LocList>
<Loc EndOffset="2598" SrcFileId="2" StartOffset="2571"/>
</LocList>
</BasicStmnt>
</StmntSeq>
</Branch>
<Branch CovItemId="B8" CovItemPrefix="com.OriginalFiles.Piece.java" Implct="true" Intrnl_Id="844">
<Cond/>
<LocList/>
<StmntSeq Intrnl_Id="845">
<LocList/>
</StmntSeq>
</Branch>
<Keyword EndOffset="1638" SrcFileId="2" StartOffset="1636"/>
<LocList>
<Loc EndOffset="2609" SrcFileId="2" StartOffset="1636"/>
</LocList>
<RootTerm CovItemId="C4" CovItemPrefix="com.OriginalFiles.Piece.java" Intrnl_Id="846">
<BasicBoolTerm Intrnl_Id="847">
<LocList>
<Loc EndOffset="1651" SrcFileId="2" StartOffset="1640"/>
</LocList>
</BasicBoolTerm>
</RootTerm>
</CondStmnt>
</StmntSeq>
</HierarchyLvl>
<HierarchyLvl HierarchyLvlId="240" HierarchyLvlTypeId="14" Intrnl_Id="848" Name="closestPiece">
<Header>
<Loc EndOffset="2650" SrcFileId="2" StartOffset="2624"/>
</Header>
<LocList>
<Loc EndOffset="3408" SrcFileId="2" StartOffset="2624"/>
</LocList>
<StmntSeq Intrnl_Id="849">
<LocList>
<Loc EndOffset="2684" SrcFileId="2" StartOffset="2662"/>
<Loc EndOffset="2711" SrcFileId="2" StartOffset="2694"/>
<Loc EndOffset="3375" SrcFileId="2" StartOffset="2721"/>
<Loc EndOffset="3401" SrcFileId="2" StartOffset="3385"/>
</LocList>
<BasicStmnt CovItemId="S45" CovItemPrefix="com.OriginalFiles.Piece.java" Intrnl_Id="850">
<LocList>
<Loc EndOffset="2684" SrcFileId="2" StartOffset="2662"/>
</LocList>
</BasicStmnt>
<BasicStmnt CovItemId="S46" CovItemPrefix="com.OriginalFiles.Piece.java" Intrnl_Id="851">
<LocList>
<Loc EndOffset="2711" SrcFileId="2" StartOffset="2694"/>
</LocList>
</BasicStmnt>
<LoopStmnt CovItemId="S47" CovItemPrefix="com.OriginalFiles.Piece.java" Intrnl_Id="852" MltplExecId="L1-2" MltplExecPrefix="com.OriginalFiles.Piece.java" NvrExecId="L1-0" NvrExecPrefix="com.OriginalFiles.Piece.java" OnceExecutedId="L1-1" OnceExecutedPrefix="com.OriginalFiles.Piece.java" OptBodyExec="true">
<StmntSeq Intrnl_Id="853">
<LocList>
<Loc EndOffset="2781" SrcFileId="2" StartOffset="2767"/>
<Loc EndOffset="3364" SrcFileId="2" StartOffset="2795"/>
</LocList>
<BasicStmnt CovItemId="S48" CovItemPrefix="com.OriginalFiles.Piece.java" Intrnl_Id="854">
<LocList>
<Loc EndOffset="2781" SrcFileId="2" StartOffset="2767"/>
</LocList>
</BasicStmnt>
<LoopStmnt CovItemId="S49" CovItemPrefix="com.OriginalFiles.Piece.java" Intrnl_Id="855" MltplExecId="L2-2" MltplExecPrefix="com.OriginalFiles.Piece.java" NvrExecId="L2-0" NvrExecPrefix="com.OriginalFiles.Piece.java" OnceExecutedId="L2-1" OnceExecutedPrefix="com.OriginalFiles.Piece.java" OptBodyExec="true">
<StmntSeq Intrnl_Id="856">
<LocList>
<Loc EndOffset="3349" SrcFileId="2" StartOffset="2872"/>
</LocList>
<LoopStmnt CovItemId="S50" CovItemPrefix="com.OriginalFiles.Piece.java" Intrnl_Id="857" MltplExecId="L3-2" MltplExecPrefix="com.OriginalFiles.Piece.java" NvrExecId="L3-0" NvrExecPrefix="com.OriginalFiles.Piece.java" OnceExecutedId="L3-1" OnceExecutedPrefix="com.OriginalFiles.Piece.java" OptBodyExec="true">
<StmntSeq Intrnl_Id="858">
<LocList>
<Loc EndOffset="3330" SrcFileId="2" StartOffset="2942"/>
</LocList>
<CondStmnt CovItemId="S51" CovItemPrefix="com.OriginalFiles.Piece.java" Intrnl_Id="859">
<Branch CovItemId="B19" CovItemPrefix="com.OriginalFiles.Piece.java" Implct="false" Intrnl_Id="860">
<Cond/>
<LocList>
<Loc EndOffset="3330" SrcFileId="2" StartOffset="3017"/>
</LocList>
<StmntSeq Intrnl_Id="861">
<LocList>
<Loc EndOffset="3307" SrcFileId="2" StartOffset="3044"/>
</LocList>
<CondStmnt CovItemId="S52" CovItemPrefix="com.OriginalFiles.Piece.java" Intrnl_Id="862">
<Branch CovItemId="B21" CovItemPrefix="com.OriginalFiles.Piece.java" Implct="false" Intrnl_Id="863">
<Cond/>
<LocList>
<Loc EndOffset="3307" SrcFileId="2" StartOffset="3190"/>
</LocList>
<StmntSeq Intrnl_Id="864">
<LocList>
<Loc EndOffset="3234" SrcFileId="2" StartOffset="3221"/>
<Loc EndOffset="3280" SrcFileId="2" StartOffset="3264"/>
</LocList>
<BasicStmnt CovItemId="S53" CovItemPrefix="com.OriginalFiles.Piece.java" Intrnl_Id="865">
<LocList>
<Loc EndOffset="3234" SrcFileId="2" StartOffset="3221"/>
</LocList>
</BasicStmnt>
<BasicStmnt CovItemId="S54" CovItemPrefix="com.OriginalFiles.Piece.java" Intrnl_Id="866">
<LocList>
<Loc EndOffset="3280" SrcFileId="2" StartOffset="3264"/>
</LocList>
</BasicStmnt>
</StmntSeq>
</Branch>
<Branch CovItemId="B22" CovItemPrefix="com.OriginalFiles.Piece.java" Implct="true" Intrnl_Id="867">
<Cond/>
<LocList/>
<StmntSeq Intrnl_Id="868">
<LocList/>
</StmntSeq>
</Branch>
<Keyword EndOffset="3046" SrcFileId="2" StartOffset="3044"/>
<LocList>
<Loc EndOffset="3307" SrcFileId="2" StartOffset="3044"/>
</LocList>
<RootTerm CovItemId="C14" CovItemPrefix="com.OriginalFiles.Piece.java" Intrnl_Id="869">
<BasicBoolTerm Intrnl_Id="870">
<LocList>
<Loc EndOffset="3188" SrcFileId="2" StartOffset="3048"/>
</LocList>
</BasicBoolTerm>
</RootTerm>
</CondStmnt>
</StmntSeq>
</Branch>
<Branch CovItemId="B20" CovItemPrefix="com.OriginalFiles.Piece.java" Implct="true" Intrnl_Id="871">
<Cond/>
<LocList/>
<StmntSeq Intrnl_Id="872">
<LocList/>
</StmntSeq>
</Branch>
<Keyword EndOffset="2944" SrcFileId="2" StartOffset="2942"/>
<LocList>
<Loc EndOffset="3330" SrcFileId="2" StartOffset="2942"/>
</LocList>
<RootTerm CovItemId="C13" CovItemPrefix="com.OriginalFiles.Piece.java" Intrnl_Id="873">
<BasicBoolTerm Intrnl_Id="874">
<LocList>
<Loc EndOffset="3015" SrcFileId="2" StartOffset="2946"/>
</LocList>
</BasicBoolTerm>
</RootTerm>
</CondStmnt>
</StmntSeq>
<Keyword EndOffset="2875" SrcFileId="2" StartOffset="2872"/>
<LocList>
<Loc EndOffset="3349" SrcFileId="2" StartOffset="2872"/>
</LocList>
<RootTerm CovItemId="C12" CovItemPrefix="com.OriginalFiles.Piece.java" Intrnl_Id="875">
<BasicBoolTerm Intrnl_Id="876">
<LocList>
<Loc EndOffset="2912" SrcFileId="2" StartOffset="2896"/>
</LocList>
</BasicBoolTerm>
</RootTerm>
</LoopStmnt>
</StmntSeq>
<Keyword EndOffset="2809" SrcFileId="2" StartOffset="2806"/>
<LocList>
<Loc EndOffset="3364" SrcFileId="2" StartOffset="2795"/>
</LocList>
<RootTerm CovItemId="C11" CovItemPrefix="com.OriginalFiles.Piece.java" Intrnl_Id="877">
<BasicBoolTerm Intrnl_Id="878">
<LocList>
<Loc EndOffset="2846" SrcFileId="2" StartOffset="2830"/>
</LocList>
</BasicBoolTerm>
</RootTerm>
</LoopStmnt>
</StmntSeq>
<Keyword EndOffset="2726" SrcFileId="2" StartOffset="2721"/>
<LocList>
<Loc EndOffset="3375" SrcFileId="2" StartOffset="2721"/>
</LocList>
<RootTerm CovItemId="C10" CovItemPrefix="com.OriginalFiles.Piece.java" Intrnl_Id="879">
<OpTerm BooleanOpId="10" Intrnl_Id="880">
<OpTerm BooleanOpId="9" Intrnl_Id="881">
<BasicBoolTerm Intrnl_Id="882">
<LocList>
<Loc EndOffset="2734" SrcFileId="2" StartOffset="2729"/>
</LocList>
</BasicBoolTerm>
<LocList>
<Loc EndOffset="2729" SrcFileId="2" StartOffset="2728"/>
</LocList>
</OpTerm>
<BasicBoolTerm Intrnl_Id="883">
<LocList>
<Loc EndOffset="2750" SrcFileId="2" StartOffset="2738"/>
</LocList>
</BasicBoolTerm>
<LocList>
<Loc EndOffset="2737" SrcFileId="2" StartOffset="2735"/>
</LocList>
</OpTerm>
</RootTerm>
</LoopStmnt>
<BasicStmnt CovItemId="S55" CovItemPrefix="com.OriginalFiles.Piece.java" Intrnl_Id="884">
<LocList>
<Loc EndOffset="3401" SrcFileId="2" StartOffset="3385"/>
</LocList>
</BasicStmnt>
</StmntSeq>
</HierarchyLvl>
</HierarchyLvl>
<HierarchyLvl HierarchyLvlId="247" HierarchyLvlTypeId="13" Intrnl_Id="885" Name="Move">
<Header>
<Loc EndOffset="102" SrcFileId="3" StartOffset="85"/>
</Header>
<LocList>
<Loc EndOffset="1195" SrcFileId="3" StartOffset="85"/>
</LocList>
<StmntSeq Intrnl_Id="886">
<LocList>
<Loc EndOffset="227" SrcFileId="3" StartOffset="171"/>
<Loc EndOffset="270" SrcFileId="3" StartOffset="233"/>
</LocList>
<BasicStmnt CovItemId="S1" CovItemPrefix="com.OriginalFiles.Move.java" Intrnl_Id="887">
<LocList>
<Loc EndOffset="227" SrcFileId="3" StartOffset="171"/>
</LocList>
</BasicStmnt>
<BasicStmnt CovItemId="S2" CovItemPrefix="com.OriginalFiles.Move.java" Intrnl_Id="888">
<LocList>
<Loc EndOffset="270" SrcFileId="3" StartOffset="233"/>
</LocList>
</BasicStmnt>
</StmntSeq>
<HierarchyLvl HierarchyLvlId="242" HierarchyLvlTypeId="14" Intrnl_Id="889" Name="Move">
<Header>
<Loc EndOffset="336" SrcFileId="3" StartOffset="278"/>
</Header>
<LocList>
<Loc EndOffset="544" SrcFileId="3" StartOffset="278"/>
</LocList>
<StmntSeq Intrnl_Id="890">
<LocList>
<Loc EndOffset="396" SrcFileId="3" StartOffset="348"/>
<Loc EndOffset="431" SrcFileId="3" StartOffset="406"/>
<Loc EndOffset="464" SrcFileId="3" StartOffset="441"/>
<Loc EndOffset="498" SrcFileId="3" StartOffset="474"/>
<Loc EndOffset="537" SrcFileId="3" StartOffset="508"/>
</LocList>
<BasicStmnt CovItemId="S3" CovItemPrefix="com.OriginalFiles.Move.java" Intrnl_Id="891">
<LocList>
<Loc EndOffset="396" SrcFileId="3" StartOffset="348"/>
</LocList>
</BasicStmnt>
<BasicStmnt CovItemId="S4" CovItemPrefix="com.OriginalFiles.Move.java" Intrnl_Id="892">
<LocList>
<Loc EndOffset="431" SrcFileId="3" StartOffset="406"/>
</LocList>
</BasicStmnt>
<BasicStmnt CovItemId="S5" CovItemPrefix="com.OriginalFiles.Move.java" Intrnl_Id="893">
<LocList>
<Loc EndOffset="464" SrcFileId="3" StartOffset="441"/>
</LocList>
</BasicStmnt>
<BasicStmnt CovItemId="S6" CovItemPrefix="com.OriginalFiles.Move.java" Intrnl_Id="894">
<LocList>
<Loc EndOffset="498" SrcFileId="3" StartOffset="474"/>
</LocList>
</BasicStmnt>
<BasicStmnt CovItemId="S7" CovItemPrefix="com.OriginalFiles.Move.java" Intrnl_Id="895">
<LocList>
<Loc EndOffset="537" SrcFileId="3" StartOffset="508"/>
</LocList>
</BasicStmnt>
</StmntSeq>
</HierarchyLvl>
<HierarchyLvl HierarchyLvlId="243" HierarchyLvlTypeId="14" Intrnl_Id="896" Name="Move">
<Header>
<Loc EndOffset="604" SrcFileId="3" StartOffset="552"/>
</Header>
<LocList>
<Loc EndOffset="686" SrcFileId="3" StartOffset="552"/>
</LocList>
<StmntSeq Intrnl_Id="897">
<LocList>
<Loc EndOffset="640" SrcFileId="3" StartOffset="616"/>
<Loc EndOffset="679" SrcFileId="3" StartOffset="650"/>
</LocList>
<BasicStmnt CovItemId="S8" CovItemPrefix="com.OriginalFiles.Move.java" Intrnl_Id="898">
<LocList>
<Loc EndOffset="640" SrcFileId="3" StartOffset="616"/>
</LocList>
</BasicStmnt>
<BasicStmnt CovItemId="S9" CovItemPrefix="com.OriginalFiles.Move.java" Intrnl_Id="899">
<LocList>
<Loc EndOffset="679" SrcFileId="3" StartOffset="650"/>
</LocList>
</BasicStmnt>
</StmntSeq>
</HierarchyLvl>
<HierarchyLvl HierarchyLvlId="244" HierarchyLvlTypeId="14" Intrnl_Id="900" Name="Move">
<Header>
<Loc EndOffset="707" SrcFileId="3" StartOffset="694"/>
</Header>
<LocList>
<Loc EndOffset="808" SrcFileId="3" StartOffset="694"/>
</LocList>
<StmntSeq Intrnl_Id="901">
<LocList>
<Loc EndOffset="767" SrcFileId="3" StartOffset="719"/>
<Loc EndOffset="801" SrcFileId="3" StartOffset="777"/>
</LocList>
<BasicStmnt CovItemId="S10" CovItemPrefix="com.OriginalFiles.Move.java" Intrnl_Id="902">
<LocList>
<Loc EndOffset="767" SrcFileId="3" StartOffset="719"/>
</LocList>
</BasicStmnt>
<BasicStmnt CovItemId="S11" CovItemPrefix="com.OriginalFiles.Move.java" Intrnl_Id="903">
<LocList>
<Loc EndOffset="801" SrcFileId="3" StartOffset="777"/>
</LocList>
</BasicStmnt>
</StmntSeq>
</HierarchyLvl>
<HierarchyLvl HierarchyLvlId="245" HierarchyLvlTypeId="14" Intrnl_Id="904" Name="isJump">
<Header>
<Loc EndOffset="845" SrcFileId="3" StartOffset="816"/>
</Header>
<LocList>
<Loc EndOffset="1107" SrcFileId="3" StartOffset="816"/>
</LocList>
<StmntSeq Intrnl_Id="905">
<LocList>
<Loc EndOffset="1100" SrcFileId="3" StartOffset="857"/>
</LocList>
<CondStmnt CovItemId="S12" CovItemPrefix="com.OriginalFiles.Move.java" Intrnl_Id="906">
<Branch CovItemId="B1" CovItemPrefix="com.OriginalFiles.Move.java" Implct="false" Intrnl_Id="907">
<Cond/>
<LocList>
<Loc EndOffset="1055" SrcFileId="3" StartOffset="880"/>
</LocList>
<StmntSeq Intrnl_Id="908">
<LocList>
<Loc EndOffset="919" SrcFileId="3" StartOffset="895"/>
<Loc EndOffset="960" SrcFileId="3" StartOffset="933"/>
<Loc EndOffset="1044" SrcFileId="3" StartOffset="976"/>
</LocList>
<BasicStmnt CovItemId="S13" CovItemPrefix="com.OriginalFiles.Move.java" Intrnl_Id="909">
<LocList>
<Loc EndOffset="919" SrcFileId="3" StartOffset="895"/>
</LocList>
</BasicStmnt>
<BasicStmnt CovItemId="S14" CovItemPrefix="com.OriginalFiles.Move.java" Intrnl_Id="910">
<LocList>
<Loc EndOffset="960" SrcFileId="3" StartOffset="933"/>
</LocList>
</BasicStmnt>
<BasicStmnt CovItemId="S15" CovItemPrefix="com.OriginalFiles.Move.java" Intrnl_Id="911">
<LocList>
<Loc EndOffset="1044" SrcFileId="3" StartOffset="976"/>
</LocList>
</BasicStmnt>
</StmntSeq>
</Branch>
<Branch CovItemId="B2" CovItemPrefix="com.OriginalFiles.Move.java" Implct="false" Intrnl_Id="912">
<Cond>
<Loc EndOffset="1060" SrcFileId="3" StartOffset="1056"/>
</Cond>
<LocList>
<Loc EndOffset="1100" SrcFileId="3" StartOffset="1061"/>
</LocList>
<StmntSeq Intrnl_Id="913">
<LocList>
<Loc EndOffset="1089" SrcFileId="3" StartOffset="1076"/>
</LocList>
<BasicStmnt CovItemId="S16" CovItemPrefix="com.OriginalFiles.Move.java" Intrnl_Id="914">
<LocList>
<Loc EndOffset="1089" SrcFileId="3" StartOffset="1076"/>
</LocList>
</BasicStmnt>
</StmntSeq>
</Branch>
<Keyword EndOffset="859" SrcFileId="3" StartOffset="857"/>
<LocList>
<Loc EndOffset="1100" SrcFileId="3" StartOffset="857"/>
</LocList>
<RootTerm CovItemId="C1" CovItemPrefix="com.OriginalFiles.Move.java" Intrnl_Id="915">
<BasicBoolTerm Intrnl_Id="916">
<LocList>
<Loc EndOffset="878" SrcFileId="3" StartOffset="861"/>
</LocList>
</BasicBoolTerm>
</RootTerm>
</CondStmnt>
</StmntSeq>
</HierarchyLvl>
<HierarchyLvl HierarchyLvlId="246" HierarchyLvlTypeId="14" Intrnl_Id="917" Name="addStep">
<Header>
<Loc EndOffset="1152" SrcFileId="3" StartOffset="1115"/>
</Header>
<LocList>
<Loc EndOffset="1192" SrcFileId="3" StartOffset="1115"/>
</LocList>
<StmntSeq Intrnl_Id="918">
<LocList>
<Loc EndOffset="1185" SrcFileId="3" StartOffset="1164"/>
</LocList>
<BasicStmnt CovItemId="S17" CovItemPrefix="com.OriginalFiles.Move.java" Intrnl_Id="919">
<LocList>
<Loc EndOffset="1185" SrcFileId="3" StartOffset="1164"/>
</LocList>
</BasicStmnt>
</StmntSeq>
</HierarchyLvl>
</HierarchyLvl>
<HierarchyLvl HierarchyLvlId="258" HierarchyLvlTypeId="13" Intrnl_Id="920" Name="MI">
<Header>
<Loc EndOffset="167" SrcFileId="4" StartOffset="152"/>
</Header>
<LocList>
<Loc EndOffset="10435" SrcFileId="4" StartOffset="152"/>
</LocList>
<StmntSeq Intrnl_Id="921">
<LocList>
<Loc EndOffset="253" SrcFileId="4" StartOffset="217"/>
<Loc EndOffset="317" SrcFileId="4" StartOffset="259"/>
<Loc EndOffset="498" SrcFileId="4" StartOffset="451"/>
<Loc EndOffset="551" SrcFileId="4" StartOffset="504"/>
<Loc EndOffset="3081" SrcFileId="4" StartOffset="3048"/>
<Loc EndOffset="3185" SrcFileId="4" StartOffset="3150"/>
<Loc EndOffset="3225" SrcFileId="4" StartOffset="3191"/>
<Loc EndOffset="3277" SrcFileId="4" StartOffset="3233"/>
<Loc EndOffset="3317" SrcFileId="4" StartOffset="3285"/>
<Loc EndOffset="3355" SrcFileId="4" StartOffset="3323"/>
<Loc EndOffset="3394" SrcFileId="4" StartOffset="3361"/>
</LocList>
<BasicStmnt CovItemId="S1" CovItemPrefix="com.OriginalFiles.MI.java" Intrnl_Id="922">
<LocList>
<Loc EndOffset="253" SrcFileId="4" StartOffset="217"/>
</LocList>
</BasicStmnt>
<BasicStmnt CovItemId="S2" CovItemPrefix="com.OriginalFiles.MI.java" Intrnl_Id="923">
<LocList>
<Loc EndOffset="317" SrcFileId="4" StartOffset="259"/>
</LocList>
</BasicStmnt>
<BasicStmnt CovItemId="S5" CovItemPrefix="com.OriginalFiles.MI.java" Intrnl_Id="924">
<LocList>
<Loc EndOffset="498" SrcFileId="4" StartOffset="451"/>
</LocList>
</BasicStmnt>
<BasicStmnt CovItemId="S6" CovItemPrefix="com.OriginalFiles.MI.java" Intrnl_Id="925">
<LocList>
<Loc EndOffset="551" SrcFileId="4" StartOffset="504"/>
</LocList>
</BasicStmnt>
<BasicStmnt CovItemId="S45" CovItemPrefix="com.OriginalFiles.MI.java" Intrnl_Id="926">
<LocList>
<Loc EndOffset="3081" SrcFileId="4" StartOffset="3048"/>
</LocList>
</BasicStmnt>
<BasicStmnt CovItemId="S46" CovItemPrefix="com.OriginalFiles.MI.java" Intrnl_Id="927">
<LocList>
<Loc EndOffset="3185" SrcFileId="4" StartOffset="3150"/>
</LocList>
</BasicStmnt>
<BasicStmnt CovItemId="S47" CovItemPrefix="com.OriginalFiles.MI.java" Intrnl_Id="928">
<LocList>
<Loc EndOffset="3225" SrcFileId="4" StartOffset="3191"/>
</LocList>
</BasicStmnt>
<BasicStmnt CovItemId="S48" CovItemPrefix="com.OriginalFiles.MI.java" Intrnl_Id="929">
<LocList>
<Loc EndOffset="3277" SrcFileId="4" StartOffset="3233"/>
</LocList>
</BasicStmnt>
<BasicStmnt CovItemId="S49" CovItemPrefix="com.OriginalFiles.MI.java" Intrnl_Id="930">
<LocList>
<Loc EndOffset="3317" SrcFileId="4" StartOffset="3285"/>
</LocList>
</BasicStmnt>
<BasicStmnt CovItemId="S50" CovItemPrefix="com.OriginalFiles.MI.java" Intrnl_Id="931">
<LocList>
<Loc EndOffset="3355" SrcFileId="4" StartOffset="3323"/>
</LocList>
</BasicStmnt>
<BasicStmnt CovItemId="S51" CovItemPrefix="com.OriginalFiles.MI.java" Intrnl_Id="932">
<LocList>
<Loc EndOffset="3394" SrcFileId="4" StartOffset="3361"/>
</LocList>
</BasicStmnt>
</StmntSeq>
<HierarchyLvl HierarchyLvlId="248" HierarchyLvlTypeId="14" Intrnl_Id="933" Name="MI">
<Header>
<Loc EndOffset="367" SrcFileId="4" StartOffset="323"/>
</Header>
<LocList>
<Loc EndOffset="443" SrcFileId="4" StartOffset="323"/>
</LocList>
<StmntSeq Intrnl_Id="934">
<LocList>
<Loc EndOffset="406" SrcFileId="4" StartOffset="379"/>
<Loc EndOffset="434" SrcFileId="4" StartOffset="416"/>
</LocList>
<BasicStmnt CovItemId="S3" CovItemPrefix="com.OriginalFiles.MI.java" Intrnl_Id="935">
<LocList>
<Loc EndOffset="406" SrcFileId="4" StartOffset="379"/>
</LocList>
</BasicStmnt>
<BasicStmnt CovItemId="S4" CovItemPrefix="com.OriginalFiles.MI.java" Intrnl_Id="936">
<LocList>
<Loc EndOffset="434" SrcFileId="4" StartOffset="416"/>
</LocList>
</BasicStmnt>
</StmntSeq>
</HierarchyLvl>
<HierarchyLvl HierarchyLvlId="249" HierarchyLvlTypeId="14" Intrnl_Id="937" Name="updatePieceList">
<Header>
<Loc EndOffset="589" SrcFileId="4" StartOffset="559"/>
</Header>
<LocList>
<Loc EndOffset="1081" SrcFileId="4" StartOffset="559"/>
</LocList>
<StmntSeq Intrnl_Id="938">
<LocList>
<Loc EndOffset="619" SrcFileId="4" StartOffset="601"/>
<Loc EndOffset="647" SrcFileId="4" StartOffset="629"/>
<Loc EndOffset="1074" SrcFileId="4" StartOffset="657"/>
</LocList>
<BasicStmnt CovItemId="S7" CovItemPrefix="com.OriginalFiles.MI.java" Intrnl_Id="939">
<LocList>
<Loc EndOffset="619" SrcFileId="4" StartOffset="601"/>
</LocList>
</BasicStmnt>
<BasicStmnt CovItemId="S8" CovItemPrefix="com.OriginalFiles.MI.java" Intrnl_Id="940">
<LocList>
<Loc EndOffset="647" SrcFileId="4" StartOffset="629"/>
</LocList>
</BasicStmnt>
<LoopStmnt CovItemId="S9" CovItemPrefix="com.OriginalFiles.MI.java" Intrnl_Id="941" MltplExecId="L1-2" MltplExecPrefix="com.OriginalFiles.MI.java" NvrExecId="L1-0" NvrExecPrefix="com.OriginalFiles.MI.java" OnceExecutedId="L1-1" OnceExecutedPrefix="com.OriginalFiles.MI.java" OptBodyExec="true">
<StmntSeq Intrnl_Id="942">
<LocList>
<Loc EndOffset="1063" SrcFileId="4" StartOffset="721"/>
</LocList>
<LoopStmnt CovItemId="S10" CovItemPrefix="com.OriginalFiles.MI.java" Intrnl_Id="943" MltplExecId="L2-2" MltplExecPrefix="com.OriginalFiles.MI.java" NvrExecId="L2-0" NvrExecPrefix="com.OriginalFiles.MI.java" OnceExecutedId="L2-1" OnceExecutedPrefix="com.OriginalFiles.MI.java" OptBodyExec="true">
<StmntSeq Intrnl_Id="944">
<LocList>
<Loc EndOffset="1048" SrcFileId="4" StartOffset="757"/>
</LocList>
<CondStmnt CovItemId="S11" CovItemPrefix="com.OriginalFiles.MI.java" Intrnl_Id="945">
<Branch CovItemId="B1" CovItemPrefix="com.OriginalFiles.MI.java" Implct="false" Intrnl_Id="946">
<Cond/>
<LocList>
<Loc EndOffset="1048" SrcFileId="4" StartOffset="775"/>
</LocList>
<StmntSeq Intrnl_Id="947">
<LocList>
<Loc EndOffset="1029" SrcFileId="4" StartOffset="798"/>
</LocList>
<CondStmnt CovItemId="S12" CovItemPrefix="com.OriginalFiles.MI.java" Intrnl_Id="948">
<Branch CovItemId="B3" CovItemPrefix="com.OriginalFiles.MI.java" Implct="false" Intrnl_Id="949">
<Cond/>
<LocList>
<Loc EndOffset="938" SrcFileId="4" StartOffset="853"/>
</LocList>
<StmntSeq Intrnl_Id="950">
<LocList>
<Loc EndOffset="915" SrcFileId="4" StartOffset="880"/>
</LocList>
<BasicStmnt CovItemId="S13" CovItemPrefix="com.OriginalFiles.MI.java" Intrnl_Id="951">
<LocList>
<Loc EndOffset="915" SrcFileId="4" StartOffset="880"/>
</LocList>
</BasicStmnt>
</StmntSeq>
</Branch>
<Branch CovItemId="B4" CovItemPrefix="com.OriginalFiles.MI.java" Implct="false" Intrnl_Id="952">
<Cond>
<Loc EndOffset="943" SrcFileId="4" StartOffset="939"/>
</Cond>
<LocList>
<Loc EndOffset="1029" SrcFileId="4" StartOffset="944"/>
</LocList>
<StmntSeq Intrnl_Id="953">
<LocList>
<Loc EndOffset="1006" SrcFileId="4" StartOffset="971"/>
</LocList>
<BasicStmnt CovItemId="S14" CovItemPrefix="com.OriginalFiles.MI.java" Intrnl_Id="954">
<LocList>
<Loc EndOffset="1006" SrcFileId="4" StartOffset="971"/>
</LocList>
</BasicStmnt>
</StmntSeq>
</Branch>
<Keyword EndOffset="800" SrcFileId="4" StartOffset="798"/>
<LocList>
<Loc EndOffset="1029" SrcFileId="4" StartOffset="798"/>
</LocList>
<RootTerm CovItemId="C2" CovItemPrefix="com.OriginalFiles.MI.java" Intrnl_Id="955">
<BasicBoolTerm Intrnl_Id="956">
<LocList>
<Loc EndOffset="851" SrcFileId="4" StartOffset="802"/>
</LocList>
</BasicBoolTerm>
</RootTerm>
</CondStmnt>
</StmntSeq>
</Branch>
<Branch CovItemId="B2" CovItemPrefix="com.OriginalFiles.MI.java" Implct="true" Intrnl_Id="957">
<Cond/>
<LocList/>
<StmntSeq Intrnl_Id="958">
<LocList/>
</StmntSeq>
</Branch>
<Keyword EndOffset="759" SrcFileId="4" StartOffset="757"/>
<LocList>
<Loc EndOffset="1048" SrcFileId="4" StartOffset="757"/>
</LocList>
<RootTerm CovItemId="C1" CovItemPrefix="com.OriginalFiles.MI.java" Intrnl_Id="959">
<OpTerm BooleanOpId="9" Intrnl_Id="960">
<BasicBoolTerm Intrnl_Id="961">
<LocList>
<Loc EndOffset="773" SrcFileId="4" StartOffset="762"/>
</LocList>
</BasicBoolTerm>
<LocList>
<Loc EndOffset="762" SrcFileId="4" StartOffset="761"/>
</LocList>
</OpTerm>
</RootTerm>
</CondStmnt>
</StmntSeq>
<Keyword EndOffset="724" SrcFileId="4" StartOffset="721"/>
<LocList>
<Loc EndOffset="1063" SrcFileId="4" StartOffset="721"/>
</LocList>
</LoopStmnt>
</StmntSeq>
<Keyword EndOffset="660" SrcFileId="4" StartOffset="657"/>
<LocList>
<Loc EndOffset="1074" SrcFileId="4" StartOffset="657"/>
</LocList>
</LoopStmnt>
</StmntSeq>
</HierarchyLvl>
<HierarchyLvl HierarchyLvlId="250" HierarchyLvlTypeId="14" Intrnl_Id="962" Name="lookForBestMove">
<Header>
<Loc EndOffset="1326" SrcFileId="4" StartOffset="1196"/>
</Header>
<LocList>
<Loc EndOffset="2124" SrcFileId="4" StartOffset="1196"/>
</LocList>
<StmntSeq Intrnl_Id="963">
<LocList>
<Loc EndOffset="1356" SrcFileId="4" StartOffset="1338"/>
<Loc EndOffset="1405" SrcFileId="4" StartOffset="1366"/>
<Loc EndOffset="1460" SrcFileId="4" StartOffset="1415"/>
<Loc EndOffset="1490" SrcFileId="4" StartOffset="1470"/>
<Loc EndOffset="1604" SrcFileId="4" StartOffset="1529"/>
<Loc EndOffset="2038" SrcFileId="4" StartOffset="1616"/>
<Loc EndOffset="2117" SrcFileId="4" StartOffset="2048"/>
</LocList>
<BasicStmnt CovItemId="S15" CovItemPrefix="com.OriginalFiles.MI.java" Intrnl_Id="964">
<LocList>
<Loc EndOffset="1356" SrcFileId="4" StartOffset="1338"/>
</LocList>
</BasicStmnt>
<BasicStmnt CovItemId="S16" CovItemPrefix="com.OriginalFiles.MI.java" Intrnl_Id="965">
<LocList>
<Loc EndOffset="1405" SrcFileId="4" StartOffset="1366"/>
</LocList>
</BasicStmnt>
<BasicStmnt CovItemId="S17" CovItemPrefix="com.OriginalFiles.MI.java" Intrnl_Id="966">
<LocList>
<Loc EndOffset="1460" SrcFileId="4" StartOffset="1415"/>
</LocList>
</BasicStmnt>
<BasicStmnt CovItemId="S18" CovItemPrefix="com.OriginalFiles.MI.java" Intrnl_Id="967">
<LocList>
<Loc EndOffset="1490" SrcFileId="4" StartOffset="1470"/>
</LocList>
</BasicStmnt>
<CondStmnt CovItemId="S19" CovItemPrefix="com.OriginalFiles.MI.java" Intrnl_Id="968">
<Branch CovItemId="B5" CovItemPrefix="com.OriginalFiles.MI.java" Implct="false" Intrnl_Id="969">
<Cond/>
<LocList>
<Loc EndOffset="1604" SrcFileId="4" StartOffset="1555"/>
</LocList>
<StmntSeq Intrnl_Id="970">
<LocList>
<Loc EndOffset="1593" SrcFileId="4" StartOffset="1570"/>
</LocList>
<BasicStmnt CovItemId="S20" CovItemPrefix="com.OriginalFiles.MI.java" Intrnl_Id="971">
<LocList>
<Loc EndOffset="1593" SrcFileId="4" StartOffset="1570"/>
</LocList>
</BasicStmnt>
</StmntSeq>
</Branch>
<Branch CovItemId="B6" CovItemPrefix="com.OriginalFiles.MI.java" Implct="true" Intrnl_Id="972">
<Cond/>
<LocList/>
<StmntSeq Intrnl_Id="973">
<LocList/>
</StmntSeq>
</Branch>
<Keyword EndOffset="1531" SrcFileId="4" StartOffset="1529"/>
<LocList>
<Loc EndOffset="1604" SrcFileId="4" StartOffset="1529"/>
</LocList>
<RootTerm CovItemId="C3" CovItemPrefix="com.OriginalFiles.MI.java" Intrnl_Id="974">
<BasicBoolTerm Intrnl_Id="975">
<LocList>
<Loc EndOffset="1553" SrcFileId="4" StartOffset="1533"/>
</LocList>
</BasicBoolTerm>
</RootTerm>
</CondStmnt>
<LoopStmnt CovItemId="S21" CovItemPrefix="com.OriginalFiles.MI.java" Intrnl_Id="976" MltplExecId="L3-2" MltplExecPrefix="com.OriginalFiles.MI.java" NvrExecId="L3-0" NvrExecPrefix="com.OriginalFiles.MI.java" OnceExecutedId="L3-1" OnceExecutedPrefix="com.OriginalFiles.MI.java" OptBodyExec="true">
<StmntSeq Intrnl_Id="977">
<LocList>
<Loc EndOffset="1677" SrcFileId="4" StartOffset="1658"/>
<Loc EndOffset="1751" SrcFileId="4" StartOffset="1693"/>
<Loc EndOffset="1778" SrcFileId="4" StartOffset="1765"/>
<Loc EndOffset="2027" SrcFileId="4" StartOffset="1794"/>
</LocList>
<BasicStmnt CovItemId="S22" CovItemPrefix="com.OriginalFiles.MI.java" Intrnl_Id="978">
<LocList>
<Loc EndOffset="1677" SrcFileId="4" StartOffset="1658"/>
</LocList>
</BasicStmnt>
<BasicStmnt CovItemId="S23" CovItemPrefix="com.OriginalFiles.MI.java" Intrnl_Id="979">
<LocList>
<Loc EndOffset="1751" SrcFileId="4" StartOffset="1693"/>
</LocList>
</BasicStmnt>
<BasicStmnt CovItemId="S24" CovItemPrefix="com.OriginalFiles.MI.java" Intrnl_Id="980">
<LocList>
<Loc EndOffset="1778" SrcFileId="4" StartOffset="1765"/>
</LocList>
</BasicStmnt>
<CondStmnt CovItemId="S25" CovItemPrefix="com.OriginalFiles.MI.java" Intrnl_Id="981">
<Branch CovItemId="B7" CovItemPrefix="com.OriginalFiles.MI.java" Implct="false" Intrnl_Id="982">
<Cond/>
<LocList>
<Loc EndOffset="1943" SrcFileId="4" StartOffset="1817"/>
</LocList>
<StmntSeq Intrnl_Id="983">
<LocList>
<Loc EndOffset="1854" SrcFileId="4" StartOffset="1836"/>
<Loc EndOffset="1890" SrcFileId="4" StartOffset="1872"/>
<Loc EndOffset="1928" SrcFileId="4" StartOffset="1908"/>
</LocList>
<BasicStmnt CovItemId="S26" CovItemPrefix="com.OriginalFiles.MI.java" Intrnl_Id="984">
<LocList>
<Loc EndOffset="1854" SrcFileId="4" StartOffset="1836"/>
</LocList>
</BasicStmnt>
<BasicStmnt CovItemId="S27" CovItemPrefix="com.OriginalFiles.MI.java" Intrnl_Id="985">
<LocList>
<Loc EndOffset="1890" SrcFileId="4" StartOffset="1872"/>
</LocList>
</BasicStmnt>
<BasicStmnt CovItemId="S28" CovItemPrefix="com.OriginalFiles.MI.java" Intrnl_Id="986">
<LocList>
<Loc EndOffset="1928" SrcFileId="4" StartOffset="1908"/>
</LocList>
</BasicStmnt>
</StmntSeq>
</Branch>
<Branch CovItemId="B8" CovItemPrefix="com.OriginalFiles.MI.java" Implct="false" Intrnl_Id="987">
<Cond>
<Loc EndOffset="1948" SrcFileId="4" StartOffset="1944"/>
</Cond>
<LocList>
<Loc EndOffset="2027" SrcFileId="4" StartOffset="1949"/>
</LocList>
<StmntSeq Intrnl_Id="988">
<LocList>
<Loc EndOffset="2027" SrcFileId="4" StartOffset="1949"/>
</LocList>
<CondStmnt CovItemId="S29" CovItemPrefix="com.OriginalFiles.MI.java" Intrnl_Id="989">
<Branch CovItemId="B9" CovItemPrefix="com.OriginalFiles.MI.java" Implct="false" Intrnl_Id="990">
<Cond/>
<LocList>
<Loc EndOffset="2027" SrcFileId="4" StartOffset="1973"/>
</LocList>
<StmntSeq Intrnl_Id="991">
<LocList>
<Loc EndOffset="2012" SrcFileId="4" StartOffset="1992"/>
</LocList>
<BasicStmnt CovItemId="S30" CovItemPrefix="com.OriginalFiles.MI.java" Intrnl_Id="992">
<LocList>
<Loc EndOffset="2012" SrcFileId="4" StartOffset="1992"/>
</LocList>
</BasicStmnt>
</StmntSeq>
</Branch>
<Branch CovItemId="B10" CovItemPrefix="com.OriginalFiles.MI.java" Implct="true" Intrnl_Id="993">
<Cond/>
<LocList/>
<StmntSeq Intrnl_Id="994">
<LocList/>
</StmntSeq>
</Branch>
<Keyword EndOffset="1951" SrcFileId="4" StartOffset="1949"/>
<LocList>
<Loc EndOffset="2027" SrcFileId="4" StartOffset="1949"/>
</LocList>
<RootTerm CovItemId="C5" CovItemPrefix="com.OriginalFiles.MI.java" Intrnl_Id="995">
<BasicBoolTerm Intrnl_Id="996">
<LocList>
<Loc EndOffset="1971" SrcFileId="4" StartOffset="1953"/>
</LocList>
</BasicBoolTerm>
</RootTerm>
</CondStmnt>
</StmntSeq>
</Branch>
<Keyword EndOffset="1796" SrcFileId="4" StartOffset="1794"/>
<LocList>
<Loc EndOffset="2027" SrcFileId="4" StartOffset="1794"/>
</LocList>
<RootTerm CovItemId="C4" CovItemPrefix="com.OriginalFiles.MI.java" Intrnl_Id="997">
<BasicBoolTerm Intrnl_Id="998">
<LocList>
<Loc EndOffset="1815" SrcFileId="4" StartOffset="1798"/>
</LocList>
</BasicBoolTerm>
</RootTerm>
</CondStmnt>
</StmntSeq>
<Keyword EndOffset="1619" SrcFileId="4" StartOffset="1616"/>
<LocList>
<Loc EndOffset="2038" SrcFileId="4" StartOffset="1616"/>
</LocList>
</LoopStmnt>
<BasicStmnt CovItemId="S31" CovItemPrefix="com.OriginalFiles.MI.java" Intrnl_Id="999">
<LocList>
<Loc EndOffset="2117" SrcFileId="4" StartOffset="2048"/>
</LocList>
</BasicStmnt>
</StmntSeq>
</HierarchyLvl>
<HierarchyLvl HierarchyLvlId="251" HierarchyLvlTypeId="14" Intrnl_Id="1000" Name="negaMax">
<Header>
<Loc EndOffset="2270" SrcFileId="4" StartOffset="2134"/>
</Header>
<LocList>
<Loc EndOffset="2998" SrcFileId="4" StartOffset="2134"/>
</LocList>
<StmntSeq Intrnl_Id="1001">
<LocList>
<Loc EndOffset="2493" SrcFileId="4" StartOffset="2311"/>
<Loc EndOffset="2558" SrcFileId="4" StartOffset="2530"/>
<Loc EndOffset="2594" SrcFileId="4" StartOffset="2570"/>
<Loc EndOffset="2943" SrcFileId="4" StartOffset="2604"/>
<Loc EndOffset="2991" SrcFileId="4" StartOffset="2974"/>
</LocList>
<CondStmnt CovItemId="S32" CovItemPrefix="com.OriginalFiles.MI.java" Intrnl_Id="1002">
<Branch CovItemId="B11" CovItemPrefix="com.OriginalFiles.MI.java" Implct="false" Intrnl_Id="1003">
<Cond/>
<LocList>
<Loc EndOffset="2493" SrcFileId="4" StartOffset="2436"/>
</LocList>
<StmntSeq Intrnl_Id="1004">
<LocList>
<Loc EndOffset="2482" SrcFileId="4" StartOffset="2451"/>
</LocList>
<BasicStmnt CovItemId="S33" CovItemPrefix="com.OriginalFiles.MI.java" Intrnl_Id="1005">
<LocList>
<Loc EndOffset="2482" SrcFileId="4" StartOffset="2451"/>
</LocList>
</BasicStmnt>
</StmntSeq>
</Branch>
<Branch CovItemId="B12" CovItemPrefix="com.OriginalFiles.MI.java" Implct="true" Intrnl_Id="1006">
<Cond/>
<LocList/>
<StmntSeq Intrnl_Id="1007">
<LocList/>
</StmntSeq>
</Branch>
<Keyword EndOffset="2313" SrcFileId="4" StartOffset="2311"/>
<LocList>
<Loc EndOffset="2493" SrcFileId="4" StartOffset="2311"/>
</LocList>
<RootTerm CovItemId="C6" CovItemPrefix="com.OriginalFiles.MI.java" Intrnl_Id="1008">
<OpTerm BooleanOpId="11" Intrnl_Id="1009">
<BasicBoolTerm Intrnl_Id="1010">
<LocList>
<Loc EndOffset="2325" SrcFileId="4" StartOffset="2315"/>
</LocList>
</BasicBoolTerm>
<BasicBoolTerm Intrnl_Id="1011">
<LocList>
<Loc EndOffset="2434" SrcFileId="4" StartOffset="2346"/>
</LocList>
</BasicBoolTerm>
<LocList>
<Loc EndOffset="2345" SrcFileId="4" StartOffset="2343"/>
</LocList>
</OpTerm>
</RootTerm>
</CondStmnt>
<BasicStmnt CovItemId="S34" CovItemPrefix="com.OriginalFiles.MI.java" Intrnl_Id="1012">
<LocList>
<Loc EndOffset="2558" SrcFileId="4" StartOffset="2530"/>
</LocList>
</BasicStmnt>
<BasicStmnt CovItemId="S35" CovItemPrefix="com.OriginalFiles.MI.java" Intrnl_Id="1013">
<LocList>
<Loc EndOffset="2594" SrcFileId="4" StartOffset="2570"/>
</LocList>
</BasicStmnt>
<LoopStmnt CovItemId="S36" CovItemPrefix="com.OriginalFiles.MI.java" Intrnl_Id="1014" MltplExecId="L4-2" MltplExecPrefix="com.OriginalFiles.MI.java" NvrExecId="L4-0" NvrExecPrefix="com.OriginalFiles.MI.java" OnceExecutedId="L4-1" OnceExecutedPrefix="com.OriginalFiles.MI.java" OptBodyExec="true">
<StmntSeq Intrnl_Id="1015">
<LocList>
<Loc EndOffset="2662" SrcFileId="4" StartOffset="2643"/>
<Loc EndOffset="2736" SrcFileId="4" StartOffset="2676"/>
<Loc EndOffset="2763" SrcFileId="4" StartOffset="2750"/>
<Loc EndOffset="2816" SrcFileId="4" StartOffset="2779"/>
<Loc EndOffset="2859" SrcFileId="4" StartOffset="2830"/>
<Loc EndOffset="2932" SrcFileId="4" StartOffset="2873"/>
</LocList>
<BasicStmnt CovItemId="S37" CovItemPrefix="com.OriginalFiles.MI.java" Intrnl_Id="1016">
<LocList>
<Loc EndOffset="2662" SrcFileId="4" StartOffset="2643"/>
</LocList>
</BasicStmnt>
<BasicStmnt CovItemId="S38" CovItemPrefix="com.OriginalFiles.MI.java" Intrnl_Id="1017">
<LocList>
<Loc EndOffset="2736" SrcFileId="4" StartOffset="2676"/>
</LocList>
</BasicStmnt>
<BasicStmnt CovItemId="S39" CovItemPrefix="com.OriginalFiles.MI.java" Intrnl_Id="1018">
<LocList>
<Loc EndOffset="2763" SrcFileId="4" StartOffset="2750"/>
</LocList>
</BasicStmnt>
<BasicStmnt CovItemId="S40" CovItemPrefix="com.OriginalFiles.MI.java" Intrnl_Id="1019">
<LocList>
<Loc EndOffset="2816" SrcFileId="4" StartOffset="2779"/>
</LocList>
</BasicStmnt>
<BasicStmnt CovItemId="S41" CovItemPrefix="com.OriginalFiles.MI.java" Intrnl_Id="1020">
<LocList>
<Loc EndOffset="2859" SrcFileId="4" StartOffset="2830"/>
</LocList>
</BasicStmnt>
<CondStmnt CovItemId="S42" CovItemPrefix="com.OriginalFiles.MI.java" Intrnl_Id="1021">
<Branch CovItemId="B13" CovItemPrefix="com.OriginalFiles.MI.java" Implct="false" Intrnl_Id="1022">
<Cond/>
<LocList>
<Loc EndOffset="2932" SrcFileId="4" StartOffset="2892"/>
</LocList>
<StmntSeq Intrnl_Id="1023">
<LocList>
<Loc EndOffset="2917" SrcFileId="4" StartOffset="2911"/>
</LocList>
<BasicStmnt CovItemId="S43" CovItemPrefix="com.OriginalFiles.MI.java" Intrnl_Id="1024">
<LocList>
<Loc EndOffset="2917" SrcFileId="4" StartOffset="2911"/>
</LocList>
</BasicStmnt>
</StmntSeq>
</Branch>
<Branch CovItemId="B14" CovItemPrefix="com.OriginalFiles.MI.java" Implct="true" Intrnl_Id="1025">
<Cond/>
<LocList/>
<StmntSeq Intrnl_Id="1026">
<LocList/>
</StmntSeq>
</Branch>
<Keyword EndOffset="2875" SrcFileId="4" StartOffset="2873"/>
<LocList>
<Loc EndOffset="2932" SrcFileId="4" StartOffset="2873"/>
</LocList>
<RootTerm CovItemId="C7" CovItemPrefix="com.OriginalFiles.MI.java" Intrnl_Id="1027">
<BasicBoolTerm Intrnl_Id="1028">
<LocList>
<Loc EndOffset="2890" SrcFileId="4" StartOffset="2877"/>
</LocList>
</BasicBoolTerm>
</RootTerm>
</CondStmnt>
</StmntSeq>
<Keyword EndOffset="2607" SrcFileId="4" StartOffset="2604"/>
<LocList>
<Loc EndOffset="2943" SrcFileId="4" StartOffset="2604"/>
</LocList>
</LoopStmnt>
<BasicStmnt CovItemId="S44" CovItemPrefix="com.OriginalFiles.MI.java" Intrnl_Id="1029">
<LocList>
<Loc EndOffset="2991" SrcFileId="4" StartOffset="2974"/>
</LocList>
</BasicStmnt>
</StmntSeq>
</HierarchyLvl>
<HierarchyLvl HierarchyLvlId="252" HierarchyLvlTypeId="14" Intrnl_Id="1030" Name="evaluation">
<Header>
<Loc EndOffset="3437" SrcFileId="4" StartOffset="3402"/>
</Header>
<LocList>
<Loc EndOffset="4355" SrcFileId="4" StartOffset="3402"/>
</LocList>
<StmntSeq Intrnl_Id="1031">
<LocList>
<Loc EndOffset="3473" SrcFileId="4" StartOffset="3449"/>
<Loc EndOffset="3509" SrcFileId="4" StartOffset="3485"/>
<Loc EndOffset="3644" SrcFileId="4" StartOffset="3521"/>
<Loc EndOffset="3777" SrcFileId="4" StartOffset="3654"/>
<Loc EndOffset="3820" SrcFileId="4" StartOffset="3789"/>
<Loc EndOffset="4316" SrcFileId="4" StartOffset="3832"/>
<Loc EndOffset="4348" SrcFileId="4" StartOffset="4328"/>
</LocList>
<BasicStmnt CovItemId="S52" CovItemPrefix="com.OriginalFiles.MI.java" Intrnl_Id="1032">
<LocList>
<Loc EndOffset="3473" SrcFileId="4" StartOffset="3449"/>
</LocList>
</BasicStmnt>
<BasicStmnt CovItemId="S53" CovItemPrefix="com.OriginalFiles.MI.java" Intrnl_Id="1033">
<LocList>
<Loc EndOffset="3509" SrcFileId="4" StartOffset="3485"/>
</LocList>
</BasicStmnt>
<LoopStmnt CovItemId="S54" CovItemPrefix="com.OriginalFiles.MI.java" Intrnl_Id="1034" MltplExecId="L5-2" MltplExecPrefix="com.OriginalFiles.MI.java" NvrExecId="L5-0" NvrExecPrefix="com.OriginalFiles.MI.java" OnceExecutedId="L5-1" OnceExecutedPrefix="com.OriginalFiles.MI.java" OptBodyExec="true">
<StmntSeq Intrnl_Id="1035">
<LocList>
<Loc EndOffset="3633" SrcFileId="4" StartOffset="3579"/>
</LocList>
<BasicStmnt CovItemId="S55" CovItemPrefix="com.OriginalFiles.MI.java" Intrnl_Id="1036">
<LocList>
<Loc EndOffset="3633" SrcFileId="4" StartOffset="3579"/>
</LocList>
</BasicStmnt>
</StmntSeq>
<Keyword EndOffset="3524" SrcFileId="4" StartOffset="3521"/>
<LocList>
<Loc EndOffset="3644" SrcFileId="4" StartOffset="3521"/>
</LocList>
<RootTerm CovItemId="C8" CovItemPrefix="com.OriginalFiles.MI.java" Intrnl_Id="1037">
<BasicBoolTerm Intrnl_Id="1038">
<LocList>
<Loc EndOffset="3557" SrcFileId="4" StartOffset="3537"/>
</LocList>
</BasicBoolTerm>
</RootTerm>
</LoopStmnt>
<LoopStmnt CovItemId="S56" CovItemPrefix="com.OriginalFiles.MI.java" Intrnl_Id="1039" MltplExecId="L6-2" MltplExecPrefix="com.OriginalFiles.MI.java" NvrExecId="L6-0" NvrExecPrefix="com.OriginalFiles.MI.java" OnceExecutedId="L6-1" OnceExecutedPrefix="com.OriginalFiles.MI.java" OptBodyExec="true">
<StmntSeq Intrnl_Id="1040">
<LocList>
<Loc EndOffset="3766" SrcFileId="4" StartOffset="3712"/>
</LocList>
<BasicStmnt CovItemId="S57" CovItemPrefix="com.OriginalFiles.MI.java" Intrnl_Id="1041">
<LocList>
<Loc EndOffset="3766" SrcFileId="4" StartOffset="3712"/>
</LocList>
</BasicStmnt>
</StmntSeq>
<Keyword EndOffset="3657" SrcFileId="4" StartOffset="3654"/>
<LocList>
<Loc EndOffset="3777" SrcFileId="4" StartOffset="3654"/>
</LocList>
<RootTerm CovItemId="C9" CovItemPrefix="com.OriginalFiles.MI.java" Intrnl_Id="1042">
<BasicBoolTerm Intrnl_Id="1043">
<LocList>
<Loc EndOffset="3690" SrcFileId="4" StartOffset="3670"/>
</LocList>
</BasicBoolTerm>
</RootTerm>
</LoopStmnt>
<BasicStmnt CovItemId="S58" CovItemPrefix="com.OriginalFiles.MI.java" Intrnl_Id="1044">
<LocList>
<Loc EndOffset="3820" SrcFileId="4" StartOffset="3789"/>
</LocList>
</BasicStmnt>
<CondStmnt CovItemId="S59" CovItemPrefix="com.OriginalFiles.MI.java" Intrnl_Id="1045">
<Branch CovItemId="B15" CovItemPrefix="com.OriginalFiles.MI.java" Implct="false" Intrnl_Id="1046">
<Cond>
<Loc EndOffset="3939" SrcFileId="4" StartOffset="3933"/>
</Cond>
<LocList>
<Loc EndOffset="4000" SrcFileId="4" StartOffset="3954"/>
</LocList>
<StmntSeq Intrnl_Id="1047">
<LocList>
<Loc EndOffset="3980" SrcFileId="4" StartOffset="3954"/>
<Loc EndOffset="4000" SrcFileId="4" StartOffset="3994"/>
</LocList>
<BasicStmnt CovItemId="S60" CovItemPrefix="com.OriginalFiles.MI.java" Intrnl_Id="1048">
<LocList>
<Loc EndOffset="3980" SrcFileId="4" StartOffset="3954"/>
</LocList>
</BasicStmnt>
<BasicStmnt CovItemId="S61" CovItemPrefix="com.OriginalFiles.MI.java" Intrnl_Id="1049">
<LocList>
<Loc EndOffset="4000" SrcFileId="4" StartOffset="3994"/>
</LocList>
</BasicStmnt>
</StmntSeq>
</Branch>
<Branch CovItemId="B16" CovItemPrefix="com.OriginalFiles.MI.java" Implct="false" Intrnl_Id="1050">
<Cond>
<Loc EndOffset="4016" SrcFileId="4" StartOffset="4010"/>
</Cond>
<LocList>
<Loc EndOffset="4077" SrcFileId="4" StartOffset="4031"/>
</LocList>
<StmntSeq Intrnl_Id="1051">
<LocList>
<Loc EndOffset="4057" SrcFileId="4" StartOffset="4031"/>
<Loc EndOffset="4077" SrcFileId="4" StartOffset="4071"/>
</LocList>
<BasicStmnt CovItemId="S62" CovItemPrefix="com.OriginalFiles.MI.java" Intrnl_Id="1052">
<LocList>
<Loc EndOffset="4057" SrcFileId="4" StartOffset="4031"/>
</LocList>
</BasicStmnt>
<BasicStmnt CovItemId="S63" CovItemPrefix="com.OriginalFiles.MI.java" Intrnl_Id="1053">
<LocList>
<Loc EndOffset="4077" SrcFileId="4" StartOffset="4071"/>
</LocList>
</BasicStmnt>
</StmntSeq>
</Branch>
<Branch CovItemId="B17" CovItemPrefix="com.OriginalFiles.MI.java" Implct="false" Intrnl_Id="1054">
<Cond>
<Loc EndOffset="4093" SrcFileId="4" StartOffset="4087"/>
</Cond>
<LocList>
<Loc EndOffset="4155" SrcFileId="4" StartOffset="4108"/>
</LocList>
<StmntSeq Intrnl_Id="1055">
<LocList>
<Loc EndOffset="4135" SrcFileId="4" StartOffset="4108"/>
<Loc EndOffset="4155" SrcFileId="4" StartOffset="4149"/>
</LocList>
<BasicStmnt CovItemId="S64" CovItemPrefix="com.OriginalFiles.MI.java" Intrnl_Id="1056">
<LocList>
<Loc EndOffset="4135" SrcFileId="4" StartOffset="4108"/>
</LocList>
</BasicStmnt>
<BasicStmnt CovItemId="S65" CovItemPrefix="com.OriginalFiles.MI.java" Intrnl_Id="1057">
<LocList>
<Loc EndOffset="4155" SrcFileId="4" StartOffset="4149"/>
</LocList>
</BasicStmnt>
</StmntSeq>
</Branch>
<Branch CovItemId="B18" CovItemPrefix="com.OriginalFiles.MI.java" Implct="false" Intrnl_Id="1058">
<Cond>
<Loc EndOffset="4172" SrcFileId="4" StartOffset="4165"/>
</Cond>
<LocList>
<Loc EndOffset="4305" SrcFileId="4" StartOffset="4187"/>
</LocList>
<StmntSeq Intrnl_Id="1059">
<LocList>
<Loc EndOffset="4285" SrcFileId="4" StartOffset="4187"/>
<Loc EndOffset="4305" SrcFileId="4" StartOffset="4299"/>
</LocList>
<BasicStmnt CovItemId="S66" CovItemPrefix="com.OriginalFiles.MI.java" Intrnl_Id="1060">
<LocList>
<Loc EndOffset="4285" SrcFileId="4" StartOffset="4187"/>
</LocList>
</BasicStmnt>
<BasicStmnt CovItemId="S67" CovItemPrefix="com.OriginalFiles.MI.java" Intrnl_Id="1061">
<LocList>
<Loc EndOffset="4305" SrcFileId="4" StartOffset="4299"/>
</LocList>
</BasicStmnt>
</StmntSeq>
</Branch>
<Keyword EndOffset="3838" SrcFileId="4" StartOffset="3832"/>
<LocList>
<Loc EndOffset="4316" SrcFileId="4" StartOffset="3832"/>
</LocList>
</CondStmnt>
<BasicStmnt CovItemId="S68" CovItemPrefix="com.OriginalFiles.MI.java" Intrnl_Id="1062">
<LocList>
<Loc EndOffset="4348" SrcFileId="4" StartOffset="4328"/>
</LocList>
</BasicStmnt>
</StmntSeq>
</HierarchyLvl>
<HierarchyLvl HierarchyLvlId="253" HierarchyLvlTypeId="14" Intrnl_Id="1063" Name="gameState">
<Header>
<Loc EndOffset="4386" SrcFileId="4" StartOffset="4363"/>
</Header>
<LocList>
<Loc EndOffset="4534" SrcFileId="4" StartOffset="4363"/>
</LocList>
<StmntSeq Intrnl_Id="1064">
<LocList>
<Loc EndOffset="4500" SrcFileId="4" StartOffset="4398"/>
<Loc EndOffset="4527" SrcFileId="4" StartOffset="4510"/>
</LocList>
<CondStmnt CovItemId="S69" CovItemPrefix="com.OriginalFiles.MI.java" Intrnl_Id="1065">
<Branch CovItemId="B19" CovItemPrefix="com.OriginalFiles.MI.java" Implct="false" Intrnl_Id="1066">
<Cond/>
<LocList>
<Loc EndOffset="4500" SrcFileId="4" StartOffset="4457"/>
</LocList>
<StmntSeq Intrnl_Id="1067">
<LocList>
<Loc EndOffset="4489" SrcFileId="4" StartOffset="4472"/>
</LocList>
<BasicStmnt CovItemId="S70" CovItemPrefix="com.OriginalFiles.MI.java" Intrnl_Id="1068">
<LocList>
<Loc EndOffset="4489" SrcFileId="4" StartOffset="4472"/>
</LocList>
</BasicStmnt>
</StmntSeq>
</Branch>
<Branch CovItemId="B20" CovItemPrefix="com.OriginalFiles.MI.java" Implct="true" Intrnl_Id="1069">
<Cond/>
<LocList/>
<StmntSeq Intrnl_Id="1070">
<LocList/>
</StmntSeq>
</Branch>
<Keyword EndOffset="4400" SrcFileId="4" StartOffset="4398"/>
<LocList>
<Loc EndOffset="4500" SrcFileId="4" StartOffset="4398"/>
</LocList>
<RootTerm CovItemId="C10" CovItemPrefix="com.OriginalFiles.MI.java" Intrnl_Id="1071">
<BasicBoolTerm Intrnl_Id="1072">
<LocList>
<Loc EndOffset="4455" SrcFileId="4" StartOffset="4402"/>
</LocList>
</BasicBoolTerm>
</RootTerm>
</CondStmnt>
<BasicStmnt CovItemId="S71" CovItemPrefix="com.OriginalFiles.MI.java" Intrnl_Id="1073">
<LocList>
<Loc EndOffset="4527" SrcFileId="4" StartOffset="4510"/>
</LocList>
</BasicStmnt>
</StmntSeq>
</HierarchyLvl>
<HierarchyLvl HierarchyLvlId="254" HierarchyLvlTypeId="14" Intrnl_Id="1074" Name="max">
<Header>
<Loc EndOffset="4580" SrcFileId="4" StartOffset="4542"/>
</Header>
<LocList>
<Loc EndOffset="4664" SrcFileId="4" StartOffset="4542"/>
</LocList>
<StmntSeq Intrnl_Id="1075">
<LocList>
<Loc EndOffset="4638" SrcFileId="4" StartOffset="4592"/>
<Loc EndOffset="4657" SrcFileId="4" StartOffset="4648"/>
</LocList>
<CondStmnt CovItemId="S72" CovItemPrefix="com.OriginalFiles.MI.java" Intrnl_Id="1076">
<Branch CovItemId="B21" CovItemPrefix="com.OriginalFiles.MI.java" Implct="false" Intrnl_Id="1077">
<Cond/>
<LocList>
<Loc EndOffset="4638" SrcFileId="4" StartOffset="4603"/>
</LocList>
<StmntSeq Intrnl_Id="1078">
<LocList>
<Loc EndOffset="4627" SrcFileId="4" StartOffset="4618"/>
</LocList>
<BasicStmnt CovItemId="S73" CovItemPrefix="com.OriginalFiles.MI.java" Intrnl_Id="1079">
<LocList>
<Loc EndOffset="4627" SrcFileId="4" StartOffset="4618"/>
</LocList>
</BasicStmnt>
</StmntSeq>
</Branch>
<Branch CovItemId="B22" CovItemPrefix="com.OriginalFiles.MI.java" Implct="true" Intrnl_Id="1080">
<Cond/>
<LocList/>
<StmntSeq Intrnl_Id="1081">
<LocList/>
</StmntSeq>
</Branch>
<Keyword EndOffset="4594" SrcFileId="4" StartOffset="4592"/>
<LocList>
<Loc EndOffset="4638" SrcFileId="4" StartOffset="4592"/>
</LocList>
<RootTerm CovItemId="C11" CovItemPrefix="com.OriginalFiles.MI.java" Intrnl_Id="1082">
<BasicBoolTerm Intrnl_Id="1083">
<LocList>
<Loc EndOffset="4601" SrcFileId="4" StartOffset="4596"/>
</LocList>
</BasicBoolTerm>
</RootTerm>
</CondStmnt>
<BasicStmnt CovItemId="S74" CovItemPrefix="com.OriginalFiles.MI.java" Intrnl_Id="1084">
<LocList>
<Loc EndOffset="4657" SrcFileId="4" StartOffset="4648"/>
</LocList>
</BasicStmnt>
</StmntSeq>
</HierarchyLvl>
<HierarchyLvl HierarchyLvlId="255" HierarchyLvlTypeId="14" Intrnl_Id="1085" Name="simulateMove">
<Header>
<Loc EndOffset="4851" SrcFileId="4" StartOffset="4784"/>
</Header>
<LocList>
<Loc EndOffset="6042" SrcFileId="4" StartOffset="4784"/>
</LocList>
<StmntSeq Intrnl_Id="1086">
<LocList>
<Loc EndOffset="6035" SrcFileId="4" StartOffset="4863"/>
</LocList>
<CondStmnt CovItemId="S75" CovItemPrefix="com.OriginalFiles.MI.java" Intrnl_Id="1087">
<Branch CovItemId="B23" CovItemPrefix="com.OriginalFiles.MI.java" Implct="false" Intrnl_Id="1088">
<Cond/>
<LocList>
<Loc EndOffset="6035" SrcFileId="4" StartOffset="4891"/>
</LocList>
<StmntSeq Intrnl_Id="1089">
<LocList>
<Loc EndOffset="4939" SrcFileId="4" StartOffset="4906"/>
<Loc EndOffset="5985" SrcFileId="4" StartOffset="4953"/>
<Loc EndOffset="6024" SrcFileId="4" StartOffset="5999"/>
</LocList>
<BasicStmnt CovItemId="S76" CovItemPrefix="com.OriginalFiles.MI.java" Intrnl_Id="1090">
<LocList>
<Loc EndOffset="4939" SrcFileId="4" StartOffset="4906"/>
</LocList>
</BasicStmnt>
<LoopStmnt CovItemId="S77" CovItemPrefix="com.OriginalFiles.MI.java" Intrnl_Id="1091" MltplExecId="L7-2" MltplExecPrefix="com.OriginalFiles.MI.java" NvrExecId="L7-0" NvrExecPrefix="com.OriginalFiles.MI.java" OnceExecutedId="L7-1" OnceExecutedPrefix="com.OriginalFiles.MI.java" OptBodyExec="true">
<StmntSeq Intrnl_Id="1092">
<LocList>
<Loc EndOffset="5034" SrcFileId="4" StartOffset="5003"/>
<Loc EndOffset="5085" SrcFileId="4" StartOffset="5052"/>
<Loc EndOffset="5864" SrcFileId="4" StartOffset="5105"/>
<Loc EndOffset="5970" SrcFileId="4" StartOffset="5882"/>
</LocList>
<BasicStmnt CovItemId="S78" CovItemPrefix="com.OriginalFiles.MI.java" Intrnl_Id="1093">
<LocList>
<Loc EndOffset="5034" SrcFileId="4" StartOffset="5003"/>
</LocList>
</BasicStmnt>
<BasicStmnt CovItemId="S79" CovItemPrefix="com.OriginalFiles.MI.java" Intrnl_Id="1094">
<LocList>
<Loc EndOffset="5085" SrcFileId="4" StartOffset="5052"/>
</LocList>
</BasicStmnt>
<CondStmnt CovItemId="S80" CovItemPrefix="com.OriginalFiles.MI.java" Intrnl_Id="1095">
<Branch CovItemId="B25" CovItemPrefix="com.OriginalFiles.MI.java" Implct="false" Intrnl_Id="1096">
<Cond/>
<LocList>
<Loc EndOffset="5864" SrcFileId="4" StartOffset="5139"/>
</LocList>
<StmntSeq Intrnl_Id="1097">
<LocList>
<Loc EndOffset="5333" SrcFileId="4" StartOffset="5162"/>
<Loc EndOffset="5612" SrcFileId="4" StartOffset="5355"/>
<Loc EndOffset="5667" SrcFileId="4" StartOffset="5634"/>
<Loc EndOffset="5845" SrcFileId="4" StartOffset="5689"/>
</LocList>
<BasicStmnt CovItemId="S81" CovItemPrefix="com.OriginalFiles.MI.java" Intrnl_Id="1098">
<LocList>
<Loc EndOffset="5333" SrcFileId="4" StartOffset="5162"/>
</LocList>
</BasicStmnt>
<CondStmnt CovItemId="S82" CovItemPrefix="com.OriginalFiles.MI.java" Intrnl_Id="1099">
<Branch CovItemId="B27" CovItemPrefix="com.OriginalFiles.MI.java" Implct="false" Intrnl_Id="1100">
<Cond/>
<LocList>
<Loc EndOffset="5527" SrcFileId="4" StartOffset="5448"/>
</LocList>
<StmntSeq Intrnl_Id="1101">
<LocList>
<Loc EndOffset="5504" SrcFileId="4" StartOffset="5475"/>
</LocList>
<BasicStmnt CovItemId="S83" CovItemPrefix="com.OriginalFiles.MI.java" Intrnl_Id="1102">
<LocList>
<Loc EndOffset="5504" SrcFileId="4" StartOffset="5475"/>
</LocList>
</BasicStmnt>
</StmntSeq>
</Branch>
<Branch CovItemId="B28" CovItemPrefix="com.OriginalFiles.MI.java" Implct="false" Intrnl_Id="1103">
<Cond>
<Loc EndOffset="5532" SrcFileId="4" StartOffset="5528"/>
</Cond>
<LocList>
<Loc EndOffset="5612" SrcFileId="4" StartOffset="5533"/>
</LocList>
<StmntSeq Intrnl_Id="1104">
<LocList>
<Loc EndOffset="5589" SrcFileId="4" StartOffset="5560"/>
</LocList>
<BasicStmnt CovItemId="S84" CovItemPrefix="com.OriginalFiles.MI.java" Intrnl_Id="1105">
<LocList>
<Loc EndOffset="5589" SrcFileId="4" StartOffset="5560"/>
</LocList>
</BasicStmnt>
</StmntSeq>
</Branch>
<Keyword EndOffset="5357" SrcFileId="4" StartOffset="5355"/>
<LocList>
<Loc EndOffset="5612" SrcFileId="4" StartOffset="5355"/>
</LocList>
<RootTerm CovItemId="C15" CovItemPrefix="com.OriginalFiles.MI.java" Intrnl_Id="1106">
<BasicBoolTerm Intrnl_Id="1107">
<LocList>
<Loc EndOffset="5446" SrcFileId="4" StartOffset="5359"/>
</LocList>
</BasicBoolTerm>
</RootTerm>
</CondStmnt>
<BasicStmnt CovItemId="S85" CovItemPrefix="com.OriginalFiles.MI.java" Intrnl_Id="1108">
<LocList>
<Loc EndOffset="5667" SrcFileId="4" StartOffset="5634"/>
</LocList>
</BasicStmnt>
<BasicStmnt CovItemId="S86" CovItemPrefix="com.OriginalFiles.MI.java" Intrnl_Id="1109">
<LocList>
<Loc EndOffset="5845" SrcFileId="4" StartOffset="5689"/>
</LocList>
</BasicStmnt>
</StmntSeq>
</Branch>
<Branch CovItemId="B26" CovItemPrefix="com.OriginalFiles.MI.java" Implct="true" Intrnl_Id="1110">
<Cond/>
<LocList/>
<StmntSeq Intrnl_Id="1111">
<LocList/>
</StmntSeq>
</Branch>
<Keyword EndOffset="5107" SrcFileId="4" StartOffset="5105"/>
<LocList>
<Loc EndOffset="5864" SrcFileId="4" StartOffset="5105"/>
</LocList>
<RootTerm CovItemId="C14" CovItemPrefix="com.OriginalFiles.MI.java" Intrnl_Id="1112">
<BasicBoolTerm Intrnl_Id="1113">
<LocList>
<Loc EndOffset="5137" SrcFileId="4" StartOffset="5109"/>
</LocList>
</BasicBoolTerm>
</RootTerm>
</CondStmnt>
<BasicStmnt CovItemId="S87" CovItemPrefix="com.OriginalFiles.MI.java" Intrnl_Id="1114">
<LocList>
<Loc EndOffset="5970" SrcFileId="4" StartOffset="5882"/>
</LocList>
</BasicStmnt>
</StmntSeq>
<Keyword EndOffset="4956" SrcFileId="4" StartOffset="4953"/>
<LocList>
<Loc EndOffset="5985" SrcFileId="4" StartOffset="4953"/>
</LocList>
<RootTerm CovItemId="C13" CovItemPrefix="com.OriginalFiles.MI.java" Intrnl_Id="1115">
<BasicBoolTerm Intrnl_Id="1116">
<LocList>
<Loc EndOffset="4977" SrcFileId="4" StartOffset="4969"/>
</LocList>
</BasicBoolTerm>
</RootTerm>
</LoopStmnt>
<BasicStmnt CovItemId="S88" CovItemPrefix="com.OriginalFiles.MI.java" Intrnl_Id="1117">
<LocList>
<Loc EndOffset="6024" SrcFileId="4" StartOffset="5999"/>
</LocList>
</BasicStmnt>
</StmntSeq>
</Branch>
<Branch CovItemId="B24" CovItemPrefix="com.OriginalFiles.MI.java" Implct="true" Intrnl_Id="1118">
<Cond/>
<LocList/>
<StmntSeq Intrnl_Id="1119">
<LocList/>
</StmntSeq>
</Branch>
<Keyword EndOffset="4865" SrcFileId="4" StartOffset="4863"/>
<LocList>
<Loc EndOffset="6035" SrcFileId="4" StartOffset="4863"/>
</LocList>
<RootTerm CovItemId="C12" CovItemPrefix="com.OriginalFiles.MI.java" Intrnl_Id="1120">
<BasicBoolTerm Intrnl_Id="1121">
<LocList>
<Loc EndOffset="4889" SrcFileId="4" StartOffset="4867"/>
</LocList>
</BasicBoolTerm>
</RootTerm>
</CondStmnt>
</StmntSeq>
</HierarchyLvl>
<HierarchyLvl HierarchyLvlId="256" HierarchyLvlTypeId="14" Intrnl_Id="1122" Name="revertMove">
<Header>
<Loc EndOffset="6106" SrcFileId="4" StartOffset="6050"/>
</Header>
<LocList>
<Loc EndOffset="8022" SrcFileId="4" StartOffset="6050"/>
</LocList>
<StmntSeq Intrnl_Id="1123">
<LocList>
<Loc EndOffset="8015" SrcFileId="4" StartOffset="6120"/>
</LocList>
<CondStmnt CovItemId="S89" CovItemPrefix="com.OriginalFiles.MI.java" Intrnl_Id="1124">
<Branch CovItemId="B29" CovItemPrefix="com.OriginalFiles.MI.java" Implct="false" Intrnl_Id="1125">
<Cond/>
<LocList>
<Loc EndOffset="8015" SrcFileId="4" StartOffset="6152"/>
</LocList>
<StmntSeq Intrnl_Id="1126">
<LocList>
<Loc EndOffset="6225" SrcFileId="4" StartOffset="6167"/>
<Loc EndOffset="6288" SrcFileId="4" StartOffset="6239"/>
<Loc EndOffset="6337" SrcFileId="4" StartOffset="6304"/>
<Loc EndOffset="6373" SrcFileId="4" StartOffset="6351"/>
<Loc EndOffset="7457" SrcFileId="4" StartOffset="6389"/>
<Loc EndOffset="7504" SrcFileId="4" StartOffset="7473"/>
<Loc EndOffset="8004" SrcFileId="4" StartOffset="7520"/>
</LocList>
<BasicStmnt CovItemId="S90" CovItemPrefix="com.OriginalFiles.MI.java" Intrnl_Id="1127">
<LocList>
<Loc EndOffset="6225" SrcFileId="4" StartOffset="6167"/>
</LocList>
</BasicStmnt>
<BasicStmnt CovItemId="S91" CovItemPrefix="com.OriginalFiles.MI.java" Intrnl_Id="1128">
<LocList>
<Loc EndOffset="6288" SrcFileId="4" StartOffset="6239"/>
</LocList>
</BasicStmnt>
<BasicStmnt CovItemId="S92" CovItemPrefix="com.OriginalFiles.MI.java" Intrnl_Id="1129">
<LocList>
<Loc EndOffset="6337" SrcFileId="4" StartOffset="6304"/>
</LocList>
</BasicStmnt>
<BasicStmnt CovItemId="S93" CovItemPrefix="com.OriginalFiles.MI.java" Intrnl_Id="1130">
<LocList>
<Loc EndOffset="6373" SrcFileId="4" StartOffset="6351"/>
</LocList>
</BasicStmnt>
<LoopStmnt CovItemId="S94" CovItemPrefix="com.OriginalFiles.MI.java" Intrnl_Id="1131" MltplExecId="L8-2" MltplExecPrefix="com.OriginalFiles.MI.java" NvrExecId="L8-0" NvrExecPrefix="com.OriginalFiles.MI.java" OnceExecutedId="L8-1" OnceExecutedPrefix="com.OriginalFiles.MI.java" OptBodyExec="true">
<StmntSeq Intrnl_Id="1132">
<LocList>
<Loc EndOffset="6469" SrcFileId="4" StartOffset="6440"/>
<Loc EndOffset="7309" SrcFileId="4" StartOffset="6487"/>
<Loc EndOffset="7442" SrcFileId="4" StartOffset="7327"/>
</LocList>
<BasicStmnt CovItemId="S95" CovItemPrefix="com.OriginalFiles.MI.java" Intrnl_Id="1133">
<LocList>
<Loc EndOffset="6469" SrcFileId="4" StartOffset="6440"/>
</LocList>
</BasicStmnt>
<CondStmnt CovItemId="S96" CovItemPrefix="com.OriginalFiles.MI.java" Intrnl_Id="1134">
<Branch CovItemId="B31" CovItemPrefix="com.OriginalFiles.MI.java" Implct="false" Intrnl_Id="1135">
<Cond/>
<LocList>
<Loc EndOffset="7309" SrcFileId="4" StartOffset="6512"/>
</LocList>
<StmntSeq Intrnl_Id="1136">
<LocList>
<Loc EndOffset="7290" SrcFileId="4" StartOffset="6535"/>
</LocList>
<CondStmnt CovItemId="S97" CovItemPrefix="com.OriginalFiles.MI.java" Intrnl_Id="1137">
<Branch CovItemId="B33" CovItemPrefix="com.OriginalFiles.MI.java" Implct="false" Intrnl_Id="1138">
<Cond/>
<LocList>
<Loc EndOffset="7290" SrcFileId="4" StartOffset="6629"/>
</LocList>
<StmntSeq Intrnl_Id="1139">
<LocList>
<Loc EndOffset="7196" SrcFileId="4" StartOffset="6656"/>
<Loc EndOffset="7267" SrcFileId="4" StartOffset="7222"/>
</LocList>
<CondStmnt CovItemId="S98" CovItemPrefix="com.OriginalFiles.MI.java" Intrnl_Id="1140">
<Branch CovItemId="B35" CovItemPrefix="com.OriginalFiles.MI.java" Implct="false" Intrnl_Id="1141">
<Cond/>
<LocList>
<Loc EndOffset="6925" SrcFileId="4" StartOffset="6751"/>
</LocList>
<StmntSeq Intrnl_Id="1142">
<LocList>
<Loc EndOffset="6898" SrcFileId="4" StartOffset="6782"/>
</LocList>
<BasicStmnt CovItemId="S99" CovItemPrefix="com.OriginalFiles.MI.java" Intrnl_Id="1143">
<LocList>
<Loc EndOffset="6898" SrcFileId="4" StartOffset="6782"/>
</LocList>
</BasicStmnt>
</StmntSeq>
</Branch>
<Branch CovItemId="B36" CovItemPrefix="com.OriginalFiles.MI.java" Implct="false" Intrnl_Id="1144">
<Cond>
<Loc EndOffset="6930" SrcFileId="4" StartOffset="6926"/>
</Cond>
<LocList>
<Loc EndOffset="7196" SrcFileId="4" StartOffset="6931"/>
</LocList>
<StmntSeq Intrnl_Id="1145">
<LocList>
<Loc EndOffset="7196" SrcFileId="4" StartOffset="6931"/>
</LocList>
<CondStmnt CovItemId="S100" CovItemPrefix="com.OriginalFiles.MI.java" Intrnl_Id="1146">
<Branch CovItemId="B37" CovItemPrefix="com.OriginalFiles.MI.java" Implct="false" Intrnl_Id="1147">
<Cond/>
<LocList>
<Loc EndOffset="7196" SrcFileId="4" StartOffset="7027"/>
</LocList>
<StmntSeq Intrnl_Id="1148">
<LocList>
<Loc EndOffset="7169" SrcFileId="4" StartOffset="7058"/>
</LocList>
<BasicStmnt CovItemId="S101" CovItemPrefix="com.OriginalFiles.MI.java" Intrnl_Id="1149">
<LocList>
<Loc EndOffset="7169" SrcFileId="4" StartOffset="7058"/>
</LocList>
</BasicStmnt>
</StmntSeq>
</Branch>
<Branch CovItemId="B38" CovItemPrefix="com.OriginalFiles.MI.java" Implct="true" Intrnl_Id="1150">
<Cond/>
<LocList/>
<StmntSeq Intrnl_Id="1151">
<LocList/>
</StmntSeq>
</Branch>
<Keyword EndOffset="6933" SrcFileId="4" StartOffset="6931"/>
<LocList>
<Loc EndOffset="7196" SrcFileId="4" StartOffset="6931"/>
</LocList>
<RootTerm CovItemId="C21" CovItemPrefix="com.OriginalFiles.MI.java" Intrnl_Id="1152">
<BasicBoolTerm Intrnl_Id="1153">
<LocList>
<Loc EndOffset="7025" SrcFileId="4" StartOffset="6935"/>
</LocList>
</BasicBoolTerm>
</RootTerm>
</CondStmnt>
</StmntSeq>
</Branch>
<Keyword EndOffset="6658" SrcFileId="4" StartOffset="6656"/>
<LocList>
<Loc EndOffset="7196" SrcFileId="4" StartOffset="6656"/>
</LocList>
<RootTerm CovItemId="C20" CovItemPrefix="com.OriginalFiles.MI.java" Intrnl_Id="1154">
<BasicBoolTerm Intrnl_Id="1155">
<LocList>
<Loc EndOffset="6749" SrcFileId="4" StartOffset="6660"/>
</LocList>
</BasicBoolTerm>
</RootTerm>
</CondStmnt>
<BasicStmnt CovItemId="S102" CovItemPrefix="com.OriginalFiles.MI.java" Intrnl_Id="1156">
<LocList>
<Loc EndOffset="7267" SrcFileId="4" StartOffset="7222"/>
</LocList>
</BasicStmnt>
</StmntSeq>
</Branch>
<Branch CovItemId="B34" CovItemPrefix="com.OriginalFiles.MI.java" Implct="true" Intrnl_Id="1157">
<Cond/>
<LocList/>
<StmntSeq Intrnl_Id="1158">
<LocList/>
</StmntSeq>
</Branch>
<Keyword EndOffset="6537" SrcFileId="4" StartOffset="6535"/>
<LocList>
<Loc EndOffset="7290" SrcFileId="4" StartOffset="6535"/>
</LocList>
<RootTerm CovItemId="C19" CovItemPrefix="com.OriginalFiles.MI.java" Intrnl_Id="1159">
<OpTerm BooleanOpId="10" Intrnl_Id="1160">
<BasicBoolTerm Intrnl_Id="1161">
<LocList>
<Loc EndOffset="6575" SrcFileId="4" StartOffset="6539"/>
</LocList>
</BasicBoolTerm>
<OpTerm BooleanOpId="9" Intrnl_Id="1162">
<BasicBoolTerm Intrnl_Id="1163">
<LocList>
<Loc EndOffset="6627" SrcFileId="4" StartOffset="6609"/>
</LocList>
</BasicBoolTerm>
<LocList>
<Loc EndOffset="6609" SrcFileId="4" StartOffset="6608"/>
</LocList>
</OpTerm>
<LocList>
<Loc EndOffset="6607" SrcFileId="4" StartOffset="6605"/>
</LocList>
</OpTerm>
</RootTerm>
</CondStmnt>
</StmntSeq>
</Branch>
<Branch CovItemId="B32" CovItemPrefix="com.OriginalFiles.MI.java" Implct="true" Intrnl_Id="1164">
<Cond/>
<LocList/>
<StmntSeq Intrnl_Id="1165">
<LocList/>
</StmntSeq>
</Branch>
<Keyword EndOffset="6489" SrcFileId="4" StartOffset="6487"/>
<LocList>
<Loc EndOffset="7309" SrcFileId="4" StartOffset="6487"/>
</LocList>
<RootTerm CovItemId="C18" CovItemPrefix="com.OriginalFiles.MI.java" Intrnl_Id="1166">
<OpTerm BooleanOpId="9" Intrnl_Id="1167">
<BasicBoolTerm Intrnl_Id="1168">
<LocList>
<Loc EndOffset="6510" SrcFileId="4" StartOffset="6492"/>
</LocList>
</BasicBoolTerm>
<LocList>
<Loc EndOffset="6492" SrcFileId="4" StartOffset="6491"/>
</LocList>
</OpTerm>
</RootTerm>
</CondStmnt>
<BasicStmnt CovItemId="S103" CovItemPrefix="com.OriginalFiles.MI.java" Intrnl_Id="1169">
<LocList>
<Loc EndOffset="7442" SrcFileId="4" StartOffset="7327"/>
</LocList>
</BasicStmnt>
</StmntSeq>
<Keyword EndOffset="6392" SrcFileId="4" StartOffset="6389"/>
<LocList>
<Loc EndOffset="7457" SrcFileId="4" StartOffset="6389"/>
</LocList>
<RootTerm CovItemId="C17" CovItemPrefix="com.OriginalFiles.MI.java" Intrnl_Id="1170">
<BasicBoolTerm Intrnl_Id="1171">
<LocList>
<Loc EndOffset="6414" SrcFileId="4" StartOffset="6408"/>
</LocList>
</BasicBoolTerm>
</RootTerm>
</LoopStmnt>
<BasicStmnt CovItemId="S104" CovItemPrefix="com.OriginalFiles.MI.java" Intrnl_Id="1172">
<LocList>
<Loc EndOffset="7504" SrcFileId="4" StartOffset="7473"/>
</LocList>
</BasicStmnt>
<LoopStmnt CovItemId="S105" CovItemPrefix="com.OriginalFiles.MI.java" Intrnl_Id="1173" MltplExecId="L9-2" MltplExecPrefix="com.OriginalFiles.MI.java" NvrExecId="L9-0" NvrExecPrefix="com.OriginalFiles.MI.java" OnceExecutedId="L9-1" OnceExecutedPrefix="com.OriginalFiles.MI.java" OptBodyExec="true">
<StmntSeq Intrnl_Id="1174">
<LocList>
<Loc EndOffset="7612" SrcFileId="4" StartOffset="7570"/>
<Loc EndOffset="7832" SrcFileId="4" StartOffset="7630"/>
<Loc EndOffset="7989" SrcFileId="4" StartOffset="7850"/>
</LocList>
<BasicStmnt CovItemId="S106" CovItemPrefix="com.OriginalFiles.MI.java" Intrnl_Id="1175">
<LocList>
<Loc EndOffset="7612" SrcFileId="4" StartOffset="7570"/>
</LocList>
</BasicStmnt>
<CondStmnt CovItemId="S107" CovItemPrefix="com.OriginalFiles.MI.java" Intrnl_Id="1176">
<Branch CovItemId="B39" CovItemPrefix="com.OriginalFiles.MI.java" Implct="false" Intrnl_Id="1177">
<Cond/>
<LocList>
<Loc EndOffset="7759" SrcFileId="4" StartOffset="7692"/>
</LocList>
<StmntSeq Intrnl_Id="1178">
<LocList>
<Loc EndOffset="7740" SrcFileId="4" StartOffset="7715"/>
</LocList>
<BasicStmnt CovItemId="S108" CovItemPrefix="com.OriginalFiles.MI.java" Intrnl_Id="1179">
<LocList>
<Loc EndOffset="7740" SrcFileId="4" StartOffset="7715"/>
</LocList>
</BasicStmnt>
</StmntSeq>
</Branch>
<Branch CovItemId="B40" CovItemPrefix="com.OriginalFiles.MI.java" Implct="false" Intrnl_Id="1180">
<Cond>
<Loc EndOffset="7764" SrcFileId="4" StartOffset="7760"/>
</Cond>
<LocList>
<Loc EndOffset="7832" SrcFileId="4" StartOffset="7765"/>
</LocList>
<StmntSeq Intrnl_Id="1181">
<LocList>
<Loc EndOffset="7813" SrcFileId="4" StartOffset="7788"/>
</LocList>
<BasicStmnt CovItemId="S109" CovItemPrefix="com.OriginalFiles.MI.java" Intrnl_Id="1182">
<LocList>
<Loc EndOffset="7813" SrcFileId="4" StartOffset="7788"/>
</LocList>
</BasicStmnt>
</StmntSeq>
</Branch>
<Keyword EndOffset="7632" SrcFileId="4" StartOffset="7630"/>
<LocList>
<Loc EndOffset="7832" SrcFileId="4" StartOffset="7630"/>
</LocList>
<RootTerm CovItemId="C23" CovItemPrefix="com.OriginalFiles.MI.java" Intrnl_Id="1183">
<BasicBoolTerm Intrnl_Id="1184">
<LocList>
<Loc EndOffset="7690" SrcFileId="4" StartOffset="7634"/>
</LocList>
</BasicBoolTerm>
</RootTerm>
</CondStmnt>
<BasicStmnt CovItemId="S110" CovItemPrefix="com.OriginalFiles.MI.java" Intrnl_Id="1185">
<LocList>
<Loc EndOffset="7989" SrcFileId="4" StartOffset="7850"/>
</LocList>
</BasicStmnt>
</StmntSeq>
<Keyword EndOffset="7523" SrcFileId="4" StartOffset="7520"/>
<LocList>
<Loc EndOffset="8004" SrcFileId="4" StartOffset="7520"/>
</LocList>
<RootTerm CovItemId="C22" CovItemPrefix="com.OriginalFiles.MI.java" Intrnl_Id="1186">
<BasicBoolTerm Intrnl_Id="1187">
<LocList>
<Loc EndOffset="7544" SrcFileId="4" StartOffset="7536"/>
</LocList>
</BasicBoolTerm>
</RootTerm>
</LoopStmnt>
</StmntSeq>
</Branch>
<Branch CovItemId="B30" CovItemPrefix="com.OriginalFiles.MI.java" Implct="true" Intrnl_Id="1188">
<Cond/>
<LocList/>
<StmntSeq Intrnl_Id="1189">
<LocList/>
</StmntSeq>
</Branch>
<Keyword EndOffset="6122" SrcFileId="4" StartOffset="6120"/>
<LocList>
<Loc EndOffset="8015" SrcFileId="4" StartOffset="6120"/>
</LocList>
<RootTerm CovItemId="C16" CovItemPrefix="com.OriginalFiles.MI.java" Intrnl_Id="1190">
<BasicBoolTerm Intrnl_Id="1191">
<LocList>
<Loc EndOffset="6150" SrcFileId="4" StartOffset="6124"/>
</LocList>
</BasicBoolTerm>
</RootTerm>
</CondStmnt>
</StmntSeq>
</HierarchyLvl>
<HierarchyLvl HierarchyLvlId="257" HierarchyLvlTypeId="14" Intrnl_Id="1192" Name="possibleMoves">
<Header>
<Loc EndOffset="8182" SrcFileId="4" StartOffset="8059"/>
</Header>
<LocList>
<Loc EndOffset="10432" SrcFileId="4" StartOffset="8059"/>
</LocList>
<StmntSeq Intrnl_Id="1193">
<LocList>
<Loc EndOffset="8243" SrcFileId="4" StartOffset="8194"/>
<Loc EndOffset="8298" SrcFileId="4" StartOffset="8253"/>
<Loc EndOffset="8350" SrcFileId="4" StartOffset="8308"/>
<Loc EndOffset="10286" SrcFileId="4" StartOffset="8360"/>
<Loc EndOffset="10425" SrcFileId="4" StartOffset="10298"/>
</LocList>
<BasicStmnt CovItemId="S111" CovItemPrefix="com.OriginalFiles.MI.java" Intrnl_Id="1194">
<LocList>
<Loc EndOffset="8243" SrcFileId="4" StartOffset="8194"/>
</LocList>
</BasicStmnt>
<BasicStmnt CovItemId="S112" CovItemPrefix="com.OriginalFiles.MI.java" Intrnl_Id="1195">
<LocList>
<Loc EndOffset="8298" SrcFileId="4" StartOffset="8253"/>
</LocList>
</BasicStmnt>
<BasicStmnt CovItemId="S113" CovItemPrefix="com.OriginalFiles.MI.java" Intrnl_Id="1196">
<LocList>
<Loc EndOffset="8350" SrcFileId="4" StartOffset="8308"/>
</LocList>
</BasicStmnt>
<LoopStmnt CovItemId="S114" CovItemPrefix="com.OriginalFiles.MI.java" Intrnl_Id="1197" MltplExecId="L10-2" MltplExecPrefix="com.OriginalFiles.MI.java" NvrExecId="L10-0" NvrExecPrefix="com.OriginalFiles.MI.java" OnceExecutedId="L10-1" OnceExecutedPrefix="com.OriginalFiles.MI.java" OptBodyExec="true">
<StmntSeq Intrnl_Id="1198">
<LocList>
<Loc EndOffset="10275" SrcFileId="4" StartOffset="8425"/>
</LocList>
<LoopStmnt CovItemId="S115" CovItemPrefix="com.OriginalFiles.MI.java" Intrnl_Id="1199" MltplExecId="L11-2" MltplExecPrefix="com.OriginalFiles.MI.java" NvrExecId="L11-0" NvrExecPrefix="com.OriginalFiles.MI.java" OnceExecutedId="L11-1" OnceExecutedPrefix="com.OriginalFiles.MI.java" OptBodyExec="true">
<StmntSeq Intrnl_Id="1200">
<LocList>
<Loc EndOffset="10260" SrcFileId="4" StartOffset="8466"/>
</LocList>
<CondStmnt CovItemId="S116" CovItemPrefix="com.OriginalFiles.MI.java" Intrnl_Id="1201">
<Branch CovItemId="B41" CovItemPrefix="com.OriginalFiles.MI.java" Implct="false" Intrnl_Id="1202">
<Cond/>
<LocList>
<Loc EndOffset="10260" SrcFileId="4" StartOffset="8488"/>
</LocList>
<StmntSeq Intrnl_Id="1203">
<LocList>
<Loc EndOffset="10241" SrcFileId="4" StartOffset="8511"/>
</LocList>
<CondStmnt CovItemId="S117" CovItemPrefix="com.OriginalFiles.MI.java" Intrnl_Id="1204">
<Branch CovItemId="B43" CovItemPrefix="com.OriginalFiles.MI.java" Implct="false" Intrnl_Id="1205">
<Cond/>
<LocList>
<Loc EndOffset="10241" SrcFileId="4" StartOffset="8679"/>
</LocList>
<StmntSeq Intrnl_Id="1206">
<LocList>
<Loc EndOffset="10218" SrcFileId="4" StartOffset="8739"/>
</LocList>
<CondStmnt CovItemId="S118" CovItemPrefix="com.OriginalFiles.MI.java" Intrnl_Id="1207">
<Branch CovItemId="B45" CovItemPrefix="com.OriginalFiles.MI.java" Implct="false" Intrnl_Id="1208">
<Cond/>
<LocList>
<Loc EndOffset="9518" SrcFileId="4" StartOffset="8776"/>
</LocList>
<StmntSeq Intrnl_Id="1209">
<LocList>
<Loc EndOffset="9119" SrcFileId="4" StartOffset="8807"/>
<Loc EndOffset="9491" SrcFileId="4" StartOffset="9151"/>
</LocList>
<BasicStmnt CovItemId="S119" CovItemPrefix="com.OriginalFiles.MI.java" Intrnl_Id="1210">
<LocList>
<Loc EndOffset="9119" SrcFileId="4" StartOffset="8807"/>
</LocList>
</BasicStmnt>
<LoopStmnt CovItemId="S120" CovItemPrefix="com.OriginalFiles.MI.java" Intrnl_Id="1211" MltplExecId="L12-2" MltplExecPrefix="com.OriginalFiles.MI.java" NvrExecId="L12-0" NvrExecPrefix="com.OriginalFiles.MI.java" OnceExecutedId="L12-1" OnceExecutedPrefix="com.OriginalFiles.MI.java" OptBodyExec="true">
<StmntSeq Intrnl_Id="1212">
<LocList>
<Loc EndOffset="9460" SrcFileId="4" StartOffset="9232"/>
</LocList>
<CondStmnt CovItemId="S121" CovItemPrefix="com.OriginalFiles.MI.java" Intrnl_Id="1213">
<Branch CovItemId="B47" CovItemPrefix="com.OriginalFiles.MI.java" Implct="false" Intrnl_Id="1214">
<Cond/>
<LocList>
<Loc EndOffset="9460" SrcFileId="4" StartOffset="9263"/>
</LocList>
<StmntSeq Intrnl_Id="1215">
<LocList>
<Loc EndOffset="9425" SrcFileId="4" StartOffset="9302"/>
</LocList>
<BasicStmnt CovItemId="S122" CovItemPrefix="com.OriginalFiles.MI.java" Intrnl_Id="1216">
<LocList>
<Loc EndOffset="9425" SrcFileId="4" StartOffset="9302"/>
</LocList>
</BasicStmnt>
</StmntSeq>
</Branch>
<Branch CovItemId="B48" CovItemPrefix="com.OriginalFiles.MI.java" Implct="true" Intrnl_Id="1217">
<Cond/>
<LocList/>
<StmntSeq Intrnl_Id="1218">
<LocList/>
</StmntSeq>
</Branch>
<Keyword EndOffset="9234" SrcFileId="4" StartOffset="9232"/>
<LocList>
<Loc EndOffset="9460" SrcFileId="4" StartOffset="9232"/>
</LocList>
<RootTerm CovItemId="C27" CovItemPrefix="com.OriginalFiles.MI.java" Intrnl_Id="1219">
<BasicBoolTerm Intrnl_Id="1220">
<LocList>
<Loc EndOffset="9261" SrcFileId="4" StartOffset="9236"/>
</LocList>
</BasicBoolTerm>
</RootTerm>
</CondStmnt>
</StmntSeq>
<Keyword EndOffset="9154" SrcFileId="4" StartOffset="9151"/>
<LocList>
<Loc EndOffset="9491" SrcFileId="4" StartOffset="9151"/>
</LocList>
</LoopStmnt>
</StmntSeq>
</Branch>
<Branch CovItemId="B46" CovItemPrefix="com.OriginalFiles.MI.java" Implct="false" Intrnl_Id="1221">
<Cond>
<Loc EndOffset="9523" SrcFileId="4" StartOffset="9519"/>
</Cond>
<LocList>
<Loc EndOffset="10218" SrcFileId="4" StartOffset="9524"/>
</LocList>
<StmntSeq Intrnl_Id="1222">
<LocList>
<Loc EndOffset="9726" SrcFileId="4" StartOffset="9565"/>
<Loc EndOffset="10191" SrcFileId="4" StartOffset="9800"/>
</LocList>
<BasicStmnt CovItemId="S123" CovItemPrefix="com.OriginalFiles.MI.java" Intrnl_Id="1223">
<LocList>
<Loc EndOffset="9726" SrcFileId="4" StartOffset="9565"/>
</LocList>
</BasicStmnt>
<CondStmnt CovItemId="S124" CovItemPrefix="com.OriginalFiles.MI.java" Intrnl_Id="1224">
<Branch CovItemId="B49" CovItemPrefix="com.OriginalFiles.MI.java" Implct="false" Intrnl_Id="1225">
<Cond/>
<LocList>
<Loc EndOffset="10191" SrcFileId="4" StartOffset="9830"/>
</LocList>
<StmntSeq Intrnl_Id="1226">
<LocList>
<Loc EndOffset="10160" SrcFileId="4" StartOffset="9865"/>
</LocList>
<LoopStmnt CovItemId="S125" CovItemPrefix="com.OriginalFiles.MI.java" Intrnl_Id="1227" MltplExecId="L13-2" MltplExecPrefix="com.OriginalFiles.MI.java" NvrExecId="L13-0" NvrExecPrefix="com.OriginalFiles.MI.java" OnceExecutedId="L13-1" OnceExecutedPrefix="com.OriginalFiles.MI.java" OptBodyExec="true">
<StmntSeq Intrnl_Id="1228">
<LocList>
<Loc EndOffset="10063" SrcFileId="4" StartOffset="9941"/>
<Loc EndOffset="10125" SrcFileId="4" StartOffset="10101"/>
</LocList>
<BasicStmnt CovItemId="S126" CovItemPrefix="com.OriginalFiles.MI.java" Intrnl_Id="1229">
<LocList>
<Loc EndOffset="10063" SrcFileId="4" StartOffset="9941"/>
</LocList>
</BasicStmnt>
<BasicStmnt CovItemId="S127" CovItemPrefix="com.OriginalFiles.MI.java" Intrnl_Id="1230">
<LocList>
<Loc EndOffset="10125" SrcFileId="4" StartOffset="10101"/>
</LocList>
</BasicStmnt>
</StmntSeq>
<Keyword EndOffset="9868" SrcFileId="4" StartOffset="9865"/>
<LocList>
<Loc EndOffset="10160" SrcFileId="4" StartOffset="9865"/>
</LocList>
</LoopStmnt>
</StmntSeq>
</Branch>
<Branch CovItemId="B50" CovItemPrefix="com.OriginalFiles.MI.java" Implct="true" Intrnl_Id="1231">
<Cond/>
<LocList/>
<StmntSeq Intrnl_Id="1232">
<LocList/>
</StmntSeq>
</Branch>
<Keyword EndOffset="9802" SrcFileId="4" StartOffset="9800"/>
<LocList>
<Loc EndOffset="10191" SrcFileId="4" StartOffset="9800"/>
</LocList>
<RootTerm CovItemId="C28" CovItemPrefix="com.OriginalFiles.MI.java" Intrnl_Id="1233">
<OpTerm BooleanOpId="9" Intrnl_Id="1234">
<BasicBoolTerm Intrnl_Id="1235">
<LocList>
<Loc EndOffset="9828" SrcFileId="4" StartOffset="9805"/>
</LocList>
</BasicBoolTerm>
<LocList>
<Loc EndOffset="9805" SrcFileId="4" StartOffset="9804"/>
</LocList>
</OpTerm>
</RootTerm>
</CondStmnt>
</StmntSeq>
</Branch>
<Keyword EndOffset="8741" SrcFileId="4" StartOffset="8739"/>
<LocList>
<Loc EndOffset="10218" SrcFileId="4" StartOffset="8739"/>
</LocList>
<RootTerm CovItemId="C26" CovItemPrefix="com.OriginalFiles.MI.java" Intrnl_Id="1236">
<BasicBoolTerm Intrnl_Id="1237">
<LocList>
<Loc EndOffset="8774" SrcFileId="4" StartOffset="8743"/>
</LocList>
</BasicBoolTerm>
</RootTerm>
</CondStmnt>
</StmntSeq>
</Branch>
<Branch CovItemId="B44" CovItemPrefix="com.OriginalFiles.MI.java" Implct="true" Intrnl_Id="1238">
<Cond/>
<LocList/>
<StmntSeq Intrnl_Id="1239">
<LocList/>
</StmntSeq>
</Branch>
<Keyword EndOffset="8513" SrcFileId="4" StartOffset="8511"/>
<LocList>
<Loc EndOffset="10241" SrcFileId="4" StartOffset="8511"/>
</LocList>
<RootTerm CovItemId="C25" CovItemPrefix="com.OriginalFiles.MI.java" Intrnl_Id="1240">
<OpTerm BooleanOpId="10" Intrnl_Id="1241">
<BasicBoolTerm Intrnl_Id="1242">
<LocList>
<Loc EndOffset="8549" SrcFileId="4" StartOffset="8515"/>
</LocList>
</BasicBoolTerm>
<BasicBoolTerm Intrnl_Id="1243">
<LocList>
<Loc EndOffset="8677" SrcFileId="4" StartOffset="8582"/>
</LocList>
</BasicBoolTerm>
<LocList>
<Loc EndOffset="8581" SrcFileId="4" StartOffset="8579"/>
</LocList>
</OpTerm>
</RootTerm>
</CondStmnt>
</StmntSeq>
</Branch>
<Branch CovItemId="B42" CovItemPrefix="com.OriginalFiles.MI.java" Implct="true" Intrnl_Id="1244">
<Cond/>
<LocList/>
<StmntSeq Intrnl_Id="1245">
<LocList/>
</StmntSeq>
</Branch>
<Keyword EndOffset="8468" SrcFileId="4" StartOffset="8466"/>
<LocList>
<Loc EndOffset="10260" SrcFileId="4" StartOffset="8466"/>
</LocList>
<RootTerm CovItemId="C24" CovItemPrefix="com.OriginalFiles.MI.java" Intrnl_Id="1246">
<OpTerm BooleanOpId="9" Intrnl_Id="1247">
<BasicBoolTerm Intrnl_Id="1248">
<LocList>
<Loc EndOffset="8486" SrcFileId="4" StartOffset="8471"/>
</LocList>
</BasicBoolTerm>
<LocList>
<Loc EndOffset="8471" SrcFileId="4" StartOffset="8470"/>
</LocList>
</OpTerm>
</RootTerm>
</CondStmnt>
</StmntSeq>
<Keyword EndOffset="8428" SrcFileId="4" StartOffset="8425"/>
<LocList>
<Loc EndOffset="10275" SrcFileId="4" StartOffset="8425"/>
</LocList>
</LoopStmnt>
</StmntSeq>
<Keyword EndOffset="8363" SrcFileId="4" StartOffset="8360"/>
<LocList>
<Loc EndOffset="10286" SrcFileId="4" StartOffset="8360"/>
</LocList>
</LoopStmnt>
<CondStmnt CovItemId="S128" CovItemPrefix="com.OriginalFiles.MI.java" Intrnl_Id="1249">
<Branch CovItemId="B51" CovItemPrefix="com.OriginalFiles.MI.java" Implct="false" Intrnl_Id="1250">
<Cond/>
<LocList>
<Loc EndOffset="10376" SrcFileId="4" StartOffset="10329"/>
</LocList>
<StmntSeq Intrnl_Id="1251">
<LocList>
<Loc EndOffset="10365" SrcFileId="4" StartOffset="10344"/>
</LocList>
<BasicStmnt CovItemId="S129" CovItemPrefix="com.OriginalFiles.MI.java" Intrnl_Id="1252">
<LocList>
<Loc EndOffset="10365" SrcFileId="4" StartOffset="10344"/>
</LocList>
</BasicStmnt>
</StmntSeq>
</Branch>
<Branch CovItemId="B52" CovItemPrefix="com.OriginalFiles.MI.java" Implct="false" Intrnl_Id="1253">
<Cond>
<Loc EndOffset="10381" SrcFileId="4" StartOffset="10377"/>
</Cond>
<LocList>
<Loc EndOffset="10425" SrcFileId="4" StartOffset="10382"/>
</LocList>
<StmntSeq Intrnl_Id="1254">
<LocList>
<Loc EndOffset="10414" SrcFileId="4" StartOffset="10397"/>
</LocList>
<BasicStmnt CovItemId="S130" CovItemPrefix="com.OriginalFiles.MI.java" Intrnl_Id="1255">
<LocList>
<Loc EndOffset="10414" SrcFileId="4" StartOffset="10397"/>
</LocList>
</BasicStmnt>
</StmntSeq>
</Branch>
<Keyword EndOffset="10300" SrcFileId="4" StartOffset="10298"/>
<LocList>
<Loc EndOffset="10425" SrcFileId="4" StartOffset="10298"/>
</LocList>
<RootTerm CovItemId="C29" CovItemPrefix="com.OriginalFiles.MI.java" Intrnl_Id="1256">
<BasicBoolTerm Intrnl_Id="1257">
<LocList>
<Loc EndOffset="10327" SrcFileId="4" StartOffset="10302"/>
</LocList>
</BasicBoolTerm>
</RootTerm>
</CondStmnt>
</StmntSeq>
</HierarchyLvl>
</HierarchyLvl>
<HierarchyLvl HierarchyLvlId="266" HierarchyLvlTypeId="13" Intrnl_Id="1258" Name="Field">
<Header>
<Loc EndOffset="48" SrcFileId="5" StartOffset="30"/>
</Header>
<LocList>
<Loc EndOffset="1380" SrcFileId="5" StartOffset="30"/>
</LocList>
<StmntSeq Intrnl_Id="1259">
<LocList>
<Loc EndOffset="202" SrcFileId="5" StartOffset="171"/>
<Loc EndOffset="280" SrcFileId="5" StartOffset="246"/>
</LocList>
<BasicStmnt CovItemId="S1" CovItemPrefix="com.OriginalFiles.Field.java" Intrnl_Id="1260">
<LocList>
<Loc EndOffset="202" SrcFileId="5" StartOffset="171"/>
</LocList>
</BasicStmnt>
<BasicStmnt CovItemId="S2" CovItemPrefix="com.OriginalFiles.Field.java" Intrnl_Id="1261">
<LocList>
<Loc EndOffset="280" SrcFileId="5" StartOffset="246"/>
</LocList>
</BasicStmnt>
</StmntSeq>
<HierarchyLvl HierarchyLvlId="259" HierarchyLvlTypeId="14" Intrnl_Id="1262" Name="Field">
<Header>
<Loc EndOffset="300" SrcFileId="5" StartOffset="286"/>
</Header>
<LocList>
<Loc EndOffset="304" SrcFileId="5" StartOffset="286"/>
</LocList>
</HierarchyLvl>
<HierarchyLvl HierarchyLvlId="260" HierarchyLvlTypeId="14" Intrnl_Id="1263" Name="Field">
<Header>
<Loc EndOffset="347" SrcFileId="5" StartOffset="311"/>
</Header>
<LocList>
<Loc EndOffset="398" SrcFileId="5" StartOffset="311"/>
</LocList>
<StmntSeq Intrnl_Id="1264">
<LocList>
<Loc EndOffset="370" SrcFileId="5" StartOffset="359"/>
<Loc EndOffset="391" SrcFileId="5" StartOffset="380"/>
</LocList>
<BasicStmnt CovItemId="S3" CovItemPrefix="com.OriginalFiles.Field.java" Intrnl_Id="1265">
<LocList>
<Loc EndOffset="370" SrcFileId="5" StartOffset="359"/>
</LocList>
</BasicStmnt>
<BasicStmnt CovItemId="S4" CovItemPrefix="com.OriginalFiles.Field.java" Intrnl_Id="1266">
<LocList>
<Loc EndOffset="391" SrcFileId="5" StartOffset="380"/>
</LocList>
</BasicStmnt>
</StmntSeq>
</HierarchyLvl>
<HierarchyLvl HierarchyLvlId="261" HierarchyLvlTypeId="14" Intrnl_Id="1267" Name="setPieceOnField">
<Header>
<Loc EndOffset="589" SrcFileId="5" StartOffset="538"/>
</Header>
<LocList>
<Loc EndOffset="711" SrcFileId="5" StartOffset="538"/>
</LocList>
<StmntSeq Intrnl_Id="1268">
<LocList>
<Loc EndOffset="627" SrcFileId="5" StartOffset="601"/>
<Loc EndOffset="704" SrcFileId="5" StartOffset="637"/>
</LocList>
<BasicStmnt CovItemId="S5" CovItemPrefix="com.OriginalFiles.Field.java" Intrnl_Id="1269">
<LocList>
<Loc EndOffset="627" SrcFileId="5" StartOffset="601"/>
</LocList>
</BasicStmnt>
<CondStmnt CovItemId="S6" CovItemPrefix="com.OriginalFiles.Field.java" Intrnl_Id="1270">
<Branch CovItemId="B1" CovItemPrefix="com.OriginalFiles.Field.java" Implct="false" Intrnl_Id="1271">
<Cond/>
<LocList>
<Loc EndOffset="704" SrcFileId="5" StartOffset="653"/>
</LocList>
<StmntSeq Intrnl_Id="1272">
<LocList>
<Loc EndOffset="693" SrcFileId="5" StartOffset="668"/>
</LocList>
<BasicStmnt CovItemId="S7" CovItemPrefix="com.OriginalFiles.Field.java" Intrnl_Id="1273">
<LocList>
<Loc EndOffset="693" SrcFileId="5" StartOffset="668"/>
</LocList>
</BasicStmnt>
</StmntSeq>
</Branch>
<Branch CovItemId="B2" CovItemPrefix="com.OriginalFiles.Field.java" Implct="true" Intrnl_Id="1274">
<Cond/>
<LocList/>
<StmntSeq Intrnl_Id="1275">
<LocList/>
</StmntSeq>
</Branch>
<Keyword EndOffset="639" SrcFileId="5" StartOffset="637"/>
<LocList>
<Loc EndOffset="704" SrcFileId="5" StartOffset="637"/>
</LocList>
<RootTerm CovItemId="C1" CovItemPrefix="com.OriginalFiles.Field.java" Intrnl_Id="1276">
<OpTerm BooleanOpId="9" Intrnl_Id="1277">
<BasicBoolTerm Intrnl_Id="1278">
<LocList>
<Loc EndOffset="651" SrcFileId="5" StartOffset="642"/>
</LocList>
</BasicBoolTerm>
<LocList>
<Loc EndOffset="642" SrcFileId="5" StartOffset="641"/>
</LocList>
</OpTerm>
</RootTerm>
</CondStmnt>
</StmntSeq>
</HierarchyLvl>
<HierarchyLvl HierarchyLvlId="262" HierarchyLvlTypeId="14" Intrnl_Id="1279" Name="getPieceOnField">
<Header>
<Loc EndOffset="755" SrcFileId="5" StartOffset="719"/>
</Header>
<LocList>
<Loc EndOffset="794" SrcFileId="5" StartOffset="719"/>
</LocList>
<StmntSeq Intrnl_Id="1280">
<LocList>
<Loc EndOffset="787" SrcFileId="5" StartOffset="767"/>
</LocList>
<BasicStmnt CovItemId="S8" CovItemPrefix="com.OriginalFiles.Field.java" Intrnl_Id="1281">
<LocList>
<Loc EndOffset="787" SrcFileId="5" StartOffset="767"/>
</LocList>
</BasicStmnt>
</StmntSeq>
</HierarchyLvl>
<HierarchyLvl HierarchyLvlId="263" HierarchyLvlTypeId="14" Intrnl_Id="1282" Name="isEmpty">
<Header>
<Loc EndOffset="888" SrcFileId="5" StartOffset="858"/>
</Header>
<LocList>
<Loc EndOffset="937" SrcFileId="5" StartOffset="858"/>
</LocList>
<StmntSeq Intrnl_Id="1283">
<LocList>
<Loc EndOffset="930" SrcFileId="5" StartOffset="900"/>
</LocList>
<BasicStmnt CovItemId="S9" CovItemPrefix="com.OriginalFiles.Field.java" Intrnl_Id="1284">
<LocList>
<Loc EndOffset="930" SrcFileId="5" StartOffset="900"/>
</LocList>
</BasicStmnt>
</StmntSeq>
</HierarchyLvl>
<HierarchyLvl HierarchyLvlId="264" HierarchyLvlTypeId="14" Intrnl_Id="1285" Name="isPieceOfColor">
<Header>
<Loc EndOffset="1090" SrcFileId="5" StartOffset="1043"/>
</Header>
<LocList>
<Loc EndOffset="1232" SrcFileId="5" StartOffset="1043"/>
</LocList>
<StmntSeq Intrnl_Id="1286">
<LocList>
<Loc EndOffset="1225" SrcFileId="5" StartOffset="1102"/>
</LocList>
<CondStmnt CovItemId="S10" CovItemPrefix="com.OriginalFiles.Field.java" Intrnl_Id="1287">
<Branch CovItemId="B3" CovItemPrefix="com.OriginalFiles.Field.java" Implct="false" Intrnl_Id="1288">
<Cond/>
<LocList>
<Loc EndOffset="1156" SrcFileId="5" StartOffset="1117"/>
</LocList>
<StmntSeq Intrnl_Id="1289">
<LocList>
<Loc EndOffset="1145" SrcFileId="5" StartOffset="1132"/>
</LocList>
<BasicStmnt CovItemId="S11" CovItemPrefix="com.OriginalFiles.Field.java" Intrnl_Id="1290">
<LocList>
<Loc EndOffset="1145" SrcFileId="5" StartOffset="1132"/>
</LocList>
</BasicStmnt>
</StmntSeq>
</Branch>
<Branch CovItemId="B4" CovItemPrefix="com.OriginalFiles.Field.java" Implct="false" Intrnl_Id="1291">
<Cond>
<Loc EndOffset="1161" SrcFileId="5" StartOffset="1157"/>
</Cond>
<LocList>
<Loc EndOffset="1225" SrcFileId="5" StartOffset="1162"/>
</LocList>
<StmntSeq Intrnl_Id="1292">
<LocList>
<Loc EndOffset="1214" SrcFileId="5" StartOffset="1177"/>
</LocList>
<BasicStmnt CovItemId="S12" CovItemPrefix="com.OriginalFiles.Field.java" Intrnl_Id="1293">
<LocList>
<Loc EndOffset="1214" SrcFileId="5" StartOffset="1177"/>
</LocList>
</BasicStmnt>
</StmntSeq>
</Branch>
<Keyword EndOffset="1104" SrcFileId="5" StartOffset="1102"/>
<LocList>
<Loc EndOffset="1225" SrcFileId="5" StartOffset="1102"/>
</LocList>
<RootTerm CovItemId="C2" CovItemPrefix="com.OriginalFiles.Field.java" Intrnl_Id="1294">
<BasicBoolTerm Intrnl_Id="1295">
<LocList>
<Loc EndOffset="1115" SrcFileId="5" StartOffset="1106"/>
</LocList>
</BasicBoolTerm>
</RootTerm>
</CondStmnt>
</StmntSeq>
</HierarchyLvl>
<HierarchyLvl HierarchyLvlId="265" HierarchyLvlTypeId="14" Intrnl_Id="1296" Name="emptyThisField">
<Header>
<Loc EndOffset="1338" SrcFileId="5" StartOffset="1304"/>
</Header>
<LocList>
<Loc EndOffset="1377" SrcFileId="5" StartOffset="1304"/>
</LocList>
<StmntSeq Intrnl_Id="1297">
<LocList>
<Loc EndOffset="1370" SrcFileId="5" StartOffset="1350"/>
</LocList>
<BasicStmnt CovItemId="S13" CovItemPrefix="com.OriginalFiles.Field.java" Intrnl_Id="1298">
<LocList>
<Loc EndOffset="1370" SrcFileId="5" StartOffset="1350"/>
</LocList>
</BasicStmnt>
</StmntSeq>
</HierarchyLvl>
</HierarchyLvl>
<HierarchyLvl HierarchyLvlId="272" HierarchyLvlTypeId="13" Intrnl_Id="1299" Name="Communication">
<Header>
<Loc EndOffset="56" SrcFileId="6" StartOffset="30"/>
</Header>
<LocList>
<Loc EndOffset="555" SrcFileId="6" StartOffset="30"/>
</LocList>
<HierarchyLvl HierarchyLvlId="267" HierarchyLvlTypeId="14" Intrnl_Id="1300" Name="Communication">
<Header>
<Loc EndOffset="117" SrcFileId="6" StartOffset="66"/>
</Header>
<LocList>
<Loc EndOffset="175" SrcFileId="6" StartOffset="66"/>
</LocList>
</HierarchyLvl>
<HierarchyLvl HierarchyLvlId="268" HierarchyLvlTypeId="14" Intrnl_Id="1301" Name="myKingNotPlaced">
<Header>
<Loc EndOffset="212" SrcFileId="6" StartOffset="183"/>
</Header>
<LocList>
<Loc EndOffset="275" SrcFileId="6" StartOffset="183"/>
</LocList>
</HierarchyLvl>
<HierarchyLvl HierarchyLvlId="269" HierarchyLvlTypeId="14" Intrnl_Id="1302" Name="humanWon">
<Header>
<Loc EndOffset="305" SrcFileId="6" StartOffset="283"/>
</Header>
<LocList>
<Loc EndOffset="368" SrcFileId="6" StartOffset="283"/>
</LocList>
</HierarchyLvl>
<HierarchyLvl HierarchyLvlId="270" HierarchyLvlTypeId="14" Intrnl_Id="1303" Name="robotWon">
<Header>
<Loc EndOffset="398" SrcFileId="6" StartOffset="376"/>
</Header>
<LocList>
<Loc EndOffset="461" SrcFileId="6" StartOffset="376"/>
</LocList>
</HierarchyLvl>
<HierarchyLvl HierarchyLvlId="271" HierarchyLvlTypeId="14" Intrnl_Id="1304" Name="draw">
<Header>
<Loc EndOffset="487" SrcFileId="6" StartOffset="469"/>
</Header>
<LocList>
<Loc EndOffset="550" SrcFileId="6" StartOffset="469"/>
</LocList>
</HierarchyLvl>
</HierarchyLvl>
<HierarchyLvl HierarchyLvlId="298" HierarchyLvlTypeId="13" Intrnl_Id="1305" Name="Board">
<Header>
<Loc EndOffset="170" SrcFileId="7" StartOffset="152"/>
</Header>
<LocList>
<Loc EndOffset="16506" SrcFileId="7" StartOffset="152"/>
</LocList>
<StmntSeq Intrnl_Id="1306">
<LocList>
<Loc EndOffset="223" SrcFileId="7" StartOffset="180"/>
<Loc EndOffset="269" SrcFileId="7" StartOffset="229"/>
<Loc EndOffset="318" SrcFileId="7" StartOffset="275"/>
<Loc EndOffset="370" SrcFileId="7" StartOffset="324"/>
<Loc EndOffset="425" SrcFileId="7" StartOffset="376"/>
</LocList>
<BasicStmnt CovItemId="S1" CovItemPrefix="com.OriginalFiles.Board.java" Intrnl_Id="1307">
<LocList>
<Loc EndOffset="223" SrcFileId="7" StartOffset="180"/>
</LocList>
</BasicStmnt>
<BasicStmnt CovItemId="S2" CovItemPrefix="com.OriginalFiles.Board.java" Intrnl_Id="1308">
<LocList>
<Loc EndOffset="269" SrcFileId="7" StartOffset="229"/>
</LocList>
</BasicStmnt>
<BasicStmnt CovItemId="S3" CovItemPrefix="com.OriginalFiles.Board.java" Intrnl_Id="1309">
<LocList>
<Loc EndOffset="318" SrcFileId="7" StartOffset="275"/>
</LocList>
</BasicStmnt>
<BasicStmnt CovItemId="S4" CovItemPrefix="com.OriginalFiles.Board.java" Intrnl_Id="1310">
<LocList>
<Loc EndOffset="370" SrcFileId="7" StartOffset="324"/>
</LocList>
</BasicStmnt>
<BasicStmnt CovItemId="S5" CovItemPrefix="com.OriginalFiles.Board.java" Intrnl_Id="1311">
<LocList>
<Loc EndOffset="425" SrcFileId="7" StartOffset="376"/>
</LocList>
</BasicStmnt>
</StmntSeq>
<HierarchyLvl HierarchyLvlId="273" HierarchyLvlTypeId="14" Intrnl_Id="1312" Name="Board">
<Header>
<Loc EndOffset="688" SrcFileId="7" StartOffset="591"/>
</Header>
<LocList>
<Loc EndOffset="3729" SrcFileId="7" StartOffset="591"/>
</LocList>
<StmntSeq Intrnl_Id="1313">
<LocList>
<Loc EndOffset="741" SrcFileId="7" StartOffset="700"/>
<Loc EndOffset="800" SrcFileId="7" StartOffset="751"/>
<Loc EndOffset="842" SrcFileId="7" StartOffset="810"/>
<Loc EndOffset="873" SrcFileId="7" StartOffset="852"/>
<Loc EndOffset="2342" SrcFileId="7" StartOffset="944"/>
<Loc EndOffset="2829" SrcFileId="7" StartOffset="2480"/>
<Loc EndOffset="3184" SrcFileId="7" StartOffset="2839"/>
<Loc EndOffset="3461" SrcFileId="7" StartOffset="3215"/>
<Loc EndOffset="3722" SrcFileId="7" StartOffset="3473"/>
</LocList>
<BasicStmnt CovItemId="S6" CovItemPrefix="com.OriginalFiles.Board.java" Intrnl_Id="1314">
<LocList>
<Loc EndOffset="741" SrcFileId="7" StartOffset="700"/>
</LocList>
</BasicStmnt>
<BasicStmnt CovItemId="S7" CovItemPrefix="com.OriginalFiles.Board.java" Intrnl_Id="1315">
<LocList>
<Loc EndOffset="800" SrcFileId="7" StartOffset="751"/>
</LocList>
</BasicStmnt>
<BasicStmnt CovItemId="S8" CovItemPrefix="com.OriginalFiles.Board.java" Intrnl_Id="1316">
<LocList>
<Loc EndOffset="842" SrcFileId="7" StartOffset="810"/>
</LocList>
</BasicStmnt>
<BasicStmnt CovItemId="S9" CovItemPrefix="com.OriginalFiles.Board.java" Intrnl_Id="1317">
<LocList>
<Loc EndOffset="873" SrcFileId="7" StartOffset="852"/>
</LocList>
</BasicStmnt>
<LoopStmnt CovItemId="S10" CovItemPrefix="com.OriginalFiles.Board.java" Intrnl_Id="1318" MltplExecId="L1-2" MltplExecPrefix="com.OriginalFiles.Board.java" NvrExecId="L1-0" NvrExecPrefix="com.OriginalFiles.Board.java" OnceExecutedId="L1-1" OnceExecutedPrefix="com.OriginalFiles.Board.java" OptBodyExec="true">
<StmntSeq Intrnl_Id="1319">
<LocList>
<Loc EndOffset="2331" SrcFileId="7" StartOffset="983"/>
</LocList>
<LoopStmnt CovItemId="S11" CovItemPrefix="com.OriginalFiles.Board.java" Intrnl_Id="1320" MltplExecId="L2-2" MltplExecPrefix="com.OriginalFiles.Board.java" NvrExecId="L2-0" NvrExecPrefix="com.OriginalFiles.Board.java" OnceExecutedId="L2-1" OnceExecutedPrefix="com.OriginalFiles.Board.java" OptBodyExec="true">
<StmntSeq Intrnl_Id="1321">
<LocList>
<Loc EndOffset="1051" SrcFileId="7" StartOffset="1026"/>
<Loc EndOffset="1080" SrcFileId="7" StartOffset="1069"/>
<Loc EndOffset="1109" SrcFileId="7" StartOffset="1098"/>
<Loc EndOffset="2277" SrcFileId="7" StartOffset="1234"/>
<Loc EndOffset="2316" SrcFileId="7" StartOffset="2295"/>
</LocList>
<BasicStmnt CovItemId="S12" CovItemPrefix="com.OriginalFiles.Board.java" Intrnl_Id="1322">
<LocList>
<Loc EndOffset="1051" SrcFileId="7" StartOffset="1026"/>
</LocList>
</BasicStmnt>
<BasicStmnt CovItemId="S13" CovItemPrefix="com.OriginalFiles.Board.java" Intrnl_Id="1323">
<LocList>
<Loc EndOffset="1080" SrcFileId="7" StartOffset="1069"/>
</LocList>
</BasicStmnt>
<BasicStmnt CovItemId="S14" CovItemPrefix="com.OriginalFiles.Board.java" Intrnl_Id="1324">
<LocList>
<Loc EndOffset="1109" SrcFileId="7" StartOffset="1098"/>
</LocList>
</BasicStmnt>
<CondStmnt CovItemId="S15" CovItemPrefix="com.OriginalFiles.Board.java" Intrnl_Id="1325">
<Branch CovItemId="B1" CovItemPrefix="com.OriginalFiles.Board.java" Implct="false" Intrnl_Id="1326">
<Cond/>
<LocList>
<Loc EndOffset="2203" SrcFileId="7" StartOffset="1256"/>
</LocList>
<StmntSeq Intrnl_Id="1327">
<LocList>
<Loc EndOffset="1304" SrcFileId="7" StartOffset="1279"/>
<Loc EndOffset="1352" SrcFileId="7" StartOffset="1326"/>
<Loc EndOffset="1783" SrcFileId="7" StartOffset="1374"/>
<Loc EndOffset="2127" SrcFileId="7" StartOffset="1840"/>
<Loc EndOffset="2184" SrcFileId="7" StartOffset="2149"/>
</LocList>
<BasicStmnt CovItemId="S16" CovItemPrefix="com.OriginalFiles.Board.java" Intrnl_Id="1328">
<LocList>
<Loc EndOffset="1304" SrcFileId="7" StartOffset="1279"/>
</LocList>
</BasicStmnt>
<BasicStmnt CovItemId="S17" CovItemPrefix="com.OriginalFiles.Board.java" Intrnl_Id="1329">
<LocList>
<Loc EndOffset="1352" SrcFileId="7" StartOffset="1326"/>
</LocList>
</BasicStmnt>
<CondStmnt CovItemId="S18" CovItemPrefix="com.OriginalFiles.Board.java" Intrnl_Id="1330">
<Branch CovItemId="B3" CovItemPrefix="com.OriginalFiles.Board.java" Implct="false" Intrnl_Id="1331">
<Cond/>
<LocList>
<Loc EndOffset="1783" SrcFileId="7" StartOffset="1385"/>
</LocList>
<StmntSeq Intrnl_Id="1332">
<LocList>
<Loc EndOffset="1443" SrcFileId="7" StartOffset="1412"/>
<Loc EndOffset="1505" SrcFileId="7" StartOffset="1469"/>
<Loc EndOffset="1760" SrcFileId="7" StartOffset="1659"/>
</LocList>
<BasicStmnt CovItemId="S19" CovItemPrefix="com.OriginalFiles.Board.java" Intrnl_Id="1333">
<LocList>
<Loc EndOffset="1443" SrcFileId="7" StartOffset="1412"/>
</LocList>
</BasicStmnt>
<BasicStmnt CovItemId="S20" CovItemPrefix="com.OriginalFiles.Board.java" Intrnl_Id="1334">
<LocList>
<Loc EndOffset="1505" SrcFileId="7" StartOffset="1469"/>
</LocList>
</BasicStmnt>
<CondStmnt CovItemId="S21" CovItemPrefix="com.OriginalFiles.Board.java" Intrnl_Id="1335">
<Branch CovItemId="B5" CovItemPrefix="com.OriginalFiles.Board.java" Implct="false" Intrnl_Id="1336">
<Cond/>
<LocList>
<Loc EndOffset="1760" SrcFileId="7" StartOffset="1671"/>
</LocList>
<StmntSeq Intrnl_Id="1337">
<LocList>
<Loc EndOffset="1733" SrcFileId="7" StartOffset="1702"/>
</LocList>
<BasicStmnt CovItemId="S22" CovItemPrefix="com.OriginalFiles.Board.java" Intrnl_Id="1338">
<LocList>
<Loc EndOffset="1733" SrcFileId="7" StartOffset="1702"/>
</LocList>
</BasicStmnt>
</StmntSeq>
</Branch>
<Branch CovItemId="B6" CovItemPrefix="com.OriginalFiles.Board.java" Implct="true" Intrnl_Id="1339">
<Cond/>
<LocList/>
<StmntSeq Intrnl_Id="1340">
<LocList/>
</StmntSeq>
</Branch>
<Keyword EndOffset="1661" SrcFileId="7" StartOffset="1659"/>
<LocList>
<Loc EndOffset="1760" SrcFileId="7" StartOffset="1659"/>
</LocList>
<RootTerm CovItemId="C5" CovItemPrefix="com.OriginalFiles.Board.java" Intrnl_Id="1341">
<BasicBoolTerm Intrnl_Id="1342">
<LocList>
<Loc EndOffset="1669" SrcFileId="7" StartOffset="1663"/>
</LocList>
</BasicBoolTerm>
</RootTerm>
</CondStmnt>
</StmntSeq>
</Branch>
<Branch CovItemId="B4" CovItemPrefix="com.OriginalFiles.Board.java" Implct="true" Intrnl_Id="1343">
<Cond/>
<LocList/>
<StmntSeq Intrnl_Id="1344">
<LocList/>
</StmntSeq>
</Branch>
<Keyword EndOffset="1376" SrcFileId="7" StartOffset="1374"/>
<LocList>
<Loc EndOffset="1783" SrcFileId="7" StartOffset="1374"/>
</LocList>
<RootTerm CovItemId="C4" CovItemPrefix="com.OriginalFiles.Board.java" Intrnl_Id="1345">
<BasicBoolTerm Intrnl_Id="1346">
<LocList>
<Loc EndOffset="1383" SrcFileId="7" StartOffset="1378"/>
</LocList>
</BasicBoolTerm>
</RootTerm>
</CondStmnt>
<CondStmnt CovItemId="S23" CovItemPrefix="com.OriginalFiles.Board.java" Intrnl_Id="1347">
<Branch CovItemId="B7" CovItemPrefix="com.OriginalFiles.Board.java" Implct="false" Intrnl_Id="1348">
<Cond/>
<LocList>
<Loc EndOffset="2127" SrcFileId="7" StartOffset="1851"/>
</LocList>
<StmntSeq Intrnl_Id="1349">
<LocList>
<Loc EndOffset="1909" SrcFileId="7" StartOffset="1878"/>
<Loc EndOffset="1977" SrcFileId="7" StartOffset="1935"/>
<Loc EndOffset="2104" SrcFileId="7" StartOffset="2003"/>
</LocList>
<BasicStmnt CovItemId="S24" CovItemPrefix="com.OriginalFiles.Board.java" Intrnl_Id="1350">
<LocList>
<Loc EndOffset="1909" SrcFileId="7" StartOffset="1878"/>
</LocList>
</BasicStmnt>
<BasicStmnt CovItemId="S25" CovItemPrefix="com.OriginalFiles.Board.java" Intrnl_Id="1351">
<LocList>
<Loc EndOffset="1977" SrcFileId="7" StartOffset="1935"/>
</LocList>
</BasicStmnt>
<CondStmnt CovItemId="S26" CovItemPrefix="com.OriginalFiles.Board.java" Intrnl_Id="1352">
<Branch CovItemId="B9" CovItemPrefix="com.OriginalFiles.Board.java" Implct="false" Intrnl_Id="1353">
<Cond/>
<LocList>
<Loc EndOffset="2104" SrcFileId="7" StartOffset="2015"/>
</LocList>
<StmntSeq Intrnl_Id="1354">
<LocList>
<Loc EndOffset="2077" SrcFileId="7" StartOffset="2046"/>
</LocList>
<BasicStmnt CovItemId="S27" CovItemPrefix="com.OriginalFiles.Board.java" Intrnl_Id="1355">
<LocList>
<Loc EndOffset="2077" SrcFileId="7" StartOffset="2046"/>
</LocList>
</BasicStmnt>
</StmntSeq>
</Branch>
<Branch CovItemId="B10" CovItemPrefix="com.OriginalFiles.Board.java" Implct="true" Intrnl_Id="1356">
<Cond/>
<LocList/>
<StmntSeq Intrnl_Id="1357">
<LocList/>
</StmntSeq>
</Branch>
<Keyword EndOffset="2005" SrcFileId="7" StartOffset="2003"/>
<LocList>
<Loc EndOffset="2104" SrcFileId="7" StartOffset="2003"/>
</LocList>
<RootTerm CovItemId="C7" CovItemPrefix="com.OriginalFiles.Board.java" Intrnl_Id="1358">
<BasicBoolTerm Intrnl_Id="1359">
<LocList>
<Loc EndOffset="2013" SrcFileId="7" StartOffset="2007"/>
</LocList>
</BasicBoolTerm>
</RootTerm>
</CondStmnt>
</StmntSeq>
</Branch>
<Branch CovItemId="B8" CovItemPrefix="com.OriginalFiles.Board.java" Implct="true" Intrnl_Id="1360">
<Cond/>
<LocList/>
<StmntSeq Intrnl_Id="1361">
<LocList/>
</StmntSeq>
</Branch>
<Keyword EndOffset="1842" SrcFileId="7" StartOffset="1840"/>
<LocList>
<Loc EndOffset="2127" SrcFileId="7" StartOffset="1840"/>
</LocList>
<RootTerm CovItemId="C6" CovItemPrefix="com.OriginalFiles.Board.java" Intrnl_Id="1362">
<BasicBoolTerm Intrnl_Id="1363">
<LocList>
<Loc EndOffset="1849" SrcFileId="7" StartOffset="1844"/>
</LocList>
</BasicBoolTerm>
</RootTerm>
</CondStmnt>
<BasicStmnt CovItemId="S28" CovItemPrefix="com.OriginalFiles.Board.java" Intrnl_Id="1364">
<LocList>
<Loc EndOffset="2184" SrcFileId="7" StartOffset="2149"/>
</LocList>
</BasicStmnt>
</StmntSeq>
</Branch>
<Branch CovItemId="B2" CovItemPrefix="com.OriginalFiles.Board.java" Implct="false" Intrnl_Id="1365">
<Cond>
<Loc EndOffset="2208" SrcFileId="7" StartOffset="2204"/>
</Cond>
<LocList>
<Loc EndOffset="2277" SrcFileId="7" StartOffset="2209"/>
</LocList>
<StmntSeq Intrnl_Id="1366">
<LocList>
<Loc EndOffset="2258" SrcFileId="7" StartOffset="2232"/>
</LocList>
<BasicStmnt CovItemId="S29" CovItemPrefix="com.OriginalFiles.Board.java" Intrnl_Id="1367">
<LocList>
<Loc EndOffset="2258" SrcFileId="7" StartOffset="2232"/>
</LocList>
</BasicStmnt>
</StmntSeq>
</Branch>
<Keyword EndOffset="1236" SrcFileId="7" StartOffset="1234"/>
<LocList>
<Loc EndOffset="2277" SrcFileId="7" StartOffset="1234"/>
</LocList>
<RootTerm CovItemId="C3" CovItemPrefix="com.OriginalFiles.Board.java" Intrnl_Id="1368">
<BasicBoolTerm Intrnl_Id="1369">
<LocList>
<Loc EndOffset="1254" SrcFileId="7" StartOffset="1238"/>
</LocList>
</BasicBoolTerm>
</RootTerm>
</CondStmnt>
<BasicStmnt CovItemId="S30" CovItemPrefix="com.OriginalFiles.Board.java" Intrnl_Id="1370">
<LocList>
<Loc EndOffset="2316" SrcFileId="7" StartOffset="2295"/>
</LocList>
</BasicStmnt>
</StmntSeq>
<Keyword EndOffset="986" SrcFileId="7" StartOffset="983"/>
<LocList>
<Loc EndOffset="2331" SrcFileId="7" StartOffset="983"/>
</LocList>
<RootTerm CovItemId="C2" CovItemPrefix="com.OriginalFiles.Board.java" Intrnl_Id="1371">
<BasicBoolTerm Intrnl_Id="1372">
<LocList>
<Loc EndOffset="1000" SrcFileId="7" StartOffset="995"/>
</LocList>
</BasicBoolTerm>
</RootTerm>
</LoopStmnt>
</StmntSeq>
<Keyword EndOffset="947" SrcFileId="7" StartOffset="944"/>
<LocList>
<Loc EndOffset="2342" SrcFileId="7" StartOffset="944"/>
</LocList>
<RootTerm CovItemId="C1" CovItemPrefix="com.OriginalFiles.Board.java" Intrnl_Id="1373">
<BasicBoolTerm Intrnl_Id="1374">
<LocList>
<Loc EndOffset="961" SrcFileId="7" StartOffset="956"/>
</LocList>
</BasicBoolTerm>
</RootTerm>
</LoopStmnt>
<LoopStmnt CovItemId="S31" CovItemPrefix="com.OriginalFiles.Board.java" Intrnl_Id="1375" MltplExecId="L3-2" MltplExecPrefix="com.OriginalFiles.Board.java" NvrExecId="L3-0" NvrExecPrefix="com.OriginalFiles.Board.java" OnceExecutedId="L3-1" OnceExecutedPrefix="com.OriginalFiles.Board.java" OptBodyExec="true">
<StmntSeq Intrnl_Id="1376">
<LocList>
<Loc EndOffset="2548" SrcFileId="7" StartOffset="2523"/>
<Loc EndOffset="2573" SrcFileId="7" StartOffset="2562"/>
<Loc EndOffset="2599" SrcFileId="7" StartOffset="2587"/>
<Loc EndOffset="2647" SrcFileId="7" StartOffset="2613"/>
<Loc EndOffset="2697" SrcFileId="7" StartOffset="2661"/>
<Loc EndOffset="2738" SrcFileId="7" StartOffset="2711"/>
<Loc EndOffset="2784" SrcFileId="7" StartOffset="2752"/>
<Loc EndOffset="2818" SrcFileId="7" StartOffset="2798"/>
</LocList>
<BasicStmnt CovItemId="S32" CovItemPrefix="com.OriginalFiles.Board.java" Intrnl_Id="1377">
<LocList>
<Loc EndOffset="2548" SrcFileId="7" StartOffset="2523"/>
</LocList>
</BasicStmnt>
<BasicStmnt CovItemId="S33" CovItemPrefix="com.OriginalFiles.Board.java" Intrnl_Id="1378">
<LocList>
<Loc EndOffset="2573" SrcFileId="7" StartOffset="2562"/>
</LocList>
</BasicStmnt>
<BasicStmnt CovItemId="S34" CovItemPrefix="com.OriginalFiles.Board.java" Intrnl_Id="1379">
<LocList>
<Loc EndOffset="2599" SrcFileId="7" StartOffset="2587"/>
</LocList>
</BasicStmnt>
<BasicStmnt CovItemId="S35" CovItemPrefix="com.OriginalFiles.Board.java" Intrnl_Id="1380">
<LocList>
<Loc EndOffset="2647" SrcFileId="7" StartOffset="2613"/>
</LocList>
</BasicStmnt>
<BasicStmnt CovItemId="S36" CovItemPrefix="com.OriginalFiles.Board.java" Intrnl_Id="1381">
<LocList>
<Loc EndOffset="2697" SrcFileId="7" StartOffset="2661"/>
</LocList>
</BasicStmnt>
<BasicStmnt CovItemId="S37" CovItemPrefix="com.OriginalFiles.Board.java" Intrnl_Id="1382">
<LocList>
<Loc EndOffset="2738" SrcFileId="7" StartOffset="2711"/>
</LocList>
</BasicStmnt>
<BasicStmnt CovItemId="S38" CovItemPrefix="com.OriginalFiles.Board.java" Intrnl_Id="1383">
<LocList>
<Loc EndOffset="2784" SrcFileId="7" StartOffset="2752"/>
</LocList>
</BasicStmnt>
<BasicStmnt CovItemId="S39" CovItemPrefix="com.OriginalFiles.Board.java" Intrnl_Id="1384">
<LocList>
<Loc EndOffset="2818" SrcFileId="7" StartOffset="2798"/>
</LocList>
</BasicStmnt>
</StmntSeq>
<Keyword EndOffset="2483" SrcFileId="7" StartOffset="2480"/>
<LocList>
<Loc EndOffset="2829" SrcFileId="7" StartOffset="2480"/>
</LocList>
<RootTerm CovItemId="C8" CovItemPrefix="com.OriginalFiles.Board.java" Intrnl_Id="1385">
<BasicBoolTerm Intrnl_Id="1386">
<LocList>
<Loc EndOffset="2501" SrcFileId="7" StartOffset="2496"/>
</LocList>
</BasicBoolTerm>
</RootTerm>
</LoopStmnt>
<LoopStmnt CovItemId="S40" CovItemPrefix="com.OriginalFiles.Board.java" Intrnl_Id="1387" MltplExecId="L4-2" MltplExecPrefix="com.OriginalFiles.Board.java" NvrExecId="L4-0" NvrExecPrefix="com.OriginalFiles.Board.java" OnceExecutedId="L4-1" OnceExecutedPrefix="com.OriginalFiles.Board.java" OptBodyExec="true">
<StmntSeq Intrnl_Id="1388">
<LocList>
<Loc EndOffset="2907" SrcFileId="7" StartOffset="2882"/>
<Loc EndOffset="2932" SrcFileId="7" StartOffset="2921"/>
<Loc EndOffset="2957" SrcFileId="7" StartOffset="2946"/>
<Loc EndOffset="3005" SrcFileId="7" StartOffset="2971"/>
<Loc EndOffset="3049" SrcFileId="7" StartOffset="3019"/>
<Loc EndOffset="3090" SrcFileId="7" StartOffset="3063"/>
<Loc EndOffset="3136" SrcFileId="7" StartOffset="3104"/>
<Loc EndOffset="3173" SrcFileId="7" StartOffset="3150"/>
</LocList>
<BasicStmnt CovItemId="S41" CovItemPrefix="com.OriginalFiles.Board.java" Intrnl_Id="1389">
<LocList>
<Loc EndOffset="2907" SrcFileId="7" StartOffset="2882"/>
</LocList>
</BasicStmnt>
<BasicStmnt CovItemId="S42" CovItemPrefix="com.OriginalFiles.Board.java" Intrnl_Id="1390">
<LocList>
<Loc EndOffset="2932" SrcFileId="7" StartOffset="2921"/>
</LocList>
</BasicStmnt>
<BasicStmnt CovItemId="S43" CovItemPrefix="com.OriginalFiles.Board.java" Intrnl_Id="1391">
<LocList>
<Loc EndOffset="2957" SrcFileId="7" StartOffset="2946"/>
</LocList>
</BasicStmnt>
<BasicStmnt CovItemId="S44" CovItemPrefix="com.OriginalFiles.Board.java" Intrnl_Id="1392">
<LocList>
<Loc EndOffset="3005" SrcFileId="7" StartOffset="2971"/>
</LocList>
</BasicStmnt>
<BasicStmnt CovItemId="S45" CovItemPrefix="com.OriginalFiles.Board.java" Intrnl_Id="1393">
<LocList>
<Loc EndOffset="3049" SrcFileId="7" StartOffset="3019"/>
</LocList>
</BasicStmnt>
<BasicStmnt CovItemId="S46" CovItemPrefix="com.OriginalFiles.Board.java" Intrnl_Id="1394">
<LocList>
<Loc EndOffset="3090" SrcFileId="7" StartOffset="3063"/>
</LocList>
</BasicStmnt>
<BasicStmnt CovItemId="S47" CovItemPrefix="com.OriginalFiles.Board.java" Intrnl_Id="1395">
<LocList>
<Loc EndOffset="3136" SrcFileId="7" StartOffset="3104"/>
</LocList>
</BasicStmnt>
<BasicStmnt CovItemId="S48" CovItemPrefix="com.OriginalFiles.Board.java" Intrnl_Id="1396">
<LocList>
<Loc EndOffset="3173" SrcFileId="7" StartOffset="3150"/>
</LocList>
</BasicStmnt>
</StmntSeq>
<Keyword EndOffset="2842" SrcFileId="7" StartOffset="2839"/>
<LocList>
<Loc EndOffset="3184" SrcFileId="7" StartOffset="2839"/>
</LocList>
<RootTerm CovItemId="C9" CovItemPrefix="com.OriginalFiles.Board.java" Intrnl_Id="1397">
<BasicBoolTerm Intrnl_Id="1398">
<LocList>
<Loc EndOffset="2860" SrcFileId="7" StartOffset="2855"/>
</LocList>
</BasicBoolTerm>
</RootTerm>
</LoopStmnt>
<LoopStmnt CovItemId="S49" CovItemPrefix="com.OriginalFiles.Board.java" Intrnl_Id="1399" MltplExecId="L5-2" MltplExecPrefix="com.OriginalFiles.Board.java" NvrExecId="L5-0" NvrExecPrefix="com.OriginalFiles.Board.java" OnceExecutedId="L5-1" OnceExecutedPrefix="com.OriginalFiles.Board.java" OptBodyExec="true">
<StmntSeq Intrnl_Id="1400">
<LocList>
<Loc EndOffset="3450" SrcFileId="7" StartOffset="3258"/>
</LocList>
<LoopStmnt CovItemId="S50" CovItemPrefix="com.OriginalFiles.Board.java" Intrnl_Id="1401" MltplExecId="L6-2" MltplExecPrefix="com.OriginalFiles.Board.java" NvrExecId="L6-0" NvrExecPrefix="com.OriginalFiles.Board.java" OnceExecutedId="L6-1" OnceExecutedPrefix="com.OriginalFiles.Board.java" OptBodyExec="true">
<StmntSeq Intrnl_Id="1402">
<LocList>
<Loc EndOffset="3330" SrcFileId="7" StartOffset="3305"/>
<Loc EndOffset="3359" SrcFileId="7" StartOffset="3348"/>
<Loc EndOffset="3393" SrcFileId="7" StartOffset="3377"/>
<Loc EndOffset="3435" SrcFileId="7" StartOffset="3411"/>
</LocList>
<BasicStmnt CovItemId="S51" CovItemPrefix="com.OriginalFiles.Board.java" Intrnl_Id="1403">
<LocList>
<Loc EndOffset="3330" SrcFileId="7" StartOffset="3305"/>
</LocList>
</BasicStmnt>
<BasicStmnt CovItemId="S52" CovItemPrefix="com.OriginalFiles.Board.java" Intrnl_Id="1404">
<LocList>
<Loc EndOffset="3359" SrcFileId="7" StartOffset="3348"/>
</LocList>
</BasicStmnt>
<BasicStmnt CovItemId="S53" CovItemPrefix="com.OriginalFiles.Board.java" Intrnl_Id="1405">
<LocList>
<Loc EndOffset="3393" SrcFileId="7" StartOffset="3377"/>
</LocList>
</BasicStmnt>
<BasicStmnt CovItemId="S54" CovItemPrefix="com.OriginalFiles.Board.java" Intrnl_Id="1406">
<LocList>
<Loc EndOffset="3435" SrcFileId="7" StartOffset="3411"/>
</LocList>
</BasicStmnt>
</StmntSeq>
<Keyword EndOffset="3261" SrcFileId="7" StartOffset="3258"/>
<LocList>
<Loc EndOffset="3450" SrcFileId="7" StartOffset="3258"/>
</LocList>
<RootTerm CovItemId="C11" CovItemPrefix="com.OriginalFiles.Board.java" Intrnl_Id="1407">
<BasicBoolTerm Intrnl_Id="1408">
<LocList>
<Loc EndOffset="3279" SrcFileId="7" StartOffset="3274"/>
</LocList>
</BasicBoolTerm>
</RootTerm>
</LoopStmnt>
</StmntSeq>
<Keyword EndOffset="3218" SrcFileId="7" StartOffset="3215"/>
<LocList>
<Loc EndOffset="3461" SrcFileId="7" StartOffset="3215"/>
</LocList>
<RootTerm CovItemId="C10" CovItemPrefix="com.OriginalFiles.Board.java" Intrnl_Id="1409">
<BasicBoolTerm Intrnl_Id="1410">
<LocList>
<Loc EndOffset="3236" SrcFileId="7" StartOffset="3231"/>
</LocList>
</BasicBoolTerm>
</RootTerm>
</LoopStmnt>
<LoopStmnt CovItemId="S55" CovItemPrefix="com.OriginalFiles.Board.java" Intrnl_Id="1411" MltplExecId="L7-2" MltplExecPrefix="com.OriginalFiles.Board.java" NvrExecId="L7-0" NvrExecPrefix="com.OriginalFiles.Board.java" OnceExecutedId="L7-1" OnceExecutedPrefix="com.OriginalFiles.Board.java" OptBodyExec="true">
<StmntSeq Intrnl_Id="1412">
<LocList>
<Loc EndOffset="3711" SrcFileId="7" StartOffset="3516"/>
</LocList>
<LoopStmnt CovItemId="S56" CovItemPrefix="com.OriginalFiles.Board.java" Intrnl_Id="1413" MltplExecId="L8-2" MltplExecPrefix="com.OriginalFiles.Board.java" NvrExecId="L8-0" NvrExecPrefix="com.OriginalFiles.Board.java" OnceExecutedId="L8-1" OnceExecutedPrefix="com.OriginalFiles.Board.java" OptBodyExec="true">
<StmntSeq Intrnl_Id="1414">
<LocList>
<Loc EndOffset="3588" SrcFileId="7" StartOffset="3563"/>
<Loc EndOffset="3617" SrcFileId="7" StartOffset="3606"/>
<Loc EndOffset="3651" SrcFileId="7" StartOffset="3635"/>
<Loc EndOffset="3696" SrcFileId="7" StartOffset="3669"/>
</LocList>
<BasicStmnt CovItemId="S57" CovItemPrefix="com.OriginalFiles.Board.java" Intrnl_Id="1415">
<LocList>
<Loc EndOffset="3588" SrcFileId="7" StartOffset="3563"/>
</LocList>
</BasicStmnt>
<BasicStmnt CovItemId="S58" CovItemPrefix="com.OriginalFiles.Board.java" Intrnl_Id="1416">
<LocList>
<Loc EndOffset="3617" SrcFileId="7" StartOffset="3606"/>
</LocList>
</BasicStmnt>
<BasicStmnt CovItemId="S59" CovItemPrefix="com.OriginalFiles.Board.java" Intrnl_Id="1417">
<LocList>
<Loc EndOffset="3651" SrcFileId="7" StartOffset="3635"/>
</LocList>
</BasicStmnt>
<BasicStmnt CovItemId="S60" CovItemPrefix="com.OriginalFiles.Board.java" Intrnl_Id="1418">
<LocList>
<Loc EndOffset="3696" SrcFileId="7" StartOffset="3669"/>
</LocList>
</BasicStmnt>
</StmntSeq>
<Keyword EndOffset="3519" SrcFileId="7" StartOffset="3516"/>
<LocList>
<Loc EndOffset="3711" SrcFileId="7" StartOffset="3516"/>
</LocList>
<RootTerm CovItemId="C13" CovItemPrefix="com.OriginalFiles.Board.java" Intrnl_Id="1419">
<BasicBoolTerm Intrnl_Id="1420">
<LocList>
<Loc EndOffset="3537" SrcFileId="7" StartOffset="3532"/>
</LocList>
</BasicBoolTerm>
</RootTerm>
</LoopStmnt>
</StmntSeq>
<Keyword EndOffset="3476" SrcFileId="7" StartOffset="3473"/>
<LocList>
<Loc EndOffset="3722" SrcFileId="7" StartOffset="3473"/>
</LocList>
<RootTerm CovItemId="C12" CovItemPrefix="com.OriginalFiles.Board.java" Intrnl_Id="1421">
<BasicBoolTerm Intrnl_Id="1422">
<LocList>
<Loc EndOffset="3494" SrcFileId="7" StartOffset="3489"/>
</LocList>
</BasicBoolTerm>
</RootTerm>
</LoopStmnt>
</StmntSeq>
</HierarchyLvl>
<HierarchyLvl HierarchyLvlId="274" HierarchyLvlTypeId="14" Intrnl_Id="1423" Name="resetVisited">
<Header>
<Loc EndOffset="3769" SrcFileId="7" StartOffset="3737"/>
</Header>
<LocList>
<Loc EndOffset="3918" SrcFileId="7" StartOffset="3737"/>
</LocList>
<StmntSeq Intrnl_Id="1424">
<LocList>
<Loc EndOffset="3911" SrcFileId="7" StartOffset="3781"/>
</LocList>
<LoopStmnt CovItemId="S61" CovItemPrefix="com.OriginalFiles.Board.java" Intrnl_Id="1425" MltplExecId="L9-2" MltplExecPrefix="com.OriginalFiles.Board.java" NvrExecId="L9-0" NvrExecPrefix="com.OriginalFiles.Board.java" OnceExecutedId="L9-1" OnceExecutedPrefix="com.OriginalFiles.Board.java" OptBodyExec="true">
<StmntSeq Intrnl_Id="1426">
<LocList>
<Loc EndOffset="3900" SrcFileId="7" StartOffset="3822"/>
</LocList>
<LoopStmnt CovItemId="S62" CovItemPrefix="com.OriginalFiles.Board.java" Intrnl_Id="1427" MltplExecId="L10-2" MltplExecPrefix="com.OriginalFiles.Board.java" NvrExecId="L10-0" NvrExecPrefix="com.OriginalFiles.Board.java" OnceExecutedId="L10-1" OnceExecutedPrefix="com.OriginalFiles.Board.java" OptBodyExec="true">
<StmntSeq Intrnl_Id="1428">
<LocList>
<Loc EndOffset="3885" SrcFileId="7" StartOffset="3863"/>
</LocList>
<BasicStmnt CovItemId="S63" CovItemPrefix="com.OriginalFiles.Board.java" Intrnl_Id="1429">
<LocList>
<Loc EndOffset="3885" SrcFileId="7" StartOffset="3863"/>
</LocList>
</BasicStmnt>
</StmntSeq>
<Keyword EndOffset="3825" SrcFileId="7" StartOffset="3822"/>
<LocList>
<Loc EndOffset="3900" SrcFileId="7" StartOffset="3822"/>
</LocList>
</LoopStmnt>
</StmntSeq>
<Keyword EndOffset="3784" SrcFileId="7" StartOffset="3781"/>
<LocList>
<Loc EndOffset="3911" SrcFileId="7" StartOffset="3781"/>
</LocList>
</LoopStmnt>
</StmntSeq>
</HierarchyLvl>
<HierarchyLvl HierarchyLvlId="275" HierarchyLvlTypeId="14" Intrnl_Id="1430" Name="sortListOfFields">
<Header>
<Loc EndOffset="4055" SrcFileId="7" StartOffset="3995"/>
</Header>
<LocList>
<Loc EndOffset="4812" SrcFileId="7" StartOffset="3995"/>
</LocList>
<StmntSeq Intrnl_Id="1431">
<LocList>
<Loc EndOffset="4077" SrcFileId="7" StartOffset="4067"/>
<Loc EndOffset="4097" SrcFileId="7" StartOffset="4087"/>
<Loc EndOffset="4152" SrcFileId="7" StartOffset="4107"/>
<Loc EndOffset="4805" SrcFileId="7" StartOffset="4162"/>
</LocList>
<BasicStmnt CovItemId="S64" CovItemPrefix="com.OriginalFiles.Board.java" Intrnl_Id="1432">
<LocList>
<Loc EndOffset="4077" SrcFileId="7" StartOffset="4067"/>
</LocList>
</BasicStmnt>
<BasicStmnt CovItemId="S65" CovItemPrefix="com.OriginalFiles.Board.java" Intrnl_Id="1433">
<LocList>
<Loc EndOffset="4097" SrcFileId="7" StartOffset="4087"/>
</LocList>
</BasicStmnt>
<BasicStmnt CovItemId="S66" CovItemPrefix="com.OriginalFiles.Board.java" Intrnl_Id="1434">
<LocList>
<Loc EndOffset="4152" SrcFileId="7" StartOffset="4107"/>
</LocList>
</BasicStmnt>
<LoopStmnt CovItemId="S67" CovItemPrefix="com.OriginalFiles.Board.java" Intrnl_Id="1435" MltplExecId="L11-2" MltplExecPrefix="com.OriginalFiles.Board.java" NvrExecId="L11-0" NvrExecPrefix="com.OriginalFiles.Board.java" OnceExecutedId="L11-1" OnceExecutedPrefix="com.OriginalFiles.Board.java" OptBodyExec="true">
<StmntSeq Intrnl_Id="1436">
<LocList>
<Loc EndOffset="4714" SrcFileId="7" StartOffset="4222"/>
<Loc EndOffset="4754" SrcFileId="7" StartOffset="4728"/>
<Loc EndOffset="4794" SrcFileId="7" StartOffset="4768"/>
</LocList>
<LoopStmnt CovItemId="S68" CovItemPrefix="com.OriginalFiles.Board.java" Intrnl_Id="1437" MltplExecId="L12-2" MltplExecPrefix="com.OriginalFiles.Board.java" NvrExecId="L12-0" NvrExecPrefix="com.OriginalFiles.Board.java" OnceExecutedId="L12-1" OnceExecutedPrefix="com.OriginalFiles.Board.java" OptBodyExec="true">
<StmntSeq Intrnl_Id="1438">
<LocList>
<Loc EndOffset="4699" SrcFileId="7" StartOffset="4290"/>
</LocList>
<CondStmnt CovItemId="S69" CovItemPrefix="com.OriginalFiles.Board.java" Intrnl_Id="1439">
<Branch CovItemId="B11" CovItemPrefix="com.OriginalFiles.Board.java" Implct="false" Intrnl_Id="1440">
<Cond/>
<LocList>
<Loc EndOffset="4699" SrcFileId="7" StartOffset="4379"/>
</LocList>
<StmntSeq Intrnl_Id="1441">
<LocList>
<Loc EndOffset="4436" SrcFileId="7" StartOffset="4402"/>
<Loc EndOffset="4492" SrcFileId="7" StartOffset="4458"/>
<Loc EndOffset="4537" SrcFileId="7" StartOffset="4514"/>
<Loc EndOffset="4582" SrcFileId="7" StartOffset="4559"/>
<Loc EndOffset="4631" SrcFileId="7" StartOffset="4604"/>
<Loc EndOffset="4680" SrcFileId="7" StartOffset="4653"/>
</LocList>
<BasicStmnt CovItemId="S70" CovItemPrefix="com.OriginalFiles.Board.java" Intrnl_Id="1442">
<LocList>
<Loc EndOffset="4436" SrcFileId="7" StartOffset="4402"/>
</LocList>
</BasicStmnt>
<BasicStmnt CovItemId="S71" CovItemPrefix="com.OriginalFiles.Board.java" Intrnl_Id="1443">
<LocList>
<Loc EndOffset="4492" SrcFileId="7" StartOffset="4458"/>
</LocList>
</BasicStmnt>
<BasicStmnt CovItemId="S72" CovItemPrefix="com.OriginalFiles.Board.java" Intrnl_Id="1444">
<LocList>
<Loc EndOffset="4537" SrcFileId="7" StartOffset="4514"/>
</LocList>
</BasicStmnt>
<BasicStmnt CovItemId="S73" CovItemPrefix="com.OriginalFiles.Board.java" Intrnl_Id="1445">
<LocList>
<Loc EndOffset="4582" SrcFileId="7" StartOffset="4559"/>
</LocList>
</BasicStmnt>
<BasicStmnt CovItemId="S74" CovItemPrefix="com.OriginalFiles.Board.java" Intrnl_Id="1446">
<LocList>
<Loc EndOffset="4631" SrcFileId="7" StartOffset="4604"/>
</LocList>
</BasicStmnt>
<BasicStmnt CovItemId="S75" CovItemPrefix="com.OriginalFiles.Board.java" Intrnl_Id="1447">
<LocList>
<Loc EndOffset="4680" SrcFileId="7" StartOffset="4653"/>
</LocList>
</BasicStmnt>
</StmntSeq>
</Branch>
<Branch CovItemId="B12" CovItemPrefix="com.OriginalFiles.Board.java" Implct="true" Intrnl_Id="1448">
<Cond/>
<LocList/>
<StmntSeq Intrnl_Id="1449">
<LocList/>
</StmntSeq>
</Branch>
<Keyword EndOffset="4292" SrcFileId="7" StartOffset="4290"/>
<LocList>
<Loc EndOffset="4699" SrcFileId="7" StartOffset="4290"/>
</LocList>
<RootTerm CovItemId="C16" CovItemPrefix="com.OriginalFiles.Board.java" Intrnl_Id="1450">
<OpTerm BooleanOpId="9" Intrnl_Id="1451">
<BasicBoolTerm Intrnl_Id="1452">
<LocList>
<Loc EndOffset="4377" SrcFileId="7" StartOffset="4295"/>
</LocList>
</BasicBoolTerm>
<LocList>
<Loc EndOffset="4295" SrcFileId="7" StartOffset="4294"/>
</LocList>
</OpTerm>
</RootTerm>
</CondStmnt>
</StmntSeq>
<Keyword EndOffset="4225" SrcFileId="7" StartOffset="4222"/>
<LocList>
<Loc EndOffset="4714" SrcFileId="7" StartOffset="4222"/>
</LocList>
<RootTerm CovItemId="C15" CovItemPrefix="com.OriginalFiles.Board.java" Intrnl_Id="1453">
<BasicBoolTerm Intrnl_Id="1454">
<LocList>
<Loc EndOffset="4264" SrcFileId="7" StartOffset="4242"/>
</LocList>
</BasicBoolTerm>
</RootTerm>
</LoopStmnt>
<BasicStmnt CovItemId="S76" CovItemPrefix="com.OriginalFiles.Board.java" Intrnl_Id="1455">
<LocList>
<Loc EndOffset="4754" SrcFileId="7" StartOffset="4728"/>
</LocList>
</BasicStmnt>
<BasicStmnt CovItemId="S77" CovItemPrefix="com.OriginalFiles.Board.java" Intrnl_Id="1456">
<LocList>
<Loc EndOffset="4794" SrcFileId="7" StartOffset="4768"/>
</LocList>
</BasicStmnt>
</StmntSeq>
<Keyword EndOffset="4165" SrcFileId="7" StartOffset="4162"/>
<LocList>
<Loc EndOffset="4805" SrcFileId="7" StartOffset="4162"/>
</LocList>
<RootTerm CovItemId="C14" CovItemPrefix="com.OriginalFiles.Board.java" Intrnl_Id="1457">
<BasicBoolTerm Intrnl_Id="1458">
<LocList>
<Loc EndOffset="4200" SrcFileId="7" StartOffset="4178"/>
</LocList>
</BasicBoolTerm>
</RootTerm>
</LoopStmnt>
</StmntSeq>
</HierarchyLvl>
<HierarchyLvl HierarchyLvlId="276" HierarchyLvlTypeId="14" Intrnl_Id="1459" Name="isGreater">
<Header>
<Loc EndOffset="4995" SrcFileId="7" StartOffset="4890"/>
</Header>
<LocList>
<Loc EndOffset="6448" SrcFileId="7" StartOffset="4890"/>
</LocList>
<StmntSeq Intrnl_Id="1460">
<LocList>
<Loc EndOffset="6441" SrcFileId="7" StartOffset="5050"/>
</LocList>
<CondStmnt CovItemId="S78" CovItemPrefix="com.OriginalFiles.Board.java" Intrnl_Id="1461">
<Branch CovItemId="B13" CovItemPrefix="com.OriginalFiles.Board.java" Implct="false" Intrnl_Id="1462">
<Cond/>
<LocList>
<Loc EndOffset="5330" SrcFileId="7" StartOffset="5292"/>
</LocList>
<StmntSeq Intrnl_Id="1463">
<LocList>
<Loc EndOffset="5319" SrcFileId="7" StartOffset="5307"/>
</LocList>
<BasicStmnt CovItemId="S79" CovItemPrefix="com.OriginalFiles.Board.java" Intrnl_Id="1464">
<LocList>
<Loc EndOffset="5319" SrcFileId="7" StartOffset="5307"/>
</LocList>
</BasicStmnt>
</StmntSeq>
</Branch>
<Branch CovItemId="B14" CovItemPrefix="com.OriginalFiles.Board.java" Implct="false" Intrnl_Id="1465">
<Cond>
<Loc EndOffset="5335" SrcFileId="7" StartOffset="5331"/>
</Cond>
<LocList>
<Loc EndOffset="6441" SrcFileId="7" StartOffset="5336"/>
</LocList>
<StmntSeq Intrnl_Id="1466">
<LocList>
<Loc EndOffset="6441" SrcFileId="7" StartOffset="5336"/>
</LocList>
<CondStmnt CovItemId="S80" CovItemPrefix="com.OriginalFiles.Board.java" Intrnl_Id="1467">
<Branch CovItemId="B15" CovItemPrefix="com.OriginalFiles.Board.java" Implct="false" Intrnl_Id="1468">
<Cond/>
<LocList>
<Loc EndOffset="5478" SrcFileId="7" StartOffset="5440"/>
</LocList>
<StmntSeq Intrnl_Id="1469">
<LocList>
<Loc EndOffset="5467" SrcFileId="7" StartOffset="5455"/>
</LocList>
<BasicStmnt CovItemId="S81" CovItemPrefix="com.OriginalFiles.Board.java" Intrnl_Id="1470">
<LocList>
<Loc EndOffset="5467" SrcFileId="7" StartOffset="5455"/>
</LocList>
</BasicStmnt>
</StmntSeq>
</Branch>
<Branch CovItemId="B16" CovItemPrefix="com.OriginalFiles.Board.java" Implct="false" Intrnl_Id="1471">
<Cond>
<Loc EndOffset="5483" SrcFileId="7" StartOffset="5479"/>
</Cond>
<LocList>
<Loc EndOffset="6441" SrcFileId="7" StartOffset="5484"/>
</LocList>
<StmntSeq Intrnl_Id="1472">
<LocList>
<Loc EndOffset="6441" SrcFileId="7" StartOffset="5484"/>
</LocList>
<CondStmnt CovItemId="S82" CovItemPrefix="com.OriginalFiles.Board.java" Intrnl_Id="1473">
<Branch CovItemId="B17" CovItemPrefix="com.OriginalFiles.Board.java" Implct="false" Intrnl_Id="1474">
<Cond/>
<LocList>
<Loc EndOffset="5627" SrcFileId="7" StartOffset="5588"/>
</LocList>
<StmntSeq Intrnl_Id="1475">
<LocList>
<Loc EndOffset="5616" SrcFileId="7" StartOffset="5603"/>
</LocList>
<BasicStmnt CovItemId="S83" CovItemPrefix="com.OriginalFiles.Board.java" Intrnl_Id="1476">
<LocList>
<Loc EndOffset="5616" SrcFileId="7" StartOffset="5603"/>
</LocList>
</BasicStmnt>
</StmntSeq>
</Branch>
<Branch CovItemId="B18" CovItemPrefix="com.OriginalFiles.Board.java" Implct="false" Intrnl_Id="1477">
<Cond>
<Loc EndOffset="5632" SrcFileId="7" StartOffset="5628"/>
</Cond>
<LocList>
<Loc EndOffset="6441" SrcFileId="7" StartOffset="5633"/>
</LocList>
<StmntSeq Intrnl_Id="1478">
<LocList>
<Loc EndOffset="6430" SrcFileId="7" StartOffset="5648"/>
</LocList>
<CondStmnt CovItemId="S84" CovItemPrefix="com.OriginalFiles.Board.java" Intrnl_Id="1479">
<Branch CovItemId="B19" CovItemPrefix="com.OriginalFiles.Board.java" Implct="false" Intrnl_Id="1480">
<Cond/>
<LocList>
<Loc EndOffset="5806" SrcFileId="7" StartOffset="5760"/>
</LocList>
<StmntSeq Intrnl_Id="1481">
<LocList>
<Loc EndOffset="5791" SrcFileId="7" StartOffset="5779"/>
</LocList>
<BasicStmnt CovItemId="S85" CovItemPrefix="com.OriginalFiles.Board.java" Intrnl_Id="1482">
<LocList>
<Loc EndOffset="5791" SrcFileId="7" StartOffset="5779"/>
</LocList>
</BasicStmnt>
</StmntSeq>
</Branch>
<Branch CovItemId="B20" CovItemPrefix="com.OriginalFiles.Board.java" Implct="false" Intrnl_Id="1483">
<Cond>
<Loc EndOffset="5811" SrcFileId="7" StartOffset="5807"/>
</Cond>
<LocList>
<Loc EndOffset="6430" SrcFileId="7" StartOffset="5812"/>
</LocList>
<StmntSeq Intrnl_Id="1484">
<LocList>
<Loc EndOffset="6430" SrcFileId="7" StartOffset="5812"/>
</LocList>
<CondStmnt CovItemId="S86" CovItemPrefix="com.OriginalFiles.Board.java" Intrnl_Id="1485">
<Branch CovItemId="B21" CovItemPrefix="com.OriginalFiles.Board.java" Implct="false" Intrnl_Id="1486">
<Cond/>
<LocList>
<Loc EndOffset="5975" SrcFileId="7" StartOffset="5928"/>
</LocList>
<StmntSeq Intrnl_Id="1487">
<LocList>
<Loc EndOffset="5960" SrcFileId="7" StartOffset="5947"/>
</LocList>
<BasicStmnt CovItemId="S87" CovItemPrefix="com.OriginalFiles.Board.java" Intrnl_Id="1488">
<LocList>
<Loc EndOffset="5960" SrcFileId="7" StartOffset="5947"/>
</LocList>
</BasicStmnt>
</StmntSeq>
</Branch>
<Branch CovItemId="B22" CovItemPrefix="com.OriginalFiles.Board.java" Implct="false" Intrnl_Id="1489">
<Cond>
<Loc EndOffset="5980" SrcFileId="7" StartOffset="5976"/>
</Cond>
<LocList>
<Loc EndOffset="6430" SrcFileId="7" StartOffset="5981"/>
</LocList>
<StmntSeq Intrnl_Id="1490">
<LocList>
<Loc EndOffset="6415" SrcFileId="7" StartOffset="6000"/>
</LocList>
<CondStmnt CovItemId="S88" CovItemPrefix="com.OriginalFiles.Board.java" Intrnl_Id="1491">
<Branch CovItemId="B23" CovItemPrefix="com.OriginalFiles.Board.java" Implct="false" Intrnl_Id="1492">
<Cond/>
<LocList>
<Loc EndOffset="6157" SrcFileId="7" StartOffset="6102"/>
</LocList>
<StmntSeq Intrnl_Id="1493">
<LocList>
<Loc EndOffset="6138" SrcFileId="7" StartOffset="6125"/>
</LocList>
<BasicStmnt CovItemId="S89" CovItemPrefix="com.OriginalFiles.Board.java" Intrnl_Id="1494">
<LocList>
<Loc EndOffset="6138" SrcFileId="7" StartOffset="6125"/>
</LocList>
</BasicStmnt>
</StmntSeq>
</Branch>
<Branch CovItemId="B24" CovItemPrefix="com.OriginalFiles.Board.java" Implct="false" Intrnl_Id="1495">
<Cond>
<Loc EndOffset="6162" SrcFileId="7" StartOffset="6158"/>
</Cond>
<LocList>
<Loc EndOffset="6415" SrcFileId="7" StartOffset="6163"/>
</LocList>
<StmntSeq Intrnl_Id="1496">
<LocList>
<Loc EndOffset="6415" SrcFileId="7" StartOffset="6163"/>
</LocList>
<CondStmnt CovItemId="S90" CovItemPrefix="com.OriginalFiles.Board.java" Intrnl_Id="1497">
<Branch CovItemId="B25" CovItemPrefix="com.OriginalFiles.Board.java" Implct="false" Intrnl_Id="1498">
<Cond/>
<LocList>
<Loc EndOffset="6326" SrcFileId="7" StartOffset="6272"/>
</LocList>
<StmntSeq Intrnl_Id="1499">
<LocList>
<Loc EndOffset="6307" SrcFileId="7" StartOffset="6295"/>
</LocList>
<BasicStmnt CovItemId="S91" CovItemPrefix="com.OriginalFiles.Board.java" Intrnl_Id="1500">
<LocList>
<Loc EndOffset="6307" SrcFileId="7" StartOffset="6295"/>
</LocList>
</BasicStmnt>
</StmntSeq>
</Branch>
<Branch CovItemId="B26" CovItemPrefix="com.OriginalFiles.Board.java" Implct="false" Intrnl_Id="1501">
<Cond>
<Loc EndOffset="6331" SrcFileId="7" StartOffset="6327"/>
</Cond>
<LocList>
<Loc EndOffset="6415" SrcFileId="7" StartOffset="6332"/>
</LocList>
<StmntSeq Intrnl_Id="1502">
<LocList>
<Loc EndOffset="6396" SrcFileId="7" StartOffset="6355"/>
</LocList>
<BasicStmnt CovItemId="S92" CovItemPrefix="com.OriginalFiles.Board.java" Intrnl_Id="1503">
<LocList>
<Loc EndOffset="6396" SrcFileId="7" StartOffset="6355"/>
</LocList>
</BasicStmnt>
</StmntSeq>
</Branch>
<Keyword EndOffset="6165" SrcFileId="7" StartOffset="6163"/>
<LocList>
<Loc EndOffset="6415" SrcFileId="7" StartOffset="6163"/>
</LocList>
<RootTerm CovItemId="C23" CovItemPrefix="com.OriginalFiles.Board.java" Intrnl_Id="1504">
<BasicBoolTerm Intrnl_Id="1505">
<LocList>
<Loc EndOffset="6270" SrcFileId="7" StartOffset="6167"/>
</LocList>
</BasicBoolTerm>
</RootTerm>
</CondStmnt>
</StmntSeq>
</Branch>
<Keyword EndOffset="6002" SrcFileId="7" StartOffset="6000"/>
<LocList>
<Loc EndOffset="6415" SrcFileId="7" StartOffset="6000"/>
</LocList>
<RootTerm CovItemId="C22" CovItemPrefix="com.OriginalFiles.Board.java" Intrnl_Id="1506">
<BasicBoolTerm Intrnl_Id="1507">
<LocList>
<Loc EndOffset="6100" SrcFileId="7" StartOffset="6004"/>
</LocList>
</BasicBoolTerm>
</RootTerm>
</CondStmnt>
</StmntSeq>
</Branch>
<Keyword EndOffset="5814" SrcFileId="7" StartOffset="5812"/>
<LocList>
<Loc EndOffset="6430" SrcFileId="7" StartOffset="5812"/>
</LocList>
<RootTerm CovItemId="C21" CovItemPrefix="com.OriginalFiles.Board.java" Intrnl_Id="1508">
<OpTerm BooleanOpId="10" Intrnl_Id="1509">
<OpTerm BooleanOpId="10" Intrnl_Id="1510">
<BasicBoolTerm Intrnl_Id="1511">
<LocList>
<Loc EndOffset="5837" SrcFileId="7" StartOffset="5816"/>
</LocList>
</BasicBoolTerm>
<BasicBoolTerm Intrnl_Id="1512">
<LocList>
<Loc EndOffset="5858" SrcFileId="7" StartOffset="5841"/>
</LocList>
</BasicBoolTerm>
<LocList>
<Loc EndOffset="5840" SrcFileId="7" StartOffset="5838"/>
</LocList>
</OpTerm>
<OpTerm BooleanOpId="9" Intrnl_Id="1513">
<BasicBoolTerm Intrnl_Id="1514">
<LocList>
<Loc EndOffset="5926" SrcFileId="7" StartOffset="5884"/>
</LocList>
</BasicBoolTerm>
<LocList>
<Loc EndOffset="5884" SrcFileId="7" StartOffset="5883"/>
</LocList>
</OpTerm>
<LocList>
<Loc EndOffset="5882" SrcFileId="7" StartOffset="5880"/>
</LocList>
</OpTerm>
</RootTerm>
</CondStmnt>
</StmntSeq>
</Branch>
<Keyword EndOffset="5650" SrcFileId="7" StartOffset="5648"/>
<LocList>
<Loc EndOffset="6430" SrcFileId="7" StartOffset="5648"/>
</LocList>
<RootTerm CovItemId="C20" CovItemPrefix="com.OriginalFiles.Board.java" Intrnl_Id="1515">
<OpTerm BooleanOpId="10" Intrnl_Id="1516">
<OpTerm BooleanOpId="10" Intrnl_Id="1517">
<BasicBoolTerm Intrnl_Id="1518">
<LocList>
<Loc EndOffset="5669" SrcFileId="7" StartOffset="5652"/>
</LocList>
</BasicBoolTerm>
<BasicBoolTerm Intrnl_Id="1519">
<LocList>
<Loc EndOffset="5694" SrcFileId="7" StartOffset="5673"/>
</LocList>
</BasicBoolTerm>
<LocList>
<Loc EndOffset="5672" SrcFileId="7" StartOffset="5670"/>
</LocList>
</OpTerm>
<OpTerm BooleanOpId="9" Intrnl_Id="1520">
<BasicBoolTerm Intrnl_Id="1521">
<LocList>
<Loc EndOffset="5758" SrcFileId="7" StartOffset="5720"/>
</LocList>
</BasicBoolTerm>
<LocList>
<Loc EndOffset="5720" SrcFileId="7" StartOffset="5719"/>
</LocList>
</OpTerm>
<LocList>
<Loc EndOffset="5718" SrcFileId="7" StartOffset="5716"/>
</LocList>
</OpTerm>
</RootTerm>
</CondStmnt>
</StmntSeq>
</Branch>
<Keyword EndOffset="5486" SrcFileId="7" StartOffset="5484"/>
<LocList>
<Loc EndOffset="6441" SrcFileId="7" StartOffset="5484"/>
</LocList>
<RootTerm CovItemId="C19" CovItemPrefix="com.OriginalFiles.Board.java" Intrnl_Id="1522">
<OpTerm BooleanOpId="10" Intrnl_Id="1523">
<BasicBoolTerm Intrnl_Id="1524">
<LocList>
<Loc EndOffset="5528" SrcFileId="7" StartOffset="5488"/>
</LocList>
</BasicBoolTerm>
<OpTerm BooleanOpId="9" Intrnl_Id="1525">
<BasicBoolTerm Intrnl_Id="1526">
<LocList>
<Loc EndOffset="5586" SrcFileId="7" StartOffset="5550"/>
</LocList>
</BasicBoolTerm>
<LocList>
<Loc EndOffset="5550" SrcFileId="7" StartOffset="5549"/>
</LocList>
</OpTerm>
<LocList>
<Loc EndOffset="5548" SrcFileId="7" StartOffset="5546"/>
</LocList>
</OpTerm>
</RootTerm>
</CondStmnt>
</StmntSeq>
</Branch>
<Keyword EndOffset="5338" SrcFileId="7" StartOffset="5336"/>
<LocList>
<Loc EndOffset="6441" SrcFileId="7" StartOffset="5336"/>
</LocList>
<RootTerm CovItemId="C18" CovItemPrefix="com.OriginalFiles.Board.java" Intrnl_Id="1527">
<OpTerm BooleanOpId="10" Intrnl_Id="1528">
<BasicBoolTerm Intrnl_Id="1529">
<LocList>
<Loc EndOffset="5376" SrcFileId="7" StartOffset="5340"/>
</LocList>
</BasicBoolTerm>
<OpTerm BooleanOpId="9" Intrnl_Id="1530">
<BasicBoolTerm Intrnl_Id="1531">
<LocList>
<Loc EndOffset="5438" SrcFileId="7" StartOffset="5398"/>
</LocList>
</BasicBoolTerm>
<LocList>
<Loc EndOffset="5398" SrcFileId="7" StartOffset="5397"/>
</LocList>
</OpTerm>
<LocList>
<Loc EndOffset="5396" SrcFileId="7" StartOffset="5394"/>
</LocList>
</OpTerm>
</RootTerm>
</CondStmnt>
</StmntSeq>
</Branch>
<Keyword EndOffset="5052" SrcFileId="7" StartOffset="5050"/>
<LocList>
<Loc EndOffset="6441" SrcFileId="7" StartOffset="5050"/>
</LocList>
<RootTerm CovItemId="C17" CovItemPrefix="com.OriginalFiles.Board.java" Intrnl_Id="1532">
<OpTerm BooleanOpId="10" Intrnl_Id="1533">
<OpTerm BooleanOpId="10" Intrnl_Id="1534">
<OpTerm BooleanOpId="10" Intrnl_Id="1535">
<BasicBoolTerm Intrnl_Id="1536">
<LocList>
<Loc EndOffset="5090" SrcFileId="7" StartOffset="5054"/>
</LocList>
</BasicBoolTerm>
<OpTerm BooleanOpId="9" Intrnl_Id="1537">
<BasicBoolTerm Intrnl_Id="1538">
<LocList>
<Loc EndOffset="5150" SrcFileId="7" StartOffset="5112"/>
</LocList>
</BasicBoolTerm>
<LocList>
<Loc EndOffset="5112" SrcFileId="7" StartOffset="5111"/>
</LocList>
</OpTerm>
<LocList>
<Loc EndOffset="5110" SrcFileId="7" StartOffset="5108"/>
</LocList>
</OpTerm>
<BasicBoolTerm Intrnl_Id="1539">
<LocList>
<Loc EndOffset="5229" SrcFileId="7" StartOffset="5171"/>
</LocList>
</BasicBoolTerm>
<LocList>
<Loc EndOffset="5170" SrcFileId="7" StartOffset="5168"/>
</LocList>
</OpTerm>
<BasicBoolTerm Intrnl_Id="1540">
<LocList>
<Loc EndOffset="5290" SrcFileId="7" StartOffset="5250"/>
</LocList>
</BasicBoolTerm>
<LocList>
<Loc EndOffset="5249" SrcFileId="7" StartOffset="5247"/>
</LocList>
</OpTerm>
</RootTerm>
</CondStmnt>
</StmntSeq>
</HierarchyLvl>
<HierarchyLvl HierarchyLvlId="277" HierarchyLvlTypeId="14" Intrnl_Id="1541" Name="distance">
<Header>
<Loc EndOffset="6508" SrcFileId="7" StartOffset="6456"/>
</Header>
<LocList>
<Loc EndOffset="6590" SrcFileId="7" StartOffset="6456"/>
</LocList>
<StmntSeq Intrnl_Id="1542">
<LocList>
<Loc EndOffset="6583" SrcFileId="7" StartOffset="6520"/>
</LocList>
<BasicStmnt CovItemId="S93" CovItemPrefix="com.OriginalFiles.Board.java" Intrnl_Id="1543">
<LocList>
<Loc EndOffset="6583" SrcFileId="7" StartOffset="6520"/>
</LocList>
</BasicStmnt>
</StmntSeq>
</HierarchyLvl>
<HierarchyLvl HierarchyLvlId="278" HierarchyLvlTypeId="14" Intrnl_Id="1544" Name="verifyCorrectMove">
<Header>
<Loc EndOffset="6695" SrcFileId="7" StartOffset="6598"/>
</Header>
<LocList>
<Loc EndOffset="6918" SrcFileId="7" StartOffset="6598"/>
</LocList>
<StmntSeq Intrnl_Id="1545">
<LocList>
<Loc EndOffset="6889" SrcFileId="7" StartOffset="6707"/>
<Loc EndOffset="6911" SrcFileId="7" StartOffset="6899"/>
</LocList>
<CondStmnt CovItemId="S94" CovItemPrefix="com.OriginalFiles.Board.java" Intrnl_Id="1546">
<Branch CovItemId="B27" CovItemPrefix="com.OriginalFiles.Board.java" Implct="false" Intrnl_Id="1547">
<Cond/>
<LocList>
<Loc EndOffset="6889" SrcFileId="7" StartOffset="6741"/>
</LocList>
<StmntSeq Intrnl_Id="1548">
<LocList>
<Loc EndOffset="6878" SrcFileId="7" StartOffset="6756"/>
</LocList>
<CondStmnt CovItemId="S95" CovItemPrefix="com.OriginalFiles.Board.java" Intrnl_Id="1549">
<Branch CovItemId="B29" CovItemPrefix="com.OriginalFiles.Board.java" Implct="false" Intrnl_Id="1550">
<Cond/>
<LocList>
<Loc EndOffset="6878" SrcFileId="7" StartOffset="6796"/>
</LocList>
<StmntSeq Intrnl_Id="1551">
<LocList>
<Loc EndOffset="6863" SrcFileId="7" StartOffset="6815"/>
</LocList>
<BasicStmnt CovItemId="S96" CovItemPrefix="com.OriginalFiles.Board.java" Intrnl_Id="1552">
<LocList>
<Loc EndOffset="6863" SrcFileId="7" StartOffset="6815"/>
</LocList>
</BasicStmnt>
</StmntSeq>
</Branch>
<Branch CovItemId="B30" CovItemPrefix="com.OriginalFiles.Board.java" Implct="true" Intrnl_Id="1553">
<Cond/>
<LocList/>
<StmntSeq Intrnl_Id="1554">
<LocList/>
</StmntSeq>
</Branch>
<Keyword EndOffset="6758" SrcFileId="7" StartOffset="6756"/>
<LocList>
<Loc EndOffset="6878" SrcFileId="7" StartOffset="6756"/>
</LocList>
<RootTerm CovItemId="C25" CovItemPrefix="com.OriginalFiles.Board.java" Intrnl_Id="1555">
<BasicBoolTerm Intrnl_Id="1556">
<LocList>
<Loc EndOffset="6794" SrcFileId="7" StartOffset="6760"/>
</LocList>
</BasicBoolTerm>
</RootTerm>
</CondStmnt>
</StmntSeq>
</Branch>
<Branch CovItemId="B28" CovItemPrefix="com.OriginalFiles.Board.java" Implct="true" Intrnl_Id="1557">
<Cond/>
<LocList/>
<StmntSeq Intrnl_Id="1558">
<LocList/>
</StmntSeq>
</Branch>
<Keyword EndOffset="6709" SrcFileId="7" StartOffset="6707"/>
<LocList>
<Loc EndOffset="6889" SrcFileId="7" StartOffset="6707"/>
</LocList>
<RootTerm CovItemId="C24" CovItemPrefix="com.OriginalFiles.Board.java" Intrnl_Id="1559">
<BasicBoolTerm Intrnl_Id="1560">
<LocList>
<Loc EndOffset="6739" SrcFileId="7" StartOffset="6711"/>
</LocList>
</BasicBoolTerm>
</RootTerm>
</CondStmnt>
<BasicStmnt CovItemId="S97" CovItemPrefix="com.OriginalFiles.Board.java" Intrnl_Id="1561">
<LocList>
<Loc EndOffset="6911" SrcFileId="7" StartOffset="6899"/>
</LocList>
</BasicStmnt>
</StmntSeq>
</HierarchyLvl>
<HierarchyLvl HierarchyLvlId="279" HierarchyLvlTypeId="14" Intrnl_Id="1562" Name="peasentIsOnEndRow">
<Header>
<Loc EndOffset="6977" SrcFileId="7" StartOffset="6926"/>
</Header>
<LocList>
<Loc EndOffset="7353" SrcFileId="7" StartOffset="6926"/>
</LocList>
<StmntSeq Intrnl_Id="1563">
<LocList>
<Loc EndOffset="7323" SrcFileId="7" StartOffset="6989"/>
<Loc EndOffset="7346" SrcFileId="7" StartOffset="7333"/>
</LocList>
<CondStmnt CovItemId="S98" CovItemPrefix="com.OriginalFiles.Board.java" Intrnl_Id="1564">
<Branch CovItemId="B31" CovItemPrefix="com.OriginalFiles.Board.java" Implct="false" Intrnl_Id="1565">
<Cond/>
<LocList>
<Loc EndOffset="7323" SrcFileId="7" StartOffset="7011"/>
</LocList>
<StmntSeq Intrnl_Id="1566">
<LocList>
<Loc EndOffset="7187" SrcFileId="7" StartOffset="7053"/>
<Loc EndOffset="7312" SrcFileId="7" StartOffset="7203"/>
</LocList>
<CondStmnt CovItemId="S99" CovItemPrefix="com.OriginalFiles.Board.java" Intrnl_Id="1567">
<Branch CovItemId="B33" CovItemPrefix="com.OriginalFiles.Board.java" Implct="false" Intrnl_Id="1568">
<Cond/>
<LocList>
<Loc EndOffset="7134" SrcFileId="7" StartOffset="7087"/>
</LocList>
<StmntSeq Intrnl_Id="1569">
<LocList>
<Loc EndOffset="7119" SrcFileId="7" StartOffset="7106"/>
</LocList>
<BasicStmnt CovItemId="S100" CovItemPrefix="com.OriginalFiles.Board.java" Intrnl_Id="1570">
<LocList>
<Loc EndOffset="7119" SrcFileId="7" StartOffset="7106"/>
</LocList>
</BasicStmnt>
</StmntSeq>
</Branch>
<Branch CovItemId="B34" CovItemPrefix="com.OriginalFiles.Board.java" Implct="false" Intrnl_Id="1571">
<Cond>
<Loc EndOffset="7139" SrcFileId="7" StartOffset="7135"/>
</Cond>
<LocList>
<Loc EndOffset="7187" SrcFileId="7" StartOffset="7140"/>
</LocList>
<StmntSeq Intrnl_Id="1572">
<LocList>
<Loc EndOffset="7172" SrcFileId="7" StartOffset="7159"/>
</LocList>
<BasicStmnt CovItemId="S101" CovItemPrefix="com.OriginalFiles.Board.java" Intrnl_Id="1573">
<LocList>
<Loc EndOffset="7172" SrcFileId="7" StartOffset="7159"/>
</LocList>
</BasicStmnt>
</StmntSeq>
</Branch>
<Keyword EndOffset="7055" SrcFileId="7" StartOffset="7053"/>
<LocList>
<Loc EndOffset="7187" SrcFileId="7" StartOffset="7053"/>
</LocList>
<RootTerm CovItemId="C27" CovItemPrefix="com.OriginalFiles.Board.java" Intrnl_Id="1574">
<BasicBoolTerm Intrnl_Id="1575">
<LocList>
<Loc EndOffset="7085" SrcFileId="7" StartOffset="7057"/>
</LocList>
</BasicBoolTerm>
</RootTerm>
</CondStmnt>
<CondStmnt CovItemId="S102" CovItemPrefix="com.OriginalFiles.Board.java" Intrnl_Id="1576">
<Branch CovItemId="B35" CovItemPrefix="com.OriginalFiles.Board.java" Implct="false" Intrnl_Id="1577">
<Cond/>
<LocList>
<Loc EndOffset="7312" SrcFileId="7" StartOffset="7266"/>
</LocList>
<StmntSeq Intrnl_Id="1578">
<LocList>
<Loc EndOffset="7297" SrcFileId="7" StartOffset="7285"/>
</LocList>
<BasicStmnt CovItemId="S103" CovItemPrefix="com.OriginalFiles.Board.java" Intrnl_Id="1579">
<LocList>
<Loc EndOffset="7297" SrcFileId="7" StartOffset="7285"/>
</LocList>
</BasicStmnt>
</StmntSeq>
</Branch>
<Branch CovItemId="B36" CovItemPrefix="com.OriginalFiles.Board.java" Implct="true" Intrnl_Id="1580">
<Cond/>
<LocList/>
<StmntSeq Intrnl_Id="1581">
<LocList/>
</StmntSeq>
</Branch>
<Keyword EndOffset="7205" SrcFileId="7" StartOffset="7203"/>
<LocList>
<Loc EndOffset="7312" SrcFileId="7" StartOffset="7203"/>
</LocList>
<RootTerm CovItemId="C28" CovItemPrefix="com.OriginalFiles.Board.java" Intrnl_Id="1582">
<OpTerm BooleanOpId="10" Intrnl_Id="1583">
<BasicBoolTerm Intrnl_Id="1584">
<LocList>
<Loc EndOffset="7226" SrcFileId="7" StartOffset="7207"/>
</LocList>
</BasicBoolTerm>
<OpTerm BooleanOpId="9" Intrnl_Id="1585">
<BasicBoolTerm Intrnl_Id="1586">
<LocList>
<Loc EndOffset="7264" SrcFileId="7" StartOffset="7231"/>
</LocList>
</BasicBoolTerm>
<LocList>
<Loc EndOffset="7231" SrcFileId="7" StartOffset="7230"/>
</LocList>
</OpTerm>
<LocList>
<Loc EndOffset="7229" SrcFileId="7" StartOffset="7227"/>
</LocList>
</OpTerm>
</RootTerm>
</CondStmnt>
</StmntSeq>
</Branch>
<Branch CovItemId="B32" CovItemPrefix="com.OriginalFiles.Board.java" Implct="true" Intrnl_Id="1587">
<Cond/>
<LocList/>
<StmntSeq Intrnl_Id="1588">
<LocList/>
</StmntSeq>
</Branch>
<Keyword EndOffset="6991" SrcFileId="7" StartOffset="6989"/>
<LocList>
<Loc EndOffset="7323" SrcFileId="7" StartOffset="6989"/>
</LocList>
<RootTerm CovItemId="C26" CovItemPrefix="com.OriginalFiles.Board.java" Intrnl_Id="1589">
<OpTerm BooleanOpId="9" Intrnl_Id="1590">
<BasicBoolTerm Intrnl_Id="1591">
<LocList>
<Loc EndOffset="7009" SrcFileId="7" StartOffset="6994"/>
</LocList>
</BasicBoolTerm>
<LocList>
<Loc EndOffset="6994" SrcFileId="7" StartOffset="6993"/>
</LocList>
</OpTerm>
</RootTerm>
</CondStmnt>
<BasicStmnt CovItemId="S104" CovItemPrefix="com.OriginalFiles.Board.java" Intrnl_Id="1592">
<LocList>
<Loc EndOffset="7346" SrcFileId="7" StartOffset="7333"/>
</LocList>
</BasicStmnt>
</StmntSeq>
</HierarchyLvl>
<HierarchyLvl HierarchyLvlId="280" HierarchyLvlTypeId="14" Intrnl_Id="1593" Name="movePieceInRepresentation">
<Header>
<Loc EndOffset="7563" SrcFileId="7" StartOffset="7410"/>
</Header>
<LocList>
<Loc EndOffset="7678" SrcFileId="7" StartOffset="7410"/>
</LocList>
<StmntSeq Intrnl_Id="1594">
<LocList>
<Loc EndOffset="7671" SrcFileId="7" StartOffset="7575"/>
</LocList>
<BasicStmnt CovItemId="S105" CovItemPrefix="com.OriginalFiles.Board.java" Intrnl_Id="1595">
<LocList>
<Loc EndOffset="7671" SrcFileId="7" StartOffset="7575"/>
</LocList>
</BasicStmnt>
</StmntSeq>
</HierarchyLvl>
<HierarchyLvl HierarchyLvlId="281" HierarchyLvlTypeId="14" Intrnl_Id="1596" Name="movePieceInRepresentation">
<Header>
<Loc EndOffset="7869" SrcFileId="7" StartOffset="7729"/>
</Header>
<LocList>
<Loc EndOffset="8155" SrcFileId="7" StartOffset="7729"/>
</LocList>
<StmntSeq Intrnl_Id="1597">
<LocList>
<Loc EndOffset="7934" SrcFileId="7" StartOffset="7881"/>
<Loc EndOffset="7971" SrcFileId="7" StartOffset="7944"/>
<Loc EndOffset="8127" SrcFileId="7" StartOffset="7981"/>
</LocList>
<BasicStmnt CovItemId="S106" CovItemPrefix="com.OriginalFiles.Board.java" Intrnl_Id="1598">
<LocList>
<Loc EndOffset="7934" SrcFileId="7" StartOffset="7881"/>
</LocList>
</BasicStmnt>
<BasicStmnt CovItemId="S107" CovItemPrefix="com.OriginalFiles.Board.java" Intrnl_Id="1599">
<LocList>
<Loc EndOffset="7971" SrcFileId="7" StartOffset="7944"/>
</LocList>
</BasicStmnt>
<CondStmnt CovItemId="S108" CovItemPrefix="com.OriginalFiles.Board.java" Intrnl_Id="1600">
<Branch CovItemId="B37" CovItemPrefix="com.OriginalFiles.Board.java" Implct="false" Intrnl_Id="1601">
<Cond/>
<LocList>
<Loc EndOffset="8127" SrcFileId="7" StartOffset="8020"/>
</LocList>
<StmntSeq Intrnl_Id="1602">
<LocList>
<Loc EndOffset="8116" SrcFileId="7" StartOffset="8035"/>
</LocList>
<BasicStmnt CovItemId="S109" CovItemPrefix="com.OriginalFiles.Board.java" Intrnl_Id="1603">
<LocList>
<Loc EndOffset="8116" SrcFileId="7" StartOffset="8035"/>
</LocList>
</BasicStmnt>
</StmntSeq>
</Branch>
<Branch CovItemId="B38" CovItemPrefix="com.OriginalFiles.Board.java" Implct="true" Intrnl_Id="1604">
<Cond/>
<LocList/>
<StmntSeq Intrnl_Id="1605">
<LocList/>
</StmntSeq>
</Branch>
<Keyword EndOffset="7983" SrcFileId="7" StartOffset="7981"/>
<LocList>
<Loc EndOffset="8127" SrcFileId="7" StartOffset="7981"/>
</LocList>
<RootTerm CovItemId="C29" CovItemPrefix="com.OriginalFiles.Board.java" Intrnl_Id="1606">
<BasicBoolTerm Intrnl_Id="1607">
<LocList>
<Loc EndOffset="8018" SrcFileId="7" StartOffset="7985"/>
</LocList>
</BasicBoolTerm>
</RootTerm>
</CondStmnt>
</StmntSeq>
</HierarchyLvl>
<HierarchyLvl HierarchyLvlId="282" HierarchyLvlTypeId="14" Intrnl_Id="1608" Name="checkMoveDirection">
<Header>
<Loc EndOffset="8335" SrcFileId="7" StartOffset="8203"/>
</Header>
<LocList>
<Loc EndOffset="8496" SrcFileId="7" StartOffset="8203"/>
</LocList>
<StmntSeq Intrnl_Id="1609">
<LocList>
<Loc EndOffset="8489" SrcFileId="7" StartOffset="8347"/>
</LocList>
<BasicStmnt CovItemId="S110" CovItemPrefix="com.OriginalFiles.Board.java" Intrnl_Id="1610">
<LocList>
<Loc EndOffset="8489" SrcFileId="7" StartOffset="8347"/>
</LocList>
</BasicStmnt>
</StmntSeq>
</HierarchyLvl>
<HierarchyLvl HierarchyLvlId="283" HierarchyLvlTypeId="14" Intrnl_Id="1611" Name="isFieldEmptyOnBoard">
<Header>
<Loc EndOffset="8612" SrcFileId="7" StartOffset="8504"/>
</Header>
<LocList>
<Loc EndOffset="8806" SrcFileId="7" StartOffset="8504"/>
</LocList>
<StmntSeq Intrnl_Id="1612">
<LocList>
<Loc EndOffset="8799" SrcFileId="7" StartOffset="8624"/>
</LocList>
<CondStmnt CovItemId="S111" CovItemPrefix="com.OriginalFiles.Board.java" Intrnl_Id="1613">
<Branch CovItemId="B39" CovItemPrefix="com.OriginalFiles.Board.java" Implct="false" Intrnl_Id="1614">
<Cond/>
<LocList>
<Loc EndOffset="8754" SrcFileId="7" StartOffset="8647"/>
</LocList>
<StmntSeq Intrnl_Id="1615">
<LocList>
<Loc EndOffset="8707" SrcFileId="7" StartOffset="8662"/>
<Loc EndOffset="8743" SrcFileId="7" StartOffset="8723"/>
</LocList>
<BasicStmnt CovItemId="S112" CovItemPrefix="com.OriginalFiles.Board.java" Intrnl_Id="1616">
<LocList>
<Loc EndOffset="8707" SrcFileId="7" StartOffset="8662"/>
</LocList>
</BasicStmnt>
<BasicStmnt CovItemId="S113" CovItemPrefix="com.OriginalFiles.Board.java" Intrnl_Id="1617">
<LocList>
<Loc EndOffset="8743" SrcFileId="7" StartOffset="8723"/>
</LocList>
</BasicStmnt>
</StmntSeq>
</Branch>
<Branch CovItemId="B40" CovItemPrefix="com.OriginalFiles.Board.java" Implct="false" Intrnl_Id="1618">
<Cond>
<Loc EndOffset="8759" SrcFileId="7" StartOffset="8755"/>
</Cond>
<LocList>
<Loc EndOffset="8799" SrcFileId="7" StartOffset="8760"/>
</LocList>
<StmntSeq Intrnl_Id="1619">
<LocList>
<Loc EndOffset="8788" SrcFileId="7" StartOffset="8775"/>
</LocList>
<BasicStmnt CovItemId="S114" CovItemPrefix="com.OriginalFiles.Board.java" Intrnl_Id="1620">
<LocList>
<Loc EndOffset="8788" SrcFileId="7" StartOffset="8775"/>
</LocList>
</BasicStmnt>
</StmntSeq>
</Branch>
<Keyword EndOffset="8626" SrcFileId="7" StartOffset="8624"/>
<LocList>
<Loc EndOffset="8799" SrcFileId="7" StartOffset="8624"/>
</LocList>
<RootTerm CovItemId="C30" CovItemPrefix="com.OriginalFiles.Board.java" Intrnl_Id="1621">
<BasicBoolTerm Intrnl_Id="1622">
<LocList>
<Loc EndOffset="8645" SrcFileId="7" StartOffset="8628"/>
</LocList>
</BasicBoolTerm>
</RootTerm>
</CondStmnt>
</StmntSeq>
</HierarchyLvl>
<HierarchyLvl HierarchyLvlId="284" HierarchyLvlTypeId="14" Intrnl_Id="1623" Name="fieldOccupied">
<Header>
<Loc EndOffset="8862" SrcFileId="7" StartOffset="8814"/>
</Header>
<LocList>
<Loc EndOffset="9006" SrcFileId="7" StartOffset="8814"/>
</LocList>
<StmntSeq Intrnl_Id="1624">
<LocList>
<Loc EndOffset="8999" SrcFileId="7" StartOffset="8874"/>
</LocList>
<CondStmnt CovItemId="S115" CovItemPrefix="com.OriginalFiles.Board.java" Intrnl_Id="1625">
<Branch CovItemId="B41" CovItemPrefix="com.OriginalFiles.Board.java" Implct="false" Intrnl_Id="1626">
<Cond/>
<LocList>
<Loc EndOffset="8955" SrcFileId="7" StartOffset="8897"/>
</LocList>
<StmntSeq Intrnl_Id="1627">
<LocList>
<Loc EndOffset="8944" SrcFileId="7" StartOffset="8912"/>
</LocList>
<BasicStmnt CovItemId="S116" CovItemPrefix="com.OriginalFiles.Board.java" Intrnl_Id="1628">
<LocList>
<Loc EndOffset="8944" SrcFileId="7" StartOffset="8912"/>
</LocList>
</BasicStmnt>
</StmntSeq>
</Branch>
<Branch CovItemId="B42" CovItemPrefix="com.OriginalFiles.Board.java" Implct="false" Intrnl_Id="1629">
<Cond>
<Loc EndOffset="8960" SrcFileId="7" StartOffset="8956"/>
</Cond>
<LocList>
<Loc EndOffset="8999" SrcFileId="7" StartOffset="8961"/>
</LocList>
<StmntSeq Intrnl_Id="1630">
<LocList>
<Loc EndOffset="8988" SrcFileId="7" StartOffset="8976"/>
</LocList>
<BasicStmnt CovItemId="S117" CovItemPrefix="com.OriginalFiles.Board.java" Intrnl_Id="1631">
<LocList>
<Loc EndOffset="8988" SrcFileId="7" StartOffset="8976"/>
</LocList>
</BasicStmnt>
</StmntSeq>
</Branch>
<Keyword EndOffset="8876" SrcFileId="7" StartOffset="8874"/>
<LocList>
<Loc EndOffset="8999" SrcFileId="7" StartOffset="8874"/>
</LocList>
<RootTerm CovItemId="C31" CovItemPrefix="com.OriginalFiles.Board.java" Intrnl_Id="1632">
<BasicBoolTerm Intrnl_Id="1633">
<LocList>
<Loc EndOffset="8895" SrcFileId="7" StartOffset="8878"/>
</LocList>
</BasicBoolTerm>
</RootTerm>
</CondStmnt>
</StmntSeq>
</HierarchyLvl>
<HierarchyLvl HierarchyLvlId="285" HierarchyLvlTypeId="14" Intrnl_Id="1634" Name="checkPiece">
<Header>
<Loc EndOffset="9165" SrcFileId="7" StartOffset="9093"/>
</Header>
<LocList>
<Loc EndOffset="9546" SrcFileId="7" StartOffset="9093"/>
</LocList>
<StmntSeq Intrnl_Id="1635">
<LocList>
<Loc EndOffset="9298" SrcFileId="7" StartOffset="9177"/>
<Loc EndOffset="9539" SrcFileId="7" StartOffset="9310"/>
</LocList>
<BasicStmnt CovItemId="S118" CovItemPrefix="com.OriginalFiles.Board.java" Intrnl_Id="1636">
<LocList>
<Loc EndOffset="9298" SrcFileId="7" StartOffset="9177"/>
</LocList>
</BasicStmnt>
<CondStmnt CovItemId="S119" CovItemPrefix="com.OriginalFiles.Board.java" Intrnl_Id="1637">
<Branch CovItemId="B43" CovItemPrefix="com.OriginalFiles.Board.java" Implct="false" Intrnl_Id="1638">
<Cond/>
<LocList>
<Loc EndOffset="9415" SrcFileId="7" StartOffset="9347"/>
</LocList>
<StmntSeq Intrnl_Id="1639">
<LocList>
<Loc EndOffset="9404" SrcFileId="7" StartOffset="9362"/>
</LocList>
<BasicStmnt CovItemId="S120" CovItemPrefix="com.OriginalFiles.Board.java" Intrnl_Id="1640">
<LocList>
<Loc EndOffset="9404" SrcFileId="7" StartOffset="9362"/>
</LocList>
</BasicStmnt>
</StmntSeq>
</Branch>
<Branch CovItemId="B44" CovItemPrefix="com.OriginalFiles.Board.java" Implct="false" Intrnl_Id="1641">
<Cond>
<Loc EndOffset="9420" SrcFileId="7" StartOffset="9416"/>
</Cond>
<LocList>
<Loc EndOffset="9539" SrcFileId="7" StartOffset="9421"/>
</LocList>
<StmntSeq Intrnl_Id="1642">
<LocList>
<Loc EndOffset="9528" SrcFileId="7" StartOffset="9436"/>
</LocList>
<BasicStmnt CovItemId="S121" CovItemPrefix="com.OriginalFiles.Board.java" Intrnl_Id="1643">
<LocList>
<Loc EndOffset="9528" SrcFileId="7" StartOffset="9436"/>
</LocList>
</BasicStmnt>
</StmntSeq>
</Branch>
<Keyword EndOffset="9312" SrcFileId="7" StartOffset="9310"/>
<LocList>
<Loc EndOffset="9539" SrcFileId="7" StartOffset="9310"/>
</LocList>
<RootTerm CovItemId="C32" CovItemPrefix="com.OriginalFiles.Board.java" Intrnl_Id="1644">
<BasicBoolTerm Intrnl_Id="1645">
<LocList>
<Loc EndOffset="9345" SrcFileId="7" StartOffset="9314"/>
</LocList>
</BasicBoolTerm>
</RootTerm>
</CondStmnt>
</StmntSeq>
</HierarchyLvl>
<HierarchyLvl HierarchyLvlId="286" HierarchyLvlTypeId="14" Intrnl_Id="1646" Name="checkMoveableBoolean">
<Header>
<Loc EndOffset="9629" SrcFileId="7" StartOffset="9571"/>
</Header>
<LocList>
<Loc EndOffset="9692" SrcFileId="7" StartOffset="9571"/>
</LocList>
<StmntSeq Intrnl_Id="1647">
<LocList>
<Loc EndOffset="9685" SrcFileId="7" StartOffset="9641"/>
</LocList>
<BasicStmnt CovItemId="S122" CovItemPrefix="com.OriginalFiles.Board.java" Intrnl_Id="1648">
<LocList>
<Loc EndOffset="9685" SrcFileId="7" StartOffset="9641"/>
</LocList>
</BasicStmnt>
</StmntSeq>
</HierarchyLvl>
<HierarchyLvl HierarchyLvlId="287" HierarchyLvlTypeId="14" Intrnl_Id="1649" Name="checkMoveable">
<Header>
<Loc EndOffset="9802" SrcFileId="7" StartOffset="9742"/>
</Header>
<LocList>
<Loc EndOffset="10632" SrcFileId="7" StartOffset="9742"/>
</LocList>
<StmntSeq Intrnl_Id="1650">
<LocList>
<Loc EndOffset="9865" SrcFileId="7" StartOffset="9814"/>
<Loc EndOffset="10036" SrcFileId="7" StartOffset="9902"/>
<Loc EndOffset="10180" SrcFileId="7" StartOffset="10046"/>
<Loc EndOffset="10594" SrcFileId="7" StartOffset="10231"/>
<Loc EndOffset="10625" SrcFileId="7" StartOffset="10604"/>
</LocList>
<BasicStmnt CovItemId="S123" CovItemPrefix="com.OriginalFiles.Board.java" Intrnl_Id="1651">
<LocList>
<Loc EndOffset="9865" SrcFileId="7" StartOffset="9814"/>
</LocList>
</BasicStmnt>
<CondStmnt CovItemId="S124" CovItemPrefix="com.OriginalFiles.Board.java" Intrnl_Id="1652">
<Branch CovItemId="B45" CovItemPrefix="com.OriginalFiles.Board.java" Implct="false" Intrnl_Id="1653">
<Cond/>
<LocList>
<Loc EndOffset="10036" SrcFileId="7" StartOffset="9955"/>
</LocList>
<StmntSeq Intrnl_Id="1654">
<LocList>
<Loc EndOffset="10025" SrcFileId="7" StartOffset="9970"/>
</LocList>
<BasicStmnt CovItemId="S125" CovItemPrefix="com.OriginalFiles.Board.java" Intrnl_Id="1655">
<LocList>
<Loc EndOffset="10025" SrcFileId="7" StartOffset="9970"/>
</LocList>
</BasicStmnt>
</StmntSeq>
</Branch>
<Branch CovItemId="B46" CovItemPrefix="com.OriginalFiles.Board.java" Implct="true" Intrnl_Id="1656">
<Cond/>
<LocList/>
<StmntSeq Intrnl_Id="1657">
<LocList/>
</StmntSeq>
</Branch>
<Keyword EndOffset="9904" SrcFileId="7" StartOffset="9902"/>
<LocList>
<Loc EndOffset="10036" SrcFileId="7" StartOffset="9902"/>
</LocList>
<RootTerm CovItemId="C33" CovItemPrefix="com.OriginalFiles.Board.java" Intrnl_Id="1658">
<OpTerm BooleanOpId="9" Intrnl_Id="1659">
<BasicBoolTerm Intrnl_Id="1660">
<LocList>
<Loc EndOffset="9953" SrcFileId="7" StartOffset="9907"/>
</LocList>
</BasicBoolTerm>
<LocList>
<Loc EndOffset="9907" SrcFileId="7" StartOffset="9906"/>
</LocList>
</OpTerm>
</RootTerm>
</CondStmnt>
<CondStmnt CovItemId="S126" CovItemPrefix="com.OriginalFiles.Board.java" Intrnl_Id="1661">
<Branch CovItemId="B47" CovItemPrefix="com.OriginalFiles.Board.java" Implct="false" Intrnl_Id="1662">
<Cond/>
<LocList>
<Loc EndOffset="10180" SrcFileId="7" StartOffset="10099"/>
</LocList>
<StmntSeq Intrnl_Id="1663">
<LocList>
<Loc EndOffset="10169" SrcFileId="7" StartOffset="10114"/>
</LocList>
<BasicStmnt CovItemId="S127" CovItemPrefix="com.OriginalFiles.Board.java" Intrnl_Id="1664">
<LocList>
<Loc EndOffset="10169" SrcFileId="7" StartOffset="10114"/>
</LocList>
</BasicStmnt>
</StmntSeq>
</Branch>
<Branch CovItemId="B48" CovItemPrefix="com.OriginalFiles.Board.java" Implct="true" Intrnl_Id="1665">
<Cond/>
<LocList/>
<StmntSeq Intrnl_Id="1666">
<LocList/>
</StmntSeq>
</Branch>
<Keyword EndOffset="10048" SrcFileId="7" StartOffset="10046"/>
<LocList>
<Loc EndOffset="10180" SrcFileId="7" StartOffset="10046"/>
</LocList>
<RootTerm CovItemId="C34" CovItemPrefix="com.OriginalFiles.Board.java" Intrnl_Id="1667">
<OpTerm BooleanOpId="9" Intrnl_Id="1668">
<BasicBoolTerm Intrnl_Id="1669">
<LocList>
<Loc EndOffset="10097" SrcFileId="7" StartOffset="10051"/>
</LocList>
</BasicBoolTerm>
<LocList>
<Loc EndOffset="10051" SrcFileId="7" StartOffset="10050"/>
</LocList>
</OpTerm>
</RootTerm>
</CondStmnt>
<CondStmnt CovItemId="S128" CovItemPrefix="com.OriginalFiles.Board.java" Intrnl_Id="1670">
<Branch CovItemId="B49" CovItemPrefix="com.OriginalFiles.Board.java" Implct="false" Intrnl_Id="1671">
<Cond/>
<LocList>
<Loc EndOffset="10594" SrcFileId="7" StartOffset="10270"/>
</LocList>
<StmntSeq Intrnl_Id="1672">
<LocList>
<Loc EndOffset="10427" SrcFileId="7" StartOffset="10285"/>
<Loc EndOffset="10583" SrcFileId="7" StartOffset="10441"/>
</LocList>
<CondStmnt CovItemId="S129" CovItemPrefix="com.OriginalFiles.Board.java" Intrnl_Id="1673">
<Branch CovItemId="B51" CovItemPrefix="com.OriginalFiles.Board.java" Implct="false" Intrnl_Id="1674">
<Cond/>
<LocList>
<Loc EndOffset="10427" SrcFileId="7" StartOffset="10338"/>
</LocList>
<StmntSeq Intrnl_Id="1675">
<LocList>
<Loc EndOffset="10412" SrcFileId="7" StartOffset="10357"/>
</LocList>
<BasicStmnt CovItemId="S130" CovItemPrefix="com.OriginalFiles.Board.java" Intrnl_Id="1676">
<LocList>
<Loc EndOffset="10412" SrcFileId="7" StartOffset="10357"/>
</LocList>
</BasicStmnt>
</StmntSeq>
</Branch>
<Branch CovItemId="B52" CovItemPrefix="com.OriginalFiles.Board.java" Implct="true" Intrnl_Id="1677">
<Cond/>
<LocList/>
<StmntSeq Intrnl_Id="1678">
<LocList/>
</StmntSeq>
</Branch>
<Keyword EndOffset="10287" SrcFileId="7" StartOffset="10285"/>
<LocList>
<Loc EndOffset="10427" SrcFileId="7" StartOffset="10285"/>
</LocList>
<RootTerm CovItemId="C36" CovItemPrefix="com.OriginalFiles.Board.java" Intrnl_Id="1679">
<OpTerm BooleanOpId="9" Intrnl_Id="1680">
<BasicBoolTerm Intrnl_Id="1681">
<LocList>
<Loc EndOffset="10336" SrcFileId="7" StartOffset="10290"/>
</LocList>
</BasicBoolTerm>
<LocList>
<Loc EndOffset="10290" SrcFileId="7" StartOffset="10289"/>
</LocList>
</OpTerm>
</RootTerm>
</CondStmnt>
<CondStmnt CovItemId="S131" CovItemPrefix="com.OriginalFiles.Board.java" Intrnl_Id="1682">
<Branch CovItemId="B53" CovItemPrefix="com.OriginalFiles.Board.java" Implct="false" Intrnl_Id="1683">
<Cond/>
<LocList>
<Loc EndOffset="10583" SrcFileId="7" StartOffset="10494"/>
</LocList>
<StmntSeq Intrnl_Id="1684">
<LocList>
<Loc EndOffset="10568" SrcFileId="7" StartOffset="10513"/>
</LocList>
<BasicStmnt CovItemId="S132" CovItemPrefix="com.OriginalFiles.Board.java" Intrnl_Id="1685">
<LocList>
<Loc EndOffset="10568" SrcFileId="7" StartOffset="10513"/>
</LocList>
</BasicStmnt>
</StmntSeq>
</Branch>
<Branch CovItemId="B54" CovItemPrefix="com.OriginalFiles.Board.java" Implct="true" Intrnl_Id="1686">
<Cond/>
<LocList/>
<StmntSeq Intrnl_Id="1687">
<LocList/>
</StmntSeq>
</Branch>
<Keyword EndOffset="10443" SrcFileId="7" StartOffset="10441"/>
<LocList>
<Loc EndOffset="10583" SrcFileId="7" StartOffset="10441"/>
</LocList>
<RootTerm CovItemId="C37" CovItemPrefix="com.OriginalFiles.Board.java" Intrnl_Id="1688">
<OpTerm BooleanOpId="9" Intrnl_Id="1689">
<BasicBoolTerm Intrnl_Id="1690">
<LocList>
<Loc EndOffset="10492" SrcFileId="7" StartOffset="10446"/>
</LocList>
</BasicBoolTerm>
<LocList>
<Loc EndOffset="10446" SrcFileId="7" StartOffset="10445"/>
</LocList>
</OpTerm>
</RootTerm>
</CondStmnt>
</StmntSeq>
</Branch>
<Branch CovItemId="B50" CovItemPrefix="com.OriginalFiles.Board.java" Implct="true" Intrnl_Id="1691">
<Cond/>
<LocList/>
<StmntSeq Intrnl_Id="1692">
<LocList/>
</StmntSeq>
</Branch>
<Keyword EndOffset="10233" SrcFileId="7" StartOffset="10231"/>
<LocList>
<Loc EndOffset="10594" SrcFileId="7" StartOffset="10231"/>
</LocList>
<RootTerm CovItemId="C35" CovItemPrefix="com.OriginalFiles.Board.java" Intrnl_Id="1693">
<BasicBoolTerm Intrnl_Id="1694">
<LocList>
<Loc EndOffset="10268" SrcFileId="7" StartOffset="10235"/>
</LocList>
</BasicBoolTerm>
</RootTerm>
</CondStmnt>
<BasicStmnt CovItemId="S133" CovItemPrefix="com.OriginalFiles.Board.java" Intrnl_Id="1695">
<LocList>
<Loc EndOffset="10625" SrcFileId="7" StartOffset="10604"/>
</LocList>
</BasicStmnt>
</StmntSeq>
</HierarchyLvl>
<HierarchyLvl HierarchyLvlId="288" HierarchyLvlTypeId="14" Intrnl_Id="1696" Name="checkJump">
<Header>
<Loc EndOffset="10804" SrcFileId="7" StartOffset="10708"/>
</Header>
<LocList>
<Loc EndOffset="11268" SrcFileId="7" StartOffset="10708"/>
</LocList>
<StmntSeq Intrnl_Id="1697">
<LocList>
<Loc EndOffset="11261" SrcFileId="7" StartOffset="10816"/>
</LocList>
<BasicStmnt CovItemId="S134" CovItemPrefix="com.OriginalFiles.Board.java" Intrnl_Id="1698">
<LocList>
<Loc EndOffset="11261" SrcFileId="7" StartOffset="10816"/>
</LocList>
</BasicStmnt>
</StmntSeq>
</HierarchyLvl>
<HierarchyLvl HierarchyLvlId="289" HierarchyLvlTypeId="14" Intrnl_Id="1699" Name="checkJumpDirection">
<Header>
<Loc EndOffset="11474" SrcFileId="7" StartOffset="11346"/>
</Header>
<LocList>
<Loc EndOffset="12162" SrcFileId="7" StartOffset="11346"/>
</LocList>
<StmntSeq Intrnl_Id="1700">
<LocList>
<Loc EndOffset="11631" SrcFileId="7" StartOffset="11486"/>
<Loc EndOffset="12133" SrcFileId="7" StartOffset="11643"/>
<Loc EndOffset="12155" SrcFileId="7" StartOffset="12143"/>
</LocList>
<CondStmnt CovItemId="S135" CovItemPrefix="com.OriginalFiles.Board.java" Intrnl_Id="1701">
<Branch CovItemId="B55" CovItemPrefix="com.OriginalFiles.Board.java" Implct="false" Intrnl_Id="1702">
<Cond/>
<LocList>
<Loc EndOffset="11631" SrcFileId="7" StartOffset="11593"/>
</LocList>
<StmntSeq Intrnl_Id="1703">
<LocList>
<Loc EndOffset="11620" SrcFileId="7" StartOffset="11608"/>
</LocList>
<BasicStmnt CovItemId="S136" CovItemPrefix="com.OriginalFiles.Board.java" Intrnl_Id="1704">
<LocList>
<Loc EndOffset="11620" SrcFileId="7" StartOffset="11608"/>
</LocList>
</BasicStmnt>
</StmntSeq>
</Branch>
<Branch CovItemId="B56" CovItemPrefix="com.OriginalFiles.Board.java" Implct="true" Intrnl_Id="1705">
<Cond/>
<LocList/>
<StmntSeq Intrnl_Id="1706">
<LocList/>
</StmntSeq>
</Branch>
<Keyword EndOffset="11488" SrcFileId="7" StartOffset="11486"/>
<LocList>
<Loc EndOffset="11631" SrcFileId="7" StartOffset="11486"/>
</LocList>
<RootTerm CovItemId="C38" CovItemPrefix="com.OriginalFiles.Board.java" Intrnl_Id="1707">
<OpTerm BooleanOpId="10" Intrnl_Id="1708">
<OpTerm BooleanOpId="11" Intrnl_Id="1709">
<OpTerm BooleanOpId="10" Intrnl_Id="1710">
<BasicBoolTerm Intrnl_Id="1711">
<LocList>
<Loc EndOffset="11508" SrcFileId="7" StartOffset="11492"/>
</LocList>
</BasicBoolTerm>
<BasicBoolTerm Intrnl_Id="1712">
<LocList>
<Loc EndOffset="11522" SrcFileId="7" StartOffset="11512"/>
</LocList>
</BasicBoolTerm>
<LocList>
<Loc EndOffset="11511" SrcFileId="7" StartOffset="11509"/>
</LocList>
</OpTerm>
<OpTerm BooleanOpId="10" Intrnl_Id="1713">
<OpTerm BooleanOpId="9" Intrnl_Id="1714">
<BasicBoolTerm Intrnl_Id="1715">
<LocList>
<Loc EndOffset="11562" SrcFileId="7" StartOffset="11546"/>
</LocList>
</BasicBoolTerm>
<LocList>
<Loc EndOffset="11546" SrcFileId="7" StartOffset="11545"/>
</LocList>
</OpTerm>
<BasicBoolTerm Intrnl_Id="1716">
<LocList>
<Loc EndOffset="11575" SrcFileId="7" StartOffset="11566"/>
</LocList>
</BasicBoolTerm>
<LocList>
<Loc EndOffset="11565" SrcFileId="7" StartOffset="11563"/>
</LocList>
</OpTerm>
<LocList>
<Loc EndOffset="11543" SrcFileId="7" StartOffset="11541"/>
</LocList>
</OpTerm>
<OpTerm BooleanOpId="9" Intrnl_Id="1717">
<BasicBoolTerm Intrnl_Id="1718">
<LocList>
<Loc EndOffset="11591" SrcFileId="7" StartOffset="11582"/>
</LocList>
</BasicBoolTerm>
<LocList>
<Loc EndOffset="11582" SrcFileId="7" StartOffset="11581"/>
</LocList>
</OpTerm>
<LocList>
<Loc EndOffset="11580" SrcFileId="7" StartOffset="11578"/>
</LocList>
</OpTerm>
</RootTerm>
</CondStmnt>
<CondStmnt CovItemId="S137" CovItemPrefix="com.OriginalFiles.Board.java" Intrnl_Id="1719">
<Branch CovItemId="B57" CovItemPrefix="com.OriginalFiles.Board.java" Implct="false" Intrnl_Id="1720">
<Cond/>
<LocList>
<Loc EndOffset="12133" SrcFileId="7" StartOffset="11700"/>
</LocList>
<StmntSeq Intrnl_Id="1721">
<LocList>
<Loc EndOffset="12122" SrcFileId="7" StartOffset="11715"/>
</LocList>
<CondStmnt CovItemId="S138" CovItemPrefix="com.OriginalFiles.Board.java" Intrnl_Id="1722">
<Branch CovItemId="B59" CovItemPrefix="com.OriginalFiles.Board.java" Implct="false" Intrnl_Id="1723">
<Cond/>
<LocList>
<Loc EndOffset="12122" SrcFileId="7" StartOffset="11777"/>
</LocList>
<StmntSeq Intrnl_Id="1724">
<LocList>
<Loc EndOffset="12107" SrcFileId="7" StartOffset="11796"/>
</LocList>
<CondStmnt CovItemId="S139" CovItemPrefix="com.OriginalFiles.Board.java" Intrnl_Id="1725">
<Branch CovItemId="B61" CovItemPrefix="com.OriginalFiles.Board.java" Implct="false" Intrnl_Id="1726">
<Cond/>
<LocList>
<Loc EndOffset="12107" SrcFileId="7" StartOffset="12010"/>
</LocList>
<StmntSeq Intrnl_Id="1727">
<LocList>
<Loc EndOffset="12088" SrcFileId="7" StartOffset="12033"/>
</LocList>
<BasicStmnt CovItemId="S140" CovItemPrefix="com.OriginalFiles.Board.java" Intrnl_Id="1728">
<LocList>
<Loc EndOffset="12088" SrcFileId="7" StartOffset="12033"/>
</LocList>
</BasicStmnt>
</StmntSeq>
</Branch>
<Branch CovItemId="B62" CovItemPrefix="com.OriginalFiles.Board.java" Implct="true" Intrnl_Id="1729">
<Cond/>
<LocList/>
<StmntSeq Intrnl_Id="1730">
<LocList/>
</StmntSeq>
</Branch>
<Keyword EndOffset="11798" SrcFileId="7" StartOffset="11796"/>
<LocList>
<Loc EndOffset="12107" SrcFileId="7" StartOffset="11796"/>
</LocList>
<RootTerm CovItemId="C41" CovItemPrefix="com.OriginalFiles.Board.java" Intrnl_Id="1731">
<OpTerm BooleanOpId="10" Intrnl_Id="1732">
<BasicBoolTerm Intrnl_Id="1733">
<LocList>
<Loc EndOffset="11898" SrcFileId="7" StartOffset="11800"/>
</LocList>
</BasicBoolTerm>
<OpTerm BooleanOpId="9" Intrnl_Id="1734">
<BasicBoolTerm Intrnl_Id="1735">
<LocList>
<Loc EndOffset="12008" SrcFileId="7" StartOffset="11926"/>
</LocList>
</BasicBoolTerm>
<LocList>
<Loc EndOffset="11926" SrcFileId="7" StartOffset="11925"/>
</LocList>
</OpTerm>
<LocList>
<Loc EndOffset="11924" SrcFileId="7" StartOffset="11922"/>
</LocList>
</OpTerm>
</RootTerm>
</CondStmnt>
</StmntSeq>
</Branch>
<Branch CovItemId="B60" CovItemPrefix="com.OriginalFiles.Board.java" Implct="true" Intrnl_Id="1736">
<Cond/>
<LocList/>
<StmntSeq Intrnl_Id="1737">
<LocList/>
</StmntSeq>
</Branch>
<Keyword EndOffset="11717" SrcFileId="7" StartOffset="11715"/>
<LocList>
<Loc EndOffset="12122" SrcFileId="7" StartOffset="11715"/>
</LocList>
<RootTerm CovItemId="C40" CovItemPrefix="com.OriginalFiles.Board.java" Intrnl_Id="1738">
<OpTerm BooleanOpId="9" Intrnl_Id="1739">
<BasicBoolTerm Intrnl_Id="1740">
<LocList>
<Loc EndOffset="11775" SrcFileId="7" StartOffset="11720"/>
</LocList>
</BasicBoolTerm>
<LocList>
<Loc EndOffset="11720" SrcFileId="7" StartOffset="11719"/>
</LocList>
</OpTerm>
</RootTerm>
</CondStmnt>
</StmntSeq>
</Branch>
<Branch CovItemId="B58" CovItemPrefix="com.OriginalFiles.Board.java" Implct="true" Intrnl_Id="1741">
<Cond/>
<LocList/>
<StmntSeq Intrnl_Id="1742">
<LocList/>
</StmntSeq>
</Branch>
<Keyword EndOffset="11645" SrcFileId="7" StartOffset="11643"/>
<LocList>
<Loc EndOffset="12133" SrcFileId="7" StartOffset="11643"/>
</LocList>
<RootTerm CovItemId="C39" CovItemPrefix="com.OriginalFiles.Board.java" Intrnl_Id="1743">
<BasicBoolTerm Intrnl_Id="1744">
<LocList>
<Loc EndOffset="11698" SrcFileId="7" StartOffset="11647"/>
</LocList>
</BasicBoolTerm>
</RootTerm>
</CondStmnt>
<BasicStmnt CovItemId="S141" CovItemPrefix="com.OriginalFiles.Board.java" Intrnl_Id="1745">
<LocList>
<Loc EndOffset="12155" SrcFileId="7" StartOffset="12143"/>
</LocList>
</BasicStmnt>
</StmntSeq>
</HierarchyLvl>
<HierarchyLvl HierarchyLvlId="290" HierarchyLvlTypeId="14" Intrnl_Id="1746" Name="checkJumpDirectionBoolean">
<Header>
<Loc EndOffset="12319" SrcFileId="7" StartOffset="12187"/>
</Header>
<LocList>
<Loc EndOffset="12440" SrcFileId="7" StartOffset="12187"/>
</LocList>
<StmntSeq Intrnl_Id="1747">
<LocList>
<Loc EndOffset="12433" SrcFileId="7" StartOffset="12331"/>
</LocList>
<BasicStmnt CovItemId="S142" CovItemPrefix="com.OriginalFiles.Board.java" Intrnl_Id="1748">
<LocList>
<Loc EndOffset="12433" SrcFileId="7" StartOffset="12331"/>
</LocList>
</BasicStmnt>
</StmntSeq>
</HierarchyLvl>
<HierarchyLvl HierarchyLvlId="291" HierarchyLvlTypeId="14" Intrnl_Id="1749" Name="updateMoveables">
<Header>
<Loc EndOffset="12533" SrcFileId="7" StartOffset="12498"/>
</Header>
<LocList>
<Loc EndOffset="13180" SrcFileId="7" StartOffset="12498"/>
</LocList>
<StmntSeq Intrnl_Id="1750">
<LocList>
<Loc EndOffset="12560" SrcFileId="7" StartOffset="12545"/>
<Loc EndOffset="13148" SrcFileId="7" StartOffset="12570"/>
<Loc EndOffset="13173" SrcFileId="7" StartOffset="13158"/>
</LocList>
<BasicStmnt CovItemId="S143" CovItemPrefix="com.OriginalFiles.Board.java" Intrnl_Id="1751">
<LocList>
<Loc EndOffset="12560" SrcFileId="7" StartOffset="12545"/>
</LocList>
</BasicStmnt>
<LoopStmnt CovItemId="S144" CovItemPrefix="com.OriginalFiles.Board.java" Intrnl_Id="1752" MltplExecId="L13-2" MltplExecPrefix="com.OriginalFiles.Board.java" NvrExecId="L13-0" NvrExecPrefix="com.OriginalFiles.Board.java" OnceExecutedId="L13-1" OnceExecutedPrefix="com.OriginalFiles.Board.java" OptBodyExec="true">
<StmntSeq Intrnl_Id="1753">
<LocList>
<Loc EndOffset="13137" SrcFileId="7" StartOffset="12611"/>
</LocList>
<LoopStmnt CovItemId="S145" CovItemPrefix="com.OriginalFiles.Board.java" Intrnl_Id="1754" MltplExecId="L14-2" MltplExecPrefix="com.OriginalFiles.Board.java" NvrExecId="L14-0" NvrExecPrefix="com.OriginalFiles.Board.java" OnceExecutedId="L14-1" OnceExecutedPrefix="com.OriginalFiles.Board.java" OptBodyExec="true">
<StmntSeq Intrnl_Id="1755">
<LocList>
<Loc EndOffset="13122" SrcFileId="7" StartOffset="12652"/>
</LocList>
<CondStmnt CovItemId="S146" CovItemPrefix="com.OriginalFiles.Board.java" Intrnl_Id="1756">
<Branch CovItemId="B63" CovItemPrefix="com.OriginalFiles.Board.java" Implct="false" Intrnl_Id="1757">
<Cond/>
<LocList>
<Loc EndOffset="13122" SrcFileId="7" StartOffset="12676"/>
</LocList>
<StmntSeq Intrnl_Id="1758">
<LocList>
<Loc EndOffset="13103" SrcFileId="7" StartOffset="12699"/>
</LocList>
<CondStmnt CovItemId="S147" CovItemPrefix="com.OriginalFiles.Board.java" Intrnl_Id="1759">
<Branch CovItemId="B65" CovItemPrefix="com.OriginalFiles.Board.java" Implct="false" Intrnl_Id="1760">
<Cond/>
<LocList>
<Loc EndOffset="13103" SrcFileId="7" StartOffset="12736"/>
</LocList>
<StmntSeq Intrnl_Id="1761">
<LocList>
<Loc EndOffset="13080" SrcFileId="7" StartOffset="12814"/>
</LocList>
<CondStmnt CovItemId="S148" CovItemPrefix="com.OriginalFiles.Board.java" Intrnl_Id="1762">
<Branch CovItemId="B67" CovItemPrefix="com.OriginalFiles.Board.java" Implct="false" Intrnl_Id="1763">
<Cond/>
<LocList>
<Loc EndOffset="12987" SrcFileId="7" StartOffset="12849"/>
</LocList>
<StmntSeq Intrnl_Id="1764">
<LocList>
<Loc EndOffset="12907" SrcFileId="7" StartOffset="12880"/>
</LocList>
<BasicStmnt CovItemId="S149" CovItemPrefix="com.OriginalFiles.Board.java" Intrnl_Id="1765">
<LocList>
<Loc EndOffset="12907" SrcFileId="7" StartOffset="12880"/>
</LocList>
</BasicStmnt>
</StmntSeq>
</Branch>
<Branch CovItemId="B68" CovItemPrefix="com.OriginalFiles.Board.java" Implct="false" Intrnl_Id="1766">
<Cond>
<Loc EndOffset="12992" SrcFileId="7" StartOffset="12988"/>
</Cond>
<LocList>
<Loc EndOffset="13080" SrcFileId="7" StartOffset="12993"/>
</LocList>
<StmntSeq Intrnl_Id="1767">
<LocList>
<Loc EndOffset="13053" SrcFileId="7" StartOffset="13024"/>
</LocList>
<BasicStmnt CovItemId="S150" CovItemPrefix="com.OriginalFiles.Board.java" Intrnl_Id="1768">
<LocList>
<Loc EndOffset="13053" SrcFileId="7" StartOffset="13024"/>
</LocList>
</BasicStmnt>
</StmntSeq>
</Branch>
<Keyword EndOffset="12816" SrcFileId="7" StartOffset="12814"/>
<LocList>
<Loc EndOffset="13080" SrcFileId="7" StartOffset="12814"/>
</LocList>
<RootTerm CovItemId="C44" CovItemPrefix="com.OriginalFiles.Board.java" Intrnl_Id="1769">
<BasicBoolTerm Intrnl_Id="1770">
<LocList>
<Loc EndOffset="12847" SrcFileId="7" StartOffset="12818"/>
</LocList>
</BasicBoolTerm>
</RootTerm>
</CondStmnt>
</StmntSeq>
</Branch>
<Branch CovItemId="B66" CovItemPrefix="com.OriginalFiles.Board.java" Implct="true" Intrnl_Id="1771">
<Cond/>
<LocList/>
<StmntSeq Intrnl_Id="1772">
<LocList/>
</StmntSeq>
</Branch>
<Keyword EndOffset="12701" SrcFileId="7" StartOffset="12699"/>
<LocList>
<Loc EndOffset="13103" SrcFileId="7" StartOffset="12699"/>
</LocList>
<RootTerm CovItemId="C43" CovItemPrefix="com.OriginalFiles.Board.java" Intrnl_Id="1773">
<BasicBoolTerm Intrnl_Id="1774">
<LocList>
<Loc EndOffset="12734" SrcFileId="7" StartOffset="12703"/>
</LocList>
</BasicBoolTerm>
</RootTerm>
</CondStmnt>
</StmntSeq>
</Branch>
<Branch CovItemId="B64" CovItemPrefix="com.OriginalFiles.Board.java" Implct="true" Intrnl_Id="1775">
<Cond/>
<LocList/>
<StmntSeq Intrnl_Id="1776">
<LocList/>
</StmntSeq>
</Branch>
<Keyword EndOffset="12654" SrcFileId="7" StartOffset="12652"/>
<LocList>
<Loc EndOffset="13122" SrcFileId="7" StartOffset="12652"/>
</LocList>
<RootTerm CovItemId="C42" CovItemPrefix="com.OriginalFiles.Board.java" Intrnl_Id="1777">
<BasicBoolTerm Intrnl_Id="1778">
<LocList>
<Loc EndOffset="12674" SrcFileId="7" StartOffset="12656"/>
</LocList>
</BasicBoolTerm>
</RootTerm>
</CondStmnt>
</StmntSeq>
<Keyword EndOffset="12614" SrcFileId="7" StartOffset="12611"/>
<LocList>
<Loc EndOffset="13137" SrcFileId="7" StartOffset="12611"/>
</LocList>
</LoopStmnt>
</StmntSeq>
<Keyword EndOffset="12573" SrcFileId="7" StartOffset="12570"/>
<LocList>
<Loc EndOffset="13148" SrcFileId="7" StartOffset="12570"/>
</LocList>
</LoopStmnt>
<BasicStmnt CovItemId="S151" CovItemPrefix="com.OriginalFiles.Board.java" Intrnl_Id="1779">
<LocList>
<Loc EndOffset="13173" SrcFileId="7" StartOffset="13158"/>
</LocList>
</BasicStmnt>
</StmntSeq>
</HierarchyLvl>
<HierarchyLvl HierarchyLvlId="292" HierarchyLvlTypeId="14" Intrnl_Id="1780" Name="findOpponentColors">
<Header>
<Loc EndOffset="13272" SrcFileId="7" StartOffset="13239"/>
</Header>
<LocList>
<Loc EndOffset="13506" SrcFileId="7" StartOffset="13239"/>
</LocList>
<StmntSeq Intrnl_Id="1781">
<LocList>
<Loc EndOffset="13499" SrcFileId="7" StartOffset="13284"/>
</LocList>
<CondStmnt CovItemId="S152" CovItemPrefix="com.OriginalFiles.Board.java" Intrnl_Id="1782">
<Branch CovItemId="B69" CovItemPrefix="com.OriginalFiles.Board.java" Implct="false" Intrnl_Id="1783">
<Cond/>
<LocList>
<Loc EndOffset="13402" SrcFileId="7" StartOffset="13311"/>
</LocList>
<StmntSeq Intrnl_Id="1784">
<LocList>
<Loc EndOffset="13353" SrcFileId="7" StartOffset="13326"/>
<Loc EndOffset="13391" SrcFileId="7" StartOffset="13367"/>
</LocList>
<BasicStmnt CovItemId="S153" CovItemPrefix="com.OriginalFiles.Board.java" Intrnl_Id="1785">
<LocList>
<Loc EndOffset="13353" SrcFileId="7" StartOffset="13326"/>
</LocList>
</BasicStmnt>
<BasicStmnt CovItemId="S154" CovItemPrefix="com.OriginalFiles.Board.java" Intrnl_Id="1786">
<LocList>
<Loc EndOffset="13391" SrcFileId="7" StartOffset="13367"/>
</LocList>
</BasicStmnt>
</StmntSeq>
</Branch>
<Branch CovItemId="B70" CovItemPrefix="com.OriginalFiles.Board.java" Implct="false" Intrnl_Id="1787">
<Cond>
<Loc EndOffset="13407" SrcFileId="7" StartOffset="13403"/>
</Cond>
<LocList>
<Loc EndOffset="13499" SrcFileId="7" StartOffset="13408"/>
</LocList>
<StmntSeq Intrnl_Id="1788">
<LocList>
<Loc EndOffset="13450" SrcFileId="7" StartOffset="13423"/>
<Loc EndOffset="13488" SrcFileId="7" StartOffset="13464"/>
</LocList>
<BasicStmnt CovItemId="S155" CovItemPrefix="com.OriginalFiles.Board.java" Intrnl_Id="1789">
<LocList>
<Loc EndOffset="13450" SrcFileId="7" StartOffset="13423"/>
</LocList>
</BasicStmnt>
<BasicStmnt CovItemId="S156" CovItemPrefix="com.OriginalFiles.Board.java" Intrnl_Id="1790">
<LocList>
<Loc EndOffset="13488" SrcFileId="7" StartOffset="13464"/>
</LocList>
</BasicStmnt>
</StmntSeq>
</Branch>
<Keyword EndOffset="13286" SrcFileId="7" StartOffset="13284"/>
<LocList>
<Loc EndOffset="13499" SrcFileId="7" StartOffset="13284"/>
</LocList>
<RootTerm CovItemId="C45" CovItemPrefix="com.OriginalFiles.Board.java" Intrnl_Id="1791">
<BasicBoolTerm Intrnl_Id="1792">
<LocList>
<Loc EndOffset="13309" SrcFileId="7" StartOffset="13288"/>
</LocList>
</BasicBoolTerm>
</RootTerm>
</CondStmnt>
</StmntSeq>
</HierarchyLvl>
<HierarchyLvl HierarchyLvlId="293" HierarchyLvlTypeId="14" Intrnl_Id="1793" Name="findMissingPiece">
<Header>
<Loc EndOffset="13653" SrcFileId="7" StartOffset="13563"/>
</Header>
<LocList>
<Loc EndOffset="14407" SrcFileId="7" StartOffset="13563"/>
</LocList>
<StmntSeq Intrnl_Id="1794">
<LocList>
<Loc EndOffset="13707" SrcFileId="7" StartOffset="13684"/>
<Loc EndOffset="14365" SrcFileId="7" StartOffset="13719"/>
<Loc EndOffset="14400" SrcFileId="7" StartOffset="14377"/>
</LocList>
<BasicStmnt CovItemId="S157" CovItemPrefix="com.OriginalFiles.Board.java" Intrnl_Id="1795">
<LocList>
<Loc EndOffset="13707" SrcFileId="7" StartOffset="13684"/>
</LocList>
</BasicStmnt>
<LoopStmnt CovItemId="S158" CovItemPrefix="com.OriginalFiles.Board.java" Intrnl_Id="1796" MltplExecId="L15-2" MltplExecPrefix="com.OriginalFiles.Board.java" NvrExecId="L15-0" NvrExecPrefix="com.OriginalFiles.Board.java" OnceExecutedId="L15-1" OnceExecutedPrefix="com.OriginalFiles.Board.java" OptBodyExec="true">
<StmntSeq Intrnl_Id="1797">
<LocList>
<Loc EndOffset="14354" SrcFileId="7" StartOffset="13831"/>
</LocList>
<CondStmnt CovItemId="S159" CovItemPrefix="com.OriginalFiles.Board.java" Intrnl_Id="1798">
<Branch CovItemId="B71" CovItemPrefix="com.OriginalFiles.Board.java" Implct="false" Intrnl_Id="1799">
<Cond/>
<LocList>
<Loc EndOffset="14096" SrcFileId="7" StartOffset="13844"/>
</LocList>
<StmntSeq Intrnl_Id="1800">
<LocList>
<Loc EndOffset="14047" SrcFileId="7" StartOffset="13863"/>
<Loc EndOffset="14081" SrcFileId="7" StartOffset="14065"/>
</LocList>
<LoopStmnt CovItemId="S160" CovItemPrefix="com.OriginalFiles.Board.java" Intrnl_Id="1801" MltplExecId="L16-2" MltplExecPrefix="com.OriginalFiles.Board.java" NvrExecId="L16-0" NvrExecPrefix="com.OriginalFiles.Board.java" OnceExecutedId="L16-1" OnceExecutedPrefix="com.OriginalFiles.Board.java" OptBodyExec="true">
<StmntSeq Intrnl_Id="1802">
<LocList>
<Loc EndOffset="14028" SrcFileId="7" StartOffset="13910"/>
</LocList>
<CondStmnt CovItemId="S161" CovItemPrefix="com.OriginalFiles.Board.java" Intrnl_Id="1803">
<Branch CovItemId="B73" CovItemPrefix="com.OriginalFiles.Board.java" Implct="false" Intrnl_Id="1804">
<Cond/>
<LocList>
<Loc EndOffset="14028" SrcFileId="7" StartOffset="13932"/>
</LocList>
<StmntSeq Intrnl_Id="1805">
<LocList>
<Loc EndOffset="14005" SrcFileId="7" StartOffset="13959"/>
</LocList>
<BasicStmnt CovItemId="S162" CovItemPrefix="com.OriginalFiles.Board.java" Intrnl_Id="1806">
<LocList>
<Loc EndOffset="14005" SrcFileId="7" StartOffset="13959"/>
</LocList>
</BasicStmnt>
</StmntSeq>
</Branch>
<Branch CovItemId="B74" CovItemPrefix="com.OriginalFiles.Board.java" Implct="true" Intrnl_Id="1807">
<Cond/>
<LocList/>
<StmntSeq Intrnl_Id="1808">
<LocList/>
</StmntSeq>
</Branch>
<Keyword EndOffset="13912" SrcFileId="7" StartOffset="13910"/>
<LocList>
<Loc EndOffset="14028" SrcFileId="7" StartOffset="13910"/>
</LocList>
<RootTerm CovItemId="C49" CovItemPrefix="com.OriginalFiles.Board.java" Intrnl_Id="1809">
<BasicBoolTerm Intrnl_Id="1810">
<LocList>
<Loc EndOffset="13930" SrcFileId="7" StartOffset="13914"/>
</LocList>
</BasicBoolTerm>
</RootTerm>
</CondStmnt>
</StmntSeq>
<Keyword EndOffset="13866" SrcFileId="7" StartOffset="13863"/>
<LocList>
<Loc EndOffset="14047" SrcFileId="7" StartOffset="13863"/>
</LocList>
<RootTerm CovItemId="C48" CovItemPrefix="com.OriginalFiles.Board.java" Intrnl_Id="1811">
<BasicBoolTerm Intrnl_Id="1812">
<LocList>
<Loc EndOffset="13880" SrcFileId="7" StartOffset="13875"/>
</LocList>
</BasicBoolTerm>
</RootTerm>
</LoopStmnt>
<BasicStmnt CovItemId="S163" CovItemPrefix="com.OriginalFiles.Board.java" Intrnl_Id="1813">
<LocList>
<Loc EndOffset="14081" SrcFileId="7" StartOffset="14065"/>
</LocList>
</BasicStmnt>
</StmntSeq>
</Branch>
<Branch CovItemId="B72" CovItemPrefix="com.OriginalFiles.Board.java" Implct="false" Intrnl_Id="1814">
<Cond>
<Loc EndOffset="14101" SrcFileId="7" StartOffset="14097"/>
</Cond>
<LocList>
<Loc EndOffset="14354" SrcFileId="7" StartOffset="14102"/>
</LocList>
<StmntSeq Intrnl_Id="1815">
<LocList>
<Loc EndOffset="14306" SrcFileId="7" StartOffset="14121"/>
<Loc EndOffset="14339" SrcFileId="7" StartOffset="14324"/>
</LocList>
<LoopStmnt CovItemId="S164" CovItemPrefix="com.OriginalFiles.Board.java" Intrnl_Id="1816" MltplExecId="L17-2" MltplExecPrefix="com.OriginalFiles.Board.java" NvrExecId="L17-0" NvrExecPrefix="com.OriginalFiles.Board.java" OnceExecutedId="L17-1" OnceExecutedPrefix="com.OriginalFiles.Board.java" OptBodyExec="true">
<StmntSeq Intrnl_Id="1817">
<LocList>
<Loc EndOffset="14287" SrcFileId="7" StartOffset="14169"/>
</LocList>
<CondStmnt CovItemId="S165" CovItemPrefix="com.OriginalFiles.Board.java" Intrnl_Id="1818">
<Branch CovItemId="B75" CovItemPrefix="com.OriginalFiles.Board.java" Implct="false" Intrnl_Id="1819">
<Cond/>
<LocList>
<Loc EndOffset="14287" SrcFileId="7" StartOffset="14191"/>
</LocList>
<StmntSeq Intrnl_Id="1820">
<LocList>
<Loc EndOffset="14264" SrcFileId="7" StartOffset="14218"/>
</LocList>
<BasicStmnt CovItemId="S166" CovItemPrefix="com.OriginalFiles.Board.java" Intrnl_Id="1821">
<LocList>
<Loc EndOffset="14264" SrcFileId="7" StartOffset="14218"/>
</LocList>
</BasicStmnt>
</StmntSeq>
</Branch>
<Branch CovItemId="B76" CovItemPrefix="com.OriginalFiles.Board.java" Implct="true" Intrnl_Id="1822">
<Cond/>
<LocList/>
<StmntSeq Intrnl_Id="1823">
<LocList/>
</StmntSeq>
</Branch>
<Keyword EndOffset="14171" SrcFileId="7" StartOffset="14169"/>
<LocList>
<Loc EndOffset="14287" SrcFileId="7" StartOffset="14169"/>
</LocList>
<RootTerm CovItemId="C51" CovItemPrefix="com.OriginalFiles.Board.java" Intrnl_Id="1824">
<BasicBoolTerm Intrnl_Id="1825">
<LocList>
<Loc EndOffset="14189" SrcFileId="7" StartOffset="14173"/>
</LocList>
</BasicBoolTerm>
</RootTerm>
</CondStmnt>
</StmntSeq>
<Keyword EndOffset="14124" SrcFileId="7" StartOffset="14121"/>
<LocList>
<Loc EndOffset="14306" SrcFileId="7" StartOffset="14121"/>
</LocList>
<RootTerm CovItemId="C50" CovItemPrefix="com.OriginalFiles.Board.java" Intrnl_Id="1826">
<BasicBoolTerm Intrnl_Id="1827">
<LocList>
<Loc EndOffset="14139" SrcFileId="7" StartOffset="14133"/>
</LocList>
</BasicBoolTerm>
</RootTerm>
</LoopStmnt>
<BasicStmnt CovItemId="S167" CovItemPrefix="com.OriginalFiles.Board.java" Intrnl_Id="1828">
<LocList>
<Loc EndOffset="14339" SrcFileId="7" StartOffset="14324"/>
</LocList>
</BasicStmnt>
</StmntSeq>
</Branch>
<Keyword EndOffset="13833" SrcFileId="7" StartOffset="13831"/>
<LocList>
<Loc EndOffset="14354" SrcFileId="7" StartOffset="13831"/>
</LocList>
<RootTerm CovItemId="C47" CovItemPrefix="com.OriginalFiles.Board.java" Intrnl_Id="1829">
<BasicBoolTerm Intrnl_Id="1830">
<LocList>
<Loc EndOffset="13842" SrcFileId="7" StartOffset="13835"/>
</LocList>
</BasicBoolTerm>
</RootTerm>
</CondStmnt>
</StmntSeq>
<Keyword EndOffset="13722" SrcFileId="7" StartOffset="13719"/>
<LocList>
<Loc EndOffset="14365" SrcFileId="7" StartOffset="13719"/>
</LocList>
<RootTerm CovItemId="C46" CovItemPrefix="com.OriginalFiles.Board.java" Intrnl_Id="1831">
<BasicBoolTerm Intrnl_Id="1832">
<LocList>
<Loc EndOffset="13736" SrcFileId="7" StartOffset="13731"/>
</LocList>
</BasicBoolTerm>
</RootTerm>
</LoopStmnt>
<BasicStmnt CovItemId="S168" CovItemPrefix="com.OriginalFiles.Board.java" Intrnl_Id="1833">
<LocList>
<Loc EndOffset="14400" SrcFileId="7" StartOffset="14377"/>
</LocList>
</BasicStmnt>
</StmntSeq>
</HierarchyLvl>
<HierarchyLvl HierarchyLvlId="294" HierarchyLvlTypeId="14" Intrnl_Id="1834" Name="getPiece">
<Header>
<Loc EndOffset="14505" SrcFileId="7" StartOffset="14450"/>
</Header>
<LocList>
<Loc EndOffset="14817" SrcFileId="7" StartOffset="14450"/>
</LocList>
<StmntSeq Intrnl_Id="1835">
<LocList>
<Loc EndOffset="14562" SrcFileId="7" StartOffset="14517"/>
<Loc EndOffset="14810" SrcFileId="7" StartOffset="14572"/>
</LocList>
<BasicStmnt CovItemId="S169" CovItemPrefix="com.OriginalFiles.Board.java" Intrnl_Id="1836">
<LocList>
<Loc EndOffset="14562" SrcFileId="7" StartOffset="14517"/>
</LocList>
</BasicStmnt>
<CondStmnt CovItemId="S170" CovItemPrefix="com.OriginalFiles.Board.java" Intrnl_Id="1837">
<Branch CovItemId="B77" CovItemPrefix="com.OriginalFiles.Board.java" Implct="false" Intrnl_Id="1838">
<Cond/>
<LocList>
<Loc EndOffset="14628" SrcFileId="7" StartOffset="14590"/>
</LocList>
<StmntSeq Intrnl_Id="1839">
<LocList>
<Loc EndOffset="14617" SrcFileId="7" StartOffset="14605"/>
</LocList>
<BasicStmnt CovItemId="S171" CovItemPrefix="com.OriginalFiles.Board.java" Intrnl_Id="1840">
<LocList>
<Loc EndOffset="14617" SrcFileId="7" StartOffset="14605"/>
</LocList>
</BasicStmnt>
</StmntSeq>
</Branch>
<Branch CovItemId="B78" CovItemPrefix="com.OriginalFiles.Board.java" Implct="false" Intrnl_Id="1841">
<Cond>
<Loc EndOffset="14633" SrcFileId="7" StartOffset="14629"/>
</Cond>
<LocList>
<Loc EndOffset="14810" SrcFileId="7" StartOffset="14634"/>
</LocList>
<StmntSeq Intrnl_Id="1842">
<LocList>
<Loc EndOffset="14678" SrcFileId="7" StartOffset="14649"/>
<Loc EndOffset="14711" SrcFileId="7" StartOffset="14692"/>
<Loc EndOffset="14773" SrcFileId="7" StartOffset="14725"/>
<Loc EndOffset="14799" SrcFileId="7" StartOffset="14787"/>
</LocList>
<BasicStmnt CovItemId="S172" CovItemPrefix="com.OriginalFiles.Board.java" Intrnl_Id="1843">
<LocList>
<Loc EndOffset="14678" SrcFileId="7" StartOffset="14649"/>
</LocList>
</BasicStmnt>
<BasicStmnt CovItemId="S173" CovItemPrefix="com.OriginalFiles.Board.java" Intrnl_Id="1844">
<LocList>
<Loc EndOffset="14711" SrcFileId="7" StartOffset="14692"/>
</LocList>
</BasicStmnt>
<BasicStmnt CovItemId="S174" CovItemPrefix="com.OriginalFiles.Board.java" Intrnl_Id="1845">
<LocList>
<Loc EndOffset="14773" SrcFileId="7" StartOffset="14725"/>
</LocList>
</BasicStmnt>
<BasicStmnt CovItemId="S175" CovItemPrefix="com.OriginalFiles.Board.java" Intrnl_Id="1846">
<LocList>
<Loc EndOffset="14799" SrcFileId="7" StartOffset="14787"/>
</LocList>
</BasicStmnt>
</StmntSeq>
</Branch>
<Keyword EndOffset="14574" SrcFileId="7" StartOffset="14572"/>
<LocList>
<Loc EndOffset="14810" SrcFileId="7" StartOffset="14572"/>
</LocList>
<RootTerm CovItemId="C52" CovItemPrefix="com.OriginalFiles.Board.java" Intrnl_Id="1847">
<BasicBoolTerm Intrnl_Id="1848">
<LocList>
<Loc EndOffset="14588" SrcFileId="7" StartOffset="14576"/>
</LocList>
</BasicBoolTerm>
</RootTerm>
</CondStmnt>
</StmntSeq>
</HierarchyLvl>
<HierarchyLvl HierarchyLvlId="295" HierarchyLvlTypeId="14" Intrnl_Id="1849" Name="checkAllegiance">
<Header>
<Loc EndOffset="15616" SrcFileId="7" StartOffset="15541"/>
</Header>
<LocList>
<Loc EndOffset="15871" SrcFileId="7" StartOffset="15541"/>
</LocList>
<StmntSeq Intrnl_Id="1850">
<LocList>
<Loc EndOffset="15841" SrcFileId="7" StartOffset="15633"/>
<Loc EndOffset="15864" SrcFileId="7" StartOffset="15851"/>
</LocList>
<CondStmnt CovItemId="S176" CovItemPrefix="com.OriginalFiles.Board.java" Intrnl_Id="1851">
<Branch CovItemId="B79" CovItemPrefix="com.OriginalFiles.Board.java" Implct="false" Intrnl_Id="1852">
<Cond/>
<LocList>
<Loc EndOffset="15841" SrcFileId="7" StartOffset="15668"/>
</LocList>
<StmntSeq Intrnl_Id="1853">
<LocList>
<Loc EndOffset="15830" SrcFileId="7" StartOffset="15683"/>
</LocList>
<CondStmnt CovItemId="S177" CovItemPrefix="com.OriginalFiles.Board.java" Intrnl_Id="1854">
<Branch CovItemId="B81" CovItemPrefix="com.OriginalFiles.Board.java" Implct="false" Intrnl_Id="1855">
<Cond/>
<LocList>
<Loc EndOffset="15830" SrcFileId="7" StartOffset="15705"/>
</LocList>
<StmntSeq Intrnl_Id="1856">
<LocList>
<Loc EndOffset="15815" SrcFileId="7" StartOffset="15724"/>
</LocList>
<BasicStmnt CovItemId="S178" CovItemPrefix="com.OriginalFiles.Board.java" Intrnl_Id="1857">
<LocList>
<Loc EndOffset="15815" SrcFileId="7" StartOffset="15724"/>
</LocList>
</BasicStmnt>
</StmntSeq>
</Branch>
<Branch CovItemId="B82" CovItemPrefix="com.OriginalFiles.Board.java" Implct="true" Intrnl_Id="1858">
<Cond/>
<LocList/>
<StmntSeq Intrnl_Id="1859">
<LocList/>
</StmntSeq>
</Branch>
<Keyword EndOffset="15685" SrcFileId="7" StartOffset="15683"/>
<LocList>
<Loc EndOffset="15830" SrcFileId="7" StartOffset="15683"/>
</LocList>
<RootTerm CovItemId="C54" CovItemPrefix="com.OriginalFiles.Board.java" Intrnl_Id="1860">
<OpTerm BooleanOpId="9" Intrnl_Id="1861">
<BasicBoolTerm Intrnl_Id="1862">
<LocList>
<Loc EndOffset="15703" SrcFileId="7" StartOffset="15688"/>
</LocList>
</BasicBoolTerm>
<LocList>
<Loc EndOffset="15688" SrcFileId="7" StartOffset="15687"/>
</LocList>
</OpTerm>
</RootTerm>
</CondStmnt>
</StmntSeq>
</Branch>
<Branch CovItemId="B80" CovItemPrefix="com.OriginalFiles.Board.java" Implct="true" Intrnl_Id="1863">
<Cond/>
<LocList/>
<StmntSeq Intrnl_Id="1864">
<LocList/>
</StmntSeq>
</Branch>
<Keyword EndOffset="15635" SrcFileId="7" StartOffset="15633"/>
<LocList>
<Loc EndOffset="15841" SrcFileId="7" StartOffset="15633"/>
</LocList>
<RootTerm CovItemId="C53" CovItemPrefix="com.OriginalFiles.Board.java" Intrnl_Id="1865">
<BasicBoolTerm Intrnl_Id="1866">
<LocList>
<Loc EndOffset="15666" SrcFileId="7" StartOffset="15637"/>
</LocList>
</BasicBoolTerm>
</RootTerm>
</CondStmnt>
<BasicStmnt CovItemId="S179" CovItemPrefix="com.OriginalFiles.Board.java" Intrnl_Id="1867">
<LocList>
<Loc EndOffset="15864" SrcFileId="7" StartOffset="15851"/>
</LocList>
</BasicStmnt>
</StmntSeq>
</HierarchyLvl>
<HierarchyLvl HierarchyLvlId="296" HierarchyLvlTypeId="14" Intrnl_Id="1868" Name="checkAllegiance">
<Header>
<Loc EndOffset="15954" SrcFileId="7" StartOffset="15879"/>
</Header>
<LocList>
<Loc EndOffset="16333" SrcFileId="7" StartOffset="15879"/>
</LocList>
<StmntSeq Intrnl_Id="1869">
<LocList>
<Loc EndOffset="16116" SrcFileId="7" StartOffset="15971"/>
<Loc EndOffset="16302" SrcFileId="7" StartOffset="16127"/>
<Loc EndOffset="16326" SrcFileId="7" StartOffset="16313"/>
</LocList>
<CondStmnt CovItemId="S180" CovItemPrefix="com.OriginalFiles.Board.java" Intrnl_Id="1870">
<Branch CovItemId="B83" CovItemPrefix="com.OriginalFiles.Board.java" Implct="false" Intrnl_Id="1871">
<Cond/>
<LocList>
<Loc EndOffset="16116" SrcFileId="7" StartOffset="16076"/>
</LocList>
<StmntSeq Intrnl_Id="1872">
<LocList>
<Loc EndOffset="16104" SrcFileId="7" StartOffset="16092"/>
</LocList>
<BasicStmnt CovItemId="S181" CovItemPrefix="com.OriginalFiles.Board.java" Intrnl_Id="1873">
<LocList>
<Loc EndOffset="16104" SrcFileId="7" StartOffset="16092"/>
</LocList>
</BasicStmnt>
</StmntSeq>
</Branch>
<Branch CovItemId="B84" CovItemPrefix="com.OriginalFiles.Board.java" Implct="true" Intrnl_Id="1874">
<Cond/>
<LocList/>
<StmntSeq Intrnl_Id="1875">
<LocList/>
</StmntSeq>
</Branch>
<Keyword EndOffset="15973" SrcFileId="7" StartOffset="15971"/>
<LocList>
<Loc EndOffset="16116" SrcFileId="7" StartOffset="15971"/>
</LocList>
<RootTerm CovItemId="C55" CovItemPrefix="com.OriginalFiles.Board.java" Intrnl_Id="1876">
<OpTerm BooleanOpId="10" Intrnl_Id="1877">
<OpTerm BooleanOpId="11" Intrnl_Id="1878">
<BasicBoolTerm Intrnl_Id="1879">
<LocList>
<Loc EndOffset="16005" SrcFileId="7" StartOffset="15976"/>
</LocList>
</BasicBoolTerm>
<BasicBoolTerm Intrnl_Id="1880">
<LocList>
<Loc EndOffset="16052" SrcFileId="7" StartOffset="16026"/>
</LocList>
</BasicBoolTerm>
<LocList>
<Loc EndOffset="16025" SrcFileId="7" StartOffset="16023"/>
</LocList>
</OpTerm>
<OpTerm BooleanOpId="9" Intrnl_Id="1881">
<BasicBoolTerm Intrnl_Id="1882">
<LocList>
<Loc EndOffset="16074" SrcFileId="7" StartOffset="16058"/>
</LocList>
</BasicBoolTerm>
<LocList>
<Loc EndOffset="16058" SrcFileId="7" StartOffset="16057"/>
</LocList>
</OpTerm>
<LocList>
<Loc EndOffset="16056" SrcFileId="7" StartOffset="16054"/>
</LocList>
</OpTerm>
</RootTerm>
</CondStmnt>
<CondStmnt CovItemId="S182" CovItemPrefix="com.OriginalFiles.Board.java" Intrnl_Id="1883">
<Branch CovItemId="B85" CovItemPrefix="com.OriginalFiles.Board.java" Implct="false" Intrnl_Id="1884">
<Cond/>
<LocList>
<Loc EndOffset="16302" SrcFileId="7" StartOffset="16262"/>
</LocList>
<StmntSeq Intrnl_Id="1885">
<LocList>
<Loc EndOffset="16290" SrcFileId="7" StartOffset="16278"/>
</LocList>
<BasicStmnt CovItemId="S183" CovItemPrefix="com.OriginalFiles.Board.java" Intrnl_Id="1886">
<LocList>
<Loc EndOffset="16290" SrcFileId="7" StartOffset="16278"/>
</LocList>
</BasicStmnt>
</StmntSeq>
</Branch>
<Branch CovItemId="B86" CovItemPrefix="com.OriginalFiles.Board.java" Implct="true" Intrnl_Id="1887">
<Cond/>
<LocList/>
<StmntSeq Intrnl_Id="1888">
<LocList/>
</StmntSeq>
</Branch>
<Keyword EndOffset="16129" SrcFileId="7" StartOffset="16127"/>
<LocList>
<Loc EndOffset="16302" SrcFileId="7" StartOffset="16127"/>
</LocList>
<RootTerm CovItemId="C56" CovItemPrefix="com.OriginalFiles.Board.java" Intrnl_Id="1889">
<OpTerm BooleanOpId="10" Intrnl_Id="1890">
<OpTerm BooleanOpId="11" Intrnl_Id="1891">
<BasicBoolTerm Intrnl_Id="1892">
<LocList>
<Loc EndOffset="16167" SrcFileId="7" StartOffset="16132"/>
</LocList>
</BasicBoolTerm>
<BasicBoolTerm Intrnl_Id="1893">
<LocList>
<Loc EndOffset="16221" SrcFileId="7" StartOffset="16189"/>
</LocList>
</BasicBoolTerm>
<LocList>
<Loc EndOffset="16188" SrcFileId="7" StartOffset="16186"/>
</LocList>
</OpTerm>
<BasicBoolTerm Intrnl_Id="1894">
<LocList>
<Loc EndOffset="16260" SrcFileId="7" StartOffset="16244"/>
</LocList>
</BasicBoolTerm>
<LocList>
<Loc EndOffset="16243" SrcFileId="7" StartOffset="16241"/>
</LocList>
</OpTerm>
</RootTerm>
</CondStmnt>
<BasicStmnt CovItemId="S184" CovItemPrefix="com.OriginalFiles.Board.java" Intrnl_Id="1895">
<LocList>
<Loc EndOffset="16326" SrcFileId="7" StartOffset="16313"/>
</LocList>
</BasicStmnt>
</StmntSeq>
</HierarchyLvl>
<HierarchyLvl HierarchyLvlId="297" HierarchyLvlTypeId="14" Intrnl_Id="1896" Name="checkBounds">
<Header>
<Loc EndOffset="16440" SrcFileId="7" StartOffset="16394"/>
</Header>
<LocList>
<Loc EndOffset="16503" SrcFileId="7" StartOffset="16394"/>
</LocList>
<StmntSeq Intrnl_Id="1897">
<LocList>
<Loc EndOffset="16496" SrcFileId="7" StartOffset="16452"/>
</LocList>
<BasicStmnt CovItemId="S185" CovItemPrefix="com.OriginalFiles.Board.java" Intrnl_Id="1898">
<LocList>
<Loc EndOffset="16496" SrcFileId="7" StartOffset="16452"/>
</LocList>
</BasicStmnt>
</StmntSeq>
</HierarchyLvl>
</HierarchyLvl>
<HierarchyLvl HierarchyLvlId="323" HierarchyLvlTypeId="13" Intrnl_Id="1899" Name="Analyze">
<Header>
<Loc EndOffset="248" SrcFileId="8" StartOffset="228"/>
</Header>
<LocList>
<Loc EndOffset="25437" SrcFileId="8" StartOffset="228"/>
</LocList>
<StmntSeq Intrnl_Id="1900">
<LocList>
<Loc EndOffset="366" SrcFileId="8" StartOffset="325"/>
<Loc EndOffset="405" SrcFileId="8" StartOffset="372"/>
<Loc EndOffset="457" SrcFileId="8" StartOffset="411"/>
<Loc EndOffset="556" SrcFileId="8" StartOffset="512"/>
</LocList>
<BasicStmnt CovItemId="S1" CovItemPrefix="com.OriginalFiles.Analyze.java" Intrnl_Id="1901">
<LocList>
<Loc EndOffset="366" SrcFileId="8" StartOffset="325"/>
</LocList>
</BasicStmnt>
<BasicStmnt CovItemId="S2" CovItemPrefix="com.OriginalFiles.Analyze.java" Intrnl_Id="1902">
<LocList>
<Loc EndOffset="405" SrcFileId="8" StartOffset="372"/>
</LocList>
</BasicStmnt>
<BasicStmnt CovItemId="S3" CovItemPrefix="com.OriginalFiles.Analyze.java" Intrnl_Id="1903">
<LocList>
<Loc EndOffset="457" SrcFileId="8" StartOffset="411"/>
</LocList>
</BasicStmnt>
<BasicStmnt CovItemId="S4" CovItemPrefix="com.OriginalFiles.Analyze.java" Intrnl_Id="1904">
<LocList>
<Loc EndOffset="556" SrcFileId="8" StartOffset="512"/>
</LocList>
</BasicStmnt>
</StmntSeq>
<HierarchyLvl HierarchyLvlId="299" HierarchyLvlTypeId="14" Intrnl_Id="1905" Name="Analyze">
<Header>
<Loc EndOffset="687" SrcFileId="8" StartOffset="628"/>
</Header>
<LocList>
<Loc EndOffset="768" SrcFileId="8" StartOffset="628"/>
</LocList>
<StmntSeq Intrnl_Id="1906">
<LocList>
<Loc EndOffset="721" SrcFileId="8" StartOffset="699"/>
<Loc EndOffset="761" SrcFileId="8" StartOffset="731"/>
</LocList>
<BasicStmnt CovItemId="S5" CovItemPrefix="com.OriginalFiles.Analyze.java" Intrnl_Id="1907">
<LocList>
<Loc EndOffset="721" SrcFileId="8" StartOffset="699"/>
</LocList>
</BasicStmnt>
<BasicStmnt CovItemId="S6" CovItemPrefix="com.OriginalFiles.Analyze.java" Intrnl_Id="1908">
<LocList>
<Loc EndOffset="761" SrcFileId="8" StartOffset="731"/>
</LocList>
</BasicStmnt>
</StmntSeq>
</HierarchyLvl>
<HierarchyLvl HierarchyLvlId="300" HierarchyLvlTypeId="14" Intrnl_Id="1909" Name="analyzeBoard">
<Header>
<Loc EndOffset="954" SrcFileId="8" StartOffset="848"/>
</Header>
<LocList>
<Loc EndOffset="1536" SrcFileId="8" StartOffset="848"/>
</LocList>
<StmntSeq Intrnl_Id="1910">
<LocList>
<Loc EndOffset="1506" SrcFileId="8" StartOffset="966"/>
<Loc EndOffset="1529" SrcFileId="8" StartOffset="1516"/>
</LocList>
<CondStmnt CovItemId="S7" CovItemPrefix="com.OriginalFiles.Analyze.java" Intrnl_Id="1911">
<Branch CovItemId="B1" CovItemPrefix="com.OriginalFiles.Analyze.java" Implct="false" Intrnl_Id="1912">
<Cond/>
<LocList>
<Loc EndOffset="1506" SrcFileId="8" StartOffset="999"/>
</LocList>
<StmntSeq Intrnl_Id="1913">
<LocList>
<Loc EndOffset="1038" SrcFileId="8" StartOffset="1014"/>
<Loc EndOffset="1104" SrcFileId="8" StartOffset="1054"/>
<Loc EndOffset="1167" SrcFileId="8" StartOffset="1118"/>
<Loc EndOffset="1222" SrcFileId="8" StartOffset="1181"/>
<Loc EndOffset="1255" SrcFileId="8" StartOffset="1236"/>
<Loc EndOffset="1361" SrcFileId="8" StartOffset="1329"/>
<Loc EndOffset="1401" SrcFileId="8" StartOffset="1375"/>
<Loc EndOffset="1495" SrcFileId="8" StartOffset="1415"/>
</LocList>
<BasicStmnt CovItemId="S8" CovItemPrefix="com.OriginalFiles.Analyze.java" Intrnl_Id="1914">
<LocList>
<Loc EndOffset="1038" SrcFileId="8" StartOffset="1014"/>
</LocList>
</BasicStmnt>
<BasicStmnt CovItemId="S9" CovItemPrefix="com.OriginalFiles.Analyze.java" Intrnl_Id="1915">
<LocList>
<Loc EndOffset="1104" SrcFileId="8" StartOffset="1054"/>
</LocList>
</BasicStmnt>
<BasicStmnt CovItemId="S10" CovItemPrefix="com.OriginalFiles.Analyze.java" Intrnl_Id="1916">
<LocList>
<Loc EndOffset="1167" SrcFileId="8" StartOffset="1118"/>
</LocList>
</BasicStmnt>
<BasicStmnt CovItemId="S11" CovItemPrefix="com.OriginalFiles.Analyze.java" Intrnl_Id="1917">
<LocList>
<Loc EndOffset="1222" SrcFileId="8" StartOffset="1181"/>
</LocList>
</BasicStmnt>
<BasicStmnt CovItemId="S12" CovItemPrefix="com.OriginalFiles.Analyze.java" Intrnl_Id="1918">
<LocList>
<Loc EndOffset="1255" SrcFileId="8" StartOffset="1236"/>
</LocList>
</BasicStmnt>
<BasicStmnt CovItemId="S13" CovItemPrefix="com.OriginalFiles.Analyze.java" Intrnl_Id="1919">
<LocList>
<Loc EndOffset="1361" SrcFileId="8" StartOffset="1329"/>
</LocList>
</BasicStmnt>
<BasicStmnt CovItemId="S14" CovItemPrefix="com.OriginalFiles.Analyze.java" Intrnl_Id="1920">
<LocList>
<Loc EndOffset="1401" SrcFileId="8" StartOffset="1375"/>
</LocList>
</BasicStmnt>
<CondStmnt CovItemId="S15" CovItemPrefix="com.OriginalFiles.Analyze.java" Intrnl_Id="1921">
<Branch CovItemId="B3" CovItemPrefix="com.OriginalFiles.Analyze.java" Implct="false" Intrnl_Id="1922">
<Cond/>
<LocList>
<Loc EndOffset="1495" SrcFileId="8" StartOffset="1449"/>
</LocList>
<StmntSeq Intrnl_Id="1923">
<LocList>
<Loc EndOffset="1480" SrcFileId="8" StartOffset="1468"/>
</LocList>
<BasicStmnt CovItemId="S16" CovItemPrefix="com.OriginalFiles.Analyze.java" Intrnl_Id="1924">
<LocList>
<Loc EndOffset="1480" SrcFileId="8" StartOffset="1468"/>
</LocList>
</BasicStmnt>
</StmntSeq>
</Branch>
<Branch CovItemId="B4" CovItemPrefix="com.OriginalFiles.Analyze.java" Implct="true" Intrnl_Id="1925">
<Cond/>
<LocList/>
<StmntSeq Intrnl_Id="1926">
<LocList/>
</StmntSeq>
</Branch>
<Keyword EndOffset="1417" SrcFileId="8" StartOffset="1415"/>
<LocList>
<Loc EndOffset="1495" SrcFileId="8" StartOffset="1415"/>
</LocList>
<RootTerm CovItemId="C2" CovItemPrefix="com.OriginalFiles.Analyze.java" Intrnl_Id="1927">
<OpTerm BooleanOpId="9" Intrnl_Id="1928">
<BasicBoolTerm Intrnl_Id="1929">
<LocList>
<Loc EndOffset="1447" SrcFileId="8" StartOffset="1420"/>
</LocList>
</BasicBoolTerm>
<LocList>
<Loc EndOffset="1420" SrcFileId="8" StartOffset="1419"/>
</LocList>
</OpTerm>
</RootTerm>
</CondStmnt>
</StmntSeq>
</Branch>
<Branch CovItemId="B2" CovItemPrefix="com.OriginalFiles.Analyze.java" Implct="true" Intrnl_Id="1930">
<Cond/>
<LocList/>
<StmntSeq Intrnl_Id="1931">
<LocList/>
</StmntSeq>
</Branch>
<Keyword EndOffset="968" SrcFileId="8" StartOffset="966"/>
<LocList>
<Loc EndOffset="1506" SrcFileId="8" StartOffset="966"/>
</LocList>
<RootTerm CovItemId="C1" CovItemPrefix="com.OriginalFiles.Analyze.java" Intrnl_Id="1932">
<OpTerm BooleanOpId="9" Intrnl_Id="1933">
<BasicBoolTerm Intrnl_Id="1934">
<LocList>
<Loc EndOffset="997" SrcFileId="8" StartOffset="971"/>
</LocList>
</BasicBoolTerm>
<LocList>
<Loc EndOffset="971" SrcFileId="8" StartOffset="970"/>
</LocList>
</OpTerm>
</RootTerm>
</CondStmnt>
<BasicStmnt CovItemId="S17" CovItemPrefix="com.OriginalFiles.Analyze.java" Intrnl_Id="1935">
<LocList>
<Loc EndOffset="1529" SrcFileId="8" StartOffset="1516"/>
</LocList>
</BasicStmnt>
</StmntSeq>
</HierarchyLvl>
<HierarchyLvl HierarchyLvlId="301" HierarchyLvlTypeId="14" Intrnl_Id="1936" Name="checkMotorCalibration">
<Header>
<Loc EndOffset="1597" SrcFileId="8" StartOffset="1561"/>
</Header>
<LocList>
<Loc EndOffset="1788" SrcFileId="8" StartOffset="1561"/>
</LocList>
<StmntSeq Intrnl_Id="1937">
<LocList>
<Loc EndOffset="1631" SrcFileId="8" StartOffset="1609"/>
<Loc EndOffset="1781" SrcFileId="8" StartOffset="1643"/>
</LocList>
<BasicStmnt CovItemId="S18" CovItemPrefix="com.OriginalFiles.Analyze.java" Intrnl_Id="1938">
<LocList>
<Loc EndOffset="1631" SrcFileId="8" StartOffset="1609"/>
</LocList>
</BasicStmnt>
<CondStmnt CovItemId="S19" CovItemPrefix="com.OriginalFiles.Analyze.java" Intrnl_Id="1939">
<Branch CovItemId="B5" CovItemPrefix="com.OriginalFiles.Analyze.java" Implct="false" Intrnl_Id="1940">
<Cond/>
<LocList>
<Loc EndOffset="1781" SrcFileId="8" StartOffset="1690"/>
</LocList>
<StmntSeq Intrnl_Id="1941">
<LocList>
<Loc EndOffset="1726" SrcFileId="8" StartOffset="1705"/>
<Loc EndOffset="1770" SrcFileId="8" StartOffset="1740"/>
</LocList>
<BasicStmnt CovItemId="S20" CovItemPrefix="com.OriginalFiles.Analyze.java" Intrnl_Id="1942">
<LocList>
<Loc EndOffset="1726" SrcFileId="8" StartOffset="1705"/>
</LocList>
</BasicStmnt>
<BasicStmnt CovItemId="S21" CovItemPrefix="com.OriginalFiles.Analyze.java" Intrnl_Id="1943">
<LocList>
<Loc EndOffset="1770" SrcFileId="8" StartOffset="1740"/>
</LocList>
</BasicStmnt>
</StmntSeq>
</Branch>
<Branch CovItemId="B6" CovItemPrefix="com.OriginalFiles.Analyze.java" Implct="true" Intrnl_Id="1944">
<Cond/>
<LocList/>
<StmntSeq Intrnl_Id="1945">
<LocList/>
</StmntSeq>
</Branch>
<Keyword EndOffset="1645" SrcFileId="8" StartOffset="1643"/>
<LocList>
<Loc EndOffset="1781" SrcFileId="8" StartOffset="1643"/>
</LocList>
<RootTerm CovItemId="C3" CovItemPrefix="com.OriginalFiles.Analyze.java" Intrnl_Id="1946">
<BasicBoolTerm Intrnl_Id="1947">
<LocList>
<Loc EndOffset="1688" SrcFileId="8" StartOffset="1647"/>
</LocList>
</BasicBoolTerm>
</RootTerm>
</CondStmnt>
</StmntSeq>
</HierarchyLvl>
<HierarchyLvl HierarchyLvlId="302" HierarchyLvlTypeId="14" Intrnl_Id="1948" Name="makeListOfMoveables">
<Header>
<Loc EndOffset="1861" SrcFileId="8" StartOffset="1796"/>
</Header>
<LocList>
<Loc EndOffset="2615" SrcFileId="8" StartOffset="1796"/>
</LocList>
<StmntSeq Intrnl_Id="1949">
<LocList>
<Loc EndOffset="1959" SrcFileId="8" StartOffset="1927"/>
<Loc EndOffset="2344" SrcFileId="8" StartOffset="1969"/>
<Loc EndOffset="2399" SrcFileId="8" StartOffset="2354"/>
<Loc EndOffset="2428" SrcFileId="8" StartOffset="2409"/>
<Loc EndOffset="2455" SrcFileId="8" StartOffset="2438"/>
<Loc EndOffset="2578" SrcFileId="8" StartOffset="2465"/>
<Loc EndOffset="2608" SrcFileId="8" StartOffset="2588"/>
</LocList>
<BasicStmnt CovItemId="S22" CovItemPrefix="com.OriginalFiles.Analyze.java" Intrnl_Id="1950">
<LocList>
<Loc EndOffset="1959" SrcFileId="8" StartOffset="1927"/>
</LocList>
</BasicStmnt>
<LoopStmnt CovItemId="S23" CovItemPrefix="com.OriginalFiles.Analyze.java" Intrnl_Id="1951" MltplExecId="L1-2" MltplExecPrefix="com.OriginalFiles.Analyze.java" NvrExecId="L1-0" NvrExecPrefix="com.OriginalFiles.Analyze.java" OnceExecutedId="L1-1" OnceExecutedPrefix="com.OriginalFiles.Analyze.java" OptBodyExec="true">
<StmntSeq Intrnl_Id="1952">
<LocList>
<Loc EndOffset="2333" SrcFileId="8" StartOffset="2024"/>
</LocList>
<LoopStmnt CovItemId="S24" CovItemPrefix="com.OriginalFiles.Analyze.java" Intrnl_Id="1953" MltplExecId="L2-2" MltplExecPrefix="com.OriginalFiles.Analyze.java" NvrExecId="L2-0" NvrExecPrefix="com.OriginalFiles.Analyze.java" OnceExecutedId="L2-1" OnceExecutedPrefix="com.OriginalFiles.Analyze.java" OptBodyExec="true">
<StmntSeq Intrnl_Id="1954">
<LocList>
<Loc EndOffset="2318" SrcFileId="8" StartOffset="2065"/>
</LocList>
<CondStmnt CovItemId="S25" CovItemPrefix="com.OriginalFiles.Analyze.java" Intrnl_Id="1955">
<Branch CovItemId="B7" CovItemPrefix="com.OriginalFiles.Analyze.java" Implct="false" Intrnl_Id="1956">
<Cond/>
<LocList>
<Loc EndOffset="2318" SrcFileId="8" StartOffset="2087"/>
</LocList>
<StmntSeq Intrnl_Id="1957">
<LocList>
<Loc EndOffset="2299" SrcFileId="8" StartOffset="2110"/>
</LocList>
<CondStmnt CovItemId="S26" CovItemPrefix="com.OriginalFiles.Analyze.java" Intrnl_Id="1958">
<Branch CovItemId="B9" CovItemPrefix="com.OriginalFiles.Analyze.java" Implct="false" Intrnl_Id="1959">
<Cond/>
<LocList>
<Loc EndOffset="2299" SrcFileId="8" StartOffset="2225"/>
</LocList>
<StmntSeq Intrnl_Id="1960">
<LocList>
<Loc EndOffset="2276" SrcFileId="8" StartOffset="2252"/>
</LocList>
<BasicStmnt CovItemId="S27" CovItemPrefix="com.OriginalFiles.Analyze.java" Intrnl_Id="1961">
<LocList>
<Loc EndOffset="2276" SrcFileId="8" StartOffset="2252"/>
</LocList>
</BasicStmnt>
</StmntSeq>
</Branch>
<Branch CovItemId="B10" CovItemPrefix="com.OriginalFiles.Analyze.java" Implct="true" Intrnl_Id="1962">
<Cond/>
<LocList/>
<StmntSeq Intrnl_Id="1963">
<LocList/>
</StmntSeq>
</Branch>
<Keyword EndOffset="2112" SrcFileId="8" StartOffset="2110"/>
<LocList>
<Loc EndOffset="2299" SrcFileId="8" StartOffset="2110"/>
</LocList>
<RootTerm CovItemId="C5" CovItemPrefix="com.OriginalFiles.Analyze.java" Intrnl_Id="1964">
<OpTerm BooleanOpId="10" Intrnl_Id="1965">
<BasicBoolTerm Intrnl_Id="1966">
<LocList>
<Loc EndOffset="2148" SrcFileId="8" StartOffset="2114"/>
</LocList>
</BasicBoolTerm>
<BasicBoolTerm Intrnl_Id="1967">
<LocList>
<Loc EndOffset="2223" SrcFileId="8" StartOffset="2181"/>
</LocList>
</BasicBoolTerm>
<LocList>
<Loc EndOffset="2180" SrcFileId="8" StartOffset="2178"/>
</LocList>
</OpTerm>
</RootTerm>
</CondStmnt>
</StmntSeq>
</Branch>
<Branch CovItemId="B8" CovItemPrefix="com.OriginalFiles.Analyze.java" Implct="true" Intrnl_Id="1968">
<Cond/>
<LocList/>
<StmntSeq Intrnl_Id="1969">
<LocList/>
</StmntSeq>
</Branch>
<Keyword EndOffset="2067" SrcFileId="8" StartOffset="2065"/>
<LocList>
<Loc EndOffset="2318" SrcFileId="8" StartOffset="2065"/>
</LocList>
<RootTerm CovItemId="C4" CovItemPrefix="com.OriginalFiles.Analyze.java" Intrnl_Id="1970">
<OpTerm BooleanOpId="9" Intrnl_Id="1971">
<BasicBoolTerm Intrnl_Id="1972">
<LocList>
<Loc EndOffset="2085" SrcFileId="8" StartOffset="2070"/>
</LocList>
</BasicBoolTerm>
<LocList>
<Loc EndOffset="2070" SrcFileId="8" StartOffset="2069"/>
</LocList>
</OpTerm>
</RootTerm>
</CondStmnt>
</StmntSeq>
<Keyword EndOffset="2027" SrcFileId="8" StartOffset="2024"/>
<LocList>
<Loc EndOffset="2333" SrcFileId="8" StartOffset="2024"/>
</LocList>
</LoopStmnt>
</StmntSeq>
<Keyword EndOffset="1972" SrcFileId="8" StartOffset="1969"/>
<LocList>
<Loc EndOffset="2344" SrcFileId="8" StartOffset="1969"/>
</LocList>
</LoopStmnt>
<BasicStmnt CovItemId="S28" CovItemPrefix="com.OriginalFiles.Analyze.java" Intrnl_Id="1973">
<LocList>
<Loc EndOffset="2399" SrcFileId="8" StartOffset="2354"/>
</LocList>
</BasicStmnt>
<BasicStmnt CovItemId="S29" CovItemPrefix="com.OriginalFiles.Analyze.java" Intrnl_Id="1974">
<LocList>
<Loc EndOffset="2428" SrcFileId="8" StartOffset="2409"/>
</LocList>
</BasicStmnt>
<BasicStmnt CovItemId="S30" CovItemPrefix="com.OriginalFiles.Analyze.java" Intrnl_Id="1975">
<LocList>
<Loc EndOffset="2455" SrcFileId="8" StartOffset="2438"/>
</LocList>
</BasicStmnt>
<CondStmnt CovItemId="S31" CovItemPrefix="com.OriginalFiles.Analyze.java" Intrnl_Id="1976">
<Branch CovItemId="B11" CovItemPrefix="com.OriginalFiles.Analyze.java" Implct="false" Intrnl_Id="1977">
<Cond/>
<LocList>
<Loc EndOffset="2578" SrcFileId="8" StartOffset="2495"/>
</LocList>
<StmntSeq Intrnl_Id="1978">
<LocList>
<Loc EndOffset="2567" SrcFileId="8" StartOffset="2510"/>
</LocList>
<BasicStmnt CovItemId="S32" CovItemPrefix="com.OriginalFiles.Analyze.java" Intrnl_Id="1979">
<LocList>
<Loc EndOffset="2567" SrcFileId="8" StartOffset="2510"/>
</LocList>
</BasicStmnt>
</StmntSeq>
</Branch>
<Branch CovItemId="B12" CovItemPrefix="com.OriginalFiles.Analyze.java" Implct="true" Intrnl_Id="1980">
<Cond/>
<LocList/>
<StmntSeq Intrnl_Id="1981">
<LocList/>
</StmntSeq>
</Branch>
<Keyword EndOffset="2467" SrcFileId="8" StartOffset="2465"/>
<LocList>
<Loc EndOffset="2578" SrcFileId="8" StartOffset="2465"/>
</LocList>
<RootTerm CovItemId="C6" CovItemPrefix="com.OriginalFiles.Analyze.java" Intrnl_Id="1982">
<BasicBoolTerm Intrnl_Id="1983">
<LocList>
<Loc EndOffset="2493" SrcFileId="8" StartOffset="2469"/>
</LocList>
</BasicBoolTerm>
</RootTerm>
</CondStmnt>
<BasicStmnt CovItemId="S33" CovItemPrefix="com.OriginalFiles.Analyze.java" Intrnl_Id="1984">
<LocList>
<Loc EndOffset="2608" SrcFileId="8" StartOffset="2588"/>
</LocList>
</BasicStmnt>
</StmntSeq>
</HierarchyLvl>
<HierarchyLvl HierarchyLvlId="303" HierarchyLvlTypeId="14" Intrnl_Id="1985" Name="checkMovement">
<Header>
<Loc EndOffset="2788" SrcFileId="8" StartOffset="2654"/>
</Header>
<LocList>
<Loc EndOffset="3217" SrcFileId="8" StartOffset="2654"/>
</LocList>
<StmntSeq Intrnl_Id="1986">
<LocList>
<Loc EndOffset="3187" SrcFileId="8" StartOffset="2800"/>
<Loc EndOffset="3210" SrcFileId="8" StartOffset="3197"/>
</LocList>
<LoopStmnt CovItemId="S34" CovItemPrefix="com.OriginalFiles.Analyze.java" Intrnl_Id="1987" MltplExecId="L3-2" MltplExecPrefix="com.OriginalFiles.Analyze.java" NvrExecId="L3-0" NvrExecPrefix="com.OriginalFiles.Analyze.java" OnceExecutedId="L3-1" OnceExecutedPrefix="com.OriginalFiles.Analyze.java" OptBodyExec="true">
<StmntSeq Intrnl_Id="1988">
<LocList>
<Loc EndOffset="3176" SrcFileId="8" StartOffset="2848"/>
</LocList>
<CondStmnt CovItemId="S35" CovItemPrefix="com.OriginalFiles.Analyze.java" Intrnl_Id="1989">
<Branch CovItemId="B13" CovItemPrefix="com.OriginalFiles.Analyze.java" Implct="false" Intrnl_Id="1990">
<Cond/>
<LocList>
<Loc EndOffset="3176" SrcFileId="8" StartOffset="2905"/>
</LocList>
<StmntSeq Intrnl_Id="1991">
<LocList>
<Loc EndOffset="3058" SrcFileId="8" StartOffset="2924"/>
<Loc EndOffset="3161" SrcFileId="8" StartOffset="3076"/>
</LocList>
<CondStmnt CovItemId="S36" CovItemPrefix="com.OriginalFiles.Analyze.java" Intrnl_Id="1992">
<Branch CovItemId="B15" CovItemPrefix="com.OriginalFiles.Analyze.java" Implct="false" Intrnl_Id="1993">
<Cond/>
<LocList>
<Loc EndOffset="3058" SrcFileId="8" StartOffset="2974"/>
</LocList>
<StmntSeq Intrnl_Id="1994">
<LocList>
<Loc EndOffset="3039" SrcFileId="8" StartOffset="2997"/>
</LocList>
<BasicStmnt CovItemId="S37" CovItemPrefix="com.OriginalFiles.Analyze.java" Intrnl_Id="1995">
<LocList>
<Loc EndOffset="3039" SrcFileId="8" StartOffset="2997"/>
</LocList>
</BasicStmnt>
</StmntSeq>
</Branch>
<Branch CovItemId="B16" CovItemPrefix="com.OriginalFiles.Analyze.java" Implct="true" Intrnl_Id="1996">
<Cond/>
<LocList/>
<StmntSeq Intrnl_Id="1997">
<LocList/>
</StmntSeq>
</Branch>
<Keyword EndOffset="2926" SrcFileId="8" StartOffset="2924"/>
<LocList>
<Loc EndOffset="3058" SrcFileId="8" StartOffset="2924"/>
</LocList>
<RootTerm CovItemId="C8" CovItemPrefix="com.OriginalFiles.Analyze.java" Intrnl_Id="1998">
<OpTerm BooleanOpId="10" Intrnl_Id="1999">
<BasicBoolTerm Intrnl_Id="2000">
<LocList>
<Loc EndOffset="2936" SrcFileId="8" StartOffset="2928"/>
</LocList>
</BasicBoolTerm>
<OpTerm BooleanOpId="9" Intrnl_Id="2001">
<BasicBoolTerm Intrnl_Id="2002">
<LocList>
<Loc EndOffset="2972" SrcFileId="8" StartOffset="2941"/>
</LocList>
</BasicBoolTerm>
<LocList>
<Loc EndOffset="2941" SrcFileId="8" StartOffset="2940"/>
</LocList>
</OpTerm>
<LocList>
<Loc EndOffset="2939" SrcFileId="8" StartOffset="2937"/>
</LocList>
</OpTerm>
</RootTerm>
</CondStmnt>
<CondStmnt CovItemId="S38" CovItemPrefix="com.OriginalFiles.Analyze.java" Intrnl_Id="2003">
<Branch CovItemId="B17" CovItemPrefix="com.OriginalFiles.Analyze.java" Implct="false" Intrnl_Id="2004">
<Cond/>
<LocList>
<Loc EndOffset="3161" SrcFileId="8" StartOffset="3107"/>
</LocList>
<StmntSeq Intrnl_Id="2005">
<LocList>
<Loc EndOffset="3142" SrcFileId="8" StartOffset="3130"/>
</LocList>
<BasicStmnt CovItemId="S39" CovItemPrefix="com.OriginalFiles.Analyze.java" Intrnl_Id="2006">
<LocList>
<Loc EndOffset="3142" SrcFileId="8" StartOffset="3130"/>
</LocList>
</BasicStmnt>
</StmntSeq>
</Branch>
<Branch CovItemId="B18" CovItemPrefix="com.OriginalFiles.Analyze.java" Implct="true" Intrnl_Id="2007">
<Cond/>
<LocList/>
<StmntSeq Intrnl_Id="2008">
<LocList/>
</StmntSeq>
</Branch>
<Keyword EndOffset="3078" SrcFileId="8" StartOffset="3076"/>
<LocList>
<Loc EndOffset="3161" SrcFileId="8" StartOffset="3076"/>
</LocList>
<RootTerm CovItemId="C9" CovItemPrefix="com.OriginalFiles.Analyze.java" Intrnl_Id="2009">
<BasicBoolTerm Intrnl_Id="2010">
<LocList>
<Loc EndOffset="3105" SrcFileId="8" StartOffset="3080"/>
</LocList>
</BasicBoolTerm>
</RootTerm>
</CondStmnt>
</StmntSeq>
</Branch>
<Branch CovItemId="B14" CovItemPrefix="com.OriginalFiles.Analyze.java" Implct="true" Intrnl_Id="2011">
<Cond/>
<LocList/>
<StmntSeq Intrnl_Id="2012">
<LocList/>
</StmntSeq>
</Branch>
<Keyword EndOffset="2850" SrcFileId="8" StartOffset="2848"/>
<LocList>
<Loc EndOffset="3176" SrcFileId="8" StartOffset="2848"/>
</LocList>
<RootTerm CovItemId="C7" CovItemPrefix="com.OriginalFiles.Analyze.java" Intrnl_Id="2013">
<BasicBoolTerm Intrnl_Id="2014">
<LocList>
<Loc EndOffset="2903" SrcFileId="8" StartOffset="2852"/>
</LocList>
</BasicBoolTerm>
</RootTerm>
</CondStmnt>
</StmntSeq>
<Keyword EndOffset="2803" SrcFileId="8" StartOffset="2800"/>
<LocList>
<Loc EndOffset="3187" SrcFileId="8" StartOffset="2800"/>
</LocList>
</LoopStmnt>
<BasicStmnt CovItemId="S40" CovItemPrefix="com.OriginalFiles.Analyze.java" Intrnl_Id="2015">
<LocList>
<Loc EndOffset="3210" SrcFileId="8" StartOffset="3197"/>
</LocList>
</BasicStmnt>
</StmntSeq>
</HierarchyLvl>
<HierarchyLvl HierarchyLvlId="304" HierarchyLvlTypeId="14" Intrnl_Id="2016" Name="countDownToPanic">
<Header>
<Loc EndOffset="3386" SrcFileId="8" StartOffset="3276"/>
</Header>
<LocList>
<Loc EndOffset="3925" SrcFileId="8" StartOffset="3276"/>
</LocList>
<StmntSeq Intrnl_Id="2017">
<LocList>
<Loc EndOffset="3918" SrcFileId="8" StartOffset="3398"/>
</LocList>
<CondStmnt CovItemId="S41" CovItemPrefix="com.OriginalFiles.Analyze.java" Intrnl_Id="2018">
<Branch CovItemId="B19" CovItemPrefix="com.OriginalFiles.Analyze.java" Implct="false" Intrnl_Id="2019">
<Cond/>
<LocList>
<Loc EndOffset="3918" SrcFileId="8" StartOffset="3415"/>
</LocList>
<StmntSeq Intrnl_Id="2020">
<LocList>
<Loc EndOffset="3907" SrcFileId="8" StartOffset="3430"/>
</LocList>
<CondStmnt CovItemId="S42" CovItemPrefix="com.OriginalFiles.Analyze.java" Intrnl_Id="2021">
<Branch CovItemId="B21" CovItemPrefix="com.OriginalFiles.Analyze.java" Implct="false" Intrnl_Id="2022">
<Cond/>
<LocList>
<Loc EndOffset="3605" SrcFileId="8" StartOffset="3464"/>
</LocList>
<StmntSeq Intrnl_Id="2023">
<LocList>
<Loc EndOffset="3510" SrcFileId="8" StartOffset="3483"/>
<Loc EndOffset="3543" SrcFileId="8" StartOffset="3528"/>
<Loc EndOffset="3590" SrcFileId="8" StartOffset="3561"/>
</LocList>
<BasicStmnt CovItemId="S43" CovItemPrefix="com.OriginalFiles.Analyze.java" Intrnl_Id="2024">
<LocList>
<Loc EndOffset="3510" SrcFileId="8" StartOffset="3483"/>
</LocList>
</BasicStmnt>
<BasicStmnt CovItemId="S44" CovItemPrefix="com.OriginalFiles.Analyze.java" Intrnl_Id="2025">
<LocList>
<Loc EndOffset="3543" SrcFileId="8" StartOffset="3528"/>
</LocList>
</BasicStmnt>
<BasicStmnt CovItemId="S45" CovItemPrefix="com.OriginalFiles.Analyze.java" Intrnl_Id="2026">
<LocList>
<Loc EndOffset="3590" SrcFileId="8" StartOffset="3561"/>
</LocList>
</BasicStmnt>
</StmntSeq>
</Branch>
<Branch CovItemId="B22" CovItemPrefix="com.OriginalFiles.Analyze.java" Implct="false" Intrnl_Id="2027">
<Cond>
<Loc EndOffset="3610" SrcFileId="8" StartOffset="3606"/>
</Cond>
<LocList>
<Loc EndOffset="3907" SrcFileId="8" StartOffset="3611"/>
</LocList>
<StmntSeq Intrnl_Id="2028">
<LocList>
<Loc EndOffset="3907" SrcFileId="8" StartOffset="3611"/>
</LocList>
<CondStmnt CovItemId="S46" CovItemPrefix="com.OriginalFiles.Analyze.java" Intrnl_Id="2029">
<Branch CovItemId="B23" CovItemPrefix="com.OriginalFiles.Analyze.java" Implct="false" Intrnl_Id="2030">
<Cond/>
<LocList>
<Loc EndOffset="3834" SrcFileId="8" StartOffset="3645"/>
</LocList>
<StmntSeq Intrnl_Id="2031">
<LocList>
<Loc EndOffset="3694" SrcFileId="8" StartOffset="3664"/>
<Loc EndOffset="3739" SrcFileId="8" StartOffset="3712"/>
<Loc EndOffset="3772" SrcFileId="8" StartOffset="3757"/>
<Loc EndOffset="3819" SrcFileId="8" StartOffset="3790"/>
</LocList>
<BasicStmnt CovItemId="S47" CovItemPrefix="com.OriginalFiles.Analyze.java" Intrnl_Id="2032">
<LocList>
<Loc EndOffset="3694" SrcFileId="8" StartOffset="3664"/>
</LocList>
</BasicStmnt>
<BasicStmnt CovItemId="S48" CovItemPrefix="com.OriginalFiles.Analyze.java" Intrnl_Id="2033">
<LocList>
<Loc EndOffset="3739" SrcFileId="8" StartOffset="3712"/>
</LocList>
</BasicStmnt>
<BasicStmnt CovItemId="S49" CovItemPrefix="com.OriginalFiles.Analyze.java" Intrnl_Id="2034">
<LocList>
<Loc EndOffset="3772" SrcFileId="8" StartOffset="3757"/>
</LocList>
</BasicStmnt>
<BasicStmnt CovItemId="S50" CovItemPrefix="com.OriginalFiles.Analyze.java" Intrnl_Id="2035">
<LocList>
<Loc EndOffset="3819" SrcFileId="8" StartOffset="3790"/>
</LocList>
</BasicStmnt>
</StmntSeq>
</Branch>
<Branch CovItemId="B24" CovItemPrefix="com.OriginalFiles.Analyze.java" Implct="false" Intrnl_Id="2036">
<Cond>
<Loc EndOffset="3839" SrcFileId="8" StartOffset="3835"/>
</Cond>
<LocList>
<Loc EndOffset="3907" SrcFileId="8" StartOffset="3840"/>
</LocList>
<StmntSeq Intrnl_Id="2037">
<LocList>
<Loc EndOffset="3892" SrcFileId="8" StartOffset="3859"/>
</LocList>
<BasicStmnt CovItemId="S51" CovItemPrefix="com.OriginalFiles.Analyze.java" Intrnl_Id="2038">
<LocList>
<Loc EndOffset="3892" SrcFileId="8" StartOffset="3859"/>
</LocList>
</BasicStmnt>
</StmntSeq>
</Branch>
<Keyword EndOffset="3613" SrcFileId="8" StartOffset="3611"/>
<LocList>
<Loc EndOffset="3907" SrcFileId="8" StartOffset="3611"/>
</LocList>
<RootTerm CovItemId="C12" CovItemPrefix="com.OriginalFiles.Analyze.java" Intrnl_Id="2039">
<BasicBoolTerm Intrnl_Id="2040">
<LocList>
<Loc EndOffset="3643" SrcFileId="8" StartOffset="3615"/>
</LocList>
</BasicBoolTerm>
</RootTerm>
</CondStmnt>
</StmntSeq>
</Branch>
<Keyword EndOffset="3432" SrcFileId="8" StartOffset="3430"/>
<LocList>
<Loc EndOffset="3907" SrcFileId="8" StartOffset="3430"/>
</LocList>
<RootTerm CovItemId="C11" CovItemPrefix="com.OriginalFiles.Analyze.java" Intrnl_Id="2041">
<BasicBoolTerm Intrnl_Id="2042">
<LocList>
<Loc EndOffset="3462" SrcFileId="8" StartOffset="3434"/>
</LocList>
</BasicBoolTerm>
</RootTerm>
</CondStmnt>
</StmntSeq>
</Branch>
<Branch CovItemId="B20" CovItemPrefix="com.OriginalFiles.Analyze.java" Implct="true" Intrnl_Id="2043">
<Cond/>
<LocList/>
<StmntSeq Intrnl_Id="2044">
<LocList/>
</StmntSeq>
</Branch>
<Keyword EndOffset="3400" SrcFileId="8" StartOffset="3398"/>
<LocList>
<Loc EndOffset="3918" SrcFileId="8" StartOffset="3398"/>
</LocList>
<RootTerm CovItemId="C10" CovItemPrefix="com.OriginalFiles.Analyze.java" Intrnl_Id="2045">
<OpTerm BooleanOpId="9" Intrnl_Id="2046">
<BasicBoolTerm Intrnl_Id="2047">
<LocList>
<Loc EndOffset="3413" SrcFileId="8" StartOffset="3403"/>
</LocList>
</BasicBoolTerm>
<LocList>
<Loc EndOffset="3403" SrcFileId="8" StartOffset="3402"/>
</LocList>
</OpTerm>
</RootTerm>
</CondStmnt>
</StmntSeq>
</HierarchyLvl>
<HierarchyLvl HierarchyLvlId="305" HierarchyLvlTypeId="14" Intrnl_Id="2048" Name="trackMovement">
<Header>
<Loc EndOffset="4113" SrcFileId="8" StartOffset="4000"/>
</Header>
<LocList>
<Loc EndOffset="4523" SrcFileId="8" StartOffset="4000"/>
</LocList>
<StmntSeq Intrnl_Id="2049">
<LocList>
<Loc EndOffset="4152" SrcFileId="8" StartOffset="4125"/>
<Loc EndOffset="4486" SrcFileId="8" StartOffset="4162"/>
<Loc EndOffset="4516" SrcFileId="8" StartOffset="4498"/>
</LocList>
<BasicStmnt CovItemId="S52" CovItemPrefix="com.OriginalFiles.Analyze.java" Intrnl_Id="2050">
<LocList>
<Loc EndOffset="4152" SrcFileId="8" StartOffset="4125"/>
</LocList>
</BasicStmnt>
<CondStmnt CovItemId="S53" CovItemPrefix="com.OriginalFiles.Analyze.java" Intrnl_Id="2051">
<Branch CovItemId="B25" CovItemPrefix="com.OriginalFiles.Analyze.java" Implct="false" Intrnl_Id="2052">
<Cond/>
<LocList>
<Loc EndOffset="4410" SrcFileId="8" StartOffset="4199"/>
</LocList>
<StmntSeq Intrnl_Id="2053">
<LocList>
<Loc EndOffset="4292" SrcFileId="8" StartOffset="4214"/>
<Loc EndOffset="4399" SrcFileId="8" StartOffset="4306"/>
</LocList>
<CondStmnt CovItemId="S54" CovItemPrefix="com.OriginalFiles.Analyze.java" Intrnl_Id="2054">
<Branch CovItemId="B27" CovItemPrefix="com.OriginalFiles.Analyze.java" Implct="false" Intrnl_Id="2055">
<Cond/>
<LocList>
<Loc EndOffset="4292" SrcFileId="8" StartOffset="4240"/>
</LocList>
<StmntSeq Intrnl_Id="2056">
<LocList>
<Loc EndOffset="4277" SrcFileId="8" StartOffset="4259"/>
</LocList>
<BasicStmnt CovItemId="S55" CovItemPrefix="com.OriginalFiles.Analyze.java" Intrnl_Id="2057">
<LocList>
<Loc EndOffset="4277" SrcFileId="8" StartOffset="4259"/>
</LocList>
</BasicStmnt>
</StmntSeq>
</Branch>
<Branch CovItemId="B28" CovItemPrefix="com.OriginalFiles.Analyze.java" Implct="true" Intrnl_Id="2058">
<Cond/>
<LocList/>
<StmntSeq Intrnl_Id="2059">
<LocList/>
</StmntSeq>
</Branch>
<Keyword EndOffset="4216" SrcFileId="8" StartOffset="4214"/>
<LocList>
<Loc EndOffset="4292" SrcFileId="8" StartOffset="4214"/>
</LocList>
<RootTerm CovItemId="C14" CovItemPrefix="com.OriginalFiles.Analyze.java" Intrnl_Id="2060">
<BasicBoolTerm Intrnl_Id="2061">
<LocList>
<Loc EndOffset="4238" SrcFileId="8" StartOffset="4218"/>
</LocList>
</BasicBoolTerm>
</RootTerm>
</CondStmnt>
<CondStmnt CovItemId="S56" CovItemPrefix="com.OriginalFiles.Analyze.java" Intrnl_Id="2062">
<Branch CovItemId="B29" CovItemPrefix="com.OriginalFiles.Analyze.java" Implct="false" Intrnl_Id="2063">
<Cond/>
<LocList>
<Loc EndOffset="4399" SrcFileId="8" StartOffset="4323"/>
</LocList>
<StmntSeq Intrnl_Id="2064">
<LocList>
<Loc EndOffset="4384" SrcFileId="8" StartOffset="4342"/>
</LocList>
<BasicStmnt CovItemId="S57" CovItemPrefix="com.OriginalFiles.Analyze.java" Intrnl_Id="2065">
<LocList>
<Loc EndOffset="4384" SrcFileId="8" StartOffset="4342"/>
</LocList>
</BasicStmnt>
</StmntSeq>
</Branch>
<Branch CovItemId="B30" CovItemPrefix="com.OriginalFiles.Analyze.java" Implct="true" Intrnl_Id="2066">
<Cond/>
<LocList/>
<StmntSeq Intrnl_Id="2067">
<LocList/>
</StmntSeq>
</Branch>
<Keyword EndOffset="4308" SrcFileId="8" StartOffset="4306"/>
<LocList>
<Loc EndOffset="4399" SrcFileId="8" StartOffset="4306"/>
</LocList>
<RootTerm CovItemId="C15" CovItemPrefix="com.OriginalFiles.Analyze.java" Intrnl_Id="2068">
<OpTerm BooleanOpId="9" Intrnl_Id="2069">
<BasicBoolTerm Intrnl_Id="2070">
<LocList>
<Loc EndOffset="4321" SrcFileId="8" StartOffset="4311"/>
</LocList>
</BasicBoolTerm>
<LocList>
<Loc EndOffset="4311" SrcFileId="8" StartOffset="4310"/>
</LocList>
</OpTerm>
</RootTerm>
</CondStmnt>
</StmntSeq>
</Branch>
<Branch CovItemId="B26" CovItemPrefix="com.OriginalFiles.Analyze.java" Implct="false" Intrnl_Id="2071">
<Cond>
<Loc EndOffset="4415" SrcFileId="8" StartOffset="4411"/>
</Cond>
<LocList>
<Loc EndOffset="4486" SrcFileId="8" StartOffset="4416"/>
</LocList>
<StmntSeq Intrnl_Id="2072">
<LocList>
<Loc EndOffset="4486" SrcFileId="8" StartOffset="4416"/>
</LocList>
<CondStmnt CovItemId="S58" CovItemPrefix="com.OriginalFiles.Analyze.java" Intrnl_Id="2073">
<Branch CovItemId="B31" CovItemPrefix="com.OriginalFiles.Analyze.java" Implct="false" Intrnl_Id="2074">
<Cond/>
<LocList>
<Loc EndOffset="4486" SrcFileId="8" StartOffset="4442"/>
</LocList>
<StmntSeq Intrnl_Id="2075">
<LocList>
<Loc EndOffset="4475" SrcFileId="8" StartOffset="4457"/>
</LocList>
<BasicStmnt CovItemId="S59" CovItemPrefix="com.OriginalFiles.Analyze.java" Intrnl_Id="2076">
<LocList>
<Loc EndOffset="4475" SrcFileId="8" StartOffset="4457"/>
</LocList>
</BasicStmnt>
</StmntSeq>
</Branch>
<Branch CovItemId="B32" CovItemPrefix="com.OriginalFiles.Analyze.java" Implct="true" Intrnl_Id="2077">
<Cond/>
<LocList/>
<StmntSeq Intrnl_Id="2078">
<LocList/>
</StmntSeq>
</Branch>
<Keyword EndOffset="4418" SrcFileId="8" StartOffset="4416"/>
<LocList>
<Loc EndOffset="4486" SrcFileId="8" StartOffset="4416"/>
</LocList>
<RootTerm CovItemId="C16" CovItemPrefix="com.OriginalFiles.Analyze.java" Intrnl_Id="2079">
<BasicBoolTerm Intrnl_Id="2080">
<LocList>
<Loc EndOffset="4440" SrcFileId="8" StartOffset="4420"/>
</LocList>
</BasicBoolTerm>
</RootTerm>
</CondStmnt>
</StmntSeq>
</Branch>
<Keyword EndOffset="4164" SrcFileId="8" StartOffset="4162"/>
<LocList>
<Loc EndOffset="4486" SrcFileId="8" StartOffset="4162"/>
</LocList>
<RootTerm CovItemId="C13" CovItemPrefix="com.OriginalFiles.Analyze.java" Intrnl_Id="2081">
<BasicBoolTerm Intrnl_Id="2082">
<LocList>
<Loc EndOffset="4197" SrcFileId="8" StartOffset="4166"/>
</LocList>
</BasicBoolTerm>
</RootTerm>
</CondStmnt>
<BasicStmnt CovItemId="S60" CovItemPrefix="com.OriginalFiles.Analyze.java" Intrnl_Id="2083">
<LocList>
<Loc EndOffset="4516" SrcFileId="8" StartOffset="4498"/>
</LocList>
</BasicStmnt>
</StmntSeq>
</HierarchyLvl>
<HierarchyLvl HierarchyLvlId="306" HierarchyLvlTypeId="14" Intrnl_Id="2084" Name="checkMove">
<Header>
<Loc EndOffset="4669" SrcFileId="8" StartOffset="4560"/>
</Header>
<LocList>
<Loc EndOffset="6951" SrcFileId="8" StartOffset="4560"/>
</LocList>
<StmntSeq Intrnl_Id="2085">
<LocList>
<Loc EndOffset="6921" SrcFileId="8" StartOffset="4731"/>
<Loc EndOffset="6944" SrcFileId="8" StartOffset="6931"/>
</LocList>
<CondStmnt CovItemId="S61" CovItemPrefix="com.OriginalFiles.Analyze.java" Intrnl_Id="2086">
<Branch CovItemId="B33" CovItemPrefix="com.OriginalFiles.Analyze.java" Implct="false" Intrnl_Id="2087">
<Cond/>
<LocList>
<Loc EndOffset="6921" SrcFileId="8" StartOffset="4780"/>
</LocList>
<StmntSeq Intrnl_Id="2088">
<LocList>
<Loc EndOffset="6910" SrcFileId="8" StartOffset="4836"/>
</LocList>
<CondStmnt CovItemId="S62" CovItemPrefix="com.OriginalFiles.Analyze.java" Intrnl_Id="2089">
<Branch CovItemId="B35" CovItemPrefix="com.OriginalFiles.Analyze.java" Implct="false" Intrnl_Id="2090">
<Cond/>
<LocList>
<Loc EndOffset="5321" SrcFileId="8" StartOffset="4893"/>
</LocList>
<StmntSeq Intrnl_Id="2091">
<LocList>
<Loc EndOffset="5270" SrcFileId="8" StartOffset="4912"/>
</LocList>
<CondStmnt CovItemId="S63" CovItemPrefix="com.OriginalFiles.Analyze.java" Intrnl_Id="2092">
<Branch CovItemId="B37" CovItemPrefix="com.OriginalFiles.Analyze.java" Implct="false" Intrnl_Id="2093">
<Cond/>
<LocList>
<Loc EndOffset="5209" SrcFileId="8" StartOffset="5018"/>
</LocList>
<StmntSeq Intrnl_Id="2094">
<LocList>
<Loc EndOffset="5156" SrcFileId="8" StartOffset="5041"/>
<Loc EndOffset="5190" SrcFileId="8" StartOffset="5178"/>
</LocList>
<BasicStmnt CovItemId="S64" CovItemPrefix="com.OriginalFiles.Analyze.java" Intrnl_Id="2095">
<LocList>
<Loc EndOffset="5156" SrcFileId="8" StartOffset="5041"/>
</LocList>
</BasicStmnt>
<BasicStmnt CovItemId="S65" CovItemPrefix="com.OriginalFiles.Analyze.java" Intrnl_Id="2096">
<LocList>
<Loc EndOffset="5190" SrcFileId="8" StartOffset="5178"/>
</LocList>
</BasicStmnt>
</StmntSeq>
</Branch>
<Branch CovItemId="B38" CovItemPrefix="com.OriginalFiles.Analyze.java" Implct="false" Intrnl_Id="2097">
<Cond>
<Loc EndOffset="5214" SrcFileId="8" StartOffset="5210"/>
</Cond>
<LocList>
<Loc EndOffset="5270" SrcFileId="8" StartOffset="5215"/>
</LocList>
<StmntSeq Intrnl_Id="2098">
<LocList>
<Loc EndOffset="5251" SrcFileId="8" StartOffset="5238"/>
</LocList>
<BasicStmnt CovItemId="S66" CovItemPrefix="com.OriginalFiles.Analyze.java" Intrnl_Id="2099">
<LocList>
<Loc EndOffset="5251" SrcFileId="8" StartOffset="5238"/>
</LocList>
</BasicStmnt>
</StmntSeq>
</Branch>
<Keyword EndOffset="4914" SrcFileId="8" StartOffset="4912"/>
<LocList>
<Loc EndOffset="5270" SrcFileId="8" StartOffset="4912"/>
</LocList>
<RootTerm CovItemId="C19" CovItemPrefix="com.OriginalFiles.Analyze.java" Intrnl_Id="2100">
<BasicBoolTerm Intrnl_Id="2101">
<LocList>
<Loc EndOffset="5016" SrcFileId="8" StartOffset="4916"/>
</LocList>
</BasicBoolTerm>
</RootTerm>
</CondStmnt>
</StmntSeq>
</Branch>
<Branch CovItemId="B36" CovItemPrefix="com.OriginalFiles.Analyze.java" Implct="false" Intrnl_Id="2102">
<Cond>
<Loc EndOffset="5326" SrcFileId="8" StartOffset="5322"/>
</Cond>
<LocList>
<Loc EndOffset="6910" SrcFileId="8" StartOffset="5327"/>
</LocList>
<StmntSeq Intrnl_Id="2103">
<LocList>
<Loc EndOffset="6910" SrcFileId="8" StartOffset="5327"/>
</LocList>
<CondStmnt CovItemId="S67" CovItemPrefix="com.OriginalFiles.Analyze.java" Intrnl_Id="2104">
<Branch CovItemId="B39" CovItemPrefix="com.OriginalFiles.Analyze.java" Implct="false" Intrnl_Id="2105">
<Cond/>
<LocList>
<Loc EndOffset="5826" SrcFileId="8" StartOffset="5385"/>
</LocList>
<StmntSeq Intrnl_Id="2106">
<LocList>
<Loc EndOffset="5762" SrcFileId="8" StartOffset="5404"/>
</LocList>
<CondStmnt CovItemId="S68" CovItemPrefix="com.OriginalFiles.Analyze.java" Intrnl_Id="2107">
<Branch CovItemId="B41" CovItemPrefix="com.OriginalFiles.Analyze.java" Implct="false" Intrnl_Id="2108">
<Cond/>
<LocList>
<Loc EndOffset="5701" SrcFileId="8" StartOffset="5510"/>
</LocList>
<StmntSeq Intrnl_Id="2109">
<LocList>
<Loc EndOffset="5648" SrcFileId="8" StartOffset="5533"/>
<Loc EndOffset="5682" SrcFileId="8" StartOffset="5670"/>
</LocList>
<BasicStmnt CovItemId="S69" CovItemPrefix="com.OriginalFiles.Analyze.java" Intrnl_Id="2110">
<LocList>
<Loc EndOffset="5648" SrcFileId="8" StartOffset="5533"/>
</LocList>
</BasicStmnt>
<BasicStmnt CovItemId="S70" CovItemPrefix="com.OriginalFiles.Analyze.java" Intrnl_Id="2111">
<LocList>
<Loc EndOffset="5682" SrcFileId="8" StartOffset="5670"/>
</LocList>
</BasicStmnt>
</StmntSeq>
</Branch>
<Branch CovItemId="B42" CovItemPrefix="com.OriginalFiles.Analyze.java" Implct="false" Intrnl_Id="2112">
<Cond>
<Loc EndOffset="5706" SrcFileId="8" StartOffset="5702"/>
</Cond>
<LocList>
<Loc EndOffset="5762" SrcFileId="8" StartOffset="5707"/>
</LocList>
<StmntSeq Intrnl_Id="2113">
<LocList>
<Loc EndOffset="5743" SrcFileId="8" StartOffset="5730"/>
</LocList>
<BasicStmnt CovItemId="S71" CovItemPrefix="com.OriginalFiles.Analyze.java" Intrnl_Id="2114">
<LocList>
<Loc EndOffset="5743" SrcFileId="8" StartOffset="5730"/>
</LocList>
</BasicStmnt>
</StmntSeq>
</Branch>
<Keyword EndOffset="5406" SrcFileId="8" StartOffset="5404"/>
<LocList>
<Loc EndOffset="5762" SrcFileId="8" StartOffset="5404"/>
</LocList>
<RootTerm CovItemId="C21" CovItemPrefix="com.OriginalFiles.Analyze.java" Intrnl_Id="2115">
<BasicBoolTerm Intrnl_Id="2116">
<LocList>
<Loc EndOffset="5508" SrcFileId="8" StartOffset="5408"/>
</LocList>
</BasicBoolTerm>
</RootTerm>
</CondStmnt>
</StmntSeq>
</Branch>
<Branch CovItemId="B40" CovItemPrefix="com.OriginalFiles.Analyze.java" Implct="false" Intrnl_Id="2117">
<Cond>
<Loc EndOffset="5831" SrcFileId="8" StartOffset="5827"/>
</Cond>
<LocList>
<Loc EndOffset="6910" SrcFileId="8" StartOffset="5832"/>
</LocList>
<StmntSeq Intrnl_Id="2118">
<LocList>
<Loc EndOffset="6910" SrcFileId="8" StartOffset="5832"/>
</LocList>
<CondStmnt CovItemId="S72" CovItemPrefix="com.OriginalFiles.Analyze.java" Intrnl_Id="2119">
<Branch CovItemId="B43" CovItemPrefix="com.OriginalFiles.Analyze.java" Implct="false" Intrnl_Id="2120">
<Cond/>
<LocList>
<Loc EndOffset="6910" SrcFileId="8" StartOffset="5871"/>
</LocList>
<StmntSeq Intrnl_Id="2121">
<LocList>
<Loc EndOffset="6895" SrcFileId="8" StartOffset="5890"/>
</LocList>
<CondStmnt CovItemId="S73" CovItemPrefix="com.OriginalFiles.Analyze.java" Intrnl_Id="2122">
<Branch CovItemId="B45" CovItemPrefix="com.OriginalFiles.Analyze.java" Implct="false" Intrnl_Id="2123">
<Cond/>
<LocList>
<Loc EndOffset="6376" SrcFileId="8" StartOffset="5948"/>
</LocList>
<StmntSeq Intrnl_Id="2124">
<LocList>
<Loc EndOffset="6357" SrcFileId="8" StartOffset="5971"/>
</LocList>
<CondStmnt CovItemId="S74" CovItemPrefix="com.OriginalFiles.Analyze.java" Intrnl_Id="2125">
<Branch CovItemId="B47" CovItemPrefix="com.OriginalFiles.Analyze.java" Implct="false" Intrnl_Id="2126">
<Cond/>
<LocList>
<Loc EndOffset="6288" SrcFileId="8" StartOffset="6081"/>
</LocList>
<StmntSeq Intrnl_Id="2127">
<LocList>
<Loc EndOffset="6227" SrcFileId="8" StartOffset="6108"/>
<Loc EndOffset="6265" SrcFileId="8" StartOffset="6253"/>
</LocList>
<BasicStmnt CovItemId="S75" CovItemPrefix="com.OriginalFiles.Analyze.java" Intrnl_Id="2128">
<LocList>
<Loc EndOffset="6227" SrcFileId="8" StartOffset="6108"/>
</LocList>
</BasicStmnt>
<BasicStmnt CovItemId="S76" CovItemPrefix="com.OriginalFiles.Analyze.java" Intrnl_Id="2129">
<LocList>
<Loc EndOffset="6265" SrcFileId="8" StartOffset="6253"/>
</LocList>
</BasicStmnt>
</StmntSeq>
</Branch>
<Branch CovItemId="B48" CovItemPrefix="com.OriginalFiles.Analyze.java" Implct="false" Intrnl_Id="2130">
<Cond>
<Loc EndOffset="6293" SrcFileId="8" StartOffset="6289"/>
</Cond>
<LocList>
<Loc EndOffset="6357" SrcFileId="8" StartOffset="6294"/>
</LocList>
<StmntSeq Intrnl_Id="2131">
<LocList>
<Loc EndOffset="6334" SrcFileId="8" StartOffset="6321"/>
</LocList>
<BasicStmnt CovItemId="S77" CovItemPrefix="com.OriginalFiles.Analyze.java" Intrnl_Id="2132">
<LocList>
<Loc EndOffset="6334" SrcFileId="8" StartOffset="6321"/>
</LocList>
</BasicStmnt>
</StmntSeq>
</Branch>
<Keyword EndOffset="5973" SrcFileId="8" StartOffset="5971"/>
<LocList>
<Loc EndOffset="6357" SrcFileId="8" StartOffset="5971"/>
</LocList>
<RootTerm CovItemId="C24" CovItemPrefix="com.OriginalFiles.Analyze.java" Intrnl_Id="2133">
<BasicBoolTerm Intrnl_Id="2134">
<LocList>
<Loc EndOffset="6079" SrcFileId="8" StartOffset="5975"/>
</LocList>
</BasicBoolTerm>
</RootTerm>
</CondStmnt>
</StmntSeq>
</Branch>
<Branch CovItemId="B46" CovItemPrefix="com.OriginalFiles.Analyze.java" Implct="false" Intrnl_Id="2135">
<Cond>
<Loc EndOffset="6381" SrcFileId="8" StartOffset="6377"/>
</Cond>
<LocList>
<Loc EndOffset="6895" SrcFileId="8" StartOffset="6382"/>
</LocList>
<StmntSeq Intrnl_Id="2136">
<LocList>
<Loc EndOffset="6895" SrcFileId="8" StartOffset="6382"/>
</LocList>
<CondStmnt CovItemId="S78" CovItemPrefix="com.OriginalFiles.Analyze.java" Intrnl_Id="2137">
<Branch CovItemId="B49" CovItemPrefix="com.OriginalFiles.Analyze.java" Implct="false" Intrnl_Id="2138">
<Cond/>
<LocList>
<Loc EndOffset="6895" SrcFileId="8" StartOffset="6467"/>
</LocList>
<StmntSeq Intrnl_Id="2139">
<LocList>
<Loc EndOffset="6876" SrcFileId="8" StartOffset="6490"/>
</LocList>
<CondStmnt CovItemId="S79" CovItemPrefix="com.OriginalFiles.Analyze.java" Intrnl_Id="2140">
<Branch CovItemId="B51" CovItemPrefix="com.OriginalFiles.Analyze.java" Implct="false" Intrnl_Id="2141">
<Cond/>
<LocList>
<Loc EndOffset="6807" SrcFileId="8" StartOffset="6600"/>
</LocList>
<StmntSeq Intrnl_Id="2142">
<LocList>
<Loc EndOffset="6746" SrcFileId="8" StartOffset="6627"/>
<Loc EndOffset="6784" SrcFileId="8" StartOffset="6772"/>
</LocList>
<BasicStmnt CovItemId="S80" CovItemPrefix="com.OriginalFiles.Analyze.java" Intrnl_Id="2143">
<LocList>
<Loc EndOffset="6746" SrcFileId="8" StartOffset="6627"/>
</LocList>
</BasicStmnt>
<BasicStmnt CovItemId="S81" CovItemPrefix="com.OriginalFiles.Analyze.java" Intrnl_Id="2144">
<LocList>
<Loc EndOffset="6784" SrcFileId="8" StartOffset="6772"/>
</LocList>
</BasicStmnt>
</StmntSeq>
</Branch>
<Branch CovItemId="B52" CovItemPrefix="com.OriginalFiles.Analyze.java" Implct="false" Intrnl_Id="2145">
<Cond>
<Loc EndOffset="6812" SrcFileId="8" StartOffset="6808"/>
</Cond>
<LocList>
<Loc EndOffset="6876" SrcFileId="8" StartOffset="6813"/>
</LocList>
<StmntSeq Intrnl_Id="2146">
<LocList>
<Loc EndOffset="6853" SrcFileId="8" StartOffset="6840"/>
</LocList>
<BasicStmnt CovItemId="S82" CovItemPrefix="com.OriginalFiles.Analyze.java" Intrnl_Id="2147">
<LocList>
<Loc EndOffset="6853" SrcFileId="8" StartOffset="6840"/>
</LocList>
</BasicStmnt>
</StmntSeq>
</Branch>
<Keyword EndOffset="6492" SrcFileId="8" StartOffset="6490"/>
<LocList>
<Loc EndOffset="6876" SrcFileId="8" StartOffset="6490"/>
</LocList>
<RootTerm CovItemId="C26" CovItemPrefix="com.OriginalFiles.Analyze.java" Intrnl_Id="2148">
<BasicBoolTerm Intrnl_Id="2149">
<LocList>
<Loc EndOffset="6598" SrcFileId="8" StartOffset="6494"/>
</LocList>
</BasicBoolTerm>
</RootTerm>
</CondStmnt>
</StmntSeq>
</Branch>
<Branch CovItemId="B50" CovItemPrefix="com.OriginalFiles.Analyze.java" Implct="true" Intrnl_Id="2150">
<Cond/>
<LocList/>
<StmntSeq Intrnl_Id="2151">
<LocList/>
</StmntSeq>
</Branch>
<Keyword EndOffset="6384" SrcFileId="8" StartOffset="6382"/>
<LocList>
<Loc EndOffset="6895" SrcFileId="8" StartOffset="6382"/>
</LocList>
<RootTerm CovItemId="C25" CovItemPrefix="com.OriginalFiles.Analyze.java" Intrnl_Id="2152">
<BasicBoolTerm Intrnl_Id="2153">
<LocList>
<Loc EndOffset="6465" SrcFileId="8" StartOffset="6386"/>
</LocList>
</BasicBoolTerm>
</RootTerm>
</CondStmnt>
</StmntSeq>
</Branch>
<Keyword EndOffset="5892" SrcFileId="8" StartOffset="5890"/>
<LocList>
<Loc EndOffset="6895" SrcFileId="8" StartOffset="5890"/>
</LocList>
<RootTerm CovItemId="C23" CovItemPrefix="com.OriginalFiles.Analyze.java" Intrnl_Id="2154">
<BasicBoolTerm Intrnl_Id="2155">
<LocList>
<Loc EndOffset="5946" SrcFileId="8" StartOffset="5894"/>
</LocList>
</BasicBoolTerm>
</RootTerm>
</CondStmnt>
</StmntSeq>
</Branch>
<Branch CovItemId="B44" CovItemPrefix="com.OriginalFiles.Analyze.java" Implct="true" Intrnl_Id="2156">
<Cond/>
<LocList/>
<StmntSeq Intrnl_Id="2157">
<LocList/>
</StmntSeq>
</Branch>
<Keyword EndOffset="5834" SrcFileId="8" StartOffset="5832"/>
<LocList>
<Loc EndOffset="6910" SrcFileId="8" StartOffset="5832"/>
</LocList>
<RootTerm CovItemId="C22" CovItemPrefix="com.OriginalFiles.Analyze.java" Intrnl_Id="2158">
<BasicBoolTerm Intrnl_Id="2159">
<LocList>
<Loc EndOffset="5869" SrcFileId="8" StartOffset="5836"/>
</LocList>
</BasicBoolTerm>
</RootTerm>
</CondStmnt>
</StmntSeq>
</Branch>
<Keyword EndOffset="5329" SrcFileId="8" StartOffset="5327"/>
<LocList>
<Loc EndOffset="6910" SrcFileId="8" StartOffset="5327"/>
</LocList>
<RootTerm CovItemId="C20" CovItemPrefix="com.OriginalFiles.Analyze.java" Intrnl_Id="2160">
<BasicBoolTerm Intrnl_Id="2161">
<LocList>
<Loc EndOffset="5383" SrcFileId="8" StartOffset="5331"/>
</LocList>
</BasicBoolTerm>
</RootTerm>
</CondStmnt>
</StmntSeq>
</Branch>
<Keyword EndOffset="4838" SrcFileId="8" StartOffset="4836"/>
<LocList>
<Loc EndOffset="6910" SrcFileId="8" StartOffset="4836"/>
</LocList>
<RootTerm CovItemId="C18" CovItemPrefix="com.OriginalFiles.Analyze.java" Intrnl_Id="2162">
<BasicBoolTerm Intrnl_Id="2163">
<LocList>
<Loc EndOffset="4891" SrcFileId="8" StartOffset="4840"/>
</LocList>
</BasicBoolTerm>
</RootTerm>
</CondStmnt>
</StmntSeq>
</Branch>
<Branch CovItemId="B34" CovItemPrefix="com.OriginalFiles.Analyze.java" Implct="true" Intrnl_Id="2164">
<Cond/>
<LocList/>
<StmntSeq Intrnl_Id="2165">
<LocList/>
</StmntSeq>
</Branch>
<Keyword EndOffset="4733" SrcFileId="8" StartOffset="4731"/>
<LocList>
<Loc EndOffset="6921" SrcFileId="8" StartOffset="4731"/>
</LocList>
<RootTerm CovItemId="C17" CovItemPrefix="com.OriginalFiles.Analyze.java" Intrnl_Id="2166">
<BasicBoolTerm Intrnl_Id="2167">
<LocList>
<Loc EndOffset="4778" SrcFileId="8" StartOffset="4735"/>
</LocList>
</BasicBoolTerm>
</RootTerm>
</CondStmnt>
<BasicStmnt CovItemId="S83" CovItemPrefix="com.OriginalFiles.Analyze.java" Intrnl_Id="2168">
<LocList>
<Loc EndOffset="6944" SrcFileId="8" StartOffset="6931"/>
</LocList>
</BasicStmnt>
</StmntSeq>
</HierarchyLvl>
<HierarchyLvl HierarchyLvlId="307" HierarchyLvlTypeId="14" Intrnl_Id="2169" Name="validateMove">
<Header>
<Loc EndOffset="7124" SrcFileId="8" StartOffset="7020"/>
</Header>
<LocList>
<Loc EndOffset="8279" SrcFileId="8" StartOffset="7020"/>
</LocList>
<StmntSeq Intrnl_Id="2170">
<LocList>
<Loc EndOffset="7186" SrcFileId="8" StartOffset="7138"/>
<Loc EndOffset="7343" SrcFileId="8" StartOffset="7196"/>
<Loc EndOffset="7500" SrcFileId="8" StartOffset="7353"/>
<Loc EndOffset="7657" SrcFileId="8" StartOffset="7510"/>
<Loc EndOffset="7814" SrcFileId="8" StartOffset="7667"/>
<Loc EndOffset="7851" SrcFileId="8" StartOffset="7824"/>
<Loc EndOffset="8243" SrcFileId="8" StartOffset="7861"/>
<Loc EndOffset="8272" SrcFileId="8" StartOffset="8253"/>
</LocList>
<BasicStmnt CovItemId="S84" CovItemPrefix="com.OriginalFiles.Analyze.java" Intrnl_Id="2171">
<LocList>
<Loc EndOffset="7186" SrcFileId="8" StartOffset="7138"/>
</LocList>
</BasicStmnt>
<CondStmnt CovItemId="S85" CovItemPrefix="com.OriginalFiles.Analyze.java" Intrnl_Id="2172">
<Branch CovItemId="B53" CovItemPrefix="com.OriginalFiles.Analyze.java" Implct="false" Intrnl_Id="2173">
<Cond/>
<LocList>
<Loc EndOffset="7343" SrcFileId="8" StartOffset="7253"/>
</LocList>
<StmntSeq Intrnl_Id="2174">
<LocList>
<Loc EndOffset="7332" SrcFileId="8" StartOffset="7268"/>
</LocList>
<BasicStmnt CovItemId="S86" CovItemPrefix="com.OriginalFiles.Analyze.java" Intrnl_Id="2175">
<LocList>
<Loc EndOffset="7332" SrcFileId="8" StartOffset="7268"/>
</LocList>
</BasicStmnt>
</StmntSeq>
</Branch>
<Branch CovItemId="B54" CovItemPrefix="com.OriginalFiles.Analyze.java" Implct="true" Intrnl_Id="2176">
<Cond/>
<LocList/>
<StmntSeq Intrnl_Id="2177">
<LocList/>
</StmntSeq>
</Branch>
<Keyword EndOffset="7198" SrcFileId="8" StartOffset="7196"/>
<LocList>
<Loc EndOffset="7343" SrcFileId="8" StartOffset="7196"/>
</LocList>
<RootTerm CovItemId="C27" CovItemPrefix="com.OriginalFiles.Analyze.java" Intrnl_Id="2178">
<BasicBoolTerm Intrnl_Id="2179">
<LocList>
<Loc EndOffset="7251" SrcFileId="8" StartOffset="7200"/>
</LocList>
</BasicBoolTerm>
</RootTerm>
</CondStmnt>
<CondStmnt CovItemId="S87" CovItemPrefix="com.OriginalFiles.Analyze.java" Intrnl_Id="2180">
<Branch CovItemId="B55" CovItemPrefix="com.OriginalFiles.Analyze.java" Implct="false" Intrnl_Id="2181">
<Cond/>
<LocList>
<Loc EndOffset="7500" SrcFileId="8" StartOffset="7410"/>
</LocList>
<StmntSeq Intrnl_Id="2182">
<LocList>
<Loc EndOffset="7489" SrcFileId="8" StartOffset="7425"/>
</LocList>
<BasicStmnt CovItemId="S88" CovItemPrefix="com.OriginalFiles.Analyze.java" Intrnl_Id="2183">
<LocList>
<Loc EndOffset="7489" SrcFileId="8" StartOffset="7425"/>
</LocList>
</BasicStmnt>
</StmntSeq>
</Branch>
<Branch CovItemId="B56" CovItemPrefix="com.OriginalFiles.Analyze.java" Implct="true" Intrnl_Id="2184">
<Cond/>
<LocList/>
<StmntSeq Intrnl_Id="2185">
<LocList/>
</StmntSeq>
</Branch>
<Keyword EndOffset="7355" SrcFileId="8" StartOffset="7353"/>
<LocList>
<Loc EndOffset="7500" SrcFileId="8" StartOffset="7353"/>
</LocList>
<RootTerm CovItemId="C28" CovItemPrefix="com.OriginalFiles.Analyze.java" Intrnl_Id="2186">
<BasicBoolTerm Intrnl_Id="2187">
<LocList>
<Loc EndOffset="7408" SrcFileId="8" StartOffset="7357"/>
</LocList>
</BasicBoolTerm>
</RootTerm>
</CondStmnt>
<CondStmnt CovItemId="S89" CovItemPrefix="com.OriginalFiles.Analyze.java" Intrnl_Id="2188">
<Branch CovItemId="B57" CovItemPrefix="com.OriginalFiles.Analyze.java" Implct="false" Intrnl_Id="2189">
<Cond/>
<LocList>
<Loc EndOffset="7657" SrcFileId="8" StartOffset="7567"/>
</LocList>
<StmntSeq Intrnl_Id="2190">
<LocList>
<Loc EndOffset="7646" SrcFileId="8" StartOffset="7582"/>
</LocList>
<BasicStmnt CovItemId="S90" CovItemPrefix="com.OriginalFiles.Analyze.java" Intrnl_Id="2191">
<LocList>
<Loc EndOffset="7646" SrcFileId="8" StartOffset="7582"/>
</LocList>
</BasicStmnt>
</StmntSeq>
</Branch>
<Branch CovItemId="B58" CovItemPrefix="com.OriginalFiles.Analyze.java" Implct="true" Intrnl_Id="2192">
<Cond/>
<LocList/>
<StmntSeq Intrnl_Id="2193">
<LocList/>
</StmntSeq>
</Branch>
<Keyword EndOffset="7512" SrcFileId="8" StartOffset="7510"/>
<LocList>
<Loc EndOffset="7657" SrcFileId="8" StartOffset="7510"/>
</LocList>
<RootTerm CovItemId="C29" CovItemPrefix="com.OriginalFiles.Analyze.java" Intrnl_Id="2194">
<BasicBoolTerm Intrnl_Id="2195">
<LocList>
<Loc EndOffset="7565" SrcFileId="8" StartOffset="7514"/>
</LocList>
</BasicBoolTerm>
</RootTerm>
</CondStmnt>
<CondStmnt CovItemId="S91" CovItemPrefix="com.OriginalFiles.Analyze.java" Intrnl_Id="2196">
<Branch CovItemId="B59" CovItemPrefix="com.OriginalFiles.Analyze.java" Implct="false" Intrnl_Id="2197">
<Cond/>
<LocList>
<Loc EndOffset="7814" SrcFileId="8" StartOffset="7724"/>
</LocList>
<StmntSeq Intrnl_Id="2198">
<LocList>
<Loc EndOffset="7803" SrcFileId="8" StartOffset="7739"/>
</LocList>
<BasicStmnt CovItemId="S92" CovItemPrefix="com.OriginalFiles.Analyze.java" Intrnl_Id="2199">
<LocList>
<Loc EndOffset="7803" SrcFileId="8" StartOffset="7739"/>
</LocList>
</BasicStmnt>
</StmntSeq>
</Branch>
<Branch CovItemId="B60" CovItemPrefix="com.OriginalFiles.Analyze.java" Implct="true" Intrnl_Id="2200">
<Cond/>
<LocList/>
<StmntSeq Intrnl_Id="2201">
<LocList/>
</StmntSeq>
</Branch>
<Keyword EndOffset="7669" SrcFileId="8" StartOffset="7667"/>
<LocList>
<Loc EndOffset="7814" SrcFileId="8" StartOffset="7667"/>
</LocList>
<RootTerm CovItemId="C30" CovItemPrefix="com.OriginalFiles.Analyze.java" Intrnl_Id="2202">
<BasicBoolTerm Intrnl_Id="2203">
<LocList>
<Loc EndOffset="7722" SrcFileId="8" StartOffset="7671"/>
</LocList>
</BasicBoolTerm>
</RootTerm>
</CondStmnt>
<BasicStmnt CovItemId="S93" CovItemPrefix="com.OriginalFiles.Analyze.java" Intrnl_Id="2204">
<LocList>
<Loc EndOffset="7851" SrcFileId="8" StartOffset="7824"/>
</LocList>
</BasicStmnt>
<LoopStmnt CovItemId="S94" CovItemPrefix="com.OriginalFiles.Analyze.java" Intrnl_Id="2205" MltplExecId="L4-2" MltplExecPrefix="com.OriginalFiles.Analyze.java" NvrExecId="L4-0" NvrExecPrefix="com.OriginalFiles.Analyze.java" OnceExecutedId="L4-1" OnceExecutedPrefix="com.OriginalFiles.Analyze.java" OptBodyExec="true">
<StmntSeq Intrnl_Id="2206">
<LocList>
<Loc EndOffset="8147" SrcFileId="8" StartOffset="7920"/>
<Loc EndOffset="8232" SrcFileId="8" StartOffset="8161"/>
</LocList>
<CondStmnt CovItemId="S95" CovItemPrefix="com.OriginalFiles.Analyze.java" Intrnl_Id="2207">
<Branch CovItemId="B61" CovItemPrefix="com.OriginalFiles.Analyze.java" Implct="false" Intrnl_Id="2208">
<Cond/>
<LocList>
<Loc EndOffset="8147" SrcFileId="8" StartOffset="8022"/>
</LocList>
<StmntSeq Intrnl_Id="2209">
<LocList>
<Loc EndOffset="8132" SrcFileId="8" StartOffset="8041"/>
</LocList>
<BasicStmnt CovItemId="S96" CovItemPrefix="com.OriginalFiles.Analyze.java" Intrnl_Id="2210">
<LocList>
<Loc EndOffset="8132" SrcFileId="8" StartOffset="8041"/>
</LocList>
</BasicStmnt>
</StmntSeq>
</Branch>
<Branch CovItemId="B62" CovItemPrefix="com.OriginalFiles.Analyze.java" Implct="true" Intrnl_Id="2211">
<Cond/>
<LocList/>
<StmntSeq Intrnl_Id="2212">
<LocList/>
</StmntSeq>
</Branch>
<Keyword EndOffset="7922" SrcFileId="8" StartOffset="7920"/>
<LocList>
<Loc EndOffset="8147" SrcFileId="8" StartOffset="7920"/>
</LocList>
<RootTerm CovItemId="C32" CovItemPrefix="com.OriginalFiles.Analyze.java" Intrnl_Id="2213">
<OpTerm BooleanOpId="9" Intrnl_Id="2214">
<OpTerm BooleanOpId="10" Intrnl_Id="2215">
<BasicBoolTerm Intrnl_Id="2216">
<LocList>
<Loc EndOffset="7960" SrcFileId="8" StartOffset="7926"/>
</LocList>
</BasicBoolTerm>
<BasicBoolTerm Intrnl_Id="2217">
<LocList>
<Loc EndOffset="8019" SrcFileId="8" StartOffset="7985"/>
</LocList>
</BasicBoolTerm>
<LocList>
<Loc EndOffset="7984" SrcFileId="8" StartOffset="7982"/>
</LocList>
</OpTerm>
<LocList>
<Loc EndOffset="7925" SrcFileId="8" StartOffset="7924"/>
</LocList>
</OpTerm>
</RootTerm>
</CondStmnt>
<CondStmnt CovItemId="S97" CovItemPrefix="com.OriginalFiles.Analyze.java" Intrnl_Id="2218">
<Branch CovItemId="B63" CovItemPrefix="com.OriginalFiles.Analyze.java" Implct="false" Intrnl_Id="2219">
<Cond/>
<LocList>
<Loc EndOffset="8232" SrcFileId="8" StartOffset="8179"/>
</LocList>
<StmntSeq Intrnl_Id="2220">
<LocList>
<Loc EndOffset="8217" SrcFileId="8" StartOffset="8198"/>
</LocList>
<BasicStmnt CovItemId="S98" CovItemPrefix="com.OriginalFiles.Analyze.java" Intrnl_Id="2221">
<LocList>
<Loc EndOffset="8217" SrcFileId="8" StartOffset="8198"/>
</LocList>
</BasicStmnt>
</StmntSeq>
</Branch>
<Branch CovItemId="B64" CovItemPrefix="com.OriginalFiles.Analyze.java" Implct="true" Intrnl_Id="2222">
<Cond/>
<LocList/>
<StmntSeq Intrnl_Id="2223">
<LocList/>
</StmntSeq>
</Branch>
<Keyword EndOffset="8163" SrcFileId="8" StartOffset="8161"/>
<LocList>
<Loc EndOffset="8232" SrcFileId="8" StartOffset="8161"/>
</LocList>
<RootTerm CovItemId="C33" CovItemPrefix="com.OriginalFiles.Analyze.java" Intrnl_Id="2224">
<OpTerm BooleanOpId="9" Intrnl_Id="2225">
<BasicBoolTerm Intrnl_Id="2226">
<LocList>
<Loc EndOffset="8177" SrcFileId="8" StartOffset="8166"/>
</LocList>
</BasicBoolTerm>
<LocList>
<Loc EndOffset="8166" SrcFileId="8" StartOffset="8165"/>
</LocList>
</OpTerm>
</RootTerm>
</CondStmnt>
</StmntSeq>
<Keyword EndOffset="7864" SrcFileId="8" StartOffset="7861"/>
<LocList>
<Loc EndOffset="8243" SrcFileId="8" StartOffset="7861"/>
</LocList>
<RootTerm CovItemId="C31" CovItemPrefix="com.OriginalFiles.Analyze.java" Intrnl_Id="2227">
<BasicBoolTerm Intrnl_Id="2228">
<LocList>
<Loc EndOffset="7898" SrcFileId="8" StartOffset="7877"/>
</LocList>
</BasicBoolTerm>
</RootTerm>
</LoopStmnt>
<BasicStmnt CovItemId="S99" CovItemPrefix="com.OriginalFiles.Analyze.java" Intrnl_Id="2229">
<LocList>
<Loc EndOffset="8272" SrcFileId="8" StartOffset="8253"/>
</LocList>
</BasicStmnt>
</StmntSeq>
</HierarchyLvl>
<HierarchyLvl HierarchyLvlId="308" HierarchyLvlTypeId="14" Intrnl_Id="2230" Name="jumpSequence">
<Header>
<Loc EndOffset="8467" SrcFileId="8" StartOffset="8287"/>
</Header>
<LocList>
<Loc EndOffset="9898" SrcFileId="8" StartOffset="8287"/>
</LocList>
<StmntSeq Intrnl_Id="2231">
<LocList>
<Loc EndOffset="8500" SrcFileId="8" StartOffset="8479"/>
<Loc EndOffset="8570" SrcFileId="8" StartOffset="8510"/>
<Loc EndOffset="8691" SrcFileId="8" StartOffset="8580"/>
<Loc EndOffset="8843" SrcFileId="8" StartOffset="8701"/>
<Loc EndOffset="8959" SrcFileId="8" StartOffset="8853"/>
<Loc EndOffset="9111" SrcFileId="8" StartOffset="8969"/>
<Loc EndOffset="9226" SrcFileId="8" StartOffset="9121"/>
<Loc EndOffset="9378" SrcFileId="8" StartOffset="9236"/>
<Loc EndOffset="9492" SrcFileId="8" StartOffset="9388"/>
<Loc EndOffset="9644" SrcFileId="8" StartOffset="9502"/>
<Loc EndOffset="9749" SrcFileId="8" StartOffset="9656"/>
<Loc EndOffset="9863" SrcFileId="8" StartOffset="9761"/>
<Loc EndOffset="9891" SrcFileId="8" StartOffset="9873"/>
</LocList>
<BasicStmnt CovItemId="S100" CovItemPrefix="com.OriginalFiles.Analyze.java" Intrnl_Id="2232">
<LocList>
<Loc EndOffset="8500" SrcFileId="8" StartOffset="8479"/>
</LocList>
</BasicStmnt>
<BasicStmnt CovItemId="S101" CovItemPrefix="com.OriginalFiles.Analyze.java" Intrnl_Id="2233">
<LocList>
<Loc EndOffset="8570" SrcFileId="8" StartOffset="8510"/>
</LocList>
</BasicStmnt>
<BasicStmnt CovItemId="S102" CovItemPrefix="com.OriginalFiles.Analyze.java" Intrnl_Id="2234">
<LocList>
<Loc EndOffset="8691" SrcFileId="8" StartOffset="8580"/>
</LocList>
</BasicStmnt>
<CondStmnt CovItemId="S103" CovItemPrefix="com.OriginalFiles.Analyze.java" Intrnl_Id="2235">
<Branch CovItemId="B65" CovItemPrefix="com.OriginalFiles.Analyze.java" Implct="false" Intrnl_Id="2236">
<Cond/>
<LocList>
<Loc EndOffset="8843" SrcFileId="8" StartOffset="8724"/>
</LocList>
<StmntSeq Intrnl_Id="2237">
<LocList>
<Loc EndOffset="8832" SrcFileId="8" StartOffset="8739"/>
</LocList>
<BasicStmnt CovItemId="S104" CovItemPrefix="com.OriginalFiles.Analyze.java" Intrnl_Id="2238">
<LocList>
<Loc EndOffset="8832" SrcFileId="8" StartOffset="8739"/>
</LocList>
</BasicStmnt>
</StmntSeq>
</Branch>
<Branch CovItemId="B66" CovItemPrefix="com.OriginalFiles.Analyze.java" Implct="true" Intrnl_Id="2239">
<Cond/>
<LocList/>
<StmntSeq Intrnl_Id="2240">
<LocList/>
</StmntSeq>
</Branch>
<Keyword EndOffset="8703" SrcFileId="8" StartOffset="8701"/>
<LocList>
<Loc EndOffset="8843" SrcFileId="8" StartOffset="8701"/>
</LocList>
<RootTerm CovItemId="C34" CovItemPrefix="com.OriginalFiles.Analyze.java" Intrnl_Id="2241">
<BasicBoolTerm Intrnl_Id="2242">
<LocList>
<Loc EndOffset="8722" SrcFileId="8" StartOffset="8705"/>
</LocList>
</BasicBoolTerm>
</RootTerm>
</CondStmnt>
<BasicStmnt CovItemId="S105" CovItemPrefix="com.OriginalFiles.Analyze.java" Intrnl_Id="2243">
<LocList>
<Loc EndOffset="8959" SrcFileId="8" StartOffset="8853"/>
</LocList>
</BasicStmnt>
<CondStmnt CovItemId="S106" CovItemPrefix="com.OriginalFiles.Analyze.java" Intrnl_Id="2244">
<Branch CovItemId="B67" CovItemPrefix="com.OriginalFiles.Analyze.java" Implct="false" Intrnl_Id="2245">
<Cond/>
<LocList>
<Loc EndOffset="9111" SrcFileId="8" StartOffset="8992"/>
</LocList>
<StmntSeq Intrnl_Id="2246">
<LocList>
<Loc EndOffset="9100" SrcFileId="8" StartOffset="9007"/>
</LocList>
<BasicStmnt CovItemId="S107" CovItemPrefix="com.OriginalFiles.Analyze.java" Intrnl_Id="2247">
<LocList>
<Loc EndOffset="9100" SrcFileId="8" StartOffset="9007"/>
</LocList>
</BasicStmnt>
</StmntSeq>
</Branch>
<Branch CovItemId="B68" CovItemPrefix="com.OriginalFiles.Analyze.java" Implct="true" Intrnl_Id="2248">
<Cond/>
<LocList/>
<StmntSeq Intrnl_Id="2249">
<LocList/>
</StmntSeq>
</Branch>
<Keyword EndOffset="8971" SrcFileId="8" StartOffset="8969"/>
<LocList>
<Loc EndOffset="9111" SrcFileId="8" StartOffset="8969"/>
</LocList>
<RootTerm CovItemId="C35" CovItemPrefix="com.OriginalFiles.Analyze.java" Intrnl_Id="2250">
<BasicBoolTerm Intrnl_Id="2251">
<LocList>
<Loc EndOffset="8990" SrcFileId="8" StartOffset="8973"/>
</LocList>
</BasicBoolTerm>
</RootTerm>
</CondStmnt>
<BasicStmnt CovItemId="S108" CovItemPrefix="com.OriginalFiles.Analyze.java" Intrnl_Id="2252">
<LocList>
<Loc EndOffset="9226" SrcFileId="8" StartOffset="9121"/>
</LocList>
</BasicStmnt>
<CondStmnt CovItemId="S109" CovItemPrefix="com.OriginalFiles.Analyze.java" Intrnl_Id="2253">
<Branch CovItemId="B69" CovItemPrefix="com.OriginalFiles.Analyze.java" Implct="false" Intrnl_Id="2254">
<Cond/>
<LocList>
<Loc EndOffset="9378" SrcFileId="8" StartOffset="9259"/>
</LocList>
<StmntSeq Intrnl_Id="2255">
<LocList>
<Loc EndOffset="9367" SrcFileId="8" StartOffset="9274"/>
</LocList>
<BasicStmnt CovItemId="S110" CovItemPrefix="com.OriginalFiles.Analyze.java" Intrnl_Id="2256">
<LocList>
<Loc EndOffset="9367" SrcFileId="8" StartOffset="9274"/>
</LocList>
</BasicStmnt>
</StmntSeq>
</Branch>
<Branch CovItemId="B70" CovItemPrefix="com.OriginalFiles.Analyze.java" Implct="true" Intrnl_Id="2257">
<Cond/>
<LocList/>
<StmntSeq Intrnl_Id="2258">
<LocList/>
</StmntSeq>
</Branch>
<Keyword EndOffset="9238" SrcFileId="8" StartOffset="9236"/>
<LocList>
<Loc EndOffset="9378" SrcFileId="8" StartOffset="9236"/>
</LocList>
<RootTerm CovItemId="C36" CovItemPrefix="com.OriginalFiles.Analyze.java" Intrnl_Id="2259">
<BasicBoolTerm Intrnl_Id="2260">
<LocList>
<Loc EndOffset="9257" SrcFileId="8" StartOffset="9240"/>
</LocList>
</BasicBoolTerm>
</RootTerm>
</CondStmnt>
<BasicStmnt CovItemId="S111" CovItemPrefix="com.OriginalFiles.Analyze.java" Intrnl_Id="2261">
<LocList>
<Loc EndOffset="9492" SrcFileId="8" StartOffset="9388"/>
</LocList>
</BasicStmnt>
<CondStmnt CovItemId="S112" CovItemPrefix="com.OriginalFiles.Analyze.java" Intrnl_Id="2262">
<Branch CovItemId="B71" CovItemPrefix="com.OriginalFiles.Analyze.java" Implct="false" Intrnl_Id="2263">
<Cond/>
<LocList>
<Loc EndOffset="9644" SrcFileId="8" StartOffset="9525"/>
</LocList>
<StmntSeq Intrnl_Id="2264">
<LocList>
<Loc EndOffset="9633" SrcFileId="8" StartOffset="9540"/>
</LocList>
<BasicStmnt CovItemId="S113" CovItemPrefix="com.OriginalFiles.Analyze.java" Intrnl_Id="2265">
<LocList>
<Loc EndOffset="9633" SrcFileId="8" StartOffset="9540"/>
</LocList>
</BasicStmnt>
</StmntSeq>
</Branch>
<Branch CovItemId="B72" CovItemPrefix="com.OriginalFiles.Analyze.java" Implct="true" Intrnl_Id="2266">
<Cond/>
<LocList/>
<StmntSeq Intrnl_Id="2267">
<LocList/>
</StmntSeq>
</Branch>
<Keyword EndOffset="9504" SrcFileId="8" StartOffset="9502"/>
<LocList>
<Loc EndOffset="9644" SrcFileId="8" StartOffset="9502"/>
</LocList>
<RootTerm CovItemId="C37" CovItemPrefix="com.OriginalFiles.Analyze.java" Intrnl_Id="2268">
<BasicBoolTerm Intrnl_Id="2269">
<LocList>
<Loc EndOffset="9523" SrcFileId="8" StartOffset="9506"/>
</LocList>
</BasicBoolTerm>
</RootTerm>
</CondStmnt>
<CondStmnt CovItemId="S114" CovItemPrefix="com.OriginalFiles.Analyze.java" Intrnl_Id="2270">
<Branch CovItemId="B73" CovItemPrefix="com.OriginalFiles.Analyze.java" Implct="false" Intrnl_Id="2271">
<Cond/>
<LocList>
<Loc EndOffset="9749" SrcFileId="8" StartOffset="9684"/>
</LocList>
<StmntSeq Intrnl_Id="2272">
<LocList>
<Loc EndOffset="9738" SrcFileId="8" StartOffset="9699"/>
</LocList>
<BasicStmnt CovItemId="S115" CovItemPrefix="com.OriginalFiles.Analyze.java" Intrnl_Id="2273">
<LocList>
<Loc EndOffset="9738" SrcFileId="8" StartOffset="9699"/>
</LocList>
</BasicStmnt>
</StmntSeq>
</Branch>
<Branch CovItemId="B74" CovItemPrefix="com.OriginalFiles.Analyze.java" Implct="true" Intrnl_Id="2274">
<Cond/>
<LocList/>
<StmntSeq Intrnl_Id="2275">
<LocList/>
</StmntSeq>
</Branch>
<Keyword EndOffset="9658" SrcFileId="8" StartOffset="9656"/>
<LocList>
<Loc EndOffset="9749" SrcFileId="8" StartOffset="9656"/>
</LocList>
<RootTerm CovItemId="C38" CovItemPrefix="com.OriginalFiles.Analyze.java" Intrnl_Id="2276">
<BasicBoolTerm Intrnl_Id="2277">
<LocList>
<Loc EndOffset="9682" SrcFileId="8" StartOffset="9660"/>
</LocList>
</BasicBoolTerm>
</RootTerm>
</CondStmnt>
<LoopStmnt CovItemId="S116" CovItemPrefix="com.OriginalFiles.Analyze.java" Intrnl_Id="2278" MltplExecId="L5-2" MltplExecPrefix="com.OriginalFiles.Analyze.java" NvrExecId="L5-0" NvrExecPrefix="com.OriginalFiles.Analyze.java" OnceExecutedId="L5-1" OnceExecutedPrefix="com.OriginalFiles.Analyze.java" OptBodyExec="true">
<StmntSeq Intrnl_Id="2279">
<LocList>
<Loc EndOffset="9852" SrcFileId="8" StartOffset="9820"/>
</LocList>
<BasicStmnt CovItemId="S117" CovItemPrefix="com.OriginalFiles.Analyze.java" Intrnl_Id="2280">
<LocList>
<Loc EndOffset="9852" SrcFileId="8" StartOffset="9820"/>
</LocList>
</BasicStmnt>
</StmntSeq>
<Keyword EndOffset="9764" SrcFileId="8" StartOffset="9761"/>
<LocList>
<Loc EndOffset="9863" SrcFileId="8" StartOffset="9761"/>
</LocList>
<RootTerm CovItemId="C39" CovItemPrefix="com.OriginalFiles.Analyze.java" Intrnl_Id="2281">
<BasicBoolTerm Intrnl_Id="2282">
<LocList>
<Loc EndOffset="9798" SrcFileId="8" StartOffset="9777"/>
</LocList>
</BasicBoolTerm>
</RootTerm>
</LoopStmnt>
<BasicStmnt CovItemId="S118" CovItemPrefix="com.OriginalFiles.Analyze.java" Intrnl_Id="2283">
<LocList>
<Loc EndOffset="9891" SrcFileId="8" StartOffset="9873"/>
</LocList>
</BasicStmnt>
</StmntSeq>
</HierarchyLvl>
<HierarchyLvl HierarchyLvlId="309" HierarchyLvlTypeId="14" Intrnl_Id="2284" Name="findJumpPiece">
<Header>
<Loc EndOffset="10006" SrcFileId="8" StartOffset="9906"/>
</Header>
<LocList>
<Loc EndOffset="12585" SrcFileId="8" StartOffset="9906"/>
</LocList>
<StmntSeq Intrnl_Id="2285">
<LocList>
<Loc EndOffset="10076" SrcFileId="8" StartOffset="10018"/>
<Loc EndOffset="10176" SrcFileId="8" StartOffset="10086"/>
<Loc EndOffset="10215" SrcFileId="8" StartOffset="10186"/>
<Loc EndOffset="12555" SrcFileId="8" StartOffset="10225"/>
<Loc EndOffset="12578" SrcFileId="8" StartOffset="12565"/>
</LocList>
<BasicStmnt CovItemId="S119" CovItemPrefix="com.OriginalFiles.Analyze.java" Intrnl_Id="2286">
<LocList>
<Loc EndOffset="10076" SrcFileId="8" StartOffset="10018"/>
</LocList>
</BasicStmnt>
<BasicStmnt CovItemId="S120" CovItemPrefix="com.OriginalFiles.Analyze.java" Intrnl_Id="2287">
<LocList>
<Loc EndOffset="10176" SrcFileId="8" StartOffset="10086"/>
</LocList>
</BasicStmnt>
<BasicStmnt CovItemId="S121" CovItemPrefix="com.OriginalFiles.Analyze.java" Intrnl_Id="2288">
<LocList>
<Loc EndOffset="10215" SrcFileId="8" StartOffset="10186"/>
</LocList>
</BasicStmnt>
<LoopStmnt CovItemId="S122" CovItemPrefix="com.OriginalFiles.Analyze.java" Intrnl_Id="2289" MltplExecId="L6-2" MltplExecPrefix="com.OriginalFiles.Analyze.java" NvrExecId="L6-0" NvrExecPrefix="com.OriginalFiles.Analyze.java" OnceExecutedId="L6-1" OnceExecutedPrefix="com.OriginalFiles.Analyze.java" OptBodyExec="true">
<StmntSeq Intrnl_Id="2290">
<LocList>
<Loc EndOffset="10321" SrcFileId="8" StartOffset="10282"/>
<Loc EndOffset="10386" SrcFileId="8" StartOffset="10335"/>
<Loc EndOffset="12544" SrcFileId="8" StartOffset="10400"/>
</LocList>
<BasicStmnt CovItemId="S123" CovItemPrefix="com.OriginalFiles.Analyze.java" Intrnl_Id="2291">
<LocList>
<Loc EndOffset="10321" SrcFileId="8" StartOffset="10282"/>
</LocList>
</BasicStmnt>
<BasicStmnt CovItemId="S124" CovItemPrefix="com.OriginalFiles.Analyze.java" Intrnl_Id="2292">
<LocList>
<Loc EndOffset="10386" SrcFileId="8" StartOffset="10335"/>
</LocList>
</BasicStmnt>
<CondStmnt CovItemId="S125" CovItemPrefix="com.OriginalFiles.Analyze.java" Intrnl_Id="2293">
<Branch CovItemId="B75" CovItemPrefix="com.OriginalFiles.Analyze.java" Implct="false" Intrnl_Id="2294">
<Cond/>
<LocList>
<Loc EndOffset="12544" SrcFileId="8" StartOffset="10464"/>
</LocList>
<StmntSeq Intrnl_Id="2295">
<LocList>
<Loc EndOffset="10547" SrcFileId="8" StartOffset="10483"/>
<Loc EndOffset="10597" SrcFileId="8" StartOffset="10565"/>
<Loc EndOffset="12499" SrcFileId="8" StartOffset="10615"/>
<Loc EndOffset="12529" SrcFileId="8" StartOffset="12517"/>
</LocList>
<BasicStmnt CovItemId="S126" CovItemPrefix="com.OriginalFiles.Analyze.java" Intrnl_Id="2296">
<LocList>
<Loc EndOffset="10547" SrcFileId="8" StartOffset="10483"/>
</LocList>
</BasicStmnt>
<BasicStmnt CovItemId="S127" CovItemPrefix="com.OriginalFiles.Analyze.java" Intrnl_Id="2297">
<LocList>
<Loc EndOffset="10597" SrcFileId="8" StartOffset="10565"/>
</LocList>
</BasicStmnt>
<LoopStmnt CovItemId="S128" CovItemPrefix="com.OriginalFiles.Analyze.java" Intrnl_Id="2298" MltplExecId="L7-2" MltplExecPrefix="com.OriginalFiles.Analyze.java" NvrExecId="L7-0" NvrExecPrefix="com.OriginalFiles.Analyze.java" OnceExecutedId="L7-1" OnceExecutedPrefix="com.OriginalFiles.Analyze.java" OptBodyExec="true">
<StmntSeq Intrnl_Id="2299">
<LocList>
<Loc EndOffset="10704" SrcFileId="8" StartOffset="10670"/>
<Loc EndOffset="10765" SrcFileId="8" StartOffset="10726"/>
<Loc EndOffset="10964" SrcFileId="8" StartOffset="10787"/>
<Loc EndOffset="12480" SrcFileId="8" StartOffset="10986"/>
</LocList>
<BasicStmnt CovItemId="S129" CovItemPrefix="com.OriginalFiles.Analyze.java" Intrnl_Id="2300">
<LocList>
<Loc EndOffset="10704" SrcFileId="8" StartOffset="10670"/>
</LocList>
</BasicStmnt>
<BasicStmnt CovItemId="S130" CovItemPrefix="com.OriginalFiles.Analyze.java" Intrnl_Id="2301">
<LocList>
<Loc EndOffset="10765" SrcFileId="8" StartOffset="10726"/>
</LocList>
</BasicStmnt>
<BasicStmnt CovItemId="S131" CovItemPrefix="com.OriginalFiles.Analyze.java" Intrnl_Id="2302">
<LocList>
<Loc EndOffset="10964" SrcFileId="8" StartOffset="10787"/>
</LocList>
</BasicStmnt>
<CondStmnt CovItemId="S132" CovItemPrefix="com.OriginalFiles.Analyze.java" Intrnl_Id="2303">
<Branch CovItemId="B77" CovItemPrefix="com.OriginalFiles.Analyze.java" Implct="false" Intrnl_Id="2304">
<Cond/>
<LocList>
<Loc EndOffset="11567" SrcFileId="8" StartOffset="11030"/>
</LocList>
<StmntSeq Intrnl_Id="2305">
<LocList>
<Loc EndOffset="11067" SrcFileId="8" StartOffset="11057"/>
<Loc EndOffset="11544" SrcFileId="8" StartOffset="11093"/>
</LocList>
<BasicStmnt CovItemId="S133" CovItemPrefix="com.OriginalFiles.Analyze.java" Intrnl_Id="2306">
<LocList>
<Loc EndOffset="11067" SrcFileId="8" StartOffset="11057"/>
</LocList>
</BasicStmnt>
<LoopStmnt CovItemId="S134" CovItemPrefix="com.OriginalFiles.Analyze.java" Intrnl_Id="2307" MltplExecId="L8-2" MltplExecPrefix="com.OriginalFiles.Analyze.java" NvrExecId="L8-0" NvrExecPrefix="com.OriginalFiles.Analyze.java" OnceExecutedId="L8-1" OnceExecutedPrefix="com.OriginalFiles.Analyze.java" OptBodyExec="true">
<StmntSeq Intrnl_Id="2308">
<LocList>
<Loc EndOffset="11483" SrcFileId="8" StartOffset="11141"/>
<Loc EndOffset="11517" SrcFileId="8" StartOffset="11513"/>
</LocList>
<CondStmnt CovItemId="S135" CovItemPrefix="com.OriginalFiles.Analyze.java" Intrnl_Id="2309">
<Branch CovItemId="B79" CovItemPrefix="com.OriginalFiles.Analyze.java" Implct="false" Intrnl_Id="2310">
<Cond/>
<LocList>
<Loc EndOffset="11483" SrcFileId="8" StartOffset="11186"/>
</LocList>
<StmntSeq Intrnl_Id="2311">
<LocList>
<Loc EndOffset="11452" SrcFileId="8" StartOffset="11280"/>
</LocList>
<BasicStmnt CovItemId="S136" CovItemPrefix="com.OriginalFiles.Analyze.java" Intrnl_Id="2312">
<LocList>
<Loc EndOffset="11452" SrcFileId="8" StartOffset="11280"/>
</LocList>
</BasicStmnt>
</StmntSeq>
</Branch>
<Branch CovItemId="B80" CovItemPrefix="com.OriginalFiles.Analyze.java" Implct="true" Intrnl_Id="2313">
<Cond/>
<LocList/>
<StmntSeq Intrnl_Id="2314">
<LocList/>
</StmntSeq>
</Branch>
<Keyword EndOffset="11143" SrcFileId="8" StartOffset="11141"/>
<LocList>
<Loc EndOffset="11483" SrcFileId="8" StartOffset="11141"/>
</LocList>
<RootTerm CovItemId="C45" CovItemPrefix="com.OriginalFiles.Analyze.java" Intrnl_Id="2315">
<BasicBoolTerm Intrnl_Id="2316">
<LocList>
<Loc EndOffset="11184" SrcFileId="8" StartOffset="11145"/>
</LocList>
</BasicBoolTerm>
</RootTerm>
</CondStmnt>
<BasicStmnt CovItemId="S137" CovItemPrefix="com.OriginalFiles.Analyze.java" Intrnl_Id="2317">
<LocList>
<Loc EndOffset="11517" SrcFileId="8" StartOffset="11513"/>
</LocList>
</BasicStmnt>
</StmntSeq>
<Keyword EndOffset="11098" SrcFileId="8" StartOffset="11093"/>
<LocList>
<Loc EndOffset="11544" SrcFileId="8" StartOffset="11093"/>
</LocList>
<RootTerm CovItemId="C44" CovItemPrefix="com.OriginalFiles.Analyze.java" Intrnl_Id="2318">
<OpTerm BooleanOpId="9" Intrnl_Id="2319">
<BasicBoolTerm Intrnl_Id="2320">
<LocList>
<Loc EndOffset="11107" SrcFileId="8" StartOffset="11102"/>
</LocList>
</BasicBoolTerm>
<LocList>
<Loc EndOffset="11101" SrcFileId="8" StartOffset="11100"/>
</LocList>
</OpTerm>
</RootTerm>
</LoopStmnt>
</StmntSeq>
</Branch>
<Branch CovItemId="B78" CovItemPrefix="com.OriginalFiles.Analyze.java" Implct="false" Intrnl_Id="2321">
<Cond>
<Loc EndOffset="11572" SrcFileId="8" StartOffset="11568"/>
</Cond>
<LocList>
<Loc EndOffset="12480" SrcFileId="8" StartOffset="11573"/>
</LocList>
<StmntSeq Intrnl_Id="2322">
<LocList>
<Loc EndOffset="11610" SrcFileId="8" StartOffset="11600"/>
<Loc EndOffset="11646" SrcFileId="8" StartOffset="11636"/>
<Loc EndOffset="12304" SrcFileId="8" StartOffset="11672"/>
<Loc EndOffset="12457" SrcFileId="8" StartOffset="12330"/>
</LocList>
<BasicStmnt CovItemId="S138" CovItemPrefix="com.OriginalFiles.Analyze.java" Intrnl_Id="2323">
<LocList>
<Loc EndOffset="11610" SrcFileId="8" StartOffset="11600"/>
</LocList>
</BasicStmnt>
<BasicStmnt CovItemId="S139" CovItemPrefix="com.OriginalFiles.Analyze.java" Intrnl_Id="2324">
<LocList>
<Loc EndOffset="11646" SrcFileId="8" StartOffset="11636"/>
</LocList>
</BasicStmnt>
<LoopStmnt CovItemId="S140" CovItemPrefix="com.OriginalFiles.Analyze.java" Intrnl_Id="2325" MltplExecId="L9-2" MltplExecPrefix="com.OriginalFiles.Analyze.java" NvrExecId="L9-0" NvrExecPrefix="com.OriginalFiles.Analyze.java" OnceExecutedId="L9-1" OnceExecutedPrefix="com.OriginalFiles.Analyze.java" OptBodyExec="true">
<StmntSeq Intrnl_Id="2326">
<LocList>
<Loc EndOffset="12170" SrcFileId="8" StartOffset="11799"/>
<Loc EndOffset="12204" SrcFileId="8" StartOffset="12200"/>
<Loc EndOffset="12277" SrcFileId="8" StartOffset="12234"/>
</LocList>
<LoopStmnt CovItemId="S141" CovItemPrefix="com.OriginalFiles.Analyze.java" Intrnl_Id="2327" MltplExecId="L10-2" MltplExecPrefix="com.OriginalFiles.Analyze.java" NvrExecId="L10-0" NvrExecPrefix="com.OriginalFiles.Analyze.java" OnceExecutedId="L10-1" OnceExecutedPrefix="com.OriginalFiles.Analyze.java" OptBodyExec="true">
<StmntSeq Intrnl_Id="2328">
<LocList>
<Loc EndOffset="12101" SrcFileId="8" StartOffset="11924"/>
<Loc EndOffset="12139" SrcFileId="8" StartOffset="12135"/>
</LocList>
<CondStmnt CovItemId="S142" CovItemPrefix="com.OriginalFiles.Analyze.java" Intrnl_Id="2329">
<Branch CovItemId="B81" CovItemPrefix="com.OriginalFiles.Analyze.java" Implct="false" Intrnl_Id="2330">
<Cond/>
<LocList>
<Loc EndOffset="12101" SrcFileId="8" StartOffset="12015"/>
</LocList>
<StmntSeq Intrnl_Id="2331">
<LocList>
<Loc EndOffset="12066" SrcFileId="8" StartOffset="12054"/>
</LocList>
<BasicStmnt CovItemId="S143" CovItemPrefix="com.OriginalFiles.Analyze.java" Intrnl_Id="2332">
<LocList>
<Loc EndOffset="12066" SrcFileId="8" StartOffset="12054"/>
</LocList>
</BasicStmnt>
</StmntSeq>
</Branch>
<Branch CovItemId="B82" CovItemPrefix="com.OriginalFiles.Analyze.java" Implct="true" Intrnl_Id="2333">
<Cond/>
<LocList/>
<StmntSeq Intrnl_Id="2334">
<LocList/>
</StmntSeq>
</Branch>
<Keyword EndOffset="11926" SrcFileId="8" StartOffset="11924"/>
<LocList>
<Loc EndOffset="12101" SrcFileId="8" StartOffset="11924"/>
</LocList>
<RootTerm CovItemId="C48" CovItemPrefix="com.OriginalFiles.Analyze.java" Intrnl_Id="2335">
<BasicBoolTerm Intrnl_Id="2336">
<LocList>
<Loc EndOffset="12013" SrcFileId="8" StartOffset="11928"/>
</LocList>
</BasicBoolTerm>
</RootTerm>
</CondStmnt>
<BasicStmnt CovItemId="S144" CovItemPrefix="com.OriginalFiles.Analyze.java" Intrnl_Id="2337">
<LocList>
<Loc EndOffset="12139" SrcFileId="8" StartOffset="12135"/>
</LocList>
</BasicStmnt>
</StmntSeq>
<Keyword EndOffset="11804" SrcFileId="8" StartOffset="11799"/>
<LocList>
<Loc EndOffset="12170" SrcFileId="8" StartOffset="11799"/>
</LocList>
<RootTerm CovItemId="C47" CovItemPrefix="com.OriginalFiles.Analyze.java" Intrnl_Id="2338">
<BasicBoolTerm Intrnl_Id="2339">
<LocList>
<Loc EndOffset="11887" SrcFileId="8" StartOffset="11806"/>
</LocList>
</BasicBoolTerm>
</RootTerm>
</LoopStmnt>
<BasicStmnt CovItemId="S145" CovItemPrefix="com.OriginalFiles.Analyze.java" Intrnl_Id="2340">
<LocList>
<Loc EndOffset="12204" SrcFileId="8" StartOffset="12200"/>
</LocList>
</BasicStmnt>
<BasicStmnt CovItemId="S146" CovItemPrefix="com.OriginalFiles.Analyze.java" Intrnl_Id="2341">
<LocList>
<Loc EndOffset="12277" SrcFileId="8" StartOffset="12234"/>
</LocList>
</BasicStmnt>
</StmntSeq>
<Keyword EndOffset="11684" SrcFileId="8" StartOffset="11679"/>
<LocList>
<Loc EndOffset="12304" SrcFileId="8" StartOffset="11672"/>
</LocList>
<RootTerm CovItemId="C46" CovItemPrefix="com.OriginalFiles.Analyze.java" Intrnl_Id="2342">
<BasicBoolTerm Intrnl_Id="2343">
<LocList>
<Loc EndOffset="11766" SrcFileId="8" StartOffset="11686"/>
</LocList>
</BasicBoolTerm>
</RootTerm>
</LoopStmnt>
<BasicStmnt CovItemId="S147" CovItemPrefix="com.OriginalFiles.Analyze.java" Intrnl_Id="2344">
<LocList>
<Loc EndOffset="12457" SrcFileId="8" StartOffset="12330"/>
</LocList>
</BasicStmnt>
</StmntSeq>
</Branch>
<Keyword EndOffset="10988" SrcFileId="8" StartOffset="10986"/>
<LocList>
<Loc EndOffset="12480" SrcFileId="8" StartOffset="10986"/>
</LocList>
<RootTerm CovItemId="C43" CovItemPrefix="com.OriginalFiles.Analyze.java" Intrnl_Id="2345">
<BasicBoolTerm Intrnl_Id="2346">
<LocList>
<Loc EndOffset="11028" SrcFileId="8" StartOffset="10990"/>
</LocList>
</BasicBoolTerm>
</RootTerm>
</CondStmnt>
</StmntSeq>
<Keyword EndOffset="10618" SrcFileId="8" StartOffset="10615"/>
<LocList>
<Loc EndOffset="12499" SrcFileId="8" StartOffset="10615"/>
</LocList>
<RootTerm CovItemId="C42" CovItemPrefix="com.OriginalFiles.Analyze.java" Intrnl_Id="2347">
<BasicBoolTerm Intrnl_Id="2348">
<LocList>
<Loc EndOffset="10640" SrcFileId="8" StartOffset="10631"/>
</LocList>
</BasicBoolTerm>
</RootTerm>
</LoopStmnt>
<BasicStmnt CovItemId="S148" CovItemPrefix="com.OriginalFiles.Analyze.java" Intrnl_Id="2349">
<LocList>
<Loc EndOffset="12529" SrcFileId="8" StartOffset="12517"/>
</LocList>
</BasicStmnt>
</StmntSeq>
</Branch>
<Branch CovItemId="B76" CovItemPrefix="com.OriginalFiles.Analyze.java" Implct="true" Intrnl_Id="2350">
<Cond/>
<LocList/>
<StmntSeq Intrnl_Id="2351">
<LocList/>
</StmntSeq>
</Branch>
<Keyword EndOffset="10402" SrcFileId="8" StartOffset="10400"/>
<LocList>
<Loc EndOffset="12544" SrcFileId="8" StartOffset="10400"/>
</LocList>
<RootTerm CovItemId="C41" CovItemPrefix="com.OriginalFiles.Analyze.java" Intrnl_Id="2352">
<OpTerm BooleanOpId="9" Intrnl_Id="2353">
<BasicBoolTerm Intrnl_Id="2354">
<LocList>
<Loc EndOffset="10462" SrcFileId="8" StartOffset="10405"/>
</LocList>
</BasicBoolTerm>
<LocList>
<Loc EndOffset="10405" SrcFileId="8" StartOffset="10404"/>
</LocList>
</OpTerm>
</RootTerm>
</CondStmnt>
</StmntSeq>
<Keyword EndOffset="10228" SrcFileId="8" StartOffset="10225"/>
<LocList>
<Loc EndOffset="12555" SrcFileId="8" StartOffset="10225"/>
</LocList>
<RootTerm CovItemId="C40" CovItemPrefix="com.OriginalFiles.Analyze.java" Intrnl_Id="2355">
<BasicBoolTerm Intrnl_Id="2356">
<LocList>
<Loc EndOffset="10260" SrcFileId="8" StartOffset="10241"/>
</LocList>
</BasicBoolTerm>
</RootTerm>
</LoopStmnt>
<BasicStmnt CovItemId="S149" CovItemPrefix="com.OriginalFiles.Analyze.java" Intrnl_Id="2357">
<LocList>
<Loc EndOffset="12578" SrcFileId="8" StartOffset="12565"/>
</LocList>
</BasicStmnt>
</StmntSeq>
</HierarchyLvl>
<HierarchyLvl HierarchyLvlId="310" HierarchyLvlTypeId="14" Intrnl_Id="2358" Name="checkForUpgradeKing">
<Header>
<Loc EndOffset="12708" SrcFileId="8" StartOffset="12593"/>
</Header>
<LocList>
<Loc EndOffset="14152" SrcFileId="8" StartOffset="12593"/>
</LocList>
<StmntSeq Intrnl_Id="2359">
<LocList>
<Loc EndOffset="14145" SrcFileId="8" StartOffset="12720"/>
</LocList>
<CondStmnt CovItemId="S150" CovItemPrefix="com.OriginalFiles.Analyze.java" Intrnl_Id="2360">
<Branch CovItemId="B83" CovItemPrefix="com.OriginalFiles.Analyze.java" Implct="false" Intrnl_Id="2361">
<Cond/>
<LocList>
<Loc EndOffset="14145" SrcFileId="8" StartOffset="12764"/>
</LocList>
<StmntSeq Intrnl_Id="2362">
<LocList>
<Loc EndOffset="14134" SrcFileId="8" StartOffset="12779"/>
</LocList>
<CondStmnt CovItemId="S151" CovItemPrefix="com.OriginalFiles.Analyze.java" Intrnl_Id="2363">
<Branch CovItemId="B85" CovItemPrefix="com.OriginalFiles.Analyze.java" Implct="false" Intrnl_Id="2364">
<Cond/>
<LocList>
<Loc EndOffset="13078" SrcFileId="8" StartOffset="12828"/>
</LocList>
<StmntSeq Intrnl_Id="2365">
<LocList>
<Loc EndOffset="12905" SrcFileId="8" StartOffset="12847"/>
<Loc EndOffset="12964" SrcFileId="8" StartOffset="12923"/>
<Loc EndOffset="13063" SrcFileId="8" StartOffset="12982"/>
</LocList>
<BasicStmnt CovItemId="S152" CovItemPrefix="com.OriginalFiles.Analyze.java" Intrnl_Id="2366">
<LocList>
<Loc EndOffset="12905" SrcFileId="8" StartOffset="12847"/>
</LocList>
</BasicStmnt>
<BasicStmnt CovItemId="S153" CovItemPrefix="com.OriginalFiles.Analyze.java" Intrnl_Id="2367">
<LocList>
<Loc EndOffset="12964" SrcFileId="8" StartOffset="12923"/>
</LocList>
</BasicStmnt>
<CondStmnt CovItemId="S154" CovItemPrefix="com.OriginalFiles.Analyze.java" Intrnl_Id="2368">
<Branch CovItemId="B87" CovItemPrefix="com.OriginalFiles.Analyze.java" Implct="false" Intrnl_Id="2369">
<Cond/>
<LocList>
<Loc EndOffset="13063" SrcFileId="8" StartOffset="13000"/>
</LocList>
<StmntSeq Intrnl_Id="2370">
<LocList>
<Loc EndOffset="13044" SrcFileId="8" StartOffset="13023"/>
</LocList>
<BasicStmnt CovItemId="S155" CovItemPrefix="com.OriginalFiles.Analyze.java" Intrnl_Id="2371">
<LocList>
<Loc EndOffset="13044" SrcFileId="8" StartOffset="13023"/>
</LocList>
</BasicStmnt>
</StmntSeq>
</Branch>
<Branch CovItemId="B88" CovItemPrefix="com.OriginalFiles.Analyze.java" Implct="true" Intrnl_Id="2372">
<Cond/>
<LocList/>
<StmntSeq Intrnl_Id="2373">
<LocList/>
</StmntSeq>
</Branch>
<Keyword EndOffset="12984" SrcFileId="8" StartOffset="12982"/>
<LocList>
<Loc EndOffset="13063" SrcFileId="8" StartOffset="12982"/>
</LocList>
<RootTerm CovItemId="C51" CovItemPrefix="com.OriginalFiles.Analyze.java" Intrnl_Id="2374">
<OpTerm BooleanOpId="9" Intrnl_Id="2375">
<BasicBoolTerm Intrnl_Id="2376">
<LocList>
<Loc EndOffset="12998" SrcFileId="8" StartOffset="12987"/>
</LocList>
</BasicBoolTerm>
<LocList>
<Loc EndOffset="12987" SrcFileId="8" StartOffset="12986"/>
</LocList>
</OpTerm>
</RootTerm>
</CondStmnt>
</StmntSeq>
</Branch>
<Branch CovItemId="B86" CovItemPrefix="com.OriginalFiles.Analyze.java" Implct="false" Intrnl_Id="2377">
<Cond>
<Loc EndOffset="13083" SrcFileId="8" StartOffset="13079"/>
</Cond>
<LocList>
<Loc EndOffset="14134" SrcFileId="8" StartOffset="13084"/>
</LocList>
<StmntSeq Intrnl_Id="2378">
<LocList>
<Loc EndOffset="14119" SrcFileId="8" StartOffset="13103"/>
</LocList>
<CondStmnt CovItemId="S156" CovItemPrefix="com.OriginalFiles.Analyze.java" Intrnl_Id="2379">
<Branch CovItemId="B89" CovItemPrefix="com.OriginalFiles.Analyze.java" Implct="false" Intrnl_Id="2380">
<Cond/>
<LocList>
<Loc EndOffset="13318" SrcFileId="8" StartOffset="13120"/>
</LocList>
<StmntSeq Intrnl_Id="2381">
<LocList>
<Loc EndOffset="13236" SrcFileId="8" StartOffset="13143"/>
<Loc EndOffset="13299" SrcFileId="8" StartOffset="13258"/>
</LocList>
<BasicStmnt CovItemId="S157" CovItemPrefix="com.OriginalFiles.Analyze.java" Intrnl_Id="2382">
<LocList>
<Loc EndOffset="13236" SrcFileId="8" StartOffset="13143"/>
</LocList>
</BasicStmnt>
<BasicStmnt CovItemId="S158" CovItemPrefix="com.OriginalFiles.Analyze.java" Intrnl_Id="2383">
<LocList>
<Loc EndOffset="13299" SrcFileId="8" StartOffset="13258"/>
</LocList>
</BasicStmnt>
</StmntSeq>
</Branch>
<Branch CovItemId="B90" CovItemPrefix="com.OriginalFiles.Analyze.java" Implct="false" Intrnl_Id="2384">
<Cond>
<Loc EndOffset="13323" SrcFileId="8" StartOffset="13319"/>
</Cond>
<LocList>
<Loc EndOffset="14119" SrcFileId="8" StartOffset="13324"/>
</LocList>
<StmntSeq Intrnl_Id="2385">
<LocList>
<Loc EndOffset="13372" SrcFileId="8" StartOffset="13347"/>
<Loc EndOffset="13404" SrcFileId="8" StartOffset="13394"/>
<Loc EndOffset="14100" SrcFileId="8" StartOffset="13426"/>
</LocList>
<BasicStmnt CovItemId="S159" CovItemPrefix="com.OriginalFiles.Analyze.java" Intrnl_Id="2386">
<LocList>
<Loc EndOffset="13372" SrcFileId="8" StartOffset="13347"/>
</LocList>
</BasicStmnt>
<BasicStmnt CovItemId="S160" CovItemPrefix="com.OriginalFiles.Analyze.java" Intrnl_Id="2387">
<LocList>
<Loc EndOffset="13404" SrcFileId="8" StartOffset="13394"/>
</LocList>
</BasicStmnt>
<LoopStmnt CovItemId="S161" CovItemPrefix="com.OriginalFiles.Analyze.java" Intrnl_Id="2388" MltplExecId="L11-2" MltplExecPrefix="com.OriginalFiles.Analyze.java" NvrExecId="L11-0" NvrExecPrefix="com.OriginalFiles.Analyze.java" OnceExecutedId="L11-1" OnceExecutedPrefix="com.OriginalFiles.Analyze.java" OptBodyExec="true">
<StmntSeq Intrnl_Id="2389">
<LocList>
<Loc EndOffset="13581" SrcFileId="8" StartOffset="13471"/>
<Loc EndOffset="14047" SrcFileId="8" StartOffset="13607"/>
<Loc EndOffset="14077" SrcFileId="8" StartOffset="14073"/>
</LocList>
<CondStmnt CovItemId="S162" CovItemPrefix="com.OriginalFiles.Analyze.java" Intrnl_Id="2390">
<Branch CovItemId="B91" CovItemPrefix="com.OriginalFiles.Analyze.java" Implct="false" Intrnl_Id="2391">
<Cond/>
<LocList>
<Loc EndOffset="13581" SrcFileId="8" StartOffset="13482"/>
</LocList>
<StmntSeq Intrnl_Id="2392">
<LocList>
<Loc EndOffset="13554" SrcFileId="8" StartOffset="13513"/>
</LocList>
<BasicStmnt CovItemId="S163" CovItemPrefix="com.OriginalFiles.Analyze.java" Intrnl_Id="2393">
<LocList>
<Loc EndOffset="13554" SrcFileId="8" StartOffset="13513"/>
</LocList>
</BasicStmnt>
</StmntSeq>
</Branch>
<Branch CovItemId="B92" CovItemPrefix="com.OriginalFiles.Analyze.java" Implct="true" Intrnl_Id="2394">
<Cond/>
<LocList/>
<StmntSeq Intrnl_Id="2395">
<LocList/>
</StmntSeq>
</Branch>
<Keyword EndOffset="13473" SrcFileId="8" StartOffset="13471"/>
<LocList>
<Loc EndOffset="13581" SrcFileId="8" StartOffset="13471"/>
</LocList>
<RootTerm CovItemId="C54" CovItemPrefix="com.OriginalFiles.Analyze.java" Intrnl_Id="2396">
<BasicBoolTerm Intrnl_Id="2397">
<LocList>
<Loc EndOffset="13480" SrcFileId="8" StartOffset="13475"/>
</LocList>
</BasicBoolTerm>
</RootTerm>
</CondStmnt>
<CondStmnt CovItemId="S164" CovItemPrefix="com.OriginalFiles.Analyze.java" Intrnl_Id="2398">
<Branch CovItemId="B93" CovItemPrefix="com.OriginalFiles.Analyze.java" Implct="false" Intrnl_Id="2399">
<Cond/>
<LocList>
<Loc EndOffset="14047" SrcFileId="8" StartOffset="13650"/>
</LocList>
<StmntSeq Intrnl_Id="2400">
<LocList>
<Loc EndOffset="13777" SrcFileId="8" StartOffset="13736"/>
<Loc EndOffset="13974" SrcFileId="8" StartOffset="13862"/>
<Loc EndOffset="14020" SrcFileId="8" StartOffset="14004"/>
</LocList>
<BasicStmnt CovItemId="S165" CovItemPrefix="com.OriginalFiles.Analyze.java" Intrnl_Id="2401">
<LocList>
<Loc EndOffset="13777" SrcFileId="8" StartOffset="13736"/>
</LocList>
</BasicStmnt>
<BasicStmnt CovItemId="S166" CovItemPrefix="com.OriginalFiles.Analyze.java" Intrnl_Id="2402">
<LocList>
<Loc EndOffset="13974" SrcFileId="8" StartOffset="13862"/>
</LocList>
</BasicStmnt>
<BasicStmnt CovItemId="S167" CovItemPrefix="com.OriginalFiles.Analyze.java" Intrnl_Id="2403">
<LocList>
<Loc EndOffset="14020" SrcFileId="8" StartOffset="14004"/>
</LocList>
</BasicStmnt>
</StmntSeq>
</Branch>
<Branch CovItemId="B94" CovItemPrefix="com.OriginalFiles.Analyze.java" Implct="true" Intrnl_Id="2404">
<Cond/>
<LocList/>
<StmntSeq Intrnl_Id="2405">
<LocList/>
</StmntSeq>
</Branch>
<Keyword EndOffset="13609" SrcFileId="8" StartOffset="13607"/>
<LocList>
<Loc EndOffset="14047" SrcFileId="8" StartOffset="13607"/>
</LocList>
<RootTerm CovItemId="C55" CovItemPrefix="com.OriginalFiles.Analyze.java" Intrnl_Id="2406">
<OpTerm BooleanOpId="9" Intrnl_Id="2407">
<BasicBoolTerm Intrnl_Id="2408">
<LocList>
<Loc EndOffset="13648" SrcFileId="8" StartOffset="13612"/>
</LocList>
</BasicBoolTerm>
<LocList>
<Loc EndOffset="13612" SrcFileId="8" StartOffset="13611"/>
</LocList>
</OpTerm>
</RootTerm>
</CondStmnt>
<BasicStmnt CovItemId="S168" CovItemPrefix="com.OriginalFiles.Analyze.java" Intrnl_Id="2409">
<LocList>
<Loc EndOffset="14077" SrcFileId="8" StartOffset="14073"/>
</LocList>
</BasicStmnt>
</StmntSeq>
<Keyword EndOffset="13431" SrcFileId="8" StartOffset="13426"/>
<LocList>
<Loc EndOffset="14100" SrcFileId="8" StartOffset="13426"/>
</LocList>
<RootTerm CovItemId="C53" CovItemPrefix="com.OriginalFiles.Analyze.java" Intrnl_Id="2410">
<OpTerm BooleanOpId="9" Intrnl_Id="2411">
<BasicBoolTerm Intrnl_Id="2412">
<LocList>
<Loc EndOffset="13442" SrcFileId="8" StartOffset="13434"/>
</LocList>
</BasicBoolTerm>
<LocList>
<Loc EndOffset="13434" SrcFileId="8" StartOffset="13433"/>
</LocList>
</OpTerm>
</RootTerm>
</LoopStmnt>
</StmntSeq>
</Branch>
<Keyword EndOffset="13105" SrcFileId="8" StartOffset="13103"/>
<LocList>
<Loc EndOffset="14119" SrcFileId="8" StartOffset="13103"/>
</LocList>
<RootTerm CovItemId="C52" CovItemPrefix="com.OriginalFiles.Analyze.java" Intrnl_Id="2413">
<BasicBoolTerm Intrnl_Id="2414">
<LocList>
<Loc EndOffset="13118" SrcFileId="8" StartOffset="13107"/>
</LocList>
</BasicBoolTerm>
</RootTerm>
</CondStmnt>
</StmntSeq>
</Branch>
<Keyword EndOffset="12781" SrcFileId="8" StartOffset="12779"/>
<LocList>
<Loc EndOffset="14134" SrcFileId="8" StartOffset="12779"/>
</LocList>
<RootTerm CovItemId="C50" CovItemPrefix="com.OriginalFiles.Analyze.java" Intrnl_Id="2415">
<BasicBoolTerm Intrnl_Id="2416">
<LocList>
<Loc EndOffset="12826" SrcFileId="8" StartOffset="12783"/>
</LocList>
</BasicBoolTerm>
</RootTerm>
</CondStmnt>
</StmntSeq>
</Branch>
<Branch CovItemId="B84" CovItemPrefix="com.OriginalFiles.Analyze.java" Implct="true" Intrnl_Id="2417">
<Cond/>
<LocList/>
<StmntSeq Intrnl_Id="2418">
<LocList/>
</StmntSeq>
</Branch>
<Keyword EndOffset="12722" SrcFileId="8" StartOffset="12720"/>
<LocList>
<Loc EndOffset="14145" SrcFileId="8" StartOffset="12720"/>
</LocList>
<RootTerm CovItemId="C49" CovItemPrefix="com.OriginalFiles.Analyze.java" Intrnl_Id="2419">
<BasicBoolTerm Intrnl_Id="2420">
<LocList>
<Loc EndOffset="12762" SrcFileId="8" StartOffset="12724"/>
</LocList>
</BasicBoolTerm>
</RootTerm>
</CondStmnt>
</StmntSeq>
</HierarchyLvl>
<HierarchyLvl HierarchyLvlId="311" HierarchyLvlTypeId="14" Intrnl_Id="2421" Name="checkRobotPieceReplaced">
<Header>
<Loc EndOffset="14331" SrcFileId="8" StartOffset="14257"/>
</Header>
<LocList>
<Loc EndOffset="16151" SrcFileId="8" StartOffset="14257"/>
</LocList>
<StmntSeq Intrnl_Id="2422">
<LocList>
<Loc EndOffset="16144" SrcFileId="8" StartOffset="14343"/>
</LocList>
<CondStmnt CovItemId="S169" CovItemPrefix="com.OriginalFiles.Analyze.java" Intrnl_Id="2423">
<Branch CovItemId="B95" CovItemPrefix="com.OriginalFiles.Analyze.java" Implct="false" Intrnl_Id="2424">
<Cond/>
<LocList>
<Loc EndOffset="16144" SrcFileId="8" StartOffset="14369"/>
</LocList>
<StmntSeq Intrnl_Id="2425">
<LocList>
<Loc EndOffset="14414" SrcFileId="8" StartOffset="14384"/>
<Loc EndOffset="16133" SrcFileId="8" StartOffset="14428"/>
</LocList>
<BasicStmnt CovItemId="S170" CovItemPrefix="com.OriginalFiles.Analyze.java" Intrnl_Id="2426">
<LocList>
<Loc EndOffset="14414" SrcFileId="8" StartOffset="14384"/>
</LocList>
</BasicStmnt>
<LoopStmnt CovItemId="S171" CovItemPrefix="com.OriginalFiles.Analyze.java" Intrnl_Id="2427" MltplExecId="L12-2" MltplExecPrefix="com.OriginalFiles.Analyze.java" NvrExecId="L12-0" NvrExecPrefix="com.OriginalFiles.Analyze.java" OnceExecutedId="L12-1" OnceExecutedPrefix="com.OriginalFiles.Analyze.java" OptBodyExec="true">
<StmntSeq Intrnl_Id="2428">
<LocList>
<Loc EndOffset="16118" SrcFileId="8" StartOffset="14470"/>
</LocList>
<CondStmnt CovItemId="S172" CovItemPrefix="com.OriginalFiles.Analyze.java" Intrnl_Id="2429">
<Branch CovItemId="B97" CovItemPrefix="com.OriginalFiles.Analyze.java" Implct="false" Intrnl_Id="2430">
<Cond/>
<LocList>
<Loc EndOffset="15972" SrcFileId="8" StartOffset="14570"/>
</LocList>
<StmntSeq Intrnl_Id="2431">
<LocList>
<Loc EndOffset="14616" SrcFileId="8" StartOffset="14593"/>
<Loc EndOffset="14650" SrcFileId="8" StartOffset="14640"/>
<Loc EndOffset="14682" SrcFileId="8" StartOffset="14672"/>
<Loc EndOffset="14714" SrcFileId="8" StartOffset="14704"/>
<Loc EndOffset="15320" SrcFileId="8" StartOffset="14736"/>
<Loc EndOffset="15467" SrcFileId="8" StartOffset="15342"/>
<Loc EndOffset="15911" SrcFileId="8" StartOffset="15489"/>
<Loc EndOffset="15953" SrcFileId="8" StartOffset="15933"/>
</LocList>
<BasicStmnt CovItemId="S173" CovItemPrefix="com.OriginalFiles.Analyze.java" Intrnl_Id="2432">
<LocList>
<Loc EndOffset="14616" SrcFileId="8" StartOffset="14593"/>
</LocList>
</BasicStmnt>
<BasicStmnt CovItemId="S174" CovItemPrefix="com.OriginalFiles.Analyze.java" Intrnl_Id="2433">
<LocList>
<Loc EndOffset="14650" SrcFileId="8" StartOffset="14640"/>
</LocList>
</BasicStmnt>
<BasicStmnt CovItemId="S175" CovItemPrefix="com.OriginalFiles.Analyze.java" Intrnl_Id="2434">
<LocList>
<Loc EndOffset="14682" SrcFileId="8" StartOffset="14672"/>
</LocList>
</BasicStmnt>
<BasicStmnt CovItemId="S176" CovItemPrefix="com.OriginalFiles.Analyze.java" Intrnl_Id="2435">
<LocList>
<Loc EndOffset="14714" SrcFileId="8" StartOffset="14704"/>
</LocList>
</BasicStmnt>
<LoopStmnt CovItemId="S177" CovItemPrefix="com.OriginalFiles.Analyze.java" Intrnl_Id="2436" MltplExecId="L13-2" MltplExecPrefix="com.OriginalFiles.Analyze.java" NvrExecId="L13-0" NvrExecPrefix="com.OriginalFiles.Analyze.java" OnceExecutedId="L13-1" OnceExecutedPrefix="com.OriginalFiles.Analyze.java" OptBodyExec="true">
<StmntSeq Intrnl_Id="2437">
<LocList>
<Loc EndOffset="15198" SrcFileId="8" StartOffset="14855"/>
<Loc EndOffset="15228" SrcFileId="8" StartOffset="15224"/>
<Loc EndOffset="15297" SrcFileId="8" StartOffset="15254"/>
</LocList>
<LoopStmnt CovItemId="S178" CovItemPrefix="com.OriginalFiles.Analyze.java" Intrnl_Id="2438" MltplExecId="L14-2" MltplExecPrefix="com.OriginalFiles.Analyze.java" NvrExecId="L14-0" NvrExecPrefix="com.OriginalFiles.Analyze.java" OnceExecutedId="L14-1" OnceExecutedPrefix="com.OriginalFiles.Analyze.java" OptBodyExec="true">
<StmntSeq Intrnl_Id="2439">
<LocList>
<Loc EndOffset="15137" SrcFileId="8" StartOffset="14972"/>
<Loc EndOffset="15171" SrcFileId="8" StartOffset="15167"/>
</LocList>
<CondStmnt CovItemId="S179" CovItemPrefix="com.OriginalFiles.Analyze.java" Intrnl_Id="2440">
<Branch CovItemId="B99" CovItemPrefix="com.OriginalFiles.Analyze.java" Implct="false" Intrnl_Id="2441">
<Cond/>
<LocList>
<Loc EndOffset="15137" SrcFileId="8" StartOffset="15059"/>
</LocList>
<StmntSeq Intrnl_Id="2442">
<LocList>
<Loc EndOffset="15106" SrcFileId="8" StartOffset="15094"/>
</LocList>
<BasicStmnt CovItemId="S180" CovItemPrefix="com.OriginalFiles.Analyze.java" Intrnl_Id="2443">
<LocList>
<Loc EndOffset="15106" SrcFileId="8" StartOffset="15094"/>
</LocList>
</BasicStmnt>
</StmntSeq>
</Branch>
<Branch CovItemId="B100" CovItemPrefix="com.OriginalFiles.Analyze.java" Implct="true" Intrnl_Id="2444">
<Cond/>
<LocList/>
<StmntSeq Intrnl_Id="2445">
<LocList/>
</StmntSeq>
</Branch>
<Keyword EndOffset="14974" SrcFileId="8" StartOffset="14972"/>
<LocList>
<Loc EndOffset="15137" SrcFileId="8" StartOffset="14972"/>
</LocList>
<RootTerm CovItemId="C61" CovItemPrefix="com.OriginalFiles.Analyze.java" Intrnl_Id="2446">
<BasicBoolTerm Intrnl_Id="2447">
<LocList>
<Loc EndOffset="15057" SrcFileId="8" StartOffset="14976"/>
</LocList>
</BasicBoolTerm>
</RootTerm>
</CondStmnt>
<BasicStmnt CovItemId="S181" CovItemPrefix="com.OriginalFiles.Analyze.java" Intrnl_Id="2448">
<LocList>
<Loc EndOffset="15171" SrcFileId="8" StartOffset="15167"/>
</LocList>
</BasicStmnt>
</StmntSeq>
<Keyword EndOffset="14860" SrcFileId="8" StartOffset="14855"/>
<LocList>
<Loc EndOffset="15198" SrcFileId="8" StartOffset="14855"/>
</LocList>
<RootTerm CovItemId="C60" CovItemPrefix="com.OriginalFiles.Analyze.java" Intrnl_Id="2449">
<BasicBoolTerm Intrnl_Id="2450">
<LocList>
<Loc EndOffset="14939" SrcFileId="8" StartOffset="14862"/>
</LocList>
</BasicBoolTerm>
</RootTerm>
</LoopStmnt>
<BasicStmnt CovItemId="S182" CovItemPrefix="com.OriginalFiles.Analyze.java" Intrnl_Id="2451">
<LocList>
<Loc EndOffset="15228" SrcFileId="8" StartOffset="15224"/>
</LocList>
</BasicStmnt>
<BasicStmnt CovItemId="S183" CovItemPrefix="com.OriginalFiles.Analyze.java" Intrnl_Id="2452">
<LocList>
<Loc EndOffset="15297" SrcFileId="8" StartOffset="15254"/>
</LocList>
</BasicStmnt>
</StmntSeq>
<Keyword EndOffset="14748" SrcFileId="8" StartOffset="14743"/>
<LocList>
<Loc EndOffset="15320" SrcFileId="8" StartOffset="14736"/>
</LocList>
<RootTerm CovItemId="C59" CovItemPrefix="com.OriginalFiles.Analyze.java" Intrnl_Id="2453">
<BasicBoolTerm Intrnl_Id="2454">
<LocList>
<Loc EndOffset="14826" SrcFileId="8" StartOffset="14750"/>
</LocList>
</BasicBoolTerm>
</RootTerm>
</LoopStmnt>
<BasicStmnt CovItemId="S184" CovItemPrefix="com.OriginalFiles.Analyze.java" Intrnl_Id="2455">
<LocList>
<Loc EndOffset="15467" SrcFileId="8" StartOffset="15342"/>
</LocList>
</BasicStmnt>
<LoopStmnt CovItemId="S185" CovItemPrefix="com.OriginalFiles.Analyze.java" Intrnl_Id="2456" MltplExecId="L15-2" MltplExecPrefix="com.OriginalFiles.Analyze.java" NvrExecId="L15-0" NvrExecPrefix="com.OriginalFiles.Analyze.java" OnceExecutedId="L15-1" OnceExecutedPrefix="com.OriginalFiles.Analyze.java" OptBodyExec="true">
<StmntSeq Intrnl_Id="2457">
<LocList>
<Loc EndOffset="15858" SrcFileId="8" StartOffset="15533"/>
<Loc EndOffset="15888" SrcFileId="8" StartOffset="15884"/>
</LocList>
<CondStmnt CovItemId="S186" CovItemPrefix="com.OriginalFiles.Analyze.java" Intrnl_Id="2458">
<Branch CovItemId="B101" CovItemPrefix="com.OriginalFiles.Analyze.java" Implct="false" Intrnl_Id="2459">
<Cond/>
<LocList>
<Loc EndOffset="15858" SrcFileId="8" StartOffset="15579"/>
</LocList>
<StmntSeq Intrnl_Id="2460">
<LocList>
<Loc EndOffset="15831" SrcFileId="8" StartOffset="15665"/>
</LocList>
<BasicStmnt CovItemId="S187" CovItemPrefix="com.OriginalFiles.Analyze.java" Intrnl_Id="2461">
<LocList>
<Loc EndOffset="15831" SrcFileId="8" StartOffset="15665"/>
</LocList>
</BasicStmnt>
</StmntSeq>
</Branch>
<Branch CovItemId="B102" CovItemPrefix="com.OriginalFiles.Analyze.java" Implct="true" Intrnl_Id="2462">
<Cond/>
<LocList/>
<StmntSeq Intrnl_Id="2463">
<LocList/>
</StmntSeq>
</Branch>
<Keyword EndOffset="15535" SrcFileId="8" StartOffset="15533"/>
<LocList>
<Loc EndOffset="15858" SrcFileId="8" StartOffset="15533"/>
</LocList>
<RootTerm CovItemId="C63" CovItemPrefix="com.OriginalFiles.Analyze.java" Intrnl_Id="2464">
<OpTerm BooleanOpId="9" Intrnl_Id="2465">
<BasicBoolTerm Intrnl_Id="2466">
<LocList>
<Loc EndOffset="15577" SrcFileId="8" StartOffset="15538"/>
</LocList>
</BasicBoolTerm>
<LocList>
<Loc EndOffset="15538" SrcFileId="8" StartOffset="15537"/>
</LocList>
</OpTerm>
</RootTerm>
</CondStmnt>
<BasicStmnt CovItemId="S188" CovItemPrefix="com.OriginalFiles.Analyze.java" Intrnl_Id="2467">
<LocList>
<Loc EndOffset="15888" SrcFileId="8" StartOffset="15884"/>
</LocList>
</BasicStmnt>
</StmntSeq>
<Keyword EndOffset="15494" SrcFileId="8" StartOffset="15489"/>
<LocList>
<Loc EndOffset="15911" SrcFileId="8" StartOffset="15489"/>
</LocList>
<RootTerm CovItemId="C62" CovItemPrefix="com.OriginalFiles.Analyze.java" Intrnl_Id="2468">
<OpTerm BooleanOpId="9" Intrnl_Id="2469">
<BasicBoolTerm Intrnl_Id="2470">
<LocList>
<Loc EndOffset="15503" SrcFileId="8" StartOffset="15498"/>
</LocList>
</BasicBoolTerm>
<LocList>
<Loc EndOffset="15497" SrcFileId="8" StartOffset="15496"/>
</LocList>
</OpTerm>
</RootTerm>
</LoopStmnt>
<BasicStmnt CovItemId="S189" CovItemPrefix="com.OriginalFiles.Analyze.java" Intrnl_Id="2471">
<LocList>
<Loc EndOffset="15953" SrcFileId="8" StartOffset="15933"/>
</LocList>
</BasicStmnt>
</StmntSeq>
</Branch>
<Branch CovItemId="B98" CovItemPrefix="com.OriginalFiles.Analyze.java" Implct="false" Intrnl_Id="2472">
<Cond>
<Loc EndOffset="15977" SrcFileId="8" StartOffset="15973"/>
</Cond>
<LocList>
<Loc EndOffset="16118" SrcFileId="8" StartOffset="15978"/>
</LocList>
<StmntSeq Intrnl_Id="2473">
<LocList>
<Loc EndOffset="16042" SrcFileId="8" StartOffset="16001"/>
<Loc EndOffset="16099" SrcFileId="8" StartOffset="16064"/>
</LocList>
<BasicStmnt CovItemId="S190" CovItemPrefix="com.OriginalFiles.Analyze.java" Intrnl_Id="2474">
<LocList>
<Loc EndOffset="16042" SrcFileId="8" StartOffset="16001"/>
</LocList>
</BasicStmnt>
<BasicStmnt CovItemId="S191" CovItemPrefix="com.OriginalFiles.Analyze.java" Intrnl_Id="2475">
<LocList>
<Loc EndOffset="16099" SrcFileId="8" StartOffset="16064"/>
</LocList>
</BasicStmnt>
</StmntSeq>
</Branch>
<Keyword EndOffset="14472" SrcFileId="8" StartOffset="14470"/>
<LocList>
<Loc EndOffset="16118" SrcFileId="8" StartOffset="14470"/>
</LocList>
<RootTerm CovItemId="C58" CovItemPrefix="com.OriginalFiles.Analyze.java" Intrnl_Id="2476">
<BasicBoolTerm Intrnl_Id="2477">
<LocList>
<Loc EndOffset="14568" SrcFileId="8" StartOffset="14474"/>
</LocList>
</BasicBoolTerm>
</RootTerm>
</CondStmnt>
</StmntSeq>
<Keyword EndOffset="14433" SrcFileId="8" StartOffset="14428"/>
<LocList>
<Loc EndOffset="16133" SrcFileId="8" StartOffset="14428"/>
</LocList>
<RootTerm CovItemId="C57" CovItemPrefix="com.OriginalFiles.Analyze.java" Intrnl_Id="2478">
<BasicBoolTerm Intrnl_Id="2479">
<LocList>
<Loc EndOffset="14449" SrcFileId="8" StartOffset="14435"/>
</LocList>
</BasicBoolTerm>
</RootTerm>
</LoopStmnt>
</StmntSeq>
</Branch>
<Branch CovItemId="B96" CovItemPrefix="com.OriginalFiles.Analyze.java" Implct="true" Intrnl_Id="2480">
<Cond/>
<LocList/>
<StmntSeq Intrnl_Id="2481">
<LocList/>
</StmntSeq>
</Branch>
<Keyword EndOffset="14345" SrcFileId="8" StartOffset="14343"/>
<LocList>
<Loc EndOffset="16144" SrcFileId="8" StartOffset="14343"/>
</LocList>
<RootTerm CovItemId="C56" CovItemPrefix="com.OriginalFiles.Analyze.java" Intrnl_Id="2482">
<BasicBoolTerm Intrnl_Id="2483">
<LocList>
<Loc EndOffset="14367" SrcFileId="8" StartOffset="14347"/>
</LocList>
</BasicBoolTerm>
</RootTerm>
</CondStmnt>
</StmntSeq>
</HierarchyLvl>
<HierarchyLvl HierarchyLvlId="312" HierarchyLvlTypeId="14" Intrnl_Id="2484" Name="findMyColors">
<Header>
<Loc EndOffset="16282" SrcFileId="8" StartOffset="16209"/>
</Header>
<LocList>
<Loc EndOffset="16700" SrcFileId="8" StartOffset="16209"/>
</LocList>
<StmntSeq Intrnl_Id="2485">
<LocList>
<Loc EndOffset="16340" SrcFileId="8" StartOffset="16294"/>
<Loc EndOffset="16693" SrcFileId="8" StartOffset="16350"/>
</LocList>
<BasicStmnt CovItemId="S192" CovItemPrefix="com.OriginalFiles.Analyze.java" Intrnl_Id="2486">
<LocList>
<Loc EndOffset="16340" SrcFileId="8" StartOffset="16294"/>
</LocList>
</BasicStmnt>
<CondStmnt CovItemId="S193" CovItemPrefix="com.OriginalFiles.Analyze.java" Intrnl_Id="2487">
<Branch CovItemId="B103" CovItemPrefix="com.OriginalFiles.Analyze.java" Implct="false" Intrnl_Id="2488">
<Cond/>
<LocList>
<Loc EndOffset="16449" SrcFileId="8" StartOffset="16391"/>
</LocList>
<StmntSeq Intrnl_Id="2489">
<LocList>
<Loc EndOffset="16438" SrcFileId="8" StartOffset="16406"/>
</LocList>
<BasicStmnt CovItemId="S194" CovItemPrefix="com.OriginalFiles.Analyze.java" Intrnl_Id="2490">
<LocList>
<Loc EndOffset="16438" SrcFileId="8" StartOffset="16406"/>
</LocList>
</BasicStmnt>
</StmntSeq>
</Branch>
<Branch CovItemId="B104" CovItemPrefix="com.OriginalFiles.Analyze.java" Implct="false" Intrnl_Id="2491">
<Cond>
<Loc EndOffset="16454" SrcFileId="8" StartOffset="16450"/>
</Cond>
<LocList>
<Loc EndOffset="16693" SrcFileId="8" StartOffset="16455"/>
</LocList>
<StmntSeq Intrnl_Id="2492">
<LocList>
<Loc EndOffset="16693" SrcFileId="8" StartOffset="16455"/>
</LocList>
<CondStmnt CovItemId="S195" CovItemPrefix="com.OriginalFiles.Analyze.java" Intrnl_Id="2493">
<Branch CovItemId="B105" CovItemPrefix="com.OriginalFiles.Analyze.java" Implct="false" Intrnl_Id="2494">
<Cond/>
<LocList>
<Loc EndOffset="16554" SrcFileId="8" StartOffset="16496"/>
</LocList>
<StmntSeq Intrnl_Id="2495">
<LocList>
<Loc EndOffset="16543" SrcFileId="8" StartOffset="16511"/>
</LocList>
<BasicStmnt CovItemId="S196" CovItemPrefix="com.OriginalFiles.Analyze.java" Intrnl_Id="2496">
<LocList>
<Loc EndOffset="16543" SrcFileId="8" StartOffset="16511"/>
</LocList>
</BasicStmnt>
</StmntSeq>
</Branch>
<Branch CovItemId="B106" CovItemPrefix="com.OriginalFiles.Analyze.java" Implct="false" Intrnl_Id="2497">
<Cond>
<Loc EndOffset="16559" SrcFileId="8" StartOffset="16555"/>
</Cond>
<LocList>
<Loc EndOffset="16693" SrcFileId="8" StartOffset="16560"/>
</LocList>
<StmntSeq Intrnl_Id="2498">
<LocList>
<Loc EndOffset="16605" SrcFileId="8" StartOffset="16575"/>
<Loc EndOffset="16653" SrcFileId="8" StartOffset="16619"/>
<Loc EndOffset="16682" SrcFileId="8" StartOffset="16667"/>
</LocList>
<BasicStmnt CovItemId="S197" CovItemPrefix="com.OriginalFiles.Analyze.java" Intrnl_Id="2499">
<LocList>
<Loc EndOffset="16605" SrcFileId="8" StartOffset="16575"/>
</LocList>
</BasicStmnt>
<BasicStmnt CovItemId="S198" CovItemPrefix="com.OriginalFiles.Analyze.java" Intrnl_Id="2500">
<LocList>
<Loc EndOffset="16653" SrcFileId="8" StartOffset="16619"/>
</LocList>
</BasicStmnt>
<BasicStmnt CovItemId="S199" CovItemPrefix="com.OriginalFiles.Analyze.java" Intrnl_Id="2501">
<LocList>
<Loc EndOffset="16682" SrcFileId="8" StartOffset="16667"/>
</LocList>
</BasicStmnt>
</StmntSeq>
</Branch>
<Keyword EndOffset="16457" SrcFileId="8" StartOffset="16455"/>
<LocList>
<Loc EndOffset="16693" SrcFileId="8" StartOffset="16455"/>
</LocList>
<RootTerm CovItemId="C65" CovItemPrefix="com.OriginalFiles.Analyze.java" Intrnl_Id="2502">
<BasicBoolTerm Intrnl_Id="2503">
<LocList>
<Loc EndOffset="16494" SrcFileId="8" StartOffset="16459"/>
</LocList>
</BasicBoolTerm>
</RootTerm>
</CondStmnt>
</StmntSeq>
</Branch>
<Keyword EndOffset="16352" SrcFileId="8" StartOffset="16350"/>
<LocList>
<Loc EndOffset="16693" SrcFileId="8" StartOffset="16350"/>
</LocList>
<RootTerm CovItemId="C64" CovItemPrefix="com.OriginalFiles.Analyze.java" Intrnl_Id="2504">
<BasicBoolTerm Intrnl_Id="2505">
<LocList>
<Loc EndOffset="16389" SrcFileId="8" StartOffset="16354"/>
</LocList>
</BasicBoolTerm>
</RootTerm>
</CondStmnt>
</StmntSeq>
</HierarchyLvl>
<HierarchyLvl HierarchyLvlId="313" HierarchyLvlTypeId="14" Intrnl_Id="2506" Name="getColor">
<Header>
<Loc EndOffset="16814" SrcFileId="8" StartOffset="16755"/>
</Header>
<LocList>
<Loc EndOffset="17651" SrcFileId="8" StartOffset="16755"/>
</LocList>
<StmntSeq Intrnl_Id="2507">
<LocList>
<Loc EndOffset="16884" SrcFileId="8" StartOffset="16826"/>
<Loc EndOffset="16927" SrcFileId="8" StartOffset="16896"/>
<Loc EndOffset="16972" SrcFileId="8" StartOffset="16937"/>
<Loc EndOffset="17015" SrcFileId="8" StartOffset="16982"/>
<Loc EndOffset="17644" SrcFileId="8" StartOffset="17025"/>
</LocList>
<BasicStmnt CovItemId="S200" CovItemPrefix="com.OriginalFiles.Analyze.java" Intrnl_Id="2508">
<LocList>
<Loc EndOffset="16884" SrcFileId="8" StartOffset="16826"/>
</LocList>
</BasicStmnt>
<BasicStmnt CovItemId="S201" CovItemPrefix="com.OriginalFiles.Analyze.java" Intrnl_Id="2509">
<LocList>
<Loc EndOffset="16927" SrcFileId="8" StartOffset="16896"/>
</LocList>
</BasicStmnt>
<BasicStmnt CovItemId="S202" CovItemPrefix="com.OriginalFiles.Analyze.java" Intrnl_Id="2510">
<LocList>
<Loc EndOffset="16972" SrcFileId="8" StartOffset="16937"/>
</LocList>
</BasicStmnt>
<BasicStmnt CovItemId="S203" CovItemPrefix="com.OriginalFiles.Analyze.java" Intrnl_Id="2511">
<LocList>
<Loc EndOffset="17015" SrcFileId="8" StartOffset="16982"/>
</LocList>
</BasicStmnt>
<CondStmnt CovItemId="S204" CovItemPrefix="com.OriginalFiles.Analyze.java" Intrnl_Id="2512">
<Branch CovItemId="B107" CovItemPrefix="com.OriginalFiles.Analyze.java" Implct="false" Intrnl_Id="2513">
<Cond/>
<LocList>
<Loc EndOffset="17163" SrcFileId="8" StartOffset="17126"/>
</LocList>
<StmntSeq Intrnl_Id="2514">
<LocList>
<Loc EndOffset="17152" SrcFileId="8" StartOffset="17141"/>
</LocList>
<BasicStmnt CovItemId="S205" CovItemPrefix="com.OriginalFiles.Analyze.java" Intrnl_Id="2515">
<LocList>
<Loc EndOffset="17152" SrcFileId="8" StartOffset="17141"/>
</LocList>
</BasicStmnt>
</StmntSeq>
</Branch>
<Branch CovItemId="B108" CovItemPrefix="com.OriginalFiles.Analyze.java" Implct="false" Intrnl_Id="2516">
<Cond>
<Loc EndOffset="17168" SrcFileId="8" StartOffset="17164"/>
</Cond>
<LocList>
<Loc EndOffset="17644" SrcFileId="8" StartOffset="17169"/>
</LocList>
<StmntSeq Intrnl_Id="2517">
<LocList>
<Loc EndOffset="17644" SrcFileId="8" StartOffset="17169"/>
</LocList>
<CondStmnt CovItemId="S206" CovItemPrefix="com.OriginalFiles.Analyze.java" Intrnl_Id="2518">
<Branch CovItemId="B109" CovItemPrefix="com.OriginalFiles.Analyze.java" Implct="false" Intrnl_Id="2519">
<Cond/>
<LocList>
<Loc EndOffset="17309" SrcFileId="8" StartOffset="17272"/>
</LocList>
<StmntSeq Intrnl_Id="2520">
<LocList>
<Loc EndOffset="17298" SrcFileId="8" StartOffset="17287"/>
</LocList>
<BasicStmnt CovItemId="S207" CovItemPrefix="com.OriginalFiles.Analyze.java" Intrnl_Id="2521">
<LocList>
<Loc EndOffset="17298" SrcFileId="8" StartOffset="17287"/>
</LocList>
</BasicStmnt>
</StmntSeq>
</Branch>
<Branch CovItemId="B110" CovItemPrefix="com.OriginalFiles.Analyze.java" Implct="false" Intrnl_Id="2522">
<Cond>
<Loc EndOffset="17314" SrcFileId="8" StartOffset="17310"/>
</Cond>
<LocList>
<Loc EndOffset="17644" SrcFileId="8" StartOffset="17315"/>
</LocList>
<StmntSeq Intrnl_Id="2523">
<LocList>
<Loc EndOffset="17644" SrcFileId="8" StartOffset="17315"/>
</LocList>
<CondStmnt CovItemId="S208" CovItemPrefix="com.OriginalFiles.Analyze.java" Intrnl_Id="2524">
<Branch CovItemId="B111" CovItemPrefix="com.OriginalFiles.Analyze.java" Implct="false" Intrnl_Id="2525">
<Cond/>
<LocList>
<Loc EndOffset="17455" SrcFileId="8" StartOffset="17418"/>
</LocList>
<StmntSeq Intrnl_Id="2526">
<LocList>
<Loc EndOffset="17444" SrcFileId="8" StartOffset="17433"/>
</LocList>
<BasicStmnt CovItemId="S209" CovItemPrefix="com.OriginalFiles.Analyze.java" Intrnl_Id="2527">
<LocList>
<Loc EndOffset="17444" SrcFileId="8" StartOffset="17433"/>
</LocList>
</BasicStmnt>
</StmntSeq>
</Branch>
<Branch CovItemId="B112" CovItemPrefix="com.OriginalFiles.Analyze.java" Implct="false" Intrnl_Id="2528">
<Cond>
<Loc EndOffset="17460" SrcFileId="8" StartOffset="17456"/>
</Cond>
<LocList>
<Loc EndOffset="17644" SrcFileId="8" StartOffset="17461"/>
</LocList>
<StmntSeq Intrnl_Id="2529">
<LocList>
<Loc EndOffset="17644" SrcFileId="8" StartOffset="17461"/>
</LocList>
<CondStmnt CovItemId="S210" CovItemPrefix="com.OriginalFiles.Analyze.java" Intrnl_Id="2530">
<Branch CovItemId="B113" CovItemPrefix="com.OriginalFiles.Analyze.java" Implct="false" Intrnl_Id="2531">
<Cond/>
<LocList>
<Loc EndOffset="17601" SrcFileId="8" StartOffset="17564"/>
</LocList>
<StmntSeq Intrnl_Id="2532">
<LocList>
<Loc EndOffset="17590" SrcFileId="8" StartOffset="17579"/>
</LocList>
<BasicStmnt CovItemId="S211" CovItemPrefix="com.OriginalFiles.Analyze.java" Intrnl_Id="2533">
<LocList>
<Loc EndOffset="17590" SrcFileId="8" StartOffset="17579"/>
</LocList>
</BasicStmnt>
</StmntSeq>
</Branch>
<Branch CovItemId="B114" CovItemPrefix="com.OriginalFiles.Analyze.java" Implct="false" Intrnl_Id="2534">
<Cond>
<Loc EndOffset="17606" SrcFileId="8" StartOffset="17602"/>
</Cond>
<LocList>
<Loc EndOffset="17644" SrcFileId="8" StartOffset="17607"/>
</LocList>
<StmntSeq Intrnl_Id="2535">
<LocList>
<Loc EndOffset="17633" SrcFileId="8" StartOffset="17622"/>
</LocList>
<BasicStmnt CovItemId="S212" CovItemPrefix="com.OriginalFiles.Analyze.java" Intrnl_Id="2536">
<LocList>
<Loc EndOffset="17633" SrcFileId="8" StartOffset="17622"/>
</LocList>
</BasicStmnt>
</StmntSeq>
</Branch>
<Keyword EndOffset="17463" SrcFileId="8" StartOffset="17461"/>
<LocList>
<Loc EndOffset="17644" SrcFileId="8" StartOffset="17461"/>
</LocList>
<RootTerm CovItemId="C69" CovItemPrefix="com.OriginalFiles.Analyze.java" Intrnl_Id="2537">
<OpTerm BooleanOpId="10" Intrnl_Id="2538">
<OpTerm BooleanOpId="10" Intrnl_Id="2539">
<OpTerm BooleanOpId="10" Intrnl_Id="2540">
<OpTerm BooleanOpId="10" Intrnl_Id="2541">
<OpTerm BooleanOpId="10" Intrnl_Id="2542">
<BasicBoolTerm Intrnl_Id="2543">
<LocList>
<Loc EndOffset="17474" SrcFileId="8" StartOffset="17465"/>
</LocList>
</BasicBoolTerm>
<BasicBoolTerm Intrnl_Id="2544">
<LocList>
<Loc EndOffset="17487" SrcFileId="8" StartOffset="17478"/>
</LocList>
</BasicBoolTerm>
<LocList>
<Loc EndOffset="17477" SrcFileId="8" StartOffset="17475"/>
</LocList>
</OpTerm>
<BasicBoolTerm Intrnl_Id="2545">
<LocList>
<Loc EndOffset="17502" SrcFileId="8" StartOffset="17491"/>
</LocList>
</BasicBoolTerm>
<LocList>
<Loc EndOffset="17490" SrcFileId="8" StartOffset="17488"/>
</LocList>
</OpTerm>
<BasicBoolTerm Intrnl_Id="2546">
<LocList>
<Loc EndOffset="17517" SrcFileId="8" StartOffset="17506"/>
</LocList>
</BasicBoolTerm>
<LocList>
<Loc EndOffset="17505" SrcFileId="8" StartOffset="17503"/>
</LocList>
</OpTerm>
<BasicBoolTerm Intrnl_Id="2547">
<LocList>
<Loc EndOffset="17548" SrcFileId="8" StartOffset="17538"/>
</LocList>
</BasicBoolTerm>
<LocList>
<Loc EndOffset="17537" SrcFileId="8" StartOffset="17535"/>
</LocList>
</OpTerm>
<BasicBoolTerm Intrnl_Id="2548">
<LocList>
<Loc EndOffset="17562" SrcFileId="8" StartOffset="17552"/>
</LocList>
</BasicBoolTerm>
<LocList>
<Loc EndOffset="17551" SrcFileId="8" StartOffset="17549"/>
</LocList>
</OpTerm>
</RootTerm>
</CondStmnt>
</StmntSeq>
</Branch>
<Keyword EndOffset="17317" SrcFileId="8" StartOffset="17315"/>
<LocList>
<Loc EndOffset="17644" SrcFileId="8" StartOffset="17315"/>
</LocList>
<RootTerm CovItemId="C68" CovItemPrefix="com.OriginalFiles.Analyze.java" Intrnl_Id="2549">
<OpTerm BooleanOpId="10" Intrnl_Id="2550">
<OpTerm BooleanOpId="10" Intrnl_Id="2551">
<OpTerm BooleanOpId="10" Intrnl_Id="2552">
<OpTerm BooleanOpId="10" Intrnl_Id="2553">
<OpTerm BooleanOpId="10" Intrnl_Id="2554">
<BasicBoolTerm Intrnl_Id="2555">
<LocList>
<Loc EndOffset="17328" SrcFileId="8" StartOffset="17319"/>
</LocList>
</BasicBoolTerm>
<BasicBoolTerm Intrnl_Id="2556">
<LocList>
<Loc EndOffset="17341" SrcFileId="8" StartOffset="17332"/>
</LocList>
</BasicBoolTerm>
<LocList>
<Loc EndOffset="17331" SrcFileId="8" StartOffset="17329"/>
</LocList>
</OpTerm>
<BasicBoolTerm Intrnl_Id="2557">
<LocList>
<Loc EndOffset="17356" SrcFileId="8" StartOffset="17345"/>
</LocList>
</BasicBoolTerm>
<LocList>
<Loc EndOffset="17344" SrcFileId="8" StartOffset="17342"/>
</LocList>
</OpTerm>
<BasicBoolTerm Intrnl_Id="2558">
<LocList>
<Loc EndOffset="17371" SrcFileId="8" StartOffset="17360"/>
</LocList>
</BasicBoolTerm>
<LocList>
<Loc EndOffset="17359" SrcFileId="8" StartOffset="17357"/>
</LocList>
</OpTerm>
<BasicBoolTerm Intrnl_Id="2559">
<LocList>
<Loc EndOffset="17402" SrcFileId="8" StartOffset="17392"/>
</LocList>
</BasicBoolTerm>
<LocList>
<Loc EndOffset="17391" SrcFileId="8" StartOffset="17389"/>
</LocList>
</OpTerm>
<BasicBoolTerm Intrnl_Id="2560">
<LocList>
<Loc EndOffset="17416" SrcFileId="8" StartOffset="17406"/>
</LocList>
</BasicBoolTerm>
<LocList>
<Loc EndOffset="17405" SrcFileId="8" StartOffset="17403"/>
</LocList>
</OpTerm>
</RootTerm>
</CondStmnt>
</StmntSeq>
</Branch>
<Keyword EndOffset="17171" SrcFileId="8" StartOffset="17169"/>
<LocList>
<Loc EndOffset="17644" SrcFileId="8" StartOffset="17169"/>
</LocList>
<RootTerm CovItemId="C67" CovItemPrefix="com.OriginalFiles.Analyze.java" Intrnl_Id="2561">
<OpTerm BooleanOpId="10" Intrnl_Id="2562">
<OpTerm BooleanOpId="10" Intrnl_Id="2563">
<OpTerm BooleanOpId="10" Intrnl_Id="2564">
<OpTerm BooleanOpId="10" Intrnl_Id="2565">
<OpTerm BooleanOpId="10" Intrnl_Id="2566">
<BasicBoolTerm Intrnl_Id="2567">
<LocList>
<Loc EndOffset="17182" SrcFileId="8" StartOffset="17173"/>
</LocList>
</BasicBoolTerm>
<BasicBoolTerm Intrnl_Id="2568">
<LocList>
<Loc EndOffset="17195" SrcFileId="8" StartOffset="17186"/>
</LocList>
</BasicBoolTerm>
<LocList>
<Loc EndOffset="17185" SrcFileId="8" StartOffset="17183"/>
</LocList>
</OpTerm>
<BasicBoolTerm Intrnl_Id="2569">
<LocList>
<Loc EndOffset="17210" SrcFileId="8" StartOffset="17199"/>
</LocList>
</BasicBoolTerm>
<LocList>
<Loc EndOffset="17198" SrcFileId="8" StartOffset="17196"/>
</LocList>
</OpTerm>
<BasicBoolTerm Intrnl_Id="2570">
<LocList>
<Loc EndOffset="17225" SrcFileId="8" StartOffset="17214"/>
</LocList>
</BasicBoolTerm>
<LocList>
<Loc EndOffset="17213" SrcFileId="8" StartOffset="17211"/>
</LocList>
</OpTerm>
<BasicBoolTerm Intrnl_Id="2571">
<LocList>
<Loc EndOffset="17256" SrcFileId="8" StartOffset="17246"/>
</LocList>
</BasicBoolTerm>
<LocList>
<Loc EndOffset="17245" SrcFileId="8" StartOffset="17243"/>
</LocList>
</OpTerm>
<BasicBoolTerm Intrnl_Id="2572">
<LocList>
<Loc EndOffset="17270" SrcFileId="8" StartOffset="17260"/>
</LocList>
</BasicBoolTerm>
<LocList>
<Loc EndOffset="17259" SrcFileId="8" StartOffset="17257"/>
</LocList>
</OpTerm>
</RootTerm>
</CondStmnt>
</StmntSeq>
</Branch>
<Keyword EndOffset="17027" SrcFileId="8" StartOffset="17025"/>
<LocList>
<Loc EndOffset="17644" SrcFileId="8" StartOffset="17025"/>
</LocList>
<RootTerm CovItemId="C66" CovItemPrefix="com.OriginalFiles.Analyze.java" Intrnl_Id="2573">
<OpTerm BooleanOpId="10" Intrnl_Id="2574">
<OpTerm BooleanOpId="10" Intrnl_Id="2575">
<OpTerm BooleanOpId="10" Intrnl_Id="2576">
<OpTerm BooleanOpId="10" Intrnl_Id="2577">
<OpTerm BooleanOpId="10" Intrnl_Id="2578">
<BasicBoolTerm Intrnl_Id="2579">
<LocList>
<Loc EndOffset="17038" SrcFileId="8" StartOffset="17029"/>
</LocList>
</BasicBoolTerm>
<BasicBoolTerm Intrnl_Id="2580">
<LocList>
<Loc EndOffset="17051" SrcFileId="8" StartOffset="17042"/>
</LocList>
</BasicBoolTerm>
<LocList>
<Loc EndOffset="17041" SrcFileId="8" StartOffset="17039"/>
</LocList>
</OpTerm>
<BasicBoolTerm Intrnl_Id="2581">
<LocList>
<Loc EndOffset="17066" SrcFileId="8" StartOffset="17055"/>
</LocList>
</BasicBoolTerm>
<LocList>
<Loc EndOffset="17054" SrcFileId="8" StartOffset="17052"/>
</LocList>
</OpTerm>
<BasicBoolTerm Intrnl_Id="2582">
<LocList>
<Loc EndOffset="17080" SrcFileId="8" StartOffset="17070"/>
</LocList>
</BasicBoolTerm>
<LocList>
<Loc EndOffset="17069" SrcFileId="8" StartOffset="17067"/>
</LocList>
</OpTerm>
<BasicBoolTerm Intrnl_Id="2583">
<LocList>
<Loc EndOffset="17111" SrcFileId="8" StartOffset="17101"/>
</LocList>
</BasicBoolTerm>
<LocList>
<Loc EndOffset="17100" SrcFileId="8" StartOffset="17098"/>
</LocList>
</OpTerm>
<BasicBoolTerm Intrnl_Id="2584">
<LocList>
<Loc EndOffset="17124" SrcFileId="8" StartOffset="17115"/>
</LocList>
</BasicBoolTerm>
<LocList>
<Loc EndOffset="17114" SrcFileId="8" StartOffset="17112"/>
</LocList>
</OpTerm>
</RootTerm>
</CondStmnt>
</StmntSeq>
</HierarchyLvl>
<HierarchyLvl HierarchyLvlId="314" HierarchyLvlTypeId="14" Intrnl_Id="2585" Name="checkForGameHasEnded">
<Header>
<Loc EndOffset="17766" SrcFileId="8" StartOffset="17659"/>
</Header>
<LocList>
<Loc EndOffset="18191" SrcFileId="8" StartOffset="17659"/>
</LocList>
<StmntSeq Intrnl_Id="2586">
<LocList>
<Loc EndOffset="18184" SrcFileId="8" StartOffset="17778"/>
</LocList>
<CondStmnt CovItemId="S213" CovItemPrefix="com.OriginalFiles.Analyze.java" Intrnl_Id="2587">
<Branch CovItemId="B115" CovItemPrefix="com.OriginalFiles.Analyze.java" Implct="false" Intrnl_Id="2588">
<Cond>
<Loc EndOffset="17831" SrcFileId="8" StartOffset="17825"/>
</Cond>
<LocList>
<Loc EndOffset="17859" SrcFileId="8" StartOffset="17846"/>
</LocList>
<StmntSeq Intrnl_Id="2589">
<LocList>
<Loc EndOffset="17859" SrcFileId="8" StartOffset="17846"/>
</LocList>
<BasicStmnt CovItemId="S214" CovItemPrefix="com.OriginalFiles.Analyze.java" Intrnl_Id="2590">
<LocList>
<Loc EndOffset="17859" SrcFileId="8" StartOffset="17846"/>
</LocList>
</BasicStmnt>
</StmntSeq>
</Branch>
<Branch CovItemId="B116" CovItemPrefix="com.OriginalFiles.Analyze.java" Implct="false" Intrnl_Id="2591">
<Cond>
<Loc EndOffset="17875" SrcFileId="8" StartOffset="17869"/>
</Cond>
<LocList>
<Loc EndOffset="17950" SrcFileId="8" StartOffset="17890"/>
</LocList>
<StmntSeq Intrnl_Id="2592">
<LocList>
<Loc EndOffset="17924" SrcFileId="8" StartOffset="17890"/>
<Loc EndOffset="17950" SrcFileId="8" StartOffset="17938"/>
</LocList>
<BasicStmnt CovItemId="S215" CovItemPrefix="com.OriginalFiles.Analyze.java" Intrnl_Id="2593">
<LocList>
<Loc EndOffset="17924" SrcFileId="8" StartOffset="17890"/>
</LocList>
</BasicStmnt>
<BasicStmnt CovItemId="S216" CovItemPrefix="com.OriginalFiles.Analyze.java" Intrnl_Id="2594">
<LocList>
<Loc EndOffset="17950" SrcFileId="8" StartOffset="17938"/>
</LocList>
</BasicStmnt>
</StmntSeq>
</Branch>
<Branch CovItemId="B117" CovItemPrefix="com.OriginalFiles.Analyze.java" Implct="false" Intrnl_Id="2595">
<Cond>
<Loc EndOffset="17966" SrcFileId="8" StartOffset="17960"/>
</Cond>
<LocList>
<Loc EndOffset="18041" SrcFileId="8" StartOffset="17981"/>
</LocList>
<StmntSeq Intrnl_Id="2596">
<LocList>
<Loc EndOffset="18015" SrcFileId="8" StartOffset="17981"/>
<Loc EndOffset="18041" SrcFileId="8" StartOffset="18029"/>
</LocList>
<BasicStmnt CovItemId="S217" CovItemPrefix="com.OriginalFiles.Analyze.java" Intrnl_Id="2597">
<LocList>
<Loc EndOffset="18015" SrcFileId="8" StartOffset="17981"/>
</LocList>
</BasicStmnt>
<BasicStmnt CovItemId="S218" CovItemPrefix="com.OriginalFiles.Analyze.java" Intrnl_Id="2598">
<LocList>
<Loc EndOffset="18041" SrcFileId="8" StartOffset="18029"/>
</LocList>
</BasicStmnt>
</StmntSeq>
</Branch>
<Branch CovItemId="B118" CovItemPrefix="com.OriginalFiles.Analyze.java" Implct="false" Intrnl_Id="2599">
<Cond>
<Loc EndOffset="18057" SrcFileId="8" StartOffset="18051"/>
</Cond>
<LocList>
<Loc EndOffset="18128" SrcFileId="8" StartOffset="18072"/>
</LocList>
<StmntSeq Intrnl_Id="2600">
<LocList>
<Loc EndOffset="18102" SrcFileId="8" StartOffset="18072"/>
<Loc EndOffset="18128" SrcFileId="8" StartOffset="18116"/>
</LocList>
<BasicStmnt CovItemId="S219" CovItemPrefix="com.OriginalFiles.Analyze.java" Intrnl_Id="2601">
<LocList>
<Loc EndOffset="18102" SrcFileId="8" StartOffset="18072"/>
</LocList>
</BasicStmnt>
<BasicStmnt CovItemId="S220" CovItemPrefix="com.OriginalFiles.Analyze.java" Intrnl_Id="2602">
<LocList>
<Loc EndOffset="18128" SrcFileId="8" StartOffset="18116"/>
</LocList>
</BasicStmnt>
</StmntSeq>
</Branch>
<Branch CovItemId="B119" CovItemPrefix="com.OriginalFiles.Analyze.java" Implct="false" Intrnl_Id="2603">
<Cond>
<Loc EndOffset="18145" SrcFileId="8" StartOffset="18138"/>
</Cond>
<LocList>
<Loc EndOffset="18173" SrcFileId="8" StartOffset="18160"/>
</LocList>
<StmntSeq Intrnl_Id="2604">
<LocList>
<Loc EndOffset="18173" SrcFileId="8" StartOffset="18160"/>
</LocList>
<BasicStmnt CovItemId="S221" CovItemPrefix="com.OriginalFiles.Analyze.java" Intrnl_Id="2605">
<LocList>
<Loc EndOffset="18173" SrcFileId="8" StartOffset="18160"/>
</LocList>
</BasicStmnt>
</StmntSeq>
</Branch>
<Keyword EndOffset="17784" SrcFileId="8" StartOffset="17778"/>
<LocList>
<Loc EndOffset="18184" SrcFileId="8" StartOffset="17778"/>
</LocList>
</CondStmnt>
</StmntSeq>
</HierarchyLvl>
<HierarchyLvl HierarchyLvlId="315" HierarchyLvlTypeId="14" Intrnl_Id="2606" Name="gameHasEnded">
<Header>
<Loc EndOffset="18359" SrcFileId="8" StartOffset="18311"/>
</Header>
<LocList>
<Loc EndOffset="20411" SrcFileId="8" StartOffset="18311"/>
</LocList>
<StmntSeq Intrnl_Id="2607">
<LocList>
<Loc EndOffset="18403" SrcFileId="8" StartOffset="18371"/>
<Loc EndOffset="18467" SrcFileId="8" StartOffset="18415"/>
<Loc EndOffset="18529" SrcFileId="8" StartOffset="18477"/>
<Loc EndOffset="18571" SrcFileId="8" StartOffset="18539"/>
<Loc EndOffset="18613" SrcFileId="8" StartOffset="18581"/>
<Loc EndOffset="19412" SrcFileId="8" StartOffset="18625"/>
<Loc EndOffset="19527" SrcFileId="8" StartOffset="19424"/>
<Loc EndOffset="19639" SrcFileId="8" StartOffset="19537"/>
<Loc EndOffset="20385" SrcFileId="8" StartOffset="19649"/>
<Loc EndOffset="20404" SrcFileId="8" StartOffset="20395"/>
</LocList>
<BasicStmnt CovItemId="S222" CovItemPrefix="com.OriginalFiles.Analyze.java" Intrnl_Id="2608">
<LocList>
<Loc EndOffset="18403" SrcFileId="8" StartOffset="18371"/>
</LocList>
</BasicStmnt>
<BasicStmnt CovItemId="S223" CovItemPrefix="com.OriginalFiles.Analyze.java" Intrnl_Id="2609">
<LocList>
<Loc EndOffset="18467" SrcFileId="8" StartOffset="18415"/>
</LocList>
</BasicStmnt>
<BasicStmnt CovItemId="S224" CovItemPrefix="com.OriginalFiles.Analyze.java" Intrnl_Id="2610">
<LocList>
<Loc EndOffset="18529" SrcFileId="8" StartOffset="18477"/>
</LocList>
</BasicStmnt>
<BasicStmnt CovItemId="S225" CovItemPrefix="com.OriginalFiles.Analyze.java" Intrnl_Id="2611">
<LocList>
<Loc EndOffset="18571" SrcFileId="8" StartOffset="18539"/>
</LocList>
</BasicStmnt>
<BasicStmnt CovItemId="S226" CovItemPrefix="com.OriginalFiles.Analyze.java" Intrnl_Id="2612">
<LocList>
<Loc EndOffset="18613" SrcFileId="8" StartOffset="18581"/>
</LocList>
</BasicStmnt>
<LoopStmnt CovItemId="S227" CovItemPrefix="com.OriginalFiles.Analyze.java" Intrnl_Id="2613" MltplExecId="L16-2" MltplExecPrefix="com.OriginalFiles.Analyze.java" NvrExecId="L16-0" NvrExecPrefix="com.OriginalFiles.Analyze.java" OnceExecutedId="L16-1" OnceExecutedPrefix="com.OriginalFiles.Analyze.java" OptBodyExec="true">
<StmntSeq Intrnl_Id="2614">
<LocList>
<Loc EndOffset="19401" SrcFileId="8" StartOffset="18680"/>
</LocList>
<LoopStmnt CovItemId="S228" CovItemPrefix="com.OriginalFiles.Analyze.java" Intrnl_Id="2615" MltplExecId="L17-2" MltplExecPrefix="com.OriginalFiles.Analyze.java" NvrExecId="L17-0" NvrExecPrefix="com.OriginalFiles.Analyze.java" OnceExecutedId="L17-1" OnceExecutedPrefix="com.OriginalFiles.Analyze.java" OptBodyExec="true">
<StmntSeq Intrnl_Id="2616">
<LocList>
<Loc EndOffset="19386" SrcFileId="8" StartOffset="18721"/>
</LocList>
<CondStmnt CovItemId="S229" CovItemPrefix="com.OriginalFiles.Analyze.java" Intrnl_Id="2617">
<Branch CovItemId="B120" CovItemPrefix="com.OriginalFiles.Analyze.java" Implct="false" Intrnl_Id="2618">
<Cond/>
<LocList>
<Loc EndOffset="19386" SrcFileId="8" StartOffset="18743"/>
</LocList>
<StmntSeq Intrnl_Id="2619">
<LocList>
<Loc EndOffset="19055" SrcFileId="8" StartOffset="18766"/>
<Loc EndOffset="19367" SrcFileId="8" StartOffset="19077"/>
</LocList>
<CondStmnt CovItemId="S230" CovItemPrefix="com.OriginalFiles.Analyze.java" Intrnl_Id="2620">
<Branch CovItemId="B122" CovItemPrefix="com.OriginalFiles.Analyze.java" Implct="false" Intrnl_Id="2621">
<Cond/>
<LocList>
<Loc EndOffset="19055" SrcFileId="8" StartOffset="18814"/>
</LocList>
<StmntSeq Intrnl_Id="2622">
<LocList>
<Loc EndOffset="18885" SrcFileId="8" StartOffset="18841"/>
<Loc EndOffset="19032" SrcFileId="8" StartOffset="18911"/>
</LocList>
<BasicStmnt CovItemId="S231" CovItemPrefix="com.OriginalFiles.Analyze.java" Intrnl_Id="2623">
<LocList>
<Loc EndOffset="18885" SrcFileId="8" StartOffset="18841"/>
</LocList>
</BasicStmnt>
<CondStmnt CovItemId="S232" CovItemPrefix="com.OriginalFiles.Analyze.java" Intrnl_Id="2624">
<Branch CovItemId="B124" CovItemPrefix="com.OriginalFiles.Analyze.java" Implct="false" Intrnl_Id="2625">
<Cond/>
<LocList>
<Loc EndOffset="19032" SrcFileId="8" StartOffset="18951"/>
</LocList>
<StmntSeq Intrnl_Id="2626">
<LocList>
<Loc EndOffset="19005" SrcFileId="8" StartOffset="18982"/>
</LocList>
<BasicStmnt CovItemId="S233" CovItemPrefix="com.OriginalFiles.Analyze.java" Intrnl_Id="2627">
<LocList>
<Loc EndOffset="19005" SrcFileId="8" StartOffset="18982"/>
</LocList>
</BasicStmnt>
</StmntSeq>
</Branch>
<Branch CovItemId="B125" CovItemPrefix="com.OriginalFiles.Analyze.java" Implct="true" Intrnl_Id="2628">
<Cond/>
<LocList/>
<StmntSeq Intrnl_Id="2629">
<LocList/>
</StmntSeq>
</Branch>
<Keyword EndOffset="18913" SrcFileId="8" StartOffset="18911"/>
<LocList>
<Loc EndOffset="19032" SrcFileId="8" StartOffset="18911"/>
</LocList>
<RootTerm CovItemId="C72" CovItemPrefix="com.OriginalFiles.Analyze.java" Intrnl_Id="2630">
<BasicBoolTerm Intrnl_Id="2631">
<LocList>
<Loc EndOffset="18949" SrcFileId="8" StartOffset="18915"/>
</LocList>
</BasicBoolTerm>
</RootTerm>
</CondStmnt>
</StmntSeq>
</Branch>
<Branch CovItemId="B123" CovItemPrefix="com.OriginalFiles.Analyze.java" Implct="true" Intrnl_Id="2632">
<Cond/>
<LocList/>
<StmntSeq Intrnl_Id="2633">
<LocList/>
</StmntSeq>
</Branch>
<Keyword EndOffset="18768" SrcFileId="8" StartOffset="18766"/>
<LocList>
<Loc EndOffset="19055" SrcFileId="8" StartOffset="18766"/>
</LocList>
<RootTerm CovItemId="C71" CovItemPrefix="com.OriginalFiles.Analyze.java" Intrnl_Id="2634">
<BasicBoolTerm Intrnl_Id="2635">
<LocList>
<Loc EndOffset="18812" SrcFileId="8" StartOffset="18770"/>
</LocList>
</BasicBoolTerm>
</RootTerm>
</CondStmnt>
<CondStmnt CovItemId="S234" CovItemPrefix="com.OriginalFiles.Analyze.java" Intrnl_Id="2636">
<Branch CovItemId="B126" CovItemPrefix="com.OriginalFiles.Analyze.java" Implct="false" Intrnl_Id="2637">
<Cond/>
<LocList>
<Loc EndOffset="19367" SrcFileId="8" StartOffset="19126"/>
</LocList>
<StmntSeq Intrnl_Id="2638">
<LocList>
<Loc EndOffset="19197" SrcFileId="8" StartOffset="19153"/>
<Loc EndOffset="19344" SrcFileId="8" StartOffset="19223"/>
</LocList>
<BasicStmnt CovItemId="S235" CovItemPrefix="com.OriginalFiles.Analyze.java" Intrnl_Id="2639">
<LocList>
<Loc EndOffset="19197" SrcFileId="8" StartOffset="19153"/>
</LocList>
</BasicStmnt>
<CondStmnt CovItemId="S236" CovItemPrefix="com.OriginalFiles.Analyze.java" Intrnl_Id="2640">
<Branch CovItemId="B128" CovItemPrefix="com.OriginalFiles.Analyze.java" Implct="false" Intrnl_Id="2641">
<Cond/>
<LocList>
<Loc EndOffset="19344" SrcFileId="8" StartOffset="19263"/>
</LocList>
<StmntSeq Intrnl_Id="2642">
<LocList>
<Loc EndOffset="19317" SrcFileId="8" StartOffset="19294"/>
</LocList>
<BasicStmnt CovItemId="S237" CovItemPrefix="com.OriginalFiles.Analyze.java" Intrnl_Id="2643">
<LocList>
<Loc EndOffset="19317" SrcFileId="8" StartOffset="19294"/>
</LocList>
</BasicStmnt>
</StmntSeq>
</Branch>
<Branch CovItemId="B129" CovItemPrefix="com.OriginalFiles.Analyze.java" Implct="true" Intrnl_Id="2644">
<Cond/>
<LocList/>
<StmntSeq Intrnl_Id="2645">
<LocList/>
</StmntSeq>
</Branch>
<Keyword EndOffset="19225" SrcFileId="8" StartOffset="19223"/>
<LocList>
<Loc EndOffset="19344" SrcFileId="8" StartOffset="19223"/>
</LocList>
<RootTerm CovItemId="C74" CovItemPrefix="com.OriginalFiles.Analyze.java" Intrnl_Id="2646">
<BasicBoolTerm Intrnl_Id="2647">
<LocList>
<Loc EndOffset="19261" SrcFileId="8" StartOffset="19227"/>
</LocList>
</BasicBoolTerm>
</RootTerm>
</CondStmnt>
</StmntSeq>
</Branch>
<Branch CovItemId="B127" CovItemPrefix="com.OriginalFiles.Analyze.java" Implct="true" Intrnl_Id="2648">
<Cond/>
<LocList/>
<StmntSeq Intrnl_Id="2649">
<LocList/>
</StmntSeq>
</Branch>
<Keyword EndOffset="19079" SrcFileId="8" StartOffset="19077"/>
<LocList>
<Loc EndOffset="19367" SrcFileId="8" StartOffset="19077"/>
</LocList>
<RootTerm CovItemId="C73" CovItemPrefix="com.OriginalFiles.Analyze.java" Intrnl_Id="2650">
<BasicBoolTerm Intrnl_Id="2651">
<LocList>
<Loc EndOffset="19124" SrcFileId="8" StartOffset="19081"/>
</LocList>
</BasicBoolTerm>
</RootTerm>
</CondStmnt>
</StmntSeq>
</Branch>
<Branch CovItemId="B121" CovItemPrefix="com.OriginalFiles.Analyze.java" Implct="true" Intrnl_Id="2652">
<Cond/>
<LocList/>
<StmntSeq Intrnl_Id="2653">
<LocList/>
</StmntSeq>
</Branch>
<Keyword EndOffset="18723" SrcFileId="8" StartOffset="18721"/>
<LocList>
<Loc EndOffset="19386" SrcFileId="8" StartOffset="18721"/>
</LocList>
<RootTerm CovItemId="C70" CovItemPrefix="com.OriginalFiles.Analyze.java" Intrnl_Id="2654">
<OpTerm BooleanOpId="9" Intrnl_Id="2655">
<BasicBoolTerm Intrnl_Id="2656">
<LocList>
<Loc EndOffset="18741" SrcFileId="8" StartOffset="18726"/>
</LocList>
</BasicBoolTerm>
<LocList>
<Loc EndOffset="18726" SrcFileId="8" StartOffset="18725"/>
</LocList>
</OpTerm>
</RootTerm>
</CondStmnt>
</StmntSeq>
<Keyword EndOffset="18683" SrcFileId="8" StartOffset="18680"/>
<LocList>
<Loc EndOffset="19401" SrcFileId="8" StartOffset="18680"/>
</LocList>
</LoopStmnt>
</StmntSeq>
<Keyword EndOffset="18628" SrcFileId="8" StartOffset="18625"/>
<LocList>
<Loc EndOffset="19412" SrcFileId="8" StartOffset="18625"/>
</LocList>
</LoopStmnt>
<CondStmnt CovItemId="S238" CovItemPrefix="com.OriginalFiles.Analyze.java" Intrnl_Id="2657">
<Branch CovItemId="B130" CovItemPrefix="com.OriginalFiles.Analyze.java" Implct="false" Intrnl_Id="2658">
<Cond/>
<LocList>
<Loc EndOffset="19527" SrcFileId="8" StartOffset="19492"/>
</LocList>
<StmntSeq Intrnl_Id="2659">
<LocList>
<Loc EndOffset="19516" SrcFileId="8" StartOffset="19507"/>
</LocList>
<BasicStmnt CovItemId="S239" CovItemPrefix="com.OriginalFiles.Analyze.java" Intrnl_Id="2660">
<LocList>
<Loc EndOffset="19516" SrcFileId="8" StartOffset="19507"/>
</LocList>
</BasicStmnt>
</StmntSeq>
</Branch>
<Branch CovItemId="B131" CovItemPrefix="com.OriginalFiles.Analyze.java" Implct="true" Intrnl_Id="2661">
<Cond/>
<LocList/>
<StmntSeq Intrnl_Id="2662">
<LocList/>
</StmntSeq>
</Branch>
<Keyword EndOffset="19426" SrcFileId="8" StartOffset="19424"/>
<LocList>
<Loc EndOffset="19527" SrcFileId="8" StartOffset="19424"/>
</LocList>
<RootTerm CovItemId="C75" CovItemPrefix="com.OriginalFiles.Analyze.java" Intrnl_Id="2663">
<OpTerm BooleanOpId="11" Intrnl_Id="2664">
<BasicBoolTerm Intrnl_Id="2665">
<LocList>
<Loc EndOffset="19454" SrcFileId="8" StartOffset="19428"/>
</LocList>
</BasicBoolTerm>
<OpTerm BooleanOpId="10" Intrnl_Id="2666">
<OpTerm BooleanOpId="9" Intrnl_Id="2667">
<BasicBoolTerm Intrnl_Id="2668">
<LocList>
<Loc EndOffset="19469" SrcFileId="8" StartOffset="19460"/>
</LocList>
</BasicBoolTerm>
<LocList>
<Loc EndOffset="19460" SrcFileId="8" StartOffset="19459"/>
</LocList>
</OpTerm>
<OpTerm BooleanOpId="9" Intrnl_Id="2669">
<BasicBoolTerm Intrnl_Id="2670">
<LocList>
<Loc EndOffset="19489" SrcFileId="8" StartOffset="19474"/>
</LocList>
</BasicBoolTerm>
<LocList>
<Loc EndOffset="19474" SrcFileId="8" StartOffset="19473"/>
</LocList>
</OpTerm>
<LocList>
<Loc EndOffset="19472" SrcFileId="8" StartOffset="19470"/>
</LocList>
</OpTerm>
<LocList>
<Loc EndOffset="19457" SrcFileId="8" StartOffset="19455"/>
</LocList>
</OpTerm>
</RootTerm>
</CondStmnt>
<CondStmnt CovItemId="S240" CovItemPrefix="com.OriginalFiles.Analyze.java" Intrnl_Id="2671">
<Branch CovItemId="B132" CovItemPrefix="com.OriginalFiles.Analyze.java" Implct="false" Intrnl_Id="2672">
<Cond/>
<LocList>
<Loc EndOffset="19639" SrcFileId="8" StartOffset="19604"/>
</LocList>
<StmntSeq Intrnl_Id="2673">
<LocList>
<Loc EndOffset="19628" SrcFileId="8" StartOffset="19619"/>
</LocList>
<BasicStmnt CovItemId="S241" CovItemPrefix="com.OriginalFiles.Analyze.java" Intrnl_Id="2674">
<LocList>
<Loc EndOffset="19628" SrcFileId="8" StartOffset="19619"/>
</LocList>
</BasicStmnt>
</StmntSeq>
</Branch>
<Branch CovItemId="B133" CovItemPrefix="com.OriginalFiles.Analyze.java" Implct="true" Intrnl_Id="2675">
<Cond/>
<LocList/>
<StmntSeq Intrnl_Id="2676">
<LocList/>
</StmntSeq>
</Branch>
<Keyword EndOffset="19539" SrcFileId="8" StartOffset="19537"/>
<LocList>
<Loc EndOffset="19639" SrcFileId="8" StartOffset="19537"/>
</LocList>
<RootTerm CovItemId="C76" CovItemPrefix="com.OriginalFiles.Analyze.java" Intrnl_Id="2677">
<OpTerm BooleanOpId="11" Intrnl_Id="2678">
<BasicBoolTerm Intrnl_Id="2679">
<LocList>
<Loc EndOffset="19567" SrcFileId="8" StartOffset="19541"/>
</LocList>
</BasicBoolTerm>
<OpTerm BooleanOpId="10" Intrnl_Id="2680">
<BasicBoolTerm Intrnl_Id="2681">
<LocList>
<Loc EndOffset="19581" SrcFileId="8" StartOffset="19572"/>
</LocList>
</BasicBoolTerm>
<OpTerm BooleanOpId="9" Intrnl_Id="2682">
<BasicBoolTerm Intrnl_Id="2683">
<LocList>
<Loc EndOffset="19601" SrcFileId="8" StartOffset="19586"/>
</LocList>
</BasicBoolTerm>
<LocList>
<Loc EndOffset="19586" SrcFileId="8" StartOffset="19585"/>
</LocList>
</OpTerm>
<LocList>
<Loc EndOffset="19584" SrcFileId="8" StartOffset="19582"/>
</LocList>
</OpTerm>
<LocList>
<Loc EndOffset="19570" SrcFileId="8" StartOffset="19568"/>
</LocList>
</OpTerm>
</RootTerm>
</CondStmnt>
<CondStmnt CovItemId="S242" CovItemPrefix="com.OriginalFiles.Analyze.java" Intrnl_Id="2684">
<Branch CovItemId="B134" CovItemPrefix="com.OriginalFiles.Analyze.java" Implct="false" Intrnl_Id="2685">
<Cond/>
<LocList>
<Loc EndOffset="20385" SrcFileId="8" StartOffset="19711"/>
</LocList>
<StmntSeq Intrnl_Id="2686">
<LocList>
<Loc EndOffset="20374" SrcFileId="8" StartOffset="19726"/>
</LocList>
<CondStmnt CovItemId="S243" CovItemPrefix="com.OriginalFiles.Analyze.java" Intrnl_Id="2687">
<Branch CovItemId="B136" CovItemPrefix="com.OriginalFiles.Analyze.java" Implct="false" Intrnl_Id="2688">
<Cond/>
<LocList>
<Loc EndOffset="20374" SrcFileId="8" StartOffset="19819"/>
</LocList>
<StmntSeq Intrnl_Id="2689">
<LocList>
<Loc EndOffset="19929" SrcFileId="8" StartOffset="19838"/>
<Loc EndOffset="20038" SrcFileId="8" StartOffset="19947"/>
<Loc EndOffset="20359" SrcFileId="8" StartOffset="20056"/>
</LocList>
<BasicStmnt CovItemId="S244" CovItemPrefix="com.OriginalFiles.Analyze.java" Intrnl_Id="2690">
<LocList>
<Loc EndOffset="19929" SrcFileId="8" StartOffset="19838"/>
</LocList>
</BasicStmnt>
<BasicStmnt CovItemId="S245" CovItemPrefix="com.OriginalFiles.Analyze.java" Intrnl_Id="2691">
<LocList>
<Loc EndOffset="20038" SrcFileId="8" StartOffset="19947"/>
</LocList>
</BasicStmnt>
<CondStmnt CovItemId="S246" CovItemPrefix="com.OriginalFiles.Analyze.java" Intrnl_Id="2692">
<Branch CovItemId="B138" CovItemPrefix="com.OriginalFiles.Analyze.java" Implct="false" Intrnl_Id="2693">
<Cond/>
<LocList>
<Loc EndOffset="20359" SrcFileId="8" StartOffset="20094"/>
</LocList>
<StmntSeq Intrnl_Id="2694">
<LocList>
<Loc EndOffset="20340" SrcFileId="8" StartOffset="20117"/>
</LocList>
<CondStmnt CovItemId="S247" CovItemPrefix="com.OriginalFiles.Analyze.java" Intrnl_Id="2695">
<Branch CovItemId="B140" CovItemPrefix="com.OriginalFiles.Analyze.java" Implct="false" Intrnl_Id="2696">
<Cond/>
<LocList>
<Loc EndOffset="20225" SrcFileId="8" StartOffset="20166"/>
</LocList>
<StmntSeq Intrnl_Id="2697">
<LocList>
<Loc EndOffset="20202" SrcFileId="8" StartOffset="20193"/>
</LocList>
<BasicStmnt CovItemId="S248" CovItemPrefix="com.OriginalFiles.Analyze.java" Intrnl_Id="2698">
<LocList>
<Loc EndOffset="20202" SrcFileId="8" StartOffset="20193"/>
</LocList>
</BasicStmnt>
</StmntSeq>
</Branch>
<Branch CovItemId="B141" CovItemPrefix="com.OriginalFiles.Analyze.java" Implct="false" Intrnl_Id="2699">
<Cond>
<Loc EndOffset="20230" SrcFileId="8" StartOffset="20226"/>
</Cond>
<LocList>
<Loc EndOffset="20340" SrcFileId="8" StartOffset="20231"/>
</LocList>
<StmntSeq Intrnl_Id="2700">
<LocList>
<Loc EndOffset="20340" SrcFileId="8" StartOffset="20231"/>
</LocList>
<CondStmnt CovItemId="S249" CovItemPrefix="com.OriginalFiles.Analyze.java" Intrnl_Id="2701">
<Branch CovItemId="B142" CovItemPrefix="com.OriginalFiles.Analyze.java" Implct="false" Intrnl_Id="2702">
<Cond/>
<LocList>
<Loc EndOffset="20340" SrcFileId="8" StartOffset="20281"/>
</LocList>
<StmntSeq Intrnl_Id="2703">
<LocList>
<Loc EndOffset="20317" SrcFileId="8" StartOffset="20308"/>
</LocList>
<BasicStmnt CovItemId="S250" CovItemPrefix="com.OriginalFiles.Analyze.java" Intrnl_Id="2704">
<LocList>
<Loc EndOffset="20317" SrcFileId="8" StartOffset="20308"/>
</LocList>
</BasicStmnt>
</StmntSeq>
</Branch>
<Branch CovItemId="B143" CovItemPrefix="com.OriginalFiles.Analyze.java" Implct="true" Intrnl_Id="2705">
<Cond/>
<LocList/>
<StmntSeq Intrnl_Id="2706">
<LocList/>
</StmntSeq>
</Branch>
<Keyword EndOffset="20233" SrcFileId="8" StartOffset="20231"/>
<LocList>
<Loc EndOffset="20340" SrcFileId="8" StartOffset="20231"/>
</LocList>
<RootTerm CovItemId="C81" CovItemPrefix="com.OriginalFiles.Analyze.java" Intrnl_Id="2707">
<OpTerm BooleanOpId="10" Intrnl_Id="2708">
<OpTerm BooleanOpId="9" Intrnl_Id="2709">
<BasicBoolTerm Intrnl_Id="2710">
<LocList>
<Loc EndOffset="20245" SrcFileId="8" StartOffset="20236"/>
</LocList>
</BasicBoolTerm>
<LocList>
<Loc EndOffset="20236" SrcFileId="8" StartOffset="20235"/>
</LocList>
</OpTerm>
<OpTerm BooleanOpId="9" Intrnl_Id="2711">
<BasicBoolTerm Intrnl_Id="2712">
<LocList>
<Loc EndOffset="20279" SrcFileId="8" StartOffset="20250"/>
</LocList>
</BasicBoolTerm>
<LocList>
<Loc EndOffset="20250" SrcFileId="8" StartOffset="20249"/>
</LocList>
</OpTerm>
<LocList>
<Loc EndOffset="20248" SrcFileId="8" StartOffset="20246"/>
</LocList>
</OpTerm>
</RootTerm>
</CondStmnt>
</StmntSeq>
</Branch>
<Keyword EndOffset="20119" SrcFileId="8" StartOffset="20117"/>
<LocList>
<Loc EndOffset="20340" SrcFileId="8" StartOffset="20117"/>
</LocList>
<RootTerm CovItemId="C80" CovItemPrefix="com.OriginalFiles.Analyze.java" Intrnl_Id="2713">
<OpTerm BooleanOpId="10" Intrnl_Id="2714">
<BasicBoolTerm Intrnl_Id="2715">
<LocList>
<Loc EndOffset="20130" SrcFileId="8" StartOffset="20121"/>
</LocList>
</BasicBoolTerm>
<OpTerm BooleanOpId="9" Intrnl_Id="2716">
<BasicBoolTerm Intrnl_Id="2717">
<LocList>
<Loc EndOffset="20164" SrcFileId="8" StartOffset="20135"/>
</LocList>
</BasicBoolTerm>
<LocList>
<Loc EndOffset="20135" SrcFileId="8" StartOffset="20134"/>
</LocList>
</OpTerm>
<LocList>
<Loc EndOffset="20133" SrcFileId="8" StartOffset="20131"/>
</LocList>
</OpTerm>
</RootTerm>
</CondStmnt>
</StmntSeq>
</Branch>
<Branch CovItemId="B139" CovItemPrefix="com.OriginalFiles.Analyze.java" Implct="true" Intrnl_Id="2718">
<Cond/>
<LocList/>
<StmntSeq Intrnl_Id="2719">
<LocList/>
</StmntSeq>
</Branch>
<Keyword EndOffset="20058" SrcFileId="8" StartOffset="20056"/>
<LocList>
<Loc EndOffset="20359" SrcFileId="8" StartOffset="20056"/>
</LocList>
<RootTerm CovItemId="C79" CovItemPrefix="com.OriginalFiles.Analyze.java" Intrnl_Id="2720">
<OpTerm BooleanOpId="11" Intrnl_Id="2721">
<BasicBoolTerm Intrnl_Id="2722">
<LocList>
<Loc EndOffset="20074" SrcFileId="8" StartOffset="20060"/>
</LocList>
</BasicBoolTerm>
<BasicBoolTerm Intrnl_Id="2723">
<LocList>
<Loc EndOffset="20092" SrcFileId="8" StartOffset="20078"/>
</LocList>
</BasicBoolTerm>
<LocList>
<Loc EndOffset="20077" SrcFileId="8" StartOffset="20075"/>
</LocList>
</OpTerm>
</RootTerm>
</CondStmnt>
</StmntSeq>
</Branch>
<Branch CovItemId="B137" CovItemPrefix="com.OriginalFiles.Analyze.java" Implct="true" Intrnl_Id="2724">
<Cond/>
<LocList/>
<StmntSeq Intrnl_Id="2725">
<LocList/>
</StmntSeq>
</Branch>
<Keyword EndOffset="19728" SrcFileId="8" StartOffset="19726"/>
<LocList>
<Loc EndOffset="20374" SrcFileId="8" StartOffset="19726"/>
</LocList>
<RootTerm CovItemId="C78" CovItemPrefix="com.OriginalFiles.Analyze.java" Intrnl_Id="2726">
<OpTerm BooleanOpId="10" Intrnl_Id="2727">
<BasicBoolTerm Intrnl_Id="2728">
<LocList>
<Loc EndOffset="19761" SrcFileId="8" StartOffset="19730"/>
</LocList>
</BasicBoolTerm>
<BasicBoolTerm Intrnl_Id="2729">
<LocList>
<Loc EndOffset="19817" SrcFileId="8" StartOffset="19786"/>
</LocList>
</BasicBoolTerm>
<LocList>
<Loc EndOffset="19785" SrcFileId="8" StartOffset="19783"/>
</LocList>
</OpTerm>
</RootTerm>
</CondStmnt>
</StmntSeq>
</Branch>
<Branch CovItemId="B135" CovItemPrefix="com.OriginalFiles.Analyze.java" Implct="true" Intrnl_Id="2730">
<Cond/>
<LocList/>
<StmntSeq Intrnl_Id="2731">
<LocList/>
</StmntSeq>
</Branch>
<Keyword EndOffset="19651" SrcFileId="8" StartOffset="19649"/>
<LocList>
<Loc EndOffset="20385" SrcFileId="8" StartOffset="19649"/>
</LocList>
<RootTerm CovItemId="C77" CovItemPrefix="com.OriginalFiles.Analyze.java" Intrnl_Id="2732">
<OpTerm BooleanOpId="10" Intrnl_Id="2733">
<BasicBoolTerm Intrnl_Id="2734">
<LocList>
<Loc EndOffset="19679" SrcFileId="8" StartOffset="19653"/>
</LocList>
</BasicBoolTerm>
<BasicBoolTerm Intrnl_Id="2735">
<LocList>
<Loc EndOffset="19709" SrcFileId="8" StartOffset="19683"/>
</LocList>
</BasicBoolTerm>
<LocList>
<Loc EndOffset="19682" SrcFileId="8" StartOffset="19680"/>
</LocList>
</OpTerm>
</RootTerm>
</CondStmnt>
<BasicStmnt CovItemId="S251" CovItemPrefix="com.OriginalFiles.Analyze.java" Intrnl_Id="2736">
<LocList>
<Loc EndOffset="20404" SrcFileId="8" StartOffset="20395"/>
</LocList>
</BasicStmnt>
</StmntSeq>
</HierarchyLvl>
<HierarchyLvl HierarchyLvlId="316" HierarchyLvlTypeId="14" Intrnl_Id="2737" Name="hasTheMove">
<Header>
<Loc EndOffset="20494" SrcFileId="8" StartOffset="20419"/>
</Header>
<LocList>
<Loc EndOffset="21249" SrcFileId="8" StartOffset="20419"/>
</LocList>
<StmntSeq Intrnl_Id="2738">
<LocList>
<Loc EndOffset="20525" SrcFileId="8" StartOffset="20506"/>
<Loc EndOffset="21219" SrcFileId="8" StartOffset="20535"/>
<Loc EndOffset="21242" SrcFileId="8" StartOffset="21229"/>
</LocList>
<BasicStmnt CovItemId="S252" CovItemPrefix="com.OriginalFiles.Analyze.java" Intrnl_Id="2739">
<LocList>
<Loc EndOffset="20525" SrcFileId="8" StartOffset="20506"/>
</LocList>
</BasicStmnt>
<CondStmnt CovItemId="S253" CovItemPrefix="com.OriginalFiles.Analyze.java" Intrnl_Id="2740">
<Branch CovItemId="B144" CovItemPrefix="com.OriginalFiles.Analyze.java" Implct="false" Intrnl_Id="2741">
<Cond/>
<LocList>
<Loc EndOffset="21048" SrcFileId="8" StartOffset="20567"/>
</LocList>
<StmntSeq Intrnl_Id="2742">
<LocList>
<Loc EndOffset="20648" SrcFileId="8" StartOffset="20582"/>
<Loc EndOffset="20683" SrcFileId="8" StartOffset="20664"/>
<Loc EndOffset="20950" SrcFileId="8" StartOffset="20699"/>
<Loc EndOffset="21037" SrcFileId="8" StartOffset="20966"/>
</LocList>
<CondStmnt CovItemId="S254" CovItemPrefix="com.OriginalFiles.Analyze.java" Intrnl_Id="2743">
<Branch CovItemId="B146" CovItemPrefix="com.OriginalFiles.Analyze.java" Implct="false" Intrnl_Id="2744">
<Cond/>
<LocList>
<Loc EndOffset="20648" SrcFileId="8" StartOffset="20599"/>
</LocList>
<StmntSeq Intrnl_Id="2745">
<LocList>
<Loc EndOffset="20633" SrcFileId="8" StartOffset="20618"/>
</LocList>
<BasicStmnt CovItemId="S255" CovItemPrefix="com.OriginalFiles.Analyze.java" Intrnl_Id="2746">
<LocList>
<Loc EndOffset="20633" SrcFileId="8" StartOffset="20618"/>
</LocList>
</BasicStmnt>
</StmntSeq>
</Branch>
<Branch CovItemId="B147" CovItemPrefix="com.OriginalFiles.Analyze.java" Implct="true" Intrnl_Id="2747">
<Cond/>
<LocList/>
<StmntSeq Intrnl_Id="2748">
<LocList/>
</StmntSeq>
</Branch>
<Keyword EndOffset="20584" SrcFileId="8" StartOffset="20582"/>
<LocList>
<Loc EndOffset="20648" SrcFileId="8" StartOffset="20582"/>
</LocList>
<RootTerm CovItemId="C83" CovItemPrefix="com.OriginalFiles.Analyze.java" Intrnl_Id="2749">
<OpTerm BooleanOpId="9" Intrnl_Id="2750">
<BasicBoolTerm Intrnl_Id="2751">
<LocList>
<Loc EndOffset="20597" SrcFileId="8" StartOffset="20587"/>
</LocList>
</BasicBoolTerm>
<LocList>
<Loc EndOffset="20587" SrcFileId="8" StartOffset="20586"/>
</LocList>
</OpTerm>
</RootTerm>
</CondStmnt>
<BasicStmnt CovItemId="S256" CovItemPrefix="com.OriginalFiles.Analyze.java" Intrnl_Id="2752">
<LocList>
<Loc EndOffset="20683" SrcFileId="8" StartOffset="20664"/>
</LocList>
</BasicStmnt>
<LoopStmnt CovItemId="S257" CovItemPrefix="com.OriginalFiles.Analyze.java" Intrnl_Id="2753" MltplExecId="L18-2" MltplExecPrefix="com.OriginalFiles.Analyze.java" NvrExecId="L18-0" NvrExecPrefix="com.OriginalFiles.Analyze.java" OnceExecutedId="L18-1" OnceExecutedPrefix="com.OriginalFiles.Analyze.java" OptBodyExec="true">
<StmntSeq Intrnl_Id="2754">
<LocList>
<Loc EndOffset="20935" SrcFileId="8" StartOffset="20758"/>
</LocList>
<LoopStmnt CovItemId="S258" CovItemPrefix="com.OriginalFiles.Analyze.java" Intrnl_Id="2755" MltplExecId="L19-2" MltplExecPrefix="com.OriginalFiles.Analyze.java" NvrExecId="L19-0" NvrExecPrefix="com.OriginalFiles.Analyze.java" OnceExecutedId="L19-1" OnceExecutedPrefix="com.OriginalFiles.Analyze.java" OptBodyExec="true">
<StmntSeq Intrnl_Id="2756">
<LocList>
<Loc EndOffset="20916" SrcFileId="8" StartOffset="20809"/>
</LocList>
<CondStmnt CovItemId="S259" CovItemPrefix="com.OriginalFiles.Analyze.java" Intrnl_Id="2757">
<Branch CovItemId="B148" CovItemPrefix="com.OriginalFiles.Analyze.java" Implct="false" Intrnl_Id="2758">
<Cond/>
<LocList>
<Loc EndOffset="20916" SrcFileId="8" StartOffset="20853"/>
</LocList>
<StmntSeq Intrnl_Id="2759">
<LocList>
<Loc EndOffset="20893" SrcFileId="8" StartOffset="20880"/>
</LocList>
<BasicStmnt CovItemId="S260" CovItemPrefix="com.OriginalFiles.Analyze.java" Intrnl_Id="2760">
<LocList>
<Loc EndOffset="20893" SrcFileId="8" StartOffset="20880"/>
</LocList>
</BasicStmnt>
</StmntSeq>
</Branch>
<Branch CovItemId="B149" CovItemPrefix="com.OriginalFiles.Analyze.java" Implct="true" Intrnl_Id="2761">
<Cond/>
<LocList/>
<StmntSeq Intrnl_Id="2762">
<LocList/>
</StmntSeq>
</Branch>
<Keyword EndOffset="20811" SrcFileId="8" StartOffset="20809"/>
<LocList>
<Loc EndOffset="20916" SrcFileId="8" StartOffset="20809"/>
</LocList>
<RootTerm CovItemId="C86" CovItemPrefix="com.OriginalFiles.Analyze.java" Intrnl_Id="2763">
<OpTerm BooleanOpId="9" Intrnl_Id="2764">
<BasicBoolTerm Intrnl_Id="2765">
<LocList>
<Loc EndOffset="20851" SrcFileId="8" StartOffset="20814"/>
</LocList>
</BasicBoolTerm>
<LocList>
<Loc EndOffset="20814" SrcFileId="8" StartOffset="20813"/>
</LocList>
</OpTerm>
</RootTerm>
</CondStmnt>
</StmntSeq>
<Keyword EndOffset="20761" SrcFileId="8" StartOffset="20758"/>
<LocList>
<Loc EndOffset="20935" SrcFileId="8" StartOffset="20758"/>
</LocList>
<RootTerm CovItemId="C85" CovItemPrefix="com.OriginalFiles.Analyze.java" Intrnl_Id="2766">
<BasicBoolTerm Intrnl_Id="2767">
<LocList>
<Loc EndOffset="20779" SrcFileId="8" StartOffset="20774"/>
</LocList>
</BasicBoolTerm>
</RootTerm>
</LoopStmnt>
</StmntSeq>
<Keyword EndOffset="20702" SrcFileId="8" StartOffset="20699"/>
<LocList>
<Loc EndOffset="20950" SrcFileId="8" StartOffset="20699"/>
</LocList>
<RootTerm CovItemId="C84" CovItemPrefix="com.OriginalFiles.Analyze.java" Intrnl_Id="2768">
<BasicBoolTerm Intrnl_Id="2769">
<LocList>
<Loc EndOffset="20729" SrcFileId="8" StartOffset="20724"/>
</LocList>
</BasicBoolTerm>
</RootTerm>
</LoopStmnt>
<CondStmnt CovItemId="S261" CovItemPrefix="com.OriginalFiles.Analyze.java" Intrnl_Id="2770">
<Branch CovItemId="B150" CovItemPrefix="com.OriginalFiles.Analyze.java" Implct="false" Intrnl_Id="2771">
<Cond/>
<LocList>
<Loc EndOffset="21037" SrcFileId="8" StartOffset="20991"/>
</LocList>
<StmntSeq Intrnl_Id="2772">
<LocList>
<Loc EndOffset="21022" SrcFileId="8" StartOffset="21010"/>
</LocList>
<BasicStmnt CovItemId="S262" CovItemPrefix="com.OriginalFiles.Analyze.java" Intrnl_Id="2773">
<LocList>
<Loc EndOffset="21022" SrcFileId="8" StartOffset="21010"/>
</LocList>
</BasicStmnt>
</StmntSeq>
</Branch>
<Branch CovItemId="B151" CovItemPrefix="com.OriginalFiles.Analyze.java" Implct="true" Intrnl_Id="2774">
<Cond/>
<LocList/>
<StmntSeq Intrnl_Id="2775">
<LocList/>
</StmntSeq>
</Branch>
<Keyword EndOffset="20968" SrcFileId="8" StartOffset="20966"/>
<LocList>
<Loc EndOffset="21037" SrcFileId="8" StartOffset="20966"/>
</LocList>
<RootTerm CovItemId="C87" CovItemPrefix="com.OriginalFiles.Analyze.java" Intrnl_Id="2776">
<BasicBoolTerm Intrnl_Id="2777">
<LocList>
<Loc EndOffset="20989" SrcFileId="8" StartOffset="20970"/>
</LocList>
</BasicBoolTerm>
</RootTerm>
</CondStmnt>
</StmntSeq>
</Branch>
<Branch CovItemId="B145" CovItemPrefix="com.OriginalFiles.Analyze.java" Implct="false" Intrnl_Id="2778">
<Cond>
<Loc EndOffset="21053" SrcFileId="8" StartOffset="21049"/>
</Cond>
<LocList>
<Loc EndOffset="21219" SrcFileId="8" StartOffset="21054"/>
</LocList>
<StmntSeq Intrnl_Id="2779">
<LocList>
<Loc EndOffset="21219" SrcFileId="8" StartOffset="21054"/>
</LocList>
<CondStmnt CovItemId="S263" CovItemPrefix="com.OriginalFiles.Analyze.java" Intrnl_Id="2780">
<Branch CovItemId="B152" CovItemPrefix="com.OriginalFiles.Analyze.java" Implct="false" Intrnl_Id="2781">
<Cond/>
<LocList>
<Loc EndOffset="21134" SrcFileId="8" StartOffset="21096"/>
</LocList>
<StmntSeq Intrnl_Id="2782">
<LocList>
<Loc EndOffset="21123" SrcFileId="8" StartOffset="21111"/>
</LocList>
<BasicStmnt CovItemId="S264" CovItemPrefix="com.OriginalFiles.Analyze.java" Intrnl_Id="2783">
<LocList>
<Loc EndOffset="21123" SrcFileId="8" StartOffset="21111"/>
</LocList>
</BasicStmnt>
</StmntSeq>
</Branch>
<Branch CovItemId="B153" CovItemPrefix="com.OriginalFiles.Analyze.java" Implct="false" Intrnl_Id="2784">
<Cond>
<Loc EndOffset="21139" SrcFileId="8" StartOffset="21135"/>
</Cond>
<LocList>
<Loc EndOffset="21219" SrcFileId="8" StartOffset="21140"/>
</LocList>
<StmntSeq Intrnl_Id="2785">
<LocList>
<Loc EndOffset="21219" SrcFileId="8" StartOffset="21140"/>
</LocList>
<CondStmnt CovItemId="S265" CovItemPrefix="com.OriginalFiles.Analyze.java" Intrnl_Id="2786">
<Branch CovItemId="B154" CovItemPrefix="com.OriginalFiles.Analyze.java" Implct="false" Intrnl_Id="2787">
<Cond/>
<LocList>
<Loc EndOffset="21219" SrcFileId="8" StartOffset="21181"/>
</LocList>
<StmntSeq Intrnl_Id="2788">
<LocList>
<Loc EndOffset="21208" SrcFileId="8" StartOffset="21196"/>
</LocList>
<BasicStmnt CovItemId="S266" CovItemPrefix="com.OriginalFiles.Analyze.java" Intrnl_Id="2789">
<LocList>
<Loc EndOffset="21208" SrcFileId="8" StartOffset="21196"/>
</LocList>
</BasicStmnt>
</StmntSeq>
</Branch>
<Branch CovItemId="B155" CovItemPrefix="com.OriginalFiles.Analyze.java" Implct="true" Intrnl_Id="2790">
<Cond/>
<LocList/>
<StmntSeq Intrnl_Id="2791">
<LocList/>
</StmntSeq>
</Branch>
<Keyword EndOffset="21142" SrcFileId="8" StartOffset="21140"/>
<LocList>
<Loc EndOffset="21219" SrcFileId="8" StartOffset="21140"/>
</LocList>
<RootTerm CovItemId="C89" CovItemPrefix="com.OriginalFiles.Analyze.java" Intrnl_Id="2792">
<OpTerm BooleanOpId="10" Intrnl_Id="2793">
<BasicBoolTerm Intrnl_Id="2794">
<LocList>
<Loc EndOffset="21154" SrcFileId="8" StartOffset="21144"/>
</LocList>
</BasicBoolTerm>
<BasicBoolTerm Intrnl_Id="2795">
<LocList>
<Loc EndOffset="21179" SrcFileId="8" StartOffset="21158"/>
</LocList>
</BasicBoolTerm>
<LocList>
<Loc EndOffset="21157" SrcFileId="8" StartOffset="21155"/>
</LocList>
</OpTerm>
</RootTerm>
</CondStmnt>
</StmntSeq>
</Branch>
<Keyword EndOffset="21056" SrcFileId="8" StartOffset="21054"/>
<LocList>
<Loc EndOffset="21219" SrcFileId="8" StartOffset="21054"/>
</LocList>
<RootTerm CovItemId="C88" CovItemPrefix="com.OriginalFiles.Analyze.java" Intrnl_Id="2796">
<OpTerm BooleanOpId="10" Intrnl_Id="2797">
<OpTerm BooleanOpId="9" Intrnl_Id="2798">
<BasicBoolTerm Intrnl_Id="2799">
<LocList>
<Loc EndOffset="21069" SrcFileId="8" StartOffset="21059"/>
</LocList>
</BasicBoolTerm>
<LocList>
<Loc EndOffset="21059" SrcFileId="8" StartOffset="21058"/>
</LocList>
</OpTerm>
<BasicBoolTerm Intrnl_Id="2800">
<LocList>
<Loc EndOffset="21094" SrcFileId="8" StartOffset="21073"/>
</LocList>
</BasicBoolTerm>
<LocList>
<Loc EndOffset="21072" SrcFileId="8" StartOffset="21070"/>
</LocList>
</OpTerm>
</RootTerm>
</CondStmnt>
</StmntSeq>
</Branch>
<Keyword EndOffset="20537" SrcFileId="8" StartOffset="20535"/>
<LocList>
<Loc EndOffset="21219" SrcFileId="8" StartOffset="20535"/>
</LocList>
<RootTerm CovItemId="C82" CovItemPrefix="com.OriginalFiles.Analyze.java" Intrnl_Id="2801">
<BasicBoolTerm Intrnl_Id="2802">
<LocList>
<Loc EndOffset="20565" SrcFileId="8" StartOffset="20539"/>
</LocList>
</BasicBoolTerm>
</RootTerm>
</CondStmnt>
<BasicStmnt CovItemId="S267" CovItemPrefix="com.OriginalFiles.Analyze.java" Intrnl_Id="2803">
<LocList>
<Loc EndOffset="21242" SrcFileId="8" StartOffset="21229"/>
</LocList>
</BasicStmnt>
</StmntSeq>
</HierarchyLvl>
<HierarchyLvl HierarchyLvlId="317" HierarchyLvlTypeId="14" Intrnl_Id="2804" Name="isOnDoubleCorners">
<Header>
<Loc EndOffset="21302" SrcFileId="8" StartOffset="21257"/>
</Header>
<LocList>
<Loc EndOffset="21611" SrcFileId="8" StartOffset="21257"/>
</LocList>
<StmntSeq Intrnl_Id="2805">
<LocList>
<Loc EndOffset="21581" SrcFileId="8" StartOffset="21314"/>
<Loc EndOffset="21604" SrcFileId="8" StartOffset="21591"/>
</LocList>
<CondStmnt CovItemId="S268" CovItemPrefix="com.OriginalFiles.Analyze.java" Intrnl_Id="2806">
<Branch CovItemId="B156" CovItemPrefix="com.OriginalFiles.Analyze.java" Implct="false" Intrnl_Id="2807">
<Cond/>
<LocList>
<Loc EndOffset="21581" SrcFileId="8" StartOffset="21543"/>
</LocList>
<StmntSeq Intrnl_Id="2808">
<LocList>
<Loc EndOffset="21570" SrcFileId="8" StartOffset="21558"/>
</LocList>
<BasicStmnt CovItemId="S269" CovItemPrefix="com.OriginalFiles.Analyze.java" Intrnl_Id="2809">
<LocList>
<Loc EndOffset="21570" SrcFileId="8" StartOffset="21558"/>
</LocList>
</BasicStmnt>
</StmntSeq>
</Branch>
<Branch CovItemId="B157" CovItemPrefix="com.OriginalFiles.Analyze.java" Implct="true" Intrnl_Id="2810">
<Cond/>
<LocList/>
<StmntSeq Intrnl_Id="2811">
<LocList/>
</StmntSeq>
</Branch>
<Keyword EndOffset="21316" SrcFileId="8" StartOffset="21314"/>
<LocList>
<Loc EndOffset="21581" SrcFileId="8" StartOffset="21314"/>
</LocList>
<RootTerm CovItemId="C90" CovItemPrefix="com.OriginalFiles.Analyze.java" Intrnl_Id="2812">
<OpTerm BooleanOpId="11" Intrnl_Id="2813">
<OpTerm BooleanOpId="11" Intrnl_Id="2814">
<OpTerm BooleanOpId="11" Intrnl_Id="2815">
<OpTerm BooleanOpId="10" Intrnl_Id="2816">
<BasicBoolTerm Intrnl_Id="2817">
<LocList>
<Loc EndOffset="21336" SrcFileId="8" StartOffset="21319"/>
</LocList>
</BasicBoolTerm>
<BasicBoolTerm Intrnl_Id="2818">
<LocList>
<Loc EndOffset="21357" SrcFileId="8" StartOffset="21340"/>
</LocList>
</BasicBoolTerm>
<LocList>
<Loc EndOffset="21339" SrcFileId="8" StartOffset="21337"/>
</LocList>
</OpTerm>
<OpTerm BooleanOpId="10" Intrnl_Id="2819">
<BasicBoolTerm Intrnl_Id="2820">
<LocList>
<Loc EndOffset="21397" SrcFileId="8" StartOffset="21380"/>
</LocList>
</BasicBoolTerm>
<BasicBoolTerm Intrnl_Id="2821">
<LocList>
<Loc EndOffset="21418" SrcFileId="8" StartOffset="21401"/>
</LocList>
</BasicBoolTerm>
<LocList>
<Loc EndOffset="21400" SrcFileId="8" StartOffset="21398"/>
</LocList>
</OpTerm>
<LocList>
<Loc EndOffset="21378" SrcFileId="8" StartOffset="21376"/>
</LocList>
</OpTerm>
<OpTerm BooleanOpId="10" Intrnl_Id="2822">
<BasicBoolTerm Intrnl_Id="2823">
<LocList>
<Loc EndOffset="21458" SrcFileId="8" StartOffset="21441"/>
</LocList>
</BasicBoolTerm>
<BasicBoolTerm Intrnl_Id="2824">
<LocList>
<Loc EndOffset="21479" SrcFileId="8" StartOffset="21462"/>
</LocList>
</BasicBoolTerm>
<LocList>
<Loc EndOffset="21461" SrcFileId="8" StartOffset="21459"/>
</LocList>
</OpTerm>
<LocList>
<Loc EndOffset="21439" SrcFileId="8" StartOffset="21437"/>
</LocList>
</OpTerm>
<OpTerm BooleanOpId="10" Intrnl_Id="2825">
<BasicBoolTerm Intrnl_Id="2826">
<LocList>
<Loc EndOffset="21519" SrcFileId="8" StartOffset="21502"/>
</LocList>
</BasicBoolTerm>
<BasicBoolTerm Intrnl_Id="2827">
<LocList>
<Loc EndOffset="21540" SrcFileId="8" StartOffset="21523"/>
</LocList>
</BasicBoolTerm>
<LocList>
<Loc EndOffset="21522" SrcFileId="8" StartOffset="21520"/>
</LocList>
</OpTerm>
<LocList>
<Loc EndOffset="21500" SrcFileId="8" StartOffset="21498"/>
</LocList>
</OpTerm>
</RootTerm>
</CondStmnt>
<BasicStmnt CovItemId="S270" CovItemPrefix="com.OriginalFiles.Analyze.java" Intrnl_Id="2828">
<LocList>
<Loc EndOffset="21604" SrcFileId="8" StartOffset="21591"/>
</LocList>
</BasicStmnt>
</StmntSeq>
</HierarchyLvl>
<HierarchyLvl HierarchyLvlId="318" HierarchyLvlTypeId="14" Intrnl_Id="2829" Name="cleanUp">
<Header>
<Loc EndOffset="21677" SrcFileId="8" StartOffset="21619"/>
</Header>
<LocList>
<Loc EndOffset="22311" SrcFileId="8" StartOffset="21619"/>
</LocList>
<StmntSeq Intrnl_Id="2830">
<LocList>
<Loc EndOffset="21883" SrcFileId="8" StartOffset="21689"/>
<Loc EndOffset="22092" SrcFileId="8" StartOffset="21895"/>
<Loc EndOffset="22304" SrcFileId="8" StartOffset="22104"/>
</LocList>
<LoopStmnt CovItemId="S271" CovItemPrefix="com.OriginalFiles.Analyze.java" Intrnl_Id="2831" MltplExecId="L20-2" MltplExecPrefix="com.OriginalFiles.Analyze.java" NvrExecId="L20-0" NvrExecPrefix="com.OriginalFiles.Analyze.java" OnceExecutedId="L20-1" OnceExecutedPrefix="com.OriginalFiles.Analyze.java" OptBodyExec="true">
<StmntSeq Intrnl_Id="2832">
<LocList>
<Loc EndOffset="21872" SrcFileId="8" StartOffset="21745"/>
</LocList>
<LoopStmnt CovItemId="S272" CovItemPrefix="com.OriginalFiles.Analyze.java" Intrnl_Id="2833" MltplExecId="L21-2" MltplExecPrefix="com.OriginalFiles.Analyze.java" NvrExecId="L21-0" NvrExecPrefix="com.OriginalFiles.Analyze.java" OnceExecutedId="L21-1" OnceExecutedPrefix="com.OriginalFiles.Analyze.java" OptBodyExec="true">
<StmntSeq Intrnl_Id="2834">
<LocList>
<Loc EndOffset="21857" SrcFileId="8" StartOffset="21783"/>
</LocList>
<CondStmnt CovItemId="S273" CovItemPrefix="com.OriginalFiles.Analyze.java" Intrnl_Id="2835">
<Branch CovItemId="B158" CovItemPrefix="com.OriginalFiles.Analyze.java" Implct="false" Intrnl_Id="2836">
<Cond/>
<LocList>
<Loc EndOffset="21857" SrcFileId="8" StartOffset="21801"/>
</LocList>
<StmntSeq Intrnl_Id="2837">
<LocList>
<Loc EndOffset="21838" SrcFileId="8" StartOffset="21824"/>
</LocList>
<BasicStmnt CovItemId="S274" CovItemPrefix="com.OriginalFiles.Analyze.java" Intrnl_Id="2838">
<LocList>
<Loc EndOffset="21838" SrcFileId="8" StartOffset="21824"/>
</LocList>
</BasicStmnt>
</StmntSeq>
</Branch>
<Branch CovItemId="B159" CovItemPrefix="com.OriginalFiles.Analyze.java" Implct="true" Intrnl_Id="2839">
<Cond/>
<LocList/>
<StmntSeq Intrnl_Id="2840">
<LocList/>
</StmntSeq>
</Branch>
<Keyword EndOffset="21785" SrcFileId="8" StartOffset="21783"/>
<LocList>
<Loc EndOffset="21857" SrcFileId="8" StartOffset="21783"/>
</LocList>
<RootTerm CovItemId="C91" CovItemPrefix="com.OriginalFiles.Analyze.java" Intrnl_Id="2841">
<OpTerm BooleanOpId="9" Intrnl_Id="2842">
<BasicBoolTerm Intrnl_Id="2843">
<LocList>
<Loc EndOffset="21799" SrcFileId="8" StartOffset="21788"/>
</LocList>
</BasicBoolTerm>
<LocList>
<Loc EndOffset="21788" SrcFileId="8" StartOffset="21787"/>
</LocList>
</OpTerm>
</RootTerm>
</CondStmnt>
</StmntSeq>
<Keyword EndOffset="21748" SrcFileId="8" StartOffset="21745"/>
<LocList>
<Loc EndOffset="21872" SrcFileId="8" StartOffset="21745"/>
</LocList>
</LoopStmnt>
</StmntSeq>
<Keyword EndOffset="21692" SrcFileId="8" StartOffset="21689"/>
<LocList>
<Loc EndOffset="21883" SrcFileId="8" StartOffset="21689"/>
</LocList>
</LoopStmnt>
<LoopStmnt CovItemId="S275" CovItemPrefix="com.OriginalFiles.Analyze.java" Intrnl_Id="2844" MltplExecId="L22-2" MltplExecPrefix="com.OriginalFiles.Analyze.java" NvrExecId="L22-0" NvrExecPrefix="com.OriginalFiles.Analyze.java" OnceExecutedId="L22-1" OnceExecutedPrefix="com.OriginalFiles.Analyze.java" OptBodyExec="true">
<StmntSeq Intrnl_Id="2845">
<LocList>
<Loc EndOffset="22081" SrcFileId="8" StartOffset="21954"/>
</LocList>
<LoopStmnt CovItemId="S276" CovItemPrefix="com.OriginalFiles.Analyze.java" Intrnl_Id="2846" MltplExecId="L23-2" MltplExecPrefix="com.OriginalFiles.Analyze.java" NvrExecId="L23-0" NvrExecPrefix="com.OriginalFiles.Analyze.java" OnceExecutedId="L23-1" OnceExecutedPrefix="com.OriginalFiles.Analyze.java" OptBodyExec="true">
<StmntSeq Intrnl_Id="2847">
<LocList>
<Loc EndOffset="22066" SrcFileId="8" StartOffset="21992"/>
</LocList>
<CondStmnt CovItemId="S277" CovItemPrefix="com.OriginalFiles.Analyze.java" Intrnl_Id="2848">
<Branch CovItemId="B160" CovItemPrefix="com.OriginalFiles.Analyze.java" Implct="false" Intrnl_Id="2849">
<Cond/>
<LocList>
<Loc EndOffset="22066" SrcFileId="8" StartOffset="22010"/>
</LocList>
<StmntSeq Intrnl_Id="2850">
<LocList>
<Loc EndOffset="22047" SrcFileId="8" StartOffset="22033"/>
</LocList>
<BasicStmnt CovItemId="S278" CovItemPrefix="com.OriginalFiles.Analyze.java" Intrnl_Id="2851">
<LocList>
<Loc EndOffset="22047" SrcFileId="8" StartOffset="22033"/>
</LocList>
</BasicStmnt>
</StmntSeq>
</Branch>
<Branch CovItemId="B161" CovItemPrefix="com.OriginalFiles.Analyze.java" Implct="true" Intrnl_Id="2852">
<Cond/>
<LocList/>
<StmntSeq Intrnl_Id="2853">
<LocList/>
</StmntSeq>
</Branch>
<Keyword EndOffset="21994" SrcFileId="8" StartOffset="21992"/>
<LocList>
<Loc EndOffset="22066" SrcFileId="8" StartOffset="21992"/>
</LocList>
<RootTerm CovItemId="C92" CovItemPrefix="com.OriginalFiles.Analyze.java" Intrnl_Id="2854">
<OpTerm BooleanOpId="9" Intrnl_Id="2855">
<BasicBoolTerm Intrnl_Id="2856">
<LocList>
<Loc EndOffset="22008" SrcFileId="8" StartOffset="21997"/>
</LocList>
</BasicBoolTerm>
<LocList>
<Loc EndOffset="21997" SrcFileId="8" StartOffset="21996"/>
</LocList>
</OpTerm>
</RootTerm>
</CondStmnt>
</StmntSeq>
<Keyword EndOffset="21957" SrcFileId="8" StartOffset="21954"/>
<LocList>
<Loc EndOffset="22081" SrcFileId="8" StartOffset="21954"/>
</LocList>
</LoopStmnt>
</StmntSeq>
<Keyword EndOffset="21898" SrcFileId="8" StartOffset="21895"/>
<LocList>
<Loc EndOffset="22092" SrcFileId="8" StartOffset="21895"/>
</LocList>
</LoopStmnt>
<LoopStmnt CovItemId="S279" CovItemPrefix="com.OriginalFiles.Analyze.java" Intrnl_Id="2857" MltplExecId="L24-2" MltplExecPrefix="com.OriginalFiles.Analyze.java" NvrExecId="L24-0" NvrExecPrefix="com.OriginalFiles.Analyze.java" OnceExecutedId="L24-1" OnceExecutedPrefix="com.OriginalFiles.Analyze.java" OptBodyExec="true">
<StmntSeq Intrnl_Id="2858">
<LocList>
<Loc EndOffset="22293" SrcFileId="8" StartOffset="22166"/>
</LocList>
<LoopStmnt CovItemId="S280" CovItemPrefix="com.OriginalFiles.Analyze.java" Intrnl_Id="2859" MltplExecId="L25-2" MltplExecPrefix="com.OriginalFiles.Analyze.java" NvrExecId="L25-0" NvrExecPrefix="com.OriginalFiles.Analyze.java" OnceExecutedId="L25-1" OnceExecutedPrefix="com.OriginalFiles.Analyze.java" OptBodyExec="true">
<StmntSeq Intrnl_Id="2860">
<LocList>
<Loc EndOffset="22278" SrcFileId="8" StartOffset="22204"/>
</LocList>
<CondStmnt CovItemId="S281" CovItemPrefix="com.OriginalFiles.Analyze.java" Intrnl_Id="2861">
<Branch CovItemId="B162" CovItemPrefix="com.OriginalFiles.Analyze.java" Implct="false" Intrnl_Id="2862">
<Cond/>
<LocList>
<Loc EndOffset="22278" SrcFileId="8" StartOffset="22222"/>
</LocList>
<StmntSeq Intrnl_Id="2863">
<LocList>
<Loc EndOffset="22259" SrcFileId="8" StartOffset="22245"/>
</LocList>
<BasicStmnt CovItemId="S282" CovItemPrefix="com.OriginalFiles.Analyze.java" Intrnl_Id="2864">
<LocList>
<Loc EndOffset="22259" SrcFileId="8" StartOffset="22245"/>
</LocList>
</BasicStmnt>
</StmntSeq>
</Branch>
<Branch CovItemId="B163" CovItemPrefix="com.OriginalFiles.Analyze.java" Implct="true" Intrnl_Id="2865">
<Cond/>
<LocList/>
<StmntSeq Intrnl_Id="2866">
<LocList/>
</StmntSeq>
</Branch>
<Keyword EndOffset="22206" SrcFileId="8" StartOffset="22204"/>
<LocList>
<Loc EndOffset="22278" SrcFileId="8" StartOffset="22204"/>
</LocList>
<RootTerm CovItemId="C93" CovItemPrefix="com.OriginalFiles.Analyze.java" Intrnl_Id="2867">
<OpTerm BooleanOpId="9" Intrnl_Id="2868">
<BasicBoolTerm Intrnl_Id="2869">
<LocList>
<Loc EndOffset="22220" SrcFileId="8" StartOffset="22209"/>
</LocList>
</BasicBoolTerm>
<LocList>
<Loc EndOffset="22209" SrcFileId="8" StartOffset="22208"/>
</LocList>
</OpTerm>
</RootTerm>
</CondStmnt>
</StmntSeq>
<Keyword EndOffset="22169" SrcFileId="8" StartOffset="22166"/>
<LocList>
<Loc EndOffset="22293" SrcFileId="8" StartOffset="22166"/>
</LocList>
</LoopStmnt>
</StmntSeq>
<Keyword EndOffset="22107" SrcFileId="8" StartOffset="22104"/>
<LocList>
<Loc EndOffset="22304" SrcFileId="8" StartOffset="22104"/>
</LocList>
</LoopStmnt>
</StmntSeq>
</HierarchyLvl>
<HierarchyLvl HierarchyLvlId="319" HierarchyLvlTypeId="14" Intrnl_Id="2870" Name="placePiece">
<Header>
<Loc EndOffset="22392" SrcFileId="8" StartOffset="22319"/>
</Header>
<LocList>
<Loc EndOffset="22698" SrcFileId="8" StartOffset="22319"/>
</LocList>
<StmntSeq Intrnl_Id="2871">
<LocList>
<Loc EndOffset="22691" SrcFileId="8" StartOffset="22404"/>
</LocList>
<CondStmnt CovItemId="S283" CovItemPrefix="com.OriginalFiles.Analyze.java" Intrnl_Id="2872">
<Branch CovItemId="B164" CovItemPrefix="com.OriginalFiles.Analyze.java" Implct="false" Intrnl_Id="2873">
<Cond/>
<LocList>
<Loc EndOffset="22502" SrcFileId="8" StartOffset="22449"/>
</LocList>
<StmntSeq Intrnl_Id="2874">
<LocList>
<Loc EndOffset="22491" SrcFileId="8" StartOffset="22464"/>
</LocList>
<BasicStmnt CovItemId="S284" CovItemPrefix="com.OriginalFiles.Analyze.java" Intrnl_Id="2875">
<LocList>
<Loc EndOffset="22491" SrcFileId="8" StartOffset="22464"/>
</LocList>
</BasicStmnt>
</StmntSeq>
</Branch>
<Branch CovItemId="B165" CovItemPrefix="com.OriginalFiles.Analyze.java" Implct="false" Intrnl_Id="2876">
<Cond>
<Loc EndOffset="22507" SrcFileId="8" StartOffset="22503"/>
</Cond>
<LocList>
<Loc EndOffset="22691" SrcFileId="8" StartOffset="22508"/>
</LocList>
<StmntSeq Intrnl_Id="2877">
<LocList>
<Loc EndOffset="22680" SrcFileId="8" StartOffset="22523"/>
</LocList>
<CondStmnt CovItemId="S285" CovItemPrefix="com.OriginalFiles.Analyze.java" Intrnl_Id="2878">
<Branch CovItemId="B166" CovItemPrefix="com.OriginalFiles.Analyze.java" Implct="false" Intrnl_Id="2879">
<Cond/>
<LocList>
<Loc EndOffset="22615" SrcFileId="8" StartOffset="22574"/>
</LocList>
<StmntSeq Intrnl_Id="2880">
<LocList>
<Loc EndOffset="22600" SrcFileId="8" StartOffset="22593"/>
</LocList>
<BasicStmnt CovItemId="S286" CovItemPrefix="com.OriginalFiles.Analyze.java" Intrnl_Id="2881">
<LocList>
<Loc EndOffset="22600" SrcFileId="8" StartOffset="22593"/>
</LocList>
</BasicStmnt>
</StmntSeq>
</Branch>
<Branch CovItemId="B167" CovItemPrefix="com.OriginalFiles.Analyze.java" Implct="false" Intrnl_Id="2882">
<Cond>
<Loc EndOffset="22620" SrcFileId="8" StartOffset="22616"/>
</Cond>
<LocList>
<Loc EndOffset="22680" SrcFileId="8" StartOffset="22621"/>
</LocList>
<StmntSeq Intrnl_Id="2883">
<LocList>
<Loc EndOffset="22665" SrcFileId="8" StartOffset="22640"/>
</LocList>
<BasicStmnt CovItemId="S287" CovItemPrefix="com.OriginalFiles.Analyze.java" Intrnl_Id="2884">
<LocList>
<Loc EndOffset="22665" SrcFileId="8" StartOffset="22640"/>
</LocList>
</BasicStmnt>
</StmntSeq>
</Branch>
<Keyword EndOffset="22525" SrcFileId="8" StartOffset="22523"/>
<LocList>
<Loc EndOffset="22680" SrcFileId="8" StartOffset="22523"/>
</LocList>
<RootTerm CovItemId="C95" CovItemPrefix="com.OriginalFiles.Analyze.java" Intrnl_Id="2885">
<BasicBoolTerm Intrnl_Id="2886">
<LocList>
<Loc EndOffset="22572" SrcFileId="8" StartOffset="22527"/>
</LocList>
</BasicBoolTerm>
</RootTerm>
</CondStmnt>
</StmntSeq>
</Branch>
<Keyword EndOffset="22406" SrcFileId="8" StartOffset="22404"/>
<LocList>
<Loc EndOffset="22691" SrcFileId="8" StartOffset="22404"/>
</LocList>
<RootTerm CovItemId="C94" CovItemPrefix="com.OriginalFiles.Analyze.java" Intrnl_Id="2887">
<BasicBoolTerm Intrnl_Id="2888">
<LocList>
<Loc EndOffset="22447" SrcFileId="8" StartOffset="22408"/>
</LocList>
</BasicBoolTerm>
</RootTerm>
</CondStmnt>
</StmntSeq>
</HierarchyLvl>
<HierarchyLvl HierarchyLvlId="320" HierarchyLvlTypeId="14" Intrnl_Id="2889" Name="movePeasent">
<Header>
<Loc EndOffset="22780" SrcFileId="8" StartOffset="22706"/>
</Header>
<LocList>
<Loc EndOffset="23974" SrcFileId="8" StartOffset="22706"/>
</LocList>
<StmntSeq Intrnl_Id="2890">
<LocList>
<Loc EndOffset="23967" SrcFileId="8" StartOffset="22792"/>
</LocList>
<CondStmnt CovItemId="S288" CovItemPrefix="com.OriginalFiles.Analyze.java" Intrnl_Id="2891">
<Branch CovItemId="B168" CovItemPrefix="com.OriginalFiles.Analyze.java" Implct="false" Intrnl_Id="2892">
<Cond/>
<LocList>
<Loc EndOffset="23376" SrcFileId="8" StartOffset="22882"/>
</LocList>
<StmntSeq Intrnl_Id="2893">
<LocList>
<Loc EndOffset="23365" SrcFileId="8" StartOffset="22897"/>
</LocList>
<LoopStmnt CovItemId="S289" CovItemPrefix="com.OriginalFiles.Analyze.java" Intrnl_Id="2894" MltplExecId="L26-2" MltplExecPrefix="com.OriginalFiles.Analyze.java" NvrExecId="L26-0" NvrExecPrefix="com.OriginalFiles.Analyze.java" OnceExecutedId="L26-1" OnceExecutedPrefix="com.OriginalFiles.Analyze.java" OptBodyExec="true">
<StmntSeq Intrnl_Id="2895">
<LocList>
<Loc EndOffset="23350" SrcFileId="8" StartOffset="22956"/>
</LocList>
<LoopStmnt CovItemId="S290" CovItemPrefix="com.OriginalFiles.Analyze.java" Intrnl_Id="2896" MltplExecId="L27-2" MltplExecPrefix="com.OriginalFiles.Analyze.java" NvrExecId="L27-0" NvrExecPrefix="com.OriginalFiles.Analyze.java" OnceExecutedId="L27-1" OnceExecutedPrefix="com.OriginalFiles.Analyze.java" OptBodyExec="true">
<StmntSeq Intrnl_Id="2897">
<LocList>
<Loc EndOffset="23331" SrcFileId="8" StartOffset="23008"/>
</LocList>
<CondStmnt CovItemId="S291" CovItemPrefix="com.OriginalFiles.Analyze.java" Intrnl_Id="2898">
<Branch CovItemId="B170" CovItemPrefix="com.OriginalFiles.Analyze.java" Implct="false" Intrnl_Id="2899">
<Cond/>
<LocList>
<Loc EndOffset="23331" SrcFileId="8" StartOffset="23124"/>
</LocList>
<StmntSeq Intrnl_Id="2900">
<LocList>
<Loc EndOffset="23266" SrcFileId="8" StartOffset="23151"/>
<Loc EndOffset="23308" SrcFileId="8" StartOffset="23292"/>
</LocList>
<BasicStmnt CovItemId="S292" CovItemPrefix="com.OriginalFiles.Analyze.java" Intrnl_Id="2901">
<LocList>
<Loc EndOffset="23266" SrcFileId="8" StartOffset="23151"/>
</LocList>
</BasicStmnt>
<BasicStmnt CovItemId="S293" CovItemPrefix="com.OriginalFiles.Analyze.java" Intrnl_Id="2902">
<LocList>
<Loc EndOffset="23308" SrcFileId="8" StartOffset="23292"/>
</LocList>
</BasicStmnt>
</StmntSeq>
</Branch>
<Branch CovItemId="B171" CovItemPrefix="com.OriginalFiles.Analyze.java" Implct="true" Intrnl_Id="2903">
<Cond/>
<LocList/>
<StmntSeq Intrnl_Id="2904">
<LocList/>
</StmntSeq>
</Branch>
<Keyword EndOffset="23010" SrcFileId="8" StartOffset="23008"/>
<LocList>
<Loc EndOffset="23331" SrcFileId="8" StartOffset="23008"/>
</LocList>
<RootTerm CovItemId="C99" CovItemPrefix="com.OriginalFiles.Analyze.java" Intrnl_Id="2905">
<OpTerm BooleanOpId="10" Intrnl_Id="2906">
<BasicBoolTerm Intrnl_Id="2907">
<LocList>
<Loc EndOffset="23049" SrcFileId="8" StartOffset="23012"/>
</LocList>
</BasicBoolTerm>
<BasicBoolTerm Intrnl_Id="2908">
<LocList>
<Loc EndOffset="23122" SrcFileId="8" StartOffset="23082"/>
</LocList>
</BasicBoolTerm>
<LocList>
<Loc EndOffset="23081" SrcFileId="8" StartOffset="23079"/>
</LocList>
</OpTerm>
</RootTerm>
</CondStmnt>
</StmntSeq>
<Keyword EndOffset="22959" SrcFileId="8" StartOffset="22956"/>
<LocList>
<Loc EndOffset="23350" SrcFileId="8" StartOffset="22956"/>
</LocList>
<RootTerm CovItemId="C98" CovItemPrefix="com.OriginalFiles.Analyze.java" Intrnl_Id="2909">
<BasicBoolTerm Intrnl_Id="2910">
<LocList>
<Loc EndOffset="22978" SrcFileId="8" StartOffset="22972"/>
</LocList>
</BasicBoolTerm>
</RootTerm>
</LoopStmnt>
</StmntSeq>
<Keyword EndOffset="22911" SrcFileId="8" StartOffset="22908"/>
<LocList>
<Loc EndOffset="23365" SrcFileId="8" StartOffset="22897"/>
</LocList>
<RootTerm CovItemId="C97" CovItemPrefix="com.OriginalFiles.Analyze.java" Intrnl_Id="2911">
<BasicBoolTerm Intrnl_Id="2912">
<LocList>
<Loc EndOffset="22930" SrcFileId="8" StartOffset="22924"/>
</LocList>
</BasicBoolTerm>
</RootTerm>
</LoopStmnt>
</StmntSeq>
</Branch>
<Branch CovItemId="B169" CovItemPrefix="com.OriginalFiles.Analyze.java" Implct="false" Intrnl_Id="2913">
<Cond>
<Loc EndOffset="23381" SrcFileId="8" StartOffset="23377"/>
</Cond>
<LocList>
<Loc EndOffset="23967" SrcFileId="8" StartOffset="23382"/>
</LocList>
<StmntSeq Intrnl_Id="2914">
<LocList>
<Loc EndOffset="23967" SrcFileId="8" StartOffset="23382"/>
</LocList>
<CondStmnt CovItemId="S294" CovItemPrefix="com.OriginalFiles.Analyze.java" Intrnl_Id="2915">
<Branch CovItemId="B172" CovItemPrefix="com.OriginalFiles.Analyze.java" Implct="false" Intrnl_Id="2916">
<Cond/>
<LocList>
<Loc EndOffset="23967" SrcFileId="8" StartOffset="23473"/>
</LocList>
<StmntSeq Intrnl_Id="2917">
<LocList>
<Loc EndOffset="23956" SrcFileId="8" StartOffset="23488"/>
</LocList>
<LoopStmnt CovItemId="S295" CovItemPrefix="com.OriginalFiles.Analyze.java" Intrnl_Id="2918" MltplExecId="L28-2" MltplExecPrefix="com.OriginalFiles.Analyze.java" NvrExecId="L28-0" NvrExecPrefix="com.OriginalFiles.Analyze.java" OnceExecutedId="L28-1" OnceExecutedPrefix="com.OriginalFiles.Analyze.java" OptBodyExec="true">
<StmntSeq Intrnl_Id="2919">
<LocList>
<Loc EndOffset="23941" SrcFileId="8" StartOffset="23547"/>
</LocList>
<LoopStmnt CovItemId="S296" CovItemPrefix="com.OriginalFiles.Analyze.java" Intrnl_Id="2920" MltplExecId="L29-2" MltplExecPrefix="com.OriginalFiles.Analyze.java" NvrExecId="L29-0" NvrExecPrefix="com.OriginalFiles.Analyze.java" OnceExecutedId="L29-1" OnceExecutedPrefix="com.OriginalFiles.Analyze.java" OptBodyExec="true">
<StmntSeq Intrnl_Id="2921">
<LocList>
<Loc EndOffset="23922" SrcFileId="8" StartOffset="23599"/>
</LocList>
<CondStmnt CovItemId="S297" CovItemPrefix="com.OriginalFiles.Analyze.java" Intrnl_Id="2922">
<Branch CovItemId="B174" CovItemPrefix="com.OriginalFiles.Analyze.java" Implct="false" Intrnl_Id="2923">
<Cond/>
<LocList>
<Loc EndOffset="23922" SrcFileId="8" StartOffset="23715"/>
</LocList>
<StmntSeq Intrnl_Id="2924">
<LocList>
<Loc EndOffset="23857" SrcFileId="8" StartOffset="23742"/>
<Loc EndOffset="23899" SrcFileId="8" StartOffset="23883"/>
</LocList>
<BasicStmnt CovItemId="S298" CovItemPrefix="com.OriginalFiles.Analyze.java" Intrnl_Id="2925">
<LocList>
<Loc EndOffset="23857" SrcFileId="8" StartOffset="23742"/>
</LocList>
</BasicStmnt>
<BasicStmnt CovItemId="S299" CovItemPrefix="com.OriginalFiles.Analyze.java" Intrnl_Id="2926">
<LocList>
<Loc EndOffset="23899" SrcFileId="8" StartOffset="23883"/>
</LocList>
</BasicStmnt>
</StmntSeq>
</Branch>
<Branch CovItemId="B175" CovItemPrefix="com.OriginalFiles.Analyze.java" Implct="true" Intrnl_Id="2927">
<Cond/>
<LocList/>
<StmntSeq Intrnl_Id="2928">
<LocList/>
</StmntSeq>
</Branch>
<Keyword EndOffset="23601" SrcFileId="8" StartOffset="23599"/>
<LocList>
<Loc EndOffset="23922" SrcFileId="8" StartOffset="23599"/>
</LocList>
<RootTerm CovItemId="C103" CovItemPrefix="com.OriginalFiles.Analyze.java" Intrnl_Id="2929">
<OpTerm BooleanOpId="10" Intrnl_Id="2930">
<BasicBoolTerm Intrnl_Id="2931">
<LocList>
<Loc EndOffset="23640" SrcFileId="8" StartOffset="23603"/>
</LocList>
</BasicBoolTerm>
<BasicBoolTerm Intrnl_Id="2932">
<LocList>
<Loc EndOffset="23713" SrcFileId="8" StartOffset="23673"/>
</LocList>
</BasicBoolTerm>
<LocList>
<Loc EndOffset="23672" SrcFileId="8" StartOffset="23670"/>
</LocList>
</OpTerm>
</RootTerm>
</CondStmnt>
</StmntSeq>
<Keyword EndOffset="23550" SrcFileId="8" StartOffset="23547"/>
<LocList>
<Loc EndOffset="23941" SrcFileId="8" StartOffset="23547"/>
</LocList>
<RootTerm CovItemId="C102" CovItemPrefix="com.OriginalFiles.Analyze.java" Intrnl_Id="2933">
<BasicBoolTerm Intrnl_Id="2934">
<LocList>
<Loc EndOffset="23569" SrcFileId="8" StartOffset="23563"/>
</LocList>
</BasicBoolTerm>
</RootTerm>
</LoopStmnt>
</StmntSeq>
<Keyword EndOffset="23502" SrcFileId="8" StartOffset="23499"/>
<LocList>
<Loc EndOffset="23956" SrcFileId="8" StartOffset="23488"/>
</LocList>
<RootTerm CovItemId="C101" CovItemPrefix="com.OriginalFiles.Analyze.java" Intrnl_Id="2935">
<BasicBoolTerm Intrnl_Id="2936">
<LocList>
<Loc EndOffset="23521" SrcFileId="8" StartOffset="23515"/>
</LocList>
</BasicBoolTerm>
</RootTerm>
</LoopStmnt>
</StmntSeq>
</Branch>
<Branch CovItemId="B173" CovItemPrefix="com.OriginalFiles.Analyze.java" Implct="true" Intrnl_Id="2937">
<Cond/>
<LocList/>
<StmntSeq Intrnl_Id="2938">
<LocList/>
</StmntSeq>
</Branch>
<Keyword EndOffset="23384" SrcFileId="8" StartOffset="23382"/>
<LocList>
<Loc EndOffset="23967" SrcFileId="8" StartOffset="23382"/>
</LocList>
<RootTerm CovItemId="C100" CovItemPrefix="com.OriginalFiles.Analyze.java" Intrnl_Id="2939">
<BasicBoolTerm Intrnl_Id="2940">
<LocList>
<Loc EndOffset="23471" SrcFileId="8" StartOffset="23386"/>
</LocList>
</BasicBoolTerm>
</RootTerm>
</CondStmnt>
</StmntSeq>
</Branch>
<Keyword EndOffset="22794" SrcFileId="8" StartOffset="22792"/>
<LocList>
<Loc EndOffset="23967" SrcFileId="8" StartOffset="22792"/>
</LocList>
<RootTerm CovItemId="C96" CovItemPrefix="com.OriginalFiles.Analyze.java" Intrnl_Id="2941">
<BasicBoolTerm Intrnl_Id="2942">
<LocList>
<Loc EndOffset="22880" SrcFileId="8" StartOffset="22796"/>
</LocList>
</BasicBoolTerm>
</RootTerm>
</CondStmnt>
</StmntSeq>
</HierarchyLvl>
<HierarchyLvl HierarchyLvlId="321" HierarchyLvlTypeId="14" Intrnl_Id="2943" Name="moveToKingRow">
<Header>
<Loc EndOffset="24071" SrcFileId="8" StartOffset="23982"/>
</Header>
<LocList>
<Loc EndOffset="25067" SrcFileId="8" StartOffset="23982"/>
</LocList>
<StmntSeq Intrnl_Id="2944">
<LocList>
<Loc EndOffset="25060" SrcFileId="8" StartOffset="24083"/>
</LocList>
<CondStmnt CovItemId="S300" CovItemPrefix="com.OriginalFiles.Analyze.java" Intrnl_Id="2945">
<Branch CovItemId="B176" CovItemPrefix="com.OriginalFiles.Analyze.java" Implct="false" Intrnl_Id="2946">
<Cond/>
<LocList>
<Loc EndOffset="24572" SrcFileId="8" StartOffset="24174"/>
</LocList>
<StmntSeq Intrnl_Id="2947">
<LocList>
<Loc EndOffset="24199" SrcFileId="8" StartOffset="24189"/>
<Loc EndOffset="24561" SrcFileId="8" StartOffset="24213"/>
</LocList>
<BasicStmnt CovItemId="S301" CovItemPrefix="com.OriginalFiles.Analyze.java" Intrnl_Id="2948">
<LocList>
<Loc EndOffset="24199" SrcFileId="8" StartOffset="24189"/>
</LocList>
</BasicStmnt>
<LoopStmnt CovItemId="S302" CovItemPrefix="com.OriginalFiles.Analyze.java" Intrnl_Id="2949" MltplExecId="L30-2" MltplExecPrefix="com.OriginalFiles.Analyze.java" NvrExecId="L30-0" NvrExecPrefix="com.OriginalFiles.Analyze.java" OnceExecutedId="L30-1" OnceExecutedPrefix="com.OriginalFiles.Analyze.java" OptBodyExec="true">
<StmntSeq Intrnl_Id="2950">
<LocList>
<Loc EndOffset="24524" SrcFileId="8" StartOffset="24249"/>
<Loc EndOffset="24546" SrcFileId="8" StartOffset="24542"/>
</LocList>
<CondStmnt CovItemId="S303" CovItemPrefix="com.OriginalFiles.Analyze.java" Intrnl_Id="2951">
<Branch CovItemId="B178" CovItemPrefix="com.OriginalFiles.Analyze.java" Implct="false" Intrnl_Id="2952">
<Cond/>
<LocList>
<Loc EndOffset="24524" SrcFileId="8" StartOffset="24294"/>
</LocList>
<StmntSeq Intrnl_Id="2953">
<LocList>
<Loc EndOffset="24476" SrcFileId="8" StartOffset="24364"/>
<Loc EndOffset="24505" SrcFileId="8" StartOffset="24498"/>
</LocList>
<BasicStmnt CovItemId="S304" CovItemPrefix="com.OriginalFiles.Analyze.java" Intrnl_Id="2954">
<LocList>
<Loc EndOffset="24476" SrcFileId="8" StartOffset="24364"/>
</LocList>
</BasicStmnt>
<BasicStmnt CovItemId="S305" CovItemPrefix="com.OriginalFiles.Analyze.java" Intrnl_Id="2955">
<LocList>
<Loc EndOffset="24505" SrcFileId="8" StartOffset="24498"/>
</LocList>
</BasicStmnt>
</StmntSeq>
</Branch>
<Branch CovItemId="B179" CovItemPrefix="com.OriginalFiles.Analyze.java" Implct="true" Intrnl_Id="2956">
<Cond/>
<LocList/>
<StmntSeq Intrnl_Id="2957">
<LocList/>
</StmntSeq>
</Branch>
<Keyword EndOffset="24251" SrcFileId="8" StartOffset="24249"/>
<LocList>
<Loc EndOffset="24524" SrcFileId="8" StartOffset="24249"/>
</LocList>
<RootTerm CovItemId="C106" CovItemPrefix="com.OriginalFiles.Analyze.java" Intrnl_Id="2958">
<BasicBoolTerm Intrnl_Id="2959">
<LocList>
<Loc EndOffset="24292" SrcFileId="8" StartOffset="24253"/>
</LocList>
</BasicBoolTerm>
</RootTerm>
</CondStmnt>
<BasicStmnt CovItemId="S306" CovItemPrefix="com.OriginalFiles.Analyze.java" Intrnl_Id="2960">
<LocList>
<Loc EndOffset="24546" SrcFileId="8" StartOffset="24542"/>
</LocList>
</BasicStmnt>
</StmntSeq>
<Keyword EndOffset="24218" SrcFileId="8" StartOffset="24213"/>
<LocList>
<Loc EndOffset="24561" SrcFileId="8" StartOffset="24213"/>
</LocList>
<RootTerm CovItemId="C105" CovItemPrefix="com.OriginalFiles.Analyze.java" Intrnl_Id="2961">
<OpTerm BooleanOpId="9" Intrnl_Id="2962">
<BasicBoolTerm Intrnl_Id="2963">
<LocList>
<Loc EndOffset="24227" SrcFileId="8" StartOffset="24222"/>
</LocList>
</BasicBoolTerm>
<LocList>
<Loc EndOffset="24221" SrcFileId="8" StartOffset="24220"/>
</LocList>
</OpTerm>
</RootTerm>
</LoopStmnt>
</StmntSeq>
</Branch>
<Branch CovItemId="B177" CovItemPrefix="com.OriginalFiles.Analyze.java" Implct="false" Intrnl_Id="2964">
<Cond>
<Loc EndOffset="24577" SrcFileId="8" StartOffset="24573"/>
</Cond>
<LocList>
<Loc EndOffset="25060" SrcFileId="8" StartOffset="24578"/>
</LocList>
<StmntSeq Intrnl_Id="2965">
<LocList>
<Loc EndOffset="25060" SrcFileId="8" StartOffset="24578"/>
</LocList>
<CondStmnt CovItemId="S307" CovItemPrefix="com.OriginalFiles.Analyze.java" Intrnl_Id="2966">
<Branch CovItemId="B180" CovItemPrefix="com.OriginalFiles.Analyze.java" Implct="false" Intrnl_Id="2967">
<Cond/>
<LocList>
<Loc EndOffset="25060" SrcFileId="8" StartOffset="24668"/>
</LocList>
<StmntSeq Intrnl_Id="2968">
<LocList>
<Loc EndOffset="24693" SrcFileId="8" StartOffset="24683"/>
<Loc EndOffset="25049" SrcFileId="8" StartOffset="24707"/>
</LocList>
<BasicStmnt CovItemId="S308" CovItemPrefix="com.OriginalFiles.Analyze.java" Intrnl_Id="2969">
<LocList>
<Loc EndOffset="24693" SrcFileId="8" StartOffset="24683"/>
</LocList>
</BasicStmnt>
<LoopStmnt CovItemId="S309" CovItemPrefix="com.OriginalFiles.Analyze.java" Intrnl_Id="2970" MltplExecId="L31-2" MltplExecPrefix="com.OriginalFiles.Analyze.java" NvrExecId="L31-0" NvrExecPrefix="com.OriginalFiles.Analyze.java" OnceExecutedId="L31-1" OnceExecutedPrefix="com.OriginalFiles.Analyze.java" OptBodyExec="true">
<StmntSeq Intrnl_Id="2971">
<LocList>
<Loc EndOffset="25012" SrcFileId="8" StartOffset="24743"/>
<Loc EndOffset="25034" SrcFileId="8" StartOffset="25030"/>
</LocList>
<CondStmnt CovItemId="S310" CovItemPrefix="com.OriginalFiles.Analyze.java" Intrnl_Id="2972">
<Branch CovItemId="B182" CovItemPrefix="com.OriginalFiles.Analyze.java" Implct="false" Intrnl_Id="2973">
<Cond/>
<LocList>
<Loc EndOffset="25012" SrcFileId="8" StartOffset="24785"/>
</LocList>
<StmntSeq Intrnl_Id="2974">
<LocList>
<Loc EndOffset="24964" SrcFileId="8" StartOffset="24855"/>
<Loc EndOffset="24993" SrcFileId="8" StartOffset="24986"/>
</LocList>
<BasicStmnt CovItemId="S311" CovItemPrefix="com.OriginalFiles.Analyze.java" Intrnl_Id="2975">
<LocList>
<Loc EndOffset="24964" SrcFileId="8" StartOffset="24855"/>
</LocList>
</BasicStmnt>
<BasicStmnt CovItemId="S312" CovItemPrefix="com.OriginalFiles.Analyze.java" Intrnl_Id="2976">
<LocList>
<Loc EndOffset="24993" SrcFileId="8" StartOffset="24986"/>
</LocList>
</BasicStmnt>
</StmntSeq>
</Branch>
<Branch CovItemId="B183" CovItemPrefix="com.OriginalFiles.Analyze.java" Implct="true" Intrnl_Id="2977">
<Cond/>
<LocList/>
<StmntSeq Intrnl_Id="2978">
<LocList/>
</StmntSeq>
</Branch>
<Keyword EndOffset="24745" SrcFileId="8" StartOffset="24743"/>
<LocList>
<Loc EndOffset="25012" SrcFileId="8" StartOffset="24743"/>
</LocList>
<RootTerm CovItemId="C109" CovItemPrefix="com.OriginalFiles.Analyze.java" Intrnl_Id="2979">
<BasicBoolTerm Intrnl_Id="2980">
<LocList>
<Loc EndOffset="24783" SrcFileId="8" StartOffset="24747"/>
</LocList>
</BasicBoolTerm>
</RootTerm>
</CondStmnt>
<BasicStmnt CovItemId="S313" CovItemPrefix="com.OriginalFiles.Analyze.java" Intrnl_Id="2981">
<LocList>
<Loc EndOffset="25034" SrcFileId="8" StartOffset="25030"/>
</LocList>
</BasicStmnt>
</StmntSeq>
<Keyword EndOffset="24712" SrcFileId="8" StartOffset="24707"/>
<LocList>
<Loc EndOffset="25049" SrcFileId="8" StartOffset="24707"/>
</LocList>
<RootTerm CovItemId="C108" CovItemPrefix="com.OriginalFiles.Analyze.java" Intrnl_Id="2982">
<OpTerm BooleanOpId="9" Intrnl_Id="2983">
<BasicBoolTerm Intrnl_Id="2984">
<LocList>
<Loc EndOffset="24721" SrcFileId="8" StartOffset="24716"/>
</LocList>
</BasicBoolTerm>
<LocList>
<Loc EndOffset="24715" SrcFileId="8" StartOffset="24714"/>
</LocList>
</OpTerm>
</RootTerm>
</LoopStmnt>
</StmntSeq>
</Branch>
<Branch CovItemId="B181" CovItemPrefix="com.OriginalFiles.Analyze.java" Implct="true" Intrnl_Id="2985">
<Cond/>
<LocList/>
<StmntSeq Intrnl_Id="2986">
<LocList/>
</StmntSeq>
</Branch>
<Keyword EndOffset="24580" SrcFileId="8" StartOffset="24578"/>
<LocList>
<Loc EndOffset="25060" SrcFileId="8" StartOffset="24578"/>
</LocList>
<RootTerm CovItemId="C107" CovItemPrefix="com.OriginalFiles.Analyze.java" Intrnl_Id="2987">
<BasicBoolTerm Intrnl_Id="2988">
<LocList>
<Loc EndOffset="24666" SrcFileId="8" StartOffset="24582"/>
</LocList>
</BasicBoolTerm>
</RootTerm>
</CondStmnt>
</StmntSeq>
</Branch>
<Keyword EndOffset="24085" SrcFileId="8" StartOffset="24083"/>
<LocList>
<Loc EndOffset="25060" SrcFileId="8" StartOffset="24083"/>
</LocList>
<RootTerm CovItemId="C104" CovItemPrefix="com.OriginalFiles.Analyze.java" Intrnl_Id="2989">
<BasicBoolTerm Intrnl_Id="2990">
<LocList>
<Loc EndOffset="24172" SrcFileId="8" StartOffset="24087"/>
</LocList>
</BasicBoolTerm>
</RootTerm>
</CondStmnt>
</StmntSeq>
</HierarchyLvl>
<HierarchyLvl HierarchyLvlId="322" HierarchyLvlTypeId="14" Intrnl_Id="2991" Name="isInCorrectEnd">
<Header>
<Loc EndOffset="25125" SrcFileId="8" StartOffset="25075"/>
</Header>
<LocList>
<Loc EndOffset="25434" SrcFileId="8" StartOffset="25075"/>
</LocList>
<StmntSeq Intrnl_Id="2992">
<LocList>
<Loc EndOffset="25427" SrcFileId="8" StartOffset="25137"/>
</LocList>
<BasicStmnt CovItemId="S314" CovItemPrefix="com.OriginalFiles.Analyze.java" Intrnl_Id="2993">
<LocList>
<Loc EndOffset="25427" SrcFileId="8" StartOffset="25137"/>
</LocList>
</BasicStmnt>
</StmntSeq>
</HierarchyLvl>
</HierarchyLvl>
</HierarchyLvl>
</HierarchyLvl>
</HierarchyLvl>
</MASTRoot>
<TestSession Comment="" Date="1386061681423" Name="03-12-2013 10:08:01">
<TestCase Comment="" Date="1386061680923" Name="com.Testing.MiTest:testLookForBestMove">
<CovList>
<CovPrefix CovItemPrefix="com.OriginalFiles.Analyze.java">
<Cov CovItemId="B103" Value="1"/>
<Cov CovItemId="B107" Value="1"/>
<Cov CovItemId="B120" Value="2372"/>
<Cov CovItemId="B121" Value="3964"/>
<Cov CovItemId="B122" Value="1184"/>
<Cov CovItemId="B123" Value="1188"/>
<Cov CovItemId="B124" Value="509"/>
<Cov CovItemId="B125" Value="675"/>
<Cov CovItemId="B126" Value="1188"/>
<Cov CovItemId="B127" Value="1184"/>
<Cov CovItemId="B128" Value="601"/>
<Cov CovItemId="B129" Value="587"/>
<Cov CovItemId="B131" Value="99"/>
<Cov CovItemId="B133" Value="99"/>
<Cov CovItemId="B135" Value="99"/>
<Cov CovItemId="B65" Value="2"/>
<Cov CovItemId="B66" Value="9"/>
<Cov CovItemId="B68" Value="11"/>
<Cov CovItemId="B70" Value="11"/>
<Cov CovItemId="B71" Value="4"/>
<Cov CovItemId="B72" Value="7"/>
<Cov CovItemId="B73" Value="5"/>
<Cov CovItemId="B74" Value="6"/>
<Cov CovItemId="B84" Value="199"/>
<Cov CovItemId="L16-2" Value="99"/>
<Cov CovItemId="L17-2" Value="792"/>
<Cov CovItemId="L5-1" Value="11"/>
<Cov CovItemId="S1" Value="1"/>
<Cov CovItemId="S100" Value="11"/>
<Cov CovItemId="S101" Value="11"/>
<Cov CovItemId="S102" Value="11"/>
<Cov CovItemId="S103" Value="11"/>
<Cov CovItemId="S104" Value="2"/>
<Cov CovItemId="S105" Value="11"/>
<Cov CovItemId="S106" Value="11"/>
<Cov CovItemId="S108" Value="11"/>
<Cov CovItemId="S109" Value="11"/>
<Cov CovItemId="S111" Value="11"/>
<Cov CovItemId="S112" Value="11"/>
<Cov CovItemId="S113" Value="4"/>
<Cov CovItemId="S114" Value="11"/>
<Cov CovItemId="S115" Value="5"/>
<Cov CovItemId="S116" Value="11"/>
<Cov CovItemId="S117" Value="11"/>
<Cov CovItemId="S118" Value="11"/>
<Cov CovItemId="S150" Value="199"/>
<Cov CovItemId="S192" Value="1"/>
<Cov CovItemId="S193" Value="1"/>
<Cov CovItemId="S194" Value="1"/>
<Cov CovItemId="S2" Value="1"/>
<Cov CovItemId="S200" Value="1"/>
<Cov CovItemId="S201" Value="1"/>
<Cov CovItemId="S202" Value="1"/>
<Cov CovItemId="S203" Value="1"/>
<Cov CovItemId="S204" Value="1"/>
<Cov CovItemId="S205" Value="1"/>
<Cov CovItemId="S222" Value="99"/>
<Cov CovItemId="S223" Value="99"/>
<Cov CovItemId="S224" Value="99"/>
<Cov CovItemId="S225" Value="99"/>
<Cov CovItemId="S226" Value="99"/>
<Cov CovItemId="S227" Value="99"/>
<Cov CovItemId="S228" Value="792"/>
<Cov CovItemId="S229" Value="6336"/>
<Cov CovItemId="S230" Value="2372"/>
<Cov CovItemId="S231" Value="1184"/>
<Cov CovItemId="S232" Value="1184"/>
<Cov CovItemId="S233" Value="509"/>
<Cov CovItemId="S234" Value="2372"/>
<Cov CovItemId="S235" Value="1188"/>
<Cov CovItemId="S236" Value="1188"/>
<Cov CovItemId="S237" Value="601"/>
<Cov CovItemId="S238" Value="99"/>
<Cov CovItemId="S240" Value="99"/>
<Cov CovItemId="S242" Value="99"/>
<Cov CovItemId="S251" Value="99"/>
<Cov CovItemId="S3" Value="1"/>
<Cov CovItemId="S4" Value="1"/>
<Cov CovItemId="S5" Value="1"/>
<Cov CovItemId="S6" Value="1"/>
</CovPrefix>
<CovPrefix CovItemPrefix="com.OriginalFiles.Board.java">
<Cov CovItemId="B1" Value="32"/>
<Cov CovItemId="B10" Value="8"/>
<Cov CovItemId="B2" Value="32"/>
<Cov CovItemId="B3" Value="12"/>
<Cov CovItemId="B31" Value="199"/>
<Cov CovItemId="B33" Value="41"/>
<Cov CovItemId="B34" Value="158"/>
<Cov CovItemId="B36" Value="199"/>
<Cov CovItemId="B37" Value="199"/>
<Cov CovItemId="B4" Value="20"/>
<Cov CovItemId="B41" Value="5690"/>
<Cov CovItemId="B42" Value="770"/>
<Cov CovItemId="B43" Value="61"/>
<Cov CovItemId="B44" Value="3006"/>
<Cov CovItemId="B45" Value="1056"/>
<Cov CovItemId="B46" Value="2099"/>
<Cov CovItemId="B47" Value="1045"/>
<Cov CovItemId="B48" Value="2110"/>
<Cov CovItemId="B5" Value="4"/>
<Cov CovItemId="B50" Value="3155"/>
<Cov CovItemId="B55" Value="6074"/>
<Cov CovItemId="B56" Value="6132"/>
<Cov CovItemId="B57" Value="4607"/>
<Cov CovItemId="B58" Value="1525"/>
<Cov CovItemId="B59" Value="4607"/>
<Cov CovItemId="B6" Value="8"/>
<Cov CovItemId="B61" Value="67"/>
<Cov CovItemId="B62" Value="4540"/>
<Cov CovItemId="B63" Value="4096"/>
<Cov CovItemId="B64" Value="4096"/>
<Cov CovItemId="B65" Value="3067"/>
<Cov CovItemId="B66" Value="1029"/>
<Cov CovItemId="B67" Value="1535"/>
<Cov CovItemId="B68" Value="1532"/>
<Cov CovItemId="B69" Value="1"/>
<Cov CovItemId="B7" Value="12"/>
<Cov CovItemId="B79" Value="13003"/>
<Cov CovItemId="B8" Value="20"/>
<Cov CovItemId="B81" Value="11419"/>
<Cov CovItemId="B82" Value="1584"/>
<Cov CovItemId="B83" Value="3112"/>
<Cov CovItemId="B84" Value="8765"/>
<Cov CovItemId="B85" Value="1410"/>
<Cov CovItemId="B86" Value="7355"/>
<Cov CovItemId="B9" Value="4"/>
<Cov CovItemId="L1-2" Value="1"/>
<Cov CovItemId="L10-2" Value="2048"/>
<Cov CovItemId="L13-2" Value="128"/>
<Cov CovItemId="L14-2" Value="1024"/>
<Cov CovItemId="L2-2" Value="8"/>
<Cov CovItemId="L3-2" Value="1"/>
<Cov CovItemId="L4-2" Value="1"/>
<Cov CovItemId="L5-2" Value="1"/>
<Cov CovItemId="L6-2" Value="3"/>
<Cov CovItemId="L7-2" Value="1"/>
<Cov CovItemId="L8-2" Value="2"/>
<Cov CovItemId="L9-2" Value="256"/>
<Cov CovItemId="S1" Value="1"/>
<Cov CovItemId="S10" Value="1"/>
<Cov CovItemId="S100" Value="41"/>
<Cov CovItemId="S101" Value="158"/>
<Cov CovItemId="S102" Value="199"/>
<Cov CovItemId="S104" Value="199"/>
<Cov CovItemId="S105" Value="1"/>
<Cov CovItemId="S106" Value="199"/>
<Cov CovItemId="S107" Value="199"/>
<Cov CovItemId="S108" Value="199"/>
<Cov CovItemId="S109" Value="199"/>
<Cov CovItemId="S11" Value="8"/>
<Cov CovItemId="S115" Value="6460"/>
<Cov CovItemId="S116" Value="5690"/>
<Cov CovItemId="S117" Value="770"/>
<Cov CovItemId="S118" Value="3067"/>
<Cov CovItemId="S119" Value="3067"/>
<Cov CovItemId="S12" Value="64"/>
<Cov CovItemId="S120" Value="61"/>
<Cov CovItemId="S121" Value="3006"/>
<Cov CovItemId="S122" Value="3006"/>
<Cov CovItemId="S123" Value="3155"/>
<Cov CovItemId="S124" Value="3155"/>
<Cov CovItemId="S125" Value="1056"/>
<Cov CovItemId="S126" Value="3155"/>
<Cov CovItemId="S127" Value="1045"/>
<Cov CovItemId="S128" Value="3155"/>
<Cov CovItemId="S13" Value="64"/>
<Cov CovItemId="S133" Value="3155"/>
<Cov CovItemId="S134" Value="3067"/>
<Cov CovItemId="S135" Value="12206"/>
<Cov CovItemId="S136" Value="6074"/>
<Cov CovItemId="S137" Value="6132"/>
<Cov CovItemId="S138" Value="4607"/>
<Cov CovItemId="S139" Value="4607"/>
<Cov CovItemId="S14" Value="64"/>
<Cov CovItemId="S140" Value="67"/>
<Cov CovItemId="S141" Value="6065"/>
<Cov CovItemId="S142" Value="12162"/>
<Cov CovItemId="S143" Value="128"/>
<Cov CovItemId="S144" Value="128"/>
<Cov CovItemId="S145" Value="1024"/>
<Cov CovItemId="S146" Value="8192"/>
<Cov CovItemId="S147" Value="4096"/>
<Cov CovItemId="S148" Value="3067"/>
<Cov CovItemId="S149" Value="1535"/>
<Cov CovItemId="S15" Value="64"/>
<Cov CovItemId="S150" Value="1532"/>
<Cov CovItemId="S151" Value="128"/>
<Cov CovItemId="S152" Value="1"/>
<Cov CovItemId="S153" Value="1"/>
<Cov CovItemId="S154" Value="1"/>
<Cov CovItemId="S16" Value="32"/>
<Cov CovItemId="S17" Value="32"/>
<Cov CovItemId="S176" Value="13003"/>
<Cov CovItemId="S177" Value="13003"/>
<Cov CovItemId="S178" Value="11419"/>
<Cov CovItemId="S179" Value="1584"/>
<Cov CovItemId="S18" Value="32"/>
<Cov CovItemId="S180" Value="11877"/>
<Cov CovItemId="S181" Value="3112"/>
<Cov CovItemId="S182" Value="8765"/>
<Cov CovItemId="S183" Value="1410"/>
<Cov CovItemId="S184" Value="7355"/>
<Cov CovItemId="S185" Value="26037"/>
<Cov CovItemId="S19" Value="12"/>
<Cov CovItemId="S2" Value="1"/>
<Cov CovItemId="S20" Value="12"/>
<Cov CovItemId="S21" Value="12"/>
<Cov CovItemId="S22" Value="4"/>
<Cov CovItemId="S23" Value="32"/>
<Cov CovItemId="S24" Value="12"/>
<Cov CovItemId="S25" Value="12"/>
<Cov CovItemId="S26" Value="12"/>
<Cov CovItemId="S27" Value="4"/>
<Cov CovItemId="S28" Value="32"/>
<Cov CovItemId="S29" Value="32"/>
<Cov CovItemId="S3" Value="1"/>
<Cov CovItemId="S30" Value="64"/>
<Cov CovItemId="S31" Value="1"/>
<Cov CovItemId="S32" Value="8"/>
<Cov CovItemId="S33" Value="8"/>
<Cov CovItemId="S34" Value="8"/>
<Cov CovItemId="S35" Value="8"/>
<Cov CovItemId="S36" Value="8"/>
<Cov CovItemId="S37" Value="8"/>
<Cov CovItemId="S38" Value="8"/>
<Cov CovItemId="S39" Value="8"/>
<Cov CovItemId="S4" Value="1"/>
<Cov CovItemId="S40" Value="1"/>
<Cov CovItemId="S41" Value="8"/>
<Cov CovItemId="S42" Value="8"/>
<Cov CovItemId="S43" Value="8"/>
<Cov CovItemId="S44" Value="8"/>
<Cov CovItemId="S45" Value="8"/>
<Cov CovItemId="S46" Value="8"/>
<Cov CovItemId="S47" Value="8"/>
<Cov CovItemId="S48" Value="8"/>
<Cov CovItemId="S49" Value="1"/>
<Cov CovItemId="S5" Value="1"/>
<Cov CovItemId="S50" Value="3"/>
<Cov CovItemId="S51" Value="24"/>
<Cov CovItemId="S52" Value="24"/>
<Cov CovItemId="S53" Value="24"/>
<Cov CovItemId="S54" Value="24"/>
<Cov CovItemId="S55" Value="1"/>
<Cov CovItemId="S56" Value="2"/>
<Cov CovItemId="S57" Value="16"/>
<Cov CovItemId="S58" Value="16"/>
<Cov CovItemId="S59" Value="16"/>
<Cov CovItemId="S6" Value="1"/>
<Cov CovItemId="S60" Value="16"/>
<Cov CovItemId="S61" Value="256"/>
<Cov CovItemId="S62" Value="2048"/>
<Cov CovItemId="S63" Value="16384"/>
<Cov CovItemId="S7" Value="1"/>
<Cov CovItemId="S8" Value="1"/>
<Cov CovItemId="S9" Value="1"/>
<Cov CovItemId="S98" Value="199"/>
<Cov CovItemId="S99" Value="199"/>
</CovPrefix>
<CovPrefix CovItemPrefix="com.OriginalFiles.Field.java">
<Cov CovItemId="B1" Value="243"/>
<Cov CovItemId="B2" Value="12"/>
<Cov CovItemId="S1" Value="121"/>
<Cov CovItemId="S13" Value="200"/>
<Cov CovItemId="S2" Value="121"/>
<Cov CovItemId="S3" Value="1"/>
<Cov CovItemId="S4" Value="1"/>
<Cov CovItemId="S5" Value="255"/>
<Cov CovItemId="S6" Value="255"/>
<Cov CovItemId="S7" Value="243"/>
<Cov CovItemId="S8" Value="37124"/>
<Cov CovItemId="S9" Value="27630"/>
</CovPrefix>
<CovPrefix CovItemPrefix="com.OriginalFiles.MI.java">
<Cov CovItemId="B1" Value="71"/>
<Cov CovItemId="B10" Value="2"/>
<Cov CovItemId="B11" Value="72"/>
<Cov CovItemId="B12" Value="27"/>
<Cov CovItemId="B13" Value="15"/>
<Cov CovItemId="B14" Value="77"/>
<Cov CovItemId="B18" Value="72"/>
<Cov CovItemId="B19" Value="72"/>
<Cov CovItemId="B2" Value="121"/>
<Cov CovItemId="B21" Value="60"/>
<Cov CovItemId="B22" Value="196"/>
<Cov CovItemId="B23" Value="99"/>
<Cov CovItemId="B25" Value="4"/>
<Cov CovItemId="B26" Value="95"/>
<Cov CovItemId="B27" Value="4"/>
<Cov CovItemId="B29" Value="99"/>
<Cov CovItemId="B3" Value="35"/>
<Cov CovItemId="B31" Value="99"/>
<Cov CovItemId="B34" Value="99"/>
<Cov CovItemId="B39" Value="4"/>
<Cov CovItemId="B4" Value="36"/>
<Cov CovItemId="B41" Value="695"/>
<Cov CovItemId="B42" Value="1161"/>
<Cov CovItemId="B43" Value="154"/>
<Cov CovItemId="B44" Value="541"/>
<Cov CovItemId="B45" Value="5"/>
<Cov CovItemId="B46" Value="149"/>
<Cov CovItemId="B47" Value="5"/>
<Cov CovItemId="B49" Value="149"/>
<Cov CovItemId="B5" Value="1"/>
<Cov CovItemId="B51" Value="5"/>
<Cov CovItemId="B52" Value="24"/>
<Cov CovItemId="B6" Value="1"/>
<Cov CovItemId="B7" Value="2"/>
<Cov CovItemId="B8" Value="5"/>
<Cov CovItemId="B9" Value="3"/>
<Cov CovItemId="L1-2" Value="3"/>
<Cov CovItemId="L10-2" Value="29"/>
<Cov CovItemId="L11-2" Value="232"/>
<Cov CovItemId="L12-1" Value="5"/>
<Cov CovItemId="L13-1" Value="88"/>
<Cov CovItemId="L13-2" Value="61"/>
<Cov CovItemId="L2-2" Value="24"/>
<Cov CovItemId="L3-2" Value="1"/>
<Cov CovItemId="L4-1" Value="16"/>
<Cov CovItemId="L4-2" Value="11"/>
<Cov CovItemId="L5-2" Value="72"/>
<Cov CovItemId="L6-2" Value="72"/>
<Cov CovItemId="L7-1" Value="99"/>
<Cov CovItemId="L8-1" Value="99"/>
<Cov CovItemId="L9-0" Value="95"/>
<Cov CovItemId="L9-1" Value="4"/>
<Cov CovItemId="S1" Value="1"/>
<Cov CovItemId="S10" Value="24"/>
<Cov CovItemId="S103" Value="99"/>
<Cov CovItemId="S104" Value="99"/>
<Cov CovItemId="S105" Value="99"/>
<Cov CovItemId="S106" Value="4"/>
<Cov CovItemId="S107" Value="4"/>
<Cov CovItemId="S108" Value="4"/>
<Cov CovItemId="S11" Value="192"/>
<Cov CovItemId="S110" Value="4"/>
<Cov CovItemId="S111" Value="29"/>
<Cov CovItemId="S112" Value="29"/>
<Cov CovItemId="S113" Value="29"/>
<Cov CovItemId="S114" Value="29"/>
<Cov CovItemId="S115" Value="232"/>
<Cov CovItemId="S116" Value="1856"/>
<Cov CovItemId="S117" Value="695"/>
<Cov CovItemId="S118" Value="154"/>
<Cov CovItemId="S119" Value="5"/>
<Cov CovItemId="S12" Value="71"/>
<Cov CovItemId="S120" Value="5"/>
<Cov CovItemId="S121" Value="5"/>
<Cov CovItemId="S122" Value="5"/>
<Cov CovItemId="S123" Value="149"/>
<Cov CovItemId="S124" Value="149"/>
<Cov CovItemId="S125" Value="149"/>
<Cov CovItemId="S126" Value="210"/>
<Cov CovItemId="S127" Value="210"/>
<Cov CovItemId="S128" Value="29"/>
<Cov CovItemId="S129" Value="5"/>
<Cov CovItemId="S13" Value="35"/>
<Cov CovItemId="S130" Value="24"/>
<Cov CovItemId="S14" Value="36"/>
<Cov CovItemId="S15" Value="2"/>
<Cov CovItemId="S16" Value="2"/>
<Cov CovItemId="S17" Value="2"/>
<Cov CovItemId="S18" Value="2"/>
<Cov CovItemId="S19" Value="2"/>
<Cov CovItemId="S2" Value="1"/>
<Cov CovItemId="S20" Value="1"/>
<Cov CovItemId="S21" Value="1"/>
<Cov CovItemId="S22" Value="7"/>
<Cov CovItemId="S23" Value="7"/>
<Cov CovItemId="S24" Value="7"/>
<Cov CovItemId="S25" Value="7"/>
<Cov CovItemId="S26" Value="2"/>
<Cov CovItemId="S27" Value="2"/>
<Cov CovItemId="S28" Value="2"/>
<Cov CovItemId="S29" Value="5"/>
<Cov CovItemId="S3" Value="1"/>
<Cov CovItemId="S30" Value="3"/>
<Cov CovItemId="S31" Value="1"/>
<Cov CovItemId="S32" Value="99"/>
<Cov CovItemId="S33" Value="72"/>
<Cov CovItemId="S34" Value="27"/>
<Cov CovItemId="S35" Value="27"/>
<Cov CovItemId="S36" Value="27"/>
<Cov CovItemId="S37" Value="92"/>
<Cov CovItemId="S38" Value="92"/>
<Cov CovItemId="S39" Value="92"/>
<Cov CovItemId="S4" Value="1"/>
<Cov CovItemId="S40" Value="92"/>
<Cov CovItemId="S41" Value="92"/>
<Cov CovItemId="S42" Value="92"/>
<Cov CovItemId="S43" Value="15"/>
<Cov CovItemId="S44" Value="27"/>
<Cov CovItemId="S45" Value="1"/>
<Cov CovItemId="S46" Value="1"/>
<Cov CovItemId="S47" Value="1"/>
<Cov CovItemId="S48" Value="1"/>
<Cov CovItemId="S49" Value="1"/>
<Cov CovItemId="S5" Value="1"/>
<Cov CovItemId="S50" Value="1"/>
<Cov CovItemId="S51" Value="1"/>
<Cov CovItemId="S52" Value="72"/>
<Cov CovItemId="S53" Value="72"/>
<Cov CovItemId="S54" Value="72"/>
<Cov CovItemId="S55" Value="864"/>
<Cov CovItemId="S56" Value="72"/>
<Cov CovItemId="S57" Value="860"/>
<Cov CovItemId="S58" Value="72"/>
<Cov CovItemId="S59" Value="72"/>
<Cov CovItemId="S6" Value="1"/>
<Cov CovItemId="S66" Value="72"/>
<Cov CovItemId="S67" Value="72"/>
<Cov CovItemId="S68" Value="72"/>
<Cov CovItemId="S69" Value="72"/>
<Cov CovItemId="S7" Value="3"/>
<Cov CovItemId="S70" Value="72"/>
<Cov CovItemId="S72" Value="256"/>
<Cov CovItemId="S73" Value="60"/>
<Cov CovItemId="S74" Value="196"/>
<Cov CovItemId="S75" Value="99"/>
<Cov CovItemId="S76" Value="99"/>
<Cov CovItemId="S77" Value="99"/>
<Cov CovItemId="S78" Value="99"/>
<Cov CovItemId="S79" Value="99"/>
<Cov CovItemId="S8" Value="3"/>
<Cov CovItemId="S80" Value="99"/>
<Cov CovItemId="S81" Value="4"/>
<Cov CovItemId="S82" Value="4"/>
<Cov CovItemId="S83" Value="4"/>
<Cov CovItemId="S85" Value="4"/>
<Cov CovItemId="S86" Value="4"/>
<Cov CovItemId="S87" Value="99"/>
<Cov CovItemId="S88" Value="99"/>
<Cov CovItemId="S89" Value="99"/>
<Cov CovItemId="S9" Value="3"/>
<Cov CovItemId="S90" Value="99"/>
<Cov CovItemId="S91" Value="99"/>
<Cov CovItemId="S92" Value="99"/>
<Cov CovItemId="S93" Value="99"/>
<Cov CovItemId="S94" Value="99"/>
<Cov CovItemId="S95" Value="99"/>
<Cov CovItemId="S96" Value="99"/>
<Cov CovItemId="S97" Value="99"/>
</CovPrefix>
<CovPrefix CovItemPrefix="com.OriginalFiles.Move.java">
<Cov CovItemId="B1" Value="1"/>
<Cov CovItemId="S1" Value="215"/>
<Cov CovItemId="S12" Value="1"/>
<Cov CovItemId="S13" Value="1"/>
<Cov CovItemId="S14" Value="1"/>
<Cov CovItemId="S15" Value="1"/>
<Cov CovItemId="S2" Value="215"/>
<Cov CovItemId="S3" Value="210"/>
<Cov CovItemId="S4" Value="210"/>
<Cov CovItemId="S5" Value="210"/>
<Cov CovItemId="S6" Value="210"/>
<Cov CovItemId="S7" Value="210"/>
<Cov CovItemId="S8" Value="5"/>
<Cov CovItemId="S9" Value="5"/>
</CovPrefix>
<CovPrefix CovItemPrefix="com.OriginalFiles.Piece.java">
<Cov CovItemId="B1" Value="227"/>
<Cov CovItemId="B12" Value="227"/>
<Cov CovItemId="B13" Value="8"/>
<Cov CovItemId="B14" Value="219"/>
<Cov CovItemId="B15" Value="8"/>
<Cov CovItemId="B18" Value="227"/>
<Cov CovItemId="B2" Value="16"/>
<Cov CovItemId="B4" Value="1724"/>
<Cov CovItemId="B5" Value="130"/>
<Cov CovItemId="B6" Value="97"/>
<Cov CovItemId="B7" Value="227"/>
<Cov CovItemId="B8" Value="16"/>
<Cov CovItemId="B9" Value="227"/>
<Cov CovItemId="S1" Value="40"/>
<Cov CovItemId="S10" Value="40"/>
<Cov CovItemId="S11" Value="40"/>
<Cov CovItemId="S12" Value="40"/>
<Cov CovItemId="S13" Value="40"/>
<Cov CovItemId="S14" Value="40"/>
<Cov CovItemId="S15" Value="4"/>
<Cov CovItemId="S16" Value="4"/>
<Cov CovItemId="S17" Value="243"/>
<Cov CovItemId="S18" Value="243"/>
<Cov CovItemId="S19" Value="243"/>
<Cov CovItemId="S2" Value="40"/>
<Cov CovItemId="S20" Value="243"/>
<Cov CovItemId="S21" Value="227"/>
<Cov CovItemId="S22" Value="16"/>
<Cov CovItemId="S23" Value="16"/>
<Cov CovItemId="S24" Value="1724"/>
<Cov CovItemId="S26" Value="1724"/>
<Cov CovItemId="S27" Value="227"/>
<Cov CovItemId="S28" Value="130"/>
<Cov CovItemId="S29" Value="97"/>
<Cov CovItemId="S3" Value="40"/>
<Cov CovItemId="S30" Value="243"/>
<Cov CovItemId="S31" Value="243"/>
<Cov CovItemId="S32" Value="227"/>
<Cov CovItemId="S33" Value="227"/>
<Cov CovItemId="S34" Value="227"/>
<Cov CovItemId="S35" Value="227"/>
<Cov CovItemId="S36" Value="227"/>
<Cov CovItemId="S38" Value="227"/>
<Cov CovItemId="S39" Value="8"/>
<Cov CovItemId="S4" Value="40"/>
<Cov CovItemId="S40" Value="8"/>
<Cov CovItemId="S41" Value="8"/>
<Cov CovItemId="S42" Value="227"/>
<Cov CovItemId="S44" Value="227"/>
<Cov CovItemId="S5" Value="40"/>
<Cov CovItemId="S6" Value="40"/>
<Cov CovItemId="S7" Value="40"/>
<Cov CovItemId="S8" Value="40"/>
<Cov CovItemId="S9" Value="40"/>
</CovPrefix>
<CovPrefix CovItemPrefix="com.OriginalFiles.RemoteNXTFunctions.java">
<Cov CovItemId="B5" Value="1"/>
<Cov CovItemId="B7" Value="1"/>
<Cov CovItemId="S1" Value="1"/>
<Cov CovItemId="S162" Value="1"/>
<Cov CovItemId="S19" Value="1"/>
<Cov CovItemId="S2" Value="1"/>
<Cov CovItemId="S20" Value="1"/>
<Cov CovItemId="S21" Value="1"/>
<Cov CovItemId="S22" Value="1"/>
<Cov CovItemId="S3" Value="1"/>
</CovPrefix>
</CovList>
<AssgnmntList>
<AssgnmntPrefix RootTermCovItemPrefix="com.OriginalFiles.Analyze.java">
<AssgnmntListEntry Length="1" RootTermCovItemId="C34">
<MapEntry BoolAssgnmnt="0" Value="9"/>
<MapEntry BoolAssgnmnt="1" Value="2"/>
</AssgnmntListEntry>
<AssgnmntListEntry Length="1" RootTermCovItemId="C35">
<MapEntry BoolAssgnmnt="0" Value="11"/>
</AssgnmntListEntry>
<AssgnmntListEntry Length="1" RootTermCovItemId="C36">
<MapEntry BoolAssgnmnt="0" Value="11"/>
</AssgnmntListEntry>
<AssgnmntListEntry Length="1" RootTermCovItemId="C37">
<MapEntry BoolAssgnmnt="0" Value="7"/>
<MapEntry BoolAssgnmnt="1" Value="4"/>
</AssgnmntListEntry>
<AssgnmntListEntry Length="1" RootTermCovItemId="C38">
<MapEntry BoolAssgnmnt="0" Value="6"/>
<MapEntry BoolAssgnmnt="1" Value="5"/>
</AssgnmntListEntry>
<AssgnmntListEntry Length="1" RootTermCovItemId="C39">
<MapEntry BoolAssgnmnt="0" Value="11"/>
<MapEntry BoolAssgnmnt="1" Value="11"/>
</AssgnmntListEntry>
<AssgnmntListEntry Length="1" RootTermCovItemId="C49">
<MapEntry BoolAssgnmnt="0" Value="199"/>
</AssgnmntListEntry>
<AssgnmntListEntry Length="1" RootTermCovItemId="C64">
<MapEntry BoolAssgnmnt="1" Value="1"/>
</AssgnmntListEntry>
<AssgnmntListEntry Length="6" RootTermCovItemId="C66">
<MapEntry BoolAssgnmnt="111111" Value="1"/>
</AssgnmntListEntry>
<AssgnmntListEntry Length="1" RootTermCovItemId="C70">
<MapEntry BoolAssgnmnt="0" Value="2372"/>
<MapEntry BoolAssgnmnt="1" Value="3964"/>
</AssgnmntListEntry>
<AssgnmntListEntry Length="1" RootTermCovItemId="C71">
<MapEntry BoolAssgnmnt="0" Value="1188"/>
<MapEntry BoolAssgnmnt="1" Value="1184"/>
</AssgnmntListEntry>
<AssgnmntListEntry Length="1" RootTermCovItemId="C72">
<MapEntry BoolAssgnmnt="0" Value="675"/>
<MapEntry BoolAssgnmnt="1" Value="509"/>
</AssgnmntListEntry>
<AssgnmntListEntry Length="1" RootTermCovItemId="C73">
<MapEntry BoolAssgnmnt="0" Value="1184"/>
<MapEntry BoolAssgnmnt="1" Value="1188"/>
</AssgnmntListEntry>
<AssgnmntListEntry Length="1" RootTermCovItemId="C74">
<MapEntry BoolAssgnmnt="0" Value="587"/>
<MapEntry BoolAssgnmnt="1" Value="601"/>
</AssgnmntListEntry>
<AssgnmntListEntry Length="3" RootTermCovItemId="C75">
<MapEntry BoolAssgnmnt="012" Value="79"/>
<MapEntry BoolAssgnmnt="001" Value="20"/>
</AssgnmntListEntry>
<AssgnmntListEntry Length="3" RootTermCovItemId="C76">
<MapEntry BoolAssgnmnt="011" Value="79"/>
<MapEntry BoolAssgnmnt="002" Value="20"/>
</AssgnmntListEntry>
<AssgnmntListEntry Length="2" RootTermCovItemId="C77">
<MapEntry BoolAssgnmnt="02" Value="99"/>
</AssgnmntListEntry>
</AssgnmntPrefix>
<AssgnmntPrefix RootTermCovItemPrefix="com.OriginalFiles.Board.java">
<AssgnmntListEntry Length="1" RootTermCovItemId="C1">
<MapEntry BoolAssgnmnt="0" Value="1"/>
<MapEntry BoolAssgnmnt="1" Value="8"/>
</AssgnmntListEntry>
<AssgnmntListEntry Length="1" RootTermCovItemId="C10">
<MapEntry BoolAssgnmnt="0" Value="1"/>
<MapEntry BoolAssgnmnt="1" Value="3"/>
</AssgnmntListEntry>
<AssgnmntListEntry Length="1" RootTermCovItemId="C11">
<MapEntry BoolAssgnmnt="0" Value="3"/>
<MapEntry BoolAssgnmnt="1" Value="24"/>
</AssgnmntListEntry>
<AssgnmntListEntry Length="1" RootTermCovItemId="C12">
<MapEntry BoolAssgnmnt="0" Value="1"/>
<MapEntry BoolAssgnmnt="1" Value="2"/>
</AssgnmntListEntry>
<AssgnmntListEntry Length="1" RootTermCovItemId="C13">
<MapEntry BoolAssgnmnt="0" Value="2"/>
<MapEntry BoolAssgnmnt="1" Value="16"/>
</AssgnmntListEntry>
<AssgnmntListEntry Length="1" RootTermCovItemId="C2">
<MapEntry BoolAssgnmnt="0" Value="8"/>
<MapEntry BoolAssgnmnt="1" Value="64"/>
</AssgnmntListEntry>
<AssgnmntListEntry Length="1" RootTermCovItemId="C26">
<MapEntry BoolAssgnmnt="0" Value="199"/>
</AssgnmntListEntry>
<AssgnmntListEntry Length="1" RootTermCovItemId="C27">
<MapEntry BoolAssgnmnt="0" Value="158"/>
<MapEntry BoolAssgnmnt="1" Value="41"/>
</AssgnmntListEntry>
<AssgnmntListEntry Length="2" RootTermCovItemId="C28">
<MapEntry BoolAssgnmnt="02" Value="199"/>
</AssgnmntListEntry>
<AssgnmntListEntry Length="1" RootTermCovItemId="C29">
<MapEntry BoolAssgnmnt="1" Value="199"/>
</AssgnmntListEntry>
<AssgnmntListEntry Length="1" RootTermCovItemId="C3">
<MapEntry BoolAssgnmnt="0" Value="32"/>
<MapEntry BoolAssgnmnt="1" Value="32"/>
</AssgnmntListEntry>
<AssgnmntListEntry Length="1" RootTermCovItemId="C31">
<MapEntry BoolAssgnmnt="0" Value="770"/>
<MapEntry BoolAssgnmnt="1" Value="5690"/>
</AssgnmntListEntry>
<AssgnmntListEntry Length="1" RootTermCovItemId="C32">
<MapEntry BoolAssgnmnt="0" Value="3006"/>
<MapEntry BoolAssgnmnt="1" Value="61"/>
</AssgnmntListEntry>
<AssgnmntListEntry Length="1" RootTermCovItemId="C33">
<MapEntry BoolAssgnmnt="0" Value="1056"/>
<MapEntry BoolAssgnmnt="1" Value="2099"/>
</AssgnmntListEntry>
<AssgnmntListEntry Length="1" RootTermCovItemId="C34">
<MapEntry BoolAssgnmnt="0" Value="1045"/>
<MapEntry BoolAssgnmnt="1" Value="2110"/>
</AssgnmntListEntry>
<AssgnmntListEntry Length="1" RootTermCovItemId="C35">
<MapEntry BoolAssgnmnt="0" Value="3155"/>
</AssgnmntListEntry>
<AssgnmntListEntry Length="5" RootTermCovItemId="C38">
<MapEntry BoolAssgnmnt="02002" Value="3046"/>
<MapEntry BoolAssgnmnt="10122" Value="3086"/>
<MapEntry BoolAssgnmnt="11220" Value="3092"/>
<MapEntry BoolAssgnmnt="02010" Value="2982"/>
</AssgnmntListEntry>
<AssgnmntListEntry Length="1" RootTermCovItemId="C39">
<MapEntry BoolAssgnmnt="0" Value="1525"/>
<MapEntry BoolAssgnmnt="1" Value="4607"/>
</AssgnmntListEntry>
<AssgnmntListEntry Length="1" RootTermCovItemId="C4">
<MapEntry BoolAssgnmnt="0" Value="20"/>
<MapEntry BoolAssgnmnt="1" Value="12"/>
</AssgnmntListEntry>
<AssgnmntListEntry Length="1" RootTermCovItemId="C40">
<MapEntry BoolAssgnmnt="0" Value="4607"/>
</AssgnmntListEntry>
<AssgnmntListEntry Length="2" RootTermCovItemId="C41">
<MapEntry BoolAssgnmnt="10" Value="67"/>
<MapEntry BoolAssgnmnt="02" Value="4457"/>
<MapEntry BoolAssgnmnt="11" Value="83"/>
</AssgnmntListEntry>
<AssgnmntListEntry Length="1" RootTermCovItemId="C42">
<MapEntry BoolAssgnmnt="0" Value="4096"/>
<MapEntry BoolAssgnmnt="1" Value="4096"/>
</AssgnmntListEntry>
<AssgnmntListEntry Length="1" RootTermCovItemId="C43">
<MapEntry BoolAssgnmnt="0" Value="1029"/>
<MapEntry BoolAssgnmnt="1" Value="3067"/>
</AssgnmntListEntry>
<AssgnmntListEntry Length="1" RootTermCovItemId="C44">
<MapEntry BoolAssgnmnt="0" Value="1532"/>
<MapEntry BoolAssgnmnt="1" Value="1535"/>
</AssgnmntListEntry>
<AssgnmntListEntry Length="1" RootTermCovItemId="C45">
<MapEntry BoolAssgnmnt="1" Value="1"/>
</AssgnmntListEntry>
<AssgnmntListEntry Length="1" RootTermCovItemId="C5">
<MapEntry BoolAssgnmnt="0" Value="8"/>
<MapEntry BoolAssgnmnt="1" Value="4"/>
</AssgnmntListEntry>
<AssgnmntListEntry Length="1" RootTermCovItemId="C53">
<MapEntry BoolAssgnmnt="1" Value="13003"/>
</AssgnmntListEntry>
<AssgnmntListEntry Length="1" RootTermCovItemId="C54">
<MapEntry BoolAssgnmnt="0" Value="11419"/>
<MapEntry BoolAssgnmnt="1" Value="1584"/>
</AssgnmntListEntry>
<AssgnmntListEntry Length="3" RootTermCovItemId="C55">
<MapEntry BoolAssgnmnt="002" Value="5854"/>
<MapEntry BoolAssgnmnt="120" Value="3112"/>
<MapEntry BoolAssgnmnt="121" Value="2911"/>
</AssgnmntListEntry>
<AssgnmntListEntry Length="3" RootTermCovItemId="C56">
<MapEntry BoolAssgnmnt="002" Value="2911"/>
<MapEntry BoolAssgnmnt="120" Value="4444"/>
<MapEntry BoolAssgnmnt="121" Value="1410"/>
</AssgnmntListEntry>
<AssgnmntListEntry Length="1" RootTermCovItemId="C6">
<MapEntry BoolAssgnmnt="0" Value="20"/>
<MapEntry BoolAssgnmnt="1" Value="12"/>
</AssgnmntListEntry>
<AssgnmntListEntry Length="1" RootTermCovItemId="C7">
<MapEntry BoolAssgnmnt="0" Value="8"/>
<MapEntry BoolAssgnmnt="1" Value="4"/>
</AssgnmntListEntry>
<AssgnmntListEntry Length="1" RootTermCovItemId="C8">
<MapEntry BoolAssgnmnt="0" Value="1"/>
<MapEntry BoolAssgnmnt="1" Value="8"/>
</AssgnmntListEntry>
<AssgnmntListEntry Length="1" RootTermCovItemId="C9">
<MapEntry BoolAssgnmnt="0" Value="1"/>
<MapEntry BoolAssgnmnt="1" Value="8"/>
</AssgnmntListEntry>
</AssgnmntPrefix>
<AssgnmntPrefix RootTermCovItemPrefix="com.OriginalFiles.Field.java">
<AssgnmntListEntry Length="1" RootTermCovItemId="C1">
<MapEntry BoolAssgnmnt="0" Value="243"/>
<MapEntry BoolAssgnmnt="1" Value="12"/>
</AssgnmntListEntry>
</AssgnmntPrefix>
<AssgnmntPrefix RootTermCovItemPrefix="com.OriginalFiles.MI.java">
<AssgnmntListEntry Length="1" RootTermCovItemId="C1">
<MapEntry BoolAssgnmnt="0" Value="71"/>
<MapEntry BoolAssgnmnt="1" Value="121"/>
</AssgnmntListEntry>
<AssgnmntListEntry Length="1" RootTermCovItemId="C10">
<MapEntry BoolAssgnmnt="1" Value="72"/>
</AssgnmntListEntry>
<AssgnmntListEntry Length="1" RootTermCovItemId="C11">
<MapEntry BoolAssgnmnt="0" Value="196"/>
<MapEntry BoolAssgnmnt="1" Value="60"/>
</AssgnmntListEntry>
<AssgnmntListEntry Length="1" RootTermCovItemId="C12">
<MapEntry BoolAssgnmnt="1" Value="99"/>
</AssgnmntListEntry>
<AssgnmntListEntry Length="1" RootTermCovItemId="C13">
<MapEntry BoolAssgnmnt="0" Value="99"/>
<MapEntry BoolAssgnmnt="1" Value="99"/>
</AssgnmntListEntry>
<AssgnmntListEntry Length="1" RootTermCovItemId="C14">
<MapEntry BoolAssgnmnt="0" Value="95"/>
<MapEntry BoolAssgnmnt="1" Value="4"/>
</AssgnmntListEntry>
<AssgnmntListEntry Length="1" RootTermCovItemId="C15">
<MapEntry BoolAssgnmnt="1" Value="4"/>
</AssgnmntListEntry>
<AssgnmntListEntry Length="1" RootTermCovItemId="C16">
<MapEntry BoolAssgnmnt="1" Value="99"/>
</AssgnmntListEntry>
<AssgnmntListEntry Length="1" RootTermCovItemId="C17">
<MapEntry BoolAssgnmnt="0" Value="99"/>
<MapEntry BoolAssgnmnt="1" Value="99"/>
</AssgnmntListEntry>
<AssgnmntListEntry Length="1" RootTermCovItemId="C18">
<MapEntry BoolAssgnmnt="0" Value="99"/>
</AssgnmntListEntry>
<AssgnmntListEntry Length="2" RootTermCovItemId="C19">
<MapEntry BoolAssgnmnt="02" Value="99"/>
</AssgnmntListEntry>
<AssgnmntListEntry Length="1" RootTermCovItemId="C2">
<MapEntry BoolAssgnmnt="0" Value="36"/>
<MapEntry BoolAssgnmnt="1" Value="35"/>
</AssgnmntListEntry>
<AssgnmntListEntry Length="1" RootTermCovItemId="C22">
<MapEntry BoolAssgnmnt="0" Value="99"/>
<MapEntry BoolAssgnmnt="1" Value="4"/>
</AssgnmntListEntry>
<AssgnmntListEntry Length="1" RootTermCovItemId="C23">
<MapEntry BoolAssgnmnt="1" Value="4"/>
</AssgnmntListEntry>
<AssgnmntListEntry Length="1" RootTermCovItemId="C24">
<MapEntry BoolAssgnmnt="0" Value="695"/>
<MapEntry BoolAssgnmnt="1" Value="1161"/>
</AssgnmntListEntry>
<AssgnmntListEntry Length="2" RootTermCovItemId="C25">
<MapEntry BoolAssgnmnt="10" Value="161"/>
<MapEntry BoolAssgnmnt="02" Value="380"/>
<MapEntry BoolAssgnmnt="11" Value="154"/>
</AssgnmntListEntry>
<AssgnmntListEntry Length="1" RootTermCovItemId="C26">
<MapEntry BoolAssgnmnt="0" Value="149"/>
<MapEntry BoolAssgnmnt="1" Value="5"/>
</AssgnmntListEntry>
<AssgnmntListEntry Length="1" RootTermCovItemId="C27">
<MapEntry BoolAssgnmnt="1" Value="5"/>
</AssgnmntListEntry>
<AssgnmntListEntry Length="1" RootTermCovItemId="C28">
<MapEntry BoolAssgnmnt="0" Value="149"/>
</AssgnmntListEntry>
<AssgnmntListEntry Length="1" RootTermCovItemId="C29">
<MapEntry BoolAssgnmnt="0" Value="24"/>
<MapEntry BoolAssgnmnt="1" Value="5"/>
</AssgnmntListEntry>
<AssgnmntListEntry Length="1" RootTermCovItemId="C3">
<MapEntry BoolAssgnmnt="0" Value="1"/>
<MapEntry BoolAssgnmnt="1" Value="1"/>
</AssgnmntListEntry>
<AssgnmntListEntry Length="1" RootTermCovItemId="C4">
<MapEntry BoolAssgnmnt="0" Value="5"/>
<MapEntry BoolAssgnmnt="1" Value="2"/>
</AssgnmntListEntry>
<AssgnmntListEntry Length="1" RootTermCovItemId="C5">
<MapEntry BoolAssgnmnt="0" Value="2"/>
<MapEntry BoolAssgnmnt="1" Value="3"/>
</AssgnmntListEntry>
<AssgnmntListEntry Length="2" RootTermCovItemId="C6">
<MapEntry BoolAssgnmnt="00" Value="27"/>
<MapEntry BoolAssgnmnt="12" Value="72"/>
</AssgnmntListEntry>
<AssgnmntListEntry Length="1" RootTermCovItemId="C7">
<MapEntry BoolAssgnmnt="0" Value="77"/>
<MapEntry BoolAssgnmnt="1" Value="15"/>
</AssgnmntListEntry>
<AssgnmntListEntry Length="1" RootTermCovItemId="C8">
<MapEntry BoolAssgnmnt="0" Value="72"/>
<MapEntry BoolAssgnmnt="1" Value="864"/>
</AssgnmntListEntry>
<AssgnmntListEntry Length="1" RootTermCovItemId="C9">
<MapEntry BoolAssgnmnt="0" Value="72"/>
<MapEntry BoolAssgnmnt="1" Value="860"/>
</AssgnmntListEntry>
</AssgnmntPrefix>
<AssgnmntPrefix RootTermCovItemPrefix="com.OriginalFiles.Move.java">
<AssgnmntListEntry Length="1" RootTermCovItemId="C1">
<MapEntry BoolAssgnmnt="1" Value="1"/>
</AssgnmntListEntry>
</AssgnmntPrefix>
<AssgnmntPrefix RootTermCovItemPrefix="com.OriginalFiles.Piece.java">
<AssgnmntListEntry Length="1" RootTermCovItemId="C1">
<MapEntry BoolAssgnmnt="0" Value="16"/>
<MapEntry BoolAssgnmnt="1" Value="227"/>
</AssgnmntListEntry>
<AssgnmntListEntry Length="2" RootTermCovItemId="C2">
<MapEntry BoolAssgnmnt="00" Value="1724"/>
</AssgnmntListEntry>
<AssgnmntListEntry Length="1" RootTermCovItemId="C3">
<MapEntry BoolAssgnmnt="0" Value="97"/>
<MapEntry BoolAssgnmnt="1" Value="130"/>
</AssgnmntListEntry>
<AssgnmntListEntry Length="1" RootTermCovItemId="C4">
<MapEntry BoolAssgnmnt="0" Value="16"/>
<MapEntry BoolAssgnmnt="1" Value="227"/>
</AssgnmntListEntry>
<AssgnmntListEntry Length="1" RootTermCovItemId="C5">
<MapEntry BoolAssgnmnt="1" Value="227"/>
</AssgnmntListEntry>
<AssgnmntListEntry Length="1" RootTermCovItemId="C6">
<MapEntry BoolAssgnmnt="0" Value="227"/>
</AssgnmntListEntry>
<AssgnmntListEntry Length="5" RootTermCovItemId="C7">
<MapEntry BoolAssgnmnt="00210" Value="166"/>
<MapEntry BoolAssgnmnt="00211" Value="4"/>
<MapEntry BoolAssgnmnt="01002" Value="53"/>
<MapEntry BoolAssgnmnt="01122" Value="4"/>
</AssgnmntListEntry>
<AssgnmntListEntry Length="1" RootTermCovItemId="C8">
<MapEntry BoolAssgnmnt="1" Value="8"/>
</AssgnmntListEntry>
<AssgnmntListEntry Length="1" RootTermCovItemId="C9">
<MapEntry BoolAssgnmnt="0" Value="227"/>
</AssgnmntListEntry>
</AssgnmntPrefix>
<AssgnmntPrefix RootTermCovItemPrefix="com.OriginalFiles.RemoteNXTFunctions.java">
<AssgnmntListEntry Length="1" RootTermCovItemId="C5">
<MapEntry BoolAssgnmnt="1" Value="1"/>
</AssgnmntListEntry>
<AssgnmntListEntry Length="2" RootTermCovItemId="C6">
<MapEntry BoolAssgnmnt="11" Value="1"/>
</AssgnmntListEntry>
</AssgnmntPrefix>
</AssgnmntList>
<ObjMetaDataList/>
<MetaDataList/>
</TestCase>
<TestCase Comment="" Date="1386061680978" Name="com.Testing.MiTest:testLookForBestMoveEndGame">
<CovList>
<CovPrefix CovItemPrefix="com.OriginalFiles.Analyze.java">
<Cov CovItemId="B103" Value="1"/>
<Cov CovItemId="B107" Value="1"/>
<Cov CovItemId="B120" Value="696"/>
<Cov CovItemId="B121" Value="4872"/>
<Cov CovItemId="B122" Value="348"/>
<Cov CovItemId="B123" Value="348"/>
<Cov CovItemId="B124" Value="344"/>
<Cov CovItemId="B125" Value="4"/>
<Cov CovItemId="B126" Value="348"/>
<Cov CovItemId="B127" Value="348"/>
<Cov CovItemId="B128" Value="333"/>
<Cov CovItemId="B129" Value="15"/>
<Cov CovItemId="B131" Value="87"/>
<Cov CovItemId="B133" Value="87"/>
<Cov CovItemId="B135" Value="87"/>
<Cov CovItemId="B84" Value="174"/>
<Cov CovItemId="L16-2" Value="87"/>
<Cov CovItemId="L17-2" Value="696"/>
<Cov CovItemId="S1" Value="1"/>
<Cov CovItemId="S150" Value="174"/>
<Cov CovItemId="S192" Value="1"/>
<Cov CovItemId="S193" Value="1"/>
<Cov CovItemId="S194" Value="1"/>
<Cov CovItemId="S2" Value="1"/>
<Cov CovItemId="S200" Value="1"/>
<Cov CovItemId="S201" Value="1"/>
<Cov CovItemId="S202" Value="1"/>
<Cov CovItemId="S203" Value="1"/>
<Cov CovItemId="S204" Value="1"/>
<Cov CovItemId="S205" Value="1"/>
<Cov CovItemId="S222" Value="87"/>
<Cov CovItemId="S223" Value="87"/>
<Cov CovItemId="S224" Value="87"/>
<Cov CovItemId="S225" Value="87"/>
<Cov CovItemId="S226" Value="87"/>
<Cov CovItemId="S227" Value="87"/>
<Cov CovItemId="S228" Value="696"/>
<Cov CovItemId="S229" Value="5568"/>
<Cov CovItemId="S230" Value="696"/>
<Cov CovItemId="S231" Value="348"/>
<Cov CovItemId="S232" Value="348"/>
<Cov CovItemId="S233" Value="344"/>
<Cov CovItemId="S234" Value="696"/>
<Cov CovItemId="S235" Value="348"/>
<Cov CovItemId="S236" Value="348"/>
<Cov CovItemId="S237" Value="333"/>
<Cov CovItemId="S238" Value="87"/>
<Cov CovItemId="S240" Value="87"/>
<Cov CovItemId="S242" Value="87"/>
<Cov CovItemId="S251" Value="87"/>
<Cov CovItemId="S3" Value="1"/>
<Cov CovItemId="S4" Value="1"/>
<Cov CovItemId="S5" Value="1"/>
<Cov CovItemId="S6" Value="1"/>
</CovPrefix>
<CovPrefix CovItemPrefix="com.OriginalFiles.Board.java">
<Cov CovItemId="B1" Value="32"/>
<Cov CovItemId="B10" Value="8"/>
<Cov CovItemId="B2" Value="32"/>
<Cov CovItemId="B3" Value="12"/>
<Cov CovItemId="B31" Value="174"/>
<Cov CovItemId="B33" Value="38"/>
<Cov CovItemId="B34" Value="136"/>
<Cov CovItemId="B36" Value="174"/>
<Cov CovItemId="B37" Value="174"/>
<Cov CovItemId="B38" Value="16"/>
<Cov CovItemId="B4" Value="20"/>
<Cov CovItemId="B41" Value="1807"/>
<Cov CovItemId="B42" Value="231"/>
<Cov CovItemId="B44" Value="912"/>
<Cov CovItemId="B45" Value="794"/>
<Cov CovItemId="B46" Value="225"/>
<Cov CovItemId="B47" Value="835"/>
<Cov CovItemId="B48" Value="184"/>
<Cov CovItemId="B5" Value="4"/>
<Cov CovItemId="B50" Value="1019"/>
<Cov CovItemId="B55" Value="1824"/>
<Cov CovItemId="B56" Value="1824"/>
<Cov CovItemId="B57" Value="1380"/>
<Cov CovItemId="B58" Value="444"/>
<Cov CovItemId="B59" Value="1380"/>
<Cov CovItemId="B6" Value="8"/>
<Cov CovItemId="B62" Value="1380"/>
<Cov CovItemId="B63" Value="3648"/>
<Cov CovItemId="B64" Value="3648"/>
<Cov CovItemId="B65" Value="912"/>
<Cov CovItemId="B66" Value="2736"/>
<Cov CovItemId="B67" Value="456"/>
<Cov CovItemId="B68" Value="456"/>
<Cov CovItemId="B69" Value="1"/>
<Cov CovItemId="B7" Value="12"/>
<Cov CovItemId="B79" Value="35077"/>
<Cov CovItemId="B8" Value="20"/>
<Cov CovItemId="B81" Value="6514"/>
<Cov CovItemId="B82" Value="28563"/>
<Cov CovItemId="B83" Value="1291"/>
<Cov CovItemId="B84" Value="6389"/>
<Cov CovItemId="B85" Value="1196"/>
<Cov CovItemId="B86" Value="5193"/>
<Cov CovItemId="B9" Value="4"/>
<Cov CovItemId="L1-2" Value="1"/>
<Cov CovItemId="L10-2" Value="1824"/>
<Cov CovItemId="L13-2" Value="114"/>
<Cov CovItemId="L14-2" Value="912"/>
<Cov CovItemId="L2-2" Value="8"/>
<Cov CovItemId="L3-2" Value="1"/>
<Cov CovItemId="L4-2" Value="1"/>
<Cov CovItemId="L5-2" Value="1"/>
<Cov CovItemId="L6-2" Value="3"/>
<Cov CovItemId="L7-2" Value="1"/>
<Cov CovItemId="L8-2" Value="2"/>
<Cov CovItemId="L9-2" Value="228"/>
<Cov CovItemId="S1" Value="1"/>
<Cov CovItemId="S10" Value="1"/>
<Cov CovItemId="S100" Value="38"/>
<Cov CovItemId="S101" Value="136"/>
<Cov CovItemId="S102" Value="174"/>
<Cov CovItemId="S104" Value="174"/>
<Cov CovItemId="S106" Value="190"/>
<Cov CovItemId="S107" Value="190"/>
<Cov CovItemId="S108" Value="190"/>
<Cov CovItemId="S109" Value="174"/>
<Cov CovItemId="S11" Value="8"/>
<Cov CovItemId="S115" Value="2038"/>
<Cov CovItemId="S116" Value="1807"/>
<Cov CovItemId="S117" Value="231"/>
<Cov CovItemId="S118" Value="912"/>
<Cov CovItemId="S119" Value="912"/>
<Cov CovItemId="S12" Value="64"/>
<Cov CovItemId="S121" Value="912"/>
<Cov CovItemId="S122" Value="912"/>
<Cov CovItemId="S123" Value="1019"/>
<Cov CovItemId="S124" Value="1019"/>
<Cov CovItemId="S125" Value="794"/>
<Cov CovItemId="S126" Value="1019"/>
<Cov CovItemId="S127" Value="835"/>
<Cov CovItemId="S128" Value="1019"/>
<Cov CovItemId="S13" Value="64"/>
<Cov CovItemId="S133" Value="1019"/>
<Cov CovItemId="S134" Value="912"/>
<Cov CovItemId="S135" Value="3648"/>
<Cov CovItemId="S136" Value="1824"/>
<Cov CovItemId="S137" Value="1824"/>
<Cov CovItemId="S138" Value="1380"/>
<Cov CovItemId="S139" Value="1380"/>
<Cov CovItemId="S14" Value="64"/>
<Cov CovItemId="S141" Value="1824"/>
<Cov CovItemId="S142" Value="3648"/>
<Cov CovItemId="S143" Value="114"/>
<Cov CovItemId="S144" Value="114"/>
<Cov CovItemId="S145" Value="912"/>
<Cov CovItemId="S146" Value="7296"/>
<Cov CovItemId="S147" Value="3648"/>
<Cov CovItemId="S148" Value="912"/>
<Cov CovItemId="S149" Value="456"/>
<Cov CovItemId="S15" Value="64"/>
<Cov CovItemId="S150" Value="456"/>
<Cov CovItemId="S151" Value="114"/>
<Cov CovItemId="S152" Value="1"/>
<Cov CovItemId="S153" Value="1"/>
<Cov CovItemId="S154" Value="1"/>
<Cov CovItemId="S16" Value="32"/>
<Cov CovItemId="S17" Value="32"/>
<Cov CovItemId="S176" Value="35077"/>
<Cov CovItemId="S177" Value="35077"/>
<Cov CovItemId="S178" Value="6514"/>
<Cov CovItemId="S179" Value="28563"/>
<Cov CovItemId="S18" Value="32"/>
<Cov CovItemId="S180" Value="7680"/>
<Cov CovItemId="S181" Value="1291"/>
<Cov CovItemId="S182" Value="6389"/>
<Cov CovItemId="S183" Value="1196"/>
<Cov CovItemId="S184" Value="5193"/>
<Cov CovItemId="S185" Value="111176"/>
<Cov CovItemId="S19" Value="12"/>
<Cov CovItemId="S2" Value="1"/>
<Cov CovItemId="S20" Value="12"/>
<Cov CovItemId="S21" Value="12"/>
<Cov CovItemId="S22" Value="4"/>
<Cov CovItemId="S23" Value="32"/>
<Cov CovItemId="S24" Value="12"/>
<Cov CovItemId="S25" Value="12"/>
<Cov CovItemId="S26" Value="12"/>
<Cov CovItemId="S27" Value="4"/>
<Cov CovItemId="S28" Value="32"/>
<Cov CovItemId="S29" Value="32"/>
<Cov CovItemId="S3" Value="1"/>
<Cov CovItemId="S30" Value="64"/>
<Cov CovItemId="S31" Value="1"/>
<Cov CovItemId="S32" Value="8"/>
<Cov CovItemId="S33" Value="8"/>
<Cov CovItemId="S34" Value="8"/>
<Cov CovItemId="S35" Value="8"/>
<Cov CovItemId="S36" Value="8"/>
<Cov CovItemId="S37" Value="8"/>
<Cov CovItemId="S38" Value="8"/>
<Cov CovItemId="S39" Value="8"/>
<Cov CovItemId="S4" Value="1"/>
<Cov CovItemId="S40" Value="1"/>
<Cov CovItemId="S41" Value="8"/>
<Cov CovItemId="S42" Value="8"/>
<Cov CovItemId="S43" Value="8"/>
<Cov CovItemId="S44" Value="8"/>
<Cov CovItemId="S45" Value="8"/>
<Cov CovItemId="S46" Value="8"/>
<Cov CovItemId="S47" Value="8"/>
<Cov CovItemId="S48" Value="8"/>
<Cov CovItemId="S49" Value="1"/>
<Cov CovItemId="S5" Value="1"/>
<Cov CovItemId="S50" Value="3"/>
<Cov CovItemId="S51" Value="24"/>
<Cov CovItemId="S52" Value="24"/>
<Cov CovItemId="S53" Value="24"/>
<Cov CovItemId="S54" Value="24"/>
<Cov CovItemId="S55" Value="1"/>
<Cov CovItemId="S56" Value="2"/>
<Cov CovItemId="S57" Value="16"/>
<Cov CovItemId="S58" Value="16"/>
<Cov CovItemId="S59" Value="16"/>
<Cov CovItemId="S6" Value="1"/>
<Cov CovItemId="S60" Value="16"/>
<Cov CovItemId="S61" Value="228"/>
<Cov CovItemId="S62" Value="1824"/>
<Cov CovItemId="S63" Value="14592"/>
<Cov CovItemId="S7" Value="1"/>
<Cov CovItemId="S8" Value="1"/>
<Cov CovItemId="S9" Value="1"/>
<Cov CovItemId="S98" Value="174"/>
<Cov CovItemId="S99" Value="174"/>
</CovPrefix>
<CovPrefix CovItemPrefix="com.OriginalFiles.Field.java">
<Cov CovItemId="B1" Value="230"/>
<Cov CovItemId="B2" Value="8"/>
<Cov CovItemId="S1" Value="122"/>
<Cov CovItemId="S13" Value="190"/>
<Cov CovItemId="S2" Value="122"/>
<Cov CovItemId="S3" Value="2"/>
<Cov CovItemId="S4" Value="2"/>
<Cov CovItemId="S5" Value="238"/>
<Cov CovItemId="S6" Value="238"/>
<Cov CovItemId="S7" Value="230"/>
<Cov CovItemId="S8" Value="17024"/>
<Cov CovItemId="S9" Value="44807"/>
</CovPrefix>
<CovPrefix CovItemPrefix="com.OriginalFiles.MI.java">
<Cov CovItemId="B1" Value="32"/>
<Cov CovItemId="B11" Value="61"/>
<Cov CovItemId="B12" Value="26"/>
<Cov CovItemId="B13" Value="16"/>
<Cov CovItemId="B14" Value="64"/>
<Cov CovItemId="B18" Value="61"/>
<Cov CovItemId="B2" Value="96"/>
<Cov CovItemId="B20" Value="61"/>
<Cov CovItemId="B21" Value="55"/>
<Cov CovItemId="B22" Value="166"/>
<Cov CovItemId="B23" Value="87"/>
<Cov CovItemId="B26" Value="87"/>
<Cov CovItemId="B29" Value="87"/>
<Cov CovItemId="B3" Value="16"/>
<Cov CovItemId="B31" Value="87"/>
<Cov CovItemId="B34" Value="87"/>
<Cov CovItemId="B4" Value="16"/>
<Cov CovItemId="B41" Value="216"/>
<Cov CovItemId="B42" Value="1512"/>
<Cov CovItemId="B43" Value="107"/>
<Cov CovItemId="B44" Value="109"/>
<Cov CovItemId="B46" Value="107"/>
<Cov CovItemId="B49" Value="107"/>
<Cov CovItemId="B52" Value="27"/>
<Cov CovItemId="B6" Value="1"/>
<Cov CovItemId="B7" Value="2"/>
<Cov CovItemId="B8" Value="5"/>
<Cov CovItemId="B9" Value="5"/>
<Cov CovItemId="L1-2" Value="2"/>
<Cov CovItemId="L10-2" Value="27"/>
<Cov CovItemId="L11-2" Value="216"/>
<Cov CovItemId="L13-1" Value="43"/>
<Cov CovItemId="L13-2" Value="64"/>
<Cov CovItemId="L2-2" Value="16"/>
<Cov CovItemId="L3-2" Value="1"/>
<Cov CovItemId="L4-1" Value="15"/>
<Cov CovItemId="L4-2" Value="11"/>
<Cov CovItemId="L5-2" Value="61"/>
<Cov CovItemId="L6-2" Value="61"/>
<Cov CovItemId="L7-1" Value="87"/>
<Cov CovItemId="L8-1" Value="87"/>
<Cov CovItemId="L9-0" Value="87"/>
<Cov CovItemId="S1" Value="1"/>
<Cov CovItemId="S10" Value="16"/>
<Cov CovItemId="S103" Value="87"/>
<Cov CovItemId="S104" Value="87"/>
<Cov CovItemId="S105" Value="87"/>
<Cov CovItemId="S11" Value="128"/>
<Cov CovItemId="S111" Value="27"/>
<Cov CovItemId="S112" Value="27"/>
<Cov CovItemId="S113" Value="27"/>
<Cov CovItemId="S114" Value="27"/>
<Cov CovItemId="S115" Value="216"/>
<Cov CovItemId="S116" Value="1728"/>
<Cov CovItemId="S117" Value="216"/>
<Cov CovItemId="S118" Value="107"/>
<Cov CovItemId="S12" Value="32"/>
<Cov CovItemId="S123" Value="107"/>
<Cov CovItemId="S124" Value="107"/>
<Cov CovItemId="S125" Value="107"/>
<Cov CovItemId="S126" Value="171"/>
<Cov CovItemId="S127" Value="171"/>
<Cov CovItemId="S128" Value="27"/>
<Cov CovItemId="S13" Value="16"/>
<Cov CovItemId="S130" Value="27"/>
<Cov CovItemId="S14" Value="16"/>
<Cov CovItemId="S15" Value="1"/>
<Cov CovItemId="S16" Value="1"/>
<Cov CovItemId="S17" Value="1"/>
<Cov CovItemId="S18" Value="1"/>
<Cov CovItemId="S19" Value="1"/>
<Cov CovItemId="S2" Value="1"/>
<Cov CovItemId="S21" Value="1"/>
<Cov CovItemId="S22" Value="7"/>
<Cov CovItemId="S23" Value="7"/>
<Cov CovItemId="S24" Value="7"/>
<Cov CovItemId="S25" Value="7"/>
<Cov CovItemId="S26" Value="2"/>
<Cov CovItemId="S27" Value="2"/>
<Cov CovItemId="S28" Value="2"/>
<Cov CovItemId="S29" Value="5"/>
<Cov CovItemId="S3" Value="1"/>
<Cov CovItemId="S30" Value="5"/>
<Cov CovItemId="S31" Value="1"/>
<Cov CovItemId="S32" Value="87"/>
<Cov CovItemId="S33" Value="61"/>
<Cov CovItemId="S34" Value="26"/>
<Cov CovItemId="S35" Value="26"/>
<Cov CovItemId="S36" Value="26"/>
<Cov CovItemId="S37" Value="80"/>
<Cov CovItemId="S38" Value="80"/>
<Cov CovItemId="S39" Value="80"/>
<Cov CovItemId="S4" Value="1"/>
<Cov CovItemId="S40" Value="80"/>
<Cov CovItemId="S41" Value="80"/>
<Cov CovItemId="S42" Value="80"/>
<Cov CovItemId="S43" Value="16"/>
<Cov CovItemId="S44" Value="26"/>
<Cov CovItemId="S45" Value="1"/>
<Cov CovItemId="S46" Value="1"/>
<Cov CovItemId="S47" Value="1"/>
<Cov CovItemId="S48" Value="1"/>
<Cov CovItemId="S49" Value="1"/>
<Cov CovItemId="S5" Value="1"/>
<Cov CovItemId="S50" Value="1"/>
<Cov CovItemId="S51" Value="1"/>
<Cov CovItemId="S52" Value="61"/>
<Cov CovItemId="S53" Value="61"/>
<Cov CovItemId="S54" Value="61"/>
<Cov CovItemId="S55" Value="244"/>
<Cov CovItemId="S56" Value="61"/>
<Cov CovItemId="S57" Value="244"/>
<Cov CovItemId="S58" Value="61"/>
<Cov CovItemId="S59" Value="61"/>
<Cov CovItemId="S6" Value="1"/>
<Cov CovItemId="S66" Value="61"/>
<Cov CovItemId="S67" Value="61"/>
<Cov CovItemId="S68" Value="61"/>
<Cov CovItemId="S69" Value="61"/>
<Cov CovItemId="S7" Value="2"/>
<Cov CovItemId="S71" Value="61"/>
<Cov CovItemId="S72" Value="221"/>
<Cov CovItemId="S73" Value="55"/>
<Cov CovItemId="S74" Value="166"/>
<Cov CovItemId="S75" Value="87"/>
<Cov CovItemId="S76" Value="87"/>
<Cov CovItemId="S77" Value="87"/>
<Cov CovItemId="S78" Value="87"/>
<Cov CovItemId="S79" Value="87"/>
<Cov CovItemId="S8" Value="2"/>
<Cov CovItemId="S80" Value="87"/>
<Cov CovItemId="S87" Value="87"/>
<Cov CovItemId="S88" Value="87"/>
<Cov CovItemId="S89" Value="87"/>
<Cov CovItemId="S9" Value="2"/>
<Cov CovItemId="S90" Value="87"/>
<Cov CovItemId="S91" Value="87"/>
<Cov CovItemId="S92" Value="87"/>
<Cov CovItemId="S93" Value="87"/>
<Cov CovItemId="S94" Value="87"/>
<Cov CovItemId="S95" Value="87"/>
<Cov CovItemId="S96" Value="87"/>
<Cov CovItemId="S97" Value="87"/>
</CovPrefix>
<CovPrefix CovItemPrefix="com.OriginalFiles.Move.java">
<Cov CovItemId="S1" Value="171"/>
<Cov CovItemId="S2" Value="171"/>
<Cov CovItemId="S3" Value="171"/>
<Cov CovItemId="S4" Value="171"/>
<Cov CovItemId="S5" Value="171"/>
<Cov CovItemId="S6" Value="171"/>
<Cov CovItemId="S7" Value="171"/>
</CovPrefix>
<CovPrefix CovItemPrefix="com.OriginalFiles.Piece.java">
<Cov CovItemId="B1" Value="686"/>
<Cov CovItemId="B10" Value="488"/>
<Cov CovItemId="B11" Value="488"/>
<Cov CovItemId="B12" Value="198"/>
<Cov CovItemId="B13" Value="400"/>
<Cov CovItemId="B14" Value="286"/>
<Cov CovItemId="B15" Value="69"/>
<Cov CovItemId="B16" Value="331"/>
<Cov CovItemId="B18" Value="686"/>
<Cov CovItemId="B19" Value="30975"/>
<Cov CovItemId="B2" Value="32"/>
<Cov CovItemId="B20" Value="40354"/>
<Cov CovItemId="B21" Value="488"/>
<Cov CovItemId="B22" Value="30487"/>
<Cov CovItemId="B3" Value="488"/>
<Cov CovItemId="B5" Value="114"/>
<Cov CovItemId="B6" Value="84"/>
<Cov CovItemId="B7" Value="686"/>
<Cov CovItemId="B8" Value="32"/>
<Cov CovItemId="B9" Value="198"/>
<Cov CovItemId="L1-1" Value="244"/>
<Cov CovItemId="L1-2" Value="244"/>
<Cov CovItemId="L2-1" Value="110"/>
<Cov CovItemId="L2-2" Value="1485"/>
<Cov CovItemId="L3-1" Value="47"/>
<Cov CovItemId="L3-2" Value="8849"/>
<Cov CovItemId="S1" Value="40"/>
<Cov CovItemId="S10" Value="40"/>
<Cov CovItemId="S11" Value="40"/>
<Cov CovItemId="S12" Value="40"/>
<Cov CovItemId="S13" Value="40"/>
<Cov CovItemId="S14" Value="40"/>
<Cov CovItemId="S17" Value="230"/>
<Cov CovItemId="S18" Value="230"/>
<Cov CovItemId="S19" Value="230"/>
<Cov CovItemId="S2" Value="40"/>
<Cov CovItemId="S20" Value="718"/>
<Cov CovItemId="S21" Value="686"/>
<Cov CovItemId="S22" Value="32"/>
<Cov CovItemId="S23" Value="32"/>
<Cov CovItemId="S24" Value="488"/>
<Cov CovItemId="S25" Value="488"/>
<Cov CovItemId="S26" Value="488"/>
<Cov CovItemId="S27" Value="198"/>
<Cov CovItemId="S28" Value="114"/>
<Cov CovItemId="S29" Value="84"/>
<Cov CovItemId="S3" Value="40"/>
<Cov CovItemId="S30" Value="230"/>
<Cov CovItemId="S31" Value="718"/>
<Cov CovItemId="S32" Value="686"/>
<Cov CovItemId="S33" Value="686"/>
<Cov CovItemId="S34" Value="686"/>
<Cov CovItemId="S35" Value="198"/>
<Cov CovItemId="S36" Value="686"/>
<Cov CovItemId="S37" Value="488"/>
<Cov CovItemId="S38" Value="686"/>
<Cov CovItemId="S39" Value="400"/>
<Cov CovItemId="S4" Value="40"/>
<Cov CovItemId="S40" Value="69"/>
<Cov CovItemId="S41" Value="400"/>
<Cov CovItemId="S42" Value="686"/>
<Cov CovItemId="S44" Value="686"/>
<Cov CovItemId="S45" Value="488"/>
<Cov CovItemId="S46" Value="488"/>
<Cov CovItemId="S47" Value="488"/>
<Cov CovItemId="S48" Value="1595"/>
<Cov CovItemId="S49" Value="1595"/>
<Cov CovItemId="S5" Value="40"/>
<Cov CovItemId="S50" Value="8896"/>
<Cov CovItemId="S51" Value="71329"/>
<Cov CovItemId="S52" Value="30975"/>
<Cov CovItemId="S53" Value="488"/>
<Cov CovItemId="S54" Value="488"/>
<Cov CovItemId="S55" Value="488"/>
<Cov CovItemId="S6" Value="40"/>
<Cov CovItemId="S7" Value="40"/>
<Cov CovItemId="S8" Value="40"/>
<Cov CovItemId="S9" Value="40"/>
</CovPrefix>
<CovPrefix CovItemPrefix="com.OriginalFiles.RemoteNXTFunctions.java">
<Cov CovItemId="B5" Value="1"/>
<Cov CovItemId="B7" Value="1"/>
<Cov CovItemId="S1" Value="1"/>
<Cov CovItemId="S162" Value="1"/>
<Cov CovItemId="S19" Value="1"/>
<Cov CovItemId="S2" Value="1"/>
<Cov CovItemId="S20" Value="1"/>
<Cov CovItemId="S21" Value="1"/>
<Cov CovItemId="S22" Value="1"/>
<Cov CovItemId="S3" Value="1"/>
</CovPrefix>
</CovList>
<AssgnmntList>
<AssgnmntPrefix RootTermCovItemPrefix="com.OriginalFiles.Analyze.java">
<AssgnmntListEntry Length="1" RootTermCovItemId="C49">
<MapEntry BoolAssgnmnt="0" Value="174"/>
</AssgnmntListEntry>
<AssgnmntListEntry Length="1" RootTermCovItemId="C64">
<MapEntry BoolAssgnmnt="1" Value="1"/>
</AssgnmntListEntry>
<AssgnmntListEntry Length="6" RootTermCovItemId="C66">
<MapEntry BoolAssgnmnt="111111" Value="1"/>
</AssgnmntListEntry>
<AssgnmntListEntry Length="1" RootTermCovItemId="C70">
<MapEntry BoolAssgnmnt="0" Value="696"/>
<MapEntry BoolAssgnmnt="1" Value="4872"/>
</AssgnmntListEntry>
<AssgnmntListEntry Length="1" RootTermCovItemId="C71">
<MapEntry BoolAssgnmnt="0" Value="348"/>
<MapEntry BoolAssgnmnt="1" Value="348"/>
</AssgnmntListEntry>
<AssgnmntListEntry Length="1" RootTermCovItemId="C72">
<MapEntry BoolAssgnmnt="0" Value="4"/>
<MapEntry BoolAssgnmnt="1" Value="344"/>
</AssgnmntListEntry>
<AssgnmntListEntry Length="1" RootTermCovItemId="C73">
<MapEntry BoolAssgnmnt="0" Value="348"/>
<MapEntry BoolAssgnmnt="1" Value="348"/>
</AssgnmntListEntry>
<AssgnmntListEntry Length="1" RootTermCovItemId="C74">
<MapEntry BoolAssgnmnt="0" Value="15"/>
<MapEntry BoolAssgnmnt="1" Value="333"/>
</AssgnmntListEntry>
<AssgnmntListEntry Length="3" RootTermCovItemId="C75">
<MapEntry BoolAssgnmnt="012" Value="68"/>
<MapEntry BoolAssgnmnt="001" Value="19"/>
</AssgnmntListEntry>
<AssgnmntListEntry Length="3" RootTermCovItemId="C76">
<MapEntry BoolAssgnmnt="011" Value="68"/>
<MapEntry BoolAssgnmnt="002" Value="19"/>
</AssgnmntListEntry>
<AssgnmntListEntry Length="2" RootTermCovItemId="C77">
<MapEntry BoolAssgnmnt="02" Value="87"/>
</AssgnmntListEntry>
</AssgnmntPrefix>
<AssgnmntPrefix RootTermCovItemPrefix="com.OriginalFiles.Board.java">
<AssgnmntListEntry Length="1" RootTermCovItemId="C1">
<MapEntry BoolAssgnmnt="0" Value="1"/>
<MapEntry BoolAssgnmnt="1" Value="8"/>
</AssgnmntListEntry>
<AssgnmntListEntry Length="1" RootTermCovItemId="C10">
<MapEntry BoolAssgnmnt="0" Value="1"/>
<MapEntry BoolAssgnmnt="1" Value="3"/>
</AssgnmntListEntry>
<AssgnmntListEntry Length="1" RootTermCovItemId="C11">
<MapEntry BoolAssgnmnt="0" Value="3"/>
<MapEntry BoolAssgnmnt="1" Value="24"/>
</AssgnmntListEntry>
<AssgnmntListEntry Length="1" RootTermCovItemId="C12">
<MapEntry BoolAssgnmnt="0" Value="1"/>
<MapEntry BoolAssgnmnt="1" Value="2"/>
</AssgnmntListEntry>
<AssgnmntListEntry Length="1" RootTermCovItemId="C13">
<MapEntry BoolAssgnmnt="0" Value="2"/>
<MapEntry BoolAssgnmnt="1" Value="16"/>
</AssgnmntListEntry>
<AssgnmntListEntry Length="1" RootTermCovItemId="C2">
<MapEntry BoolAssgnmnt="0" Value="8"/>
<MapEntry BoolAssgnmnt="1" Value="64"/>
</AssgnmntListEntry>
<AssgnmntListEntry Length="1" RootTermCovItemId="C26">
<MapEntry BoolAssgnmnt="0" Value="174"/>
</AssgnmntListEntry>
<AssgnmntListEntry Length="1" RootTermCovItemId="C27">
<MapEntry BoolAssgnmnt="0" Value="136"/>
<MapEntry BoolAssgnmnt="1" Value="38"/>
</AssgnmntListEntry>
<AssgnmntListEntry Length="2" RootTermCovItemId="C28">
<MapEntry BoolAssgnmnt="02" Value="174"/>
</AssgnmntListEntry>
<AssgnmntListEntry Length="1" RootTermCovItemId="C29">
<MapEntry BoolAssgnmnt="0" Value="16"/>
<MapEntry BoolAssgnmnt="1" Value="174"/>
</AssgnmntListEntry>
<AssgnmntListEntry Length="1" RootTermCovItemId="C3">
<MapEntry BoolAssgnmnt="0" Value="32"/>
<MapEntry BoolAssgnmnt="1" Value="32"/>
</AssgnmntListEntry>
<AssgnmntListEntry Length="1" RootTermCovItemId="C31">
<MapEntry BoolAssgnmnt="0" Value="231"/>
<MapEntry BoolAssgnmnt="1" Value="1807"/>
</AssgnmntListEntry>
<AssgnmntListEntry Length="1" RootTermCovItemId="C32">
<MapEntry BoolAssgnmnt="0" Value="912"/>
</AssgnmntListEntry>
<AssgnmntListEntry Length="1" RootTermCovItemId="C33">
<MapEntry BoolAssgnmnt="0" Value="794"/>
<MapEntry BoolAssgnmnt="1" Value="225"/>
</AssgnmntListEntry>
<AssgnmntListEntry Length="1" RootTermCovItemId="C34">
<MapEntry BoolAssgnmnt="0" Value="835"/>
<MapEntry BoolAssgnmnt="1" Value="184"/>
</AssgnmntListEntry>
<AssgnmntListEntry Length="1" RootTermCovItemId="C35">
<MapEntry BoolAssgnmnt="0" Value="1019"/>
</AssgnmntListEntry>
<AssgnmntListEntry Length="5" RootTermCovItemId="C38">
<MapEntry BoolAssgnmnt="02002" Value="912"/>
<MapEntry BoolAssgnmnt="10122" Value="912"/>
<MapEntry BoolAssgnmnt="11220" Value="912"/>
<MapEntry BoolAssgnmnt="02010" Value="912"/>
</AssgnmntListEntry>
<AssgnmntListEntry Length="1" RootTermCovItemId="C39">
<MapEntry BoolAssgnmnt="0" Value="444"/>
<MapEntry BoolAssgnmnt="1" Value="1380"/>
</AssgnmntListEntry>
<AssgnmntListEntry Length="1" RootTermCovItemId="C4">
<MapEntry BoolAssgnmnt="0" Value="20"/>
<MapEntry BoolAssgnmnt="1" Value="12"/>
</AssgnmntListEntry>
<AssgnmntListEntry Length="1" RootTermCovItemId="C40">
<MapEntry BoolAssgnmnt="0" Value="1380"/>
</AssgnmntListEntry>
<AssgnmntListEntry Length="2" RootTermCovItemId="C41">
<MapEntry BoolAssgnmnt="02" Value="1380"/>
</AssgnmntListEntry>
<AssgnmntListEntry Length="1" RootTermCovItemId="C42">
<MapEntry BoolAssgnmnt="0" Value="3648"/>
<MapEntry BoolAssgnmnt="1" Value="3648"/>
</AssgnmntListEntry>
<AssgnmntListEntry Length="1" RootTermCovItemId="C43">
<MapEntry BoolAssgnmnt="0" Value="2736"/>
<MapEntry BoolAssgnmnt="1" Value="912"/>
</AssgnmntListEntry>
<AssgnmntListEntry Length="1" RootTermCovItemId="C44">
<MapEntry BoolAssgnmnt="0" Value="456"/>
<MapEntry BoolAssgnmnt="1" Value="456"/>
</AssgnmntListEntry>
<AssgnmntListEntry Length="1" RootTermCovItemId="C45">
<MapEntry BoolAssgnmnt="1" Value="1"/>
</AssgnmntListEntry>
<AssgnmntListEntry Length="1" RootTermCovItemId="C5">
<MapEntry BoolAssgnmnt="0" Value="8"/>
<MapEntry BoolAssgnmnt="1" Value="4"/>
</AssgnmntListEntry>
<AssgnmntListEntry Length="1" RootTermCovItemId="C53">
<MapEntry BoolAssgnmnt="1" Value="35077"/>
</AssgnmntListEntry>
<AssgnmntListEntry Length="1" RootTermCovItemId="C54">
<MapEntry BoolAssgnmnt="0" Value="6514"/>
<MapEntry BoolAssgnmnt="1" Value="28563"/>
</AssgnmntListEntry>
<AssgnmntListEntry Length="3" RootTermCovItemId="C55">
<MapEntry BoolAssgnmnt="002" Value="2269"/>
<MapEntry BoolAssgnmnt="120" Value="1291"/>
<MapEntry BoolAssgnmnt="121" Value="4120"/>
</AssgnmntListEntry>
<AssgnmntListEntry Length="3" RootTermCovItemId="C56">
<MapEntry BoolAssgnmnt="002" Value="4120"/>
<MapEntry BoolAssgnmnt="120" Value="1073"/>
<MapEntry BoolAssgnmnt="121" Value="1196"/>
</AssgnmntListEntry>
<AssgnmntListEntry Length="1" RootTermCovItemId="C6">
<MapEntry BoolAssgnmnt="0" Value="20"/>
<MapEntry BoolAssgnmnt="1" Value="12"/>
</AssgnmntListEntry>
<AssgnmntListEntry Length="1" RootTermCovItemId="C7">
<MapEntry BoolAssgnmnt="0" Value="8"/>
<MapEntry BoolAssgnmnt="1" Value="4"/>
</AssgnmntListEntry>
<AssgnmntListEntry Length="1" RootTermCovItemId="C8">
<MapEntry BoolAssgnmnt="0" Value="1"/>
<MapEntry BoolAssgnmnt="1" Value="8"/>
</AssgnmntListEntry>
<AssgnmntListEntry Length="1" RootTermCovItemId="C9">
<MapEntry BoolAssgnmnt="0" Value="1"/>
<MapEntry BoolAssgnmnt="1" Value="8"/>
</AssgnmntListEntry>
</AssgnmntPrefix>
<AssgnmntPrefix RootTermCovItemPrefix="com.OriginalFiles.Field.java">
<AssgnmntListEntry Length="1" RootTermCovItemId="C1">
<MapEntry BoolAssgnmnt="0" Value="230"/>
<MapEntry BoolAssgnmnt="1" Value="8"/>
</AssgnmntListEntry>
</AssgnmntPrefix>
<AssgnmntPrefix RootTermCovItemPrefix="com.OriginalFiles.MI.java">
<AssgnmntListEntry Length="1" RootTermCovItemId="C1">
<MapEntry BoolAssgnmnt="0" Value="32"/>
<MapEntry BoolAssgnmnt="1" Value="96"/>
</AssgnmntListEntry>
<AssgnmntListEntry Length="1" RootTermCovItemId="C10">
<MapEntry BoolAssgnmnt="0" Value="61"/>
</AssgnmntListEntry>
<AssgnmntListEntry Length="1" RootTermCovItemId="C11">
<MapEntry BoolAssgnmnt="0" Value="166"/>
<MapEntry BoolAssgnmnt="1" Value="55"/>
</AssgnmntListEntry>
<AssgnmntListEntry Length="1" RootTermCovItemId="C12">
<MapEntry BoolAssgnmnt="1" Value="87"/>
</AssgnmntListEntry>
<AssgnmntListEntry Length="1" RootTermCovItemId="C13">
<MapEntry BoolAssgnmnt="0" Value="87"/>
<MapEntry BoolAssgnmnt="1" Value="87"/>
</AssgnmntListEntry>
<AssgnmntListEntry Length="1" RootTermCovItemId="C14">
<MapEntry BoolAssgnmnt="0" Value="87"/>
</AssgnmntListEntry>
<AssgnmntListEntry Length="1" RootTermCovItemId="C16">
<MapEntry BoolAssgnmnt="1" Value="87"/>
</AssgnmntListEntry>
<AssgnmntListEntry Length="1" RootTermCovItemId="C17">
<MapEntry BoolAssgnmnt="0" Value="87"/>
<MapEntry BoolAssgnmnt="1" Value="87"/>
</AssgnmntListEntry>
<AssgnmntListEntry Length="1" RootTermCovItemId="C18">
<MapEntry BoolAssgnmnt="0" Value="87"/>
</AssgnmntListEntry>
<AssgnmntListEntry Length="2" RootTermCovItemId="C19">
<MapEntry BoolAssgnmnt="02" Value="87"/>
</AssgnmntListEntry>
<AssgnmntListEntry Length="1" RootTermCovItemId="C2">
<MapEntry BoolAssgnmnt="0" Value="16"/>
<MapEntry BoolAssgnmnt="1" Value="16"/>
</AssgnmntListEntry>
<AssgnmntListEntry Length="1" RootTermCovItemId="C22">
<MapEntry BoolAssgnmnt="0" Value="87"/>
</AssgnmntListEntry>
<AssgnmntListEntry Length="1" RootTermCovItemId="C24">
<MapEntry BoolAssgnmnt="0" Value="216"/>
<MapEntry BoolAssgnmnt="1" Value="1512"/>
</AssgnmntListEntry>
<AssgnmntListEntry Length="2" RootTermCovItemId="C25">
<MapEntry BoolAssgnmnt="10" Value="105"/>
<MapEntry BoolAssgnmnt="02" Value="4"/>
<MapEntry BoolAssgnmnt="11" Value="107"/>
</AssgnmntListEntry>
<AssgnmntListEntry Length="1" RootTermCovItemId="C26">
<MapEntry BoolAssgnmnt="0" Value="107"/>
</AssgnmntListEntry>
<AssgnmntListEntry Length="1" RootTermCovItemId="C28">
<MapEntry BoolAssgnmnt="0" Value="107"/>
</AssgnmntListEntry>
<AssgnmntListEntry Length="1" RootTermCovItemId="C29">
<MapEntry BoolAssgnmnt="0" Value="27"/>
</AssgnmntListEntry>
<AssgnmntListEntry Length="1" RootTermCovItemId="C3">
<MapEntry BoolAssgnmnt="0" Value="1"/>
</AssgnmntListEntry>
<AssgnmntListEntry Length="1" RootTermCovItemId="C4">
<MapEntry BoolAssgnmnt="0" Value="5"/>
<MapEntry BoolAssgnmnt="1" Value="2"/>
</AssgnmntListEntry>
<AssgnmntListEntry Length="1" RootTermCovItemId="C5">
<MapEntry BoolAssgnmnt="1" Value="5"/>
</AssgnmntListEntry>
<AssgnmntListEntry Length="2" RootTermCovItemId="C6">
<MapEntry BoolAssgnmnt="00" Value="26"/>
<MapEntry BoolAssgnmnt="12" Value="61"/>
</AssgnmntListEntry>
<AssgnmntListEntry Length="1" RootTermCovItemId="C7">
<MapEntry BoolAssgnmnt="0" Value="64"/>
<MapEntry BoolAssgnmnt="1" Value="16"/>
</AssgnmntListEntry>
<AssgnmntListEntry Length="1" RootTermCovItemId="C8">
<MapEntry BoolAssgnmnt="0" Value="61"/>
<MapEntry BoolAssgnmnt="1" Value="244"/>
</AssgnmntListEntry>
<AssgnmntListEntry Length="1" RootTermCovItemId="C9">
<MapEntry BoolAssgnmnt="0" Value="61"/>
<MapEntry BoolAssgnmnt="1" Value="244"/>
</AssgnmntListEntry>
</AssgnmntPrefix>
<AssgnmntPrefix RootTermCovItemPrefix="com.OriginalFiles.Piece.java">
<AssgnmntListEntry Length="1" RootTermCovItemId="C1">
<MapEntry BoolAssgnmnt="0" Value="32"/>
<MapEntry BoolAssgnmnt="1" Value="686"/>
</AssgnmntListEntry>
<AssgnmntListEntry Length="2" RootTermCovItemId="C10">
<MapEntry BoolAssgnmnt="01" Value="1595"/>
<MapEntry BoolAssgnmnt="12" Value="488"/>
</AssgnmntListEntry>
<AssgnmntListEntry Length="1" RootTermCovItemId="C11">
<MapEntry BoolAssgnmnt="0" Value="1107"/>
<MapEntry BoolAssgnmnt="1" Value="8896"/>
</AssgnmntListEntry>
<AssgnmntListEntry Length="1" RootTermCovItemId="C12">
<MapEntry BoolAssgnmnt="0" Value="8408"/>
<MapEntry BoolAssgnmnt="1" Value="71329"/>
</AssgnmntListEntry>
<AssgnmntListEntry Length="1" RootTermCovItemId="C13">
<MapEntry BoolAssgnmnt="0" Value="40354"/>
<MapEntry BoolAssgnmnt="1" Value="30975"/>
</AssgnmntListEntry>
<AssgnmntListEntry Length="1" RootTermCovItemId="C14">
<MapEntry BoolAssgnmnt="0" Value="30487"/>
<MapEntry BoolAssgnmnt="1" Value="488"/>
</AssgnmntListEntry>
<AssgnmntListEntry Length="2" RootTermCovItemId="C2">
<MapEntry BoolAssgnmnt="01" Value="358"/>
<MapEntry BoolAssgnmnt="12" Value="130"/>
</AssgnmntListEntry>
<AssgnmntListEntry Length="1" RootTermCovItemId="C3">
<MapEntry BoolAssgnmnt="0" Value="84"/>
<MapEntry BoolAssgnmnt="1" Value="114"/>
</AssgnmntListEntry>
<AssgnmntListEntry Length="1" RootTermCovItemId="C4">
<MapEntry BoolAssgnmnt="0" Value="32"/>
<MapEntry BoolAssgnmnt="1" Value="686"/>
</AssgnmntListEntry>
<AssgnmntListEntry Length="1" RootTermCovItemId="C5">
<MapEntry BoolAssgnmnt="0" Value="488"/>
<MapEntry BoolAssgnmnt="1" Value="198"/>
</AssgnmntListEntry>
<AssgnmntListEntry Length="1" RootTermCovItemId="C6">
<MapEntry BoolAssgnmnt="0" Value="198"/>
<MapEntry BoolAssgnmnt="1" Value="488"/>
</AssgnmntListEntry>
<AssgnmntListEntry Length="5" RootTermCovItemId="C7">
<MapEntry BoolAssgnmnt="00210" Value="198"/>
<MapEntry BoolAssgnmnt="00211" Value="194"/>
<MapEntry BoolAssgnmnt="01002" Value="88"/>
<MapEntry BoolAssgnmnt="01122" Value="206"/>
</AssgnmntListEntry>
<AssgnmntListEntry Length="1" RootTermCovItemId="C8">
<MapEntry BoolAssgnmnt="0" Value="331"/>
<MapEntry BoolAssgnmnt="1" Value="69"/>
</AssgnmntListEntry>
<AssgnmntListEntry Length="1" RootTermCovItemId="C9">
<MapEntry BoolAssgnmnt="0" Value="686"/>
</AssgnmntListEntry>
</AssgnmntPrefix>
<AssgnmntPrefix RootTermCovItemPrefix="com.OriginalFiles.RemoteNXTFunctions.java">
<AssgnmntListEntry Length="1" RootTermCovItemId="C5">
<MapEntry BoolAssgnmnt="1" Value="1"/>
</AssgnmntListEntry>
<AssgnmntListEntry Length="2" RootTermCovItemId="C6">
<MapEntry BoolAssgnmnt="11" Value="1"/>
</AssgnmntListEntry>
</AssgnmntPrefix>
</AssgnmntList>
<ObjMetaDataList/>
<MetaDataList/>
</TestCase>
<TestCase Comment="" Date="1386061680992" Name="com.Testing.MiTest:testMI">
<CovList>
<CovPrefix CovItemPrefix="com.OriginalFiles.Analyze.java">
<Cov CovItemId="B103" Value="1"/>
<Cov CovItemId="B107" Value="1"/>
<Cov CovItemId="S1" Value="1"/>
<Cov CovItemId="S192" Value="1"/>
<Cov CovItemId="S193" Value="1"/>
<Cov CovItemId="S194" Value="1"/>
<Cov CovItemId="S2" Value="1"/>
<Cov CovItemId="S200" Value="1"/>
<Cov CovItemId="S201" Value="1"/>
<Cov CovItemId="S202" Value="1"/>
<Cov CovItemId="S203" Value="1"/>
<Cov CovItemId="S204" Value="1"/>
<Cov CovItemId="S205" Value="1"/>
<Cov CovItemId="S3" Value="1"/>
<Cov CovItemId="S4" Value="1"/>
<Cov CovItemId="S5" Value="1"/>
<Cov CovItemId="S6" Value="1"/>
</CovPrefix>
<CovPrefix CovItemPrefix="com.OriginalFiles.Board.java">
<Cov CovItemId="B1" Value="32"/>
<Cov CovItemId="B10" Value="8"/>
<Cov CovItemId="B2" Value="32"/>
<Cov CovItemId="B3" Value="12"/>
<Cov CovItemId="B4" Value="20"/>
<Cov CovItemId="B5" Value="4"/>
<Cov CovItemId="B6" Value="8"/>
<Cov CovItemId="B69" Value="1"/>
<Cov CovItemId="B7" Value="12"/>
<Cov CovItemId="B79" Value="24"/>
<Cov CovItemId="B8" Value="20"/>
<Cov CovItemId="B81" Value="24"/>
<Cov CovItemId="B83" Value="24"/>
<Cov CovItemId="B84" Value="44"/>
<Cov CovItemId="B85" Value="12"/>
<Cov CovItemId="B86" Value="32"/>
<Cov CovItemId="B9" Value="4"/>
<Cov CovItemId="L1-2" Value="1"/>
<Cov CovItemId="L2-2" Value="8"/>
<Cov CovItemId="L3-2" Value="1"/>
<Cov CovItemId="L4-2" Value="1"/>
<Cov CovItemId="L5-2" Value="1"/>
<Cov CovItemId="L6-2" Value="3"/>
<Cov CovItemId="L7-2" Value="1"/>
<Cov CovItemId="L8-2" Value="2"/>
<Cov CovItemId="S1" Value="1"/>
<Cov CovItemId="S10" Value="1"/>
<Cov CovItemId="S11" Value="8"/>
<Cov CovItemId="S12" Value="64"/>
<Cov CovItemId="S13" Value="64"/>
<Cov CovItemId="S14" Value="64"/>
<Cov CovItemId="S15" Value="64"/>
<Cov CovItemId="S152" Value="1"/>
<Cov CovItemId="S153" Value="1"/>
<Cov CovItemId="S154" Value="1"/>
<Cov CovItemId="S16" Value="32"/>
<Cov CovItemId="S17" Value="32"/>
<Cov CovItemId="S176" Value="24"/>
<Cov CovItemId="S177" Value="24"/>
<Cov CovItemId="S178" Value="24"/>
<Cov CovItemId="S18" Value="32"/>
<Cov CovItemId="S180" Value="68"/>
<Cov CovItemId="S181" Value="24"/>
<Cov CovItemId="S182" Value="44"/>
<Cov CovItemId="S183" Value="12"/>
<Cov CovItemId="S184" Value="32"/>
<Cov CovItemId="S185" Value="64"/>
<Cov CovItemId="S19" Value="12"/>
<Cov CovItemId="S2" Value="1"/>
<Cov CovItemId="S20" Value="12"/>
<Cov CovItemId="S21" Value="12"/>
<Cov CovItemId="S22" Value="4"/>
<Cov CovItemId="S23" Value="32"/>
<Cov CovItemId="S24" Value="12"/>
<Cov CovItemId="S25" Value="12"/>
<Cov CovItemId="S26" Value="12"/>
<Cov CovItemId="S27" Value="4"/>
<Cov CovItemId="S28" Value="32"/>
<Cov CovItemId="S29" Value="32"/>
<Cov CovItemId="S3" Value="1"/>
<Cov CovItemId="S30" Value="64"/>
<Cov CovItemId="S31" Value="1"/>
<Cov CovItemId="S32" Value="8"/>
<Cov CovItemId="S33" Value="8"/>
<Cov CovItemId="S34" Value="8"/>
<Cov CovItemId="S35" Value="8"/>
<Cov CovItemId="S36" Value="8"/>
<Cov CovItemId="S37" Value="8"/>
<Cov CovItemId="S38" Value="8"/>
<Cov CovItemId="S39" Value="8"/>
<Cov CovItemId="S4" Value="1"/>
<Cov CovItemId="S40" Value="1"/>
<Cov CovItemId="S41" Value="8"/>
<Cov CovItemId="S42" Value="8"/>
<Cov CovItemId="S43" Value="8"/>
<Cov CovItemId="S44" Value="8"/>
<Cov CovItemId="S45" Value="8"/>
<Cov CovItemId="S46" Value="8"/>
<Cov CovItemId="S47" Value="8"/>
<Cov CovItemId="S48" Value="8"/>
<Cov CovItemId="S49" Value="1"/>
<Cov CovItemId="S5" Value="1"/>
<Cov CovItemId="S50" Value="3"/>
<Cov CovItemId="S51" Value="24"/>
<Cov CovItemId="S52" Value="24"/>
<Cov CovItemId="S53" Value="24"/>
<Cov CovItemId="S54" Value="24"/>
<Cov CovItemId="S55" Value="1"/>
<Cov CovItemId="S56" Value="2"/>
<Cov CovItemId="S57" Value="16"/>
<Cov CovItemId="S58" Value="16"/>
<Cov CovItemId="S59" Value="16"/>
<Cov CovItemId="S6" Value="1"/>
<Cov CovItemId="S60" Value="16"/>
<Cov CovItemId="S7" Value="1"/>
<Cov CovItemId="S8" Value="1"/>
<Cov CovItemId="S9" Value="1"/>
</CovPrefix>
<CovPrefix CovItemPrefix="com.OriginalFiles.Field.java">
<Cov CovItemId="B1" Value="40"/>
<Cov CovItemId="B2" Value="8"/>
<Cov CovItemId="S1" Value="121"/>
<Cov CovItemId="S2" Value="121"/>
<Cov CovItemId="S3" Value="1"/>
<Cov CovItemId="S4" Value="1"/>
<Cov CovItemId="S5" Value="48"/>
<Cov CovItemId="S6" Value="48"/>
<Cov CovItemId="S7" Value="40"/>
<Cov CovItemId="S8" Value="48"/>
<Cov CovItemId="S9" Value="136"/>
</CovPrefix>
<CovPrefix CovItemPrefix="com.OriginalFiles.MI.java">
<Cov CovItemId="B1" Value="24"/>
<Cov CovItemId="B2" Value="40"/>
<Cov CovItemId="B3" Value="12"/>
<Cov CovItemId="B4" Value="12"/>
<Cov CovItemId="L1-2" Value="1"/>
<Cov CovItemId="L2-2" Value="8"/>
<Cov CovItemId="S1" Value="1"/>
<Cov CovItemId="S10" Value="8"/>
<Cov CovItemId="S11" Value="64"/>
<Cov CovItemId="S12" Value="24"/>
<Cov CovItemId="S13" Value="12"/>
<Cov CovItemId="S14" Value="12"/>
<Cov CovItemId="S2" Value="1"/>
<Cov CovItemId="S3" Value="1"/>
<Cov CovItemId="S4" Value="1"/>
<Cov CovItemId="S45" Value="1"/>
<Cov CovItemId="S46" Value="1"/>
<Cov CovItemId="S47" Value="1"/>
<Cov CovItemId="S48" Value="1"/>
<Cov CovItemId="S49" Value="1"/>
<Cov CovItemId="S5" Value="1"/>
<Cov CovItemId="S50" Value="1"/>
<Cov CovItemId="S51" Value="1"/>
<Cov CovItemId="S6" Value="1"/>
<Cov CovItemId="S7" Value="1"/>
<Cov CovItemId="S8" Value="1"/>
<Cov CovItemId="S9" Value="1"/>
</CovPrefix>
<CovPrefix CovItemPrefix="com.OriginalFiles.Piece.java">
<Cov CovItemId="B1" Value="24"/>
<Cov CovItemId="B12" Value="24"/>
<Cov CovItemId="B13" Value="8"/>
<Cov CovItemId="B14" Value="16"/>
<Cov CovItemId="B15" Value="8"/>
<Cov CovItemId="B18" Value="24"/>
<Cov CovItemId="B2" Value="16"/>
<Cov CovItemId="B5" Value="12"/>
<Cov CovItemId="B6" Value="12"/>
<Cov CovItemId="B7" Value="24"/>
<Cov CovItemId="B8" Value="16"/>
<Cov CovItemId="B9" Value="24"/>
<Cov CovItemId="S1" Value="40"/>
<Cov CovItemId="S10" Value="40"/>
<Cov CovItemId="S11" Value="40"/>
<Cov CovItemId="S12" Value="40"/>
<Cov CovItemId="S13" Value="40"/>
<Cov CovItemId="S14" Value="40"/>
<Cov CovItemId="S17" Value="40"/>
<Cov CovItemId="S18" Value="40"/>
<Cov CovItemId="S19" Value="40"/>
<Cov CovItemId="S2" Value="40"/>
<Cov CovItemId="S20" Value="40"/>
<Cov CovItemId="S21" Value="24"/>
<Cov CovItemId="S22" Value="16"/>
<Cov CovItemId="S23" Value="16"/>
<Cov CovItemId="S27" Value="24"/>
<Cov CovItemId="S28" Value="12"/>
<Cov CovItemId="S29" Value="12"/>
<Cov CovItemId="S3" Value="40"/>
<Cov CovItemId="S30" Value="40"/>
<Cov CovItemId="S31" Value="40"/>
<Cov CovItemId="S32" Value="24"/>
<Cov CovItemId="S33" Value="24"/>
<Cov CovItemId="S34" Value="24"/>
<Cov CovItemId="S35" Value="24"/>
<Cov CovItemId="S36" Value="24"/>
<Cov CovItemId="S38" Value="24"/>
<Cov CovItemId="S39" Value="8"/>
<Cov CovItemId="S4" Value="40"/>
<Cov CovItemId="S40" Value="8"/>
<Cov CovItemId="S41" Value="8"/>
<Cov CovItemId="S42" Value="24"/>
<Cov CovItemId="S44" Value="24"/>
<Cov CovItemId="S5" Value="40"/>
<Cov CovItemId="S6" Value="40"/>
<Cov CovItemId="S7" Value="40"/>
<Cov CovItemId="S8" Value="40"/>
<Cov CovItemId="S9" Value="40"/>
</CovPrefix>
<CovPrefix CovItemPrefix="com.OriginalFiles.RemoteNXTFunctions.java">
<Cov CovItemId="B5" Value="1"/>
<Cov CovItemId="B7" Value="1"/>
<Cov CovItemId="S1" Value="1"/>
<Cov CovItemId="S162" Value="1"/>
<Cov CovItemId="S19" Value="1"/>
<Cov CovItemId="S2" Value="1"/>
<Cov CovItemId="S20" Value="1"/>
<Cov CovItemId="S21" Value="1"/>
<Cov CovItemId="S22" Value="1"/>
<Cov CovItemId="S3" Value="1"/>
</CovPrefix>
</CovList>
<AssgnmntList>
<AssgnmntPrefix RootTermCovItemPrefix="com.OriginalFiles.Analyze.java">
<AssgnmntListEntry Length="1" RootTermCovItemId="C64">
<MapEntry BoolAssgnmnt="1" Value="1"/>
</AssgnmntListEntry>
<AssgnmntListEntry Length="6" RootTermCovItemId="C66">
<MapEntry BoolAssgnmnt="111111" Value="1"/>
</AssgnmntListEntry>
</AssgnmntPrefix>
<AssgnmntPrefix RootTermCovItemPrefix="com.OriginalFiles.Board.java">
<AssgnmntListEntry Length="1" RootTermCovItemId="C1">
<MapEntry BoolAssgnmnt="0" Value="1"/>
<MapEntry BoolAssgnmnt="1" Value="8"/>
</AssgnmntListEntry>
<AssgnmntListEntry Length="1" RootTermCovItemId="C10">
<MapEntry BoolAssgnmnt="0" Value="1"/>
<MapEntry BoolAssgnmnt="1" Value="3"/>
</AssgnmntListEntry>
<AssgnmntListEntry Length="1" RootTermCovItemId="C11">
<MapEntry BoolAssgnmnt="0" Value="3"/>
<MapEntry BoolAssgnmnt="1" Value="24"/>
</AssgnmntListEntry>
<AssgnmntListEntry Length="1" RootTermCovItemId="C12">
<MapEntry BoolAssgnmnt="0" Value="1"/>
<MapEntry BoolAssgnmnt="1" Value="2"/>
</AssgnmntListEntry>
<AssgnmntListEntry Length="1" RootTermCovItemId="C13">
<MapEntry BoolAssgnmnt="0" Value="2"/>
<MapEntry BoolAssgnmnt="1" Value="16"/>
</AssgnmntListEntry>
<AssgnmntListEntry Length="1" RootTermCovItemId="C2">
<MapEntry BoolAssgnmnt="0" Value="8"/>
<MapEntry BoolAssgnmnt="1" Value="64"/>
</AssgnmntListEntry>
<AssgnmntListEntry Length="1" RootTermCovItemId="C3">
<MapEntry BoolAssgnmnt="0" Value="32"/>
<MapEntry BoolAssgnmnt="1" Value="32"/>
</AssgnmntListEntry>
<AssgnmntListEntry Length="1" RootTermCovItemId="C4">
<MapEntry BoolAssgnmnt="0" Value="20"/>
<MapEntry BoolAssgnmnt="1" Value="12"/>
</AssgnmntListEntry>
<AssgnmntListEntry Length="1" RootTermCovItemId="C45">
<MapEntry BoolAssgnmnt="1" Value="1"/>
</AssgnmntListEntry>
<AssgnmntListEntry Length="1" RootTermCovItemId="C5">
<MapEntry BoolAssgnmnt="0" Value="8"/>
<MapEntry BoolAssgnmnt="1" Value="4"/>
</AssgnmntListEntry>
<AssgnmntListEntry Length="1" RootTermCovItemId="C53">
<MapEntry BoolAssgnmnt="1" Value="24"/>
</AssgnmntListEntry>
<AssgnmntListEntry Length="1" RootTermCovItemId="C54">
<MapEntry BoolAssgnmnt="0" Value="24"/>
</AssgnmntListEntry>
<AssgnmntListEntry Length="3" RootTermCovItemId="C55">
<MapEntry BoolAssgnmnt="002" Value="32"/>
<MapEntry BoolAssgnmnt="120" Value="24"/>
<MapEntry BoolAssgnmnt="121" Value="12"/>
</AssgnmntListEntry>
<AssgnmntListEntry Length="3" RootTermCovItemId="C56">
<MapEntry BoolAssgnmnt="002" Value="12"/>
<MapEntry BoolAssgnmnt="120" Value="20"/>
<MapEntry BoolAssgnmnt="121" Value="12"/>
</AssgnmntListEntry>
<AssgnmntListEntry Length="1" RootTermCovItemId="C6">
<MapEntry BoolAssgnmnt="0" Value="20"/>
<MapEntry BoolAssgnmnt="1" Value="12"/>
</AssgnmntListEntry>
<AssgnmntListEntry Length="1" RootTermCovItemId="C7">
<MapEntry BoolAssgnmnt="0" Value="8"/>
<MapEntry BoolAssgnmnt="1" Value="4"/>
</AssgnmntListEntry>
<AssgnmntListEntry Length="1" RootTermCovItemId="C8">
<MapEntry BoolAssgnmnt="0" Value="1"/>
<MapEntry BoolAssgnmnt="1" Value="8"/>
</AssgnmntListEntry>
<AssgnmntListEntry Length="1" RootTermCovItemId="C9">
<MapEntry BoolAssgnmnt="0" Value="1"/>
<MapEntry BoolAssgnmnt="1" Value="8"/>
</AssgnmntListEntry>
</AssgnmntPrefix>
<AssgnmntPrefix RootTermCovItemPrefix="com.OriginalFiles.Field.java">
<AssgnmntListEntry Length="1" RootTermCovItemId="C1">
<MapEntry BoolAssgnmnt="0" Value="40"/>
<MapEntry BoolAssgnmnt="1" Value="8"/>
</AssgnmntListEntry>
</AssgnmntPrefix>
<AssgnmntPrefix RootTermCovItemPrefix="com.OriginalFiles.MI.java">
<AssgnmntListEntry Length="1" RootTermCovItemId="C1">
<MapEntry BoolAssgnmnt="0" Value="24"/>
<MapEntry BoolAssgnmnt="1" Value="40"/>
</AssgnmntListEntry>
<AssgnmntListEntry Length="1" RootTermCovItemId="C2">
<MapEntry BoolAssgnmnt="0" Value="12"/>
<MapEntry BoolAssgnmnt="1" Value="12"/>
</AssgnmntListEntry>
</AssgnmntPrefix>
<AssgnmntPrefix RootTermCovItemPrefix="com.OriginalFiles.Piece.java">
<AssgnmntListEntry Length="1" RootTermCovItemId="C1">
<MapEntry BoolAssgnmnt="0" Value="16"/>
<MapEntry BoolAssgnmnt="1" Value="24"/>
</AssgnmntListEntry>
<AssgnmntListEntry Length="1" RootTermCovItemId="C3">
<MapEntry BoolAssgnmnt="0" Value="12"/>
<MapEntry BoolAssgnmnt="1" Value="12"/>
</AssgnmntListEntry>
<AssgnmntListEntry Length="1" RootTermCovItemId="C4">
<MapEntry BoolAssgnmnt="0" Value="16"/>
<MapEntry BoolAssgnmnt="1" Value="24"/>
</AssgnmntListEntry>
<AssgnmntListEntry Length="1" RootTermCovItemId="C5">
<MapEntry BoolAssgnmnt="1" Value="24"/>
</AssgnmntListEntry>
<AssgnmntListEntry Length="1" RootTermCovItemId="C6">
<MapEntry BoolAssgnmnt="0" Value="24"/>
</AssgnmntListEntry>
<AssgnmntListEntry Length="5" RootTermCovItemId="C7">
<MapEntry BoolAssgnmnt="00210" Value="8"/>
<MapEntry BoolAssgnmnt="00211" Value="4"/>
<MapEntry BoolAssgnmnt="01002" Value="8"/>
<MapEntry BoolAssgnmnt="01122" Value="4"/>
</AssgnmntListEntry>
<AssgnmntListEntry Length="1" RootTermCovItemId="C8">
<MapEntry BoolAssgnmnt="1" Value="8"/>
</AssgnmntListEntry>
<AssgnmntListEntry Length="1" RootTermCovItemId="C9">
<MapEntry BoolAssgnmnt="0" Value="24"/>
</AssgnmntListEntry>
</AssgnmntPrefix>
<AssgnmntPrefix RootTermCovItemPrefix="com.OriginalFiles.RemoteNXTFunctions.java">
<AssgnmntListEntry Length="1" RootTermCovItemId="C5">
<MapEntry BoolAssgnmnt="1" Value="1"/>
</AssgnmntListEntry>
<AssgnmntListEntry Length="2" RootTermCovItemId="C6">
<MapEntry BoolAssgnmnt="11" Value="1"/>
</AssgnmntListEntry>
</AssgnmntPrefix>
</AssgnmntList>
<ObjMetaDataList/>
<MetaDataList/>
</TestCase>
<TestCase Comment="" Date="1386061680994" Name="com.Testing.MiTest:testLookForBestMoveSimulateKing">
<CovList>
<CovPrefix CovItemPrefix="com.OriginalFiles.Analyze.java">
<Cov CovItemId="B103" Value="1"/>
<Cov CovItemId="B107" Value="1"/>
<Cov CovItemId="B120" Value="22"/>
<Cov CovItemId="B121" Value="682"/>
<Cov CovItemId="B122" Value="11"/>
<Cov CovItemId="B123" Value="11"/>
<Cov CovItemId="B124" Value="11"/>
<Cov CovItemId="B126" Value="11"/>
<Cov CovItemId="B127" Value="11"/>
<Cov CovItemId="B128" Value="11"/>
<Cov CovItemId="B131" Value="11"/>
<Cov CovItemId="B133" Value="11"/>
<Cov CovItemId="B134" Value="11"/>
<Cov CovItemId="B136" Value="9"/>
<Cov CovItemId="B137" Value="2"/>
<Cov CovItemId="B138" Value="6"/>
<Cov CovItemId="B139" Value="3"/>
<Cov CovItemId="B141" Value="6"/>
<Cov CovItemId="B142" Value="6"/>
<Cov CovItemId="B156" Value="8"/>
<Cov CovItemId="B157" Value="10"/>
<Cov CovItemId="B83" Value="6"/>
<Cov CovItemId="B84" Value="10"/>
<Cov CovItemId="B85" Value="2"/>
<Cov CovItemId="B86" Value="4"/>
<Cov CovItemId="B88" Value="2"/>
<Cov CovItemId="B89" Value="4"/>
<Cov CovItemId="L16-2" Value="11"/>
<Cov CovItemId="L17-2" Value="88"/>
<Cov CovItemId="S1" Value="1"/>
<Cov CovItemId="S150" Value="16"/>
<Cov CovItemId="S151" Value="6"/>
<Cov CovItemId="S152" Value="2"/>
<Cov CovItemId="S153" Value="2"/>
<Cov CovItemId="S154" Value="2"/>
<Cov CovItemId="S156" Value="4"/>
<Cov CovItemId="S157" Value="4"/>
<Cov CovItemId="S158" Value="4"/>
<Cov CovItemId="S192" Value="1"/>
<Cov CovItemId="S193" Value="1"/>
<Cov CovItemId="S194" Value="1"/>
<Cov CovItemId="S2" Value="1"/>
<Cov CovItemId="S200" Value="1"/>
<Cov CovItemId="S201" Value="1"/>
<Cov CovItemId="S202" Value="1"/>
<Cov CovItemId="S203" Value="1"/>
<Cov CovItemId="S204" Value="1"/>
<Cov CovItemId="S205" Value="1"/>
<Cov CovItemId="S222" Value="11"/>
<Cov CovItemId="S223" Value="11"/>
<Cov CovItemId="S224" Value="11"/>
<Cov CovItemId="S225" Value="11"/>
<Cov CovItemId="S226" Value="11"/>
<Cov CovItemId="S227" Value="11"/>
<Cov CovItemId="S228" Value="88"/>
<Cov CovItemId="S229" Value="704"/>
<Cov CovItemId="S230" Value="22"/>
<Cov CovItemId="S231" Value="11"/>
<Cov CovItemId="S232" Value="11"/>
<Cov CovItemId="S233" Value="11"/>
<Cov CovItemId="S234" Value="22"/>
<Cov CovItemId="S235" Value="11"/>
<Cov CovItemId="S236" Value="11"/>
<Cov CovItemId="S237" Value="11"/>
<Cov CovItemId="S238" Value="11"/>
<Cov CovItemId="S240" Value="11"/>
<Cov CovItemId="S242" Value="11"/>
<Cov CovItemId="S243" Value="11"/>
<Cov CovItemId="S244" Value="9"/>
<Cov CovItemId="S245" Value="9"/>
<Cov CovItemId="S246" Value="9"/>
<Cov CovItemId="S247" Value="6"/>
<Cov CovItemId="S249" Value="6"/>
<Cov CovItemId="S250" Value="6"/>
<Cov CovItemId="S251" Value="5"/>
<Cov CovItemId="S268" Value="18"/>
<Cov CovItemId="S269" Value="8"/>
<Cov CovItemId="S270" Value="10"/>
<Cov CovItemId="S3" Value="1"/>
<Cov CovItemId="S4" Value="1"/>
<Cov CovItemId="S5" Value="1"/>
<Cov CovItemId="S6" Value="1"/>
</CovPrefix>
<CovPrefix CovItemPrefix="com.OriginalFiles.Board.java">
<Cov CovItemId="B1" Value="32"/>
<Cov CovItemId="B10" Value="8"/>
<Cov CovItemId="B2" Value="32"/>
<Cov CovItemId="B3" Value="12"/>
<Cov CovItemId="B31" Value="16"/>
<Cov CovItemId="B33" Value="8"/>
<Cov CovItemId="B34" Value="8"/>
<Cov CovItemId="B35" Value="6"/>
<Cov CovItemId="B36" Value="10"/>
<Cov CovItemId="B37" Value="16"/>
<Cov CovItemId="B4" Value="20"/>
<Cov CovItemId="B41" Value="72"/>
<Cov CovItemId="B42" Value="46"/>
<Cov CovItemId="B44" Value="30"/>
<Cov CovItemId="B45" Value="11"/>
<Cov CovItemId="B46" Value="23"/>
<Cov CovItemId="B47" Value="11"/>
<Cov CovItemId="B48" Value="23"/>
<Cov CovItemId="B49" Value="25"/>
<Cov CovItemId="B5" Value="4"/>
<Cov CovItemId="B50" Value="9"/>
<Cov CovItemId="B51" Value="25"/>
<Cov CovItemId="B53" Value="25"/>
<Cov CovItemId="B55" Value="12"/>
<Cov CovItemId="B56" Value="108"/>
<Cov CovItemId="B57" Value="38"/>
<Cov CovItemId="B58" Value="70"/>
<Cov CovItemId="B59" Value="38"/>
<Cov CovItemId="B6" Value="8"/>
<Cov CovItemId="B62" Value="38"/>
<Cov CovItemId="B63" Value="480"/>
<Cov CovItemId="B64" Value="480"/>
<Cov CovItemId="B65" Value="30"/>
<Cov CovItemId="B66" Value="450"/>
<Cov CovItemId="B67" Value="15"/>
<Cov CovItemId="B68" Value="15"/>
<Cov CovItemId="B69" Value="1"/>
<Cov CovItemId="B7" Value="12"/>
<Cov CovItemId="B79" Value="1134"/>
<Cov CovItemId="B8" Value="20"/>
<Cov CovItemId="B81" Value="176"/>
<Cov CovItemId="B82" Value="958"/>
<Cov CovItemId="B83" Value="62"/>
<Cov CovItemId="B84" Value="186"/>
<Cov CovItemId="B85" Value="56"/>
<Cov CovItemId="B86" Value="130"/>
<Cov CovItemId="B9" Value="4"/>
<Cov CovItemId="L1-2" Value="1"/>
<Cov CovItemId="L10-2" Value="240"/>
<Cov CovItemId="L13-2" Value="15"/>
<Cov CovItemId="L14-2" Value="120"/>
<Cov CovItemId="L2-2" Value="8"/>
<Cov CovItemId="L3-2" Value="1"/>
<Cov CovItemId="L4-2" Value="1"/>
<Cov CovItemId="L5-2" Value="1"/>
<Cov CovItemId="L6-2" Value="3"/>
<Cov CovItemId="L7-2" Value="1"/>
<Cov CovItemId="L8-2" Value="2"/>
<Cov CovItemId="L9-2" Value="30"/>
<Cov CovItemId="S1" Value="1"/>
<Cov CovItemId="S10" Value="1"/>
<Cov CovItemId="S100" Value="8"/>
<Cov CovItemId="S101" Value="8"/>
<Cov CovItemId="S102" Value="16"/>
<Cov CovItemId="S103" Value="6"/>
<Cov CovItemId="S104" Value="10"/>
<Cov CovItemId="S106" Value="16"/>
<Cov CovItemId="S107" Value="16"/>
<Cov CovItemId="S108" Value="16"/>
<Cov CovItemId="S109" Value="16"/>
<Cov CovItemId="S11" Value="8"/>
<Cov CovItemId="S115" Value="118"/>
<Cov CovItemId="S116" Value="72"/>
<Cov CovItemId="S117" Value="46"/>
<Cov CovItemId="S118" Value="30"/>
<Cov CovItemId="S119" Value="30"/>
<Cov CovItemId="S12" Value="64"/>
<Cov CovItemId="S121" Value="30"/>
<Cov CovItemId="S122" Value="30"/>
<Cov CovItemId="S123" Value="34"/>
<Cov CovItemId="S124" Value="34"/>
<Cov CovItemId="S125" Value="11"/>
<Cov CovItemId="S126" Value="34"/>
<Cov CovItemId="S127" Value="11"/>
<Cov CovItemId="S128" Value="34"/>
<Cov CovItemId="S129" Value="25"/>
<Cov CovItemId="S13" Value="64"/>
<Cov CovItemId="S130" Value="25"/>
<Cov CovItemId="S131" Value="25"/>
<Cov CovItemId="S132" Value="25"/>
<Cov CovItemId="S133" Value="34"/>
<Cov CovItemId="S134" Value="30"/>
<Cov CovItemId="S135" Value="120"/>
<Cov CovItemId="S136" Value="12"/>
<Cov CovItemId="S137" Value="108"/>
<Cov CovItemId="S138" Value="38"/>
<Cov CovItemId="S139" Value="38"/>
<Cov CovItemId="S14" Value="64"/>
<Cov CovItemId="S141" Value="108"/>
<Cov CovItemId="S142" Value="120"/>
<Cov CovItemId="S143" Value="15"/>
<Cov CovItemId="S144" Value="15"/>
<Cov CovItemId="S145" Value="120"/>
<Cov CovItemId="S146" Value="960"/>
<Cov CovItemId="S147" Value="480"/>
<Cov CovItemId="S148" Value="30"/>
<Cov CovItemId="S149" Value="15"/>
<Cov CovItemId="S15" Value="64"/>
<Cov CovItemId="S150" Value="15"/>
<Cov CovItemId="S151" Value="15"/>
<Cov CovItemId="S152" Value="1"/>
<Cov CovItemId="S153" Value="1"/>
<Cov CovItemId="S154" Value="1"/>
<Cov CovItemId="S16" Value="32"/>
<Cov CovItemId="S17" Value="32"/>
<Cov CovItemId="S176" Value="1134"/>
<Cov CovItemId="S177" Value="1134"/>
<Cov CovItemId="S178" Value="176"/>
<Cov CovItemId="S179" Value="958"/>
<Cov CovItemId="S18" Value="32"/>
<Cov CovItemId="S180" Value="248"/>
<Cov CovItemId="S181" Value="62"/>
<Cov CovItemId="S182" Value="186"/>
<Cov CovItemId="S183" Value="56"/>
<Cov CovItemId="S184" Value="130"/>
<Cov CovItemId="S185" Value="3686"/>
<Cov CovItemId="S19" Value="12"/>
<Cov CovItemId="S2" Value="1"/>
<Cov CovItemId="S20" Value="12"/>
<Cov CovItemId="S21" Value="12"/>
<Cov CovItemId="S22" Value="4"/>
<Cov CovItemId="S23" Value="32"/>
<Cov CovItemId="S24" Value="12"/>
<Cov CovItemId="S25" Value="12"/>
<Cov CovItemId="S26" Value="12"/>
<Cov CovItemId="S27" Value="4"/>
<Cov CovItemId="S28" Value="32"/>
<Cov CovItemId="S29" Value="32"/>
<Cov CovItemId="S3" Value="1"/>
<Cov CovItemId="S30" Value="64"/>
<Cov CovItemId="S31" Value="1"/>
<Cov CovItemId="S32" Value="8"/>
<Cov CovItemId="S33" Value="8"/>
<Cov CovItemId="S34" Value="8"/>
<Cov CovItemId="S35" Value="8"/>
<Cov CovItemId="S36" Value="8"/>
<Cov CovItemId="S37" Value="8"/>
<Cov CovItemId="S38" Value="8"/>
<Cov CovItemId="S39" Value="8"/>
<Cov CovItemId="S4" Value="1"/>
<Cov CovItemId="S40" Value="1"/>
<Cov CovItemId="S41" Value="8"/>
<Cov CovItemId="S42" Value="8"/>
<Cov CovItemId="S43" Value="8"/>
<Cov CovItemId="S44" Value="8"/>
<Cov CovItemId="S45" Value="8"/>
<Cov CovItemId="S46" Value="8"/>
<Cov CovItemId="S47" Value="8"/>
<Cov CovItemId="S48" Value="8"/>
<Cov CovItemId="S49" Value="1"/>
<Cov CovItemId="S5" Value="1"/>
<Cov CovItemId="S50" Value="3"/>
<Cov CovItemId="S51" Value="24"/>
<Cov CovItemId="S52" Value="24"/>
<Cov CovItemId="S53" Value="24"/>
<Cov CovItemId="S54" Value="24"/>
<Cov CovItemId="S55" Value="1"/>
<Cov CovItemId="S56" Value="2"/>
<Cov CovItemId="S57" Value="16"/>
<Cov CovItemId="S58" Value="16"/>
<Cov CovItemId="S59" Value="16"/>
<Cov CovItemId="S6" Value="1"/>
<Cov CovItemId="S60" Value="16"/>
<Cov CovItemId="S61" Value="30"/>
<Cov CovItemId="S62" Value="240"/>
<Cov CovItemId="S63" Value="1920"/>
<Cov CovItemId="S7" Value="1"/>
<Cov CovItemId="S8" Value="1"/>
<Cov CovItemId="S9" Value="1"/>
<Cov CovItemId="S98" Value="16"/>
<Cov CovItemId="S99" Value="16"/>
</CovPrefix>
<CovPrefix CovItemPrefix="com.OriginalFiles.Field.java">
<Cov CovItemId="B1" Value="58"/>
<Cov CovItemId="B2" Value="8"/>
<Cov CovItemId="S1" Value="121"/>
<Cov CovItemId="S13" Value="80"/>
<Cov CovItemId="S2" Value="121"/>
<Cov CovItemId="S3" Value="1"/>
<Cov CovItemId="S4" Value="1"/>
<Cov CovItemId="S5" Value="66"/>
<Cov CovItemId="S6" Value="66"/>
<Cov CovItemId="S7" Value="58"/>
<Cov CovItemId="S8" Value="958"/>
<Cov CovItemId="S9" Value="2384"/>
</CovPrefix>
<CovPrefix CovItemPrefix="com.OriginalFiles.MI.java">
<Cov CovItemId="B1" Value="26"/>
<Cov CovItemId="B11" Value="5"/>
<Cov CovItemId="B12" Value="3"/>
<Cov CovItemId="B14" Value="6"/>
<Cov CovItemId="B17" Value="3"/>
<Cov CovItemId="B18" Value="2"/>
<Cov CovItemId="B2" Value="102"/>
<Cov CovItemId="B20" Value="5"/>
<Cov CovItemId="B21" Value="8"/>
<Cov CovItemId="B22" Value="9"/>
<Cov CovItemId="B23" Value="8"/>
<Cov CovItemId="B26" Value="8"/>
<Cov CovItemId="B29" Value="8"/>
<Cov CovItemId="B3" Value="13"/>
<Cov CovItemId="B31" Value="8"/>
<Cov CovItemId="B33" Value="6"/>
<Cov CovItemId="B34" Value="2"/>
<Cov CovItemId="B35" Value="4"/>
<Cov CovItemId="B36" Value="2"/>
<Cov CovItemId="B37" Value="2"/>
<Cov CovItemId="B4" Value="13"/>
<Cov CovItemId="B41" Value="8"/>
<Cov CovItemId="B42" Value="248"/>
<Cov CovItemId="B43" Value="4"/>
<Cov CovItemId="B44" Value="4"/>
<Cov CovItemId="B46" Value="4"/>
<Cov CovItemId="B49" Value="4"/>
<Cov CovItemId="B52" Value="4"/>
<Cov CovItemId="B6" Value="1"/>
<Cov CovItemId="B7" Value="2"/>
<Cov CovItemId="L1-2" Value="2"/>
<Cov CovItemId="L10-2" Value="4"/>
<Cov CovItemId="L11-2" Value="32"/>
<Cov CovItemId="L13-2" Value="4"/>
<Cov CovItemId="L2-2" Value="16"/>
<Cov CovItemId="L3-2" Value="1"/>
<Cov CovItemId="L4-2" Value="3"/>
<Cov CovItemId="L5-1" Value="5"/>
<Cov CovItemId="L6-1" Value="5"/>
<Cov CovItemId="L7-1" Value="8"/>
<Cov CovItemId="L8-1" Value="8"/>
<Cov CovItemId="L9-0" Value="8"/>
<Cov CovItemId="S1" Value="1"/>
<Cov CovItemId="S10" Value="16"/>
<Cov CovItemId="S100" Value="2"/>
<Cov CovItemId="S101" Value="2"/>
<Cov CovItemId="S102" Value="6"/>
<Cov CovItemId="S103" Value="8"/>
<Cov CovItemId="S104" Value="8"/>
<Cov CovItemId="S105" Value="8"/>
<Cov CovItemId="S11" Value="128"/>
<Cov CovItemId="S111" Value="4"/>
<Cov CovItemId="S112" Value="4"/>
<Cov CovItemId="S113" Value="4"/>
<Cov CovItemId="S114" Value="4"/>
<Cov CovItemId="S115" Value="32"/>
<Cov CovItemId="S116" Value="256"/>
<Cov CovItemId="S117" Value="8"/>
<Cov CovItemId="S118" Value="4"/>
<Cov CovItemId="S12" Value="26"/>
<Cov CovItemId="S123" Value="4"/>
<Cov CovItemId="S124" Value="4"/>
<Cov CovItemId="S125" Value="4"/>
<Cov CovItemId="S126" Value="8"/>
<Cov CovItemId="S127" Value="8"/>
<Cov CovItemId="S128" Value="4"/>
<Cov CovItemId="S13" Value="13"/>
<Cov CovItemId="S130" Value="4"/>
<Cov CovItemId="S14" Value="13"/>
<Cov CovItemId="S15" Value="1"/>
<Cov CovItemId="S16" Value="1"/>
<Cov CovItemId="S17" Value="1"/>
<Cov CovItemId="S18" Value="1"/>
<Cov CovItemId="S19" Value="1"/>
<Cov CovItemId="S2" Value="1"/>
<Cov CovItemId="S21" Value="1"/>
<Cov CovItemId="S22" Value="2"/>
<Cov CovItemId="S23" Value="2"/>
<Cov CovItemId="S24" Value="2"/>
<Cov CovItemId="S25" Value="2"/>
<Cov CovItemId="S26" Value="2"/>
<Cov CovItemId="S27" Value="2"/>
<Cov CovItemId="S28" Value="2"/>
<Cov CovItemId="S3" Value="1"/>
<Cov CovItemId="S31" Value="1"/>
<Cov CovItemId="S32" Value="8"/>
<Cov CovItemId="S33" Value="5"/>
<Cov CovItemId="S34" Value="3"/>
<Cov CovItemId="S35" Value="3"/>
<Cov CovItemId="S36" Value="3"/>
<Cov CovItemId="S37" Value="6"/>
<Cov CovItemId="S38" Value="6"/>
<Cov CovItemId="S39" Value="6"/>
<Cov CovItemId="S4" Value="1"/>
<Cov CovItemId="S40" Value="6"/>
<Cov CovItemId="S41" Value="6"/>
<Cov CovItemId="S42" Value="6"/>
<Cov CovItemId="S44" Value="3"/>
<Cov CovItemId="S45" Value="1"/>
<Cov CovItemId="S46" Value="1"/>
<Cov CovItemId="S47" Value="1"/>
<Cov CovItemId="S48" Value="1"/>
<Cov CovItemId="S49" Value="1"/>
<Cov CovItemId="S5" Value="1"/>
<Cov CovItemId="S50" Value="1"/>
<Cov CovItemId="S51" Value="1"/>
<Cov CovItemId="S52" Value="5"/>
<Cov CovItemId="S53" Value="5"/>
<Cov CovItemId="S54" Value="5"/>
<Cov CovItemId="S55" Value="5"/>
<Cov CovItemId="S56" Value="5"/>
<Cov CovItemId="S57" Value="5"/>
<Cov CovItemId="S58" Value="5"/>
<Cov CovItemId="S59" Value="5"/>
<Cov CovItemId="S6" Value="1"/>
<Cov CovItemId="S64" Value="3"/>
<Cov CovItemId="S65" Value="3"/>
<Cov CovItemId="S66" Value="2"/>
<Cov CovItemId="S67" Value="2"/>
<Cov CovItemId="S68" Value="5"/>
<Cov CovItemId="S69" Value="5"/>
<Cov CovItemId="S7" Value="2"/>
<Cov CovItemId="S71" Value="5"/>
<Cov CovItemId="S72" Value="17"/>
<Cov CovItemId="S73" Value="8"/>
<Cov CovItemId="S74" Value="9"/>
<Cov CovItemId="S75" Value="8"/>
<Cov CovItemId="S76" Value="8"/>
<Cov CovItemId="S77" Value="8"/>
<Cov CovItemId="S78" Value="8"/>
<Cov CovItemId="S79" Value="8"/>
<Cov CovItemId="S8" Value="2"/>
<Cov CovItemId="S80" Value="8"/>
<Cov CovItemId="S87" Value="8"/>
<Cov CovItemId="S88" Value="8"/>
<Cov CovItemId="S89" Value="8"/>
<Cov CovItemId="S9" Value="2"/>
<Cov CovItemId="S90" Value="8"/>
<Cov CovItemId="S91" Value="8"/>
<Cov CovItemId="S92" Value="8"/>
<Cov CovItemId="S93" Value="8"/>
<Cov CovItemId="S94" Value="8"/>
<Cov CovItemId="S95" Value="8"/>
<Cov CovItemId="S96" Value="8"/>
<Cov CovItemId="S97" Value="8"/>
<Cov CovItemId="S98" Value="6"/>
<Cov CovItemId="S99" Value="4"/>
</CovPrefix>
<CovPrefix CovItemPrefix="com.OriginalFiles.Move.java">
<Cov CovItemId="S1" Value="8"/>
<Cov CovItemId="S2" Value="8"/>
<Cov CovItemId="S3" Value="8"/>
<Cov CovItemId="S4" Value="8"/>
<Cov CovItemId="S5" Value="8"/>
<Cov CovItemId="S6" Value="8"/>
<Cov CovItemId="S7" Value="8"/>
</CovPrefix>
<CovPrefix CovItemPrefix="com.OriginalFiles.Piece.java">
<Cov CovItemId="B1" Value="52"/>
<Cov CovItemId="B10" Value="10"/>
<Cov CovItemId="B11" Value="10"/>
<Cov CovItemId="B12" Value="42"/>
<Cov CovItemId="B13" Value="8"/>
<Cov CovItemId="B14" Value="44"/>
<Cov CovItemId="B15" Value="8"/>
<Cov CovItemId="B17" Value="14"/>
<Cov CovItemId="B18" Value="38"/>
<Cov CovItemId="B19" Value="958"/>
<Cov CovItemId="B2" Value="16"/>
<Cov CovItemId="B20" Value="1284"/>
<Cov CovItemId="B21" Value="10"/>
<Cov CovItemId="B22" Value="948"/>
<Cov CovItemId="B3" Value="10"/>
<Cov CovItemId="B5" Value="22"/>
<Cov CovItemId="B6" Value="20"/>
<Cov CovItemId="B7" Value="52"/>
<Cov CovItemId="B8" Value="16"/>
<Cov CovItemId="B9" Value="42"/>
<Cov CovItemId="L1-1" Value="5"/>
<Cov CovItemId="L1-2" Value="5"/>
<Cov CovItemId="L2-2" Value="38"/>
<Cov CovItemId="L3-1" Value="5"/>
<Cov CovItemId="L3-2" Value="244"/>
<Cov CovItemId="S1" Value="40"/>
<Cov CovItemId="S10" Value="40"/>
<Cov CovItemId="S11" Value="40"/>
<Cov CovItemId="S12" Value="40"/>
<Cov CovItemId="S13" Value="40"/>
<Cov CovItemId="S14" Value="40"/>
<Cov CovItemId="S15" Value="8"/>
<Cov CovItemId="S16" Value="64"/>
<Cov CovItemId="S17" Value="58"/>
<Cov CovItemId="S18" Value="58"/>
<Cov CovItemId="S19" Value="58"/>
<Cov CovItemId="S2" Value="40"/>
<Cov CovItemId="S20" Value="68"/>
<Cov CovItemId="S21" Value="52"/>
<Cov CovItemId="S22" Value="16"/>
<Cov CovItemId="S23" Value="16"/>
<Cov CovItemId="S24" Value="10"/>
<Cov CovItemId="S25" Value="10"/>
<Cov CovItemId="S26" Value="10"/>
<Cov CovItemId="S27" Value="42"/>
<Cov CovItemId="S28" Value="22"/>
<Cov CovItemId="S29" Value="20"/>
<Cov CovItemId="S3" Value="40"/>
<Cov CovItemId="S30" Value="58"/>
<Cov CovItemId="S31" Value="68"/>
<Cov CovItemId="S32" Value="52"/>
<Cov CovItemId="S33" Value="52"/>
<Cov CovItemId="S34" Value="52"/>
<Cov CovItemId="S35" Value="42"/>
<Cov CovItemId="S36" Value="52"/>
<Cov CovItemId="S37" Value="10"/>
<Cov CovItemId="S38" Value="52"/>
<Cov CovItemId="S39" Value="8"/>
<Cov CovItemId="S4" Value="40"/>
<Cov CovItemId="S40" Value="8"/>
<Cov CovItemId="S41" Value="8"/>
<Cov CovItemId="S42" Value="52"/>
<Cov CovItemId="S43" Value="14"/>
<Cov CovItemId="S44" Value="52"/>
<Cov CovItemId="S45" Value="10"/>
<Cov CovItemId="S46" Value="10"/>
<Cov CovItemId="S47" Value="10"/>
<Cov CovItemId="S48" Value="38"/>
<Cov CovItemId="S49" Value="38"/>
<Cov CovItemId="S5" Value="40"/>
<Cov CovItemId="S50" Value="249"/>
<Cov CovItemId="S51" Value="2242"/>
<Cov CovItemId="S52" Value="958"/>
<Cov CovItemId="S53" Value="10"/>
<Cov CovItemId="S54" Value="10"/>
<Cov CovItemId="S55" Value="10"/>
<Cov CovItemId="S6" Value="40"/>
<Cov CovItemId="S7" Value="40"/>
<Cov CovItemId="S8" Value="40"/>
<Cov CovItemId="S9" Value="40"/>
</CovPrefix>
<CovPrefix CovItemPrefix="com.OriginalFiles.RemoteNXTFunctions.java">
<Cov CovItemId="B5" Value="1"/>
<Cov CovItemId="B7" Value="1"/>
<Cov CovItemId="S1" Value="1"/>
<Cov CovItemId="S162" Value="1"/>
<Cov CovItemId="S19" Value="1"/>
<Cov CovItemId="S2" Value="1"/>
<Cov CovItemId="S20" Value="1"/>
<Cov CovItemId="S21" Value="1"/>
<Cov CovItemId="S22" Value="1"/>
<Cov CovItemId="S3" Value="1"/>
</CovPrefix>
</CovList>
<AssgnmntList>
<AssgnmntPrefix RootTermCovItemPrefix="com.OriginalFiles.Analyze.java">
<AssgnmntListEntry Length="1" RootTermCovItemId="C49">
<MapEntry BoolAssgnmnt="0" Value="10"/>
<MapEntry BoolAssgnmnt="1" Value="6"/>
</AssgnmntListEntry>
<AssgnmntListEntry Length="1" RootTermCovItemId="C50">
<MapEntry BoolAssgnmnt="0" Value="4"/>
<MapEntry BoolAssgnmnt="1" Value="2"/>
</AssgnmntListEntry>
<AssgnmntListEntry Length="1" RootTermCovItemId="C51">
<MapEntry BoolAssgnmnt="1" Value="2"/>
</AssgnmntListEntry>
<AssgnmntListEntry Length="1" RootTermCovItemId="C52">
<MapEntry BoolAssgnmnt="1" Value="4"/>
</AssgnmntListEntry>
<AssgnmntListEntry Length="1" RootTermCovItemId="C64">
<MapEntry BoolAssgnmnt="1" Value="1"/>
</AssgnmntListEntry>
<AssgnmntListEntry Length="6" RootTermCovItemId="C66">
<MapEntry BoolAssgnmnt="111111" Value="1"/>
</AssgnmntListEntry>
<AssgnmntListEntry Length="1" RootTermCovItemId="C70">
<MapEntry BoolAssgnmnt="0" Value="22"/>
<MapEntry BoolAssgnmnt="1" Value="682"/>
</AssgnmntListEntry>
<AssgnmntListEntry Length="1" RootTermCovItemId="C71">
<MapEntry BoolAssgnmnt="0" Value="11"/>
<MapEntry BoolAssgnmnt="1" Value="11"/>
</AssgnmntListEntry>
<AssgnmntListEntry Length="1" RootTermCovItemId="C72">
<MapEntry BoolAssgnmnt="1" Value="11"/>
</AssgnmntListEntry>
<AssgnmntListEntry Length="1" RootTermCovItemId="C73">
<MapEntry BoolAssgnmnt="0" Value="11"/>
<MapEntry BoolAssgnmnt="1" Value="11"/>
</AssgnmntListEntry>
<AssgnmntListEntry Length="1" RootTermCovItemId="C74">
<MapEntry BoolAssgnmnt="1" Value="11"/>
</AssgnmntListEntry>
<AssgnmntListEntry Length="3" RootTermCovItemId="C75">
<MapEntry BoolAssgnmnt="012" Value="4"/>
<MapEntry BoolAssgnmnt="001" Value="7"/>
</AssgnmntListEntry>
<AssgnmntListEntry Length="3" RootTermCovItemId="C76">
<MapEntry BoolAssgnmnt="011" Value="4"/>
<MapEntry BoolAssgnmnt="002" Value="7"/>
</AssgnmntListEntry>
<AssgnmntListEntry Length="2" RootTermCovItemId="C77">
<MapEntry BoolAssgnmnt="11" Value="11"/>
</AssgnmntListEntry>
<AssgnmntListEntry Length="2" RootTermCovItemId="C78">
<MapEntry BoolAssgnmnt="10" Value="2"/>
<MapEntry BoolAssgnmnt="11" Value="9"/>
</AssgnmntListEntry>
<AssgnmntListEntry Length="2" RootTermCovItemId="C79">
<MapEntry BoolAssgnmnt="01" Value="2"/>
<MapEntry BoolAssgnmnt="00" Value="3"/>
<MapEntry BoolAssgnmnt="12" Value="4"/>
</AssgnmntListEntry>
<AssgnmntListEntry Length="2" RootTermCovItemId="C80">
<MapEntry BoolAssgnmnt="02" Value="6"/>
</AssgnmntListEntry>
<AssgnmntListEntry Length="2" RootTermCovItemId="C81">
<MapEntry BoolAssgnmnt="00" Value="6"/>
</AssgnmntListEntry>
<AssgnmntListEntry Length="8" RootTermCovItemId="C90">
<MapEntry BoolAssgnmnt="02020202" Value="10"/>
<MapEntry BoolAssgnmnt="02020211" Value="4"/>
<MapEntry BoolAssgnmnt="02112222" Value="4"/>
</AssgnmntListEntry>
</AssgnmntPrefix>
<AssgnmntPrefix RootTermCovItemPrefix="com.OriginalFiles.Board.java">
<AssgnmntListEntry Length="1" RootTermCovItemId="C1">
<MapEntry BoolAssgnmnt="0" Value="1"/>
<MapEntry BoolAssgnmnt="1" Value="8"/>
</AssgnmntListEntry>
<AssgnmntListEntry Length="1" RootTermCovItemId="C10">
<MapEntry BoolAssgnmnt="0" Value="1"/>
<MapEntry BoolAssgnmnt="1" Value="3"/>
</AssgnmntListEntry>
<AssgnmntListEntry Length="1" RootTermCovItemId="C11">
<MapEntry BoolAssgnmnt="0" Value="3"/>
<MapEntry BoolAssgnmnt="1" Value="24"/>
</AssgnmntListEntry>
<AssgnmntListEntry Length="1" RootTermCovItemId="C12">
<MapEntry BoolAssgnmnt="0" Value="1"/>
<MapEntry BoolAssgnmnt="1" Value="2"/>
</AssgnmntListEntry>
<AssgnmntListEntry Length="1" RootTermCovItemId="C13">
<MapEntry BoolAssgnmnt="0" Value="2"/>
<MapEntry BoolAssgnmnt="1" Value="16"/>
</AssgnmntListEntry>
<AssgnmntListEntry Length="1" RootTermCovItemId="C2">
<MapEntry BoolAssgnmnt="0" Value="8"/>
<MapEntry BoolAssgnmnt="1" Value="64"/>
</AssgnmntListEntry>
<AssgnmntListEntry Length="1" RootTermCovItemId="C26">
<MapEntry BoolAssgnmnt="0" Value="16"/>
</AssgnmntListEntry>
<AssgnmntListEntry Length="1" RootTermCovItemId="C27">
<MapEntry BoolAssgnmnt="0" Value="8"/>
<MapEntry BoolAssgnmnt="1" Value="8"/>
</AssgnmntListEntry>
<AssgnmntListEntry Length="2" RootTermCovItemId="C28">
<MapEntry BoolAssgnmnt="10" Value="6"/>
<MapEntry BoolAssgnmnt="02" Value="8"/>
<MapEntry BoolAssgnmnt="11" Value="2"/>
</AssgnmntListEntry>
<AssgnmntListEntry Length="1" RootTermCovItemId="C29">
<MapEntry BoolAssgnmnt="1" Value="16"/>
</AssgnmntListEntry>
<AssgnmntListEntry Length="1" RootTermCovItemId="C3">
<MapEntry BoolAssgnmnt="0" Value="32"/>
<MapEntry BoolAssgnmnt="1" Value="32"/>
</AssgnmntListEntry>
<AssgnmntListEntry Length="1" RootTermCovItemId="C31">
<MapEntry BoolAssgnmnt="0" Value="46"/>
<MapEntry BoolAssgnmnt="1" Value="72"/>
</AssgnmntListEntry>
<AssgnmntListEntry Length="1" RootTermCovItemId="C32">
<MapEntry BoolAssgnmnt="0" Value="30"/>
</AssgnmntListEntry>
<AssgnmntListEntry Length="1" RootTermCovItemId="C33">
<MapEntry BoolAssgnmnt="0" Value="11"/>
<MapEntry BoolAssgnmnt="1" Value="23"/>
</AssgnmntListEntry>
<AssgnmntListEntry Length="1" RootTermCovItemId="C34">
<MapEntry BoolAssgnmnt="0" Value="11"/>
<MapEntry BoolAssgnmnt="1" Value="23"/>
</AssgnmntListEntry>
<AssgnmntListEntry Length="1" RootTermCovItemId="C35">
<MapEntry BoolAssgnmnt="0" Value="9"/>
<MapEntry BoolAssgnmnt="1" Value="25"/>
</AssgnmntListEntry>
<AssgnmntListEntry Length="1" RootTermCovItemId="C36">
<MapEntry BoolAssgnmnt="0" Value="25"/>
</AssgnmntListEntry>
<AssgnmntListEntry Length="1" RootTermCovItemId="C37">
<MapEntry BoolAssgnmnt="0" Value="25"/>
</AssgnmntListEntry>
<AssgnmntListEntry Length="5" RootTermCovItemId="C38">
<MapEntry BoolAssgnmnt="02002" Value="30"/>
<MapEntry BoolAssgnmnt="10122" Value="30"/>
<MapEntry BoolAssgnmnt="11221" Value="28"/>
<MapEntry BoolAssgnmnt="11220" Value="2"/>
<MapEntry BoolAssgnmnt="02010" Value="10"/>
<MapEntry BoolAssgnmnt="02011" Value="20"/>
</AssgnmntListEntry>
<AssgnmntListEntry Length="1" RootTermCovItemId="C39">
<MapEntry BoolAssgnmnt="0" Value="70"/>
<MapEntry BoolAssgnmnt="1" Value="38"/>
</AssgnmntListEntry>
<AssgnmntListEntry Length="1" RootTermCovItemId="C4">
<MapEntry BoolAssgnmnt="0" Value="20"/>
<MapEntry BoolAssgnmnt="1" Value="12"/>
</AssgnmntListEntry>
<AssgnmntListEntry Length="1" RootTermCovItemId="C40">
<MapEntry BoolAssgnmnt="0" Value="38"/>
</AssgnmntListEntry>
<AssgnmntListEntry Length="2" RootTermCovItemId="C41">
<MapEntry BoolAssgnmnt="02" Value="38"/>
</AssgnmntListEntry>
<AssgnmntListEntry Length="1" RootTermCovItemId="C42">
<MapEntry BoolAssgnmnt="0" Value="480"/>
<MapEntry BoolAssgnmnt="1" Value="480"/>
</AssgnmntListEntry>
<AssgnmntListEntry Length="1" RootTermCovItemId="C43">
<MapEntry BoolAssgnmnt="0" Value="450"/>
<MapEntry BoolAssgnmnt="1" Value="30"/>
</AssgnmntListEntry>
<AssgnmntListEntry Length="1" RootTermCovItemId="C44">
<MapEntry BoolAssgnmnt="0" Value="15"/>
<MapEntry BoolAssgnmnt="1" Value="15"/>
</AssgnmntListEntry>
<AssgnmntListEntry Length="1" RootTermCovItemId="C45">
<MapEntry BoolAssgnmnt="1" Value="1"/>
</AssgnmntListEntry>
<AssgnmntListEntry Length="1" RootTermCovItemId="C5">
<MapEntry BoolAssgnmnt="0" Value="8"/>
<MapEntry BoolAssgnmnt="1" Value="4"/>
</AssgnmntListEntry>
<AssgnmntListEntry Length="1" RootTermCovItemId="C53">
<MapEntry BoolAssgnmnt="1" Value="1134"/>
</AssgnmntListEntry>
<AssgnmntListEntry Length="1" RootTermCovItemId="C54">
<MapEntry BoolAssgnmnt="0" Value="176"/>
<MapEntry BoolAssgnmnt="1" Value="958"/>
</AssgnmntListEntry>
<AssgnmntListEntry Length="3" RootTermCovItemId="C55">
<MapEntry BoolAssgnmnt="011" Value="47"/>
<MapEntry BoolAssgnmnt="010" Value="28"/>
<MapEntry BoolAssgnmnt="002" Value="118"/>
<MapEntry BoolAssgnmnt="120" Value="34"/>
<MapEntry BoolAssgnmnt="121" Value="21"/>
</AssgnmntListEntry>
<AssgnmntListEntry Length="3" RootTermCovItemId="C56">
<MapEntry BoolAssgnmnt="011" Value="23"/>
<MapEntry BoolAssgnmnt="010" Value="20"/>
<MapEntry BoolAssgnmnt="002" Value="68"/>
<MapEntry BoolAssgnmnt="120" Value="42"/>
<MapEntry BoolAssgnmnt="121" Value="33"/>
</AssgnmntListEntry>
<AssgnmntListEntry Length="1" RootTermCovItemId="C6">
<MapEntry BoolAssgnmnt="0" Value="20"/>
<MapEntry BoolAssgnmnt="1" Value="12"/>
</AssgnmntListEntry>
<AssgnmntListEntry Length="1" RootTermCovItemId="C7">
<MapEntry BoolAssgnmnt="0" Value="8"/>
<MapEntry BoolAssgnmnt="1" Value="4"/>
</AssgnmntListEntry>
<AssgnmntListEntry Length="1" RootTermCovItemId="C8">
<MapEntry BoolAssgnmnt="0" Value="1"/>
<MapEntry BoolAssgnmnt="1" Value="8"/>
</AssgnmntListEntry>
<AssgnmntListEntry Length="1" RootTermCovItemId="C9">
<MapEntry BoolAssgnmnt="0" Value="1"/>
<MapEntry BoolAssgnmnt="1" Value="8"/>
</AssgnmntListEntry>
</AssgnmntPrefix>
<AssgnmntPrefix RootTermCovItemPrefix="com.OriginalFiles.Field.java">
<AssgnmntListEntry Length="1" RootTermCovItemId="C1">
<MapEntry BoolAssgnmnt="0" Value="58"/>
<MapEntry BoolAssgnmnt="1" Value="8"/>
</AssgnmntListEntry>
</AssgnmntPrefix>
<AssgnmntPrefix RootTermCovItemPrefix="com.OriginalFiles.MI.java">
<AssgnmntListEntry Length="1" RootTermCovItemId="C1">
<MapEntry BoolAssgnmnt="0" Value="26"/>
<MapEntry BoolAssgnmnt="1" Value="102"/>
</AssgnmntListEntry>
<AssgnmntListEntry Length="1" RootTermCovItemId="C10">
<MapEntry BoolAssgnmnt="0" Value="5"/>
</AssgnmntListEntry>
<AssgnmntListEntry Length="1" RootTermCovItemId="C11">
<MapEntry BoolAssgnmnt="0" Value="9"/>
<MapEntry BoolAssgnmnt="1" Value="8"/>
</AssgnmntListEntry>
<AssgnmntListEntry Length="1" RootTermCovItemId="C12">
<MapEntry BoolAssgnmnt="1" Value="8"/>
</AssgnmntListEntry>
<AssgnmntListEntry Length="1" RootTermCovItemId="C13">
<MapEntry BoolAssgnmnt="0" Value="8"/>
<MapEntry BoolAssgnmnt="1" Value="8"/>
</AssgnmntListEntry>
<AssgnmntListEntry Length="1" RootTermCovItemId="C14">
<MapEntry BoolAssgnmnt="0" Value="8"/>
</AssgnmntListEntry>
<AssgnmntListEntry Length="1" RootTermCovItemId="C16">
<MapEntry BoolAssgnmnt="1" Value="8"/>
</AssgnmntListEntry>
<AssgnmntListEntry Length="1" RootTermCovItemId="C17">
<MapEntry BoolAssgnmnt="0" Value="8"/>
<MapEntry BoolAssgnmnt="1" Value="8"/>
</AssgnmntListEntry>
<AssgnmntListEntry Length="1" RootTermCovItemId="C18">
<MapEntry BoolAssgnmnt="0" Value="8"/>
</AssgnmntListEntry>
<AssgnmntListEntry Length="2" RootTermCovItemId="C19">
<MapEntry BoolAssgnmnt="10" Value="6"/>
<MapEntry BoolAssgnmnt="11" Value="2"/>
</AssgnmntListEntry>
<AssgnmntListEntry Length="1" RootTermCovItemId="C2">
<MapEntry BoolAssgnmnt="0" Value="13"/>
<MapEntry BoolAssgnmnt="1" Value="13"/>
</AssgnmntListEntry>
<AssgnmntListEntry Length="1" RootTermCovItemId="C20">
<MapEntry BoolAssgnmnt="0" Value="2"/>
<MapEntry BoolAssgnmnt="1" Value="4"/>
</AssgnmntListEntry>
<AssgnmntListEntry Length="1" RootTermCovItemId="C21">
<MapEntry BoolAssgnmnt="1" Value="2"/>
</AssgnmntListEntry>
<AssgnmntListEntry Length="1" RootTermCovItemId="C22">
<MapEntry BoolAssgnmnt="0" Value="8"/>
</AssgnmntListEntry>
<AssgnmntListEntry Length="1" RootTermCovItemId="C24">
<MapEntry BoolAssgnmnt="0" Value="8"/>
<MapEntry BoolAssgnmnt="1" Value="248"/>
</AssgnmntListEntry>
<AssgnmntListEntry Length="2" RootTermCovItemId="C25">
<MapEntry BoolAssgnmnt="10" Value="4"/>
<MapEntry BoolAssgnmnt="11" Value="4"/>
</AssgnmntListEntry>
<AssgnmntListEntry Length="1" RootTermCovItemId="C26">
<MapEntry BoolAssgnmnt="0" Value="4"/>
</AssgnmntListEntry>
<AssgnmntListEntry Length="1" RootTermCovItemId="C28">
<MapEntry BoolAssgnmnt="0" Value="4"/>
</AssgnmntListEntry>
<AssgnmntListEntry Length="1" RootTermCovItemId="C29">
<MapEntry BoolAssgnmnt="0" Value="4"/>
</AssgnmntListEntry>
<AssgnmntListEntry Length="1" RootTermCovItemId="C3">
<MapEntry BoolAssgnmnt="0" Value="1"/>
</AssgnmntListEntry>
<AssgnmntListEntry Length="1" RootTermCovItemId="C4">
<MapEntry BoolAssgnmnt="1" Value="2"/>
</AssgnmntListEntry>
<AssgnmntListEntry Length="2" RootTermCovItemId="C6">
<MapEntry BoolAssgnmnt="01" Value="3"/>
<MapEntry BoolAssgnmnt="00" Value="3"/>
<MapEntry BoolAssgnmnt="12" Value="2"/>
</AssgnmntListEntry>
<AssgnmntListEntry Length="1" RootTermCovItemId="C7">
<MapEntry BoolAssgnmnt="0" Value="6"/>
</AssgnmntListEntry>
<AssgnmntListEntry Length="1" RootTermCovItemId="C8">
<MapEntry BoolAssgnmnt="0" Value="5"/>
<MapEntry BoolAssgnmnt="1" Value="5"/>
</AssgnmntListEntry>
<AssgnmntListEntry Length="1" RootTermCovItemId="C9">
<MapEntry BoolAssgnmnt="0" Value="5"/>
<MapEntry BoolAssgnmnt="1" Value="5"/>
</AssgnmntListEntry>
</AssgnmntPrefix>
<AssgnmntPrefix RootTermCovItemPrefix="com.OriginalFiles.Piece.java">
<AssgnmntListEntry Length="1" RootTermCovItemId="C1">
<MapEntry BoolAssgnmnt="0" Value="16"/>
<MapEntry BoolAssgnmnt="1" Value="52"/>
</AssgnmntListEntry>
<AssgnmntListEntry Length="2" RootTermCovItemId="C10">
<MapEntry BoolAssgnmnt="01" Value="38"/>
<MapEntry BoolAssgnmnt="12" Value="10"/>
</AssgnmntListEntry>
<AssgnmntListEntry Length="1" RootTermCovItemId="C11">
<MapEntry BoolAssgnmnt="0" Value="28"/>
<MapEntry BoolAssgnmnt="1" Value="249"/>
</AssgnmntListEntry>
<AssgnmntListEntry Length="1" RootTermCovItemId="C12">
<MapEntry BoolAssgnmnt="0" Value="239"/>
<MapEntry BoolAssgnmnt="1" Value="2242"/>
</AssgnmntListEntry>
<AssgnmntListEntry Length="1" RootTermCovItemId="C13">
<MapEntry BoolAssgnmnt="0" Value="1284"/>
<MapEntry BoolAssgnmnt="1" Value="958"/>
</AssgnmntListEntry>
<AssgnmntListEntry Length="1" RootTermCovItemId="C14">
<MapEntry BoolAssgnmnt="0" Value="948"/>
<MapEntry BoolAssgnmnt="1" Value="10"/>
</AssgnmntListEntry>
<AssgnmntListEntry Length="2" RootTermCovItemId="C2">
<MapEntry BoolAssgnmnt="01" Value="2"/>
<MapEntry BoolAssgnmnt="12" Value="8"/>
</AssgnmntListEntry>
<AssgnmntListEntry Length="1" RootTermCovItemId="C3">
<MapEntry BoolAssgnmnt="0" Value="20"/>
<MapEntry BoolAssgnmnt="1" Value="22"/>
</AssgnmntListEntry>
<AssgnmntListEntry Length="1" RootTermCovItemId="C4">
<MapEntry BoolAssgnmnt="0" Value="16"/>
<MapEntry BoolAssgnmnt="1" Value="52"/>
</AssgnmntListEntry>
<AssgnmntListEntry Length="1" RootTermCovItemId="C5">
<MapEntry BoolAssgnmnt="0" Value="10"/>
<MapEntry BoolAssgnmnt="1" Value="42"/>
</AssgnmntListEntry>
<AssgnmntListEntry Length="1" RootTermCovItemId="C6">
<MapEntry BoolAssgnmnt="0" Value="42"/>
<MapEntry BoolAssgnmnt="1" Value="10"/>
</AssgnmntListEntry>
<AssgnmntListEntry Length="5" RootTermCovItemId="C7">
<MapEntry BoolAssgnmnt="00210" Value="13"/>
<MapEntry BoolAssgnmnt="00211" Value="4"/>
<MapEntry BoolAssgnmnt="01002" Value="17"/>
<MapEntry BoolAssgnmnt="12222" Value="14"/>
<MapEntry BoolAssgnmnt="01122" Value="4"/>
</AssgnmntListEntry>
<AssgnmntListEntry Length="1" RootTermCovItemId="C8">
<MapEntry BoolAssgnmnt="1" Value="8"/>
</AssgnmntListEntry>
<AssgnmntListEntry Length="1" RootTermCovItemId="C9">
<MapEntry BoolAssgnmnt="0" Value="38"/>
<MapEntry BoolAssgnmnt="1" Value="14"/>
</AssgnmntListEntry>
</AssgnmntPrefix>
<AssgnmntPrefix RootTermCovItemPrefix="com.OriginalFiles.RemoteNXTFunctions.java">
<AssgnmntListEntry Length="1" RootTermCovItemId="C5">
<MapEntry BoolAssgnmnt="1" Value="1"/>
</AssgnmntListEntry>
<AssgnmntListEntry Length="2" RootTermCovItemId="C6">
<MapEntry BoolAssgnmnt="11" Value="1"/>
</AssgnmntListEntry>
</AssgnmntPrefix>
</AssgnmntList>
<ObjMetaDataList/>
<MetaDataList/>
</TestCase>
<TestCase Comment="" Date="1386061680996" Name="com.Testing.MiTest:testLookForBestMoveLoseGame">
<CovList>
<CovPrefix CovItemPrefix="com.OriginalFiles.Analyze.java">
<Cov CovItemId="B103" Value="1"/>
<Cov CovItemId="B107" Value="1"/>
<Cov CovItemId="B120" Value="8"/>
<Cov CovItemId="B121" Value="376"/>
<Cov CovItemId="B122" Value="6"/>
<Cov CovItemId="B123" Value="2"/>
<Cov CovItemId="B124" Value="6"/>
<Cov CovItemId="B126" Value="2"/>
<Cov CovItemId="B127" Value="6"/>
<Cov CovItemId="B128" Value="2"/>
<Cov CovItemId="B130" Value="4"/>
<Cov CovItemId="B131" Value="2"/>
<Cov CovItemId="B133" Value="2"/>
<Cov CovItemId="B134" Value="2"/>
<Cov CovItemId="B137" Value="2"/>
<Cov CovItemId="B66" Value="4"/>
<Cov CovItemId="B67" Value="1"/>
<Cov CovItemId="B68" Value="3"/>
<Cov CovItemId="B69" Value="1"/>
<Cov CovItemId="B70" Value="3"/>
<Cov CovItemId="B72" Value="4"/>
<Cov CovItemId="B73" Value="2"/>
<Cov CovItemId="B74" Value="2"/>
<Cov CovItemId="B84" Value="8"/>
<Cov CovItemId="L16-2" Value="6"/>
<Cov CovItemId="L17-2" Value="48"/>
<Cov CovItemId="L5-1" Value="4"/>
<Cov CovItemId="S1" Value="1"/>
<Cov CovItemId="S100" Value="4"/>
<Cov CovItemId="S101" Value="4"/>
<Cov CovItemId="S102" Value="4"/>
<Cov CovItemId="S103" Value="4"/>
<Cov CovItemId="S105" Value="4"/>
<Cov CovItemId="S106" Value="4"/>
<Cov CovItemId="S107" Value="1"/>
<Cov CovItemId="S108" Value="4"/>
<Cov CovItemId="S109" Value="4"/>
<Cov CovItemId="S110" Value="1"/>
<Cov CovItemId="S111" Value="4"/>
<Cov CovItemId="S112" Value="4"/>
<Cov CovItemId="S114" Value="4"/>
<Cov CovItemId="S115" Value="2"/>
<Cov CovItemId="S116" Value="4"/>
<Cov CovItemId="S117" Value="4"/>
<Cov CovItemId="S118" Value="4"/>
<Cov CovItemId="S150" Value="8"/>
<Cov CovItemId="S192" Value="1"/>
<Cov CovItemId="S193" Value="1"/>
<Cov CovItemId="S194" Value="1"/>
<Cov CovItemId="S2" Value="1"/>
<Cov CovItemId="S200" Value="1"/>
<Cov CovItemId="S201" Value="1"/>
<Cov CovItemId="S202" Value="1"/>
<Cov CovItemId="S203" Value="1"/>
<Cov CovItemId="S204" Value="1"/>
<Cov CovItemId="S205" Value="1"/>
<Cov CovItemId="S222" Value="6"/>
<Cov CovItemId="S223" Value="6"/>
<Cov CovItemId="S224" Value="6"/>
<Cov CovItemId="S225" Value="6"/>
<Cov CovItemId="S226" Value="6"/>
<Cov CovItemId="S227" Value="6"/>
<Cov CovItemId="S228" Value="48"/>
<Cov CovItemId="S229" Value="384"/>
<Cov CovItemId="S230" Value="8"/>
<Cov CovItemId="S231" Value="6"/>
<Cov CovItemId="S232" Value="6"/>
<Cov CovItemId="S233" Value="6"/>
<Cov CovItemId="S234" Value="8"/>
<Cov CovItemId="S235" Value="2"/>
<Cov CovItemId="S236" Value="2"/>
<Cov CovItemId="S237" Value="2"/>
<Cov CovItemId="S238" Value="6"/>
<Cov CovItemId="S239" Value="4"/>
<Cov CovItemId="S240" Value="2"/>
<Cov CovItemId="S242" Value="2"/>
<Cov CovItemId="S243" Value="2"/>
<Cov CovItemId="S251" Value="2"/>
<Cov CovItemId="S3" Value="1"/>
<Cov CovItemId="S4" Value="1"/>
<Cov CovItemId="S5" Value="1"/>
<Cov CovItemId="S6" Value="1"/>
</CovPrefix>
<CovPrefix CovItemPrefix="com.OriginalFiles.Board.java">
<Cov CovItemId="B1" Value="32"/>
<Cov CovItemId="B10" Value="8"/>
<Cov CovItemId="B2" Value="32"/>
<Cov CovItemId="B3" Value="12"/>
<Cov CovItemId="B31" Value="8"/>
<Cov CovItemId="B33" Value="4"/>
<Cov CovItemId="B34" Value="4"/>
<Cov CovItemId="B36" Value="8"/>
<Cov CovItemId="B37" Value="8"/>
<Cov CovItemId="B4" Value="20"/>
<Cov CovItemId="B41" Value="26"/>
<Cov CovItemId="B42" Value="2"/>
<Cov CovItemId="B43" Value="4"/>
<Cov CovItemId="B44" Value="10"/>
<Cov CovItemId="B45" Value="7"/>
<Cov CovItemId="B46" Value="4"/>
<Cov CovItemId="B47" Value="9"/>
<Cov CovItemId="B48" Value="2"/>
<Cov CovItemId="B5" Value="4"/>
<Cov CovItemId="B50" Value="11"/>
<Cov CovItemId="B55" Value="28"/>
<Cov CovItemId="B56" Value="34"/>
<Cov CovItemId="B57" Value="23"/>
<Cov CovItemId="B58" Value="11"/>
<Cov CovItemId="B59" Value="23"/>
<Cov CovItemId="B6" Value="8"/>
<Cov CovItemId="B61" Value="6"/>
<Cov CovItemId="B62" Value="17"/>
<Cov CovItemId="B63" Value="288"/>
<Cov CovItemId="B64" Value="288"/>
<Cov CovItemId="B65" Value="14"/>
<Cov CovItemId="B66" Value="274"/>
<Cov CovItemId="B67" Value="5"/>
<Cov CovItemId="B68" Value="9"/>
<Cov CovItemId="B69" Value="1"/>
<Cov CovItemId="B7" Value="12"/>
<Cov CovItemId="B79" Value="100"/>
<Cov CovItemId="B8" Value="20"/>
<Cov CovItemId="B81" Value="78"/>
<Cov CovItemId="B82" Value="22"/>
<Cov CovItemId="B83" Value="46"/>
<Cov CovItemId="B84" Value="105"/>
<Cov CovItemId="B85" Value="33"/>
<Cov CovItemId="B86" Value="72"/>
<Cov CovItemId="B9" Value="4"/>
<Cov CovItemId="L1-2" Value="1"/>
<Cov CovItemId="L10-2" Value="144"/>
<Cov CovItemId="L13-2" Value="9"/>
<Cov CovItemId="L14-2" Value="72"/>
<Cov CovItemId="L2-2" Value="8"/>
<Cov CovItemId="L3-2" Value="1"/>
<Cov CovItemId="L4-2" Value="1"/>
<Cov CovItemId="L5-2" Value="1"/>
<Cov CovItemId="L6-2" Value="3"/>
<Cov CovItemId="L7-2" Value="1"/>
<Cov CovItemId="L8-2" Value="2"/>
<Cov CovItemId="L9-2" Value="18"/>
<Cov CovItemId="S1" Value="1"/>
<Cov CovItemId="S10" Value="1"/>
<Cov CovItemId="S100" Value="4"/>
<Cov CovItemId="S101" Value="4"/>
<Cov CovItemId="S102" Value="8"/>
<Cov CovItemId="S104" Value="8"/>
<Cov CovItemId="S106" Value="8"/>
<Cov CovItemId="S107" Value="8"/>
<Cov CovItemId="S108" Value="8"/>
<Cov CovItemId="S109" Value="8"/>
<Cov CovItemId="S11" Value="8"/>
<Cov CovItemId="S115" Value="28"/>
<Cov CovItemId="S116" Value="26"/>
<Cov CovItemId="S117" Value="2"/>
<Cov CovItemId="S118" Value="14"/>
<Cov CovItemId="S119" Value="14"/>
<Cov CovItemId="S12" Value="64"/>
<Cov CovItemId="S120" Value="4"/>
<Cov CovItemId="S121" Value="10"/>
<Cov CovItemId="S122" Value="10"/>
<Cov CovItemId="S123" Value="11"/>
<Cov CovItemId="S124" Value="11"/>
<Cov CovItemId="S125" Value="7"/>
<Cov CovItemId="S126" Value="11"/>
<Cov CovItemId="S127" Value="9"/>
<Cov CovItemId="S128" Value="11"/>
<Cov CovItemId="S13" Value="64"/>
<Cov CovItemId="S133" Value="11"/>
<Cov CovItemId="S134" Value="14"/>
<Cov CovItemId="S135" Value="62"/>
<Cov CovItemId="S136" Value="28"/>
<Cov CovItemId="S137" Value="34"/>
<Cov CovItemId="S138" Value="23"/>
<Cov CovItemId="S139" Value="23"/>
<Cov CovItemId="S14" Value="64"/>
<Cov CovItemId="S140" Value="6"/>
<Cov CovItemId="S141" Value="28"/>
<Cov CovItemId="S142" Value="46"/>
<Cov CovItemId="S143" Value="9"/>
<Cov CovItemId="S144" Value="9"/>
<Cov CovItemId="S145" Value="72"/>
<Cov CovItemId="S146" Value="576"/>
<Cov CovItemId="S147" Value="288"/>
<Cov CovItemId="S148" Value="14"/>
<Cov CovItemId="S149" Value="5"/>
<Cov CovItemId="S15" Value="64"/>
<Cov CovItemId="S150" Value="9"/>
<Cov CovItemId="S151" Value="9"/>
<Cov CovItemId="S152" Value="1"/>
<Cov CovItemId="S153" Value="1"/>
<Cov CovItemId="S154" Value="1"/>
<Cov CovItemId="S16" Value="32"/>
<Cov CovItemId="S17" Value="32"/>
<Cov CovItemId="S176" Value="100"/>
<Cov CovItemId="S177" Value="100"/>
<Cov CovItemId="S178" Value="78"/>
<Cov CovItemId="S179" Value="22"/>
<Cov CovItemId="S18" Value="32"/>
<Cov CovItemId="S180" Value="151"/>
<Cov CovItemId="S181" Value="46"/>
<Cov CovItemId="S182" Value="105"/>
<Cov CovItemId="S183" Value="33"/>
<Cov CovItemId="S184" Value="72"/>
<Cov CovItemId="S185" Value="234"/>
<Cov CovItemId="S19" Value="12"/>
<Cov CovItemId="S2" Value="1"/>
<Cov CovItemId="S20" Value="12"/>
<Cov CovItemId="S21" Value="12"/>
<Cov CovItemId="S22" Value="4"/>
<Cov CovItemId="S23" Value="32"/>
<Cov CovItemId="S24" Value="12"/>
<Cov CovItemId="S25" Value="12"/>
<Cov CovItemId="S26" Value="12"/>
<Cov CovItemId="S27" Value="4"/>
<Cov CovItemId="S28" Value="32"/>
<Cov CovItemId="S29" Value="32"/>
<Cov CovItemId="S3" Value="1"/>
<Cov CovItemId="S30" Value="64"/>
<Cov CovItemId="S31" Value="1"/>
<Cov CovItemId="S32" Value="8"/>
<Cov CovItemId="S33" Value="8"/>
<Cov CovItemId="S34" Value="8"/>
<Cov CovItemId="S35" Value="8"/>
<Cov CovItemId="S36" Value="8"/>
<Cov CovItemId="S37" Value="8"/>
<Cov CovItemId="S38" Value="8"/>
<Cov CovItemId="S39" Value="8"/>
<Cov CovItemId="S4" Value="1"/>
<Cov CovItemId="S40" Value="1"/>
<Cov CovItemId="S41" Value="8"/>
<Cov CovItemId="S42" Value="8"/>
<Cov CovItemId="S43" Value="8"/>
<Cov CovItemId="S44" Value="8"/>
<Cov CovItemId="S45" Value="8"/>
<Cov CovItemId="S46" Value="8"/>
<Cov CovItemId="S47" Value="8"/>
<Cov CovItemId="S48" Value="8"/>
<Cov CovItemId="S49" Value="1"/>
<Cov CovItemId="S5" Value="1"/>
<Cov CovItemId="S50" Value="3"/>
<Cov CovItemId="S51" Value="24"/>
<Cov CovItemId="S52" Value="24"/>
<Cov CovItemId="S53" Value="24"/>
<Cov CovItemId="S54" Value="24"/>
<Cov CovItemId="S55" Value="1"/>
<Cov CovItemId="S56" Value="2"/>
<Cov CovItemId="S57" Value="16"/>
<Cov CovItemId="S58" Value="16"/>
<Cov CovItemId="S59" Value="16"/>
<Cov CovItemId="S6" Value="1"/>
<Cov CovItemId="S60" Value="16"/>
<Cov CovItemId="S61" Value="18"/>
<Cov CovItemId="S62" Value="144"/>
<Cov CovItemId="S63" Value="1152"/>
<Cov CovItemId="S7" Value="1"/>
<Cov CovItemId="S8" Value="1"/>
<Cov CovItemId="S9" Value="1"/>
<Cov CovItemId="S98" Value="8"/>
<Cov CovItemId="S99" Value="8"/>
</CovPrefix>
<CovPrefix CovItemPrefix="com.OriginalFiles.Field.java">
<Cov CovItemId="B1" Value="52"/>
<Cov CovItemId="B2" Value="10"/>
<Cov CovItemId="S1" Value="121"/>
<Cov CovItemId="S13" Value="72"/>
<Cov CovItemId="S2" Value="121"/>
<Cov CovItemId="S3" Value="1"/>
<Cov CovItemId="S4" Value="1"/>
<Cov CovItemId="S5" Value="62"/>
<Cov CovItemId="S6" Value="62"/>
<Cov CovItemId="S7" Value="52"/>
<Cov CovItemId="S8" Value="506"/>
<Cov CovItemId="S9" Value="904"/>
</CovPrefix>
<CovPrefix CovItemPrefix="com.OriginalFiles.MI.java">
<Cov CovItemId="B1" Value="26"/>
<Cov CovItemId="B11" Value="2"/>
<Cov CovItemId="B12" Value="2"/>
<Cov CovItemId="B13" Value="1"/>
<Cov CovItemId="B14" Value="1"/>
<Cov CovItemId="B15" Value="2"/>
<Cov CovItemId="B2" Value="102"/>
<Cov CovItemId="B20" Value="2"/>
<Cov CovItemId="B21" Value="6"/>
<Cov CovItemId="B23" Value="4"/>
<Cov CovItemId="B25" Value="2"/>
<Cov CovItemId="B26" Value="2"/>
<Cov CovItemId="B28" Value="2"/>
<Cov CovItemId="B29" Value="4"/>
<Cov CovItemId="B3" Value="13"/>
<Cov CovItemId="B31" Value="4"/>
<Cov CovItemId="B34" Value="4"/>
<Cov CovItemId="B4" Value="13"/>
<Cov CovItemId="B40" Value="2"/>
<Cov CovItemId="B41" Value="6"/>
<Cov CovItemId="B42" Value="186"/>
<Cov CovItemId="B43" Value="3"/>
<Cov CovItemId="B44" Value="3"/>
<Cov CovItemId="B45" Value="2"/>
<Cov CovItemId="B46" Value="1"/>
<Cov CovItemId="B47" Value="2"/>
<Cov CovItemId="B49" Value="1"/>
<Cov CovItemId="B51" Value="2"/>
<Cov CovItemId="B52" Value="1"/>
<Cov CovItemId="B6" Value="1"/>
<Cov CovItemId="B7" Value="1"/>
<Cov CovItemId="B8" Value="1"/>
<Cov CovItemId="B9" Value="1"/>
<Cov CovItemId="L1-2" Value="2"/>
<Cov CovItemId="L10-2" Value="3"/>
<Cov CovItemId="L11-2" Value="24"/>
<Cov CovItemId="L12-1" Value="2"/>
<Cov CovItemId="L13-2" Value="1"/>
<Cov CovItemId="L2-2" Value="16"/>
<Cov CovItemId="L3-2" Value="1"/>
<Cov CovItemId="L4-1" Value="2"/>
<Cov CovItemId="L5-0" Value="2"/>
<Cov CovItemId="L6-1" Value="2"/>
<Cov CovItemId="L7-1" Value="4"/>
<Cov CovItemId="L8-1" Value="4"/>
<Cov CovItemId="L9-0" Value="2"/>
<Cov CovItemId="L9-1" Value="2"/>
<Cov CovItemId="S1" Value="1"/>
<Cov CovItemId="S10" Value="16"/>
<Cov CovItemId="S103" Value="4"/>
<Cov CovItemId="S104" Value="4"/>
<Cov CovItemId="S105" Value="4"/>
<Cov CovItemId="S106" Value="2"/>
<Cov CovItemId="S107" Value="2"/>
<Cov CovItemId="S109" Value="2"/>
<Cov CovItemId="S11" Value="128"/>
<Cov CovItemId="S110" Value="2"/>
<Cov CovItemId="S111" Value="3"/>
<Cov CovItemId="S112" Value="3"/>
<Cov CovItemId="S113" Value="3"/>
<Cov CovItemId="S114" Value="3"/>
<Cov CovItemId="S115" Value="24"/>
<Cov CovItemId="S116" Value="192"/>
<Cov CovItemId="S117" Value="6"/>
<Cov CovItemId="S118" Value="3"/>
<Cov CovItemId="S119" Value="2"/>
<Cov CovItemId="S12" Value="26"/>
<Cov CovItemId="S120" Value="2"/>
<Cov CovItemId="S121" Value="2"/>
<Cov CovItemId="S122" Value="2"/>
<Cov CovItemId="S123" Value="1"/>
<Cov CovItemId="S124" Value="1"/>
<Cov CovItemId="S125" Value="1"/>
<Cov CovItemId="S126" Value="2"/>
<Cov CovItemId="S127" Value="2"/>
<Cov CovItemId="S128" Value="3"/>
<Cov CovItemId="S129" Value="2"/>
<Cov CovItemId="S13" Value="13"/>
<Cov CovItemId="S130" Value="1"/>
<Cov CovItemId="S14" Value="13"/>
<Cov CovItemId="S15" Value="1"/>
<Cov CovItemId="S16" Value="1"/>
<Cov CovItemId="S17" Value="1"/>
<Cov CovItemId="S18" Value="1"/>
<Cov CovItemId="S19" Value="1"/>
<Cov CovItemId="S2" Value="1"/>
<Cov CovItemId="S21" Value="1"/>
<Cov CovItemId="S22" Value="2"/>
<Cov CovItemId="S23" Value="2"/>
<Cov CovItemId="S24" Value="2"/>
<Cov CovItemId="S25" Value="2"/>
<Cov CovItemId="S26" Value="1"/>
<Cov CovItemId="S27" Value="1"/>
<Cov CovItemId="S28" Value="1"/>
<Cov CovItemId="S29" Value="1"/>
<Cov CovItemId="S3" Value="1"/>
<Cov CovItemId="S30" Value="1"/>
<Cov CovItemId="S31" Value="1"/>
<Cov CovItemId="S32" Value="4"/>
<Cov CovItemId="S33" Value="2"/>
<Cov CovItemId="S34" Value="2"/>
<Cov CovItemId="S35" Value="2"/>
<Cov CovItemId="S36" Value="2"/>
<Cov CovItemId="S37" Value="2"/>
<Cov CovItemId="S38" Value="2"/>
<Cov CovItemId="S39" Value="2"/>
<Cov CovItemId="S4" Value="1"/>
<Cov CovItemId="S40" Value="2"/>
<Cov CovItemId="S41" Value="2"/>
<Cov CovItemId="S42" Value="2"/>
<Cov CovItemId="S43" Value="1"/>
<Cov CovItemId="S44" Value="2"/>
<Cov CovItemId="S45" Value="1"/>
<Cov CovItemId="S46" Value="1"/>
<Cov CovItemId="S47" Value="1"/>
<Cov CovItemId="S48" Value="1"/>
<Cov CovItemId="S49" Value="1"/>
<Cov CovItemId="S5" Value="1"/>
<Cov CovItemId="S50" Value="1"/>
<Cov CovItemId="S51" Value="1"/>
<Cov CovItemId="S52" Value="2"/>
<Cov CovItemId="S53" Value="2"/>
<Cov CovItemId="S54" Value="2"/>
<Cov CovItemId="S56" Value="2"/>
<Cov CovItemId="S57" Value="2"/>
<Cov CovItemId="S58" Value="2"/>
<Cov CovItemId="S59" Value="2"/>
<Cov CovItemId="S6" Value="1"/>
<Cov CovItemId="S60" Value="2"/>
<Cov CovItemId="S61" Value="2"/>
<Cov CovItemId="S68" Value="2"/>
<Cov CovItemId="S69" Value="2"/>
<Cov CovItemId="S7" Value="2"/>
<Cov CovItemId="S71" Value="2"/>
<Cov CovItemId="S72" Value="6"/>
<Cov CovItemId="S73" Value="6"/>
<Cov CovItemId="S75" Value="4"/>
<Cov CovItemId="S76" Value="4"/>
<Cov CovItemId="S77" Value="4"/>
<Cov CovItemId="S78" Value="4"/>
<Cov CovItemId="S79" Value="4"/>
<Cov CovItemId="S8" Value="2"/>
<Cov CovItemId="S80" Value="4"/>
<Cov CovItemId="S81" Value="2"/>
<Cov CovItemId="S82" Value="2"/>
<Cov CovItemId="S84" Value="2"/>
<Cov CovItemId="S85" Value="2"/>
<Cov CovItemId="S86" Value="2"/>
<Cov CovItemId="S87" Value="4"/>
<Cov CovItemId="S88" Value="4"/>
<Cov CovItemId="S89" Value="4"/>
<Cov CovItemId="S9" Value="2"/>
<Cov CovItemId="S90" Value="4"/>
<Cov CovItemId="S91" Value="4"/>
<Cov CovItemId="S92" Value="4"/>
<Cov CovItemId="S93" Value="4"/>
<Cov CovItemId="S94" Value="4"/>
<Cov CovItemId="S95" Value="4"/>
<Cov CovItemId="S96" Value="4"/>
<Cov CovItemId="S97" Value="4"/>
</CovPrefix>
<CovPrefix CovItemPrefix="com.OriginalFiles.Move.java">
<Cov CovItemId="S1" Value="4"/>
<Cov CovItemId="S2" Value="4"/>
<Cov CovItemId="S3" Value="2"/>
<Cov CovItemId="S4" Value="2"/>
<Cov CovItemId="S5" Value="2"/>
<Cov CovItemId="S6" Value="2"/>
<Cov CovItemId="S7" Value="2"/>
<Cov CovItemId="S8" Value="2"/>
<Cov CovItemId="S9" Value="2"/>
</CovPrefix>
<CovPrefix CovItemPrefix="com.OriginalFiles.Piece.java">
<Cov CovItemId="B1" Value="38"/>
<Cov CovItemId="B10" Value="2"/>
<Cov CovItemId="B11" Value="2"/>
<Cov CovItemId="B12" Value="36"/>
<Cov CovItemId="B13" Value="11"/>
<Cov CovItemId="B14" Value="27"/>
<Cov CovItemId="B15" Value="11"/>
<Cov CovItemId="B18" Value="38"/>
<Cov CovItemId="B19" Value="7"/>
<Cov CovItemId="B2" Value="16"/>
<Cov CovItemId="B20" Value="3"/>
<Cov CovItemId="B21" Value="2"/>
<Cov CovItemId="B22" Value="5"/>
<Cov CovItemId="B3" Value="2"/>
<Cov CovItemId="B5" Value="23"/>
<Cov CovItemId="B6" Value="13"/>
<Cov CovItemId="B7" Value="38"/>
<Cov CovItemId="B8" Value="16"/>
<Cov CovItemId="B9" Value="36"/>
<Cov CovItemId="L1-1" Value="2"/>
<Cov CovItemId="L2-2" Value="2"/>
<Cov CovItemId="L3-2" Value="4"/>
<Cov CovItemId="S1" Value="40"/>
<Cov CovItemId="S10" Value="40"/>
<Cov CovItemId="S11" Value="40"/>
<Cov CovItemId="S12" Value="40"/>
<Cov CovItemId="S13" Value="40"/>
<Cov CovItemId="S14" Value="40"/>
<Cov CovItemId="S15" Value="2"/>
<Cov CovItemId="S16" Value="2"/>
<Cov CovItemId="S17" Value="52"/>
<Cov CovItemId="S18" Value="52"/>
<Cov CovItemId="S19" Value="52"/>
<Cov CovItemId="S2" Value="40"/>
<Cov CovItemId="S20" Value="54"/>
<Cov CovItemId="S21" Value="38"/>
<Cov CovItemId="S22" Value="16"/>
<Cov CovItemId="S23" Value="16"/>
<Cov CovItemId="S24" Value="2"/>
<Cov CovItemId="S25" Value="2"/>
<Cov CovItemId="S26" Value="2"/>
<Cov CovItemId="S27" Value="36"/>
<Cov CovItemId="S28" Value="23"/>
<Cov CovItemId="S29" Value="13"/>
<Cov CovItemId="S3" Value="40"/>
<Cov CovItemId="S30" Value="52"/>
<Cov CovItemId="S31" Value="54"/>
<Cov CovItemId="S32" Value="38"/>
<Cov CovItemId="S33" Value="38"/>
<Cov CovItemId="S34" Value="38"/>
<Cov CovItemId="S35" Value="36"/>
<Cov CovItemId="S36" Value="38"/>
<Cov CovItemId="S37" Value="2"/>
<Cov CovItemId="S38" Value="38"/>
<Cov CovItemId="S39" Value="11"/>
<Cov CovItemId="S4" Value="40"/>
<Cov CovItemId="S40" Value="11"/>
<Cov CovItemId="S41" Value="11"/>
<Cov CovItemId="S42" Value="38"/>
<Cov CovItemId="S44" Value="38"/>
<Cov CovItemId="S45" Value="2"/>
<Cov CovItemId="S46" Value="2"/>
<Cov CovItemId="S47" Value="2"/>
<Cov CovItemId="S48" Value="2"/>
<Cov CovItemId="S49" Value="2"/>
<Cov CovItemId="S5" Value="40"/>
<Cov CovItemId="S50" Value="4"/>
<Cov CovItemId="S51" Value="10"/>
<Cov CovItemId="S52" Value="7"/>
<Cov CovItemId="S53" Value="2"/>
<Cov CovItemId="S54" Value="2"/>
<Cov CovItemId="S55" Value="2"/>
<Cov CovItemId="S6" Value="40"/>
<Cov CovItemId="S7" Value="40"/>
<Cov CovItemId="S8" Value="40"/>
<Cov CovItemId="S9" Value="40"/>
</CovPrefix>
<CovPrefix CovItemPrefix="com.OriginalFiles.RemoteNXTFunctions.java">
<Cov CovItemId="B5" Value="1"/>
<Cov CovItemId="B7" Value="1"/>
<Cov CovItemId="S1" Value="1"/>
<Cov CovItemId="S162" Value="1"/>
<Cov CovItemId="S19" Value="1"/>
<Cov CovItemId="S2" Value="1"/>
<Cov CovItemId="S20" Value="1"/>
<Cov CovItemId="S21" Value="1"/>
<Cov CovItemId="S22" Value="1"/>
<Cov CovItemId="S3" Value="1"/>
</CovPrefix>
</CovList>
<AssgnmntList>
<AssgnmntPrefix RootTermCovItemPrefix="com.OriginalFiles.Analyze.java">
<AssgnmntListEntry Length="1" RootTermCovItemId="C34">
<MapEntry BoolAssgnmnt="0" Value="4"/>
</AssgnmntListEntry>
<AssgnmntListEntry Length="1" RootTermCovItemId="C35">
<MapEntry BoolAssgnmnt="0" Value="3"/>
<MapEntry BoolAssgnmnt="1" Value="1"/>
</AssgnmntListEntry>
<AssgnmntListEntry Length="1" RootTermCovItemId="C36">
<MapEntry BoolAssgnmnt="0" Value="3"/>
<MapEntry BoolAssgnmnt="1" Value="1"/>
</AssgnmntListEntry>
<AssgnmntListEntry Length="1" RootTermCovItemId="C37">
<MapEntry BoolAssgnmnt="0" Value="4"/>
</AssgnmntListEntry>
<AssgnmntListEntry Length="1" RootTermCovItemId="C38">
<MapEntry BoolAssgnmnt="0" Value="2"/>
<MapEntry BoolAssgnmnt="1" Value="2"/>
</AssgnmntListEntry>
<AssgnmntListEntry Length="1" RootTermCovItemId="C39">
<MapEntry BoolAssgnmnt="0" Value="4"/>
<MapEntry BoolAssgnmnt="1" Value="4"/>
</AssgnmntListEntry>
<AssgnmntListEntry Length="1" RootTermCovItemId="C49">
<MapEntry BoolAssgnmnt="0" Value="8"/>
</AssgnmntListEntry>
<AssgnmntListEntry Length="1" RootTermCovItemId="C64">
<MapEntry BoolAssgnmnt="1" Value="1"/>
</AssgnmntListEntry>
<AssgnmntListEntry Length="6" RootTermCovItemId="C66">
<MapEntry BoolAssgnmnt="111111" Value="1"/>
</AssgnmntListEntry>
<AssgnmntListEntry Length="1" RootTermCovItemId="C70">
<MapEntry BoolAssgnmnt="0" Value="8"/>
<MapEntry BoolAssgnmnt="1" Value="376"/>
</AssgnmntListEntry>
<AssgnmntListEntry Length="1" RootTermCovItemId="C71">
<MapEntry BoolAssgnmnt="0" Value="2"/>
<MapEntry BoolAssgnmnt="1" Value="6"/>
</AssgnmntListEntry>
<AssgnmntListEntry Length="1" RootTermCovItemId="C72">
<MapEntry BoolAssgnmnt="1" Value="6"/>
</AssgnmntListEntry>
<AssgnmntListEntry Length="1" RootTermCovItemId="C73">
<MapEntry BoolAssgnmnt="0" Value="6"/>
<MapEntry BoolAssgnmnt="1" Value="2"/>
</AssgnmntListEntry>
<AssgnmntListEntry Length="1" RootTermCovItemId="C74">
<MapEntry BoolAssgnmnt="1" Value="2"/>
</AssgnmntListEntry>
<AssgnmntListEntry Length="3" RootTermCovItemId="C75">
<MapEntry BoolAssgnmnt="012" Value="2"/>
<MapEntry BoolAssgnmnt="122" Value="4"/>
</AssgnmntListEntry>
<AssgnmntListEntry Length="3" RootTermCovItemId="C76">
<MapEntry BoolAssgnmnt="011" Value="2"/>
</AssgnmntListEntry>
<AssgnmntListEntry Length="2" RootTermCovItemId="C77">
<MapEntry BoolAssgnmnt="11" Value="2"/>
</AssgnmntListEntry>
<AssgnmntListEntry Length="2" RootTermCovItemId="C78">
<MapEntry BoolAssgnmnt="02" Value="2"/>
</AssgnmntListEntry>
</AssgnmntPrefix>
<AssgnmntPrefix RootTermCovItemPrefix="com.OriginalFiles.Board.java">
<AssgnmntListEntry Length="1" RootTermCovItemId="C1">
<MapEntry BoolAssgnmnt="0" Value="1"/>
<MapEntry BoolAssgnmnt="1" Value="8"/>
</AssgnmntListEntry>
<AssgnmntListEntry Length="1" RootTermCovItemId="C10">
<MapEntry BoolAssgnmnt="0" Value="1"/>
<MapEntry BoolAssgnmnt="1" Value="3"/>
</AssgnmntListEntry>
<AssgnmntListEntry Length="1" RootTermCovItemId="C11">
<MapEntry BoolAssgnmnt="0" Value="3"/>
<MapEntry BoolAssgnmnt="1" Value="24"/>
</AssgnmntListEntry>
<AssgnmntListEntry Length="1" RootTermCovItemId="C12">
<MapEntry BoolAssgnmnt="0" Value="1"/>
<MapEntry BoolAssgnmnt="1" Value="2"/>
</AssgnmntListEntry>
<AssgnmntListEntry Length="1" RootTermCovItemId="C13">
<MapEntry BoolAssgnmnt="0" Value="2"/>
<MapEntry BoolAssgnmnt="1" Value="16"/>
</AssgnmntListEntry>
<AssgnmntListEntry Length="1" RootTermCovItemId="C2">
<MapEntry BoolAssgnmnt="0" Value="8"/>
<MapEntry BoolAssgnmnt="1" Value="64"/>
</AssgnmntListEntry>
<AssgnmntListEntry Length="1" RootTermCovItemId="C26">
<MapEntry BoolAssgnmnt="0" Value="8"/>
</AssgnmntListEntry>
<AssgnmntListEntry Length="1" RootTermCovItemId="C27">
<MapEntry BoolAssgnmnt="0" Value="4"/>
<MapEntry BoolAssgnmnt="1" Value="4"/>
</AssgnmntListEntry>
<AssgnmntListEntry Length="2" RootTermCovItemId="C28">
<MapEntry BoolAssgnmnt="02" Value="8"/>
</AssgnmntListEntry>
<AssgnmntListEntry Length="1" RootTermCovItemId="C29">
<MapEntry BoolAssgnmnt="1" Value="8"/>
</AssgnmntListEntry>
<AssgnmntListEntry Length="1" RootTermCovItemId="C3">
<MapEntry BoolAssgnmnt="0" Value="32"/>
<MapEntry BoolAssgnmnt="1" Value="32"/>
</AssgnmntListEntry>
<AssgnmntListEntry Length="1" RootTermCovItemId="C31">
<MapEntry BoolAssgnmnt="0" Value="2"/>
<MapEntry BoolAssgnmnt="1" Value="26"/>
</AssgnmntListEntry>
<AssgnmntListEntry Length="1" RootTermCovItemId="C32">
<MapEntry BoolAssgnmnt="0" Value="10"/>
<MapEntry BoolAssgnmnt="1" Value="4"/>
</AssgnmntListEntry>
<AssgnmntListEntry Length="1" RootTermCovItemId="C33">
<MapEntry BoolAssgnmnt="0" Value="7"/>
<MapEntry BoolAssgnmnt="1" Value="4"/>
</AssgnmntListEntry>
<AssgnmntListEntry Length="1" RootTermCovItemId="C34">
<MapEntry BoolAssgnmnt="0" Value="9"/>
<MapEntry BoolAssgnmnt="1" Value="2"/>
</AssgnmntListEntry>
<AssgnmntListEntry Length="1" RootTermCovItemId="C35">
<MapEntry BoolAssgnmnt="0" Value="11"/>
</AssgnmntListEntry>
<AssgnmntListEntry Length="5" RootTermCovItemId="C38">
<MapEntry BoolAssgnmnt="02002" Value="24"/>
<MapEntry BoolAssgnmnt="10122" Value="10"/>
<MapEntry BoolAssgnmnt="11220" Value="10"/>
<MapEntry BoolAssgnmnt="02010" Value="18"/>
</AssgnmntListEntry>
<AssgnmntListEntry Length="1" RootTermCovItemId="C39">
<MapEntry BoolAssgnmnt="0" Value="11"/>
<MapEntry BoolAssgnmnt="1" Value="23"/>
</AssgnmntListEntry>
<AssgnmntListEntry Length="1" RootTermCovItemId="C4">
<MapEntry BoolAssgnmnt="0" Value="20"/>
<MapEntry BoolAssgnmnt="1" Value="12"/>
</AssgnmntListEntry>
<AssgnmntListEntry Length="1" RootTermCovItemId="C40">
<MapEntry BoolAssgnmnt="0" Value="23"/>
</AssgnmntListEntry>
<AssgnmntListEntry Length="2" RootTermCovItemId="C41">
<MapEntry BoolAssgnmnt="10" Value="6"/>
<MapEntry BoolAssgnmnt="02" Value="17"/>
</AssgnmntListEntry>
<AssgnmntListEntry Length="1" RootTermCovItemId="C42">
<MapEntry BoolAssgnmnt="0" Value="288"/>
<MapEntry BoolAssgnmnt="1" Value="288"/>
</AssgnmntListEntry>
<AssgnmntListEntry Length="1" RootTermCovItemId="C43">
<MapEntry BoolAssgnmnt="0" Value="274"/>
<MapEntry BoolAssgnmnt="1" Value="14"/>
</AssgnmntListEntry>
<AssgnmntListEntry Length="1" RootTermCovItemId="C44">
<MapEntry BoolAssgnmnt="0" Value="9"/>
<MapEntry BoolAssgnmnt="1" Value="5"/>
</AssgnmntListEntry>
<AssgnmntListEntry Length="1" RootTermCovItemId="C45">
<MapEntry BoolAssgnmnt="1" Value="1"/>
</AssgnmntListEntry>
<AssgnmntListEntry Length="1" RootTermCovItemId="C5">
<MapEntry BoolAssgnmnt="0" Value="8"/>
<MapEntry BoolAssgnmnt="1" Value="4"/>
</AssgnmntListEntry>
<AssgnmntListEntry Length="1" RootTermCovItemId="C53">
<MapEntry BoolAssgnmnt="1" Value="100"/>
</AssgnmntListEntry>
<AssgnmntListEntry Length="1" RootTermCovItemId="C54">
<MapEntry BoolAssgnmnt="0" Value="78"/>
<MapEntry BoolAssgnmnt="1" Value="22"/>
</AssgnmntListEntry>
<AssgnmntListEntry Length="3" RootTermCovItemId="C55">
<MapEntry BoolAssgnmnt="002" Value="74"/>
<MapEntry BoolAssgnmnt="120" Value="46"/>
<MapEntry BoolAssgnmnt="121" Value="31"/>
</AssgnmntListEntry>
<AssgnmntListEntry Length="3" RootTermCovItemId="C56">
<MapEntry BoolAssgnmnt="002" Value="31"/>
<MapEntry BoolAssgnmnt="120" Value="41"/>
<MapEntry BoolAssgnmnt="121" Value="33"/>
</AssgnmntListEntry>
<AssgnmntListEntry Length="1" RootTermCovItemId="C6">
<MapEntry BoolAssgnmnt="0" Value="20"/>
<MapEntry BoolAssgnmnt="1" Value="12"/>
</AssgnmntListEntry>
<AssgnmntListEntry Length="1" RootTermCovItemId="C7">
<MapEntry BoolAssgnmnt="0" Value="8"/>
<MapEntry BoolAssgnmnt="1" Value="4"/>
</AssgnmntListEntry>
<AssgnmntListEntry Length="1" RootTermCovItemId="C8">
<MapEntry BoolAssgnmnt="0" Value="1"/>
<MapEntry BoolAssgnmnt="1" Value="8"/>
</AssgnmntListEntry>
<AssgnmntListEntry Length="1" RootTermCovItemId="C9">
<MapEntry BoolAssgnmnt="0" Value="1"/>
<MapEntry BoolAssgnmnt="1" Value="8"/>
</AssgnmntListEntry>
</AssgnmntPrefix>
<AssgnmntPrefix RootTermCovItemPrefix="com.OriginalFiles.Field.java">
<AssgnmntListEntry Length="1" RootTermCovItemId="C1">
<MapEntry BoolAssgnmnt="0" Value="52"/>
<MapEntry BoolAssgnmnt="1" Value="10"/>
</AssgnmntListEntry>
</AssgnmntPrefix>
<AssgnmntPrefix RootTermCovItemPrefix="com.OriginalFiles.MI.java">
<AssgnmntListEntry Length="1" RootTermCovItemId="C1">
<MapEntry BoolAssgnmnt="0" Value="26"/>
<MapEntry BoolAssgnmnt="1" Value="102"/>
</AssgnmntListEntry>
<AssgnmntListEntry Length="1" RootTermCovItemId="C10">
<MapEntry BoolAssgnmnt="0" Value="2"/>
</AssgnmntListEntry>
<AssgnmntListEntry Length="1" RootTermCovItemId="C11">
<MapEntry BoolAssgnmnt="1" Value="6"/>
</AssgnmntListEntry>
<AssgnmntListEntry Length="1" RootTermCovItemId="C12">
<MapEntry BoolAssgnmnt="1" Value="4"/>
</AssgnmntListEntry>
<AssgnmntListEntry Length="1" RootTermCovItemId="C13">
<MapEntry BoolAssgnmnt="0" Value="4"/>
<MapEntry BoolAssgnmnt="1" Value="4"/>
</AssgnmntListEntry>
<AssgnmntListEntry Length="1" RootTermCovItemId="C14">
<MapEntry BoolAssgnmnt="0" Value="2"/>
<MapEntry BoolAssgnmnt="1" Value="2"/>
</AssgnmntListEntry>
<AssgnmntListEntry Length="1" RootTermCovItemId="C15">
<MapEntry BoolAssgnmnt="0" Value="2"/>
</AssgnmntListEntry>
<AssgnmntListEntry Length="1" RootTermCovItemId="C16">
<MapEntry BoolAssgnmnt="1" Value="4"/>
</AssgnmntListEntry>
<AssgnmntListEntry Length="1" RootTermCovItemId="C17">
<MapEntry BoolAssgnmnt="0" Value="4"/>
<MapEntry BoolAssgnmnt="1" Value="4"/>
</AssgnmntListEntry>
<AssgnmntListEntry Length="1" RootTermCovItemId="C18">
<MapEntry BoolAssgnmnt="0" Value="4"/>
</AssgnmntListEntry>
<AssgnmntListEntry Length="2" RootTermCovItemId="C19">
<MapEntry BoolAssgnmnt="02" Value="4"/>
</AssgnmntListEntry>
<AssgnmntListEntry Length="1" RootTermCovItemId="C2">
<MapEntry BoolAssgnmnt="0" Value="13"/>
<MapEntry BoolAssgnmnt="1" Value="13"/>
</AssgnmntListEntry>
<AssgnmntListEntry Length="1" RootTermCovItemId="C22">
<MapEntry BoolAssgnmnt="0" Value="4"/>
<MapEntry BoolAssgnmnt="1" Value="2"/>
</AssgnmntListEntry>
<AssgnmntListEntry Length="1" RootTermCovItemId="C23">
<MapEntry BoolAssgnmnt="0" Value="2"/>
</AssgnmntListEntry>
<AssgnmntListEntry Length="1" RootTermCovItemId="C24">
<MapEntry BoolAssgnmnt="0" Value="6"/>
<MapEntry BoolAssgnmnt="1" Value="186"/>
</AssgnmntListEntry>
<AssgnmntListEntry Length="2" RootTermCovItemId="C25">
<MapEntry BoolAssgnmnt="10" Value="3"/>
<MapEntry BoolAssgnmnt="11" Value="3"/>
</AssgnmntListEntry>
<AssgnmntListEntry Length="1" RootTermCovItemId="C26">
<MapEntry BoolAssgnmnt="0" Value="1"/>
<MapEntry BoolAssgnmnt="1" Value="2"/>
</AssgnmntListEntry>
<AssgnmntListEntry Length="1" RootTermCovItemId="C27">
<MapEntry BoolAssgnmnt="1" Value="2"/>
</AssgnmntListEntry>
<AssgnmntListEntry Length="1" RootTermCovItemId="C28">
<MapEntry BoolAssgnmnt="0" Value="1"/>
</AssgnmntListEntry>
<AssgnmntListEntry Length="1" RootTermCovItemId="C29">
<MapEntry BoolAssgnmnt="0" Value="1"/>
<MapEntry BoolAssgnmnt="1" Value="2"/>
</AssgnmntListEntry>
<AssgnmntListEntry Length="1" RootTermCovItemId="C3">
<MapEntry BoolAssgnmnt="0" Value="1"/>
</AssgnmntListEntry>
<AssgnmntListEntry Length="1" RootTermCovItemId="C4">
<MapEntry BoolAssgnmnt="0" Value="1"/>
<MapEntry BoolAssgnmnt="1" Value="1"/>
</AssgnmntListEntry>
<AssgnmntListEntry Length="1" RootTermCovItemId="C5">
<MapEntry BoolAssgnmnt="1" Value="1"/>
</AssgnmntListEntry>
<AssgnmntListEntry Length="2" RootTermCovItemId="C6">
<MapEntry BoolAssgnmnt="01" Value="2"/>
<MapEntry BoolAssgnmnt="00" Value="2"/>
</AssgnmntListEntry>
<AssgnmntListEntry Length="1" RootTermCovItemId="C7">
<MapEntry BoolAssgnmnt="0" Value="1"/>
<MapEntry BoolAssgnmnt="1" Value="1"/>
</AssgnmntListEntry>
<AssgnmntListEntry Length="1" RootTermCovItemId="C8">
<MapEntry BoolAssgnmnt="0" Value="2"/>
</AssgnmntListEntry>
<AssgnmntListEntry Length="1" RootTermCovItemId="C9">
<MapEntry BoolAssgnmnt="0" Value="2"/>
<MapEntry BoolAssgnmnt="1" Value="2"/>
</AssgnmntListEntry>
</AssgnmntPrefix>
<AssgnmntPrefix RootTermCovItemPrefix="com.OriginalFiles.Piece.java">
<AssgnmntListEntry Length="1" RootTermCovItemId="C1">
<MapEntry BoolAssgnmnt="0" Value="16"/>
<MapEntry BoolAssgnmnt="1" Value="38"/>
</AssgnmntListEntry>
<AssgnmntListEntry Length="2" RootTermCovItemId="C10">
<MapEntry BoolAssgnmnt="01" Value="2"/>
<MapEntry BoolAssgnmnt="12" Value="2"/>
</AssgnmntListEntry>
<AssgnmntListEntry Length="1" RootTermCovItemId="C11">
<MapEntry BoolAssgnmnt="1" Value="4"/>
</AssgnmntListEntry>
<AssgnmntListEntry Length="1" RootTermCovItemId="C12">
<MapEntry BoolAssgnmnt="0" Value="2"/>
<MapEntry BoolAssgnmnt="1" Value="10"/>
</AssgnmntListEntry>
<AssgnmntListEntry Length="1" RootTermCovItemId="C13">
<MapEntry BoolAssgnmnt="0" Value="3"/>
<MapEntry BoolAssgnmnt="1" Value="7"/>
</AssgnmntListEntry>
<AssgnmntListEntry Length="1" RootTermCovItemId="C14">
<MapEntry BoolAssgnmnt="0" Value="5"/>
<MapEntry BoolAssgnmnt="1" Value="2"/>
</AssgnmntListEntry>
<AssgnmntListEntry Length="2" RootTermCovItemId="C2">
<MapEntry BoolAssgnmnt="12" Value="2"/>
</AssgnmntListEntry>
<AssgnmntListEntry Length="1" RootTermCovItemId="C3">
<MapEntry BoolAssgnmnt="0" Value="13"/>
<MapEntry BoolAssgnmnt="1" Value="23"/>
</AssgnmntListEntry>
<AssgnmntListEntry Length="1" RootTermCovItemId="C4">
<MapEntry BoolAssgnmnt="0" Value="16"/>
<MapEntry BoolAssgnmnt="1" Value="38"/>
</AssgnmntListEntry>
<AssgnmntListEntry Length="1" RootTermCovItemId="C5">
<MapEntry BoolAssgnmnt="0" Value="2"/>
<MapEntry BoolAssgnmnt="1" Value="36"/>
</AssgnmntListEntry>
<AssgnmntListEntry Length="1" RootTermCovItemId="C6">
<MapEntry BoolAssgnmnt="0" Value="36"/>
<MapEntry BoolAssgnmnt="1" Value="2"/>
</AssgnmntListEntry>
<AssgnmntListEntry Length="5" RootTermCovItemId="C7">
<MapEntry BoolAssgnmnt="00210" Value="15"/>
<MapEntry BoolAssgnmnt="00211" Value="4"/>
<MapEntry BoolAssgnmnt="01002" Value="12"/>
<MapEntry BoolAssgnmnt="01122" Value="7"/>
</AssgnmntListEntry>
<AssgnmntListEntry Length="1" RootTermCovItemId="C8">
<MapEntry BoolAssgnmnt="1" Value="11"/>
</AssgnmntListEntry>
<AssgnmntListEntry Length="1" RootTermCovItemId="C9">
<MapEntry BoolAssgnmnt="0" Value="38"/>
</AssgnmntListEntry>
</AssgnmntPrefix>
<AssgnmntPrefix RootTermCovItemPrefix="com.OriginalFiles.RemoteNXTFunctions.java">
<AssgnmntListEntry Length="1" RootTermCovItemId="C5">
<MapEntry BoolAssgnmnt="1" Value="1"/>
</AssgnmntListEntry>
<AssgnmntListEntry Length="2" RootTermCovItemId="C6">
<MapEntry BoolAssgnmnt="11" Value="1"/>
</AssgnmntListEntry>
</AssgnmntPrefix>
</AssgnmntList>
<ObjMetaDataList/>
<MetaDataList/>
</TestCase>
<TestCase Comment="" Date="1386061680998" Name="com.Testing.MiTest:testLookForBestMoveDrawGame">
<CovList>
<CovPrefix CovItemPrefix="com.OriginalFiles.Analyze.java">
<Cov CovItemId="B103" Value="1"/>
<Cov CovItemId="B107" Value="1"/>
<Cov CovItemId="B120" Value="12"/>
<Cov CovItemId="B121" Value="372"/>
<Cov CovItemId="B122" Value="6"/>
<Cov CovItemId="B123" Value="6"/>
<Cov CovItemId="B124" Value="6"/>
<Cov CovItemId="B126" Value="6"/>
<Cov CovItemId="B127" Value="6"/>
<Cov CovItemId="B128" Value="6"/>
<Cov CovItemId="B131" Value="6"/>
<Cov CovItemId="B133" Value="6"/>
<Cov CovItemId="B134" Value="6"/>
<Cov CovItemId="B136" Value="6"/>
<Cov CovItemId="B138" Value="6"/>
<Cov CovItemId="B140" Value="6"/>
<Cov CovItemId="B156" Value="6"/>
<Cov CovItemId="B157" Value="6"/>
<Cov CovItemId="B84" Value="6"/>
<Cov CovItemId="L16-2" Value="6"/>
<Cov CovItemId="L17-2" Value="48"/>
<Cov CovItemId="S1" Value="1"/>
<Cov CovItemId="S150" Value="6"/>
<Cov CovItemId="S192" Value="1"/>
<Cov CovItemId="S193" Value="1"/>
<Cov CovItemId="S194" Value="1"/>
<Cov CovItemId="S2" Value="1"/>
<Cov CovItemId="S200" Value="1"/>
<Cov CovItemId="S201" Value="1"/>
<Cov CovItemId="S202" Value="1"/>
<Cov CovItemId="S203" Value="1"/>
<Cov CovItemId="S204" Value="1"/>
<Cov CovItemId="S205" Value="1"/>
<Cov CovItemId="S222" Value="6"/>
<Cov CovItemId="S223" Value="6"/>
<Cov CovItemId="S224" Value="6"/>
<Cov CovItemId="S225" Value="6"/>
<Cov CovItemId="S226" Value="6"/>
<Cov CovItemId="S227" Value="6"/>
<Cov CovItemId="S228" Value="48"/>
<Cov CovItemId="S229" Value="384"/>
<Cov CovItemId="S230" Value="12"/>
<Cov CovItemId="S231" Value="6"/>
<Cov CovItemId="S232" Value="6"/>
<Cov CovItemId="S233" Value="6"/>
<Cov CovItemId="S234" Value="12"/>
<Cov CovItemId="S235" Value="6"/>
<Cov CovItemId="S236" Value="6"/>
<Cov CovItemId="S237" Value="6"/>
<Cov CovItemId="S238" Value="6"/>
<Cov CovItemId="S240" Value="6"/>
<Cov CovItemId="S242" Value="6"/>
<Cov CovItemId="S243" Value="6"/>
<Cov CovItemId="S244" Value="6"/>
<Cov CovItemId="S245" Value="6"/>
<Cov CovItemId="S246" Value="6"/>
<Cov CovItemId="S247" Value="6"/>
<Cov CovItemId="S248" Value="6"/>
<Cov CovItemId="S268" Value="12"/>
<Cov CovItemId="S269" Value="6"/>
<Cov CovItemId="S270" Value="6"/>
<Cov CovItemId="S3" Value="1"/>
<Cov CovItemId="S4" Value="1"/>
<Cov CovItemId="S5" Value="1"/>
<Cov CovItemId="S6" Value="1"/>
</CovPrefix>
<CovPrefix CovItemPrefix="com.OriginalFiles.Board.java">
<Cov CovItemId="B1" Value="32"/>
<Cov CovItemId="B10" Value="8"/>
<Cov CovItemId="B2" Value="32"/>
<Cov CovItemId="B3" Value="12"/>
<Cov CovItemId="B31" Value="6"/>
<Cov CovItemId="B34" Value="6"/>
<Cov CovItemId="B36" Value="6"/>
<Cov CovItemId="B37" Value="6"/>
<Cov CovItemId="B4" Value="20"/>
<Cov CovItemId="B41" Value="41"/>
<Cov CovItemId="B42" Value="16"/>
<Cov CovItemId="B43" Value="1"/>
<Cov CovItemId="B44" Value="13"/>
<Cov CovItemId="B45" Value="6"/>
<Cov CovItemId="B46" Value="8"/>
<Cov CovItemId="B47" Value="14"/>
<Cov CovItemId="B49" Value="14"/>
<Cov CovItemId="B5" Value="4"/>
<Cov CovItemId="B51" Value="4"/>
<Cov CovItemId="B52" Value="10"/>
<Cov CovItemId="B53" Value="14"/>
<Cov CovItemId="B56" Value="55"/>
<Cov CovItemId="B57" Value="25"/>
<Cov CovItemId="B58" Value="30"/>
<Cov CovItemId="B59" Value="25"/>
<Cov CovItemId="B6" Value="8"/>
<Cov CovItemId="B61" Value="1"/>
<Cov CovItemId="B62" Value="24"/>
<Cov CovItemId="B63" Value="224"/>
<Cov CovItemId="B64" Value="224"/>
<Cov CovItemId="B65" Value="14"/>
<Cov CovItemId="B66" Value="210"/>
<Cov CovItemId="B67" Value="7"/>
<Cov CovItemId="B68" Value="7"/>
<Cov CovItemId="B69" Value="1"/>
<Cov CovItemId="B7" Value="12"/>
<Cov CovItemId="B79" Value="131"/>
<Cov CovItemId="B8" Value="20"/>
<Cov CovItemId="B81" Value="82"/>
<Cov CovItemId="B82" Value="49"/>
<Cov CovItemId="B83" Value="40"/>
<Cov CovItemId="B84" Value="86"/>
<Cov CovItemId="B85" Value="24"/>
<Cov CovItemId="B86" Value="62"/>
<Cov CovItemId="B9" Value="4"/>
<Cov CovItemId="L1-2" Value="1"/>
<Cov CovItemId="L10-2" Value="112"/>
<Cov CovItemId="L13-2" Value="7"/>
<Cov CovItemId="L14-2" Value="56"/>
<Cov CovItemId="L2-2" Value="8"/>
<Cov CovItemId="L3-2" Value="1"/>
<Cov CovItemId="L4-2" Value="1"/>
<Cov CovItemId="L5-2" Value="1"/>
<Cov CovItemId="L6-2" Value="3"/>
<Cov CovItemId="L7-2" Value="1"/>
<Cov CovItemId="L8-2" Value="2"/>
<Cov CovItemId="L9-2" Value="14"/>
<Cov CovItemId="S1" Value="1"/>
<Cov CovItemId="S10" Value="1"/>
<Cov CovItemId="S101" Value="6"/>
<Cov CovItemId="S102" Value="6"/>
<Cov CovItemId="S104" Value="6"/>
<Cov CovItemId="S106" Value="6"/>
<Cov CovItemId="S107" Value="6"/>
<Cov CovItemId="S108" Value="6"/>
<Cov CovItemId="S109" Value="6"/>
<Cov CovItemId="S11" Value="8"/>
<Cov CovItemId="S115" Value="57"/>
<Cov CovItemId="S116" Value="41"/>
<Cov CovItemId="S117" Value="16"/>
<Cov CovItemId="S118" Value="14"/>
<Cov CovItemId="S119" Value="14"/>
<Cov CovItemId="S12" Value="64"/>
<Cov CovItemId="S120" Value="1"/>
<Cov CovItemId="S121" Value="13"/>
<Cov CovItemId="S122" Value="13"/>
<Cov CovItemId="S123" Value="14"/>
<Cov CovItemId="S124" Value="14"/>
<Cov CovItemId="S125" Value="6"/>
<Cov CovItemId="S126" Value="14"/>
<Cov CovItemId="S127" Value="14"/>
<Cov CovItemId="S128" Value="14"/>
<Cov CovItemId="S129" Value="14"/>
<Cov CovItemId="S13" Value="64"/>
<Cov CovItemId="S130" Value="4"/>
<Cov CovItemId="S131" Value="14"/>
<Cov CovItemId="S132" Value="14"/>
<Cov CovItemId="S133" Value="14"/>
<Cov CovItemId="S134" Value="14"/>
<Cov CovItemId="S135" Value="55"/>
<Cov CovItemId="S137" Value="55"/>
<Cov CovItemId="S138" Value="25"/>
<Cov CovItemId="S139" Value="25"/>
<Cov CovItemId="S14" Value="64"/>
<Cov CovItemId="S140" Value="1"/>
<Cov CovItemId="S141" Value="54"/>
<Cov CovItemId="S142" Value="55"/>
<Cov CovItemId="S143" Value="7"/>
<Cov CovItemId="S144" Value="7"/>
<Cov CovItemId="S145" Value="56"/>
<Cov CovItemId="S146" Value="448"/>
<Cov CovItemId="S147" Value="224"/>
<Cov CovItemId="S148" Value="14"/>
<Cov CovItemId="S149" Value="7"/>
<Cov CovItemId="S15" Value="64"/>
<Cov CovItemId="S150" Value="7"/>
<Cov CovItemId="S151" Value="7"/>
<Cov CovItemId="S152" Value="1"/>
<Cov CovItemId="S153" Value="1"/>
<Cov CovItemId="S154" Value="1"/>
<Cov CovItemId="S16" Value="32"/>
<Cov CovItemId="S17" Value="32"/>
<Cov CovItemId="S176" Value="131"/>
<Cov CovItemId="S177" Value="131"/>
<Cov CovItemId="S178" Value="82"/>
<Cov CovItemId="S179" Value="49"/>
<Cov CovItemId="S18" Value="32"/>
<Cov CovItemId="S180" Value="126"/>
<Cov CovItemId="S181" Value="40"/>
<Cov CovItemId="S182" Value="86"/>
<Cov CovItemId="S183" Value="24"/>
<Cov CovItemId="S184" Value="62"/>
<Cov CovItemId="S185" Value="360"/>
<Cov CovItemId="S19" Value="12"/>
<Cov CovItemId="S2" Value="1"/>
<Cov CovItemId="S20" Value="12"/>
<Cov CovItemId="S21" Value="12"/>
<Cov CovItemId="S22" Value="4"/>
<Cov CovItemId="S23" Value="32"/>
<Cov CovItemId="S24" Value="12"/>
<Cov CovItemId="S25" Value="12"/>
<Cov CovItemId="S26" Value="12"/>
<Cov CovItemId="S27" Value="4"/>
<Cov CovItemId="S28" Value="32"/>
<Cov CovItemId="S29" Value="32"/>
<Cov CovItemId="S3" Value="1"/>
<Cov CovItemId="S30" Value="64"/>
<Cov CovItemId="S31" Value="1"/>
<Cov CovItemId="S32" Value="8"/>
<Cov CovItemId="S33" Value="8"/>
<Cov CovItemId="S34" Value="8"/>
<Cov CovItemId="S35" Value="8"/>
<Cov CovItemId="S36" Value="8"/>
<Cov CovItemId="S37" Value="8"/>
<Cov CovItemId="S38" Value="8"/>
<Cov CovItemId="S39" Value="8"/>
<Cov CovItemId="S4" Value="1"/>
<Cov CovItemId="S40" Value="1"/>
<Cov CovItemId="S41" Value="8"/>
<Cov CovItemId="S42" Value="8"/>
<Cov CovItemId="S43" Value="8"/>
<Cov CovItemId="S44" Value="8"/>
<Cov CovItemId="S45" Value="8"/>
<Cov CovItemId="S46" Value="8"/>
<Cov CovItemId="S47" Value="8"/>
<Cov CovItemId="S48" Value="8"/>
<Cov CovItemId="S49" Value="1"/>
<Cov CovItemId="S5" Value="1"/>
<Cov CovItemId="S50" Value="3"/>
<Cov CovItemId="S51" Value="24"/>
<Cov CovItemId="S52" Value="24"/>
<Cov CovItemId="S53" Value="24"/>
<Cov CovItemId="S54" Value="24"/>
<Cov CovItemId="S55" Value="1"/>
<Cov CovItemId="S56" Value="2"/>
<Cov CovItemId="S57" Value="16"/>
<Cov CovItemId="S58" Value="16"/>
<Cov CovItemId="S59" Value="16"/>
<Cov CovItemId="S6" Value="1"/>
<Cov CovItemId="S60" Value="16"/>
<Cov CovItemId="S61" Value="14"/>
<Cov CovItemId="S62" Value="112"/>
<Cov CovItemId="S63" Value="896"/>
<Cov CovItemId="S7" Value="1"/>
<Cov CovItemId="S8" Value="1"/>
<Cov CovItemId="S9" Value="1"/>
<Cov CovItemId="S98" Value="6"/>
<Cov CovItemId="S99" Value="6"/>
</CovPrefix>
<CovPrefix CovItemPrefix="com.OriginalFiles.Field.java">
<Cov CovItemId="B1" Value="48"/>
<Cov CovItemId="B2" Value="8"/>
<Cov CovItemId="S1" Value="121"/>
<Cov CovItemId="S13" Value="70"/>
<Cov CovItemId="S2" Value="121"/>
<Cov CovItemId="S3" Value="1"/>
<Cov CovItemId="S4" Value="1"/>
<Cov CovItemId="S5" Value="56"/>
<Cov CovItemId="S6" Value="56"/>
<Cov CovItemId="S7" Value="48"/>
<Cov CovItemId="S8" Value="443"/>
<Cov CovItemId="S9" Value="813"/>
</CovPrefix>
<CovPrefix CovItemPrefix="com.OriginalFiles.MI.java">
<Cov CovItemId="B1" Value="26"/>
<Cov CovItemId="B11" Value="3"/>
<Cov CovItemId="B17" Value="3"/>
<Cov CovItemId="B2" Value="102"/>
<Cov CovItemId="B20" Value="3"/>
<Cov CovItemId="B22" Value="3"/>
<Cov CovItemId="B23" Value="3"/>
<Cov CovItemId="B26" Value="3"/>
<Cov CovItemId="B29" Value="3"/>
<Cov CovItemId="B3" Value="13"/>
<Cov CovItemId="B31" Value="3"/>
<Cov CovItemId="B34" Value="3"/>
<Cov CovItemId="B4" Value="13"/>
<Cov CovItemId="B41" Value="2"/>
<Cov CovItemId="B42" Value="62"/>
<Cov CovItemId="B43" Value="1"/>
<Cov CovItemId="B44" Value="1"/>
<Cov CovItemId="B46" Value="1"/>
<Cov CovItemId="B49" Value="1"/>
<Cov CovItemId="B52" Value="1"/>
<Cov CovItemId="B6" Value="1"/>
<Cov CovItemId="B7" Value="1"/>
<Cov CovItemId="B8" Value="2"/>
<Cov CovItemId="B9" Value="2"/>
<Cov CovItemId="L1-2" Value="2"/>
<Cov CovItemId="L10-2" Value="1"/>
<Cov CovItemId="L11-2" Value="8"/>
<Cov CovItemId="L13-2" Value="1"/>
<Cov CovItemId="L2-2" Value="16"/>
<Cov CovItemId="L3-2" Value="1"/>
<Cov CovItemId="L5-1" Value="3"/>
<Cov CovItemId="L6-1" Value="3"/>
<Cov CovItemId="L7-1" Value="3"/>
<Cov CovItemId="L8-1" Value="3"/>
<Cov CovItemId="L9-0" Value="3"/>
<Cov CovItemId="S1" Value="1"/>
<Cov CovItemId="S10" Value="16"/>
<Cov CovItemId="S103" Value="3"/>
<Cov CovItemId="S104" Value="3"/>
<Cov CovItemId="S105" Value="3"/>
<Cov CovItemId="S11" Value="128"/>
<Cov CovItemId="S111" Value="1"/>
<Cov CovItemId="S112" Value="1"/>
<Cov CovItemId="S113" Value="1"/>
<Cov CovItemId="S114" Value="1"/>
<Cov CovItemId="S115" Value="8"/>
<Cov CovItemId="S116" Value="64"/>
<Cov CovItemId="S117" Value="2"/>
<Cov CovItemId="S118" Value="1"/>
<Cov CovItemId="S12" Value="26"/>
<Cov CovItemId="S123" Value="1"/>
<Cov CovItemId="S124" Value="1"/>
<Cov CovItemId="S125" Value="1"/>
<Cov CovItemId="S126" Value="3"/>
<Cov CovItemId="S127" Value="3"/>
<Cov CovItemId="S128" Value="1"/>
<Cov CovItemId="S13" Value="13"/>
<Cov CovItemId="S130" Value="1"/>
<Cov CovItemId="S14" Value="13"/>
<Cov CovItemId="S15" Value="1"/>
<Cov CovItemId="S16" Value="1"/>
<Cov CovItemId="S17" Value="1"/>
<Cov CovItemId="S18" Value="1"/>
<Cov CovItemId="S19" Value="1"/>
<Cov CovItemId="S2" Value="1"/>
<Cov CovItemId="S21" Value="1"/>
<Cov CovItemId="S22" Value="3"/>
<Cov CovItemId="S23" Value="3"/>
<Cov CovItemId="S24" Value="3"/>
<Cov CovItemId="S25" Value="3"/>
<Cov CovItemId="S26" Value="1"/>
<Cov CovItemId="S27" Value="1"/>
<Cov CovItemId="S28" Value="1"/>
<Cov CovItemId="S29" Value="2"/>
<Cov CovItemId="S3" Value="1"/>
<Cov CovItemId="S30" Value="2"/>
<Cov CovItemId="S31" Value="1"/>
<Cov CovItemId="S32" Value="3"/>
<Cov CovItemId="S33" Value="3"/>
<Cov CovItemId="S4" Value="1"/>
<Cov CovItemId="S45" Value="1"/>
<Cov CovItemId="S46" Value="1"/>
<Cov CovItemId="S47" Value="1"/>
<Cov CovItemId="S48" Value="1"/>
<Cov CovItemId="S49" Value="1"/>
<Cov CovItemId="S5" Value="1"/>
<Cov CovItemId="S50" Value="1"/>
<Cov CovItemId="S51" Value="1"/>
<Cov CovItemId="S52" Value="3"/>
<Cov CovItemId="S53" Value="3"/>
<Cov CovItemId="S54" Value="3"/>
<Cov CovItemId="S55" Value="3"/>
<Cov CovItemId="S56" Value="3"/>
<Cov CovItemId="S57" Value="3"/>
<Cov CovItemId="S58" Value="3"/>
<Cov CovItemId="S59" Value="3"/>
<Cov CovItemId="S6" Value="1"/>
<Cov CovItemId="S64" Value="3"/>
<Cov CovItemId="S65" Value="3"/>
<Cov CovItemId="S68" Value="3"/>
<Cov CovItemId="S69" Value="3"/>
<Cov CovItemId="S7" Value="2"/>
<Cov CovItemId="S71" Value="3"/>
<Cov CovItemId="S72" Value="3"/>
<Cov CovItemId="S74" Value="3"/>
<Cov CovItemId="S75" Value="3"/>
<Cov CovItemId="S76" Value="3"/>
<Cov CovItemId="S77" Value="3"/>
<Cov CovItemId="S78" Value="3"/>
<Cov CovItemId="S79" Value="3"/>
<Cov CovItemId="S8" Value="2"/>
<Cov CovItemId="S80" Value="3"/>
<Cov CovItemId="S87" Value="3"/>
<Cov CovItemId="S88" Value="3"/>
<Cov CovItemId="S89" Value="3"/>
<Cov CovItemId="S9" Value="2"/>
<Cov CovItemId="S90" Value="3"/>
<Cov CovItemId="S91" Value="3"/>
<Cov CovItemId="S92" Value="3"/>
<Cov CovItemId="S93" Value="3"/>
<Cov CovItemId="S94" Value="3"/>
<Cov CovItemId="S95" Value="3"/>
<Cov CovItemId="S96" Value="3"/>
<Cov CovItemId="S97" Value="3"/>
</CovPrefix>
<CovPrefix CovItemPrefix="com.OriginalFiles.Move.java">
<Cov CovItemId="S1" Value="3"/>
<Cov CovItemId="S2" Value="3"/>
<Cov CovItemId="S3" Value="3"/>
<Cov CovItemId="S4" Value="3"/>
<Cov CovItemId="S5" Value="3"/>
<Cov CovItemId="S6" Value="3"/>
<Cov CovItemId="S7" Value="3"/>
</CovPrefix>
<CovPrefix CovItemPrefix="com.OriginalFiles.Piece.java">
<Cov CovItemId="B1" Value="38"/>
<Cov CovItemId="B10" Value="6"/>
<Cov CovItemId="B11" Value="6"/>
<Cov CovItemId="B12" Value="32"/>
<Cov CovItemId="B13" Value="8"/>
<Cov CovItemId="B14" Value="30"/>
<Cov CovItemId="B15" Value="8"/>
<Cov CovItemId="B17" Value="14"/>
<Cov CovItemId="B18" Value="24"/>
<Cov CovItemId="B19" Value="34"/>
<Cov CovItemId="B2" Value="16"/>
<Cov CovItemId="B20" Value="23"/>
<Cov CovItemId="B21" Value="6"/>
<Cov CovItemId="B22" Value="28"/>
<Cov CovItemId="B3" Value="6"/>
<Cov CovItemId="B5" Value="20"/>
<Cov CovItemId="B6" Value="12"/>
<Cov CovItemId="B7" Value="38"/>
<Cov CovItemId="B8" Value="16"/>
<Cov CovItemId="B9" Value="32"/>
<Cov CovItemId="L1-1" Value="3"/>
<Cov CovItemId="L1-2" Value="3"/>
<Cov CovItemId="L2-1" Value="2"/>
<Cov CovItemId="L2-2" Value="7"/>
<Cov CovItemId="L3-1" Value="2"/>
<Cov CovItemId="L3-2" Value="18"/>
<Cov CovItemId="S1" Value="40"/>
<Cov CovItemId="S10" Value="40"/>
<Cov CovItemId="S11" Value="40"/>
<Cov CovItemId="S12" Value="40"/>
<Cov CovItemId="S13" Value="40"/>
<Cov CovItemId="S14" Value="40"/>
<Cov CovItemId="S15" Value="8"/>
<Cov CovItemId="S16" Value="30"/>
<Cov CovItemId="S17" Value="48"/>
<Cov CovItemId="S18" Value="48"/>
<Cov CovItemId="S19" Value="48"/>
<Cov CovItemId="S2" Value="40"/>
<Cov CovItemId="S20" Value="54"/>
<Cov CovItemId="S21" Value="38"/>
<Cov CovItemId="S22" Value="16"/>
<Cov CovItemId="S23" Value="16"/>
<Cov CovItemId="S24" Value="6"/>
<Cov CovItemId="S25" Value="6"/>
<Cov CovItemId="S26" Value="6"/>
<Cov CovItemId="S27" Value="32"/>
<Cov CovItemId="S28" Value="20"/>
<Cov CovItemId="S29" Value="12"/>
<Cov CovItemId="S3" Value="40"/>
<Cov CovItemId="S30" Value="48"/>
<Cov CovItemId="S31" Value="54"/>
<Cov CovItemId="S32" Value="38"/>
<Cov CovItemId="S33" Value="38"/>
<Cov CovItemId="S34" Value="38"/>
<Cov CovItemId="S35" Value="32"/>
<Cov CovItemId="S36" Value="38"/>
<Cov CovItemId="S37" Value="6"/>
<Cov CovItemId="S38" Value="38"/>
<Cov CovItemId="S39" Value="8"/>
<Cov CovItemId="S4" Value="40"/>
<Cov CovItemId="S40" Value="8"/>
<Cov CovItemId="S41" Value="8"/>
<Cov CovItemId="S42" Value="38"/>
<Cov CovItemId="S43" Value="14"/>
<Cov CovItemId="S44" Value="38"/>
<Cov CovItemId="S45" Value="6"/>
<Cov CovItemId="S46" Value="6"/>
<Cov CovItemId="S47" Value="6"/>
<Cov CovItemId="S48" Value="9"/>
<Cov CovItemId="S49" Value="9"/>
<Cov CovItemId="S5" Value="40"/>
<Cov CovItemId="S50" Value="20"/>
<Cov CovItemId="S51" Value="57"/>
<Cov CovItemId="S52" Value="34"/>
<Cov CovItemId="S53" Value="6"/>
<Cov CovItemId="S54" Value="6"/>
<Cov CovItemId="S55" Value="6"/>
<Cov CovItemId="S6" Value="40"/>
<Cov CovItemId="S7" Value="40"/>
<Cov CovItemId="S8" Value="40"/>
<Cov CovItemId="S9" Value="40"/>
</CovPrefix>
<CovPrefix CovItemPrefix="com.OriginalFiles.RemoteNXTFunctions.java">
<Cov CovItemId="B5" Value="1"/>
<Cov CovItemId="B7" Value="1"/>
<Cov CovItemId="S1" Value="1"/>
<Cov CovItemId="S162" Value="1"/>
<Cov CovItemId="S19" Value="1"/>
<Cov CovItemId="S2" Value="1"/>
<Cov CovItemId="S20" Value="1"/>
<Cov CovItemId="S21" Value="1"/>
<Cov CovItemId="S22" Value="1"/>
<Cov CovItemId="S3" Value="1"/>
</CovPrefix>
</CovList>
<AssgnmntList>
<AssgnmntPrefix RootTermCovItemPrefix="com.OriginalFiles.Analyze.java">
<AssgnmntListEntry Length="1" RootTermCovItemId="C49">
<MapEntry BoolAssgnmnt="0" Value="6"/>
</AssgnmntListEntry>
<AssgnmntListEntry Length="1" RootTermCovItemId="C64">
<MapEntry BoolAssgnmnt="1" Value="1"/>
</AssgnmntListEntry>
<AssgnmntListEntry Length="6" RootTermCovItemId="C66">
<MapEntry BoolAssgnmnt="111111" Value="1"/>
</AssgnmntListEntry>
<AssgnmntListEntry Length="1" RootTermCovItemId="C70">
<MapEntry BoolAssgnmnt="0" Value="12"/>
<MapEntry BoolAssgnmnt="1" Value="372"/>
</AssgnmntListEntry>
<AssgnmntListEntry Length="1" RootTermCovItemId="C71">
<MapEntry BoolAssgnmnt="0" Value="6"/>
<MapEntry BoolAssgnmnt="1" Value="6"/>
</AssgnmntListEntry>
<AssgnmntListEntry Length="1" RootTermCovItemId="C72">
<MapEntry BoolAssgnmnt="1" Value="6"/>
</AssgnmntListEntry>
<AssgnmntListEntry Length="1" RootTermCovItemId="C73">
<MapEntry BoolAssgnmnt="0" Value="6"/>
<MapEntry BoolAssgnmnt="1" Value="6"/>
</AssgnmntListEntry>
<AssgnmntListEntry Length="1" RootTermCovItemId="C74">
<MapEntry BoolAssgnmnt="1" Value="6"/>
</AssgnmntListEntry>
<AssgnmntListEntry Length="3" RootTermCovItemId="C75">
<MapEntry BoolAssgnmnt="012" Value="6"/>
</AssgnmntListEntry>
<AssgnmntListEntry Length="3" RootTermCovItemId="C76">
<MapEntry BoolAssgnmnt="011" Value="6"/>
</AssgnmntListEntry>
<AssgnmntListEntry Length="2" RootTermCovItemId="C77">
<MapEntry BoolAssgnmnt="11" Value="6"/>
</AssgnmntListEntry>
<AssgnmntListEntry Length="2" RootTermCovItemId="C78">
<MapEntry BoolAssgnmnt="11" Value="6"/>
</AssgnmntListEntry>
<AssgnmntListEntry Length="2" RootTermCovItemId="C79">
<MapEntry BoolAssgnmnt="12" Value="6"/>
</AssgnmntListEntry>
<AssgnmntListEntry Length="2" RootTermCovItemId="C80">
<MapEntry BoolAssgnmnt="10" Value="6"/>
</AssgnmntListEntry>
<AssgnmntListEntry Length="8" RootTermCovItemId="C90">
<MapEntry BoolAssgnmnt="11222222" Value="6"/>
<MapEntry BoolAssgnmnt="02020202" Value="4"/>
<MapEntry BoolAssgnmnt="10020202" Value="2"/>
</AssgnmntListEntry>
</AssgnmntPrefix>
<AssgnmntPrefix RootTermCovItemPrefix="com.OriginalFiles.Board.java">
<AssgnmntListEntry Length="1" RootTermCovItemId="C1">
<MapEntry BoolAssgnmnt="0" Value="1"/>
<MapEntry BoolAssgnmnt="1" Value="8"/>
</AssgnmntListEntry>
<AssgnmntListEntry Length="1" RootTermCovItemId="C10">
<MapEntry BoolAssgnmnt="0" Value="1"/>
<MapEntry BoolAssgnmnt="1" Value="3"/>
</AssgnmntListEntry>
<AssgnmntListEntry Length="1" RootTermCovItemId="C11">
<MapEntry BoolAssgnmnt="0" Value="3"/>
<MapEntry BoolAssgnmnt="1" Value="24"/>
</AssgnmntListEntry>
<AssgnmntListEntry Length="1" RootTermCovItemId="C12">
<MapEntry BoolAssgnmnt="0" Value="1"/>
<MapEntry BoolAssgnmnt="1" Value="2"/>
</AssgnmntListEntry>
<AssgnmntListEntry Length="1" RootTermCovItemId="C13">
<MapEntry BoolAssgnmnt="0" Value="2"/>
<MapEntry BoolAssgnmnt="1" Value="16"/>
</AssgnmntListEntry>
<AssgnmntListEntry Length="1" RootTermCovItemId="C2">
<MapEntry BoolAssgnmnt="0" Value="8"/>
<MapEntry BoolAssgnmnt="1" Value="64"/>
</AssgnmntListEntry>
<AssgnmntListEntry Length="1" RootTermCovItemId="C26">
<MapEntry BoolAssgnmnt="0" Value="6"/>
</AssgnmntListEntry>
<AssgnmntListEntry Length="1" RootTermCovItemId="C27">
<MapEntry BoolAssgnmnt="0" Value="6"/>
</AssgnmntListEntry>
<AssgnmntListEntry Length="2" RootTermCovItemId="C28">
<MapEntry BoolAssgnmnt="02" Value="6"/>
</AssgnmntListEntry>
<AssgnmntListEntry Length="1" RootTermCovItemId="C29">
<MapEntry BoolAssgnmnt="1" Value="6"/>
</AssgnmntListEntry>
<AssgnmntListEntry Length="1" RootTermCovItemId="C3">
<MapEntry BoolAssgnmnt="0" Value="32"/>
<MapEntry BoolAssgnmnt="1" Value="32"/>
</AssgnmntListEntry>
<AssgnmntListEntry Length="1" RootTermCovItemId="C31">
<MapEntry BoolAssgnmnt="0" Value="16"/>
<MapEntry BoolAssgnmnt="1" Value="41"/>
</AssgnmntListEntry>
<AssgnmntListEntry Length="1" RootTermCovItemId="C32">
<MapEntry BoolAssgnmnt="0" Value="13"/>
<MapEntry BoolAssgnmnt="1" Value="1"/>
</AssgnmntListEntry>
<AssgnmntListEntry Length="1" RootTermCovItemId="C33">
<MapEntry BoolAssgnmnt="0" Value="6"/>
<MapEntry BoolAssgnmnt="1" Value="8"/>
</AssgnmntListEntry>
<AssgnmntListEntry Length="1" RootTermCovItemId="C34">
<MapEntry BoolAssgnmnt="0" Value="14"/>
</AssgnmntListEntry>
<AssgnmntListEntry Length="1" RootTermCovItemId="C35">
<MapEntry BoolAssgnmnt="1" Value="14"/>
</AssgnmntListEntry>
<AssgnmntListEntry Length="1" RootTermCovItemId="C36">
<MapEntry BoolAssgnmnt="0" Value="4"/>
<MapEntry BoolAssgnmnt="1" Value="10"/>
</AssgnmntListEntry>
<AssgnmntListEntry Length="1" RootTermCovItemId="C37">
<MapEntry BoolAssgnmnt="0" Value="14"/>
</AssgnmntListEntry>
<AssgnmntListEntry Length="5" RootTermCovItemId="C38">
<MapEntry BoolAssgnmnt="02002" Value="14"/>
<MapEntry BoolAssgnmnt="10122" Value="14"/>
<MapEntry BoolAssgnmnt="11221" Value="14"/>
<MapEntry BoolAssgnmnt="02011" Value="13"/>
</AssgnmntListEntry>
<AssgnmntListEntry Length="1" RootTermCovItemId="C39">
<MapEntry BoolAssgnmnt="0" Value="30"/>
<MapEntry BoolAssgnmnt="1" Value="25"/>
</AssgnmntListEntry>
<AssgnmntListEntry Length="1" RootTermCovItemId="C4">
<MapEntry BoolAssgnmnt="0" Value="20"/>
<MapEntry BoolAssgnmnt="1" Value="12"/>
</AssgnmntListEntry>
<AssgnmntListEntry Length="1" RootTermCovItemId="C40">
<MapEntry BoolAssgnmnt="0" Value="25"/>
</AssgnmntListEntry>
<AssgnmntListEntry Length="2" RootTermCovItemId="C41">
<MapEntry BoolAssgnmnt="10" Value="1"/>
<MapEntry BoolAssgnmnt="02" Value="24"/>
</AssgnmntListEntry>
<AssgnmntListEntry Length="1" RootTermCovItemId="C42">
<MapEntry BoolAssgnmnt="0" Value="224"/>
<MapEntry BoolAssgnmnt="1" Value="224"/>
</AssgnmntListEntry>
<AssgnmntListEntry Length="1" RootTermCovItemId="C43">
<MapEntry BoolAssgnmnt="0" Value="210"/>
<MapEntry BoolAssgnmnt="1" Value="14"/>
</AssgnmntListEntry>
<AssgnmntListEntry Length="1" RootTermCovItemId="C44">
<MapEntry BoolAssgnmnt="0" Value="7"/>
<MapEntry BoolAssgnmnt="1" Value="7"/>
</AssgnmntListEntry>
<AssgnmntListEntry Length="1" RootTermCovItemId="C45">
<MapEntry BoolAssgnmnt="1" Value="1"/>
</AssgnmntListEntry>
<AssgnmntListEntry Length="1" RootTermCovItemId="C5">
<MapEntry BoolAssgnmnt="0" Value="8"/>
<MapEntry BoolAssgnmnt="1" Value="4"/>
</AssgnmntListEntry>
<AssgnmntListEntry Length="1" RootTermCovItemId="C53">
<MapEntry BoolAssgnmnt="1" Value="131"/>
</AssgnmntListEntry>
<AssgnmntListEntry Length="1" RootTermCovItemId="C54">
<MapEntry BoolAssgnmnt="0" Value="82"/>
<MapEntry BoolAssgnmnt="1" Value="49"/>
</AssgnmntListEntry>
<AssgnmntListEntry Length="3" RootTermCovItemId="C55">
<MapEntry BoolAssgnmnt="002" Value="59"/>
<MapEntry BoolAssgnmnt="120" Value="40"/>
<MapEntry BoolAssgnmnt="121" Value="27"/>
</AssgnmntListEntry>
<AssgnmntListEntry Length="3" RootTermCovItemId="C56">
<MapEntry BoolAssgnmnt="002" Value="27"/>
<MapEntry BoolAssgnmnt="120" Value="35"/>
<MapEntry BoolAssgnmnt="121" Value="24"/>
</AssgnmntListEntry>
<AssgnmntListEntry Length="1" RootTermCovItemId="C6">
<MapEntry BoolAssgnmnt="0" Value="20"/>
<MapEntry BoolAssgnmnt="1" Value="12"/>
</AssgnmntListEntry>
<AssgnmntListEntry Length="1" RootTermCovItemId="C7">
<MapEntry BoolAssgnmnt="0" Value="8"/>
<MapEntry BoolAssgnmnt="1" Value="4"/>
</AssgnmntListEntry>
<AssgnmntListEntry Length="1" RootTermCovItemId="C8">
<MapEntry BoolAssgnmnt="0" Value="1"/>
<MapEntry BoolAssgnmnt="1" Value="8"/>
</AssgnmntListEntry>
<AssgnmntListEntry Length="1" RootTermCovItemId="C9">
<MapEntry BoolAssgnmnt="0" Value="1"/>
<MapEntry BoolAssgnmnt="1" Value="8"/>
</AssgnmntListEntry>
</AssgnmntPrefix>
<AssgnmntPrefix RootTermCovItemPrefix="com.OriginalFiles.Field.java">
<AssgnmntListEntry Length="1" RootTermCovItemId="C1">
<MapEntry BoolAssgnmnt="0" Value="48"/>
<MapEntry BoolAssgnmnt="1" Value="8"/>
</AssgnmntListEntry>
</AssgnmntPrefix>
<AssgnmntPrefix RootTermCovItemPrefix="com.OriginalFiles.MI.java">
<AssgnmntListEntry Length="1" RootTermCovItemId="C1">
<MapEntry BoolAssgnmnt="0" Value="26"/>
<MapEntry BoolAssgnmnt="1" Value="102"/>
</AssgnmntListEntry>
<AssgnmntListEntry Length="1" RootTermCovItemId="C10">
<MapEntry BoolAssgnmnt="0" Value="3"/>
</AssgnmntListEntry>
<AssgnmntListEntry Length="1" RootTermCovItemId="C11">
<MapEntry BoolAssgnmnt="0" Value="3"/>
</AssgnmntListEntry>
<AssgnmntListEntry Length="1" RootTermCovItemId="C12">
<MapEntry BoolAssgnmnt="1" Value="3"/>
</AssgnmntListEntry>
<AssgnmntListEntry Length="1" RootTermCovItemId="C13">
<MapEntry BoolAssgnmnt="0" Value="3"/>
<MapEntry BoolAssgnmnt="1" Value="3"/>
</AssgnmntListEntry>
<AssgnmntListEntry Length="1" RootTermCovItemId="C14">
<MapEntry BoolAssgnmnt="0" Value="3"/>
</AssgnmntListEntry>
<AssgnmntListEntry Length="1" RootTermCovItemId="C16">
<MapEntry BoolAssgnmnt="1" Value="3"/>
</AssgnmntListEntry>
<AssgnmntListEntry Length="1" RootTermCovItemId="C17">
<MapEntry BoolAssgnmnt="0" Value="3"/>
<MapEntry BoolAssgnmnt="1" Value="3"/>
</AssgnmntListEntry>
<AssgnmntListEntry Length="1" RootTermCovItemId="C18">
<MapEntry BoolAssgnmnt="0" Value="3"/>
</AssgnmntListEntry>
<AssgnmntListEntry Length="2" RootTermCovItemId="C19">
<MapEntry BoolAssgnmnt="11" Value="3"/>
</AssgnmntListEntry>
<AssgnmntListEntry Length="1" RootTermCovItemId="C2">
<MapEntry BoolAssgnmnt="0" Value="13"/>
<MapEntry BoolAssgnmnt="1" Value="13"/>
</AssgnmntListEntry>
<AssgnmntListEntry Length="1" RootTermCovItemId="C22">
<MapEntry BoolAssgnmnt="0" Value="3"/>
</AssgnmntListEntry>
<AssgnmntListEntry Length="1" RootTermCovItemId="C24">
<MapEntry BoolAssgnmnt="0" Value="2"/>
<MapEntry BoolAssgnmnt="1" Value="62"/>
</AssgnmntListEntry>
<AssgnmntListEntry Length="2" RootTermCovItemId="C25">
<MapEntry BoolAssgnmnt="10" Value="1"/>
<MapEntry BoolAssgnmnt="11" Value="1"/>
</AssgnmntListEntry>
<AssgnmntListEntry Length="1" RootTermCovItemId="C26">
<MapEntry BoolAssgnmnt="0" Value="1"/>
</AssgnmntListEntry>
<AssgnmntListEntry Length="1" RootTermCovItemId="C28">
<MapEntry BoolAssgnmnt="0" Value="1"/>
</AssgnmntListEntry>
<AssgnmntListEntry Length="1" RootTermCovItemId="C29">
<MapEntry BoolAssgnmnt="0" Value="1"/>
</AssgnmntListEntry>
<AssgnmntListEntry Length="1" RootTermCovItemId="C3">
<MapEntry BoolAssgnmnt="0" Value="1"/>
</AssgnmntListEntry>
<AssgnmntListEntry Length="1" RootTermCovItemId="C4">
<MapEntry BoolAssgnmnt="0" Value="2"/>
<MapEntry BoolAssgnmnt="1" Value="1"/>
</AssgnmntListEntry>
<AssgnmntListEntry Length="1" RootTermCovItemId="C5">
<MapEntry BoolAssgnmnt="1" Value="2"/>
</AssgnmntListEntry>
<AssgnmntListEntry Length="2" RootTermCovItemId="C6">
<MapEntry BoolAssgnmnt="01" Value="3"/>
</AssgnmntListEntry>
<AssgnmntListEntry Length="1" RootTermCovItemId="C8">
<MapEntry BoolAssgnmnt="0" Value="3"/>
<MapEntry BoolAssgnmnt="1" Value="3"/>
</AssgnmntListEntry>
<AssgnmntListEntry Length="1" RootTermCovItemId="C9">
<MapEntry BoolAssgnmnt="0" Value="3"/>
<MapEntry BoolAssgnmnt="1" Value="3"/>
</AssgnmntListEntry>
</AssgnmntPrefix>
<AssgnmntPrefix RootTermCovItemPrefix="com.OriginalFiles.Piece.java">
<AssgnmntListEntry Length="1" RootTermCovItemId="C1">
<MapEntry BoolAssgnmnt="0" Value="16"/>
<MapEntry BoolAssgnmnt="1" Value="38"/>
</AssgnmntListEntry>
<AssgnmntListEntry Length="2" RootTermCovItemId="C10">
<MapEntry BoolAssgnmnt="01" Value="9"/>
<MapEntry BoolAssgnmnt="12" Value="6"/>
</AssgnmntListEntry>
<AssgnmntListEntry Length="1" RootTermCovItemId="C11">
<MapEntry BoolAssgnmnt="0" Value="3"/>
<MapEntry BoolAssgnmnt="1" Value="20"/>
</AssgnmntListEntry>
<AssgnmntListEntry Length="1" RootTermCovItemId="C12">
<MapEntry BoolAssgnmnt="0" Value="14"/>
<MapEntry BoolAssgnmnt="1" Value="57"/>
</AssgnmntListEntry>
<AssgnmntListEntry Length="1" RootTermCovItemId="C13">
<MapEntry BoolAssgnmnt="0" Value="23"/>
<MapEntry BoolAssgnmnt="1" Value="34"/>
</AssgnmntListEntry>
<AssgnmntListEntry Length="1" RootTermCovItemId="C14">
<MapEntry BoolAssgnmnt="0" Value="28"/>
<MapEntry BoolAssgnmnt="1" Value="6"/>
</AssgnmntListEntry>
<AssgnmntListEntry Length="2" RootTermCovItemId="C2">
<MapEntry BoolAssgnmnt="01" Value="2"/>
<MapEntry BoolAssgnmnt="12" Value="4"/>
</AssgnmntListEntry>
<AssgnmntListEntry Length="1" RootTermCovItemId="C3">
<MapEntry BoolAssgnmnt="0" Value="12"/>
<MapEntry BoolAssgnmnt="1" Value="20"/>
</AssgnmntListEntry>
<AssgnmntListEntry Length="1" RootTermCovItemId="C4">
<MapEntry BoolAssgnmnt="0" Value="16"/>
<MapEntry BoolAssgnmnt="1" Value="38"/>
</AssgnmntListEntry>
<AssgnmntListEntry Length="1" RootTermCovItemId="C5">
<MapEntry BoolAssgnmnt="0" Value="6"/>
<MapEntry BoolAssgnmnt="1" Value="32"/>
</AssgnmntListEntry>
<AssgnmntListEntry Length="1" RootTermCovItemId="C6">
<MapEntry BoolAssgnmnt="0" Value="32"/>
<MapEntry BoolAssgnmnt="1" Value="6"/>
</AssgnmntListEntry>
<AssgnmntListEntry Length="5" RootTermCovItemId="C7">
<MapEntry BoolAssgnmnt="00210" Value="8"/>
<MapEntry BoolAssgnmnt="00211" Value="4"/>
<MapEntry BoolAssgnmnt="01002" Value="8"/>
<MapEntry BoolAssgnmnt="12222" Value="14"/>
<MapEntry BoolAssgnmnt="01122" Value="4"/>
</AssgnmntListEntry>
<AssgnmntListEntry Length="1" RootTermCovItemId="C8">
<MapEntry BoolAssgnmnt="1" Value="8"/>
</AssgnmntListEntry>
<AssgnmntListEntry Length="1" RootTermCovItemId="C9">
<MapEntry BoolAssgnmnt="0" Value="24"/>
<MapEntry BoolAssgnmnt="1" Value="14"/>
</AssgnmntListEntry>
</AssgnmntPrefix>
<AssgnmntPrefix RootTermCovItemPrefix="com.OriginalFiles.RemoteNXTFunctions.java">
<AssgnmntListEntry Length="1" RootTermCovItemId="C5">
<MapEntry BoolAssgnmnt="1" Value="1"/>
</AssgnmntListEntry>
<AssgnmntListEntry Length="2" RootTermCovItemId="C6">
<MapEntry BoolAssgnmnt="11" Value="1"/>
</AssgnmntListEntry>
</AssgnmntPrefix>
</AssgnmntList>
<ObjMetaDataList/>
<MetaDataList/>
</TestCase>
<TestCase Comment="" Date="1386061681000" Name="com.Testing.MiTest:testLookForBestMoveWinGame">
<CovList>
<CovPrefix CovItemPrefix="com.OriginalFiles.Analyze.java">
<Cov CovItemId="B103" Value="1"/>
<Cov CovItemId="B107" Value="1"/>
<Cov CovItemId="B120" Value="8"/>
<Cov CovItemId="B121" Value="248"/>
<Cov CovItemId="B123" Value="8"/>
<Cov CovItemId="B126" Value="8"/>
<Cov CovItemId="B128" Value="8"/>
<Cov CovItemId="B131" Value="4"/>
<Cov CovItemId="B132" Value="4"/>
<Cov CovItemId="B65" Value="1"/>
<Cov CovItemId="B66" Value="3"/>
<Cov CovItemId="B68" Value="4"/>
<Cov CovItemId="B70" Value="4"/>
<Cov CovItemId="B71" Value="1"/>
<Cov CovItemId="B72" Value="3"/>
<Cov CovItemId="B73" Value="2"/>
<Cov CovItemId="B74" Value="2"/>
<Cov CovItemId="B84" Value="4"/>
<Cov CovItemId="L16-2" Value="4"/>
<Cov CovItemId="L17-2" Value="32"/>
<Cov CovItemId="L5-1" Value="4"/>
<Cov CovItemId="S1" Value="1"/>
<Cov CovItemId="S100" Value="4"/>
<Cov CovItemId="S101" Value="4"/>
<Cov CovItemId="S102" Value="4"/>
<Cov CovItemId="S103" Value="4"/>
<Cov CovItemId="S104" Value="1"/>
<Cov CovItemId="S105" Value="4"/>
<Cov CovItemId="S106" Value="4"/>
<Cov CovItemId="S108" Value="4"/>
<Cov CovItemId="S109" Value="4"/>
<Cov CovItemId="S111" Value="4"/>
<Cov CovItemId="S112" Value="4"/>
<Cov CovItemId="S113" Value="1"/>
<Cov CovItemId="S114" Value="4"/>
<Cov CovItemId="S115" Value="2"/>
<Cov CovItemId="S116" Value="4"/>
<Cov CovItemId="S117" Value="4"/>
<Cov CovItemId="S118" Value="4"/>
<Cov CovItemId="S150" Value="4"/>
<Cov CovItemId="S192" Value="1"/>
<Cov CovItemId="S193" Value="1"/>
<Cov CovItemId="S194" Value="1"/>
<Cov CovItemId="S2" Value="1"/>
<Cov CovItemId="S200" Value="1"/>
<Cov CovItemId="S201" Value="1"/>
<Cov CovItemId="S202" Value="1"/>
<Cov CovItemId="S203" Value="1"/>
<Cov CovItemId="S204" Value="1"/>
<Cov CovItemId="S205" Value="1"/>
<Cov CovItemId="S222" Value="4"/>
<Cov CovItemId="S223" Value="4"/>
<Cov CovItemId="S224" Value="4"/>
<Cov CovItemId="S225" Value="4"/>
<Cov CovItemId="S226" Value="4"/>
<Cov CovItemId="S227" Value="4"/>
<Cov CovItemId="S228" Value="32"/>
<Cov CovItemId="S229" Value="256"/>
<Cov CovItemId="S230" Value="8"/>
<Cov CovItemId="S234" Value="8"/>
<Cov CovItemId="S235" Value="8"/>
<Cov CovItemId="S236" Value="8"/>
<Cov CovItemId="S237" Value="8"/>
<Cov CovItemId="S238" Value="4"/>
<Cov CovItemId="S240" Value="4"/>
<Cov CovItemId="S241" Value="4"/>
<Cov CovItemId="S3" Value="1"/>
<Cov CovItemId="S4" Value="1"/>
<Cov CovItemId="S5" Value="1"/>
<Cov CovItemId="S6" Value="1"/>
</CovPrefix>
<CovPrefix CovItemPrefix="com.OriginalFiles.Board.java">
<Cov CovItemId="B1" Value="32"/>
<Cov CovItemId="B10" Value="8"/>
<Cov CovItemId="B2" Value="32"/>
<Cov CovItemId="B3" Value="12"/>
<Cov CovItemId="B31" Value="4"/>
<Cov CovItemId="B34" Value="4"/>
<Cov CovItemId="B36" Value="4"/>
<Cov CovItemId="B37" Value="4"/>
<Cov CovItemId="B4" Value="20"/>
<Cov CovItemId="B41" Value="21"/>
<Cov CovItemId="B43" Value="3"/>
<Cov CovItemId="B44" Value="8"/>
<Cov CovItemId="B45" Value="8"/>
<Cov CovItemId="B47" Value="8"/>
<Cov CovItemId="B5" Value="4"/>
<Cov CovItemId="B50" Value="8"/>
<Cov CovItemId="B55" Value="28"/>
<Cov CovItemId="B56" Value="28"/>
<Cov CovItemId="B57" Value="28"/>
<Cov CovItemId="B59" Value="28"/>
<Cov CovItemId="B6" Value="8"/>
<Cov CovItemId="B61" Value="5"/>
<Cov CovItemId="B62" Value="23"/>
<Cov CovItemId="B63" Value="160"/>
<Cov CovItemId="B64" Value="160"/>
<Cov CovItemId="B65" Value="11"/>
<Cov CovItemId="B66" Value="149"/>
<Cov CovItemId="B67" Value="10"/>
<Cov CovItemId="B68" Value="1"/>
<Cov CovItemId="B69" Value="1"/>
<Cov CovItemId="B7" Value="12"/>
<Cov CovItemId="B79" Value="1643"/>
<Cov CovItemId="B8" Value="20"/>
<Cov CovItemId="B81" Value="126"/>
<Cov CovItemId="B82" Value="1517"/>
<Cov CovItemId="B83" Value="57"/>
<Cov CovItemId="B84" Value="143"/>
<Cov CovItemId="B85" Value="23"/>
<Cov CovItemId="B86" Value="120"/>
<Cov CovItemId="B9" Value="4"/>
<Cov CovItemId="L1-2" Value="1"/>
<Cov CovItemId="L10-2" Value="80"/>
<Cov CovItemId="L13-2" Value="5"/>
<Cov CovItemId="L14-2" Value="40"/>
<Cov CovItemId="L2-2" Value="8"/>
<Cov CovItemId="L3-2" Value="1"/>
<Cov CovItemId="L4-2" Value="1"/>
<Cov CovItemId="L5-2" Value="1"/>
<Cov CovItemId="L6-2" Value="3"/>
<Cov CovItemId="L7-2" Value="1"/>
<Cov CovItemId="L8-2" Value="2"/>
<Cov CovItemId="L9-2" Value="10"/>
<Cov CovItemId="S1" Value="1"/>
<Cov CovItemId="S10" Value="1"/>
<Cov CovItemId="S101" Value="4"/>
<Cov CovItemId="S102" Value="4"/>
<Cov CovItemId="S104" Value="4"/>
<Cov CovItemId="S106" Value="4"/>
<Cov CovItemId="S107" Value="4"/>
<Cov CovItemId="S108" Value="4"/>
<Cov CovItemId="S109" Value="4"/>
<Cov CovItemId="S11" Value="8"/>
<Cov CovItemId="S115" Value="21"/>
<Cov CovItemId="S116" Value="21"/>
<Cov CovItemId="S118" Value="11"/>
<Cov CovItemId="S119" Value="11"/>
<Cov CovItemId="S12" Value="64"/>
<Cov CovItemId="S120" Value="3"/>
<Cov CovItemId="S121" Value="8"/>
<Cov CovItemId="S122" Value="8"/>
<Cov CovItemId="S123" Value="8"/>
<Cov CovItemId="S124" Value="8"/>
<Cov CovItemId="S125" Value="8"/>
<Cov CovItemId="S126" Value="8"/>
<Cov CovItemId="S127" Value="8"/>
<Cov CovItemId="S128" Value="8"/>
<Cov CovItemId="S13" Value="64"/>
<Cov CovItemId="S133" Value="8"/>
<Cov CovItemId="S134" Value="11"/>
<Cov CovItemId="S135" Value="56"/>
<Cov CovItemId="S136" Value="28"/>
<Cov CovItemId="S137" Value="28"/>
<Cov CovItemId="S138" Value="28"/>
<Cov CovItemId="S139" Value="28"/>
<Cov CovItemId="S14" Value="64"/>
<Cov CovItemId="S140" Value="5"/>
<Cov CovItemId="S141" Value="23"/>
<Cov CovItemId="S142" Value="40"/>
<Cov CovItemId="S143" Value="5"/>
<Cov CovItemId="S144" Value="5"/>
<Cov CovItemId="S145" Value="40"/>
<Cov CovItemId="S146" Value="320"/>
<Cov CovItemId="S147" Value="160"/>
<Cov CovItemId="S148" Value="11"/>
<Cov CovItemId="S149" Value="10"/>
<Cov CovItemId="S15" Value="64"/>
<Cov CovItemId="S150" Value="1"/>
<Cov CovItemId="S151" Value="5"/>
<Cov CovItemId="S152" Value="1"/>
<Cov CovItemId="S153" Value="1"/>
<Cov CovItemId="S154" Value="1"/>
<Cov CovItemId="S16" Value="32"/>
<Cov CovItemId="S17" Value="32"/>
<Cov CovItemId="S176" Value="1643"/>
<Cov CovItemId="S177" Value="1643"/>
<Cov CovItemId="S178" Value="126"/>
<Cov CovItemId="S179" Value="1517"/>
<Cov CovItemId="S18" Value="32"/>
<Cov CovItemId="S180" Value="200"/>
<Cov CovItemId="S181" Value="57"/>
<Cov CovItemId="S182" Value="143"/>
<Cov CovItemId="S183" Value="23"/>
<Cov CovItemId="S184" Value="120"/>
<Cov CovItemId="S185" Value="5621"/>
<Cov CovItemId="S19" Value="12"/>
<Cov CovItemId="S2" Value="1"/>
<Cov CovItemId="S20" Value="12"/>
<Cov CovItemId="S21" Value="12"/>
<Cov CovItemId="S22" Value="4"/>
<Cov CovItemId="S23" Value="32"/>
<Cov CovItemId="S24" Value="12"/>
<Cov CovItemId="S25" Value="12"/>
<Cov CovItemId="S26" Value="12"/>
<Cov CovItemId="S27" Value="4"/>
<Cov CovItemId="S28" Value="32"/>
<Cov CovItemId="S29" Value="32"/>
<Cov CovItemId="S3" Value="1"/>
<Cov CovItemId="S30" Value="64"/>
<Cov CovItemId="S31" Value="1"/>
<Cov CovItemId="S32" Value="8"/>
<Cov CovItemId="S33" Value="8"/>
<Cov CovItemId="S34" Value="8"/>
<Cov CovItemId="S35" Value="8"/>
<Cov CovItemId="S36" Value="8"/>
<Cov CovItemId="S37" Value="8"/>
<Cov CovItemId="S38" Value="8"/>
<Cov CovItemId="S39" Value="8"/>
<Cov CovItemId="S4" Value="1"/>
<Cov CovItemId="S40" Value="1"/>
<Cov CovItemId="S41" Value="8"/>
<Cov CovItemId="S42" Value="8"/>
<Cov CovItemId="S43" Value="8"/>
<Cov CovItemId="S44" Value="8"/>
<Cov CovItemId="S45" Value="8"/>
<Cov CovItemId="S46" Value="8"/>
<Cov CovItemId="S47" Value="8"/>
<Cov CovItemId="S48" Value="8"/>
<Cov CovItemId="S49" Value="1"/>
<Cov CovItemId="S5" Value="1"/>
<Cov CovItemId="S50" Value="3"/>
<Cov CovItemId="S51" Value="24"/>
<Cov CovItemId="S52" Value="24"/>
<Cov CovItemId="S53" Value="24"/>
<Cov CovItemId="S54" Value="24"/>
<Cov CovItemId="S55" Value="1"/>
<Cov CovItemId="S56" Value="2"/>
<Cov CovItemId="S57" Value="16"/>
<Cov CovItemId="S58" Value="16"/>
<Cov CovItemId="S59" Value="16"/>
<Cov CovItemId="S6" Value="1"/>
<Cov CovItemId="S60" Value="16"/>
<Cov CovItemId="S61" Value="10"/>
<Cov CovItemId="S62" Value="80"/>
<Cov CovItemId="S63" Value="640"/>
<Cov CovItemId="S7" Value="1"/>
<Cov CovItemId="S8" Value="1"/>
<Cov CovItemId="S9" Value="1"/>
<Cov CovItemId="S98" Value="4"/>
<Cov CovItemId="S99" Value="4"/>
</CovPrefix>
<CovPrefix CovItemPrefix="com.OriginalFiles.Field.java">
<Cov CovItemId="B1" Value="49"/>
<Cov CovItemId="B2" Value="10"/>
<Cov CovItemId="S1" Value="121"/>
<Cov CovItemId="S13" Value="68"/>
<Cov CovItemId="S2" Value="121"/>
<Cov CovItemId="S3" Value="1"/>
<Cov CovItemId="S4" Value="1"/>
<Cov CovItemId="S5" Value="59"/>
<Cov CovItemId="S6" Value="59"/>
<Cov CovItemId="S7" Value="49"/>
<Cov CovItemId="S8" Value="401"/>
<Cov CovItemId="S9" Value="2177"/>
</CovPrefix>
<CovPrefix CovItemPrefix="com.OriginalFiles.MI.java">
<Cov CovItemId="B1" Value="27"/>
<Cov CovItemId="B11" Value="2"/>
<Cov CovItemId="B16" Value="2"/>
<Cov CovItemId="B2" Value="101"/>
<Cov CovItemId="B20" Value="2"/>
<Cov CovItemId="B22" Value="2"/>
<Cov CovItemId="B23" Value="2"/>
<Cov CovItemId="B25" Value="2"/>
<Cov CovItemId="B27" Value="2"/>
<Cov CovItemId="B29" Value="2"/>
<Cov CovItemId="B3" Value="14"/>
<Cov CovItemId="B31" Value="2"/>
<Cov CovItemId="B34" Value="2"/>
<Cov CovItemId="B39" Value="2"/>
<Cov CovItemId="B4" Value="13"/>
<Cov CovItemId="B41" Value="3"/>
<Cov CovItemId="B42" Value="61"/>
<Cov CovItemId="B43" Value="2"/>
<Cov CovItemId="B44" Value="1"/>
<Cov CovItemId="B45" Value="2"/>
<Cov CovItemId="B47" Value="2"/>
<Cov CovItemId="B51" Value="1"/>
<Cov CovItemId="B6" Value="1"/>
<Cov CovItemId="B7" Value="1"/>
<Cov CovItemId="B8" Value="1"/>
<Cov CovItemId="B9" Value="1"/>
<Cov CovItemId="L1-2" Value="2"/>
<Cov CovItemId="L10-2" Value="1"/>
<Cov CovItemId="L11-2" Value="8"/>
<Cov CovItemId="L12-1" Value="2"/>
<Cov CovItemId="L2-2" Value="16"/>
<Cov CovItemId="L3-2" Value="1"/>
<Cov CovItemId="L5-2" Value="2"/>
<Cov CovItemId="L6-0" Value="2"/>
<Cov CovItemId="L7-1" Value="2"/>
<Cov CovItemId="L8-1" Value="2"/>
<Cov CovItemId="L9-1" Value="2"/>
<Cov CovItemId="S1" Value="1"/>
<Cov CovItemId="S10" Value="16"/>
<Cov CovItemId="S103" Value="2"/>
<Cov CovItemId="S104" Value="2"/>
<Cov CovItemId="S105" Value="2"/>
<Cov CovItemId="S106" Value="2"/>
<Cov CovItemId="S107" Value="2"/>
<Cov CovItemId="S108" Value="2"/>
<Cov CovItemId="S11" Value="128"/>
<Cov CovItemId="S110" Value="2"/>
<Cov CovItemId="S111" Value="1"/>
<Cov CovItemId="S112" Value="1"/>
<Cov CovItemId="S113" Value="1"/>
<Cov CovItemId="S114" Value="1"/>
<Cov CovItemId="S115" Value="8"/>
<Cov CovItemId="S116" Value="64"/>
<Cov CovItemId="S117" Value="3"/>
<Cov CovItemId="S118" Value="2"/>
<Cov CovItemId="S119" Value="2"/>
<Cov CovItemId="S12" Value="27"/>
<Cov CovItemId="S120" Value="2"/>
<Cov CovItemId="S121" Value="2"/>
<Cov CovItemId="S122" Value="2"/>
<Cov CovItemId="S128" Value="1"/>
<Cov CovItemId="S129" Value="1"/>
<Cov CovItemId="S13" Value="14"/>
<Cov CovItemId="S14" Value="13"/>
<Cov CovItemId="S15" Value="1"/>
<Cov CovItemId="S16" Value="1"/>
<Cov CovItemId="S17" Value="1"/>
<Cov CovItemId="S18" Value="1"/>
<Cov CovItemId="S19" Value="1"/>
<Cov CovItemId="S2" Value="1"/>
<Cov CovItemId="S21" Value="1"/>
<Cov CovItemId="S22" Value="2"/>
<Cov CovItemId="S23" Value="2"/>
<Cov CovItemId="S24" Value="2"/>
<Cov CovItemId="S25" Value="2"/>
<Cov CovItemId="S26" Value="1"/>
<Cov CovItemId="S27" Value="1"/>
<Cov CovItemId="S28" Value="1"/>
<Cov CovItemId="S29" Value="1"/>
<Cov CovItemId="S3" Value="1"/>
<Cov CovItemId="S30" Value="1"/>
<Cov CovItemId="S31" Value="1"/>
<Cov CovItemId="S32" Value="2"/>
<Cov CovItemId="S33" Value="2"/>
<Cov CovItemId="S4" Value="1"/>
<Cov CovItemId="S45" Value="1"/>
<Cov CovItemId="S46" Value="1"/>
<Cov CovItemId="S47" Value="1"/>
<Cov CovItemId="S48" Value="1"/>
<Cov CovItemId="S49" Value="1"/>
<Cov CovItemId="S5" Value="1"/>
<Cov CovItemId="S50" Value="1"/>
<Cov CovItemId="S51" Value="1"/>
<Cov CovItemId="S52" Value="2"/>
<Cov CovItemId="S53" Value="2"/>
<Cov CovItemId="S54" Value="2"/>
<Cov CovItemId="S55" Value="4"/>
<Cov CovItemId="S56" Value="2"/>
<Cov CovItemId="S58" Value="2"/>
<Cov CovItemId="S59" Value="2"/>
<Cov CovItemId="S6" Value="1"/>
<Cov CovItemId="S62" Value="2"/>
<Cov CovItemId="S63" Value="2"/>
<Cov CovItemId="S68" Value="2"/>
<Cov CovItemId="S69" Value="2"/>
<Cov CovItemId="S7" Value="2"/>
<Cov CovItemId="S71" Value="2"/>
<Cov CovItemId="S72" Value="2"/>
<Cov CovItemId="S74" Value="2"/>
<Cov CovItemId="S75" Value="2"/>
<Cov CovItemId="S76" Value="2"/>
<Cov CovItemId="S77" Value="2"/>
<Cov CovItemId="S78" Value="2"/>
<Cov CovItemId="S79" Value="2"/>
<Cov CovItemId="S8" Value="2"/>
<Cov CovItemId="S80" Value="2"/>
<Cov CovItemId="S81" Value="2"/>
<Cov CovItemId="S82" Value="2"/>
<Cov CovItemId="S83" Value="2"/>
<Cov CovItemId="S85" Value="2"/>
<Cov CovItemId="S86" Value="2"/>
<Cov CovItemId="S87" Value="2"/>
<Cov CovItemId="S88" Value="2"/>
<Cov CovItemId="S89" Value="2"/>
<Cov CovItemId="S9" Value="2"/>
<Cov CovItemId="S90" Value="2"/>
<Cov CovItemId="S91" Value="2"/>
<Cov CovItemId="S92" Value="2"/>
<Cov CovItemId="S93" Value="2"/>
<Cov CovItemId="S94" Value="2"/>
<Cov CovItemId="S95" Value="2"/>
<Cov CovItemId="S96" Value="2"/>
<Cov CovItemId="S97" Value="2"/>
</CovPrefix>
<CovPrefix CovItemPrefix="com.OriginalFiles.Move.java">
<Cov CovItemId="S1" Value="2"/>
<Cov CovItemId="S2" Value="2"/>
<Cov CovItemId="S8" Value="2"/>
<Cov CovItemId="S9" Value="2"/>
</CovPrefix>
<CovPrefix CovItemPrefix="com.OriginalFiles.Piece.java">
<Cov CovItemId="B1" Value="37"/>
<Cov CovItemId="B10" Value="4"/>
<Cov CovItemId="B11" Value="4"/>
<Cov CovItemId="B12" Value="33"/>
<Cov CovItemId="B13" Value="8"/>
<Cov CovItemId="B14" Value="29"/>
<Cov CovItemId="B15" Value="8"/>
<Cov CovItemId="B18" Value="37"/>
<Cov CovItemId="B19" Value="1554"/>
<Cov CovItemId="B2" Value="16"/>
<Cov CovItemId="B20" Value="2318"/>
<Cov CovItemId="B22" Value="1554"/>
<Cov CovItemId="B3" Value="4"/>
<Cov CovItemId="B5" Value="18"/>
<Cov CovItemId="B6" Value="15"/>
<Cov CovItemId="B7" Value="37"/>
<Cov CovItemId="B8" Value="16"/>
<Cov CovItemId="B9" Value="33"/>
<Cov CovItemId="L1-2" Value="4"/>
<Cov CovItemId="L2-2" Value="32"/>
<Cov CovItemId="L3-2" Value="320"/>
<Cov CovItemId="S1" Value="40"/>
<Cov CovItemId="S10" Value="40"/>
<Cov CovItemId="S11" Value="40"/>
<Cov CovItemId="S12" Value="40"/>
<Cov CovItemId="S13" Value="40"/>
<Cov CovItemId="S14" Value="40"/>
<Cov CovItemId="S15" Value="2"/>
<Cov CovItemId="S16" Value="2"/>
<Cov CovItemId="S17" Value="49"/>
<Cov CovItemId="S18" Value="49"/>
<Cov CovItemId="S19" Value="49"/>
<Cov CovItemId="S2" Value="40"/>
<Cov CovItemId="S20" Value="53"/>
<Cov CovItemId="S21" Value="37"/>
<Cov CovItemId="S22" Value="16"/>
<Cov CovItemId="S23" Value="16"/>
<Cov CovItemId="S24" Value="4"/>
<Cov CovItemId="S25" Value="4"/>
<Cov CovItemId="S26" Value="4"/>
<Cov CovItemId="S27" Value="33"/>
<Cov CovItemId="S28" Value="18"/>
<Cov CovItemId="S29" Value="15"/>
<Cov CovItemId="S3" Value="40"/>
<Cov CovItemId="S30" Value="49"/>
<Cov CovItemId="S31" Value="53"/>
<Cov CovItemId="S32" Value="37"/>
<Cov CovItemId="S33" Value="37"/>
<Cov CovItemId="S34" Value="37"/>
<Cov CovItemId="S35" Value="33"/>
<Cov CovItemId="S36" Value="37"/>
<Cov CovItemId="S37" Value="4"/>
<Cov CovItemId="S38" Value="37"/>
<Cov CovItemId="S39" Value="8"/>
<Cov CovItemId="S4" Value="40"/>
<Cov CovItemId="S40" Value="8"/>
<Cov CovItemId="S41" Value="8"/>
<Cov CovItemId="S42" Value="37"/>
<Cov CovItemId="S44" Value="37"/>
<Cov CovItemId="S45" Value="4"/>
<Cov CovItemId="S46" Value="4"/>
<Cov CovItemId="S47" Value="4"/>
<Cov CovItemId="S48" Value="32"/>
<Cov CovItemId="S49" Value="32"/>
<Cov CovItemId="S5" Value="40"/>
<Cov CovItemId="S50" Value="320"/>
<Cov CovItemId="S51" Value="3872"/>
<Cov CovItemId="S52" Value="1554"/>
<Cov CovItemId="S55" Value="4"/>
<Cov CovItemId="S6" Value="40"/>
<Cov CovItemId="S7" Value="40"/>
<Cov CovItemId="S8" Value="40"/>
<Cov CovItemId="S9" Value="40"/>
</CovPrefix>
<CovPrefix CovItemPrefix="com.OriginalFiles.RemoteNXTFunctions.java">
<Cov CovItemId="B5" Value="1"/>
<Cov CovItemId="B7" Value="1"/>
<Cov CovItemId="S1" Value="1"/>
<Cov CovItemId="S162" Value="1"/>
<Cov CovItemId="S19" Value="1"/>
<Cov CovItemId="S2" Value="1"/>
<Cov CovItemId="S20" Value="1"/>
<Cov CovItemId="S21" Value="1"/>
<Cov CovItemId="S22" Value="1"/>
<Cov CovItemId="S3" Value="1"/>
</CovPrefix>
</CovList>
<AssgnmntList>
<AssgnmntPrefix RootTermCovItemPrefix="com.OriginalFiles.Analyze.java">
<AssgnmntListEntry Length="1" RootTermCovItemId="C34">
<MapEntry BoolAssgnmnt="0" Value="3"/>
<MapEntry BoolAssgnmnt="1" Value="1"/>
</AssgnmntListEntry>
<AssgnmntListEntry Length="1" RootTermCovItemId="C35">
<MapEntry BoolAssgnmnt="0" Value="4"/>
</AssgnmntListEntry>
<AssgnmntListEntry Length="1" RootTermCovItemId="C36">
<MapEntry BoolAssgnmnt="0" Value="4"/>
</AssgnmntListEntry>
<AssgnmntListEntry Length="1" RootTermCovItemId="C37">
<MapEntry BoolAssgnmnt="0" Value="3"/>
<MapEntry BoolAssgnmnt="1" Value="1"/>
</AssgnmntListEntry>
<AssgnmntListEntry Length="1" RootTermCovItemId="C38">
<MapEntry BoolAssgnmnt="0" Value="2"/>
<MapEntry BoolAssgnmnt="1" Value="2"/>
</AssgnmntListEntry>
<AssgnmntListEntry Length="1" RootTermCovItemId="C39">
<MapEntry BoolAssgnmnt="0" Value="4"/>
<MapEntry BoolAssgnmnt="1" Value="4"/>
</AssgnmntListEntry>
<AssgnmntListEntry Length="1" RootTermCovItemId="C49">
<MapEntry BoolAssgnmnt="0" Value="4"/>
</AssgnmntListEntry>
<AssgnmntListEntry Length="1" RootTermCovItemId="C64">
<MapEntry BoolAssgnmnt="1" Value="1"/>
</AssgnmntListEntry>
<AssgnmntListEntry Length="6" RootTermCovItemId="C66">
<MapEntry BoolAssgnmnt="111111" Value="1"/>
</AssgnmntListEntry>
<AssgnmntListEntry Length="1" RootTermCovItemId="C70">
<MapEntry BoolAssgnmnt="0" Value="8"/>
<MapEntry BoolAssgnmnt="1" Value="248"/>
</AssgnmntListEntry>
<AssgnmntListEntry Length="1" RootTermCovItemId="C71">
<MapEntry BoolAssgnmnt="0" Value="8"/>
</AssgnmntListEntry>
<AssgnmntListEntry Length="1" RootTermCovItemId="C73">
<MapEntry BoolAssgnmnt="1" Value="8"/>
</AssgnmntListEntry>
<AssgnmntListEntry Length="1" RootTermCovItemId="C74">
<MapEntry BoolAssgnmnt="1" Value="8"/>
</AssgnmntListEntry>
<AssgnmntListEntry Length="3" RootTermCovItemId="C75">
<MapEntry BoolAssgnmnt="012" Value="4"/>
</AssgnmntListEntry>
<AssgnmntListEntry Length="3" RootTermCovItemId="C76">
<MapEntry BoolAssgnmnt="122" Value="4"/>
</AssgnmntListEntry>
</AssgnmntPrefix>
<AssgnmntPrefix RootTermCovItemPrefix="com.OriginalFiles.Board.java">
<AssgnmntListEntry Length="1" RootTermCovItemId="C1">
<MapEntry BoolAssgnmnt="0" Value="1"/>
<MapEntry BoolAssgnmnt="1" Value="8"/>
</AssgnmntListEntry>
<AssgnmntListEntry Length="1" RootTermCovItemId="C10">
<MapEntry BoolAssgnmnt="0" Value="1"/>
<MapEntry BoolAssgnmnt="1" Value="3"/>
</AssgnmntListEntry>
<AssgnmntListEntry Length="1" RootTermCovItemId="C11">
<MapEntry BoolAssgnmnt="0" Value="3"/>
<MapEntry BoolAssgnmnt="1" Value="24"/>
</AssgnmntListEntry>
<AssgnmntListEntry Length="1" RootTermCovItemId="C12">
<MapEntry BoolAssgnmnt="0" Value="1"/>
<MapEntry BoolAssgnmnt="1" Value="2"/>
</AssgnmntListEntry>
<AssgnmntListEntry Length="1" RootTermCovItemId="C13">
<MapEntry BoolAssgnmnt="0" Value="2"/>
<MapEntry BoolAssgnmnt="1" Value="16"/>
</AssgnmntListEntry>
<AssgnmntListEntry Length="1" RootTermCovItemId="C2">
<MapEntry BoolAssgnmnt="0" Value="8"/>
<MapEntry BoolAssgnmnt="1" Value="64"/>
</AssgnmntListEntry>
<AssgnmntListEntry Length="1" RootTermCovItemId="C26">
<MapEntry BoolAssgnmnt="0" Value="4"/>
</AssgnmntListEntry>
<AssgnmntListEntry Length="1" RootTermCovItemId="C27">
<MapEntry BoolAssgnmnt="0" Value="4"/>
</AssgnmntListEntry>
<AssgnmntListEntry Length="2" RootTermCovItemId="C28">
<MapEntry BoolAssgnmnt="02" Value="4"/>
</AssgnmntListEntry>
<AssgnmntListEntry Length="1" RootTermCovItemId="C29">
<MapEntry BoolAssgnmnt="1" Value="4"/>
</AssgnmntListEntry>
<AssgnmntListEntry Length="1" RootTermCovItemId="C3">
<MapEntry BoolAssgnmnt="0" Value="32"/>
<MapEntry BoolAssgnmnt="1" Value="32"/>
</AssgnmntListEntry>
<AssgnmntListEntry Length="1" RootTermCovItemId="C31">
<MapEntry BoolAssgnmnt="1" Value="21"/>
</AssgnmntListEntry>
<AssgnmntListEntry Length="1" RootTermCovItemId="C32">
<MapEntry BoolAssgnmnt="0" Value="8"/>
<MapEntry BoolAssgnmnt="1" Value="3"/>
</AssgnmntListEntry>
<AssgnmntListEntry Length="1" RootTermCovItemId="C33">
<MapEntry BoolAssgnmnt="0" Value="8"/>
</AssgnmntListEntry>
<AssgnmntListEntry Length="1" RootTermCovItemId="C34">
<MapEntry BoolAssgnmnt="0" Value="8"/>
</AssgnmntListEntry>
<AssgnmntListEntry Length="1" RootTermCovItemId="C35">
<MapEntry BoolAssgnmnt="0" Value="8"/>
</AssgnmntListEntry>
<AssgnmntListEntry Length="5" RootTermCovItemId="C38">
<MapEntry BoolAssgnmnt="02002" Value="1"/>
<MapEntry BoolAssgnmnt="10122" Value="27"/>
<MapEntry BoolAssgnmnt="11220" Value="28"/>
</AssgnmntListEntry>
<AssgnmntListEntry Length="1" RootTermCovItemId="C39">
<MapEntry BoolAssgnmnt="1" Value="28"/>
</AssgnmntListEntry>
<AssgnmntListEntry Length="1" RootTermCovItemId="C4">
<MapEntry BoolAssgnmnt="0" Value="20"/>
<MapEntry BoolAssgnmnt="1" Value="12"/>
</AssgnmntListEntry>
<AssgnmntListEntry Length="1" RootTermCovItemId="C40">
<MapEntry BoolAssgnmnt="0" Value="28"/>
</AssgnmntListEntry>
<AssgnmntListEntry Length="2" RootTermCovItemId="C41">
<MapEntry BoolAssgnmnt="10" Value="5"/>
<MapEntry BoolAssgnmnt="02" Value="23"/>
</AssgnmntListEntry>
<AssgnmntListEntry Length="1" RootTermCovItemId="C42">
<MapEntry BoolAssgnmnt="0" Value="160"/>
<MapEntry BoolAssgnmnt="1" Value="160"/>
</AssgnmntListEntry>
<AssgnmntListEntry Length="1" RootTermCovItemId="C43">
<MapEntry BoolAssgnmnt="0" Value="149"/>
<MapEntry BoolAssgnmnt="1" Value="11"/>
</AssgnmntListEntry>
<AssgnmntListEntry Length="1" RootTermCovItemId="C44">
<MapEntry BoolAssgnmnt="0" Value="1"/>
<MapEntry BoolAssgnmnt="1" Value="10"/>
</AssgnmntListEntry>
<AssgnmntListEntry Length="1" RootTermCovItemId="C45">
<MapEntry BoolAssgnmnt="1" Value="1"/>
</AssgnmntListEntry>
<AssgnmntListEntry Length="1" RootTermCovItemId="C5">
<MapEntry BoolAssgnmnt="0" Value="8"/>
<MapEntry BoolAssgnmnt="1" Value="4"/>
</AssgnmntListEntry>
<AssgnmntListEntry Length="1" RootTermCovItemId="C53">
<MapEntry BoolAssgnmnt="1" Value="1643"/>
</AssgnmntListEntry>
<AssgnmntListEntry Length="1" RootTermCovItemId="C54">
<MapEntry BoolAssgnmnt="0" Value="126"/>
<MapEntry BoolAssgnmnt="1" Value="1517"/>
</AssgnmntListEntry>
<AssgnmntListEntry Length="3" RootTermCovItemId="C55">
<MapEntry BoolAssgnmnt="002" Value="49"/>
<MapEntry BoolAssgnmnt="120" Value="57"/>
<MapEntry BoolAssgnmnt="121" Value="94"/>
</AssgnmntListEntry>
<AssgnmntListEntry Length="3" RootTermCovItemId="C56">
<MapEntry BoolAssgnmnt="002" Value="94"/>
<MapEntry BoolAssgnmnt="120" Value="26"/>
<MapEntry BoolAssgnmnt="121" Value="23"/>
</AssgnmntListEntry>
<AssgnmntListEntry Length="1" RootTermCovItemId="C6">
<MapEntry BoolAssgnmnt="0" Value="20"/>
<MapEntry BoolAssgnmnt="1" Value="12"/>
</AssgnmntListEntry>
<AssgnmntListEntry Length="1" RootTermCovItemId="C7">
<MapEntry BoolAssgnmnt="0" Value="8"/>
<MapEntry BoolAssgnmnt="1" Value="4"/>
</AssgnmntListEntry>
<AssgnmntListEntry Length="1" RootTermCovItemId="C8">
<MapEntry BoolAssgnmnt="0" Value="1"/>
<MapEntry BoolAssgnmnt="1" Value="8"/>
</AssgnmntListEntry>
<AssgnmntListEntry Length="1" RootTermCovItemId="C9">
<MapEntry BoolAssgnmnt="0" Value="1"/>
<MapEntry BoolAssgnmnt="1" Value="8"/>
</AssgnmntListEntry>
</AssgnmntPrefix>
<AssgnmntPrefix RootTermCovItemPrefix="com.OriginalFiles.Field.java">
<AssgnmntListEntry Length="1" RootTermCovItemId="C1">
<MapEntry BoolAssgnmnt="0" Value="49"/>
<MapEntry BoolAssgnmnt="1" Value="10"/>
</AssgnmntListEntry>
</AssgnmntPrefix>
<AssgnmntPrefix RootTermCovItemPrefix="com.OriginalFiles.MI.java">
<AssgnmntListEntry Length="1" RootTermCovItemId="C1">
<MapEntry BoolAssgnmnt="0" Value="27"/>
<MapEntry BoolAssgnmnt="1" Value="101"/>
</AssgnmntListEntry>
<AssgnmntListEntry Length="1" RootTermCovItemId="C10">
<MapEntry BoolAssgnmnt="0" Value="2"/>
</AssgnmntListEntry>
<AssgnmntListEntry Length="1" RootTermCovItemId="C11">
<MapEntry BoolAssgnmnt="0" Value="2"/>
</AssgnmntListEntry>
<AssgnmntListEntry Length="1" RootTermCovItemId="C12">
<MapEntry BoolAssgnmnt="1" Value="2"/>
</AssgnmntListEntry>
<AssgnmntListEntry Length="1" RootTermCovItemId="C13">
<MapEntry BoolAssgnmnt="0" Value="2"/>
<MapEntry BoolAssgnmnt="1" Value="2"/>
</AssgnmntListEntry>
<AssgnmntListEntry Length="1" RootTermCovItemId="C14">
<MapEntry BoolAssgnmnt="1" Value="2"/>
</AssgnmntListEntry>
<AssgnmntListEntry Length="1" RootTermCovItemId="C15">
<MapEntry BoolAssgnmnt="1" Value="2"/>
</AssgnmntListEntry>
<AssgnmntListEntry Length="1" RootTermCovItemId="C16">
<MapEntry BoolAssgnmnt="1" Value="2"/>
</AssgnmntListEntry>
<AssgnmntListEntry Length="1" RootTermCovItemId="C17">
<MapEntry BoolAssgnmnt="0" Value="2"/>
<MapEntry BoolAssgnmnt="1" Value="2"/>
</AssgnmntListEntry>
<AssgnmntListEntry Length="1" RootTermCovItemId="C18">
<MapEntry BoolAssgnmnt="0" Value="2"/>
</AssgnmntListEntry>
<AssgnmntListEntry Length="2" RootTermCovItemId="C19">
<MapEntry BoolAssgnmnt="02" Value="2"/>
</AssgnmntListEntry>
<AssgnmntListEntry Length="1" RootTermCovItemId="C2">
<MapEntry BoolAssgnmnt="0" Value="13"/>
<MapEntry BoolAssgnmnt="1" Value="14"/>
</AssgnmntListEntry>
<AssgnmntListEntry Length="1" RootTermCovItemId="C22">
<MapEntry BoolAssgnmnt="0" Value="2"/>
<MapEntry BoolAssgnmnt="1" Value="2"/>
</AssgnmntListEntry>
<AssgnmntListEntry Length="1" RootTermCovItemId="C23">
<MapEntry BoolAssgnmnt="1" Value="2"/>
</AssgnmntListEntry>
<AssgnmntListEntry Length="1" RootTermCovItemId="C24">
<MapEntry BoolAssgnmnt="0" Value="3"/>
<MapEntry BoolAssgnmnt="1" Value="61"/>
</AssgnmntListEntry>
<AssgnmntListEntry Length="2" RootTermCovItemId="C25">
<MapEntry BoolAssgnmnt="10" Value="1"/>
<MapEntry BoolAssgnmnt="11" Value="2"/>
</AssgnmntListEntry>
<AssgnmntListEntry Length="1" RootTermCovItemId="C26">
<MapEntry BoolAssgnmnt="1" Value="2"/>
</AssgnmntListEntry>
<AssgnmntListEntry Length="1" RootTermCovItemId="C27">
<MapEntry BoolAssgnmnt="1" Value="2"/>
</AssgnmntListEntry>
<AssgnmntListEntry Length="1" RootTermCovItemId="C29">
<MapEntry BoolAssgnmnt="1" Value="1"/>
</AssgnmntListEntry>
<AssgnmntListEntry Length="1" RootTermCovItemId="C3">
<MapEntry BoolAssgnmnt="0" Value="1"/>
</AssgnmntListEntry>
<AssgnmntListEntry Length="1" RootTermCovItemId="C4">
<MapEntry BoolAssgnmnt="0" Value="1"/>
<MapEntry BoolAssgnmnt="1" Value="1"/>
</AssgnmntListEntry>
<AssgnmntListEntry Length="1" RootTermCovItemId="C5">
<MapEntry BoolAssgnmnt="1" Value="1"/>
</AssgnmntListEntry>
<AssgnmntListEntry Length="2" RootTermCovItemId="C6">
<MapEntry BoolAssgnmnt="01" Value="2"/>
</AssgnmntListEntry>
<AssgnmntListEntry Length="1" RootTermCovItemId="C8">
<MapEntry BoolAssgnmnt="0" Value="2"/>
<MapEntry BoolAssgnmnt="1" Value="4"/>
</AssgnmntListEntry>
<AssgnmntListEntry Length="1" RootTermCovItemId="C9">
<MapEntry BoolAssgnmnt="0" Value="2"/>
</AssgnmntListEntry>
</AssgnmntPrefix>
<AssgnmntPrefix RootTermCovItemPrefix="com.OriginalFiles.Piece.java">
<AssgnmntListEntry Length="1" RootTermCovItemId="C1">
<MapEntry BoolAssgnmnt="0" Value="16"/>
<MapEntry BoolAssgnmnt="1" Value="37"/>
</AssgnmntListEntry>
<AssgnmntListEntry Length="2" RootTermCovItemId="C10">
<MapEntry BoolAssgnmnt="01" Value="32"/>
<MapEntry BoolAssgnmnt="00" Value="4"/>
</AssgnmntListEntry>
<AssgnmntListEntry Length="1" RootTermCovItemId="C11">
<MapEntry BoolAssgnmnt="0" Value="32"/>
<MapEntry BoolAssgnmnt="1" Value="320"/>
</AssgnmntListEntry>
<AssgnmntListEntry Length="1" RootTermCovItemId="C12">
<MapEntry BoolAssgnmnt="0" Value="320"/>
<MapEntry BoolAssgnmnt="1" Value="3872"/>
</AssgnmntListEntry>
<AssgnmntListEntry Length="1" RootTermCovItemId="C13">
<MapEntry BoolAssgnmnt="0" Value="2318"/>
<MapEntry BoolAssgnmnt="1" Value="1554"/>
</AssgnmntListEntry>
<AssgnmntListEntry Length="1" RootTermCovItemId="C14">
<MapEntry BoolAssgnmnt="0" Value="1554"/>
</AssgnmntListEntry>
<AssgnmntListEntry Length="2" RootTermCovItemId="C2">
<MapEntry BoolAssgnmnt="12" Value="4"/>
</AssgnmntListEntry>
<AssgnmntListEntry Length="1" RootTermCovItemId="C3">
<MapEntry BoolAssgnmnt="0" Value="15"/>
<MapEntry BoolAssgnmnt="1" Value="18"/>
</AssgnmntListEntry>
<AssgnmntListEntry Length="1" RootTermCovItemId="C4">
<MapEntry BoolAssgnmnt="0" Value="16"/>
<MapEntry BoolAssgnmnt="1" Value="37"/>
</AssgnmntListEntry>
<AssgnmntListEntry Length="1" RootTermCovItemId="C5">
<MapEntry BoolAssgnmnt="0" Value="4"/>
<MapEntry BoolAssgnmnt="1" Value="33"/>
</AssgnmntListEntry>
<AssgnmntListEntry Length="1" RootTermCovItemId="C6">
<MapEntry BoolAssgnmnt="0" Value="33"/>
<MapEntry BoolAssgnmnt="1" Value="4"/>
</AssgnmntListEntry>
<AssgnmntListEntry Length="5" RootTermCovItemId="C7">
<MapEntry BoolAssgnmnt="00210" Value="18"/>
<MapEntry BoolAssgnmnt="00211" Value="4"/>
<MapEntry BoolAssgnmnt="01002" Value="11"/>
<MapEntry BoolAssgnmnt="01122" Value="4"/>
</AssgnmntListEntry>
<AssgnmntListEntry Length="1" RootTermCovItemId="C8">
<MapEntry BoolAssgnmnt="1" Value="8"/>
</AssgnmntListEntry>
<AssgnmntListEntry Length="1" RootTermCovItemId="C9">
<MapEntry BoolAssgnmnt="0" Value="37"/>
</AssgnmntListEntry>
</AssgnmntPrefix>
<AssgnmntPrefix RootTermCovItemPrefix="com.OriginalFiles.RemoteNXTFunctions.java">
<AssgnmntListEntry Length="1" RootTermCovItemId="C5">
<MapEntry BoolAssgnmnt="1" Value="1"/>
</AssgnmntListEntry>
<AssgnmntListEntry Length="2" RootTermCovItemId="C6">
<MapEntry BoolAssgnmnt="11" Value="1"/>
</AssgnmntListEntry>
</AssgnmntPrefix>
</AssgnmntList>
<ObjMetaDataList/>
<MetaDataList/>
</TestCase>
<TestCase Comment="" Date="1386061681003" Name="com.Testing.AnalyzeTest:testCheckMotorCalibration">
<CovList>
<CovPrefix CovItemPrefix="com.OriginalFiles.Analyze.java">
<Cov CovItemId="B1" Value="32"/>
<Cov CovItemId="B10" Value="32"/>
<Cov CovItemId="B107" Value="64"/>
<Cov CovItemId="B108" Value="125"/>
<Cov CovItemId="B11" Value="32"/>
<Cov CovItemId="B110" Value="125"/>
<Cov CovItemId="B111" Value="34"/>
<Cov CovItemId="B112" Value="91"/>
<Cov CovItemId="B114" Value="91"/>
<Cov CovItemId="B115" Value="57"/>
<Cov CovItemId="B116" Value="17"/>
<Cov CovItemId="B120" Value="148"/>
<Cov CovItemId="B121" Value="4588"/>
<Cov CovItemId="B122" Value="91"/>
<Cov CovItemId="B123" Value="57"/>
<Cov CovItemId="B124" Value="91"/>
<Cov CovItemId="B126" Value="57"/>
<Cov CovItemId="B127" Value="91"/>
<Cov CovItemId="B128" Value="57"/>
<Cov CovItemId="B13" Value="25"/>
<Cov CovItemId="B130" Value="17"/>
<Cov CovItemId="B131" Value="57"/>
<Cov CovItemId="B133" Value="57"/>
<Cov CovItemId="B134" Value="57"/>
<Cov CovItemId="B136" Value="57"/>
<Cov CovItemId="B139" Value="57"/>
<Cov CovItemId="B14" Value="7"/>
<Cov CovItemId="B157" Value="114"/>
<Cov CovItemId="B16" Value="25"/>
<Cov CovItemId="B17" Value="25"/>
<Cov CovItemId="B19" Value="7"/>
<Cov CovItemId="B2" Value="10"/>
<Cov CovItemId="B20" Value="25"/>
<Cov CovItemId="B21" Value="3"/>
<Cov CovItemId="B22" Value="4"/>
<Cov CovItemId="B23" Value="3"/>
<Cov CovItemId="B24" Value="1"/>
<Cov CovItemId="B26" Value="25"/>
<Cov CovItemId="B3" Value="25"/>
<Cov CovItemId="B31" Value="25"/>
<Cov CovItemId="B33" Value="25"/>
<Cov CovItemId="B35" Value="13"/>
<Cov CovItemId="B36" Value="12"/>
<Cov CovItemId="B37" Value="13"/>
<Cov CovItemId="B4" Value="7"/>
<Cov CovItemId="B40" Value="12"/>
<Cov CovItemId="B43" Value="12"/>
<Cov CovItemId="B46" Value="12"/>
<Cov CovItemId="B49" Value="12"/>
<Cov CovItemId="B5" Value="2"/>
<Cov CovItemId="B51" Value="12"/>
<Cov CovItemId="B53" Value="25"/>
<Cov CovItemId="B55" Value="25"/>
<Cov CovItemId="B57" Value="25"/>
<Cov CovItemId="B59" Value="25"/>
<Cov CovItemId="B6" Value="30"/>
<Cov CovItemId="B61" Value="75"/>
<Cov CovItemId="B62" Value="25"/>
<Cov CovItemId="B64" Value="100"/>
<Cov CovItemId="B7" Value="64"/>
<Cov CovItemId="B8" Value="1984"/>
<Cov CovItemId="B84" Value="25"/>
<Cov CovItemId="B9" Value="32"/>
<Cov CovItemId="B96" Value="32"/>
<Cov CovItemId="L1-2" Value="32"/>
<Cov CovItemId="L16-2" Value="74"/>
<Cov CovItemId="L17-2" Value="592"/>
<Cov CovItemId="L2-2" Value="256"/>
<Cov CovItemId="L3-1" Value="32"/>
<Cov CovItemId="L4-2" Value="25"/>
<Cov CovItemId="S10" Value="32"/>
<Cov CovItemId="S11" Value="32"/>
<Cov CovItemId="S12" Value="32"/>
<Cov CovItemId="S13" Value="32"/>
<Cov CovItemId="S14" Value="32"/>
<Cov CovItemId="S15" Value="32"/>
<Cov CovItemId="S150" Value="25"/>
<Cov CovItemId="S16" Value="25"/>
<Cov CovItemId="S169" Value="32"/>
<Cov CovItemId="S17" Value="17"/>
<Cov CovItemId="S18" Value="32"/>
<Cov CovItemId="S19" Value="32"/>
<Cov CovItemId="S20" Value="2"/>
<Cov CovItemId="S200" Value="189"/>
<Cov CovItemId="S201" Value="189"/>
<Cov CovItemId="S202" Value="189"/>
<Cov CovItemId="S203" Value="189"/>
<Cov CovItemId="S204" Value="189"/>
<Cov CovItemId="S205" Value="64"/>
<Cov CovItemId="S206" Value="125"/>
<Cov CovItemId="S208" Value="125"/>
<Cov CovItemId="S209" Value="34"/>
<Cov CovItemId="S21" Value="2"/>
<Cov CovItemId="S210" Value="91"/>
<Cov CovItemId="S212" Value="91"/>
<Cov CovItemId="S213" Value="74"/>
<Cov CovItemId="S214" Value="57"/>
<Cov CovItemId="S215" Value="17"/>
<Cov CovItemId="S216" Value="17"/>
<Cov CovItemId="S22" Value="32"/>
<Cov CovItemId="S222" Value="74"/>
<Cov CovItemId="S223" Value="74"/>
<Cov CovItemId="S224" Value="74"/>
<Cov CovItemId="S225" Value="74"/>
<Cov CovItemId="S226" Value="74"/>
<Cov CovItemId="S227" Value="74"/>
<Cov CovItemId="S228" Value="592"/>
<Cov CovItemId="S229" Value="4736"/>
<Cov CovItemId="S23" Value="32"/>
<Cov CovItemId="S230" Value="148"/>
<Cov CovItemId="S231" Value="91"/>
<Cov CovItemId="S232" Value="91"/>
<Cov CovItemId="S233" Value="91"/>
<Cov CovItemId="S234" Value="148"/>
<Cov CovItemId="S235" Value="57"/>
<Cov CovItemId="S236" Value="57"/>
<Cov CovItemId="S237" Value="57"/>
<Cov CovItemId="S238" Value="74"/>
<Cov CovItemId="S239" Value="17"/>
<Cov CovItemId="S24" Value="256"/>
<Cov CovItemId="S240" Value="57"/>
<Cov CovItemId="S242" Value="57"/>
<Cov CovItemId="S243" Value="57"/>
<Cov CovItemId="S244" Value="57"/>
<Cov CovItemId="S245" Value="57"/>
<Cov CovItemId="S246" Value="57"/>
<Cov CovItemId="S25" Value="2048"/>
<Cov CovItemId="S251" Value="57"/>
<Cov CovItemId="S26" Value="64"/>
<Cov CovItemId="S268" Value="114"/>
<Cov CovItemId="S27" Value="32"/>
<Cov CovItemId="S270" Value="114"/>
<Cov CovItemId="S28" Value="32"/>
<Cov CovItemId="S29" Value="32"/>
<Cov CovItemId="S30" Value="32"/>
<Cov CovItemId="S31" Value="32"/>
<Cov CovItemId="S32" Value="32"/>
<Cov CovItemId="S33" Value="32"/>
<Cov CovItemId="S34" Value="32"/>
<Cov CovItemId="S35" Value="32"/>
<Cov CovItemId="S36" Value="25"/>
<Cov CovItemId="S38" Value="25"/>
<Cov CovItemId="S39" Value="25"/>
<Cov CovItemId="S40" Value="7"/>
<Cov CovItemId="S41" Value="32"/>
<Cov CovItemId="S42" Value="7"/>
<Cov CovItemId="S43" Value="3"/>
<Cov CovItemId="S44" Value="3"/>
<Cov CovItemId="S45" Value="3"/>
<Cov CovItemId="S46" Value="4"/>
<Cov CovItemId="S47" Value="3"/>
<Cov CovItemId="S48" Value="3"/>
<Cov CovItemId="S49" Value="3"/>
<Cov CovItemId="S50" Value="3"/>
<Cov CovItemId="S51" Value="1"/>
<Cov CovItemId="S52" Value="25"/>
<Cov CovItemId="S53" Value="25"/>
<Cov CovItemId="S58" Value="25"/>
<Cov CovItemId="S59" Value="25"/>
<Cov CovItemId="S60" Value="25"/>
<Cov CovItemId="S61" Value="25"/>
<Cov CovItemId="S62" Value="25"/>
<Cov CovItemId="S63" Value="13"/>
<Cov CovItemId="S64" Value="13"/>
<Cov CovItemId="S65" Value="13"/>
<Cov CovItemId="S67" Value="12"/>
<Cov CovItemId="S7" Value="42"/>
<Cov CovItemId="S72" Value="12"/>
<Cov CovItemId="S73" Value="12"/>
<Cov CovItemId="S78" Value="12"/>
<Cov CovItemId="S79" Value="12"/>
<Cov CovItemId="S8" Value="32"/>
<Cov CovItemId="S80" Value="12"/>
<Cov CovItemId="S81" Value="12"/>
<Cov CovItemId="S84" Value="25"/>
<Cov CovItemId="S85" Value="25"/>
<Cov CovItemId="S86" Value="25"/>
<Cov CovItemId="S87" Value="25"/>
<Cov CovItemId="S88" Value="25"/>
<Cov CovItemId="S89" Value="25"/>
<Cov CovItemId="S9" Value="32"/>
<Cov CovItemId="S90" Value="25"/>
<Cov CovItemId="S91" Value="25"/>
<Cov CovItemId="S92" Value="25"/>
<Cov CovItemId="S93" Value="25"/>
<Cov CovItemId="S94" Value="25"/>
<Cov CovItemId="S95" Value="100"/>
<Cov CovItemId="S96" Value="75"/>
<Cov CovItemId="S97" Value="100"/>
<Cov CovItemId="S99" Value="25"/>
</CovPrefix>
<CovPrefix CovItemPrefix="com.OriginalFiles.Board.java">
<Cov CovItemId="B28" Value="75"/>
<Cov CovItemId="B31" Value="25"/>
<Cov CovItemId="B33" Value="25"/>
<Cov CovItemId="B36" Value="25"/>
<Cov CovItemId="B37" Value="25"/>
<Cov CovItemId="B39" Value="93"/>
<Cov CovItemId="B41" Value="1173"/>
<Cov CovItemId="B44" Value="278"/>
<Cov CovItemId="B45" Value="278"/>
<Cov CovItemId="B47" Value="278"/>
<Cov CovItemId="B49" Value="278"/>
<Cov CovItemId="B51" Value="278"/>
<Cov CovItemId="B53" Value="278"/>
<Cov CovItemId="B56" Value="1112"/>
<Cov CovItemId="B57" Value="962"/>
<Cov CovItemId="B58" Value="150"/>
<Cov CovItemId="B59" Value="962"/>
<Cov CovItemId="B62" Value="962"/>
<Cov CovItemId="B63" Value="4448"/>
<Cov CovItemId="B64" Value="4448"/>
<Cov CovItemId="B65" Value="278"/>
<Cov CovItemId="B66" Value="4170"/>
<Cov CovItemId="B67" Value="114"/>
<Cov CovItemId="B68" Value="164"/>
<Cov CovItemId="B71" Value="4"/>
<Cov CovItemId="B72" Value="4"/>
<Cov CovItemId="B73" Value="16"/>
<Cov CovItemId="B74" Value="16"/>
<Cov CovItemId="B75" Value="16"/>
<Cov CovItemId="B76" Value="16"/>
<Cov CovItemId="B77" Value="30"/>
<Cov CovItemId="B78" Value="2"/>
<Cov CovItemId="B79" Value="1700"/>
<Cov CovItemId="B81" Value="663"/>
<Cov CovItemId="B82" Value="1037"/>
<Cov CovItemId="B83" Value="199"/>
<Cov CovItemId="B84" Value="568"/>
<Cov CovItemId="B85" Value="176"/>
<Cov CovItemId="B86" Value="392"/>
<Cov CovItemId="L10-2" Value="2224"/>
<Cov CovItemId="L11-1" Value="32"/>
<Cov CovItemId="L12-0" Value="32"/>
<Cov CovItemId="L13-2" Value="139"/>
<Cov CovItemId="L14-2" Value="1112"/>
<Cov CovItemId="L15-2" Value="1"/>
<Cov CovItemId="L16-2" Value="4"/>
<Cov CovItemId="L17-2" Value="4"/>
<Cov CovItemId="L9-2" Value="278"/>
<Cov CovItemId="S100" Value="25"/>
<Cov CovItemId="S102" Value="25"/>
<Cov CovItemId="S104" Value="25"/>
<Cov CovItemId="S105" Value="25"/>
<Cov CovItemId="S106" Value="25"/>
<Cov CovItemId="S107" Value="25"/>
<Cov CovItemId="S108" Value="25"/>
<Cov CovItemId="S109" Value="25"/>
<Cov CovItemId="S110" Value="61"/>
<Cov CovItemId="S111" Value="93"/>
<Cov CovItemId="S112" Value="93"/>
<Cov CovItemId="S113" Value="93"/>
<Cov CovItemId="S115" Value="1173"/>
<Cov CovItemId="S116" Value="1173"/>
<Cov CovItemId="S118" Value="278"/>
<Cov CovItemId="S119" Value="278"/>
<Cov CovItemId="S121" Value="278"/>
<Cov CovItemId="S122" Value="278"/>
<Cov CovItemId="S123" Value="278"/>
<Cov CovItemId="S124" Value="278"/>
<Cov CovItemId="S125" Value="278"/>
<Cov CovItemId="S126" Value="278"/>
<Cov CovItemId="S127" Value="278"/>
<Cov CovItemId="S128" Value="278"/>
<Cov CovItemId="S129" Value="278"/>
<Cov CovItemId="S130" Value="278"/>
<Cov CovItemId="S131" Value="278"/>
<Cov CovItemId="S132" Value="278"/>
<Cov CovItemId="S133" Value="278"/>
<Cov CovItemId="S134" Value="278"/>
<Cov CovItemId="S135" Value="1112"/>
<Cov CovItemId="S137" Value="1112"/>
<Cov CovItemId="S138" Value="962"/>
<Cov CovItemId="S139" Value="962"/>
<Cov CovItemId="S141" Value="1112"/>
<Cov CovItemId="S142" Value="1112"/>
<Cov CovItemId="S143" Value="139"/>
<Cov CovItemId="S144" Value="139"/>
<Cov CovItemId="S145" Value="1112"/>
<Cov CovItemId="S146" Value="8896"/>
<Cov CovItemId="S147" Value="4448"/>
<Cov CovItemId="S148" Value="278"/>
<Cov CovItemId="S149" Value="114"/>
<Cov CovItemId="S150" Value="164"/>
<Cov CovItemId="S151" Value="139"/>
<Cov CovItemId="S157" Value="1"/>
<Cov CovItemId="S158" Value="1"/>
<Cov CovItemId="S159" Value="8"/>
<Cov CovItemId="S160" Value="4"/>
<Cov CovItemId="S161" Value="32"/>
<Cov CovItemId="S162" Value="16"/>
<Cov CovItemId="S163" Value="4"/>
<Cov CovItemId="S164" Value="4"/>
<Cov CovItemId="S165" Value="32"/>
<Cov CovItemId="S166" Value="16"/>
<Cov CovItemId="S167" Value="4"/>
<Cov CovItemId="S168" Value="1"/>
<Cov CovItemId="S169" Value="32"/>
<Cov CovItemId="S170" Value="32"/>
<Cov CovItemId="S171" Value="30"/>
<Cov CovItemId="S172" Value="2"/>
<Cov CovItemId="S173" Value="2"/>
<Cov CovItemId="S174" Value="2"/>
<Cov CovItemId="S175" Value="2"/>
<Cov CovItemId="S176" Value="1700"/>
<Cov CovItemId="S177" Value="1700"/>
<Cov CovItemId="S178" Value="663"/>
<Cov CovItemId="S179" Value="1037"/>
<Cov CovItemId="S180" Value="767"/>
<Cov CovItemId="S181" Value="199"/>
<Cov CovItemId="S182" Value="568"/>
<Cov CovItemId="S183" Value="176"/>
<Cov CovItemId="S184" Value="392"/>
<Cov CovItemId="S185" Value="4335"/>
<Cov CovItemId="S61" Value="278"/>
<Cov CovItemId="S62" Value="2224"/>
<Cov CovItemId="S63" Value="17792"/>
<Cov CovItemId="S64" Value="32"/>
<Cov CovItemId="S65" Value="32"/>
<Cov CovItemId="S66" Value="32"/>
<Cov CovItemId="S67" Value="32"/>
<Cov CovItemId="S68" Value="32"/>
<Cov CovItemId="S76" Value="32"/>
<Cov CovItemId="S77" Value="32"/>
<Cov CovItemId="S94" Value="75"/>
<Cov CovItemId="S97" Value="75"/>
<Cov CovItemId="S98" Value="25"/>
<Cov CovItemId="S99" Value="25"/>
</CovPrefix>
<CovPrefix CovItemPrefix="com.OriginalFiles.Field.java">
<Cov CovItemId="B1" Value="99"/>
<Cov CovItemId="B2" Value="46"/>
<Cov CovItemId="S1" Value="176"/>
<Cov CovItemId="S13" Value="409"/>
<Cov CovItemId="S2" Value="176"/>
<Cov CovItemId="S5" Value="145"/>
<Cov CovItemId="S6" Value="145"/>
<Cov CovItemId="S7" Value="99"/>
<Cov CovItemId="S8" Value="7043"/>
<Cov CovItemId="S9" Value="9827"/>
</CovPrefix>
<CovPrefix CovItemPrefix="com.OriginalFiles.Piece.java">
<Cov CovItemId="B1" Value="91"/>
<Cov CovItemId="B12" Value="91"/>
<Cov CovItemId="B13" Value="16"/>
<Cov CovItemId="B14" Value="75"/>
<Cov CovItemId="B15" Value="16"/>
<Cov CovItemId="B17" Value="35"/>
<Cov CovItemId="B18" Value="56"/>
<Cov CovItemId="B2" Value="16"/>
<Cov CovItemId="B5" Value="45"/>
<Cov CovItemId="B6" Value="46"/>
<Cov CovItemId="B7" Value="91"/>
<Cov CovItemId="B8" Value="16"/>
<Cov CovItemId="B9" Value="91"/>
<Cov CovItemId="S1" Value="74"/>
<Cov CovItemId="S10" Value="74"/>
<Cov CovItemId="S11" Value="74"/>
<Cov CovItemId="S12" Value="74"/>
<Cov CovItemId="S13" Value="74"/>
<Cov CovItemId="S14" Value="74"/>
<Cov CovItemId="S16" Value="456"/>
<Cov CovItemId="S17" Value="107"/>
<Cov CovItemId="S18" Value="107"/>
<Cov CovItemId="S19" Value="107"/>
<Cov CovItemId="S2" Value="74"/>
<Cov CovItemId="S20" Value="107"/>
<Cov CovItemId="S21" Value="91"/>
<Cov CovItemId="S22" Value="16"/>
<Cov CovItemId="S23" Value="16"/>
<Cov CovItemId="S27" Value="91"/>
<Cov CovItemId="S28" Value="45"/>
<Cov CovItemId="S29" Value="46"/>
<Cov CovItemId="S3" Value="74"/>
<Cov CovItemId="S30" Value="107"/>
<Cov CovItemId="S31" Value="107"/>
<Cov CovItemId="S32" Value="91"/>
<Cov CovItemId="S33" Value="91"/>
<Cov CovItemId="S34" Value="91"/>
<Cov CovItemId="S35" Value="91"/>
<Cov CovItemId="S36" Value="91"/>
<Cov CovItemId="S38" Value="91"/>
<Cov CovItemId="S39" Value="16"/>
<Cov CovItemId="S4" Value="74"/>
<Cov CovItemId="S40" Value="16"/>
<Cov CovItemId="S41" Value="16"/>
<Cov CovItemId="S42" Value="91"/>
<Cov CovItemId="S43" Value="35"/>
<Cov CovItemId="S44" Value="91"/>
<Cov CovItemId="S5" Value="74"/>
<Cov CovItemId="S6" Value="74"/>
<Cov CovItemId="S7" Value="74"/>
<Cov CovItemId="S8" Value="74"/>
<Cov CovItemId="S9" Value="74"/>
</CovPrefix>
<CovPrefix CovItemPrefix="com.OriginalFiles.RemoteNXTFunctions.java">
<Cov CovItemId="B103" Value="39"/>
<Cov CovItemId="B104" Value="86"/>
<Cov CovItemId="B105" Value="1"/>
<Cov CovItemId="B106" Value="38"/>
<Cov CovItemId="B107" Value="1"/>
<Cov CovItemId="B108" Value="37"/>
<Cov CovItemId="B109" Value="1"/>
<Cov CovItemId="B110" Value="36"/>
<Cov CovItemId="B111" Value="8"/>
<Cov CovItemId="B112" Value="28"/>
<Cov CovItemId="B114" Value="86"/>
<Cov CovItemId="B124" Value="86"/>
<Cov CovItemId="B134" Value="86"/>
<Cov CovItemId="B142" Value="86"/>
<Cov CovItemId="B15" Value="26"/>
<Cov CovItemId="B16" Value="99"/>
<Cov CovItemId="B17" Value="13"/>
<Cov CovItemId="B18" Value="13"/>
<Cov CovItemId="B19" Value="13"/>
<Cov CovItemId="B23" Value="60"/>
<Cov CovItemId="B24" Value="65"/>
<Cov CovItemId="B25" Value="12"/>
<Cov CovItemId="B26" Value="48"/>
<Cov CovItemId="B27" Value="12"/>
<Cov CovItemId="B28" Value="36"/>
<Cov CovItemId="B30" Value="36"/>
<Cov CovItemId="B32" Value="125"/>
<Cov CovItemId="B40" Value="125"/>
<Cov CovItemId="B5" Value="64"/>
<Cov CovItemId="B50" Value="125"/>
<Cov CovItemId="B56" Value="125"/>
<Cov CovItemId="B6" Value="125"/>
<Cov CovItemId="B62" Value="125"/>
<Cov CovItemId="B7" Value="64"/>
<Cov CovItemId="B70" Value="125"/>
<Cov CovItemId="B78" Value="125"/>
<Cov CovItemId="B86" Value="125"/>
<Cov CovItemId="B94" Value="125"/>
<Cov CovItemId="S100" Value="125"/>
<Cov CovItemId="S108" Value="125"/>
<Cov CovItemId="S118" Value="125"/>
<Cov CovItemId="S119" Value="39"/>
<Cov CovItemId="S120" Value="1"/>
<Cov CovItemId="S121" Value="38"/>
<Cov CovItemId="S122" Value="1"/>
<Cov CovItemId="S123" Value="37"/>
<Cov CovItemId="S124" Value="1"/>
<Cov CovItemId="S125" Value="36"/>
<Cov CovItemId="S126" Value="8"/>
<Cov CovItemId="S127" Value="28"/>
<Cov CovItemId="S128" Value="86"/>
<Cov CovItemId="S138" Value="86"/>
<Cov CovItemId="S148" Value="86"/>
<Cov CovItemId="S156" Value="86"/>
<Cov CovItemId="S162" Value="189"/>
<Cov CovItemId="S19" Value="189"/>
<Cov CovItemId="S20" Value="189"/>
<Cov CovItemId="S21" Value="64"/>
<Cov CovItemId="S22" Value="64"/>
<Cov CovItemId="S30" Value="125"/>
<Cov CovItemId="S31" Value="26"/>
<Cov CovItemId="S32" Value="13"/>
<Cov CovItemId="S33" Value="13"/>
<Cov CovItemId="S34" Value="13"/>
<Cov CovItemId="S38" Value="125"/>
<Cov CovItemId="S39" Value="60"/>
<Cov CovItemId="S4" Value="5"/>
<Cov CovItemId="S40" Value="12"/>
<Cov CovItemId="S41" Value="48"/>
<Cov CovItemId="S42" Value="12"/>
<Cov CovItemId="S43" Value="36"/>
<Cov CovItemId="S45" Value="36"/>
<Cov CovItemId="S46" Value="125"/>
<Cov CovItemId="S54" Value="125"/>
<Cov CovItemId="S64" Value="125"/>
<Cov CovItemId="S70" Value="125"/>
<Cov CovItemId="S76" Value="125"/>
<Cov CovItemId="S84" Value="125"/>
<Cov CovItemId="S92" Value="125"/>
</CovPrefix>
</CovList>
<AssgnmntList>
<AssgnmntPrefix RootTermCovItemPrefix="com.OriginalFiles.Analyze.java">
<AssgnmntListEntry Length="1" RootTermCovItemId="C1">
<MapEntry BoolAssgnmnt="0" Value="32"/>
<MapEntry BoolAssgnmnt="1" Value="10"/>
</AssgnmntListEntry>
<AssgnmntListEntry Length="1" RootTermCovItemId="C10">
<MapEntry BoolAssgnmnt="0" Value="7"/>
<MapEntry BoolAssgnmnt="1" Value="25"/>
</AssgnmntListEntry>
<AssgnmntListEntry Length="1" RootTermCovItemId="C11">
<MapEntry BoolAssgnmnt="0" Value="4"/>
<MapEntry BoolAssgnmnt="1" Value="3"/>
</AssgnmntListEntry>
<AssgnmntListEntry Length="1" RootTermCovItemId="C12">
<MapEntry BoolAssgnmnt="0" Value="1"/>
<MapEntry BoolAssgnmnt="1" Value="3"/>
</AssgnmntListEntry>
<AssgnmntListEntry Length="1" RootTermCovItemId="C13">
<MapEntry BoolAssgnmnt="0" Value="25"/>
</AssgnmntListEntry>
<AssgnmntListEntry Length="1" RootTermCovItemId="C16">
<MapEntry BoolAssgnmnt="1" Value="25"/>
</AssgnmntListEntry>
<AssgnmntListEntry Length="1" RootTermCovItemId="C17">
<MapEntry BoolAssgnmnt="1" Value="25"/>
</AssgnmntListEntry>
<AssgnmntListEntry Length="1" RootTermCovItemId="C18">
<MapEntry BoolAssgnmnt="0" Value="12"/>
<MapEntry BoolAssgnmnt="1" Value="13"/>
</AssgnmntListEntry>
<AssgnmntListEntry Length="1" RootTermCovItemId="C19">
<MapEntry BoolAssgnmnt="1" Value="13"/>
</AssgnmntListEntry>
<AssgnmntListEntry Length="1" RootTermCovItemId="C2">
<MapEntry BoolAssgnmnt="0" Value="25"/>
<MapEntry BoolAssgnmnt="1" Value="7"/>
</AssgnmntListEntry>
<AssgnmntListEntry Length="1" RootTermCovItemId="C20">
<MapEntry BoolAssgnmnt="0" Value="12"/>
</AssgnmntListEntry>
<AssgnmntListEntry Length="1" RootTermCovItemId="C22">
<MapEntry BoolAssgnmnt="1" Value="12"/>
</AssgnmntListEntry>
<AssgnmntListEntry Length="1" RootTermCovItemId="C23">
<MapEntry BoolAssgnmnt="0" Value="12"/>
</AssgnmntListEntry>
<AssgnmntListEntry Length="1" RootTermCovItemId="C25">
<MapEntry BoolAssgnmnt="1" Value="12"/>
</AssgnmntListEntry>
<AssgnmntListEntry Length="1" RootTermCovItemId="C26">
<MapEntry BoolAssgnmnt="1" Value="12"/>
</AssgnmntListEntry>
<AssgnmntListEntry Length="1" RootTermCovItemId="C27">
<MapEntry BoolAssgnmnt="1" Value="25"/>
</AssgnmntListEntry>
<AssgnmntListEntry Length="1" RootTermCovItemId="C28">
<MapEntry BoolAssgnmnt="1" Value="25"/>
</AssgnmntListEntry>
<AssgnmntListEntry Length="1" RootTermCovItemId="C29">
<MapEntry BoolAssgnmnt="1" Value="25"/>
</AssgnmntListEntry>
<AssgnmntListEntry Length="1" RootTermCovItemId="C3">
<MapEntry BoolAssgnmnt="0" Value="30"/>
<MapEntry BoolAssgnmnt="1" Value="2"/>
</AssgnmntListEntry>
<AssgnmntListEntry Length="1" RootTermCovItemId="C30">
<MapEntry BoolAssgnmnt="1" Value="25"/>
</AssgnmntListEntry>
<AssgnmntListEntry Length="1" RootTermCovItemId="C31">
<MapEntry BoolAssgnmnt="0" Value="25"/>
<MapEntry BoolAssgnmnt="1" Value="100"/>
</AssgnmntListEntry>
<AssgnmntListEntry Length="2" RootTermCovItemId="C32">
<MapEntry BoolAssgnmnt="10" Value="25"/>
<MapEntry BoolAssgnmnt="02" Value="50"/>
<MapEntry BoolAssgnmnt="11" Value="25"/>
</AssgnmntListEntry>
<AssgnmntListEntry Length="1" RootTermCovItemId="C33">
<MapEntry BoolAssgnmnt="1" Value="100"/>
</AssgnmntListEntry>
<AssgnmntListEntry Length="1" RootTermCovItemId="C4">
<MapEntry BoolAssgnmnt="0" Value="64"/>
<MapEntry BoolAssgnmnt="1" Value="1984"/>
</AssgnmntListEntry>
<AssgnmntListEntry Length="1" RootTermCovItemId="C49">
<MapEntry BoolAssgnmnt="0" Value="25"/>
</AssgnmntListEntry>
<AssgnmntListEntry Length="2" RootTermCovItemId="C5">
<MapEntry BoolAssgnmnt="10" Value="32"/>
<MapEntry BoolAssgnmnt="11" Value="32"/>
</AssgnmntListEntry>
<AssgnmntListEntry Length="1" RootTermCovItemId="C56">
<MapEntry BoolAssgnmnt="0" Value="32"/>
</AssgnmntListEntry>
<AssgnmntListEntry Length="1" RootTermCovItemId="C6">
<MapEntry BoolAssgnmnt="1" Value="32"/>
</AssgnmntListEntry>
<AssgnmntListEntry Length="6" RootTermCovItemId="C66">
<MapEntry BoolAssgnmnt="022222" Value="125"/>
<MapEntry BoolAssgnmnt="111111" Value="64"/>
</AssgnmntListEntry>
<AssgnmntListEntry Length="6" RootTermCovItemId="C67">
<MapEntry BoolAssgnmnt="022222" Value="125"/>
</AssgnmntListEntry>
<AssgnmntListEntry Length="6" RootTermCovItemId="C68">
<MapEntry BoolAssgnmnt="102222" Value="91"/>
<MapEntry BoolAssgnmnt="111111" Value="34"/>
</AssgnmntListEntry>
<AssgnmntListEntry Length="6" RootTermCovItemId="C69">
<MapEntry BoolAssgnmnt="102222" Value="91"/>
</AssgnmntListEntry>
<AssgnmntListEntry Length="1" RootTermCovItemId="C7">
<MapEntry BoolAssgnmnt="0" Value="7"/>
<MapEntry BoolAssgnmnt="1" Value="25"/>
</AssgnmntListEntry>
<AssgnmntListEntry Length="1" RootTermCovItemId="C70">
<MapEntry BoolAssgnmnt="0" Value="148"/>
<MapEntry BoolAssgnmnt="1" Value="4588"/>
</AssgnmntListEntry>
<AssgnmntListEntry Length="1" RootTermCovItemId="C71">
<MapEntry BoolAssgnmnt="0" Value="57"/>
<MapEntry BoolAssgnmnt="1" Value="91"/>
</AssgnmntListEntry>
<AssgnmntListEntry Length="1" RootTermCovItemId="C72">
<MapEntry BoolAssgnmnt="1" Value="91"/>
</AssgnmntListEntry>
<AssgnmntListEntry Length="1" RootTermCovItemId="C73">
<MapEntry BoolAssgnmnt="0" Value="91"/>
<MapEntry BoolAssgnmnt="1" Value="57"/>
</AssgnmntListEntry>
<AssgnmntListEntry Length="1" RootTermCovItemId="C74">
<MapEntry BoolAssgnmnt="1" Value="57"/>
</AssgnmntListEntry>
<AssgnmntListEntry Length="3" RootTermCovItemId="C75">
<MapEntry BoolAssgnmnt="012" Value="32"/>
<MapEntry BoolAssgnmnt="122" Value="17"/>
<MapEntry BoolAssgnmnt="001" Value="25"/>
</AssgnmntListEntry>
<AssgnmntListEntry Length="3" RootTermCovItemId="C76">
<MapEntry BoolAssgnmnt="011" Value="32"/>
<MapEntry BoolAssgnmnt="002" Value="25"/>
</AssgnmntListEntry>
<AssgnmntListEntry Length="2" RootTermCovItemId="C77">
<MapEntry BoolAssgnmnt="11" Value="57"/>
</AssgnmntListEntry>
<AssgnmntListEntry Length="2" RootTermCovItemId="C78">
<MapEntry BoolAssgnmnt="11" Value="57"/>
</AssgnmntListEntry>
<AssgnmntListEntry Length="2" RootTermCovItemId="C79">
<MapEntry BoolAssgnmnt="00" Value="57"/>
</AssgnmntListEntry>
<AssgnmntListEntry Length="2" RootTermCovItemId="C8">
<MapEntry BoolAssgnmnt="02" Value="25"/>
</AssgnmntListEntry>
<AssgnmntListEntry Length="1" RootTermCovItemId="C9">
<MapEntry BoolAssgnmnt="1" Value="25"/>
</AssgnmntListEntry>
<AssgnmntListEntry Length="8" RootTermCovItemId="C90">
<MapEntry BoolAssgnmnt="02020202" Value="114"/>
</AssgnmntListEntry>
</AssgnmntPrefix>
<AssgnmntPrefix RootTermCovItemPrefix="com.OriginalFiles.Board.java">
<AssgnmntListEntry Length="1" RootTermCovItemId="C14">
<MapEntry BoolAssgnmnt="0" Value="32"/>
<MapEntry BoolAssgnmnt="1" Value="32"/>
</AssgnmntListEntry>
<AssgnmntListEntry Length="1" RootTermCovItemId="C15">
<MapEntry BoolAssgnmnt="0" Value="32"/>
</AssgnmntListEntry>
<AssgnmntListEntry Length="1" RootTermCovItemId="C24">
<MapEntry BoolAssgnmnt="0" Value="75"/>
</AssgnmntListEntry>
<AssgnmntListEntry Length="1" RootTermCovItemId="C26">
<MapEntry BoolAssgnmnt="0" Value="25"/>
</AssgnmntListEntry>
<AssgnmntListEntry Length="1" RootTermCovItemId="C27">
<MapEntry BoolAssgnmnt="1" Value="25"/>
</AssgnmntListEntry>
<AssgnmntListEntry Length="2" RootTermCovItemId="C28">
<MapEntry BoolAssgnmnt="02" Value="25"/>
</AssgnmntListEntry>
<AssgnmntListEntry Length="1" RootTermCovItemId="C29">
<MapEntry BoolAssgnmnt="1" Value="25"/>
</AssgnmntListEntry>
<AssgnmntListEntry Length="1" RootTermCovItemId="C30">
<MapEntry BoolAssgnmnt="1" Value="93"/>
</AssgnmntListEntry>
<AssgnmntListEntry Length="1" RootTermCovItemId="C31">
<MapEntry BoolAssgnmnt="1" Value="1173"/>
</AssgnmntListEntry>
<AssgnmntListEntry Length="1" RootTermCovItemId="C32">
<MapEntry BoolAssgnmnt="0" Value="278"/>
</AssgnmntListEntry>
<AssgnmntListEntry Length="1" RootTermCovItemId="C33">
<MapEntry BoolAssgnmnt="0" Value="278"/>
</AssgnmntListEntry>
<AssgnmntListEntry Length="1" RootTermCovItemId="C34">
<MapEntry BoolAssgnmnt="0" Value="278"/>
</AssgnmntListEntry>
<AssgnmntListEntry Length="1" RootTermCovItemId="C35">
<MapEntry BoolAssgnmnt="1" Value="278"/>
</AssgnmntListEntry>
<AssgnmntListEntry Length="1" RootTermCovItemId="C36">
<MapEntry BoolAssgnmnt="0" Value="278"/>
</AssgnmntListEntry>
<AssgnmntListEntry Length="1" RootTermCovItemId="C37">
<MapEntry BoolAssgnmnt="0" Value="278"/>
</AssgnmntListEntry>
<AssgnmntListEntry Length="5" RootTermCovItemId="C38">
<MapEntry BoolAssgnmnt="02002" Value="328"/>
<MapEntry BoolAssgnmnt="10122" Value="228"/>
<MapEntry BoolAssgnmnt="11221" Value="228"/>
<MapEntry BoolAssgnmnt="02011" Value="328"/>
</AssgnmntListEntry>
<AssgnmntListEntry Length="1" RootTermCovItemId="C39">
<MapEntry BoolAssgnmnt="0" Value="150"/>
<MapEntry BoolAssgnmnt="1" Value="962"/>
</AssgnmntListEntry>
<AssgnmntListEntry Length="1" RootTermCovItemId="C40">
<MapEntry BoolAssgnmnt="0" Value="962"/>
</AssgnmntListEntry>
<AssgnmntListEntry Length="2" RootTermCovItemId="C41">
<MapEntry BoolAssgnmnt="02" Value="962"/>
</AssgnmntListEntry>
<AssgnmntListEntry Length="1" RootTermCovItemId="C42">
<MapEntry BoolAssgnmnt="0" Value="4448"/>
<MapEntry BoolAssgnmnt="1" Value="4448"/>
</AssgnmntListEntry>
<AssgnmntListEntry Length="1" RootTermCovItemId="C43">
<MapEntry BoolAssgnmnt="0" Value="4170"/>
<MapEntry BoolAssgnmnt="1" Value="278"/>
</AssgnmntListEntry>
<AssgnmntListEntry Length="1" RootTermCovItemId="C44">
<MapEntry BoolAssgnmnt="0" Value="164"/>
<MapEntry BoolAssgnmnt="1" Value="114"/>
</AssgnmntListEntry>
<AssgnmntListEntry Length="1" RootTermCovItemId="C46">
<MapEntry BoolAssgnmnt="0" Value="1"/>
<MapEntry BoolAssgnmnt="1" Value="8"/>
</AssgnmntListEntry>
<AssgnmntListEntry Length="1" RootTermCovItemId="C47">
<MapEntry BoolAssgnmnt="0" Value="4"/>
<MapEntry BoolAssgnmnt="1" Value="4"/>
</AssgnmntListEntry>
<AssgnmntListEntry Length="1" RootTermCovItemId="C48">
<MapEntry BoolAssgnmnt="0" Value="4"/>
<MapEntry BoolAssgnmnt="1" Value="32"/>
</AssgnmntListEntry>
<AssgnmntListEntry Length="1" RootTermCovItemId="C49">
<MapEntry BoolAssgnmnt="0" Value="16"/>
<MapEntry BoolAssgnmnt="1" Value="16"/>
</AssgnmntListEntry>
<AssgnmntListEntry Length="1" RootTermCovItemId="C50">
<MapEntry BoolAssgnmnt="0" Value="4"/>
<MapEntry BoolAssgnmnt="1" Value="32"/>
</AssgnmntListEntry>
<AssgnmntListEntry Length="1" RootTermCovItemId="C51">
<MapEntry BoolAssgnmnt="0" Value="16"/>
<MapEntry BoolAssgnmnt="1" Value="16"/>
</AssgnmntListEntry>
<AssgnmntListEntry Length="1" RootTermCovItemId="C52">
<MapEntry BoolAssgnmnt="0" Value="2"/>
<MapEntry BoolAssgnmnt="1" Value="30"/>
</AssgnmntListEntry>
<AssgnmntListEntry Length="1" RootTermCovItemId="C53">
<MapEntry BoolAssgnmnt="1" Value="1700"/>
</AssgnmntListEntry>
<AssgnmntListEntry Length="1" RootTermCovItemId="C54">
<MapEntry BoolAssgnmnt="0" Value="663"/>
<MapEntry BoolAssgnmnt="1" Value="1037"/>
</AssgnmntListEntry>
<AssgnmntListEntry Length="3" RootTermCovItemId="C55">
<MapEntry BoolAssgnmnt="011" Value="93"/>
<MapEntry BoolAssgnmnt="010" Value="175"/>
<MapEntry BoolAssgnmnt="002" Value="451"/>
<MapEntry BoolAssgnmnt="120" Value="24"/>
<MapEntry BoolAssgnmnt="121" Value="24"/>
</AssgnmntListEntry>
<AssgnmntListEntry Length="3" RootTermCovItemId="C56">
<MapEntry BoolAssgnmnt="011" Value="152"/>
<MapEntry BoolAssgnmnt="010" Value="259"/>
<MapEntry BoolAssgnmnt="002" Value="117"/>
<MapEntry BoolAssgnmnt="120" Value="16"/>
<MapEntry BoolAssgnmnt="121" Value="24"/>
</AssgnmntListEntry>
</AssgnmntPrefix>
<AssgnmntPrefix RootTermCovItemPrefix="com.OriginalFiles.Field.java">
<AssgnmntListEntry Length="1" RootTermCovItemId="C1">
<MapEntry BoolAssgnmnt="0" Value="99"/>
<MapEntry BoolAssgnmnt="1" Value="46"/>
</AssgnmntListEntry>
</AssgnmntPrefix>
<AssgnmntPrefix RootTermCovItemPrefix="com.OriginalFiles.Piece.java">
<AssgnmntListEntry Length="1" RootTermCovItemId="C1">
<MapEntry BoolAssgnmnt="0" Value="16"/>
<MapEntry BoolAssgnmnt="1" Value="91"/>
</AssgnmntListEntry>
<AssgnmntListEntry Length="1" RootTermCovItemId="C3">
<MapEntry BoolAssgnmnt="0" Value="46"/>
<MapEntry BoolAssgnmnt="1" Value="45"/>
</AssgnmntListEntry>
<AssgnmntListEntry Length="1" RootTermCovItemId="C4">
<MapEntry BoolAssgnmnt="0" Value="16"/>
<MapEntry BoolAssgnmnt="1" Value="91"/>
</AssgnmntListEntry>
<AssgnmntListEntry Length="1" RootTermCovItemId="C5">
<MapEntry BoolAssgnmnt="1" Value="91"/>
</AssgnmntListEntry>
<AssgnmntListEntry Length="1" RootTermCovItemId="C6">
<MapEntry BoolAssgnmnt="0" Value="91"/>
</AssgnmntListEntry>
<AssgnmntListEntry Length="5" RootTermCovItemId="C7">
<MapEntry BoolAssgnmnt="00210" Value="20"/>
<MapEntry BoolAssgnmnt="00211" Value="8"/>
<MapEntry BoolAssgnmnt="01002" Value="20"/>
<MapEntry BoolAssgnmnt="12222" Value="35"/>
<MapEntry BoolAssgnmnt="01122" Value="8"/>
</AssgnmntListEntry>
<AssgnmntListEntry Length="1" RootTermCovItemId="C8">
<MapEntry BoolAssgnmnt="1" Value="16"/>
</AssgnmntListEntry>
<AssgnmntListEntry Length="1" RootTermCovItemId="C9">
<MapEntry BoolAssgnmnt="0" Value="56"/>
<MapEntry BoolAssgnmnt="1" Value="35"/>
</AssgnmntListEntry>
</AssgnmntPrefix>
<AssgnmntPrefix RootTermCovItemPrefix="com.OriginalFiles.RemoteNXTFunctions.java">
<AssgnmntListEntry Length="1" RootTermCovItemId="C10">
<MapEntry BoolAssgnmnt="0" Value="99"/>
<MapEntry BoolAssgnmnt="1" Value="26"/>
</AssgnmntListEntry>
<AssgnmntListEntry Length="2" RootTermCovItemId="C11">
<MapEntry BoolAssgnmnt="02" Value="13"/>
<MapEntry BoolAssgnmnt="11" Value="13"/>
</AssgnmntListEntry>
<AssgnmntListEntry Length="2" RootTermCovItemId="C12">
<MapEntry BoolAssgnmnt="11" Value="13"/>
</AssgnmntListEntry>
<AssgnmntListEntry Length="1" RootTermCovItemId="C14">
<MapEntry BoolAssgnmnt="0" Value="65"/>
<MapEntry BoolAssgnmnt="1" Value="60"/>
</AssgnmntListEntry>
<AssgnmntListEntry Length="2" RootTermCovItemId="C15">
<MapEntry BoolAssgnmnt="10" Value="12"/>
<MapEntry BoolAssgnmnt="02" Value="36"/>
<MapEntry BoolAssgnmnt="11" Value="12"/>
</AssgnmntListEntry>
<AssgnmntListEntry Length="2" RootTermCovItemId="C16">
<MapEntry BoolAssgnmnt="02" Value="36"/>
<MapEntry BoolAssgnmnt="11" Value="12"/>
</AssgnmntListEntry>
<AssgnmntListEntry Length="1" RootTermCovItemId="C17">
<MapEntry BoolAssgnmnt="0" Value="36"/>
</AssgnmntListEntry>
<AssgnmntListEntry Length="1" RootTermCovItemId="C18">
<MapEntry BoolAssgnmnt="0" Value="125"/>
</AssgnmntListEntry>
<AssgnmntListEntry Length="1" RootTermCovItemId="C22">
<MapEntry BoolAssgnmnt="0" Value="125"/>
</AssgnmntListEntry>
<AssgnmntListEntry Length="1" RootTermCovItemId="C27">
<MapEntry BoolAssgnmnt="0" Value="125"/>
</AssgnmntListEntry>
<AssgnmntListEntry Length="1" RootTermCovItemId="C30">
<MapEntry BoolAssgnmnt="0" Value="125"/>
</AssgnmntListEntry>
<AssgnmntListEntry Length="1" RootTermCovItemId="C33">
<MapEntry BoolAssgnmnt="0" Value="125"/>
</AssgnmntListEntry>
<AssgnmntListEntry Length="1" RootTermCovItemId="C37">
<MapEntry BoolAssgnmnt="0" Value="125"/>
</AssgnmntListEntry>
<AssgnmntListEntry Length="1" RootTermCovItemId="C41">
<MapEntry BoolAssgnmnt="0" Value="125"/>
</AssgnmntListEntry>
<AssgnmntListEntry Length="1" RootTermCovItemId="C45">
<MapEntry BoolAssgnmnt="0" Value="125"/>
</AssgnmntListEntry>
<AssgnmntListEntry Length="1" RootTermCovItemId="C49">
<MapEntry BoolAssgnmnt="0" Value="125"/>
</AssgnmntListEntry>
<AssgnmntListEntry Length="1" RootTermCovItemId="C5">
<MapEntry BoolAssgnmnt="0" Value="125"/>
<MapEntry BoolAssgnmnt="1" Value="64"/>
</AssgnmntListEntry>
<AssgnmntListEntry Length="1" RootTermCovItemId="C54">
<MapEntry BoolAssgnmnt="0" Value="86"/>
<MapEntry BoolAssgnmnt="1" Value="39"/>
</AssgnmntListEntry>
<AssgnmntListEntry Length="2" RootTermCovItemId="C55">
<MapEntry BoolAssgnmnt="10" Value="3"/>
<MapEntry BoolAssgnmnt="02" Value="35"/>
<MapEntry BoolAssgnmnt="11" Value="1"/>
</AssgnmntListEntry>
<AssgnmntListEntry Length="2" RootTermCovItemId="C56">
<MapEntry BoolAssgnmnt="10" Value="3"/>
<MapEntry BoolAssgnmnt="02" Value="34"/>
<MapEntry BoolAssgnmnt="11" Value="1"/>
</AssgnmntListEntry>
<AssgnmntListEntry Length="2" RootTermCovItemId="C57">
<MapEntry BoolAssgnmnt="10" Value="2"/>
<MapEntry BoolAssgnmnt="02" Value="34"/>
<MapEntry BoolAssgnmnt="11" Value="1"/>
</AssgnmntListEntry>
<AssgnmntListEntry Length="1" RootTermCovItemId="C58">
<MapEntry BoolAssgnmnt="0" Value="28"/>
<MapEntry BoolAssgnmnt="1" Value="8"/>
</AssgnmntListEntry>
<AssgnmntListEntry Length="1" RootTermCovItemId="C59">
<MapEntry BoolAssgnmnt="0" Value="86"/>
</AssgnmntListEntry>
<AssgnmntListEntry Length="2" RootTermCovItemId="C6">
<MapEntry BoolAssgnmnt="11" Value="64"/>
</AssgnmntListEntry>
<AssgnmntListEntry Length="1" RootTermCovItemId="C64">
<MapEntry BoolAssgnmnt="0" Value="86"/>
</AssgnmntListEntry>
<AssgnmntListEntry Length="1" RootTermCovItemId="C69">
<MapEntry BoolAssgnmnt="0" Value="86"/>
</AssgnmntListEntry>
<AssgnmntListEntry Length="1" RootTermCovItemId="C73">
<MapEntry BoolAssgnmnt="0" Value="86"/>
</AssgnmntListEntry>
</AssgnmntPrefix>
</AssgnmntList>
<ObjMetaDataList/>
<MetaDataList/>
</TestCase>
<TestCase Comment="" Date="1386061681008" Name="com.Testing.AnalyzeTest:testGetColor">
<CovList>
<CovPrefix CovItemPrefix="com.OriginalFiles.Analyze.java">
<Cov CovItemId="B107" Value="33"/>
<Cov CovItemId="B108" Value="4"/>
<Cov CovItemId="B109" Value="1"/>
<Cov CovItemId="B110" Value="3"/>
<Cov CovItemId="B111" Value="1"/>
<Cov CovItemId="B112" Value="2"/>
<Cov CovItemId="B113" Value="1"/>
<Cov CovItemId="B114" Value="1"/>
<Cov CovItemId="S200" Value="37"/>
<Cov CovItemId="S201" Value="37"/>
<Cov CovItemId="S202" Value="37"/>
<Cov CovItemId="S203" Value="37"/>
<Cov CovItemId="S204" Value="37"/>
<Cov CovItemId="S205" Value="33"/>
<Cov CovItemId="S206" Value="4"/>
<Cov CovItemId="S207" Value="1"/>
<Cov CovItemId="S208" Value="3"/>
<Cov CovItemId="S209" Value="1"/>
<Cov CovItemId="S210" Value="2"/>
<Cov CovItemId="S211" Value="1"/>
<Cov CovItemId="S212" Value="1"/>
</CovPrefix>
<CovPrefix CovItemPrefix="com.OriginalFiles.Board.java">
<Cov CovItemId="B83" Value="13"/>
<Cov CovItemId="B84" Value="35"/>
<Cov CovItemId="B85" Value="13"/>
<Cov CovItemId="B86" Value="22"/>
<Cov CovItemId="S180" Value="48"/>
<Cov CovItemId="S181" Value="13"/>
<Cov CovItemId="S182" Value="35"/>
<Cov CovItemId="S183" Value="13"/>
<Cov CovItemId="S184" Value="22"/>
<Cov CovItemId="S185" Value="36"/>
</CovPrefix>
<CovPrefix CovItemPrefix="com.OriginalFiles.Field.java">
<Cov CovItemId="B1" Value="34"/>
<Cov CovItemId="B2" Value="8"/>
<Cov CovItemId="S1" Value="88"/>
<Cov CovItemId="S13" Value="64"/>
<Cov CovItemId="S2" Value="88"/>
<Cov CovItemId="S5" Value="42"/>
<Cov CovItemId="S6" Value="42"/>
<Cov CovItemId="S7" Value="34"/>
<Cov CovItemId="S8" Value="8"/>
<Cov CovItemId="S9" Value="42"/>
</CovPrefix>
<CovPrefix CovItemPrefix="com.OriginalFiles.Piece.java">
<Cov CovItemId="B1" Value="28"/>
<Cov CovItemId="B12" Value="28"/>
<Cov CovItemId="B13" Value="8"/>
<Cov CovItemId="B14" Value="20"/>
<Cov CovItemId="B15" Value="8"/>
<Cov CovItemId="B17" Value="2"/>
<Cov CovItemId="B18" Value="26"/>
<Cov CovItemId="B2" Value="8"/>
<Cov CovItemId="B5" Value="12"/>
<Cov CovItemId="B6" Value="16"/>
<Cov CovItemId="B7" Value="28"/>
<Cov CovItemId="B8" Value="8"/>
<Cov CovItemId="B9" Value="28"/>
<Cov CovItemId="S1" Value="34"/>
<Cov CovItemId="S10" Value="34"/>
<Cov CovItemId="S11" Value="34"/>
<Cov CovItemId="S12" Value="34"/>
<Cov CovItemId="S13" Value="34"/>
<Cov CovItemId="S14" Value="34"/>
<Cov CovItemId="S17" Value="36"/>
<Cov CovItemId="S18" Value="36"/>
<Cov CovItemId="S19" Value="36"/>
<Cov CovItemId="S2" Value="34"/>
<Cov CovItemId="S20" Value="36"/>
<Cov CovItemId="S21" Value="28"/>
<Cov CovItemId="S22" Value="8"/>
<Cov CovItemId="S23" Value="8"/>
<Cov CovItemId="S27" Value="28"/>
<Cov CovItemId="S28" Value="12"/>
<Cov CovItemId="S29" Value="16"/>
<Cov CovItemId="S3" Value="34"/>
<Cov CovItemId="S30" Value="36"/>
<Cov CovItemId="S31" Value="36"/>
<Cov CovItemId="S32" Value="28"/>
<Cov CovItemId="S33" Value="28"/>
<Cov CovItemId="S34" Value="28"/>
<Cov CovItemId="S35" Value="28"/>
<Cov CovItemId="S36" Value="28"/>
<Cov CovItemId="S38" Value="28"/>
<Cov CovItemId="S39" Value="8"/>
<Cov CovItemId="S4" Value="34"/>
<Cov CovItemId="S40" Value="8"/>
<Cov CovItemId="S41" Value="8"/>
<Cov CovItemId="S42" Value="28"/>
<Cov CovItemId="S43" Value="2"/>
<Cov CovItemId="S44" Value="28"/>
<Cov CovItemId="S5" Value="34"/>
<Cov CovItemId="S6" Value="34"/>
<Cov CovItemId="S7" Value="34"/>
<Cov CovItemId="S8" Value="34"/>
<Cov CovItemId="S9" Value="34"/>
</CovPrefix>
<CovPrefix CovItemPrefix="com.OriginalFiles.RemoteNXTFunctions.java">
<Cov CovItemId="B10" Value="5"/>
<Cov CovItemId="B11" Value="1"/>
<Cov CovItemId="B12" Value="4"/>
<Cov CovItemId="B13" Value="3"/>
<Cov CovItemId="B14" Value="1"/>
<Cov CovItemId="B5" Value="37"/>
<Cov CovItemId="B7" Value="32"/>
<Cov CovItemId="B8" Value="5"/>
<Cov CovItemId="S162" Value="37"/>
<Cov CovItemId="S19" Value="37"/>
<Cov CovItemId="S20" Value="37"/>
<Cov CovItemId="S21" Value="37"/>
<Cov CovItemId="S22" Value="32"/>
<Cov CovItemId="S23" Value="5"/>
<Cov CovItemId="S25" Value="5"/>
<Cov CovItemId="S26" Value="1"/>
<Cov CovItemId="S27" Value="4"/>
<Cov CovItemId="S28" Value="3"/>
<Cov CovItemId="S29" Value="1"/>
</CovPrefix>
</CovList>
<AssgnmntList>
<AssgnmntPrefix RootTermCovItemPrefix="com.OriginalFiles.Analyze.java">
<AssgnmntListEntry Length="6" RootTermCovItemId="C66">
<MapEntry BoolAssgnmnt="110222" Value="1"/>
<MapEntry BoolAssgnmnt="022222" Value="3"/>
<MapEntry BoolAssgnmnt="111111" Value="33"/>
</AssgnmntListEntry>
<AssgnmntListEntry Length="6" RootTermCovItemId="C67">
<MapEntry BoolAssgnmnt="022222" Value="3"/>
<MapEntry BoolAssgnmnt="111111" Value="1"/>
</AssgnmntListEntry>
<AssgnmntListEntry Length="6" RootTermCovItemId="C68">
<MapEntry BoolAssgnmnt="102222" Value="2"/>
<MapEntry BoolAssgnmnt="111111" Value="1"/>
</AssgnmntListEntry>
<AssgnmntListEntry Length="6" RootTermCovItemId="C69">
<MapEntry BoolAssgnmnt="102222" Value="1"/>
<MapEntry BoolAssgnmnt="111111" Value="1"/>
</AssgnmntListEntry>
</AssgnmntPrefix>
<AssgnmntPrefix RootTermCovItemPrefix="com.OriginalFiles.Board.java">
<AssgnmntListEntry Length="3" RootTermCovItemId="C55">
<MapEntry BoolAssgnmnt="011" Value="1"/>
<MapEntry BoolAssgnmnt="010" Value="1"/>
<MapEntry BoolAssgnmnt="002" Value="22"/>
<MapEntry BoolAssgnmnt="120" Value="12"/>
<MapEntry BoolAssgnmnt="121" Value="12"/>
</AssgnmntListEntry>
<AssgnmntListEntry Length="3" RootTermCovItemId="C56">
<MapEntry BoolAssgnmnt="011" Value="1"/>
<MapEntry BoolAssgnmnt="010" Value="1"/>
<MapEntry BoolAssgnmnt="002" Value="13"/>
<MapEntry BoolAssgnmnt="120" Value="8"/>
<MapEntry BoolAssgnmnt="121" Value="12"/>
</AssgnmntListEntry>
</AssgnmntPrefix>
<AssgnmntPrefix RootTermCovItemPrefix="com.OriginalFiles.Field.java">
<AssgnmntListEntry Length="1" RootTermCovItemId="C1">
<MapEntry BoolAssgnmnt="0" Value="34"/>
<MapEntry BoolAssgnmnt="1" Value="8"/>
</AssgnmntListEntry>
</AssgnmntPrefix>
<AssgnmntPrefix RootTermCovItemPrefix="com.OriginalFiles.Piece.java">
<AssgnmntListEntry Length="1" RootTermCovItemId="C1">
<MapEntry BoolAssgnmnt="0" Value="8"/>
<MapEntry BoolAssgnmnt="1" Value="28"/>
</AssgnmntListEntry>
<AssgnmntListEntry Length="1" RootTermCovItemId="C3">
<MapEntry BoolAssgnmnt="0" Value="16"/>
<MapEntry BoolAssgnmnt="1" Value="12"/>
</AssgnmntListEntry>
<AssgnmntListEntry Length="1" RootTermCovItemId="C4">
<MapEntry BoolAssgnmnt="0" Value="8"/>
<MapEntry BoolAssgnmnt="1" Value="28"/>
</AssgnmntListEntry>
<AssgnmntListEntry Length="1" RootTermCovItemId="C5">
<MapEntry BoolAssgnmnt="1" Value="28"/>
</AssgnmntListEntry>
<AssgnmntListEntry Length="1" RootTermCovItemId="C6">
<MapEntry BoolAssgnmnt="0" Value="28"/>
</AssgnmntListEntry>
<AssgnmntListEntry Length="5" RootTermCovItemId="C7">
<MapEntry BoolAssgnmnt="00210" Value="9"/>
<MapEntry BoolAssgnmnt="00211" Value="4"/>
<MapEntry BoolAssgnmnt="01002" Value="9"/>
<MapEntry BoolAssgnmnt="12222" Value="2"/>
<MapEntry BoolAssgnmnt="01122" Value="4"/>
</AssgnmntListEntry>
<AssgnmntListEntry Length="1" RootTermCovItemId="C8">
<MapEntry BoolAssgnmnt="1" Value="8"/>
</AssgnmntListEntry>
<AssgnmntListEntry Length="1" RootTermCovItemId="C9">
<MapEntry BoolAssgnmnt="0" Value="26"/>
<MapEntry BoolAssgnmnt="1" Value="2"/>
</AssgnmntListEntry>
</AssgnmntPrefix>
<AssgnmntPrefix RootTermCovItemPrefix="com.OriginalFiles.RemoteNXTFunctions.java">
<AssgnmntListEntry Length="1" RootTermCovItemId="C5">
<MapEntry BoolAssgnmnt="1" Value="37"/>
</AssgnmntListEntry>
<AssgnmntListEntry Length="2" RootTermCovItemId="C6">
<MapEntry BoolAssgnmnt="10" Value="1"/>
<MapEntry BoolAssgnmnt="02" Value="4"/>
<MapEntry BoolAssgnmnt="11" Value="32"/>
</AssgnmntListEntry>
<AssgnmntListEntry Length="2" RootTermCovItemId="C7">
<MapEntry BoolAssgnmnt="02" Value="5"/>
</AssgnmntListEntry>
<AssgnmntListEntry Length="2" RootTermCovItemId="C8">
<MapEntry BoolAssgnmnt="10" Value="1"/>
<MapEntry BoolAssgnmnt="02" Value="3"/>
<MapEntry BoolAssgnmnt="11" Value="1"/>
</AssgnmntListEntry>
<AssgnmntListEntry Length="1" RootTermCovItemId="C9">
<MapEntry BoolAssgnmnt="0" Value="1"/>
<MapEntry BoolAssgnmnt="1" Value="3"/>
</AssgnmntListEntry>
</AssgnmntPrefix>
</AssgnmntList>
<ObjMetaDataList/>
<MetaDataList/>
</TestCase>
<TestCase Comment="" Date="1386061681009" Name="com.Testing.AnalyzeTest:testCheckForGameHasEnded">
<CovList>
<CovPrefix CovItemPrefix="com.OriginalFiles.Analyze.java">
<Cov CovItemId="B107" Value="32"/>
<Cov CovItemId="B115" Value="2"/>
<Cov CovItemId="B116" Value="2"/>
<Cov CovItemId="B117" Value="2"/>
<Cov CovItemId="B120" Value="144"/>
<Cov CovItemId="B121" Value="240"/>
<Cov CovItemId="B122" Value="72"/>
<Cov CovItemId="B123" Value="72"/>
<Cov CovItemId="B124" Value="16"/>
<Cov CovItemId="B125" Value="56"/>
<Cov CovItemId="B126" Value="72"/>
<Cov CovItemId="B127" Value="72"/>
<Cov CovItemId="B128" Value="16"/>
<Cov CovItemId="B129" Value="56"/>
<Cov CovItemId="B130" Value="2"/>
<Cov CovItemId="B131" Value="4"/>
<Cov CovItemId="B132" Value="2"/>
<Cov CovItemId="B133" Value="2"/>
<Cov CovItemId="B135" Value="2"/>
<Cov CovItemId="L16-2" Value="6"/>
<Cov CovItemId="L17-2" Value="48"/>
<Cov CovItemId="S200" Value="32"/>
<Cov CovItemId="S201" Value="32"/>
<Cov CovItemId="S202" Value="32"/>
<Cov CovItemId="S203" Value="32"/>
<Cov CovItemId="S204" Value="32"/>
<Cov CovItemId="S205" Value="32"/>
<Cov CovItemId="S213" Value="6"/>
<Cov CovItemId="S214" Value="2"/>
<Cov CovItemId="S215" Value="2"/>
<Cov CovItemId="S216" Value="2"/>
<Cov CovItemId="S217" Value="2"/>
<Cov CovItemId="S218" Value="2"/>
<Cov CovItemId="S222" Value="6"/>
<Cov CovItemId="S223" Value="6"/>
<Cov CovItemId="S224" Value="6"/>
<Cov CovItemId="S225" Value="6"/>
<Cov CovItemId="S226" Value="6"/>
<Cov CovItemId="S227" Value="6"/>
<Cov CovItemId="S228" Value="48"/>
<Cov CovItemId="S229" Value="384"/>
<Cov CovItemId="S230" Value="144"/>
<Cov CovItemId="S231" Value="72"/>
<Cov CovItemId="S232" Value="72"/>
<Cov CovItemId="S233" Value="16"/>
<Cov CovItemId="S234" Value="144"/>
<Cov CovItemId="S235" Value="72"/>
<Cov CovItemId="S236" Value="72"/>
<Cov CovItemId="S237" Value="16"/>
<Cov CovItemId="S238" Value="6"/>
<Cov CovItemId="S239" Value="2"/>
<Cov CovItemId="S240" Value="4"/>
<Cov CovItemId="S241" Value="2"/>
<Cov CovItemId="S242" Value="2"/>
<Cov CovItemId="S251" Value="2"/>
</CovPrefix>
<CovPrefix CovItemPrefix="com.OriginalFiles.Board.java">
<Cov CovItemId="B41" Value="224"/>
<Cov CovItemId="B42" Value="64"/>
<Cov CovItemId="B44" Value="144"/>
<Cov CovItemId="B45" Value="28"/>
<Cov CovItemId="B46" Value="116"/>
<Cov CovItemId="B47" Value="28"/>
<Cov CovItemId="B48" Value="116"/>
<Cov CovItemId="B50" Value="144"/>
<Cov CovItemId="B55" Value="288"/>
<Cov CovItemId="B56" Value="288"/>
<Cov CovItemId="B57" Value="168"/>
<Cov CovItemId="B58" Value="120"/>
<Cov CovItemId="B59" Value="168"/>
<Cov CovItemId="B62" Value="168"/>
<Cov CovItemId="B63" Value="192"/>
<Cov CovItemId="B64" Value="192"/>
<Cov CovItemId="B65" Value="144"/>
<Cov CovItemId="B66" Value="48"/>
<Cov CovItemId="B67" Value="72"/>
<Cov CovItemId="B68" Value="72"/>
<Cov CovItemId="B79" Value="600"/>
<Cov CovItemId="B81" Value="552"/>
<Cov CovItemId="B82" Value="48"/>
<Cov CovItemId="B83" Value="156"/>
<Cov CovItemId="B84" Value="440"/>
<Cov CovItemId="B85" Value="84"/>
<Cov CovItemId="B86" Value="356"/>
<Cov CovItemId="L10-2" Value="96"/>
<Cov CovItemId="L13-2" Value="6"/>
<Cov CovItemId="L14-2" Value="48"/>
<Cov CovItemId="L9-2" Value="12"/>
<Cov CovItemId="S115" Value="288"/>
<Cov CovItemId="S116" Value="224"/>
<Cov CovItemId="S117" Value="64"/>
<Cov CovItemId="S118" Value="144"/>
<Cov CovItemId="S119" Value="144"/>
<Cov CovItemId="S121" Value="144"/>
<Cov CovItemId="S122" Value="144"/>
<Cov CovItemId="S123" Value="144"/>
<Cov CovItemId="S124" Value="144"/>
<Cov CovItemId="S125" Value="28"/>
<Cov CovItemId="S126" Value="144"/>
<Cov CovItemId="S127" Value="28"/>
<Cov CovItemId="S128" Value="144"/>
<Cov CovItemId="S133" Value="144"/>
<Cov CovItemId="S134" Value="144"/>
<Cov CovItemId="S135" Value="576"/>
<Cov CovItemId="S136" Value="288"/>
<Cov CovItemId="S137" Value="288"/>
<Cov CovItemId="S138" Value="168"/>
<Cov CovItemId="S139" Value="168"/>
<Cov CovItemId="S141" Value="288"/>
<Cov CovItemId="S142" Value="576"/>
<Cov CovItemId="S143" Value="6"/>
<Cov CovItemId="S144" Value="6"/>
<Cov CovItemId="S145" Value="48"/>
<Cov CovItemId="S146" Value="384"/>
<Cov CovItemId="S147" Value="192"/>
<Cov CovItemId="S148" Value="144"/>
<Cov CovItemId="S149" Value="72"/>
<Cov CovItemId="S150" Value="72"/>
<Cov CovItemId="S151" Value="6"/>
<Cov CovItemId="S176" Value="600"/>
<Cov CovItemId="S177" Value="600"/>
<Cov CovItemId="S178" Value="552"/>
<Cov CovItemId="S179" Value="48"/>
<Cov CovItemId="S180" Value="596"/>
<Cov CovItemId="S181" Value="156"/>
<Cov CovItemId="S182" Value="440"/>
<Cov CovItemId="S183" Value="84"/>
<Cov CovItemId="S184" Value="356"/>
<Cov CovItemId="S185" Value="1208"/>
<Cov CovItemId="S61" Value="12"/>
<Cov CovItemId="S62" Value="96"/>
<Cov CovItemId="S63" Value="768"/>
</CovPrefix>
<CovPrefix CovItemPrefix="com.OriginalFiles.Field.java">
<Cov CovItemId="B1" Value="32"/>
<Cov CovItemId="B2" Value="8"/>
<Cov CovItemId="S1" Value="88"/>
<Cov CovItemId="S13" Value="64"/>
<Cov CovItemId="S2" Value="88"/>
<Cov CovItemId="S5" Value="40"/>
<Cov CovItemId="S6" Value="40"/>
<Cov CovItemId="S7" Value="32"/>
<Cov CovItemId="S8" Value="1964"/>
<Cov CovItemId="S9" Value="1248"/>
</CovPrefix>
<CovPrefix CovItemPrefix="com.OriginalFiles.Piece.java">
<Cov CovItemId="B1" Value="24"/>
<Cov CovItemId="B12" Value="24"/>
<Cov CovItemId="B13" Value="8"/>
<Cov CovItemId="B14" Value="16"/>
<Cov CovItemId="B15" Value="8"/>
<Cov CovItemId="B18" Value="24"/>
<Cov CovItemId="B2" Value="8"/>
<Cov CovItemId="B5" Value="12"/>
<Cov CovItemId="B6" Value="12"/>
<Cov CovItemId="B7" Value="24"/>
<Cov CovItemId="B8" Value="8"/>
<Cov CovItemId="B9" Value="24"/>
<Cov CovItemId="S1" Value="32"/>
<Cov CovItemId="S10" Value="32"/>
<Cov CovItemId="S11" Value="32"/>
<Cov CovItemId="S12" Value="32"/>
<Cov CovItemId="S13" Value="32"/>
<Cov CovItemId="S14" Value="32"/>
<Cov CovItemId="S17" Value="32"/>
<Cov CovItemId="S18" Value="32"/>
<Cov CovItemId="S19" Value="32"/>
<Cov CovItemId="S2" Value="32"/>
<Cov CovItemId="S20" Value="32"/>
<Cov CovItemId="S21" Value="24"/>
<Cov CovItemId="S22" Value="8"/>
<Cov CovItemId="S23" Value="8"/>
<Cov CovItemId="S27" Value="24"/>
<Cov CovItemId="S28" Value="12"/>
<Cov CovItemId="S29" Value="12"/>
<Cov CovItemId="S3" Value="32"/>
<Cov CovItemId="S30" Value="32"/>
<Cov CovItemId="S31" Value="32"/>
<Cov CovItemId="S32" Value="24"/>
<Cov CovItemId="S33" Value="24"/>
<Cov CovItemId="S34" Value="24"/>
<Cov CovItemId="S35" Value="24"/>
<Cov CovItemId="S36" Value="24"/>
<Cov CovItemId="S38" Value="24"/>
<Cov CovItemId="S39" Value="8"/>
<Cov CovItemId="S4" Value="32"/>
<Cov CovItemId="S40" Value="8"/>
<Cov CovItemId="S41" Value="8"/>
<Cov CovItemId="S42" Value="24"/>
<Cov CovItemId="S44" Value="24"/>
<Cov CovItemId="S5" Value="32"/>
<Cov CovItemId="S6" Value="32"/>
<Cov CovItemId="S7" Value="32"/>
<Cov CovItemId="S8" Value="32"/>
<Cov CovItemId="S9" Value="32"/>
</CovPrefix>
<CovPrefix CovItemPrefix="com.OriginalFiles.RemoteNXTFunctions.java">
<Cov CovItemId="B5" Value="32"/>
<Cov CovItemId="B7" Value="32"/>
<Cov CovItemId="S162" Value="32"/>
<Cov CovItemId="S19" Value="32"/>
<Cov CovItemId="S20" Value="32"/>
<Cov CovItemId="S21" Value="32"/>
<Cov CovItemId="S22" Value="32"/>
</CovPrefix>
</CovList>
<AssgnmntList>
<AssgnmntPrefix RootTermCovItemPrefix="com.OriginalFiles.Analyze.java">
<AssgnmntListEntry Length="6" RootTermCovItemId="C66">
<MapEntry BoolAssgnmnt="111111" Value="32"/>
</AssgnmntListEntry>
<AssgnmntListEntry Length="1" RootTermCovItemId="C70">
<MapEntry BoolAssgnmnt="0" Value="144"/>
<MapEntry BoolAssgnmnt="1" Value="240"/>
</AssgnmntListEntry>
<AssgnmntListEntry Length="1" RootTermCovItemId="C71">
<MapEntry BoolAssgnmnt="0" Value="72"/>
<MapEntry BoolAssgnmnt="1" Value="72"/>
</AssgnmntListEntry>
<AssgnmntListEntry Length="1" RootTermCovItemId="C72">
<MapEntry BoolAssgnmnt="0" Value="56"/>
<MapEntry BoolAssgnmnt="1" Value="16"/>
</AssgnmntListEntry>
<AssgnmntListEntry Length="1" RootTermCovItemId="C73">
<MapEntry BoolAssgnmnt="0" Value="72"/>
<MapEntry BoolAssgnmnt="1" Value="72"/>
</AssgnmntListEntry>
<AssgnmntListEntry Length="1" RootTermCovItemId="C74">
<MapEntry BoolAssgnmnt="0" Value="56"/>
<MapEntry BoolAssgnmnt="1" Value="16"/>
</AssgnmntListEntry>
<AssgnmntListEntry Length="3" RootTermCovItemId="C75">
<MapEntry BoolAssgnmnt="012" Value="2"/>
<MapEntry BoolAssgnmnt="122" Value="2"/>
<MapEntry BoolAssgnmnt="001" Value="2"/>
</AssgnmntListEntry>
<AssgnmntListEntry Length="3" RootTermCovItemId="C76">
<MapEntry BoolAssgnmnt="011" Value="1"/>
<MapEntry BoolAssgnmnt="122" Value="2"/>
<MapEntry BoolAssgnmnt="002" Value="1"/>
</AssgnmntListEntry>
<AssgnmntListEntry Length="2" RootTermCovItemId="C77">
<MapEntry BoolAssgnmnt="02" Value="2"/>
</AssgnmntListEntry>
</AssgnmntPrefix>
<AssgnmntPrefix RootTermCovItemPrefix="com.OriginalFiles.Board.java">
<AssgnmntListEntry Length="1" RootTermCovItemId="C31">
<MapEntry BoolAssgnmnt="0" Value="64"/>
<MapEntry BoolAssgnmnt="1" Value="224"/>
</AssgnmntListEntry>
<AssgnmntListEntry Length="1" RootTermCovItemId="C32">
<MapEntry BoolAssgnmnt="0" Value="144"/>
</AssgnmntListEntry>
<AssgnmntListEntry Length="1" RootTermCovItemId="C33">
<MapEntry BoolAssgnmnt="0" Value="28"/>
<MapEntry BoolAssgnmnt="1" Value="116"/>
</AssgnmntListEntry>
<AssgnmntListEntry Length="1" RootTermCovItemId="C34">
<MapEntry BoolAssgnmnt="0" Value="28"/>
<MapEntry BoolAssgnmnt="1" Value="116"/>
</AssgnmntListEntry>
<AssgnmntListEntry Length="1" RootTermCovItemId="C35">
<MapEntry BoolAssgnmnt="0" Value="144"/>
</AssgnmntListEntry>
<AssgnmntListEntry Length="5" RootTermCovItemId="C38">
<MapEntry BoolAssgnmnt="02002" Value="144"/>
<MapEntry BoolAssgnmnt="10122" Value="144"/>
<MapEntry BoolAssgnmnt="11220" Value="144"/>
<MapEntry BoolAssgnmnt="02010" Value="144"/>
</AssgnmntListEntry>
<AssgnmntListEntry Length="1" RootTermCovItemId="C39">
<MapEntry BoolAssgnmnt="0" Value="120"/>
<MapEntry BoolAssgnmnt="1" Value="168"/>
</AssgnmntListEntry>
<AssgnmntListEntry Length="1" RootTermCovItemId="C40">
<MapEntry BoolAssgnmnt="0" Value="168"/>
</AssgnmntListEntry>
<AssgnmntListEntry Length="2" RootTermCovItemId="C41">
<MapEntry BoolAssgnmnt="02" Value="168"/>
</AssgnmntListEntry>
<AssgnmntListEntry Length="1" RootTermCovItemId="C42">
<MapEntry BoolAssgnmnt="0" Value="192"/>
<MapEntry BoolAssgnmnt="1" Value="192"/>
</AssgnmntListEntry>
<AssgnmntListEntry Length="1" RootTermCovItemId="C43">
<MapEntry BoolAssgnmnt="0" Value="48"/>
<MapEntry BoolAssgnmnt="1" Value="144"/>
</AssgnmntListEntry>
<AssgnmntListEntry Length="1" RootTermCovItemId="C44">
<MapEntry BoolAssgnmnt="0" Value="72"/>
<MapEntry BoolAssgnmnt="1" Value="72"/>
</AssgnmntListEntry>
<AssgnmntListEntry Length="1" RootTermCovItemId="C53">
<MapEntry BoolAssgnmnt="1" Value="600"/>
</AssgnmntListEntry>
<AssgnmntListEntry Length="1" RootTermCovItemId="C54">
<MapEntry BoolAssgnmnt="0" Value="552"/>
<MapEntry BoolAssgnmnt="1" Value="48"/>
</AssgnmntListEntry>
<AssgnmntListEntry Length="3" RootTermCovItemId="C55">
<MapEntry BoolAssgnmnt="002" Value="296"/>
<MapEntry BoolAssgnmnt="120" Value="156"/>
<MapEntry BoolAssgnmnt="121" Value="144"/>
</AssgnmntListEntry>
<AssgnmntListEntry Length="3" RootTermCovItemId="C56">
<MapEntry BoolAssgnmnt="002" Value="144"/>
<MapEntry BoolAssgnmnt="120" Value="212"/>
<MapEntry BoolAssgnmnt="121" Value="84"/>
</AssgnmntListEntry>
</AssgnmntPrefix>
<AssgnmntPrefix RootTermCovItemPrefix="com.OriginalFiles.Field.java">
<AssgnmntListEntry Length="1" RootTermCovItemId="C1">
<MapEntry BoolAssgnmnt="0" Value="32"/>
<MapEntry BoolAssgnmnt="1" Value="8"/>
</AssgnmntListEntry>
</AssgnmntPrefix>
<AssgnmntPrefix RootTermCovItemPrefix="com.OriginalFiles.Piece.java">
<AssgnmntListEntry Length="1" RootTermCovItemId="C1">
<MapEntry BoolAssgnmnt="0" Value="8"/>
<MapEntry BoolAssgnmnt="1" Value="24"/>
</AssgnmntListEntry>
<AssgnmntListEntry Length="1" RootTermCovItemId="C3">
<MapEntry BoolAssgnmnt="0" Value="12"/>
<MapEntry BoolAssgnmnt="1" Value="12"/>
</AssgnmntListEntry>
<AssgnmntListEntry Length="1" RootTermCovItemId="C4">
<MapEntry BoolAssgnmnt="0" Value="8"/>
<MapEntry BoolAssgnmnt="1" Value="24"/>
</AssgnmntListEntry>
<AssgnmntListEntry Length="1" RootTermCovItemId="C5">
<MapEntry BoolAssgnmnt="1" Value="24"/>
</AssgnmntListEntry>
<AssgnmntListEntry Length="1" RootTermCovItemId="C6">
<MapEntry BoolAssgnmnt="0" Value="24"/>
</AssgnmntListEntry>
<AssgnmntListEntry Length="5" RootTermCovItemId="C7">
<MapEntry BoolAssgnmnt="00210" Value="8"/>
<MapEntry BoolAssgnmnt="00211" Value="4"/>
<MapEntry BoolAssgnmnt="01002" Value="8"/>
<MapEntry BoolAssgnmnt="01122" Value="4"/>
</AssgnmntListEntry>
<AssgnmntListEntry Length="1" RootTermCovItemId="C8">
<MapEntry BoolAssgnmnt="1" Value="8"/>
</AssgnmntListEntry>
<AssgnmntListEntry Length="1" RootTermCovItemId="C9">
<MapEntry BoolAssgnmnt="0" Value="24"/>
</AssgnmntListEntry>
</AssgnmntPrefix>
<AssgnmntPrefix RootTermCovItemPrefix="com.OriginalFiles.RemoteNXTFunctions.java">
<AssgnmntListEntry Length="1" RootTermCovItemId="C5">
<MapEntry BoolAssgnmnt="1" Value="32"/>
</AssgnmntListEntry>
<AssgnmntListEntry Length="2" RootTermCovItemId="C6">
<MapEntry BoolAssgnmnt="11" Value="32"/>
</AssgnmntListEntry>
</AssgnmntPrefix>
</AssgnmntList>
<ObjMetaDataList/>
<MetaDataList/>
</TestCase>
<TestCase Comment="" Date="1386061681014" Name="com.Testing.AnalyzeTest:testcleanUp">
<CovList>
<CovPrefix CovItemPrefix="com.OriginalFiles.Analyze.java">
<Cov CovItemId="B158" Value="4"/>
<Cov CovItemId="B159" Value="60"/>
<Cov CovItemId="B160" Value="1"/>
<Cov CovItemId="B161" Value="23"/>
<Cov CovItemId="B162" Value="1"/>
<Cov CovItemId="B163" Value="15"/>
<Cov CovItemId="B164" Value="2"/>
<Cov CovItemId="B165" Value="4"/>
<Cov CovItemId="B166" Value="1"/>
<Cov CovItemId="B167" Value="3"/>
<Cov CovItemId="B168" Value="1"/>
<Cov CovItemId="B169" Value="2"/>
<Cov CovItemId="B170" Value="1"/>
<Cov CovItemId="B172" Value="2"/>
<Cov CovItemId="B174" Value="2"/>
<Cov CovItemId="B175" Value="4"/>
<Cov CovItemId="B176" Value="1"/>
<Cov CovItemId="B177" Value="1"/>
<Cov CovItemId="B178" Value="1"/>
<Cov CovItemId="B180" Value="1"/>
<Cov CovItemId="B182" Value="1"/>
<Cov CovItemId="B84" Value="3"/>
<Cov CovItemId="L20-2" Value="1"/>
<Cov CovItemId="L21-2" Value="8"/>
<Cov CovItemId="L22-2" Value="1"/>
<Cov CovItemId="L23-2" Value="8"/>
<Cov CovItemId="L24-2" Value="1"/>
<Cov CovItemId="L25-2" Value="8"/>
<Cov CovItemId="L26-1" Value="1"/>
<Cov CovItemId="L27-1" Value="1"/>
<Cov CovItemId="L28-1" Value="1"/>
<Cov CovItemId="L28-2" Value="1"/>
<Cov CovItemId="L29-1" Value="1"/>
<Cov CovItemId="L29-2" Value="2"/>
<Cov CovItemId="L30-1" Value="1"/>
<Cov CovItemId="L31-1" Value="1"/>
<Cov CovItemId="S150" Value="3"/>
<Cov CovItemId="S271" Value="1"/>
<Cov CovItemId="S272" Value="8"/>
<Cov CovItemId="S273" Value="64"/>
<Cov CovItemId="S274" Value="4"/>
<Cov CovItemId="S275" Value="1"/>
<Cov CovItemId="S276" Value="8"/>
<Cov CovItemId="S277" Value="24"/>
<Cov CovItemId="S278" Value="1"/>
<Cov CovItemId="S279" Value="1"/>
<Cov CovItemId="S280" Value="8"/>
<Cov CovItemId="S281" Value="16"/>
<Cov CovItemId="S282" Value="1"/>
<Cov CovItemId="S283" Value="6"/>
<Cov CovItemId="S284" Value="2"/>
<Cov CovItemId="S285" Value="4"/>
<Cov CovItemId="S286" Value="1"/>
<Cov CovItemId="S287" Value="3"/>
<Cov CovItemId="S288" Value="3"/>
<Cov CovItemId="S289" Value="1"/>
<Cov CovItemId="S290" Value="1"/>
<Cov CovItemId="S291" Value="1"/>
<Cov CovItemId="S292" Value="1"/>
<Cov CovItemId="S293" Value="1"/>
<Cov CovItemId="S294" Value="2"/>
<Cov CovItemId="S295" Value="2"/>
<Cov CovItemId="S296" Value="3"/>
<Cov CovItemId="S297" Value="6"/>
<Cov CovItemId="S298" Value="2"/>
<Cov CovItemId="S299" Value="2"/>
<Cov CovItemId="S300" Value="2"/>
<Cov CovItemId="S301" Value="1"/>
<Cov CovItemId="S302" Value="1"/>
<Cov CovItemId="S303" Value="1"/>
<Cov CovItemId="S304" Value="1"/>
<Cov CovItemId="S305" Value="1"/>
<Cov CovItemId="S307" Value="1"/>
<Cov CovItemId="S308" Value="1"/>
<Cov CovItemId="S309" Value="1"/>
<Cov CovItemId="S310" Value="1"/>
<Cov CovItemId="S311" Value="1"/>
<Cov CovItemId="S312" Value="1"/>
<Cov CovItemId="S314" Value="4"/>
</CovPrefix>
<CovPrefix CovItemPrefix="com.OriginalFiles.Board.java">
<Cov CovItemId="B31" Value="3"/>
<Cov CovItemId="B33" Value="1"/>
<Cov CovItemId="B34" Value="2"/>
<Cov CovItemId="B36" Value="3"/>
<Cov CovItemId="B37" Value="3"/>
<Cov CovItemId="B38" Value="2"/>
<Cov CovItemId="B79" Value="3"/>
<Cov CovItemId="B81" Value="3"/>
<Cov CovItemId="B83" Value="11"/>
<Cov CovItemId="B84" Value="28"/>
<Cov CovItemId="B85" Value="10"/>
<Cov CovItemId="B86" Value="18"/>
<Cov CovItemId="S100" Value="1"/>
<Cov CovItemId="S101" Value="2"/>
<Cov CovItemId="S102" Value="3"/>
<Cov CovItemId="S104" Value="3"/>
<Cov CovItemId="S106" Value="5"/>
<Cov CovItemId="S107" Value="5"/>
<Cov CovItemId="S108" Value="5"/>
<Cov CovItemId="S109" Value="3"/>
<Cov CovItemId="S176" Value="3"/>
<Cov CovItemId="S177" Value="3"/>
<Cov CovItemId="S178" Value="3"/>
<Cov CovItemId="S180" Value="39"/>
<Cov CovItemId="S181" Value="11"/>
<Cov CovItemId="S182" Value="28"/>
<Cov CovItemId="S183" Value="10"/>
<Cov CovItemId="S184" Value="18"/>
<Cov CovItemId="S185" Value="30"/>
<Cov CovItemId="S98" Value="3"/>
<Cov CovItemId="S99" Value="3"/>
</CovPrefix>
<CovPrefix CovItemPrefix="com.OriginalFiles.Field.java">
<Cov CovItemId="B1" Value="11"/>
<Cov CovItemId="S13" Value="71"/>
<Cov CovItemId="S5" Value="11"/>
<Cov CovItemId="S6" Value="11"/>
<Cov CovItemId="S7" Value="11"/>
<Cov CovItemId="S8" Value="30"/>
<Cov CovItemId="S9" Value="130"/>
</CovPrefix>
<CovPrefix CovItemPrefix="com.OriginalFiles.Move.java">
<Cov CovItemId="S1" Value="5"/>
<Cov CovItemId="S2" Value="5"/>
<Cov CovItemId="S3" Value="5"/>
<Cov CovItemId="S4" Value="5"/>
<Cov CovItemId="S5" Value="5"/>
<Cov CovItemId="S6" Value="5"/>
<Cov CovItemId="S7" Value="5"/>
</CovPrefix>
<CovPrefix CovItemPrefix="com.OriginalFiles.Piece.java">
<Cov CovItemId="B1" Value="13"/>
<Cov CovItemId="B12" Value="13"/>
<Cov CovItemId="B13" Value="2"/>
<Cov CovItemId="B14" Value="11"/>
<Cov CovItemId="B15" Value="2"/>
<Cov CovItemId="B17" Value="2"/>
<Cov CovItemId="B18" Value="11"/>
<Cov CovItemId="B2" Value="4"/>
<Cov CovItemId="B5" Value="4"/>
<Cov CovItemId="B6" Value="9"/>
<Cov CovItemId="B7" Value="13"/>
<Cov CovItemId="B8" Value="4"/>
<Cov CovItemId="B9" Value="13"/>
<Cov CovItemId="S1" Value="6"/>
<Cov CovItemId="S10" Value="6"/>
<Cov CovItemId="S11" Value="6"/>
<Cov CovItemId="S12" Value="6"/>
<Cov CovItemId="S13" Value="6"/>
<Cov CovItemId="S14" Value="6"/>
<Cov CovItemId="S15" Value="7"/>
<Cov CovItemId="S17" Value="17"/>
<Cov CovItemId="S18" Value="17"/>
<Cov CovItemId="S19" Value="17"/>
<Cov CovItemId="S2" Value="6"/>
<Cov CovItemId="S20" Value="17"/>
<Cov CovItemId="S21" Value="13"/>
<Cov CovItemId="S22" Value="4"/>
<Cov CovItemId="S23" Value="4"/>
<Cov CovItemId="S27" Value="13"/>
<Cov CovItemId="S28" Value="4"/>
<Cov CovItemId="S29" Value="9"/>
<Cov CovItemId="S3" Value="6"/>
<Cov CovItemId="S30" Value="17"/>
<Cov CovItemId="S31" Value="17"/>
<Cov CovItemId="S32" Value="13"/>
<Cov CovItemId="S33" Value="13"/>
<Cov CovItemId="S34" Value="13"/>
<Cov CovItemId="S35" Value="13"/>
<Cov CovItemId="S36" Value="13"/>
<Cov CovItemId="S38" Value="13"/>
<Cov CovItemId="S39" Value="2"/>
<Cov CovItemId="S4" Value="6"/>
<Cov CovItemId="S40" Value="2"/>
<Cov CovItemId="S41" Value="2"/>
<Cov CovItemId="S42" Value="13"/>
<Cov CovItemId="S43" Value="2"/>
<Cov CovItemId="S44" Value="13"/>
<Cov CovItemId="S5" Value="6"/>
<Cov CovItemId="S6" Value="6"/>
<Cov CovItemId="S7" Value="6"/>
<Cov CovItemId="S8" Value="6"/>
<Cov CovItemId="S9" Value="6"/>
</CovPrefix>
<CovPrefix CovItemPrefix="com.OriginalFiles.RemoteNXTFunctions.java">
<Cov CovItemId="B2" Value="5"/>
<Cov CovItemId="B4" Value="5"/>
<Cov CovItemId="L1-1" Value="5"/>
<Cov CovItemId="L2-0" Value="5"/>
<Cov CovItemId="S10" Value="5"/>
<Cov CovItemId="S12" Value="5"/>
<Cov CovItemId="S14" Value="5"/>
<Cov CovItemId="S15" Value="5"/>
<Cov CovItemId="S17" Value="5"/>
<Cov CovItemId="S18" Value="5"/>
<Cov CovItemId="S6" Value="5"/>
<Cov CovItemId="S7" Value="5"/>
<Cov CovItemId="S8" Value="5"/>
<Cov CovItemId="S9" Value="5"/>
</CovPrefix>
</CovList>
<AssgnmntList>
<AssgnmntPrefix RootTermCovItemPrefix="com.OriginalFiles.Analyze.java">
<AssgnmntListEntry Length="1" RootTermCovItemId="C100">
<MapEntry BoolAssgnmnt="1" Value="2"/>
</AssgnmntListEntry>
<AssgnmntListEntry Length="1" RootTermCovItemId="C101">
<MapEntry BoolAssgnmnt="1" Value="3"/>
</AssgnmntListEntry>
<AssgnmntListEntry Length="1" RootTermCovItemId="C102">
<MapEntry BoolAssgnmnt="0" Value="1"/>
<MapEntry BoolAssgnmnt="1" Value="6"/>
</AssgnmntListEntry>
<AssgnmntListEntry Length="2" RootTermCovItemId="C103">
<MapEntry BoolAssgnmnt="10" Value="3"/>
<MapEntry BoolAssgnmnt="02" Value="1"/>
<MapEntry BoolAssgnmnt="11" Value="2"/>
</AssgnmntListEntry>
<AssgnmntListEntry Length="1" RootTermCovItemId="C104">
<MapEntry BoolAssgnmnt="0" Value="1"/>
<MapEntry BoolAssgnmnt="1" Value="1"/>
</AssgnmntListEntry>
<AssgnmntListEntry Length="1" RootTermCovItemId="C105">
<MapEntry BoolAssgnmnt="0" Value="1"/>
</AssgnmntListEntry>
<AssgnmntListEntry Length="1" RootTermCovItemId="C106">
<MapEntry BoolAssgnmnt="1" Value="1"/>
</AssgnmntListEntry>
<AssgnmntListEntry Length="1" RootTermCovItemId="C107">
<MapEntry BoolAssgnmnt="1" Value="1"/>
</AssgnmntListEntry>
<AssgnmntListEntry Length="1" RootTermCovItemId="C108">
<MapEntry BoolAssgnmnt="0" Value="1"/>
</AssgnmntListEntry>
<AssgnmntListEntry Length="1" RootTermCovItemId="C109">
<MapEntry BoolAssgnmnt="1" Value="1"/>
</AssgnmntListEntry>
<AssgnmntListEntry Length="1" RootTermCovItemId="C49">
<MapEntry BoolAssgnmnt="0" Value="3"/>
</AssgnmntListEntry>
<AssgnmntListEntry Length="1" RootTermCovItemId="C91">
<MapEntry BoolAssgnmnt="0" Value="4"/>
<MapEntry BoolAssgnmnt="1" Value="60"/>
</AssgnmntListEntry>
<AssgnmntListEntry Length="1" RootTermCovItemId="C92">
<MapEntry BoolAssgnmnt="0" Value="1"/>
<MapEntry BoolAssgnmnt="1" Value="23"/>
</AssgnmntListEntry>
<AssgnmntListEntry Length="1" RootTermCovItemId="C93">
<MapEntry BoolAssgnmnt="0" Value="1"/>
<MapEntry BoolAssgnmnt="1" Value="15"/>
</AssgnmntListEntry>
<AssgnmntListEntry Length="1" RootTermCovItemId="C94">
<MapEntry BoolAssgnmnt="0" Value="4"/>
<MapEntry BoolAssgnmnt="1" Value="2"/>
</AssgnmntListEntry>
<AssgnmntListEntry Length="1" RootTermCovItemId="C95">
<MapEntry BoolAssgnmnt="0" Value="3"/>
<MapEntry BoolAssgnmnt="1" Value="1"/>
</AssgnmntListEntry>
<AssgnmntListEntry Length="1" RootTermCovItemId="C96">
<MapEntry BoolAssgnmnt="0" Value="2"/>
<MapEntry BoolAssgnmnt="1" Value="1"/>
</AssgnmntListEntry>
<AssgnmntListEntry Length="1" RootTermCovItemId="C97">
<MapEntry BoolAssgnmnt="1" Value="1"/>
</AssgnmntListEntry>
<AssgnmntListEntry Length="1" RootTermCovItemId="C98">
<MapEntry BoolAssgnmnt="1" Value="1"/>
</AssgnmntListEntry>
<AssgnmntListEntry Length="2" RootTermCovItemId="C99">
<MapEntry BoolAssgnmnt="11" Value="1"/>
</AssgnmntListEntry>
</AssgnmntPrefix>
<AssgnmntPrefix RootTermCovItemPrefix="com.OriginalFiles.Board.java">
<AssgnmntListEntry Length="1" RootTermCovItemId="C26">
<MapEntry BoolAssgnmnt="0" Value="3"/>
</AssgnmntListEntry>
<AssgnmntListEntry Length="1" RootTermCovItemId="C27">
<MapEntry BoolAssgnmnt="0" Value="2"/>
<MapEntry BoolAssgnmnt="1" Value="1"/>
</AssgnmntListEntry>
<AssgnmntListEntry Length="2" RootTermCovItemId="C28">
<MapEntry BoolAssgnmnt="02" Value="3"/>
</AssgnmntListEntry>
<AssgnmntListEntry Length="1" RootTermCovItemId="C29">
<MapEntry BoolAssgnmnt="0" Value="2"/>
<MapEntry BoolAssgnmnt="1" Value="3"/>
</AssgnmntListEntry>
<AssgnmntListEntry Length="1" RootTermCovItemId="C53">
<MapEntry BoolAssgnmnt="1" Value="3"/>
</AssgnmntListEntry>
<AssgnmntListEntry Length="1" RootTermCovItemId="C54">
<MapEntry BoolAssgnmnt="0" Value="3"/>
</AssgnmntListEntry>
<AssgnmntListEntry Length="3" RootTermCovItemId="C55">
<MapEntry BoolAssgnmnt="011" Value="1"/>
<MapEntry BoolAssgnmnt="010" Value="2"/>
<MapEntry BoolAssgnmnt="002" Value="16"/>
<MapEntry BoolAssgnmnt="120" Value="9"/>
<MapEntry BoolAssgnmnt="121" Value="11"/>
</AssgnmntListEntry>
<AssgnmntListEntry Length="3" RootTermCovItemId="C56">
<MapEntry BoolAssgnmnt="011" Value="2"/>
<MapEntry BoolAssgnmnt="010" Value="1"/>
<MapEntry BoolAssgnmnt="002" Value="12"/>
<MapEntry BoolAssgnmnt="120" Value="5"/>
<MapEntry BoolAssgnmnt="121" Value="8"/>
</AssgnmntListEntry>
</AssgnmntPrefix>
<AssgnmntPrefix RootTermCovItemPrefix="com.OriginalFiles.Field.java">
<AssgnmntListEntry Length="1" RootTermCovItemId="C1">
<MapEntry BoolAssgnmnt="0" Value="11"/>
</AssgnmntListEntry>
</AssgnmntPrefix>
<AssgnmntPrefix RootTermCovItemPrefix="com.OriginalFiles.Piece.java">
<AssgnmntListEntry Length="1" RootTermCovItemId="C1">
<MapEntry BoolAssgnmnt="0" Value="4"/>
<MapEntry BoolAssgnmnt="1" Value="13"/>
</AssgnmntListEntry>
<AssgnmntListEntry Length="1" RootTermCovItemId="C3">
<MapEntry BoolAssgnmnt="0" Value="9"/>
<MapEntry BoolAssgnmnt="1" Value="4"/>
</AssgnmntListEntry>
<AssgnmntListEntry Length="1" RootTermCovItemId="C4">
<MapEntry BoolAssgnmnt="0" Value="4"/>
<MapEntry BoolAssgnmnt="1" Value="13"/>
</AssgnmntListEntry>
<AssgnmntListEntry Length="1" RootTermCovItemId="C5">
<MapEntry BoolAssgnmnt="1" Value="13"/>
</AssgnmntListEntry>
<AssgnmntListEntry Length="1" RootTermCovItemId="C6">
<MapEntry BoolAssgnmnt="0" Value="13"/>
</AssgnmntListEntry>
<AssgnmntListEntry Length="5" RootTermCovItemId="C7">
<MapEntry BoolAssgnmnt="00210" Value="5"/>
<MapEntry BoolAssgnmnt="00211" Value="1"/>
<MapEntry BoolAssgnmnt="01002" Value="4"/>
<MapEntry BoolAssgnmnt="12222" Value="2"/>
<MapEntry BoolAssgnmnt="01122" Value="1"/>
</AssgnmntListEntry>
<AssgnmntListEntry Length="1" RootTermCovItemId="C8">
<MapEntry BoolAssgnmnt="1" Value="2"/>
</AssgnmntListEntry>
<AssgnmntListEntry Length="1" RootTermCovItemId="C9">
<MapEntry BoolAssgnmnt="0" Value="11"/>
<MapEntry BoolAssgnmnt="1" Value="2"/>
</AssgnmntListEntry>
</AssgnmntPrefix>
<AssgnmntPrefix RootTermCovItemPrefix="com.OriginalFiles.RemoteNXTFunctions.java">
<AssgnmntListEntry Length="1" RootTermCovItemId="C1">
<MapEntry BoolAssgnmnt="0" Value="5"/>
<MapEntry BoolAssgnmnt="1" Value="5"/>
</AssgnmntListEntry>
<AssgnmntListEntry Length="1" RootTermCovItemId="C2">
<MapEntry BoolAssgnmnt="0" Value="5"/>
</AssgnmntListEntry>
<AssgnmntListEntry Length="1" RootTermCovItemId="C3">
<MapEntry BoolAssgnmnt="0" Value="5"/>
</AssgnmntListEntry>
<AssgnmntListEntry Length="2" RootTermCovItemId="C4">
<MapEntry BoolAssgnmnt="10" Value="3"/>
<MapEntry BoolAssgnmnt="02" Value="2"/>
</AssgnmntListEntry>
</AssgnmntPrefix>
</AssgnmntList>
<ObjMetaDataList/>
<MetaDataList/>
</TestCase>
<TestCase Comment="" Date="1386061681016" Name="com.Testing.AnalyzeTest:testCheckForGameIsDraw">
<CovList>
<CovPrefix CovItemPrefix="com.OriginalFiles.Analyze.java">
<Cov CovItemId="B115" Value="8"/>
<Cov CovItemId="B118" Value="20"/>
<Cov CovItemId="B120" Value="56"/>
<Cov CovItemId="B121" Value="1736"/>
<Cov CovItemId="B122" Value="28"/>
<Cov CovItemId="B123" Value="28"/>
<Cov CovItemId="B124" Value="28"/>
<Cov CovItemId="B126" Value="28"/>
<Cov CovItemId="B127" Value="28"/>
<Cov CovItemId="B128" Value="28"/>
<Cov CovItemId="B131" Value="28"/>
<Cov CovItemId="B133" Value="28"/>
<Cov CovItemId="B134" Value="28"/>
<Cov CovItemId="B136" Value="28"/>
<Cov CovItemId="B138" Value="28"/>
<Cov CovItemId="B140" Value="8"/>
<Cov CovItemId="B141" Value="20"/>
<Cov CovItemId="B142" Value="12"/>
<Cov CovItemId="B143" Value="8"/>
<Cov CovItemId="B156" Value="28"/>
<Cov CovItemId="B157" Value="28"/>
<Cov CovItemId="L16-2" Value="28"/>
<Cov CovItemId="L17-2" Value="224"/>
<Cov CovItemId="S213" Value="28"/>
<Cov CovItemId="S214" Value="8"/>
<Cov CovItemId="S219" Value="20"/>
<Cov CovItemId="S220" Value="20"/>
<Cov CovItemId="S222" Value="28"/>
<Cov CovItemId="S223" Value="28"/>
<Cov CovItemId="S224" Value="28"/>
<Cov CovItemId="S225" Value="28"/>
<Cov CovItemId="S226" Value="28"/>
<Cov CovItemId="S227" Value="28"/>
<Cov CovItemId="S228" Value="224"/>
<Cov CovItemId="S229" Value="1792"/>
<Cov CovItemId="S230" Value="56"/>
<Cov CovItemId="S231" Value="28"/>
<Cov CovItemId="S232" Value="28"/>
<Cov CovItemId="S233" Value="28"/>
<Cov CovItemId="S234" Value="56"/>
<Cov CovItemId="S235" Value="28"/>
<Cov CovItemId="S236" Value="28"/>
<Cov CovItemId="S237" Value="28"/>
<Cov CovItemId="S238" Value="28"/>
<Cov CovItemId="S240" Value="28"/>
<Cov CovItemId="S242" Value="28"/>
<Cov CovItemId="S243" Value="28"/>
<Cov CovItemId="S244" Value="28"/>
<Cov CovItemId="S245" Value="28"/>
<Cov CovItemId="S246" Value="28"/>
<Cov CovItemId="S247" Value="28"/>
<Cov CovItemId="S248" Value="8"/>
<Cov CovItemId="S249" Value="20"/>
<Cov CovItemId="S250" Value="12"/>
<Cov CovItemId="S251" Value="8"/>
<Cov CovItemId="S268" Value="56"/>
<Cov CovItemId="S269" Value="28"/>
<Cov CovItemId="S270" Value="28"/>
</CovPrefix>
<CovPrefix CovItemPrefix="com.OriginalFiles.Board.java">
<Cov CovItemId="B41" Value="154"/>
<Cov CovItemId="B42" Value="28"/>
<Cov CovItemId="B43" Value="14"/>
<Cov CovItemId="B44" Value="42"/>
<Cov CovItemId="B45" Value="31"/>
<Cov CovItemId="B46" Value="11"/>
<Cov CovItemId="B47" Value="32"/>
<Cov CovItemId="B48" Value="10"/>
<Cov CovItemId="B49" Value="42"/>
<Cov CovItemId="B51" Value="30"/>
<Cov CovItemId="B52" Value="12"/>
<Cov CovItemId="B53" Value="33"/>
<Cov CovItemId="B54" Value="9"/>
<Cov CovItemId="B56" Value="198"/>
<Cov CovItemId="B57" Value="84"/>
<Cov CovItemId="B58" Value="114"/>
<Cov CovItemId="B59" Value="84"/>
<Cov CovItemId="B61" Value="14"/>
<Cov CovItemId="B62" Value="70"/>
<Cov CovItemId="B63" Value="896"/>
<Cov CovItemId="B64" Value="896"/>
<Cov CovItemId="B65" Value="56"/>
<Cov CovItemId="B66" Value="840"/>
<Cov CovItemId="B67" Value="28"/>
<Cov CovItemId="B68" Value="28"/>
<Cov CovItemId="B79" Value="252"/>
<Cov CovItemId="B81" Value="182"/>
<Cov CovItemId="B82" Value="70"/>
<Cov CovItemId="B83" Value="92"/>
<Cov CovItemId="B84" Value="198"/>
<Cov CovItemId="B85" Value="62"/>
<Cov CovItemId="B86" Value="136"/>
<Cov CovItemId="L10-2" Value="448"/>
<Cov CovItemId="L13-2" Value="28"/>
<Cov CovItemId="L14-2" Value="224"/>
<Cov CovItemId="L9-2" Value="56"/>
<Cov CovItemId="S115" Value="182"/>
<Cov CovItemId="S116" Value="154"/>
<Cov CovItemId="S117" Value="28"/>
<Cov CovItemId="S118" Value="56"/>
<Cov CovItemId="S119" Value="56"/>
<Cov CovItemId="S120" Value="14"/>
<Cov CovItemId="S121" Value="42"/>
<Cov CovItemId="S122" Value="42"/>
<Cov CovItemId="S123" Value="42"/>
<Cov CovItemId="S124" Value="42"/>
<Cov CovItemId="S125" Value="31"/>
<Cov CovItemId="S126" Value="42"/>
<Cov CovItemId="S127" Value="32"/>
<Cov CovItemId="S128" Value="42"/>
<Cov CovItemId="S129" Value="42"/>
<Cov CovItemId="S130" Value="30"/>
<Cov CovItemId="S131" Value="42"/>
<Cov CovItemId="S132" Value="33"/>
<Cov CovItemId="S133" Value="42"/>
<Cov CovItemId="S134" Value="56"/>
<Cov CovItemId="S135" Value="198"/>
<Cov CovItemId="S137" Value="198"/>
<Cov CovItemId="S138" Value="84"/>
<Cov CovItemId="S139" Value="84"/>
<Cov CovItemId="S140" Value="14"/>
<Cov CovItemId="S141" Value="184"/>
<Cov CovItemId="S142" Value="198"/>
<Cov CovItemId="S143" Value="28"/>
<Cov CovItemId="S144" Value="28"/>
<Cov CovItemId="S145" Value="224"/>
<Cov CovItemId="S146" Value="1792"/>
<Cov CovItemId="S147" Value="896"/>
<Cov CovItemId="S148" Value="56"/>
<Cov CovItemId="S149" Value="28"/>
<Cov CovItemId="S150" Value="28"/>
<Cov CovItemId="S151" Value="28"/>
<Cov CovItemId="S176" Value="252"/>
<Cov CovItemId="S177" Value="252"/>
<Cov CovItemId="S178" Value="182"/>
<Cov CovItemId="S179" Value="70"/>
<Cov CovItemId="S180" Value="290"/>
<Cov CovItemId="S181" Value="92"/>
<Cov CovItemId="S182" Value="198"/>
<Cov CovItemId="S183" Value="62"/>
<Cov CovItemId="S184" Value="136"/>
<Cov CovItemId="S185" Value="744"/>
<Cov CovItemId="S61" Value="56"/>
<Cov CovItemId="S62" Value="448"/>
<Cov CovItemId="S63" Value="3584"/>
</CovPrefix>
<CovPrefix CovItemPrefix="com.OriginalFiles.Field.java">
<Cov CovItemId="B1" Value="56"/>
<Cov CovItemId="S13" Value="1792"/>
<Cov CovItemId="S5" Value="56"/>
<Cov CovItemId="S6" Value="56"/>
<Cov CovItemId="S7" Value="56"/>
<Cov CovItemId="S8" Value="1456"/>
<Cov CovItemId="S9" Value="2254"/>
</CovPrefix>
<CovPrefix CovItemPrefix="com.OriginalFiles.Piece.java">
<Cov CovItemId="B1" Value="112"/>
<Cov CovItemId="B12" Value="112"/>
<Cov CovItemId="B13" Value="8"/>
<Cov CovItemId="B14" Value="104"/>
<Cov CovItemId="B15" Value="8"/>
<Cov CovItemId="B17" Value="56"/>
<Cov CovItemId="B18" Value="56"/>
<Cov CovItemId="B5" Value="64"/>
<Cov CovItemId="B6" Value="48"/>
<Cov CovItemId="B7" Value="112"/>
<Cov CovItemId="B9" Value="112"/>
<Cov CovItemId="S1" Value="56"/>
<Cov CovItemId="S10" Value="56"/>
<Cov CovItemId="S11" Value="56"/>
<Cov CovItemId="S12" Value="56"/>
<Cov CovItemId="S13" Value="56"/>
<Cov CovItemId="S14" Value="56"/>
<Cov CovItemId="S15" Value="42"/>
<Cov CovItemId="S16" Value="178"/>
<Cov CovItemId="S17" Value="112"/>
<Cov CovItemId="S18" Value="112"/>
<Cov CovItemId="S19" Value="112"/>
<Cov CovItemId="S2" Value="56"/>
<Cov CovItemId="S20" Value="112"/>
<Cov CovItemId="S21" Value="112"/>
<Cov CovItemId="S27" Value="112"/>
<Cov CovItemId="S28" Value="64"/>
<Cov CovItemId="S29" Value="48"/>
<Cov CovItemId="S3" Value="56"/>
<Cov CovItemId="S30" Value="112"/>
<Cov CovItemId="S31" Value="112"/>
<Cov CovItemId="S32" Value="112"/>
<Cov CovItemId="S33" Value="112"/>
<Cov CovItemId="S34" Value="112"/>
<Cov CovItemId="S35" Value="112"/>
<Cov CovItemId="S36" Value="112"/>
<Cov CovItemId="S38" Value="112"/>
<Cov CovItemId="S39" Value="8"/>
<Cov CovItemId="S4" Value="56"/>
<Cov CovItemId="S40" Value="8"/>
<Cov CovItemId="S41" Value="8"/>
<Cov CovItemId="S42" Value="112"/>
<Cov CovItemId="S43" Value="56"/>
<Cov CovItemId="S44" Value="112"/>
<Cov CovItemId="S5" Value="56"/>
<Cov CovItemId="S6" Value="56"/>
<Cov CovItemId="S7" Value="56"/>
<Cov CovItemId="S8" Value="56"/>
<Cov CovItemId="S9" Value="56"/>
</CovPrefix>
</CovList>
<AssgnmntList>
<AssgnmntPrefix RootTermCovItemPrefix="com.OriginalFiles.Analyze.java">
<AssgnmntListEntry Length="1" RootTermCovItemId="C70">
<MapEntry BoolAssgnmnt="0" Value="56"/>
<MapEntry BoolAssgnmnt="1" Value="1736"/>
</AssgnmntListEntry>
<AssgnmntListEntry Length="1" RootTermCovItemId="C71">
<MapEntry BoolAssgnmnt="0" Value="28"/>
<MapEntry BoolAssgnmnt="1" Value="28"/>
</AssgnmntListEntry>
<AssgnmntListEntry Length="1" RootTermCovItemId="C72">
<MapEntry BoolAssgnmnt="1" Value="28"/>
</AssgnmntListEntry>
<AssgnmntListEntry Length="1" RootTermCovItemId="C73">
<MapEntry BoolAssgnmnt="0" Value="28"/>
<MapEntry BoolAssgnmnt="1" Value="28"/>
</AssgnmntListEntry>
<AssgnmntListEntry Length="1" RootTermCovItemId="C74">
<MapEntry BoolAssgnmnt="1" Value="28"/>
</AssgnmntListEntry>
<AssgnmntListEntry Length="3" RootTermCovItemId="C75">
<MapEntry BoolAssgnmnt="012" Value="12"/>
<MapEntry BoolAssgnmnt="001" Value="16"/>
</AssgnmntListEntry>
<AssgnmntListEntry Length="3" RootTermCovItemId="C76">
<MapEntry BoolAssgnmnt="011" Value="12"/>
<MapEntry BoolAssgnmnt="002" Value="16"/>
</AssgnmntListEntry>
<AssgnmntListEntry Length="2" RootTermCovItemId="C77">
<MapEntry BoolAssgnmnt="11" Value="28"/>
</AssgnmntListEntry>
<AssgnmntListEntry Length="2" RootTermCovItemId="C78">
<MapEntry BoolAssgnmnt="11" Value="28"/>
</AssgnmntListEntry>
<AssgnmntListEntry Length="2" RootTermCovItemId="C79">
<MapEntry BoolAssgnmnt="01" Value="12"/>
<MapEntry BoolAssgnmnt="12" Value="16"/>
</AssgnmntListEntry>
<AssgnmntListEntry Length="2" RootTermCovItemId="C80">
<MapEntry BoolAssgnmnt="10" Value="8"/>
<MapEntry BoolAssgnmnt="02" Value="16"/>
<MapEntry BoolAssgnmnt="11" Value="4"/>
</AssgnmntListEntry>
<AssgnmntListEntry Length="2" RootTermCovItemId="C81">
<MapEntry BoolAssgnmnt="01" Value="4"/>
<MapEntry BoolAssgnmnt="00" Value="12"/>
<MapEntry BoolAssgnmnt="12" Value="4"/>
</AssgnmntListEntry>
<AssgnmntListEntry Length="8" RootTermCovItemId="C90">
<MapEntry BoolAssgnmnt="02100202" Value="8"/>
<MapEntry BoolAssgnmnt="02021122" Value="6"/>
<MapEntry BoolAssgnmnt="11222222" Value="8"/>
<MapEntry BoolAssgnmnt="02020202" Value="14"/>
<MapEntry BoolAssgnmnt="02020210" Value="6"/>
<MapEntry BoolAssgnmnt="02020211" Value="6"/>
<MapEntry BoolAssgnmnt="02112222" Value="8"/>
</AssgnmntListEntry>
</AssgnmntPrefix>
<AssgnmntPrefix RootTermCovItemPrefix="com.OriginalFiles.Board.java">
<AssgnmntListEntry Length="1" RootTermCovItemId="C31">
<MapEntry BoolAssgnmnt="0" Value="28"/>
<MapEntry BoolAssgnmnt="1" Value="154"/>
</AssgnmntListEntry>
<AssgnmntListEntry Length="1" RootTermCovItemId="C32">
<MapEntry BoolAssgnmnt="0" Value="42"/>
<MapEntry BoolAssgnmnt="1" Value="14"/>
</AssgnmntListEntry>
<AssgnmntListEntry Length="1" RootTermCovItemId="C33">
<MapEntry BoolAssgnmnt="0" Value="31"/>
<MapEntry BoolAssgnmnt="1" Value="11"/>
</AssgnmntListEntry>
<AssgnmntListEntry Length="1" RootTermCovItemId="C34">
<MapEntry BoolAssgnmnt="0" Value="32"/>
<MapEntry BoolAssgnmnt="1" Value="10"/>
</AssgnmntListEntry>
<AssgnmntListEntry Length="1" RootTermCovItemId="C35">
<MapEntry BoolAssgnmnt="1" Value="42"/>
</AssgnmntListEntry>
<AssgnmntListEntry Length="1" RootTermCovItemId="C36">
<MapEntry BoolAssgnmnt="0" Value="30"/>
<MapEntry BoolAssgnmnt="1" Value="12"/>
</AssgnmntListEntry>
<AssgnmntListEntry Length="1" RootTermCovItemId="C37">
<MapEntry BoolAssgnmnt="0" Value="33"/>
<MapEntry BoolAssgnmnt="1" Value="9"/>
</AssgnmntListEntry>
<AssgnmntListEntry Length="5" RootTermCovItemId="C38">
<MapEntry BoolAssgnmnt="02002" Value="52"/>
<MapEntry BoolAssgnmnt="10122" Value="48"/>
<MapEntry BoolAssgnmnt="11221" Value="54"/>
<MapEntry BoolAssgnmnt="02011" Value="44"/>
</AssgnmntListEntry>
<AssgnmntListEntry Length="1" RootTermCovItemId="C39">
<MapEntry BoolAssgnmnt="0" Value="114"/>
<MapEntry BoolAssgnmnt="1" Value="84"/>
</AssgnmntListEntry>
<AssgnmntListEntry Length="1" RootTermCovItemId="C40">
<MapEntry BoolAssgnmnt="0" Value="84"/>
</AssgnmntListEntry>
<AssgnmntListEntry Length="2" RootTermCovItemId="C41">
<MapEntry BoolAssgnmnt="10" Value="14"/>
<MapEntry BoolAssgnmnt="02" Value="70"/>
</AssgnmntListEntry>
<AssgnmntListEntry Length="1" RootTermCovItemId="C42">
<MapEntry BoolAssgnmnt="0" Value="896"/>
<MapEntry BoolAssgnmnt="1" Value="896"/>
</AssgnmntListEntry>
<AssgnmntListEntry Length="1" RootTermCovItemId="C43">
<MapEntry BoolAssgnmnt="0" Value="840"/>
<MapEntry BoolAssgnmnt="1" Value="56"/>
</AssgnmntListEntry>
<AssgnmntListEntry Length="1" RootTermCovItemId="C44">
<MapEntry BoolAssgnmnt="0" Value="28"/>
<MapEntry BoolAssgnmnt="1" Value="28"/>
</AssgnmntListEntry>
<AssgnmntListEntry Length="1" RootTermCovItemId="C53">
<MapEntry BoolAssgnmnt="1" Value="252"/>
</AssgnmntListEntry>
<AssgnmntListEntry Length="1" RootTermCovItemId="C54">
<MapEntry BoolAssgnmnt="0" Value="182"/>
<MapEntry BoolAssgnmnt="1" Value="70"/>
</AssgnmntListEntry>
<AssgnmntListEntry Length="3" RootTermCovItemId="C55">
<MapEntry BoolAssgnmnt="011" Value="56"/>
<MapEntry BoolAssgnmnt="010" Value="92"/>
<MapEntry BoolAssgnmnt="002" Value="142"/>
</AssgnmntListEntry>
<AssgnmntListEntry Length="3" RootTermCovItemId="C56">
<MapEntry BoolAssgnmnt="011" Value="62"/>
<MapEntry BoolAssgnmnt="010" Value="80"/>
<MapEntry BoolAssgnmnt="002" Value="56"/>
</AssgnmntListEntry>
</AssgnmntPrefix>
<AssgnmntPrefix RootTermCovItemPrefix="com.OriginalFiles.Field.java">
<AssgnmntListEntry Length="1" RootTermCovItemId="C1">
<MapEntry BoolAssgnmnt="0" Value="56"/>
</AssgnmntListEntry>
</AssgnmntPrefix>
<AssgnmntPrefix RootTermCovItemPrefix="com.OriginalFiles.Piece.java">
<AssgnmntListEntry Length="1" RootTermCovItemId="C1">
<MapEntry BoolAssgnmnt="1" Value="112"/>
</AssgnmntListEntry>
<AssgnmntListEntry Length="1" RootTermCovItemId="C3">
<MapEntry BoolAssgnmnt="0" Value="48"/>
<MapEntry BoolAssgnmnt="1" Value="64"/>
</AssgnmntListEntry>
<AssgnmntListEntry Length="1" RootTermCovItemId="C4">
<MapEntry BoolAssgnmnt="1" Value="112"/>
</AssgnmntListEntry>
<AssgnmntListEntry Length="1" RootTermCovItemId="C5">
<MapEntry BoolAssgnmnt="1" Value="112"/>
</AssgnmntListEntry>
<AssgnmntListEntry Length="1" RootTermCovItemId="C6">
<MapEntry BoolAssgnmnt="0" Value="112"/>
</AssgnmntListEntry>
<AssgnmntListEntry Length="5" RootTermCovItemId="C7">
<MapEntry BoolAssgnmnt="00210" Value="24"/>
<MapEntry BoolAssgnmnt="00211" Value="4"/>
<MapEntry BoolAssgnmnt="01002" Value="24"/>
<MapEntry BoolAssgnmnt="12222" Value="56"/>
<MapEntry BoolAssgnmnt="01122" Value="4"/>
</AssgnmntListEntry>
<AssgnmntListEntry Length="1" RootTermCovItemId="C8">
<MapEntry BoolAssgnmnt="1" Value="8"/>
</AssgnmntListEntry>
<AssgnmntListEntry Length="1" RootTermCovItemId="C9">
<MapEntry BoolAssgnmnt="0" Value="56"/>
<MapEntry BoolAssgnmnt="1" Value="56"/>
</AssgnmntListEntry>
</AssgnmntPrefix>
</AssgnmntList>
<ObjMetaDataList/>
<MetaDataList/>
</TestCase>
<TestCase Comment="" Date="1386061681017" Name="com.Testing.AnalyzeTest:testCheckMovement">
<CovList>
<CovPrefix CovItemPrefix="com.OriginalFiles.Analyze.java">
<Cov CovItemId="B1" Value="2"/>
<Cov CovItemId="B10" Value="2"/>
<Cov CovItemId="B107" Value="32"/>
<Cov CovItemId="B108" Value="4"/>
<Cov CovItemId="B109" Value="2"/>
<Cov CovItemId="B11" Value="2"/>
<Cov CovItemId="B110" Value="2"/>
<Cov CovItemId="B112" Value="2"/>
<Cov CovItemId="B114" Value="2"/>
<Cov CovItemId="B115" Value="3"/>
<Cov CovItemId="B120" Value="9"/>
<Cov CovItemId="B121" Value="183"/>
<Cov CovItemId="B122" Value="6"/>
<Cov CovItemId="B123" Value="3"/>
<Cov CovItemId="B124" Value="6"/>
<Cov CovItemId="B126" Value="3"/>
<Cov CovItemId="B127" Value="6"/>
<Cov CovItemId="B128" Value="3"/>
<Cov CovItemId="B13" Value="2"/>
<Cov CovItemId="B131" Value="3"/>
<Cov CovItemId="B133" Value="3"/>
<Cov CovItemId="B135" Value="3"/>
<Cov CovItemId="B14" Value="1"/>
<Cov CovItemId="B15" Value="1"/>
<Cov CovItemId="B16" Value="1"/>
<Cov CovItemId="B17" Value="1"/>
<Cov CovItemId="B20" Value="1"/>
<Cov CovItemId="B25" Value="1"/>
<Cov CovItemId="B27" Value="1"/>
<Cov CovItemId="B3" Value="1"/>
<Cov CovItemId="B30" Value="1"/>
<Cov CovItemId="B6" Value="2"/>
<Cov CovItemId="B66" Value="2"/>
<Cov CovItemId="B68" Value="2"/>
<Cov CovItemId="B69" Value="1"/>
<Cov CovItemId="B7" Value="6"/>
<Cov CovItemId="B70" Value="1"/>
<Cov CovItemId="B72" Value="2"/>
<Cov CovItemId="B73" Value="1"/>
<Cov CovItemId="B74" Value="1"/>
<Cov CovItemId="B75" Value="1"/>
<Cov CovItemId="B77" Value="1"/>
<Cov CovItemId="B8" Value="122"/>
<Cov CovItemId="B80" Value="8"/>
<Cov CovItemId="B84" Value="1"/>
<Cov CovItemId="B9" Value="4"/>
<Cov CovItemId="B96" Value="1"/>
<Cov CovItemId="L1-2" Value="2"/>
<Cov CovItemId="L16-2" Value="3"/>
<Cov CovItemId="L17-2" Value="24"/>
<Cov CovItemId="L2-2" Value="16"/>
<Cov CovItemId="L3-1" Value="1"/>
<Cov CovItemId="L3-2" Value="1"/>
<Cov CovItemId="L5-1" Value="2"/>
<Cov CovItemId="L6-1" Value="1"/>
<Cov CovItemId="L7-1" Value="1"/>
<Cov CovItemId="L8-2" Value="1"/>
<Cov CovItemId="S10" Value="2"/>
<Cov CovItemId="S100" Value="2"/>
<Cov CovItemId="S101" Value="2"/>
<Cov CovItemId="S102" Value="2"/>
<Cov CovItemId="S103" Value="2"/>
<Cov CovItemId="S105" Value="2"/>
<Cov CovItemId="S106" Value="2"/>
<Cov CovItemId="S108" Value="2"/>
<Cov CovItemId="S109" Value="2"/>
<Cov CovItemId="S11" Value="2"/>
<Cov CovItemId="S110" Value="1"/>
<Cov CovItemId="S111" Value="2"/>
<Cov CovItemId="S112" Value="2"/>
<Cov CovItemId="S114" Value="2"/>
<Cov CovItemId="S115" Value="1"/>
<Cov CovItemId="S116" Value="2"/>
<Cov CovItemId="S117" Value="2"/>
<Cov CovItemId="S118" Value="2"/>
<Cov CovItemId="S119" Value="1"/>
<Cov CovItemId="S12" Value="1"/>
<Cov CovItemId="S120" Value="1"/>
<Cov CovItemId="S121" Value="1"/>
<Cov CovItemId="S122" Value="1"/>
<Cov CovItemId="S123" Value="1"/>
<Cov CovItemId="S124" Value="1"/>
<Cov CovItemId="S125" Value="1"/>
<Cov CovItemId="S126" Value="1"/>
<Cov CovItemId="S127" Value="1"/>
<Cov CovItemId="S128" Value="1"/>
<Cov CovItemId="S129" Value="1"/>
<Cov CovItemId="S13" Value="1"/>
<Cov CovItemId="S130" Value="1"/>
<Cov CovItemId="S131" Value="1"/>
<Cov CovItemId="S132" Value="1"/>
<Cov CovItemId="S133" Value="1"/>
<Cov CovItemId="S134" Value="1"/>
<Cov CovItemId="S135" Value="8"/>
<Cov CovItemId="S137" Value="8"/>
<Cov CovItemId="S14" Value="1"/>
<Cov CovItemId="S148" Value="1"/>
<Cov CovItemId="S15" Value="1"/>
<Cov CovItemId="S150" Value="1"/>
<Cov CovItemId="S16" Value="1"/>
<Cov CovItemId="S169" Value="1"/>
<Cov CovItemId="S18" Value="2"/>
<Cov CovItemId="S19" Value="2"/>
<Cov CovItemId="S200" Value="36"/>
<Cov CovItemId="S201" Value="36"/>
<Cov CovItemId="S202" Value="36"/>
<Cov CovItemId="S203" Value="36"/>
<Cov CovItemId="S204" Value="36"/>
<Cov CovItemId="S205" Value="32"/>
<Cov CovItemId="S206" Value="4"/>
<Cov CovItemId="S207" Value="2"/>
<Cov CovItemId="S208" Value="2"/>
<Cov CovItemId="S210" Value="2"/>
<Cov CovItemId="S212" Value="2"/>
<Cov CovItemId="S213" Value="3"/>
<Cov CovItemId="S214" Value="3"/>
<Cov CovItemId="S22" Value="2"/>
<Cov CovItemId="S222" Value="3"/>
<Cov CovItemId="S223" Value="3"/>
<Cov CovItemId="S224" Value="3"/>
<Cov CovItemId="S225" Value="3"/>
<Cov CovItemId="S226" Value="3"/>
<Cov CovItemId="S227" Value="3"/>
<Cov CovItemId="S228" Value="24"/>
<Cov CovItemId="S229" Value="192"/>
<Cov CovItemId="S23" Value="2"/>
<Cov CovItemId="S230" Value="9"/>
<Cov CovItemId="S231" Value="6"/>
<Cov CovItemId="S232" Value="6"/>
<Cov CovItemId="S233" Value="6"/>
<Cov CovItemId="S234" Value="9"/>
<Cov CovItemId="S235" Value="3"/>
<Cov CovItemId="S236" Value="3"/>
<Cov CovItemId="S237" Value="3"/>
<Cov CovItemId="S238" Value="3"/>
<Cov CovItemId="S24" Value="16"/>
<Cov CovItemId="S240" Value="3"/>
<Cov CovItemId="S242" Value="3"/>
<Cov CovItemId="S25" Value="128"/>
<Cov CovItemId="S251" Value="3"/>
<Cov CovItemId="S26" Value="6"/>
<Cov CovItemId="S27" Value="4"/>
<Cov CovItemId="S28" Value="2"/>
<Cov CovItemId="S29" Value="2"/>
<Cov CovItemId="S30" Value="2"/>
<Cov CovItemId="S31" Value="2"/>
<Cov CovItemId="S32" Value="2"/>
<Cov CovItemId="S33" Value="2"/>
<Cov CovItemId="S34" Value="2"/>
<Cov CovItemId="S35" Value="3"/>
<Cov CovItemId="S36" Value="2"/>
<Cov CovItemId="S37" Value="1"/>
<Cov CovItemId="S38" Value="1"/>
<Cov CovItemId="S39" Value="1"/>
<Cov CovItemId="S41" Value="1"/>
<Cov CovItemId="S52" Value="1"/>
<Cov CovItemId="S53" Value="1"/>
<Cov CovItemId="S54" Value="1"/>
<Cov CovItemId="S55" Value="1"/>
<Cov CovItemId="S56" Value="1"/>
<Cov CovItemId="S60" Value="1"/>
<Cov CovItemId="S7" Value="2"/>
<Cov CovItemId="S8" Value="2"/>
<Cov CovItemId="S9" Value="2"/>
</CovPrefix>
<CovPrefix CovItemPrefix="com.OriginalFiles.Board.java">
<Cov CovItemId="B11" Value="2"/>
<Cov CovItemId="B14" Value="2"/>
<Cov CovItemId="B16" Value="2"/>
<Cov CovItemId="B17" Value="2"/>
<Cov CovItemId="B31" Value="1"/>
<Cov CovItemId="B33" Value="1"/>
<Cov CovItemId="B36" Value="1"/>
<Cov CovItemId="B37" Value="1"/>
<Cov CovItemId="B39" Value="4"/>
<Cov CovItemId="B41" Value="19"/>
<Cov CovItemId="B42" Value="6"/>
<Cov CovItemId="B43" Value="12"/>
<Cov CovItemId="B44" Value="6"/>
<Cov CovItemId="B46" Value="6"/>
<Cov CovItemId="B47" Value="6"/>
<Cov CovItemId="B50" Value="6"/>
<Cov CovItemId="B55" Value="12"/>
<Cov CovItemId="B56" Value="56"/>
<Cov CovItemId="B57" Value="50"/>
<Cov CovItemId="B58" Value="6"/>
<Cov CovItemId="B59" Value="49"/>
<Cov CovItemId="B60" Value="1"/>
<Cov CovItemId="B61" Value="13"/>
<Cov CovItemId="B62" Value="36"/>
<Cov CovItemId="B63" Value="192"/>
<Cov CovItemId="B64" Value="192"/>
<Cov CovItemId="B65" Value="18"/>
<Cov CovItemId="B66" Value="174"/>
<Cov CovItemId="B67" Value="6"/>
<Cov CovItemId="B68" Value="12"/>
<Cov CovItemId="B79" Value="92"/>
<Cov CovItemId="B81" Value="56"/>
<Cov CovItemId="B82" Value="36"/>
<Cov CovItemId="B83" Value="29"/>
<Cov CovItemId="B84" Value="79"/>
<Cov CovItemId="B85" Value="32"/>
<Cov CovItemId="B86" Value="47"/>
<Cov CovItemId="L10-2" Value="104"/>
<Cov CovItemId="L11-2" Value="2"/>
<Cov CovItemId="L12-0" Value="2"/>
<Cov CovItemId="L12-1" Value="2"/>
<Cov CovItemId="L13-2" Value="6"/>
<Cov CovItemId="L14-2" Value="48"/>
<Cov CovItemId="L9-2" Value="13"/>
<Cov CovItemId="S100" Value="1"/>
<Cov CovItemId="S102" Value="1"/>
<Cov CovItemId="S104" Value="1"/>
<Cov CovItemId="S106" Value="1"/>
<Cov CovItemId="S107" Value="1"/>
<Cov CovItemId="S108" Value="1"/>
<Cov CovItemId="S109" Value="1"/>
<Cov CovItemId="S111" Value="4"/>
<Cov CovItemId="S112" Value="4"/>
<Cov CovItemId="S113" Value="4"/>
<Cov CovItemId="S115" Value="25"/>
<Cov CovItemId="S116" Value="19"/>
<Cov CovItemId="S117" Value="6"/>
<Cov CovItemId="S118" Value="18"/>
<Cov CovItemId="S119" Value="18"/>
<Cov CovItemId="S120" Value="12"/>
<Cov CovItemId="S121" Value="6"/>
<Cov CovItemId="S122" Value="6"/>
<Cov CovItemId="S123" Value="6"/>
<Cov CovItemId="S124" Value="6"/>
<Cov CovItemId="S126" Value="6"/>
<Cov CovItemId="S127" Value="6"/>
<Cov CovItemId="S128" Value="6"/>
<Cov CovItemId="S133" Value="6"/>
<Cov CovItemId="S134" Value="18"/>
<Cov CovItemId="S135" Value="68"/>
<Cov CovItemId="S136" Value="12"/>
<Cov CovItemId="S137" Value="56"/>
<Cov CovItemId="S138" Value="50"/>
<Cov CovItemId="S139" Value="49"/>
<Cov CovItemId="S140" Value="13"/>
<Cov CovItemId="S141" Value="43"/>
<Cov CovItemId="S142" Value="60"/>
<Cov CovItemId="S143" Value="6"/>
<Cov CovItemId="S144" Value="6"/>
<Cov CovItemId="S145" Value="48"/>
<Cov CovItemId="S146" Value="384"/>
<Cov CovItemId="S147" Value="192"/>
<Cov CovItemId="S148" Value="18"/>
<Cov CovItemId="S149" Value="6"/>
<Cov CovItemId="S150" Value="12"/>
<Cov CovItemId="S151" Value="6"/>
<Cov CovItemId="S176" Value="92"/>
<Cov CovItemId="S177" Value="92"/>
<Cov CovItemId="S178" Value="56"/>
<Cov CovItemId="S179" Value="36"/>
<Cov CovItemId="S180" Value="108"/>
<Cov CovItemId="S181" Value="29"/>
<Cov CovItemId="S182" Value="79"/>
<Cov CovItemId="S183" Value="32"/>
<Cov CovItemId="S184" Value="47"/>
<Cov CovItemId="S185" Value="217"/>
<Cov CovItemId="S61" Value="13"/>
<Cov CovItemId="S62" Value="104"/>
<Cov CovItemId="S63" Value="832"/>
<Cov CovItemId="S64" Value="2"/>
<Cov CovItemId="S65" Value="2"/>
<Cov CovItemId="S66" Value="2"/>
<Cov CovItemId="S67" Value="2"/>
<Cov CovItemId="S68" Value="4"/>
<Cov CovItemId="S69" Value="2"/>
<Cov CovItemId="S70" Value="2"/>
<Cov CovItemId="S71" Value="2"/>
<Cov CovItemId="S72" Value="2"/>
<Cov CovItemId="S73" Value="2"/>
<Cov CovItemId="S74" Value="2"/>
<Cov CovItemId="S75" Value="2"/>
<Cov CovItemId="S76" Value="4"/>
<Cov CovItemId="S77" Value="4"/>
<Cov CovItemId="S78" Value="2"/>
<Cov CovItemId="S80" Value="2"/>
<Cov CovItemId="S82" Value="2"/>
<Cov CovItemId="S83" Value="2"/>
<Cov CovItemId="S98" Value="1"/>
<Cov CovItemId="S99" Value="1"/>
</CovPrefix>
<CovPrefix CovItemPrefix="com.OriginalFiles.Field.java">
<Cov CovItemId="B1" Value="36"/>
<Cov CovItemId="B2" Value="8"/>
<Cov CovItemId="S1" Value="88"/>
<Cov CovItemId="S13" Value="129"/>
<Cov CovItemId="S2" Value="88"/>
<Cov CovItemId="S5" Value="44"/>
<Cov CovItemId="S6" Value="44"/>
<Cov CovItemId="S7" Value="36"/>
<Cov CovItemId="S8" Value="368"/>
<Cov CovItemId="S9" Value="484"/>
</CovPrefix>
<CovPrefix CovItemPrefix="com.OriginalFiles.Piece.java">
<Cov CovItemId="B1" Value="31"/>
<Cov CovItemId="B12" Value="31"/>
<Cov CovItemId="B13" Value="8"/>
<Cov CovItemId="B14" Value="23"/>
<Cov CovItemId="B15" Value="8"/>
<Cov CovItemId="B17" Value="3"/>
<Cov CovItemId="B18" Value="28"/>
<Cov CovItemId="B2" Value="8"/>
<Cov CovItemId="B5" Value="18"/>
<Cov CovItemId="B6" Value="13"/>
<Cov CovItemId="B7" Value="31"/>
<Cov CovItemId="B8" Value="8"/>
<Cov CovItemId="B9" Value="31"/>
<Cov CovItemId="S1" Value="35"/>
<Cov CovItemId="S10" Value="35"/>
<Cov CovItemId="S11" Value="35"/>
<Cov CovItemId="S12" Value="35"/>
<Cov CovItemId="S13" Value="35"/>
<Cov CovItemId="S14" Value="35"/>
<Cov CovItemId="S17" Value="39"/>
<Cov CovItemId="S18" Value="39"/>
<Cov CovItemId="S19" Value="39"/>
<Cov CovItemId="S2" Value="35"/>
<Cov CovItemId="S20" Value="39"/>
<Cov CovItemId="S21" Value="31"/>
<Cov CovItemId="S22" Value="8"/>
<Cov CovItemId="S23" Value="8"/>
<Cov CovItemId="S27" Value="31"/>
<Cov CovItemId="S28" Value="18"/>
<Cov CovItemId="S29" Value="13"/>
<Cov CovItemId="S3" Value="35"/>
<Cov CovItemId="S30" Value="39"/>
<Cov CovItemId="S31" Value="39"/>
<Cov CovItemId="S32" Value="31"/>
<Cov CovItemId="S33" Value="31"/>
<Cov CovItemId="S34" Value="31"/>
<Cov CovItemId="S35" Value="31"/>
<Cov CovItemId="S36" Value="31"/>
<Cov CovItemId="S38" Value="31"/>
<Cov CovItemId="S39" Value="8"/>
<Cov CovItemId="S4" Value="35"/>
<Cov CovItemId="S40" Value="8"/>
<Cov CovItemId="S41" Value="8"/>
<Cov CovItemId="S42" Value="31"/>
<Cov CovItemId="S43" Value="3"/>
<Cov CovItemId="S44" Value="31"/>
<Cov CovItemId="S5" Value="35"/>
<Cov CovItemId="S6" Value="35"/>
<Cov CovItemId="S7" Value="35"/>
<Cov CovItemId="S8" Value="35"/>
<Cov CovItemId="S9" Value="35"/>
</CovPrefix>
<CovPrefix CovItemPrefix="com.OriginalFiles.RemoteNXTFunctions.java">
<Cov CovItemId="B16" Value="4"/>
<Cov CovItemId="B24" Value="4"/>
<Cov CovItemId="B31" Value="2"/>
<Cov CovItemId="B32" Value="2"/>
<Cov CovItemId="B34" Value="2"/>
<Cov CovItemId="B35" Value="1"/>
<Cov CovItemId="B36" Value="1"/>
<Cov CovItemId="B37" Value="1"/>
<Cov CovItemId="B39" Value="2"/>
<Cov CovItemId="B41" Value="1"/>
<Cov CovItemId="B42" Value="1"/>
<Cov CovItemId="B44" Value="1"/>
<Cov CovItemId="B45" Value="1"/>
<Cov CovItemId="B5" Value="32"/>
<Cov CovItemId="B6" Value="4"/>
<Cov CovItemId="B7" Value="32"/>
<Cov CovItemId="S162" Value="36"/>
<Cov CovItemId="S19" Value="36"/>
<Cov CovItemId="S20" Value="36"/>
<Cov CovItemId="S21" Value="32"/>
<Cov CovItemId="S22" Value="32"/>
<Cov CovItemId="S30" Value="4"/>
<Cov CovItemId="S38" Value="4"/>
<Cov CovItemId="S46" Value="4"/>
<Cov CovItemId="S47" Value="2"/>
<Cov CovItemId="S49" Value="2"/>
<Cov CovItemId="S50" Value="1"/>
<Cov CovItemId="S51" Value="1"/>
<Cov CovItemId="S52" Value="1"/>
<Cov CovItemId="S54" Value="2"/>
<Cov CovItemId="S55" Value="2"/>
<Cov CovItemId="S56" Value="1"/>
<Cov CovItemId="S57" Value="1"/>
<Cov CovItemId="S59" Value="1"/>
<Cov CovItemId="S60" Value="1"/>
</CovPrefix>
</CovList>
<AssgnmntList>
<AssgnmntPrefix RootTermCovItemPrefix="com.OriginalFiles.Analyze.java">
<AssgnmntListEntry Length="1" RootTermCovItemId="C1">
<MapEntry BoolAssgnmnt="0" Value="2"/>
</AssgnmntListEntry>
<AssgnmntListEntry Length="1" RootTermCovItemId="C10">
<MapEntry BoolAssgnmnt="1" Value="1"/>
</AssgnmntListEntry>
<AssgnmntListEntry Length="1" RootTermCovItemId="C13">
<MapEntry BoolAssgnmnt="1" Value="1"/>
</AssgnmntListEntry>
<AssgnmntListEntry Length="1" RootTermCovItemId="C14">
<MapEntry BoolAssgnmnt="1" Value="1"/>
</AssgnmntListEntry>
<AssgnmntListEntry Length="1" RootTermCovItemId="C15">
<MapEntry BoolAssgnmnt="1" Value="1"/>
</AssgnmntListEntry>
<AssgnmntListEntry Length="1" RootTermCovItemId="C2">
<MapEntry BoolAssgnmnt="0" Value="1"/>
</AssgnmntListEntry>
<AssgnmntListEntry Length="1" RootTermCovItemId="C3">
<MapEntry BoolAssgnmnt="0" Value="2"/>
</AssgnmntListEntry>
<AssgnmntListEntry Length="1" RootTermCovItemId="C34">
<MapEntry BoolAssgnmnt="0" Value="2"/>
</AssgnmntListEntry>
<AssgnmntListEntry Length="1" RootTermCovItemId="C35">
<MapEntry BoolAssgnmnt="0" Value="2"/>
</AssgnmntListEntry>
<AssgnmntListEntry Length="1" RootTermCovItemId="C36">
<MapEntry BoolAssgnmnt="0" Value="1"/>
<MapEntry BoolAssgnmnt="1" Value="1"/>
</AssgnmntListEntry>
<AssgnmntListEntry Length="1" RootTermCovItemId="C37">
<MapEntry BoolAssgnmnt="0" Value="2"/>
</AssgnmntListEntry>
<AssgnmntListEntry Length="1" RootTermCovItemId="C38">
<MapEntry BoolAssgnmnt="0" Value="1"/>
<MapEntry BoolAssgnmnt="1" Value="1"/>
</AssgnmntListEntry>
<AssgnmntListEntry Length="1" RootTermCovItemId="C39">
<MapEntry BoolAssgnmnt="0" Value="2"/>
<MapEntry BoolAssgnmnt="1" Value="2"/>
</AssgnmntListEntry>
<AssgnmntListEntry Length="1" RootTermCovItemId="C4">
<MapEntry BoolAssgnmnt="0" Value="6"/>
<MapEntry BoolAssgnmnt="1" Value="122"/>
</AssgnmntListEntry>
<AssgnmntListEntry Length="1" RootTermCovItemId="C40">
<MapEntry BoolAssgnmnt="1" Value="1"/>
</AssgnmntListEntry>
<AssgnmntListEntry Length="1" RootTermCovItemId="C41">
<MapEntry BoolAssgnmnt="0" Value="1"/>
</AssgnmntListEntry>
<AssgnmntListEntry Length="1" RootTermCovItemId="C42">
<MapEntry BoolAssgnmnt="0" Value="1"/>
<MapEntry BoolAssgnmnt="1" Value="1"/>
</AssgnmntListEntry>
<AssgnmntListEntry Length="1" RootTermCovItemId="C43">
<MapEntry BoolAssgnmnt="1" Value="1"/>
</AssgnmntListEntry>
<AssgnmntListEntry Length="1" RootTermCovItemId="C44">
<MapEntry BoolAssgnmnt="0" Value="8"/>
<MapEntry BoolAssgnmnt="1" Value="1"/>
</AssgnmntListEntry>
<AssgnmntListEntry Length="1" RootTermCovItemId="C45">
<MapEntry BoolAssgnmnt="0" Value="8"/>
</AssgnmntListEntry>
<AssgnmntListEntry Length="1" RootTermCovItemId="C49">
<MapEntry BoolAssgnmnt="0" Value="1"/>
</AssgnmntListEntry>
<AssgnmntListEntry Length="2" RootTermCovItemId="C5">
<MapEntry BoolAssgnmnt="10" Value="2"/>
<MapEntry BoolAssgnmnt="11" Value="4"/>
</AssgnmntListEntry>
<AssgnmntListEntry Length="1" RootTermCovItemId="C56">
<MapEntry BoolAssgnmnt="0" Value="1"/>
</AssgnmntListEntry>
<AssgnmntListEntry Length="1" RootTermCovItemId="C6">
<MapEntry BoolAssgnmnt="1" Value="2"/>
</AssgnmntListEntry>
<AssgnmntListEntry Length="6" RootTermCovItemId="C66">
<MapEntry BoolAssgnmnt="110222" Value="2"/>
<MapEntry BoolAssgnmnt="022222" Value="2"/>
<MapEntry BoolAssgnmnt="111111" Value="32"/>
</AssgnmntListEntry>
<AssgnmntListEntry Length="6" RootTermCovItemId="C67">
<MapEntry BoolAssgnmnt="022222" Value="2"/>
<MapEntry BoolAssgnmnt="111111" Value="2"/>
</AssgnmntListEntry>
<AssgnmntListEntry Length="6" RootTermCovItemId="C68">
<MapEntry BoolAssgnmnt="102222" Value="2"/>
</AssgnmntListEntry>
<AssgnmntListEntry Length="6" RootTermCovItemId="C69">
<MapEntry BoolAssgnmnt="102222" Value="2"/>
</AssgnmntListEntry>
<AssgnmntListEntry Length="1" RootTermCovItemId="C7">
<MapEntry BoolAssgnmnt="0" Value="1"/>
<MapEntry BoolAssgnmnt="1" Value="2"/>
</AssgnmntListEntry>
<AssgnmntListEntry Length="1" RootTermCovItemId="C70">
<MapEntry BoolAssgnmnt="0" Value="9"/>
<MapEntry BoolAssgnmnt="1" Value="183"/>
</AssgnmntListEntry>
<AssgnmntListEntry Length="1" RootTermCovItemId="C71">
<MapEntry BoolAssgnmnt="0" Value="3"/>
<MapEntry BoolAssgnmnt="1" Value="6"/>
</AssgnmntListEntry>
<AssgnmntListEntry Length="1" RootTermCovItemId="C72">
<MapEntry BoolAssgnmnt="1" Value="6"/>
</AssgnmntListEntry>
<AssgnmntListEntry Length="1" RootTermCovItemId="C73">
<MapEntry BoolAssgnmnt="0" Value="6"/>
<MapEntry BoolAssgnmnt="1" Value="3"/>
</AssgnmntListEntry>
<AssgnmntListEntry Length="1" RootTermCovItemId="C74">
<MapEntry BoolAssgnmnt="1" Value="3"/>
</AssgnmntListEntry>
<AssgnmntListEntry Length="3" RootTermCovItemId="C75">
<MapEntry BoolAssgnmnt="012" Value="2"/>
<MapEntry BoolAssgnmnt="001" Value="1"/>
</AssgnmntListEntry>
<AssgnmntListEntry Length="3" RootTermCovItemId="C76">
<MapEntry BoolAssgnmnt="011" Value="2"/>
<MapEntry BoolAssgnmnt="002" Value="1"/>
</AssgnmntListEntry>
<AssgnmntListEntry Length="2" RootTermCovItemId="C77">
<MapEntry BoolAssgnmnt="10" Value="3"/>
</AssgnmntListEntry>
<AssgnmntListEntry Length="2" RootTermCovItemId="C8">
<MapEntry BoolAssgnmnt="10" Value="1"/>
<MapEntry BoolAssgnmnt="11" Value="1"/>
</AssgnmntListEntry>
<AssgnmntListEntry Length="1" RootTermCovItemId="C9">
<MapEntry BoolAssgnmnt="1" Value="1"/>
</AssgnmntListEntry>
</AssgnmntPrefix>
<AssgnmntPrefix RootTermCovItemPrefix="com.OriginalFiles.Board.java">
<AssgnmntListEntry Length="1" RootTermCovItemId="C14">
<MapEntry BoolAssgnmnt="0" Value="2"/>
<MapEntry BoolAssgnmnt="1" Value="4"/>
</AssgnmntListEntry>
<AssgnmntListEntry Length="1" RootTermCovItemId="C15">
<MapEntry BoolAssgnmnt="0" Value="4"/>
<MapEntry BoolAssgnmnt="1" Value="2"/>
</AssgnmntListEntry>
<AssgnmntListEntry Length="1" RootTermCovItemId="C16">
<MapEntry BoolAssgnmnt="0" Value="2"/>
</AssgnmntListEntry>
<AssgnmntListEntry Length="4" RootTermCovItemId="C17">
<MapEntry BoolAssgnmnt="0222" Value="2"/>
</AssgnmntListEntry>
<AssgnmntListEntry Length="2" RootTermCovItemId="C18">
<MapEntry BoolAssgnmnt="02" Value="2"/>
</AssgnmntListEntry>
<AssgnmntListEntry Length="2" RootTermCovItemId="C19">
<MapEntry BoolAssgnmnt="10" Value="2"/>
</AssgnmntListEntry>
<AssgnmntListEntry Length="1" RootTermCovItemId="C26">
<MapEntry BoolAssgnmnt="0" Value="1"/>
</AssgnmntListEntry>
<AssgnmntListEntry Length="1" RootTermCovItemId="C27">
<MapEntry BoolAssgnmnt="1" Value="1"/>
</AssgnmntListEntry>
<AssgnmntListEntry Length="2" RootTermCovItemId="C28">
<MapEntry BoolAssgnmnt="02" Value="1"/>
</AssgnmntListEntry>
<AssgnmntListEntry Length="1" RootTermCovItemId="C29">
<MapEntry BoolAssgnmnt="1" Value="1"/>
</AssgnmntListEntry>
<AssgnmntListEntry Length="1" RootTermCovItemId="C30">
<MapEntry BoolAssgnmnt="1" Value="4"/>
</AssgnmntListEntry>
<AssgnmntListEntry Length="1" RootTermCovItemId="C31">
<MapEntry BoolAssgnmnt="0" Value="6"/>
<MapEntry BoolAssgnmnt="1" Value="19"/>
</AssgnmntListEntry>
<AssgnmntListEntry Length="1" RootTermCovItemId="C32">
<MapEntry BoolAssgnmnt="0" Value="6"/>
<MapEntry BoolAssgnmnt="1" Value="12"/>
</AssgnmntListEntry>
<AssgnmntListEntry Length="1" RootTermCovItemId="C33">
<MapEntry BoolAssgnmnt="1" Value="6"/>
</AssgnmntListEntry>
<AssgnmntListEntry Length="1" RootTermCovItemId="C34">
<MapEntry BoolAssgnmnt="0" Value="6"/>
</AssgnmntListEntry>
<AssgnmntListEntry Length="1" RootTermCovItemId="C35">
<MapEntry BoolAssgnmnt="0" Value="6"/>
</AssgnmntListEntry>
<AssgnmntListEntry Length="5" RootTermCovItemId="C38">
<MapEntry BoolAssgnmnt="02002" Value="28"/>
<MapEntry BoolAssgnmnt="10122" Value="8"/>
<MapEntry BoolAssgnmnt="11221" Value="12"/>
<MapEntry BoolAssgnmnt="02010" Value="12"/>
<MapEntry BoolAssgnmnt="02011" Value="8"/>
</AssgnmntListEntry>
<AssgnmntListEntry Length="1" RootTermCovItemId="C39">
<MapEntry BoolAssgnmnt="0" Value="6"/>
<MapEntry BoolAssgnmnt="1" Value="50"/>
</AssgnmntListEntry>
<AssgnmntListEntry Length="1" RootTermCovItemId="C40">
<MapEntry BoolAssgnmnt="0" Value="49"/>
<MapEntry BoolAssgnmnt="1" Value="1"/>
</AssgnmntListEntry>
<AssgnmntListEntry Length="2" RootTermCovItemId="C41">
<MapEntry BoolAssgnmnt="10" Value="13"/>
<MapEntry BoolAssgnmnt="02" Value="36"/>
</AssgnmntListEntry>
<AssgnmntListEntry Length="1" RootTermCovItemId="C42">
<MapEntry BoolAssgnmnt="0" Value="192"/>
<MapEntry BoolAssgnmnt="1" Value="192"/>
</AssgnmntListEntry>
<AssgnmntListEntry Length="1" RootTermCovItemId="C43">
<MapEntry BoolAssgnmnt="0" Value="174"/>
<MapEntry BoolAssgnmnt="1" Value="18"/>
</AssgnmntListEntry>
<AssgnmntListEntry Length="1" RootTermCovItemId="C44">
<MapEntry BoolAssgnmnt="0" Value="12"/>
<MapEntry BoolAssgnmnt="1" Value="6"/>
</AssgnmntListEntry>
<AssgnmntListEntry Length="1" RootTermCovItemId="C53">
<MapEntry BoolAssgnmnt="1" Value="92"/>
</AssgnmntListEntry>
<AssgnmntListEntry Length="1" RootTermCovItemId="C54">
<MapEntry BoolAssgnmnt="0" Value="56"/>
<MapEntry BoolAssgnmnt="1" Value="36"/>
</AssgnmntListEntry>
<AssgnmntListEntry Length="3" RootTermCovItemId="C55">
<MapEntry BoolAssgnmnt="002" Value="61"/>
<MapEntry BoolAssgnmnt="120" Value="29"/>
<MapEntry BoolAssgnmnt="121" Value="18"/>
</AssgnmntListEntry>
<AssgnmntListEntry Length="3" RootTermCovItemId="C56">
<MapEntry BoolAssgnmnt="002" Value="18"/>
<MapEntry BoolAssgnmnt="120" Value="29"/>
<MapEntry BoolAssgnmnt="121" Value="32"/>
</AssgnmntListEntry>
</AssgnmntPrefix>
<AssgnmntPrefix RootTermCovItemPrefix="com.OriginalFiles.Field.java">
<AssgnmntListEntry Length="1" RootTermCovItemId="C1">
<MapEntry BoolAssgnmnt="0" Value="36"/>
<MapEntry BoolAssgnmnt="1" Value="8"/>
</AssgnmntListEntry>
</AssgnmntPrefix>
<AssgnmntPrefix RootTermCovItemPrefix="com.OriginalFiles.Piece.java">
<AssgnmntListEntry Length="1" RootTermCovItemId="C1">
<MapEntry BoolAssgnmnt="0" Value="8"/>
<MapEntry BoolAssgnmnt="1" Value="31"/>
</AssgnmntListEntry>
<AssgnmntListEntry Length="1" RootTermCovItemId="C3">
<MapEntry BoolAssgnmnt="0" Value="13"/>
<MapEntry BoolAssgnmnt="1" Value="18"/>
</AssgnmntListEntry>
<AssgnmntListEntry Length="1" RootTermCovItemId="C4">
<MapEntry BoolAssgnmnt="0" Value="8"/>
<MapEntry BoolAssgnmnt="1" Value="31"/>
</AssgnmntListEntry>
<AssgnmntListEntry Length="1" RootTermCovItemId="C5">
<MapEntry BoolAssgnmnt="1" Value="31"/>
</AssgnmntListEntry>
<AssgnmntListEntry Length="1" RootTermCovItemId="C6">
<MapEntry BoolAssgnmnt="0" Value="31"/>
</AssgnmntListEntry>
<AssgnmntListEntry Length="5" RootTermCovItemId="C7">
<MapEntry BoolAssgnmnt="00210" Value="9"/>
<MapEntry BoolAssgnmnt="00211" Value="4"/>
<MapEntry BoolAssgnmnt="01002" Value="11"/>
<MapEntry BoolAssgnmnt="12222" Value="3"/>
<MapEntry BoolAssgnmnt="01122" Value="4"/>
</AssgnmntListEntry>
<AssgnmntListEntry Length="1" RootTermCovItemId="C8">
<MapEntry BoolAssgnmnt="1" Value="8"/>
</AssgnmntListEntry>
<AssgnmntListEntry Length="1" RootTermCovItemId="C9">
<MapEntry BoolAssgnmnt="0" Value="28"/>
<MapEntry BoolAssgnmnt="1" Value="3"/>
</AssgnmntListEntry>
</AssgnmntPrefix>
<AssgnmntPrefix RootTermCovItemPrefix="com.OriginalFiles.RemoteNXTFunctions.java">
<AssgnmntListEntry Length="1" RootTermCovItemId="C10">
<MapEntry BoolAssgnmnt="0" Value="4"/>
</AssgnmntListEntry>
<AssgnmntListEntry Length="1" RootTermCovItemId="C14">
<MapEntry BoolAssgnmnt="0" Value="4"/>
</AssgnmntListEntry>
<AssgnmntListEntry Length="1" RootTermCovItemId="C18">
<MapEntry BoolAssgnmnt="0" Value="2"/>
<MapEntry BoolAssgnmnt="1" Value="2"/>
</AssgnmntListEntry>
<AssgnmntListEntry Length="2" RootTermCovItemId="C19">
<MapEntry BoolAssgnmnt="02" Value="2"/>
</AssgnmntListEntry>
<AssgnmntListEntry Length="2" RootTermCovItemId="C20">
<MapEntry BoolAssgnmnt="02" Value="1"/>
<MapEntry BoolAssgnmnt="11" Value="1"/>
</AssgnmntListEntry>
<AssgnmntListEntry Length="1" RootTermCovItemId="C21">
<MapEntry BoolAssgnmnt="1" Value="1"/>
</AssgnmntListEntry>
<AssgnmntListEntry Length="1" RootTermCovItemId="C22">
<MapEntry BoolAssgnmnt="1" Value="2"/>
</AssgnmntListEntry>
<AssgnmntListEntry Length="2" RootTermCovItemId="C23">
<MapEntry BoolAssgnmnt="02" Value="1"/>
<MapEntry BoolAssgnmnt="11" Value="1"/>
</AssgnmntListEntry>
<AssgnmntListEntry Length="2" RootTermCovItemId="C24">
<MapEntry BoolAssgnmnt="02" Value="1"/>
</AssgnmntListEntry>
<AssgnmntListEntry Length="2" RootTermCovItemId="C25">
<MapEntry BoolAssgnmnt="11" Value="1"/>
</AssgnmntListEntry>
<AssgnmntListEntry Length="1" RootTermCovItemId="C5">
<MapEntry BoolAssgnmnt="0" Value="4"/>
<MapEntry BoolAssgnmnt="1" Value="32"/>
</AssgnmntListEntry>
<AssgnmntListEntry Length="2" RootTermCovItemId="C6">
<MapEntry BoolAssgnmnt="11" Value="32"/>
</AssgnmntListEntry>
</AssgnmntPrefix>
</AssgnmntList>
<ObjMetaDataList/>
<MetaDataList/>
</TestCase>
<TestCase Comment="" Date="1386061681019" Name="com.Testing.AnalyzeTest:testCheckForUpgradeKing">
<CovList>
<CovPrefix CovItemPrefix="com.OriginalFiles.Analyze.java">
<Cov CovItemId="B1" Value="30"/>
<Cov CovItemId="B10" Value="30"/>
<Cov CovItemId="B101" Value="8"/>
<Cov CovItemId="B107" Value="33"/>
<Cov CovItemId="B108" Value="117"/>
<Cov CovItemId="B109" Value="11"/>
<Cov CovItemId="B11" Value="30"/>
<Cov CovItemId="B110" Value="106"/>
<Cov CovItemId="B111" Value="21"/>
<Cov CovItemId="B112" Value="85"/>
<Cov CovItemId="B113" Value="2"/>
<Cov CovItemId="B114" Value="83"/>
<Cov CovItemId="B115" Value="59"/>
<Cov CovItemId="B120" Value="132"/>
<Cov CovItemId="B121" Value="3644"/>
<Cov CovItemId="B122" Value="66"/>
<Cov CovItemId="B123" Value="66"/>
<Cov CovItemId="B124" Value="66"/>
<Cov CovItemId="B126" Value="66"/>
<Cov CovItemId="B127" Value="66"/>
<Cov CovItemId="B128" Value="66"/>
<Cov CovItemId="B13" Value="23"/>
<Cov CovItemId="B131" Value="59"/>
<Cov CovItemId="B133" Value="59"/>
<Cov CovItemId="B134" Value="52"/>
<Cov CovItemId="B135" Value="7"/>
<Cov CovItemId="B136" Value="42"/>
<Cov CovItemId="B137" Value="10"/>
<Cov CovItemId="B139" Value="42"/>
<Cov CovItemId="B14" Value="7"/>
<Cov CovItemId="B157" Value="84"/>
<Cov CovItemId="B16" Value="23"/>
<Cov CovItemId="B17" Value="22"/>
<Cov CovItemId="B19" Value="7"/>
<Cov CovItemId="B20" Value="22"/>
<Cov CovItemId="B21" Value="3"/>
<Cov CovItemId="B22" Value="4"/>
<Cov CovItemId="B23" Value="3"/>
<Cov CovItemId="B24" Value="1"/>
<Cov CovItemId="B26" Value="23"/>
<Cov CovItemId="B3" Value="29"/>
<Cov CovItemId="B31" Value="22"/>
<Cov CovItemId="B33" Value="23"/>
<Cov CovItemId="B35" Value="11"/>
<Cov CovItemId="B36" Value="12"/>
<Cov CovItemId="B37" Value="11"/>
<Cov CovItemId="B39" Value="2"/>
<Cov CovItemId="B40" Value="10"/>
<Cov CovItemId="B41" Value="2"/>
<Cov CovItemId="B43" Value="10"/>
<Cov CovItemId="B46" Value="10"/>
<Cov CovItemId="B49" Value="10"/>
<Cov CovItemId="B5" Value="2"/>
<Cov CovItemId="B51" Value="10"/>
<Cov CovItemId="B53" Value="23"/>
<Cov CovItemId="B55" Value="21"/>
<Cov CovItemId="B56" Value="2"/>
<Cov CovItemId="B57" Value="21"/>
<Cov CovItemId="B58" Value="2"/>
<Cov CovItemId="B59" Value="23"/>
<Cov CovItemId="B6" Value="28"/>
<Cov CovItemId="B61" Value="65"/>
<Cov CovItemId="B62" Value="23"/>
<Cov CovItemId="B64" Value="88"/>
<Cov CovItemId="B7" Value="60"/>
<Cov CovItemId="B8" Value="1860"/>
<Cov CovItemId="B83" Value="3"/>
<Cov CovItemId="B84" Value="30"/>
<Cov CovItemId="B85" Value="1"/>
<Cov CovItemId="B86" Value="2"/>
<Cov CovItemId="B87" Value="1"/>
<Cov CovItemId="B9" Value="30"/>
<Cov CovItemId="B90" Value="2"/>
<Cov CovItemId="B91" Value="1"/>
<Cov CovItemId="B92" Value="9"/>
<Cov CovItemId="B93" Value="1"/>
<Cov CovItemId="B94" Value="8"/>
<Cov CovItemId="B95" Value="1"/>
<Cov CovItemId="B96" Value="28"/>
<Cov CovItemId="B97" Value="1"/>
<Cov CovItemId="B99" Value="1"/>
<Cov CovItemId="L1-2" Value="30"/>
<Cov CovItemId="L11-1" Value="1"/>
<Cov CovItemId="L11-2" Value="1"/>
<Cov CovItemId="L12-1" Value="1"/>
<Cov CovItemId="L13-1" Value="1"/>
<Cov CovItemId="L14-1" Value="1"/>
<Cov CovItemId="L15-2" Value="1"/>
<Cov CovItemId="L16-2" Value="59"/>
<Cov CovItemId="L17-2" Value="472"/>
<Cov CovItemId="L2-2" Value="240"/>
<Cov CovItemId="L3-1" Value="30"/>
<Cov CovItemId="L4-2" Value="23"/>
<Cov CovItemId="S10" Value="30"/>
<Cov CovItemId="S11" Value="30"/>
<Cov CovItemId="S12" Value="29"/>
<Cov CovItemId="S13" Value="29"/>
<Cov CovItemId="S14" Value="29"/>
<Cov CovItemId="S15" Value="29"/>
<Cov CovItemId="S150" Value="33"/>
<Cov CovItemId="S151" Value="3"/>
<Cov CovItemId="S152" Value="1"/>
<Cov CovItemId="S153" Value="1"/>
<Cov CovItemId="S154" Value="1"/>
<Cov CovItemId="S155" Value="1"/>
<Cov CovItemId="S156" Value="2"/>
<Cov CovItemId="S159" Value="2"/>
<Cov CovItemId="S16" Value="29"/>
<Cov CovItemId="S160" Value="2"/>
<Cov CovItemId="S161" Value="2"/>
<Cov CovItemId="S162" Value="10"/>
<Cov CovItemId="S163" Value="1"/>
<Cov CovItemId="S164" Value="9"/>
<Cov CovItemId="S165" Value="1"/>
<Cov CovItemId="S166" Value="1"/>
<Cov CovItemId="S167" Value="1"/>
<Cov CovItemId="S168" Value="9"/>
<Cov CovItemId="S169" Value="29"/>
<Cov CovItemId="S170" Value="1"/>
<Cov CovItemId="S171" Value="1"/>
<Cov CovItemId="S172" Value="1"/>
<Cov CovItemId="S173" Value="1"/>
<Cov CovItemId="S174" Value="1"/>
<Cov CovItemId="S175" Value="1"/>
<Cov CovItemId="S176" Value="1"/>
<Cov CovItemId="S177" Value="1"/>
<Cov CovItemId="S178" Value="1"/>
<Cov CovItemId="S179" Value="1"/>
<Cov CovItemId="S18" Value="30"/>
<Cov CovItemId="S180" Value="1"/>
<Cov CovItemId="S184" Value="1"/>
<Cov CovItemId="S185" Value="1"/>
<Cov CovItemId="S186" Value="8"/>
<Cov CovItemId="S187" Value="8"/>
<Cov CovItemId="S188" Value="8"/>
<Cov CovItemId="S189" Value="1"/>
<Cov CovItemId="S19" Value="30"/>
<Cov CovItemId="S20" Value="2"/>
<Cov CovItemId="S200" Value="150"/>
<Cov CovItemId="S201" Value="150"/>
<Cov CovItemId="S202" Value="150"/>
<Cov CovItemId="S203" Value="150"/>
<Cov CovItemId="S204" Value="150"/>
<Cov CovItemId="S205" Value="33"/>
<Cov CovItemId="S206" Value="117"/>
<Cov CovItemId="S207" Value="11"/>
<Cov CovItemId="S208" Value="106"/>
<Cov CovItemId="S209" Value="21"/>
<Cov CovItemId="S21" Value="2"/>
<Cov CovItemId="S210" Value="85"/>
<Cov CovItemId="S211" Value="2"/>
<Cov CovItemId="S212" Value="83"/>
<Cov CovItemId="S213" Value="59"/>
<Cov CovItemId="S214" Value="59"/>
<Cov CovItemId="S22" Value="30"/>
<Cov CovItemId="S222" Value="59"/>
<Cov CovItemId="S223" Value="59"/>
<Cov CovItemId="S224" Value="59"/>
<Cov CovItemId="S225" Value="59"/>
<Cov CovItemId="S226" Value="59"/>
<Cov CovItemId="S227" Value="59"/>
<Cov CovItemId="S228" Value="472"/>
<Cov CovItemId="S229" Value="3776"/>
<Cov CovItemId="S23" Value="30"/>
<Cov CovItemId="S230" Value="132"/>
<Cov CovItemId="S231" Value="66"/>
<Cov CovItemId="S232" Value="66"/>
<Cov CovItemId="S233" Value="66"/>
<Cov CovItemId="S234" Value="132"/>
<Cov CovItemId="S235" Value="66"/>
<Cov CovItemId="S236" Value="66"/>
<Cov CovItemId="S237" Value="66"/>
<Cov CovItemId="S238" Value="59"/>
<Cov CovItemId="S24" Value="240"/>
<Cov CovItemId="S240" Value="59"/>
<Cov CovItemId="S242" Value="59"/>
<Cov CovItemId="S243" Value="52"/>
<Cov CovItemId="S244" Value="42"/>
<Cov CovItemId="S245" Value="42"/>
<Cov CovItemId="S246" Value="42"/>
<Cov CovItemId="S25" Value="1920"/>
<Cov CovItemId="S251" Value="59"/>
<Cov CovItemId="S26" Value="60"/>
<Cov CovItemId="S268" Value="84"/>
<Cov CovItemId="S27" Value="30"/>
<Cov CovItemId="S270" Value="84"/>
<Cov CovItemId="S28" Value="30"/>
<Cov CovItemId="S29" Value="30"/>
<Cov CovItemId="S30" Value="30"/>
<Cov CovItemId="S31" Value="30"/>
<Cov CovItemId="S32" Value="30"/>
<Cov CovItemId="S33" Value="30"/>
<Cov CovItemId="S34" Value="30"/>
<Cov CovItemId="S35" Value="30"/>
<Cov CovItemId="S36" Value="23"/>
<Cov CovItemId="S38" Value="23"/>
<Cov CovItemId="S39" Value="22"/>
<Cov CovItemId="S40" Value="7"/>
<Cov CovItemId="S41" Value="29"/>
<Cov CovItemId="S42" Value="7"/>
<Cov CovItemId="S43" Value="3"/>
<Cov CovItemId="S44" Value="3"/>
<Cov CovItemId="S45" Value="3"/>
<Cov CovItemId="S46" Value="4"/>
<Cov CovItemId="S47" Value="3"/>
<Cov CovItemId="S48" Value="3"/>
<Cov CovItemId="S49" Value="3"/>
<Cov CovItemId="S50" Value="3"/>
<Cov CovItemId="S51" Value="1"/>
<Cov CovItemId="S52" Value="23"/>
<Cov CovItemId="S53" Value="23"/>
<Cov CovItemId="S58" Value="23"/>
<Cov CovItemId="S59" Value="22"/>
<Cov CovItemId="S60" Value="22"/>
<Cov CovItemId="S61" Value="23"/>
<Cov CovItemId="S62" Value="23"/>
<Cov CovItemId="S63" Value="11"/>
<Cov CovItemId="S64" Value="11"/>
<Cov CovItemId="S65" Value="11"/>
<Cov CovItemId="S67" Value="12"/>
<Cov CovItemId="S68" Value="2"/>
<Cov CovItemId="S69" Value="2"/>
<Cov CovItemId="S7" Value="30"/>
<Cov CovItemId="S70" Value="1"/>
<Cov CovItemId="S72" Value="10"/>
<Cov CovItemId="S73" Value="10"/>
<Cov CovItemId="S78" Value="10"/>
<Cov CovItemId="S79" Value="10"/>
<Cov CovItemId="S8" Value="30"/>
<Cov CovItemId="S80" Value="10"/>
<Cov CovItemId="S81" Value="10"/>
<Cov CovItemId="S84" Value="23"/>
<Cov CovItemId="S85" Value="23"/>
<Cov CovItemId="S86" Value="23"/>
<Cov CovItemId="S87" Value="23"/>
<Cov CovItemId="S88" Value="21"/>
<Cov CovItemId="S89" Value="23"/>
<Cov CovItemId="S9" Value="30"/>
<Cov CovItemId="S90" Value="21"/>
<Cov CovItemId="S91" Value="23"/>
<Cov CovItemId="S92" Value="23"/>
<Cov CovItemId="S93" Value="23"/>
<Cov CovItemId="S94" Value="23"/>
<Cov CovItemId="S95" Value="88"/>
<Cov CovItemId="S96" Value="65"/>
<Cov CovItemId="S97" Value="88"/>
<Cov CovItemId="S99" Value="23"/>
</CovPrefix>
<CovPrefix CovItemPrefix="com.OriginalFiles.Board.java">
<Cov CovItemId="B28" Value="65"/>
<Cov CovItemId="B31" Value="33"/>
<Cov CovItemId="B33" Value="24"/>
<Cov CovItemId="B34" Value="9"/>
<Cov CovItemId="B35" Value="3"/>
<Cov CovItemId="B36" Value="30"/>
<Cov CovItemId="B37" Value="33"/>
<Cov CovItemId="B38" Value="1"/>
<Cov CovItemId="B39" Value="85"/>
<Cov CovItemId="B41" Value="912"/>
<Cov CovItemId="B42" Value="77"/>
<Cov CovItemId="B44" Value="268"/>
<Cov CovItemId="B45" Value="222"/>
<Cov CovItemId="B46" Value="46"/>
<Cov CovItemId="B47" Value="237"/>
<Cov CovItemId="B48" Value="31"/>
<Cov CovItemId="B49" Value="199"/>
<Cov CovItemId="B50" Value="69"/>
<Cov CovItemId="B51" Value="199"/>
<Cov CovItemId="B53" Value="199"/>
<Cov CovItemId="B55" Value="138"/>
<Cov CovItemId="B56" Value="934"/>
<Cov CovItemId="B57" Value="680"/>
<Cov CovItemId="B58" Value="254"/>
<Cov CovItemId="B59" Value="680"/>
<Cov CovItemId="B62" Value="680"/>
<Cov CovItemId="B63" Value="3808"/>
<Cov CovItemId="B64" Value="3808"/>
<Cov CovItemId="B65" Value="268"/>
<Cov CovItemId="B66" Value="3540"/>
<Cov CovItemId="B67" Value="134"/>
<Cov CovItemId="B68" Value="134"/>
<Cov CovItemId="B71" Value="4"/>
<Cov CovItemId="B72" Value="4"/>
<Cov CovItemId="B73" Value="16"/>
<Cov CovItemId="B74" Value="16"/>
<Cov CovItemId="B75" Value="16"/>
<Cov CovItemId="B76" Value="16"/>
<Cov CovItemId="B77" Value="28"/>
<Cov CovItemId="B78" Value="4"/>
<Cov CovItemId="B79" Value="1373"/>
<Cov CovItemId="B81" Value="628"/>
<Cov CovItemId="B82" Value="745"/>
<Cov CovItemId="B83" Value="223"/>
<Cov CovItemId="B84" Value="493"/>
<Cov CovItemId="B85" Value="144"/>
<Cov CovItemId="B86" Value="349"/>
<Cov CovItemId="L10-2" Value="1904"/>
<Cov CovItemId="L11-1" Value="30"/>
<Cov CovItemId="L12-0" Value="30"/>
<Cov CovItemId="L13-2" Value="119"/>
<Cov CovItemId="L14-2" Value="952"/>
<Cov CovItemId="L15-2" Value="1"/>
<Cov CovItemId="L16-2" Value="4"/>
<Cov CovItemId="L17-2" Value="4"/>
<Cov CovItemId="L9-2" Value="238"/>
<Cov CovItemId="S100" Value="24"/>
<Cov CovItemId="S101" Value="9"/>
<Cov CovItemId="S102" Value="33"/>
<Cov CovItemId="S103" Value="3"/>
<Cov CovItemId="S104" Value="30"/>
<Cov CovItemId="S105" Value="23"/>
<Cov CovItemId="S106" Value="34"/>
<Cov CovItemId="S107" Value="34"/>
<Cov CovItemId="S108" Value="34"/>
<Cov CovItemId="S109" Value="33"/>
<Cov CovItemId="S110" Value="55"/>
<Cov CovItemId="S111" Value="85"/>
<Cov CovItemId="S112" Value="85"/>
<Cov CovItemId="S113" Value="85"/>
<Cov CovItemId="S115" Value="989"/>
<Cov CovItemId="S116" Value="912"/>
<Cov CovItemId="S117" Value="77"/>
<Cov CovItemId="S118" Value="268"/>
<Cov CovItemId="S119" Value="268"/>
<Cov CovItemId="S121" Value="268"/>
<Cov CovItemId="S122" Value="268"/>
<Cov CovItemId="S123" Value="268"/>
<Cov CovItemId="S124" Value="268"/>
<Cov CovItemId="S125" Value="222"/>
<Cov CovItemId="S126" Value="268"/>
<Cov CovItemId="S127" Value="237"/>
<Cov CovItemId="S128" Value="268"/>
<Cov CovItemId="S129" Value="199"/>
<Cov CovItemId="S130" Value="199"/>
<Cov CovItemId="S131" Value="199"/>
<Cov CovItemId="S132" Value="199"/>
<Cov CovItemId="S133" Value="268"/>
<Cov CovItemId="S134" Value="268"/>
<Cov CovItemId="S135" Value="1072"/>
<Cov CovItemId="S136" Value="138"/>
<Cov CovItemId="S137" Value="934"/>
<Cov CovItemId="S138" Value="680"/>
<Cov CovItemId="S139" Value="680"/>
<Cov CovItemId="S141" Value="934"/>
<Cov CovItemId="S142" Value="1072"/>
<Cov CovItemId="S143" Value="119"/>
<Cov CovItemId="S144" Value="119"/>
<Cov CovItemId="S145" Value="952"/>
<Cov CovItemId="S146" Value="7616"/>
<Cov CovItemId="S147" Value="3808"/>
<Cov CovItemId="S148" Value="268"/>
<Cov CovItemId="S149" Value="134"/>
<Cov CovItemId="S150" Value="134"/>
<Cov CovItemId="S151" Value="119"/>
<Cov CovItemId="S157" Value="1"/>
<Cov CovItemId="S158" Value="1"/>
<Cov CovItemId="S159" Value="8"/>
<Cov CovItemId="S160" Value="4"/>
<Cov CovItemId="S161" Value="32"/>
<Cov CovItemId="S162" Value="16"/>
<Cov CovItemId="S163" Value="4"/>
<Cov CovItemId="S164" Value="4"/>
<Cov CovItemId="S165" Value="32"/>
<Cov CovItemId="S166" Value="16"/>
<Cov CovItemId="S167" Value="4"/>
<Cov CovItemId="S168" Value="1"/>
<Cov CovItemId="S169" Value="32"/>
<Cov CovItemId="S170" Value="32"/>
<Cov CovItemId="S171" Value="28"/>
<Cov CovItemId="S172" Value="4"/>
<Cov CovItemId="S173" Value="4"/>
<Cov CovItemId="S174" Value="4"/>
<Cov CovItemId="S175" Value="4"/>
<Cov CovItemId="S176" Value="1373"/>
<Cov CovItemId="S177" Value="1373"/>
<Cov CovItemId="S178" Value="628"/>
<Cov CovItemId="S179" Value="745"/>
<Cov CovItemId="S180" Value="716"/>
<Cov CovItemId="S181" Value="223"/>
<Cov CovItemId="S182" Value="493"/>
<Cov CovItemId="S183" Value="144"/>
<Cov CovItemId="S184" Value="349"/>
<Cov CovItemId="S185" Value="3622"/>
<Cov CovItemId="S61" Value="238"/>
<Cov CovItemId="S62" Value="1904"/>
<Cov CovItemId="S63" Value="15232"/>
<Cov CovItemId="S64" Value="30"/>
<Cov CovItemId="S65" Value="30"/>
<Cov CovItemId="S66" Value="30"/>
<Cov CovItemId="S67" Value="30"/>
<Cov CovItemId="S68" Value="30"/>
<Cov CovItemId="S76" Value="30"/>
<Cov CovItemId="S77" Value="30"/>
<Cov CovItemId="S94" Value="65"/>
<Cov CovItemId="S97" Value="65"/>
<Cov CovItemId="S98" Value="33"/>
<Cov CovItemId="S99" Value="33"/>
</CovPrefix>
<CovPrefix CovItemPrefix="com.OriginalFiles.Field.java">
<Cov CovItemId="B1" Value="80"/>
<Cov CovItemId="B2" Value="45"/>
<Cov CovItemId="S1" Value="88"/>
<Cov CovItemId="S13" Value="418"/>
<Cov CovItemId="S2" Value="88"/>
<Cov CovItemId="S5" Value="125"/>
<Cov CovItemId="S6" Value="125"/>
<Cov CovItemId="S7" Value="80"/>
<Cov CovItemId="S8" Value="6296"/>
<Cov CovItemId="S9" Value="8157"/>
</CovPrefix>
<CovPrefix CovItemPrefix="com.OriginalFiles.Move.java">
<Cov CovItemId="S1" Value="2"/>
<Cov CovItemId="S2" Value="2"/>
<Cov CovItemId="S3" Value="2"/>
<Cov CovItemId="S4" Value="2"/>
<Cov CovItemId="S5" Value="2"/>
<Cov CovItemId="S6" Value="2"/>
<Cov CovItemId="S7" Value="2"/>
</CovPrefix>
<CovPrefix CovItemPrefix="com.OriginalFiles.Piece.java">
<Cov CovItemId="B1" Value="81"/>
<Cov CovItemId="B12" Value="81"/>
<Cov CovItemId="B13" Value="8"/>
<Cov CovItemId="B14" Value="73"/>
<Cov CovItemId="B15" Value="8"/>
<Cov CovItemId="B17" Value="35"/>
<Cov CovItemId="B18" Value="46"/>
<Cov CovItemId="B2" Value="9"/>
<Cov CovItemId="B5" Value="47"/>
<Cov CovItemId="B6" Value="34"/>
<Cov CovItemId="B7" Value="81"/>
<Cov CovItemId="B8" Value="9"/>
<Cov CovItemId="B9" Value="81"/>
<Cov CovItemId="S1" Value="46"/>
<Cov CovItemId="S10" Value="46"/>
<Cov CovItemId="S11" Value="46"/>
<Cov CovItemId="S12" Value="46"/>
<Cov CovItemId="S13" Value="46"/>
<Cov CovItemId="S14" Value="46"/>
<Cov CovItemId="S16" Value="336"/>
<Cov CovItemId="S17" Value="90"/>
<Cov CovItemId="S18" Value="90"/>
<Cov CovItemId="S19" Value="90"/>
<Cov CovItemId="S2" Value="46"/>
<Cov CovItemId="S20" Value="90"/>
<Cov CovItemId="S21" Value="81"/>
<Cov CovItemId="S22" Value="9"/>
<Cov CovItemId="S23" Value="9"/>
<Cov CovItemId="S27" Value="81"/>
<Cov CovItemId="S28" Value="47"/>
<Cov CovItemId="S29" Value="34"/>
<Cov CovItemId="S3" Value="46"/>
<Cov CovItemId="S30" Value="90"/>
<Cov CovItemId="S31" Value="90"/>
<Cov CovItemId="S32" Value="81"/>
<Cov CovItemId="S33" Value="81"/>
<Cov CovItemId="S34" Value="81"/>
<Cov CovItemId="S35" Value="81"/>
<Cov CovItemId="S36" Value="81"/>
<Cov CovItemId="S38" Value="81"/>
<Cov CovItemId="S39" Value="8"/>
<Cov CovItemId="S4" Value="46"/>
<Cov CovItemId="S40" Value="8"/>
<Cov CovItemId="S41" Value="8"/>
<Cov CovItemId="S42" Value="81"/>
<Cov CovItemId="S43" Value="35"/>
<Cov CovItemId="S44" Value="81"/>
<Cov CovItemId="S5" Value="46"/>
<Cov CovItemId="S6" Value="46"/>
<Cov CovItemId="S7" Value="46"/>
<Cov CovItemId="S8" Value="46"/>
<Cov CovItemId="S9" Value="46"/>
</CovPrefix>
<CovPrefix CovItemPrefix="com.OriginalFiles.RemoteNXTFunctions.java">
<Cov CovItemId="B10" Value="38"/>
<Cov CovItemId="B104" Value="78"/>
<Cov CovItemId="B11" Value="1"/>
<Cov CovItemId="B114" Value="78"/>
<Cov CovItemId="B12" Value="37"/>
<Cov CovItemId="B124" Value="78"/>
<Cov CovItemId="B13" Value="10"/>
<Cov CovItemId="B133" Value="6"/>
<Cov CovItemId="B134" Value="72"/>
<Cov CovItemId="B135" Value="2"/>
<Cov CovItemId="B136" Value="4"/>
<Cov CovItemId="B137" Value="2"/>
<Cov CovItemId="B138" Value="2"/>
<Cov CovItemId="B14" Value="27"/>
<Cov CovItemId="B140" Value="2"/>
<Cov CovItemId="B142" Value="72"/>
<Cov CovItemId="B15" Value="22"/>
<Cov CovItemId="B16" Value="56"/>
<Cov CovItemId="B17" Value="11"/>
<Cov CovItemId="B18" Value="11"/>
<Cov CovItemId="B19" Value="11"/>
<Cov CovItemId="B2" Value="2"/>
<Cov CovItemId="B23" Value="50"/>
<Cov CovItemId="B24" Value="28"/>
<Cov CovItemId="B25" Value="10"/>
<Cov CovItemId="B26" Value="40"/>
<Cov CovItemId="B27" Value="10"/>
<Cov CovItemId="B28" Value="30"/>
<Cov CovItemId="B30" Value="30"/>
<Cov CovItemId="B32" Value="78"/>
<Cov CovItemId="B4" Value="2"/>
<Cov CovItemId="B40" Value="78"/>
<Cov CovItemId="B5" Value="72"/>
<Cov CovItemId="B50" Value="78"/>
<Cov CovItemId="B56" Value="78"/>
<Cov CovItemId="B6" Value="78"/>
<Cov CovItemId="B62" Value="78"/>
<Cov CovItemId="B7" Value="33"/>
<Cov CovItemId="B70" Value="78"/>
<Cov CovItemId="B78" Value="78"/>
<Cov CovItemId="B8" Value="39"/>
<Cov CovItemId="B86" Value="78"/>
<Cov CovItemId="B9" Value="1"/>
<Cov CovItemId="B94" Value="78"/>
<Cov CovItemId="L1-1" Value="2"/>
<Cov CovItemId="L2-0" Value="2"/>
<Cov CovItemId="S10" Value="2"/>
<Cov CovItemId="S100" Value="78"/>
<Cov CovItemId="S108" Value="78"/>
<Cov CovItemId="S118" Value="78"/>
<Cov CovItemId="S12" Value="2"/>
<Cov CovItemId="S128" Value="78"/>
<Cov CovItemId="S138" Value="78"/>
<Cov CovItemId="S14" Value="2"/>
<Cov CovItemId="S148" Value="78"/>
<Cov CovItemId="S149" Value="6"/>
<Cov CovItemId="S15" Value="2"/>
<Cov CovItemId="S150" Value="2"/>
<Cov CovItemId="S151" Value="4"/>
<Cov CovItemId="S152" Value="2"/>
<Cov CovItemId="S153" Value="2"/>
<Cov CovItemId="S155" Value="2"/>
<Cov CovItemId="S156" Value="72"/>
<Cov CovItemId="S162" Value="150"/>
<Cov CovItemId="S17" Value="2"/>
<Cov CovItemId="S18" Value="2"/>
<Cov CovItemId="S19" Value="150"/>
<Cov CovItemId="S20" Value="150"/>
<Cov CovItemId="S21" Value="72"/>
<Cov CovItemId="S22" Value="33"/>
<Cov CovItemId="S23" Value="39"/>
<Cov CovItemId="S24" Value="1"/>
<Cov CovItemId="S25" Value="38"/>
<Cov CovItemId="S26" Value="1"/>
<Cov CovItemId="S27" Value="37"/>
<Cov CovItemId="S28" Value="10"/>
<Cov CovItemId="S29" Value="27"/>
<Cov CovItemId="S30" Value="78"/>
<Cov CovItemId="S31" Value="22"/>
<Cov CovItemId="S32" Value="11"/>
<Cov CovItemId="S33" Value="11"/>
<Cov CovItemId="S34" Value="11"/>
<Cov CovItemId="S38" Value="78"/>
<Cov CovItemId="S39" Value="50"/>
<Cov CovItemId="S4" Value="5"/>
<Cov CovItemId="S40" Value="10"/>
<Cov CovItemId="S41" Value="40"/>
<Cov CovItemId="S42" Value="10"/>
<Cov CovItemId="S43" Value="30"/>
<Cov CovItemId="S45" Value="30"/>
<Cov CovItemId="S46" Value="78"/>
<Cov CovItemId="S5" Value="1"/>
<Cov CovItemId="S54" Value="78"/>
<Cov CovItemId="S6" Value="2"/>
<Cov CovItemId="S64" Value="78"/>
<Cov CovItemId="S7" Value="2"/>
<Cov CovItemId="S70" Value="78"/>
<Cov CovItemId="S76" Value="78"/>
<Cov CovItemId="S8" Value="2"/>
<Cov CovItemId="S84" Value="78"/>
<Cov CovItemId="S9" Value="2"/>
<Cov CovItemId="S92" Value="78"/>
</CovPrefix>
</CovList>
<AssgnmntList>
<AssgnmntPrefix RootTermCovItemPrefix="com.OriginalFiles.Analyze.java">
<AssgnmntListEntry Length="1" RootTermCovItemId="C1">
<MapEntry BoolAssgnmnt="0" Value="30"/>
</AssgnmntListEntry>
<AssgnmntListEntry Length="1" RootTermCovItemId="C10">
<MapEntry BoolAssgnmnt="0" Value="7"/>
<MapEntry BoolAssgnmnt="1" Value="22"/>
</AssgnmntListEntry>
<AssgnmntListEntry Length="1" RootTermCovItemId="C11">
<MapEntry BoolAssgnmnt="0" Value="4"/>
<MapEntry BoolAssgnmnt="1" Value="3"/>
</AssgnmntListEntry>
<AssgnmntListEntry Length="1" RootTermCovItemId="C12">
<MapEntry BoolAssgnmnt="0" Value="1"/>
<MapEntry BoolAssgnmnt="1" Value="3"/>
</AssgnmntListEntry>
<AssgnmntListEntry Length="1" RootTermCovItemId="C13">
<MapEntry BoolAssgnmnt="0" Value="23"/>
</AssgnmntListEntry>
<AssgnmntListEntry Length="1" RootTermCovItemId="C16">
<MapEntry BoolAssgnmnt="1" Value="22"/>
</AssgnmntListEntry>
<AssgnmntListEntry Length="1" RootTermCovItemId="C17">
<MapEntry BoolAssgnmnt="1" Value="23"/>
</AssgnmntListEntry>
<AssgnmntListEntry Length="1" RootTermCovItemId="C18">
<MapEntry BoolAssgnmnt="0" Value="12"/>
<MapEntry BoolAssgnmnt="1" Value="11"/>
</AssgnmntListEntry>
<AssgnmntListEntry Length="1" RootTermCovItemId="C19">
<MapEntry BoolAssgnmnt="1" Value="11"/>
</AssgnmntListEntry>
<AssgnmntListEntry Length="1" RootTermCovItemId="C2">
<MapEntry BoolAssgnmnt="0" Value="29"/>
</AssgnmntListEntry>
<AssgnmntListEntry Length="1" RootTermCovItemId="C20">
<MapEntry BoolAssgnmnt="0" Value="10"/>
<MapEntry BoolAssgnmnt="1" Value="2"/>
</AssgnmntListEntry>
<AssgnmntListEntry Length="1" RootTermCovItemId="C21">
<MapEntry BoolAssgnmnt="1" Value="2"/>
</AssgnmntListEntry>
<AssgnmntListEntry Length="1" RootTermCovItemId="C22">
<MapEntry BoolAssgnmnt="1" Value="10"/>
</AssgnmntListEntry>
<AssgnmntListEntry Length="1" RootTermCovItemId="C23">
<MapEntry BoolAssgnmnt="0" Value="10"/>
</AssgnmntListEntry>
<AssgnmntListEntry Length="1" RootTermCovItemId="C25">
<MapEntry BoolAssgnmnt="1" Value="10"/>
</AssgnmntListEntry>
<AssgnmntListEntry Length="1" RootTermCovItemId="C26">
<MapEntry BoolAssgnmnt="1" Value="10"/>
</AssgnmntListEntry>
<AssgnmntListEntry Length="1" RootTermCovItemId="C27">
<MapEntry BoolAssgnmnt="1" Value="23"/>
</AssgnmntListEntry>
<AssgnmntListEntry Length="1" RootTermCovItemId="C28">
<MapEntry BoolAssgnmnt="0" Value="2"/>
<MapEntry BoolAssgnmnt="1" Value="21"/>
</AssgnmntListEntry>
<AssgnmntListEntry Length="1" RootTermCovItemId="C29">
<MapEntry BoolAssgnmnt="0" Value="2"/>
<MapEntry BoolAssgnmnt="1" Value="21"/>
</AssgnmntListEntry>
<AssgnmntListEntry Length="1" RootTermCovItemId="C3">
<MapEntry BoolAssgnmnt="0" Value="28"/>
<MapEntry BoolAssgnmnt="1" Value="2"/>
</AssgnmntListEntry>
<AssgnmntListEntry Length="1" RootTermCovItemId="C30">
<MapEntry BoolAssgnmnt="1" Value="23"/>
</AssgnmntListEntry>
<AssgnmntListEntry Length="1" RootTermCovItemId="C31">
<MapEntry BoolAssgnmnt="0" Value="23"/>
<MapEntry BoolAssgnmnt="1" Value="88"/>
</AssgnmntListEntry>
<AssgnmntListEntry Length="2" RootTermCovItemId="C32">
<MapEntry BoolAssgnmnt="10" Value="21"/>
<MapEntry BoolAssgnmnt="02" Value="44"/>
<MapEntry BoolAssgnmnt="11" Value="23"/>
</AssgnmntListEntry>
<AssgnmntListEntry Length="1" RootTermCovItemId="C33">
<MapEntry BoolAssgnmnt="1" Value="88"/>
</AssgnmntListEntry>
<AssgnmntListEntry Length="1" RootTermCovItemId="C4">
<MapEntry BoolAssgnmnt="0" Value="60"/>
<MapEntry BoolAssgnmnt="1" Value="1860"/>
</AssgnmntListEntry>
<AssgnmntListEntry Length="1" RootTermCovItemId="C49">
<MapEntry BoolAssgnmnt="0" Value="30"/>
<MapEntry BoolAssgnmnt="1" Value="3"/>
</AssgnmntListEntry>
<AssgnmntListEntry Length="2" RootTermCovItemId="C5">
<MapEntry BoolAssgnmnt="10" Value="30"/>
<MapEntry BoolAssgnmnt="11" Value="30"/>
</AssgnmntListEntry>
<AssgnmntListEntry Length="1" RootTermCovItemId="C50">
<MapEntry BoolAssgnmnt="0" Value="2"/>
<MapEntry BoolAssgnmnt="1" Value="1"/>
</AssgnmntListEntry>
<AssgnmntListEntry Length="1" RootTermCovItemId="C51">
<MapEntry BoolAssgnmnt="0" Value="1"/>
</AssgnmntListEntry>
<AssgnmntListEntry Length="1" RootTermCovItemId="C52">
<MapEntry BoolAssgnmnt="0" Value="2"/>
</AssgnmntListEntry>
<AssgnmntListEntry Length="1" RootTermCovItemId="C53">
<MapEntry BoolAssgnmnt="0" Value="10"/>
<MapEntry BoolAssgnmnt="1" Value="1"/>
</AssgnmntListEntry>
<AssgnmntListEntry Length="1" RootTermCovItemId="C54">
<MapEntry BoolAssgnmnt="0" Value="9"/>
<MapEntry BoolAssgnmnt="1" Value="1"/>
</AssgnmntListEntry>
<AssgnmntListEntry Length="1" RootTermCovItemId="C55">
<MapEntry BoolAssgnmnt="0" Value="1"/>
<MapEntry BoolAssgnmnt="1" Value="8"/>
</AssgnmntListEntry>
<AssgnmntListEntry Length="1" RootTermCovItemId="C56">
<MapEntry BoolAssgnmnt="0" Value="28"/>
<MapEntry BoolAssgnmnt="1" Value="1"/>
</AssgnmntListEntry>
<AssgnmntListEntry Length="1" RootTermCovItemId="C57">
<MapEntry BoolAssgnmnt="0" Value="1"/>
<MapEntry BoolAssgnmnt="1" Value="1"/>
</AssgnmntListEntry>
<AssgnmntListEntry Length="1" RootTermCovItemId="C58">
<MapEntry BoolAssgnmnt="1" Value="1"/>
</AssgnmntListEntry>
<AssgnmntListEntry Length="1" RootTermCovItemId="C59">
<MapEntry BoolAssgnmnt="1" Value="1"/>
</AssgnmntListEntry>
<AssgnmntListEntry Length="1" RootTermCovItemId="C6">
<MapEntry BoolAssgnmnt="1" Value="30"/>
</AssgnmntListEntry>
<AssgnmntListEntry Length="1" RootTermCovItemId="C60">
<MapEntry BoolAssgnmnt="1" Value="1"/>
</AssgnmntListEntry>
<AssgnmntListEntry Length="1" RootTermCovItemId="C61">
<MapEntry BoolAssgnmnt="1" Value="1"/>
</AssgnmntListEntry>
<AssgnmntListEntry Length="1" RootTermCovItemId="C62">
<MapEntry BoolAssgnmnt="0" Value="8"/>
<MapEntry BoolAssgnmnt="1" Value="1"/>
</AssgnmntListEntry>
<AssgnmntListEntry Length="1" RootTermCovItemId="C63">
<MapEntry BoolAssgnmnt="0" Value="8"/>
</AssgnmntListEntry>
<AssgnmntListEntry Length="6" RootTermCovItemId="C66">
<MapEntry BoolAssgnmnt="110222" Value="11"/>
<MapEntry BoolAssgnmnt="022222" Value="106"/>
<MapEntry BoolAssgnmnt="111111" Value="33"/>
</AssgnmntListEntry>
<AssgnmntListEntry Length="6" RootTermCovItemId="C67">
<MapEntry BoolAssgnmnt="022222" Value="106"/>
<MapEntry BoolAssgnmnt="111111" Value="11"/>
</AssgnmntListEntry>
<AssgnmntListEntry Length="6" RootTermCovItemId="C68">
<MapEntry BoolAssgnmnt="102222" Value="85"/>
<MapEntry BoolAssgnmnt="111111" Value="21"/>
</AssgnmntListEntry>
<AssgnmntListEntry Length="6" RootTermCovItemId="C69">
<MapEntry BoolAssgnmnt="102222" Value="83"/>
<MapEntry BoolAssgnmnt="111111" Value="2"/>
</AssgnmntListEntry>
<AssgnmntListEntry Length="1" RootTermCovItemId="C7">
<MapEntry BoolAssgnmnt="0" Value="7"/>
<MapEntry BoolAssgnmnt="1" Value="23"/>
</AssgnmntListEntry>
<AssgnmntListEntry Length="1" RootTermCovItemId="C70">
<MapEntry BoolAssgnmnt="0" Value="132"/>
<MapEntry BoolAssgnmnt="1" Value="3644"/>
</AssgnmntListEntry>
<AssgnmntListEntry Length="1" RootTermCovItemId="C71">
<MapEntry BoolAssgnmnt="0" Value="66"/>
<MapEntry BoolAssgnmnt="1" Value="66"/>
</AssgnmntListEntry>
<AssgnmntListEntry Length="1" RootTermCovItemId="C72">
<MapEntry BoolAssgnmnt="1" Value="66"/>
</AssgnmntListEntry>
<AssgnmntListEntry Length="1" RootTermCovItemId="C73">
<MapEntry BoolAssgnmnt="0" Value="66"/>
<MapEntry BoolAssgnmnt="1" Value="66"/>
</AssgnmntListEntry>
<AssgnmntListEntry Length="1" RootTermCovItemId="C74">
<MapEntry BoolAssgnmnt="1" Value="66"/>
</AssgnmntListEntry>
<AssgnmntListEntry Length="3" RootTermCovItemId="C75">
<MapEntry BoolAssgnmnt="012" Value="30"/>
<MapEntry BoolAssgnmnt="001" Value="29"/>
</AssgnmntListEntry>
<AssgnmntListEntry Length="3" RootTermCovItemId="C76">
<MapEntry BoolAssgnmnt="011" Value="30"/>
<MapEntry BoolAssgnmnt="002" Value="29"/>
</AssgnmntListEntry>
<AssgnmntListEntry Length="2" RootTermCovItemId="C77">
<MapEntry BoolAssgnmnt="02" Value="7"/>
<MapEntry BoolAssgnmnt="11" Value="52"/>
</AssgnmntListEntry>
<AssgnmntListEntry Length="2" RootTermCovItemId="C78">
<MapEntry BoolAssgnmnt="10" Value="7"/>
<MapEntry BoolAssgnmnt="02" Value="3"/>
<MapEntry BoolAssgnmnt="11" Value="42"/>
</AssgnmntListEntry>
<AssgnmntListEntry Length="2" RootTermCovItemId="C79">
<MapEntry BoolAssgnmnt="00" Value="42"/>
</AssgnmntListEntry>
<AssgnmntListEntry Length="2" RootTermCovItemId="C8">
<MapEntry BoolAssgnmnt="02" Value="23"/>
</AssgnmntListEntry>
<AssgnmntListEntry Length="1" RootTermCovItemId="C9">
<MapEntry BoolAssgnmnt="1" Value="22"/>
</AssgnmntListEntry>
<AssgnmntListEntry Length="8" RootTermCovItemId="C90">
<MapEntry BoolAssgnmnt="02020202" Value="84"/>
</AssgnmntListEntry>
</AssgnmntPrefix>
<AssgnmntPrefix RootTermCovItemPrefix="com.OriginalFiles.Board.java">
<AssgnmntListEntry Length="1" RootTermCovItemId="C14">
<MapEntry BoolAssgnmnt="0" Value="30"/>
<MapEntry BoolAssgnmnt="1" Value="30"/>
</AssgnmntListEntry>
<AssgnmntListEntry Length="1" RootTermCovItemId="C15">
<MapEntry BoolAssgnmnt="0" Value="30"/>
</AssgnmntListEntry>
<AssgnmntListEntry Length="1" RootTermCovItemId="C24">
<MapEntry BoolAssgnmnt="0" Value="65"/>
</AssgnmntListEntry>
<AssgnmntListEntry Length="1" RootTermCovItemId="C26">
<MapEntry BoolAssgnmnt="0" Value="33"/>
</AssgnmntListEntry>
<AssgnmntListEntry Length="1" RootTermCovItemId="C27">
<MapEntry BoolAssgnmnt="0" Value="9"/>
<MapEntry BoolAssgnmnt="1" Value="24"/>
</AssgnmntListEntry>
<AssgnmntListEntry Length="2" RootTermCovItemId="C28">
<MapEntry BoolAssgnmnt="10" Value="3"/>
<MapEntry BoolAssgnmnt="02" Value="21"/>
<MapEntry BoolAssgnmnt="11" Value="9"/>
</AssgnmntListEntry>
<AssgnmntListEntry Length="1" RootTermCovItemId="C29">
<MapEntry BoolAssgnmnt="0" Value="1"/>
<MapEntry BoolAssgnmnt="1" Value="33"/>
</AssgnmntListEntry>
<AssgnmntListEntry Length="1" RootTermCovItemId="C30">
<MapEntry BoolAssgnmnt="1" Value="85"/>
</AssgnmntListEntry>
<AssgnmntListEntry Length="1" RootTermCovItemId="C31">
<MapEntry BoolAssgnmnt="0" Value="77"/>
<MapEntry BoolAssgnmnt="1" Value="912"/>
</AssgnmntListEntry>
<AssgnmntListEntry Length="1" RootTermCovItemId="C32">
<MapEntry BoolAssgnmnt="0" Value="268"/>
</AssgnmntListEntry>
<AssgnmntListEntry Length="1" RootTermCovItemId="C33">
<MapEntry BoolAssgnmnt="0" Value="222"/>
<MapEntry BoolAssgnmnt="1" Value="46"/>
</AssgnmntListEntry>
<AssgnmntListEntry Length="1" RootTermCovItemId="C34">
<MapEntry BoolAssgnmnt="0" Value="237"/>
<MapEntry BoolAssgnmnt="1" Value="31"/>
</AssgnmntListEntry>
<AssgnmntListEntry Length="1" RootTermCovItemId="C35">
<MapEntry BoolAssgnmnt="0" Value="69"/>
<MapEntry BoolAssgnmnt="1" Value="199"/>
</AssgnmntListEntry>
<AssgnmntListEntry Length="1" RootTermCovItemId="C36">
<MapEntry BoolAssgnmnt="0" Value="199"/>
</AssgnmntListEntry>
<AssgnmntListEntry Length="1" RootTermCovItemId="C37">
<MapEntry BoolAssgnmnt="0" Value="199"/>
</AssgnmntListEntry>
<AssgnmntListEntry Length="5" RootTermCovItemId="C38">
<MapEntry BoolAssgnmnt="02002" Value="268"/>
<MapEntry BoolAssgnmnt="10122" Value="268"/>
<MapEntry BoolAssgnmnt="11221" Value="226"/>
<MapEntry BoolAssgnmnt="11220" Value="42"/>
<MapEntry BoolAssgnmnt="02010" Value="96"/>
<MapEntry BoolAssgnmnt="02011" Value="172"/>
</AssgnmntListEntry>
<AssgnmntListEntry Length="1" RootTermCovItemId="C39">
<MapEntry BoolAssgnmnt="0" Value="254"/>
<MapEntry BoolAssgnmnt="1" Value="680"/>
</AssgnmntListEntry>
<AssgnmntListEntry Length="1" RootTermCovItemId="C40">
<MapEntry BoolAssgnmnt="0" Value="680"/>
</AssgnmntListEntry>
<AssgnmntListEntry Length="2" RootTermCovItemId="C41">
<MapEntry BoolAssgnmnt="02" Value="680"/>
</AssgnmntListEntry>
<AssgnmntListEntry Length="1" RootTermCovItemId="C42">
<MapEntry BoolAssgnmnt="0" Value="3808"/>
<MapEntry BoolAssgnmnt="1" Value="3808"/>
</AssgnmntListEntry>
<AssgnmntListEntry Length="1" RootTermCovItemId="C43">
<MapEntry BoolAssgnmnt="0" Value="3540"/>
<MapEntry BoolAssgnmnt="1" Value="268"/>
</AssgnmntListEntry>
<AssgnmntListEntry Length="1" RootTermCovItemId="C44">
<MapEntry BoolAssgnmnt="0" Value="134"/>
<MapEntry BoolAssgnmnt="1" Value="134"/>
</AssgnmntListEntry>
<AssgnmntListEntry Length="1" RootTermCovItemId="C46">
<MapEntry BoolAssgnmnt="0" Value="1"/>
<MapEntry BoolAssgnmnt="1" Value="8"/>
</AssgnmntListEntry>
<AssgnmntListEntry Length="1" RootTermCovItemId="C47">
<MapEntry BoolAssgnmnt="0" Value="4"/>
<MapEntry BoolAssgnmnt="1" Value="4"/>
</AssgnmntListEntry>
<AssgnmntListEntry Length="1" RootTermCovItemId="C48">
<MapEntry BoolAssgnmnt="0" Value="4"/>
<MapEntry BoolAssgnmnt="1" Value="32"/>
</AssgnmntListEntry>
<AssgnmntListEntry Length="1" RootTermCovItemId="C49">
<MapEntry BoolAssgnmnt="0" Value="16"/>
<MapEntry BoolAssgnmnt="1" Value="16"/>
</AssgnmntListEntry>
<AssgnmntListEntry Length="1" RootTermCovItemId="C50">
<MapEntry BoolAssgnmnt="0" Value="4"/>
<MapEntry BoolAssgnmnt="1" Value="32"/>
</AssgnmntListEntry>
<AssgnmntListEntry Length="1" RootTermCovItemId="C51">
<MapEntry BoolAssgnmnt="0" Value="16"/>
<MapEntry BoolAssgnmnt="1" Value="16"/>
</AssgnmntListEntry>
<AssgnmntListEntry Length="1" RootTermCovItemId="C52">
<MapEntry BoolAssgnmnt="0" Value="4"/>
<MapEntry BoolAssgnmnt="1" Value="28"/>
</AssgnmntListEntry>
<AssgnmntListEntry Length="1" RootTermCovItemId="C53">
<MapEntry BoolAssgnmnt="1" Value="1373"/>
</AssgnmntListEntry>
<AssgnmntListEntry Length="1" RootTermCovItemId="C54">
<MapEntry BoolAssgnmnt="0" Value="628"/>
<MapEntry BoolAssgnmnt="1" Value="745"/>
</AssgnmntListEntry>
<AssgnmntListEntry Length="3" RootTermCovItemId="C55">
<MapEntry BoolAssgnmnt="011" Value="94"/>
<MapEntry BoolAssgnmnt="010" Value="171"/>
<MapEntry BoolAssgnmnt="002" Value="366"/>
<MapEntry BoolAssgnmnt="120" Value="52"/>
<MapEntry BoolAssgnmnt="121" Value="33"/>
</AssgnmntListEntry>
<AssgnmntListEntry Length="3" RootTermCovItemId="C56">
<MapEntry BoolAssgnmnt="011" Value="88"/>
<MapEntry BoolAssgnmnt="010" Value="131"/>
<MapEntry BoolAssgnmnt="002" Value="127"/>
<MapEntry BoolAssgnmnt="120" Value="91"/>
<MapEntry BoolAssgnmnt="121" Value="56"/>
</AssgnmntListEntry>
</AssgnmntPrefix>
<AssgnmntPrefix RootTermCovItemPrefix="com.OriginalFiles.Field.java">
<AssgnmntListEntry Length="1" RootTermCovItemId="C1">
<MapEntry BoolAssgnmnt="0" Value="80"/>
<MapEntry BoolAssgnmnt="1" Value="45"/>
</AssgnmntListEntry>
</AssgnmntPrefix>
<AssgnmntPrefix RootTermCovItemPrefix="com.OriginalFiles.Piece.java">
<AssgnmntListEntry Length="1" RootTermCovItemId="C1">
<MapEntry BoolAssgnmnt="0" Value="9"/>
<MapEntry BoolAssgnmnt="1" Value="81"/>
</AssgnmntListEntry>
<AssgnmntListEntry Length="1" RootTermCovItemId="C3">
<MapEntry BoolAssgnmnt="0" Value="34"/>
<MapEntry BoolAssgnmnt="1" Value="47"/>
</AssgnmntListEntry>
<AssgnmntListEntry Length="1" RootTermCovItemId="C4">
<MapEntry BoolAssgnmnt="0" Value="9"/>
<MapEntry BoolAssgnmnt="1" Value="81"/>
</AssgnmntListEntry>
<AssgnmntListEntry Length="1" RootTermCovItemId="C5">
<MapEntry BoolAssgnmnt="1" Value="81"/>
</AssgnmntListEntry>
<AssgnmntListEntry Length="1" RootTermCovItemId="C6">
<MapEntry BoolAssgnmnt="0" Value="81"/>
</AssgnmntListEntry>
<AssgnmntListEntry Length="5" RootTermCovItemId="C7">
<MapEntry BoolAssgnmnt="00210" Value="18"/>
<MapEntry BoolAssgnmnt="00211" Value="4"/>
<MapEntry BoolAssgnmnt="01002" Value="20"/>
<MapEntry BoolAssgnmnt="12222" Value="35"/>
<MapEntry BoolAssgnmnt="01122" Value="4"/>
</AssgnmntListEntry>
<AssgnmntListEntry Length="1" RootTermCovItemId="C8">
<MapEntry BoolAssgnmnt="1" Value="8"/>
</AssgnmntListEntry>
<AssgnmntListEntry Length="1" RootTermCovItemId="C9">
<MapEntry BoolAssgnmnt="0" Value="46"/>
<MapEntry BoolAssgnmnt="1" Value="35"/>
</AssgnmntListEntry>
</AssgnmntPrefix>
<AssgnmntPrefix RootTermCovItemPrefix="com.OriginalFiles.RemoteNXTFunctions.java">
<AssgnmntListEntry Length="1" RootTermCovItemId="C1">
<MapEntry BoolAssgnmnt="0" Value="2"/>
<MapEntry BoolAssgnmnt="1" Value="2"/>
</AssgnmntListEntry>
<AssgnmntListEntry Length="1" RootTermCovItemId="C10">
<MapEntry BoolAssgnmnt="0" Value="56"/>
<MapEntry BoolAssgnmnt="1" Value="22"/>
</AssgnmntListEntry>
<AssgnmntListEntry Length="2" RootTermCovItemId="C11">
<MapEntry BoolAssgnmnt="02" Value="11"/>
<MapEntry BoolAssgnmnt="11" Value="11"/>
</AssgnmntListEntry>
<AssgnmntListEntry Length="2" RootTermCovItemId="C12">
<MapEntry BoolAssgnmnt="11" Value="11"/>
</AssgnmntListEntry>
<AssgnmntListEntry Length="1" RootTermCovItemId="C14">
<MapEntry BoolAssgnmnt="0" Value="28"/>
<MapEntry BoolAssgnmnt="1" Value="50"/>
</AssgnmntListEntry>
<AssgnmntListEntry Length="2" RootTermCovItemId="C15">
<MapEntry BoolAssgnmnt="10" Value="10"/>
<MapEntry BoolAssgnmnt="02" Value="30"/>
<MapEntry BoolAssgnmnt="11" Value="10"/>
</AssgnmntListEntry>
<AssgnmntListEntry Length="2" RootTermCovItemId="C16">
<MapEntry BoolAssgnmnt="02" Value="30"/>
<MapEntry BoolAssgnmnt="11" Value="10"/>
</AssgnmntListEntry>
<AssgnmntListEntry Length="1" RootTermCovItemId="C17">
<MapEntry BoolAssgnmnt="0" Value="30"/>
</AssgnmntListEntry>
<AssgnmntListEntry Length="1" RootTermCovItemId="C18">
<MapEntry BoolAssgnmnt="0" Value="78"/>
</AssgnmntListEntry>
<AssgnmntListEntry Length="1" RootTermCovItemId="C2">
<MapEntry BoolAssgnmnt="0" Value="2"/>
</AssgnmntListEntry>
<AssgnmntListEntry Length="1" RootTermCovItemId="C22">
<MapEntry BoolAssgnmnt="0" Value="78"/>
</AssgnmntListEntry>
<AssgnmntListEntry Length="1" RootTermCovItemId="C27">
<MapEntry BoolAssgnmnt="0" Value="78"/>
</AssgnmntListEntry>
<AssgnmntListEntry Length="1" RootTermCovItemId="C3">
<MapEntry BoolAssgnmnt="0" Value="2"/>
</AssgnmntListEntry>
<AssgnmntListEntry Length="1" RootTermCovItemId="C30">
<MapEntry BoolAssgnmnt="0" Value="78"/>
</AssgnmntListEntry>
<AssgnmntListEntry Length="1" RootTermCovItemId="C33">
<MapEntry BoolAssgnmnt="0" Value="78"/>
</AssgnmntListEntry>
<AssgnmntListEntry Length="1" RootTermCovItemId="C37">
<MapEntry BoolAssgnmnt="0" Value="78"/>
</AssgnmntListEntry>
<AssgnmntListEntry Length="2" RootTermCovItemId="C4">
<MapEntry BoolAssgnmnt="10" Value="1"/>
<MapEntry BoolAssgnmnt="02" Value="1"/>
</AssgnmntListEntry>
<AssgnmntListEntry Length="1" RootTermCovItemId="C41">
<MapEntry BoolAssgnmnt="0" Value="78"/>
</AssgnmntListEntry>
<AssgnmntListEntry Length="1" RootTermCovItemId="C45">
<MapEntry BoolAssgnmnt="0" Value="78"/>
</AssgnmntListEntry>
<AssgnmntListEntry Length="1" RootTermCovItemId="C49">
<MapEntry BoolAssgnmnt="0" Value="78"/>
</AssgnmntListEntry>
<AssgnmntListEntry Length="1" RootTermCovItemId="C5">
<MapEntry BoolAssgnmnt="0" Value="78"/>
<MapEntry BoolAssgnmnt="1" Value="72"/>
</AssgnmntListEntry>
<AssgnmntListEntry Length="1" RootTermCovItemId="C54">
<MapEntry BoolAssgnmnt="0" Value="78"/>
</AssgnmntListEntry>
<AssgnmntListEntry Length="1" RootTermCovItemId="C59">
<MapEntry BoolAssgnmnt="0" Value="78"/>
</AssgnmntListEntry>
<AssgnmntListEntry Length="2" RootTermCovItemId="C6">
<MapEntry BoolAssgnmnt="10" Value="3"/>
<MapEntry BoolAssgnmnt="02" Value="36"/>
<MapEntry BoolAssgnmnt="11" Value="33"/>
</AssgnmntListEntry>
<AssgnmntListEntry Length="1" RootTermCovItemId="C64">
<MapEntry BoolAssgnmnt="0" Value="78"/>
</AssgnmntListEntry>
<AssgnmntListEntry Length="1" RootTermCovItemId="C69">
<MapEntry BoolAssgnmnt="0" Value="72"/>
<MapEntry BoolAssgnmnt="1" Value="6"/>
</AssgnmntListEntry>
<AssgnmntListEntry Length="2" RootTermCovItemId="C7">
<MapEntry BoolAssgnmnt="10" Value="4"/>
<MapEntry BoolAssgnmnt="02" Value="34"/>
<MapEntry BoolAssgnmnt="11" Value="1"/>
</AssgnmntListEntry>
<AssgnmntListEntry Length="2" RootTermCovItemId="C70">
<MapEntry BoolAssgnmnt="02" Value="4"/>
<MapEntry BoolAssgnmnt="11" Value="2"/>
</AssgnmntListEntry>
<AssgnmntListEntry Length="2" RootTermCovItemId="C71">
<MapEntry BoolAssgnmnt="02" Value="2"/>
<MapEntry BoolAssgnmnt="11" Value="2"/>
</AssgnmntListEntry>
<AssgnmntListEntry Length="1" RootTermCovItemId="C72">
<MapEntry BoolAssgnmnt="0" Value="2"/>
</AssgnmntListEntry>
<AssgnmntListEntry Length="1" RootTermCovItemId="C73">
<MapEntry BoolAssgnmnt="0" Value="72"/>
</AssgnmntListEntry>
<AssgnmntListEntry Length="2" RootTermCovItemId="C8">
<MapEntry BoolAssgnmnt="10" Value="3"/>
<MapEntry BoolAssgnmnt="02" Value="34"/>
<MapEntry BoolAssgnmnt="11" Value="1"/>
</AssgnmntListEntry>
<AssgnmntListEntry Length="1" RootTermCovItemId="C9">
<MapEntry BoolAssgnmnt="0" Value="27"/>
<MapEntry BoolAssgnmnt="1" Value="10"/>
</AssgnmntListEntry>
</AssgnmntPrefix>
</AssgnmntList>
<ObjMetaDataList/>
<MetaDataList/>
</TestCase>
<TestCase Comment="" Date="1386061681022" Name="com.Testing.AnalyzeTest:testAnalyzeBoard">
<CovList>
<CovPrefix CovItemPrefix="com.OriginalFiles.Analyze.java">
<Cov CovItemId="B1" Value="2"/>
<Cov CovItemId="B10" Value="42"/>
<Cov CovItemId="B107" Value="64"/>
<Cov CovItemId="B108" Value="7"/>
<Cov CovItemId="B109" Value="3"/>
<Cov CovItemId="B11" Value="2"/>
<Cov CovItemId="B110" Value="4"/>
<Cov CovItemId="B112" Value="4"/>
<Cov CovItemId="B114" Value="4"/>
<Cov CovItemId="B115" Value="3"/>
<Cov CovItemId="B116" Value="1"/>
<Cov CovItemId="B117" Value="1"/>
<Cov CovItemId="B120" Value="122"/>
<Cov CovItemId="B121" Value="198"/>
<Cov CovItemId="B122" Value="61"/>
<Cov CovItemId="B123" Value="61"/>
<Cov CovItemId="B124" Value="17"/>
<Cov CovItemId="B125" Value="44"/>
<Cov CovItemId="B126" Value="61"/>
<Cov CovItemId="B127" Value="61"/>
<Cov CovItemId="B128" Value="16"/>
<Cov CovItemId="B129" Value="45"/>
<Cov CovItemId="B13" Value="2"/>
<Cov CovItemId="B130" Value="1"/>
<Cov CovItemId="B131" Value="4"/>
<Cov CovItemId="B132" Value="1"/>
<Cov CovItemId="B133" Value="3"/>
<Cov CovItemId="B135" Value="3"/>
<Cov CovItemId="B14" Value="1"/>
<Cov CovItemId="B16" Value="2"/>
<Cov CovItemId="B17" Value="1"/>
<Cov CovItemId="B2" Value="2"/>
<Cov CovItemId="B20" Value="1"/>
<Cov CovItemId="B25" Value="1"/>
<Cov CovItemId="B26" Value="1"/>
<Cov CovItemId="B28" Value="1"/>
<Cov CovItemId="B29" Value="1"/>
<Cov CovItemId="B3" Value="1"/>
<Cov CovItemId="B31" Value="1"/>
<Cov CovItemId="B33" Value="1"/>
<Cov CovItemId="B36" Value="1"/>
<Cov CovItemId="B39" Value="1"/>
<Cov CovItemId="B41" Value="1"/>
<Cov CovItemId="B53" Value="1"/>
<Cov CovItemId="B55" Value="1"/>
<Cov CovItemId="B57" Value="1"/>
<Cov CovItemId="B59" Value="1"/>
<Cov CovItemId="B6" Value="2"/>
<Cov CovItemId="B61" Value="3"/>
<Cov CovItemId="B62" Value="1"/>
<Cov CovItemId="B64" Value="4"/>
<Cov CovItemId="B66" Value="2"/>
<Cov CovItemId="B68" Value="2"/>
<Cov CovItemId="B69" Value="1"/>
<Cov CovItemId="B7" Value="50"/>
<Cov CovItemId="B70" Value="1"/>
<Cov CovItemId="B72" Value="2"/>
<Cov CovItemId="B73" Value="1"/>
<Cov CovItemId="B74" Value="1"/>
<Cov CovItemId="B76" Value="1"/>
<Cov CovItemId="B8" Value="78"/>
<Cov CovItemId="B84" Value="1"/>
<Cov CovItemId="B9" Value="8"/>
<Cov CovItemId="B96" Value="1"/>
<Cov CovItemId="L1-2" Value="2"/>
<Cov CovItemId="L16-2" Value="5"/>
<Cov CovItemId="L17-2" Value="40"/>
<Cov CovItemId="L2-2" Value="16"/>
<Cov CovItemId="L3-1" Value="1"/>
<Cov CovItemId="L3-2" Value="1"/>
<Cov CovItemId="L4-2" Value="1"/>
<Cov CovItemId="L5-1" Value="2"/>
<Cov CovItemId="L6-1" Value="1"/>
<Cov CovItemId="S10" Value="2"/>
<Cov CovItemId="S100" Value="2"/>
<Cov CovItemId="S101" Value="2"/>
<Cov CovItemId="S102" Value="2"/>
<Cov CovItemId="S103" Value="2"/>
<Cov CovItemId="S105" Value="2"/>
<Cov CovItemId="S106" Value="2"/>
<Cov CovItemId="S108" Value="2"/>
<Cov CovItemId="S109" Value="2"/>
<Cov CovItemId="S11" Value="2"/>
<Cov CovItemId="S110" Value="1"/>
<Cov CovItemId="S111" Value="2"/>
<Cov CovItemId="S112" Value="2"/>
<Cov CovItemId="S114" Value="2"/>
<Cov CovItemId="S115" Value="1"/>
<Cov CovItemId="S116" Value="2"/>
<Cov CovItemId="S117" Value="2"/>
<Cov CovItemId="S118" Value="2"/>
<Cov CovItemId="S119" Value="1"/>
<Cov CovItemId="S12" Value="1"/>
<Cov CovItemId="S120" Value="1"/>
<Cov CovItemId="S121" Value="1"/>
<Cov CovItemId="S122" Value="1"/>
<Cov CovItemId="S123" Value="1"/>
<Cov CovItemId="S124" Value="1"/>
<Cov CovItemId="S125" Value="1"/>
<Cov CovItemId="S13" Value="1"/>
<Cov CovItemId="S14" Value="1"/>
<Cov CovItemId="S149" Value="1"/>
<Cov CovItemId="S15" Value="1"/>
<Cov CovItemId="S150" Value="1"/>
<Cov CovItemId="S16" Value="1"/>
<Cov CovItemId="S169" Value="1"/>
<Cov CovItemId="S17" Value="2"/>
<Cov CovItemId="S18" Value="2"/>
<Cov CovItemId="S19" Value="2"/>
<Cov CovItemId="S200" Value="71"/>
<Cov CovItemId="S201" Value="71"/>
<Cov CovItemId="S202" Value="71"/>
<Cov CovItemId="S203" Value="71"/>
<Cov CovItemId="S204" Value="71"/>
<Cov CovItemId="S205" Value="64"/>
<Cov CovItemId="S206" Value="7"/>
<Cov CovItemId="S207" Value="3"/>
<Cov CovItemId="S208" Value="4"/>
<Cov CovItemId="S210" Value="4"/>
<Cov CovItemId="S212" Value="4"/>
<Cov CovItemId="S213" Value="5"/>
<Cov CovItemId="S214" Value="3"/>
<Cov CovItemId="S215" Value="1"/>
<Cov CovItemId="S216" Value="1"/>
<Cov CovItemId="S217" Value="1"/>
<Cov CovItemId="S218" Value="1"/>
<Cov CovItemId="S22" Value="2"/>
<Cov CovItemId="S222" Value="5"/>
<Cov CovItemId="S223" Value="5"/>
<Cov CovItemId="S224" Value="5"/>
<Cov CovItemId="S225" Value="5"/>
<Cov CovItemId="S226" Value="5"/>
<Cov CovItemId="S227" Value="5"/>
<Cov CovItemId="S228" Value="40"/>
<Cov CovItemId="S229" Value="320"/>
<Cov CovItemId="S23" Value="2"/>
<Cov CovItemId="S230" Value="122"/>
<Cov CovItemId="S231" Value="61"/>
<Cov CovItemId="S232" Value="61"/>
<Cov CovItemId="S233" Value="17"/>
<Cov CovItemId="S234" Value="122"/>
<Cov CovItemId="S235" Value="61"/>
<Cov CovItemId="S236" Value="61"/>
<Cov CovItemId="S237" Value="16"/>
<Cov CovItemId="S238" Value="5"/>
<Cov CovItemId="S239" Value="1"/>
<Cov CovItemId="S24" Value="16"/>
<Cov CovItemId="S240" Value="4"/>
<Cov CovItemId="S241" Value="1"/>
<Cov CovItemId="S242" Value="3"/>
<Cov CovItemId="S25" Value="128"/>
<Cov CovItemId="S251" Value="3"/>
<Cov CovItemId="S26" Value="50"/>
<Cov CovItemId="S27" Value="8"/>
<Cov CovItemId="S28" Value="2"/>
<Cov CovItemId="S29" Value="2"/>
<Cov CovItemId="S30" Value="2"/>
<Cov CovItemId="S31" Value="2"/>
<Cov CovItemId="S32" Value="2"/>
<Cov CovItemId="S33" Value="2"/>
<Cov CovItemId="S34" Value="2"/>
<Cov CovItemId="S35" Value="3"/>
<Cov CovItemId="S36" Value="2"/>
<Cov CovItemId="S38" Value="2"/>
<Cov CovItemId="S39" Value="1"/>
<Cov CovItemId="S41" Value="1"/>
<Cov CovItemId="S52" Value="2"/>
<Cov CovItemId="S53" Value="2"/>
<Cov CovItemId="S54" Value="1"/>
<Cov CovItemId="S56" Value="1"/>
<Cov CovItemId="S57" Value="1"/>
<Cov CovItemId="S58" Value="1"/>
<Cov CovItemId="S59" Value="1"/>
<Cov CovItemId="S60" Value="1"/>
<Cov CovItemId="S61" Value="1"/>
<Cov CovItemId="S62" Value="1"/>
<Cov CovItemId="S67" Value="1"/>
<Cov CovItemId="S68" Value="1"/>
<Cov CovItemId="S69" Value="1"/>
<Cov CovItemId="S7" Value="4"/>
<Cov CovItemId="S70" Value="1"/>
<Cov CovItemId="S8" Value="2"/>
<Cov CovItemId="S84" Value="1"/>
<Cov CovItemId="S85" Value="1"/>
<Cov CovItemId="S86" Value="1"/>
<Cov CovItemId="S87" Value="1"/>
<Cov CovItemId="S88" Value="1"/>
<Cov CovItemId="S89" Value="1"/>
<Cov CovItemId="S9" Value="2"/>
<Cov CovItemId="S90" Value="1"/>
<Cov CovItemId="S91" Value="1"/>
<Cov CovItemId="S92" Value="1"/>
<Cov CovItemId="S93" Value="1"/>
<Cov CovItemId="S94" Value="1"/>
<Cov CovItemId="S95" Value="4"/>
<Cov CovItemId="S96" Value="3"/>
<Cov CovItemId="S97" Value="4"/>
<Cov CovItemId="S99" Value="1"/>
</CovPrefix>
<CovPrefix CovItemPrefix="com.OriginalFiles.Board.java">
<Cov CovItemId="B11" Value="3"/>
<Cov CovItemId="B12" Value="9"/>
<Cov CovItemId="B14" Value="12"/>
<Cov CovItemId="B15" Value="2"/>
<Cov CovItemId="B16" Value="10"/>
<Cov CovItemId="B17" Value="2"/>
<Cov CovItemId="B18" Value="8"/>
<Cov CovItemId="B20" Value="8"/>
<Cov CovItemId="B22" Value="8"/>
<Cov CovItemId="B23" Value="1"/>
<Cov CovItemId="B24" Value="7"/>
<Cov CovItemId="B25" Value="7"/>
<Cov CovItemId="B27" Value="1"/>
<Cov CovItemId="B28" Value="2"/>
<Cov CovItemId="B29" Value="1"/>
<Cov CovItemId="B31" Value="1"/>
<Cov CovItemId="B33" Value="1"/>
<Cov CovItemId="B36" Value="1"/>
<Cov CovItemId="B37" Value="1"/>
<Cov CovItemId="B39" Value="7"/>
<Cov CovItemId="B41" Value="335"/>
<Cov CovItemId="B42" Value="62"/>
<Cov CovItemId="B43" Value="4"/>
<Cov CovItemId="B44" Value="192"/>
<Cov CovItemId="B45" Value="49"/>
<Cov CovItemId="B46" Value="143"/>
<Cov CovItemId="B47" Value="45"/>
<Cov CovItemId="B48" Value="147"/>
<Cov CovItemId="B50" Value="192"/>
<Cov CovItemId="B55" Value="384"/>
<Cov CovItemId="B56" Value="398"/>
<Cov CovItemId="B57" Value="274"/>
<Cov CovItemId="B58" Value="124"/>
<Cov CovItemId="B59" Value="273"/>
<Cov CovItemId="B60" Value="1"/>
<Cov CovItemId="B61" Value="5"/>
<Cov CovItemId="B62" Value="268"/>
<Cov CovItemId="B63" Value="256"/>
<Cov CovItemId="B64" Value="256"/>
<Cov CovItemId="B65" Value="196"/>
<Cov CovItemId="B66" Value="60"/>
<Cov CovItemId="B67" Value="98"/>
<Cov CovItemId="B68" Value="98"/>
<Cov CovItemId="B79" Value="733"/>
<Cov CovItemId="B81" Value="654"/>
<Cov CovItemId="B82" Value="79"/>
<Cov CovItemId="B83" Value="192"/>
<Cov CovItemId="B84" Value="558"/>
<Cov CovItemId="B85" Value="101"/>
<Cov CovItemId="B86" Value="457"/>
<Cov CovItemId="L10-2" Value="136"/>
<Cov CovItemId="L11-2" Value="2"/>
<Cov CovItemId="L12-0" Value="2"/>
<Cov CovItemId="L12-1" Value="2"/>
<Cov CovItemId="L12-2" Value="4"/>
<Cov CovItemId="L13-2" Value="8"/>
<Cov CovItemId="L14-2" Value="64"/>
<Cov CovItemId="L9-2" Value="17"/>
<Cov CovItemId="S100" Value="1"/>
<Cov CovItemId="S102" Value="1"/>
<Cov CovItemId="S104" Value="1"/>
<Cov CovItemId="S105" Value="1"/>
<Cov CovItemId="S106" Value="1"/>
<Cov CovItemId="S107" Value="1"/>
<Cov CovItemId="S108" Value="1"/>
<Cov CovItemId="S109" Value="1"/>
<Cov CovItemId="S110" Value="2"/>
<Cov CovItemId="S111" Value="7"/>
<Cov CovItemId="S112" Value="7"/>
<Cov CovItemId="S113" Value="7"/>
<Cov CovItemId="S115" Value="397"/>
<Cov CovItemId="S116" Value="335"/>
<Cov CovItemId="S117" Value="62"/>
<Cov CovItemId="S118" Value="196"/>
<Cov CovItemId="S119" Value="196"/>
<Cov CovItemId="S120" Value="4"/>
<Cov CovItemId="S121" Value="192"/>
<Cov CovItemId="S122" Value="192"/>
<Cov CovItemId="S123" Value="192"/>
<Cov CovItemId="S124" Value="192"/>
<Cov CovItemId="S125" Value="49"/>
<Cov CovItemId="S126" Value="192"/>
<Cov CovItemId="S127" Value="45"/>
<Cov CovItemId="S128" Value="192"/>
<Cov CovItemId="S133" Value="192"/>
<Cov CovItemId="S134" Value="196"/>
<Cov CovItemId="S135" Value="782"/>
<Cov CovItemId="S136" Value="384"/>
<Cov CovItemId="S137" Value="398"/>
<Cov CovItemId="S138" Value="274"/>
<Cov CovItemId="S139" Value="273"/>
<Cov CovItemId="S140" Value="5"/>
<Cov CovItemId="S141" Value="393"/>
<Cov CovItemId="S142" Value="774"/>
<Cov CovItemId="S143" Value="8"/>
<Cov CovItemId="S144" Value="8"/>
<Cov CovItemId="S145" Value="64"/>
<Cov CovItemId="S146" Value="512"/>
<Cov CovItemId="S147" Value="256"/>
<Cov CovItemId="S148" Value="196"/>
<Cov CovItemId="S149" Value="98"/>
<Cov CovItemId="S150" Value="98"/>
<Cov CovItemId="S151" Value="8"/>
<Cov CovItemId="S176" Value="733"/>
<Cov CovItemId="S177" Value="733"/>
<Cov CovItemId="S178" Value="654"/>
<Cov CovItemId="S179" Value="79"/>
<Cov CovItemId="S180" Value="750"/>
<Cov CovItemId="S181" Value="192"/>
<Cov CovItemId="S182" Value="558"/>
<Cov CovItemId="S183" Value="101"/>
<Cov CovItemId="S184" Value="457"/>
<Cov CovItemId="S185" Value="1610"/>
<Cov CovItemId="S61" Value="17"/>
<Cov CovItemId="S62" Value="136"/>
<Cov CovItemId="S63" Value="1088"/>
<Cov CovItemId="S64" Value="2"/>
<Cov CovItemId="S65" Value="2"/>
<Cov CovItemId="S66" Value="2"/>
<Cov CovItemId="S67" Value="2"/>
<Cov CovItemId="S68" Value="8"/>
<Cov CovItemId="S69" Value="12"/>
<Cov CovItemId="S70" Value="3"/>
<Cov CovItemId="S71" Value="3"/>
<Cov CovItemId="S72" Value="3"/>
<Cov CovItemId="S73" Value="3"/>
<Cov CovItemId="S74" Value="3"/>
<Cov CovItemId="S75" Value="3"/>
<Cov CovItemId="S76" Value="8"/>
<Cov CovItemId="S77" Value="8"/>
<Cov CovItemId="S78" Value="12"/>
<Cov CovItemId="S80" Value="12"/>
<Cov CovItemId="S81" Value="2"/>
<Cov CovItemId="S82" Value="10"/>
<Cov CovItemId="S83" Value="2"/>
<Cov CovItemId="S84" Value="8"/>
<Cov CovItemId="S86" Value="8"/>
<Cov CovItemId="S88" Value="8"/>
<Cov CovItemId="S89" Value="1"/>
<Cov CovItemId="S90" Value="7"/>
<Cov CovItemId="S91" Value="7"/>
<Cov CovItemId="S93" Value="30"/>
<Cov CovItemId="S94" Value="3"/>
<Cov CovItemId="S95" Value="1"/>
<Cov CovItemId="S96" Value="1"/>
<Cov CovItemId="S97" Value="2"/>
<Cov CovItemId="S98" Value="1"/>
<Cov CovItemId="S99" Value="1"/>
</CovPrefix>
<CovPrefix CovItemPrefix="com.OriginalFiles.Field.java">
<Cov CovItemId="B1" Value="67"/>
<Cov CovItemId="B2" Value="16"/>
<Cov CovItemId="S1" Value="176"/>
<Cov CovItemId="S13" Value="129"/>
<Cov CovItemId="S2" Value="176"/>
<Cov CovItemId="S5" Value="83"/>
<Cov CovItemId="S6" Value="83"/>
<Cov CovItemId="S7" Value="67"/>
<Cov CovItemId="S8" Value="2451"/>
<Cov CovItemId="S9" Value="1600"/>
</CovPrefix>
<CovPrefix CovItemPrefix="com.OriginalFiles.Piece.java">
<Cov CovItemId="B1" Value="53"/>
<Cov CovItemId="B12" Value="53"/>
<Cov CovItemId="B13" Value="16"/>
<Cov CovItemId="B14" Value="37"/>
<Cov CovItemId="B15" Value="16"/>
<Cov CovItemId="B17" Value="1"/>
<Cov CovItemId="B18" Value="52"/>
<Cov CovItemId="B2" Value="16"/>
<Cov CovItemId="B5" Value="27"/>
<Cov CovItemId="B6" Value="26"/>
<Cov CovItemId="B7" Value="53"/>
<Cov CovItemId="B8" Value="16"/>
<Cov CovItemId="B9" Value="53"/>
<Cov CovItemId="S1" Value="66"/>
<Cov CovItemId="S10" Value="66"/>
<Cov CovItemId="S11" Value="66"/>
<Cov CovItemId="S12" Value="66"/>
<Cov CovItemId="S13" Value="66"/>
<Cov CovItemId="S14" Value="66"/>
<Cov CovItemId="S15" Value="1"/>
<Cov CovItemId="S17" Value="69"/>
<Cov CovItemId="S18" Value="69"/>
<Cov CovItemId="S19" Value="69"/>
<Cov CovItemId="S2" Value="66"/>
<Cov CovItemId="S20" Value="69"/>
<Cov CovItemId="S21" Value="53"/>
<Cov CovItemId="S22" Value="16"/>
<Cov CovItemId="S23" Value="16"/>
<Cov CovItemId="S27" Value="53"/>
<Cov CovItemId="S28" Value="27"/>
<Cov CovItemId="S29" Value="26"/>
<Cov CovItemId="S3" Value="66"/>
<Cov CovItemId="S30" Value="69"/>
<Cov CovItemId="S31" Value="69"/>
<Cov CovItemId="S32" Value="53"/>
<Cov CovItemId="S33" Value="53"/>
<Cov CovItemId="S34" Value="53"/>
<Cov CovItemId="S35" Value="53"/>
<Cov CovItemId="S36" Value="53"/>
<Cov CovItemId="S38" Value="53"/>
<Cov CovItemId="S39" Value="16"/>
<Cov CovItemId="S4" Value="66"/>
<Cov CovItemId="S40" Value="16"/>
<Cov CovItemId="S41" Value="16"/>
<Cov CovItemId="S42" Value="53"/>
<Cov CovItemId="S43" Value="1"/>
<Cov CovItemId="S44" Value="53"/>
<Cov CovItemId="S5" Value="66"/>
<Cov CovItemId="S6" Value="66"/>
<Cov CovItemId="S7" Value="66"/>
<Cov CovItemId="S8" Value="66"/>
<Cov CovItemId="S9" Value="66"/>
</CovPrefix>
<CovPrefix CovItemPrefix="com.OriginalFiles.RemoteNXTFunctions.java">
<Cov CovItemId="B10" Value="5"/>
<Cov CovItemId="B11" Value="1"/>
<Cov CovItemId="B12" Value="4"/>
<Cov CovItemId="B13" Value="2"/>
<Cov CovItemId="B14" Value="2"/>
<Cov CovItemId="B5" Value="71"/>
<Cov CovItemId="B7" Value="64"/>
<Cov CovItemId="B8" Value="7"/>
<Cov CovItemId="B9" Value="2"/>
<Cov CovItemId="S162" Value="71"/>
<Cov CovItemId="S19" Value="71"/>
<Cov CovItemId="S20" Value="71"/>
<Cov CovItemId="S21" Value="71"/>
<Cov CovItemId="S22" Value="64"/>
<Cov CovItemId="S23" Value="7"/>
<Cov CovItemId="S24" Value="2"/>
<Cov CovItemId="S25" Value="5"/>
<Cov CovItemId="S26" Value="1"/>
<Cov CovItemId="S27" Value="4"/>
<Cov CovItemId="S28" Value="2"/>
<Cov CovItemId="S29" Value="2"/>
</CovPrefix>
</CovList>
<AssgnmntList>
<AssgnmntPrefix RootTermCovItemPrefix="com.OriginalFiles.Analyze.java">
<AssgnmntListEntry Length="1" RootTermCovItemId="C1">
<MapEntry BoolAssgnmnt="0" Value="2"/>
<MapEntry BoolAssgnmnt="1" Value="2"/>
</AssgnmntListEntry>
<AssgnmntListEntry Length="1" RootTermCovItemId="C10">
<MapEntry BoolAssgnmnt="1" Value="1"/>
</AssgnmntListEntry>
<AssgnmntListEntry Length="1" RootTermCovItemId="C13">
<MapEntry BoolAssgnmnt="0" Value="1"/>
<MapEntry BoolAssgnmnt="1" Value="1"/>
</AssgnmntListEntry>
<AssgnmntListEntry Length="1" RootTermCovItemId="C14">
<MapEntry BoolAssgnmnt="0" Value="1"/>
</AssgnmntListEntry>
<AssgnmntListEntry Length="1" RootTermCovItemId="C15">
<MapEntry BoolAssgnmnt="0" Value="1"/>
</AssgnmntListEntry>
<AssgnmntListEntry Length="1" RootTermCovItemId="C16">
<MapEntry BoolAssgnmnt="1" Value="1"/>
</AssgnmntListEntry>
<AssgnmntListEntry Length="1" RootTermCovItemId="C17">
<MapEntry BoolAssgnmnt="1" Value="1"/>
</AssgnmntListEntry>
<AssgnmntListEntry Length="1" RootTermCovItemId="C18">
<MapEntry BoolAssgnmnt="0" Value="1"/>
</AssgnmntListEntry>
<AssgnmntListEntry Length="1" RootTermCovItemId="C2">
<MapEntry BoolAssgnmnt="0" Value="1"/>
</AssgnmntListEntry>
<AssgnmntListEntry Length="1" RootTermCovItemId="C20">
<MapEntry BoolAssgnmnt="1" Value="1"/>
</AssgnmntListEntry>
<AssgnmntListEntry Length="1" RootTermCovItemId="C21">
<MapEntry BoolAssgnmnt="1" Value="1"/>
</AssgnmntListEntry>
<AssgnmntListEntry Length="1" RootTermCovItemId="C27">
<MapEntry BoolAssgnmnt="1" Value="1"/>
</AssgnmntListEntry>
<AssgnmntListEntry Length="1" RootTermCovItemId="C28">
<MapEntry BoolAssgnmnt="1" Value="1"/>
</AssgnmntListEntry>
<AssgnmntListEntry Length="1" RootTermCovItemId="C29">
<MapEntry BoolAssgnmnt="1" Value="1"/>
</AssgnmntListEntry>
<AssgnmntListEntry Length="1" RootTermCovItemId="C3">
<MapEntry BoolAssgnmnt="0" Value="2"/>
</AssgnmntListEntry>
<AssgnmntListEntry Length="1" RootTermCovItemId="C30">
<MapEntry BoolAssgnmnt="1" Value="1"/>
</AssgnmntListEntry>
<AssgnmntListEntry Length="1" RootTermCovItemId="C31">
<MapEntry BoolAssgnmnt="0" Value="1"/>
<MapEntry BoolAssgnmnt="1" Value="4"/>
</AssgnmntListEntry>
<AssgnmntListEntry Length="2" RootTermCovItemId="C32">
<MapEntry BoolAssgnmnt="10" Value="1"/>
<MapEntry BoolAssgnmnt="02" Value="2"/>
<MapEntry BoolAssgnmnt="11" Value="1"/>
</AssgnmntListEntry>
<AssgnmntListEntry Length="1" RootTermCovItemId="C33">
<MapEntry BoolAssgnmnt="1" Value="4"/>
</AssgnmntListEntry>
<AssgnmntListEntry Length="1" RootTermCovItemId="C34">
<MapEntry BoolAssgnmnt="0" Value="2"/>
</AssgnmntListEntry>
<AssgnmntListEntry Length="1" RootTermCovItemId="C35">
<MapEntry BoolAssgnmnt="0" Value="2"/>
</AssgnmntListEntry>
<AssgnmntListEntry Length="1" RootTermCovItemId="C36">
<MapEntry BoolAssgnmnt="0" Value="1"/>
<MapEntry BoolAssgnmnt="1" Value="1"/>
</AssgnmntListEntry>
<AssgnmntListEntry Length="1" RootTermCovItemId="C37">
<MapEntry BoolAssgnmnt="0" Value="2"/>
</AssgnmntListEntry>
<AssgnmntListEntry Length="1" RootTermCovItemId="C38">
<MapEntry BoolAssgnmnt="0" Value="1"/>
<MapEntry BoolAssgnmnt="1" Value="1"/>
</AssgnmntListEntry>
<AssgnmntListEntry Length="1" RootTermCovItemId="C39">
<MapEntry BoolAssgnmnt="0" Value="2"/>
<MapEntry BoolAssgnmnt="1" Value="2"/>
</AssgnmntListEntry>
<AssgnmntListEntry Length="1" RootTermCovItemId="C4">
<MapEntry BoolAssgnmnt="0" Value="50"/>
<MapEntry BoolAssgnmnt="1" Value="78"/>
</AssgnmntListEntry>
<AssgnmntListEntry Length="1" RootTermCovItemId="C40">
<MapEntry BoolAssgnmnt="0" Value="1"/>
<MapEntry BoolAssgnmnt="1" Value="1"/>
</AssgnmntListEntry>
<AssgnmntListEntry Length="1" RootTermCovItemId="C41">
<MapEntry BoolAssgnmnt="1" Value="1"/>
</AssgnmntListEntry>
<AssgnmntListEntry Length="1" RootTermCovItemId="C49">
<MapEntry BoolAssgnmnt="0" Value="1"/>
</AssgnmntListEntry>
<AssgnmntListEntry Length="2" RootTermCovItemId="C5">
<MapEntry BoolAssgnmnt="10" Value="8"/>
<MapEntry BoolAssgnmnt="02" Value="34"/>
<MapEntry BoolAssgnmnt="11" Value="8"/>
</AssgnmntListEntry>
<AssgnmntListEntry Length="1" RootTermCovItemId="C56">
<MapEntry BoolAssgnmnt="0" Value="1"/>
</AssgnmntListEntry>
<AssgnmntListEntry Length="1" RootTermCovItemId="C6">
<MapEntry BoolAssgnmnt="1" Value="2"/>
</AssgnmntListEntry>
<AssgnmntListEntry Length="6" RootTermCovItemId="C66">
<MapEntry BoolAssgnmnt="110222" Value="3"/>
<MapEntry BoolAssgnmnt="022222" Value="4"/>
<MapEntry BoolAssgnmnt="111111" Value="64"/>
</AssgnmntListEntry>
<AssgnmntListEntry Length="6" RootTermCovItemId="C67">
<MapEntry BoolAssgnmnt="022222" Value="4"/>
<MapEntry BoolAssgnmnt="111111" Value="3"/>
</AssgnmntListEntry>
<AssgnmntListEntry Length="6" RootTermCovItemId="C68">
<MapEntry BoolAssgnmnt="102222" Value="4"/>
</AssgnmntListEntry>
<AssgnmntListEntry Length="6" RootTermCovItemId="C69">
<MapEntry BoolAssgnmnt="102222" Value="4"/>
</AssgnmntListEntry>
<AssgnmntListEntry Length="1" RootTermCovItemId="C7">
<MapEntry BoolAssgnmnt="0" Value="1"/>
<MapEntry BoolAssgnmnt="1" Value="2"/>
</AssgnmntListEntry>
<AssgnmntListEntry Length="1" RootTermCovItemId="C70">
<MapEntry BoolAssgnmnt="0" Value="122"/>
<MapEntry BoolAssgnmnt="1" Value="198"/>
</AssgnmntListEntry>
<AssgnmntListEntry Length="1" RootTermCovItemId="C71">
<MapEntry BoolAssgnmnt="0" Value="61"/>
<MapEntry BoolAssgnmnt="1" Value="61"/>
</AssgnmntListEntry>
<AssgnmntListEntry Length="1" RootTermCovItemId="C72">
<MapEntry BoolAssgnmnt="0" Value="44"/>
<MapEntry BoolAssgnmnt="1" Value="17"/>
</AssgnmntListEntry>
<AssgnmntListEntry Length="1" RootTermCovItemId="C73">
<MapEntry BoolAssgnmnt="0" Value="61"/>
<MapEntry BoolAssgnmnt="1" Value="61"/>
</AssgnmntListEntry>
<AssgnmntListEntry Length="1" RootTermCovItemId="C74">
<MapEntry BoolAssgnmnt="0" Value="45"/>
<MapEntry BoolAssgnmnt="1" Value="16"/>
</AssgnmntListEntry>
<AssgnmntListEntry Length="3" RootTermCovItemId="C75">
<MapEntry BoolAssgnmnt="012" Value="3"/>
<MapEntry BoolAssgnmnt="122" Value="1"/>
<MapEntry BoolAssgnmnt="001" Value="1"/>
</AssgnmntListEntry>
<AssgnmntListEntry Length="3" RootTermCovItemId="C76">
<MapEntry BoolAssgnmnt="011" Value="2"/>
<MapEntry BoolAssgnmnt="122" Value="1"/>
<MapEntry BoolAssgnmnt="002" Value="1"/>
</AssgnmntListEntry>
<AssgnmntListEntry Length="2" RootTermCovItemId="C77">
<MapEntry BoolAssgnmnt="02" Value="3"/>
</AssgnmntListEntry>
<AssgnmntListEntry Length="2" RootTermCovItemId="C8">
<MapEntry BoolAssgnmnt="02" Value="1"/>
<MapEntry BoolAssgnmnt="11" Value="1"/>
</AssgnmntListEntry>
<AssgnmntListEntry Length="1" RootTermCovItemId="C9">
<MapEntry BoolAssgnmnt="1" Value="1"/>
</AssgnmntListEntry>
</AssgnmntPrefix>
<AssgnmntPrefix RootTermCovItemPrefix="com.OriginalFiles.Board.java">
<AssgnmntListEntry Length="1" RootTermCovItemId="C14">
<MapEntry BoolAssgnmnt="0" Value="2"/>
<MapEntry BoolAssgnmnt="1" Value="8"/>
</AssgnmntListEntry>
<AssgnmntListEntry Length="1" RootTermCovItemId="C15">
<MapEntry BoolAssgnmnt="0" Value="8"/>
<MapEntry BoolAssgnmnt="1" Value="12"/>
</AssgnmntListEntry>
<AssgnmntListEntry Length="1" RootTermCovItemId="C16">
<MapEntry BoolAssgnmnt="0" Value="3"/>
<MapEntry BoolAssgnmnt="1" Value="9"/>
</AssgnmntListEntry>
<AssgnmntListEntry Length="4" RootTermCovItemId="C17">
<MapEntry BoolAssgnmnt="1122" Value="2"/>
<MapEntry BoolAssgnmnt="1010" Value="1"/>
<MapEntry BoolAssgnmnt="0222" Value="9"/>
</AssgnmntListEntry>
<AssgnmntListEntry Length="2" RootTermCovItemId="C18">
<MapEntry BoolAssgnmnt="10" Value="2"/>
<MapEntry BoolAssgnmnt="02" Value="9"/>
<MapEntry BoolAssgnmnt="11" Value="1"/>
</AssgnmntListEntry>
<AssgnmntListEntry Length="2" RootTermCovItemId="C19">
<MapEntry BoolAssgnmnt="10" Value="2"/>
<MapEntry BoolAssgnmnt="02" Value="7"/>
<MapEntry BoolAssgnmnt="11" Value="1"/>
</AssgnmntListEntry>
<AssgnmntListEntry Length="3" RootTermCovItemId="C20">
<MapEntry BoolAssgnmnt="022" Value="8"/>
</AssgnmntListEntry>
<AssgnmntListEntry Length="3" RootTermCovItemId="C21">
<MapEntry BoolAssgnmnt="022" Value="8"/>
</AssgnmntListEntry>
<AssgnmntListEntry Length="1" RootTermCovItemId="C22">
<MapEntry BoolAssgnmnt="0" Value="7"/>
<MapEntry BoolAssgnmnt="1" Value="1"/>
</AssgnmntListEntry>
<AssgnmntListEntry Length="1" RootTermCovItemId="C23">
<MapEntry BoolAssgnmnt="1" Value="7"/>
</AssgnmntListEntry>
<AssgnmntListEntry Length="1" RootTermCovItemId="C24">
<MapEntry BoolAssgnmnt="0" Value="2"/>
<MapEntry BoolAssgnmnt="1" Value="1"/>
</AssgnmntListEntry>
<AssgnmntListEntry Length="1" RootTermCovItemId="C25">
<MapEntry BoolAssgnmnt="1" Value="1"/>
</AssgnmntListEntry>
<AssgnmntListEntry Length="1" RootTermCovItemId="C26">
<MapEntry BoolAssgnmnt="0" Value="1"/>
</AssgnmntListEntry>
<AssgnmntListEntry Length="1" RootTermCovItemId="C27">
<MapEntry BoolAssgnmnt="1" Value="1"/>
</AssgnmntListEntry>
<AssgnmntListEntry Length="2" RootTermCovItemId="C28">
<MapEntry BoolAssgnmnt="02" Value="1"/>
</AssgnmntListEntry>
<AssgnmntListEntry Length="1" RootTermCovItemId="C29">
<MapEntry BoolAssgnmnt="1" Value="1"/>
</AssgnmntListEntry>
<AssgnmntListEntry Length="1" RootTermCovItemId="C30">
<MapEntry BoolAssgnmnt="1" Value="7"/>
</AssgnmntListEntry>
<AssgnmntListEntry Length="1" RootTermCovItemId="C31">
<MapEntry BoolAssgnmnt="0" Value="62"/>
<MapEntry BoolAssgnmnt="1" Value="335"/>
</AssgnmntListEntry>
<AssgnmntListEntry Length="1" RootTermCovItemId="C32">
<MapEntry BoolAssgnmnt="0" Value="192"/>
<MapEntry BoolAssgnmnt="1" Value="4"/>
</AssgnmntListEntry>
<AssgnmntListEntry Length="1" RootTermCovItemId="C33">
<MapEntry BoolAssgnmnt="0" Value="49"/>
<MapEntry BoolAssgnmnt="1" Value="143"/>
</AssgnmntListEntry>
<AssgnmntListEntry Length="1" RootTermCovItemId="C34">
<MapEntry BoolAssgnmnt="0" Value="45"/>
<MapEntry BoolAssgnmnt="1" Value="147"/>
</AssgnmntListEntry>
<AssgnmntListEntry Length="1" RootTermCovItemId="C35">
<MapEntry BoolAssgnmnt="0" Value="192"/>
</AssgnmntListEntry>
<AssgnmntListEntry Length="5" RootTermCovItemId="C38">
<MapEntry BoolAssgnmnt="02002" Value="198"/>
<MapEntry BoolAssgnmnt="10122" Value="196"/>
<MapEntry BoolAssgnmnt="11220" Value="196"/>
<MapEntry BoolAssgnmnt="02010" Value="188"/>
<MapEntry BoolAssgnmnt="02011" Value="4"/>
</AssgnmntListEntry>
<AssgnmntListEntry Length="1" RootTermCovItemId="C39">
<MapEntry BoolAssgnmnt="0" Value="124"/>
<MapEntry BoolAssgnmnt="1" Value="274"/>
</AssgnmntListEntry>
<AssgnmntListEntry Length="1" RootTermCovItemId="C40">
<MapEntry BoolAssgnmnt="0" Value="273"/>
<MapEntry BoolAssgnmnt="1" Value="1"/>
</AssgnmntListEntry>
<AssgnmntListEntry Length="2" RootTermCovItemId="C41">
<MapEntry BoolAssgnmnt="10" Value="5"/>
<MapEntry BoolAssgnmnt="02" Value="262"/>
<MapEntry BoolAssgnmnt="11" Value="6"/>
</AssgnmntListEntry>
<AssgnmntListEntry Length="1" RootTermCovItemId="C42">
<MapEntry BoolAssgnmnt="0" Value="256"/>
<MapEntry BoolAssgnmnt="1" Value="256"/>
</AssgnmntListEntry>
<AssgnmntListEntry Length="1" RootTermCovItemId="C43">
<MapEntry BoolAssgnmnt="0" Value="60"/>
<MapEntry BoolAssgnmnt="1" Value="196"/>
</AssgnmntListEntry>
<AssgnmntListEntry Length="1" RootTermCovItemId="C44">
<MapEntry BoolAssgnmnt="0" Value="98"/>
<MapEntry BoolAssgnmnt="1" Value="98"/>
</AssgnmntListEntry>
<AssgnmntListEntry Length="1" RootTermCovItemId="C53">
<MapEntry BoolAssgnmnt="1" Value="733"/>
</AssgnmntListEntry>
<AssgnmntListEntry Length="1" RootTermCovItemId="C54">
<MapEntry BoolAssgnmnt="0" Value="654"/>
<MapEntry BoolAssgnmnt="1" Value="79"/>
</AssgnmntListEntry>
<AssgnmntListEntry Length="3" RootTermCovItemId="C55">
<MapEntry BoolAssgnmnt="002" Value="373"/>
<MapEntry BoolAssgnmnt="120" Value="192"/>
<MapEntry BoolAssgnmnt="121" Value="185"/>
</AssgnmntListEntry>
<AssgnmntListEntry Length="3" RootTermCovItemId="C56">
<MapEntry BoolAssgnmnt="002" Value="185"/>
<MapEntry BoolAssgnmnt="120" Value="272"/>
<MapEntry BoolAssgnmnt="121" Value="101"/>
</AssgnmntListEntry>
</AssgnmntPrefix>
<AssgnmntPrefix RootTermCovItemPrefix="com.OriginalFiles.Field.java">
<AssgnmntListEntry Length="1" RootTermCovItemId="C1">
<MapEntry BoolAssgnmnt="0" Value="67"/>
<MapEntry BoolAssgnmnt="1" Value="16"/>
</AssgnmntListEntry>
</AssgnmntPrefix>
<AssgnmntPrefix RootTermCovItemPrefix="com.OriginalFiles.Piece.java">
<AssgnmntListEntry Length="1" RootTermCovItemId="C1">
<MapEntry BoolAssgnmnt="0" Value="16"/>
<MapEntry BoolAssgnmnt="1" Value="53"/>
</AssgnmntListEntry>
<AssgnmntListEntry Length="1" RootTermCovItemId="C3">
<MapEntry BoolAssgnmnt="0" Value="26"/>
<MapEntry BoolAssgnmnt="1" Value="27"/>
</AssgnmntListEntry>
<AssgnmntListEntry Length="1" RootTermCovItemId="C4">
<MapEntry BoolAssgnmnt="0" Value="16"/>
<MapEntry BoolAssgnmnt="1" Value="53"/>
</AssgnmntListEntry>
<AssgnmntListEntry Length="1" RootTermCovItemId="C5">
<MapEntry BoolAssgnmnt="1" Value="53"/>
</AssgnmntListEntry>
<AssgnmntListEntry Length="1" RootTermCovItemId="C6">
<MapEntry BoolAssgnmnt="0" Value="53"/>
</AssgnmntListEntry>
<AssgnmntListEntry Length="5" RootTermCovItemId="C7">
<MapEntry BoolAssgnmnt="00210" Value="18"/>
<MapEntry BoolAssgnmnt="00211" Value="8"/>
<MapEntry BoolAssgnmnt="01002" Value="18"/>
<MapEntry BoolAssgnmnt="12222" Value="1"/>
<MapEntry BoolAssgnmnt="01122" Value="8"/>
</AssgnmntListEntry>
<AssgnmntListEntry Length="1" RootTermCovItemId="C8">
<MapEntry BoolAssgnmnt="1" Value="16"/>
</AssgnmntListEntry>
<AssgnmntListEntry Length="1" RootTermCovItemId="C9">
<MapEntry BoolAssgnmnt="0" Value="52"/>
<MapEntry BoolAssgnmnt="1" Value="1"/>
</AssgnmntListEntry>
</AssgnmntPrefix>
<AssgnmntPrefix RootTermCovItemPrefix="com.OriginalFiles.RemoteNXTFunctions.java">
<AssgnmntListEntry Length="1" RootTermCovItemId="C5">
<MapEntry BoolAssgnmnt="1" Value="71"/>
</AssgnmntListEntry>
<AssgnmntListEntry Length="2" RootTermCovItemId="C6">
<MapEntry BoolAssgnmnt="10" Value="2"/>
<MapEntry BoolAssgnmnt="02" Value="5"/>
<MapEntry BoolAssgnmnt="11" Value="64"/>
</AssgnmntListEntry>
<AssgnmntListEntry Length="2" RootTermCovItemId="C7">
<MapEntry BoolAssgnmnt="02" Value="5"/>
<MapEntry BoolAssgnmnt="11" Value="2"/>
</AssgnmntListEntry>
<AssgnmntListEntry Length="2" RootTermCovItemId="C8">
<MapEntry BoolAssgnmnt="02" Value="4"/>
<MapEntry BoolAssgnmnt="11" Value="1"/>
</AssgnmntListEntry>
<AssgnmntListEntry Length="1" RootTermCovItemId="C9">
<MapEntry BoolAssgnmnt="0" Value="2"/>
<MapEntry BoolAssgnmnt="1" Value="2"/>
</AssgnmntListEntry>
</AssgnmntPrefix>
</AssgnmntList>
<ObjMetaDataList/>
<MetaDataList/>
</TestCase>
<TestCase Comment="" Date="1386061681023" Name="com.Testing.AnalyzeTest:testCheckMove">
<CovList>
<CovPrefix CovItemPrefix="com.OriginalFiles.Analyze.java">
<Cov CovItemId="B1" Value="95"/>
<Cov CovItemId="B10" Value="95"/>
<Cov CovItemId="B107" Value="32"/>
<Cov CovItemId="B108" Value="649"/>
<Cov CovItemId="B11" Value="95"/>
<Cov CovItemId="B110" Value="649"/>
<Cov CovItemId="B111" Value="167"/>
<Cov CovItemId="B112" Value="482"/>
<Cov CovItemId="B113" Value="4"/>
<Cov CovItemId="B114" Value="478"/>
<Cov CovItemId="B115" Value="190"/>
<Cov CovItemId="B120" Value="480"/>
<Cov CovItemId="B121" Value="11680"/>
<Cov CovItemId="B122" Value="290"/>
<Cov CovItemId="B123" Value="190"/>
<Cov CovItemId="B124" Value="290"/>
<Cov CovItemId="B126" Value="190"/>
<Cov CovItemId="B127" Value="290"/>
<Cov CovItemId="B128" Value="190"/>
<Cov CovItemId="B13" Value="123"/>
<Cov CovItemId="B131" Value="190"/>
<Cov CovItemId="B133" Value="190"/>
<Cov CovItemId="B134" Value="126"/>
<Cov CovItemId="B135" Value="64"/>
<Cov CovItemId="B136" Value="126"/>
<Cov CovItemId="B139" Value="126"/>
<Cov CovItemId="B14" Value="32"/>
<Cov CovItemId="B157" Value="252"/>
<Cov CovItemId="B16" Value="123"/>
<Cov CovItemId="B17" Value="67"/>
<Cov CovItemId="B18" Value="56"/>
<Cov CovItemId="B19" Value="28"/>
<Cov CovItemId="B20" Value="67"/>
<Cov CovItemId="B21" Value="12"/>
<Cov CovItemId="B22" Value="16"/>
<Cov CovItemId="B23" Value="12"/>
<Cov CovItemId="B24" Value="4"/>
<Cov CovItemId="B26" Value="123"/>
<Cov CovItemId="B3" Value="95"/>
<Cov CovItemId="B31" Value="67"/>
<Cov CovItemId="B32" Value="56"/>
<Cov CovItemId="B33" Value="123"/>
<Cov CovItemId="B35" Value="47"/>
<Cov CovItemId="B36" Value="76"/>
<Cov CovItemId="B37" Value="33"/>
<Cov CovItemId="B38" Value="14"/>
<Cov CovItemId="B39" Value="15"/>
<Cov CovItemId="B40" Value="61"/>
<Cov CovItemId="B41" Value="1"/>
<Cov CovItemId="B42" Value="14"/>
<Cov CovItemId="B43" Value="61"/>
<Cov CovItemId="B45" Value="15"/>
<Cov CovItemId="B46" Value="46"/>
<Cov CovItemId="B47" Value="1"/>
<Cov CovItemId="B48" Value="14"/>
<Cov CovItemId="B49" Value="46"/>
<Cov CovItemId="B5" Value="8"/>
<Cov CovItemId="B51" Value="32"/>
<Cov CovItemId="B52" Value="14"/>
<Cov CovItemId="B53" Value="123"/>
<Cov CovItemId="B55" Value="123"/>
<Cov CovItemId="B57" Value="123"/>
<Cov CovItemId="B59" Value="123"/>
<Cov CovItemId="B6" Value="87"/>
<Cov CovItemId="B61" Value="313"/>
<Cov CovItemId="B62" Value="95"/>
<Cov CovItemId="B63" Value="56"/>
<Cov CovItemId="B64" Value="352"/>
<Cov CovItemId="B7" Value="254"/>
<Cov CovItemId="B8" Value="5826"/>
<Cov CovItemId="B84" Value="67"/>
<Cov CovItemId="B9" Value="159"/>
<Cov CovItemId="B96" Value="95"/>
<Cov CovItemId="L1-2" Value="95"/>
<Cov CovItemId="L16-2" Value="190"/>
<Cov CovItemId="L17-2" Value="1520"/>
<Cov CovItemId="L2-2" Value="760"/>
<Cov CovItemId="L3-1" Value="63"/>
<Cov CovItemId="L3-2" Value="32"/>
<Cov CovItemId="L4-1" Value="14"/>
<Cov CovItemId="L4-2" Value="109"/>
<Cov CovItemId="S10" Value="95"/>
<Cov CovItemId="S11" Value="95"/>
<Cov CovItemId="S12" Value="95"/>
<Cov CovItemId="S13" Value="95"/>
<Cov CovItemId="S14" Value="95"/>
<Cov CovItemId="S15" Value="95"/>
<Cov CovItemId="S150" Value="67"/>
<Cov CovItemId="S16" Value="95"/>
<Cov CovItemId="S169" Value="95"/>
<Cov CovItemId="S18" Value="95"/>
<Cov CovItemId="S19" Value="95"/>
<Cov CovItemId="S20" Value="8"/>
<Cov CovItemId="S200" Value="681"/>
<Cov CovItemId="S201" Value="681"/>
<Cov CovItemId="S202" Value="681"/>
<Cov CovItemId="S203" Value="681"/>
<Cov CovItemId="S204" Value="681"/>
<Cov CovItemId="S205" Value="32"/>
<Cov CovItemId="S206" Value="649"/>
<Cov CovItemId="S208" Value="649"/>
<Cov CovItemId="S209" Value="167"/>
<Cov CovItemId="S21" Value="8"/>
<Cov CovItemId="S210" Value="482"/>
<Cov CovItemId="S211" Value="4"/>
<Cov CovItemId="S212" Value="478"/>
<Cov CovItemId="S213" Value="190"/>
<Cov CovItemId="S214" Value="190"/>
<Cov CovItemId="S22" Value="95"/>
<Cov CovItemId="S222" Value="190"/>
<Cov CovItemId="S223" Value="190"/>
<Cov CovItemId="S224" Value="190"/>
<Cov CovItemId="S225" Value="190"/>
<Cov CovItemId="S226" Value="190"/>
<Cov CovItemId="S227" Value="190"/>
<Cov CovItemId="S228" Value="1520"/>
<Cov CovItemId="S229" Value="12160"/>
<Cov CovItemId="S23" Value="95"/>
<Cov CovItemId="S230" Value="480"/>
<Cov CovItemId="S231" Value="290"/>
<Cov CovItemId="S232" Value="290"/>
<Cov CovItemId="S233" Value="290"/>
<Cov CovItemId="S234" Value="480"/>
<Cov CovItemId="S235" Value="190"/>
<Cov CovItemId="S236" Value="190"/>
<Cov CovItemId="S237" Value="190"/>
<Cov CovItemId="S238" Value="190"/>
<Cov CovItemId="S24" Value="760"/>
<Cov CovItemId="S240" Value="190"/>
<Cov CovItemId="S242" Value="190"/>
<Cov CovItemId="S243" Value="126"/>
<Cov CovItemId="S244" Value="126"/>
<Cov CovItemId="S245" Value="126"/>
<Cov CovItemId="S246" Value="126"/>
<Cov CovItemId="S25" Value="6080"/>
<Cov CovItemId="S251" Value="190"/>
<Cov CovItemId="S26" Value="254"/>
<Cov CovItemId="S268" Value="252"/>
<Cov CovItemId="S27" Value="159"/>
<Cov CovItemId="S270" Value="252"/>
<Cov CovItemId="S28" Value="95"/>
<Cov CovItemId="S29" Value="95"/>
<Cov CovItemId="S30" Value="95"/>
<Cov CovItemId="S31" Value="95"/>
<Cov CovItemId="S32" Value="95"/>
<Cov CovItemId="S33" Value="95"/>
<Cov CovItemId="S34" Value="95"/>
<Cov CovItemId="S35" Value="155"/>
<Cov CovItemId="S36" Value="123"/>
<Cov CovItemId="S38" Value="123"/>
<Cov CovItemId="S39" Value="67"/>
<Cov CovItemId="S40" Value="28"/>
<Cov CovItemId="S41" Value="95"/>
<Cov CovItemId="S42" Value="28"/>
<Cov CovItemId="S43" Value="12"/>
<Cov CovItemId="S44" Value="12"/>
<Cov CovItemId="S45" Value="12"/>
<Cov CovItemId="S46" Value="16"/>
<Cov CovItemId="S47" Value="12"/>
<Cov CovItemId="S48" Value="12"/>
<Cov CovItemId="S49" Value="12"/>
<Cov CovItemId="S50" Value="12"/>
<Cov CovItemId="S51" Value="4"/>
<Cov CovItemId="S52" Value="123"/>
<Cov CovItemId="S53" Value="123"/>
<Cov CovItemId="S58" Value="123"/>
<Cov CovItemId="S59" Value="67"/>
<Cov CovItemId="S60" Value="123"/>
<Cov CovItemId="S61" Value="123"/>
<Cov CovItemId="S62" Value="123"/>
<Cov CovItemId="S63" Value="47"/>
<Cov CovItemId="S64" Value="33"/>
<Cov CovItemId="S65" Value="33"/>
<Cov CovItemId="S66" Value="14"/>
<Cov CovItemId="S67" Value="76"/>
<Cov CovItemId="S68" Value="15"/>
<Cov CovItemId="S69" Value="1"/>
<Cov CovItemId="S7" Value="95"/>
<Cov CovItemId="S70" Value="1"/>
<Cov CovItemId="S71" Value="14"/>
<Cov CovItemId="S72" Value="61"/>
<Cov CovItemId="S73" Value="61"/>
<Cov CovItemId="S74" Value="15"/>
<Cov CovItemId="S75" Value="1"/>
<Cov CovItemId="S76" Value="1"/>
<Cov CovItemId="S77" Value="14"/>
<Cov CovItemId="S78" Value="46"/>
<Cov CovItemId="S79" Value="46"/>
<Cov CovItemId="S8" Value="95"/>
<Cov CovItemId="S80" Value="32"/>
<Cov CovItemId="S81" Value="32"/>
<Cov CovItemId="S82" Value="14"/>
<Cov CovItemId="S84" Value="123"/>
<Cov CovItemId="S85" Value="123"/>
<Cov CovItemId="S86" Value="123"/>
<Cov CovItemId="S87" Value="123"/>
<Cov CovItemId="S88" Value="123"/>
<Cov CovItemId="S89" Value="123"/>
<Cov CovItemId="S9" Value="95"/>
<Cov CovItemId="S90" Value="123"/>
<Cov CovItemId="S91" Value="123"/>
<Cov CovItemId="S92" Value="123"/>
<Cov CovItemId="S93" Value="123"/>
<Cov CovItemId="S94" Value="123"/>
<Cov CovItemId="S95" Value="408"/>
<Cov CovItemId="S96" Value="313"/>
<Cov CovItemId="S97" Value="408"/>
<Cov CovItemId="S98" Value="56"/>
<Cov CovItemId="S99" Value="67"/>
</CovPrefix>
<CovPrefix CovItemPrefix="com.OriginalFiles.Board.java">
<Cov CovItemId="B12" Value="96"/>
<Cov CovItemId="B14" Value="96"/>
<Cov CovItemId="B16" Value="96"/>
<Cov CovItemId="B18" Value="96"/>
<Cov CovItemId="B20" Value="96"/>
<Cov CovItemId="B22" Value="96"/>
<Cov CovItemId="B24" Value="96"/>
<Cov CovItemId="B25" Value="96"/>
<Cov CovItemId="B27" Value="60"/>
<Cov CovItemId="B28" Value="253"/>
<Cov CovItemId="B29" Value="60"/>
<Cov CovItemId="B31" Value="67"/>
<Cov CovItemId="B33" Value="67"/>
<Cov CovItemId="B36" Value="67"/>
<Cov CovItemId="B37" Value="67"/>
<Cov CovItemId="B39" Value="521"/>
<Cov CovItemId="B41" Value="3930"/>
<Cov CovItemId="B42" Value="264"/>
<Cov CovItemId="B44" Value="972"/>
<Cov CovItemId="B45" Value="968"/>
<Cov CovItemId="B46" Value="4"/>
<Cov CovItemId="B47" Value="968"/>
<Cov CovItemId="B48" Value="4"/>
<Cov CovItemId="B49" Value="972"/>
<Cov CovItemId="B51" Value="836"/>
<Cov CovItemId="B52" Value="136"/>
<Cov CovItemId="B53" Value="836"/>
<Cov CovItemId="B54" Value="136"/>
<Cov CovItemId="B56" Value="3888"/>
<Cov CovItemId="B57" Value="2968"/>
<Cov CovItemId="B58" Value="920"/>
<Cov CovItemId="B59" Value="2968"/>
<Cov CovItemId="B62" Value="2968"/>
<Cov CovItemId="B63" Value="12288"/>
<Cov CovItemId="B64" Value="12288"/>
<Cov CovItemId="B65" Value="972"/>
<Cov CovItemId="B66" Value="11316"/>
<Cov CovItemId="B67" Value="384"/>
<Cov CovItemId="B68" Value="588"/>
<Cov CovItemId="B71" Value="16"/>
<Cov CovItemId="B72" Value="16"/>
<Cov CovItemId="B73" Value="64"/>
<Cov CovItemId="B74" Value="64"/>
<Cov CovItemId="B75" Value="64"/>
<Cov CovItemId="B76" Value="64"/>
<Cov CovItemId="B77" Value="116"/>
<Cov CovItemId="B78" Value="12"/>
<Cov CovItemId="B79" Value="5534"/>
<Cov CovItemId="B81" Value="2329"/>
<Cov CovItemId="B82" Value="3205"/>
<Cov CovItemId="B83" Value="602"/>
<Cov CovItemId="B84" Value="1867"/>
<Cov CovItemId="B85" Value="620"/>
<Cov CovItemId="B86" Value="1247"/>
<Cov CovItemId="L10-2" Value="6144"/>
<Cov CovItemId="L11-1" Value="63"/>
<Cov CovItemId="L11-2" Value="32"/>
<Cov CovItemId="L12-0" Value="95"/>
<Cov CovItemId="L12-1" Value="32"/>
<Cov CovItemId="L12-2" Value="32"/>
<Cov CovItemId="L13-2" Value="384"/>
<Cov CovItemId="L14-2" Value="3072"/>
<Cov CovItemId="L15-2" Value="4"/>
<Cov CovItemId="L16-2" Value="16"/>
<Cov CovItemId="L17-2" Value="16"/>
<Cov CovItemId="L9-2" Value="768"/>
<Cov CovItemId="S100" Value="67"/>
<Cov CovItemId="S102" Value="67"/>
<Cov CovItemId="S104" Value="67"/>
<Cov CovItemId="S105" Value="67"/>
<Cov CovItemId="S106" Value="67"/>
<Cov CovItemId="S107" Value="67"/>
<Cov CovItemId="S108" Value="67"/>
<Cov CovItemId="S109" Value="67"/>
<Cov CovItemId="S110" Value="306"/>
<Cov CovItemId="S111" Value="521"/>
<Cov CovItemId="S112" Value="521"/>
<Cov CovItemId="S113" Value="521"/>
<Cov CovItemId="S115" Value="4194"/>
<Cov CovItemId="S116" Value="3930"/>
<Cov CovItemId="S117" Value="264"/>
<Cov CovItemId="S118" Value="972"/>
<Cov CovItemId="S119" Value="972"/>
<Cov CovItemId="S121" Value="972"/>
<Cov CovItemId="S122" Value="972"/>
<Cov CovItemId="S123" Value="972"/>
<Cov CovItemId="S124" Value="972"/>
<Cov CovItemId="S125" Value="968"/>
<Cov CovItemId="S126" Value="972"/>
<Cov CovItemId="S127" Value="968"/>
<Cov CovItemId="S128" Value="972"/>
<Cov CovItemId="S129" Value="972"/>
<Cov CovItemId="S130" Value="836"/>
<Cov CovItemId="S131" Value="972"/>
<Cov CovItemId="S132" Value="836"/>
<Cov CovItemId="S133" Value="972"/>
<Cov CovItemId="S134" Value="972"/>
<Cov CovItemId="S135" Value="3888"/>
<Cov CovItemId="S137" Value="3888"/>
<Cov CovItemId="S138" Value="2968"/>
<Cov CovItemId="S139" Value="2968"/>
<Cov CovItemId="S141" Value="3888"/>
<Cov CovItemId="S142" Value="3888"/>
<Cov CovItemId="S143" Value="384"/>
<Cov CovItemId="S144" Value="384"/>
<Cov CovItemId="S145" Value="3072"/>
<Cov CovItemId="S146" Value="24576"/>
<Cov CovItemId="S147" Value="12288"/>
<Cov CovItemId="S148" Value="972"/>
<Cov CovItemId="S149" Value="384"/>
<Cov CovItemId="S150" Value="588"/>
<Cov CovItemId="S151" Value="384"/>
<Cov CovItemId="S157" Value="4"/>
<Cov CovItemId="S158" Value="4"/>
<Cov CovItemId="S159" Value="32"/>
<Cov CovItemId="S160" Value="16"/>
<Cov CovItemId="S161" Value="128"/>
<Cov CovItemId="S162" Value="64"/>
<Cov CovItemId="S163" Value="16"/>
<Cov CovItemId="S164" Value="16"/>
<Cov CovItemId="S165" Value="128"/>
<Cov CovItemId="S166" Value="64"/>
<Cov CovItemId="S167" Value="16"/>
<Cov CovItemId="S168" Value="4"/>
<Cov CovItemId="S169" Value="128"/>
<Cov CovItemId="S170" Value="128"/>
<Cov CovItemId="S171" Value="116"/>
<Cov CovItemId="S172" Value="12"/>
<Cov CovItemId="S173" Value="12"/>
<Cov CovItemId="S174" Value="12"/>
<Cov CovItemId="S175" Value="12"/>
<Cov CovItemId="S176" Value="5534"/>
<Cov CovItemId="S177" Value="5534"/>
<Cov CovItemId="S178" Value="2329"/>
<Cov CovItemId="S179" Value="3205"/>
<Cov CovItemId="S180" Value="2469"/>
<Cov CovItemId="S181" Value="602"/>
<Cov CovItemId="S182" Value="1867"/>
<Cov CovItemId="S183" Value="620"/>
<Cov CovItemId="S184" Value="1247"/>
<Cov CovItemId="S185" Value="15026"/>
<Cov CovItemId="S61" Value="768"/>
<Cov CovItemId="S62" Value="6144"/>
<Cov CovItemId="S63" Value="49152"/>
<Cov CovItemId="S64" Value="95"/>
<Cov CovItemId="S65" Value="95"/>
<Cov CovItemId="S66" Value="95"/>
<Cov CovItemId="S67" Value="95"/>
<Cov CovItemId="S68" Value="159"/>
<Cov CovItemId="S69" Value="96"/>
<Cov CovItemId="S76" Value="159"/>
<Cov CovItemId="S77" Value="159"/>
<Cov CovItemId="S78" Value="96"/>
<Cov CovItemId="S80" Value="96"/>
<Cov CovItemId="S82" Value="96"/>
<Cov CovItemId="S84" Value="96"/>
<Cov CovItemId="S86" Value="96"/>
<Cov CovItemId="S88" Value="96"/>
<Cov CovItemId="S90" Value="96"/>
<Cov CovItemId="S91" Value="96"/>
<Cov CovItemId="S93" Value="384"/>
<Cov CovItemId="S94" Value="313"/>
<Cov CovItemId="S95" Value="60"/>
<Cov CovItemId="S96" Value="60"/>
<Cov CovItemId="S97" Value="253"/>
<Cov CovItemId="S98" Value="67"/>
<Cov CovItemId="S99" Value="67"/>
</CovPrefix>
<CovPrefix CovItemPrefix="com.OriginalFiles.Field.java">
<Cov CovItemId="B1" Value="159"/>
<Cov CovItemId="B2" Value="124"/>
<Cov CovItemId="S1" Value="88"/>
<Cov CovItemId="S13" Value="1155"/>
<Cov CovItemId="S2" Value="88"/>
<Cov CovItemId="S5" Value="283"/>
<Cov CovItemId="S6" Value="283"/>
<Cov CovItemId="S7" Value="159"/>
<Cov CovItemId="S8" Value="21812"/>
<Cov CovItemId="S9" Value="28054"/>
</CovPrefix>
<CovPrefix CovItemPrefix="com.OriginalFiles.Piece.java">
<Cov CovItemId="B1" Value="199"/>
<Cov CovItemId="B12" Value="199"/>
<Cov CovItemId="B13" Value="16"/>
<Cov CovItemId="B14" Value="183"/>
<Cov CovItemId="B15" Value="16"/>
<Cov CovItemId="B17" Value="127"/>
<Cov CovItemId="B18" Value="72"/>
<Cov CovItemId="B2" Value="8"/>
<Cov CovItemId="B5" Value="79"/>
<Cov CovItemId="B6" Value="120"/>
<Cov CovItemId="B7" Value="199"/>
<Cov CovItemId="B8" Value="8"/>
<Cov CovItemId="B9" Value="199"/>
<Cov CovItemId="S1" Value="92"/>
<Cov CovItemId="S10" Value="92"/>
<Cov CovItemId="S11" Value="92"/>
<Cov CovItemId="S12" Value="92"/>
<Cov CovItemId="S13" Value="92"/>
<Cov CovItemId="S14" Value="92"/>
<Cov CovItemId="S16" Value="1008"/>
<Cov CovItemId="S17" Value="207"/>
<Cov CovItemId="S18" Value="207"/>
<Cov CovItemId="S19" Value="207"/>
<Cov CovItemId="S2" Value="92"/>
<Cov CovItemId="S20" Value="207"/>
<Cov CovItemId="S21" Value="199"/>
<Cov CovItemId="S22" Value="8"/>
<Cov CovItemId="S23" Value="8"/>
<Cov CovItemId="S27" Value="199"/>
<Cov CovItemId="S28" Value="79"/>
<Cov CovItemId="S29" Value="120"/>
<Cov CovItemId="S3" Value="92"/>
<Cov CovItemId="S30" Value="207"/>
<Cov CovItemId="S31" Value="207"/>
<Cov CovItemId="S32" Value="199"/>
<Cov CovItemId="S33" Value="199"/>
<Cov CovItemId="S34" Value="199"/>
<Cov CovItemId="S35" Value="199"/>
<Cov CovItemId="S36" Value="199"/>
<Cov CovItemId="S38" Value="199"/>
<Cov CovItemId="S39" Value="16"/>
<Cov CovItemId="S4" Value="92"/>
<Cov CovItemId="S40" Value="16"/>
<Cov CovItemId="S41" Value="16"/>
<Cov CovItemId="S42" Value="199"/>
<Cov CovItemId="S43" Value="127"/>
<Cov CovItemId="S44" Value="199"/>
<Cov CovItemId="S5" Value="92"/>
<Cov CovItemId="S6" Value="92"/>
<Cov CovItemId="S7" Value="92"/>
<Cov CovItemId="S8" Value="92"/>
<Cov CovItemId="S9" Value="92"/>
</CovPrefix>
<CovPrefix CovItemPrefix="com.OriginalFiles.RemoteNXTFunctions.java">
<Cov CovItemId="B100" Value="64"/>
<Cov CovItemId="B101" Value="9"/>
<Cov CovItemId="B102" Value="55"/>
<Cov CovItemId="B103" Value="95"/>
<Cov CovItemId="B104" Value="423"/>
<Cov CovItemId="B105" Value="15"/>
<Cov CovItemId="B106" Value="80"/>
<Cov CovItemId="B107" Value="15"/>
<Cov CovItemId="B108" Value="65"/>
<Cov CovItemId="B109" Value="15"/>
<Cov CovItemId="B110" Value="50"/>
<Cov CovItemId="B111" Value="9"/>
<Cov CovItemId="B112" Value="41"/>
<Cov CovItemId="B113" Value="109"/>
<Cov CovItemId="B114" Value="314"/>
<Cov CovItemId="B115" Value="15"/>
<Cov CovItemId="B116" Value="94"/>
<Cov CovItemId="B117" Value="15"/>
<Cov CovItemId="B118" Value="79"/>
<Cov CovItemId="B119" Value="15"/>
<Cov CovItemId="B120" Value="64"/>
<Cov CovItemId="B121" Value="9"/>
<Cov CovItemId="B122" Value="55"/>
<Cov CovItemId="B123" Value="95"/>
<Cov CovItemId="B124" Value="219"/>
<Cov CovItemId="B125" Value="15"/>
<Cov CovItemId="B126" Value="80"/>
<Cov CovItemId="B127" Value="15"/>
<Cov CovItemId="B128" Value="65"/>
<Cov CovItemId="B129" Value="15"/>
<Cov CovItemId="B130" Value="50"/>
<Cov CovItemId="B131" Value="9"/>
<Cov CovItemId="B132" Value="41"/>
<Cov CovItemId="B134" Value="219"/>
<Cov CovItemId="B142" Value="219"/>
<Cov CovItemId="B15" Value="64"/>
<Cov CovItemId="B16" Value="585"/>
<Cov CovItemId="B17" Value="32"/>
<Cov CovItemId="B18" Value="32"/>
<Cov CovItemId="B19" Value="32"/>
<Cov CovItemId="B23" Value="155"/>
<Cov CovItemId="B24" Value="494"/>
<Cov CovItemId="B25" Value="31"/>
<Cov CovItemId="B26" Value="124"/>
<Cov CovItemId="B27" Value="31"/>
<Cov CovItemId="B28" Value="93"/>
<Cov CovItemId="B30" Value="93"/>
<Cov CovItemId="B32" Value="649"/>
<Cov CovItemId="B40" Value="649"/>
<Cov CovItemId="B5" Value="32"/>
<Cov CovItemId="B50" Value="649"/>
<Cov CovItemId="B56" Value="649"/>
<Cov CovItemId="B6" Value="649"/>
<Cov CovItemId="B61" Value="5"/>
<Cov CovItemId="B62" Value="644"/>
<Cov CovItemId="B63" Value="1"/>
<Cov CovItemId="B64" Value="4"/>
<Cov CovItemId="B65" Value="1"/>
<Cov CovItemId="B66" Value="3"/>
<Cov CovItemId="B67" Value="2"/>
<Cov CovItemId="B68" Value="1"/>
<Cov CovItemId="B69" Value="4"/>
<Cov CovItemId="B7" Value="32"/>
<Cov CovItemId="B70" Value="640"/>
<Cov CovItemId="B71" Value="1"/>
<Cov CovItemId="B72" Value="3"/>
<Cov CovItemId="B73" Value="1"/>
<Cov CovItemId="B74" Value="2"/>
<Cov CovItemId="B75" Value="2"/>
<Cov CovItemId="B77" Value="7"/>
<Cov CovItemId="B78" Value="633"/>
<Cov CovItemId="B79" Value="1"/>
<Cov CovItemId="B80" Value="6"/>
<Cov CovItemId="B81" Value="1"/>
<Cov CovItemId="B82" Value="5"/>
<Cov CovItemId="B83" Value="2"/>
<Cov CovItemId="B84" Value="3"/>
<Cov CovItemId="B85" Value="6"/>
<Cov CovItemId="B86" Value="627"/>
<Cov CovItemId="B87" Value="1"/>
<Cov CovItemId="B88" Value="5"/>
<Cov CovItemId="B89" Value="1"/>
<Cov CovItemId="B90" Value="4"/>
<Cov CovItemId="B91" Value="2"/>
<Cov CovItemId="B92" Value="2"/>
<Cov CovItemId="B93" Value="109"/>
<Cov CovItemId="B94" Value="518"/>
<Cov CovItemId="B95" Value="15"/>
<Cov CovItemId="B96" Value="94"/>
<Cov CovItemId="B97" Value="15"/>
<Cov CovItemId="B98" Value="79"/>
<Cov CovItemId="B99" Value="15"/>
<Cov CovItemId="S100" Value="633"/>
<Cov CovItemId="S101" Value="6"/>
<Cov CovItemId="S102" Value="1"/>
<Cov CovItemId="S103" Value="5"/>
<Cov CovItemId="S104" Value="1"/>
<Cov CovItemId="S105" Value="4"/>
<Cov CovItemId="S106" Value="2"/>
<Cov CovItemId="S107" Value="2"/>
<Cov CovItemId="S108" Value="627"/>
<Cov CovItemId="S109" Value="109"/>
<Cov CovItemId="S110" Value="15"/>
<Cov CovItemId="S111" Value="94"/>
<Cov CovItemId="S112" Value="15"/>
<Cov CovItemId="S113" Value="79"/>
<Cov CovItemId="S114" Value="15"/>
<Cov CovItemId="S115" Value="64"/>
<Cov CovItemId="S116" Value="9"/>
<Cov CovItemId="S117" Value="55"/>
<Cov CovItemId="S118" Value="518"/>
<Cov CovItemId="S119" Value="95"/>
<Cov CovItemId="S120" Value="15"/>
<Cov CovItemId="S121" Value="80"/>
<Cov CovItemId="S122" Value="15"/>
<Cov CovItemId="S123" Value="65"/>
<Cov CovItemId="S124" Value="15"/>
<Cov CovItemId="S125" Value="50"/>
<Cov CovItemId="S126" Value="9"/>
<Cov CovItemId="S127" Value="41"/>
<Cov CovItemId="S128" Value="423"/>
<Cov CovItemId="S129" Value="109"/>
<Cov CovItemId="S130" Value="15"/>
<Cov CovItemId="S131" Value="94"/>
<Cov CovItemId="S132" Value="15"/>
<Cov CovItemId="S133" Value="79"/>
<Cov CovItemId="S134" Value="15"/>
<Cov CovItemId="S135" Value="64"/>
<Cov CovItemId="S136" Value="9"/>
<Cov CovItemId="S137" Value="55"/>
<Cov CovItemId="S138" Value="314"/>
<Cov CovItemId="S139" Value="95"/>
<Cov CovItemId="S140" Value="15"/>
<Cov CovItemId="S141" Value="80"/>
<Cov CovItemId="S142" Value="15"/>
<Cov CovItemId="S143" Value="65"/>
<Cov CovItemId="S144" Value="15"/>
<Cov CovItemId="S145" Value="50"/>
<Cov CovItemId="S146" Value="9"/>
<Cov CovItemId="S147" Value="41"/>
<Cov CovItemId="S148" Value="219"/>
<Cov CovItemId="S156" Value="219"/>
<Cov CovItemId="S162" Value="681"/>
<Cov CovItemId="S19" Value="681"/>
<Cov CovItemId="S20" Value="681"/>
<Cov CovItemId="S21" Value="32"/>
<Cov CovItemId="S22" Value="32"/>
<Cov CovItemId="S30" Value="649"/>
<Cov CovItemId="S31" Value="64"/>
<Cov CovItemId="S32" Value="32"/>
<Cov CovItemId="S33" Value="32"/>
<Cov CovItemId="S34" Value="32"/>
<Cov CovItemId="S38" Value="649"/>
<Cov CovItemId="S39" Value="155"/>
<Cov CovItemId="S4" Value="20"/>
<Cov CovItemId="S40" Value="31"/>
<Cov CovItemId="S41" Value="124"/>
<Cov CovItemId="S42" Value="31"/>
<Cov CovItemId="S43" Value="93"/>
<Cov CovItemId="S45" Value="93"/>
<Cov CovItemId="S46" Value="649"/>
<Cov CovItemId="S54" Value="649"/>
<Cov CovItemId="S64" Value="649"/>
<Cov CovItemId="S70" Value="649"/>
<Cov CovItemId="S76" Value="649"/>
<Cov CovItemId="S77" Value="5"/>
<Cov CovItemId="S78" Value="1"/>
<Cov CovItemId="S79" Value="4"/>
<Cov CovItemId="S80" Value="1"/>
<Cov CovItemId="S81" Value="3"/>
<Cov CovItemId="S82" Value="2"/>
<Cov CovItemId="S83" Value="1"/>
<Cov CovItemId="S84" Value="644"/>
<Cov CovItemId="S85" Value="4"/>
<Cov CovItemId="S86" Value="1"/>
<Cov CovItemId="S87" Value="3"/>
<Cov CovItemId="S88" Value="1"/>
<Cov CovItemId="S89" Value="2"/>
<Cov CovItemId="S90" Value="2"/>
<Cov CovItemId="S92" Value="640"/>
<Cov CovItemId="S93" Value="7"/>
<Cov CovItemId="S94" Value="1"/>
<Cov CovItemId="S95" Value="6"/>
<Cov CovItemId="S96" Value="1"/>
<Cov CovItemId="S97" Value="5"/>
<Cov CovItemId="S98" Value="2"/>
<Cov CovItemId="S99" Value="3"/>
</CovPrefix>
</CovList>
<AssgnmntList>
<AssgnmntPrefix RootTermCovItemPrefix="com.OriginalFiles.Analyze.java">
<AssgnmntListEntry Length="1" RootTermCovItemId="C1">
<MapEntry BoolAssgnmnt="0" Value="95"/>
</AssgnmntListEntry>
<AssgnmntListEntry Length="1" RootTermCovItemId="C10">
<MapEntry BoolAssgnmnt="0" Value="28"/>
<MapEntry BoolAssgnmnt="1" Value="67"/>
</AssgnmntListEntry>
<AssgnmntListEntry Length="1" RootTermCovItemId="C11">
<MapEntry BoolAssgnmnt="0" Value="16"/>
<MapEntry BoolAssgnmnt="1" Value="12"/>
</AssgnmntListEntry>
<AssgnmntListEntry Length="1" RootTermCovItemId="C12">
<MapEntry BoolAssgnmnt="0" Value="4"/>
<MapEntry BoolAssgnmnt="1" Value="12"/>
</AssgnmntListEntry>
<AssgnmntListEntry Length="1" RootTermCovItemId="C13">
<MapEntry BoolAssgnmnt="0" Value="123"/>
</AssgnmntListEntry>
<AssgnmntListEntry Length="1" RootTermCovItemId="C16">
<MapEntry BoolAssgnmnt="0" Value="56"/>
<MapEntry BoolAssgnmnt="1" Value="67"/>
</AssgnmntListEntry>
<AssgnmntListEntry Length="1" RootTermCovItemId="C17">
<MapEntry BoolAssgnmnt="1" Value="123"/>
</AssgnmntListEntry>
<AssgnmntListEntry Length="1" RootTermCovItemId="C18">
<MapEntry BoolAssgnmnt="0" Value="76"/>
<MapEntry BoolAssgnmnt="1" Value="47"/>
</AssgnmntListEntry>
<AssgnmntListEntry Length="1" RootTermCovItemId="C19">
<MapEntry BoolAssgnmnt="0" Value="14"/>
<MapEntry BoolAssgnmnt="1" Value="33"/>
</AssgnmntListEntry>
<AssgnmntListEntry Length="1" RootTermCovItemId="C2">
<MapEntry BoolAssgnmnt="0" Value="95"/>
</AssgnmntListEntry>
<AssgnmntListEntry Length="1" RootTermCovItemId="C20">
<MapEntry BoolAssgnmnt="0" Value="61"/>
<MapEntry BoolAssgnmnt="1" Value="15"/>
</AssgnmntListEntry>
<AssgnmntListEntry Length="1" RootTermCovItemId="C21">
<MapEntry BoolAssgnmnt="0" Value="14"/>
<MapEntry BoolAssgnmnt="1" Value="1"/>
</AssgnmntListEntry>
<AssgnmntListEntry Length="1" RootTermCovItemId="C22">
<MapEntry BoolAssgnmnt="1" Value="61"/>
</AssgnmntListEntry>
<AssgnmntListEntry Length="1" RootTermCovItemId="C23">
<MapEntry BoolAssgnmnt="0" Value="46"/>
<MapEntry BoolAssgnmnt="1" Value="15"/>
</AssgnmntListEntry>
<AssgnmntListEntry Length="1" RootTermCovItemId="C24">
<MapEntry BoolAssgnmnt="0" Value="14"/>
<MapEntry BoolAssgnmnt="1" Value="1"/>
</AssgnmntListEntry>
<AssgnmntListEntry Length="1" RootTermCovItemId="C25">
<MapEntry BoolAssgnmnt="1" Value="46"/>
</AssgnmntListEntry>
<AssgnmntListEntry Length="1" RootTermCovItemId="C26">
<MapEntry BoolAssgnmnt="0" Value="14"/>
<MapEntry BoolAssgnmnt="1" Value="32"/>
</AssgnmntListEntry>
<AssgnmntListEntry Length="1" RootTermCovItemId="C27">
<MapEntry BoolAssgnmnt="1" Value="123"/>
</AssgnmntListEntry>
<AssgnmntListEntry Length="1" RootTermCovItemId="C28">
<MapEntry BoolAssgnmnt="1" Value="123"/>
</AssgnmntListEntry>
<AssgnmntListEntry Length="1" RootTermCovItemId="C29">
<MapEntry BoolAssgnmnt="1" Value="123"/>
</AssgnmntListEntry>
<AssgnmntListEntry Length="1" RootTermCovItemId="C3">
<MapEntry BoolAssgnmnt="0" Value="87"/>
<MapEntry BoolAssgnmnt="1" Value="8"/>
</AssgnmntListEntry>
<AssgnmntListEntry Length="1" RootTermCovItemId="C30">
<MapEntry BoolAssgnmnt="1" Value="123"/>
</AssgnmntListEntry>
<AssgnmntListEntry Length="1" RootTermCovItemId="C31">
<MapEntry BoolAssgnmnt="0" Value="67"/>
<MapEntry BoolAssgnmnt="1" Value="408"/>
</AssgnmntListEntry>
<AssgnmntListEntry Length="2" RootTermCovItemId="C32">
<MapEntry BoolAssgnmnt="10" Value="123"/>
<MapEntry BoolAssgnmnt="02" Value="190"/>
<MapEntry BoolAssgnmnt="11" Value="95"/>
</AssgnmntListEntry>
<AssgnmntListEntry Length="1" RootTermCovItemId="C33">
<MapEntry BoolAssgnmnt="0" Value="56"/>
<MapEntry BoolAssgnmnt="1" Value="352"/>
</AssgnmntListEntry>
<AssgnmntListEntry Length="1" RootTermCovItemId="C4">
<MapEntry BoolAssgnmnt="0" Value="254"/>
<MapEntry BoolAssgnmnt="1" Value="5826"/>
</AssgnmntListEntry>
<AssgnmntListEntry Length="1" RootTermCovItemId="C49">
<MapEntry BoolAssgnmnt="0" Value="67"/>
</AssgnmntListEntry>
<AssgnmntListEntry Length="2" RootTermCovItemId="C5">
<MapEntry BoolAssgnmnt="10" Value="95"/>
<MapEntry BoolAssgnmnt="11" Value="159"/>
</AssgnmntListEntry>
<AssgnmntListEntry Length="1" RootTermCovItemId="C56">
<MapEntry BoolAssgnmnt="0" Value="95"/>
</AssgnmntListEntry>
<AssgnmntListEntry Length="1" RootTermCovItemId="C6">
<MapEntry BoolAssgnmnt="1" Value="95"/>
</AssgnmntListEntry>
<AssgnmntListEntry Length="6" RootTermCovItemId="C66">
<MapEntry BoolAssgnmnt="022222" Value="649"/>
<MapEntry BoolAssgnmnt="111111" Value="32"/>
</AssgnmntListEntry>
<AssgnmntListEntry Length="6" RootTermCovItemId="C67">
<MapEntry BoolAssgnmnt="022222" Value="649"/>
</AssgnmntListEntry>
<AssgnmntListEntry Length="6" RootTermCovItemId="C68">
<MapEntry BoolAssgnmnt="102222" Value="482"/>
<MapEntry BoolAssgnmnt="111111" Value="167"/>
</AssgnmntListEntry>
<AssgnmntListEntry Length="6" RootTermCovItemId="C69">
<MapEntry BoolAssgnmnt="102222" Value="478"/>
<MapEntry BoolAssgnmnt="111111" Value="4"/>
</AssgnmntListEntry>
<AssgnmntListEntry Length="1" RootTermCovItemId="C7">
<MapEntry BoolAssgnmnt="0" Value="32"/>
<MapEntry BoolAssgnmnt="1" Value="123"/>
</AssgnmntListEntry>
<AssgnmntListEntry Length="1" RootTermCovItemId="C70">
<MapEntry BoolAssgnmnt="0" Value="480"/>
<MapEntry BoolAssgnmnt="1" Value="11680"/>
</AssgnmntListEntry>
<AssgnmntListEntry Length="1" RootTermCovItemId="C71">
<MapEntry BoolAssgnmnt="0" Value="190"/>
<MapEntry BoolAssgnmnt="1" Value="290"/>
</AssgnmntListEntry>
<AssgnmntListEntry Length="1" RootTermCovItemId="C72">
<MapEntry BoolAssgnmnt="1" Value="290"/>
</AssgnmntListEntry>
<AssgnmntListEntry Length="1" RootTermCovItemId="C73">
<MapEntry BoolAssgnmnt="0" Value="290"/>
<MapEntry BoolAssgnmnt="1" Value="190"/>
</AssgnmntListEntry>
<AssgnmntListEntry Length="1" RootTermCovItemId="C74">
<MapEntry BoolAssgnmnt="1" Value="190"/>
</AssgnmntListEntry>
<AssgnmntListEntry Length="3" RootTermCovItemId="C75">
<MapEntry BoolAssgnmnt="012" Value="95"/>
<MapEntry BoolAssgnmnt="001" Value="95"/>
</AssgnmntListEntry>
<AssgnmntListEntry Length="3" RootTermCovItemId="C76">
<MapEntry BoolAssgnmnt="011" Value="95"/>
<MapEntry BoolAssgnmnt="002" Value="95"/>
</AssgnmntListEntry>
<AssgnmntListEntry Length="2" RootTermCovItemId="C77">
<MapEntry BoolAssgnmnt="10" Value="64"/>
<MapEntry BoolAssgnmnt="11" Value="126"/>
</AssgnmntListEntry>
<AssgnmntListEntry Length="2" RootTermCovItemId="C78">
<MapEntry BoolAssgnmnt="11" Value="126"/>
</AssgnmntListEntry>
<AssgnmntListEntry Length="2" RootTermCovItemId="C79">
<MapEntry BoolAssgnmnt="00" Value="126"/>
</AssgnmntListEntry>
<AssgnmntListEntry Length="2" RootTermCovItemId="C8">
<MapEntry BoolAssgnmnt="02" Value="123"/>
</AssgnmntListEntry>
<AssgnmntListEntry Length="1" RootTermCovItemId="C9">
<MapEntry BoolAssgnmnt="0" Value="56"/>
<MapEntry BoolAssgnmnt="1" Value="67"/>
</AssgnmntListEntry>
<AssgnmntListEntry Length="8" RootTermCovItemId="C90">
<MapEntry BoolAssgnmnt="02020202" Value="252"/>
</AssgnmntListEntry>
</AssgnmntPrefix>
<AssgnmntPrefix RootTermCovItemPrefix="com.OriginalFiles.Board.java">
<AssgnmntListEntry Length="1" RootTermCovItemId="C14">
<MapEntry BoolAssgnmnt="0" Value="95"/>
<MapEntry BoolAssgnmnt="1" Value="159"/>
</AssgnmntListEntry>
<AssgnmntListEntry Length="1" RootTermCovItemId="C15">
<MapEntry BoolAssgnmnt="0" Value="159"/>
<MapEntry BoolAssgnmnt="1" Value="96"/>
</AssgnmntListEntry>
<AssgnmntListEntry Length="1" RootTermCovItemId="C16">
<MapEntry BoolAssgnmnt="1" Value="96"/>
</AssgnmntListEntry>
<AssgnmntListEntry Length="4" RootTermCovItemId="C17">
<MapEntry BoolAssgnmnt="0222" Value="96"/>
</AssgnmntListEntry>
<AssgnmntListEntry Length="2" RootTermCovItemId="C18">
<MapEntry BoolAssgnmnt="02" Value="96"/>
</AssgnmntListEntry>
<AssgnmntListEntry Length="2" RootTermCovItemId="C19">
<MapEntry BoolAssgnmnt="02" Value="96"/>
</AssgnmntListEntry>
<AssgnmntListEntry Length="3" RootTermCovItemId="C20">
<MapEntry BoolAssgnmnt="022" Value="96"/>
</AssgnmntListEntry>
<AssgnmntListEntry Length="3" RootTermCovItemId="C21">
<MapEntry BoolAssgnmnt="022" Value="96"/>
</AssgnmntListEntry>
<AssgnmntListEntry Length="1" RootTermCovItemId="C22">
<MapEntry BoolAssgnmnt="0" Value="96"/>
</AssgnmntListEntry>
<AssgnmntListEntry Length="1" RootTermCovItemId="C23">
<MapEntry BoolAssgnmnt="1" Value="96"/>
</AssgnmntListEntry>
<AssgnmntListEntry Length="1" RootTermCovItemId="C24">
<MapEntry BoolAssgnmnt="0" Value="253"/>
<MapEntry BoolAssgnmnt="1" Value="60"/>
</AssgnmntListEntry>
<AssgnmntListEntry Length="1" RootTermCovItemId="C25">
<MapEntry BoolAssgnmnt="1" Value="60"/>
</AssgnmntListEntry>
<AssgnmntListEntry Length="1" RootTermCovItemId="C26">
<MapEntry BoolAssgnmnt="0" Value="67"/>
</AssgnmntListEntry>
<AssgnmntListEntry Length="1" RootTermCovItemId="C27">
<MapEntry BoolAssgnmnt="1" Value="67"/>
</AssgnmntListEntry>
<AssgnmntListEntry Length="2" RootTermCovItemId="C28">
<MapEntry BoolAssgnmnt="02" Value="67"/>
</AssgnmntListEntry>
<AssgnmntListEntry Length="1" RootTermCovItemId="C29">
<MapEntry BoolAssgnmnt="1" Value="67"/>
</AssgnmntListEntry>
<AssgnmntListEntry Length="1" RootTermCovItemId="C30">
<MapEntry BoolAssgnmnt="1" Value="521"/>
</AssgnmntListEntry>
<AssgnmntListEntry Length="1" RootTermCovItemId="C31">
<MapEntry BoolAssgnmnt="0" Value="264"/>
<MapEntry BoolAssgnmnt="1" Value="3930"/>
</AssgnmntListEntry>
<AssgnmntListEntry Length="1" RootTermCovItemId="C32">
<MapEntry BoolAssgnmnt="0" Value="972"/>
</AssgnmntListEntry>
<AssgnmntListEntry Length="1" RootTermCovItemId="C33">
<MapEntry BoolAssgnmnt="0" Value="968"/>
<MapEntry BoolAssgnmnt="1" Value="4"/>
</AssgnmntListEntry>
<AssgnmntListEntry Length="1" RootTermCovItemId="C34">
<MapEntry BoolAssgnmnt="0" Value="968"/>
<MapEntry BoolAssgnmnt="1" Value="4"/>
</AssgnmntListEntry>
<AssgnmntListEntry Length="1" RootTermCovItemId="C35">
<MapEntry BoolAssgnmnt="1" Value="972"/>
</AssgnmntListEntry>
<AssgnmntListEntry Length="1" RootTermCovItemId="C36">
<MapEntry BoolAssgnmnt="0" Value="836"/>
<MapEntry BoolAssgnmnt="1" Value="136"/>
</AssgnmntListEntry>
<AssgnmntListEntry Length="1" RootTermCovItemId="C37">
<MapEntry BoolAssgnmnt="0" Value="836"/>
<MapEntry BoolAssgnmnt="1" Value="136"/>
</AssgnmntListEntry>
<AssgnmntListEntry Length="5" RootTermCovItemId="C38">
<MapEntry BoolAssgnmnt="02002" Value="1176"/>
<MapEntry BoolAssgnmnt="10122" Value="768"/>
<MapEntry BoolAssgnmnt="11221" Value="768"/>
<MapEntry BoolAssgnmnt="02011" Value="1176"/>
</AssgnmntListEntry>
<AssgnmntListEntry Length="1" RootTermCovItemId="C39">
<MapEntry BoolAssgnmnt="0" Value="920"/>
<MapEntry BoolAssgnmnt="1" Value="2968"/>
</AssgnmntListEntry>
<AssgnmntListEntry Length="1" RootTermCovItemId="C40">
<MapEntry BoolAssgnmnt="0" Value="2968"/>
</AssgnmntListEntry>
<AssgnmntListEntry Length="2" RootTermCovItemId="C41">
<MapEntry BoolAssgnmnt="02" Value="2968"/>
</AssgnmntListEntry>
<AssgnmntListEntry Length="1" RootTermCovItemId="C42">
<MapEntry BoolAssgnmnt="0" Value="12288"/>
<MapEntry BoolAssgnmnt="1" Value="12288"/>
</AssgnmntListEntry>
<AssgnmntListEntry Length="1" RootTermCovItemId="C43">
<MapEntry BoolAssgnmnt="0" Value="11316"/>
<MapEntry BoolAssgnmnt="1" Value="972"/>
</AssgnmntListEntry>
<AssgnmntListEntry Length="1" RootTermCovItemId="C44">
<MapEntry BoolAssgnmnt="0" Value="588"/>
<MapEntry BoolAssgnmnt="1" Value="384"/>
</AssgnmntListEntry>
<AssgnmntListEntry Length="1" RootTermCovItemId="C46">
<MapEntry BoolAssgnmnt="0" Value="4"/>
<MapEntry BoolAssgnmnt="1" Value="32"/>
</AssgnmntListEntry>
<AssgnmntListEntry Length="1" RootTermCovItemId="C47">
<MapEntry BoolAssgnmnt="0" Value="16"/>
<MapEntry BoolAssgnmnt="1" Value="16"/>
</AssgnmntListEntry>
<AssgnmntListEntry Length="1" RootTermCovItemId="C48">
<MapEntry BoolAssgnmnt="0" Value="16"/>
<MapEntry BoolAssgnmnt="1" Value="128"/>
</AssgnmntListEntry>
<AssgnmntListEntry Length="1" RootTermCovItemId="C49">
<MapEntry BoolAssgnmnt="0" Value="64"/>
<MapEntry BoolAssgnmnt="1" Value="64"/>
</AssgnmntListEntry>
<AssgnmntListEntry Length="1" RootTermCovItemId="C50">
<MapEntry BoolAssgnmnt="0" Value="16"/>
<MapEntry BoolAssgnmnt="1" Value="128"/>
</AssgnmntListEntry>
<AssgnmntListEntry Length="1" RootTermCovItemId="C51">
<MapEntry BoolAssgnmnt="0" Value="64"/>
<MapEntry BoolAssgnmnt="1" Value="64"/>
</AssgnmntListEntry>
<AssgnmntListEntry Length="1" RootTermCovItemId="C52">
<MapEntry BoolAssgnmnt="0" Value="12"/>
<MapEntry BoolAssgnmnt="1" Value="116"/>
</AssgnmntListEntry>
<AssgnmntListEntry Length="1" RootTermCovItemId="C53">
<MapEntry BoolAssgnmnt="1" Value="5534"/>
</AssgnmntListEntry>
<AssgnmntListEntry Length="1" RootTermCovItemId="C54">
<MapEntry BoolAssgnmnt="0" Value="2329"/>
<MapEntry BoolAssgnmnt="1" Value="3205"/>
</AssgnmntListEntry>
<AssgnmntListEntry Length="3" RootTermCovItemId="C55">
<MapEntry BoolAssgnmnt="011" Value="301"/>
<MapEntry BoolAssgnmnt="010" Value="590"/>
<MapEntry BoolAssgnmnt="002" Value="1554"/>
<MapEntry BoolAssgnmnt="120" Value="12"/>
<MapEntry BoolAssgnmnt="121" Value="12"/>
</AssgnmntListEntry>
<AssgnmntListEntry Length="3" RootTermCovItemId="C56">
<MapEntry BoolAssgnmnt="011" Value="608"/>
<MapEntry BoolAssgnmnt="010" Value="926"/>
<MapEntry BoolAssgnmnt="002" Value="313"/>
<MapEntry BoolAssgnmnt="120" Value="8"/>
<MapEntry BoolAssgnmnt="121" Value="12"/>
</AssgnmntListEntry>
</AssgnmntPrefix>
<AssgnmntPrefix RootTermCovItemPrefix="com.OriginalFiles.Field.java">
<AssgnmntListEntry Length="1" RootTermCovItemId="C1">
<MapEntry BoolAssgnmnt="0" Value="159"/>
<MapEntry BoolAssgnmnt="1" Value="124"/>
</AssgnmntListEntry>
</AssgnmntPrefix>
<AssgnmntPrefix RootTermCovItemPrefix="com.OriginalFiles.Piece.java">
<AssgnmntListEntry Length="1" RootTermCovItemId="C1">
<MapEntry BoolAssgnmnt="0" Value="8"/>
<MapEntry BoolAssgnmnt="1" Value="199"/>
</AssgnmntListEntry>
<AssgnmntListEntry Length="1" RootTermCovItemId="C3">
<MapEntry BoolAssgnmnt="0" Value="120"/>
<MapEntry BoolAssgnmnt="1" Value="79"/>
</AssgnmntListEntry>
<AssgnmntListEntry Length="1" RootTermCovItemId="C4">
<MapEntry BoolAssgnmnt="0" Value="8"/>
<MapEntry BoolAssgnmnt="1" Value="199"/>
</AssgnmntListEntry>
<AssgnmntListEntry Length="1" RootTermCovItemId="C5">
<MapEntry BoolAssgnmnt="1" Value="199"/>
</AssgnmntListEntry>
<AssgnmntListEntry Length="1" RootTermCovItemId="C6">
<MapEntry BoolAssgnmnt="0" Value="199"/>
</AssgnmntListEntry>
<AssgnmntListEntry Length="5" RootTermCovItemId="C7">
<MapEntry BoolAssgnmnt="00210" Value="16"/>
<MapEntry BoolAssgnmnt="00211" Value="12"/>
<MapEntry BoolAssgnmnt="01002" Value="40"/>
<MapEntry BoolAssgnmnt="12222" Value="127"/>
<MapEntry BoolAssgnmnt="01122" Value="4"/>
</AssgnmntListEntry>
<AssgnmntListEntry Length="1" RootTermCovItemId="C8">
<MapEntry BoolAssgnmnt="1" Value="16"/>
</AssgnmntListEntry>
<AssgnmntListEntry Length="1" RootTermCovItemId="C9">
<MapEntry BoolAssgnmnt="0" Value="72"/>
<MapEntry BoolAssgnmnt="1" Value="127"/>
</AssgnmntListEntry>
</AssgnmntPrefix>
<AssgnmntPrefix RootTermCovItemPrefix="com.OriginalFiles.RemoteNXTFunctions.java">
<AssgnmntListEntry Length="1" RootTermCovItemId="C10">
<MapEntry BoolAssgnmnt="0" Value="585"/>
<MapEntry BoolAssgnmnt="1" Value="64"/>
</AssgnmntListEntry>
<AssgnmntListEntry Length="2" RootTermCovItemId="C11">
<MapEntry BoolAssgnmnt="02" Value="32"/>
<MapEntry BoolAssgnmnt="11" Value="32"/>
</AssgnmntListEntry>
<AssgnmntListEntry Length="2" RootTermCovItemId="C12">
<MapEntry BoolAssgnmnt="11" Value="32"/>
</AssgnmntListEntry>
<AssgnmntListEntry Length="1" RootTermCovItemId="C14">
<MapEntry BoolAssgnmnt="0" Value="494"/>
<MapEntry BoolAssgnmnt="1" Value="155"/>
</AssgnmntListEntry>
<AssgnmntListEntry Length="2" RootTermCovItemId="C15">
<MapEntry BoolAssgnmnt="10" Value="31"/>
<MapEntry BoolAssgnmnt="02" Value="93"/>
<MapEntry BoolAssgnmnt="11" Value="31"/>
</AssgnmntListEntry>
<AssgnmntListEntry Length="2" RootTermCovItemId="C16">
<MapEntry BoolAssgnmnt="02" Value="93"/>
<MapEntry BoolAssgnmnt="11" Value="31"/>
</AssgnmntListEntry>
<AssgnmntListEntry Length="1" RootTermCovItemId="C17">
<MapEntry BoolAssgnmnt="0" Value="93"/>
</AssgnmntListEntry>
<AssgnmntListEntry Length="1" RootTermCovItemId="C18">
<MapEntry BoolAssgnmnt="0" Value="649"/>
</AssgnmntListEntry>
<AssgnmntListEntry Length="1" RootTermCovItemId="C22">
<MapEntry BoolAssgnmnt="0" Value="649"/>
</AssgnmntListEntry>
<AssgnmntListEntry Length="1" RootTermCovItemId="C27">
<MapEntry BoolAssgnmnt="0" Value="649"/>
</AssgnmntListEntry>
<AssgnmntListEntry Length="1" RootTermCovItemId="C30">
<MapEntry BoolAssgnmnt="0" Value="649"/>
</AssgnmntListEntry>
<AssgnmntListEntry Length="1" RootTermCovItemId="C33">
<MapEntry BoolAssgnmnt="0" Value="644"/>
<MapEntry BoolAssgnmnt="1" Value="5"/>
</AssgnmntListEntry>
<AssgnmntListEntry Length="2" RootTermCovItemId="C34">
<MapEntry BoolAssgnmnt="10" Value="2"/>
<MapEntry BoolAssgnmnt="02" Value="2"/>
<MapEntry BoolAssgnmnt="11" Value="1"/>
</AssgnmntListEntry>
<AssgnmntListEntry Length="2" RootTermCovItemId="C35">
<MapEntry BoolAssgnmnt="02" Value="3"/>
<MapEntry BoolAssgnmnt="11" Value="1"/>
</AssgnmntListEntry>
<AssgnmntListEntry Length="1" RootTermCovItemId="C36">
<MapEntry BoolAssgnmnt="0" Value="1"/>
<MapEntry BoolAssgnmnt="1" Value="2"/>
</AssgnmntListEntry>
<AssgnmntListEntry Length="1" RootTermCovItemId="C37">
<MapEntry BoolAssgnmnt="0" Value="640"/>
<MapEntry BoolAssgnmnt="1" Value="4"/>
</AssgnmntListEntry>
<AssgnmntListEntry Length="2" RootTermCovItemId="C38">
<MapEntry BoolAssgnmnt="10" Value="2"/>
<MapEntry BoolAssgnmnt="02" Value="1"/>
<MapEntry BoolAssgnmnt="11" Value="1"/>
</AssgnmntListEntry>
<AssgnmntListEntry Length="2" RootTermCovItemId="C39">
<MapEntry BoolAssgnmnt="02" Value="2"/>
<MapEntry BoolAssgnmnt="11" Value="1"/>
</AssgnmntListEntry>
<AssgnmntListEntry Length="1" RootTermCovItemId="C40">
<MapEntry BoolAssgnmnt="1" Value="2"/>
</AssgnmntListEntry>
<AssgnmntListEntry Length="1" RootTermCovItemId="C41">
<MapEntry BoolAssgnmnt="0" Value="633"/>
<MapEntry BoolAssgnmnt="1" Value="7"/>
</AssgnmntListEntry>
<AssgnmntListEntry Length="2" RootTermCovItemId="C42">
<MapEntry BoolAssgnmnt="10" Value="2"/>
<MapEntry BoolAssgnmnt="02" Value="4"/>
<MapEntry BoolAssgnmnt="11" Value="1"/>
</AssgnmntListEntry>
<AssgnmntListEntry Length="2" RootTermCovItemId="C43">
<MapEntry BoolAssgnmnt="10" Value="1"/>
<MapEntry BoolAssgnmnt="02" Value="4"/>
<MapEntry BoolAssgnmnt="11" Value="1"/>
</AssgnmntListEntry>
<AssgnmntListEntry Length="1" RootTermCovItemId="C44">
<MapEntry BoolAssgnmnt="0" Value="3"/>
<MapEntry BoolAssgnmnt="1" Value="2"/>
</AssgnmntListEntry>
<AssgnmntListEntry Length="1" RootTermCovItemId="C45">
<MapEntry BoolAssgnmnt="0" Value="627"/>
<MapEntry BoolAssgnmnt="1" Value="6"/>
</AssgnmntListEntry>
<AssgnmntListEntry Length="2" RootTermCovItemId="C46">
<MapEntry BoolAssgnmnt="10" Value="2"/>
<MapEntry BoolAssgnmnt="02" Value="3"/>
<MapEntry BoolAssgnmnt="11" Value="1"/>
</AssgnmntListEntry>
<AssgnmntListEntry Length="2" RootTermCovItemId="C47">
<MapEntry BoolAssgnmnt="10" Value="1"/>
<MapEntry BoolAssgnmnt="02" Value="3"/>
<MapEntry BoolAssgnmnt="11" Value="1"/>
</AssgnmntListEntry>
<AssgnmntListEntry Length="1" RootTermCovItemId="C48">
<MapEntry BoolAssgnmnt="0" Value="2"/>
<MapEntry BoolAssgnmnt="1" Value="2"/>
</AssgnmntListEntry>
<AssgnmntListEntry Length="1" RootTermCovItemId="C49">
<MapEntry BoolAssgnmnt="0" Value="518"/>
<MapEntry BoolAssgnmnt="1" Value="109"/>
</AssgnmntListEntry>
<AssgnmntListEntry Length="1" RootTermCovItemId="C5">
<MapEntry BoolAssgnmnt="0" Value="649"/>
<MapEntry BoolAssgnmnt="1" Value="32"/>
</AssgnmntListEntry>
<AssgnmntListEntry Length="2" RootTermCovItemId="C50">
<MapEntry BoolAssgnmnt="10" Value="24"/>
<MapEntry BoolAssgnmnt="02" Value="70"/>
<MapEntry BoolAssgnmnt="11" Value="15"/>
</AssgnmntListEntry>
<AssgnmntListEntry Length="2" RootTermCovItemId="C51">
<MapEntry BoolAssgnmnt="10" Value="10"/>
<MapEntry BoolAssgnmnt="02" Value="69"/>
<MapEntry BoolAssgnmnt="11" Value="15"/>
</AssgnmntListEntry>
<AssgnmntListEntry Length="2" RootTermCovItemId="C52">
<MapEntry BoolAssgnmnt="10" Value="9"/>
<MapEntry BoolAssgnmnt="02" Value="55"/>
<MapEntry BoolAssgnmnt="11" Value="15"/>
</AssgnmntListEntry>
<AssgnmntListEntry Length="1" RootTermCovItemId="C53">
<MapEntry BoolAssgnmnt="0" Value="55"/>
<MapEntry BoolAssgnmnt="1" Value="9"/>
</AssgnmntListEntry>
<AssgnmntListEntry Length="1" RootTermCovItemId="C54">
<MapEntry BoolAssgnmnt="0" Value="423"/>
<MapEntry BoolAssgnmnt="1" Value="95"/>
</AssgnmntListEntry>
<AssgnmntListEntry Length="2" RootTermCovItemId="C55">
<MapEntry BoolAssgnmnt="10" Value="24"/>
<MapEntry BoolAssgnmnt="02" Value="56"/>
<MapEntry BoolAssgnmnt="11" Value="15"/>
</AssgnmntListEntry>
<AssgnmntListEntry Length="2" RootTermCovItemId="C56">
<MapEntry BoolAssgnmnt="10" Value="10"/>
<MapEntry BoolAssgnmnt="02" Value="55"/>
<MapEntry BoolAssgnmnt="11" Value="15"/>
</AssgnmntListEntry>
<AssgnmntListEntry Length="2" RootTermCovItemId="C57">
<MapEntry BoolAssgnmnt="10" Value="9"/>
<MapEntry BoolAssgnmnt="02" Value="41"/>
<MapEntry BoolAssgnmnt="11" Value="15"/>
</AssgnmntListEntry>
<AssgnmntListEntry Length="1" RootTermCovItemId="C58">
<MapEntry BoolAssgnmnt="0" Value="41"/>
<MapEntry BoolAssgnmnt="1" Value="9"/>
</AssgnmntListEntry>
<AssgnmntListEntry Length="1" RootTermCovItemId="C59">
<MapEntry BoolAssgnmnt="0" Value="314"/>
<MapEntry BoolAssgnmnt="1" Value="109"/>
</AssgnmntListEntry>
<AssgnmntListEntry Length="2" RootTermCovItemId="C6">
<MapEntry BoolAssgnmnt="11" Value="32"/>
</AssgnmntListEntry>
<AssgnmntListEntry Length="2" RootTermCovItemId="C60">
<MapEntry BoolAssgnmnt="10" Value="24"/>
<MapEntry BoolAssgnmnt="02" Value="70"/>
<MapEntry BoolAssgnmnt="11" Value="15"/>
</AssgnmntListEntry>
<AssgnmntListEntry Length="2" RootTermCovItemId="C61">
<MapEntry BoolAssgnmnt="10" Value="10"/>
<MapEntry BoolAssgnmnt="02" Value="69"/>
<MapEntry BoolAssgnmnt="11" Value="15"/>
</AssgnmntListEntry>
<AssgnmntListEntry Length="2" RootTermCovItemId="C62">
<MapEntry BoolAssgnmnt="10" Value="9"/>
<MapEntry BoolAssgnmnt="02" Value="55"/>
<MapEntry BoolAssgnmnt="11" Value="15"/>
</AssgnmntListEntry>
<AssgnmntListEntry Length="1" RootTermCovItemId="C63">
<MapEntry BoolAssgnmnt="0" Value="55"/>
<MapEntry BoolAssgnmnt="1" Value="9"/>
</AssgnmntListEntry>
<AssgnmntListEntry Length="1" RootTermCovItemId="C64">
<MapEntry BoolAssgnmnt="0" Value="219"/>
<MapEntry BoolAssgnmnt="1" Value="95"/>
</AssgnmntListEntry>
<AssgnmntListEntry Length="2" RootTermCovItemId="C65">
<MapEntry BoolAssgnmnt="10" Value="24"/>
<MapEntry BoolAssgnmnt="02" Value="56"/>
<MapEntry BoolAssgnmnt="11" Value="15"/>
</AssgnmntListEntry>
<AssgnmntListEntry Length="2" RootTermCovItemId="C66">
<MapEntry BoolAssgnmnt="10" Value="10"/>
<MapEntry BoolAssgnmnt="02" Value="55"/>
<MapEntry BoolAssgnmnt="11" Value="15"/>
</AssgnmntListEntry>
<AssgnmntListEntry Length="2" RootTermCovItemId="C67">
<MapEntry BoolAssgnmnt="10" Value="9"/>
<MapEntry BoolAssgnmnt="02" Value="41"/>
<MapEntry BoolAssgnmnt="11" Value="15"/>
</AssgnmntListEntry>
<AssgnmntListEntry Length="1" RootTermCovItemId="C68">
<MapEntry BoolAssgnmnt="0" Value="41"/>
<MapEntry BoolAssgnmnt="1" Value="9"/>
</AssgnmntListEntry>
<AssgnmntListEntry Length="1" RootTermCovItemId="C69">
<MapEntry BoolAssgnmnt="0" Value="219"/>
</AssgnmntListEntry>
<AssgnmntListEntry Length="1" RootTermCovItemId="C73">
<MapEntry BoolAssgnmnt="0" Value="219"/>
</AssgnmntListEntry>
</AssgnmntPrefix>
</AssgnmntList>
<ObjMetaDataList/>
<MetaDataList/>
</TestCase>
<TestCase Comment="" Date="1386061681032" Name="com.Testing.AnalyzeTest:testCountDownToPanic">
<CovList>
<CovPrefix CovItemPrefix="com.OriginalFiles.Analyze.java">
<Cov CovItemId="B1" Value="18"/>
<Cov CovItemId="B10" Value="18"/>
<Cov CovItemId="B107" Value="33"/>
<Cov CovItemId="B108" Value="75"/>
<Cov CovItemId="B109" Value="8"/>
<Cov CovItemId="B11" Value="18"/>
<Cov CovItemId="B110" Value="67"/>
<Cov CovItemId="B111" Value="11"/>
<Cov CovItemId="B112" Value="56"/>
<Cov CovItemId="B114" Value="56"/>
<Cov CovItemId="B115" Value="36"/>
<Cov CovItemId="B120" Value="72"/>
<Cov CovItemId="B121" Value="2232"/>
<Cov CovItemId="B122" Value="36"/>
<Cov CovItemId="B123" Value="36"/>
<Cov CovItemId="B124" Value="36"/>
<Cov CovItemId="B126" Value="36"/>
<Cov CovItemId="B127" Value="36"/>
<Cov CovItemId="B128" Value="36"/>
<Cov CovItemId="B13" Value="11"/>
<Cov CovItemId="B131" Value="36"/>
<Cov CovItemId="B133" Value="36"/>
<Cov CovItemId="B134" Value="36"/>
<Cov CovItemId="B136" Value="22"/>
<Cov CovItemId="B137" Value="14"/>
<Cov CovItemId="B139" Value="22"/>
<Cov CovItemId="B14" Value="7"/>
<Cov CovItemId="B157" Value="44"/>
<Cov CovItemId="B16" Value="11"/>
<Cov CovItemId="B17" Value="11"/>
<Cov CovItemId="B19" Value="7"/>
<Cov CovItemId="B20" Value="11"/>
<Cov CovItemId="B21" Value="3"/>
<Cov CovItemId="B22" Value="4"/>
<Cov CovItemId="B23" Value="3"/>
<Cov CovItemId="B24" Value="1"/>
<Cov CovItemId="B26" Value="11"/>
<Cov CovItemId="B3" Value="18"/>
<Cov CovItemId="B31" Value="11"/>
<Cov CovItemId="B33" Value="11"/>
<Cov CovItemId="B35" Value="6"/>
<Cov CovItemId="B36" Value="5"/>
<Cov CovItemId="B37" Value="6"/>
<Cov CovItemId="B40" Value="5"/>
<Cov CovItemId="B43" Value="5"/>
<Cov CovItemId="B46" Value="5"/>
<Cov CovItemId="B49" Value="5"/>
<Cov CovItemId="B5" Value="1"/>
<Cov CovItemId="B51" Value="5"/>
<Cov CovItemId="B53" Value="11"/>
<Cov CovItemId="B55" Value="11"/>
<Cov CovItemId="B57" Value="11"/>
<Cov CovItemId="B59" Value="11"/>
<Cov CovItemId="B6" Value="17"/>
<Cov CovItemId="B61" Value="33"/>
<Cov CovItemId="B62" Value="11"/>
<Cov CovItemId="B64" Value="44"/>
<Cov CovItemId="B7" Value="36"/>
<Cov CovItemId="B8" Value="1116"/>
<Cov CovItemId="B84" Value="11"/>
<Cov CovItemId="B9" Value="18"/>
<Cov CovItemId="B96" Value="18"/>
<Cov CovItemId="L1-2" Value="18"/>
<Cov CovItemId="L16-2" Value="36"/>
<Cov CovItemId="L17-2" Value="288"/>
<Cov CovItemId="L2-2" Value="144"/>
<Cov CovItemId="L3-1" Value="18"/>
<Cov CovItemId="L4-2" Value="11"/>
<Cov CovItemId="S10" Value="18"/>
<Cov CovItemId="S11" Value="18"/>
<Cov CovItemId="S12" Value="18"/>
<Cov CovItemId="S13" Value="18"/>
<Cov CovItemId="S14" Value="18"/>
<Cov CovItemId="S15" Value="18"/>
<Cov CovItemId="S150" Value="11"/>
<Cov CovItemId="S16" Value="18"/>
<Cov CovItemId="S169" Value="18"/>
<Cov CovItemId="S18" Value="18"/>
<Cov CovItemId="S19" Value="18"/>
<Cov CovItemId="S20" Value="1"/>
<Cov CovItemId="S200" Value="108"/>
<Cov CovItemId="S201" Value="108"/>
<Cov CovItemId="S202" Value="108"/>
<Cov CovItemId="S203" Value="108"/>
<Cov CovItemId="S204" Value="108"/>
<Cov CovItemId="S205" Value="33"/>
<Cov CovItemId="S206" Value="75"/>
<Cov CovItemId="S207" Value="8"/>
<Cov CovItemId="S208" Value="67"/>
<Cov CovItemId="S209" Value="11"/>
<Cov CovItemId="S21" Value="1"/>
<Cov CovItemId="S210" Value="56"/>
<Cov CovItemId="S212" Value="56"/>
<Cov CovItemId="S213" Value="36"/>
<Cov CovItemId="S214" Value="36"/>
<Cov CovItemId="S22" Value="18"/>
<Cov CovItemId="S222" Value="36"/>
<Cov CovItemId="S223" Value="36"/>
<Cov CovItemId="S224" Value="36"/>
<Cov CovItemId="S225" Value="36"/>
<Cov CovItemId="S226" Value="36"/>
<Cov CovItemId="S227" Value="36"/>
<Cov CovItemId="S228" Value="288"/>
<Cov CovItemId="S229" Value="2304"/>
<Cov CovItemId="S23" Value="18"/>
<Cov CovItemId="S230" Value="72"/>
<Cov CovItemId="S231" Value="36"/>
<Cov CovItemId="S232" Value="36"/>
<Cov CovItemId="S233" Value="36"/>
<Cov CovItemId="S234" Value="72"/>
<Cov CovItemId="S235" Value="36"/>
<Cov CovItemId="S236" Value="36"/>
<Cov CovItemId="S237" Value="36"/>
<Cov CovItemId="S238" Value="36"/>
<Cov CovItemId="S24" Value="144"/>
<Cov CovItemId="S240" Value="36"/>
<Cov CovItemId="S242" Value="36"/>
<Cov CovItemId="S243" Value="36"/>
<Cov CovItemId="S244" Value="22"/>
<Cov CovItemId="S245" Value="22"/>
<Cov CovItemId="S246" Value="22"/>
<Cov CovItemId="S25" Value="1152"/>
<Cov CovItemId="S251" Value="36"/>
<Cov CovItemId="S26" Value="36"/>
<Cov CovItemId="S268" Value="44"/>
<Cov CovItemId="S27" Value="18"/>
<Cov CovItemId="S270" Value="44"/>
<Cov CovItemId="S28" Value="18"/>
<Cov CovItemId="S29" Value="18"/>
<Cov CovItemId="S30" Value="18"/>
<Cov CovItemId="S31" Value="18"/>
<Cov CovItemId="S32" Value="18"/>
<Cov CovItemId="S33" Value="18"/>
<Cov CovItemId="S34" Value="18"/>
<Cov CovItemId="S35" Value="18"/>
<Cov CovItemId="S36" Value="11"/>
<Cov CovItemId="S38" Value="11"/>
<Cov CovItemId="S39" Value="11"/>
<Cov CovItemId="S40" Value="7"/>
<Cov CovItemId="S41" Value="18"/>
<Cov CovItemId="S42" Value="7"/>
<Cov CovItemId="S43" Value="3"/>
<Cov CovItemId="S44" Value="3"/>
<Cov CovItemId="S45" Value="3"/>
<Cov CovItemId="S46" Value="4"/>
<Cov CovItemId="S47" Value="3"/>
<Cov CovItemId="S48" Value="3"/>
<Cov CovItemId="S49" Value="3"/>
<Cov CovItemId="S50" Value="3"/>
<Cov CovItemId="S51" Value="1"/>
<Cov CovItemId="S52" Value="11"/>
<Cov CovItemId="S53" Value="11"/>
<Cov CovItemId="S58" Value="11"/>
<Cov CovItemId="S59" Value="11"/>
<Cov CovItemId="S60" Value="11"/>
<Cov CovItemId="S61" Value="11"/>
<Cov CovItemId="S62" Value="11"/>
<Cov CovItemId="S63" Value="6"/>
<Cov CovItemId="S64" Value="6"/>
<Cov CovItemId="S65" Value="6"/>
<Cov CovItemId="S67" Value="5"/>
<Cov CovItemId="S7" Value="18"/>
<Cov CovItemId="S72" Value="5"/>
<Cov CovItemId="S73" Value="5"/>
<Cov CovItemId="S78" Value="5"/>
<Cov CovItemId="S79" Value="5"/>
<Cov CovItemId="S8" Value="18"/>
<Cov CovItemId="S80" Value="5"/>
<Cov CovItemId="S81" Value="5"/>
<Cov CovItemId="S84" Value="11"/>
<Cov CovItemId="S85" Value="11"/>
<Cov CovItemId="S86" Value="11"/>
<Cov CovItemId="S87" Value="11"/>
<Cov CovItemId="S88" Value="11"/>
<Cov CovItemId="S89" Value="11"/>
<Cov CovItemId="S9" Value="18"/>
<Cov CovItemId="S90" Value="11"/>
<Cov CovItemId="S91" Value="11"/>
<Cov CovItemId="S92" Value="11"/>
<Cov CovItemId="S93" Value="11"/>
<Cov CovItemId="S94" Value="11"/>
<Cov CovItemId="S95" Value="44"/>
<Cov CovItemId="S96" Value="33"/>
<Cov CovItemId="S97" Value="44"/>
<Cov CovItemId="S99" Value="11"/>
</CovPrefix>
<CovPrefix CovItemPrefix="com.OriginalFiles.Board.java">
<Cov CovItemId="B28" Value="33"/>
<Cov CovItemId="B31" Value="11"/>
<Cov CovItemId="B33" Value="11"/>
<Cov CovItemId="B36" Value="11"/>
<Cov CovItemId="B37" Value="11"/>
<Cov CovItemId="B39" Value="44"/>
<Cov CovItemId="B41" Value="494"/>
<Cov CovItemId="B44" Value="146"/>
<Cov CovItemId="B45" Value="146"/>
<Cov CovItemId="B47" Value="146"/>
<Cov CovItemId="B49" Value="88"/>
<Cov CovItemId="B50" Value="58"/>
<Cov CovItemId="B51" Value="88"/>
<Cov CovItemId="B53" Value="88"/>
<Cov CovItemId="B55" Value="116"/>
<Cov CovItemId="B56" Value="468"/>
<Cov CovItemId="B57" Value="424"/>
<Cov CovItemId="B58" Value="44"/>
<Cov CovItemId="B59" Value="424"/>
<Cov CovItemId="B62" Value="424"/>
<Cov CovItemId="B63" Value="2336"/>
<Cov CovItemId="B64" Value="2336"/>
<Cov CovItemId="B65" Value="146"/>
<Cov CovItemId="B66" Value="2190"/>
<Cov CovItemId="B67" Value="73"/>
<Cov CovItemId="B68" Value="73"/>
<Cov CovItemId="B71" Value="4"/>
<Cov CovItemId="B72" Value="4"/>
<Cov CovItemId="B73" Value="16"/>
<Cov CovItemId="B74" Value="16"/>
<Cov CovItemId="B75" Value="16"/>
<Cov CovItemId="B76" Value="16"/>
<Cov CovItemId="B77" Value="30"/>
<Cov CovItemId="B78" Value="2"/>
<Cov CovItemId="B79" Value="794"/>
<Cov CovItemId="B81" Value="337"/>
<Cov CovItemId="B82" Value="457"/>
<Cov CovItemId="B83" Value="125"/>
<Cov CovItemId="B84" Value="272"/>
<Cov CovItemId="B85" Value="81"/>
<Cov CovItemId="B86" Value="191"/>
<Cov CovItemId="L10-2" Value="1168"/>
<Cov CovItemId="L11-1" Value="18"/>
<Cov CovItemId="L12-0" Value="18"/>
<Cov CovItemId="L13-2" Value="73"/>
<Cov CovItemId="L14-2" Value="584"/>
<Cov CovItemId="L15-2" Value="1"/>
<Cov CovItemId="L16-2" Value="4"/>
<Cov CovItemId="L17-2" Value="4"/>
<Cov CovItemId="L9-2" Value="146"/>
<Cov CovItemId="S100" Value="11"/>
<Cov CovItemId="S102" Value="11"/>
<Cov CovItemId="S104" Value="11"/>
<Cov CovItemId="S105" Value="11"/>
<Cov CovItemId="S106" Value="11"/>
<Cov CovItemId="S107" Value="11"/>
<Cov CovItemId="S108" Value="11"/>
<Cov CovItemId="S109" Value="11"/>
<Cov CovItemId="S110" Value="26"/>
<Cov CovItemId="S111" Value="44"/>
<Cov CovItemId="S112" Value="44"/>
<Cov CovItemId="S113" Value="44"/>
<Cov CovItemId="S115" Value="494"/>
<Cov CovItemId="S116" Value="494"/>
<Cov CovItemId="S118" Value="146"/>
<Cov CovItemId="S119" Value="146"/>
<Cov CovItemId="S121" Value="146"/>
<Cov CovItemId="S122" Value="146"/>
<Cov CovItemId="S123" Value="146"/>
<Cov CovItemId="S124" Value="146"/>
<Cov CovItemId="S125" Value="146"/>
<Cov CovItemId="S126" Value="146"/>
<Cov CovItemId="S127" Value="146"/>
<Cov CovItemId="S128" Value="146"/>
<Cov CovItemId="S129" Value="88"/>
<Cov CovItemId="S130" Value="88"/>
<Cov CovItemId="S131" Value="88"/>
<Cov CovItemId="S132" Value="88"/>
<Cov CovItemId="S133" Value="146"/>
<Cov CovItemId="S134" Value="146"/>
<Cov CovItemId="S135" Value="584"/>
<Cov CovItemId="S136" Value="116"/>
<Cov CovItemId="S137" Value="468"/>
<Cov CovItemId="S138" Value="424"/>
<Cov CovItemId="S139" Value="424"/>
<Cov CovItemId="S141" Value="468"/>
<Cov CovItemId="S142" Value="584"/>
<Cov CovItemId="S143" Value="73"/>
<Cov CovItemId="S144" Value="73"/>
<Cov CovItemId="S145" Value="584"/>
<Cov CovItemId="S146" Value="4672"/>
<Cov CovItemId="S147" Value="2336"/>
<Cov CovItemId="S148" Value="146"/>
<Cov CovItemId="S149" Value="73"/>
<Cov CovItemId="S150" Value="73"/>
<Cov CovItemId="S151" Value="73"/>
<Cov CovItemId="S157" Value="1"/>
<Cov CovItemId="S158" Value="1"/>
<Cov CovItemId="S159" Value="8"/>
<Cov CovItemId="S160" Value="4"/>
<Cov CovItemId="S161" Value="32"/>
<Cov CovItemId="S162" Value="16"/>
<Cov CovItemId="S163" Value="4"/>
<Cov CovItemId="S164" Value="4"/>
<Cov CovItemId="S165" Value="32"/>
<Cov CovItemId="S166" Value="16"/>
<Cov CovItemId="S167" Value="4"/>
<Cov CovItemId="S168" Value="1"/>
<Cov CovItemId="S169" Value="32"/>
<Cov CovItemId="S170" Value="32"/>
<Cov CovItemId="S171" Value="30"/>
<Cov CovItemId="S172" Value="2"/>
<Cov CovItemId="S173" Value="2"/>
<Cov CovItemId="S174" Value="2"/>
<Cov CovItemId="S175" Value="2"/>
<Cov CovItemId="S176" Value="794"/>
<Cov CovItemId="S177" Value="794"/>
<Cov CovItemId="S178" Value="337"/>
<Cov CovItemId="S179" Value="457"/>
<Cov CovItemId="S180" Value="397"/>
<Cov CovItemId="S181" Value="125"/>
<Cov CovItemId="S182" Value="272"/>
<Cov CovItemId="S183" Value="81"/>
<Cov CovItemId="S184" Value="191"/>
<Cov CovItemId="S185" Value="1919"/>
<Cov CovItemId="S61" Value="146"/>
<Cov CovItemId="S62" Value="1168"/>
<Cov CovItemId="S63" Value="9344"/>
<Cov CovItemId="S64" Value="18"/>
<Cov CovItemId="S65" Value="18"/>
<Cov CovItemId="S66" Value="18"/>
<Cov CovItemId="S67" Value="18"/>
<Cov CovItemId="S68" Value="18"/>
<Cov CovItemId="S76" Value="18"/>
<Cov CovItemId="S77" Value="18"/>
<Cov CovItemId="S94" Value="33"/>
<Cov CovItemId="S97" Value="33"/>
<Cov CovItemId="S98" Value="11"/>
<Cov CovItemId="S99" Value="11"/>
</CovPrefix>
<CovPrefix CovItemPrefix="com.OriginalFiles.Field.java">
<Cov CovItemId="B1" Value="49"/>
<Cov CovItemId="B2" Value="38"/>
<Cov CovItemId="S1" Value="88"/>
<Cov CovItemId="S13" Value="203"/>
<Cov CovItemId="S2" Value="88"/>
<Cov CovItemId="S5" Value="87"/>
<Cov CovItemId="S6" Value="87"/>
<Cov CovItemId="S7" Value="49"/>
<Cov CovItemId="S8" Value="3692"/>
<Cov CovItemId="S9" Value="4842"/>
</CovPrefix>
<CovPrefix CovItemPrefix="com.OriginalFiles.Piece.java">
<Cov CovItemId="B1" Value="45"/>
<Cov CovItemId="B12" Value="45"/>
<Cov CovItemId="B13" Value="8"/>
<Cov CovItemId="B14" Value="37"/>
<Cov CovItemId="B15" Value="8"/>
<Cov CovItemId="B17" Value="13"/>
<Cov CovItemId="B18" Value="32"/>
<Cov CovItemId="B2" Value="8"/>
<Cov CovItemId="B5" Value="22"/>
<Cov CovItemId="B6" Value="23"/>
<Cov CovItemId="B7" Value="45"/>
<Cov CovItemId="B8" Value="8"/>
<Cov CovItemId="B9" Value="45"/>
<Cov CovItemId="S1" Value="38"/>
<Cov CovItemId="S10" Value="38"/>
<Cov CovItemId="S11" Value="38"/>
<Cov CovItemId="S12" Value="38"/>
<Cov CovItemId="S13" Value="38"/>
<Cov CovItemId="S14" Value="38"/>
<Cov CovItemId="S16" Value="176"/>
<Cov CovItemId="S17" Value="53"/>
<Cov CovItemId="S18" Value="53"/>
<Cov CovItemId="S19" Value="53"/>
<Cov CovItemId="S2" Value="38"/>
<Cov CovItemId="S20" Value="53"/>
<Cov CovItemId="S21" Value="45"/>
<Cov CovItemId="S22" Value="8"/>
<Cov CovItemId="S23" Value="8"/>
<Cov CovItemId="S27" Value="45"/>
<Cov CovItemId="S28" Value="22"/>
<Cov CovItemId="S29" Value="23"/>
<Cov CovItemId="S3" Value="38"/>
<Cov CovItemId="S30" Value="53"/>
<Cov CovItemId="S31" Value="53"/>
<Cov CovItemId="S32" Value="45"/>
<Cov CovItemId="S33" Value="45"/>
<Cov CovItemId="S34" Value="45"/>
<Cov CovItemId="S35" Value="45"/>
<Cov CovItemId="S36" Value="45"/>
<Cov CovItemId="S38" Value="45"/>
<Cov CovItemId="S39" Value="8"/>
<Cov CovItemId="S4" Value="38"/>
<Cov CovItemId="S40" Value="8"/>
<Cov CovItemId="S41" Value="8"/>
<Cov CovItemId="S42" Value="45"/>
<Cov CovItemId="S43" Value="13"/>
<Cov CovItemId="S44" Value="45"/>
<Cov CovItemId="S5" Value="38"/>
<Cov CovItemId="S6" Value="38"/>
<Cov CovItemId="S7" Value="38"/>
<Cov CovItemId="S8" Value="38"/>
<Cov CovItemId="S9" Value="38"/>
</CovPrefix>
<CovPrefix CovItemPrefix="com.OriginalFiles.RemoteNXTFunctions.java">
<Cov CovItemId="B104" Value="37"/>
<Cov CovItemId="B114" Value="37"/>
<Cov CovItemId="B124" Value="37"/>
<Cov CovItemId="B134" Value="37"/>
<Cov CovItemId="B142" Value="37"/>
<Cov CovItemId="B15" Value="12"/>
<Cov CovItemId="B16" Value="64"/>
<Cov CovItemId="B17" Value="6"/>
<Cov CovItemId="B18" Value="6"/>
<Cov CovItemId="B19" Value="6"/>
<Cov CovItemId="B23" Value="25"/>
<Cov CovItemId="B24" Value="51"/>
<Cov CovItemId="B25" Value="5"/>
<Cov CovItemId="B26" Value="20"/>
<Cov CovItemId="B27" Value="5"/>
<Cov CovItemId="B28" Value="15"/>
<Cov CovItemId="B30" Value="15"/>
<Cov CovItemId="B32" Value="76"/>
<Cov CovItemId="B40" Value="76"/>
<Cov CovItemId="B49" Value="39"/>
<Cov CovItemId="B5" Value="32"/>
<Cov CovItemId="B50" Value="37"/>
<Cov CovItemId="B51" Value="1"/>
<Cov CovItemId="B52" Value="38"/>
<Cov CovItemId="B53" Value="9"/>
<Cov CovItemId="B54" Value="29"/>
<Cov CovItemId="B56" Value="37"/>
<Cov CovItemId="B6" Value="76"/>
<Cov CovItemId="B62" Value="37"/>
<Cov CovItemId="B7" Value="32"/>
<Cov CovItemId="B70" Value="37"/>
<Cov CovItemId="B78" Value="37"/>
<Cov CovItemId="B86" Value="37"/>
<Cov CovItemId="B94" Value="37"/>
<Cov CovItemId="S100" Value="37"/>
<Cov CovItemId="S108" Value="37"/>
<Cov CovItemId="S118" Value="37"/>
<Cov CovItemId="S128" Value="37"/>
<Cov CovItemId="S138" Value="37"/>
<Cov CovItemId="S148" Value="37"/>
<Cov CovItemId="S156" Value="37"/>
<Cov CovItemId="S162" Value="108"/>
<Cov CovItemId="S19" Value="108"/>
<Cov CovItemId="S20" Value="108"/>
<Cov CovItemId="S21" Value="32"/>
<Cov CovItemId="S22" Value="32"/>
<Cov CovItemId="S30" Value="76"/>
<Cov CovItemId="S31" Value="12"/>
<Cov CovItemId="S32" Value="6"/>
<Cov CovItemId="S33" Value="6"/>
<Cov CovItemId="S34" Value="6"/>
<Cov CovItemId="S38" Value="76"/>
<Cov CovItemId="S39" Value="25"/>
<Cov CovItemId="S4" Value="4"/>
<Cov CovItemId="S40" Value="5"/>
<Cov CovItemId="S41" Value="20"/>
<Cov CovItemId="S42" Value="5"/>
<Cov CovItemId="S43" Value="15"/>
<Cov CovItemId="S45" Value="15"/>
<Cov CovItemId="S46" Value="76"/>
<Cov CovItemId="S54" Value="76"/>
<Cov CovItemId="S64" Value="76"/>
<Cov CovItemId="S65" Value="39"/>
<Cov CovItemId="S66" Value="1"/>
<Cov CovItemId="S67" Value="38"/>
<Cov CovItemId="S68" Value="9"/>
<Cov CovItemId="S69" Value="29"/>
<Cov CovItemId="S70" Value="37"/>
<Cov CovItemId="S76" Value="37"/>
<Cov CovItemId="S84" Value="37"/>
<Cov CovItemId="S92" Value="37"/>
</CovPrefix>
</CovList>
<AssgnmntList>
<AssgnmntPrefix RootTermCovItemPrefix="com.OriginalFiles.Analyze.java">
<AssgnmntListEntry Length="1" RootTermCovItemId="C1">
<MapEntry BoolAssgnmnt="0" Value="18"/>
</AssgnmntListEntry>
<AssgnmntListEntry Length="1" RootTermCovItemId="C10">
<MapEntry BoolAssgnmnt="0" Value="7"/>
<MapEntry BoolAssgnmnt="1" Value="11"/>
</AssgnmntListEntry>
<AssgnmntListEntry Length="1" RootTermCovItemId="C11">
<MapEntry BoolAssgnmnt="0" Value="4"/>
<MapEntry BoolAssgnmnt="1" Value="3"/>
</AssgnmntListEntry>
<AssgnmntListEntry Length="1" RootTermCovItemId="C12">
<MapEntry BoolAssgnmnt="0" Value="1"/>
<MapEntry BoolAssgnmnt="1" Value="3"/>
</AssgnmntListEntry>
<AssgnmntListEntry Length="1" RootTermCovItemId="C13">
<MapEntry BoolAssgnmnt="0" Value="11"/>
</AssgnmntListEntry>
<AssgnmntListEntry Length="1" RootTermCovItemId="C16">
<MapEntry BoolAssgnmnt="1" Value="11"/>
</AssgnmntListEntry>
<AssgnmntListEntry Length="1" RootTermCovItemId="C17">
<MapEntry BoolAssgnmnt="1" Value="11"/>
</AssgnmntListEntry>
<AssgnmntListEntry Length="1" RootTermCovItemId="C18">
<MapEntry BoolAssgnmnt="0" Value="5"/>
<MapEntry BoolAssgnmnt="1" Value="6"/>
</AssgnmntListEntry>
<AssgnmntListEntry Length="1" RootTermCovItemId="C19">
<MapEntry BoolAssgnmnt="1" Value="6"/>
</AssgnmntListEntry>
<AssgnmntListEntry Length="1" RootTermCovItemId="C2">
<MapEntry BoolAssgnmnt="0" Value="18"/>
</AssgnmntListEntry>
<AssgnmntListEntry Length="1" RootTermCovItemId="C20">
<MapEntry BoolAssgnmnt="0" Value="5"/>
</AssgnmntListEntry>
<AssgnmntListEntry Length="1" RootTermCovItemId="C22">
<MapEntry BoolAssgnmnt="1" Value="5"/>
</AssgnmntListEntry>
<AssgnmntListEntry Length="1" RootTermCovItemId="C23">
<MapEntry BoolAssgnmnt="0" Value="5"/>
</AssgnmntListEntry>
<AssgnmntListEntry Length="1" RootTermCovItemId="C25">
<MapEntry BoolAssgnmnt="1" Value="5"/>
</AssgnmntListEntry>
<AssgnmntListEntry Length="1" RootTermCovItemId="C26">
<MapEntry BoolAssgnmnt="1" Value="5"/>
</AssgnmntListEntry>
<AssgnmntListEntry Length="1" RootTermCovItemId="C27">
<MapEntry BoolAssgnmnt="1" Value="11"/>
</AssgnmntListEntry>
<AssgnmntListEntry Length="1" RootTermCovItemId="C28">
<MapEntry BoolAssgnmnt="1" Value="11"/>
</AssgnmntListEntry>
<AssgnmntListEntry Length="1" RootTermCovItemId="C29">
<MapEntry BoolAssgnmnt="1" Value="11"/>
</AssgnmntListEntry>
<AssgnmntListEntry Length="1" RootTermCovItemId="C3">
<MapEntry BoolAssgnmnt="0" Value="17"/>
<MapEntry BoolAssgnmnt="1" Value="1"/>
</AssgnmntListEntry>
<AssgnmntListEntry Length="1" RootTermCovItemId="C30">
<MapEntry BoolAssgnmnt="1" Value="11"/>
</AssgnmntListEntry>
<AssgnmntListEntry Length="1" RootTermCovItemId="C31">
<MapEntry BoolAssgnmnt="0" Value="11"/>
<MapEntry BoolAssgnmnt="1" Value="44"/>
</AssgnmntListEntry>
<AssgnmntListEntry Length="2" RootTermCovItemId="C32">
<MapEntry BoolAssgnmnt="10" Value="11"/>
<MapEntry BoolAssgnmnt="02" Value="22"/>
<MapEntry BoolAssgnmnt="11" Value="11"/>
</AssgnmntListEntry>
<AssgnmntListEntry Length="1" RootTermCovItemId="C33">
<MapEntry BoolAssgnmnt="1" Value="44"/>
</AssgnmntListEntry>
<AssgnmntListEntry Length="1" RootTermCovItemId="C4">
<MapEntry BoolAssgnmnt="0" Value="36"/>
<MapEntry BoolAssgnmnt="1" Value="1116"/>
</AssgnmntListEntry>
<AssgnmntListEntry Length="1" RootTermCovItemId="C49">
<MapEntry BoolAssgnmnt="0" Value="11"/>
</AssgnmntListEntry>
<AssgnmntListEntry Length="2" RootTermCovItemId="C5">
<MapEntry BoolAssgnmnt="10" Value="18"/>
<MapEntry BoolAssgnmnt="11" Value="18"/>
</AssgnmntListEntry>
<AssgnmntListEntry Length="1" RootTermCovItemId="C56">
<MapEntry BoolAssgnmnt="0" Value="18"/>
</AssgnmntListEntry>
<AssgnmntListEntry Length="1" RootTermCovItemId="C6">
<MapEntry BoolAssgnmnt="1" Value="18"/>
</AssgnmntListEntry>
<AssgnmntListEntry Length="6" RootTermCovItemId="C66">
<MapEntry BoolAssgnmnt="110222" Value="8"/>
<MapEntry BoolAssgnmnt="022222" Value="67"/>
<MapEntry BoolAssgnmnt="111111" Value="33"/>
</AssgnmntListEntry>
<AssgnmntListEntry Length="6" RootTermCovItemId="C67">
<MapEntry BoolAssgnmnt="022222" Value="67"/>
<MapEntry BoolAssgnmnt="111111" Value="8"/>
</AssgnmntListEntry>
<AssgnmntListEntry Length="6" RootTermCovItemId="C68">
<MapEntry BoolAssgnmnt="102222" Value="56"/>
<MapEntry BoolAssgnmnt="111111" Value="11"/>
</AssgnmntListEntry>
<AssgnmntListEntry Length="6" RootTermCovItemId="C69">
<MapEntry BoolAssgnmnt="102222" Value="56"/>
</AssgnmntListEntry>
<AssgnmntListEntry Length="1" RootTermCovItemId="C7">
<MapEntry BoolAssgnmnt="0" Value="7"/>
<MapEntry BoolAssgnmnt="1" Value="11"/>
</AssgnmntListEntry>
<AssgnmntListEntry Length="1" RootTermCovItemId="C70">
<MapEntry BoolAssgnmnt="0" Value="72"/>
<MapEntry BoolAssgnmnt="1" Value="2232"/>
</AssgnmntListEntry>
<AssgnmntListEntry Length="1" RootTermCovItemId="C71">
<MapEntry BoolAssgnmnt="0" Value="36"/>
<MapEntry BoolAssgnmnt="1" Value="36"/>
</AssgnmntListEntry>
<AssgnmntListEntry Length="1" RootTermCovItemId="C72">
<MapEntry BoolAssgnmnt="1" Value="36"/>
</AssgnmntListEntry>
<AssgnmntListEntry Length="1" RootTermCovItemId="C73">
<MapEntry BoolAssgnmnt="0" Value="36"/>
<MapEntry BoolAssgnmnt="1" Value="36"/>
</AssgnmntListEntry>
<AssgnmntListEntry Length="1" RootTermCovItemId="C74">
<MapEntry BoolAssgnmnt="1" Value="36"/>
</AssgnmntListEntry>
<AssgnmntListEntry Length="3" RootTermCovItemId="C75">
<MapEntry BoolAssgnmnt="012" Value="18"/>
<MapEntry BoolAssgnmnt="001" Value="18"/>
</AssgnmntListEntry>
<AssgnmntListEntry Length="3" RootTermCovItemId="C76">
<MapEntry BoolAssgnmnt="011" Value="18"/>
<MapEntry BoolAssgnmnt="002" Value="18"/>
</AssgnmntListEntry>
<AssgnmntListEntry Length="2" RootTermCovItemId="C77">
<MapEntry BoolAssgnmnt="11" Value="36"/>
</AssgnmntListEntry>
<AssgnmntListEntry Length="2" RootTermCovItemId="C78">
<MapEntry BoolAssgnmnt="02" Value="14"/>
<MapEntry BoolAssgnmnt="11" Value="22"/>
</AssgnmntListEntry>
<AssgnmntListEntry Length="2" RootTermCovItemId="C79">
<MapEntry BoolAssgnmnt="00" Value="22"/>
</AssgnmntListEntry>
<AssgnmntListEntry Length="2" RootTermCovItemId="C8">
<MapEntry BoolAssgnmnt="02" Value="11"/>
</AssgnmntListEntry>
<AssgnmntListEntry Length="1" RootTermCovItemId="C9">
<MapEntry BoolAssgnmnt="1" Value="11"/>
</AssgnmntListEntry>
<AssgnmntListEntry Length="8" RootTermCovItemId="C90">
<MapEntry BoolAssgnmnt="02020202" Value="44"/>
</AssgnmntListEntry>
</AssgnmntPrefix>
<AssgnmntPrefix RootTermCovItemPrefix="com.OriginalFiles.Board.java">
<AssgnmntListEntry Length="1" RootTermCovItemId="C14">
<MapEntry BoolAssgnmnt="0" Value="18"/>
<MapEntry BoolAssgnmnt="1" Value="18"/>
</AssgnmntListEntry>
<AssgnmntListEntry Length="1" RootTermCovItemId="C15">
<MapEntry BoolAssgnmnt="0" Value="18"/>
</AssgnmntListEntry>
<AssgnmntListEntry Length="1" RootTermCovItemId="C24">
<MapEntry BoolAssgnmnt="0" Value="33"/>
</AssgnmntListEntry>
<AssgnmntListEntry Length="1" RootTermCovItemId="C26">
<MapEntry BoolAssgnmnt="0" Value="11"/>
</AssgnmntListEntry>
<AssgnmntListEntry Length="1" RootTermCovItemId="C27">
<MapEntry BoolAssgnmnt="1" Value="11"/>
</AssgnmntListEntry>
<AssgnmntListEntry Length="2" RootTermCovItemId="C28">
<MapEntry BoolAssgnmnt="02" Value="11"/>
</AssgnmntListEntry>
<AssgnmntListEntry Length="1" RootTermCovItemId="C29">
<MapEntry BoolAssgnmnt="1" Value="11"/>
</AssgnmntListEntry>
<AssgnmntListEntry Length="1" RootTermCovItemId="C30">
<MapEntry BoolAssgnmnt="1" Value="44"/>
</AssgnmntListEntry>
<AssgnmntListEntry Length="1" RootTermCovItemId="C31">
<MapEntry BoolAssgnmnt="1" Value="494"/>
</AssgnmntListEntry>
<AssgnmntListEntry Length="1" RootTermCovItemId="C32">
<MapEntry BoolAssgnmnt="0" Value="146"/>
</AssgnmntListEntry>
<AssgnmntListEntry Length="1" RootTermCovItemId="C33">
<MapEntry BoolAssgnmnt="0" Value="146"/>
</AssgnmntListEntry>
<AssgnmntListEntry Length="1" RootTermCovItemId="C34">
<MapEntry BoolAssgnmnt="0" Value="146"/>
</AssgnmntListEntry>
<AssgnmntListEntry Length="1" RootTermCovItemId="C35">
<MapEntry BoolAssgnmnt="0" Value="58"/>
<MapEntry BoolAssgnmnt="1" Value="88"/>
</AssgnmntListEntry>
<AssgnmntListEntry Length="1" RootTermCovItemId="C36">
<MapEntry BoolAssgnmnt="0" Value="88"/>
</AssgnmntListEntry>
<AssgnmntListEntry Length="1" RootTermCovItemId="C37">
<MapEntry BoolAssgnmnt="0" Value="88"/>
</AssgnmntListEntry>
<AssgnmntListEntry Length="5" RootTermCovItemId="C38">
<MapEntry BoolAssgnmnt="02002" Value="146"/>
<MapEntry BoolAssgnmnt="10122" Value="146"/>
<MapEntry BoolAssgnmnt="11221" Value="88"/>
<MapEntry BoolAssgnmnt="11220" Value="58"/>
<MapEntry BoolAssgnmnt="02010" Value="58"/>
<MapEntry BoolAssgnmnt="02011" Value="88"/>
</AssgnmntListEntry>
<AssgnmntListEntry Length="1" RootTermCovItemId="C39">
<MapEntry BoolAssgnmnt="0" Value="44"/>
<MapEntry BoolAssgnmnt="1" Value="424"/>
</AssgnmntListEntry>
<AssgnmntListEntry Length="1" RootTermCovItemId="C40">
<MapEntry BoolAssgnmnt="0" Value="424"/>
</AssgnmntListEntry>
<AssgnmntListEntry Length="2" RootTermCovItemId="C41">
<MapEntry BoolAssgnmnt="02" Value="424"/>
</AssgnmntListEntry>
<AssgnmntListEntry Length="1" RootTermCovItemId="C42">
<MapEntry BoolAssgnmnt="0" Value="2336"/>
<MapEntry BoolAssgnmnt="1" Value="2336"/>
</AssgnmntListEntry>
<AssgnmntListEntry Length="1" RootTermCovItemId="C43">
<MapEntry BoolAssgnmnt="0" Value="2190"/>
<MapEntry BoolAssgnmnt="1" Value="146"/>
</AssgnmntListEntry>
<AssgnmntListEntry Length="1" RootTermCovItemId="C44">
<MapEntry BoolAssgnmnt="0" Value="73"/>
<MapEntry BoolAssgnmnt="1" Value="73"/>
</AssgnmntListEntry>
<AssgnmntListEntry Length="1" RootTermCovItemId="C46">
<MapEntry BoolAssgnmnt="0" Value="1"/>
<MapEntry BoolAssgnmnt="1" Value="8"/>
</AssgnmntListEntry>
<AssgnmntListEntry Length="1" RootTermCovItemId="C47">
<MapEntry BoolAssgnmnt="0" Value="4"/>
<MapEntry BoolAssgnmnt="1" Value="4"/>
</AssgnmntListEntry>
<AssgnmntListEntry Length="1" RootTermCovItemId="C48">
<MapEntry BoolAssgnmnt="0" Value="4"/>
<MapEntry BoolAssgnmnt="1" Value="32"/>
</AssgnmntListEntry>
<AssgnmntListEntry Length="1" RootTermCovItemId="C49">
<MapEntry BoolAssgnmnt="0" Value="16"/>
<MapEntry BoolAssgnmnt="1" Value="16"/>
</AssgnmntListEntry>
<AssgnmntListEntry Length="1" RootTermCovItemId="C50">
<MapEntry BoolAssgnmnt="0" Value="4"/>
<MapEntry BoolAssgnmnt="1" Value="32"/>
</AssgnmntListEntry>
<AssgnmntListEntry Length="1" RootTermCovItemId="C51">
<MapEntry BoolAssgnmnt="0" Value="16"/>
<MapEntry BoolAssgnmnt="1" Value="16"/>
</AssgnmntListEntry>
<AssgnmntListEntry Length="1" RootTermCovItemId="C52">
<MapEntry BoolAssgnmnt="0" Value="2"/>
<MapEntry BoolAssgnmnt="1" Value="30"/>
</AssgnmntListEntry>
<AssgnmntListEntry Length="1" RootTermCovItemId="C53">
<MapEntry BoolAssgnmnt="1" Value="794"/>
</AssgnmntListEntry>
<AssgnmntListEntry Length="1" RootTermCovItemId="C54">
<MapEntry BoolAssgnmnt="0" Value="337"/>
<MapEntry BoolAssgnmnt="1" Value="457"/>
</AssgnmntListEntry>
<AssgnmntListEntry Length="3" RootTermCovItemId="C55">
<MapEntry BoolAssgnmnt="011" Value="34"/>
<MapEntry BoolAssgnmnt="010" Value="67"/>
<MapEntry BoolAssgnmnt="002" Value="202"/>
<MapEntry BoolAssgnmnt="120" Value="58"/>
<MapEntry BoolAssgnmnt="121" Value="36"/>
</AssgnmntListEntry>
<AssgnmntListEntry Length="3" RootTermCovItemId="C56">
<MapEntry BoolAssgnmnt="011" Value="45"/>
<MapEntry BoolAssgnmnt="010" Value="67"/>
<MapEntry BoolAssgnmnt="002" Value="70"/>
<MapEntry BoolAssgnmnt="120" Value="54"/>
<MapEntry BoolAssgnmnt="121" Value="36"/>
</AssgnmntListEntry>
</AssgnmntPrefix>
<AssgnmntPrefix RootTermCovItemPrefix="com.OriginalFiles.Field.java">
<AssgnmntListEntry Length="1" RootTermCovItemId="C1">
<MapEntry BoolAssgnmnt="0" Value="49"/>
<MapEntry BoolAssgnmnt="1" Value="38"/>
</AssgnmntListEntry>
</AssgnmntPrefix>
<AssgnmntPrefix RootTermCovItemPrefix="com.OriginalFiles.Piece.java">
<AssgnmntListEntry Length="1" RootTermCovItemId="C1">
<MapEntry BoolAssgnmnt="0" Value="8"/>
<MapEntry BoolAssgnmnt="1" Value="45"/>
</AssgnmntListEntry>
<AssgnmntListEntry Length="1" RootTermCovItemId="C3">
<MapEntry BoolAssgnmnt="0" Value="23"/>
<MapEntry BoolAssgnmnt="1" Value="22"/>
</AssgnmntListEntry>
<AssgnmntListEntry Length="1" RootTermCovItemId="C4">
<MapEntry BoolAssgnmnt="0" Value="8"/>
<MapEntry BoolAssgnmnt="1" Value="45"/>
</AssgnmntListEntry>
<AssgnmntListEntry Length="1" RootTermCovItemId="C5">
<MapEntry BoolAssgnmnt="1" Value="45"/>
</AssgnmntListEntry>
<AssgnmntListEntry Length="1" RootTermCovItemId="C6">
<MapEntry BoolAssgnmnt="0" Value="45"/>
</AssgnmntListEntry>
<AssgnmntListEntry Length="5" RootTermCovItemId="C7">
<MapEntry BoolAssgnmnt="00210" Value="12"/>
<MapEntry BoolAssgnmnt="00211" Value="4"/>
<MapEntry BoolAssgnmnt="01002" Value="12"/>
<MapEntry BoolAssgnmnt="12222" Value="13"/>
<MapEntry BoolAssgnmnt="01122" Value="4"/>
</AssgnmntListEntry>
<AssgnmntListEntry Length="1" RootTermCovItemId="C8">
<MapEntry BoolAssgnmnt="1" Value="8"/>
</AssgnmntListEntry>
<AssgnmntListEntry Length="1" RootTermCovItemId="C9">
<MapEntry BoolAssgnmnt="0" Value="32"/>
<MapEntry BoolAssgnmnt="1" Value="13"/>
</AssgnmntListEntry>
</AssgnmntPrefix>
<AssgnmntPrefix RootTermCovItemPrefix="com.OriginalFiles.RemoteNXTFunctions.java">
<AssgnmntListEntry Length="1" RootTermCovItemId="C10">
<MapEntry BoolAssgnmnt="0" Value="64"/>
<MapEntry BoolAssgnmnt="1" Value="12"/>
</AssgnmntListEntry>
<AssgnmntListEntry Length="2" RootTermCovItemId="C11">
<MapEntry BoolAssgnmnt="02" Value="6"/>
<MapEntry BoolAssgnmnt="11" Value="6"/>
</AssgnmntListEntry>
<AssgnmntListEntry Length="2" RootTermCovItemId="C12">
<MapEntry BoolAssgnmnt="11" Value="6"/>
</AssgnmntListEntry>
<AssgnmntListEntry Length="1" RootTermCovItemId="C14">
<MapEntry BoolAssgnmnt="0" Value="51"/>
<MapEntry BoolAssgnmnt="1" Value="25"/>
</AssgnmntListEntry>
<AssgnmntListEntry Length="2" RootTermCovItemId="C15">
<MapEntry BoolAssgnmnt="10" Value="5"/>
<MapEntry BoolAssgnmnt="02" Value="15"/>
<MapEntry BoolAssgnmnt="11" Value="5"/>
</AssgnmntListEntry>
<AssgnmntListEntry Length="2" RootTermCovItemId="C16">
<MapEntry BoolAssgnmnt="02" Value="15"/>
<MapEntry BoolAssgnmnt="11" Value="5"/>
</AssgnmntListEntry>
<AssgnmntListEntry Length="1" RootTermCovItemId="C17">
<MapEntry BoolAssgnmnt="0" Value="15"/>
</AssgnmntListEntry>
<AssgnmntListEntry Length="1" RootTermCovItemId="C18">
<MapEntry BoolAssgnmnt="0" Value="76"/>
</AssgnmntListEntry>
<AssgnmntListEntry Length="1" RootTermCovItemId="C22">
<MapEntry BoolAssgnmnt="0" Value="76"/>
</AssgnmntListEntry>
<AssgnmntListEntry Length="1" RootTermCovItemId="C27">
<MapEntry BoolAssgnmnt="0" Value="37"/>
<MapEntry BoolAssgnmnt="1" Value="39"/>
</AssgnmntListEntry>
<AssgnmntListEntry Length="2" RootTermCovItemId="C28">
<MapEntry BoolAssgnmnt="10" Value="10"/>
<MapEntry BoolAssgnmnt="02" Value="28"/>
<MapEntry BoolAssgnmnt="11" Value="1"/>
</AssgnmntListEntry>
<AssgnmntListEntry Length="1" RootTermCovItemId="C29">
<MapEntry BoolAssgnmnt="0" Value="29"/>
<MapEntry BoolAssgnmnt="1" Value="9"/>
</AssgnmntListEntry>
<AssgnmntListEntry Length="1" RootTermCovItemId="C30">
<MapEntry BoolAssgnmnt="0" Value="37"/>
</AssgnmntListEntry>
<AssgnmntListEntry Length="1" RootTermCovItemId="C33">
<MapEntry BoolAssgnmnt="0" Value="37"/>
</AssgnmntListEntry>
<AssgnmntListEntry Length="1" RootTermCovItemId="C37">
<MapEntry BoolAssgnmnt="0" Value="37"/>
</AssgnmntListEntry>
<AssgnmntListEntry Length="1" RootTermCovItemId="C41">
<MapEntry BoolAssgnmnt="0" Value="37"/>
</AssgnmntListEntry>
<AssgnmntListEntry Length="1" RootTermCovItemId="C45">
<MapEntry BoolAssgnmnt="0" Value="37"/>
</AssgnmntListEntry>
<AssgnmntListEntry Length="1" RootTermCovItemId="C49">
<MapEntry BoolAssgnmnt="0" Value="37"/>
</AssgnmntListEntry>
<AssgnmntListEntry Length="1" RootTermCovItemId="C5">
<MapEntry BoolAssgnmnt="0" Value="76"/>
<MapEntry BoolAssgnmnt="1" Value="32"/>
</AssgnmntListEntry>
<AssgnmntListEntry Length="1" RootTermCovItemId="C54">
<MapEntry BoolAssgnmnt="0" Value="37"/>
</AssgnmntListEntry>
<AssgnmntListEntry Length="1" RootTermCovItemId="C59">
<MapEntry BoolAssgnmnt="0" Value="37"/>
</AssgnmntListEntry>
<AssgnmntListEntry Length="2" RootTermCovItemId="C6">
<MapEntry BoolAssgnmnt="11" Value="32"/>
</AssgnmntListEntry>
<AssgnmntListEntry Length="1" RootTermCovItemId="C64">
<MapEntry BoolAssgnmnt="0" Value="37"/>
</AssgnmntListEntry>
<AssgnmntListEntry Length="1" RootTermCovItemId="C69">
<MapEntry BoolAssgnmnt="0" Value="37"/>
</AssgnmntListEntry>
<AssgnmntListEntry Length="1" RootTermCovItemId="C73">
<MapEntry BoolAssgnmnt="0" Value="37"/>
</AssgnmntListEntry>
</AssgnmntPrefix>
</AssgnmntList>
<ObjMetaDataList/>
<MetaDataList/>
</TestCase>
<TestCase Comment="" Date="1386061681034" Name="com.Testing.AnalyzeTest:testGameHasEnded">
<CovList>
<CovPrefix CovItemPrefix="com.OriginalFiles.Analyze.java">
<Cov CovItemId="B107" Value="32"/>
<Cov CovItemId="B120" Value="144"/>
<Cov CovItemId="B121" Value="240"/>
<Cov CovItemId="B122" Value="72"/>
<Cov CovItemId="B123" Value="72"/>
<Cov CovItemId="B124" Value="16"/>
<Cov CovItemId="B125" Value="56"/>
<Cov CovItemId="B126" Value="72"/>
<Cov CovItemId="B127" Value="72"/>
<Cov CovItemId="B128" Value="16"/>
<Cov CovItemId="B129" Value="56"/>
<Cov CovItemId="B130" Value="2"/>
<Cov CovItemId="B131" Value="4"/>
<Cov CovItemId="B132" Value="2"/>
<Cov CovItemId="B133" Value="2"/>
<Cov CovItemId="B135" Value="2"/>
<Cov CovItemId="L16-2" Value="6"/>
<Cov CovItemId="L17-2" Value="48"/>
<Cov CovItemId="S200" Value="32"/>
<Cov CovItemId="S201" Value="32"/>
<Cov CovItemId="S202" Value="32"/>
<Cov CovItemId="S203" Value="32"/>
<Cov CovItemId="S204" Value="32"/>
<Cov CovItemId="S205" Value="32"/>
<Cov CovItemId="S222" Value="6"/>
<Cov CovItemId="S223" Value="6"/>
<Cov CovItemId="S224" Value="6"/>
<Cov CovItemId="S225" Value="6"/>
<Cov CovItemId="S226" Value="6"/>
<Cov CovItemId="S227" Value="6"/>
<Cov CovItemId="S228" Value="48"/>
<Cov CovItemId="S229" Value="384"/>
<Cov CovItemId="S230" Value="144"/>
<Cov CovItemId="S231" Value="72"/>
<Cov CovItemId="S232" Value="72"/>
<Cov CovItemId="S233" Value="16"/>
<Cov CovItemId="S234" Value="144"/>
<Cov CovItemId="S235" Value="72"/>
<Cov CovItemId="S236" Value="72"/>
<Cov CovItemId="S237" Value="16"/>
<Cov CovItemId="S238" Value="6"/>
<Cov CovItemId="S239" Value="2"/>
<Cov CovItemId="S240" Value="4"/>
<Cov CovItemId="S241" Value="2"/>
<Cov CovItemId="S242" Value="2"/>
<Cov CovItemId="S251" Value="2"/>
</CovPrefix>
<CovPrefix CovItemPrefix="com.OriginalFiles.Board.java">
<Cov CovItemId="B41" Value="224"/>
<Cov CovItemId="B42" Value="64"/>
<Cov CovItemId="B44" Value="144"/>
<Cov CovItemId="B45" Value="28"/>
<Cov CovItemId="B46" Value="116"/>
<Cov CovItemId="B47" Value="28"/>
<Cov CovItemId="B48" Value="116"/>
<Cov CovItemId="B50" Value="144"/>
<Cov CovItemId="B55" Value="288"/>
<Cov CovItemId="B56" Value="288"/>
<Cov CovItemId="B57" Value="168"/>
<Cov CovItemId="B58" Value="120"/>
<Cov CovItemId="B59" Value="168"/>
<Cov CovItemId="B62" Value="168"/>
<Cov CovItemId="B63" Value="192"/>
<Cov CovItemId="B64" Value="192"/>
<Cov CovItemId="B65" Value="144"/>
<Cov CovItemId="B66" Value="48"/>
<Cov CovItemId="B67" Value="72"/>
<Cov CovItemId="B68" Value="72"/>
<Cov CovItemId="B79" Value="600"/>
<Cov CovItemId="B81" Value="552"/>
<Cov CovItemId="B82" Value="48"/>
<Cov CovItemId="B83" Value="156"/>
<Cov CovItemId="B84" Value="440"/>
<Cov CovItemId="B85" Value="84"/>
<Cov CovItemId="B86" Value="356"/>
<Cov CovItemId="L10-2" Value="96"/>
<Cov CovItemId="L13-2" Value="6"/>
<Cov CovItemId="L14-2" Value="48"/>
<Cov CovItemId="L9-2" Value="12"/>
<Cov CovItemId="S115" Value="288"/>
<Cov CovItemId="S116" Value="224"/>
<Cov CovItemId="S117" Value="64"/>
<Cov CovItemId="S118" Value="144"/>
<Cov CovItemId="S119" Value="144"/>
<Cov CovItemId="S121" Value="144"/>
<Cov CovItemId="S122" Value="144"/>
<Cov CovItemId="S123" Value="144"/>
<Cov CovItemId="S124" Value="144"/>
<Cov CovItemId="S125" Value="28"/>
<Cov CovItemId="S126" Value="144"/>
<Cov CovItemId="S127" Value="28"/>
<Cov CovItemId="S128" Value="144"/>
<Cov CovItemId="S133" Value="144"/>
<Cov CovItemId="S134" Value="144"/>
<Cov CovItemId="S135" Value="576"/>
<Cov CovItemId="S136" Value="288"/>
<Cov CovItemId="S137" Value="288"/>
<Cov CovItemId="S138" Value="168"/>
<Cov CovItemId="S139" Value="168"/>
<Cov CovItemId="S141" Value="288"/>
<Cov CovItemId="S142" Value="576"/>
<Cov CovItemId="S143" Value="6"/>
<Cov CovItemId="S144" Value="6"/>
<Cov CovItemId="S145" Value="48"/>
<Cov CovItemId="S146" Value="384"/>
<Cov CovItemId="S147" Value="192"/>
<Cov CovItemId="S148" Value="144"/>
<Cov CovItemId="S149" Value="72"/>
<Cov CovItemId="S150" Value="72"/>
<Cov CovItemId="S151" Value="6"/>
<Cov CovItemId="S176" Value="600"/>
<Cov CovItemId="S177" Value="600"/>
<Cov CovItemId="S178" Value="552"/>
<Cov CovItemId="S179" Value="48"/>
<Cov CovItemId="S180" Value="596"/>
<Cov CovItemId="S181" Value="156"/>
<Cov CovItemId="S182" Value="440"/>
<Cov CovItemId="S183" Value="84"/>
<Cov CovItemId="S184" Value="356"/>
<Cov CovItemId="S185" Value="1208"/>
<Cov CovItemId="S61" Value="12"/>
<Cov CovItemId="S62" Value="96"/>
<Cov CovItemId="S63" Value="768"/>
</CovPrefix>
<CovPrefix CovItemPrefix="com.OriginalFiles.Field.java">
<Cov CovItemId="B1" Value="32"/>
<Cov CovItemId="B2" Value="8"/>
<Cov CovItemId="S1" Value="88"/>
<Cov CovItemId="S13" Value="64"/>
<Cov CovItemId="S2" Value="88"/>
<Cov CovItemId="S5" Value="40"/>
<Cov CovItemId="S6" Value="40"/>
<Cov CovItemId="S7" Value="32"/>
<Cov CovItemId="S8" Value="1964"/>
<Cov CovItemId="S9" Value="1248"/>
</CovPrefix>
<CovPrefix CovItemPrefix="com.OriginalFiles.Piece.java">
<Cov CovItemId="B1" Value="24"/>
<Cov CovItemId="B12" Value="24"/>
<Cov CovItemId="B13" Value="8"/>
<Cov CovItemId="B14" Value="16"/>
<Cov CovItemId="B15" Value="8"/>
<Cov CovItemId="B18" Value="24"/>
<Cov CovItemId="B2" Value="8"/>
<Cov CovItemId="B5" Value="12"/>
<Cov CovItemId="B6" Value="12"/>
<Cov CovItemId="B7" Value="24"/>
<Cov CovItemId="B8" Value="8"/>
<Cov CovItemId="B9" Value="24"/>
<Cov CovItemId="S1" Value="32"/>
<Cov CovItemId="S10" Value="32"/>
<Cov CovItemId="S11" Value="32"/>
<Cov CovItemId="S12" Value="32"/>
<Cov CovItemId="S13" Value="32"/>
<Cov CovItemId="S14" Value="32"/>
<Cov CovItemId="S17" Value="32"/>
<Cov CovItemId="S18" Value="32"/>
<Cov CovItemId="S19" Value="32"/>
<Cov CovItemId="S2" Value="32"/>
<Cov CovItemId="S20" Value="32"/>
<Cov CovItemId="S21" Value="24"/>
<Cov CovItemId="S22" Value="8"/>
<Cov CovItemId="S23" Value="8"/>
<Cov CovItemId="S27" Value="24"/>
<Cov CovItemId="S28" Value="12"/>
<Cov CovItemId="S29" Value="12"/>
<Cov CovItemId="S3" Value="32"/>
<Cov CovItemId="S30" Value="32"/>
<Cov CovItemId="S31" Value="32"/>
<Cov CovItemId="S32" Value="24"/>
<Cov CovItemId="S33" Value="24"/>
<Cov CovItemId="S34" Value="24"/>
<Cov CovItemId="S35" Value="24"/>
<Cov CovItemId="S36" Value="24"/>
<Cov CovItemId="S38" Value="24"/>
<Cov CovItemId="S39" Value="8"/>
<Cov CovItemId="S4" Value="32"/>
<Cov CovItemId="S40" Value="8"/>
<Cov CovItemId="S41" Value="8"/>
<Cov CovItemId="S42" Value="24"/>
<Cov CovItemId="S44" Value="24"/>
<Cov CovItemId="S5" Value="32"/>
<Cov CovItemId="S6" Value="32"/>
<Cov CovItemId="S7" Value="32"/>
<Cov CovItemId="S8" Value="32"/>
<Cov CovItemId="S9" Value="32"/>
</CovPrefix>
<CovPrefix CovItemPrefix="com.OriginalFiles.RemoteNXTFunctions.java">
<Cov CovItemId="B5" Value="32"/>
<Cov CovItemId="B7" Value="32"/>
<Cov CovItemId="S162" Value="32"/>
<Cov CovItemId="S19" Value="32"/>
<Cov CovItemId="S20" Value="32"/>
<Cov CovItemId="S21" Value="32"/>
<Cov CovItemId="S22" Value="32"/>
</CovPrefix>
</CovList>
<AssgnmntList>
<AssgnmntPrefix RootTermCovItemPrefix="com.OriginalFiles.Analyze.java">
<AssgnmntListEntry Length="6" RootTermCovItemId="C66">
<MapEntry BoolAssgnmnt="111111" Value="32"/>
</AssgnmntListEntry>
<AssgnmntListEntry Length="1" RootTermCovItemId="C70">
<MapEntry BoolAssgnmnt="0" Value="144"/>
<MapEntry BoolAssgnmnt="1" Value="240"/>
</AssgnmntListEntry>
<AssgnmntListEntry Length="1" RootTermCovItemId="C71">
<MapEntry BoolAssgnmnt="0" Value="72"/>
<MapEntry BoolAssgnmnt="1" Value="72"/>
</AssgnmntListEntry>
<AssgnmntListEntry Length="1" RootTermCovItemId="C72">
<MapEntry BoolAssgnmnt="0" Value="56"/>
<MapEntry BoolAssgnmnt="1" Value="16"/>
</AssgnmntListEntry>
<AssgnmntListEntry Length="1" RootTermCovItemId="C73">
<MapEntry BoolAssgnmnt="0" Value="72"/>
<MapEntry BoolAssgnmnt="1" Value="72"/>
</AssgnmntListEntry>
<AssgnmntListEntry Length="1" RootTermCovItemId="C74">
<MapEntry BoolAssgnmnt="0" Value="56"/>
<MapEntry BoolAssgnmnt="1" Value="16"/>
</AssgnmntListEntry>
<AssgnmntListEntry Length="3" RootTermCovItemId="C75">
<MapEntry BoolAssgnmnt="012" Value="2"/>
<MapEntry BoolAssgnmnt="122" Value="2"/>
<MapEntry BoolAssgnmnt="001" Value="2"/>
</AssgnmntListEntry>
<AssgnmntListEntry Length="3" RootTermCovItemId="C76">
<MapEntry BoolAssgnmnt="011" Value="1"/>
<MapEntry BoolAssgnmnt="122" Value="2"/>
<MapEntry BoolAssgnmnt="002" Value="1"/>
</AssgnmntListEntry>
<AssgnmntListEntry Length="2" RootTermCovItemId="C77">
<MapEntry BoolAssgnmnt="02" Value="2"/>
</AssgnmntListEntry>
</AssgnmntPrefix>
<AssgnmntPrefix RootTermCovItemPrefix="com.OriginalFiles.Board.java">
<AssgnmntListEntry Length="1" RootTermCovItemId="C31">
<MapEntry BoolAssgnmnt="0" Value="64"/>
<MapEntry BoolAssgnmnt="1" Value="224"/>
</AssgnmntListEntry>
<AssgnmntListEntry Length="1" RootTermCovItemId="C32">
<MapEntry BoolAssgnmnt="0" Value="144"/>
</AssgnmntListEntry>
<AssgnmntListEntry Length="1" RootTermCovItemId="C33">
<MapEntry BoolAssgnmnt="0" Value="28"/>
<MapEntry BoolAssgnmnt="1" Value="116"/>
</AssgnmntListEntry>
<AssgnmntListEntry Length="1" RootTermCovItemId="C34">
<MapEntry BoolAssgnmnt="0" Value="28"/>
<MapEntry BoolAssgnmnt="1" Value="116"/>
</AssgnmntListEntry>
<AssgnmntListEntry Length="1" RootTermCovItemId="C35">
<MapEntry BoolAssgnmnt="0" Value="144"/>
</AssgnmntListEntry>
<AssgnmntListEntry Length="5" RootTermCovItemId="C38">
<MapEntry BoolAssgnmnt="02002" Value="144"/>
<MapEntry BoolAssgnmnt="10122" Value="144"/>
<MapEntry BoolAssgnmnt="11220" Value="144"/>
<MapEntry BoolAssgnmnt="02010" Value="144"/>
</AssgnmntListEntry>
<AssgnmntListEntry Length="1" RootTermCovItemId="C39">
<MapEntry BoolAssgnmnt="0" Value="120"/>
<MapEntry BoolAssgnmnt="1" Value="168"/>
</AssgnmntListEntry>
<AssgnmntListEntry Length="1" RootTermCovItemId="C40">
<MapEntry BoolAssgnmnt="0" Value="168"/>
</AssgnmntListEntry>
<AssgnmntListEntry Length="2" RootTermCovItemId="C41">
<MapEntry BoolAssgnmnt="02" Value="168"/>
</AssgnmntListEntry>
<AssgnmntListEntry Length="1" RootTermCovItemId="C42">
<MapEntry BoolAssgnmnt="0" Value="192"/>
<MapEntry BoolAssgnmnt="1" Value="192"/>
</AssgnmntListEntry>
<AssgnmntListEntry Length="1" RootTermCovItemId="C43">
<MapEntry BoolAssgnmnt="0" Value="48"/>
<MapEntry BoolAssgnmnt="1" Value="144"/>
</AssgnmntListEntry>
<AssgnmntListEntry Length="1" RootTermCovItemId="C44">
<MapEntry BoolAssgnmnt="0" Value="72"/>
<MapEntry BoolAssgnmnt="1" Value="72"/>
</AssgnmntListEntry>
<AssgnmntListEntry Length="1" RootTermCovItemId="C53">
<MapEntry BoolAssgnmnt="1" Value="600"/>
</AssgnmntListEntry>
<AssgnmntListEntry Length="1" RootTermCovItemId="C54">
<MapEntry BoolAssgnmnt="0" Value="552"/>
<MapEntry BoolAssgnmnt="1" Value="48"/>
</AssgnmntListEntry>
<AssgnmntListEntry Length="3" RootTermCovItemId="C55">
<MapEntry BoolAssgnmnt="002" Value="296"/>
<MapEntry BoolAssgnmnt="120" Value="156"/>
<MapEntry BoolAssgnmnt="121" Value="144"/>
</AssgnmntListEntry>
<AssgnmntListEntry Length="3" RootTermCovItemId="C56">
<MapEntry BoolAssgnmnt="002" Value="144"/>
<MapEntry BoolAssgnmnt="120" Value="212"/>
<MapEntry BoolAssgnmnt="121" Value="84"/>
</AssgnmntListEntry>
</AssgnmntPrefix>
<AssgnmntPrefix RootTermCovItemPrefix="com.OriginalFiles.Field.java">
<AssgnmntListEntry Length="1" RootTermCovItemId="C1">
<MapEntry BoolAssgnmnt="0" Value="32"/>
<MapEntry BoolAssgnmnt="1" Value="8"/>
</AssgnmntListEntry>
</AssgnmntPrefix>
<AssgnmntPrefix RootTermCovItemPrefix="com.OriginalFiles.Piece.java">
<AssgnmntListEntry Length="1" RootTermCovItemId="C1">
<MapEntry BoolAssgnmnt="0" Value="8"/>
<MapEntry BoolAssgnmnt="1" Value="24"/>
</AssgnmntListEntry>
<AssgnmntListEntry Length="1" RootTermCovItemId="C3">
<MapEntry BoolAssgnmnt="0" Value="12"/>
<MapEntry BoolAssgnmnt="1" Value="12"/>
</AssgnmntListEntry>
<AssgnmntListEntry Length="1" RootTermCovItemId="C4">
<MapEntry BoolAssgnmnt="0" Value="8"/>
<MapEntry BoolAssgnmnt="1" Value="24"/>
</AssgnmntListEntry>
<AssgnmntListEntry Length="1" RootTermCovItemId="C5">
<MapEntry BoolAssgnmnt="1" Value="24"/>
</AssgnmntListEntry>
<AssgnmntListEntry Length="1" RootTermCovItemId="C6">
<MapEntry BoolAssgnmnt="0" Value="24"/>
</AssgnmntListEntry>
<AssgnmntListEntry Length="5" RootTermCovItemId="C7">
<MapEntry BoolAssgnmnt="00210" Value="8"/>
<MapEntry BoolAssgnmnt="00211" Value="4"/>
<MapEntry BoolAssgnmnt="01002" Value="8"/>
<MapEntry BoolAssgnmnt="01122" Value="4"/>
</AssgnmntListEntry>
<AssgnmntListEntry Length="1" RootTermCovItemId="C8">
<MapEntry BoolAssgnmnt="1" Value="8"/>
</AssgnmntListEntry>
<AssgnmntListEntry Length="1" RootTermCovItemId="C9">
<MapEntry BoolAssgnmnt="0" Value="24"/>
</AssgnmntListEntry>
</AssgnmntPrefix>
<AssgnmntPrefix RootTermCovItemPrefix="com.OriginalFiles.RemoteNXTFunctions.java">
<AssgnmntListEntry Length="1" RootTermCovItemId="C5">
<MapEntry BoolAssgnmnt="1" Value="32"/>
</AssgnmntListEntry>
<AssgnmntListEntry Length="2" RootTermCovItemId="C6">
<MapEntry BoolAssgnmnt="11" Value="32"/>
</AssgnmntListEntry>
</AssgnmntPrefix>
</AssgnmntList>
<ObjMetaDataList/>
<MetaDataList/>
</TestCase>
<TestCase Comment="" Date="1386061681035" Name="com.Testing.MoveTest:testAddStep">
<CovList>
<CovPrefix CovItemPrefix="com.OriginalFiles.Field.java">
<Cov CovItemId="S1" Value="3"/>
<Cov CovItemId="S2" Value="3"/>
<Cov CovItemId="S3" Value="3"/>
<Cov CovItemId="S4" Value="3"/>
</CovPrefix>
<CovPrefix CovItemPrefix="com.OriginalFiles.Move.java">
<Cov CovItemId="S1" Value="1"/>
<Cov CovItemId="S17" Value="1"/>
<Cov CovItemId="S2" Value="1"/>
<Cov CovItemId="S3" Value="1"/>
<Cov CovItemId="S4" Value="1"/>
<Cov CovItemId="S5" Value="1"/>
<Cov CovItemId="S6" Value="1"/>
<Cov CovItemId="S7" Value="1"/>
</CovPrefix>
</CovList>
<AssgnmntList/>
<ObjMetaDataList/>
<MetaDataList/>
</TestCase>
<TestCase Comment="" Date="1386061681036" Name="com.Testing.MoveTest:testMove">
<CovList>
<CovPrefix CovItemPrefix="com.OriginalFiles.Move.java">
<Cov CovItemId="B2" Value="1"/>
<Cov CovItemId="S1" Value="1"/>
<Cov CovItemId="S10" Value="1"/>
<Cov CovItemId="S11" Value="1"/>
<Cov CovItemId="S12" Value="1"/>
<Cov CovItemId="S16" Value="1"/>
<Cov CovItemId="S2" Value="1"/>
</CovPrefix>
</CovList>
<AssgnmntList>
<AssgnmntPrefix RootTermCovItemPrefix="com.OriginalFiles.Move.java">
<AssgnmntListEntry Length="1" RootTermCovItemId="C1">
<MapEntry BoolAssgnmnt="0" Value="1"/>
</AssgnmntListEntry>
</AssgnmntPrefix>
</AssgnmntList>
<ObjMetaDataList/>
<MetaDataList/>
</TestCase>
<TestCase Comment="" Date="1386061681036" Name="com.Testing.MoveTest:testMoveFieldFieldBoolean">
<CovList>
<CovPrefix CovItemPrefix="com.OriginalFiles.Field.java">
<Cov CovItemId="S1" Value="2"/>
<Cov CovItemId="S2" Value="2"/>
<Cov CovItemId="S3" Value="2"/>
<Cov CovItemId="S4" Value="2"/>
</CovPrefix>
<CovPrefix CovItemPrefix="com.OriginalFiles.Move.java">
<Cov CovItemId="B1" Value="1"/>
<Cov CovItemId="S1" Value="1"/>
<Cov CovItemId="S12" Value="1"/>
<Cov CovItemId="S13" Value="1"/>
<Cov CovItemId="S14" Value="1"/>
<Cov CovItemId="S15" Value="1"/>
<Cov CovItemId="S2" Value="1"/>
<Cov CovItemId="S3" Value="1"/>
<Cov CovItemId="S4" Value="1"/>
<Cov CovItemId="S5" Value="1"/>
<Cov CovItemId="S6" Value="1"/>
<Cov CovItemId="S7" Value="1"/>
</CovPrefix>
</CovList>
<AssgnmntList>
<AssgnmntPrefix RootTermCovItemPrefix="com.OriginalFiles.Move.java">
<AssgnmntListEntry Length="1" RootTermCovItemId="C1">
<MapEntry BoolAssgnmnt="1" Value="1"/>
</AssgnmntListEntry>
</AssgnmntPrefix>
</AssgnmntList>
<ObjMetaDataList/>
<MetaDataList/>
</TestCase>
<TestCase Comment="" Date="1386061681037" Name="com.Testing.MoveTest:testMoveListOfFieldBoolean">
<CovList>
<CovPrefix CovItemPrefix="com.OriginalFiles.Field.java">
<Cov CovItemId="S1" Value="2"/>
<Cov CovItemId="S2" Value="2"/>
<Cov CovItemId="S3" Value="2"/>
<Cov CovItemId="S4" Value="2"/>
</CovPrefix>
<CovPrefix CovItemPrefix="com.OriginalFiles.Move.java">
<Cov CovItemId="B1" Value="1"/>
<Cov CovItemId="S1" Value="1"/>
<Cov CovItemId="S12" Value="1"/>
<Cov CovItemId="S13" Value="1"/>
<Cov CovItemId="S14" Value="1"/>
<Cov CovItemId="S15" Value="1"/>
<Cov CovItemId="S2" Value="1"/>
<Cov CovItemId="S8" Value="1"/>
<Cov CovItemId="S9" Value="1"/>
</CovPrefix>
</CovList>
<AssgnmntList>
<AssgnmntPrefix RootTermCovItemPrefix="com.OriginalFiles.Move.java">
<AssgnmntListEntry Length="1" RootTermCovItemId="C1">
<MapEntry BoolAssgnmnt="1" Value="1"/>
</AssgnmntListEntry>
</AssgnmntPrefix>
</AssgnmntList>
<ObjMetaDataList/>
<MetaDataList/>
</TestCase>
<TestCase Comment="" Date="1386061681037" Name="com.Testing.MoveTest:testIsJump">
<CovList>
<CovPrefix CovItemPrefix="com.OriginalFiles.Field.java">
<Cov CovItemId="S1" Value="4"/>
<Cov CovItemId="S2" Value="4"/>
<Cov CovItemId="S3" Value="4"/>
<Cov CovItemId="S4" Value="4"/>
</CovPrefix>
<CovPrefix CovItemPrefix="com.OriginalFiles.Move.java">
<Cov CovItemId="B1" Value="2"/>
<Cov CovItemId="S1" Value="2"/>
<Cov CovItemId="S12" Value="2"/>
<Cov CovItemId="S13" Value="2"/>
<Cov CovItemId="S14" Value="2"/>
<Cov CovItemId="S15" Value="2"/>
<Cov CovItemId="S2" Value="2"/>
<Cov CovItemId="S3" Value="2"/>
<Cov CovItemId="S4" Value="2"/>
<Cov CovItemId="S5" Value="2"/>
<Cov CovItemId="S6" Value="2"/>
<Cov CovItemId="S7" Value="2"/>
</CovPrefix>
</CovList>
<AssgnmntList>
<AssgnmntPrefix RootTermCovItemPrefix="com.OriginalFiles.Move.java">
<AssgnmntListEntry Length="1" RootTermCovItemId="C1">
<MapEntry BoolAssgnmnt="1" Value="2"/>
</AssgnmntListEntry>
</AssgnmntPrefix>
</AssgnmntList>
<ObjMetaDataList/>
<MetaDataList/>
</TestCase>
<TestCase Comment="" Date="1386061681038" Name="com.Testing.FieldTest:testGetPieceOnField">
<CovList>
<CovPrefix CovItemPrefix="com.OriginalFiles.Board.java">
<Cov CovItemId="B83" Value="1"/>
<Cov CovItemId="B84" Value="1"/>
<Cov CovItemId="B86" Value="1"/>
<Cov CovItemId="S180" Value="2"/>
<Cov CovItemId="S181" Value="1"/>
<Cov CovItemId="S182" Value="1"/>
<Cov CovItemId="S184" Value="1"/>
<Cov CovItemId="S185" Value="2"/>
</CovPrefix>
<CovPrefix CovItemPrefix="com.OriginalFiles.Field.java">
<Cov CovItemId="B1" Value="1"/>
<Cov CovItemId="S1" Value="1"/>
<Cov CovItemId="S2" Value="1"/>
<Cov CovItemId="S5" Value="1"/>
<Cov CovItemId="S6" Value="1"/>
<Cov CovItemId="S7" Value="1"/>
<Cov CovItemId="S8" Value="2"/>
<Cov CovItemId="S9" Value="1"/>
</CovPrefix>
<CovPrefix CovItemPrefix="com.OriginalFiles.Piece.java">
<Cov CovItemId="B1" Value="2"/>
<Cov CovItemId="B12" Value="2"/>
<Cov CovItemId="B14" Value="2"/>
<Cov CovItemId="B17" Value="1"/>
<Cov CovItemId="B18" Value="1"/>
<Cov CovItemId="B5" Value="2"/>
<Cov CovItemId="B7" Value="2"/>
<Cov CovItemId="B9" Value="2"/>
<Cov CovItemId="S1" Value="1"/>
<Cov CovItemId="S10" Value="1"/>
<Cov CovItemId="S11" Value="1"/>
<Cov CovItemId="S12" Value="1"/>
<Cov CovItemId="S13" Value="1"/>
<Cov CovItemId="S14" Value="1"/>
<Cov CovItemId="S15" Value="1"/>
<Cov CovItemId="S16" Value="1"/>
<Cov CovItemId="S17" Value="2"/>
<Cov CovItemId="S18" Value="2"/>
<Cov CovItemId="S19" Value="2"/>
<Cov CovItemId="S2" Value="1"/>
<Cov CovItemId="S20" Value="2"/>
<Cov CovItemId="S21" Value="2"/>
<Cov CovItemId="S27" Value="2"/>
<Cov CovItemId="S28" Value="2"/>
<Cov CovItemId="S3" Value="1"/>
<Cov CovItemId="S30" Value="2"/>
<Cov CovItemId="S31" Value="2"/>
<Cov CovItemId="S32" Value="2"/>
<Cov CovItemId="S33" Value="2"/>
<Cov CovItemId="S34" Value="2"/>
<Cov CovItemId="S35" Value="2"/>
<Cov CovItemId="S36" Value="2"/>
<Cov CovItemId="S38" Value="2"/>
<Cov CovItemId="S4" Value="1"/>
<Cov CovItemId="S42" Value="2"/>
<Cov CovItemId="S43" Value="1"/>
<Cov CovItemId="S44" Value="2"/>
<Cov CovItemId="S5" Value="1"/>
<Cov CovItemId="S6" Value="1"/>
<Cov CovItemId="S7" Value="1"/>
<Cov CovItemId="S8" Value="1"/>
<Cov CovItemId="S9" Value="1"/>
</CovPrefix>
</CovList>
<AssgnmntList>
<AssgnmntPrefix RootTermCovItemPrefix="com.OriginalFiles.Board.java">
<AssgnmntListEntry Length="3" RootTermCovItemId="C55">
<MapEntry BoolAssgnmnt="120" Value="1"/>
<MapEntry BoolAssgnmnt="121" Value="1"/>
</AssgnmntListEntry>
<AssgnmntListEntry Length="3" RootTermCovItemId="C56">
<MapEntry BoolAssgnmnt="002" Value="1"/>
</AssgnmntListEntry>
</AssgnmntPrefix>
<AssgnmntPrefix RootTermCovItemPrefix="com.OriginalFiles.Field.java">
<AssgnmntListEntry Length="1" RootTermCovItemId="C1">
<MapEntry BoolAssgnmnt="0" Value="1"/>
</AssgnmntListEntry>
</AssgnmntPrefix>
<AssgnmntPrefix RootTermCovItemPrefix="com.OriginalFiles.Piece.java">
<AssgnmntListEntry Length="1" RootTermCovItemId="C1">
<MapEntry BoolAssgnmnt="1" Value="2"/>
</AssgnmntListEntry>
<AssgnmntListEntry Length="1" RootTermCovItemId="C3">
<MapEntry BoolAssgnmnt="1" Value="2"/>
</AssgnmntListEntry>
<AssgnmntListEntry Length="1" RootTermCovItemId="C4">
<MapEntry BoolAssgnmnt="1" Value="2"/>
</AssgnmntListEntry>
<AssgnmntListEntry Length="1" RootTermCovItemId="C5">
<MapEntry BoolAssgnmnt="1" Value="2"/>
</AssgnmntListEntry>
<AssgnmntListEntry Length="1" RootTermCovItemId="C6">
<MapEntry BoolAssgnmnt="0" Value="2"/>
</AssgnmntListEntry>
<AssgnmntListEntry Length="5" RootTermCovItemId="C7">
<MapEntry BoolAssgnmnt="00210" Value="1"/>
<MapEntry BoolAssgnmnt="12222" Value="1"/>
</AssgnmntListEntry>
<AssgnmntListEntry Length="1" RootTermCovItemId="C9">
<MapEntry BoolAssgnmnt="0" Value="1"/>
<MapEntry BoolAssgnmnt="1" Value="1"/>
</AssgnmntListEntry>
</AssgnmntPrefix>
</AssgnmntList>
<ObjMetaDataList/>
<MetaDataList/>
</TestCase>
<TestCase Comment="" Date="1386061681039" Name="com.Testing.FieldTest:testIsPieceOfColor">
<CovList>
<CovPrefix CovItemPrefix="com.OriginalFiles.Board.java">
<Cov CovItemId="B83" Value="2"/>
<Cov CovItemId="B84" Value="2"/>
<Cov CovItemId="B86" Value="2"/>
<Cov CovItemId="S180" Value="4"/>
<Cov CovItemId="S181" Value="2"/>
<Cov CovItemId="S182" Value="2"/>
<Cov CovItemId="S184" Value="2"/>
<Cov CovItemId="S185" Value="2"/>
</CovPrefix>
<CovPrefix CovItemPrefix="com.OriginalFiles.Field.java">
<Cov CovItemId="B1" Value="1"/>
<Cov CovItemId="B4" Value="4"/>
<Cov CovItemId="S1" Value="1"/>
<Cov CovItemId="S10" Value="4"/>
<Cov CovItemId="S12" Value="4"/>
<Cov CovItemId="S2" Value="1"/>
<Cov CovItemId="S5" Value="1"/>
<Cov CovItemId="S6" Value="1"/>
<Cov CovItemId="S7" Value="1"/>
<Cov CovItemId="S8" Value="1"/>
<Cov CovItemId="S9" Value="5"/>
</CovPrefix>
<CovPrefix CovItemPrefix="com.OriginalFiles.Piece.java">
<Cov CovItemId="B1" Value="2"/>
<Cov CovItemId="B12" Value="2"/>
<Cov CovItemId="B13" Value="2"/>
<Cov CovItemId="B15" Value="2"/>
<Cov CovItemId="B18" Value="2"/>
<Cov CovItemId="B5" Value="2"/>
<Cov CovItemId="B7" Value="2"/>
<Cov CovItemId="B9" Value="2"/>
<Cov CovItemId="S1" Value="1"/>
<Cov CovItemId="S10" Value="1"/>
<Cov CovItemId="S11" Value="1"/>
<Cov CovItemId="S12" Value="1"/>
<Cov CovItemId="S13" Value="1"/>
<Cov CovItemId="S14" Value="1"/>
<Cov CovItemId="S17" Value="2"/>
<Cov CovItemId="S18" Value="2"/>
<Cov CovItemId="S19" Value="2"/>
<Cov CovItemId="S2" Value="1"/>
<Cov CovItemId="S20" Value="2"/>
<Cov CovItemId="S21" Value="2"/>
<Cov CovItemId="S27" Value="2"/>
<Cov CovItemId="S28" Value="2"/>
<Cov CovItemId="S3" Value="1"/>
<Cov CovItemId="S30" Value="2"/>
<Cov CovItemId="S31" Value="2"/>
<Cov CovItemId="S32" Value="2"/>
<Cov CovItemId="S33" Value="2"/>
<Cov CovItemId="S34" Value="2"/>
<Cov CovItemId="S35" Value="2"/>
<Cov CovItemId="S36" Value="2"/>
<Cov CovItemId="S38" Value="2"/>
<Cov CovItemId="S39" Value="2"/>
<Cov CovItemId="S4" Value="1"/>
<Cov CovItemId="S40" Value="2"/>
<Cov CovItemId="S41" Value="2"/>
<Cov CovItemId="S42" Value="2"/>
<Cov CovItemId="S44" Value="2"/>
<Cov CovItemId="S5" Value="1"/>
<Cov CovItemId="S6" Value="1"/>
<Cov CovItemId="S7" Value="1"/>
<Cov CovItemId="S8" Value="1"/>
<Cov CovItemId="S9" Value="1"/>
</CovPrefix>
</CovList>
<AssgnmntList>
<AssgnmntPrefix RootTermCovItemPrefix="com.OriginalFiles.Board.java">
<AssgnmntListEntry Length="3" RootTermCovItemId="C55">
<MapEntry BoolAssgnmnt="120" Value="2"/>
<MapEntry BoolAssgnmnt="121" Value="2"/>
</AssgnmntListEntry>
<AssgnmntListEntry Length="3" RootTermCovItemId="C56">
<MapEntry BoolAssgnmnt="002" Value="2"/>
</AssgnmntListEntry>
</AssgnmntPrefix>
<AssgnmntPrefix RootTermCovItemPrefix="com.OriginalFiles.Field.java">
<AssgnmntListEntry Length="1" RootTermCovItemId="C1">
<MapEntry BoolAssgnmnt="0" Value="1"/>
</AssgnmntListEntry>
<AssgnmntListEntry Length="1" RootTermCovItemId="C2">
<MapEntry BoolAssgnmnt="0" Value="4"/>
</AssgnmntListEntry>
</AssgnmntPrefix>
<AssgnmntPrefix RootTermCovItemPrefix="com.OriginalFiles.Piece.java">
<AssgnmntListEntry Length="1" RootTermCovItemId="C1">
<MapEntry BoolAssgnmnt="1" Value="2"/>
</AssgnmntListEntry>
<AssgnmntListEntry Length="1" RootTermCovItemId="C3">
<MapEntry BoolAssgnmnt="1" Value="2"/>
</AssgnmntListEntry>
<AssgnmntListEntry Length="1" RootTermCovItemId="C4">
<MapEntry BoolAssgnmnt="1" Value="2"/>
</AssgnmntListEntry>
<AssgnmntListEntry Length="1" RootTermCovItemId="C5">
<MapEntry BoolAssgnmnt="1" Value="2"/>
</AssgnmntListEntry>
<AssgnmntListEntry Length="1" RootTermCovItemId="C6">
<MapEntry BoolAssgnmnt="0" Value="2"/>
</AssgnmntListEntry>
<AssgnmntListEntry Length="5" RootTermCovItemId="C7">
<MapEntry BoolAssgnmnt="00211" Value="2"/>
</AssgnmntListEntry>
<AssgnmntListEntry Length="1" RootTermCovItemId="C8">
<MapEntry BoolAssgnmnt="1" Value="2"/>
</AssgnmntListEntry>
<AssgnmntListEntry Length="1" RootTermCovItemId="C9">
<MapEntry BoolAssgnmnt="0" Value="2"/>
</AssgnmntListEntry>
</AssgnmntPrefix>
</AssgnmntList>
<ObjMetaDataList/>
<MetaDataList/>
</TestCase>
<TestCase Comment="" Date="1386061681039" Name="com.Testing.FieldTest:testField">
<CovList>
<CovPrefix CovItemPrefix="com.OriginalFiles.Board.java">
<Cov CovItemId="B84" Value="4"/>
<Cov CovItemId="B85" Value="2"/>
<Cov CovItemId="B86" Value="2"/>
<Cov CovItemId="S180" Value="4"/>
<Cov CovItemId="S182" Value="4"/>
<Cov CovItemId="S183" Value="2"/>
<Cov CovItemId="S184" Value="2"/>
<Cov CovItemId="S185" Value="2"/>
</CovPrefix>
<CovPrefix CovItemPrefix="com.OriginalFiles.Field.java">
<Cov CovItemId="B1" Value="1"/>
<Cov CovItemId="S1" Value="1"/>
<Cov CovItemId="S2" Value="1"/>
<Cov CovItemId="S5" Value="1"/>
<Cov CovItemId="S6" Value="1"/>
<Cov CovItemId="S7" Value="1"/>
<Cov CovItemId="S8" Value="2"/>
<Cov CovItemId="S9" Value="1"/>
</CovPrefix>
<CovPrefix CovItemPrefix="com.OriginalFiles.Piece.java">
<Cov CovItemId="B1" Value="2"/>
<Cov CovItemId="B12" Value="2"/>
<Cov CovItemId="B14" Value="2"/>
<Cov CovItemId="B18" Value="2"/>
<Cov CovItemId="B5" Value="2"/>
<Cov CovItemId="B7" Value="2"/>
<Cov CovItemId="B9" Value="2"/>
<Cov CovItemId="S1" Value="1"/>
<Cov CovItemId="S10" Value="1"/>
<Cov CovItemId="S11" Value="1"/>
<Cov CovItemId="S12" Value="1"/>
<Cov CovItemId="S13" Value="1"/>
<Cov CovItemId="S14" Value="1"/>
<Cov CovItemId="S17" Value="2"/>
<Cov CovItemId="S18" Value="2"/>
<Cov CovItemId="S19" Value="2"/>
<Cov CovItemId="S2" Value="1"/>
<Cov CovItemId="S20" Value="2"/>
<Cov CovItemId="S21" Value="2"/>
<Cov CovItemId="S27" Value="2"/>
<Cov CovItemId="S28" Value="2"/>
<Cov CovItemId="S3" Value="1"/>
<Cov CovItemId="S30" Value="2"/>
<Cov CovItemId="S31" Value="2"/>
<Cov CovItemId="S32" Value="2"/>
<Cov CovItemId="S33" Value="2"/>
<Cov CovItemId="S34" Value="2"/>
<Cov CovItemId="S35" Value="2"/>
<Cov CovItemId="S36" Value="2"/>
<Cov CovItemId="S38" Value="2"/>
<Cov CovItemId="S4" Value="1"/>
<Cov CovItemId="S42" Value="2"/>
<Cov CovItemId="S44" Value="2"/>
<Cov CovItemId="S5" Value="1"/>
<Cov CovItemId="S6" Value="1"/>
<Cov CovItemId="S7" Value="1"/>
<Cov CovItemId="S8" Value="1"/>
<Cov CovItemId="S9" Value="1"/>
</CovPrefix>
</CovList>
<AssgnmntList>
<AssgnmntPrefix RootTermCovItemPrefix="com.OriginalFiles.Board.java">
<AssgnmntListEntry Length="3" RootTermCovItemId="C55">
<MapEntry BoolAssgnmnt="002" Value="4"/>
</AssgnmntListEntry>
<AssgnmntListEntry Length="3" RootTermCovItemId="C56">
<MapEntry BoolAssgnmnt="120" Value="2"/>
<MapEntry BoolAssgnmnt="121" Value="2"/>
</AssgnmntListEntry>
</AssgnmntPrefix>
<AssgnmntPrefix RootTermCovItemPrefix="com.OriginalFiles.Field.java">
<AssgnmntListEntry Length="1" RootTermCovItemId="C1">
<MapEntry BoolAssgnmnt="0" Value="1"/>
</AssgnmntListEntry>
</AssgnmntPrefix>
<AssgnmntPrefix RootTermCovItemPrefix="com.OriginalFiles.Piece.java">
<AssgnmntListEntry Length="1" RootTermCovItemId="C1">
<MapEntry BoolAssgnmnt="1" Value="2"/>
</AssgnmntListEntry>
<AssgnmntListEntry Length="1" RootTermCovItemId="C3">
<MapEntry BoolAssgnmnt="1" Value="2"/>
</AssgnmntListEntry>
<AssgnmntListEntry Length="1" RootTermCovItemId="C4">
<MapEntry BoolAssgnmnt="1" Value="2"/>
</AssgnmntListEntry>
<AssgnmntListEntry Length="1" RootTermCovItemId="C5">
<MapEntry BoolAssgnmnt="1" Value="2"/>
</AssgnmntListEntry>
<AssgnmntListEntry Length="1" RootTermCovItemId="C6">
<MapEntry BoolAssgnmnt="0" Value="2"/>
</AssgnmntListEntry>
<AssgnmntListEntry Length="5" RootTermCovItemId="C7">
<MapEntry BoolAssgnmnt="01002" Value="2"/>
</AssgnmntListEntry>
<AssgnmntListEntry Length="1" RootTermCovItemId="C9">
<MapEntry BoolAssgnmnt="0" Value="2"/>
</AssgnmntListEntry>
</AssgnmntPrefix>
</AssgnmntList>
<ObjMetaDataList/>
<MetaDataList/>
</TestCase>
<TestCase Comment="" Date="1386061681040" Name="com.Testing.FieldTest:testSetPieceOnField">
<CovList>
<CovPrefix CovItemPrefix="com.OriginalFiles.Board.java">
<Cov CovItemId="B83" Value="2"/>
<Cov CovItemId="B84" Value="4"/>
<Cov CovItemId="B86" Value="4"/>
<Cov CovItemId="S180" Value="6"/>
<Cov CovItemId="S181" Value="2"/>
<Cov CovItemId="S182" Value="4"/>
<Cov CovItemId="S184" Value="4"/>
<Cov CovItemId="S185" Value="5"/>
</CovPrefix>
<CovPrefix CovItemPrefix="com.OriginalFiles.Field.java">
<Cov CovItemId="B1" Value="3"/>
<Cov CovItemId="S1" Value="1"/>
<Cov CovItemId="S2" Value="1"/>
<Cov CovItemId="S5" Value="3"/>
<Cov CovItemId="S6" Value="3"/>
<Cov CovItemId="S7" Value="3"/>
<Cov CovItemId="S8" Value="4"/>
<Cov CovItemId="S9" Value="3"/>
</CovPrefix>
<CovPrefix CovItemPrefix="com.OriginalFiles.Piece.java">
<Cov CovItemId="B1" Value="5"/>
<Cov CovItemId="B12" Value="5"/>
<Cov CovItemId="B14" Value="5"/>
<Cov CovItemId="B17" Value="2"/>
<Cov CovItemId="B18" Value="3"/>
<Cov CovItemId="B5" Value="5"/>
<Cov CovItemId="B7" Value="5"/>
<Cov CovItemId="B9" Value="5"/>
<Cov CovItemId="S1" Value="3"/>
<Cov CovItemId="S10" Value="3"/>
<Cov CovItemId="S11" Value="3"/>
<Cov CovItemId="S12" Value="3"/>
<Cov CovItemId="S13" Value="3"/>
<Cov CovItemId="S14" Value="3"/>
<Cov CovItemId="S15" Value="3"/>
<Cov CovItemId="S16" Value="3"/>
<Cov CovItemId="S17" Value="5"/>
<Cov CovItemId="S18" Value="5"/>
<Cov CovItemId="S19" Value="5"/>
<Cov CovItemId="S2" Value="3"/>
<Cov CovItemId="S20" Value="5"/>
<Cov CovItemId="S21" Value="5"/>
<Cov CovItemId="S27" Value="5"/>
<Cov CovItemId="S28" Value="5"/>
<Cov CovItemId="S3" Value="3"/>
<Cov CovItemId="S30" Value="5"/>
<Cov CovItemId="S31" Value="5"/>
<Cov CovItemId="S32" Value="5"/>
<Cov CovItemId="S33" Value="5"/>
<Cov CovItemId="S34" Value="5"/>
<Cov CovItemId="S35" Value="5"/>
<Cov CovItemId="S36" Value="5"/>
<Cov CovItemId="S38" Value="5"/>
<Cov CovItemId="S4" Value="3"/>
<Cov CovItemId="S42" Value="5"/>
<Cov CovItemId="S43" Value="2"/>
<Cov CovItemId="S44" Value="5"/>
<Cov CovItemId="S5" Value="3"/>
<Cov CovItemId="S6" Value="3"/>
<Cov CovItemId="S7" Value="3"/>
<Cov CovItemId="S8" Value="3"/>
<Cov CovItemId="S9" Value="3"/>
</CovPrefix>
</CovList>
<AssgnmntList>
<AssgnmntPrefix RootTermCovItemPrefix="com.OriginalFiles.Board.java">
<AssgnmntListEntry Length="3" RootTermCovItemId="C55">
<MapEntry BoolAssgnmnt="002" Value="2"/>
<MapEntry BoolAssgnmnt="120" Value="2"/>
<MapEntry BoolAssgnmnt="121" Value="2"/>
</AssgnmntListEntry>
<AssgnmntListEntry Length="3" RootTermCovItemId="C56">
<MapEntry BoolAssgnmnt="002" Value="4"/>
</AssgnmntListEntry>
</AssgnmntPrefix>
<AssgnmntPrefix RootTermCovItemPrefix="com.OriginalFiles.Field.java">
<AssgnmntListEntry Length="1" RootTermCovItemId="C1">
<MapEntry BoolAssgnmnt="0" Value="3"/>
</AssgnmntListEntry>
</AssgnmntPrefix>
<AssgnmntPrefix RootTermCovItemPrefix="com.OriginalFiles.Piece.java">
<AssgnmntListEntry Length="1" RootTermCovItemId="C1">
<MapEntry BoolAssgnmnt="1" Value="5"/>
</AssgnmntListEntry>
<AssgnmntListEntry Length="1" RootTermCovItemId="C3">
<MapEntry BoolAssgnmnt="1" Value="5"/>
</AssgnmntListEntry>
<AssgnmntListEntry Length="1" RootTermCovItemId="C4">
<MapEntry BoolAssgnmnt="1" Value="5"/>
</AssgnmntListEntry>
<AssgnmntListEntry Length="1" RootTermCovItemId="C5">
<MapEntry BoolAssgnmnt="1" Value="5"/>
</AssgnmntListEntry>
<AssgnmntListEntry Length="1" RootTermCovItemId="C6">
<MapEntry BoolAssgnmnt="0" Value="5"/>
</AssgnmntListEntry>
<AssgnmntListEntry Length="5" RootTermCovItemId="C7">
<MapEntry BoolAssgnmnt="00210" Value="2"/>
<MapEntry BoolAssgnmnt="00202" Value="1"/>
<MapEntry BoolAssgnmnt="12222" Value="2"/>
</AssgnmntListEntry>
<AssgnmntListEntry Length="1" RootTermCovItemId="C9">
<MapEntry BoolAssgnmnt="0" Value="3"/>
<MapEntry BoolAssgnmnt="1" Value="2"/>
</AssgnmntListEntry>
</AssgnmntPrefix>
</AssgnmntList>
<ObjMetaDataList/>
<MetaDataList/>
</TestCase>
<TestCase Comment="" Date="1386061681040" Name="com.Testing.FieldTest:testFieldIntInt">
<CovList>
<CovPrefix CovItemPrefix="com.OriginalFiles.Board.java">
<Cov CovItemId="B84" Value="4"/>
<Cov CovItemId="B85" Value="2"/>
<Cov CovItemId="B86" Value="2"/>
<Cov CovItemId="S180" Value="4"/>
<Cov CovItemId="S182" Value="4"/>
<Cov CovItemId="S183" Value="2"/>
<Cov CovItemId="S184" Value="2"/>
<Cov CovItemId="S185" Value="2"/>
</CovPrefix>
<CovPrefix CovItemPrefix="com.OriginalFiles.Field.java">
<Cov CovItemId="B1" Value="1"/>
<Cov CovItemId="S1" Value="1"/>
<Cov CovItemId="S2" Value="1"/>
<Cov CovItemId="S3" Value="1"/>
<Cov CovItemId="S4" Value="1"/>
<Cov CovItemId="S5" Value="1"/>
<Cov CovItemId="S6" Value="1"/>
<Cov CovItemId="S7" Value="1"/>
<Cov CovItemId="S8" Value="2"/>
<Cov CovItemId="S9" Value="1"/>
</CovPrefix>
<CovPrefix CovItemPrefix="com.OriginalFiles.Piece.java">
<Cov CovItemId="B1" Value="2"/>
<Cov CovItemId="B12" Value="2"/>
<Cov CovItemId="B14" Value="2"/>
<Cov CovItemId="B18" Value="2"/>
<Cov CovItemId="B5" Value="2"/>
<Cov CovItemId="B7" Value="2"/>
<Cov CovItemId="B9" Value="2"/>
<Cov CovItemId="S1" Value="1"/>
<Cov CovItemId="S10" Value="1"/>
<Cov CovItemId="S11" Value="1"/>
<Cov CovItemId="S12" Value="1"/>
<Cov CovItemId="S13" Value="1"/>
<Cov CovItemId="S14" Value="1"/>
<Cov CovItemId="S17" Value="2"/>
<Cov CovItemId="S18" Value="2"/>
<Cov CovItemId="S19" Value="2"/>
<Cov CovItemId="S2" Value="1"/>
<Cov CovItemId="S20" Value="2"/>
<Cov CovItemId="S21" Value="2"/>
<Cov CovItemId="S27" Value="2"/>
<Cov CovItemId="S28" Value="2"/>
<Cov CovItemId="S3" Value="1"/>
<Cov CovItemId="S30" Value="2"/>
<Cov CovItemId="S31" Value="2"/>
<Cov CovItemId="S32" Value="2"/>
<Cov CovItemId="S33" Value="2"/>
<Cov CovItemId="S34" Value="2"/>
<Cov CovItemId="S35" Value="2"/>
<Cov CovItemId="S36" Value="2"/>
<Cov CovItemId="S38" Value="2"/>
<Cov CovItemId="S4" Value="1"/>
<Cov CovItemId="S42" Value="2"/>
<Cov CovItemId="S44" Value="2"/>
<Cov CovItemId="S5" Value="1"/>
<Cov CovItemId="S6" Value="1"/>
<Cov CovItemId="S7" Value="1"/>
<Cov CovItemId="S8" Value="1"/>
<Cov CovItemId="S9" Value="1"/>
</CovPrefix>
</CovList>
<AssgnmntList>
<AssgnmntPrefix RootTermCovItemPrefix="com.OriginalFiles.Board.java">
<AssgnmntListEntry Length="3" RootTermCovItemId="C55">
<MapEntry BoolAssgnmnt="002" Value="4"/>
</AssgnmntListEntry>
<AssgnmntListEntry Length="3" RootTermCovItemId="C56">
<MapEntry BoolAssgnmnt="120" Value="2"/>
<MapEntry BoolAssgnmnt="121" Value="2"/>
</AssgnmntListEntry>
</AssgnmntPrefix>
<AssgnmntPrefix RootTermCovItemPrefix="com.OriginalFiles.Field.java">
<AssgnmntListEntry Length="1" RootTermCovItemId="C1">
<MapEntry BoolAssgnmnt="0" Value="1"/>
</AssgnmntListEntry>
</AssgnmntPrefix>
<AssgnmntPrefix RootTermCovItemPrefix="com.OriginalFiles.Piece.java">
<AssgnmntListEntry Length="1" RootTermCovItemId="C1">
<MapEntry BoolAssgnmnt="1" Value="2"/>
</AssgnmntListEntry>
<AssgnmntListEntry Length="1" RootTermCovItemId="C3">
<MapEntry BoolAssgnmnt="1" Value="2"/>
</AssgnmntListEntry>
<AssgnmntListEntry Length="1" RootTermCovItemId="C4">
<MapEntry BoolAssgnmnt="1" Value="2"/>
</AssgnmntListEntry>
<AssgnmntListEntry Length="1" RootTermCovItemId="C5">
<MapEntry BoolAssgnmnt="1" Value="2"/>
</AssgnmntListEntry>
<AssgnmntListEntry Length="1" RootTermCovItemId="C6">
<MapEntry BoolAssgnmnt="0" Value="2"/>
</AssgnmntListEntry>
<AssgnmntListEntry Length="5" RootTermCovItemId="C7">
<MapEntry BoolAssgnmnt="01002" Value="2"/>
</AssgnmntListEntry>
<AssgnmntListEntry Length="1" RootTermCovItemId="C9">
<MapEntry BoolAssgnmnt="0" Value="2"/>
</AssgnmntListEntry>
</AssgnmntPrefix>
</AssgnmntList>
<ObjMetaDataList/>
<MetaDataList/>
</TestCase>
<TestCase Comment="" Date="1386061681041" Name="com.Testing.FieldTest:testEmptyThisField">
<CovList>
<CovPrefix CovItemPrefix="com.OriginalFiles.Board.java">
<Cov CovItemId="B83" Value="2"/>
<Cov CovItemId="B84" Value="2"/>
<Cov CovItemId="B86" Value="2"/>
<Cov CovItemId="S180" Value="4"/>
<Cov CovItemId="S181" Value="2"/>
<Cov CovItemId="S182" Value="2"/>
<Cov CovItemId="S184" Value="2"/>
<Cov CovItemId="S185" Value="2"/>
</CovPrefix>
<CovPrefix CovItemPrefix="com.OriginalFiles.Field.java">
<Cov CovItemId="B1" Value="1"/>
<Cov CovItemId="S1" Value="1"/>
<Cov CovItemId="S13" Value="1"/>
<Cov CovItemId="S2" Value="1"/>
<Cov CovItemId="S5" Value="1"/>
<Cov CovItemId="S6" Value="1"/>
<Cov CovItemId="S7" Value="1"/>
<Cov CovItemId="S8" Value="3"/>
<Cov CovItemId="S9" Value="1"/>
</CovPrefix>
<CovPrefix CovItemPrefix="com.OriginalFiles.Piece.java">
<Cov CovItemId="B1" Value="2"/>
<Cov CovItemId="B12" Value="2"/>
<Cov CovItemId="B13" Value="2"/>
<Cov CovItemId="B15" Value="2"/>
<Cov CovItemId="B18" Value="2"/>
<Cov CovItemId="B5" Value="2"/>
<Cov CovItemId="B7" Value="2"/>
<Cov CovItemId="B9" Value="2"/>
<Cov CovItemId="S1" Value="1"/>
<Cov CovItemId="S10" Value="1"/>
<Cov CovItemId="S11" Value="1"/>
<Cov CovItemId="S12" Value="1"/>
<Cov CovItemId="S13" Value="1"/>
<Cov CovItemId="S14" Value="1"/>
<Cov CovItemId="S17" Value="2"/>
<Cov CovItemId="S18" Value="2"/>
<Cov CovItemId="S19" Value="2"/>
<Cov CovItemId="S2" Value="1"/>
<Cov CovItemId="S20" Value="2"/>
<Cov CovItemId="S21" Value="2"/>
<Cov CovItemId="S27" Value="2"/>
<Cov CovItemId="S28" Value="2"/>
<Cov CovItemId="S3" Value="1"/>
<Cov CovItemId="S30" Value="2"/>
<Cov CovItemId="S31" Value="2"/>
<Cov CovItemId="S32" Value="2"/>
<Cov CovItemId="S33" Value="2"/>
<Cov CovItemId="S34" Value="2"/>
<Cov CovItemId="S35" Value="2"/>
<Cov CovItemId="S36" Value="2"/>
<Cov CovItemId="S38" Value="2"/>
<Cov CovItemId="S39" Value="2"/>
<Cov CovItemId="S4" Value="1"/>
<Cov CovItemId="S40" Value="2"/>
<Cov CovItemId="S41" Value="2"/>
<Cov CovItemId="S42" Value="2"/>
<Cov CovItemId="S44" Value="2"/>
<Cov CovItemId="S5" Value="1"/>
<Cov CovItemId="S6" Value="1"/>
<Cov CovItemId="S7" Value="1"/>
<Cov CovItemId="S8" Value="1"/>
<Cov CovItemId="S9" Value="1"/>
</CovPrefix>
</CovList>
<AssgnmntList>
<AssgnmntPrefix RootTermCovItemPrefix="com.OriginalFiles.Board.java">
<AssgnmntListEntry Length="3" RootTermCovItemId="C55">
<MapEntry BoolAssgnmnt="120" Value="2"/>
<MapEntry BoolAssgnmnt="121" Value="2"/>
</AssgnmntListEntry>
<AssgnmntListEntry Length="3" RootTermCovItemId="C56">
<MapEntry BoolAssgnmnt="002" Value="2"/>
</AssgnmntListEntry>
</AssgnmntPrefix>
<AssgnmntPrefix RootTermCovItemPrefix="com.OriginalFiles.Field.java">
<AssgnmntListEntry Length="1" RootTermCovItemId="C1">
<MapEntry BoolAssgnmnt="0" Value="1"/>
</AssgnmntListEntry>
</AssgnmntPrefix>
<AssgnmntPrefix RootTermCovItemPrefix="com.OriginalFiles.Piece.java">
<AssgnmntListEntry Length="1" RootTermCovItemId="C1">
<MapEntry BoolAssgnmnt="1" Value="2"/>
</AssgnmntListEntry>
<AssgnmntListEntry Length="1" RootTermCovItemId="C3">
<MapEntry BoolAssgnmnt="1" Value="2"/>
</AssgnmntListEntry>
<AssgnmntListEntry Length="1" RootTermCovItemId="C4">
<MapEntry BoolAssgnmnt="1" Value="2"/>
</AssgnmntListEntry>
<AssgnmntListEntry Length="1" RootTermCovItemId="C5">
<MapEntry BoolAssgnmnt="1" Value="2"/>
</AssgnmntListEntry>
<AssgnmntListEntry Length="1" RootTermCovItemId="C6">
<MapEntry BoolAssgnmnt="0" Value="2"/>
</AssgnmntListEntry>
<AssgnmntListEntry Length="5" RootTermCovItemId="C7">
<MapEntry BoolAssgnmnt="00211" Value="2"/>
</AssgnmntListEntry>
<AssgnmntListEntry Length="1" RootTermCovItemId="C8">
<MapEntry BoolAssgnmnt="1" Value="2"/>
</AssgnmntListEntry>
<AssgnmntListEntry Length="1" RootTermCovItemId="C9">
<MapEntry BoolAssgnmnt="0" Value="2"/>
</AssgnmntListEntry>
</AssgnmntPrefix>
</AssgnmntList>
<ObjMetaDataList/>
<MetaDataList/>
</TestCase>
<TestCase Comment="" Date="1386061681041" Name="com.Testing.FieldTest:testIsEmpty">
<CovList>
<CovPrefix CovItemPrefix="com.OriginalFiles.Board.java">
<Cov CovItemId="B83" Value="2"/>
<Cov CovItemId="B84" Value="2"/>
<Cov CovItemId="B86" Value="2"/>
<Cov CovItemId="S180" Value="4"/>
<Cov CovItemId="S181" Value="2"/>
<Cov CovItemId="S182" Value="2"/>
<Cov CovItemId="S184" Value="2"/>
<Cov CovItemId="S185" Value="2"/>
</CovPrefix>
<CovPrefix CovItemPrefix="com.OriginalFiles.Field.java">
<Cov CovItemId="B1" Value="1"/>
<Cov CovItemId="S1" Value="1"/>
<Cov CovItemId="S13" Value="1"/>
<Cov CovItemId="S2" Value="1"/>
<Cov CovItemId="S5" Value="1"/>
<Cov CovItemId="S6" Value="1"/>
<Cov CovItemId="S7" Value="1"/>
<Cov CovItemId="S9" Value="4"/>
</CovPrefix>
<CovPrefix CovItemPrefix="com.OriginalFiles.Piece.java">
<Cov CovItemId="B1" Value="2"/>
<Cov CovItemId="B12" Value="2"/>
<Cov CovItemId="B13" Value="2"/>
<Cov CovItemId="B15" Value="2"/>
<Cov CovItemId="B18" Value="2"/>
<Cov CovItemId="B5" Value="2"/>
<Cov CovItemId="B7" Value="2"/>
<Cov CovItemId="B9" Value="2"/>
<Cov CovItemId="S1" Value="1"/>
<Cov CovItemId="S10" Value="1"/>
<Cov CovItemId="S11" Value="1"/>
<Cov CovItemId="S12" Value="1"/>
<Cov CovItemId="S13" Value="1"/>
<Cov CovItemId="S14" Value="1"/>
<Cov CovItemId="S17" Value="2"/>
<Cov CovItemId="S18" Value="2"/>
<Cov CovItemId="S19" Value="2"/>
<Cov CovItemId="S2" Value="1"/>
<Cov CovItemId="S20" Value="2"/>
<Cov CovItemId="S21" Value="2"/>
<Cov CovItemId="S27" Value="2"/>
<Cov CovItemId="S28" Value="2"/>
<Cov CovItemId="S3" Value="1"/>
<Cov CovItemId="S30" Value="2"/>
<Cov CovItemId="S31" Value="2"/>
<Cov CovItemId="S32" Value="2"/>
<Cov CovItemId="S33" Value="2"/>
<Cov CovItemId="S34" Value="2"/>
<Cov CovItemId="S35" Value="2"/>
<Cov CovItemId="S36" Value="2"/>
<Cov CovItemId="S38" Value="2"/>
<Cov CovItemId="S39" Value="2"/>
<Cov CovItemId="S4" Value="1"/>
<Cov CovItemId="S40" Value="2"/>
<Cov CovItemId="S41" Value="2"/>
<Cov CovItemId="S42" Value="2"/>
<Cov CovItemId="S44" Value="2"/>
<Cov CovItemId="S5" Value="1"/>
<Cov CovItemId="S6" Value="1"/>
<Cov CovItemId="S7" Value="1"/>
<Cov CovItemId="S8" Value="1"/>
<Cov CovItemId="S9" Value="1"/>
</CovPrefix>
</CovList>
<AssgnmntList>
<AssgnmntPrefix RootTermCovItemPrefix="com.OriginalFiles.Board.java">
<AssgnmntListEntry Length="3" RootTermCovItemId="C55">
<MapEntry BoolAssgnmnt="120" Value="2"/>
<MapEntry BoolAssgnmnt="121" Value="2"/>
</AssgnmntListEntry>
<AssgnmntListEntry Length="3" RootTermCovItemId="C56">
<MapEntry BoolAssgnmnt="002" Value="2"/>
</AssgnmntListEntry>
</AssgnmntPrefix>
<AssgnmntPrefix RootTermCovItemPrefix="com.OriginalFiles.Field.java">
<AssgnmntListEntry Length="1" RootTermCovItemId="C1">
<MapEntry BoolAssgnmnt="0" Value="1"/>
</AssgnmntListEntry>
</AssgnmntPrefix>
<AssgnmntPrefix RootTermCovItemPrefix="com.OriginalFiles.Piece.java">
<AssgnmntListEntry Length="1" RootTermCovItemId="C1">
<MapEntry BoolAssgnmnt="1" Value="2"/>
</AssgnmntListEntry>
<AssgnmntListEntry Length="1" RootTermCovItemId="C3">
<MapEntry BoolAssgnmnt="1" Value="2"/>
</AssgnmntListEntry>
<AssgnmntListEntry Length="1" RootTermCovItemId="C4">
<MapEntry BoolAssgnmnt="1" Value="2"/>
</AssgnmntListEntry>
<AssgnmntListEntry Length="1" RootTermCovItemId="C5">
<MapEntry BoolAssgnmnt="1" Value="2"/>
</AssgnmntListEntry>
<AssgnmntListEntry Length="1" RootTermCovItemId="C6">
<MapEntry BoolAssgnmnt="0" Value="2"/>
</AssgnmntListEntry>
<AssgnmntListEntry Length="5" RootTermCovItemId="C7">
<MapEntry BoolAssgnmnt="00211" Value="2"/>
</AssgnmntListEntry>
<AssgnmntListEntry Length="1" RootTermCovItemId="C8">
<MapEntry BoolAssgnmnt="1" Value="2"/>
</AssgnmntListEntry>
<AssgnmntListEntry Length="1" RootTermCovItemId="C9">
<MapEntry BoolAssgnmnt="0" Value="2"/>
</AssgnmntListEntry>
</AssgnmntPrefix>
</AssgnmntList>
<ObjMetaDataList/>
<MetaDataList/>
</TestCase>
<TestCase Comment="" Date="1386061681042" Name="com.Testing.BoardTest:testCheckJumpDirection">
<CovList>
<CovPrefix CovItemPrefix="com.OriginalFiles.Analyze.java">
<Cov CovItemId="B107" Value="32"/>
<Cov CovItemId="S200" Value="32"/>
<Cov CovItemId="S201" Value="32"/>
<Cov CovItemId="S202" Value="32"/>
<Cov CovItemId="S203" Value="32"/>
<Cov CovItemId="S204" Value="32"/>
<Cov CovItemId="S205" Value="32"/>
</CovPrefix>
<CovPrefix CovItemPrefix="com.OriginalFiles.Board.java">
<Cov CovItemId="B41" Value="2"/>
<Cov CovItemId="B56" Value="4"/>
<Cov CovItemId="B57" Value="4"/>
<Cov CovItemId="B59" Value="4"/>
<Cov CovItemId="B61" Value="2"/>
<Cov CovItemId="B62" Value="2"/>
<Cov CovItemId="B79" Value="4"/>
<Cov CovItemId="B81" Value="2"/>
<Cov CovItemId="B82" Value="2"/>
<Cov CovItemId="B83" Value="15"/>
<Cov CovItemId="B84" Value="39"/>
<Cov CovItemId="B85" Value="15"/>
<Cov CovItemId="B86" Value="24"/>
<Cov CovItemId="S115" Value="2"/>
<Cov CovItemId="S116" Value="2"/>
<Cov CovItemId="S135" Value="4"/>
<Cov CovItemId="S137" Value="4"/>
<Cov CovItemId="S138" Value="4"/>
<Cov CovItemId="S139" Value="4"/>
<Cov CovItemId="S140" Value="2"/>
<Cov CovItemId="S141" Value="2"/>
<Cov CovItemId="S176" Value="4"/>
<Cov CovItemId="S177" Value="4"/>
<Cov CovItemId="S178" Value="2"/>
<Cov CovItemId="S179" Value="2"/>
<Cov CovItemId="S180" Value="54"/>
<Cov CovItemId="S181" Value="15"/>
<Cov CovItemId="S182" Value="39"/>
<Cov CovItemId="S183" Value="15"/>
<Cov CovItemId="S184" Value="24"/>
<Cov CovItemId="S185" Value="46"/>
</CovPrefix>
<CovPrefix CovItemPrefix="com.OriginalFiles.Field.java">
<Cov CovItemId="B1" Value="34"/>
<Cov CovItemId="B2" Value="8"/>
<Cov CovItemId="S1" Value="88"/>
<Cov CovItemId="S13" Value="65"/>
<Cov CovItemId="S2" Value="88"/>
<Cov CovItemId="S5" Value="42"/>
<Cov CovItemId="S6" Value="42"/>
<Cov CovItemId="S7" Value="34"/>
<Cov CovItemId="S8" Value="3"/>
<Cov CovItemId="S9" Value="48"/>
</CovPrefix>
<CovPrefix CovItemPrefix="com.OriginalFiles.Piece.java">
<Cov CovItemId="B1" Value="28"/>
<Cov CovItemId="B12" Value="28"/>
<Cov CovItemId="B13" Value="9"/>
<Cov CovItemId="B14" Value="19"/>
<Cov CovItemId="B15" Value="9"/>
<Cov CovItemId="B18" Value="28"/>
<Cov CovItemId="B2" Value="8"/>
<Cov CovItemId="B5" Value="14"/>
<Cov CovItemId="B6" Value="14"/>
<Cov CovItemId="B7" Value="28"/>
<Cov CovItemId="B8" Value="8"/>
<Cov CovItemId="B9" Value="28"/>
<Cov CovItemId="S1" Value="34"/>
<Cov CovItemId="S10" Value="34"/>
<Cov CovItemId="S11" Value="34"/>
<Cov CovItemId="S12" Value="34"/>
<Cov CovItemId="S13" Value="34"/>
<Cov CovItemId="S14" Value="34"/>
<Cov CovItemId="S17" Value="36"/>
<Cov CovItemId="S18" Value="36"/>
<Cov CovItemId="S19" Value="36"/>
<Cov CovItemId="S2" Value="34"/>
<Cov CovItemId="S20" Value="36"/>
<Cov CovItemId="S21" Value="28"/>
<Cov CovItemId="S22" Value="8"/>
<Cov CovItemId="S23" Value="8"/>
<Cov CovItemId="S27" Value="28"/>
<Cov CovItemId="S28" Value="14"/>
<Cov CovItemId="S29" Value="14"/>
<Cov CovItemId="S3" Value="34"/>
<Cov CovItemId="S30" Value="36"/>
<Cov CovItemId="S31" Value="36"/>
<Cov CovItemId="S32" Value="28"/>
<Cov CovItemId="S33" Value="28"/>
<Cov CovItemId="S34" Value="28"/>
<Cov CovItemId="S35" Value="28"/>
<Cov CovItemId="S36" Value="28"/>
<Cov CovItemId="S38" Value="28"/>
<Cov CovItemId="S39" Value="9"/>
<Cov CovItemId="S4" Value="34"/>
<Cov CovItemId="S40" Value="9"/>
<Cov CovItemId="S41" Value="9"/>
<Cov CovItemId="S42" Value="28"/>
<Cov CovItemId="S44" Value="28"/>
<Cov CovItemId="S5" Value="34"/>
<Cov CovItemId="S6" Value="34"/>
<Cov CovItemId="S7" Value="34"/>
<Cov CovItemId="S8" Value="34"/>
<Cov CovItemId="S9" Value="34"/>
</CovPrefix>
<CovPrefix CovItemPrefix="com.OriginalFiles.RemoteNXTFunctions.java">
<Cov CovItemId="B5" Value="32"/>
<Cov CovItemId="B7" Value="32"/>
<Cov CovItemId="S162" Value="32"/>
<Cov CovItemId="S19" Value="32"/>
<Cov CovItemId="S20" Value="32"/>
<Cov CovItemId="S21" Value="32"/>
<Cov CovItemId="S22" Value="32"/>
</CovPrefix>
</CovList>
<AssgnmntList>
<AssgnmntPrefix RootTermCovItemPrefix="com.OriginalFiles.Analyze.java">
<AssgnmntListEntry Length="6" RootTermCovItemId="C66">
<MapEntry BoolAssgnmnt="111111" Value="32"/>
</AssgnmntListEntry>
</AssgnmntPrefix>
<AssgnmntPrefix RootTermCovItemPrefix="com.OriginalFiles.Board.java">
<AssgnmntListEntry Length="1" RootTermCovItemId="C31">
<MapEntry BoolAssgnmnt="1" Value="2"/>
</AssgnmntListEntry>
<AssgnmntListEntry Length="5" RootTermCovItemId="C38">
<MapEntry BoolAssgnmnt="02002" Value="2"/>
<MapEntry BoolAssgnmnt="11221" Value="2"/>
</AssgnmntListEntry>
<AssgnmntListEntry Length="1" RootTermCovItemId="C39">
<MapEntry BoolAssgnmnt="1" Value="4"/>
</AssgnmntListEntry>
<AssgnmntListEntry Length="1" RootTermCovItemId="C40">
<MapEntry BoolAssgnmnt="0" Value="4"/>
</AssgnmntListEntry>
<AssgnmntListEntry Length="2" RootTermCovItemId="C41">
<MapEntry BoolAssgnmnt="10" Value="2"/>
<MapEntry BoolAssgnmnt="02" Value="2"/>
</AssgnmntListEntry>
<AssgnmntListEntry Length="1" RootTermCovItemId="C53">
<MapEntry BoolAssgnmnt="1" Value="4"/>
</AssgnmntListEntry>
<AssgnmntListEntry Length="1" RootTermCovItemId="C54">
<MapEntry BoolAssgnmnt="0" Value="2"/>
<MapEntry BoolAssgnmnt="1" Value="2"/>
</AssgnmntListEntry>
<AssgnmntListEntry Length="3" RootTermCovItemId="C55">
<MapEntry BoolAssgnmnt="002" Value="25"/>
<MapEntry BoolAssgnmnt="120" Value="15"/>
<MapEntry BoolAssgnmnt="121" Value="14"/>
</AssgnmntListEntry>
<AssgnmntListEntry Length="3" RootTermCovItemId="C56">
<MapEntry BoolAssgnmnt="002" Value="14"/>
<MapEntry BoolAssgnmnt="120" Value="10"/>
<MapEntry BoolAssgnmnt="121" Value="15"/>
</AssgnmntListEntry>
</AssgnmntPrefix>
<AssgnmntPrefix RootTermCovItemPrefix="com.OriginalFiles.Field.java">
<AssgnmntListEntry Length="1" RootTermCovItemId="C1">
<MapEntry BoolAssgnmnt="0" Value="34"/>
<MapEntry BoolAssgnmnt="1" Value="8"/>
</AssgnmntListEntry>
</AssgnmntPrefix>
<AssgnmntPrefix RootTermCovItemPrefix="com.OriginalFiles.Piece.java">
<AssgnmntListEntry Length="1" RootTermCovItemId="C1">
<MapEntry BoolAssgnmnt="0" Value="8"/>
<MapEntry BoolAssgnmnt="1" Value="28"/>
</AssgnmntListEntry>
<AssgnmntListEntry Length="1" RootTermCovItemId="C3">
<MapEntry BoolAssgnmnt="0" Value="14"/>
<MapEntry BoolAssgnmnt="1" Value="14"/>
</AssgnmntListEntry>
<AssgnmntListEntry Length="1" RootTermCovItemId="C4">
<MapEntry BoolAssgnmnt="0" Value="8"/>
<MapEntry BoolAssgnmnt="1" Value="28"/>
</AssgnmntListEntry>
<AssgnmntListEntry Length="1" RootTermCovItemId="C5">
<MapEntry BoolAssgnmnt="1" Value="28"/>
</AssgnmntListEntry>
<AssgnmntListEntry Length="1" RootTermCovItemId="C6">
<MapEntry BoolAssgnmnt="0" Value="28"/>
</AssgnmntListEntry>
<AssgnmntListEntry Length="5" RootTermCovItemId="C7">
<MapEntry BoolAssgnmnt="00210" Value="9"/>
<MapEntry BoolAssgnmnt="00211" Value="5"/>
<MapEntry BoolAssgnmnt="01002" Value="10"/>
<MapEntry BoolAssgnmnt="01122" Value="4"/>
</AssgnmntListEntry>
<AssgnmntListEntry Length="1" RootTermCovItemId="C8">
<MapEntry BoolAssgnmnt="1" Value="9"/>
</AssgnmntListEntry>
<AssgnmntListEntry Length="1" RootTermCovItemId="C9">
<MapEntry BoolAssgnmnt="0" Value="28"/>
</AssgnmntListEntry>
</AssgnmntPrefix>
<AssgnmntPrefix RootTermCovItemPrefix="com.OriginalFiles.RemoteNXTFunctions.java">
<AssgnmntListEntry Length="1" RootTermCovItemId="C5">
<MapEntry BoolAssgnmnt="1" Value="32"/>
</AssgnmntListEntry>
<AssgnmntListEntry Length="2" RootTermCovItemId="C6">
<MapEntry BoolAssgnmnt="11" Value="32"/>
</AssgnmntListEntry>
</AssgnmntPrefix>
</AssgnmntList>
<ObjMetaDataList/>
<MetaDataList/>
</TestCase>
<TestCase Comment="" Date="1386061681043" Name="com.Testing.BoardTest:testFieldOccupied">
<CovList>
<CovPrefix CovItemPrefix="com.OriginalFiles.Board.java">
<Cov CovItemId="B41" Value="2"/>
<Cov CovItemId="B42" Value="1"/>
<Cov CovItemId="S115" Value="3"/>
<Cov CovItemId="S116" Value="2"/>
<Cov CovItemId="S117" Value="1"/>
<Cov CovItemId="S185" Value="3"/>
</CovPrefix>
<CovPrefix CovItemPrefix="com.OriginalFiles.Field.java">
<Cov CovItemId="S9" Value="2"/>
</CovPrefix>
</CovList>
<AssgnmntList>
<AssgnmntPrefix RootTermCovItemPrefix="com.OriginalFiles.Board.java">
<AssgnmntListEntry Length="1" RootTermCovItemId="C31">
<MapEntry BoolAssgnmnt="0" Value="1"/>
<MapEntry BoolAssgnmnt="1" Value="2"/>
</AssgnmntListEntry>
</AssgnmntPrefix>
</AssgnmntList>
<ObjMetaDataList/>
<MetaDataList/>
</TestCase>
<TestCase Comment="" Date="1386061681043" Name="com.Testing.BoardTest:testBoard">
<CovList>
<CovPrefix CovItemPrefix="com.OriginalFiles.Field.java">
<Cov CovItemId="S8" Value="120"/>
</CovPrefix>
<CovPrefix CovItemPrefix="com.OriginalFiles.Piece.java">
<Cov CovItemId="S15" Value="24"/>
<Cov CovItemId="S16" Value="24"/>
</CovPrefix>
</CovList>
<AssgnmntList/>
<ObjMetaDataList/>
<MetaDataList/>
</TestCase>
<TestCase Comment="" Date="1386061681044" Name="com.Testing.BoardTest:testCheckAllegiance">
<CovList>
<CovPrefix CovItemPrefix="com.OriginalFiles.Board.java">
<Cov CovItemId="B79" Value="4"/>
<Cov CovItemId="B80" Value="2"/>
<Cov CovItemId="B81" Value="4"/>
<Cov CovItemId="B83" Value="1"/>
<Cov CovItemId="B84" Value="3"/>
<Cov CovItemId="B85" Value="1"/>
<Cov CovItemId="B86" Value="2"/>
<Cov CovItemId="S176" Value="6"/>
<Cov CovItemId="S177" Value="4"/>
<Cov CovItemId="S178" Value="4"/>
<Cov CovItemId="S179" Value="2"/>
<Cov CovItemId="S180" Value="4"/>
<Cov CovItemId="S181" Value="1"/>
<Cov CovItemId="S182" Value="3"/>
<Cov CovItemId="S183" Value="1"/>
<Cov CovItemId="S184" Value="2"/>
<Cov CovItemId="S185" Value="6"/>
</CovPrefix>
<CovPrefix CovItemPrefix="com.OriginalFiles.Field.java">
<Cov CovItemId="S1" Value="1"/>
<Cov CovItemId="S2" Value="1"/>
<Cov CovItemId="S8" Value="4"/>
<Cov CovItemId="S9" Value="4"/>
</CovPrefix>
</CovList>
<AssgnmntList>
<AssgnmntPrefix RootTermCovItemPrefix="com.OriginalFiles.Board.java">
<AssgnmntListEntry Length="1" RootTermCovItemId="C53">
<MapEntry BoolAssgnmnt="0" Value="2"/>
<MapEntry BoolAssgnmnt="1" Value="4"/>
</AssgnmntListEntry>
<AssgnmntListEntry Length="1" RootTermCovItemId="C54">
<MapEntry BoolAssgnmnt="0" Value="4"/>
</AssgnmntListEntry>
<AssgnmntListEntry Length="3" RootTermCovItemId="C55">
<MapEntry BoolAssgnmnt="002" Value="2"/>
<MapEntry BoolAssgnmnt="120" Value="1"/>
<MapEntry BoolAssgnmnt="121" Value="1"/>
</AssgnmntListEntry>
<AssgnmntListEntry Length="3" RootTermCovItemId="C56">
<MapEntry BoolAssgnmnt="002" Value="1"/>
<MapEntry BoolAssgnmnt="120" Value="1"/>
<MapEntry BoolAssgnmnt="121" Value="1"/>
</AssgnmntListEntry>
</AssgnmntPrefix>
</AssgnmntList>
<ObjMetaDataList/>
<MetaDataList/>
</TestCase>
<TestCase Comment="" Date="1386061681044" Name="com.Testing.BoardTest:testpeasentIsOnEndRow">
<CovList>
<CovPrefix CovItemPrefix="com.OriginalFiles.Board.java">
<Cov CovItemId="B31" Value="6"/>
<Cov CovItemId="B32" Value="1"/>
<Cov CovItemId="B33" Value="3"/>
<Cov CovItemId="B34" Value="3"/>
<Cov CovItemId="B35" Value="2"/>
<Cov CovItemId="B36" Value="4"/>
<Cov CovItemId="B79" Value="6"/>
<Cov CovItemId="B81" Value="6"/>
<Cov CovItemId="B84" Value="8"/>
<Cov CovItemId="B85" Value="4"/>
<Cov CovItemId="B86" Value="4"/>
<Cov CovItemId="S100" Value="3"/>
<Cov CovItemId="S101" Value="3"/>
<Cov CovItemId="S102" Value="6"/>
<Cov CovItemId="S103" Value="2"/>
<Cov CovItemId="S104" Value="5"/>
<Cov CovItemId="S176" Value="6"/>
<Cov CovItemId="S177" Value="6"/>
<Cov CovItemId="S178" Value="6"/>
<Cov CovItemId="S180" Value="8"/>
<Cov CovItemId="S182" Value="8"/>
<Cov CovItemId="S183" Value="4"/>
<Cov CovItemId="S184" Value="4"/>
<Cov CovItemId="S185" Value="7"/>
<Cov CovItemId="S98" Value="7"/>
<Cov CovItemId="S99" Value="6"/>
</CovPrefix>
<CovPrefix CovItemPrefix="com.OriginalFiles.Field.java">
<Cov CovItemId="B1" Value="1"/>
<Cov CovItemId="S1" Value="1"/>
<Cov CovItemId="S13" Value="1"/>
<Cov CovItemId="S2" Value="1"/>
<Cov CovItemId="S5" Value="1"/>
<Cov CovItemId="S6" Value="1"/>
<Cov CovItemId="S7" Value="1"/>
<Cov CovItemId="S8" Value="10"/>
<Cov CovItemId="S9" Value="14"/>
</CovPrefix>
<CovPrefix CovItemPrefix="com.OriginalFiles.Piece.java">
<Cov CovItemId="B1" Value="1"/>
<Cov CovItemId="B12" Value="1"/>
<Cov CovItemId="B14" Value="1"/>
<Cov CovItemId="B18" Value="1"/>
<Cov CovItemId="B6" Value="1"/>
<Cov CovItemId="B7" Value="1"/>
<Cov CovItemId="B9" Value="1"/>
<Cov CovItemId="S1" Value="1"/>
<Cov CovItemId="S10" Value="1"/>
<Cov CovItemId="S11" Value="1"/>
<Cov CovItemId="S12" Value="1"/>
<Cov CovItemId="S13" Value="1"/>
<Cov CovItemId="S14" Value="1"/>
<Cov CovItemId="S17" Value="1"/>
<Cov CovItemId="S18" Value="1"/>
<Cov CovItemId="S19" Value="1"/>
<Cov CovItemId="S2" Value="1"/>
<Cov CovItemId="S20" Value="1"/>
<Cov CovItemId="S21" Value="1"/>
<Cov CovItemId="S27" Value="1"/>
<Cov CovItemId="S29" Value="1"/>
<Cov CovItemId="S3" Value="1"/>
<Cov CovItemId="S30" Value="1"/>
<Cov CovItemId="S31" Value="1"/>
<Cov CovItemId="S32" Value="1"/>
<Cov CovItemId="S33" Value="1"/>
<Cov CovItemId="S34" Value="1"/>
<Cov CovItemId="S35" Value="1"/>
<Cov CovItemId="S36" Value="1"/>
<Cov CovItemId="S38" Value="1"/>
<Cov CovItemId="S4" Value="1"/>
<Cov CovItemId="S42" Value="1"/>
<Cov CovItemId="S44" Value="1"/>
<Cov CovItemId="S5" Value="1"/>
<Cov CovItemId="S6" Value="1"/>
<Cov CovItemId="S7" Value="1"/>
<Cov CovItemId="S8" Value="1"/>
<Cov CovItemId="S9" Value="1"/>
</CovPrefix>
</CovList>
<AssgnmntList>
<AssgnmntPrefix RootTermCovItemPrefix="com.OriginalFiles.Board.java">
<AssgnmntListEntry Length="1" RootTermCovItemId="C26">
<MapEntry BoolAssgnmnt="0" Value="6"/>
<MapEntry BoolAssgnmnt="1" Value="1"/>
</AssgnmntListEntry>
<AssgnmntListEntry Length="1" RootTermCovItemId="C27">
<MapEntry BoolAssgnmnt="0" Value="3"/>
<MapEntry BoolAssgnmnt="1" Value="3"/>
</AssgnmntListEntry>
<AssgnmntListEntry Length="2" RootTermCovItemId="C28">
<MapEntry BoolAssgnmnt="10" Value="2"/>
<MapEntry BoolAssgnmnt="02" Value="2"/>
<MapEntry BoolAssgnmnt="11" Value="2"/>
</AssgnmntListEntry>
<AssgnmntListEntry Length="1" RootTermCovItemId="C53">
<MapEntry BoolAssgnmnt="1" Value="6"/>
</AssgnmntListEntry>
<AssgnmntListEntry Length="1" RootTermCovItemId="C54">
<MapEntry BoolAssgnmnt="0" Value="6"/>
</AssgnmntListEntry>
<AssgnmntListEntry Length="3" RootTermCovItemId="C55">
<MapEntry BoolAssgnmnt="002" Value="5"/>
<MapEntry BoolAssgnmnt="121" Value="3"/>
</AssgnmntListEntry>
<AssgnmntListEntry Length="3" RootTermCovItemId="C56">
<MapEntry BoolAssgnmnt="002" Value="3"/>
<MapEntry BoolAssgnmnt="120" Value="1"/>
<MapEntry BoolAssgnmnt="121" Value="4"/>
</AssgnmntListEntry>
</AssgnmntPrefix>
<AssgnmntPrefix RootTermCovItemPrefix="com.OriginalFiles.Field.java">
<AssgnmntListEntry Length="1" RootTermCovItemId="C1">
<MapEntry BoolAssgnmnt="0" Value="1"/>
</AssgnmntListEntry>
</AssgnmntPrefix>
<AssgnmntPrefix RootTermCovItemPrefix="com.OriginalFiles.Piece.java">
<AssgnmntListEntry Length="1" RootTermCovItemId="C1">
<MapEntry BoolAssgnmnt="1" Value="1"/>
</AssgnmntListEntry>
<AssgnmntListEntry Length="1" RootTermCovItemId="C3">
<MapEntry BoolAssgnmnt="0" Value="1"/>
</AssgnmntListEntry>
<AssgnmntListEntry Length="1" RootTermCovItemId="C4">
<MapEntry BoolAssgnmnt="1" Value="1"/>
</AssgnmntListEntry>
<AssgnmntListEntry Length="1" RootTermCovItemId="C5">
<MapEntry BoolAssgnmnt="1" Value="1"/>
</AssgnmntListEntry>
<AssgnmntListEntry Length="1" RootTermCovItemId="C6">
<MapEntry BoolAssgnmnt="0" Value="1"/>
</AssgnmntListEntry>
<AssgnmntListEntry Length="5" RootTermCovItemId="C7">
<MapEntry BoolAssgnmnt="01002" Value="1"/>
</AssgnmntListEntry>
<AssgnmntListEntry Length="1" RootTermCovItemId="C9">
<MapEntry BoolAssgnmnt="0" Value="1"/>
</AssgnmntListEntry>
</AssgnmntPrefix>
</AssgnmntList>
<ObjMetaDataList/>
<MetaDataList/>
</TestCase>
<TestCase Comment="" Date="1386061681044" Name="com.Testing.BoardTest:testverifyCorrectMove">
<CovList>
<CovPrefix CovItemPrefix="com.OriginalFiles.Analyze.java">
<Cov CovItemId="B108" Value="2"/>
<Cov CovItemId="B109" Value="1"/>
<Cov CovItemId="B110" Value="1"/>
<Cov CovItemId="B112" Value="1"/>
<Cov CovItemId="B114" Value="1"/>
<Cov CovItemId="S200" Value="2"/>
<Cov CovItemId="S201" Value="2"/>
<Cov CovItemId="S202" Value="2"/>
<Cov CovItemId="S203" Value="2"/>
<Cov CovItemId="S204" Value="2"/>
<Cov CovItemId="S206" Value="2"/>
<Cov CovItemId="S207" Value="1"/>
<Cov CovItemId="S208" Value="1"/>
<Cov CovItemId="S210" Value="1"/>
<Cov CovItemId="S212" Value="1"/>
</CovPrefix>
<CovPrefix CovItemPrefix="com.OriginalFiles.Board.java">
<Cov CovItemId="B27" Value="3"/>
<Cov CovItemId="B28" Value="1"/>
<Cov CovItemId="B29" Value="2"/>
<Cov CovItemId="B30" Value="1"/>
<Cov CovItemId="B39" Value="2"/>
<Cov CovItemId="B79" Value="4"/>
<Cov CovItemId="B81" Value="4"/>
<Cov CovItemId="B84" Value="6"/>
<Cov CovItemId="B85" Value="4"/>
<Cov CovItemId="B86" Value="2"/>
<Cov CovItemId="S111" Value="2"/>
<Cov CovItemId="S112" Value="2"/>
<Cov CovItemId="S113" Value="2"/>
<Cov CovItemId="S176" Value="4"/>
<Cov CovItemId="S177" Value="4"/>
<Cov CovItemId="S178" Value="4"/>
<Cov CovItemId="S180" Value="6"/>
<Cov CovItemId="S182" Value="6"/>
<Cov CovItemId="S183" Value="4"/>
<Cov CovItemId="S184" Value="2"/>
<Cov CovItemId="S185" Value="7"/>
<Cov CovItemId="S94" Value="4"/>
<Cov CovItemId="S95" Value="3"/>
<Cov CovItemId="S96" Value="2"/>
<Cov CovItemId="S97" Value="2"/>
</CovPrefix>
<CovPrefix CovItemPrefix="com.OriginalFiles.Field.java">
<Cov CovItemId="B1" Value="1"/>
<Cov CovItemId="S1" Value="1"/>
<Cov CovItemId="S2" Value="1"/>
<Cov CovItemId="S5" Value="1"/>
<Cov CovItemId="S6" Value="1"/>
<Cov CovItemId="S7" Value="1"/>
<Cov CovItemId="S8" Value="8"/>
<Cov CovItemId="S9" Value="5"/>
</CovPrefix>
<CovPrefix CovItemPrefix="com.OriginalFiles.Piece.java">
<Cov CovItemId="B1" Value="1"/>
<Cov CovItemId="B12" Value="1"/>
<Cov CovItemId="B14" Value="1"/>
<Cov CovItemId="B18" Value="1"/>
<Cov CovItemId="B5" Value="1"/>
<Cov CovItemId="B7" Value="1"/>
<Cov CovItemId="B9" Value="1"/>
<Cov CovItemId="S1" Value="1"/>
<Cov CovItemId="S10" Value="1"/>
<Cov CovItemId="S11" Value="1"/>
<Cov CovItemId="S12" Value="1"/>
<Cov CovItemId="S13" Value="1"/>
<Cov CovItemId="S14" Value="1"/>
<Cov CovItemId="S17" Value="1"/>
<Cov CovItemId="S18" Value="1"/>
<Cov CovItemId="S19" Value="1"/>
<Cov CovItemId="S2" Value="1"/>
<Cov CovItemId="S20" Value="1"/>
<Cov CovItemId="S21" Value="1"/>
<Cov CovItemId="S27" Value="1"/>
<Cov CovItemId="S28" Value="1"/>
<Cov CovItemId="S3" Value="1"/>
<Cov CovItemId="S30" Value="1"/>
<Cov CovItemId="S31" Value="1"/>
<Cov CovItemId="S32" Value="1"/>
<Cov CovItemId="S33" Value="1"/>
<Cov CovItemId="S34" Value="1"/>
<Cov CovItemId="S35" Value="1"/>
<Cov CovItemId="S36" Value="1"/>
<Cov CovItemId="S38" Value="1"/>
<Cov CovItemId="S4" Value="1"/>
<Cov CovItemId="S42" Value="1"/>
<Cov CovItemId="S44" Value="1"/>
<Cov CovItemId="S5" Value="1"/>
<Cov CovItemId="S6" Value="1"/>
<Cov CovItemId="S7" Value="1"/>
<Cov CovItemId="S8" Value="1"/>
<Cov CovItemId="S9" Value="1"/>
</CovPrefix>
<CovPrefix CovItemPrefix="com.OriginalFiles.RemoteNXTFunctions.java">
<Cov CovItemId="B10" Value="1"/>
<Cov CovItemId="B11" Value="1"/>
<Cov CovItemId="B5" Value="2"/>
<Cov CovItemId="B8" Value="2"/>
<Cov CovItemId="B9" Value="1"/>
<Cov CovItemId="S162" Value="2"/>
<Cov CovItemId="S19" Value="2"/>
<Cov CovItemId="S20" Value="2"/>
<Cov CovItemId="S21" Value="2"/>
<Cov CovItemId="S23" Value="2"/>
<Cov CovItemId="S24" Value="1"/>
<Cov CovItemId="S25" Value="1"/>
<Cov CovItemId="S26" Value="1"/>
</CovPrefix>
</CovList>
<AssgnmntList>
<AssgnmntPrefix RootTermCovItemPrefix="com.OriginalFiles.Analyze.java">
<AssgnmntListEntry Length="6" RootTermCovItemId="C66">
<MapEntry BoolAssgnmnt="110222" Value="1"/>
<MapEntry BoolAssgnmnt="022222" Value="1"/>
</AssgnmntListEntry>
<AssgnmntListEntry Length="6" RootTermCovItemId="C67">
<MapEntry BoolAssgnmnt="022222" Value="1"/>
<MapEntry BoolAssgnmnt="111111" Value="1"/>
</AssgnmntListEntry>
<AssgnmntListEntry Length="6" RootTermCovItemId="C68">
<MapEntry BoolAssgnmnt="102222" Value="1"/>
</AssgnmntListEntry>
<AssgnmntListEntry Length="6" RootTermCovItemId="C69">
<MapEntry BoolAssgnmnt="102222" Value="1"/>
</AssgnmntListEntry>
</AssgnmntPrefix>
<AssgnmntPrefix RootTermCovItemPrefix="com.OriginalFiles.Board.java">
<AssgnmntListEntry Length="1" RootTermCovItemId="C24">
<MapEntry BoolAssgnmnt="0" Value="1"/>
<MapEntry BoolAssgnmnt="1" Value="3"/>
</AssgnmntListEntry>
<AssgnmntListEntry Length="1" RootTermCovItemId="C25">
<MapEntry BoolAssgnmnt="0" Value="1"/>
<MapEntry BoolAssgnmnt="1" Value="2"/>
</AssgnmntListEntry>
<AssgnmntListEntry Length="1" RootTermCovItemId="C30">
<MapEntry BoolAssgnmnt="1" Value="2"/>
</AssgnmntListEntry>
<AssgnmntListEntry Length="1" RootTermCovItemId="C53">
<MapEntry BoolAssgnmnt="1" Value="4"/>
</AssgnmntListEntry>
<AssgnmntListEntry Length="1" RootTermCovItemId="C54">
<MapEntry BoolAssgnmnt="0" Value="4"/>
</AssgnmntListEntry>
<AssgnmntListEntry Length="3" RootTermCovItemId="C55">
<MapEntry BoolAssgnmnt="002" Value="5"/>
<MapEntry BoolAssgnmnt="121" Value="1"/>
</AssgnmntListEntry>
<AssgnmntListEntry Length="3" RootTermCovItemId="C56">
<MapEntry BoolAssgnmnt="002" Value="1"/>
<MapEntry BoolAssgnmnt="120" Value="1"/>
<MapEntry BoolAssgnmnt="121" Value="4"/>
</AssgnmntListEntry>
</AssgnmntPrefix>
<AssgnmntPrefix RootTermCovItemPrefix="com.OriginalFiles.Field.java">
<AssgnmntListEntry Length="1" RootTermCovItemId="C1">
<MapEntry BoolAssgnmnt="0" Value="1"/>
</AssgnmntListEntry>
</AssgnmntPrefix>
<AssgnmntPrefix RootTermCovItemPrefix="com.OriginalFiles.Piece.java">
<AssgnmntListEntry Length="1" RootTermCovItemId="C1">
<MapEntry BoolAssgnmnt="1" Value="1"/>
</AssgnmntListEntry>
<AssgnmntListEntry Length="1" RootTermCovItemId="C3">
<MapEntry BoolAssgnmnt="1" Value="1"/>
</AssgnmntListEntry>
<AssgnmntListEntry Length="1" RootTermCovItemId="C4">
<MapEntry BoolAssgnmnt="1" Value="1"/>
</AssgnmntListEntry>
<AssgnmntListEntry Length="1" RootTermCovItemId="C5">
<MapEntry BoolAssgnmnt="1" Value="1"/>
</AssgnmntListEntry>
<AssgnmntListEntry Length="1" RootTermCovItemId="C6">
<MapEntry BoolAssgnmnt="0" Value="1"/>
</AssgnmntListEntry>
<AssgnmntListEntry Length="5" RootTermCovItemId="C7">
<MapEntry BoolAssgnmnt="01002" Value="1"/>
</AssgnmntListEntry>
<AssgnmntListEntry Length="1" RootTermCovItemId="C9">
<MapEntry BoolAssgnmnt="0" Value="1"/>
</AssgnmntListEntry>
</AssgnmntPrefix>
<AssgnmntPrefix RootTermCovItemPrefix="com.OriginalFiles.RemoteNXTFunctions.java">
<AssgnmntListEntry Length="1" RootTermCovItemId="C5">
<MapEntry BoolAssgnmnt="1" Value="2"/>
</AssgnmntListEntry>
<AssgnmntListEntry Length="2" RootTermCovItemId="C6">
<MapEntry BoolAssgnmnt="02" Value="2"/>
</AssgnmntListEntry>
<AssgnmntListEntry Length="2" RootTermCovItemId="C7">
<MapEntry BoolAssgnmnt="02" Value="1"/>
<MapEntry BoolAssgnmnt="11" Value="1"/>
</AssgnmntListEntry>
<AssgnmntListEntry Length="2" RootTermCovItemId="C8">
<MapEntry BoolAssgnmnt="11" Value="1"/>
</AssgnmntListEntry>
</AssgnmntPrefix>
</AssgnmntList>
<ObjMetaDataList/>
<MetaDataList/>
</TestCase>
<TestCase Comment="" Date="1386061681045" Name="com.Testing.BoardTest:testsortListOfFields">
<CovList>
<CovPrefix CovItemPrefix="com.OriginalFiles.Board.java">
<Cov CovItemId="B11" Value="1"/>
<Cov CovItemId="B14" Value="1"/>
<Cov CovItemId="B16" Value="1"/>
<Cov CovItemId="B17" Value="1"/>
<Cov CovItemId="B84" Value="2"/>
<Cov CovItemId="B85" Value="1"/>
<Cov CovItemId="B86" Value="1"/>
<Cov CovItemId="L11-2" Value="1"/>
<Cov CovItemId="L12-0" Value="1"/>
<Cov CovItemId="L12-1" Value="1"/>
<Cov CovItemId="S180" Value="2"/>
<Cov CovItemId="S182" Value="2"/>
<Cov CovItemId="S183" Value="1"/>
<Cov CovItemId="S184" Value="1"/>
<Cov CovItemId="S185" Value="2"/>
<Cov CovItemId="S64" Value="1"/>
<Cov CovItemId="S65" Value="1"/>
<Cov CovItemId="S66" Value="1"/>
<Cov CovItemId="S67" Value="1"/>
<Cov CovItemId="S68" Value="2"/>
<Cov CovItemId="S69" Value="1"/>
<Cov CovItemId="S70" Value="1"/>
<Cov CovItemId="S71" Value="1"/>
<Cov CovItemId="S72" Value="1"/>
<Cov CovItemId="S73" Value="1"/>
<Cov CovItemId="S74" Value="1"/>
<Cov CovItemId="S75" Value="1"/>
<Cov CovItemId="S76" Value="2"/>
<Cov CovItemId="S77" Value="2"/>
<Cov CovItemId="S78" Value="1"/>
<Cov CovItemId="S80" Value="1"/>
<Cov CovItemId="S82" Value="1"/>
<Cov CovItemId="S83" Value="1"/>
</CovPrefix>
<CovPrefix CovItemPrefix="com.OriginalFiles.Field.java">
<Cov CovItemId="B1" Value="2"/>
<Cov CovItemId="S1" Value="2"/>
<Cov CovItemId="S13" Value="64"/>
<Cov CovItemId="S2" Value="2"/>
<Cov CovItemId="S5" Value="2"/>
<Cov CovItemId="S6" Value="2"/>
<Cov CovItemId="S7" Value="2"/>
<Cov CovItemId="S8" Value="6"/>
<Cov CovItemId="S9" Value="2"/>
</CovPrefix>
<CovPrefix CovItemPrefix="com.OriginalFiles.Piece.java">
<Cov CovItemId="B1" Value="2"/>
<Cov CovItemId="B12" Value="2"/>
<Cov CovItemId="B14" Value="2"/>
<Cov CovItemId="B17" Value="1"/>
<Cov CovItemId="B18" Value="1"/>
<Cov CovItemId="B5" Value="2"/>
<Cov CovItemId="B7" Value="2"/>
<Cov CovItemId="B9" Value="2"/>
<Cov CovItemId="S1" Value="2"/>
<Cov CovItemId="S10" Value="2"/>
<Cov CovItemId="S11" Value="2"/>
<Cov CovItemId="S12" Value="2"/>
<Cov CovItemId="S13" Value="2"/>
<Cov CovItemId="S14" Value="2"/>
<Cov CovItemId="S17" Value="2"/>
<Cov CovItemId="S18" Value="2"/>
<Cov CovItemId="S19" Value="2"/>
<Cov CovItemId="S2" Value="2"/>
<Cov CovItemId="S20" Value="2"/>
<Cov CovItemId="S21" Value="2"/>
<Cov CovItemId="S27" Value="2"/>
<Cov CovItemId="S28" Value="2"/>
<Cov CovItemId="S3" Value="2"/>
<Cov CovItemId="S30" Value="2"/>
<Cov CovItemId="S31" Value="2"/>
<Cov CovItemId="S32" Value="2"/>
<Cov CovItemId="S33" Value="2"/>
<Cov CovItemId="S34" Value="2"/>
<Cov CovItemId="S35" Value="2"/>
<Cov CovItemId="S36" Value="2"/>
<Cov CovItemId="S38" Value="2"/>
<Cov CovItemId="S4" Value="2"/>
<Cov CovItemId="S42" Value="2"/>
<Cov CovItemId="S43" Value="1"/>
<Cov CovItemId="S44" Value="2"/>
<Cov CovItemId="S5" Value="2"/>
<Cov CovItemId="S6" Value="2"/>
<Cov CovItemId="S7" Value="2"/>
<Cov CovItemId="S8" Value="2"/>
<Cov CovItemId="S9" Value="2"/>
</CovPrefix>
</CovList>
<AssgnmntList>
<AssgnmntPrefix RootTermCovItemPrefix="com.OriginalFiles.Board.java">
<AssgnmntListEntry Length="1" RootTermCovItemId="C14">
<MapEntry BoolAssgnmnt="0" Value="1"/>
<MapEntry BoolAssgnmnt="1" Value="2"/>
</AssgnmntListEntry>
<AssgnmntListEntry Length="1" RootTermCovItemId="C15">
<MapEntry BoolAssgnmnt="0" Value="2"/>
<MapEntry BoolAssgnmnt="1" Value="1"/>
</AssgnmntListEntry>
<AssgnmntListEntry Length="1" RootTermCovItemId="C16">
<MapEntry BoolAssgnmnt="0" Value="1"/>
</AssgnmntListEntry>
<AssgnmntListEntry Length="4" RootTermCovItemId="C17">
<MapEntry BoolAssgnmnt="0222" Value="1"/>
</AssgnmntListEntry>
<AssgnmntListEntry Length="2" RootTermCovItemId="C18">
<MapEntry BoolAssgnmnt="02" Value="1"/>
</AssgnmntListEntry>
<AssgnmntListEntry Length="2" RootTermCovItemId="C19">
<MapEntry BoolAssgnmnt="10" Value="1"/>
</AssgnmntListEntry>
<AssgnmntListEntry Length="3" RootTermCovItemId="C55">
<MapEntry BoolAssgnmnt="002" Value="2"/>
</AssgnmntListEntry>
<AssgnmntListEntry Length="3" RootTermCovItemId="C56">
<MapEntry BoolAssgnmnt="120" Value="1"/>
<MapEntry BoolAssgnmnt="121" Value="1"/>
</AssgnmntListEntry>
</AssgnmntPrefix>
<AssgnmntPrefix RootTermCovItemPrefix="com.OriginalFiles.Field.java">
<AssgnmntListEntry Length="1" RootTermCovItemId="C1">
<MapEntry BoolAssgnmnt="0" Value="2"/>
</AssgnmntListEntry>
</AssgnmntPrefix>
<AssgnmntPrefix RootTermCovItemPrefix="com.OriginalFiles.Piece.java">
<AssgnmntListEntry Length="1" RootTermCovItemId="C1">
<MapEntry BoolAssgnmnt="1" Value="2"/>
</AssgnmntListEntry>
<AssgnmntListEntry Length="1" RootTermCovItemId="C3">
<MapEntry BoolAssgnmnt="1" Value="2"/>
</AssgnmntListEntry>
<AssgnmntListEntry Length="1" RootTermCovItemId="C4">
<MapEntry BoolAssgnmnt="1" Value="2"/>
</AssgnmntListEntry>
<AssgnmntListEntry Length="1" RootTermCovItemId="C5">
<MapEntry BoolAssgnmnt="1" Value="2"/>
</AssgnmntListEntry>
<AssgnmntListEntry Length="1" RootTermCovItemId="C6">
<MapEntry BoolAssgnmnt="0" Value="2"/>
</AssgnmntListEntry>
<AssgnmntListEntry Length="5" RootTermCovItemId="C7">
<MapEntry BoolAssgnmnt="01002" Value="1"/>
<MapEntry BoolAssgnmnt="12222" Value="1"/>
</AssgnmntListEntry>
<AssgnmntListEntry Length="1" RootTermCovItemId="C9">
<MapEntry BoolAssgnmnt="0" Value="1"/>
<MapEntry BoolAssgnmnt="1" Value="1"/>
</AssgnmntListEntry>
</AssgnmntPrefix>
</AssgnmntList>
<ObjMetaDataList/>
<MetaDataList/>
</TestCase>
<TestCase Comment="" Date="1386061681045" Name="com.Testing.BoardTest:testCheckMoveable">
<CovList>
<CovPrefix CovItemPrefix="com.OriginalFiles.Analyze.java">
<Cov CovItemId="B107" Value="32"/>
<Cov CovItemId="S200" Value="32"/>
<Cov CovItemId="S201" Value="32"/>
<Cov CovItemId="S202" Value="32"/>
<Cov CovItemId="S203" Value="32"/>
<Cov CovItemId="S204" Value="32"/>
<Cov CovItemId="S205" Value="32"/>
</CovPrefix>
<CovPrefix CovItemPrefix="com.OriginalFiles.Board.java">
<Cov CovItemId="B41" Value="10"/>
<Cov CovItemId="B42" Value="4"/>
<Cov CovItemId="B45" Value="4"/>
<Cov CovItemId="B46" Value="1"/>
<Cov CovItemId="B47" Value="3"/>
<Cov CovItemId="B48" Value="2"/>
<Cov CovItemId="B49" Value="2"/>
<Cov CovItemId="B50" Value="3"/>
<Cov CovItemId="B52" Value="2"/>
<Cov CovItemId="B54" Value="2"/>
<Cov CovItemId="B83" Value="12"/>
<Cov CovItemId="B84" Value="32"/>
<Cov CovItemId="B85" Value="12"/>
<Cov CovItemId="B86" Value="20"/>
<Cov CovItemId="S115" Value="14"/>
<Cov CovItemId="S116" Value="10"/>
<Cov CovItemId="S117" Value="4"/>
<Cov CovItemId="S123" Value="5"/>
<Cov CovItemId="S124" Value="5"/>
<Cov CovItemId="S125" Value="4"/>
<Cov CovItemId="S126" Value="5"/>
<Cov CovItemId="S127" Value="3"/>
<Cov CovItemId="S128" Value="5"/>
<Cov CovItemId="S129" Value="2"/>
<Cov CovItemId="S131" Value="2"/>
<Cov CovItemId="S133" Value="5"/>
<Cov CovItemId="S180" Value="44"/>
<Cov CovItemId="S181" Value="12"/>
<Cov CovItemId="S182" Value="32"/>
<Cov CovItemId="S183" Value="12"/>
<Cov CovItemId="S184" Value="20"/>
<Cov CovItemId="S185" Value="46"/>
</CovPrefix>
<CovPrefix CovItemPrefix="com.OriginalFiles.Field.java">
<Cov CovItemId="B1" Value="32"/>
<Cov CovItemId="B2" Value="8"/>
<Cov CovItemId="S1" Value="88"/>
<Cov CovItemId="S13" Value="64"/>
<Cov CovItemId="S2" Value="88"/>
<Cov CovItemId="S5" Value="40"/>
<Cov CovItemId="S6" Value="40"/>
<Cov CovItemId="S7" Value="32"/>
<Cov CovItemId="S8" Value="7"/>
<Cov CovItemId="S9" Value="50"/>
</CovPrefix>
<CovPrefix CovItemPrefix="com.OriginalFiles.Piece.java">
<Cov CovItemId="B1" Value="24"/>
<Cov CovItemId="B12" Value="24"/>
<Cov CovItemId="B13" Value="8"/>
<Cov CovItemId="B14" Value="16"/>
<Cov CovItemId="B15" Value="8"/>
<Cov CovItemId="B18" Value="24"/>
<Cov CovItemId="B2" Value="8"/>
<Cov CovItemId="B5" Value="12"/>
<Cov CovItemId="B6" Value="12"/>
<Cov CovItemId="B7" Value="24"/>
<Cov CovItemId="B8" Value="8"/>
<Cov CovItemId="B9" Value="24"/>
<Cov CovItemId="S1" Value="32"/>
<Cov CovItemId="S10" Value="32"/>
<Cov CovItemId="S11" Value="32"/>
<Cov CovItemId="S12" Value="32"/>
<Cov CovItemId="S13" Value="32"/>
<Cov CovItemId="S14" Value="32"/>
<Cov CovItemId="S17" Value="32"/>
<Cov CovItemId="S18" Value="32"/>
<Cov CovItemId="S19" Value="32"/>
<Cov CovItemId="S2" Value="32"/>
<Cov CovItemId="S20" Value="32"/>
<Cov CovItemId="S21" Value="24"/>
<Cov CovItemId="S22" Value="8"/>
<Cov CovItemId="S23" Value="8"/>
<Cov CovItemId="S27" Value="24"/>
<Cov CovItemId="S28" Value="12"/>
<Cov CovItemId="S29" Value="12"/>
<Cov CovItemId="S3" Value="32"/>
<Cov CovItemId="S30" Value="32"/>
<Cov CovItemId="S31" Value="32"/>
<Cov CovItemId="S32" Value="24"/>
<Cov CovItemId="S33" Value="24"/>
<Cov CovItemId="S34" Value="24"/>
<Cov CovItemId="S35" Value="24"/>
<Cov CovItemId="S36" Value="24"/>
<Cov CovItemId="S38" Value="24"/>
<Cov CovItemId="S39" Value="8"/>
<Cov CovItemId="S4" Value="32"/>
<Cov CovItemId="S40" Value="8"/>
<Cov CovItemId="S41" Value="8"/>
<Cov CovItemId="S42" Value="24"/>
<Cov CovItemId="S44" Value="24"/>
<Cov CovItemId="S5" Value="32"/>
<Cov CovItemId="S6" Value="32"/>
<Cov CovItemId="S7" Value="32"/>
<Cov CovItemId="S8" Value="32"/>
<Cov CovItemId="S9" Value="32"/>
</CovPrefix>
<CovPrefix CovItemPrefix="com.OriginalFiles.RemoteNXTFunctions.java">
<Cov CovItemId="B5" Value="32"/>
<Cov CovItemId="B7" Value="32"/>
<Cov CovItemId="S162" Value="32"/>
<Cov CovItemId="S19" Value="32"/>
<Cov CovItemId="S20" Value="32"/>
<Cov CovItemId="S21" Value="32"/>
<Cov CovItemId="S22" Value="32"/>
</CovPrefix>
</CovList>
<AssgnmntList>
<AssgnmntPrefix RootTermCovItemPrefix="com.OriginalFiles.Analyze.java">
<AssgnmntListEntry Length="6" RootTermCovItemId="C66">
<MapEntry BoolAssgnmnt="111111" Value="32"/>
</AssgnmntListEntry>
</AssgnmntPrefix>
<AssgnmntPrefix RootTermCovItemPrefix="com.OriginalFiles.Board.java">
<AssgnmntListEntry Length="1" RootTermCovItemId="C31">
<MapEntry BoolAssgnmnt="0" Value="4"/>
<MapEntry BoolAssgnmnt="1" Value="10"/>
</AssgnmntListEntry>
<AssgnmntListEntry Length="1" RootTermCovItemId="C33">
<MapEntry BoolAssgnmnt="0" Value="4"/>
<MapEntry BoolAssgnmnt="1" Value="1"/>
</AssgnmntListEntry>
<AssgnmntListEntry Length="1" RootTermCovItemId="C34">
<MapEntry BoolAssgnmnt="0" Value="3"/>
<MapEntry BoolAssgnmnt="1" Value="2"/>
</AssgnmntListEntry>
<AssgnmntListEntry Length="1" RootTermCovItemId="C35">
<MapEntry BoolAssgnmnt="0" Value="3"/>
<MapEntry BoolAssgnmnt="1" Value="2"/>
</AssgnmntListEntry>
<AssgnmntListEntry Length="1" RootTermCovItemId="C36">
<MapEntry BoolAssgnmnt="1" Value="2"/>
</AssgnmntListEntry>
<AssgnmntListEntry Length="1" RootTermCovItemId="C37">
<MapEntry BoolAssgnmnt="1" Value="2"/>
</AssgnmntListEntry>
<AssgnmntListEntry Length="3" RootTermCovItemId="C55">
<MapEntry BoolAssgnmnt="002" Value="20"/>
<MapEntry BoolAssgnmnt="120" Value="12"/>
<MapEntry BoolAssgnmnt="121" Value="12"/>
</AssgnmntListEntry>
<AssgnmntListEntry Length="3" RootTermCovItemId="C56">
<MapEntry BoolAssgnmnt="002" Value="12"/>
<MapEntry BoolAssgnmnt="120" Value="8"/>
<MapEntry BoolAssgnmnt="121" Value="12"/>
</AssgnmntListEntry>
</AssgnmntPrefix>
<AssgnmntPrefix RootTermCovItemPrefix="com.OriginalFiles.Field.java">
<AssgnmntListEntry Length="1" RootTermCovItemId="C1">
<MapEntry BoolAssgnmnt="0" Value="32"/>
<MapEntry BoolAssgnmnt="1" Value="8"/>
</AssgnmntListEntry>
</AssgnmntPrefix>
<AssgnmntPrefix RootTermCovItemPrefix="com.OriginalFiles.Piece.java">
<AssgnmntListEntry Length="1" RootTermCovItemId="C1">
<MapEntry BoolAssgnmnt="0" Value="8"/>
<MapEntry BoolAssgnmnt="1" Value="24"/>
</AssgnmntListEntry>
<AssgnmntListEntry Length="1" RootTermCovItemId="C3">
<MapEntry BoolAssgnmnt="0" Value="12"/>
<MapEntry BoolAssgnmnt="1" Value="12"/>
</AssgnmntListEntry>
<AssgnmntListEntry Length="1" RootTermCovItemId="C4">
<MapEntry BoolAssgnmnt="0" Value="8"/>
<MapEntry BoolAssgnmnt="1" Value="24"/>
</AssgnmntListEntry>
<AssgnmntListEntry Length="1" RootTermCovItemId="C5">
<MapEntry BoolAssgnmnt="1" Value="24"/>
</AssgnmntListEntry>
<AssgnmntListEntry Length="1" RootTermCovItemId="C6">
<MapEntry BoolAssgnmnt="0" Value="24"/>
</AssgnmntListEntry>
<AssgnmntListEntry Length="5" RootTermCovItemId="C7">
<MapEntry BoolAssgnmnt="00210" Value="8"/>
<MapEntry BoolAssgnmnt="00211" Value="4"/>
<MapEntry BoolAssgnmnt="01002" Value="8"/>
<MapEntry BoolAssgnmnt="01122" Value="4"/>
</AssgnmntListEntry>
<AssgnmntListEntry Length="1" RootTermCovItemId="C8">
<MapEntry BoolAssgnmnt="1" Value="8"/>
</AssgnmntListEntry>
<AssgnmntListEntry Length="1" RootTermCovItemId="C9">
<MapEntry BoolAssgnmnt="0" Value="24"/>
</AssgnmntListEntry>
</AssgnmntPrefix>
<AssgnmntPrefix RootTermCovItemPrefix="com.OriginalFiles.RemoteNXTFunctions.java">
<AssgnmntListEntry Length="1" RootTermCovItemId="C5">
<MapEntry BoolAssgnmnt="1" Value="32"/>
</AssgnmntListEntry>
<AssgnmntListEntry Length="2" RootTermCovItemId="C6">
<MapEntry BoolAssgnmnt="11" Value="32"/>
</AssgnmntListEntry>
</AssgnmntPrefix>
</AssgnmntList>
<ObjMetaDataList/>
<MetaDataList/>
</TestCase>
<TestCase Comment="" Date="1386061681046" Name="com.Testing.BoardTest:testIsGreater">
<CovList>
<CovPrefix CovItemPrefix="com.OriginalFiles.Board.java">
<Cov CovItemId="B13" Value="1"/>
<Cov CovItemId="B14" Value="9"/>
<Cov CovItemId="B15" Value="3"/>
<Cov CovItemId="B16" Value="6"/>
<Cov CovItemId="B18" Value="6"/>
<Cov CovItemId="B19" Value="1"/>
<Cov CovItemId="B20" Value="5"/>
<Cov CovItemId="B21" Value="1"/>
<Cov CovItemId="B22" Value="4"/>
<Cov CovItemId="B24" Value="4"/>
<Cov CovItemId="B25" Value="3"/>
<Cov CovItemId="B26" Value="1"/>
<Cov CovItemId="B84" Value="10"/>
<Cov CovItemId="B85" Value="5"/>
<Cov CovItemId="B86" Value="5"/>
<Cov CovItemId="S180" Value="10"/>
<Cov CovItemId="S182" Value="10"/>
<Cov CovItemId="S183" Value="5"/>
<Cov CovItemId="S184" Value="5"/>
<Cov CovItemId="S185" Value="5"/>
<Cov CovItemId="S78" Value="10"/>
<Cov CovItemId="S79" Value="1"/>
<Cov CovItemId="S80" Value="9"/>
<Cov CovItemId="S81" Value="3"/>
<Cov CovItemId="S82" Value="6"/>
<Cov CovItemId="S84" Value="6"/>
<Cov CovItemId="S85" Value="1"/>
<Cov CovItemId="S86" Value="5"/>
<Cov CovItemId="S87" Value="1"/>
<Cov CovItemId="S88" Value="4"/>
<Cov CovItemId="S90" Value="4"/>
<Cov CovItemId="S91" Value="3"/>
<Cov CovItemId="S92" Value="1"/>
<Cov CovItemId="S93" Value="16"/>
</CovPrefix>
<CovPrefix CovItemPrefix="com.OriginalFiles.Field.java">
<Cov CovItemId="B1" Value="5"/>
<Cov CovItemId="S1" Value="2"/>
<Cov CovItemId="S13" Value="64"/>
<Cov CovItemId="S2" Value="2"/>
<Cov CovItemId="S5" Value="5"/>
<Cov CovItemId="S6" Value="5"/>
<Cov CovItemId="S7" Value="5"/>
<Cov CovItemId="S8" Value="42"/>
<Cov CovItemId="S9" Value="5"/>
</CovPrefix>
<CovPrefix CovItemPrefix="com.OriginalFiles.Piece.java">
<Cov CovItemId="B1" Value="5"/>
<Cov CovItemId="B12" Value="5"/>
<Cov CovItemId="B14" Value="5"/>
<Cov CovItemId="B18" Value="5"/>
<Cov CovItemId="B5" Value="3"/>
<Cov CovItemId="B6" Value="2"/>
<Cov CovItemId="B7" Value="5"/>
<Cov CovItemId="B9" Value="5"/>
<Cov CovItemId="S1" Value="2"/>
<Cov CovItemId="S10" Value="2"/>
<Cov CovItemId="S11" Value="2"/>
<Cov CovItemId="S12" Value="2"/>
<Cov CovItemId="S13" Value="2"/>
<Cov CovItemId="S14" Value="2"/>
<Cov CovItemId="S15" Value="2"/>
<Cov CovItemId="S17" Value="5"/>
<Cov CovItemId="S18" Value="5"/>
<Cov CovItemId="S19" Value="5"/>
<Cov CovItemId="S2" Value="2"/>
<Cov CovItemId="S20" Value="5"/>
<Cov CovItemId="S21" Value="5"/>
<Cov CovItemId="S27" Value="5"/>
<Cov CovItemId="S28" Value="3"/>
<Cov CovItemId="S29" Value="2"/>
<Cov CovItemId="S3" Value="2"/>
<Cov CovItemId="S30" Value="5"/>
<Cov CovItemId="S31" Value="5"/>
<Cov CovItemId="S32" Value="5"/>
<Cov CovItemId="S33" Value="5"/>
<Cov CovItemId="S34" Value="5"/>
<Cov CovItemId="S35" Value="5"/>
<Cov CovItemId="S36" Value="5"/>
<Cov CovItemId="S38" Value="5"/>
<Cov CovItemId="S4" Value="2"/>
<Cov CovItemId="S42" Value="5"/>
<Cov CovItemId="S44" Value="5"/>
<Cov CovItemId="S5" Value="2"/>
<Cov CovItemId="S6" Value="2"/>
<Cov CovItemId="S7" Value="2"/>
<Cov CovItemId="S8" Value="2"/>
<Cov CovItemId="S9" Value="2"/>
</CovPrefix>
</CovList>
<AssgnmntList>
<AssgnmntPrefix RootTermCovItemPrefix="com.OriginalFiles.Board.java">
<AssgnmntListEntry Length="4" RootTermCovItemId="C17">
<MapEntry BoolAssgnmnt="1002" Value="1"/>
<MapEntry BoolAssgnmnt="1122" Value="1"/>
<MapEntry BoolAssgnmnt="1010" Value="1"/>
<MapEntry BoolAssgnmnt="1011" Value="1"/>
<MapEntry BoolAssgnmnt="0222" Value="6"/>
</AssgnmntListEntry>
<AssgnmntListEntry Length="2" RootTermCovItemId="C18">
<MapEntry BoolAssgnmnt="10" Value="3"/>
<MapEntry BoolAssgnmnt="02" Value="6"/>
</AssgnmntListEntry>
<AssgnmntListEntry Length="2" RootTermCovItemId="C19">
<MapEntry BoolAssgnmnt="02" Value="6"/>
</AssgnmntListEntry>
<AssgnmntListEntry Length="3" RootTermCovItemId="C20">
<MapEntry BoolAssgnmnt="110" Value="1"/>
<MapEntry BoolAssgnmnt="102" Value="1"/>
<MapEntry BoolAssgnmnt="111" Value="1"/>
<MapEntry BoolAssgnmnt="022" Value="3"/>
</AssgnmntListEntry>
<AssgnmntListEntry Length="3" RootTermCovItemId="C21">
<MapEntry BoolAssgnmnt="110" Value="1"/>
<MapEntry BoolAssgnmnt="102" Value="1"/>
<MapEntry BoolAssgnmnt="111" Value="2"/>
<MapEntry BoolAssgnmnt="022" Value="1"/>
</AssgnmntListEntry>
<AssgnmntListEntry Length="1" RootTermCovItemId="C22">
<MapEntry BoolAssgnmnt="0" Value="4"/>
</AssgnmntListEntry>
<AssgnmntListEntry Length="1" RootTermCovItemId="C23">
<MapEntry BoolAssgnmnt="0" Value="1"/>
<MapEntry BoolAssgnmnt="1" Value="3"/>
</AssgnmntListEntry>
<AssgnmntListEntry Length="3" RootTermCovItemId="C55">
<MapEntry BoolAssgnmnt="002" Value="10"/>
</AssgnmntListEntry>
<AssgnmntListEntry Length="3" RootTermCovItemId="C56">
<MapEntry BoolAssgnmnt="120" Value="5"/>
<MapEntry BoolAssgnmnt="121" Value="5"/>
</AssgnmntListEntry>
</AssgnmntPrefix>
<AssgnmntPrefix RootTermCovItemPrefix="com.OriginalFiles.Field.java">
<AssgnmntListEntry Length="1" RootTermCovItemId="C1">
<MapEntry BoolAssgnmnt="0" Value="5"/>
</AssgnmntListEntry>
</AssgnmntPrefix>
<AssgnmntPrefix RootTermCovItemPrefix="com.OriginalFiles.Piece.java">
<AssgnmntListEntry Length="1" RootTermCovItemId="C1">
<MapEntry BoolAssgnmnt="1" Value="5"/>
</AssgnmntListEntry>
<AssgnmntListEntry Length="1" RootTermCovItemId="C3">
<MapEntry BoolAssgnmnt="0" Value="2"/>
<MapEntry BoolAssgnmnt="1" Value="3"/>
</AssgnmntListEntry>
<AssgnmntListEntry Length="1" RootTermCovItemId="C4">
<MapEntry BoolAssgnmnt="1" Value="5"/>
</AssgnmntListEntry>
<AssgnmntListEntry Length="1" RootTermCovItemId="C5">
<MapEntry BoolAssgnmnt="1" Value="5"/>
</AssgnmntListEntry>
<AssgnmntListEntry Length="1" RootTermCovItemId="C6">
<MapEntry BoolAssgnmnt="0" Value="5"/>
</AssgnmntListEntry>
<AssgnmntListEntry Length="5" RootTermCovItemId="C7">
<MapEntry BoolAssgnmnt="01002" Value="5"/>
</AssgnmntListEntry>
<AssgnmntListEntry Length="1" RootTermCovItemId="C9">
<MapEntry BoolAssgnmnt="0" Value="5"/>
</AssgnmntListEntry>
</AssgnmntPrefix>
</AssgnmntList>
<ObjMetaDataList/>
<MetaDataList/>
</TestCase>
<TestCase Comment="" Date="1386061681046" Name="com.Testing.BoardTest:testResetVisited">
<CovList>
<CovPrefix CovItemPrefix="com.OriginalFiles.Board.java">
<Cov CovItemId="L10-2" Value="8"/>
<Cov CovItemId="L9-2" Value="1"/>
<Cov CovItemId="S61" Value="1"/>
<Cov CovItemId="S62" Value="8"/>
<Cov CovItemId="S63" Value="64"/>
</CovPrefix>
</CovList>
<AssgnmntList/>
<ObjMetaDataList/>
<MetaDataList/>
</TestCase>
<TestCase Comment="" Date="1386061681047" Name="com.Testing.BoardTest:testMovePiece">
<CovList>
<CovPrefix CovItemPrefix="com.OriginalFiles.Analyze.java">
<Cov CovItemId="B84" Value="1"/>
<Cov CovItemId="S150" Value="1"/>
</CovPrefix>
<CovPrefix CovItemPrefix="com.OriginalFiles.Board.java">
<Cov CovItemId="B31" Value="1"/>
<Cov CovItemId="B33" Value="1"/>
<Cov CovItemId="B36" Value="1"/>
<Cov CovItemId="B37" Value="1"/>
<Cov CovItemId="B38" Value="1"/>
<Cov CovItemId="B79" Value="1"/>
<Cov CovItemId="B81" Value="1"/>
<Cov CovItemId="B84" Value="3"/>
<Cov CovItemId="B85" Value="2"/>
<Cov CovItemId="B86" Value="1"/>
<Cov CovItemId="S100" Value="1"/>
<Cov CovItemId="S102" Value="1"/>
<Cov CovItemId="S104" Value="1"/>
<Cov CovItemId="S106" Value="2"/>
<Cov CovItemId="S107" Value="2"/>
<Cov CovItemId="S108" Value="2"/>
<Cov CovItemId="S109" Value="1"/>
<Cov CovItemId="S176" Value="1"/>
<Cov CovItemId="S177" Value="1"/>
<Cov CovItemId="S178" Value="1"/>
<Cov CovItemId="S180" Value="3"/>
<Cov CovItemId="S182" Value="3"/>
<Cov CovItemId="S183" Value="2"/>
<Cov CovItemId="S184" Value="1"/>
<Cov CovItemId="S185" Value="5"/>
<Cov CovItemId="S98" Value="1"/>
<Cov CovItemId="S99" Value="1"/>
</CovPrefix>
<CovPrefix CovItemPrefix="com.OriginalFiles.Field.java">
<Cov CovItemId="B1" Value="2"/>
<Cov CovItemId="S1" Value="1"/>
<Cov CovItemId="S13" Value="2"/>
<Cov CovItemId="S2" Value="1"/>
<Cov CovItemId="S5" Value="2"/>
<Cov CovItemId="S6" Value="2"/>
<Cov CovItemId="S7" Value="2"/>
<Cov CovItemId="S8" Value="7"/>
<Cov CovItemId="S9" Value="4"/>
</CovPrefix>
<CovPrefix CovItemPrefix="com.OriginalFiles.Piece.java">
<Cov CovItemId="B1" Value="1"/>
<Cov CovItemId="B12" Value="1"/>
<Cov CovItemId="B14" Value="1"/>
<Cov CovItemId="B18" Value="1"/>
<Cov CovItemId="B2" Value="1"/>
<Cov CovItemId="B5" Value="1"/>
<Cov CovItemId="B7" Value="1"/>
<Cov CovItemId="B8" Value="1"/>
<Cov CovItemId="B9" Value="1"/>
<Cov CovItemId="S17" Value="2"/>
<Cov CovItemId="S18" Value="2"/>
<Cov CovItemId="S19" Value="2"/>
<Cov CovItemId="S20" Value="2"/>
<Cov CovItemId="S21" Value="1"/>
<Cov CovItemId="S22" Value="1"/>
<Cov CovItemId="S23" Value="1"/>
<Cov CovItemId="S27" Value="1"/>
<Cov CovItemId="S28" Value="1"/>
<Cov CovItemId="S30" Value="2"/>
<Cov CovItemId="S31" Value="2"/>
<Cov CovItemId="S32" Value="1"/>
<Cov CovItemId="S33" Value="1"/>
<Cov CovItemId="S34" Value="1"/>
<Cov CovItemId="S35" Value="1"/>
<Cov CovItemId="S36" Value="1"/>
<Cov CovItemId="S38" Value="1"/>
<Cov CovItemId="S42" Value="1"/>
<Cov CovItemId="S44" Value="1"/>
</CovPrefix>
</CovList>
<AssgnmntList>
<AssgnmntPrefix RootTermCovItemPrefix="com.OriginalFiles.Analyze.java">
<AssgnmntListEntry Length="1" RootTermCovItemId="C49">
<MapEntry BoolAssgnmnt="0" Value="1"/>
</AssgnmntListEntry>
</AssgnmntPrefix>
<AssgnmntPrefix RootTermCovItemPrefix="com.OriginalFiles.Board.java">
<AssgnmntListEntry Length="1" RootTermCovItemId="C26">
<MapEntry BoolAssgnmnt="0" Value="1"/>
</AssgnmntListEntry>
<AssgnmntListEntry Length="1" RootTermCovItemId="C27">
<MapEntry BoolAssgnmnt="1" Value="1"/>
</AssgnmntListEntry>
<AssgnmntListEntry Length="2" RootTermCovItemId="C28">
<MapEntry BoolAssgnmnt="02" Value="1"/>
</AssgnmntListEntry>
<AssgnmntListEntry Length="1" RootTermCovItemId="C29">
<MapEntry BoolAssgnmnt="0" Value="1"/>
<MapEntry BoolAssgnmnt="1" Value="1"/>
</AssgnmntListEntry>
<AssgnmntListEntry Length="1" RootTermCovItemId="C53">
<MapEntry BoolAssgnmnt="1" Value="1"/>
</AssgnmntListEntry>
<AssgnmntListEntry Length="1" RootTermCovItemId="C54">
<MapEntry BoolAssgnmnt="0" Value="1"/>
</AssgnmntListEntry>
<AssgnmntListEntry Length="3" RootTermCovItemId="C55">
<MapEntry BoolAssgnmnt="002" Value="3"/>
</AssgnmntListEntry>
<AssgnmntListEntry Length="3" RootTermCovItemId="C56">
<MapEntry BoolAssgnmnt="120" Value="1"/>
<MapEntry BoolAssgnmnt="121" Value="2"/>
</AssgnmntListEntry>
</AssgnmntPrefix>
<AssgnmntPrefix RootTermCovItemPrefix="com.OriginalFiles.Field.java">
<AssgnmntListEntry Length="1" RootTermCovItemId="C1">
<MapEntry BoolAssgnmnt="0" Value="2"/>
</AssgnmntListEntry>
</AssgnmntPrefix>
<AssgnmntPrefix RootTermCovItemPrefix="com.OriginalFiles.Piece.java">
<AssgnmntListEntry Length="1" RootTermCovItemId="C1">
<MapEntry BoolAssgnmnt="0" Value="1"/>
<MapEntry BoolAssgnmnt="1" Value="1"/>
</AssgnmntListEntry>
<AssgnmntListEntry Length="1" RootTermCovItemId="C3">
<MapEntry BoolAssgnmnt="1" Value="1"/>
</AssgnmntListEntry>
<AssgnmntListEntry Length="1" RootTermCovItemId="C4">
<MapEntry BoolAssgnmnt="0" Value="1"/>
<MapEntry BoolAssgnmnt="1" Value="1"/>
</AssgnmntListEntry>
<AssgnmntListEntry Length="1" RootTermCovItemId="C5">
<MapEntry BoolAssgnmnt="1" Value="1"/>
</AssgnmntListEntry>
<AssgnmntListEntry Length="1" RootTermCovItemId="C6">
<MapEntry BoolAssgnmnt="0" Value="1"/>
</AssgnmntListEntry>
<AssgnmntListEntry Length="5" RootTermCovItemId="C7">
<MapEntry BoolAssgnmnt="01002" Value="1"/>
</AssgnmntListEntry>
<AssgnmntListEntry Length="1" RootTermCovItemId="C9">
<MapEntry BoolAssgnmnt="0" Value="1"/>
</AssgnmntListEntry>
</AssgnmntPrefix>
</AssgnmntList>
<ObjMetaDataList/>
<MetaDataList/>
</TestCase>
<TestCase Comment="" Date="1386061681047" Name="com.Testing.BoardTest:testIsFieldEmptyOnBoard">
<CovList>
<CovPrefix CovItemPrefix="com.OriginalFiles.Analyze.java">
<Cov CovItemId="B107" Value="1"/>
<Cov CovItemId="B108" Value="1"/>
<Cov CovItemId="B110" Value="1"/>
<Cov CovItemId="B112" Value="1"/>
<Cov CovItemId="B114" Value="1"/>
<Cov CovItemId="S200" Value="2"/>
<Cov CovItemId="S201" Value="2"/>
<Cov CovItemId="S202" Value="2"/>
<Cov CovItemId="S203" Value="2"/>
<Cov CovItemId="S204" Value="2"/>
<Cov CovItemId="S205" Value="1"/>
<Cov CovItemId="S206" Value="1"/>
<Cov CovItemId="S208" Value="1"/>
<Cov CovItemId="S210" Value="1"/>
<Cov CovItemId="S212" Value="1"/>
</CovPrefix>
<CovPrefix CovItemPrefix="com.OriginalFiles.Board.java">
<Cov CovItemId="B39" Value="2"/>
<Cov CovItemId="B40" Value="1"/>
<Cov CovItemId="S111" Value="3"/>
<Cov CovItemId="S112" Value="2"/>
<Cov CovItemId="S113" Value="2"/>
<Cov CovItemId="S114" Value="1"/>
<Cov CovItemId="S185" Value="3"/>
</CovPrefix>
<CovPrefix CovItemPrefix="com.OriginalFiles.Field.java">
<Cov CovItemId="S1" Value="1"/>
<Cov CovItemId="S2" Value="1"/>
</CovPrefix>
<CovPrefix CovItemPrefix="com.OriginalFiles.RemoteNXTFunctions.java">
<Cov CovItemId="B5" Value="2"/>
<Cov CovItemId="B7" Value="1"/>
<Cov CovItemId="B8" Value="1"/>
<Cov CovItemId="B9" Value="1"/>
<Cov CovItemId="S162" Value="2"/>
<Cov CovItemId="S19" Value="2"/>
<Cov CovItemId="S20" Value="2"/>
<Cov CovItemId="S21" Value="2"/>
<Cov CovItemId="S22" Value="1"/>
<Cov CovItemId="S23" Value="1"/>
<Cov CovItemId="S24" Value="1"/>
</CovPrefix>
</CovList>
<AssgnmntList>
<AssgnmntPrefix RootTermCovItemPrefix="com.OriginalFiles.Analyze.java">
<AssgnmntListEntry Length="6" RootTermCovItemId="C66">
<MapEntry BoolAssgnmnt="022222" Value="1"/>
<MapEntry BoolAssgnmnt="111111" Value="1"/>
</AssgnmntListEntry>
<AssgnmntListEntry Length="6" RootTermCovItemId="C67">
<MapEntry BoolAssgnmnt="022222" Value="1"/>
</AssgnmntListEntry>
<AssgnmntListEntry Length="6" RootTermCovItemId="C68">
<MapEntry BoolAssgnmnt="102222" Value="1"/>
</AssgnmntListEntry>
<AssgnmntListEntry Length="6" RootTermCovItemId="C69">
<MapEntry BoolAssgnmnt="102222" Value="1"/>
</AssgnmntListEntry>
</AssgnmntPrefix>
<AssgnmntPrefix RootTermCovItemPrefix="com.OriginalFiles.Board.java">
<AssgnmntListEntry Length="1" RootTermCovItemId="C30">
<MapEntry BoolAssgnmnt="0" Value="1"/>
<MapEntry BoolAssgnmnt="1" Value="2"/>
</AssgnmntListEntry>
</AssgnmntPrefix>
<AssgnmntPrefix RootTermCovItemPrefix="com.OriginalFiles.RemoteNXTFunctions.java">
<AssgnmntListEntry Length="1" RootTermCovItemId="C5">
<MapEntry BoolAssgnmnt="1" Value="2"/>
</AssgnmntListEntry>
<AssgnmntListEntry Length="2" RootTermCovItemId="C6">
<MapEntry BoolAssgnmnt="02" Value="1"/>
<MapEntry BoolAssgnmnt="11" Value="1"/>
</AssgnmntListEntry>
<AssgnmntListEntry Length="2" RootTermCovItemId="C7">
<MapEntry BoolAssgnmnt="11" Value="1"/>
</AssgnmntListEntry>
</AssgnmntPrefix>
</AssgnmntList>
<ObjMetaDataList/>
<MetaDataList/>
</TestCase>
<TestCase Comment="" Date="1386061681047" Name="com.Testing.BoardTest:testFindMissingPiece">
<CovList>
<CovPrefix CovItemPrefix="com.OriginalFiles.Analyze.java">
<Cov CovItemId="B107" Value="12"/>
<Cov CovItemId="B108" Value="20"/>
<Cov CovItemId="B109" Value="12"/>
<Cov CovItemId="B110" Value="8"/>
<Cov CovItemId="B112" Value="8"/>
<Cov CovItemId="B114" Value="8"/>
<Cov CovItemId="S200" Value="32"/>
<Cov CovItemId="S201" Value="32"/>
<Cov CovItemId="S202" Value="32"/>
<Cov CovItemId="S203" Value="32"/>
<Cov CovItemId="S204" Value="32"/>
<Cov CovItemId="S205" Value="12"/>
<Cov CovItemId="S206" Value="20"/>
<Cov CovItemId="S207" Value="12"/>
<Cov CovItemId="S208" Value="8"/>
<Cov CovItemId="S210" Value="8"/>
<Cov CovItemId="S212" Value="8"/>
</CovPrefix>
<CovPrefix CovItemPrefix="com.OriginalFiles.Board.java">
<Cov CovItemId="B41" Value="42"/>
<Cov CovItemId="B42" Value="6"/>
<Cov CovItemId="B44" Value="24"/>
<Cov CovItemId="B45" Value="8"/>
<Cov CovItemId="B46" Value="16"/>
<Cov CovItemId="B47" Value="7"/>
<Cov CovItemId="B48" Value="17"/>
<Cov CovItemId="B50" Value="24"/>
<Cov CovItemId="B55" Value="48"/>
<Cov CovItemId="B56" Value="48"/>
<Cov CovItemId="B57" Value="35"/>
<Cov CovItemId="B58" Value="13"/>
<Cov CovItemId="B59" Value="35"/>
<Cov CovItemId="B62" Value="35"/>
<Cov CovItemId="B63" Value="32"/>
<Cov CovItemId="B64" Value="32"/>
<Cov CovItemId="B65" Value="24"/>
<Cov CovItemId="B66" Value="8"/>
<Cov CovItemId="B67" Value="12"/>
<Cov CovItemId="B68" Value="12"/>
<Cov CovItemId="B71" Value="4"/>
<Cov CovItemId="B72" Value="4"/>
<Cov CovItemId="B73" Value="16"/>
<Cov CovItemId="B74" Value="16"/>
<Cov CovItemId="B75" Value="16"/>
<Cov CovItemId="B76" Value="16"/>
<Cov CovItemId="B77" Value="8"/>
<Cov CovItemId="B78" Value="24"/>
<Cov CovItemId="B79" Value="59"/>
<Cov CovItemId="B81" Value="47"/>
<Cov CovItemId="B82" Value="12"/>
<Cov CovItemId="B83" Value="24"/>
<Cov CovItemId="B84" Value="67"/>
<Cov CovItemId="B85" Value="12"/>
<Cov CovItemId="B86" Value="55"/>
<Cov CovItemId="L10-2" Value="16"/>
<Cov CovItemId="L13-2" Value="1"/>
<Cov CovItemId="L14-2" Value="8"/>
<Cov CovItemId="L15-2" Value="1"/>
<Cov CovItemId="L16-2" Value="4"/>
<Cov CovItemId="L17-2" Value="4"/>
<Cov CovItemId="L9-2" Value="2"/>
<Cov CovItemId="S115" Value="48"/>
<Cov CovItemId="S116" Value="42"/>
<Cov CovItemId="S117" Value="6"/>
<Cov CovItemId="S118" Value="24"/>
<Cov CovItemId="S119" Value="24"/>
<Cov CovItemId="S121" Value="24"/>
<Cov CovItemId="S122" Value="24"/>
<Cov CovItemId="S123" Value="24"/>
<Cov CovItemId="S124" Value="24"/>
<Cov CovItemId="S125" Value="8"/>
<Cov CovItemId="S126" Value="24"/>
<Cov CovItemId="S127" Value="7"/>
<Cov CovItemId="S128" Value="24"/>
<Cov CovItemId="S133" Value="24"/>
<Cov CovItemId="S134" Value="24"/>
<Cov CovItemId="S135" Value="96"/>
<Cov CovItemId="S136" Value="48"/>
<Cov CovItemId="S137" Value="48"/>
<Cov CovItemId="S138" Value="35"/>
<Cov CovItemId="S139" Value="35"/>
<Cov CovItemId="S141" Value="48"/>
<Cov CovItemId="S142" Value="96"/>
<Cov CovItemId="S143" Value="1"/>
<Cov CovItemId="S144" Value="1"/>
<Cov CovItemId="S145" Value="8"/>
<Cov CovItemId="S146" Value="64"/>
<Cov CovItemId="S147" Value="32"/>
<Cov CovItemId="S148" Value="24"/>
<Cov CovItemId="S149" Value="12"/>
<Cov CovItemId="S150" Value="12"/>
<Cov CovItemId="S151" Value="1"/>
<Cov CovItemId="S157" Value="1"/>
<Cov CovItemId="S158" Value="1"/>
<Cov CovItemId="S159" Value="8"/>
<Cov CovItemId="S160" Value="4"/>
<Cov CovItemId="S161" Value="32"/>
<Cov CovItemId="S162" Value="16"/>
<Cov CovItemId="S163" Value="4"/>
<Cov CovItemId="S164" Value="4"/>
<Cov CovItemId="S165" Value="32"/>
<Cov CovItemId="S166" Value="16"/>
<Cov CovItemId="S167" Value="4"/>
<Cov CovItemId="S168" Value="1"/>
<Cov CovItemId="S169" Value="32"/>
<Cov CovItemId="S170" Value="32"/>
<Cov CovItemId="S171" Value="8"/>
<Cov CovItemId="S172" Value="24"/>
<Cov CovItemId="S173" Value="24"/>
<Cov CovItemId="S174" Value="24"/>
<Cov CovItemId="S175" Value="24"/>
<Cov CovItemId="S176" Value="59"/>
<Cov CovItemId="S177" Value="59"/>
<Cov CovItemId="S178" Value="47"/>
<Cov CovItemId="S179" Value="12"/>
<Cov CovItemId="S180" Value="91"/>
<Cov CovItemId="S181" Value="24"/>
<Cov CovItemId="S182" Value="67"/>
<Cov CovItemId="S183" Value="12"/>
<Cov CovItemId="S184" Value="55"/>
<Cov CovItemId="S185" Value="179"/>
<Cov CovItemId="S61" Value="2"/>
<Cov CovItemId="S62" Value="16"/>
<Cov CovItemId="S63" Value="128"/>
</CovPrefix>
<CovPrefix CovItemPrefix="com.OriginalFiles.Field.java">
<Cov CovItemId="B1" Value="24"/>
<Cov CovItemId="B2" Value="8"/>
<Cov CovItemId="S5" Value="32"/>
<Cov CovItemId="S6" Value="32"/>
<Cov CovItemId="S7" Value="24"/>
<Cov CovItemId="S8" Value="252"/>
<Cov CovItemId="S9" Value="133"/>
</CovPrefix>
<CovPrefix CovItemPrefix="com.OriginalFiles.Piece.java">
<Cov CovItemId="B1" Value="24"/>
<Cov CovItemId="B12" Value="24"/>
<Cov CovItemId="B13" Value="8"/>
<Cov CovItemId="B14" Value="16"/>
<Cov CovItemId="B15" Value="8"/>
<Cov CovItemId="B18" Value="24"/>
<Cov CovItemId="B5" Value="12"/>
<Cov CovItemId="B6" Value="12"/>
<Cov CovItemId="B7" Value="24"/>
<Cov CovItemId="B9" Value="24"/>
<Cov CovItemId="S1" Value="24"/>
<Cov CovItemId="S10" Value="24"/>
<Cov CovItemId="S11" Value="24"/>
<Cov CovItemId="S12" Value="24"/>
<Cov CovItemId="S13" Value="24"/>
<Cov CovItemId="S14" Value="24"/>
<Cov CovItemId="S17" Value="24"/>
<Cov CovItemId="S18" Value="24"/>
<Cov CovItemId="S19" Value="24"/>
<Cov CovItemId="S2" Value="24"/>
<Cov CovItemId="S20" Value="24"/>
<Cov CovItemId="S21" Value="24"/>
<Cov CovItemId="S27" Value="24"/>
<Cov CovItemId="S28" Value="12"/>
<Cov CovItemId="S29" Value="12"/>
<Cov CovItemId="S3" Value="24"/>
<Cov CovItemId="S30" Value="24"/>
<Cov CovItemId="S31" Value="24"/>
<Cov CovItemId="S32" Value="24"/>
<Cov CovItemId="S33" Value="24"/>
<Cov CovItemId="S34" Value="24"/>
<Cov CovItemId="S35" Value="24"/>
<Cov CovItemId="S36" Value="24"/>
<Cov CovItemId="S38" Value="24"/>
<Cov CovItemId="S39" Value="8"/>
<Cov CovItemId="S4" Value="24"/>
<Cov CovItemId="S40" Value="8"/>
<Cov CovItemId="S41" Value="8"/>
<Cov CovItemId="S42" Value="24"/>
<Cov CovItemId="S44" Value="24"/>
<Cov CovItemId="S5" Value="24"/>
<Cov CovItemId="S6" Value="24"/>
<Cov CovItemId="S7" Value="24"/>
<Cov CovItemId="S8" Value="24"/>
<Cov CovItemId="S9" Value="24"/>
</CovPrefix>
<CovPrefix CovItemPrefix="com.OriginalFiles.RemoteNXTFunctions.java">
<Cov CovItemId="B10" Value="30"/>
<Cov CovItemId="B11" Value="1"/>
<Cov CovItemId="B12" Value="29"/>
<Cov CovItemId="B13" Value="22"/>
<Cov CovItemId="B14" Value="7"/>
<Cov CovItemId="B5" Value="32"/>
<Cov CovItemId="B7" Value="1"/>
<Cov CovItemId="B8" Value="31"/>
<Cov CovItemId="B9" Value="1"/>
<Cov CovItemId="S162" Value="32"/>
<Cov CovItemId="S19" Value="32"/>
<Cov CovItemId="S20" Value="32"/>
<Cov CovItemId="S21" Value="32"/>
<Cov CovItemId="S22" Value="1"/>
<Cov CovItemId="S23" Value="31"/>
<Cov CovItemId="S24" Value="1"/>
<Cov CovItemId="S25" Value="30"/>
<Cov CovItemId="S26" Value="1"/>
<Cov CovItemId="S27" Value="29"/>
<Cov CovItemId="S28" Value="22"/>
<Cov CovItemId="S29" Value="7"/>
</CovPrefix>
</CovList>
<AssgnmntList>
<AssgnmntPrefix RootTermCovItemPrefix="com.OriginalFiles.Analyze.java">
<AssgnmntListEntry Length="6" RootTermCovItemId="C66">
<MapEntry BoolAssgnmnt="110222" Value="12"/>
<MapEntry BoolAssgnmnt="022222" Value="8"/>
<MapEntry BoolAssgnmnt="111111" Value="12"/>
</AssgnmntListEntry>
<AssgnmntListEntry Length="6" RootTermCovItemId="C67">
<MapEntry BoolAssgnmnt="022222" Value="8"/>
<MapEntry BoolAssgnmnt="111111" Value="12"/>
</AssgnmntListEntry>
<AssgnmntListEntry Length="6" RootTermCovItemId="C68">
<MapEntry BoolAssgnmnt="102222" Value="8"/>
</AssgnmntListEntry>
<AssgnmntListEntry Length="6" RootTermCovItemId="C69">
<MapEntry BoolAssgnmnt="102222" Value="8"/>
</AssgnmntListEntry>
</AssgnmntPrefix>
<AssgnmntPrefix RootTermCovItemPrefix="com.OriginalFiles.Board.java">
<AssgnmntListEntry Length="1" RootTermCovItemId="C31">
<MapEntry BoolAssgnmnt="0" Value="6"/>
<MapEntry BoolAssgnmnt="1" Value="42"/>
</AssgnmntListEntry>
<AssgnmntListEntry Length="1" RootTermCovItemId="C32">
<MapEntry BoolAssgnmnt="0" Value="24"/>
</AssgnmntListEntry>
<AssgnmntListEntry Length="1" RootTermCovItemId="C33">
<MapEntry BoolAssgnmnt="0" Value="8"/>
<MapEntry BoolAssgnmnt="1" Value="16"/>
</AssgnmntListEntry>
<AssgnmntListEntry Length="1" RootTermCovItemId="C34">
<MapEntry BoolAssgnmnt="0" Value="7"/>
<MapEntry BoolAssgnmnt="1" Value="17"/>
</AssgnmntListEntry>
<AssgnmntListEntry Length="1" RootTermCovItemId="C35">
<MapEntry BoolAssgnmnt="0" Value="24"/>
</AssgnmntListEntry>
<AssgnmntListEntry Length="5" RootTermCovItemId="C38">
<MapEntry BoolAssgnmnt="02002" Value="24"/>
<MapEntry BoolAssgnmnt="10122" Value="24"/>
<MapEntry BoolAssgnmnt="11220" Value="24"/>
<MapEntry BoolAssgnmnt="02010" Value="24"/>
</AssgnmntListEntry>
<AssgnmntListEntry Length="1" RootTermCovItemId="C39">
<MapEntry BoolAssgnmnt="0" Value="13"/>
<MapEntry BoolAssgnmnt="1" Value="35"/>
</AssgnmntListEntry>
<AssgnmntListEntry Length="1" RootTermCovItemId="C40">
<MapEntry BoolAssgnmnt="0" Value="35"/>
</AssgnmntListEntry>
<AssgnmntListEntry Length="2" RootTermCovItemId="C41">
<MapEntry BoolAssgnmnt="02" Value="35"/>
</AssgnmntListEntry>
<AssgnmntListEntry Length="1" RootTermCovItemId="C42">
<MapEntry BoolAssgnmnt="0" Value="32"/>
<MapEntry BoolAssgnmnt="1" Value="32"/>
</AssgnmntListEntry>
<AssgnmntListEntry Length="1" RootTermCovItemId="C43">
<MapEntry BoolAssgnmnt="0" Value="8"/>
<MapEntry BoolAssgnmnt="1" Value="24"/>
</AssgnmntListEntry>
<AssgnmntListEntry Length="1" RootTermCovItemId="C44">
<MapEntry BoolAssgnmnt="0" Value="12"/>
<MapEntry BoolAssgnmnt="1" Value="12"/>
</AssgnmntListEntry>
<AssgnmntListEntry Length="1" RootTermCovItemId="C46">
<MapEntry BoolAssgnmnt="0" Value="1"/>
<MapEntry BoolAssgnmnt="1" Value="8"/>
</AssgnmntListEntry>
<AssgnmntListEntry Length="1" RootTermCovItemId="C47">
<MapEntry BoolAssgnmnt="0" Value="4"/>
<MapEntry BoolAssgnmnt="1" Value="4"/>
</AssgnmntListEntry>
<AssgnmntListEntry Length="1" RootTermCovItemId="C48">
<MapEntry BoolAssgnmnt="0" Value="4"/>
<MapEntry BoolAssgnmnt="1" Value="32"/>
</AssgnmntListEntry>
<AssgnmntListEntry Length="1" RootTermCovItemId="C49">
<MapEntry BoolAssgnmnt="0" Value="16"/>
<MapEntry BoolAssgnmnt="1" Value="16"/>
</AssgnmntListEntry>
<AssgnmntListEntry Length="1" RootTermCovItemId="C50">
<MapEntry BoolAssgnmnt="0" Value="4"/>
<MapEntry BoolAssgnmnt="1" Value="32"/>
</AssgnmntListEntry>
<AssgnmntListEntry Length="1" RootTermCovItemId="C51">
<MapEntry BoolAssgnmnt="0" Value="16"/>
<MapEntry BoolAssgnmnt="1" Value="16"/>
</AssgnmntListEntry>
<AssgnmntListEntry Length="1" RootTermCovItemId="C52">
<MapEntry BoolAssgnmnt="0" Value="24"/>
<MapEntry BoolAssgnmnt="1" Value="8"/>
</AssgnmntListEntry>
<AssgnmntListEntry Length="1" RootTermCovItemId="C53">
<MapEntry BoolAssgnmnt="1" Value="59"/>
</AssgnmntListEntry>
<AssgnmntListEntry Length="1" RootTermCovItemId="C54">
<MapEntry BoolAssgnmnt="0" Value="47"/>
<MapEntry BoolAssgnmnt="1" Value="12"/>
</AssgnmntListEntry>
<AssgnmntListEntry Length="3" RootTermCovItemId="C55">
<MapEntry BoolAssgnmnt="002" Value="43"/>
<MapEntry BoolAssgnmnt="120" Value="24"/>
<MapEntry BoolAssgnmnt="121" Value="24"/>
</AssgnmntListEntry>
<AssgnmntListEntry Length="3" RootTermCovItemId="C56">
<MapEntry BoolAssgnmnt="002" Value="24"/>
<MapEntry BoolAssgnmnt="120" Value="31"/>
<MapEntry BoolAssgnmnt="121" Value="12"/>
</AssgnmntListEntry>
</AssgnmntPrefix>
<AssgnmntPrefix RootTermCovItemPrefix="com.OriginalFiles.Field.java">
<AssgnmntListEntry Length="1" RootTermCovItemId="C1">
<MapEntry BoolAssgnmnt="0" Value="24"/>
<MapEntry BoolAssgnmnt="1" Value="8"/>
</AssgnmntListEntry>
</AssgnmntPrefix>
<AssgnmntPrefix RootTermCovItemPrefix="com.OriginalFiles.Piece.java">
<AssgnmntListEntry Length="1" RootTermCovItemId="C1">
<MapEntry BoolAssgnmnt="1" Value="24"/>
</AssgnmntListEntry>
<AssgnmntListEntry Length="1" RootTermCovItemId="C3">
<MapEntry BoolAssgnmnt="0" Value="12"/>
<MapEntry BoolAssgnmnt="1" Value="12"/>
</AssgnmntListEntry>
<AssgnmntListEntry Length="1" RootTermCovItemId="C4">
<MapEntry BoolAssgnmnt="1" Value="24"/>
</AssgnmntListEntry>
<AssgnmntListEntry Length="1" RootTermCovItemId="C5">
<MapEntry BoolAssgnmnt="1" Value="24"/>
</AssgnmntListEntry>
<AssgnmntListEntry Length="1" RootTermCovItemId="C6">
<MapEntry BoolAssgnmnt="0" Value="24"/>
</AssgnmntListEntry>
<AssgnmntListEntry Length="5" RootTermCovItemId="C7">
<MapEntry BoolAssgnmnt="00210" Value="8"/>
<MapEntry BoolAssgnmnt="00211" Value="4"/>
<MapEntry BoolAssgnmnt="01002" Value="8"/>
<MapEntry BoolAssgnmnt="01122" Value="4"/>
</AssgnmntListEntry>
<AssgnmntListEntry Length="1" RootTermCovItemId="C8">
<MapEntry BoolAssgnmnt="1" Value="8"/>
</AssgnmntListEntry>
<AssgnmntListEntry Length="1" RootTermCovItemId="C9">
<MapEntry BoolAssgnmnt="0" Value="24"/>
</AssgnmntListEntry>
</AssgnmntPrefix>
<AssgnmntPrefix RootTermCovItemPrefix="com.OriginalFiles.RemoteNXTFunctions.java">
<AssgnmntListEntry Length="1" RootTermCovItemId="C5">
<MapEntry BoolAssgnmnt="1" Value="32"/>
</AssgnmntListEntry>
<AssgnmntListEntry Length="2" RootTermCovItemId="C6">
<MapEntry BoolAssgnmnt="10" Value="3"/>
<MapEntry BoolAssgnmnt="02" Value="28"/>
<MapEntry BoolAssgnmnt="11" Value="1"/>
</AssgnmntListEntry>
<AssgnmntListEntry Length="2" RootTermCovItemId="C7">
<MapEntry BoolAssgnmnt="10" Value="3"/>
<MapEntry BoolAssgnmnt="02" Value="27"/>
<MapEntry BoolAssgnmnt="11" Value="1"/>
</AssgnmntListEntry>
<AssgnmntListEntry Length="2" RootTermCovItemId="C8">
<MapEntry BoolAssgnmnt="10" Value="3"/>
<MapEntry BoolAssgnmnt="02" Value="26"/>
<MapEntry BoolAssgnmnt="11" Value="1"/>
</AssgnmntListEntry>
<AssgnmntListEntry Length="1" RootTermCovItemId="C9">
<MapEntry BoolAssgnmnt="0" Value="7"/>
<MapEntry BoolAssgnmnt="1" Value="22"/>
</AssgnmntListEntry>
</AssgnmntPrefix>
</AssgnmntList>
<ObjMetaDataList/>
<MetaDataList/>
</TestCase>
<TestCase Comment="" Date="1386061681048" Name="com.Testing.BoardTest:testNewBoard">
<CovList>
<CovPrefix CovItemPrefix="com.OriginalFiles.Analyze.java">
<Cov CovItemId="B103" Value="1"/>
<Cov CovItemId="B104" Value="1"/>
<Cov CovItemId="B105" Value="1"/>
<Cov CovItemId="B107" Value="1"/>
<Cov CovItemId="B108" Value="1"/>
<Cov CovItemId="B109" Value="1"/>
<Cov CovItemId="S1" Value="2"/>
<Cov CovItemId="S192" Value="2"/>
<Cov CovItemId="S193" Value="2"/>
<Cov CovItemId="S194" Value="1"/>
<Cov CovItemId="S195" Value="1"/>
<Cov CovItemId="S196" Value="1"/>
<Cov CovItemId="S2" Value="2"/>
<Cov CovItemId="S200" Value="2"/>
<Cov CovItemId="S201" Value="2"/>
<Cov CovItemId="S202" Value="2"/>
<Cov CovItemId="S203" Value="2"/>
<Cov CovItemId="S204" Value="2"/>
<Cov CovItemId="S205" Value="1"/>
<Cov CovItemId="S206" Value="1"/>
<Cov CovItemId="S207" Value="1"/>
<Cov CovItemId="S3" Value="2"/>
<Cov CovItemId="S4" Value="2"/>
<Cov CovItemId="S5" Value="2"/>
<Cov CovItemId="S6" Value="2"/>
</CovPrefix>
<CovPrefix CovItemPrefix="com.OriginalFiles.Board.java">
<Cov CovItemId="B1" Value="64"/>
<Cov CovItemId="B10" Value="16"/>
<Cov CovItemId="B2" Value="64"/>
<Cov CovItemId="B3" Value="24"/>
<Cov CovItemId="B4" Value="40"/>
<Cov CovItemId="B5" Value="8"/>
<Cov CovItemId="B6" Value="16"/>
<Cov CovItemId="B69" Value="1"/>
<Cov CovItemId="B7" Value="24"/>
<Cov CovItemId="B70" Value="1"/>
<Cov CovItemId="B8" Value="40"/>
<Cov CovItemId="B83" Value="24"/>
<Cov CovItemId="B84" Value="64"/>
<Cov CovItemId="B85" Value="24"/>
<Cov CovItemId="B86" Value="40"/>
<Cov CovItemId="B9" Value="8"/>
<Cov CovItemId="L1-2" Value="2"/>
<Cov CovItemId="L2-2" Value="16"/>
<Cov CovItemId="L3-2" Value="2"/>
<Cov CovItemId="L4-2" Value="2"/>
<Cov CovItemId="L5-2" Value="2"/>
<Cov CovItemId="L6-2" Value="6"/>
<Cov CovItemId="L7-2" Value="2"/>
<Cov CovItemId="L8-2" Value="4"/>
<Cov CovItemId="S1" Value="2"/>
<Cov CovItemId="S10" Value="2"/>
<Cov CovItemId="S11" Value="16"/>
<Cov CovItemId="S12" Value="128"/>
<Cov CovItemId="S13" Value="128"/>
<Cov CovItemId="S14" Value="128"/>
<Cov CovItemId="S15" Value="128"/>
<Cov CovItemId="S152" Value="2"/>
<Cov CovItemId="S153" Value="1"/>
<Cov CovItemId="S154" Value="1"/>
<Cov CovItemId="S155" Value="1"/>
<Cov CovItemId="S156" Value="1"/>
<Cov CovItemId="S16" Value="64"/>
<Cov CovItemId="S17" Value="64"/>
<Cov CovItemId="S18" Value="64"/>
<Cov CovItemId="S180" Value="88"/>
<Cov CovItemId="S181" Value="24"/>
<Cov CovItemId="S182" Value="64"/>
<Cov CovItemId="S183" Value="24"/>
<Cov CovItemId="S184" Value="40"/>
<Cov CovItemId="S185" Value="80"/>
<Cov CovItemId="S19" Value="24"/>
<Cov CovItemId="S2" Value="2"/>
<Cov CovItemId="S20" Value="24"/>
<Cov CovItemId="S21" Value="24"/>
<Cov CovItemId="S22" Value="8"/>
<Cov CovItemId="S23" Value="64"/>
<Cov CovItemId="S24" Value="24"/>
<Cov CovItemId="S25" Value="24"/>
<Cov CovItemId="S26" Value="24"/>
<Cov CovItemId="S27" Value="8"/>
<Cov CovItemId="S28" Value="64"/>
<Cov CovItemId="S29" Value="64"/>
<Cov CovItemId="S3" Value="2"/>
<Cov CovItemId="S30" Value="128"/>
<Cov CovItemId="S31" Value="2"/>
<Cov CovItemId="S32" Value="16"/>
<Cov CovItemId="S33" Value="16"/>
<Cov CovItemId="S34" Value="16"/>
<Cov CovItemId="S35" Value="16"/>
<Cov CovItemId="S36" Value="16"/>
<Cov CovItemId="S37" Value="16"/>
<Cov CovItemId="S38" Value="16"/>
<Cov CovItemId="S39" Value="16"/>
<Cov CovItemId="S4" Value="2"/>
<Cov CovItemId="S40" Value="2"/>
<Cov CovItemId="S41" Value="16"/>
<Cov CovItemId="S42" Value="16"/>
<Cov CovItemId="S43" Value="16"/>
<Cov CovItemId="S44" Value="16"/>
<Cov CovItemId="S45" Value="16"/>
<Cov CovItemId="S46" Value="16"/>
<Cov CovItemId="S47" Value="16"/>
<Cov CovItemId="S48" Value="16"/>
<Cov CovItemId="S49" Value="2"/>
<Cov CovItemId="S5" Value="2"/>
<Cov CovItemId="S50" Value="6"/>
<Cov CovItemId="S51" Value="48"/>
<Cov CovItemId="S52" Value="48"/>
<Cov CovItemId="S53" Value="48"/>
<Cov CovItemId="S54" Value="48"/>
<Cov CovItemId="S55" Value="2"/>
<Cov CovItemId="S56" Value="4"/>
<Cov CovItemId="S57" Value="32"/>
<Cov CovItemId="S58" Value="32"/>
<Cov CovItemId="S59" Value="32"/>
<Cov CovItemId="S6" Value="2"/>
<Cov CovItemId="S60" Value="32"/>
<Cov CovItemId="S7" Value="2"/>
<Cov CovItemId="S8" Value="2"/>
<Cov CovItemId="S9" Value="2"/>
</CovPrefix>
<CovPrefix CovItemPrefix="com.OriginalFiles.Field.java">
<Cov CovItemId="B1" Value="80"/>
<Cov CovItemId="B2" Value="16"/>
<Cov CovItemId="S1" Value="242"/>
<Cov CovItemId="S2" Value="242"/>
<Cov CovItemId="S3" Value="2"/>
<Cov CovItemId="S4" Value="2"/>
<Cov CovItemId="S5" Value="96"/>
<Cov CovItemId="S6" Value="96"/>
<Cov CovItemId="S7" Value="80"/>
<Cov CovItemId="S8" Value="2"/>
<Cov CovItemId="S9" Value="96"/>
</CovPrefix>
<CovPrefix CovItemPrefix="com.OriginalFiles.Piece.java">
<Cov CovItemId="B1" Value="48"/>
<Cov CovItemId="B12" Value="48"/>
<Cov CovItemId="B13" Value="16"/>
<Cov CovItemId="B14" Value="32"/>
<Cov CovItemId="B15" Value="16"/>
<Cov CovItemId="B18" Value="48"/>
<Cov CovItemId="B2" Value="32"/>
<Cov CovItemId="B5" Value="24"/>
<Cov CovItemId="B6" Value="24"/>
<Cov CovItemId="B7" Value="48"/>
<Cov CovItemId="B8" Value="32"/>
<Cov CovItemId="B9" Value="48"/>
<Cov CovItemId="S1" Value="80"/>
<Cov CovItemId="S10" Value="80"/>
<Cov CovItemId="S11" Value="80"/>
<Cov CovItemId="S12" Value="80"/>
<Cov CovItemId="S13" Value="80"/>
<Cov CovItemId="S14" Value="80"/>
<Cov CovItemId="S17" Value="80"/>
<Cov CovItemId="S18" Value="80"/>
<Cov CovItemId="S19" Value="80"/>
<Cov CovItemId="S2" Value="80"/>
<Cov CovItemId="S20" Value="80"/>
<Cov CovItemId="S21" Value="48"/>
<Cov CovItemId="S22" Value="32"/>
<Cov CovItemId="S23" Value="32"/>
<Cov CovItemId="S27" Value="48"/>
<Cov CovItemId="S28" Value="24"/>
<Cov CovItemId="S29" Value="24"/>
<Cov CovItemId="S3" Value="80"/>
<Cov CovItemId="S30" Value="80"/>
<Cov CovItemId="S31" Value="80"/>
<Cov CovItemId="S32" Value="48"/>
<Cov CovItemId="S33" Value="48"/>
<Cov CovItemId="S34" Value="48"/>
<Cov CovItemId="S35" Value="48"/>
<Cov CovItemId="S36" Value="48"/>
<Cov CovItemId="S38" Value="48"/>
<Cov CovItemId="S39" Value="16"/>
<Cov CovItemId="S4" Value="80"/>
<Cov CovItemId="S40" Value="16"/>
<Cov CovItemId="S41" Value="16"/>
<Cov CovItemId="S42" Value="48"/>
<Cov CovItemId="S44" Value="48"/>
<Cov CovItemId="S5" Value="80"/>
<Cov CovItemId="S6" Value="80"/>
<Cov CovItemId="S7" Value="80"/>
<Cov CovItemId="S8" Value="80"/>
<Cov CovItemId="S9" Value="80"/>
</CovPrefix>
<CovPrefix CovItemPrefix="com.OriginalFiles.RemoteNXTFunctions.java">
<Cov CovItemId="B16" Value="1"/>
<Cov CovItemId="B24" Value="1"/>
<Cov CovItemId="B32" Value="1"/>
<Cov CovItemId="B40" Value="1"/>
<Cov CovItemId="B5" Value="1"/>
<Cov CovItemId="B50" Value="1"/>
<Cov CovItemId="B55" Value="1"/>
<Cov CovItemId="B57" Value="1"/>
<Cov CovItemId="B6" Value="1"/>
<Cov CovItemId="B7" Value="1"/>
<Cov CovItemId="S1" Value="1"/>
<Cov CovItemId="S162" Value="2"/>
<Cov CovItemId="S19" Value="2"/>
<Cov CovItemId="S2" Value="1"/>
<Cov CovItemId="S20" Value="2"/>
<Cov CovItemId="S21" Value="1"/>
<Cov CovItemId="S22" Value="1"/>
<Cov CovItemId="S3" Value="1"/>
<Cov CovItemId="S30" Value="1"/>
<Cov CovItemId="S38" Value="1"/>
<Cov CovItemId="S46" Value="1"/>
<Cov CovItemId="S54" Value="1"/>
<Cov CovItemId="S64" Value="1"/>
<Cov CovItemId="S70" Value="1"/>
<Cov CovItemId="S71" Value="1"/>
<Cov CovItemId="S72" Value="1"/>
</CovPrefix>
</CovList>
<AssgnmntList>
<AssgnmntPrefix RootTermCovItemPrefix="com.OriginalFiles.Analyze.java">
<AssgnmntListEntry Length="1" RootTermCovItemId="C64">
<MapEntry BoolAssgnmnt="0" Value="1"/>
<MapEntry BoolAssgnmnt="1" Value="1"/>
</AssgnmntListEntry>
<AssgnmntListEntry Length="1" RootTermCovItemId="C65">
<MapEntry BoolAssgnmnt="1" Value="1"/>
</AssgnmntListEntry>
<AssgnmntListEntry Length="6" RootTermCovItemId="C66">
<MapEntry BoolAssgnmnt="110222" Value="1"/>
<MapEntry BoolAssgnmnt="111111" Value="1"/>
</AssgnmntListEntry>
<AssgnmntListEntry Length="6" RootTermCovItemId="C67">
<MapEntry BoolAssgnmnt="111111" Value="1"/>
</AssgnmntListEntry>
</AssgnmntPrefix>
<AssgnmntPrefix RootTermCovItemPrefix="com.OriginalFiles.Board.java">
<AssgnmntListEntry Length="1" RootTermCovItemId="C1">
<MapEntry BoolAssgnmnt="0" Value="2"/>
<MapEntry BoolAssgnmnt="1" Value="16"/>
</AssgnmntListEntry>
<AssgnmntListEntry Length="1" RootTermCovItemId="C10">
<MapEntry BoolAssgnmnt="0" Value="2"/>
<MapEntry BoolAssgnmnt="1" Value="6"/>
</AssgnmntListEntry>
<AssgnmntListEntry Length="1" RootTermCovItemId="C11">
<MapEntry BoolAssgnmnt="0" Value="6"/>
<MapEntry BoolAssgnmnt="1" Value="48"/>
</AssgnmntListEntry>
<AssgnmntListEntry Length="1" RootTermCovItemId="C12">
<MapEntry BoolAssgnmnt="0" Value="2"/>
<MapEntry BoolAssgnmnt="1" Value="4"/>
</AssgnmntListEntry>
<AssgnmntListEntry Length="1" RootTermCovItemId="C13">
<MapEntry BoolAssgnmnt="0" Value="4"/>
<MapEntry BoolAssgnmnt="1" Value="32"/>
</AssgnmntListEntry>
<AssgnmntListEntry Length="1" RootTermCovItemId="C2">
<MapEntry BoolAssgnmnt="0" Value="16"/>
<MapEntry BoolAssgnmnt="1" Value="128"/>
</AssgnmntListEntry>
<AssgnmntListEntry Length="1" RootTermCovItemId="C3">
<MapEntry BoolAssgnmnt="0" Value="64"/>
<MapEntry BoolAssgnmnt="1" Value="64"/>
</AssgnmntListEntry>
<AssgnmntListEntry Length="1" RootTermCovItemId="C4">
<MapEntry BoolAssgnmnt="0" Value="40"/>
<MapEntry BoolAssgnmnt="1" Value="24"/>
</AssgnmntListEntry>
<AssgnmntListEntry Length="1" RootTermCovItemId="C45">
<MapEntry BoolAssgnmnt="0" Value="1"/>
<MapEntry BoolAssgnmnt="1" Value="1"/>
</AssgnmntListEntry>
<AssgnmntListEntry Length="1" RootTermCovItemId="C5">
<MapEntry BoolAssgnmnt="0" Value="16"/>
<MapEntry BoolAssgnmnt="1" Value="8"/>
</AssgnmntListEntry>
<AssgnmntListEntry Length="3" RootTermCovItemId="C55">
<MapEntry BoolAssgnmnt="002" Value="40"/>
<MapEntry BoolAssgnmnt="120" Value="24"/>
<MapEntry BoolAssgnmnt="121" Value="24"/>
</AssgnmntListEntry>
<AssgnmntListEntry Length="3" RootTermCovItemId="C56">
<MapEntry BoolAssgnmnt="002" Value="24"/>
<MapEntry BoolAssgnmnt="120" Value="16"/>
<MapEntry BoolAssgnmnt="121" Value="24"/>
</AssgnmntListEntry>
<AssgnmntListEntry Length="1" RootTermCovItemId="C6">
<MapEntry BoolAssgnmnt="0" Value="40"/>
<MapEntry BoolAssgnmnt="1" Value="24"/>
</AssgnmntListEntry>
<AssgnmntListEntry Length="1" RootTermCovItemId="C7">
<MapEntry BoolAssgnmnt="0" Value="16"/>
<MapEntry BoolAssgnmnt="1" Value="8"/>
</AssgnmntListEntry>
<AssgnmntListEntry Length="1" RootTermCovItemId="C8">
<MapEntry BoolAssgnmnt="0" Value="2"/>
<MapEntry BoolAssgnmnt="1" Value="16"/>
</AssgnmntListEntry>
<AssgnmntListEntry Length="1" RootTermCovItemId="C9">
<MapEntry BoolAssgnmnt="0" Value="2"/>
<MapEntry BoolAssgnmnt="1" Value="16"/>
</AssgnmntListEntry>
</AssgnmntPrefix>
<AssgnmntPrefix RootTermCovItemPrefix="com.OriginalFiles.Field.java">
<AssgnmntListEntry Length="1" RootTermCovItemId="C1">
<MapEntry BoolAssgnmnt="0" Value="80"/>
<MapEntry BoolAssgnmnt="1" Value="16"/>
</AssgnmntListEntry>
</AssgnmntPrefix>
<AssgnmntPrefix RootTermCovItemPrefix="com.OriginalFiles.Piece.java">
<AssgnmntListEntry Length="1" RootTermCovItemId="C1">
<MapEntry BoolAssgnmnt="0" Value="32"/>
<MapEntry BoolAssgnmnt="1" Value="48"/>
</AssgnmntListEntry>
<AssgnmntListEntry Length="1" RootTermCovItemId="C3">
<MapEntry BoolAssgnmnt="0" Value="24"/>
<MapEntry BoolAssgnmnt="1" Value="24"/>
</AssgnmntListEntry>
<AssgnmntListEntry Length="1" RootTermCovItemId="C4">
<MapEntry BoolAssgnmnt="0" Value="32"/>
<MapEntry BoolAssgnmnt="1" Value="48"/>
</AssgnmntListEntry>
<AssgnmntListEntry Length="1" RootTermCovItemId="C5">
<MapEntry BoolAssgnmnt="1" Value="48"/>
</AssgnmntListEntry>
<AssgnmntListEntry Length="1" RootTermCovItemId="C6">
<MapEntry BoolAssgnmnt="0" Value="48"/>
</AssgnmntListEntry>
<AssgnmntListEntry Length="5" RootTermCovItemId="C7">
<MapEntry BoolAssgnmnt="00210" Value="16"/>
<MapEntry BoolAssgnmnt="00211" Value="8"/>
<MapEntry BoolAssgnmnt="01002" Value="16"/>
<MapEntry BoolAssgnmnt="01122" Value="8"/>
</AssgnmntListEntry>
<AssgnmntListEntry Length="1" RootTermCovItemId="C8">
<MapEntry BoolAssgnmnt="1" Value="16"/>
</AssgnmntListEntry>
<AssgnmntListEntry Length="1" RootTermCovItemId="C9">
<MapEntry BoolAssgnmnt="0" Value="48"/>
</AssgnmntListEntry>
</AssgnmntPrefix>
<AssgnmntPrefix RootTermCovItemPrefix="com.OriginalFiles.RemoteNXTFunctions.java">
<AssgnmntListEntry Length="1" RootTermCovItemId="C10">
<MapEntry BoolAssgnmnt="0" Value="1"/>
</AssgnmntListEntry>
<AssgnmntListEntry Length="1" RootTermCovItemId="C14">
<MapEntry BoolAssgnmnt="0" Value="1"/>
</AssgnmntListEntry>
<AssgnmntListEntry Length="1" RootTermCovItemId="C18">
<MapEntry BoolAssgnmnt="0" Value="1"/>
</AssgnmntListEntry>
<AssgnmntListEntry Length="1" RootTermCovItemId="C22">
<MapEntry BoolAssgnmnt="0" Value="1"/>
</AssgnmntListEntry>
<AssgnmntListEntry Length="1" RootTermCovItemId="C27">
<MapEntry BoolAssgnmnt="0" Value="1"/>
</AssgnmntListEntry>
<AssgnmntListEntry Length="1" RootTermCovItemId="C30">
<MapEntry BoolAssgnmnt="1" Value="1"/>
</AssgnmntListEntry>
<AssgnmntListEntry Length="2" RootTermCovItemId="C31">
<MapEntry BoolAssgnmnt="11" Value="1"/>
</AssgnmntListEntry>
<AssgnmntListEntry Length="1" RootTermCovItemId="C5">
<MapEntry BoolAssgnmnt="0" Value="1"/>
<MapEntry BoolAssgnmnt="1" Value="1"/>
</AssgnmntListEntry>
<AssgnmntListEntry Length="2" RootTermCovItemId="C6">
<MapEntry BoolAssgnmnt="11" Value="1"/>
</AssgnmntListEntry>
</AssgnmntPrefix>
</AssgnmntList>
<ObjMetaDataList/>
<MetaDataList/>
</TestCase>
<TestCase Comment="" Date="1386061681049" Name="com.Testing.PieceTest:testGetSetXY">
<CovList>
<CovPrefix CovItemPrefix="com.OriginalFiles.Board.java">
<Cov CovItemId="B84" Value="2"/>
<Cov CovItemId="B86" Value="2"/>
<Cov CovItemId="S180" Value="2"/>
<Cov CovItemId="S182" Value="2"/>
<Cov CovItemId="S184" Value="2"/>
<Cov CovItemId="S185" Value="1"/>
</CovPrefix>
<CovPrefix CovItemPrefix="com.OriginalFiles.Piece.java">
<Cov CovItemId="B1" Value="1"/>
<Cov CovItemId="B12" Value="1"/>
<Cov CovItemId="B14" Value="1"/>
<Cov CovItemId="B18" Value="1"/>
<Cov CovItemId="B6" Value="1"/>
<Cov CovItemId="B7" Value="1"/>
<Cov CovItemId="B9" Value="1"/>
<Cov CovItemId="S15" Value="1"/>
<Cov CovItemId="S16" Value="1"/>
<Cov CovItemId="S17" Value="1"/>
<Cov CovItemId="S18" Value="1"/>
<Cov CovItemId="S19" Value="1"/>
<Cov CovItemId="S20" Value="1"/>
<Cov CovItemId="S21" Value="1"/>
<Cov CovItemId="S27" Value="1"/>
<Cov CovItemId="S29" Value="1"/>
<Cov CovItemId="S30" Value="1"/>
<Cov CovItemId="S31" Value="1"/>
<Cov CovItemId="S32" Value="1"/>
<Cov CovItemId="S33" Value="1"/>
<Cov CovItemId="S34" Value="1"/>
<Cov CovItemId="S35" Value="1"/>
<Cov CovItemId="S36" Value="1"/>
<Cov CovItemId="S38" Value="1"/>
<Cov CovItemId="S42" Value="1"/>
<Cov CovItemId="S44" Value="1"/>
</CovPrefix>
</CovList>
<AssgnmntList>
<AssgnmntPrefix RootTermCovItemPrefix="com.OriginalFiles.Board.java">
<AssgnmntListEntry Length="3" RootTermCovItemId="C55">
<MapEntry BoolAssgnmnt="002" Value="2"/>
</AssgnmntListEntry>
<AssgnmntListEntry Length="3" RootTermCovItemId="C56">
<MapEntry BoolAssgnmnt="002" Value="2"/>
</AssgnmntListEntry>
</AssgnmntPrefix>
<AssgnmntPrefix RootTermCovItemPrefix="com.OriginalFiles.Piece.java">
<AssgnmntListEntry Length="1" RootTermCovItemId="C1">
<MapEntry BoolAssgnmnt="1" Value="1"/>
</AssgnmntListEntry>
<AssgnmntListEntry Length="1" RootTermCovItemId="C3">
<MapEntry BoolAssgnmnt="0" Value="1"/>
</AssgnmntListEntry>
<AssgnmntListEntry Length="1" RootTermCovItemId="C4">
<MapEntry BoolAssgnmnt="1" Value="1"/>
</AssgnmntListEntry>
<AssgnmntListEntry Length="1" RootTermCovItemId="C5">
<MapEntry BoolAssgnmnt="1" Value="1"/>
</AssgnmntListEntry>
<AssgnmntListEntry Length="1" RootTermCovItemId="C6">
<MapEntry BoolAssgnmnt="0" Value="1"/>
</AssgnmntListEntry>
<AssgnmntListEntry Length="5" RootTermCovItemId="C7">
<MapEntry BoolAssgnmnt="00202" Value="1"/>
</AssgnmntListEntry>
<AssgnmntListEntry Length="1" RootTermCovItemId="C9">
<MapEntry BoolAssgnmnt="0" Value="1"/>
</AssgnmntListEntry>
</AssgnmntPrefix>
</AssgnmntList>
<ObjMetaDataList/>
<MetaDataList/>
</TestCase>
<TestCase Comment="" Date="1386061681049" Name="com.Testing.PieceTest:testIsOnBoard">
<CovList>
<CovPrefix CovItemPrefix="com.OriginalFiles.Board.java">
<Cov CovItemId="B84" Value="2"/>
<Cov CovItemId="B86" Value="2"/>
<Cov CovItemId="S180" Value="2"/>
<Cov CovItemId="S182" Value="2"/>
<Cov CovItemId="S184" Value="2"/>
<Cov CovItemId="S185" Value="2"/>
</CovPrefix>
<CovPrefix CovItemPrefix="com.OriginalFiles.Piece.java">
<Cov CovItemId="B1" Value="1"/>
<Cov CovItemId="B12" Value="1"/>
<Cov CovItemId="B14" Value="1"/>
<Cov CovItemId="B18" Value="1"/>
<Cov CovItemId="B2" Value="1"/>
<Cov CovItemId="B4" Value="2"/>
<Cov CovItemId="B6" Value="1"/>
<Cov CovItemId="B7" Value="1"/>
<Cov CovItemId="B8" Value="1"/>
<Cov CovItemId="B9" Value="1"/>
<Cov CovItemId="S17" Value="2"/>
<Cov CovItemId="S18" Value="2"/>
<Cov CovItemId="S19" Value="2"/>
<Cov CovItemId="S20" Value="2"/>
<Cov CovItemId="S21" Value="1"/>
<Cov CovItemId="S22" Value="1"/>
<Cov CovItemId="S23" Value="1"/>
<Cov CovItemId="S24" Value="2"/>
<Cov CovItemId="S26" Value="2"/>
<Cov CovItemId="S27" Value="1"/>
<Cov CovItemId="S29" Value="1"/>
<Cov CovItemId="S30" Value="2"/>
<Cov CovItemId="S31" Value="2"/>
<Cov CovItemId="S32" Value="1"/>
<Cov CovItemId="S33" Value="1"/>
<Cov CovItemId="S34" Value="1"/>
<Cov CovItemId="S35" Value="1"/>
<Cov CovItemId="S36" Value="1"/>
<Cov CovItemId="S38" Value="1"/>
<Cov CovItemId="S42" Value="1"/>
<Cov CovItemId="S44" Value="1"/>
</CovPrefix>
</CovList>
<AssgnmntList>
<AssgnmntPrefix RootTermCovItemPrefix="com.OriginalFiles.Board.java">
<AssgnmntListEntry Length="3" RootTermCovItemId="C55">
<MapEntry BoolAssgnmnt="002" Value="2"/>
</AssgnmntListEntry>
<AssgnmntListEntry Length="3" RootTermCovItemId="C56">
<MapEntry BoolAssgnmnt="002" Value="2"/>
</AssgnmntListEntry>
</AssgnmntPrefix>
<AssgnmntPrefix RootTermCovItemPrefix="com.OriginalFiles.Piece.java">
<AssgnmntListEntry Length="1" RootTermCovItemId="C1">
<MapEntry BoolAssgnmnt="0" Value="1"/>
<MapEntry BoolAssgnmnt="1" Value="1"/>
</AssgnmntListEntry>
<AssgnmntListEntry Length="2" RootTermCovItemId="C2">
<MapEntry BoolAssgnmnt="00" Value="2"/>
</AssgnmntListEntry>
<AssgnmntListEntry Length="1" RootTermCovItemId="C3">
<MapEntry BoolAssgnmnt="0" Value="1"/>
</AssgnmntListEntry>
<AssgnmntListEntry Length="1" RootTermCovItemId="C4">
<MapEntry BoolAssgnmnt="0" Value="1"/>
<MapEntry BoolAssgnmnt="1" Value="1"/>
</AssgnmntListEntry>
<AssgnmntListEntry Length="1" RootTermCovItemId="C5">
<MapEntry BoolAssgnmnt="1" Value="1"/>
</AssgnmntListEntry>
<AssgnmntListEntry Length="1" RootTermCovItemId="C6">
<MapEntry BoolAssgnmnt="0" Value="1"/>
</AssgnmntListEntry>
<AssgnmntListEntry Length="5" RootTermCovItemId="C7">
<MapEntry BoolAssgnmnt="00202" Value="1"/>
</AssgnmntListEntry>
<AssgnmntListEntry Length="1" RootTermCovItemId="C9">
<MapEntry BoolAssgnmnt="0" Value="1"/>
</AssgnmntListEntry>
</AssgnmntPrefix>
</AssgnmntList>
<ObjMetaDataList/>
<MetaDataList/>
</TestCase>
<TestCase Comment="" Date="1386061681050" Name="com.Testing.PieceTest:testPriceForPieceValue">
<CovList>
<CovPrefix CovItemPrefix="com.OriginalFiles.Board.java">
<Cov CovItemId="B79" Value="856"/>
<Cov CovItemId="B81" Value="26"/>
<Cov CovItemId="B82" Value="830"/>
<Cov CovItemId="B83" Value="9"/>
<Cov CovItemId="B84" Value="52"/>
<Cov CovItemId="B85" Value="14"/>
<Cov CovItemId="B86" Value="38"/>
<Cov CovItemId="S176" Value="856"/>
<Cov CovItemId="S177" Value="856"/>
<Cov CovItemId="S178" Value="26"/>
<Cov CovItemId="S179" Value="830"/>
<Cov CovItemId="S180" Value="61"/>
<Cov CovItemId="S181" Value="9"/>
<Cov CovItemId="S182" Value="52"/>
<Cov CovItemId="S183" Value="14"/>
<Cov CovItemId="S184" Value="38"/>
<Cov CovItemId="S185" Value="2991"/>
</CovPrefix>
<CovPrefix CovItemPrefix="com.OriginalFiles.Field.java">
<Cov CovItemId="B1" Value="9"/>
<Cov CovItemId="B2" Value="4"/>
<Cov CovItemId="S13" Value="256"/>
<Cov CovItemId="S5" Value="13"/>
<Cov CovItemId="S6" Value="13"/>
<Cov CovItemId="S7" Value="9"/>
<Cov CovItemId="S8" Value="40"/>
<Cov CovItemId="S9" Value="869"/>
</CovPrefix>
<CovPrefix CovItemPrefix="com.OriginalFiles.Piece.java">
<Cov CovItemId="B1" Value="21"/>
<Cov CovItemId="B10" Value="7"/>
<Cov CovItemId="B11" Value="7"/>
<Cov CovItemId="B12" Value="14"/>
<Cov CovItemId="B13" Value="3"/>
<Cov CovItemId="B14" Value="18"/>
<Cov CovItemId="B15" Value="2"/>
<Cov CovItemId="B16" Value="1"/>
<Cov CovItemId="B17" Value="3"/>
<Cov CovItemId="B18" Value="18"/>
<Cov CovItemId="B19" Value="856"/>
<Cov CovItemId="B20" Value="1258"/>
<Cov CovItemId="B21" Value="5"/>
<Cov CovItemId="B22" Value="851"/>
<Cov CovItemId="B3" Value="7"/>
<Cov CovItemId="B4" Value="2"/>
<Cov CovItemId="B5" Value="11"/>
<Cov CovItemId="B6" Value="3"/>
<Cov CovItemId="B7" Value="21"/>
<Cov CovItemId="B9" Value="14"/>
<Cov CovItemId="L1-1" Value="4"/>
<Cov CovItemId="L1-2" Value="3"/>
<Cov CovItemId="L2-2" Value="24"/>
<Cov CovItemId="L3-1" Value="2"/>
<Cov CovItemId="L3-2" Value="191"/>
<Cov CovItemId="S1" Value="5"/>
<Cov CovItemId="S10" Value="5"/>
<Cov CovItemId="S11" Value="5"/>
<Cov CovItemId="S12" Value="5"/>
<Cov CovItemId="S13" Value="5"/>
<Cov CovItemId="S14" Value="5"/>
<Cov CovItemId="S17" Value="14"/>
<Cov CovItemId="S18" Value="14"/>
<Cov CovItemId="S19" Value="14"/>
<Cov CovItemId="S2" Value="5"/>
<Cov CovItemId="S20" Value="21"/>
<Cov CovItemId="S21" Value="21"/>
<Cov CovItemId="S24" Value="9"/>
<Cov CovItemId="S25" Value="7"/>
<Cov CovItemId="S26" Value="9"/>
<Cov CovItemId="S27" Value="14"/>
<Cov CovItemId="S28" Value="11"/>
<Cov CovItemId="S29" Value="3"/>
<Cov CovItemId="S3" Value="5"/>
<Cov CovItemId="S30" Value="14"/>
<Cov CovItemId="S31" Value="21"/>
<Cov CovItemId="S32" Value="21"/>
<Cov CovItemId="S33" Value="21"/>
<Cov CovItemId="S34" Value="21"/>
<Cov CovItemId="S35" Value="14"/>
<Cov CovItemId="S36" Value="21"/>
<Cov CovItemId="S37" Value="7"/>
<Cov CovItemId="S38" Value="21"/>
<Cov CovItemId="S39" Value="3"/>
<Cov CovItemId="S4" Value="5"/>
<Cov CovItemId="S40" Value="2"/>
<Cov CovItemId="S41" Value="3"/>
<Cov CovItemId="S42" Value="21"/>
<Cov CovItemId="S43" Value="3"/>
<Cov CovItemId="S44" Value="21"/>
<Cov CovItemId="S45" Value="7"/>
<Cov CovItemId="S46" Value="7"/>
<Cov CovItemId="S47" Value="7"/>
<Cov CovItemId="S48" Value="24"/>
<Cov CovItemId="S49" Value="24"/>
<Cov CovItemId="S5" Value="5"/>
<Cov CovItemId="S50" Value="193"/>
<Cov CovItemId="S51" Value="2114"/>
<Cov CovItemId="S52" Value="856"/>
<Cov CovItemId="S53" Value="5"/>
<Cov CovItemId="S54" Value="5"/>
<Cov CovItemId="S55" Value="7"/>
<Cov CovItemId="S6" Value="5"/>
<Cov CovItemId="S7" Value="5"/>
<Cov CovItemId="S8" Value="5"/>
<Cov CovItemId="S9" Value="5"/>
</CovPrefix>
</CovList>
<AssgnmntList>
<AssgnmntPrefix RootTermCovItemPrefix="com.OriginalFiles.Board.java">
<AssgnmntListEntry Length="1" RootTermCovItemId="C53">
<MapEntry BoolAssgnmnt="1" Value="856"/>
</AssgnmntListEntry>
<AssgnmntListEntry Length="1" RootTermCovItemId="C54">
<MapEntry BoolAssgnmnt="0" Value="26"/>
<MapEntry BoolAssgnmnt="1" Value="830"/>
</AssgnmntListEntry>
<AssgnmntListEntry Length="3" RootTermCovItemId="C55">
<MapEntry BoolAssgnmnt="002" Value="22"/>
<MapEntry BoolAssgnmnt="120" Value="9"/>
<MapEntry BoolAssgnmnt="121" Value="30"/>
</AssgnmntListEntry>
<AssgnmntListEntry Length="3" RootTermCovItemId="C56">
<MapEntry BoolAssgnmnt="002" Value="30"/>
<MapEntry BoolAssgnmnt="120" Value="8"/>
<MapEntry BoolAssgnmnt="121" Value="14"/>
</AssgnmntListEntry>
</AssgnmntPrefix>
<AssgnmntPrefix RootTermCovItemPrefix="com.OriginalFiles.Field.java">
<AssgnmntListEntry Length="1" RootTermCovItemId="C1">
<MapEntry BoolAssgnmnt="0" Value="9"/>
<MapEntry BoolAssgnmnt="1" Value="4"/>
</AssgnmntListEntry>
</AssgnmntPrefix>
<AssgnmntPrefix RootTermCovItemPrefix="com.OriginalFiles.Piece.java">
<AssgnmntListEntry Length="1" RootTermCovItemId="C1">
<MapEntry BoolAssgnmnt="1" Value="21"/>
</AssgnmntListEntry>
<AssgnmntListEntry Length="2" RootTermCovItemId="C10">
<MapEntry BoolAssgnmnt="01" Value="24"/>
<MapEntry BoolAssgnmnt="00" Value="2"/>
<MapEntry BoolAssgnmnt="12" Value="5"/>
</AssgnmntListEntry>
<AssgnmntListEntry Length="1" RootTermCovItemId="C11">
<MapEntry BoolAssgnmnt="0" Value="19"/>
<MapEntry BoolAssgnmnt="1" Value="193"/>
</AssgnmntListEntry>
<AssgnmntListEntry Length="1" RootTermCovItemId="C12">
<MapEntry BoolAssgnmnt="0" Value="188"/>
<MapEntry BoolAssgnmnt="1" Value="2114"/>
</AssgnmntListEntry>
<AssgnmntListEntry Length="1" RootTermCovItemId="C13">
<MapEntry BoolAssgnmnt="0" Value="1258"/>
<MapEntry BoolAssgnmnt="1" Value="856"/>
</AssgnmntListEntry>
<AssgnmntListEntry Length="1" RootTermCovItemId="C14">
<MapEntry BoolAssgnmnt="0" Value="851"/>
<MapEntry BoolAssgnmnt="1" Value="5"/>
</AssgnmntListEntry>
<AssgnmntListEntry Length="2" RootTermCovItemId="C2">
<MapEntry BoolAssgnmnt="01" Value="2"/>
<MapEntry BoolAssgnmnt="00" Value="2"/>
<MapEntry BoolAssgnmnt="12" Value="5"/>
</AssgnmntListEntry>
<AssgnmntListEntry Length="1" RootTermCovItemId="C3">
<MapEntry BoolAssgnmnt="0" Value="3"/>
<MapEntry BoolAssgnmnt="1" Value="11"/>
</AssgnmntListEntry>
<AssgnmntListEntry Length="1" RootTermCovItemId="C4">
<MapEntry BoolAssgnmnt="1" Value="21"/>
</AssgnmntListEntry>
<AssgnmntListEntry Length="1" RootTermCovItemId="C5">
<MapEntry BoolAssgnmnt="0" Value="7"/>
<MapEntry BoolAssgnmnt="1" Value="14"/>
</AssgnmntListEntry>
<AssgnmntListEntry Length="1" RootTermCovItemId="C6">
<MapEntry BoolAssgnmnt="0" Value="14"/>
<MapEntry BoolAssgnmnt="1" Value="7"/>
</AssgnmntListEntry>
<AssgnmntListEntry Length="5" RootTermCovItemId="C7">
<MapEntry BoolAssgnmnt="00210" Value="7"/>
<MapEntry BoolAssgnmnt="00211" Value="2"/>
<MapEntry BoolAssgnmnt="01002" Value="8"/>
<MapEntry BoolAssgnmnt="12222" Value="3"/>
<MapEntry BoolAssgnmnt="01122" Value="1"/>
</AssgnmntListEntry>
<AssgnmntListEntry Length="1" RootTermCovItemId="C8">
<MapEntry BoolAssgnmnt="0" Value="1"/>
<MapEntry BoolAssgnmnt="1" Value="2"/>
</AssgnmntListEntry>
<AssgnmntListEntry Length="1" RootTermCovItemId="C9">
<MapEntry BoolAssgnmnt="0" Value="18"/>
<MapEntry BoolAssgnmnt="1" Value="3"/>
</AssgnmntListEntry>
</AssgnmntPrefix>
</AssgnmntList>
<ObjMetaDataList/>
<MetaDataList/>
</TestCase>
<TestCase Comment="" Date="1386061681050" Name="com.Testing.PieceTest:testPriceForPiece">
<CovList>
<CovPrefix CovItemPrefix="com.OriginalFiles.Board.java">
<Cov CovItemId="B79" Value="403"/>
<Cov CovItemId="B82" Value="403"/>
<Cov CovItemId="B84" Value="8"/>
<Cov CovItemId="B86" Value="8"/>
<Cov CovItemId="S176" Value="403"/>
<Cov CovItemId="S177" Value="403"/>
<Cov CovItemId="S179" Value="403"/>
<Cov CovItemId="S180" Value="8"/>
<Cov CovItemId="S182" Value="8"/>
<Cov CovItemId="S184" Value="8"/>
<Cov CovItemId="S185" Value="1375"/>
</CovPrefix>
<CovPrefix CovItemPrefix="com.OriginalFiles.Field.java">
<Cov CovItemId="S13" Value="64"/>
<Cov CovItemId="S9" Value="403"/>
</CovPrefix>
<CovPrefix CovItemPrefix="com.OriginalFiles.Piece.java">
<Cov CovItemId="B1" Value="4"/>
<Cov CovItemId="B10" Value="1"/>
<Cov CovItemId="B11" Value="1"/>
<Cov CovItemId="B12" Value="3"/>
<Cov CovItemId="B14" Value="4"/>
<Cov CovItemId="B18" Value="4"/>
<Cov CovItemId="B19" Value="403"/>
<Cov CovItemId="B20" Value="565"/>
<Cov CovItemId="B22" Value="403"/>
<Cov CovItemId="B3" Value="1"/>
<Cov CovItemId="B4" Value="4"/>
<Cov CovItemId="B6" Value="3"/>
<Cov CovItemId="B7" Value="4"/>
<Cov CovItemId="B9" Value="3"/>
<Cov CovItemId="L1-2" Value="1"/>
<Cov CovItemId="L2-2" Value="8"/>
<Cov CovItemId="L3-2" Value="80"/>
<Cov CovItemId="S1" Value="1"/>
<Cov CovItemId="S10" Value="1"/>
<Cov CovItemId="S11" Value="1"/>
<Cov CovItemId="S12" Value="1"/>
<Cov CovItemId="S13" Value="1"/>
<Cov CovItemId="S14" Value="1"/>
<Cov CovItemId="S17" Value="3"/>
<Cov CovItemId="S18" Value="3"/>
<Cov CovItemId="S19" Value="3"/>
<Cov CovItemId="S2" Value="1"/>
<Cov CovItemId="S20" Value="4"/>
<Cov CovItemId="S21" Value="4"/>
<Cov CovItemId="S24" Value="5"/>
<Cov CovItemId="S25" Value="1"/>
<Cov CovItemId="S26" Value="5"/>
<Cov CovItemId="S27" Value="3"/>
<Cov CovItemId="S29" Value="3"/>
<Cov CovItemId="S3" Value="1"/>
<Cov CovItemId="S30" Value="3"/>
<Cov CovItemId="S31" Value="4"/>
<Cov CovItemId="S32" Value="4"/>
<Cov CovItemId="S33" Value="4"/>
<Cov CovItemId="S34" Value="4"/>
<Cov CovItemId="S35" Value="3"/>
<Cov CovItemId="S36" Value="4"/>
<Cov CovItemId="S37" Value="1"/>
<Cov CovItemId="S38" Value="4"/>
<Cov CovItemId="S4" Value="1"/>
<Cov CovItemId="S42" Value="4"/>
<Cov CovItemId="S44" Value="4"/>
<Cov CovItemId="S45" Value="1"/>
<Cov CovItemId="S46" Value="1"/>
<Cov CovItemId="S47" Value="1"/>
<Cov CovItemId="S48" Value="8"/>
<Cov CovItemId="S49" Value="8"/>
<Cov CovItemId="S5" Value="1"/>
<Cov CovItemId="S50" Value="80"/>
<Cov CovItemId="S51" Value="968"/>
<Cov CovItemId="S52" Value="403"/>
<Cov CovItemId="S55" Value="1"/>
<Cov CovItemId="S6" Value="1"/>
<Cov CovItemId="S7" Value="1"/>
<Cov CovItemId="S8" Value="1"/>
<Cov CovItemId="S9" Value="1"/>
</CovPrefix>
</CovList>
<AssgnmntList>
<AssgnmntPrefix RootTermCovItemPrefix="com.OriginalFiles.Board.java">
<AssgnmntListEntry Length="1" RootTermCovItemId="C53">
<MapEntry BoolAssgnmnt="1" Value="403"/>
</AssgnmntListEntry>
<AssgnmntListEntry Length="1" RootTermCovItemId="C54">
<MapEntry BoolAssgnmnt="1" Value="403"/>
</AssgnmntListEntry>
<AssgnmntListEntry Length="3" RootTermCovItemId="C55">
<MapEntry BoolAssgnmnt="002" Value="8"/>
</AssgnmntListEntry>
<AssgnmntListEntry Length="3" RootTermCovItemId="C56">
<MapEntry BoolAssgnmnt="002" Value="8"/>
</AssgnmntListEntry>
</AssgnmntPrefix>
<AssgnmntPrefix RootTermCovItemPrefix="com.OriginalFiles.Piece.java">
<AssgnmntListEntry Length="1" RootTermCovItemId="C1">
<MapEntry BoolAssgnmnt="1" Value="4"/>
</AssgnmntListEntry>
<AssgnmntListEntry Length="2" RootTermCovItemId="C10">
<MapEntry BoolAssgnmnt="01" Value="8"/>
<MapEntry BoolAssgnmnt="00" Value="1"/>
</AssgnmntListEntry>
<AssgnmntListEntry Length="1" RootTermCovItemId="C11">
<MapEntry BoolAssgnmnt="0" Value="8"/>
<MapEntry BoolAssgnmnt="1" Value="80"/>
</AssgnmntListEntry>
<AssgnmntListEntry Length="1" RootTermCovItemId="C12">
<MapEntry BoolAssgnmnt="0" Value="80"/>
<MapEntry BoolAssgnmnt="1" Value="968"/>
</AssgnmntListEntry>
<AssgnmntListEntry Length="1" RootTermCovItemId="C13">
<MapEntry BoolAssgnmnt="0" Value="565"/>
<MapEntry BoolAssgnmnt="1" Value="403"/>
</AssgnmntListEntry>
<AssgnmntListEntry Length="1" RootTermCovItemId="C14">
<MapEntry BoolAssgnmnt="0" Value="403"/>
</AssgnmntListEntry>
<AssgnmntListEntry Length="2" RootTermCovItemId="C2">
<MapEntry BoolAssgnmnt="00" Value="4"/>
<MapEntry BoolAssgnmnt="12" Value="1"/>
</AssgnmntListEntry>
<AssgnmntListEntry Length="1" RootTermCovItemId="C3">
<MapEntry BoolAssgnmnt="0" Value="3"/>
</AssgnmntListEntry>
<AssgnmntListEntry Length="1" RootTermCovItemId="C4">
<MapEntry BoolAssgnmnt="1" Value="4"/>
</AssgnmntListEntry>
<AssgnmntListEntry Length="1" RootTermCovItemId="C5">
<MapEntry BoolAssgnmnt="0" Value="1"/>
<MapEntry BoolAssgnmnt="1" Value="3"/>
</AssgnmntListEntry>
<AssgnmntListEntry Length="1" RootTermCovItemId="C6">
<MapEntry BoolAssgnmnt="0" Value="3"/>
<MapEntry BoolAssgnmnt="1" Value="1"/>
</AssgnmntListEntry>
<AssgnmntListEntry Length="5" RootTermCovItemId="C7">
<MapEntry BoolAssgnmnt="00202" Value="4"/>
</AssgnmntListEntry>
<AssgnmntListEntry Length="1" RootTermCovItemId="C9">
<MapEntry BoolAssgnmnt="0" Value="4"/>
</AssgnmntListEntry>
</AssgnmntPrefix>
</AssgnmntList>
<ObjMetaDataList/>
<MetaDataList/>
</TestCase>
<MetaDataList/>
</TestSession>
</TestSessionContainer>
