<?xml version="1.0" encoding="UTF-8"?><TestSessionContainer xmlns="http://www.codecover.org/xml/testsession-container" Date="1385460555255" TestSessionContainerId="d6cab082-7bf0-41e7-83a4-547dd6f7dceb" version="1.0">
<SrcFileList>
<SrcFile Content="package com.OriginalFiles;&#13;&#10;&#13;&#10;import com.CustomClasses.Color;&#13;&#10;import java.io.IOException;&#13;&#10;&#13;&#10;public class RemoteNXTFunctions {&#13;&#10;    public Board checkersBoard;&#13;&#10;    public int analyzeTestVariable = 0;&#13;&#10;    public boolean analyzeresetMotorsTestVariable = false;&#13;&#10;&#13;&#10;    public RemoteNXTFunctions() throws InterruptedException, IOException {&#13;&#10;        checkersBoard = new Board(this);&#13;&#10;    }&#13;&#10;    public void resetMotors() {&#13;&#10;        analyzeresetMotorsTestVariable = true;&#13;&#10;        &#13;&#10;    }&#13;&#10;&#13;&#10;    public void trashPieceOnField(Field field) {&#13;&#10;        // TODO Auto-generated method stub&#13;&#10;        &#13;&#10;    }&#13;&#10;&#13;&#10;    public void doMove(Move move) {&#13;&#10;        // TODO Auto-generated method stub&#13;&#10;        &#13;&#10;    }&#13;&#10;&#13;&#10;    public void waitForRedButton() {&#13;&#10;        // TODO Auto-generated method stub&#13;&#10;&#13;&#10;    }&#13;&#10;&#13;&#10;    public void initColorSensor() {&#13;&#10;        // TODO Auto-generated method stub&#13;&#10;&#13;&#10;    }&#13;&#10;&#13;&#10;    public final Color getColorOnField(int x, int y) {&#13;&#10;        Color output = new Color();&#13;&#10;        &#13;&#10;        if(analyzeTestVariable == 0) {&#13;&#10;            if(x == 0 &amp;&amp; y == 1)&#13;&#10;            {&#13;&#10;                output.setColor('r');&#13;&#10;            } else if (x == 2 &amp;&amp; y == 5) {&#13;&#10;                output.setColor(' ');&#13;&#10;            } else if (x == 1 &amp;&amp; y == 4) {&#13;&#10;                output.setColor('w');&#13;&#10;            } else if (checkersBoard.myBoard[x][y].getPieceOnField() != null) {&#13;&#10;                output.setColor(checkersBoard.myBoard[x][y].getPieceOnField().color);&#13;&#10;            } else {&#13;&#10;                output.setColor(' ');&#13;&#10;            }&#13;&#10;        }&#13;&#10;        else {&#13;&#10;            if(analyzeTestVariable == 1) {&#13;&#10;                if(x == 1 &amp;&amp; y == 4)&#13;&#10;                {&#13;&#10;                    output.setColor('w');&#13;&#10;                }&#13;&#10;                else if(x == 0 &amp;&amp; y == 5)&#13;&#10;                {&#13;&#10;                    output.setColor(' ');&#13;&#10;                } else if (checkersBoard.myBoard[x][y].getPieceOnField() != null) {&#13;&#10;                    output.setColor(checkersBoard.myBoard[x][y].getPieceOnField().color);&#13;&#10;                } else {&#13;&#10;                    output.setColor(' ');&#13;&#10;                }&#13;&#10;            }&#13;&#10;            else if (analyzeTestVariable == 2) {&#13;&#10;                if(x == 2 &amp;&amp; y == 5)&#13;&#10;                {&#13;&#10;                    output.setColor(' ');&#13;&#10;                }&#13;&#10;                else if(x == 3 &amp;&amp; y == 4) {&#13;&#10;                    output.setColor(' ');&#13;&#10;                }&#13;&#10;                else if(x == 4 &amp;&amp; y == 3)&#13;&#10;                {&#13;&#10;                    output.setColor('w');&#13;&#10;                } else if (checkersBoard.myBoard[x][y].getPieceOnField() != null) {&#13;&#10;                    output.setColor(checkersBoard.myBoard[x][y].getPieceOnField().color);&#13;&#10;                } else {&#13;&#10;                    output.setColor(' ');&#13;&#10;                }&#13;&#10;            }&#13;&#10;            else if (analyzeTestVariable == 3) {&#13;&#10;                if(x == 2 &amp;&amp; y == 3) {&#13;&#10;                    output.setColor(' ');&#13;&#10;                } else if (checkersBoard.myBoard[x][y].getPieceOnField() != null) {&#13;&#10;                    output.setColor(checkersBoard.myBoard[x][y].getPieceOnField().color);&#13;&#10;                } else {&#13;&#10;                    output.setColor(' ');&#13;&#10;                }&#13;&#10;            }&#13;&#10;            else if (analyzeTestVariable == 4) {&#13;&#10;                if(x == 0 &amp;&amp; y == 1) {&#13;&#10;                    output.setColor('w');&#13;&#10;                } else if (checkersBoard.myBoard[x][y].getPieceOnField() != null) {&#13;&#10;                    output.setColor(checkersBoard.myBoard[x][y].getPieceOnField().color);&#13;&#10;                } else {&#13;&#10;                    output.setColor(' ');&#13;&#10;                }&#13;&#10;            }&#13;&#10;        }&#13;&#10;        &#13;&#10;        return output;&#13;&#10;    }&#13;&#10;&#13;&#10;}&#13;&#10;" Filename="RemoteNXTFunctions.java" Intrnl_Id="1"/>
<SrcFile Content="package com.OriginalFiles;&#13;&#10;&#13;&#10;public class Piece {&#13;&#10;    private int x = -1, y = -1;&#13;&#10;    public char color;&#13;&#10;    public boolean isMoveable = false;&#13;&#10;    public boolean canJump = false;&#13;&#10;    public boolean isCrowned = false;&#13;&#10;    private double currentValue = 0;&#13;&#10;    private int calculatedGameState = 0;&#13;&#10;    private final int isMidgame = 1;&#13;&#10;    private final int isEndgame = 2;&#13;&#10;    private Board checkersBoard;&#13;&#10;&#13;&#10;    private final int valueOfPiece = 10;&#13;&#10;    private final int middleBonus = 3;&#13;&#10;    private final int closeBonus = 4;&#13;&#10;    private final int backlineBonus = 7;&#13;&#10;    private final int kingBonus = 15;&#13;&#10;&#13;&#10;    public Piece(Board input) {&#13;&#10;        checkersBoard = input;&#13;&#10;    }&#13;&#10;&#13;&#10;    public final int getY() {&#13;&#10;        return y;&#13;&#10;    }&#13;&#10;&#13;&#10;    public final int getX() {&#13;&#10;        return x;&#13;&#10;    }&#13;&#10;&#13;&#10;    public final void setXY(int inputX, int inputY) {&#13;&#10;        x = inputX;&#13;&#10;        y = inputY;&#13;&#10;        updatePriceMidgame();&#13;&#10;    }&#13;&#10;&#13;&#10;    private boolean isOnBoard() {&#13;&#10;        if (checkersBoard.checkBounds(x, y)) {&#13;&#10;            return true;&#13;&#10;        } else {&#13;&#10;            currentValue = 0;&#13;&#10;            return false;&#13;&#10;        }&#13;&#10;    }&#13;&#10;&#13;&#10;    public final double priceForPiece(int gameState) {&#13;&#10;        if (calculatedGameState != gameState || gameState == isEndgame) {&#13;&#10;                updatePrice(gameState);&#13;&#10;        }&#13;&#10;        return currentValue;&#13;&#10;    }&#13;&#10;&#13;&#10;    private int min(int a, int b) {&#13;&#10;        if (a &lt; b) {&#13;&#10;            return a;&#13;&#10;        }&#13;&#10;        return b;&#13;&#10;    }&#13;&#10;&#13;&#10;    private void updatePriceMidgame() {&#13;&#10;        updatePrice(isMidgame);&#13;&#10;    }&#13;&#10;&#13;&#10;    private void updatePrice(int gameState) {&#13;&#10;        if (isOnBoard()) {&#13;&#10;            calculatedGameState = gameState;&#13;&#10;            int returnValue = valueOfPiece;&#13;&#10;            if (gameState == isMidgame) {&#13;&#10;                returnValue += middleBonus&#13;&#10;                        - min(Math.abs(3 - x), Math.abs(4 - x));&#13;&#10;            }&#13;&#10;            if (gameState == isEndgame) {&#13;&#10;                returnValue += closeBonus - closestPiece();&#13;&#10;            }&#13;&#10;&#13;&#10;            if (!isCrowned&#13;&#10;                    &amp;&amp; ((checkersBoard.checkAllegiance(this, true)&#13;&#10;                            &amp;&amp; y == 7)&#13;&#10;                    || (checkersBoard.checkAllegiance(this, false)&#13;&#10;                            &amp;&amp; y == 0))) {&#13;&#10;                if (gameState == isMidgame) {&#13;&#10;                    returnValue += backlineBonus / 2;&#13;&#10;                }&#13;&#10;                returnValue += backlineBonus / 2;&#13;&#10;            }&#13;&#10;            if (isCrowned) {&#13;&#10;                returnValue += kingBonus;&#13;&#10;            }&#13;&#10;            currentValue = returnValue;&#13;&#10;        }&#13;&#10;    }&#13;&#10;&#13;&#10;    private int closestPiece() {&#13;&#10;        boolean found = false;&#13;&#10;        int distance = 0;&#13;&#10;        while (!found &amp;&amp; distance &lt; 8) {&#13;&#10;            distance += 1;&#13;&#10;            OUTERMOST: for (int i = -distance; i &lt; 1 + distance; i++) {&#13;&#10;                for (int j = -distance; j &lt; 1 + distance; j++) {&#13;&#10;                    if (checkersBoard.&#13;&#10;                            checkBounds(x + i, y + j)) {&#13;&#10;                        if (checkersBoard.checkAllegiance(&#13;&#10;                                checkersBoard.&#13;&#10;                                myBoard[x + i][y + j], true)) {&#13;&#10;                            found = true;&#13;&#10;                            break OUTERMOST;&#13;&#10;                        }&#13;&#10;                    }&#13;&#10;                }&#13;&#10;            }&#13;&#10;        }&#13;&#10;        return distance;&#13;&#10;    }&#13;&#10;}" Filename="Piece.java" Intrnl_Id="2"/>
<SrcFile Content="package com.OriginalFiles;&#13;&#10;&#13;&#10;import java.util.ArrayList;&#13;&#10;import java.util.List;&#13;&#10;&#13;&#10;public class Move {&#13;&#10;    public List&lt;Field&gt; moves;&#13;&#10;    //public boolean isJump;&#13;&#10;    public List&lt;Piece&gt; takenPieces = new ArrayList&lt;Piece&gt;();&#13;&#10;    public boolean wasKingBefore = false;&#13;&#10;&#13;&#10;    public Move(Field movefrom, Field moveto, boolean wasKing) {&#13;&#10;        List&lt;Field&gt; moveToList = new ArrayList&lt;Field&gt;();&#13;&#10;        moveToList.add(movefrom);&#13;&#10;        moveToList.add(moveto);&#13;&#10;        this.moves = moveToList;&#13;&#10;        this.wasKingBefore = wasKing;&#13;&#10;    }&#13;&#10;&#13;&#10;    public Move(List&lt;Field&gt; moveToList, boolean wasKing) {&#13;&#10;        this.moves = moveToList;&#13;&#10;        this.wasKingBefore = wasKing;&#13;&#10;    }&#13;&#10;&#13;&#10;    public Move() {&#13;&#10;        List&lt;Field&gt; moveToList = new ArrayList&lt;Field&gt;();&#13;&#10;        this.moves = moveToList;&#13;&#10;    }&#13;&#10;&#13;&#10;    public final boolean isJump() {&#13;&#10;        if (moves.size() &gt;= 2) {&#13;&#10;            Field to = moves.get(1);&#13;&#10;            Field from  = moves.get(0);&#13;&#10;&#13;&#10;            return Math.abs(from.x - to.x) == 2 &amp;&amp; Math.abs(from.y - to.y) == 2;&#13;&#10;        } else {&#13;&#10;            return false;&#13;&#10;        }&#13;&#10;    }&#13;&#10;&#13;&#10;    public final void addStep(Field step) {&#13;&#10;        this.moves.add(step);&#13;&#10;    }&#13;&#10;}&#13;&#10;&#13;&#10;" Filename="Move.java" Intrnl_Id="3"/>
<SrcFile Content="package com.OriginalFiles;&#13;&#10;&#13;&#10;import java.io.IOException;&#13;&#10;import java.util.ArrayList;&#13;&#10;import java.util.List;&#13;&#10;import custom.Exceptions.NoKingLeft;&#13;&#10;&#13;&#10;public class MI {&#13;&#10;    public RemoteNXTFunctions remoteNXT;&#13;&#10;    private final double inf = 100000.0;&#13;&#10;    private List&lt;Move&gt; simulatedMoves = new ArrayList&lt;Move&gt;();&#13;&#10;    public MI(RemoteNXTFunctions inputRemoteNXT) {&#13;&#10;        remoteNXT = inputRemoteNXT;&#13;&#10;        updatePieceList();&#13;&#10;&#13;&#10;    }&#13;&#10;&#13;&#10;    List&lt;Piece&gt; ownPieces = new ArrayList&lt;Piece&gt;();&#13;&#10;    List&lt;Piece&gt; oppPieces = new ArrayList&lt;Piece&gt;();&#13;&#10;&#13;&#10;    private void updatePieceList() {&#13;&#10;        ownPieces.clear();&#13;&#10;        oppPieces.clear();&#13;&#10;        for (Field[] f: remoteNXT.checkersBoard.myBoard) {&#13;&#10;            for (Field q: f) {&#13;&#10;                if (!q.isEmpty()) {&#13;&#10;                    if (remoteNXT.checkersBoard.checkAllegiance(q, false)) {&#13;&#10;                        ownPieces.add(q.getPieceOnField());&#13;&#10;                    } else {&#13;&#10;                        oppPieces.add(q.getPieceOnField());&#13;&#10;                    }&#13;&#10;                }&#13;&#10;            }&#13;&#10;        }&#13;&#10;    }&#13;&#10;&#13;&#10;    /* ------------------------------------------------------------------  *&#13;&#10;    /* MI brain starts */&#13;&#10;&#13;&#10;    public final Move lookForBestMove() throws NoKingLeft, IOException,&#13;&#10;                                         InterruptedException {&#13;&#10;        updatePieceList();&#13;&#10;        List&lt;Move&gt; posMoves = possibleMoves(1);&#13;&#10;        List&lt;Move&gt; bestMoves = new ArrayList&lt;Move&gt;();&#13;&#10;        double price = -inf;&#13;&#10;        double tempPrice;&#13;&#10;&#13;&#10;        if (posMoves.size() == 1) {&#13;&#10;            return posMoves.get(0);&#13;&#10;        }&#13;&#10;&#13;&#10;        for (Move move : posMoves) {&#13;&#10;            simulateMove(move);&#13;&#10;&#13;&#10;            tempPrice =  -negaMax(numberofmovelook, -1, -inf, -price);&#13;&#10;            revertMove();&#13;&#10;&#13;&#10;            if (tempPrice &gt; price) {&#13;&#10;                price = tempPrice;&#13;&#10;                bestMoves.clear();&#13;&#10;                bestMoves.add(move);&#13;&#10;            } else if (tempPrice == price) {&#13;&#10;                bestMoves.add(move);&#13;&#10;            }&#13;&#10;        }&#13;&#10;        return bestMoves.get((int) (Math.random() * (bestMoves.size() - 1)));&#13;&#10;    }&#13;&#10;&#13;&#10;&#13;&#10;    private double negaMax(int depth, int turn, double alpha, double beta)&#13;&#10;            throws NoKingLeft, IOException, InterruptedException {&#13;&#10;      //latex start negaMax&#13;&#10;        if (depth == 0&#13;&#10;                || remoteNXT.checkersBoard.analyzeFunctions.&#13;&#10;                gameHasEnded(-1 == turn) != 0) {&#13;&#10;            return turn * evaluation(turn);&#13;&#10;        }&#13;&#10;        List&lt;Move&gt; moves;&#13;&#10;        moves = possibleMoves(turn);&#13;&#10;&#13;&#10;        double bestValue = -inf;&#13;&#10;        for (Move move : moves) {&#13;&#10;            simulateMove(move);&#13;&#10;            double newPrice = -negaMax(depth - 1, -turn, -beta, -alpha);&#13;&#10;            revertMove();&#13;&#10;&#13;&#10;            bestValue = max(bestValue, newPrice);&#13;&#10;            alpha = max(alpha, newPrice);&#13;&#10;            if (alpha &gt;= beta) {&#13;&#10;                break;&#13;&#10;            }&#13;&#10;        }&#13;&#10;        //latex end&#13;&#10;        return bestValue;&#13;&#10;    }&#13;&#10;    /* how much the AI/MI looks forward */&#13;&#10;    private int numberofmovelook = 2;&#13;&#10;&#13;&#10;    /* how glad the MI/AI are for the result of the game */&#13;&#10;    private double gameIsWon = inf / 2;&#13;&#10;    private final int gameIsDraw = 50;&#13;&#10;&#13;&#10;    private final int pieceDifferenceFactor = 4;&#13;&#10;&#13;&#10;    private final int isMidgame = 1;&#13;&#10;    private final int isEndgame = 2;&#13;&#10;    private final int midgameEnd = 7;&#13;&#10;&#13;&#10;    private double evaluation(int turn) {&#13;&#10;        double valueOfBoard = 0;&#13;&#10;&#13;&#10;        int state = gameState();&#13;&#10;&#13;&#10;        for (int i = 0; i &lt; ownPieces.size(); i++) {&#13;&#10;            valueOfBoard += ownPieces.get(i).priceForPiece(state);&#13;&#10;        }&#13;&#10;        for (int i = 0; i &lt; oppPieces.size(); i++) {&#13;&#10;            valueOfBoard -= oppPieces.get(i).priceForPiece(state);&#13;&#10;        }&#13;&#10;&#13;&#10;        boolean isHuman = (turn == -1);&#13;&#10;&#13;&#10;        switch (remoteNXT.checkersBoard.&#13;&#10;                analyzeFunctions.gameHasEnded(isHuman)) {&#13;&#10;        case 1:&#13;&#10;            valueOfBoard -= gameIsWon;&#13;&#10;            break;&#13;&#10;        case 2:&#13;&#10;            valueOfBoard += gameIsWon;&#13;&#10;            break;&#13;&#10;        case 3:&#13;&#10;            valueOfBoard += gameIsDraw;&#13;&#10;            break;&#13;&#10;        default:&#13;&#10;            valueOfBoard +=  pieceDifferenceFactor&#13;&#10;            * ((ownPieces.size() / oppPieces.size()) - 1);&#13;&#10;            break;&#13;&#10;        }&#13;&#10;&#13;&#10;        return valueOfBoard;&#13;&#10;    }&#13;&#10;&#13;&#10;    private int gameState() {&#13;&#10;        if (max(ownPieces.size(), oppPieces.size()) &gt;= midgameEnd) {&#13;&#10;            return isMidgame;&#13;&#10;        }&#13;&#10;        return isEndgame;&#13;&#10;    }&#13;&#10;&#13;&#10;    private double max(double x, double y) {&#13;&#10;        if (x &lt; y) {&#13;&#10;            return y;&#13;&#10;        }&#13;&#10;        return x;&#13;&#10;    }&#13;&#10;&#13;&#10;&#13;&#10;    /* MI brain stops */&#13;&#10;    /* ---------------------------------------------------------------------  */&#13;&#10;&#13;&#10;    private void simulateMove(Move move) throws NoKingLeft, IOException {&#13;&#10;        if (move.moves.size() &gt;= 2) {&#13;&#10;            int stop = move.moves.size() - 1;&#13;&#10;            for (int i = 0; i &lt; stop; i++) {&#13;&#10;                Field from = move.moves.get(i);&#13;&#10;                Field to = move.moves.get(i + 1);&#13;&#10;&#13;&#10;                if (Math.abs(from.x - to.x) == 2) {&#13;&#10;                    Piece takenPiece = remoteNXT.checkersBoard.myBoard&#13;&#10;                            [(from.x + to.x) / 2]&#13;&#10;                            [(from.y + to.y) / 2].getPieceOnField();&#13;&#10;                    if (remoteNXT.checkersBoard.&#13;&#10;                            checkAllegiance(takenPiece, true)) {&#13;&#10;                        oppPieces.remove(takenPiece);&#13;&#10;                    } else {&#13;&#10;                        ownPieces.remove(takenPiece);&#13;&#10;                    }&#13;&#10;                    move.takenPieces.add(takenPiece);&#13;&#10;                    remoteNXT.checkersBoard.myBoard&#13;&#10;                            [(from.x + to.x) / 2]&#13;&#10;                            [(from.y + to.y) / 2].setPieceOnField(null);&#13;&#10;                }&#13;&#10;                remoteNXT.checkersBoard.&#13;&#10;                    movePieceInRepresentation(from, to, true);&#13;&#10;            }&#13;&#10;            simulatedMoves.add(move);&#13;&#10;        }&#13;&#10;    }&#13;&#10;&#13;&#10;    private void revertMove() throws NoKingLeft, IOException {&#13;&#10;&#13;&#10;        if (simulatedMoves.size() != 0) {&#13;&#10;            Move temp = simulatedMoves.get(simulatedMoves.size() - 1);&#13;&#10;            simulatedMoves.remove(simulatedMoves.size() - 1);&#13;&#10;&#13;&#10;            int stop = temp.moves.size() - 1;&#13;&#10;            Field tempMove = null;&#13;&#10;&#13;&#10;            for (int j = stop; j &gt;= 1; j--) {&#13;&#10;                tempMove = temp.moves.get(j);&#13;&#10;                if (!tempMove.isEmpty()) {&#13;&#10;                    if (tempMove.getPieceOnField().isCrowned&#13;&#10;                            &amp;&amp; !temp.wasKingBefore) {&#13;&#10;                        if (remoteNXT.checkersBoard.&#13;&#10;                                checkAllegiance(tempMove, true)) {&#13;&#10;                            tempMove.getPieceOnField().color =&#13;&#10;                                   remoteNXT.checkersBoard.opponentPeasentColor;&#13;&#10;                        } else if (remoteNXT.checkersBoard.&#13;&#10;                                checkAllegiance(tempMove, false)) {&#13;&#10;                            tempMove.getPieceOnField().color =&#13;&#10;                                    remoteNXT.checkersBoard.myPeasentColor;&#13;&#10;                        }&#13;&#10;                        tempMove.getPieceOnField().isCrowned = false;&#13;&#10;                    }&#13;&#10;                }&#13;&#10;                remoteNXT.checkersBoard.movePieceInRepresentation(&#13;&#10;                        tempMove, temp.moves.get(j - 1), true);&#13;&#10;            }&#13;&#10;&#13;&#10;            stop = temp.takenPieces.size();&#13;&#10;&#13;&#10;            for (int i = 0; i &lt; stop; i++) {&#13;&#10;                Piece tempPiece = temp.takenPieces.get(i);&#13;&#10;                if (remoteNXT.checkersBoard.checkAllegiance(tempPiece, true)) {&#13;&#10;                    oppPieces.add(tempPiece);&#13;&#10;                } else {&#13;&#10;                    ownPieces.add(tempPiece);&#13;&#10;                }&#13;&#10;                remoteNXT.checkersBoard.myBoard&#13;&#10;                    [tempPiece.getX()][tempPiece.getY()].&#13;&#10;                    setPieceOnField(tempPiece);&#13;&#10;            }&#13;&#10;        }&#13;&#10;    }&#13;&#10;&#13;&#10;    //-1 = human, 1 = robot&#13;&#10;    private List&lt;Move&gt; possibleMoves(int moveForSide) throws&#13;&#10;                    InterruptedException, IOException, NoKingLeft {&#13;&#10;        List&lt;Move&gt; jumpMovements = new ArrayList&lt;Move&gt;();&#13;&#10;        List&lt;Move&gt; movements = new ArrayList&lt;Move&gt;();&#13;&#10;        remoteNXT.checkersBoard.updateMoveables();&#13;&#10;        for (Field[] f : remoteNXT.checkersBoard.myBoard) {&#13;&#10;            for (Field field : f) {&#13;&#10;                if (!field.isEmpty()) {&#13;&#10;                    if (field.getPieceOnField().isMoveable&#13;&#10;                            &amp;&amp; remoteNXT.checkersBoard.&#13;&#10;                            checkAllegiance(field, moveForSide == -1)) {&#13;&#10;                        //Jumps&#13;&#10;                        if (field.getPieceOnField().canJump) {&#13;&#10;                            List&lt;List&lt;Field&gt;&gt; listOfMoves =&#13;&#10;                                    remoteNXT.checkersBoard.&#13;&#10;                                    analyzeFunctions.jumpSequence(&#13;&#10;                                            field, moveForSide == 1,&#13;&#10;                                            field.getPieceOnField().isCrowned);&#13;&#10;&#13;&#10;                            for (List&lt;Field&gt; stackOfFields : listOfMoves) {&#13;&#10;                                if (stackOfFields.size() &gt;= 2) {&#13;&#10;                                    jumpMovements.add(new Move(stackOfFields,&#13;&#10;                                            field.getPieceOnField().isCrowned));&#13;&#10;                                }&#13;&#10;                            }&#13;&#10;                        } else {  // Moves&#13;&#10;                            List&lt;Field&gt; possibleMoves =&#13;&#10;                                    remoteNXT.checkersBoard.&#13;&#10;                                    checkMoveable(field, moveForSide);&#13;&#10;                            //Simple moves&#13;&#10;                            if (!possibleMoves.isEmpty()) {&#13;&#10;                                for (Field posField : possibleMoves) {&#13;&#10;                                    Move movement = new Move(field, posField,&#13;&#10;                                            field.getPieceOnField().isCrowned);&#13;&#10;                                    movements.add(movement);&#13;&#10;                                }&#13;&#10;                            }&#13;&#10;                        }&#13;&#10;                    }&#13;&#10;                }&#13;&#10;            }&#13;&#10;        }&#13;&#10;&#13;&#10;        if (jumpMovements.size() != 0) {&#13;&#10;            return jumpMovements;&#13;&#10;        } else {&#13;&#10;            return movements;&#13;&#10;        }&#13;&#10;    }&#13;&#10;}&#13;&#10;" Filename="MI.java" Intrnl_Id="4"/>
<SrcFile Content="package com.OriginalFiles;&#13;&#10;&#13;&#10;public class Field {&#13;&#10;    //allowedField determines if is an allowed field to play on (a black field)&#13;&#10;    public boolean allowedField;&#13;&#10;    public boolean visited = false;&#13;&#10;    public int x;&#13;&#10;    public int y;&#13;&#10;    private Piece pieceOnField = null;&#13;&#10;    public Field() { };&#13;&#10;    public Field(int inputx, int inputy) {&#13;&#10;        x = inputx;&#13;&#10;        y = inputy;&#13;&#10;    }&#13;&#10;&#13;&#10;    //Get and Set to access to private variable pieceOnField.&#13;&#10;    //Updates the coordinates of an piece when assigned to a field.&#13;&#10;    public final void setPieceOnField(Piece inputPiece) {&#13;&#10;        pieceOnField = inputPiece;&#13;&#10;        if (!isEmpty()) {&#13;&#10;            pieceOnField.setXY(x, y);&#13;&#10;        }&#13;&#10;    }&#13;&#10;&#13;&#10;    public final Piece getPieceOnField() {&#13;&#10;        return pieceOnField;&#13;&#10;    }&#13;&#10;&#13;&#10;    //A field is empty, if no piece is assigned to it.&#13;&#10;    public final boolean isEmpty() {&#13;&#10;        return (pieceOnField == null);&#13;&#10;    }&#13;&#10;&#13;&#10;    //Returns true if there is a piece on the field,&#13;&#10;    //and the piece is of the given color.&#13;&#10;    public final boolean isPieceOfColor(char input) {&#13;&#10;        if (isEmpty()) {&#13;&#10;            return false;&#13;&#10;        } else {&#13;&#10;            return (pieceOnField.color == input);&#13;&#10;        }&#13;&#10;    }&#13;&#10;&#13;&#10;    //Empty the field, by un-assigning the piece of the field.&#13;&#10;    public final void emptyThisField() {&#13;&#10;        pieceOnField = null;&#13;&#10;    }&#13;&#10;}&#13;&#10;" Filename="Field.java" Intrnl_Id="5"/>
<SrcFile Content="package com.OriginalFiles;&#13;&#10;&#13;&#10;public class Communication {&#13;&#10;&#13;&#10;    public Communication(RemoteNXTFunctions remoteFunc) {&#13;&#10;        // TODO Auto-generated constructor stub&#13;&#10;    }&#13;&#10;&#13;&#10;    public void myKingNotPlaced() {&#13;&#10;        // TODO Auto-generated method stub&#13;&#10;        &#13;&#10;    }&#13;&#10;&#13;&#10;    public void humanWon() {&#13;&#10;        // TODO Auto-generated method stub&#13;&#10;        &#13;&#10;    }&#13;&#10;&#13;&#10;    public void robotWon() {&#13;&#10;        // TODO Auto-generated method stub&#13;&#10;        &#13;&#10;    }&#13;&#10;&#13;&#10;    public void draw() {&#13;&#10;        // TODO Auto-generated method stub&#13;&#10;        &#13;&#10;    }&#13;&#10;&#13;&#10;}&#13;&#10;" Filename="Communication.java" Intrnl_Id="6"/>
<SrcFile Content="package com.OriginalFiles;&#13;&#10;&#13;&#10;import java.io.IOException;&#13;&#10;import java.util.ArrayList;&#13;&#10;import java.util.List;&#13;&#10;import custom.Exceptions.NoKingLeft;&#13;&#10;&#13;&#10;public class Board {&#13;&#10;&#13;&#10;    public Field[][] myBoard = new Field[8][8];&#13;&#10;    public Field[] kingPlace = new Field[8];&#13;&#10;    public Field[][] trashPlace = new Field[8][2];&#13;&#10;    public Analyze analyzeFunctions;&#13;&#10;&#13;&#10;    public Communication informer;&#13;&#10;&#13;&#10;    char myPeasentColor, myKingColor, opponentPeasentColor, opponentKingColor;&#13;&#10;&#13;&#10;    public Board(RemoteNXTFunctions remoteFunc)&#13;&#10;            throws InterruptedException, IOException {&#13;&#10;        informer = new Communication(remoteFunc);&#13;&#10;        analyzeFunctions = new Analyze(this, remoteFunc);&#13;&#10;        analyzeFunctions.findMyColors();&#13;&#10;        findOpponentColors();&#13;&#10;&#13;&#10;        int x, y;&#13;&#10;&#13;&#10;        //Create the 8 times 8 board&#13;&#10;        for (x = 0; x &lt; 8; x++) {&#13;&#10;            for (y = 0; y &lt; 8; y++) {&#13;&#10;                Field temp = new Field();&#13;&#10;                temp.x = x;&#13;&#10;                temp.y = y;&#13;&#10;&#13;&#10;                //Every second field is an allowed field&#13;&#10;                //latex start ConstructorLoop&#13;&#10;                if ((x + y) % 2 == 1) {&#13;&#10;                    temp.allowedField = true;&#13;&#10;                    Piece pieceOnBoard = null;&#13;&#10;                    if (y &lt; 3) {&#13;&#10;                        pieceOnBoard = new Piece(this);&#13;&#10;                        pieceOnBoard.color = myPeasentColor;&#13;&#10;&#13;&#10;                        //Every piece on the front line of each player&#13;&#10;                        //is moveable from the start&#13;&#10;                        if (y == 2) {&#13;&#10;                            pieceOnBoard.isMoveable = true;&#13;&#10;                        }&#13;&#10;                    }&#13;&#10;                    //latex end&#13;&#10;&#13;&#10;                    if (y &gt; 4) {&#13;&#10;                        pieceOnBoard = new Piece(this);&#13;&#10;                        pieceOnBoard.color = opponentPeasentColor;&#13;&#10;                        if (y == 5) {&#13;&#10;                            pieceOnBoard.isMoveable = true;&#13;&#10;                        }&#13;&#10;                    }&#13;&#10;                    temp.setPieceOnField(pieceOnBoard);&#13;&#10;                } else {&#13;&#10;                    temp.allowedField = false;&#13;&#10;                }&#13;&#10;                myBoard[x][y] = temp;&#13;&#10;            }&#13;&#10;        }&#13;&#10;&#13;&#10;        //Set the location of the human players king pieces&#13;&#10;        //And Trashfield&#13;&#10;        //latex start ConstructorKing&#13;&#10;        for (int i = 0; i &lt; 8; i++) {&#13;&#10;            Field temp = new Field();&#13;&#10;            temp.x = i;&#13;&#10;            temp.y = -2;&#13;&#10;            Piece tempPiece = new Piece(this);&#13;&#10;            tempPiece.color = opponentKingColor;&#13;&#10;            tempPiece.isCrowned = true;&#13;&#10;            temp.setPieceOnField(tempPiece);&#13;&#10;            kingPlace[i] = temp;&#13;&#10;        }&#13;&#10;        //latex end&#13;&#10;        for (int j = 0; j &lt; 2; j++) {&#13;&#10;        for (int i = 0; i &lt; 8; i++) {&#13;&#10;            Field temp = new Field();&#13;&#10;            temp.x = i;&#13;&#10;            temp.y = -3 - j;&#13;&#10;            trashPlace[i][j] = temp;&#13;&#10;        }&#13;&#10;        }&#13;&#10;    }&#13;&#10;&#13;&#10;    public final void resetVisited() {&#13;&#10;        for (Field[] f : myBoard) {&#13;&#10;            for (Field field : f) {&#13;&#10;                field.visited = false;&#13;&#10;            }&#13;&#10;        }&#13;&#10;    }&#13;&#10;&#13;&#10;    //Sorts the list of fields to search to minimize robot movement&#13;&#10;    public final void sortListOfFields(List&lt;Field&gt; listOfFields) {&#13;&#10;        int x = 0;&#13;&#10;        int y = 0;&#13;&#10;        int sizeOflistOfFields = listOfFields.size();&#13;&#10;        for (int i = 0; i &lt; sizeOflistOfFields; i++) {&#13;&#10;            for (int n = i + 1; n &lt; sizeOflistOfFields; n++) {&#13;&#10;                if (!isGreater(listOfFields.get(i),&#13;&#10;                        listOfFields.get(n), x, y)) {&#13;&#10;                    Field temp1 = listOfFields.get(i);&#13;&#10;                    Field temp2 = listOfFields.get(n);&#13;&#10;                    listOfFields.remove(n);&#13;&#10;                    listOfFields.remove(i);&#13;&#10;                    listOfFields.add(i, temp2);&#13;&#10;                    listOfFields.add(n, temp1);&#13;&#10;                }&#13;&#10;            }&#13;&#10;            x = listOfFields.get(i).x;&#13;&#10;            y = listOfFields.get(i).y;&#13;&#10;        }&#13;&#10;    }&#13;&#10;&#13;&#10;   &#13;&#10;    //Method to used in sorting the list of places to move the robot&#13;&#10;    public final boolean isGreater(Field inputField,&#13;&#10;            Field fieldToCompare, int compX, int compY) {&#13;&#10;        //Check jumps to be crowned first&#13;&#10;        if (inputField.getPieceOnField().canJump&#13;&#10;                &amp;&amp; !inputField.getPieceOnField().isCrowned&#13;&#10;                &amp;&amp; inputField.getPieceOnField().color == opponentPeasentColor&#13;&#10;                &amp;&amp; inputField.getPieceOnField().getY() == 2) {&#13;&#10;            return true;&#13;&#10;        } else if (inputField.getPieceOnField().canJump&#13;&#10;                &amp;&amp; !fieldToCompare.getPieceOnField().canJump) {&#13;&#10;            return true;&#13;&#10;        } else if (fieldToCompare.getPieceOnField().canJump&#13;&#10;                &amp;&amp; !inputField.getPieceOnField().canJump) {&#13;&#10;            return false;&#13;&#10;        } else {&#13;&#10;            if (inputField.y == 1 &amp;&amp; fieldToCompare.y != 1&#13;&#10;                    &amp;&amp; !inputField.getPieceOnField().isCrowned) {&#13;&#10;                return true;&#13;&#10;            } else if (fieldToCompare.y == 1 &amp;&amp; inputField.y != 1&#13;&#10;                    &amp;&amp; !fieldToCompare.getPieceOnField().isCrowned) {&#13;&#10;                return false;&#13;&#10;            } else {&#13;&#10;                if (distance(inputField, compX, compY)&#13;&#10;                    &gt; distance(fieldToCompare, compX, compY)) {&#13;&#10;                    return false;&#13;&#10;                } else if (distance(inputField, compX, compY)&#13;&#10;                           &lt; distance(fieldToCompare, compX, compY)) {&#13;&#10;                    return true;&#13;&#10;                } else {&#13;&#10;                    return (inputField.y &lt; fieldToCompare.y);&#13;&#10;                }&#13;&#10;            }&#13;&#10;        }&#13;&#10;    }&#13;&#10;&#13;&#10;    private int distance(Field inputField, int x, int y) {&#13;&#10;        return Math.abs(inputField.x - x) + Math.abs(inputField.y - y);&#13;&#10;    }&#13;&#10;&#13;&#10;    public final boolean verifyCorrectMove(Field field) throws&#13;&#10;    InterruptedException, IOException {&#13;&#10;        if (checkAllegiance(field, true)) {&#13;&#10;            if (field.getPieceOnField().isMoveable) {&#13;&#10;                return !(isFieldEmptyOnBoard(field.x, field.y));&#13;&#10;            }&#13;&#10;        }&#13;&#10;        return true;&#13;&#10;    }&#13;&#10;&#13;&#10;    public final boolean peasentIsOnEndRow(Field field) {&#13;&#10;        if (!field.isEmpty()) {&#13;&#10;            int checkRow;&#13;&#10;            if (checkAllegiance(field, true)) {&#13;&#10;                checkRow = 0;&#13;&#10;            } else {&#13;&#10;                checkRow = 7;&#13;&#10;            }&#13;&#10;&#13;&#10;            if (field.y == checkRow &amp;&amp; !field.getPieceOnField().isCrowned) {&#13;&#10;                return true;&#13;&#10;            }&#13;&#10;        }&#13;&#10;        return false;&#13;&#10;    }&#13;&#10;&#13;&#10;    //Moves a piece in the board representation&#13;&#10;    public final void movePieceInRepresentation(Field fromField, int toFieldX,&#13;&#10;            int toFieldY, boolean isSimulated) throws NoKingLeft, IOException {&#13;&#10;        movePieceInRepresentation(fromField,&#13;&#10;                myBoard[toFieldX][toFieldY], isSimulated);&#13;&#10;    }&#13;&#10;    //latex start movePieceInRepresentation&#13;&#10;    public final void movePieceInRepresentation(Field fromField,&#13;&#10;            Field toField, boolean isSimulated) throws NoKingLeft, IOException {&#13;&#10;        toField.setPieceOnField(fromField.getPieceOnField());&#13;&#10;        fromField.emptyThisField();&#13;&#10;        if (checkBounds(toField.x, toField.y)) {&#13;&#10;            analyzeFunctions.checkForUpgradeKing(&#13;&#10;                    toField, isSimulated);&#13;&#10;        }&#13;&#10;        //latex end&#13;&#10;    }&#13;&#10;&#13;&#10;    //Check if field has been occupied&#13;&#10;    public final boolean checkMoveDirection(Field field,&#13;&#10;            int directX, int directY) throws InterruptedException, IOException {&#13;&#10;        return (!fieldOccupied(field.x + directX, field.y + directY)&#13;&#10;            &amp;&amp; !this.isFieldEmptyOnBoard(field.x + directX, field.y + directY));&#13;&#10;    }&#13;&#10;&#13;&#10;    public final boolean isFieldEmptyOnBoard(int x, int y)&#13;&#10;            throws InterruptedException, IOException {&#13;&#10;        if (checkBounds(x, y)) {&#13;&#10;            char color = analyzeFunctions.getColor(x, y);&#13;&#10;&#13;&#10;            return color == ' ';&#13;&#10;        } else {&#13;&#10;            return false;&#13;&#10;        }&#13;&#10;    }&#13;&#10;&#13;&#10;    public final boolean fieldOccupied(int x, int y) {&#13;&#10;        if (checkBounds(x, y)) {&#13;&#10;            return !myBoard[x][y].isEmpty();&#13;&#10;        } else {&#13;&#10;            return true;&#13;&#10;        }&#13;&#10;    }&#13;&#10;&#13;&#10;    //Check if a piece can move and is jumpable&#13;&#10;    //latex start checkPiece&#13;&#10;    private void checkPiece(Field field, int dify, boolean checkForOpponent) {&#13;&#10;        field.getPieceOnField().canJump = checkJump(field,&#13;&#10;                checkForOpponent, field.getPieceOnField().isCrowned);&#13;&#10;&#13;&#10;        if (field.getPieceOnField().canJump) {&#13;&#10;            field.getPieceOnField().isMoveable = true;&#13;&#10;        } else {&#13;&#10;            field.getPieceOnField().isMoveable =&#13;&#10;                    checkMoveableBoolean(field, dify);&#13;&#10;        }&#13;&#10;    }&#13;&#10;    //latex end&#13;&#10;&#13;&#10;    private boolean checkMoveableBoolean(Field field, int dif) {&#13;&#10;        return !checkMoveable(field, dif).isEmpty();&#13;&#10;    }&#13;&#10;&#13;&#10;    //Checks if a given field is movable&#13;&#10;    public final List&lt;Field&gt; checkMoveable(Field field, int dif) {&#13;&#10;        List&lt;Field&gt; possibleMoves = new ArrayList&lt;Field&gt;();&#13;&#10;&#13;&#10;        //Check forward&#13;&#10;        if (!this.fieldOccupied(field.x - 1, field.y + dif)) {&#13;&#10;            possibleMoves.add(myBoard[field.x - 1][field.y + dif]);&#13;&#10;        }&#13;&#10;        if (!this.fieldOccupied(field.x + 1, field.y + dif)) {&#13;&#10;            possibleMoves.add(myBoard[field.x + 1][field.y + dif]);&#13;&#10;        }&#13;&#10;        //if king, check backwards also&#13;&#10;        if (field.getPieceOnField().isCrowned) {&#13;&#10;            if (!this.fieldOccupied(field.x - 1, field.y - dif)) {&#13;&#10;                possibleMoves.add(myBoard[field.x - 1][field.y - dif]);&#13;&#10;            }&#13;&#10;            if (!this.fieldOccupied(field.x + 1, field.y - dif)) {&#13;&#10;                possibleMoves.add(myBoard[field.x + 1][field.y - dif]);&#13;&#10;            }&#13;&#10;        }&#13;&#10;        return possibleMoves;&#13;&#10;    }&#13;&#10;&#13;&#10;    //Check if a given field can jump&#13;&#10;    //latex start checkJump&#13;&#10;    private boolean checkJump(Field field,&#13;&#10;            boolean checkForOpponent, boolean isCrowned) {&#13;&#10;        return (checkJumpDirectionBoolean(field, -1, -1,&#13;&#10;                        checkForOpponent, isCrowned)&#13;&#10;                || checkJumpDirectionBoolean(field, 1, -1,&#13;&#10;                        checkForOpponent, isCrowned)&#13;&#10;                || checkJumpDirectionBoolean(field, 1, 1,&#13;&#10;                        checkForOpponent, isCrowned)&#13;&#10;                || checkJumpDirectionBoolean(field, -1, 1,&#13;&#10;                        checkForOpponent, isCrowned));&#13;&#10;    }&#13;&#10;    //latex end&#13;&#10;&#13;&#10;    //Checks jumps&#13;&#10;    //latex start jumpDirection&#13;&#10;    public final Field checkJumpDirection(Field field, int difx, int dify,&#13;&#10;            boolean checkForOpponent, boolean isCrowned) {&#13;&#10;        if (((checkForOpponent &amp;&amp; dify == -1)&#13;&#10;                || (!checkForOpponent &amp;&amp; dify == 1)) &amp;&amp; !isCrowned) {&#13;&#10;            return null;&#13;&#10;        }&#13;&#10;&#13;&#10;        if (checkBounds(field.x + 2 * difx, field.y + 2 * dify)) {&#13;&#10;            if (!myBoard[field.x + 2 * difx][field.y + 2 * dify].visited) {&#13;&#10;                if (checkAllegiance(&#13;&#10;                      myBoard[field.x + difx][field.y + dify], checkForOpponent)&#13;&#10;                      &amp;&amp; !this.fieldOccupied(&#13;&#10;                      field.x + 2 * difx, field.y + 2 * dify)) {&#13;&#10;                    return myBoard[field.x + 2 * difx][field.y + 2 * dify];&#13;&#10;                }&#13;&#10;            }&#13;&#10;        }&#13;&#10;        return null;&#13;&#10;    }&#13;&#10;    //latex end&#13;&#10;&#13;&#10;    private boolean checkJumpDirectionBoolean(Field field,&#13;&#10;            int difx, int dify, boolean checkForOpponent, boolean isCrowned) {&#13;&#10;        return !(checkJumpDirection(field, difx, dify,&#13;&#10;                checkForOpponent, isCrowned) == null);&#13;&#10;    }&#13;&#10;&#13;&#10;    //Updates the movable property on each piece&#13;&#10;    public final void updateMoveables() {&#13;&#10;        resetVisited();&#13;&#10;        for (Field[] f : myBoard) {&#13;&#10;            for (Field field : f) {&#13;&#10;                if (field.allowedField) {&#13;&#10;                    if (field.getPieceOnField() != null) {&#13;&#10;                        //Check movable for robot&#13;&#10;                        if (checkAllegiance(field, false)) {&#13;&#10;                            checkPiece(field, 1, true);&#13;&#10;&#13;&#10;                        //Check movable for human&#13;&#10;                        } else {&#13;&#10;                            checkPiece(field, -1, false);&#13;&#10;                        }&#13;&#10;                    }&#13;&#10;                }&#13;&#10;            }&#13;&#10;        }&#13;&#10;        resetVisited();&#13;&#10;    }&#13;&#10;&#13;&#10;    //Sets the colors of the human players pieces&#13;&#10;    private void findOpponentColors() {&#13;&#10;        if (myPeasentColor == 'r') {&#13;&#10;            opponentPeasentColor = 'w';&#13;&#10;            opponentKingColor = 'g';&#13;&#10;        } else {&#13;&#10;            opponentPeasentColor = 'r';&#13;&#10;            opponentKingColor = 'b';&#13;&#10;        }&#13;&#10;    }&#13;&#10;&#13;&#10;&#13;&#10;    //if a piece is missing, scan whole board&#13;&#10;    public final void findMissingPiece()&#13;&#10;            throws InterruptedException, IOException {&#13;&#10;        int i, j;&#13;&#10;        boolean changer = true;&#13;&#10;&#13;&#10;        for (i = 0; i &lt; 8; i++) {&#13;&#10;            //Change direction of the robot, to minimize robot movement&#13;&#10;            if (changer) {&#13;&#10;                for (j = 0; j &lt; 8; j++) {&#13;&#10;                    if ((i + j) % 2 == 1) {&#13;&#10;                        myBoard[i][j].setPieceOnField(getPiece(i, j));&#13;&#10;                    }&#13;&#10;                }&#13;&#10;                changer = false;&#13;&#10;            } else {&#13;&#10;                for (j = 7; j &gt;= 0; j--) {&#13;&#10;                    if ((i + j) % 2 == 1) {&#13;&#10;                        myBoard[i][j].setPieceOnField(getPiece(i, j));&#13;&#10;                    }&#13;&#10;                }&#13;&#10;                changer = true;&#13;&#10;            }&#13;&#10;        }&#13;&#10;&#13;&#10;        this.updateMoveables();&#13;&#10;    }&#13;&#10;&#13;&#10;    //Get piece on given position&#13;&#10;    private Piece getPiece(int x, int y) throws IOException {&#13;&#10;        char color = analyzeFunctions.getColor(x, y);&#13;&#10;        if (color == ' ') {&#13;&#10;            return null;&#13;&#10;        } else {&#13;&#10;            Piece temp = new Piece(this);&#13;&#10;            temp.color = color;&#13;&#10;            temp.isCrowned = (color == 'g' || color == 'b');&#13;&#10;            return temp;&#13;&#10;        }&#13;&#10;    }&#13;&#10;&#13;&#10;    //Check if a given piece is the robots or the opponents&#13;&#10;   /*public final boolean checkAllegiance(Field input, boolean checkForOpponent)&#13;&#10;    {&#13;&#10;        if (checkBounds(input.x, input.y)) {&#13;&#10;                if ((input.isPieceOfColor(myPeasentColor)&#13;&#10;                    || input.isPieceOfColor(myKingColor))&amp;&amp; !checkForOpponent) {&#13;&#10;                     return true;&#13;&#10;                 }&#13;&#10;                 if ((input.isPieceOfColor(opponentPeasentColor)&#13;&#10;                         || input.isPieceOfColor(opponentKingColor))&#13;&#10;                         &amp;&amp; checkForOpponent) {&#13;&#10;                     return true;&#13;&#10;                 }&#13;&#10;                 return false;&#13;&#10;                 }&#13;&#10;        return false;&#13;&#10;    }*/&#13;&#10;    public final boolean checkAllegiance(Field input, boolean checkForOpponent)&#13;&#10;    {&#13;&#10;        if (checkBounds(input.x, input.y)) {&#13;&#10;            if (!input.isEmpty()) {&#13;&#10;                return checkAllegiance(input.getPieceOnField(),&#13;&#10;                        checkForOpponent);&#13;&#10;            }&#13;&#10;        }&#13;&#10;        return false;&#13;&#10;    }&#13;&#10;&#13;&#10;    public final boolean checkAllegiance(Piece input, boolean checkForOpponent)&#13;&#10;    {&#13;&#10;        if ((input.color == myPeasentColor&#13;&#10;                || input.color == myKingColor) &amp;&amp; !checkForOpponent) {&#13;&#10;             return true;&#13;&#10;         }&#13;&#10;         if ((input.color == opponentPeasentColor&#13;&#10;                 || input.color == opponentKingColor)&#13;&#10;                 &amp;&amp; checkForOpponent) {&#13;&#10;             return true;&#13;&#10;         }&#13;&#10;         return false;&#13;&#10;    }&#13;&#10;&#13;&#10;    //Return true if the given position is inbounds&#13;&#10;    public final boolean checkBounds(int x, int y) {&#13;&#10;        return x &gt;= 0 &amp;&amp; x &lt;= 7 &amp;&amp; y &gt;= 0 &amp;&amp; y &lt;= 7;&#13;&#10;    }&#13;&#10;}&#13;&#10;" Filename="Board.java" Intrnl_Id="7"/>
<SrcFile Content="package com.OriginalFiles;&#13;&#10;&#13;&#10;import java.awt.Color;&#13;&#10;import java.io.IOException;&#13;&#10;import java.util.ArrayList;&#13;&#10;import java.util.List;&#13;&#10;&#13;&#10;import custom.Exceptions.IllegalMove;&#13;&#10;import custom.Exceptions.NoKingLeft;&#13;&#10;&#13;&#10;public class Analyze {&#13;&#10;    private Board checkersBoard;&#13;&#10;&#13;&#10;    private Field fieldToCheck;&#13;&#10;    private int analyzeBoardRepeatNumber = 0;&#13;&#10;    private int totalAnalyzeRuns = 0;&#13;&#10;    private final int analyzeRunsBeforeReset = 10;&#13;&#10;    private RemoteNXTFunctions remoteFunctions;&#13;&#10;    private Field trashField = new Field(3, -6);&#13;&#10;    private boolean pieceFound;&#13;&#10;    private boolean mustJump;&#13;&#10;&#13;&#10;    public Analyze(Board input, RemoteNXTFunctions remoteInput) {&#13;&#10;        checkersBoard = input;&#13;&#10;        remoteFunctions = remoteInput;&#13;&#10;    }&#13;&#10;&#13;&#10;    //Analyzes the current board setup&#13;&#10;    //latex start analyzeBoard&#13;&#10;    public final boolean analyzeBoard() throws InterruptedException,&#13;&#10;    IOException, NoKingLeft, IllegalMove {&#13;&#10;        if (!checkForGameHasEnded(true)) {&#13;&#10;            checkMotorCalibration();&#13;&#10;&#13;&#10;            List&lt;Field&gt; moveableList = new ArrayList&lt;Field&gt;();&#13;&#10;            moveableList = makeListOfMoveables(moveableList);&#13;&#10;            pieceFound = checkMovement(moveableList);&#13;&#10;            countDownToPanic();&#13;&#10;&#13;&#10;            //Find the pieces that are currently movable&#13;&#10;            checkersBoard.updateMoveables();&#13;&#10;            checkRobotPieceReplaced();&#13;&#10;            if (!checkForGameHasEnded(false)) {&#13;&#10;                return true;&#13;&#10;            }&#13;&#10;        }&#13;&#10;        return false;&#13;&#10;    }&#13;&#10;    //latex end&#13;&#10;&#13;&#10;    private void checkMotorCalibration() {&#13;&#10;        totalAnalyzeRuns += 1;&#13;&#10;&#13;&#10;        if (totalAnalyzeRuns &gt; analyzeRunsBeforeReset) {&#13;&#10;            totalAnalyzeRuns = 0;&#13;&#10;            remoteFunctions.resetMotors();&#13;&#10;        }&#13;&#10;    }&#13;&#10;&#13;&#10;    private List&lt;Field&gt; makeListOfMoveables(List&lt;Field&gt; moveableList) {&#13;&#10;        //Find the pieces that are currently movable&#13;&#10;        checkersBoard.updateMoveables();&#13;&#10;        for (Field[] f : checkersBoard.myBoard) {&#13;&#10;            for (Field field : f) {&#13;&#10;                if (!field.isEmpty()) {&#13;&#10;                    if (field.getPieceOnField().isMoveable&#13;&#10;                            &amp;&amp; checkersBoard.checkAllegiance(field, true)) {&#13;&#10;                        moveableList.add(field);&#13;&#10;                    }&#13;&#10;                }&#13;&#10;            }&#13;&#10;        }&#13;&#10;        checkersBoard.sortListOfFields(moveableList);&#13;&#10;        pieceFound = false;&#13;&#10;        mustJump = false;&#13;&#10;        if (moveableList.size() != 0) {&#13;&#10;            mustJump = moveableList.get(0).getPieceOnField().canJump;&#13;&#10;        }&#13;&#10;        return moveableList;&#13;&#10;    }&#13;&#10;    //latex start checkMovement&#13;&#10;    private boolean checkMovement(List&lt;Field&gt; moveableList)&#13;&#10;            throws IllegalMove, InterruptedException, IOException, NoKingLeft {&#13;&#10;        for (Field field : moveableList) {&#13;&#10;            if (checkersBoard.isFieldEmptyOnBoard(field.x, field.y)) {&#13;&#10;                if (mustJump &amp;&amp; !field.getPieceOnField().canJump) {&#13;&#10;                    throw new custom.Exceptions.IllegalMove();&#13;&#10;                }&#13;&#10;                if (this.trackMovement(field)) {&#13;&#10;                    return true;&#13;&#10;                }&#13;&#10;            }&#13;&#10;        }&#13;&#10;        return false;&#13;&#10;    }&#13;&#10;    //latex end&#13;&#10;    //latex start countDownToPanic&#13;&#10;    private void countDownToPanic()&#13;&#10;            throws InterruptedException, IOException, NoKingLeft, IllegalMove {&#13;&#10;        if (!pieceFound) {&#13;&#10;            if (analyzeBoardRepeatNumber &lt; 3) {&#13;&#10;                analyzeBoardRepeatNumber++;&#13;&#10;                analyzeBoard();&#13;&#10;                analyzeBoardRepeatNumber = 0;&#13;&#10;            } else if (analyzeBoardRepeatNumber &lt; 6) {&#13;&#10;                remoteFunctions.resetMotors();&#13;&#10;                analyzeBoardRepeatNumber++;&#13;&#10;                analyzeBoard();&#13;&#10;                analyzeBoardRepeatNumber = 0;&#13;&#10;            } else {&#13;&#10;                checkersBoard.findMissingPiece();&#13;&#10;            }&#13;&#10;        }&#13;&#10;    }&#13;&#10;    //latex end&#13;&#10;&#13;&#10;    //Try to find the piece that have been moved&#13;&#10;    private boolean trackMovement(Field field) throws IllegalMove,&#13;&#10;    InterruptedException, IOException, NoKingLeft {&#13;&#10;        boolean foundPiece = false;&#13;&#10;        if (field.getPieceOnField().canJump) {&#13;&#10;            if (findJumpPiece(field)) {&#13;&#10;                foundPiece = true;&#13;&#10;            }&#13;&#10;            if (!foundPiece) {&#13;&#10;                throw new custom.Exceptions.IllegalMove();&#13;&#10;            }&#13;&#10;        } else if (checkMove(field, -1)) {&#13;&#10;            foundPiece = true;&#13;&#10;        }&#13;&#10;&#13;&#10;        return foundPiece;&#13;&#10;    }&#13;&#10;&#13;&#10;    //Determine simple move&#13;&#10;    private boolean checkMove(Field field, int directY) throws&#13;&#10;    InterruptedException, IOException, NoKingLeft {&#13;&#10;        //Verify that the given field is inbound&#13;&#10;        if (checkersBoard.checkBounds(field.x, field.y)) {&#13;&#10;            //Check the first direction&#13;&#10;            if (checkersBoard.checkMoveDirection(field, 1, directY)) {&#13;&#10;                if (validateMove(checkersBoard.&#13;&#10;                        myBoard[field.x + 1][field.y + directY], field)) {&#13;&#10;                    checkersBoard.movePieceInRepresentation(field,&#13;&#10;                            field.x + 1, field.y + directY, false);&#13;&#10;                    return true;&#13;&#10;                } else {&#13;&#10;                    return false;&#13;&#10;                }&#13;&#10;                //Second direction&#13;&#10;            } else if (checkersBoard.checkMoveDirection(field, -1, directY)) {&#13;&#10;                if (validateMove(checkersBoard.&#13;&#10;                        myBoard[field.x - 1][field.y + directY], field)) {&#13;&#10;                    checkersBoard.movePieceInRepresentation(field,&#13;&#10;                            field.x - 1, field.y + directY, false);&#13;&#10;                    return true;&#13;&#10;                } else {&#13;&#10;                    return false;&#13;&#10;                }&#13;&#10;                //If king, also check backwards&#13;&#10;            } else if (field.getPieceOnField().isCrowned) {&#13;&#10;                if (checkersBoard.checkMoveDirection(field, 1, -directY)) {&#13;&#10;                    if (validateMove(checkersBoard.&#13;&#10;                            myBoard[field.x + 1][field.y - directY], field)) {&#13;&#10;                        checkersBoard.movePieceInRepresentation(field,&#13;&#10;                                field.x + 1, field.y - directY, false);&#13;&#10;                        return true;&#13;&#10;                    } else {&#13;&#10;                        return false;&#13;&#10;                    }&#13;&#10;                } else if (checkersBoard.checkMoveDirection(&#13;&#10;                        field, -1, -directY)) {&#13;&#10;                    if (validateMove(checkersBoard.&#13;&#10;                            myBoard[field.x - 1][field.y - directY], field)) {&#13;&#10;                        checkersBoard.movePieceInRepresentation(field,&#13;&#10;                                field.x - 1, field.y - directY, false);&#13;&#10;                        return true;&#13;&#10;                    } else {&#13;&#10;                        return false;&#13;&#10;                    }&#13;&#10;                }&#13;&#10;            }&#13;&#10;        }&#13;&#10;        return false;&#13;&#10;    }&#13;&#10;&#13;&#10;    //Checks if it could have been another piece that moved&#13;&#10;    private boolean validateMove(Field field, Field fromField) throws&#13;&#10;    InterruptedException, IOException {&#13;&#10;&#13;&#10;        List&lt;Field&gt; checkArray = new ArrayList&lt;Field&gt;();&#13;&#10;        if (checkersBoard.checkBounds(field.x + 1, field.y + 1)) {&#13;&#10;            checkArray.add(checkersBoard.myBoard[field.x + 1][field.y + 1]);&#13;&#10;        }&#13;&#10;        if (checkersBoard.checkBounds(field.x + 1, field.y - 1)) {&#13;&#10;            checkArray.add(checkersBoard.myBoard[field.x + 1][field.y - 1]);&#13;&#10;        }&#13;&#10;        if (checkersBoard.checkBounds(field.x - 1, field.y - 1)) {&#13;&#10;            checkArray.add(checkersBoard.myBoard[field.x - 1][field.y - 1]);&#13;&#10;        }&#13;&#10;        if (checkersBoard.checkBounds(field.x - 1, field.y + 1)) {&#13;&#10;            checkArray.add(checkersBoard.myBoard[field.x - 1][field.y + 1]);&#13;&#10;        }&#13;&#10;        boolean returnValue = true;&#13;&#10;        for (int i = 0; i &lt; checkArray.size(); i++) {&#13;&#10;            if (!(checkArray.get(i).x == fromField.x&#13;&#10;                    &amp;&amp; checkArray.get(i).y == fromField.y)) {&#13;&#10;                returnValue = checkersBoard.verifyCorrectMove(&#13;&#10;                        checkArray.get(i));&#13;&#10;            }&#13;&#10;            if (!returnValue) {&#13;&#10;                return returnValue;&#13;&#10;            }&#13;&#10;        }&#13;&#10;        return returnValue;&#13;&#10;    }&#13;&#10;&#13;&#10;    public final List&lt;List&lt;Field&gt;&gt; jumpSequence(Field input,&#13;&#10;            boolean checkForOpponent, boolean isCrowned) throws&#13;&#10;            InterruptedException, IOException, NoKingLeft {&#13;&#10;        input.visited = true;&#13;&#10;        List&lt;List&lt;Field&gt;&gt; returnList = new ArrayList&lt;List&lt;Field&gt;&gt;();&#13;&#10;        Field tempField = checkersBoard.checkJumpDirection(input,&#13;&#10;                -1, 1, checkForOpponent, isCrowned);&#13;&#10;        if (tempField != null) {&#13;&#10;            returnList.addAll(jumpSequence(tempField, checkForOpponent,&#13;&#10;                    isCrowned));&#13;&#10;        }&#13;&#10;        tempField = checkersBoard.checkJumpDirection(input,&#13;&#10;                -1, -1, checkForOpponent, isCrowned);&#13;&#10;        if (tempField != null) {&#13;&#10;            returnList.addAll(jumpSequence(tempField, checkForOpponent,&#13;&#10;                    isCrowned));&#13;&#10;        }&#13;&#10;        tempField = checkersBoard.checkJumpDirection(input,&#13;&#10;                1, -1, checkForOpponent, isCrowned);&#13;&#10;        if (tempField != null) {&#13;&#10;            returnList.addAll(jumpSequence(tempField, checkForOpponent,&#13;&#10;                    isCrowned));&#13;&#10;        }&#13;&#10;        tempField = checkersBoard.checkJumpDirection(input, 1, 1,&#13;&#10;                checkForOpponent, isCrowned);&#13;&#10;        if (tempField != null) {&#13;&#10;            returnList.addAll(jumpSequence(tempField, checkForOpponent,&#13;&#10;                    isCrowned));&#13;&#10;        }&#13;&#10;&#13;&#10;        if (returnList.size() == 0) {&#13;&#10;            returnList.add(new ArrayList&lt;Field&gt;());&#13;&#10;        }&#13;&#10;&#13;&#10;        for (int i = 0; i &lt; returnList.size(); i++) {&#13;&#10;            returnList.get(i).add(0, input);&#13;&#10;        }&#13;&#10;        return returnList;&#13;&#10;    }&#13;&#10;&#13;&#10;    private boolean findJumpPiece(Field field) throws&#13;&#10;    InterruptedException, IOException, NoKingLeft {&#13;&#10;        List&lt;List&lt;Field&gt;&gt; jumpList = new ArrayList&lt;List&lt;Field&gt;&gt;();&#13;&#10;        jumpList = jumpSequence(field, false,&#13;&#10;                field.getPieceOnField().isCrowned);&#13;&#10;        checkersBoard.resetVisited();&#13;&#10;        for (int i = 0; i &lt; jumpList.size(); i++) {&#13;&#10;            List&lt;Field&gt; tempList = jumpList.get(i);&#13;&#10;            Field desField = tempList.get(tempList.size() - 1);&#13;&#10;            if (!checkersBoard.isFieldEmptyOnBoard(desField.x, desField.y)) {&#13;&#10;                checkersBoard.movePieceInRepresentation(field, desField, false);&#13;&#10;                int stopj = tempList.size() - 1;&#13;&#10;                for (int j = 0; j &lt; stopj; j++) {&#13;&#10;                    Field tempfield = tempList.get(j);&#13;&#10;                    Field tempfield2 = tempList.get(j + 1);&#13;&#10;                    Field takenField = checkersBoard.myBoard&#13;&#10;                            [(tempfield.x + tempfield2.x) / 2]&#13;&#10;                                    [(tempfield.y + tempfield2.y) / 2];&#13;&#10;                    checkersBoard.movePieceInRepresentation(takenField,&#13;&#10;                            trashField, false);&#13;&#10;                }&#13;&#10;                return true;&#13;&#10;            }&#13;&#10;        }&#13;&#10;        return false;&#13;&#10;    }&#13;&#10;&#13;&#10;    public final void checkForUpgradeKing(Field field, boolean isSimulated)&#13;&#10;            throws NoKingLeft, IOException {&#13;&#10;        if (checkersBoard.peasentIsOnEndRow(field)) {&#13;&#10;            if (checkersBoard.checkAllegiance(field, false)) {&#13;&#10;                field.getPieceOnField().color = checkersBoard.myKingColor;&#13;&#10;                field.getPieceOnField().isCrowned = true;&#13;&#10;                if (!isSimulated) {&#13;&#10;                    fieldToCheck = field;&#13;&#10;                }&#13;&#10;            } else {&#13;&#10;                if (isSimulated) {&#13;&#10;                    field.getPieceOnField().color =&#13;&#10;                            checkersBoard.opponentKingColor;&#13;&#10;                    field.getPieceOnField().isCrowned = true;&#13;&#10;                } else {&#13;&#10;                    boolean foundOne = false;&#13;&#10;                    int i = 0;&#13;&#10;                    while (!foundOne) {&#13;&#10;                        if (i &gt; 7) {&#13;&#10;                            throw new custom.Exceptions.NoKingLeft();&#13;&#10;                        }&#13;&#10;                        if (!checkersBoard.kingPlace[i].isEmpty()) {&#13;&#10;                            //Move old piece to trash&#13;&#10;                            remoteFunctions.trashPieceOnField(field);&#13;&#10;                            //Insert king at location&#13;&#10;                            remoteFunctions.doMove(new Move(&#13;&#10;                                    checkersBoard.kingPlace[i], field, true));&#13;&#10;                            foundOne = true;&#13;&#10;                        }&#13;&#10;                        i++;&#13;&#10;                    }&#13;&#10;                }&#13;&#10;            }&#13;&#10;        }&#13;&#10;    }&#13;&#10;&#13;&#10;    //Function to check if user have replaced the&#13;&#10;    //robots peasant piece with a king piece&#13;&#10;    public final void checkRobotPieceReplaced() throws IOException {&#13;&#10;        if (fieldToCheck != null) {&#13;&#10;            boolean checkCondition = true;&#13;&#10;            while (checkCondition) {&#13;&#10;                if (getColor(fieldToCheck.x, fieldToCheck.y)&#13;&#10;                        == checkersBoard.myKingColor) {&#13;&#10;                    checkCondition = false;&#13;&#10;                    fieldToCheck = null;&#13;&#10;                } else {&#13;&#10;                    checkersBoard.informer.myKingNotPlaced();&#13;&#10;                    remoteFunctions.waitForRedButton();&#13;&#10;                }&#13;&#10;            }&#13;&#10;        }&#13;&#10;    }&#13;&#10;&#13;&#10;    //Sets the colors of the pieces of the robot&#13;&#10;    public final void findMyColors() throws InterruptedException, IOException {&#13;&#10;        char test = getColor(0, 1);&#13;&#10;        checkersBoard.myPeasentColor = getColor(0, 1);&#13;&#10;        if (checkersBoard.myPeasentColor == 'r') {&#13;&#10;            checkersBoard.myKingColor = 'b';&#13;&#10;        } else if (checkersBoard.myPeasentColor == 'w') {&#13;&#10;            checkersBoard.myKingColor = 'g';&#13;&#10;        } else {&#13;&#10;            remoteFunctions.resetMotors();&#13;&#10;            remoteFunctions.initColorSensor();&#13;&#10;            findMyColors();&#13;&#10;        }&#13;&#10;    }&#13;&#10;&#13;&#10;    //Returns the color on the given position&#13;&#10;    public final char getColor(int x, int y) throws IOException {&#13;&#10;        com.CustomClasses.Color colorResult = remoteFunctions.getColorOnField(x, y);&#13;&#10;&#13;&#10;        int red = colorResult.getRed();&#13;&#10;        int green = colorResult.getGreen();&#13;&#10;        int blue = colorResult.getBlue();&#13;&#10;        if (red &gt; 230 &amp;&amp; red &lt; 290 &amp;&amp; green &lt; 130 &amp;&amp; green &gt; 60&#13;&#10;                &amp;&amp; blue &lt; 140 &amp;&amp; blue &gt; 60) {&#13;&#10;            return 'r';&#13;&#10;         } else if (red &gt; 230 &amp;&amp; red &lt; 285 &amp;&amp; green &gt; 235 &amp;&amp; green &lt; 285&#13;&#10;                &amp;&amp; blue &gt; 230 &amp;&amp; blue &lt; 280) {&#13;&#10;            return 'w';&#13;&#10;        } else if (red &lt; 230 &amp;&amp; red &gt; 170 &amp;&amp; green &gt; 210 &amp;&amp; green &lt; 290&#13;&#10;                &amp;&amp; blue &lt; 230 &amp;&amp; blue &gt; 170) {&#13;&#10;            return 'g';&#13;&#10;        } else if (red &lt; 170 &amp;&amp; red &gt; 110 &amp;&amp; green &lt; 240 &amp;&amp; green &gt; 180&#13;&#10;                &amp;&amp; blue &gt; 210 &amp;&amp; blue &lt; 270) {&#13;&#10;            return 'b';&#13;&#10;        } else {&#13;&#10;            return ' ';&#13;&#10;        }&#13;&#10;    }&#13;&#10;&#13;&#10;    public final boolean checkForGameHasEnded(boolean isHumansTurn) {&#13;&#10;        switch (gameHasEnded(isHumansTurn)) {&#13;&#10;        case 0:&#13;&#10;            return false;&#13;&#10;        case 1:&#13;&#10;            checkersBoard.informer.humanWon();&#13;&#10;            return true;&#13;&#10;        case 2:&#13;&#10;            checkersBoard.informer.robotWon();&#13;&#10;            return true;&#13;&#10;        case 3:&#13;&#10;            checkersBoard.informer.draw();&#13;&#10;            return true;&#13;&#10;        default:&#13;&#10;            return false;&#13;&#10;        }&#13;&#10;    }&#13;&#10;&#13;&#10;    /*returns 0 if game has not ended, 1 if the human won,&#13;&#10;     * 2 if the robot won and 3 if it was a draw*/&#13;&#10;    public final int gameHasEnded(boolean humanTurn) {&#13;&#10;        checkersBoard.updateMoveables();&#13;&#10;&#13;&#10;        List&lt;Piece&gt; humanPieceList = new ArrayList&lt;Piece&gt;();&#13;&#10;        List&lt;Piece&gt; robotPieceList = new ArrayList&lt;Piece&gt;();&#13;&#10;        boolean robotHasMovable = false;&#13;&#10;        boolean humanHasMovable = false;&#13;&#10;&#13;&#10;        for (Field[] f : checkersBoard.myBoard) {&#13;&#10;            for (Field field : f) {&#13;&#10;                if (!field.isEmpty()) {&#13;&#10;                    if (checkersBoard.checkAllegiance(field, true)) {&#13;&#10;                        humanPieceList.add(field.getPieceOnField());&#13;&#10;                        if (field.getPieceOnField().isMoveable) {&#13;&#10;                            humanHasMovable = true;&#13;&#10;                        }&#13;&#10;                    }&#13;&#10;                    if (checkersBoard.checkAllegiance(field, false)) {&#13;&#10;                        robotPieceList.add(field.getPieceOnField());&#13;&#10;                        if (field.getPieceOnField().isMoveable) {&#13;&#10;                            robotHasMovable = true;&#13;&#10;                        }&#13;&#10;                    }&#13;&#10;                }&#13;&#10;            }&#13;&#10;        }&#13;&#10;&#13;&#10;        if (robotPieceList.size() == 0 || (!humanTurn &amp;&amp; !robotHasMovable)) {&#13;&#10;            return 1;&#13;&#10;        }&#13;&#10;        if (humanPieceList.size() == 0 || (humanTurn &amp;&amp; !humanHasMovable)) {&#13;&#10;            return 2;&#13;&#10;        }&#13;&#10;        if (robotPieceList.size() == 1 &amp;&amp; humanPieceList.size() == 1) {&#13;&#10;            if (robotPieceList.get(0).isCrowned&#13;&#10;                    &amp;&amp; humanPieceList.get(0).isCrowned) {&#13;&#10;                if (humanTurn) {&#13;&#10;                    if (isOnDoubleCorners(humanPieceList.get(0))&#13;&#10;                            &amp;&amp; isNearDoubleCorners(robotPieceList.get(0))&#13;&#10;                            &amp;&amp; !hasTheMove(true)) {&#13;&#10;                        return 3;&#13;&#10;                    }&#13;&#10;                } else {&#13;&#10;                    if (isOnDoubleCorners(robotPieceList.get(0))&#13;&#10;                            &amp;&amp; isNearDoubleCorners(humanPieceList.get(0))&#13;&#10;                            &amp;&amp; !hasTheMove(false)) {&#13;&#10;                        return 3;&#13;&#10;                    }&#13;&#10;                }&#13;&#10;            }&#13;&#10;        }&#13;&#10;        return 0;&#13;&#10;    }&#13;&#10;&#13;&#10;    private boolean hasTheMove(boolean humansTurn) {&#13;&#10;        int rowToCheck = 0;&#13;&#10;&#13;&#10;        if (!humansTurn) {&#13;&#10;            rowToCheck = 1;&#13;&#10;        }&#13;&#10;&#13;&#10;        int pieceCount = 0;&#13;&#10;&#13;&#10;        for (int i = rowToCheck; i &lt; 8; i += 2) {&#13;&#10;            for (int j = 0; j &lt; 8; j++) {&#13;&#10;                if (!checkersBoard.myBoard[i][j].isEmpty()) {&#13;&#10;                    pieceCount++;&#13;&#10;                }&#13;&#10;            }&#13;&#10;        }&#13;&#10;&#13;&#10;        if (pieceCount % 2 == 1) {&#13;&#10;            return true;&#13;&#10;        }&#13;&#10;        return false;&#13;&#10;    }&#13;&#10;&#13;&#10;    private boolean isOnDoubleCorners(Piece piece) {&#13;&#10;        if ((piece.getX() == 0 &amp;&amp; piece.getY() == 1)&#13;&#10;                || (piece.getX() == 1 &amp;&amp; piece.getY() == 0)&#13;&#10;                || (piece.getX() == 7 &amp;&amp; piece.getY() == 6)&#13;&#10;                || (piece.getX() == 6 &amp;&amp; piece.getY() == 7)) {&#13;&#10;            return true;&#13;&#10;        }&#13;&#10;        return false;&#13;&#10;    }&#13;&#10;&#13;&#10;    private boolean isNearDoubleCorners(Piece piece) {&#13;&#10;        if ((piece.getX() == 1 &amp;&amp; piece.getY() == 2)&#13;&#10;                || (piece.getX() == 2 &amp;&amp; piece.getY() == 1)&#13;&#10;                || (piece.getX() == 6 &amp;&amp; piece.getY() == 5)&#13;&#10;                || (piece.getX() == 5 &amp;&amp; piece.getY() == 6)&#13;&#10;                || (piece.getX() == 2 &amp;&amp; piece.getY() == 3)&#13;&#10;                || (piece.getX() == 3 &amp;&amp; piece.getY() == 2)&#13;&#10;                || (piece.getX() == 4 &amp;&amp; piece.getY() == 5)&#13;&#10;                || (piece.getX() == 5 &amp;&amp; piece.getY() == 4)) {&#13;&#10;            return true;&#13;&#10;        }&#13;&#10;        return false;&#13;&#10;    }&#13;&#10;&#13;&#10;}" Filename="Analyze.java" Intrnl_Id="8"/>
</SrcFileList>
<CritList>
<CritListEntry Name="org.codecover.model.utils.criteria.LoopCoverage" PluginName="org.codecover"/>
<CritListEntry Name="org.codecover.model.utils.criteria.BranchCoverage" PluginName="org.codecover"/>
<CritListEntry Name="org.codecover.model.utils.criteria.ConditionCoverage" PluginName="org.codecover"/>
<CritListEntry Name="org.codecover.model.utils.criteria.SynchronizedStatementCoverage" PluginName="org.codecover"/>
<CritListEntry Name="org.codecover.model.utils.criteria.QMOCoverage" PluginName="org.codecover"/>
<CritListEntry Name="org.codecover.model.utils.criteria.StatementCoverage" PluginName="org.codecover"/>
</CritList>
<BoolOpList>
<BoolOp Arity="1" Intrnl_Id="9" Name="not (!)">
<BoolAssgnmntBoolMapList>
<MapEntry BoolAssgnmnt="0" Value="true"/>
<MapEntry BoolAssgnmnt="1" Value="false"/>
</BoolAssgnmntBoolMapList>
</BoolOp>
<BoolOp Arity="2" Intrnl_Id="10" Name="conditional and (&amp;&amp;)">
<BoolAssgnmntBoolMapList>
<MapEntry BoolAssgnmnt="10" Value="false"/>
<MapEntry BoolAssgnmnt="02" Value="false"/>
<MapEntry BoolAssgnmnt="11" Value="true"/>
</BoolAssgnmntBoolMapList>
</BoolOp>
<BoolOp Arity="2" Intrnl_Id="11" Name="conditional or (||)">
<BoolAssgnmntBoolMapList>
<MapEntry BoolAssgnmnt="01" Value="true"/>
<MapEntry BoolAssgnmnt="00" Value="false"/>
<MapEntry BoolAssgnmnt="12" Value="true"/>
</BoolAssgnmntBoolMapList>
</BoolOp>
</BoolOpList>
<HierarchyLvlTypeList>
<HierarchyLvlType EnglishName="package" IntrnlName="package" Intrnl_Id="12"/>
<HierarchyLvlType EnglishName="class" IntrnlName="class" Intrnl_Id="13"/>
<HierarchyLvlType EnglishName="method" IntrnlName="method" Intrnl_Id="14"/>
<HierarchyLvlType EnglishName="default package" IntrnlName="default package" Intrnl_Id="15"/>
</HierarchyLvlTypeList>
<MASTRoot>
<HierarchyLvl HierarchyLvlId="100" HierarchyLvlTypeId="15" Intrnl_Id="16" Name="default package">
<Header/>
<LocList/>
<HierarchyLvl HierarchyLvlId="99" HierarchyLvlTypeId="12" Intrnl_Id="17" Name="com">
<Header/>
<LocList/>
<HierarchyLvl HierarchyLvlId="98" HierarchyLvlTypeId="12" Intrnl_Id="18" Name="OriginalFiles">
<Header/>
<LocList/>
<HierarchyLvl HierarchyLvlId="8" HierarchyLvlTypeId="13" Intrnl_Id="19" Name="RemoteNXTFunctions">
<Header>
<Loc EndOffset="125" SrcFileId="1" StartOffset="94"/>
</Header>
<LocList>
<Loc EndOffset="3642" SrcFileId="1" StartOffset="94"/>
</LocList>
<StmntSeq Intrnl_Id="20">
<LocList>
<Loc EndOffset="201" SrcFileId="1" StartOffset="166"/>
<Loc EndOffset="261" SrcFileId="1" StartOffset="207"/>
</LocList>
<BasicStmnt CovItemId="S1" CovItemPrefix="com.OriginalFiles.RemoteNXTFunctions.java" Intrnl_Id="21">
<LocList>
<Loc EndOffset="201" SrcFileId="1" StartOffset="166"/>
</LocList>
</BasicStmnt>
<BasicStmnt CovItemId="S2" CovItemPrefix="com.OriginalFiles.RemoteNXTFunctions.java" Intrnl_Id="22">
<LocList>
<Loc EndOffset="261" SrcFileId="1" StartOffset="207"/>
</LocList>
</BasicStmnt>
</StmntSeq>
<HierarchyLvl HierarchyLvlId="1" HierarchyLvlTypeId="14" Intrnl_Id="23" Name="RemoteNXTFunctions">
<Header>
<Loc EndOffset="337" SrcFileId="1" StartOffset="269"/>
</Header>
<LocList>
<Loc EndOffset="388" SrcFileId="1" StartOffset="269"/>
</LocList>
<StmntSeq Intrnl_Id="24">
<LocList>
<Loc EndOffset="381" SrcFileId="1" StartOffset="349"/>
</LocList>
<BasicStmnt CovItemId="S3" CovItemPrefix="com.OriginalFiles.RemoteNXTFunctions.java" Intrnl_Id="25">
<LocList>
<Loc EndOffset="381" SrcFileId="1" StartOffset="349"/>
</LocList>
</BasicStmnt>
</StmntSeq>
</HierarchyLvl>
<HierarchyLvl HierarchyLvlId="2" HierarchyLvlTypeId="14" Intrnl_Id="26" Name="resetMotors">
<Header>
<Loc EndOffset="419" SrcFileId="1" StartOffset="394"/>
</Header>
<LocList>
<Loc EndOffset="486" SrcFileId="1" StartOffset="394"/>
</LocList>
<StmntSeq Intrnl_Id="27">
<LocList>
<Loc EndOffset="469" SrcFileId="1" StartOffset="431"/>
</LocList>
<BasicStmnt CovItemId="S4" CovItemPrefix="com.OriginalFiles.RemoteNXTFunctions.java" Intrnl_Id="28">
<LocList>
<Loc EndOffset="469" SrcFileId="1" StartOffset="431"/>
</LocList>
</BasicStmnt>
</StmntSeq>
</HierarchyLvl>
<HierarchyLvl HierarchyLvlId="3" HierarchyLvlTypeId="14" Intrnl_Id="29" Name="trashPieceOnField">
<Header>
<Loc EndOffset="536" SrcFileId="1" StartOffset="494"/>
</Header>
<LocList>
<Loc EndOffset="599" SrcFileId="1" StartOffset="494"/>
</LocList>
</HierarchyLvl>
<HierarchyLvl HierarchyLvlId="4" HierarchyLvlTypeId="14" Intrnl_Id="30" Name="doMove">
<Header>
<Loc EndOffset="636" SrcFileId="1" StartOffset="607"/>
</Header>
<LocList>
<Loc EndOffset="699" SrcFileId="1" StartOffset="607"/>
</LocList>
</HierarchyLvl>
<HierarchyLvl HierarchyLvlId="5" HierarchyLvlTypeId="14" Intrnl_Id="31" Name="waitForRedButton">
<Header>
<Loc EndOffset="737" SrcFileId="1" StartOffset="707"/>
</Header>
<LocList>
<Loc EndOffset="792" SrcFileId="1" StartOffset="707"/>
</LocList>
</HierarchyLvl>
<HierarchyLvl HierarchyLvlId="6" HierarchyLvlTypeId="14" Intrnl_Id="32" Name="initColorSensor">
<Header>
<Loc EndOffset="829" SrcFileId="1" StartOffset="800"/>
</Header>
<LocList>
<Loc EndOffset="884" SrcFileId="1" StartOffset="800"/>
</LocList>
</HierarchyLvl>
<HierarchyLvl HierarchyLvlId="7" HierarchyLvlTypeId="14" Intrnl_Id="33" Name="getColorOnField">
<Header>
<Loc EndOffset="940" SrcFileId="1" StartOffset="892"/>
</Header>
<LocList>
<Loc EndOffset="3637" SrcFileId="1" StartOffset="892"/>
</LocList>
<StmntSeq Intrnl_Id="34">
<LocList>
<Loc EndOffset="979" SrcFileId="1" StartOffset="952"/>
<Loc EndOffset="3596" SrcFileId="1" StartOffset="999"/>
<Loc EndOffset="3630" SrcFileId="1" StartOffset="3616"/>
</LocList>
<BasicStmnt CovItemId="S5" CovItemPrefix="com.OriginalFiles.RemoteNXTFunctions.java" Intrnl_Id="35">
<LocList>
<Loc EndOffset="979" SrcFileId="1" StartOffset="952"/>
</LocList>
</BasicStmnt>
<CondStmnt CovItemId="S6" CovItemPrefix="com.OriginalFiles.RemoteNXTFunctions.java" Intrnl_Id="36">
<Branch CovItemId="B1" CovItemPrefix="com.OriginalFiles.RemoteNXTFunctions.java" Implct="false" Intrnl_Id="37">
<Cond/>
<LocList>
<Loc EndOffset="1538" SrcFileId="1" StartOffset="1028"/>
</LocList>
<StmntSeq Intrnl_Id="38">
<LocList>
<Loc EndOffset="1527" SrcFileId="1" StartOffset="1043"/>
</LocList>
<CondStmnt CovItemId="S7" CovItemPrefix="com.OriginalFiles.RemoteNXTFunctions.java" Intrnl_Id="39">
<Branch CovItemId="B3" CovItemPrefix="com.OriginalFiles.RemoteNXTFunctions.java" Implct="false" Intrnl_Id="40">
<Cond/>
<LocList>
<Loc EndOffset="1132" SrcFileId="1" StartOffset="1077"/>
</LocList>
<StmntSeq Intrnl_Id="41">
<LocList>
<Loc EndOffset="1117" SrcFileId="1" StartOffset="1096"/>
</LocList>
<BasicStmnt CovItemId="S8" CovItemPrefix="com.OriginalFiles.RemoteNXTFunctions.java" Intrnl_Id="42">
<LocList>
<Loc EndOffset="1117" SrcFileId="1" StartOffset="1096"/>
</LocList>
</BasicStmnt>
</StmntSeq>
</Branch>
<Branch CovItemId="B4" CovItemPrefix="com.OriginalFiles.RemoteNXTFunctions.java" Implct="false" Intrnl_Id="43">
<Cond>
<Loc EndOffset="1137" SrcFileId="1" StartOffset="1133"/>
</Cond>
<LocList>
<Loc EndOffset="1527" SrcFileId="1" StartOffset="1138"/>
</LocList>
<StmntSeq Intrnl_Id="44">
<LocList>
<Loc EndOffset="1527" SrcFileId="1" StartOffset="1138"/>
</LocList>
<CondStmnt CovItemId="S9" CovItemPrefix="com.OriginalFiles.RemoteNXTFunctions.java" Intrnl_Id="45">
<Branch CovItemId="B5" CovItemPrefix="com.OriginalFiles.RemoteNXTFunctions.java" Implct="false" Intrnl_Id="46">
<Cond/>
<LocList>
<Loc EndOffset="1215" SrcFileId="1" StartOffset="1160"/>
</LocList>
<StmntSeq Intrnl_Id="47">
<LocList>
<Loc EndOffset="1200" SrcFileId="1" StartOffset="1179"/>
</LocList>
<BasicStmnt CovItemId="S10" CovItemPrefix="com.OriginalFiles.RemoteNXTFunctions.java" Intrnl_Id="48">
<LocList>
<Loc EndOffset="1200" SrcFileId="1" StartOffset="1179"/>
</LocList>
</BasicStmnt>
</StmntSeq>
</Branch>
<Branch CovItemId="B6" CovItemPrefix="com.OriginalFiles.RemoteNXTFunctions.java" Implct="false" Intrnl_Id="49">
<Cond>
<Loc EndOffset="1220" SrcFileId="1" StartOffset="1216"/>
</Cond>
<LocList>
<Loc EndOffset="1527" SrcFileId="1" StartOffset="1221"/>
</LocList>
<StmntSeq Intrnl_Id="50">
<LocList>
<Loc EndOffset="1527" SrcFileId="1" StartOffset="1221"/>
</LocList>
<CondStmnt CovItemId="S11" CovItemPrefix="com.OriginalFiles.RemoteNXTFunctions.java" Intrnl_Id="51">
<Branch CovItemId="B7" CovItemPrefix="com.OriginalFiles.RemoteNXTFunctions.java" Implct="false" Intrnl_Id="52">
<Cond/>
<LocList>
<Loc EndOffset="1298" SrcFileId="1" StartOffset="1243"/>
</LocList>
<StmntSeq Intrnl_Id="53">
<LocList>
<Loc EndOffset="1283" SrcFileId="1" StartOffset="1262"/>
</LocList>
<BasicStmnt CovItemId="S12" CovItemPrefix="com.OriginalFiles.RemoteNXTFunctions.java" Intrnl_Id="54">
<LocList>
<Loc EndOffset="1283" SrcFileId="1" StartOffset="1262"/>
</LocList>
</BasicStmnt>
</StmntSeq>
</Branch>
<Branch CovItemId="B8" CovItemPrefix="com.OriginalFiles.RemoteNXTFunctions.java" Implct="false" Intrnl_Id="55">
<Cond>
<Loc EndOffset="1303" SrcFileId="1" StartOffset="1299"/>
</Cond>
<LocList>
<Loc EndOffset="1527" SrcFileId="1" StartOffset="1304"/>
</LocList>
<StmntSeq Intrnl_Id="56">
<LocList>
<Loc EndOffset="1527" SrcFileId="1" StartOffset="1304"/>
</LocList>
<CondStmnt CovItemId="S13" CovItemPrefix="com.OriginalFiles.RemoteNXTFunctions.java" Intrnl_Id="57">
<Branch CovItemId="B9" CovItemPrefix="com.OriginalFiles.RemoteNXTFunctions.java" Implct="false" Intrnl_Id="58">
<Cond/>
<LocList>
<Loc EndOffset="1466" SrcFileId="1" StartOffset="1363"/>
</LocList>
<StmntSeq Intrnl_Id="59">
<LocList>
<Loc EndOffset="1451" SrcFileId="1" StartOffset="1382"/>
</LocList>
<BasicStmnt CovItemId="S14" CovItemPrefix="com.OriginalFiles.RemoteNXTFunctions.java" Intrnl_Id="60">
<LocList>
<Loc EndOffset="1451" SrcFileId="1" StartOffset="1382"/>
</LocList>
</BasicStmnt>
</StmntSeq>
</Branch>
<Branch CovItemId="B10" CovItemPrefix="com.OriginalFiles.RemoteNXTFunctions.java" Implct="false" Intrnl_Id="61">
<Cond>
<Loc EndOffset="1471" SrcFileId="1" StartOffset="1467"/>
</Cond>
<LocList>
<Loc EndOffset="1527" SrcFileId="1" StartOffset="1472"/>
</LocList>
<StmntSeq Intrnl_Id="62">
<LocList>
<Loc EndOffset="1512" SrcFileId="1" StartOffset="1491"/>
</LocList>
<BasicStmnt CovItemId="S15" CovItemPrefix="com.OriginalFiles.RemoteNXTFunctions.java" Intrnl_Id="63">
<LocList>
<Loc EndOffset="1512" SrcFileId="1" StartOffset="1491"/>
</LocList>
</BasicStmnt>
</StmntSeq>
</Branch>
<Keyword EndOffset="1306" SrcFileId="1" StartOffset="1304"/>
<LocList>
<Loc EndOffset="1527" SrcFileId="1" StartOffset="1304"/>
</LocList>
<RootTerm CovItemId="C5" CovItemPrefix="com.OriginalFiles.RemoteNXTFunctions.java" Intrnl_Id="64">
<BasicBoolTerm Intrnl_Id="65">
<LocList>
<Loc EndOffset="1361" SrcFileId="1" StartOffset="1308"/>
</LocList>
</BasicBoolTerm>
</RootTerm>
</CondStmnt>
</StmntSeq>
</Branch>
<Keyword EndOffset="1223" SrcFileId="1" StartOffset="1221"/>
<LocList>
<Loc EndOffset="1527" SrcFileId="1" StartOffset="1221"/>
</LocList>
<RootTerm CovItemId="C4" CovItemPrefix="com.OriginalFiles.RemoteNXTFunctions.java" Intrnl_Id="66">
<OpTerm BooleanOpId="10" Intrnl_Id="67">
<BasicBoolTerm Intrnl_Id="68">
<LocList>
<Loc EndOffset="1231" SrcFileId="1" StartOffset="1225"/>
</LocList>
</BasicBoolTerm>
<BasicBoolTerm Intrnl_Id="69">
<LocList>
<Loc EndOffset="1241" SrcFileId="1" StartOffset="1235"/>
</LocList>
</BasicBoolTerm>
<LocList>
<Loc EndOffset="1234" SrcFileId="1" StartOffset="1232"/>
</LocList>
</OpTerm>
</RootTerm>
</CondStmnt>
</StmntSeq>
</Branch>
<Keyword EndOffset="1140" SrcFileId="1" StartOffset="1138"/>
<LocList>
<Loc EndOffset="1527" SrcFileId="1" StartOffset="1138"/>
</LocList>
<RootTerm CovItemId="C3" CovItemPrefix="com.OriginalFiles.RemoteNXTFunctions.java" Intrnl_Id="70">
<OpTerm BooleanOpId="10" Intrnl_Id="71">
<BasicBoolTerm Intrnl_Id="72">
<LocList>
<Loc EndOffset="1148" SrcFileId="1" StartOffset="1142"/>
</LocList>
</BasicBoolTerm>
<BasicBoolTerm Intrnl_Id="73">
<LocList>
<Loc EndOffset="1158" SrcFileId="1" StartOffset="1152"/>
</LocList>
</BasicBoolTerm>
<LocList>
<Loc EndOffset="1151" SrcFileId="1" StartOffset="1149"/>
</LocList>
</OpTerm>
</RootTerm>
</CondStmnt>
</StmntSeq>
</Branch>
<Keyword EndOffset="1045" SrcFileId="1" StartOffset="1043"/>
<LocList>
<Loc EndOffset="1527" SrcFileId="1" StartOffset="1043"/>
</LocList>
<RootTerm CovItemId="C2" CovItemPrefix="com.OriginalFiles.RemoteNXTFunctions.java" Intrnl_Id="74">
<OpTerm BooleanOpId="10" Intrnl_Id="75">
<BasicBoolTerm Intrnl_Id="76">
<LocList>
<Loc EndOffset="1052" SrcFileId="1" StartOffset="1046"/>
</LocList>
</BasicBoolTerm>
<BasicBoolTerm Intrnl_Id="77">
<LocList>
<Loc EndOffset="1062" SrcFileId="1" StartOffset="1056"/>
</LocList>
</BasicBoolTerm>
<LocList>
<Loc EndOffset="1055" SrcFileId="1" StartOffset="1053"/>
</LocList>
</OpTerm>
</RootTerm>
</CondStmnt>
</StmntSeq>
</Branch>
<Branch CovItemId="B2" CovItemPrefix="com.OriginalFiles.RemoteNXTFunctions.java" Implct="false" Intrnl_Id="78">
<Cond>
<Loc EndOffset="1552" SrcFileId="1" StartOffset="1548"/>
</Cond>
<LocList>
<Loc EndOffset="3596" SrcFileId="1" StartOffset="1553"/>
</LocList>
<StmntSeq Intrnl_Id="79">
<LocList>
<Loc EndOffset="3585" SrcFileId="1" StartOffset="1568"/>
</LocList>
<CondStmnt CovItemId="S16" CovItemPrefix="com.OriginalFiles.RemoteNXTFunctions.java" Intrnl_Id="80">
<Branch CovItemId="B11" CovItemPrefix="com.OriginalFiles.RemoteNXTFunctions.java" Implct="false" Intrnl_Id="81">
<Cond/>
<LocList>
<Loc EndOffset="2101" SrcFileId="1" StartOffset="1597"/>
</LocList>
<StmntSeq Intrnl_Id="82">
<LocList>
<Loc EndOffset="2086" SrcFileId="1" StartOffset="1616"/>
</LocList>
<CondStmnt CovItemId="S17" CovItemPrefix="com.OriginalFiles.RemoteNXTFunctions.java" Intrnl_Id="83">
<Branch CovItemId="B13" CovItemPrefix="com.OriginalFiles.RemoteNXTFunctions.java" Implct="false" Intrnl_Id="84">
<Cond/>
<LocList>
<Loc EndOffset="1717" SrcFileId="1" StartOffset="1654"/>
</LocList>
<StmntSeq Intrnl_Id="85">
<LocList>
<Loc EndOffset="1698" SrcFileId="1" StartOffset="1677"/>
</LocList>
<BasicStmnt CovItemId="S18" CovItemPrefix="com.OriginalFiles.RemoteNXTFunctions.java" Intrnl_Id="86">
<LocList>
<Loc EndOffset="1698" SrcFileId="1" StartOffset="1677"/>
</LocList>
</BasicStmnt>
</StmntSeq>
</Branch>
<Branch CovItemId="B14" CovItemPrefix="com.OriginalFiles.RemoteNXTFunctions.java" Implct="false" Intrnl_Id="87">
<Cond>
<Loc EndOffset="1739" SrcFileId="1" StartOffset="1735"/>
</Cond>
<LocList>
<Loc EndOffset="2086" SrcFileId="1" StartOffset="1740"/>
</LocList>
<StmntSeq Intrnl_Id="88">
<LocList>
<Loc EndOffset="2086" SrcFileId="1" StartOffset="1740"/>
</LocList>
<CondStmnt CovItemId="S19" CovItemPrefix="com.OriginalFiles.RemoteNXTFunctions.java" Intrnl_Id="89">
<Branch CovItemId="B15" CovItemPrefix="com.OriginalFiles.RemoteNXTFunctions.java" Implct="false" Intrnl_Id="90">
<Cond/>
<LocList>
<Loc EndOffset="1841" SrcFileId="1" StartOffset="1778"/>
</LocList>
<StmntSeq Intrnl_Id="91">
<LocList>
<Loc EndOffset="1822" SrcFileId="1" StartOffset="1801"/>
</LocList>
<BasicStmnt CovItemId="S20" CovItemPrefix="com.OriginalFiles.RemoteNXTFunctions.java" Intrnl_Id="92">
<LocList>
<Loc EndOffset="1822" SrcFileId="1" StartOffset="1801"/>
</LocList>
</BasicStmnt>
</StmntSeq>
</Branch>
<Branch CovItemId="B16" CovItemPrefix="com.OriginalFiles.RemoteNXTFunctions.java" Implct="false" Intrnl_Id="93">
<Cond>
<Loc EndOffset="1846" SrcFileId="1" StartOffset="1842"/>
</Cond>
<LocList>
<Loc EndOffset="2086" SrcFileId="1" StartOffset="1847"/>
</LocList>
<StmntSeq Intrnl_Id="94">
<LocList>
<Loc EndOffset="2086" SrcFileId="1" StartOffset="1847"/>
</LocList>
<CondStmnt CovItemId="S21" CovItemPrefix="com.OriginalFiles.RemoteNXTFunctions.java" Intrnl_Id="95">
<Branch CovItemId="B17" CovItemPrefix="com.OriginalFiles.RemoteNXTFunctions.java" Implct="false" Intrnl_Id="96">
<Cond/>
<LocList>
<Loc EndOffset="2017" SrcFileId="1" StartOffset="1906"/>
</LocList>
<StmntSeq Intrnl_Id="97">
<LocList>
<Loc EndOffset="1998" SrcFileId="1" StartOffset="1929"/>
</LocList>
<BasicStmnt CovItemId="S22" CovItemPrefix="com.OriginalFiles.RemoteNXTFunctions.java" Intrnl_Id="98">
<LocList>
<Loc EndOffset="1998" SrcFileId="1" StartOffset="1929"/>
</LocList>
</BasicStmnt>
</StmntSeq>
</Branch>
<Branch CovItemId="B18" CovItemPrefix="com.OriginalFiles.RemoteNXTFunctions.java" Implct="false" Intrnl_Id="99">
<Cond>
<Loc EndOffset="2022" SrcFileId="1" StartOffset="2018"/>
</Cond>
<LocList>
<Loc EndOffset="2086" SrcFileId="1" StartOffset="2023"/>
</LocList>
<StmntSeq Intrnl_Id="100">
<LocList>
<Loc EndOffset="2067" SrcFileId="1" StartOffset="2046"/>
</LocList>
<BasicStmnt CovItemId="S23" CovItemPrefix="com.OriginalFiles.RemoteNXTFunctions.java" Intrnl_Id="101">
<LocList>
<Loc EndOffset="2067" SrcFileId="1" StartOffset="2046"/>
</LocList>
</BasicStmnt>
</StmntSeq>
</Branch>
<Keyword EndOffset="1849" SrcFileId="1" StartOffset="1847"/>
<LocList>
<Loc EndOffset="2086" SrcFileId="1" StartOffset="1847"/>
</LocList>
<RootTerm CovItemId="C9" CovItemPrefix="com.OriginalFiles.RemoteNXTFunctions.java" Intrnl_Id="102">
<BasicBoolTerm Intrnl_Id="103">
<LocList>
<Loc EndOffset="1904" SrcFileId="1" StartOffset="1851"/>
</LocList>
</BasicBoolTerm>
</RootTerm>
</CondStmnt>
</StmntSeq>
</Branch>
<Keyword EndOffset="1742" SrcFileId="1" StartOffset="1740"/>
<LocList>
<Loc EndOffset="2086" SrcFileId="1" StartOffset="1740"/>
</LocList>
<RootTerm CovItemId="C8" CovItemPrefix="com.OriginalFiles.RemoteNXTFunctions.java" Intrnl_Id="104">
<OpTerm BooleanOpId="10" Intrnl_Id="105">
<BasicBoolTerm Intrnl_Id="106">
<LocList>
<Loc EndOffset="1749" SrcFileId="1" StartOffset="1743"/>
</LocList>
</BasicBoolTerm>
<BasicBoolTerm Intrnl_Id="107">
<LocList>
<Loc EndOffset="1759" SrcFileId="1" StartOffset="1753"/>
</LocList>
</BasicBoolTerm>
<LocList>
<Loc EndOffset="1752" SrcFileId="1" StartOffset="1750"/>
</LocList>
</OpTerm>
</RootTerm>
</CondStmnt>
</StmntSeq>
</Branch>
<Keyword EndOffset="1618" SrcFileId="1" StartOffset="1616"/>
<LocList>
<Loc EndOffset="2086" SrcFileId="1" StartOffset="1616"/>
</LocList>
<RootTerm CovItemId="C7" CovItemPrefix="com.OriginalFiles.RemoteNXTFunctions.java" Intrnl_Id="108">
<OpTerm BooleanOpId="10" Intrnl_Id="109">
<BasicBoolTerm Intrnl_Id="110">
<LocList>
<Loc EndOffset="1625" SrcFileId="1" StartOffset="1619"/>
</LocList>
</BasicBoolTerm>
<BasicBoolTerm Intrnl_Id="111">
<LocList>
<Loc EndOffset="1635" SrcFileId="1" StartOffset="1629"/>
</LocList>
</BasicBoolTerm>
<LocList>
<Loc EndOffset="1628" SrcFileId="1" StartOffset="1626"/>
</LocList>
</OpTerm>
</RootTerm>
</CondStmnt>
</StmntSeq>
</Branch>
<Branch CovItemId="B12" CovItemPrefix="com.OriginalFiles.RemoteNXTFunctions.java" Implct="false" Intrnl_Id="112">
<Cond>
<Loc EndOffset="2119" SrcFileId="1" StartOffset="2115"/>
</Cond>
<LocList>
<Loc EndOffset="3585" SrcFileId="1" StartOffset="2120"/>
</LocList>
<StmntSeq Intrnl_Id="113">
<LocList>
<Loc EndOffset="3585" SrcFileId="1" StartOffset="2120"/>
</LocList>
<CondStmnt CovItemId="S24" CovItemPrefix="com.OriginalFiles.RemoteNXTFunctions.java" Intrnl_Id="114">
<Branch CovItemId="B19" CovItemPrefix="com.OriginalFiles.RemoteNXTFunctions.java" Implct="false" Intrnl_Id="115">
<Cond/>
<LocList>
<Loc EndOffset="2761" SrcFileId="1" StartOffset="2150"/>
</LocList>
<StmntSeq Intrnl_Id="116">
<LocList>
<Loc EndOffset="2746" SrcFileId="1" StartOffset="2169"/>
</LocList>
<CondStmnt CovItemId="S25" CovItemPrefix="com.OriginalFiles.RemoteNXTFunctions.java" Intrnl_Id="117">
<Branch CovItemId="B21" CovItemPrefix="com.OriginalFiles.RemoteNXTFunctions.java" Implct="false" Intrnl_Id="118">
<Cond/>
<LocList>
<Loc EndOffset="2270" SrcFileId="1" StartOffset="2207"/>
</LocList>
<StmntSeq Intrnl_Id="119">
<LocList>
<Loc EndOffset="2251" SrcFileId="1" StartOffset="2230"/>
</LocList>
<BasicStmnt CovItemId="S26" CovItemPrefix="com.OriginalFiles.RemoteNXTFunctions.java" Intrnl_Id="120">
<LocList>
<Loc EndOffset="2251" SrcFileId="1" StartOffset="2230"/>
</LocList>
</BasicStmnt>
</StmntSeq>
</Branch>
<Branch CovItemId="B22" CovItemPrefix="com.OriginalFiles.RemoteNXTFunctions.java" Implct="false" Intrnl_Id="121">
<Cond>
<Loc EndOffset="2292" SrcFileId="1" StartOffset="2288"/>
</Cond>
<LocList>
<Loc EndOffset="2746" SrcFileId="1" StartOffset="2293"/>
</LocList>
<StmntSeq Intrnl_Id="122">
<LocList>
<Loc EndOffset="2746" SrcFileId="1" StartOffset="2293"/>
</LocList>
<CondStmnt CovItemId="S27" CovItemPrefix="com.OriginalFiles.RemoteNXTFunctions.java" Intrnl_Id="123">
<Branch CovItemId="B23" CovItemPrefix="com.OriginalFiles.RemoteNXTFunctions.java" Implct="false" Intrnl_Id="124">
<Cond/>
<LocList>
<Loc EndOffset="2377" SrcFileId="1" StartOffset="2314"/>
</LocList>
<StmntSeq Intrnl_Id="125">
<LocList>
<Loc EndOffset="2358" SrcFileId="1" StartOffset="2337"/>
</LocList>
<BasicStmnt CovItemId="S28" CovItemPrefix="com.OriginalFiles.RemoteNXTFunctions.java" Intrnl_Id="126">
<LocList>
<Loc EndOffset="2358" SrcFileId="1" StartOffset="2337"/>
</LocList>
</BasicStmnt>
</StmntSeq>
</Branch>
<Branch CovItemId="B24" CovItemPrefix="com.OriginalFiles.RemoteNXTFunctions.java" Implct="false" Intrnl_Id="127">
<Cond>
<Loc EndOffset="2399" SrcFileId="1" StartOffset="2395"/>
</Cond>
<LocList>
<Loc EndOffset="2746" SrcFileId="1" StartOffset="2400"/>
</LocList>
<StmntSeq Intrnl_Id="128">
<LocList>
<Loc EndOffset="2746" SrcFileId="1" StartOffset="2400"/>
</LocList>
<CondStmnt CovItemId="S29" CovItemPrefix="com.OriginalFiles.RemoteNXTFunctions.java" Intrnl_Id="129">
<Branch CovItemId="B25" CovItemPrefix="com.OriginalFiles.RemoteNXTFunctions.java" Implct="false" Intrnl_Id="130">
<Cond/>
<LocList>
<Loc EndOffset="2501" SrcFileId="1" StartOffset="2438"/>
</LocList>
<StmntSeq Intrnl_Id="131">
<LocList>
<Loc EndOffset="2482" SrcFileId="1" StartOffset="2461"/>
</LocList>
<BasicStmnt CovItemId="S30" CovItemPrefix="com.OriginalFiles.RemoteNXTFunctions.java" Intrnl_Id="132">
<LocList>
<Loc EndOffset="2482" SrcFileId="1" StartOffset="2461"/>
</LocList>
</BasicStmnt>
</StmntSeq>
</Branch>
<Branch CovItemId="B26" CovItemPrefix="com.OriginalFiles.RemoteNXTFunctions.java" Implct="false" Intrnl_Id="133">
<Cond>
<Loc EndOffset="2506" SrcFileId="1" StartOffset="2502"/>
</Cond>
<LocList>
<Loc EndOffset="2746" SrcFileId="1" StartOffset="2507"/>
</LocList>
<StmntSeq Intrnl_Id="134">
<LocList>
<Loc EndOffset="2746" SrcFileId="1" StartOffset="2507"/>
</LocList>
<CondStmnt CovItemId="S31" CovItemPrefix="com.OriginalFiles.RemoteNXTFunctions.java" Intrnl_Id="135">
<Branch CovItemId="B27" CovItemPrefix="com.OriginalFiles.RemoteNXTFunctions.java" Implct="false" Intrnl_Id="136">
<Cond/>
<LocList>
<Loc EndOffset="2677" SrcFileId="1" StartOffset="2566"/>
</LocList>
<StmntSeq Intrnl_Id="137">
<LocList>
<Loc EndOffset="2658" SrcFileId="1" StartOffset="2589"/>
</LocList>
<BasicStmnt CovItemId="S32" CovItemPrefix="com.OriginalFiles.RemoteNXTFunctions.java" Intrnl_Id="138">
<LocList>
<Loc EndOffset="2658" SrcFileId="1" StartOffset="2589"/>
</LocList>
</BasicStmnt>
</StmntSeq>
</Branch>
<Branch CovItemId="B28" CovItemPrefix="com.OriginalFiles.RemoteNXTFunctions.java" Implct="false" Intrnl_Id="139">
<Cond>
<Loc EndOffset="2682" SrcFileId="1" StartOffset="2678"/>
</Cond>
<LocList>
<Loc EndOffset="2746" SrcFileId="1" StartOffset="2683"/>
</LocList>
<StmntSeq Intrnl_Id="140">
<LocList>
<Loc EndOffset="2727" SrcFileId="1" StartOffset="2706"/>
</LocList>
<BasicStmnt CovItemId="S33" CovItemPrefix="com.OriginalFiles.RemoteNXTFunctions.java" Intrnl_Id="141">
<LocList>
<Loc EndOffset="2727" SrcFileId="1" StartOffset="2706"/>
</LocList>
</BasicStmnt>
</StmntSeq>
</Branch>
<Keyword EndOffset="2509" SrcFileId="1" StartOffset="2507"/>
<LocList>
<Loc EndOffset="2746" SrcFileId="1" StartOffset="2507"/>
</LocList>
<RootTerm CovItemId="C14" CovItemPrefix="com.OriginalFiles.RemoteNXTFunctions.java" Intrnl_Id="142">
<BasicBoolTerm Intrnl_Id="143">
<LocList>
<Loc EndOffset="2564" SrcFileId="1" StartOffset="2511"/>
</LocList>
</BasicBoolTerm>
</RootTerm>
</CondStmnt>
</StmntSeq>
</Branch>
<Keyword EndOffset="2402" SrcFileId="1" StartOffset="2400"/>
<LocList>
<Loc EndOffset="2746" SrcFileId="1" StartOffset="2400"/>
</LocList>
<RootTerm CovItemId="C13" CovItemPrefix="com.OriginalFiles.RemoteNXTFunctions.java" Intrnl_Id="144">
<OpTerm BooleanOpId="10" Intrnl_Id="145">
<BasicBoolTerm Intrnl_Id="146">
<LocList>
<Loc EndOffset="2409" SrcFileId="1" StartOffset="2403"/>
</LocList>
</BasicBoolTerm>
<BasicBoolTerm Intrnl_Id="147">
<LocList>
<Loc EndOffset="2419" SrcFileId="1" StartOffset="2413"/>
</LocList>
</BasicBoolTerm>
<LocList>
<Loc EndOffset="2412" SrcFileId="1" StartOffset="2410"/>
</LocList>
</OpTerm>
</RootTerm>
</CondStmnt>
</StmntSeq>
</Branch>
<Keyword EndOffset="2295" SrcFileId="1" StartOffset="2293"/>
<LocList>
<Loc EndOffset="2746" SrcFileId="1" StartOffset="2293"/>
</LocList>
<RootTerm CovItemId="C12" CovItemPrefix="com.OriginalFiles.RemoteNXTFunctions.java" Intrnl_Id="148">
<OpTerm BooleanOpId="10" Intrnl_Id="149">
<BasicBoolTerm Intrnl_Id="150">
<LocList>
<Loc EndOffset="2302" SrcFileId="1" StartOffset="2296"/>
</LocList>
</BasicBoolTerm>
<BasicBoolTerm Intrnl_Id="151">
<LocList>
<Loc EndOffset="2312" SrcFileId="1" StartOffset="2306"/>
</LocList>
</BasicBoolTerm>
<LocList>
<Loc EndOffset="2305" SrcFileId="1" StartOffset="2303"/>
</LocList>
</OpTerm>
</RootTerm>
</CondStmnt>
</StmntSeq>
</Branch>
<Keyword EndOffset="2171" SrcFileId="1" StartOffset="2169"/>
<LocList>
<Loc EndOffset="2746" SrcFileId="1" StartOffset="2169"/>
</LocList>
<RootTerm CovItemId="C11" CovItemPrefix="com.OriginalFiles.RemoteNXTFunctions.java" Intrnl_Id="152">
<OpTerm BooleanOpId="10" Intrnl_Id="153">
<BasicBoolTerm Intrnl_Id="154">
<LocList>
<Loc EndOffset="2178" SrcFileId="1" StartOffset="2172"/>
</LocList>
</BasicBoolTerm>
<BasicBoolTerm Intrnl_Id="155">
<LocList>
<Loc EndOffset="2188" SrcFileId="1" StartOffset="2182"/>
</LocList>
</BasicBoolTerm>
<LocList>
<Loc EndOffset="2181" SrcFileId="1" StartOffset="2179"/>
</LocList>
</OpTerm>
</RootTerm>
</CondStmnt>
</StmntSeq>
</Branch>
<Branch CovItemId="B20" CovItemPrefix="com.OriginalFiles.RemoteNXTFunctions.java" Implct="false" Intrnl_Id="156">
<Cond>
<Loc EndOffset="2779" SrcFileId="1" StartOffset="2775"/>
</Cond>
<LocList>
<Loc EndOffset="3585" SrcFileId="1" StartOffset="2780"/>
</LocList>
<StmntSeq Intrnl_Id="157">
<LocList>
<Loc EndOffset="3585" SrcFileId="1" StartOffset="2780"/>
</LocList>
<CondStmnt CovItemId="S34" CovItemPrefix="com.OriginalFiles.RemoteNXTFunctions.java" Intrnl_Id="158">
<Branch CovItemId="B29" CovItemPrefix="com.OriginalFiles.RemoteNXTFunctions.java" Implct="false" Intrnl_Id="159">
<Cond/>
<LocList>
<Loc EndOffset="3173" SrcFileId="1" StartOffset="2810"/>
</LocList>
<StmntSeq Intrnl_Id="160">
<LocList>
<Loc EndOffset="3158" SrcFileId="1" StartOffset="2829"/>
</LocList>
<CondStmnt CovItemId="S35" CovItemPrefix="com.OriginalFiles.RemoteNXTFunctions.java" Intrnl_Id="161">
<Branch CovItemId="B31" CovItemPrefix="com.OriginalFiles.RemoteNXTFunctions.java" Implct="false" Intrnl_Id="162">
<Cond/>
<LocList>
<Loc EndOffset="2913" SrcFileId="1" StartOffset="2850"/>
</LocList>
<StmntSeq Intrnl_Id="163">
<LocList>
<Loc EndOffset="2894" SrcFileId="1" StartOffset="2873"/>
</LocList>
<BasicStmnt CovItemId="S36" CovItemPrefix="com.OriginalFiles.RemoteNXTFunctions.java" Intrnl_Id="164">
<LocList>
<Loc EndOffset="2894" SrcFileId="1" StartOffset="2873"/>
</LocList>
</BasicStmnt>
</StmntSeq>
</Branch>
<Branch CovItemId="B32" CovItemPrefix="com.OriginalFiles.RemoteNXTFunctions.java" Implct="false" Intrnl_Id="165">
<Cond>
<Loc EndOffset="2918" SrcFileId="1" StartOffset="2914"/>
</Cond>
<LocList>
<Loc EndOffset="3158" SrcFileId="1" StartOffset="2919"/>
</LocList>
<StmntSeq Intrnl_Id="166">
<LocList>
<Loc EndOffset="3158" SrcFileId="1" StartOffset="2919"/>
</LocList>
<CondStmnt CovItemId="S37" CovItemPrefix="com.OriginalFiles.RemoteNXTFunctions.java" Intrnl_Id="167">
<Branch CovItemId="B33" CovItemPrefix="com.OriginalFiles.RemoteNXTFunctions.java" Implct="false" Intrnl_Id="168">
<Cond/>
<LocList>
<Loc EndOffset="3089" SrcFileId="1" StartOffset="2978"/>
</LocList>
<StmntSeq Intrnl_Id="169">
<LocList>
<Loc EndOffset="3070" SrcFileId="1" StartOffset="3001"/>
</LocList>
<BasicStmnt CovItemId="S38" CovItemPrefix="com.OriginalFiles.RemoteNXTFunctions.java" Intrnl_Id="170">
<LocList>
<Loc EndOffset="3070" SrcFileId="1" StartOffset="3001"/>
</LocList>
</BasicStmnt>
</StmntSeq>
</Branch>
<Branch CovItemId="B34" CovItemPrefix="com.OriginalFiles.RemoteNXTFunctions.java" Implct="false" Intrnl_Id="171">
<Cond>
<Loc EndOffset="3094" SrcFileId="1" StartOffset="3090"/>
</Cond>
<LocList>
<Loc EndOffset="3158" SrcFileId="1" StartOffset="3095"/>
</LocList>
<StmntSeq Intrnl_Id="172">
<LocList>
<Loc EndOffset="3139" SrcFileId="1" StartOffset="3118"/>
</LocList>
<BasicStmnt CovItemId="S39" CovItemPrefix="com.OriginalFiles.RemoteNXTFunctions.java" Intrnl_Id="173">
<LocList>
<Loc EndOffset="3139" SrcFileId="1" StartOffset="3118"/>
</LocList>
</BasicStmnt>
</StmntSeq>
</Branch>
<Keyword EndOffset="2921" SrcFileId="1" StartOffset="2919"/>
<LocList>
<Loc EndOffset="3158" SrcFileId="1" StartOffset="2919"/>
</LocList>
<RootTerm CovItemId="C17" CovItemPrefix="com.OriginalFiles.RemoteNXTFunctions.java" Intrnl_Id="174">
<BasicBoolTerm Intrnl_Id="175">
<LocList>
<Loc EndOffset="2976" SrcFileId="1" StartOffset="2923"/>
</LocList>
</BasicBoolTerm>
</RootTerm>
</CondStmnt>
</StmntSeq>
</Branch>
<Keyword EndOffset="2831" SrcFileId="1" StartOffset="2829"/>
<LocList>
<Loc EndOffset="3158" SrcFileId="1" StartOffset="2829"/>
</LocList>
<RootTerm CovItemId="C16" CovItemPrefix="com.OriginalFiles.RemoteNXTFunctions.java" Intrnl_Id="176">
<OpTerm BooleanOpId="10" Intrnl_Id="177">
<BasicBoolTerm Intrnl_Id="178">
<LocList>
<Loc EndOffset="2838" SrcFileId="1" StartOffset="2832"/>
</LocList>
</BasicBoolTerm>
<BasicBoolTerm Intrnl_Id="179">
<LocList>
<Loc EndOffset="2848" SrcFileId="1" StartOffset="2842"/>
</LocList>
</BasicBoolTerm>
<LocList>
<Loc EndOffset="2841" SrcFileId="1" StartOffset="2839"/>
</LocList>
</OpTerm>
</RootTerm>
</CondStmnt>
</StmntSeq>
</Branch>
<Branch CovItemId="B30" CovItemPrefix="com.OriginalFiles.RemoteNXTFunctions.java" Implct="false" Intrnl_Id="180">
<Cond>
<Loc EndOffset="3191" SrcFileId="1" StartOffset="3187"/>
</Cond>
<LocList>
<Loc EndOffset="3585" SrcFileId="1" StartOffset="3192"/>
</LocList>
<StmntSeq Intrnl_Id="181">
<LocList>
<Loc EndOffset="3585" SrcFileId="1" StartOffset="3192"/>
</LocList>
<CondStmnt CovItemId="S40" CovItemPrefix="com.OriginalFiles.RemoteNXTFunctions.java" Intrnl_Id="182">
<Branch CovItemId="B35" CovItemPrefix="com.OriginalFiles.RemoteNXTFunctions.java" Implct="false" Intrnl_Id="183">
<Cond/>
<LocList>
<Loc EndOffset="3585" SrcFileId="1" StartOffset="3222"/>
</LocList>
<StmntSeq Intrnl_Id="184">
<LocList>
<Loc EndOffset="3570" SrcFileId="1" StartOffset="3241"/>
</LocList>
<CondStmnt CovItemId="S41" CovItemPrefix="com.OriginalFiles.RemoteNXTFunctions.java" Intrnl_Id="185">
<Branch CovItemId="B37" CovItemPrefix="com.OriginalFiles.RemoteNXTFunctions.java" Implct="false" Intrnl_Id="186">
<Cond/>
<LocList>
<Loc EndOffset="3325" SrcFileId="1" StartOffset="3262"/>
</LocList>
<StmntSeq Intrnl_Id="187">
<LocList>
<Loc EndOffset="3306" SrcFileId="1" StartOffset="3285"/>
</LocList>
<BasicStmnt CovItemId="S42" CovItemPrefix="com.OriginalFiles.RemoteNXTFunctions.java" Intrnl_Id="188">
<LocList>
<Loc EndOffset="3306" SrcFileId="1" StartOffset="3285"/>
</LocList>
</BasicStmnt>
</StmntSeq>
</Branch>
<Branch CovItemId="B38" CovItemPrefix="com.OriginalFiles.RemoteNXTFunctions.java" Implct="false" Intrnl_Id="189">
<Cond>
<Loc EndOffset="3330" SrcFileId="1" StartOffset="3326"/>
</Cond>
<LocList>
<Loc EndOffset="3570" SrcFileId="1" StartOffset="3331"/>
</LocList>
<StmntSeq Intrnl_Id="190">
<LocList>
<Loc EndOffset="3570" SrcFileId="1" StartOffset="3331"/>
</LocList>
<CondStmnt CovItemId="S43" CovItemPrefix="com.OriginalFiles.RemoteNXTFunctions.java" Intrnl_Id="191">
<Branch CovItemId="B39" CovItemPrefix="com.OriginalFiles.RemoteNXTFunctions.java" Implct="false" Intrnl_Id="192">
<Cond/>
<LocList>
<Loc EndOffset="3501" SrcFileId="1" StartOffset="3390"/>
</LocList>
<StmntSeq Intrnl_Id="193">
<LocList>
<Loc EndOffset="3482" SrcFileId="1" StartOffset="3413"/>
</LocList>
<BasicStmnt CovItemId="S44" CovItemPrefix="com.OriginalFiles.RemoteNXTFunctions.java" Intrnl_Id="194">
<LocList>
<Loc EndOffset="3482" SrcFileId="1" StartOffset="3413"/>
</LocList>
</BasicStmnt>
</StmntSeq>
</Branch>
<Branch CovItemId="B40" CovItemPrefix="com.OriginalFiles.RemoteNXTFunctions.java" Implct="false" Intrnl_Id="195">
<Cond>
<Loc EndOffset="3506" SrcFileId="1" StartOffset="3502"/>
</Cond>
<LocList>
<Loc EndOffset="3570" SrcFileId="1" StartOffset="3507"/>
</LocList>
<StmntSeq Intrnl_Id="196">
<LocList>
<Loc EndOffset="3551" SrcFileId="1" StartOffset="3530"/>
</LocList>
<BasicStmnt CovItemId="S45" CovItemPrefix="com.OriginalFiles.RemoteNXTFunctions.java" Intrnl_Id="197">
<LocList>
<Loc EndOffset="3551" SrcFileId="1" StartOffset="3530"/>
</LocList>
</BasicStmnt>
</StmntSeq>
</Branch>
<Keyword EndOffset="3333" SrcFileId="1" StartOffset="3331"/>
<LocList>
<Loc EndOffset="3570" SrcFileId="1" StartOffset="3331"/>
</LocList>
<RootTerm CovItemId="C20" CovItemPrefix="com.OriginalFiles.RemoteNXTFunctions.java" Intrnl_Id="198">
<BasicBoolTerm Intrnl_Id="199">
<LocList>
<Loc EndOffset="3388" SrcFileId="1" StartOffset="3335"/>
</LocList>
</BasicBoolTerm>
</RootTerm>
</CondStmnt>
</StmntSeq>
</Branch>
<Keyword EndOffset="3243" SrcFileId="1" StartOffset="3241"/>
<LocList>
<Loc EndOffset="3570" SrcFileId="1" StartOffset="3241"/>
</LocList>
<RootTerm CovItemId="C19" CovItemPrefix="com.OriginalFiles.RemoteNXTFunctions.java" Intrnl_Id="200">
<OpTerm BooleanOpId="10" Intrnl_Id="201">
<BasicBoolTerm Intrnl_Id="202">
<LocList>
<Loc EndOffset="3250" SrcFileId="1" StartOffset="3244"/>
</LocList>
</BasicBoolTerm>
<BasicBoolTerm Intrnl_Id="203">
<LocList>
<Loc EndOffset="3260" SrcFileId="1" StartOffset="3254"/>
</LocList>
</BasicBoolTerm>
<LocList>
<Loc EndOffset="3253" SrcFileId="1" StartOffset="3251"/>
</LocList>
</OpTerm>
</RootTerm>
</CondStmnt>
</StmntSeq>
</Branch>
<Branch CovItemId="B36" CovItemPrefix="com.OriginalFiles.RemoteNXTFunctions.java" Implct="true" Intrnl_Id="204">
<Cond/>
<LocList/>
<StmntSeq Intrnl_Id="205">
<LocList/>
</StmntSeq>
</Branch>
<Keyword EndOffset="3194" SrcFileId="1" StartOffset="3192"/>
<LocList>
<Loc EndOffset="3585" SrcFileId="1" StartOffset="3192"/>
</LocList>
<RootTerm CovItemId="C18" CovItemPrefix="com.OriginalFiles.RemoteNXTFunctions.java" Intrnl_Id="206">
<BasicBoolTerm Intrnl_Id="207">
<LocList>
<Loc EndOffset="3220" SrcFileId="1" StartOffset="3196"/>
</LocList>
</BasicBoolTerm>
</RootTerm>
</CondStmnt>
</StmntSeq>
</Branch>
<Keyword EndOffset="2782" SrcFileId="1" StartOffset="2780"/>
<LocList>
<Loc EndOffset="3585" SrcFileId="1" StartOffset="2780"/>
</LocList>
<RootTerm CovItemId="C15" CovItemPrefix="com.OriginalFiles.RemoteNXTFunctions.java" Intrnl_Id="208">
<BasicBoolTerm Intrnl_Id="209">
<LocList>
<Loc EndOffset="2808" SrcFileId="1" StartOffset="2784"/>
</LocList>
</BasicBoolTerm>
</RootTerm>
</CondStmnt>
</StmntSeq>
</Branch>
<Keyword EndOffset="2122" SrcFileId="1" StartOffset="2120"/>
<LocList>
<Loc EndOffset="3585" SrcFileId="1" StartOffset="2120"/>
</LocList>
<RootTerm CovItemId="C10" CovItemPrefix="com.OriginalFiles.RemoteNXTFunctions.java" Intrnl_Id="210">
<BasicBoolTerm Intrnl_Id="211">
<LocList>
<Loc EndOffset="2148" SrcFileId="1" StartOffset="2124"/>
</LocList>
</BasicBoolTerm>
</RootTerm>
</CondStmnt>
</StmntSeq>
</Branch>
<Keyword EndOffset="1570" SrcFileId="1" StartOffset="1568"/>
<LocList>
<Loc EndOffset="3585" SrcFileId="1" StartOffset="1568"/>
</LocList>
<RootTerm CovItemId="C6" CovItemPrefix="com.OriginalFiles.RemoteNXTFunctions.java" Intrnl_Id="212">
<BasicBoolTerm Intrnl_Id="213">
<LocList>
<Loc EndOffset="1595" SrcFileId="1" StartOffset="1571"/>
</LocList>
</BasicBoolTerm>
</RootTerm>
</CondStmnt>
</StmntSeq>
</Branch>
<Keyword EndOffset="1001" SrcFileId="1" StartOffset="999"/>
<LocList>
<Loc EndOffset="3596" SrcFileId="1" StartOffset="999"/>
</LocList>
<RootTerm CovItemId="C1" CovItemPrefix="com.OriginalFiles.RemoteNXTFunctions.java" Intrnl_Id="214">
<BasicBoolTerm Intrnl_Id="215">
<LocList>
<Loc EndOffset="1026" SrcFileId="1" StartOffset="1002"/>
</LocList>
</BasicBoolTerm>
</RootTerm>
</CondStmnt>
<BasicStmnt CovItemId="S46" CovItemPrefix="com.OriginalFiles.RemoteNXTFunctions.java" Intrnl_Id="216">
<LocList>
<Loc EndOffset="3630" SrcFileId="1" StartOffset="3616"/>
</LocList>
</BasicStmnt>
</StmntSeq>
</HierarchyLvl>
</HierarchyLvl>
<HierarchyLvl HierarchyLvlId="19" HierarchyLvlTypeId="13" Intrnl_Id="217" Name="Piece">
<Header>
<Loc EndOffset="48" SrcFileId="2" StartOffset="30"/>
</Header>
<LocList>
<Loc EndOffset="3411" SrcFileId="2" StartOffset="30"/>
</LocList>
<StmntSeq Intrnl_Id="218">
<LocList>
<Loc EndOffset="83" SrcFileId="2" StartOffset="56"/>
<Loc EndOffset="147" SrcFileId="2" StartOffset="113"/>
<Loc EndOffset="184" SrcFileId="2" StartOffset="153"/>
<Loc EndOffset="223" SrcFileId="2" StartOffset="190"/>
<Loc EndOffset="261" SrcFileId="2" StartOffset="229"/>
<Loc EndOffset="303" SrcFileId="2" StartOffset="267"/>
<Loc EndOffset="341" SrcFileId="2" StartOffset="309"/>
<Loc EndOffset="379" SrcFileId="2" StartOffset="347"/>
<Loc EndOffset="457" SrcFileId="2" StartOffset="421"/>
<Loc EndOffset="497" SrcFileId="2" StartOffset="463"/>
<Loc EndOffset="536" SrcFileId="2" StartOffset="503"/>
<Loc EndOffset="578" SrcFileId="2" StartOffset="542"/>
<Loc EndOffset="617" SrcFileId="2" StartOffset="584"/>
</LocList>
<BasicStmnt CovItemId="S1" CovItemPrefix="com.OriginalFiles.Piece.java" Intrnl_Id="219">
<LocList>
<Loc EndOffset="83" SrcFileId="2" StartOffset="56"/>
</LocList>
</BasicStmnt>
<BasicStmnt CovItemId="S2" CovItemPrefix="com.OriginalFiles.Piece.java" Intrnl_Id="220">
<LocList>
<Loc EndOffset="147" SrcFileId="2" StartOffset="113"/>
</LocList>
</BasicStmnt>
<BasicStmnt CovItemId="S3" CovItemPrefix="com.OriginalFiles.Piece.java" Intrnl_Id="221">
<LocList>
<Loc EndOffset="184" SrcFileId="2" StartOffset="153"/>
</LocList>
</BasicStmnt>
<BasicStmnt CovItemId="S4" CovItemPrefix="com.OriginalFiles.Piece.java" Intrnl_Id="222">
<LocList>
<Loc EndOffset="223" SrcFileId="2" StartOffset="190"/>
</LocList>
</BasicStmnt>
<BasicStmnt CovItemId="S5" CovItemPrefix="com.OriginalFiles.Piece.java" Intrnl_Id="223">
<LocList>
<Loc EndOffset="261" SrcFileId="2" StartOffset="229"/>
</LocList>
</BasicStmnt>
<BasicStmnt CovItemId="S6" CovItemPrefix="com.OriginalFiles.Piece.java" Intrnl_Id="224">
<LocList>
<Loc EndOffset="303" SrcFileId="2" StartOffset="267"/>
</LocList>
</BasicStmnt>
<BasicStmnt CovItemId="S7" CovItemPrefix="com.OriginalFiles.Piece.java" Intrnl_Id="225">
<LocList>
<Loc EndOffset="341" SrcFileId="2" StartOffset="309"/>
</LocList>
</BasicStmnt>
<BasicStmnt CovItemId="S8" CovItemPrefix="com.OriginalFiles.Piece.java" Intrnl_Id="226">
<LocList>
<Loc EndOffset="379" SrcFileId="2" StartOffset="347"/>
</LocList>
</BasicStmnt>
<BasicStmnt CovItemId="S9" CovItemPrefix="com.OriginalFiles.Piece.java" Intrnl_Id="227">
<LocList>
<Loc EndOffset="457" SrcFileId="2" StartOffset="421"/>
</LocList>
</BasicStmnt>
<BasicStmnt CovItemId="S10" CovItemPrefix="com.OriginalFiles.Piece.java" Intrnl_Id="228">
<LocList>
<Loc EndOffset="497" SrcFileId="2" StartOffset="463"/>
</LocList>
</BasicStmnt>
<BasicStmnt CovItemId="S11" CovItemPrefix="com.OriginalFiles.Piece.java" Intrnl_Id="229">
<LocList>
<Loc EndOffset="536" SrcFileId="2" StartOffset="503"/>
</LocList>
</BasicStmnt>
<BasicStmnt CovItemId="S12" CovItemPrefix="com.OriginalFiles.Piece.java" Intrnl_Id="230">
<LocList>
<Loc EndOffset="578" SrcFileId="2" StartOffset="542"/>
</LocList>
</BasicStmnt>
<BasicStmnt CovItemId="S13" CovItemPrefix="com.OriginalFiles.Piece.java" Intrnl_Id="231">
<LocList>
<Loc EndOffset="617" SrcFileId="2" StartOffset="584"/>
</LocList>
</BasicStmnt>
</StmntSeq>
<HierarchyLvl HierarchyLvlId="9" HierarchyLvlTypeId="14" Intrnl_Id="232" Name="Piece">
<Header>
<Loc EndOffset="650" SrcFileId="2" StartOffset="625"/>
</Header>
<LocList>
<Loc EndOffset="691" SrcFileId="2" StartOffset="625"/>
</LocList>
<StmntSeq Intrnl_Id="233">
<LocList>
<Loc EndOffset="684" SrcFileId="2" StartOffset="662"/>
</LocList>
<BasicStmnt CovItemId="S14" CovItemPrefix="com.OriginalFiles.Piece.java" Intrnl_Id="234">
<LocList>
<Loc EndOffset="684" SrcFileId="2" StartOffset="662"/>
</LocList>
</BasicStmnt>
</StmntSeq>
</HierarchyLvl>
<HierarchyLvl HierarchyLvlId="10" HierarchyLvlTypeId="14" Intrnl_Id="235" Name="getY">
<Header>
<Loc EndOffset="722" SrcFileId="2" StartOffset="699"/>
</Header>
<LocList>
<Loc EndOffset="750" SrcFileId="2" StartOffset="699"/>
</LocList>
<StmntSeq Intrnl_Id="236">
<LocList>
<Loc EndOffset="743" SrcFileId="2" StartOffset="734"/>
</LocList>
<BasicStmnt CovItemId="S15" CovItemPrefix="com.OriginalFiles.Piece.java" Intrnl_Id="237">
<LocList>
<Loc EndOffset="743" SrcFileId="2" StartOffset="734"/>
</LocList>
</BasicStmnt>
</StmntSeq>
</HierarchyLvl>
<HierarchyLvl HierarchyLvlId="11" HierarchyLvlTypeId="14" Intrnl_Id="238" Name="getX">
<Header>
<Loc EndOffset="781" SrcFileId="2" StartOffset="758"/>
</Header>
<LocList>
<Loc EndOffset="809" SrcFileId="2" StartOffset="758"/>
</LocList>
<StmntSeq Intrnl_Id="239">
<LocList>
<Loc EndOffset="802" SrcFileId="2" StartOffset="793"/>
</LocList>
<BasicStmnt CovItemId="S16" CovItemPrefix="com.OriginalFiles.Piece.java" Intrnl_Id="240">
<LocList>
<Loc EndOffset="802" SrcFileId="2" StartOffset="793"/>
</LocList>
</BasicStmnt>
</StmntSeq>
</HierarchyLvl>
<HierarchyLvl HierarchyLvlId="12" HierarchyLvlTypeId="14" Intrnl_Id="241" Name="setXY">
<Header>
<Loc EndOffset="864" SrcFileId="2" StartOffset="817"/>
</Header>
<LocList>
<Loc EndOffset="946" SrcFileId="2" StartOffset="817"/>
</LocList>
<StmntSeq Intrnl_Id="242">
<LocList>
<Loc EndOffset="887" SrcFileId="2" StartOffset="876"/>
<Loc EndOffset="908" SrcFileId="2" StartOffset="897"/>
<Loc EndOffset="939" SrcFileId="2" StartOffset="918"/>
</LocList>
<BasicStmnt CovItemId="S17" CovItemPrefix="com.OriginalFiles.Piece.java" Intrnl_Id="243">
<LocList>
<Loc EndOffset="887" SrcFileId="2" StartOffset="876"/>
</LocList>
</BasicStmnt>
<BasicStmnt CovItemId="S18" CovItemPrefix="com.OriginalFiles.Piece.java" Intrnl_Id="244">
<LocList>
<Loc EndOffset="908" SrcFileId="2" StartOffset="897"/>
</LocList>
</BasicStmnt>
<BasicStmnt CovItemId="S19" CovItemPrefix="com.OriginalFiles.Piece.java" Intrnl_Id="245">
<LocList>
<Loc EndOffset="939" SrcFileId="2" StartOffset="918"/>
</LocList>
</BasicStmnt>
</StmntSeq>
</HierarchyLvl>
<HierarchyLvl HierarchyLvlId="13" HierarchyLvlTypeId="14" Intrnl_Id="246" Name="isOnBoard">
<Header>
<Loc EndOffset="981" SrcFileId="2" StartOffset="954"/>
</Header>
<LocList>
<Loc EndOffset="1151" SrcFileId="2" StartOffset="954"/>
</LocList>
<StmntSeq Intrnl_Id="247">
<LocList>
<Loc EndOffset="1144" SrcFileId="2" StartOffset="993"/>
</LocList>
<CondStmnt CovItemId="S20" CovItemPrefix="com.OriginalFiles.Piece.java" Intrnl_Id="248">
<Branch CovItemId="B1" CovItemPrefix="com.OriginalFiles.Piece.java" Implct="false" Intrnl_Id="249">
<Cond/>
<LocList>
<Loc EndOffset="1068" SrcFileId="2" StartOffset="1030"/>
</LocList>
<StmntSeq Intrnl_Id="250">
<LocList>
<Loc EndOffset="1057" SrcFileId="2" StartOffset="1045"/>
</LocList>
<BasicStmnt CovItemId="S21" CovItemPrefix="com.OriginalFiles.Piece.java" Intrnl_Id="251">
<LocList>
<Loc EndOffset="1057" SrcFileId="2" StartOffset="1045"/>
</LocList>
</BasicStmnt>
</StmntSeq>
</Branch>
<Branch CovItemId="B2" CovItemPrefix="com.OriginalFiles.Piece.java" Implct="false" Intrnl_Id="252">
<Cond>
<Loc EndOffset="1073" SrcFileId="2" StartOffset="1069"/>
</Cond>
<LocList>
<Loc EndOffset="1144" SrcFileId="2" StartOffset="1074"/>
</LocList>
<StmntSeq Intrnl_Id="253">
<LocList>
<Loc EndOffset="1106" SrcFileId="2" StartOffset="1089"/>
<Loc EndOffset="1133" SrcFileId="2" StartOffset="1120"/>
</LocList>
<BasicStmnt CovItemId="S22" CovItemPrefix="com.OriginalFiles.Piece.java" Intrnl_Id="254">
<LocList>
<Loc EndOffset="1106" SrcFileId="2" StartOffset="1089"/>
</LocList>
</BasicStmnt>
<BasicStmnt CovItemId="S23" CovItemPrefix="com.OriginalFiles.Piece.java" Intrnl_Id="255">
<LocList>
<Loc EndOffset="1133" SrcFileId="2" StartOffset="1120"/>
</LocList>
</BasicStmnt>
</StmntSeq>
</Branch>
<Keyword EndOffset="995" SrcFileId="2" StartOffset="993"/>
<LocList>
<Loc EndOffset="1144" SrcFileId="2" StartOffset="993"/>
</LocList>
<RootTerm CovItemId="C1" CovItemPrefix="com.OriginalFiles.Piece.java" Intrnl_Id="256">
<BasicBoolTerm Intrnl_Id="257">
<LocList>
<Loc EndOffset="1028" SrcFileId="2" StartOffset="997"/>
</LocList>
</BasicBoolTerm>
</RootTerm>
</CondStmnt>
</StmntSeq>
</HierarchyLvl>
<HierarchyLvl HierarchyLvlId="14" HierarchyLvlTypeId="14" Intrnl_Id="258" Name="priceForPiece">
<Header>
<Loc EndOffset="1207" SrcFileId="2" StartOffset="1159"/>
</Header>
<LocList>
<Loc EndOffset="1373" SrcFileId="2" StartOffset="1159"/>
</LocList>
<StmntSeq Intrnl_Id="259">
<LocList>
<Loc EndOffset="1336" SrcFileId="2" StartOffset="1219"/>
<Loc EndOffset="1366" SrcFileId="2" StartOffset="1346"/>
</LocList>
<CondStmnt CovItemId="S24" CovItemPrefix="com.OriginalFiles.Piece.java" Intrnl_Id="260">
<Branch CovItemId="B3" CovItemPrefix="com.OriginalFiles.Piece.java" Implct="false" Intrnl_Id="261">
<Cond/>
<LocList>
<Loc EndOffset="1336" SrcFileId="2" StartOffset="1283"/>
</LocList>
<StmntSeq Intrnl_Id="262">
<LocList>
<Loc EndOffset="1325" SrcFileId="2" StartOffset="1302"/>
</LocList>
<BasicStmnt CovItemId="S25" CovItemPrefix="com.OriginalFiles.Piece.java" Intrnl_Id="263">
<LocList>
<Loc EndOffset="1325" SrcFileId="2" StartOffset="1302"/>
</LocList>
</BasicStmnt>
</StmntSeq>
</Branch>
<Branch CovItemId="B4" CovItemPrefix="com.OriginalFiles.Piece.java" Implct="true" Intrnl_Id="264">
<Cond/>
<LocList/>
<StmntSeq Intrnl_Id="265">
<LocList/>
</StmntSeq>
</Branch>
<Keyword EndOffset="1221" SrcFileId="2" StartOffset="1219"/>
<LocList>
<Loc EndOffset="1336" SrcFileId="2" StartOffset="1219"/>
</LocList>
<RootTerm CovItemId="C2" CovItemPrefix="com.OriginalFiles.Piece.java" Intrnl_Id="266">
<OpTerm BooleanOpId="11" Intrnl_Id="267">
<BasicBoolTerm Intrnl_Id="268">
<LocList>
<Loc EndOffset="1255" SrcFileId="2" StartOffset="1223"/>
</LocList>
</BasicBoolTerm>
<BasicBoolTerm Intrnl_Id="269">
<LocList>
<Loc EndOffset="1281" SrcFileId="2" StartOffset="1259"/>
</LocList>
</BasicBoolTerm>
<LocList>
<Loc EndOffset="1258" SrcFileId="2" StartOffset="1256"/>
</LocList>
</OpTerm>
</RootTerm>
</CondStmnt>
<BasicStmnt CovItemId="S26" CovItemPrefix="com.OriginalFiles.Piece.java" Intrnl_Id="270">
<LocList>
<Loc EndOffset="1366" SrcFileId="2" StartOffset="1346"/>
</LocList>
</BasicStmnt>
</StmntSeq>
</HierarchyLvl>
<HierarchyLvl HierarchyLvlId="15" HierarchyLvlTypeId="14" Intrnl_Id="271" Name="min">
<Header>
<Loc EndOffset="1410" SrcFileId="2" StartOffset="1381"/>
</Header>
<LocList>
<Loc EndOffset="1494" SrcFileId="2" StartOffset="1381"/>
</LocList>
<StmntSeq Intrnl_Id="272">
<LocList>
<Loc EndOffset="1468" SrcFileId="2" StartOffset="1422"/>
<Loc EndOffset="1487" SrcFileId="2" StartOffset="1478"/>
</LocList>
<CondStmnt CovItemId="S27" CovItemPrefix="com.OriginalFiles.Piece.java" Intrnl_Id="273">
<Branch CovItemId="B5" CovItemPrefix="com.OriginalFiles.Piece.java" Implct="false" Intrnl_Id="274">
<Cond/>
<LocList>
<Loc EndOffset="1468" SrcFileId="2" StartOffset="1433"/>
</LocList>
<StmntSeq Intrnl_Id="275">
<LocList>
<Loc EndOffset="1457" SrcFileId="2" StartOffset="1448"/>
</LocList>
<BasicStmnt CovItemId="S28" CovItemPrefix="com.OriginalFiles.Piece.java" Intrnl_Id="276">
<LocList>
<Loc EndOffset="1457" SrcFileId="2" StartOffset="1448"/>
</LocList>
</BasicStmnt>
</StmntSeq>
</Branch>
<Branch CovItemId="B6" CovItemPrefix="com.OriginalFiles.Piece.java" Implct="true" Intrnl_Id="277">
<Cond/>
<LocList/>
<StmntSeq Intrnl_Id="278">
<LocList/>
</StmntSeq>
</Branch>
<Keyword EndOffset="1424" SrcFileId="2" StartOffset="1422"/>
<LocList>
<Loc EndOffset="1468" SrcFileId="2" StartOffset="1422"/>
</LocList>
<RootTerm CovItemId="C3" CovItemPrefix="com.OriginalFiles.Piece.java" Intrnl_Id="279">
<BasicBoolTerm Intrnl_Id="280">
<LocList>
<Loc EndOffset="1431" SrcFileId="2" StartOffset="1426"/>
</LocList>
</BasicBoolTerm>
</RootTerm>
</CondStmnt>
<BasicStmnt CovItemId="S29" CovItemPrefix="com.OriginalFiles.Piece.java" Intrnl_Id="281">
<LocList>
<Loc EndOffset="1487" SrcFileId="2" StartOffset="1478"/>
</LocList>
</BasicStmnt>
</StmntSeq>
</HierarchyLvl>
<HierarchyLvl HierarchyLvlId="16" HierarchyLvlTypeId="14" Intrnl_Id="282" Name="updatePriceMidgame">
<Header>
<Loc EndOffset="1535" SrcFileId="2" StartOffset="1502"/>
</Header>
<LocList>
<Loc EndOffset="1577" SrcFileId="2" StartOffset="1502"/>
</LocList>
<StmntSeq Intrnl_Id="283">
<LocList>
<Loc EndOffset="1570" SrcFileId="2" StartOffset="1547"/>
</LocList>
<BasicStmnt CovItemId="S30" CovItemPrefix="com.OriginalFiles.Piece.java" Intrnl_Id="284">
<LocList>
<Loc EndOffset="1570" SrcFileId="2" StartOffset="1547"/>
</LocList>
</BasicStmnt>
</StmntSeq>
</HierarchyLvl>
<HierarchyLvl HierarchyLvlId="17" HierarchyLvlTypeId="14" Intrnl_Id="285" Name="updatePrice">
<Header>
<Loc EndOffset="1624" SrcFileId="2" StartOffset="1585"/>
</Header>
<LocList>
<Loc EndOffset="2616" SrcFileId="2" StartOffset="1585"/>
</LocList>
<StmntSeq Intrnl_Id="286">
<LocList>
<Loc EndOffset="2609" SrcFileId="2" StartOffset="1636"/>
</LocList>
<CondStmnt CovItemId="S31" CovItemPrefix="com.OriginalFiles.Piece.java" Intrnl_Id="287">
<Branch CovItemId="B7" CovItemPrefix="com.OriginalFiles.Piece.java" Implct="false" Intrnl_Id="288">
<Cond/>
<LocList>
<Loc EndOffset="2609" SrcFileId="2" StartOffset="1653"/>
</LocList>
<StmntSeq Intrnl_Id="289">
<LocList>
<Loc EndOffset="1700" SrcFileId="2" StartOffset="1668"/>
<Loc EndOffset="1745" SrcFileId="2" StartOffset="1714"/>
<Loc EndOffset="1913" SrcFileId="2" StartOffset="1759"/>
<Loc EndOffset="2032" SrcFileId="2" StartOffset="1927"/>
<Loc EndOffset="2469" SrcFileId="2" StartOffset="2048"/>
<Loc EndOffset="2557" SrcFileId="2" StartOffset="2483"/>
<Loc EndOffset="2598" SrcFileId="2" StartOffset="2571"/>
</LocList>
<BasicStmnt CovItemId="S32" CovItemPrefix="com.OriginalFiles.Piece.java" Intrnl_Id="290">
<LocList>
<Loc EndOffset="1700" SrcFileId="2" StartOffset="1668"/>
</LocList>
</BasicStmnt>
<BasicStmnt CovItemId="S33" CovItemPrefix="com.OriginalFiles.Piece.java" Intrnl_Id="291">
<LocList>
<Loc EndOffset="1745" SrcFileId="2" StartOffset="1714"/>
</LocList>
</BasicStmnt>
<CondStmnt CovItemId="S34" CovItemPrefix="com.OriginalFiles.Piece.java" Intrnl_Id="292">
<Branch CovItemId="B9" CovItemPrefix="com.OriginalFiles.Piece.java" Implct="false" Intrnl_Id="293">
<Cond/>
<LocList>
<Loc EndOffset="1913" SrcFileId="2" StartOffset="1787"/>
</LocList>
<StmntSeq Intrnl_Id="294">
<LocList>
<Loc EndOffset="1898" SrcFileId="2" StartOffset="1806"/>
</LocList>
<BasicStmnt CovItemId="S35" CovItemPrefix="com.OriginalFiles.Piece.java" Intrnl_Id="295">
<LocList>
<Loc EndOffset="1898" SrcFileId="2" StartOffset="1806"/>
</LocList>
</BasicStmnt>
</StmntSeq>
</Branch>
<Branch CovItemId="B10" CovItemPrefix="com.OriginalFiles.Piece.java" Implct="true" Intrnl_Id="296">
<Cond/>
<LocList/>
<StmntSeq Intrnl_Id="297">
<LocList/>
</StmntSeq>
</Branch>
<Keyword EndOffset="1761" SrcFileId="2" StartOffset="1759"/>
<LocList>
<Loc EndOffset="1913" SrcFileId="2" StartOffset="1759"/>
</LocList>
<RootTerm CovItemId="C5" CovItemPrefix="com.OriginalFiles.Piece.java" Intrnl_Id="298">
<BasicBoolTerm Intrnl_Id="299">
<LocList>
<Loc EndOffset="1785" SrcFileId="2" StartOffset="1763"/>
</LocList>
</BasicBoolTerm>
</RootTerm>
</CondStmnt>
<CondStmnt CovItemId="S36" CovItemPrefix="com.OriginalFiles.Piece.java" Intrnl_Id="300">
<Branch CovItemId="B11" CovItemPrefix="com.OriginalFiles.Piece.java" Implct="false" Intrnl_Id="301">
<Cond/>
<LocList>
<Loc EndOffset="2032" SrcFileId="2" StartOffset="1955"/>
</LocList>
<StmntSeq Intrnl_Id="302">
<LocList>
<Loc EndOffset="2017" SrcFileId="2" StartOffset="1974"/>
</LocList>
<BasicStmnt CovItemId="S37" CovItemPrefix="com.OriginalFiles.Piece.java" Intrnl_Id="303">
<LocList>
<Loc EndOffset="2017" SrcFileId="2" StartOffset="1974"/>
</LocList>
</BasicStmnt>
</StmntSeq>
</Branch>
<Branch CovItemId="B12" CovItemPrefix="com.OriginalFiles.Piece.java" Implct="true" Intrnl_Id="304">
<Cond/>
<LocList/>
<StmntSeq Intrnl_Id="305">
<LocList/>
</StmntSeq>
</Branch>
<Keyword EndOffset="1929" SrcFileId="2" StartOffset="1927"/>
<LocList>
<Loc EndOffset="2032" SrcFileId="2" StartOffset="1927"/>
</LocList>
<RootTerm CovItemId="C6" CovItemPrefix="com.OriginalFiles.Piece.java" Intrnl_Id="306">
<BasicBoolTerm Intrnl_Id="307">
<LocList>
<Loc EndOffset="1953" SrcFileId="2" StartOffset="1931"/>
</LocList>
</BasicBoolTerm>
</RootTerm>
</CondStmnt>
<CondStmnt CovItemId="S38" CovItemPrefix="com.OriginalFiles.Piece.java" Intrnl_Id="308">
<Branch CovItemId="B13" CovItemPrefix="com.OriginalFiles.Piece.java" Implct="false" Intrnl_Id="309">
<Cond/>
<LocList>
<Loc EndOffset="2469" SrcFileId="2" StartOffset="2281"/>
</LocList>
<StmntSeq Intrnl_Id="310">
<LocList>
<Loc EndOffset="2403" SrcFileId="2" StartOffset="2300"/>
<Loc EndOffset="2454" SrcFileId="2" StartOffset="2421"/>
</LocList>
<CondStmnt CovItemId="S39" CovItemPrefix="com.OriginalFiles.Piece.java" Intrnl_Id="311">
<Branch CovItemId="B15" CovItemPrefix="com.OriginalFiles.Piece.java" Implct="false" Intrnl_Id="312">
<Cond/>
<LocList>
<Loc EndOffset="2403" SrcFileId="2" StartOffset="2328"/>
</LocList>
<StmntSeq Intrnl_Id="313">
<LocList>
<Loc EndOffset="2384" SrcFileId="2" StartOffset="2351"/>
</LocList>
<BasicStmnt CovItemId="S40" CovItemPrefix="com.OriginalFiles.Piece.java" Intrnl_Id="314">
<LocList>
<Loc EndOffset="2384" SrcFileId="2" StartOffset="2351"/>
</LocList>
</BasicStmnt>
</StmntSeq>
</Branch>
<Branch CovItemId="B16" CovItemPrefix="com.OriginalFiles.Piece.java" Implct="true" Intrnl_Id="315">
<Cond/>
<LocList/>
<StmntSeq Intrnl_Id="316">
<LocList/>
</StmntSeq>
</Branch>
<Keyword EndOffset="2302" SrcFileId="2" StartOffset="2300"/>
<LocList>
<Loc EndOffset="2403" SrcFileId="2" StartOffset="2300"/>
</LocList>
<RootTerm CovItemId="C8" CovItemPrefix="com.OriginalFiles.Piece.java" Intrnl_Id="317">
<BasicBoolTerm Intrnl_Id="318">
<LocList>
<Loc EndOffset="2326" SrcFileId="2" StartOffset="2304"/>
</LocList>
</BasicBoolTerm>
</RootTerm>
</CondStmnt>
<BasicStmnt CovItemId="S41" CovItemPrefix="com.OriginalFiles.Piece.java" Intrnl_Id="319">
<LocList>
<Loc EndOffset="2454" SrcFileId="2" StartOffset="2421"/>
</LocList>
</BasicStmnt>
</StmntSeq>
</Branch>
<Branch CovItemId="B14" CovItemPrefix="com.OriginalFiles.Piece.java" Implct="true" Intrnl_Id="320">
<Cond/>
<LocList/>
<StmntSeq Intrnl_Id="321">
<LocList/>
</StmntSeq>
</Branch>
<Keyword EndOffset="2050" SrcFileId="2" StartOffset="2048"/>
<LocList>
<Loc EndOffset="2469" SrcFileId="2" StartOffset="2048"/>
</LocList>
<RootTerm CovItemId="C7" CovItemPrefix="com.OriginalFiles.Piece.java" Intrnl_Id="322">
<OpTerm BooleanOpId="10" Intrnl_Id="323">
<OpTerm BooleanOpId="9" Intrnl_Id="324">
<BasicBoolTerm Intrnl_Id="325">
<LocList>
<Loc EndOffset="2062" SrcFileId="2" StartOffset="2053"/>
</LocList>
</BasicBoolTerm>
<LocList>
<Loc EndOffset="2053" SrcFileId="2" StartOffset="2052"/>
</LocList>
</OpTerm>
<OpTerm BooleanOpId="11" Intrnl_Id="326">
<OpTerm BooleanOpId="10" Intrnl_Id="327">
<BasicBoolTerm Intrnl_Id="328">
<LocList>
<Loc EndOffset="2130" SrcFileId="2" StartOffset="2089"/>
</LocList>
</BasicBoolTerm>
<BasicBoolTerm Intrnl_Id="329">
<LocList>
<Loc EndOffset="2169" SrcFileId="2" StartOffset="2163"/>
</LocList>
</BasicBoolTerm>
<LocList>
<Loc EndOffset="2162" SrcFileId="2" StartOffset="2160"/>
</LocList>
</OpTerm>
<OpTerm BooleanOpId="10" Intrnl_Id="330">
<BasicBoolTerm Intrnl_Id="331">
<LocList>
<Loc EndOffset="2238" SrcFileId="2" StartOffset="2196"/>
</LocList>
</BasicBoolTerm>
<BasicBoolTerm Intrnl_Id="332">
<LocList>
<Loc EndOffset="2277" SrcFileId="2" StartOffset="2271"/>
</LocList>
</BasicBoolTerm>
<LocList>
<Loc EndOffset="2270" SrcFileId="2" StartOffset="2268"/>
</LocList>
</OpTerm>
<LocList>
<Loc EndOffset="2194" SrcFileId="2" StartOffset="2192"/>
</LocList>
</OpTerm>
<LocList>
<Loc EndOffset="2086" SrcFileId="2" StartOffset="2084"/>
</LocList>
</OpTerm>
</RootTerm>
</CondStmnt>
<CondStmnt CovItemId="S42" CovItemPrefix="com.OriginalFiles.Piece.java" Intrnl_Id="333">
<Branch CovItemId="B17" CovItemPrefix="com.OriginalFiles.Piece.java" Implct="false" Intrnl_Id="334">
<Cond/>
<LocList>
<Loc EndOffset="2557" SrcFileId="2" StartOffset="2498"/>
</LocList>
<StmntSeq Intrnl_Id="335">
<LocList>
<Loc EndOffset="2542" SrcFileId="2" StartOffset="2517"/>
</LocList>
<BasicStmnt CovItemId="S43" CovItemPrefix="com.OriginalFiles.Piece.java" Intrnl_Id="336">
<LocList>
<Loc EndOffset="2542" SrcFileId="2" StartOffset="2517"/>
</LocList>
</BasicStmnt>
</StmntSeq>
</Branch>
<Branch CovItemId="B18" CovItemPrefix="com.OriginalFiles.Piece.java" Implct="true" Intrnl_Id="337">
<Cond/>
<LocList/>
<StmntSeq Intrnl_Id="338">
<LocList/>
</StmntSeq>
</Branch>
<Keyword EndOffset="2485" SrcFileId="2" StartOffset="2483"/>
<LocList>
<Loc EndOffset="2557" SrcFileId="2" StartOffset="2483"/>
</LocList>
<RootTerm CovItemId="C9" CovItemPrefix="com.OriginalFiles.Piece.java" Intrnl_Id="339">
<BasicBoolTerm Intrnl_Id="340">
<LocList>
<Loc EndOffset="2496" SrcFileId="2" StartOffset="2487"/>
</LocList>
</BasicBoolTerm>
</RootTerm>
</CondStmnt>
<BasicStmnt CovItemId="S44" CovItemPrefix="com.OriginalFiles.Piece.java" Intrnl_Id="341">
<LocList>
<Loc EndOffset="2598" SrcFileId="2" StartOffset="2571"/>
</LocList>
</BasicStmnt>
</StmntSeq>
</Branch>
<Branch CovItemId="B8" CovItemPrefix="com.OriginalFiles.Piece.java" Implct="true" Intrnl_Id="342">
<Cond/>
<LocList/>
<StmntSeq Intrnl_Id="343">
<LocList/>
</StmntSeq>
</Branch>
<Keyword EndOffset="1638" SrcFileId="2" StartOffset="1636"/>
<LocList>
<Loc EndOffset="2609" SrcFileId="2" StartOffset="1636"/>
</LocList>
<RootTerm CovItemId="C4" CovItemPrefix="com.OriginalFiles.Piece.java" Intrnl_Id="344">
<BasicBoolTerm Intrnl_Id="345">
<LocList>
<Loc EndOffset="1651" SrcFileId="2" StartOffset="1640"/>
</LocList>
</BasicBoolTerm>
</RootTerm>
</CondStmnt>
</StmntSeq>
</HierarchyLvl>
<HierarchyLvl HierarchyLvlId="18" HierarchyLvlTypeId="14" Intrnl_Id="346" Name="closestPiece">
<Header>
<Loc EndOffset="2650" SrcFileId="2" StartOffset="2624"/>
</Header>
<LocList>
<Loc EndOffset="3408" SrcFileId="2" StartOffset="2624"/>
</LocList>
<StmntSeq Intrnl_Id="347">
<LocList>
<Loc EndOffset="2684" SrcFileId="2" StartOffset="2662"/>
<Loc EndOffset="2711" SrcFileId="2" StartOffset="2694"/>
<Loc EndOffset="3375" SrcFileId="2" StartOffset="2721"/>
<Loc EndOffset="3401" SrcFileId="2" StartOffset="3385"/>
</LocList>
<BasicStmnt CovItemId="S45" CovItemPrefix="com.OriginalFiles.Piece.java" Intrnl_Id="348">
<LocList>
<Loc EndOffset="2684" SrcFileId="2" StartOffset="2662"/>
</LocList>
</BasicStmnt>
<BasicStmnt CovItemId="S46" CovItemPrefix="com.OriginalFiles.Piece.java" Intrnl_Id="349">
<LocList>
<Loc EndOffset="2711" SrcFileId="2" StartOffset="2694"/>
</LocList>
</BasicStmnt>
<LoopStmnt CovItemId="S47" CovItemPrefix="com.OriginalFiles.Piece.java" Intrnl_Id="350" MltplExecId="L1-2" MltplExecPrefix="com.OriginalFiles.Piece.java" NvrExecId="L1-0" NvrExecPrefix="com.OriginalFiles.Piece.java" OnceExecutedId="L1-1" OnceExecutedPrefix="com.OriginalFiles.Piece.java" OptBodyExec="true">
<StmntSeq Intrnl_Id="351">
<LocList>
<Loc EndOffset="2781" SrcFileId="2" StartOffset="2767"/>
<Loc EndOffset="3364" SrcFileId="2" StartOffset="2795"/>
</LocList>
<BasicStmnt CovItemId="S48" CovItemPrefix="com.OriginalFiles.Piece.java" Intrnl_Id="352">
<LocList>
<Loc EndOffset="2781" SrcFileId="2" StartOffset="2767"/>
</LocList>
</BasicStmnt>
<LoopStmnt CovItemId="S49" CovItemPrefix="com.OriginalFiles.Piece.java" Intrnl_Id="353" MltplExecId="L2-2" MltplExecPrefix="com.OriginalFiles.Piece.java" NvrExecId="L2-0" NvrExecPrefix="com.OriginalFiles.Piece.java" OnceExecutedId="L2-1" OnceExecutedPrefix="com.OriginalFiles.Piece.java" OptBodyExec="true">
<StmntSeq Intrnl_Id="354">
<LocList>
<Loc EndOffset="3349" SrcFileId="2" StartOffset="2872"/>
</LocList>
<LoopStmnt CovItemId="S50" CovItemPrefix="com.OriginalFiles.Piece.java" Intrnl_Id="355" MltplExecId="L3-2" MltplExecPrefix="com.OriginalFiles.Piece.java" NvrExecId="L3-0" NvrExecPrefix="com.OriginalFiles.Piece.java" OnceExecutedId="L3-1" OnceExecutedPrefix="com.OriginalFiles.Piece.java" OptBodyExec="true">
<StmntSeq Intrnl_Id="356">
<LocList>
<Loc EndOffset="3330" SrcFileId="2" StartOffset="2942"/>
</LocList>
<CondStmnt CovItemId="S51" CovItemPrefix="com.OriginalFiles.Piece.java" Intrnl_Id="357">
<Branch CovItemId="B19" CovItemPrefix="com.OriginalFiles.Piece.java" Implct="false" Intrnl_Id="358">
<Cond/>
<LocList>
<Loc EndOffset="3330" SrcFileId="2" StartOffset="3017"/>
</LocList>
<StmntSeq Intrnl_Id="359">
<LocList>
<Loc EndOffset="3307" SrcFileId="2" StartOffset="3044"/>
</LocList>
<CondStmnt CovItemId="S52" CovItemPrefix="com.OriginalFiles.Piece.java" Intrnl_Id="360">
<Branch CovItemId="B21" CovItemPrefix="com.OriginalFiles.Piece.java" Implct="false" Intrnl_Id="361">
<Cond/>
<LocList>
<Loc EndOffset="3307" SrcFileId="2" StartOffset="3190"/>
</LocList>
<StmntSeq Intrnl_Id="362">
<LocList>
<Loc EndOffset="3234" SrcFileId="2" StartOffset="3221"/>
<Loc EndOffset="3280" SrcFileId="2" StartOffset="3264"/>
</LocList>
<BasicStmnt CovItemId="S53" CovItemPrefix="com.OriginalFiles.Piece.java" Intrnl_Id="363">
<LocList>
<Loc EndOffset="3234" SrcFileId="2" StartOffset="3221"/>
</LocList>
</BasicStmnt>
<BasicStmnt CovItemId="S54" CovItemPrefix="com.OriginalFiles.Piece.java" Intrnl_Id="364">
<LocList>
<Loc EndOffset="3280" SrcFileId="2" StartOffset="3264"/>
</LocList>
</BasicStmnt>
</StmntSeq>
</Branch>
<Branch CovItemId="B22" CovItemPrefix="com.OriginalFiles.Piece.java" Implct="true" Intrnl_Id="365">
<Cond/>
<LocList/>
<StmntSeq Intrnl_Id="366">
<LocList/>
</StmntSeq>
</Branch>
<Keyword EndOffset="3046" SrcFileId="2" StartOffset="3044"/>
<LocList>
<Loc EndOffset="3307" SrcFileId="2" StartOffset="3044"/>
</LocList>
<RootTerm CovItemId="C14" CovItemPrefix="com.OriginalFiles.Piece.java" Intrnl_Id="367">
<BasicBoolTerm Intrnl_Id="368">
<LocList>
<Loc EndOffset="3188" SrcFileId="2" StartOffset="3048"/>
</LocList>
</BasicBoolTerm>
</RootTerm>
</CondStmnt>
</StmntSeq>
</Branch>
<Branch CovItemId="B20" CovItemPrefix="com.OriginalFiles.Piece.java" Implct="true" Intrnl_Id="369">
<Cond/>
<LocList/>
<StmntSeq Intrnl_Id="370">
<LocList/>
</StmntSeq>
</Branch>
<Keyword EndOffset="2944" SrcFileId="2" StartOffset="2942"/>
<LocList>
<Loc EndOffset="3330" SrcFileId="2" StartOffset="2942"/>
</LocList>
<RootTerm CovItemId="C13" CovItemPrefix="com.OriginalFiles.Piece.java" Intrnl_Id="371">
<BasicBoolTerm Intrnl_Id="372">
<LocList>
<Loc EndOffset="3015" SrcFileId="2" StartOffset="2946"/>
</LocList>
</BasicBoolTerm>
</RootTerm>
</CondStmnt>
</StmntSeq>
<Keyword EndOffset="2875" SrcFileId="2" StartOffset="2872"/>
<LocList>
<Loc EndOffset="3349" SrcFileId="2" StartOffset="2872"/>
</LocList>
<RootTerm CovItemId="C12" CovItemPrefix="com.OriginalFiles.Piece.java" Intrnl_Id="373">
<BasicBoolTerm Intrnl_Id="374">
<LocList>
<Loc EndOffset="2912" SrcFileId="2" StartOffset="2896"/>
</LocList>
</BasicBoolTerm>
</RootTerm>
</LoopStmnt>
</StmntSeq>
<Keyword EndOffset="2809" SrcFileId="2" StartOffset="2806"/>
<LocList>
<Loc EndOffset="3364" SrcFileId="2" StartOffset="2795"/>
</LocList>
<RootTerm CovItemId="C11" CovItemPrefix="com.OriginalFiles.Piece.java" Intrnl_Id="375">
<BasicBoolTerm Intrnl_Id="376">
<LocList>
<Loc EndOffset="2846" SrcFileId="2" StartOffset="2830"/>
</LocList>
</BasicBoolTerm>
</RootTerm>
</LoopStmnt>
</StmntSeq>
<Keyword EndOffset="2726" SrcFileId="2" StartOffset="2721"/>
<LocList>
<Loc EndOffset="3375" SrcFileId="2" StartOffset="2721"/>
</LocList>
<RootTerm CovItemId="C10" CovItemPrefix="com.OriginalFiles.Piece.java" Intrnl_Id="377">
<OpTerm BooleanOpId="10" Intrnl_Id="378">
<OpTerm BooleanOpId="9" Intrnl_Id="379">
<BasicBoolTerm Intrnl_Id="380">
<LocList>
<Loc EndOffset="2734" SrcFileId="2" StartOffset="2729"/>
</LocList>
</BasicBoolTerm>
<LocList>
<Loc EndOffset="2729" SrcFileId="2" StartOffset="2728"/>
</LocList>
</OpTerm>
<BasicBoolTerm Intrnl_Id="381">
<LocList>
<Loc EndOffset="2750" SrcFileId="2" StartOffset="2738"/>
</LocList>
</BasicBoolTerm>
<LocList>
<Loc EndOffset="2737" SrcFileId="2" StartOffset="2735"/>
</LocList>
</OpTerm>
</RootTerm>
</LoopStmnt>
<BasicStmnt CovItemId="S55" CovItemPrefix="com.OriginalFiles.Piece.java" Intrnl_Id="382">
<LocList>
<Loc EndOffset="3401" SrcFileId="2" StartOffset="3385"/>
</LocList>
</BasicStmnt>
</StmntSeq>
</HierarchyLvl>
</HierarchyLvl>
<HierarchyLvl HierarchyLvlId="25" HierarchyLvlTypeId="13" Intrnl_Id="383" Name="Move">
<Header>
<Loc EndOffset="102" SrcFileId="3" StartOffset="85"/>
</Header>
<LocList>
<Loc EndOffset="1195" SrcFileId="3" StartOffset="85"/>
</LocList>
<StmntSeq Intrnl_Id="384">
<LocList>
<Loc EndOffset="227" SrcFileId="3" StartOffset="171"/>
<Loc EndOffset="270" SrcFileId="3" StartOffset="233"/>
</LocList>
<BasicStmnt CovItemId="S1" CovItemPrefix="com.OriginalFiles.Move.java" Intrnl_Id="385">
<LocList>
<Loc EndOffset="227" SrcFileId="3" StartOffset="171"/>
</LocList>
</BasicStmnt>
<BasicStmnt CovItemId="S2" CovItemPrefix="com.OriginalFiles.Move.java" Intrnl_Id="386">
<LocList>
<Loc EndOffset="270" SrcFileId="3" StartOffset="233"/>
</LocList>
</BasicStmnt>
</StmntSeq>
<HierarchyLvl HierarchyLvlId="20" HierarchyLvlTypeId="14" Intrnl_Id="387" Name="Move">
<Header>
<Loc EndOffset="336" SrcFileId="3" StartOffset="278"/>
</Header>
<LocList>
<Loc EndOffset="544" SrcFileId="3" StartOffset="278"/>
</LocList>
<StmntSeq Intrnl_Id="388">
<LocList>
<Loc EndOffset="396" SrcFileId="3" StartOffset="348"/>
<Loc EndOffset="431" SrcFileId="3" StartOffset="406"/>
<Loc EndOffset="464" SrcFileId="3" StartOffset="441"/>
<Loc EndOffset="498" SrcFileId="3" StartOffset="474"/>
<Loc EndOffset="537" SrcFileId="3" StartOffset="508"/>
</LocList>
<BasicStmnt CovItemId="S3" CovItemPrefix="com.OriginalFiles.Move.java" Intrnl_Id="389">
<LocList>
<Loc EndOffset="396" SrcFileId="3" StartOffset="348"/>
</LocList>
</BasicStmnt>
<BasicStmnt CovItemId="S4" CovItemPrefix="com.OriginalFiles.Move.java" Intrnl_Id="390">
<LocList>
<Loc EndOffset="431" SrcFileId="3" StartOffset="406"/>
</LocList>
</BasicStmnt>
<BasicStmnt CovItemId="S5" CovItemPrefix="com.OriginalFiles.Move.java" Intrnl_Id="391">
<LocList>
<Loc EndOffset="464" SrcFileId="3" StartOffset="441"/>
</LocList>
</BasicStmnt>
<BasicStmnt CovItemId="S6" CovItemPrefix="com.OriginalFiles.Move.java" Intrnl_Id="392">
<LocList>
<Loc EndOffset="498" SrcFileId="3" StartOffset="474"/>
</LocList>
</BasicStmnt>
<BasicStmnt CovItemId="S7" CovItemPrefix="com.OriginalFiles.Move.java" Intrnl_Id="393">
<LocList>
<Loc EndOffset="537" SrcFileId="3" StartOffset="508"/>
</LocList>
</BasicStmnt>
</StmntSeq>
</HierarchyLvl>
<HierarchyLvl HierarchyLvlId="21" HierarchyLvlTypeId="14" Intrnl_Id="394" Name="Move">
<Header>
<Loc EndOffset="604" SrcFileId="3" StartOffset="552"/>
</Header>
<LocList>
<Loc EndOffset="686" SrcFileId="3" StartOffset="552"/>
</LocList>
<StmntSeq Intrnl_Id="395">
<LocList>
<Loc EndOffset="640" SrcFileId="3" StartOffset="616"/>
<Loc EndOffset="679" SrcFileId="3" StartOffset="650"/>
</LocList>
<BasicStmnt CovItemId="S8" CovItemPrefix="com.OriginalFiles.Move.java" Intrnl_Id="396">
<LocList>
<Loc EndOffset="640" SrcFileId="3" StartOffset="616"/>
</LocList>
</BasicStmnt>
<BasicStmnt CovItemId="S9" CovItemPrefix="com.OriginalFiles.Move.java" Intrnl_Id="397">
<LocList>
<Loc EndOffset="679" SrcFileId="3" StartOffset="650"/>
</LocList>
</BasicStmnt>
</StmntSeq>
</HierarchyLvl>
<HierarchyLvl HierarchyLvlId="22" HierarchyLvlTypeId="14" Intrnl_Id="398" Name="Move">
<Header>
<Loc EndOffset="707" SrcFileId="3" StartOffset="694"/>
</Header>
<LocList>
<Loc EndOffset="808" SrcFileId="3" StartOffset="694"/>
</LocList>
<StmntSeq Intrnl_Id="399">
<LocList>
<Loc EndOffset="767" SrcFileId="3" StartOffset="719"/>
<Loc EndOffset="801" SrcFileId="3" StartOffset="777"/>
</LocList>
<BasicStmnt CovItemId="S10" CovItemPrefix="com.OriginalFiles.Move.java" Intrnl_Id="400">
<LocList>
<Loc EndOffset="767" SrcFileId="3" StartOffset="719"/>
</LocList>
</BasicStmnt>
<BasicStmnt CovItemId="S11" CovItemPrefix="com.OriginalFiles.Move.java" Intrnl_Id="401">
<LocList>
<Loc EndOffset="801" SrcFileId="3" StartOffset="777"/>
</LocList>
</BasicStmnt>
</StmntSeq>
</HierarchyLvl>
<HierarchyLvl HierarchyLvlId="23" HierarchyLvlTypeId="14" Intrnl_Id="402" Name="isJump">
<Header>
<Loc EndOffset="845" SrcFileId="3" StartOffset="816"/>
</Header>
<LocList>
<Loc EndOffset="1107" SrcFileId="3" StartOffset="816"/>
</LocList>
<StmntSeq Intrnl_Id="403">
<LocList>
<Loc EndOffset="1100" SrcFileId="3" StartOffset="857"/>
</LocList>
<CondStmnt CovItemId="S12" CovItemPrefix="com.OriginalFiles.Move.java" Intrnl_Id="404">
<Branch CovItemId="B1" CovItemPrefix="com.OriginalFiles.Move.java" Implct="false" Intrnl_Id="405">
<Cond/>
<LocList>
<Loc EndOffset="1055" SrcFileId="3" StartOffset="880"/>
</LocList>
<StmntSeq Intrnl_Id="406">
<LocList>
<Loc EndOffset="919" SrcFileId="3" StartOffset="895"/>
<Loc EndOffset="960" SrcFileId="3" StartOffset="933"/>
<Loc EndOffset="1044" SrcFileId="3" StartOffset="976"/>
</LocList>
<BasicStmnt CovItemId="S13" CovItemPrefix="com.OriginalFiles.Move.java" Intrnl_Id="407">
<LocList>
<Loc EndOffset="919" SrcFileId="3" StartOffset="895"/>
</LocList>
</BasicStmnt>
<BasicStmnt CovItemId="S14" CovItemPrefix="com.OriginalFiles.Move.java" Intrnl_Id="408">
<LocList>
<Loc EndOffset="960" SrcFileId="3" StartOffset="933"/>
</LocList>
</BasicStmnt>
<BasicStmnt CovItemId="S15" CovItemPrefix="com.OriginalFiles.Move.java" Intrnl_Id="409">
<LocList>
<Loc EndOffset="1044" SrcFileId="3" StartOffset="976"/>
</LocList>
</BasicStmnt>
</StmntSeq>
</Branch>
<Branch CovItemId="B2" CovItemPrefix="com.OriginalFiles.Move.java" Implct="false" Intrnl_Id="410">
<Cond>
<Loc EndOffset="1060" SrcFileId="3" StartOffset="1056"/>
</Cond>
<LocList>
<Loc EndOffset="1100" SrcFileId="3" StartOffset="1061"/>
</LocList>
<StmntSeq Intrnl_Id="411">
<LocList>
<Loc EndOffset="1089" SrcFileId="3" StartOffset="1076"/>
</LocList>
<BasicStmnt CovItemId="S16" CovItemPrefix="com.OriginalFiles.Move.java" Intrnl_Id="412">
<LocList>
<Loc EndOffset="1089" SrcFileId="3" StartOffset="1076"/>
</LocList>
</BasicStmnt>
</StmntSeq>
</Branch>
<Keyword EndOffset="859" SrcFileId="3" StartOffset="857"/>
<LocList>
<Loc EndOffset="1100" SrcFileId="3" StartOffset="857"/>
</LocList>
<RootTerm CovItemId="C1" CovItemPrefix="com.OriginalFiles.Move.java" Intrnl_Id="413">
<BasicBoolTerm Intrnl_Id="414">
<LocList>
<Loc EndOffset="878" SrcFileId="3" StartOffset="861"/>
</LocList>
</BasicBoolTerm>
</RootTerm>
</CondStmnt>
</StmntSeq>
</HierarchyLvl>
<HierarchyLvl HierarchyLvlId="24" HierarchyLvlTypeId="14" Intrnl_Id="415" Name="addStep">
<Header>
<Loc EndOffset="1152" SrcFileId="3" StartOffset="1115"/>
</Header>
<LocList>
<Loc EndOffset="1192" SrcFileId="3" StartOffset="1115"/>
</LocList>
<StmntSeq Intrnl_Id="416">
<LocList>
<Loc EndOffset="1185" SrcFileId="3" StartOffset="1164"/>
</LocList>
<BasicStmnt CovItemId="S17" CovItemPrefix="com.OriginalFiles.Move.java" Intrnl_Id="417">
<LocList>
<Loc EndOffset="1185" SrcFileId="3" StartOffset="1164"/>
</LocList>
</BasicStmnt>
</StmntSeq>
</HierarchyLvl>
</HierarchyLvl>
<HierarchyLvl HierarchyLvlId="36" HierarchyLvlTypeId="13" Intrnl_Id="418" Name="MI">
<Header>
<Loc EndOffset="167" SrcFileId="4" StartOffset="152"/>
</Header>
<LocList>
<Loc EndOffset="10435" SrcFileId="4" StartOffset="152"/>
</LocList>
<StmntSeq Intrnl_Id="419">
<LocList>
<Loc EndOffset="253" SrcFileId="4" StartOffset="217"/>
<Loc EndOffset="317" SrcFileId="4" StartOffset="259"/>
<Loc EndOffset="498" SrcFileId="4" StartOffset="451"/>
<Loc EndOffset="551" SrcFileId="4" StartOffset="504"/>
<Loc EndOffset="3081" SrcFileId="4" StartOffset="3048"/>
<Loc EndOffset="3185" SrcFileId="4" StartOffset="3150"/>
<Loc EndOffset="3225" SrcFileId="4" StartOffset="3191"/>
<Loc EndOffset="3277" SrcFileId="4" StartOffset="3233"/>
<Loc EndOffset="3317" SrcFileId="4" StartOffset="3285"/>
<Loc EndOffset="3355" SrcFileId="4" StartOffset="3323"/>
<Loc EndOffset="3394" SrcFileId="4" StartOffset="3361"/>
</LocList>
<BasicStmnt CovItemId="S1" CovItemPrefix="com.OriginalFiles.MI.java" Intrnl_Id="420">
<LocList>
<Loc EndOffset="253" SrcFileId="4" StartOffset="217"/>
</LocList>
</BasicStmnt>
<BasicStmnt CovItemId="S2" CovItemPrefix="com.OriginalFiles.MI.java" Intrnl_Id="421">
<LocList>
<Loc EndOffset="317" SrcFileId="4" StartOffset="259"/>
</LocList>
</BasicStmnt>
<BasicStmnt CovItemId="S5" CovItemPrefix="com.OriginalFiles.MI.java" Intrnl_Id="422">
<LocList>
<Loc EndOffset="498" SrcFileId="4" StartOffset="451"/>
</LocList>
</BasicStmnt>
<BasicStmnt CovItemId="S6" CovItemPrefix="com.OriginalFiles.MI.java" Intrnl_Id="423">
<LocList>
<Loc EndOffset="551" SrcFileId="4" StartOffset="504"/>
</LocList>
</BasicStmnt>
<BasicStmnt CovItemId="S45" CovItemPrefix="com.OriginalFiles.MI.java" Intrnl_Id="424">
<LocList>
<Loc EndOffset="3081" SrcFileId="4" StartOffset="3048"/>
</LocList>
</BasicStmnt>
<BasicStmnt CovItemId="S46" CovItemPrefix="com.OriginalFiles.MI.java" Intrnl_Id="425">
<LocList>
<Loc EndOffset="3185" SrcFileId="4" StartOffset="3150"/>
</LocList>
</BasicStmnt>
<BasicStmnt CovItemId="S47" CovItemPrefix="com.OriginalFiles.MI.java" Intrnl_Id="426">
<LocList>
<Loc EndOffset="3225" SrcFileId="4" StartOffset="3191"/>
</LocList>
</BasicStmnt>
<BasicStmnt CovItemId="S48" CovItemPrefix="com.OriginalFiles.MI.java" Intrnl_Id="427">
<LocList>
<Loc EndOffset="3277" SrcFileId="4" StartOffset="3233"/>
</LocList>
</BasicStmnt>
<BasicStmnt CovItemId="S49" CovItemPrefix="com.OriginalFiles.MI.java" Intrnl_Id="428">
<LocList>
<Loc EndOffset="3317" SrcFileId="4" StartOffset="3285"/>
</LocList>
</BasicStmnt>
<BasicStmnt CovItemId="S50" CovItemPrefix="com.OriginalFiles.MI.java" Intrnl_Id="429">
<LocList>
<Loc EndOffset="3355" SrcFileId="4" StartOffset="3323"/>
</LocList>
</BasicStmnt>
<BasicStmnt CovItemId="S51" CovItemPrefix="com.OriginalFiles.MI.java" Intrnl_Id="430">
<LocList>
<Loc EndOffset="3394" SrcFileId="4" StartOffset="3361"/>
</LocList>
</BasicStmnt>
</StmntSeq>
<HierarchyLvl HierarchyLvlId="26" HierarchyLvlTypeId="14" Intrnl_Id="431" Name="MI">
<Header>
<Loc EndOffset="367" SrcFileId="4" StartOffset="323"/>
</Header>
<LocList>
<Loc EndOffset="443" SrcFileId="4" StartOffset="323"/>
</LocList>
<StmntSeq Intrnl_Id="432">
<LocList>
<Loc EndOffset="406" SrcFileId="4" StartOffset="379"/>
<Loc EndOffset="434" SrcFileId="4" StartOffset="416"/>
</LocList>
<BasicStmnt CovItemId="S3" CovItemPrefix="com.OriginalFiles.MI.java" Intrnl_Id="433">
<LocList>
<Loc EndOffset="406" SrcFileId="4" StartOffset="379"/>
</LocList>
</BasicStmnt>
<BasicStmnt CovItemId="S4" CovItemPrefix="com.OriginalFiles.MI.java" Intrnl_Id="434">
<LocList>
<Loc EndOffset="434" SrcFileId="4" StartOffset="416"/>
</LocList>
</BasicStmnt>
</StmntSeq>
</HierarchyLvl>
<HierarchyLvl HierarchyLvlId="27" HierarchyLvlTypeId="14" Intrnl_Id="435" Name="updatePieceList">
<Header>
<Loc EndOffset="589" SrcFileId="4" StartOffset="559"/>
</Header>
<LocList>
<Loc EndOffset="1081" SrcFileId="4" StartOffset="559"/>
</LocList>
<StmntSeq Intrnl_Id="436">
<LocList>
<Loc EndOffset="619" SrcFileId="4" StartOffset="601"/>
<Loc EndOffset="647" SrcFileId="4" StartOffset="629"/>
<Loc EndOffset="1074" SrcFileId="4" StartOffset="657"/>
</LocList>
<BasicStmnt CovItemId="S7" CovItemPrefix="com.OriginalFiles.MI.java" Intrnl_Id="437">
<LocList>
<Loc EndOffset="619" SrcFileId="4" StartOffset="601"/>
</LocList>
</BasicStmnt>
<BasicStmnt CovItemId="S8" CovItemPrefix="com.OriginalFiles.MI.java" Intrnl_Id="438">
<LocList>
<Loc EndOffset="647" SrcFileId="4" StartOffset="629"/>
</LocList>
</BasicStmnt>
<LoopStmnt CovItemId="S9" CovItemPrefix="com.OriginalFiles.MI.java" Intrnl_Id="439" MltplExecId="L1-2" MltplExecPrefix="com.OriginalFiles.MI.java" NvrExecId="L1-0" NvrExecPrefix="com.OriginalFiles.MI.java" OnceExecutedId="L1-1" OnceExecutedPrefix="com.OriginalFiles.MI.java" OptBodyExec="true">
<StmntSeq Intrnl_Id="440">
<LocList>
<Loc EndOffset="1063" SrcFileId="4" StartOffset="721"/>
</LocList>
<LoopStmnt CovItemId="S10" CovItemPrefix="com.OriginalFiles.MI.java" Intrnl_Id="441" MltplExecId="L2-2" MltplExecPrefix="com.OriginalFiles.MI.java" NvrExecId="L2-0" NvrExecPrefix="com.OriginalFiles.MI.java" OnceExecutedId="L2-1" OnceExecutedPrefix="com.OriginalFiles.MI.java" OptBodyExec="true">
<StmntSeq Intrnl_Id="442">
<LocList>
<Loc EndOffset="1048" SrcFileId="4" StartOffset="757"/>
</LocList>
<CondStmnt CovItemId="S11" CovItemPrefix="com.OriginalFiles.MI.java" Intrnl_Id="443">
<Branch CovItemId="B1" CovItemPrefix="com.OriginalFiles.MI.java" Implct="false" Intrnl_Id="444">
<Cond/>
<LocList>
<Loc EndOffset="1048" SrcFileId="4" StartOffset="775"/>
</LocList>
<StmntSeq Intrnl_Id="445">
<LocList>
<Loc EndOffset="1029" SrcFileId="4" StartOffset="798"/>
</LocList>
<CondStmnt CovItemId="S12" CovItemPrefix="com.OriginalFiles.MI.java" Intrnl_Id="446">
<Branch CovItemId="B3" CovItemPrefix="com.OriginalFiles.MI.java" Implct="false" Intrnl_Id="447">
<Cond/>
<LocList>
<Loc EndOffset="938" SrcFileId="4" StartOffset="853"/>
</LocList>
<StmntSeq Intrnl_Id="448">
<LocList>
<Loc EndOffset="915" SrcFileId="4" StartOffset="880"/>
</LocList>
<BasicStmnt CovItemId="S13" CovItemPrefix="com.OriginalFiles.MI.java" Intrnl_Id="449">
<LocList>
<Loc EndOffset="915" SrcFileId="4" StartOffset="880"/>
</LocList>
</BasicStmnt>
</StmntSeq>
</Branch>
<Branch CovItemId="B4" CovItemPrefix="com.OriginalFiles.MI.java" Implct="false" Intrnl_Id="450">
<Cond>
<Loc EndOffset="943" SrcFileId="4" StartOffset="939"/>
</Cond>
<LocList>
<Loc EndOffset="1029" SrcFileId="4" StartOffset="944"/>
</LocList>
<StmntSeq Intrnl_Id="451">
<LocList>
<Loc EndOffset="1006" SrcFileId="4" StartOffset="971"/>
</LocList>
<BasicStmnt CovItemId="S14" CovItemPrefix="com.OriginalFiles.MI.java" Intrnl_Id="452">
<LocList>
<Loc EndOffset="1006" SrcFileId="4" StartOffset="971"/>
</LocList>
</BasicStmnt>
</StmntSeq>
</Branch>
<Keyword EndOffset="800" SrcFileId="4" StartOffset="798"/>
<LocList>
<Loc EndOffset="1029" SrcFileId="4" StartOffset="798"/>
</LocList>
<RootTerm CovItemId="C2" CovItemPrefix="com.OriginalFiles.MI.java" Intrnl_Id="453">
<BasicBoolTerm Intrnl_Id="454">
<LocList>
<Loc EndOffset="851" SrcFileId="4" StartOffset="802"/>
</LocList>
</BasicBoolTerm>
</RootTerm>
</CondStmnt>
</StmntSeq>
</Branch>
<Branch CovItemId="B2" CovItemPrefix="com.OriginalFiles.MI.java" Implct="true" Intrnl_Id="455">
<Cond/>
<LocList/>
<StmntSeq Intrnl_Id="456">
<LocList/>
</StmntSeq>
</Branch>
<Keyword EndOffset="759" SrcFileId="4" StartOffset="757"/>
<LocList>
<Loc EndOffset="1048" SrcFileId="4" StartOffset="757"/>
</LocList>
<RootTerm CovItemId="C1" CovItemPrefix="com.OriginalFiles.MI.java" Intrnl_Id="457">
<OpTerm BooleanOpId="9" Intrnl_Id="458">
<BasicBoolTerm Intrnl_Id="459">
<LocList>
<Loc EndOffset="773" SrcFileId="4" StartOffset="762"/>
</LocList>
</BasicBoolTerm>
<LocList>
<Loc EndOffset="762" SrcFileId="4" StartOffset="761"/>
</LocList>
</OpTerm>
</RootTerm>
</CondStmnt>
</StmntSeq>
<Keyword EndOffset="724" SrcFileId="4" StartOffset="721"/>
<LocList>
<Loc EndOffset="1063" SrcFileId="4" StartOffset="721"/>
</LocList>
</LoopStmnt>
</StmntSeq>
<Keyword EndOffset="660" SrcFileId="4" StartOffset="657"/>
<LocList>
<Loc EndOffset="1074" SrcFileId="4" StartOffset="657"/>
</LocList>
</LoopStmnt>
</StmntSeq>
</HierarchyLvl>
<HierarchyLvl HierarchyLvlId="28" HierarchyLvlTypeId="14" Intrnl_Id="460" Name="lookForBestMove">
<Header>
<Loc EndOffset="1326" SrcFileId="4" StartOffset="1196"/>
</Header>
<LocList>
<Loc EndOffset="2124" SrcFileId="4" StartOffset="1196"/>
</LocList>
<StmntSeq Intrnl_Id="461">
<LocList>
<Loc EndOffset="1356" SrcFileId="4" StartOffset="1338"/>
<Loc EndOffset="1405" SrcFileId="4" StartOffset="1366"/>
<Loc EndOffset="1460" SrcFileId="4" StartOffset="1415"/>
<Loc EndOffset="1490" SrcFileId="4" StartOffset="1470"/>
<Loc EndOffset="1604" SrcFileId="4" StartOffset="1529"/>
<Loc EndOffset="2038" SrcFileId="4" StartOffset="1616"/>
<Loc EndOffset="2117" SrcFileId="4" StartOffset="2048"/>
</LocList>
<BasicStmnt CovItemId="S15" CovItemPrefix="com.OriginalFiles.MI.java" Intrnl_Id="462">
<LocList>
<Loc EndOffset="1356" SrcFileId="4" StartOffset="1338"/>
</LocList>
</BasicStmnt>
<BasicStmnt CovItemId="S16" CovItemPrefix="com.OriginalFiles.MI.java" Intrnl_Id="463">
<LocList>
<Loc EndOffset="1405" SrcFileId="4" StartOffset="1366"/>
</LocList>
</BasicStmnt>
<BasicStmnt CovItemId="S17" CovItemPrefix="com.OriginalFiles.MI.java" Intrnl_Id="464">
<LocList>
<Loc EndOffset="1460" SrcFileId="4" StartOffset="1415"/>
</LocList>
</BasicStmnt>
<BasicStmnt CovItemId="S18" CovItemPrefix="com.OriginalFiles.MI.java" Intrnl_Id="465">
<LocList>
<Loc EndOffset="1490" SrcFileId="4" StartOffset="1470"/>
</LocList>
</BasicStmnt>
<CondStmnt CovItemId="S19" CovItemPrefix="com.OriginalFiles.MI.java" Intrnl_Id="466">
<Branch CovItemId="B5" CovItemPrefix="com.OriginalFiles.MI.java" Implct="false" Intrnl_Id="467">
<Cond/>
<LocList>
<Loc EndOffset="1604" SrcFileId="4" StartOffset="1555"/>
</LocList>
<StmntSeq Intrnl_Id="468">
<LocList>
<Loc EndOffset="1593" SrcFileId="4" StartOffset="1570"/>
</LocList>
<BasicStmnt CovItemId="S20" CovItemPrefix="com.OriginalFiles.MI.java" Intrnl_Id="469">
<LocList>
<Loc EndOffset="1593" SrcFileId="4" StartOffset="1570"/>
</LocList>
</BasicStmnt>
</StmntSeq>
</Branch>
<Branch CovItemId="B6" CovItemPrefix="com.OriginalFiles.MI.java" Implct="true" Intrnl_Id="470">
<Cond/>
<LocList/>
<StmntSeq Intrnl_Id="471">
<LocList/>
</StmntSeq>
</Branch>
<Keyword EndOffset="1531" SrcFileId="4" StartOffset="1529"/>
<LocList>
<Loc EndOffset="1604" SrcFileId="4" StartOffset="1529"/>
</LocList>
<RootTerm CovItemId="C3" CovItemPrefix="com.OriginalFiles.MI.java" Intrnl_Id="472">
<BasicBoolTerm Intrnl_Id="473">
<LocList>
<Loc EndOffset="1553" SrcFileId="4" StartOffset="1533"/>
</LocList>
</BasicBoolTerm>
</RootTerm>
</CondStmnt>
<LoopStmnt CovItemId="S21" CovItemPrefix="com.OriginalFiles.MI.java" Intrnl_Id="474" MltplExecId="L3-2" MltplExecPrefix="com.OriginalFiles.MI.java" NvrExecId="L3-0" NvrExecPrefix="com.OriginalFiles.MI.java" OnceExecutedId="L3-1" OnceExecutedPrefix="com.OriginalFiles.MI.java" OptBodyExec="true">
<StmntSeq Intrnl_Id="475">
<LocList>
<Loc EndOffset="1677" SrcFileId="4" StartOffset="1658"/>
<Loc EndOffset="1751" SrcFileId="4" StartOffset="1693"/>
<Loc EndOffset="1778" SrcFileId="4" StartOffset="1765"/>
<Loc EndOffset="2027" SrcFileId="4" StartOffset="1794"/>
</LocList>
<BasicStmnt CovItemId="S22" CovItemPrefix="com.OriginalFiles.MI.java" Intrnl_Id="476">
<LocList>
<Loc EndOffset="1677" SrcFileId="4" StartOffset="1658"/>
</LocList>
</BasicStmnt>
<BasicStmnt CovItemId="S23" CovItemPrefix="com.OriginalFiles.MI.java" Intrnl_Id="477">
<LocList>
<Loc EndOffset="1751" SrcFileId="4" StartOffset="1693"/>
</LocList>
</BasicStmnt>
<BasicStmnt CovItemId="S24" CovItemPrefix="com.OriginalFiles.MI.java" Intrnl_Id="478">
<LocList>
<Loc EndOffset="1778" SrcFileId="4" StartOffset="1765"/>
</LocList>
</BasicStmnt>
<CondStmnt CovItemId="S25" CovItemPrefix="com.OriginalFiles.MI.java" Intrnl_Id="479">
<Branch CovItemId="B7" CovItemPrefix="com.OriginalFiles.MI.java" Implct="false" Intrnl_Id="480">
<Cond/>
<LocList>
<Loc EndOffset="1943" SrcFileId="4" StartOffset="1817"/>
</LocList>
<StmntSeq Intrnl_Id="481">
<LocList>
<Loc EndOffset="1854" SrcFileId="4" StartOffset="1836"/>
<Loc EndOffset="1890" SrcFileId="4" StartOffset="1872"/>
<Loc EndOffset="1928" SrcFileId="4" StartOffset="1908"/>
</LocList>
<BasicStmnt CovItemId="S26" CovItemPrefix="com.OriginalFiles.MI.java" Intrnl_Id="482">
<LocList>
<Loc EndOffset="1854" SrcFileId="4" StartOffset="1836"/>
</LocList>
</BasicStmnt>
<BasicStmnt CovItemId="S27" CovItemPrefix="com.OriginalFiles.MI.java" Intrnl_Id="483">
<LocList>
<Loc EndOffset="1890" SrcFileId="4" StartOffset="1872"/>
</LocList>
</BasicStmnt>
<BasicStmnt CovItemId="S28" CovItemPrefix="com.OriginalFiles.MI.java" Intrnl_Id="484">
<LocList>
<Loc EndOffset="1928" SrcFileId="4" StartOffset="1908"/>
</LocList>
</BasicStmnt>
</StmntSeq>
</Branch>
<Branch CovItemId="B8" CovItemPrefix="com.OriginalFiles.MI.java" Implct="false" Intrnl_Id="485">
<Cond>
<Loc EndOffset="1948" SrcFileId="4" StartOffset="1944"/>
</Cond>
<LocList>
<Loc EndOffset="2027" SrcFileId="4" StartOffset="1949"/>
</LocList>
<StmntSeq Intrnl_Id="486">
<LocList>
<Loc EndOffset="2027" SrcFileId="4" StartOffset="1949"/>
</LocList>
<CondStmnt CovItemId="S29" CovItemPrefix="com.OriginalFiles.MI.java" Intrnl_Id="487">
<Branch CovItemId="B9" CovItemPrefix="com.OriginalFiles.MI.java" Implct="false" Intrnl_Id="488">
<Cond/>
<LocList>
<Loc EndOffset="2027" SrcFileId="4" StartOffset="1973"/>
</LocList>
<StmntSeq Intrnl_Id="489">
<LocList>
<Loc EndOffset="2012" SrcFileId="4" StartOffset="1992"/>
</LocList>
<BasicStmnt CovItemId="S30" CovItemPrefix="com.OriginalFiles.MI.java" Intrnl_Id="490">
<LocList>
<Loc EndOffset="2012" SrcFileId="4" StartOffset="1992"/>
</LocList>
</BasicStmnt>
</StmntSeq>
</Branch>
<Branch CovItemId="B10" CovItemPrefix="com.OriginalFiles.MI.java" Implct="true" Intrnl_Id="491">
<Cond/>
<LocList/>
<StmntSeq Intrnl_Id="492">
<LocList/>
</StmntSeq>
</Branch>
<Keyword EndOffset="1951" SrcFileId="4" StartOffset="1949"/>
<LocList>
<Loc EndOffset="2027" SrcFileId="4" StartOffset="1949"/>
</LocList>
<RootTerm CovItemId="C5" CovItemPrefix="com.OriginalFiles.MI.java" Intrnl_Id="493">
<BasicBoolTerm Intrnl_Id="494">
<LocList>
<Loc EndOffset="1971" SrcFileId="4" StartOffset="1953"/>
</LocList>
</BasicBoolTerm>
</RootTerm>
</CondStmnt>
</StmntSeq>
</Branch>
<Keyword EndOffset="1796" SrcFileId="4" StartOffset="1794"/>
<LocList>
<Loc EndOffset="2027" SrcFileId="4" StartOffset="1794"/>
</LocList>
<RootTerm CovItemId="C4" CovItemPrefix="com.OriginalFiles.MI.java" Intrnl_Id="495">
<BasicBoolTerm Intrnl_Id="496">
<LocList>
<Loc EndOffset="1815" SrcFileId="4" StartOffset="1798"/>
</LocList>
</BasicBoolTerm>
</RootTerm>
</CondStmnt>
</StmntSeq>
<Keyword EndOffset="1619" SrcFileId="4" StartOffset="1616"/>
<LocList>
<Loc EndOffset="2038" SrcFileId="4" StartOffset="1616"/>
</LocList>
</LoopStmnt>
<BasicStmnt CovItemId="S31" CovItemPrefix="com.OriginalFiles.MI.java" Intrnl_Id="497">
<LocList>
<Loc EndOffset="2117" SrcFileId="4" StartOffset="2048"/>
</LocList>
</BasicStmnt>
</StmntSeq>
</HierarchyLvl>
<HierarchyLvl HierarchyLvlId="29" HierarchyLvlTypeId="14" Intrnl_Id="498" Name="negaMax">
<Header>
<Loc EndOffset="2270" SrcFileId="4" StartOffset="2134"/>
</Header>
<LocList>
<Loc EndOffset="2998" SrcFileId="4" StartOffset="2134"/>
</LocList>
<StmntSeq Intrnl_Id="499">
<LocList>
<Loc EndOffset="2493" SrcFileId="4" StartOffset="2311"/>
<Loc EndOffset="2558" SrcFileId="4" StartOffset="2530"/>
<Loc EndOffset="2594" SrcFileId="4" StartOffset="2570"/>
<Loc EndOffset="2943" SrcFileId="4" StartOffset="2604"/>
<Loc EndOffset="2991" SrcFileId="4" StartOffset="2974"/>
</LocList>
<CondStmnt CovItemId="S32" CovItemPrefix="com.OriginalFiles.MI.java" Intrnl_Id="500">
<Branch CovItemId="B11" CovItemPrefix="com.OriginalFiles.MI.java" Implct="false" Intrnl_Id="501">
<Cond/>
<LocList>
<Loc EndOffset="2493" SrcFileId="4" StartOffset="2436"/>
</LocList>
<StmntSeq Intrnl_Id="502">
<LocList>
<Loc EndOffset="2482" SrcFileId="4" StartOffset="2451"/>
</LocList>
<BasicStmnt CovItemId="S33" CovItemPrefix="com.OriginalFiles.MI.java" Intrnl_Id="503">
<LocList>
<Loc EndOffset="2482" SrcFileId="4" StartOffset="2451"/>
</LocList>
</BasicStmnt>
</StmntSeq>
</Branch>
<Branch CovItemId="B12" CovItemPrefix="com.OriginalFiles.MI.java" Implct="true" Intrnl_Id="504">
<Cond/>
<LocList/>
<StmntSeq Intrnl_Id="505">
<LocList/>
</StmntSeq>
</Branch>
<Keyword EndOffset="2313" SrcFileId="4" StartOffset="2311"/>
<LocList>
<Loc EndOffset="2493" SrcFileId="4" StartOffset="2311"/>
</LocList>
<RootTerm CovItemId="C6" CovItemPrefix="com.OriginalFiles.MI.java" Intrnl_Id="506">
<OpTerm BooleanOpId="11" Intrnl_Id="507">
<BasicBoolTerm Intrnl_Id="508">
<LocList>
<Loc EndOffset="2325" SrcFileId="4" StartOffset="2315"/>
</LocList>
</BasicBoolTerm>
<BasicBoolTerm Intrnl_Id="509">
<LocList>
<Loc EndOffset="2434" SrcFileId="4" StartOffset="2346"/>
</LocList>
</BasicBoolTerm>
<LocList>
<Loc EndOffset="2345" SrcFileId="4" StartOffset="2343"/>
</LocList>
</OpTerm>
</RootTerm>
</CondStmnt>
<BasicStmnt CovItemId="S34" CovItemPrefix="com.OriginalFiles.MI.java" Intrnl_Id="510">
<LocList>
<Loc EndOffset="2558" SrcFileId="4" StartOffset="2530"/>
</LocList>
</BasicStmnt>
<BasicStmnt CovItemId="S35" CovItemPrefix="com.OriginalFiles.MI.java" Intrnl_Id="511">
<LocList>
<Loc EndOffset="2594" SrcFileId="4" StartOffset="2570"/>
</LocList>
</BasicStmnt>
<LoopStmnt CovItemId="S36" CovItemPrefix="com.OriginalFiles.MI.java" Intrnl_Id="512" MltplExecId="L4-2" MltplExecPrefix="com.OriginalFiles.MI.java" NvrExecId="L4-0" NvrExecPrefix="com.OriginalFiles.MI.java" OnceExecutedId="L4-1" OnceExecutedPrefix="com.OriginalFiles.MI.java" OptBodyExec="true">
<StmntSeq Intrnl_Id="513">
<LocList>
<Loc EndOffset="2662" SrcFileId="4" StartOffset="2643"/>
<Loc EndOffset="2736" SrcFileId="4" StartOffset="2676"/>
<Loc EndOffset="2763" SrcFileId="4" StartOffset="2750"/>
<Loc EndOffset="2816" SrcFileId="4" StartOffset="2779"/>
<Loc EndOffset="2859" SrcFileId="4" StartOffset="2830"/>
<Loc EndOffset="2932" SrcFileId="4" StartOffset="2873"/>
</LocList>
<BasicStmnt CovItemId="S37" CovItemPrefix="com.OriginalFiles.MI.java" Intrnl_Id="514">
<LocList>
<Loc EndOffset="2662" SrcFileId="4" StartOffset="2643"/>
</LocList>
</BasicStmnt>
<BasicStmnt CovItemId="S38" CovItemPrefix="com.OriginalFiles.MI.java" Intrnl_Id="515">
<LocList>
<Loc EndOffset="2736" SrcFileId="4" StartOffset="2676"/>
</LocList>
</BasicStmnt>
<BasicStmnt CovItemId="S39" CovItemPrefix="com.OriginalFiles.MI.java" Intrnl_Id="516">
<LocList>
<Loc EndOffset="2763" SrcFileId="4" StartOffset="2750"/>
</LocList>
</BasicStmnt>
<BasicStmnt CovItemId="S40" CovItemPrefix="com.OriginalFiles.MI.java" Intrnl_Id="517">
<LocList>
<Loc EndOffset="2816" SrcFileId="4" StartOffset="2779"/>
</LocList>
</BasicStmnt>
<BasicStmnt CovItemId="S41" CovItemPrefix="com.OriginalFiles.MI.java" Intrnl_Id="518">
<LocList>
<Loc EndOffset="2859" SrcFileId="4" StartOffset="2830"/>
</LocList>
</BasicStmnt>
<CondStmnt CovItemId="S42" CovItemPrefix="com.OriginalFiles.MI.java" Intrnl_Id="519">
<Branch CovItemId="B13" CovItemPrefix="com.OriginalFiles.MI.java" Implct="false" Intrnl_Id="520">
<Cond/>
<LocList>
<Loc EndOffset="2932" SrcFileId="4" StartOffset="2892"/>
</LocList>
<StmntSeq Intrnl_Id="521">
<LocList>
<Loc EndOffset="2917" SrcFileId="4" StartOffset="2911"/>
</LocList>
<BasicStmnt CovItemId="S43" CovItemPrefix="com.OriginalFiles.MI.java" Intrnl_Id="522">
<LocList>
<Loc EndOffset="2917" SrcFileId="4" StartOffset="2911"/>
</LocList>
</BasicStmnt>
</StmntSeq>
</Branch>
<Branch CovItemId="B14" CovItemPrefix="com.OriginalFiles.MI.java" Implct="true" Intrnl_Id="523">
<Cond/>
<LocList/>
<StmntSeq Intrnl_Id="524">
<LocList/>
</StmntSeq>
</Branch>
<Keyword EndOffset="2875" SrcFileId="4" StartOffset="2873"/>
<LocList>
<Loc EndOffset="2932" SrcFileId="4" StartOffset="2873"/>
</LocList>
<RootTerm CovItemId="C7" CovItemPrefix="com.OriginalFiles.MI.java" Intrnl_Id="525">
<BasicBoolTerm Intrnl_Id="526">
<LocList>
<Loc EndOffset="2890" SrcFileId="4" StartOffset="2877"/>
</LocList>
</BasicBoolTerm>
</RootTerm>
</CondStmnt>
</StmntSeq>
<Keyword EndOffset="2607" SrcFileId="4" StartOffset="2604"/>
<LocList>
<Loc EndOffset="2943" SrcFileId="4" StartOffset="2604"/>
</LocList>
</LoopStmnt>
<BasicStmnt CovItemId="S44" CovItemPrefix="com.OriginalFiles.MI.java" Intrnl_Id="527">
<LocList>
<Loc EndOffset="2991" SrcFileId="4" StartOffset="2974"/>
</LocList>
</BasicStmnt>
</StmntSeq>
</HierarchyLvl>
<HierarchyLvl HierarchyLvlId="30" HierarchyLvlTypeId="14" Intrnl_Id="528" Name="evaluation">
<Header>
<Loc EndOffset="3437" SrcFileId="4" StartOffset="3402"/>
</Header>
<LocList>
<Loc EndOffset="4355" SrcFileId="4" StartOffset="3402"/>
</LocList>
<StmntSeq Intrnl_Id="529">
<LocList>
<Loc EndOffset="3473" SrcFileId="4" StartOffset="3449"/>
<Loc EndOffset="3509" SrcFileId="4" StartOffset="3485"/>
<Loc EndOffset="3644" SrcFileId="4" StartOffset="3521"/>
<Loc EndOffset="3777" SrcFileId="4" StartOffset="3654"/>
<Loc EndOffset="3820" SrcFileId="4" StartOffset="3789"/>
<Loc EndOffset="4316" SrcFileId="4" StartOffset="3832"/>
<Loc EndOffset="4348" SrcFileId="4" StartOffset="4328"/>
</LocList>
<BasicStmnt CovItemId="S52" CovItemPrefix="com.OriginalFiles.MI.java" Intrnl_Id="530">
<LocList>
<Loc EndOffset="3473" SrcFileId="4" StartOffset="3449"/>
</LocList>
</BasicStmnt>
<BasicStmnt CovItemId="S53" CovItemPrefix="com.OriginalFiles.MI.java" Intrnl_Id="531">
<LocList>
<Loc EndOffset="3509" SrcFileId="4" StartOffset="3485"/>
</LocList>
</BasicStmnt>
<LoopStmnt CovItemId="S54" CovItemPrefix="com.OriginalFiles.MI.java" Intrnl_Id="532" MltplExecId="L5-2" MltplExecPrefix="com.OriginalFiles.MI.java" NvrExecId="L5-0" NvrExecPrefix="com.OriginalFiles.MI.java" OnceExecutedId="L5-1" OnceExecutedPrefix="com.OriginalFiles.MI.java" OptBodyExec="true">
<StmntSeq Intrnl_Id="533">
<LocList>
<Loc EndOffset="3633" SrcFileId="4" StartOffset="3579"/>
</LocList>
<BasicStmnt CovItemId="S55" CovItemPrefix="com.OriginalFiles.MI.java" Intrnl_Id="534">
<LocList>
<Loc EndOffset="3633" SrcFileId="4" StartOffset="3579"/>
</LocList>
</BasicStmnt>
</StmntSeq>
<Keyword EndOffset="3524" SrcFileId="4" StartOffset="3521"/>
<LocList>
<Loc EndOffset="3644" SrcFileId="4" StartOffset="3521"/>
</LocList>
<RootTerm CovItemId="C8" CovItemPrefix="com.OriginalFiles.MI.java" Intrnl_Id="535">
<BasicBoolTerm Intrnl_Id="536">
<LocList>
<Loc EndOffset="3557" SrcFileId="4" StartOffset="3537"/>
</LocList>
</BasicBoolTerm>
</RootTerm>
</LoopStmnt>
<LoopStmnt CovItemId="S56" CovItemPrefix="com.OriginalFiles.MI.java" Intrnl_Id="537" MltplExecId="L6-2" MltplExecPrefix="com.OriginalFiles.MI.java" NvrExecId="L6-0" NvrExecPrefix="com.OriginalFiles.MI.java" OnceExecutedId="L6-1" OnceExecutedPrefix="com.OriginalFiles.MI.java" OptBodyExec="true">
<StmntSeq Intrnl_Id="538">
<LocList>
<Loc EndOffset="3766" SrcFileId="4" StartOffset="3712"/>
</LocList>
<BasicStmnt CovItemId="S57" CovItemPrefix="com.OriginalFiles.MI.java" Intrnl_Id="539">
<LocList>
<Loc EndOffset="3766" SrcFileId="4" StartOffset="3712"/>
</LocList>
</BasicStmnt>
</StmntSeq>
<Keyword EndOffset="3657" SrcFileId="4" StartOffset="3654"/>
<LocList>
<Loc EndOffset="3777" SrcFileId="4" StartOffset="3654"/>
</LocList>
<RootTerm CovItemId="C9" CovItemPrefix="com.OriginalFiles.MI.java" Intrnl_Id="540">
<BasicBoolTerm Intrnl_Id="541">
<LocList>
<Loc EndOffset="3690" SrcFileId="4" StartOffset="3670"/>
</LocList>
</BasicBoolTerm>
</RootTerm>
</LoopStmnt>
<BasicStmnt CovItemId="S58" CovItemPrefix="com.OriginalFiles.MI.java" Intrnl_Id="542">
<LocList>
<Loc EndOffset="3820" SrcFileId="4" StartOffset="3789"/>
</LocList>
</BasicStmnt>
<CondStmnt CovItemId="S59" CovItemPrefix="com.OriginalFiles.MI.java" Intrnl_Id="543">
<Branch CovItemId="B15" CovItemPrefix="com.OriginalFiles.MI.java" Implct="false" Intrnl_Id="544">
<Cond>
<Loc EndOffset="3939" SrcFileId="4" StartOffset="3933"/>
</Cond>
<LocList>
<Loc EndOffset="4000" SrcFileId="4" StartOffset="3954"/>
</LocList>
<StmntSeq Intrnl_Id="545">
<LocList>
<Loc EndOffset="3980" SrcFileId="4" StartOffset="3954"/>
<Loc EndOffset="4000" SrcFileId="4" StartOffset="3994"/>
</LocList>
<BasicStmnt CovItemId="S60" CovItemPrefix="com.OriginalFiles.MI.java" Intrnl_Id="546">
<LocList>
<Loc EndOffset="3980" SrcFileId="4" StartOffset="3954"/>
</LocList>
</BasicStmnt>
<BasicStmnt CovItemId="S61" CovItemPrefix="com.OriginalFiles.MI.java" Intrnl_Id="547">
<LocList>
<Loc EndOffset="4000" SrcFileId="4" StartOffset="3994"/>
</LocList>
</BasicStmnt>
</StmntSeq>
</Branch>
<Branch CovItemId="B16" CovItemPrefix="com.OriginalFiles.MI.java" Implct="false" Intrnl_Id="548">
<Cond>
<Loc EndOffset="4016" SrcFileId="4" StartOffset="4010"/>
</Cond>
<LocList>
<Loc EndOffset="4077" SrcFileId="4" StartOffset="4031"/>
</LocList>
<StmntSeq Intrnl_Id="549">
<LocList>
<Loc EndOffset="4057" SrcFileId="4" StartOffset="4031"/>
<Loc EndOffset="4077" SrcFileId="4" StartOffset="4071"/>
</LocList>
<BasicStmnt CovItemId="S62" CovItemPrefix="com.OriginalFiles.MI.java" Intrnl_Id="550">
<LocList>
<Loc EndOffset="4057" SrcFileId="4" StartOffset="4031"/>
</LocList>
</BasicStmnt>
<BasicStmnt CovItemId="S63" CovItemPrefix="com.OriginalFiles.MI.java" Intrnl_Id="551">
<LocList>
<Loc EndOffset="4077" SrcFileId="4" StartOffset="4071"/>
</LocList>
</BasicStmnt>
</StmntSeq>
</Branch>
<Branch CovItemId="B17" CovItemPrefix="com.OriginalFiles.MI.java" Implct="false" Intrnl_Id="552">
<Cond>
<Loc EndOffset="4093" SrcFileId="4" StartOffset="4087"/>
</Cond>
<LocList>
<Loc EndOffset="4155" SrcFileId="4" StartOffset="4108"/>
</LocList>
<StmntSeq Intrnl_Id="553">
<LocList>
<Loc EndOffset="4135" SrcFileId="4" StartOffset="4108"/>
<Loc EndOffset="4155" SrcFileId="4" StartOffset="4149"/>
</LocList>
<BasicStmnt CovItemId="S64" CovItemPrefix="com.OriginalFiles.MI.java" Intrnl_Id="554">
<LocList>
<Loc EndOffset="4135" SrcFileId="4" StartOffset="4108"/>
</LocList>
</BasicStmnt>
<BasicStmnt CovItemId="S65" CovItemPrefix="com.OriginalFiles.MI.java" Intrnl_Id="555">
<LocList>
<Loc EndOffset="4155" SrcFileId="4" StartOffset="4149"/>
</LocList>
</BasicStmnt>
</StmntSeq>
</Branch>
<Branch CovItemId="B18" CovItemPrefix="com.OriginalFiles.MI.java" Implct="false" Intrnl_Id="556">
<Cond>
<Loc EndOffset="4172" SrcFileId="4" StartOffset="4165"/>
</Cond>
<LocList>
<Loc EndOffset="4305" SrcFileId="4" StartOffset="4187"/>
</LocList>
<StmntSeq Intrnl_Id="557">
<LocList>
<Loc EndOffset="4285" SrcFileId="4" StartOffset="4187"/>
<Loc EndOffset="4305" SrcFileId="4" StartOffset="4299"/>
</LocList>
<BasicStmnt CovItemId="S66" CovItemPrefix="com.OriginalFiles.MI.java" Intrnl_Id="558">
<LocList>
<Loc EndOffset="4285" SrcFileId="4" StartOffset="4187"/>
</LocList>
</BasicStmnt>
<BasicStmnt CovItemId="S67" CovItemPrefix="com.OriginalFiles.MI.java" Intrnl_Id="559">
<LocList>
<Loc EndOffset="4305" SrcFileId="4" StartOffset="4299"/>
</LocList>
</BasicStmnt>
</StmntSeq>
</Branch>
<Keyword EndOffset="3838" SrcFileId="4" StartOffset="3832"/>
<LocList>
<Loc EndOffset="4316" SrcFileId="4" StartOffset="3832"/>
</LocList>
</CondStmnt>
<BasicStmnt CovItemId="S68" CovItemPrefix="com.OriginalFiles.MI.java" Intrnl_Id="560">
<LocList>
<Loc EndOffset="4348" SrcFileId="4" StartOffset="4328"/>
</LocList>
</BasicStmnt>
</StmntSeq>
</HierarchyLvl>
<HierarchyLvl HierarchyLvlId="31" HierarchyLvlTypeId="14" Intrnl_Id="561" Name="gameState">
<Header>
<Loc EndOffset="4386" SrcFileId="4" StartOffset="4363"/>
</Header>
<LocList>
<Loc EndOffset="4534" SrcFileId="4" StartOffset="4363"/>
</LocList>
<StmntSeq Intrnl_Id="562">
<LocList>
<Loc EndOffset="4500" SrcFileId="4" StartOffset="4398"/>
<Loc EndOffset="4527" SrcFileId="4" StartOffset="4510"/>
</LocList>
<CondStmnt CovItemId="S69" CovItemPrefix="com.OriginalFiles.MI.java" Intrnl_Id="563">
<Branch CovItemId="B19" CovItemPrefix="com.OriginalFiles.MI.java" Implct="false" Intrnl_Id="564">
<Cond/>
<LocList>
<Loc EndOffset="4500" SrcFileId="4" StartOffset="4457"/>
</LocList>
<StmntSeq Intrnl_Id="565">
<LocList>
<Loc EndOffset="4489" SrcFileId="4" StartOffset="4472"/>
</LocList>
<BasicStmnt CovItemId="S70" CovItemPrefix="com.OriginalFiles.MI.java" Intrnl_Id="566">
<LocList>
<Loc EndOffset="4489" SrcFileId="4" StartOffset="4472"/>
</LocList>
</BasicStmnt>
</StmntSeq>
</Branch>
<Branch CovItemId="B20" CovItemPrefix="com.OriginalFiles.MI.java" Implct="true" Intrnl_Id="567">
<Cond/>
<LocList/>
<StmntSeq Intrnl_Id="568">
<LocList/>
</StmntSeq>
</Branch>
<Keyword EndOffset="4400" SrcFileId="4" StartOffset="4398"/>
<LocList>
<Loc EndOffset="4500" SrcFileId="4" StartOffset="4398"/>
</LocList>
<RootTerm CovItemId="C10" CovItemPrefix="com.OriginalFiles.MI.java" Intrnl_Id="569">
<BasicBoolTerm Intrnl_Id="570">
<LocList>
<Loc EndOffset="4455" SrcFileId="4" StartOffset="4402"/>
</LocList>
</BasicBoolTerm>
</RootTerm>
</CondStmnt>
<BasicStmnt CovItemId="S71" CovItemPrefix="com.OriginalFiles.MI.java" Intrnl_Id="571">
<LocList>
<Loc EndOffset="4527" SrcFileId="4" StartOffset="4510"/>
</LocList>
</BasicStmnt>
</StmntSeq>
</HierarchyLvl>
<HierarchyLvl HierarchyLvlId="32" HierarchyLvlTypeId="14" Intrnl_Id="572" Name="max">
<Header>
<Loc EndOffset="4580" SrcFileId="4" StartOffset="4542"/>
</Header>
<LocList>
<Loc EndOffset="4664" SrcFileId="4" StartOffset="4542"/>
</LocList>
<StmntSeq Intrnl_Id="573">
<LocList>
<Loc EndOffset="4638" SrcFileId="4" StartOffset="4592"/>
<Loc EndOffset="4657" SrcFileId="4" StartOffset="4648"/>
</LocList>
<CondStmnt CovItemId="S72" CovItemPrefix="com.OriginalFiles.MI.java" Intrnl_Id="574">
<Branch CovItemId="B21" CovItemPrefix="com.OriginalFiles.MI.java" Implct="false" Intrnl_Id="575">
<Cond/>
<LocList>
<Loc EndOffset="4638" SrcFileId="4" StartOffset="4603"/>
</LocList>
<StmntSeq Intrnl_Id="576">
<LocList>
<Loc EndOffset="4627" SrcFileId="4" StartOffset="4618"/>
</LocList>
<BasicStmnt CovItemId="S73" CovItemPrefix="com.OriginalFiles.MI.java" Intrnl_Id="577">
<LocList>
<Loc EndOffset="4627" SrcFileId="4" StartOffset="4618"/>
</LocList>
</BasicStmnt>
</StmntSeq>
</Branch>
<Branch CovItemId="B22" CovItemPrefix="com.OriginalFiles.MI.java" Implct="true" Intrnl_Id="578">
<Cond/>
<LocList/>
<StmntSeq Intrnl_Id="579">
<LocList/>
</StmntSeq>
</Branch>
<Keyword EndOffset="4594" SrcFileId="4" StartOffset="4592"/>
<LocList>
<Loc EndOffset="4638" SrcFileId="4" StartOffset="4592"/>
</LocList>
<RootTerm CovItemId="C11" CovItemPrefix="com.OriginalFiles.MI.java" Intrnl_Id="580">
<BasicBoolTerm Intrnl_Id="581">
<LocList>
<Loc EndOffset="4601" SrcFileId="4" StartOffset="4596"/>
</LocList>
</BasicBoolTerm>
</RootTerm>
</CondStmnt>
<BasicStmnt CovItemId="S74" CovItemPrefix="com.OriginalFiles.MI.java" Intrnl_Id="582">
<LocList>
<Loc EndOffset="4657" SrcFileId="4" StartOffset="4648"/>
</LocList>
</BasicStmnt>
</StmntSeq>
</HierarchyLvl>
<HierarchyLvl HierarchyLvlId="33" HierarchyLvlTypeId="14" Intrnl_Id="583" Name="simulateMove">
<Header>
<Loc EndOffset="4851" SrcFileId="4" StartOffset="4784"/>
</Header>
<LocList>
<Loc EndOffset="6042" SrcFileId="4" StartOffset="4784"/>
</LocList>
<StmntSeq Intrnl_Id="584">
<LocList>
<Loc EndOffset="6035" SrcFileId="4" StartOffset="4863"/>
</LocList>
<CondStmnt CovItemId="S75" CovItemPrefix="com.OriginalFiles.MI.java" Intrnl_Id="585">
<Branch CovItemId="B23" CovItemPrefix="com.OriginalFiles.MI.java" Implct="false" Intrnl_Id="586">
<Cond/>
<LocList>
<Loc EndOffset="6035" SrcFileId="4" StartOffset="4891"/>
</LocList>
<StmntSeq Intrnl_Id="587">
<LocList>
<Loc EndOffset="4939" SrcFileId="4" StartOffset="4906"/>
<Loc EndOffset="5985" SrcFileId="4" StartOffset="4953"/>
<Loc EndOffset="6024" SrcFileId="4" StartOffset="5999"/>
</LocList>
<BasicStmnt CovItemId="S76" CovItemPrefix="com.OriginalFiles.MI.java" Intrnl_Id="588">
<LocList>
<Loc EndOffset="4939" SrcFileId="4" StartOffset="4906"/>
</LocList>
</BasicStmnt>
<LoopStmnt CovItemId="S77" CovItemPrefix="com.OriginalFiles.MI.java" Intrnl_Id="589" MltplExecId="L7-2" MltplExecPrefix="com.OriginalFiles.MI.java" NvrExecId="L7-0" NvrExecPrefix="com.OriginalFiles.MI.java" OnceExecutedId="L7-1" OnceExecutedPrefix="com.OriginalFiles.MI.java" OptBodyExec="true">
<StmntSeq Intrnl_Id="590">
<LocList>
<Loc EndOffset="5034" SrcFileId="4" StartOffset="5003"/>
<Loc EndOffset="5085" SrcFileId="4" StartOffset="5052"/>
<Loc EndOffset="5864" SrcFileId="4" StartOffset="5105"/>
<Loc EndOffset="5970" SrcFileId="4" StartOffset="5882"/>
</LocList>
<BasicStmnt CovItemId="S78" CovItemPrefix="com.OriginalFiles.MI.java" Intrnl_Id="591">
<LocList>
<Loc EndOffset="5034" SrcFileId="4" StartOffset="5003"/>
</LocList>
</BasicStmnt>
<BasicStmnt CovItemId="S79" CovItemPrefix="com.OriginalFiles.MI.java" Intrnl_Id="592">
<LocList>
<Loc EndOffset="5085" SrcFileId="4" StartOffset="5052"/>
</LocList>
</BasicStmnt>
<CondStmnt CovItemId="S80" CovItemPrefix="com.OriginalFiles.MI.java" Intrnl_Id="593">
<Branch CovItemId="B25" CovItemPrefix="com.OriginalFiles.MI.java" Implct="false" Intrnl_Id="594">
<Cond/>
<LocList>
<Loc EndOffset="5864" SrcFileId="4" StartOffset="5139"/>
</LocList>
<StmntSeq Intrnl_Id="595">
<LocList>
<Loc EndOffset="5333" SrcFileId="4" StartOffset="5162"/>
<Loc EndOffset="5612" SrcFileId="4" StartOffset="5355"/>
<Loc EndOffset="5667" SrcFileId="4" StartOffset="5634"/>
<Loc EndOffset="5845" SrcFileId="4" StartOffset="5689"/>
</LocList>
<BasicStmnt CovItemId="S81" CovItemPrefix="com.OriginalFiles.MI.java" Intrnl_Id="596">
<LocList>
<Loc EndOffset="5333" SrcFileId="4" StartOffset="5162"/>
</LocList>
</BasicStmnt>
<CondStmnt CovItemId="S82" CovItemPrefix="com.OriginalFiles.MI.java" Intrnl_Id="597">
<Branch CovItemId="B27" CovItemPrefix="com.OriginalFiles.MI.java" Implct="false" Intrnl_Id="598">
<Cond/>
<LocList>
<Loc EndOffset="5527" SrcFileId="4" StartOffset="5448"/>
</LocList>
<StmntSeq Intrnl_Id="599">
<LocList>
<Loc EndOffset="5504" SrcFileId="4" StartOffset="5475"/>
</LocList>
<BasicStmnt CovItemId="S83" CovItemPrefix="com.OriginalFiles.MI.java" Intrnl_Id="600">
<LocList>
<Loc EndOffset="5504" SrcFileId="4" StartOffset="5475"/>
</LocList>
</BasicStmnt>
</StmntSeq>
</Branch>
<Branch CovItemId="B28" CovItemPrefix="com.OriginalFiles.MI.java" Implct="false" Intrnl_Id="601">
<Cond>
<Loc EndOffset="5532" SrcFileId="4" StartOffset="5528"/>
</Cond>
<LocList>
<Loc EndOffset="5612" SrcFileId="4" StartOffset="5533"/>
</LocList>
<StmntSeq Intrnl_Id="602">
<LocList>
<Loc EndOffset="5589" SrcFileId="4" StartOffset="5560"/>
</LocList>
<BasicStmnt CovItemId="S84" CovItemPrefix="com.OriginalFiles.MI.java" Intrnl_Id="603">
<LocList>
<Loc EndOffset="5589" SrcFileId="4" StartOffset="5560"/>
</LocList>
</BasicStmnt>
</StmntSeq>
</Branch>
<Keyword EndOffset="5357" SrcFileId="4" StartOffset="5355"/>
<LocList>
<Loc EndOffset="5612" SrcFileId="4" StartOffset="5355"/>
</LocList>
<RootTerm CovItemId="C15" CovItemPrefix="com.OriginalFiles.MI.java" Intrnl_Id="604">
<BasicBoolTerm Intrnl_Id="605">
<LocList>
<Loc EndOffset="5446" SrcFileId="4" StartOffset="5359"/>
</LocList>
</BasicBoolTerm>
</RootTerm>
</CondStmnt>
<BasicStmnt CovItemId="S85" CovItemPrefix="com.OriginalFiles.MI.java" Intrnl_Id="606">
<LocList>
<Loc EndOffset="5667" SrcFileId="4" StartOffset="5634"/>
</LocList>
</BasicStmnt>
<BasicStmnt CovItemId="S86" CovItemPrefix="com.OriginalFiles.MI.java" Intrnl_Id="607">
<LocList>
<Loc EndOffset="5845" SrcFileId="4" StartOffset="5689"/>
</LocList>
</BasicStmnt>
</StmntSeq>
</Branch>
<Branch CovItemId="B26" CovItemPrefix="com.OriginalFiles.MI.java" Implct="true" Intrnl_Id="608">
<Cond/>
<LocList/>
<StmntSeq Intrnl_Id="609">
<LocList/>
</StmntSeq>
</Branch>
<Keyword EndOffset="5107" SrcFileId="4" StartOffset="5105"/>
<LocList>
<Loc EndOffset="5864" SrcFileId="4" StartOffset="5105"/>
</LocList>
<RootTerm CovItemId="C14" CovItemPrefix="com.OriginalFiles.MI.java" Intrnl_Id="610">
<BasicBoolTerm Intrnl_Id="611">
<LocList>
<Loc EndOffset="5137" SrcFileId="4" StartOffset="5109"/>
</LocList>
</BasicBoolTerm>
</RootTerm>
</CondStmnt>
<BasicStmnt CovItemId="S87" CovItemPrefix="com.OriginalFiles.MI.java" Intrnl_Id="612">
<LocList>
<Loc EndOffset="5970" SrcFileId="4" StartOffset="5882"/>
</LocList>
</BasicStmnt>
</StmntSeq>
<Keyword EndOffset="4956" SrcFileId="4" StartOffset="4953"/>
<LocList>
<Loc EndOffset="5985" SrcFileId="4" StartOffset="4953"/>
</LocList>
<RootTerm CovItemId="C13" CovItemPrefix="com.OriginalFiles.MI.java" Intrnl_Id="613">
<BasicBoolTerm Intrnl_Id="614">
<LocList>
<Loc EndOffset="4977" SrcFileId="4" StartOffset="4969"/>
</LocList>
</BasicBoolTerm>
</RootTerm>
</LoopStmnt>
<BasicStmnt CovItemId="S88" CovItemPrefix="com.OriginalFiles.MI.java" Intrnl_Id="615">
<LocList>
<Loc EndOffset="6024" SrcFileId="4" StartOffset="5999"/>
</LocList>
</BasicStmnt>
</StmntSeq>
</Branch>
<Branch CovItemId="B24" CovItemPrefix="com.OriginalFiles.MI.java" Implct="true" Intrnl_Id="616">
<Cond/>
<LocList/>
<StmntSeq Intrnl_Id="617">
<LocList/>
</StmntSeq>
</Branch>
<Keyword EndOffset="4865" SrcFileId="4" StartOffset="4863"/>
<LocList>
<Loc EndOffset="6035" SrcFileId="4" StartOffset="4863"/>
</LocList>
<RootTerm CovItemId="C12" CovItemPrefix="com.OriginalFiles.MI.java" Intrnl_Id="618">
<BasicBoolTerm Intrnl_Id="619">
<LocList>
<Loc EndOffset="4889" SrcFileId="4" StartOffset="4867"/>
</LocList>
</BasicBoolTerm>
</RootTerm>
</CondStmnt>
</StmntSeq>
</HierarchyLvl>
<HierarchyLvl HierarchyLvlId="34" HierarchyLvlTypeId="14" Intrnl_Id="620" Name="revertMove">
<Header>
<Loc EndOffset="6106" SrcFileId="4" StartOffset="6050"/>
</Header>
<LocList>
<Loc EndOffset="8022" SrcFileId="4" StartOffset="6050"/>
</LocList>
<StmntSeq Intrnl_Id="621">
<LocList>
<Loc EndOffset="8015" SrcFileId="4" StartOffset="6120"/>
</LocList>
<CondStmnt CovItemId="S89" CovItemPrefix="com.OriginalFiles.MI.java" Intrnl_Id="622">
<Branch CovItemId="B29" CovItemPrefix="com.OriginalFiles.MI.java" Implct="false" Intrnl_Id="623">
<Cond/>
<LocList>
<Loc EndOffset="8015" SrcFileId="4" StartOffset="6152"/>
</LocList>
<StmntSeq Intrnl_Id="624">
<LocList>
<Loc EndOffset="6225" SrcFileId="4" StartOffset="6167"/>
<Loc EndOffset="6288" SrcFileId="4" StartOffset="6239"/>
<Loc EndOffset="6337" SrcFileId="4" StartOffset="6304"/>
<Loc EndOffset="6373" SrcFileId="4" StartOffset="6351"/>
<Loc EndOffset="7457" SrcFileId="4" StartOffset="6389"/>
<Loc EndOffset="7504" SrcFileId="4" StartOffset="7473"/>
<Loc EndOffset="8004" SrcFileId="4" StartOffset="7520"/>
</LocList>
<BasicStmnt CovItemId="S90" CovItemPrefix="com.OriginalFiles.MI.java" Intrnl_Id="625">
<LocList>
<Loc EndOffset="6225" SrcFileId="4" StartOffset="6167"/>
</LocList>
</BasicStmnt>
<BasicStmnt CovItemId="S91" CovItemPrefix="com.OriginalFiles.MI.java" Intrnl_Id="626">
<LocList>
<Loc EndOffset="6288" SrcFileId="4" StartOffset="6239"/>
</LocList>
</BasicStmnt>
<BasicStmnt CovItemId="S92" CovItemPrefix="com.OriginalFiles.MI.java" Intrnl_Id="627">
<LocList>
<Loc EndOffset="6337" SrcFileId="4" StartOffset="6304"/>
</LocList>
</BasicStmnt>
<BasicStmnt CovItemId="S93" CovItemPrefix="com.OriginalFiles.MI.java" Intrnl_Id="628">
<LocList>
<Loc EndOffset="6373" SrcFileId="4" StartOffset="6351"/>
</LocList>
</BasicStmnt>
<LoopStmnt CovItemId="S94" CovItemPrefix="com.OriginalFiles.MI.java" Intrnl_Id="629" MltplExecId="L8-2" MltplExecPrefix="com.OriginalFiles.MI.java" NvrExecId="L8-0" NvrExecPrefix="com.OriginalFiles.MI.java" OnceExecutedId="L8-1" OnceExecutedPrefix="com.OriginalFiles.MI.java" OptBodyExec="true">
<StmntSeq Intrnl_Id="630">
<LocList>
<Loc EndOffset="6469" SrcFileId="4" StartOffset="6440"/>
<Loc EndOffset="7309" SrcFileId="4" StartOffset="6487"/>
<Loc EndOffset="7442" SrcFileId="4" StartOffset="7327"/>
</LocList>
<BasicStmnt CovItemId="S95" CovItemPrefix="com.OriginalFiles.MI.java" Intrnl_Id="631">
<LocList>
<Loc EndOffset="6469" SrcFileId="4" StartOffset="6440"/>
</LocList>
</BasicStmnt>
<CondStmnt CovItemId="S96" CovItemPrefix="com.OriginalFiles.MI.java" Intrnl_Id="632">
<Branch CovItemId="B31" CovItemPrefix="com.OriginalFiles.MI.java" Implct="false" Intrnl_Id="633">
<Cond/>
<LocList>
<Loc EndOffset="7309" SrcFileId="4" StartOffset="6512"/>
</LocList>
<StmntSeq Intrnl_Id="634">
<LocList>
<Loc EndOffset="7290" SrcFileId="4" StartOffset="6535"/>
</LocList>
<CondStmnt CovItemId="S97" CovItemPrefix="com.OriginalFiles.MI.java" Intrnl_Id="635">
<Branch CovItemId="B33" CovItemPrefix="com.OriginalFiles.MI.java" Implct="false" Intrnl_Id="636">
<Cond/>
<LocList>
<Loc EndOffset="7290" SrcFileId="4" StartOffset="6629"/>
</LocList>
<StmntSeq Intrnl_Id="637">
<LocList>
<Loc EndOffset="7196" SrcFileId="4" StartOffset="6656"/>
<Loc EndOffset="7267" SrcFileId="4" StartOffset="7222"/>
</LocList>
<CondStmnt CovItemId="S98" CovItemPrefix="com.OriginalFiles.MI.java" Intrnl_Id="638">
<Branch CovItemId="B35" CovItemPrefix="com.OriginalFiles.MI.java" Implct="false" Intrnl_Id="639">
<Cond/>
<LocList>
<Loc EndOffset="6925" SrcFileId="4" StartOffset="6751"/>
</LocList>
<StmntSeq Intrnl_Id="640">
<LocList>
<Loc EndOffset="6898" SrcFileId="4" StartOffset="6782"/>
</LocList>
<BasicStmnt CovItemId="S99" CovItemPrefix="com.OriginalFiles.MI.java" Intrnl_Id="641">
<LocList>
<Loc EndOffset="6898" SrcFileId="4" StartOffset="6782"/>
</LocList>
</BasicStmnt>
</StmntSeq>
</Branch>
<Branch CovItemId="B36" CovItemPrefix="com.OriginalFiles.MI.java" Implct="false" Intrnl_Id="642">
<Cond>
<Loc EndOffset="6930" SrcFileId="4" StartOffset="6926"/>
</Cond>
<LocList>
<Loc EndOffset="7196" SrcFileId="4" StartOffset="6931"/>
</LocList>
<StmntSeq Intrnl_Id="643">
<LocList>
<Loc EndOffset="7196" SrcFileId="4" StartOffset="6931"/>
</LocList>
<CondStmnt CovItemId="S100" CovItemPrefix="com.OriginalFiles.MI.java" Intrnl_Id="644">
<Branch CovItemId="B37" CovItemPrefix="com.OriginalFiles.MI.java" Implct="false" Intrnl_Id="645">
<Cond/>
<LocList>
<Loc EndOffset="7196" SrcFileId="4" StartOffset="7027"/>
</LocList>
<StmntSeq Intrnl_Id="646">
<LocList>
<Loc EndOffset="7169" SrcFileId="4" StartOffset="7058"/>
</LocList>
<BasicStmnt CovItemId="S101" CovItemPrefix="com.OriginalFiles.MI.java" Intrnl_Id="647">
<LocList>
<Loc EndOffset="7169" SrcFileId="4" StartOffset="7058"/>
</LocList>
</BasicStmnt>
</StmntSeq>
</Branch>
<Branch CovItemId="B38" CovItemPrefix="com.OriginalFiles.MI.java" Implct="true" Intrnl_Id="648">
<Cond/>
<LocList/>
<StmntSeq Intrnl_Id="649">
<LocList/>
</StmntSeq>
</Branch>
<Keyword EndOffset="6933" SrcFileId="4" StartOffset="6931"/>
<LocList>
<Loc EndOffset="7196" SrcFileId="4" StartOffset="6931"/>
</LocList>
<RootTerm CovItemId="C21" CovItemPrefix="com.OriginalFiles.MI.java" Intrnl_Id="650">
<BasicBoolTerm Intrnl_Id="651">
<LocList>
<Loc EndOffset="7025" SrcFileId="4" StartOffset="6935"/>
</LocList>
</BasicBoolTerm>
</RootTerm>
</CondStmnt>
</StmntSeq>
</Branch>
<Keyword EndOffset="6658" SrcFileId="4" StartOffset="6656"/>
<LocList>
<Loc EndOffset="7196" SrcFileId="4" StartOffset="6656"/>
</LocList>
<RootTerm CovItemId="C20" CovItemPrefix="com.OriginalFiles.MI.java" Intrnl_Id="652">
<BasicBoolTerm Intrnl_Id="653">
<LocList>
<Loc EndOffset="6749" SrcFileId="4" StartOffset="6660"/>
</LocList>
</BasicBoolTerm>
</RootTerm>
</CondStmnt>
<BasicStmnt CovItemId="S102" CovItemPrefix="com.OriginalFiles.MI.java" Intrnl_Id="654">
<LocList>
<Loc EndOffset="7267" SrcFileId="4" StartOffset="7222"/>
</LocList>
</BasicStmnt>
</StmntSeq>
</Branch>
<Branch CovItemId="B34" CovItemPrefix="com.OriginalFiles.MI.java" Implct="true" Intrnl_Id="655">
<Cond/>
<LocList/>
<StmntSeq Intrnl_Id="656">
<LocList/>
</StmntSeq>
</Branch>
<Keyword EndOffset="6537" SrcFileId="4" StartOffset="6535"/>
<LocList>
<Loc EndOffset="7290" SrcFileId="4" StartOffset="6535"/>
</LocList>
<RootTerm CovItemId="C19" CovItemPrefix="com.OriginalFiles.MI.java" Intrnl_Id="657">
<OpTerm BooleanOpId="10" Intrnl_Id="658">
<BasicBoolTerm Intrnl_Id="659">
<LocList>
<Loc EndOffset="6575" SrcFileId="4" StartOffset="6539"/>
</LocList>
</BasicBoolTerm>
<OpTerm BooleanOpId="9" Intrnl_Id="660">
<BasicBoolTerm Intrnl_Id="661">
<LocList>
<Loc EndOffset="6627" SrcFileId="4" StartOffset="6609"/>
</LocList>
</BasicBoolTerm>
<LocList>
<Loc EndOffset="6609" SrcFileId="4" StartOffset="6608"/>
</LocList>
</OpTerm>
<LocList>
<Loc EndOffset="6607" SrcFileId="4" StartOffset="6605"/>
</LocList>
</OpTerm>
</RootTerm>
</CondStmnt>
</StmntSeq>
</Branch>
<Branch CovItemId="B32" CovItemPrefix="com.OriginalFiles.MI.java" Implct="true" Intrnl_Id="662">
<Cond/>
<LocList/>
<StmntSeq Intrnl_Id="663">
<LocList/>
</StmntSeq>
</Branch>
<Keyword EndOffset="6489" SrcFileId="4" StartOffset="6487"/>
<LocList>
<Loc EndOffset="7309" SrcFileId="4" StartOffset="6487"/>
</LocList>
<RootTerm CovItemId="C18" CovItemPrefix="com.OriginalFiles.MI.java" Intrnl_Id="664">
<OpTerm BooleanOpId="9" Intrnl_Id="665">
<BasicBoolTerm Intrnl_Id="666">
<LocList>
<Loc EndOffset="6510" SrcFileId="4" StartOffset="6492"/>
</LocList>
</BasicBoolTerm>
<LocList>
<Loc EndOffset="6492" SrcFileId="4" StartOffset="6491"/>
</LocList>
</OpTerm>
</RootTerm>
</CondStmnt>
<BasicStmnt CovItemId="S103" CovItemPrefix="com.OriginalFiles.MI.java" Intrnl_Id="667">
<LocList>
<Loc EndOffset="7442" SrcFileId="4" StartOffset="7327"/>
</LocList>
</BasicStmnt>
</StmntSeq>
<Keyword EndOffset="6392" SrcFileId="4" StartOffset="6389"/>
<LocList>
<Loc EndOffset="7457" SrcFileId="4" StartOffset="6389"/>
</LocList>
<RootTerm CovItemId="C17" CovItemPrefix="com.OriginalFiles.MI.java" Intrnl_Id="668">
<BasicBoolTerm Intrnl_Id="669">
<LocList>
<Loc EndOffset="6414" SrcFileId="4" StartOffset="6408"/>
</LocList>
</BasicBoolTerm>
</RootTerm>
</LoopStmnt>
<BasicStmnt CovItemId="S104" CovItemPrefix="com.OriginalFiles.MI.java" Intrnl_Id="670">
<LocList>
<Loc EndOffset="7504" SrcFileId="4" StartOffset="7473"/>
</LocList>
</BasicStmnt>
<LoopStmnt CovItemId="S105" CovItemPrefix="com.OriginalFiles.MI.java" Intrnl_Id="671" MltplExecId="L9-2" MltplExecPrefix="com.OriginalFiles.MI.java" NvrExecId="L9-0" NvrExecPrefix="com.OriginalFiles.MI.java" OnceExecutedId="L9-1" OnceExecutedPrefix="com.OriginalFiles.MI.java" OptBodyExec="true">
<StmntSeq Intrnl_Id="672">
<LocList>
<Loc EndOffset="7612" SrcFileId="4" StartOffset="7570"/>
<Loc EndOffset="7832" SrcFileId="4" StartOffset="7630"/>
<Loc EndOffset="7989" SrcFileId="4" StartOffset="7850"/>
</LocList>
<BasicStmnt CovItemId="S106" CovItemPrefix="com.OriginalFiles.MI.java" Intrnl_Id="673">
<LocList>
<Loc EndOffset="7612" SrcFileId="4" StartOffset="7570"/>
</LocList>
</BasicStmnt>
<CondStmnt CovItemId="S107" CovItemPrefix="com.OriginalFiles.MI.java" Intrnl_Id="674">
<Branch CovItemId="B39" CovItemPrefix="com.OriginalFiles.MI.java" Implct="false" Intrnl_Id="675">
<Cond/>
<LocList>
<Loc EndOffset="7759" SrcFileId="4" StartOffset="7692"/>
</LocList>
<StmntSeq Intrnl_Id="676">
<LocList>
<Loc EndOffset="7740" SrcFileId="4" StartOffset="7715"/>
</LocList>
<BasicStmnt CovItemId="S108" CovItemPrefix="com.OriginalFiles.MI.java" Intrnl_Id="677">
<LocList>
<Loc EndOffset="7740" SrcFileId="4" StartOffset="7715"/>
</LocList>
</BasicStmnt>
</StmntSeq>
</Branch>
<Branch CovItemId="B40" CovItemPrefix="com.OriginalFiles.MI.java" Implct="false" Intrnl_Id="678">
<Cond>
<Loc EndOffset="7764" SrcFileId="4" StartOffset="7760"/>
</Cond>
<LocList>
<Loc EndOffset="7832" SrcFileId="4" StartOffset="7765"/>
</LocList>
<StmntSeq Intrnl_Id="679">
<LocList>
<Loc EndOffset="7813" SrcFileId="4" StartOffset="7788"/>
</LocList>
<BasicStmnt CovItemId="S109" CovItemPrefix="com.OriginalFiles.MI.java" Intrnl_Id="680">
<LocList>
<Loc EndOffset="7813" SrcFileId="4" StartOffset="7788"/>
</LocList>
</BasicStmnt>
</StmntSeq>
</Branch>
<Keyword EndOffset="7632" SrcFileId="4" StartOffset="7630"/>
<LocList>
<Loc EndOffset="7832" SrcFileId="4" StartOffset="7630"/>
</LocList>
<RootTerm CovItemId="C23" CovItemPrefix="com.OriginalFiles.MI.java" Intrnl_Id="681">
<BasicBoolTerm Intrnl_Id="682">
<LocList>
<Loc EndOffset="7690" SrcFileId="4" StartOffset="7634"/>
</LocList>
</BasicBoolTerm>
</RootTerm>
</CondStmnt>
<BasicStmnt CovItemId="S110" CovItemPrefix="com.OriginalFiles.MI.java" Intrnl_Id="683">
<LocList>
<Loc EndOffset="7989" SrcFileId="4" StartOffset="7850"/>
</LocList>
</BasicStmnt>
</StmntSeq>
<Keyword EndOffset="7523" SrcFileId="4" StartOffset="7520"/>
<LocList>
<Loc EndOffset="8004" SrcFileId="4" StartOffset="7520"/>
</LocList>
<RootTerm CovItemId="C22" CovItemPrefix="com.OriginalFiles.MI.java" Intrnl_Id="684">
<BasicBoolTerm Intrnl_Id="685">
<LocList>
<Loc EndOffset="7544" SrcFileId="4" StartOffset="7536"/>
</LocList>
</BasicBoolTerm>
</RootTerm>
</LoopStmnt>
</StmntSeq>
</Branch>
<Branch CovItemId="B30" CovItemPrefix="com.OriginalFiles.MI.java" Implct="true" Intrnl_Id="686">
<Cond/>
<LocList/>
<StmntSeq Intrnl_Id="687">
<LocList/>
</StmntSeq>
</Branch>
<Keyword EndOffset="6122" SrcFileId="4" StartOffset="6120"/>
<LocList>
<Loc EndOffset="8015" SrcFileId="4" StartOffset="6120"/>
</LocList>
<RootTerm CovItemId="C16" CovItemPrefix="com.OriginalFiles.MI.java" Intrnl_Id="688">
<BasicBoolTerm Intrnl_Id="689">
<LocList>
<Loc EndOffset="6150" SrcFileId="4" StartOffset="6124"/>
</LocList>
</BasicBoolTerm>
</RootTerm>
</CondStmnt>
</StmntSeq>
</HierarchyLvl>
<HierarchyLvl HierarchyLvlId="35" HierarchyLvlTypeId="14" Intrnl_Id="690" Name="possibleMoves">
<Header>
<Loc EndOffset="8182" SrcFileId="4" StartOffset="8059"/>
</Header>
<LocList>
<Loc EndOffset="10432" SrcFileId="4" StartOffset="8059"/>
</LocList>
<StmntSeq Intrnl_Id="691">
<LocList>
<Loc EndOffset="8243" SrcFileId="4" StartOffset="8194"/>
<Loc EndOffset="8298" SrcFileId="4" StartOffset="8253"/>
<Loc EndOffset="8350" SrcFileId="4" StartOffset="8308"/>
<Loc EndOffset="10286" SrcFileId="4" StartOffset="8360"/>
<Loc EndOffset="10425" SrcFileId="4" StartOffset="10298"/>
</LocList>
<BasicStmnt CovItemId="S111" CovItemPrefix="com.OriginalFiles.MI.java" Intrnl_Id="692">
<LocList>
<Loc EndOffset="8243" SrcFileId="4" StartOffset="8194"/>
</LocList>
</BasicStmnt>
<BasicStmnt CovItemId="S112" CovItemPrefix="com.OriginalFiles.MI.java" Intrnl_Id="693">
<LocList>
<Loc EndOffset="8298" SrcFileId="4" StartOffset="8253"/>
</LocList>
</BasicStmnt>
<BasicStmnt CovItemId="S113" CovItemPrefix="com.OriginalFiles.MI.java" Intrnl_Id="694">
<LocList>
<Loc EndOffset="8350" SrcFileId="4" StartOffset="8308"/>
</LocList>
</BasicStmnt>
<LoopStmnt CovItemId="S114" CovItemPrefix="com.OriginalFiles.MI.java" Intrnl_Id="695" MltplExecId="L10-2" MltplExecPrefix="com.OriginalFiles.MI.java" NvrExecId="L10-0" NvrExecPrefix="com.OriginalFiles.MI.java" OnceExecutedId="L10-1" OnceExecutedPrefix="com.OriginalFiles.MI.java" OptBodyExec="true">
<StmntSeq Intrnl_Id="696">
<LocList>
<Loc EndOffset="10275" SrcFileId="4" StartOffset="8425"/>
</LocList>
<LoopStmnt CovItemId="S115" CovItemPrefix="com.OriginalFiles.MI.java" Intrnl_Id="697" MltplExecId="L11-2" MltplExecPrefix="com.OriginalFiles.MI.java" NvrExecId="L11-0" NvrExecPrefix="com.OriginalFiles.MI.java" OnceExecutedId="L11-1" OnceExecutedPrefix="com.OriginalFiles.MI.java" OptBodyExec="true">
<StmntSeq Intrnl_Id="698">
<LocList>
<Loc EndOffset="10260" SrcFileId="4" StartOffset="8466"/>
</LocList>
<CondStmnt CovItemId="S116" CovItemPrefix="com.OriginalFiles.MI.java" Intrnl_Id="699">
<Branch CovItemId="B41" CovItemPrefix="com.OriginalFiles.MI.java" Implct="false" Intrnl_Id="700">
<Cond/>
<LocList>
<Loc EndOffset="10260" SrcFileId="4" StartOffset="8488"/>
</LocList>
<StmntSeq Intrnl_Id="701">
<LocList>
<Loc EndOffset="10241" SrcFileId="4" StartOffset="8511"/>
</LocList>
<CondStmnt CovItemId="S117" CovItemPrefix="com.OriginalFiles.MI.java" Intrnl_Id="702">
<Branch CovItemId="B43" CovItemPrefix="com.OriginalFiles.MI.java" Implct="false" Intrnl_Id="703">
<Cond/>
<LocList>
<Loc EndOffset="10241" SrcFileId="4" StartOffset="8679"/>
</LocList>
<StmntSeq Intrnl_Id="704">
<LocList>
<Loc EndOffset="10218" SrcFileId="4" StartOffset="8739"/>
</LocList>
<CondStmnt CovItemId="S118" CovItemPrefix="com.OriginalFiles.MI.java" Intrnl_Id="705">
<Branch CovItemId="B45" CovItemPrefix="com.OriginalFiles.MI.java" Implct="false" Intrnl_Id="706">
<Cond/>
<LocList>
<Loc EndOffset="9518" SrcFileId="4" StartOffset="8776"/>
</LocList>
<StmntSeq Intrnl_Id="707">
<LocList>
<Loc EndOffset="9119" SrcFileId="4" StartOffset="8807"/>
<Loc EndOffset="9491" SrcFileId="4" StartOffset="9151"/>
</LocList>
<BasicStmnt CovItemId="S119" CovItemPrefix="com.OriginalFiles.MI.java" Intrnl_Id="708">
<LocList>
<Loc EndOffset="9119" SrcFileId="4" StartOffset="8807"/>
</LocList>
</BasicStmnt>
<LoopStmnt CovItemId="S120" CovItemPrefix="com.OriginalFiles.MI.java" Intrnl_Id="709" MltplExecId="L12-2" MltplExecPrefix="com.OriginalFiles.MI.java" NvrExecId="L12-0" NvrExecPrefix="com.OriginalFiles.MI.java" OnceExecutedId="L12-1" OnceExecutedPrefix="com.OriginalFiles.MI.java" OptBodyExec="true">
<StmntSeq Intrnl_Id="710">
<LocList>
<Loc EndOffset="9460" SrcFileId="4" StartOffset="9232"/>
</LocList>
<CondStmnt CovItemId="S121" CovItemPrefix="com.OriginalFiles.MI.java" Intrnl_Id="711">
<Branch CovItemId="B47" CovItemPrefix="com.OriginalFiles.MI.java" Implct="false" Intrnl_Id="712">
<Cond/>
<LocList>
<Loc EndOffset="9460" SrcFileId="4" StartOffset="9263"/>
</LocList>
<StmntSeq Intrnl_Id="713">
<LocList>
<Loc EndOffset="9425" SrcFileId="4" StartOffset="9302"/>
</LocList>
<BasicStmnt CovItemId="S122" CovItemPrefix="com.OriginalFiles.MI.java" Intrnl_Id="714">
<LocList>
<Loc EndOffset="9425" SrcFileId="4" StartOffset="9302"/>
</LocList>
</BasicStmnt>
</StmntSeq>
</Branch>
<Branch CovItemId="B48" CovItemPrefix="com.OriginalFiles.MI.java" Implct="true" Intrnl_Id="715">
<Cond/>
<LocList/>
<StmntSeq Intrnl_Id="716">
<LocList/>
</StmntSeq>
</Branch>
<Keyword EndOffset="9234" SrcFileId="4" StartOffset="9232"/>
<LocList>
<Loc EndOffset="9460" SrcFileId="4" StartOffset="9232"/>
</LocList>
<RootTerm CovItemId="C27" CovItemPrefix="com.OriginalFiles.MI.java" Intrnl_Id="717">
<BasicBoolTerm Intrnl_Id="718">
<LocList>
<Loc EndOffset="9261" SrcFileId="4" StartOffset="9236"/>
</LocList>
</BasicBoolTerm>
</RootTerm>
</CondStmnt>
</StmntSeq>
<Keyword EndOffset="9154" SrcFileId="4" StartOffset="9151"/>
<LocList>
<Loc EndOffset="9491" SrcFileId="4" StartOffset="9151"/>
</LocList>
</LoopStmnt>
</StmntSeq>
</Branch>
<Branch CovItemId="B46" CovItemPrefix="com.OriginalFiles.MI.java" Implct="false" Intrnl_Id="719">
<Cond>
<Loc EndOffset="9523" SrcFileId="4" StartOffset="9519"/>
</Cond>
<LocList>
<Loc EndOffset="10218" SrcFileId="4" StartOffset="9524"/>
</LocList>
<StmntSeq Intrnl_Id="720">
<LocList>
<Loc EndOffset="9726" SrcFileId="4" StartOffset="9565"/>
<Loc EndOffset="10191" SrcFileId="4" StartOffset="9800"/>
</LocList>
<BasicStmnt CovItemId="S123" CovItemPrefix="com.OriginalFiles.MI.java" Intrnl_Id="721">
<LocList>
<Loc EndOffset="9726" SrcFileId="4" StartOffset="9565"/>
</LocList>
</BasicStmnt>
<CondStmnt CovItemId="S124" CovItemPrefix="com.OriginalFiles.MI.java" Intrnl_Id="722">
<Branch CovItemId="B49" CovItemPrefix="com.OriginalFiles.MI.java" Implct="false" Intrnl_Id="723">
<Cond/>
<LocList>
<Loc EndOffset="10191" SrcFileId="4" StartOffset="9830"/>
</LocList>
<StmntSeq Intrnl_Id="724">
<LocList>
<Loc EndOffset="10160" SrcFileId="4" StartOffset="9865"/>
</LocList>
<LoopStmnt CovItemId="S125" CovItemPrefix="com.OriginalFiles.MI.java" Intrnl_Id="725" MltplExecId="L13-2" MltplExecPrefix="com.OriginalFiles.MI.java" NvrExecId="L13-0" NvrExecPrefix="com.OriginalFiles.MI.java" OnceExecutedId="L13-1" OnceExecutedPrefix="com.OriginalFiles.MI.java" OptBodyExec="true">
<StmntSeq Intrnl_Id="726">
<LocList>
<Loc EndOffset="10063" SrcFileId="4" StartOffset="9941"/>
<Loc EndOffset="10125" SrcFileId="4" StartOffset="10101"/>
</LocList>
<BasicStmnt CovItemId="S126" CovItemPrefix="com.OriginalFiles.MI.java" Intrnl_Id="727">
<LocList>
<Loc EndOffset="10063" SrcFileId="4" StartOffset="9941"/>
</LocList>
</BasicStmnt>
<BasicStmnt CovItemId="S127" CovItemPrefix="com.OriginalFiles.MI.java" Intrnl_Id="728">
<LocList>
<Loc EndOffset="10125" SrcFileId="4" StartOffset="10101"/>
</LocList>
</BasicStmnt>
</StmntSeq>
<Keyword EndOffset="9868" SrcFileId="4" StartOffset="9865"/>
<LocList>
<Loc EndOffset="10160" SrcFileId="4" StartOffset="9865"/>
</LocList>
</LoopStmnt>
</StmntSeq>
</Branch>
<Branch CovItemId="B50" CovItemPrefix="com.OriginalFiles.MI.java" Implct="true" Intrnl_Id="729">
<Cond/>
<LocList/>
<StmntSeq Intrnl_Id="730">
<LocList/>
</StmntSeq>
</Branch>
<Keyword EndOffset="9802" SrcFileId="4" StartOffset="9800"/>
<LocList>
<Loc EndOffset="10191" SrcFileId="4" StartOffset="9800"/>
</LocList>
<RootTerm CovItemId="C28" CovItemPrefix="com.OriginalFiles.MI.java" Intrnl_Id="731">
<OpTerm BooleanOpId="9" Intrnl_Id="732">
<BasicBoolTerm Intrnl_Id="733">
<LocList>
<Loc EndOffset="9828" SrcFileId="4" StartOffset="9805"/>
</LocList>
</BasicBoolTerm>
<LocList>
<Loc EndOffset="9805" SrcFileId="4" StartOffset="9804"/>
</LocList>
</OpTerm>
</RootTerm>
</CondStmnt>
</StmntSeq>
</Branch>
<Keyword EndOffset="8741" SrcFileId="4" StartOffset="8739"/>
<LocList>
<Loc EndOffset="10218" SrcFileId="4" StartOffset="8739"/>
</LocList>
<RootTerm CovItemId="C26" CovItemPrefix="com.OriginalFiles.MI.java" Intrnl_Id="734">
<BasicBoolTerm Intrnl_Id="735">
<LocList>
<Loc EndOffset="8774" SrcFileId="4" StartOffset="8743"/>
</LocList>
</BasicBoolTerm>
</RootTerm>
</CondStmnt>
</StmntSeq>
</Branch>
<Branch CovItemId="B44" CovItemPrefix="com.OriginalFiles.MI.java" Implct="true" Intrnl_Id="736">
<Cond/>
<LocList/>
<StmntSeq Intrnl_Id="737">
<LocList/>
</StmntSeq>
</Branch>
<Keyword EndOffset="8513" SrcFileId="4" StartOffset="8511"/>
<LocList>
<Loc EndOffset="10241" SrcFileId="4" StartOffset="8511"/>
</LocList>
<RootTerm CovItemId="C25" CovItemPrefix="com.OriginalFiles.MI.java" Intrnl_Id="738">
<OpTerm BooleanOpId="10" Intrnl_Id="739">
<BasicBoolTerm Intrnl_Id="740">
<LocList>
<Loc EndOffset="8549" SrcFileId="4" StartOffset="8515"/>
</LocList>
</BasicBoolTerm>
<BasicBoolTerm Intrnl_Id="741">
<LocList>
<Loc EndOffset="8677" SrcFileId="4" StartOffset="8582"/>
</LocList>
</BasicBoolTerm>
<LocList>
<Loc EndOffset="8581" SrcFileId="4" StartOffset="8579"/>
</LocList>
</OpTerm>
</RootTerm>
</CondStmnt>
</StmntSeq>
</Branch>
<Branch CovItemId="B42" CovItemPrefix="com.OriginalFiles.MI.java" Implct="true" Intrnl_Id="742">
<Cond/>
<LocList/>
<StmntSeq Intrnl_Id="743">
<LocList/>
</StmntSeq>
</Branch>
<Keyword EndOffset="8468" SrcFileId="4" StartOffset="8466"/>
<LocList>
<Loc EndOffset="10260" SrcFileId="4" StartOffset="8466"/>
</LocList>
<RootTerm CovItemId="C24" CovItemPrefix="com.OriginalFiles.MI.java" Intrnl_Id="744">
<OpTerm BooleanOpId="9" Intrnl_Id="745">
<BasicBoolTerm Intrnl_Id="746">
<LocList>
<Loc EndOffset="8486" SrcFileId="4" StartOffset="8471"/>
</LocList>
</BasicBoolTerm>
<LocList>
<Loc EndOffset="8471" SrcFileId="4" StartOffset="8470"/>
</LocList>
</OpTerm>
</RootTerm>
</CondStmnt>
</StmntSeq>
<Keyword EndOffset="8428" SrcFileId="4" StartOffset="8425"/>
<LocList>
<Loc EndOffset="10275" SrcFileId="4" StartOffset="8425"/>
</LocList>
</LoopStmnt>
</StmntSeq>
<Keyword EndOffset="8363" SrcFileId="4" StartOffset="8360"/>
<LocList>
<Loc EndOffset="10286" SrcFileId="4" StartOffset="8360"/>
</LocList>
</LoopStmnt>
<CondStmnt CovItemId="S128" CovItemPrefix="com.OriginalFiles.MI.java" Intrnl_Id="747">
<Branch CovItemId="B51" CovItemPrefix="com.OriginalFiles.MI.java" Implct="false" Intrnl_Id="748">
<Cond/>
<LocList>
<Loc EndOffset="10376" SrcFileId="4" StartOffset="10329"/>
</LocList>
<StmntSeq Intrnl_Id="749">
<LocList>
<Loc EndOffset="10365" SrcFileId="4" StartOffset="10344"/>
</LocList>
<BasicStmnt CovItemId="S129" CovItemPrefix="com.OriginalFiles.MI.java" Intrnl_Id="750">
<LocList>
<Loc EndOffset="10365" SrcFileId="4" StartOffset="10344"/>
</LocList>
</BasicStmnt>
</StmntSeq>
</Branch>
<Branch CovItemId="B52" CovItemPrefix="com.OriginalFiles.MI.java" Implct="false" Intrnl_Id="751">
<Cond>
<Loc EndOffset="10381" SrcFileId="4" StartOffset="10377"/>
</Cond>
<LocList>
<Loc EndOffset="10425" SrcFileId="4" StartOffset="10382"/>
</LocList>
<StmntSeq Intrnl_Id="752">
<LocList>
<Loc EndOffset="10414" SrcFileId="4" StartOffset="10397"/>
</LocList>
<BasicStmnt CovItemId="S130" CovItemPrefix="com.OriginalFiles.MI.java" Intrnl_Id="753">
<LocList>
<Loc EndOffset="10414" SrcFileId="4" StartOffset="10397"/>
</LocList>
</BasicStmnt>
</StmntSeq>
</Branch>
<Keyword EndOffset="10300" SrcFileId="4" StartOffset="10298"/>
<LocList>
<Loc EndOffset="10425" SrcFileId="4" StartOffset="10298"/>
</LocList>
<RootTerm CovItemId="C29" CovItemPrefix="com.OriginalFiles.MI.java" Intrnl_Id="754">
<BasicBoolTerm Intrnl_Id="755">
<LocList>
<Loc EndOffset="10327" SrcFileId="4" StartOffset="10302"/>
</LocList>
</BasicBoolTerm>
</RootTerm>
</CondStmnt>
</StmntSeq>
</HierarchyLvl>
</HierarchyLvl>
<HierarchyLvl HierarchyLvlId="44" HierarchyLvlTypeId="13" Intrnl_Id="756" Name="Field">
<Header>
<Loc EndOffset="48" SrcFileId="5" StartOffset="30"/>
</Header>
<LocList>
<Loc EndOffset="1380" SrcFileId="5" StartOffset="30"/>
</LocList>
<StmntSeq Intrnl_Id="757">
<LocList>
<Loc EndOffset="202" SrcFileId="5" StartOffset="171"/>
<Loc EndOffset="280" SrcFileId="5" StartOffset="246"/>
</LocList>
<BasicStmnt CovItemId="S1" CovItemPrefix="com.OriginalFiles.Field.java" Intrnl_Id="758">
<LocList>
<Loc EndOffset="202" SrcFileId="5" StartOffset="171"/>
</LocList>
</BasicStmnt>
<BasicStmnt CovItemId="S2" CovItemPrefix="com.OriginalFiles.Field.java" Intrnl_Id="759">
<LocList>
<Loc EndOffset="280" SrcFileId="5" StartOffset="246"/>
</LocList>
</BasicStmnt>
</StmntSeq>
<HierarchyLvl HierarchyLvlId="37" HierarchyLvlTypeId="14" Intrnl_Id="760" Name="Field">
<Header>
<Loc EndOffset="300" SrcFileId="5" StartOffset="286"/>
</Header>
<LocList>
<Loc EndOffset="304" SrcFileId="5" StartOffset="286"/>
</LocList>
</HierarchyLvl>
<HierarchyLvl HierarchyLvlId="38" HierarchyLvlTypeId="14" Intrnl_Id="761" Name="Field">
<Header>
<Loc EndOffset="347" SrcFileId="5" StartOffset="311"/>
</Header>
<LocList>
<Loc EndOffset="398" SrcFileId="5" StartOffset="311"/>
</LocList>
<StmntSeq Intrnl_Id="762">
<LocList>
<Loc EndOffset="370" SrcFileId="5" StartOffset="359"/>
<Loc EndOffset="391" SrcFileId="5" StartOffset="380"/>
</LocList>
<BasicStmnt CovItemId="S3" CovItemPrefix="com.OriginalFiles.Field.java" Intrnl_Id="763">
<LocList>
<Loc EndOffset="370" SrcFileId="5" StartOffset="359"/>
</LocList>
</BasicStmnt>
<BasicStmnt CovItemId="S4" CovItemPrefix="com.OriginalFiles.Field.java" Intrnl_Id="764">
<LocList>
<Loc EndOffset="391" SrcFileId="5" StartOffset="380"/>
</LocList>
</BasicStmnt>
</StmntSeq>
</HierarchyLvl>
<HierarchyLvl HierarchyLvlId="39" HierarchyLvlTypeId="14" Intrnl_Id="765" Name="setPieceOnField">
<Header>
<Loc EndOffset="589" SrcFileId="5" StartOffset="538"/>
</Header>
<LocList>
<Loc EndOffset="711" SrcFileId="5" StartOffset="538"/>
</LocList>
<StmntSeq Intrnl_Id="766">
<LocList>
<Loc EndOffset="627" SrcFileId="5" StartOffset="601"/>
<Loc EndOffset="704" SrcFileId="5" StartOffset="637"/>
</LocList>
<BasicStmnt CovItemId="S5" CovItemPrefix="com.OriginalFiles.Field.java" Intrnl_Id="767">
<LocList>
<Loc EndOffset="627" SrcFileId="5" StartOffset="601"/>
</LocList>
</BasicStmnt>
<CondStmnt CovItemId="S6" CovItemPrefix="com.OriginalFiles.Field.java" Intrnl_Id="768">
<Branch CovItemId="B1" CovItemPrefix="com.OriginalFiles.Field.java" Implct="false" Intrnl_Id="769">
<Cond/>
<LocList>
<Loc EndOffset="704" SrcFileId="5" StartOffset="653"/>
</LocList>
<StmntSeq Intrnl_Id="770">
<LocList>
<Loc EndOffset="693" SrcFileId="5" StartOffset="668"/>
</LocList>
<BasicStmnt CovItemId="S7" CovItemPrefix="com.OriginalFiles.Field.java" Intrnl_Id="771">
<LocList>
<Loc EndOffset="693" SrcFileId="5" StartOffset="668"/>
</LocList>
</BasicStmnt>
</StmntSeq>
</Branch>
<Branch CovItemId="B2" CovItemPrefix="com.OriginalFiles.Field.java" Implct="true" Intrnl_Id="772">
<Cond/>
<LocList/>
<StmntSeq Intrnl_Id="773">
<LocList/>
</StmntSeq>
</Branch>
<Keyword EndOffset="639" SrcFileId="5" StartOffset="637"/>
<LocList>
<Loc EndOffset="704" SrcFileId="5" StartOffset="637"/>
</LocList>
<RootTerm CovItemId="C1" CovItemPrefix="com.OriginalFiles.Field.java" Intrnl_Id="774">
<OpTerm BooleanOpId="9" Intrnl_Id="775">
<BasicBoolTerm Intrnl_Id="776">
<LocList>
<Loc EndOffset="651" SrcFileId="5" StartOffset="642"/>
</LocList>
</BasicBoolTerm>
<LocList>
<Loc EndOffset="642" SrcFileId="5" StartOffset="641"/>
</LocList>
</OpTerm>
</RootTerm>
</CondStmnt>
</StmntSeq>
</HierarchyLvl>
<HierarchyLvl HierarchyLvlId="40" HierarchyLvlTypeId="14" Intrnl_Id="777" Name="getPieceOnField">
<Header>
<Loc EndOffset="755" SrcFileId="5" StartOffset="719"/>
</Header>
<LocList>
<Loc EndOffset="794" SrcFileId="5" StartOffset="719"/>
</LocList>
<StmntSeq Intrnl_Id="778">
<LocList>
<Loc EndOffset="787" SrcFileId="5" StartOffset="767"/>
</LocList>
<BasicStmnt CovItemId="S8" CovItemPrefix="com.OriginalFiles.Field.java" Intrnl_Id="779">
<LocList>
<Loc EndOffset="787" SrcFileId="5" StartOffset="767"/>
</LocList>
</BasicStmnt>
</StmntSeq>
</HierarchyLvl>
<HierarchyLvl HierarchyLvlId="41" HierarchyLvlTypeId="14" Intrnl_Id="780" Name="isEmpty">
<Header>
<Loc EndOffset="888" SrcFileId="5" StartOffset="858"/>
</Header>
<LocList>
<Loc EndOffset="937" SrcFileId="5" StartOffset="858"/>
</LocList>
<StmntSeq Intrnl_Id="781">
<LocList>
<Loc EndOffset="930" SrcFileId="5" StartOffset="900"/>
</LocList>
<BasicStmnt CovItemId="S9" CovItemPrefix="com.OriginalFiles.Field.java" Intrnl_Id="782">
<LocList>
<Loc EndOffset="930" SrcFileId="5" StartOffset="900"/>
</LocList>
</BasicStmnt>
</StmntSeq>
</HierarchyLvl>
<HierarchyLvl HierarchyLvlId="42" HierarchyLvlTypeId="14" Intrnl_Id="783" Name="isPieceOfColor">
<Header>
<Loc EndOffset="1090" SrcFileId="5" StartOffset="1043"/>
</Header>
<LocList>
<Loc EndOffset="1232" SrcFileId="5" StartOffset="1043"/>
</LocList>
<StmntSeq Intrnl_Id="784">
<LocList>
<Loc EndOffset="1225" SrcFileId="5" StartOffset="1102"/>
</LocList>
<CondStmnt CovItemId="S10" CovItemPrefix="com.OriginalFiles.Field.java" Intrnl_Id="785">
<Branch CovItemId="B3" CovItemPrefix="com.OriginalFiles.Field.java" Implct="false" Intrnl_Id="786">
<Cond/>
<LocList>
<Loc EndOffset="1156" SrcFileId="5" StartOffset="1117"/>
</LocList>
<StmntSeq Intrnl_Id="787">
<LocList>
<Loc EndOffset="1145" SrcFileId="5" StartOffset="1132"/>
</LocList>
<BasicStmnt CovItemId="S11" CovItemPrefix="com.OriginalFiles.Field.java" Intrnl_Id="788">
<LocList>
<Loc EndOffset="1145" SrcFileId="5" StartOffset="1132"/>
</LocList>
</BasicStmnt>
</StmntSeq>
</Branch>
<Branch CovItemId="B4" CovItemPrefix="com.OriginalFiles.Field.java" Implct="false" Intrnl_Id="789">
<Cond>
<Loc EndOffset="1161" SrcFileId="5" StartOffset="1157"/>
</Cond>
<LocList>
<Loc EndOffset="1225" SrcFileId="5" StartOffset="1162"/>
</LocList>
<StmntSeq Intrnl_Id="790">
<LocList>
<Loc EndOffset="1214" SrcFileId="5" StartOffset="1177"/>
</LocList>
<BasicStmnt CovItemId="S12" CovItemPrefix="com.OriginalFiles.Field.java" Intrnl_Id="791">
<LocList>
<Loc EndOffset="1214" SrcFileId="5" StartOffset="1177"/>
</LocList>
</BasicStmnt>
</StmntSeq>
</Branch>
<Keyword EndOffset="1104" SrcFileId="5" StartOffset="1102"/>
<LocList>
<Loc EndOffset="1225" SrcFileId="5" StartOffset="1102"/>
</LocList>
<RootTerm CovItemId="C2" CovItemPrefix="com.OriginalFiles.Field.java" Intrnl_Id="792">
<BasicBoolTerm Intrnl_Id="793">
<LocList>
<Loc EndOffset="1115" SrcFileId="5" StartOffset="1106"/>
</LocList>
</BasicBoolTerm>
</RootTerm>
</CondStmnt>
</StmntSeq>
</HierarchyLvl>
<HierarchyLvl HierarchyLvlId="43" HierarchyLvlTypeId="14" Intrnl_Id="794" Name="emptyThisField">
<Header>
<Loc EndOffset="1338" SrcFileId="5" StartOffset="1304"/>
</Header>
<LocList>
<Loc EndOffset="1377" SrcFileId="5" StartOffset="1304"/>
</LocList>
<StmntSeq Intrnl_Id="795">
<LocList>
<Loc EndOffset="1370" SrcFileId="5" StartOffset="1350"/>
</LocList>
<BasicStmnt CovItemId="S13" CovItemPrefix="com.OriginalFiles.Field.java" Intrnl_Id="796">
<LocList>
<Loc EndOffset="1370" SrcFileId="5" StartOffset="1350"/>
</LocList>
</BasicStmnt>
</StmntSeq>
</HierarchyLvl>
</HierarchyLvl>
<HierarchyLvl HierarchyLvlId="50" HierarchyLvlTypeId="13" Intrnl_Id="797" Name="Communication">
<Header>
<Loc EndOffset="56" SrcFileId="6" StartOffset="30"/>
</Header>
<LocList>
<Loc EndOffset="555" SrcFileId="6" StartOffset="30"/>
</LocList>
<HierarchyLvl HierarchyLvlId="45" HierarchyLvlTypeId="14" Intrnl_Id="798" Name="Communication">
<Header>
<Loc EndOffset="117" SrcFileId="6" StartOffset="66"/>
</Header>
<LocList>
<Loc EndOffset="175" SrcFileId="6" StartOffset="66"/>
</LocList>
</HierarchyLvl>
<HierarchyLvl HierarchyLvlId="46" HierarchyLvlTypeId="14" Intrnl_Id="799" Name="myKingNotPlaced">
<Header>
<Loc EndOffset="212" SrcFileId="6" StartOffset="183"/>
</Header>
<LocList>
<Loc EndOffset="275" SrcFileId="6" StartOffset="183"/>
</LocList>
</HierarchyLvl>
<HierarchyLvl HierarchyLvlId="47" HierarchyLvlTypeId="14" Intrnl_Id="800" Name="humanWon">
<Header>
<Loc EndOffset="305" SrcFileId="6" StartOffset="283"/>
</Header>
<LocList>
<Loc EndOffset="368" SrcFileId="6" StartOffset="283"/>
</LocList>
</HierarchyLvl>
<HierarchyLvl HierarchyLvlId="48" HierarchyLvlTypeId="14" Intrnl_Id="801" Name="robotWon">
<Header>
<Loc EndOffset="398" SrcFileId="6" StartOffset="376"/>
</Header>
<LocList>
<Loc EndOffset="461" SrcFileId="6" StartOffset="376"/>
</LocList>
</HierarchyLvl>
<HierarchyLvl HierarchyLvlId="49" HierarchyLvlTypeId="14" Intrnl_Id="802" Name="draw">
<Header>
<Loc EndOffset="487" SrcFileId="6" StartOffset="469"/>
</Header>
<LocList>
<Loc EndOffset="550" SrcFileId="6" StartOffset="469"/>
</LocList>
</HierarchyLvl>
</HierarchyLvl>
<HierarchyLvl HierarchyLvlId="76" HierarchyLvlTypeId="13" Intrnl_Id="803" Name="Board">
<Header>
<Loc EndOffset="170" SrcFileId="7" StartOffset="152"/>
</Header>
<LocList>
<Loc EndOffset="15767" SrcFileId="7" StartOffset="152"/>
</LocList>
<StmntSeq Intrnl_Id="804">
<LocList>
<Loc EndOffset="223" SrcFileId="7" StartOffset="180"/>
<Loc EndOffset="269" SrcFileId="7" StartOffset="229"/>
<Loc EndOffset="321" SrcFileId="7" StartOffset="275"/>
</LocList>
<BasicStmnt CovItemId="S1" CovItemPrefix="com.OriginalFiles.Board.java" Intrnl_Id="805">
<LocList>
<Loc EndOffset="223" SrcFileId="7" StartOffset="180"/>
</LocList>
</BasicStmnt>
<BasicStmnt CovItemId="S2" CovItemPrefix="com.OriginalFiles.Board.java" Intrnl_Id="806">
<LocList>
<Loc EndOffset="269" SrcFileId="7" StartOffset="229"/>
</LocList>
</BasicStmnt>
<BasicStmnt CovItemId="S3" CovItemPrefix="com.OriginalFiles.Board.java" Intrnl_Id="807">
<LocList>
<Loc EndOffset="321" SrcFileId="7" StartOffset="275"/>
</LocList>
</BasicStmnt>
</StmntSeq>
<HierarchyLvl HierarchyLvlId="51" HierarchyLvlTypeId="14" Intrnl_Id="808" Name="Board">
<Header>
<Loc EndOffset="584" SrcFileId="7" StartOffset="487"/>
</Header>
<LocList>
<Loc EndOffset="2985" SrcFileId="7" StartOffset="487"/>
</LocList>
<StmntSeq Intrnl_Id="809">
<LocList>
<Loc EndOffset="637" SrcFileId="7" StartOffset="596"/>
<Loc EndOffset="696" SrcFileId="7" StartOffset="647"/>
<Loc EndOffset="738" SrcFileId="7" StartOffset="706"/>
<Loc EndOffset="769" SrcFileId="7" StartOffset="748"/>
<Loc EndOffset="2238" SrcFileId="7" StartOffset="840"/>
<Loc EndOffset="2725" SrcFileId="7" StartOffset="2376"/>
<Loc EndOffset="2978" SrcFileId="7" StartOffset="2756"/>
</LocList>
<BasicStmnt CovItemId="S4" CovItemPrefix="com.OriginalFiles.Board.java" Intrnl_Id="810">
<LocList>
<Loc EndOffset="637" SrcFileId="7" StartOffset="596"/>
</LocList>
</BasicStmnt>
<BasicStmnt CovItemId="S5" CovItemPrefix="com.OriginalFiles.Board.java" Intrnl_Id="811">
<LocList>
<Loc EndOffset="696" SrcFileId="7" StartOffset="647"/>
</LocList>
</BasicStmnt>
<BasicStmnt CovItemId="S6" CovItemPrefix="com.OriginalFiles.Board.java" Intrnl_Id="812">
<LocList>
<Loc EndOffset="738" SrcFileId="7" StartOffset="706"/>
</LocList>
</BasicStmnt>
<BasicStmnt CovItemId="S7" CovItemPrefix="com.OriginalFiles.Board.java" Intrnl_Id="813">
<LocList>
<Loc EndOffset="769" SrcFileId="7" StartOffset="748"/>
</LocList>
</BasicStmnt>
<LoopStmnt CovItemId="S8" CovItemPrefix="com.OriginalFiles.Board.java" Intrnl_Id="814" MltplExecId="L1-2" MltplExecPrefix="com.OriginalFiles.Board.java" NvrExecId="L1-0" NvrExecPrefix="com.OriginalFiles.Board.java" OnceExecutedId="L1-1" OnceExecutedPrefix="com.OriginalFiles.Board.java" OptBodyExec="true">
<StmntSeq Intrnl_Id="815">
<LocList>
<Loc EndOffset="2227" SrcFileId="7" StartOffset="879"/>
</LocList>
<LoopStmnt CovItemId="S9" CovItemPrefix="com.OriginalFiles.Board.java" Intrnl_Id="816" MltplExecId="L2-2" MltplExecPrefix="com.OriginalFiles.Board.java" NvrExecId="L2-0" NvrExecPrefix="com.OriginalFiles.Board.java" OnceExecutedId="L2-1" OnceExecutedPrefix="com.OriginalFiles.Board.java" OptBodyExec="true">
<StmntSeq Intrnl_Id="817">
<LocList>
<Loc EndOffset="947" SrcFileId="7" StartOffset="922"/>
<Loc EndOffset="976" SrcFileId="7" StartOffset="965"/>
<Loc EndOffset="1005" SrcFileId="7" StartOffset="994"/>
<Loc EndOffset="2173" SrcFileId="7" StartOffset="1130"/>
<Loc EndOffset="2212" SrcFileId="7" StartOffset="2191"/>
</LocList>
<BasicStmnt CovItemId="S10" CovItemPrefix="com.OriginalFiles.Board.java" Intrnl_Id="818">
<LocList>
<Loc EndOffset="947" SrcFileId="7" StartOffset="922"/>
</LocList>
</BasicStmnt>
<BasicStmnt CovItemId="S11" CovItemPrefix="com.OriginalFiles.Board.java" Intrnl_Id="819">
<LocList>
<Loc EndOffset="976" SrcFileId="7" StartOffset="965"/>
</LocList>
</BasicStmnt>
<BasicStmnt CovItemId="S12" CovItemPrefix="com.OriginalFiles.Board.java" Intrnl_Id="820">
<LocList>
<Loc EndOffset="1005" SrcFileId="7" StartOffset="994"/>
</LocList>
</BasicStmnt>
<CondStmnt CovItemId="S13" CovItemPrefix="com.OriginalFiles.Board.java" Intrnl_Id="821">
<Branch CovItemId="B1" CovItemPrefix="com.OriginalFiles.Board.java" Implct="false" Intrnl_Id="822">
<Cond/>
<LocList>
<Loc EndOffset="2099" SrcFileId="7" StartOffset="1152"/>
</LocList>
<StmntSeq Intrnl_Id="823">
<LocList>
<Loc EndOffset="1200" SrcFileId="7" StartOffset="1175"/>
<Loc EndOffset="1248" SrcFileId="7" StartOffset="1222"/>
<Loc EndOffset="1679" SrcFileId="7" StartOffset="1270"/>
<Loc EndOffset="2023" SrcFileId="7" StartOffset="1736"/>
<Loc EndOffset="2080" SrcFileId="7" StartOffset="2045"/>
</LocList>
<BasicStmnt CovItemId="S14" CovItemPrefix="com.OriginalFiles.Board.java" Intrnl_Id="824">
<LocList>
<Loc EndOffset="1200" SrcFileId="7" StartOffset="1175"/>
</LocList>
</BasicStmnt>
<BasicStmnt CovItemId="S15" CovItemPrefix="com.OriginalFiles.Board.java" Intrnl_Id="825">
<LocList>
<Loc EndOffset="1248" SrcFileId="7" StartOffset="1222"/>
</LocList>
</BasicStmnt>
<CondStmnt CovItemId="S16" CovItemPrefix="com.OriginalFiles.Board.java" Intrnl_Id="826">
<Branch CovItemId="B3" CovItemPrefix="com.OriginalFiles.Board.java" Implct="false" Intrnl_Id="827">
<Cond/>
<LocList>
<Loc EndOffset="1679" SrcFileId="7" StartOffset="1281"/>
</LocList>
<StmntSeq Intrnl_Id="828">
<LocList>
<Loc EndOffset="1339" SrcFileId="7" StartOffset="1308"/>
<Loc EndOffset="1401" SrcFileId="7" StartOffset="1365"/>
<Loc EndOffset="1656" SrcFileId="7" StartOffset="1555"/>
</LocList>
<BasicStmnt CovItemId="S17" CovItemPrefix="com.OriginalFiles.Board.java" Intrnl_Id="829">
<LocList>
<Loc EndOffset="1339" SrcFileId="7" StartOffset="1308"/>
</LocList>
</BasicStmnt>
<BasicStmnt CovItemId="S18" CovItemPrefix="com.OriginalFiles.Board.java" Intrnl_Id="830">
<LocList>
<Loc EndOffset="1401" SrcFileId="7" StartOffset="1365"/>
</LocList>
</BasicStmnt>
<CondStmnt CovItemId="S19" CovItemPrefix="com.OriginalFiles.Board.java" Intrnl_Id="831">
<Branch CovItemId="B5" CovItemPrefix="com.OriginalFiles.Board.java" Implct="false" Intrnl_Id="832">
<Cond/>
<LocList>
<Loc EndOffset="1656" SrcFileId="7" StartOffset="1567"/>
</LocList>
<StmntSeq Intrnl_Id="833">
<LocList>
<Loc EndOffset="1629" SrcFileId="7" StartOffset="1598"/>
</LocList>
<BasicStmnt CovItemId="S20" CovItemPrefix="com.OriginalFiles.Board.java" Intrnl_Id="834">
<LocList>
<Loc EndOffset="1629" SrcFileId="7" StartOffset="1598"/>
</LocList>
</BasicStmnt>
</StmntSeq>
</Branch>
<Branch CovItemId="B6" CovItemPrefix="com.OriginalFiles.Board.java" Implct="true" Intrnl_Id="835">
<Cond/>
<LocList/>
<StmntSeq Intrnl_Id="836">
<LocList/>
</StmntSeq>
</Branch>
<Keyword EndOffset="1557" SrcFileId="7" StartOffset="1555"/>
<LocList>
<Loc EndOffset="1656" SrcFileId="7" StartOffset="1555"/>
</LocList>
<RootTerm CovItemId="C5" CovItemPrefix="com.OriginalFiles.Board.java" Intrnl_Id="837">
<BasicBoolTerm Intrnl_Id="838">
<LocList>
<Loc EndOffset="1565" SrcFileId="7" StartOffset="1559"/>
</LocList>
</BasicBoolTerm>
</RootTerm>
</CondStmnt>
</StmntSeq>
</Branch>
<Branch CovItemId="B4" CovItemPrefix="com.OriginalFiles.Board.java" Implct="true" Intrnl_Id="839">
<Cond/>
<LocList/>
<StmntSeq Intrnl_Id="840">
<LocList/>
</StmntSeq>
</Branch>
<Keyword EndOffset="1272" SrcFileId="7" StartOffset="1270"/>
<LocList>
<Loc EndOffset="1679" SrcFileId="7" StartOffset="1270"/>
</LocList>
<RootTerm CovItemId="C4" CovItemPrefix="com.OriginalFiles.Board.java" Intrnl_Id="841">
<BasicBoolTerm Intrnl_Id="842">
<LocList>
<Loc EndOffset="1279" SrcFileId="7" StartOffset="1274"/>
</LocList>
</BasicBoolTerm>
</RootTerm>
</CondStmnt>
<CondStmnt CovItemId="S21" CovItemPrefix="com.OriginalFiles.Board.java" Intrnl_Id="843">
<Branch CovItemId="B7" CovItemPrefix="com.OriginalFiles.Board.java" Implct="false" Intrnl_Id="844">
<Cond/>
<LocList>
<Loc EndOffset="2023" SrcFileId="7" StartOffset="1747"/>
</LocList>
<StmntSeq Intrnl_Id="845">
<LocList>
<Loc EndOffset="1805" SrcFileId="7" StartOffset="1774"/>
<Loc EndOffset="1873" SrcFileId="7" StartOffset="1831"/>
<Loc EndOffset="2000" SrcFileId="7" StartOffset="1899"/>
</LocList>
<BasicStmnt CovItemId="S22" CovItemPrefix="com.OriginalFiles.Board.java" Intrnl_Id="846">
<LocList>
<Loc EndOffset="1805" SrcFileId="7" StartOffset="1774"/>
</LocList>
</BasicStmnt>
<BasicStmnt CovItemId="S23" CovItemPrefix="com.OriginalFiles.Board.java" Intrnl_Id="847">
<LocList>
<Loc EndOffset="1873" SrcFileId="7" StartOffset="1831"/>
</LocList>
</BasicStmnt>
<CondStmnt CovItemId="S24" CovItemPrefix="com.OriginalFiles.Board.java" Intrnl_Id="848">
<Branch CovItemId="B9" CovItemPrefix="com.OriginalFiles.Board.java" Implct="false" Intrnl_Id="849">
<Cond/>
<LocList>
<Loc EndOffset="2000" SrcFileId="7" StartOffset="1911"/>
</LocList>
<StmntSeq Intrnl_Id="850">
<LocList>
<Loc EndOffset="1973" SrcFileId="7" StartOffset="1942"/>
</LocList>
<BasicStmnt CovItemId="S25" CovItemPrefix="com.OriginalFiles.Board.java" Intrnl_Id="851">
<LocList>
<Loc EndOffset="1973" SrcFileId="7" StartOffset="1942"/>
</LocList>
</BasicStmnt>
</StmntSeq>
</Branch>
<Branch CovItemId="B10" CovItemPrefix="com.OriginalFiles.Board.java" Implct="true" Intrnl_Id="852">
<Cond/>
<LocList/>
<StmntSeq Intrnl_Id="853">
<LocList/>
</StmntSeq>
</Branch>
<Keyword EndOffset="1901" SrcFileId="7" StartOffset="1899"/>
<LocList>
<Loc EndOffset="2000" SrcFileId="7" StartOffset="1899"/>
</LocList>
<RootTerm CovItemId="C7" CovItemPrefix="com.OriginalFiles.Board.java" Intrnl_Id="854">
<BasicBoolTerm Intrnl_Id="855">
<LocList>
<Loc EndOffset="1909" SrcFileId="7" StartOffset="1903"/>
</LocList>
</BasicBoolTerm>
</RootTerm>
</CondStmnt>
</StmntSeq>
</Branch>
<Branch CovItemId="B8" CovItemPrefix="com.OriginalFiles.Board.java" Implct="true" Intrnl_Id="856">
<Cond/>
<LocList/>
<StmntSeq Intrnl_Id="857">
<LocList/>
</StmntSeq>
</Branch>
<Keyword EndOffset="1738" SrcFileId="7" StartOffset="1736"/>
<LocList>
<Loc EndOffset="2023" SrcFileId="7" StartOffset="1736"/>
</LocList>
<RootTerm CovItemId="C6" CovItemPrefix="com.OriginalFiles.Board.java" Intrnl_Id="858">
<BasicBoolTerm Intrnl_Id="859">
<LocList>
<Loc EndOffset="1745" SrcFileId="7" StartOffset="1740"/>
</LocList>
</BasicBoolTerm>
</RootTerm>
</CondStmnt>
<BasicStmnt CovItemId="S26" CovItemPrefix="com.OriginalFiles.Board.java" Intrnl_Id="860">
<LocList>
<Loc EndOffset="2080" SrcFileId="7" StartOffset="2045"/>
</LocList>
</BasicStmnt>
</StmntSeq>
</Branch>
<Branch CovItemId="B2" CovItemPrefix="com.OriginalFiles.Board.java" Implct="false" Intrnl_Id="861">
<Cond>
<Loc EndOffset="2104" SrcFileId="7" StartOffset="2100"/>
</Cond>
<LocList>
<Loc EndOffset="2173" SrcFileId="7" StartOffset="2105"/>
</LocList>
<StmntSeq Intrnl_Id="862">
<LocList>
<Loc EndOffset="2154" SrcFileId="7" StartOffset="2128"/>
</LocList>
<BasicStmnt CovItemId="S27" CovItemPrefix="com.OriginalFiles.Board.java" Intrnl_Id="863">
<LocList>
<Loc EndOffset="2154" SrcFileId="7" StartOffset="2128"/>
</LocList>
</BasicStmnt>
</StmntSeq>
</Branch>
<Keyword EndOffset="1132" SrcFileId="7" StartOffset="1130"/>
<LocList>
<Loc EndOffset="2173" SrcFileId="7" StartOffset="1130"/>
</LocList>
<RootTerm CovItemId="C3" CovItemPrefix="com.OriginalFiles.Board.java" Intrnl_Id="864">
<BasicBoolTerm Intrnl_Id="865">
<LocList>
<Loc EndOffset="1150" SrcFileId="7" StartOffset="1134"/>
</LocList>
</BasicBoolTerm>
</RootTerm>
</CondStmnt>
<BasicStmnt CovItemId="S28" CovItemPrefix="com.OriginalFiles.Board.java" Intrnl_Id="866">
<LocList>
<Loc EndOffset="2212" SrcFileId="7" StartOffset="2191"/>
</LocList>
</BasicStmnt>
</StmntSeq>
<Keyword EndOffset="882" SrcFileId="7" StartOffset="879"/>
<LocList>
<Loc EndOffset="2227" SrcFileId="7" StartOffset="879"/>
</LocList>
<RootTerm CovItemId="C2" CovItemPrefix="com.OriginalFiles.Board.java" Intrnl_Id="867">
<BasicBoolTerm Intrnl_Id="868">
<LocList>
<Loc EndOffset="896" SrcFileId="7" StartOffset="891"/>
</LocList>
</BasicBoolTerm>
</RootTerm>
</LoopStmnt>
</StmntSeq>
<Keyword EndOffset="843" SrcFileId="7" StartOffset="840"/>
<LocList>
<Loc EndOffset="2238" SrcFileId="7" StartOffset="840"/>
</LocList>
<RootTerm CovItemId="C1" CovItemPrefix="com.OriginalFiles.Board.java" Intrnl_Id="869">
<BasicBoolTerm Intrnl_Id="870">
<LocList>
<Loc EndOffset="857" SrcFileId="7" StartOffset="852"/>
</LocList>
</BasicBoolTerm>
</RootTerm>
</LoopStmnt>
<LoopStmnt CovItemId="S29" CovItemPrefix="com.OriginalFiles.Board.java" Intrnl_Id="871" MltplExecId="L3-2" MltplExecPrefix="com.OriginalFiles.Board.java" NvrExecId="L3-0" NvrExecPrefix="com.OriginalFiles.Board.java" OnceExecutedId="L3-1" OnceExecutedPrefix="com.OriginalFiles.Board.java" OptBodyExec="true">
<StmntSeq Intrnl_Id="872">
<LocList>
<Loc EndOffset="2444" SrcFileId="7" StartOffset="2419"/>
<Loc EndOffset="2469" SrcFileId="7" StartOffset="2458"/>
<Loc EndOffset="2495" SrcFileId="7" StartOffset="2483"/>
<Loc EndOffset="2543" SrcFileId="7" StartOffset="2509"/>
<Loc EndOffset="2593" SrcFileId="7" StartOffset="2557"/>
<Loc EndOffset="2634" SrcFileId="7" StartOffset="2607"/>
<Loc EndOffset="2680" SrcFileId="7" StartOffset="2648"/>
<Loc EndOffset="2714" SrcFileId="7" StartOffset="2694"/>
</LocList>
<BasicStmnt CovItemId="S30" CovItemPrefix="com.OriginalFiles.Board.java" Intrnl_Id="873">
<LocList>
<Loc EndOffset="2444" SrcFileId="7" StartOffset="2419"/>
</LocList>
</BasicStmnt>
<BasicStmnt CovItemId="S31" CovItemPrefix="com.OriginalFiles.Board.java" Intrnl_Id="874">
<LocList>
<Loc EndOffset="2469" SrcFileId="7" StartOffset="2458"/>
</LocList>
</BasicStmnt>
<BasicStmnt CovItemId="S32" CovItemPrefix="com.OriginalFiles.Board.java" Intrnl_Id="875">
<LocList>
<Loc EndOffset="2495" SrcFileId="7" StartOffset="2483"/>
</LocList>
</BasicStmnt>
<BasicStmnt CovItemId="S33" CovItemPrefix="com.OriginalFiles.Board.java" Intrnl_Id="876">
<LocList>
<Loc EndOffset="2543" SrcFileId="7" StartOffset="2509"/>
</LocList>
</BasicStmnt>
<BasicStmnt CovItemId="S34" CovItemPrefix="com.OriginalFiles.Board.java" Intrnl_Id="877">
<LocList>
<Loc EndOffset="2593" SrcFileId="7" StartOffset="2557"/>
</LocList>
</BasicStmnt>
<BasicStmnt CovItemId="S35" CovItemPrefix="com.OriginalFiles.Board.java" Intrnl_Id="878">
<LocList>
<Loc EndOffset="2634" SrcFileId="7" StartOffset="2607"/>
</LocList>
</BasicStmnt>
<BasicStmnt CovItemId="S36" CovItemPrefix="com.OriginalFiles.Board.java" Intrnl_Id="879">
<LocList>
<Loc EndOffset="2680" SrcFileId="7" StartOffset="2648"/>
</LocList>
</BasicStmnt>
<BasicStmnt CovItemId="S37" CovItemPrefix="com.OriginalFiles.Board.java" Intrnl_Id="880">
<LocList>
<Loc EndOffset="2714" SrcFileId="7" StartOffset="2694"/>
</LocList>
</BasicStmnt>
</StmntSeq>
<Keyword EndOffset="2379" SrcFileId="7" StartOffset="2376"/>
<LocList>
<Loc EndOffset="2725" SrcFileId="7" StartOffset="2376"/>
</LocList>
<RootTerm CovItemId="C8" CovItemPrefix="com.OriginalFiles.Board.java" Intrnl_Id="881">
<BasicBoolTerm Intrnl_Id="882">
<LocList>
<Loc EndOffset="2397" SrcFileId="7" StartOffset="2392"/>
</LocList>
</BasicBoolTerm>
</RootTerm>
</LoopStmnt>
<LoopStmnt CovItemId="S38" CovItemPrefix="com.OriginalFiles.Board.java" Intrnl_Id="883" MltplExecId="L4-2" MltplExecPrefix="com.OriginalFiles.Board.java" NvrExecId="L4-0" NvrExecPrefix="com.OriginalFiles.Board.java" OnceExecutedId="L4-1" OnceExecutedPrefix="com.OriginalFiles.Board.java" OptBodyExec="true">
<StmntSeq Intrnl_Id="884">
<LocList>
<Loc EndOffset="2967" SrcFileId="7" StartOffset="2795"/>
</LocList>
<LoopStmnt CovItemId="S39" CovItemPrefix="com.OriginalFiles.Board.java" Intrnl_Id="885" MltplExecId="L5-2" MltplExecPrefix="com.OriginalFiles.Board.java" NvrExecId="L5-0" NvrExecPrefix="com.OriginalFiles.Board.java" OnceExecutedId="L5-1" OnceExecutedPrefix="com.OriginalFiles.Board.java" OptBodyExec="true">
<StmntSeq Intrnl_Id="886">
<LocList>
<Loc EndOffset="2863" SrcFileId="7" StartOffset="2838"/>
<Loc EndOffset="2888" SrcFileId="7" StartOffset="2877"/>
<Loc EndOffset="2918" SrcFileId="7" StartOffset="2902"/>
<Loc EndOffset="2956" SrcFileId="7" StartOffset="2932"/>
</LocList>
<BasicStmnt CovItemId="S40" CovItemPrefix="com.OriginalFiles.Board.java" Intrnl_Id="887">
<LocList>
<Loc EndOffset="2863" SrcFileId="7" StartOffset="2838"/>
</LocList>
</BasicStmnt>
<BasicStmnt CovItemId="S41" CovItemPrefix="com.OriginalFiles.Board.java" Intrnl_Id="888">
<LocList>
<Loc EndOffset="2888" SrcFileId="7" StartOffset="2877"/>
</LocList>
</BasicStmnt>
<BasicStmnt CovItemId="S42" CovItemPrefix="com.OriginalFiles.Board.java" Intrnl_Id="889">
<LocList>
<Loc EndOffset="2918" SrcFileId="7" StartOffset="2902"/>
</LocList>
</BasicStmnt>
<BasicStmnt CovItemId="S43" CovItemPrefix="com.OriginalFiles.Board.java" Intrnl_Id="890">
<LocList>
<Loc EndOffset="2956" SrcFileId="7" StartOffset="2932"/>
</LocList>
</BasicStmnt>
</StmntSeq>
<Keyword EndOffset="2798" SrcFileId="7" StartOffset="2795"/>
<LocList>
<Loc EndOffset="2967" SrcFileId="7" StartOffset="2795"/>
</LocList>
<RootTerm CovItemId="C10" CovItemPrefix="com.OriginalFiles.Board.java" Intrnl_Id="891">
<BasicBoolTerm Intrnl_Id="892">
<LocList>
<Loc EndOffset="2816" SrcFileId="7" StartOffset="2811"/>
</LocList>
</BasicBoolTerm>
</RootTerm>
</LoopStmnt>
</StmntSeq>
<Keyword EndOffset="2759" SrcFileId="7" StartOffset="2756"/>
<LocList>
<Loc EndOffset="2978" SrcFileId="7" StartOffset="2756"/>
</LocList>
<RootTerm CovItemId="C9" CovItemPrefix="com.OriginalFiles.Board.java" Intrnl_Id="893">
<BasicBoolTerm Intrnl_Id="894">
<LocList>
<Loc EndOffset="2777" SrcFileId="7" StartOffset="2772"/>
</LocList>
</BasicBoolTerm>
</RootTerm>
</LoopStmnt>
</StmntSeq>
</HierarchyLvl>
<HierarchyLvl HierarchyLvlId="52" HierarchyLvlTypeId="14" Intrnl_Id="895" Name="resetVisited">
<Header>
<Loc EndOffset="3025" SrcFileId="7" StartOffset="2993"/>
</Header>
<LocList>
<Loc EndOffset="3174" SrcFileId="7" StartOffset="2993"/>
</LocList>
<StmntSeq Intrnl_Id="896">
<LocList>
<Loc EndOffset="3167" SrcFileId="7" StartOffset="3037"/>
</LocList>
<LoopStmnt CovItemId="S44" CovItemPrefix="com.OriginalFiles.Board.java" Intrnl_Id="897" MltplExecId="L6-2" MltplExecPrefix="com.OriginalFiles.Board.java" NvrExecId="L6-0" NvrExecPrefix="com.OriginalFiles.Board.java" OnceExecutedId="L6-1" OnceExecutedPrefix="com.OriginalFiles.Board.java" OptBodyExec="true">
<StmntSeq Intrnl_Id="898">
<LocList>
<Loc EndOffset="3156" SrcFileId="7" StartOffset="3078"/>
</LocList>
<LoopStmnt CovItemId="S45" CovItemPrefix="com.OriginalFiles.Board.java" Intrnl_Id="899" MltplExecId="L7-2" MltplExecPrefix="com.OriginalFiles.Board.java" NvrExecId="L7-0" NvrExecPrefix="com.OriginalFiles.Board.java" OnceExecutedId="L7-1" OnceExecutedPrefix="com.OriginalFiles.Board.java" OptBodyExec="true">
<StmntSeq Intrnl_Id="900">
<LocList>
<Loc EndOffset="3141" SrcFileId="7" StartOffset="3119"/>
</LocList>
<BasicStmnt CovItemId="S46" CovItemPrefix="com.OriginalFiles.Board.java" Intrnl_Id="901">
<LocList>
<Loc EndOffset="3141" SrcFileId="7" StartOffset="3119"/>
</LocList>
</BasicStmnt>
</StmntSeq>
<Keyword EndOffset="3081" SrcFileId="7" StartOffset="3078"/>
<LocList>
<Loc EndOffset="3156" SrcFileId="7" StartOffset="3078"/>
</LocList>
</LoopStmnt>
</StmntSeq>
<Keyword EndOffset="3040" SrcFileId="7" StartOffset="3037"/>
<LocList>
<Loc EndOffset="3167" SrcFileId="7" StartOffset="3037"/>
</LocList>
</LoopStmnt>
</StmntSeq>
</HierarchyLvl>
<HierarchyLvl HierarchyLvlId="53" HierarchyLvlTypeId="14" Intrnl_Id="902" Name="sortListOfFields">
<Header>
<Loc EndOffset="3311" SrcFileId="7" StartOffset="3251"/>
</Header>
<LocList>
<Loc EndOffset="4068" SrcFileId="7" StartOffset="3251"/>
</LocList>
<StmntSeq Intrnl_Id="903">
<LocList>
<Loc EndOffset="3333" SrcFileId="7" StartOffset="3323"/>
<Loc EndOffset="3353" SrcFileId="7" StartOffset="3343"/>
<Loc EndOffset="3408" SrcFileId="7" StartOffset="3363"/>
<Loc EndOffset="4061" SrcFileId="7" StartOffset="3418"/>
</LocList>
<BasicStmnt CovItemId="S47" CovItemPrefix="com.OriginalFiles.Board.java" Intrnl_Id="904">
<LocList>
<Loc EndOffset="3333" SrcFileId="7" StartOffset="3323"/>
</LocList>
</BasicStmnt>
<BasicStmnt CovItemId="S48" CovItemPrefix="com.OriginalFiles.Board.java" Intrnl_Id="905">
<LocList>
<Loc EndOffset="3353" SrcFileId="7" StartOffset="3343"/>
</LocList>
</BasicStmnt>
<BasicStmnt CovItemId="S49" CovItemPrefix="com.OriginalFiles.Board.java" Intrnl_Id="906">
<LocList>
<Loc EndOffset="3408" SrcFileId="7" StartOffset="3363"/>
</LocList>
</BasicStmnt>
<LoopStmnt CovItemId="S50" CovItemPrefix="com.OriginalFiles.Board.java" Intrnl_Id="907" MltplExecId="L8-2" MltplExecPrefix="com.OriginalFiles.Board.java" NvrExecId="L8-0" NvrExecPrefix="com.OriginalFiles.Board.java" OnceExecutedId="L8-1" OnceExecutedPrefix="com.OriginalFiles.Board.java" OptBodyExec="true">
<StmntSeq Intrnl_Id="908">
<LocList>
<Loc EndOffset="3970" SrcFileId="7" StartOffset="3478"/>
<Loc EndOffset="4010" SrcFileId="7" StartOffset="3984"/>
<Loc EndOffset="4050" SrcFileId="7" StartOffset="4024"/>
</LocList>
<LoopStmnt CovItemId="S51" CovItemPrefix="com.OriginalFiles.Board.java" Intrnl_Id="909" MltplExecId="L9-2" MltplExecPrefix="com.OriginalFiles.Board.java" NvrExecId="L9-0" NvrExecPrefix="com.OriginalFiles.Board.java" OnceExecutedId="L9-1" OnceExecutedPrefix="com.OriginalFiles.Board.java" OptBodyExec="true">
<StmntSeq Intrnl_Id="910">
<LocList>
<Loc EndOffset="3955" SrcFileId="7" StartOffset="3546"/>
</LocList>
<CondStmnt CovItemId="S52" CovItemPrefix="com.OriginalFiles.Board.java" Intrnl_Id="911">
<Branch CovItemId="B11" CovItemPrefix="com.OriginalFiles.Board.java" Implct="false" Intrnl_Id="912">
<Cond/>
<LocList>
<Loc EndOffset="3955" SrcFileId="7" StartOffset="3635"/>
</LocList>
<StmntSeq Intrnl_Id="913">
<LocList>
<Loc EndOffset="3692" SrcFileId="7" StartOffset="3658"/>
<Loc EndOffset="3748" SrcFileId="7" StartOffset="3714"/>
<Loc EndOffset="3793" SrcFileId="7" StartOffset="3770"/>
<Loc EndOffset="3838" SrcFileId="7" StartOffset="3815"/>
<Loc EndOffset="3887" SrcFileId="7" StartOffset="3860"/>
<Loc EndOffset="3936" SrcFileId="7" StartOffset="3909"/>
</LocList>
<BasicStmnt CovItemId="S53" CovItemPrefix="com.OriginalFiles.Board.java" Intrnl_Id="914">
<LocList>
<Loc EndOffset="3692" SrcFileId="7" StartOffset="3658"/>
</LocList>
</BasicStmnt>
<BasicStmnt CovItemId="S54" CovItemPrefix="com.OriginalFiles.Board.java" Intrnl_Id="915">
<LocList>
<Loc EndOffset="3748" SrcFileId="7" StartOffset="3714"/>
</LocList>
</BasicStmnt>
<BasicStmnt CovItemId="S55" CovItemPrefix="com.OriginalFiles.Board.java" Intrnl_Id="916">
<LocList>
<Loc EndOffset="3793" SrcFileId="7" StartOffset="3770"/>
</LocList>
</BasicStmnt>
<BasicStmnt CovItemId="S56" CovItemPrefix="com.OriginalFiles.Board.java" Intrnl_Id="917">
<LocList>
<Loc EndOffset="3838" SrcFileId="7" StartOffset="3815"/>
</LocList>
</BasicStmnt>
<BasicStmnt CovItemId="S57" CovItemPrefix="com.OriginalFiles.Board.java" Intrnl_Id="918">
<LocList>
<Loc EndOffset="3887" SrcFileId="7" StartOffset="3860"/>
</LocList>
</BasicStmnt>
<BasicStmnt CovItemId="S58" CovItemPrefix="com.OriginalFiles.Board.java" Intrnl_Id="919">
<LocList>
<Loc EndOffset="3936" SrcFileId="7" StartOffset="3909"/>
</LocList>
</BasicStmnt>
</StmntSeq>
</Branch>
<Branch CovItemId="B12" CovItemPrefix="com.OriginalFiles.Board.java" Implct="true" Intrnl_Id="920">
<Cond/>
<LocList/>
<StmntSeq Intrnl_Id="921">
<LocList/>
</StmntSeq>
</Branch>
<Keyword EndOffset="3548" SrcFileId="7" StartOffset="3546"/>
<LocList>
<Loc EndOffset="3955" SrcFileId="7" StartOffset="3546"/>
</LocList>
<RootTerm CovItemId="C13" CovItemPrefix="com.OriginalFiles.Board.java" Intrnl_Id="922">
<OpTerm BooleanOpId="9" Intrnl_Id="923">
<BasicBoolTerm Intrnl_Id="924">
<LocList>
<Loc EndOffset="3633" SrcFileId="7" StartOffset="3551"/>
</LocList>
</BasicBoolTerm>
<LocList>
<Loc EndOffset="3551" SrcFileId="7" StartOffset="3550"/>
</LocList>
</OpTerm>
</RootTerm>
</CondStmnt>
</StmntSeq>
<Keyword EndOffset="3481" SrcFileId="7" StartOffset="3478"/>
<LocList>
<Loc EndOffset="3970" SrcFileId="7" StartOffset="3478"/>
</LocList>
<RootTerm CovItemId="C12" CovItemPrefix="com.OriginalFiles.Board.java" Intrnl_Id="925">
<BasicBoolTerm Intrnl_Id="926">
<LocList>
<Loc EndOffset="3520" SrcFileId="7" StartOffset="3498"/>
</LocList>
</BasicBoolTerm>
</RootTerm>
</LoopStmnt>
<BasicStmnt CovItemId="S59" CovItemPrefix="com.OriginalFiles.Board.java" Intrnl_Id="927">
<LocList>
<Loc EndOffset="4010" SrcFileId="7" StartOffset="3984"/>
</LocList>
</BasicStmnt>
<BasicStmnt CovItemId="S60" CovItemPrefix="com.OriginalFiles.Board.java" Intrnl_Id="928">
<LocList>
<Loc EndOffset="4050" SrcFileId="7" StartOffset="4024"/>
</LocList>
</BasicStmnt>
</StmntSeq>
<Keyword EndOffset="3421" SrcFileId="7" StartOffset="3418"/>
<LocList>
<Loc EndOffset="4061" SrcFileId="7" StartOffset="3418"/>
</LocList>
<RootTerm CovItemId="C11" CovItemPrefix="com.OriginalFiles.Board.java" Intrnl_Id="929">
<BasicBoolTerm Intrnl_Id="930">
<LocList>
<Loc EndOffset="3456" SrcFileId="7" StartOffset="3434"/>
</LocList>
</BasicBoolTerm>
</RootTerm>
</LoopStmnt>
</StmntSeq>
</HierarchyLvl>
<HierarchyLvl HierarchyLvlId="54" HierarchyLvlTypeId="14" Intrnl_Id="931" Name="isGreater">
<Header>
<Loc EndOffset="4256" SrcFileId="7" StartOffset="4151"/>
</Header>
<LocList>
<Loc EndOffset="5709" SrcFileId="7" StartOffset="4151"/>
</LocList>
<StmntSeq Intrnl_Id="932">
<LocList>
<Loc EndOffset="5702" SrcFileId="7" StartOffset="4311"/>
</LocList>
<CondStmnt CovItemId="S61" CovItemPrefix="com.OriginalFiles.Board.java" Intrnl_Id="933">
<Branch CovItemId="B13" CovItemPrefix="com.OriginalFiles.Board.java" Implct="false" Intrnl_Id="934">
<Cond/>
<LocList>
<Loc EndOffset="4591" SrcFileId="7" StartOffset="4553"/>
</LocList>
<StmntSeq Intrnl_Id="935">
<LocList>
<Loc EndOffset="4580" SrcFileId="7" StartOffset="4568"/>
</LocList>
<BasicStmnt CovItemId="S62" CovItemPrefix="com.OriginalFiles.Board.java" Intrnl_Id="936">
<LocList>
<Loc EndOffset="4580" SrcFileId="7" StartOffset="4568"/>
</LocList>
</BasicStmnt>
</StmntSeq>
</Branch>
<Branch CovItemId="B14" CovItemPrefix="com.OriginalFiles.Board.java" Implct="false" Intrnl_Id="937">
<Cond>
<Loc EndOffset="4596" SrcFileId="7" StartOffset="4592"/>
</Cond>
<LocList>
<Loc EndOffset="5702" SrcFileId="7" StartOffset="4597"/>
</LocList>
<StmntSeq Intrnl_Id="938">
<LocList>
<Loc EndOffset="5702" SrcFileId="7" StartOffset="4597"/>
</LocList>
<CondStmnt CovItemId="S63" CovItemPrefix="com.OriginalFiles.Board.java" Intrnl_Id="939">
<Branch CovItemId="B15" CovItemPrefix="com.OriginalFiles.Board.java" Implct="false" Intrnl_Id="940">
<Cond/>
<LocList>
<Loc EndOffset="4739" SrcFileId="7" StartOffset="4701"/>
</LocList>
<StmntSeq Intrnl_Id="941">
<LocList>
<Loc EndOffset="4728" SrcFileId="7" StartOffset="4716"/>
</LocList>
<BasicStmnt CovItemId="S64" CovItemPrefix="com.OriginalFiles.Board.java" Intrnl_Id="942">
<LocList>
<Loc EndOffset="4728" SrcFileId="7" StartOffset="4716"/>
</LocList>
</BasicStmnt>
</StmntSeq>
</Branch>
<Branch CovItemId="B16" CovItemPrefix="com.OriginalFiles.Board.java" Implct="false" Intrnl_Id="943">
<Cond>
<Loc EndOffset="4744" SrcFileId="7" StartOffset="4740"/>
</Cond>
<LocList>
<Loc EndOffset="5702" SrcFileId="7" StartOffset="4745"/>
</LocList>
<StmntSeq Intrnl_Id="944">
<LocList>
<Loc EndOffset="5702" SrcFileId="7" StartOffset="4745"/>
</LocList>
<CondStmnt CovItemId="S65" CovItemPrefix="com.OriginalFiles.Board.java" Intrnl_Id="945">
<Branch CovItemId="B17" CovItemPrefix="com.OriginalFiles.Board.java" Implct="false" Intrnl_Id="946">
<Cond/>
<LocList>
<Loc EndOffset="4888" SrcFileId="7" StartOffset="4849"/>
</LocList>
<StmntSeq Intrnl_Id="947">
<LocList>
<Loc EndOffset="4877" SrcFileId="7" StartOffset="4864"/>
</LocList>
<BasicStmnt CovItemId="S66" CovItemPrefix="com.OriginalFiles.Board.java" Intrnl_Id="948">
<LocList>
<Loc EndOffset="4877" SrcFileId="7" StartOffset="4864"/>
</LocList>
</BasicStmnt>
</StmntSeq>
</Branch>
<Branch CovItemId="B18" CovItemPrefix="com.OriginalFiles.Board.java" Implct="false" Intrnl_Id="949">
<Cond>
<Loc EndOffset="4893" SrcFileId="7" StartOffset="4889"/>
</Cond>
<LocList>
<Loc EndOffset="5702" SrcFileId="7" StartOffset="4894"/>
</LocList>
<StmntSeq Intrnl_Id="950">
<LocList>
<Loc EndOffset="5691" SrcFileId="7" StartOffset="4909"/>
</LocList>
<CondStmnt CovItemId="S67" CovItemPrefix="com.OriginalFiles.Board.java" Intrnl_Id="951">
<Branch CovItemId="B19" CovItemPrefix="com.OriginalFiles.Board.java" Implct="false" Intrnl_Id="952">
<Cond/>
<LocList>
<Loc EndOffset="5067" SrcFileId="7" StartOffset="5021"/>
</LocList>
<StmntSeq Intrnl_Id="953">
<LocList>
<Loc EndOffset="5052" SrcFileId="7" StartOffset="5040"/>
</LocList>
<BasicStmnt CovItemId="S68" CovItemPrefix="com.OriginalFiles.Board.java" Intrnl_Id="954">
<LocList>
<Loc EndOffset="5052" SrcFileId="7" StartOffset="5040"/>
</LocList>
</BasicStmnt>
</StmntSeq>
</Branch>
<Branch CovItemId="B20" CovItemPrefix="com.OriginalFiles.Board.java" Implct="false" Intrnl_Id="955">
<Cond>
<Loc EndOffset="5072" SrcFileId="7" StartOffset="5068"/>
</Cond>
<LocList>
<Loc EndOffset="5691" SrcFileId="7" StartOffset="5073"/>
</LocList>
<StmntSeq Intrnl_Id="956">
<LocList>
<Loc EndOffset="5691" SrcFileId="7" StartOffset="5073"/>
</LocList>
<CondStmnt CovItemId="S69" CovItemPrefix="com.OriginalFiles.Board.java" Intrnl_Id="957">
<Branch CovItemId="B21" CovItemPrefix="com.OriginalFiles.Board.java" Implct="false" Intrnl_Id="958">
<Cond/>
<LocList>
<Loc EndOffset="5236" SrcFileId="7" StartOffset="5189"/>
</LocList>
<StmntSeq Intrnl_Id="959">
<LocList>
<Loc EndOffset="5221" SrcFileId="7" StartOffset="5208"/>
</LocList>
<BasicStmnt CovItemId="S70" CovItemPrefix="com.OriginalFiles.Board.java" Intrnl_Id="960">
<LocList>
<Loc EndOffset="5221" SrcFileId="7" StartOffset="5208"/>
</LocList>
</BasicStmnt>
</StmntSeq>
</Branch>
<Branch CovItemId="B22" CovItemPrefix="com.OriginalFiles.Board.java" Implct="false" Intrnl_Id="961">
<Cond>
<Loc EndOffset="5241" SrcFileId="7" StartOffset="5237"/>
</Cond>
<LocList>
<Loc EndOffset="5691" SrcFileId="7" StartOffset="5242"/>
</LocList>
<StmntSeq Intrnl_Id="962">
<LocList>
<Loc EndOffset="5676" SrcFileId="7" StartOffset="5261"/>
</LocList>
<CondStmnt CovItemId="S71" CovItemPrefix="com.OriginalFiles.Board.java" Intrnl_Id="963">
<Branch CovItemId="B23" CovItemPrefix="com.OriginalFiles.Board.java" Implct="false" Intrnl_Id="964">
<Cond/>
<LocList>
<Loc EndOffset="5418" SrcFileId="7" StartOffset="5363"/>
</LocList>
<StmntSeq Intrnl_Id="965">
<LocList>
<Loc EndOffset="5399" SrcFileId="7" StartOffset="5386"/>
</LocList>
<BasicStmnt CovItemId="S72" CovItemPrefix="com.OriginalFiles.Board.java" Intrnl_Id="966">
<LocList>
<Loc EndOffset="5399" SrcFileId="7" StartOffset="5386"/>
</LocList>
</BasicStmnt>
</StmntSeq>
</Branch>
<Branch CovItemId="B24" CovItemPrefix="com.OriginalFiles.Board.java" Implct="false" Intrnl_Id="967">
<Cond>
<Loc EndOffset="5423" SrcFileId="7" StartOffset="5419"/>
</Cond>
<LocList>
<Loc EndOffset="5676" SrcFileId="7" StartOffset="5424"/>
</LocList>
<StmntSeq Intrnl_Id="968">
<LocList>
<Loc EndOffset="5676" SrcFileId="7" StartOffset="5424"/>
</LocList>
<CondStmnt CovItemId="S73" CovItemPrefix="com.OriginalFiles.Board.java" Intrnl_Id="969">
<Branch CovItemId="B25" CovItemPrefix="com.OriginalFiles.Board.java" Implct="false" Intrnl_Id="970">
<Cond/>
<LocList>
<Loc EndOffset="5587" SrcFileId="7" StartOffset="5533"/>
</LocList>
<StmntSeq Intrnl_Id="971">
<LocList>
<Loc EndOffset="5568" SrcFileId="7" StartOffset="5556"/>
</LocList>
<BasicStmnt CovItemId="S74" CovItemPrefix="com.OriginalFiles.Board.java" Intrnl_Id="972">
<LocList>
<Loc EndOffset="5568" SrcFileId="7" StartOffset="5556"/>
</LocList>
</BasicStmnt>
</StmntSeq>
</Branch>
<Branch CovItemId="B26" CovItemPrefix="com.OriginalFiles.Board.java" Implct="false" Intrnl_Id="973">
<Cond>
<Loc EndOffset="5592" SrcFileId="7" StartOffset="5588"/>
</Cond>
<LocList>
<Loc EndOffset="5676" SrcFileId="7" StartOffset="5593"/>
</LocList>
<StmntSeq Intrnl_Id="974">
<LocList>
<Loc EndOffset="5657" SrcFileId="7" StartOffset="5616"/>
</LocList>
<BasicStmnt CovItemId="S75" CovItemPrefix="com.OriginalFiles.Board.java" Intrnl_Id="975">
<LocList>
<Loc EndOffset="5657" SrcFileId="7" StartOffset="5616"/>
</LocList>
</BasicStmnt>
</StmntSeq>
</Branch>
<Keyword EndOffset="5426" SrcFileId="7" StartOffset="5424"/>
<LocList>
<Loc EndOffset="5676" SrcFileId="7" StartOffset="5424"/>
</LocList>
<RootTerm CovItemId="C20" CovItemPrefix="com.OriginalFiles.Board.java" Intrnl_Id="976">
<BasicBoolTerm Intrnl_Id="977">
<LocList>
<Loc EndOffset="5531" SrcFileId="7" StartOffset="5428"/>
</LocList>
</BasicBoolTerm>
</RootTerm>
</CondStmnt>
</StmntSeq>
</Branch>
<Keyword EndOffset="5263" SrcFileId="7" StartOffset="5261"/>
<LocList>
<Loc EndOffset="5676" SrcFileId="7" StartOffset="5261"/>
</LocList>
<RootTerm CovItemId="C19" CovItemPrefix="com.OriginalFiles.Board.java" Intrnl_Id="978">
<BasicBoolTerm Intrnl_Id="979">
<LocList>
<Loc EndOffset="5361" SrcFileId="7" StartOffset="5265"/>
</LocList>
</BasicBoolTerm>
</RootTerm>
</CondStmnt>
</StmntSeq>
</Branch>
<Keyword EndOffset="5075" SrcFileId="7" StartOffset="5073"/>
<LocList>
<Loc EndOffset="5691" SrcFileId="7" StartOffset="5073"/>
</LocList>
<RootTerm CovItemId="C18" CovItemPrefix="com.OriginalFiles.Board.java" Intrnl_Id="980">
<OpTerm BooleanOpId="10" Intrnl_Id="981">
<OpTerm BooleanOpId="10" Intrnl_Id="982">
<BasicBoolTerm Intrnl_Id="983">
<LocList>
<Loc EndOffset="5098" SrcFileId="7" StartOffset="5077"/>
</LocList>
</BasicBoolTerm>
<BasicBoolTerm Intrnl_Id="984">
<LocList>
<Loc EndOffset="5119" SrcFileId="7" StartOffset="5102"/>
</LocList>
</BasicBoolTerm>
<LocList>
<Loc EndOffset="5101" SrcFileId="7" StartOffset="5099"/>
</LocList>
</OpTerm>
<OpTerm BooleanOpId="9" Intrnl_Id="985">
<BasicBoolTerm Intrnl_Id="986">
<LocList>
<Loc EndOffset="5187" SrcFileId="7" StartOffset="5145"/>
</LocList>
</BasicBoolTerm>
<LocList>
<Loc EndOffset="5145" SrcFileId="7" StartOffset="5144"/>
</LocList>
</OpTerm>
<LocList>
<Loc EndOffset="5143" SrcFileId="7" StartOffset="5141"/>
</LocList>
</OpTerm>
</RootTerm>
</CondStmnt>
</StmntSeq>
</Branch>
<Keyword EndOffset="4911" SrcFileId="7" StartOffset="4909"/>
<LocList>
<Loc EndOffset="5691" SrcFileId="7" StartOffset="4909"/>
</LocList>
<RootTerm CovItemId="C17" CovItemPrefix="com.OriginalFiles.Board.java" Intrnl_Id="987">
<OpTerm BooleanOpId="10" Intrnl_Id="988">
<OpTerm BooleanOpId="10" Intrnl_Id="989">
<BasicBoolTerm Intrnl_Id="990">
<LocList>
<Loc EndOffset="4930" SrcFileId="7" StartOffset="4913"/>
</LocList>
</BasicBoolTerm>
<BasicBoolTerm Intrnl_Id="991">
<LocList>
<Loc EndOffset="4955" SrcFileId="7" StartOffset="4934"/>
</LocList>
</BasicBoolTerm>
<LocList>
<Loc EndOffset="4933" SrcFileId="7" StartOffset="4931"/>
</LocList>
</OpTerm>
<OpTerm BooleanOpId="9" Intrnl_Id="992">
<BasicBoolTerm Intrnl_Id="993">
<LocList>
<Loc EndOffset="5019" SrcFileId="7" StartOffset="4981"/>
</LocList>
</BasicBoolTerm>
<LocList>
<Loc EndOffset="4981" SrcFileId="7" StartOffset="4980"/>
</LocList>
</OpTerm>
<LocList>
<Loc EndOffset="4979" SrcFileId="7" StartOffset="4977"/>
</LocList>
</OpTerm>
</RootTerm>
</CondStmnt>
</StmntSeq>
</Branch>
<Keyword EndOffset="4747" SrcFileId="7" StartOffset="4745"/>
<LocList>
<Loc EndOffset="5702" SrcFileId="7" StartOffset="4745"/>
</LocList>
<RootTerm CovItemId="C16" CovItemPrefix="com.OriginalFiles.Board.java" Intrnl_Id="994">
<OpTerm BooleanOpId="10" Intrnl_Id="995">
<BasicBoolTerm Intrnl_Id="996">
<LocList>
<Loc EndOffset="4789" SrcFileId="7" StartOffset="4749"/>
</LocList>
</BasicBoolTerm>
<OpTerm BooleanOpId="9" Intrnl_Id="997">
<BasicBoolTerm Intrnl_Id="998">
<LocList>
<Loc EndOffset="4847" SrcFileId="7" StartOffset="4811"/>
</LocList>
</BasicBoolTerm>
<LocList>
<Loc EndOffset="4811" SrcFileId="7" StartOffset="4810"/>
</LocList>
</OpTerm>
<LocList>
<Loc EndOffset="4809" SrcFileId="7" StartOffset="4807"/>
</LocList>
</OpTerm>
</RootTerm>
</CondStmnt>
</StmntSeq>
</Branch>
<Keyword EndOffset="4599" SrcFileId="7" StartOffset="4597"/>
<LocList>
<Loc EndOffset="5702" SrcFileId="7" StartOffset="4597"/>
</LocList>
<RootTerm CovItemId="C15" CovItemPrefix="com.OriginalFiles.Board.java" Intrnl_Id="999">
<OpTerm BooleanOpId="10" Intrnl_Id="1000">
<BasicBoolTerm Intrnl_Id="1001">
<LocList>
<Loc EndOffset="4637" SrcFileId="7" StartOffset="4601"/>
</LocList>
</BasicBoolTerm>
<OpTerm BooleanOpId="9" Intrnl_Id="1002">
<BasicBoolTerm Intrnl_Id="1003">
<LocList>
<Loc EndOffset="4699" SrcFileId="7" StartOffset="4659"/>
</LocList>
</BasicBoolTerm>
<LocList>
<Loc EndOffset="4659" SrcFileId="7" StartOffset="4658"/>
</LocList>
</OpTerm>
<LocList>
<Loc EndOffset="4657" SrcFileId="7" StartOffset="4655"/>
</LocList>
</OpTerm>
</RootTerm>
</CondStmnt>
</StmntSeq>
</Branch>
<Keyword EndOffset="4313" SrcFileId="7" StartOffset="4311"/>
<LocList>
<Loc EndOffset="5702" SrcFileId="7" StartOffset="4311"/>
</LocList>
<RootTerm CovItemId="C14" CovItemPrefix="com.OriginalFiles.Board.java" Intrnl_Id="1004">
<OpTerm BooleanOpId="10" Intrnl_Id="1005">
<OpTerm BooleanOpId="10" Intrnl_Id="1006">
<OpTerm BooleanOpId="10" Intrnl_Id="1007">
<BasicBoolTerm Intrnl_Id="1008">
<LocList>
<Loc EndOffset="4351" SrcFileId="7" StartOffset="4315"/>
</LocList>
</BasicBoolTerm>
<OpTerm BooleanOpId="9" Intrnl_Id="1009">
<BasicBoolTerm Intrnl_Id="1010">
<LocList>
<Loc EndOffset="4411" SrcFileId="7" StartOffset="4373"/>
</LocList>
</BasicBoolTerm>
<LocList>
<Loc EndOffset="4373" SrcFileId="7" StartOffset="4372"/>
</LocList>
</OpTerm>
<LocList>
<Loc EndOffset="4371" SrcFileId="7" StartOffset="4369"/>
</LocList>
</OpTerm>
<BasicBoolTerm Intrnl_Id="1011">
<LocList>
<Loc EndOffset="4490" SrcFileId="7" StartOffset="4432"/>
</LocList>
</BasicBoolTerm>
<LocList>
<Loc EndOffset="4431" SrcFileId="7" StartOffset="4429"/>
</LocList>
</OpTerm>
<BasicBoolTerm Intrnl_Id="1012">
<LocList>
<Loc EndOffset="4551" SrcFileId="7" StartOffset="4511"/>
</LocList>
</BasicBoolTerm>
<LocList>
<Loc EndOffset="4510" SrcFileId="7" StartOffset="4508"/>
</LocList>
</OpTerm>
</RootTerm>
</CondStmnt>
</StmntSeq>
</HierarchyLvl>
<HierarchyLvl HierarchyLvlId="55" HierarchyLvlTypeId="14" Intrnl_Id="1013" Name="distance">
<Header>
<Loc EndOffset="5769" SrcFileId="7" StartOffset="5717"/>
</Header>
<LocList>
<Loc EndOffset="5851" SrcFileId="7" StartOffset="5717"/>
</LocList>
<StmntSeq Intrnl_Id="1014">
<LocList>
<Loc EndOffset="5844" SrcFileId="7" StartOffset="5781"/>
</LocList>
<BasicStmnt CovItemId="S76" CovItemPrefix="com.OriginalFiles.Board.java" Intrnl_Id="1015">
<LocList>
<Loc EndOffset="5844" SrcFileId="7" StartOffset="5781"/>
</LocList>
</BasicStmnt>
</StmntSeq>
</HierarchyLvl>
<HierarchyLvl HierarchyLvlId="56" HierarchyLvlTypeId="14" Intrnl_Id="1016" Name="verifyCorrectMove">
<Header>
<Loc EndOffset="5956" SrcFileId="7" StartOffset="5859"/>
</Header>
<LocList>
<Loc EndOffset="6179" SrcFileId="7" StartOffset="5859"/>
</LocList>
<StmntSeq Intrnl_Id="1017">
<LocList>
<Loc EndOffset="6150" SrcFileId="7" StartOffset="5968"/>
<Loc EndOffset="6172" SrcFileId="7" StartOffset="6160"/>
</LocList>
<CondStmnt CovItemId="S77" CovItemPrefix="com.OriginalFiles.Board.java" Intrnl_Id="1018">
<Branch CovItemId="B27" CovItemPrefix="com.OriginalFiles.Board.java" Implct="false" Intrnl_Id="1019">
<Cond/>
<LocList>
<Loc EndOffset="6150" SrcFileId="7" StartOffset="6002"/>
</LocList>
<StmntSeq Intrnl_Id="1020">
<LocList>
<Loc EndOffset="6139" SrcFileId="7" StartOffset="6017"/>
</LocList>
<CondStmnt CovItemId="S78" CovItemPrefix="com.OriginalFiles.Board.java" Intrnl_Id="1021">
<Branch CovItemId="B29" CovItemPrefix="com.OriginalFiles.Board.java" Implct="false" Intrnl_Id="1022">
<Cond/>
<LocList>
<Loc EndOffset="6139" SrcFileId="7" StartOffset="6057"/>
</LocList>
<StmntSeq Intrnl_Id="1023">
<LocList>
<Loc EndOffset="6124" SrcFileId="7" StartOffset="6076"/>
</LocList>
<BasicStmnt CovItemId="S79" CovItemPrefix="com.OriginalFiles.Board.java" Intrnl_Id="1024">
<LocList>
<Loc EndOffset="6124" SrcFileId="7" StartOffset="6076"/>
</LocList>
</BasicStmnt>
</StmntSeq>
</Branch>
<Branch CovItemId="B30" CovItemPrefix="com.OriginalFiles.Board.java" Implct="true" Intrnl_Id="1025">
<Cond/>
<LocList/>
<StmntSeq Intrnl_Id="1026">
<LocList/>
</StmntSeq>
</Branch>
<Keyword EndOffset="6019" SrcFileId="7" StartOffset="6017"/>
<LocList>
<Loc EndOffset="6139" SrcFileId="7" StartOffset="6017"/>
</LocList>
<RootTerm CovItemId="C22" CovItemPrefix="com.OriginalFiles.Board.java" Intrnl_Id="1027">
<BasicBoolTerm Intrnl_Id="1028">
<LocList>
<Loc EndOffset="6055" SrcFileId="7" StartOffset="6021"/>
</LocList>
</BasicBoolTerm>
</RootTerm>
</CondStmnt>
</StmntSeq>
</Branch>
<Branch CovItemId="B28" CovItemPrefix="com.OriginalFiles.Board.java" Implct="true" Intrnl_Id="1029">
<Cond/>
<LocList/>
<StmntSeq Intrnl_Id="1030">
<LocList/>
</StmntSeq>
</Branch>
<Keyword EndOffset="5970" SrcFileId="7" StartOffset="5968"/>
<LocList>
<Loc EndOffset="6150" SrcFileId="7" StartOffset="5968"/>
</LocList>
<RootTerm CovItemId="C21" CovItemPrefix="com.OriginalFiles.Board.java" Intrnl_Id="1031">
<BasicBoolTerm Intrnl_Id="1032">
<LocList>
<Loc EndOffset="6000" SrcFileId="7" StartOffset="5972"/>
</LocList>
</BasicBoolTerm>
</RootTerm>
</CondStmnt>
<BasicStmnt CovItemId="S80" CovItemPrefix="com.OriginalFiles.Board.java" Intrnl_Id="1033">
<LocList>
<Loc EndOffset="6172" SrcFileId="7" StartOffset="6160"/>
</LocList>
</BasicStmnt>
</StmntSeq>
</HierarchyLvl>
<HierarchyLvl HierarchyLvlId="57" HierarchyLvlTypeId="14" Intrnl_Id="1034" Name="peasentIsOnEndRow">
<Header>
<Loc EndOffset="6238" SrcFileId="7" StartOffset="6187"/>
</Header>
<LocList>
<Loc EndOffset="6614" SrcFileId="7" StartOffset="6187"/>
</LocList>
<StmntSeq Intrnl_Id="1035">
<LocList>
<Loc EndOffset="6584" SrcFileId="7" StartOffset="6250"/>
<Loc EndOffset="6607" SrcFileId="7" StartOffset="6594"/>
</LocList>
<CondStmnt CovItemId="S81" CovItemPrefix="com.OriginalFiles.Board.java" Intrnl_Id="1036">
<Branch CovItemId="B31" CovItemPrefix="com.OriginalFiles.Board.java" Implct="false" Intrnl_Id="1037">
<Cond/>
<LocList>
<Loc EndOffset="6584" SrcFileId="7" StartOffset="6272"/>
</LocList>
<StmntSeq Intrnl_Id="1038">
<LocList>
<Loc EndOffset="6448" SrcFileId="7" StartOffset="6314"/>
<Loc EndOffset="6573" SrcFileId="7" StartOffset="6464"/>
</LocList>
<CondStmnt CovItemId="S82" CovItemPrefix="com.OriginalFiles.Board.java" Intrnl_Id="1039">
<Branch CovItemId="B33" CovItemPrefix="com.OriginalFiles.Board.java" Implct="false" Intrnl_Id="1040">
<Cond/>
<LocList>
<Loc EndOffset="6395" SrcFileId="7" StartOffset="6348"/>
</LocList>
<StmntSeq Intrnl_Id="1041">
<LocList>
<Loc EndOffset="6380" SrcFileId="7" StartOffset="6367"/>
</LocList>
<BasicStmnt CovItemId="S83" CovItemPrefix="com.OriginalFiles.Board.java" Intrnl_Id="1042">
<LocList>
<Loc EndOffset="6380" SrcFileId="7" StartOffset="6367"/>
</LocList>
</BasicStmnt>
</StmntSeq>
</Branch>
<Branch CovItemId="B34" CovItemPrefix="com.OriginalFiles.Board.java" Implct="false" Intrnl_Id="1043">
<Cond>
<Loc EndOffset="6400" SrcFileId="7" StartOffset="6396"/>
</Cond>
<LocList>
<Loc EndOffset="6448" SrcFileId="7" StartOffset="6401"/>
</LocList>
<StmntSeq Intrnl_Id="1044">
<LocList>
<Loc EndOffset="6433" SrcFileId="7" StartOffset="6420"/>
</LocList>
<BasicStmnt CovItemId="S84" CovItemPrefix="com.OriginalFiles.Board.java" Intrnl_Id="1045">
<LocList>
<Loc EndOffset="6433" SrcFileId="7" StartOffset="6420"/>
</LocList>
</BasicStmnt>
</StmntSeq>
</Branch>
<Keyword EndOffset="6316" SrcFileId="7" StartOffset="6314"/>
<LocList>
<Loc EndOffset="6448" SrcFileId="7" StartOffset="6314"/>
</LocList>
<RootTerm CovItemId="C24" CovItemPrefix="com.OriginalFiles.Board.java" Intrnl_Id="1046">
<BasicBoolTerm Intrnl_Id="1047">
<LocList>
<Loc EndOffset="6346" SrcFileId="7" StartOffset="6318"/>
</LocList>
</BasicBoolTerm>
</RootTerm>
</CondStmnt>
<CondStmnt CovItemId="S85" CovItemPrefix="com.OriginalFiles.Board.java" Intrnl_Id="1048">
<Branch CovItemId="B35" CovItemPrefix="com.OriginalFiles.Board.java" Implct="false" Intrnl_Id="1049">
<Cond/>
<LocList>
<Loc EndOffset="6573" SrcFileId="7" StartOffset="6527"/>
</LocList>
<StmntSeq Intrnl_Id="1050">
<LocList>
<Loc EndOffset="6558" SrcFileId="7" StartOffset="6546"/>
</LocList>
<BasicStmnt CovItemId="S86" CovItemPrefix="com.OriginalFiles.Board.java" Intrnl_Id="1051">
<LocList>
<Loc EndOffset="6558" SrcFileId="7" StartOffset="6546"/>
</LocList>
</BasicStmnt>
</StmntSeq>
</Branch>
<Branch CovItemId="B36" CovItemPrefix="com.OriginalFiles.Board.java" Implct="true" Intrnl_Id="1052">
<Cond/>
<LocList/>
<StmntSeq Intrnl_Id="1053">
<LocList/>
</StmntSeq>
</Branch>
<Keyword EndOffset="6466" SrcFileId="7" StartOffset="6464"/>
<LocList>
<Loc EndOffset="6573" SrcFileId="7" StartOffset="6464"/>
</LocList>
<RootTerm CovItemId="C25" CovItemPrefix="com.OriginalFiles.Board.java" Intrnl_Id="1054">
<OpTerm BooleanOpId="10" Intrnl_Id="1055">
<BasicBoolTerm Intrnl_Id="1056">
<LocList>
<Loc EndOffset="6487" SrcFileId="7" StartOffset="6468"/>
</LocList>
</BasicBoolTerm>
<OpTerm BooleanOpId="9" Intrnl_Id="1057">
<BasicBoolTerm Intrnl_Id="1058">
<LocList>
<Loc EndOffset="6525" SrcFileId="7" StartOffset="6492"/>
</LocList>
</BasicBoolTerm>
<LocList>
<Loc EndOffset="6492" SrcFileId="7" StartOffset="6491"/>
</LocList>
</OpTerm>
<LocList>
<Loc EndOffset="6490" SrcFileId="7" StartOffset="6488"/>
</LocList>
</OpTerm>
</RootTerm>
</CondStmnt>
</StmntSeq>
</Branch>
<Branch CovItemId="B32" CovItemPrefix="com.OriginalFiles.Board.java" Implct="true" Intrnl_Id="1059">
<Cond/>
<LocList/>
<StmntSeq Intrnl_Id="1060">
<LocList/>
</StmntSeq>
</Branch>
<Keyword EndOffset="6252" SrcFileId="7" StartOffset="6250"/>
<LocList>
<Loc EndOffset="6584" SrcFileId="7" StartOffset="6250"/>
</LocList>
<RootTerm CovItemId="C23" CovItemPrefix="com.OriginalFiles.Board.java" Intrnl_Id="1061">
<OpTerm BooleanOpId="9" Intrnl_Id="1062">
<BasicBoolTerm Intrnl_Id="1063">
<LocList>
<Loc EndOffset="6270" SrcFileId="7" StartOffset="6255"/>
</LocList>
</BasicBoolTerm>
<LocList>
<Loc EndOffset="6255" SrcFileId="7" StartOffset="6254"/>
</LocList>
</OpTerm>
</RootTerm>
</CondStmnt>
<BasicStmnt CovItemId="S87" CovItemPrefix="com.OriginalFiles.Board.java" Intrnl_Id="1064">
<LocList>
<Loc EndOffset="6607" SrcFileId="7" StartOffset="6594"/>
</LocList>
</BasicStmnt>
</StmntSeq>
</HierarchyLvl>
<HierarchyLvl HierarchyLvlId="58" HierarchyLvlTypeId="14" Intrnl_Id="1065" Name="movePieceInRepresentation">
<Header>
<Loc EndOffset="6824" SrcFileId="7" StartOffset="6671"/>
</Header>
<LocList>
<Loc EndOffset="6939" SrcFileId="7" StartOffset="6671"/>
</LocList>
<StmntSeq Intrnl_Id="1066">
<LocList>
<Loc EndOffset="6932" SrcFileId="7" StartOffset="6836"/>
</LocList>
<BasicStmnt CovItemId="S88" CovItemPrefix="com.OriginalFiles.Board.java" Intrnl_Id="1067">
<LocList>
<Loc EndOffset="6932" SrcFileId="7" StartOffset="6836"/>
</LocList>
</BasicStmnt>
</StmntSeq>
</HierarchyLvl>
<HierarchyLvl HierarchyLvlId="59" HierarchyLvlTypeId="14" Intrnl_Id="1068" Name="movePieceInRepresentation">
<Header>
<Loc EndOffset="7130" SrcFileId="7" StartOffset="6990"/>
</Header>
<LocList>
<Loc EndOffset="7416" SrcFileId="7" StartOffset="6990"/>
</LocList>
<StmntSeq Intrnl_Id="1069">
<LocList>
<Loc EndOffset="7195" SrcFileId="7" StartOffset="7142"/>
<Loc EndOffset="7232" SrcFileId="7" StartOffset="7205"/>
<Loc EndOffset="7388" SrcFileId="7" StartOffset="7242"/>
</LocList>
<BasicStmnt CovItemId="S89" CovItemPrefix="com.OriginalFiles.Board.java" Intrnl_Id="1070">
<LocList>
<Loc EndOffset="7195" SrcFileId="7" StartOffset="7142"/>
</LocList>
</BasicStmnt>
<BasicStmnt CovItemId="S90" CovItemPrefix="com.OriginalFiles.Board.java" Intrnl_Id="1071">
<LocList>
<Loc EndOffset="7232" SrcFileId="7" StartOffset="7205"/>
</LocList>
</BasicStmnt>
<CondStmnt CovItemId="S91" CovItemPrefix="com.OriginalFiles.Board.java" Intrnl_Id="1072">
<Branch CovItemId="B37" CovItemPrefix="com.OriginalFiles.Board.java" Implct="false" Intrnl_Id="1073">
<Cond/>
<LocList>
<Loc EndOffset="7388" SrcFileId="7" StartOffset="7281"/>
</LocList>
<StmntSeq Intrnl_Id="1074">
<LocList>
<Loc EndOffset="7377" SrcFileId="7" StartOffset="7296"/>
</LocList>
<BasicStmnt CovItemId="S92" CovItemPrefix="com.OriginalFiles.Board.java" Intrnl_Id="1075">
<LocList>
<Loc EndOffset="7377" SrcFileId="7" StartOffset="7296"/>
</LocList>
</BasicStmnt>
</StmntSeq>
</Branch>
<Branch CovItemId="B38" CovItemPrefix="com.OriginalFiles.Board.java" Implct="true" Intrnl_Id="1076">
<Cond/>
<LocList/>
<StmntSeq Intrnl_Id="1077">
<LocList/>
</StmntSeq>
</Branch>
<Keyword EndOffset="7244" SrcFileId="7" StartOffset="7242"/>
<LocList>
<Loc EndOffset="7388" SrcFileId="7" StartOffset="7242"/>
</LocList>
<RootTerm CovItemId="C26" CovItemPrefix="com.OriginalFiles.Board.java" Intrnl_Id="1078">
<BasicBoolTerm Intrnl_Id="1079">
<LocList>
<Loc EndOffset="7279" SrcFileId="7" StartOffset="7246"/>
</LocList>
</BasicBoolTerm>
</RootTerm>
</CondStmnt>
</StmntSeq>
</HierarchyLvl>
<HierarchyLvl HierarchyLvlId="60" HierarchyLvlTypeId="14" Intrnl_Id="1080" Name="checkMoveDirection">
<Header>
<Loc EndOffset="7596" SrcFileId="7" StartOffset="7464"/>
</Header>
<LocList>
<Loc EndOffset="7757" SrcFileId="7" StartOffset="7464"/>
</LocList>
<StmntSeq Intrnl_Id="1081">
<LocList>
<Loc EndOffset="7750" SrcFileId="7" StartOffset="7608"/>
</LocList>
<BasicStmnt CovItemId="S93" CovItemPrefix="com.OriginalFiles.Board.java" Intrnl_Id="1082">
<LocList>
<Loc EndOffset="7750" SrcFileId="7" StartOffset="7608"/>
</LocList>
</BasicStmnt>
</StmntSeq>
</HierarchyLvl>
<HierarchyLvl HierarchyLvlId="61" HierarchyLvlTypeId="14" Intrnl_Id="1083" Name="isFieldEmptyOnBoard">
<Header>
<Loc EndOffset="7873" SrcFileId="7" StartOffset="7765"/>
</Header>
<LocList>
<Loc EndOffset="8067" SrcFileId="7" StartOffset="7765"/>
</LocList>
<StmntSeq Intrnl_Id="1084">
<LocList>
<Loc EndOffset="8060" SrcFileId="7" StartOffset="7885"/>
</LocList>
<CondStmnt CovItemId="S94" CovItemPrefix="com.OriginalFiles.Board.java" Intrnl_Id="1085">
<Branch CovItemId="B39" CovItemPrefix="com.OriginalFiles.Board.java" Implct="false" Intrnl_Id="1086">
<Cond/>
<LocList>
<Loc EndOffset="8015" SrcFileId="7" StartOffset="7908"/>
</LocList>
<StmntSeq Intrnl_Id="1087">
<LocList>
<Loc EndOffset="7968" SrcFileId="7" StartOffset="7923"/>
<Loc EndOffset="8004" SrcFileId="7" StartOffset="7984"/>
</LocList>
<BasicStmnt CovItemId="S95" CovItemPrefix="com.OriginalFiles.Board.java" Intrnl_Id="1088">
<LocList>
<Loc EndOffset="7968" SrcFileId="7" StartOffset="7923"/>
</LocList>
</BasicStmnt>
<BasicStmnt CovItemId="S96" CovItemPrefix="com.OriginalFiles.Board.java" Intrnl_Id="1089">
<LocList>
<Loc EndOffset="8004" SrcFileId="7" StartOffset="7984"/>
</LocList>
</BasicStmnt>
</StmntSeq>
</Branch>
<Branch CovItemId="B40" CovItemPrefix="com.OriginalFiles.Board.java" Implct="false" Intrnl_Id="1090">
<Cond>
<Loc EndOffset="8020" SrcFileId="7" StartOffset="8016"/>
</Cond>
<LocList>
<Loc EndOffset="8060" SrcFileId="7" StartOffset="8021"/>
</LocList>
<StmntSeq Intrnl_Id="1091">
<LocList>
<Loc EndOffset="8049" SrcFileId="7" StartOffset="8036"/>
</LocList>
<BasicStmnt CovItemId="S97" CovItemPrefix="com.OriginalFiles.Board.java" Intrnl_Id="1092">
<LocList>
<Loc EndOffset="8049" SrcFileId="7" StartOffset="8036"/>
</LocList>
</BasicStmnt>
</StmntSeq>
</Branch>
<Keyword EndOffset="7887" SrcFileId="7" StartOffset="7885"/>
<LocList>
<Loc EndOffset="8060" SrcFileId="7" StartOffset="7885"/>
</LocList>
<RootTerm CovItemId="C27" CovItemPrefix="com.OriginalFiles.Board.java" Intrnl_Id="1093">
<BasicBoolTerm Intrnl_Id="1094">
<LocList>
<Loc EndOffset="7906" SrcFileId="7" StartOffset="7889"/>
</LocList>
</BasicBoolTerm>
</RootTerm>
</CondStmnt>
</StmntSeq>
</HierarchyLvl>
<HierarchyLvl HierarchyLvlId="62" HierarchyLvlTypeId="14" Intrnl_Id="1095" Name="fieldOccupied">
<Header>
<Loc EndOffset="8123" SrcFileId="7" StartOffset="8075"/>
</Header>
<LocList>
<Loc EndOffset="8267" SrcFileId="7" StartOffset="8075"/>
</LocList>
<StmntSeq Intrnl_Id="1096">
<LocList>
<Loc EndOffset="8260" SrcFileId="7" StartOffset="8135"/>
</LocList>
<CondStmnt CovItemId="S98" CovItemPrefix="com.OriginalFiles.Board.java" Intrnl_Id="1097">
<Branch CovItemId="B41" CovItemPrefix="com.OriginalFiles.Board.java" Implct="false" Intrnl_Id="1098">
<Cond/>
<LocList>
<Loc EndOffset="8216" SrcFileId="7" StartOffset="8158"/>
</LocList>
<StmntSeq Intrnl_Id="1099">
<LocList>
<Loc EndOffset="8205" SrcFileId="7" StartOffset="8173"/>
</LocList>
<BasicStmnt CovItemId="S99" CovItemPrefix="com.OriginalFiles.Board.java" Intrnl_Id="1100">
<LocList>
<Loc EndOffset="8205" SrcFileId="7" StartOffset="8173"/>
</LocList>
</BasicStmnt>
</StmntSeq>
</Branch>
<Branch CovItemId="B42" CovItemPrefix="com.OriginalFiles.Board.java" Implct="false" Intrnl_Id="1101">
<Cond>
<Loc EndOffset="8221" SrcFileId="7" StartOffset="8217"/>
</Cond>
<LocList>
<Loc EndOffset="8260" SrcFileId="7" StartOffset="8222"/>
</LocList>
<StmntSeq Intrnl_Id="1102">
<LocList>
<Loc EndOffset="8249" SrcFileId="7" StartOffset="8237"/>
</LocList>
<BasicStmnt CovItemId="S100" CovItemPrefix="com.OriginalFiles.Board.java" Intrnl_Id="1103">
<LocList>
<Loc EndOffset="8249" SrcFileId="7" StartOffset="8237"/>
</LocList>
</BasicStmnt>
</StmntSeq>
</Branch>
<Keyword EndOffset="8137" SrcFileId="7" StartOffset="8135"/>
<LocList>
<Loc EndOffset="8260" SrcFileId="7" StartOffset="8135"/>
</LocList>
<RootTerm CovItemId="C28" CovItemPrefix="com.OriginalFiles.Board.java" Intrnl_Id="1104">
<BasicBoolTerm Intrnl_Id="1105">
<LocList>
<Loc EndOffset="8156" SrcFileId="7" StartOffset="8139"/>
</LocList>
</BasicBoolTerm>
</RootTerm>
</CondStmnt>
</StmntSeq>
</HierarchyLvl>
<HierarchyLvl HierarchyLvlId="63" HierarchyLvlTypeId="14" Intrnl_Id="1106" Name="checkPiece">
<Header>
<Loc EndOffset="8426" SrcFileId="7" StartOffset="8354"/>
</Header>
<LocList>
<Loc EndOffset="8807" SrcFileId="7" StartOffset="8354"/>
</LocList>
<StmntSeq Intrnl_Id="1107">
<LocList>
<Loc EndOffset="8559" SrcFileId="7" StartOffset="8438"/>
<Loc EndOffset="8800" SrcFileId="7" StartOffset="8571"/>
</LocList>
<BasicStmnt CovItemId="S101" CovItemPrefix="com.OriginalFiles.Board.java" Intrnl_Id="1108">
<LocList>
<Loc EndOffset="8559" SrcFileId="7" StartOffset="8438"/>
</LocList>
</BasicStmnt>
<CondStmnt CovItemId="S102" CovItemPrefix="com.OriginalFiles.Board.java" Intrnl_Id="1109">
<Branch CovItemId="B43" CovItemPrefix="com.OriginalFiles.Board.java" Implct="false" Intrnl_Id="1110">
<Cond/>
<LocList>
<Loc EndOffset="8676" SrcFileId="7" StartOffset="8608"/>
</LocList>
<StmntSeq Intrnl_Id="1111">
<LocList>
<Loc EndOffset="8665" SrcFileId="7" StartOffset="8623"/>
</LocList>
<BasicStmnt CovItemId="S103" CovItemPrefix="com.OriginalFiles.Board.java" Intrnl_Id="1112">
<LocList>
<Loc EndOffset="8665" SrcFileId="7" StartOffset="8623"/>
</LocList>
</BasicStmnt>
</StmntSeq>
</Branch>
<Branch CovItemId="B44" CovItemPrefix="com.OriginalFiles.Board.java" Implct="false" Intrnl_Id="1113">
<Cond>
<Loc EndOffset="8681" SrcFileId="7" StartOffset="8677"/>
</Cond>
<LocList>
<Loc EndOffset="8800" SrcFileId="7" StartOffset="8682"/>
</LocList>
<StmntSeq Intrnl_Id="1114">
<LocList>
<Loc EndOffset="8789" SrcFileId="7" StartOffset="8697"/>
</LocList>
<BasicStmnt CovItemId="S104" CovItemPrefix="com.OriginalFiles.Board.java" Intrnl_Id="1115">
<LocList>
<Loc EndOffset="8789" SrcFileId="7" StartOffset="8697"/>
</LocList>
</BasicStmnt>
</StmntSeq>
</Branch>
<Keyword EndOffset="8573" SrcFileId="7" StartOffset="8571"/>
<LocList>
<Loc EndOffset="8800" SrcFileId="7" StartOffset="8571"/>
</LocList>
<RootTerm CovItemId="C29" CovItemPrefix="com.OriginalFiles.Board.java" Intrnl_Id="1116">
<BasicBoolTerm Intrnl_Id="1117">
<LocList>
<Loc EndOffset="8606" SrcFileId="7" StartOffset="8575"/>
</LocList>
</BasicBoolTerm>
</RootTerm>
</CondStmnt>
</StmntSeq>
</HierarchyLvl>
<HierarchyLvl HierarchyLvlId="64" HierarchyLvlTypeId="14" Intrnl_Id="1118" Name="checkMoveableBoolean">
<Header>
<Loc EndOffset="8890" SrcFileId="7" StartOffset="8832"/>
</Header>
<LocList>
<Loc EndOffset="8953" SrcFileId="7" StartOffset="8832"/>
</LocList>
<StmntSeq Intrnl_Id="1119">
<LocList>
<Loc EndOffset="8946" SrcFileId="7" StartOffset="8902"/>
</LocList>
<BasicStmnt CovItemId="S105" CovItemPrefix="com.OriginalFiles.Board.java" Intrnl_Id="1120">
<LocList>
<Loc EndOffset="8946" SrcFileId="7" StartOffset="8902"/>
</LocList>
</BasicStmnt>
</StmntSeq>
</HierarchyLvl>
<HierarchyLvl HierarchyLvlId="65" HierarchyLvlTypeId="14" Intrnl_Id="1121" Name="checkMoveable">
<Header>
<Loc EndOffset="9063" SrcFileId="7" StartOffset="9003"/>
</Header>
<LocList>
<Loc EndOffset="9893" SrcFileId="7" StartOffset="9003"/>
</LocList>
<StmntSeq Intrnl_Id="1122">
<LocList>
<Loc EndOffset="9126" SrcFileId="7" StartOffset="9075"/>
<Loc EndOffset="9297" SrcFileId="7" StartOffset="9163"/>
<Loc EndOffset="9441" SrcFileId="7" StartOffset="9307"/>
<Loc EndOffset="9855" SrcFileId="7" StartOffset="9492"/>
<Loc EndOffset="9886" SrcFileId="7" StartOffset="9865"/>
</LocList>
<BasicStmnt CovItemId="S106" CovItemPrefix="com.OriginalFiles.Board.java" Intrnl_Id="1123">
<LocList>
<Loc EndOffset="9126" SrcFileId="7" StartOffset="9075"/>
</LocList>
</BasicStmnt>
<CondStmnt CovItemId="S107" CovItemPrefix="com.OriginalFiles.Board.java" Intrnl_Id="1124">
<Branch CovItemId="B45" CovItemPrefix="com.OriginalFiles.Board.java" Implct="false" Intrnl_Id="1125">
<Cond/>
<LocList>
<Loc EndOffset="9297" SrcFileId="7" StartOffset="9216"/>
</LocList>
<StmntSeq Intrnl_Id="1126">
<LocList>
<Loc EndOffset="9286" SrcFileId="7" StartOffset="9231"/>
</LocList>
<BasicStmnt CovItemId="S108" CovItemPrefix="com.OriginalFiles.Board.java" Intrnl_Id="1127">
<LocList>
<Loc EndOffset="9286" SrcFileId="7" StartOffset="9231"/>
</LocList>
</BasicStmnt>
</StmntSeq>
</Branch>
<Branch CovItemId="B46" CovItemPrefix="com.OriginalFiles.Board.java" Implct="true" Intrnl_Id="1128">
<Cond/>
<LocList/>
<StmntSeq Intrnl_Id="1129">
<LocList/>
</StmntSeq>
</Branch>
<Keyword EndOffset="9165" SrcFileId="7" StartOffset="9163"/>
<LocList>
<Loc EndOffset="9297" SrcFileId="7" StartOffset="9163"/>
</LocList>
<RootTerm CovItemId="C30" CovItemPrefix="com.OriginalFiles.Board.java" Intrnl_Id="1130">
<OpTerm BooleanOpId="9" Intrnl_Id="1131">
<BasicBoolTerm Intrnl_Id="1132">
<LocList>
<Loc EndOffset="9214" SrcFileId="7" StartOffset="9168"/>
</LocList>
</BasicBoolTerm>
<LocList>
<Loc EndOffset="9168" SrcFileId="7" StartOffset="9167"/>
</LocList>
</OpTerm>
</RootTerm>
</CondStmnt>
<CondStmnt CovItemId="S109" CovItemPrefix="com.OriginalFiles.Board.java" Intrnl_Id="1133">
<Branch CovItemId="B47" CovItemPrefix="com.OriginalFiles.Board.java" Implct="false" Intrnl_Id="1134">
<Cond/>
<LocList>
<Loc EndOffset="9441" SrcFileId="7" StartOffset="9360"/>
</LocList>
<StmntSeq Intrnl_Id="1135">
<LocList>
<Loc EndOffset="9430" SrcFileId="7" StartOffset="9375"/>
</LocList>
<BasicStmnt CovItemId="S110" CovItemPrefix="com.OriginalFiles.Board.java" Intrnl_Id="1136">
<LocList>
<Loc EndOffset="9430" SrcFileId="7" StartOffset="9375"/>
</LocList>
</BasicStmnt>
</StmntSeq>
</Branch>
<Branch CovItemId="B48" CovItemPrefix="com.OriginalFiles.Board.java" Implct="true" Intrnl_Id="1137">
<Cond/>
<LocList/>
<StmntSeq Intrnl_Id="1138">
<LocList/>
</StmntSeq>
</Branch>
<Keyword EndOffset="9309" SrcFileId="7" StartOffset="9307"/>
<LocList>
<Loc EndOffset="9441" SrcFileId="7" StartOffset="9307"/>
</LocList>
<RootTerm CovItemId="C31" CovItemPrefix="com.OriginalFiles.Board.java" Intrnl_Id="1139">
<OpTerm BooleanOpId="9" Intrnl_Id="1140">
<BasicBoolTerm Intrnl_Id="1141">
<LocList>
<Loc EndOffset="9358" SrcFileId="7" StartOffset="9312"/>
</LocList>
</BasicBoolTerm>
<LocList>
<Loc EndOffset="9312" SrcFileId="7" StartOffset="9311"/>
</LocList>
</OpTerm>
</RootTerm>
</CondStmnt>
<CondStmnt CovItemId="S111" CovItemPrefix="com.OriginalFiles.Board.java" Intrnl_Id="1142">
<Branch CovItemId="B49" CovItemPrefix="com.OriginalFiles.Board.java" Implct="false" Intrnl_Id="1143">
<Cond/>
<LocList>
<Loc EndOffset="9855" SrcFileId="7" StartOffset="9531"/>
</LocList>
<StmntSeq Intrnl_Id="1144">
<LocList>
<Loc EndOffset="9688" SrcFileId="7" StartOffset="9546"/>
<Loc EndOffset="9844" SrcFileId="7" StartOffset="9702"/>
</LocList>
<CondStmnt CovItemId="S112" CovItemPrefix="com.OriginalFiles.Board.java" Intrnl_Id="1145">
<Branch CovItemId="B51" CovItemPrefix="com.OriginalFiles.Board.java" Implct="false" Intrnl_Id="1146">
<Cond/>
<LocList>
<Loc EndOffset="9688" SrcFileId="7" StartOffset="9599"/>
</LocList>
<StmntSeq Intrnl_Id="1147">
<LocList>
<Loc EndOffset="9673" SrcFileId="7" StartOffset="9618"/>
</LocList>
<BasicStmnt CovItemId="S113" CovItemPrefix="com.OriginalFiles.Board.java" Intrnl_Id="1148">
<LocList>
<Loc EndOffset="9673" SrcFileId="7" StartOffset="9618"/>
</LocList>
</BasicStmnt>
</StmntSeq>
</Branch>
<Branch CovItemId="B52" CovItemPrefix="com.OriginalFiles.Board.java" Implct="true" Intrnl_Id="1149">
<Cond/>
<LocList/>
<StmntSeq Intrnl_Id="1150">
<LocList/>
</StmntSeq>
</Branch>
<Keyword EndOffset="9548" SrcFileId="7" StartOffset="9546"/>
<LocList>
<Loc EndOffset="9688" SrcFileId="7" StartOffset="9546"/>
</LocList>
<RootTerm CovItemId="C33" CovItemPrefix="com.OriginalFiles.Board.java" Intrnl_Id="1151">
<OpTerm BooleanOpId="9" Intrnl_Id="1152">
<BasicBoolTerm Intrnl_Id="1153">
<LocList>
<Loc EndOffset="9597" SrcFileId="7" StartOffset="9551"/>
</LocList>
</BasicBoolTerm>
<LocList>
<Loc EndOffset="9551" SrcFileId="7" StartOffset="9550"/>
</LocList>
</OpTerm>
</RootTerm>
</CondStmnt>
<CondStmnt CovItemId="S114" CovItemPrefix="com.OriginalFiles.Board.java" Intrnl_Id="1154">
<Branch CovItemId="B53" CovItemPrefix="com.OriginalFiles.Board.java" Implct="false" Intrnl_Id="1155">
<Cond/>
<LocList>
<Loc EndOffset="9844" SrcFileId="7" StartOffset="9755"/>
</LocList>
<StmntSeq Intrnl_Id="1156">
<LocList>
<Loc EndOffset="9829" SrcFileId="7" StartOffset="9774"/>
</LocList>
<BasicStmnt CovItemId="S115" CovItemPrefix="com.OriginalFiles.Board.java" Intrnl_Id="1157">
<LocList>
<Loc EndOffset="9829" SrcFileId="7" StartOffset="9774"/>
</LocList>
</BasicStmnt>
</StmntSeq>
</Branch>
<Branch CovItemId="B54" CovItemPrefix="com.OriginalFiles.Board.java" Implct="true" Intrnl_Id="1158">
<Cond/>
<LocList/>
<StmntSeq Intrnl_Id="1159">
<LocList/>
</StmntSeq>
</Branch>
<Keyword EndOffset="9704" SrcFileId="7" StartOffset="9702"/>
<LocList>
<Loc EndOffset="9844" SrcFileId="7" StartOffset="9702"/>
</LocList>
<RootTerm CovItemId="C34" CovItemPrefix="com.OriginalFiles.Board.java" Intrnl_Id="1160">
<OpTerm BooleanOpId="9" Intrnl_Id="1161">
<BasicBoolTerm Intrnl_Id="1162">
<LocList>
<Loc EndOffset="9753" SrcFileId="7" StartOffset="9707"/>
</LocList>
</BasicBoolTerm>
<LocList>
<Loc EndOffset="9707" SrcFileId="7" StartOffset="9706"/>
</LocList>
</OpTerm>
</RootTerm>
</CondStmnt>
</StmntSeq>
</Branch>
<Branch CovItemId="B50" CovItemPrefix="com.OriginalFiles.Board.java" Implct="true" Intrnl_Id="1163">
<Cond/>
<LocList/>
<StmntSeq Intrnl_Id="1164">
<LocList/>
</StmntSeq>
</Branch>
<Keyword EndOffset="9494" SrcFileId="7" StartOffset="9492"/>
<LocList>
<Loc EndOffset="9855" SrcFileId="7" StartOffset="9492"/>
</LocList>
<RootTerm CovItemId="C32" CovItemPrefix="com.OriginalFiles.Board.java" Intrnl_Id="1165">
<BasicBoolTerm Intrnl_Id="1166">
<LocList>
<Loc EndOffset="9529" SrcFileId="7" StartOffset="9496"/>
</LocList>
</BasicBoolTerm>
</RootTerm>
</CondStmnt>
<BasicStmnt CovItemId="S116" CovItemPrefix="com.OriginalFiles.Board.java" Intrnl_Id="1167">
<LocList>
<Loc EndOffset="9886" SrcFileId="7" StartOffset="9865"/>
</LocList>
</BasicStmnt>
</StmntSeq>
</HierarchyLvl>
<HierarchyLvl HierarchyLvlId="66" HierarchyLvlTypeId="14" Intrnl_Id="1168" Name="checkJump">
<Header>
<Loc EndOffset="10065" SrcFileId="7" StartOffset="9969"/>
</Header>
<LocList>
<Loc EndOffset="10529" SrcFileId="7" StartOffset="9969"/>
</LocList>
<StmntSeq Intrnl_Id="1169">
<LocList>
<Loc EndOffset="10522" SrcFileId="7" StartOffset="10077"/>
</LocList>
<BasicStmnt CovItemId="S117" CovItemPrefix="com.OriginalFiles.Board.java" Intrnl_Id="1170">
<LocList>
<Loc EndOffset="10522" SrcFileId="7" StartOffset="10077"/>
</LocList>
</BasicStmnt>
</StmntSeq>
</HierarchyLvl>
<HierarchyLvl HierarchyLvlId="67" HierarchyLvlTypeId="14" Intrnl_Id="1171" Name="checkJumpDirection">
<Header>
<Loc EndOffset="10735" SrcFileId="7" StartOffset="10607"/>
</Header>
<LocList>
<Loc EndOffset="11423" SrcFileId="7" StartOffset="10607"/>
</LocList>
<StmntSeq Intrnl_Id="1172">
<LocList>
<Loc EndOffset="10892" SrcFileId="7" StartOffset="10747"/>
<Loc EndOffset="11394" SrcFileId="7" StartOffset="10904"/>
<Loc EndOffset="11416" SrcFileId="7" StartOffset="11404"/>
</LocList>
<CondStmnt CovItemId="S118" CovItemPrefix="com.OriginalFiles.Board.java" Intrnl_Id="1173">
<Branch CovItemId="B55" CovItemPrefix="com.OriginalFiles.Board.java" Implct="false" Intrnl_Id="1174">
<Cond/>
<LocList>
<Loc EndOffset="10892" SrcFileId="7" StartOffset="10854"/>
</LocList>
<StmntSeq Intrnl_Id="1175">
<LocList>
<Loc EndOffset="10881" SrcFileId="7" StartOffset="10869"/>
</LocList>
<BasicStmnt CovItemId="S119" CovItemPrefix="com.OriginalFiles.Board.java" Intrnl_Id="1176">
<LocList>
<Loc EndOffset="10881" SrcFileId="7" StartOffset="10869"/>
</LocList>
</BasicStmnt>
</StmntSeq>
</Branch>
<Branch CovItemId="B56" CovItemPrefix="com.OriginalFiles.Board.java" Implct="true" Intrnl_Id="1177">
<Cond/>
<LocList/>
<StmntSeq Intrnl_Id="1178">
<LocList/>
</StmntSeq>
</Branch>
<Keyword EndOffset="10749" SrcFileId="7" StartOffset="10747"/>
<LocList>
<Loc EndOffset="10892" SrcFileId="7" StartOffset="10747"/>
</LocList>
<RootTerm CovItemId="C35" CovItemPrefix="com.OriginalFiles.Board.java" Intrnl_Id="1179">
<OpTerm BooleanOpId="10" Intrnl_Id="1180">
<OpTerm BooleanOpId="11" Intrnl_Id="1181">
<OpTerm BooleanOpId="10" Intrnl_Id="1182">
<BasicBoolTerm Intrnl_Id="1183">
<LocList>
<Loc EndOffset="10769" SrcFileId="7" StartOffset="10753"/>
</LocList>
</BasicBoolTerm>
<BasicBoolTerm Intrnl_Id="1184">
<LocList>
<Loc EndOffset="10783" SrcFileId="7" StartOffset="10773"/>
</LocList>
</BasicBoolTerm>
<LocList>
<Loc EndOffset="10772" SrcFileId="7" StartOffset="10770"/>
</LocList>
</OpTerm>
<OpTerm BooleanOpId="10" Intrnl_Id="1185">
<OpTerm BooleanOpId="9" Intrnl_Id="1186">
<BasicBoolTerm Intrnl_Id="1187">
<LocList>
<Loc EndOffset="10823" SrcFileId="7" StartOffset="10807"/>
</LocList>
</BasicBoolTerm>
<LocList>
<Loc EndOffset="10807" SrcFileId="7" StartOffset="10806"/>
</LocList>
</OpTerm>
<BasicBoolTerm Intrnl_Id="1188">
<LocList>
<Loc EndOffset="10836" SrcFileId="7" StartOffset="10827"/>
</LocList>
</BasicBoolTerm>
<LocList>
<Loc EndOffset="10826" SrcFileId="7" StartOffset="10824"/>
</LocList>
</OpTerm>
<LocList>
<Loc EndOffset="10804" SrcFileId="7" StartOffset="10802"/>
</LocList>
</OpTerm>
<OpTerm BooleanOpId="9" Intrnl_Id="1189">
<BasicBoolTerm Intrnl_Id="1190">
<LocList>
<Loc EndOffset="10852" SrcFileId="7" StartOffset="10843"/>
</LocList>
</BasicBoolTerm>
<LocList>
<Loc EndOffset="10843" SrcFileId="7" StartOffset="10842"/>
</LocList>
</OpTerm>
<LocList>
<Loc EndOffset="10841" SrcFileId="7" StartOffset="10839"/>
</LocList>
</OpTerm>
</RootTerm>
</CondStmnt>
<CondStmnt CovItemId="S120" CovItemPrefix="com.OriginalFiles.Board.java" Intrnl_Id="1191">
<Branch CovItemId="B57" CovItemPrefix="com.OriginalFiles.Board.java" Implct="false" Intrnl_Id="1192">
<Cond/>
<LocList>
<Loc EndOffset="11394" SrcFileId="7" StartOffset="10961"/>
</LocList>
<StmntSeq Intrnl_Id="1193">
<LocList>
<Loc EndOffset="11383" SrcFileId="7" StartOffset="10976"/>
</LocList>
<CondStmnt CovItemId="S121" CovItemPrefix="com.OriginalFiles.Board.java" Intrnl_Id="1194">
<Branch CovItemId="B59" CovItemPrefix="com.OriginalFiles.Board.java" Implct="false" Intrnl_Id="1195">
<Cond/>
<LocList>
<Loc EndOffset="11383" SrcFileId="7" StartOffset="11038"/>
</LocList>
<StmntSeq Intrnl_Id="1196">
<LocList>
<Loc EndOffset="11368" SrcFileId="7" StartOffset="11057"/>
</LocList>
<CondStmnt CovItemId="S122" CovItemPrefix="com.OriginalFiles.Board.java" Intrnl_Id="1197">
<Branch CovItemId="B61" CovItemPrefix="com.OriginalFiles.Board.java" Implct="false" Intrnl_Id="1198">
<Cond/>
<LocList>
<Loc EndOffset="11368" SrcFileId="7" StartOffset="11271"/>
</LocList>
<StmntSeq Intrnl_Id="1199">
<LocList>
<Loc EndOffset="11349" SrcFileId="7" StartOffset="11294"/>
</LocList>
<BasicStmnt CovItemId="S123" CovItemPrefix="com.OriginalFiles.Board.java" Intrnl_Id="1200">
<LocList>
<Loc EndOffset="11349" SrcFileId="7" StartOffset="11294"/>
</LocList>
</BasicStmnt>
</StmntSeq>
</Branch>
<Branch CovItemId="B62" CovItemPrefix="com.OriginalFiles.Board.java" Implct="true" Intrnl_Id="1201">
<Cond/>
<LocList/>
<StmntSeq Intrnl_Id="1202">
<LocList/>
</StmntSeq>
</Branch>
<Keyword EndOffset="11059" SrcFileId="7" StartOffset="11057"/>
<LocList>
<Loc EndOffset="11368" SrcFileId="7" StartOffset="11057"/>
</LocList>
<RootTerm CovItemId="C38" CovItemPrefix="com.OriginalFiles.Board.java" Intrnl_Id="1203">
<OpTerm BooleanOpId="10" Intrnl_Id="1204">
<BasicBoolTerm Intrnl_Id="1205">
<LocList>
<Loc EndOffset="11159" SrcFileId="7" StartOffset="11061"/>
</LocList>
</BasicBoolTerm>
<OpTerm BooleanOpId="9" Intrnl_Id="1206">
<BasicBoolTerm Intrnl_Id="1207">
<LocList>
<Loc EndOffset="11269" SrcFileId="7" StartOffset="11187"/>
</LocList>
</BasicBoolTerm>
<LocList>
<Loc EndOffset="11187" SrcFileId="7" StartOffset="11186"/>
</LocList>
</OpTerm>
<LocList>
<Loc EndOffset="11185" SrcFileId="7" StartOffset="11183"/>
</LocList>
</OpTerm>
</RootTerm>
</CondStmnt>
</StmntSeq>
</Branch>
<Branch CovItemId="B60" CovItemPrefix="com.OriginalFiles.Board.java" Implct="true" Intrnl_Id="1208">
<Cond/>
<LocList/>
<StmntSeq Intrnl_Id="1209">
<LocList/>
</StmntSeq>
</Branch>
<Keyword EndOffset="10978" SrcFileId="7" StartOffset="10976"/>
<LocList>
<Loc EndOffset="11383" SrcFileId="7" StartOffset="10976"/>
</LocList>
<RootTerm CovItemId="C37" CovItemPrefix="com.OriginalFiles.Board.java" Intrnl_Id="1210">
<OpTerm BooleanOpId="9" Intrnl_Id="1211">
<BasicBoolTerm Intrnl_Id="1212">
<LocList>
<Loc EndOffset="11036" SrcFileId="7" StartOffset="10981"/>
</LocList>
</BasicBoolTerm>
<LocList>
<Loc EndOffset="10981" SrcFileId="7" StartOffset="10980"/>
</LocList>
</OpTerm>
</RootTerm>
</CondStmnt>
</StmntSeq>
</Branch>
<Branch CovItemId="B58" CovItemPrefix="com.OriginalFiles.Board.java" Implct="true" Intrnl_Id="1213">
<Cond/>
<LocList/>
<StmntSeq Intrnl_Id="1214">
<LocList/>
</StmntSeq>
</Branch>
<Keyword EndOffset="10906" SrcFileId="7" StartOffset="10904"/>
<LocList>
<Loc EndOffset="11394" SrcFileId="7" StartOffset="10904"/>
</LocList>
<RootTerm CovItemId="C36" CovItemPrefix="com.OriginalFiles.Board.java" Intrnl_Id="1215">
<BasicBoolTerm Intrnl_Id="1216">
<LocList>
<Loc EndOffset="10959" SrcFileId="7" StartOffset="10908"/>
</LocList>
</BasicBoolTerm>
</RootTerm>
</CondStmnt>
<BasicStmnt CovItemId="S124" CovItemPrefix="com.OriginalFiles.Board.java" Intrnl_Id="1217">
<LocList>
<Loc EndOffset="11416" SrcFileId="7" StartOffset="11404"/>
</LocList>
</BasicStmnt>
</StmntSeq>
</HierarchyLvl>
<HierarchyLvl HierarchyLvlId="68" HierarchyLvlTypeId="14" Intrnl_Id="1218" Name="checkJumpDirectionBoolean">
<Header>
<Loc EndOffset="11580" SrcFileId="7" StartOffset="11448"/>
</Header>
<LocList>
<Loc EndOffset="11701" SrcFileId="7" StartOffset="11448"/>
</LocList>
<StmntSeq Intrnl_Id="1219">
<LocList>
<Loc EndOffset="11694" SrcFileId="7" StartOffset="11592"/>
</LocList>
<BasicStmnt CovItemId="S125" CovItemPrefix="com.OriginalFiles.Board.java" Intrnl_Id="1220">
<LocList>
<Loc EndOffset="11694" SrcFileId="7" StartOffset="11592"/>
</LocList>
</BasicStmnt>
</StmntSeq>
</HierarchyLvl>
<HierarchyLvl HierarchyLvlId="69" HierarchyLvlTypeId="14" Intrnl_Id="1221" Name="updateMoveables">
<Header>
<Loc EndOffset="11794" SrcFileId="7" StartOffset="11759"/>
</Header>
<LocList>
<Loc EndOffset="12441" SrcFileId="7" StartOffset="11759"/>
</LocList>
<StmntSeq Intrnl_Id="1222">
<LocList>
<Loc EndOffset="11821" SrcFileId="7" StartOffset="11806"/>
<Loc EndOffset="12409" SrcFileId="7" StartOffset="11831"/>
<Loc EndOffset="12434" SrcFileId="7" StartOffset="12419"/>
</LocList>
<BasicStmnt CovItemId="S126" CovItemPrefix="com.OriginalFiles.Board.java" Intrnl_Id="1223">
<LocList>
<Loc EndOffset="11821" SrcFileId="7" StartOffset="11806"/>
</LocList>
</BasicStmnt>
<LoopStmnt CovItemId="S127" CovItemPrefix="com.OriginalFiles.Board.java" Intrnl_Id="1224" MltplExecId="L10-2" MltplExecPrefix="com.OriginalFiles.Board.java" NvrExecId="L10-0" NvrExecPrefix="com.OriginalFiles.Board.java" OnceExecutedId="L10-1" OnceExecutedPrefix="com.OriginalFiles.Board.java" OptBodyExec="true">
<StmntSeq Intrnl_Id="1225">
<LocList>
<Loc EndOffset="12398" SrcFileId="7" StartOffset="11872"/>
</LocList>
<LoopStmnt CovItemId="S128" CovItemPrefix="com.OriginalFiles.Board.java" Intrnl_Id="1226" MltplExecId="L11-2" MltplExecPrefix="com.OriginalFiles.Board.java" NvrExecId="L11-0" NvrExecPrefix="com.OriginalFiles.Board.java" OnceExecutedId="L11-1" OnceExecutedPrefix="com.OriginalFiles.Board.java" OptBodyExec="true">
<StmntSeq Intrnl_Id="1227">
<LocList>
<Loc EndOffset="12383" SrcFileId="7" StartOffset="11913"/>
</LocList>
<CondStmnt CovItemId="S129" CovItemPrefix="com.OriginalFiles.Board.java" Intrnl_Id="1228">
<Branch CovItemId="B63" CovItemPrefix="com.OriginalFiles.Board.java" Implct="false" Intrnl_Id="1229">
<Cond/>
<LocList>
<Loc EndOffset="12383" SrcFileId="7" StartOffset="11937"/>
</LocList>
<StmntSeq Intrnl_Id="1230">
<LocList>
<Loc EndOffset="12364" SrcFileId="7" StartOffset="11960"/>
</LocList>
<CondStmnt CovItemId="S130" CovItemPrefix="com.OriginalFiles.Board.java" Intrnl_Id="1231">
<Branch CovItemId="B65" CovItemPrefix="com.OriginalFiles.Board.java" Implct="false" Intrnl_Id="1232">
<Cond/>
<LocList>
<Loc EndOffset="12364" SrcFileId="7" StartOffset="11997"/>
</LocList>
<StmntSeq Intrnl_Id="1233">
<LocList>
<Loc EndOffset="12341" SrcFileId="7" StartOffset="12075"/>
</LocList>
<CondStmnt CovItemId="S131" CovItemPrefix="com.OriginalFiles.Board.java" Intrnl_Id="1234">
<Branch CovItemId="B67" CovItemPrefix="com.OriginalFiles.Board.java" Implct="false" Intrnl_Id="1235">
<Cond/>
<LocList>
<Loc EndOffset="12248" SrcFileId="7" StartOffset="12110"/>
</LocList>
<StmntSeq Intrnl_Id="1236">
<LocList>
<Loc EndOffset="12168" SrcFileId="7" StartOffset="12141"/>
</LocList>
<BasicStmnt CovItemId="S132" CovItemPrefix="com.OriginalFiles.Board.java" Intrnl_Id="1237">
<LocList>
<Loc EndOffset="12168" SrcFileId="7" StartOffset="12141"/>
</LocList>
</BasicStmnt>
</StmntSeq>
</Branch>
<Branch CovItemId="B68" CovItemPrefix="com.OriginalFiles.Board.java" Implct="false" Intrnl_Id="1238">
<Cond>
<Loc EndOffset="12253" SrcFileId="7" StartOffset="12249"/>
</Cond>
<LocList>
<Loc EndOffset="12341" SrcFileId="7" StartOffset="12254"/>
</LocList>
<StmntSeq Intrnl_Id="1239">
<LocList>
<Loc EndOffset="12314" SrcFileId="7" StartOffset="12285"/>
</LocList>
<BasicStmnt CovItemId="S133" CovItemPrefix="com.OriginalFiles.Board.java" Intrnl_Id="1240">
<LocList>
<Loc EndOffset="12314" SrcFileId="7" StartOffset="12285"/>
</LocList>
</BasicStmnt>
</StmntSeq>
</Branch>
<Keyword EndOffset="12077" SrcFileId="7" StartOffset="12075"/>
<LocList>
<Loc EndOffset="12341" SrcFileId="7" StartOffset="12075"/>
</LocList>
<RootTerm CovItemId="C41" CovItemPrefix="com.OriginalFiles.Board.java" Intrnl_Id="1241">
<BasicBoolTerm Intrnl_Id="1242">
<LocList>
<Loc EndOffset="12108" SrcFileId="7" StartOffset="12079"/>
</LocList>
</BasicBoolTerm>
</RootTerm>
</CondStmnt>
</StmntSeq>
</Branch>
<Branch CovItemId="B66" CovItemPrefix="com.OriginalFiles.Board.java" Implct="true" Intrnl_Id="1243">
<Cond/>
<LocList/>
<StmntSeq Intrnl_Id="1244">
<LocList/>
</StmntSeq>
</Branch>
<Keyword EndOffset="11962" SrcFileId="7" StartOffset="11960"/>
<LocList>
<Loc EndOffset="12364" SrcFileId="7" StartOffset="11960"/>
</LocList>
<RootTerm CovItemId="C40" CovItemPrefix="com.OriginalFiles.Board.java" Intrnl_Id="1245">
<BasicBoolTerm Intrnl_Id="1246">
<LocList>
<Loc EndOffset="11995" SrcFileId="7" StartOffset="11964"/>
</LocList>
</BasicBoolTerm>
</RootTerm>
</CondStmnt>
</StmntSeq>
</Branch>
<Branch CovItemId="B64" CovItemPrefix="com.OriginalFiles.Board.java" Implct="true" Intrnl_Id="1247">
<Cond/>
<LocList/>
<StmntSeq Intrnl_Id="1248">
<LocList/>
</StmntSeq>
</Branch>
<Keyword EndOffset="11915" SrcFileId="7" StartOffset="11913"/>
<LocList>
<Loc EndOffset="12383" SrcFileId="7" StartOffset="11913"/>
</LocList>
<RootTerm CovItemId="C39" CovItemPrefix="com.OriginalFiles.Board.java" Intrnl_Id="1249">
<BasicBoolTerm Intrnl_Id="1250">
<LocList>
<Loc EndOffset="11935" SrcFileId="7" StartOffset="11917"/>
</LocList>
</BasicBoolTerm>
</RootTerm>
</CondStmnt>
</StmntSeq>
<Keyword EndOffset="11875" SrcFileId="7" StartOffset="11872"/>
<LocList>
<Loc EndOffset="12398" SrcFileId="7" StartOffset="11872"/>
</LocList>
</LoopStmnt>
</StmntSeq>
<Keyword EndOffset="11834" SrcFileId="7" StartOffset="11831"/>
<LocList>
<Loc EndOffset="12409" SrcFileId="7" StartOffset="11831"/>
</LocList>
</LoopStmnt>
<BasicStmnt CovItemId="S134" CovItemPrefix="com.OriginalFiles.Board.java" Intrnl_Id="1251">
<LocList>
<Loc EndOffset="12434" SrcFileId="7" StartOffset="12419"/>
</LocList>
</BasicStmnt>
</StmntSeq>
</HierarchyLvl>
<HierarchyLvl HierarchyLvlId="70" HierarchyLvlTypeId="14" Intrnl_Id="1252" Name="findOpponentColors">
<Header>
<Loc EndOffset="12533" SrcFileId="7" StartOffset="12500"/>
</Header>
<LocList>
<Loc EndOffset="12767" SrcFileId="7" StartOffset="12500"/>
</LocList>
<StmntSeq Intrnl_Id="1253">
<LocList>
<Loc EndOffset="12760" SrcFileId="7" StartOffset="12545"/>
</LocList>
<CondStmnt CovItemId="S135" CovItemPrefix="com.OriginalFiles.Board.java" Intrnl_Id="1254">
<Branch CovItemId="B69" CovItemPrefix="com.OriginalFiles.Board.java" Implct="false" Intrnl_Id="1255">
<Cond/>
<LocList>
<Loc EndOffset="12663" SrcFileId="7" StartOffset="12572"/>
</LocList>
<StmntSeq Intrnl_Id="1256">
<LocList>
<Loc EndOffset="12614" SrcFileId="7" StartOffset="12587"/>
<Loc EndOffset="12652" SrcFileId="7" StartOffset="12628"/>
</LocList>
<BasicStmnt CovItemId="S136" CovItemPrefix="com.OriginalFiles.Board.java" Intrnl_Id="1257">
<LocList>
<Loc EndOffset="12614" SrcFileId="7" StartOffset="12587"/>
</LocList>
</BasicStmnt>
<BasicStmnt CovItemId="S137" CovItemPrefix="com.OriginalFiles.Board.java" Intrnl_Id="1258">
<LocList>
<Loc EndOffset="12652" SrcFileId="7" StartOffset="12628"/>
</LocList>
</BasicStmnt>
</StmntSeq>
</Branch>
<Branch CovItemId="B70" CovItemPrefix="com.OriginalFiles.Board.java" Implct="false" Intrnl_Id="1259">
<Cond>
<Loc EndOffset="12668" SrcFileId="7" StartOffset="12664"/>
</Cond>
<LocList>
<Loc EndOffset="12760" SrcFileId="7" StartOffset="12669"/>
</LocList>
<StmntSeq Intrnl_Id="1260">
<LocList>
<Loc EndOffset="12711" SrcFileId="7" StartOffset="12684"/>
<Loc EndOffset="12749" SrcFileId="7" StartOffset="12725"/>
</LocList>
<BasicStmnt CovItemId="S138" CovItemPrefix="com.OriginalFiles.Board.java" Intrnl_Id="1261">
<LocList>
<Loc EndOffset="12711" SrcFileId="7" StartOffset="12684"/>
</LocList>
</BasicStmnt>
<BasicStmnt CovItemId="S139" CovItemPrefix="com.OriginalFiles.Board.java" Intrnl_Id="1262">
<LocList>
<Loc EndOffset="12749" SrcFileId="7" StartOffset="12725"/>
</LocList>
</BasicStmnt>
</StmntSeq>
</Branch>
<Keyword EndOffset="12547" SrcFileId="7" StartOffset="12545"/>
<LocList>
<Loc EndOffset="12760" SrcFileId="7" StartOffset="12545"/>
</LocList>
<RootTerm CovItemId="C42" CovItemPrefix="com.OriginalFiles.Board.java" Intrnl_Id="1263">
<BasicBoolTerm Intrnl_Id="1264">
<LocList>
<Loc EndOffset="12570" SrcFileId="7" StartOffset="12549"/>
</LocList>
</BasicBoolTerm>
</RootTerm>
</CondStmnt>
</StmntSeq>
</HierarchyLvl>
<HierarchyLvl HierarchyLvlId="71" HierarchyLvlTypeId="14" Intrnl_Id="1265" Name="findMissingPiece">
<Header>
<Loc EndOffset="12914" SrcFileId="7" StartOffset="12824"/>
</Header>
<LocList>
<Loc EndOffset="13668" SrcFileId="7" StartOffset="12824"/>
</LocList>
<StmntSeq Intrnl_Id="1266">
<LocList>
<Loc EndOffset="12968" SrcFileId="7" StartOffset="12945"/>
<Loc EndOffset="13626" SrcFileId="7" StartOffset="12980"/>
<Loc EndOffset="13661" SrcFileId="7" StartOffset="13638"/>
</LocList>
<BasicStmnt CovItemId="S140" CovItemPrefix="com.OriginalFiles.Board.java" Intrnl_Id="1267">
<LocList>
<Loc EndOffset="12968" SrcFileId="7" StartOffset="12945"/>
</LocList>
</BasicStmnt>
<LoopStmnt CovItemId="S141" CovItemPrefix="com.OriginalFiles.Board.java" Intrnl_Id="1268" MltplExecId="L12-2" MltplExecPrefix="com.OriginalFiles.Board.java" NvrExecId="L12-0" NvrExecPrefix="com.OriginalFiles.Board.java" OnceExecutedId="L12-1" OnceExecutedPrefix="com.OriginalFiles.Board.java" OptBodyExec="true">
<StmntSeq Intrnl_Id="1269">
<LocList>
<Loc EndOffset="13615" SrcFileId="7" StartOffset="13092"/>
</LocList>
<CondStmnt CovItemId="S142" CovItemPrefix="com.OriginalFiles.Board.java" Intrnl_Id="1270">
<Branch CovItemId="B71" CovItemPrefix="com.OriginalFiles.Board.java" Implct="false" Intrnl_Id="1271">
<Cond/>
<LocList>
<Loc EndOffset="13357" SrcFileId="7" StartOffset="13105"/>
</LocList>
<StmntSeq Intrnl_Id="1272">
<LocList>
<Loc EndOffset="13308" SrcFileId="7" StartOffset="13124"/>
<Loc EndOffset="13342" SrcFileId="7" StartOffset="13326"/>
</LocList>
<LoopStmnt CovItemId="S143" CovItemPrefix="com.OriginalFiles.Board.java" Intrnl_Id="1273" MltplExecId="L13-2" MltplExecPrefix="com.OriginalFiles.Board.java" NvrExecId="L13-0" NvrExecPrefix="com.OriginalFiles.Board.java" OnceExecutedId="L13-1" OnceExecutedPrefix="com.OriginalFiles.Board.java" OptBodyExec="true">
<StmntSeq Intrnl_Id="1274">
<LocList>
<Loc EndOffset="13289" SrcFileId="7" StartOffset="13171"/>
</LocList>
<CondStmnt CovItemId="S144" CovItemPrefix="com.OriginalFiles.Board.java" Intrnl_Id="1275">
<Branch CovItemId="B73" CovItemPrefix="com.OriginalFiles.Board.java" Implct="false" Intrnl_Id="1276">
<Cond/>
<LocList>
<Loc EndOffset="13289" SrcFileId="7" StartOffset="13193"/>
</LocList>
<StmntSeq Intrnl_Id="1277">
<LocList>
<Loc EndOffset="13266" SrcFileId="7" StartOffset="13220"/>
</LocList>
<BasicStmnt CovItemId="S145" CovItemPrefix="com.OriginalFiles.Board.java" Intrnl_Id="1278">
<LocList>
<Loc EndOffset="13266" SrcFileId="7" StartOffset="13220"/>
</LocList>
</BasicStmnt>
</StmntSeq>
</Branch>
<Branch CovItemId="B74" CovItemPrefix="com.OriginalFiles.Board.java" Implct="true" Intrnl_Id="1279">
<Cond/>
<LocList/>
<StmntSeq Intrnl_Id="1280">
<LocList/>
</StmntSeq>
</Branch>
<Keyword EndOffset="13173" SrcFileId="7" StartOffset="13171"/>
<LocList>
<Loc EndOffset="13289" SrcFileId="7" StartOffset="13171"/>
</LocList>
<RootTerm CovItemId="C46" CovItemPrefix="com.OriginalFiles.Board.java" Intrnl_Id="1281">
<BasicBoolTerm Intrnl_Id="1282">
<LocList>
<Loc EndOffset="13191" SrcFileId="7" StartOffset="13175"/>
</LocList>
</BasicBoolTerm>
</RootTerm>
</CondStmnt>
</StmntSeq>
<Keyword EndOffset="13127" SrcFileId="7" StartOffset="13124"/>
<LocList>
<Loc EndOffset="13308" SrcFileId="7" StartOffset="13124"/>
</LocList>
<RootTerm CovItemId="C45" CovItemPrefix="com.OriginalFiles.Board.java" Intrnl_Id="1283">
<BasicBoolTerm Intrnl_Id="1284">
<LocList>
<Loc EndOffset="13141" SrcFileId="7" StartOffset="13136"/>
</LocList>
</BasicBoolTerm>
</RootTerm>
</LoopStmnt>
<BasicStmnt CovItemId="S146" CovItemPrefix="com.OriginalFiles.Board.java" Intrnl_Id="1285">
<LocList>
<Loc EndOffset="13342" SrcFileId="7" StartOffset="13326"/>
</LocList>
</BasicStmnt>
</StmntSeq>
</Branch>
<Branch CovItemId="B72" CovItemPrefix="com.OriginalFiles.Board.java" Implct="false" Intrnl_Id="1286">
<Cond>
<Loc EndOffset="13362" SrcFileId="7" StartOffset="13358"/>
</Cond>
<LocList>
<Loc EndOffset="13615" SrcFileId="7" StartOffset="13363"/>
</LocList>
<StmntSeq Intrnl_Id="1287">
<LocList>
<Loc EndOffset="13567" SrcFileId="7" StartOffset="13382"/>
<Loc EndOffset="13600" SrcFileId="7" StartOffset="13585"/>
</LocList>
<LoopStmnt CovItemId="S147" CovItemPrefix="com.OriginalFiles.Board.java" Intrnl_Id="1288" MltplExecId="L14-2" MltplExecPrefix="com.OriginalFiles.Board.java" NvrExecId="L14-0" NvrExecPrefix="com.OriginalFiles.Board.java" OnceExecutedId="L14-1" OnceExecutedPrefix="com.OriginalFiles.Board.java" OptBodyExec="true">
<StmntSeq Intrnl_Id="1289">
<LocList>
<Loc EndOffset="13548" SrcFileId="7" StartOffset="13430"/>
</LocList>
<CondStmnt CovItemId="S148" CovItemPrefix="com.OriginalFiles.Board.java" Intrnl_Id="1290">
<Branch CovItemId="B75" CovItemPrefix="com.OriginalFiles.Board.java" Implct="false" Intrnl_Id="1291">
<Cond/>
<LocList>
<Loc EndOffset="13548" SrcFileId="7" StartOffset="13452"/>
</LocList>
<StmntSeq Intrnl_Id="1292">
<LocList>
<Loc EndOffset="13525" SrcFileId="7" StartOffset="13479"/>
</LocList>
<BasicStmnt CovItemId="S149" CovItemPrefix="com.OriginalFiles.Board.java" Intrnl_Id="1293">
<LocList>
<Loc EndOffset="13525" SrcFileId="7" StartOffset="13479"/>
</LocList>
</BasicStmnt>
</StmntSeq>
</Branch>
<Branch CovItemId="B76" CovItemPrefix="com.OriginalFiles.Board.java" Implct="true" Intrnl_Id="1294">
<Cond/>
<LocList/>
<StmntSeq Intrnl_Id="1295">
<LocList/>
</StmntSeq>
</Branch>
<Keyword EndOffset="13432" SrcFileId="7" StartOffset="13430"/>
<LocList>
<Loc EndOffset="13548" SrcFileId="7" StartOffset="13430"/>
</LocList>
<RootTerm CovItemId="C48" CovItemPrefix="com.OriginalFiles.Board.java" Intrnl_Id="1296">
<BasicBoolTerm Intrnl_Id="1297">
<LocList>
<Loc EndOffset="13450" SrcFileId="7" StartOffset="13434"/>
</LocList>
</BasicBoolTerm>
</RootTerm>
</CondStmnt>
</StmntSeq>
<Keyword EndOffset="13385" SrcFileId="7" StartOffset="13382"/>
<LocList>
<Loc EndOffset="13567" SrcFileId="7" StartOffset="13382"/>
</LocList>
<RootTerm CovItemId="C47" CovItemPrefix="com.OriginalFiles.Board.java" Intrnl_Id="1298">
<BasicBoolTerm Intrnl_Id="1299">
<LocList>
<Loc EndOffset="13400" SrcFileId="7" StartOffset="13394"/>
</LocList>
</BasicBoolTerm>
</RootTerm>
</LoopStmnt>
<BasicStmnt CovItemId="S150" CovItemPrefix="com.OriginalFiles.Board.java" Intrnl_Id="1300">
<LocList>
<Loc EndOffset="13600" SrcFileId="7" StartOffset="13585"/>
</LocList>
</BasicStmnt>
</StmntSeq>
</Branch>
<Keyword EndOffset="13094" SrcFileId="7" StartOffset="13092"/>
<LocList>
<Loc EndOffset="13615" SrcFileId="7" StartOffset="13092"/>
</LocList>
<RootTerm CovItemId="C44" CovItemPrefix="com.OriginalFiles.Board.java" Intrnl_Id="1301">
<BasicBoolTerm Intrnl_Id="1302">
<LocList>
<Loc EndOffset="13103" SrcFileId="7" StartOffset="13096"/>
</LocList>
</BasicBoolTerm>
</RootTerm>
</CondStmnt>
</StmntSeq>
<Keyword EndOffset="12983" SrcFileId="7" StartOffset="12980"/>
<LocList>
<Loc EndOffset="13626" SrcFileId="7" StartOffset="12980"/>
</LocList>
<RootTerm CovItemId="C43" CovItemPrefix="com.OriginalFiles.Board.java" Intrnl_Id="1303">
<BasicBoolTerm Intrnl_Id="1304">
<LocList>
<Loc EndOffset="12997" SrcFileId="7" StartOffset="12992"/>
</LocList>
</BasicBoolTerm>
</RootTerm>
</LoopStmnt>
<BasicStmnt CovItemId="S151" CovItemPrefix="com.OriginalFiles.Board.java" Intrnl_Id="1305">
<LocList>
<Loc EndOffset="13661" SrcFileId="7" StartOffset="13638"/>
</LocList>
</BasicStmnt>
</StmntSeq>
</HierarchyLvl>
<HierarchyLvl HierarchyLvlId="72" HierarchyLvlTypeId="14" Intrnl_Id="1306" Name="getPiece">
<Header>
<Loc EndOffset="13766" SrcFileId="7" StartOffset="13711"/>
</Header>
<LocList>
<Loc EndOffset="14078" SrcFileId="7" StartOffset="13711"/>
</LocList>
<StmntSeq Intrnl_Id="1307">
<LocList>
<Loc EndOffset="13823" SrcFileId="7" StartOffset="13778"/>
<Loc EndOffset="14071" SrcFileId="7" StartOffset="13833"/>
</LocList>
<BasicStmnt CovItemId="S152" CovItemPrefix="com.OriginalFiles.Board.java" Intrnl_Id="1308">
<LocList>
<Loc EndOffset="13823" SrcFileId="7" StartOffset="13778"/>
</LocList>
</BasicStmnt>
<CondStmnt CovItemId="S153" CovItemPrefix="com.OriginalFiles.Board.java" Intrnl_Id="1309">
<Branch CovItemId="B77" CovItemPrefix="com.OriginalFiles.Board.java" Implct="false" Intrnl_Id="1310">
<Cond/>
<LocList>
<Loc EndOffset="13889" SrcFileId="7" StartOffset="13851"/>
</LocList>
<StmntSeq Intrnl_Id="1311">
<LocList>
<Loc EndOffset="13878" SrcFileId="7" StartOffset="13866"/>
</LocList>
<BasicStmnt CovItemId="S154" CovItemPrefix="com.OriginalFiles.Board.java" Intrnl_Id="1312">
<LocList>
<Loc EndOffset="13878" SrcFileId="7" StartOffset="13866"/>
</LocList>
</BasicStmnt>
</StmntSeq>
</Branch>
<Branch CovItemId="B78" CovItemPrefix="com.OriginalFiles.Board.java" Implct="false" Intrnl_Id="1313">
<Cond>
<Loc EndOffset="13894" SrcFileId="7" StartOffset="13890"/>
</Cond>
<LocList>
<Loc EndOffset="14071" SrcFileId="7" StartOffset="13895"/>
</LocList>
<StmntSeq Intrnl_Id="1314">
<LocList>
<Loc EndOffset="13939" SrcFileId="7" StartOffset="13910"/>
<Loc EndOffset="13972" SrcFileId="7" StartOffset="13953"/>
<Loc EndOffset="14034" SrcFileId="7" StartOffset="13986"/>
<Loc EndOffset="14060" SrcFileId="7" StartOffset="14048"/>
</LocList>
<BasicStmnt CovItemId="S155" CovItemPrefix="com.OriginalFiles.Board.java" Intrnl_Id="1315">
<LocList>
<Loc EndOffset="13939" SrcFileId="7" StartOffset="13910"/>
</LocList>
</BasicStmnt>
<BasicStmnt CovItemId="S156" CovItemPrefix="com.OriginalFiles.Board.java" Intrnl_Id="1316">
<LocList>
<Loc EndOffset="13972" SrcFileId="7" StartOffset="13953"/>
</LocList>
</BasicStmnt>
<BasicStmnt CovItemId="S157" CovItemPrefix="com.OriginalFiles.Board.java" Intrnl_Id="1317">
<LocList>
<Loc EndOffset="14034" SrcFileId="7" StartOffset="13986"/>
</LocList>
</BasicStmnt>
<BasicStmnt CovItemId="S158" CovItemPrefix="com.OriginalFiles.Board.java" Intrnl_Id="1318">
<LocList>
<Loc EndOffset="14060" SrcFileId="7" StartOffset="14048"/>
</LocList>
</BasicStmnt>
</StmntSeq>
</Branch>
<Keyword EndOffset="13835" SrcFileId="7" StartOffset="13833"/>
<LocList>
<Loc EndOffset="14071" SrcFileId="7" StartOffset="13833"/>
</LocList>
<RootTerm CovItemId="C49" CovItemPrefix="com.OriginalFiles.Board.java" Intrnl_Id="1319">
<BasicBoolTerm Intrnl_Id="1320">
<LocList>
<Loc EndOffset="13849" SrcFileId="7" StartOffset="13837"/>
</LocList>
</BasicBoolTerm>
</RootTerm>
</CondStmnt>
</StmntSeq>
</HierarchyLvl>
<HierarchyLvl HierarchyLvlId="73" HierarchyLvlTypeId="14" Intrnl_Id="1321" Name="checkAllegiance">
<Header>
<Loc EndOffset="14877" SrcFileId="7" StartOffset="14802"/>
</Header>
<LocList>
<Loc EndOffset="15132" SrcFileId="7" StartOffset="14802"/>
</LocList>
<StmntSeq Intrnl_Id="1322">
<LocList>
<Loc EndOffset="15102" SrcFileId="7" StartOffset="14894"/>
<Loc EndOffset="15125" SrcFileId="7" StartOffset="15112"/>
</LocList>
<CondStmnt CovItemId="S159" CovItemPrefix="com.OriginalFiles.Board.java" Intrnl_Id="1323">
<Branch CovItemId="B79" CovItemPrefix="com.OriginalFiles.Board.java" Implct="false" Intrnl_Id="1324">
<Cond/>
<LocList>
<Loc EndOffset="15102" SrcFileId="7" StartOffset="14929"/>
</LocList>
<StmntSeq Intrnl_Id="1325">
<LocList>
<Loc EndOffset="15091" SrcFileId="7" StartOffset="14944"/>
</LocList>
<CondStmnt CovItemId="S160" CovItemPrefix="com.OriginalFiles.Board.java" Intrnl_Id="1326">
<Branch CovItemId="B81" CovItemPrefix="com.OriginalFiles.Board.java" Implct="false" Intrnl_Id="1327">
<Cond/>
<LocList>
<Loc EndOffset="15091" SrcFileId="7" StartOffset="14966"/>
</LocList>
<StmntSeq Intrnl_Id="1328">
<LocList>
<Loc EndOffset="15076" SrcFileId="7" StartOffset="14985"/>
</LocList>
<BasicStmnt CovItemId="S161" CovItemPrefix="com.OriginalFiles.Board.java" Intrnl_Id="1329">
<LocList>
<Loc EndOffset="15076" SrcFileId="7" StartOffset="14985"/>
</LocList>
</BasicStmnt>
</StmntSeq>
</Branch>
<Branch CovItemId="B82" CovItemPrefix="com.OriginalFiles.Board.java" Implct="true" Intrnl_Id="1330">
<Cond/>
<LocList/>
<StmntSeq Intrnl_Id="1331">
<LocList/>
</StmntSeq>
</Branch>
<Keyword EndOffset="14946" SrcFileId="7" StartOffset="14944"/>
<LocList>
<Loc EndOffset="15091" SrcFileId="7" StartOffset="14944"/>
</LocList>
<RootTerm CovItemId="C51" CovItemPrefix="com.OriginalFiles.Board.java" Intrnl_Id="1332">
<OpTerm BooleanOpId="9" Intrnl_Id="1333">
<BasicBoolTerm Intrnl_Id="1334">
<LocList>
<Loc EndOffset="14964" SrcFileId="7" StartOffset="14949"/>
</LocList>
</BasicBoolTerm>
<LocList>
<Loc EndOffset="14949" SrcFileId="7" StartOffset="14948"/>
</LocList>
</OpTerm>
</RootTerm>
</CondStmnt>
</StmntSeq>
</Branch>
<Branch CovItemId="B80" CovItemPrefix="com.OriginalFiles.Board.java" Implct="true" Intrnl_Id="1335">
<Cond/>
<LocList/>
<StmntSeq Intrnl_Id="1336">
<LocList/>
</StmntSeq>
</Branch>
<Keyword EndOffset="14896" SrcFileId="7" StartOffset="14894"/>
<LocList>
<Loc EndOffset="15102" SrcFileId="7" StartOffset="14894"/>
</LocList>
<RootTerm CovItemId="C50" CovItemPrefix="com.OriginalFiles.Board.java" Intrnl_Id="1337">
<BasicBoolTerm Intrnl_Id="1338">
<LocList>
<Loc EndOffset="14927" SrcFileId="7" StartOffset="14898"/>
</LocList>
</BasicBoolTerm>
</RootTerm>
</CondStmnt>
<BasicStmnt CovItemId="S162" CovItemPrefix="com.OriginalFiles.Board.java" Intrnl_Id="1339">
<LocList>
<Loc EndOffset="15125" SrcFileId="7" StartOffset="15112"/>
</LocList>
</BasicStmnt>
</StmntSeq>
</HierarchyLvl>
<HierarchyLvl HierarchyLvlId="74" HierarchyLvlTypeId="14" Intrnl_Id="1340" Name="checkAllegiance">
<Header>
<Loc EndOffset="15215" SrcFileId="7" StartOffset="15140"/>
</Header>
<LocList>
<Loc EndOffset="15594" SrcFileId="7" StartOffset="15140"/>
</LocList>
<StmntSeq Intrnl_Id="1341">
<LocList>
<Loc EndOffset="15377" SrcFileId="7" StartOffset="15232"/>
<Loc EndOffset="15563" SrcFileId="7" StartOffset="15388"/>
<Loc EndOffset="15587" SrcFileId="7" StartOffset="15574"/>
</LocList>
<CondStmnt CovItemId="S163" CovItemPrefix="com.OriginalFiles.Board.java" Intrnl_Id="1342">
<Branch CovItemId="B83" CovItemPrefix="com.OriginalFiles.Board.java" Implct="false" Intrnl_Id="1343">
<Cond/>
<LocList>
<Loc EndOffset="15377" SrcFileId="7" StartOffset="15337"/>
</LocList>
<StmntSeq Intrnl_Id="1344">
<LocList>
<Loc EndOffset="15365" SrcFileId="7" StartOffset="15353"/>
</LocList>
<BasicStmnt CovItemId="S164" CovItemPrefix="com.OriginalFiles.Board.java" Intrnl_Id="1345">
<LocList>
<Loc EndOffset="15365" SrcFileId="7" StartOffset="15353"/>
</LocList>
</BasicStmnt>
</StmntSeq>
</Branch>
<Branch CovItemId="B84" CovItemPrefix="com.OriginalFiles.Board.java" Implct="true" Intrnl_Id="1346">
<Cond/>
<LocList/>
<StmntSeq Intrnl_Id="1347">
<LocList/>
</StmntSeq>
</Branch>
<Keyword EndOffset="15234" SrcFileId="7" StartOffset="15232"/>
<LocList>
<Loc EndOffset="15377" SrcFileId="7" StartOffset="15232"/>
</LocList>
<RootTerm CovItemId="C52" CovItemPrefix="com.OriginalFiles.Board.java" Intrnl_Id="1348">
<OpTerm BooleanOpId="10" Intrnl_Id="1349">
<OpTerm BooleanOpId="11" Intrnl_Id="1350">
<BasicBoolTerm Intrnl_Id="1351">
<LocList>
<Loc EndOffset="15266" SrcFileId="7" StartOffset="15237"/>
</LocList>
</BasicBoolTerm>
<BasicBoolTerm Intrnl_Id="1352">
<LocList>
<Loc EndOffset="15313" SrcFileId="7" StartOffset="15287"/>
</LocList>
</BasicBoolTerm>
<LocList>
<Loc EndOffset="15286" SrcFileId="7" StartOffset="15284"/>
</LocList>
</OpTerm>
<OpTerm BooleanOpId="9" Intrnl_Id="1353">
<BasicBoolTerm Intrnl_Id="1354">
<LocList>
<Loc EndOffset="15335" SrcFileId="7" StartOffset="15319"/>
</LocList>
</BasicBoolTerm>
<LocList>
<Loc EndOffset="15319" SrcFileId="7" StartOffset="15318"/>
</LocList>
</OpTerm>
<LocList>
<Loc EndOffset="15317" SrcFileId="7" StartOffset="15315"/>
</LocList>
</OpTerm>
</RootTerm>
</CondStmnt>
<CondStmnt CovItemId="S165" CovItemPrefix="com.OriginalFiles.Board.java" Intrnl_Id="1355">
<Branch CovItemId="B85" CovItemPrefix="com.OriginalFiles.Board.java" Implct="false" Intrnl_Id="1356">
<Cond/>
<LocList>
<Loc EndOffset="15563" SrcFileId="7" StartOffset="15523"/>
</LocList>
<StmntSeq Intrnl_Id="1357">
<LocList>
<Loc EndOffset="15551" SrcFileId="7" StartOffset="15539"/>
</LocList>
<BasicStmnt CovItemId="S166" CovItemPrefix="com.OriginalFiles.Board.java" Intrnl_Id="1358">
<LocList>
<Loc EndOffset="15551" SrcFileId="7" StartOffset="15539"/>
</LocList>
</BasicStmnt>
</StmntSeq>
</Branch>
<Branch CovItemId="B86" CovItemPrefix="com.OriginalFiles.Board.java" Implct="true" Intrnl_Id="1359">
<Cond/>
<LocList/>
<StmntSeq Intrnl_Id="1360">
<LocList/>
</StmntSeq>
</Branch>
<Keyword EndOffset="15390" SrcFileId="7" StartOffset="15388"/>
<LocList>
<Loc EndOffset="15563" SrcFileId="7" StartOffset="15388"/>
</LocList>
<RootTerm CovItemId="C53" CovItemPrefix="com.OriginalFiles.Board.java" Intrnl_Id="1361">
<OpTerm BooleanOpId="10" Intrnl_Id="1362">
<OpTerm BooleanOpId="11" Intrnl_Id="1363">
<BasicBoolTerm Intrnl_Id="1364">
<LocList>
<Loc EndOffset="15428" SrcFileId="7" StartOffset="15393"/>
</LocList>
</BasicBoolTerm>
<BasicBoolTerm Intrnl_Id="1365">
<LocList>
<Loc EndOffset="15482" SrcFileId="7" StartOffset="15450"/>
</LocList>
</BasicBoolTerm>
<LocList>
<Loc EndOffset="15449" SrcFileId="7" StartOffset="15447"/>
</LocList>
</OpTerm>
<BasicBoolTerm Intrnl_Id="1366">
<LocList>
<Loc EndOffset="15521" SrcFileId="7" StartOffset="15505"/>
</LocList>
</BasicBoolTerm>
<LocList>
<Loc EndOffset="15504" SrcFileId="7" StartOffset="15502"/>
</LocList>
</OpTerm>
</RootTerm>
</CondStmnt>
<BasicStmnt CovItemId="S167" CovItemPrefix="com.OriginalFiles.Board.java" Intrnl_Id="1367">
<LocList>
<Loc EndOffset="15587" SrcFileId="7" StartOffset="15574"/>
</LocList>
</BasicStmnt>
</StmntSeq>
</HierarchyLvl>
<HierarchyLvl HierarchyLvlId="75" HierarchyLvlTypeId="14" Intrnl_Id="1368" Name="checkBounds">
<Header>
<Loc EndOffset="15701" SrcFileId="7" StartOffset="15655"/>
</Header>
<LocList>
<Loc EndOffset="15764" SrcFileId="7" StartOffset="15655"/>
</LocList>
<StmntSeq Intrnl_Id="1369">
<LocList>
<Loc EndOffset="15757" SrcFileId="7" StartOffset="15713"/>
</LocList>
<BasicStmnt CovItemId="S168" CovItemPrefix="com.OriginalFiles.Board.java" Intrnl_Id="1370">
<LocList>
<Loc EndOffset="15757" SrcFileId="7" StartOffset="15713"/>
</LocList>
</BasicStmnt>
</StmntSeq>
</HierarchyLvl>
</HierarchyLvl>
<HierarchyLvl HierarchyLvlId="97" HierarchyLvlTypeId="13" Intrnl_Id="1371" Name="Analyze">
<Header>
<Loc EndOffset="237" SrcFileId="8" StartOffset="217"/>
</Header>
<LocList>
<Loc EndOffset="19263" SrcFileId="8" StartOffset="217"/>
</LocList>
<StmntSeq Intrnl_Id="1372">
<LocList>
<Loc EndOffset="355" SrcFileId="8" StartOffset="314"/>
<Loc EndOffset="394" SrcFileId="8" StartOffset="361"/>
<Loc EndOffset="446" SrcFileId="8" StartOffset="400"/>
<Loc EndOffset="545" SrcFileId="8" StartOffset="501"/>
</LocList>
<BasicStmnt CovItemId="S1" CovItemPrefix="com.OriginalFiles.Analyze.java" Intrnl_Id="1373">
<LocList>
<Loc EndOffset="355" SrcFileId="8" StartOffset="314"/>
</LocList>
</BasicStmnt>
<BasicStmnt CovItemId="S2" CovItemPrefix="com.OriginalFiles.Analyze.java" Intrnl_Id="1374">
<LocList>
<Loc EndOffset="394" SrcFileId="8" StartOffset="361"/>
</LocList>
</BasicStmnt>
<BasicStmnt CovItemId="S3" CovItemPrefix="com.OriginalFiles.Analyze.java" Intrnl_Id="1375">
<LocList>
<Loc EndOffset="446" SrcFileId="8" StartOffset="400"/>
</LocList>
</BasicStmnt>
<BasicStmnt CovItemId="S4" CovItemPrefix="com.OriginalFiles.Analyze.java" Intrnl_Id="1376">
<LocList>
<Loc EndOffset="545" SrcFileId="8" StartOffset="501"/>
</LocList>
</BasicStmnt>
</StmntSeq>
<HierarchyLvl HierarchyLvlId="77" HierarchyLvlTypeId="14" Intrnl_Id="1377" Name="Analyze">
<Header>
<Loc EndOffset="676" SrcFileId="8" StartOffset="617"/>
</Header>
<LocList>
<Loc EndOffset="757" SrcFileId="8" StartOffset="617"/>
</LocList>
<StmntSeq Intrnl_Id="1378">
<LocList>
<Loc EndOffset="710" SrcFileId="8" StartOffset="688"/>
<Loc EndOffset="750" SrcFileId="8" StartOffset="720"/>
</LocList>
<BasicStmnt CovItemId="S5" CovItemPrefix="com.OriginalFiles.Analyze.java" Intrnl_Id="1379">
<LocList>
<Loc EndOffset="710" SrcFileId="8" StartOffset="688"/>
</LocList>
</BasicStmnt>
<BasicStmnt CovItemId="S6" CovItemPrefix="com.OriginalFiles.Analyze.java" Intrnl_Id="1380">
<LocList>
<Loc EndOffset="750" SrcFileId="8" StartOffset="720"/>
</LocList>
</BasicStmnt>
</StmntSeq>
</HierarchyLvl>
<HierarchyLvl HierarchyLvlId="78" HierarchyLvlTypeId="14" Intrnl_Id="1381" Name="analyzeBoard">
<Header>
<Loc EndOffset="943" SrcFileId="8" StartOffset="837"/>
</Header>
<LocList>
<Loc EndOffset="1525" SrcFileId="8" StartOffset="837"/>
</LocList>
<StmntSeq Intrnl_Id="1382">
<LocList>
<Loc EndOffset="1495" SrcFileId="8" StartOffset="955"/>
<Loc EndOffset="1518" SrcFileId="8" StartOffset="1505"/>
</LocList>
<CondStmnt CovItemId="S7" CovItemPrefix="com.OriginalFiles.Analyze.java" Intrnl_Id="1383">
<Branch CovItemId="B1" CovItemPrefix="com.OriginalFiles.Analyze.java" Implct="false" Intrnl_Id="1384">
<Cond/>
<LocList>
<Loc EndOffset="1495" SrcFileId="8" StartOffset="988"/>
</LocList>
<StmntSeq Intrnl_Id="1385">
<LocList>
<Loc EndOffset="1027" SrcFileId="8" StartOffset="1003"/>
<Loc EndOffset="1093" SrcFileId="8" StartOffset="1043"/>
<Loc EndOffset="1156" SrcFileId="8" StartOffset="1107"/>
<Loc EndOffset="1211" SrcFileId="8" StartOffset="1170"/>
<Loc EndOffset="1244" SrcFileId="8" StartOffset="1225"/>
<Loc EndOffset="1350" SrcFileId="8" StartOffset="1318"/>
<Loc EndOffset="1390" SrcFileId="8" StartOffset="1364"/>
<Loc EndOffset="1484" SrcFileId="8" StartOffset="1404"/>
</LocList>
<BasicStmnt CovItemId="S8" CovItemPrefix="com.OriginalFiles.Analyze.java" Intrnl_Id="1386">
<LocList>
<Loc EndOffset="1027" SrcFileId="8" StartOffset="1003"/>
</LocList>
</BasicStmnt>
<BasicStmnt CovItemId="S9" CovItemPrefix="com.OriginalFiles.Analyze.java" Intrnl_Id="1387">
<LocList>
<Loc EndOffset="1093" SrcFileId="8" StartOffset="1043"/>
</LocList>
</BasicStmnt>
<BasicStmnt CovItemId="S10" CovItemPrefix="com.OriginalFiles.Analyze.java" Intrnl_Id="1388">
<LocList>
<Loc EndOffset="1156" SrcFileId="8" StartOffset="1107"/>
</LocList>
</BasicStmnt>
<BasicStmnt CovItemId="S11" CovItemPrefix="com.OriginalFiles.Analyze.java" Intrnl_Id="1389">
<LocList>
<Loc EndOffset="1211" SrcFileId="8" StartOffset="1170"/>
</LocList>
</BasicStmnt>
<BasicStmnt CovItemId="S12" CovItemPrefix="com.OriginalFiles.Analyze.java" Intrnl_Id="1390">
<LocList>
<Loc EndOffset="1244" SrcFileId="8" StartOffset="1225"/>
</LocList>
</BasicStmnt>
<BasicStmnt CovItemId="S13" CovItemPrefix="com.OriginalFiles.Analyze.java" Intrnl_Id="1391">
<LocList>
<Loc EndOffset="1350" SrcFileId="8" StartOffset="1318"/>
</LocList>
</BasicStmnt>
<BasicStmnt CovItemId="S14" CovItemPrefix="com.OriginalFiles.Analyze.java" Intrnl_Id="1392">
<LocList>
<Loc EndOffset="1390" SrcFileId="8" StartOffset="1364"/>
</LocList>
</BasicStmnt>
<CondStmnt CovItemId="S15" CovItemPrefix="com.OriginalFiles.Analyze.java" Intrnl_Id="1393">
<Branch CovItemId="B3" CovItemPrefix="com.OriginalFiles.Analyze.java" Implct="false" Intrnl_Id="1394">
<Cond/>
<LocList>
<Loc EndOffset="1484" SrcFileId="8" StartOffset="1438"/>
</LocList>
<StmntSeq Intrnl_Id="1395">
<LocList>
<Loc EndOffset="1469" SrcFileId="8" StartOffset="1457"/>
</LocList>
<BasicStmnt CovItemId="S16" CovItemPrefix="com.OriginalFiles.Analyze.java" Intrnl_Id="1396">
<LocList>
<Loc EndOffset="1469" SrcFileId="8" StartOffset="1457"/>
</LocList>
</BasicStmnt>
</StmntSeq>
</Branch>
<Branch CovItemId="B4" CovItemPrefix="com.OriginalFiles.Analyze.java" Implct="true" Intrnl_Id="1397">
<Cond/>
<LocList/>
<StmntSeq Intrnl_Id="1398">
<LocList/>
</StmntSeq>
</Branch>
<Keyword EndOffset="1406" SrcFileId="8" StartOffset="1404"/>
<LocList>
<Loc EndOffset="1484" SrcFileId="8" StartOffset="1404"/>
</LocList>
<RootTerm CovItemId="C2" CovItemPrefix="com.OriginalFiles.Analyze.java" Intrnl_Id="1399">
<OpTerm BooleanOpId="9" Intrnl_Id="1400">
<BasicBoolTerm Intrnl_Id="1401">
<LocList>
<Loc EndOffset="1436" SrcFileId="8" StartOffset="1409"/>
</LocList>
</BasicBoolTerm>
<LocList>
<Loc EndOffset="1409" SrcFileId="8" StartOffset="1408"/>
</LocList>
</OpTerm>
</RootTerm>
</CondStmnt>
</StmntSeq>
</Branch>
<Branch CovItemId="B2" CovItemPrefix="com.OriginalFiles.Analyze.java" Implct="true" Intrnl_Id="1402">
<Cond/>
<LocList/>
<StmntSeq Intrnl_Id="1403">
<LocList/>
</StmntSeq>
</Branch>
<Keyword EndOffset="957" SrcFileId="8" StartOffset="955"/>
<LocList>
<Loc EndOffset="1495" SrcFileId="8" StartOffset="955"/>
</LocList>
<RootTerm CovItemId="C1" CovItemPrefix="com.OriginalFiles.Analyze.java" Intrnl_Id="1404">
<OpTerm BooleanOpId="9" Intrnl_Id="1405">
<BasicBoolTerm Intrnl_Id="1406">
<LocList>
<Loc EndOffset="986" SrcFileId="8" StartOffset="960"/>
</LocList>
</BasicBoolTerm>
<LocList>
<Loc EndOffset="960" SrcFileId="8" StartOffset="959"/>
</LocList>
</OpTerm>
</RootTerm>
</CondStmnt>
<BasicStmnt CovItemId="S17" CovItemPrefix="com.OriginalFiles.Analyze.java" Intrnl_Id="1407">
<LocList>
<Loc EndOffset="1518" SrcFileId="8" StartOffset="1505"/>
</LocList>
</BasicStmnt>
</StmntSeq>
</HierarchyLvl>
<HierarchyLvl HierarchyLvlId="79" HierarchyLvlTypeId="14" Intrnl_Id="1408" Name="checkMotorCalibration">
<Header>
<Loc EndOffset="1586" SrcFileId="8" StartOffset="1550"/>
</Header>
<LocList>
<Loc EndOffset="1777" SrcFileId="8" StartOffset="1550"/>
</LocList>
<StmntSeq Intrnl_Id="1409">
<LocList>
<Loc EndOffset="1620" SrcFileId="8" StartOffset="1598"/>
<Loc EndOffset="1770" SrcFileId="8" StartOffset="1632"/>
</LocList>
<BasicStmnt CovItemId="S18" CovItemPrefix="com.OriginalFiles.Analyze.java" Intrnl_Id="1410">
<LocList>
<Loc EndOffset="1620" SrcFileId="8" StartOffset="1598"/>
</LocList>
</BasicStmnt>
<CondStmnt CovItemId="S19" CovItemPrefix="com.OriginalFiles.Analyze.java" Intrnl_Id="1411">
<Branch CovItemId="B5" CovItemPrefix="com.OriginalFiles.Analyze.java" Implct="false" Intrnl_Id="1412">
<Cond/>
<LocList>
<Loc EndOffset="1770" SrcFileId="8" StartOffset="1679"/>
</LocList>
<StmntSeq Intrnl_Id="1413">
<LocList>
<Loc EndOffset="1715" SrcFileId="8" StartOffset="1694"/>
<Loc EndOffset="1759" SrcFileId="8" StartOffset="1729"/>
</LocList>
<BasicStmnt CovItemId="S20" CovItemPrefix="com.OriginalFiles.Analyze.java" Intrnl_Id="1414">
<LocList>
<Loc EndOffset="1715" SrcFileId="8" StartOffset="1694"/>
</LocList>
</BasicStmnt>
<BasicStmnt CovItemId="S21" CovItemPrefix="com.OriginalFiles.Analyze.java" Intrnl_Id="1415">
<LocList>
<Loc EndOffset="1759" SrcFileId="8" StartOffset="1729"/>
</LocList>
</BasicStmnt>
</StmntSeq>
</Branch>
<Branch CovItemId="B6" CovItemPrefix="com.OriginalFiles.Analyze.java" Implct="true" Intrnl_Id="1416">
<Cond/>
<LocList/>
<StmntSeq Intrnl_Id="1417">
<LocList/>
</StmntSeq>
</Branch>
<Keyword EndOffset="1634" SrcFileId="8" StartOffset="1632"/>
<LocList>
<Loc EndOffset="1770" SrcFileId="8" StartOffset="1632"/>
</LocList>
<RootTerm CovItemId="C3" CovItemPrefix="com.OriginalFiles.Analyze.java" Intrnl_Id="1418">
<BasicBoolTerm Intrnl_Id="1419">
<LocList>
<Loc EndOffset="1677" SrcFileId="8" StartOffset="1636"/>
</LocList>
</BasicBoolTerm>
</RootTerm>
</CondStmnt>
</StmntSeq>
</HierarchyLvl>
<HierarchyLvl HierarchyLvlId="80" HierarchyLvlTypeId="14" Intrnl_Id="1420" Name="makeListOfMoveables">
<Header>
<Loc EndOffset="1850" SrcFileId="8" StartOffset="1785"/>
</Header>
<LocList>
<Loc EndOffset="2604" SrcFileId="8" StartOffset="1785"/>
</LocList>
<StmntSeq Intrnl_Id="1421">
<LocList>
<Loc EndOffset="1948" SrcFileId="8" StartOffset="1916"/>
<Loc EndOffset="2333" SrcFileId="8" StartOffset="1958"/>
<Loc EndOffset="2388" SrcFileId="8" StartOffset="2343"/>
<Loc EndOffset="2417" SrcFileId="8" StartOffset="2398"/>
<Loc EndOffset="2444" SrcFileId="8" StartOffset="2427"/>
<Loc EndOffset="2567" SrcFileId="8" StartOffset="2454"/>
<Loc EndOffset="2597" SrcFileId="8" StartOffset="2577"/>
</LocList>
<BasicStmnt CovItemId="S22" CovItemPrefix="com.OriginalFiles.Analyze.java" Intrnl_Id="1422">
<LocList>
<Loc EndOffset="1948" SrcFileId="8" StartOffset="1916"/>
</LocList>
</BasicStmnt>
<LoopStmnt CovItemId="S23" CovItemPrefix="com.OriginalFiles.Analyze.java" Intrnl_Id="1423" MltplExecId="L1-2" MltplExecPrefix="com.OriginalFiles.Analyze.java" NvrExecId="L1-0" NvrExecPrefix="com.OriginalFiles.Analyze.java" OnceExecutedId="L1-1" OnceExecutedPrefix="com.OriginalFiles.Analyze.java" OptBodyExec="true">
<StmntSeq Intrnl_Id="1424">
<LocList>
<Loc EndOffset="2322" SrcFileId="8" StartOffset="2013"/>
</LocList>
<LoopStmnt CovItemId="S24" CovItemPrefix="com.OriginalFiles.Analyze.java" Intrnl_Id="1425" MltplExecId="L2-2" MltplExecPrefix="com.OriginalFiles.Analyze.java" NvrExecId="L2-0" NvrExecPrefix="com.OriginalFiles.Analyze.java" OnceExecutedId="L2-1" OnceExecutedPrefix="com.OriginalFiles.Analyze.java" OptBodyExec="true">
<StmntSeq Intrnl_Id="1426">
<LocList>
<Loc EndOffset="2307" SrcFileId="8" StartOffset="2054"/>
</LocList>
<CondStmnt CovItemId="S25" CovItemPrefix="com.OriginalFiles.Analyze.java" Intrnl_Id="1427">
<Branch CovItemId="B7" CovItemPrefix="com.OriginalFiles.Analyze.java" Implct="false" Intrnl_Id="1428">
<Cond/>
<LocList>
<Loc EndOffset="2307" SrcFileId="8" StartOffset="2076"/>
</LocList>
<StmntSeq Intrnl_Id="1429">
<LocList>
<Loc EndOffset="2288" SrcFileId="8" StartOffset="2099"/>
</LocList>
<CondStmnt CovItemId="S26" CovItemPrefix="com.OriginalFiles.Analyze.java" Intrnl_Id="1430">
<Branch CovItemId="B9" CovItemPrefix="com.OriginalFiles.Analyze.java" Implct="false" Intrnl_Id="1431">
<Cond/>
<LocList>
<Loc EndOffset="2288" SrcFileId="8" StartOffset="2214"/>
</LocList>
<StmntSeq Intrnl_Id="1432">
<LocList>
<Loc EndOffset="2265" SrcFileId="8" StartOffset="2241"/>
</LocList>
<BasicStmnt CovItemId="S27" CovItemPrefix="com.OriginalFiles.Analyze.java" Intrnl_Id="1433">
<LocList>
<Loc EndOffset="2265" SrcFileId="8" StartOffset="2241"/>
</LocList>
</BasicStmnt>
</StmntSeq>
</Branch>
<Branch CovItemId="B10" CovItemPrefix="com.OriginalFiles.Analyze.java" Implct="true" Intrnl_Id="1434">
<Cond/>
<LocList/>
<StmntSeq Intrnl_Id="1435">
<LocList/>
</StmntSeq>
</Branch>
<Keyword EndOffset="2101" SrcFileId="8" StartOffset="2099"/>
<LocList>
<Loc EndOffset="2288" SrcFileId="8" StartOffset="2099"/>
</LocList>
<RootTerm CovItemId="C5" CovItemPrefix="com.OriginalFiles.Analyze.java" Intrnl_Id="1436">
<OpTerm BooleanOpId="10" Intrnl_Id="1437">
<BasicBoolTerm Intrnl_Id="1438">
<LocList>
<Loc EndOffset="2137" SrcFileId="8" StartOffset="2103"/>
</LocList>
</BasicBoolTerm>
<BasicBoolTerm Intrnl_Id="1439">
<LocList>
<Loc EndOffset="2212" SrcFileId="8" StartOffset="2170"/>
</LocList>
</BasicBoolTerm>
<LocList>
<Loc EndOffset="2169" SrcFileId="8" StartOffset="2167"/>
</LocList>
</OpTerm>
</RootTerm>
</CondStmnt>
</StmntSeq>
</Branch>
<Branch CovItemId="B8" CovItemPrefix="com.OriginalFiles.Analyze.java" Implct="true" Intrnl_Id="1440">
<Cond/>
<LocList/>
<StmntSeq Intrnl_Id="1441">
<LocList/>
</StmntSeq>
</Branch>
<Keyword EndOffset="2056" SrcFileId="8" StartOffset="2054"/>
<LocList>
<Loc EndOffset="2307" SrcFileId="8" StartOffset="2054"/>
</LocList>
<RootTerm CovItemId="C4" CovItemPrefix="com.OriginalFiles.Analyze.java" Intrnl_Id="1442">
<OpTerm BooleanOpId="9" Intrnl_Id="1443">
<BasicBoolTerm Intrnl_Id="1444">
<LocList>
<Loc EndOffset="2074" SrcFileId="8" StartOffset="2059"/>
</LocList>
</BasicBoolTerm>
<LocList>
<Loc EndOffset="2059" SrcFileId="8" StartOffset="2058"/>
</LocList>
</OpTerm>
</RootTerm>
</CondStmnt>
</StmntSeq>
<Keyword EndOffset="2016" SrcFileId="8" StartOffset="2013"/>
<LocList>
<Loc EndOffset="2322" SrcFileId="8" StartOffset="2013"/>
</LocList>
</LoopStmnt>
</StmntSeq>
<Keyword EndOffset="1961" SrcFileId="8" StartOffset="1958"/>
<LocList>
<Loc EndOffset="2333" SrcFileId="8" StartOffset="1958"/>
</LocList>
</LoopStmnt>
<BasicStmnt CovItemId="S28" CovItemPrefix="com.OriginalFiles.Analyze.java" Intrnl_Id="1445">
<LocList>
<Loc EndOffset="2388" SrcFileId="8" StartOffset="2343"/>
</LocList>
</BasicStmnt>
<BasicStmnt CovItemId="S29" CovItemPrefix="com.OriginalFiles.Analyze.java" Intrnl_Id="1446">
<LocList>
<Loc EndOffset="2417" SrcFileId="8" StartOffset="2398"/>
</LocList>
</BasicStmnt>
<BasicStmnt CovItemId="S30" CovItemPrefix="com.OriginalFiles.Analyze.java" Intrnl_Id="1447">
<LocList>
<Loc EndOffset="2444" SrcFileId="8" StartOffset="2427"/>
</LocList>
</BasicStmnt>
<CondStmnt CovItemId="S31" CovItemPrefix="com.OriginalFiles.Analyze.java" Intrnl_Id="1448">
<Branch CovItemId="B11" CovItemPrefix="com.OriginalFiles.Analyze.java" Implct="false" Intrnl_Id="1449">
<Cond/>
<LocList>
<Loc EndOffset="2567" SrcFileId="8" StartOffset="2484"/>
</LocList>
<StmntSeq Intrnl_Id="1450">
<LocList>
<Loc EndOffset="2556" SrcFileId="8" StartOffset="2499"/>
</LocList>
<BasicStmnt CovItemId="S32" CovItemPrefix="com.OriginalFiles.Analyze.java" Intrnl_Id="1451">
<LocList>
<Loc EndOffset="2556" SrcFileId="8" StartOffset="2499"/>
</LocList>
</BasicStmnt>
</StmntSeq>
</Branch>
<Branch CovItemId="B12" CovItemPrefix="com.OriginalFiles.Analyze.java" Implct="true" Intrnl_Id="1452">
<Cond/>
<LocList/>
<StmntSeq Intrnl_Id="1453">
<LocList/>
</StmntSeq>
</Branch>
<Keyword EndOffset="2456" SrcFileId="8" StartOffset="2454"/>
<LocList>
<Loc EndOffset="2567" SrcFileId="8" StartOffset="2454"/>
</LocList>
<RootTerm CovItemId="C6" CovItemPrefix="com.OriginalFiles.Analyze.java" Intrnl_Id="1454">
<BasicBoolTerm Intrnl_Id="1455">
<LocList>
<Loc EndOffset="2482" SrcFileId="8" StartOffset="2458"/>
</LocList>
</BasicBoolTerm>
</RootTerm>
</CondStmnt>
<BasicStmnt CovItemId="S33" CovItemPrefix="com.OriginalFiles.Analyze.java" Intrnl_Id="1456">
<LocList>
<Loc EndOffset="2597" SrcFileId="8" StartOffset="2577"/>
</LocList>
</BasicStmnt>
</StmntSeq>
</HierarchyLvl>
<HierarchyLvl HierarchyLvlId="81" HierarchyLvlTypeId="14" Intrnl_Id="1457" Name="checkMovement">
<Header>
<Loc EndOffset="2777" SrcFileId="8" StartOffset="2643"/>
</Header>
<LocList>
<Loc EndOffset="3206" SrcFileId="8" StartOffset="2643"/>
</LocList>
<StmntSeq Intrnl_Id="1458">
<LocList>
<Loc EndOffset="3176" SrcFileId="8" StartOffset="2789"/>
<Loc EndOffset="3199" SrcFileId="8" StartOffset="3186"/>
</LocList>
<LoopStmnt CovItemId="S34" CovItemPrefix="com.OriginalFiles.Analyze.java" Intrnl_Id="1459" MltplExecId="L3-2" MltplExecPrefix="com.OriginalFiles.Analyze.java" NvrExecId="L3-0" NvrExecPrefix="com.OriginalFiles.Analyze.java" OnceExecutedId="L3-1" OnceExecutedPrefix="com.OriginalFiles.Analyze.java" OptBodyExec="true">
<StmntSeq Intrnl_Id="1460">
<LocList>
<Loc EndOffset="3165" SrcFileId="8" StartOffset="2837"/>
</LocList>
<CondStmnt CovItemId="S35" CovItemPrefix="com.OriginalFiles.Analyze.java" Intrnl_Id="1461">
<Branch CovItemId="B13" CovItemPrefix="com.OriginalFiles.Analyze.java" Implct="false" Intrnl_Id="1462">
<Cond/>
<LocList>
<Loc EndOffset="3165" SrcFileId="8" StartOffset="2894"/>
</LocList>
<StmntSeq Intrnl_Id="1463">
<LocList>
<Loc EndOffset="3047" SrcFileId="8" StartOffset="2913"/>
<Loc EndOffset="3150" SrcFileId="8" StartOffset="3065"/>
</LocList>
<CondStmnt CovItemId="S36" CovItemPrefix="com.OriginalFiles.Analyze.java" Intrnl_Id="1464">
<Branch CovItemId="B15" CovItemPrefix="com.OriginalFiles.Analyze.java" Implct="false" Intrnl_Id="1465">
<Cond/>
<LocList>
<Loc EndOffset="3047" SrcFileId="8" StartOffset="2963"/>
</LocList>
<StmntSeq Intrnl_Id="1466">
<LocList>
<Loc EndOffset="3028" SrcFileId="8" StartOffset="2986"/>
</LocList>
<BasicStmnt CovItemId="S37" CovItemPrefix="com.OriginalFiles.Analyze.java" Intrnl_Id="1467">
<LocList>
<Loc EndOffset="3028" SrcFileId="8" StartOffset="2986"/>
</LocList>
</BasicStmnt>
</StmntSeq>
</Branch>
<Branch CovItemId="B16" CovItemPrefix="com.OriginalFiles.Analyze.java" Implct="true" Intrnl_Id="1468">
<Cond/>
<LocList/>
<StmntSeq Intrnl_Id="1469">
<LocList/>
</StmntSeq>
</Branch>
<Keyword EndOffset="2915" SrcFileId="8" StartOffset="2913"/>
<LocList>
<Loc EndOffset="3047" SrcFileId="8" StartOffset="2913"/>
</LocList>
<RootTerm CovItemId="C8" CovItemPrefix="com.OriginalFiles.Analyze.java" Intrnl_Id="1470">
<OpTerm BooleanOpId="10" Intrnl_Id="1471">
<BasicBoolTerm Intrnl_Id="1472">
<LocList>
<Loc EndOffset="2925" SrcFileId="8" StartOffset="2917"/>
</LocList>
</BasicBoolTerm>
<OpTerm BooleanOpId="9" Intrnl_Id="1473">
<BasicBoolTerm Intrnl_Id="1474">
<LocList>
<Loc EndOffset="2961" SrcFileId="8" StartOffset="2930"/>
</LocList>
</BasicBoolTerm>
<LocList>
<Loc EndOffset="2930" SrcFileId="8" StartOffset="2929"/>
</LocList>
</OpTerm>
<LocList>
<Loc EndOffset="2928" SrcFileId="8" StartOffset="2926"/>
</LocList>
</OpTerm>
</RootTerm>
</CondStmnt>
<CondStmnt CovItemId="S38" CovItemPrefix="com.OriginalFiles.Analyze.java" Intrnl_Id="1475">
<Branch CovItemId="B17" CovItemPrefix="com.OriginalFiles.Analyze.java" Implct="false" Intrnl_Id="1476">
<Cond/>
<LocList>
<Loc EndOffset="3150" SrcFileId="8" StartOffset="3096"/>
</LocList>
<StmntSeq Intrnl_Id="1477">
<LocList>
<Loc EndOffset="3131" SrcFileId="8" StartOffset="3119"/>
</LocList>
<BasicStmnt CovItemId="S39" CovItemPrefix="com.OriginalFiles.Analyze.java" Intrnl_Id="1478">
<LocList>
<Loc EndOffset="3131" SrcFileId="8" StartOffset="3119"/>
</LocList>
</BasicStmnt>
</StmntSeq>
</Branch>
<Branch CovItemId="B18" CovItemPrefix="com.OriginalFiles.Analyze.java" Implct="true" Intrnl_Id="1479">
<Cond/>
<LocList/>
<StmntSeq Intrnl_Id="1480">
<LocList/>
</StmntSeq>
</Branch>
<Keyword EndOffset="3067" SrcFileId="8" StartOffset="3065"/>
<LocList>
<Loc EndOffset="3150" SrcFileId="8" StartOffset="3065"/>
</LocList>
<RootTerm CovItemId="C9" CovItemPrefix="com.OriginalFiles.Analyze.java" Intrnl_Id="1481">
<BasicBoolTerm Intrnl_Id="1482">
<LocList>
<Loc EndOffset="3094" SrcFileId="8" StartOffset="3069"/>
</LocList>
</BasicBoolTerm>
</RootTerm>
</CondStmnt>
</StmntSeq>
</Branch>
<Branch CovItemId="B14" CovItemPrefix="com.OriginalFiles.Analyze.java" Implct="true" Intrnl_Id="1483">
<Cond/>
<LocList/>
<StmntSeq Intrnl_Id="1484">
<LocList/>
</StmntSeq>
</Branch>
<Keyword EndOffset="2839" SrcFileId="8" StartOffset="2837"/>
<LocList>
<Loc EndOffset="3165" SrcFileId="8" StartOffset="2837"/>
</LocList>
<RootTerm CovItemId="C7" CovItemPrefix="com.OriginalFiles.Analyze.java" Intrnl_Id="1485">
<BasicBoolTerm Intrnl_Id="1486">
<LocList>
<Loc EndOffset="2892" SrcFileId="8" StartOffset="2841"/>
</LocList>
</BasicBoolTerm>
</RootTerm>
</CondStmnt>
</StmntSeq>
<Keyword EndOffset="2792" SrcFileId="8" StartOffset="2789"/>
<LocList>
<Loc EndOffset="3176" SrcFileId="8" StartOffset="2789"/>
</LocList>
</LoopStmnt>
<BasicStmnt CovItemId="S40" CovItemPrefix="com.OriginalFiles.Analyze.java" Intrnl_Id="1487">
<LocList>
<Loc EndOffset="3199" SrcFileId="8" StartOffset="3186"/>
</LocList>
</BasicStmnt>
</StmntSeq>
</HierarchyLvl>
<HierarchyLvl HierarchyLvlId="82" HierarchyLvlTypeId="14" Intrnl_Id="1488" Name="countDownToPanic">
<Header>
<Loc EndOffset="3375" SrcFileId="8" StartOffset="3265"/>
</Header>
<LocList>
<Loc EndOffset="3914" SrcFileId="8" StartOffset="3265"/>
</LocList>
<StmntSeq Intrnl_Id="1489">
<LocList>
<Loc EndOffset="3907" SrcFileId="8" StartOffset="3387"/>
</LocList>
<CondStmnt CovItemId="S41" CovItemPrefix="com.OriginalFiles.Analyze.java" Intrnl_Id="1490">
<Branch CovItemId="B19" CovItemPrefix="com.OriginalFiles.Analyze.java" Implct="false" Intrnl_Id="1491">
<Cond/>
<LocList>
<Loc EndOffset="3907" SrcFileId="8" StartOffset="3404"/>
</LocList>
<StmntSeq Intrnl_Id="1492">
<LocList>
<Loc EndOffset="3896" SrcFileId="8" StartOffset="3419"/>
</LocList>
<CondStmnt CovItemId="S42" CovItemPrefix="com.OriginalFiles.Analyze.java" Intrnl_Id="1493">
<Branch CovItemId="B21" CovItemPrefix="com.OriginalFiles.Analyze.java" Implct="false" Intrnl_Id="1494">
<Cond/>
<LocList>
<Loc EndOffset="3594" SrcFileId="8" StartOffset="3453"/>
</LocList>
<StmntSeq Intrnl_Id="1495">
<LocList>
<Loc EndOffset="3499" SrcFileId="8" StartOffset="3472"/>
<Loc EndOffset="3532" SrcFileId="8" StartOffset="3517"/>
<Loc EndOffset="3579" SrcFileId="8" StartOffset="3550"/>
</LocList>
<BasicStmnt CovItemId="S43" CovItemPrefix="com.OriginalFiles.Analyze.java" Intrnl_Id="1496">
<LocList>
<Loc EndOffset="3499" SrcFileId="8" StartOffset="3472"/>
</LocList>
</BasicStmnt>
<BasicStmnt CovItemId="S44" CovItemPrefix="com.OriginalFiles.Analyze.java" Intrnl_Id="1497">
<LocList>
<Loc EndOffset="3532" SrcFileId="8" StartOffset="3517"/>
</LocList>
</BasicStmnt>
<BasicStmnt CovItemId="S45" CovItemPrefix="com.OriginalFiles.Analyze.java" Intrnl_Id="1498">
<LocList>
<Loc EndOffset="3579" SrcFileId="8" StartOffset="3550"/>
</LocList>
</BasicStmnt>
</StmntSeq>
</Branch>
<Branch CovItemId="B22" CovItemPrefix="com.OriginalFiles.Analyze.java" Implct="false" Intrnl_Id="1499">
<Cond>
<Loc EndOffset="3599" SrcFileId="8" StartOffset="3595"/>
</Cond>
<LocList>
<Loc EndOffset="3896" SrcFileId="8" StartOffset="3600"/>
</LocList>
<StmntSeq Intrnl_Id="1500">
<LocList>
<Loc EndOffset="3896" SrcFileId="8" StartOffset="3600"/>
</LocList>
<CondStmnt CovItemId="S46" CovItemPrefix="com.OriginalFiles.Analyze.java" Intrnl_Id="1501">
<Branch CovItemId="B23" CovItemPrefix="com.OriginalFiles.Analyze.java" Implct="false" Intrnl_Id="1502">
<Cond/>
<LocList>
<Loc EndOffset="3823" SrcFileId="8" StartOffset="3634"/>
</LocList>
<StmntSeq Intrnl_Id="1503">
<LocList>
<Loc EndOffset="3683" SrcFileId="8" StartOffset="3653"/>
<Loc EndOffset="3728" SrcFileId="8" StartOffset="3701"/>
<Loc EndOffset="3761" SrcFileId="8" StartOffset="3746"/>
<Loc EndOffset="3808" SrcFileId="8" StartOffset="3779"/>
</LocList>
<BasicStmnt CovItemId="S47" CovItemPrefix="com.OriginalFiles.Analyze.java" Intrnl_Id="1504">
<LocList>
<Loc EndOffset="3683" SrcFileId="8" StartOffset="3653"/>
</LocList>
</BasicStmnt>
<BasicStmnt CovItemId="S48" CovItemPrefix="com.OriginalFiles.Analyze.java" Intrnl_Id="1505">
<LocList>
<Loc EndOffset="3728" SrcFileId="8" StartOffset="3701"/>
</LocList>
</BasicStmnt>
<BasicStmnt CovItemId="S49" CovItemPrefix="com.OriginalFiles.Analyze.java" Intrnl_Id="1506">
<LocList>
<Loc EndOffset="3761" SrcFileId="8" StartOffset="3746"/>
</LocList>
</BasicStmnt>
<BasicStmnt CovItemId="S50" CovItemPrefix="com.OriginalFiles.Analyze.java" Intrnl_Id="1507">
<LocList>
<Loc EndOffset="3808" SrcFileId="8" StartOffset="3779"/>
</LocList>
</BasicStmnt>
</StmntSeq>
</Branch>
<Branch CovItemId="B24" CovItemPrefix="com.OriginalFiles.Analyze.java" Implct="false" Intrnl_Id="1508">
<Cond>
<Loc EndOffset="3828" SrcFileId="8" StartOffset="3824"/>
</Cond>
<LocList>
<Loc EndOffset="3896" SrcFileId="8" StartOffset="3829"/>
</LocList>
<StmntSeq Intrnl_Id="1509">
<LocList>
<Loc EndOffset="3881" SrcFileId="8" StartOffset="3848"/>
</LocList>
<BasicStmnt CovItemId="S51" CovItemPrefix="com.OriginalFiles.Analyze.java" Intrnl_Id="1510">
<LocList>
<Loc EndOffset="3881" SrcFileId="8" StartOffset="3848"/>
</LocList>
</BasicStmnt>
</StmntSeq>
</Branch>
<Keyword EndOffset="3602" SrcFileId="8" StartOffset="3600"/>
<LocList>
<Loc EndOffset="3896" SrcFileId="8" StartOffset="3600"/>
</LocList>
<RootTerm CovItemId="C12" CovItemPrefix="com.OriginalFiles.Analyze.java" Intrnl_Id="1511">
<BasicBoolTerm Intrnl_Id="1512">
<LocList>
<Loc EndOffset="3632" SrcFileId="8" StartOffset="3604"/>
</LocList>
</BasicBoolTerm>
</RootTerm>
</CondStmnt>
</StmntSeq>
</Branch>
<Keyword EndOffset="3421" SrcFileId="8" StartOffset="3419"/>
<LocList>
<Loc EndOffset="3896" SrcFileId="8" StartOffset="3419"/>
</LocList>
<RootTerm CovItemId="C11" CovItemPrefix="com.OriginalFiles.Analyze.java" Intrnl_Id="1513">
<BasicBoolTerm Intrnl_Id="1514">
<LocList>
<Loc EndOffset="3451" SrcFileId="8" StartOffset="3423"/>
</LocList>
</BasicBoolTerm>
</RootTerm>
</CondStmnt>
</StmntSeq>
</Branch>
<Branch CovItemId="B20" CovItemPrefix="com.OriginalFiles.Analyze.java" Implct="true" Intrnl_Id="1515">
<Cond/>
<LocList/>
<StmntSeq Intrnl_Id="1516">
<LocList/>
</StmntSeq>
</Branch>
<Keyword EndOffset="3389" SrcFileId="8" StartOffset="3387"/>
<LocList>
<Loc EndOffset="3907" SrcFileId="8" StartOffset="3387"/>
</LocList>
<RootTerm CovItemId="C10" CovItemPrefix="com.OriginalFiles.Analyze.java" Intrnl_Id="1517">
<OpTerm BooleanOpId="9" Intrnl_Id="1518">
<BasicBoolTerm Intrnl_Id="1519">
<LocList>
<Loc EndOffset="3402" SrcFileId="8" StartOffset="3392"/>
</LocList>
</BasicBoolTerm>
<LocList>
<Loc EndOffset="3392" SrcFileId="8" StartOffset="3391"/>
</LocList>
</OpTerm>
</RootTerm>
</CondStmnt>
</StmntSeq>
</HierarchyLvl>
<HierarchyLvl HierarchyLvlId="83" HierarchyLvlTypeId="14" Intrnl_Id="1520" Name="trackMovement">
<Header>
<Loc EndOffset="4102" SrcFileId="8" StartOffset="3989"/>
</Header>
<LocList>
<Loc EndOffset="4512" SrcFileId="8" StartOffset="3989"/>
</LocList>
<StmntSeq Intrnl_Id="1521">
<LocList>
<Loc EndOffset="4141" SrcFileId="8" StartOffset="4114"/>
<Loc EndOffset="4475" SrcFileId="8" StartOffset="4151"/>
<Loc EndOffset="4505" SrcFileId="8" StartOffset="4487"/>
</LocList>
<BasicStmnt CovItemId="S52" CovItemPrefix="com.OriginalFiles.Analyze.java" Intrnl_Id="1522">
<LocList>
<Loc EndOffset="4141" SrcFileId="8" StartOffset="4114"/>
</LocList>
</BasicStmnt>
<CondStmnt CovItemId="S53" CovItemPrefix="com.OriginalFiles.Analyze.java" Intrnl_Id="1523">
<Branch CovItemId="B25" CovItemPrefix="com.OriginalFiles.Analyze.java" Implct="false" Intrnl_Id="1524">
<Cond/>
<LocList>
<Loc EndOffset="4399" SrcFileId="8" StartOffset="4188"/>
</LocList>
<StmntSeq Intrnl_Id="1525">
<LocList>
<Loc EndOffset="4281" SrcFileId="8" StartOffset="4203"/>
<Loc EndOffset="4388" SrcFileId="8" StartOffset="4295"/>
</LocList>
<CondStmnt CovItemId="S54" CovItemPrefix="com.OriginalFiles.Analyze.java" Intrnl_Id="1526">
<Branch CovItemId="B27" CovItemPrefix="com.OriginalFiles.Analyze.java" Implct="false" Intrnl_Id="1527">
<Cond/>
<LocList>
<Loc EndOffset="4281" SrcFileId="8" StartOffset="4229"/>
</LocList>
<StmntSeq Intrnl_Id="1528">
<LocList>
<Loc EndOffset="4266" SrcFileId="8" StartOffset="4248"/>
</LocList>
<BasicStmnt CovItemId="S55" CovItemPrefix="com.OriginalFiles.Analyze.java" Intrnl_Id="1529">
<LocList>
<Loc EndOffset="4266" SrcFileId="8" StartOffset="4248"/>
</LocList>
</BasicStmnt>
</StmntSeq>
</Branch>
<Branch CovItemId="B28" CovItemPrefix="com.OriginalFiles.Analyze.java" Implct="true" Intrnl_Id="1530">
<Cond/>
<LocList/>
<StmntSeq Intrnl_Id="1531">
<LocList/>
</StmntSeq>
</Branch>
<Keyword EndOffset="4205" SrcFileId="8" StartOffset="4203"/>
<LocList>
<Loc EndOffset="4281" SrcFileId="8" StartOffset="4203"/>
</LocList>
<RootTerm CovItemId="C14" CovItemPrefix="com.OriginalFiles.Analyze.java" Intrnl_Id="1532">
<BasicBoolTerm Intrnl_Id="1533">
<LocList>
<Loc EndOffset="4227" SrcFileId="8" StartOffset="4207"/>
</LocList>
</BasicBoolTerm>
</RootTerm>
</CondStmnt>
<CondStmnt CovItemId="S56" CovItemPrefix="com.OriginalFiles.Analyze.java" Intrnl_Id="1534">
<Branch CovItemId="B29" CovItemPrefix="com.OriginalFiles.Analyze.java" Implct="false" Intrnl_Id="1535">
<Cond/>
<LocList>
<Loc EndOffset="4388" SrcFileId="8" StartOffset="4312"/>
</LocList>
<StmntSeq Intrnl_Id="1536">
<LocList>
<Loc EndOffset="4373" SrcFileId="8" StartOffset="4331"/>
</LocList>
<BasicStmnt CovItemId="S57" CovItemPrefix="com.OriginalFiles.Analyze.java" Intrnl_Id="1537">
<LocList>
<Loc EndOffset="4373" SrcFileId="8" StartOffset="4331"/>
</LocList>
</BasicStmnt>
</StmntSeq>
</Branch>
<Branch CovItemId="B30" CovItemPrefix="com.OriginalFiles.Analyze.java" Implct="true" Intrnl_Id="1538">
<Cond/>
<LocList/>
<StmntSeq Intrnl_Id="1539">
<LocList/>
</StmntSeq>
</Branch>
<Keyword EndOffset="4297" SrcFileId="8" StartOffset="4295"/>
<LocList>
<Loc EndOffset="4388" SrcFileId="8" StartOffset="4295"/>
</LocList>
<RootTerm CovItemId="C15" CovItemPrefix="com.OriginalFiles.Analyze.java" Intrnl_Id="1540">
<OpTerm BooleanOpId="9" Intrnl_Id="1541">
<BasicBoolTerm Intrnl_Id="1542">
<LocList>
<Loc EndOffset="4310" SrcFileId="8" StartOffset="4300"/>
</LocList>
</BasicBoolTerm>
<LocList>
<Loc EndOffset="4300" SrcFileId="8" StartOffset="4299"/>
</LocList>
</OpTerm>
</RootTerm>
</CondStmnt>
</StmntSeq>
</Branch>
<Branch CovItemId="B26" CovItemPrefix="com.OriginalFiles.Analyze.java" Implct="false" Intrnl_Id="1543">
<Cond>
<Loc EndOffset="4404" SrcFileId="8" StartOffset="4400"/>
</Cond>
<LocList>
<Loc EndOffset="4475" SrcFileId="8" StartOffset="4405"/>
</LocList>
<StmntSeq Intrnl_Id="1544">
<LocList>
<Loc EndOffset="4475" SrcFileId="8" StartOffset="4405"/>
</LocList>
<CondStmnt CovItemId="S58" CovItemPrefix="com.OriginalFiles.Analyze.java" Intrnl_Id="1545">
<Branch CovItemId="B31" CovItemPrefix="com.OriginalFiles.Analyze.java" Implct="false" Intrnl_Id="1546">
<Cond/>
<LocList>
<Loc EndOffset="4475" SrcFileId="8" StartOffset="4431"/>
</LocList>
<StmntSeq Intrnl_Id="1547">
<LocList>
<Loc EndOffset="4464" SrcFileId="8" StartOffset="4446"/>
</LocList>
<BasicStmnt CovItemId="S59" CovItemPrefix="com.OriginalFiles.Analyze.java" Intrnl_Id="1548">
<LocList>
<Loc EndOffset="4464" SrcFileId="8" StartOffset="4446"/>
</LocList>
</BasicStmnt>
</StmntSeq>
</Branch>
<Branch CovItemId="B32" CovItemPrefix="com.OriginalFiles.Analyze.java" Implct="true" Intrnl_Id="1549">
<Cond/>
<LocList/>
<StmntSeq Intrnl_Id="1550">
<LocList/>
</StmntSeq>
</Branch>
<Keyword EndOffset="4407" SrcFileId="8" StartOffset="4405"/>
<LocList>
<Loc EndOffset="4475" SrcFileId="8" StartOffset="4405"/>
</LocList>
<RootTerm CovItemId="C16" CovItemPrefix="com.OriginalFiles.Analyze.java" Intrnl_Id="1551">
<BasicBoolTerm Intrnl_Id="1552">
<LocList>
<Loc EndOffset="4429" SrcFileId="8" StartOffset="4409"/>
</LocList>
</BasicBoolTerm>
</RootTerm>
</CondStmnt>
</StmntSeq>
</Branch>
<Keyword EndOffset="4153" SrcFileId="8" StartOffset="4151"/>
<LocList>
<Loc EndOffset="4475" SrcFileId="8" StartOffset="4151"/>
</LocList>
<RootTerm CovItemId="C13" CovItemPrefix="com.OriginalFiles.Analyze.java" Intrnl_Id="1553">
<BasicBoolTerm Intrnl_Id="1554">
<LocList>
<Loc EndOffset="4186" SrcFileId="8" StartOffset="4155"/>
</LocList>
</BasicBoolTerm>
</RootTerm>
</CondStmnt>
<BasicStmnt CovItemId="S60" CovItemPrefix="com.OriginalFiles.Analyze.java" Intrnl_Id="1555">
<LocList>
<Loc EndOffset="4505" SrcFileId="8" StartOffset="4487"/>
</LocList>
</BasicStmnt>
</StmntSeq>
</HierarchyLvl>
<HierarchyLvl HierarchyLvlId="84" HierarchyLvlTypeId="14" Intrnl_Id="1556" Name="checkMove">
<Header>
<Loc EndOffset="4658" SrcFileId="8" StartOffset="4549"/>
</Header>
<LocList>
<Loc EndOffset="6940" SrcFileId="8" StartOffset="4549"/>
</LocList>
<StmntSeq Intrnl_Id="1557">
<LocList>
<Loc EndOffset="6910" SrcFileId="8" StartOffset="4720"/>
<Loc EndOffset="6933" SrcFileId="8" StartOffset="6920"/>
</LocList>
<CondStmnt CovItemId="S61" CovItemPrefix="com.OriginalFiles.Analyze.java" Intrnl_Id="1558">
<Branch CovItemId="B33" CovItemPrefix="com.OriginalFiles.Analyze.java" Implct="false" Intrnl_Id="1559">
<Cond/>
<LocList>
<Loc EndOffset="6910" SrcFileId="8" StartOffset="4769"/>
</LocList>
<StmntSeq Intrnl_Id="1560">
<LocList>
<Loc EndOffset="6899" SrcFileId="8" StartOffset="4825"/>
</LocList>
<CondStmnt CovItemId="S62" CovItemPrefix="com.OriginalFiles.Analyze.java" Intrnl_Id="1561">
<Branch CovItemId="B35" CovItemPrefix="com.OriginalFiles.Analyze.java" Implct="false" Intrnl_Id="1562">
<Cond/>
<LocList>
<Loc EndOffset="5310" SrcFileId="8" StartOffset="4882"/>
</LocList>
<StmntSeq Intrnl_Id="1563">
<LocList>
<Loc EndOffset="5259" SrcFileId="8" StartOffset="4901"/>
</LocList>
<CondStmnt CovItemId="S63" CovItemPrefix="com.OriginalFiles.Analyze.java" Intrnl_Id="1564">
<Branch CovItemId="B37" CovItemPrefix="com.OriginalFiles.Analyze.java" Implct="false" Intrnl_Id="1565">
<Cond/>
<LocList>
<Loc EndOffset="5198" SrcFileId="8" StartOffset="5007"/>
</LocList>
<StmntSeq Intrnl_Id="1566">
<LocList>
<Loc EndOffset="5145" SrcFileId="8" StartOffset="5030"/>
<Loc EndOffset="5179" SrcFileId="8" StartOffset="5167"/>
</LocList>
<BasicStmnt CovItemId="S64" CovItemPrefix="com.OriginalFiles.Analyze.java" Intrnl_Id="1567">
<LocList>
<Loc EndOffset="5145" SrcFileId="8" StartOffset="5030"/>
</LocList>
</BasicStmnt>
<BasicStmnt CovItemId="S65" CovItemPrefix="com.OriginalFiles.Analyze.java" Intrnl_Id="1568">
<LocList>
<Loc EndOffset="5179" SrcFileId="8" StartOffset="5167"/>
</LocList>
</BasicStmnt>
</StmntSeq>
</Branch>
<Branch CovItemId="B38" CovItemPrefix="com.OriginalFiles.Analyze.java" Implct="false" Intrnl_Id="1569">
<Cond>
<Loc EndOffset="5203" SrcFileId="8" StartOffset="5199"/>
</Cond>
<LocList>
<Loc EndOffset="5259" SrcFileId="8" StartOffset="5204"/>
</LocList>
<StmntSeq Intrnl_Id="1570">
<LocList>
<Loc EndOffset="5240" SrcFileId="8" StartOffset="5227"/>
</LocList>
<BasicStmnt CovItemId="S66" CovItemPrefix="com.OriginalFiles.Analyze.java" Intrnl_Id="1571">
<LocList>
<Loc EndOffset="5240" SrcFileId="8" StartOffset="5227"/>
</LocList>
</BasicStmnt>
</StmntSeq>
</Branch>
<Keyword EndOffset="4903" SrcFileId="8" StartOffset="4901"/>
<LocList>
<Loc EndOffset="5259" SrcFileId="8" StartOffset="4901"/>
</LocList>
<RootTerm CovItemId="C19" CovItemPrefix="com.OriginalFiles.Analyze.java" Intrnl_Id="1572">
<BasicBoolTerm Intrnl_Id="1573">
<LocList>
<Loc EndOffset="5005" SrcFileId="8" StartOffset="4905"/>
</LocList>
</BasicBoolTerm>
</RootTerm>
</CondStmnt>
</StmntSeq>
</Branch>
<Branch CovItemId="B36" CovItemPrefix="com.OriginalFiles.Analyze.java" Implct="false" Intrnl_Id="1574">
<Cond>
<Loc EndOffset="5315" SrcFileId="8" StartOffset="5311"/>
</Cond>
<LocList>
<Loc EndOffset="6899" SrcFileId="8" StartOffset="5316"/>
</LocList>
<StmntSeq Intrnl_Id="1575">
<LocList>
<Loc EndOffset="6899" SrcFileId="8" StartOffset="5316"/>
</LocList>
<CondStmnt CovItemId="S67" CovItemPrefix="com.OriginalFiles.Analyze.java" Intrnl_Id="1576">
<Branch CovItemId="B39" CovItemPrefix="com.OriginalFiles.Analyze.java" Implct="false" Intrnl_Id="1577">
<Cond/>
<LocList>
<Loc EndOffset="5815" SrcFileId="8" StartOffset="5374"/>
</LocList>
<StmntSeq Intrnl_Id="1578">
<LocList>
<Loc EndOffset="5751" SrcFileId="8" StartOffset="5393"/>
</LocList>
<CondStmnt CovItemId="S68" CovItemPrefix="com.OriginalFiles.Analyze.java" Intrnl_Id="1579">
<Branch CovItemId="B41" CovItemPrefix="com.OriginalFiles.Analyze.java" Implct="false" Intrnl_Id="1580">
<Cond/>
<LocList>
<Loc EndOffset="5690" SrcFileId="8" StartOffset="5499"/>
</LocList>
<StmntSeq Intrnl_Id="1581">
<LocList>
<Loc EndOffset="5637" SrcFileId="8" StartOffset="5522"/>
<Loc EndOffset="5671" SrcFileId="8" StartOffset="5659"/>
</LocList>
<BasicStmnt CovItemId="S69" CovItemPrefix="com.OriginalFiles.Analyze.java" Intrnl_Id="1582">
<LocList>
<Loc EndOffset="5637" SrcFileId="8" StartOffset="5522"/>
</LocList>
</BasicStmnt>
<BasicStmnt CovItemId="S70" CovItemPrefix="com.OriginalFiles.Analyze.java" Intrnl_Id="1583">
<LocList>
<Loc EndOffset="5671" SrcFileId="8" StartOffset="5659"/>
</LocList>
</BasicStmnt>
</StmntSeq>
</Branch>
<Branch CovItemId="B42" CovItemPrefix="com.OriginalFiles.Analyze.java" Implct="false" Intrnl_Id="1584">
<Cond>
<Loc EndOffset="5695" SrcFileId="8" StartOffset="5691"/>
</Cond>
<LocList>
<Loc EndOffset="5751" SrcFileId="8" StartOffset="5696"/>
</LocList>
<StmntSeq Intrnl_Id="1585">
<LocList>
<Loc EndOffset="5732" SrcFileId="8" StartOffset="5719"/>
</LocList>
<BasicStmnt CovItemId="S71" CovItemPrefix="com.OriginalFiles.Analyze.java" Intrnl_Id="1586">
<LocList>
<Loc EndOffset="5732" SrcFileId="8" StartOffset="5719"/>
</LocList>
</BasicStmnt>
</StmntSeq>
</Branch>
<Keyword EndOffset="5395" SrcFileId="8" StartOffset="5393"/>
<LocList>
<Loc EndOffset="5751" SrcFileId="8" StartOffset="5393"/>
</LocList>
<RootTerm CovItemId="C21" CovItemPrefix="com.OriginalFiles.Analyze.java" Intrnl_Id="1587">
<BasicBoolTerm Intrnl_Id="1588">
<LocList>
<Loc EndOffset="5497" SrcFileId="8" StartOffset="5397"/>
</LocList>
</BasicBoolTerm>
</RootTerm>
</CondStmnt>
</StmntSeq>
</Branch>
<Branch CovItemId="B40" CovItemPrefix="com.OriginalFiles.Analyze.java" Implct="false" Intrnl_Id="1589">
<Cond>
<Loc EndOffset="5820" SrcFileId="8" StartOffset="5816"/>
</Cond>
<LocList>
<Loc EndOffset="6899" SrcFileId="8" StartOffset="5821"/>
</LocList>
<StmntSeq Intrnl_Id="1590">
<LocList>
<Loc EndOffset="6899" SrcFileId="8" StartOffset="5821"/>
</LocList>
<CondStmnt CovItemId="S72" CovItemPrefix="com.OriginalFiles.Analyze.java" Intrnl_Id="1591">
<Branch CovItemId="B43" CovItemPrefix="com.OriginalFiles.Analyze.java" Implct="false" Intrnl_Id="1592">
<Cond/>
<LocList>
<Loc EndOffset="6899" SrcFileId="8" StartOffset="5860"/>
</LocList>
<StmntSeq Intrnl_Id="1593">
<LocList>
<Loc EndOffset="6884" SrcFileId="8" StartOffset="5879"/>
</LocList>
<CondStmnt CovItemId="S73" CovItemPrefix="com.OriginalFiles.Analyze.java" Intrnl_Id="1594">
<Branch CovItemId="B45" CovItemPrefix="com.OriginalFiles.Analyze.java" Implct="false" Intrnl_Id="1595">
<Cond/>
<LocList>
<Loc EndOffset="6365" SrcFileId="8" StartOffset="5937"/>
</LocList>
<StmntSeq Intrnl_Id="1596">
<LocList>
<Loc EndOffset="6346" SrcFileId="8" StartOffset="5960"/>
</LocList>
<CondStmnt CovItemId="S74" CovItemPrefix="com.OriginalFiles.Analyze.java" Intrnl_Id="1597">
<Branch CovItemId="B47" CovItemPrefix="com.OriginalFiles.Analyze.java" Implct="false" Intrnl_Id="1598">
<Cond/>
<LocList>
<Loc EndOffset="6277" SrcFileId="8" StartOffset="6070"/>
</LocList>
<StmntSeq Intrnl_Id="1599">
<LocList>
<Loc EndOffset="6216" SrcFileId="8" StartOffset="6097"/>
<Loc EndOffset="6254" SrcFileId="8" StartOffset="6242"/>
</LocList>
<BasicStmnt CovItemId="S75" CovItemPrefix="com.OriginalFiles.Analyze.java" Intrnl_Id="1600">
<LocList>
<Loc EndOffset="6216" SrcFileId="8" StartOffset="6097"/>
</LocList>
</BasicStmnt>
<BasicStmnt CovItemId="S76" CovItemPrefix="com.OriginalFiles.Analyze.java" Intrnl_Id="1601">
<LocList>
<Loc EndOffset="6254" SrcFileId="8" StartOffset="6242"/>
</LocList>
</BasicStmnt>
</StmntSeq>
</Branch>
<Branch CovItemId="B48" CovItemPrefix="com.OriginalFiles.Analyze.java" Implct="false" Intrnl_Id="1602">
<Cond>
<Loc EndOffset="6282" SrcFileId="8" StartOffset="6278"/>
</Cond>
<LocList>
<Loc EndOffset="6346" SrcFileId="8" StartOffset="6283"/>
</LocList>
<StmntSeq Intrnl_Id="1603">
<LocList>
<Loc EndOffset="6323" SrcFileId="8" StartOffset="6310"/>
</LocList>
<BasicStmnt CovItemId="S77" CovItemPrefix="com.OriginalFiles.Analyze.java" Intrnl_Id="1604">
<LocList>
<Loc EndOffset="6323" SrcFileId="8" StartOffset="6310"/>
</LocList>
</BasicStmnt>
</StmntSeq>
</Branch>
<Keyword EndOffset="5962" SrcFileId="8" StartOffset="5960"/>
<LocList>
<Loc EndOffset="6346" SrcFileId="8" StartOffset="5960"/>
</LocList>
<RootTerm CovItemId="C24" CovItemPrefix="com.OriginalFiles.Analyze.java" Intrnl_Id="1605">
<BasicBoolTerm Intrnl_Id="1606">
<LocList>
<Loc EndOffset="6068" SrcFileId="8" StartOffset="5964"/>
</LocList>
</BasicBoolTerm>
</RootTerm>
</CondStmnt>
</StmntSeq>
</Branch>
<Branch CovItemId="B46" CovItemPrefix="com.OriginalFiles.Analyze.java" Implct="false" Intrnl_Id="1607">
<Cond>
<Loc EndOffset="6370" SrcFileId="8" StartOffset="6366"/>
</Cond>
<LocList>
<Loc EndOffset="6884" SrcFileId="8" StartOffset="6371"/>
</LocList>
<StmntSeq Intrnl_Id="1608">
<LocList>
<Loc EndOffset="6884" SrcFileId="8" StartOffset="6371"/>
</LocList>
<CondStmnt CovItemId="S78" CovItemPrefix="com.OriginalFiles.Analyze.java" Intrnl_Id="1609">
<Branch CovItemId="B49" CovItemPrefix="com.OriginalFiles.Analyze.java" Implct="false" Intrnl_Id="1610">
<Cond/>
<LocList>
<Loc EndOffset="6884" SrcFileId="8" StartOffset="6456"/>
</LocList>
<StmntSeq Intrnl_Id="1611">
<LocList>
<Loc EndOffset="6865" SrcFileId="8" StartOffset="6479"/>
</LocList>
<CondStmnt CovItemId="S79" CovItemPrefix="com.OriginalFiles.Analyze.java" Intrnl_Id="1612">
<Branch CovItemId="B51" CovItemPrefix="com.OriginalFiles.Analyze.java" Implct="false" Intrnl_Id="1613">
<Cond/>
<LocList>
<Loc EndOffset="6796" SrcFileId="8" StartOffset="6589"/>
</LocList>
<StmntSeq Intrnl_Id="1614">
<LocList>
<Loc EndOffset="6735" SrcFileId="8" StartOffset="6616"/>
<Loc EndOffset="6773" SrcFileId="8" StartOffset="6761"/>
</LocList>
<BasicStmnt CovItemId="S80" CovItemPrefix="com.OriginalFiles.Analyze.java" Intrnl_Id="1615">
<LocList>
<Loc EndOffset="6735" SrcFileId="8" StartOffset="6616"/>
</LocList>
</BasicStmnt>
<BasicStmnt CovItemId="S81" CovItemPrefix="com.OriginalFiles.Analyze.java" Intrnl_Id="1616">
<LocList>
<Loc EndOffset="6773" SrcFileId="8" StartOffset="6761"/>
</LocList>
</BasicStmnt>
</StmntSeq>
</Branch>
<Branch CovItemId="B52" CovItemPrefix="com.OriginalFiles.Analyze.java" Implct="false" Intrnl_Id="1617">
<Cond>
<Loc EndOffset="6801" SrcFileId="8" StartOffset="6797"/>
</Cond>
<LocList>
<Loc EndOffset="6865" SrcFileId="8" StartOffset="6802"/>
</LocList>
<StmntSeq Intrnl_Id="1618">
<LocList>
<Loc EndOffset="6842" SrcFileId="8" StartOffset="6829"/>
</LocList>
<BasicStmnt CovItemId="S82" CovItemPrefix="com.OriginalFiles.Analyze.java" Intrnl_Id="1619">
<LocList>
<Loc EndOffset="6842" SrcFileId="8" StartOffset="6829"/>
</LocList>
</BasicStmnt>
</StmntSeq>
</Branch>
<Keyword EndOffset="6481" SrcFileId="8" StartOffset="6479"/>
<LocList>
<Loc EndOffset="6865" SrcFileId="8" StartOffset="6479"/>
</LocList>
<RootTerm CovItemId="C26" CovItemPrefix="com.OriginalFiles.Analyze.java" Intrnl_Id="1620">
<BasicBoolTerm Intrnl_Id="1621">
<LocList>
<Loc EndOffset="6587" SrcFileId="8" StartOffset="6483"/>
</LocList>
</BasicBoolTerm>
</RootTerm>
</CondStmnt>
</StmntSeq>
</Branch>
<Branch CovItemId="B50" CovItemPrefix="com.OriginalFiles.Analyze.java" Implct="true" Intrnl_Id="1622">
<Cond/>
<LocList/>
<StmntSeq Intrnl_Id="1623">
<LocList/>
</StmntSeq>
</Branch>
<Keyword EndOffset="6373" SrcFileId="8" StartOffset="6371"/>
<LocList>
<Loc EndOffset="6884" SrcFileId="8" StartOffset="6371"/>
</LocList>
<RootTerm CovItemId="C25" CovItemPrefix="com.OriginalFiles.Analyze.java" Intrnl_Id="1624">
<BasicBoolTerm Intrnl_Id="1625">
<LocList>
<Loc EndOffset="6454" SrcFileId="8" StartOffset="6375"/>
</LocList>
</BasicBoolTerm>
</RootTerm>
</CondStmnt>
</StmntSeq>
</Branch>
<Keyword EndOffset="5881" SrcFileId="8" StartOffset="5879"/>
<LocList>
<Loc EndOffset="6884" SrcFileId="8" StartOffset="5879"/>
</LocList>
<RootTerm CovItemId="C23" CovItemPrefix="com.OriginalFiles.Analyze.java" Intrnl_Id="1626">
<BasicBoolTerm Intrnl_Id="1627">
<LocList>
<Loc EndOffset="5935" SrcFileId="8" StartOffset="5883"/>
</LocList>
</BasicBoolTerm>
</RootTerm>
</CondStmnt>
</StmntSeq>
</Branch>
<Branch CovItemId="B44" CovItemPrefix="com.OriginalFiles.Analyze.java" Implct="true" Intrnl_Id="1628">
<Cond/>
<LocList/>
<StmntSeq Intrnl_Id="1629">
<LocList/>
</StmntSeq>
</Branch>
<Keyword EndOffset="5823" SrcFileId="8" StartOffset="5821"/>
<LocList>
<Loc EndOffset="6899" SrcFileId="8" StartOffset="5821"/>
</LocList>
<RootTerm CovItemId="C22" CovItemPrefix="com.OriginalFiles.Analyze.java" Intrnl_Id="1630">
<BasicBoolTerm Intrnl_Id="1631">
<LocList>
<Loc EndOffset="5858" SrcFileId="8" StartOffset="5825"/>
</LocList>
</BasicBoolTerm>
</RootTerm>
</CondStmnt>
</StmntSeq>
</Branch>
<Keyword EndOffset="5318" SrcFileId="8" StartOffset="5316"/>
<LocList>
<Loc EndOffset="6899" SrcFileId="8" StartOffset="5316"/>
</LocList>
<RootTerm CovItemId="C20" CovItemPrefix="com.OriginalFiles.Analyze.java" Intrnl_Id="1632">
<BasicBoolTerm Intrnl_Id="1633">
<LocList>
<Loc EndOffset="5372" SrcFileId="8" StartOffset="5320"/>
</LocList>
</BasicBoolTerm>
</RootTerm>
</CondStmnt>
</StmntSeq>
</Branch>
<Keyword EndOffset="4827" SrcFileId="8" StartOffset="4825"/>
<LocList>
<Loc EndOffset="6899" SrcFileId="8" StartOffset="4825"/>
</LocList>
<RootTerm CovItemId="C18" CovItemPrefix="com.OriginalFiles.Analyze.java" Intrnl_Id="1634">
<BasicBoolTerm Intrnl_Id="1635">
<LocList>
<Loc EndOffset="4880" SrcFileId="8" StartOffset="4829"/>
</LocList>
</BasicBoolTerm>
</RootTerm>
</CondStmnt>
</StmntSeq>
</Branch>
<Branch CovItemId="B34" CovItemPrefix="com.OriginalFiles.Analyze.java" Implct="true" Intrnl_Id="1636">
<Cond/>
<LocList/>
<StmntSeq Intrnl_Id="1637">
<LocList/>
</StmntSeq>
</Branch>
<Keyword EndOffset="4722" SrcFileId="8" StartOffset="4720"/>
<LocList>
<Loc EndOffset="6910" SrcFileId="8" StartOffset="4720"/>
</LocList>
<RootTerm CovItemId="C17" CovItemPrefix="com.OriginalFiles.Analyze.java" Intrnl_Id="1638">
<BasicBoolTerm Intrnl_Id="1639">
<LocList>
<Loc EndOffset="4767" SrcFileId="8" StartOffset="4724"/>
</LocList>
</BasicBoolTerm>
</RootTerm>
</CondStmnt>
<BasicStmnt CovItemId="S83" CovItemPrefix="com.OriginalFiles.Analyze.java" Intrnl_Id="1640">
<LocList>
<Loc EndOffset="6933" SrcFileId="8" StartOffset="6920"/>
</LocList>
</BasicStmnt>
</StmntSeq>
</HierarchyLvl>
<HierarchyLvl HierarchyLvlId="85" HierarchyLvlTypeId="14" Intrnl_Id="1641" Name="validateMove">
<Header>
<Loc EndOffset="7113" SrcFileId="8" StartOffset="7009"/>
</Header>
<LocList>
<Loc EndOffset="8268" SrcFileId="8" StartOffset="7009"/>
</LocList>
<StmntSeq Intrnl_Id="1642">
<LocList>
<Loc EndOffset="7175" SrcFileId="8" StartOffset="7127"/>
<Loc EndOffset="7332" SrcFileId="8" StartOffset="7185"/>
<Loc EndOffset="7489" SrcFileId="8" StartOffset="7342"/>
<Loc EndOffset="7646" SrcFileId="8" StartOffset="7499"/>
<Loc EndOffset="7803" SrcFileId="8" StartOffset="7656"/>
<Loc EndOffset="7840" SrcFileId="8" StartOffset="7813"/>
<Loc EndOffset="8232" SrcFileId="8" StartOffset="7850"/>
<Loc EndOffset="8261" SrcFileId="8" StartOffset="8242"/>
</LocList>
<BasicStmnt CovItemId="S84" CovItemPrefix="com.OriginalFiles.Analyze.java" Intrnl_Id="1643">
<LocList>
<Loc EndOffset="7175" SrcFileId="8" StartOffset="7127"/>
</LocList>
</BasicStmnt>
<CondStmnt CovItemId="S85" CovItemPrefix="com.OriginalFiles.Analyze.java" Intrnl_Id="1644">
<Branch CovItemId="B53" CovItemPrefix="com.OriginalFiles.Analyze.java" Implct="false" Intrnl_Id="1645">
<Cond/>
<LocList>
<Loc EndOffset="7332" SrcFileId="8" StartOffset="7242"/>
</LocList>
<StmntSeq Intrnl_Id="1646">
<LocList>
<Loc EndOffset="7321" SrcFileId="8" StartOffset="7257"/>
</LocList>
<BasicStmnt CovItemId="S86" CovItemPrefix="com.OriginalFiles.Analyze.java" Intrnl_Id="1647">
<LocList>
<Loc EndOffset="7321" SrcFileId="8" StartOffset="7257"/>
</LocList>
</BasicStmnt>
</StmntSeq>
</Branch>
<Branch CovItemId="B54" CovItemPrefix="com.OriginalFiles.Analyze.java" Implct="true" Intrnl_Id="1648">
<Cond/>
<LocList/>
<StmntSeq Intrnl_Id="1649">
<LocList/>
</StmntSeq>
</Branch>
<Keyword EndOffset="7187" SrcFileId="8" StartOffset="7185"/>
<LocList>
<Loc EndOffset="7332" SrcFileId="8" StartOffset="7185"/>
</LocList>
<RootTerm CovItemId="C27" CovItemPrefix="com.OriginalFiles.Analyze.java" Intrnl_Id="1650">
<BasicBoolTerm Intrnl_Id="1651">
<LocList>
<Loc EndOffset="7240" SrcFileId="8" StartOffset="7189"/>
</LocList>
</BasicBoolTerm>
</RootTerm>
</CondStmnt>
<CondStmnt CovItemId="S87" CovItemPrefix="com.OriginalFiles.Analyze.java" Intrnl_Id="1652">
<Branch CovItemId="B55" CovItemPrefix="com.OriginalFiles.Analyze.java" Implct="false" Intrnl_Id="1653">
<Cond/>
<LocList>
<Loc EndOffset="7489" SrcFileId="8" StartOffset="7399"/>
</LocList>
<StmntSeq Intrnl_Id="1654">
<LocList>
<Loc EndOffset="7478" SrcFileId="8" StartOffset="7414"/>
</LocList>
<BasicStmnt CovItemId="S88" CovItemPrefix="com.OriginalFiles.Analyze.java" Intrnl_Id="1655">
<LocList>
<Loc EndOffset="7478" SrcFileId="8" StartOffset="7414"/>
</LocList>
</BasicStmnt>
</StmntSeq>
</Branch>
<Branch CovItemId="B56" CovItemPrefix="com.OriginalFiles.Analyze.java" Implct="true" Intrnl_Id="1656">
<Cond/>
<LocList/>
<StmntSeq Intrnl_Id="1657">
<LocList/>
</StmntSeq>
</Branch>
<Keyword EndOffset="7344" SrcFileId="8" StartOffset="7342"/>
<LocList>
<Loc EndOffset="7489" SrcFileId="8" StartOffset="7342"/>
</LocList>
<RootTerm CovItemId="C28" CovItemPrefix="com.OriginalFiles.Analyze.java" Intrnl_Id="1658">
<BasicBoolTerm Intrnl_Id="1659">
<LocList>
<Loc EndOffset="7397" SrcFileId="8" StartOffset="7346"/>
</LocList>
</BasicBoolTerm>
</RootTerm>
</CondStmnt>
<CondStmnt CovItemId="S89" CovItemPrefix="com.OriginalFiles.Analyze.java" Intrnl_Id="1660">
<Branch CovItemId="B57" CovItemPrefix="com.OriginalFiles.Analyze.java" Implct="false" Intrnl_Id="1661">
<Cond/>
<LocList>
<Loc EndOffset="7646" SrcFileId="8" StartOffset="7556"/>
</LocList>
<StmntSeq Intrnl_Id="1662">
<LocList>
<Loc EndOffset="7635" SrcFileId="8" StartOffset="7571"/>
</LocList>
<BasicStmnt CovItemId="S90" CovItemPrefix="com.OriginalFiles.Analyze.java" Intrnl_Id="1663">
<LocList>
<Loc EndOffset="7635" SrcFileId="8" StartOffset="7571"/>
</LocList>
</BasicStmnt>
</StmntSeq>
</Branch>
<Branch CovItemId="B58" CovItemPrefix="com.OriginalFiles.Analyze.java" Implct="true" Intrnl_Id="1664">
<Cond/>
<LocList/>
<StmntSeq Intrnl_Id="1665">
<LocList/>
</StmntSeq>
</Branch>
<Keyword EndOffset="7501" SrcFileId="8" StartOffset="7499"/>
<LocList>
<Loc EndOffset="7646" SrcFileId="8" StartOffset="7499"/>
</LocList>
<RootTerm CovItemId="C29" CovItemPrefix="com.OriginalFiles.Analyze.java" Intrnl_Id="1666">
<BasicBoolTerm Intrnl_Id="1667">
<LocList>
<Loc EndOffset="7554" SrcFileId="8" StartOffset="7503"/>
</LocList>
</BasicBoolTerm>
</RootTerm>
</CondStmnt>
<CondStmnt CovItemId="S91" CovItemPrefix="com.OriginalFiles.Analyze.java" Intrnl_Id="1668">
<Branch CovItemId="B59" CovItemPrefix="com.OriginalFiles.Analyze.java" Implct="false" Intrnl_Id="1669">
<Cond/>
<LocList>
<Loc EndOffset="7803" SrcFileId="8" StartOffset="7713"/>
</LocList>
<StmntSeq Intrnl_Id="1670">
<LocList>
<Loc EndOffset="7792" SrcFileId="8" StartOffset="7728"/>
</LocList>
<BasicStmnt CovItemId="S92" CovItemPrefix="com.OriginalFiles.Analyze.java" Intrnl_Id="1671">
<LocList>
<Loc EndOffset="7792" SrcFileId="8" StartOffset="7728"/>
</LocList>
</BasicStmnt>
</StmntSeq>
</Branch>
<Branch CovItemId="B60" CovItemPrefix="com.OriginalFiles.Analyze.java" Implct="true" Intrnl_Id="1672">
<Cond/>
<LocList/>
<StmntSeq Intrnl_Id="1673">
<LocList/>
</StmntSeq>
</Branch>
<Keyword EndOffset="7658" SrcFileId="8" StartOffset="7656"/>
<LocList>
<Loc EndOffset="7803" SrcFileId="8" StartOffset="7656"/>
</LocList>
<RootTerm CovItemId="C30" CovItemPrefix="com.OriginalFiles.Analyze.java" Intrnl_Id="1674">
<BasicBoolTerm Intrnl_Id="1675">
<LocList>
<Loc EndOffset="7711" SrcFileId="8" StartOffset="7660"/>
</LocList>
</BasicBoolTerm>
</RootTerm>
</CondStmnt>
<BasicStmnt CovItemId="S93" CovItemPrefix="com.OriginalFiles.Analyze.java" Intrnl_Id="1676">
<LocList>
<Loc EndOffset="7840" SrcFileId="8" StartOffset="7813"/>
</LocList>
</BasicStmnt>
<LoopStmnt CovItemId="S94" CovItemPrefix="com.OriginalFiles.Analyze.java" Intrnl_Id="1677" MltplExecId="L4-2" MltplExecPrefix="com.OriginalFiles.Analyze.java" NvrExecId="L4-0" NvrExecPrefix="com.OriginalFiles.Analyze.java" OnceExecutedId="L4-1" OnceExecutedPrefix="com.OriginalFiles.Analyze.java" OptBodyExec="true">
<StmntSeq Intrnl_Id="1678">
<LocList>
<Loc EndOffset="8136" SrcFileId="8" StartOffset="7909"/>
<Loc EndOffset="8221" SrcFileId="8" StartOffset="8150"/>
</LocList>
<CondStmnt CovItemId="S95" CovItemPrefix="com.OriginalFiles.Analyze.java" Intrnl_Id="1679">
<Branch CovItemId="B61" CovItemPrefix="com.OriginalFiles.Analyze.java" Implct="false" Intrnl_Id="1680">
<Cond/>
<LocList>
<Loc EndOffset="8136" SrcFileId="8" StartOffset="8011"/>
</LocList>
<StmntSeq Intrnl_Id="1681">
<LocList>
<Loc EndOffset="8121" SrcFileId="8" StartOffset="8030"/>
</LocList>
<BasicStmnt CovItemId="S96" CovItemPrefix="com.OriginalFiles.Analyze.java" Intrnl_Id="1682">
<LocList>
<Loc EndOffset="8121" SrcFileId="8" StartOffset="8030"/>
</LocList>
</BasicStmnt>
</StmntSeq>
</Branch>
<Branch CovItemId="B62" CovItemPrefix="com.OriginalFiles.Analyze.java" Implct="true" Intrnl_Id="1683">
<Cond/>
<LocList/>
<StmntSeq Intrnl_Id="1684">
<LocList/>
</StmntSeq>
</Branch>
<Keyword EndOffset="7911" SrcFileId="8" StartOffset="7909"/>
<LocList>
<Loc EndOffset="8136" SrcFileId="8" StartOffset="7909"/>
</LocList>
<RootTerm CovItemId="C32" CovItemPrefix="com.OriginalFiles.Analyze.java" Intrnl_Id="1685">
<OpTerm BooleanOpId="9" Intrnl_Id="1686">
<OpTerm BooleanOpId="10" Intrnl_Id="1687">
<BasicBoolTerm Intrnl_Id="1688">
<LocList>
<Loc EndOffset="7949" SrcFileId="8" StartOffset="7915"/>
</LocList>
</BasicBoolTerm>
<BasicBoolTerm Intrnl_Id="1689">
<LocList>
<Loc EndOffset="8008" SrcFileId="8" StartOffset="7974"/>
</LocList>
</BasicBoolTerm>
<LocList>
<Loc EndOffset="7973" SrcFileId="8" StartOffset="7971"/>
</LocList>
</OpTerm>
<LocList>
<Loc EndOffset="7914" SrcFileId="8" StartOffset="7913"/>
</LocList>
</OpTerm>
</RootTerm>
</CondStmnt>
<CondStmnt CovItemId="S97" CovItemPrefix="com.OriginalFiles.Analyze.java" Intrnl_Id="1690">
<Branch CovItemId="B63" CovItemPrefix="com.OriginalFiles.Analyze.java" Implct="false" Intrnl_Id="1691">
<Cond/>
<LocList>
<Loc EndOffset="8221" SrcFileId="8" StartOffset="8168"/>
</LocList>
<StmntSeq Intrnl_Id="1692">
<LocList>
<Loc EndOffset="8206" SrcFileId="8" StartOffset="8187"/>
</LocList>
<BasicStmnt CovItemId="S98" CovItemPrefix="com.OriginalFiles.Analyze.java" Intrnl_Id="1693">
<LocList>
<Loc EndOffset="8206" SrcFileId="8" StartOffset="8187"/>
</LocList>
</BasicStmnt>
</StmntSeq>
</Branch>
<Branch CovItemId="B64" CovItemPrefix="com.OriginalFiles.Analyze.java" Implct="true" Intrnl_Id="1694">
<Cond/>
<LocList/>
<StmntSeq Intrnl_Id="1695">
<LocList/>
</StmntSeq>
</Branch>
<Keyword EndOffset="8152" SrcFileId="8" StartOffset="8150"/>
<LocList>
<Loc EndOffset="8221" SrcFileId="8" StartOffset="8150"/>
</LocList>
<RootTerm CovItemId="C33" CovItemPrefix="com.OriginalFiles.Analyze.java" Intrnl_Id="1696">
<OpTerm BooleanOpId="9" Intrnl_Id="1697">
<BasicBoolTerm Intrnl_Id="1698">
<LocList>
<Loc EndOffset="8166" SrcFileId="8" StartOffset="8155"/>
</LocList>
</BasicBoolTerm>
<LocList>
<Loc EndOffset="8155" SrcFileId="8" StartOffset="8154"/>
</LocList>
</OpTerm>
</RootTerm>
</CondStmnt>
</StmntSeq>
<Keyword EndOffset="7853" SrcFileId="8" StartOffset="7850"/>
<LocList>
<Loc EndOffset="8232" SrcFileId="8" StartOffset="7850"/>
</LocList>
<RootTerm CovItemId="C31" CovItemPrefix="com.OriginalFiles.Analyze.java" Intrnl_Id="1699">
<BasicBoolTerm Intrnl_Id="1700">
<LocList>
<Loc EndOffset="7887" SrcFileId="8" StartOffset="7866"/>
</LocList>
</BasicBoolTerm>
</RootTerm>
</LoopStmnt>
<BasicStmnt CovItemId="S99" CovItemPrefix="com.OriginalFiles.Analyze.java" Intrnl_Id="1701">
<LocList>
<Loc EndOffset="8261" SrcFileId="8" StartOffset="8242"/>
</LocList>
</BasicStmnt>
</StmntSeq>
</HierarchyLvl>
<HierarchyLvl HierarchyLvlId="86" HierarchyLvlTypeId="14" Intrnl_Id="1702" Name="jumpSequence">
<Header>
<Loc EndOffset="8456" SrcFileId="8" StartOffset="8276"/>
</Header>
<LocList>
<Loc EndOffset="9887" SrcFileId="8" StartOffset="8276"/>
</LocList>
<StmntSeq Intrnl_Id="1703">
<LocList>
<Loc EndOffset="8489" SrcFileId="8" StartOffset="8468"/>
<Loc EndOffset="8559" SrcFileId="8" StartOffset="8499"/>
<Loc EndOffset="8680" SrcFileId="8" StartOffset="8569"/>
<Loc EndOffset="8832" SrcFileId="8" StartOffset="8690"/>
<Loc EndOffset="8948" SrcFileId="8" StartOffset="8842"/>
<Loc EndOffset="9100" SrcFileId="8" StartOffset="8958"/>
<Loc EndOffset="9215" SrcFileId="8" StartOffset="9110"/>
<Loc EndOffset="9367" SrcFileId="8" StartOffset="9225"/>
<Loc EndOffset="9481" SrcFileId="8" StartOffset="9377"/>
<Loc EndOffset="9633" SrcFileId="8" StartOffset="9491"/>
<Loc EndOffset="9738" SrcFileId="8" StartOffset="9645"/>
<Loc EndOffset="9852" SrcFileId="8" StartOffset="9750"/>
<Loc EndOffset="9880" SrcFileId="8" StartOffset="9862"/>
</LocList>
<BasicStmnt CovItemId="S100" CovItemPrefix="com.OriginalFiles.Analyze.java" Intrnl_Id="1704">
<LocList>
<Loc EndOffset="8489" SrcFileId="8" StartOffset="8468"/>
</LocList>
</BasicStmnt>
<BasicStmnt CovItemId="S101" CovItemPrefix="com.OriginalFiles.Analyze.java" Intrnl_Id="1705">
<LocList>
<Loc EndOffset="8559" SrcFileId="8" StartOffset="8499"/>
</LocList>
</BasicStmnt>
<BasicStmnt CovItemId="S102" CovItemPrefix="com.OriginalFiles.Analyze.java" Intrnl_Id="1706">
<LocList>
<Loc EndOffset="8680" SrcFileId="8" StartOffset="8569"/>
</LocList>
</BasicStmnt>
<CondStmnt CovItemId="S103" CovItemPrefix="com.OriginalFiles.Analyze.java" Intrnl_Id="1707">
<Branch CovItemId="B65" CovItemPrefix="com.OriginalFiles.Analyze.java" Implct="false" Intrnl_Id="1708">
<Cond/>
<LocList>
<Loc EndOffset="8832" SrcFileId="8" StartOffset="8713"/>
</LocList>
<StmntSeq Intrnl_Id="1709">
<LocList>
<Loc EndOffset="8821" SrcFileId="8" StartOffset="8728"/>
</LocList>
<BasicStmnt CovItemId="S104" CovItemPrefix="com.OriginalFiles.Analyze.java" Intrnl_Id="1710">
<LocList>
<Loc EndOffset="8821" SrcFileId="8" StartOffset="8728"/>
</LocList>
</BasicStmnt>
</StmntSeq>
</Branch>
<Branch CovItemId="B66" CovItemPrefix="com.OriginalFiles.Analyze.java" Implct="true" Intrnl_Id="1711">
<Cond/>
<LocList/>
<StmntSeq Intrnl_Id="1712">
<LocList/>
</StmntSeq>
</Branch>
<Keyword EndOffset="8692" SrcFileId="8" StartOffset="8690"/>
<LocList>
<Loc EndOffset="8832" SrcFileId="8" StartOffset="8690"/>
</LocList>
<RootTerm CovItemId="C34" CovItemPrefix="com.OriginalFiles.Analyze.java" Intrnl_Id="1713">
<BasicBoolTerm Intrnl_Id="1714">
<LocList>
<Loc EndOffset="8711" SrcFileId="8" StartOffset="8694"/>
</LocList>
</BasicBoolTerm>
</RootTerm>
</CondStmnt>
<BasicStmnt CovItemId="S105" CovItemPrefix="com.OriginalFiles.Analyze.java" Intrnl_Id="1715">
<LocList>
<Loc EndOffset="8948" SrcFileId="8" StartOffset="8842"/>
</LocList>
</BasicStmnt>
<CondStmnt CovItemId="S106" CovItemPrefix="com.OriginalFiles.Analyze.java" Intrnl_Id="1716">
<Branch CovItemId="B67" CovItemPrefix="com.OriginalFiles.Analyze.java" Implct="false" Intrnl_Id="1717">
<Cond/>
<LocList>
<Loc EndOffset="9100" SrcFileId="8" StartOffset="8981"/>
</LocList>
<StmntSeq Intrnl_Id="1718">
<LocList>
<Loc EndOffset="9089" SrcFileId="8" StartOffset="8996"/>
</LocList>
<BasicStmnt CovItemId="S107" CovItemPrefix="com.OriginalFiles.Analyze.java" Intrnl_Id="1719">
<LocList>
<Loc EndOffset="9089" SrcFileId="8" StartOffset="8996"/>
</LocList>
</BasicStmnt>
</StmntSeq>
</Branch>
<Branch CovItemId="B68" CovItemPrefix="com.OriginalFiles.Analyze.java" Implct="true" Intrnl_Id="1720">
<Cond/>
<LocList/>
<StmntSeq Intrnl_Id="1721">
<LocList/>
</StmntSeq>
</Branch>
<Keyword EndOffset="8960" SrcFileId="8" StartOffset="8958"/>
<LocList>
<Loc EndOffset="9100" SrcFileId="8" StartOffset="8958"/>
</LocList>
<RootTerm CovItemId="C35" CovItemPrefix="com.OriginalFiles.Analyze.java" Intrnl_Id="1722">
<BasicBoolTerm Intrnl_Id="1723">
<LocList>
<Loc EndOffset="8979" SrcFileId="8" StartOffset="8962"/>
</LocList>
</BasicBoolTerm>
</RootTerm>
</CondStmnt>
<BasicStmnt CovItemId="S108" CovItemPrefix="com.OriginalFiles.Analyze.java" Intrnl_Id="1724">
<LocList>
<Loc EndOffset="9215" SrcFileId="8" StartOffset="9110"/>
</LocList>
</BasicStmnt>
<CondStmnt CovItemId="S109" CovItemPrefix="com.OriginalFiles.Analyze.java" Intrnl_Id="1725">
<Branch CovItemId="B69" CovItemPrefix="com.OriginalFiles.Analyze.java" Implct="false" Intrnl_Id="1726">
<Cond/>
<LocList>
<Loc EndOffset="9367" SrcFileId="8" StartOffset="9248"/>
</LocList>
<StmntSeq Intrnl_Id="1727">
<LocList>
<Loc EndOffset="9356" SrcFileId="8" StartOffset="9263"/>
</LocList>
<BasicStmnt CovItemId="S110" CovItemPrefix="com.OriginalFiles.Analyze.java" Intrnl_Id="1728">
<LocList>
<Loc EndOffset="9356" SrcFileId="8" StartOffset="9263"/>
</LocList>
</BasicStmnt>
</StmntSeq>
</Branch>
<Branch CovItemId="B70" CovItemPrefix="com.OriginalFiles.Analyze.java" Implct="true" Intrnl_Id="1729">
<Cond/>
<LocList/>
<StmntSeq Intrnl_Id="1730">
<LocList/>
</StmntSeq>
</Branch>
<Keyword EndOffset="9227" SrcFileId="8" StartOffset="9225"/>
<LocList>
<Loc EndOffset="9367" SrcFileId="8" StartOffset="9225"/>
</LocList>
<RootTerm CovItemId="C36" CovItemPrefix="com.OriginalFiles.Analyze.java" Intrnl_Id="1731">
<BasicBoolTerm Intrnl_Id="1732">
<LocList>
<Loc EndOffset="9246" SrcFileId="8" StartOffset="9229"/>
</LocList>
</BasicBoolTerm>
</RootTerm>
</CondStmnt>
<BasicStmnt CovItemId="S111" CovItemPrefix="com.OriginalFiles.Analyze.java" Intrnl_Id="1733">
<LocList>
<Loc EndOffset="9481" SrcFileId="8" StartOffset="9377"/>
</LocList>
</BasicStmnt>
<CondStmnt CovItemId="S112" CovItemPrefix="com.OriginalFiles.Analyze.java" Intrnl_Id="1734">
<Branch CovItemId="B71" CovItemPrefix="com.OriginalFiles.Analyze.java" Implct="false" Intrnl_Id="1735">
<Cond/>
<LocList>
<Loc EndOffset="9633" SrcFileId="8" StartOffset="9514"/>
</LocList>
<StmntSeq Intrnl_Id="1736">
<LocList>
<Loc EndOffset="9622" SrcFileId="8" StartOffset="9529"/>
</LocList>
<BasicStmnt CovItemId="S113" CovItemPrefix="com.OriginalFiles.Analyze.java" Intrnl_Id="1737">
<LocList>
<Loc EndOffset="9622" SrcFileId="8" StartOffset="9529"/>
</LocList>
</BasicStmnt>
</StmntSeq>
</Branch>
<Branch CovItemId="B72" CovItemPrefix="com.OriginalFiles.Analyze.java" Implct="true" Intrnl_Id="1738">
<Cond/>
<LocList/>
<StmntSeq Intrnl_Id="1739">
<LocList/>
</StmntSeq>
</Branch>
<Keyword EndOffset="9493" SrcFileId="8" StartOffset="9491"/>
<LocList>
<Loc EndOffset="9633" SrcFileId="8" StartOffset="9491"/>
</LocList>
<RootTerm CovItemId="C37" CovItemPrefix="com.OriginalFiles.Analyze.java" Intrnl_Id="1740">
<BasicBoolTerm Intrnl_Id="1741">
<LocList>
<Loc EndOffset="9512" SrcFileId="8" StartOffset="9495"/>
</LocList>
</BasicBoolTerm>
</RootTerm>
</CondStmnt>
<CondStmnt CovItemId="S114" CovItemPrefix="com.OriginalFiles.Analyze.java" Intrnl_Id="1742">
<Branch CovItemId="B73" CovItemPrefix="com.OriginalFiles.Analyze.java" Implct="false" Intrnl_Id="1743">
<Cond/>
<LocList>
<Loc EndOffset="9738" SrcFileId="8" StartOffset="9673"/>
</LocList>
<StmntSeq Intrnl_Id="1744">
<LocList>
<Loc EndOffset="9727" SrcFileId="8" StartOffset="9688"/>
</LocList>
<BasicStmnt CovItemId="S115" CovItemPrefix="com.OriginalFiles.Analyze.java" Intrnl_Id="1745">
<LocList>
<Loc EndOffset="9727" SrcFileId="8" StartOffset="9688"/>
</LocList>
</BasicStmnt>
</StmntSeq>
</Branch>
<Branch CovItemId="B74" CovItemPrefix="com.OriginalFiles.Analyze.java" Implct="true" Intrnl_Id="1746">
<Cond/>
<LocList/>
<StmntSeq Intrnl_Id="1747">
<LocList/>
</StmntSeq>
</Branch>
<Keyword EndOffset="9647" SrcFileId="8" StartOffset="9645"/>
<LocList>
<Loc EndOffset="9738" SrcFileId="8" StartOffset="9645"/>
</LocList>
<RootTerm CovItemId="C38" CovItemPrefix="com.OriginalFiles.Analyze.java" Intrnl_Id="1748">
<BasicBoolTerm Intrnl_Id="1749">
<LocList>
<Loc EndOffset="9671" SrcFileId="8" StartOffset="9649"/>
</LocList>
</BasicBoolTerm>
</RootTerm>
</CondStmnt>
<LoopStmnt CovItemId="S116" CovItemPrefix="com.OriginalFiles.Analyze.java" Intrnl_Id="1750" MltplExecId="L5-2" MltplExecPrefix="com.OriginalFiles.Analyze.java" NvrExecId="L5-0" NvrExecPrefix="com.OriginalFiles.Analyze.java" OnceExecutedId="L5-1" OnceExecutedPrefix="com.OriginalFiles.Analyze.java" OptBodyExec="true">
<StmntSeq Intrnl_Id="1751">
<LocList>
<Loc EndOffset="9841" SrcFileId="8" StartOffset="9809"/>
</LocList>
<BasicStmnt CovItemId="S117" CovItemPrefix="com.OriginalFiles.Analyze.java" Intrnl_Id="1752">
<LocList>
<Loc EndOffset="9841" SrcFileId="8" StartOffset="9809"/>
</LocList>
</BasicStmnt>
</StmntSeq>
<Keyword EndOffset="9753" SrcFileId="8" StartOffset="9750"/>
<LocList>
<Loc EndOffset="9852" SrcFileId="8" StartOffset="9750"/>
</LocList>
<RootTerm CovItemId="C39" CovItemPrefix="com.OriginalFiles.Analyze.java" Intrnl_Id="1753">
<BasicBoolTerm Intrnl_Id="1754">
<LocList>
<Loc EndOffset="9787" SrcFileId="8" StartOffset="9766"/>
</LocList>
</BasicBoolTerm>
</RootTerm>
</LoopStmnt>
<BasicStmnt CovItemId="S118" CovItemPrefix="com.OriginalFiles.Analyze.java" Intrnl_Id="1755">
<LocList>
<Loc EndOffset="9880" SrcFileId="8" StartOffset="9862"/>
</LocList>
</BasicStmnt>
</StmntSeq>
</HierarchyLvl>
<HierarchyLvl HierarchyLvlId="87" HierarchyLvlTypeId="14" Intrnl_Id="1756" Name="findJumpPiece">
<Header>
<Loc EndOffset="9995" SrcFileId="8" StartOffset="9895"/>
</Header>
<LocList>
<Loc EndOffset="11180" SrcFileId="8" StartOffset="9895"/>
</LocList>
<StmntSeq Intrnl_Id="1757">
<LocList>
<Loc EndOffset="10065" SrcFileId="8" StartOffset="10007"/>
<Loc EndOffset="10165" SrcFileId="8" StartOffset="10075"/>
<Loc EndOffset="10204" SrcFileId="8" StartOffset="10175"/>
<Loc EndOffset="11150" SrcFileId="8" StartOffset="10214"/>
<Loc EndOffset="11173" SrcFileId="8" StartOffset="11160"/>
</LocList>
<BasicStmnt CovItemId="S119" CovItemPrefix="com.OriginalFiles.Analyze.java" Intrnl_Id="1758">
<LocList>
<Loc EndOffset="10065" SrcFileId="8" StartOffset="10007"/>
</LocList>
</BasicStmnt>
<BasicStmnt CovItemId="S120" CovItemPrefix="com.OriginalFiles.Analyze.java" Intrnl_Id="1759">
<LocList>
<Loc EndOffset="10165" SrcFileId="8" StartOffset="10075"/>
</LocList>
</BasicStmnt>
<BasicStmnt CovItemId="S121" CovItemPrefix="com.OriginalFiles.Analyze.java" Intrnl_Id="1760">
<LocList>
<Loc EndOffset="10204" SrcFileId="8" StartOffset="10175"/>
</LocList>
</BasicStmnt>
<LoopStmnt CovItemId="S122" CovItemPrefix="com.OriginalFiles.Analyze.java" Intrnl_Id="1761" MltplExecId="L6-2" MltplExecPrefix="com.OriginalFiles.Analyze.java" NvrExecId="L6-0" NvrExecPrefix="com.OriginalFiles.Analyze.java" OnceExecutedId="L6-1" OnceExecutedPrefix="com.OriginalFiles.Analyze.java" OptBodyExec="true">
<StmntSeq Intrnl_Id="1762">
<LocList>
<Loc EndOffset="10310" SrcFileId="8" StartOffset="10271"/>
<Loc EndOffset="10375" SrcFileId="8" StartOffset="10324"/>
<Loc EndOffset="11139" SrcFileId="8" StartOffset="10389"/>
</LocList>
<BasicStmnt CovItemId="S123" CovItemPrefix="com.OriginalFiles.Analyze.java" Intrnl_Id="1763">
<LocList>
<Loc EndOffset="10310" SrcFileId="8" StartOffset="10271"/>
</LocList>
</BasicStmnt>
<BasicStmnt CovItemId="S124" CovItemPrefix="com.OriginalFiles.Analyze.java" Intrnl_Id="1764">
<LocList>
<Loc EndOffset="10375" SrcFileId="8" StartOffset="10324"/>
</LocList>
</BasicStmnt>
<CondStmnt CovItemId="S125" CovItemPrefix="com.OriginalFiles.Analyze.java" Intrnl_Id="1765">
<Branch CovItemId="B75" CovItemPrefix="com.OriginalFiles.Analyze.java" Implct="false" Intrnl_Id="1766">
<Cond/>
<LocList>
<Loc EndOffset="11139" SrcFileId="8" StartOffset="10453"/>
</LocList>
<StmntSeq Intrnl_Id="1767">
<LocList>
<Loc EndOffset="10536" SrcFileId="8" StartOffset="10472"/>
<Loc EndOffset="10586" SrcFileId="8" StartOffset="10554"/>
<Loc EndOffset="11094" SrcFileId="8" StartOffset="10604"/>
<Loc EndOffset="11124" SrcFileId="8" StartOffset="11112"/>
</LocList>
<BasicStmnt CovItemId="S126" CovItemPrefix="com.OriginalFiles.Analyze.java" Intrnl_Id="1768">
<LocList>
<Loc EndOffset="10536" SrcFileId="8" StartOffset="10472"/>
</LocList>
</BasicStmnt>
<BasicStmnt CovItemId="S127" CovItemPrefix="com.OriginalFiles.Analyze.java" Intrnl_Id="1769">
<LocList>
<Loc EndOffset="10586" SrcFileId="8" StartOffset="10554"/>
</LocList>
</BasicStmnt>
<LoopStmnt CovItemId="S128" CovItemPrefix="com.OriginalFiles.Analyze.java" Intrnl_Id="1770" MltplExecId="L7-2" MltplExecPrefix="com.OriginalFiles.Analyze.java" NvrExecId="L7-0" NvrExecPrefix="com.OriginalFiles.Analyze.java" OnceExecutedId="L7-1" OnceExecutedPrefix="com.OriginalFiles.Analyze.java" OptBodyExec="true">
<StmntSeq Intrnl_Id="1771">
<LocList>
<Loc EndOffset="10693" SrcFileId="8" StartOffset="10659"/>
<Loc EndOffset="10754" SrcFileId="8" StartOffset="10715"/>
<Loc EndOffset="10953" SrcFileId="8" StartOffset="10776"/>
<Loc EndOffset="11075" SrcFileId="8" StartOffset="10975"/>
</LocList>
<BasicStmnt CovItemId="S129" CovItemPrefix="com.OriginalFiles.Analyze.java" Intrnl_Id="1772">
<LocList>
<Loc EndOffset="10693" SrcFileId="8" StartOffset="10659"/>
</LocList>
</BasicStmnt>
<BasicStmnt CovItemId="S130" CovItemPrefix="com.OriginalFiles.Analyze.java" Intrnl_Id="1773">
<LocList>
<Loc EndOffset="10754" SrcFileId="8" StartOffset="10715"/>
</LocList>
</BasicStmnt>
<BasicStmnt CovItemId="S131" CovItemPrefix="com.OriginalFiles.Analyze.java" Intrnl_Id="1774">
<LocList>
<Loc EndOffset="10953" SrcFileId="8" StartOffset="10776"/>
</LocList>
</BasicStmnt>
<BasicStmnt CovItemId="S132" CovItemPrefix="com.OriginalFiles.Analyze.java" Intrnl_Id="1775">
<LocList>
<Loc EndOffset="11075" SrcFileId="8" StartOffset="10975"/>
</LocList>
</BasicStmnt>
</StmntSeq>
<Keyword EndOffset="10607" SrcFileId="8" StartOffset="10604"/>
<LocList>
<Loc EndOffset="11094" SrcFileId="8" StartOffset="10604"/>
</LocList>
<RootTerm CovItemId="C42" CovItemPrefix="com.OriginalFiles.Analyze.java" Intrnl_Id="1776">
<BasicBoolTerm Intrnl_Id="1777">
<LocList>
<Loc EndOffset="10629" SrcFileId="8" StartOffset="10620"/>
</LocList>
</BasicBoolTerm>
</RootTerm>
</LoopStmnt>
<BasicStmnt CovItemId="S133" CovItemPrefix="com.OriginalFiles.Analyze.java" Intrnl_Id="1778">
<LocList>
<Loc EndOffset="11124" SrcFileId="8" StartOffset="11112"/>
</LocList>
</BasicStmnt>
</StmntSeq>
</Branch>
<Branch CovItemId="B76" CovItemPrefix="com.OriginalFiles.Analyze.java" Implct="true" Intrnl_Id="1779">
<Cond/>
<LocList/>
<StmntSeq Intrnl_Id="1780">
<LocList/>
</StmntSeq>
</Branch>
<Keyword EndOffset="10391" SrcFileId="8" StartOffset="10389"/>
<LocList>
<Loc EndOffset="11139" SrcFileId="8" StartOffset="10389"/>
</LocList>
<RootTerm CovItemId="C41" CovItemPrefix="com.OriginalFiles.Analyze.java" Intrnl_Id="1781">
<OpTerm BooleanOpId="9" Intrnl_Id="1782">
<BasicBoolTerm Intrnl_Id="1783">
<LocList>
<Loc EndOffset="10451" SrcFileId="8" StartOffset="10394"/>
</LocList>
</BasicBoolTerm>
<LocList>
<Loc EndOffset="10394" SrcFileId="8" StartOffset="10393"/>
</LocList>
</OpTerm>
</RootTerm>
</CondStmnt>
</StmntSeq>
<Keyword EndOffset="10217" SrcFileId="8" StartOffset="10214"/>
<LocList>
<Loc EndOffset="11150" SrcFileId="8" StartOffset="10214"/>
</LocList>
<RootTerm CovItemId="C40" CovItemPrefix="com.OriginalFiles.Analyze.java" Intrnl_Id="1784">
<BasicBoolTerm Intrnl_Id="1785">
<LocList>
<Loc EndOffset="10249" SrcFileId="8" StartOffset="10230"/>
</LocList>
</BasicBoolTerm>
</RootTerm>
</LoopStmnt>
<BasicStmnt CovItemId="S134" CovItemPrefix="com.OriginalFiles.Analyze.java" Intrnl_Id="1786">
<LocList>
<Loc EndOffset="11173" SrcFileId="8" StartOffset="11160"/>
</LocList>
</BasicStmnt>
</StmntSeq>
</HierarchyLvl>
<HierarchyLvl HierarchyLvlId="88" HierarchyLvlTypeId="14" Intrnl_Id="1787" Name="checkForUpgradeKing">
<Header>
<Loc EndOffset="11303" SrcFileId="8" StartOffset="11188"/>
</Header>
<LocList>
<Loc EndOffset="12747" SrcFileId="8" StartOffset="11188"/>
</LocList>
<StmntSeq Intrnl_Id="1788">
<LocList>
<Loc EndOffset="12740" SrcFileId="8" StartOffset="11315"/>
</LocList>
<CondStmnt CovItemId="S135" CovItemPrefix="com.OriginalFiles.Analyze.java" Intrnl_Id="1789">
<Branch CovItemId="B77" CovItemPrefix="com.OriginalFiles.Analyze.java" Implct="false" Intrnl_Id="1790">
<Cond/>
<LocList>
<Loc EndOffset="12740" SrcFileId="8" StartOffset="11359"/>
</LocList>
<StmntSeq Intrnl_Id="1791">
<LocList>
<Loc EndOffset="12729" SrcFileId="8" StartOffset="11374"/>
</LocList>
<CondStmnt CovItemId="S136" CovItemPrefix="com.OriginalFiles.Analyze.java" Intrnl_Id="1792">
<Branch CovItemId="B79" CovItemPrefix="com.OriginalFiles.Analyze.java" Implct="false" Intrnl_Id="1793">
<Cond/>
<LocList>
<Loc EndOffset="11673" SrcFileId="8" StartOffset="11423"/>
</LocList>
<StmntSeq Intrnl_Id="1794">
<LocList>
<Loc EndOffset="11500" SrcFileId="8" StartOffset="11442"/>
<Loc EndOffset="11559" SrcFileId="8" StartOffset="11518"/>
<Loc EndOffset="11658" SrcFileId="8" StartOffset="11577"/>
</LocList>
<BasicStmnt CovItemId="S137" CovItemPrefix="com.OriginalFiles.Analyze.java" Intrnl_Id="1795">
<LocList>
<Loc EndOffset="11500" SrcFileId="8" StartOffset="11442"/>
</LocList>
</BasicStmnt>
<BasicStmnt CovItemId="S138" CovItemPrefix="com.OriginalFiles.Analyze.java" Intrnl_Id="1796">
<LocList>
<Loc EndOffset="11559" SrcFileId="8" StartOffset="11518"/>
</LocList>
</BasicStmnt>
<CondStmnt CovItemId="S139" CovItemPrefix="com.OriginalFiles.Analyze.java" Intrnl_Id="1797">
<Branch CovItemId="B81" CovItemPrefix="com.OriginalFiles.Analyze.java" Implct="false" Intrnl_Id="1798">
<Cond/>
<LocList>
<Loc EndOffset="11658" SrcFileId="8" StartOffset="11595"/>
</LocList>
<StmntSeq Intrnl_Id="1799">
<LocList>
<Loc EndOffset="11639" SrcFileId="8" StartOffset="11618"/>
</LocList>
<BasicStmnt CovItemId="S140" CovItemPrefix="com.OriginalFiles.Analyze.java" Intrnl_Id="1800">
<LocList>
<Loc EndOffset="11639" SrcFileId="8" StartOffset="11618"/>
</LocList>
</BasicStmnt>
</StmntSeq>
</Branch>
<Branch CovItemId="B82" CovItemPrefix="com.OriginalFiles.Analyze.java" Implct="true" Intrnl_Id="1801">
<Cond/>
<LocList/>
<StmntSeq Intrnl_Id="1802">
<LocList/>
</StmntSeq>
</Branch>
<Keyword EndOffset="11579" SrcFileId="8" StartOffset="11577"/>
<LocList>
<Loc EndOffset="11658" SrcFileId="8" StartOffset="11577"/>
</LocList>
<RootTerm CovItemId="C45" CovItemPrefix="com.OriginalFiles.Analyze.java" Intrnl_Id="1803">
<OpTerm BooleanOpId="9" Intrnl_Id="1804">
<BasicBoolTerm Intrnl_Id="1805">
<LocList>
<Loc EndOffset="11593" SrcFileId="8" StartOffset="11582"/>
</LocList>
</BasicBoolTerm>
<LocList>
<Loc EndOffset="11582" SrcFileId="8" StartOffset="11581"/>
</LocList>
</OpTerm>
</RootTerm>
</CondStmnt>
</StmntSeq>
</Branch>
<Branch CovItemId="B80" CovItemPrefix="com.OriginalFiles.Analyze.java" Implct="false" Intrnl_Id="1806">
<Cond>
<Loc EndOffset="11678" SrcFileId="8" StartOffset="11674"/>
</Cond>
<LocList>
<Loc EndOffset="12729" SrcFileId="8" StartOffset="11679"/>
</LocList>
<StmntSeq Intrnl_Id="1807">
<LocList>
<Loc EndOffset="12714" SrcFileId="8" StartOffset="11698"/>
</LocList>
<CondStmnt CovItemId="S141" CovItemPrefix="com.OriginalFiles.Analyze.java" Intrnl_Id="1808">
<Branch CovItemId="B83" CovItemPrefix="com.OriginalFiles.Analyze.java" Implct="false" Intrnl_Id="1809">
<Cond/>
<LocList>
<Loc EndOffset="11913" SrcFileId="8" StartOffset="11715"/>
</LocList>
<StmntSeq Intrnl_Id="1810">
<LocList>
<Loc EndOffset="11831" SrcFileId="8" StartOffset="11738"/>
<Loc EndOffset="11894" SrcFileId="8" StartOffset="11853"/>
</LocList>
<BasicStmnt CovItemId="S142" CovItemPrefix="com.OriginalFiles.Analyze.java" Intrnl_Id="1811">
<LocList>
<Loc EndOffset="11831" SrcFileId="8" StartOffset="11738"/>
</LocList>
</BasicStmnt>
<BasicStmnt CovItemId="S143" CovItemPrefix="com.OriginalFiles.Analyze.java" Intrnl_Id="1812">
<LocList>
<Loc EndOffset="11894" SrcFileId="8" StartOffset="11853"/>
</LocList>
</BasicStmnt>
</StmntSeq>
</Branch>
<Branch CovItemId="B84" CovItemPrefix="com.OriginalFiles.Analyze.java" Implct="false" Intrnl_Id="1813">
<Cond>
<Loc EndOffset="11918" SrcFileId="8" StartOffset="11914"/>
</Cond>
<LocList>
<Loc EndOffset="12714" SrcFileId="8" StartOffset="11919"/>
</LocList>
<StmntSeq Intrnl_Id="1814">
<LocList>
<Loc EndOffset="11967" SrcFileId="8" StartOffset="11942"/>
<Loc EndOffset="11999" SrcFileId="8" StartOffset="11989"/>
<Loc EndOffset="12695" SrcFileId="8" StartOffset="12021"/>
</LocList>
<BasicStmnt CovItemId="S144" CovItemPrefix="com.OriginalFiles.Analyze.java" Intrnl_Id="1815">
<LocList>
<Loc EndOffset="11967" SrcFileId="8" StartOffset="11942"/>
</LocList>
</BasicStmnt>
<BasicStmnt CovItemId="S145" CovItemPrefix="com.OriginalFiles.Analyze.java" Intrnl_Id="1816">
<LocList>
<Loc EndOffset="11999" SrcFileId="8" StartOffset="11989"/>
</LocList>
</BasicStmnt>
<LoopStmnt CovItemId="S146" CovItemPrefix="com.OriginalFiles.Analyze.java" Intrnl_Id="1817" MltplExecId="L8-2" MltplExecPrefix="com.OriginalFiles.Analyze.java" NvrExecId="L8-0" NvrExecPrefix="com.OriginalFiles.Analyze.java" OnceExecutedId="L8-1" OnceExecutedPrefix="com.OriginalFiles.Analyze.java" OptBodyExec="true">
<StmntSeq Intrnl_Id="1818">
<LocList>
<Loc EndOffset="12176" SrcFileId="8" StartOffset="12066"/>
<Loc EndOffset="12642" SrcFileId="8" StartOffset="12202"/>
<Loc EndOffset="12672" SrcFileId="8" StartOffset="12668"/>
</LocList>
<CondStmnt CovItemId="S147" CovItemPrefix="com.OriginalFiles.Analyze.java" Intrnl_Id="1819">
<Branch CovItemId="B85" CovItemPrefix="com.OriginalFiles.Analyze.java" Implct="false" Intrnl_Id="1820">
<Cond/>
<LocList>
<Loc EndOffset="12176" SrcFileId="8" StartOffset="12077"/>
</LocList>
<StmntSeq Intrnl_Id="1821">
<LocList>
<Loc EndOffset="12149" SrcFileId="8" StartOffset="12108"/>
</LocList>
<BasicStmnt CovItemId="S148" CovItemPrefix="com.OriginalFiles.Analyze.java" Intrnl_Id="1822">
<LocList>
<Loc EndOffset="12149" SrcFileId="8" StartOffset="12108"/>
</LocList>
</BasicStmnt>
</StmntSeq>
</Branch>
<Branch CovItemId="B86" CovItemPrefix="com.OriginalFiles.Analyze.java" Implct="true" Intrnl_Id="1823">
<Cond/>
<LocList/>
<StmntSeq Intrnl_Id="1824">
<LocList/>
</StmntSeq>
</Branch>
<Keyword EndOffset="12068" SrcFileId="8" StartOffset="12066"/>
<LocList>
<Loc EndOffset="12176" SrcFileId="8" StartOffset="12066"/>
</LocList>
<RootTerm CovItemId="C48" CovItemPrefix="com.OriginalFiles.Analyze.java" Intrnl_Id="1825">
<BasicBoolTerm Intrnl_Id="1826">
<LocList>
<Loc EndOffset="12075" SrcFileId="8" StartOffset="12070"/>
</LocList>
</BasicBoolTerm>
</RootTerm>
</CondStmnt>
<CondStmnt CovItemId="S149" CovItemPrefix="com.OriginalFiles.Analyze.java" Intrnl_Id="1827">
<Branch CovItemId="B87" CovItemPrefix="com.OriginalFiles.Analyze.java" Implct="false" Intrnl_Id="1828">
<Cond/>
<LocList>
<Loc EndOffset="12642" SrcFileId="8" StartOffset="12245"/>
</LocList>
<StmntSeq Intrnl_Id="1829">
<LocList>
<Loc EndOffset="12372" SrcFileId="8" StartOffset="12331"/>
<Loc EndOffset="12569" SrcFileId="8" StartOffset="12457"/>
<Loc EndOffset="12615" SrcFileId="8" StartOffset="12599"/>
</LocList>
<BasicStmnt CovItemId="S150" CovItemPrefix="com.OriginalFiles.Analyze.java" Intrnl_Id="1830">
<LocList>
<Loc EndOffset="12372" SrcFileId="8" StartOffset="12331"/>
</LocList>
</BasicStmnt>
<BasicStmnt CovItemId="S151" CovItemPrefix="com.OriginalFiles.Analyze.java" Intrnl_Id="1831">
<LocList>
<Loc EndOffset="12569" SrcFileId="8" StartOffset="12457"/>
</LocList>
</BasicStmnt>
<BasicStmnt CovItemId="S152" CovItemPrefix="com.OriginalFiles.Analyze.java" Intrnl_Id="1832">
<LocList>
<Loc EndOffset="12615" SrcFileId="8" StartOffset="12599"/>
</LocList>
</BasicStmnt>
</StmntSeq>
</Branch>
<Branch CovItemId="B88" CovItemPrefix="com.OriginalFiles.Analyze.java" Implct="true" Intrnl_Id="1833">
<Cond/>
<LocList/>
<StmntSeq Intrnl_Id="1834">
<LocList/>
</StmntSeq>
</Branch>
<Keyword EndOffset="12204" SrcFileId="8" StartOffset="12202"/>
<LocList>
<Loc EndOffset="12642" SrcFileId="8" StartOffset="12202"/>
</LocList>
<RootTerm CovItemId="C49" CovItemPrefix="com.OriginalFiles.Analyze.java" Intrnl_Id="1835">
<OpTerm BooleanOpId="9" Intrnl_Id="1836">
<BasicBoolTerm Intrnl_Id="1837">
<LocList>
<Loc EndOffset="12243" SrcFileId="8" StartOffset="12207"/>
</LocList>
</BasicBoolTerm>
<LocList>
<Loc EndOffset="12207" SrcFileId="8" StartOffset="12206"/>
</LocList>
</OpTerm>
</RootTerm>
</CondStmnt>
<BasicStmnt CovItemId="S153" CovItemPrefix="com.OriginalFiles.Analyze.java" Intrnl_Id="1838">
<LocList>
<Loc EndOffset="12672" SrcFileId="8" StartOffset="12668"/>
</LocList>
</BasicStmnt>
</StmntSeq>
<Keyword EndOffset="12026" SrcFileId="8" StartOffset="12021"/>
<LocList>
<Loc EndOffset="12695" SrcFileId="8" StartOffset="12021"/>
</LocList>
<RootTerm CovItemId="C47" CovItemPrefix="com.OriginalFiles.Analyze.java" Intrnl_Id="1839">
<OpTerm BooleanOpId="9" Intrnl_Id="1840">
<BasicBoolTerm Intrnl_Id="1841">
<LocList>
<Loc EndOffset="12037" SrcFileId="8" StartOffset="12029"/>
</LocList>
</BasicBoolTerm>
<LocList>
<Loc EndOffset="12029" SrcFileId="8" StartOffset="12028"/>
</LocList>
</OpTerm>
</RootTerm>
</LoopStmnt>
</StmntSeq>
</Branch>
<Keyword EndOffset="11700" SrcFileId="8" StartOffset="11698"/>
<LocList>
<Loc EndOffset="12714" SrcFileId="8" StartOffset="11698"/>
</LocList>
<RootTerm CovItemId="C46" CovItemPrefix="com.OriginalFiles.Analyze.java" Intrnl_Id="1842">
<BasicBoolTerm Intrnl_Id="1843">
<LocList>
<Loc EndOffset="11713" SrcFileId="8" StartOffset="11702"/>
</LocList>
</BasicBoolTerm>
</RootTerm>
</CondStmnt>
</StmntSeq>
</Branch>
<Keyword EndOffset="11376" SrcFileId="8" StartOffset="11374"/>
<LocList>
<Loc EndOffset="12729" SrcFileId="8" StartOffset="11374"/>
</LocList>
<RootTerm CovItemId="C44" CovItemPrefix="com.OriginalFiles.Analyze.java" Intrnl_Id="1844">
<BasicBoolTerm Intrnl_Id="1845">
<LocList>
<Loc EndOffset="11421" SrcFileId="8" StartOffset="11378"/>
</LocList>
</BasicBoolTerm>
</RootTerm>
</CondStmnt>
</StmntSeq>
</Branch>
<Branch CovItemId="B78" CovItemPrefix="com.OriginalFiles.Analyze.java" Implct="true" Intrnl_Id="1846">
<Cond/>
<LocList/>
<StmntSeq Intrnl_Id="1847">
<LocList/>
</StmntSeq>
</Branch>
<Keyword EndOffset="11317" SrcFileId="8" StartOffset="11315"/>
<LocList>
<Loc EndOffset="12740" SrcFileId="8" StartOffset="11315"/>
</LocList>
<RootTerm CovItemId="C43" CovItemPrefix="com.OriginalFiles.Analyze.java" Intrnl_Id="1848">
<BasicBoolTerm Intrnl_Id="1849">
<LocList>
<Loc EndOffset="11357" SrcFileId="8" StartOffset="11319"/>
</LocList>
</BasicBoolTerm>
</RootTerm>
</CondStmnt>
</StmntSeq>
</HierarchyLvl>
<HierarchyLvl HierarchyLvlId="89" HierarchyLvlTypeId="14" Intrnl_Id="1850" Name="checkRobotPieceReplaced">
<Header>
<Loc EndOffset="12914" SrcFileId="8" StartOffset="12852"/>
</Header>
<LocList>
<Loc EndOffset="13439" SrcFileId="8" StartOffset="12852"/>
</LocList>
<StmntSeq Intrnl_Id="1851">
<LocList>
<Loc EndOffset="13432" SrcFileId="8" StartOffset="12926"/>
</LocList>
<CondStmnt CovItemId="S154" CovItemPrefix="com.OriginalFiles.Analyze.java" Intrnl_Id="1852">
<Branch CovItemId="B89" CovItemPrefix="com.OriginalFiles.Analyze.java" Implct="false" Intrnl_Id="1853">
<Cond/>
<LocList>
<Loc EndOffset="13432" SrcFileId="8" StartOffset="12952"/>
</LocList>
<StmntSeq Intrnl_Id="1854">
<LocList>
<Loc EndOffset="12997" SrcFileId="8" StartOffset="12967"/>
<Loc EndOffset="13421" SrcFileId="8" StartOffset="13011"/>
</LocList>
<BasicStmnt CovItemId="S155" CovItemPrefix="com.OriginalFiles.Analyze.java" Intrnl_Id="1855">
<LocList>
<Loc EndOffset="12997" SrcFileId="8" StartOffset="12967"/>
</LocList>
</BasicStmnt>
<LoopStmnt CovItemId="S156" CovItemPrefix="com.OriginalFiles.Analyze.java" Intrnl_Id="1856" MltplExecId="L9-2" MltplExecPrefix="com.OriginalFiles.Analyze.java" NvrExecId="L9-0" NvrExecPrefix="com.OriginalFiles.Analyze.java" OnceExecutedId="L9-1" OnceExecutedPrefix="com.OriginalFiles.Analyze.java" OptBodyExec="true">
<StmntSeq Intrnl_Id="1857">
<LocList>
<Loc EndOffset="13406" SrcFileId="8" StartOffset="13053"/>
</LocList>
<CondStmnt CovItemId="S157" CovItemPrefix="com.OriginalFiles.Analyze.java" Intrnl_Id="1858">
<Branch CovItemId="B91" CovItemPrefix="com.OriginalFiles.Analyze.java" Implct="false" Intrnl_Id="1859">
<Cond/>
<LocList>
<Loc EndOffset="13260" SrcFileId="8" StartOffset="13153"/>
</LocList>
<StmntSeq Intrnl_Id="1860">
<LocList>
<Loc EndOffset="13199" SrcFileId="8" StartOffset="13176"/>
<Loc EndOffset="13241" SrcFileId="8" StartOffset="13221"/>
</LocList>
<BasicStmnt CovItemId="S158" CovItemPrefix="com.OriginalFiles.Analyze.java" Intrnl_Id="1861">
<LocList>
<Loc EndOffset="13199" SrcFileId="8" StartOffset="13176"/>
</LocList>
</BasicStmnt>
<BasicStmnt CovItemId="S159" CovItemPrefix="com.OriginalFiles.Analyze.java" Intrnl_Id="1862">
<LocList>
<Loc EndOffset="13241" SrcFileId="8" StartOffset="13221"/>
</LocList>
</BasicStmnt>
</StmntSeq>
</Branch>
<Branch CovItemId="B92" CovItemPrefix="com.OriginalFiles.Analyze.java" Implct="false" Intrnl_Id="1863">
<Cond>
<Loc EndOffset="13265" SrcFileId="8" StartOffset="13261"/>
</Cond>
<LocList>
<Loc EndOffset="13406" SrcFileId="8" StartOffset="13266"/>
</LocList>
<StmntSeq Intrnl_Id="1864">
<LocList>
<Loc EndOffset="13330" SrcFileId="8" StartOffset="13289"/>
<Loc EndOffset="13387" SrcFileId="8" StartOffset="13352"/>
</LocList>
<BasicStmnt CovItemId="S160" CovItemPrefix="com.OriginalFiles.Analyze.java" Intrnl_Id="1865">
<LocList>
<Loc EndOffset="13330" SrcFileId="8" StartOffset="13289"/>
</LocList>
</BasicStmnt>
<BasicStmnt CovItemId="S161" CovItemPrefix="com.OriginalFiles.Analyze.java" Intrnl_Id="1866">
<LocList>
<Loc EndOffset="13387" SrcFileId="8" StartOffset="13352"/>
</LocList>
</BasicStmnt>
</StmntSeq>
</Branch>
<Keyword EndOffset="13055" SrcFileId="8" StartOffset="13053"/>
<LocList>
<Loc EndOffset="13406" SrcFileId="8" StartOffset="13053"/>
</LocList>
<RootTerm CovItemId="C52" CovItemPrefix="com.OriginalFiles.Analyze.java" Intrnl_Id="1867">
<BasicBoolTerm Intrnl_Id="1868">
<LocList>
<Loc EndOffset="13151" SrcFileId="8" StartOffset="13057"/>
</LocList>
</BasicBoolTerm>
</RootTerm>
</CondStmnt>
</StmntSeq>
<Keyword EndOffset="13016" SrcFileId="8" StartOffset="13011"/>
<LocList>
<Loc EndOffset="13421" SrcFileId="8" StartOffset="13011"/>
</LocList>
<RootTerm CovItemId="C51" CovItemPrefix="com.OriginalFiles.Analyze.java" Intrnl_Id="1869">
<BasicBoolTerm Intrnl_Id="1870">
<LocList>
<Loc EndOffset="13032" SrcFileId="8" StartOffset="13018"/>
</LocList>
</BasicBoolTerm>
</RootTerm>
</LoopStmnt>
</StmntSeq>
</Branch>
<Branch CovItemId="B90" CovItemPrefix="com.OriginalFiles.Analyze.java" Implct="true" Intrnl_Id="1871">
<Cond/>
<LocList/>
<StmntSeq Intrnl_Id="1872">
<LocList/>
</StmntSeq>
</Branch>
<Keyword EndOffset="12928" SrcFileId="8" StartOffset="12926"/>
<LocList>
<Loc EndOffset="13432" SrcFileId="8" StartOffset="12926"/>
</LocList>
<RootTerm CovItemId="C50" CovItemPrefix="com.OriginalFiles.Analyze.java" Intrnl_Id="1873">
<BasicBoolTerm Intrnl_Id="1874">
<LocList>
<Loc EndOffset="12950" SrcFileId="8" StartOffset="12930"/>
</LocList>
</BasicBoolTerm>
</RootTerm>
</CondStmnt>
</StmntSeq>
</HierarchyLvl>
<HierarchyLvl HierarchyLvlId="90" HierarchyLvlTypeId="14" Intrnl_Id="1875" Name="findMyColors">
<Header>
<Loc EndOffset="13570" SrcFileId="8" StartOffset="13497"/>
</Header>
<LocList>
<Loc EndOffset="14025" SrcFileId="8" StartOffset="13497"/>
</LocList>
<StmntSeq Intrnl_Id="1876">
<LocList>
<Loc EndOffset="13609" SrcFileId="8" StartOffset="13582"/>
<Loc EndOffset="13665" SrcFileId="8" StartOffset="13619"/>
<Loc EndOffset="14018" SrcFileId="8" StartOffset="13675"/>
</LocList>
<BasicStmnt CovItemId="S162" CovItemPrefix="com.OriginalFiles.Analyze.java" Intrnl_Id="1877">
<LocList>
<Loc EndOffset="13609" SrcFileId="8" StartOffset="13582"/>
</LocList>
</BasicStmnt>
<BasicStmnt CovItemId="S163" CovItemPrefix="com.OriginalFiles.Analyze.java" Intrnl_Id="1878">
<LocList>
<Loc EndOffset="13665" SrcFileId="8" StartOffset="13619"/>
</LocList>
</BasicStmnt>
<CondStmnt CovItemId="S164" CovItemPrefix="com.OriginalFiles.Analyze.java" Intrnl_Id="1879">
<Branch CovItemId="B93" CovItemPrefix="com.OriginalFiles.Analyze.java" Implct="false" Intrnl_Id="1880">
<Cond/>
<LocList>
<Loc EndOffset="13774" SrcFileId="8" StartOffset="13716"/>
</LocList>
<StmntSeq Intrnl_Id="1881">
<LocList>
<Loc EndOffset="13763" SrcFileId="8" StartOffset="13731"/>
</LocList>
<BasicStmnt CovItemId="S165" CovItemPrefix="com.OriginalFiles.Analyze.java" Intrnl_Id="1882">
<LocList>
<Loc EndOffset="13763" SrcFileId="8" StartOffset="13731"/>
</LocList>
</BasicStmnt>
</StmntSeq>
</Branch>
<Branch CovItemId="B94" CovItemPrefix="com.OriginalFiles.Analyze.java" Implct="false" Intrnl_Id="1883">
<Cond>
<Loc EndOffset="13779" SrcFileId="8" StartOffset="13775"/>
</Cond>
<LocList>
<Loc EndOffset="14018" SrcFileId="8" StartOffset="13780"/>
</LocList>
<StmntSeq Intrnl_Id="1884">
<LocList>
<Loc EndOffset="14018" SrcFileId="8" StartOffset="13780"/>
</LocList>
<CondStmnt CovItemId="S166" CovItemPrefix="com.OriginalFiles.Analyze.java" Intrnl_Id="1885">
<Branch CovItemId="B95" CovItemPrefix="com.OriginalFiles.Analyze.java" Implct="false" Intrnl_Id="1886">
<Cond/>
<LocList>
<Loc EndOffset="13879" SrcFileId="8" StartOffset="13821"/>
</LocList>
<StmntSeq Intrnl_Id="1887">
<LocList>
<Loc EndOffset="13868" SrcFileId="8" StartOffset="13836"/>
</LocList>
<BasicStmnt CovItemId="S167" CovItemPrefix="com.OriginalFiles.Analyze.java" Intrnl_Id="1888">
<LocList>
<Loc EndOffset="13868" SrcFileId="8" StartOffset="13836"/>
</LocList>
</BasicStmnt>
</StmntSeq>
</Branch>
<Branch CovItemId="B96" CovItemPrefix="com.OriginalFiles.Analyze.java" Implct="false" Intrnl_Id="1889">
<Cond>
<Loc EndOffset="13884" SrcFileId="8" StartOffset="13880"/>
</Cond>
<LocList>
<Loc EndOffset="14018" SrcFileId="8" StartOffset="13885"/>
</LocList>
<StmntSeq Intrnl_Id="1890">
<LocList>
<Loc EndOffset="13930" SrcFileId="8" StartOffset="13900"/>
<Loc EndOffset="13978" SrcFileId="8" StartOffset="13944"/>
<Loc EndOffset="14007" SrcFileId="8" StartOffset="13992"/>
</LocList>
<BasicStmnt CovItemId="S168" CovItemPrefix="com.OriginalFiles.Analyze.java" Intrnl_Id="1891">
<LocList>
<Loc EndOffset="13930" SrcFileId="8" StartOffset="13900"/>
</LocList>
</BasicStmnt>
<BasicStmnt CovItemId="S169" CovItemPrefix="com.OriginalFiles.Analyze.java" Intrnl_Id="1892">
<LocList>
<Loc EndOffset="13978" SrcFileId="8" StartOffset="13944"/>
</LocList>
</BasicStmnt>
<BasicStmnt CovItemId="S170" CovItemPrefix="com.OriginalFiles.Analyze.java" Intrnl_Id="1893">
<LocList>
<Loc EndOffset="14007" SrcFileId="8" StartOffset="13992"/>
</LocList>
</BasicStmnt>
</StmntSeq>
</Branch>
<Keyword EndOffset="13782" SrcFileId="8" StartOffset="13780"/>
<LocList>
<Loc EndOffset="14018" SrcFileId="8" StartOffset="13780"/>
</LocList>
<RootTerm CovItemId="C54" CovItemPrefix="com.OriginalFiles.Analyze.java" Intrnl_Id="1894">
<BasicBoolTerm Intrnl_Id="1895">
<LocList>
<Loc EndOffset="13819" SrcFileId="8" StartOffset="13784"/>
</LocList>
</BasicBoolTerm>
</RootTerm>
</CondStmnt>
</StmntSeq>
</Branch>
<Keyword EndOffset="13677" SrcFileId="8" StartOffset="13675"/>
<LocList>
<Loc EndOffset="14018" SrcFileId="8" StartOffset="13675"/>
</LocList>
<RootTerm CovItemId="C53" CovItemPrefix="com.OriginalFiles.Analyze.java" Intrnl_Id="1896">
<BasicBoolTerm Intrnl_Id="1897">
<LocList>
<Loc EndOffset="13714" SrcFileId="8" StartOffset="13679"/>
</LocList>
</BasicBoolTerm>
</RootTerm>
</CondStmnt>
</StmntSeq>
</HierarchyLvl>
<HierarchyLvl HierarchyLvlId="91" HierarchyLvlTypeId="14" Intrnl_Id="1898" Name="getColor">
<Header>
<Loc EndOffset="14139" SrcFileId="8" StartOffset="14080"/>
</Header>
<LocList>
<Loc EndOffset="14995" SrcFileId="8" StartOffset="14080"/>
</LocList>
<StmntSeq Intrnl_Id="1899">
<LocList>
<Loc EndOffset="14227" SrcFileId="8" StartOffset="14151"/>
<Loc EndOffset="14270" SrcFileId="8" StartOffset="14239"/>
<Loc EndOffset="14315" SrcFileId="8" StartOffset="14280"/>
<Loc EndOffset="14358" SrcFileId="8" StartOffset="14325"/>
<Loc EndOffset="14988" SrcFileId="8" StartOffset="14368"/>
</LocList>
<BasicStmnt CovItemId="S171" CovItemPrefix="com.OriginalFiles.Analyze.java" Intrnl_Id="1900">
<LocList>
<Loc EndOffset="14227" SrcFileId="8" StartOffset="14151"/>
</LocList>
</BasicStmnt>
<BasicStmnt CovItemId="S172" CovItemPrefix="com.OriginalFiles.Analyze.java" Intrnl_Id="1901">
<LocList>
<Loc EndOffset="14270" SrcFileId="8" StartOffset="14239"/>
</LocList>
</BasicStmnt>
<BasicStmnt CovItemId="S173" CovItemPrefix="com.OriginalFiles.Analyze.java" Intrnl_Id="1902">
<LocList>
<Loc EndOffset="14315" SrcFileId="8" StartOffset="14280"/>
</LocList>
</BasicStmnt>
<BasicStmnt CovItemId="S174" CovItemPrefix="com.OriginalFiles.Analyze.java" Intrnl_Id="1903">
<LocList>
<Loc EndOffset="14358" SrcFileId="8" StartOffset="14325"/>
</LocList>
</BasicStmnt>
<CondStmnt CovItemId="S175" CovItemPrefix="com.OriginalFiles.Analyze.java" Intrnl_Id="1904">
<Branch CovItemId="B97" CovItemPrefix="com.OriginalFiles.Analyze.java" Implct="false" Intrnl_Id="1905">
<Cond/>
<LocList>
<Loc EndOffset="14507" SrcFileId="8" StartOffset="14469"/>
</LocList>
<StmntSeq Intrnl_Id="1906">
<LocList>
<Loc EndOffset="14495" SrcFileId="8" StartOffset="14484"/>
</LocList>
<BasicStmnt CovItemId="S176" CovItemPrefix="com.OriginalFiles.Analyze.java" Intrnl_Id="1907">
<LocList>
<Loc EndOffset="14495" SrcFileId="8" StartOffset="14484"/>
</LocList>
</BasicStmnt>
</StmntSeq>
</Branch>
<Branch CovItemId="B98" CovItemPrefix="com.OriginalFiles.Analyze.java" Implct="false" Intrnl_Id="1908">
<Cond>
<Loc EndOffset="14512" SrcFileId="8" StartOffset="14508"/>
</Cond>
<LocList>
<Loc EndOffset="14988" SrcFileId="8" StartOffset="14513"/>
</LocList>
<StmntSeq Intrnl_Id="1909">
<LocList>
<Loc EndOffset="14988" SrcFileId="8" StartOffset="14513"/>
</LocList>
<CondStmnt CovItemId="S177" CovItemPrefix="com.OriginalFiles.Analyze.java" Intrnl_Id="1910">
<Branch CovItemId="B99" CovItemPrefix="com.OriginalFiles.Analyze.java" Implct="false" Intrnl_Id="1911">
<Cond/>
<LocList>
<Loc EndOffset="14653" SrcFileId="8" StartOffset="14616"/>
</LocList>
<StmntSeq Intrnl_Id="1912">
<LocList>
<Loc EndOffset="14642" SrcFileId="8" StartOffset="14631"/>
</LocList>
<BasicStmnt CovItemId="S178" CovItemPrefix="com.OriginalFiles.Analyze.java" Intrnl_Id="1913">
<LocList>
<Loc EndOffset="14642" SrcFileId="8" StartOffset="14631"/>
</LocList>
</BasicStmnt>
</StmntSeq>
</Branch>
<Branch CovItemId="B100" CovItemPrefix="com.OriginalFiles.Analyze.java" Implct="false" Intrnl_Id="1914">
<Cond>
<Loc EndOffset="14658" SrcFileId="8" StartOffset="14654"/>
</Cond>
<LocList>
<Loc EndOffset="14988" SrcFileId="8" StartOffset="14659"/>
</LocList>
<StmntSeq Intrnl_Id="1915">
<LocList>
<Loc EndOffset="14988" SrcFileId="8" StartOffset="14659"/>
</LocList>
<CondStmnt CovItemId="S179" CovItemPrefix="com.OriginalFiles.Analyze.java" Intrnl_Id="1916">
<Branch CovItemId="B101" CovItemPrefix="com.OriginalFiles.Analyze.java" Implct="false" Intrnl_Id="1917">
<Cond/>
<LocList>
<Loc EndOffset="14799" SrcFileId="8" StartOffset="14762"/>
</LocList>
<StmntSeq Intrnl_Id="1918">
<LocList>
<Loc EndOffset="14788" SrcFileId="8" StartOffset="14777"/>
</LocList>
<BasicStmnt CovItemId="S180" CovItemPrefix="com.OriginalFiles.Analyze.java" Intrnl_Id="1919">
<LocList>
<Loc EndOffset="14788" SrcFileId="8" StartOffset="14777"/>
</LocList>
</BasicStmnt>
</StmntSeq>
</Branch>
<Branch CovItemId="B102" CovItemPrefix="com.OriginalFiles.Analyze.java" Implct="false" Intrnl_Id="1920">
<Cond>
<Loc EndOffset="14804" SrcFileId="8" StartOffset="14800"/>
</Cond>
<LocList>
<Loc EndOffset="14988" SrcFileId="8" StartOffset="14805"/>
</LocList>
<StmntSeq Intrnl_Id="1921">
<LocList>
<Loc EndOffset="14988" SrcFileId="8" StartOffset="14805"/>
</LocList>
<CondStmnt CovItemId="S181" CovItemPrefix="com.OriginalFiles.Analyze.java" Intrnl_Id="1922">
<Branch CovItemId="B103" CovItemPrefix="com.OriginalFiles.Analyze.java" Implct="false" Intrnl_Id="1923">
<Cond/>
<LocList>
<Loc EndOffset="14945" SrcFileId="8" StartOffset="14908"/>
</LocList>
<StmntSeq Intrnl_Id="1924">
<LocList>
<Loc EndOffset="14934" SrcFileId="8" StartOffset="14923"/>
</LocList>
<BasicStmnt CovItemId="S182" CovItemPrefix="com.OriginalFiles.Analyze.java" Intrnl_Id="1925">
<LocList>
<Loc EndOffset="14934" SrcFileId="8" StartOffset="14923"/>
</LocList>
</BasicStmnt>
</StmntSeq>
</Branch>
<Branch CovItemId="B104" CovItemPrefix="com.OriginalFiles.Analyze.java" Implct="false" Intrnl_Id="1926">
<Cond>
<Loc EndOffset="14950" SrcFileId="8" StartOffset="14946"/>
</Cond>
<LocList>
<Loc EndOffset="14988" SrcFileId="8" StartOffset="14951"/>
</LocList>
<StmntSeq Intrnl_Id="1927">
<LocList>
<Loc EndOffset="14977" SrcFileId="8" StartOffset="14966"/>
</LocList>
<BasicStmnt CovItemId="S183" CovItemPrefix="com.OriginalFiles.Analyze.java" Intrnl_Id="1928">
<LocList>
<Loc EndOffset="14977" SrcFileId="8" StartOffset="14966"/>
</LocList>
</BasicStmnt>
</StmntSeq>
</Branch>
<Keyword EndOffset="14807" SrcFileId="8" StartOffset="14805"/>
<LocList>
<Loc EndOffset="14988" SrcFileId="8" StartOffset="14805"/>
</LocList>
<RootTerm CovItemId="C58" CovItemPrefix="com.OriginalFiles.Analyze.java" Intrnl_Id="1929">
<OpTerm BooleanOpId="10" Intrnl_Id="1930">
<OpTerm BooleanOpId="10" Intrnl_Id="1931">
<OpTerm BooleanOpId="10" Intrnl_Id="1932">
<OpTerm BooleanOpId="10" Intrnl_Id="1933">
<OpTerm BooleanOpId="10" Intrnl_Id="1934">
<BasicBoolTerm Intrnl_Id="1935">
<LocList>
<Loc EndOffset="14818" SrcFileId="8" StartOffset="14809"/>
</LocList>
</BasicBoolTerm>
<BasicBoolTerm Intrnl_Id="1936">
<LocList>
<Loc EndOffset="14831" SrcFileId="8" StartOffset="14822"/>
</LocList>
</BasicBoolTerm>
<LocList>
<Loc EndOffset="14821" SrcFileId="8" StartOffset="14819"/>
</LocList>
</OpTerm>
<BasicBoolTerm Intrnl_Id="1937">
<LocList>
<Loc EndOffset="14846" SrcFileId="8" StartOffset="14835"/>
</LocList>
</BasicBoolTerm>
<LocList>
<Loc EndOffset="14834" SrcFileId="8" StartOffset="14832"/>
</LocList>
</OpTerm>
<BasicBoolTerm Intrnl_Id="1938">
<LocList>
<Loc EndOffset="14861" SrcFileId="8" StartOffset="14850"/>
</LocList>
</BasicBoolTerm>
<LocList>
<Loc EndOffset="14849" SrcFileId="8" StartOffset="14847"/>
</LocList>
</OpTerm>
<BasicBoolTerm Intrnl_Id="1939">
<LocList>
<Loc EndOffset="14892" SrcFileId="8" StartOffset="14882"/>
</LocList>
</BasicBoolTerm>
<LocList>
<Loc EndOffset="14881" SrcFileId="8" StartOffset="14879"/>
</LocList>
</OpTerm>
<BasicBoolTerm Intrnl_Id="1940">
<LocList>
<Loc EndOffset="14906" SrcFileId="8" StartOffset="14896"/>
</LocList>
</BasicBoolTerm>
<LocList>
<Loc EndOffset="14895" SrcFileId="8" StartOffset="14893"/>
</LocList>
</OpTerm>
</RootTerm>
</CondStmnt>
</StmntSeq>
</Branch>
<Keyword EndOffset="14661" SrcFileId="8" StartOffset="14659"/>
<LocList>
<Loc EndOffset="14988" SrcFileId="8" StartOffset="14659"/>
</LocList>
<RootTerm CovItemId="C57" CovItemPrefix="com.OriginalFiles.Analyze.java" Intrnl_Id="1941">
<OpTerm BooleanOpId="10" Intrnl_Id="1942">
<OpTerm BooleanOpId="10" Intrnl_Id="1943">
<OpTerm BooleanOpId="10" Intrnl_Id="1944">
<OpTerm BooleanOpId="10" Intrnl_Id="1945">
<OpTerm BooleanOpId="10" Intrnl_Id="1946">
<BasicBoolTerm Intrnl_Id="1947">
<LocList>
<Loc EndOffset="14672" SrcFileId="8" StartOffset="14663"/>
</LocList>
</BasicBoolTerm>
<BasicBoolTerm Intrnl_Id="1948">
<LocList>
<Loc EndOffset="14685" SrcFileId="8" StartOffset="14676"/>
</LocList>
</BasicBoolTerm>
<LocList>
<Loc EndOffset="14675" SrcFileId="8" StartOffset="14673"/>
</LocList>
</OpTerm>
<BasicBoolTerm Intrnl_Id="1949">
<LocList>
<Loc EndOffset="14700" SrcFileId="8" StartOffset="14689"/>
</LocList>
</BasicBoolTerm>
<LocList>
<Loc EndOffset="14688" SrcFileId="8" StartOffset="14686"/>
</LocList>
</OpTerm>
<BasicBoolTerm Intrnl_Id="1950">
<LocList>
<Loc EndOffset="14715" SrcFileId="8" StartOffset="14704"/>
</LocList>
</BasicBoolTerm>
<LocList>
<Loc EndOffset="14703" SrcFileId="8" StartOffset="14701"/>
</LocList>
</OpTerm>
<BasicBoolTerm Intrnl_Id="1951">
<LocList>
<Loc EndOffset="14746" SrcFileId="8" StartOffset="14736"/>
</LocList>
</BasicBoolTerm>
<LocList>
<Loc EndOffset="14735" SrcFileId="8" StartOffset="14733"/>
</LocList>
</OpTerm>
<BasicBoolTerm Intrnl_Id="1952">
<LocList>
<Loc EndOffset="14760" SrcFileId="8" StartOffset="14750"/>
</LocList>
</BasicBoolTerm>
<LocList>
<Loc EndOffset="14749" SrcFileId="8" StartOffset="14747"/>
</LocList>
</OpTerm>
</RootTerm>
</CondStmnt>
</StmntSeq>
</Branch>
<Keyword EndOffset="14515" SrcFileId="8" StartOffset="14513"/>
<LocList>
<Loc EndOffset="14988" SrcFileId="8" StartOffset="14513"/>
</LocList>
<RootTerm CovItemId="C56" CovItemPrefix="com.OriginalFiles.Analyze.java" Intrnl_Id="1953">
<OpTerm BooleanOpId="10" Intrnl_Id="1954">
<OpTerm BooleanOpId="10" Intrnl_Id="1955">
<OpTerm BooleanOpId="10" Intrnl_Id="1956">
<OpTerm BooleanOpId="10" Intrnl_Id="1957">
<OpTerm BooleanOpId="10" Intrnl_Id="1958">
<BasicBoolTerm Intrnl_Id="1959">
<LocList>
<Loc EndOffset="14526" SrcFileId="8" StartOffset="14517"/>
</LocList>
</BasicBoolTerm>
<BasicBoolTerm Intrnl_Id="1960">
<LocList>
<Loc EndOffset="14539" SrcFileId="8" StartOffset="14530"/>
</LocList>
</BasicBoolTerm>
<LocList>
<Loc EndOffset="14529" SrcFileId="8" StartOffset="14527"/>
</LocList>
</OpTerm>
<BasicBoolTerm Intrnl_Id="1961">
<LocList>
<Loc EndOffset="14554" SrcFileId="8" StartOffset="14543"/>
</LocList>
</BasicBoolTerm>
<LocList>
<Loc EndOffset="14542" SrcFileId="8" StartOffset="14540"/>
</LocList>
</OpTerm>
<BasicBoolTerm Intrnl_Id="1962">
<LocList>
<Loc EndOffset="14569" SrcFileId="8" StartOffset="14558"/>
</LocList>
</BasicBoolTerm>
<LocList>
<Loc EndOffset="14557" SrcFileId="8" StartOffset="14555"/>
</LocList>
</OpTerm>
<BasicBoolTerm Intrnl_Id="1963">
<LocList>
<Loc EndOffset="14600" SrcFileId="8" StartOffset="14590"/>
</LocList>
</BasicBoolTerm>
<LocList>
<Loc EndOffset="14589" SrcFileId="8" StartOffset="14587"/>
</LocList>
</OpTerm>
<BasicBoolTerm Intrnl_Id="1964">
<LocList>
<Loc EndOffset="14614" SrcFileId="8" StartOffset="14604"/>
</LocList>
</BasicBoolTerm>
<LocList>
<Loc EndOffset="14603" SrcFileId="8" StartOffset="14601"/>
</LocList>
</OpTerm>
</RootTerm>
</CondStmnt>
</StmntSeq>
</Branch>
<Keyword EndOffset="14370" SrcFileId="8" StartOffset="14368"/>
<LocList>
<Loc EndOffset="14988" SrcFileId="8" StartOffset="14368"/>
</LocList>
<RootTerm CovItemId="C55" CovItemPrefix="com.OriginalFiles.Analyze.java" Intrnl_Id="1965">
<OpTerm BooleanOpId="10" Intrnl_Id="1966">
<OpTerm BooleanOpId="10" Intrnl_Id="1967">
<OpTerm BooleanOpId="10" Intrnl_Id="1968">
<OpTerm BooleanOpId="10" Intrnl_Id="1969">
<OpTerm BooleanOpId="10" Intrnl_Id="1970">
<BasicBoolTerm Intrnl_Id="1971">
<LocList>
<Loc EndOffset="14381" SrcFileId="8" StartOffset="14372"/>
</LocList>
</BasicBoolTerm>
<BasicBoolTerm Intrnl_Id="1972">
<LocList>
<Loc EndOffset="14394" SrcFileId="8" StartOffset="14385"/>
</LocList>
</BasicBoolTerm>
<LocList>
<Loc EndOffset="14384" SrcFileId="8" StartOffset="14382"/>
</LocList>
</OpTerm>
<BasicBoolTerm Intrnl_Id="1973">
<LocList>
<Loc EndOffset="14409" SrcFileId="8" StartOffset="14398"/>
</LocList>
</BasicBoolTerm>
<LocList>
<Loc EndOffset="14397" SrcFileId="8" StartOffset="14395"/>
</LocList>
</OpTerm>
<BasicBoolTerm Intrnl_Id="1974">
<LocList>
<Loc EndOffset="14423" SrcFileId="8" StartOffset="14413"/>
</LocList>
</BasicBoolTerm>
<LocList>
<Loc EndOffset="14412" SrcFileId="8" StartOffset="14410"/>
</LocList>
</OpTerm>
<BasicBoolTerm Intrnl_Id="1975">
<LocList>
<Loc EndOffset="14454" SrcFileId="8" StartOffset="14444"/>
</LocList>
</BasicBoolTerm>
<LocList>
<Loc EndOffset="14443" SrcFileId="8" StartOffset="14441"/>
</LocList>
</OpTerm>
<BasicBoolTerm Intrnl_Id="1976">
<LocList>
<Loc EndOffset="14467" SrcFileId="8" StartOffset="14458"/>
</LocList>
</BasicBoolTerm>
<LocList>
<Loc EndOffset="14457" SrcFileId="8" StartOffset="14455"/>
</LocList>
</OpTerm>
</RootTerm>
</CondStmnt>
</StmntSeq>
</HierarchyLvl>
<HierarchyLvl HierarchyLvlId="92" HierarchyLvlTypeId="14" Intrnl_Id="1977" Name="checkForGameHasEnded">
<Header>
<Loc EndOffset="15066" SrcFileId="8" StartOffset="15003"/>
</Header>
<LocList>
<Loc EndOffset="15491" SrcFileId="8" StartOffset="15003"/>
</LocList>
<StmntSeq Intrnl_Id="1978">
<LocList>
<Loc EndOffset="15484" SrcFileId="8" StartOffset="15078"/>
</LocList>
<CondStmnt CovItemId="S184" CovItemPrefix="com.OriginalFiles.Analyze.java" Intrnl_Id="1979">
<Branch CovItemId="B105" CovItemPrefix="com.OriginalFiles.Analyze.java" Implct="false" Intrnl_Id="1980">
<Cond>
<Loc EndOffset="15131" SrcFileId="8" StartOffset="15125"/>
</Cond>
<LocList>
<Loc EndOffset="15159" SrcFileId="8" StartOffset="15146"/>
</LocList>
<StmntSeq Intrnl_Id="1981">
<LocList>
<Loc EndOffset="15159" SrcFileId="8" StartOffset="15146"/>
</LocList>
<BasicStmnt CovItemId="S185" CovItemPrefix="com.OriginalFiles.Analyze.java" Intrnl_Id="1982">
<LocList>
<Loc EndOffset="15159" SrcFileId="8" StartOffset="15146"/>
</LocList>
</BasicStmnt>
</StmntSeq>
</Branch>
<Branch CovItemId="B106" CovItemPrefix="com.OriginalFiles.Analyze.java" Implct="false" Intrnl_Id="1983">
<Cond>
<Loc EndOffset="15175" SrcFileId="8" StartOffset="15169"/>
</Cond>
<LocList>
<Loc EndOffset="15250" SrcFileId="8" StartOffset="15190"/>
</LocList>
<StmntSeq Intrnl_Id="1984">
<LocList>
<Loc EndOffset="15224" SrcFileId="8" StartOffset="15190"/>
<Loc EndOffset="15250" SrcFileId="8" StartOffset="15238"/>
</LocList>
<BasicStmnt CovItemId="S186" CovItemPrefix="com.OriginalFiles.Analyze.java" Intrnl_Id="1985">
<LocList>
<Loc EndOffset="15224" SrcFileId="8" StartOffset="15190"/>
</LocList>
</BasicStmnt>
<BasicStmnt CovItemId="S187" CovItemPrefix="com.OriginalFiles.Analyze.java" Intrnl_Id="1986">
<LocList>
<Loc EndOffset="15250" SrcFileId="8" StartOffset="15238"/>
</LocList>
</BasicStmnt>
</StmntSeq>
</Branch>
<Branch CovItemId="B107" CovItemPrefix="com.OriginalFiles.Analyze.java" Implct="false" Intrnl_Id="1987">
<Cond>
<Loc EndOffset="15266" SrcFileId="8" StartOffset="15260"/>
</Cond>
<LocList>
<Loc EndOffset="15341" SrcFileId="8" StartOffset="15281"/>
</LocList>
<StmntSeq Intrnl_Id="1988">
<LocList>
<Loc EndOffset="15315" SrcFileId="8" StartOffset="15281"/>
<Loc EndOffset="15341" SrcFileId="8" StartOffset="15329"/>
</LocList>
<BasicStmnt CovItemId="S188" CovItemPrefix="com.OriginalFiles.Analyze.java" Intrnl_Id="1989">
<LocList>
<Loc EndOffset="15315" SrcFileId="8" StartOffset="15281"/>
</LocList>
</BasicStmnt>
<BasicStmnt CovItemId="S189" CovItemPrefix="com.OriginalFiles.Analyze.java" Intrnl_Id="1990">
<LocList>
<Loc EndOffset="15341" SrcFileId="8" StartOffset="15329"/>
</LocList>
</BasicStmnt>
</StmntSeq>
</Branch>
<Branch CovItemId="B108" CovItemPrefix="com.OriginalFiles.Analyze.java" Implct="false" Intrnl_Id="1991">
<Cond>
<Loc EndOffset="15357" SrcFileId="8" StartOffset="15351"/>
</Cond>
<LocList>
<Loc EndOffset="15428" SrcFileId="8" StartOffset="15372"/>
</LocList>
<StmntSeq Intrnl_Id="1992">
<LocList>
<Loc EndOffset="15402" SrcFileId="8" StartOffset="15372"/>
<Loc EndOffset="15428" SrcFileId="8" StartOffset="15416"/>
</LocList>
<BasicStmnt CovItemId="S190" CovItemPrefix="com.OriginalFiles.Analyze.java" Intrnl_Id="1993">
<LocList>
<Loc EndOffset="15402" SrcFileId="8" StartOffset="15372"/>
</LocList>
</BasicStmnt>
<BasicStmnt CovItemId="S191" CovItemPrefix="com.OriginalFiles.Analyze.java" Intrnl_Id="1994">
<LocList>
<Loc EndOffset="15428" SrcFileId="8" StartOffset="15416"/>
</LocList>
</BasicStmnt>
</StmntSeq>
</Branch>
<Branch CovItemId="B109" CovItemPrefix="com.OriginalFiles.Analyze.java" Implct="false" Intrnl_Id="1995">
<Cond>
<Loc EndOffset="15445" SrcFileId="8" StartOffset="15438"/>
</Cond>
<LocList>
<Loc EndOffset="15473" SrcFileId="8" StartOffset="15460"/>
</LocList>
<StmntSeq Intrnl_Id="1996">
<LocList>
<Loc EndOffset="15473" SrcFileId="8" StartOffset="15460"/>
</LocList>
<BasicStmnt CovItemId="S192" CovItemPrefix="com.OriginalFiles.Analyze.java" Intrnl_Id="1997">
<LocList>
<Loc EndOffset="15473" SrcFileId="8" StartOffset="15460"/>
</LocList>
</BasicStmnt>
</StmntSeq>
</Branch>
<Keyword EndOffset="15084" SrcFileId="8" StartOffset="15078"/>
<LocList>
<Loc EndOffset="15484" SrcFileId="8" StartOffset="15078"/>
</LocList>
</CondStmnt>
</StmntSeq>
</HierarchyLvl>
<HierarchyLvl HierarchyLvlId="93" HierarchyLvlTypeId="14" Intrnl_Id="1998" Name="gameHasEnded">
<Header>
<Loc EndOffset="15659" SrcFileId="8" StartOffset="15611"/>
</Header>
<LocList>
<Loc EndOffset="17756" SrcFileId="8" StartOffset="15611"/>
</LocList>
<StmntSeq Intrnl_Id="1999">
<LocList>
<Loc EndOffset="15703" SrcFileId="8" StartOffset="15671"/>
<Loc EndOffset="15767" SrcFileId="8" StartOffset="15715"/>
<Loc EndOffset="15829" SrcFileId="8" StartOffset="15777"/>
<Loc EndOffset="15871" SrcFileId="8" StartOffset="15839"/>
<Loc EndOffset="15913" SrcFileId="8" StartOffset="15881"/>
<Loc EndOffset="16712" SrcFileId="8" StartOffset="15925"/>
<Loc EndOffset="16827" SrcFileId="8" StartOffset="16724"/>
<Loc EndOffset="16939" SrcFileId="8" StartOffset="16837"/>
<Loc EndOffset="17730" SrcFileId="8" StartOffset="16949"/>
<Loc EndOffset="17749" SrcFileId="8" StartOffset="17740"/>
</LocList>
<BasicStmnt CovItemId="S193" CovItemPrefix="com.OriginalFiles.Analyze.java" Intrnl_Id="2000">
<LocList>
<Loc EndOffset="15703" SrcFileId="8" StartOffset="15671"/>
</LocList>
</BasicStmnt>
<BasicStmnt CovItemId="S194" CovItemPrefix="com.OriginalFiles.Analyze.java" Intrnl_Id="2001">
<LocList>
<Loc EndOffset="15767" SrcFileId="8" StartOffset="15715"/>
</LocList>
</BasicStmnt>
<BasicStmnt CovItemId="S195" CovItemPrefix="com.OriginalFiles.Analyze.java" Intrnl_Id="2002">
<LocList>
<Loc EndOffset="15829" SrcFileId="8" StartOffset="15777"/>
</LocList>
</BasicStmnt>
<BasicStmnt CovItemId="S196" CovItemPrefix="com.OriginalFiles.Analyze.java" Intrnl_Id="2003">
<LocList>
<Loc EndOffset="15871" SrcFileId="8" StartOffset="15839"/>
</LocList>
</BasicStmnt>
<BasicStmnt CovItemId="S197" CovItemPrefix="com.OriginalFiles.Analyze.java" Intrnl_Id="2004">
<LocList>
<Loc EndOffset="15913" SrcFileId="8" StartOffset="15881"/>
</LocList>
</BasicStmnt>
<LoopStmnt CovItemId="S198" CovItemPrefix="com.OriginalFiles.Analyze.java" Intrnl_Id="2005" MltplExecId="L10-2" MltplExecPrefix="com.OriginalFiles.Analyze.java" NvrExecId="L10-0" NvrExecPrefix="com.OriginalFiles.Analyze.java" OnceExecutedId="L10-1" OnceExecutedPrefix="com.OriginalFiles.Analyze.java" OptBodyExec="true">
<StmntSeq Intrnl_Id="2006">
<LocList>
<Loc EndOffset="16701" SrcFileId="8" StartOffset="15980"/>
</LocList>
<LoopStmnt CovItemId="S199" CovItemPrefix="com.OriginalFiles.Analyze.java" Intrnl_Id="2007" MltplExecId="L11-2" MltplExecPrefix="com.OriginalFiles.Analyze.java" NvrExecId="L11-0" NvrExecPrefix="com.OriginalFiles.Analyze.java" OnceExecutedId="L11-1" OnceExecutedPrefix="com.OriginalFiles.Analyze.java" OptBodyExec="true">
<StmntSeq Intrnl_Id="2008">
<LocList>
<Loc EndOffset="16686" SrcFileId="8" StartOffset="16021"/>
</LocList>
<CondStmnt CovItemId="S200" CovItemPrefix="com.OriginalFiles.Analyze.java" Intrnl_Id="2009">
<Branch CovItemId="B110" CovItemPrefix="com.OriginalFiles.Analyze.java" Implct="false" Intrnl_Id="2010">
<Cond/>
<LocList>
<Loc EndOffset="16686" SrcFileId="8" StartOffset="16043"/>
</LocList>
<StmntSeq Intrnl_Id="2011">
<LocList>
<Loc EndOffset="16355" SrcFileId="8" StartOffset="16066"/>
<Loc EndOffset="16667" SrcFileId="8" StartOffset="16377"/>
</LocList>
<CondStmnt CovItemId="S201" CovItemPrefix="com.OriginalFiles.Analyze.java" Intrnl_Id="2012">
<Branch CovItemId="B112" CovItemPrefix="com.OriginalFiles.Analyze.java" Implct="false" Intrnl_Id="2013">
<Cond/>
<LocList>
<Loc EndOffset="16355" SrcFileId="8" StartOffset="16114"/>
</LocList>
<StmntSeq Intrnl_Id="2014">
<LocList>
<Loc EndOffset="16185" SrcFileId="8" StartOffset="16141"/>
<Loc EndOffset="16332" SrcFileId="8" StartOffset="16211"/>
</LocList>
<BasicStmnt CovItemId="S202" CovItemPrefix="com.OriginalFiles.Analyze.java" Intrnl_Id="2015">
<LocList>
<Loc EndOffset="16185" SrcFileId="8" StartOffset="16141"/>
</LocList>
</BasicStmnt>
<CondStmnt CovItemId="S203" CovItemPrefix="com.OriginalFiles.Analyze.java" Intrnl_Id="2016">
<Branch CovItemId="B114" CovItemPrefix="com.OriginalFiles.Analyze.java" Implct="false" Intrnl_Id="2017">
<Cond/>
<LocList>
<Loc EndOffset="16332" SrcFileId="8" StartOffset="16251"/>
</LocList>
<StmntSeq Intrnl_Id="2018">
<LocList>
<Loc EndOffset="16305" SrcFileId="8" StartOffset="16282"/>
</LocList>
<BasicStmnt CovItemId="S204" CovItemPrefix="com.OriginalFiles.Analyze.java" Intrnl_Id="2019">
<LocList>
<Loc EndOffset="16305" SrcFileId="8" StartOffset="16282"/>
</LocList>
</BasicStmnt>
</StmntSeq>
</Branch>
<Branch CovItemId="B115" CovItemPrefix="com.OriginalFiles.Analyze.java" Implct="true" Intrnl_Id="2020">
<Cond/>
<LocList/>
<StmntSeq Intrnl_Id="2021">
<LocList/>
</StmntSeq>
</Branch>
<Keyword EndOffset="16213" SrcFileId="8" StartOffset="16211"/>
<LocList>
<Loc EndOffset="16332" SrcFileId="8" StartOffset="16211"/>
</LocList>
<RootTerm CovItemId="C61" CovItemPrefix="com.OriginalFiles.Analyze.java" Intrnl_Id="2022">
<BasicBoolTerm Intrnl_Id="2023">
<LocList>
<Loc EndOffset="16249" SrcFileId="8" StartOffset="16215"/>
</LocList>
</BasicBoolTerm>
</RootTerm>
</CondStmnt>
</StmntSeq>
</Branch>
<Branch CovItemId="B113" CovItemPrefix="com.OriginalFiles.Analyze.java" Implct="true" Intrnl_Id="2024">
<Cond/>
<LocList/>
<StmntSeq Intrnl_Id="2025">
<LocList/>
</StmntSeq>
</Branch>
<Keyword EndOffset="16068" SrcFileId="8" StartOffset="16066"/>
<LocList>
<Loc EndOffset="16355" SrcFileId="8" StartOffset="16066"/>
</LocList>
<RootTerm CovItemId="C60" CovItemPrefix="com.OriginalFiles.Analyze.java" Intrnl_Id="2026">
<BasicBoolTerm Intrnl_Id="2027">
<LocList>
<Loc EndOffset="16112" SrcFileId="8" StartOffset="16070"/>
</LocList>
</BasicBoolTerm>
</RootTerm>
</CondStmnt>
<CondStmnt CovItemId="S205" CovItemPrefix="com.OriginalFiles.Analyze.java" Intrnl_Id="2028">
<Branch CovItemId="B116" CovItemPrefix="com.OriginalFiles.Analyze.java" Implct="false" Intrnl_Id="2029">
<Cond/>
<LocList>
<Loc EndOffset="16667" SrcFileId="8" StartOffset="16426"/>
</LocList>
<StmntSeq Intrnl_Id="2030">
<LocList>
<Loc EndOffset="16497" SrcFileId="8" StartOffset="16453"/>
<Loc EndOffset="16644" SrcFileId="8" StartOffset="16523"/>
</LocList>
<BasicStmnt CovItemId="S206" CovItemPrefix="com.OriginalFiles.Analyze.java" Intrnl_Id="2031">
<LocList>
<Loc EndOffset="16497" SrcFileId="8" StartOffset="16453"/>
</LocList>
</BasicStmnt>
<CondStmnt CovItemId="S207" CovItemPrefix="com.OriginalFiles.Analyze.java" Intrnl_Id="2032">
<Branch CovItemId="B118" CovItemPrefix="com.OriginalFiles.Analyze.java" Implct="false" Intrnl_Id="2033">
<Cond/>
<LocList>
<Loc EndOffset="16644" SrcFileId="8" StartOffset="16563"/>
</LocList>
<StmntSeq Intrnl_Id="2034">
<LocList>
<Loc EndOffset="16617" SrcFileId="8" StartOffset="16594"/>
</LocList>
<BasicStmnt CovItemId="S208" CovItemPrefix="com.OriginalFiles.Analyze.java" Intrnl_Id="2035">
<LocList>
<Loc EndOffset="16617" SrcFileId="8" StartOffset="16594"/>
</LocList>
</BasicStmnt>
</StmntSeq>
</Branch>
<Branch CovItemId="B119" CovItemPrefix="com.OriginalFiles.Analyze.java" Implct="true" Intrnl_Id="2036">
<Cond/>
<LocList/>
<StmntSeq Intrnl_Id="2037">
<LocList/>
</StmntSeq>
</Branch>
<Keyword EndOffset="16525" SrcFileId="8" StartOffset="16523"/>
<LocList>
<Loc EndOffset="16644" SrcFileId="8" StartOffset="16523"/>
</LocList>
<RootTerm CovItemId="C63" CovItemPrefix="com.OriginalFiles.Analyze.java" Intrnl_Id="2038">
<BasicBoolTerm Intrnl_Id="2039">
<LocList>
<Loc EndOffset="16561" SrcFileId="8" StartOffset="16527"/>
</LocList>
</BasicBoolTerm>
</RootTerm>
</CondStmnt>
</StmntSeq>
</Branch>
<Branch CovItemId="B117" CovItemPrefix="com.OriginalFiles.Analyze.java" Implct="true" Intrnl_Id="2040">
<Cond/>
<LocList/>
<StmntSeq Intrnl_Id="2041">
<LocList/>
</StmntSeq>
</Branch>
<Keyword EndOffset="16379" SrcFileId="8" StartOffset="16377"/>
<LocList>
<Loc EndOffset="16667" SrcFileId="8" StartOffset="16377"/>
</LocList>
<RootTerm CovItemId="C62" CovItemPrefix="com.OriginalFiles.Analyze.java" Intrnl_Id="2042">
<BasicBoolTerm Intrnl_Id="2043">
<LocList>
<Loc EndOffset="16424" SrcFileId="8" StartOffset="16381"/>
</LocList>
</BasicBoolTerm>
</RootTerm>
</CondStmnt>
</StmntSeq>
</Branch>
<Branch CovItemId="B111" CovItemPrefix="com.OriginalFiles.Analyze.java" Implct="true" Intrnl_Id="2044">
<Cond/>
<LocList/>
<StmntSeq Intrnl_Id="2045">
<LocList/>
</StmntSeq>
</Branch>
<Keyword EndOffset="16023" SrcFileId="8" StartOffset="16021"/>
<LocList>
<Loc EndOffset="16686" SrcFileId="8" StartOffset="16021"/>
</LocList>
<RootTerm CovItemId="C59" CovItemPrefix="com.OriginalFiles.Analyze.java" Intrnl_Id="2046">
<OpTerm BooleanOpId="9" Intrnl_Id="2047">
<BasicBoolTerm Intrnl_Id="2048">
<LocList>
<Loc EndOffset="16041" SrcFileId="8" StartOffset="16026"/>
</LocList>
</BasicBoolTerm>
<LocList>
<Loc EndOffset="16026" SrcFileId="8" StartOffset="16025"/>
</LocList>
</OpTerm>
</RootTerm>
</CondStmnt>
</StmntSeq>
<Keyword EndOffset="15983" SrcFileId="8" StartOffset="15980"/>
<LocList>
<Loc EndOffset="16701" SrcFileId="8" StartOffset="15980"/>
</LocList>
</LoopStmnt>
</StmntSeq>
<Keyword EndOffset="15928" SrcFileId="8" StartOffset="15925"/>
<LocList>
<Loc EndOffset="16712" SrcFileId="8" StartOffset="15925"/>
</LocList>
</LoopStmnt>
<CondStmnt CovItemId="S209" CovItemPrefix="com.OriginalFiles.Analyze.java" Intrnl_Id="2049">
<Branch CovItemId="B120" CovItemPrefix="com.OriginalFiles.Analyze.java" Implct="false" Intrnl_Id="2050">
<Cond/>
<LocList>
<Loc EndOffset="16827" SrcFileId="8" StartOffset="16792"/>
</LocList>
<StmntSeq Intrnl_Id="2051">
<LocList>
<Loc EndOffset="16816" SrcFileId="8" StartOffset="16807"/>
</LocList>
<BasicStmnt CovItemId="S210" CovItemPrefix="com.OriginalFiles.Analyze.java" Intrnl_Id="2052">
<LocList>
<Loc EndOffset="16816" SrcFileId="8" StartOffset="16807"/>
</LocList>
</BasicStmnt>
</StmntSeq>
</Branch>
<Branch CovItemId="B121" CovItemPrefix="com.OriginalFiles.Analyze.java" Implct="true" Intrnl_Id="2053">
<Cond/>
<LocList/>
<StmntSeq Intrnl_Id="2054">
<LocList/>
</StmntSeq>
</Branch>
<Keyword EndOffset="16726" SrcFileId="8" StartOffset="16724"/>
<LocList>
<Loc EndOffset="16827" SrcFileId="8" StartOffset="16724"/>
</LocList>
<RootTerm CovItemId="C64" CovItemPrefix="com.OriginalFiles.Analyze.java" Intrnl_Id="2055">
<OpTerm BooleanOpId="11" Intrnl_Id="2056">
<BasicBoolTerm Intrnl_Id="2057">
<LocList>
<Loc EndOffset="16754" SrcFileId="8" StartOffset="16728"/>
</LocList>
</BasicBoolTerm>
<OpTerm BooleanOpId="10" Intrnl_Id="2058">
<OpTerm BooleanOpId="9" Intrnl_Id="2059">
<BasicBoolTerm Intrnl_Id="2060">
<LocList>
<Loc EndOffset="16769" SrcFileId="8" StartOffset="16760"/>
</LocList>
</BasicBoolTerm>
<LocList>
<Loc EndOffset="16760" SrcFileId="8" StartOffset="16759"/>
</LocList>
</OpTerm>
<OpTerm BooleanOpId="9" Intrnl_Id="2061">
<BasicBoolTerm Intrnl_Id="2062">
<LocList>
<Loc EndOffset="16789" SrcFileId="8" StartOffset="16774"/>
</LocList>
</BasicBoolTerm>
<LocList>
<Loc EndOffset="16774" SrcFileId="8" StartOffset="16773"/>
</LocList>
</OpTerm>
<LocList>
<Loc EndOffset="16772" SrcFileId="8" StartOffset="16770"/>
</LocList>
</OpTerm>
<LocList>
<Loc EndOffset="16757" SrcFileId="8" StartOffset="16755"/>
</LocList>
</OpTerm>
</RootTerm>
</CondStmnt>
<CondStmnt CovItemId="S211" CovItemPrefix="com.OriginalFiles.Analyze.java" Intrnl_Id="2063">
<Branch CovItemId="B122" CovItemPrefix="com.OriginalFiles.Analyze.java" Implct="false" Intrnl_Id="2064">
<Cond/>
<LocList>
<Loc EndOffset="16939" SrcFileId="8" StartOffset="16904"/>
</LocList>
<StmntSeq Intrnl_Id="2065">
<LocList>
<Loc EndOffset="16928" SrcFileId="8" StartOffset="16919"/>
</LocList>
<BasicStmnt CovItemId="S212" CovItemPrefix="com.OriginalFiles.Analyze.java" Intrnl_Id="2066">
<LocList>
<Loc EndOffset="16928" SrcFileId="8" StartOffset="16919"/>
</LocList>
</BasicStmnt>
</StmntSeq>
</Branch>
<Branch CovItemId="B123" CovItemPrefix="com.OriginalFiles.Analyze.java" Implct="true" Intrnl_Id="2067">
<Cond/>
<LocList/>
<StmntSeq Intrnl_Id="2068">
<LocList/>
</StmntSeq>
</Branch>
<Keyword EndOffset="16839" SrcFileId="8" StartOffset="16837"/>
<LocList>
<Loc EndOffset="16939" SrcFileId="8" StartOffset="16837"/>
</LocList>
<RootTerm CovItemId="C65" CovItemPrefix="com.OriginalFiles.Analyze.java" Intrnl_Id="2069">
<OpTerm BooleanOpId="11" Intrnl_Id="2070">
<BasicBoolTerm Intrnl_Id="2071">
<LocList>
<Loc EndOffset="16867" SrcFileId="8" StartOffset="16841"/>
</LocList>
</BasicBoolTerm>
<OpTerm BooleanOpId="10" Intrnl_Id="2072">
<BasicBoolTerm Intrnl_Id="2073">
<LocList>
<Loc EndOffset="16881" SrcFileId="8" StartOffset="16872"/>
</LocList>
</BasicBoolTerm>
<OpTerm BooleanOpId="9" Intrnl_Id="2074">
<BasicBoolTerm Intrnl_Id="2075">
<LocList>
<Loc EndOffset="16901" SrcFileId="8" StartOffset="16886"/>
</LocList>
</BasicBoolTerm>
<LocList>
<Loc EndOffset="16886" SrcFileId="8" StartOffset="16885"/>
</LocList>
</OpTerm>
<LocList>
<Loc EndOffset="16884" SrcFileId="8" StartOffset="16882"/>
</LocList>
</OpTerm>
<LocList>
<Loc EndOffset="16870" SrcFileId="8" StartOffset="16868"/>
</LocList>
</OpTerm>
</RootTerm>
</CondStmnt>
<CondStmnt CovItemId="S213" CovItemPrefix="com.OriginalFiles.Analyze.java" Intrnl_Id="2076">
<Branch CovItemId="B124" CovItemPrefix="com.OriginalFiles.Analyze.java" Implct="false" Intrnl_Id="2077">
<Cond/>
<LocList>
<Loc EndOffset="17730" SrcFileId="8" StartOffset="17011"/>
</LocList>
<StmntSeq Intrnl_Id="2078">
<LocList>
<Loc EndOffset="17719" SrcFileId="8" StartOffset="17026"/>
</LocList>
<CondStmnt CovItemId="S214" CovItemPrefix="com.OriginalFiles.Analyze.java" Intrnl_Id="2079">
<Branch CovItemId="B126" CovItemPrefix="com.OriginalFiles.Analyze.java" Implct="false" Intrnl_Id="2080">
<Cond/>
<LocList>
<Loc EndOffset="17719" SrcFileId="8" StartOffset="17119"/>
</LocList>
<StmntSeq Intrnl_Id="2081">
<LocList>
<Loc EndOffset="17704" SrcFileId="8" StartOffset="17138"/>
</LocList>
<CondStmnt CovItemId="S215" CovItemPrefix="com.OriginalFiles.Analyze.java" Intrnl_Id="2082">
<Branch CovItemId="B128" CovItemPrefix="com.OriginalFiles.Analyze.java" Implct="false" Intrnl_Id="2083">
<Cond/>
<LocList>
<Loc EndOffset="17425" SrcFileId="8" StartOffset="17153"/>
</LocList>
<StmntSeq Intrnl_Id="2084">
<LocList>
<Loc EndOffset="17406" SrcFileId="8" StartOffset="17176"/>
</LocList>
<CondStmnt CovItemId="S216" CovItemPrefix="com.OriginalFiles.Analyze.java" Intrnl_Id="2085">
<Branch CovItemId="B130" CovItemPrefix="com.OriginalFiles.Analyze.java" Implct="false" Intrnl_Id="2086">
<Cond/>
<LocList>
<Loc EndOffset="17406" SrcFileId="8" StartOffset="17347"/>
</LocList>
<StmntSeq Intrnl_Id="2087">
<LocList>
<Loc EndOffset="17383" SrcFileId="8" StartOffset="17374"/>
</LocList>
<BasicStmnt CovItemId="S217" CovItemPrefix="com.OriginalFiles.Analyze.java" Intrnl_Id="2088">
<LocList>
<Loc EndOffset="17383" SrcFileId="8" StartOffset="17374"/>
</LocList>
</BasicStmnt>
</StmntSeq>
</Branch>
<Branch CovItemId="B131" CovItemPrefix="com.OriginalFiles.Analyze.java" Implct="true" Intrnl_Id="2089">
<Cond/>
<LocList/>
<StmntSeq Intrnl_Id="2090">
<LocList/>
</StmntSeq>
</Branch>
<Keyword EndOffset="17178" SrcFileId="8" StartOffset="17176"/>
<LocList>
<Loc EndOffset="17406" SrcFileId="8" StartOffset="17176"/>
</LocList>
<RootTerm CovItemId="C69" CovItemPrefix="com.OriginalFiles.Analyze.java" Intrnl_Id="2091">
<OpTerm BooleanOpId="10" Intrnl_Id="2092">
<OpTerm BooleanOpId="10" Intrnl_Id="2093">
<BasicBoolTerm Intrnl_Id="2094">
<LocList>
<Loc EndOffset="17220" SrcFileId="8" StartOffset="17180"/>
</LocList>
</BasicBoolTerm>
<BasicBoolTerm Intrnl_Id="2095">
<LocList>
<Loc EndOffset="17295" SrcFileId="8" StartOffset="17253"/>
</LocList>
</BasicBoolTerm>
<LocList>
<Loc EndOffset="17252" SrcFileId="8" StartOffset="17250"/>
</LocList>
</OpTerm>
<OpTerm BooleanOpId="9" Intrnl_Id="2096">
<BasicBoolTerm Intrnl_Id="2097">
<LocList>
<Loc EndOffset="17345" SrcFileId="8" StartOffset="17329"/>
</LocList>
</BasicBoolTerm>
<LocList>
<Loc EndOffset="17329" SrcFileId="8" StartOffset="17328"/>
</LocList>
</OpTerm>
<LocList>
<Loc EndOffset="17327" SrcFileId="8" StartOffset="17325"/>
</LocList>
</OpTerm>
</RootTerm>
</CondStmnt>
</StmntSeq>
</Branch>
<Branch CovItemId="B129" CovItemPrefix="com.OriginalFiles.Analyze.java" Implct="false" Intrnl_Id="2098">
<Cond>
<Loc EndOffset="17430" SrcFileId="8" StartOffset="17426"/>
</Cond>
<LocList>
<Loc EndOffset="17704" SrcFileId="8" StartOffset="17431"/>
</LocList>
<StmntSeq Intrnl_Id="2099">
<LocList>
<Loc EndOffset="17685" SrcFileId="8" StartOffset="17454"/>
</LocList>
<CondStmnt CovItemId="S218" CovItemPrefix="com.OriginalFiles.Analyze.java" Intrnl_Id="2100">
<Branch CovItemId="B132" CovItemPrefix="com.OriginalFiles.Analyze.java" Implct="false" Intrnl_Id="2101">
<Cond/>
<LocList>
<Loc EndOffset="17685" SrcFileId="8" StartOffset="17626"/>
</LocList>
<StmntSeq Intrnl_Id="2102">
<LocList>
<Loc EndOffset="17662" SrcFileId="8" StartOffset="17653"/>
</LocList>
<BasicStmnt CovItemId="S219" CovItemPrefix="com.OriginalFiles.Analyze.java" Intrnl_Id="2103">
<LocList>
<Loc EndOffset="17662" SrcFileId="8" StartOffset="17653"/>
</LocList>
</BasicStmnt>
</StmntSeq>
</Branch>
<Branch CovItemId="B133" CovItemPrefix="com.OriginalFiles.Analyze.java" Implct="true" Intrnl_Id="2104">
<Cond/>
<LocList/>
<StmntSeq Intrnl_Id="2105">
<LocList/>
</StmntSeq>
</Branch>
<Keyword EndOffset="17456" SrcFileId="8" StartOffset="17454"/>
<LocList>
<Loc EndOffset="17685" SrcFileId="8" StartOffset="17454"/>
</LocList>
<RootTerm CovItemId="C70" CovItemPrefix="com.OriginalFiles.Analyze.java" Intrnl_Id="2106">
<OpTerm BooleanOpId="10" Intrnl_Id="2107">
<OpTerm BooleanOpId="10" Intrnl_Id="2108">
<BasicBoolTerm Intrnl_Id="2109">
<LocList>
<Loc EndOffset="17498" SrcFileId="8" StartOffset="17458"/>
</LocList>
</BasicBoolTerm>
<BasicBoolTerm Intrnl_Id="2110">
<LocList>
<Loc EndOffset="17573" SrcFileId="8" StartOffset="17531"/>
</LocList>
</BasicBoolTerm>
<LocList>
<Loc EndOffset="17530" SrcFileId="8" StartOffset="17528"/>
</LocList>
</OpTerm>
<OpTerm BooleanOpId="9" Intrnl_Id="2111">
<BasicBoolTerm Intrnl_Id="2112">
<LocList>
<Loc EndOffset="17624" SrcFileId="8" StartOffset="17607"/>
</LocList>
</BasicBoolTerm>
<LocList>
<Loc EndOffset="17607" SrcFileId="8" StartOffset="17606"/>
</LocList>
</OpTerm>
<LocList>
<Loc EndOffset="17605" SrcFileId="8" StartOffset="17603"/>
</LocList>
</OpTerm>
</RootTerm>
</CondStmnt>
</StmntSeq>
</Branch>
<Keyword EndOffset="17140" SrcFileId="8" StartOffset="17138"/>
<LocList>
<Loc EndOffset="17704" SrcFileId="8" StartOffset="17138"/>
</LocList>
<RootTerm CovItemId="C68" CovItemPrefix="com.OriginalFiles.Analyze.java" Intrnl_Id="2113">
<BasicBoolTerm Intrnl_Id="2114">
<LocList>
<Loc EndOffset="17151" SrcFileId="8" StartOffset="17142"/>
</LocList>
</BasicBoolTerm>
</RootTerm>
</CondStmnt>
</StmntSeq>
</Branch>
<Branch CovItemId="B127" CovItemPrefix="com.OriginalFiles.Analyze.java" Implct="true" Intrnl_Id="2115">
<Cond/>
<LocList/>
<StmntSeq Intrnl_Id="2116">
<LocList/>
</StmntSeq>
</Branch>
<Keyword EndOffset="17028" SrcFileId="8" StartOffset="17026"/>
<LocList>
<Loc EndOffset="17719" SrcFileId="8" StartOffset="17026"/>
</LocList>
<RootTerm CovItemId="C67" CovItemPrefix="com.OriginalFiles.Analyze.java" Intrnl_Id="2117">
<OpTerm BooleanOpId="10" Intrnl_Id="2118">
<BasicBoolTerm Intrnl_Id="2119">
<LocList>
<Loc EndOffset="17061" SrcFileId="8" StartOffset="17030"/>
</LocList>
</BasicBoolTerm>
<BasicBoolTerm Intrnl_Id="2120">
<LocList>
<Loc EndOffset="17117" SrcFileId="8" StartOffset="17086"/>
</LocList>
</BasicBoolTerm>
<LocList>
<Loc EndOffset="17085" SrcFileId="8" StartOffset="17083"/>
</LocList>
</OpTerm>
</RootTerm>
</CondStmnt>
</StmntSeq>
</Branch>
<Branch CovItemId="B125" CovItemPrefix="com.OriginalFiles.Analyze.java" Implct="true" Intrnl_Id="2121">
<Cond/>
<LocList/>
<StmntSeq Intrnl_Id="2122">
<LocList/>
</StmntSeq>
</Branch>
<Keyword EndOffset="16951" SrcFileId="8" StartOffset="16949"/>
<LocList>
<Loc EndOffset="17730" SrcFileId="8" StartOffset="16949"/>
</LocList>
<RootTerm CovItemId="C66" CovItemPrefix="com.OriginalFiles.Analyze.java" Intrnl_Id="2123">
<OpTerm BooleanOpId="10" Intrnl_Id="2124">
<BasicBoolTerm Intrnl_Id="2125">
<LocList>
<Loc EndOffset="16979" SrcFileId="8" StartOffset="16953"/>
</LocList>
</BasicBoolTerm>
<BasicBoolTerm Intrnl_Id="2126">
<LocList>
<Loc EndOffset="17009" SrcFileId="8" StartOffset="16983"/>
</LocList>
</BasicBoolTerm>
<LocList>
<Loc EndOffset="16982" SrcFileId="8" StartOffset="16980"/>
</LocList>
</OpTerm>
</RootTerm>
</CondStmnt>
<BasicStmnt CovItemId="S220" CovItemPrefix="com.OriginalFiles.Analyze.java" Intrnl_Id="2127">
<LocList>
<Loc EndOffset="17749" SrcFileId="8" StartOffset="17740"/>
</LocList>
</BasicStmnt>
</StmntSeq>
</HierarchyLvl>
<HierarchyLvl HierarchyLvlId="94" HierarchyLvlTypeId="14" Intrnl_Id="2128" Name="hasTheMove">
<Header>
<Loc EndOffset="17810" SrcFileId="8" StartOffset="17764"/>
</Header>
<LocList>
<Loc EndOffset="18286" SrcFileId="8" StartOffset="17764"/>
</LocList>
<StmntSeq Intrnl_Id="2129">
<LocList>
<Loc EndOffset="17841" SrcFileId="8" StartOffset="17822"/>
<Loc EndOffset="17911" SrcFileId="8" StartOffset="17853"/>
<Loc EndOffset="17942" SrcFileId="8" StartOffset="17923"/>
<Loc EndOffset="18181" SrcFileId="8" StartOffset="17954"/>
<Loc EndOffset="18256" SrcFileId="8" StartOffset="18193"/>
<Loc EndOffset="18279" SrcFileId="8" StartOffset="18266"/>
</LocList>
<BasicStmnt CovItemId="S221" CovItemPrefix="com.OriginalFiles.Analyze.java" Intrnl_Id="2130">
<LocList>
<Loc EndOffset="17841" SrcFileId="8" StartOffset="17822"/>
</LocList>
</BasicStmnt>
<CondStmnt CovItemId="S222" CovItemPrefix="com.OriginalFiles.Analyze.java" Intrnl_Id="2131">
<Branch CovItemId="B134" CovItemPrefix="com.OriginalFiles.Analyze.java" Implct="false" Intrnl_Id="2132">
<Cond/>
<LocList>
<Loc EndOffset="17911" SrcFileId="8" StartOffset="17870"/>
</LocList>
<StmntSeq Intrnl_Id="2133">
<LocList>
<Loc EndOffset="17900" SrcFileId="8" StartOffset="17885"/>
</LocList>
<BasicStmnt CovItemId="S223" CovItemPrefix="com.OriginalFiles.Analyze.java" Intrnl_Id="2134">
<LocList>
<Loc EndOffset="17900" SrcFileId="8" StartOffset="17885"/>
</LocList>
</BasicStmnt>
</StmntSeq>
</Branch>
<Branch CovItemId="B135" CovItemPrefix="com.OriginalFiles.Analyze.java" Implct="true" Intrnl_Id="2135">
<Cond/>
<LocList/>
<StmntSeq Intrnl_Id="2136">
<LocList/>
</StmntSeq>
</Branch>
<Keyword EndOffset="17855" SrcFileId="8" StartOffset="17853"/>
<LocList>
<Loc EndOffset="17911" SrcFileId="8" StartOffset="17853"/>
</LocList>
<RootTerm CovItemId="C71" CovItemPrefix="com.OriginalFiles.Analyze.java" Intrnl_Id="2137">
<OpTerm BooleanOpId="9" Intrnl_Id="2138">
<BasicBoolTerm Intrnl_Id="2139">
<LocList>
<Loc EndOffset="17868" SrcFileId="8" StartOffset="17858"/>
</LocList>
</BasicBoolTerm>
<LocList>
<Loc EndOffset="17858" SrcFileId="8" StartOffset="17857"/>
</LocList>
</OpTerm>
</RootTerm>
</CondStmnt>
<BasicStmnt CovItemId="S224" CovItemPrefix="com.OriginalFiles.Analyze.java" Intrnl_Id="2140">
<LocList>
<Loc EndOffset="17942" SrcFileId="8" StartOffset="17923"/>
</LocList>
</BasicStmnt>
<LoopStmnt CovItemId="S225" CovItemPrefix="com.OriginalFiles.Analyze.java" Intrnl_Id="2141" MltplExecId="L12-2" MltplExecPrefix="com.OriginalFiles.Analyze.java" NvrExecId="L12-0" NvrExecPrefix="com.OriginalFiles.Analyze.java" OnceExecutedId="L12-1" OnceExecutedPrefix="com.OriginalFiles.Analyze.java" OptBodyExec="true">
<StmntSeq Intrnl_Id="2142">
<LocList>
<Loc EndOffset="18170" SrcFileId="8" StartOffset="18009"/>
</LocList>
<LoopStmnt CovItemId="S226" CovItemPrefix="com.OriginalFiles.Analyze.java" Intrnl_Id="2143" MltplExecId="L13-2" MltplExecPrefix="com.OriginalFiles.Analyze.java" NvrExecId="L13-0" NvrExecPrefix="com.OriginalFiles.Analyze.java" OnceExecutedId="L13-1" OnceExecutedPrefix="com.OriginalFiles.Analyze.java" OptBodyExec="true">
<StmntSeq Intrnl_Id="2144">
<LocList>
<Loc EndOffset="18155" SrcFileId="8" StartOffset="18056"/>
</LocList>
<CondStmnt CovItemId="S227" CovItemPrefix="com.OriginalFiles.Analyze.java" Intrnl_Id="2145">
<Branch CovItemId="B136" CovItemPrefix="com.OriginalFiles.Analyze.java" Implct="false" Intrnl_Id="2146">
<Cond/>
<LocList>
<Loc EndOffset="18155" SrcFileId="8" StartOffset="18100"/>
</LocList>
<StmntSeq Intrnl_Id="2147">
<LocList>
<Loc EndOffset="18136" SrcFileId="8" StartOffset="18123"/>
</LocList>
<BasicStmnt CovItemId="S228" CovItemPrefix="com.OriginalFiles.Analyze.java" Intrnl_Id="2148">
<LocList>
<Loc EndOffset="18136" SrcFileId="8" StartOffset="18123"/>
</LocList>
</BasicStmnt>
</StmntSeq>
</Branch>
<Branch CovItemId="B137" CovItemPrefix="com.OriginalFiles.Analyze.java" Implct="true" Intrnl_Id="2149">
<Cond/>
<LocList/>
<StmntSeq Intrnl_Id="2150">
<LocList/>
</StmntSeq>
</Branch>
<Keyword EndOffset="18058" SrcFileId="8" StartOffset="18056"/>
<LocList>
<Loc EndOffset="18155" SrcFileId="8" StartOffset="18056"/>
</LocList>
<RootTerm CovItemId="C74" CovItemPrefix="com.OriginalFiles.Analyze.java" Intrnl_Id="2151">
<OpTerm BooleanOpId="9" Intrnl_Id="2152">
<BasicBoolTerm Intrnl_Id="2153">
<LocList>
<Loc EndOffset="18098" SrcFileId="8" StartOffset="18061"/>
</LocList>
</BasicBoolTerm>
<LocList>
<Loc EndOffset="18061" SrcFileId="8" StartOffset="18060"/>
</LocList>
</OpTerm>
</RootTerm>
</CondStmnt>
</StmntSeq>
<Keyword EndOffset="18012" SrcFileId="8" StartOffset="18009"/>
<LocList>
<Loc EndOffset="18170" SrcFileId="8" StartOffset="18009"/>
</LocList>
<RootTerm CovItemId="C73" CovItemPrefix="com.OriginalFiles.Analyze.java" Intrnl_Id="2154">
<BasicBoolTerm Intrnl_Id="2155">
<LocList>
<Loc EndOffset="18030" SrcFileId="8" StartOffset="18025"/>
</LocList>
</BasicBoolTerm>
</RootTerm>
</LoopStmnt>
</StmntSeq>
<Keyword EndOffset="17957" SrcFileId="8" StartOffset="17954"/>
<LocList>
<Loc EndOffset="18181" SrcFileId="8" StartOffset="17954"/>
</LocList>
<RootTerm CovItemId="C72" CovItemPrefix="com.OriginalFiles.Analyze.java" Intrnl_Id="2156">
<BasicBoolTerm Intrnl_Id="2157">
<LocList>
<Loc EndOffset="17984" SrcFileId="8" StartOffset="17979"/>
</LocList>
</BasicBoolTerm>
</RootTerm>
</LoopStmnt>
<CondStmnt CovItemId="S229" CovItemPrefix="com.OriginalFiles.Analyze.java" Intrnl_Id="2158">
<Branch CovItemId="B138" CovItemPrefix="com.OriginalFiles.Analyze.java" Implct="false" Intrnl_Id="2159">
<Cond/>
<LocList>
<Loc EndOffset="18256" SrcFileId="8" StartOffset="18218"/>
</LocList>
<StmntSeq Intrnl_Id="2160">
<LocList>
<Loc EndOffset="18245" SrcFileId="8" StartOffset="18233"/>
</LocList>
<BasicStmnt CovItemId="S230" CovItemPrefix="com.OriginalFiles.Analyze.java" Intrnl_Id="2161">
<LocList>
<Loc EndOffset="18245" SrcFileId="8" StartOffset="18233"/>
</LocList>
</BasicStmnt>
</StmntSeq>
</Branch>
<Branch CovItemId="B139" CovItemPrefix="com.OriginalFiles.Analyze.java" Implct="true" Intrnl_Id="2162">
<Cond/>
<LocList/>
<StmntSeq Intrnl_Id="2163">
<LocList/>
</StmntSeq>
</Branch>
<Keyword EndOffset="18195" SrcFileId="8" StartOffset="18193"/>
<LocList>
<Loc EndOffset="18256" SrcFileId="8" StartOffset="18193"/>
</LocList>
<RootTerm CovItemId="C75" CovItemPrefix="com.OriginalFiles.Analyze.java" Intrnl_Id="2164">
<BasicBoolTerm Intrnl_Id="2165">
<LocList>
<Loc EndOffset="18216" SrcFileId="8" StartOffset="18197"/>
</LocList>
</BasicBoolTerm>
</RootTerm>
</CondStmnt>
<BasicStmnt CovItemId="S231" CovItemPrefix="com.OriginalFiles.Analyze.java" Intrnl_Id="2166">
<LocList>
<Loc EndOffset="18279" SrcFileId="8" StartOffset="18266"/>
</LocList>
</BasicStmnt>
</StmntSeq>
</HierarchyLvl>
<HierarchyLvl HierarchyLvlId="95" HierarchyLvlTypeId="14" Intrnl_Id="2167" Name="isOnDoubleCorners">
<Header>
<Loc EndOffset="18340" SrcFileId="8" StartOffset="18294"/>
</Header>
<LocList>
<Loc EndOffset="18649" SrcFileId="8" StartOffset="18294"/>
</LocList>
<StmntSeq Intrnl_Id="2168">
<LocList>
<Loc EndOffset="18619" SrcFileId="8" StartOffset="18352"/>
<Loc EndOffset="18642" SrcFileId="8" StartOffset="18629"/>
</LocList>
<CondStmnt CovItemId="S232" CovItemPrefix="com.OriginalFiles.Analyze.java" Intrnl_Id="2169">
<Branch CovItemId="B140" CovItemPrefix="com.OriginalFiles.Analyze.java" Implct="false" Intrnl_Id="2170">
<Cond/>
<LocList>
<Loc EndOffset="18619" SrcFileId="8" StartOffset="18581"/>
</LocList>
<StmntSeq Intrnl_Id="2171">
<LocList>
<Loc EndOffset="18608" SrcFileId="8" StartOffset="18596"/>
</LocList>
<BasicStmnt CovItemId="S233" CovItemPrefix="com.OriginalFiles.Analyze.java" Intrnl_Id="2172">
<LocList>
<Loc EndOffset="18608" SrcFileId="8" StartOffset="18596"/>
</LocList>
</BasicStmnt>
</StmntSeq>
</Branch>
<Branch CovItemId="B141" CovItemPrefix="com.OriginalFiles.Analyze.java" Implct="true" Intrnl_Id="2173">
<Cond/>
<LocList/>
<StmntSeq Intrnl_Id="2174">
<LocList/>
</StmntSeq>
</Branch>
<Keyword EndOffset="18354" SrcFileId="8" StartOffset="18352"/>
<LocList>
<Loc EndOffset="18619" SrcFileId="8" StartOffset="18352"/>
</LocList>
<RootTerm CovItemId="C76" CovItemPrefix="com.OriginalFiles.Analyze.java" Intrnl_Id="2175">
<OpTerm BooleanOpId="11" Intrnl_Id="2176">
<OpTerm BooleanOpId="11" Intrnl_Id="2177">
<OpTerm BooleanOpId="11" Intrnl_Id="2178">
<OpTerm BooleanOpId="10" Intrnl_Id="2179">
<BasicBoolTerm Intrnl_Id="2180">
<LocList>
<Loc EndOffset="18374" SrcFileId="8" StartOffset="18357"/>
</LocList>
</BasicBoolTerm>
<BasicBoolTerm Intrnl_Id="2181">
<LocList>
<Loc EndOffset="18395" SrcFileId="8" StartOffset="18378"/>
</LocList>
</BasicBoolTerm>
<LocList>
<Loc EndOffset="18377" SrcFileId="8" StartOffset="18375"/>
</LocList>
</OpTerm>
<OpTerm BooleanOpId="10" Intrnl_Id="2182">
<BasicBoolTerm Intrnl_Id="2183">
<LocList>
<Loc EndOffset="18435" SrcFileId="8" StartOffset="18418"/>
</LocList>
</BasicBoolTerm>
<BasicBoolTerm Intrnl_Id="2184">
<LocList>
<Loc EndOffset="18456" SrcFileId="8" StartOffset="18439"/>
</LocList>
</BasicBoolTerm>
<LocList>
<Loc EndOffset="18438" SrcFileId="8" StartOffset="18436"/>
</LocList>
</OpTerm>
<LocList>
<Loc EndOffset="18416" SrcFileId="8" StartOffset="18414"/>
</LocList>
</OpTerm>
<OpTerm BooleanOpId="10" Intrnl_Id="2185">
<BasicBoolTerm Intrnl_Id="2186">
<LocList>
<Loc EndOffset="18496" SrcFileId="8" StartOffset="18479"/>
</LocList>
</BasicBoolTerm>
<BasicBoolTerm Intrnl_Id="2187">
<LocList>
<Loc EndOffset="18517" SrcFileId="8" StartOffset="18500"/>
</LocList>
</BasicBoolTerm>
<LocList>
<Loc EndOffset="18499" SrcFileId="8" StartOffset="18497"/>
</LocList>
</OpTerm>
<LocList>
<Loc EndOffset="18477" SrcFileId="8" StartOffset="18475"/>
</LocList>
</OpTerm>
<OpTerm BooleanOpId="10" Intrnl_Id="2188">
<BasicBoolTerm Intrnl_Id="2189">
<LocList>
<Loc EndOffset="18557" SrcFileId="8" StartOffset="18540"/>
</LocList>
</BasicBoolTerm>
<BasicBoolTerm Intrnl_Id="2190">
<LocList>
<Loc EndOffset="18578" SrcFileId="8" StartOffset="18561"/>
</LocList>
</BasicBoolTerm>
<LocList>
<Loc EndOffset="18560" SrcFileId="8" StartOffset="18558"/>
</LocList>
</OpTerm>
<LocList>
<Loc EndOffset="18538" SrcFileId="8" StartOffset="18536"/>
</LocList>
</OpTerm>
</RootTerm>
</CondStmnt>
<BasicStmnt CovItemId="S234" CovItemPrefix="com.OriginalFiles.Analyze.java" Intrnl_Id="2191">
<LocList>
<Loc EndOffset="18642" SrcFileId="8" StartOffset="18629"/>
</LocList>
</BasicStmnt>
</StmntSeq>
</HierarchyLvl>
<HierarchyLvl HierarchyLvlId="96" HierarchyLvlTypeId="14" Intrnl_Id="2192" Name="isNearDoubleCorners">
<Header>
<Loc EndOffset="18705" SrcFileId="8" StartOffset="18657"/>
</Header>
<LocList>
<Loc EndOffset="19258" SrcFileId="8" StartOffset="18657"/>
</LocList>
<StmntSeq Intrnl_Id="2193">
<LocList>
<Loc EndOffset="19228" SrcFileId="8" StartOffset="18717"/>
<Loc EndOffset="19251" SrcFileId="8" StartOffset="19238"/>
</LocList>
<CondStmnt CovItemId="S235" CovItemPrefix="com.OriginalFiles.Analyze.java" Intrnl_Id="2194">
<Branch CovItemId="B142" CovItemPrefix="com.OriginalFiles.Analyze.java" Implct="false" Intrnl_Id="2195">
<Cond/>
<LocList>
<Loc EndOffset="19228" SrcFileId="8" StartOffset="19190"/>
</LocList>
<StmntSeq Intrnl_Id="2196">
<LocList>
<Loc EndOffset="19217" SrcFileId="8" StartOffset="19205"/>
</LocList>
<BasicStmnt CovItemId="S236" CovItemPrefix="com.OriginalFiles.Analyze.java" Intrnl_Id="2197">
<LocList>
<Loc EndOffset="19217" SrcFileId="8" StartOffset="19205"/>
</LocList>
</BasicStmnt>
</StmntSeq>
</Branch>
<Branch CovItemId="B143" CovItemPrefix="com.OriginalFiles.Analyze.java" Implct="true" Intrnl_Id="2198">
<Cond/>
<LocList/>
<StmntSeq Intrnl_Id="2199">
<LocList/>
</StmntSeq>
</Branch>
<Keyword EndOffset="18719" SrcFileId="8" StartOffset="18717"/>
<LocList>
<Loc EndOffset="19228" SrcFileId="8" StartOffset="18717"/>
</LocList>
<RootTerm CovItemId="C77" CovItemPrefix="com.OriginalFiles.Analyze.java" Intrnl_Id="2200">
<OpTerm BooleanOpId="11" Intrnl_Id="2201">
<OpTerm BooleanOpId="11" Intrnl_Id="2202">
<OpTerm BooleanOpId="11" Intrnl_Id="2203">
<OpTerm BooleanOpId="11" Intrnl_Id="2204">
<OpTerm BooleanOpId="11" Intrnl_Id="2205">
<OpTerm BooleanOpId="11" Intrnl_Id="2206">
<OpTerm BooleanOpId="11" Intrnl_Id="2207">
<OpTerm BooleanOpId="10" Intrnl_Id="2208">
<BasicBoolTerm Intrnl_Id="2209">
<LocList>
<Loc EndOffset="18739" SrcFileId="8" StartOffset="18722"/>
</LocList>
</BasicBoolTerm>
<BasicBoolTerm Intrnl_Id="2210">
<LocList>
<Loc EndOffset="18760" SrcFileId="8" StartOffset="18743"/>
</LocList>
</BasicBoolTerm>
<LocList>
<Loc EndOffset="18742" SrcFileId="8" StartOffset="18740"/>
</LocList>
</OpTerm>
<OpTerm BooleanOpId="10" Intrnl_Id="2211">
<BasicBoolTerm Intrnl_Id="2212">
<LocList>
<Loc EndOffset="18800" SrcFileId="8" StartOffset="18783"/>
</LocList>
</BasicBoolTerm>
<BasicBoolTerm Intrnl_Id="2213">
<LocList>
<Loc EndOffset="18821" SrcFileId="8" StartOffset="18804"/>
</LocList>
</BasicBoolTerm>
<LocList>
<Loc EndOffset="18803" SrcFileId="8" StartOffset="18801"/>
</LocList>
</OpTerm>
<LocList>
<Loc EndOffset="18781" SrcFileId="8" StartOffset="18779"/>
</LocList>
</OpTerm>
<OpTerm BooleanOpId="10" Intrnl_Id="2214">
<BasicBoolTerm Intrnl_Id="2215">
<LocList>
<Loc EndOffset="18861" SrcFileId="8" StartOffset="18844"/>
</LocList>
</BasicBoolTerm>
<BasicBoolTerm Intrnl_Id="2216">
<LocList>
<Loc EndOffset="18882" SrcFileId="8" StartOffset="18865"/>
</LocList>
</BasicBoolTerm>
<LocList>
<Loc EndOffset="18864" SrcFileId="8" StartOffset="18862"/>
</LocList>
</OpTerm>
<LocList>
<Loc EndOffset="18842" SrcFileId="8" StartOffset="18840"/>
</LocList>
</OpTerm>
<OpTerm BooleanOpId="10" Intrnl_Id="2217">
<BasicBoolTerm Intrnl_Id="2218">
<LocList>
<Loc EndOffset="18922" SrcFileId="8" StartOffset="18905"/>
</LocList>
</BasicBoolTerm>
<BasicBoolTerm Intrnl_Id="2219">
<LocList>
<Loc EndOffset="18943" SrcFileId="8" StartOffset="18926"/>
</LocList>
</BasicBoolTerm>
<LocList>
<Loc EndOffset="18925" SrcFileId="8" StartOffset="18923"/>
</LocList>
</OpTerm>
<LocList>
<Loc EndOffset="18903" SrcFileId="8" StartOffset="18901"/>
</LocList>
</OpTerm>
<OpTerm BooleanOpId="10" Intrnl_Id="2220">
<BasicBoolTerm Intrnl_Id="2221">
<LocList>
<Loc EndOffset="18983" SrcFileId="8" StartOffset="18966"/>
</LocList>
</BasicBoolTerm>
<BasicBoolTerm Intrnl_Id="2222">
<LocList>
<Loc EndOffset="19004" SrcFileId="8" StartOffset="18987"/>
</LocList>
</BasicBoolTerm>
<LocList>
<Loc EndOffset="18986" SrcFileId="8" StartOffset="18984"/>
</LocList>
</OpTerm>
<LocList>
<Loc EndOffset="18964" SrcFileId="8" StartOffset="18962"/>
</LocList>
</OpTerm>
<OpTerm BooleanOpId="10" Intrnl_Id="2223">
<BasicBoolTerm Intrnl_Id="2224">
<LocList>
<Loc EndOffset="19044" SrcFileId="8" StartOffset="19027"/>
</LocList>
</BasicBoolTerm>
<BasicBoolTerm Intrnl_Id="2225">
<LocList>
<Loc EndOffset="19065" SrcFileId="8" StartOffset="19048"/>
</LocList>
</BasicBoolTerm>
<LocList>
<Loc EndOffset="19047" SrcFileId="8" StartOffset="19045"/>
</LocList>
</OpTerm>
<LocList>
<Loc EndOffset="19025" SrcFileId="8" StartOffset="19023"/>
</LocList>
</OpTerm>
<OpTerm BooleanOpId="10" Intrnl_Id="2226">
<BasicBoolTerm Intrnl_Id="2227">
<LocList>
<Loc EndOffset="19105" SrcFileId="8" StartOffset="19088"/>
</LocList>
</BasicBoolTerm>
<BasicBoolTerm Intrnl_Id="2228">
<LocList>
<Loc EndOffset="19126" SrcFileId="8" StartOffset="19109"/>
</LocList>
</BasicBoolTerm>
<LocList>
<Loc EndOffset="19108" SrcFileId="8" StartOffset="19106"/>
</LocList>
</OpTerm>
<LocList>
<Loc EndOffset="19086" SrcFileId="8" StartOffset="19084"/>
</LocList>
</OpTerm>
<OpTerm BooleanOpId="10" Intrnl_Id="2229">
<BasicBoolTerm Intrnl_Id="2230">
<LocList>
<Loc EndOffset="19166" SrcFileId="8" StartOffset="19149"/>
</LocList>
</BasicBoolTerm>
<BasicBoolTerm Intrnl_Id="2231">
<LocList>
<Loc EndOffset="19187" SrcFileId="8" StartOffset="19170"/>
</LocList>
</BasicBoolTerm>
<LocList>
<Loc EndOffset="19169" SrcFileId="8" StartOffset="19167"/>
</LocList>
</OpTerm>
<LocList>
<Loc EndOffset="19147" SrcFileId="8" StartOffset="19145"/>
</LocList>
</OpTerm>
</RootTerm>
</CondStmnt>
<BasicStmnt CovItemId="S237" CovItemPrefix="com.OriginalFiles.Analyze.java" Intrnl_Id="2232">
<LocList>
<Loc EndOffset="19251" SrcFileId="8" StartOffset="19238"/>
</LocList>
</BasicStmnt>
</StmntSeq>
</HierarchyLvl>
</HierarchyLvl>
</HierarchyLvl>
</HierarchyLvl>
</HierarchyLvl>
</MASTRoot>
</TestSessionContainer>
